<?xml version="1.0" encoding="UTF-8"?>
<testsuite xmlns:xsi="http://www.w3.org/2001/XMLSchema-instance" xsi:noNamespaceSchemaLocation="https://maven.apache.org/surefire/maven-surefire-plugin/xsd/surefire-test-report.xsd" name="org.apache.hadoop.ozone.scm.node.TestDecommissionAndMaintenance" time="760.093" tests="11" errors="0" skipped="0" failures="1">
  <properties>
    <property name="awt.toolkit" value="sun.awt.X11.XToolkit"/>
    <property name="file.encoding.pkg" value="sun.io"/>
    <property name="java.specification.version" value="1.8"/>
    <property name="sun.cpu.isalist" value=""/>
    <property name="sun.jnu.encoding" value="ANSI_X3.4-1968"/>
    <property name="java.class.path" value="/github/workspace/mnt/ozone/hadoop-ozone/integration-test/target/test-classes:/github/workspace/mnt/ozone/hadoop-ozone/integration-test/target/classes:/home/user/.m2/repository/org/apache/hadoop/hadoop-ozone-common/1.1.0-SNAPSHOT/hadoop-ozone-common-1.1.0-SNAPSHOT.jar:/home/user/.m2/repository/org/apache/commons/commons-compress/1.4.1/commons-compress-1.4.1.jar:/home/user/.m2/repository/org/tukaani/xz/1.0/xz-1.0.jar:/home/user/.m2/repository/org/apache/hadoop/hadoop-hdds-common/1.1.0-SNAPSHOT/hadoop-hdds-common-1.1.0-SNAPSHOT.jar:/home/user/.m2/repository/org/apache/hadoop/hadoop-hdds-client/1.1.0-SNAPSHOT/hadoop-hdds-client-1.1.0-SNAPSHOT.jar:/home/user/.m2/repository/org/apache/hadoop/hadoop-ozone-interface-client/1.1.0-SNAPSHOT/hadoop-ozone-interface-client-1.1.0-SNAPSHOT.jar:/home/user/.m2/repository/org/apache/hadoop/hadoop-hdds-test-utils/1.1.0-SNAPSHOT/hadoop-hdds-test-utils-1.1.0-SNAPSHOT.jar:/home/user/.m2/repository/com/google/guava/guava/28.2-jre/guava-28.2-jre.jar:/home/user/.m2/repository/com/google/guava/failureaccess/1.0.1/failureaccess-1.0.1.jar:/home/user/.m2/repository/com/google/guava/listenablefuture/9999.0-empty-to-avoid-conflict-with-guava/listenablefuture-9999.0-empty-to-avoid-conflict-with-guava.jar:/home/user/.m2/repository/com/google/code/findbugs/jsr305/3.0.0/jsr305-3.0.0.jar:/home/user/.m2/repository/org/checkerframework/checker-qual/2.10.0/checker-qual-2.10.0.jar:/home/user/.m2/repository/com/google/errorprone/error_prone_annotations/2.2.0/error_prone_annotations-2.2.0.jar:/home/user/.m2/repository/com/google/j2objc/j2objc-annotations/1.3/j2objc-annotations-1.3.jar:/home/user/.m2/repository/commons-io/commons-io/2.5/commons-io-2.5.jar:/home/user/.m2/repository/commons-logging/commons-logging/1.2/commons-logging-1.2.jar:/home/user/.m2/repository/log4j/log4j/1.2.17/log4j-1.2.17.jar:/home/user/.m2/repository/org/slf4j/slf4j-api/1.7.30/slf4j-api-1.7.30.jar:/home/user/.m2/repository/org/apache/hadoop/hadoop-hdds-server-scm/1.1.0-SNAPSHOT/hadoop-hdds-server-scm-1.1.0-SNAPSHOT.jar:/home/user/.m2/repository/org/apache/hadoop/hadoop-hdds-container-service/1.1.0-SNAPSHOT/hadoop-hdds-container-service-1.1.0-SNAPSHOT.jar:/home/user/.m2/repository/org/apache/hadoop/hadoop-hdds-hadoop-dependency-server/1.1.0-SNAPSHOT/hadoop-hdds-hadoop-dependency-server-1.1.0-SNAPSHOT.jar:/home/user/.m2/repository/org/apache/hadoop/hadoop-hdfs/3.2.1/hadoop-hdfs-3.2.1.jar:/home/user/.m2/repository/org/apache/hadoop/hadoop-hdds-server-framework/1.1.0-SNAPSHOT/hadoop-hdds-server-framework-1.1.0-SNAPSHOT.jar:/home/user/.m2/repository/org/apache/hadoop/hadoop-hdds-interface-server/1.1.0-SNAPSHOT/hadoop-hdds-interface-server-1.1.0-SNAPSHOT.jar:/home/user/.m2/repository/org/apache/hadoop/hadoop-hdds-interface-admin/1.1.0-SNAPSHOT/hadoop-hdds-interface-admin-1.1.0-SNAPSHOT.jar:/home/user/.m2/repository/org/eclipse/jetty/jetty-servlet/9.4.34.v20201102/jetty-servlet-9.4.34.v20201102.jar:/home/user/.m2/repository/org/eclipse/jetty/jetty-security/9.4.34.v20201102/jetty-security-9.4.34.v20201102.jar:/home/user/.m2/repository/org/rocksdb/rocksdbjni/6.8.1/rocksdbjni-6.8.1.jar:/home/user/.m2/repository/io/prometheus/simpleclient_dropwizard/0.7.0/simpleclient_dropwizard-0.7.0.jar:/home/user/.m2/repository/io/prometheus/simpleclient/0.7.0/simpleclient-0.7.0.jar:/home/user/.m2/repository/io/prometheus/simpleclient_common/0.7.0/simpleclient_common-0.7.0.jar:/home/user/.m2/repository/com/fasterxml/jackson/datatype/jackson-datatype-jsr310/2.10.3/jackson-datatype-jsr310-2.10.3.jar:/home/user/.m2/repository/io/dropwizard/metrics/metrics-core/3.2.4/metrics-core-3.2.4.jar:/home/user/.m2/repository/org/apache/hadoop/hadoop-hdfs-client/3.2.1/hadoop-hdfs-client-3.2.1.jar:/home/user/.m2/repository/org/bouncycastle/bcprov-jdk15on/1.67/bcprov-jdk15on-1.67.jar:/home/user/.m2/repository/org/apache/hadoop/hadoop-ozone-ozone-manager/1.1.0-SNAPSHOT/hadoop-ozone-ozone-manager-1.1.0-SNAPSHOT.jar:/home/user/.m2/repository/org/apache/hadoop/hadoop-hdds-interface-client/1.1.0-SNAPSHOT/hadoop-hdds-interface-client-1.1.0-SNAPSHOT.jar:/home/user/.m2/repository/org/apache/ratis/ratis-thirdparty-misc/0.6.0-SNAPSHOT/ratis-thirdparty-misc-0.6.0-SNAPSHOT.jar:/home/user/.m2/repository/org/apache/hadoop/hadoop-ozone-interface-storage/1.1.0-SNAPSHOT/hadoop-ozone-interface-storage-1.1.0-SNAPSHOT.jar:/home/user/.m2/repository/org/apache/hadoop/hadoop-minikdc/3.2.1/hadoop-minikdc-3.2.1.jar:/home/user/.m2/repository/org/apache/kerby/kerb-simplekdc/1.0.1/kerb-simplekdc-1.0.1.jar:/home/user/.m2/repository/org/apache/kerby/kerb-client/1.0.1/kerb-client-1.0.1.jar:/home/user/.m2/repository/org/apache/kerby/kerby-config/1.0.1/kerby-config-1.0.1.jar:/home/user/.m2/repository/org/apache/kerby/kerb-core/1.0.1/kerb-core-1.0.1.jar:/home/user/.m2/repository/org/apache/kerby/kerby-pkix/1.0.1/kerby-pkix-1.0.1.jar:/home/user/.m2/repository/org/apache/kerby/kerby-asn1/1.0.1/kerby-asn1-1.0.1.jar:/home/user/.m2/repository/org/apache/kerby/kerby-util/1.0.1/kerby-util-1.0.1.jar:/home/user/.m2/repository/org/apache/kerby/kerb-common/1.0.1/kerb-common-1.0.1.jar:/home/user/.m2/repository/org/apache/kerby/kerb-crypto/1.0.1/kerb-crypto-1.0.1.jar:/home/user/.m2/repository/org/apache/kerby/kerb-util/1.0.1/kerb-util-1.0.1.jar:/home/user/.m2/repository/org/apache/kerby/token-provider/1.0.1/token-provider-1.0.1.jar:/home/user/.m2/repository/org/apache/kerby/kerb-admin/1.0.1/kerb-admin-1.0.1.jar:/home/user/.m2/repository/org/apache/kerby/kerb-server/1.0.1/kerb-server-1.0.1.jar:/home/user/.m2/repository/org/apache/kerby/kerb-identity/1.0.1/kerb-identity-1.0.1.jar:/home/user/.m2/repository/org/apache/kerby/kerby-xdr/1.0.1/kerby-xdr-1.0.1.jar:/home/user/.m2/repository/org/slf4j/slf4j-log4j12/1.7.30/slf4j-log4j12-1.7.30.jar:/home/user/.m2/repository/org/apache/hadoop/hadoop-ozone-s3gateway/1.1.0-SNAPSHOT/hadoop-ozone-s3gateway-1.1.0-SNAPSHOT.jar:/home/user/.m2/repository/org/jboss/weld/servlet/weld-servlet/2.4.7.Final/weld-servlet-2.4.7.Final.jar:/home/user/.m2/repository/org/glassfish/jersey/containers/jersey-container-servlet-core/2.27/jersey-container-servlet-core-2.27.jar:/home/user/.m2/repository/org/glassfish/hk2/external/javax.inject/2.5.0-b42/javax.inject-2.5.0-b42.jar:/home/user/.m2/repository/org/glassfish/jersey/core/jersey-common/2.27/jersey-common-2.27.jar:/home/user/.m2/repository/org/glassfish/hk2/osgi-resource-locator/1.0.1/osgi-resource-locator-1.0.1.jar:/home/user/.m2/repository/javax/ws/rs/javax.ws.rs-api/2.1/javax.ws.rs-api-2.1.jar:/home/user/.m2/repository/org/glassfish/jersey/ext/cdi/jersey-cdi1x/2.27/jersey-cdi1x-2.27.jar:/home/user/.m2/repository/org/glassfish/jersey/inject/jersey-hk2/2.27/jersey-hk2-2.27.jar:/home/user/.m2/repository/org/glassfish/hk2/hk2-locator/2.5.0-b42/hk2-locator-2.5.0-b42.jar:/home/user/.m2/repository/org/javassist/javassist/3.22.0-CR2/javassist-3.22.0-CR2.jar:/home/user/.m2/repository/org/glassfish/hk2/hk2-api/2.5.0/hk2-api-2.5.0.jar:/home/user/.m2/repository/org/glassfish/hk2/external/jakarta.inject/2.5.0/jakarta.inject-2.5.0.jar:/home/user/.m2/repository/org/glassfish/hk2/hk2-utils/2.5.0/hk2-utils-2.5.0.jar:/home/user/.m2/repository/jakarta/annotation/jakarta.annotation-api/1.3.4/jakarta.annotation-api-1.3.4.jar:/home/user/.m2/repository/org/glassfish/hk2/external/aopalliance-repackaged/2.5.0/aopalliance-repackaged-2.5.0.jar:/home/user/.m2/repository/com/fasterxml/jackson/dataformat/jackson-dataformat-xml/2.10.3/jackson-dataformat-xml-2.10.3.jar:/home/user/.m2/repository/com/fasterxml/jackson/core/jackson-core/2.10.3/jackson-core-2.10.3.jar:/home/user/.m2/repository/com/fasterxml/jackson/module/jackson-module-jaxb-annotations/2.10.3/jackson-module-jaxb-annotations-2.10.3.jar:/home/user/.m2/repository/jakarta/xml/bind/jakarta.xml.bind-api/2.3.2/jakarta.xml.bind-api-2.3.2.jar:/home/user/.m2/repository/jakarta/activation/jakarta.activation-api/1.2.1/jakarta.activation-api-1.2.1.jar:/home/user/.m2/repository/org/codehaus/woodstox/stax2-api/3.1.4/stax2-api-3.1.4.jar:/home/user/.m2/repository/com/fasterxml/woodstox/woodstox-core/5.0.3/woodstox-core-5.0.3.jar:/home/user/.m2/repository/javax/enterprise/cdi-api/1.2/cdi-api-1.2.jar:/home/user/.m2/repository/javax/el/javax.el-api/3.0.0/javax.el-api-3.0.0.jar:/home/user/.m2/repository/javax/interceptor/javax.interceptor-api/1.2/javax.interceptor-api-1.2.jar:/home/user/.m2/repository/javax/inject/javax.inject/1/javax.inject-1.jar:/home/user/.m2/repository/com/sun/xml/bind/jaxb-impl/2.3.0.1/jaxb-impl-2.3.0.1.jar:/home/user/.m2/repository/com/sun/xml/bind/jaxb-core/2.3.0.1/jaxb-core-2.3.0.1.jar:/home/user/.m2/repository/javax/xml/bind/jaxb-api/2.3.0/jaxb-api-2.3.0.jar:/home/user/.m2/repository/javax/activation/activation/1.1.1/activation-1.1.1.jar:/home/user/.m2/repository/org/apache/hadoop/hadoop-ozone-csi/1.1.0-SNAPSHOT/hadoop-ozone-csi-1.1.0-SNAPSHOT.jar:/home/user/.m2/repository/com/google/protobuf/protobuf-java-util/3.11.0/protobuf-java-util-3.11.0.jar:/home/user/.m2/repository/com/google/code/gson/gson/2.2.4/gson-2.2.4.jar:/home/user/.m2/repository/org/apache/hadoop/hadoop-hdds-config/1.1.0-SNAPSHOT/hadoop-hdds-config-1.1.0-SNAPSHOT.jar:/home/user/.m2/repository/com/google/protobuf/protobuf-java/2.5.0/protobuf-java-2.5.0.jar:/home/user/.m2/repository/io/grpc/grpc-netty/1.29.0/grpc-netty-1.29.0.jar:/home/user/.m2/repository/io/grpc/grpc-core/1.29.0/grpc-core-1.29.0.jar:/home/user/.m2/repository/com/google/android/annotations/4.1.1.4/annotations-4.1.1.4.jar:/home/user/.m2/repository/io/perfmark/perfmark-api/0.19.0/perfmark-api-0.19.0.jar:/home/user/.m2/repository/io/netty/netty-codec-http2/4.1.48.Final/netty-codec-http2-4.1.48.Final.jar:/home/user/.m2/repository/io/netty/netty-codec/4.1.48.Final/netty-codec-4.1.48.Final.jar:/home/user/.m2/repository/io/netty/netty-handler/4.1.48.Final/netty-handler-4.1.48.Final.jar:/home/user/.m2/repository/io/netty/netty-codec-http/4.1.48.Final/netty-codec-http-4.1.48.Final.jar:/home/user/.m2/repository/io/netty/netty-handler-proxy/4.1.48.Final/netty-handler-proxy-4.1.48.Final.jar:/home/user/.m2/repository/io/netty/netty-codec-socks/4.1.48.Final/netty-codec-socks-4.1.48.Final.jar:/home/user/.m2/repository/io/netty/netty-transport-native-epoll/4.1.48.Final/netty-transport-native-epoll-4.1.48.Final.jar:/home/user/.m2/repository/io/netty/netty-common/4.1.48.Final/netty-common-4.1.48.Final.jar:/home/user/.m2/repository/io/netty/netty-buffer/4.1.48.Final/netty-buffer-4.1.48.Final.jar:/home/user/.m2/repository/io/netty/netty-transport/4.1.48.Final/netty-transport-4.1.48.Final.jar:/home/user/.m2/repository/io/netty/netty-resolver/4.1.48.Final/netty-resolver-4.1.48.Final.jar:/home/user/.m2/repository/io/netty/netty-transport-native-unix-common/4.1.48.Final/netty-transport-native-unix-common-4.1.48.Final.jar:/home/user/.m2/repository/io/grpc/grpc-protobuf/1.29.0/grpc-protobuf-1.29.0.jar:/home/user/.m2/repository/io/grpc/grpc-api/1.29.0/grpc-api-1.29.0.jar:/home/user/.m2/repository/io/grpc/grpc-context/1.29.0/grpc-context-1.29.0.jar:/home/user/.m2/repository/org/codehaus/mojo/animal-sniffer-annotations/1.18/animal-sniffer-annotations-1.18.jar:/home/user/.m2/repository/com/google/api/grpc/proto-google-common-protos/1.17.0/proto-google-common-protos-1.17.0.jar:/home/user/.m2/repository/io/grpc/grpc-protobuf-lite/1.29.0/grpc-protobuf-lite-1.29.0.jar:/home/user/.m2/repository/io/grpc/grpc-stub/1.29.0/grpc-stub-1.29.0.jar:/home/user/.m2/repository/org/apache/hadoop/hadoop-ozone-recon/1.1.0-SNAPSHOT/hadoop-ozone-recon-1.1.0-SNAPSHOT.jar:/home/user/.m2/repository/org/apache/hadoop/hadoop-ozone-reconcodegen/1.1.0-SNAPSHOT/hadoop-ozone-reconcodegen-1.1.0-SNAPSHOT.jar:/home/user/.m2/repository/com/google/inject/extensions/guice-multibindings/4.0/guice-multibindings-4.0.jar:/home/user/.m2/repository/com/google/inject/guice/4.0/guice-4.0.jar:/home/user/.m2/repository/aopalliance/aopalliance/1.0/aopalliance-1.0.jar:/home/user/.m2/repository/com/google/inject/extensions/guice-assistedinject/4.0/guice-assistedinject-4.0.jar:/home/user/.m2/repository/com/google/inject/extensions/guice-servlet/4.0/guice-servlet-4.0.jar:/home/user/.m2/repository/org/glassfish/jersey/containers/jersey-container-servlet/2.27/jersey-container-servlet-2.27.jar:/home/user/.m2/repository/org/glassfish/hk2/guice-bridge/2.5.0/guice-bridge-2.5.0.jar:/home/user/.m2/repository/org/glassfish/jersey/core/jersey-server/2.27/jersey-server-2.27.jar:/home/user/.m2/repository/org/glassfish/jersey/core/jersey-client/2.27/jersey-client-2.27.jar:/home/user/.m2/repository/org/glassfish/jersey/media/jersey-media-jaxb/2.27/jersey-media-jaxb-2.27.jar:/home/user/.m2/repository/javax/validation/validation-api/1.1.0.Final/validation-api-1.1.0.Final.jar:/home/user/.m2/repository/org/glassfish/jersey/media/jersey-media-json-jackson/2.27/jersey-media-json-jackson-2.27.jar:/home/user/.m2/repository/org/glassfish/jersey/ext/jersey-entity-filtering/2.27/jersey-entity-filtering-2.27.jar:/home/user/.m2/repository/org/jooq/jooq/3.11.10/jooq-3.11.10.jar:/home/user/.m2/repository/org/jooq/jooq-meta/3.11.10/jooq-meta-3.11.10.jar:/home/user/.m2/repository/org/jooq/jooq-codegen/3.11.10/jooq-codegen-3.11.10.jar:/home/user/.m2/repository/com/jolbox/bonecp/0.8.0.RELEASE/bonecp-0.8.0.RELEASE.jar:/home/user/.m2/repository/org/apache/derby/derby/10.14.2.0/derby-10.14.2.0.jar:/home/user/.m2/repository/org/xerial/sqlite-jdbc/3.25.2/sqlite-jdbc-3.25.2.jar:/home/user/.m2/repository/org/springframework/spring-jdbc/5.2.11.RELEASE/spring-jdbc-5.2.11.RELEASE.jar:/home/user/.m2/repository/org/springframework/spring-beans/5.2.11.RELEASE/spring-beans-5.2.11.RELEASE.jar:/home/user/.m2/repository/org/springframework/spring-core/5.2.11.RELEASE/spring-core-5.2.11.RELEASE.jar:/home/user/.m2/repository/org/springframework/spring-jcl/5.2.11.RELEASE/spring-jcl-5.2.11.RELEASE.jar:/home/user/.m2/repository/org/springframework/spring-tx/5.2.11.RELEASE/spring-tx-5.2.11.RELEASE.jar:/home/user/.m2/repository/org/apache/hadoop/hadoop-ozone-client/1.1.0-SNAPSHOT/hadoop-ozone-client-1.1.0-SNAPSHOT.jar:/home/user/.m2/repository/org/apache/hadoop/hadoop-ozone-filesystem/1.1.0-SNAPSHOT/hadoop-ozone-filesystem-1.1.0-SNAPSHOT.jar:/home/user/.m2/repository/org/apache/hadoop/hadoop-ozone-filesystem-common/1.1.0-SNAPSHOT/hadoop-ozone-filesystem-common-1.1.0-SNAPSHOT.jar:/home/user/.m2/repository/org/apache/hadoop/hadoop-ozone-tools/1.1.0-SNAPSHOT/hadoop-ozone-tools-1.1.0-SNAPSHOT.jar:/home/user/.m2/repository/org/apache/ratis/ratis-tools/1.1.0-35f17fa-SNAPSHOT/ratis-tools-1.1.0-35f17fa-SNAPSHOT.jar:/home/user/.m2/repository/org/apache/ratis/ratis-proto/1.1.0-35f17fa-SNAPSHOT/ratis-proto-1.1.0-35f17fa-SNAPSHOT.jar:/home/user/.m2/repository/org/apache/ratis/ratis-common/1.1.0-35f17fa-SNAPSHOT/ratis-common-1.1.0-35f17fa-SNAPSHOT.jar:/home/user/.m2/repository/com/amazonaws/aws-java-sdk-core/1.11.901/aws-java-sdk-core-1.11.901.jar:/home/user/.m2/repository/org/apache/httpcomponents/httpclient/4.5.13/httpclient-4.5.13.jar:/home/user/.m2/repository/org/apache/httpcomponents/httpcore/4.4.13/httpcore-4.4.13.jar:/home/user/.m2/repository/software/amazon/ion/ion-java/1.0.2/ion-java-1.0.2.jar:/home/user/.m2/repository/com/fasterxml/jackson/dataformat/jackson-dataformat-cbor/2.10.3/jackson-dataformat-cbor-2.10.3.jar:/home/user/.m2/repository/joda-time/joda-time/2.8.1/joda-time-2.8.1.jar:/home/user/.m2/repository/com/amazonaws/aws-java-sdk-s3/1.11.901/aws-java-sdk-s3-1.11.901.jar:/home/user/.m2/repository/com/amazonaws/aws-java-sdk-kms/1.11.901/aws-java-sdk-kms-1.11.901.jar:/home/user/.m2/repository/com/amazonaws/jmespath-java/1.11.901/jmespath-java-1.11.901.jar:/home/user/.m2/repository/org/kohsuke/metainf-services/metainf-services/1.8/metainf-services-1.8.jar:/home/user/.m2/repository/org/apache/hadoop/hadoop-hdds-tools/1.1.0-SNAPSHOT/hadoop-hdds-tools-1.1.0-SNAPSHOT.jar:/home/user/.m2/repository/commons-cli/commons-cli/1.2/commons-cli-1.2.jar:/home/user/.m2/repository/org/apache/commons/commons-lang3/3.7/commons-lang3-3.7.jar:/home/user/.m2/repository/org/apache/hadoop/hadoop-ozone-ozone-manager/1.1.0-SNAPSHOT/hadoop-ozone-ozone-manager-1.1.0-SNAPSHOT-tests.jar:/home/user/.m2/repository/org/apache/hadoop/hadoop-hdds-common/1.1.0-SNAPSHOT/hadoop-hdds-common-1.1.0-SNAPSHOT-tests.jar:/home/user/.m2/repository/org/apache/hadoop/hadoop-hdds-hadoop-dependency-client/1.1.0-SNAPSHOT/hadoop-hdds-hadoop-dependency-client-1.1.0-SNAPSHOT.jar:/home/user/.m2/repository/info/picocli/picocli/4.4.0/picocli-4.4.0.jar:/home/user/.m2/repository/com/fasterxml/jackson/core/jackson-annotations/2.10.3/jackson-annotations-2.10.3.jar:/home/user/.m2/repository/javax/annotation/javax.annotation-api/1.2/javax.annotation-api-1.2.jar:/home/user/.m2/repository/org/fusesource/leveldbjni/leveldbjni-all/1.8/leveldbjni-all-1.8.jar:/home/user/.m2/repository/org/apache/ratis/ratis-server/1.1.0-35f17fa-SNAPSHOT/ratis-server-1.1.0-35f17fa-SNAPSHOT.jar:/home/user/.m2/repository/org/apache/ratis/ratis-client/1.1.0-35f17fa-SNAPSHOT/ratis-client-1.1.0-35f17fa-SNAPSHOT.jar:/home/user/.m2/repository/org/apache/ratis/ratis-server-api/1.1.0-35f17fa-SNAPSHOT/ratis-server-api-1.1.0-35f17fa-SNAPSHOT.jar:/home/user/.m2/repository/org/apache/ratis/ratis-metrics/1.1.0-35f17fa-SNAPSHOT/ratis-metrics-1.1.0-35f17fa-SNAPSHOT.jar:/home/user/.m2/repository/org/apache/ratis/ratis-netty/1.1.0-35f17fa-SNAPSHOT/ratis-netty-1.1.0-35f17fa-SNAPSHOT.jar:/home/user/.m2/repository/org/apache/ratis/ratis-grpc/1.1.0-35f17fa-SNAPSHOT/ratis-grpc-1.1.0-35f17fa-SNAPSHOT.jar:/home/user/.m2/repository/org/apache/logging/log4j/log4j-api/2.13.3/log4j-api-2.13.3.jar:/home/user/.m2/repository/org/apache/logging/log4j/log4j-core/2.13.3/log4j-core-2.13.3.jar:/home/user/.m2/repository/com/lmax/disruptor/3.4.2/disruptor-3.4.2.jar:/home/user/.m2/repository/org/apache/commons/commons-pool2/2.6.0/commons-pool2-2.6.0.jar:/home/user/.m2/repository/org/bouncycastle/bcpkix-jdk15on/1.67/bcpkix-jdk15on-1.67.jar:/home/user/.m2/repository/commons-validator/commons-validator/1.6/commons-validator-1.6.jar:/home/user/.m2/repository/commons-beanutils/commons-beanutils/1.9.4/commons-beanutils-1.9.4.jar:/home/user/.m2/repository/commons-digester/commons-digester/1.8.1/commons-digester-1.8.1.jar:/home/user/.m2/repository/commons-collections/commons-collections/3.2.2/commons-collections-3.2.2.jar:/home/user/.m2/repository/io/jaegertracing/jaeger-client/1.2.0/jaeger-client-1.2.0.jar:/home/user/.m2/repository/io/jaegertracing/jaeger-thrift/1.2.0/jaeger-thrift-1.2.0.jar:/home/user/.m2/repository/org/apache/thrift/libthrift/0.13.0/libthrift-0.13.0.jar:/home/user/.m2/repository/com/squareup/okhttp3/okhttp/4.2.2/okhttp-4.2.2.jar:/home/user/.m2/repository/com/squareup/okio/okio/2.2.2/okio-2.2.2.jar:/home/user/.m2/repository/org/jetbrains/kotlin/kotlin-stdlib/1.3.50/kotlin-stdlib-1.3.50.jar:/home/user/.m2/repository/org/jetbrains/kotlin/kotlin-stdlib-common/1.3.50/kotlin-stdlib-common-1.3.50.jar:/home/user/.m2/repository/org/jetbrains/annotations/13.0/annotations-13.0.jar:/home/user/.m2/repository/io/jaegertracing/jaeger-core/1.2.0/jaeger-core-1.2.0.jar:/home/user/.m2/repository/io/jaegertracing/jaeger-tracerresolver/1.2.0/jaeger-tracerresolver-1.2.0.jar:/home/user/.m2/repository/io/opentracing/contrib/opentracing-tracerresolver/0.1.8/opentracing-tracerresolver-0.1.8.jar:/home/user/.m2/repository/io/opentracing/opentracing-util/0.33.0/opentracing-util-0.33.0.jar:/home/user/.m2/repository/io/opentracing/opentracing-api/0.33.0/opentracing-api-0.33.0.jar:/home/user/.m2/repository/io/opentracing/opentracing-noop/0.33.0/opentracing-noop-0.33.0.jar:/home/user/.m2/repository/org/yaml/snakeyaml/1.26/snakeyaml-1.26.jar:/home/user/.m2/repository/junit/junit/4.11/junit-4.11.jar:/home/user/.m2/repository/org/hamcrest/hamcrest-core/1.3/hamcrest-core-1.3.jar:/home/user/.m2/repository/org/openjdk/jmh/jmh-core/1.19/jmh-core-1.19.jar:/home/user/.m2/repository/net/sf/jopt-simple/jopt-simple/4.6/jopt-simple-4.6.jar:/home/user/.m2/repository/org/apache/commons/commons-math3/3.1.1/commons-math3-3.1.1.jar:/home/user/.m2/repository/org/openjdk/jmh/jmh-generator-annprocess/1.19/jmh-generator-annprocess-1.19.jar:/home/user/.m2/repository/org/mockito/mockito-all/1.8.5/mockito-all-1.8.5.jar:/home/user/.m2/repository/org/apache/hadoop/hadoop-kms/3.2.1/hadoop-kms-3.2.1.jar:/home/user/.m2/repository/org/apache/hadoop/hadoop-auth/3.2.1/hadoop-auth-3.2.1.jar:/home/user/.m2/repository/com/nimbusds/nimbus-jose-jwt/7.9/nimbus-jose-jwt-7.9.jar:/home/user/.m2/repository/com/github/stephenc/jcip/jcip-annotations/1.0-1/jcip-annotations-1.0-1.jar:/home/user/.m2/repository/net/minidev/json-smart/2.3/json-smart-2.3.jar:/home/user/.m2/repository/net/minidev/accessors-smart/1.2/accessors-smart-1.2.jar:/home/user/.m2/repository/org/ow2/asm/asm/5.0.4/asm-5.0.4.jar:/home/user/.m2/repository/org/apache/zookeeper/zookeeper/3.4.13/zookeeper-3.4.13.jar:/home/user/.m2/repository/org/apache/yetus/audience-annotations/0.5.0/audience-annotations-0.5.0.jar:/home/user/.m2/repository/org/apache/curator/curator-framework/2.13.0/curator-framework-2.13.0.jar:/home/user/.m2/repository/com/sun/jersey/jersey-core/1.19/jersey-core-1.19.jar:/home/user/.m2/repository/javax/ws/rs/jsr311-api/1.1.1/jsr311-api-1.1.1.jar:/home/user/.m2/repository/com/sun/jersey/jersey-server/1.19/jersey-server-1.19.jar:/home/user/.m2/repository/javax/servlet/javax.servlet-api/3.1.0/javax.servlet-api-3.1.0.jar:/home/user/.m2/repository/org/eclipse/jetty/jetty-server/9.4.34.v20201102/jetty-server-9.4.34.v20201102.jar:/home/user/.m2/repository/org/eclipse/jetty/jetty-http/9.4.34.v20201102/jetty-http-9.4.34.v20201102.jar:/home/user/.m2/repository/org/eclipse/jetty/jetty-io/9.4.34.v20201102/jetty-io-9.4.34.v20201102.jar:/home/user/.m2/repository/org/eclipse/jetty/jetty-webapp/9.4.34.v20201102/jetty-webapp-9.4.34.v20201102.jar:/home/user/.m2/repository/org/eclipse/jetty/jetty-xml/9.4.34.v20201102/jetty-xml-9.4.34.v20201102.jar:/home/user/.m2/repository/org/apache/hadoop/hadoop-common/3.2.1/hadoop-common-3.2.1.jar:/home/user/.m2/repository/commons-net/commons-net/3.6/commons-net-3.6.jar:/home/user/.m2/repository/com/sun/jersey/jersey-servlet/1.19/jersey-servlet-1.19.jar:/home/user/.m2/repository/com/sun/jersey/jersey-json/1.19/jersey-json-1.19.jar:/home/user/.m2/repository/org/codehaus/jettison/jettison/1.1/jettison-1.1.jar:/home/user/.m2/repository/org/codehaus/jackson/jackson-jaxrs/1.9.2/jackson-jaxrs-1.9.2.jar:/home/user/.m2/repository/org/codehaus/jackson/jackson-xc/1.9.2/jackson-xc-1.9.2.jar:/home/user/.m2/repository/org/apache/commons/commons-configuration2/2.1.1/commons-configuration2-2.1.1.jar:/home/user/.m2/repository/org/apache/commons/commons-text/1.4/commons-text-1.4.jar:/home/user/.m2/repository/com/google/re2j/re2j/1.1/re2j-1.1.jar:/home/user/.m2/repository/com/jcraft/jsch/0.1.54/jsch-0.1.54.jar:/home/user/.m2/repository/org/apache/curator/curator-client/2.13.0/curator-client-2.13.0.jar:/home/user/.m2/repository/org/apache/curator/curator-recipes/2.13.0/curator-recipes-2.13.0.jar:/home/user/.m2/repository/dnsjava/dnsjava/2.1.7/dnsjava-2.1.7.jar:/home/user/.m2/repository/org/slf4j/jul-to-slf4j/1.7.30/jul-to-slf4j-1.7.30.jar:/home/user/.m2/repository/org/eclipse/jetty/jetty-util/9.4.34.v20201102/jetty-util-9.4.34.v20201102.jar:/home/user/.m2/repository/com/fasterxml/jackson/core/jackson-databind/2.10.3/jackson-databind-2.10.3.jar:/home/user/.m2/repository/org/apache/hadoop/hadoop-kms/3.2.1/hadoop-kms-3.2.1-tests.jar:/home/user/.m2/repository/org/apache/hadoop/hadoop-hdds-server-scm/1.1.0-SNAPSHOT/hadoop-hdds-server-scm-1.1.0-SNAPSHOT-tests.jar:/home/user/.m2/repository/org/apache/hadoop/hadoop-hdds-container-service/1.1.0-SNAPSHOT/hadoop-hdds-container-service-1.1.0-SNAPSHOT-tests.jar:/home/user/.m2/repository/commons-codec/commons-codec/1.11/commons-codec-1.11.jar:/home/user/.m2/repository/org/apache/hadoop/hadoop-hdds-hadoop-dependency-test/1.1.0-SNAPSHOT/hadoop-hdds-hadoop-dependency-test-1.1.0-SNAPSHOT.jar:/home/user/.m2/repository/org/apache/hadoop/hadoop-common/3.2.1/hadoop-common-3.2.1-tests.jar:/home/user/.m2/repository/org/apache/hadoop/hadoop-hdfs/3.2.1/hadoop-hdfs-3.2.1-tests.jar:/home/user/.m2/repository/org/eclipse/jetty/jetty-util-ajax/9.4.34.v20201102/jetty-util-ajax-9.4.34.v20201102.jar:/home/user/.m2/repository/commons-daemon/commons-daemon/1.0.13/commons-daemon-1.0.13.jar:/home/user/.m2/repository/io/netty/netty/3.10.5.Final/netty-3.10.5.Final.jar:/home/user/.m2/repository/io/netty/netty-all/4.1.48.Final/netty-all-4.1.48.Final.jar:/home/user/.m2/repository/org/apache/htrace/htrace-core4/4.1.0-incubating/htrace-core4-4.1.0-incubating.jar:/home/user/.m2/repository/org/apache/hadoop/hadoop-distcp/3.2.1/hadoop-distcp-3.2.1.jar:/home/user/.m2/repository/org/apache/hadoop/hadoop-mapreduce-client-jobclient/3.2.1/hadoop-mapreduce-client-jobclient-3.2.1.jar:/home/user/.m2/repository/org/apache/hadoop/hadoop-mapreduce-client-common/3.2.1/hadoop-mapreduce-client-common-3.2.1.jar:/home/user/.m2/repository/org/apache/hadoop/hadoop-yarn-common/3.2.1/hadoop-yarn-common-3.2.1.jar:/home/user/.m2/repository/org/apache/hadoop/hadoop-yarn-api/3.2.1/hadoop-yarn-api-3.2.1.jar:/home/user/.m2/repository/com/sun/jersey/jersey-client/1.19/jersey-client-1.19.jar:/home/user/.m2/repository/com/sun/jersey/contribs/jersey-guice/1.19/jersey-guice-1.19.jar:/home/user/.m2/repository/com/fasterxml/jackson/jaxrs/jackson-jaxrs-json-provider/2.10.3/jackson-jaxrs-json-provider-2.10.3.jar:/home/user/.m2/repository/com/fasterxml/jackson/jaxrs/jackson-jaxrs-base/2.10.3/jackson-jaxrs-base-2.10.3.jar:/home/user/.m2/repository/org/apache/hadoop/hadoop-yarn-client/3.2.1/hadoop-yarn-client-3.2.1.jar:/home/user/.m2/repository/org/apache/hadoop/hadoop-mapreduce-client-core/3.2.1/hadoop-mapreduce-client-core-3.2.1.jar:/home/user/.m2/repository/org/apache/avro/avro/1.7.7/avro-1.7.7.jar:/home/user/.m2/repository/org/codehaus/jackson/jackson-core-asl/1.9.13/jackson-core-asl-1.9.13.jar:/home/user/.m2/repository/org/codehaus/jackson/jackson-mapper-asl/1.9.13/jackson-mapper-asl-1.9.13.jar:/home/user/.m2/repository/com/thoughtworks/paranamer/paranamer/2.3/paranamer-2.3.jar:/home/user/.m2/repository/org/xerial/snappy/snappy-java/1.0.5/snappy-java-1.0.5.jar:/home/user/.m2/repository/org/apache/hadoop/hadoop-annotations/3.2.1/hadoop-annotations-3.2.1.jar:/usr/lib/jvm/java-1.8.0-openjdk-1.8.0.232.b09-0.el7_7.x86_64/jre/../lib/tools.jar:/home/user/.m2/repository/org/apache/hadoop/hadoop-distcp/3.2.1/hadoop-distcp-3.2.1-tests.jar:"/>
    <property name="java.vm.vendor" value="Oracle Corporation"/>
    <property name="sun.arch.data.model" value="64"/>
    <property name="test.build.dir" value="/github/workspace/mnt/ozone/hadoop-ozone/integration-test/target/test-dir"/>
    <property name="test.cache.data" value=""/>
    <property name="java.vendor.url" value="http://java.oracle.com/"/>
    <property name="user.timezone" value=""/>
    <property name="java.vm.specification.version" value="1.8"/>
    <property name="os.name" value="Linux"/>
    <property name="test.build.data" value="/github/workspace/mnt/ozone/hadoop-ozone/integration-test/target/test-dir"/>
    <property name="user.country" value="US"/>
    <property name="sun.java.launcher" value="SUN_STANDARD"/>
    <property name="sun.boot.library.path" value="/usr/lib/jvm/java-1.8.0-openjdk-1.8.0.232.b09-0.el7_7.x86_64/jre/lib/amd64"/>
    <property name="sun.java.command" value="/github/workspace/mnt/ozone/hadoop-ozone/integration-test/target/surefire/surefirebooter2988054100547834154.jar /github/workspace/mnt/ozone/hadoop-ozone/integration-test/target/surefire 2021-01-10T07-45-23_868-jvmRun1 surefire8838579108164033807tmp surefire_572341427865444265702tmp"/>
    <property name="surefire.test.class.path" value="/github/workspace/mnt/ozone/hadoop-ozone/integration-test/target/test-classes:/github/workspace/mnt/ozone/hadoop-ozone/integration-test/target/classes:/home/user/.m2/repository/org/apache/hadoop/hadoop-ozone-common/1.1.0-SNAPSHOT/hadoop-ozone-common-1.1.0-SNAPSHOT.jar:/home/user/.m2/repository/org/apache/commons/commons-compress/1.4.1/commons-compress-1.4.1.jar:/home/user/.m2/repository/org/tukaani/xz/1.0/xz-1.0.jar:/home/user/.m2/repository/org/apache/hadoop/hadoop-hdds-common/1.1.0-SNAPSHOT/hadoop-hdds-common-1.1.0-SNAPSHOT.jar:/home/user/.m2/repository/org/apache/hadoop/hadoop-hdds-client/1.1.0-SNAPSHOT/hadoop-hdds-client-1.1.0-SNAPSHOT.jar:/home/user/.m2/repository/org/apache/hadoop/hadoop-ozone-interface-client/1.1.0-SNAPSHOT/hadoop-ozone-interface-client-1.1.0-SNAPSHOT.jar:/home/user/.m2/repository/org/apache/hadoop/hadoop-hdds-test-utils/1.1.0-SNAPSHOT/hadoop-hdds-test-utils-1.1.0-SNAPSHOT.jar:/home/user/.m2/repository/com/google/guava/guava/28.2-jre/guava-28.2-jre.jar:/home/user/.m2/repository/com/google/guava/failureaccess/1.0.1/failureaccess-1.0.1.jar:/home/user/.m2/repository/com/google/guava/listenablefuture/9999.0-empty-to-avoid-conflict-with-guava/listenablefuture-9999.0-empty-to-avoid-conflict-with-guava.jar:/home/user/.m2/repository/com/google/code/findbugs/jsr305/3.0.0/jsr305-3.0.0.jar:/home/user/.m2/repository/org/checkerframework/checker-qual/2.10.0/checker-qual-2.10.0.jar:/home/user/.m2/repository/com/google/errorprone/error_prone_annotations/2.2.0/error_prone_annotations-2.2.0.jar:/home/user/.m2/repository/com/google/j2objc/j2objc-annotations/1.3/j2objc-annotations-1.3.jar:/home/user/.m2/repository/commons-io/commons-io/2.5/commons-io-2.5.jar:/home/user/.m2/repository/commons-logging/commons-logging/1.2/commons-logging-1.2.jar:/home/user/.m2/repository/log4j/log4j/1.2.17/log4j-1.2.17.jar:/home/user/.m2/repository/org/slf4j/slf4j-api/1.7.30/slf4j-api-1.7.30.jar:/home/user/.m2/repository/org/apache/hadoop/hadoop-hdds-server-scm/1.1.0-SNAPSHOT/hadoop-hdds-server-scm-1.1.0-SNAPSHOT.jar:/home/user/.m2/repository/org/apache/hadoop/hadoop-hdds-container-service/1.1.0-SNAPSHOT/hadoop-hdds-container-service-1.1.0-SNAPSHOT.jar:/home/user/.m2/repository/org/apache/hadoop/hadoop-hdds-hadoop-dependency-server/1.1.0-SNAPSHOT/hadoop-hdds-hadoop-dependency-server-1.1.0-SNAPSHOT.jar:/home/user/.m2/repository/org/apache/hadoop/hadoop-hdfs/3.2.1/hadoop-hdfs-3.2.1.jar:/home/user/.m2/repository/org/apache/hadoop/hadoop-hdds-server-framework/1.1.0-SNAPSHOT/hadoop-hdds-server-framework-1.1.0-SNAPSHOT.jar:/home/user/.m2/repository/org/apache/hadoop/hadoop-hdds-interface-server/1.1.0-SNAPSHOT/hadoop-hdds-interface-server-1.1.0-SNAPSHOT.jar:/home/user/.m2/repository/org/apache/hadoop/hadoop-hdds-interface-admin/1.1.0-SNAPSHOT/hadoop-hdds-interface-admin-1.1.0-SNAPSHOT.jar:/home/user/.m2/repository/org/eclipse/jetty/jetty-servlet/9.4.34.v20201102/jetty-servlet-9.4.34.v20201102.jar:/home/user/.m2/repository/org/eclipse/jetty/jetty-security/9.4.34.v20201102/jetty-security-9.4.34.v20201102.jar:/home/user/.m2/repository/org/rocksdb/rocksdbjni/6.8.1/rocksdbjni-6.8.1.jar:/home/user/.m2/repository/io/prometheus/simpleclient_dropwizard/0.7.0/simpleclient_dropwizard-0.7.0.jar:/home/user/.m2/repository/io/prometheus/simpleclient/0.7.0/simpleclient-0.7.0.jar:/home/user/.m2/repository/io/prometheus/simpleclient_common/0.7.0/simpleclient_common-0.7.0.jar:/home/user/.m2/repository/com/fasterxml/jackson/datatype/jackson-datatype-jsr310/2.10.3/jackson-datatype-jsr310-2.10.3.jar:/home/user/.m2/repository/io/dropwizard/metrics/metrics-core/3.2.4/metrics-core-3.2.4.jar:/home/user/.m2/repository/org/apache/hadoop/hadoop-hdfs-client/3.2.1/hadoop-hdfs-client-3.2.1.jar:/home/user/.m2/repository/org/bouncycastle/bcprov-jdk15on/1.67/bcprov-jdk15on-1.67.jar:/home/user/.m2/repository/org/apache/hadoop/hadoop-ozone-ozone-manager/1.1.0-SNAPSHOT/hadoop-ozone-ozone-manager-1.1.0-SNAPSHOT.jar:/home/user/.m2/repository/org/apache/hadoop/hadoop-hdds-interface-client/1.1.0-SNAPSHOT/hadoop-hdds-interface-client-1.1.0-SNAPSHOT.jar:/home/user/.m2/repository/org/apache/ratis/ratis-thirdparty-misc/0.6.0-SNAPSHOT/ratis-thirdparty-misc-0.6.0-SNAPSHOT.jar:/home/user/.m2/repository/org/apache/hadoop/hadoop-ozone-interface-storage/1.1.0-SNAPSHOT/hadoop-ozone-interface-storage-1.1.0-SNAPSHOT.jar:/home/user/.m2/repository/org/apache/hadoop/hadoop-minikdc/3.2.1/hadoop-minikdc-3.2.1.jar:/home/user/.m2/repository/org/apache/kerby/kerb-simplekdc/1.0.1/kerb-simplekdc-1.0.1.jar:/home/user/.m2/repository/org/apache/kerby/kerb-client/1.0.1/kerb-client-1.0.1.jar:/home/user/.m2/repository/org/apache/kerby/kerby-config/1.0.1/kerby-config-1.0.1.jar:/home/user/.m2/repository/org/apache/kerby/kerb-core/1.0.1/kerb-core-1.0.1.jar:/home/user/.m2/repository/org/apache/kerby/kerby-pkix/1.0.1/kerby-pkix-1.0.1.jar:/home/user/.m2/repository/org/apache/kerby/kerby-asn1/1.0.1/kerby-asn1-1.0.1.jar:/home/user/.m2/repository/org/apache/kerby/kerby-util/1.0.1/kerby-util-1.0.1.jar:/home/user/.m2/repository/org/apache/kerby/kerb-common/1.0.1/kerb-common-1.0.1.jar:/home/user/.m2/repository/org/apache/kerby/kerb-crypto/1.0.1/kerb-crypto-1.0.1.jar:/home/user/.m2/repository/org/apache/kerby/kerb-util/1.0.1/kerb-util-1.0.1.jar:/home/user/.m2/repository/org/apache/kerby/token-provider/1.0.1/token-provider-1.0.1.jar:/home/user/.m2/repository/org/apache/kerby/kerb-admin/1.0.1/kerb-admin-1.0.1.jar:/home/user/.m2/repository/org/apache/kerby/kerb-server/1.0.1/kerb-server-1.0.1.jar:/home/user/.m2/repository/org/apache/kerby/kerb-identity/1.0.1/kerb-identity-1.0.1.jar:/home/user/.m2/repository/org/apache/kerby/kerby-xdr/1.0.1/kerby-xdr-1.0.1.jar:/home/user/.m2/repository/org/slf4j/slf4j-log4j12/1.7.30/slf4j-log4j12-1.7.30.jar:/home/user/.m2/repository/org/apache/hadoop/hadoop-ozone-s3gateway/1.1.0-SNAPSHOT/hadoop-ozone-s3gateway-1.1.0-SNAPSHOT.jar:/home/user/.m2/repository/org/jboss/weld/servlet/weld-servlet/2.4.7.Final/weld-servlet-2.4.7.Final.jar:/home/user/.m2/repository/org/glassfish/jersey/containers/jersey-container-servlet-core/2.27/jersey-container-servlet-core-2.27.jar:/home/user/.m2/repository/org/glassfish/hk2/external/javax.inject/2.5.0-b42/javax.inject-2.5.0-b42.jar:/home/user/.m2/repository/org/glassfish/jersey/core/jersey-common/2.27/jersey-common-2.27.jar:/home/user/.m2/repository/org/glassfish/hk2/osgi-resource-locator/1.0.1/osgi-resource-locator-1.0.1.jar:/home/user/.m2/repository/javax/ws/rs/javax.ws.rs-api/2.1/javax.ws.rs-api-2.1.jar:/home/user/.m2/repository/org/glassfish/jersey/ext/cdi/jersey-cdi1x/2.27/jersey-cdi1x-2.27.jar:/home/user/.m2/repository/org/glassfish/jersey/inject/jersey-hk2/2.27/jersey-hk2-2.27.jar:/home/user/.m2/repository/org/glassfish/hk2/hk2-locator/2.5.0-b42/hk2-locator-2.5.0-b42.jar:/home/user/.m2/repository/org/javassist/javassist/3.22.0-CR2/javassist-3.22.0-CR2.jar:/home/user/.m2/repository/org/glassfish/hk2/hk2-api/2.5.0/hk2-api-2.5.0.jar:/home/user/.m2/repository/org/glassfish/hk2/external/jakarta.inject/2.5.0/jakarta.inject-2.5.0.jar:/home/user/.m2/repository/org/glassfish/hk2/hk2-utils/2.5.0/hk2-utils-2.5.0.jar:/home/user/.m2/repository/jakarta/annotation/jakarta.annotation-api/1.3.4/jakarta.annotation-api-1.3.4.jar:/home/user/.m2/repository/org/glassfish/hk2/external/aopalliance-repackaged/2.5.0/aopalliance-repackaged-2.5.0.jar:/home/user/.m2/repository/com/fasterxml/jackson/dataformat/jackson-dataformat-xml/2.10.3/jackson-dataformat-xml-2.10.3.jar:/home/user/.m2/repository/com/fasterxml/jackson/core/jackson-core/2.10.3/jackson-core-2.10.3.jar:/home/user/.m2/repository/com/fasterxml/jackson/module/jackson-module-jaxb-annotations/2.10.3/jackson-module-jaxb-annotations-2.10.3.jar:/home/user/.m2/repository/jakarta/xml/bind/jakarta.xml.bind-api/2.3.2/jakarta.xml.bind-api-2.3.2.jar:/home/user/.m2/repository/jakarta/activation/jakarta.activation-api/1.2.1/jakarta.activation-api-1.2.1.jar:/home/user/.m2/repository/org/codehaus/woodstox/stax2-api/3.1.4/stax2-api-3.1.4.jar:/home/user/.m2/repository/com/fasterxml/woodstox/woodstox-core/5.0.3/woodstox-core-5.0.3.jar:/home/user/.m2/repository/javax/enterprise/cdi-api/1.2/cdi-api-1.2.jar:/home/user/.m2/repository/javax/el/javax.el-api/3.0.0/javax.el-api-3.0.0.jar:/home/user/.m2/repository/javax/interceptor/javax.interceptor-api/1.2/javax.interceptor-api-1.2.jar:/home/user/.m2/repository/javax/inject/javax.inject/1/javax.inject-1.jar:/home/user/.m2/repository/com/sun/xml/bind/jaxb-impl/2.3.0.1/jaxb-impl-2.3.0.1.jar:/home/user/.m2/repository/com/sun/xml/bind/jaxb-core/2.3.0.1/jaxb-core-2.3.0.1.jar:/home/user/.m2/repository/javax/xml/bind/jaxb-api/2.3.0/jaxb-api-2.3.0.jar:/home/user/.m2/repository/javax/activation/activation/1.1.1/activation-1.1.1.jar:/home/user/.m2/repository/org/apache/hadoop/hadoop-ozone-csi/1.1.0-SNAPSHOT/hadoop-ozone-csi-1.1.0-SNAPSHOT.jar:/home/user/.m2/repository/com/google/protobuf/protobuf-java-util/3.11.0/protobuf-java-util-3.11.0.jar:/home/user/.m2/repository/com/google/code/gson/gson/2.2.4/gson-2.2.4.jar:/home/user/.m2/repository/org/apache/hadoop/hadoop-hdds-config/1.1.0-SNAPSHOT/hadoop-hdds-config-1.1.0-SNAPSHOT.jar:/home/user/.m2/repository/com/google/protobuf/protobuf-java/2.5.0/protobuf-java-2.5.0.jar:/home/user/.m2/repository/io/grpc/grpc-netty/1.29.0/grpc-netty-1.29.0.jar:/home/user/.m2/repository/io/grpc/grpc-core/1.29.0/grpc-core-1.29.0.jar:/home/user/.m2/repository/com/google/android/annotations/4.1.1.4/annotations-4.1.1.4.jar:/home/user/.m2/repository/io/perfmark/perfmark-api/0.19.0/perfmark-api-0.19.0.jar:/home/user/.m2/repository/io/netty/netty-codec-http2/4.1.48.Final/netty-codec-http2-4.1.48.Final.jar:/home/user/.m2/repository/io/netty/netty-codec/4.1.48.Final/netty-codec-4.1.48.Final.jar:/home/user/.m2/repository/io/netty/netty-handler/4.1.48.Final/netty-handler-4.1.48.Final.jar:/home/user/.m2/repository/io/netty/netty-codec-http/4.1.48.Final/netty-codec-http-4.1.48.Final.jar:/home/user/.m2/repository/io/netty/netty-handler-proxy/4.1.48.Final/netty-handler-proxy-4.1.48.Final.jar:/home/user/.m2/repository/io/netty/netty-codec-socks/4.1.48.Final/netty-codec-socks-4.1.48.Final.jar:/home/user/.m2/repository/io/netty/netty-transport-native-epoll/4.1.48.Final/netty-transport-native-epoll-4.1.48.Final.jar:/home/user/.m2/repository/io/netty/netty-common/4.1.48.Final/netty-common-4.1.48.Final.jar:/home/user/.m2/repository/io/netty/netty-buffer/4.1.48.Final/netty-buffer-4.1.48.Final.jar:/home/user/.m2/repository/io/netty/netty-transport/4.1.48.Final/netty-transport-4.1.48.Final.jar:/home/user/.m2/repository/io/netty/netty-resolver/4.1.48.Final/netty-resolver-4.1.48.Final.jar:/home/user/.m2/repository/io/netty/netty-transport-native-unix-common/4.1.48.Final/netty-transport-native-unix-common-4.1.48.Final.jar:/home/user/.m2/repository/io/grpc/grpc-protobuf/1.29.0/grpc-protobuf-1.29.0.jar:/home/user/.m2/repository/io/grpc/grpc-api/1.29.0/grpc-api-1.29.0.jar:/home/user/.m2/repository/io/grpc/grpc-context/1.29.0/grpc-context-1.29.0.jar:/home/user/.m2/repository/org/codehaus/mojo/animal-sniffer-annotations/1.18/animal-sniffer-annotations-1.18.jar:/home/user/.m2/repository/com/google/api/grpc/proto-google-common-protos/1.17.0/proto-google-common-protos-1.17.0.jar:/home/user/.m2/repository/io/grpc/grpc-protobuf-lite/1.29.0/grpc-protobuf-lite-1.29.0.jar:/home/user/.m2/repository/io/grpc/grpc-stub/1.29.0/grpc-stub-1.29.0.jar:/home/user/.m2/repository/org/apache/hadoop/hadoop-ozone-recon/1.1.0-SNAPSHOT/hadoop-ozone-recon-1.1.0-SNAPSHOT.jar:/home/user/.m2/repository/org/apache/hadoop/hadoop-ozone-reconcodegen/1.1.0-SNAPSHOT/hadoop-ozone-reconcodegen-1.1.0-SNAPSHOT.jar:/home/user/.m2/repository/com/google/inject/extensions/guice-multibindings/4.0/guice-multibindings-4.0.jar:/home/user/.m2/repository/com/google/inject/guice/4.0/guice-4.0.jar:/home/user/.m2/repository/aopalliance/aopalliance/1.0/aopalliance-1.0.jar:/home/user/.m2/repository/com/google/inject/extensions/guice-assistedinject/4.0/guice-assistedinject-4.0.jar:/home/user/.m2/repository/com/google/inject/extensions/guice-servlet/4.0/guice-servlet-4.0.jar:/home/user/.m2/repository/org/glassfish/jersey/containers/jersey-container-servlet/2.27/jersey-container-servlet-2.27.jar:/home/user/.m2/repository/org/glassfish/hk2/guice-bridge/2.5.0/guice-bridge-2.5.0.jar:/home/user/.m2/repository/org/glassfish/jersey/core/jersey-server/2.27/jersey-server-2.27.jar:/home/user/.m2/repository/org/glassfish/jersey/core/jersey-client/2.27/jersey-client-2.27.jar:/home/user/.m2/repository/org/glassfish/jersey/media/jersey-media-jaxb/2.27/jersey-media-jaxb-2.27.jar:/home/user/.m2/repository/javax/validation/validation-api/1.1.0.Final/validation-api-1.1.0.Final.jar:/home/user/.m2/repository/org/glassfish/jersey/media/jersey-media-json-jackson/2.27/jersey-media-json-jackson-2.27.jar:/home/user/.m2/repository/org/glassfish/jersey/ext/jersey-entity-filtering/2.27/jersey-entity-filtering-2.27.jar:/home/user/.m2/repository/org/jooq/jooq/3.11.10/jooq-3.11.10.jar:/home/user/.m2/repository/org/jooq/jooq-meta/3.11.10/jooq-meta-3.11.10.jar:/home/user/.m2/repository/org/jooq/jooq-codegen/3.11.10/jooq-codegen-3.11.10.jar:/home/user/.m2/repository/com/jolbox/bonecp/0.8.0.RELEASE/bonecp-0.8.0.RELEASE.jar:/home/user/.m2/repository/org/apache/derby/derby/10.14.2.0/derby-10.14.2.0.jar:/home/user/.m2/repository/org/xerial/sqlite-jdbc/3.25.2/sqlite-jdbc-3.25.2.jar:/home/user/.m2/repository/org/springframework/spring-jdbc/5.2.11.RELEASE/spring-jdbc-5.2.11.RELEASE.jar:/home/user/.m2/repository/org/springframework/spring-beans/5.2.11.RELEASE/spring-beans-5.2.11.RELEASE.jar:/home/user/.m2/repository/org/springframework/spring-core/5.2.11.RELEASE/spring-core-5.2.11.RELEASE.jar:/home/user/.m2/repository/org/springframework/spring-jcl/5.2.11.RELEASE/spring-jcl-5.2.11.RELEASE.jar:/home/user/.m2/repository/org/springframework/spring-tx/5.2.11.RELEASE/spring-tx-5.2.11.RELEASE.jar:/home/user/.m2/repository/org/apache/hadoop/hadoop-ozone-client/1.1.0-SNAPSHOT/hadoop-ozone-client-1.1.0-SNAPSHOT.jar:/home/user/.m2/repository/org/apache/hadoop/hadoop-ozone-filesystem/1.1.0-SNAPSHOT/hadoop-ozone-filesystem-1.1.0-SNAPSHOT.jar:/home/user/.m2/repository/org/apache/hadoop/hadoop-ozone-filesystem-common/1.1.0-SNAPSHOT/hadoop-ozone-filesystem-common-1.1.0-SNAPSHOT.jar:/home/user/.m2/repository/org/apache/hadoop/hadoop-ozone-tools/1.1.0-SNAPSHOT/hadoop-ozone-tools-1.1.0-SNAPSHOT.jar:/home/user/.m2/repository/org/apache/ratis/ratis-tools/1.1.0-35f17fa-SNAPSHOT/ratis-tools-1.1.0-35f17fa-SNAPSHOT.jar:/home/user/.m2/repository/org/apache/ratis/ratis-proto/1.1.0-35f17fa-SNAPSHOT/ratis-proto-1.1.0-35f17fa-SNAPSHOT.jar:/home/user/.m2/repository/org/apache/ratis/ratis-common/1.1.0-35f17fa-SNAPSHOT/ratis-common-1.1.0-35f17fa-SNAPSHOT.jar:/home/user/.m2/repository/com/amazonaws/aws-java-sdk-core/1.11.901/aws-java-sdk-core-1.11.901.jar:/home/user/.m2/repository/org/apache/httpcomponents/httpclient/4.5.13/httpclient-4.5.13.jar:/home/user/.m2/repository/org/apache/httpcomponents/httpcore/4.4.13/httpcore-4.4.13.jar:/home/user/.m2/repository/software/amazon/ion/ion-java/1.0.2/ion-java-1.0.2.jar:/home/user/.m2/repository/com/fasterxml/jackson/dataformat/jackson-dataformat-cbor/2.10.3/jackson-dataformat-cbor-2.10.3.jar:/home/user/.m2/repository/joda-time/joda-time/2.8.1/joda-time-2.8.1.jar:/home/user/.m2/repository/com/amazonaws/aws-java-sdk-s3/1.11.901/aws-java-sdk-s3-1.11.901.jar:/home/user/.m2/repository/com/amazonaws/aws-java-sdk-kms/1.11.901/aws-java-sdk-kms-1.11.901.jar:/home/user/.m2/repository/com/amazonaws/jmespath-java/1.11.901/jmespath-java-1.11.901.jar:/home/user/.m2/repository/org/kohsuke/metainf-services/metainf-services/1.8/metainf-services-1.8.jar:/home/user/.m2/repository/org/apache/hadoop/hadoop-hdds-tools/1.1.0-SNAPSHOT/hadoop-hdds-tools-1.1.0-SNAPSHOT.jar:/home/user/.m2/repository/commons-cli/commons-cli/1.2/commons-cli-1.2.jar:/home/user/.m2/repository/org/apache/commons/commons-lang3/3.7/commons-lang3-3.7.jar:/home/user/.m2/repository/org/apache/hadoop/hadoop-ozone-ozone-manager/1.1.0-SNAPSHOT/hadoop-ozone-ozone-manager-1.1.0-SNAPSHOT-tests.jar:/home/user/.m2/repository/org/apache/hadoop/hadoop-hdds-common/1.1.0-SNAPSHOT/hadoop-hdds-common-1.1.0-SNAPSHOT-tests.jar:/home/user/.m2/repository/org/apache/hadoop/hadoop-hdds-hadoop-dependency-client/1.1.0-SNAPSHOT/hadoop-hdds-hadoop-dependency-client-1.1.0-SNAPSHOT.jar:/home/user/.m2/repository/info/picocli/picocli/4.4.0/picocli-4.4.0.jar:/home/user/.m2/repository/com/fasterxml/jackson/core/jackson-annotations/2.10.3/jackson-annotations-2.10.3.jar:/home/user/.m2/repository/javax/annotation/javax.annotation-api/1.2/javax.annotation-api-1.2.jar:/home/user/.m2/repository/org/fusesource/leveldbjni/leveldbjni-all/1.8/leveldbjni-all-1.8.jar:/home/user/.m2/repository/org/apache/ratis/ratis-server/1.1.0-35f17fa-SNAPSHOT/ratis-server-1.1.0-35f17fa-SNAPSHOT.jar:/home/user/.m2/repository/org/apache/ratis/ratis-client/1.1.0-35f17fa-SNAPSHOT/ratis-client-1.1.0-35f17fa-SNAPSHOT.jar:/home/user/.m2/repository/org/apache/ratis/ratis-server-api/1.1.0-35f17fa-SNAPSHOT/ratis-server-api-1.1.0-35f17fa-SNAPSHOT.jar:/home/user/.m2/repository/org/apache/ratis/ratis-metrics/1.1.0-35f17fa-SNAPSHOT/ratis-metrics-1.1.0-35f17fa-SNAPSHOT.jar:/home/user/.m2/repository/org/apache/ratis/ratis-netty/1.1.0-35f17fa-SNAPSHOT/ratis-netty-1.1.0-35f17fa-SNAPSHOT.jar:/home/user/.m2/repository/org/apache/ratis/ratis-grpc/1.1.0-35f17fa-SNAPSHOT/ratis-grpc-1.1.0-35f17fa-SNAPSHOT.jar:/home/user/.m2/repository/org/apache/logging/log4j/log4j-api/2.13.3/log4j-api-2.13.3.jar:/home/user/.m2/repository/org/apache/logging/log4j/log4j-core/2.13.3/log4j-core-2.13.3.jar:/home/user/.m2/repository/com/lmax/disruptor/3.4.2/disruptor-3.4.2.jar:/home/user/.m2/repository/org/apache/commons/commons-pool2/2.6.0/commons-pool2-2.6.0.jar:/home/user/.m2/repository/org/bouncycastle/bcpkix-jdk15on/1.67/bcpkix-jdk15on-1.67.jar:/home/user/.m2/repository/commons-validator/commons-validator/1.6/commons-validator-1.6.jar:/home/user/.m2/repository/commons-beanutils/commons-beanutils/1.9.4/commons-beanutils-1.9.4.jar:/home/user/.m2/repository/commons-digester/commons-digester/1.8.1/commons-digester-1.8.1.jar:/home/user/.m2/repository/commons-collections/commons-collections/3.2.2/commons-collections-3.2.2.jar:/home/user/.m2/repository/io/jaegertracing/jaeger-client/1.2.0/jaeger-client-1.2.0.jar:/home/user/.m2/repository/io/jaegertracing/jaeger-thrift/1.2.0/jaeger-thrift-1.2.0.jar:/home/user/.m2/repository/org/apache/thrift/libthrift/0.13.0/libthrift-0.13.0.jar:/home/user/.m2/repository/com/squareup/okhttp3/okhttp/4.2.2/okhttp-4.2.2.jar:/home/user/.m2/repository/com/squareup/okio/okio/2.2.2/okio-2.2.2.jar:/home/user/.m2/repository/org/jetbrains/kotlin/kotlin-stdlib/1.3.50/kotlin-stdlib-1.3.50.jar:/home/user/.m2/repository/org/jetbrains/kotlin/kotlin-stdlib-common/1.3.50/kotlin-stdlib-common-1.3.50.jar:/home/user/.m2/repository/org/jetbrains/annotations/13.0/annotations-13.0.jar:/home/user/.m2/repository/io/jaegertracing/jaeger-core/1.2.0/jaeger-core-1.2.0.jar:/home/user/.m2/repository/io/jaegertracing/jaeger-tracerresolver/1.2.0/jaeger-tracerresolver-1.2.0.jar:/home/user/.m2/repository/io/opentracing/contrib/opentracing-tracerresolver/0.1.8/opentracing-tracerresolver-0.1.8.jar:/home/user/.m2/repository/io/opentracing/opentracing-util/0.33.0/opentracing-util-0.33.0.jar:/home/user/.m2/repository/io/opentracing/opentracing-api/0.33.0/opentracing-api-0.33.0.jar:/home/user/.m2/repository/io/opentracing/opentracing-noop/0.33.0/opentracing-noop-0.33.0.jar:/home/user/.m2/repository/org/yaml/snakeyaml/1.26/snakeyaml-1.26.jar:/home/user/.m2/repository/junit/junit/4.11/junit-4.11.jar:/home/user/.m2/repository/org/hamcrest/hamcrest-core/1.3/hamcrest-core-1.3.jar:/home/user/.m2/repository/org/openjdk/jmh/jmh-core/1.19/jmh-core-1.19.jar:/home/user/.m2/repository/net/sf/jopt-simple/jopt-simple/4.6/jopt-simple-4.6.jar:/home/user/.m2/repository/org/apache/commons/commons-math3/3.1.1/commons-math3-3.1.1.jar:/home/user/.m2/repository/org/openjdk/jmh/jmh-generator-annprocess/1.19/jmh-generator-annprocess-1.19.jar:/home/user/.m2/repository/org/mockito/mockito-all/1.8.5/mockito-all-1.8.5.jar:/home/user/.m2/repository/org/apache/hadoop/hadoop-kms/3.2.1/hadoop-kms-3.2.1.jar:/home/user/.m2/repository/org/apache/hadoop/hadoop-auth/3.2.1/hadoop-auth-3.2.1.jar:/home/user/.m2/repository/com/nimbusds/nimbus-jose-jwt/7.9/nimbus-jose-jwt-7.9.jar:/home/user/.m2/repository/com/github/stephenc/jcip/jcip-annotations/1.0-1/jcip-annotations-1.0-1.jar:/home/user/.m2/repository/net/minidev/json-smart/2.3/json-smart-2.3.jar:/home/user/.m2/repository/net/minidev/accessors-smart/1.2/accessors-smart-1.2.jar:/home/user/.m2/repository/org/ow2/asm/asm/5.0.4/asm-5.0.4.jar:/home/user/.m2/repository/org/apache/zookeeper/zookeeper/3.4.13/zookeeper-3.4.13.jar:/home/user/.m2/repository/org/apache/yetus/audience-annotations/0.5.0/audience-annotations-0.5.0.jar:/home/user/.m2/repository/org/apache/curator/curator-framework/2.13.0/curator-framework-2.13.0.jar:/home/user/.m2/repository/com/sun/jersey/jersey-core/1.19/jersey-core-1.19.jar:/home/user/.m2/repository/javax/ws/rs/jsr311-api/1.1.1/jsr311-api-1.1.1.jar:/home/user/.m2/repository/com/sun/jersey/jersey-server/1.19/jersey-server-1.19.jar:/home/user/.m2/repository/javax/servlet/javax.servlet-api/3.1.0/javax.servlet-api-3.1.0.jar:/home/user/.m2/repository/org/eclipse/jetty/jetty-server/9.4.34.v20201102/jetty-server-9.4.34.v20201102.jar:/home/user/.m2/repository/org/eclipse/jetty/jetty-http/9.4.34.v20201102/jetty-http-9.4.34.v20201102.jar:/home/user/.m2/repository/org/eclipse/jetty/jetty-io/9.4.34.v20201102/jetty-io-9.4.34.v20201102.jar:/home/user/.m2/repository/org/eclipse/jetty/jetty-webapp/9.4.34.v20201102/jetty-webapp-9.4.34.v20201102.jar:/home/user/.m2/repository/org/eclipse/jetty/jetty-xml/9.4.34.v20201102/jetty-xml-9.4.34.v20201102.jar:/home/user/.m2/repository/org/apache/hadoop/hadoop-common/3.2.1/hadoop-common-3.2.1.jar:/home/user/.m2/repository/commons-net/commons-net/3.6/commons-net-3.6.jar:/home/user/.m2/repository/com/sun/jersey/jersey-servlet/1.19/jersey-servlet-1.19.jar:/home/user/.m2/repository/com/sun/jersey/jersey-json/1.19/jersey-json-1.19.jar:/home/user/.m2/repository/org/codehaus/jettison/jettison/1.1/jettison-1.1.jar:/home/user/.m2/repository/org/codehaus/jackson/jackson-jaxrs/1.9.2/jackson-jaxrs-1.9.2.jar:/home/user/.m2/repository/org/codehaus/jackson/jackson-xc/1.9.2/jackson-xc-1.9.2.jar:/home/user/.m2/repository/org/apache/commons/commons-configuration2/2.1.1/commons-configuration2-2.1.1.jar:/home/user/.m2/repository/org/apache/commons/commons-text/1.4/commons-text-1.4.jar:/home/user/.m2/repository/com/google/re2j/re2j/1.1/re2j-1.1.jar:/home/user/.m2/repository/com/jcraft/jsch/0.1.54/jsch-0.1.54.jar:/home/user/.m2/repository/org/apache/curator/curator-client/2.13.0/curator-client-2.13.0.jar:/home/user/.m2/repository/org/apache/curator/curator-recipes/2.13.0/curator-recipes-2.13.0.jar:/home/user/.m2/repository/dnsjava/dnsjava/2.1.7/dnsjava-2.1.7.jar:/home/user/.m2/repository/org/slf4j/jul-to-slf4j/1.7.30/jul-to-slf4j-1.7.30.jar:/home/user/.m2/repository/org/eclipse/jetty/jetty-util/9.4.34.v20201102/jetty-util-9.4.34.v20201102.jar:/home/user/.m2/repository/com/fasterxml/jackson/core/jackson-databind/2.10.3/jackson-databind-2.10.3.jar:/home/user/.m2/repository/org/apache/hadoop/hadoop-kms/3.2.1/hadoop-kms-3.2.1-tests.jar:/home/user/.m2/repository/org/apache/hadoop/hadoop-hdds-server-scm/1.1.0-SNAPSHOT/hadoop-hdds-server-scm-1.1.0-SNAPSHOT-tests.jar:/home/user/.m2/repository/org/apache/hadoop/hadoop-hdds-container-service/1.1.0-SNAPSHOT/hadoop-hdds-container-service-1.1.0-SNAPSHOT-tests.jar:/home/user/.m2/repository/commons-codec/commons-codec/1.11/commons-codec-1.11.jar:/home/user/.m2/repository/org/apache/hadoop/hadoop-hdds-hadoop-dependency-test/1.1.0-SNAPSHOT/hadoop-hdds-hadoop-dependency-test-1.1.0-SNAPSHOT.jar:/home/user/.m2/repository/org/apache/hadoop/hadoop-common/3.2.1/hadoop-common-3.2.1-tests.jar:/home/user/.m2/repository/org/apache/hadoop/hadoop-hdfs/3.2.1/hadoop-hdfs-3.2.1-tests.jar:/home/user/.m2/repository/org/eclipse/jetty/jetty-util-ajax/9.4.34.v20201102/jetty-util-ajax-9.4.34.v20201102.jar:/home/user/.m2/repository/commons-daemon/commons-daemon/1.0.13/commons-daemon-1.0.13.jar:/home/user/.m2/repository/io/netty/netty/3.10.5.Final/netty-3.10.5.Final.jar:/home/user/.m2/repository/io/netty/netty-all/4.1.48.Final/netty-all-4.1.48.Final.jar:/home/user/.m2/repository/org/apache/htrace/htrace-core4/4.1.0-incubating/htrace-core4-4.1.0-incubating.jar:/home/user/.m2/repository/org/apache/hadoop/hadoop-distcp/3.2.1/hadoop-distcp-3.2.1.jar:/home/user/.m2/repository/org/apache/hadoop/hadoop-mapreduce-client-jobclient/3.2.1/hadoop-mapreduce-client-jobclient-3.2.1.jar:/home/user/.m2/repository/org/apache/hadoop/hadoop-mapreduce-client-common/3.2.1/hadoop-mapreduce-client-common-3.2.1.jar:/home/user/.m2/repository/org/apache/hadoop/hadoop-yarn-common/3.2.1/hadoop-yarn-common-3.2.1.jar:/home/user/.m2/repository/org/apache/hadoop/hadoop-yarn-api/3.2.1/hadoop-yarn-api-3.2.1.jar:/home/user/.m2/repository/com/sun/jersey/jersey-client/1.19/jersey-client-1.19.jar:/home/user/.m2/repository/com/sun/jersey/contribs/jersey-guice/1.19/jersey-guice-1.19.jar:/home/user/.m2/repository/com/fasterxml/jackson/jaxrs/jackson-jaxrs-json-provider/2.10.3/jackson-jaxrs-json-provider-2.10.3.jar:/home/user/.m2/repository/com/fasterxml/jackson/jaxrs/jackson-jaxrs-base/2.10.3/jackson-jaxrs-base-2.10.3.jar:/home/user/.m2/repository/org/apache/hadoop/hadoop-yarn-client/3.2.1/hadoop-yarn-client-3.2.1.jar:/home/user/.m2/repository/org/apache/hadoop/hadoop-mapreduce-client-core/3.2.1/hadoop-mapreduce-client-core-3.2.1.jar:/home/user/.m2/repository/org/apache/avro/avro/1.7.7/avro-1.7.7.jar:/home/user/.m2/repository/org/codehaus/jackson/jackson-core-asl/1.9.13/jackson-core-asl-1.9.13.jar:/home/user/.m2/repository/org/codehaus/jackson/jackson-mapper-asl/1.9.13/jackson-mapper-asl-1.9.13.jar:/home/user/.m2/repository/com/thoughtworks/paranamer/paranamer/2.3/paranamer-2.3.jar:/home/user/.m2/repository/org/xerial/snappy/snappy-java/1.0.5/snappy-java-1.0.5.jar:/home/user/.m2/repository/org/apache/hadoop/hadoop-annotations/3.2.1/hadoop-annotations-3.2.1.jar:/usr/lib/jvm/java-1.8.0-openjdk-1.8.0.232.b09-0.el7_7.x86_64/jre/../lib/tools.jar:/home/user/.m2/repository/org/apache/hadoop/hadoop-distcp/3.2.1/hadoop-distcp-3.2.1-tests.jar:"/>
    <property name="sun.cpu.endian" value="little"/>
    <property name="user.home" value="/home/user"/>
    <property name="user.language" value="en"/>
    <property name="java.specification.vendor" value="Oracle Corporation"/>
    <property name="java.home" value="/usr/lib/jvm/java-1.8.0-openjdk-1.8.0.232.b09-0.el7_7.x86_64/jre"/>
    <property name="java.security.krb5.conf" value="/github/workspace/mnt/ozone/hadoop-ozone/integration-test/target/test-classes/krb5.conf"/>
    <property name="basedir" value="/github/workspace/mnt/ozone/hadoop-ozone/integration-test"/>
    <property name="file.separator" value="/"/>
    <property name="line.separator" value="&#10;"/>
    <property name="java.vm.specification.vendor" value="Oracle Corporation"/>
    <property name="java.specification.name" value="Java Platform API Specification"/>
    <property name="java.awt.graphicsenv" value="sun.awt.X11GraphicsEnvironment"/>
    <property name="skip.installnpx" value="true"/>
    <property name="surefire.real.class.path" value="/github/workspace/mnt/ozone/hadoop-ozone/integration-test/target/surefire/surefirebooter2988054100547834154.jar:/home/user/.m2/repository/org/jacoco/org.jacoco.agent/0.8.5/org.jacoco.agent-0.8.5-runtime.jar"/>
    <property name="hadoop.log.dir" value="/github/workspace/mnt/ozone/hadoop-ozone/integration-test/target/log"/>
    <property name="sun.boot.class.path" value="/usr/lib/jvm/java-1.8.0-openjdk-1.8.0.232.b09-0.el7_7.x86_64/jre/lib/resources.jar:/usr/lib/jvm/java-1.8.0-openjdk-1.8.0.232.b09-0.el7_7.x86_64/jre/lib/rt.jar:/usr/lib/jvm/java-1.8.0-openjdk-1.8.0.232.b09-0.el7_7.x86_64/jre/lib/sunrsasign.jar:/usr/lib/jvm/java-1.8.0-openjdk-1.8.0.232.b09-0.el7_7.x86_64/jre/lib/jsse.jar:/usr/lib/jvm/java-1.8.0-openjdk-1.8.0.232.b09-0.el7_7.x86_64/jre/lib/jce.jar:/usr/lib/jvm/java-1.8.0-openjdk-1.8.0.232.b09-0.el7_7.x86_64/jre/lib/charsets.jar:/usr/lib/jvm/java-1.8.0-openjdk-1.8.0.232.b09-0.el7_7.x86_64/jre/lib/jfr.jar:/usr/lib/jvm/java-1.8.0-openjdk-1.8.0.232.b09-0.el7_7.x86_64/jre/classes"/>
    <property name="sun.management.compiler" value="HotSpot 64-Bit Tiered Compilers"/>
    <property name="skip.npx" value="true"/>
    <property name="java.runtime.version" value="1.8.0_232-b09"/>
    <property name="java.net.preferIPv4Stack" value="true"/>
    <property name="user.name" value="jenkins1001"/>
    <property name="path.separator" value=":"/>
    <property name="java.security.egd" value="file:///dev/urandom"/>
    <property name="os.version" value="5.4.0-1032-azure"/>
    <property name="java.endorsed.dirs" value="/usr/lib/jvm/java-1.8.0-openjdk-1.8.0.232.b09-0.el7_7.x86_64/jre/lib/endorsed"/>
    <property name="java.runtime.name" value="OpenJDK Runtime Environment"/>
    <property name="file.encoding" value="ANSI_X3.4-1968"/>
    <property name="java.vm.name" value="OpenJDK 64-Bit Server VM"/>
    <property name="test.build.webapps" value=""/>
    <property name="localRepository" value="/home/user/.m2/repository"/>
    <property name="java.vendor.url.bug" value="http://bugreport.sun.com/bugreport/"/>
    <property name="java.io.tmpdir" value="/tmp"/>
    <property name="require.test.libhadoop" value=""/>
    <property name="java.version" value="1.8.0_232"/>
    <property name="user.dir" value="/github/workspace/mnt/ozone/hadoop-ozone/integration-test"/>
    <property name="os.arch" value="amd64"/>
    <property name="java.vm.specification.name" value="Java Virtual Machine Specification"/>
    <property name="test.build.classes" value="/github/workspace/mnt/ozone/hadoop-ozone/integration-test/target/test-classes"/>
    <property name="java.awt.printerjob" value="sun.print.PSPrinterJob"/>
    <property name="sun.os.patch.level" value="unknown"/>
    <property name="hadoop.tmp.dir" value="/github/workspace/mnt/ozone/hadoop-ozone/integration-test/target/tmp"/>
    <property name="java.library.path" value="/usr/lib:/usr/java/packages/lib/amd64:/usr/lib64:/lib64:/lib:/usr/lib"/>
    <property name="java.vm.info" value="mixed mode"/>
    <property name="java.vendor" value="Oracle Corporation"/>
    <property name="java.vm.version" value="25.232-b09"/>
    <property name="java.ext.dirs" value="/usr/lib/jvm/java-1.8.0-openjdk-1.8.0.232.b09-0.el7_7.x86_64/jre/lib/ext:/usr/java/packages/lib/ext"/>
    <property name="sun.io.unicode.encoding" value="UnicodeLittle"/>
    <property name="java.class.version" value="52.0"/>
  </properties>
  <testcase name="testStoppedMaintenanceNodeTakesScmStateOnRestart" classname="org.apache.hadoop.ozone.scm.node.TestDecommissionAndMaintenance" time="69.749"/>
  <testcase name="testContainerIsReplicatedWhenAllNodesGotoMaintenance" classname="org.apache.hadoop.ozone.scm.node.TestDecommissionAndMaintenance" time="64.767">
    <failure message="expected:&lt;5&gt; but was:&lt;6&gt;" type="junit.framework.AssertionFailedError"><![CDATA[junit.framework.AssertionFailedError: expected:<5> but was:<6>
	at junit.framework.Assert.fail(Assert.java:57)
	at junit.framework.Assert.failNotEquals(Assert.java:329)
	at junit.framework.Assert.assertEquals(Assert.java:78)
	at junit.framework.Assert.assertEquals(Assert.java:234)
	at junit.framework.Assert.assertEquals(Assert.java:241)
	at junit.framework.TestCase.assertEquals(TestCase.java:409)
	at org.apache.hadoop.ozone.scm.node.TestDecommissionAndMaintenance.testContainerIsReplicatedWhenAllNodesGotoMaintenance(TestDecommissionAndMaintenance.java:396)
	at sun.reflect.NativeMethodAccessorImpl.invoke0(Native Method)
	at sun.reflect.NativeMethodAccessorImpl.invoke(NativeMethodAccessorImpl.java:62)
	at sun.reflect.DelegatingMethodAccessorImpl.invoke(DelegatingMethodAccessorImpl.java:43)
	at java.lang.reflect.Method.invoke(Method.java:498)
	at org.junit.runners.model.FrameworkMethod$1.runReflectiveCall(FrameworkMethod.java:47)
	at org.junit.internal.runners.model.ReflectiveCallable.run(ReflectiveCallable.java:12)
	at org.junit.runners.model.FrameworkMethod.invokeExplosively(FrameworkMethod.java:44)
	at org.junit.internal.runners.statements.InvokeMethod.evaluate(InvokeMethod.java:17)
	at org.junit.internal.runners.statements.RunBefores.evaluate(RunBefores.java:26)
	at org.junit.internal.runners.statements.RunAfters.evaluate(RunAfters.java:27)
	at org.junit.runners.ParentRunner.runLeaf(ParentRunner.java:271)
	at org.junit.runners.BlockJUnit4ClassRunner.runChild(BlockJUnit4ClassRunner.java:70)
	at org.junit.runners.BlockJUnit4ClassRunner.runChild(BlockJUnit4ClassRunner.java:50)
	at org.junit.runners.ParentRunner$3.run(ParentRunner.java:238)
	at org.junit.runners.ParentRunner$1.schedule(ParentRunner.java:63)
	at org.junit.runners.ParentRunner.runChildren(ParentRunner.java:236)
	at org.junit.runners.ParentRunner.access$000(ParentRunner.java:53)
	at org.junit.runners.ParentRunner$2.evaluate(ParentRunner.java:229)
	at org.junit.runners.ParentRunner.run(ParentRunner.java:309)
	at org.apache.maven.surefire.junit4.JUnit4Provider.execute(JUnit4Provider.java:365)
	at org.apache.maven.surefire.junit4.JUnit4Provider.executeWithRerun(JUnit4Provider.java:273)
	at org.apache.maven.surefire.junit4.JUnit4Provider.executeTestSet(JUnit4Provider.java:238)
	at org.apache.maven.surefire.junit4.JUnit4Provider.invoke(JUnit4Provider.java:159)
	at org.apache.maven.surefire.booter.ForkedBooter.invokeProviderInSameClassLoader(ForkedBooter.java:384)
	at org.apache.maven.surefire.booter.ForkedBooter.runSuitesInProcess(ForkedBooter.java:345)
	at org.apache.maven.surefire.booter.ForkedBooter.execute(ForkedBooter.java:126)
	at org.apache.maven.surefire.booter.ForkedBooter.main(ForkedBooter.java:418)
]]></failure>
    <system-out><![CDATA[2021-01-10 09:02:51,539 [Listener at 127.0.0.1/34345] WARN  server.ServerUtils (ServerUtils.java:getScmDbDir(148)) - ozone.scm.db.dirs is not configured. We recommend adding this setting. Falling back to ozone.metadata.dirs instead.
2021-01-10 09:02:51,541 [Listener at 127.0.0.1/34345] WARN  server.ServerUtils (ServerUtils.java:getScmDbDir(148)) - ozone.scm.db.dirs is not configured. We recommend adding this setting. Falling back to ozone.metadata.dirs instead.
2021-01-10 09:02:51,542 [Listener at 127.0.0.1/34345] WARN  db.DBStoreBuilder (DBStoreBuilder.java:applyDBDefinition(145)) - ozone.scm.db.dirs is not configured. We recommend adding this setting. Falling back to ozone.metadata.dirs instead.
2021-01-10 09:02:51,568 [Listener at 127.0.0.1/34345] INFO  net.NodeSchemaLoader (NodeSchemaLoader.java:loadSchemaFromFile(126)) - Loading file from sun.misc.CompoundEnumeration@1ad7892
2021-01-10 09:02:51,568 [Listener at 127.0.0.1/34345] INFO  net.NodeSchemaLoader (NodeSchemaLoader.java:loadSchema(172)) - Loading network topology layer schema file
2021-01-10 09:02:51,571 [Listener at 127.0.0.1/34345] INFO  node.SCMNodeManager (SCMNodeManager.java:<init>(123)) - Entering startup safe mode.
2021-01-10 09:02:51,571 [Listener at 127.0.0.1/34345] INFO  algorithms.ContainerPlacementPolicyFactory (ContainerPlacementPolicyFactory.java:getPolicy(60)) - Create container placement policy of type org.apache.hadoop.hdds.scm.container.placement.algorithms.SCMContainerPlacementRandom
2021-01-10 09:02:51,572 [Listener at 127.0.0.1/34345] INFO  algorithms.LeaderChoosePolicyFactory (LeaderChoosePolicyFactory.java:getPolicy(57)) - Create leader choose policy of type org.apache.hadoop.hdds.scm.pipeline.leader.choose.algorithms.MinLeaderCountChoosePolicy
2021-01-10 09:02:51,572 [Listener at 127.0.0.1/34345] INFO  pipeline.SCMPipelineManager (SCMPipelineManager.java:initializePipelineState(161)) - No pipeline exists in current db
2021-01-10 09:02:51,572 [Listener at 127.0.0.1/34345] INFO  algorithms.PipelineChoosePolicyFactory (PipelineChoosePolicyFactory.java:createPipelineChoosePolicyFromClass(75)) - Create pipeline choose policy of type org.apache.hadoop.hdds.scm.pipeline.choose.algorithms.RandomPipelineChoosePolicy
2021-01-10 09:02:51,574 [Listener at 127.0.0.1/34345] INFO  safemode.HealthyPipelineSafeModeRule (HealthyPipelineSafeModeRule.java:<init>(89)) - Total pipeline count is 0, healthy pipeline threshold count is 0
2021-01-10 09:02:51,574 [Listener at 127.0.0.1/34345] INFO  safemode.OneReplicaPipelineSafeModeRule (OneReplicaPipelineSafeModeRule.java:<init>(85)) - Total pipeline count is 0, pipeline's with at least one datanode reported threshold count is 0
2021-01-10 09:02:51,579 [Listener at 127.0.0.1/34345] INFO  ipc.CallQueueManager (CallQueueManager.java:<init>(84)) - Using callQueue: class java.util.concurrent.LinkedBlockingQueue, queueCapacity: 2000, scheduler: class org.apache.hadoop.ipc.DefaultRpcScheduler, ipcBackoff: false.
2021-01-10 09:02:51,580 [Socket Reader #1 for port 0] INFO  ipc.Server (Server.java:run(1219)) - Starting Socket Reader #1 for port 0
2021-01-10 09:02:51,585 [Listener at 0.0.0.0/34769] INFO  ipc.CallQueueManager (CallQueueManager.java:<init>(84)) - Using callQueue: class java.util.concurrent.LinkedBlockingQueue, queueCapacity: 2000, scheduler: class org.apache.hadoop.ipc.DefaultRpcScheduler, ipcBackoff: false.
2021-01-10 09:02:51,585 [Socket Reader #1 for port 0] INFO  ipc.Server (Server.java:run(1219)) - Starting Socket Reader #1 for port 0
2021-01-10 09:02:51,587 [Listener at 0.0.0.0/39967] INFO  ipc.CallQueueManager (CallQueueManager.java:<init>(84)) - Using callQueue: class java.util.concurrent.LinkedBlockingQueue, queueCapacity: 2000, scheduler: class org.apache.hadoop.ipc.DefaultRpcScheduler, ipcBackoff: false.
2021-01-10 09:02:51,588 [Socket Reader #1 for port 0] INFO  ipc.Server (Server.java:run(1219)) - Starting Socket Reader #1 for port 0
2021-01-10 09:02:51,595 [Listener at 0.0.0.0/33009] INFO  http.BaseHttpServer (BaseHttpServer.java:newHttpServer2BuilderForOzone(207)) - Starting Web-server for scm at: http://0.0.0.0:0
2021-01-10 09:02:51,595 [Listener at 0.0.0.0/33009] INFO  http.BaseHttpServer (BaseHttpServer.java:<init>(106)) - Hadoop Security Enabled: false Ozone Security Enabled: false Ozone HTTP Security Enabled: false 
2021-01-10 09:02:51,596 [Listener at 0.0.0.0/33009] INFO  server.AuthenticationFilter (AuthenticationFilter.java:constructSecretProvider(240)) - Unable to initialize FileSignerSecretProvider, falling back to use random secrets.
2021-01-10 09:02:51,597 [Listener at 0.0.0.0/33009] WARN  http.HttpRequestLog (HttpRequestLog.java:getRequestLog(103)) - Jetty request log can only be enabled using Log4j
2021-01-10 09:02:51,597 [Listener at 0.0.0.0/33009] INFO  http.HttpServer2 (HttpServer2.java:addGlobalFilter(1020)) - Added global filter 'safety' (class=org.apache.hadoop.hdds.server.http.HttpServer2$QuotingInputFilter)
2021-01-10 09:02:51,598 [Listener at 0.0.0.0/33009] INFO  http.HttpServer2 (HttpServer2.java:addFilter(996)) - Added filter static_user_filter (class=org.apache.hadoop.http.lib.StaticUserWebFilter$StaticUserFilter) to context scm
2021-01-10 09:02:51,598 [Listener at 0.0.0.0/33009] INFO  http.HttpServer2 (HttpServer2.java:addFilter(1004)) - Added filter static_user_filter (class=org.apache.hadoop.http.lib.StaticUserWebFilter$StaticUserFilter) to context static
2021-01-10 09:02:51,599 [Listener at 0.0.0.0/33009] INFO  http.HttpServer2 (HttpServer2.java:addFilter(1004)) - Added filter static_user_filter (class=org.apache.hadoop.http.lib.StaticUserWebFilter$StaticUserFilter) to context logs
2021-01-10 09:02:51,601 [Listener at 0.0.0.0/33009] INFO  server.StorageContainerManager (StorageContainerManager.java:start(789)) - StorageContainerLocationProtocol RPC server is listening at /0.0.0.0:33009
2021-01-10 09:02:51,602 [Listener at 0.0.0.0/33009] WARN  impl.MetricsConfig (MetricsConfig.java:loadFirst(134)) - Cannot locate configuration: tried hadoop-metrics2-storagecontainermanager.properties,hadoop-metrics2.properties
2021-01-10 09:02:51,603 [Listener at 0.0.0.0/33009] INFO  impl.MetricsSystemImpl (MetricsSystemImpl.java:startTimer(374)) - Scheduled Metric snapshot period at 10 second(s).
2021-01-10 09:02:51,603 [Listener at 0.0.0.0/33009] INFO  impl.MetricsSystemImpl (MetricsSystemImpl.java:start(191)) - StorageContainerManager metrics system started
2021-01-10 09:02:51,620 [Listener at 0.0.0.0/33009] WARN  impl.MetricsSystemImpl (MetricsSystemImpl.java:register(276)) - Sink prometheus already exists!
2021-01-10 09:02:51,627 [Listener at 0.0.0.0/33009] INFO  server.SCMClientProtocolServer (SCMClientProtocolServer.java:start(159)) - RPC server for Client  is listening at /0.0.0.0:33009
2021-01-10 09:02:51,631 [IPC Server Responder] INFO  ipc.Server (Server.java:run(1460)) - IPC Server Responder: starting
2021-01-10 09:02:51,631 [IPC Server listener on 0] INFO  ipc.Server (Server.java:run(1298)) - IPC Server listener on 0: starting
2021-01-10 09:02:51,640 [Listener at 0.0.0.0/33009] INFO  server.StorageContainerManager (StorageContainerManager.java:start(801)) - ScmBlockLocationProtocol RPC server is listening at /0.0.0.0:39967
2021-01-10 09:02:51,643 [Listener at 0.0.0.0/33009] INFO  server.SCMBlockProtocolServer (SCMBlockProtocolServer.java:start(150)) - RPC server for Block Protocol is listening at /0.0.0.0:39967
2021-01-10 09:02:51,644 [IPC Server Responder] INFO  ipc.Server (Server.java:run(1460)) - IPC Server Responder: starting
2021-01-10 09:02:51,644 [IPC Server listener on 0] INFO  ipc.Server (Server.java:run(1298)) - IPC Server listener on 0: starting
2021-01-10 09:02:51,652 [Listener at 0.0.0.0/33009] INFO  server.StorageContainerManager (StorageContainerManager.java:start(807)) - ScmDatanodeProtocl RPC server is listening at /0.0.0.0:34769
2021-01-10 09:02:51,652 [Listener at 0.0.0.0/33009] INFO  server.SCMDatanodeProtocolServer (SCMDatanodeProtocolServer.java:start(174)) - RPC server for DataNodes is listening at /0.0.0.0:34769
2021-01-10 09:02:51,653 [IPC Server Responder] INFO  ipc.Server (Server.java:run(1460)) - IPC Server Responder: starting
2021-01-10 09:02:51,657 [IPC Server listener on 0] INFO  ipc.Server (Server.java:run(1298)) - IPC Server listener on 0: starting
2021-01-10 09:02:51,664 [Listener at 0.0.0.0/33009] INFO  http.HttpServer2 (HttpServer2.java:bindListener(1238)) - Jetty bound to port 36773
2021-01-10 09:02:51,664 [Listener at 0.0.0.0/33009] INFO  server.Server (Server.java:doStart(375)) - jetty-9.4.34.v20201102; built: 2020-11-02T14:15:39.302Z; git: e46af88704a893fc12cb0e3bf46e2c7b48a009e7; jvm 1.8.0_232-b09
2021-01-10 09:02:51,665 [Listener at 0.0.0.0/33009] INFO  server.session (DefaultSessionIdManager.java:doStart(334)) - DefaultSessionIdManager workerName=node0
2021-01-10 09:02:51,666 [Listener at 0.0.0.0/33009] INFO  server.session (DefaultSessionIdManager.java:doStart(339)) - No SessionScavenger set, using defaults
2021-01-10 09:02:51,666 [Listener at 0.0.0.0/33009] INFO  server.session (HouseKeeper.java:startScavenging(132)) - node0 Scavenging every 660000ms
2021-01-10 09:02:51,666 [Listener at 0.0.0.0/33009] INFO  handler.ContextHandler (ContextHandler.java:doStart(916)) - Started o.e.j.s.ServletContextHandler@51173c3a{logs,/logs,file:///github/workspace/mnt/ozone/hadoop-ozone/integration-test/target/log,AVAILABLE}
2021-01-10 09:02:51,667 [Listener at 0.0.0.0/33009] INFO  handler.ContextHandler (ContextHandler.java:doStart(916)) - Started o.e.j.s.ServletContextHandler@355c236b{static,/static,file:///github/workspace/mnt/ozone/hadoop-ozone/integration-test/target/test-classes/webapps/static,AVAILABLE}
2021-01-10 09:02:51,670 [Listener at 0.0.0.0/33009] INFO  handler.ContextHandler (ContextHandler.java:doStart(916)) - Started o.e.j.w.WebAppContext@63e67888{scm,/,file:///github/workspace/mnt/ozone/hadoop-ozone/integration-test/target/test-classes/webapps/scm/,AVAILABLE}{file:/github/workspace/mnt/ozone/hadoop-ozone/integration-test/target/test-classes/webapps/scm}
2021-01-10 09:02:51,671 [Listener at 0.0.0.0/33009] INFO  server.AbstractConnector (AbstractConnector.java:doStart(331)) - Started ServerConnector@6844b46a{HTTP/1.1, (http/1.1)}{0.0.0.0:36773}
2021-01-10 09:02:51,671 [Listener at 0.0.0.0/33009] INFO  server.Server (Server.java:doStart(415)) - Started @70703ms
2021-01-10 09:02:51,671 [Listener at 0.0.0.0/33009] WARN  impl.MetricsSystemImpl (MetricsSystemImpl.java:register(276)) - Sink prometheus already exists!
2021-01-10 09:02:51,674 [Listener at 0.0.0.0/33009] INFO  http.BaseHttpServer (BaseHttpServer.java:updateConnectorAddress(327)) - HTTP server of scm listening at http://0.0.0.0:36773
2021-01-10 09:02:51,675 [Listener at 0.0.0.0/33009] WARN  server.ServerUtils (ServerUtils.java:getDBPath(225)) - ozone.om.db.dirs is not configured. We recommend adding this setting. Falling back to ozone.metadata.dirs instead.
2021-01-10 09:02:51,675 [org.apache.hadoop.util.JvmPauseMonitor$Monitor@324bb7fb] INFO  util.JvmPauseMonitor (JvmPauseMonitor.java:run(188)) - Starting JVM pause monitor
2021-01-10 09:02:51,676 [Listener at 0.0.0.0/33009] INFO  ha.OMHANodeDetails (OMHANodeDetails.java:loadOMHAConfig(104)) - ozone.om.internal.service.id is not defined, falling back to ozone.om.service.ids to find serviceID for OzoneManager if it is HA enabled cluster
2021-01-10 09:02:51,676 [Listener at 0.0.0.0/33009] INFO  ha.OMHANodeDetails (OMHANodeDetails.java:loadOMHAConfig(213)) - Configuration either no ozone.om.address set. Falling back to the default OM address /127.0.0.1:0
2021-01-10 09:02:51,677 [Listener at 0.0.0.0/33009] INFO  ha.OMHANodeDetails (OMHANodeDetails.java:getOMNodeDetails(241)) - OM Service ID is not set. Setting it to the default ID: omServiceIdDefault
2021-01-10 09:02:51,677 [Listener at 0.0.0.0/33009] WARN  server.ServerUtils (ServerUtils.java:getDBPath(225)) - ozone.om.db.dirs is not configured. We recommend adding this setting. Falling back to ozone.metadata.dirs instead.
2021-01-10 09:02:51,677 [Listener at 0.0.0.0/33009] WARN  server.ServerUtils (ServerUtils.java:getDBPath(225)) - ozone.om.db.dirs is not configured. We recommend adding this setting. Falling back to ozone.metadata.dirs instead.
2021-01-10 09:02:51,682 [Listener at 0.0.0.0/33009] WARN  server.ServerUtils (ServerUtils.java:getDBPath(225)) - ozone.om.db.dirs is not configured. We recommend adding this setting. Falling back to ozone.metadata.dirs instead.
2021-01-10 09:02:51,684 [Listener at 0.0.0.0/33009] INFO  codec.OmKeyInfoCodec (OmKeyInfoCodec.java:<init>(41)) - OmKeyInfoCodec ignorePipeline = true
2021-01-10 09:02:51,684 [Listener at 0.0.0.0/33009] INFO  codec.RepeatedOmKeyInfoCodec (RepeatedOmKeyInfoCodec.java:<init>(40)) - RepeatedOmKeyInfoCodec ignorePipeline = true
2021-01-10 09:02:51,733 [Listener at 0.0.0.0/33009] INFO  om.OzoneManager (OzoneManager.java:addS3GVolumeToDB(3738)) - Created Volume s3v With Owner jenkins1001 required for S3Gateway operations.
2021-01-10 09:02:51,734 [Listener at 0.0.0.0/33009] INFO  ipc.CallQueueManager (CallQueueManager.java:<init>(84)) - Using callQueue: class java.util.concurrent.LinkedBlockingQueue, queueCapacity: 2000, scheduler: class org.apache.hadoop.ipc.DefaultRpcScheduler, ipcBackoff: false.
2021-01-10 09:02:51,735 [Socket Reader #1 for port 0] INFO  ipc.Server (Server.java:run(1219)) - Starting Socket Reader #1 for port 0
2021-01-10 09:02:51,750 [Listener at 127.0.0.1/45243] INFO  impl.MetricsSystemImpl (MetricsSystemImpl.java:init(158)) - OzoneManager metrics system started (again)
2021-01-10 09:02:51,751 [Listener at 127.0.0.1/45243] INFO  om.OzoneManager (OzoneManager.java:start(1160)) - OzoneManager RPC server is listening at localhost/127.0.0.1:45243
2021-01-10 09:02:51,778 [Listener at 127.0.0.1/45243] INFO  http.BaseHttpServer (BaseHttpServer.java:newHttpServer2BuilderForOzone(207)) - Starting Web-server for ozoneManager at: http://0.0.0.0:0
2021-01-10 09:02:51,779 [Listener at 127.0.0.1/45243] INFO  http.BaseHttpServer (BaseHttpServer.java:<init>(106)) - Hadoop Security Enabled: false Ozone Security Enabled: false Ozone HTTP Security Enabled: false 
2021-01-10 09:02:51,780 [Listener at 127.0.0.1/45243] INFO  server.AuthenticationFilter (AuthenticationFilter.java:constructSecretProvider(240)) - Unable to initialize FileSignerSecretProvider, falling back to use random secrets.
2021-01-10 09:02:51,781 [Listener at 127.0.0.1/45243] WARN  http.HttpRequestLog (HttpRequestLog.java:getRequestLog(103)) - Jetty request log can only be enabled using Log4j
2021-01-10 09:02:51,782 [Listener at 127.0.0.1/45243] INFO  http.HttpServer2 (HttpServer2.java:addGlobalFilter(1020)) - Added global filter 'safety' (class=org.apache.hadoop.hdds.server.http.HttpServer2$QuotingInputFilter)
2021-01-10 09:02:51,783 [Listener at 127.0.0.1/45243] INFO  http.HttpServer2 (HttpServer2.java:addFilter(996)) - Added filter static_user_filter (class=org.apache.hadoop.http.lib.StaticUserWebFilter$StaticUserFilter) to context ozoneManager
2021-01-10 09:02:51,783 [Listener at 127.0.0.1/45243] INFO  http.HttpServer2 (HttpServer2.java:addFilter(1004)) - Added filter static_user_filter (class=org.apache.hadoop.http.lib.StaticUserWebFilter$StaticUserFilter) to context static
2021-01-10 09:02:51,783 [Listener at 127.0.0.1/45243] INFO  http.HttpServer2 (HttpServer2.java:addFilter(1004)) - Added filter static_user_filter (class=org.apache.hadoop.http.lib.StaticUserWebFilter$StaticUserFilter) to context logs
2021-01-10 09:02:51,784 [Listener at 127.0.0.1/45243] INFO  http.HttpServer2 (HttpServer2.java:bindListener(1238)) - Jetty bound to port 36323
2021-01-10 09:02:51,784 [Listener at 127.0.0.1/45243] INFO  server.Server (Server.java:doStart(375)) - jetty-9.4.34.v20201102; built: 2020-11-02T14:15:39.302Z; git: e46af88704a893fc12cb0e3bf46e2c7b48a009e7; jvm 1.8.0_232-b09
2021-01-10 09:02:51,786 [Listener at 127.0.0.1/45243] INFO  server.session (DefaultSessionIdManager.java:doStart(334)) - DefaultSessionIdManager workerName=node0
2021-01-10 09:02:51,786 [Listener at 127.0.0.1/45243] INFO  server.session (DefaultSessionIdManager.java:doStart(339)) - No SessionScavenger set, using defaults
2021-01-10 09:02:51,786 [Listener at 127.0.0.1/45243] INFO  server.session (HouseKeeper.java:startScavenging(132)) - node0 Scavenging every 660000ms
2021-01-10 09:02:51,787 [Listener at 127.0.0.1/45243] INFO  handler.ContextHandler (ContextHandler.java:doStart(916)) - Started o.e.j.s.ServletContextHandler@1ec2726f{logs,/logs,file:///github/workspace/mnt/ozone/hadoop-ozone/integration-test/target/log,AVAILABLE}
2021-01-10 09:02:51,787 [Listener at 127.0.0.1/45243] INFO  handler.ContextHandler (ContextHandler.java:doStart(916)) - Started o.e.j.s.ServletContextHandler@3f1e530c{static,/static,file:///github/workspace/mnt/ozone/hadoop-ozone/integration-test/target/test-classes/webapps/static,AVAILABLE}
2021-01-10 09:02:51,790 [Listener at 127.0.0.1/45243] INFO  handler.ContextHandler (ContextHandler.java:doStart(916)) - Started o.e.j.w.WebAppContext@416bf563{ozoneManager,/,file:///github/workspace/mnt/ozone/hadoop-ozone/integration-test/target/test-classes/webapps/ozoneManager/,AVAILABLE}{file:/github/workspace/mnt/ozone/hadoop-ozone/integration-test/target/test-classes/webapps/ozoneManager}
2021-01-10 09:02:51,791 [Listener at 127.0.0.1/45243] INFO  server.AbstractConnector (AbstractConnector.java:doStart(331)) - Started ServerConnector@7b301349{HTTP/1.1, (http/1.1)}{0.0.0.0:36323}
2021-01-10 09:02:51,791 [Listener at 127.0.0.1/45243] INFO  server.Server (Server.java:doStart(415)) - Started @70824ms
2021-01-10 09:02:51,791 [Listener at 127.0.0.1/45243] WARN  impl.MetricsSystemImpl (MetricsSystemImpl.java:register(276)) - Sink prometheus already exists!
2021-01-10 09:02:56,798 [Listener at 127.0.0.1/45243] INFO  http.BaseHttpServer (BaseHttpServer.java:updateConnectorAddress(327)) - HTTP server of ozoneManager listening at http://0.0.0.0:36323
2021-01-10 09:02:56,799 [IPC Server Responder] INFO  ipc.Server (Server.java:run(1460)) - IPC Server Responder: starting
2021-01-10 09:02:56,799 [IPC Server listener on 0] INFO  ipc.Server (Server.java:run(1298)) - IPC Server listener on 0: starting
2021-01-10 09:02:56,809 [Listener at 127.0.0.1/45243] INFO  om.OzoneManager (OzoneManager.java:startTrashEmptier(1281)) - Trash Interval set to 0. Files deleted will not move to trash
2021-01-10 09:02:56,809 [org.apache.hadoop.util.JvmPauseMonitor$Monitor@1fb5eda7] INFO  util.JvmPauseMonitor (JvmPauseMonitor.java:run(188)) - Starting JVM pause monitor
2021-01-10 09:02:56,823 [Listener at 127.0.0.1/45243] INFO  impl.MetricsSystemImpl (MetricsSystemImpl.java:init(158)) - HddsDatanode metrics system started (again)
2021-01-10 09:02:56,824 [Listener at 127.0.0.1/45243] INFO  ozone.HddsDatanodeService (HddsDatanodeService.java:start(215)) - HddsDatanodeService host:84bc77fe8d45 ip:172.17.0.2
2021-01-10 09:02:56,825 [Listener at 127.0.0.1/45243] INFO  volume.HddsVolume (HddsVolume.java:<init>(176)) - Creating Volume: /github/workspace/mnt/ozone/hadoop-ozone/integration-test/target/test-dir/MiniOzoneClusterImpl-030730bd-5c5c-4c00-b8c2-b15b15404b1a/datanode-0/data-0/containers/hdds of storage type : DISK and capacity : 9223372036854775807
2021-01-10 09:02:56,826 [Listener at 127.0.0.1/45243] INFO  volume.MutableVolumeSet (MutableVolumeSet.java:initializeVolumeSet(179)) - Added Volume : /github/workspace/mnt/ozone/hadoop-ozone/integration-test/target/test-dir/MiniOzoneClusterImpl-030730bd-5c5c-4c00-b8c2-b15b15404b1a/datanode-0/data-0/containers/hdds to VolumeSet
2021-01-10 09:02:56,826 [Listener at 127.0.0.1/45243] INFO  volume.ThrottledAsyncChecker (ThrottledAsyncChecker.java:schedule(141)) - Scheduling a check for /github/workspace/mnt/ozone/hadoop-ozone/integration-test/target/test-dir/MiniOzoneClusterImpl-030730bd-5c5c-4c00-b8c2-b15b15404b1a/datanode-0/data-0/containers/hdds
2021-01-10 09:02:56,826 [Listener at 127.0.0.1/45243] INFO  volume.HddsVolumeChecker (HddsVolumeChecker.java:checkAllVolumes(200)) - Scheduled health check for volume /github/workspace/mnt/ozone/hadoop-ozone/integration-test/target/test-dir/MiniOzoneClusterImpl-030730bd-5c5c-4c00-b8c2-b15b15404b1a/datanode-0/data-0/containers/hdds
2021-01-10 09:02:56,843 [Thread-726] INFO  ozoneimpl.ContainerReader (ContainerReader.java:readVolume(123)) - Start to verify containers on volume /github/workspace/mnt/ozone/hadoop-ozone/integration-test/target/test-dir/MiniOzoneClusterImpl-030730bd-5c5c-4c00-b8c2-b15b15404b1a/datanode-0/data-0/containers/hdds
2021-01-10 09:02:56,843 [Thread-726] INFO  ozoneimpl.ContainerReader (ContainerReader.java:readVolume(148)) - Finish verifying containers on volume /github/workspace/mnt/ozone/hadoop-ozone/integration-test/target/test-dir/MiniOzoneClusterImpl-030730bd-5c5c-4c00-b8c2-b15b15404b1a/datanode-0/data-0/containers/hdds
2021-01-10 09:02:56,843 [Listener at 127.0.0.1/45243] INFO  ozoneimpl.OzoneContainer (OzoneContainer.java:buildContainerSet(206)) - Build ContainerSet costs 0s
2021-01-10 09:02:56,845 [Listener at 127.0.0.1/45243] INFO  server.RaftServer (ConfUtils.java:logGet(44)) - raft.rpc.type = GRPC (default)
2021-01-10 09:02:56,845 [Listener at 127.0.0.1/45243] INFO  grpc.GrpcFactory (GrpcFactory.java:checkPooledByteBufAllocatorUseCacheForAllThreads(48)) - PERFORMANCE WARNING: useCacheForAllThreads is true that may cause Netty to create a lot garbage objects and, as a result, trigger GC.
	It is recommended to disable useCacheForAllThreads by setting -Dorg.apache.ratis.thirdparty.io.netty.allocator.useCacheForAllThreads=false in command line.
2021-01-10 09:02:56,845 [Listener at 127.0.0.1/45243] INFO  grpc.GrpcConfigKeys (ConfUtils.java:logGet(44)) - raft.grpc.server.port = 0 (default)
2021-01-10 09:02:56,845 [Listener at 127.0.0.1/45243] INFO  server.GrpcService (ConfUtils.java:logGet(44)) - raft.grpc.message.size.max = 32MB (=33554432) (custom)
2021-01-10 09:02:56,846 [Listener at 127.0.0.1/45243] INFO  server.RaftServerConfigKeys (ConfUtils.java:logGet(44)) - raft.server.log.appender.buffer.byte-limit = 33554432 (custom)
2021-01-10 09:02:56,846 [Listener at 127.0.0.1/45243] INFO  server.GrpcService (ConfUtils.java:logGet(44)) - raft.grpc.flow.control.window = 5MB (=5242880) (custom)
2021-01-10 09:02:56,846 [Listener at 127.0.0.1/45243] INFO  server.RaftServerConfigKeys (ConfUtils.java:logGet(44)) - raft.server.rpc.request.timeout = 60s (custom)
2021-01-10 09:02:56,847 [Listener at 127.0.0.1/45243] INFO  impl.DataStreamServerImpl (ConfUtils.java:logGet(44)) - raft.datastream.type = DISABLED (default)
2021-01-10 09:02:56,847 [Listener at 127.0.0.1/45243] INFO  server.RaftServerConfigKeys (ConfUtils.java:logGet(44)) - raft.server.rpc.slowness.timeout = 300s (custom)
2021-01-10 09:02:56,847 [Listener at 127.0.0.1/45243] INFO  server.RaftServerConfigKeys (ConfUtils.java:logGet(44)) - raft.server.leaderelection.leader.step-down.wait-time = 10s (default)
2021-01-10 09:02:56,847 [Listener at 127.0.0.1/45243] INFO  server.RaftServerConfigKeys (ConfUtils.java:logGet(44)) - raft.server.storage.dir = [/github/workspace/mnt/ozone/hadoop-ozone/integration-test/target/test-dir/MiniOzoneClusterImpl-030730bd-5c5c-4c00-b8c2-b15b15404b1a/datanode-0/data/ratis] (custom)
2021-01-10 09:02:56,853 [Listener at 127.0.0.1/45243] INFO  http.BaseHttpServer (BaseHttpServer.java:newHttpServer2BuilderForOzone(207)) - Starting Web-server for hddsDatanode at: http://0.0.0.0:0
2021-01-10 09:02:56,853 [Listener at 127.0.0.1/45243] INFO  http.BaseHttpServer (BaseHttpServer.java:<init>(106)) - Hadoop Security Enabled: false Ozone Security Enabled: false Ozone HTTP Security Enabled: false 
2021-01-10 09:02:56,858 [Listener at 127.0.0.1/45243] INFO  server.AuthenticationFilter (AuthenticationFilter.java:constructSecretProvider(240)) - Unable to initialize FileSignerSecretProvider, falling back to use random secrets.
2021-01-10 09:02:56,858 [Listener at 127.0.0.1/45243] WARN  http.HttpRequestLog (HttpRequestLog.java:getRequestLog(103)) - Jetty request log can only be enabled using Log4j
2021-01-10 09:02:56,859 [Listener at 127.0.0.1/45243] INFO  http.HttpServer2 (HttpServer2.java:addGlobalFilter(1020)) - Added global filter 'safety' (class=org.apache.hadoop.hdds.server.http.HttpServer2$QuotingInputFilter)
2021-01-10 09:02:56,860 [Listener at 127.0.0.1/45243] INFO  http.HttpServer2 (HttpServer2.java:addFilter(996)) - Added filter static_user_filter (class=org.apache.hadoop.http.lib.StaticUserWebFilter$StaticUserFilter) to context hddsDatanode
2021-01-10 09:02:56,860 [Listener at 127.0.0.1/45243] INFO  http.HttpServer2 (HttpServer2.java:addFilter(1004)) - Added filter static_user_filter (class=org.apache.hadoop.http.lib.StaticUserWebFilter$StaticUserFilter) to context logs
2021-01-10 09:02:56,860 [Listener at 127.0.0.1/45243] INFO  http.HttpServer2 (HttpServer2.java:addFilter(1004)) - Added filter static_user_filter (class=org.apache.hadoop.http.lib.StaticUserWebFilter$StaticUserFilter) to context static
2021-01-10 09:02:56,861 [Listener at 127.0.0.1/45243] INFO  http.HttpServer2 (HttpServer2.java:bindListener(1238)) - Jetty bound to port 41839
2021-01-10 09:02:56,861 [Listener at 127.0.0.1/45243] INFO  server.Server (Server.java:doStart(375)) - jetty-9.4.34.v20201102; built: 2020-11-02T14:15:39.302Z; git: e46af88704a893fc12cb0e3bf46e2c7b48a009e7; jvm 1.8.0_232-b09
2021-01-10 09:02:56,867 [Listener at 127.0.0.1/45243] INFO  server.session (DefaultSessionIdManager.java:doStart(334)) - DefaultSessionIdManager workerName=node0
2021-01-10 09:02:56,867 [Listener at 127.0.0.1/45243] INFO  server.session (DefaultSessionIdManager.java:doStart(339)) - No SessionScavenger set, using defaults
2021-01-10 09:02:56,867 [Listener at 127.0.0.1/45243] INFO  server.session (HouseKeeper.java:startScavenging(132)) - node0 Scavenging every 600000ms
2021-01-10 09:02:56,869 [Listener at 127.0.0.1/45243] INFO  handler.ContextHandler (ContextHandler.java:doStart(916)) - Started o.e.j.s.ServletContextHandler@73e2862a{logs,/logs,file:///github/workspace/mnt/ozone/hadoop-ozone/integration-test/target/log,AVAILABLE}
2021-01-10 09:02:56,870 [Listener at 127.0.0.1/45243] INFO  handler.ContextHandler (ContextHandler.java:doStart(916)) - Started o.e.j.s.ServletContextHandler@ac41f1{static,/static,jar:file:/home/user/.m2/repository/org/apache/hadoop/hadoop-hdds-container-service/1.1.0-SNAPSHOT/hadoop-hdds-container-service-1.1.0-SNAPSHOT.jar!/webapps/static,AVAILABLE}
2021-01-10 09:02:57,026 [Listener at 127.0.0.1/45243] INFO  handler.ContextHandler (ContextHandler.java:doStart(916)) - Started o.e.j.w.WebAppContext@66df5adb{hddsDatanode,/,file:///tmp/jetty-0_0_0_0-41839-hadoop-hdds-container-service-1_1_0-SNAPSHOT_jar-_-any-1650359399551390596/webapp/,AVAILABLE}{jar:file:/home/user/.m2/repository/org/apache/hadoop/hadoop-hdds-container-service/1.1.0-SNAPSHOT/hadoop-hdds-container-service-1.1.0-SNAPSHOT.jar!/webapps/hddsDatanode}
2021-01-10 09:02:57,028 [Listener at 127.0.0.1/45243] INFO  server.AbstractConnector (AbstractConnector.java:doStart(331)) - Started ServerConnector@38a01810{HTTP/1.1, (http/1.1)}{0.0.0.0:41839}
2021-01-10 09:02:57,028 [Listener at 127.0.0.1/45243] INFO  server.Server (Server.java:doStart(415)) - Started @76060ms
2021-01-10 09:02:57,028 [Listener at 127.0.0.1/45243] WARN  impl.MetricsSystemImpl (MetricsSystemImpl.java:register(276)) - Sink prometheus already exists!
2021-01-10 09:03:02,035 [Listener at 127.0.0.1/45243] INFO  http.BaseHttpServer (BaseHttpServer.java:updateConnectorAddress(327)) - HTTP server of hddsDatanode listening at http://0.0.0.0:41839
2021-01-10 09:03:02,035 [Listener at 127.0.0.1/45243] INFO  impl.MetricsSystemImpl (MetricsSystemImpl.java:init(158)) - HddsDatanode metrics system started (again)
2021-01-10 09:03:02,038 [Listener at 127.0.0.1/45243] INFO  ozone.HddsDatanodeService (HddsDatanodeService.java:start(215)) - HddsDatanodeService host:84bc77fe8d45 ip:172.17.0.2
2021-01-10 09:03:02,040 [Listener at 127.0.0.1/45243] INFO  volume.HddsVolume (HddsVolume.java:<init>(176)) - Creating Volume: /github/workspace/mnt/ozone/hadoop-ozone/integration-test/target/test-dir/MiniOzoneClusterImpl-030730bd-5c5c-4c00-b8c2-b15b15404b1a/datanode-1/data-0/containers/hdds of storage type : DISK and capacity : 9223372036854775807
2021-01-10 09:03:02,040 [Listener at 127.0.0.1/45243] INFO  volume.MutableVolumeSet (MutableVolumeSet.java:initializeVolumeSet(179)) - Added Volume : /github/workspace/mnt/ozone/hadoop-ozone/integration-test/target/test-dir/MiniOzoneClusterImpl-030730bd-5c5c-4c00-b8c2-b15b15404b1a/datanode-1/data-0/containers/hdds to VolumeSet
2021-01-10 09:03:02,040 [Listener at 127.0.0.1/45243] INFO  volume.ThrottledAsyncChecker (ThrottledAsyncChecker.java:schedule(141)) - Scheduling a check for /github/workspace/mnt/ozone/hadoop-ozone/integration-test/target/test-dir/MiniOzoneClusterImpl-030730bd-5c5c-4c00-b8c2-b15b15404b1a/datanode-1/data-0/containers/hdds
2021-01-10 09:03:02,041 [Listener at 127.0.0.1/45243] INFO  volume.HddsVolumeChecker (HddsVolumeChecker.java:checkAllVolumes(200)) - Scheduled health check for volume /github/workspace/mnt/ozone/hadoop-ozone/integration-test/target/test-dir/MiniOzoneClusterImpl-030730bd-5c5c-4c00-b8c2-b15b15404b1a/datanode-1/data-0/containers/hdds
2021-01-10 09:03:02,056 [org.apache.hadoop.util.JvmPauseMonitor$Monitor@c9102e2] INFO  util.JvmPauseMonitor (JvmPauseMonitor.java:run(188)) - Starting JVM pause monitor
2021-01-10 09:03:02,057 [Thread-737] INFO  ozoneimpl.ContainerReader (ContainerReader.java:readVolume(123)) - Start to verify containers on volume /github/workspace/mnt/ozone/hadoop-ozone/integration-test/target/test-dir/MiniOzoneClusterImpl-030730bd-5c5c-4c00-b8c2-b15b15404b1a/datanode-1/data-0/containers/hdds
2021-01-10 09:03:02,057 [Thread-737] INFO  ozoneimpl.ContainerReader (ContainerReader.java:readVolume(148)) - Finish verifying containers on volume /github/workspace/mnt/ozone/hadoop-ozone/integration-test/target/test-dir/MiniOzoneClusterImpl-030730bd-5c5c-4c00-b8c2-b15b15404b1a/datanode-1/data-0/containers/hdds
2021-01-10 09:03:02,057 [Listener at 127.0.0.1/45243] INFO  ozoneimpl.OzoneContainer (OzoneContainer.java:buildContainerSet(206)) - Build ContainerSet costs 0s
2021-01-10 09:03:02,059 [Listener at 127.0.0.1/45243] INFO  server.RaftServer (ConfUtils.java:logGet(44)) - raft.rpc.type = GRPC (default)
2021-01-10 09:03:02,059 [Listener at 127.0.0.1/45243] INFO  grpc.GrpcFactory (GrpcFactory.java:checkPooledByteBufAllocatorUseCacheForAllThreads(48)) - PERFORMANCE WARNING: useCacheForAllThreads is true that may cause Netty to create a lot garbage objects and, as a result, trigger GC.
	It is recommended to disable useCacheForAllThreads by setting -Dorg.apache.ratis.thirdparty.io.netty.allocator.useCacheForAllThreads=false in command line.
2021-01-10 09:03:02,059 [Listener at 127.0.0.1/45243] INFO  grpc.GrpcConfigKeys (ConfUtils.java:logGet(44)) - raft.grpc.server.port = 0 (default)
2021-01-10 09:03:02,059 [Listener at 127.0.0.1/45243] INFO  server.GrpcService (ConfUtils.java:logGet(44)) - raft.grpc.message.size.max = 32MB (=33554432) (custom)
2021-01-10 09:03:02,059 [Listener at 127.0.0.1/45243] INFO  server.RaftServerConfigKeys (ConfUtils.java:logGet(44)) - raft.server.log.appender.buffer.byte-limit = 33554432 (custom)
2021-01-10 09:03:02,059 [Listener at 127.0.0.1/45243] INFO  server.GrpcService (ConfUtils.java:logGet(44)) - raft.grpc.flow.control.window = 5MB (=5242880) (custom)
2021-01-10 09:03:02,060 [Listener at 127.0.0.1/45243] INFO  server.RaftServerConfigKeys (ConfUtils.java:logGet(44)) - raft.server.rpc.request.timeout = 60s (custom)
2021-01-10 09:03:02,061 [Listener at 127.0.0.1/45243] INFO  impl.DataStreamServerImpl (ConfUtils.java:logGet(44)) - raft.datastream.type = DISABLED (default)
2021-01-10 09:03:02,061 [Listener at 127.0.0.1/45243] INFO  server.RaftServerConfigKeys (ConfUtils.java:logGet(44)) - raft.server.rpc.slowness.timeout = 300s (custom)
2021-01-10 09:03:02,061 [Listener at 127.0.0.1/45243] INFO  server.RaftServerConfigKeys (ConfUtils.java:logGet(44)) - raft.server.leaderelection.leader.step-down.wait-time = 10s (default)
2021-01-10 09:03:02,061 [Listener at 127.0.0.1/45243] INFO  server.RaftServerConfigKeys (ConfUtils.java:logGet(44)) - raft.server.storage.dir = [/github/workspace/mnt/ozone/hadoop-ozone/integration-test/target/test-dir/MiniOzoneClusterImpl-030730bd-5c5c-4c00-b8c2-b15b15404b1a/datanode-1/data/ratis] (custom)
2021-01-10 09:03:02,064 [Datanode State Machine Task Thread - 0] INFO  datanode.InitDatanodeState (InitDatanodeState.java:persistContainerDatanodeDetails(145)) - DatanodeDetails is persisted to /github/workspace/mnt/ozone/hadoop-ozone/integration-test/target/test-dir/MiniOzoneClusterImpl-030730bd-5c5c-4c00-b8c2-b15b15404b1a/datanode-0/meta/datanode.id
2021-01-10 09:03:04,061 [EndpointStateMachine task thread for /0.0.0.0:34769 - 0 ] INFO  ozoneimpl.OzoneContainer (OzoneContainer.java:start(255)) - Attempting to start container services.
2021-01-10 09:03:04,062 [EndpointStateMachine task thread for /0.0.0.0:34769 - 0 ] INFO  ozoneimpl.OzoneContainer (OzoneContainer.java:startContainerScrub(219)) - Background container scanner has been disabled.
2021-01-10 09:03:04,063 [EndpointStateMachine task thread for /0.0.0.0:34769 - 0 ] INFO  replication.ReplicationServer (ReplicationServer.java:start(111)) - ReplicationServer is started using port 39829
2021-01-10 09:03:04,063 [EndpointStateMachine task thread for /0.0.0.0:34769 - 0 ] INFO  ratis.XceiverServerRatis (XceiverServerRatis.java:start(455)) - Starting XceiverServerRatis 639a72ac-1b67-44d2-8fbe-212b735275e2 at port 0
2021-01-10 09:03:04,068 [EndpointStateMachine task thread for /0.0.0.0:34769 - 0 ] INFO  server.RaftServer (RaftServerProxy.java:lambda$start$5(372)) - 639a72ac-1b67-44d2-8fbe-212b735275e2: start RPC server
2021-01-10 09:03:04,069 [EndpointStateMachine task thread for /0.0.0.0:34769 - 0 ] INFO  server.GrpcService (GrpcService.java:startImpl(176)) - 639a72ac-1b67-44d2-8fbe-212b735275e2: GrpcService started, listening on 0.0.0.0/0.0.0.0:45651
2021-01-10 09:03:04,069 [EndpointStateMachine task thread for /0.0.0.0:34769 - 0 ] INFO  ratis.XceiverServerRatis (XceiverServerRatis.java:start(467)) - XceiverServerRatis 639a72ac-1b67-44d2-8fbe-212b735275e2 is started using port 45651
2021-01-10 09:03:04,069 [org.apache.ratis.util.JvmPauseMonitor$$Lambda$220/965274911@578e8be8] INFO  util.JvmPauseMonitor (JvmPauseMonitor.java:run(103)) - JvmPauseMonitor-639a72ac-1b67-44d2-8fbe-212b735275e2: Started
2021-01-10 09:03:04,069 [EndpointStateMachine task thread for /0.0.0.0:34769 - 0 ] INFO  server.XceiverServerGrpc (XceiverServerGrpc.java:start(139)) - XceiverServerGrpc 639a72ac-1b67-44d2-8fbe-212b735275e2 is started using port 44065
2021-01-10 09:03:06,057 [IPC Server handler 1 on default port 34769] INFO  net.NetworkTopologyImpl (NetworkTopologyImpl.java:add(111)) - Added a new node: /default-rack/639a72ac-1b67-44d2-8fbe-212b735275e2
2021-01-10 09:03:06,059 [IPC Server handler 1 on default port 34769] INFO  node.SCMNodeManager (SCMNodeManager.java:register(341)) - Registered Data node : 639a72ac-1b67-44d2-8fbe-212b735275e2{ip: 172.17.0.2, host: 84bc77fe8d45, networkLocation: /default-rack, certSerialId: null, persistedOpState: IN_SERVICE, persistedOpStateExpiryEpochSec: 0}
2021-01-10 09:03:06,059 [RatisPipelineUtilsThread] INFO  pipeline.RatisPipelineProvider (RatisPipelineProvider.java:lambda$create$0(161)) - Sending CreatePipelineCommand for pipeline:PipelineID=bb066f58-c2e9-40e5-93ce-f69e9e61efec to datanode:639a72ac-1b67-44d2-8fbe-212b735275e2
2021-01-10 09:03:06,060 [EventQueue-NodeRegistrationContainerReportForContainerSafeModeRule] INFO  safemode.SCMSafeModeManager (SCMSafeModeManager.java:validateSafeModeExitRules(214)) - ContainerSafeModeRule rule is successfully validated
2021-01-10 09:03:06,060 [RatisPipelineUtilsThread] INFO  pipeline.PipelineStateManager (PipelineStateManager.java:addPipeline(54)) - Created pipeline Pipeline[ Id: bb066f58-c2e9-40e5-93ce-f69e9e61efec, Nodes: 639a72ac-1b67-44d2-8fbe-212b735275e2{ip: 172.17.0.2, host: 84bc77fe8d45, networkLocation: /default-rack, certSerialId: null, persistedOpState: IN_SERVICE, persistedOpStateExpiryEpochSec: 0}, Type:RATIS, Factor:ONE, State:ALLOCATED, leaderId:, CreationTimestamp2021-01-10T09:03:06.059Z]
2021-01-10 09:03:06,061 [EventQueue-NodeRegistrationContainerReportForDataNodeSafeModeRule] INFO  safemode.SCMSafeModeManager (DataNodeSafeModeRule.java:process(71)) - SCM in safe mode. 1 DataNodes registered, 1 required.
2021-01-10 09:03:06,062 [EventQueue-NodeRegistrationContainerReportForDataNodeSafeModeRule] INFO  safemode.SCMSafeModeManager (SCMSafeModeManager.java:validateSafeModeExitRules(214)) - DataNodeSafeModeRule rule is successfully validated
2021-01-10 09:03:06,062 [EventQueue-NodeRegistrationContainerReportForDataNodeSafeModeRule] INFO  safemode.SCMSafeModeManager (SCMSafeModeManager.java:completePreCheck(242)) - All SCM safe mode pre check rules have passed
2021-01-10 09:03:06,062 [RatisPipelineUtilsThread] WARN  pipeline.PipelinePlacementPolicy (PipelinePlacementPolicy.java:filterViableNodes(142)) - Pipeline creation failed due to no sufficient healthy datanodes. Required 3. Found 1.
2021-01-10 09:03:06,063 [EventQueue-PipelineReportForOneReplicaPipelineSafeModeRule] INFO  safemode.SCMSafeModeManager (SCMSafeModeManager.java:validateSafeModeExitRules(214)) - AtleastOneDatanodeReportedRule rule is successfully validated
2021-01-10 09:03:07,070 [Listener at 127.0.0.1/45243] INFO  http.BaseHttpServer (BaseHttpServer.java:newHttpServer2BuilderForOzone(207)) - Starting Web-server for hddsDatanode at: http://0.0.0.0:0
2021-01-10 09:03:07,071 [Listener at 127.0.0.1/45243] INFO  http.BaseHttpServer (BaseHttpServer.java:<init>(106)) - Hadoop Security Enabled: false Ozone Security Enabled: false Ozone HTTP Security Enabled: false 
2021-01-10 09:03:07,072 [Listener at 127.0.0.1/45243] INFO  server.AuthenticationFilter (AuthenticationFilter.java:constructSecretProvider(240)) - Unable to initialize FileSignerSecretProvider, falling back to use random secrets.
2021-01-10 09:03:07,072 [Listener at 127.0.0.1/45243] WARN  http.HttpRequestLog (HttpRequestLog.java:getRequestLog(103)) - Jetty request log can only be enabled using Log4j
2021-01-10 09:03:07,073 [Listener at 127.0.0.1/45243] INFO  http.HttpServer2 (HttpServer2.java:addGlobalFilter(1020)) - Added global filter 'safety' (class=org.apache.hadoop.hdds.server.http.HttpServer2$QuotingInputFilter)
2021-01-10 09:03:07,074 [Listener at 127.0.0.1/45243] INFO  http.HttpServer2 (HttpServer2.java:addFilter(996)) - Added filter static_user_filter (class=org.apache.hadoop.http.lib.StaticUserWebFilter$StaticUserFilter) to context hddsDatanode
2021-01-10 09:03:07,074 [Listener at 127.0.0.1/45243] INFO  http.HttpServer2 (HttpServer2.java:addFilter(1004)) - Added filter static_user_filter (class=org.apache.hadoop.http.lib.StaticUserWebFilter$StaticUserFilter) to context logs
2021-01-10 09:03:07,074 [Listener at 127.0.0.1/45243] INFO  http.HttpServer2 (HttpServer2.java:addFilter(1004)) - Added filter static_user_filter (class=org.apache.hadoop.http.lib.StaticUserWebFilter$StaticUserFilter) to context static
2021-01-10 09:03:07,075 [Listener at 127.0.0.1/45243] INFO  http.HttpServer2 (HttpServer2.java:bindListener(1238)) - Jetty bound to port 39741
2021-01-10 09:03:07,075 [Listener at 127.0.0.1/45243] INFO  server.Server (Server.java:doStart(375)) - jetty-9.4.34.v20201102; built: 2020-11-02T14:15:39.302Z; git: e46af88704a893fc12cb0e3bf46e2c7b48a009e7; jvm 1.8.0_232-b09
2021-01-10 09:03:07,076 [Listener at 127.0.0.1/45243] INFO  server.session (DefaultSessionIdManager.java:doStart(334)) - DefaultSessionIdManager workerName=node0
2021-01-10 09:03:07,076 [Listener at 127.0.0.1/45243] INFO  server.session (DefaultSessionIdManager.java:doStart(339)) - No SessionScavenger set, using defaults
2021-01-10 09:03:07,076 [Listener at 127.0.0.1/45243] INFO  server.session (HouseKeeper.java:startScavenging(132)) - node0 Scavenging every 660000ms
2021-01-10 09:03:07,077 [Listener at 127.0.0.1/45243] INFO  handler.ContextHandler (ContextHandler.java:doStart(916)) - Started o.e.j.s.ServletContextHandler@ef10390{logs,/logs,file:///github/workspace/mnt/ozone/hadoop-ozone/integration-test/target/log,AVAILABLE}
2021-01-10 09:03:07,078 [Listener at 127.0.0.1/45243] INFO  handler.ContextHandler (ContextHandler.java:doStart(916)) - Started o.e.j.s.ServletContextHandler@1079496c{static,/static,jar:file:/home/user/.m2/repository/org/apache/hadoop/hadoop-hdds-container-service/1.1.0-SNAPSHOT/hadoop-hdds-container-service-1.1.0-SNAPSHOT.jar!/webapps/static,AVAILABLE}
2021-01-10 09:03:07,253 [Listener at 127.0.0.1/45243] INFO  handler.ContextHandler (ContextHandler.java:doStart(916)) - Started o.e.j.w.WebAppContext@291a8ecd{hddsDatanode,/,file:///tmp/jetty-0_0_0_0-39741-hadoop-hdds-container-service-1_1_0-SNAPSHOT_jar-_-any-5990874008245516277/webapp/,AVAILABLE}{jar:file:/home/user/.m2/repository/org/apache/hadoop/hadoop-hdds-container-service/1.1.0-SNAPSHOT/hadoop-hdds-container-service-1.1.0-SNAPSHOT.jar!/webapps/hddsDatanode}
2021-01-10 09:03:07,255 [Listener at 127.0.0.1/45243] INFO  server.AbstractConnector (AbstractConnector.java:doStart(331)) - Started ServerConnector@5e4c74ec{HTTP/1.1, (http/1.1)}{0.0.0.0:39741}
2021-01-10 09:03:07,255 [Listener at 127.0.0.1/45243] INFO  server.Server (Server.java:doStart(415)) - Started @86287ms
2021-01-10 09:03:07,255 [Listener at 127.0.0.1/45243] WARN  impl.MetricsSystemImpl (MetricsSystemImpl.java:register(276)) - Sink prometheus already exists!
2021-01-10 09:03:07,258 [Listener at 127.0.0.1/45243] INFO  http.BaseHttpServer (BaseHttpServer.java:updateConnectorAddress(327)) - HTTP server of hddsDatanode listening at http://0.0.0.0:39741
2021-01-10 09:03:07,259 [Listener at 127.0.0.1/45243] INFO  impl.MetricsSystemImpl (MetricsSystemImpl.java:init(158)) - HddsDatanode metrics system started (again)
2021-01-10 09:03:07,260 [Listener at 127.0.0.1/45243] INFO  ozone.HddsDatanodeService (HddsDatanodeService.java:start(215)) - HddsDatanodeService host:84bc77fe8d45 ip:172.17.0.2
2021-01-10 09:03:07,262 [Listener at 127.0.0.1/45243] INFO  volume.HddsVolume (HddsVolume.java:<init>(176)) - Creating Volume: /github/workspace/mnt/ozone/hadoop-ozone/integration-test/target/test-dir/MiniOzoneClusterImpl-030730bd-5c5c-4c00-b8c2-b15b15404b1a/datanode-2/data-0/containers/hdds of storage type : DISK and capacity : 9223372036854775807
2021-01-10 09:03:07,262 [Listener at 127.0.0.1/45243] INFO  volume.MutableVolumeSet (MutableVolumeSet.java:initializeVolumeSet(179)) - Added Volume : /github/workspace/mnt/ozone/hadoop-ozone/integration-test/target/test-dir/MiniOzoneClusterImpl-030730bd-5c5c-4c00-b8c2-b15b15404b1a/datanode-2/data-0/containers/hdds to VolumeSet
2021-01-10 09:03:07,263 [Listener at 127.0.0.1/45243] INFO  volume.ThrottledAsyncChecker (ThrottledAsyncChecker.java:schedule(141)) - Scheduling a check for /github/workspace/mnt/ozone/hadoop-ozone/integration-test/target/test-dir/MiniOzoneClusterImpl-030730bd-5c5c-4c00-b8c2-b15b15404b1a/datanode-2/data-0/containers/hdds
2021-01-10 09:03:07,271 [org.apache.hadoop.util.JvmPauseMonitor$Monitor@776ff20a] INFO  util.JvmPauseMonitor (JvmPauseMonitor.java:run(188)) - Starting JVM pause monitor
2021-01-10 09:03:07,277 [Listener at 127.0.0.1/45243] INFO  volume.HddsVolumeChecker (HddsVolumeChecker.java:checkAllVolumes(200)) - Scheduled health check for volume /github/workspace/mnt/ozone/hadoop-ozone/integration-test/target/test-dir/MiniOzoneClusterImpl-030730bd-5c5c-4c00-b8c2-b15b15404b1a/datanode-2/data-0/containers/hdds
2021-01-10 09:03:07,280 [Datanode State Machine Task Thread - 0] INFO  datanode.InitDatanodeState (InitDatanodeState.java:persistContainerDatanodeDetails(145)) - DatanodeDetails is persisted to /github/workspace/mnt/ozone/hadoop-ozone/integration-test/target/test-dir/MiniOzoneClusterImpl-030730bd-5c5c-4c00-b8c2-b15b15404b1a/datanode-1/meta/datanode.id
2021-01-10 09:03:07,293 [Thread-759] INFO  ozoneimpl.ContainerReader (ContainerReader.java:readVolume(123)) - Start to verify containers on volume /github/workspace/mnt/ozone/hadoop-ozone/integration-test/target/test-dir/MiniOzoneClusterImpl-030730bd-5c5c-4c00-b8c2-b15b15404b1a/datanode-2/data-0/containers/hdds
2021-01-10 09:03:07,293 [Thread-759] INFO  ozoneimpl.ContainerReader (ContainerReader.java:readVolume(148)) - Finish verifying containers on volume /github/workspace/mnt/ozone/hadoop-ozone/integration-test/target/test-dir/MiniOzoneClusterImpl-030730bd-5c5c-4c00-b8c2-b15b15404b1a/datanode-2/data-0/containers/hdds
2021-01-10 09:03:07,293 [Listener at 127.0.0.1/45243] INFO  ozoneimpl.OzoneContainer (OzoneContainer.java:buildContainerSet(206)) - Build ContainerSet costs 0s
2021-01-10 09:03:07,295 [Listener at 127.0.0.1/45243] INFO  server.RaftServer (ConfUtils.java:logGet(44)) - raft.rpc.type = GRPC (default)
2021-01-10 09:03:07,295 [Listener at 127.0.0.1/45243] INFO  grpc.GrpcFactory (GrpcFactory.java:checkPooledByteBufAllocatorUseCacheForAllThreads(48)) - PERFORMANCE WARNING: useCacheForAllThreads is true that may cause Netty to create a lot garbage objects and, as a result, trigger GC.
	It is recommended to disable useCacheForAllThreads by setting -Dorg.apache.ratis.thirdparty.io.netty.allocator.useCacheForAllThreads=false in command line.
2021-01-10 09:03:07,295 [Listener at 127.0.0.1/45243] INFO  grpc.GrpcConfigKeys (ConfUtils.java:logGet(44)) - raft.grpc.server.port = 0 (default)
2021-01-10 09:03:07,295 [Listener at 127.0.0.1/45243] INFO  server.GrpcService (ConfUtils.java:logGet(44)) - raft.grpc.message.size.max = 32MB (=33554432) (custom)
2021-01-10 09:03:07,295 [Listener at 127.0.0.1/45243] INFO  server.RaftServerConfigKeys (ConfUtils.java:logGet(44)) - raft.server.log.appender.buffer.byte-limit = 33554432 (custom)
2021-01-10 09:03:07,295 [Listener at 127.0.0.1/45243] INFO  server.GrpcService (ConfUtils.java:logGet(44)) - raft.grpc.flow.control.window = 5MB (=5242880) (custom)
2021-01-10 09:03:07,296 [Listener at 127.0.0.1/45243] INFO  server.RaftServerConfigKeys (ConfUtils.java:logGet(44)) - raft.server.rpc.request.timeout = 60s (custom)
2021-01-10 09:03:07,297 [Listener at 127.0.0.1/45243] INFO  impl.DataStreamServerImpl (ConfUtils.java:logGet(44)) - raft.datastream.type = DISABLED (default)
2021-01-10 09:03:07,297 [Listener at 127.0.0.1/45243] INFO  server.RaftServerConfigKeys (ConfUtils.java:logGet(44)) - raft.server.rpc.slowness.timeout = 300s (custom)
2021-01-10 09:03:07,297 [Listener at 127.0.0.1/45243] INFO  server.RaftServerConfigKeys (ConfUtils.java:logGet(44)) - raft.server.leaderelection.leader.step-down.wait-time = 10s (default)
2021-01-10 09:03:07,297 [Listener at 127.0.0.1/45243] INFO  server.RaftServerConfigKeys (ConfUtils.java:logGet(44)) - raft.server.storage.dir = [/github/workspace/mnt/ozone/hadoop-ozone/integration-test/target/test-dir/MiniOzoneClusterImpl-030730bd-5c5c-4c00-b8c2-b15b15404b1a/datanode-2/data/ratis] (custom)
2021-01-10 09:03:08,058 [EventQueue-PipelineReportForOneReplicaPipelineSafeModeRule] INFO  safemode.SCMSafeModeManager (SCMSafeModeManager.java:validateSafeModeExitRules(214)) - AtleastOneDatanodeReportedRule rule is successfully validated
2021-01-10 09:03:09,057 [Command processor thread] INFO  server.RaftServer (RaftServerProxy.java:addNew(95)) - 639a72ac-1b67-44d2-8fbe-212b735275e2: addNew group-F69E9E61EFEC:[639a72ac-1b67-44d2-8fbe-212b735275e2|rpc:172.17.0.2:45651|priority:1] returns group-F69E9E61EFEC:java.util.concurrent.CompletableFuture@c2df0a1[Not completed]
2021-01-10 09:03:09,059 [EventQueue-PipelineReportForOneReplicaPipelineSafeModeRule] INFO  safemode.SCMSafeModeManager (SCMSafeModeManager.java:validateSafeModeExitRules(214)) - AtleastOneDatanodeReportedRule rule is successfully validated
2021-01-10 09:03:09,059 [pool-249-thread-1] INFO  server.RaftServer$Division (RaftServerImpl.java:<init>(179)) - 639a72ac-1b67-44d2-8fbe-212b735275e2: new RaftServerImpl for group-F69E9E61EFEC:[639a72ac-1b67-44d2-8fbe-212b735275e2|rpc:172.17.0.2:45651|priority:1] with ContainerStateMachine:uninitialized
2021-01-10 09:03:09,061 [pool-249-thread-1] INFO  server.RaftServerConfigKeys (ConfUtils.java:logGet(44)) - raft.server.rpc.timeout.min = 5s (custom)
2021-01-10 09:03:09,062 [pool-249-thread-1] INFO  server.RaftServerConfigKeys (ConfUtils.java:logGet(44)) - raft.server.rpc.timeout.max = 5200ms (custom)
2021-01-10 09:03:09,062 [pool-249-thread-1] INFO  server.RaftServerConfigKeys (ConfUtils.java:logGet(44)) - raft.server.rpc.sleep.time = 25ms (default)
2021-01-10 09:03:09,062 [pool-249-thread-1] INFO  server.RaftServerConfigKeys (ConfUtils.java:logGet(44)) - raft.server.rpc.slowness.timeout = 300s (custom)
2021-01-10 09:03:09,062 [pool-249-thread-1] INFO  server.RaftServerConfigKeys (ConfUtils.java:logGet(44)) - raft.server.leaderelection.leader.step-down.wait-time = 10s (default)
2021-01-10 09:03:09,062 [pool-249-thread-1] INFO  server.RaftServerConfigKeys (ConfUtils.java:logGet(44)) - raft.server.sleep.deviation.threshold = 300ms (default)
2021-01-10 09:03:09,062 [pool-249-thread-1] INFO  server.RaftServerConfigKeys (ConfUtils.java:logGet(44)) - raft.server.log.appender.install.snapshot.enabled = false (custom)
2021-01-10 09:03:09,062 [pool-249-thread-1] INFO  server.RaftServer$Division (ServerState.java:<init>(103)) - 639a72ac-1b67-44d2-8fbe-212b735275e2@group-F69E9E61EFEC: ConfigurationManager, init=-1: [639a72ac-1b67-44d2-8fbe-212b735275e2|rpc:172.17.0.2:45651|priority:1], old=null, confs=<EMPTY_MAP>
2021-01-10 09:03:09,062 [pool-249-thread-1] INFO  server.RaftServerConfigKeys (ConfUtils.java:logGet(44)) - raft.server.storage.dir = [/github/workspace/mnt/ozone/hadoop-ozone/integration-test/target/test-dir/MiniOzoneClusterImpl-030730bd-5c5c-4c00-b8c2-b15b15404b1a/datanode-0/data/ratis] (custom)
2021-01-10 09:03:09,062 [pool-249-thread-1] INFO  server.RaftServerConfigKeys (ConfUtils.java:logGet(44)) - raft.server.log.corruption.policy = EXCEPTION (default)
2021-01-10 09:03:09,062 [pool-249-thread-1] INFO  storage.RaftStorageDirectory (RaftStorageDirectoryImpl.java:analyzeStorage(132)) - The storage directory /github/workspace/mnt/ozone/hadoop-ozone/integration-test/target/test-dir/MiniOzoneClusterImpl-030730bd-5c5c-4c00-b8c2-b15b15404b1a/datanode-0/data/ratis/bb066f58-c2e9-40e5-93ce-f69e9e61efec does not exist. Creating ...
2021-01-10 09:03:09,064 [pool-249-thread-1] INFO  storage.RaftStorageDirectory (RaftStorageDirectoryImpl.java:tryLock(215)) - Lock on /github/workspace/mnt/ozone/hadoop-ozone/integration-test/target/test-dir/MiniOzoneClusterImpl-030730bd-5c5c-4c00-b8c2-b15b15404b1a/datanode-0/data/ratis/bb066f58-c2e9-40e5-93ce-f69e9e61efec/in_use.lock acquired by nodename 31262@84bc77fe8d45
2021-01-10 09:03:09,065 [pool-249-thread-1] INFO  storage.RaftStorage (RaftStorageImpl.java:format(87)) - Storage directory /github/workspace/mnt/ozone/hadoop-ozone/integration-test/target/test-dir/MiniOzoneClusterImpl-030730bd-5c5c-4c00-b8c2-b15b15404b1a/datanode-0/data/ratis/bb066f58-c2e9-40e5-93ce-f69e9e61efec has been successfully formatted.
2021-01-10 09:03:09,066 [pool-249-thread-1] INFO  ratis.ContainerStateMachine (ContainerStateMachine.java:loadSnapshot(223)) - group-F69E9E61EFEC: The snapshot info is null. Setting the last applied indexto:(t:0, i:~)
2021-01-10 09:03:09,067 [EventQueue-PipelineReportForPipelineReportHandler] INFO  pipeline.PipelineStateManager (PipelineStateManager.java:openPipeline(132)) - Pipeline Pipeline[ Id: bb066f58-c2e9-40e5-93ce-f69e9e61efec, Nodes: 639a72ac-1b67-44d2-8fbe-212b735275e2{ip: 172.17.0.2, host: 84bc77fe8d45, networkLocation: /default-rack, certSerialId: null, persistedOpState: IN_SERVICE, persistedOpStateExpiryEpochSec: 0}, Type:RATIS, Factor:ONE, State:ALLOCATED, leaderId:639a72ac-1b67-44d2-8fbe-212b735275e2, CreationTimestamp2021-01-10T09:03:06.059Z] moved to OPEN state
2021-01-10 09:03:09,067 [EventQueue-PipelineReportForOneReplicaPipelineSafeModeRule] INFO  safemode.SCMSafeModeManager (SCMSafeModeManager.java:validateSafeModeExitRules(214)) - AtleastOneDatanodeReportedRule rule is successfully validated
2021-01-10 09:03:09,074 [EventQueue-OpenPipelineForHealthyPipelineSafeModeRule] INFO  safemode.SCMSafeModeManager (HealthyPipelineSafeModeRule.java:process(128)) - SCM in safe mode. Healthy pipelines reported count is 0, required healthy pipeline reported count is 1
2021-01-10 09:03:09,074 [pool-249-thread-1] ERROR storage.RaftStorage (RaftStorageImpl.java:readRaftConfiguration(147)) - Failed reading configuration from file:/github/workspace/mnt/ozone/hadoop-ozone/integration-test/target/test-dir/MiniOzoneClusterImpl-030730bd-5c5c-4c00-b8c2-b15b15404b1a/datanode-0/data/ratis/bb066f58-c2e9-40e5-93ce-f69e9e61efec/current/raft-meta.conf
java.io.FileNotFoundException: /github/workspace/mnt/ozone/hadoop-ozone/integration-test/target/test-dir/MiniOzoneClusterImpl-030730bd-5c5c-4c00-b8c2-b15b15404b1a/datanode-0/data/ratis/bb066f58-c2e9-40e5-93ce-f69e9e61efec/current/raft-meta.conf (No such file or directory)
	at java.io.FileInputStream.open0(Native Method)
	at java.io.FileInputStream.open(FileInputStream.java:195)
	at java.io.FileInputStream.<init>(FileInputStream.java:138)
	at org.apache.ratis.server.storage.RaftStorageImpl.readRaftConfiguration(RaftStorageImpl.java:143)
	at org.apache.ratis.server.impl.ServerState.<init>(ServerState.java:113)
	at org.apache.ratis.server.impl.RaftServerImpl.<init>(RaftServerImpl.java:192)
	at org.apache.ratis.server.impl.RaftServerProxy.lambda$newRaftServerImpl$4(RaftServerProxy.java:266)
	at java.util.concurrent.CompletableFuture$AsyncSupply.run(CompletableFuture.java:1604)
	at java.util.concurrent.ThreadPoolExecutor.runWorker(ThreadPoolExecutor.java:1149)
	at java.util.concurrent.ThreadPoolExecutor$Worker.run(ThreadPoolExecutor.java:624)
	at java.lang.Thread.run(Thread.java:748)
2021-01-10 09:03:09,076 [pool-249-thread-1] INFO  server.RaftServerConfigKeys (ConfUtils.java:logGet(44)) - raft.server.notification.no-leader.timeout = 300s (custom)
2021-01-10 09:03:09,076 [pool-249-thread-1] INFO  server.RaftServerConfigKeys (ConfUtils.java:logGet(44)) - raft.server.log.use.memory = false (default)
2021-01-10 09:03:09,077 [pool-249-thread-1] INFO  server.RaftServerConfigKeys (ConfUtils.java:logGet(44)) - raft.server.log.purge.gap = 1000000 (custom)
2021-01-10 09:03:09,077 [pool-249-thread-1] INFO  server.RaftServerConfigKeys (ConfUtils.java:logGet(44)) - raft.server.log.appender.buffer.byte-limit = 33554432 (custom)
2021-01-10 09:03:09,077 [pool-249-thread-1] INFO  metrics.RatisMetrics (RatisMetrics.java:lambda$create$0(36)) - Creating Metrics Registry : ratis.log_worker.639a72ac-1b67-44d2-8fbe-212b735275e2@group-F69E9E61EFEC
2021-01-10 09:03:09,077 [pool-249-thread-1] INFO  server.RaftServerConfigKeys (ConfUtils.java:logGet(44)) - raft.server.log.segment.size.max = 1048576 (custom)
2021-01-10 09:03:09,077 [pool-249-thread-1] INFO  server.RaftServerConfigKeys (ConfUtils.java:logGet(44)) - raft.server.log.segment.cache.num.max = 2 (custom)
2021-01-10 09:03:09,077 [pool-249-thread-1] INFO  server.RaftServerConfigKeys (ConfUtils.java:logGet(44)) - raft.server.log.segment.cache.size.max = 200MB (=209715200) (default)
2021-01-10 09:03:09,077 [pool-249-thread-1] INFO  segmented.SegmentedRaftLogWorker (SegmentedRaftLogWorker.java:<init>(181)) - new 639a72ac-1b67-44d2-8fbe-212b735275e2@group-F69E9E61EFEC-SegmentedRaftLogWorker for RaftStorageImpl:Storage Directory /github/workspace/mnt/ozone/hadoop-ozone/integration-test/target/test-dir/MiniOzoneClusterImpl-030730bd-5c5c-4c00-b8c2-b15b15404b1a/datanode-0/data/ratis/bb066f58-c2e9-40e5-93ce-f69e9e61efec
2021-01-10 09:03:09,077 [pool-249-thread-1] INFO  server.RaftServerConfigKeys (ConfUtils.java:logGet(44)) - raft.server.log.queue.byte-limit = 2147483647 (custom)
2021-01-10 09:03:09,078 [pool-249-thread-1] INFO  server.RaftServerConfigKeys (ConfUtils.java:logGet(44)) - raft.server.log.queue.element-limit = 1024 (custom)
2021-01-10 09:03:09,078 [pool-249-thread-1] INFO  server.RaftServerConfigKeys (ConfUtils.java:logGet(44)) - raft.server.log.segment.size.max = 1048576 (custom)
2021-01-10 09:03:09,078 [pool-249-thread-1] INFO  server.RaftServerConfigKeys (ConfUtils.java:logGet(44)) - raft.server.log.preallocated.size = 16384 (custom)
2021-01-10 09:03:09,078 [pool-249-thread-1] INFO  server.RaftServerConfigKeys (ConfUtils.java:logGet(44)) - raft.server.log.force.sync.num = 128 (default)
2021-01-10 09:03:09,078 [pool-249-thread-1] INFO  server.RaftServerConfigKeys (ConfUtils.java:logGet(44)) - raft.server.log.statemachine.data.sync = true (default)
2021-01-10 09:03:09,078 [pool-249-thread-1] INFO  server.RaftServerConfigKeys (ConfUtils.java:logGet(44)) - raft.server.log.statemachine.data.sync.timeout = 10s (default)
2021-01-10 09:03:09,078 [pool-249-thread-1] INFO  server.RaftServerConfigKeys (ConfUtils.java:logGet(44)) - raft.server.log.statemachine.data.sync.timeout.retry = -1 (default)
2021-01-10 09:03:09,079 [pool-249-thread-1] INFO  server.RaftServerConfigKeys (ConfUtils.java:logGet(44)) - raft.server.log.write.buffer.size = 1048576 (custom)
2021-01-10 09:03:09,079 [pool-249-thread-1] INFO  server.RaftServerConfigKeys (ConfUtils.java:logGet(44)) - raft.server.log.statemachine.data.caching.enabled = true (custom)
2021-01-10 09:03:09,080 [pool-249-thread-1] INFO  segmented.SegmentedRaftLogWorker (SegmentedRaftLogWorker.java:lambda$new$0(132)) - 639a72ac-1b67-44d2-8fbe-212b735275e2@group-F69E9E61EFEC-SegmentedRaftLogWorker: flushIndex: setUnconditionally 0 -> -1
2021-01-10 09:03:09,080 [pool-249-thread-1] INFO  segmented.SegmentedRaftLogWorker (SegmentedRaftLogWorker.java:lambda$new$0(132)) - 639a72ac-1b67-44d2-8fbe-212b735275e2@group-F69E9E61EFEC-SegmentedRaftLogWorker: safeCacheEvictIndex: setUnconditionally 0 -> -1
2021-01-10 09:03:09,080 [pool-249-thread-1] INFO  server.RaftServerConfigKeys (ConfUtils.java:logGet(44)) - raft.server.snapshot.auto.trigger.enabled = true (custom)
2021-01-10 09:03:09,080 [pool-249-thread-1] INFO  server.RaftServerConfigKeys (ConfUtils.java:logGet(44)) - raft.server.snapshot.auto.trigger.threshold = 10000 (custom)
2021-01-10 09:03:09,080 [pool-249-thread-1] INFO  server.RaftServerConfigKeys (ConfUtils.java:logGet(44)) - raft.server.snapshot.retention.file.num = 5 (custom)
2021-01-10 09:03:09,080 [pool-249-thread-1] INFO  server.RaftServerConfigKeys (ConfUtils.java:logGet(44)) - raft.server.log.purge.upto.snapshot.index = false (default)
2021-01-10 09:03:09,080 [pool-249-thread-1] INFO  server.RaftServerConfigKeys (ConfUtils.java:logGet(44)) - raft.server.retrycache.expirytime = 600000ms (custom)
2021-01-10 09:03:09,080 [pool-249-thread-1] INFO  server.RaftServerConfigKeys (ConfUtils.java:logGet(44)) - raft.server.retrycache.statistics.expirytime = 100?s (default)
2021-01-10 09:03:09,080 [pool-249-thread-1] INFO  metrics.RatisMetrics (RatisMetrics.java:lambda$create$0(36)) - Creating Metrics Registry : ratis.leader_election.639a72ac-1b67-44d2-8fbe-212b735275e2@group-F69E9E61EFEC
2021-01-10 09:03:09,081 [pool-249-thread-1] INFO  metrics.RatisMetrics (RatisMetrics.java:lambda$create$0(36)) - Creating Metrics Registry : ratis.server.639a72ac-1b67-44d2-8fbe-212b735275e2@group-F69E9E61EFEC
2021-01-10 09:03:09,082 [pool-249-thread-1] INFO  server.RaftServer$Division (RaftServerImpl.java:start(294)) - 639a72ac-1b67-44d2-8fbe-212b735275e2@group-F69E9E61EFEC: start as a follower, conf=-1: [639a72ac-1b67-44d2-8fbe-212b735275e2|rpc:172.17.0.2:45651|priority:1], old=null
2021-01-10 09:03:09,082 [pool-249-thread-1] INFO  server.RaftServer$Division (RaftServerImpl.java:setRole(283)) - 639a72ac-1b67-44d2-8fbe-212b735275e2@group-F69E9E61EFEC: changes role from      null to FOLLOWER at term 0 for startAsFollower
2021-01-10 09:03:09,082 [pool-249-thread-1] INFO  impl.RoleInfo (RoleInfo.java:updateAndGet(130)) - 639a72ac-1b67-44d2-8fbe-212b735275e2: start 639a72ac-1b67-44d2-8fbe-212b735275e2@group-F69E9E61EFEC-FollowerState
2021-01-10 09:03:09,082 [pool-249-thread-1] INFO  util.JmxRegister (JmxRegister.java:tryRegister(44)) - Successfully registered JMX Bean with object name Ratis:service=RaftServer,group=group-F69E9E61EFEC,id=639a72ac-1b67-44d2-8fbe-212b735275e2
2021-01-10 09:03:09,082 [pool-249-thread-1] INFO  metrics.RatisMetrics (RatisMetrics.java:lambda$create$0(36)) - Creating Metrics Registry : ratis.state_machine.639a72ac-1b67-44d2-8fbe-212b735275e2@group-F69E9E61EFEC
2021-01-10 09:03:09,083 [Command processor thread] INFO  commandhandler.CreatePipelineCommandHandler (CreatePipelineCommandHandler.java:handle(106)) - Created Pipeline RATIS ONE PipelineID=bb066f58-c2e9-40e5-93ce-f69e9e61efec.
2021-01-10 09:03:09,275 [EndpointStateMachine task thread for /0.0.0.0:34769 - 0 ] INFO  ozoneimpl.OzoneContainer (OzoneContainer.java:start(255)) - Attempting to start container services.
2021-01-10 09:03:09,276 [EndpointStateMachine task thread for /0.0.0.0:34769 - 0 ] INFO  ozoneimpl.OzoneContainer (OzoneContainer.java:startContainerScrub(219)) - Background container scanner has been disabled.
2021-01-10 09:03:09,277 [EndpointStateMachine task thread for /0.0.0.0:34769 - 0 ] INFO  replication.ReplicationServer (ReplicationServer.java:start(111)) - ReplicationServer is started using port 42509
2021-01-10 09:03:09,277 [EndpointStateMachine task thread for /0.0.0.0:34769 - 0 ] INFO  ratis.XceiverServerRatis (XceiverServerRatis.java:start(455)) - Starting XceiverServerRatis c4191e53-aaca-4d42-9f72-dc45ebf47022 at port 0
2021-01-10 09:03:09,278 [EndpointStateMachine task thread for /0.0.0.0:34769 - 0 ] INFO  server.RaftServer (RaftServerProxy.java:lambda$start$5(372)) - c4191e53-aaca-4d42-9f72-dc45ebf47022: start RPC server
2021-01-10 09:03:09,279 [EndpointStateMachine task thread for /0.0.0.0:34769 - 0 ] INFO  server.GrpcService (GrpcService.java:startImpl(176)) - c4191e53-aaca-4d42-9f72-dc45ebf47022: GrpcService started, listening on 0.0.0.0/0.0.0.0:35859
2021-01-10 09:03:09,281 [EndpointStateMachine task thread for /0.0.0.0:34769 - 0 ] INFO  ratis.XceiverServerRatis (XceiverServerRatis.java:start(467)) - XceiverServerRatis c4191e53-aaca-4d42-9f72-dc45ebf47022 is started using port 35859
2021-01-10 09:03:09,281 [org.apache.ratis.util.JvmPauseMonitor$$Lambda$220/965274911@6be66d67] INFO  util.JvmPauseMonitor (JvmPauseMonitor.java:run(103)) - JvmPauseMonitor-c4191e53-aaca-4d42-9f72-dc45ebf47022: Started
2021-01-10 09:03:09,281 [EndpointStateMachine task thread for /0.0.0.0:34769 - 0 ] INFO  server.XceiverServerGrpc (XceiverServerGrpc.java:start(139)) - XceiverServerGrpc c4191e53-aaca-4d42-9f72-dc45ebf47022 is started using port 46573
2021-01-10 09:03:10,067 [EventQueue-PipelineReportForOneReplicaPipelineSafeModeRule] INFO  safemode.SCMSafeModeManager (SCMSafeModeManager.java:validateSafeModeExitRules(214)) - AtleastOneDatanodeReportedRule rule is successfully validated
2021-01-10 09:03:10,067 [EventQueue-OpenPipelineForHealthyPipelineSafeModeRule] INFO  safemode.SCMSafeModeManager (HealthyPipelineSafeModeRule.java:process(128)) - SCM in safe mode. Healthy pipelines reported count is 0, required healthy pipeline reported count is 1
2021-01-10 09:03:11,066 [EventQueue-OpenPipelineForHealthyPipelineSafeModeRule] INFO  safemode.SCMSafeModeManager (HealthyPipelineSafeModeRule.java:process(128)) - SCM in safe mode. Healthy pipelines reported count is 0, required healthy pipeline reported count is 1
2021-01-10 09:03:11,067 [EventQueue-PipelineReportForOneReplicaPipelineSafeModeRule] INFO  safemode.SCMSafeModeManager (SCMSafeModeManager.java:validateSafeModeExitRules(214)) - AtleastOneDatanodeReportedRule rule is successfully validated
2021-01-10 09:03:11,272 [IPC Server handler 9 on default port 34769] INFO  net.NetworkTopologyImpl (NetworkTopologyImpl.java:add(111)) - Added a new node: /default-rack/c4191e53-aaca-4d42-9f72-dc45ebf47022
2021-01-10 09:03:11,272 [IPC Server handler 9 on default port 34769] INFO  node.SCMNodeManager (SCMNodeManager.java:register(341)) - Registered Data node : c4191e53-aaca-4d42-9f72-dc45ebf47022{ip: 172.17.0.2, host: 84bc77fe8d45, networkLocation: /default-rack, certSerialId: null, persistedOpState: IN_SERVICE, persistedOpStateExpiryEpochSec: 0}
2021-01-10 09:03:11,272 [EventQueue-NodeRegistrationContainerReportForDataNodeSafeModeRule] INFO  safemode.SCMSafeModeManager (SCMSafeModeManager.java:validateSafeModeExitRules(214)) - DataNodeSafeModeRule rule is successfully validated
2021-01-10 09:03:11,272 [EventQueue-PipelineReportForOneReplicaPipelineSafeModeRule] INFO  safemode.SCMSafeModeManager (SCMSafeModeManager.java:validateSafeModeExitRules(214)) - AtleastOneDatanodeReportedRule rule is successfully validated
2021-01-10 09:03:11,272 [EventQueue-NodeRegistrationContainerReportForContainerSafeModeRule] INFO  safemode.SCMSafeModeManager (SCMSafeModeManager.java:validateSafeModeExitRules(214)) - ContainerSafeModeRule rule is successfully validated
2021-01-10 09:03:11,273 [RatisPipelineUtilsThread] INFO  pipeline.RatisPipelineProvider (RatisPipelineProvider.java:lambda$create$0(161)) - Sending CreatePipelineCommand for pipeline:PipelineID=319c8b6e-21f4-42ad-8e65-6bdb76157137 to datanode:c4191e53-aaca-4d42-9f72-dc45ebf47022
2021-01-10 09:03:11,273 [RatisPipelineUtilsThread] INFO  pipeline.PipelineStateManager (PipelineStateManager.java:addPipeline(54)) - Created pipeline Pipeline[ Id: 319c8b6e-21f4-42ad-8e65-6bdb76157137, Nodes: c4191e53-aaca-4d42-9f72-dc45ebf47022{ip: 172.17.0.2, host: 84bc77fe8d45, networkLocation: /default-rack, certSerialId: null, persistedOpState: IN_SERVICE, persistedOpStateExpiryEpochSec: 0}, Type:RATIS, Factor:ONE, State:ALLOCATED, leaderId:, CreationTimestamp2021-01-10T09:03:11.273Z]
2021-01-10 09:03:11,273 [RatisPipelineUtilsThread] WARN  pipeline.PipelinePlacementPolicy (PipelinePlacementPolicy.java:filterViableNodes(142)) - Pipeline creation failed due to no sufficient healthy datanodes. Required 3. Found 2.
2021-01-10 09:03:12,067 [EventQueue-PipelineReportForOneReplicaPipelineSafeModeRule] INFO  safemode.SCMSafeModeManager (SCMSafeModeManager.java:validateSafeModeExitRules(214)) - AtleastOneDatanodeReportedRule rule is successfully validated
2021-01-10 09:03:12,067 [EventQueue-OpenPipelineForHealthyPipelineSafeModeRule] INFO  safemode.SCMSafeModeManager (HealthyPipelineSafeModeRule.java:process(128)) - SCM in safe mode. Healthy pipelines reported count is 0, required healthy pipeline reported count is 1
2021-01-10 09:03:12,305 [Listener at 127.0.0.1/45243] INFO  http.BaseHttpServer (BaseHttpServer.java:newHttpServer2BuilderForOzone(207)) - Starting Web-server for hddsDatanode at: http://0.0.0.0:0
2021-01-10 09:03:12,306 [Listener at 127.0.0.1/45243] INFO  http.BaseHttpServer (BaseHttpServer.java:<init>(106)) - Hadoop Security Enabled: false Ozone Security Enabled: false Ozone HTTP Security Enabled: false 
2021-01-10 09:03:12,307 [Listener at 127.0.0.1/45243] INFO  server.AuthenticationFilter (AuthenticationFilter.java:constructSecretProvider(240)) - Unable to initialize FileSignerSecretProvider, falling back to use random secrets.
2021-01-10 09:03:12,308 [Listener at 127.0.0.1/45243] WARN  http.HttpRequestLog (HttpRequestLog.java:getRequestLog(103)) - Jetty request log can only be enabled using Log4j
2021-01-10 09:03:12,311 [Listener at 127.0.0.1/45243] INFO  http.HttpServer2 (HttpServer2.java:addGlobalFilter(1020)) - Added global filter 'safety' (class=org.apache.hadoop.hdds.server.http.HttpServer2$QuotingInputFilter)
2021-01-10 09:03:12,311 [Listener at 127.0.0.1/45243] INFO  http.HttpServer2 (HttpServer2.java:addFilter(996)) - Added filter static_user_filter (class=org.apache.hadoop.http.lib.StaticUserWebFilter$StaticUserFilter) to context hddsDatanode
2021-01-10 09:03:12,312 [Listener at 127.0.0.1/45243] INFO  http.HttpServer2 (HttpServer2.java:addFilter(1004)) - Added filter static_user_filter (class=org.apache.hadoop.http.lib.StaticUserWebFilter$StaticUserFilter) to context logs
2021-01-10 09:03:12,312 [Listener at 127.0.0.1/45243] INFO  http.HttpServer2 (HttpServer2.java:addFilter(1004)) - Added filter static_user_filter (class=org.apache.hadoop.http.lib.StaticUserWebFilter$StaticUserFilter) to context static
2021-01-10 09:03:12,312 [Listener at 127.0.0.1/45243] INFO  http.HttpServer2 (HttpServer2.java:bindListener(1238)) - Jetty bound to port 37095
2021-01-10 09:03:12,312 [Listener at 127.0.0.1/45243] INFO  server.Server (Server.java:doStart(375)) - jetty-9.4.34.v20201102; built: 2020-11-02T14:15:39.302Z; git: e46af88704a893fc12cb0e3bf46e2c7b48a009e7; jvm 1.8.0_232-b09
2021-01-10 09:03:12,314 [Listener at 127.0.0.1/45243] INFO  server.session (DefaultSessionIdManager.java:doStart(334)) - DefaultSessionIdManager workerName=node0
2021-01-10 09:03:12,314 [Listener at 127.0.0.1/45243] INFO  server.session (DefaultSessionIdManager.java:doStart(339)) - No SessionScavenger set, using defaults
2021-01-10 09:03:12,314 [Listener at 127.0.0.1/45243] INFO  server.session (HouseKeeper.java:startScavenging(132)) - node0 Scavenging every 660000ms
2021-01-10 09:03:12,315 [Listener at 127.0.0.1/45243] INFO  handler.ContextHandler (ContextHandler.java:doStart(916)) - Started o.e.j.s.ServletContextHandler@2c9b96af{logs,/logs,file:///github/workspace/mnt/ozone/hadoop-ozone/integration-test/target/log,AVAILABLE}
2021-01-10 09:03:12,316 [Listener at 127.0.0.1/45243] INFO  handler.ContextHandler (ContextHandler.java:doStart(916)) - Started o.e.j.s.ServletContextHandler@36545439{static,/static,jar:file:/home/user/.m2/repository/org/apache/hadoop/hadoop-hdds-container-service/1.1.0-SNAPSHOT/hadoop-hdds-container-service-1.1.0-SNAPSHOT.jar!/webapps/static,AVAILABLE}
2021-01-10 09:03:12,474 [Listener at 127.0.0.1/45243] INFO  handler.ContextHandler (ContextHandler.java:doStart(916)) - Started o.e.j.w.WebAppContext@20baa4eb{hddsDatanode,/,file:///tmp/jetty-0_0_0_0-37095-hadoop-hdds-container-service-1_1_0-SNAPSHOT_jar-_-any-8688927843850312424/webapp/,AVAILABLE}{jar:file:/home/user/.m2/repository/org/apache/hadoop/hadoop-hdds-container-service/1.1.0-SNAPSHOT/hadoop-hdds-container-service-1.1.0-SNAPSHOT.jar!/webapps/hddsDatanode}
2021-01-10 09:03:12,476 [Listener at 127.0.0.1/45243] INFO  server.AbstractConnector (AbstractConnector.java:doStart(331)) - Started ServerConnector@2ffa8ce5{HTTP/1.1, (http/1.1)}{0.0.0.0:37095}
2021-01-10 09:03:12,476 [Listener at 127.0.0.1/45243] INFO  server.Server (Server.java:doStart(415)) - Started @91508ms
2021-01-10 09:03:12,476 [Listener at 127.0.0.1/45243] WARN  impl.MetricsSystemImpl (MetricsSystemImpl.java:register(276)) - Sink prometheus already exists!
2021-01-10 09:03:13,066 [EventQueue-PipelineReportForOneReplicaPipelineSafeModeRule] INFO  safemode.SCMSafeModeManager (SCMSafeModeManager.java:validateSafeModeExitRules(214)) - AtleastOneDatanodeReportedRule rule is successfully validated
2021-01-10 09:03:13,067 [EventQueue-OpenPipelineForHealthyPipelineSafeModeRule] INFO  safemode.SCMSafeModeManager (HealthyPipelineSafeModeRule.java:process(128)) - SCM in safe mode. Healthy pipelines reported count is 0, required healthy pipeline reported count is 1
2021-01-10 09:03:13,272 [EventQueue-PipelineReportForOneReplicaPipelineSafeModeRule] INFO  safemode.SCMSafeModeManager (SCMSafeModeManager.java:validateSafeModeExitRules(214)) - AtleastOneDatanodeReportedRule rule is successfully validated
2021-01-10 09:03:14,067 [EventQueue-PipelineReportForOneReplicaPipelineSafeModeRule] INFO  safemode.SCMSafeModeManager (SCMSafeModeManager.java:validateSafeModeExitRules(214)) - AtleastOneDatanodeReportedRule rule is successfully validated
2021-01-10 09:03:14,067 [EventQueue-OpenPipelineForHealthyPipelineSafeModeRule] INFO  safemode.SCMSafeModeManager (HealthyPipelineSafeModeRule.java:process(128)) - SCM in safe mode. Healthy pipelines reported count is 0, required healthy pipeline reported count is 1
2021-01-10 09:03:14,163 [Thread-763] INFO  impl.FollowerState (FollowerState.java:run(133)) - 639a72ac-1b67-44d2-8fbe-212b735275e2@group-F69E9E61EFEC-FollowerState: change to CANDIDATE, lastRpcElapsedTime:5081521887ns, electionTimeout:5081ms
2021-01-10 09:03:14,164 [Thread-763] INFO  impl.RoleInfo (RoleInfo.java:shutdownFollowerState(108)) - 639a72ac-1b67-44d2-8fbe-212b735275e2: shutdown 639a72ac-1b67-44d2-8fbe-212b735275e2@group-F69E9E61EFEC-FollowerState
2021-01-10 09:03:14,164 [Thread-763] INFO  server.RaftServer$Division (RaftServerImpl.java:setRole(283)) - 639a72ac-1b67-44d2-8fbe-212b735275e2@group-F69E9E61EFEC: changes role from  FOLLOWER to CANDIDATE at term 0 for changeToCandidate
2021-01-10 09:03:14,164 [Thread-763] INFO  impl.RoleInfo (RoleInfo.java:updateAndGet(130)) - 639a72ac-1b67-44d2-8fbe-212b735275e2: start 639a72ac-1b67-44d2-8fbe-212b735275e2@group-F69E9E61EFEC-LeaderElection10
2021-01-10 09:03:14,166 [639a72ac-1b67-44d2-8fbe-212b735275e2@group-F69E9E61EFEC-LeaderElection10] INFO  impl.LeaderElection (LeaderElection.java:askForPreVotes(259)) - 639a72ac-1b67-44d2-8fbe-212b735275e2@group-F69E9E61EFEC-LeaderElection10: begin a pre-vote at term 0 for -1: [639a72ac-1b67-44d2-8fbe-212b735275e2|rpc:172.17.0.2:45651|priority:1], old=null
2021-01-10 09:03:14,166 [639a72ac-1b67-44d2-8fbe-212b735275e2@group-F69E9E61EFEC-LeaderElection10] INFO  impl.LeaderElection (LeaderElection.java:askForPreVotes(261)) - 639a72ac-1b67-44d2-8fbe-212b735275e2@group-F69E9E61EFEC-LeaderElection10 pre-vote result is PASSED.
2021-01-10 09:03:14,167 [639a72ac-1b67-44d2-8fbe-212b735275e2@group-F69E9E61EFEC-LeaderElection10] INFO  impl.LeaderElection (LeaderElection.java:askForVotes(308)) - 639a72ac-1b67-44d2-8fbe-212b735275e2@group-F69E9E61EFEC-LeaderElection10: begin an election at term 1 for -1: [639a72ac-1b67-44d2-8fbe-212b735275e2|rpc:172.17.0.2:45651|priority:1], old=null
2021-01-10 09:03:14,167 [639a72ac-1b67-44d2-8fbe-212b735275e2@group-F69E9E61EFEC-LeaderElection10] INFO  impl.RoleInfo (RoleInfo.java:shutdownLeaderElection(121)) - 639a72ac-1b67-44d2-8fbe-212b735275e2: shutdown 639a72ac-1b67-44d2-8fbe-212b735275e2@group-F69E9E61EFEC-LeaderElection10
2021-01-10 09:03:14,167 [639a72ac-1b67-44d2-8fbe-212b735275e2@group-F69E9E61EFEC-LeaderElection10] INFO  server.RaftServer$Division (RaftServerImpl.java:setRole(283)) - 639a72ac-1b67-44d2-8fbe-212b735275e2@group-F69E9E61EFEC: changes role from CANDIDATE to LEADER at term 1 for changeToLeader
2021-01-10 09:03:14,168 [639a72ac-1b67-44d2-8fbe-212b735275e2@group-F69E9E61EFEC-LeaderElection10] INFO  ratis.XceiverServerRatis (XceiverServerRatis.java:handleLeaderChangedNotification(868)) - Leader change notification received for group: group-F69E9E61EFEC with new leaderId: 639a72ac-1b67-44d2-8fbe-212b735275e2
2021-01-10 09:03:14,168 [639a72ac-1b67-44d2-8fbe-212b735275e2@group-F69E9E61EFEC-LeaderElection10] INFO  server.RaftServer$Division (ServerState.java:setLeader(249)) - 639a72ac-1b67-44d2-8fbe-212b735275e2@group-F69E9E61EFEC: change Leader from null to 639a72ac-1b67-44d2-8fbe-212b735275e2 at term 1 for becomeLeader, leader elected after 5091ms
2021-01-10 09:03:14,168 [639a72ac-1b67-44d2-8fbe-212b735275e2@group-F69E9E61EFEC-LeaderElection10] INFO  server.RaftServerConfigKeys (ConfUtils.java:logGet(44)) - raft.server.staging.catchup.gap = 1000 (default)
2021-01-10 09:03:14,168 [639a72ac-1b67-44d2-8fbe-212b735275e2@group-F69E9E61EFEC-LeaderElection10] INFO  metrics.RatisMetrics (RatisMetrics.java:lambda$create$0(36)) - Creating Metrics Registry : ratis.log_appender.639a72ac-1b67-44d2-8fbe-212b735275e2@group-F69E9E61EFEC
2021-01-10 09:03:14,168 [639a72ac-1b67-44d2-8fbe-212b735275e2@group-F69E9E61EFEC-LeaderElection10] INFO  server.RaftServerConfigKeys (ConfUtils.java:logGet(44)) - raft.server.write.element-limit = 1024 (custom)
2021-01-10 09:03:14,168 [639a72ac-1b67-44d2-8fbe-212b735275e2@group-F69E9E61EFEC-LeaderElection10] INFO  server.RaftServerConfigKeys (ConfUtils.java:logGet(44)) - raft.server.write.byte-limit = 1073741824 (custom)
2021-01-10 09:03:14,169 [639a72ac-1b67-44d2-8fbe-212b735275e2@group-F69E9E61EFEC-LeaderElection10] INFO  server.RaftServerConfigKeys (ConfUtils.java:logGet(44)) - raft.server.watch.timeout = 180s (custom)
2021-01-10 09:03:14,169 [639a72ac-1b67-44d2-8fbe-212b735275e2@group-F69E9E61EFEC-LeaderElection10] INFO  server.RaftServerConfigKeys (ConfUtils.java:logGet(44)) - raft.server.watch.timeout.denomination = 1s (default)
2021-01-10 09:03:14,169 [639a72ac-1b67-44d2-8fbe-212b735275e2@group-F69E9E61EFEC-LeaderElection10] INFO  server.RaftServerConfigKeys (ConfUtils.java:logGet(44)) - raft.server.watch.element-limit = 65536 (default)
2021-01-10 09:03:14,169 [639a72ac-1b67-44d2-8fbe-212b735275e2@group-F69E9E61EFEC-LeaderElection10] INFO  impl.RoleInfo (RoleInfo.java:updateAndGet(130)) - 639a72ac-1b67-44d2-8fbe-212b735275e2: start 639a72ac-1b67-44d2-8fbe-212b735275e2@group-F69E9E61EFEC-LeaderStateImpl
2021-01-10 09:03:14,170 [639a72ac-1b67-44d2-8fbe-212b735275e2@group-F69E9E61EFEC-LeaderElection10] INFO  segmented.SegmentedRaftLogWorker (SegmentedRaftLogWorker.java:startLogSegment(392)) - 639a72ac-1b67-44d2-8fbe-212b735275e2@group-F69E9E61EFEC-SegmentedRaftLogWorker: Starting segment from index:0
2021-01-10 09:03:14,170 [EventQueue-PipelineReportForOneReplicaPipelineSafeModeRule] INFO  safemode.SCMSafeModeManager (SCMSafeModeManager.java:validateSafeModeExitRules(214)) - AtleastOneDatanodeReportedRule rule is successfully validated
2021-01-10 09:03:14,170 [EventQueue-OpenPipelineForHealthyPipelineSafeModeRule] INFO  safemode.SCMSafeModeManager (HealthyPipelineSafeModeRule.java:process(128)) - SCM in safe mode. Healthy pipelines reported count is 0, required healthy pipeline reported count is 1
2021-01-10 09:03:14,171 [639a72ac-1b67-44d2-8fbe-212b735275e2@group-F69E9E61EFEC-SegmentedRaftLogWorker] INFO  segmented.SegmentedRaftLogWorker (SegmentedRaftLogWorker.java:execute(599)) - 639a72ac-1b67-44d2-8fbe-212b735275e2@group-F69E9E61EFEC-SegmentedRaftLogWorker: created new log segment /github/workspace/mnt/ozone/hadoop-ozone/integration-test/target/test-dir/MiniOzoneClusterImpl-030730bd-5c5c-4c00-b8c2-b15b15404b1a/datanode-0/data/ratis/bb066f58-c2e9-40e5-93ce-f69e9e61efec/current/log_inprogress_0
2021-01-10 09:03:14,179 [639a72ac-1b67-44d2-8fbe-212b735275e2@group-F69E9E61EFEC-LeaderElection10] INFO  server.RaftServer$Division (ServerState.java:setRaftConf(368)) - 639a72ac-1b67-44d2-8fbe-212b735275e2@group-F69E9E61EFEC: set configuration 0: [639a72ac-1b67-44d2-8fbe-212b735275e2|rpc:172.17.0.2:45651|dataStream:|priority:1], old=null
2021-01-10 09:03:14,271 [Command processor thread] INFO  server.RaftServer (RaftServerProxy.java:addNew(95)) - c4191e53-aaca-4d42-9f72-dc45ebf47022: addNew group-6BDB76157137:[c4191e53-aaca-4d42-9f72-dc45ebf47022|rpc:172.17.0.2:35859|priority:1] returns group-6BDB76157137:java.util.concurrent.CompletableFuture@75dbb49[Not completed]
2021-01-10 09:03:14,271 [EventQueue-PipelineReportForOneReplicaPipelineSafeModeRule] INFO  safemode.SCMSafeModeManager (SCMSafeModeManager.java:validateSafeModeExitRules(214)) - AtleastOneDatanodeReportedRule rule is successfully validated
2021-01-10 09:03:14,273 [pool-264-thread-1] INFO  server.RaftServer$Division (RaftServerImpl.java:<init>(179)) - c4191e53-aaca-4d42-9f72-dc45ebf47022: new RaftServerImpl for group-6BDB76157137:[c4191e53-aaca-4d42-9f72-dc45ebf47022|rpc:172.17.0.2:35859|priority:1] with ContainerStateMachine:uninitialized
2021-01-10 09:03:14,273 [pool-264-thread-1] INFO  server.RaftServerConfigKeys (ConfUtils.java:logGet(44)) - raft.server.rpc.timeout.min = 5s (custom)
2021-01-10 09:03:14,274 [pool-264-thread-1] INFO  server.RaftServerConfigKeys (ConfUtils.java:logGet(44)) - raft.server.rpc.timeout.max = 5200ms (custom)
2021-01-10 09:03:14,274 [pool-264-thread-1] INFO  server.RaftServerConfigKeys (ConfUtils.java:logGet(44)) - raft.server.rpc.sleep.time = 25ms (default)
2021-01-10 09:03:14,274 [pool-264-thread-1] INFO  server.RaftServerConfigKeys (ConfUtils.java:logGet(44)) - raft.server.rpc.slowness.timeout = 300s (custom)
2021-01-10 09:03:14,274 [pool-264-thread-1] INFO  server.RaftServerConfigKeys (ConfUtils.java:logGet(44)) - raft.server.leaderelection.leader.step-down.wait-time = 10s (default)
2021-01-10 09:03:14,274 [pool-264-thread-1] INFO  server.RaftServerConfigKeys (ConfUtils.java:logGet(44)) - raft.server.sleep.deviation.threshold = 300ms (default)
2021-01-10 09:03:14,274 [pool-264-thread-1] INFO  server.RaftServerConfigKeys (ConfUtils.java:logGet(44)) - raft.server.log.appender.install.snapshot.enabled = false (custom)
2021-01-10 09:03:14,274 [pool-264-thread-1] INFO  server.RaftServer$Division (ServerState.java:<init>(103)) - c4191e53-aaca-4d42-9f72-dc45ebf47022@group-6BDB76157137: ConfigurationManager, init=-1: [c4191e53-aaca-4d42-9f72-dc45ebf47022|rpc:172.17.0.2:35859|priority:1], old=null, confs=<EMPTY_MAP>
2021-01-10 09:03:14,274 [pool-264-thread-1] INFO  server.RaftServerConfigKeys (ConfUtils.java:logGet(44)) - raft.server.storage.dir = [/github/workspace/mnt/ozone/hadoop-ozone/integration-test/target/test-dir/MiniOzoneClusterImpl-030730bd-5c5c-4c00-b8c2-b15b15404b1a/datanode-1/data/ratis] (custom)
2021-01-10 09:03:14,274 [pool-264-thread-1] INFO  server.RaftServerConfigKeys (ConfUtils.java:logGet(44)) - raft.server.log.corruption.policy = EXCEPTION (default)
2021-01-10 09:03:14,275 [pool-264-thread-1] INFO  storage.RaftStorageDirectory (RaftStorageDirectoryImpl.java:analyzeStorage(132)) - The storage directory /github/workspace/mnt/ozone/hadoop-ozone/integration-test/target/test-dir/MiniOzoneClusterImpl-030730bd-5c5c-4c00-b8c2-b15b15404b1a/datanode-1/data/ratis/319c8b6e-21f4-42ad-8e65-6bdb76157137 does not exist. Creating ...
2021-01-10 09:03:14,276 [pool-264-thread-1] INFO  storage.RaftStorageDirectory (RaftStorageDirectoryImpl.java:tryLock(215)) - Lock on /github/workspace/mnt/ozone/hadoop-ozone/integration-test/target/test-dir/MiniOzoneClusterImpl-030730bd-5c5c-4c00-b8c2-b15b15404b1a/datanode-1/data/ratis/319c8b6e-21f4-42ad-8e65-6bdb76157137/in_use.lock acquired by nodename 31262@84bc77fe8d45
2021-01-10 09:03:14,277 [pool-264-thread-1] INFO  storage.RaftStorage (RaftStorageImpl.java:format(87)) - Storage directory /github/workspace/mnt/ozone/hadoop-ozone/integration-test/target/test-dir/MiniOzoneClusterImpl-030730bd-5c5c-4c00-b8c2-b15b15404b1a/datanode-1/data/ratis/319c8b6e-21f4-42ad-8e65-6bdb76157137 has been successfully formatted.
2021-01-10 09:03:14,278 [pool-264-thread-1] INFO  ratis.ContainerStateMachine (ContainerStateMachine.java:loadSnapshot(223)) - group-6BDB76157137: The snapshot info is null. Setting the last applied indexto:(t:0, i:~)
2021-01-10 09:03:14,278 [pool-264-thread-1] ERROR storage.RaftStorage (RaftStorageImpl.java:readRaftConfiguration(147)) - Failed reading configuration from file:/github/workspace/mnt/ozone/hadoop-ozone/integration-test/target/test-dir/MiniOzoneClusterImpl-030730bd-5c5c-4c00-b8c2-b15b15404b1a/datanode-1/data/ratis/319c8b6e-21f4-42ad-8e65-6bdb76157137/current/raft-meta.conf
java.io.FileNotFoundException: /github/workspace/mnt/ozone/hadoop-ozone/integration-test/target/test-dir/MiniOzoneClusterImpl-030730bd-5c5c-4c00-b8c2-b15b15404b1a/datanode-1/data/ratis/319c8b6e-21f4-42ad-8e65-6bdb76157137/current/raft-meta.conf (No such file or directory)
	at java.io.FileInputStream.open0(Native Method)
	at java.io.FileInputStream.open(FileInputStream.java:195)
	at java.io.FileInputStream.<init>(FileInputStream.java:138)
	at org.apache.ratis.server.storage.RaftStorageImpl.readRaftConfiguration(RaftStorageImpl.java:143)
	at org.apache.ratis.server.impl.ServerState.<init>(ServerState.java:113)
	at org.apache.ratis.server.impl.RaftServerImpl.<init>(RaftServerImpl.java:192)
	at org.apache.ratis.server.impl.RaftServerProxy.lambda$newRaftServerImpl$4(RaftServerProxy.java:266)
	at java.util.concurrent.CompletableFuture$AsyncSupply.run(CompletableFuture.java:1604)
	at java.util.concurrent.ThreadPoolExecutor.runWorker(ThreadPoolExecutor.java:1149)
	at java.util.concurrent.ThreadPoolExecutor$Worker.run(ThreadPoolExecutor.java:624)
	at java.lang.Thread.run(Thread.java:748)
2021-01-10 09:03:14,278 [pool-264-thread-1] INFO  server.RaftServerConfigKeys (ConfUtils.java:logGet(44)) - raft.server.notification.no-leader.timeout = 300s (custom)
2021-01-10 09:03:14,278 [pool-264-thread-1] INFO  server.RaftServerConfigKeys (ConfUtils.java:logGet(44)) - raft.server.log.use.memory = false (default)
2021-01-10 09:03:14,278 [pool-264-thread-1] INFO  server.RaftServerConfigKeys (ConfUtils.java:logGet(44)) - raft.server.log.purge.gap = 1000000 (custom)
2021-01-10 09:03:14,279 [pool-264-thread-1] INFO  server.RaftServerConfigKeys (ConfUtils.java:logGet(44)) - raft.server.log.appender.buffer.byte-limit = 33554432 (custom)
2021-01-10 09:03:14,279 [EventQueue-PipelineReportForOneReplicaPipelineSafeModeRule] INFO  safemode.SCMSafeModeManager (SCMSafeModeManager.java:validateSafeModeExitRules(214)) - AtleastOneDatanodeReportedRule rule is successfully validated
2021-01-10 09:03:14,279 [pool-264-thread-1] INFO  metrics.RatisMetrics (RatisMetrics.java:lambda$create$0(36)) - Creating Metrics Registry : ratis.log_worker.c4191e53-aaca-4d42-9f72-dc45ebf47022@group-6BDB76157137
2021-01-10 09:03:14,279 [pool-264-thread-1] INFO  server.RaftServerConfigKeys (ConfUtils.java:logGet(44)) - raft.server.log.segment.size.max = 1048576 (custom)
2021-01-10 09:03:14,279 [EventQueue-PipelineReportForPipelineReportHandler] INFO  pipeline.PipelineStateManager (PipelineStateManager.java:openPipeline(132)) - Pipeline Pipeline[ Id: 319c8b6e-21f4-42ad-8e65-6bdb76157137, Nodes: c4191e53-aaca-4d42-9f72-dc45ebf47022{ip: 172.17.0.2, host: 84bc77fe8d45, networkLocation: /default-rack, certSerialId: null, persistedOpState: IN_SERVICE, persistedOpStateExpiryEpochSec: 0}, Type:RATIS, Factor:ONE, State:ALLOCATED, leaderId:c4191e53-aaca-4d42-9f72-dc45ebf47022, CreationTimestamp2021-01-10T09:03:11.273Z] moved to OPEN state
2021-01-10 09:03:14,279 [pool-264-thread-1] INFO  server.RaftServerConfigKeys (ConfUtils.java:logGet(44)) - raft.server.log.segment.cache.num.max = 2 (custom)
2021-01-10 09:03:14,279 [pool-264-thread-1] INFO  server.RaftServerConfigKeys (ConfUtils.java:logGet(44)) - raft.server.log.segment.cache.size.max = 200MB (=209715200) (default)
2021-01-10 09:03:14,279 [EventQueue-OpenPipelineForHealthyPipelineSafeModeRule] INFO  safemode.SCMSafeModeManager (HealthyPipelineSafeModeRule.java:process(128)) - SCM in safe mode. Healthy pipelines reported count is 0, required healthy pipeline reported count is 1
2021-01-10 09:03:14,280 [pool-264-thread-1] INFO  segmented.SegmentedRaftLogWorker (SegmentedRaftLogWorker.java:<init>(181)) - new c4191e53-aaca-4d42-9f72-dc45ebf47022@group-6BDB76157137-SegmentedRaftLogWorker for RaftStorageImpl:Storage Directory /github/workspace/mnt/ozone/hadoop-ozone/integration-test/target/test-dir/MiniOzoneClusterImpl-030730bd-5c5c-4c00-b8c2-b15b15404b1a/datanode-1/data/ratis/319c8b6e-21f4-42ad-8e65-6bdb76157137
2021-01-10 09:03:14,280 [pool-264-thread-1] INFO  server.RaftServerConfigKeys (ConfUtils.java:logGet(44)) - raft.server.log.queue.byte-limit = 2147483647 (custom)
2021-01-10 09:03:14,280 [pool-264-thread-1] INFO  server.RaftServerConfigKeys (ConfUtils.java:logGet(44)) - raft.server.log.queue.element-limit = 1024 (custom)
2021-01-10 09:03:14,280 [pool-264-thread-1] INFO  server.RaftServerConfigKeys (ConfUtils.java:logGet(44)) - raft.server.log.segment.size.max = 1048576 (custom)
2021-01-10 09:03:14,281 [pool-264-thread-1] INFO  server.RaftServerConfigKeys (ConfUtils.java:logGet(44)) - raft.server.log.preallocated.size = 16384 (custom)
2021-01-10 09:03:14,281 [pool-264-thread-1] INFO  server.RaftServerConfigKeys (ConfUtils.java:logGet(44)) - raft.server.log.force.sync.num = 128 (default)
2021-01-10 09:03:14,281 [pool-264-thread-1] INFO  server.RaftServerConfigKeys (ConfUtils.java:logGet(44)) - raft.server.log.statemachine.data.sync = true (default)
2021-01-10 09:03:14,281 [pool-264-thread-1] INFO  server.RaftServerConfigKeys (ConfUtils.java:logGet(44)) - raft.server.log.statemachine.data.sync.timeout = 10s (default)
2021-01-10 09:03:14,281 [pool-264-thread-1] INFO  server.RaftServerConfigKeys (ConfUtils.java:logGet(44)) - raft.server.log.statemachine.data.sync.timeout.retry = -1 (default)
2021-01-10 09:03:14,282 [pool-264-thread-1] INFO  server.RaftServerConfigKeys (ConfUtils.java:logGet(44)) - raft.server.log.write.buffer.size = 1048576 (custom)
2021-01-10 09:03:14,282 [pool-264-thread-1] INFO  server.RaftServerConfigKeys (ConfUtils.java:logGet(44)) - raft.server.log.statemachine.data.caching.enabled = true (custom)
2021-01-10 09:03:14,283 [pool-264-thread-1] INFO  segmented.SegmentedRaftLogWorker (SegmentedRaftLogWorker.java:lambda$new$0(132)) - c4191e53-aaca-4d42-9f72-dc45ebf47022@group-6BDB76157137-SegmentedRaftLogWorker: flushIndex: setUnconditionally 0 -> -1
2021-01-10 09:03:14,283 [pool-264-thread-1] INFO  segmented.SegmentedRaftLogWorker (SegmentedRaftLogWorker.java:lambda$new$0(132)) - c4191e53-aaca-4d42-9f72-dc45ebf47022@group-6BDB76157137-SegmentedRaftLogWorker: safeCacheEvictIndex: setUnconditionally 0 -> -1
2021-01-10 09:03:14,289 [pool-264-thread-1] INFO  server.RaftServerConfigKeys (ConfUtils.java:logGet(44)) - raft.server.snapshot.auto.trigger.enabled = true (custom)
2021-01-10 09:03:14,289 [pool-264-thread-1] INFO  server.RaftServerConfigKeys (ConfUtils.java:logGet(44)) - raft.server.snapshot.auto.trigger.threshold = 10000 (custom)
2021-01-10 09:03:14,290 [pool-264-thread-1] INFO  server.RaftServerConfigKeys (ConfUtils.java:logGet(44)) - raft.server.snapshot.retention.file.num = 5 (custom)
2021-01-10 09:03:14,290 [pool-264-thread-1] INFO  server.RaftServerConfigKeys (ConfUtils.java:logGet(44)) - raft.server.log.purge.upto.snapshot.index = false (default)
2021-01-10 09:03:14,290 [pool-264-thread-1] INFO  server.RaftServerConfigKeys (ConfUtils.java:logGet(44)) - raft.server.retrycache.expirytime = 600000ms (custom)
2021-01-10 09:03:14,290 [pool-264-thread-1] INFO  server.RaftServerConfigKeys (ConfUtils.java:logGet(44)) - raft.server.retrycache.statistics.expirytime = 100?s (default)
2021-01-10 09:03:14,290 [pool-264-thread-1] INFO  metrics.RatisMetrics (RatisMetrics.java:lambda$create$0(36)) - Creating Metrics Registry : ratis.leader_election.c4191e53-aaca-4d42-9f72-dc45ebf47022@group-6BDB76157137
2021-01-10 09:03:14,290 [pool-264-thread-1] INFO  metrics.RatisMetrics (RatisMetrics.java:lambda$create$0(36)) - Creating Metrics Registry : ratis.server.c4191e53-aaca-4d42-9f72-dc45ebf47022@group-6BDB76157137
2021-01-10 09:03:14,291 [pool-264-thread-1] INFO  server.RaftServer$Division (RaftServerImpl.java:start(294)) - c4191e53-aaca-4d42-9f72-dc45ebf47022@group-6BDB76157137: start as a follower, conf=-1: [c4191e53-aaca-4d42-9f72-dc45ebf47022|rpc:172.17.0.2:35859|priority:1], old=null
2021-01-10 09:03:14,291 [pool-264-thread-1] INFO  server.RaftServer$Division (RaftServerImpl.java:setRole(283)) - c4191e53-aaca-4d42-9f72-dc45ebf47022@group-6BDB76157137: changes role from      null to FOLLOWER at term 0 for startAsFollower
2021-01-10 09:03:14,291 [pool-264-thread-1] INFO  impl.RoleInfo (RoleInfo.java:updateAndGet(130)) - c4191e53-aaca-4d42-9f72-dc45ebf47022: start c4191e53-aaca-4d42-9f72-dc45ebf47022@group-6BDB76157137-FollowerState
2021-01-10 09:03:14,291 [pool-264-thread-1] INFO  util.JmxRegister (JmxRegister.java:tryRegister(44)) - Successfully registered JMX Bean with object name Ratis:service=RaftServer,group=group-6BDB76157137,id=c4191e53-aaca-4d42-9f72-dc45ebf47022
2021-01-10 09:03:14,291 [pool-264-thread-1] INFO  metrics.RatisMetrics (RatisMetrics.java:lambda$create$0(36)) - Creating Metrics Registry : ratis.state_machine.c4191e53-aaca-4d42-9f72-dc45ebf47022@group-6BDB76157137
2021-01-10 09:03:14,292 [Command processor thread] INFO  commandhandler.CreatePipelineCommandHandler (CreatePipelineCommandHandler.java:handle(106)) - Created Pipeline RATIS ONE PipelineID=319c8b6e-21f4-42ad-8e65-6bdb76157137.
2021-01-10 09:03:15,169 [EventQueue-PipelineReportForOneReplicaPipelineSafeModeRule] INFO  safemode.SCMSafeModeManager (SCMSafeModeManager.java:validateSafeModeExitRules(214)) - AtleastOneDatanodeReportedRule rule is successfully validated
2021-01-10 09:03:15,169 [EventQueue-OpenPipelineForHealthyPipelineSafeModeRule] INFO  safemode.SCMSafeModeManager (HealthyPipelineSafeModeRule.java:process(128)) - SCM in safe mode. Healthy pipelines reported count is 0, required healthy pipeline reported count is 1
2021-01-10 09:03:15,279 [EventQueue-PipelineReportForOneReplicaPipelineSafeModeRule] INFO  safemode.SCMSafeModeManager (SCMSafeModeManager.java:validateSafeModeExitRules(214)) - AtleastOneDatanodeReportedRule rule is successfully validated
2021-01-10 09:03:15,280 [EventQueue-OpenPipelineForHealthyPipelineSafeModeRule] INFO  safemode.SCMSafeModeManager (HealthyPipelineSafeModeRule.java:process(128)) - SCM in safe mode. Healthy pipelines reported count is 0, required healthy pipeline reported count is 1
2021-01-10 09:03:16,169 [EventQueue-PipelineReportForOneReplicaPipelineSafeModeRule] INFO  safemode.SCMSafeModeManager (SCMSafeModeManager.java:validateSafeModeExitRules(214)) - AtleastOneDatanodeReportedRule rule is successfully validated
2021-01-10 09:03:16,169 [EventQueue-OpenPipelineForHealthyPipelineSafeModeRule] INFO  safemode.SCMSafeModeManager (HealthyPipelineSafeModeRule.java:process(128)) - SCM in safe mode. Healthy pipelines reported count is 0, required healthy pipeline reported count is 1
2021-01-10 09:03:16,279 [EventQueue-PipelineReportForOneReplicaPipelineSafeModeRule] INFO  safemode.SCMSafeModeManager (SCMSafeModeManager.java:validateSafeModeExitRules(214)) - AtleastOneDatanodeReportedRule rule is successfully validated
2021-01-10 09:03:16,280 [EventQueue-OpenPipelineForHealthyPipelineSafeModeRule] INFO  safemode.SCMSafeModeManager (HealthyPipelineSafeModeRule.java:process(128)) - SCM in safe mode. Healthy pipelines reported count is 0, required healthy pipeline reported count is 1
2021-01-10 09:03:17,168 [EventQueue-OpenPipelineForHealthyPipelineSafeModeRule] INFO  safemode.SCMSafeModeManager (HealthyPipelineSafeModeRule.java:process(128)) - SCM in safe mode. Healthy pipelines reported count is 0, required healthy pipeline reported count is 1
2021-01-10 09:03:17,169 [EventQueue-PipelineReportForOneReplicaPipelineSafeModeRule] INFO  safemode.SCMSafeModeManager (SCMSafeModeManager.java:validateSafeModeExitRules(214)) - AtleastOneDatanodeReportedRule rule is successfully validated
2021-01-10 09:03:17,280 [EventQueue-PipelineReportForOneReplicaPipelineSafeModeRule] INFO  safemode.SCMSafeModeManager (SCMSafeModeManager.java:validateSafeModeExitRules(214)) - AtleastOneDatanodeReportedRule rule is successfully validated
2021-01-10 09:03:17,280 [EventQueue-OpenPipelineForHealthyPipelineSafeModeRule] INFO  safemode.SCMSafeModeManager (HealthyPipelineSafeModeRule.java:process(128)) - SCM in safe mode. Healthy pipelines reported count is 0, required healthy pipeline reported count is 1
2021-01-10 09:03:17,483 [Listener at 127.0.0.1/45243] INFO  http.BaseHttpServer (BaseHttpServer.java:updateConnectorAddress(327)) - HTTP server of hddsDatanode listening at http://0.0.0.0:37095
2021-01-10 09:03:17,485 [Listener at 127.0.0.1/45243] INFO  impl.MetricsSystemImpl (MetricsSystemImpl.java:init(158)) - HddsDatanode metrics system started (again)
2021-01-10 09:03:17,486 [Listener at 127.0.0.1/45243] INFO  ozone.HddsDatanodeService (HddsDatanodeService.java:start(215)) - HddsDatanodeService host:84bc77fe8d45 ip:172.17.0.2
2021-01-10 09:03:17,488 [Listener at 127.0.0.1/45243] INFO  volume.HddsVolume (HddsVolume.java:<init>(176)) - Creating Volume: /github/workspace/mnt/ozone/hadoop-ozone/integration-test/target/test-dir/MiniOzoneClusterImpl-030730bd-5c5c-4c00-b8c2-b15b15404b1a/datanode-3/data-0/containers/hdds of storage type : DISK and capacity : 9223372036854775807
2021-01-10 09:03:17,488 [Listener at 127.0.0.1/45243] INFO  volume.MutableVolumeSet (MutableVolumeSet.java:initializeVolumeSet(179)) - Added Volume : /github/workspace/mnt/ozone/hadoop-ozone/integration-test/target/test-dir/MiniOzoneClusterImpl-030730bd-5c5c-4c00-b8c2-b15b15404b1a/datanode-3/data-0/containers/hdds to VolumeSet
2021-01-10 09:03:17,489 [Listener at 127.0.0.1/45243] INFO  volume.ThrottledAsyncChecker (ThrottledAsyncChecker.java:schedule(141)) - Scheduling a check for /github/workspace/mnt/ozone/hadoop-ozone/integration-test/target/test-dir/MiniOzoneClusterImpl-030730bd-5c5c-4c00-b8c2-b15b15404b1a/datanode-3/data-0/containers/hdds
2021-01-10 09:03:17,495 [org.apache.hadoop.util.JvmPauseMonitor$Monitor@57a9af9b] INFO  util.JvmPauseMonitor (JvmPauseMonitor.java:run(188)) - Starting JVM pause monitor
2021-01-10 09:03:17,496 [Datanode State Machine Task Thread - 0] INFO  datanode.InitDatanodeState (InitDatanodeState.java:persistContainerDatanodeDetails(145)) - DatanodeDetails is persisted to /github/workspace/mnt/ozone/hadoop-ozone/integration-test/target/test-dir/MiniOzoneClusterImpl-030730bd-5c5c-4c00-b8c2-b15b15404b1a/datanode-2/meta/datanode.id
2021-01-10 09:03:17,503 [Listener at 127.0.0.1/45243] INFO  volume.HddsVolumeChecker (HddsVolumeChecker.java:checkAllVolumes(200)) - Scheduled health check for volume /github/workspace/mnt/ozone/hadoop-ozone/integration-test/target/test-dir/MiniOzoneClusterImpl-030730bd-5c5c-4c00-b8c2-b15b15404b1a/datanode-3/data-0/containers/hdds
2021-01-10 09:03:17,516 [Thread-781] INFO  ozoneimpl.ContainerReader (ContainerReader.java:readVolume(123)) - Start to verify containers on volume /github/workspace/mnt/ozone/hadoop-ozone/integration-test/target/test-dir/MiniOzoneClusterImpl-030730bd-5c5c-4c00-b8c2-b15b15404b1a/datanode-3/data-0/containers/hdds
2021-01-10 09:03:17,516 [Thread-781] INFO  ozoneimpl.ContainerReader (ContainerReader.java:readVolume(148)) - Finish verifying containers on volume /github/workspace/mnt/ozone/hadoop-ozone/integration-test/target/test-dir/MiniOzoneClusterImpl-030730bd-5c5c-4c00-b8c2-b15b15404b1a/datanode-3/data-0/containers/hdds
2021-01-10 09:03:17,516 [Listener at 127.0.0.1/45243] INFO  ozoneimpl.OzoneContainer (OzoneContainer.java:buildContainerSet(206)) - Build ContainerSet costs 0s
2021-01-10 09:03:17,517 [Listener at 127.0.0.1/45243] INFO  server.RaftServer (ConfUtils.java:logGet(44)) - raft.rpc.type = GRPC (default)
2021-01-10 09:03:17,518 [Listener at 127.0.0.1/45243] INFO  grpc.GrpcFactory (GrpcFactory.java:checkPooledByteBufAllocatorUseCacheForAllThreads(48)) - PERFORMANCE WARNING: useCacheForAllThreads is true that may cause Netty to create a lot garbage objects and, as a result, trigger GC.
	It is recommended to disable useCacheForAllThreads by setting -Dorg.apache.ratis.thirdparty.io.netty.allocator.useCacheForAllThreads=false in command line.
2021-01-10 09:03:17,518 [Listener at 127.0.0.1/45243] INFO  grpc.GrpcConfigKeys (ConfUtils.java:logGet(44)) - raft.grpc.server.port = 0 (default)
2021-01-10 09:03:17,518 [Listener at 127.0.0.1/45243] INFO  server.GrpcService (ConfUtils.java:logGet(44)) - raft.grpc.message.size.max = 32MB (=33554432) (custom)
2021-01-10 09:03:17,518 [Listener at 127.0.0.1/45243] INFO  server.RaftServerConfigKeys (ConfUtils.java:logGet(44)) - raft.server.log.appender.buffer.byte-limit = 33554432 (custom)
2021-01-10 09:03:17,518 [Listener at 127.0.0.1/45243] INFO  server.GrpcService (ConfUtils.java:logGet(44)) - raft.grpc.flow.control.window = 5MB (=5242880) (custom)
2021-01-10 09:03:17,518 [Listener at 127.0.0.1/45243] INFO  server.RaftServerConfigKeys (ConfUtils.java:logGet(44)) - raft.server.rpc.request.timeout = 60s (custom)
2021-01-10 09:03:17,519 [Listener at 127.0.0.1/45243] INFO  impl.DataStreamServerImpl (ConfUtils.java:logGet(44)) - raft.datastream.type = DISABLED (default)
2021-01-10 09:03:17,519 [Listener at 127.0.0.1/45243] INFO  server.RaftServerConfigKeys (ConfUtils.java:logGet(44)) - raft.server.rpc.slowness.timeout = 300s (custom)
2021-01-10 09:03:17,520 [Listener at 127.0.0.1/45243] INFO  server.RaftServerConfigKeys (ConfUtils.java:logGet(44)) - raft.server.leaderelection.leader.step-down.wait-time = 10s (default)
2021-01-10 09:03:17,520 [Listener at 127.0.0.1/45243] INFO  server.RaftServerConfigKeys (ConfUtils.java:logGet(44)) - raft.server.storage.dir = [/github/workspace/mnt/ozone/hadoop-ozone/integration-test/target/test-dir/MiniOzoneClusterImpl-030730bd-5c5c-4c00-b8c2-b15b15404b1a/datanode-3/data/ratis] (custom)
2021-01-10 09:03:17,524 [Listener at 127.0.0.1/45243] INFO  http.BaseHttpServer (BaseHttpServer.java:newHttpServer2BuilderForOzone(207)) - Starting Web-server for hddsDatanode at: http://0.0.0.0:0
2021-01-10 09:03:17,525 [Listener at 127.0.0.1/45243] INFO  http.BaseHttpServer (BaseHttpServer.java:<init>(106)) - Hadoop Security Enabled: false Ozone Security Enabled: false Ozone HTTP Security Enabled: false 
2021-01-10 09:03:17,526 [Listener at 127.0.0.1/45243] INFO  server.AuthenticationFilter (AuthenticationFilter.java:constructSecretProvider(240)) - Unable to initialize FileSignerSecretProvider, falling back to use random secrets.
2021-01-10 09:03:17,526 [Listener at 127.0.0.1/45243] WARN  http.HttpRequestLog (HttpRequestLog.java:getRequestLog(103)) - Jetty request log can only be enabled using Log4j
2021-01-10 09:03:17,527 [Listener at 127.0.0.1/45243] INFO  http.HttpServer2 (HttpServer2.java:addGlobalFilter(1020)) - Added global filter 'safety' (class=org.apache.hadoop.hdds.server.http.HttpServer2$QuotingInputFilter)
2021-01-10 09:03:17,527 [Listener at 127.0.0.1/45243] INFO  http.HttpServer2 (HttpServer2.java:addFilter(996)) - Added filter static_user_filter (class=org.apache.hadoop.http.lib.StaticUserWebFilter$StaticUserFilter) to context hddsDatanode
2021-01-10 09:03:17,527 [Listener at 127.0.0.1/45243] INFO  http.HttpServer2 (HttpServer2.java:addFilter(1004)) - Added filter static_user_filter (class=org.apache.hadoop.http.lib.StaticUserWebFilter$StaticUserFilter) to context logs
2021-01-10 09:03:17,527 [Listener at 127.0.0.1/45243] INFO  http.HttpServer2 (HttpServer2.java:addFilter(1004)) - Added filter static_user_filter (class=org.apache.hadoop.http.lib.StaticUserWebFilter$StaticUserFilter) to context static
2021-01-10 09:03:17,528 [Listener at 127.0.0.1/45243] INFO  http.HttpServer2 (HttpServer2.java:bindListener(1238)) - Jetty bound to port 35575
2021-01-10 09:03:17,528 [Listener at 127.0.0.1/45243] INFO  server.Server (Server.java:doStart(375)) - jetty-9.4.34.v20201102; built: 2020-11-02T14:15:39.302Z; git: e46af88704a893fc12cb0e3bf46e2c7b48a009e7; jvm 1.8.0_232-b09
2021-01-10 09:03:17,531 [Listener at 127.0.0.1/45243] INFO  server.session (DefaultSessionIdManager.java:doStart(334)) - DefaultSessionIdManager workerName=node0
2021-01-10 09:03:17,531 [Listener at 127.0.0.1/45243] INFO  server.session (DefaultSessionIdManager.java:doStart(339)) - No SessionScavenger set, using defaults
2021-01-10 09:03:17,531 [Listener at 127.0.0.1/45243] INFO  server.session (HouseKeeper.java:startScavenging(132)) - node0 Scavenging every 600000ms
2021-01-10 09:03:17,532 [Listener at 127.0.0.1/45243] INFO  handler.ContextHandler (ContextHandler.java:doStart(916)) - Started o.e.j.s.ServletContextHandler@5f4f8d38{logs,/logs,file:///github/workspace/mnt/ozone/hadoop-ozone/integration-test/target/log,AVAILABLE}
2021-01-10 09:03:17,532 [Listener at 127.0.0.1/45243] INFO  handler.ContextHandler (ContextHandler.java:doStart(916)) - Started o.e.j.s.ServletContextHandler@32ebfde1{static,/static,jar:file:/home/user/.m2/repository/org/apache/hadoop/hadoop-hdds-container-service/1.1.0-SNAPSHOT/hadoop-hdds-container-service-1.1.0-SNAPSHOT.jar!/webapps/static,AVAILABLE}
2021-01-10 09:03:17,690 [Listener at 127.0.0.1/45243] INFO  handler.ContextHandler (ContextHandler.java:doStart(916)) - Started o.e.j.w.WebAppContext@148fc881{hddsDatanode,/,file:///tmp/jetty-0_0_0_0-35575-hadoop-hdds-container-service-1_1_0-SNAPSHOT_jar-_-any-12478719473137911/webapp/,AVAILABLE}{jar:file:/home/user/.m2/repository/org/apache/hadoop/hadoop-hdds-container-service/1.1.0-SNAPSHOT/hadoop-hdds-container-service-1.1.0-SNAPSHOT.jar!/webapps/hddsDatanode}
2021-01-10 09:03:17,691 [Listener at 127.0.0.1/45243] INFO  server.AbstractConnector (AbstractConnector.java:doStart(331)) - Started ServerConnector@6e4c8583{HTTP/1.1, (http/1.1)}{0.0.0.0:35575}
2021-01-10 09:03:17,692 [Listener at 127.0.0.1/45243] INFO  server.Server (Server.java:doStart(415)) - Started @96724ms
2021-01-10 09:03:17,692 [Listener at 127.0.0.1/45243] WARN  impl.MetricsSystemImpl (MetricsSystemImpl.java:register(276)) - Sink prometheus already exists!
2021-01-10 09:03:18,169 [EventQueue-OpenPipelineForHealthyPipelineSafeModeRule] INFO  safemode.SCMSafeModeManager (HealthyPipelineSafeModeRule.java:process(128)) - SCM in safe mode. Healthy pipelines reported count is 0, required healthy pipeline reported count is 1
2021-01-10 09:03:18,169 [EventQueue-PipelineReportForOneReplicaPipelineSafeModeRule] INFO  safemode.SCMSafeModeManager (SCMSafeModeManager.java:validateSafeModeExitRules(214)) - AtleastOneDatanodeReportedRule rule is successfully validated
2021-01-10 09:03:18,279 [EventQueue-PipelineReportForOneReplicaPipelineSafeModeRule] INFO  safemode.SCMSafeModeManager (SCMSafeModeManager.java:validateSafeModeExitRules(214)) - AtleastOneDatanodeReportedRule rule is successfully validated
2021-01-10 09:03:18,280 [EventQueue-OpenPipelineForHealthyPipelineSafeModeRule] INFO  safemode.SCMSafeModeManager (HealthyPipelineSafeModeRule.java:process(128)) - SCM in safe mode. Healthy pipelines reported count is 0, required healthy pipeline reported count is 1
2021-01-10 09:03:19,169 [EventQueue-PipelineReportForOneReplicaPipelineSafeModeRule] INFO  safemode.SCMSafeModeManager (SCMSafeModeManager.java:validateSafeModeExitRules(214)) - AtleastOneDatanodeReportedRule rule is successfully validated
2021-01-10 09:03:19,169 [EventQueue-OpenPipelineForHealthyPipelineSafeModeRule] INFO  safemode.SCMSafeModeManager (HealthyPipelineSafeModeRule.java:process(128)) - SCM in safe mode. Healthy pipelines reported count is 0, required healthy pipeline reported count is 1
2021-01-10 09:03:19,279 [EventQueue-PipelineReportForOneReplicaPipelineSafeModeRule] INFO  safemode.SCMSafeModeManager (SCMSafeModeManager.java:validateSafeModeExitRules(214)) - AtleastOneDatanodeReportedRule rule is successfully validated
2021-01-10 09:03:19,279 [EventQueue-OpenPipelineForHealthyPipelineSafeModeRule] INFO  safemode.SCMSafeModeManager (HealthyPipelineSafeModeRule.java:process(128)) - SCM in safe mode. Healthy pipelines reported count is 0, required healthy pipeline reported count is 1
2021-01-10 09:03:19,329 [Thread-778] INFO  impl.FollowerState (FollowerState.java:run(133)) - c4191e53-aaca-4d42-9f72-dc45ebf47022@group-6BDB76157137-FollowerState: change to CANDIDATE, lastRpcElapsedTime:5037955213ns, electionTimeout:5037ms
2021-01-10 09:03:19,330 [Thread-778] INFO  impl.RoleInfo (RoleInfo.java:shutdownFollowerState(108)) - c4191e53-aaca-4d42-9f72-dc45ebf47022: shutdown c4191e53-aaca-4d42-9f72-dc45ebf47022@group-6BDB76157137-FollowerState
2021-01-10 09:03:19,330 [Thread-778] INFO  server.RaftServer$Division (RaftServerImpl.java:setRole(283)) - c4191e53-aaca-4d42-9f72-dc45ebf47022@group-6BDB76157137: changes role from  FOLLOWER to CANDIDATE at term 0 for changeToCandidate
2021-01-10 09:03:19,330 [Thread-778] INFO  impl.RoleInfo (RoleInfo.java:updateAndGet(130)) - c4191e53-aaca-4d42-9f72-dc45ebf47022: start c4191e53-aaca-4d42-9f72-dc45ebf47022@group-6BDB76157137-LeaderElection11
2021-01-10 09:03:19,335 [c4191e53-aaca-4d42-9f72-dc45ebf47022@group-6BDB76157137-LeaderElection11] INFO  impl.LeaderElection (LeaderElection.java:askForPreVotes(259)) - c4191e53-aaca-4d42-9f72-dc45ebf47022@group-6BDB76157137-LeaderElection11: begin a pre-vote at term 0 for -1: [c4191e53-aaca-4d42-9f72-dc45ebf47022|rpc:172.17.0.2:35859|priority:1], old=null
2021-01-10 09:03:19,335 [c4191e53-aaca-4d42-9f72-dc45ebf47022@group-6BDB76157137-LeaderElection11] INFO  impl.LeaderElection (LeaderElection.java:askForPreVotes(261)) - c4191e53-aaca-4d42-9f72-dc45ebf47022@group-6BDB76157137-LeaderElection11 pre-vote result is PASSED.
2021-01-10 09:03:19,337 [c4191e53-aaca-4d42-9f72-dc45ebf47022@group-6BDB76157137-LeaderElection11] INFO  impl.LeaderElection (LeaderElection.java:askForVotes(308)) - c4191e53-aaca-4d42-9f72-dc45ebf47022@group-6BDB76157137-LeaderElection11: begin an election at term 1 for -1: [c4191e53-aaca-4d42-9f72-dc45ebf47022|rpc:172.17.0.2:35859|priority:1], old=null
2021-01-10 09:03:19,337 [c4191e53-aaca-4d42-9f72-dc45ebf47022@group-6BDB76157137-LeaderElection11] INFO  impl.RoleInfo (RoleInfo.java:shutdownLeaderElection(121)) - c4191e53-aaca-4d42-9f72-dc45ebf47022: shutdown c4191e53-aaca-4d42-9f72-dc45ebf47022@group-6BDB76157137-LeaderElection11
2021-01-10 09:03:19,337 [c4191e53-aaca-4d42-9f72-dc45ebf47022@group-6BDB76157137-LeaderElection11] INFO  server.RaftServer$Division (RaftServerImpl.java:setRole(283)) - c4191e53-aaca-4d42-9f72-dc45ebf47022@group-6BDB76157137: changes role from CANDIDATE to LEADER at term 1 for changeToLeader
2021-01-10 09:03:19,337 [c4191e53-aaca-4d42-9f72-dc45ebf47022@group-6BDB76157137-LeaderElection11] INFO  ratis.XceiverServerRatis (XceiverServerRatis.java:handleLeaderChangedNotification(868)) - Leader change notification received for group: group-6BDB76157137 with new leaderId: c4191e53-aaca-4d42-9f72-dc45ebf47022
2021-01-10 09:03:19,338 [c4191e53-aaca-4d42-9f72-dc45ebf47022@group-6BDB76157137-LeaderElection11] INFO  server.RaftServer$Division (ServerState.java:setLeader(249)) - c4191e53-aaca-4d42-9f72-dc45ebf47022@group-6BDB76157137: change Leader from null to c4191e53-aaca-4d42-9f72-dc45ebf47022 at term 1 for becomeLeader, leader elected after 5059ms
2021-01-10 09:03:19,338 [c4191e53-aaca-4d42-9f72-dc45ebf47022@group-6BDB76157137-LeaderElection11] INFO  server.RaftServerConfigKeys (ConfUtils.java:logGet(44)) - raft.server.staging.catchup.gap = 1000 (default)
2021-01-10 09:03:19,338 [c4191e53-aaca-4d42-9f72-dc45ebf47022@group-6BDB76157137-LeaderElection11] INFO  metrics.RatisMetrics (RatisMetrics.java:lambda$create$0(36)) - Creating Metrics Registry : ratis.log_appender.c4191e53-aaca-4d42-9f72-dc45ebf47022@group-6BDB76157137
2021-01-10 09:03:19,338 [c4191e53-aaca-4d42-9f72-dc45ebf47022@group-6BDB76157137-LeaderElection11] INFO  server.RaftServerConfigKeys (ConfUtils.java:logGet(44)) - raft.server.write.element-limit = 1024 (custom)
2021-01-10 09:03:19,338 [c4191e53-aaca-4d42-9f72-dc45ebf47022@group-6BDB76157137-LeaderElection11] INFO  server.RaftServerConfigKeys (ConfUtils.java:logGet(44)) - raft.server.write.byte-limit = 1073741824 (custom)
2021-01-10 09:03:19,339 [c4191e53-aaca-4d42-9f72-dc45ebf47022@group-6BDB76157137-LeaderElection11] INFO  server.RaftServerConfigKeys (ConfUtils.java:logGet(44)) - raft.server.watch.timeout = 180s (custom)
2021-01-10 09:03:19,339 [c4191e53-aaca-4d42-9f72-dc45ebf47022@group-6BDB76157137-LeaderElection11] INFO  server.RaftServerConfigKeys (ConfUtils.java:logGet(44)) - raft.server.watch.timeout.denomination = 1s (default)
2021-01-10 09:03:19,339 [c4191e53-aaca-4d42-9f72-dc45ebf47022@group-6BDB76157137-LeaderElection11] INFO  server.RaftServerConfigKeys (ConfUtils.java:logGet(44)) - raft.server.watch.element-limit = 65536 (default)
2021-01-10 09:03:19,339 [EventQueue-PipelineReportForOneReplicaPipelineSafeModeRule] INFO  safemode.SCMSafeModeManager (SCMSafeModeManager.java:validateSafeModeExitRules(214)) - AtleastOneDatanodeReportedRule rule is successfully validated
2021-01-10 09:03:19,340 [EventQueue-OpenPipelineForHealthyPipelineSafeModeRule] INFO  safemode.SCMSafeModeManager (HealthyPipelineSafeModeRule.java:process(128)) - SCM in safe mode. Healthy pipelines reported count is 0, required healthy pipeline reported count is 1
2021-01-10 09:03:19,340 [c4191e53-aaca-4d42-9f72-dc45ebf47022@group-6BDB76157137-LeaderElection11] INFO  impl.RoleInfo (RoleInfo.java:updateAndGet(130)) - c4191e53-aaca-4d42-9f72-dc45ebf47022: start c4191e53-aaca-4d42-9f72-dc45ebf47022@group-6BDB76157137-LeaderStateImpl
2021-01-10 09:03:19,340 [c4191e53-aaca-4d42-9f72-dc45ebf47022@group-6BDB76157137-LeaderElection11] INFO  segmented.SegmentedRaftLogWorker (SegmentedRaftLogWorker.java:startLogSegment(392)) - c4191e53-aaca-4d42-9f72-dc45ebf47022@group-6BDB76157137-SegmentedRaftLogWorker: Starting segment from index:0
2021-01-10 09:03:19,342 [c4191e53-aaca-4d42-9f72-dc45ebf47022@group-6BDB76157137-LeaderElection11] INFO  server.RaftServer$Division (ServerState.java:setRaftConf(368)) - c4191e53-aaca-4d42-9f72-dc45ebf47022@group-6BDB76157137: set configuration 0: [c4191e53-aaca-4d42-9f72-dc45ebf47022|rpc:172.17.0.2:35859|dataStream:|priority:1], old=null
2021-01-10 09:03:19,344 [c4191e53-aaca-4d42-9f72-dc45ebf47022@group-6BDB76157137-SegmentedRaftLogWorker] INFO  segmented.SegmentedRaftLogWorker (SegmentedRaftLogWorker.java:execute(599)) - c4191e53-aaca-4d42-9f72-dc45ebf47022@group-6BDB76157137-SegmentedRaftLogWorker: created new log segment /github/workspace/mnt/ozone/hadoop-ozone/integration-test/target/test-dir/MiniOzoneClusterImpl-030730bd-5c5c-4c00-b8c2-b15b15404b1a/datanode-1/data/ratis/319c8b6e-21f4-42ad-8e65-6bdb76157137/current/log_inprogress_0
2021-01-10 09:03:19,497 [EndpointStateMachine task thread for /0.0.0.0:34769 - 0 ] INFO  ozoneimpl.OzoneContainer (OzoneContainer.java:start(255)) - Attempting to start container services.
2021-01-10 09:03:19,497 [EndpointStateMachine task thread for /0.0.0.0:34769 - 0 ] INFO  ozoneimpl.OzoneContainer (OzoneContainer.java:startContainerScrub(219)) - Background container scanner has been disabled.
2021-01-10 09:03:19,498 [EndpointStateMachine task thread for /0.0.0.0:34769 - 0 ] INFO  replication.ReplicationServer (ReplicationServer.java:start(111)) - ReplicationServer is started using port 39499
2021-01-10 09:03:19,498 [EndpointStateMachine task thread for /0.0.0.0:34769 - 0 ] INFO  ratis.XceiverServerRatis (XceiverServerRatis.java:start(455)) - Starting XceiverServerRatis d99ff0d5-fc69-4ace-aa4c-ce8a85641abd at port 0
2021-01-10 09:03:19,499 [EndpointStateMachine task thread for /0.0.0.0:34769 - 0 ] INFO  server.RaftServer (RaftServerProxy.java:lambda$start$5(372)) - d99ff0d5-fc69-4ace-aa4c-ce8a85641abd: start RPC server
2021-01-10 09:03:19,500 [EndpointStateMachine task thread for /0.0.0.0:34769 - 0 ] INFO  server.GrpcService (GrpcService.java:startImpl(176)) - d99ff0d5-fc69-4ace-aa4c-ce8a85641abd: GrpcService started, listening on 0.0.0.0/0.0.0.0:46021
2021-01-10 09:03:19,501 [EndpointStateMachine task thread for /0.0.0.0:34769 - 0 ] INFO  ratis.XceiverServerRatis (XceiverServerRatis.java:start(467)) - XceiverServerRatis d99ff0d5-fc69-4ace-aa4c-ce8a85641abd is started using port 46021
2021-01-10 09:03:19,501 [EndpointStateMachine task thread for /0.0.0.0:34769 - 0 ] INFO  server.XceiverServerGrpc (XceiverServerGrpc.java:start(139)) - XceiverServerGrpc d99ff0d5-fc69-4ace-aa4c-ce8a85641abd is started using port 34385
2021-01-10 09:03:19,502 [org.apache.ratis.util.JvmPauseMonitor$$Lambda$220/965274911@69cb3508] INFO  util.JvmPauseMonitor (JvmPauseMonitor.java:run(103)) - JvmPauseMonitor-d99ff0d5-fc69-4ace-aa4c-ce8a85641abd: Started
2021-01-10 09:03:20,169 [EventQueue-PipelineReportForOneReplicaPipelineSafeModeRule] INFO  safemode.SCMSafeModeManager (SCMSafeModeManager.java:validateSafeModeExitRules(214)) - AtleastOneDatanodeReportedRule rule is successfully validated
2021-01-10 09:03:20,169 [EventQueue-OpenPipelineForHealthyPipelineSafeModeRule] INFO  safemode.SCMSafeModeManager (HealthyPipelineSafeModeRule.java:process(128)) - SCM in safe mode. Healthy pipelines reported count is 0, required healthy pipeline reported count is 1
2021-01-10 09:03:20,338 [EventQueue-OpenPipelineForHealthyPipelineSafeModeRule] INFO  safemode.SCMSafeModeManager (HealthyPipelineSafeModeRule.java:process(128)) - SCM in safe mode. Healthy pipelines reported count is 0, required healthy pipeline reported count is 1
2021-01-10 09:03:20,339 [EventQueue-PipelineReportForOneReplicaPipelineSafeModeRule] INFO  safemode.SCMSafeModeManager (SCMSafeModeManager.java:validateSafeModeExitRules(214)) - AtleastOneDatanodeReportedRule rule is successfully validated
2021-01-10 09:03:21,168 [EventQueue-PipelineReportForOneReplicaPipelineSafeModeRule] INFO  safemode.SCMSafeModeManager (SCMSafeModeManager.java:validateSafeModeExitRules(214)) - AtleastOneDatanodeReportedRule rule is successfully validated
2021-01-10 09:03:21,169 [EventQueue-OpenPipelineForHealthyPipelineSafeModeRule] INFO  safemode.SCMSafeModeManager (HealthyPipelineSafeModeRule.java:process(128)) - SCM in safe mode. Healthy pipelines reported count is 0, required healthy pipeline reported count is 1
2021-01-10 09:03:21,339 [EventQueue-OpenPipelineForHealthyPipelineSafeModeRule] INFO  safemode.SCMSafeModeManager (HealthyPipelineSafeModeRule.java:process(128)) - SCM in safe mode. Healthy pipelines reported count is 0, required healthy pipeline reported count is 1
2021-01-10 09:03:21,339 [EventQueue-PipelineReportForOneReplicaPipelineSafeModeRule] INFO  safemode.SCMSafeModeManager (SCMSafeModeManager.java:validateSafeModeExitRules(214)) - AtleastOneDatanodeReportedRule rule is successfully validated
2021-01-10 09:03:21,495 [IPC Server handler 3 on default port 34769] INFO  net.NetworkTopologyImpl (NetworkTopologyImpl.java:add(111)) - Added a new node: /default-rack/d99ff0d5-fc69-4ace-aa4c-ce8a85641abd
2021-01-10 09:03:21,496 [IPC Server handler 3 on default port 34769] INFO  node.SCMNodeManager (SCMNodeManager.java:register(341)) - Registered Data node : d99ff0d5-fc69-4ace-aa4c-ce8a85641abd{ip: 172.17.0.2, host: 84bc77fe8d45, networkLocation: /default-rack, certSerialId: null, persistedOpState: IN_SERVICE, persistedOpStateExpiryEpochSec: 0}
2021-01-10 09:03:21,496 [EventQueue-NodeRegistrationContainerReportForContainerSafeModeRule] INFO  safemode.SCMSafeModeManager (SCMSafeModeManager.java:validateSafeModeExitRules(214)) - ContainerSafeModeRule rule is successfully validated
2021-01-10 09:03:21,496 [EventQueue-NodeRegistrationContainerReportForDataNodeSafeModeRule] INFO  safemode.SCMSafeModeManager (SCMSafeModeManager.java:validateSafeModeExitRules(214)) - DataNodeSafeModeRule rule is successfully validated
2021-01-10 09:03:21,497 [EventQueue-PipelineReportForOneReplicaPipelineSafeModeRule] INFO  safemode.SCMSafeModeManager (SCMSafeModeManager.java:validateSafeModeExitRules(214)) - AtleastOneDatanodeReportedRule rule is successfully validated
2021-01-10 09:03:21,498 [RatisPipelineUtilsThread] INFO  pipeline.RatisPipelineProvider (RatisPipelineProvider.java:lambda$create$0(161)) - Sending CreatePipelineCommand for pipeline:PipelineID=7f85cc11-4c61-4963-8417-50480f738a16 to datanode:d99ff0d5-fc69-4ace-aa4c-ce8a85641abd
2021-01-10 09:03:21,498 [RatisPipelineUtilsThread] INFO  pipeline.PipelineStateManager (PipelineStateManager.java:addPipeline(54)) - Created pipeline Pipeline[ Id: 7f85cc11-4c61-4963-8417-50480f738a16, Nodes: d99ff0d5-fc69-4ace-aa4c-ce8a85641abd{ip: 172.17.0.2, host: 84bc77fe8d45, networkLocation: /default-rack, certSerialId: null, persistedOpState: IN_SERVICE, persistedOpStateExpiryEpochSec: 0}, Type:RATIS, Factor:ONE, State:ALLOCATED, leaderId:, CreationTimestamp2021-01-10T09:03:21.498Z]
2021-01-10 09:03:21,499 [RatisPipelineUtilsThread] INFO  pipeline.RatisPipelineProvider (RatisPipelineProvider.java:lambda$create$0(161)) - Sending CreatePipelineCommand for pipeline:PipelineID=b9f8cb9a-d08f-46fe-a23d-61ec49544c04 to datanode:d99ff0d5-fc69-4ace-aa4c-ce8a85641abd
2021-01-10 09:03:21,499 [RatisPipelineUtilsThread] INFO  pipeline.RatisPipelineProvider (RatisPipelineProvider.java:lambda$create$0(161)) - Sending CreatePipelineCommand for pipeline:PipelineID=b9f8cb9a-d08f-46fe-a23d-61ec49544c04 to datanode:c4191e53-aaca-4d42-9f72-dc45ebf47022
2021-01-10 09:03:21,499 [RatisPipelineUtilsThread] INFO  pipeline.RatisPipelineProvider (RatisPipelineProvider.java:lambda$create$0(161)) - Sending CreatePipelineCommand for pipeline:PipelineID=b9f8cb9a-d08f-46fe-a23d-61ec49544c04 to datanode:639a72ac-1b67-44d2-8fbe-212b735275e2
2021-01-10 09:03:21,499 [RatisPipelineUtilsThread] INFO  pipeline.PipelineStateManager (PipelineStateManager.java:addPipeline(54)) - Created pipeline Pipeline[ Id: b9f8cb9a-d08f-46fe-a23d-61ec49544c04, Nodes: d99ff0d5-fc69-4ace-aa4c-ce8a85641abd{ip: 172.17.0.2, host: 84bc77fe8d45, networkLocation: /default-rack, certSerialId: null, persistedOpState: IN_SERVICE, persistedOpStateExpiryEpochSec: 0}c4191e53-aaca-4d42-9f72-dc45ebf47022{ip: 172.17.0.2, host: 84bc77fe8d45, networkLocation: /default-rack, certSerialId: null, persistedOpState: IN_SERVICE, persistedOpStateExpiryEpochSec: 0}639a72ac-1b67-44d2-8fbe-212b735275e2{ip: 172.17.0.2, host: 84bc77fe8d45, networkLocation: /default-rack, certSerialId: null, persistedOpState: IN_SERVICE, persistedOpStateExpiryEpochSec: 0}, Type:RATIS, Factor:THREE, State:ALLOCATED, leaderId:, CreationTimestamp2021-01-10T09:03:21.499Z]
2021-01-10 09:03:22,169 [EventQueue-PipelineReportForOneReplicaPipelineSafeModeRule] INFO  safemode.SCMSafeModeManager (SCMSafeModeManager.java:validateSafeModeExitRules(214)) - AtleastOneDatanodeReportedRule rule is successfully validated
2021-01-10 09:03:22,169 [EventQueue-OpenPipelineForHealthyPipelineSafeModeRule] INFO  safemode.SCMSafeModeManager (HealthyPipelineSafeModeRule.java:process(128)) - SCM in safe mode. Healthy pipelines reported count is 0, required healthy pipeline reported count is 1
2021-01-10 09:03:22,339 [EventQueue-PipelineReportForOneReplicaPipelineSafeModeRule] INFO  safemode.SCMSafeModeManager (SCMSafeModeManager.java:validateSafeModeExitRules(214)) - AtleastOneDatanodeReportedRule rule is successfully validated
2021-01-10 09:03:22,339 [EventQueue-OpenPipelineForHealthyPipelineSafeModeRule] INFO  safemode.SCMSafeModeManager (HealthyPipelineSafeModeRule.java:process(128)) - SCM in safe mode. Healthy pipelines reported count is 0, required healthy pipeline reported count is 1
2021-01-10 09:03:22,700 [Listener at 127.0.0.1/45243] INFO  http.BaseHttpServer (BaseHttpServer.java:updateConnectorAddress(327)) - HTTP server of hddsDatanode listening at http://0.0.0.0:35575
2021-01-10 09:03:22,703 [Listener at 127.0.0.1/45243] INFO  impl.MetricsSystemImpl (MetricsSystemImpl.java:init(158)) - HddsDatanode metrics system started (again)
2021-01-10 09:03:22,709 [Listener at 127.0.0.1/45243] INFO  ozone.HddsDatanodeService (HddsDatanodeService.java:start(215)) - HddsDatanodeService host:84bc77fe8d45 ip:172.17.0.2
2021-01-10 09:03:22,712 [org.apache.hadoop.util.JvmPauseMonitor$Monitor@35fb8dac] INFO  util.JvmPauseMonitor (JvmPauseMonitor.java:run(188)) - Starting JVM pause monitor
2021-01-10 09:03:22,716 [Listener at 127.0.0.1/45243] INFO  volume.HddsVolume (HddsVolume.java:<init>(176)) - Creating Volume: /github/workspace/mnt/ozone/hadoop-ozone/integration-test/target/test-dir/MiniOzoneClusterImpl-030730bd-5c5c-4c00-b8c2-b15b15404b1a/datanode-4/data-0/containers/hdds of storage type : DISK and capacity : 9223372036854775807
2021-01-10 09:03:22,717 [Listener at 127.0.0.1/45243] INFO  volume.MutableVolumeSet (MutableVolumeSet.java:initializeVolumeSet(179)) - Added Volume : /github/workspace/mnt/ozone/hadoop-ozone/integration-test/target/test-dir/MiniOzoneClusterImpl-030730bd-5c5c-4c00-b8c2-b15b15404b1a/datanode-4/data-0/containers/hdds to VolumeSet
2021-01-10 09:03:22,717 [Listener at 127.0.0.1/45243] INFO  volume.ThrottledAsyncChecker (ThrottledAsyncChecker.java:schedule(141)) - Scheduling a check for /github/workspace/mnt/ozone/hadoop-ozone/integration-test/target/test-dir/MiniOzoneClusterImpl-030730bd-5c5c-4c00-b8c2-b15b15404b1a/datanode-4/data-0/containers/hdds
2021-01-10 09:03:22,719 [Listener at 127.0.0.1/45243] INFO  volume.HddsVolumeChecker (HddsVolumeChecker.java:checkAllVolumes(200)) - Scheduled health check for volume /github/workspace/mnt/ozone/hadoop-ozone/integration-test/target/test-dir/MiniOzoneClusterImpl-030730bd-5c5c-4c00-b8c2-b15b15404b1a/datanode-4/data-0/containers/hdds
2021-01-10 09:03:22,724 [Datanode State Machine Task Thread - 0] INFO  datanode.InitDatanodeState (InitDatanodeState.java:persistContainerDatanodeDetails(145)) - DatanodeDetails is persisted to /github/workspace/mnt/ozone/hadoop-ozone/integration-test/target/test-dir/MiniOzoneClusterImpl-030730bd-5c5c-4c00-b8c2-b15b15404b1a/datanode-3/meta/datanode.id
2021-01-10 09:03:22,733 [Thread-797] INFO  ozoneimpl.ContainerReader (ContainerReader.java:readVolume(123)) - Start to verify containers on volume /github/workspace/mnt/ozone/hadoop-ozone/integration-test/target/test-dir/MiniOzoneClusterImpl-030730bd-5c5c-4c00-b8c2-b15b15404b1a/datanode-4/data-0/containers/hdds
2021-01-10 09:03:22,733 [Thread-797] INFO  ozoneimpl.ContainerReader (ContainerReader.java:readVolume(148)) - Finish verifying containers on volume /github/workspace/mnt/ozone/hadoop-ozone/integration-test/target/test-dir/MiniOzoneClusterImpl-030730bd-5c5c-4c00-b8c2-b15b15404b1a/datanode-4/data-0/containers/hdds
2021-01-10 09:03:22,733 [Listener at 127.0.0.1/45243] INFO  ozoneimpl.OzoneContainer (OzoneContainer.java:buildContainerSet(206)) - Build ContainerSet costs 0s
2021-01-10 09:03:22,735 [Listener at 127.0.0.1/45243] INFO  server.RaftServer (ConfUtils.java:logGet(44)) - raft.rpc.type = GRPC (default)
2021-01-10 09:03:22,735 [Listener at 127.0.0.1/45243] INFO  grpc.GrpcFactory (GrpcFactory.java:checkPooledByteBufAllocatorUseCacheForAllThreads(48)) - PERFORMANCE WARNING: useCacheForAllThreads is true that may cause Netty to create a lot garbage objects and, as a result, trigger GC.
	It is recommended to disable useCacheForAllThreads by setting -Dorg.apache.ratis.thirdparty.io.netty.allocator.useCacheForAllThreads=false in command line.
2021-01-10 09:03:22,736 [Listener at 127.0.0.1/45243] INFO  grpc.GrpcConfigKeys (ConfUtils.java:logGet(44)) - raft.grpc.server.port = 0 (default)
2021-01-10 09:03:22,736 [Listener at 127.0.0.1/45243] INFO  server.GrpcService (ConfUtils.java:logGet(44)) - raft.grpc.message.size.max = 32MB (=33554432) (custom)
2021-01-10 09:03:22,736 [Listener at 127.0.0.1/45243] INFO  server.RaftServerConfigKeys (ConfUtils.java:logGet(44)) - raft.server.log.appender.buffer.byte-limit = 33554432 (custom)
2021-01-10 09:03:22,736 [Listener at 127.0.0.1/45243] INFO  server.GrpcService (ConfUtils.java:logGet(44)) - raft.grpc.flow.control.window = 5MB (=5242880) (custom)
2021-01-10 09:03:22,736 [Listener at 127.0.0.1/45243] INFO  server.RaftServerConfigKeys (ConfUtils.java:logGet(44)) - raft.server.rpc.request.timeout = 60s (custom)
2021-01-10 09:03:22,737 [Listener at 127.0.0.1/45243] INFO  impl.DataStreamServerImpl (ConfUtils.java:logGet(44)) - raft.datastream.type = DISABLED (default)
2021-01-10 09:03:22,737 [Listener at 127.0.0.1/45243] INFO  server.RaftServerConfigKeys (ConfUtils.java:logGet(44)) - raft.server.rpc.slowness.timeout = 300s (custom)
2021-01-10 09:03:22,737 [Listener at 127.0.0.1/45243] INFO  server.RaftServerConfigKeys (ConfUtils.java:logGet(44)) - raft.server.leaderelection.leader.step-down.wait-time = 10s (default)
2021-01-10 09:03:22,738 [Listener at 127.0.0.1/45243] INFO  server.RaftServerConfigKeys (ConfUtils.java:logGet(44)) - raft.server.storage.dir = [/github/workspace/mnt/ozone/hadoop-ozone/integration-test/target/test-dir/MiniOzoneClusterImpl-030730bd-5c5c-4c00-b8c2-b15b15404b1a/datanode-4/data/ratis] (custom)
2021-01-10 09:03:23,168 [EventQueue-PipelineReportForOneReplicaPipelineSafeModeRule] INFO  safemode.SCMSafeModeManager (SCMSafeModeManager.java:validateSafeModeExitRules(214)) - AtleastOneDatanodeReportedRule rule is successfully validated
2021-01-10 09:03:23,169 [EventQueue-OpenPipelineForHealthyPipelineSafeModeRule] INFO  safemode.SCMSafeModeManager (HealthyPipelineSafeModeRule.java:process(128)) - SCM in safe mode. Healthy pipelines reported count is 0, required healthy pipeline reported count is 1
2021-01-10 09:03:23,338 [Command processor thread] INFO  server.RaftServer (RaftServerProxy.java:addNew(95)) - c4191e53-aaca-4d42-9f72-dc45ebf47022: addNew group-61EC49544C04:[d99ff0d5-fc69-4ace-aa4c-ce8a85641abd|rpc:172.17.0.2:46021|priority:1, 639a72ac-1b67-44d2-8fbe-212b735275e2|rpc:172.17.0.2:45651|priority:0, c4191e53-aaca-4d42-9f72-dc45ebf47022|rpc:172.17.0.2:35859|priority:0] returns group-61EC49544C04:java.util.concurrent.CompletableFuture@3623f7a[Not completed]
2021-01-10 09:03:23,339 [EventQueue-PipelineReportForOneReplicaPipelineSafeModeRule] INFO  safemode.SCMSafeModeManager (SCMSafeModeManager.java:validateSafeModeExitRules(214)) - AtleastOneDatanodeReportedRule rule is successfully validated
2021-01-10 09:03:23,339 [pool-264-thread-1] INFO  server.RaftServer$Division (RaftServerImpl.java:<init>(179)) - c4191e53-aaca-4d42-9f72-dc45ebf47022: new RaftServerImpl for group-61EC49544C04:[d99ff0d5-fc69-4ace-aa4c-ce8a85641abd|rpc:172.17.0.2:46021|priority:1, 639a72ac-1b67-44d2-8fbe-212b735275e2|rpc:172.17.0.2:45651|priority:0, c4191e53-aaca-4d42-9f72-dc45ebf47022|rpc:172.17.0.2:35859|priority:0] with ContainerStateMachine:uninitialized
2021-01-10 09:03:23,340 [EventQueue-OpenPipelineForHealthyPipelineSafeModeRule] INFO  safemode.SCMSafeModeManager (HealthyPipelineSafeModeRule.java:process(128)) - SCM in safe mode. Healthy pipelines reported count is 0, required healthy pipeline reported count is 1
2021-01-10 09:03:23,340 [pool-264-thread-1] INFO  server.RaftServerConfigKeys (ConfUtils.java:logGet(44)) - raft.server.rpc.timeout.min = 5s (custom)
2021-01-10 09:03:23,340 [pool-264-thread-1] INFO  server.RaftServerConfigKeys (ConfUtils.java:logGet(44)) - raft.server.rpc.timeout.max = 5200ms (custom)
2021-01-10 09:03:23,340 [pool-264-thread-1] INFO  server.RaftServerConfigKeys (ConfUtils.java:logGet(44)) - raft.server.rpc.sleep.time = 25ms (default)
2021-01-10 09:03:23,340 [pool-264-thread-1] INFO  server.RaftServerConfigKeys (ConfUtils.java:logGet(44)) - raft.server.rpc.slowness.timeout = 300s (custom)
2021-01-10 09:03:23,340 [pool-264-thread-1] INFO  server.RaftServerConfigKeys (ConfUtils.java:logGet(44)) - raft.server.leaderelection.leader.step-down.wait-time = 10s (default)
2021-01-10 09:03:23,340 [pool-264-thread-1] INFO  server.RaftServerConfigKeys (ConfUtils.java:logGet(44)) - raft.server.sleep.deviation.threshold = 300ms (default)
2021-01-10 09:03:23,340 [pool-264-thread-1] INFO  server.RaftServerConfigKeys (ConfUtils.java:logGet(44)) - raft.server.log.appender.install.snapshot.enabled = false (custom)
2021-01-10 09:03:23,340 [pool-264-thread-1] INFO  server.RaftServer$Division (ServerState.java:<init>(103)) - c4191e53-aaca-4d42-9f72-dc45ebf47022@group-61EC49544C04: ConfigurationManager, init=-1: [d99ff0d5-fc69-4ace-aa4c-ce8a85641abd|rpc:172.17.0.2:46021|priority:1, 639a72ac-1b67-44d2-8fbe-212b735275e2|rpc:172.17.0.2:45651|priority:0, c4191e53-aaca-4d42-9f72-dc45ebf47022|rpc:172.17.0.2:35859|priority:0], old=null, confs=<EMPTY_MAP>
2021-01-10 09:03:23,340 [pool-264-thread-1] INFO  server.RaftServerConfigKeys (ConfUtils.java:logGet(44)) - raft.server.storage.dir = [/github/workspace/mnt/ozone/hadoop-ozone/integration-test/target/test-dir/MiniOzoneClusterImpl-030730bd-5c5c-4c00-b8c2-b15b15404b1a/datanode-1/data/ratis] (custom)
2021-01-10 09:03:23,341 [pool-264-thread-1] INFO  server.RaftServerConfigKeys (ConfUtils.java:logGet(44)) - raft.server.log.corruption.policy = EXCEPTION (default)
2021-01-10 09:03:23,341 [pool-264-thread-1] INFO  storage.RaftStorageDirectory (RaftStorageDirectoryImpl.java:analyzeStorage(132)) - The storage directory /github/workspace/mnt/ozone/hadoop-ozone/integration-test/target/test-dir/MiniOzoneClusterImpl-030730bd-5c5c-4c00-b8c2-b15b15404b1a/datanode-1/data/ratis/b9f8cb9a-d08f-46fe-a23d-61ec49544c04 does not exist. Creating ...
2021-01-10 09:03:23,342 [pool-264-thread-1] INFO  storage.RaftStorageDirectory (RaftStorageDirectoryImpl.java:tryLock(215)) - Lock on /github/workspace/mnt/ozone/hadoop-ozone/integration-test/target/test-dir/MiniOzoneClusterImpl-030730bd-5c5c-4c00-b8c2-b15b15404b1a/datanode-1/data/ratis/b9f8cb9a-d08f-46fe-a23d-61ec49544c04/in_use.lock acquired by nodename 31262@84bc77fe8d45
2021-01-10 09:03:23,344 [pool-264-thread-1] INFO  storage.RaftStorage (RaftStorageImpl.java:format(87)) - Storage directory /github/workspace/mnt/ozone/hadoop-ozone/integration-test/target/test-dir/MiniOzoneClusterImpl-030730bd-5c5c-4c00-b8c2-b15b15404b1a/datanode-1/data/ratis/b9f8cb9a-d08f-46fe-a23d-61ec49544c04 has been successfully formatted.
2021-01-10 09:03:23,344 [pool-264-thread-1] INFO  ratis.ContainerStateMachine (ContainerStateMachine.java:loadSnapshot(223)) - group-61EC49544C04: The snapshot info is null. Setting the last applied indexto:(t:0, i:~)
2021-01-10 09:03:23,345 [pool-264-thread-1] ERROR storage.RaftStorage (RaftStorageImpl.java:readRaftConfiguration(147)) - Failed reading configuration from file:/github/workspace/mnt/ozone/hadoop-ozone/integration-test/target/test-dir/MiniOzoneClusterImpl-030730bd-5c5c-4c00-b8c2-b15b15404b1a/datanode-1/data/ratis/b9f8cb9a-d08f-46fe-a23d-61ec49544c04/current/raft-meta.conf
java.io.FileNotFoundException: /github/workspace/mnt/ozone/hadoop-ozone/integration-test/target/test-dir/MiniOzoneClusterImpl-030730bd-5c5c-4c00-b8c2-b15b15404b1a/datanode-1/data/ratis/b9f8cb9a-d08f-46fe-a23d-61ec49544c04/current/raft-meta.conf (No such file or directory)
	at java.io.FileInputStream.open0(Native Method)
	at java.io.FileInputStream.open(FileInputStream.java:195)
	at java.io.FileInputStream.<init>(FileInputStream.java:138)
	at org.apache.ratis.server.storage.RaftStorageImpl.readRaftConfiguration(RaftStorageImpl.java:143)
	at org.apache.ratis.server.impl.ServerState.<init>(ServerState.java:113)
	at org.apache.ratis.server.impl.RaftServerImpl.<init>(RaftServerImpl.java:192)
	at org.apache.ratis.server.impl.RaftServerProxy.lambda$newRaftServerImpl$4(RaftServerProxy.java:266)
	at java.util.concurrent.CompletableFuture$AsyncSupply.run(CompletableFuture.java:1604)
	at java.util.concurrent.ThreadPoolExecutor.runWorker(ThreadPoolExecutor.java:1149)
	at java.util.concurrent.ThreadPoolExecutor$Worker.run(ThreadPoolExecutor.java:624)
	at java.lang.Thread.run(Thread.java:748)
2021-01-10 09:03:23,346 [EventQueue-PipelineReportForOneReplicaPipelineSafeModeRule] INFO  safemode.SCMSafeModeManager (SCMSafeModeManager.java:validateSafeModeExitRules(214)) - AtleastOneDatanodeReportedRule rule is successfully validated
2021-01-10 09:03:23,345 [EventQueue-OpenPipelineForHealthyPipelineSafeModeRule] INFO  safemode.SCMSafeModeManager (HealthyPipelineSafeModeRule.java:process(128)) - SCM in safe mode. Healthy pipelines reported count is 0, required healthy pipeline reported count is 1
2021-01-10 09:03:23,346 [pool-264-thread-1] INFO  server.RaftServerConfigKeys (ConfUtils.java:logGet(44)) - raft.server.notification.no-leader.timeout = 300s (custom)
2021-01-10 09:03:23,346 [pool-264-thread-1] INFO  server.RaftServerConfigKeys (ConfUtils.java:logGet(44)) - raft.server.log.use.memory = false (default)
2021-01-10 09:03:23,346 [pool-264-thread-1] INFO  server.RaftServerConfigKeys (ConfUtils.java:logGet(44)) - raft.server.log.purge.gap = 1000000 (custom)
2021-01-10 09:03:23,347 [pool-264-thread-1] INFO  server.RaftServerConfigKeys (ConfUtils.java:logGet(44)) - raft.server.log.appender.buffer.byte-limit = 33554432 (custom)
2021-01-10 09:03:23,347 [pool-264-thread-1] INFO  metrics.RatisMetrics (RatisMetrics.java:lambda$create$0(36)) - Creating Metrics Registry : ratis.log_worker.c4191e53-aaca-4d42-9f72-dc45ebf47022@group-61EC49544C04
2021-01-10 09:03:23,347 [pool-264-thread-1] INFO  server.RaftServerConfigKeys (ConfUtils.java:logGet(44)) - raft.server.log.segment.size.max = 1048576 (custom)
2021-01-10 09:03:23,347 [pool-264-thread-1] INFO  server.RaftServerConfigKeys (ConfUtils.java:logGet(44)) - raft.server.log.segment.cache.num.max = 2 (custom)
2021-01-10 09:03:23,348 [pool-264-thread-1] INFO  server.RaftServerConfigKeys (ConfUtils.java:logGet(44)) - raft.server.log.segment.cache.size.max = 200MB (=209715200) (default)
2021-01-10 09:03:23,348 [pool-264-thread-1] INFO  segmented.SegmentedRaftLogWorker (SegmentedRaftLogWorker.java:<init>(181)) - new c4191e53-aaca-4d42-9f72-dc45ebf47022@group-61EC49544C04-SegmentedRaftLogWorker for RaftStorageImpl:Storage Directory /github/workspace/mnt/ozone/hadoop-ozone/integration-test/target/test-dir/MiniOzoneClusterImpl-030730bd-5c5c-4c00-b8c2-b15b15404b1a/datanode-1/data/ratis/b9f8cb9a-d08f-46fe-a23d-61ec49544c04
2021-01-10 09:03:23,348 [pool-264-thread-1] INFO  server.RaftServerConfigKeys (ConfUtils.java:logGet(44)) - raft.server.log.queue.byte-limit = 2147483647 (custom)
2021-01-10 09:03:23,348 [pool-264-thread-1] INFO  server.RaftServerConfigKeys (ConfUtils.java:logGet(44)) - raft.server.log.queue.element-limit = 1024 (custom)
2021-01-10 09:03:23,348 [pool-264-thread-1] INFO  server.RaftServerConfigKeys (ConfUtils.java:logGet(44)) - raft.server.log.segment.size.max = 1048576 (custom)
2021-01-10 09:03:23,348 [pool-264-thread-1] INFO  server.RaftServerConfigKeys (ConfUtils.java:logGet(44)) - raft.server.log.preallocated.size = 16384 (custom)
2021-01-10 09:03:23,348 [pool-264-thread-1] INFO  server.RaftServerConfigKeys (ConfUtils.java:logGet(44)) - raft.server.log.force.sync.num = 128 (default)
2021-01-10 09:03:23,348 [pool-264-thread-1] INFO  server.RaftServerConfigKeys (ConfUtils.java:logGet(44)) - raft.server.log.statemachine.data.sync = true (default)
2021-01-10 09:03:23,348 [pool-264-thread-1] INFO  server.RaftServerConfigKeys (ConfUtils.java:logGet(44)) - raft.server.log.statemachine.data.sync.timeout = 10s (default)
2021-01-10 09:03:23,348 [pool-264-thread-1] INFO  server.RaftServerConfigKeys (ConfUtils.java:logGet(44)) - raft.server.log.statemachine.data.sync.timeout.retry = -1 (default)
2021-01-10 09:03:23,349 [pool-264-thread-1] INFO  server.RaftServerConfigKeys (ConfUtils.java:logGet(44)) - raft.server.log.write.buffer.size = 1048576 (custom)
2021-01-10 09:03:23,350 [pool-264-thread-1] INFO  server.RaftServerConfigKeys (ConfUtils.java:logGet(44)) - raft.server.log.statemachine.data.caching.enabled = true (custom)
2021-01-10 09:03:23,350 [pool-264-thread-1] INFO  segmented.SegmentedRaftLogWorker (SegmentedRaftLogWorker.java:lambda$new$0(132)) - c4191e53-aaca-4d42-9f72-dc45ebf47022@group-61EC49544C04-SegmentedRaftLogWorker: flushIndex: setUnconditionally 0 -> -1
2021-01-10 09:03:23,350 [pool-264-thread-1] INFO  segmented.SegmentedRaftLogWorker (SegmentedRaftLogWorker.java:lambda$new$0(132)) - c4191e53-aaca-4d42-9f72-dc45ebf47022@group-61EC49544C04-SegmentedRaftLogWorker: safeCacheEvictIndex: setUnconditionally 0 -> -1
2021-01-10 09:03:23,351 [pool-264-thread-1] INFO  server.RaftServerConfigKeys (ConfUtils.java:logGet(44)) - raft.server.snapshot.auto.trigger.enabled = true (custom)
2021-01-10 09:03:23,351 [pool-264-thread-1] INFO  server.RaftServerConfigKeys (ConfUtils.java:logGet(44)) - raft.server.snapshot.auto.trigger.threshold = 10000 (custom)
2021-01-10 09:03:23,351 [pool-264-thread-1] INFO  server.RaftServerConfigKeys (ConfUtils.java:logGet(44)) - raft.server.snapshot.retention.file.num = 5 (custom)
2021-01-10 09:03:23,351 [pool-264-thread-1] INFO  server.RaftServerConfigKeys (ConfUtils.java:logGet(44)) - raft.server.log.purge.upto.snapshot.index = false (default)
2021-01-10 09:03:23,351 [pool-264-thread-1] INFO  server.RaftServerConfigKeys (ConfUtils.java:logGet(44)) - raft.server.retrycache.expirytime = 600000ms (custom)
2021-01-10 09:03:23,351 [pool-264-thread-1] INFO  server.RaftServerConfigKeys (ConfUtils.java:logGet(44)) - raft.server.retrycache.statistics.expirytime = 100?s (default)
2021-01-10 09:03:23,351 [pool-264-thread-1] INFO  metrics.RatisMetrics (RatisMetrics.java:lambda$create$0(36)) - Creating Metrics Registry : ratis.leader_election.c4191e53-aaca-4d42-9f72-dc45ebf47022@group-61EC49544C04
2021-01-10 09:03:23,355 [pool-264-thread-1] INFO  metrics.RatisMetrics (RatisMetrics.java:lambda$create$0(36)) - Creating Metrics Registry : ratis.server.c4191e53-aaca-4d42-9f72-dc45ebf47022@group-61EC49544C04
2021-01-10 09:03:23,356 [pool-264-thread-1] INFO  server.RaftServer$Division (RaftServerImpl.java:start(294)) - c4191e53-aaca-4d42-9f72-dc45ebf47022@group-61EC49544C04: start as a follower, conf=-1: [d99ff0d5-fc69-4ace-aa4c-ce8a85641abd|rpc:172.17.0.2:46021|priority:1, 639a72ac-1b67-44d2-8fbe-212b735275e2|rpc:172.17.0.2:45651|priority:0, c4191e53-aaca-4d42-9f72-dc45ebf47022|rpc:172.17.0.2:35859|priority:0], old=null
2021-01-10 09:03:23,356 [pool-264-thread-1] INFO  server.RaftServer$Division (RaftServerImpl.java:setRole(283)) - c4191e53-aaca-4d42-9f72-dc45ebf47022@group-61EC49544C04: changes role from      null to FOLLOWER at term 0 for startAsFollower
2021-01-10 09:03:23,356 [pool-264-thread-1] INFO  impl.RoleInfo (RoleInfo.java:updateAndGet(130)) - c4191e53-aaca-4d42-9f72-dc45ebf47022: start c4191e53-aaca-4d42-9f72-dc45ebf47022@group-61EC49544C04-FollowerState
2021-01-10 09:03:23,356 [pool-264-thread-1] INFO  util.JmxRegister (JmxRegister.java:tryRegister(44)) - Successfully registered JMX Bean with object name Ratis:service=RaftServer,group=group-61EC49544C04,id=c4191e53-aaca-4d42-9f72-dc45ebf47022
2021-01-10 09:03:23,356 [pool-264-thread-1] INFO  metrics.RatisMetrics (RatisMetrics.java:lambda$create$0(36)) - Creating Metrics Registry : ratis.state_machine.c4191e53-aaca-4d42-9f72-dc45ebf47022@group-61EC49544C04
2021-01-10 09:03:23,358 [Command processor thread] INFO  metrics.RatisMetrics (RatisMetrics.java:lambda$create$0(36)) - Creating Metrics Registry : ratis.client_message_metrics.client-6158873EE49C->d99ff0d5-fc69-4ace-aa4c-ce8a85641abd
2021-01-10 09:03:23,364 [grpc-default-executor-1] INFO  metrics.RatisMetrics (RatisMetrics.java:lambda$create$0(36)) - Creating Metrics Registry : ratis.server_message_metrics.d99ff0d5-fc69-4ace-aa4c-ce8a85641abd
2021-01-10 09:03:23,370 [grpc-default-executor-1] INFO  server.RaftServer (RaftServerProxy.java:addNew(95)) - d99ff0d5-fc69-4ace-aa4c-ce8a85641abd: addNew group-61EC49544C04:[d99ff0d5-fc69-4ace-aa4c-ce8a85641abd|rpc:172.17.0.2:46021|dataStream:|priority:1, 639a72ac-1b67-44d2-8fbe-212b735275e2|rpc:172.17.0.2:45651|dataStream:|priority:0, c4191e53-aaca-4d42-9f72-dc45ebf47022|rpc:172.17.0.2:35859|dataStream:|priority:0] returns group-61EC49544C04:java.util.concurrent.CompletableFuture@59c161d2[Not completed]
2021-01-10 09:03:23,371 [pool-281-thread-1] INFO  server.RaftServer$Division (RaftServerImpl.java:<init>(179)) - d99ff0d5-fc69-4ace-aa4c-ce8a85641abd: new RaftServerImpl for group-61EC49544C04:[d99ff0d5-fc69-4ace-aa4c-ce8a85641abd|rpc:172.17.0.2:46021|dataStream:|priority:1, 639a72ac-1b67-44d2-8fbe-212b735275e2|rpc:172.17.0.2:45651|dataStream:|priority:0, c4191e53-aaca-4d42-9f72-dc45ebf47022|rpc:172.17.0.2:35859|dataStream:|priority:0] with ContainerStateMachine:uninitialized
2021-01-10 09:03:23,371 [pool-281-thread-1] INFO  server.RaftServerConfigKeys (ConfUtils.java:logGet(44)) - raft.server.rpc.timeout.min = 5s (custom)
2021-01-10 09:03:23,371 [pool-281-thread-1] INFO  server.RaftServerConfigKeys (ConfUtils.java:logGet(44)) - raft.server.rpc.timeout.max = 5200ms (custom)
2021-01-10 09:03:23,371 [pool-281-thread-1] INFO  server.RaftServerConfigKeys (ConfUtils.java:logGet(44)) - raft.server.rpc.sleep.time = 25ms (default)
2021-01-10 09:03:23,371 [pool-281-thread-1] INFO  server.RaftServerConfigKeys (ConfUtils.java:logGet(44)) - raft.server.rpc.slowness.timeout = 300s (custom)
2021-01-10 09:03:23,371 [pool-281-thread-1] INFO  server.RaftServerConfigKeys (ConfUtils.java:logGet(44)) - raft.server.leaderelection.leader.step-down.wait-time = 10s (default)
2021-01-10 09:03:23,371 [pool-281-thread-1] INFO  server.RaftServerConfigKeys (ConfUtils.java:logGet(44)) - raft.server.sleep.deviation.threshold = 300ms (default)
2021-01-10 09:03:23,371 [pool-281-thread-1] INFO  server.RaftServerConfigKeys (ConfUtils.java:logGet(44)) - raft.server.log.appender.install.snapshot.enabled = false (custom)
2021-01-10 09:03:23,371 [pool-281-thread-1] INFO  server.RaftServer$Division (ServerState.java:<init>(103)) - d99ff0d5-fc69-4ace-aa4c-ce8a85641abd@group-61EC49544C04: ConfigurationManager, init=-1: [d99ff0d5-fc69-4ace-aa4c-ce8a85641abd|rpc:172.17.0.2:46021|dataStream:|priority:1, 639a72ac-1b67-44d2-8fbe-212b735275e2|rpc:172.17.0.2:45651|dataStream:|priority:0, c4191e53-aaca-4d42-9f72-dc45ebf47022|rpc:172.17.0.2:35859|dataStream:|priority:0], old=null, confs=<EMPTY_MAP>
2021-01-10 09:03:23,371 [pool-281-thread-1] INFO  server.RaftServerConfigKeys (ConfUtils.java:logGet(44)) - raft.server.storage.dir = [/github/workspace/mnt/ozone/hadoop-ozone/integration-test/target/test-dir/MiniOzoneClusterImpl-030730bd-5c5c-4c00-b8c2-b15b15404b1a/datanode-2/data/ratis] (custom)
2021-01-10 09:03:23,371 [pool-281-thread-1] INFO  server.RaftServerConfigKeys (ConfUtils.java:logGet(44)) - raft.server.log.corruption.policy = EXCEPTION (default)
2021-01-10 09:03:23,371 [pool-281-thread-1] INFO  storage.RaftStorageDirectory (RaftStorageDirectoryImpl.java:analyzeStorage(132)) - The storage directory /github/workspace/mnt/ozone/hadoop-ozone/integration-test/target/test-dir/MiniOzoneClusterImpl-030730bd-5c5c-4c00-b8c2-b15b15404b1a/datanode-2/data/ratis/b9f8cb9a-d08f-46fe-a23d-61ec49544c04 does not exist. Creating ...
2021-01-10 09:03:23,379 [pool-281-thread-1] INFO  storage.RaftStorageDirectory (RaftStorageDirectoryImpl.java:tryLock(215)) - Lock on /github/workspace/mnt/ozone/hadoop-ozone/integration-test/target/test-dir/MiniOzoneClusterImpl-030730bd-5c5c-4c00-b8c2-b15b15404b1a/datanode-2/data/ratis/b9f8cb9a-d08f-46fe-a23d-61ec49544c04/in_use.lock acquired by nodename 31262@84bc77fe8d45
2021-01-10 09:03:23,380 [pool-281-thread-1] INFO  storage.RaftStorage (RaftStorageImpl.java:format(87)) - Storage directory /github/workspace/mnt/ozone/hadoop-ozone/integration-test/target/test-dir/MiniOzoneClusterImpl-030730bd-5c5c-4c00-b8c2-b15b15404b1a/datanode-2/data/ratis/b9f8cb9a-d08f-46fe-a23d-61ec49544c04 has been successfully formatted.
2021-01-10 09:03:23,380 [pool-281-thread-1] INFO  ratis.ContainerStateMachine (ContainerStateMachine.java:loadSnapshot(223)) - group-61EC49544C04: The snapshot info is null. Setting the last applied indexto:(t:0, i:~)
2021-01-10 09:03:23,380 [pool-281-thread-1] ERROR storage.RaftStorage (RaftStorageImpl.java:readRaftConfiguration(147)) - Failed reading configuration from file:/github/workspace/mnt/ozone/hadoop-ozone/integration-test/target/test-dir/MiniOzoneClusterImpl-030730bd-5c5c-4c00-b8c2-b15b15404b1a/datanode-2/data/ratis/b9f8cb9a-d08f-46fe-a23d-61ec49544c04/current/raft-meta.conf
java.io.FileNotFoundException: /github/workspace/mnt/ozone/hadoop-ozone/integration-test/target/test-dir/MiniOzoneClusterImpl-030730bd-5c5c-4c00-b8c2-b15b15404b1a/datanode-2/data/ratis/b9f8cb9a-d08f-46fe-a23d-61ec49544c04/current/raft-meta.conf (No such file or directory)
	at java.io.FileInputStream.open0(Native Method)
	at java.io.FileInputStream.open(FileInputStream.java:195)
	at java.io.FileInputStream.<init>(FileInputStream.java:138)
	at org.apache.ratis.server.storage.RaftStorageImpl.readRaftConfiguration(RaftStorageImpl.java:143)
	at org.apache.ratis.server.impl.ServerState.<init>(ServerState.java:113)
	at org.apache.ratis.server.impl.RaftServerImpl.<init>(RaftServerImpl.java:192)
	at org.apache.ratis.server.impl.RaftServerProxy.lambda$newRaftServerImpl$4(RaftServerProxy.java:266)
	at java.util.concurrent.CompletableFuture$AsyncSupply.run(CompletableFuture.java:1604)
	at java.util.concurrent.ThreadPoolExecutor.runWorker(ThreadPoolExecutor.java:1149)
	at java.util.concurrent.ThreadPoolExecutor$Worker.run(ThreadPoolExecutor.java:624)
	at java.lang.Thread.run(Thread.java:748)
2021-01-10 09:03:23,380 [pool-281-thread-1] INFO  server.RaftServerConfigKeys (ConfUtils.java:logGet(44)) - raft.server.notification.no-leader.timeout = 300s (custom)
2021-01-10 09:03:23,380 [pool-281-thread-1] INFO  server.RaftServerConfigKeys (ConfUtils.java:logGet(44)) - raft.server.log.use.memory = false (default)
2021-01-10 09:03:23,380 [pool-281-thread-1] INFO  server.RaftServerConfigKeys (ConfUtils.java:logGet(44)) - raft.server.log.purge.gap = 1000000 (custom)
2021-01-10 09:03:23,380 [pool-281-thread-1] INFO  server.RaftServerConfigKeys (ConfUtils.java:logGet(44)) - raft.server.log.appender.buffer.byte-limit = 33554432 (custom)
2021-01-10 09:03:23,380 [pool-281-thread-1] INFO  metrics.RatisMetrics (RatisMetrics.java:lambda$create$0(36)) - Creating Metrics Registry : ratis.log_worker.d99ff0d5-fc69-4ace-aa4c-ce8a85641abd@group-61EC49544C04
2021-01-10 09:03:23,381 [EventQueue-PipelineReportForOneReplicaPipelineSafeModeRule] INFO  safemode.SCMSafeModeManager (SCMSafeModeManager.java:validateSafeModeExitRules(214)) - AtleastOneDatanodeReportedRule rule is successfully validated
2021-01-10 09:03:23,381 [pool-281-thread-1] INFO  server.RaftServerConfigKeys (ConfUtils.java:logGet(44)) - raft.server.log.segment.size.max = 1048576 (custom)
2021-01-10 09:03:23,381 [pool-281-thread-1] INFO  server.RaftServerConfigKeys (ConfUtils.java:logGet(44)) - raft.server.log.segment.cache.num.max = 2 (custom)
2021-01-10 09:03:23,381 [pool-281-thread-1] INFO  server.RaftServerConfigKeys (ConfUtils.java:logGet(44)) - raft.server.log.segment.cache.size.max = 200MB (=209715200) (default)
2021-01-10 09:03:23,381 [pool-281-thread-1] INFO  segmented.SegmentedRaftLogWorker (SegmentedRaftLogWorker.java:<init>(181)) - new d99ff0d5-fc69-4ace-aa4c-ce8a85641abd@group-61EC49544C04-SegmentedRaftLogWorker for RaftStorageImpl:Storage Directory /github/workspace/mnt/ozone/hadoop-ozone/integration-test/target/test-dir/MiniOzoneClusterImpl-030730bd-5c5c-4c00-b8c2-b15b15404b1a/datanode-2/data/ratis/b9f8cb9a-d08f-46fe-a23d-61ec49544c04
2021-01-10 09:03:23,381 [pool-281-thread-1] INFO  server.RaftServerConfigKeys (ConfUtils.java:logGet(44)) - raft.server.log.queue.byte-limit = 2147483647 (custom)
2021-01-10 09:03:23,381 [pool-281-thread-1] INFO  server.RaftServerConfigKeys (ConfUtils.java:logGet(44)) - raft.server.log.queue.element-limit = 1024 (custom)
2021-01-10 09:03:23,381 [pool-281-thread-1] INFO  server.RaftServerConfigKeys (ConfUtils.java:logGet(44)) - raft.server.log.segment.size.max = 1048576 (custom)
2021-01-10 09:03:23,382 [pool-281-thread-1] INFO  server.RaftServerConfigKeys (ConfUtils.java:logGet(44)) - raft.server.log.preallocated.size = 16384 (custom)
2021-01-10 09:03:23,382 [pool-281-thread-1] INFO  server.RaftServerConfigKeys (ConfUtils.java:logGet(44)) - raft.server.log.force.sync.num = 128 (default)
2021-01-10 09:03:23,382 [pool-281-thread-1] INFO  server.RaftServerConfigKeys (ConfUtils.java:logGet(44)) - raft.server.log.statemachine.data.sync = true (default)
2021-01-10 09:03:23,382 [pool-281-thread-1] INFO  server.RaftServerConfigKeys (ConfUtils.java:logGet(44)) - raft.server.log.statemachine.data.sync.timeout = 10s (default)
2021-01-10 09:03:23,382 [pool-281-thread-1] INFO  server.RaftServerConfigKeys (ConfUtils.java:logGet(44)) - raft.server.log.statemachine.data.sync.timeout.retry = -1 (default)
2021-01-10 09:03:23,383 [pool-281-thread-1] INFO  server.RaftServerConfigKeys (ConfUtils.java:logGet(44)) - raft.server.log.write.buffer.size = 1048576 (custom)
2021-01-10 09:03:23,383 [pool-281-thread-1] INFO  server.RaftServerConfigKeys (ConfUtils.java:logGet(44)) - raft.server.log.statemachine.data.caching.enabled = true (custom)
2021-01-10 09:03:23,383 [pool-281-thread-1] INFO  segmented.SegmentedRaftLogWorker (SegmentedRaftLogWorker.java:lambda$new$0(132)) - d99ff0d5-fc69-4ace-aa4c-ce8a85641abd@group-61EC49544C04-SegmentedRaftLogWorker: flushIndex: setUnconditionally 0 -> -1
2021-01-10 09:03:23,383 [pool-281-thread-1] INFO  segmented.SegmentedRaftLogWorker (SegmentedRaftLogWorker.java:lambda$new$0(132)) - d99ff0d5-fc69-4ace-aa4c-ce8a85641abd@group-61EC49544C04-SegmentedRaftLogWorker: safeCacheEvictIndex: setUnconditionally 0 -> -1
2021-01-10 09:03:23,383 [pool-281-thread-1] INFO  server.RaftServerConfigKeys (ConfUtils.java:logGet(44)) - raft.server.snapshot.auto.trigger.enabled = true (custom)
2021-01-10 09:03:23,383 [pool-281-thread-1] INFO  server.RaftServerConfigKeys (ConfUtils.java:logGet(44)) - raft.server.snapshot.auto.trigger.threshold = 10000 (custom)
2021-01-10 09:03:23,383 [pool-281-thread-1] INFO  server.RaftServerConfigKeys (ConfUtils.java:logGet(44)) - raft.server.snapshot.retention.file.num = 5 (custom)
2021-01-10 09:03:23,383 [pool-281-thread-1] INFO  server.RaftServerConfigKeys (ConfUtils.java:logGet(44)) - raft.server.log.purge.upto.snapshot.index = false (default)
2021-01-10 09:03:23,384 [pool-281-thread-1] INFO  server.RaftServerConfigKeys (ConfUtils.java:logGet(44)) - raft.server.retrycache.expirytime = 600000ms (custom)
2021-01-10 09:03:23,384 [pool-281-thread-1] INFO  server.RaftServerConfigKeys (ConfUtils.java:logGet(44)) - raft.server.retrycache.statistics.expirytime = 100?s (default)
2021-01-10 09:03:23,384 [pool-281-thread-1] INFO  metrics.RatisMetrics (RatisMetrics.java:lambda$create$0(36)) - Creating Metrics Registry : ratis.leader_election.d99ff0d5-fc69-4ace-aa4c-ce8a85641abd@group-61EC49544C04
2021-01-10 09:03:23,384 [pool-281-thread-1] INFO  metrics.RatisMetrics (RatisMetrics.java:lambda$create$0(36)) - Creating Metrics Registry : ratis.server.d99ff0d5-fc69-4ace-aa4c-ce8a85641abd@group-61EC49544C04
2021-01-10 09:03:23,385 [pool-281-thread-1] INFO  server.RaftServer$Division (RaftServerImpl.java:start(294)) - d99ff0d5-fc69-4ace-aa4c-ce8a85641abd@group-61EC49544C04: start as a follower, conf=-1: [d99ff0d5-fc69-4ace-aa4c-ce8a85641abd|rpc:172.17.0.2:46021|dataStream:|priority:1, 639a72ac-1b67-44d2-8fbe-212b735275e2|rpc:172.17.0.2:45651|dataStream:|priority:0, c4191e53-aaca-4d42-9f72-dc45ebf47022|rpc:172.17.0.2:35859|dataStream:|priority:0], old=null
2021-01-10 09:03:23,385 [pool-281-thread-1] INFO  server.RaftServer$Division (RaftServerImpl.java:setRole(283)) - d99ff0d5-fc69-4ace-aa4c-ce8a85641abd@group-61EC49544C04: changes role from      null to FOLLOWER at term 0 for startAsFollower
2021-01-10 09:03:23,385 [pool-281-thread-1] INFO  impl.RoleInfo (RoleInfo.java:updateAndGet(130)) - d99ff0d5-fc69-4ace-aa4c-ce8a85641abd: start d99ff0d5-fc69-4ace-aa4c-ce8a85641abd@group-61EC49544C04-FollowerState
2021-01-10 09:03:23,385 [pool-281-thread-1] INFO  util.JmxRegister (JmxRegister.java:tryRegister(44)) - Successfully registered JMX Bean with object name Ratis:service=RaftServer,group=group-61EC49544C04,id=d99ff0d5-fc69-4ace-aa4c-ce8a85641abd
2021-01-10 09:03:23,385 [pool-281-thread-1] INFO  metrics.RatisMetrics (RatisMetrics.java:lambda$create$0(36)) - Creating Metrics Registry : ratis.state_machine.d99ff0d5-fc69-4ace-aa4c-ce8a85641abd@group-61EC49544C04
2021-01-10 09:03:23,392 [Command processor thread] INFO  metrics.RatisMetrics (RatisMetrics.java:lambda$create$0(36)) - Creating Metrics Registry : ratis.client_message_metrics.client-B2DDEEE66CE7->639a72ac-1b67-44d2-8fbe-212b735275e2
2021-01-10 09:03:23,396 [grpc-default-executor-1] INFO  metrics.RatisMetrics (RatisMetrics.java:lambda$create$0(36)) - Creating Metrics Registry : ratis.server_message_metrics.639a72ac-1b67-44d2-8fbe-212b735275e2
2021-01-10 09:03:23,398 [grpc-default-executor-1] INFO  server.RaftServer (RaftServerProxy.java:addNew(95)) - 639a72ac-1b67-44d2-8fbe-212b735275e2: addNew group-61EC49544C04:[d99ff0d5-fc69-4ace-aa4c-ce8a85641abd|rpc:172.17.0.2:46021|dataStream:|priority:1, 639a72ac-1b67-44d2-8fbe-212b735275e2|rpc:172.17.0.2:45651|dataStream:|priority:0, c4191e53-aaca-4d42-9f72-dc45ebf47022|rpc:172.17.0.2:35859|dataStream:|priority:0] returns group-61EC49544C04:java.util.concurrent.CompletableFuture@1668520d[Not completed]
2021-01-10 09:03:23,398 [pool-249-thread-1] INFO  server.RaftServer$Division (RaftServerImpl.java:<init>(179)) - 639a72ac-1b67-44d2-8fbe-212b735275e2: new RaftServerImpl for group-61EC49544C04:[d99ff0d5-fc69-4ace-aa4c-ce8a85641abd|rpc:172.17.0.2:46021|dataStream:|priority:1, 639a72ac-1b67-44d2-8fbe-212b735275e2|rpc:172.17.0.2:45651|dataStream:|priority:0, c4191e53-aaca-4d42-9f72-dc45ebf47022|rpc:172.17.0.2:35859|dataStream:|priority:0] with ContainerStateMachine:uninitialized
2021-01-10 09:03:23,398 [pool-249-thread-1] INFO  server.RaftServerConfigKeys (ConfUtils.java:logGet(44)) - raft.server.rpc.timeout.min = 5s (custom)
2021-01-10 09:03:23,398 [pool-249-thread-1] INFO  server.RaftServerConfigKeys (ConfUtils.java:logGet(44)) - raft.server.rpc.timeout.max = 5200ms (custom)
2021-01-10 09:03:23,398 [pool-249-thread-1] INFO  server.RaftServerConfigKeys (ConfUtils.java:logGet(44)) - raft.server.rpc.sleep.time = 25ms (default)
2021-01-10 09:03:23,399 [pool-249-thread-1] INFO  server.RaftServerConfigKeys (ConfUtils.java:logGet(44)) - raft.server.rpc.slowness.timeout = 300s (custom)
2021-01-10 09:03:23,399 [pool-249-thread-1] INFO  server.RaftServerConfigKeys (ConfUtils.java:logGet(44)) - raft.server.leaderelection.leader.step-down.wait-time = 10s (default)
2021-01-10 09:03:23,399 [pool-249-thread-1] INFO  server.RaftServerConfigKeys (ConfUtils.java:logGet(44)) - raft.server.sleep.deviation.threshold = 300ms (default)
2021-01-10 09:03:23,399 [pool-249-thread-1] INFO  server.RaftServerConfigKeys (ConfUtils.java:logGet(44)) - raft.server.log.appender.install.snapshot.enabled = false (custom)
2021-01-10 09:03:23,399 [pool-249-thread-1] INFO  server.RaftServer$Division (ServerState.java:<init>(103)) - 639a72ac-1b67-44d2-8fbe-212b735275e2@group-61EC49544C04: ConfigurationManager, init=-1: [d99ff0d5-fc69-4ace-aa4c-ce8a85641abd|rpc:172.17.0.2:46021|dataStream:|priority:1, 639a72ac-1b67-44d2-8fbe-212b735275e2|rpc:172.17.0.2:45651|dataStream:|priority:0, c4191e53-aaca-4d42-9f72-dc45ebf47022|rpc:172.17.0.2:35859|dataStream:|priority:0], old=null, confs=<EMPTY_MAP>
2021-01-10 09:03:23,399 [pool-249-thread-1] INFO  server.RaftServerConfigKeys (ConfUtils.java:logGet(44)) - raft.server.storage.dir = [/github/workspace/mnt/ozone/hadoop-ozone/integration-test/target/test-dir/MiniOzoneClusterImpl-030730bd-5c5c-4c00-b8c2-b15b15404b1a/datanode-0/data/ratis] (custom)
2021-01-10 09:03:23,399 [pool-249-thread-1] INFO  server.RaftServerConfigKeys (ConfUtils.java:logGet(44)) - raft.server.log.corruption.policy = EXCEPTION (default)
2021-01-10 09:03:23,399 [pool-249-thread-1] INFO  storage.RaftStorageDirectory (RaftStorageDirectoryImpl.java:analyzeStorage(132)) - The storage directory /github/workspace/mnt/ozone/hadoop-ozone/integration-test/target/test-dir/MiniOzoneClusterImpl-030730bd-5c5c-4c00-b8c2-b15b15404b1a/datanode-0/data/ratis/b9f8cb9a-d08f-46fe-a23d-61ec49544c04 does not exist. Creating ...
2021-01-10 09:03:23,400 [pool-249-thread-1] INFO  storage.RaftStorageDirectory (RaftStorageDirectoryImpl.java:tryLock(215)) - Lock on /github/workspace/mnt/ozone/hadoop-ozone/integration-test/target/test-dir/MiniOzoneClusterImpl-030730bd-5c5c-4c00-b8c2-b15b15404b1a/datanode-0/data/ratis/b9f8cb9a-d08f-46fe-a23d-61ec49544c04/in_use.lock acquired by nodename 31262@84bc77fe8d45
2021-01-10 09:03:23,401 [pool-249-thread-1] INFO  storage.RaftStorage (RaftStorageImpl.java:format(87)) - Storage directory /github/workspace/mnt/ozone/hadoop-ozone/integration-test/target/test-dir/MiniOzoneClusterImpl-030730bd-5c5c-4c00-b8c2-b15b15404b1a/datanode-0/data/ratis/b9f8cb9a-d08f-46fe-a23d-61ec49544c04 has been successfully formatted.
2021-01-10 09:03:23,401 [pool-249-thread-1] INFO  ratis.ContainerStateMachine (ContainerStateMachine.java:loadSnapshot(223)) - group-61EC49544C04: The snapshot info is null. Setting the last applied indexto:(t:0, i:~)
2021-01-10 09:03:23,401 [pool-249-thread-1] ERROR storage.RaftStorage (RaftStorageImpl.java:readRaftConfiguration(147)) - Failed reading configuration from file:/github/workspace/mnt/ozone/hadoop-ozone/integration-test/target/test-dir/MiniOzoneClusterImpl-030730bd-5c5c-4c00-b8c2-b15b15404b1a/datanode-0/data/ratis/b9f8cb9a-d08f-46fe-a23d-61ec49544c04/current/raft-meta.conf
java.io.FileNotFoundException: /github/workspace/mnt/ozone/hadoop-ozone/integration-test/target/test-dir/MiniOzoneClusterImpl-030730bd-5c5c-4c00-b8c2-b15b15404b1a/datanode-0/data/ratis/b9f8cb9a-d08f-46fe-a23d-61ec49544c04/current/raft-meta.conf (No such file or directory)
	at java.io.FileInputStream.open0(Native Method)
	at java.io.FileInputStream.open(FileInputStream.java:195)
	at java.io.FileInputStream.<init>(FileInputStream.java:138)
	at org.apache.ratis.server.storage.RaftStorageImpl.readRaftConfiguration(RaftStorageImpl.java:143)
	at org.apache.ratis.server.impl.ServerState.<init>(ServerState.java:113)
	at org.apache.ratis.server.impl.RaftServerImpl.<init>(RaftServerImpl.java:192)
	at org.apache.ratis.server.impl.RaftServerProxy.lambda$newRaftServerImpl$4(RaftServerProxy.java:266)
	at java.util.concurrent.CompletableFuture$AsyncSupply.run(CompletableFuture.java:1604)
	at java.util.concurrent.ThreadPoolExecutor.runWorker(ThreadPoolExecutor.java:1149)
	at java.util.concurrent.ThreadPoolExecutor$Worker.run(ThreadPoolExecutor.java:624)
	at java.lang.Thread.run(Thread.java:748)
2021-01-10 09:03:23,403 [pool-249-thread-1] INFO  server.RaftServerConfigKeys (ConfUtils.java:logGet(44)) - raft.server.notification.no-leader.timeout = 300s (custom)
2021-01-10 09:03:23,403 [pool-249-thread-1] INFO  server.RaftServerConfigKeys (ConfUtils.java:logGet(44)) - raft.server.log.use.memory = false (default)
2021-01-10 09:03:23,403 [pool-249-thread-1] INFO  server.RaftServerConfigKeys (ConfUtils.java:logGet(44)) - raft.server.log.purge.gap = 1000000 (custom)
2021-01-10 09:03:23,403 [pool-249-thread-1] INFO  server.RaftServerConfigKeys (ConfUtils.java:logGet(44)) - raft.server.log.appender.buffer.byte-limit = 33554432 (custom)
2021-01-10 09:03:23,403 [pool-249-thread-1] INFO  metrics.RatisMetrics (RatisMetrics.java:lambda$create$0(36)) - Creating Metrics Registry : ratis.log_worker.639a72ac-1b67-44d2-8fbe-212b735275e2@group-61EC49544C04
2021-01-10 09:03:23,403 [pool-249-thread-1] INFO  server.RaftServerConfigKeys (ConfUtils.java:logGet(44)) - raft.server.log.segment.size.max = 1048576 (custom)
2021-01-10 09:03:23,404 [pool-249-thread-1] INFO  server.RaftServerConfigKeys (ConfUtils.java:logGet(44)) - raft.server.log.segment.cache.num.max = 2 (custom)
2021-01-10 09:03:23,404 [pool-249-thread-1] INFO  server.RaftServerConfigKeys (ConfUtils.java:logGet(44)) - raft.server.log.segment.cache.size.max = 200MB (=209715200) (default)
2021-01-10 09:03:23,404 [pool-249-thread-1] INFO  segmented.SegmentedRaftLogWorker (SegmentedRaftLogWorker.java:<init>(181)) - new 639a72ac-1b67-44d2-8fbe-212b735275e2@group-61EC49544C04-SegmentedRaftLogWorker for RaftStorageImpl:Storage Directory /github/workspace/mnt/ozone/hadoop-ozone/integration-test/target/test-dir/MiniOzoneClusterImpl-030730bd-5c5c-4c00-b8c2-b15b15404b1a/datanode-0/data/ratis/b9f8cb9a-d08f-46fe-a23d-61ec49544c04
2021-01-10 09:03:23,404 [pool-249-thread-1] INFO  server.RaftServerConfigKeys (ConfUtils.java:logGet(44)) - raft.server.log.queue.byte-limit = 2147483647 (custom)
2021-01-10 09:03:23,405 [EventQueue-OpenPipelineForHealthyPipelineSafeModeRule] INFO  safemode.SCMSafeModeManager (HealthyPipelineSafeModeRule.java:process(128)) - SCM in safe mode. Healthy pipelines reported count is 0, required healthy pipeline reported count is 1
2021-01-10 09:03:23,404 [EventQueue-PipelineReportForOneReplicaPipelineSafeModeRule] INFO  safemode.SCMSafeModeManager (SCMSafeModeManager.java:validateSafeModeExitRules(214)) - AtleastOneDatanodeReportedRule rule is successfully validated
2021-01-10 09:03:23,405 [pool-249-thread-1] INFO  server.RaftServerConfigKeys (ConfUtils.java:logGet(44)) - raft.server.log.queue.element-limit = 1024 (custom)
2021-01-10 09:03:23,405 [pool-249-thread-1] INFO  server.RaftServerConfigKeys (ConfUtils.java:logGet(44)) - raft.server.log.segment.size.max = 1048576 (custom)
2021-01-10 09:03:23,405 [pool-249-thread-1] INFO  server.RaftServerConfigKeys (ConfUtils.java:logGet(44)) - raft.server.log.preallocated.size = 16384 (custom)
2021-01-10 09:03:23,405 [pool-249-thread-1] INFO  server.RaftServerConfigKeys (ConfUtils.java:logGet(44)) - raft.server.log.force.sync.num = 128 (default)
2021-01-10 09:03:23,405 [pool-249-thread-1] INFO  server.RaftServerConfigKeys (ConfUtils.java:logGet(44)) - raft.server.log.statemachine.data.sync = true (default)
2021-01-10 09:03:23,405 [pool-249-thread-1] INFO  server.RaftServerConfigKeys (ConfUtils.java:logGet(44)) - raft.server.log.statemachine.data.sync.timeout = 10s (default)
2021-01-10 09:03:23,405 [pool-249-thread-1] INFO  server.RaftServerConfigKeys (ConfUtils.java:logGet(44)) - raft.server.log.statemachine.data.sync.timeout.retry = -1 (default)
2021-01-10 09:03:23,406 [pool-249-thread-1] INFO  server.RaftServerConfigKeys (ConfUtils.java:logGet(44)) - raft.server.log.write.buffer.size = 1048576 (custom)
2021-01-10 09:03:23,407 [pool-249-thread-1] INFO  server.RaftServerConfigKeys (ConfUtils.java:logGet(44)) - raft.server.log.statemachine.data.caching.enabled = true (custom)
2021-01-10 09:03:23,407 [pool-249-thread-1] INFO  segmented.SegmentedRaftLogWorker (SegmentedRaftLogWorker.java:lambda$new$0(132)) - 639a72ac-1b67-44d2-8fbe-212b735275e2@group-61EC49544C04-SegmentedRaftLogWorker: flushIndex: setUnconditionally 0 -> -1
2021-01-10 09:03:23,407 [pool-249-thread-1] INFO  segmented.SegmentedRaftLogWorker (SegmentedRaftLogWorker.java:lambda$new$0(132)) - 639a72ac-1b67-44d2-8fbe-212b735275e2@group-61EC49544C04-SegmentedRaftLogWorker: safeCacheEvictIndex: setUnconditionally 0 -> -1
2021-01-10 09:03:23,411 [pool-249-thread-1] INFO  server.RaftServerConfigKeys (ConfUtils.java:logGet(44)) - raft.server.snapshot.auto.trigger.enabled = true (custom)
2021-01-10 09:03:23,411 [pool-249-thread-1] INFO  server.RaftServerConfigKeys (ConfUtils.java:logGet(44)) - raft.server.snapshot.auto.trigger.threshold = 10000 (custom)
2021-01-10 09:03:23,411 [pool-249-thread-1] INFO  server.RaftServerConfigKeys (ConfUtils.java:logGet(44)) - raft.server.snapshot.retention.file.num = 5 (custom)
2021-01-10 09:03:23,411 [pool-249-thread-1] INFO  server.RaftServerConfigKeys (ConfUtils.java:logGet(44)) - raft.server.log.purge.upto.snapshot.index = false (default)
2021-01-10 09:03:23,411 [pool-249-thread-1] INFO  server.RaftServerConfigKeys (ConfUtils.java:logGet(44)) - raft.server.retrycache.expirytime = 600000ms (custom)
2021-01-10 09:03:23,411 [pool-249-thread-1] INFO  server.RaftServerConfigKeys (ConfUtils.java:logGet(44)) - raft.server.retrycache.statistics.expirytime = 100?s (default)
2021-01-10 09:03:23,411 [pool-249-thread-1] INFO  metrics.RatisMetrics (RatisMetrics.java:lambda$create$0(36)) - Creating Metrics Registry : ratis.leader_election.639a72ac-1b67-44d2-8fbe-212b735275e2@group-61EC49544C04
2021-01-10 09:03:23,412 [pool-249-thread-1] INFO  metrics.RatisMetrics (RatisMetrics.java:lambda$create$0(36)) - Creating Metrics Registry : ratis.server.639a72ac-1b67-44d2-8fbe-212b735275e2@group-61EC49544C04
2021-01-10 09:03:23,413 [pool-249-thread-1] INFO  server.RaftServer$Division (RaftServerImpl.java:start(294)) - 639a72ac-1b67-44d2-8fbe-212b735275e2@group-61EC49544C04: start as a follower, conf=-1: [d99ff0d5-fc69-4ace-aa4c-ce8a85641abd|rpc:172.17.0.2:46021|dataStream:|priority:1, 639a72ac-1b67-44d2-8fbe-212b735275e2|rpc:172.17.0.2:45651|dataStream:|priority:0, c4191e53-aaca-4d42-9f72-dc45ebf47022|rpc:172.17.0.2:35859|dataStream:|priority:0], old=null
2021-01-10 09:03:23,413 [pool-249-thread-1] INFO  server.RaftServer$Division (RaftServerImpl.java:setRole(283)) - 639a72ac-1b67-44d2-8fbe-212b735275e2@group-61EC49544C04: changes role from      null to FOLLOWER at term 0 for startAsFollower
2021-01-10 09:03:23,413 [pool-249-thread-1] INFO  impl.RoleInfo (RoleInfo.java:updateAndGet(130)) - 639a72ac-1b67-44d2-8fbe-212b735275e2: start 639a72ac-1b67-44d2-8fbe-212b735275e2@group-61EC49544C04-FollowerState
2021-01-10 09:03:23,419 [pool-249-thread-1] INFO  util.JmxRegister (JmxRegister.java:tryRegister(44)) - Successfully registered JMX Bean with object name Ratis:service=RaftServer,group=group-61EC49544C04,id=639a72ac-1b67-44d2-8fbe-212b735275e2
2021-01-10 09:03:23,419 [pool-249-thread-1] INFO  metrics.RatisMetrics (RatisMetrics.java:lambda$create$0(36)) - Creating Metrics Registry : ratis.state_machine.639a72ac-1b67-44d2-8fbe-212b735275e2@group-61EC49544C04
2021-01-10 09:03:23,435 [Command processor thread] INFO  commandhandler.CreatePipelineCommandHandler (CreatePipelineCommandHandler.java:handle(106)) - Created Pipeline RATIS THREE PipelineID=b9f8cb9a-d08f-46fe-a23d-61ec49544c04.
2021-01-10 09:03:24,346 [EventQueue-PipelineReportForOneReplicaPipelineSafeModeRule] INFO  safemode.SCMSafeModeManager (SCMSafeModeManager.java:validateSafeModeExitRules(214)) - AtleastOneDatanodeReportedRule rule is successfully validated
2021-01-10 09:03:24,347 [EventQueue-OpenPipelineForHealthyPipelineSafeModeRule] INFO  safemode.SCMSafeModeManager (HealthyPipelineSafeModeRule.java:process(128)) - SCM in safe mode. Healthy pipelines reported count is 0, required healthy pipeline reported count is 1
2021-01-10 09:03:24,382 [EventQueue-PipelineReportForOneReplicaPipelineSafeModeRule] INFO  safemode.SCMSafeModeManager (SCMSafeModeManager.java:validateSafeModeExitRules(214)) - AtleastOneDatanodeReportedRule rule is successfully validated
2021-01-10 09:03:24,402 [EventQueue-OpenPipelineForHealthyPipelineSafeModeRule] INFO  safemode.SCMSafeModeManager (HealthyPipelineSafeModeRule.java:process(128)) - SCM in safe mode. Healthy pipelines reported count is 0, required healthy pipeline reported count is 1
2021-01-10 09:03:24,402 [EventQueue-PipelineReportForOneReplicaPipelineSafeModeRule] INFO  safemode.SCMSafeModeManager (SCMSafeModeManager.java:validateSafeModeExitRules(214)) - AtleastOneDatanodeReportedRule rule is successfully validated
2021-01-10 09:03:24,494 [Command processor thread] INFO  server.RaftServer (RaftServerProxy.java:addNew(95)) - d99ff0d5-fc69-4ace-aa4c-ce8a85641abd: addNew group-50480F738A16:[d99ff0d5-fc69-4ace-aa4c-ce8a85641abd|rpc:172.17.0.2:46021|priority:1] returns group-50480F738A16:java.util.concurrent.CompletableFuture@d956ce3[Not completed]
2021-01-10 09:03:24,496 [pool-281-thread-1] INFO  server.RaftServer$Division (RaftServerImpl.java:<init>(179)) - d99ff0d5-fc69-4ace-aa4c-ce8a85641abd: new RaftServerImpl for group-50480F738A16:[d99ff0d5-fc69-4ace-aa4c-ce8a85641abd|rpc:172.17.0.2:46021|priority:1] with ContainerStateMachine:uninitialized
2021-01-10 09:03:24,496 [pool-281-thread-1] INFO  server.RaftServerConfigKeys (ConfUtils.java:logGet(44)) - raft.server.rpc.timeout.min = 5s (custom)
2021-01-10 09:03:24,496 [pool-281-thread-1] INFO  server.RaftServerConfigKeys (ConfUtils.java:logGet(44)) - raft.server.rpc.timeout.max = 5200ms (custom)
2021-01-10 09:03:24,496 [pool-281-thread-1] INFO  server.RaftServerConfigKeys (ConfUtils.java:logGet(44)) - raft.server.rpc.sleep.time = 25ms (default)
2021-01-10 09:03:24,496 [pool-281-thread-1] INFO  server.RaftServerConfigKeys (ConfUtils.java:logGet(44)) - raft.server.rpc.slowness.timeout = 300s (custom)
2021-01-10 09:03:24,496 [pool-281-thread-1] INFO  server.RaftServerConfigKeys (ConfUtils.java:logGet(44)) - raft.server.leaderelection.leader.step-down.wait-time = 10s (default)
2021-01-10 09:03:24,496 [pool-281-thread-1] INFO  server.RaftServerConfigKeys (ConfUtils.java:logGet(44)) - raft.server.sleep.deviation.threshold = 300ms (default)
2021-01-10 09:03:24,496 [pool-281-thread-1] INFO  server.RaftServerConfigKeys (ConfUtils.java:logGet(44)) - raft.server.log.appender.install.snapshot.enabled = false (custom)
2021-01-10 09:03:24,497 [pool-281-thread-1] INFO  server.RaftServer$Division (ServerState.java:<init>(103)) - d99ff0d5-fc69-4ace-aa4c-ce8a85641abd@group-50480F738A16: ConfigurationManager, init=-1: [d99ff0d5-fc69-4ace-aa4c-ce8a85641abd|rpc:172.17.0.2:46021|priority:1], old=null, confs=<EMPTY_MAP>
2021-01-10 09:03:24,497 [pool-281-thread-1] INFO  server.RaftServerConfigKeys (ConfUtils.java:logGet(44)) - raft.server.storage.dir = [/github/workspace/mnt/ozone/hadoop-ozone/integration-test/target/test-dir/MiniOzoneClusterImpl-030730bd-5c5c-4c00-b8c2-b15b15404b1a/datanode-2/data/ratis] (custom)
2021-01-10 09:03:24,497 [pool-281-thread-1] INFO  server.RaftServerConfigKeys (ConfUtils.java:logGet(44)) - raft.server.log.corruption.policy = EXCEPTION (default)
2021-01-10 09:03:24,497 [pool-281-thread-1] INFO  storage.RaftStorageDirectory (RaftStorageDirectoryImpl.java:analyzeStorage(132)) - The storage directory /github/workspace/mnt/ozone/hadoop-ozone/integration-test/target/test-dir/MiniOzoneClusterImpl-030730bd-5c5c-4c00-b8c2-b15b15404b1a/datanode-2/data/ratis/7f85cc11-4c61-4963-8417-50480f738a16 does not exist. Creating ...
2021-01-10 09:03:24,499 [pool-281-thread-1] INFO  storage.RaftStorageDirectory (RaftStorageDirectoryImpl.java:tryLock(215)) - Lock on /github/workspace/mnt/ozone/hadoop-ozone/integration-test/target/test-dir/MiniOzoneClusterImpl-030730bd-5c5c-4c00-b8c2-b15b15404b1a/datanode-2/data/ratis/7f85cc11-4c61-4963-8417-50480f738a16/in_use.lock acquired by nodename 31262@84bc77fe8d45
2021-01-10 09:03:24,501 [pool-281-thread-1] INFO  storage.RaftStorage (RaftStorageImpl.java:format(87)) - Storage directory /github/workspace/mnt/ozone/hadoop-ozone/integration-test/target/test-dir/MiniOzoneClusterImpl-030730bd-5c5c-4c00-b8c2-b15b15404b1a/datanode-2/data/ratis/7f85cc11-4c61-4963-8417-50480f738a16 has been successfully formatted.
2021-01-10 09:03:24,501 [pool-281-thread-1] INFO  ratis.ContainerStateMachine (ContainerStateMachine.java:loadSnapshot(223)) - group-50480F738A16: The snapshot info is null. Setting the last applied indexto:(t:0, i:~)
2021-01-10 09:03:24,501 [pool-281-thread-1] ERROR storage.RaftStorage (RaftStorageImpl.java:readRaftConfiguration(147)) - Failed reading configuration from file:/github/workspace/mnt/ozone/hadoop-ozone/integration-test/target/test-dir/MiniOzoneClusterImpl-030730bd-5c5c-4c00-b8c2-b15b15404b1a/datanode-2/data/ratis/7f85cc11-4c61-4963-8417-50480f738a16/current/raft-meta.conf
java.io.FileNotFoundException: /github/workspace/mnt/ozone/hadoop-ozone/integration-test/target/test-dir/MiniOzoneClusterImpl-030730bd-5c5c-4c00-b8c2-b15b15404b1a/datanode-2/data/ratis/7f85cc11-4c61-4963-8417-50480f738a16/current/raft-meta.conf (No such file or directory)
	at java.io.FileInputStream.open0(Native Method)
	at java.io.FileInputStream.open(FileInputStream.java:195)
	at java.io.FileInputStream.<init>(FileInputStream.java:138)
	at org.apache.ratis.server.storage.RaftStorageImpl.readRaftConfiguration(RaftStorageImpl.java:143)
	at org.apache.ratis.server.impl.ServerState.<init>(ServerState.java:113)
	at org.apache.ratis.server.impl.RaftServerImpl.<init>(RaftServerImpl.java:192)
	at org.apache.ratis.server.impl.RaftServerProxy.lambda$newRaftServerImpl$4(RaftServerProxy.java:266)
	at java.util.concurrent.CompletableFuture$AsyncSupply.run(CompletableFuture.java:1604)
	at java.util.concurrent.ThreadPoolExecutor.runWorker(ThreadPoolExecutor.java:1149)
	at java.util.concurrent.ThreadPoolExecutor$Worker.run(ThreadPoolExecutor.java:624)
	at java.lang.Thread.run(Thread.java:748)
2021-01-10 09:03:24,502 [EventQueue-PipelineReportForOneReplicaPipelineSafeModeRule] INFO  safemode.SCMSafeModeManager (SCMSafeModeManager.java:validateSafeModeExitRules(214)) - AtleastOneDatanodeReportedRule rule is successfully validated
2021-01-10 09:03:24,503 [pool-281-thread-1] INFO  server.RaftServerConfigKeys (ConfUtils.java:logGet(44)) - raft.server.notification.no-leader.timeout = 300s (custom)
2021-01-10 09:03:24,502 [EventQueue-PipelineReportForPipelineReportHandler] INFO  pipeline.PipelineStateManager (PipelineStateManager.java:openPipeline(132)) - Pipeline Pipeline[ Id: 7f85cc11-4c61-4963-8417-50480f738a16, Nodes: d99ff0d5-fc69-4ace-aa4c-ce8a85641abd{ip: 172.17.0.2, host: 84bc77fe8d45, networkLocation: /default-rack, certSerialId: null, persistedOpState: IN_SERVICE, persistedOpStateExpiryEpochSec: 0}, Type:RATIS, Factor:ONE, State:ALLOCATED, leaderId:d99ff0d5-fc69-4ace-aa4c-ce8a85641abd, CreationTimestamp2021-01-10T09:03:21.498Z] moved to OPEN state
2021-01-10 09:03:24,503 [pool-281-thread-1] INFO  server.RaftServerConfigKeys (ConfUtils.java:logGet(44)) - raft.server.log.use.memory = false (default)
2021-01-10 09:03:24,503 [pool-281-thread-1] INFO  server.RaftServerConfigKeys (ConfUtils.java:logGet(44)) - raft.server.log.purge.gap = 1000000 (custom)
2021-01-10 09:03:24,503 [pool-281-thread-1] INFO  server.RaftServerConfigKeys (ConfUtils.java:logGet(44)) - raft.server.log.appender.buffer.byte-limit = 33554432 (custom)
2021-01-10 09:03:24,503 [pool-281-thread-1] INFO  metrics.RatisMetrics (RatisMetrics.java:lambda$create$0(36)) - Creating Metrics Registry : ratis.log_worker.d99ff0d5-fc69-4ace-aa4c-ce8a85641abd@group-50480F738A16
2021-01-10 09:03:24,503 [EventQueue-OpenPipelineForHealthyPipelineSafeModeRule] INFO  safemode.SCMSafeModeManager (HealthyPipelineSafeModeRule.java:process(128)) - SCM in safe mode. Healthy pipelines reported count is 0, required healthy pipeline reported count is 1
2021-01-10 09:03:24,508 [pool-281-thread-1] INFO  server.RaftServerConfigKeys (ConfUtils.java:logGet(44)) - raft.server.log.segment.size.max = 1048576 (custom)
2021-01-10 09:03:24,508 [pool-281-thread-1] INFO  server.RaftServerConfigKeys (ConfUtils.java:logGet(44)) - raft.server.log.segment.cache.num.max = 2 (custom)
2021-01-10 09:03:24,508 [pool-281-thread-1] INFO  server.RaftServerConfigKeys (ConfUtils.java:logGet(44)) - raft.server.log.segment.cache.size.max = 200MB (=209715200) (default)
2021-01-10 09:03:24,508 [pool-281-thread-1] INFO  segmented.SegmentedRaftLogWorker (SegmentedRaftLogWorker.java:<init>(181)) - new d99ff0d5-fc69-4ace-aa4c-ce8a85641abd@group-50480F738A16-SegmentedRaftLogWorker for RaftStorageImpl:Storage Directory /github/workspace/mnt/ozone/hadoop-ozone/integration-test/target/test-dir/MiniOzoneClusterImpl-030730bd-5c5c-4c00-b8c2-b15b15404b1a/datanode-2/data/ratis/7f85cc11-4c61-4963-8417-50480f738a16
2021-01-10 09:03:24,508 [pool-281-thread-1] INFO  server.RaftServerConfigKeys (ConfUtils.java:logGet(44)) - raft.server.log.queue.byte-limit = 2147483647 (custom)
2021-01-10 09:03:24,508 [pool-281-thread-1] INFO  server.RaftServerConfigKeys (ConfUtils.java:logGet(44)) - raft.server.log.queue.element-limit = 1024 (custom)
2021-01-10 09:03:24,508 [pool-281-thread-1] INFO  server.RaftServerConfigKeys (ConfUtils.java:logGet(44)) - raft.server.log.segment.size.max = 1048576 (custom)
2021-01-10 09:03:24,508 [pool-281-thread-1] INFO  server.RaftServerConfigKeys (ConfUtils.java:logGet(44)) - raft.server.log.preallocated.size = 16384 (custom)
2021-01-10 09:03:24,508 [pool-281-thread-1] INFO  server.RaftServerConfigKeys (ConfUtils.java:logGet(44)) - raft.server.log.force.sync.num = 128 (default)
2021-01-10 09:03:24,508 [pool-281-thread-1] INFO  server.RaftServerConfigKeys (ConfUtils.java:logGet(44)) - raft.server.log.statemachine.data.sync = true (default)
2021-01-10 09:03:24,509 [pool-281-thread-1] INFO  server.RaftServerConfigKeys (ConfUtils.java:logGet(44)) - raft.server.log.statemachine.data.sync.timeout = 10s (default)
2021-01-10 09:03:24,509 [pool-281-thread-1] INFO  server.RaftServerConfigKeys (ConfUtils.java:logGet(44)) - raft.server.log.statemachine.data.sync.timeout.retry = -1 (default)
2021-01-10 09:03:24,509 [pool-281-thread-1] INFO  server.RaftServerConfigKeys (ConfUtils.java:logGet(44)) - raft.server.log.write.buffer.size = 1048576 (custom)
2021-01-10 09:03:24,510 [pool-281-thread-1] INFO  server.RaftServerConfigKeys (ConfUtils.java:logGet(44)) - raft.server.log.statemachine.data.caching.enabled = true (custom)
2021-01-10 09:03:24,510 [pool-281-thread-1] INFO  segmented.SegmentedRaftLogWorker (SegmentedRaftLogWorker.java:lambda$new$0(132)) - d99ff0d5-fc69-4ace-aa4c-ce8a85641abd@group-50480F738A16-SegmentedRaftLogWorker: flushIndex: setUnconditionally 0 -> -1
2021-01-10 09:03:24,510 [pool-281-thread-1] INFO  segmented.SegmentedRaftLogWorker (SegmentedRaftLogWorker.java:lambda$new$0(132)) - d99ff0d5-fc69-4ace-aa4c-ce8a85641abd@group-50480F738A16-SegmentedRaftLogWorker: safeCacheEvictIndex: setUnconditionally 0 -> -1
2021-01-10 09:03:24,510 [pool-281-thread-1] INFO  server.RaftServerConfigKeys (ConfUtils.java:logGet(44)) - raft.server.snapshot.auto.trigger.enabled = true (custom)
2021-01-10 09:03:24,510 [pool-281-thread-1] INFO  server.RaftServerConfigKeys (ConfUtils.java:logGet(44)) - raft.server.snapshot.auto.trigger.threshold = 10000 (custom)
2021-01-10 09:03:24,510 [pool-281-thread-1] INFO  server.RaftServerConfigKeys (ConfUtils.java:logGet(44)) - raft.server.snapshot.retention.file.num = 5 (custom)
2021-01-10 09:03:24,510 [pool-281-thread-1] INFO  server.RaftServerConfigKeys (ConfUtils.java:logGet(44)) - raft.server.log.purge.upto.snapshot.index = false (default)
2021-01-10 09:03:24,510 [pool-281-thread-1] INFO  server.RaftServerConfigKeys (ConfUtils.java:logGet(44)) - raft.server.retrycache.expirytime = 600000ms (custom)
2021-01-10 09:03:24,510 [pool-281-thread-1] INFO  server.RaftServerConfigKeys (ConfUtils.java:logGet(44)) - raft.server.retrycache.statistics.expirytime = 100?s (default)
2021-01-10 09:03:24,511 [pool-281-thread-1] INFO  metrics.RatisMetrics (RatisMetrics.java:lambda$create$0(36)) - Creating Metrics Registry : ratis.leader_election.d99ff0d5-fc69-4ace-aa4c-ce8a85641abd@group-50480F738A16
2021-01-10 09:03:24,511 [pool-281-thread-1] INFO  metrics.RatisMetrics (RatisMetrics.java:lambda$create$0(36)) - Creating Metrics Registry : ratis.server.d99ff0d5-fc69-4ace-aa4c-ce8a85641abd@group-50480F738A16
2021-01-10 09:03:24,512 [pool-281-thread-1] INFO  server.RaftServer$Division (RaftServerImpl.java:start(294)) - d99ff0d5-fc69-4ace-aa4c-ce8a85641abd@group-50480F738A16: start as a follower, conf=-1: [d99ff0d5-fc69-4ace-aa4c-ce8a85641abd|rpc:172.17.0.2:46021|priority:1], old=null
2021-01-10 09:03:24,512 [pool-281-thread-1] INFO  server.RaftServer$Division (RaftServerImpl.java:setRole(283)) - d99ff0d5-fc69-4ace-aa4c-ce8a85641abd@group-50480F738A16: changes role from      null to FOLLOWER at term 0 for startAsFollower
2021-01-10 09:03:24,512 [pool-281-thread-1] INFO  impl.RoleInfo (RoleInfo.java:updateAndGet(130)) - d99ff0d5-fc69-4ace-aa4c-ce8a85641abd: start d99ff0d5-fc69-4ace-aa4c-ce8a85641abd@group-50480F738A16-FollowerState
2021-01-10 09:03:24,512 [pool-281-thread-1] INFO  util.JmxRegister (JmxRegister.java:tryRegister(44)) - Successfully registered JMX Bean with object name Ratis:service=RaftServer,group=group-50480F738A16,id=d99ff0d5-fc69-4ace-aa4c-ce8a85641abd
2021-01-10 09:03:24,512 [pool-281-thread-1] INFO  metrics.RatisMetrics (RatisMetrics.java:lambda$create$0(36)) - Creating Metrics Registry : ratis.state_machine.d99ff0d5-fc69-4ace-aa4c-ce8a85641abd@group-50480F738A16
2021-01-10 09:03:24,516 [Command processor thread] INFO  commandhandler.CreatePipelineCommandHandler (CreatePipelineCommandHandler.java:handle(106)) - Created Pipeline RATIS ONE PipelineID=7f85cc11-4c61-4963-8417-50480f738a16.
2021-01-10 09:03:24,715 [EndpointStateMachine task thread for /0.0.0.0:34769 - 0 ] INFO  ozoneimpl.OzoneContainer (OzoneContainer.java:start(255)) - Attempting to start container services.
2021-01-10 09:03:24,715 [EndpointStateMachine task thread for /0.0.0.0:34769 - 0 ] INFO  ozoneimpl.OzoneContainer (OzoneContainer.java:startContainerScrub(219)) - Background container scanner has been disabled.
2021-01-10 09:03:24,716 [EndpointStateMachine task thread for /0.0.0.0:34769 - 0 ] INFO  replication.ReplicationServer (ReplicationServer.java:start(111)) - ReplicationServer is started using port 33165
2021-01-10 09:03:24,716 [EndpointStateMachine task thread for /0.0.0.0:34769 - 0 ] INFO  ratis.XceiverServerRatis (XceiverServerRatis.java:start(455)) - Starting XceiverServerRatis d14351cf-a37f-45f4-ac3c-40eb157d2fdf at port 0
2021-01-10 09:03:24,719 [EndpointStateMachine task thread for /0.0.0.0:34769 - 0 ] INFO  server.RaftServer (RaftServerProxy.java:lambda$start$5(372)) - d14351cf-a37f-45f4-ac3c-40eb157d2fdf: start RPC server
2021-01-10 09:03:24,719 [EndpointStateMachine task thread for /0.0.0.0:34769 - 0 ] INFO  server.GrpcService (GrpcService.java:startImpl(176)) - d14351cf-a37f-45f4-ac3c-40eb157d2fdf: GrpcService started, listening on 0.0.0.0/0.0.0.0:35489
2021-01-10 09:03:24,720 [EndpointStateMachine task thread for /0.0.0.0:34769 - 0 ] INFO  ratis.XceiverServerRatis (XceiverServerRatis.java:start(467)) - XceiverServerRatis d14351cf-a37f-45f4-ac3c-40eb157d2fdf is started using port 35489
2021-01-10 09:03:24,720 [org.apache.ratis.util.JvmPauseMonitor$$Lambda$220/965274911@7424b45b] INFO  util.JvmPauseMonitor (JvmPauseMonitor.java:run(103)) - JvmPauseMonitor-d14351cf-a37f-45f4-ac3c-40eb157d2fdf: Started
2021-01-10 09:03:24,720 [EndpointStateMachine task thread for /0.0.0.0:34769 - 0 ] INFO  server.XceiverServerGrpc (XceiverServerGrpc.java:start(139)) - XceiverServerGrpc d14351cf-a37f-45f4-ac3c-40eb157d2fdf is started using port 43449
2021-01-10 09:03:25,346 [EventQueue-OpenPipelineForHealthyPipelineSafeModeRule] INFO  safemode.SCMSafeModeManager (HealthyPipelineSafeModeRule.java:process(128)) - SCM in safe mode. Healthy pipelines reported count is 0, required healthy pipeline reported count is 1
2021-01-10 09:03:25,346 [EventQueue-PipelineReportForOneReplicaPipelineSafeModeRule] INFO  safemode.SCMSafeModeManager (SCMSafeModeManager.java:validateSafeModeExitRules(214)) - AtleastOneDatanodeReportedRule rule is successfully validated
2021-01-10 09:03:25,402 [EventQueue-PipelineReportForOneReplicaPipelineSafeModeRule] INFO  safemode.SCMSafeModeManager (SCMSafeModeManager.java:validateSafeModeExitRules(214)) - AtleastOneDatanodeReportedRule rule is successfully validated
2021-01-10 09:03:25,403 [EventQueue-OpenPipelineForHealthyPipelineSafeModeRule] INFO  safemode.SCMSafeModeManager (HealthyPipelineSafeModeRule.java:process(128)) - SCM in safe mode. Healthy pipelines reported count is 0, required healthy pipeline reported count is 1
2021-01-10 09:03:25,503 [EventQueue-PipelineReportForOneReplicaPipelineSafeModeRule] INFO  safemode.SCMSafeModeManager (SCMSafeModeManager.java:validateSafeModeExitRules(214)) - AtleastOneDatanodeReportedRule rule is successfully validated
2021-01-10 09:03:25,504 [EventQueue-OpenPipelineForHealthyPipelineSafeModeRule] INFO  safemode.SCMSafeModeManager (HealthyPipelineSafeModeRule.java:process(128)) - SCM in safe mode. Healthy pipelines reported count is 0, required healthy pipeline reported count is 1
2021-01-10 09:03:26,346 [EventQueue-PipelineReportForOneReplicaPipelineSafeModeRule] INFO  safemode.SCMSafeModeManager (SCMSafeModeManager.java:validateSafeModeExitRules(214)) - AtleastOneDatanodeReportedRule rule is successfully validated
2021-01-10 09:03:26,347 [EventQueue-OpenPipelineForHealthyPipelineSafeModeRule] INFO  safemode.SCMSafeModeManager (HealthyPipelineSafeModeRule.java:process(128)) - SCM in safe mode. Healthy pipelines reported count is 0, required healthy pipeline reported count is 1
2021-01-10 09:03:26,403 [EventQueue-PipelineReportForOneReplicaPipelineSafeModeRule] INFO  safemode.SCMSafeModeManager (SCMSafeModeManager.java:validateSafeModeExitRules(214)) - AtleastOneDatanodeReportedRule rule is successfully validated
2021-01-10 09:03:26,403 [EventQueue-OpenPipelineForHealthyPipelineSafeModeRule] INFO  safemode.SCMSafeModeManager (HealthyPipelineSafeModeRule.java:process(128)) - SCM in safe mode. Healthy pipelines reported count is 0, required healthy pipeline reported count is 1
2021-01-10 09:03:26,503 [EventQueue-PipelineReportForOneReplicaPipelineSafeModeRule] INFO  safemode.SCMSafeModeManager (SCMSafeModeManager.java:validateSafeModeExitRules(214)) - AtleastOneDatanodeReportedRule rule is successfully validated
2021-01-10 09:03:26,504 [EventQueue-OpenPipelineForHealthyPipelineSafeModeRule] INFO  safemode.SCMSafeModeManager (HealthyPipelineSafeModeRule.java:process(128)) - SCM in safe mode. Healthy pipelines reported count is 0, required healthy pipeline reported count is 1
2021-01-10 09:03:26,713 [IPC Server handler 1 on default port 34769] INFO  net.NetworkTopologyImpl (NetworkTopologyImpl.java:add(111)) - Added a new node: /default-rack/d14351cf-a37f-45f4-ac3c-40eb157d2fdf
2021-01-10 09:03:26,713 [IPC Server handler 1 on default port 34769] INFO  node.SCMNodeManager (SCMNodeManager.java:register(341)) - Registered Data node : d14351cf-a37f-45f4-ac3c-40eb157d2fdf{ip: 172.17.0.2, host: 84bc77fe8d45, networkLocation: /default-rack, certSerialId: null, persistedOpState: IN_SERVICE, persistedOpStateExpiryEpochSec: 0}
2021-01-10 09:03:26,713 [EventQueue-NodeRegistrationContainerReportForContainerSafeModeRule] INFO  safemode.SCMSafeModeManager (SCMSafeModeManager.java:validateSafeModeExitRules(214)) - ContainerSafeModeRule rule is successfully validated
2021-01-10 09:03:26,713 [EventQueue-NodeRegistrationContainerReportForDataNodeSafeModeRule] INFO  safemode.SCMSafeModeManager (SCMSafeModeManager.java:validateSafeModeExitRules(214)) - DataNodeSafeModeRule rule is successfully validated
2021-01-10 09:03:26,714 [EventQueue-PipelineReportForOneReplicaPipelineSafeModeRule] INFO  safemode.SCMSafeModeManager (SCMSafeModeManager.java:validateSafeModeExitRules(214)) - AtleastOneDatanodeReportedRule rule is successfully validated
2021-01-10 09:03:26,714 [RatisPipelineUtilsThread] INFO  pipeline.RatisPipelineProvider (RatisPipelineProvider.java:lambda$create$0(161)) - Sending CreatePipelineCommand for pipeline:PipelineID=1d2fecda-12e9-4970-b458-59362a71a594 to datanode:d14351cf-a37f-45f4-ac3c-40eb157d2fdf
2021-01-10 09:03:26,715 [RatisPipelineUtilsThread] INFO  pipeline.PipelineStateManager (PipelineStateManager.java:addPipeline(54)) - Created pipeline Pipeline[ Id: 1d2fecda-12e9-4970-b458-59362a71a594, Nodes: d14351cf-a37f-45f4-ac3c-40eb157d2fdf{ip: 172.17.0.2, host: 84bc77fe8d45, networkLocation: /default-rack, certSerialId: null, persistedOpState: IN_SERVICE, persistedOpStateExpiryEpochSec: 0}, Type:RATIS, Factor:ONE, State:ALLOCATED, leaderId:, CreationTimestamp2021-01-10T09:03:26.714Z]
2021-01-10 09:03:27,346 [EventQueue-PipelineReportForOneReplicaPipelineSafeModeRule] INFO  safemode.SCMSafeModeManager (SCMSafeModeManager.java:validateSafeModeExitRules(214)) - AtleastOneDatanodeReportedRule rule is successfully validated
2021-01-10 09:03:27,346 [EventQueue-OpenPipelineForHealthyPipelineSafeModeRule] INFO  safemode.SCMSafeModeManager (HealthyPipelineSafeModeRule.java:process(128)) - SCM in safe mode. Healthy pipelines reported count is 0, required healthy pipeline reported count is 1
2021-01-10 09:03:27,404 [EventQueue-PipelineReportForOneReplicaPipelineSafeModeRule] INFO  safemode.SCMSafeModeManager (SCMSafeModeManager.java:validateSafeModeExitRules(214)) - AtleastOneDatanodeReportedRule rule is successfully validated
2021-01-10 09:03:27,405 [EventQueue-OpenPipelineForHealthyPipelineSafeModeRule] INFO  safemode.SCMSafeModeManager (HealthyPipelineSafeModeRule.java:process(128)) - SCM in safe mode. Healthy pipelines reported count is 0, required healthy pipeline reported count is 1
2021-01-10 09:03:27,503 [EventQueue-OpenPipelineForHealthyPipelineSafeModeRule] INFO  safemode.SCMSafeModeManager (HealthyPipelineSafeModeRule.java:process(128)) - SCM in safe mode. Healthy pipelines reported count is 0, required healthy pipeline reported count is 1
2021-01-10 09:03:27,503 [EventQueue-PipelineReportForOneReplicaPipelineSafeModeRule] INFO  safemode.SCMSafeModeManager (SCMSafeModeManager.java:validateSafeModeExitRules(214)) - AtleastOneDatanodeReportedRule rule is successfully validated
2021-01-10 09:03:27,755 [Listener at 127.0.0.1/45243] INFO  http.BaseHttpServer (BaseHttpServer.java:newHttpServer2BuilderForOzone(207)) - Starting Web-server for hddsDatanode at: http://0.0.0.0:0
2021-01-10 09:03:27,756 [Listener at 127.0.0.1/45243] INFO  http.BaseHttpServer (BaseHttpServer.java:<init>(106)) - Hadoop Security Enabled: false Ozone Security Enabled: false Ozone HTTP Security Enabled: false 
2021-01-10 09:03:27,757 [Listener at 127.0.0.1/45243] INFO  server.AuthenticationFilter (AuthenticationFilter.java:constructSecretProvider(240)) - Unable to initialize FileSignerSecretProvider, falling back to use random secrets.
2021-01-10 09:03:27,758 [Listener at 127.0.0.1/45243] WARN  http.HttpRequestLog (HttpRequestLog.java:getRequestLog(103)) - Jetty request log can only be enabled using Log4j
2021-01-10 09:03:27,758 [Listener at 127.0.0.1/45243] INFO  http.HttpServer2 (HttpServer2.java:addGlobalFilter(1020)) - Added global filter 'safety' (class=org.apache.hadoop.hdds.server.http.HttpServer2$QuotingInputFilter)
2021-01-10 09:03:27,759 [Listener at 127.0.0.1/45243] INFO  http.HttpServer2 (HttpServer2.java:addFilter(996)) - Added filter static_user_filter (class=org.apache.hadoop.http.lib.StaticUserWebFilter$StaticUserFilter) to context hddsDatanode
2021-01-10 09:03:27,760 [Listener at 127.0.0.1/45243] INFO  http.HttpServer2 (HttpServer2.java:addFilter(1004)) - Added filter static_user_filter (class=org.apache.hadoop.http.lib.StaticUserWebFilter$StaticUserFilter) to context logs
2021-01-10 09:03:27,760 [Listener at 127.0.0.1/45243] INFO  http.HttpServer2 (HttpServer2.java:addFilter(1004)) - Added filter static_user_filter (class=org.apache.hadoop.http.lib.StaticUserWebFilter$StaticUserFilter) to context static
2021-01-10 09:03:27,760 [Listener at 127.0.0.1/45243] INFO  http.HttpServer2 (HttpServer2.java:bindListener(1238)) - Jetty bound to port 45035
2021-01-10 09:03:27,761 [Listener at 127.0.0.1/45243] INFO  server.Server (Server.java:doStart(375)) - jetty-9.4.34.v20201102; built: 2020-11-02T14:15:39.302Z; git: e46af88704a893fc12cb0e3bf46e2c7b48a009e7; jvm 1.8.0_232-b09
2021-01-10 09:03:27,762 [Listener at 127.0.0.1/45243] INFO  server.session (DefaultSessionIdManager.java:doStart(334)) - DefaultSessionIdManager workerName=node0
2021-01-10 09:03:27,763 [Listener at 127.0.0.1/45243] INFO  server.session (DefaultSessionIdManager.java:doStart(339)) - No SessionScavenger set, using defaults
2021-01-10 09:03:27,764 [Listener at 127.0.0.1/45243] INFO  server.session (HouseKeeper.java:startScavenging(132)) - node0 Scavenging every 660000ms
2021-01-10 09:03:27,765 [Listener at 127.0.0.1/45243] INFO  handler.ContextHandler (ContextHandler.java:doStart(916)) - Started o.e.j.s.ServletContextHandler@28e5320e{logs,/logs,file:///github/workspace/mnt/ozone/hadoop-ozone/integration-test/target/log,AVAILABLE}
2021-01-10 09:03:27,765 [Listener at 127.0.0.1/45243] INFO  handler.ContextHandler (ContextHandler.java:doStart(916)) - Started o.e.j.s.ServletContextHandler@1f583c44{static,/static,jar:file:/home/user/.m2/repository/org/apache/hadoop/hadoop-hdds-container-service/1.1.0-SNAPSHOT/hadoop-hdds-container-service-1.1.0-SNAPSHOT.jar!/webapps/static,AVAILABLE}
2021-01-10 09:03:27,923 [Listener at 127.0.0.1/45243] INFO  handler.ContextHandler (ContextHandler.java:doStart(916)) - Started o.e.j.w.WebAppContext@30b69dd{hddsDatanode,/,file:///tmp/jetty-0_0_0_0-45035-hadoop-hdds-container-service-1_1_0-SNAPSHOT_jar-_-any-4454754491529667939/webapp/,AVAILABLE}{jar:file:/home/user/.m2/repository/org/apache/hadoop/hadoop-hdds-container-service/1.1.0-SNAPSHOT/hadoop-hdds-container-service-1.1.0-SNAPSHOT.jar!/webapps/hddsDatanode}
2021-01-10 09:03:27,925 [Listener at 127.0.0.1/45243] INFO  server.AbstractConnector (AbstractConnector.java:doStart(331)) - Started ServerConnector@6f677c34{HTTP/1.1, (http/1.1)}{0.0.0.0:45035}
2021-01-10 09:03:27,925 [Listener at 127.0.0.1/45243] INFO  server.Server (Server.java:doStart(415)) - Started @106958ms
2021-01-10 09:03:27,925 [Listener at 127.0.0.1/45243] WARN  impl.MetricsSystemImpl (MetricsSystemImpl.java:register(276)) - Sink prometheus already exists!
2021-01-10 09:03:27,928 [Listener at 127.0.0.1/45243] INFO  http.BaseHttpServer (BaseHttpServer.java:updateConnectorAddress(327)) - HTTP server of hddsDatanode listening at http://0.0.0.0:45035
2021-01-10 09:03:27,930 [Listener at 127.0.0.1/45243] INFO  impl.MetricsSystemImpl (MetricsSystemImpl.java:init(158)) - HddsDatanode metrics system started (again)
2021-01-10 09:03:27,932 [Listener at 127.0.0.1/45243] INFO  ozone.HddsDatanodeService (HddsDatanodeService.java:start(215)) - HddsDatanodeService host:84bc77fe8d45 ip:172.17.0.2
2021-01-10 09:03:27,935 [Listener at 127.0.0.1/45243] INFO  volume.HddsVolume (HddsVolume.java:<init>(176)) - Creating Volume: /github/workspace/mnt/ozone/hadoop-ozone/integration-test/target/test-dir/MiniOzoneClusterImpl-030730bd-5c5c-4c00-b8c2-b15b15404b1a/datanode-5/data-0/containers/hdds of storage type : DISK and capacity : 9223372036854775807
2021-01-10 09:03:27,936 [Listener at 127.0.0.1/45243] INFO  volume.MutableVolumeSet (MutableVolumeSet.java:initializeVolumeSet(179)) - Added Volume : /github/workspace/mnt/ozone/hadoop-ozone/integration-test/target/test-dir/MiniOzoneClusterImpl-030730bd-5c5c-4c00-b8c2-b15b15404b1a/datanode-5/data-0/containers/hdds to VolumeSet
2021-01-10 09:03:27,936 [Listener at 127.0.0.1/45243] INFO  volume.ThrottledAsyncChecker (ThrottledAsyncChecker.java:schedule(141)) - Scheduling a check for /github/workspace/mnt/ozone/hadoop-ozone/integration-test/target/test-dir/MiniOzoneClusterImpl-030730bd-5c5c-4c00-b8c2-b15b15404b1a/datanode-5/data-0/containers/hdds
2021-01-10 09:03:27,940 [org.apache.hadoop.util.JvmPauseMonitor$Monitor@53a33e31] INFO  util.JvmPauseMonitor (JvmPauseMonitor.java:run(188)) - Starting JVM pause monitor
2021-01-10 09:03:27,941 [Listener at 127.0.0.1/45243] INFO  volume.HddsVolumeChecker (HddsVolumeChecker.java:checkAllVolumes(200)) - Scheduled health check for volume /github/workspace/mnt/ozone/hadoop-ozone/integration-test/target/test-dir/MiniOzoneClusterImpl-030730bd-5c5c-4c00-b8c2-b15b15404b1a/datanode-5/data-0/containers/hdds
2021-01-10 09:03:27,953 [Datanode State Machine Task Thread - 0] INFO  datanode.InitDatanodeState (InitDatanodeState.java:persistContainerDatanodeDetails(145)) - DatanodeDetails is persisted to /github/workspace/mnt/ozone/hadoop-ozone/integration-test/target/test-dir/MiniOzoneClusterImpl-030730bd-5c5c-4c00-b8c2-b15b15404b1a/datanode-4/meta/datanode.id
2021-01-10 09:03:27,954 [Thread-821] INFO  ozoneimpl.ContainerReader (ContainerReader.java:readVolume(123)) - Start to verify containers on volume /github/workspace/mnt/ozone/hadoop-ozone/integration-test/target/test-dir/MiniOzoneClusterImpl-030730bd-5c5c-4c00-b8c2-b15b15404b1a/datanode-5/data-0/containers/hdds
2021-01-10 09:03:27,954 [Thread-821] INFO  ozoneimpl.ContainerReader (ContainerReader.java:readVolume(148)) - Finish verifying containers on volume /github/workspace/mnt/ozone/hadoop-ozone/integration-test/target/test-dir/MiniOzoneClusterImpl-030730bd-5c5c-4c00-b8c2-b15b15404b1a/datanode-5/data-0/containers/hdds
2021-01-10 09:03:27,954 [Listener at 127.0.0.1/45243] INFO  ozoneimpl.OzoneContainer (OzoneContainer.java:buildContainerSet(206)) - Build ContainerSet costs 0s
2021-01-10 09:03:27,956 [Listener at 127.0.0.1/45243] INFO  server.RaftServer (ConfUtils.java:logGet(44)) - raft.rpc.type = GRPC (default)
2021-01-10 09:03:27,956 [Listener at 127.0.0.1/45243] INFO  grpc.GrpcFactory (GrpcFactory.java:checkPooledByteBufAllocatorUseCacheForAllThreads(48)) - PERFORMANCE WARNING: useCacheForAllThreads is true that may cause Netty to create a lot garbage objects and, as a result, trigger GC.
	It is recommended to disable useCacheForAllThreads by setting -Dorg.apache.ratis.thirdparty.io.netty.allocator.useCacheForAllThreads=false in command line.
2021-01-10 09:03:27,956 [Listener at 127.0.0.1/45243] INFO  grpc.GrpcConfigKeys (ConfUtils.java:logGet(44)) - raft.grpc.server.port = 0 (default)
2021-01-10 09:03:27,956 [Listener at 127.0.0.1/45243] INFO  server.GrpcService (ConfUtils.java:logGet(44)) - raft.grpc.message.size.max = 32MB (=33554432) (custom)
2021-01-10 09:03:27,956 [Listener at 127.0.0.1/45243] INFO  server.RaftServerConfigKeys (ConfUtils.java:logGet(44)) - raft.server.log.appender.buffer.byte-limit = 33554432 (custom)
2021-01-10 09:03:27,956 [Listener at 127.0.0.1/45243] INFO  server.GrpcService (ConfUtils.java:logGet(44)) - raft.grpc.flow.control.window = 5MB (=5242880) (custom)
2021-01-10 09:03:27,957 [Listener at 127.0.0.1/45243] INFO  server.RaftServerConfigKeys (ConfUtils.java:logGet(44)) - raft.server.rpc.request.timeout = 60s (custom)
2021-01-10 09:03:27,957 [Listener at 127.0.0.1/45243] INFO  impl.DataStreamServerImpl (ConfUtils.java:logGet(44)) - raft.datastream.type = DISABLED (default)
2021-01-10 09:03:27,958 [Listener at 127.0.0.1/45243] INFO  server.RaftServerConfigKeys (ConfUtils.java:logGet(44)) - raft.server.rpc.slowness.timeout = 300s (custom)
2021-01-10 09:03:27,958 [Listener at 127.0.0.1/45243] INFO  server.RaftServerConfigKeys (ConfUtils.java:logGet(44)) - raft.server.leaderelection.leader.step-down.wait-time = 10s (default)
2021-01-10 09:03:27,958 [Listener at 127.0.0.1/45243] INFO  server.RaftServerConfigKeys (ConfUtils.java:logGet(44)) - raft.server.storage.dir = [/github/workspace/mnt/ozone/hadoop-ozone/integration-test/target/test-dir/MiniOzoneClusterImpl-030730bd-5c5c-4c00-b8c2-b15b15404b1a/datanode-5/data/ratis] (custom)
2021-01-10 09:03:27,962 [Listener at 127.0.0.1/45243] INFO  http.BaseHttpServer (BaseHttpServer.java:newHttpServer2BuilderForOzone(207)) - Starting Web-server for hddsDatanode at: http://0.0.0.0:0
2021-01-10 09:03:27,962 [Listener at 127.0.0.1/45243] INFO  http.BaseHttpServer (BaseHttpServer.java:<init>(106)) - Hadoop Security Enabled: false Ozone Security Enabled: false Ozone HTTP Security Enabled: false 
2021-01-10 09:03:27,963 [Listener at 127.0.0.1/45243] INFO  server.AuthenticationFilter (AuthenticationFilter.java:constructSecretProvider(240)) - Unable to initialize FileSignerSecretProvider, falling back to use random secrets.
2021-01-10 09:03:27,964 [Listener at 127.0.0.1/45243] WARN  http.HttpRequestLog (HttpRequestLog.java:getRequestLog(103)) - Jetty request log can only be enabled using Log4j
2021-01-10 09:03:27,964 [Listener at 127.0.0.1/45243] INFO  http.HttpServer2 (HttpServer2.java:addGlobalFilter(1020)) - Added global filter 'safety' (class=org.apache.hadoop.hdds.server.http.HttpServer2$QuotingInputFilter)
2021-01-10 09:03:27,965 [Listener at 127.0.0.1/45243] INFO  http.HttpServer2 (HttpServer2.java:addFilter(996)) - Added filter static_user_filter (class=org.apache.hadoop.http.lib.StaticUserWebFilter$StaticUserFilter) to context hddsDatanode
2021-01-10 09:03:27,965 [Listener at 127.0.0.1/45243] INFO  http.HttpServer2 (HttpServer2.java:addFilter(1004)) - Added filter static_user_filter (class=org.apache.hadoop.http.lib.StaticUserWebFilter$StaticUserFilter) to context logs
2021-01-10 09:03:27,965 [Listener at 127.0.0.1/45243] INFO  http.HttpServer2 (HttpServer2.java:addFilter(1004)) - Added filter static_user_filter (class=org.apache.hadoop.http.lib.StaticUserWebFilter$StaticUserFilter) to context static
2021-01-10 09:03:27,965 [Listener at 127.0.0.1/45243] INFO  http.HttpServer2 (HttpServer2.java:bindListener(1238)) - Jetty bound to port 38541
2021-01-10 09:03:27,966 [Listener at 127.0.0.1/45243] INFO  server.Server (Server.java:doStart(375)) - jetty-9.4.34.v20201102; built: 2020-11-02T14:15:39.302Z; git: e46af88704a893fc12cb0e3bf46e2c7b48a009e7; jvm 1.8.0_232-b09
2021-01-10 09:03:27,967 [Listener at 127.0.0.1/45243] INFO  server.session (DefaultSessionIdManager.java:doStart(334)) - DefaultSessionIdManager workerName=node0
2021-01-10 09:03:27,967 [Listener at 127.0.0.1/45243] INFO  server.session (DefaultSessionIdManager.java:doStart(339)) - No SessionScavenger set, using defaults
2021-01-10 09:03:27,967 [Listener at 127.0.0.1/45243] INFO  server.session (HouseKeeper.java:startScavenging(132)) - node0 Scavenging every 600000ms
2021-01-10 09:03:27,968 [Listener at 127.0.0.1/45243] INFO  handler.ContextHandler (ContextHandler.java:doStart(916)) - Started o.e.j.s.ServletContextHandler@1aa5972e{logs,/logs,file:///github/workspace/mnt/ozone/hadoop-ozone/integration-test/target/log,AVAILABLE}
2021-01-10 09:03:27,968 [Listener at 127.0.0.1/45243] INFO  handler.ContextHandler (ContextHandler.java:doStart(916)) - Started o.e.j.s.ServletContextHandler@47f4d61{static,/static,jar:file:/home/user/.m2/repository/org/apache/hadoop/hadoop-hdds-container-service/1.1.0-SNAPSHOT/hadoop-hdds-container-service-1.1.0-SNAPSHOT.jar!/webapps/static,AVAILABLE}
2021-01-10 09:03:28,124 [Listener at 127.0.0.1/45243] INFO  handler.ContextHandler (ContextHandler.java:doStart(916)) - Started o.e.j.w.WebAppContext@12d658c0{hddsDatanode,/,file:///tmp/jetty-0_0_0_0-38541-hadoop-hdds-container-service-1_1_0-SNAPSHOT_jar-_-any-3974969332594498413/webapp/,AVAILABLE}{jar:file:/home/user/.m2/repository/org/apache/hadoop/hadoop-hdds-container-service/1.1.0-SNAPSHOT/hadoop-hdds-container-service-1.1.0-SNAPSHOT.jar!/webapps/hddsDatanode}
2021-01-10 09:03:28,126 [Listener at 127.0.0.1/45243] INFO  server.AbstractConnector (AbstractConnector.java:doStart(331)) - Started ServerConnector@39b3de87{HTTP/1.1, (http/1.1)}{0.0.0.0:38541}
2021-01-10 09:03:28,126 [Listener at 127.0.0.1/45243] INFO  server.Server (Server.java:doStart(415)) - Started @107159ms
2021-01-10 09:03:28,126 [Listener at 127.0.0.1/45243] WARN  impl.MetricsSystemImpl (MetricsSystemImpl.java:register(276)) - Sink prometheus already exists!
2021-01-10 09:03:28,129 [Listener at 127.0.0.1/45243] INFO  http.BaseHttpServer (BaseHttpServer.java:updateConnectorAddress(327)) - HTTP server of hddsDatanode listening at http://0.0.0.0:38541
2021-01-10 09:03:28,131 [Listener at 127.0.0.1/45243] INFO  ozone.MiniOzoneClusterImpl (MiniOzoneClusterImpl.java:lambda$waitForClusterToBeReady$0(179)) - Waiting for nodes to be ready. Got 4 of 6 DN Heartbeats.
2021-01-10 09:03:28,131 [Listener at 127.0.0.1/45243] INFO  ozone.MiniOzoneClusterImpl (MiniOzoneClusterImpl.java:lambda$waitForClusterToBeReady$0(182)) - Waiting for cluster to exit safe mode
2021-01-10 09:03:28,135 [org.apache.hadoop.util.JvmPauseMonitor$Monitor@67d838e3] INFO  util.JvmPauseMonitor (JvmPauseMonitor.java:run(188)) - Starting JVM pause monitor
2021-01-10 09:03:28,136 [Datanode State Machine Task Thread - 0] INFO  datanode.InitDatanodeState (InitDatanodeState.java:persistContainerDatanodeDetails(145)) - DatanodeDetails is persisted to /github/workspace/mnt/ozone/hadoop-ozone/integration-test/target/test-dir/MiniOzoneClusterImpl-030730bd-5c5c-4c00-b8c2-b15b15404b1a/datanode-5/meta/datanode.id
2021-01-10 09:03:28,346 [EventQueue-PipelineReportForOneReplicaPipelineSafeModeRule] INFO  safemode.SCMSafeModeManager (SCMSafeModeManager.java:validateSafeModeExitRules(214)) - AtleastOneDatanodeReportedRule rule is successfully validated
2021-01-10 09:03:28,346 [EventQueue-OpenPipelineForHealthyPipelineSafeModeRule] INFO  safemode.SCMSafeModeManager (HealthyPipelineSafeModeRule.java:process(128)) - SCM in safe mode. Healthy pipelines reported count is 0, required healthy pipeline reported count is 1
2021-01-10 09:03:28,357 [Thread-799] INFO  impl.FollowerState (FollowerState.java:run(133)) - c4191e53-aaca-4d42-9f72-dc45ebf47022@group-61EC49544C04-FollowerState: change to CANDIDATE, lastRpcElapsedTime:5000979996ns, electionTimeout:5000ms
2021-01-10 09:03:28,357 [Thread-799] INFO  impl.RoleInfo (RoleInfo.java:shutdownFollowerState(108)) - c4191e53-aaca-4d42-9f72-dc45ebf47022: shutdown c4191e53-aaca-4d42-9f72-dc45ebf47022@group-61EC49544C04-FollowerState
2021-01-10 09:03:28,357 [Thread-799] INFO  server.RaftServer$Division (RaftServerImpl.java:setRole(283)) - c4191e53-aaca-4d42-9f72-dc45ebf47022@group-61EC49544C04: changes role from  FOLLOWER to CANDIDATE at term 0 for changeToCandidate
2021-01-10 09:03:28,358 [Thread-799] INFO  impl.RoleInfo (RoleInfo.java:updateAndGet(130)) - c4191e53-aaca-4d42-9f72-dc45ebf47022: start c4191e53-aaca-4d42-9f72-dc45ebf47022@group-61EC49544C04-LeaderElection12
2021-01-10 09:03:28,360 [c4191e53-aaca-4d42-9f72-dc45ebf47022@group-61EC49544C04-LeaderElection12] INFO  impl.LeaderElection (LeaderElection.java:askForPreVotes(259)) - c4191e53-aaca-4d42-9f72-dc45ebf47022@group-61EC49544C04-LeaderElection12: begin a pre-vote at term 0 for -1: [d99ff0d5-fc69-4ace-aa4c-ce8a85641abd|rpc:172.17.0.2:46021|priority:1, 639a72ac-1b67-44d2-8fbe-212b735275e2|rpc:172.17.0.2:45651|priority:0, c4191e53-aaca-4d42-9f72-dc45ebf47022|rpc:172.17.0.2:35859|priority:0], old=null
2021-01-10 09:03:28,377 [grpc-default-executor-1] INFO  server.RaftServer$Division (RaftServerImpl.java:requestPreVote(1060)) - d99ff0d5-fc69-4ace-aa4c-ce8a85641abd@group-61EC49544C04: receive preVote(c4191e53-aaca-4d42-9f72-dc45ebf47022, group-61EC49544C04, 0, (t:0, i:0))
2021-01-10 09:03:28,378 [grpc-default-executor-1] INFO  server.RaftServer$Division (RaftServerImpl.java:requestPreVote(1083)) - d99ff0d5-fc69-4ace-aa4c-ce8a85641abd@group-61EC49544C04 role: FOLLOWER reject pre-vote from:c4191e53-aaca-4d42-9f72-dc45ebf47022 because compare:0 isCurrentLeaderValid:false
2021-01-10 09:03:28,378 [grpc-default-executor-1] INFO  server.RaftServer$Division (RaftServerImpl.java:requestPreVote(1099)) - d99ff0d5-fc69-4ace-aa4c-ce8a85641abd@group-61EC49544C04 replies to pre-vote request: c4191e53-aaca-4d42-9f72-dc45ebf47022<-d99ff0d5-fc69-4ace-aa4c-ce8a85641abd#0:FAIL-t0. Peer's state: d99ff0d5-fc69-4ace-aa4c-ce8a85641abd@group-61EC49544C04:t0, leader=null, voted=, raftlog=d99ff0d5-fc69-4ace-aa4c-ce8a85641abd@group-61EC49544C04-SegmentedRaftLog:OPENED:c-1,f-1,i0, conf=-1: [d99ff0d5-fc69-4ace-aa4c-ce8a85641abd|rpc:172.17.0.2:46021|dataStream:|priority:1, 639a72ac-1b67-44d2-8fbe-212b735275e2|rpc:172.17.0.2:45651|dataStream:|priority:0, c4191e53-aaca-4d42-9f72-dc45ebf47022|rpc:172.17.0.2:35859|dataStream:|priority:0], old=null
2021-01-10 09:03:28,380 [c4191e53-aaca-4d42-9f72-dc45ebf47022@group-61EC49544C04-LeaderElection12] INFO  impl.LeaderElection (LeaderElection.java:logAndReturn(68)) - c4191e53-aaca-4d42-9f72-dc45ebf47022@group-61EC49544C04-LeaderElection12: Pre-vote  REJECTED received 1 response(s):[c4191e53-aaca-4d42-9f72-dc45ebf47022<-d99ff0d5-fc69-4ace-aa4c-ce8a85641abd#0:FAIL-t0]
2021-01-10 09:03:28,380 [c4191e53-aaca-4d42-9f72-dc45ebf47022@group-61EC49544C04-LeaderElection12] INFO  impl.LeaderElection (LeaderElection.java:askForPreVotes(261)) - c4191e53-aaca-4d42-9f72-dc45ebf47022@group-61EC49544C04-LeaderElection12 pre-vote result is REJECTED.
2021-01-10 09:03:28,380 [c4191e53-aaca-4d42-9f72-dc45ebf47022@group-61EC49544C04-LeaderElection12] INFO  server.RaftServer$Division (RaftServerImpl.java:setRole(283)) - c4191e53-aaca-4d42-9f72-dc45ebf47022@group-61EC49544C04: changes role from CANDIDATE to FOLLOWER at term 0 for REJECTED
2021-01-10 09:03:28,380 [c4191e53-aaca-4d42-9f72-dc45ebf47022@group-61EC49544C04-LeaderElection12] INFO  impl.RoleInfo (RoleInfo.java:shutdownLeaderElection(121)) - c4191e53-aaca-4d42-9f72-dc45ebf47022: shutdown c4191e53-aaca-4d42-9f72-dc45ebf47022@group-61EC49544C04-LeaderElection12
2021-01-10 09:03:28,380 [c4191e53-aaca-4d42-9f72-dc45ebf47022@group-61EC49544C04-LeaderElection12] INFO  impl.RoleInfo (RoleInfo.java:updateAndGet(130)) - c4191e53-aaca-4d42-9f72-dc45ebf47022: start c4191e53-aaca-4d42-9f72-dc45ebf47022@group-61EC49544C04-FollowerState
2021-01-10 09:03:28,382 [grpc-default-executor-1] INFO  server.RaftServer$Division (RaftServerImpl.java:requestPreVote(1060)) - 639a72ac-1b67-44d2-8fbe-212b735275e2@group-61EC49544C04: receive preVote(c4191e53-aaca-4d42-9f72-dc45ebf47022, group-61EC49544C04, 0, (t:0, i:0))
2021-01-10 09:03:28,383 [grpc-default-executor-1] INFO  server.RaftServer$Division (RaftServerImpl.java:requestPreVote(1081)) - 639a72ac-1b67-44d2-8fbe-212b735275e2@group-61EC49544C04 role: FOLLOWER allow pre-vote from:c4191e53-aaca-4d42-9f72-dc45ebf47022
2021-01-10 09:03:28,383 [grpc-default-executor-1] INFO  server.RaftServer$Division (RaftServerImpl.java:requestPreVote(1099)) - 639a72ac-1b67-44d2-8fbe-212b735275e2@group-61EC49544C04 replies to pre-vote request: c4191e53-aaca-4d42-9f72-dc45ebf47022<-639a72ac-1b67-44d2-8fbe-212b735275e2#0:OK-t0. Peer's state: 639a72ac-1b67-44d2-8fbe-212b735275e2@group-61EC49544C04:t0, leader=null, voted=, raftlog=639a72ac-1b67-44d2-8fbe-212b735275e2@group-61EC49544C04-SegmentedRaftLog:OPENED:c-1,f-1,i0, conf=-1: [d99ff0d5-fc69-4ace-aa4c-ce8a85641abd|rpc:172.17.0.2:46021|dataStream:|priority:1, 639a72ac-1b67-44d2-8fbe-212b735275e2|rpc:172.17.0.2:45651|dataStream:|priority:0, c4191e53-aaca-4d42-9f72-dc45ebf47022|rpc:172.17.0.2:35859|dataStream:|priority:0], old=null
2021-01-10 09:03:28,403 [EventQueue-PipelineReportForOneReplicaPipelineSafeModeRule] INFO  safemode.SCMSafeModeManager (SCMSafeModeManager.java:validateSafeModeExitRules(214)) - AtleastOneDatanodeReportedRule rule is successfully validated
2021-01-10 09:03:28,403 [EventQueue-OpenPipelineForHealthyPipelineSafeModeRule] INFO  safemode.SCMSafeModeManager (HealthyPipelineSafeModeRule.java:process(128)) - SCM in safe mode. Healthy pipelines reported count is 0, required healthy pipeline reported count is 1
2021-01-10 09:03:28,424 [Thread-801] INFO  impl.FollowerState (FollowerState.java:run(133)) - d99ff0d5-fc69-4ace-aa4c-ce8a85641abd@group-61EC49544C04-FollowerState: change to CANDIDATE, lastRpcElapsedTime:5038552988ns, electionTimeout:5037ms
2021-01-10 09:03:28,424 [Thread-801] INFO  impl.RoleInfo (RoleInfo.java:shutdownFollowerState(108)) - d99ff0d5-fc69-4ace-aa4c-ce8a85641abd: shutdown d99ff0d5-fc69-4ace-aa4c-ce8a85641abd@group-61EC49544C04-FollowerState
2021-01-10 09:03:28,424 [Thread-801] INFO  server.RaftServer$Division (RaftServerImpl.java:setRole(283)) - d99ff0d5-fc69-4ace-aa4c-ce8a85641abd@group-61EC49544C04: changes role from  FOLLOWER to CANDIDATE at term 0 for changeToCandidate
2021-01-10 09:03:28,424 [Thread-801] INFO  impl.RoleInfo (RoleInfo.java:updateAndGet(130)) - d99ff0d5-fc69-4ace-aa4c-ce8a85641abd: start d99ff0d5-fc69-4ace-aa4c-ce8a85641abd@group-61EC49544C04-LeaderElection13
2021-01-10 09:03:28,426 [d99ff0d5-fc69-4ace-aa4c-ce8a85641abd@group-61EC49544C04-LeaderElection13] INFO  impl.LeaderElection (LeaderElection.java:askForPreVotes(259)) - d99ff0d5-fc69-4ace-aa4c-ce8a85641abd@group-61EC49544C04-LeaderElection13: begin a pre-vote at term 0 for -1: [d99ff0d5-fc69-4ace-aa4c-ce8a85641abd|rpc:172.17.0.2:46021|dataStream:|priority:1, 639a72ac-1b67-44d2-8fbe-212b735275e2|rpc:172.17.0.2:45651|dataStream:|priority:0, c4191e53-aaca-4d42-9f72-dc45ebf47022|rpc:172.17.0.2:35859|dataStream:|priority:0], old=null
2021-01-10 09:03:28,435 [grpc-default-executor-1] INFO  server.RaftServer$Division (RaftServerImpl.java:requestPreVote(1060)) - 639a72ac-1b67-44d2-8fbe-212b735275e2@group-61EC49544C04: receive preVote(d99ff0d5-fc69-4ace-aa4c-ce8a85641abd, group-61EC49544C04, 0, (t:0, i:0))
2021-01-10 09:03:28,435 [grpc-default-executor-1] INFO  server.RaftServer$Division (RaftServerImpl.java:requestPreVote(1081)) - 639a72ac-1b67-44d2-8fbe-212b735275e2@group-61EC49544C04 role: FOLLOWER allow pre-vote from:d99ff0d5-fc69-4ace-aa4c-ce8a85641abd
2021-01-10 09:03:28,435 [grpc-default-executor-1] INFO  server.RaftServer$Division (RaftServerImpl.java:requestPreVote(1099)) - 639a72ac-1b67-44d2-8fbe-212b735275e2@group-61EC49544C04 replies to pre-vote request: d99ff0d5-fc69-4ace-aa4c-ce8a85641abd<-639a72ac-1b67-44d2-8fbe-212b735275e2#0:OK-t0. Peer's state: 639a72ac-1b67-44d2-8fbe-212b735275e2@group-61EC49544C04:t0, leader=null, voted=, raftlog=639a72ac-1b67-44d2-8fbe-212b735275e2@group-61EC49544C04-SegmentedRaftLog:OPENED:c-1,f-1,i0, conf=-1: [d99ff0d5-fc69-4ace-aa4c-ce8a85641abd|rpc:172.17.0.2:46021|dataStream:|priority:1, 639a72ac-1b67-44d2-8fbe-212b735275e2|rpc:172.17.0.2:45651|dataStream:|priority:0, c4191e53-aaca-4d42-9f72-dc45ebf47022|rpc:172.17.0.2:35859|dataStream:|priority:0], old=null
2021-01-10 09:03:28,438 [grpc-default-executor-1] INFO  metrics.RatisMetrics (RatisMetrics.java:lambda$create$0(36)) - Creating Metrics Registry : ratis.server_message_metrics.c4191e53-aaca-4d42-9f72-dc45ebf47022
2021-01-10 09:03:28,441 [grpc-default-executor-1] INFO  server.RaftServer$Division (RaftServerImpl.java:requestPreVote(1060)) - c4191e53-aaca-4d42-9f72-dc45ebf47022@group-61EC49544C04: receive preVote(d99ff0d5-fc69-4ace-aa4c-ce8a85641abd, group-61EC49544C04, 0, (t:0, i:0))
2021-01-10 09:03:28,442 [grpc-default-executor-1] INFO  server.RaftServer$Division (RaftServerImpl.java:requestPreVote(1081)) - c4191e53-aaca-4d42-9f72-dc45ebf47022@group-61EC49544C04 role: FOLLOWER allow pre-vote from:d99ff0d5-fc69-4ace-aa4c-ce8a85641abd
2021-01-10 09:03:28,442 [grpc-default-executor-1] INFO  server.RaftServer$Division (RaftServerImpl.java:requestPreVote(1099)) - c4191e53-aaca-4d42-9f72-dc45ebf47022@group-61EC49544C04 replies to pre-vote request: d99ff0d5-fc69-4ace-aa4c-ce8a85641abd<-c4191e53-aaca-4d42-9f72-dc45ebf47022#0:OK-t0. Peer's state: c4191e53-aaca-4d42-9f72-dc45ebf47022@group-61EC49544C04:t0, leader=null, voted=, raftlog=c4191e53-aaca-4d42-9f72-dc45ebf47022@group-61EC49544C04-SegmentedRaftLog:OPENED:c-1,f-1,i0, conf=-1: [d99ff0d5-fc69-4ace-aa4c-ce8a85641abd|rpc:172.17.0.2:46021|priority:1, 639a72ac-1b67-44d2-8fbe-212b735275e2|rpc:172.17.0.2:45651|priority:0, c4191e53-aaca-4d42-9f72-dc45ebf47022|rpc:172.17.0.2:35859|priority:0], old=null
2021-01-10 09:03:28,445 [d99ff0d5-fc69-4ace-aa4c-ce8a85641abd@group-61EC49544C04-LeaderElection13] INFO  impl.LeaderElection (LeaderElection.java:logAndReturn(68)) - d99ff0d5-fc69-4ace-aa4c-ce8a85641abd@group-61EC49544C04-LeaderElection13: Pre-vote  PASSED received 1 response(s):[d99ff0d5-fc69-4ace-aa4c-ce8a85641abd<-c4191e53-aaca-4d42-9f72-dc45ebf47022#0:OK-t0]
2021-01-10 09:03:28,446 [d99ff0d5-fc69-4ace-aa4c-ce8a85641abd@group-61EC49544C04-LeaderElection13] INFO  impl.LeaderElection (LeaderElection.java:askForPreVotes(261)) - d99ff0d5-fc69-4ace-aa4c-ce8a85641abd@group-61EC49544C04-LeaderElection13 pre-vote result is PASSED.
2021-01-10 09:03:28,447 [d99ff0d5-fc69-4ace-aa4c-ce8a85641abd@group-61EC49544C04-LeaderElection13] INFO  impl.LeaderElection (LeaderElection.java:askForVotes(308)) - d99ff0d5-fc69-4ace-aa4c-ce8a85641abd@group-61EC49544C04-LeaderElection13: begin an election at term 1 for -1: [d99ff0d5-fc69-4ace-aa4c-ce8a85641abd|rpc:172.17.0.2:46021|dataStream:|priority:1, 639a72ac-1b67-44d2-8fbe-212b735275e2|rpc:172.17.0.2:45651|dataStream:|priority:0, c4191e53-aaca-4d42-9f72-dc45ebf47022|rpc:172.17.0.2:35859|dataStream:|priority:0], old=null
2021-01-10 09:03:28,455 [grpc-default-executor-1] INFO  server.RaftServer$Division (RaftServerImpl.java:setRole(283)) - c4191e53-aaca-4d42-9f72-dc45ebf47022@group-61EC49544C04: changes role from  FOLLOWER to FOLLOWER at term 1 for recognizeCandidate:d99ff0d5-fc69-4ace-aa4c-ce8a85641abd
2021-01-10 09:03:28,455 [grpc-default-executor-1] INFO  impl.RoleInfo (RoleInfo.java:shutdownFollowerState(108)) - c4191e53-aaca-4d42-9f72-dc45ebf47022: shutdown c4191e53-aaca-4d42-9f72-dc45ebf47022@group-61EC49544C04-FollowerState
2021-01-10 09:03:28,456 [grpc-default-executor-1] INFO  impl.RoleInfo (RoleInfo.java:updateAndGet(130)) - c4191e53-aaca-4d42-9f72-dc45ebf47022: start c4191e53-aaca-4d42-9f72-dc45ebf47022@group-61EC49544C04-FollowerState
2021-01-10 09:03:28,456 [Thread-835] INFO  impl.FollowerState (FollowerState.java:run(142)) - c4191e53-aaca-4d42-9f72-dc45ebf47022@group-61EC49544C04-FollowerState was interrupted: {}
java.lang.InterruptedException: sleep interrupted
	at java.lang.Thread.sleep(Native Method)
	at java.lang.Thread.sleep(Thread.java:340)
	at java.util.concurrent.TimeUnit.sleep(TimeUnit.java:386)
	at org.apache.ratis.util.TimeDuration.sleep(TimeDuration.java:324)
	at org.apache.ratis.util.TimeDuration.sleep(TimeDuration.java:309)
	at org.apache.ratis.server.impl.FollowerState.run(FollowerState.java:117)
2021-01-10 09:03:28,459 [grpc-default-executor-1] INFO  server.RaftServer$Division (RaftServerImpl.java:requestVote(1137)) -  FOLLOWER c4191e53-aaca-4d42-9f72-dc45ebf47022@group-61EC49544C04:t1, leader=null, voted=null, raftlog=c4191e53-aaca-4d42-9f72-dc45ebf47022@group-61EC49544C04-SegmentedRaftLog:OPENED:c-1,f-1,i0, conf=-1: [d99ff0d5-fc69-4ace-aa4c-ce8a85641abd|rpc:172.17.0.2:46021|priority:1, 639a72ac-1b67-44d2-8fbe-212b735275e2|rpc:172.17.0.2:45651|priority:0, c4191e53-aaca-4d42-9f72-dc45ebf47022|rpc:172.17.0.2:35859|priority:0], old=null RUNNING priority:0 candidate:d99ff0d5-fc69-4ace-aa4c-ce8a85641abd|rpc:172.17.0.2:46021|priority:1 candidatePriority:1 compare:0
2021-01-10 09:03:28,463 [grpc-default-executor-4] INFO  server.RaftServer$Division (RaftServerImpl.java:setRole(283)) - 639a72ac-1b67-44d2-8fbe-212b735275e2@group-61EC49544C04: changes role from  FOLLOWER to FOLLOWER at term 1 for recognizeCandidate:d99ff0d5-fc69-4ace-aa4c-ce8a85641abd
2021-01-10 09:03:28,464 [grpc-default-executor-4] INFO  impl.RoleInfo (RoleInfo.java:shutdownFollowerState(108)) - 639a72ac-1b67-44d2-8fbe-212b735275e2: shutdown 639a72ac-1b67-44d2-8fbe-212b735275e2@group-61EC49544C04-FollowerState
2021-01-10 09:03:28,464 [grpc-default-executor-4] INFO  impl.RoleInfo (RoleInfo.java:updateAndGet(130)) - 639a72ac-1b67-44d2-8fbe-212b735275e2: start 639a72ac-1b67-44d2-8fbe-212b735275e2@group-61EC49544C04-FollowerState
2021-01-10 09:03:28,465 [Thread-804] INFO  impl.FollowerState (FollowerState.java:run(142)) - 639a72ac-1b67-44d2-8fbe-212b735275e2@group-61EC49544C04-FollowerState was interrupted: {}
java.lang.InterruptedException: sleep interrupted
	at java.lang.Thread.sleep(Native Method)
	at java.lang.Thread.sleep(Thread.java:340)
	at java.util.concurrent.TimeUnit.sleep(TimeUnit.java:386)
	at org.apache.ratis.util.TimeDuration.sleep(TimeDuration.java:324)
	at org.apache.ratis.util.TimeDuration.sleep(TimeDuration.java:309)
	at org.apache.ratis.server.impl.FollowerState.run(FollowerState.java:117)
2021-01-10 09:03:28,465 [grpc-default-executor-4] INFO  server.RaftServer$Division (RaftServerImpl.java:requestVote(1137)) -  FOLLOWER 639a72ac-1b67-44d2-8fbe-212b735275e2@group-61EC49544C04:t1, leader=null, voted=null, raftlog=639a72ac-1b67-44d2-8fbe-212b735275e2@group-61EC49544C04-SegmentedRaftLog:OPENED:c-1,f-1,i0, conf=-1: [d99ff0d5-fc69-4ace-aa4c-ce8a85641abd|rpc:172.17.0.2:46021|dataStream:|priority:1, 639a72ac-1b67-44d2-8fbe-212b735275e2|rpc:172.17.0.2:45651|dataStream:|priority:0, c4191e53-aaca-4d42-9f72-dc45ebf47022|rpc:172.17.0.2:35859|dataStream:|priority:0], old=null RUNNING priority:0 candidate:d99ff0d5-fc69-4ace-aa4c-ce8a85641abd|rpc:172.17.0.2:46021|dataStream:|priority:1 candidatePriority:1 compare:0
2021-01-10 09:03:28,473 [d99ff0d5-fc69-4ace-aa4c-ce8a85641abd@group-61EC49544C04-LeaderElection13] INFO  impl.LeaderElection (LeaderElection.java:logAndReturn(68)) - d99ff0d5-fc69-4ace-aa4c-ce8a85641abd@group-61EC49544C04-LeaderElection13: Election  PASSED received 1 response(s):[d99ff0d5-fc69-4ace-aa4c-ce8a85641abd<-639a72ac-1b67-44d2-8fbe-212b735275e2#0:OK-t1]
2021-01-10 09:03:28,473 [d99ff0d5-fc69-4ace-aa4c-ce8a85641abd@group-61EC49544C04-LeaderElection13] INFO  impl.RoleInfo (RoleInfo.java:shutdownLeaderElection(121)) - d99ff0d5-fc69-4ace-aa4c-ce8a85641abd: shutdown d99ff0d5-fc69-4ace-aa4c-ce8a85641abd@group-61EC49544C04-LeaderElection13
2021-01-10 09:03:28,473 [d99ff0d5-fc69-4ace-aa4c-ce8a85641abd@group-61EC49544C04-LeaderElection13] INFO  server.RaftServer$Division (RaftServerImpl.java:setRole(283)) - d99ff0d5-fc69-4ace-aa4c-ce8a85641abd@group-61EC49544C04: changes role from CANDIDATE to LEADER at term 1 for changeToLeader
2021-01-10 09:03:28,473 [d99ff0d5-fc69-4ace-aa4c-ce8a85641abd@group-61EC49544C04-LeaderElection13] INFO  ratis.XceiverServerRatis (XceiverServerRatis.java:handleLeaderChangedNotification(868)) - Leader change notification received for group: group-61EC49544C04 with new leaderId: d99ff0d5-fc69-4ace-aa4c-ce8a85641abd
2021-01-10 09:03:28,473 [d99ff0d5-fc69-4ace-aa4c-ce8a85641abd@group-61EC49544C04-LeaderElection13] INFO  server.RaftServer$Division (ServerState.java:setLeader(249)) - d99ff0d5-fc69-4ace-aa4c-ce8a85641abd@group-61EC49544C04: change Leader from null to d99ff0d5-fc69-4ace-aa4c-ce8a85641abd at term 1 for becomeLeader, leader elected after 5092ms
2021-01-10 09:03:28,474 [d99ff0d5-fc69-4ace-aa4c-ce8a85641abd@group-61EC49544C04-LeaderElection13] INFO  server.RaftServerConfigKeys (ConfUtils.java:logGet(44)) - raft.server.staging.catchup.gap = 1000 (default)
2021-01-10 09:03:28,474 [d99ff0d5-fc69-4ace-aa4c-ce8a85641abd@group-61EC49544C04-LeaderElection13] INFO  metrics.RatisMetrics (RatisMetrics.java:lambda$create$0(36)) - Creating Metrics Registry : ratis.log_appender.d99ff0d5-fc69-4ace-aa4c-ce8a85641abd@group-61EC49544C04
2021-01-10 09:03:28,474 [d99ff0d5-fc69-4ace-aa4c-ce8a85641abd@group-61EC49544C04-LeaderElection13] INFO  server.RaftServerConfigKeys (ConfUtils.java:logGet(44)) - raft.server.write.element-limit = 1024 (custom)
2021-01-10 09:03:28,474 [d99ff0d5-fc69-4ace-aa4c-ce8a85641abd@group-61EC49544C04-LeaderElection13] INFO  server.RaftServerConfigKeys (ConfUtils.java:logGet(44)) - raft.server.write.byte-limit = 1073741824 (custom)
2021-01-10 09:03:28,474 [d99ff0d5-fc69-4ace-aa4c-ce8a85641abd@group-61EC49544C04-LeaderElection13] INFO  server.RaftServerConfigKeys (ConfUtils.java:logGet(44)) - raft.server.watch.timeout = 180s (custom)
2021-01-10 09:03:28,474 [d99ff0d5-fc69-4ace-aa4c-ce8a85641abd@group-61EC49544C04-LeaderElection13] INFO  server.RaftServerConfigKeys (ConfUtils.java:logGet(44)) - raft.server.watch.timeout.denomination = 1s (default)
2021-01-10 09:03:28,474 [d99ff0d5-fc69-4ace-aa4c-ce8a85641abd@group-61EC49544C04-LeaderElection13] INFO  server.RaftServerConfigKeys (ConfUtils.java:logGet(44)) - raft.server.watch.element-limit = 65536 (default)
2021-01-10 09:03:28,474 [d99ff0d5-fc69-4ace-aa4c-ce8a85641abd@group-61EC49544C04-LeaderElection13] INFO  server.RaftServerConfigKeys (ConfUtils.java:logGet(44)) - raft.server.log.appender.snapshot.chunk.size.max = 16MB (=16777216) (default)
2021-01-10 09:03:28,475 [d99ff0d5-fc69-4ace-aa4c-ce8a85641abd@group-61EC49544C04-LeaderElection13] INFO  server.RaftServerConfigKeys (ConfUtils.java:logGet(44)) - raft.server.log.appender.buffer.byte-limit = 33554432 (custom)
2021-01-10 09:03:28,475 [d99ff0d5-fc69-4ace-aa4c-ce8a85641abd@group-61EC49544C04-LeaderElection13] INFO  server.RaftServerConfigKeys (ConfUtils.java:logGet(44)) - raft.server.log.appender.buffer.element-limit = 1 (custom)
2021-01-10 09:03:28,475 [d99ff0d5-fc69-4ace-aa4c-ce8a85641abd@group-61EC49544C04-LeaderElection13] INFO  grpc.GrpcConfigKeys (ConfUtils.java:logGet(44)) - raft.grpc.server.leader.outstanding.appends.max = 128 (default)
2021-01-10 09:03:28,475 [d99ff0d5-fc69-4ace-aa4c-ce8a85641abd@group-61EC49544C04-LeaderElection13] INFO  server.RaftServerConfigKeys (ConfUtils.java:logGet(44)) - raft.server.rpc.request.timeout = 60s (custom)
2021-01-10 09:03:28,475 [d99ff0d5-fc69-4ace-aa4c-ce8a85641abd@group-61EC49544C04-LeaderElection13] INFO  server.RaftServerConfigKeys (ConfUtils.java:logGet(44)) - raft.server.log.appender.install.snapshot.enabled = false (custom)
2021-01-10 09:03:28,475 [d99ff0d5-fc69-4ace-aa4c-ce8a85641abd@group-61EC49544C04-LeaderElection13] INFO  metrics.RatisMetrics (RatisMetrics.java:lambda$create$0(36)) - Creating Metrics Registry : ratis_grpc.log_appender.d99ff0d5-fc69-4ace-aa4c-ce8a85641abd@group-61EC49544C04
2021-01-10 09:03:28,477 [EventQueue-PipelineReportForOneReplicaPipelineSafeModeRule] INFO  safemode.SCMSafeModeManager (SCMSafeModeManager.java:validateSafeModeExitRules(214)) - AtleastOneDatanodeReportedRule rule is successfully validated
2021-01-10 09:03:28,477 [d99ff0d5-fc69-4ace-aa4c-ce8a85641abd@group-61EC49544C04-LeaderElection13] INFO  server.RaftServerConfigKeys (ConfUtils.java:logGet(44)) - raft.server.log.appender.snapshot.chunk.size.max = 16MB (=16777216) (default)
2021-01-10 09:03:28,477 [EventQueue-PipelineReportForPipelineReportHandler] INFO  pipeline.PipelineStateManager (PipelineStateManager.java:openPipeline(132)) - Pipeline Pipeline[ Id: b9f8cb9a-d08f-46fe-a23d-61ec49544c04, Nodes: d99ff0d5-fc69-4ace-aa4c-ce8a85641abd{ip: 172.17.0.2, host: 84bc77fe8d45, networkLocation: /default-rack, certSerialId: null, persistedOpState: IN_SERVICE, persistedOpStateExpiryEpochSec: 0}c4191e53-aaca-4d42-9f72-dc45ebf47022{ip: 172.17.0.2, host: 84bc77fe8d45, networkLocation: /default-rack, certSerialId: null, persistedOpState: IN_SERVICE, persistedOpStateExpiryEpochSec: 0}639a72ac-1b67-44d2-8fbe-212b735275e2{ip: 172.17.0.2, host: 84bc77fe8d45, networkLocation: /default-rack, certSerialId: null, persistedOpState: IN_SERVICE, persistedOpStateExpiryEpochSec: 0}, Type:RATIS, Factor:THREE, State:ALLOCATED, leaderId:d99ff0d5-fc69-4ace-aa4c-ce8a85641abd, CreationTimestamp2021-01-10T09:03:21.499Z] moved to OPEN state
2021-01-10 09:03:28,481 [EventQueue-OpenPipelineForHealthyPipelineSafeModeRule] INFO  safemode.SCMSafeModeManager (HealthyPipelineSafeModeRule.java:process(128)) - SCM in safe mode. Healthy pipelines reported count is 1, required healthy pipeline reported count is 1
2021-01-10 09:03:28,481 [EventQueue-OpenPipelineForHealthyPipelineSafeModeRule] INFO  safemode.SCMSafeModeManager (SCMSafeModeManager.java:validateSafeModeExitRules(214)) - HealthyPipelineSafeModeRule rule is successfully validated
2021-01-10 09:03:28,481 [EventQueue-OpenPipelineForHealthyPipelineSafeModeRule] INFO  safemode.SCMSafeModeManager (SCMSafeModeManager.java:validateSafeModeExitRules(228)) - ScmSafeModeManager, all rules are successfully validated
2021-01-10 09:03:28,481 [EventQueue-OpenPipelineForHealthyPipelineSafeModeRule] INFO  safemode.SCMSafeModeManager (SCMSafeModeManager.java:exitSafeMode(257)) - SCM exiting safe mode.
2021-01-10 09:03:28,481 [d99ff0d5-fc69-4ace-aa4c-ce8a85641abd@group-61EC49544C04-LeaderElection13] INFO  server.RaftServerConfigKeys (ConfUtils.java:logGet(44)) - raft.server.log.appender.buffer.byte-limit = 33554432 (custom)
2021-01-10 09:03:28,482 [d99ff0d5-fc69-4ace-aa4c-ce8a85641abd@group-61EC49544C04-LeaderElection13] INFO  server.RaftServerConfigKeys (ConfUtils.java:logGet(44)) - raft.server.log.appender.buffer.element-limit = 1 (custom)
2021-01-10 09:03:28,482 [d99ff0d5-fc69-4ace-aa4c-ce8a85641abd@group-61EC49544C04-LeaderElection13] INFO  grpc.GrpcConfigKeys (ConfUtils.java:logGet(44)) - raft.grpc.server.leader.outstanding.appends.max = 128 (default)
2021-01-10 09:03:28,482 [d99ff0d5-fc69-4ace-aa4c-ce8a85641abd@group-61EC49544C04-LeaderElection13] INFO  server.RaftServerConfigKeys (ConfUtils.java:logGet(44)) - raft.server.rpc.request.timeout = 60s (custom)
2021-01-10 09:03:28,482 [d99ff0d5-fc69-4ace-aa4c-ce8a85641abd@group-61EC49544C04-LeaderElection13] INFO  server.RaftServerConfigKeys (ConfUtils.java:logGet(44)) - raft.server.log.appender.install.snapshot.enabled = false (custom)
2021-01-10 09:03:28,491 [d99ff0d5-fc69-4ace-aa4c-ce8a85641abd@group-61EC49544C04-LeaderElection13] INFO  impl.RoleInfo (RoleInfo.java:updateAndGet(130)) - d99ff0d5-fc69-4ace-aa4c-ce8a85641abd: start d99ff0d5-fc69-4ace-aa4c-ce8a85641abd@group-61EC49544C04-LeaderStateImpl
2021-01-10 09:03:28,491 [d99ff0d5-fc69-4ace-aa4c-ce8a85641abd@group-61EC49544C04-LeaderElection13] INFO  segmented.SegmentedRaftLogWorker (SegmentedRaftLogWorker.java:startLogSegment(392)) - d99ff0d5-fc69-4ace-aa4c-ce8a85641abd@group-61EC49544C04-SegmentedRaftLogWorker: Starting segment from index:0
2021-01-10 09:03:28,492 [d99ff0d5-fc69-4ace-aa4c-ce8a85641abd@group-61EC49544C04-SegmentedRaftLogWorker] INFO  segmented.SegmentedRaftLogWorker (SegmentedRaftLogWorker.java:execute(599)) - d99ff0d5-fc69-4ace-aa4c-ce8a85641abd@group-61EC49544C04-SegmentedRaftLogWorker: created new log segment /github/workspace/mnt/ozone/hadoop-ozone/integration-test/target/test-dir/MiniOzoneClusterImpl-030730bd-5c5c-4c00-b8c2-b15b15404b1a/datanode-2/data/ratis/b9f8cb9a-d08f-46fe-a23d-61ec49544c04/current/log_inprogress_0
2021-01-10 09:03:28,501 [grpc-default-executor-4] INFO  ratis.XceiverServerRatis (XceiverServerRatis.java:handleLeaderChangedNotification(868)) - Leader change notification received for group: group-61EC49544C04 with new leaderId: d99ff0d5-fc69-4ace-aa4c-ce8a85641abd
2021-01-10 09:03:28,501 [grpc-default-executor-4] INFO  server.RaftServer$Division (ServerState.java:setLeader(249)) - 639a72ac-1b67-44d2-8fbe-212b735275e2@group-61EC49544C04: change Leader from null to d99ff0d5-fc69-4ace-aa4c-ce8a85641abd at term 1 for appendEntries, leader elected after 5098ms
2021-01-10 09:03:28,502 [d99ff0d5-fc69-4ace-aa4c-ce8a85641abd@group-61EC49544C04-LeaderElection13] INFO  server.RaftServer$Division (ServerState.java:setRaftConf(368)) - d99ff0d5-fc69-4ace-aa4c-ce8a85641abd@group-61EC49544C04: set configuration 0: [d99ff0d5-fc69-4ace-aa4c-ce8a85641abd|rpc:172.17.0.2:46021|dataStream:|priority:1, 639a72ac-1b67-44d2-8fbe-212b735275e2|rpc:172.17.0.2:45651|dataStream:|priority:0, c4191e53-aaca-4d42-9f72-dc45ebf47022|rpc:172.17.0.2:35859|dataStream:|priority:0], old=null
2021-01-10 09:03:28,505 [grpc-default-executor-1] INFO  ratis.XceiverServerRatis (XceiverServerRatis.java:handleLeaderChangedNotification(868)) - Leader change notification received for group: group-61EC49544C04 with new leaderId: d99ff0d5-fc69-4ace-aa4c-ce8a85641abd
2021-01-10 09:03:28,505 [grpc-default-executor-1] INFO  server.RaftServer$Division (ServerState.java:setLeader(249)) - c4191e53-aaca-4d42-9f72-dc45ebf47022@group-61EC49544C04: change Leader from null to d99ff0d5-fc69-4ace-aa4c-ce8a85641abd at term 1 for appendEntries, leader elected after 5158ms
2021-01-10 09:03:28,510 [grpc-default-executor-4] INFO  server.RaftServer$Division (ServerState.java:setRaftConf(368)) - 639a72ac-1b67-44d2-8fbe-212b735275e2@group-61EC49544C04: set configuration 0: [d99ff0d5-fc69-4ace-aa4c-ce8a85641abd|rpc:172.17.0.2:46021|dataStream:|priority:1, 639a72ac-1b67-44d2-8fbe-212b735275e2|rpc:172.17.0.2:45651|dataStream:|priority:0, c4191e53-aaca-4d42-9f72-dc45ebf47022|rpc:172.17.0.2:35859|dataStream:|priority:0], old=null
2021-01-10 09:03:28,511 [grpc-default-executor-4] INFO  segmented.SegmentedRaftLogWorker (SegmentedRaftLogWorker.java:startLogSegment(392)) - 639a72ac-1b67-44d2-8fbe-212b735275e2@group-61EC49544C04-SegmentedRaftLogWorker: Starting segment from index:0
2021-01-10 09:03:28,514 [639a72ac-1b67-44d2-8fbe-212b735275e2@group-61EC49544C04-SegmentedRaftLogWorker] INFO  segmented.SegmentedRaftLogWorker (SegmentedRaftLogWorker.java:execute(599)) - 639a72ac-1b67-44d2-8fbe-212b735275e2@group-61EC49544C04-SegmentedRaftLogWorker: created new log segment /github/workspace/mnt/ozone/hadoop-ozone/integration-test/target/test-dir/MiniOzoneClusterImpl-030730bd-5c5c-4c00-b8c2-b15b15404b1a/datanode-0/data/ratis/b9f8cb9a-d08f-46fe-a23d-61ec49544c04/current/log_inprogress_0
2021-01-10 09:03:28,514 [grpc-default-executor-4] INFO  server.RaftServer$Division (ServerState.java:setRaftConf(368)) - c4191e53-aaca-4d42-9f72-dc45ebf47022@group-61EC49544C04: set configuration 0: [d99ff0d5-fc69-4ace-aa4c-ce8a85641abd|rpc:172.17.0.2:46021|dataStream:|priority:1, 639a72ac-1b67-44d2-8fbe-212b735275e2|rpc:172.17.0.2:45651|dataStream:|priority:0, c4191e53-aaca-4d42-9f72-dc45ebf47022|rpc:172.17.0.2:35859|dataStream:|priority:0], old=null
2021-01-10 09:03:28,514 [grpc-default-executor-4] INFO  segmented.SegmentedRaftLogWorker (SegmentedRaftLogWorker.java:startLogSegment(392)) - c4191e53-aaca-4d42-9f72-dc45ebf47022@group-61EC49544C04-SegmentedRaftLogWorker: Starting segment from index:0
2021-01-10 09:03:28,516 [c4191e53-aaca-4d42-9f72-dc45ebf47022@group-61EC49544C04-SegmentedRaftLogWorker] INFO  segmented.SegmentedRaftLogWorker (SegmentedRaftLogWorker.java:execute(599)) - c4191e53-aaca-4d42-9f72-dc45ebf47022@group-61EC49544C04-SegmentedRaftLogWorker: created new log segment /github/workspace/mnt/ozone/hadoop-ozone/integration-test/target/test-dir/MiniOzoneClusterImpl-030730bd-5c5c-4c00-b8c2-b15b15404b1a/datanode-1/data/ratis/b9f8cb9a-d08f-46fe-a23d-61ec49544c04/current/log_inprogress_0
2021-01-10 09:03:29,132 [Listener at 127.0.0.1/45243] INFO  ozone.MiniOzoneClusterImpl (MiniOzoneClusterImpl.java:lambda$waitForClusterToBeReady$0(179)) - Waiting for nodes to be ready. Got 4 of 6 DN Heartbeats.
2021-01-10 09:03:29,132 [Listener at 127.0.0.1/45243] INFO  ozone.MiniOzoneClusterImpl (MiniOzoneClusterImpl.java:lambda$waitForClusterToBeReady$0(182)) - Cluster exits safe mode
2021-01-10 09:03:29,628 [Thread-807] INFO  impl.FollowerState (FollowerState.java:run(133)) - d99ff0d5-fc69-4ace-aa4c-ce8a85641abd@group-50480F738A16-FollowerState: change to CANDIDATE, lastRpcElapsedTime:5116395497ns, electionTimeout:5116ms
2021-01-10 09:03:29,629 [Thread-807] INFO  impl.RoleInfo (RoleInfo.java:shutdownFollowerState(108)) - d99ff0d5-fc69-4ace-aa4c-ce8a85641abd: shutdown d99ff0d5-fc69-4ace-aa4c-ce8a85641abd@group-50480F738A16-FollowerState
2021-01-10 09:03:29,629 [Thread-807] INFO  server.RaftServer$Division (RaftServerImpl.java:setRole(283)) - d99ff0d5-fc69-4ace-aa4c-ce8a85641abd@group-50480F738A16: changes role from  FOLLOWER to CANDIDATE at term 0 for changeToCandidate
2021-01-10 09:03:29,629 [Thread-807] INFO  impl.RoleInfo (RoleInfo.java:updateAndGet(130)) - d99ff0d5-fc69-4ace-aa4c-ce8a85641abd: start d99ff0d5-fc69-4ace-aa4c-ce8a85641abd@group-50480F738A16-LeaderElection14
2021-01-10 09:03:29,632 [d99ff0d5-fc69-4ace-aa4c-ce8a85641abd@group-50480F738A16-LeaderElection14] INFO  impl.LeaderElection (LeaderElection.java:askForPreVotes(259)) - d99ff0d5-fc69-4ace-aa4c-ce8a85641abd@group-50480F738A16-LeaderElection14: begin a pre-vote at term 0 for -1: [d99ff0d5-fc69-4ace-aa4c-ce8a85641abd|rpc:172.17.0.2:46021|priority:1], old=null
2021-01-10 09:03:29,632 [d99ff0d5-fc69-4ace-aa4c-ce8a85641abd@group-50480F738A16-LeaderElection14] INFO  impl.LeaderElection (LeaderElection.java:askForPreVotes(261)) - d99ff0d5-fc69-4ace-aa4c-ce8a85641abd@group-50480F738A16-LeaderElection14 pre-vote result is PASSED.
2021-01-10 09:03:29,633 [d99ff0d5-fc69-4ace-aa4c-ce8a85641abd@group-50480F738A16-LeaderElection14] INFO  impl.LeaderElection (LeaderElection.java:askForVotes(308)) - d99ff0d5-fc69-4ace-aa4c-ce8a85641abd@group-50480F738A16-LeaderElection14: begin an election at term 1 for -1: [d99ff0d5-fc69-4ace-aa4c-ce8a85641abd|rpc:172.17.0.2:46021|priority:1], old=null
2021-01-10 09:03:29,633 [d99ff0d5-fc69-4ace-aa4c-ce8a85641abd@group-50480F738A16-LeaderElection14] INFO  impl.RoleInfo (RoleInfo.java:shutdownLeaderElection(121)) - d99ff0d5-fc69-4ace-aa4c-ce8a85641abd: shutdown d99ff0d5-fc69-4ace-aa4c-ce8a85641abd@group-50480F738A16-LeaderElection14
2021-01-10 09:03:29,634 [d99ff0d5-fc69-4ace-aa4c-ce8a85641abd@group-50480F738A16-LeaderElection14] INFO  server.RaftServer$Division (RaftServerImpl.java:setRole(283)) - d99ff0d5-fc69-4ace-aa4c-ce8a85641abd@group-50480F738A16: changes role from CANDIDATE to LEADER at term 1 for changeToLeader
2021-01-10 09:03:29,634 [d99ff0d5-fc69-4ace-aa4c-ce8a85641abd@group-50480F738A16-LeaderElection14] INFO  ratis.XceiverServerRatis (XceiverServerRatis.java:handleLeaderChangedNotification(868)) - Leader change notification received for group: group-50480F738A16 with new leaderId: d99ff0d5-fc69-4ace-aa4c-ce8a85641abd
2021-01-10 09:03:29,634 [d99ff0d5-fc69-4ace-aa4c-ce8a85641abd@group-50480F738A16-LeaderElection14] INFO  server.RaftServer$Division (ServerState.java:setLeader(249)) - d99ff0d5-fc69-4ace-aa4c-ce8a85641abd@group-50480F738A16: change Leader from null to d99ff0d5-fc69-4ace-aa4c-ce8a85641abd at term 1 for becomeLeader, leader elected after 5131ms
2021-01-10 09:03:29,634 [d99ff0d5-fc69-4ace-aa4c-ce8a85641abd@group-50480F738A16-LeaderElection14] INFO  server.RaftServerConfigKeys (ConfUtils.java:logGet(44)) - raft.server.staging.catchup.gap = 1000 (default)
2021-01-10 09:03:29,634 [d99ff0d5-fc69-4ace-aa4c-ce8a85641abd@group-50480F738A16-LeaderElection14] INFO  metrics.RatisMetrics (RatisMetrics.java:lambda$create$0(36)) - Creating Metrics Registry : ratis.log_appender.d99ff0d5-fc69-4ace-aa4c-ce8a85641abd@group-50480F738A16
2021-01-10 09:03:29,635 [d99ff0d5-fc69-4ace-aa4c-ce8a85641abd@group-50480F738A16-LeaderElection14] INFO  server.RaftServerConfigKeys (ConfUtils.java:logGet(44)) - raft.server.write.element-limit = 1024 (custom)
2021-01-10 09:03:29,636 [d99ff0d5-fc69-4ace-aa4c-ce8a85641abd@group-50480F738A16-LeaderElection14] INFO  server.RaftServerConfigKeys (ConfUtils.java:logGet(44)) - raft.server.write.byte-limit = 1073741824 (custom)
2021-01-10 09:03:29,636 [d99ff0d5-fc69-4ace-aa4c-ce8a85641abd@group-50480F738A16-LeaderElection14] INFO  server.RaftServerConfigKeys (ConfUtils.java:logGet(44)) - raft.server.watch.timeout = 180s (custom)
2021-01-10 09:03:29,636 [d99ff0d5-fc69-4ace-aa4c-ce8a85641abd@group-50480F738A16-LeaderElection14] INFO  server.RaftServerConfigKeys (ConfUtils.java:logGet(44)) - raft.server.watch.timeout.denomination = 1s (default)
2021-01-10 09:03:29,636 [d99ff0d5-fc69-4ace-aa4c-ce8a85641abd@group-50480F738A16-LeaderElection14] INFO  server.RaftServerConfigKeys (ConfUtils.java:logGet(44)) - raft.server.watch.element-limit = 65536 (default)
2021-01-10 09:03:29,636 [d99ff0d5-fc69-4ace-aa4c-ce8a85641abd@group-50480F738A16-LeaderElection14] INFO  impl.RoleInfo (RoleInfo.java:updateAndGet(130)) - d99ff0d5-fc69-4ace-aa4c-ce8a85641abd: start d99ff0d5-fc69-4ace-aa4c-ce8a85641abd@group-50480F738A16-LeaderStateImpl
2021-01-10 09:03:29,637 [d99ff0d5-fc69-4ace-aa4c-ce8a85641abd@group-50480F738A16-LeaderElection14] INFO  segmented.SegmentedRaftLogWorker (SegmentedRaftLogWorker.java:startLogSegment(392)) - d99ff0d5-fc69-4ace-aa4c-ce8a85641abd@group-50480F738A16-SegmentedRaftLogWorker: Starting segment from index:0
2021-01-10 09:03:29,638 [d99ff0d5-fc69-4ace-aa4c-ce8a85641abd@group-50480F738A16-SegmentedRaftLogWorker] INFO  segmented.SegmentedRaftLogWorker (SegmentedRaftLogWorker.java:execute(599)) - d99ff0d5-fc69-4ace-aa4c-ce8a85641abd@group-50480F738A16-SegmentedRaftLogWorker: created new log segment /github/workspace/mnt/ozone/hadoop-ozone/integration-test/target/test-dir/MiniOzoneClusterImpl-030730bd-5c5c-4c00-b8c2-b15b15404b1a/datanode-2/data/ratis/7f85cc11-4c61-4963-8417-50480f738a16/current/log_inprogress_0
2021-01-10 09:03:29,645 [d99ff0d5-fc69-4ace-aa4c-ce8a85641abd@group-50480F738A16-LeaderElection14] INFO  server.RaftServer$Division (ServerState.java:setRaftConf(368)) - d99ff0d5-fc69-4ace-aa4c-ce8a85641abd@group-50480F738A16: set configuration 0: [d99ff0d5-fc69-4ace-aa4c-ce8a85641abd|rpc:172.17.0.2:46021|dataStream:|priority:1], old=null
2021-01-10 09:03:29,723 [Command processor thread] INFO  server.RaftServer (RaftServerProxy.java:addNew(95)) - d14351cf-a37f-45f4-ac3c-40eb157d2fdf: addNew group-59362A71A594:[d14351cf-a37f-45f4-ac3c-40eb157d2fdf|rpc:172.17.0.2:35489|priority:1] returns group-59362A71A594:java.util.concurrent.CompletableFuture@17e8df1d[Not completed]
2021-01-10 09:03:29,724 [pool-297-thread-1] INFO  server.RaftServer$Division (RaftServerImpl.java:<init>(179)) - d14351cf-a37f-45f4-ac3c-40eb157d2fdf: new RaftServerImpl for group-59362A71A594:[d14351cf-a37f-45f4-ac3c-40eb157d2fdf|rpc:172.17.0.2:35489|priority:1] with ContainerStateMachine:uninitialized
2021-01-10 09:03:29,726 [pool-297-thread-1] INFO  server.RaftServerConfigKeys (ConfUtils.java:logGet(44)) - raft.server.rpc.timeout.min = 5s (custom)
2021-01-10 09:03:29,726 [pool-297-thread-1] INFO  server.RaftServerConfigKeys (ConfUtils.java:logGet(44)) - raft.server.rpc.timeout.max = 5200ms (custom)
2021-01-10 09:03:29,726 [pool-297-thread-1] INFO  server.RaftServerConfigKeys (ConfUtils.java:logGet(44)) - raft.server.rpc.sleep.time = 25ms (default)
2021-01-10 09:03:29,727 [pool-297-thread-1] INFO  server.RaftServerConfigKeys (ConfUtils.java:logGet(44)) - raft.server.rpc.slowness.timeout = 300s (custom)
2021-01-10 09:03:29,727 [pool-297-thread-1] INFO  server.RaftServerConfigKeys (ConfUtils.java:logGet(44)) - raft.server.leaderelection.leader.step-down.wait-time = 10s (default)
2021-01-10 09:03:29,727 [pool-297-thread-1] INFO  server.RaftServerConfigKeys (ConfUtils.java:logGet(44)) - raft.server.sleep.deviation.threshold = 300ms (default)
2021-01-10 09:03:29,727 [pool-297-thread-1] INFO  server.RaftServerConfigKeys (ConfUtils.java:logGet(44)) - raft.server.log.appender.install.snapshot.enabled = false (custom)
2021-01-10 09:03:29,727 [pool-297-thread-1] INFO  server.RaftServer$Division (ServerState.java:<init>(103)) - d14351cf-a37f-45f4-ac3c-40eb157d2fdf@group-59362A71A594: ConfigurationManager, init=-1: [d14351cf-a37f-45f4-ac3c-40eb157d2fdf|rpc:172.17.0.2:35489|priority:1], old=null, confs=<EMPTY_MAP>
2021-01-10 09:03:29,727 [pool-297-thread-1] INFO  server.RaftServerConfigKeys (ConfUtils.java:logGet(44)) - raft.server.storage.dir = [/github/workspace/mnt/ozone/hadoop-ozone/integration-test/target/test-dir/MiniOzoneClusterImpl-030730bd-5c5c-4c00-b8c2-b15b15404b1a/datanode-3/data/ratis] (custom)
2021-01-10 09:03:29,727 [pool-297-thread-1] INFO  server.RaftServerConfigKeys (ConfUtils.java:logGet(44)) - raft.server.log.corruption.policy = EXCEPTION (default)
2021-01-10 09:03:29,728 [pool-297-thread-1] INFO  storage.RaftStorageDirectory (RaftStorageDirectoryImpl.java:analyzeStorage(132)) - The storage directory /github/workspace/mnt/ozone/hadoop-ozone/integration-test/target/test-dir/MiniOzoneClusterImpl-030730bd-5c5c-4c00-b8c2-b15b15404b1a/datanode-3/data/ratis/1d2fecda-12e9-4970-b458-59362a71a594 does not exist. Creating ...
2021-01-10 09:03:29,729 [pool-297-thread-1] INFO  storage.RaftStorageDirectory (RaftStorageDirectoryImpl.java:tryLock(215)) - Lock on /github/workspace/mnt/ozone/hadoop-ozone/integration-test/target/test-dir/MiniOzoneClusterImpl-030730bd-5c5c-4c00-b8c2-b15b15404b1a/datanode-3/data/ratis/1d2fecda-12e9-4970-b458-59362a71a594/in_use.lock acquired by nodename 31262@84bc77fe8d45
2021-01-10 09:03:29,730 [pool-297-thread-1] INFO  storage.RaftStorage (RaftStorageImpl.java:format(87)) - Storage directory /github/workspace/mnt/ozone/hadoop-ozone/integration-test/target/test-dir/MiniOzoneClusterImpl-030730bd-5c5c-4c00-b8c2-b15b15404b1a/datanode-3/data/ratis/1d2fecda-12e9-4970-b458-59362a71a594 has been successfully formatted.
2021-01-10 09:03:29,730 [pool-297-thread-1] INFO  ratis.ContainerStateMachine (ContainerStateMachine.java:loadSnapshot(223)) - group-59362A71A594: The snapshot info is null. Setting the last applied indexto:(t:0, i:~)
2021-01-10 09:03:29,731 [pool-297-thread-1] ERROR storage.RaftStorage (RaftStorageImpl.java:readRaftConfiguration(147)) - Failed reading configuration from file:/github/workspace/mnt/ozone/hadoop-ozone/integration-test/target/test-dir/MiniOzoneClusterImpl-030730bd-5c5c-4c00-b8c2-b15b15404b1a/datanode-3/data/ratis/1d2fecda-12e9-4970-b458-59362a71a594/current/raft-meta.conf
java.io.FileNotFoundException: /github/workspace/mnt/ozone/hadoop-ozone/integration-test/target/test-dir/MiniOzoneClusterImpl-030730bd-5c5c-4c00-b8c2-b15b15404b1a/datanode-3/data/ratis/1d2fecda-12e9-4970-b458-59362a71a594/current/raft-meta.conf (No such file or directory)
	at java.io.FileInputStream.open0(Native Method)
	at java.io.FileInputStream.open(FileInputStream.java:195)
	at java.io.FileInputStream.<init>(FileInputStream.java:138)
	at org.apache.ratis.server.storage.RaftStorageImpl.readRaftConfiguration(RaftStorageImpl.java:143)
	at org.apache.ratis.server.impl.ServerState.<init>(ServerState.java:113)
	at org.apache.ratis.server.impl.RaftServerImpl.<init>(RaftServerImpl.java:192)
	at org.apache.ratis.server.impl.RaftServerProxy.lambda$newRaftServerImpl$4(RaftServerProxy.java:266)
	at java.util.concurrent.CompletableFuture$AsyncSupply.run(CompletableFuture.java:1604)
	at java.util.concurrent.ThreadPoolExecutor.runWorker(ThreadPoolExecutor.java:1149)
	at java.util.concurrent.ThreadPoolExecutor$Worker.run(ThreadPoolExecutor.java:624)
	at java.lang.Thread.run(Thread.java:748)
2021-01-10 09:03:29,731 [EventQueue-PipelineReportForPipelineReportHandler] INFO  pipeline.PipelineStateManager (PipelineStateManager.java:openPipeline(132)) - Pipeline Pipeline[ Id: 1d2fecda-12e9-4970-b458-59362a71a594, Nodes: d14351cf-a37f-45f4-ac3c-40eb157d2fdf{ip: 172.17.0.2, host: 84bc77fe8d45, networkLocation: /default-rack, certSerialId: null, persistedOpState: IN_SERVICE, persistedOpStateExpiryEpochSec: 0}, Type:RATIS, Factor:ONE, State:ALLOCATED, leaderId:d14351cf-a37f-45f4-ac3c-40eb157d2fdf, CreationTimestamp2021-01-10T09:03:26.714Z] moved to OPEN state
2021-01-10 09:03:29,733 [pool-297-thread-1] INFO  server.RaftServerConfigKeys (ConfUtils.java:logGet(44)) - raft.server.notification.no-leader.timeout = 300s (custom)
2021-01-10 09:03:29,733 [pool-297-thread-1] INFO  server.RaftServerConfigKeys (ConfUtils.java:logGet(44)) - raft.server.log.use.memory = false (default)
2021-01-10 09:03:29,733 [pool-297-thread-1] INFO  server.RaftServerConfigKeys (ConfUtils.java:logGet(44)) - raft.server.log.purge.gap = 1000000 (custom)
2021-01-10 09:03:29,733 [pool-297-thread-1] INFO  server.RaftServerConfigKeys (ConfUtils.java:logGet(44)) - raft.server.log.appender.buffer.byte-limit = 33554432 (custom)
2021-01-10 09:03:29,733 [pool-297-thread-1] INFO  metrics.RatisMetrics (RatisMetrics.java:lambda$create$0(36)) - Creating Metrics Registry : ratis.log_worker.d14351cf-a37f-45f4-ac3c-40eb157d2fdf@group-59362A71A594
2021-01-10 09:03:29,733 [pool-297-thread-1] INFO  server.RaftServerConfigKeys (ConfUtils.java:logGet(44)) - raft.server.log.segment.size.max = 1048576 (custom)
2021-01-10 09:03:29,734 [pool-297-thread-1] INFO  server.RaftServerConfigKeys (ConfUtils.java:logGet(44)) - raft.server.log.segment.cache.num.max = 2 (custom)
2021-01-10 09:03:29,734 [pool-297-thread-1] INFO  server.RaftServerConfigKeys (ConfUtils.java:logGet(44)) - raft.server.log.segment.cache.size.max = 200MB (=209715200) (default)
2021-01-10 09:03:29,734 [pool-297-thread-1] INFO  segmented.SegmentedRaftLogWorker (SegmentedRaftLogWorker.java:<init>(181)) - new d14351cf-a37f-45f4-ac3c-40eb157d2fdf@group-59362A71A594-SegmentedRaftLogWorker for RaftStorageImpl:Storage Directory /github/workspace/mnt/ozone/hadoop-ozone/integration-test/target/test-dir/MiniOzoneClusterImpl-030730bd-5c5c-4c00-b8c2-b15b15404b1a/datanode-3/data/ratis/1d2fecda-12e9-4970-b458-59362a71a594
2021-01-10 09:03:29,734 [pool-297-thread-1] INFO  server.RaftServerConfigKeys (ConfUtils.java:logGet(44)) - raft.server.log.queue.byte-limit = 2147483647 (custom)
2021-01-10 09:03:29,734 [pool-297-thread-1] INFO  server.RaftServerConfigKeys (ConfUtils.java:logGet(44)) - raft.server.log.queue.element-limit = 1024 (custom)
2021-01-10 09:03:29,734 [pool-297-thread-1] INFO  server.RaftServerConfigKeys (ConfUtils.java:logGet(44)) - raft.server.log.segment.size.max = 1048576 (custom)
2021-01-10 09:03:29,734 [pool-297-thread-1] INFO  server.RaftServerConfigKeys (ConfUtils.java:logGet(44)) - raft.server.log.preallocated.size = 16384 (custom)
2021-01-10 09:03:29,734 [pool-297-thread-1] INFO  server.RaftServerConfigKeys (ConfUtils.java:logGet(44)) - raft.server.log.force.sync.num = 128 (default)
2021-01-10 09:03:29,734 [pool-297-thread-1] INFO  server.RaftServerConfigKeys (ConfUtils.java:logGet(44)) - raft.server.log.statemachine.data.sync = true (default)
2021-01-10 09:03:29,734 [pool-297-thread-1] INFO  server.RaftServerConfigKeys (ConfUtils.java:logGet(44)) - raft.server.log.statemachine.data.sync.timeout = 10s (default)
2021-01-10 09:03:29,735 [pool-297-thread-1] INFO  server.RaftServerConfigKeys (ConfUtils.java:logGet(44)) - raft.server.log.statemachine.data.sync.timeout.retry = -1 (default)
2021-01-10 09:03:29,736 [pool-297-thread-1] INFO  server.RaftServerConfigKeys (ConfUtils.java:logGet(44)) - raft.server.log.write.buffer.size = 1048576 (custom)
2021-01-10 09:03:29,736 [pool-297-thread-1] INFO  server.RaftServerConfigKeys (ConfUtils.java:logGet(44)) - raft.server.log.statemachine.data.caching.enabled = true (custom)
2021-01-10 09:03:29,737 [pool-297-thread-1] INFO  segmented.SegmentedRaftLogWorker (SegmentedRaftLogWorker.java:lambda$new$0(132)) - d14351cf-a37f-45f4-ac3c-40eb157d2fdf@group-59362A71A594-SegmentedRaftLogWorker: flushIndex: setUnconditionally 0 -> -1
2021-01-10 09:03:29,737 [pool-297-thread-1] INFO  segmented.SegmentedRaftLogWorker (SegmentedRaftLogWorker.java:lambda$new$0(132)) - d14351cf-a37f-45f4-ac3c-40eb157d2fdf@group-59362A71A594-SegmentedRaftLogWorker: safeCacheEvictIndex: setUnconditionally 0 -> -1
2021-01-10 09:03:29,739 [pool-297-thread-1] INFO  server.RaftServerConfigKeys (ConfUtils.java:logGet(44)) - raft.server.snapshot.auto.trigger.enabled = true (custom)
2021-01-10 09:03:29,739 [pool-297-thread-1] INFO  server.RaftServerConfigKeys (ConfUtils.java:logGet(44)) - raft.server.snapshot.auto.trigger.threshold = 10000 (custom)
2021-01-10 09:03:29,739 [pool-297-thread-1] INFO  server.RaftServerConfigKeys (ConfUtils.java:logGet(44)) - raft.server.snapshot.retention.file.num = 5 (custom)
2021-01-10 09:03:29,739 [pool-297-thread-1] INFO  server.RaftServerConfigKeys (ConfUtils.java:logGet(44)) - raft.server.log.purge.upto.snapshot.index = false (default)
2021-01-10 09:03:29,739 [pool-297-thread-1] INFO  server.RaftServerConfigKeys (ConfUtils.java:logGet(44)) - raft.server.retrycache.expirytime = 600000ms (custom)
2021-01-10 09:03:29,739 [pool-297-thread-1] INFO  server.RaftServerConfigKeys (ConfUtils.java:logGet(44)) - raft.server.retrycache.statistics.expirytime = 100?s (default)
2021-01-10 09:03:29,739 [pool-297-thread-1] INFO  metrics.RatisMetrics (RatisMetrics.java:lambda$create$0(36)) - Creating Metrics Registry : ratis.leader_election.d14351cf-a37f-45f4-ac3c-40eb157d2fdf@group-59362A71A594
2021-01-10 09:03:29,740 [pool-297-thread-1] INFO  metrics.RatisMetrics (RatisMetrics.java:lambda$create$0(36)) - Creating Metrics Registry : ratis.server.d14351cf-a37f-45f4-ac3c-40eb157d2fdf@group-59362A71A594
2021-01-10 09:03:29,740 [pool-297-thread-1] INFO  server.RaftServer$Division (RaftServerImpl.java:start(294)) - d14351cf-a37f-45f4-ac3c-40eb157d2fdf@group-59362A71A594: start as a follower, conf=-1: [d14351cf-a37f-45f4-ac3c-40eb157d2fdf|rpc:172.17.0.2:35489|priority:1], old=null
2021-01-10 09:03:29,740 [pool-297-thread-1] INFO  server.RaftServer$Division (RaftServerImpl.java:setRole(283)) - d14351cf-a37f-45f4-ac3c-40eb157d2fdf@group-59362A71A594: changes role from      null to FOLLOWER at term 0 for startAsFollower
2021-01-10 09:03:29,740 [pool-297-thread-1] INFO  impl.RoleInfo (RoleInfo.java:updateAndGet(130)) - d14351cf-a37f-45f4-ac3c-40eb157d2fdf: start d14351cf-a37f-45f4-ac3c-40eb157d2fdf@group-59362A71A594-FollowerState
2021-01-10 09:03:29,741 [pool-297-thread-1] INFO  util.JmxRegister (JmxRegister.java:tryRegister(44)) - Successfully registered JMX Bean with object name Ratis:service=RaftServer,group=group-59362A71A594,id=d14351cf-a37f-45f4-ac3c-40eb157d2fdf
2021-01-10 09:03:29,741 [pool-297-thread-1] INFO  metrics.RatisMetrics (RatisMetrics.java:lambda$create$0(36)) - Creating Metrics Registry : ratis.state_machine.d14351cf-a37f-45f4-ac3c-40eb157d2fdf@group-59362A71A594
2021-01-10 09:03:29,742 [Command processor thread] INFO  commandhandler.CreatePipelineCommandHandler (CreatePipelineCommandHandler.java:handle(106)) - Created Pipeline RATIS ONE PipelineID=1d2fecda-12e9-4970-b458-59362a71a594.
2021-01-10 09:03:29,946 [EndpointStateMachine task thread for /0.0.0.0:34769 - 0 ] INFO  ozoneimpl.OzoneContainer (OzoneContainer.java:start(255)) - Attempting to start container services.
2021-01-10 09:03:29,947 [EndpointStateMachine task thread for /0.0.0.0:34769 - 0 ] INFO  ozoneimpl.OzoneContainer (OzoneContainer.java:startContainerScrub(219)) - Background container scanner has been disabled.
2021-01-10 09:03:29,947 [EndpointStateMachine task thread for /0.0.0.0:34769 - 0 ] INFO  replication.ReplicationServer (ReplicationServer.java:start(111)) - ReplicationServer is started using port 37011
2021-01-10 09:03:29,947 [EndpointStateMachine task thread for /0.0.0.0:34769 - 0 ] INFO  ratis.XceiverServerRatis (XceiverServerRatis.java:start(455)) - Starting XceiverServerRatis 4f04bfaa-b5ee-4e84-baf7-1b8b2eccc1ea at port 0
2021-01-10 09:03:29,951 [EndpointStateMachine task thread for /0.0.0.0:34769 - 0 ] INFO  server.RaftServer (RaftServerProxy.java:lambda$start$5(372)) - 4f04bfaa-b5ee-4e84-baf7-1b8b2eccc1ea: start RPC server
2021-01-10 09:03:29,951 [EndpointStateMachine task thread for /0.0.0.0:34769 - 0 ] INFO  server.GrpcService (GrpcService.java:startImpl(176)) - 4f04bfaa-b5ee-4e84-baf7-1b8b2eccc1ea: GrpcService started, listening on 0.0.0.0/0.0.0.0:44143
2021-01-10 09:03:29,951 [EndpointStateMachine task thread for /0.0.0.0:34769 - 0 ] INFO  ratis.XceiverServerRatis (XceiverServerRatis.java:start(467)) - XceiverServerRatis 4f04bfaa-b5ee-4e84-baf7-1b8b2eccc1ea is started using port 44143
2021-01-10 09:03:29,952 [org.apache.ratis.util.JvmPauseMonitor$$Lambda$220/965274911@42b63f01] INFO  util.JvmPauseMonitor (JvmPauseMonitor.java:run(103)) - JvmPauseMonitor-4f04bfaa-b5ee-4e84-baf7-1b8b2eccc1ea: Started
2021-01-10 09:03:29,952 [EndpointStateMachine task thread for /0.0.0.0:34769 - 0 ] INFO  server.XceiverServerGrpc (XceiverServerGrpc.java:start(139)) - XceiverServerGrpc 4f04bfaa-b5ee-4e84-baf7-1b8b2eccc1ea is started using port 39041
2021-01-10 09:03:30,133 [Listener at 127.0.0.1/45243] INFO  ozone.MiniOzoneClusterImpl (MiniOzoneClusterImpl.java:lambda$waitForClusterToBeReady$0(179)) - Waiting for nodes to be ready. Got 4 of 6 DN Heartbeats.
2021-01-10 09:03:30,133 [Listener at 127.0.0.1/45243] INFO  ozone.MiniOzoneClusterImpl (MiniOzoneClusterImpl.java:lambda$waitForClusterToBeReady$0(182)) - Cluster exits safe mode
2021-01-10 09:03:30,139 [EndpointStateMachine task thread for /0.0.0.0:34769 - 0 ] INFO  ozoneimpl.OzoneContainer (OzoneContainer.java:start(255)) - Attempting to start container services.
2021-01-10 09:03:30,139 [EndpointStateMachine task thread for /0.0.0.0:34769 - 0 ] INFO  ozoneimpl.OzoneContainer (OzoneContainer.java:startContainerScrub(219)) - Background container scanner has been disabled.
2021-01-10 09:03:30,140 [EndpointStateMachine task thread for /0.0.0.0:34769 - 0 ] INFO  replication.ReplicationServer (ReplicationServer.java:start(111)) - ReplicationServer is started using port 35607
2021-01-10 09:03:30,141 [EndpointStateMachine task thread for /0.0.0.0:34769 - 0 ] INFO  ratis.XceiverServerRatis (XceiverServerRatis.java:start(455)) - Starting XceiverServerRatis ea22bb70-1677-4cc0-852f-01c880e0a945 at port 0
2021-01-10 09:03:30,142 [EndpointStateMachine task thread for /0.0.0.0:34769 - 0 ] INFO  server.RaftServer (RaftServerProxy.java:lambda$start$5(372)) - ea22bb70-1677-4cc0-852f-01c880e0a945: start RPC server
2021-01-10 09:03:30,143 [EndpointStateMachine task thread for /0.0.0.0:34769 - 0 ] INFO  server.GrpcService (GrpcService.java:startImpl(176)) - ea22bb70-1677-4cc0-852f-01c880e0a945: GrpcService started, listening on 0.0.0.0/0.0.0.0:35183
2021-01-10 09:03:30,143 [EndpointStateMachine task thread for /0.0.0.0:34769 - 0 ] INFO  ratis.XceiverServerRatis (XceiverServerRatis.java:start(467)) - XceiverServerRatis ea22bb70-1677-4cc0-852f-01c880e0a945 is started using port 35183
2021-01-10 09:03:30,143 [org.apache.ratis.util.JvmPauseMonitor$$Lambda$220/965274911@4776fa9a] INFO  util.JvmPauseMonitor (JvmPauseMonitor.java:run(103)) - JvmPauseMonitor-ea22bb70-1677-4cc0-852f-01c880e0a945: Started
2021-01-10 09:03:30,143 [EndpointStateMachine task thread for /0.0.0.0:34769 - 0 ] INFO  server.XceiverServerGrpc (XceiverServerGrpc.java:start(139)) - XceiverServerGrpc ea22bb70-1677-4cc0-852f-01c880e0a945 is started using port 33965
2021-01-10 09:03:31,133 [Listener at 127.0.0.1/45243] INFO  ozone.MiniOzoneClusterImpl (MiniOzoneClusterImpl.java:lambda$waitForClusterToBeReady$0(179)) - Waiting for nodes to be ready. Got 4 of 6 DN Heartbeats.
2021-01-10 09:03:31,134 [Listener at 127.0.0.1/45243] INFO  ozone.MiniOzoneClusterImpl (MiniOzoneClusterImpl.java:lambda$waitForClusterToBeReady$0(182)) - Cluster exits safe mode
2021-01-10 09:03:31,483 [EventQueue-Delayed safe mode statusForReplicationManager] INFO  container.ReplicationManager (ReplicationManager.java:start(186)) - Starting Replication Monitor Thread.
2021-01-10 09:03:31,488 [ReplicationMonitor] INFO  container.ReplicationManager (ReplicationManager.java:run(250)) - Replication Monitor Thread took 0 milliseconds for processing 0 containers.
2021-01-10 09:03:31,942 [IPC Server handler 6 on default port 34769] INFO  net.NetworkTopologyImpl (NetworkTopologyImpl.java:add(111)) - Added a new node: /default-rack/4f04bfaa-b5ee-4e84-baf7-1b8b2eccc1ea
2021-01-10 09:03:31,942 [IPC Server handler 6 on default port 34769] INFO  node.SCMNodeManager (SCMNodeManager.java:register(341)) - Registered Data node : 4f04bfaa-b5ee-4e84-baf7-1b8b2eccc1ea{ip: 172.17.0.2, host: 84bc77fe8d45, networkLocation: /default-rack, certSerialId: null, persistedOpState: IN_SERVICE, persistedOpStateExpiryEpochSec: 0}
2021-01-10 09:03:31,944 [RatisPipelineUtilsThread] INFO  pipeline.RatisPipelineProvider (RatisPipelineProvider.java:lambda$create$0(161)) - Sending CreatePipelineCommand for pipeline:PipelineID=7b60ec5e-cc15-4fbc-a615-c5b3e72feab2 to datanode:4f04bfaa-b5ee-4e84-baf7-1b8b2eccc1ea
2021-01-10 09:03:31,944 [RatisPipelineUtilsThread] INFO  pipeline.PipelineStateManager (PipelineStateManager.java:addPipeline(54)) - Created pipeline Pipeline[ Id: 7b60ec5e-cc15-4fbc-a615-c5b3e72feab2, Nodes: 4f04bfaa-b5ee-4e84-baf7-1b8b2eccc1ea{ip: 172.17.0.2, host: 84bc77fe8d45, networkLocation: /default-rack, certSerialId: null, persistedOpState: IN_SERVICE, persistedOpStateExpiryEpochSec: 0}, Type:RATIS, Factor:ONE, State:ALLOCATED, leaderId:, CreationTimestamp2021-01-10T09:03:31.944Z]
2021-01-10 09:03:32,134 [Listener at 127.0.0.1/45243] INFO  ozone.MiniOzoneClusterImpl (MiniOzoneClusterImpl.java:lambda$waitForClusterToBeReady$0(179)) - Waiting for nodes to be ready. Got 5 of 6 DN Heartbeats.
2021-01-10 09:03:32,134 [Listener at 127.0.0.1/45243] INFO  ozone.MiniOzoneClusterImpl (MiniOzoneClusterImpl.java:lambda$waitForClusterToBeReady$0(182)) - Cluster exits safe mode
2021-01-10 09:03:32,136 [IPC Server handler 14 on default port 34769] INFO  net.NetworkTopologyImpl (NetworkTopologyImpl.java:add(111)) - Added a new node: /default-rack/ea22bb70-1677-4cc0-852f-01c880e0a945
2021-01-10 09:03:32,136 [IPC Server handler 14 on default port 34769] INFO  node.SCMNodeManager (SCMNodeManager.java:register(341)) - Registered Data node : ea22bb70-1677-4cc0-852f-01c880e0a945{ip: 172.17.0.2, host: 84bc77fe8d45, networkLocation: /default-rack, certSerialId: null, persistedOpState: IN_SERVICE, persistedOpStateExpiryEpochSec: 0}
2021-01-10 09:03:32,137 [RatisPipelineUtilsThread] INFO  pipeline.RatisPipelineProvider (RatisPipelineProvider.java:lambda$create$0(161)) - Sending CreatePipelineCommand for pipeline:PipelineID=46c3e2f6-5806-4046-bfd9-364c4cf1125c to datanode:ea22bb70-1677-4cc0-852f-01c880e0a945
2021-01-10 09:03:32,137 [RatisPipelineUtilsThread] INFO  pipeline.PipelineStateManager (PipelineStateManager.java:addPipeline(54)) - Created pipeline Pipeline[ Id: 46c3e2f6-5806-4046-bfd9-364c4cf1125c, Nodes: ea22bb70-1677-4cc0-852f-01c880e0a945{ip: 172.17.0.2, host: 84bc77fe8d45, networkLocation: /default-rack, certSerialId: null, persistedOpState: IN_SERVICE, persistedOpStateExpiryEpochSec: 0}, Type:RATIS, Factor:ONE, State:ALLOCATED, leaderId:, CreationTimestamp2021-01-10T09:03:32.136Z]
2021-01-10 09:03:32,137 [RatisPipelineUtilsThread] INFO  pipeline.RatisPipelineProvider (RatisPipelineProvider.java:lambda$create$0(161)) - Sending CreatePipelineCommand for pipeline:PipelineID=07b4a9a4-d4e8-4fe2-8162-33411980b3fd to datanode:d14351cf-a37f-45f4-ac3c-40eb157d2fdf
2021-01-10 09:03:32,137 [RatisPipelineUtilsThread] INFO  pipeline.RatisPipelineProvider (RatisPipelineProvider.java:lambda$create$0(161)) - Sending CreatePipelineCommand for pipeline:PipelineID=07b4a9a4-d4e8-4fe2-8162-33411980b3fd to datanode:ea22bb70-1677-4cc0-852f-01c880e0a945
2021-01-10 09:03:32,137 [RatisPipelineUtilsThread] INFO  pipeline.RatisPipelineProvider (RatisPipelineProvider.java:lambda$create$0(161)) - Sending CreatePipelineCommand for pipeline:PipelineID=07b4a9a4-d4e8-4fe2-8162-33411980b3fd to datanode:4f04bfaa-b5ee-4e84-baf7-1b8b2eccc1ea
2021-01-10 09:03:32,138 [RatisPipelineUtilsThread] INFO  pipeline.PipelineStateManager (PipelineStateManager.java:addPipeline(54)) - Created pipeline Pipeline[ Id: 07b4a9a4-d4e8-4fe2-8162-33411980b3fd, Nodes: d14351cf-a37f-45f4-ac3c-40eb157d2fdf{ip: 172.17.0.2, host: 84bc77fe8d45, networkLocation: /default-rack, certSerialId: null, persistedOpState: IN_SERVICE, persistedOpStateExpiryEpochSec: 0}ea22bb70-1677-4cc0-852f-01c880e0a945{ip: 172.17.0.2, host: 84bc77fe8d45, networkLocation: /default-rack, certSerialId: null, persistedOpState: IN_SERVICE, persistedOpStateExpiryEpochSec: 0}4f04bfaa-b5ee-4e84-baf7-1b8b2eccc1ea{ip: 172.17.0.2, host: 84bc77fe8d45, networkLocation: /default-rack, certSerialId: null, persistedOpState: IN_SERVICE, persistedOpStateExpiryEpochSec: 0}, Type:RATIS, Factor:THREE, State:ALLOCATED, leaderId:, CreationTimestamp2021-01-10T09:03:32.137Z]
2021-01-10 09:03:32,488 [ReplicationMonitor] INFO  container.ReplicationManager (ReplicationManager.java:run(250)) - Replication Monitor Thread took 0 milliseconds for processing 0 containers.
2021-01-10 09:03:33,135 [Listener at 127.0.0.1/45243] INFO  ozone.MiniOzoneClusterImpl (MiniOzoneClusterImpl.java:lambda$waitForClusterToBeReady$0(179)) - Nodes are ready. Got 6 of 6 DN Heartbeats.
2021-01-10 09:03:33,136 [Listener at 127.0.0.1/45243] INFO  ozone.MiniOzoneClusterImpl (MiniOzoneClusterImpl.java:lambda$waitForClusterToBeReady$0(182)) - Cluster exits safe mode
2021-01-10 09:03:33,155 [Listener at 127.0.0.1/45243] INFO  rpc.RpcClient (RpcClient.java:createVolume(273)) - Creating Volume: vol1, with user00303 as owner.
2021-01-10 09:03:33,156 [IPC Server handler 2 on default port 45243] INFO  volume.OMVolumeCreateRequest (OMVolumeCreateRequest.java:validateAndUpdateCache(196)) - created volume:vol1 for user:user00303
2021-01-10 09:03:33,162 [Listener at 127.0.0.1/45243] INFO  rpc.RpcClient (RpcClient.java:createBucket(429)) - Creating Bucket: vol1/bucket1, with Versioning false and Storage Type set to DISK and Encryption set to false 
2021-01-10 09:03:33,185 [Listener at 127.0.0.1/45243] INFO  metrics.RatisMetrics (RatisMetrics.java:lambda$create$0(36)) - Creating Metrics Registry : ratis.client_message_metrics.client-4CE959AA3820->d99ff0d5-fc69-4ace-aa4c-ce8a85641abd
2021-01-10 09:03:33,489 [ReplicationMonitor] INFO  container.ReplicationManager (ReplicationManager.java:run(250)) - Replication Monitor Thread took 1 milliseconds for processing 3 containers.
2021-01-10 09:03:33,732 [Command processor thread] INFO  server.RaftServer (RaftServerProxy.java:addNew(95)) - d14351cf-a37f-45f4-ac3c-40eb157d2fdf: addNew group-33411980B3FD:[d14351cf-a37f-45f4-ac3c-40eb157d2fdf|rpc:172.17.0.2:35489|priority:1, 4f04bfaa-b5ee-4e84-baf7-1b8b2eccc1ea|rpc:172.17.0.2:44143|priority:0, ea22bb70-1677-4cc0-852f-01c880e0a945|rpc:172.17.0.2:35183|priority:0] returns group-33411980B3FD:java.util.concurrent.CompletableFuture@13d74938[Not completed]
2021-01-10 09:03:33,733 [pool-297-thread-1] INFO  server.RaftServer$Division (RaftServerImpl.java:<init>(179)) - d14351cf-a37f-45f4-ac3c-40eb157d2fdf: new RaftServerImpl for group-33411980B3FD:[d14351cf-a37f-45f4-ac3c-40eb157d2fdf|rpc:172.17.0.2:35489|priority:1, 4f04bfaa-b5ee-4e84-baf7-1b8b2eccc1ea|rpc:172.17.0.2:44143|priority:0, ea22bb70-1677-4cc0-852f-01c880e0a945|rpc:172.17.0.2:35183|priority:0] with ContainerStateMachine:uninitialized
2021-01-10 09:03:33,733 [pool-297-thread-1] INFO  server.RaftServerConfigKeys (ConfUtils.java:logGet(44)) - raft.server.rpc.timeout.min = 5s (custom)
2021-01-10 09:03:33,733 [pool-297-thread-1] INFO  server.RaftServerConfigKeys (ConfUtils.java:logGet(44)) - raft.server.rpc.timeout.max = 5200ms (custom)
2021-01-10 09:03:33,733 [pool-297-thread-1] INFO  server.RaftServerConfigKeys (ConfUtils.java:logGet(44)) - raft.server.rpc.sleep.time = 25ms (default)
2021-01-10 09:03:33,734 [pool-297-thread-1] INFO  server.RaftServerConfigKeys (ConfUtils.java:logGet(44)) - raft.server.rpc.slowness.timeout = 300s (custom)
2021-01-10 09:03:33,734 [pool-297-thread-1] INFO  server.RaftServerConfigKeys (ConfUtils.java:logGet(44)) - raft.server.leaderelection.leader.step-down.wait-time = 10s (default)
2021-01-10 09:03:33,734 [pool-297-thread-1] INFO  server.RaftServerConfigKeys (ConfUtils.java:logGet(44)) - raft.server.sleep.deviation.threshold = 300ms (default)
2021-01-10 09:03:33,734 [pool-297-thread-1] INFO  server.RaftServerConfigKeys (ConfUtils.java:logGet(44)) - raft.server.log.appender.install.snapshot.enabled = false (custom)
2021-01-10 09:03:33,734 [pool-297-thread-1] INFO  server.RaftServer$Division (ServerState.java:<init>(103)) - d14351cf-a37f-45f4-ac3c-40eb157d2fdf@group-33411980B3FD: ConfigurationManager, init=-1: [d14351cf-a37f-45f4-ac3c-40eb157d2fdf|rpc:172.17.0.2:35489|priority:1, 4f04bfaa-b5ee-4e84-baf7-1b8b2eccc1ea|rpc:172.17.0.2:44143|priority:0, ea22bb70-1677-4cc0-852f-01c880e0a945|rpc:172.17.0.2:35183|priority:0], old=null, confs=<EMPTY_MAP>
2021-01-10 09:03:33,734 [pool-297-thread-1] INFO  server.RaftServerConfigKeys (ConfUtils.java:logGet(44)) - raft.server.storage.dir = [/github/workspace/mnt/ozone/hadoop-ozone/integration-test/target/test-dir/MiniOzoneClusterImpl-030730bd-5c5c-4c00-b8c2-b15b15404b1a/datanode-3/data/ratis] (custom)
2021-01-10 09:03:33,734 [pool-297-thread-1] INFO  server.RaftServerConfigKeys (ConfUtils.java:logGet(44)) - raft.server.log.corruption.policy = EXCEPTION (default)
2021-01-10 09:03:33,734 [pool-297-thread-1] INFO  storage.RaftStorageDirectory (RaftStorageDirectoryImpl.java:analyzeStorage(132)) - The storage directory /github/workspace/mnt/ozone/hadoop-ozone/integration-test/target/test-dir/MiniOzoneClusterImpl-030730bd-5c5c-4c00-b8c2-b15b15404b1a/datanode-3/data/ratis/07b4a9a4-d4e8-4fe2-8162-33411980b3fd does not exist. Creating ...
2021-01-10 09:03:33,736 [pool-297-thread-1] INFO  storage.RaftStorageDirectory (RaftStorageDirectoryImpl.java:tryLock(215)) - Lock on /github/workspace/mnt/ozone/hadoop-ozone/integration-test/target/test-dir/MiniOzoneClusterImpl-030730bd-5c5c-4c00-b8c2-b15b15404b1a/datanode-3/data/ratis/07b4a9a4-d4e8-4fe2-8162-33411980b3fd/in_use.lock acquired by nodename 31262@84bc77fe8d45
2021-01-10 09:03:33,738 [pool-297-thread-1] INFO  storage.RaftStorage (RaftStorageImpl.java:format(87)) - Storage directory /github/workspace/mnt/ozone/hadoop-ozone/integration-test/target/test-dir/MiniOzoneClusterImpl-030730bd-5c5c-4c00-b8c2-b15b15404b1a/datanode-3/data/ratis/07b4a9a4-d4e8-4fe2-8162-33411980b3fd has been successfully formatted.
2021-01-10 09:03:33,743 [pool-297-thread-1] INFO  ratis.ContainerStateMachine (ContainerStateMachine.java:loadSnapshot(223)) - group-33411980B3FD: The snapshot info is null. Setting the last applied indexto:(t:0, i:~)
2021-01-10 09:03:33,743 [pool-297-thread-1] ERROR storage.RaftStorage (RaftStorageImpl.java:readRaftConfiguration(147)) - Failed reading configuration from file:/github/workspace/mnt/ozone/hadoop-ozone/integration-test/target/test-dir/MiniOzoneClusterImpl-030730bd-5c5c-4c00-b8c2-b15b15404b1a/datanode-3/data/ratis/07b4a9a4-d4e8-4fe2-8162-33411980b3fd/current/raft-meta.conf
java.io.FileNotFoundException: /github/workspace/mnt/ozone/hadoop-ozone/integration-test/target/test-dir/MiniOzoneClusterImpl-030730bd-5c5c-4c00-b8c2-b15b15404b1a/datanode-3/data/ratis/07b4a9a4-d4e8-4fe2-8162-33411980b3fd/current/raft-meta.conf (No such file or directory)
	at java.io.FileInputStream.open0(Native Method)
	at java.io.FileInputStream.open(FileInputStream.java:195)
	at java.io.FileInputStream.<init>(FileInputStream.java:138)
	at org.apache.ratis.server.storage.RaftStorageImpl.readRaftConfiguration(RaftStorageImpl.java:143)
	at org.apache.ratis.server.impl.ServerState.<init>(ServerState.java:113)
	at org.apache.ratis.server.impl.RaftServerImpl.<init>(RaftServerImpl.java:192)
	at org.apache.ratis.server.impl.RaftServerProxy.lambda$newRaftServerImpl$4(RaftServerProxy.java:266)
	at java.util.concurrent.CompletableFuture$AsyncSupply.run(CompletableFuture.java:1604)
	at java.util.concurrent.ThreadPoolExecutor.runWorker(ThreadPoolExecutor.java:1149)
	at java.util.concurrent.ThreadPoolExecutor$Worker.run(ThreadPoolExecutor.java:624)
	at java.lang.Thread.run(Thread.java:748)
2021-01-10 09:03:33,744 [pool-297-thread-1] INFO  server.RaftServerConfigKeys (ConfUtils.java:logGet(44)) - raft.server.notification.no-leader.timeout = 300s (custom)
2021-01-10 09:03:33,744 [pool-297-thread-1] INFO  server.RaftServerConfigKeys (ConfUtils.java:logGet(44)) - raft.server.log.use.memory = false (default)
2021-01-10 09:03:33,744 [pool-297-thread-1] INFO  server.RaftServerConfigKeys (ConfUtils.java:logGet(44)) - raft.server.log.purge.gap = 1000000 (custom)
2021-01-10 09:03:33,744 [pool-297-thread-1] INFO  server.RaftServerConfigKeys (ConfUtils.java:logGet(44)) - raft.server.log.appender.buffer.byte-limit = 33554432 (custom)
2021-01-10 09:03:33,744 [pool-297-thread-1] INFO  metrics.RatisMetrics (RatisMetrics.java:lambda$create$0(36)) - Creating Metrics Registry : ratis.log_worker.d14351cf-a37f-45f4-ac3c-40eb157d2fdf@group-33411980B3FD
2021-01-10 09:03:33,745 [pool-297-thread-1] INFO  server.RaftServerConfigKeys (ConfUtils.java:logGet(44)) - raft.server.log.segment.size.max = 1048576 (custom)
2021-01-10 09:03:33,745 [pool-297-thread-1] INFO  server.RaftServerConfigKeys (ConfUtils.java:logGet(44)) - raft.server.log.segment.cache.num.max = 2 (custom)
2021-01-10 09:03:33,745 [pool-297-thread-1] INFO  server.RaftServerConfigKeys (ConfUtils.java:logGet(44)) - raft.server.log.segment.cache.size.max = 200MB (=209715200) (default)
2021-01-10 09:03:33,745 [pool-297-thread-1] INFO  segmented.SegmentedRaftLogWorker (SegmentedRaftLogWorker.java:<init>(181)) - new d14351cf-a37f-45f4-ac3c-40eb157d2fdf@group-33411980B3FD-SegmentedRaftLogWorker for RaftStorageImpl:Storage Directory /github/workspace/mnt/ozone/hadoop-ozone/integration-test/target/test-dir/MiniOzoneClusterImpl-030730bd-5c5c-4c00-b8c2-b15b15404b1a/datanode-3/data/ratis/07b4a9a4-d4e8-4fe2-8162-33411980b3fd
2021-01-10 09:03:33,745 [pool-297-thread-1] INFO  server.RaftServerConfigKeys (ConfUtils.java:logGet(44)) - raft.server.log.queue.byte-limit = 2147483647 (custom)
2021-01-10 09:03:33,745 [pool-297-thread-1] INFO  server.RaftServerConfigKeys (ConfUtils.java:logGet(44)) - raft.server.log.queue.element-limit = 1024 (custom)
2021-01-10 09:03:33,745 [pool-297-thread-1] INFO  server.RaftServerConfigKeys (ConfUtils.java:logGet(44)) - raft.server.log.segment.size.max = 1048576 (custom)
2021-01-10 09:03:33,745 [pool-297-thread-1] INFO  server.RaftServerConfigKeys (ConfUtils.java:logGet(44)) - raft.server.log.preallocated.size = 16384 (custom)
2021-01-10 09:03:33,745 [pool-297-thread-1] INFO  server.RaftServerConfigKeys (ConfUtils.java:logGet(44)) - raft.server.log.force.sync.num = 128 (default)
2021-01-10 09:03:33,745 [pool-297-thread-1] INFO  server.RaftServerConfigKeys (ConfUtils.java:logGet(44)) - raft.server.log.statemachine.data.sync = true (default)
2021-01-10 09:03:33,745 [pool-297-thread-1] INFO  server.RaftServerConfigKeys (ConfUtils.java:logGet(44)) - raft.server.log.statemachine.data.sync.timeout = 10s (default)
2021-01-10 09:03:33,745 [pool-297-thread-1] INFO  server.RaftServerConfigKeys (ConfUtils.java:logGet(44)) - raft.server.log.statemachine.data.sync.timeout.retry = -1 (default)
2021-01-10 09:03:33,747 [pool-297-thread-1] INFO  server.RaftServerConfigKeys (ConfUtils.java:logGet(44)) - raft.server.log.write.buffer.size = 1048576 (custom)
2021-01-10 09:03:33,748 [pool-297-thread-1] INFO  server.RaftServerConfigKeys (ConfUtils.java:logGet(44)) - raft.server.log.statemachine.data.caching.enabled = true (custom)
2021-01-10 09:03:33,748 [pool-297-thread-1] INFO  segmented.SegmentedRaftLogWorker (SegmentedRaftLogWorker.java:lambda$new$0(132)) - d14351cf-a37f-45f4-ac3c-40eb157d2fdf@group-33411980B3FD-SegmentedRaftLogWorker: flushIndex: setUnconditionally 0 -> -1
2021-01-10 09:03:33,748 [pool-297-thread-1] INFO  segmented.SegmentedRaftLogWorker (SegmentedRaftLogWorker.java:lambda$new$0(132)) - d14351cf-a37f-45f4-ac3c-40eb157d2fdf@group-33411980B3FD-SegmentedRaftLogWorker: safeCacheEvictIndex: setUnconditionally 0 -> -1
2021-01-10 09:03:33,766 [pool-297-thread-1] INFO  server.RaftServerConfigKeys (ConfUtils.java:logGet(44)) - raft.server.snapshot.auto.trigger.enabled = true (custom)
2021-01-10 09:03:33,766 [pool-297-thread-1] INFO  server.RaftServerConfigKeys (ConfUtils.java:logGet(44)) - raft.server.snapshot.auto.trigger.threshold = 10000 (custom)
2021-01-10 09:03:33,766 [pool-297-thread-1] INFO  server.RaftServerConfigKeys (ConfUtils.java:logGet(44)) - raft.server.snapshot.retention.file.num = 5 (custom)
2021-01-10 09:03:33,766 [pool-297-thread-1] INFO  server.RaftServerConfigKeys (ConfUtils.java:logGet(44)) - raft.server.log.purge.upto.snapshot.index = false (default)
2021-01-10 09:03:33,767 [pool-297-thread-1] INFO  server.RaftServerConfigKeys (ConfUtils.java:logGet(44)) - raft.server.retrycache.expirytime = 600000ms (custom)
2021-01-10 09:03:33,767 [pool-297-thread-1] INFO  server.RaftServerConfigKeys (ConfUtils.java:logGet(44)) - raft.server.retrycache.statistics.expirytime = 100?s (default)
2021-01-10 09:03:33,767 [pool-297-thread-1] INFO  metrics.RatisMetrics (RatisMetrics.java:lambda$create$0(36)) - Creating Metrics Registry : ratis.leader_election.d14351cf-a37f-45f4-ac3c-40eb157d2fdf@group-33411980B3FD
2021-01-10 09:03:33,767 [pool-297-thread-1] INFO  metrics.RatisMetrics (RatisMetrics.java:lambda$create$0(36)) - Creating Metrics Registry : ratis.server.d14351cf-a37f-45f4-ac3c-40eb157d2fdf@group-33411980B3FD
2021-01-10 09:03:33,768 [pool-297-thread-1] INFO  server.RaftServer$Division (RaftServerImpl.java:start(294)) - d14351cf-a37f-45f4-ac3c-40eb157d2fdf@group-33411980B3FD: start as a follower, conf=-1: [d14351cf-a37f-45f4-ac3c-40eb157d2fdf|rpc:172.17.0.2:35489|priority:1, 4f04bfaa-b5ee-4e84-baf7-1b8b2eccc1ea|rpc:172.17.0.2:44143|priority:0, ea22bb70-1677-4cc0-852f-01c880e0a945|rpc:172.17.0.2:35183|priority:0], old=null
2021-01-10 09:03:33,768 [pool-297-thread-1] INFO  server.RaftServer$Division (RaftServerImpl.java:setRole(283)) - d14351cf-a37f-45f4-ac3c-40eb157d2fdf@group-33411980B3FD: changes role from      null to FOLLOWER at term 0 for startAsFollower
2021-01-10 09:03:33,770 [pool-297-thread-1] INFO  impl.RoleInfo (RoleInfo.java:updateAndGet(130)) - d14351cf-a37f-45f4-ac3c-40eb157d2fdf: start d14351cf-a37f-45f4-ac3c-40eb157d2fdf@group-33411980B3FD-FollowerState
2021-01-10 09:03:33,779 [pool-297-thread-1] INFO  util.JmxRegister (JmxRegister.java:tryRegister(44)) - Successfully registered JMX Bean with object name Ratis:service=RaftServer,group=group-33411980B3FD,id=d14351cf-a37f-45f4-ac3c-40eb157d2fdf
2021-01-10 09:03:33,779 [pool-297-thread-1] INFO  metrics.RatisMetrics (RatisMetrics.java:lambda$create$0(36)) - Creating Metrics Registry : ratis.state_machine.d14351cf-a37f-45f4-ac3c-40eb157d2fdf@group-33411980B3FD
2021-01-10 09:03:33,780 [Command processor thread] INFO  metrics.RatisMetrics (RatisMetrics.java:lambda$create$0(36)) - Creating Metrics Registry : ratis.client_message_metrics.client-831A5A4AE5BE->ea22bb70-1677-4cc0-852f-01c880e0a945
2021-01-10 09:03:33,787 [grpc-default-executor-1] INFO  metrics.RatisMetrics (RatisMetrics.java:lambda$create$0(36)) - Creating Metrics Registry : ratis.server_message_metrics.ea22bb70-1677-4cc0-852f-01c880e0a945
2021-01-10 09:03:33,790 [grpc-default-executor-1] INFO  server.RaftServer (RaftServerProxy.java:addNew(95)) - ea22bb70-1677-4cc0-852f-01c880e0a945: addNew group-33411980B3FD:[d14351cf-a37f-45f4-ac3c-40eb157d2fdf|rpc:172.17.0.2:35489|dataStream:|priority:1, 4f04bfaa-b5ee-4e84-baf7-1b8b2eccc1ea|rpc:172.17.0.2:44143|dataStream:|priority:0, ea22bb70-1677-4cc0-852f-01c880e0a945|rpc:172.17.0.2:35183|dataStream:|priority:0] returns group-33411980B3FD:java.util.concurrent.CompletableFuture@2f59dbd9[Not completed]
2021-01-10 09:03:33,792 [pool-329-thread-1] INFO  server.RaftServer$Division (RaftServerImpl.java:<init>(179)) - ea22bb70-1677-4cc0-852f-01c880e0a945: new RaftServerImpl for group-33411980B3FD:[d14351cf-a37f-45f4-ac3c-40eb157d2fdf|rpc:172.17.0.2:35489|dataStream:|priority:1, 4f04bfaa-b5ee-4e84-baf7-1b8b2eccc1ea|rpc:172.17.0.2:44143|dataStream:|priority:0, ea22bb70-1677-4cc0-852f-01c880e0a945|rpc:172.17.0.2:35183|dataStream:|priority:0] with ContainerStateMachine:uninitialized
2021-01-10 09:03:33,795 [pool-329-thread-1] INFO  server.RaftServerConfigKeys (ConfUtils.java:logGet(44)) - raft.server.rpc.timeout.min = 5s (custom)
2021-01-10 09:03:33,795 [pool-329-thread-1] INFO  server.RaftServerConfigKeys (ConfUtils.java:logGet(44)) - raft.server.rpc.timeout.max = 5200ms (custom)
2021-01-10 09:03:33,795 [pool-329-thread-1] INFO  server.RaftServerConfigKeys (ConfUtils.java:logGet(44)) - raft.server.rpc.sleep.time = 25ms (default)
2021-01-10 09:03:33,796 [pool-329-thread-1] INFO  server.RaftServerConfigKeys (ConfUtils.java:logGet(44)) - raft.server.rpc.slowness.timeout = 300s (custom)
2021-01-10 09:03:33,796 [pool-329-thread-1] INFO  server.RaftServerConfigKeys (ConfUtils.java:logGet(44)) - raft.server.leaderelection.leader.step-down.wait-time = 10s (default)
2021-01-10 09:03:33,796 [pool-329-thread-1] INFO  server.RaftServerConfigKeys (ConfUtils.java:logGet(44)) - raft.server.sleep.deviation.threshold = 300ms (default)
2021-01-10 09:03:33,796 [pool-329-thread-1] INFO  server.RaftServerConfigKeys (ConfUtils.java:logGet(44)) - raft.server.log.appender.install.snapshot.enabled = false (custom)
2021-01-10 09:03:33,796 [pool-329-thread-1] INFO  server.RaftServer$Division (ServerState.java:<init>(103)) - ea22bb70-1677-4cc0-852f-01c880e0a945@group-33411980B3FD: ConfigurationManager, init=-1: [d14351cf-a37f-45f4-ac3c-40eb157d2fdf|rpc:172.17.0.2:35489|dataStream:|priority:1, 4f04bfaa-b5ee-4e84-baf7-1b8b2eccc1ea|rpc:172.17.0.2:44143|dataStream:|priority:0, ea22bb70-1677-4cc0-852f-01c880e0a945|rpc:172.17.0.2:35183|dataStream:|priority:0], old=null, confs=<EMPTY_MAP>
2021-01-10 09:03:33,796 [pool-329-thread-1] INFO  server.RaftServerConfigKeys (ConfUtils.java:logGet(44)) - raft.server.storage.dir = [/github/workspace/mnt/ozone/hadoop-ozone/integration-test/target/test-dir/MiniOzoneClusterImpl-030730bd-5c5c-4c00-b8c2-b15b15404b1a/datanode-5/data/ratis] (custom)
2021-01-10 09:03:33,796 [pool-329-thread-1] INFO  server.RaftServerConfigKeys (ConfUtils.java:logGet(44)) - raft.server.log.corruption.policy = EXCEPTION (default)
2021-01-10 09:03:33,797 [pool-329-thread-1] INFO  storage.RaftStorageDirectory (RaftStorageDirectoryImpl.java:analyzeStorage(132)) - The storage directory /github/workspace/mnt/ozone/hadoop-ozone/integration-test/target/test-dir/MiniOzoneClusterImpl-030730bd-5c5c-4c00-b8c2-b15b15404b1a/datanode-5/data/ratis/07b4a9a4-d4e8-4fe2-8162-33411980b3fd does not exist. Creating ...
2021-01-10 09:03:33,799 [pool-329-thread-1] INFO  storage.RaftStorageDirectory (RaftStorageDirectoryImpl.java:tryLock(215)) - Lock on /github/workspace/mnt/ozone/hadoop-ozone/integration-test/target/test-dir/MiniOzoneClusterImpl-030730bd-5c5c-4c00-b8c2-b15b15404b1a/datanode-5/data/ratis/07b4a9a4-d4e8-4fe2-8162-33411980b3fd/in_use.lock acquired by nodename 31262@84bc77fe8d45
2021-01-10 09:03:33,800 [pool-329-thread-1] INFO  storage.RaftStorage (RaftStorageImpl.java:format(87)) - Storage directory /github/workspace/mnt/ozone/hadoop-ozone/integration-test/target/test-dir/MiniOzoneClusterImpl-030730bd-5c5c-4c00-b8c2-b15b15404b1a/datanode-5/data/ratis/07b4a9a4-d4e8-4fe2-8162-33411980b3fd has been successfully formatted.
2021-01-10 09:03:33,801 [pool-329-thread-1] INFO  ratis.ContainerStateMachine (ContainerStateMachine.java:loadSnapshot(223)) - group-33411980B3FD: The snapshot info is null. Setting the last applied indexto:(t:0, i:~)
2021-01-10 09:03:33,801 [pool-329-thread-1] ERROR storage.RaftStorage (RaftStorageImpl.java:readRaftConfiguration(147)) - Failed reading configuration from file:/github/workspace/mnt/ozone/hadoop-ozone/integration-test/target/test-dir/MiniOzoneClusterImpl-030730bd-5c5c-4c00-b8c2-b15b15404b1a/datanode-5/data/ratis/07b4a9a4-d4e8-4fe2-8162-33411980b3fd/current/raft-meta.conf
java.io.FileNotFoundException: /github/workspace/mnt/ozone/hadoop-ozone/integration-test/target/test-dir/MiniOzoneClusterImpl-030730bd-5c5c-4c00-b8c2-b15b15404b1a/datanode-5/data/ratis/07b4a9a4-d4e8-4fe2-8162-33411980b3fd/current/raft-meta.conf (No such file or directory)
	at java.io.FileInputStream.open0(Native Method)
	at java.io.FileInputStream.open(FileInputStream.java:195)
	at java.io.FileInputStream.<init>(FileInputStream.java:138)
	at org.apache.ratis.server.storage.RaftStorageImpl.readRaftConfiguration(RaftStorageImpl.java:143)
	at org.apache.ratis.server.impl.ServerState.<init>(ServerState.java:113)
	at org.apache.ratis.server.impl.RaftServerImpl.<init>(RaftServerImpl.java:192)
	at org.apache.ratis.server.impl.RaftServerProxy.lambda$newRaftServerImpl$4(RaftServerProxy.java:266)
	at java.util.concurrent.CompletableFuture$AsyncSupply.run(CompletableFuture.java:1604)
	at java.util.concurrent.ThreadPoolExecutor.runWorker(ThreadPoolExecutor.java:1149)
	at java.util.concurrent.ThreadPoolExecutor$Worker.run(ThreadPoolExecutor.java:624)
	at java.lang.Thread.run(Thread.java:748)
2021-01-10 09:03:33,801 [pool-329-thread-1] INFO  server.RaftServerConfigKeys (ConfUtils.java:logGet(44)) - raft.server.notification.no-leader.timeout = 300s (custom)
2021-01-10 09:03:33,801 [pool-329-thread-1] INFO  server.RaftServerConfigKeys (ConfUtils.java:logGet(44)) - raft.server.log.use.memory = false (default)
2021-01-10 09:03:33,801 [pool-329-thread-1] INFO  server.RaftServerConfigKeys (ConfUtils.java:logGet(44)) - raft.server.log.purge.gap = 1000000 (custom)
2021-01-10 09:03:33,801 [pool-329-thread-1] INFO  server.RaftServerConfigKeys (ConfUtils.java:logGet(44)) - raft.server.log.appender.buffer.byte-limit = 33554432 (custom)
2021-01-10 09:03:33,801 [pool-329-thread-1] INFO  metrics.RatisMetrics (RatisMetrics.java:lambda$create$0(36)) - Creating Metrics Registry : ratis.log_worker.ea22bb70-1677-4cc0-852f-01c880e0a945@group-33411980B3FD
2021-01-10 09:03:33,801 [pool-329-thread-1] INFO  server.RaftServerConfigKeys (ConfUtils.java:logGet(44)) - raft.server.log.segment.size.max = 1048576 (custom)
2021-01-10 09:03:33,802 [pool-329-thread-1] INFO  server.RaftServerConfigKeys (ConfUtils.java:logGet(44)) - raft.server.log.segment.cache.num.max = 2 (custom)
2021-01-10 09:03:33,802 [pool-329-thread-1] INFO  server.RaftServerConfigKeys (ConfUtils.java:logGet(44)) - raft.server.log.segment.cache.size.max = 200MB (=209715200) (default)
2021-01-10 09:03:33,802 [pool-329-thread-1] INFO  segmented.SegmentedRaftLogWorker (SegmentedRaftLogWorker.java:<init>(181)) - new ea22bb70-1677-4cc0-852f-01c880e0a945@group-33411980B3FD-SegmentedRaftLogWorker for RaftStorageImpl:Storage Directory /github/workspace/mnt/ozone/hadoop-ozone/integration-test/target/test-dir/MiniOzoneClusterImpl-030730bd-5c5c-4c00-b8c2-b15b15404b1a/datanode-5/data/ratis/07b4a9a4-d4e8-4fe2-8162-33411980b3fd
2021-01-10 09:03:33,802 [pool-329-thread-1] INFO  server.RaftServerConfigKeys (ConfUtils.java:logGet(44)) - raft.server.log.queue.byte-limit = 2147483647 (custom)
2021-01-10 09:03:33,802 [pool-329-thread-1] INFO  server.RaftServerConfigKeys (ConfUtils.java:logGet(44)) - raft.server.log.queue.element-limit = 1024 (custom)
2021-01-10 09:03:33,802 [pool-329-thread-1] INFO  server.RaftServerConfigKeys (ConfUtils.java:logGet(44)) - raft.server.log.segment.size.max = 1048576 (custom)
2021-01-10 09:03:33,803 [pool-329-thread-1] INFO  server.RaftServerConfigKeys (ConfUtils.java:logGet(44)) - raft.server.log.preallocated.size = 16384 (custom)
2021-01-10 09:03:33,803 [pool-329-thread-1] INFO  server.RaftServerConfigKeys (ConfUtils.java:logGet(44)) - raft.server.log.force.sync.num = 128 (default)
2021-01-10 09:03:33,803 [pool-329-thread-1] INFO  server.RaftServerConfigKeys (ConfUtils.java:logGet(44)) - raft.server.log.statemachine.data.sync = true (default)
2021-01-10 09:03:33,803 [pool-329-thread-1] INFO  server.RaftServerConfigKeys (ConfUtils.java:logGet(44)) - raft.server.log.statemachine.data.sync.timeout = 10s (default)
2021-01-10 09:03:33,803 [pool-329-thread-1] INFO  server.RaftServerConfigKeys (ConfUtils.java:logGet(44)) - raft.server.log.statemachine.data.sync.timeout.retry = -1 (default)
2021-01-10 09:03:33,815 [pool-329-thread-1] INFO  server.RaftServerConfigKeys (ConfUtils.java:logGet(44)) - raft.server.log.write.buffer.size = 1048576 (custom)
2021-01-10 09:03:33,816 [pool-329-thread-1] INFO  server.RaftServerConfigKeys (ConfUtils.java:logGet(44)) - raft.server.log.statemachine.data.caching.enabled = true (custom)
2021-01-10 09:03:33,816 [pool-329-thread-1] INFO  segmented.SegmentedRaftLogWorker (SegmentedRaftLogWorker.java:lambda$new$0(132)) - ea22bb70-1677-4cc0-852f-01c880e0a945@group-33411980B3FD-SegmentedRaftLogWorker: flushIndex: setUnconditionally 0 -> -1
2021-01-10 09:03:33,816 [pool-329-thread-1] INFO  segmented.SegmentedRaftLogWorker (SegmentedRaftLogWorker.java:lambda$new$0(132)) - ea22bb70-1677-4cc0-852f-01c880e0a945@group-33411980B3FD-SegmentedRaftLogWorker: safeCacheEvictIndex: setUnconditionally 0 -> -1
2021-01-10 09:03:33,823 [pool-329-thread-1] INFO  server.RaftServerConfigKeys (ConfUtils.java:logGet(44)) - raft.server.snapshot.auto.trigger.enabled = true (custom)
2021-01-10 09:03:33,824 [pool-329-thread-1] INFO  server.RaftServerConfigKeys (ConfUtils.java:logGet(44)) - raft.server.snapshot.auto.trigger.threshold = 10000 (custom)
2021-01-10 09:03:33,824 [pool-329-thread-1] INFO  server.RaftServerConfigKeys (ConfUtils.java:logGet(44)) - raft.server.snapshot.retention.file.num = 5 (custom)
2021-01-10 09:03:33,824 [pool-329-thread-1] INFO  server.RaftServerConfigKeys (ConfUtils.java:logGet(44)) - raft.server.log.purge.upto.snapshot.index = false (default)
2021-01-10 09:03:33,830 [pool-329-thread-1] INFO  server.RaftServerConfigKeys (ConfUtils.java:logGet(44)) - raft.server.retrycache.expirytime = 600000ms (custom)
2021-01-10 09:03:33,830 [pool-329-thread-1] INFO  server.RaftServerConfigKeys (ConfUtils.java:logGet(44)) - raft.server.retrycache.statistics.expirytime = 100?s (default)
2021-01-10 09:03:33,830 [pool-329-thread-1] INFO  metrics.RatisMetrics (RatisMetrics.java:lambda$create$0(36)) - Creating Metrics Registry : ratis.leader_election.ea22bb70-1677-4cc0-852f-01c880e0a945@group-33411980B3FD
2021-01-10 09:03:33,831 [pool-329-thread-1] INFO  metrics.RatisMetrics (RatisMetrics.java:lambda$create$0(36)) - Creating Metrics Registry : ratis.server.ea22bb70-1677-4cc0-852f-01c880e0a945@group-33411980B3FD
2021-01-10 09:03:33,832 [pool-329-thread-1] INFO  server.RaftServer$Division (RaftServerImpl.java:start(294)) - ea22bb70-1677-4cc0-852f-01c880e0a945@group-33411980B3FD: start as a follower, conf=-1: [d14351cf-a37f-45f4-ac3c-40eb157d2fdf|rpc:172.17.0.2:35489|dataStream:|priority:1, 4f04bfaa-b5ee-4e84-baf7-1b8b2eccc1ea|rpc:172.17.0.2:44143|dataStream:|priority:0, ea22bb70-1677-4cc0-852f-01c880e0a945|rpc:172.17.0.2:35183|dataStream:|priority:0], old=null
2021-01-10 09:03:33,832 [pool-329-thread-1] INFO  server.RaftServer$Division (RaftServerImpl.java:setRole(283)) - ea22bb70-1677-4cc0-852f-01c880e0a945@group-33411980B3FD: changes role from      null to FOLLOWER at term 0 for startAsFollower
2021-01-10 09:03:33,839 [pool-329-thread-1] INFO  impl.RoleInfo (RoleInfo.java:updateAndGet(130)) - ea22bb70-1677-4cc0-852f-01c880e0a945: start ea22bb70-1677-4cc0-852f-01c880e0a945@group-33411980B3FD-FollowerState
2021-01-10 09:03:33,840 [pool-329-thread-1] INFO  util.JmxRegister (JmxRegister.java:tryRegister(44)) - Successfully registered JMX Bean with object name Ratis:service=RaftServer,group=group-33411980B3FD,id=ea22bb70-1677-4cc0-852f-01c880e0a945
2021-01-10 09:03:33,840 [pool-329-thread-1] INFO  metrics.RatisMetrics (RatisMetrics.java:lambda$create$0(36)) - Creating Metrics Registry : ratis.state_machine.ea22bb70-1677-4cc0-852f-01c880e0a945@group-33411980B3FD
2021-01-10 09:03:33,847 [Command processor thread] INFO  metrics.RatisMetrics (RatisMetrics.java:lambda$create$0(36)) - Creating Metrics Registry : ratis.client_message_metrics.client-77BD32074F85->4f04bfaa-b5ee-4e84-baf7-1b8b2eccc1ea
2021-01-10 09:03:33,855 [grpc-default-executor-0] INFO  metrics.RatisMetrics (RatisMetrics.java:lambda$create$0(36)) - Creating Metrics Registry : ratis.server_message_metrics.4f04bfaa-b5ee-4e84-baf7-1b8b2eccc1ea
2021-01-10 09:03:33,857 [grpc-default-executor-0] INFO  server.RaftServer (RaftServerProxy.java:addNew(95)) - 4f04bfaa-b5ee-4e84-baf7-1b8b2eccc1ea: addNew group-33411980B3FD:[d14351cf-a37f-45f4-ac3c-40eb157d2fdf|rpc:172.17.0.2:35489|dataStream:|priority:1, 4f04bfaa-b5ee-4e84-baf7-1b8b2eccc1ea|rpc:172.17.0.2:44143|dataStream:|priority:0, ea22bb70-1677-4cc0-852f-01c880e0a945|rpc:172.17.0.2:35183|dataStream:|priority:0] returns group-33411980B3FD:java.util.concurrent.CompletableFuture@58214d11[Not completed]
2021-01-10 09:03:33,862 [pool-313-thread-1] INFO  server.RaftServer$Division (RaftServerImpl.java:<init>(179)) - 4f04bfaa-b5ee-4e84-baf7-1b8b2eccc1ea: new RaftServerImpl for group-33411980B3FD:[d14351cf-a37f-45f4-ac3c-40eb157d2fdf|rpc:172.17.0.2:35489|dataStream:|priority:1, 4f04bfaa-b5ee-4e84-baf7-1b8b2eccc1ea|rpc:172.17.0.2:44143|dataStream:|priority:0, ea22bb70-1677-4cc0-852f-01c880e0a945|rpc:172.17.0.2:35183|dataStream:|priority:0] with ContainerStateMachine:uninitialized
2021-01-10 09:03:33,875 [pool-313-thread-1] INFO  server.RaftServerConfigKeys (ConfUtils.java:logGet(44)) - raft.server.rpc.timeout.min = 5s (custom)
2021-01-10 09:03:33,875 [pool-313-thread-1] INFO  server.RaftServerConfigKeys (ConfUtils.java:logGet(44)) - raft.server.rpc.timeout.max = 5200ms (custom)
2021-01-10 09:03:33,875 [pool-313-thread-1] INFO  server.RaftServerConfigKeys (ConfUtils.java:logGet(44)) - raft.server.rpc.sleep.time = 25ms (default)
2021-01-10 09:03:33,875 [pool-313-thread-1] INFO  server.RaftServerConfigKeys (ConfUtils.java:logGet(44)) - raft.server.rpc.slowness.timeout = 300s (custom)
2021-01-10 09:03:33,875 [pool-313-thread-1] INFO  server.RaftServerConfigKeys (ConfUtils.java:logGet(44)) - raft.server.leaderelection.leader.step-down.wait-time = 10s (default)
2021-01-10 09:03:33,875 [pool-313-thread-1] INFO  server.RaftServerConfigKeys (ConfUtils.java:logGet(44)) - raft.server.sleep.deviation.threshold = 300ms (default)
2021-01-10 09:03:33,875 [pool-313-thread-1] INFO  server.RaftServerConfigKeys (ConfUtils.java:logGet(44)) - raft.server.log.appender.install.snapshot.enabled = false (custom)
2021-01-10 09:03:33,876 [pool-313-thread-1] INFO  server.RaftServer$Division (ServerState.java:<init>(103)) - 4f04bfaa-b5ee-4e84-baf7-1b8b2eccc1ea@group-33411980B3FD: ConfigurationManager, init=-1: [d14351cf-a37f-45f4-ac3c-40eb157d2fdf|rpc:172.17.0.2:35489|dataStream:|priority:1, 4f04bfaa-b5ee-4e84-baf7-1b8b2eccc1ea|rpc:172.17.0.2:44143|dataStream:|priority:0, ea22bb70-1677-4cc0-852f-01c880e0a945|rpc:172.17.0.2:35183|dataStream:|priority:0], old=null, confs=<EMPTY_MAP>
2021-01-10 09:03:33,876 [pool-313-thread-1] INFO  server.RaftServerConfigKeys (ConfUtils.java:logGet(44)) - raft.server.storage.dir = [/github/workspace/mnt/ozone/hadoop-ozone/integration-test/target/test-dir/MiniOzoneClusterImpl-030730bd-5c5c-4c00-b8c2-b15b15404b1a/datanode-4/data/ratis] (custom)
2021-01-10 09:03:33,876 [pool-313-thread-1] INFO  server.RaftServerConfigKeys (ConfUtils.java:logGet(44)) - raft.server.log.corruption.policy = EXCEPTION (default)
2021-01-10 09:03:33,876 [pool-313-thread-1] INFO  storage.RaftStorageDirectory (RaftStorageDirectoryImpl.java:analyzeStorage(132)) - The storage directory /github/workspace/mnt/ozone/hadoop-ozone/integration-test/target/test-dir/MiniOzoneClusterImpl-030730bd-5c5c-4c00-b8c2-b15b15404b1a/datanode-4/data/ratis/07b4a9a4-d4e8-4fe2-8162-33411980b3fd does not exist. Creating ...
2021-01-10 09:03:33,877 [pool-313-thread-1] INFO  storage.RaftStorageDirectory (RaftStorageDirectoryImpl.java:tryLock(215)) - Lock on /github/workspace/mnt/ozone/hadoop-ozone/integration-test/target/test-dir/MiniOzoneClusterImpl-030730bd-5c5c-4c00-b8c2-b15b15404b1a/datanode-4/data/ratis/07b4a9a4-d4e8-4fe2-8162-33411980b3fd/in_use.lock acquired by nodename 31262@84bc77fe8d45
2021-01-10 09:03:33,880 [pool-313-thread-1] INFO  storage.RaftStorage (RaftStorageImpl.java:format(87)) - Storage directory /github/workspace/mnt/ozone/hadoop-ozone/integration-test/target/test-dir/MiniOzoneClusterImpl-030730bd-5c5c-4c00-b8c2-b15b15404b1a/datanode-4/data/ratis/07b4a9a4-d4e8-4fe2-8162-33411980b3fd has been successfully formatted.
2021-01-10 09:03:33,881 [pool-313-thread-1] INFO  ratis.ContainerStateMachine (ContainerStateMachine.java:loadSnapshot(223)) - group-33411980B3FD: The snapshot info is null. Setting the last applied indexto:(t:0, i:~)
2021-01-10 09:03:33,881 [pool-313-thread-1] ERROR storage.RaftStorage (RaftStorageImpl.java:readRaftConfiguration(147)) - Failed reading configuration from file:/github/workspace/mnt/ozone/hadoop-ozone/integration-test/target/test-dir/MiniOzoneClusterImpl-030730bd-5c5c-4c00-b8c2-b15b15404b1a/datanode-4/data/ratis/07b4a9a4-d4e8-4fe2-8162-33411980b3fd/current/raft-meta.conf
java.io.FileNotFoundException: /github/workspace/mnt/ozone/hadoop-ozone/integration-test/target/test-dir/MiniOzoneClusterImpl-030730bd-5c5c-4c00-b8c2-b15b15404b1a/datanode-4/data/ratis/07b4a9a4-d4e8-4fe2-8162-33411980b3fd/current/raft-meta.conf (No such file or directory)
	at java.io.FileInputStream.open0(Native Method)
	at java.io.FileInputStream.open(FileInputStream.java:195)
	at java.io.FileInputStream.<init>(FileInputStream.java:138)
	at org.apache.ratis.server.storage.RaftStorageImpl.readRaftConfiguration(RaftStorageImpl.java:143)
	at org.apache.ratis.server.impl.ServerState.<init>(ServerState.java:113)
	at org.apache.ratis.server.impl.RaftServerImpl.<init>(RaftServerImpl.java:192)
	at org.apache.ratis.server.impl.RaftServerProxy.lambda$newRaftServerImpl$4(RaftServerProxy.java:266)
	at java.util.concurrent.CompletableFuture$AsyncSupply.run(CompletableFuture.java:1604)
	at java.util.concurrent.ThreadPoolExecutor.runWorker(ThreadPoolExecutor.java:1149)
	at java.util.concurrent.ThreadPoolExecutor$Worker.run(ThreadPoolExecutor.java:624)
	at java.lang.Thread.run(Thread.java:748)
2021-01-10 09:03:33,881 [pool-313-thread-1] INFO  server.RaftServerConfigKeys (ConfUtils.java:logGet(44)) - raft.server.notification.no-leader.timeout = 300s (custom)
2021-01-10 09:03:33,881 [pool-313-thread-1] INFO  server.RaftServerConfigKeys (ConfUtils.java:logGet(44)) - raft.server.log.use.memory = false (default)
2021-01-10 09:03:33,881 [pool-313-thread-1] INFO  server.RaftServerConfigKeys (ConfUtils.java:logGet(44)) - raft.server.log.purge.gap = 1000000 (custom)
2021-01-10 09:03:33,881 [pool-313-thread-1] INFO  server.RaftServerConfigKeys (ConfUtils.java:logGet(44)) - raft.server.log.appender.buffer.byte-limit = 33554432 (custom)
2021-01-10 09:03:33,881 [pool-313-thread-1] INFO  metrics.RatisMetrics (RatisMetrics.java:lambda$create$0(36)) - Creating Metrics Registry : ratis.log_worker.4f04bfaa-b5ee-4e84-baf7-1b8b2eccc1ea@group-33411980B3FD
2021-01-10 09:03:33,881 [pool-313-thread-1] INFO  server.RaftServerConfigKeys (ConfUtils.java:logGet(44)) - raft.server.log.segment.size.max = 1048576 (custom)
2021-01-10 09:03:33,882 [pool-313-thread-1] INFO  server.RaftServerConfigKeys (ConfUtils.java:logGet(44)) - raft.server.log.segment.cache.num.max = 2 (custom)
2021-01-10 09:03:33,882 [pool-313-thread-1] INFO  server.RaftServerConfigKeys (ConfUtils.java:logGet(44)) - raft.server.log.segment.cache.size.max = 200MB (=209715200) (default)
2021-01-10 09:03:33,882 [pool-313-thread-1] INFO  segmented.SegmentedRaftLogWorker (SegmentedRaftLogWorker.java:<init>(181)) - new 4f04bfaa-b5ee-4e84-baf7-1b8b2eccc1ea@group-33411980B3FD-SegmentedRaftLogWorker for RaftStorageImpl:Storage Directory /github/workspace/mnt/ozone/hadoop-ozone/integration-test/target/test-dir/MiniOzoneClusterImpl-030730bd-5c5c-4c00-b8c2-b15b15404b1a/datanode-4/data/ratis/07b4a9a4-d4e8-4fe2-8162-33411980b3fd
2021-01-10 09:03:33,882 [pool-313-thread-1] INFO  server.RaftServerConfigKeys (ConfUtils.java:logGet(44)) - raft.server.log.queue.byte-limit = 2147483647 (custom)
2021-01-10 09:03:33,882 [pool-313-thread-1] INFO  server.RaftServerConfigKeys (ConfUtils.java:logGet(44)) - raft.server.log.queue.element-limit = 1024 (custom)
2021-01-10 09:03:33,882 [pool-313-thread-1] INFO  server.RaftServerConfigKeys (ConfUtils.java:logGet(44)) - raft.server.log.segment.size.max = 1048576 (custom)
2021-01-10 09:03:33,882 [pool-313-thread-1] INFO  server.RaftServerConfigKeys (ConfUtils.java:logGet(44)) - raft.server.log.preallocated.size = 16384 (custom)
2021-01-10 09:03:33,882 [pool-313-thread-1] INFO  server.RaftServerConfigKeys (ConfUtils.java:logGet(44)) - raft.server.log.force.sync.num = 128 (default)
2021-01-10 09:03:33,882 [pool-313-thread-1] INFO  server.RaftServerConfigKeys (ConfUtils.java:logGet(44)) - raft.server.log.statemachine.data.sync = true (default)
2021-01-10 09:03:33,882 [pool-313-thread-1] INFO  server.RaftServerConfigKeys (ConfUtils.java:logGet(44)) - raft.server.log.statemachine.data.sync.timeout = 10s (default)
2021-01-10 09:03:33,882 [pool-313-thread-1] INFO  server.RaftServerConfigKeys (ConfUtils.java:logGet(44)) - raft.server.log.statemachine.data.sync.timeout.retry = -1 (default)
2021-01-10 09:03:33,891 [pool-313-thread-1] INFO  server.RaftServerConfigKeys (ConfUtils.java:logGet(44)) - raft.server.log.write.buffer.size = 1048576 (custom)
2021-01-10 09:03:33,892 [pool-313-thread-1] INFO  server.RaftServerConfigKeys (ConfUtils.java:logGet(44)) - raft.server.log.statemachine.data.caching.enabled = true (custom)
2021-01-10 09:03:33,892 [pool-313-thread-1] INFO  segmented.SegmentedRaftLogWorker (SegmentedRaftLogWorker.java:lambda$new$0(132)) - 4f04bfaa-b5ee-4e84-baf7-1b8b2eccc1ea@group-33411980B3FD-SegmentedRaftLogWorker: flushIndex: setUnconditionally 0 -> -1
2021-01-10 09:03:33,892 [pool-313-thread-1] INFO  segmented.SegmentedRaftLogWorker (SegmentedRaftLogWorker.java:lambda$new$0(132)) - 4f04bfaa-b5ee-4e84-baf7-1b8b2eccc1ea@group-33411980B3FD-SegmentedRaftLogWorker: safeCacheEvictIndex: setUnconditionally 0 -> -1
2021-01-10 09:03:33,896 [pool-313-thread-1] INFO  server.RaftServerConfigKeys (ConfUtils.java:logGet(44)) - raft.server.snapshot.auto.trigger.enabled = true (custom)
2021-01-10 09:03:33,896 [pool-313-thread-1] INFO  server.RaftServerConfigKeys (ConfUtils.java:logGet(44)) - raft.server.snapshot.auto.trigger.threshold = 10000 (custom)
2021-01-10 09:03:33,896 [pool-313-thread-1] INFO  server.RaftServerConfigKeys (ConfUtils.java:logGet(44)) - raft.server.snapshot.retention.file.num = 5 (custom)
2021-01-10 09:03:33,896 [pool-313-thread-1] INFO  server.RaftServerConfigKeys (ConfUtils.java:logGet(44)) - raft.server.log.purge.upto.snapshot.index = false (default)
2021-01-10 09:03:33,896 [pool-313-thread-1] INFO  server.RaftServerConfigKeys (ConfUtils.java:logGet(44)) - raft.server.retrycache.expirytime = 600000ms (custom)
2021-01-10 09:03:33,896 [pool-313-thread-1] INFO  server.RaftServerConfigKeys (ConfUtils.java:logGet(44)) - raft.server.retrycache.statistics.expirytime = 100?s (default)
2021-01-10 09:03:33,896 [pool-313-thread-1] INFO  metrics.RatisMetrics (RatisMetrics.java:lambda$create$0(36)) - Creating Metrics Registry : ratis.leader_election.4f04bfaa-b5ee-4e84-baf7-1b8b2eccc1ea@group-33411980B3FD
2021-01-10 09:03:33,897 [pool-313-thread-1] INFO  metrics.RatisMetrics (RatisMetrics.java:lambda$create$0(36)) - Creating Metrics Registry : ratis.server.4f04bfaa-b5ee-4e84-baf7-1b8b2eccc1ea@group-33411980B3FD
2021-01-10 09:03:33,898 [pool-313-thread-1] INFO  server.RaftServer$Division (RaftServerImpl.java:start(294)) - 4f04bfaa-b5ee-4e84-baf7-1b8b2eccc1ea@group-33411980B3FD: start as a follower, conf=-1: [d14351cf-a37f-45f4-ac3c-40eb157d2fdf|rpc:172.17.0.2:35489|dataStream:|priority:1, 4f04bfaa-b5ee-4e84-baf7-1b8b2eccc1ea|rpc:172.17.0.2:44143|dataStream:|priority:0, ea22bb70-1677-4cc0-852f-01c880e0a945|rpc:172.17.0.2:35183|dataStream:|priority:0], old=null
2021-01-10 09:03:33,898 [pool-313-thread-1] INFO  server.RaftServer$Division (RaftServerImpl.java:setRole(283)) - 4f04bfaa-b5ee-4e84-baf7-1b8b2eccc1ea@group-33411980B3FD: changes role from      null to FOLLOWER at term 0 for startAsFollower
2021-01-10 09:03:33,899 [pool-313-thread-1] INFO  impl.RoleInfo (RoleInfo.java:updateAndGet(130)) - 4f04bfaa-b5ee-4e84-baf7-1b8b2eccc1ea: start 4f04bfaa-b5ee-4e84-baf7-1b8b2eccc1ea@group-33411980B3FD-FollowerState
2021-01-10 09:03:33,900 [pool-313-thread-1] INFO  util.JmxRegister (JmxRegister.java:tryRegister(44)) - Successfully registered JMX Bean with object name Ratis:service=RaftServer,group=group-33411980B3FD,id=4f04bfaa-b5ee-4e84-baf7-1b8b2eccc1ea
2021-01-10 09:03:33,900 [pool-313-thread-1] INFO  metrics.RatisMetrics (RatisMetrics.java:lambda$create$0(36)) - Creating Metrics Registry : ratis.state_machine.4f04bfaa-b5ee-4e84-baf7-1b8b2eccc1ea@group-33411980B3FD
2021-01-10 09:03:33,905 [Command processor thread] INFO  commandhandler.CreatePipelineCommandHandler (CreatePipelineCommandHandler.java:handle(106)) - Created Pipeline RATIS THREE PipelineID=07b4a9a4-d4e8-4fe2-8162-33411980b3fd.
2021-01-10 09:03:34,489 [ReplicationMonitor] INFO  container.ReplicationManager (ReplicationManager.java:run(250)) - Replication Monitor Thread took 0 milliseconds for processing 3 containers.
2021-01-10 09:03:34,802 [Thread-855] INFO  impl.FollowerState (FollowerState.java:run(133)) - d14351cf-a37f-45f4-ac3c-40eb157d2fdf@group-59362A71A594-FollowerState: change to CANDIDATE, lastRpcElapsedTime:5061135502ns, electionTimeout:5060ms
2021-01-10 09:03:34,802 [Thread-855] INFO  impl.RoleInfo (RoleInfo.java:shutdownFollowerState(108)) - d14351cf-a37f-45f4-ac3c-40eb157d2fdf: shutdown d14351cf-a37f-45f4-ac3c-40eb157d2fdf@group-59362A71A594-FollowerState
2021-01-10 09:03:34,802 [Thread-855] INFO  server.RaftServer$Division (RaftServerImpl.java:setRole(283)) - d14351cf-a37f-45f4-ac3c-40eb157d2fdf@group-59362A71A594: changes role from  FOLLOWER to CANDIDATE at term 0 for changeToCandidate
2021-01-10 09:03:34,802 [Thread-855] INFO  impl.RoleInfo (RoleInfo.java:updateAndGet(130)) - d14351cf-a37f-45f4-ac3c-40eb157d2fdf: start d14351cf-a37f-45f4-ac3c-40eb157d2fdf@group-59362A71A594-LeaderElection15
2021-01-10 09:03:34,806 [d14351cf-a37f-45f4-ac3c-40eb157d2fdf@group-59362A71A594-LeaderElection15] INFO  impl.LeaderElection (LeaderElection.java:askForPreVotes(259)) - d14351cf-a37f-45f4-ac3c-40eb157d2fdf@group-59362A71A594-LeaderElection15: begin a pre-vote at term 0 for -1: [d14351cf-a37f-45f4-ac3c-40eb157d2fdf|rpc:172.17.0.2:35489|priority:1], old=null
2021-01-10 09:03:34,806 [d14351cf-a37f-45f4-ac3c-40eb157d2fdf@group-59362A71A594-LeaderElection15] INFO  impl.LeaderElection (LeaderElection.java:askForPreVotes(261)) - d14351cf-a37f-45f4-ac3c-40eb157d2fdf@group-59362A71A594-LeaderElection15 pre-vote result is PASSED.
2021-01-10 09:03:34,807 [d14351cf-a37f-45f4-ac3c-40eb157d2fdf@group-59362A71A594-LeaderElection15] INFO  impl.LeaderElection (LeaderElection.java:askForVotes(308)) - d14351cf-a37f-45f4-ac3c-40eb157d2fdf@group-59362A71A594-LeaderElection15: begin an election at term 1 for -1: [d14351cf-a37f-45f4-ac3c-40eb157d2fdf|rpc:172.17.0.2:35489|priority:1], old=null
2021-01-10 09:03:34,807 [d14351cf-a37f-45f4-ac3c-40eb157d2fdf@group-59362A71A594-LeaderElection15] INFO  impl.RoleInfo (RoleInfo.java:shutdownLeaderElection(121)) - d14351cf-a37f-45f4-ac3c-40eb157d2fdf: shutdown d14351cf-a37f-45f4-ac3c-40eb157d2fdf@group-59362A71A594-LeaderElection15
2021-01-10 09:03:34,807 [d14351cf-a37f-45f4-ac3c-40eb157d2fdf@group-59362A71A594-LeaderElection15] INFO  server.RaftServer$Division (RaftServerImpl.java:setRole(283)) - d14351cf-a37f-45f4-ac3c-40eb157d2fdf@group-59362A71A594: changes role from CANDIDATE to LEADER at term 1 for changeToLeader
2021-01-10 09:03:34,807 [d14351cf-a37f-45f4-ac3c-40eb157d2fdf@group-59362A71A594-LeaderElection15] INFO  ratis.XceiverServerRatis (XceiverServerRatis.java:handleLeaderChangedNotification(868)) - Leader change notification received for group: group-59362A71A594 with new leaderId: d14351cf-a37f-45f4-ac3c-40eb157d2fdf
2021-01-10 09:03:34,807 [d14351cf-a37f-45f4-ac3c-40eb157d2fdf@group-59362A71A594-LeaderElection15] INFO  server.RaftServer$Division (ServerState.java:setLeader(249)) - d14351cf-a37f-45f4-ac3c-40eb157d2fdf@group-59362A71A594: change Leader from null to d14351cf-a37f-45f4-ac3c-40eb157d2fdf at term 1 for becomeLeader, leader elected after 5074ms
2021-01-10 09:03:34,809 [d14351cf-a37f-45f4-ac3c-40eb157d2fdf@group-59362A71A594-LeaderElection15] INFO  server.RaftServerConfigKeys (ConfUtils.java:logGet(44)) - raft.server.staging.catchup.gap = 1000 (default)
2021-01-10 09:03:34,809 [d14351cf-a37f-45f4-ac3c-40eb157d2fdf@group-59362A71A594-LeaderElection15] INFO  metrics.RatisMetrics (RatisMetrics.java:lambda$create$0(36)) - Creating Metrics Registry : ratis.log_appender.d14351cf-a37f-45f4-ac3c-40eb157d2fdf@group-59362A71A594
2021-01-10 09:03:34,809 [d14351cf-a37f-45f4-ac3c-40eb157d2fdf@group-59362A71A594-LeaderElection15] INFO  server.RaftServerConfigKeys (ConfUtils.java:logGet(44)) - raft.server.write.element-limit = 1024 (custom)
2021-01-10 09:03:34,810 [d14351cf-a37f-45f4-ac3c-40eb157d2fdf@group-59362A71A594-LeaderElection15] INFO  server.RaftServerConfigKeys (ConfUtils.java:logGet(44)) - raft.server.write.byte-limit = 1073741824 (custom)
2021-01-10 09:03:34,810 [d14351cf-a37f-45f4-ac3c-40eb157d2fdf@group-59362A71A594-LeaderElection15] INFO  server.RaftServerConfigKeys (ConfUtils.java:logGet(44)) - raft.server.watch.timeout = 180s (custom)
2021-01-10 09:03:34,810 [d14351cf-a37f-45f4-ac3c-40eb157d2fdf@group-59362A71A594-LeaderElection15] INFO  server.RaftServerConfigKeys (ConfUtils.java:logGet(44)) - raft.server.watch.timeout.denomination = 1s (default)
2021-01-10 09:03:34,810 [d14351cf-a37f-45f4-ac3c-40eb157d2fdf@group-59362A71A594-LeaderElection15] INFO  server.RaftServerConfigKeys (ConfUtils.java:logGet(44)) - raft.server.watch.element-limit = 65536 (default)
2021-01-10 09:03:34,810 [d14351cf-a37f-45f4-ac3c-40eb157d2fdf@group-59362A71A594-LeaderElection15] INFO  impl.RoleInfo (RoleInfo.java:updateAndGet(130)) - d14351cf-a37f-45f4-ac3c-40eb157d2fdf: start d14351cf-a37f-45f4-ac3c-40eb157d2fdf@group-59362A71A594-LeaderStateImpl
2021-01-10 09:03:34,810 [d14351cf-a37f-45f4-ac3c-40eb157d2fdf@group-59362A71A594-LeaderElection15] INFO  segmented.SegmentedRaftLogWorker (SegmentedRaftLogWorker.java:startLogSegment(392)) - d14351cf-a37f-45f4-ac3c-40eb157d2fdf@group-59362A71A594-SegmentedRaftLogWorker: Starting segment from index:0
2021-01-10 09:03:34,812 [d14351cf-a37f-45f4-ac3c-40eb157d2fdf@group-59362A71A594-SegmentedRaftLogWorker] INFO  segmented.SegmentedRaftLogWorker (SegmentedRaftLogWorker.java:execute(599)) - d14351cf-a37f-45f4-ac3c-40eb157d2fdf@group-59362A71A594-SegmentedRaftLogWorker: created new log segment /github/workspace/mnt/ozone/hadoop-ozone/integration-test/target/test-dir/MiniOzoneClusterImpl-030730bd-5c5c-4c00-b8c2-b15b15404b1a/datanode-3/data/ratis/1d2fecda-12e9-4970-b458-59362a71a594/current/log_inprogress_0
2021-01-10 09:03:34,815 [d14351cf-a37f-45f4-ac3c-40eb157d2fdf@group-59362A71A594-LeaderElection15] INFO  server.RaftServer$Division (ServerState.java:setRaftConf(368)) - d14351cf-a37f-45f4-ac3c-40eb157d2fdf@group-59362A71A594: set configuration 0: [d14351cf-a37f-45f4-ac3c-40eb157d2fdf|rpc:172.17.0.2:35489|dataStream:|priority:1], old=null
2021-01-10 09:03:34,942 [Command processor thread] INFO  server.RaftServer (RaftServerProxy.java:addNew(95)) - 4f04bfaa-b5ee-4e84-baf7-1b8b2eccc1ea: addNew group-C5B3E72FEAB2:[4f04bfaa-b5ee-4e84-baf7-1b8b2eccc1ea|rpc:172.17.0.2:44143|priority:1] returns group-C5B3E72FEAB2:java.util.concurrent.CompletableFuture@35220ca8[Not completed]
2021-01-10 09:03:34,943 [pool-313-thread-1] INFO  server.RaftServer$Division (RaftServerImpl.java:<init>(179)) - 4f04bfaa-b5ee-4e84-baf7-1b8b2eccc1ea: new RaftServerImpl for group-C5B3E72FEAB2:[4f04bfaa-b5ee-4e84-baf7-1b8b2eccc1ea|rpc:172.17.0.2:44143|priority:1] with ContainerStateMachine:uninitialized
2021-01-10 09:03:34,943 [pool-313-thread-1] INFO  server.RaftServerConfigKeys (ConfUtils.java:logGet(44)) - raft.server.rpc.timeout.min = 5s (custom)
2021-01-10 09:03:34,943 [pool-313-thread-1] INFO  server.RaftServerConfigKeys (ConfUtils.java:logGet(44)) - raft.server.rpc.timeout.max = 5200ms (custom)
2021-01-10 09:03:34,943 [pool-313-thread-1] INFO  server.RaftServerConfigKeys (ConfUtils.java:logGet(44)) - raft.server.rpc.sleep.time = 25ms (default)
2021-01-10 09:03:34,944 [pool-313-thread-1] INFO  server.RaftServerConfigKeys (ConfUtils.java:logGet(44)) - raft.server.rpc.slowness.timeout = 300s (custom)
2021-01-10 09:03:34,944 [pool-313-thread-1] INFO  server.RaftServerConfigKeys (ConfUtils.java:logGet(44)) - raft.server.leaderelection.leader.step-down.wait-time = 10s (default)
2021-01-10 09:03:34,944 [pool-313-thread-1] INFO  server.RaftServerConfigKeys (ConfUtils.java:logGet(44)) - raft.server.sleep.deviation.threshold = 300ms (default)
2021-01-10 09:03:34,944 [pool-313-thread-1] INFO  server.RaftServerConfigKeys (ConfUtils.java:logGet(44)) - raft.server.log.appender.install.snapshot.enabled = false (custom)
2021-01-10 09:03:34,944 [pool-313-thread-1] INFO  server.RaftServer$Division (ServerState.java:<init>(103)) - 4f04bfaa-b5ee-4e84-baf7-1b8b2eccc1ea@group-C5B3E72FEAB2: ConfigurationManager, init=-1: [4f04bfaa-b5ee-4e84-baf7-1b8b2eccc1ea|rpc:172.17.0.2:44143|priority:1], old=null, confs=<EMPTY_MAP>
2021-01-10 09:03:34,944 [pool-313-thread-1] INFO  server.RaftServerConfigKeys (ConfUtils.java:logGet(44)) - raft.server.storage.dir = [/github/workspace/mnt/ozone/hadoop-ozone/integration-test/target/test-dir/MiniOzoneClusterImpl-030730bd-5c5c-4c00-b8c2-b15b15404b1a/datanode-4/data/ratis] (custom)
2021-01-10 09:03:34,944 [pool-313-thread-1] INFO  server.RaftServerConfigKeys (ConfUtils.java:logGet(44)) - raft.server.log.corruption.policy = EXCEPTION (default)
2021-01-10 09:03:34,945 [pool-313-thread-1] INFO  storage.RaftStorageDirectory (RaftStorageDirectoryImpl.java:analyzeStorage(132)) - The storage directory /github/workspace/mnt/ozone/hadoop-ozone/integration-test/target/test-dir/MiniOzoneClusterImpl-030730bd-5c5c-4c00-b8c2-b15b15404b1a/datanode-4/data/ratis/7b60ec5e-cc15-4fbc-a615-c5b3e72feab2 does not exist. Creating ...
2021-01-10 09:03:34,946 [pool-313-thread-1] INFO  storage.RaftStorageDirectory (RaftStorageDirectoryImpl.java:tryLock(215)) - Lock on /github/workspace/mnt/ozone/hadoop-ozone/integration-test/target/test-dir/MiniOzoneClusterImpl-030730bd-5c5c-4c00-b8c2-b15b15404b1a/datanode-4/data/ratis/7b60ec5e-cc15-4fbc-a615-c5b3e72feab2/in_use.lock acquired by nodename 31262@84bc77fe8d45
2021-01-10 09:03:34,947 [pool-313-thread-1] INFO  storage.RaftStorage (RaftStorageImpl.java:format(87)) - Storage directory /github/workspace/mnt/ozone/hadoop-ozone/integration-test/target/test-dir/MiniOzoneClusterImpl-030730bd-5c5c-4c00-b8c2-b15b15404b1a/datanode-4/data/ratis/7b60ec5e-cc15-4fbc-a615-c5b3e72feab2 has been successfully formatted.
2021-01-10 09:03:34,947 [pool-313-thread-1] INFO  ratis.ContainerStateMachine (ContainerStateMachine.java:loadSnapshot(223)) - group-C5B3E72FEAB2: The snapshot info is null. Setting the last applied indexto:(t:0, i:~)
2021-01-10 09:03:34,947 [pool-313-thread-1] ERROR storage.RaftStorage (RaftStorageImpl.java:readRaftConfiguration(147)) - Failed reading configuration from file:/github/workspace/mnt/ozone/hadoop-ozone/integration-test/target/test-dir/MiniOzoneClusterImpl-030730bd-5c5c-4c00-b8c2-b15b15404b1a/datanode-4/data/ratis/7b60ec5e-cc15-4fbc-a615-c5b3e72feab2/current/raft-meta.conf
java.io.FileNotFoundException: /github/workspace/mnt/ozone/hadoop-ozone/integration-test/target/test-dir/MiniOzoneClusterImpl-030730bd-5c5c-4c00-b8c2-b15b15404b1a/datanode-4/data/ratis/7b60ec5e-cc15-4fbc-a615-c5b3e72feab2/current/raft-meta.conf (No such file or directory)
	at java.io.FileInputStream.open0(Native Method)
	at java.io.FileInputStream.open(FileInputStream.java:195)
	at java.io.FileInputStream.<init>(FileInputStream.java:138)
	at org.apache.ratis.server.storage.RaftStorageImpl.readRaftConfiguration(RaftStorageImpl.java:143)
	at org.apache.ratis.server.impl.ServerState.<init>(ServerState.java:113)
	at org.apache.ratis.server.impl.RaftServerImpl.<init>(RaftServerImpl.java:192)
	at org.apache.ratis.server.impl.RaftServerProxy.lambda$newRaftServerImpl$4(RaftServerProxy.java:266)
	at java.util.concurrent.CompletableFuture$AsyncSupply.run(CompletableFuture.java:1604)
	at java.util.concurrent.ThreadPoolExecutor.runWorker(ThreadPoolExecutor.java:1149)
	at java.util.concurrent.ThreadPoolExecutor$Worker.run(ThreadPoolExecutor.java:624)
	at java.lang.Thread.run(Thread.java:748)
2021-01-10 09:03:34,948 [pool-313-thread-1] INFO  server.RaftServerConfigKeys (ConfUtils.java:logGet(44)) - raft.server.notification.no-leader.timeout = 300s (custom)
2021-01-10 09:03:34,948 [pool-313-thread-1] INFO  server.RaftServerConfigKeys (ConfUtils.java:logGet(44)) - raft.server.log.use.memory = false (default)
2021-01-10 09:03:34,948 [pool-313-thread-1] INFO  server.RaftServerConfigKeys (ConfUtils.java:logGet(44)) - raft.server.log.purge.gap = 1000000 (custom)
2021-01-10 09:03:34,948 [pool-313-thread-1] INFO  server.RaftServerConfigKeys (ConfUtils.java:logGet(44)) - raft.server.log.appender.buffer.byte-limit = 33554432 (custom)
2021-01-10 09:03:34,948 [pool-313-thread-1] INFO  metrics.RatisMetrics (RatisMetrics.java:lambda$create$0(36)) - Creating Metrics Registry : ratis.log_worker.4f04bfaa-b5ee-4e84-baf7-1b8b2eccc1ea@group-C5B3E72FEAB2
2021-01-10 09:03:34,948 [pool-313-thread-1] INFO  server.RaftServerConfigKeys (ConfUtils.java:logGet(44)) - raft.server.log.segment.size.max = 1048576 (custom)
2021-01-10 09:03:34,948 [EventQueue-PipelineReportForPipelineReportHandler] INFO  pipeline.PipelineStateManager (PipelineStateManager.java:openPipeline(132)) - Pipeline Pipeline[ Id: 7b60ec5e-cc15-4fbc-a615-c5b3e72feab2, Nodes: 4f04bfaa-b5ee-4e84-baf7-1b8b2eccc1ea{ip: 172.17.0.2, host: 84bc77fe8d45, networkLocation: /default-rack, certSerialId: null, persistedOpState: IN_SERVICE, persistedOpStateExpiryEpochSec: 0}, Type:RATIS, Factor:ONE, State:ALLOCATED, leaderId:4f04bfaa-b5ee-4e84-baf7-1b8b2eccc1ea, CreationTimestamp2021-01-10T09:03:31.944Z] moved to OPEN state
2021-01-10 09:03:34,949 [pool-313-thread-1] INFO  server.RaftServerConfigKeys (ConfUtils.java:logGet(44)) - raft.server.log.segment.cache.num.max = 2 (custom)
2021-01-10 09:03:34,949 [pool-313-thread-1] INFO  server.RaftServerConfigKeys (ConfUtils.java:logGet(44)) - raft.server.log.segment.cache.size.max = 200MB (=209715200) (default)
2021-01-10 09:03:34,949 [pool-313-thread-1] INFO  segmented.SegmentedRaftLogWorker (SegmentedRaftLogWorker.java:<init>(181)) - new 4f04bfaa-b5ee-4e84-baf7-1b8b2eccc1ea@group-C5B3E72FEAB2-SegmentedRaftLogWorker for RaftStorageImpl:Storage Directory /github/workspace/mnt/ozone/hadoop-ozone/integration-test/target/test-dir/MiniOzoneClusterImpl-030730bd-5c5c-4c00-b8c2-b15b15404b1a/datanode-4/data/ratis/7b60ec5e-cc15-4fbc-a615-c5b3e72feab2
2021-01-10 09:03:34,949 [pool-313-thread-1] INFO  server.RaftServerConfigKeys (ConfUtils.java:logGet(44)) - raft.server.log.queue.byte-limit = 2147483647 (custom)
2021-01-10 09:03:34,949 [pool-313-thread-1] INFO  server.RaftServerConfigKeys (ConfUtils.java:logGet(44)) - raft.server.log.queue.element-limit = 1024 (custom)
2021-01-10 09:03:34,949 [pool-313-thread-1] INFO  server.RaftServerConfigKeys (ConfUtils.java:logGet(44)) - raft.server.log.segment.size.max = 1048576 (custom)
2021-01-10 09:03:34,949 [pool-313-thread-1] INFO  server.RaftServerConfigKeys (ConfUtils.java:logGet(44)) - raft.server.log.preallocated.size = 16384 (custom)
2021-01-10 09:03:34,949 [pool-313-thread-1] INFO  server.RaftServerConfigKeys (ConfUtils.java:logGet(44)) - raft.server.log.force.sync.num = 128 (default)
2021-01-10 09:03:34,949 [pool-313-thread-1] INFO  server.RaftServerConfigKeys (ConfUtils.java:logGet(44)) - raft.server.log.statemachine.data.sync = true (default)
2021-01-10 09:03:34,949 [pool-313-thread-1] INFO  server.RaftServerConfigKeys (ConfUtils.java:logGet(44)) - raft.server.log.statemachine.data.sync.timeout = 10s (default)
2021-01-10 09:03:34,949 [pool-313-thread-1] INFO  server.RaftServerConfigKeys (ConfUtils.java:logGet(44)) - raft.server.log.statemachine.data.sync.timeout.retry = -1 (default)
2021-01-10 09:03:34,950 [pool-313-thread-1] INFO  server.RaftServerConfigKeys (ConfUtils.java:logGet(44)) - raft.server.log.write.buffer.size = 1048576 (custom)
2021-01-10 09:03:34,951 [pool-313-thread-1] INFO  server.RaftServerConfigKeys (ConfUtils.java:logGet(44)) - raft.server.log.statemachine.data.caching.enabled = true (custom)
2021-01-10 09:03:34,951 [pool-313-thread-1] INFO  segmented.SegmentedRaftLogWorker (SegmentedRaftLogWorker.java:lambda$new$0(132)) - 4f04bfaa-b5ee-4e84-baf7-1b8b2eccc1ea@group-C5B3E72FEAB2-SegmentedRaftLogWorker: flushIndex: setUnconditionally 0 -> -1
2021-01-10 09:03:34,951 [pool-313-thread-1] INFO  segmented.SegmentedRaftLogWorker (SegmentedRaftLogWorker.java:lambda$new$0(132)) - 4f04bfaa-b5ee-4e84-baf7-1b8b2eccc1ea@group-C5B3E72FEAB2-SegmentedRaftLogWorker: safeCacheEvictIndex: setUnconditionally 0 -> -1
2021-01-10 09:03:34,956 [pool-313-thread-1] INFO  server.RaftServerConfigKeys (ConfUtils.java:logGet(44)) - raft.server.snapshot.auto.trigger.enabled = true (custom)
2021-01-10 09:03:34,956 [pool-313-thread-1] INFO  server.RaftServerConfigKeys (ConfUtils.java:logGet(44)) - raft.server.snapshot.auto.trigger.threshold = 10000 (custom)
2021-01-10 09:03:34,956 [pool-313-thread-1] INFO  server.RaftServerConfigKeys (ConfUtils.java:logGet(44)) - raft.server.snapshot.retention.file.num = 5 (custom)
2021-01-10 09:03:34,957 [pool-313-thread-1] INFO  server.RaftServerConfigKeys (ConfUtils.java:logGet(44)) - raft.server.log.purge.upto.snapshot.index = false (default)
2021-01-10 09:03:34,957 [pool-313-thread-1] INFO  server.RaftServerConfigKeys (ConfUtils.java:logGet(44)) - raft.server.retrycache.expirytime = 600000ms (custom)
2021-01-10 09:03:34,957 [pool-313-thread-1] INFO  server.RaftServerConfigKeys (ConfUtils.java:logGet(44)) - raft.server.retrycache.statistics.expirytime = 100?s (default)
2021-01-10 09:03:34,957 [pool-313-thread-1] INFO  metrics.RatisMetrics (RatisMetrics.java:lambda$create$0(36)) - Creating Metrics Registry : ratis.leader_election.4f04bfaa-b5ee-4e84-baf7-1b8b2eccc1ea@group-C5B3E72FEAB2
2021-01-10 09:03:34,957 [pool-313-thread-1] INFO  metrics.RatisMetrics (RatisMetrics.java:lambda$create$0(36)) - Creating Metrics Registry : ratis.server.4f04bfaa-b5ee-4e84-baf7-1b8b2eccc1ea@group-C5B3E72FEAB2
2021-01-10 09:03:34,958 [pool-313-thread-1] INFO  server.RaftServer$Division (RaftServerImpl.java:start(294)) - 4f04bfaa-b5ee-4e84-baf7-1b8b2eccc1ea@group-C5B3E72FEAB2: start as a follower, conf=-1: [4f04bfaa-b5ee-4e84-baf7-1b8b2eccc1ea|rpc:172.17.0.2:44143|priority:1], old=null
2021-01-10 09:03:34,958 [pool-313-thread-1] INFO  server.RaftServer$Division (RaftServerImpl.java:setRole(283)) - 4f04bfaa-b5ee-4e84-baf7-1b8b2eccc1ea@group-C5B3E72FEAB2: changes role from      null to FOLLOWER at term 0 for startAsFollower
2021-01-10 09:03:34,958 [pool-313-thread-1] INFO  impl.RoleInfo (RoleInfo.java:updateAndGet(130)) - 4f04bfaa-b5ee-4e84-baf7-1b8b2eccc1ea: start 4f04bfaa-b5ee-4e84-baf7-1b8b2eccc1ea@group-C5B3E72FEAB2-FollowerState
2021-01-10 09:03:34,959 [pool-313-thread-1] INFO  util.JmxRegister (JmxRegister.java:tryRegister(44)) - Successfully registered JMX Bean with object name Ratis:service=RaftServer,group=group-C5B3E72FEAB2,id=4f04bfaa-b5ee-4e84-baf7-1b8b2eccc1ea
2021-01-10 09:03:34,959 [pool-313-thread-1] INFO  metrics.RatisMetrics (RatisMetrics.java:lambda$create$0(36)) - Creating Metrics Registry : ratis.state_machine.4f04bfaa-b5ee-4e84-baf7-1b8b2eccc1ea@group-C5B3E72FEAB2
2021-01-10 09:03:34,959 [Command processor thread] INFO  commandhandler.CreatePipelineCommandHandler (CreatePipelineCommandHandler.java:handle(106)) - Created Pipeline RATIS ONE PipelineID=7b60ec5e-cc15-4fbc-a615-c5b3e72feab2.
2021-01-10 09:03:35,134 [Command processor thread] INFO  server.RaftServer (RaftServerProxy.java:addNew(95)) - ea22bb70-1677-4cc0-852f-01c880e0a945: addNew group-364C4CF1125C:[ea22bb70-1677-4cc0-852f-01c880e0a945|rpc:172.17.0.2:35183|priority:1] returns group-364C4CF1125C:java.util.concurrent.CompletableFuture@65d1a1ad[Not completed]
2021-01-10 09:03:35,135 [pool-329-thread-1] INFO  server.RaftServer$Division (RaftServerImpl.java:<init>(179)) - ea22bb70-1677-4cc0-852f-01c880e0a945: new RaftServerImpl for group-364C4CF1125C:[ea22bb70-1677-4cc0-852f-01c880e0a945|rpc:172.17.0.2:35183|priority:1] with ContainerStateMachine:uninitialized
2021-01-10 09:03:35,135 [pool-329-thread-1] INFO  server.RaftServerConfigKeys (ConfUtils.java:logGet(44)) - raft.server.rpc.timeout.min = 5s (custom)
2021-01-10 09:03:35,136 [pool-329-thread-1] INFO  server.RaftServerConfigKeys (ConfUtils.java:logGet(44)) - raft.server.rpc.timeout.max = 5200ms (custom)
2021-01-10 09:03:35,136 [pool-329-thread-1] INFO  server.RaftServerConfigKeys (ConfUtils.java:logGet(44)) - raft.server.rpc.sleep.time = 25ms (default)
2021-01-10 09:03:35,136 [pool-329-thread-1] INFO  server.RaftServerConfigKeys (ConfUtils.java:logGet(44)) - raft.server.rpc.slowness.timeout = 300s (custom)
2021-01-10 09:03:35,136 [pool-329-thread-1] INFO  server.RaftServerConfigKeys (ConfUtils.java:logGet(44)) - raft.server.leaderelection.leader.step-down.wait-time = 10s (default)
2021-01-10 09:03:35,136 [pool-329-thread-1] INFO  server.RaftServerConfigKeys (ConfUtils.java:logGet(44)) - raft.server.sleep.deviation.threshold = 300ms (default)
2021-01-10 09:03:35,136 [pool-329-thread-1] INFO  server.RaftServerConfigKeys (ConfUtils.java:logGet(44)) - raft.server.log.appender.install.snapshot.enabled = false (custom)
2021-01-10 09:03:35,136 [pool-329-thread-1] INFO  server.RaftServer$Division (ServerState.java:<init>(103)) - ea22bb70-1677-4cc0-852f-01c880e0a945@group-364C4CF1125C: ConfigurationManager, init=-1: [ea22bb70-1677-4cc0-852f-01c880e0a945|rpc:172.17.0.2:35183|priority:1], old=null, confs=<EMPTY_MAP>
2021-01-10 09:03:35,136 [pool-329-thread-1] INFO  server.RaftServerConfigKeys (ConfUtils.java:logGet(44)) - raft.server.storage.dir = [/github/workspace/mnt/ozone/hadoop-ozone/integration-test/target/test-dir/MiniOzoneClusterImpl-030730bd-5c5c-4c00-b8c2-b15b15404b1a/datanode-5/data/ratis] (custom)
2021-01-10 09:03:35,136 [pool-329-thread-1] INFO  server.RaftServerConfigKeys (ConfUtils.java:logGet(44)) - raft.server.log.corruption.policy = EXCEPTION (default)
2021-01-10 09:03:35,137 [pool-329-thread-1] INFO  storage.RaftStorageDirectory (RaftStorageDirectoryImpl.java:analyzeStorage(132)) - The storage directory /github/workspace/mnt/ozone/hadoop-ozone/integration-test/target/test-dir/MiniOzoneClusterImpl-030730bd-5c5c-4c00-b8c2-b15b15404b1a/datanode-5/data/ratis/46c3e2f6-5806-4046-bfd9-364c4cf1125c does not exist. Creating ...
2021-01-10 09:03:35,138 [pool-329-thread-1] INFO  storage.RaftStorageDirectory (RaftStorageDirectoryImpl.java:tryLock(215)) - Lock on /github/workspace/mnt/ozone/hadoop-ozone/integration-test/target/test-dir/MiniOzoneClusterImpl-030730bd-5c5c-4c00-b8c2-b15b15404b1a/datanode-5/data/ratis/46c3e2f6-5806-4046-bfd9-364c4cf1125c/in_use.lock acquired by nodename 31262@84bc77fe8d45
2021-01-10 09:03:35,139 [pool-329-thread-1] INFO  storage.RaftStorage (RaftStorageImpl.java:format(87)) - Storage directory /github/workspace/mnt/ozone/hadoop-ozone/integration-test/target/test-dir/MiniOzoneClusterImpl-030730bd-5c5c-4c00-b8c2-b15b15404b1a/datanode-5/data/ratis/46c3e2f6-5806-4046-bfd9-364c4cf1125c has been successfully formatted.
2021-01-10 09:03:35,139 [pool-329-thread-1] INFO  ratis.ContainerStateMachine (ContainerStateMachine.java:loadSnapshot(223)) - group-364C4CF1125C: The snapshot info is null. Setting the last applied indexto:(t:0, i:~)
2021-01-10 09:03:35,140 [pool-329-thread-1] ERROR storage.RaftStorage (RaftStorageImpl.java:readRaftConfiguration(147)) - Failed reading configuration from file:/github/workspace/mnt/ozone/hadoop-ozone/integration-test/target/test-dir/MiniOzoneClusterImpl-030730bd-5c5c-4c00-b8c2-b15b15404b1a/datanode-5/data/ratis/46c3e2f6-5806-4046-bfd9-364c4cf1125c/current/raft-meta.conf
java.io.FileNotFoundException: /github/workspace/mnt/ozone/hadoop-ozone/integration-test/target/test-dir/MiniOzoneClusterImpl-030730bd-5c5c-4c00-b8c2-b15b15404b1a/datanode-5/data/ratis/46c3e2f6-5806-4046-bfd9-364c4cf1125c/current/raft-meta.conf (No such file or directory)
	at java.io.FileInputStream.open0(Native Method)
	at java.io.FileInputStream.open(FileInputStream.java:195)
	at java.io.FileInputStream.<init>(FileInputStream.java:138)
	at org.apache.ratis.server.storage.RaftStorageImpl.readRaftConfiguration(RaftStorageImpl.java:143)
	at org.apache.ratis.server.impl.ServerState.<init>(ServerState.java:113)
	at org.apache.ratis.server.impl.RaftServerImpl.<init>(RaftServerImpl.java:192)
	at org.apache.ratis.server.impl.RaftServerProxy.lambda$newRaftServerImpl$4(RaftServerProxy.java:266)
	at java.util.concurrent.CompletableFuture$AsyncSupply.run(CompletableFuture.java:1604)
	at java.util.concurrent.ThreadPoolExecutor.runWorker(ThreadPoolExecutor.java:1149)
	at java.util.concurrent.ThreadPoolExecutor$Worker.run(ThreadPoolExecutor.java:624)
	at java.lang.Thread.run(Thread.java:748)
2021-01-10 09:03:35,140 [pool-329-thread-1] INFO  server.RaftServerConfigKeys (ConfUtils.java:logGet(44)) - raft.server.notification.no-leader.timeout = 300s (custom)
2021-01-10 09:03:35,140 [pool-329-thread-1] INFO  server.RaftServerConfigKeys (ConfUtils.java:logGet(44)) - raft.server.log.use.memory = false (default)
2021-01-10 09:03:35,140 [pool-329-thread-1] INFO  server.RaftServerConfigKeys (ConfUtils.java:logGet(44)) - raft.server.log.purge.gap = 1000000 (custom)
2021-01-10 09:03:35,140 [EventQueue-PipelineReportForPipelineReportHandler] INFO  pipeline.PipelineStateManager (PipelineStateManager.java:openPipeline(132)) - Pipeline Pipeline[ Id: 46c3e2f6-5806-4046-bfd9-364c4cf1125c, Nodes: ea22bb70-1677-4cc0-852f-01c880e0a945{ip: 172.17.0.2, host: 84bc77fe8d45, networkLocation: /default-rack, certSerialId: null, persistedOpState: IN_SERVICE, persistedOpStateExpiryEpochSec: 0}, Type:RATIS, Factor:ONE, State:ALLOCATED, leaderId:ea22bb70-1677-4cc0-852f-01c880e0a945, CreationTimestamp2021-01-10T09:03:32.136Z] moved to OPEN state
2021-01-10 09:03:35,141 [pool-329-thread-1] INFO  server.RaftServerConfigKeys (ConfUtils.java:logGet(44)) - raft.server.log.appender.buffer.byte-limit = 33554432 (custom)
2021-01-10 09:03:35,141 [pool-329-thread-1] INFO  metrics.RatisMetrics (RatisMetrics.java:lambda$create$0(36)) - Creating Metrics Registry : ratis.log_worker.ea22bb70-1677-4cc0-852f-01c880e0a945@group-364C4CF1125C
2021-01-10 09:03:35,141 [pool-329-thread-1] INFO  server.RaftServerConfigKeys (ConfUtils.java:logGet(44)) - raft.server.log.segment.size.max = 1048576 (custom)
2021-01-10 09:03:35,142 [pool-329-thread-1] INFO  server.RaftServerConfigKeys (ConfUtils.java:logGet(44)) - raft.server.log.segment.cache.num.max = 2 (custom)
2021-01-10 09:03:35,142 [pool-329-thread-1] INFO  server.RaftServerConfigKeys (ConfUtils.java:logGet(44)) - raft.server.log.segment.cache.size.max = 200MB (=209715200) (default)
2021-01-10 09:03:35,142 [pool-329-thread-1] INFO  segmented.SegmentedRaftLogWorker (SegmentedRaftLogWorker.java:<init>(181)) - new ea22bb70-1677-4cc0-852f-01c880e0a945@group-364C4CF1125C-SegmentedRaftLogWorker for RaftStorageImpl:Storage Directory /github/workspace/mnt/ozone/hadoop-ozone/integration-test/target/test-dir/MiniOzoneClusterImpl-030730bd-5c5c-4c00-b8c2-b15b15404b1a/datanode-5/data/ratis/46c3e2f6-5806-4046-bfd9-364c4cf1125c
2021-01-10 09:03:35,142 [pool-329-thread-1] INFO  server.RaftServerConfigKeys (ConfUtils.java:logGet(44)) - raft.server.log.queue.byte-limit = 2147483647 (custom)
2021-01-10 09:03:35,142 [pool-329-thread-1] INFO  server.RaftServerConfigKeys (ConfUtils.java:logGet(44)) - raft.server.log.queue.element-limit = 1024 (custom)
2021-01-10 09:03:35,142 [pool-329-thread-1] INFO  server.RaftServerConfigKeys (ConfUtils.java:logGet(44)) - raft.server.log.segment.size.max = 1048576 (custom)
2021-01-10 09:03:35,142 [pool-329-thread-1] INFO  server.RaftServerConfigKeys (ConfUtils.java:logGet(44)) - raft.server.log.preallocated.size = 16384 (custom)
2021-01-10 09:03:35,142 [pool-329-thread-1] INFO  server.RaftServerConfigKeys (ConfUtils.java:logGet(44)) - raft.server.log.force.sync.num = 128 (default)
2021-01-10 09:03:35,142 [pool-329-thread-1] INFO  server.RaftServerConfigKeys (ConfUtils.java:logGet(44)) - raft.server.log.statemachine.data.sync = true (default)
2021-01-10 09:03:35,142 [pool-329-thread-1] INFO  server.RaftServerConfigKeys (ConfUtils.java:logGet(44)) - raft.server.log.statemachine.data.sync.timeout = 10s (default)
2021-01-10 09:03:35,142 [pool-329-thread-1] INFO  server.RaftServerConfigKeys (ConfUtils.java:logGet(44)) - raft.server.log.statemachine.data.sync.timeout.retry = -1 (default)
2021-01-10 09:03:35,143 [pool-329-thread-1] INFO  server.RaftServerConfigKeys (ConfUtils.java:logGet(44)) - raft.server.log.write.buffer.size = 1048576 (custom)
2021-01-10 09:03:35,144 [pool-329-thread-1] INFO  server.RaftServerConfigKeys (ConfUtils.java:logGet(44)) - raft.server.log.statemachine.data.caching.enabled = true (custom)
2021-01-10 09:03:35,144 [pool-329-thread-1] INFO  segmented.SegmentedRaftLogWorker (SegmentedRaftLogWorker.java:lambda$new$0(132)) - ea22bb70-1677-4cc0-852f-01c880e0a945@group-364C4CF1125C-SegmentedRaftLogWorker: flushIndex: setUnconditionally 0 -> -1
2021-01-10 09:03:35,144 [pool-329-thread-1] INFO  segmented.SegmentedRaftLogWorker (SegmentedRaftLogWorker.java:lambda$new$0(132)) - ea22bb70-1677-4cc0-852f-01c880e0a945@group-364C4CF1125C-SegmentedRaftLogWorker: safeCacheEvictIndex: setUnconditionally 0 -> -1
2021-01-10 09:03:35,146 [pool-329-thread-1] INFO  server.RaftServerConfigKeys (ConfUtils.java:logGet(44)) - raft.server.snapshot.auto.trigger.enabled = true (custom)
2021-01-10 09:03:35,146 [pool-329-thread-1] INFO  server.RaftServerConfigKeys (ConfUtils.java:logGet(44)) - raft.server.snapshot.auto.trigger.threshold = 10000 (custom)
2021-01-10 09:03:35,146 [pool-329-thread-1] INFO  server.RaftServerConfigKeys (ConfUtils.java:logGet(44)) - raft.server.snapshot.retention.file.num = 5 (custom)
2021-01-10 09:03:35,146 [pool-329-thread-1] INFO  server.RaftServerConfigKeys (ConfUtils.java:logGet(44)) - raft.server.log.purge.upto.snapshot.index = false (default)
2021-01-10 09:03:35,146 [pool-329-thread-1] INFO  server.RaftServerConfigKeys (ConfUtils.java:logGet(44)) - raft.server.retrycache.expirytime = 600000ms (custom)
2021-01-10 09:03:35,146 [pool-329-thread-1] INFO  server.RaftServerConfigKeys (ConfUtils.java:logGet(44)) - raft.server.retrycache.statistics.expirytime = 100?s (default)
2021-01-10 09:03:35,146 [pool-329-thread-1] INFO  metrics.RatisMetrics (RatisMetrics.java:lambda$create$0(36)) - Creating Metrics Registry : ratis.leader_election.ea22bb70-1677-4cc0-852f-01c880e0a945@group-364C4CF1125C
2021-01-10 09:03:35,147 [pool-329-thread-1] INFO  metrics.RatisMetrics (RatisMetrics.java:lambda$create$0(36)) - Creating Metrics Registry : ratis.server.ea22bb70-1677-4cc0-852f-01c880e0a945@group-364C4CF1125C
2021-01-10 09:03:35,148 [pool-329-thread-1] INFO  server.RaftServer$Division (RaftServerImpl.java:start(294)) - ea22bb70-1677-4cc0-852f-01c880e0a945@group-364C4CF1125C: start as a follower, conf=-1: [ea22bb70-1677-4cc0-852f-01c880e0a945|rpc:172.17.0.2:35183|priority:1], old=null
2021-01-10 09:03:35,148 [pool-329-thread-1] INFO  server.RaftServer$Division (RaftServerImpl.java:setRole(283)) - ea22bb70-1677-4cc0-852f-01c880e0a945@group-364C4CF1125C: changes role from      null to FOLLOWER at term 0 for startAsFollower
2021-01-10 09:03:35,148 [pool-329-thread-1] INFO  impl.RoleInfo (RoleInfo.java:updateAndGet(130)) - ea22bb70-1677-4cc0-852f-01c880e0a945: start ea22bb70-1677-4cc0-852f-01c880e0a945@group-364C4CF1125C-FollowerState
2021-01-10 09:03:35,153 [pool-329-thread-1] INFO  util.JmxRegister (JmxRegister.java:tryRegister(44)) - Successfully registered JMX Bean with object name Ratis:service=RaftServer,group=group-364C4CF1125C,id=ea22bb70-1677-4cc0-852f-01c880e0a945
2021-01-10 09:03:35,153 [pool-329-thread-1] INFO  metrics.RatisMetrics (RatisMetrics.java:lambda$create$0(36)) - Creating Metrics Registry : ratis.state_machine.ea22bb70-1677-4cc0-852f-01c880e0a945@group-364C4CF1125C
2021-01-10 09:03:35,154 [Command processor thread] INFO  commandhandler.CreatePipelineCommandHandler (CreatePipelineCommandHandler.java:handle(106)) - Created Pipeline RATIS ONE PipelineID=46c3e2f6-5806-4046-bfd9-364c4cf1125c.
2021-01-10 09:03:35,471 [IPC Server handler 7 on default port 33009] INFO  node.NodeDecommissionManager (NodeDecommissionManager.java:startMaintenance(344)) - Starting Maintenance for node 639a72ac-1b67-44d2-8fbe-212b735275e2{ip: 172.17.0.2, host: 84bc77fe8d45, networkLocation: /default-rack, certSerialId: null, persistedOpState: IN_SERVICE, persistedOpStateExpiryEpochSec: 0}
2021-01-10 09:03:35,472 [IPC Server handler 7 on default port 33009] INFO  node.NodeDecommissionManager (NodeDecommissionManager.java:startMaintenance(344)) - Starting Maintenance for node c4191e53-aaca-4d42-9f72-dc45ebf47022{ip: 172.17.0.2, host: 84bc77fe8d45, networkLocation: /default-rack, certSerialId: null, persistedOpState: IN_SERVICE, persistedOpStateExpiryEpochSec: 0}
2021-01-10 09:03:35,472 [IPC Server handler 7 on default port 33009] INFO  node.NodeDecommissionManager (NodeDecommissionManager.java:startMaintenance(344)) - Starting Maintenance for node d99ff0d5-fc69-4ace-aa4c-ce8a85641abd{ip: 172.17.0.2, host: 84bc77fe8d45, networkLocation: /default-rack, certSerialId: null, persistedOpState: IN_SERVICE, persistedOpStateExpiryEpochSec: 0}
2021-01-10 09:03:35,490 [ReplicationMonitor] INFO  container.ReplicationManager (ReplicationManager.java:run(250)) - Replication Monitor Thread took 1 milliseconds for processing 3 containers.
2021-01-10 09:03:35,575 [DatanodeAdminManager-0] INFO  node.DatanodeAdminMonitorImpl (DatanodeAdminMonitorImpl.java:checkPipelinesClosedOnNode(267)) - Waiting for pipelines to close for d99ff0d5-fc69-4ace-aa4c-ce8a85641abd{ip: 172.17.0.2, host: 84bc77fe8d45, networkLocation: /default-rack, certSerialId: null, persistedOpState: IN_SERVICE, persistedOpStateExpiryEpochSec: 0}. There are 2 pipelines
2021-01-10 09:03:35,575 [EventQueue-StartAdminOnNodeForStartDatanodeAdminHandler] INFO  node.StartDatanodeAdminHandler (StartDatanodeAdminHandler.java:onMessage(56)) - Admin start on datanode 639a72ac-1b67-44d2-8fbe-212b735275e2{ip: 172.17.0.2, host: 84bc77fe8d45, networkLocation: /default-rack, certSerialId: null, persistedOpState: IN_SERVICE, persistedOpStateExpiryEpochSec: 0}. Finalizing its pipelines [PipelineID=b9f8cb9a-d08f-46fe-a23d-61ec49544c04, PipelineID=bb066f58-c2e9-40e5-93ce-f69e9e61efec]
2021-01-10 09:03:35,575 [EventQueue-StartAdminOnNodeForStartDatanodeAdminHandler] INFO  pipeline.SCMPipelineManager (SCMPipelineManager.java:finalizeAndDestroyPipeline(482)) - Destroying pipeline:Pipeline[ Id: b9f8cb9a-d08f-46fe-a23d-61ec49544c04, Nodes: d99ff0d5-fc69-4ace-aa4c-ce8a85641abd{ip: 172.17.0.2, host: 84bc77fe8d45, networkLocation: /default-rack, certSerialId: null, persistedOpState: IN_SERVICE, persistedOpStateExpiryEpochSec: 0}c4191e53-aaca-4d42-9f72-dc45ebf47022{ip: 172.17.0.2, host: 84bc77fe8d45, networkLocation: /default-rack, certSerialId: null, persistedOpState: IN_SERVICE, persistedOpStateExpiryEpochSec: 0}639a72ac-1b67-44d2-8fbe-212b735275e2{ip: 172.17.0.2, host: 84bc77fe8d45, networkLocation: /default-rack, certSerialId: null, persistedOpState: IN_SERVICE, persistedOpStateExpiryEpochSec: 0}, Type:RATIS, Factor:THREE, State:OPEN, leaderId:d99ff0d5-fc69-4ace-aa4c-ce8a85641abd, CreationTimestamp2021-01-10T09:03:21.499Z]
2021-01-10 09:03:35,575 [DatanodeAdminManager-0] INFO  node.DatanodeAdminMonitorImpl (DatanodeAdminMonitorImpl.java:checkPipelinesClosedOnNode(267)) - Waiting for pipelines to close for c4191e53-aaca-4d42-9f72-dc45ebf47022{ip: 172.17.0.2, host: 84bc77fe8d45, networkLocation: /default-rack, certSerialId: null, persistedOpState: IN_SERVICE, persistedOpStateExpiryEpochSec: 0}. There are 2 pipelines
2021-01-10 09:03:35,575 [EventQueue-StartAdminOnNodeForStartDatanodeAdminHandler] INFO  pipeline.PipelineStateManager (PipelineStateManager.java:finalizePipeline(121)) - Pipeline Pipeline[ Id: b9f8cb9a-d08f-46fe-a23d-61ec49544c04, Nodes: d99ff0d5-fc69-4ace-aa4c-ce8a85641abd{ip: 172.17.0.2, host: 84bc77fe8d45, networkLocation: /default-rack, certSerialId: null, persistedOpState: IN_SERVICE, persistedOpStateExpiryEpochSec: 0}c4191e53-aaca-4d42-9f72-dc45ebf47022{ip: 172.17.0.2, host: 84bc77fe8d45, networkLocation: /default-rack, certSerialId: null, persistedOpState: IN_SERVICE, persistedOpStateExpiryEpochSec: 0}639a72ac-1b67-44d2-8fbe-212b735275e2{ip: 172.17.0.2, host: 84bc77fe8d45, networkLocation: /default-rack, certSerialId: null, persistedOpState: IN_SERVICE, persistedOpStateExpiryEpochSec: 0}, Type:RATIS, Factor:THREE, State:CLOSED, leaderId:d99ff0d5-fc69-4ace-aa4c-ce8a85641abd, CreationTimestamp2021-01-10T09:03:21.499Z] moved to CLOSED state
2021-01-10 09:03:35,575 [DatanodeAdminManager-0] INFO  node.DatanodeAdminMonitorImpl (DatanodeAdminMonitorImpl.java:checkPipelinesClosedOnNode(267)) - Waiting for pipelines to close for 639a72ac-1b67-44d2-8fbe-212b735275e2{ip: 172.17.0.2, host: 84bc77fe8d45, networkLocation: /default-rack, certSerialId: null, persistedOpState: IN_SERVICE, persistedOpStateExpiryEpochSec: 0}. There are 2 pipelines
2021-01-10 09:03:35,577 [DatanodeAdminManager-0] INFO  node.DatanodeAdminMonitorImpl (DatanodeAdminMonitorImpl.java:run(136)) - There are 3 nodes tracked for decommission and maintenance. 0 pending nodes.
2021-01-10 09:03:35,577 [EventQueue-StartAdminOnNodeForStartDatanodeAdminHandler] INFO  pipeline.RatisPipelineProvider (RatisPipelineProvider.java:lambda$close$1(199)) - Send pipeline:PipelineID=b9f8cb9a-d08f-46fe-a23d-61ec49544c04 close command to datanode d99ff0d5-fc69-4ace-aa4c-ce8a85641abd
2021-01-10 09:03:35,578 [EventQueue-StartAdminOnNodeForStartDatanodeAdminHandler] INFO  pipeline.RatisPipelineProvider (RatisPipelineProvider.java:lambda$close$1(199)) - Send pipeline:PipelineID=b9f8cb9a-d08f-46fe-a23d-61ec49544c04 close command to datanode c4191e53-aaca-4d42-9f72-dc45ebf47022
2021-01-10 09:03:35,578 [EventQueue-StartAdminOnNodeForStartDatanodeAdminHandler] INFO  pipeline.RatisPipelineProvider (RatisPipelineProvider.java:lambda$close$1(199)) - Send pipeline:PipelineID=b9f8cb9a-d08f-46fe-a23d-61ec49544c04 close command to datanode 639a72ac-1b67-44d2-8fbe-212b735275e2
2021-01-10 09:03:35,578 [EventQueue-StartAdminOnNodeForStartDatanodeAdminHandler] INFO  pipeline.PipelineStateManager (PipelineStateManager.java:removePipeline(106)) - Pipeline Pipeline[ Id: b9f8cb9a-d08f-46fe-a23d-61ec49544c04, Nodes: d99ff0d5-fc69-4ace-aa4c-ce8a85641abd{ip: 172.17.0.2, host: 84bc77fe8d45, networkLocation: /default-rack, certSerialId: null, persistedOpState: IN_SERVICE, persistedOpStateExpiryEpochSec: 0}c4191e53-aaca-4d42-9f72-dc45ebf47022{ip: 172.17.0.2, host: 84bc77fe8d45, networkLocation: /default-rack, certSerialId: null, persistedOpState: IN_SERVICE, persistedOpStateExpiryEpochSec: 0}639a72ac-1b67-44d2-8fbe-212b735275e2{ip: 172.17.0.2, host: 84bc77fe8d45, networkLocation: /default-rack, certSerialId: null, persistedOpState: IN_SERVICE, persistedOpStateExpiryEpochSec: 0}, Type:RATIS, Factor:THREE, State:CLOSED, leaderId:d99ff0d5-fc69-4ace-aa4c-ce8a85641abd, CreationTimestamp2021-01-10T09:03:21.499Z] removed from db
2021-01-10 09:03:35,578 [EventQueue-CloseContainerForCloseContainerEventHandler] INFO  container.CloseContainerEventHandler (CloseContainerEventHandler.java:onMessage(61)) - Close container Event triggered for container : #1
2021-01-10 09:03:35,579 [EventQueue-StartAdminOnNodeForStartDatanodeAdminHandler] INFO  pipeline.SCMPipelineManager (SCMPipelineManager.java:finalizeAndDestroyPipeline(482)) - Destroying pipeline:Pipeline[ Id: bb066f58-c2e9-40e5-93ce-f69e9e61efec, Nodes: 639a72ac-1b67-44d2-8fbe-212b735275e2{ip: 172.17.0.2, host: 84bc77fe8d45, networkLocation: /default-rack, certSerialId: null, persistedOpState: IN_SERVICE, persistedOpStateExpiryEpochSec: 0}, Type:RATIS, Factor:ONE, State:OPEN, leaderId:639a72ac-1b67-44d2-8fbe-212b735275e2, CreationTimestamp2021-01-10T09:03:06.059Z]
2021-01-10 09:03:35,583 [EventQueue-StartAdminOnNodeForStartDatanodeAdminHandler] INFO  pipeline.PipelineStateManager (PipelineStateManager.java:finalizePipeline(121)) - Pipeline Pipeline[ Id: bb066f58-c2e9-40e5-93ce-f69e9e61efec, Nodes: 639a72ac-1b67-44d2-8fbe-212b735275e2{ip: 172.17.0.2, host: 84bc77fe8d45, networkLocation: /default-rack, certSerialId: null, persistedOpState: IN_SERVICE, persistedOpStateExpiryEpochSec: 0}, Type:RATIS, Factor:ONE, State:CLOSED, leaderId:639a72ac-1b67-44d2-8fbe-212b735275e2, CreationTimestamp2021-01-10T09:03:06.059Z] moved to CLOSED state
2021-01-10 09:03:35,584 [EventQueue-StartAdminOnNodeForStartDatanodeAdminHandler] INFO  pipeline.RatisPipelineProvider (RatisPipelineProvider.java:lambda$close$1(199)) - Send pipeline:PipelineID=bb066f58-c2e9-40e5-93ce-f69e9e61efec close command to datanode 639a72ac-1b67-44d2-8fbe-212b735275e2
2021-01-10 09:03:35,584 [EventQueue-StartAdminOnNodeForStartDatanodeAdminHandler] INFO  pipeline.PipelineStateManager (PipelineStateManager.java:removePipeline(106)) - Pipeline Pipeline[ Id: bb066f58-c2e9-40e5-93ce-f69e9e61efec, Nodes: 639a72ac-1b67-44d2-8fbe-212b735275e2{ip: 172.17.0.2, host: 84bc77fe8d45, networkLocation: /default-rack, certSerialId: null, persistedOpState: IN_SERVICE, persistedOpStateExpiryEpochSec: 0}, Type:RATIS, Factor:ONE, State:CLOSED, leaderId:639a72ac-1b67-44d2-8fbe-212b735275e2, CreationTimestamp2021-01-10T09:03:06.059Z] removed from db
2021-01-10 09:03:35,584 [EventQueue-StartAdminOnNodeForStartDatanodeAdminHandler] INFO  node.StartDatanodeAdminHandler (StartDatanodeAdminHandler.java:onMessage(56)) - Admin start on datanode c4191e53-aaca-4d42-9f72-dc45ebf47022{ip: 172.17.0.2, host: 84bc77fe8d45, networkLocation: /default-rack, certSerialId: null, persistedOpState: IN_SERVICE, persistedOpStateExpiryEpochSec: 0}. Finalizing its pipelines [PipelineID=319c8b6e-21f4-42ad-8e65-6bdb76157137]
2021-01-10 09:03:35,584 [EventQueue-StartAdminOnNodeForStartDatanodeAdminHandler] INFO  pipeline.SCMPipelineManager (SCMPipelineManager.java:finalizeAndDestroyPipeline(482)) - Destroying pipeline:Pipeline[ Id: 319c8b6e-21f4-42ad-8e65-6bdb76157137, Nodes: c4191e53-aaca-4d42-9f72-dc45ebf47022{ip: 172.17.0.2, host: 84bc77fe8d45, networkLocation: /default-rack, certSerialId: null, persistedOpState: IN_SERVICE, persistedOpStateExpiryEpochSec: 0}, Type:RATIS, Factor:ONE, State:OPEN, leaderId:c4191e53-aaca-4d42-9f72-dc45ebf47022, CreationTimestamp2021-01-10T09:03:11.273Z]
2021-01-10 09:03:35,584 [EventQueue-StartAdminOnNodeForStartDatanodeAdminHandler] INFO  pipeline.PipelineStateManager (PipelineStateManager.java:finalizePipeline(121)) - Pipeline Pipeline[ Id: 319c8b6e-21f4-42ad-8e65-6bdb76157137, Nodes: c4191e53-aaca-4d42-9f72-dc45ebf47022{ip: 172.17.0.2, host: 84bc77fe8d45, networkLocation: /default-rack, certSerialId: null, persistedOpState: IN_SERVICE, persistedOpStateExpiryEpochSec: 0}, Type:RATIS, Factor:ONE, State:CLOSED, leaderId:c4191e53-aaca-4d42-9f72-dc45ebf47022, CreationTimestamp2021-01-10T09:03:11.273Z] moved to CLOSED state
2021-01-10 09:03:35,584 [EventQueue-StartAdminOnNodeForStartDatanodeAdminHandler] INFO  pipeline.RatisPipelineProvider (RatisPipelineProvider.java:lambda$close$1(199)) - Send pipeline:PipelineID=319c8b6e-21f4-42ad-8e65-6bdb76157137 close command to datanode c4191e53-aaca-4d42-9f72-dc45ebf47022
2021-01-10 09:03:35,584 [EventQueue-StartAdminOnNodeForStartDatanodeAdminHandler] INFO  pipeline.PipelineStateManager (PipelineStateManager.java:removePipeline(106)) - Pipeline Pipeline[ Id: 319c8b6e-21f4-42ad-8e65-6bdb76157137, Nodes: c4191e53-aaca-4d42-9f72-dc45ebf47022{ip: 172.17.0.2, host: 84bc77fe8d45, networkLocation: /default-rack, certSerialId: null, persistedOpState: IN_SERVICE, persistedOpStateExpiryEpochSec: 0}, Type:RATIS, Factor:ONE, State:CLOSED, leaderId:c4191e53-aaca-4d42-9f72-dc45ebf47022, CreationTimestamp2021-01-10T09:03:11.273Z] removed from db
2021-01-10 09:03:35,584 [EventQueue-StartAdminOnNodeForStartDatanodeAdminHandler] INFO  node.StartDatanodeAdminHandler (StartDatanodeAdminHandler.java:onMessage(56)) - Admin start on datanode d99ff0d5-fc69-4ace-aa4c-ce8a85641abd{ip: 172.17.0.2, host: 84bc77fe8d45, networkLocation: /default-rack, certSerialId: null, persistedOpState: IN_SERVICE, persistedOpStateExpiryEpochSec: 0}. Finalizing its pipelines [PipelineID=7f85cc11-4c61-4963-8417-50480f738a16]
2021-01-10 09:03:35,584 [EventQueue-StartAdminOnNodeForStartDatanodeAdminHandler] INFO  pipeline.SCMPipelineManager (SCMPipelineManager.java:finalizeAndDestroyPipeline(482)) - Destroying pipeline:Pipeline[ Id: 7f85cc11-4c61-4963-8417-50480f738a16, Nodes: d99ff0d5-fc69-4ace-aa4c-ce8a85641abd{ip: 172.17.0.2, host: 84bc77fe8d45, networkLocation: /default-rack, certSerialId: null, persistedOpState: IN_SERVICE, persistedOpStateExpiryEpochSec: 0}, Type:RATIS, Factor:ONE, State:OPEN, leaderId:d99ff0d5-fc69-4ace-aa4c-ce8a85641abd, CreationTimestamp2021-01-10T09:03:21.498Z]
2021-01-10 09:03:35,584 [EventQueue-StartAdminOnNodeForStartDatanodeAdminHandler] INFO  pipeline.PipelineStateManager (PipelineStateManager.java:finalizePipeline(121)) - Pipeline Pipeline[ Id: 7f85cc11-4c61-4963-8417-50480f738a16, Nodes: d99ff0d5-fc69-4ace-aa4c-ce8a85641abd{ip: 172.17.0.2, host: 84bc77fe8d45, networkLocation: /default-rack, certSerialId: null, persistedOpState: IN_SERVICE, persistedOpStateExpiryEpochSec: 0}, Type:RATIS, Factor:ONE, State:CLOSED, leaderId:d99ff0d5-fc69-4ace-aa4c-ce8a85641abd, CreationTimestamp2021-01-10T09:03:21.498Z] moved to CLOSED state
2021-01-10 09:03:35,585 [EventQueue-StartAdminOnNodeForStartDatanodeAdminHandler] INFO  pipeline.RatisPipelineProvider (RatisPipelineProvider.java:lambda$close$1(199)) - Send pipeline:PipelineID=7f85cc11-4c61-4963-8417-50480f738a16 close command to datanode d99ff0d5-fc69-4ace-aa4c-ce8a85641abd
2021-01-10 09:03:35,585 [EventQueue-StartAdminOnNodeForStartDatanodeAdminHandler] INFO  pipeline.PipelineStateManager (PipelineStateManager.java:removePipeline(106)) - Pipeline Pipeline[ Id: 7f85cc11-4c61-4963-8417-50480f738a16, Nodes: d99ff0d5-fc69-4ace-aa4c-ce8a85641abd{ip: 172.17.0.2, host: 84bc77fe8d45, networkLocation: /default-rack, certSerialId: null, persistedOpState: IN_SERVICE, persistedOpStateExpiryEpochSec: 0}, Type:RATIS, Factor:ONE, State:CLOSED, leaderId:d99ff0d5-fc69-4ace-aa4c-ce8a85641abd, CreationTimestamp2021-01-10T09:03:21.498Z] removed from db
2021-01-10 09:03:35,580 [EventQueue-CloseContainerForCloseContainerEventHandler] WARN  container.SCMContainerManager (SCMContainerManager.java:updateContainerState(367)) - Unable to remove container #1 from pipeline PipelineID=b9f8cb9a-d08f-46fe-a23d-61ec49544c04  as the pipeline no longer exists
2021-01-10 09:03:35,587 [EventQueue-CloseContainerForCloseContainerEventHandler] INFO  container.CloseContainerEventHandler (CloseContainerEventHandler.java:onMessage(61)) - Close container Event triggered for container : #2
2021-01-10 09:03:35,588 [EventQueue-CloseContainerForCloseContainerEventHandler] WARN  container.SCMContainerManager (SCMContainerManager.java:updateContainerState(367)) - Unable to remove container #2 from pipeline PipelineID=b9f8cb9a-d08f-46fe-a23d-61ec49544c04  as the pipeline no longer exists
2021-01-10 09:03:35,588 [EventQueue-CloseContainerForCloseContainerEventHandler] INFO  container.CloseContainerEventHandler (CloseContainerEventHandler.java:onMessage(61)) - Close container Event triggered for container : #3
2021-01-10 09:03:35,588 [EventQueue-CloseContainerForCloseContainerEventHandler] WARN  container.SCMContainerManager (SCMContainerManager.java:updateContainerState(367)) - Unable to remove container #3 from pipeline PipelineID=b9f8cb9a-d08f-46fe-a23d-61ec49544c04  as the pipeline no longer exists
2021-01-10 09:03:36,425 [IPC Server handler 19 on default port 34769] INFO  node.SCMNodeManager (SCMNodeManager.java:updateDatanodeOpState(419)) - Scheduling a command to update the operationalState persisted on the datanode as the reported value (IN_SERVICE, 0) does not match the value stored in SCM (ENTERING_MAINTENANCE, 0)
2021-01-10 09:03:36,429 [IPC Server handler 8 on default port 34769] INFO  node.SCMNodeManager (SCMNodeManager.java:updateDatanodeOpState(419)) - Scheduling a command to update the operationalState persisted on the datanode as the reported value (IN_SERVICE, 0) does not match the value stored in SCM (ENTERING_MAINTENANCE, 0)
2021-01-10 09:03:36,439 [IPC Server handler 11 on default port 34769] INFO  node.SCMNodeManager (SCMNodeManager.java:updateDatanodeOpState(419)) - Scheduling a command to update the operationalState persisted on the datanode as the reported value (IN_SERVICE, 0) does not match the value stored in SCM (ENTERING_MAINTENANCE, 0)
2021-01-10 09:03:36,490 [ReplicationMonitor] INFO  container.ReplicationManager (ReplicationManager.java:sendCloseCommand(948)) - Sending close container command for container #1 to datanode 639a72ac-1b67-44d2-8fbe-212b735275e2{ip: 172.17.0.2, host: 84bc77fe8d45, networkLocation: /default-rack, certSerialId: null, persistedOpState: IN_SERVICE, persistedOpStateExpiryEpochSec: 0}.
2021-01-10 09:03:36,491 [ReplicationMonitor] INFO  container.ReplicationManager (ReplicationManager.java:sendCloseCommand(948)) - Sending close container command for container #1 to datanode c4191e53-aaca-4d42-9f72-dc45ebf47022{ip: 172.17.0.2, host: 84bc77fe8d45, networkLocation: /default-rack, certSerialId: null, persistedOpState: IN_SERVICE, persistedOpStateExpiryEpochSec: 0}.
2021-01-10 09:03:36,491 [ReplicationMonitor] INFO  container.ReplicationManager (ReplicationManager.java:sendCloseCommand(948)) - Sending close container command for container #1 to datanode d99ff0d5-fc69-4ace-aa4c-ce8a85641abd{ip: 172.17.0.2, host: 84bc77fe8d45, networkLocation: /default-rack, certSerialId: null, persistedOpState: IN_SERVICE, persistedOpStateExpiryEpochSec: 0}.
2021-01-10 09:03:36,491 [ReplicationMonitor] INFO  container.ReplicationManager (ReplicationManager.java:sendCloseCommand(948)) - Sending close container command for container #2 to datanode c4191e53-aaca-4d42-9f72-dc45ebf47022{ip: 172.17.0.2, host: 84bc77fe8d45, networkLocation: /default-rack, certSerialId: null, persistedOpState: IN_SERVICE, persistedOpStateExpiryEpochSec: 0}.
2021-01-10 09:03:36,491 [ReplicationMonitor] INFO  container.ReplicationManager (ReplicationManager.java:sendCloseCommand(948)) - Sending close container command for container #2 to datanode d99ff0d5-fc69-4ace-aa4c-ce8a85641abd{ip: 172.17.0.2, host: 84bc77fe8d45, networkLocation: /default-rack, certSerialId: null, persistedOpState: IN_SERVICE, persistedOpStateExpiryEpochSec: 0}.
2021-01-10 09:03:36,491 [ReplicationMonitor] INFO  container.ReplicationManager (ReplicationManager.java:sendCloseCommand(948)) - Sending close container command for container #2 to datanode 639a72ac-1b67-44d2-8fbe-212b735275e2{ip: 172.17.0.2, host: 84bc77fe8d45, networkLocation: /default-rack, certSerialId: null, persistedOpState: IN_SERVICE, persistedOpStateExpiryEpochSec: 0}.
2021-01-10 09:03:36,491 [ReplicationMonitor] INFO  container.ReplicationManager (ReplicationManager.java:sendCloseCommand(948)) - Sending close container command for container #3 to datanode c4191e53-aaca-4d42-9f72-dc45ebf47022{ip: 172.17.0.2, host: 84bc77fe8d45, networkLocation: /default-rack, certSerialId: null, persistedOpState: IN_SERVICE, persistedOpStateExpiryEpochSec: 0}.
2021-01-10 09:03:36,492 [ReplicationMonitor] INFO  container.ReplicationManager (ReplicationManager.java:sendCloseCommand(948)) - Sending close container command for container #3 to datanode d99ff0d5-fc69-4ace-aa4c-ce8a85641abd{ip: 172.17.0.2, host: 84bc77fe8d45, networkLocation: /default-rack, certSerialId: null, persistedOpState: IN_SERVICE, persistedOpStateExpiryEpochSec: 0}.
2021-01-10 09:03:36,492 [ReplicationMonitor] INFO  container.ReplicationManager (ReplicationManager.java:sendCloseCommand(948)) - Sending close container command for container #3 to datanode 639a72ac-1b67-44d2-8fbe-212b735275e2{ip: 172.17.0.2, host: 84bc77fe8d45, networkLocation: /default-rack, certSerialId: null, persistedOpState: IN_SERVICE, persistedOpStateExpiryEpochSec: 0}.
2021-01-10 09:03:36,492 [ReplicationMonitor] INFO  container.ReplicationManager (ReplicationManager.java:run(250)) - Replication Monitor Thread took 2 milliseconds for processing 3 containers.
2021-01-10 09:03:36,574 [DatanodeAdminManager-0] INFO  node.DatanodeAdminMonitorImpl (DatanodeAdminMonitorImpl.java:run(136)) - There are 3 nodes tracked for decommission and maintenance. 0 pending nodes.
2021-01-10 09:03:37,426 [IPC Server handler 19 on default port 34769] INFO  node.SCMNodeManager (SCMNodeManager.java:updateDatanodeOpState(419)) - Scheduling a command to update the operationalState persisted on the datanode as the reported value (IN_SERVICE, 0) does not match the value stored in SCM (ENTERING_MAINTENANCE, 0)
2021-01-10 09:03:37,429 [IPC Server handler 8 on default port 34769] INFO  node.SCMNodeManager (SCMNodeManager.java:updateDatanodeOpState(419)) - Scheduling a command to update the operationalState persisted on the datanode as the reported value (IN_SERVICE, 0) does not match the value stored in SCM (ENTERING_MAINTENANCE, 0)
2021-01-10 09:03:37,439 [Command processor thread] INFO  server.RaftServer (RaftServerProxy.java:remove(106)) - 639a72ac-1b67-44d2-8fbe-212b735275e2: remove  FOLLOWER 639a72ac-1b67-44d2-8fbe-212b735275e2@group-61EC49544C04:t1, leader=d99ff0d5-fc69-4ace-aa4c-ce8a85641abd, voted=d99ff0d5-fc69-4ace-aa4c-ce8a85641abd, raftlog=639a72ac-1b67-44d2-8fbe-212b735275e2@group-61EC49544C04-SegmentedRaftLog:OPENED:c78,f78,i78, conf=0: [d99ff0d5-fc69-4ace-aa4c-ce8a85641abd|rpc:172.17.0.2:46021|dataStream:|priority:1, 639a72ac-1b67-44d2-8fbe-212b735275e2|rpc:172.17.0.2:45651|dataStream:|priority:0, c4191e53-aaca-4d42-9f72-dc45ebf47022|rpc:172.17.0.2:35859|dataStream:|priority:0], old=null RUNNING
2021-01-10 09:03:37,439 [Command processor thread] INFO  server.RaftServer$Division (RaftServerImpl.java:lambda$close$4(405)) - 639a72ac-1b67-44d2-8fbe-212b735275e2@group-61EC49544C04: shutdown
2021-01-10 09:03:37,439 [Command processor thread] INFO  util.JmxRegister (JmxRegister.java:unregister(73)) - Successfully un-registered JMX Bean with object name Ratis:service=RaftServer,group=group-61EC49544C04,id=639a72ac-1b67-44d2-8fbe-212b735275e2
2021-01-10 09:03:37,439 [Command processor thread] INFO  impl.RoleInfo (RoleInfo.java:shutdownFollowerState(108)) - 639a72ac-1b67-44d2-8fbe-212b735275e2: shutdown 639a72ac-1b67-44d2-8fbe-212b735275e2@group-61EC49544C04-FollowerState
2021-01-10 09:03:37,439 [Command processor thread] INFO  impl.StateMachineUpdater (StateMachineUpdater.java:stopAndJoin(148)) - 639a72ac-1b67-44d2-8fbe-212b735275e2@group-61EC49544C04-StateMachineUpdater: set stopIndex = 78
2021-01-10 09:03:37,439 [639a72ac-1b67-44d2-8fbe-212b735275e2@group-61EC49544C04-StateMachineUpdater] INFO  ratis.ContainerStateMachine (ContainerStateMachine.java:takeSnapshot(291)) - group-61EC49544C04: Taking a snapshot at:(t:1, i:78) file /github/workspace/mnt/ozone/hadoop-ozone/integration-test/target/test-dir/MiniOzoneClusterImpl-030730bd-5c5c-4c00-b8c2-b15b15404b1a/datanode-0/data/ratis/b9f8cb9a-d08f-46fe-a23d-61ec49544c04/sm/snapshot.1_78
2021-01-10 09:03:37,441 [IPC Server handler 13 on default port 34769] INFO  node.SCMNodeManager (SCMNodeManager.java:updateDatanodeOpState(419)) - Scheduling a command to update the operationalState persisted on the datanode as the reported value (IN_SERVICE, 0) does not match the value stored in SCM (ENTERING_MAINTENANCE, 0)
2021-01-10 09:03:37,440 [Thread-842] INFO  impl.FollowerState (FollowerState.java:run(142)) - 639a72ac-1b67-44d2-8fbe-212b735275e2@group-61EC49544C04-FollowerState was interrupted: {}
java.lang.InterruptedException: sleep interrupted
	at java.lang.Thread.sleep(Native Method)
	at java.lang.Thread.sleep(Thread.java:340)
	at java.util.concurrent.TimeUnit.sleep(TimeUnit.java:386)
	at org.apache.ratis.util.TimeDuration.sleep(TimeDuration.java:324)
	at org.apache.ratis.util.TimeDuration.sleep(TimeDuration.java:309)
	at org.apache.ratis.server.impl.FollowerState.run(FollowerState.java:117)
2021-01-10 09:03:37,443 [639a72ac-1b67-44d2-8fbe-212b735275e2@group-61EC49544C04-StateMachineUpdater] INFO  ratis.ContainerStateMachine (ContainerStateMachine.java:takeSnapshot(302)) - group-61EC49544C04: Finished taking a snapshot at:(t:1, i:78) file:/github/workspace/mnt/ozone/hadoop-ozone/integration-test/target/test-dir/MiniOzoneClusterImpl-030730bd-5c5c-4c00-b8c2-b15b15404b1a/datanode-0/data/ratis/b9f8cb9a-d08f-46fe-a23d-61ec49544c04/sm/snapshot.1_78 took: 4 ms
2021-01-10 09:03:37,443 [639a72ac-1b67-44d2-8fbe-212b735275e2@group-61EC49544C04-StateMachineUpdater] INFO  impl.StateMachineUpdater (StateMachineUpdater.java:takeSnapshot(279)) - 639a72ac-1b67-44d2-8fbe-212b735275e2@group-61EC49544C04-StateMachineUpdater: Took a snapshot at index 78
2021-01-10 09:03:37,443 [639a72ac-1b67-44d2-8fbe-212b735275e2@group-61EC49544C04-StateMachineUpdater] INFO  impl.StateMachineUpdater (StateMachineUpdater.java:lambda$new$0(88)) - 639a72ac-1b67-44d2-8fbe-212b735275e2@group-61EC49544C04-StateMachineUpdater: snapshotIndex: updateIncreasingly -1 -> 78
2021-01-10 09:03:37,444 [639a72ac-1b67-44d2-8fbe-212b735275e2@group-61EC49544C04-StateMachineUpdater] INFO  metrics.RatisMetrics (RatisMetrics.java:unregister(43)) - Unregistering Metrics Registry : ratis.state_machine.639a72ac-1b67-44d2-8fbe-212b735275e2@group-61EC49544C04
2021-01-10 09:03:37,444 [Command processor thread] INFO  server.RaftServer$Division (ServerState.java:close(400)) - 639a72ac-1b67-44d2-8fbe-212b735275e2@group-61EC49544C04: closes. applyIndex: 78
2021-01-10 09:03:37,444 [639a72ac-1b67-44d2-8fbe-212b735275e2@group-61EC49544C04-SegmentedRaftLogWorker] INFO  segmented.SegmentedRaftLogWorker (SegmentedRaftLogWorker.java:run(326)) - 639a72ac-1b67-44d2-8fbe-212b735275e2@group-61EC49544C04-SegmentedRaftLogWorker was interrupted, exiting. There are 0 tasks remaining in the queue.
2021-01-10 09:03:37,445 [Command processor thread] INFO  segmented.SegmentedRaftLogWorker (SegmentedRaftLogWorker.java:close(236)) - 639a72ac-1b67-44d2-8fbe-212b735275e2@group-61EC49544C04-SegmentedRaftLogWorker close()
2021-01-10 09:03:37,445 [Command processor thread] INFO  metrics.RatisMetrics (RatisMetrics.java:unregister(43)) - Unregistering Metrics Registry : ratis.log_worker.639a72ac-1b67-44d2-8fbe-212b735275e2@group-61EC49544C04
2021-01-10 09:03:37,446 [Command processor thread] INFO  metrics.RatisMetrics (RatisMetrics.java:unregister(43)) - Unregistering Metrics Registry : ratis.leader_election.639a72ac-1b67-44d2-8fbe-212b735275e2@group-61EC49544C04
2021-01-10 09:03:37,446 [Command processor thread] INFO  metrics.RatisMetrics (RatisMetrics.java:unregister(43)) - Unregistering Metrics Registry : ratis.server.639a72ac-1b67-44d2-8fbe-212b735275e2@group-61EC49544C04
2021-01-10 09:03:37,449 [IPC Server handler 4 on default port 34769] INFO  node.SCMNodeManager (SCMNodeManager.java:updateDatanodeOpState(419)) - Scheduling a command to update the operationalState persisted on the datanode as the reported value (IN_SERVICE, 0) does not match the value stored in SCM (ENTERING_MAINTENANCE, 0)
2021-01-10 09:03:37,450 [Command processor thread] INFO  keyvalue.KeyValueContainer (KeyValueContainer.java:flushAndSyncDB(388)) - Container 1 is synced with bcsId 72.
2021-01-10 09:03:37,450 [Command processor thread] INFO  keyvalue.KeyValueContainer (KeyValueContainer.java:flushAndSyncDB(388)) - Container 1 is synced with bcsId 72.
2021-01-10 09:03:37,452 [IPC Server handler 2 on default port 34769] INFO  node.SCMNodeManager (SCMNodeManager.java:updateDatanodeOpState(419)) - Scheduling a command to update the operationalState persisted on the datanode as the reported value (IN_SERVICE, 0) does not match the value stored in SCM (ENTERING_MAINTENANCE, 0)
2021-01-10 09:03:37,453 [EventQueue-IncrementalContainerReportForIncrementalContainerReportHandler] INFO  container.IncrementalContainerReportHandler (AbstractContainerReportHandler.java:updateContainerState(208)) - Moving container #1 to QUASI_CLOSED state, datanode 639a72ac-1b67-44d2-8fbe-212b735275e2{ip: 172.17.0.2, host: 84bc77fe8d45, networkLocation: /default-rack, certSerialId: null, persistedOpState: IN_SERVICE, persistedOpStateExpiryEpochSec: 0} reported QUASI_CLOSED replica.
2021-01-10 09:03:37,455 [IPC Server handler 1 on default port 34769] INFO  node.SCMNodeManager (SCMNodeManager.java:updateDatanodeOpState(419)) - Scheduling a command to update the operationalState persisted on the datanode as the reported value (IN_SERVICE, 0) does not match the value stored in SCM (ENTERING_MAINTENANCE, 0)
2021-01-10 09:03:37,457 [Command processor thread] INFO  keyvalue.KeyValueContainer (KeyValueContainer.java:flushAndSyncDB(388)) - Container 2 is synced with bcsId 76.
2021-01-10 09:03:37,458 [Command processor thread] INFO  keyvalue.KeyValueContainer (KeyValueContainer.java:flushAndSyncDB(388)) - Container 2 is synced with bcsId 76.
2021-01-10 09:03:37,462 [IPC Server handler 0 on default port 34769] INFO  node.SCMNodeManager (SCMNodeManager.java:updateDatanodeOpState(419)) - Scheduling a command to update the operationalState persisted on the datanode as the reported value (IN_SERVICE, 0) does not match the value stored in SCM (ENTERING_MAINTENANCE, 0)
2021-01-10 09:03:37,462 [EventQueue-IncrementalContainerReportForIncrementalContainerReportHandler] INFO  container.IncrementalContainerReportHandler (AbstractContainerReportHandler.java:updateContainerState(208)) - Moving container #2 to QUASI_CLOSED state, datanode 639a72ac-1b67-44d2-8fbe-212b735275e2{ip: 172.17.0.2, host: 84bc77fe8d45, networkLocation: /default-rack, certSerialId: null, persistedOpState: IN_SERVICE, persistedOpStateExpiryEpochSec: 0} reported QUASI_CLOSED replica.
2021-01-10 09:03:37,465 [IPC Server handler 9 on default port 34769] INFO  node.SCMNodeManager (SCMNodeManager.java:updateDatanodeOpState(419)) - Scheduling a command to update the operationalState persisted on the datanode as the reported value (IN_SERVICE, 0) does not match the value stored in SCM (ENTERING_MAINTENANCE, 0)
2021-01-10 09:03:37,467 [Command processor thread] INFO  keyvalue.KeyValueContainer (KeyValueContainer.java:flushAndSyncDB(388)) - Container 3 is synced with bcsId 68.
2021-01-10 09:03:37,467 [Command processor thread] INFO  keyvalue.KeyValueContainer (KeyValueContainer.java:flushAndSyncDB(388)) - Container 3 is synced with bcsId 68.
2021-01-10 09:03:37,470 [IPC Server handler 6 on default port 34769] INFO  node.SCMNodeManager (SCMNodeManager.java:updateDatanodeOpState(419)) - Scheduling a command to update the operationalState persisted on the datanode as the reported value (IN_SERVICE, 0) does not match the value stored in SCM (ENTERING_MAINTENANCE, 0)
2021-01-10 09:03:37,470 [EventQueue-IncrementalContainerReportForIncrementalContainerReportHandler] INFO  container.IncrementalContainerReportHandler (AbstractContainerReportHandler.java:updateContainerState(208)) - Moving container #3 to QUASI_CLOSED state, datanode 639a72ac-1b67-44d2-8fbe-212b735275e2{ip: 172.17.0.2, host: 84bc77fe8d45, networkLocation: /default-rack, certSerialId: null, persistedOpState: IN_SERVICE, persistedOpStateExpiryEpochSec: 0} reported QUASI_CLOSED replica.
2021-01-10 09:03:37,471 [Command processor thread] INFO  server.RaftServer$Division (RaftServerImpl.java:groupRemove(375)) - 639a72ac-1b67-44d2-8fbe-212b735275e2@group-61EC49544C04: Succeed to remove RaftStorageDirectory Storage Directory /github/workspace/mnt/ozone/hadoop-ozone/integration-test/target/test-dir/MiniOzoneClusterImpl-030730bd-5c5c-4c00-b8c2-b15b15404b1a/datanode-0/data/ratis/b9f8cb9a-d08f-46fe-a23d-61ec49544c04
2021-01-10 09:03:37,471 [Command processor thread] INFO  commandhandler.ClosePipelineCommandHandler (ClosePipelineCommandHandler.java:handle(75)) - Close Pipeline PipelineID=b9f8cb9a-d08f-46fe-a23d-61ec49544c04 command on datanode 639a72ac-1b67-44d2-8fbe-212b735275e2.
2021-01-10 09:03:37,471 [Command processor thread] INFO  server.RaftServer (RaftServerProxy.java:remove(106)) - 639a72ac-1b67-44d2-8fbe-212b735275e2: remove    LEADER 639a72ac-1b67-44d2-8fbe-212b735275e2@group-F69E9E61EFEC:t1, leader=639a72ac-1b67-44d2-8fbe-212b735275e2, voted=639a72ac-1b67-44d2-8fbe-212b735275e2, raftlog=639a72ac-1b67-44d2-8fbe-212b735275e2@group-F69E9E61EFEC-SegmentedRaftLog:OPENED:c0,f0,i0, conf=0: [639a72ac-1b67-44d2-8fbe-212b735275e2|rpc:172.17.0.2:45651|dataStream:|priority:1], old=null RUNNING
2021-01-10 09:03:37,471 [Command processor thread] INFO  server.RaftServer$Division (RaftServerImpl.java:lambda$close$4(405)) - 639a72ac-1b67-44d2-8fbe-212b735275e2@group-F69E9E61EFEC: shutdown
2021-01-10 09:03:37,471 [Command processor thread] INFO  util.JmxRegister (JmxRegister.java:unregister(73)) - Successfully un-registered JMX Bean with object name Ratis:service=RaftServer,group=group-F69E9E61EFEC,id=639a72ac-1b67-44d2-8fbe-212b735275e2
2021-01-10 09:03:37,471 [Command processor thread] INFO  impl.RoleInfo (RoleInfo.java:shutdownLeaderState(91)) - 639a72ac-1b67-44d2-8fbe-212b735275e2: shutdown 639a72ac-1b67-44d2-8fbe-212b735275e2@group-F69E9E61EFEC-LeaderStateImpl
2021-01-10 09:03:37,471 [Command processor thread] INFO  impl.PendingRequests (PendingRequests.java:sendNotLeaderResponses(249)) - 639a72ac-1b67-44d2-8fbe-212b735275e2@group-F69E9E61EFEC-PendingRequests: sendNotLeaderResponses
2021-01-10 09:03:37,472 [Command processor thread] INFO  metrics.RatisMetrics (RatisMetrics.java:unregister(43)) - Unregistering Metrics Registry : ratis.log_appender.639a72ac-1b67-44d2-8fbe-212b735275e2@group-F69E9E61EFEC
2021-01-10 09:03:37,472 [Command processor thread] INFO  metrics.RatisMetrics (RatisMetrics.java:unregister(43)) - Unregistering Metrics Registry : ratis.server.639a72ac-1b67-44d2-8fbe-212b735275e2@group-F69E9E61EFEC
2021-01-10 09:03:37,472 [639a72ac-1b67-44d2-8fbe-212b735275e2@group-F69E9E61EFEC-StateMachineUpdater] INFO  ratis.ContainerStateMachine (ContainerStateMachine.java:takeSnapshot(291)) - group-F69E9E61EFEC: Taking a snapshot at:(t:1, i:0) file /github/workspace/mnt/ozone/hadoop-ozone/integration-test/target/test-dir/MiniOzoneClusterImpl-030730bd-5c5c-4c00-b8c2-b15b15404b1a/datanode-0/data/ratis/bb066f58-c2e9-40e5-93ce-f69e9e61efec/sm/snapshot.1_0
2021-01-10 09:03:37,474 [Command processor thread] INFO  impl.StateMachineUpdater (StateMachineUpdater.java:stopAndJoin(148)) - 639a72ac-1b67-44d2-8fbe-212b735275e2@group-F69E9E61EFEC-StateMachineUpdater: set stopIndex = 0
2021-01-10 09:03:37,475 [639a72ac-1b67-44d2-8fbe-212b735275e2@group-F69E9E61EFEC-StateMachineUpdater] INFO  ratis.ContainerStateMachine (ContainerStateMachine.java:takeSnapshot(302)) - group-F69E9E61EFEC: Finished taking a snapshot at:(t:1, i:0) file:/github/workspace/mnt/ozone/hadoop-ozone/integration-test/target/test-dir/MiniOzoneClusterImpl-030730bd-5c5c-4c00-b8c2-b15b15404b1a/datanode-0/data/ratis/bb066f58-c2e9-40e5-93ce-f69e9e61efec/sm/snapshot.1_0 took: 2 ms
2021-01-10 09:03:37,475 [639a72ac-1b67-44d2-8fbe-212b735275e2@group-F69E9E61EFEC-StateMachineUpdater] INFO  impl.StateMachineUpdater (StateMachineUpdater.java:takeSnapshot(279)) - 639a72ac-1b67-44d2-8fbe-212b735275e2@group-F69E9E61EFEC-StateMachineUpdater: Took a snapshot at index 0
2021-01-10 09:03:37,475 [639a72ac-1b67-44d2-8fbe-212b735275e2@group-F69E9E61EFEC-StateMachineUpdater] INFO  impl.StateMachineUpdater (StateMachineUpdater.java:lambda$new$0(88)) - 639a72ac-1b67-44d2-8fbe-212b735275e2@group-F69E9E61EFEC-StateMachineUpdater: snapshotIndex: updateIncreasingly -1 -> 0
2021-01-10 09:03:37,475 [639a72ac-1b67-44d2-8fbe-212b735275e2@group-F69E9E61EFEC-StateMachineUpdater] INFO  metrics.RatisMetrics (RatisMetrics.java:unregister(43)) - Unregistering Metrics Registry : ratis.state_machine.639a72ac-1b67-44d2-8fbe-212b735275e2@group-F69E9E61EFEC
2021-01-10 09:03:37,477 [Command processor thread] INFO  server.RaftServer$Division (ServerState.java:close(400)) - 639a72ac-1b67-44d2-8fbe-212b735275e2@group-F69E9E61EFEC: closes. applyIndex: 0
2021-01-10 09:03:37,477 [639a72ac-1b67-44d2-8fbe-212b735275e2@group-F69E9E61EFEC-SegmentedRaftLogWorker] INFO  segmented.SegmentedRaftLogWorker (SegmentedRaftLogWorker.java:run(326)) - 639a72ac-1b67-44d2-8fbe-212b735275e2@group-F69E9E61EFEC-SegmentedRaftLogWorker was interrupted, exiting. There are 0 tasks remaining in the queue.
2021-01-10 09:03:37,477 [Command processor thread] INFO  segmented.SegmentedRaftLogWorker (SegmentedRaftLogWorker.java:close(236)) - 639a72ac-1b67-44d2-8fbe-212b735275e2@group-F69E9E61EFEC-SegmentedRaftLogWorker close()
2021-01-10 09:03:37,478 [Command processor thread] INFO  metrics.RatisMetrics (RatisMetrics.java:unregister(43)) - Unregistering Metrics Registry : ratis.log_worker.639a72ac-1b67-44d2-8fbe-212b735275e2@group-F69E9E61EFEC
2021-01-10 09:03:37,478 [Command processor thread] INFO  metrics.RatisMetrics (RatisMetrics.java:unregister(43)) - Unregistering Metrics Registry : ratis.leader_election.639a72ac-1b67-44d2-8fbe-212b735275e2@group-F69E9E61EFEC
2021-01-10 09:03:37,478 [Command processor thread] INFO  metrics.RatisMetrics (RatisMetrics.java:unregister(43)) - Unregistering Metrics Registry : ratis.server.639a72ac-1b67-44d2-8fbe-212b735275e2@group-F69E9E61EFEC
2021-01-10 09:03:37,479 [Command processor thread] INFO  server.RaftServer$Division (RaftServerImpl.java:groupRemove(375)) - 639a72ac-1b67-44d2-8fbe-212b735275e2@group-F69E9E61EFEC: Succeed to remove RaftStorageDirectory Storage Directory /github/workspace/mnt/ozone/hadoop-ozone/integration-test/target/test-dir/MiniOzoneClusterImpl-030730bd-5c5c-4c00-b8c2-b15b15404b1a/datanode-0/data/ratis/bb066f58-c2e9-40e5-93ce-f69e9e61efec
2021-01-10 09:03:37,479 [Command processor thread] INFO  commandhandler.ClosePipelineCommandHandler (ClosePipelineCommandHandler.java:handle(75)) - Close Pipeline PipelineID=bb066f58-c2e9-40e5-93ce-f69e9e61efec command on datanode 639a72ac-1b67-44d2-8fbe-212b735275e2.
2021-01-10 09:03:37,479 [Command processor thread] WARN  server.RaftServer (RaftServerProxy.java:remove(101)) - 639a72ac-1b67-44d2-8fbe-212b735275e2: does not contain group: group-61EC49544C04
2021-01-10 09:03:37,480 [Command processor thread] ERROR commandhandler.ClosePipelineCommandHandler (ClosePipelineCommandHandler.java:handle(78)) - Can't close pipeline PipelineID=b9f8cb9a-d08f-46fe-a23d-61ec49544c04
java.io.IOException: 639a72ac-1b67-44d2-8fbe-212b735275e2: Group group-61EC49544C04 not found.
	at org.apache.hadoop.ozone.container.common.transport.server.ratis.XceiverServerRatis.removeGroup(XceiverServerRatis.java:788)
	at org.apache.hadoop.ozone.container.common.statemachine.commandhandler.ClosePipelineCommandHandler.handle(ClosePipelineCommandHandler.java:74)
	at org.apache.hadoop.ozone.container.common.statemachine.commandhandler.CommandDispatcher.handle(CommandDispatcher.java:99)
	at org.apache.hadoop.ozone.container.common.statemachine.DatanodeStateMachine.lambda$initCommandHandlerThread$2(DatanodeStateMachine.java:498)
	at java.lang.Thread.run(Thread.java:748)
Caused by: org.apache.ratis.protocol.exceptions.GroupMismatchException: 639a72ac-1b67-44d2-8fbe-212b735275e2: Group group-61EC49544C04 not found.
	at org.apache.ratis.server.impl.RaftServerProxy.groupRemoveAsync(RaftServerProxy.java:502)
	at org.apache.ratis.server.impl.RaftServerProxy.groupManagementAsync(RaftServerProxy.java:458)
	at org.apache.ratis.server.impl.RaftServerProxy.groupManagement(RaftServerProxy.java:438)
	at org.apache.hadoop.ozone.container.common.transport.server.ratis.XceiverServerRatis.removeGroup(XceiverServerRatis.java:786)
	... 4 more
2021-01-10 09:03:37,480 [Command processor thread] WARN  server.RaftServer (RaftServerProxy.java:remove(101)) - 639a72ac-1b67-44d2-8fbe-212b735275e2: does not contain group: group-F69E9E61EFEC
2021-01-10 09:03:37,480 [Command processor thread] ERROR commandhandler.ClosePipelineCommandHandler (ClosePipelineCommandHandler.java:handle(78)) - Can't close pipeline PipelineID=bb066f58-c2e9-40e5-93ce-f69e9e61efec
java.io.IOException: 639a72ac-1b67-44d2-8fbe-212b735275e2: Group group-F69E9E61EFEC not found.
	at org.apache.hadoop.ozone.container.common.transport.server.ratis.XceiverServerRatis.removeGroup(XceiverServerRatis.java:788)
	at org.apache.hadoop.ozone.container.common.statemachine.commandhandler.ClosePipelineCommandHandler.handle(ClosePipelineCommandHandler.java:74)
	at org.apache.hadoop.ozone.container.common.statemachine.commandhandler.CommandDispatcher.handle(CommandDispatcher.java:99)
	at org.apache.hadoop.ozone.container.common.statemachine.DatanodeStateMachine.lambda$initCommandHandlerThread$2(DatanodeStateMachine.java:498)
	at java.lang.Thread.run(Thread.java:748)
Caused by: org.apache.ratis.protocol.exceptions.GroupMismatchException: 639a72ac-1b67-44d2-8fbe-212b735275e2: Group group-F69E9E61EFEC not found.
	at org.apache.ratis.server.impl.RaftServerProxy.groupRemoveAsync(RaftServerProxy.java:502)
	at org.apache.ratis.server.impl.RaftServerProxy.groupManagementAsync(RaftServerProxy.java:458)
	at org.apache.ratis.server.impl.RaftServerProxy.groupManagement(RaftServerProxy.java:438)
	at org.apache.hadoop.ozone.container.common.transport.server.ratis.XceiverServerRatis.removeGroup(XceiverServerRatis.java:786)
	... 4 more
2021-01-10 09:03:37,481 [Command processor thread] WARN  server.RaftServer (RaftServerProxy.java:remove(101)) - 639a72ac-1b67-44d2-8fbe-212b735275e2: does not contain group: group-61EC49544C04
2021-01-10 09:03:37,481 [Command processor thread] ERROR commandhandler.ClosePipelineCommandHandler (ClosePipelineCommandHandler.java:handle(78)) - Can't close pipeline PipelineID=b9f8cb9a-d08f-46fe-a23d-61ec49544c04
java.io.IOException: 639a72ac-1b67-44d2-8fbe-212b735275e2: Group group-61EC49544C04 not found.
	at org.apache.hadoop.ozone.container.common.transport.server.ratis.XceiverServerRatis.removeGroup(XceiverServerRatis.java:788)
	at org.apache.hadoop.ozone.container.common.statemachine.commandhandler.ClosePipelineCommandHandler.handle(ClosePipelineCommandHandler.java:74)
	at org.apache.hadoop.ozone.container.common.statemachine.commandhandler.CommandDispatcher.handle(CommandDispatcher.java:99)
	at org.apache.hadoop.ozone.container.common.statemachine.DatanodeStateMachine.lambda$initCommandHandlerThread$2(DatanodeStateMachine.java:498)
	at java.lang.Thread.run(Thread.java:748)
Caused by: org.apache.ratis.protocol.exceptions.GroupMismatchException: 639a72ac-1b67-44d2-8fbe-212b735275e2: Group group-61EC49544C04 not found.
	at org.apache.ratis.server.impl.RaftServerProxy.groupRemoveAsync(RaftServerProxy.java:502)
	at org.apache.ratis.server.impl.RaftServerProxy.groupManagementAsync(RaftServerProxy.java:458)
	at org.apache.ratis.server.impl.RaftServerProxy.groupManagement(RaftServerProxy.java:438)
	at org.apache.hadoop.ozone.container.common.transport.server.ratis.XceiverServerRatis.removeGroup(XceiverServerRatis.java:786)
	... 4 more
2021-01-10 09:03:37,481 [Command processor thread] WARN  server.RaftServer (RaftServerProxy.java:remove(101)) - 639a72ac-1b67-44d2-8fbe-212b735275e2: does not contain group: group-F69E9E61EFEC
2021-01-10 09:03:37,481 [Command processor thread] ERROR commandhandler.ClosePipelineCommandHandler (ClosePipelineCommandHandler.java:handle(78)) - Can't close pipeline PipelineID=bb066f58-c2e9-40e5-93ce-f69e9e61efec
java.io.IOException: 639a72ac-1b67-44d2-8fbe-212b735275e2: Group group-F69E9E61EFEC not found.
	at org.apache.hadoop.ozone.container.common.transport.server.ratis.XceiverServerRatis.removeGroup(XceiverServerRatis.java:788)
	at org.apache.hadoop.ozone.container.common.statemachine.commandhandler.ClosePipelineCommandHandler.handle(ClosePipelineCommandHandler.java:74)
	at org.apache.hadoop.ozone.container.common.statemachine.commandhandler.CommandDispatcher.handle(CommandDispatcher.java:99)
	at org.apache.hadoop.ozone.container.common.statemachine.DatanodeStateMachine.lambda$initCommandHandlerThread$2(DatanodeStateMachine.java:498)
	at java.lang.Thread.run(Thread.java:748)
Caused by: org.apache.ratis.protocol.exceptions.GroupMismatchException: 639a72ac-1b67-44d2-8fbe-212b735275e2: Group group-F69E9E61EFEC not found.
	at org.apache.ratis.server.impl.RaftServerProxy.groupRemoveAsync(RaftServerProxy.java:502)
	at org.apache.ratis.server.impl.RaftServerProxy.groupManagementAsync(RaftServerProxy.java:458)
	at org.apache.ratis.server.impl.RaftServerProxy.groupManagement(RaftServerProxy.java:438)
	at org.apache.hadoop.ozone.container.common.transport.server.ratis.XceiverServerRatis.removeGroup(XceiverServerRatis.java:786)
	... 4 more
2021-01-10 09:03:37,482 [Command processor thread] WARN  server.RaftServer (RaftServerProxy.java:remove(101)) - 639a72ac-1b67-44d2-8fbe-212b735275e2: does not contain group: group-61EC49544C04
2021-01-10 09:03:37,482 [Command processor thread] ERROR commandhandler.ClosePipelineCommandHandler (ClosePipelineCommandHandler.java:handle(78)) - Can't close pipeline PipelineID=b9f8cb9a-d08f-46fe-a23d-61ec49544c04
java.io.IOException: 639a72ac-1b67-44d2-8fbe-212b735275e2: Group group-61EC49544C04 not found.
	at org.apache.hadoop.ozone.container.common.transport.server.ratis.XceiverServerRatis.removeGroup(XceiverServerRatis.java:788)
	at org.apache.hadoop.ozone.container.common.statemachine.commandhandler.ClosePipelineCommandHandler.handle(ClosePipelineCommandHandler.java:74)
	at org.apache.hadoop.ozone.container.common.statemachine.commandhandler.CommandDispatcher.handle(CommandDispatcher.java:99)
	at org.apache.hadoop.ozone.container.common.statemachine.DatanodeStateMachine.lambda$initCommandHandlerThread$2(DatanodeStateMachine.java:498)
	at java.lang.Thread.run(Thread.java:748)
Caused by: org.apache.ratis.protocol.exceptions.GroupMismatchException: 639a72ac-1b67-44d2-8fbe-212b735275e2: Group group-61EC49544C04 not found.
	at org.apache.ratis.server.impl.RaftServerProxy.groupRemoveAsync(RaftServerProxy.java:502)
	at org.apache.ratis.server.impl.RaftServerProxy.groupManagementAsync(RaftServerProxy.java:458)
	at org.apache.ratis.server.impl.RaftServerProxy.groupManagement(RaftServerProxy.java:438)
	at org.apache.hadoop.ozone.container.common.transport.server.ratis.XceiverServerRatis.removeGroup(XceiverServerRatis.java:786)
	... 4 more
2021-01-10 09:03:37,482 [Command processor thread] WARN  server.RaftServer (RaftServerProxy.java:remove(101)) - 639a72ac-1b67-44d2-8fbe-212b735275e2: does not contain group: group-F69E9E61EFEC
2021-01-10 09:03:37,482 [Command processor thread] ERROR commandhandler.ClosePipelineCommandHandler (ClosePipelineCommandHandler.java:handle(78)) - Can't close pipeline PipelineID=bb066f58-c2e9-40e5-93ce-f69e9e61efec
java.io.IOException: 639a72ac-1b67-44d2-8fbe-212b735275e2: Group group-F69E9E61EFEC not found.
	at org.apache.hadoop.ozone.container.common.transport.server.ratis.XceiverServerRatis.removeGroup(XceiverServerRatis.java:788)
	at org.apache.hadoop.ozone.container.common.statemachine.commandhandler.ClosePipelineCommandHandler.handle(ClosePipelineCommandHandler.java:74)
	at org.apache.hadoop.ozone.container.common.statemachine.commandhandler.CommandDispatcher.handle(CommandDispatcher.java:99)
	at org.apache.hadoop.ozone.container.common.statemachine.DatanodeStateMachine.lambda$initCommandHandlerThread$2(DatanodeStateMachine.java:498)
	at java.lang.Thread.run(Thread.java:748)
Caused by: org.apache.ratis.protocol.exceptions.GroupMismatchException: 639a72ac-1b67-44d2-8fbe-212b735275e2: Group group-F69E9E61EFEC not found.
	at org.apache.ratis.server.impl.RaftServerProxy.groupRemoveAsync(RaftServerProxy.java:502)
	at org.apache.ratis.server.impl.RaftServerProxy.groupManagementAsync(RaftServerProxy.java:458)
	at org.apache.ratis.server.impl.RaftServerProxy.groupManagement(RaftServerProxy.java:438)
	at org.apache.hadoop.ozone.container.common.transport.server.ratis.XceiverServerRatis.removeGroup(XceiverServerRatis.java:786)
	... 4 more
2021-01-10 09:03:37,483 [Command processor thread] WARN  server.RaftServer (RaftServerProxy.java:remove(101)) - 639a72ac-1b67-44d2-8fbe-212b735275e2: does not contain group: group-61EC49544C04
2021-01-10 09:03:37,483 [Command processor thread] ERROR commandhandler.ClosePipelineCommandHandler (ClosePipelineCommandHandler.java:handle(78)) - Can't close pipeline PipelineID=b9f8cb9a-d08f-46fe-a23d-61ec49544c04
java.io.IOException: 639a72ac-1b67-44d2-8fbe-212b735275e2: Group group-61EC49544C04 not found.
	at org.apache.hadoop.ozone.container.common.transport.server.ratis.XceiverServerRatis.removeGroup(XceiverServerRatis.java:788)
	at org.apache.hadoop.ozone.container.common.statemachine.commandhandler.ClosePipelineCommandHandler.handle(ClosePipelineCommandHandler.java:74)
	at org.apache.hadoop.ozone.container.common.statemachine.commandhandler.CommandDispatcher.handle(CommandDispatcher.java:99)
	at org.apache.hadoop.ozone.container.common.statemachine.DatanodeStateMachine.lambda$initCommandHandlerThread$2(DatanodeStateMachine.java:498)
	at java.lang.Thread.run(Thread.java:748)
Caused by: org.apache.ratis.protocol.exceptions.GroupMismatchException: 639a72ac-1b67-44d2-8fbe-212b735275e2: Group group-61EC49544C04 not found.
	at org.apache.ratis.server.impl.RaftServerProxy.groupRemoveAsync(RaftServerProxy.java:502)
	at org.apache.ratis.server.impl.RaftServerProxy.groupManagementAsync(RaftServerProxy.java:458)
	at org.apache.ratis.server.impl.RaftServerProxy.groupManagement(RaftServerProxy.java:438)
	at org.apache.hadoop.ozone.container.common.transport.server.ratis.XceiverServerRatis.removeGroup(XceiverServerRatis.java:786)
	... 4 more
2021-01-10 09:03:37,483 [Command processor thread] WARN  server.RaftServer (RaftServerProxy.java:remove(101)) - 639a72ac-1b67-44d2-8fbe-212b735275e2: does not contain group: group-F69E9E61EFEC
2021-01-10 09:03:37,483 [Command processor thread] ERROR commandhandler.ClosePipelineCommandHandler (ClosePipelineCommandHandler.java:handle(78)) - Can't close pipeline PipelineID=bb066f58-c2e9-40e5-93ce-f69e9e61efec
java.io.IOException: 639a72ac-1b67-44d2-8fbe-212b735275e2: Group group-F69E9E61EFEC not found.
	at org.apache.hadoop.ozone.container.common.transport.server.ratis.XceiverServerRatis.removeGroup(XceiverServerRatis.java:788)
	at org.apache.hadoop.ozone.container.common.statemachine.commandhandler.ClosePipelineCommandHandler.handle(ClosePipelineCommandHandler.java:74)
	at org.apache.hadoop.ozone.container.common.statemachine.commandhandler.CommandDispatcher.handle(CommandDispatcher.java:99)
	at org.apache.hadoop.ozone.container.common.statemachine.DatanodeStateMachine.lambda$initCommandHandlerThread$2(DatanodeStateMachine.java:498)
	at java.lang.Thread.run(Thread.java:748)
Caused by: org.apache.ratis.protocol.exceptions.GroupMismatchException: 639a72ac-1b67-44d2-8fbe-212b735275e2: Group group-F69E9E61EFEC not found.
	at org.apache.ratis.server.impl.RaftServerProxy.groupRemoveAsync(RaftServerProxy.java:502)
	at org.apache.ratis.server.impl.RaftServerProxy.groupManagementAsync(RaftServerProxy.java:458)
	at org.apache.ratis.server.impl.RaftServerProxy.groupManagement(RaftServerProxy.java:438)
	at org.apache.hadoop.ozone.container.common.transport.server.ratis.XceiverServerRatis.removeGroup(XceiverServerRatis.java:786)
	... 4 more
2021-01-10 09:03:37,484 [Command processor thread] WARN  server.RaftServer (RaftServerProxy.java:remove(101)) - 639a72ac-1b67-44d2-8fbe-212b735275e2: does not contain group: group-61EC49544C04
2021-01-10 09:03:37,484 [Command processor thread] ERROR commandhandler.ClosePipelineCommandHandler (ClosePipelineCommandHandler.java:handle(78)) - Can't close pipeline PipelineID=b9f8cb9a-d08f-46fe-a23d-61ec49544c04
java.io.IOException: 639a72ac-1b67-44d2-8fbe-212b735275e2: Group group-61EC49544C04 not found.
	at org.apache.hadoop.ozone.container.common.transport.server.ratis.XceiverServerRatis.removeGroup(XceiverServerRatis.java:788)
	at org.apache.hadoop.ozone.container.common.statemachine.commandhandler.ClosePipelineCommandHandler.handle(ClosePipelineCommandHandler.java:74)
	at org.apache.hadoop.ozone.container.common.statemachine.commandhandler.CommandDispatcher.handle(CommandDispatcher.java:99)
	at org.apache.hadoop.ozone.container.common.statemachine.DatanodeStateMachine.lambda$initCommandHandlerThread$2(DatanodeStateMachine.java:498)
	at java.lang.Thread.run(Thread.java:748)
Caused by: org.apache.ratis.protocol.exceptions.GroupMismatchException: 639a72ac-1b67-44d2-8fbe-212b735275e2: Group group-61EC49544C04 not found.
	at org.apache.ratis.server.impl.RaftServerProxy.groupRemoveAsync(RaftServerProxy.java:502)
	at org.apache.ratis.server.impl.RaftServerProxy.groupManagementAsync(RaftServerProxy.java:458)
	at org.apache.ratis.server.impl.RaftServerProxy.groupManagement(RaftServerProxy.java:438)
	at org.apache.hadoop.ozone.container.common.transport.server.ratis.XceiverServerRatis.removeGroup(XceiverServerRatis.java:786)
	... 4 more
2021-01-10 09:03:37,484 [Command processor thread] WARN  server.RaftServer (RaftServerProxy.java:remove(101)) - 639a72ac-1b67-44d2-8fbe-212b735275e2: does not contain group: group-F69E9E61EFEC
2021-01-10 09:03:37,484 [Command processor thread] ERROR commandhandler.ClosePipelineCommandHandler (ClosePipelineCommandHandler.java:handle(78)) - Can't close pipeline PipelineID=bb066f58-c2e9-40e5-93ce-f69e9e61efec
java.io.IOException: 639a72ac-1b67-44d2-8fbe-212b735275e2: Group group-F69E9E61EFEC not found.
	at org.apache.hadoop.ozone.container.common.transport.server.ratis.XceiverServerRatis.removeGroup(XceiverServerRatis.java:788)
	at org.apache.hadoop.ozone.container.common.statemachine.commandhandler.ClosePipelineCommandHandler.handle(ClosePipelineCommandHandler.java:74)
	at org.apache.hadoop.ozone.container.common.statemachine.commandhandler.CommandDispatcher.handle(CommandDispatcher.java:99)
	at org.apache.hadoop.ozone.container.common.statemachine.DatanodeStateMachine.lambda$initCommandHandlerThread$2(DatanodeStateMachine.java:498)
	at java.lang.Thread.run(Thread.java:748)
Caused by: org.apache.ratis.protocol.exceptions.GroupMismatchException: 639a72ac-1b67-44d2-8fbe-212b735275e2: Group group-F69E9E61EFEC not found.
	at org.apache.ratis.server.impl.RaftServerProxy.groupRemoveAsync(RaftServerProxy.java:502)
	at org.apache.ratis.server.impl.RaftServerProxy.groupManagementAsync(RaftServerProxy.java:458)
	at org.apache.ratis.server.impl.RaftServerProxy.groupManagement(RaftServerProxy.java:438)
	at org.apache.hadoop.ozone.container.common.transport.server.ratis.XceiverServerRatis.removeGroup(XceiverServerRatis.java:786)
	... 4 more
2021-01-10 09:03:37,485 [Command processor thread] WARN  server.RaftServer (RaftServerProxy.java:remove(101)) - 639a72ac-1b67-44d2-8fbe-212b735275e2: does not contain group: group-61EC49544C04
2021-01-10 09:03:37,485 [Command processor thread] ERROR commandhandler.ClosePipelineCommandHandler (ClosePipelineCommandHandler.java:handle(78)) - Can't close pipeline PipelineID=b9f8cb9a-d08f-46fe-a23d-61ec49544c04
java.io.IOException: 639a72ac-1b67-44d2-8fbe-212b735275e2: Group group-61EC49544C04 not found.
	at org.apache.hadoop.ozone.container.common.transport.server.ratis.XceiverServerRatis.removeGroup(XceiverServerRatis.java:788)
	at org.apache.hadoop.ozone.container.common.statemachine.commandhandler.ClosePipelineCommandHandler.handle(ClosePipelineCommandHandler.java:74)
	at org.apache.hadoop.ozone.container.common.statemachine.commandhandler.CommandDispatcher.handle(CommandDispatcher.java:99)
	at org.apache.hadoop.ozone.container.common.statemachine.DatanodeStateMachine.lambda$initCommandHandlerThread$2(DatanodeStateMachine.java:498)
	at java.lang.Thread.run(Thread.java:748)
Caused by: org.apache.ratis.protocol.exceptions.GroupMismatchException: 639a72ac-1b67-44d2-8fbe-212b735275e2: Group group-61EC49544C04 not found.
	at org.apache.ratis.server.impl.RaftServerProxy.groupRemoveAsync(RaftServerProxy.java:502)
	at org.apache.ratis.server.impl.RaftServerProxy.groupManagementAsync(RaftServerProxy.java:458)
	at org.apache.ratis.server.impl.RaftServerProxy.groupManagement(RaftServerProxy.java:438)
	at org.apache.hadoop.ozone.container.common.transport.server.ratis.XceiverServerRatis.removeGroup(XceiverServerRatis.java:786)
	... 4 more
2021-01-10 09:03:37,485 [Command processor thread] WARN  server.RaftServer (RaftServerProxy.java:remove(101)) - 639a72ac-1b67-44d2-8fbe-212b735275e2: does not contain group: group-F69E9E61EFEC
2021-01-10 09:03:37,485 [Command processor thread] ERROR commandhandler.ClosePipelineCommandHandler (ClosePipelineCommandHandler.java:handle(78)) - Can't close pipeline PipelineID=bb066f58-c2e9-40e5-93ce-f69e9e61efec
java.io.IOException: 639a72ac-1b67-44d2-8fbe-212b735275e2: Group group-F69E9E61EFEC not found.
	at org.apache.hadoop.ozone.container.common.transport.server.ratis.XceiverServerRatis.removeGroup(XceiverServerRatis.java:788)
	at org.apache.hadoop.ozone.container.common.statemachine.commandhandler.ClosePipelineCommandHandler.handle(ClosePipelineCommandHandler.java:74)
	at org.apache.hadoop.ozone.container.common.statemachine.commandhandler.CommandDispatcher.handle(CommandDispatcher.java:99)
	at org.apache.hadoop.ozone.container.common.statemachine.DatanodeStateMachine.lambda$initCommandHandlerThread$2(DatanodeStateMachine.java:498)
	at java.lang.Thread.run(Thread.java:748)
Caused by: org.apache.ratis.protocol.exceptions.GroupMismatchException: 639a72ac-1b67-44d2-8fbe-212b735275e2: Group group-F69E9E61EFEC not found.
	at org.apache.ratis.server.impl.RaftServerProxy.groupRemoveAsync(RaftServerProxy.java:502)
	at org.apache.ratis.server.impl.RaftServerProxy.groupManagementAsync(RaftServerProxy.java:458)
	at org.apache.ratis.server.impl.RaftServerProxy.groupManagement(RaftServerProxy.java:438)
	at org.apache.hadoop.ozone.container.common.transport.server.ratis.XceiverServerRatis.removeGroup(XceiverServerRatis.java:786)
	... 4 more
2021-01-10 09:03:37,487 [Command processor thread] WARN  server.RaftServer (RaftServerProxy.java:remove(101)) - 639a72ac-1b67-44d2-8fbe-212b735275e2: does not contain group: group-61EC49544C04
2021-01-10 09:03:37,487 [Command processor thread] ERROR commandhandler.ClosePipelineCommandHandler (ClosePipelineCommandHandler.java:handle(78)) - Can't close pipeline PipelineID=b9f8cb9a-d08f-46fe-a23d-61ec49544c04
java.io.IOException: 639a72ac-1b67-44d2-8fbe-212b735275e2: Group group-61EC49544C04 not found.
	at org.apache.hadoop.ozone.container.common.transport.server.ratis.XceiverServerRatis.removeGroup(XceiverServerRatis.java:788)
	at org.apache.hadoop.ozone.container.common.statemachine.commandhandler.ClosePipelineCommandHandler.handle(ClosePipelineCommandHandler.java:74)
	at org.apache.hadoop.ozone.container.common.statemachine.commandhandler.CommandDispatcher.handle(CommandDispatcher.java:99)
	at org.apache.hadoop.ozone.container.common.statemachine.DatanodeStateMachine.lambda$initCommandHandlerThread$2(DatanodeStateMachine.java:498)
	at java.lang.Thread.run(Thread.java:748)
Caused by: org.apache.ratis.protocol.exceptions.GroupMismatchException: 639a72ac-1b67-44d2-8fbe-212b735275e2: Group group-61EC49544C04 not found.
	at org.apache.ratis.server.impl.RaftServerProxy.groupRemoveAsync(RaftServerProxy.java:502)
	at org.apache.ratis.server.impl.RaftServerProxy.groupManagementAsync(RaftServerProxy.java:458)
	at org.apache.ratis.server.impl.RaftServerProxy.groupManagement(RaftServerProxy.java:438)
	at org.apache.hadoop.ozone.container.common.transport.server.ratis.XceiverServerRatis.removeGroup(XceiverServerRatis.java:786)
	... 4 more
2021-01-10 09:03:37,488 [Command processor thread] WARN  server.RaftServer (RaftServerProxy.java:remove(101)) - 639a72ac-1b67-44d2-8fbe-212b735275e2: does not contain group: group-F69E9E61EFEC
2021-01-10 09:03:37,488 [Command processor thread] ERROR commandhandler.ClosePipelineCommandHandler (ClosePipelineCommandHandler.java:handle(78)) - Can't close pipeline PipelineID=bb066f58-c2e9-40e5-93ce-f69e9e61efec
java.io.IOException: 639a72ac-1b67-44d2-8fbe-212b735275e2: Group group-F69E9E61EFEC not found.
	at org.apache.hadoop.ozone.container.common.transport.server.ratis.XceiverServerRatis.removeGroup(XceiverServerRatis.java:788)
	at org.apache.hadoop.ozone.container.common.statemachine.commandhandler.ClosePipelineCommandHandler.handle(ClosePipelineCommandHandler.java:74)
	at org.apache.hadoop.ozone.container.common.statemachine.commandhandler.CommandDispatcher.handle(CommandDispatcher.java:99)
	at org.apache.hadoop.ozone.container.common.statemachine.DatanodeStateMachine.lambda$initCommandHandlerThread$2(DatanodeStateMachine.java:498)
	at java.lang.Thread.run(Thread.java:748)
Caused by: org.apache.ratis.protocol.exceptions.GroupMismatchException: 639a72ac-1b67-44d2-8fbe-212b735275e2: Group group-F69E9E61EFEC not found.
	at org.apache.ratis.server.impl.RaftServerProxy.groupRemoveAsync(RaftServerProxy.java:502)
	at org.apache.ratis.server.impl.RaftServerProxy.groupManagementAsync(RaftServerProxy.java:458)
	at org.apache.ratis.server.impl.RaftServerProxy.groupManagement(RaftServerProxy.java:438)
	at org.apache.hadoop.ozone.container.common.transport.server.ratis.XceiverServerRatis.removeGroup(XceiverServerRatis.java:786)
	... 4 more
2021-01-10 09:03:37,492 [ReplicationMonitor] INFO  container.ReplicationManager (ReplicationManager.java:sendCloseCommand(948)) - Sending close container command for container #1 to datanode 639a72ac-1b67-44d2-8fbe-212b735275e2{ip: 172.17.0.2, host: 84bc77fe8d45, networkLocation: /default-rack, certSerialId: null, persistedOpState: IN_SERVICE, persistedOpStateExpiryEpochSec: 0}.
2021-01-10 09:03:37,492 [ReplicationMonitor] INFO  container.ReplicationManager (ReplicationManager.java:sendCloseCommand(948)) - Sending close container command for container #1 to datanode c4191e53-aaca-4d42-9f72-dc45ebf47022{ip: 172.17.0.2, host: 84bc77fe8d45, networkLocation: /default-rack, certSerialId: null, persistedOpState: IN_SERVICE, persistedOpStateExpiryEpochSec: 0}.
2021-01-10 09:03:37,492 [ReplicationMonitor] INFO  container.ReplicationManager (ReplicationManager.java:sendCloseCommand(948)) - Sending close container command for container #1 to datanode d99ff0d5-fc69-4ace-aa4c-ce8a85641abd{ip: 172.17.0.2, host: 84bc77fe8d45, networkLocation: /default-rack, certSerialId: null, persistedOpState: IN_SERVICE, persistedOpStateExpiryEpochSec: 0}.
2021-01-10 09:03:37,492 [ReplicationMonitor] INFO  container.ReplicationManager (ReplicationManager.java:sendCloseCommand(948)) - Sending close container command for container #2 to datanode c4191e53-aaca-4d42-9f72-dc45ebf47022{ip: 172.17.0.2, host: 84bc77fe8d45, networkLocation: /default-rack, certSerialId: null, persistedOpState: IN_SERVICE, persistedOpStateExpiryEpochSec: 0}.
2021-01-10 09:03:37,492 [ReplicationMonitor] INFO  container.ReplicationManager (ReplicationManager.java:sendCloseCommand(948)) - Sending close container command for container #2 to datanode d99ff0d5-fc69-4ace-aa4c-ce8a85641abd{ip: 172.17.0.2, host: 84bc77fe8d45, networkLocation: /default-rack, certSerialId: null, persistedOpState: IN_SERVICE, persistedOpStateExpiryEpochSec: 0}.
2021-01-10 09:03:37,492 [ReplicationMonitor] INFO  container.ReplicationManager (ReplicationManager.java:sendCloseCommand(948)) - Sending close container command for container #2 to datanode 639a72ac-1b67-44d2-8fbe-212b735275e2{ip: 172.17.0.2, host: 84bc77fe8d45, networkLocation: /default-rack, certSerialId: null, persistedOpState: IN_SERVICE, persistedOpStateExpiryEpochSec: 0}.
2021-01-10 09:03:37,492 [ReplicationMonitor] INFO  container.ReplicationManager (ReplicationManager.java:sendCloseCommand(948)) - Sending close container command for container #3 to datanode c4191e53-aaca-4d42-9f72-dc45ebf47022{ip: 172.17.0.2, host: 84bc77fe8d45, networkLocation: /default-rack, certSerialId: null, persistedOpState: IN_SERVICE, persistedOpStateExpiryEpochSec: 0}.
2021-01-10 09:03:37,493 [ReplicationMonitor] INFO  container.ReplicationManager (ReplicationManager.java:sendCloseCommand(948)) - Sending close container command for container #3 to datanode d99ff0d5-fc69-4ace-aa4c-ce8a85641abd{ip: 172.17.0.2, host: 84bc77fe8d45, networkLocation: /default-rack, certSerialId: null, persistedOpState: IN_SERVICE, persistedOpStateExpiryEpochSec: 0}.
2021-01-10 09:03:37,493 [ReplicationMonitor] INFO  container.ReplicationManager (ReplicationManager.java:sendCloseCommand(948)) - Sending close container command for container #3 to datanode 639a72ac-1b67-44d2-8fbe-212b735275e2{ip: 172.17.0.2, host: 84bc77fe8d45, networkLocation: /default-rack, certSerialId: null, persistedOpState: IN_SERVICE, persistedOpStateExpiryEpochSec: 0}.
2021-01-10 09:03:37,493 [ReplicationMonitor] INFO  container.ReplicationManager (ReplicationManager.java:run(250)) - Replication Monitor Thread took 0 milliseconds for processing 3 containers.
2021-01-10 09:03:37,574 [DatanodeAdminManager-0] INFO  node.DatanodeAdminMonitorImpl (DatanodeAdminMonitorImpl.java:run(136)) - There are 3 nodes tracked for decommission and maintenance. 0 pending nodes.
2021-01-10 09:03:38,425 [Command processor thread] INFO  server.RaftServer (RaftServerProxy.java:remove(106)) - c4191e53-aaca-4d42-9f72-dc45ebf47022: remove  FOLLOWER c4191e53-aaca-4d42-9f72-dc45ebf47022@group-61EC49544C04:t1, leader=d99ff0d5-fc69-4ace-aa4c-ce8a85641abd, voted=d99ff0d5-fc69-4ace-aa4c-ce8a85641abd, raftlog=c4191e53-aaca-4d42-9f72-dc45ebf47022@group-61EC49544C04-SegmentedRaftLog:OPENED:c78,f78,i78, conf=0: [d99ff0d5-fc69-4ace-aa4c-ce8a85641abd|rpc:172.17.0.2:46021|dataStream:|priority:1, 639a72ac-1b67-44d2-8fbe-212b735275e2|rpc:172.17.0.2:45651|dataStream:|priority:0, c4191e53-aaca-4d42-9f72-dc45ebf47022|rpc:172.17.0.2:35859|dataStream:|priority:0], old=null RUNNING
2021-01-10 09:03:38,425 [Command processor thread] INFO  server.RaftServer$Division (RaftServerImpl.java:lambda$close$4(405)) - c4191e53-aaca-4d42-9f72-dc45ebf47022@group-61EC49544C04: shutdown
2021-01-10 09:03:38,425 [Command processor thread] INFO  util.JmxRegister (JmxRegister.java:unregister(73)) - Successfully un-registered JMX Bean with object name Ratis:service=RaftServer,group=group-61EC49544C04,id=c4191e53-aaca-4d42-9f72-dc45ebf47022
2021-01-10 09:03:38,425 [Command processor thread] INFO  impl.RoleInfo (RoleInfo.java:shutdownFollowerState(108)) - c4191e53-aaca-4d42-9f72-dc45ebf47022: shutdown c4191e53-aaca-4d42-9f72-dc45ebf47022@group-61EC49544C04-FollowerState
2021-01-10 09:03:38,425 [Command processor thread] INFO  impl.StateMachineUpdater (StateMachineUpdater.java:stopAndJoin(148)) - c4191e53-aaca-4d42-9f72-dc45ebf47022@group-61EC49544C04-StateMachineUpdater: set stopIndex = 78
2021-01-10 09:03:38,426 [Thread-841] INFO  impl.FollowerState (FollowerState.java:run(142)) - c4191e53-aaca-4d42-9f72-dc45ebf47022@group-61EC49544C04-FollowerState was interrupted: {}
java.lang.InterruptedException: sleep interrupted
	at java.lang.Thread.sleep(Native Method)
	at java.lang.Thread.sleep(Thread.java:340)
	at java.util.concurrent.TimeUnit.sleep(TimeUnit.java:386)
	at org.apache.ratis.util.TimeDuration.sleep(TimeDuration.java:324)
	at org.apache.ratis.util.TimeDuration.sleep(TimeDuration.java:309)
	at org.apache.ratis.server.impl.FollowerState.run(FollowerState.java:117)
2021-01-10 09:03:38,427 [IPC Server handler 19 on default port 34769] INFO  node.SCMNodeManager (SCMNodeManager.java:updateDatanodeOpState(419)) - Scheduling a command to update the operationalState persisted on the datanode as the reported value (IN_SERVICE, 0) does not match the value stored in SCM (ENTERING_MAINTENANCE, 0)
2021-01-10 09:03:38,427 [c4191e53-aaca-4d42-9f72-dc45ebf47022@group-61EC49544C04-StateMachineUpdater] INFO  ratis.ContainerStateMachine (ContainerStateMachine.java:takeSnapshot(291)) - group-61EC49544C04: Taking a snapshot at:(t:1, i:78) file /github/workspace/mnt/ozone/hadoop-ozone/integration-test/target/test-dir/MiniOzoneClusterImpl-030730bd-5c5c-4c00-b8c2-b15b15404b1a/datanode-1/data/ratis/b9f8cb9a-d08f-46fe-a23d-61ec49544c04/sm/snapshot.1_78
2021-01-10 09:03:38,430 [Command processor thread] INFO  server.RaftServer (RaftServerProxy.java:remove(106)) - d99ff0d5-fc69-4ace-aa4c-ce8a85641abd: remove    LEADER d99ff0d5-fc69-4ace-aa4c-ce8a85641abd@group-61EC49544C04:t1, leader=d99ff0d5-fc69-4ace-aa4c-ce8a85641abd, voted=d99ff0d5-fc69-4ace-aa4c-ce8a85641abd, raftlog=d99ff0d5-fc69-4ace-aa4c-ce8a85641abd@group-61EC49544C04-SegmentedRaftLog:OPENED:c78,f78,i78, conf=0: [d99ff0d5-fc69-4ace-aa4c-ce8a85641abd|rpc:172.17.0.2:46021|dataStream:|priority:1, 639a72ac-1b67-44d2-8fbe-212b735275e2|rpc:172.17.0.2:45651|dataStream:|priority:0, c4191e53-aaca-4d42-9f72-dc45ebf47022|rpc:172.17.0.2:35859|dataStream:|priority:0], old=null RUNNING
2021-01-10 09:03:38,430 [Command processor thread] INFO  server.RaftServer$Division (RaftServerImpl.java:lambda$close$4(405)) - d99ff0d5-fc69-4ace-aa4c-ce8a85641abd@group-61EC49544C04: shutdown
2021-01-10 09:03:38,430 [c4191e53-aaca-4d42-9f72-dc45ebf47022@group-61EC49544C04-StateMachineUpdater] INFO  ratis.ContainerStateMachine (ContainerStateMachine.java:takeSnapshot(302)) - group-61EC49544C04: Finished taking a snapshot at:(t:1, i:78) file:/github/workspace/mnt/ozone/hadoop-ozone/integration-test/target/test-dir/MiniOzoneClusterImpl-030730bd-5c5c-4c00-b8c2-b15b15404b1a/datanode-1/data/ratis/b9f8cb9a-d08f-46fe-a23d-61ec49544c04/sm/snapshot.1_78 took: 2 ms
2021-01-10 09:03:38,431 [c4191e53-aaca-4d42-9f72-dc45ebf47022@group-61EC49544C04-StateMachineUpdater] INFO  impl.StateMachineUpdater (StateMachineUpdater.java:takeSnapshot(279)) - c4191e53-aaca-4d42-9f72-dc45ebf47022@group-61EC49544C04-StateMachineUpdater: Took a snapshot at index 78
2021-01-10 09:03:38,431 [c4191e53-aaca-4d42-9f72-dc45ebf47022@group-61EC49544C04-StateMachineUpdater] INFO  impl.StateMachineUpdater (StateMachineUpdater.java:lambda$new$0(88)) - c4191e53-aaca-4d42-9f72-dc45ebf47022@group-61EC49544C04-StateMachineUpdater: snapshotIndex: updateIncreasingly -1 -> 78
2021-01-10 09:03:38,431 [c4191e53-aaca-4d42-9f72-dc45ebf47022@group-61EC49544C04-StateMachineUpdater] INFO  metrics.RatisMetrics (RatisMetrics.java:unregister(43)) - Unregistering Metrics Registry : ratis.state_machine.c4191e53-aaca-4d42-9f72-dc45ebf47022@group-61EC49544C04
2021-01-10 09:03:38,430 [Command processor thread] INFO  util.JmxRegister (JmxRegister.java:unregister(73)) - Successfully un-registered JMX Bean with object name Ratis:service=RaftServer,group=group-61EC49544C04,id=d99ff0d5-fc69-4ace-aa4c-ce8a85641abd
2021-01-10 09:03:38,431 [Command processor thread] INFO  impl.RoleInfo (RoleInfo.java:shutdownLeaderState(91)) - d99ff0d5-fc69-4ace-aa4c-ce8a85641abd: shutdown d99ff0d5-fc69-4ace-aa4c-ce8a85641abd@group-61EC49544C04-LeaderStateImpl
2021-01-10 09:03:38,431 [Command processor thread] INFO  metrics.RatisMetrics (RatisMetrics.java:unregister(43)) - Unregistering Metrics Registry : ratis_grpc.log_appender.d99ff0d5-fc69-4ace-aa4c-ce8a85641abd@group-61EC49544C04
2021-01-10 09:03:38,431 [IPC Server handler 11 on default port 34769] INFO  node.SCMNodeManager (SCMNodeManager.java:updateDatanodeOpState(419)) - Scheduling a command to update the operationalState persisted on the datanode as the reported value (IN_SERVICE, 0) does not match the value stored in SCM (ENTERING_MAINTENANCE, 0)
2021-01-10 09:03:38,431 [Command processor thread] INFO  metrics.RatisMetrics (RatisMetrics.java:unregister(43)) - Unregistering Metrics Registry : ratis_grpc.log_appender.d99ff0d5-fc69-4ace-aa4c-ce8a85641abd@group-61EC49544C04
2021-01-10 09:03:38,432 [Command processor thread] INFO  impl.PendingRequests (PendingRequests.java:sendNotLeaderResponses(249)) - d99ff0d5-fc69-4ace-aa4c-ce8a85641abd@group-61EC49544C04-PendingRequests: sendNotLeaderResponses
2021-01-10 09:03:38,432 [Command processor thread] INFO  server.RaftServer$Division (ServerState.java:close(400)) - c4191e53-aaca-4d42-9f72-dc45ebf47022@group-61EC49544C04: closes. applyIndex: 78
2021-01-10 09:03:38,432 [c4191e53-aaca-4d42-9f72-dc45ebf47022@group-61EC49544C04-SegmentedRaftLogWorker] INFO  segmented.SegmentedRaftLogWorker (SegmentedRaftLogWorker.java:run(326)) - c4191e53-aaca-4d42-9f72-dc45ebf47022@group-61EC49544C04-SegmentedRaftLogWorker was interrupted, exiting. There are 0 tasks remaining in the queue.
2021-01-10 09:03:38,434 [Command processor thread] INFO  metrics.RatisMetrics (RatisMetrics.java:unregister(43)) - Unregistering Metrics Registry : ratis.log_appender.d99ff0d5-fc69-4ace-aa4c-ce8a85641abd@group-61EC49544C04
2021-01-10 09:03:38,434 [Command processor thread] INFO  metrics.RatisMetrics (RatisMetrics.java:unregister(43)) - Unregistering Metrics Registry : ratis.server.d99ff0d5-fc69-4ace-aa4c-ce8a85641abd@group-61EC49544C04
2021-01-10 09:03:38,434 [Command processor thread] INFO  impl.StateMachineUpdater (StateMachineUpdater.java:stopAndJoin(148)) - d99ff0d5-fc69-4ace-aa4c-ce8a85641abd@group-61EC49544C04-StateMachineUpdater: set stopIndex = 78
2021-01-10 09:03:38,435 [d99ff0d5-fc69-4ace-aa4c-ce8a85641abd@group-61EC49544C04->c4191e53-aaca-4d42-9f72-dc45ebf47022-GrpcLogAppender-LogAppenderDaemon] WARN  server.GrpcLogAppender (GrpcLogAppender.java:mayWait(175)) - d99ff0d5-fc69-4ace-aa4c-ce8a85641abd@group-61EC49544C04->c4191e53-aaca-4d42-9f72-dc45ebf47022-GrpcLogAppender: Wait interrupted by java.lang.InterruptedException
2021-01-10 09:03:38,435 [Command processor thread] INFO  segmented.SegmentedRaftLogWorker (SegmentedRaftLogWorker.java:close(236)) - c4191e53-aaca-4d42-9f72-dc45ebf47022@group-61EC49544C04-SegmentedRaftLogWorker close()
2021-01-10 09:03:38,435 [d99ff0d5-fc69-4ace-aa4c-ce8a85641abd@group-61EC49544C04->639a72ac-1b67-44d2-8fbe-212b735275e2-GrpcLogAppender-LogAppenderDaemon] WARN  server.GrpcLogAppender (GrpcLogAppender.java:mayWait(175)) - d99ff0d5-fc69-4ace-aa4c-ce8a85641abd@group-61EC49544C04->639a72ac-1b67-44d2-8fbe-212b735275e2-GrpcLogAppender: Wait interrupted by java.lang.InterruptedException
2021-01-10 09:03:38,436 [grpc-default-executor-4] INFO  server.GrpcServerProtocolService (GrpcServerProtocolService.java:onCompleted(138)) - 639a72ac-1b67-44d2-8fbe-212b735275e2: Completed APPEND_ENTRIES, lastRequest: d99ff0d5-fc69-4ace-aa4c-ce8a85641abd->639a72ac-1b67-44d2-8fbe-212b735275e2#239-t1,previous=(t:1, i:77),leaderCommit=76,initializing? true,entries: size=1, first=(t:1, i:78), METADATAENTRY(c:76)
2021-01-10 09:03:38,436 [Command processor thread] INFO  metrics.RatisMetrics (RatisMetrics.java:unregister(43)) - Unregistering Metrics Registry : ratis.log_worker.c4191e53-aaca-4d42-9f72-dc45ebf47022@group-61EC49544C04
2021-01-10 09:03:38,436 [grpc-default-executor-2] INFO  server.GrpcServerProtocolService (GrpcServerProtocolService.java:onCompleted(138)) - c4191e53-aaca-4d42-9f72-dc45ebf47022: Completed APPEND_ENTRIES, lastRequest: d99ff0d5-fc69-4ace-aa4c-ce8a85641abd->c4191e53-aaca-4d42-9f72-dc45ebf47022#237-t1,previous=(t:1, i:77),leaderCommit=76,initializing? true,entries: size=1, first=(t:1, i:78), METADATAENTRY(c:76)
2021-01-10 09:03:38,436 [Command processor thread] INFO  metrics.RatisMetrics (RatisMetrics.java:unregister(43)) - Unregistering Metrics Registry : ratis.leader_election.c4191e53-aaca-4d42-9f72-dc45ebf47022@group-61EC49544C04
2021-01-10 09:03:38,437 [Command processor thread] INFO  metrics.RatisMetrics (RatisMetrics.java:unregister(43)) - Unregistering Metrics Registry : ratis.server.c4191e53-aaca-4d42-9f72-dc45ebf47022@group-61EC49544C04
2021-01-10 09:03:38,438 [d99ff0d5-fc69-4ace-aa4c-ce8a85641abd@group-61EC49544C04-StateMachineUpdater] INFO  ratis.ContainerStateMachine (ContainerStateMachine.java:takeSnapshot(291)) - group-61EC49544C04: Taking a snapshot at:(t:1, i:78) file /github/workspace/mnt/ozone/hadoop-ozone/integration-test/target/test-dir/MiniOzoneClusterImpl-030730bd-5c5c-4c00-b8c2-b15b15404b1a/datanode-2/data/ratis/b9f8cb9a-d08f-46fe-a23d-61ec49544c04/sm/snapshot.1_78
2021-01-10 09:03:38,439 [d99ff0d5-fc69-4ace-aa4c-ce8a85641abd@group-61EC49544C04-StateMachineUpdater] INFO  ratis.ContainerStateMachine (ContainerStateMachine.java:takeSnapshot(302)) - group-61EC49544C04: Finished taking a snapshot at:(t:1, i:78) file:/github/workspace/mnt/ozone/hadoop-ozone/integration-test/target/test-dir/MiniOzoneClusterImpl-030730bd-5c5c-4c00-b8c2-b15b15404b1a/datanode-2/data/ratis/b9f8cb9a-d08f-46fe-a23d-61ec49544c04/sm/snapshot.1_78 took: 1 ms
2021-01-10 09:03:38,439 [d99ff0d5-fc69-4ace-aa4c-ce8a85641abd@group-61EC49544C04-StateMachineUpdater] INFO  impl.StateMachineUpdater (StateMachineUpdater.java:takeSnapshot(279)) - d99ff0d5-fc69-4ace-aa4c-ce8a85641abd@group-61EC49544C04-StateMachineUpdater: Took a snapshot at index 78
2021-01-10 09:03:38,439 [d99ff0d5-fc69-4ace-aa4c-ce8a85641abd@group-61EC49544C04-StateMachineUpdater] INFO  impl.StateMachineUpdater (StateMachineUpdater.java:lambda$new$0(88)) - d99ff0d5-fc69-4ace-aa4c-ce8a85641abd@group-61EC49544C04-StateMachineUpdater: snapshotIndex: updateIncreasingly -1 -> 78
2021-01-10 09:03:38,440 [grpc-default-executor-4] INFO  server.GrpcLogAppender (GrpcLogAppender.java:onCompleted(344)) - d99ff0d5-fc69-4ace-aa4c-ce8a85641abd@group-61EC49544C04->639a72ac-1b67-44d2-8fbe-212b735275e2-AppendLogResponseHandler: follower responses appendEntries COMPLETED
2021-01-10 09:03:38,440 [grpc-default-executor-4] INFO  leader.FollowerInfo (FollowerInfoImpl.java:lambda$new$0(46)) - d99ff0d5-fc69-4ace-aa4c-ce8a85641abd@group-61EC49544C04->639a72ac-1b67-44d2-8fbe-212b735275e2: nextIndex: updateUnconditionally 79 -> 78
2021-01-10 09:03:38,440 [IPC Server handler 13 on default port 34769] INFO  node.SCMNodeManager (SCMNodeManager.java:updateDatanodeOpState(419)) - Scheduling a command to update the operationalState persisted on the datanode as the reported value (IN_SERVICE, 0) does not match the value stored in SCM (ENTERING_MAINTENANCE, 0)
2021-01-10 09:03:38,440 [grpc-default-executor-4] INFO  server.GrpcLogAppender (GrpcLogAppender.java:onCompleted(344)) - d99ff0d5-fc69-4ace-aa4c-ce8a85641abd@group-61EC49544C04->c4191e53-aaca-4d42-9f72-dc45ebf47022-AppendLogResponseHandler: follower responses appendEntries COMPLETED
2021-01-10 09:03:38,441 [grpc-default-executor-4] INFO  leader.FollowerInfo (FollowerInfoImpl.java:lambda$new$0(46)) - d99ff0d5-fc69-4ace-aa4c-ce8a85641abd@group-61EC49544C04->c4191e53-aaca-4d42-9f72-dc45ebf47022: nextIndex: updateUnconditionally 79 -> 78
2021-01-10 09:03:38,441 [d99ff0d5-fc69-4ace-aa4c-ce8a85641abd@group-61EC49544C04-StateMachineUpdater] INFO  metrics.RatisMetrics (RatisMetrics.java:unregister(43)) - Unregistering Metrics Registry : ratis.state_machine.d99ff0d5-fc69-4ace-aa4c-ce8a85641abd@group-61EC49544C04
2021-01-10 09:03:38,442 [Command processor thread] INFO  server.RaftServer$Division (ServerState.java:close(400)) - d99ff0d5-fc69-4ace-aa4c-ce8a85641abd@group-61EC49544C04: closes. applyIndex: 78
2021-01-10 09:03:38,442 [d99ff0d5-fc69-4ace-aa4c-ce8a85641abd@group-61EC49544C04-SegmentedRaftLogWorker] INFO  segmented.SegmentedRaftLogWorker (SegmentedRaftLogWorker.java:run(326)) - d99ff0d5-fc69-4ace-aa4c-ce8a85641abd@group-61EC49544C04-SegmentedRaftLogWorker was interrupted, exiting. There are 0 tasks remaining in the queue.
2021-01-10 09:03:38,442 [Command processor thread] INFO  keyvalue.KeyValueContainer (KeyValueContainer.java:flushAndSyncDB(388)) - Container 1 is synced with bcsId 72.
2021-01-10 09:03:38,442 [Command processor thread] INFO  keyvalue.KeyValueContainer (KeyValueContainer.java:flushAndSyncDB(388)) - Container 1 is synced with bcsId 72.
2021-01-10 09:03:38,442 [Command processor thread] INFO  segmented.SegmentedRaftLogWorker (SegmentedRaftLogWorker.java:close(236)) - d99ff0d5-fc69-4ace-aa4c-ce8a85641abd@group-61EC49544C04-SegmentedRaftLogWorker close()
2021-01-10 09:03:38,443 [Command processor thread] INFO  metrics.RatisMetrics (RatisMetrics.java:unregister(43)) - Unregistering Metrics Registry : ratis.log_worker.d99ff0d5-fc69-4ace-aa4c-ce8a85641abd@group-61EC49544C04
2021-01-10 09:03:38,443 [Command processor thread] INFO  metrics.RatisMetrics (RatisMetrics.java:unregister(43)) - Unregistering Metrics Registry : ratis.leader_election.d99ff0d5-fc69-4ace-aa4c-ce8a85641abd@group-61EC49544C04
2021-01-10 09:03:38,443 [Command processor thread] INFO  metrics.RatisMetrics (RatisMetrics.java:unregister(43)) - Unregistering Metrics Registry : ratis.server.d99ff0d5-fc69-4ace-aa4c-ce8a85641abd@group-61EC49544C04
2021-01-10 09:03:38,446 [IPC Server handler 4 on default port 34769] INFO  node.SCMNodeManager (SCMNodeManager.java:updateDatanodeOpState(419)) - Scheduling a command to update the operationalState persisted on the datanode as the reported value (IN_SERVICE, 0) does not match the value stored in SCM (ENTERING_MAINTENANCE, 0)
2021-01-10 09:03:38,446 [IPC Server handler 2 on default port 34769] INFO  node.SCMNodeManager (SCMNodeManager.java:updateDatanodeOpState(419)) - Scheduling a command to update the operationalState persisted on the datanode as the reported value (IN_SERVICE, 0) does not match the value stored in SCM (ENTERING_MAINTENANCE, 0)
2021-01-10 09:03:38,447 [Command processor thread] INFO  keyvalue.KeyValueContainer (KeyValueContainer.java:flushAndSyncDB(388)) - Container 1 is synced with bcsId 72.
2021-01-10 09:03:38,447 [Command processor thread] INFO  keyvalue.KeyValueContainer (KeyValueContainer.java:flushAndSyncDB(388)) - Container 1 is synced with bcsId 72.
2021-01-10 09:03:38,450 [IPC Server handler 1 on default port 34769] INFO  node.SCMNodeManager (SCMNodeManager.java:updateDatanodeOpState(419)) - Scheduling a command to update the operationalState persisted on the datanode as the reported value (IN_SERVICE, 0) does not match the value stored in SCM (ENTERING_MAINTENANCE, 0)
2021-01-10 09:03:38,452 [IPC Server handler 0 on default port 34769] INFO  node.SCMNodeManager (SCMNodeManager.java:updateDatanodeOpState(419)) - Scheduling a command to update the operationalState persisted on the datanode as the reported value (IN_SERVICE, 0) does not match the value stored in SCM (ENTERING_MAINTENANCE, 0)
2021-01-10 09:03:38,452 [Command processor thread] INFO  keyvalue.KeyValueContainer (KeyValueContainer.java:flushAndSyncDB(388)) - Container 2 is synced with bcsId 76.
2021-01-10 09:03:38,452 [Command processor thread] INFO  keyvalue.KeyValueContainer (KeyValueContainer.java:flushAndSyncDB(388)) - Container 2 is synced with bcsId 76.
2021-01-10 09:03:38,453 [IPC Server handler 9 on default port 34769] INFO  node.SCMNodeManager (SCMNodeManager.java:updateDatanodeOpState(419)) - Scheduling a command to update the operationalState persisted on the datanode as the reported value (IN_SERVICE, 0) does not match the value stored in SCM (ENTERING_MAINTENANCE, 0)
2021-01-10 09:03:38,453 [Command processor thread] INFO  keyvalue.KeyValueContainer (KeyValueContainer.java:flushAndSyncDB(388)) - Container 2 is synced with bcsId 76.
2021-01-10 09:03:38,453 [Command processor thread] INFO  keyvalue.KeyValueContainer (KeyValueContainer.java:flushAndSyncDB(388)) - Container 2 is synced with bcsId 76.
2021-01-10 09:03:38,454 [IPC Server handler 6 on default port 34769] INFO  node.SCMNodeManager (SCMNodeManager.java:updateDatanodeOpState(419)) - Scheduling a command to update the operationalState persisted on the datanode as the reported value (IN_SERVICE, 0) does not match the value stored in SCM (ENTERING_MAINTENANCE, 0)
2021-01-10 09:03:38,457 [IPC Server handler 14 on default port 34769] INFO  node.SCMNodeManager (SCMNodeManager.java:updateDatanodeOpState(419)) - Scheduling a command to update the operationalState persisted on the datanode as the reported value (IN_SERVICE, 0) does not match the value stored in SCM (ENTERING_MAINTENANCE, 0)
2021-01-10 09:03:38,458 [IPC Server handler 12 on default port 34769] INFO  node.SCMNodeManager (SCMNodeManager.java:updateDatanodeOpState(419)) - Scheduling a command to update the operationalState persisted on the datanode as the reported value (IN_SERVICE, 0) does not match the value stored in SCM (ENTERING_MAINTENANCE, 0)
2021-01-10 09:03:38,459 [Command processor thread] INFO  keyvalue.KeyValueContainer (KeyValueContainer.java:flushAndSyncDB(388)) - Container 3 is synced with bcsId 68.
2021-01-10 09:03:38,459 [Command processor thread] INFO  keyvalue.KeyValueContainer (KeyValueContainer.java:flushAndSyncDB(388)) - Container 3 is synced with bcsId 68.
2021-01-10 09:03:38,460 [IPC Server handler 16 on default port 34769] INFO  node.SCMNodeManager (SCMNodeManager.java:updateDatanodeOpState(419)) - Scheduling a command to update the operationalState persisted on the datanode as the reported value (IN_SERVICE, 0) does not match the value stored in SCM (ENTERING_MAINTENANCE, 0)
2021-01-10 09:03:38,462 [IPC Server handler 3 on default port 34769] INFO  node.SCMNodeManager (SCMNodeManager.java:updateDatanodeOpState(419)) - Scheduling a command to update the operationalState persisted on the datanode as the reported value (IN_SERVICE, 0) does not match the value stored in SCM (ENTERING_MAINTENANCE, 0)
2021-01-10 09:03:38,462 [Command processor thread] INFO  server.RaftServer$Division (RaftServerImpl.java:groupRemove(375)) - d99ff0d5-fc69-4ace-aa4c-ce8a85641abd@group-61EC49544C04: Succeed to remove RaftStorageDirectory Storage Directory /github/workspace/mnt/ozone/hadoop-ozone/integration-test/target/test-dir/MiniOzoneClusterImpl-030730bd-5c5c-4c00-b8c2-b15b15404b1a/datanode-2/data/ratis/b9f8cb9a-d08f-46fe-a23d-61ec49544c04
2021-01-10 09:03:38,462 [Command processor thread] INFO  commandhandler.ClosePipelineCommandHandler (ClosePipelineCommandHandler.java:handle(75)) - Close Pipeline PipelineID=b9f8cb9a-d08f-46fe-a23d-61ec49544c04 command on datanode d99ff0d5-fc69-4ace-aa4c-ce8a85641abd.
2021-01-10 09:03:38,463 [Command processor thread] INFO  server.RaftServer (RaftServerProxy.java:remove(106)) - d99ff0d5-fc69-4ace-aa4c-ce8a85641abd: remove    LEADER d99ff0d5-fc69-4ace-aa4c-ce8a85641abd@group-50480F738A16:t1, leader=d99ff0d5-fc69-4ace-aa4c-ce8a85641abd, voted=d99ff0d5-fc69-4ace-aa4c-ce8a85641abd, raftlog=d99ff0d5-fc69-4ace-aa4c-ce8a85641abd@group-50480F738A16-SegmentedRaftLog:OPENED:c0,f0,i0, conf=0: [d99ff0d5-fc69-4ace-aa4c-ce8a85641abd|rpc:172.17.0.2:46021|dataStream:|priority:1], old=null RUNNING
2021-01-10 09:03:38,463 [Command processor thread] INFO  server.RaftServer$Division (RaftServerImpl.java:lambda$close$4(405)) - d99ff0d5-fc69-4ace-aa4c-ce8a85641abd@group-50480F738A16: shutdown
2021-01-10 09:03:38,463 [Command processor thread] INFO  util.JmxRegister (JmxRegister.java:unregister(73)) - Successfully un-registered JMX Bean with object name Ratis:service=RaftServer,group=group-50480F738A16,id=d99ff0d5-fc69-4ace-aa4c-ce8a85641abd
2021-01-10 09:03:38,463 [Command processor thread] INFO  impl.RoleInfo (RoleInfo.java:shutdownLeaderState(91)) - d99ff0d5-fc69-4ace-aa4c-ce8a85641abd: shutdown d99ff0d5-fc69-4ace-aa4c-ce8a85641abd@group-50480F738A16-LeaderStateImpl
2021-01-10 09:03:38,463 [Command processor thread] INFO  impl.PendingRequests (PendingRequests.java:sendNotLeaderResponses(249)) - d99ff0d5-fc69-4ace-aa4c-ce8a85641abd@group-50480F738A16-PendingRequests: sendNotLeaderResponses
2021-01-10 09:03:38,463 [Command processor thread] INFO  metrics.RatisMetrics (RatisMetrics.java:unregister(43)) - Unregistering Metrics Registry : ratis.log_appender.d99ff0d5-fc69-4ace-aa4c-ce8a85641abd@group-50480F738A16
2021-01-10 09:03:38,463 [Command processor thread] INFO  metrics.RatisMetrics (RatisMetrics.java:unregister(43)) - Unregistering Metrics Registry : ratis.server.d99ff0d5-fc69-4ace-aa4c-ce8a85641abd@group-50480F738A16
2021-01-10 09:03:38,464 [Command processor thread] INFO  impl.StateMachineUpdater (StateMachineUpdater.java:stopAndJoin(148)) - d99ff0d5-fc69-4ace-aa4c-ce8a85641abd@group-50480F738A16-StateMachineUpdater: set stopIndex = 0
2021-01-10 09:03:38,463 [Command processor thread] INFO  keyvalue.KeyValueContainer (KeyValueContainer.java:flushAndSyncDB(388)) - Container 3 is synced with bcsId 68.
2021-01-10 09:03:38,464 [d99ff0d5-fc69-4ace-aa4c-ce8a85641abd@group-50480F738A16-StateMachineUpdater] INFO  ratis.ContainerStateMachine (ContainerStateMachine.java:takeSnapshot(291)) - group-50480F738A16: Taking a snapshot at:(t:1, i:0) file /github/workspace/mnt/ozone/hadoop-ozone/integration-test/target/test-dir/MiniOzoneClusterImpl-030730bd-5c5c-4c00-b8c2-b15b15404b1a/datanode-2/data/ratis/7f85cc11-4c61-4963-8417-50480f738a16/sm/snapshot.1_0
2021-01-10 09:03:38,465 [Command processor thread] INFO  keyvalue.KeyValueContainer (KeyValueContainer.java:flushAndSyncDB(388)) - Container 3 is synced with bcsId 68.
2021-01-10 09:03:38,465 [d99ff0d5-fc69-4ace-aa4c-ce8a85641abd@group-50480F738A16-StateMachineUpdater] INFO  ratis.ContainerStateMachine (ContainerStateMachine.java:takeSnapshot(302)) - group-50480F738A16: Finished taking a snapshot at:(t:1, i:0) file:/github/workspace/mnt/ozone/hadoop-ozone/integration-test/target/test-dir/MiniOzoneClusterImpl-030730bd-5c5c-4c00-b8c2-b15b15404b1a/datanode-2/data/ratis/7f85cc11-4c61-4963-8417-50480f738a16/sm/snapshot.1_0 took: 1 ms
2021-01-10 09:03:38,466 [d99ff0d5-fc69-4ace-aa4c-ce8a85641abd@group-50480F738A16-StateMachineUpdater] INFO  impl.StateMachineUpdater (StateMachineUpdater.java:takeSnapshot(279)) - d99ff0d5-fc69-4ace-aa4c-ce8a85641abd@group-50480F738A16-StateMachineUpdater: Took a snapshot at index 0
2021-01-10 09:03:38,466 [d99ff0d5-fc69-4ace-aa4c-ce8a85641abd@group-50480F738A16-StateMachineUpdater] INFO  impl.StateMachineUpdater (StateMachineUpdater.java:lambda$new$0(88)) - d99ff0d5-fc69-4ace-aa4c-ce8a85641abd@group-50480F738A16-StateMachineUpdater: snapshotIndex: updateIncreasingly -1 -> 0
2021-01-10 09:03:38,466 [d99ff0d5-fc69-4ace-aa4c-ce8a85641abd@group-50480F738A16-StateMachineUpdater] INFO  metrics.RatisMetrics (RatisMetrics.java:unregister(43)) - Unregistering Metrics Registry : ratis.state_machine.d99ff0d5-fc69-4ace-aa4c-ce8a85641abd@group-50480F738A16
2021-01-10 09:03:38,466 [Command processor thread] INFO  server.RaftServer$Division (ServerState.java:close(400)) - d99ff0d5-fc69-4ace-aa4c-ce8a85641abd@group-50480F738A16: closes. applyIndex: 0
2021-01-10 09:03:38,466 [d99ff0d5-fc69-4ace-aa4c-ce8a85641abd@group-50480F738A16-SegmentedRaftLogWorker] INFO  segmented.SegmentedRaftLogWorker (SegmentedRaftLogWorker.java:run(326)) - d99ff0d5-fc69-4ace-aa4c-ce8a85641abd@group-50480F738A16-SegmentedRaftLogWorker was interrupted, exiting. There are 0 tasks remaining in the queue.
2021-01-10 09:03:38,466 [Command processor thread] INFO  segmented.SegmentedRaftLogWorker (SegmentedRaftLogWorker.java:close(236)) - d99ff0d5-fc69-4ace-aa4c-ce8a85641abd@group-50480F738A16-SegmentedRaftLogWorker close()
2021-01-10 09:03:38,467 [IPC Server handler 15 on default port 34769] INFO  node.SCMNodeManager (SCMNodeManager.java:updateDatanodeOpState(419)) - Scheduling a command to update the operationalState persisted on the datanode as the reported value (IN_SERVICE, 0) does not match the value stored in SCM (ENTERING_MAINTENANCE, 0)
2021-01-10 09:03:38,467 [Command processor thread] INFO  server.RaftServer$Division (RaftServerImpl.java:groupRemove(375)) - c4191e53-aaca-4d42-9f72-dc45ebf47022@group-61EC49544C04: Succeed to remove RaftStorageDirectory Storage Directory /github/workspace/mnt/ozone/hadoop-ozone/integration-test/target/test-dir/MiniOzoneClusterImpl-030730bd-5c5c-4c00-b8c2-b15b15404b1a/datanode-1/data/ratis/b9f8cb9a-d08f-46fe-a23d-61ec49544c04
2021-01-10 09:03:38,467 [Command processor thread] INFO  commandhandler.ClosePipelineCommandHandler (ClosePipelineCommandHandler.java:handle(75)) - Close Pipeline PipelineID=b9f8cb9a-d08f-46fe-a23d-61ec49544c04 command on datanode c4191e53-aaca-4d42-9f72-dc45ebf47022.
2021-01-10 09:03:38,468 [Command processor thread] INFO  server.RaftServer (RaftServerProxy.java:remove(106)) - c4191e53-aaca-4d42-9f72-dc45ebf47022: remove    LEADER c4191e53-aaca-4d42-9f72-dc45ebf47022@group-6BDB76157137:t1, leader=c4191e53-aaca-4d42-9f72-dc45ebf47022, voted=c4191e53-aaca-4d42-9f72-dc45ebf47022, raftlog=c4191e53-aaca-4d42-9f72-dc45ebf47022@group-6BDB76157137-SegmentedRaftLog:OPENED:c0,f0,i0, conf=0: [c4191e53-aaca-4d42-9f72-dc45ebf47022|rpc:172.17.0.2:35859|dataStream:|priority:1], old=null RUNNING
2021-01-10 09:03:38,468 [Command processor thread] INFO  server.RaftServer$Division (RaftServerImpl.java:lambda$close$4(405)) - c4191e53-aaca-4d42-9f72-dc45ebf47022@group-6BDB76157137: shutdown
2021-01-10 09:03:38,468 [Command processor thread] INFO  util.JmxRegister (JmxRegister.java:unregister(73)) - Successfully un-registered JMX Bean with object name Ratis:service=RaftServer,group=group-6BDB76157137,id=c4191e53-aaca-4d42-9f72-dc45ebf47022
2021-01-10 09:03:38,468 [Command processor thread] INFO  impl.RoleInfo (RoleInfo.java:shutdownLeaderState(91)) - c4191e53-aaca-4d42-9f72-dc45ebf47022: shutdown c4191e53-aaca-4d42-9f72-dc45ebf47022@group-6BDB76157137-LeaderStateImpl
2021-01-10 09:03:38,468 [Command processor thread] INFO  impl.PendingRequests (PendingRequests.java:sendNotLeaderResponses(249)) - c4191e53-aaca-4d42-9f72-dc45ebf47022@group-6BDB76157137-PendingRequests: sendNotLeaderResponses
2021-01-10 09:03:38,470 [Command processor thread] INFO  metrics.RatisMetrics (RatisMetrics.java:unregister(43)) - Unregistering Metrics Registry : ratis.log_worker.d99ff0d5-fc69-4ace-aa4c-ce8a85641abd@group-50480F738A16
2021-01-10 09:03:38,471 [Command processor thread] INFO  metrics.RatisMetrics (RatisMetrics.java:unregister(43)) - Unregistering Metrics Registry : ratis.leader_election.d99ff0d5-fc69-4ace-aa4c-ce8a85641abd@group-50480F738A16
2021-01-10 09:03:38,471 [Command processor thread] INFO  metrics.RatisMetrics (RatisMetrics.java:unregister(43)) - Unregistering Metrics Registry : ratis.server.d99ff0d5-fc69-4ace-aa4c-ce8a85641abd@group-50480F738A16
2021-01-10 09:03:38,471 [Command processor thread] INFO  server.RaftServer$Division (RaftServerImpl.java:groupRemove(375)) - d99ff0d5-fc69-4ace-aa4c-ce8a85641abd@group-50480F738A16: Succeed to remove RaftStorageDirectory Storage Directory /github/workspace/mnt/ozone/hadoop-ozone/integration-test/target/test-dir/MiniOzoneClusterImpl-030730bd-5c5c-4c00-b8c2-b15b15404b1a/datanode-2/data/ratis/7f85cc11-4c61-4963-8417-50480f738a16
2021-01-10 09:03:38,471 [Command processor thread] INFO  commandhandler.ClosePipelineCommandHandler (ClosePipelineCommandHandler.java:handle(75)) - Close Pipeline PipelineID=7f85cc11-4c61-4963-8417-50480f738a16 command on datanode d99ff0d5-fc69-4ace-aa4c-ce8a85641abd.
2021-01-10 09:03:38,472 [Command processor thread] WARN  server.RaftServer (RaftServerProxy.java:remove(101)) - d99ff0d5-fc69-4ace-aa4c-ce8a85641abd: does not contain group: group-61EC49544C04
2021-01-10 09:03:38,472 [Command processor thread] ERROR commandhandler.ClosePipelineCommandHandler (ClosePipelineCommandHandler.java:handle(78)) - Can't close pipeline PipelineID=b9f8cb9a-d08f-46fe-a23d-61ec49544c04
java.io.IOException: d99ff0d5-fc69-4ace-aa4c-ce8a85641abd: Group group-61EC49544C04 not found.
	at org.apache.hadoop.ozone.container.common.transport.server.ratis.XceiverServerRatis.removeGroup(XceiverServerRatis.java:788)
	at org.apache.hadoop.ozone.container.common.statemachine.commandhandler.ClosePipelineCommandHandler.handle(ClosePipelineCommandHandler.java:74)
	at org.apache.hadoop.ozone.container.common.statemachine.commandhandler.CommandDispatcher.handle(CommandDispatcher.java:99)
	at org.apache.hadoop.ozone.container.common.statemachine.DatanodeStateMachine.lambda$initCommandHandlerThread$2(DatanodeStateMachine.java:498)
	at java.lang.Thread.run(Thread.java:748)
Caused by: org.apache.ratis.protocol.exceptions.GroupMismatchException: d99ff0d5-fc69-4ace-aa4c-ce8a85641abd: Group group-61EC49544C04 not found.
	at org.apache.ratis.server.impl.RaftServerProxy.groupRemoveAsync(RaftServerProxy.java:502)
	at org.apache.ratis.server.impl.RaftServerProxy.groupManagementAsync(RaftServerProxy.java:458)
	at org.apache.ratis.server.impl.RaftServerProxy.groupManagement(RaftServerProxy.java:438)
	at org.apache.hadoop.ozone.container.common.transport.server.ratis.XceiverServerRatis.removeGroup(XceiverServerRatis.java:786)
	... 4 more
2021-01-10 09:03:38,472 [Command processor thread] WARN  server.RaftServer (RaftServerProxy.java:remove(101)) - d99ff0d5-fc69-4ace-aa4c-ce8a85641abd: does not contain group: group-50480F738A16
2021-01-10 09:03:38,472 [Command processor thread] ERROR commandhandler.ClosePipelineCommandHandler (ClosePipelineCommandHandler.java:handle(78)) - Can't close pipeline PipelineID=7f85cc11-4c61-4963-8417-50480f738a16
java.io.IOException: d99ff0d5-fc69-4ace-aa4c-ce8a85641abd: Group group-50480F738A16 not found.
	at org.apache.hadoop.ozone.container.common.transport.server.ratis.XceiverServerRatis.removeGroup(XceiverServerRatis.java:788)
	at org.apache.hadoop.ozone.container.common.statemachine.commandhandler.ClosePipelineCommandHandler.handle(ClosePipelineCommandHandler.java:74)
	at org.apache.hadoop.ozone.container.common.statemachine.commandhandler.CommandDispatcher.handle(CommandDispatcher.java:99)
	at org.apache.hadoop.ozone.container.common.statemachine.DatanodeStateMachine.lambda$initCommandHandlerThread$2(DatanodeStateMachine.java:498)
	at java.lang.Thread.run(Thread.java:748)
Caused by: org.apache.ratis.protocol.exceptions.GroupMismatchException: d99ff0d5-fc69-4ace-aa4c-ce8a85641abd: Group group-50480F738A16 not found.
	at org.apache.ratis.server.impl.RaftServerProxy.groupRemoveAsync(RaftServerProxy.java:502)
	at org.apache.ratis.server.impl.RaftServerProxy.groupManagementAsync(RaftServerProxy.java:458)
	at org.apache.ratis.server.impl.RaftServerProxy.groupManagement(RaftServerProxy.java:438)
	at org.apache.hadoop.ozone.container.common.transport.server.ratis.XceiverServerRatis.removeGroup(XceiverServerRatis.java:786)
	... 4 more
2021-01-10 09:03:38,473 [Command processor thread] WARN  server.RaftServer (RaftServerProxy.java:remove(101)) - d99ff0d5-fc69-4ace-aa4c-ce8a85641abd: does not contain group: group-61EC49544C04
2021-01-10 09:03:38,473 [Command processor thread] ERROR commandhandler.ClosePipelineCommandHandler (ClosePipelineCommandHandler.java:handle(78)) - Can't close pipeline PipelineID=b9f8cb9a-d08f-46fe-a23d-61ec49544c04
java.io.IOException: d99ff0d5-fc69-4ace-aa4c-ce8a85641abd: Group group-61EC49544C04 not found.
	at org.apache.hadoop.ozone.container.common.transport.server.ratis.XceiverServerRatis.removeGroup(XceiverServerRatis.java:788)
	at org.apache.hadoop.ozone.container.common.statemachine.commandhandler.ClosePipelineCommandHandler.handle(ClosePipelineCommandHandler.java:74)
	at org.apache.hadoop.ozone.container.common.statemachine.commandhandler.CommandDispatcher.handle(CommandDispatcher.java:99)
	at org.apache.hadoop.ozone.container.common.statemachine.DatanodeStateMachine.lambda$initCommandHandlerThread$2(DatanodeStateMachine.java:498)
	at java.lang.Thread.run(Thread.java:748)
Caused by: org.apache.ratis.protocol.exceptions.GroupMismatchException: d99ff0d5-fc69-4ace-aa4c-ce8a85641abd: Group group-61EC49544C04 not found.
	at org.apache.ratis.server.impl.RaftServerProxy.groupRemoveAsync(RaftServerProxy.java:502)
	at org.apache.ratis.server.impl.RaftServerProxy.groupManagementAsync(RaftServerProxy.java:458)
	at org.apache.ratis.server.impl.RaftServerProxy.groupManagement(RaftServerProxy.java:438)
	at org.apache.hadoop.ozone.container.common.transport.server.ratis.XceiverServerRatis.removeGroup(XceiverServerRatis.java:786)
	... 4 more
2021-01-10 09:03:38,473 [Command processor thread] WARN  server.RaftServer (RaftServerProxy.java:remove(101)) - d99ff0d5-fc69-4ace-aa4c-ce8a85641abd: does not contain group: group-50480F738A16
2021-01-10 09:03:38,474 [Command processor thread] ERROR commandhandler.ClosePipelineCommandHandler (ClosePipelineCommandHandler.java:handle(78)) - Can't close pipeline PipelineID=7f85cc11-4c61-4963-8417-50480f738a16
java.io.IOException: d99ff0d5-fc69-4ace-aa4c-ce8a85641abd: Group group-50480F738A16 not found.
	at org.apache.hadoop.ozone.container.common.transport.server.ratis.XceiverServerRatis.removeGroup(XceiverServerRatis.java:788)
	at org.apache.hadoop.ozone.container.common.statemachine.commandhandler.ClosePipelineCommandHandler.handle(ClosePipelineCommandHandler.java:74)
	at org.apache.hadoop.ozone.container.common.statemachine.commandhandler.CommandDispatcher.handle(CommandDispatcher.java:99)
	at org.apache.hadoop.ozone.container.common.statemachine.DatanodeStateMachine.lambda$initCommandHandlerThread$2(DatanodeStateMachine.java:498)
	at java.lang.Thread.run(Thread.java:748)
Caused by: org.apache.ratis.protocol.exceptions.GroupMismatchException: d99ff0d5-fc69-4ace-aa4c-ce8a85641abd: Group group-50480F738A16 not found.
	at org.apache.ratis.server.impl.RaftServerProxy.groupRemoveAsync(RaftServerProxy.java:502)
	at org.apache.ratis.server.impl.RaftServerProxy.groupManagementAsync(RaftServerProxy.java:458)
	at org.apache.ratis.server.impl.RaftServerProxy.groupManagement(RaftServerProxy.java:438)
	at org.apache.hadoop.ozone.container.common.transport.server.ratis.XceiverServerRatis.removeGroup(XceiverServerRatis.java:786)
	... 4 more
2021-01-10 09:03:38,474 [Command processor thread] WARN  server.RaftServer (RaftServerProxy.java:remove(101)) - d99ff0d5-fc69-4ace-aa4c-ce8a85641abd: does not contain group: group-61EC49544C04
2021-01-10 09:03:38,474 [Command processor thread] ERROR commandhandler.ClosePipelineCommandHandler (ClosePipelineCommandHandler.java:handle(78)) - Can't close pipeline PipelineID=b9f8cb9a-d08f-46fe-a23d-61ec49544c04
java.io.IOException: d99ff0d5-fc69-4ace-aa4c-ce8a85641abd: Group group-61EC49544C04 not found.
	at org.apache.hadoop.ozone.container.common.transport.server.ratis.XceiverServerRatis.removeGroup(XceiverServerRatis.java:788)
	at org.apache.hadoop.ozone.container.common.statemachine.commandhandler.ClosePipelineCommandHandler.handle(ClosePipelineCommandHandler.java:74)
	at org.apache.hadoop.ozone.container.common.statemachine.commandhandler.CommandDispatcher.handle(CommandDispatcher.java:99)
	at org.apache.hadoop.ozone.container.common.statemachine.DatanodeStateMachine.lambda$initCommandHandlerThread$2(DatanodeStateMachine.java:498)
	at java.lang.Thread.run(Thread.java:748)
Caused by: org.apache.ratis.protocol.exceptions.GroupMismatchException: d99ff0d5-fc69-4ace-aa4c-ce8a85641abd: Group group-61EC49544C04 not found.
	at org.apache.ratis.server.impl.RaftServerProxy.groupRemoveAsync(RaftServerProxy.java:502)
	at org.apache.ratis.server.impl.RaftServerProxy.groupManagementAsync(RaftServerProxy.java:458)
	at org.apache.ratis.server.impl.RaftServerProxy.groupManagement(RaftServerProxy.java:438)
	at org.apache.hadoop.ozone.container.common.transport.server.ratis.XceiverServerRatis.removeGroup(XceiverServerRatis.java:786)
	... 4 more
2021-01-10 09:03:38,477 [Command processor thread] INFO  metrics.RatisMetrics (RatisMetrics.java:unregister(43)) - Unregistering Metrics Registry : ratis.log_appender.c4191e53-aaca-4d42-9f72-dc45ebf47022@group-6BDB76157137
2021-01-10 09:03:38,477 [Command processor thread] INFO  metrics.RatisMetrics (RatisMetrics.java:unregister(43)) - Unregistering Metrics Registry : ratis.server.c4191e53-aaca-4d42-9f72-dc45ebf47022@group-6BDB76157137
2021-01-10 09:03:38,477 [c4191e53-aaca-4d42-9f72-dc45ebf47022@group-6BDB76157137-StateMachineUpdater] INFO  ratis.ContainerStateMachine (ContainerStateMachine.java:takeSnapshot(291)) - group-6BDB76157137: Taking a snapshot at:(t:1, i:0) file /github/workspace/mnt/ozone/hadoop-ozone/integration-test/target/test-dir/MiniOzoneClusterImpl-030730bd-5c5c-4c00-b8c2-b15b15404b1a/datanode-1/data/ratis/319c8b6e-21f4-42ad-8e65-6bdb76157137/sm/snapshot.1_0
2021-01-10 09:03:38,478 [Command processor thread] INFO  impl.StateMachineUpdater (StateMachineUpdater.java:stopAndJoin(148)) - c4191e53-aaca-4d42-9f72-dc45ebf47022@group-6BDB76157137-StateMachineUpdater: set stopIndex = 0
2021-01-10 09:03:38,478 [Command processor thread] WARN  server.RaftServer (RaftServerProxy.java:remove(101)) - d99ff0d5-fc69-4ace-aa4c-ce8a85641abd: does not contain group: group-50480F738A16
2021-01-10 09:03:38,478 [Command processor thread] ERROR commandhandler.ClosePipelineCommandHandler (ClosePipelineCommandHandler.java:handle(78)) - Can't close pipeline PipelineID=7f85cc11-4c61-4963-8417-50480f738a16
java.io.IOException: d99ff0d5-fc69-4ace-aa4c-ce8a85641abd: Group group-50480F738A16 not found.
	at org.apache.hadoop.ozone.container.common.transport.server.ratis.XceiverServerRatis.removeGroup(XceiverServerRatis.java:788)
	at org.apache.hadoop.ozone.container.common.statemachine.commandhandler.ClosePipelineCommandHandler.handle(ClosePipelineCommandHandler.java:74)
	at org.apache.hadoop.ozone.container.common.statemachine.commandhandler.CommandDispatcher.handle(CommandDispatcher.java:99)
	at org.apache.hadoop.ozone.container.common.statemachine.DatanodeStateMachine.lambda$initCommandHandlerThread$2(DatanodeStateMachine.java:498)
	at java.lang.Thread.run(Thread.java:748)
Caused by: org.apache.ratis.protocol.exceptions.GroupMismatchException: d99ff0d5-fc69-4ace-aa4c-ce8a85641abd: Group group-50480F738A16 not found.
	at org.apache.ratis.server.impl.RaftServerProxy.groupRemoveAsync(RaftServerProxy.java:502)
	at org.apache.ratis.server.impl.RaftServerProxy.groupManagementAsync(RaftServerProxy.java:458)
	at org.apache.ratis.server.impl.RaftServerProxy.groupManagement(RaftServerProxy.java:438)
	at org.apache.hadoop.ozone.container.common.transport.server.ratis.XceiverServerRatis.removeGroup(XceiverServerRatis.java:786)
	... 4 more
2021-01-10 09:03:38,480 [c4191e53-aaca-4d42-9f72-dc45ebf47022@group-6BDB76157137-StateMachineUpdater] INFO  ratis.ContainerStateMachine (ContainerStateMachine.java:takeSnapshot(302)) - group-6BDB76157137: Finished taking a snapshot at:(t:1, i:0) file:/github/workspace/mnt/ozone/hadoop-ozone/integration-test/target/test-dir/MiniOzoneClusterImpl-030730bd-5c5c-4c00-b8c2-b15b15404b1a/datanode-1/data/ratis/319c8b6e-21f4-42ad-8e65-6bdb76157137/sm/snapshot.1_0 took: 2 ms
2021-01-10 09:03:38,482 [c4191e53-aaca-4d42-9f72-dc45ebf47022@group-6BDB76157137-StateMachineUpdater] INFO  impl.StateMachineUpdater (StateMachineUpdater.java:takeSnapshot(279)) - c4191e53-aaca-4d42-9f72-dc45ebf47022@group-6BDB76157137-StateMachineUpdater: Took a snapshot at index 0
2021-01-10 09:03:38,482 [c4191e53-aaca-4d42-9f72-dc45ebf47022@group-6BDB76157137-StateMachineUpdater] INFO  impl.StateMachineUpdater (StateMachineUpdater.java:lambda$new$0(88)) - c4191e53-aaca-4d42-9f72-dc45ebf47022@group-6BDB76157137-StateMachineUpdater: snapshotIndex: updateIncreasingly -1 -> 0
2021-01-10 09:03:38,482 [c4191e53-aaca-4d42-9f72-dc45ebf47022@group-6BDB76157137-StateMachineUpdater] INFO  metrics.RatisMetrics (RatisMetrics.java:unregister(43)) - Unregistering Metrics Registry : ratis.state_machine.c4191e53-aaca-4d42-9f72-dc45ebf47022@group-6BDB76157137
2021-01-10 09:03:38,482 [Command processor thread] INFO  server.RaftServer$Division (ServerState.java:close(400)) - c4191e53-aaca-4d42-9f72-dc45ebf47022@group-6BDB76157137: closes. applyIndex: 0
2021-01-10 09:03:38,482 [c4191e53-aaca-4d42-9f72-dc45ebf47022@group-6BDB76157137-SegmentedRaftLogWorker] INFO  segmented.SegmentedRaftLogWorker (SegmentedRaftLogWorker.java:run(326)) - c4191e53-aaca-4d42-9f72-dc45ebf47022@group-6BDB76157137-SegmentedRaftLogWorker was interrupted, exiting. There are 0 tasks remaining in the queue.
2021-01-10 09:03:38,482 [Command processor thread] INFO  segmented.SegmentedRaftLogWorker (SegmentedRaftLogWorker.java:close(236)) - c4191e53-aaca-4d42-9f72-dc45ebf47022@group-6BDB76157137-SegmentedRaftLogWorker close()
2021-01-10 09:03:38,483 [Command processor thread] INFO  metrics.RatisMetrics (RatisMetrics.java:unregister(43)) - Unregistering Metrics Registry : ratis.log_worker.c4191e53-aaca-4d42-9f72-dc45ebf47022@group-6BDB76157137
2021-01-10 09:03:38,483 [Command processor thread] INFO  metrics.RatisMetrics (RatisMetrics.java:unregister(43)) - Unregistering Metrics Registry : ratis.leader_election.c4191e53-aaca-4d42-9f72-dc45ebf47022@group-6BDB76157137
2021-01-10 09:03:38,483 [Command processor thread] INFO  metrics.RatisMetrics (RatisMetrics.java:unregister(43)) - Unregistering Metrics Registry : ratis.server.c4191e53-aaca-4d42-9f72-dc45ebf47022@group-6BDB76157137
2021-01-10 09:03:38,483 [Command processor thread] INFO  server.RaftServer$Division (RaftServerImpl.java:groupRemove(375)) - c4191e53-aaca-4d42-9f72-dc45ebf47022@group-6BDB76157137: Succeed to remove RaftStorageDirectory Storage Directory /github/workspace/mnt/ozone/hadoop-ozone/integration-test/target/test-dir/MiniOzoneClusterImpl-030730bd-5c5c-4c00-b8c2-b15b15404b1a/datanode-1/data/ratis/319c8b6e-21f4-42ad-8e65-6bdb76157137
2021-01-10 09:03:38,483 [Command processor thread] INFO  commandhandler.ClosePipelineCommandHandler (ClosePipelineCommandHandler.java:handle(75)) - Close Pipeline PipelineID=319c8b6e-21f4-42ad-8e65-6bdb76157137 command on datanode c4191e53-aaca-4d42-9f72-dc45ebf47022.
2021-01-10 09:03:38,484 [Command processor thread] WARN  server.RaftServer (RaftServerProxy.java:remove(101)) - c4191e53-aaca-4d42-9f72-dc45ebf47022: does not contain group: group-61EC49544C04
2021-01-10 09:03:38,484 [Command processor thread] ERROR commandhandler.ClosePipelineCommandHandler (ClosePipelineCommandHandler.java:handle(78)) - Can't close pipeline PipelineID=b9f8cb9a-d08f-46fe-a23d-61ec49544c04
java.io.IOException: c4191e53-aaca-4d42-9f72-dc45ebf47022: Group group-61EC49544C04 not found.
	at org.apache.hadoop.ozone.container.common.transport.server.ratis.XceiverServerRatis.removeGroup(XceiverServerRatis.java:788)
	at org.apache.hadoop.ozone.container.common.statemachine.commandhandler.ClosePipelineCommandHandler.handle(ClosePipelineCommandHandler.java:74)
	at org.apache.hadoop.ozone.container.common.statemachine.commandhandler.CommandDispatcher.handle(CommandDispatcher.java:99)
	at org.apache.hadoop.ozone.container.common.statemachine.DatanodeStateMachine.lambda$initCommandHandlerThread$2(DatanodeStateMachine.java:498)
	at java.lang.Thread.run(Thread.java:748)
Caused by: org.apache.ratis.protocol.exceptions.GroupMismatchException: c4191e53-aaca-4d42-9f72-dc45ebf47022: Group group-61EC49544C04 not found.
	at org.apache.ratis.server.impl.RaftServerProxy.groupRemoveAsync(RaftServerProxy.java:502)
	at org.apache.ratis.server.impl.RaftServerProxy.groupManagementAsync(RaftServerProxy.java:458)
	at org.apache.ratis.server.impl.RaftServerProxy.groupManagement(RaftServerProxy.java:438)
	at org.apache.hadoop.ozone.container.common.transport.server.ratis.XceiverServerRatis.removeGroup(XceiverServerRatis.java:786)
	... 4 more
2021-01-10 09:03:38,484 [Command processor thread] WARN  server.RaftServer (RaftServerProxy.java:remove(101)) - c4191e53-aaca-4d42-9f72-dc45ebf47022: does not contain group: group-6BDB76157137
2021-01-10 09:03:38,484 [Command processor thread] ERROR commandhandler.ClosePipelineCommandHandler (ClosePipelineCommandHandler.java:handle(78)) - Can't close pipeline PipelineID=319c8b6e-21f4-42ad-8e65-6bdb76157137
java.io.IOException: c4191e53-aaca-4d42-9f72-dc45ebf47022: Group group-6BDB76157137 not found.
	at org.apache.hadoop.ozone.container.common.transport.server.ratis.XceiverServerRatis.removeGroup(XceiverServerRatis.java:788)
	at org.apache.hadoop.ozone.container.common.statemachine.commandhandler.ClosePipelineCommandHandler.handle(ClosePipelineCommandHandler.java:74)
	at org.apache.hadoop.ozone.container.common.statemachine.commandhandler.CommandDispatcher.handle(CommandDispatcher.java:99)
	at org.apache.hadoop.ozone.container.common.statemachine.DatanodeStateMachine.lambda$initCommandHandlerThread$2(DatanodeStateMachine.java:498)
	at java.lang.Thread.run(Thread.java:748)
Caused by: org.apache.ratis.protocol.exceptions.GroupMismatchException: c4191e53-aaca-4d42-9f72-dc45ebf47022: Group group-6BDB76157137 not found.
	at org.apache.ratis.server.impl.RaftServerProxy.groupRemoveAsync(RaftServerProxy.java:502)
	at org.apache.ratis.server.impl.RaftServerProxy.groupManagementAsync(RaftServerProxy.java:458)
	at org.apache.ratis.server.impl.RaftServerProxy.groupManagement(RaftServerProxy.java:438)
	at org.apache.hadoop.ozone.container.common.transport.server.ratis.XceiverServerRatis.removeGroup(XceiverServerRatis.java:786)
	... 4 more
2021-01-10 09:03:38,485 [Command processor thread] WARN  server.RaftServer (RaftServerProxy.java:remove(101)) - c4191e53-aaca-4d42-9f72-dc45ebf47022: does not contain group: group-61EC49544C04
2021-01-10 09:03:38,485 [Command processor thread] ERROR commandhandler.ClosePipelineCommandHandler (ClosePipelineCommandHandler.java:handle(78)) - Can't close pipeline PipelineID=b9f8cb9a-d08f-46fe-a23d-61ec49544c04
java.io.IOException: c4191e53-aaca-4d42-9f72-dc45ebf47022: Group group-61EC49544C04 not found.
	at org.apache.hadoop.ozone.container.common.transport.server.ratis.XceiverServerRatis.removeGroup(XceiverServerRatis.java:788)
	at org.apache.hadoop.ozone.container.common.statemachine.commandhandler.ClosePipelineCommandHandler.handle(ClosePipelineCommandHandler.java:74)
	at org.apache.hadoop.ozone.container.common.statemachine.commandhandler.CommandDispatcher.handle(CommandDispatcher.java:99)
	at org.apache.hadoop.ozone.container.common.statemachine.DatanodeStateMachine.lambda$initCommandHandlerThread$2(DatanodeStateMachine.java:498)
	at java.lang.Thread.run(Thread.java:748)
Caused by: org.apache.ratis.protocol.exceptions.GroupMismatchException: c4191e53-aaca-4d42-9f72-dc45ebf47022: Group group-61EC49544C04 not found.
	at org.apache.ratis.server.impl.RaftServerProxy.groupRemoveAsync(RaftServerProxy.java:502)
	at org.apache.ratis.server.impl.RaftServerProxy.groupManagementAsync(RaftServerProxy.java:458)
	at org.apache.ratis.server.impl.RaftServerProxy.groupManagement(RaftServerProxy.java:438)
	at org.apache.hadoop.ozone.container.common.transport.server.ratis.XceiverServerRatis.removeGroup(XceiverServerRatis.java:786)
	... 4 more
2021-01-10 09:03:38,485 [Command processor thread] WARN  server.RaftServer (RaftServerProxy.java:remove(101)) - c4191e53-aaca-4d42-9f72-dc45ebf47022: does not contain group: group-6BDB76157137
2021-01-10 09:03:38,485 [Command processor thread] ERROR commandhandler.ClosePipelineCommandHandler (ClosePipelineCommandHandler.java:handle(78)) - Can't close pipeline PipelineID=319c8b6e-21f4-42ad-8e65-6bdb76157137
java.io.IOException: c4191e53-aaca-4d42-9f72-dc45ebf47022: Group group-6BDB76157137 not found.
	at org.apache.hadoop.ozone.container.common.transport.server.ratis.XceiverServerRatis.removeGroup(XceiverServerRatis.java:788)
	at org.apache.hadoop.ozone.container.common.statemachine.commandhandler.ClosePipelineCommandHandler.handle(ClosePipelineCommandHandler.java:74)
	at org.apache.hadoop.ozone.container.common.statemachine.commandhandler.CommandDispatcher.handle(CommandDispatcher.java:99)
	at org.apache.hadoop.ozone.container.common.statemachine.DatanodeStateMachine.lambda$initCommandHandlerThread$2(DatanodeStateMachine.java:498)
	at java.lang.Thread.run(Thread.java:748)
Caused by: org.apache.ratis.protocol.exceptions.GroupMismatchException: c4191e53-aaca-4d42-9f72-dc45ebf47022: Group group-6BDB76157137 not found.
	at org.apache.ratis.server.impl.RaftServerProxy.groupRemoveAsync(RaftServerProxy.java:502)
	at org.apache.ratis.server.impl.RaftServerProxy.groupManagementAsync(RaftServerProxy.java:458)
	at org.apache.ratis.server.impl.RaftServerProxy.groupManagement(RaftServerProxy.java:438)
	at org.apache.hadoop.ozone.container.common.transport.server.ratis.XceiverServerRatis.removeGroup(XceiverServerRatis.java:786)
	... 4 more
2021-01-10 09:03:38,487 [Command processor thread] WARN  server.RaftServer (RaftServerProxy.java:remove(101)) - c4191e53-aaca-4d42-9f72-dc45ebf47022: does not contain group: group-61EC49544C04
2021-01-10 09:03:38,487 [Command processor thread] ERROR commandhandler.ClosePipelineCommandHandler (ClosePipelineCommandHandler.java:handle(78)) - Can't close pipeline PipelineID=b9f8cb9a-d08f-46fe-a23d-61ec49544c04
java.io.IOException: c4191e53-aaca-4d42-9f72-dc45ebf47022: Group group-61EC49544C04 not found.
	at org.apache.hadoop.ozone.container.common.transport.server.ratis.XceiverServerRatis.removeGroup(XceiverServerRatis.java:788)
	at org.apache.hadoop.ozone.container.common.statemachine.commandhandler.ClosePipelineCommandHandler.handle(ClosePipelineCommandHandler.java:74)
	at org.apache.hadoop.ozone.container.common.statemachine.commandhandler.CommandDispatcher.handle(CommandDispatcher.java:99)
	at org.apache.hadoop.ozone.container.common.statemachine.DatanodeStateMachine.lambda$initCommandHandlerThread$2(DatanodeStateMachine.java:498)
	at java.lang.Thread.run(Thread.java:748)
Caused by: org.apache.ratis.protocol.exceptions.GroupMismatchException: c4191e53-aaca-4d42-9f72-dc45ebf47022: Group group-61EC49544C04 not found.
	at org.apache.ratis.server.impl.RaftServerProxy.groupRemoveAsync(RaftServerProxy.java:502)
	at org.apache.ratis.server.impl.RaftServerProxy.groupManagementAsync(RaftServerProxy.java:458)
	at org.apache.ratis.server.impl.RaftServerProxy.groupManagement(RaftServerProxy.java:438)
	at org.apache.hadoop.ozone.container.common.transport.server.ratis.XceiverServerRatis.removeGroup(XceiverServerRatis.java:786)
	... 4 more
2021-01-10 09:03:38,487 [Command processor thread] WARN  server.RaftServer (RaftServerProxy.java:remove(101)) - c4191e53-aaca-4d42-9f72-dc45ebf47022: does not contain group: group-6BDB76157137
2021-01-10 09:03:38,487 [Command processor thread] ERROR commandhandler.ClosePipelineCommandHandler (ClosePipelineCommandHandler.java:handle(78)) - Can't close pipeline PipelineID=319c8b6e-21f4-42ad-8e65-6bdb76157137
java.io.IOException: c4191e53-aaca-4d42-9f72-dc45ebf47022: Group group-6BDB76157137 not found.
	at org.apache.hadoop.ozone.container.common.transport.server.ratis.XceiverServerRatis.removeGroup(XceiverServerRatis.java:788)
	at org.apache.hadoop.ozone.container.common.statemachine.commandhandler.ClosePipelineCommandHandler.handle(ClosePipelineCommandHandler.java:74)
	at org.apache.hadoop.ozone.container.common.statemachine.commandhandler.CommandDispatcher.handle(CommandDispatcher.java:99)
	at org.apache.hadoop.ozone.container.common.statemachine.DatanodeStateMachine.lambda$initCommandHandlerThread$2(DatanodeStateMachine.java:498)
	at java.lang.Thread.run(Thread.java:748)
Caused by: org.apache.ratis.protocol.exceptions.GroupMismatchException: c4191e53-aaca-4d42-9f72-dc45ebf47022: Group group-6BDB76157137 not found.
	at org.apache.ratis.server.impl.RaftServerProxy.groupRemoveAsync(RaftServerProxy.java:502)
	at org.apache.ratis.server.impl.RaftServerProxy.groupManagementAsync(RaftServerProxy.java:458)
	at org.apache.ratis.server.impl.RaftServerProxy.groupManagement(RaftServerProxy.java:438)
	at org.apache.hadoop.ozone.container.common.transport.server.ratis.XceiverServerRatis.removeGroup(XceiverServerRatis.java:786)
	... 4 more
2021-01-10 09:03:38,488 [Command processor thread] WARN  server.RaftServer (RaftServerProxy.java:remove(101)) - c4191e53-aaca-4d42-9f72-dc45ebf47022: does not contain group: group-61EC49544C04
2021-01-10 09:03:38,488 [Command processor thread] ERROR commandhandler.ClosePipelineCommandHandler (ClosePipelineCommandHandler.java:handle(78)) - Can't close pipeline PipelineID=b9f8cb9a-d08f-46fe-a23d-61ec49544c04
java.io.IOException: c4191e53-aaca-4d42-9f72-dc45ebf47022: Group group-61EC49544C04 not found.
	at org.apache.hadoop.ozone.container.common.transport.server.ratis.XceiverServerRatis.removeGroup(XceiverServerRatis.java:788)
	at org.apache.hadoop.ozone.container.common.statemachine.commandhandler.ClosePipelineCommandHandler.handle(ClosePipelineCommandHandler.java:74)
	at org.apache.hadoop.ozone.container.common.statemachine.commandhandler.CommandDispatcher.handle(CommandDispatcher.java:99)
	at org.apache.hadoop.ozone.container.common.statemachine.DatanodeStateMachine.lambda$initCommandHandlerThread$2(DatanodeStateMachine.java:498)
	at java.lang.Thread.run(Thread.java:748)
Caused by: org.apache.ratis.protocol.exceptions.GroupMismatchException: c4191e53-aaca-4d42-9f72-dc45ebf47022: Group group-61EC49544C04 not found.
	at org.apache.ratis.server.impl.RaftServerProxy.groupRemoveAsync(RaftServerProxy.java:502)
	at org.apache.ratis.server.impl.RaftServerProxy.groupManagementAsync(RaftServerProxy.java:458)
	at org.apache.ratis.server.impl.RaftServerProxy.groupManagement(RaftServerProxy.java:438)
	at org.apache.hadoop.ozone.container.common.transport.server.ratis.XceiverServerRatis.removeGroup(XceiverServerRatis.java:786)
	... 4 more
2021-01-10 09:03:38,488 [Command processor thread] WARN  server.RaftServer (RaftServerProxy.java:remove(101)) - c4191e53-aaca-4d42-9f72-dc45ebf47022: does not contain group: group-6BDB76157137
2021-01-10 09:03:38,488 [Command processor thread] ERROR commandhandler.ClosePipelineCommandHandler (ClosePipelineCommandHandler.java:handle(78)) - Can't close pipeline PipelineID=319c8b6e-21f4-42ad-8e65-6bdb76157137
java.io.IOException: c4191e53-aaca-4d42-9f72-dc45ebf47022: Group group-6BDB76157137 not found.
	at org.apache.hadoop.ozone.container.common.transport.server.ratis.XceiverServerRatis.removeGroup(XceiverServerRatis.java:788)
	at org.apache.hadoop.ozone.container.common.statemachine.commandhandler.ClosePipelineCommandHandler.handle(ClosePipelineCommandHandler.java:74)
	at org.apache.hadoop.ozone.container.common.statemachine.commandhandler.CommandDispatcher.handle(CommandDispatcher.java:99)
	at org.apache.hadoop.ozone.container.common.statemachine.DatanodeStateMachine.lambda$initCommandHandlerThread$2(DatanodeStateMachine.java:498)
	at java.lang.Thread.run(Thread.java:748)
Caused by: org.apache.ratis.protocol.exceptions.GroupMismatchException: c4191e53-aaca-4d42-9f72-dc45ebf47022: Group group-6BDB76157137 not found.
	at org.apache.ratis.server.impl.RaftServerProxy.groupRemoveAsync(RaftServerProxy.java:502)
	at org.apache.ratis.server.impl.RaftServerProxy.groupManagementAsync(RaftServerProxy.java:458)
	at org.apache.ratis.server.impl.RaftServerProxy.groupManagement(RaftServerProxy.java:438)
	at org.apache.hadoop.ozone.container.common.transport.server.ratis.XceiverServerRatis.removeGroup(XceiverServerRatis.java:786)
	... 4 more
2021-01-10 09:03:38,489 [Command processor thread] WARN  server.RaftServer (RaftServerProxy.java:remove(101)) - c4191e53-aaca-4d42-9f72-dc45ebf47022: does not contain group: group-61EC49544C04
2021-01-10 09:03:38,489 [Command processor thread] ERROR commandhandler.ClosePipelineCommandHandler (ClosePipelineCommandHandler.java:handle(78)) - Can't close pipeline PipelineID=b9f8cb9a-d08f-46fe-a23d-61ec49544c04
java.io.IOException: c4191e53-aaca-4d42-9f72-dc45ebf47022: Group group-61EC49544C04 not found.
	at org.apache.hadoop.ozone.container.common.transport.server.ratis.XceiverServerRatis.removeGroup(XceiverServerRatis.java:788)
	at org.apache.hadoop.ozone.container.common.statemachine.commandhandler.ClosePipelineCommandHandler.handle(ClosePipelineCommandHandler.java:74)
	at org.apache.hadoop.ozone.container.common.statemachine.commandhandler.CommandDispatcher.handle(CommandDispatcher.java:99)
	at org.apache.hadoop.ozone.container.common.statemachine.DatanodeStateMachine.lambda$initCommandHandlerThread$2(DatanodeStateMachine.java:498)
	at java.lang.Thread.run(Thread.java:748)
Caused by: org.apache.ratis.protocol.exceptions.GroupMismatchException: c4191e53-aaca-4d42-9f72-dc45ebf47022: Group group-61EC49544C04 not found.
	at org.apache.ratis.server.impl.RaftServerProxy.groupRemoveAsync(RaftServerProxy.java:502)
	at org.apache.ratis.server.impl.RaftServerProxy.groupManagementAsync(RaftServerProxy.java:458)
	at org.apache.ratis.server.impl.RaftServerProxy.groupManagement(RaftServerProxy.java:438)
	at org.apache.hadoop.ozone.container.common.transport.server.ratis.XceiverServerRatis.removeGroup(XceiverServerRatis.java:786)
	... 4 more
2021-01-10 09:03:38,489 [Command processor thread] WARN  server.RaftServer (RaftServerProxy.java:remove(101)) - c4191e53-aaca-4d42-9f72-dc45ebf47022: does not contain group: group-6BDB76157137
2021-01-10 09:03:38,489 [Command processor thread] ERROR commandhandler.ClosePipelineCommandHandler (ClosePipelineCommandHandler.java:handle(78)) - Can't close pipeline PipelineID=319c8b6e-21f4-42ad-8e65-6bdb76157137
java.io.IOException: c4191e53-aaca-4d42-9f72-dc45ebf47022: Group group-6BDB76157137 not found.
	at org.apache.hadoop.ozone.container.common.transport.server.ratis.XceiverServerRatis.removeGroup(XceiverServerRatis.java:788)
	at org.apache.hadoop.ozone.container.common.statemachine.commandhandler.ClosePipelineCommandHandler.handle(ClosePipelineCommandHandler.java:74)
	at org.apache.hadoop.ozone.container.common.statemachine.commandhandler.CommandDispatcher.handle(CommandDispatcher.java:99)
	at org.apache.hadoop.ozone.container.common.statemachine.DatanodeStateMachine.lambda$initCommandHandlerThread$2(DatanodeStateMachine.java:498)
	at java.lang.Thread.run(Thread.java:748)
Caused by: org.apache.ratis.protocol.exceptions.GroupMismatchException: c4191e53-aaca-4d42-9f72-dc45ebf47022: Group group-6BDB76157137 not found.
	at org.apache.ratis.server.impl.RaftServerProxy.groupRemoveAsync(RaftServerProxy.java:502)
	at org.apache.ratis.server.impl.RaftServerProxy.groupManagementAsync(RaftServerProxy.java:458)
	at org.apache.ratis.server.impl.RaftServerProxy.groupManagement(RaftServerProxy.java:438)
	at org.apache.hadoop.ozone.container.common.transport.server.ratis.XceiverServerRatis.removeGroup(XceiverServerRatis.java:786)
	... 4 more
2021-01-10 09:03:38,490 [Command processor thread] WARN  server.RaftServer (RaftServerProxy.java:remove(101)) - c4191e53-aaca-4d42-9f72-dc45ebf47022: does not contain group: group-61EC49544C04
2021-01-10 09:03:38,490 [Command processor thread] ERROR commandhandler.ClosePipelineCommandHandler (ClosePipelineCommandHandler.java:handle(78)) - Can't close pipeline PipelineID=b9f8cb9a-d08f-46fe-a23d-61ec49544c04
java.io.IOException: c4191e53-aaca-4d42-9f72-dc45ebf47022: Group group-61EC49544C04 not found.
	at org.apache.hadoop.ozone.container.common.transport.server.ratis.XceiverServerRatis.removeGroup(XceiverServerRatis.java:788)
	at org.apache.hadoop.ozone.container.common.statemachine.commandhandler.ClosePipelineCommandHandler.handle(ClosePipelineCommandHandler.java:74)
	at org.apache.hadoop.ozone.container.common.statemachine.commandhandler.CommandDispatcher.handle(CommandDispatcher.java:99)
	at org.apache.hadoop.ozone.container.common.statemachine.DatanodeStateMachine.lambda$initCommandHandlerThread$2(DatanodeStateMachine.java:498)
	at java.lang.Thread.run(Thread.java:748)
Caused by: org.apache.ratis.protocol.exceptions.GroupMismatchException: c4191e53-aaca-4d42-9f72-dc45ebf47022: Group group-61EC49544C04 not found.
	at org.apache.ratis.server.impl.RaftServerProxy.groupRemoveAsync(RaftServerProxy.java:502)
	at org.apache.ratis.server.impl.RaftServerProxy.groupManagementAsync(RaftServerProxy.java:458)
	at org.apache.ratis.server.impl.RaftServerProxy.groupManagement(RaftServerProxy.java:438)
	at org.apache.hadoop.ozone.container.common.transport.server.ratis.XceiverServerRatis.removeGroup(XceiverServerRatis.java:786)
	... 4 more
2021-01-10 09:03:38,490 [Command processor thread] WARN  server.RaftServer (RaftServerProxy.java:remove(101)) - c4191e53-aaca-4d42-9f72-dc45ebf47022: does not contain group: group-6BDB76157137
2021-01-10 09:03:38,490 [Command processor thread] ERROR commandhandler.ClosePipelineCommandHandler (ClosePipelineCommandHandler.java:handle(78)) - Can't close pipeline PipelineID=319c8b6e-21f4-42ad-8e65-6bdb76157137
java.io.IOException: c4191e53-aaca-4d42-9f72-dc45ebf47022: Group group-6BDB76157137 not found.
	at org.apache.hadoop.ozone.container.common.transport.server.ratis.XceiverServerRatis.removeGroup(XceiverServerRatis.java:788)
	at org.apache.hadoop.ozone.container.common.statemachine.commandhandler.ClosePipelineCommandHandler.handle(ClosePipelineCommandHandler.java:74)
	at org.apache.hadoop.ozone.container.common.statemachine.commandhandler.CommandDispatcher.handle(CommandDispatcher.java:99)
	at org.apache.hadoop.ozone.container.common.statemachine.DatanodeStateMachine.lambda$initCommandHandlerThread$2(DatanodeStateMachine.java:498)
	at java.lang.Thread.run(Thread.java:748)
Caused by: org.apache.ratis.protocol.exceptions.GroupMismatchException: c4191e53-aaca-4d42-9f72-dc45ebf47022: Group group-6BDB76157137 not found.
	at org.apache.ratis.server.impl.RaftServerProxy.groupRemoveAsync(RaftServerProxy.java:502)
	at org.apache.ratis.server.impl.RaftServerProxy.groupManagementAsync(RaftServerProxy.java:458)
	at org.apache.ratis.server.impl.RaftServerProxy.groupManagement(RaftServerProxy.java:438)
	at org.apache.hadoop.ozone.container.common.transport.server.ratis.XceiverServerRatis.removeGroup(XceiverServerRatis.java:786)
	... 4 more
2021-01-10 09:03:38,491 [Command processor thread] WARN  server.RaftServer (RaftServerProxy.java:remove(101)) - c4191e53-aaca-4d42-9f72-dc45ebf47022: does not contain group: group-61EC49544C04
2021-01-10 09:03:38,493 [ReplicationMonitor] INFO  container.ReplicationManager (ReplicationManager.java:sendCloseCommand(948)) - Sending close container command for container #1 to datanode c4191e53-aaca-4d42-9f72-dc45ebf47022{ip: 172.17.0.2, host: 84bc77fe8d45, networkLocation: /default-rack, certSerialId: null, persistedOpState: IN_SERVICE, persistedOpStateExpiryEpochSec: 0}.
2021-01-10 09:03:38,493 [ReplicationMonitor] INFO  container.ReplicationManager (ReplicationManager.java:sendCloseCommand(948)) - Sending close container command for container #1 to datanode d99ff0d5-fc69-4ace-aa4c-ce8a85641abd{ip: 172.17.0.2, host: 84bc77fe8d45, networkLocation: /default-rack, certSerialId: null, persistedOpState: IN_SERVICE, persistedOpStateExpiryEpochSec: 0}.
2021-01-10 09:03:38,493 [ReplicationMonitor] INFO  container.ReplicationManager (ReplicationManager.java:sendCloseCommand(948)) - Sending close container command for container #2 to datanode c4191e53-aaca-4d42-9f72-dc45ebf47022{ip: 172.17.0.2, host: 84bc77fe8d45, networkLocation: /default-rack, certSerialId: null, persistedOpState: IN_SERVICE, persistedOpStateExpiryEpochSec: 0}.
2021-01-10 09:03:38,494 [ReplicationMonitor] INFO  container.ReplicationManager (ReplicationManager.java:sendCloseCommand(948)) - Sending close container command for container #2 to datanode d99ff0d5-fc69-4ace-aa4c-ce8a85641abd{ip: 172.17.0.2, host: 84bc77fe8d45, networkLocation: /default-rack, certSerialId: null, persistedOpState: IN_SERVICE, persistedOpStateExpiryEpochSec: 0}.
2021-01-10 09:03:38,494 [ReplicationMonitor] INFO  container.ReplicationManager (ReplicationManager.java:forceCloseContainer(633)) - Force closing container #3 with BCSID 68, which is in QUASI_CLOSED state.
2021-01-10 09:03:38,494 [ReplicationMonitor] INFO  container.ReplicationManager (ReplicationManager.java:sendCloseCommand(948)) - Sending close container command for container #3 to datanode c4191e53-aaca-4d42-9f72-dc45ebf47022{ip: 172.17.0.2, host: 84bc77fe8d45, networkLocation: /default-rack, certSerialId: null, persistedOpState: IN_SERVICE, persistedOpStateExpiryEpochSec: 0}.
2021-01-10 09:03:38,494 [ReplicationMonitor] INFO  container.ReplicationManager (ReplicationManager.java:sendCloseCommand(948)) - Sending close container command for container #3 to datanode 639a72ac-1b67-44d2-8fbe-212b735275e2{ip: 172.17.0.2, host: 84bc77fe8d45, networkLocation: /default-rack, certSerialId: null, persistedOpState: ENTERING_MAINTENANCE, persistedOpStateExpiryEpochSec: 0}.
2021-01-10 09:03:38,494 [ReplicationMonitor] INFO  container.ReplicationManager (ReplicationManager.java:run(250)) - Replication Monitor Thread took 1 milliseconds for processing 3 containers.
2021-01-10 09:03:38,491 [Command processor thread] WARN  server.RaftServer (RaftServerProxy.java:remove(101)) - d99ff0d5-fc69-4ace-aa4c-ce8a85641abd: does not contain group: group-61EC49544C04
2021-01-10 09:03:38,493 [Command processor thread] ERROR commandhandler.ClosePipelineCommandHandler (ClosePipelineCommandHandler.java:handle(78)) - Can't close pipeline PipelineID=b9f8cb9a-d08f-46fe-a23d-61ec49544c04
java.io.IOException: c4191e53-aaca-4d42-9f72-dc45ebf47022: Group group-61EC49544C04 not found.
	at org.apache.hadoop.ozone.container.common.transport.server.ratis.XceiverServerRatis.removeGroup(XceiverServerRatis.java:788)
	at org.apache.hadoop.ozone.container.common.statemachine.commandhandler.ClosePipelineCommandHandler.handle(ClosePipelineCommandHandler.java:74)
	at org.apache.hadoop.ozone.container.common.statemachine.commandhandler.CommandDispatcher.handle(CommandDispatcher.java:99)
	at org.apache.hadoop.ozone.container.common.statemachine.DatanodeStateMachine.lambda$initCommandHandlerThread$2(DatanodeStateMachine.java:498)
	at java.lang.Thread.run(Thread.java:748)
Caused by: org.apache.ratis.protocol.exceptions.GroupMismatchException: c4191e53-aaca-4d42-9f72-dc45ebf47022: Group group-61EC49544C04 not found.
	at org.apache.ratis.server.impl.RaftServerProxy.groupRemoveAsync(RaftServerProxy.java:502)
	at org.apache.ratis.server.impl.RaftServerProxy.groupManagementAsync(RaftServerProxy.java:458)
	at org.apache.ratis.server.impl.RaftServerProxy.groupManagement(RaftServerProxy.java:438)
	at org.apache.hadoop.ozone.container.common.transport.server.ratis.XceiverServerRatis.removeGroup(XceiverServerRatis.java:786)
	... 4 more
2021-01-10 09:03:38,494 [Command processor thread] ERROR commandhandler.ClosePipelineCommandHandler (ClosePipelineCommandHandler.java:handle(78)) - Can't close pipeline PipelineID=b9f8cb9a-d08f-46fe-a23d-61ec49544c04
java.io.IOException: d99ff0d5-fc69-4ace-aa4c-ce8a85641abd: Group group-61EC49544C04 not found.
	at org.apache.hadoop.ozone.container.common.transport.server.ratis.XceiverServerRatis.removeGroup(XceiverServerRatis.java:788)
	at org.apache.hadoop.ozone.container.common.statemachine.commandhandler.ClosePipelineCommandHandler.handle(ClosePipelineCommandHandler.java:74)
	at org.apache.hadoop.ozone.container.common.statemachine.commandhandler.CommandDispatcher.handle(CommandDispatcher.java:99)
	at org.apache.hadoop.ozone.container.common.statemachine.DatanodeStateMachine.lambda$initCommandHandlerThread$2(DatanodeStateMachine.java:498)
	at java.lang.Thread.run(Thread.java:748)
Caused by: org.apache.ratis.protocol.exceptions.GroupMismatchException: d99ff0d5-fc69-4ace-aa4c-ce8a85641abd: Group group-61EC49544C04 not found.
	at org.apache.ratis.server.impl.RaftServerProxy.groupRemoveAsync(RaftServerProxy.java:502)
	at org.apache.ratis.server.impl.RaftServerProxy.groupManagementAsync(RaftServerProxy.java:458)
	at org.apache.ratis.server.impl.RaftServerProxy.groupManagement(RaftServerProxy.java:438)
	at org.apache.hadoop.ozone.container.common.transport.server.ratis.XceiverServerRatis.removeGroup(XceiverServerRatis.java:786)
	... 4 more
2021-01-10 09:03:38,494 [Command processor thread] WARN  server.RaftServer (RaftServerProxy.java:remove(101)) - d99ff0d5-fc69-4ace-aa4c-ce8a85641abd: does not contain group: group-50480F738A16
2021-01-10 09:03:38,494 [Command processor thread] ERROR commandhandler.ClosePipelineCommandHandler (ClosePipelineCommandHandler.java:handle(78)) - Can't close pipeline PipelineID=7f85cc11-4c61-4963-8417-50480f738a16
java.io.IOException: d99ff0d5-fc69-4ace-aa4c-ce8a85641abd: Group group-50480F738A16 not found.
	at org.apache.hadoop.ozone.container.common.transport.server.ratis.XceiverServerRatis.removeGroup(XceiverServerRatis.java:788)
	at org.apache.hadoop.ozone.container.common.statemachine.commandhandler.ClosePipelineCommandHandler.handle(ClosePipelineCommandHandler.java:74)
	at org.apache.hadoop.ozone.container.common.statemachine.commandhandler.CommandDispatcher.handle(CommandDispatcher.java:99)
	at org.apache.hadoop.ozone.container.common.statemachine.DatanodeStateMachine.lambda$initCommandHandlerThread$2(DatanodeStateMachine.java:498)
	at java.lang.Thread.run(Thread.java:748)
Caused by: org.apache.ratis.protocol.exceptions.GroupMismatchException: d99ff0d5-fc69-4ace-aa4c-ce8a85641abd: Group group-50480F738A16 not found.
	at org.apache.ratis.server.impl.RaftServerProxy.groupRemoveAsync(RaftServerProxy.java:502)
	at org.apache.ratis.server.impl.RaftServerProxy.groupManagementAsync(RaftServerProxy.java:458)
	at org.apache.ratis.server.impl.RaftServerProxy.groupManagement(RaftServerProxy.java:438)
	at org.apache.hadoop.ozone.container.common.transport.server.ratis.XceiverServerRatis.removeGroup(XceiverServerRatis.java:786)
	... 4 more
2021-01-10 09:03:38,496 [Command processor thread] WARN  server.RaftServer (RaftServerProxy.java:remove(101)) - d99ff0d5-fc69-4ace-aa4c-ce8a85641abd: does not contain group: group-61EC49544C04
2021-01-10 09:03:38,496 [Command processor thread] ERROR commandhandler.ClosePipelineCommandHandler (ClosePipelineCommandHandler.java:handle(78)) - Can't close pipeline PipelineID=b9f8cb9a-d08f-46fe-a23d-61ec49544c04
java.io.IOException: d99ff0d5-fc69-4ace-aa4c-ce8a85641abd: Group group-61EC49544C04 not found.
	at org.apache.hadoop.ozone.container.common.transport.server.ratis.XceiverServerRatis.removeGroup(XceiverServerRatis.java:788)
	at org.apache.hadoop.ozone.container.common.statemachine.commandhandler.ClosePipelineCommandHandler.handle(ClosePipelineCommandHandler.java:74)
	at org.apache.hadoop.ozone.container.common.statemachine.commandhandler.CommandDispatcher.handle(CommandDispatcher.java:99)
	at org.apache.hadoop.ozone.container.common.statemachine.DatanodeStateMachine.lambda$initCommandHandlerThread$2(DatanodeStateMachine.java:498)
	at java.lang.Thread.run(Thread.java:748)
Caused by: org.apache.ratis.protocol.exceptions.GroupMismatchException: d99ff0d5-fc69-4ace-aa4c-ce8a85641abd: Group group-61EC49544C04 not found.
	at org.apache.ratis.server.impl.RaftServerProxy.groupRemoveAsync(RaftServerProxy.java:502)
	at org.apache.ratis.server.impl.RaftServerProxy.groupManagementAsync(RaftServerProxy.java:458)
	at org.apache.ratis.server.impl.RaftServerProxy.groupManagement(RaftServerProxy.java:438)
	at org.apache.hadoop.ozone.container.common.transport.server.ratis.XceiverServerRatis.removeGroup(XceiverServerRatis.java:786)
	... 4 more
2021-01-10 09:03:38,496 [Command processor thread] WARN  server.RaftServer (RaftServerProxy.java:remove(101)) - d99ff0d5-fc69-4ace-aa4c-ce8a85641abd: does not contain group: group-50480F738A16
2021-01-10 09:03:38,496 [Command processor thread] ERROR commandhandler.ClosePipelineCommandHandler (ClosePipelineCommandHandler.java:handle(78)) - Can't close pipeline PipelineID=7f85cc11-4c61-4963-8417-50480f738a16
java.io.IOException: d99ff0d5-fc69-4ace-aa4c-ce8a85641abd: Group group-50480F738A16 not found.
	at org.apache.hadoop.ozone.container.common.transport.server.ratis.XceiverServerRatis.removeGroup(XceiverServerRatis.java:788)
	at org.apache.hadoop.ozone.container.common.statemachine.commandhandler.ClosePipelineCommandHandler.handle(ClosePipelineCommandHandler.java:74)
	at org.apache.hadoop.ozone.container.common.statemachine.commandhandler.CommandDispatcher.handle(CommandDispatcher.java:99)
	at org.apache.hadoop.ozone.container.common.statemachine.DatanodeStateMachine.lambda$initCommandHandlerThread$2(DatanodeStateMachine.java:498)
	at java.lang.Thread.run(Thread.java:748)
Caused by: org.apache.ratis.protocol.exceptions.GroupMismatchException: d99ff0d5-fc69-4ace-aa4c-ce8a85641abd: Group group-50480F738A16 not found.
	at org.apache.ratis.server.impl.RaftServerProxy.groupRemoveAsync(RaftServerProxy.java:502)
	at org.apache.ratis.server.impl.RaftServerProxy.groupManagementAsync(RaftServerProxy.java:458)
	at org.apache.ratis.server.impl.RaftServerProxy.groupManagement(RaftServerProxy.java:438)
	at org.apache.hadoop.ozone.container.common.transport.server.ratis.XceiverServerRatis.removeGroup(XceiverServerRatis.java:786)
	... 4 more
2021-01-10 09:03:38,497 [Command processor thread] WARN  server.RaftServer (RaftServerProxy.java:remove(101)) - d99ff0d5-fc69-4ace-aa4c-ce8a85641abd: does not contain group: group-61EC49544C04
2021-01-10 09:03:38,497 [Command processor thread] ERROR commandhandler.ClosePipelineCommandHandler (ClosePipelineCommandHandler.java:handle(78)) - Can't close pipeline PipelineID=b9f8cb9a-d08f-46fe-a23d-61ec49544c04
java.io.IOException: d99ff0d5-fc69-4ace-aa4c-ce8a85641abd: Group group-61EC49544C04 not found.
	at org.apache.hadoop.ozone.container.common.transport.server.ratis.XceiverServerRatis.removeGroup(XceiverServerRatis.java:788)
	at org.apache.hadoop.ozone.container.common.statemachine.commandhandler.ClosePipelineCommandHandler.handle(ClosePipelineCommandHandler.java:74)
	at org.apache.hadoop.ozone.container.common.statemachine.commandhandler.CommandDispatcher.handle(CommandDispatcher.java:99)
	at org.apache.hadoop.ozone.container.common.statemachine.DatanodeStateMachine.lambda$initCommandHandlerThread$2(DatanodeStateMachine.java:498)
	at java.lang.Thread.run(Thread.java:748)
Caused by: org.apache.ratis.protocol.exceptions.GroupMismatchException: d99ff0d5-fc69-4ace-aa4c-ce8a85641abd: Group group-61EC49544C04 not found.
	at org.apache.ratis.server.impl.RaftServerProxy.groupRemoveAsync(RaftServerProxy.java:502)
	at org.apache.ratis.server.impl.RaftServerProxy.groupManagementAsync(RaftServerProxy.java:458)
	at org.apache.ratis.server.impl.RaftServerProxy.groupManagement(RaftServerProxy.java:438)
	at org.apache.hadoop.ozone.container.common.transport.server.ratis.XceiverServerRatis.removeGroup(XceiverServerRatis.java:786)
	... 4 more
2021-01-10 09:03:38,497 [Command processor thread] WARN  server.RaftServer (RaftServerProxy.java:remove(101)) - c4191e53-aaca-4d42-9f72-dc45ebf47022: does not contain group: group-6BDB76157137
2021-01-10 09:03:38,497 [Command processor thread] WARN  server.RaftServer (RaftServerProxy.java:remove(101)) - d99ff0d5-fc69-4ace-aa4c-ce8a85641abd: does not contain group: group-50480F738A16
2021-01-10 09:03:38,497 [Command processor thread] ERROR commandhandler.ClosePipelineCommandHandler (ClosePipelineCommandHandler.java:handle(78)) - Can't close pipeline PipelineID=319c8b6e-21f4-42ad-8e65-6bdb76157137
java.io.IOException: c4191e53-aaca-4d42-9f72-dc45ebf47022: Group group-6BDB76157137 not found.
	at org.apache.hadoop.ozone.container.common.transport.server.ratis.XceiverServerRatis.removeGroup(XceiverServerRatis.java:788)
	at org.apache.hadoop.ozone.container.common.statemachine.commandhandler.ClosePipelineCommandHandler.handle(ClosePipelineCommandHandler.java:74)
	at org.apache.hadoop.ozone.container.common.statemachine.commandhandler.CommandDispatcher.handle(CommandDispatcher.java:99)
	at org.apache.hadoop.ozone.container.common.statemachine.DatanodeStateMachine.lambda$initCommandHandlerThread$2(DatanodeStateMachine.java:498)
	at java.lang.Thread.run(Thread.java:748)
Caused by: org.apache.ratis.protocol.exceptions.GroupMismatchException: c4191e53-aaca-4d42-9f72-dc45ebf47022: Group group-6BDB76157137 not found.
	at org.apache.ratis.server.impl.RaftServerProxy.groupRemoveAsync(RaftServerProxy.java:502)
	at org.apache.ratis.server.impl.RaftServerProxy.groupManagementAsync(RaftServerProxy.java:458)
	at org.apache.ratis.server.impl.RaftServerProxy.groupManagement(RaftServerProxy.java:438)
	at org.apache.hadoop.ozone.container.common.transport.server.ratis.XceiverServerRatis.removeGroup(XceiverServerRatis.java:786)
	... 4 more
2021-01-10 09:03:38,497 [Command processor thread] ERROR commandhandler.ClosePipelineCommandHandler (ClosePipelineCommandHandler.java:handle(78)) - Can't close pipeline PipelineID=7f85cc11-4c61-4963-8417-50480f738a16
java.io.IOException: d99ff0d5-fc69-4ace-aa4c-ce8a85641abd: Group group-50480F738A16 not found.
	at org.apache.hadoop.ozone.container.common.transport.server.ratis.XceiverServerRatis.removeGroup(XceiverServerRatis.java:788)
	at org.apache.hadoop.ozone.container.common.statemachine.commandhandler.ClosePipelineCommandHandler.handle(ClosePipelineCommandHandler.java:74)
	at org.apache.hadoop.ozone.container.common.statemachine.commandhandler.CommandDispatcher.handle(CommandDispatcher.java:99)
	at org.apache.hadoop.ozone.container.common.statemachine.DatanodeStateMachine.lambda$initCommandHandlerThread$2(DatanodeStateMachine.java:498)
	at java.lang.Thread.run(Thread.java:748)
Caused by: org.apache.ratis.protocol.exceptions.GroupMismatchException: d99ff0d5-fc69-4ace-aa4c-ce8a85641abd: Group group-50480F738A16 not found.
	at org.apache.ratis.server.impl.RaftServerProxy.groupRemoveAsync(RaftServerProxy.java:502)
	at org.apache.ratis.server.impl.RaftServerProxy.groupManagementAsync(RaftServerProxy.java:458)
	at org.apache.ratis.server.impl.RaftServerProxy.groupManagement(RaftServerProxy.java:438)
	at org.apache.hadoop.ozone.container.common.transport.server.ratis.XceiverServerRatis.removeGroup(XceiverServerRatis.java:786)
	... 4 more
2021-01-10 09:03:38,501 [Command processor thread] WARN  server.RaftServer (RaftServerProxy.java:remove(101)) - c4191e53-aaca-4d42-9f72-dc45ebf47022: does not contain group: group-61EC49544C04
2021-01-10 09:03:38,502 [Command processor thread] ERROR commandhandler.ClosePipelineCommandHandler (ClosePipelineCommandHandler.java:handle(78)) - Can't close pipeline PipelineID=b9f8cb9a-d08f-46fe-a23d-61ec49544c04
java.io.IOException: c4191e53-aaca-4d42-9f72-dc45ebf47022: Group group-61EC49544C04 not found.
	at org.apache.hadoop.ozone.container.common.transport.server.ratis.XceiverServerRatis.removeGroup(XceiverServerRatis.java:788)
	at org.apache.hadoop.ozone.container.common.statemachine.commandhandler.ClosePipelineCommandHandler.handle(ClosePipelineCommandHandler.java:74)
	at org.apache.hadoop.ozone.container.common.statemachine.commandhandler.CommandDispatcher.handle(CommandDispatcher.java:99)
	at org.apache.hadoop.ozone.container.common.statemachine.DatanodeStateMachine.lambda$initCommandHandlerThread$2(DatanodeStateMachine.java:498)
	at java.lang.Thread.run(Thread.java:748)
Caused by: org.apache.ratis.protocol.exceptions.GroupMismatchException: c4191e53-aaca-4d42-9f72-dc45ebf47022: Group group-61EC49544C04 not found.
	at org.apache.ratis.server.impl.RaftServerProxy.groupRemoveAsync(RaftServerProxy.java:502)
	at org.apache.ratis.server.impl.RaftServerProxy.groupManagementAsync(RaftServerProxy.java:458)
	at org.apache.ratis.server.impl.RaftServerProxy.groupManagement(RaftServerProxy.java:438)
	at org.apache.hadoop.ozone.container.common.transport.server.ratis.XceiverServerRatis.removeGroup(XceiverServerRatis.java:786)
	... 4 more
2021-01-10 09:03:38,502 [Command processor thread] WARN  server.RaftServer (RaftServerProxy.java:remove(101)) - c4191e53-aaca-4d42-9f72-dc45ebf47022: does not contain group: group-6BDB76157137
2021-01-10 09:03:38,502 [Command processor thread] ERROR commandhandler.ClosePipelineCommandHandler (ClosePipelineCommandHandler.java:handle(78)) - Can't close pipeline PipelineID=319c8b6e-21f4-42ad-8e65-6bdb76157137
java.io.IOException: c4191e53-aaca-4d42-9f72-dc45ebf47022: Group group-6BDB76157137 not found.
	at org.apache.hadoop.ozone.container.common.transport.server.ratis.XceiverServerRatis.removeGroup(XceiverServerRatis.java:788)
	at org.apache.hadoop.ozone.container.common.statemachine.commandhandler.ClosePipelineCommandHandler.handle(ClosePipelineCommandHandler.java:74)
	at org.apache.hadoop.ozone.container.common.statemachine.commandhandler.CommandDispatcher.handle(CommandDispatcher.java:99)
	at org.apache.hadoop.ozone.container.common.statemachine.DatanodeStateMachine.lambda$initCommandHandlerThread$2(DatanodeStateMachine.java:498)
	at java.lang.Thread.run(Thread.java:748)
Caused by: org.apache.ratis.protocol.exceptions.GroupMismatchException: c4191e53-aaca-4d42-9f72-dc45ebf47022: Group group-6BDB76157137 not found.
	at org.apache.ratis.server.impl.RaftServerProxy.groupRemoveAsync(RaftServerProxy.java:502)
	at org.apache.ratis.server.impl.RaftServerProxy.groupManagementAsync(RaftServerProxy.java:458)
	at org.apache.ratis.server.impl.RaftServerProxy.groupManagement(RaftServerProxy.java:438)
	at org.apache.hadoop.ozone.container.common.transport.server.ratis.XceiverServerRatis.removeGroup(XceiverServerRatis.java:786)
	... 4 more
2021-01-10 09:03:38,502 [Command processor thread] WARN  server.RaftServer (RaftServerProxy.java:remove(101)) - d99ff0d5-fc69-4ace-aa4c-ce8a85641abd: does not contain group: group-61EC49544C04
2021-01-10 09:03:38,503 [Command processor thread] ERROR commandhandler.ClosePipelineCommandHandler (ClosePipelineCommandHandler.java:handle(78)) - Can't close pipeline PipelineID=b9f8cb9a-d08f-46fe-a23d-61ec49544c04
java.io.IOException: d99ff0d5-fc69-4ace-aa4c-ce8a85641abd: Group group-61EC49544C04 not found.
	at org.apache.hadoop.ozone.container.common.transport.server.ratis.XceiverServerRatis.removeGroup(XceiverServerRatis.java:788)
	at org.apache.hadoop.ozone.container.common.statemachine.commandhandler.ClosePipelineCommandHandler.handle(ClosePipelineCommandHandler.java:74)
	at org.apache.hadoop.ozone.container.common.statemachine.commandhandler.CommandDispatcher.handle(CommandDispatcher.java:99)
	at org.apache.hadoop.ozone.container.common.statemachine.DatanodeStateMachine.lambda$initCommandHandlerThread$2(DatanodeStateMachine.java:498)
	at java.lang.Thread.run(Thread.java:748)
Caused by: org.apache.ratis.protocol.exceptions.GroupMismatchException: d99ff0d5-fc69-4ace-aa4c-ce8a85641abd: Group group-61EC49544C04 not found.
	at org.apache.ratis.server.impl.RaftServerProxy.groupRemoveAsync(RaftServerProxy.java:502)
	at org.apache.ratis.server.impl.RaftServerProxy.groupManagementAsync(RaftServerProxy.java:458)
	at org.apache.ratis.server.impl.RaftServerProxy.groupManagement(RaftServerProxy.java:438)
	at org.apache.hadoop.ozone.container.common.transport.server.ratis.XceiverServerRatis.removeGroup(XceiverServerRatis.java:786)
	... 4 more
2021-01-10 09:03:38,503 [Command processor thread] WARN  server.RaftServer (RaftServerProxy.java:remove(101)) - d99ff0d5-fc69-4ace-aa4c-ce8a85641abd: does not contain group: group-50480F738A16
2021-01-10 09:03:38,503 [Command processor thread] ERROR commandhandler.ClosePipelineCommandHandler (ClosePipelineCommandHandler.java:handle(78)) - Can't close pipeline PipelineID=7f85cc11-4c61-4963-8417-50480f738a16
java.io.IOException: d99ff0d5-fc69-4ace-aa4c-ce8a85641abd: Group group-50480F738A16 not found.
	at org.apache.hadoop.ozone.container.common.transport.server.ratis.XceiverServerRatis.removeGroup(XceiverServerRatis.java:788)
	at org.apache.hadoop.ozone.container.common.statemachine.commandhandler.ClosePipelineCommandHandler.handle(ClosePipelineCommandHandler.java:74)
	at org.apache.hadoop.ozone.container.common.statemachine.commandhandler.CommandDispatcher.handle(CommandDispatcher.java:99)
	at org.apache.hadoop.ozone.container.common.statemachine.DatanodeStateMachine.lambda$initCommandHandlerThread$2(DatanodeStateMachine.java:498)
	at java.lang.Thread.run(Thread.java:748)
Caused by: org.apache.ratis.protocol.exceptions.GroupMismatchException: d99ff0d5-fc69-4ace-aa4c-ce8a85641abd: Group group-50480F738A16 not found.
	at org.apache.ratis.server.impl.RaftServerProxy.groupRemoveAsync(RaftServerProxy.java:502)
	at org.apache.ratis.server.impl.RaftServerProxy.groupManagementAsync(RaftServerProxy.java:458)
	at org.apache.ratis.server.impl.RaftServerProxy.groupManagement(RaftServerProxy.java:438)
	at org.apache.hadoop.ozone.container.common.transport.server.ratis.XceiverServerRatis.removeGroup(XceiverServerRatis.java:786)
	... 4 more
2021-01-10 09:03:38,507 [Command processor thread] WARN  server.RaftServer (RaftServerProxy.java:remove(101)) - d99ff0d5-fc69-4ace-aa4c-ce8a85641abd: does not contain group: group-61EC49544C04
2021-01-10 09:03:38,511 [Command processor thread] ERROR commandhandler.ClosePipelineCommandHandler (ClosePipelineCommandHandler.java:handle(78)) - Can't close pipeline PipelineID=b9f8cb9a-d08f-46fe-a23d-61ec49544c04
java.io.IOException: d99ff0d5-fc69-4ace-aa4c-ce8a85641abd: Group group-61EC49544C04 not found.
	at org.apache.hadoop.ozone.container.common.transport.server.ratis.XceiverServerRatis.removeGroup(XceiverServerRatis.java:788)
	at org.apache.hadoop.ozone.container.common.statemachine.commandhandler.ClosePipelineCommandHandler.handle(ClosePipelineCommandHandler.java:74)
	at org.apache.hadoop.ozone.container.common.statemachine.commandhandler.CommandDispatcher.handle(CommandDispatcher.java:99)
	at org.apache.hadoop.ozone.container.common.statemachine.DatanodeStateMachine.lambda$initCommandHandlerThread$2(DatanodeStateMachine.java:498)
	at java.lang.Thread.run(Thread.java:748)
Caused by: org.apache.ratis.protocol.exceptions.GroupMismatchException: d99ff0d5-fc69-4ace-aa4c-ce8a85641abd: Group group-61EC49544C04 not found.
	at org.apache.ratis.server.impl.RaftServerProxy.groupRemoveAsync(RaftServerProxy.java:502)
	at org.apache.ratis.server.impl.RaftServerProxy.groupManagementAsync(RaftServerProxy.java:458)
	at org.apache.ratis.server.impl.RaftServerProxy.groupManagement(RaftServerProxy.java:438)
	at org.apache.hadoop.ozone.container.common.transport.server.ratis.XceiverServerRatis.removeGroup(XceiverServerRatis.java:786)
	... 4 more
2021-01-10 09:03:38,511 [Command processor thread] WARN  server.RaftServer (RaftServerProxy.java:remove(101)) - d99ff0d5-fc69-4ace-aa4c-ce8a85641abd: does not contain group: group-50480F738A16
2021-01-10 09:03:38,511 [Command processor thread] ERROR commandhandler.ClosePipelineCommandHandler (ClosePipelineCommandHandler.java:handle(78)) - Can't close pipeline PipelineID=7f85cc11-4c61-4963-8417-50480f738a16
java.io.IOException: d99ff0d5-fc69-4ace-aa4c-ce8a85641abd: Group group-50480F738A16 not found.
	at org.apache.hadoop.ozone.container.common.transport.server.ratis.XceiverServerRatis.removeGroup(XceiverServerRatis.java:788)
	at org.apache.hadoop.ozone.container.common.statemachine.commandhandler.ClosePipelineCommandHandler.handle(ClosePipelineCommandHandler.java:74)
	at org.apache.hadoop.ozone.container.common.statemachine.commandhandler.CommandDispatcher.handle(CommandDispatcher.java:99)
	at org.apache.hadoop.ozone.container.common.statemachine.DatanodeStateMachine.lambda$initCommandHandlerThread$2(DatanodeStateMachine.java:498)
	at java.lang.Thread.run(Thread.java:748)
Caused by: org.apache.ratis.protocol.exceptions.GroupMismatchException: d99ff0d5-fc69-4ace-aa4c-ce8a85641abd: Group group-50480F738A16 not found.
	at org.apache.ratis.server.impl.RaftServerProxy.groupRemoveAsync(RaftServerProxy.java:502)
	at org.apache.ratis.server.impl.RaftServerProxy.groupManagementAsync(RaftServerProxy.java:458)
	at org.apache.ratis.server.impl.RaftServerProxy.groupManagement(RaftServerProxy.java:438)
	at org.apache.hadoop.ozone.container.common.transport.server.ratis.XceiverServerRatis.removeGroup(XceiverServerRatis.java:786)
	... 4 more
2021-01-10 09:03:38,577 [DatanodeAdminManager-0] INFO  node.DatanodeAdminMonitorImpl (DatanodeAdminMonitorImpl.java:checkContainersReplicatedOnNode(297)) - 639a72ac-1b67-44d2-8fbe-212b735275e2{ip: 172.17.0.2, host: 84bc77fe8d45, networkLocation: /default-rack, certSerialId: null, persistedOpState: ENTERING_MAINTENANCE, persistedOpStateExpiryEpochSec: 0} has 3 sufficientlyReplicated, 0 underReplicated and 3 unhealthy containers
2021-01-10 09:03:38,578 [DatanodeAdminManager-0] INFO  node.DatanodeAdminMonitorImpl (DatanodeAdminMonitorImpl.java:run(136)) - There are 3 nodes tracked for decommission and maintenance. 0 pending nodes.
2021-01-10 09:03:38,805 [Thread-1020] INFO  impl.FollowerState (FollowerState.java:run(133)) - d14351cf-a37f-45f4-ac3c-40eb157d2fdf@group-33411980B3FD-FollowerState: change to CANDIDATE, lastRpcElapsedTime:5035006916ns, electionTimeout:5026ms
2021-01-10 09:03:38,806 [Thread-1020] INFO  impl.RoleInfo (RoleInfo.java:shutdownFollowerState(108)) - d14351cf-a37f-45f4-ac3c-40eb157d2fdf: shutdown d14351cf-a37f-45f4-ac3c-40eb157d2fdf@group-33411980B3FD-FollowerState
2021-01-10 09:03:38,806 [Thread-1020] INFO  server.RaftServer$Division (RaftServerImpl.java:setRole(283)) - d14351cf-a37f-45f4-ac3c-40eb157d2fdf@group-33411980B3FD: changes role from  FOLLOWER to CANDIDATE at term 0 for changeToCandidate
2021-01-10 09:03:38,806 [Thread-1020] INFO  impl.RoleInfo (RoleInfo.java:updateAndGet(130)) - d14351cf-a37f-45f4-ac3c-40eb157d2fdf: start d14351cf-a37f-45f4-ac3c-40eb157d2fdf@group-33411980B3FD-LeaderElection16
2021-01-10 09:03:38,815 [d14351cf-a37f-45f4-ac3c-40eb157d2fdf@group-33411980B3FD-LeaderElection16] INFO  impl.LeaderElection (LeaderElection.java:askForPreVotes(259)) - d14351cf-a37f-45f4-ac3c-40eb157d2fdf@group-33411980B3FD-LeaderElection16: begin a pre-vote at term 0 for -1: [d14351cf-a37f-45f4-ac3c-40eb157d2fdf|rpc:172.17.0.2:35489|priority:1, 4f04bfaa-b5ee-4e84-baf7-1b8b2eccc1ea|rpc:172.17.0.2:44143|priority:0, ea22bb70-1677-4cc0-852f-01c880e0a945|rpc:172.17.0.2:35183|priority:0], old=null
2021-01-10 09:03:38,828 [grpc-default-executor-2] INFO  server.RaftServer$Division (RaftServerImpl.java:requestPreVote(1060)) - 4f04bfaa-b5ee-4e84-baf7-1b8b2eccc1ea@group-33411980B3FD: receive preVote(d14351cf-a37f-45f4-ac3c-40eb157d2fdf, group-33411980B3FD, 0, (t:0, i:0))
2021-01-10 09:03:38,828 [grpc-default-executor-2] INFO  server.RaftServer$Division (RaftServerImpl.java:requestPreVote(1081)) - 4f04bfaa-b5ee-4e84-baf7-1b8b2eccc1ea@group-33411980B3FD role: FOLLOWER allow pre-vote from:d14351cf-a37f-45f4-ac3c-40eb157d2fdf
2021-01-10 09:03:38,828 [grpc-default-executor-2] INFO  server.RaftServer$Division (RaftServerImpl.java:requestPreVote(1099)) - 4f04bfaa-b5ee-4e84-baf7-1b8b2eccc1ea@group-33411980B3FD replies to pre-vote request: d14351cf-a37f-45f4-ac3c-40eb157d2fdf<-4f04bfaa-b5ee-4e84-baf7-1b8b2eccc1ea#0:OK-t0. Peer's state: 4f04bfaa-b5ee-4e84-baf7-1b8b2eccc1ea@group-33411980B3FD:t0, leader=null, voted=, raftlog=4f04bfaa-b5ee-4e84-baf7-1b8b2eccc1ea@group-33411980B3FD-SegmentedRaftLog:OPENED:c-1,f-1,i0, conf=-1: [d14351cf-a37f-45f4-ac3c-40eb157d2fdf|rpc:172.17.0.2:35489|dataStream:|priority:1, 4f04bfaa-b5ee-4e84-baf7-1b8b2eccc1ea|rpc:172.17.0.2:44143|dataStream:|priority:0, ea22bb70-1677-4cc0-852f-01c880e0a945|rpc:172.17.0.2:35183|dataStream:|priority:0], old=null
2021-01-10 09:03:38,835 [d14351cf-a37f-45f4-ac3c-40eb157d2fdf@group-33411980B3FD-LeaderElection16] INFO  impl.LeaderElection (LeaderElection.java:logAndReturn(68)) - d14351cf-a37f-45f4-ac3c-40eb157d2fdf@group-33411980B3FD-LeaderElection16: Pre-vote  PASSED received 1 response(s):[d14351cf-a37f-45f4-ac3c-40eb157d2fdf<-4f04bfaa-b5ee-4e84-baf7-1b8b2eccc1ea#0:OK-t0]
2021-01-10 09:03:38,835 [d14351cf-a37f-45f4-ac3c-40eb157d2fdf@group-33411980B3FD-LeaderElection16] INFO  impl.LeaderElection (LeaderElection.java:askForPreVotes(261)) - d14351cf-a37f-45f4-ac3c-40eb157d2fdf@group-33411980B3FD-LeaderElection16 pre-vote result is PASSED.
2021-01-10 09:03:38,836 [grpc-default-executor-2] INFO  server.RaftServer$Division (RaftServerImpl.java:requestPreVote(1060)) - ea22bb70-1677-4cc0-852f-01c880e0a945@group-33411980B3FD: receive preVote(d14351cf-a37f-45f4-ac3c-40eb157d2fdf, group-33411980B3FD, 0, (t:0, i:0))
2021-01-10 09:03:38,837 [grpc-default-executor-2] INFO  server.RaftServer$Division (RaftServerImpl.java:requestPreVote(1081)) - ea22bb70-1677-4cc0-852f-01c880e0a945@group-33411980B3FD role: FOLLOWER allow pre-vote from:d14351cf-a37f-45f4-ac3c-40eb157d2fdf
2021-01-10 09:03:38,837 [grpc-default-executor-2] INFO  server.RaftServer$Division (RaftServerImpl.java:requestPreVote(1099)) - ea22bb70-1677-4cc0-852f-01c880e0a945@group-33411980B3FD replies to pre-vote request: d14351cf-a37f-45f4-ac3c-40eb157d2fdf<-ea22bb70-1677-4cc0-852f-01c880e0a945#0:OK-t0. Peer's state: ea22bb70-1677-4cc0-852f-01c880e0a945@group-33411980B3FD:t0, leader=null, voted=, raftlog=ea22bb70-1677-4cc0-852f-01c880e0a945@group-33411980B3FD-SegmentedRaftLog:OPENED:c-1,f-1,i0, conf=-1: [d14351cf-a37f-45f4-ac3c-40eb157d2fdf|rpc:172.17.0.2:35489|dataStream:|priority:1, 4f04bfaa-b5ee-4e84-baf7-1b8b2eccc1ea|rpc:172.17.0.2:44143|dataStream:|priority:0, ea22bb70-1677-4cc0-852f-01c880e0a945|rpc:172.17.0.2:35183|dataStream:|priority:0], old=null
2021-01-10 09:03:38,837 [d14351cf-a37f-45f4-ac3c-40eb157d2fdf@group-33411980B3FD-LeaderElection16] INFO  impl.LeaderElection (LeaderElection.java:askForVotes(308)) - d14351cf-a37f-45f4-ac3c-40eb157d2fdf@group-33411980B3FD-LeaderElection16: begin an election at term 1 for -1: [d14351cf-a37f-45f4-ac3c-40eb157d2fdf|rpc:172.17.0.2:35489|priority:1, 4f04bfaa-b5ee-4e84-baf7-1b8b2eccc1ea|rpc:172.17.0.2:44143|priority:0, ea22bb70-1677-4cc0-852f-01c880e0a945|rpc:172.17.0.2:35183|priority:0], old=null
2021-01-10 09:03:38,847 [grpc-default-executor-2] INFO  server.RaftServer$Division (RaftServerImpl.java:setRole(283)) - 4f04bfaa-b5ee-4e84-baf7-1b8b2eccc1ea@group-33411980B3FD: changes role from  FOLLOWER to FOLLOWER at term 1 for recognizeCandidate:d14351cf-a37f-45f4-ac3c-40eb157d2fdf
2021-01-10 09:03:38,848 [grpc-default-executor-2] INFO  impl.RoleInfo (RoleInfo.java:shutdownFollowerState(108)) - 4f04bfaa-b5ee-4e84-baf7-1b8b2eccc1ea: shutdown 4f04bfaa-b5ee-4e84-baf7-1b8b2eccc1ea@group-33411980B3FD-FollowerState
2021-01-10 09:03:38,848 [grpc-default-executor-2] INFO  impl.RoleInfo (RoleInfo.java:updateAndGet(130)) - 4f04bfaa-b5ee-4e84-baf7-1b8b2eccc1ea: start 4f04bfaa-b5ee-4e84-baf7-1b8b2eccc1ea@group-33411980B3FD-FollowerState
2021-01-10 09:03:38,848 [Thread-1059] INFO  impl.FollowerState (FollowerState.java:run(142)) - 4f04bfaa-b5ee-4e84-baf7-1b8b2eccc1ea@group-33411980B3FD-FollowerState was interrupted: {}
java.lang.InterruptedException: sleep interrupted
	at java.lang.Thread.sleep(Native Method)
	at java.lang.Thread.sleep(Thread.java:340)
	at java.util.concurrent.TimeUnit.sleep(TimeUnit.java:386)
	at org.apache.ratis.util.TimeDuration.sleep(TimeDuration.java:324)
	at org.apache.ratis.util.TimeDuration.sleep(TimeDuration.java:309)
	at org.apache.ratis.server.impl.FollowerState.run(FollowerState.java:117)
2021-01-10 09:03:38,849 [grpc-default-executor-2] INFO  server.RaftServer$Division (RaftServerImpl.java:requestVote(1137)) -  FOLLOWER 4f04bfaa-b5ee-4e84-baf7-1b8b2eccc1ea@group-33411980B3FD:t1, leader=null, voted=null, raftlog=4f04bfaa-b5ee-4e84-baf7-1b8b2eccc1ea@group-33411980B3FD-SegmentedRaftLog:OPENED:c-1,f-1,i0, conf=-1: [d14351cf-a37f-45f4-ac3c-40eb157d2fdf|rpc:172.17.0.2:35489|dataStream:|priority:1, 4f04bfaa-b5ee-4e84-baf7-1b8b2eccc1ea|rpc:172.17.0.2:44143|dataStream:|priority:0, ea22bb70-1677-4cc0-852f-01c880e0a945|rpc:172.17.0.2:35183|dataStream:|priority:0], old=null RUNNING priority:0 candidate:d14351cf-a37f-45f4-ac3c-40eb157d2fdf|rpc:172.17.0.2:35489|dataStream:|priority:1 candidatePriority:1 compare:0
2021-01-10 09:03:38,852 [grpc-default-executor-4] INFO  server.RaftServer$Division (RaftServerImpl.java:setRole(283)) - ea22bb70-1677-4cc0-852f-01c880e0a945@group-33411980B3FD: changes role from  FOLLOWER to FOLLOWER at term 1 for recognizeCandidate:d14351cf-a37f-45f4-ac3c-40eb157d2fdf
2021-01-10 09:03:38,852 [grpc-default-executor-4] INFO  impl.RoleInfo (RoleInfo.java:shutdownFollowerState(108)) - ea22bb70-1677-4cc0-852f-01c880e0a945: shutdown ea22bb70-1677-4cc0-852f-01c880e0a945@group-33411980B3FD-FollowerState
2021-01-10 09:03:38,852 [grpc-default-executor-4] INFO  impl.RoleInfo (RoleInfo.java:updateAndGet(130)) - ea22bb70-1677-4cc0-852f-01c880e0a945: start ea22bb70-1677-4cc0-852f-01c880e0a945@group-33411980B3FD-FollowerState
2021-01-10 09:03:38,852 [grpc-default-executor-4] INFO  server.RaftServer$Division (RaftServerImpl.java:requestVote(1137)) -  FOLLOWER ea22bb70-1677-4cc0-852f-01c880e0a945@group-33411980B3FD:t1, leader=null, voted=null, raftlog=ea22bb70-1677-4cc0-852f-01c880e0a945@group-33411980B3FD-SegmentedRaftLog:OPENED:c-1,f-1,i0, conf=-1: [d14351cf-a37f-45f4-ac3c-40eb157d2fdf|rpc:172.17.0.2:35489|dataStream:|priority:1, 4f04bfaa-b5ee-4e84-baf7-1b8b2eccc1ea|rpc:172.17.0.2:44143|dataStream:|priority:0, ea22bb70-1677-4cc0-852f-01c880e0a945|rpc:172.17.0.2:35183|dataStream:|priority:0], old=null RUNNING priority:0 candidate:d14351cf-a37f-45f4-ac3c-40eb157d2fdf|rpc:172.17.0.2:35489|dataStream:|priority:1 candidatePriority:1 compare:0
2021-01-10 09:03:38,852 [Thread-1041] INFO  impl.FollowerState (FollowerState.java:run(142)) - ea22bb70-1677-4cc0-852f-01c880e0a945@group-33411980B3FD-FollowerState was interrupted: {}
java.lang.InterruptedException: sleep interrupted
	at java.lang.Thread.sleep(Native Method)
	at java.lang.Thread.sleep(Thread.java:340)
	at java.util.concurrent.TimeUnit.sleep(TimeUnit.java:386)
	at org.apache.ratis.util.TimeDuration.sleep(TimeDuration.java:324)
	at org.apache.ratis.util.TimeDuration.sleep(TimeDuration.java:309)
	at org.apache.ratis.server.impl.FollowerState.run(FollowerState.java:117)
2021-01-10 09:03:38,854 [d14351cf-a37f-45f4-ac3c-40eb157d2fdf@group-33411980B3FD-LeaderElection16] INFO  impl.LeaderElection (LeaderElection.java:logAndReturn(68)) - d14351cf-a37f-45f4-ac3c-40eb157d2fdf@group-33411980B3FD-LeaderElection16: Election  PASSED received 1 response(s):[d14351cf-a37f-45f4-ac3c-40eb157d2fdf<-4f04bfaa-b5ee-4e84-baf7-1b8b2eccc1ea#0:OK-t1]
2021-01-10 09:03:38,856 [d14351cf-a37f-45f4-ac3c-40eb157d2fdf@group-33411980B3FD-LeaderElection16] INFO  impl.RoleInfo (RoleInfo.java:shutdownLeaderElection(121)) - d14351cf-a37f-45f4-ac3c-40eb157d2fdf: shutdown d14351cf-a37f-45f4-ac3c-40eb157d2fdf@group-33411980B3FD-LeaderElection16
2021-01-10 09:03:38,856 [d14351cf-a37f-45f4-ac3c-40eb157d2fdf@group-33411980B3FD-LeaderElection16] INFO  server.RaftServer$Division (RaftServerImpl.java:setRole(283)) - d14351cf-a37f-45f4-ac3c-40eb157d2fdf@group-33411980B3FD: changes role from CANDIDATE to LEADER at term 1 for changeToLeader
2021-01-10 09:03:38,856 [d14351cf-a37f-45f4-ac3c-40eb157d2fdf@group-33411980B3FD-LeaderElection16] INFO  ratis.XceiverServerRatis (XceiverServerRatis.java:handleLeaderChangedNotification(868)) - Leader change notification received for group: group-33411980B3FD with new leaderId: d14351cf-a37f-45f4-ac3c-40eb157d2fdf
2021-01-10 09:03:38,856 [d14351cf-a37f-45f4-ac3c-40eb157d2fdf@group-33411980B3FD-LeaderElection16] INFO  server.RaftServer$Division (ServerState.java:setLeader(249)) - d14351cf-a37f-45f4-ac3c-40eb157d2fdf@group-33411980B3FD: change Leader from null to d14351cf-a37f-45f4-ac3c-40eb157d2fdf at term 1 for becomeLeader, leader elected after 5112ms
2021-01-10 09:03:38,856 [d14351cf-a37f-45f4-ac3c-40eb157d2fdf@group-33411980B3FD-LeaderElection16] INFO  server.RaftServerConfigKeys (ConfUtils.java:logGet(44)) - raft.server.staging.catchup.gap = 1000 (default)
2021-01-10 09:03:38,856 [d14351cf-a37f-45f4-ac3c-40eb157d2fdf@group-33411980B3FD-LeaderElection16] INFO  metrics.RatisMetrics (RatisMetrics.java:lambda$create$0(36)) - Creating Metrics Registry : ratis.log_appender.d14351cf-a37f-45f4-ac3c-40eb157d2fdf@group-33411980B3FD
2021-01-10 09:03:38,856 [d14351cf-a37f-45f4-ac3c-40eb157d2fdf@group-33411980B3FD-LeaderElection16] INFO  server.RaftServerConfigKeys (ConfUtils.java:logGet(44)) - raft.server.write.element-limit = 1024 (custom)
2021-01-10 09:03:38,856 [d14351cf-a37f-45f4-ac3c-40eb157d2fdf@group-33411980B3FD-LeaderElection16] INFO  server.RaftServerConfigKeys (ConfUtils.java:logGet(44)) - raft.server.write.byte-limit = 1073741824 (custom)
2021-01-10 09:03:38,857 [d14351cf-a37f-45f4-ac3c-40eb157d2fdf@group-33411980B3FD-LeaderElection16] INFO  server.RaftServerConfigKeys (ConfUtils.java:logGet(44)) - raft.server.watch.timeout = 180s (custom)
2021-01-10 09:03:38,857 [d14351cf-a37f-45f4-ac3c-40eb157d2fdf@group-33411980B3FD-LeaderElection16] INFO  server.RaftServerConfigKeys (ConfUtils.java:logGet(44)) - raft.server.watch.timeout.denomination = 1s (default)
2021-01-10 09:03:38,857 [d14351cf-a37f-45f4-ac3c-40eb157d2fdf@group-33411980B3FD-LeaderElection16] INFO  server.RaftServerConfigKeys (ConfUtils.java:logGet(44)) - raft.server.watch.element-limit = 65536 (default)
2021-01-10 09:03:38,857 [d14351cf-a37f-45f4-ac3c-40eb157d2fdf@group-33411980B3FD-LeaderElection16] INFO  server.RaftServerConfigKeys (ConfUtils.java:logGet(44)) - raft.server.log.appender.snapshot.chunk.size.max = 16MB (=16777216) (default)
2021-01-10 09:03:38,858 [d14351cf-a37f-45f4-ac3c-40eb157d2fdf@group-33411980B3FD-LeaderElection16] INFO  server.RaftServerConfigKeys (ConfUtils.java:logGet(44)) - raft.server.log.appender.buffer.byte-limit = 33554432 (custom)
2021-01-10 09:03:38,858 [d14351cf-a37f-45f4-ac3c-40eb157d2fdf@group-33411980B3FD-LeaderElection16] INFO  server.RaftServerConfigKeys (ConfUtils.java:logGet(44)) - raft.server.log.appender.buffer.element-limit = 1 (custom)
2021-01-10 09:03:38,858 [d14351cf-a37f-45f4-ac3c-40eb157d2fdf@group-33411980B3FD-LeaderElection16] INFO  grpc.GrpcConfigKeys (ConfUtils.java:logGet(44)) - raft.grpc.server.leader.outstanding.appends.max = 128 (default)
2021-01-10 09:03:38,858 [d14351cf-a37f-45f4-ac3c-40eb157d2fdf@group-33411980B3FD-LeaderElection16] INFO  server.RaftServerConfigKeys (ConfUtils.java:logGet(44)) - raft.server.rpc.request.timeout = 60s (custom)
2021-01-10 09:03:38,858 [d14351cf-a37f-45f4-ac3c-40eb157d2fdf@group-33411980B3FD-LeaderElection16] INFO  server.RaftServerConfigKeys (ConfUtils.java:logGet(44)) - raft.server.log.appender.install.snapshot.enabled = false (custom)
2021-01-10 09:03:38,858 [d14351cf-a37f-45f4-ac3c-40eb157d2fdf@group-33411980B3FD-LeaderElection16] INFO  metrics.RatisMetrics (RatisMetrics.java:lambda$create$0(36)) - Creating Metrics Registry : ratis_grpc.log_appender.d14351cf-a37f-45f4-ac3c-40eb157d2fdf@group-33411980B3FD
2021-01-10 09:03:38,859 [EventQueue-PipelineReportForPipelineReportHandler] INFO  pipeline.PipelineStateManager (PipelineStateManager.java:openPipeline(132)) - Pipeline Pipeline[ Id: 07b4a9a4-d4e8-4fe2-8162-33411980b3fd, Nodes: d14351cf-a37f-45f4-ac3c-40eb157d2fdf{ip: 172.17.0.2, host: 84bc77fe8d45, networkLocation: /default-rack, certSerialId: null, persistedOpState: IN_SERVICE, persistedOpStateExpiryEpochSec: 0}ea22bb70-1677-4cc0-852f-01c880e0a945{ip: 172.17.0.2, host: 84bc77fe8d45, networkLocation: /default-rack, certSerialId: null, persistedOpState: IN_SERVICE, persistedOpStateExpiryEpochSec: 0}4f04bfaa-b5ee-4e84-baf7-1b8b2eccc1ea{ip: 172.17.0.2, host: 84bc77fe8d45, networkLocation: /default-rack, certSerialId: null, persistedOpState: IN_SERVICE, persistedOpStateExpiryEpochSec: 0}, Type:RATIS, Factor:THREE, State:ALLOCATED, leaderId:d14351cf-a37f-45f4-ac3c-40eb157d2fdf, CreationTimestamp2021-01-10T09:03:32.137Z] moved to OPEN state
2021-01-10 09:03:38,860 [d14351cf-a37f-45f4-ac3c-40eb157d2fdf@group-33411980B3FD-LeaderElection16] INFO  server.RaftServerConfigKeys (ConfUtils.java:logGet(44)) - raft.server.log.appender.snapshot.chunk.size.max = 16MB (=16777216) (default)
2021-01-10 09:03:38,860 [d14351cf-a37f-45f4-ac3c-40eb157d2fdf@group-33411980B3FD-LeaderElection16] INFO  server.RaftServerConfigKeys (ConfUtils.java:logGet(44)) - raft.server.log.appender.buffer.byte-limit = 33554432 (custom)
2021-01-10 09:03:38,860 [d14351cf-a37f-45f4-ac3c-40eb157d2fdf@group-33411980B3FD-LeaderElection16] INFO  server.RaftServerConfigKeys (ConfUtils.java:logGet(44)) - raft.server.log.appender.buffer.element-limit = 1 (custom)
2021-01-10 09:03:38,860 [d14351cf-a37f-45f4-ac3c-40eb157d2fdf@group-33411980B3FD-LeaderElection16] INFO  grpc.GrpcConfigKeys (ConfUtils.java:logGet(44)) - raft.grpc.server.leader.outstanding.appends.max = 128 (default)
2021-01-10 09:03:38,860 [d14351cf-a37f-45f4-ac3c-40eb157d2fdf@group-33411980B3FD-LeaderElection16] INFO  server.RaftServerConfigKeys (ConfUtils.java:logGet(44)) - raft.server.rpc.request.timeout = 60s (custom)
2021-01-10 09:03:38,860 [d14351cf-a37f-45f4-ac3c-40eb157d2fdf@group-33411980B3FD-LeaderElection16] INFO  server.RaftServerConfigKeys (ConfUtils.java:logGet(44)) - raft.server.log.appender.install.snapshot.enabled = false (custom)
2021-01-10 09:03:38,861 [d14351cf-a37f-45f4-ac3c-40eb157d2fdf@group-33411980B3FD-LeaderElection16] INFO  impl.RoleInfo (RoleInfo.java:updateAndGet(130)) - d14351cf-a37f-45f4-ac3c-40eb157d2fdf: start d14351cf-a37f-45f4-ac3c-40eb157d2fdf@group-33411980B3FD-LeaderStateImpl
2021-01-10 09:03:38,861 [d14351cf-a37f-45f4-ac3c-40eb157d2fdf@group-33411980B3FD-LeaderElection16] INFO  segmented.SegmentedRaftLogWorker (SegmentedRaftLogWorker.java:startLogSegment(392)) - d14351cf-a37f-45f4-ac3c-40eb157d2fdf@group-33411980B3FD-SegmentedRaftLogWorker: Starting segment from index:0
2021-01-10 09:03:38,863 [d14351cf-a37f-45f4-ac3c-40eb157d2fdf@group-33411980B3FD-SegmentedRaftLogWorker] INFO  segmented.SegmentedRaftLogWorker (SegmentedRaftLogWorker.java:execute(599)) - d14351cf-a37f-45f4-ac3c-40eb157d2fdf@group-33411980B3FD-SegmentedRaftLogWorker: created new log segment /github/workspace/mnt/ozone/hadoop-ozone/integration-test/target/test-dir/MiniOzoneClusterImpl-030730bd-5c5c-4c00-b8c2-b15b15404b1a/datanode-3/data/ratis/07b4a9a4-d4e8-4fe2-8162-33411980b3fd/current/log_inprogress_0
2021-01-10 09:03:38,867 [d14351cf-a37f-45f4-ac3c-40eb157d2fdf@group-33411980B3FD-LeaderElection16] INFO  server.RaftServer$Division (ServerState.java:setRaftConf(368)) - d14351cf-a37f-45f4-ac3c-40eb157d2fdf@group-33411980B3FD: set configuration 0: [d14351cf-a37f-45f4-ac3c-40eb157d2fdf|rpc:172.17.0.2:35489|dataStream:|priority:1, 4f04bfaa-b5ee-4e84-baf7-1b8b2eccc1ea|rpc:172.17.0.2:44143|dataStream:|priority:0, ea22bb70-1677-4cc0-852f-01c880e0a945|rpc:172.17.0.2:35183|dataStream:|priority:0], old=null
2021-01-10 09:03:38,867 [grpc-default-executor-4] INFO  ratis.XceiverServerRatis (XceiverServerRatis.java:handleLeaderChangedNotification(868)) - Leader change notification received for group: group-33411980B3FD with new leaderId: d14351cf-a37f-45f4-ac3c-40eb157d2fdf
2021-01-10 09:03:38,867 [grpc-default-executor-4] INFO  server.RaftServer$Division (ServerState.java:setLeader(249)) - 4f04bfaa-b5ee-4e84-baf7-1b8b2eccc1ea@group-33411980B3FD: change Leader from null to d14351cf-a37f-45f4-ac3c-40eb157d2fdf at term 1 for appendEntries, leader elected after 4986ms
2021-01-10 09:03:38,869 [grpc-default-executor-4] INFO  server.RaftServer$Division (ServerState.java:setRaftConf(368)) - 4f04bfaa-b5ee-4e84-baf7-1b8b2eccc1ea@group-33411980B3FD: set configuration 0: [d14351cf-a37f-45f4-ac3c-40eb157d2fdf|rpc:172.17.0.2:35489|dataStream:|priority:1, 4f04bfaa-b5ee-4e84-baf7-1b8b2eccc1ea|rpc:172.17.0.2:44143|dataStream:|priority:0, ea22bb70-1677-4cc0-852f-01c880e0a945|rpc:172.17.0.2:35183|dataStream:|priority:0], old=null
2021-01-10 09:03:38,870 [grpc-default-executor-4] INFO  segmented.SegmentedRaftLogWorker (SegmentedRaftLogWorker.java:startLogSegment(392)) - 4f04bfaa-b5ee-4e84-baf7-1b8b2eccc1ea@group-33411980B3FD-SegmentedRaftLogWorker: Starting segment from index:0
2021-01-10 09:03:38,871 [4f04bfaa-b5ee-4e84-baf7-1b8b2eccc1ea@group-33411980B3FD-SegmentedRaftLogWorker] INFO  segmented.SegmentedRaftLogWorker (SegmentedRaftLogWorker.java:execute(599)) - 4f04bfaa-b5ee-4e84-baf7-1b8b2eccc1ea@group-33411980B3FD-SegmentedRaftLogWorker: created new log segment /github/workspace/mnt/ozone/hadoop-ozone/integration-test/target/test-dir/MiniOzoneClusterImpl-030730bd-5c5c-4c00-b8c2-b15b15404b1a/datanode-4/data/ratis/07b4a9a4-d4e8-4fe2-8162-33411980b3fd/current/log_inprogress_0
2021-01-10 09:03:38,877 [grpc-default-executor-4] INFO  ratis.XceiverServerRatis (XceiverServerRatis.java:handleLeaderChangedNotification(868)) - Leader change notification received for group: group-33411980B3FD with new leaderId: d14351cf-a37f-45f4-ac3c-40eb157d2fdf
2021-01-10 09:03:38,877 [grpc-default-executor-4] INFO  server.RaftServer$Division (ServerState.java:setLeader(249)) - ea22bb70-1677-4cc0-852f-01c880e0a945@group-33411980B3FD: change Leader from null to d14351cf-a37f-45f4-ac3c-40eb157d2fdf at term 1 for appendEntries, leader elected after 5075ms
2021-01-10 09:03:38,887 [grpc-default-executor-4] INFO  server.RaftServer$Division (ServerState.java:setRaftConf(368)) - ea22bb70-1677-4cc0-852f-01c880e0a945@group-33411980B3FD: set configuration 0: [d14351cf-a37f-45f4-ac3c-40eb157d2fdf|rpc:172.17.0.2:35489|dataStream:|priority:1, 4f04bfaa-b5ee-4e84-baf7-1b8b2eccc1ea|rpc:172.17.0.2:44143|dataStream:|priority:0, ea22bb70-1677-4cc0-852f-01c880e0a945|rpc:172.17.0.2:35183|dataStream:|priority:0], old=null
2021-01-10 09:03:38,888 [grpc-default-executor-4] INFO  segmented.SegmentedRaftLogWorker (SegmentedRaftLogWorker.java:startLogSegment(392)) - ea22bb70-1677-4cc0-852f-01c880e0a945@group-33411980B3FD-SegmentedRaftLogWorker: Starting segment from index:0
2021-01-10 09:03:38,889 [ea22bb70-1677-4cc0-852f-01c880e0a945@group-33411980B3FD-SegmentedRaftLogWorker] INFO  segmented.SegmentedRaftLogWorker (SegmentedRaftLogWorker.java:execute(599)) - ea22bb70-1677-4cc0-852f-01c880e0a945@group-33411980B3FD-SegmentedRaftLogWorker: created new log segment /github/workspace/mnt/ozone/hadoop-ozone/integration-test/target/test-dir/MiniOzoneClusterImpl-030730bd-5c5c-4c00-b8c2-b15b15404b1a/datanode-5/data/ratis/07b4a9a4-d4e8-4fe2-8162-33411980b3fd/current/log_inprogress_0
2021-01-10 09:03:39,469 [Command processor thread] WARN  server.RaftServer (RaftServerProxy.java:remove(101)) - 639a72ac-1b67-44d2-8fbe-212b735275e2: does not contain group: group-61EC49544C04
2021-01-10 09:03:39,470 [Command processor thread] ERROR commandhandler.ClosePipelineCommandHandler (ClosePipelineCommandHandler.java:handle(78)) - Can't close pipeline PipelineID=b9f8cb9a-d08f-46fe-a23d-61ec49544c04
java.io.IOException: 639a72ac-1b67-44d2-8fbe-212b735275e2: Group group-61EC49544C04 not found.
	at org.apache.hadoop.ozone.container.common.transport.server.ratis.XceiverServerRatis.removeGroup(XceiverServerRatis.java:788)
	at org.apache.hadoop.ozone.container.common.statemachine.commandhandler.ClosePipelineCommandHandler.handle(ClosePipelineCommandHandler.java:74)
	at org.apache.hadoop.ozone.container.common.statemachine.commandhandler.CommandDispatcher.handle(CommandDispatcher.java:99)
	at org.apache.hadoop.ozone.container.common.statemachine.DatanodeStateMachine.lambda$initCommandHandlerThread$2(DatanodeStateMachine.java:498)
	at java.lang.Thread.run(Thread.java:748)
Caused by: org.apache.ratis.protocol.exceptions.GroupMismatchException: 639a72ac-1b67-44d2-8fbe-212b735275e2: Group group-61EC49544C04 not found.
	at org.apache.ratis.server.impl.RaftServerProxy.groupRemoveAsync(RaftServerProxy.java:502)
	at org.apache.ratis.server.impl.RaftServerProxy.groupManagementAsync(RaftServerProxy.java:458)
	at org.apache.ratis.server.impl.RaftServerProxy.groupManagement(RaftServerProxy.java:438)
	at org.apache.hadoop.ozone.container.common.transport.server.ratis.XceiverServerRatis.removeGroup(XceiverServerRatis.java:786)
	... 4 more
2021-01-10 09:03:39,470 [Command processor thread] WARN  server.RaftServer (RaftServerProxy.java:remove(101)) - 639a72ac-1b67-44d2-8fbe-212b735275e2: does not contain group: group-F69E9E61EFEC
2021-01-10 09:03:39,470 [Command processor thread] ERROR commandhandler.ClosePipelineCommandHandler (ClosePipelineCommandHandler.java:handle(78)) - Can't close pipeline PipelineID=bb066f58-c2e9-40e5-93ce-f69e9e61efec
java.io.IOException: 639a72ac-1b67-44d2-8fbe-212b735275e2: Group group-F69E9E61EFEC not found.
	at org.apache.hadoop.ozone.container.common.transport.server.ratis.XceiverServerRatis.removeGroup(XceiverServerRatis.java:788)
	at org.apache.hadoop.ozone.container.common.statemachine.commandhandler.ClosePipelineCommandHandler.handle(ClosePipelineCommandHandler.java:74)
	at org.apache.hadoop.ozone.container.common.statemachine.commandhandler.CommandDispatcher.handle(CommandDispatcher.java:99)
	at org.apache.hadoop.ozone.container.common.statemachine.DatanodeStateMachine.lambda$initCommandHandlerThread$2(DatanodeStateMachine.java:498)
	at java.lang.Thread.run(Thread.java:748)
Caused by: org.apache.ratis.protocol.exceptions.GroupMismatchException: 639a72ac-1b67-44d2-8fbe-212b735275e2: Group group-F69E9E61EFEC not found.
	at org.apache.ratis.server.impl.RaftServerProxy.groupRemoveAsync(RaftServerProxy.java:502)
	at org.apache.ratis.server.impl.RaftServerProxy.groupManagementAsync(RaftServerProxy.java:458)
	at org.apache.ratis.server.impl.RaftServerProxy.groupManagement(RaftServerProxy.java:438)
	at org.apache.hadoop.ozone.container.common.transport.server.ratis.XceiverServerRatis.removeGroup(XceiverServerRatis.java:786)
	... 4 more
2021-01-10 09:03:39,494 [ReplicationMonitor] INFO  container.ReplicationManager (ReplicationManager.java:forceCloseContainer(633)) - Force closing container #1 with BCSID 72, which is in QUASI_CLOSED state.
2021-01-10 09:03:39,494 [ReplicationMonitor] INFO  container.ReplicationManager (ReplicationManager.java:sendCloseCommand(948)) - Sending close container command for container #1 to datanode 639a72ac-1b67-44d2-8fbe-212b735275e2{ip: 172.17.0.2, host: 84bc77fe8d45, networkLocation: /default-rack, certSerialId: null, persistedOpState: ENTERING_MAINTENANCE, persistedOpStateExpiryEpochSec: 0}.
2021-01-10 09:03:39,494 [ReplicationMonitor] INFO  container.ReplicationManager (ReplicationManager.java:sendCloseCommand(948)) - Sending close container command for container #1 to datanode d99ff0d5-fc69-4ace-aa4c-ce8a85641abd{ip: 172.17.0.2, host: 84bc77fe8d45, networkLocation: /default-rack, certSerialId: null, persistedOpState: ENTERING_MAINTENANCE, persistedOpStateExpiryEpochSec: 0}.
2021-01-10 09:03:39,494 [ReplicationMonitor] INFO  container.ReplicationManager (ReplicationManager.java:forceCloseContainer(633)) - Force closing container #2 with BCSID 76, which is in QUASI_CLOSED state.
2021-01-10 09:03:39,494 [ReplicationMonitor] INFO  container.ReplicationManager (ReplicationManager.java:sendCloseCommand(948)) - Sending close container command for container #2 to datanode d99ff0d5-fc69-4ace-aa4c-ce8a85641abd{ip: 172.17.0.2, host: 84bc77fe8d45, networkLocation: /default-rack, certSerialId: null, persistedOpState: ENTERING_MAINTENANCE, persistedOpStateExpiryEpochSec: 0}.
2021-01-10 09:03:39,495 [ReplicationMonitor] INFO  container.ReplicationManager (ReplicationManager.java:sendCloseCommand(948)) - Sending close container command for container #2 to datanode 639a72ac-1b67-44d2-8fbe-212b735275e2{ip: 172.17.0.2, host: 84bc77fe8d45, networkLocation: /default-rack, certSerialId: null, persistedOpState: ENTERING_MAINTENANCE, persistedOpStateExpiryEpochSec: 0}.
2021-01-10 09:03:39,495 [ReplicationMonitor] INFO  container.ReplicationManager (ReplicationManager.java:forceCloseContainer(633)) - Force closing container #3 with BCSID 68, which is in QUASI_CLOSED state.
2021-01-10 09:03:39,495 [ReplicationMonitor] INFO  container.ReplicationManager (ReplicationManager.java:sendCloseCommand(948)) - Sending close container command for container #3 to datanode d99ff0d5-fc69-4ace-aa4c-ce8a85641abd{ip: 172.17.0.2, host: 84bc77fe8d45, networkLocation: /default-rack, certSerialId: null, persistedOpState: ENTERING_MAINTENANCE, persistedOpStateExpiryEpochSec: 0}.
2021-01-10 09:03:39,495 [ReplicationMonitor] INFO  container.ReplicationManager (ReplicationManager.java:sendCloseCommand(948)) - Sending close container command for container #3 to datanode 639a72ac-1b67-44d2-8fbe-212b735275e2{ip: 172.17.0.2, host: 84bc77fe8d45, networkLocation: /default-rack, certSerialId: null, persistedOpState: ENTERING_MAINTENANCE, persistedOpStateExpiryEpochSec: 0}.
2021-01-10 09:03:39,495 [ReplicationMonitor] INFO  container.ReplicationManager (ReplicationManager.java:run(250)) - Replication Monitor Thread took 1 milliseconds for processing 3 containers.
2021-01-10 09:03:39,574 [DatanodeAdminManager-0] INFO  node.DatanodeAdminMonitorImpl (DatanodeAdminMonitorImpl.java:checkContainersReplicatedOnNode(297)) - d99ff0d5-fc69-4ace-aa4c-ce8a85641abd{ip: 172.17.0.2, host: 84bc77fe8d45, networkLocation: /default-rack, certSerialId: null, persistedOpState: ENTERING_MAINTENANCE, persistedOpStateExpiryEpochSec: 0} has 0 sufficientlyReplicated, 3 underReplicated and 0 unhealthy containers
2021-01-10 09:03:39,575 [DatanodeAdminManager-0] INFO  node.DatanodeAdminMonitorImpl (DatanodeAdminMonitorImpl.java:checkContainersReplicatedOnNode(297)) - c4191e53-aaca-4d42-9f72-dc45ebf47022{ip: 172.17.0.2, host: 84bc77fe8d45, networkLocation: /default-rack, certSerialId: null, persistedOpState: ENTERING_MAINTENANCE, persistedOpStateExpiryEpochSec: 0} has 0 sufficientlyReplicated, 3 underReplicated and 0 unhealthy containers
2021-01-10 09:03:39,575 [DatanodeAdminManager-0] INFO  node.DatanodeAdminMonitorImpl (DatanodeAdminMonitorImpl.java:checkContainersReplicatedOnNode(297)) - 639a72ac-1b67-44d2-8fbe-212b735275e2{ip: 172.17.0.2, host: 84bc77fe8d45, networkLocation: /default-rack, certSerialId: null, persistedOpState: ENTERING_MAINTENANCE, persistedOpStateExpiryEpochSec: 0} has 0 sufficientlyReplicated, 3 underReplicated and 0 unhealthy containers
2021-01-10 09:03:39,575 [DatanodeAdminManager-0] INFO  node.DatanodeAdminMonitorImpl (DatanodeAdminMonitorImpl.java:run(136)) - There are 3 nodes tracked for decommission and maintenance. 0 pending nodes.
2021-01-10 09:03:39,996 [Thread-1126] INFO  impl.FollowerState (FollowerState.java:run(133)) - 4f04bfaa-b5ee-4e84-baf7-1b8b2eccc1ea@group-C5B3E72FEAB2-FollowerState: change to CANDIDATE, lastRpcElapsedTime:5038301546ns, electionTimeout:5037ms
2021-01-10 09:03:39,997 [Thread-1126] INFO  impl.RoleInfo (RoleInfo.java:shutdownFollowerState(108)) - 4f04bfaa-b5ee-4e84-baf7-1b8b2eccc1ea: shutdown 4f04bfaa-b5ee-4e84-baf7-1b8b2eccc1ea@group-C5B3E72FEAB2-FollowerState
2021-01-10 09:03:39,997 [Thread-1126] INFO  server.RaftServer$Division (RaftServerImpl.java:setRole(283)) - 4f04bfaa-b5ee-4e84-baf7-1b8b2eccc1ea@group-C5B3E72FEAB2: changes role from  FOLLOWER to CANDIDATE at term 0 for changeToCandidate
2021-01-10 09:03:39,997 [Thread-1126] INFO  impl.RoleInfo (RoleInfo.java:updateAndGet(130)) - 4f04bfaa-b5ee-4e84-baf7-1b8b2eccc1ea: start 4f04bfaa-b5ee-4e84-baf7-1b8b2eccc1ea@group-C5B3E72FEAB2-LeaderElection17
2021-01-10 09:03:39,999 [4f04bfaa-b5ee-4e84-baf7-1b8b2eccc1ea@group-C5B3E72FEAB2-LeaderElection17] INFO  impl.LeaderElection (LeaderElection.java:askForPreVotes(259)) - 4f04bfaa-b5ee-4e84-baf7-1b8b2eccc1ea@group-C5B3E72FEAB2-LeaderElection17: begin a pre-vote at term 0 for -1: [4f04bfaa-b5ee-4e84-baf7-1b8b2eccc1ea|rpc:172.17.0.2:44143|priority:1], old=null
2021-01-10 09:03:39,999 [4f04bfaa-b5ee-4e84-baf7-1b8b2eccc1ea@group-C5B3E72FEAB2-LeaderElection17] INFO  impl.LeaderElection (LeaderElection.java:askForPreVotes(261)) - 4f04bfaa-b5ee-4e84-baf7-1b8b2eccc1ea@group-C5B3E72FEAB2-LeaderElection17 pre-vote result is PASSED.
2021-01-10 09:03:40,001 [4f04bfaa-b5ee-4e84-baf7-1b8b2eccc1ea@group-C5B3E72FEAB2-LeaderElection17] INFO  impl.LeaderElection (LeaderElection.java:askForVotes(308)) - 4f04bfaa-b5ee-4e84-baf7-1b8b2eccc1ea@group-C5B3E72FEAB2-LeaderElection17: begin an election at term 1 for -1: [4f04bfaa-b5ee-4e84-baf7-1b8b2eccc1ea|rpc:172.17.0.2:44143|priority:1], old=null
2021-01-10 09:03:40,001 [4f04bfaa-b5ee-4e84-baf7-1b8b2eccc1ea@group-C5B3E72FEAB2-LeaderElection17] INFO  impl.RoleInfo (RoleInfo.java:shutdownLeaderElection(121)) - 4f04bfaa-b5ee-4e84-baf7-1b8b2eccc1ea: shutdown 4f04bfaa-b5ee-4e84-baf7-1b8b2eccc1ea@group-C5B3E72FEAB2-LeaderElection17
2021-01-10 09:03:40,001 [4f04bfaa-b5ee-4e84-baf7-1b8b2eccc1ea@group-C5B3E72FEAB2-LeaderElection17] INFO  server.RaftServer$Division (RaftServerImpl.java:setRole(283)) - 4f04bfaa-b5ee-4e84-baf7-1b8b2eccc1ea@group-C5B3E72FEAB2: changes role from CANDIDATE to LEADER at term 1 for changeToLeader
2021-01-10 09:03:40,001 [4f04bfaa-b5ee-4e84-baf7-1b8b2eccc1ea@group-C5B3E72FEAB2-LeaderElection17] INFO  ratis.XceiverServerRatis (XceiverServerRatis.java:handleLeaderChangedNotification(868)) - Leader change notification received for group: group-C5B3E72FEAB2 with new leaderId: 4f04bfaa-b5ee-4e84-baf7-1b8b2eccc1ea
2021-01-10 09:03:40,002 [4f04bfaa-b5ee-4e84-baf7-1b8b2eccc1ea@group-C5B3E72FEAB2-LeaderElection17] INFO  server.RaftServer$Division (ServerState.java:setLeader(249)) - 4f04bfaa-b5ee-4e84-baf7-1b8b2eccc1ea@group-C5B3E72FEAB2: change Leader from null to 4f04bfaa-b5ee-4e84-baf7-1b8b2eccc1ea at term 1 for becomeLeader, leader elected after 5053ms
2021-01-10 09:03:40,002 [4f04bfaa-b5ee-4e84-baf7-1b8b2eccc1ea@group-C5B3E72FEAB2-LeaderElection17] INFO  server.RaftServerConfigKeys (ConfUtils.java:logGet(44)) - raft.server.staging.catchup.gap = 1000 (default)
2021-01-10 09:03:40,002 [4f04bfaa-b5ee-4e84-baf7-1b8b2eccc1ea@group-C5B3E72FEAB2-LeaderElection17] INFO  metrics.RatisMetrics (RatisMetrics.java:lambda$create$0(36)) - Creating Metrics Registry : ratis.log_appender.4f04bfaa-b5ee-4e84-baf7-1b8b2eccc1ea@group-C5B3E72FEAB2
2021-01-10 09:03:40,002 [4f04bfaa-b5ee-4e84-baf7-1b8b2eccc1ea@group-C5B3E72FEAB2-LeaderElection17] INFO  server.RaftServerConfigKeys (ConfUtils.java:logGet(44)) - raft.server.write.element-limit = 1024 (custom)
2021-01-10 09:03:40,002 [4f04bfaa-b5ee-4e84-baf7-1b8b2eccc1ea@group-C5B3E72FEAB2-LeaderElection17] INFO  server.RaftServerConfigKeys (ConfUtils.java:logGet(44)) - raft.server.write.byte-limit = 1073741824 (custom)
2021-01-10 09:03:40,003 [4f04bfaa-b5ee-4e84-baf7-1b8b2eccc1ea@group-C5B3E72FEAB2-LeaderElection17] INFO  server.RaftServerConfigKeys (ConfUtils.java:logGet(44)) - raft.server.watch.timeout = 180s (custom)
2021-01-10 09:03:40,003 [4f04bfaa-b5ee-4e84-baf7-1b8b2eccc1ea@group-C5B3E72FEAB2-LeaderElection17] INFO  server.RaftServerConfigKeys (ConfUtils.java:logGet(44)) - raft.server.watch.timeout.denomination = 1s (default)
2021-01-10 09:03:40,003 [4f04bfaa-b5ee-4e84-baf7-1b8b2eccc1ea@group-C5B3E72FEAB2-LeaderElection17] INFO  server.RaftServerConfigKeys (ConfUtils.java:logGet(44)) - raft.server.watch.element-limit = 65536 (default)
2021-01-10 09:03:40,003 [4f04bfaa-b5ee-4e84-baf7-1b8b2eccc1ea@group-C5B3E72FEAB2-LeaderElection17] INFO  impl.RoleInfo (RoleInfo.java:updateAndGet(130)) - 4f04bfaa-b5ee-4e84-baf7-1b8b2eccc1ea: start 4f04bfaa-b5ee-4e84-baf7-1b8b2eccc1ea@group-C5B3E72FEAB2-LeaderStateImpl
2021-01-10 09:03:40,004 [4f04bfaa-b5ee-4e84-baf7-1b8b2eccc1ea@group-C5B3E72FEAB2-LeaderElection17] INFO  segmented.SegmentedRaftLogWorker (SegmentedRaftLogWorker.java:startLogSegment(392)) - 4f04bfaa-b5ee-4e84-baf7-1b8b2eccc1ea@group-C5B3E72FEAB2-SegmentedRaftLogWorker: Starting segment from index:0
2021-01-10 09:03:40,005 [4f04bfaa-b5ee-4e84-baf7-1b8b2eccc1ea@group-C5B3E72FEAB2-SegmentedRaftLogWorker] INFO  segmented.SegmentedRaftLogWorker (SegmentedRaftLogWorker.java:execute(599)) - 4f04bfaa-b5ee-4e84-baf7-1b8b2eccc1ea@group-C5B3E72FEAB2-SegmentedRaftLogWorker: created new log segment /github/workspace/mnt/ozone/hadoop-ozone/integration-test/target/test-dir/MiniOzoneClusterImpl-030730bd-5c5c-4c00-b8c2-b15b15404b1a/datanode-4/data/ratis/7b60ec5e-cc15-4fbc-a615-c5b3e72feab2/current/log_inprogress_0
2021-01-10 09:03:40,006 [4f04bfaa-b5ee-4e84-baf7-1b8b2eccc1ea@group-C5B3E72FEAB2-LeaderElection17] INFO  server.RaftServer$Division (ServerState.java:setRaftConf(368)) - 4f04bfaa-b5ee-4e84-baf7-1b8b2eccc1ea@group-C5B3E72FEAB2: set configuration 0: [4f04bfaa-b5ee-4e84-baf7-1b8b2eccc1ea|rpc:172.17.0.2:44143|dataStream:|priority:1], old=null
2021-01-10 09:03:40,279 [Thread-1128] INFO  impl.FollowerState (FollowerState.java:run(133)) - ea22bb70-1677-4cc0-852f-01c880e0a945@group-364C4CF1125C-FollowerState: change to CANDIDATE, lastRpcElapsedTime:5131367616ns, electionTimeout:5126ms
2021-01-10 09:03:40,280 [Thread-1128] INFO  impl.RoleInfo (RoleInfo.java:shutdownFollowerState(108)) - ea22bb70-1677-4cc0-852f-01c880e0a945: shutdown ea22bb70-1677-4cc0-852f-01c880e0a945@group-364C4CF1125C-FollowerState
2021-01-10 09:03:40,280 [Thread-1128] INFO  server.RaftServer$Division (RaftServerImpl.java:setRole(283)) - ea22bb70-1677-4cc0-852f-01c880e0a945@group-364C4CF1125C: changes role from  FOLLOWER to CANDIDATE at term 0 for changeToCandidate
2021-01-10 09:03:40,280 [Thread-1128] INFO  impl.RoleInfo (RoleInfo.java:updateAndGet(130)) - ea22bb70-1677-4cc0-852f-01c880e0a945: start ea22bb70-1677-4cc0-852f-01c880e0a945@group-364C4CF1125C-LeaderElection18
2021-01-10 09:03:40,282 [ea22bb70-1677-4cc0-852f-01c880e0a945@group-364C4CF1125C-LeaderElection18] INFO  impl.LeaderElection (LeaderElection.java:askForPreVotes(259)) - ea22bb70-1677-4cc0-852f-01c880e0a945@group-364C4CF1125C-LeaderElection18: begin a pre-vote at term 0 for -1: [ea22bb70-1677-4cc0-852f-01c880e0a945|rpc:172.17.0.2:35183|priority:1], old=null
2021-01-10 09:03:40,282 [ea22bb70-1677-4cc0-852f-01c880e0a945@group-364C4CF1125C-LeaderElection18] INFO  impl.LeaderElection (LeaderElection.java:askForPreVotes(261)) - ea22bb70-1677-4cc0-852f-01c880e0a945@group-364C4CF1125C-LeaderElection18 pre-vote result is PASSED.
2021-01-10 09:03:40,284 [ea22bb70-1677-4cc0-852f-01c880e0a945@group-364C4CF1125C-LeaderElection18] INFO  impl.LeaderElection (LeaderElection.java:askForVotes(308)) - ea22bb70-1677-4cc0-852f-01c880e0a945@group-364C4CF1125C-LeaderElection18: begin an election at term 1 for -1: [ea22bb70-1677-4cc0-852f-01c880e0a945|rpc:172.17.0.2:35183|priority:1], old=null
2021-01-10 09:03:40,284 [ea22bb70-1677-4cc0-852f-01c880e0a945@group-364C4CF1125C-LeaderElection18] INFO  impl.RoleInfo (RoleInfo.java:shutdownLeaderElection(121)) - ea22bb70-1677-4cc0-852f-01c880e0a945: shutdown ea22bb70-1677-4cc0-852f-01c880e0a945@group-364C4CF1125C-LeaderElection18
2021-01-10 09:03:40,284 [ea22bb70-1677-4cc0-852f-01c880e0a945@group-364C4CF1125C-LeaderElection18] INFO  server.RaftServer$Division (RaftServerImpl.java:setRole(283)) - ea22bb70-1677-4cc0-852f-01c880e0a945@group-364C4CF1125C: changes role from CANDIDATE to LEADER at term 1 for changeToLeader
2021-01-10 09:03:40,284 [ea22bb70-1677-4cc0-852f-01c880e0a945@group-364C4CF1125C-LeaderElection18] INFO  ratis.XceiverServerRatis (XceiverServerRatis.java:handleLeaderChangedNotification(868)) - Leader change notification received for group: group-364C4CF1125C with new leaderId: ea22bb70-1677-4cc0-852f-01c880e0a945
2021-01-10 09:03:40,285 [ea22bb70-1677-4cc0-852f-01c880e0a945@group-364C4CF1125C-LeaderElection18] INFO  server.RaftServer$Division (ServerState.java:setLeader(249)) - ea22bb70-1677-4cc0-852f-01c880e0a945@group-364C4CF1125C: change Leader from null to ea22bb70-1677-4cc0-852f-01c880e0a945 at term 1 for becomeLeader, leader elected after 5144ms
2021-01-10 09:03:40,285 [ea22bb70-1677-4cc0-852f-01c880e0a945@group-364C4CF1125C-LeaderElection18] INFO  server.RaftServerConfigKeys (ConfUtils.java:logGet(44)) - raft.server.staging.catchup.gap = 1000 (default)
2021-01-10 09:03:40,285 [ea22bb70-1677-4cc0-852f-01c880e0a945@group-364C4CF1125C-LeaderElection18] INFO  metrics.RatisMetrics (RatisMetrics.java:lambda$create$0(36)) - Creating Metrics Registry : ratis.log_appender.ea22bb70-1677-4cc0-852f-01c880e0a945@group-364C4CF1125C
2021-01-10 09:03:40,285 [ea22bb70-1677-4cc0-852f-01c880e0a945@group-364C4CF1125C-LeaderElection18] INFO  server.RaftServerConfigKeys (ConfUtils.java:logGet(44)) - raft.server.write.element-limit = 1024 (custom)
2021-01-10 09:03:40,286 [ea22bb70-1677-4cc0-852f-01c880e0a945@group-364C4CF1125C-LeaderElection18] INFO  server.RaftServerConfigKeys (ConfUtils.java:logGet(44)) - raft.server.write.byte-limit = 1073741824 (custom)
2021-01-10 09:03:40,286 [ea22bb70-1677-4cc0-852f-01c880e0a945@group-364C4CF1125C-LeaderElection18] INFO  server.RaftServerConfigKeys (ConfUtils.java:logGet(44)) - raft.server.watch.timeout = 180s (custom)
2021-01-10 09:03:40,286 [ea22bb70-1677-4cc0-852f-01c880e0a945@group-364C4CF1125C-LeaderElection18] INFO  server.RaftServerConfigKeys (ConfUtils.java:logGet(44)) - raft.server.watch.timeout.denomination = 1s (default)
2021-01-10 09:03:40,286 [ea22bb70-1677-4cc0-852f-01c880e0a945@group-364C4CF1125C-LeaderElection18] INFO  server.RaftServerConfigKeys (ConfUtils.java:logGet(44)) - raft.server.watch.element-limit = 65536 (default)
2021-01-10 09:03:40,286 [ea22bb70-1677-4cc0-852f-01c880e0a945@group-364C4CF1125C-LeaderElection18] INFO  impl.RoleInfo (RoleInfo.java:updateAndGet(130)) - ea22bb70-1677-4cc0-852f-01c880e0a945: start ea22bb70-1677-4cc0-852f-01c880e0a945@group-364C4CF1125C-LeaderStateImpl
2021-01-10 09:03:40,287 [ea22bb70-1677-4cc0-852f-01c880e0a945@group-364C4CF1125C-LeaderElection18] INFO  segmented.SegmentedRaftLogWorker (SegmentedRaftLogWorker.java:startLogSegment(392)) - ea22bb70-1677-4cc0-852f-01c880e0a945@group-364C4CF1125C-SegmentedRaftLogWorker: Starting segment from index:0
2021-01-10 09:03:40,287 [ea22bb70-1677-4cc0-852f-01c880e0a945@group-364C4CF1125C-LeaderElection18] INFO  server.RaftServer$Division (ServerState.java:setRaftConf(368)) - ea22bb70-1677-4cc0-852f-01c880e0a945@group-364C4CF1125C: set configuration 0: [ea22bb70-1677-4cc0-852f-01c880e0a945|rpc:172.17.0.2:35183|dataStream:|priority:1], old=null
2021-01-10 09:03:40,288 [ea22bb70-1677-4cc0-852f-01c880e0a945@group-364C4CF1125C-SegmentedRaftLogWorker] INFO  segmented.SegmentedRaftLogWorker (SegmentedRaftLogWorker.java:execute(599)) - ea22bb70-1677-4cc0-852f-01c880e0a945@group-364C4CF1125C-SegmentedRaftLogWorker: created new log segment /github/workspace/mnt/ozone/hadoop-ozone/integration-test/target/test-dir/MiniOzoneClusterImpl-030730bd-5c5c-4c00-b8c2-b15b15404b1a/datanode-5/data/ratis/46c3e2f6-5806-4046-bfd9-364c4cf1125c/current/log_inprogress_0
2021-01-10 09:03:40,463 [Command processor thread] WARN  server.RaftServer (RaftServerProxy.java:remove(101)) - d99ff0d5-fc69-4ace-aa4c-ce8a85641abd: does not contain group: group-61EC49544C04
2021-01-10 09:03:40,463 [Command processor thread] ERROR commandhandler.ClosePipelineCommandHandler (ClosePipelineCommandHandler.java:handle(78)) - Can't close pipeline PipelineID=b9f8cb9a-d08f-46fe-a23d-61ec49544c04
java.io.IOException: d99ff0d5-fc69-4ace-aa4c-ce8a85641abd: Group group-61EC49544C04 not found.
	at org.apache.hadoop.ozone.container.common.transport.server.ratis.XceiverServerRatis.removeGroup(XceiverServerRatis.java:788)
	at org.apache.hadoop.ozone.container.common.statemachine.commandhandler.ClosePipelineCommandHandler.handle(ClosePipelineCommandHandler.java:74)
	at org.apache.hadoop.ozone.container.common.statemachine.commandhandler.CommandDispatcher.handle(CommandDispatcher.java:99)
	at org.apache.hadoop.ozone.container.common.statemachine.DatanodeStateMachine.lambda$initCommandHandlerThread$2(DatanodeStateMachine.java:498)
	at java.lang.Thread.run(Thread.java:748)
Caused by: org.apache.ratis.protocol.exceptions.GroupMismatchException: d99ff0d5-fc69-4ace-aa4c-ce8a85641abd: Group group-61EC49544C04 not found.
	at org.apache.ratis.server.impl.RaftServerProxy.groupRemoveAsync(RaftServerProxy.java:502)
	at org.apache.ratis.server.impl.RaftServerProxy.groupManagementAsync(RaftServerProxy.java:458)
	at org.apache.ratis.server.impl.RaftServerProxy.groupManagement(RaftServerProxy.java:438)
	at org.apache.hadoop.ozone.container.common.transport.server.ratis.XceiverServerRatis.removeGroup(XceiverServerRatis.java:786)
	... 4 more
2021-01-10 09:03:40,463 [Command processor thread] WARN  server.RaftServer (RaftServerProxy.java:remove(101)) - d99ff0d5-fc69-4ace-aa4c-ce8a85641abd: does not contain group: group-50480F738A16
2021-01-10 09:03:40,464 [Command processor thread] ERROR commandhandler.ClosePipelineCommandHandler (ClosePipelineCommandHandler.java:handle(78)) - Can't close pipeline PipelineID=7f85cc11-4c61-4963-8417-50480f738a16
java.io.IOException: d99ff0d5-fc69-4ace-aa4c-ce8a85641abd: Group group-50480F738A16 not found.
	at org.apache.hadoop.ozone.container.common.transport.server.ratis.XceiverServerRatis.removeGroup(XceiverServerRatis.java:788)
	at org.apache.hadoop.ozone.container.common.statemachine.commandhandler.ClosePipelineCommandHandler.handle(ClosePipelineCommandHandler.java:74)
	at org.apache.hadoop.ozone.container.common.statemachine.commandhandler.CommandDispatcher.handle(CommandDispatcher.java:99)
	at org.apache.hadoop.ozone.container.common.statemachine.DatanodeStateMachine.lambda$initCommandHandlerThread$2(DatanodeStateMachine.java:498)
	at java.lang.Thread.run(Thread.java:748)
Caused by: org.apache.ratis.protocol.exceptions.GroupMismatchException: d99ff0d5-fc69-4ace-aa4c-ce8a85641abd: Group group-50480F738A16 not found.
	at org.apache.ratis.server.impl.RaftServerProxy.groupRemoveAsync(RaftServerProxy.java:502)
	at org.apache.ratis.server.impl.RaftServerProxy.groupManagementAsync(RaftServerProxy.java:458)
	at org.apache.ratis.server.impl.RaftServerProxy.groupManagement(RaftServerProxy.java:438)
	at org.apache.hadoop.ozone.container.common.transport.server.ratis.XceiverServerRatis.removeGroup(XceiverServerRatis.java:786)
	... 4 more
2021-01-10 09:03:40,466 [Command processor thread] WARN  server.RaftServer (RaftServerProxy.java:remove(101)) - c4191e53-aaca-4d42-9f72-dc45ebf47022: does not contain group: group-61EC49544C04
2021-01-10 09:03:40,466 [Command processor thread] ERROR commandhandler.ClosePipelineCommandHandler (ClosePipelineCommandHandler.java:handle(78)) - Can't close pipeline PipelineID=b9f8cb9a-d08f-46fe-a23d-61ec49544c04
java.io.IOException: c4191e53-aaca-4d42-9f72-dc45ebf47022: Group group-61EC49544C04 not found.
	at org.apache.hadoop.ozone.container.common.transport.server.ratis.XceiverServerRatis.removeGroup(XceiverServerRatis.java:788)
	at org.apache.hadoop.ozone.container.common.statemachine.commandhandler.ClosePipelineCommandHandler.handle(ClosePipelineCommandHandler.java:74)
	at org.apache.hadoop.ozone.container.common.statemachine.commandhandler.CommandDispatcher.handle(CommandDispatcher.java:99)
	at org.apache.hadoop.ozone.container.common.statemachine.DatanodeStateMachine.lambda$initCommandHandlerThread$2(DatanodeStateMachine.java:498)
	at java.lang.Thread.run(Thread.java:748)
Caused by: org.apache.ratis.protocol.exceptions.GroupMismatchException: c4191e53-aaca-4d42-9f72-dc45ebf47022: Group group-61EC49544C04 not found.
	at org.apache.ratis.server.impl.RaftServerProxy.groupRemoveAsync(RaftServerProxy.java:502)
	at org.apache.ratis.server.impl.RaftServerProxy.groupManagementAsync(RaftServerProxy.java:458)
	at org.apache.ratis.server.impl.RaftServerProxy.groupManagement(RaftServerProxy.java:438)
	at org.apache.hadoop.ozone.container.common.transport.server.ratis.XceiverServerRatis.removeGroup(XceiverServerRatis.java:786)
	... 4 more
2021-01-10 09:03:40,466 [Command processor thread] WARN  server.RaftServer (RaftServerProxy.java:remove(101)) - c4191e53-aaca-4d42-9f72-dc45ebf47022: does not contain group: group-6BDB76157137
2021-01-10 09:03:40,466 [Command processor thread] ERROR commandhandler.ClosePipelineCommandHandler (ClosePipelineCommandHandler.java:handle(78)) - Can't close pipeline PipelineID=319c8b6e-21f4-42ad-8e65-6bdb76157137
java.io.IOException: c4191e53-aaca-4d42-9f72-dc45ebf47022: Group group-6BDB76157137 not found.
	at org.apache.hadoop.ozone.container.common.transport.server.ratis.XceiverServerRatis.removeGroup(XceiverServerRatis.java:788)
	at org.apache.hadoop.ozone.container.common.statemachine.commandhandler.ClosePipelineCommandHandler.handle(ClosePipelineCommandHandler.java:74)
	at org.apache.hadoop.ozone.container.common.statemachine.commandhandler.CommandDispatcher.handle(CommandDispatcher.java:99)
	at org.apache.hadoop.ozone.container.common.statemachine.DatanodeStateMachine.lambda$initCommandHandlerThread$2(DatanodeStateMachine.java:498)
	at java.lang.Thread.run(Thread.java:748)
Caused by: org.apache.ratis.protocol.exceptions.GroupMismatchException: c4191e53-aaca-4d42-9f72-dc45ebf47022: Group group-6BDB76157137 not found.
	at org.apache.ratis.server.impl.RaftServerProxy.groupRemoveAsync(RaftServerProxy.java:502)
	at org.apache.ratis.server.impl.RaftServerProxy.groupManagementAsync(RaftServerProxy.java:458)
	at org.apache.ratis.server.impl.RaftServerProxy.groupManagement(RaftServerProxy.java:438)
	at org.apache.hadoop.ozone.container.common.transport.server.ratis.XceiverServerRatis.removeGroup(XceiverServerRatis.java:786)
	... 4 more
2021-01-10 09:03:40,467 [Command processor thread] INFO  keyvalue.KeyValueContainer (KeyValueContainer.java:flushAndSyncDB(388)) - Container 3 is synced with bcsId 68.
2021-01-10 09:03:40,467 [Command processor thread] INFO  keyvalue.KeyValueContainer (KeyValueContainer.java:flushAndSyncDB(388)) - Container 3 is synced with bcsId 68.
2021-01-10 09:03:40,469 [Command processor thread] INFO  keyvalue.KeyValueContainer (KeyValueContainer.java:close(326)) - Container 3 is closed with bcsId 68.
2021-01-10 09:03:40,470 [EventQueue-IncrementalContainerReportForIncrementalContainerReportHandler] INFO  container.IncrementalContainerReportHandler (AbstractContainerReportHandler.java:updateContainerState(241)) - Moving container #3 to CLOSED state, datanode c4191e53-aaca-4d42-9f72-dc45ebf47022{ip: 172.17.0.2, host: 84bc77fe8d45, networkLocation: /default-rack, certSerialId: null, persistedOpState: ENTERING_MAINTENANCE, persistedOpStateExpiryEpochSec: 0} reported CLOSED replica.
2021-01-10 09:03:40,495 [ReplicationMonitor] INFO  container.ReplicationManager (ReplicationManager.java:forceCloseContainer(633)) - Force closing container #1 with BCSID 72, which is in QUASI_CLOSED state.
2021-01-10 09:03:40,495 [ReplicationMonitor] INFO  container.ReplicationManager (ReplicationManager.java:sendCloseCommand(948)) - Sending close container command for container #1 to datanode 639a72ac-1b67-44d2-8fbe-212b735275e2{ip: 172.17.0.2, host: 84bc77fe8d45, networkLocation: /default-rack, certSerialId: null, persistedOpState: ENTERING_MAINTENANCE, persistedOpStateExpiryEpochSec: 0}.
2021-01-10 09:03:40,495 [ReplicationMonitor] INFO  container.ReplicationManager (ReplicationManager.java:sendCloseCommand(948)) - Sending close container command for container #1 to datanode c4191e53-aaca-4d42-9f72-dc45ebf47022{ip: 172.17.0.2, host: 84bc77fe8d45, networkLocation: /default-rack, certSerialId: null, persistedOpState: ENTERING_MAINTENANCE, persistedOpStateExpiryEpochSec: 0}.
2021-01-10 09:03:40,496 [ReplicationMonitor] INFO  container.ReplicationManager (ReplicationManager.java:sendCloseCommand(948)) - Sending close container command for container #1 to datanode d99ff0d5-fc69-4ace-aa4c-ce8a85641abd{ip: 172.17.0.2, host: 84bc77fe8d45, networkLocation: /default-rack, certSerialId: null, persistedOpState: ENTERING_MAINTENANCE, persistedOpStateExpiryEpochSec: 0}.
2021-01-10 09:03:40,496 [ReplicationMonitor] INFO  container.ReplicationManager (ReplicationManager.java:forceCloseContainer(633)) - Force closing container #2 with BCSID 76, which is in QUASI_CLOSED state.
2021-01-10 09:03:40,496 [ReplicationMonitor] INFO  container.ReplicationManager (ReplicationManager.java:sendCloseCommand(948)) - Sending close container command for container #2 to datanode c4191e53-aaca-4d42-9f72-dc45ebf47022{ip: 172.17.0.2, host: 84bc77fe8d45, networkLocation: /default-rack, certSerialId: null, persistedOpState: ENTERING_MAINTENANCE, persistedOpStateExpiryEpochSec: 0}.
2021-01-10 09:03:40,496 [ReplicationMonitor] INFO  container.ReplicationManager (ReplicationManager.java:sendCloseCommand(948)) - Sending close container command for container #2 to datanode d99ff0d5-fc69-4ace-aa4c-ce8a85641abd{ip: 172.17.0.2, host: 84bc77fe8d45, networkLocation: /default-rack, certSerialId: null, persistedOpState: ENTERING_MAINTENANCE, persistedOpStateExpiryEpochSec: 0}.
2021-01-10 09:03:40,496 [ReplicationMonitor] INFO  container.ReplicationManager (ReplicationManager.java:sendCloseCommand(948)) - Sending close container command for container #2 to datanode 639a72ac-1b67-44d2-8fbe-212b735275e2{ip: 172.17.0.2, host: 84bc77fe8d45, networkLocation: /default-rack, certSerialId: null, persistedOpState: ENTERING_MAINTENANCE, persistedOpStateExpiryEpochSec: 0}.
2021-01-10 09:03:40,496 [ReplicationMonitor] INFO  container.ReplicationManager (ReplicationManager.java:handleUnderReplicatedContainer(722)) - Container #3 is under replicated. Expected replica count is 3, but found 1.
2021-01-10 09:03:40,496 [ReplicationMonitor] INFO  container.ReplicationManager (ReplicationManager.java:sendReplicateCommand(970)) - Sending replicate container command for container #3 to datanode 4f04bfaa-b5ee-4e84-baf7-1b8b2eccc1ea{ip: 172.17.0.2, host: 84bc77fe8d45, networkLocation: /default-rack, certSerialId: null, persistedOpState: IN_SERVICE, persistedOpStateExpiryEpochSec: 0}
2021-01-10 09:03:40,496 [ReplicationMonitor] INFO  container.ReplicationManager (ReplicationManager.java:sendReplicateCommand(970)) - Sending replicate container command for container #3 to datanode d14351cf-a37f-45f4-ac3c-40eb157d2fdf{ip: 172.17.0.2, host: 84bc77fe8d45, networkLocation: /default-rack, certSerialId: null, persistedOpState: IN_SERVICE, persistedOpStateExpiryEpochSec: 0}
2021-01-10 09:03:40,497 [ReplicationMonitor] INFO  container.ReplicationManager (ReplicationManager.java:run(250)) - Replication Monitor Thread took 1 milliseconds for processing 3 containers.
2021-01-10 09:03:40,575 [DatanodeAdminManager-0] INFO  node.DatanodeAdminMonitorImpl (DatanodeAdminMonitorImpl.java:checkContainersReplicatedOnNode(297)) - d99ff0d5-fc69-4ace-aa4c-ce8a85641abd{ip: 172.17.0.2, host: 84bc77fe8d45, networkLocation: /default-rack, certSerialId: null, persistedOpState: ENTERING_MAINTENANCE, persistedOpStateExpiryEpochSec: 0} has 0 sufficientlyReplicated, 3 underReplicated and 0 unhealthy containers
2021-01-10 09:03:40,575 [DatanodeAdminManager-0] INFO  node.DatanodeAdminMonitorImpl (DatanodeAdminMonitorImpl.java:checkContainersReplicatedOnNode(297)) - c4191e53-aaca-4d42-9f72-dc45ebf47022{ip: 172.17.0.2, host: 84bc77fe8d45, networkLocation: /default-rack, certSerialId: null, persistedOpState: ENTERING_MAINTENANCE, persistedOpStateExpiryEpochSec: 0} has 0 sufficientlyReplicated, 3 underReplicated and 0 unhealthy containers
2021-01-10 09:03:40,575 [DatanodeAdminManager-0] INFO  node.DatanodeAdminMonitorImpl (DatanodeAdminMonitorImpl.java:checkContainersReplicatedOnNode(297)) - 639a72ac-1b67-44d2-8fbe-212b735275e2{ip: 172.17.0.2, host: 84bc77fe8d45, networkLocation: /default-rack, certSerialId: null, persistedOpState: ENTERING_MAINTENANCE, persistedOpStateExpiryEpochSec: 0} has 0 sufficientlyReplicated, 3 underReplicated and 0 unhealthy containers
2021-01-10 09:03:40,575 [DatanodeAdminManager-0] INFO  node.DatanodeAdminMonitorImpl (DatanodeAdminMonitorImpl.java:run(136)) - There are 3 nodes tracked for decommission and maintenance. 0 pending nodes.
2021-01-10 09:03:41,470 [Command processor thread] INFO  keyvalue.KeyValueContainer (KeyValueContainer.java:flushAndSyncDB(388)) - Container 3 is synced with bcsId 68.
2021-01-10 09:03:41,470 [Command processor thread] INFO  keyvalue.KeyValueContainer (KeyValueContainer.java:flushAndSyncDB(388)) - Container 3 is synced with bcsId 68.
2021-01-10 09:03:41,473 [Command processor thread] INFO  keyvalue.KeyValueContainer (KeyValueContainer.java:close(326)) - Container 3 is closed with bcsId 68.
2021-01-10 09:03:41,473 [Command processor thread] INFO  keyvalue.KeyValueContainer (KeyValueContainer.java:flushAndSyncDB(388)) - Container 1 is synced with bcsId 72.
2021-01-10 09:03:41,474 [Command processor thread] INFO  keyvalue.KeyValueContainer (KeyValueContainer.java:flushAndSyncDB(388)) - Container 1 is synced with bcsId 72.
2021-01-10 09:03:41,475 [Command processor thread] INFO  keyvalue.KeyValueContainer (KeyValueContainer.java:close(326)) - Container 1 is closed with bcsId 72.
2021-01-10 09:03:41,476 [Command processor thread] INFO  keyvalue.KeyValueContainer (KeyValueContainer.java:flushAndSyncDB(388)) - Container 2 is synced with bcsId 76.
2021-01-10 09:03:41,476 [Command processor thread] INFO  keyvalue.KeyValueContainer (KeyValueContainer.java:flushAndSyncDB(388)) - Container 2 is synced with bcsId 76.
2021-01-10 09:03:41,476 [EventQueue-IncrementalContainerReportForIncrementalContainerReportHandler] INFO  container.IncrementalContainerReportHandler (AbstractContainerReportHandler.java:updateContainerState(241)) - Moving container #1 to CLOSED state, datanode 639a72ac-1b67-44d2-8fbe-212b735275e2{ip: 172.17.0.2, host: 84bc77fe8d45, networkLocation: /default-rack, certSerialId: null, persistedOpState: ENTERING_MAINTENANCE, persistedOpStateExpiryEpochSec: 0} reported CLOSED replica.
2021-01-10 09:03:41,478 [Command processor thread] INFO  keyvalue.KeyValueContainer (KeyValueContainer.java:close(326)) - Container 2 is closed with bcsId 76.
2021-01-10 09:03:41,479 [EventQueue-IncrementalContainerReportForIncrementalContainerReportHandler] INFO  container.IncrementalContainerReportHandler (AbstractContainerReportHandler.java:updateContainerState(241)) - Moving container #2 to CLOSED state, datanode 639a72ac-1b67-44d2-8fbe-212b735275e2{ip: 172.17.0.2, host: 84bc77fe8d45, networkLocation: /default-rack, certSerialId: null, persistedOpState: ENTERING_MAINTENANCE, persistedOpStateExpiryEpochSec: 0} reported CLOSED replica.
2021-01-10 09:03:41,497 [ReplicationMonitor] INFO  container.ReplicationManager (ReplicationManager.java:handleUnderReplicatedContainer(722)) - Container #1 is under replicated. Expected replica count is 3, but found 1.
2021-01-10 09:03:41,497 [ReplicationMonitor] INFO  container.ReplicationManager (ReplicationManager.java:sendReplicateCommand(970)) - Sending replicate container command for container #1 to datanode ea22bb70-1677-4cc0-852f-01c880e0a945{ip: 172.17.0.2, host: 84bc77fe8d45, networkLocation: /default-rack, certSerialId: null, persistedOpState: IN_SERVICE, persistedOpStateExpiryEpochSec: 0}
2021-01-10 09:03:41,497 [ReplicationMonitor] INFO  container.ReplicationManager (ReplicationManager.java:sendReplicateCommand(970)) - Sending replicate container command for container #1 to datanode d14351cf-a37f-45f4-ac3c-40eb157d2fdf{ip: 172.17.0.2, host: 84bc77fe8d45, networkLocation: /default-rack, certSerialId: null, persistedOpState: IN_SERVICE, persistedOpStateExpiryEpochSec: 0}
2021-01-10 09:03:41,497 [ReplicationMonitor] INFO  container.ReplicationManager (ReplicationManager.java:handleUnderReplicatedContainer(722)) - Container #2 is under replicated. Expected replica count is 3, but found 1.
2021-01-10 09:03:41,497 [ReplicationMonitor] INFO  container.ReplicationManager (ReplicationManager.java:sendReplicateCommand(970)) - Sending replicate container command for container #2 to datanode 4f04bfaa-b5ee-4e84-baf7-1b8b2eccc1ea{ip: 172.17.0.2, host: 84bc77fe8d45, networkLocation: /default-rack, certSerialId: null, persistedOpState: IN_SERVICE, persistedOpStateExpiryEpochSec: 0}
2021-01-10 09:03:41,498 [ReplicationMonitor] INFO  container.ReplicationManager (ReplicationManager.java:sendReplicateCommand(970)) - Sending replicate container command for container #2 to datanode ea22bb70-1677-4cc0-852f-01c880e0a945{ip: 172.17.0.2, host: 84bc77fe8d45, networkLocation: /default-rack, certSerialId: null, persistedOpState: IN_SERVICE, persistedOpStateExpiryEpochSec: 0}
2021-01-10 09:03:41,498 [ReplicationMonitor] INFO  container.ReplicationManager (ReplicationManager.java:run(250)) - Replication Monitor Thread took 0 milliseconds for processing 3 containers.
2021-01-10 09:03:41,575 [DatanodeAdminManager-0] INFO  node.DatanodeAdminMonitorImpl (DatanodeAdminMonitorImpl.java:checkContainersReplicatedOnNode(297)) - d99ff0d5-fc69-4ace-aa4c-ce8a85641abd{ip: 172.17.0.2, host: 84bc77fe8d45, networkLocation: /default-rack, certSerialId: null, persistedOpState: ENTERING_MAINTENANCE, persistedOpStateExpiryEpochSec: 0} has 0 sufficientlyReplicated, 3 underReplicated and 0 unhealthy containers
2021-01-10 09:03:41,575 [DatanodeAdminManager-0] INFO  node.DatanodeAdminMonitorImpl (DatanodeAdminMonitorImpl.java:checkContainersReplicatedOnNode(297)) - c4191e53-aaca-4d42-9f72-dc45ebf47022{ip: 172.17.0.2, host: 84bc77fe8d45, networkLocation: /default-rack, certSerialId: null, persistedOpState: ENTERING_MAINTENANCE, persistedOpStateExpiryEpochSec: 0} has 0 sufficientlyReplicated, 3 underReplicated and 0 unhealthy containers
2021-01-10 09:03:41,575 [DatanodeAdminManager-0] INFO  node.DatanodeAdminMonitorImpl (DatanodeAdminMonitorImpl.java:checkContainersReplicatedOnNode(297)) - 639a72ac-1b67-44d2-8fbe-212b735275e2{ip: 172.17.0.2, host: 84bc77fe8d45, networkLocation: /default-rack, certSerialId: null, persistedOpState: ENTERING_MAINTENANCE, persistedOpStateExpiryEpochSec: 0} has 0 sufficientlyReplicated, 3 underReplicated and 0 unhealthy containers
2021-01-10 09:03:41,576 [DatanodeAdminManager-0] INFO  node.DatanodeAdminMonitorImpl (DatanodeAdminMonitorImpl.java:run(136)) - There are 3 nodes tracked for decommission and maintenance. 0 pending nodes.
2021-01-10 09:03:42,002 [ContainerReplicationThread-0] INFO  replication.DownloadAndImportReplicator (DownloadAndImportReplicator.java:replicate(106)) - Starting replication of container 3 from [c4191e53-aaca-4d42-9f72-dc45ebf47022{ip: 172.17.0.2, host: 84bc77fe8d45, networkLocation: /default-rack, certSerialId: null, persistedOpState: ENTERING_MAINTENANCE, persistedOpStateExpiryEpochSec: 0}, d99ff0d5-fc69-4ace-aa4c-ce8a85641abd{ip: 172.17.0.2, host: 84bc77fe8d45, networkLocation: /default-rack, certSerialId: null, persistedOpState: ENTERING_MAINTENANCE, persistedOpStateExpiryEpochSec: 0}, 639a72ac-1b67-44d2-8fbe-212b735275e2{ip: 172.17.0.2, host: 84bc77fe8d45, networkLocation: /default-rack, certSerialId: null, persistedOpState: ENTERING_MAINTENANCE, persistedOpStateExpiryEpochSec: 0}]
2021-01-10 09:03:42,014 [grpc-default-executor-4] INFO  replication.GrpcReplicationService (GrpcReplicationService.java:download(52)) - Streaming container data (3) to other datanode
2021-01-10 09:03:42,024 [grpc-default-executor-4] INFO  replication.GrpcOutputStream (GrpcOutputStream.java:close(104)) - Sent 11801 bytes for container 3
2021-01-10 09:03:42,025 [grpc-default-executor-2] INFO  replication.GrpcReplicationClient (GrpcReplicationClient.java:onCompleted(186)) - Container 3 is downloaded to /github/workspace/mnt/ozone/hadoop-ozone/integration-test/target/test-dir/MiniOzoneClusterImpl-030730bd-5c5c-4c00-b8c2-b15b15404b1a/datanode-4/data/replication/work/container-3.tar.gz
2021-01-10 09:03:42,028 [ContainerReplicationThread-0] INFO  replication.DownloadAndImportReplicator (DownloadAndImportReplicator.java:replicate(117)) - Container 3 is downloaded, starting to import.
2021-01-10 09:03:42,052 [ContainerReplicationThread-0] INFO  replication.DownloadAndImportReplicator (DownloadAndImportReplicator.java:replicate(120)) - Container 3 is replicated successfully
2021-01-10 09:03:42,052 [ContainerReplicationThread-0] INFO  replication.ReplicationSupervisor (ReplicationSupervisor.java:run(147)) - Container 3 is replicated.
2021-01-10 09:03:42,462 [Command processor thread] INFO  keyvalue.KeyValueContainer (KeyValueContainer.java:flushAndSyncDB(388)) - Container 1 is synced with bcsId 72.
2021-01-10 09:03:42,462 [Command processor thread] INFO  keyvalue.KeyValueContainer (KeyValueContainer.java:flushAndSyncDB(388)) - Container 1 is synced with bcsId 72.
2021-01-10 09:03:42,466 [Command processor thread] INFO  keyvalue.KeyValueContainer (KeyValueContainer.java:close(326)) - Container 1 is closed with bcsId 72.
2021-01-10 09:03:42,468 [Command processor thread] INFO  keyvalue.KeyValueContainer (KeyValueContainer.java:flushAndSyncDB(388)) - Container 2 is synced with bcsId 76.
2021-01-10 09:03:42,468 [Command processor thread] INFO  keyvalue.KeyValueContainer (KeyValueContainer.java:flushAndSyncDB(388)) - Container 2 is synced with bcsId 76.
2021-01-10 09:03:42,469 [Command processor thread] INFO  keyvalue.KeyValueContainer (KeyValueContainer.java:flushAndSyncDB(388)) - Container 1 is synced with bcsId 72.
2021-01-10 09:03:42,469 [Command processor thread] INFO  keyvalue.KeyValueContainer (KeyValueContainer.java:flushAndSyncDB(388)) - Container 1 is synced with bcsId 72.
2021-01-10 09:03:42,471 [Command processor thread] INFO  keyvalue.KeyValueContainer (KeyValueContainer.java:close(326)) - Container 2 is closed with bcsId 76.
2021-01-10 09:03:42,473 [Command processor thread] INFO  keyvalue.KeyValueContainer (KeyValueContainer.java:close(326)) - Container 1 is closed with bcsId 72.
2021-01-10 09:03:42,473 [Command processor thread] INFO  keyvalue.KeyValueContainer (KeyValueContainer.java:flushAndSyncDB(388)) - Container 2 is synced with bcsId 76.
2021-01-10 09:03:42,474 [Command processor thread] INFO  keyvalue.KeyValueContainer (KeyValueContainer.java:flushAndSyncDB(388)) - Container 2 is synced with bcsId 76.
2021-01-10 09:03:42,475 [Command processor thread] INFO  keyvalue.KeyValueContainer (KeyValueContainer.java:close(326)) - Container 2 is closed with bcsId 76.
2021-01-10 09:03:42,492 [Command processor thread] INFO  keyvalue.KeyValueContainer (KeyValueContainer.java:flushAndSyncDB(388)) - Container 3 is synced with bcsId 68.
2021-01-10 09:03:42,492 [Command processor thread] INFO  keyvalue.KeyValueContainer (KeyValueContainer.java:flushAndSyncDB(388)) - Container 3 is synced with bcsId 68.
2021-01-10 09:03:42,494 [Command processor thread] INFO  keyvalue.KeyValueContainer (KeyValueContainer.java:close(326)) - Container 3 is closed with bcsId 68.
2021-01-10 09:03:42,498 [ReplicationMonitor] INFO  container.ReplicationManager (ReplicationManager.java:run(250)) - Replication Monitor Thread took 0 milliseconds for processing 3 containers.
2021-01-10 09:03:42,575 [DatanodeAdminManager-0] INFO  node.DatanodeAdminMonitorImpl (DatanodeAdminMonitorImpl.java:checkContainersReplicatedOnNode(297)) - d99ff0d5-fc69-4ace-aa4c-ce8a85641abd{ip: 172.17.0.2, host: 84bc77fe8d45, networkLocation: /default-rack, certSerialId: null, persistedOpState: ENTERING_MAINTENANCE, persistedOpStateExpiryEpochSec: 0} has 0 sufficientlyReplicated, 3 underReplicated and 1 unhealthy containers
2021-01-10 09:03:42,575 [DatanodeAdminManager-0] INFO  node.DatanodeAdminMonitorImpl (DatanodeAdminMonitorImpl.java:checkContainersReplicatedOnNode(297)) - c4191e53-aaca-4d42-9f72-dc45ebf47022{ip: 172.17.0.2, host: 84bc77fe8d45, networkLocation: /default-rack, certSerialId: null, persistedOpState: ENTERING_MAINTENANCE, persistedOpStateExpiryEpochSec: 0} has 0 sufficientlyReplicated, 3 underReplicated and 1 unhealthy containers
2021-01-10 09:03:42,575 [DatanodeAdminManager-0] INFO  node.DatanodeAdminMonitorImpl (DatanodeAdminMonitorImpl.java:checkContainersReplicatedOnNode(297)) - 639a72ac-1b67-44d2-8fbe-212b735275e2{ip: 172.17.0.2, host: 84bc77fe8d45, networkLocation: /default-rack, certSerialId: null, persistedOpState: ENTERING_MAINTENANCE, persistedOpStateExpiryEpochSec: 0} has 0 sufficientlyReplicated, 3 underReplicated and 1 unhealthy containers
2021-01-10 09:03:42,575 [DatanodeAdminManager-0] INFO  node.DatanodeAdminMonitorImpl (DatanodeAdminMonitorImpl.java:run(136)) - There are 3 nodes tracked for decommission and maintenance. 0 pending nodes.
2021-01-10 09:03:42,858 [ContainerReplicationThread-0] INFO  replication.DownloadAndImportReplicator (DownloadAndImportReplicator.java:replicate(106)) - Starting replication of container 3 from [c4191e53-aaca-4d42-9f72-dc45ebf47022{ip: 172.17.0.2, host: 84bc77fe8d45, networkLocation: /default-rack, certSerialId: null, persistedOpState: ENTERING_MAINTENANCE, persistedOpStateExpiryEpochSec: 0}, d99ff0d5-fc69-4ace-aa4c-ce8a85641abd{ip: 172.17.0.2, host: 84bc77fe8d45, networkLocation: /default-rack, certSerialId: null, persistedOpState: ENTERING_MAINTENANCE, persistedOpStateExpiryEpochSec: 0}, 639a72ac-1b67-44d2-8fbe-212b735275e2{ip: 172.17.0.2, host: 84bc77fe8d45, networkLocation: /default-rack, certSerialId: null, persistedOpState: ENTERING_MAINTENANCE, persistedOpStateExpiryEpochSec: 0}]
2021-01-10 09:03:42,859 [ContainerReplicationThread-1] INFO  replication.DownloadAndImportReplicator (DownloadAndImportReplicator.java:replicate(106)) - Starting replication of container 1 from [639a72ac-1b67-44d2-8fbe-212b735275e2{ip: 172.17.0.2, host: 84bc77fe8d45, networkLocation: /default-rack, certSerialId: null, persistedOpState: ENTERING_MAINTENANCE, persistedOpStateExpiryEpochSec: 0}, c4191e53-aaca-4d42-9f72-dc45ebf47022{ip: 172.17.0.2, host: 84bc77fe8d45, networkLocation: /default-rack, certSerialId: null, persistedOpState: ENTERING_MAINTENANCE, persistedOpStateExpiryEpochSec: 0}, d99ff0d5-fc69-4ace-aa4c-ce8a85641abd{ip: 172.17.0.2, host: 84bc77fe8d45, networkLocation: /default-rack, certSerialId: null, persistedOpState: ENTERING_MAINTENANCE, persistedOpStateExpiryEpochSec: 0}]
2021-01-10 09:03:42,864 [grpc-default-executor-4] INFO  replication.GrpcReplicationService (GrpcReplicationService.java:download(52)) - Streaming container data (3) to other datanode
2021-01-10 09:03:42,871 [grpc-default-executor-4] INFO  replication.GrpcOutputStream (GrpcOutputStream.java:close(104)) - Sent 11908 bytes for container 3
2021-01-10 09:03:42,873 [grpc-default-executor-2] INFO  replication.GrpcReplicationService (GrpcReplicationService.java:download(52)) - Streaming container data (1) to other datanode
2021-01-10 09:03:42,874 [grpc-default-executor-4] INFO  replication.GrpcReplicationClient (GrpcReplicationClient.java:onCompleted(186)) - Container 3 is downloaded to /github/workspace/mnt/ozone/hadoop-ozone/integration-test/target/test-dir/MiniOzoneClusterImpl-030730bd-5c5c-4c00-b8c2-b15b15404b1a/datanode-3/data/replication/work/container-3.tar.gz
2021-01-10 09:03:42,875 [ContainerReplicationThread-0] INFO  replication.DownloadAndImportReplicator (DownloadAndImportReplicator.java:replicate(117)) - Container 3 is downloaded, starting to import.
2021-01-10 09:03:42,887 [grpc-default-executor-2] INFO  replication.GrpcOutputStream (GrpcOutputStream.java:close(104)) - Sent 11819 bytes for container 1
2021-01-10 09:03:42,889 [grpc-default-executor-2] INFO  replication.GrpcReplicationClient (GrpcReplicationClient.java:onCompleted(186)) - Container 1 is downloaded to /github/workspace/mnt/ozone/hadoop-ozone/integration-test/target/test-dir/MiniOzoneClusterImpl-030730bd-5c5c-4c00-b8c2-b15b15404b1a/datanode-3/data/replication/work/container-1.tar.gz
2021-01-10 09:03:42,890 [ContainerReplicationThread-1] INFO  replication.DownloadAndImportReplicator (DownloadAndImportReplicator.java:replicate(117)) - Container 1 is downloaded, starting to import.
2021-01-10 09:03:42,909 [ContainerReplicationThread-0] INFO  replication.DownloadAndImportReplicator (DownloadAndImportReplicator.java:replicate(120)) - Container 3 is replicated successfully
2021-01-10 09:03:42,909 [ContainerReplicationThread-0] INFO  replication.ReplicationSupervisor (ReplicationSupervisor.java:run(147)) - Container 3 is replicated.
2021-01-10 09:03:42,915 [ContainerReplicationThread-1] INFO  replication.DownloadAndImportReplicator (DownloadAndImportReplicator.java:replicate(120)) - Container 1 is replicated successfully
2021-01-10 09:03:42,915 [ContainerReplicationThread-1] INFO  replication.ReplicationSupervisor (ReplicationSupervisor.java:run(147)) - Container 1 is replicated.
2021-01-10 09:03:43,499 [ReplicationMonitor] INFO  container.ReplicationManager (ReplicationManager.java:run(250)) - Replication Monitor Thread took 1 milliseconds for processing 3 containers.
2021-01-10 09:03:43,575 [DatanodeAdminManager-0] INFO  node.DatanodeAdminMonitorImpl (DatanodeAdminMonitorImpl.java:checkContainersReplicatedOnNode(297)) - d99ff0d5-fc69-4ace-aa4c-ce8a85641abd{ip: 172.17.0.2, host: 84bc77fe8d45, networkLocation: /default-rack, certSerialId: null, persistedOpState: ENTERING_MAINTENANCE, persistedOpStateExpiryEpochSec: 0} has 0 sufficientlyReplicated, 3 underReplicated and 1 unhealthy containers
2021-01-10 09:03:43,575 [DatanodeAdminManager-0] INFO  node.DatanodeAdminMonitorImpl (DatanodeAdminMonitorImpl.java:checkContainersReplicatedOnNode(297)) - c4191e53-aaca-4d42-9f72-dc45ebf47022{ip: 172.17.0.2, host: 84bc77fe8d45, networkLocation: /default-rack, certSerialId: null, persistedOpState: ENTERING_MAINTENANCE, persistedOpStateExpiryEpochSec: 0} has 0 sufficientlyReplicated, 3 underReplicated and 1 unhealthy containers
2021-01-10 09:03:43,575 [DatanodeAdminManager-0] INFO  node.DatanodeAdminMonitorImpl (DatanodeAdminMonitorImpl.java:checkContainersReplicatedOnNode(297)) - 639a72ac-1b67-44d2-8fbe-212b735275e2{ip: 172.17.0.2, host: 84bc77fe8d45, networkLocation: /default-rack, certSerialId: null, persistedOpState: ENTERING_MAINTENANCE, persistedOpStateExpiryEpochSec: 0} has 0 sufficientlyReplicated, 3 underReplicated and 1 unhealthy containers
2021-01-10 09:03:43,575 [DatanodeAdminManager-0] INFO  node.DatanodeAdminMonitorImpl (DatanodeAdminMonitorImpl.java:run(136)) - There are 3 nodes tracked for decommission and maintenance. 0 pending nodes.
2021-01-10 09:03:44,002 [ContainerReplicationThread-1] INFO  replication.DownloadAndImportReplicator (DownloadAndImportReplicator.java:replicate(106)) - Starting replication of container 2 from [c4191e53-aaca-4d42-9f72-dc45ebf47022{ip: 172.17.0.2, host: 84bc77fe8d45, networkLocation: /default-rack, certSerialId: null, persistedOpState: ENTERING_MAINTENANCE, persistedOpStateExpiryEpochSec: 0}, d99ff0d5-fc69-4ace-aa4c-ce8a85641abd{ip: 172.17.0.2, host: 84bc77fe8d45, networkLocation: /default-rack, certSerialId: null, persistedOpState: ENTERING_MAINTENANCE, persistedOpStateExpiryEpochSec: 0}, 639a72ac-1b67-44d2-8fbe-212b735275e2{ip: 172.17.0.2, host: 84bc77fe8d45, networkLocation: /default-rack, certSerialId: null, persistedOpState: ENTERING_MAINTENANCE, persistedOpStateExpiryEpochSec: 0}]
2021-01-10 09:03:44,007 [grpc-default-executor-2] INFO  replication.GrpcReplicationService (GrpcReplicationService.java:download(52)) - Streaming container data (2) to other datanode
2021-01-10 09:03:44,016 [grpc-default-executor-2] INFO  replication.GrpcOutputStream (GrpcOutputStream.java:close(104)) - Sent 11993 bytes for container 2
2021-01-10 09:03:44,017 [grpc-default-executor-2] INFO  replication.GrpcReplicationClient (GrpcReplicationClient.java:onCompleted(186)) - Container 2 is downloaded to /github/workspace/mnt/ozone/hadoop-ozone/integration-test/target/test-dir/MiniOzoneClusterImpl-030730bd-5c5c-4c00-b8c2-b15b15404b1a/datanode-4/data/replication/work/container-2.tar.gz
2021-01-10 09:03:44,020 [ContainerReplicationThread-1] INFO  replication.DownloadAndImportReplicator (DownloadAndImportReplicator.java:replicate(117)) - Container 2 is downloaded, starting to import.
2021-01-10 09:03:44,043 [ContainerReplicationThread-1] INFO  replication.DownloadAndImportReplicator (DownloadAndImportReplicator.java:replicate(120)) - Container 2 is replicated successfully
2021-01-10 09:03:44,043 [ContainerReplicationThread-1] INFO  replication.ReplicationSupervisor (ReplicationSupervisor.java:run(147)) - Container 2 is replicated.
2021-01-10 09:03:44,286 [ContainerReplicationThread-0] INFO  replication.DownloadAndImportReplicator (DownloadAndImportReplicator.java:replicate(106)) - Starting replication of container 1 from [639a72ac-1b67-44d2-8fbe-212b735275e2{ip: 172.17.0.2, host: 84bc77fe8d45, networkLocation: /default-rack, certSerialId: null, persistedOpState: ENTERING_MAINTENANCE, persistedOpStateExpiryEpochSec: 0}, c4191e53-aaca-4d42-9f72-dc45ebf47022{ip: 172.17.0.2, host: 84bc77fe8d45, networkLocation: /default-rack, certSerialId: null, persistedOpState: ENTERING_MAINTENANCE, persistedOpStateExpiryEpochSec: 0}, d99ff0d5-fc69-4ace-aa4c-ce8a85641abd{ip: 172.17.0.2, host: 84bc77fe8d45, networkLocation: /default-rack, certSerialId: null, persistedOpState: ENTERING_MAINTENANCE, persistedOpStateExpiryEpochSec: 0}]
2021-01-10 09:03:44,287 [ContainerReplicationThread-1] INFO  replication.DownloadAndImportReplicator (DownloadAndImportReplicator.java:replicate(106)) - Starting replication of container 2 from [c4191e53-aaca-4d42-9f72-dc45ebf47022{ip: 172.17.0.2, host: 84bc77fe8d45, networkLocation: /default-rack, certSerialId: null, persistedOpState: ENTERING_MAINTENANCE, persistedOpStateExpiryEpochSec: 0}, d99ff0d5-fc69-4ace-aa4c-ce8a85641abd{ip: 172.17.0.2, host: 84bc77fe8d45, networkLocation: /default-rack, certSerialId: null, persistedOpState: ENTERING_MAINTENANCE, persistedOpStateExpiryEpochSec: 0}, 639a72ac-1b67-44d2-8fbe-212b735275e2{ip: 172.17.0.2, host: 84bc77fe8d45, networkLocation: /default-rack, certSerialId: null, persistedOpState: ENTERING_MAINTENANCE, persistedOpStateExpiryEpochSec: 0}]
2021-01-10 09:03:44,296 [grpc-default-executor-4] INFO  replication.GrpcReplicationService (GrpcReplicationService.java:download(52)) - Streaming container data (2) to other datanode
2021-01-10 09:03:44,299 [grpc-default-executor-2] INFO  replication.GrpcReplicationService (GrpcReplicationService.java:download(52)) - Streaming container data (1) to other datanode
2021-01-10 09:03:44,302 [grpc-default-executor-4] INFO  replication.GrpcOutputStream (GrpcOutputStream.java:close(104)) - Sent 11896 bytes for container 2
2021-01-10 09:03:44,306 [grpc-default-executor-4] INFO  replication.GrpcReplicationClient (GrpcReplicationClient.java:onCompleted(186)) - Container 2 is downloaded to /github/workspace/mnt/ozone/hadoop-ozone/integration-test/target/test-dir/MiniOzoneClusterImpl-030730bd-5c5c-4c00-b8c2-b15b15404b1a/datanode-5/data/replication/work/container-2.tar.gz
2021-01-10 09:03:44,308 [grpc-default-executor-2] INFO  replication.GrpcOutputStream (GrpcOutputStream.java:close(104)) - Sent 11911 bytes for container 1
2021-01-10 09:03:44,309 [ContainerReplicationThread-1] INFO  replication.DownloadAndImportReplicator (DownloadAndImportReplicator.java:replicate(117)) - Container 2 is downloaded, starting to import.
2021-01-10 09:03:44,310 [grpc-default-executor-2] INFO  replication.GrpcReplicationClient (GrpcReplicationClient.java:onCompleted(186)) - Container 1 is downloaded to /github/workspace/mnt/ozone/hadoop-ozone/integration-test/target/test-dir/MiniOzoneClusterImpl-030730bd-5c5c-4c00-b8c2-b15b15404b1a/datanode-5/data/replication/work/container-1.tar.gz
2021-01-10 09:03:44,316 [ContainerReplicationThread-0] INFO  replication.DownloadAndImportReplicator (DownloadAndImportReplicator.java:replicate(117)) - Container 1 is downloaded, starting to import.
2021-01-10 09:03:44,343 [ContainerReplicationThread-1] INFO  replication.DownloadAndImportReplicator (DownloadAndImportReplicator.java:replicate(120)) - Container 2 is replicated successfully
2021-01-10 09:03:44,343 [ContainerReplicationThread-1] INFO  replication.ReplicationSupervisor (ReplicationSupervisor.java:run(147)) - Container 2 is replicated.
2021-01-10 09:03:44,345 [ContainerReplicationThread-0] INFO  replication.DownloadAndImportReplicator (DownloadAndImportReplicator.java:replicate(120)) - Container 1 is replicated successfully
2021-01-10 09:03:44,345 [ContainerReplicationThread-0] INFO  replication.ReplicationSupervisor (ReplicationSupervisor.java:run(147)) - Container 1 is replicated.
2021-01-10 09:03:44,499 [ReplicationMonitor] INFO  container.ReplicationManager (ReplicationManager.java:handleUnderReplicatedContainer(722)) - Container #1 is under replicated. Expected replica count is 3, but found 2.
2021-01-10 09:03:44,500 [ReplicationMonitor] INFO  container.ReplicationManager (ReplicationManager.java:sendReplicateCommand(970)) - Sending replicate container command for container #1 to datanode 4f04bfaa-b5ee-4e84-baf7-1b8b2eccc1ea{ip: 172.17.0.2, host: 84bc77fe8d45, networkLocation: /default-rack, certSerialId: null, persistedOpState: IN_SERVICE, persistedOpStateExpiryEpochSec: 0}
2021-01-10 09:03:44,500 [ReplicationMonitor] INFO  container.ReplicationManager (ReplicationManager.java:run(250)) - Replication Monitor Thread took 1 milliseconds for processing 3 containers.
2021-01-10 09:03:44,575 [DatanodeAdminManager-0] INFO  node.DatanodeAdminMonitorImpl (DatanodeAdminMonitorImpl.java:checkContainersReplicatedOnNode(297)) - d99ff0d5-fc69-4ace-aa4c-ce8a85641abd{ip: 172.17.0.2, host: 84bc77fe8d45, networkLocation: /default-rack, certSerialId: null, persistedOpState: ENTERING_MAINTENANCE, persistedOpStateExpiryEpochSec: 0} has 0 sufficientlyReplicated, 3 underReplicated and 1 unhealthy containers
2021-01-10 09:03:44,575 [DatanodeAdminManager-0] INFO  node.DatanodeAdminMonitorImpl (DatanodeAdminMonitorImpl.java:checkContainersReplicatedOnNode(297)) - c4191e53-aaca-4d42-9f72-dc45ebf47022{ip: 172.17.0.2, host: 84bc77fe8d45, networkLocation: /default-rack, certSerialId: null, persistedOpState: ENTERING_MAINTENANCE, persistedOpStateExpiryEpochSec: 0} has 0 sufficientlyReplicated, 3 underReplicated and 1 unhealthy containers
2021-01-10 09:03:44,575 [DatanodeAdminManager-0] INFO  node.DatanodeAdminMonitorImpl (DatanodeAdminMonitorImpl.java:checkContainersReplicatedOnNode(297)) - 639a72ac-1b67-44d2-8fbe-212b735275e2{ip: 172.17.0.2, host: 84bc77fe8d45, networkLocation: /default-rack, certSerialId: null, persistedOpState: ENTERING_MAINTENANCE, persistedOpStateExpiryEpochSec: 0} has 0 sufficientlyReplicated, 3 underReplicated and 1 unhealthy containers
2021-01-10 09:03:44,575 [DatanodeAdminManager-0] INFO  node.DatanodeAdminMonitorImpl (DatanodeAdminMonitorImpl.java:run(136)) - There are 3 nodes tracked for decommission and maintenance. 0 pending nodes.
2021-01-10 09:03:45,054 [ContainerReplicationThread-2] INFO  replication.DownloadAndImportReplicator (DownloadAndImportReplicator.java:replicate(106)) - Starting replication of container 1 from [639a72ac-1b67-44d2-8fbe-212b735275e2{ip: 172.17.0.2, host: 84bc77fe8d45, networkLocation: /default-rack, certSerialId: null, persistedOpState: ENTERING_MAINTENANCE, persistedOpStateExpiryEpochSec: 0}, c4191e53-aaca-4d42-9f72-dc45ebf47022{ip: 172.17.0.2, host: 84bc77fe8d45, networkLocation: /default-rack, certSerialId: null, persistedOpState: ENTERING_MAINTENANCE, persistedOpStateExpiryEpochSec: 0}, d99ff0d5-fc69-4ace-aa4c-ce8a85641abd{ip: 172.17.0.2, host: 84bc77fe8d45, networkLocation: /default-rack, certSerialId: null, persistedOpState: ENTERING_MAINTENANCE, persistedOpStateExpiryEpochSec: 0}, ea22bb70-1677-4cc0-852f-01c880e0a945{ip: 172.17.0.2, host: 84bc77fe8d45, networkLocation: /default-rack, certSerialId: null, persistedOpState: IN_SERVICE, persistedOpStateExpiryEpochSec: 0}]
2021-01-10 09:03:45,060 [grpc-default-executor-2] INFO  replication.GrpcReplicationService (GrpcReplicationService.java:download(52)) - Streaming container data (1) to other datanode
2021-01-10 09:03:45,080 [grpc-default-executor-2] INFO  replication.GrpcOutputStream (GrpcOutputStream.java:close(104)) - Sent 23818 bytes for container 1
2021-01-10 09:03:45,087 [grpc-default-executor-2] INFO  replication.GrpcReplicationClient (GrpcReplicationClient.java:onCompleted(186)) - Container 1 is downloaded to /github/workspace/mnt/ozone/hadoop-ozone/integration-test/target/test-dir/MiniOzoneClusterImpl-030730bd-5c5c-4c00-b8c2-b15b15404b1a/datanode-4/data/replication/work/container-1.tar.gz
2021-01-10 09:03:45,088 [ContainerReplicationThread-2] INFO  replication.DownloadAndImportReplicator (DownloadAndImportReplicator.java:replicate(117)) - Container 1 is downloaded, starting to import.
2021-01-10 09:03:45,114 [ContainerReplicationThread-2] INFO  replication.DownloadAndImportReplicator (DownloadAndImportReplicator.java:replicate(120)) - Container 1 is replicated successfully
2021-01-10 09:03:45,114 [ContainerReplicationThread-2] INFO  replication.ReplicationSupervisor (ReplicationSupervisor.java:run(147)) - Container 1 is replicated.
2021-01-10 09:03:45,501 [ReplicationMonitor] INFO  container.ReplicationManager (ReplicationManager.java:sendCloseCommand(948)) - Sending close container command for container #3 to datanode 4f04bfaa-b5ee-4e84-baf7-1b8b2eccc1ea{ip: 172.17.0.2, host: 84bc77fe8d45, networkLocation: /default-rack, certSerialId: null, persistedOpState: IN_SERVICE, persistedOpStateExpiryEpochSec: 0}.
2021-01-10 09:03:45,501 [ReplicationMonitor] INFO  container.ReplicationManager (ReplicationManager.java:run(250)) - Replication Monitor Thread took 1 milliseconds for processing 3 containers.
2021-01-10 09:03:45,575 [DatanodeAdminManager-0] INFO  node.DatanodeAdminMonitorImpl (DatanodeAdminMonitorImpl.java:checkContainersReplicatedOnNode(297)) - d99ff0d5-fc69-4ace-aa4c-ce8a85641abd{ip: 172.17.0.2, host: 84bc77fe8d45, networkLocation: /default-rack, certSerialId: null, persistedOpState: ENTERING_MAINTENANCE, persistedOpStateExpiryEpochSec: 0} has 2 sufficientlyReplicated, 1 underReplicated and 1 unhealthy containers
2021-01-10 09:03:45,575 [DatanodeAdminManager-0] INFO  node.DatanodeAdminMonitorImpl (DatanodeAdminMonitorImpl.java:checkContainersReplicatedOnNode(297)) - c4191e53-aaca-4d42-9f72-dc45ebf47022{ip: 172.17.0.2, host: 84bc77fe8d45, networkLocation: /default-rack, certSerialId: null, persistedOpState: ENTERING_MAINTENANCE, persistedOpStateExpiryEpochSec: 0} has 2 sufficientlyReplicated, 1 underReplicated and 1 unhealthy containers
2021-01-10 09:03:45,575 [DatanodeAdminManager-0] INFO  node.DatanodeAdminMonitorImpl (DatanodeAdminMonitorImpl.java:checkContainersReplicatedOnNode(297)) - 639a72ac-1b67-44d2-8fbe-212b735275e2{ip: 172.17.0.2, host: 84bc77fe8d45, networkLocation: /default-rack, certSerialId: null, persistedOpState: ENTERING_MAINTENANCE, persistedOpStateExpiryEpochSec: 0} has 2 sufficientlyReplicated, 1 underReplicated and 1 unhealthy containers
2021-01-10 09:03:45,575 [DatanodeAdminManager-0] INFO  node.DatanodeAdminMonitorImpl (DatanodeAdminMonitorImpl.java:run(136)) - There are 3 nodes tracked for decommission and maintenance. 0 pending nodes.
2021-01-10 09:03:46,501 [ReplicationMonitor] INFO  container.ReplicationManager (ReplicationManager.java:sendCloseCommand(948)) - Sending close container command for container #3 to datanode 4f04bfaa-b5ee-4e84-baf7-1b8b2eccc1ea{ip: 172.17.0.2, host: 84bc77fe8d45, networkLocation: /default-rack, certSerialId: null, persistedOpState: IN_SERVICE, persistedOpStateExpiryEpochSec: 0}.
2021-01-10 09:03:46,502 [ReplicationMonitor] INFO  container.ReplicationManager (ReplicationManager.java:run(250)) - Replication Monitor Thread took 0 milliseconds for processing 3 containers.
2021-01-10 09:03:46,575 [DatanodeAdminManager-0] INFO  node.DatanodeAdminMonitorImpl (DatanodeAdminMonitorImpl.java:checkContainersReplicatedOnNode(297)) - d99ff0d5-fc69-4ace-aa4c-ce8a85641abd{ip: 172.17.0.2, host: 84bc77fe8d45, networkLocation: /default-rack, certSerialId: null, persistedOpState: ENTERING_MAINTENANCE, persistedOpStateExpiryEpochSec: 0} has 3 sufficientlyReplicated, 0 underReplicated and 1 unhealthy containers
2021-01-10 09:03:46,575 [DatanodeAdminManager-0] INFO  node.DatanodeAdminMonitorImpl (DatanodeAdminMonitorImpl.java:checkContainersReplicatedOnNode(297)) - c4191e53-aaca-4d42-9f72-dc45ebf47022{ip: 172.17.0.2, host: 84bc77fe8d45, networkLocation: /default-rack, certSerialId: null, persistedOpState: ENTERING_MAINTENANCE, persistedOpStateExpiryEpochSec: 0} has 3 sufficientlyReplicated, 0 underReplicated and 1 unhealthy containers
2021-01-10 09:03:46,575 [DatanodeAdminManager-0] INFO  node.DatanodeAdminMonitorImpl (DatanodeAdminMonitorImpl.java:checkContainersReplicatedOnNode(297)) - 639a72ac-1b67-44d2-8fbe-212b735275e2{ip: 172.17.0.2, host: 84bc77fe8d45, networkLocation: /default-rack, certSerialId: null, persistedOpState: ENTERING_MAINTENANCE, persistedOpStateExpiryEpochSec: 0} has 3 sufficientlyReplicated, 0 underReplicated and 1 unhealthy containers
2021-01-10 09:03:46,575 [DatanodeAdminManager-0] INFO  node.DatanodeAdminMonitorImpl (DatanodeAdminMonitorImpl.java:run(136)) - There are 3 nodes tracked for decommission and maintenance. 0 pending nodes.
2021-01-10 09:03:47,064 [Command processor thread] INFO  keyvalue.KeyValueContainer (KeyValueContainer.java:flushAndSyncDB(388)) - Container 3 is synced with bcsId 68.
2021-01-10 09:03:47,065 [Command processor thread] INFO  keyvalue.KeyValueContainer (KeyValueContainer.java:flushAndSyncDB(388)) - Container 3 is synced with bcsId 68.
2021-01-10 09:03:47,067 [Command processor thread] INFO  keyvalue.KeyValueContainer (KeyValueContainer.java:close(326)) - Container 3 is closed with bcsId 68.
2021-01-10 09:03:47,502 [ReplicationMonitor] INFO  container.ReplicationManager (ReplicationManager.java:sendCloseCommand(948)) - Sending close container command for container #3 to datanode 4f04bfaa-b5ee-4e84-baf7-1b8b2eccc1ea{ip: 172.17.0.2, host: 84bc77fe8d45, networkLocation: /default-rack, certSerialId: null, persistedOpState: IN_SERVICE, persistedOpStateExpiryEpochSec: 0}.
2021-01-10 09:03:47,502 [ReplicationMonitor] INFO  container.ReplicationManager (ReplicationManager.java:run(250)) - Replication Monitor Thread took 0 milliseconds for processing 3 containers.
2021-01-10 09:03:47,575 [DatanodeAdminManager-0] INFO  node.DatanodeAdminMonitorImpl (DatanodeAdminMonitorImpl.java:checkContainersReplicatedOnNode(297)) - d99ff0d5-fc69-4ace-aa4c-ce8a85641abd{ip: 172.17.0.2, host: 84bc77fe8d45, networkLocation: /default-rack, certSerialId: null, persistedOpState: ENTERING_MAINTENANCE, persistedOpStateExpiryEpochSec: 0} has 3 sufficientlyReplicated, 0 underReplicated and 1 unhealthy containers
2021-01-10 09:03:47,575 [DatanodeAdminManager-0] INFO  node.DatanodeAdminMonitorImpl (DatanodeAdminMonitorImpl.java:checkContainersReplicatedOnNode(297)) - c4191e53-aaca-4d42-9f72-dc45ebf47022{ip: 172.17.0.2, host: 84bc77fe8d45, networkLocation: /default-rack, certSerialId: null, persistedOpState: ENTERING_MAINTENANCE, persistedOpStateExpiryEpochSec: 0} has 3 sufficientlyReplicated, 0 underReplicated and 1 unhealthy containers
2021-01-10 09:03:47,575 [DatanodeAdminManager-0] INFO  node.DatanodeAdminMonitorImpl (DatanodeAdminMonitorImpl.java:checkContainersReplicatedOnNode(297)) - 639a72ac-1b67-44d2-8fbe-212b735275e2{ip: 172.17.0.2, host: 84bc77fe8d45, networkLocation: /default-rack, certSerialId: null, persistedOpState: ENTERING_MAINTENANCE, persistedOpStateExpiryEpochSec: 0} has 3 sufficientlyReplicated, 0 underReplicated and 1 unhealthy containers
2021-01-10 09:03:47,575 [DatanodeAdminManager-0] INFO  node.DatanodeAdminMonitorImpl (DatanodeAdminMonitorImpl.java:run(136)) - There are 3 nodes tracked for decommission and maintenance. 0 pending nodes.
2021-01-10 09:03:48,503 [ReplicationMonitor] INFO  container.ReplicationManager (ReplicationManager.java:run(250)) - Replication Monitor Thread took 1 milliseconds for processing 3 containers.
2021-01-10 09:03:48,575 [DatanodeAdminManager-0] INFO  node.DatanodeAdminMonitorImpl (DatanodeAdminMonitorImpl.java:checkContainersReplicatedOnNode(297)) - d99ff0d5-fc69-4ace-aa4c-ce8a85641abd{ip: 172.17.0.2, host: 84bc77fe8d45, networkLocation: /default-rack, certSerialId: null, persistedOpState: ENTERING_MAINTENANCE, persistedOpStateExpiryEpochSec: 0} has 3 sufficientlyReplicated, 0 underReplicated and 0 unhealthy containers
2021-01-10 09:03:48,575 [DatanodeAdminManager-0] INFO  node.DatanodeAdminMonitorImpl (DatanodeAdminMonitorImpl.java:putIntoMaintenance(313)) - Datanode d99ff0d5-fc69-4ace-aa4c-ce8a85641abd{ip: 172.17.0.2, host: 84bc77fe8d45, networkLocation: /default-rack, certSerialId: null, persistedOpState: ENTERING_MAINTENANCE, persistedOpStateExpiryEpochSec: 0} has entered maintenance
2021-01-10 09:03:48,575 [DatanodeAdminManager-0] INFO  node.DatanodeAdminMonitorImpl (DatanodeAdminMonitorImpl.java:checkContainersReplicatedOnNode(297)) - c4191e53-aaca-4d42-9f72-dc45ebf47022{ip: 172.17.0.2, host: 84bc77fe8d45, networkLocation: /default-rack, certSerialId: null, persistedOpState: ENTERING_MAINTENANCE, persistedOpStateExpiryEpochSec: 0} has 3 sufficientlyReplicated, 0 underReplicated and 0 unhealthy containers
2021-01-10 09:03:48,575 [DatanodeAdminManager-0] INFO  node.DatanodeAdminMonitorImpl (DatanodeAdminMonitorImpl.java:putIntoMaintenance(313)) - Datanode c4191e53-aaca-4d42-9f72-dc45ebf47022{ip: 172.17.0.2, host: 84bc77fe8d45, networkLocation: /default-rack, certSerialId: null, persistedOpState: ENTERING_MAINTENANCE, persistedOpStateExpiryEpochSec: 0} has entered maintenance
2021-01-10 09:03:48,576 [DatanodeAdminManager-0] INFO  node.DatanodeAdminMonitorImpl (DatanodeAdminMonitorImpl.java:checkContainersReplicatedOnNode(297)) - 639a72ac-1b67-44d2-8fbe-212b735275e2{ip: 172.17.0.2, host: 84bc77fe8d45, networkLocation: /default-rack, certSerialId: null, persistedOpState: ENTERING_MAINTENANCE, persistedOpStateExpiryEpochSec: 0} has 3 sufficientlyReplicated, 0 underReplicated and 0 unhealthy containers
2021-01-10 09:03:48,576 [DatanodeAdminManager-0] INFO  node.DatanodeAdminMonitorImpl (DatanodeAdminMonitorImpl.java:putIntoMaintenance(313)) - Datanode 639a72ac-1b67-44d2-8fbe-212b735275e2{ip: 172.17.0.2, host: 84bc77fe8d45, networkLocation: /default-rack, certSerialId: null, persistedOpState: ENTERING_MAINTENANCE, persistedOpStateExpiryEpochSec: 0} has entered maintenance
2021-01-10 09:03:48,576 [DatanodeAdminManager-0] INFO  node.DatanodeAdminMonitorImpl (DatanodeAdminMonitorImpl.java:run(136)) - There are 3 nodes tracked for decommission and maintenance. 0 pending nodes.
2021-01-10 09:03:49,477 [IPC Server handler 8 on default port 34769] INFO  node.SCMNodeManager (SCMNodeManager.java:updateDatanodeOpState(419)) - Scheduling a command to update the operationalState persisted on the datanode as the reported value (ENTERING_MAINTENANCE, 0) does not match the value stored in SCM (IN_MAINTENANCE, 0)
2021-01-10 09:03:49,479 [IPC Server handler 13 on default port 34769] INFO  node.SCMNodeManager (SCMNodeManager.java:updateDatanodeOpState(419)) - Scheduling a command to update the operationalState persisted on the datanode as the reported value (ENTERING_MAINTENANCE, 0) does not match the value stored in SCM (IN_MAINTENANCE, 0)
2021-01-10 09:03:49,496 [IPC Server handler 4 on default port 34769] INFO  node.SCMNodeManager (SCMNodeManager.java:updateDatanodeOpState(419)) - Scheduling a command to update the operationalState persisted on the datanode as the reported value (ENTERING_MAINTENANCE, 0) does not match the value stored in SCM (IN_MAINTENANCE, 0)
2021-01-10 09:03:49,503 [ReplicationMonitor] INFO  container.ReplicationManager (ReplicationManager.java:run(250)) - Replication Monitor Thread took 0 milliseconds for processing 3 containers.
2021-01-10 09:03:49,574 [DatanodeAdminManager-0] INFO  node.DatanodeAdminMonitorImpl (DatanodeAdminMonitorImpl.java:run(136)) - There are 3 nodes tracked for decommission and maintenance. 0 pending nodes.
2021-01-10 09:03:50,477 [IPC Server handler 11 on default port 34769] INFO  node.SCMNodeManager (SCMNodeManager.java:updateDatanodeOpState(419)) - Scheduling a command to update the operationalState persisted on the datanode as the reported value (ENTERING_MAINTENANCE, 0) does not match the value stored in SCM (IN_MAINTENANCE, 0)
2021-01-10 09:03:50,479 [IPC Server handler 13 on default port 34769] INFO  node.SCMNodeManager (SCMNodeManager.java:updateDatanodeOpState(419)) - Scheduling a command to update the operationalState persisted on the datanode as the reported value (ENTERING_MAINTENANCE, 0) does not match the value stored in SCM (IN_MAINTENANCE, 0)
2021-01-10 09:03:50,496 [IPC Server handler 4 on default port 34769] INFO  node.SCMNodeManager (SCMNodeManager.java:updateDatanodeOpState(419)) - Scheduling a command to update the operationalState persisted on the datanode as the reported value (ENTERING_MAINTENANCE, 0) does not match the value stored in SCM (IN_MAINTENANCE, 0)
2021-01-10 09:03:50,504 [ReplicationMonitor] INFO  container.ReplicationManager (ReplicationManager.java:run(250)) - Replication Monitor Thread took 1 milliseconds for processing 3 containers.
2021-01-10 09:03:50,574 [DatanodeAdminManager-0] INFO  node.DatanodeAdminMonitorImpl (DatanodeAdminMonitorImpl.java:run(136)) - There are 3 nodes tracked for decommission and maintenance. 0 pending nodes.
2021-01-10 09:03:51,477 [IPC Server handler 11 on default port 34769] INFO  node.SCMNodeManager (SCMNodeManager.java:updateDatanodeOpState(419)) - Scheduling a command to update the operationalState persisted on the datanode as the reported value (ENTERING_MAINTENANCE, 0) does not match the value stored in SCM (IN_MAINTENANCE, 0)
2021-01-10 09:03:51,504 [ReplicationMonitor] INFO  container.ReplicationManager (ReplicationManager.java:run(250)) - Replication Monitor Thread took 0 milliseconds for processing 3 containers.
2021-01-10 09:03:51,574 [DatanodeAdminManager-0] INFO  node.DatanodeAdminMonitorImpl (DatanodeAdminMonitorImpl.java:run(136)) - There are 3 nodes tracked for decommission and maintenance. 0 pending nodes.
2021-01-10 09:03:52,486 [Listener at 127.0.0.1/45243] INFO  ozone.MiniOzoneClusterImpl (MiniOzoneClusterImpl.java:shutdown(389)) - Shutting down the Mini Ozone Cluster
2021-01-10 09:03:52,486 [Listener at 127.0.0.1/45243] INFO  ozone.MiniOzoneClusterImpl (MiniOzoneClusterImpl.java:stop(404)) - Stopping the Mini Ozone Cluster
2021-01-10 09:03:52,486 [Listener at 127.0.0.1/45243] INFO  ozone.MiniOzoneClusterImpl (MiniOzoneClusterImpl.java:stopOM(486)) - Stopping the OzoneManager
2021-01-10 09:03:52,486 [Listener at 127.0.0.1/45243] INFO  ipc.Server (Server.java:stop(3359)) - Stopping server on 45243
2021-01-10 09:03:52,492 [IPC Server listener on 0] INFO  ipc.Server (Server.java:run(1330)) - Stopping IPC Server listener on 0
2021-01-10 09:03:52,492 [IPC Server Responder] INFO  ipc.Server (Server.java:run(1465)) - Stopping IPC Server Responder
2021-01-10 09:03:52,492 [Listener at 127.0.0.1/45243] INFO  ratis.OzoneManagerDoubleBuffer (OzoneManagerDoubleBuffer.java:stop(425)) - Stopping OMDoubleBuffer flush thread
2021-01-10 09:03:52,492 [OMDoubleBufferFlushThread] INFO  ratis.OzoneManagerDoubleBuffer (OzoneManagerDoubleBuffer.java:flushTransactions(352)) - OMDoubleBuffer flush thread OMDoubleBufferFlushThread is interrupted and will exit. OMDoubleBufferFlushThread
2021-01-10 09:03:52,729 [Listener at 127.0.0.1/45243] INFO  utils.BackgroundService (BackgroundService.java:shutdown(132)) - Shutting down service KeyDeletingService
2021-01-10 09:03:52,731 [DatanodeAdminManager-0] INFO  node.DatanodeAdminMonitorImpl (DatanodeAdminMonitorImpl.java:run(136)) - There are 3 nodes tracked for decommission and maintenance. 0 pending nodes.
2021-01-10 09:03:52,732 [org.apache.ratis.util.JvmPauseMonitor$$Lambda$220/965274911@69cb3508] WARN  util.JvmPauseMonitor (JvmPauseMonitor.java:detectPause(124)) - JvmPauseMonitor-d99ff0d5-fc69-4ace-aa4c-ce8a85641abd: Detected pause in JVM or host machine (eg GC): pause of approximately 212746526ns

GC pool 'PS MarkSweep' had collection(s): count=1 time=167ms
GC pool 'PS Scavenge' had collection(s): count=1 time=69ms
2021-01-10 09:03:52,735 [ReplicationMonitor] INFO  container.ReplicationManager (ReplicationManager.java:run(250)) - Replication Monitor Thread took 1 milliseconds for processing 3 containers.
2021-01-10 09:03:52,738 [Listener at 127.0.0.1/45243] INFO  handler.ContextHandler (ContextHandler.java:doStop(1154)) - Stopped o.e.j.w.WebAppContext@416bf563{ozoneManager,/,null,STOPPED}{file:/github/workspace/mnt/ozone/hadoop-ozone/integration-test/target/test-classes/webapps/ozoneManager}
2021-01-10 09:03:52,739 [org.apache.ratis.util.JvmPauseMonitor$$Lambda$220/965274911@578e8be8] WARN  util.JvmPauseMonitor (JvmPauseMonitor.java:detectPause(124)) - JvmPauseMonitor-639a72ac-1b67-44d2-8fbe-212b735275e2: Detected pause in JVM or host machine (eg GC): pause of approximately 143291202ns

GC pool 'PS MarkSweep' had collection(s): count=1 time=167ms
GC pool 'PS Scavenge' had collection(s): count=1 time=69ms
2021-01-10 09:03:52,739 [Listener at 127.0.0.1/45243] INFO  server.AbstractConnector (AbstractConnector.java:doStop(381)) - Stopped ServerConnector@7b301349{HTTP/1.1, (http/1.1)}{0.0.0.0:0}
2021-01-10 09:03:52,739 [Listener at 127.0.0.1/45243] INFO  server.session (HouseKeeper.java:stopScavenging(149)) - node0 Stopped scavenging
2021-01-10 09:03:52,740 [Listener at 127.0.0.1/45243] INFO  handler.ContextHandler (ContextHandler.java:doStop(1154)) - Stopped o.e.j.s.ServletContextHandler@3f1e530c{static,/static,file:///github/workspace/mnt/ozone/hadoop-ozone/integration-test/target/test-classes/webapps/static,STOPPED}
2021-01-10 09:03:52,740 [Listener at 127.0.0.1/45243] INFO  handler.ContextHandler (ContextHandler.java:doStop(1154)) - Stopped o.e.j.s.ServletContextHandler@1ec2726f{logs,/logs,file:///github/workspace/mnt/ozone/hadoop-ozone/integration-test/target/log,STOPPED}
2021-01-10 09:03:52,751 [Listener at 127.0.0.1/45243] INFO  ozone.MiniOzoneClusterImpl (MiniOzoneClusterImpl.java:stopDatanodes(463)) - Stopping the HddsDatanodes
2021-01-10 09:03:52,916 [Datanode State Machine Thread - 0] INFO  statemachine.DatanodeStateMachine (DatanodeStateMachine.java:lambda$startDaemon$0(408)) - Ozone container server started.
2021-01-10 09:03:53,476 [Datanode State Machine Thread - 0] INFO  statemachine.DatanodeStateMachine (DatanodeStateMachine.java:lambda$startDaemon$0(408)) - Ozone container server started.
2021-01-10 09:03:53,574 [DatanodeAdminManager-0] INFO  node.DatanodeAdminMonitorImpl (DatanodeAdminMonitorImpl.java:run(136)) - There are 3 nodes tracked for decommission and maintenance. 0 pending nodes.
2021-01-10 09:03:53,735 [ReplicationMonitor] INFO  container.ReplicationManager (ReplicationManager.java:run(250)) - Replication Monitor Thread took 0 milliseconds for processing 3 containers.
2021-01-10 09:03:54,032 [ForkJoinPool.commonPool-worker-1] INFO  ozoneimpl.OzoneContainer (OzoneContainer.java:stop(273)) - Attempting to stop container services.
2021-01-10 09:03:54,033 [ForkJoinPool.commonPool-worker-1] INFO  server.RaftServer (RaftServerProxy.java:lambda$close$6(389)) - c4191e53-aaca-4d42-9f72-dc45ebf47022: close
2021-01-10 09:03:54,033 [ForkJoinPool.commonPool-worker-1] INFO  server.GrpcService (GrpcService.java:closeImpl(183)) - c4191e53-aaca-4d42-9f72-dc45ebf47022: shutdown server with port 35859 now
2021-01-10 09:03:54,037 [ForkJoinPool.commonPool-worker-1] INFO  server.GrpcService (GrpcService.java:closeImpl(192)) - c4191e53-aaca-4d42-9f72-dc45ebf47022: shutdown server with port 35859 successfully
2021-01-10 09:03:54,038 [org.apache.ratis.util.JvmPauseMonitor$$Lambda$220/965274911@6be66d67] INFO  util.JvmPauseMonitor (JvmPauseMonitor.java:run(109)) - JvmPauseMonitor-c4191e53-aaca-4d42-9f72-dc45ebf47022: Stopped
2021-01-10 09:03:54,039 [ForkJoinPool.commonPool-worker-1] INFO  utils.BackgroundService (BackgroundService.java:shutdown(132)) - Shutting down service BlockDeletingService
2021-01-10 09:03:54,042 [ForkJoinPool.commonPool-worker-1] INFO  statemachine.DatanodeStateMachine (DatanodeStateMachine.java:stopDaemon(461)) - Ozone container server stopped.
2021-01-10 09:03:54,051 [ForkJoinPool.commonPool-worker-1] INFO  handler.ContextHandler (ContextHandler.java:doStop(1154)) - Stopped o.e.j.w.WebAppContext@291a8ecd{hddsDatanode,/,null,STOPPED}{jar:file:/home/user/.m2/repository/org/apache/hadoop/hadoop-hdds-container-service/1.1.0-SNAPSHOT/hadoop-hdds-container-service-1.1.0-SNAPSHOT.jar!/webapps/hddsDatanode}
2021-01-10 09:03:54,052 [ForkJoinPool.commonPool-worker-1] INFO  server.AbstractConnector (AbstractConnector.java:doStop(381)) - Stopped ServerConnector@5e4c74ec{HTTP/1.1, (http/1.1)}{0.0.0.0:0}
2021-01-10 09:03:54,052 [ForkJoinPool.commonPool-worker-1] INFO  server.session (HouseKeeper.java:stopScavenging(149)) - node0 Stopped scavenging
2021-01-10 09:03:54,053 [ForkJoinPool.commonPool-worker-1] INFO  handler.ContextHandler (ContextHandler.java:doStop(1154)) - Stopped o.e.j.s.ServletContextHandler@1079496c{static,/static,jar:file:/home/user/.m2/repository/org/apache/hadoop/hadoop-hdds-container-service/1.1.0-SNAPSHOT/hadoop-hdds-container-service-1.1.0-SNAPSHOT.jar!/webapps/static,STOPPED}
2021-01-10 09:03:54,053 [ForkJoinPool.commonPool-worker-1] INFO  handler.ContextHandler (ContextHandler.java:doStop(1154)) - Stopped o.e.j.s.ServletContextHandler@ef10390{logs,/logs,file:///github/workspace/mnt/ozone/hadoop-ozone/integration-test/target/log,STOPPED}
2021-01-10 09:03:54,247 [Listener at 127.0.0.1/45243] INFO  ozoneimpl.OzoneContainer (OzoneContainer.java:stop(273)) - Attempting to stop container services.
2021-01-10 09:03:54,247 [Listener at 127.0.0.1/45243] INFO  server.RaftServer (RaftServerProxy.java:lambda$close$6(389)) - d14351cf-a37f-45f4-ac3c-40eb157d2fdf: close
2021-01-10 09:03:54,248 [Listener at 127.0.0.1/45243] INFO  server.RaftServer$Division (RaftServerImpl.java:lambda$close$4(405)) - d14351cf-a37f-45f4-ac3c-40eb157d2fdf@group-33411980B3FD: shutdown
2021-01-10 09:03:54,248 [Listener at 127.0.0.1/45243] INFO  util.JmxRegister (JmxRegister.java:unregister(73)) - Successfully un-registered JMX Bean with object name Ratis:service=RaftServer,group=group-33411980B3FD,id=d14351cf-a37f-45f4-ac3c-40eb157d2fdf
2021-01-10 09:03:54,248 [Listener at 127.0.0.1/45243] INFO  impl.RoleInfo (RoleInfo.java:shutdownLeaderState(91)) - d14351cf-a37f-45f4-ac3c-40eb157d2fdf: shutdown d14351cf-a37f-45f4-ac3c-40eb157d2fdf@group-33411980B3FD-LeaderStateImpl
2021-01-10 09:03:54,248 [Listener at 127.0.0.1/45243] INFO  metrics.RatisMetrics (RatisMetrics.java:unregister(43)) - Unregistering Metrics Registry : ratis_grpc.log_appender.d14351cf-a37f-45f4-ac3c-40eb157d2fdf@group-33411980B3FD
2021-01-10 09:03:54,248 [Listener at 127.0.0.1/45243] INFO  metrics.RatisMetrics (RatisMetrics.java:unregister(43)) - Unregistering Metrics Registry : ratis_grpc.log_appender.d14351cf-a37f-45f4-ac3c-40eb157d2fdf@group-33411980B3FD
2021-01-10 09:03:54,249 [d14351cf-a37f-45f4-ac3c-40eb157d2fdf@group-33411980B3FD->4f04bfaa-b5ee-4e84-baf7-1b8b2eccc1ea-GrpcLogAppender-LogAppenderDaemon] WARN  server.GrpcLogAppender (GrpcLogAppender.java:mayWait(175)) - d14351cf-a37f-45f4-ac3c-40eb157d2fdf@group-33411980B3FD->4f04bfaa-b5ee-4e84-baf7-1b8b2eccc1ea-GrpcLogAppender: Wait interrupted by java.lang.InterruptedException
2021-01-10 09:03:54,249 [d14351cf-a37f-45f4-ac3c-40eb157d2fdf@group-33411980B3FD->ea22bb70-1677-4cc0-852f-01c880e0a945-GrpcLogAppender-LogAppenderDaemon] WARN  server.GrpcLogAppender (GrpcLogAppender.java:mayWait(175)) - d14351cf-a37f-45f4-ac3c-40eb157d2fdf@group-33411980B3FD->ea22bb70-1677-4cc0-852f-01c880e0a945-GrpcLogAppender: Wait interrupted by java.lang.InterruptedException
2021-01-10 09:03:54,249 [Listener at 127.0.0.1/45243] INFO  impl.PendingRequests (PendingRequests.java:sendNotLeaderResponses(249)) - d14351cf-a37f-45f4-ac3c-40eb157d2fdf@group-33411980B3FD-PendingRequests: sendNotLeaderResponses
2021-01-10 09:03:54,249 [Listener at 127.0.0.1/45243] INFO  metrics.RatisMetrics (RatisMetrics.java:unregister(43)) - Unregistering Metrics Registry : ratis.log_appender.d14351cf-a37f-45f4-ac3c-40eb157d2fdf@group-33411980B3FD
2021-01-10 09:03:54,249 [Listener at 127.0.0.1/45243] INFO  metrics.RatisMetrics (RatisMetrics.java:unregister(43)) - Unregistering Metrics Registry : ratis.server.d14351cf-a37f-45f4-ac3c-40eb157d2fdf@group-33411980B3FD
2021-01-10 09:03:54,250 [grpc-default-executor-2] INFO  server.GrpcServerProtocolService (GrpcServerProtocolService.java:onCompleted(138)) - 4f04bfaa-b5ee-4e84-baf7-1b8b2eccc1ea: Completed APPEND_ENTRIES, lastRequest: d14351cf-a37f-45f4-ac3c-40eb157d2fdf->4f04bfaa-b5ee-4e84-baf7-1b8b2eccc1ea#1-t1,previous=(t:0, i:0),leaderCommit=-1,initializing? true,entries: size=1, first=(t:1, i:0), CONFIGURATIONENTRY
2021-01-10 09:03:54,250 [d14351cf-a37f-45f4-ac3c-40eb157d2fdf@group-33411980B3FD-StateMachineUpdater] INFO  ratis.ContainerStateMachine (ContainerStateMachine.java:takeSnapshot(291)) - group-33411980B3FD: Taking a snapshot at:(t:1, i:0) file /github/workspace/mnt/ozone/hadoop-ozone/integration-test/target/test-dir/MiniOzoneClusterImpl-030730bd-5c5c-4c00-b8c2-b15b15404b1a/datanode-3/data/ratis/07b4a9a4-d4e8-4fe2-8162-33411980b3fd/sm/snapshot.1_0
2021-01-10 09:03:54,250 [Listener at 127.0.0.1/45243] INFO  impl.StateMachineUpdater (StateMachineUpdater.java:stopAndJoin(148)) - d14351cf-a37f-45f4-ac3c-40eb157d2fdf@group-33411980B3FD-StateMachineUpdater: set stopIndex = 0
2021-01-10 09:03:54,251 [grpc-default-executor-4] INFO  server.GrpcLogAppender (GrpcLogAppender.java:onCompleted(344)) - d14351cf-a37f-45f4-ac3c-40eb157d2fdf@group-33411980B3FD->4f04bfaa-b5ee-4e84-baf7-1b8b2eccc1ea-AppendLogResponseHandler: follower responses appendEntries COMPLETED
2021-01-10 09:03:54,251 [grpc-default-executor-4] INFO  leader.FollowerInfo (FollowerInfoImpl.java:lambda$new$0(46)) - d14351cf-a37f-45f4-ac3c-40eb157d2fdf@group-33411980B3FD->4f04bfaa-b5ee-4e84-baf7-1b8b2eccc1ea: nextIndex: updateUnconditionally 1 -> 0
2021-01-10 09:03:54,251 [grpc-default-executor-2] INFO  server.GrpcServerProtocolService (GrpcServerProtocolService.java:onCompleted(138)) - ea22bb70-1677-4cc0-852f-01c880e0a945: Completed APPEND_ENTRIES, lastRequest: d14351cf-a37f-45f4-ac3c-40eb157d2fdf->ea22bb70-1677-4cc0-852f-01c880e0a945#1-t1,previous=(t:0, i:0),leaderCommit=0,initializing? true,entries: size=1, first=(t:1, i:0), CONFIGURATIONENTRY
2021-01-10 09:03:54,251 [d14351cf-a37f-45f4-ac3c-40eb157d2fdf@group-33411980B3FD-StateMachineUpdater] INFO  ratis.ContainerStateMachine (ContainerStateMachine.java:takeSnapshot(302)) - group-33411980B3FD: Finished taking a snapshot at:(t:1, i:0) file:/github/workspace/mnt/ozone/hadoop-ozone/integration-test/target/test-dir/MiniOzoneClusterImpl-030730bd-5c5c-4c00-b8c2-b15b15404b1a/datanode-3/data/ratis/07b4a9a4-d4e8-4fe2-8162-33411980b3fd/sm/snapshot.1_0 took: 1 ms
2021-01-10 09:03:54,251 [d14351cf-a37f-45f4-ac3c-40eb157d2fdf@group-33411980B3FD-StateMachineUpdater] INFO  impl.StateMachineUpdater (StateMachineUpdater.java:takeSnapshot(279)) - d14351cf-a37f-45f4-ac3c-40eb157d2fdf@group-33411980B3FD-StateMachineUpdater: Took a snapshot at index 0
2021-01-10 09:03:54,251 [d14351cf-a37f-45f4-ac3c-40eb157d2fdf@group-33411980B3FD-StateMachineUpdater] INFO  impl.StateMachineUpdater (StateMachineUpdater.java:lambda$new$0(88)) - d14351cf-a37f-45f4-ac3c-40eb157d2fdf@group-33411980B3FD-StateMachineUpdater: snapshotIndex: updateIncreasingly -1 -> 0
2021-01-10 09:03:54,252 [d14351cf-a37f-45f4-ac3c-40eb157d2fdf@group-33411980B3FD-StateMachineUpdater] INFO  metrics.RatisMetrics (RatisMetrics.java:unregister(43)) - Unregistering Metrics Registry : ratis.state_machine.d14351cf-a37f-45f4-ac3c-40eb157d2fdf@group-33411980B3FD
2021-01-10 09:03:54,252 [grpc-default-executor-4] INFO  server.GrpcLogAppender (GrpcLogAppender.java:onCompleted(344)) - d14351cf-a37f-45f4-ac3c-40eb157d2fdf@group-33411980B3FD->ea22bb70-1677-4cc0-852f-01c880e0a945-AppendLogResponseHandler: follower responses appendEntries COMPLETED
2021-01-10 09:03:54,252 [grpc-default-executor-4] INFO  leader.FollowerInfo (FollowerInfoImpl.java:lambda$new$0(46)) - d14351cf-a37f-45f4-ac3c-40eb157d2fdf@group-33411980B3FD->ea22bb70-1677-4cc0-852f-01c880e0a945: nextIndex: updateUnconditionally 1 -> 0
2021-01-10 09:03:54,252 [Listener at 127.0.0.1/45243] INFO  server.RaftServer$Division (ServerState.java:close(400)) - d14351cf-a37f-45f4-ac3c-40eb157d2fdf@group-33411980B3FD: closes. applyIndex: 0
2021-01-10 09:03:54,253 [d14351cf-a37f-45f4-ac3c-40eb157d2fdf@group-33411980B3FD-SegmentedRaftLogWorker] INFO  segmented.SegmentedRaftLogWorker (SegmentedRaftLogWorker.java:run(326)) - d14351cf-a37f-45f4-ac3c-40eb157d2fdf@group-33411980B3FD-SegmentedRaftLogWorker was interrupted, exiting. There are 0 tasks remaining in the queue.
2021-01-10 09:03:54,253 [Listener at 127.0.0.1/45243] INFO  segmented.SegmentedRaftLogWorker (SegmentedRaftLogWorker.java:close(236)) - d14351cf-a37f-45f4-ac3c-40eb157d2fdf@group-33411980B3FD-SegmentedRaftLogWorker close()
2021-01-10 09:03:54,253 [Listener at 127.0.0.1/45243] INFO  metrics.RatisMetrics (RatisMetrics.java:unregister(43)) - Unregistering Metrics Registry : ratis.log_worker.d14351cf-a37f-45f4-ac3c-40eb157d2fdf@group-33411980B3FD
2021-01-10 09:03:54,253 [Listener at 127.0.0.1/45243] INFO  metrics.RatisMetrics (RatisMetrics.java:unregister(43)) - Unregistering Metrics Registry : ratis.leader_election.d14351cf-a37f-45f4-ac3c-40eb157d2fdf@group-33411980B3FD
2021-01-10 09:03:54,253 [Listener at 127.0.0.1/45243] INFO  metrics.RatisMetrics (RatisMetrics.java:unregister(43)) - Unregistering Metrics Registry : ratis.server.d14351cf-a37f-45f4-ac3c-40eb157d2fdf@group-33411980B3FD
2021-01-10 09:03:54,253 [Listener at 127.0.0.1/45243] INFO  server.RaftServer$Division (RaftServerImpl.java:lambda$close$4(405)) - d14351cf-a37f-45f4-ac3c-40eb157d2fdf@group-59362A71A594: shutdown
2021-01-10 09:03:54,253 [Listener at 127.0.0.1/45243] INFO  util.JmxRegister (JmxRegister.java:unregister(73)) - Successfully un-registered JMX Bean with object name Ratis:service=RaftServer,group=group-59362A71A594,id=d14351cf-a37f-45f4-ac3c-40eb157d2fdf
2021-01-10 09:03:54,254 [Listener at 127.0.0.1/45243] INFO  impl.RoleInfo (RoleInfo.java:shutdownLeaderState(91)) - d14351cf-a37f-45f4-ac3c-40eb157d2fdf: shutdown d14351cf-a37f-45f4-ac3c-40eb157d2fdf@group-59362A71A594-LeaderStateImpl
2021-01-10 09:03:54,254 [Listener at 127.0.0.1/45243] INFO  impl.PendingRequests (PendingRequests.java:sendNotLeaderResponses(249)) - d14351cf-a37f-45f4-ac3c-40eb157d2fdf@group-59362A71A594-PendingRequests: sendNotLeaderResponses
2021-01-10 09:03:54,254 [Listener at 127.0.0.1/45243] INFO  metrics.RatisMetrics (RatisMetrics.java:unregister(43)) - Unregistering Metrics Registry : ratis.log_appender.d14351cf-a37f-45f4-ac3c-40eb157d2fdf@group-59362A71A594
2021-01-10 09:03:54,254 [Listener at 127.0.0.1/45243] INFO  metrics.RatisMetrics (RatisMetrics.java:unregister(43)) - Unregistering Metrics Registry : ratis.server.d14351cf-a37f-45f4-ac3c-40eb157d2fdf@group-59362A71A594
2021-01-10 09:03:54,255 [d14351cf-a37f-45f4-ac3c-40eb157d2fdf@group-59362A71A594-StateMachineUpdater] INFO  ratis.ContainerStateMachine (ContainerStateMachine.java:takeSnapshot(291)) - group-59362A71A594: Taking a snapshot at:(t:1, i:0) file /github/workspace/mnt/ozone/hadoop-ozone/integration-test/target/test-dir/MiniOzoneClusterImpl-030730bd-5c5c-4c00-b8c2-b15b15404b1a/datanode-3/data/ratis/1d2fecda-12e9-4970-b458-59362a71a594/sm/snapshot.1_0
2021-01-10 09:03:54,255 [Listener at 127.0.0.1/45243] INFO  impl.StateMachineUpdater (StateMachineUpdater.java:stopAndJoin(148)) - d14351cf-a37f-45f4-ac3c-40eb157d2fdf@group-59362A71A594-StateMachineUpdater: set stopIndex = 0
2021-01-10 09:03:54,255 [d14351cf-a37f-45f4-ac3c-40eb157d2fdf@group-59362A71A594-StateMachineUpdater] INFO  ratis.ContainerStateMachine (ContainerStateMachine.java:takeSnapshot(302)) - group-59362A71A594: Finished taking a snapshot at:(t:1, i:0) file:/github/workspace/mnt/ozone/hadoop-ozone/integration-test/target/test-dir/MiniOzoneClusterImpl-030730bd-5c5c-4c00-b8c2-b15b15404b1a/datanode-3/data/ratis/1d2fecda-12e9-4970-b458-59362a71a594/sm/snapshot.1_0 took: 1 ms
2021-01-10 09:03:54,255 [d14351cf-a37f-45f4-ac3c-40eb157d2fdf@group-59362A71A594-StateMachineUpdater] INFO  impl.StateMachineUpdater (StateMachineUpdater.java:takeSnapshot(279)) - d14351cf-a37f-45f4-ac3c-40eb157d2fdf@group-59362A71A594-StateMachineUpdater: Took a snapshot at index 0
2021-01-10 09:03:54,255 [d14351cf-a37f-45f4-ac3c-40eb157d2fdf@group-59362A71A594-StateMachineUpdater] INFO  impl.StateMachineUpdater (StateMachineUpdater.java:lambda$new$0(88)) - d14351cf-a37f-45f4-ac3c-40eb157d2fdf@group-59362A71A594-StateMachineUpdater: snapshotIndex: updateIncreasingly -1 -> 0
2021-01-10 09:03:54,256 [d14351cf-a37f-45f4-ac3c-40eb157d2fdf@group-59362A71A594-StateMachineUpdater] INFO  metrics.RatisMetrics (RatisMetrics.java:unregister(43)) - Unregistering Metrics Registry : ratis.state_machine.d14351cf-a37f-45f4-ac3c-40eb157d2fdf@group-59362A71A594
2021-01-10 09:03:54,256 [Listener at 127.0.0.1/45243] INFO  server.RaftServer$Division (ServerState.java:close(400)) - d14351cf-a37f-45f4-ac3c-40eb157d2fdf@group-59362A71A594: closes. applyIndex: 0
2021-01-10 09:03:54,256 [d14351cf-a37f-45f4-ac3c-40eb157d2fdf@group-59362A71A594-SegmentedRaftLogWorker] INFO  segmented.SegmentedRaftLogWorker (SegmentedRaftLogWorker.java:run(326)) - d14351cf-a37f-45f4-ac3c-40eb157d2fdf@group-59362A71A594-SegmentedRaftLogWorker was interrupted, exiting. There are 0 tasks remaining in the queue.
2021-01-10 09:03:54,257 [Listener at 127.0.0.1/45243] INFO  segmented.SegmentedRaftLogWorker (SegmentedRaftLogWorker.java:close(236)) - d14351cf-a37f-45f4-ac3c-40eb157d2fdf@group-59362A71A594-SegmentedRaftLogWorker close()
2021-01-10 09:03:54,260 [Listener at 127.0.0.1/45243] INFO  metrics.RatisMetrics (RatisMetrics.java:unregister(43)) - Unregistering Metrics Registry : ratis.log_worker.d14351cf-a37f-45f4-ac3c-40eb157d2fdf@group-59362A71A594
2021-01-10 09:03:54,260 [Listener at 127.0.0.1/45243] INFO  metrics.RatisMetrics (RatisMetrics.java:unregister(43)) - Unregistering Metrics Registry : ratis.leader_election.d14351cf-a37f-45f4-ac3c-40eb157d2fdf@group-59362A71A594
2021-01-10 09:03:54,260 [Listener at 127.0.0.1/45243] INFO  metrics.RatisMetrics (RatisMetrics.java:unregister(43)) - Unregistering Metrics Registry : ratis.server.d14351cf-a37f-45f4-ac3c-40eb157d2fdf@group-59362A71A594
2021-01-10 09:03:54,261 [Listener at 127.0.0.1/45243] INFO  server.GrpcService (GrpcService.java:closeImpl(183)) - d14351cf-a37f-45f4-ac3c-40eb157d2fdf: shutdown server with port 35489 now
2021-01-10 09:03:54,266 [Listener at 127.0.0.1/45243] INFO  server.GrpcService (GrpcService.java:closeImpl(192)) - d14351cf-a37f-45f4-ac3c-40eb157d2fdf: shutdown server with port 35489 successfully
2021-01-10 09:03:54,266 [org.apache.ratis.util.JvmPauseMonitor$$Lambda$220/965274911@7424b45b] INFO  util.JvmPauseMonitor (JvmPauseMonitor.java:run(109)) - JvmPauseMonitor-d14351cf-a37f-45f4-ac3c-40eb157d2fdf: Stopped
2021-01-10 09:03:54,267 [Listener at 127.0.0.1/45243] INFO  utils.BackgroundService (BackgroundService.java:shutdown(132)) - Shutting down service BlockDeletingService
2021-01-10 09:03:54,269 [Listener at 127.0.0.1/45243] INFO  statemachine.DatanodeStateMachine (DatanodeStateMachine.java:stopDaemon(461)) - Ozone container server stopped.
2021-01-10 09:03:54,277 [Listener at 127.0.0.1/45243] INFO  handler.ContextHandler (ContextHandler.java:doStop(1154)) - Stopped o.e.j.w.WebAppContext@148fc881{hddsDatanode,/,null,STOPPED}{jar:file:/home/user/.m2/repository/org/apache/hadoop/hadoop-hdds-container-service/1.1.0-SNAPSHOT/hadoop-hdds-container-service-1.1.0-SNAPSHOT.jar!/webapps/hddsDatanode}
2021-01-10 09:03:54,278 [Listener at 127.0.0.1/45243] INFO  server.AbstractConnector (AbstractConnector.java:doStop(381)) - Stopped ServerConnector@6e4c8583{HTTP/1.1, (http/1.1)}{0.0.0.0:0}
2021-01-10 09:03:54,278 [Listener at 127.0.0.1/45243] INFO  server.session (HouseKeeper.java:stopScavenging(149)) - node0 Stopped scavenging
2021-01-10 09:03:54,280 [Listener at 127.0.0.1/45243] INFO  handler.ContextHandler (ContextHandler.java:doStop(1154)) - Stopped o.e.j.s.ServletContextHandler@32ebfde1{static,/static,jar:file:/home/user/.m2/repository/org/apache/hadoop/hadoop-hdds-container-service/1.1.0-SNAPSHOT/hadoop-hdds-container-service-1.1.0-SNAPSHOT.jar!/webapps/static,STOPPED}
2021-01-10 09:03:54,281 [Listener at 127.0.0.1/45243] INFO  handler.ContextHandler (ContextHandler.java:doStop(1154)) - Stopped o.e.j.s.ServletContextHandler@5f4f8d38{logs,/logs,file:///github/workspace/mnt/ozone/hadoop-ozone/integration-test/target/log,STOPPED}
2021-01-10 09:03:54,346 [Datanode State Machine Thread - 0] INFO  statemachine.DatanodeStateMachine (DatanodeStateMachine.java:lambda$startDaemon$0(408)) - Ozone container server started.
2021-01-10 09:03:54,574 [DatanodeAdminManager-0] INFO  node.DatanodeAdminMonitorImpl (DatanodeAdminMonitorImpl.java:run(136)) - There are 3 nodes tracked for decommission and maintenance. 0 pending nodes.
2021-01-10 09:03:54,736 [ReplicationMonitor] INFO  container.ReplicationManager (ReplicationManager.java:run(250)) - Replication Monitor Thread took 1 milliseconds for processing 3 containers.
2021-01-10 09:03:54,736 [Datanode State Machine Thread - 0] INFO  statemachine.DatanodeStateMachine (DatanodeStateMachine.java:lambda$startDaemon$0(408)) - Ozone container server started.
2021-01-10 09:03:54,936 [EventQueue-StaleNodeForStaleNodeHandler] INFO  node.StaleNodeHandler (StaleNodeHandler.java:onMessage(58)) - Datanode d14351cf-a37f-45f4-ac3c-40eb157d2fdf{ip: 172.17.0.2, host: 84bc77fe8d45, networkLocation: /default-rack, certSerialId: null, persistedOpState: IN_SERVICE, persistedOpStateExpiryEpochSec: 0} moved to stale state. Finalizing its pipelines [PipelineID=07b4a9a4-d4e8-4fe2-8162-33411980b3fd, PipelineID=1d2fecda-12e9-4970-b458-59362a71a594]
2021-01-10 09:03:54,936 [EventQueue-StaleNodeForStaleNodeHandler] INFO  pipeline.SCMPipelineManager (SCMPipelineManager.java:finalizeAndDestroyPipeline(482)) - Destroying pipeline:Pipeline[ Id: 07b4a9a4-d4e8-4fe2-8162-33411980b3fd, Nodes: d14351cf-a37f-45f4-ac3c-40eb157d2fdf{ip: 172.17.0.2, host: 84bc77fe8d45, networkLocation: /default-rack, certSerialId: null, persistedOpState: IN_SERVICE, persistedOpStateExpiryEpochSec: 0}ea22bb70-1677-4cc0-852f-01c880e0a945{ip: 172.17.0.2, host: 84bc77fe8d45, networkLocation: /default-rack, certSerialId: null, persistedOpState: IN_SERVICE, persistedOpStateExpiryEpochSec: 0}4f04bfaa-b5ee-4e84-baf7-1b8b2eccc1ea{ip: 172.17.0.2, host: 84bc77fe8d45, networkLocation: /default-rack, certSerialId: null, persistedOpState: IN_SERVICE, persistedOpStateExpiryEpochSec: 0}, Type:RATIS, Factor:THREE, State:OPEN, leaderId:d14351cf-a37f-45f4-ac3c-40eb157d2fdf, CreationTimestamp2021-01-10T09:03:32.137Z]
2021-01-10 09:03:54,936 [EventQueue-StaleNodeForStaleNodeHandler] INFO  pipeline.PipelineStateManager (PipelineStateManager.java:finalizePipeline(121)) - Pipeline Pipeline[ Id: 07b4a9a4-d4e8-4fe2-8162-33411980b3fd, Nodes: d14351cf-a37f-45f4-ac3c-40eb157d2fdf{ip: 172.17.0.2, host: 84bc77fe8d45, networkLocation: /default-rack, certSerialId: null, persistedOpState: IN_SERVICE, persistedOpStateExpiryEpochSec: 0}ea22bb70-1677-4cc0-852f-01c880e0a945{ip: 172.17.0.2, host: 84bc77fe8d45, networkLocation: /default-rack, certSerialId: null, persistedOpState: IN_SERVICE, persistedOpStateExpiryEpochSec: 0}4f04bfaa-b5ee-4e84-baf7-1b8b2eccc1ea{ip: 172.17.0.2, host: 84bc77fe8d45, networkLocation: /default-rack, certSerialId: null, persistedOpState: IN_SERVICE, persistedOpStateExpiryEpochSec: 0}, Type:RATIS, Factor:THREE, State:CLOSED, leaderId:d14351cf-a37f-45f4-ac3c-40eb157d2fdf, CreationTimestamp2021-01-10T09:03:32.137Z] moved to CLOSED state
2021-01-10 09:03:54,937 [EventQueue-StaleNodeForStaleNodeHandler] INFO  pipeline.SCMPipelineManager (SCMPipelineManager.java:finalizeAndDestroyPipeline(482)) - Destroying pipeline:Pipeline[ Id: 1d2fecda-12e9-4970-b458-59362a71a594, Nodes: d14351cf-a37f-45f4-ac3c-40eb157d2fdf{ip: 172.17.0.2, host: 84bc77fe8d45, networkLocation: /default-rack, certSerialId: null, persistedOpState: IN_SERVICE, persistedOpStateExpiryEpochSec: 0}, Type:RATIS, Factor:ONE, State:OPEN, leaderId:d14351cf-a37f-45f4-ac3c-40eb157d2fdf, CreationTimestamp2021-01-10T09:03:26.714Z]
2021-01-10 09:03:54,937 [EventQueue-StaleNodeForStaleNodeHandler] INFO  pipeline.PipelineStateManager (PipelineStateManager.java:finalizePipeline(121)) - Pipeline Pipeline[ Id: 1d2fecda-12e9-4970-b458-59362a71a594, Nodes: d14351cf-a37f-45f4-ac3c-40eb157d2fdf{ip: 172.17.0.2, host: 84bc77fe8d45, networkLocation: /default-rack, certSerialId: null, persistedOpState: IN_SERVICE, persistedOpStateExpiryEpochSec: 0}, Type:RATIS, Factor:ONE, State:CLOSED, leaderId:d14351cf-a37f-45f4-ac3c-40eb157d2fdf, CreationTimestamp2021-01-10T09:03:26.714Z] moved to CLOSED state
2021-01-10 09:03:55,011 [ForkJoinPool.commonPool-worker-1] INFO  ozoneimpl.OzoneContainer (OzoneContainer.java:stop(273)) - Attempting to stop container services.
2021-01-10 09:03:55,011 [ForkJoinPool.commonPool-worker-1] INFO  server.RaftServer (RaftServerProxy.java:lambda$close$6(389)) - d99ff0d5-fc69-4ace-aa4c-ce8a85641abd: close
2021-01-10 09:03:55,012 [ForkJoinPool.commonPool-worker-1] INFO  server.GrpcService (GrpcService.java:closeImpl(183)) - d99ff0d5-fc69-4ace-aa4c-ce8a85641abd: shutdown server with port 46021 now
2021-01-10 09:03:55,014 [grpc-default-executor-4] WARN  client.GrpcClientProtocolService (LogUtils.java:warn(122)) - 1-UnorderedRequestStreamObserver1: onError: org.apache.ratis.thirdparty.io.grpc.StatusRuntimeException: CANCELLED: cancelled before receiving half close
2021-01-10 09:03:55,015 [ForkJoinPool.commonPool-worker-1] INFO  server.GrpcService (GrpcService.java:closeImpl(192)) - d99ff0d5-fc69-4ace-aa4c-ce8a85641abd: shutdown server with port 46021 successfully
2021-01-10 09:03:55,015 [org.apache.ratis.util.JvmPauseMonitor$$Lambda$220/965274911@69cb3508] INFO  util.JvmPauseMonitor (JvmPauseMonitor.java:run(109)) - JvmPauseMonitor-d99ff0d5-fc69-4ace-aa4c-ce8a85641abd: Stopped
2021-01-10 09:03:55,017 [ForkJoinPool.commonPool-worker-1] INFO  utils.BackgroundService (BackgroundService.java:shutdown(132)) - Shutting down service BlockDeletingService
2021-01-10 09:03:55,019 [ForkJoinPool.commonPool-worker-1] INFO  statemachine.DatanodeStateMachine (DatanodeStateMachine.java:stopDaemon(461)) - Ozone container server stopped.
2021-01-10 09:03:55,030 [ForkJoinPool.commonPool-worker-1] INFO  handler.ContextHandler (ContextHandler.java:doStop(1154)) - Stopped o.e.j.w.WebAppContext@20baa4eb{hddsDatanode,/,null,STOPPED}{jar:file:/home/user/.m2/repository/org/apache/hadoop/hadoop-hdds-container-service/1.1.0-SNAPSHOT/hadoop-hdds-container-service-1.1.0-SNAPSHOT.jar!/webapps/hddsDatanode}
2021-01-10 09:03:55,030 [ForkJoinPool.commonPool-worker-1] INFO  server.AbstractConnector (AbstractConnector.java:doStop(381)) - Stopped ServerConnector@2ffa8ce5{HTTP/1.1, (http/1.1)}{0.0.0.0:0}
2021-01-10 09:03:55,030 [ForkJoinPool.commonPool-worker-1] INFO  server.session (HouseKeeper.java:stopScavenging(149)) - node0 Stopped scavenging
2021-01-10 09:03:55,031 [ForkJoinPool.commonPool-worker-1] INFO  handler.ContextHandler (ContextHandler.java:doStop(1154)) - Stopped o.e.j.s.ServletContextHandler@36545439{static,/static,jar:file:/home/user/.m2/repository/org/apache/hadoop/hadoop-hdds-container-service/1.1.0-SNAPSHOT/hadoop-hdds-container-service-1.1.0-SNAPSHOT.jar!/webapps/static,STOPPED}
2021-01-10 09:03:55,031 [ForkJoinPool.commonPool-worker-1] INFO  handler.ContextHandler (ContextHandler.java:doStop(1154)) - Stopped o.e.j.s.ServletContextHandler@2c9b96af{logs,/logs,file:///github/workspace/mnt/ozone/hadoop-ozone/integration-test/target/log,STOPPED}
2021-01-10 09:03:55,138 [Listener at 127.0.0.1/45243] INFO  ozoneimpl.OzoneContainer (OzoneContainer.java:stop(273)) - Attempting to stop container services.
2021-01-10 09:03:55,139 [Listener at 127.0.0.1/45243] INFO  server.RaftServer (RaftServerProxy.java:lambda$close$6(389)) - ea22bb70-1677-4cc0-852f-01c880e0a945: close
2021-01-10 09:03:55,139 [Listener at 127.0.0.1/45243] INFO  server.RaftServer$Division (RaftServerImpl.java:lambda$close$4(405)) - ea22bb70-1677-4cc0-852f-01c880e0a945@group-33411980B3FD: shutdown
2021-01-10 09:03:55,140 [Listener at 127.0.0.1/45243] INFO  util.JmxRegister (JmxRegister.java:unregister(73)) - Successfully un-registered JMX Bean with object name Ratis:service=RaftServer,group=group-33411980B3FD,id=ea22bb70-1677-4cc0-852f-01c880e0a945
2021-01-10 09:03:55,140 [Listener at 127.0.0.1/45243] INFO  impl.RoleInfo (RoleInfo.java:shutdownFollowerState(108)) - ea22bb70-1677-4cc0-852f-01c880e0a945: shutdown ea22bb70-1677-4cc0-852f-01c880e0a945@group-33411980B3FD-FollowerState
2021-01-10 09:03:55,140 [Listener at 127.0.0.1/45243] INFO  impl.StateMachineUpdater (StateMachineUpdater.java:stopAndJoin(148)) - ea22bb70-1677-4cc0-852f-01c880e0a945@group-33411980B3FD-StateMachineUpdater: set stopIndex = 0
2021-01-10 09:03:55,140 [ea22bb70-1677-4cc0-852f-01c880e0a945@group-33411980B3FD-StateMachineUpdater] INFO  ratis.ContainerStateMachine (ContainerStateMachine.java:takeSnapshot(291)) - group-33411980B3FD: Taking a snapshot at:(t:1, i:0) file /github/workspace/mnt/ozone/hadoop-ozone/integration-test/target/test-dir/MiniOzoneClusterImpl-030730bd-5c5c-4c00-b8c2-b15b15404b1a/datanode-5/data/ratis/07b4a9a4-d4e8-4fe2-8162-33411980b3fd/sm/snapshot.1_0
2021-01-10 09:03:55,141 [Thread-1141] INFO  impl.FollowerState (FollowerState.java:run(142)) - ea22bb70-1677-4cc0-852f-01c880e0a945@group-33411980B3FD-FollowerState was interrupted: {}
java.lang.InterruptedException: sleep interrupted
	at java.lang.Thread.sleep(Native Method)
	at java.lang.Thread.sleep(Thread.java:340)
	at java.util.concurrent.TimeUnit.sleep(TimeUnit.java:386)
	at org.apache.ratis.util.TimeDuration.sleep(TimeDuration.java:324)
	at org.apache.ratis.util.TimeDuration.sleep(TimeDuration.java:309)
	at org.apache.ratis.server.impl.FollowerState.run(FollowerState.java:117)
2021-01-10 09:03:55,141 [ea22bb70-1677-4cc0-852f-01c880e0a945@group-33411980B3FD-StateMachineUpdater] INFO  ratis.ContainerStateMachine (ContainerStateMachine.java:takeSnapshot(302)) - group-33411980B3FD: Finished taking a snapshot at:(t:1, i:0) file:/github/workspace/mnt/ozone/hadoop-ozone/integration-test/target/test-dir/MiniOzoneClusterImpl-030730bd-5c5c-4c00-b8c2-b15b15404b1a/datanode-5/data/ratis/07b4a9a4-d4e8-4fe2-8162-33411980b3fd/sm/snapshot.1_0 took: 1 ms
2021-01-10 09:03:55,142 [ea22bb70-1677-4cc0-852f-01c880e0a945@group-33411980B3FD-StateMachineUpdater] INFO  impl.StateMachineUpdater (StateMachineUpdater.java:takeSnapshot(279)) - ea22bb70-1677-4cc0-852f-01c880e0a945@group-33411980B3FD-StateMachineUpdater: Took a snapshot at index 0
2021-01-10 09:03:55,142 [ea22bb70-1677-4cc0-852f-01c880e0a945@group-33411980B3FD-StateMachineUpdater] INFO  impl.StateMachineUpdater (StateMachineUpdater.java:lambda$new$0(88)) - ea22bb70-1677-4cc0-852f-01c880e0a945@group-33411980B3FD-StateMachineUpdater: snapshotIndex: updateIncreasingly -1 -> 0
2021-01-10 09:03:55,142 [ea22bb70-1677-4cc0-852f-01c880e0a945@group-33411980B3FD-StateMachineUpdater] INFO  metrics.RatisMetrics (RatisMetrics.java:unregister(43)) - Unregistering Metrics Registry : ratis.state_machine.ea22bb70-1677-4cc0-852f-01c880e0a945@group-33411980B3FD
2021-01-10 09:03:55,142 [Listener at 127.0.0.1/45243] INFO  server.RaftServer$Division (ServerState.java:close(400)) - ea22bb70-1677-4cc0-852f-01c880e0a945@group-33411980B3FD: closes. applyIndex: 0
2021-01-10 09:03:55,143 [ea22bb70-1677-4cc0-852f-01c880e0a945@group-33411980B3FD-SegmentedRaftLogWorker] INFO  segmented.SegmentedRaftLogWorker (SegmentedRaftLogWorker.java:run(326)) - ea22bb70-1677-4cc0-852f-01c880e0a945@group-33411980B3FD-SegmentedRaftLogWorker was interrupted, exiting. There are 0 tasks remaining in the queue.
2021-01-10 09:03:55,143 [Listener at 127.0.0.1/45243] INFO  segmented.SegmentedRaftLogWorker (SegmentedRaftLogWorker.java:close(236)) - ea22bb70-1677-4cc0-852f-01c880e0a945@group-33411980B3FD-SegmentedRaftLogWorker close()
2021-01-10 09:03:55,143 [Listener at 127.0.0.1/45243] INFO  metrics.RatisMetrics (RatisMetrics.java:unregister(43)) - Unregistering Metrics Registry : ratis.log_worker.ea22bb70-1677-4cc0-852f-01c880e0a945@group-33411980B3FD
2021-01-10 09:03:55,143 [Listener at 127.0.0.1/45243] INFO  metrics.RatisMetrics (RatisMetrics.java:unregister(43)) - Unregistering Metrics Registry : ratis.leader_election.ea22bb70-1677-4cc0-852f-01c880e0a945@group-33411980B3FD
2021-01-10 09:03:55,143 [Listener at 127.0.0.1/45243] INFO  metrics.RatisMetrics (RatisMetrics.java:unregister(43)) - Unregistering Metrics Registry : ratis.server.ea22bb70-1677-4cc0-852f-01c880e0a945@group-33411980B3FD
2021-01-10 09:03:55,144 [Listener at 127.0.0.1/45243] INFO  server.RaftServer$Division (RaftServerImpl.java:lambda$close$4(405)) - ea22bb70-1677-4cc0-852f-01c880e0a945@group-364C4CF1125C: shutdown
2021-01-10 09:03:55,144 [Listener at 127.0.0.1/45243] INFO  util.JmxRegister (JmxRegister.java:unregister(73)) - Successfully un-registered JMX Bean with object name Ratis:service=RaftServer,group=group-364C4CF1125C,id=ea22bb70-1677-4cc0-852f-01c880e0a945
2021-01-10 09:03:55,144 [Listener at 127.0.0.1/45243] INFO  impl.RoleInfo (RoleInfo.java:shutdownLeaderState(91)) - ea22bb70-1677-4cc0-852f-01c880e0a945: shutdown ea22bb70-1677-4cc0-852f-01c880e0a945@group-364C4CF1125C-LeaderStateImpl
2021-01-10 09:03:55,144 [Listener at 127.0.0.1/45243] INFO  impl.PendingRequests (PendingRequests.java:sendNotLeaderResponses(249)) - ea22bb70-1677-4cc0-852f-01c880e0a945@group-364C4CF1125C-PendingRequests: sendNotLeaderResponses
2021-01-10 09:03:55,144 [Listener at 127.0.0.1/45243] INFO  metrics.RatisMetrics (RatisMetrics.java:unregister(43)) - Unregistering Metrics Registry : ratis.log_appender.ea22bb70-1677-4cc0-852f-01c880e0a945@group-364C4CF1125C
2021-01-10 09:03:55,145 [Listener at 127.0.0.1/45243] INFO  metrics.RatisMetrics (RatisMetrics.java:unregister(43)) - Unregistering Metrics Registry : ratis.server.ea22bb70-1677-4cc0-852f-01c880e0a945@group-364C4CF1125C
2021-01-10 09:03:55,145 [Listener at 127.0.0.1/45243] INFO  impl.StateMachineUpdater (StateMachineUpdater.java:stopAndJoin(148)) - ea22bb70-1677-4cc0-852f-01c880e0a945@group-364C4CF1125C-StateMachineUpdater: set stopIndex = 0
2021-01-10 09:03:55,145 [ea22bb70-1677-4cc0-852f-01c880e0a945@group-364C4CF1125C-StateMachineUpdater] INFO  ratis.ContainerStateMachine (ContainerStateMachine.java:takeSnapshot(291)) - group-364C4CF1125C: Taking a snapshot at:(t:1, i:0) file /github/workspace/mnt/ozone/hadoop-ozone/integration-test/target/test-dir/MiniOzoneClusterImpl-030730bd-5c5c-4c00-b8c2-b15b15404b1a/datanode-5/data/ratis/46c3e2f6-5806-4046-bfd9-364c4cf1125c/sm/snapshot.1_0
2021-01-10 09:03:55,146 [ea22bb70-1677-4cc0-852f-01c880e0a945@group-364C4CF1125C-StateMachineUpdater] INFO  ratis.ContainerStateMachine (ContainerStateMachine.java:takeSnapshot(302)) - group-364C4CF1125C: Finished taking a snapshot at:(t:1, i:0) file:/github/workspace/mnt/ozone/hadoop-ozone/integration-test/target/test-dir/MiniOzoneClusterImpl-030730bd-5c5c-4c00-b8c2-b15b15404b1a/datanode-5/data/ratis/46c3e2f6-5806-4046-bfd9-364c4cf1125c/sm/snapshot.1_0 took: 1 ms
2021-01-10 09:03:55,146 [ea22bb70-1677-4cc0-852f-01c880e0a945@group-364C4CF1125C-StateMachineUpdater] INFO  impl.StateMachineUpdater (StateMachineUpdater.java:takeSnapshot(279)) - ea22bb70-1677-4cc0-852f-01c880e0a945@group-364C4CF1125C-StateMachineUpdater: Took a snapshot at index 0
2021-01-10 09:03:55,146 [ea22bb70-1677-4cc0-852f-01c880e0a945@group-364C4CF1125C-StateMachineUpdater] INFO  impl.StateMachineUpdater (StateMachineUpdater.java:lambda$new$0(88)) - ea22bb70-1677-4cc0-852f-01c880e0a945@group-364C4CF1125C-StateMachineUpdater: snapshotIndex: updateIncreasingly -1 -> 0
2021-01-10 09:03:55,146 [ea22bb70-1677-4cc0-852f-01c880e0a945@group-364C4CF1125C-StateMachineUpdater] INFO  metrics.RatisMetrics (RatisMetrics.java:unregister(43)) - Unregistering Metrics Registry : ratis.state_machine.ea22bb70-1677-4cc0-852f-01c880e0a945@group-364C4CF1125C
2021-01-10 09:03:55,147 [Listener at 127.0.0.1/45243] INFO  server.RaftServer$Division (ServerState.java:close(400)) - ea22bb70-1677-4cc0-852f-01c880e0a945@group-364C4CF1125C: closes. applyIndex: 0
2021-01-10 09:03:55,147 [ea22bb70-1677-4cc0-852f-01c880e0a945@group-364C4CF1125C-SegmentedRaftLogWorker] INFO  segmented.SegmentedRaftLogWorker (SegmentedRaftLogWorker.java:run(326)) - ea22bb70-1677-4cc0-852f-01c880e0a945@group-364C4CF1125C-SegmentedRaftLogWorker was interrupted, exiting. There are 0 tasks remaining in the queue.
2021-01-10 09:03:55,147 [Listener at 127.0.0.1/45243] INFO  segmented.SegmentedRaftLogWorker (SegmentedRaftLogWorker.java:close(236)) - ea22bb70-1677-4cc0-852f-01c880e0a945@group-364C4CF1125C-SegmentedRaftLogWorker close()
2021-01-10 09:03:55,147 [Listener at 127.0.0.1/45243] INFO  metrics.RatisMetrics (RatisMetrics.java:unregister(43)) - Unregistering Metrics Registry : ratis.log_worker.ea22bb70-1677-4cc0-852f-01c880e0a945@group-364C4CF1125C
2021-01-10 09:03:55,148 [Listener at 127.0.0.1/45243] INFO  metrics.RatisMetrics (RatisMetrics.java:unregister(43)) - Unregistering Metrics Registry : ratis.leader_election.ea22bb70-1677-4cc0-852f-01c880e0a945@group-364C4CF1125C
2021-01-10 09:03:55,148 [Listener at 127.0.0.1/45243] INFO  metrics.RatisMetrics (RatisMetrics.java:unregister(43)) - Unregistering Metrics Registry : ratis.server.ea22bb70-1677-4cc0-852f-01c880e0a945@group-364C4CF1125C
2021-01-10 09:03:55,148 [Listener at 127.0.0.1/45243] INFO  server.GrpcService (GrpcService.java:closeImpl(183)) - ea22bb70-1677-4cc0-852f-01c880e0a945: shutdown server with port 35183 now
2021-01-10 09:03:55,148 [Listener at 127.0.0.1/45243] INFO  server.GrpcService (GrpcService.java:closeImpl(192)) - ea22bb70-1677-4cc0-852f-01c880e0a945: shutdown server with port 35183 successfully
2021-01-10 09:03:55,148 [org.apache.ratis.util.JvmPauseMonitor$$Lambda$220/965274911@4776fa9a] INFO  util.JvmPauseMonitor (JvmPauseMonitor.java:run(109)) - JvmPauseMonitor-ea22bb70-1677-4cc0-852f-01c880e0a945: Stopped
2021-01-10 09:03:55,149 [Listener at 127.0.0.1/45243] INFO  utils.BackgroundService (BackgroundService.java:shutdown(132)) - Shutting down service BlockDeletingService
2021-01-10 09:03:55,156 [Listener at 127.0.0.1/45243] INFO  statemachine.DatanodeStateMachine (DatanodeStateMachine.java:stopDaemon(461)) - Ozone container server stopped.
2021-01-10 09:03:55,171 [Listener at 127.0.0.1/45243] INFO  handler.ContextHandler (ContextHandler.java:doStop(1154)) - Stopped o.e.j.w.WebAppContext@12d658c0{hddsDatanode,/,null,STOPPED}{jar:file:/home/user/.m2/repository/org/apache/hadoop/hadoop-hdds-container-service/1.1.0-SNAPSHOT/hadoop-hdds-container-service-1.1.0-SNAPSHOT.jar!/webapps/hddsDatanode}
2021-01-10 09:03:55,171 [Listener at 127.0.0.1/45243] INFO  server.AbstractConnector (AbstractConnector.java:doStop(381)) - Stopped ServerConnector@39b3de87{HTTP/1.1, (http/1.1)}{0.0.0.0:0}
2021-01-10 09:03:55,171 [Listener at 127.0.0.1/45243] INFO  server.session (HouseKeeper.java:stopScavenging(149)) - node0 Stopped scavenging
2021-01-10 09:03:55,172 [Listener at 127.0.0.1/45243] INFO  handler.ContextHandler (ContextHandler.java:doStop(1154)) - Stopped o.e.j.s.ServletContextHandler@47f4d61{static,/static,jar:file:/home/user/.m2/repository/org/apache/hadoop/hadoop-hdds-container-service/1.1.0-SNAPSHOT/hadoop-hdds-container-service-1.1.0-SNAPSHOT.jar!/webapps/static,STOPPED}
2021-01-10 09:03:55,172 [Listener at 127.0.0.1/45243] INFO  handler.ContextHandler (ContextHandler.java:doStop(1154)) - Stopped o.e.j.s.ServletContextHandler@1aa5972e{logs,/logs,file:///github/workspace/mnt/ozone/hadoop-ozone/integration-test/target/log,STOPPED}
2021-01-10 09:03:55,480 [Datanode State Machine Thread - 0] INFO  statemachine.DatanodeStateMachine (DatanodeStateMachine.java:lambda$startDaemon$0(408)) - Ozone container server started.
2021-01-10 09:03:55,537 [EventQueue-StaleNodeForStaleNodeHandler] INFO  node.StaleNodeHandler (StaleNodeHandler.java:onMessage(58)) - Datanode c4191e53-aaca-4d42-9f72-dc45ebf47022{ip: 172.17.0.2, host: 84bc77fe8d45, networkLocation: /default-rack, certSerialId: null, persistedOpState: IN_MAINTENANCE, persistedOpStateExpiryEpochSec: 0} moved to stale state. Finalizing its pipelines []
2021-01-10 09:03:55,574 [DatanodeAdminManager-0] INFO  node.DatanodeAdminMonitorImpl (DatanodeAdminMonitorImpl.java:run(136)) - There are 3 nodes tracked for decommission and maintenance. 0 pending nodes.
2021-01-10 09:03:55,619 [ForkJoinPool.commonPool-worker-1] INFO  ozoneimpl.OzoneContainer (OzoneContainer.java:stop(273)) - Attempting to stop container services.
2021-01-10 09:03:55,620 [ForkJoinPool.commonPool-worker-1] INFO  server.RaftServer (RaftServerProxy.java:lambda$close$6(389)) - 639a72ac-1b67-44d2-8fbe-212b735275e2: close
2021-01-10 09:03:55,620 [ForkJoinPool.commonPool-worker-1] INFO  server.GrpcService (GrpcService.java:closeImpl(183)) - 639a72ac-1b67-44d2-8fbe-212b735275e2: shutdown server with port 45651 now
2021-01-10 09:03:55,621 [ForkJoinPool.commonPool-worker-1] INFO  server.GrpcService (GrpcService.java:closeImpl(192)) - 639a72ac-1b67-44d2-8fbe-212b735275e2: shutdown server with port 45651 successfully
2021-01-10 09:03:55,621 [org.apache.ratis.util.JvmPauseMonitor$$Lambda$220/965274911@578e8be8] INFO  util.JvmPauseMonitor (JvmPauseMonitor.java:run(109)) - JvmPauseMonitor-639a72ac-1b67-44d2-8fbe-212b735275e2: Stopped
2021-01-10 09:03:55,623 [ForkJoinPool.commonPool-worker-1] INFO  utils.BackgroundService (BackgroundService.java:shutdown(132)) - Shutting down service BlockDeletingService
2021-01-10 09:03:55,624 [ForkJoinPool.commonPool-worker-1] INFO  statemachine.DatanodeStateMachine (DatanodeStateMachine.java:stopDaemon(461)) - Ozone container server stopped.
2021-01-10 09:03:55,633 [ForkJoinPool.commonPool-worker-1] INFO  handler.ContextHandler (ContextHandler.java:doStop(1154)) - Stopped o.e.j.w.WebAppContext@66df5adb{hddsDatanode,/,null,STOPPED}{jar:file:/home/user/.m2/repository/org/apache/hadoop/hadoop-hdds-container-service/1.1.0-SNAPSHOT/hadoop-hdds-container-service-1.1.0-SNAPSHOT.jar!/webapps/hddsDatanode}
2021-01-10 09:03:55,634 [ForkJoinPool.commonPool-worker-1] INFO  server.AbstractConnector (AbstractConnector.java:doStop(381)) - Stopped ServerConnector@38a01810{HTTP/1.1, (http/1.1)}{0.0.0.0:0}
2021-01-10 09:03:55,634 [ForkJoinPool.commonPool-worker-1] INFO  server.session (HouseKeeper.java:stopScavenging(149)) - node0 Stopped scavenging
2021-01-10 09:03:55,634 [ForkJoinPool.commonPool-worker-1] INFO  handler.ContextHandler (ContextHandler.java:doStop(1154)) - Stopped o.e.j.s.ServletContextHandler@ac41f1{static,/static,jar:file:/home/user/.m2/repository/org/apache/hadoop/hadoop-hdds-container-service/1.1.0-SNAPSHOT/hadoop-hdds-container-service-1.1.0-SNAPSHOT.jar!/webapps/static,STOPPED}
2021-01-10 09:03:55,638 [ForkJoinPool.commonPool-worker-1] INFO  handler.ContextHandler (ContextHandler.java:doStop(1154)) - Stopped o.e.j.s.ServletContextHandler@73e2862a{logs,/logs,file:///github/workspace/mnt/ozone/hadoop-ozone/integration-test/target/log,STOPPED}
2021-01-10 09:03:55,736 [ReplicationMonitor] INFO  container.ReplicationManager (ReplicationManager.java:run(250)) - Replication Monitor Thread took 0 milliseconds for processing 3 containers.
2021-01-10 09:03:56,071 [Datanode State Machine Thread - 0] INFO  statemachine.DatanodeStateMachine (DatanodeStateMachine.java:lambda$startDaemon$0(408)) - Ozone container server started.
2021-01-10 09:03:56,200 [Listener at 127.0.0.1/45243] INFO  ozoneimpl.OzoneContainer (OzoneContainer.java:stop(273)) - Attempting to stop container services.
2021-01-10 09:03:56,201 [Listener at 127.0.0.1/45243] INFO  server.RaftServer (RaftServerProxy.java:lambda$close$6(389)) - 4f04bfaa-b5ee-4e84-baf7-1b8b2eccc1ea: close
2021-01-10 09:03:56,201 [Listener at 127.0.0.1/45243] INFO  server.RaftServer$Division (RaftServerImpl.java:lambda$close$4(405)) - 4f04bfaa-b5ee-4e84-baf7-1b8b2eccc1ea@group-33411980B3FD: shutdown
2021-01-10 09:03:56,201 [ForkJoinPool.commonPool-worker-1] INFO  server.RaftServer$Division (RaftServerImpl.java:lambda$close$4(405)) - 4f04bfaa-b5ee-4e84-baf7-1b8b2eccc1ea@group-C5B3E72FEAB2: shutdown
2021-01-10 09:03:56,201 [ForkJoinPool.commonPool-worker-1] INFO  util.JmxRegister (JmxRegister.java:unregister(73)) - Successfully un-registered JMX Bean with object name Ratis:service=RaftServer,group=group-C5B3E72FEAB2,id=4f04bfaa-b5ee-4e84-baf7-1b8b2eccc1ea
2021-01-10 09:03:56,201 [ForkJoinPool.commonPool-worker-1] INFO  impl.RoleInfo (RoleInfo.java:shutdownLeaderState(91)) - 4f04bfaa-b5ee-4e84-baf7-1b8b2eccc1ea: shutdown 4f04bfaa-b5ee-4e84-baf7-1b8b2eccc1ea@group-C5B3E72FEAB2-LeaderStateImpl
2021-01-10 09:03:56,202 [ForkJoinPool.commonPool-worker-1] INFO  impl.PendingRequests (PendingRequests.java:sendNotLeaderResponses(249)) - 4f04bfaa-b5ee-4e84-baf7-1b8b2eccc1ea@group-C5B3E72FEAB2-PendingRequests: sendNotLeaderResponses
2021-01-10 09:03:56,202 [ForkJoinPool.commonPool-worker-1] INFO  metrics.RatisMetrics (RatisMetrics.java:unregister(43)) - Unregistering Metrics Registry : ratis.log_appender.4f04bfaa-b5ee-4e84-baf7-1b8b2eccc1ea@group-C5B3E72FEAB2
2021-01-10 09:03:56,202 [ForkJoinPool.commonPool-worker-1] INFO  metrics.RatisMetrics (RatisMetrics.java:unregister(43)) - Unregistering Metrics Registry : ratis.server.4f04bfaa-b5ee-4e84-baf7-1b8b2eccc1ea@group-C5B3E72FEAB2
2021-01-10 09:03:56,202 [ForkJoinPool.commonPool-worker-1] INFO  impl.StateMachineUpdater (StateMachineUpdater.java:stopAndJoin(148)) - 4f04bfaa-b5ee-4e84-baf7-1b8b2eccc1ea@group-C5B3E72FEAB2-StateMachineUpdater: set stopIndex = 0
2021-01-10 09:03:56,203 [4f04bfaa-b5ee-4e84-baf7-1b8b2eccc1ea@group-C5B3E72FEAB2-StateMachineUpdater] INFO  ratis.ContainerStateMachine (ContainerStateMachine.java:takeSnapshot(291)) - group-C5B3E72FEAB2: Taking a snapshot at:(t:1, i:0) file /github/workspace/mnt/ozone/hadoop-ozone/integration-test/target/test-dir/MiniOzoneClusterImpl-030730bd-5c5c-4c00-b8c2-b15b15404b1a/datanode-4/data/ratis/7b60ec5e-cc15-4fbc-a615-c5b3e72feab2/sm/snapshot.1_0
2021-01-10 09:03:56,201 [Listener at 127.0.0.1/45243] INFO  util.JmxRegister (JmxRegister.java:unregister(73)) - Successfully un-registered JMX Bean with object name Ratis:service=RaftServer,group=group-33411980B3FD,id=4f04bfaa-b5ee-4e84-baf7-1b8b2eccc1ea
2021-01-10 09:03:56,203 [Listener at 127.0.0.1/45243] INFO  impl.RoleInfo (RoleInfo.java:shutdownFollowerState(108)) - 4f04bfaa-b5ee-4e84-baf7-1b8b2eccc1ea: shutdown 4f04bfaa-b5ee-4e84-baf7-1b8b2eccc1ea@group-33411980B3FD-FollowerState
2021-01-10 09:03:56,204 [Listener at 127.0.0.1/45243] INFO  impl.StateMachineUpdater (StateMachineUpdater.java:stopAndJoin(148)) - 4f04bfaa-b5ee-4e84-baf7-1b8b2eccc1ea@group-33411980B3FD-StateMachineUpdater: set stopIndex = 0
2021-01-10 09:03:56,204 [4f04bfaa-b5ee-4e84-baf7-1b8b2eccc1ea@group-33411980B3FD-StateMachineUpdater] INFO  ratis.ContainerStateMachine (ContainerStateMachine.java:takeSnapshot(291)) - group-33411980B3FD: Taking a snapshot at:(t:1, i:0) file /github/workspace/mnt/ozone/hadoop-ozone/integration-test/target/test-dir/MiniOzoneClusterImpl-030730bd-5c5c-4c00-b8c2-b15b15404b1a/datanode-4/data/ratis/07b4a9a4-d4e8-4fe2-8162-33411980b3fd/sm/snapshot.1_0
2021-01-10 09:03:56,204 [Thread-1140] INFO  impl.FollowerState (FollowerState.java:run(142)) - 4f04bfaa-b5ee-4e84-baf7-1b8b2eccc1ea@group-33411980B3FD-FollowerState was interrupted: {}
java.lang.InterruptedException: sleep interrupted
	at java.lang.Thread.sleep(Native Method)
	at java.lang.Thread.sleep(Thread.java:340)
	at java.util.concurrent.TimeUnit.sleep(TimeUnit.java:386)
	at org.apache.ratis.util.TimeDuration.sleep(TimeDuration.java:324)
	at org.apache.ratis.util.TimeDuration.sleep(TimeDuration.java:309)
	at org.apache.ratis.server.impl.FollowerState.run(FollowerState.java:117)
2021-01-10 09:03:56,205 [4f04bfaa-b5ee-4e84-baf7-1b8b2eccc1ea@group-C5B3E72FEAB2-StateMachineUpdater] INFO  ratis.ContainerStateMachine (ContainerStateMachine.java:takeSnapshot(302)) - group-C5B3E72FEAB2: Finished taking a snapshot at:(t:1, i:0) file:/github/workspace/mnt/ozone/hadoop-ozone/integration-test/target/test-dir/MiniOzoneClusterImpl-030730bd-5c5c-4c00-b8c2-b15b15404b1a/datanode-4/data/ratis/7b60ec5e-cc15-4fbc-a615-c5b3e72feab2/sm/snapshot.1_0 took: 2 ms
2021-01-10 09:03:56,206 [4f04bfaa-b5ee-4e84-baf7-1b8b2eccc1ea@group-C5B3E72FEAB2-StateMachineUpdater] INFO  impl.StateMachineUpdater (StateMachineUpdater.java:takeSnapshot(279)) - 4f04bfaa-b5ee-4e84-baf7-1b8b2eccc1ea@group-C5B3E72FEAB2-StateMachineUpdater: Took a snapshot at index 0
2021-01-10 09:03:56,206 [4f04bfaa-b5ee-4e84-baf7-1b8b2eccc1ea@group-C5B3E72FEAB2-StateMachineUpdater] INFO  impl.StateMachineUpdater (StateMachineUpdater.java:lambda$new$0(88)) - 4f04bfaa-b5ee-4e84-baf7-1b8b2eccc1ea@group-C5B3E72FEAB2-StateMachineUpdater: snapshotIndex: updateIncreasingly -1 -> 0
2021-01-10 09:03:56,206 [4f04bfaa-b5ee-4e84-baf7-1b8b2eccc1ea@group-C5B3E72FEAB2-StateMachineUpdater] INFO  metrics.RatisMetrics (RatisMetrics.java:unregister(43)) - Unregistering Metrics Registry : ratis.state_machine.4f04bfaa-b5ee-4e84-baf7-1b8b2eccc1ea@group-C5B3E72FEAB2
2021-01-10 09:03:56,206 [4f04bfaa-b5ee-4e84-baf7-1b8b2eccc1ea@group-33411980B3FD-StateMachineUpdater] INFO  ratis.ContainerStateMachine (ContainerStateMachine.java:takeSnapshot(302)) - group-33411980B3FD: Finished taking a snapshot at:(t:1, i:0) file:/github/workspace/mnt/ozone/hadoop-ozone/integration-test/target/test-dir/MiniOzoneClusterImpl-030730bd-5c5c-4c00-b8c2-b15b15404b1a/datanode-4/data/ratis/07b4a9a4-d4e8-4fe2-8162-33411980b3fd/sm/snapshot.1_0 took: 2 ms
2021-01-10 09:03:56,207 [4f04bfaa-b5ee-4e84-baf7-1b8b2eccc1ea@group-33411980B3FD-StateMachineUpdater] INFO  impl.StateMachineUpdater (StateMachineUpdater.java:takeSnapshot(279)) - 4f04bfaa-b5ee-4e84-baf7-1b8b2eccc1ea@group-33411980B3FD-StateMachineUpdater: Took a snapshot at index 0
2021-01-10 09:03:56,207 [4f04bfaa-b5ee-4e84-baf7-1b8b2eccc1ea@group-33411980B3FD-StateMachineUpdater] INFO  impl.StateMachineUpdater (StateMachineUpdater.java:lambda$new$0(88)) - 4f04bfaa-b5ee-4e84-baf7-1b8b2eccc1ea@group-33411980B3FD-StateMachineUpdater: snapshotIndex: updateIncreasingly -1 -> 0
2021-01-10 09:03:56,207 [4f04bfaa-b5ee-4e84-baf7-1b8b2eccc1ea@group-33411980B3FD-StateMachineUpdater] INFO  metrics.RatisMetrics (RatisMetrics.java:unregister(43)) - Unregistering Metrics Registry : ratis.state_machine.4f04bfaa-b5ee-4e84-baf7-1b8b2eccc1ea@group-33411980B3FD
2021-01-10 09:03:56,207 [ForkJoinPool.commonPool-worker-1] INFO  server.RaftServer$Division (ServerState.java:close(400)) - 4f04bfaa-b5ee-4e84-baf7-1b8b2eccc1ea@group-C5B3E72FEAB2: closes. applyIndex: 0
2021-01-10 09:03:56,207 [4f04bfaa-b5ee-4e84-baf7-1b8b2eccc1ea@group-C5B3E72FEAB2-SegmentedRaftLogWorker] INFO  segmented.SegmentedRaftLogWorker (SegmentedRaftLogWorker.java:run(326)) - 4f04bfaa-b5ee-4e84-baf7-1b8b2eccc1ea@group-C5B3E72FEAB2-SegmentedRaftLogWorker was interrupted, exiting. There are 0 tasks remaining in the queue.
2021-01-10 09:03:56,208 [ForkJoinPool.commonPool-worker-1] INFO  segmented.SegmentedRaftLogWorker (SegmentedRaftLogWorker.java:close(236)) - 4f04bfaa-b5ee-4e84-baf7-1b8b2eccc1ea@group-C5B3E72FEAB2-SegmentedRaftLogWorker close()
2021-01-10 09:03:56,208 [ForkJoinPool.commonPool-worker-1] INFO  metrics.RatisMetrics (RatisMetrics.java:unregister(43)) - Unregistering Metrics Registry : ratis.log_worker.4f04bfaa-b5ee-4e84-baf7-1b8b2eccc1ea@group-C5B3E72FEAB2
2021-01-10 09:03:56,208 [ForkJoinPool.commonPool-worker-1] INFO  metrics.RatisMetrics (RatisMetrics.java:unregister(43)) - Unregistering Metrics Registry : ratis.leader_election.4f04bfaa-b5ee-4e84-baf7-1b8b2eccc1ea@group-C5B3E72FEAB2
2021-01-10 09:03:56,208 [ForkJoinPool.commonPool-worker-1] INFO  metrics.RatisMetrics (RatisMetrics.java:unregister(43)) - Unregistering Metrics Registry : ratis.server.4f04bfaa-b5ee-4e84-baf7-1b8b2eccc1ea@group-C5B3E72FEAB2
2021-01-10 09:03:56,208 [Listener at 127.0.0.1/45243] INFO  server.RaftServer$Division (ServerState.java:close(400)) - 4f04bfaa-b5ee-4e84-baf7-1b8b2eccc1ea@group-33411980B3FD: closes. applyIndex: 0
2021-01-10 09:03:56,209 [4f04bfaa-b5ee-4e84-baf7-1b8b2eccc1ea@group-33411980B3FD-SegmentedRaftLogWorker] INFO  segmented.SegmentedRaftLogWorker (SegmentedRaftLogWorker.java:run(326)) - 4f04bfaa-b5ee-4e84-baf7-1b8b2eccc1ea@group-33411980B3FD-SegmentedRaftLogWorker was interrupted, exiting. There are 0 tasks remaining in the queue.
2021-01-10 09:03:56,209 [Listener at 127.0.0.1/45243] INFO  segmented.SegmentedRaftLogWorker (SegmentedRaftLogWorker.java:close(236)) - 4f04bfaa-b5ee-4e84-baf7-1b8b2eccc1ea@group-33411980B3FD-SegmentedRaftLogWorker close()
2021-01-10 09:03:56,209 [Listener at 127.0.0.1/45243] INFO  metrics.RatisMetrics (RatisMetrics.java:unregister(43)) - Unregistering Metrics Registry : ratis.log_worker.4f04bfaa-b5ee-4e84-baf7-1b8b2eccc1ea@group-33411980B3FD
2021-01-10 09:03:56,210 [Listener at 127.0.0.1/45243] INFO  metrics.RatisMetrics (RatisMetrics.java:unregister(43)) - Unregistering Metrics Registry : ratis.leader_election.4f04bfaa-b5ee-4e84-baf7-1b8b2eccc1ea@group-33411980B3FD
2021-01-10 09:03:56,210 [Listener at 127.0.0.1/45243] INFO  metrics.RatisMetrics (RatisMetrics.java:unregister(43)) - Unregistering Metrics Registry : ratis.server.4f04bfaa-b5ee-4e84-baf7-1b8b2eccc1ea@group-33411980B3FD
2021-01-10 09:03:56,210 [Listener at 127.0.0.1/45243] INFO  server.GrpcService (GrpcService.java:closeImpl(183)) - 4f04bfaa-b5ee-4e84-baf7-1b8b2eccc1ea: shutdown server with port 44143 now
2021-01-10 09:03:56,211 [Listener at 127.0.0.1/45243] INFO  server.GrpcService (GrpcService.java:closeImpl(192)) - 4f04bfaa-b5ee-4e84-baf7-1b8b2eccc1ea: shutdown server with port 44143 successfully
2021-01-10 09:03:56,211 [org.apache.ratis.util.JvmPauseMonitor$$Lambda$220/965274911@42b63f01] INFO  util.JvmPauseMonitor (JvmPauseMonitor.java:run(109)) - JvmPauseMonitor-4f04bfaa-b5ee-4e84-baf7-1b8b2eccc1ea: Stopped
2021-01-10 09:03:56,212 [Listener at 127.0.0.1/45243] INFO  utils.BackgroundService (BackgroundService.java:shutdown(132)) - Shutting down service BlockDeletingService
2021-01-10 09:03:56,213 [Listener at 127.0.0.1/45243] INFO  statemachine.DatanodeStateMachine (DatanodeStateMachine.java:stopDaemon(461)) - Ozone container server stopped.
2021-01-10 09:03:56,221 [Listener at 127.0.0.1/45243] INFO  handler.ContextHandler (ContextHandler.java:doStop(1154)) - Stopped o.e.j.w.WebAppContext@30b69dd{hddsDatanode,/,null,STOPPED}{jar:file:/home/user/.m2/repository/org/apache/hadoop/hadoop-hdds-container-service/1.1.0-SNAPSHOT/hadoop-hdds-container-service-1.1.0-SNAPSHOT.jar!/webapps/hddsDatanode}
2021-01-10 09:03:56,222 [Listener at 127.0.0.1/45243] INFO  server.AbstractConnector (AbstractConnector.java:doStop(381)) - Stopped ServerConnector@6f677c34{HTTP/1.1, (http/1.1)}{0.0.0.0:0}
2021-01-10 09:03:56,222 [Listener at 127.0.0.1/45243] INFO  server.session (HouseKeeper.java:stopScavenging(149)) - node0 Stopped scavenging
2021-01-10 09:03:56,222 [Listener at 127.0.0.1/45243] INFO  handler.ContextHandler (ContextHandler.java:doStop(1154)) - Stopped o.e.j.s.ServletContextHandler@1f583c44{static,/static,jar:file:/home/user/.m2/repository/org/apache/hadoop/hadoop-hdds-container-service/1.1.0-SNAPSHOT/hadoop-hdds-container-service-1.1.0-SNAPSHOT.jar!/webapps/static,STOPPED}
2021-01-10 09:03:56,222 [Listener at 127.0.0.1/45243] INFO  handler.ContextHandler (ContextHandler.java:doStop(1154)) - Stopped o.e.j.s.ServletContextHandler@28e5320e{logs,/logs,file:///github/workspace/mnt/ozone/hadoop-ozone/integration-test/target/log,STOPPED}
2021-01-10 09:03:56,223 [Listener at 127.0.0.1/45243] INFO  ozone.MiniOzoneClusterImpl (MiniOzoneClusterImpl.java:stopSCM(478)) - Stopping the StorageContainerManager
2021-01-10 09:03:56,223 [Listener at 127.0.0.1/45243] INFO  server.StorageContainerManager (StorageContainerManager.java:stop(832)) - Stopping Replication Manager Service.
2021-01-10 09:03:56,223 [Listener at 127.0.0.1/45243] INFO  container.ReplicationManager (ReplicationManager.java:stop(227)) - Stopping Replication Monitor Thread.
2021-01-10 09:03:56,223 [Listener at 127.0.0.1/45243] INFO  server.StorageContainerManager (StorageContainerManager.java:stop(839)) - Stopping the Datanode Admin Monitor.
2021-01-10 09:03:56,224 [Listener at 127.0.0.1/45243] INFO  server.StorageContainerManager (StorageContainerManager.java:stop(846)) - Stopping Lease Manager of the command watchers
2021-01-10 09:03:56,224 [Listener at 127.0.0.1/45243] INFO  server.StorageContainerManager (StorageContainerManager.java:stop(853)) - Stopping datanode service RPC server
2021-01-10 09:03:56,224 [Listener at 127.0.0.1/45243] INFO  server.SCMDatanodeProtocolServer (SCMDatanodeProtocolServer.java:stop(369)) - Stopping the RPC server for DataNodes
2021-01-10 09:03:56,224 [Listener at 127.0.0.1/45243] INFO  ipc.Server (Server.java:stop(3359)) - Stopping server on 34769
2021-01-10 09:03:56,225 [IPC Server listener on 0] INFO  ipc.Server (Server.java:run(1330)) - Stopping IPC Server listener on 0
2021-01-10 09:03:56,226 [IPC Server Responder] INFO  ipc.Server (Server.java:run(1465)) - Stopping IPC Server Responder
2021-01-10 09:03:56,238 [SCM Heartbeat Processing Thread - 0] WARN  node.NodeStateManager (NodeStateManager.java:scheduleNextHealthCheck(688)) - Current Thread is interrupted, shutting down HB processing thread for Node Manager.
2021-01-10 09:03:56,239 [Listener at 127.0.0.1/45243] INFO  server.StorageContainerManager (StorageContainerManager.java:stop(861)) - Stopping block service RPC server
2021-01-10 09:03:56,239 [Listener at 127.0.0.1/45243] INFO  server.SCMBlockProtocolServer (SCMBlockProtocolServer.java:stop(159)) - Stopping the RPC server for Block Protocol
2021-01-10 09:03:56,239 [Listener at 127.0.0.1/45243] INFO  ipc.Server (Server.java:stop(3359)) - Stopping server on 39967
2021-01-10 09:03:56,241 [IPC Server listener on 0] INFO  ipc.Server (Server.java:run(1330)) - Stopping IPC Server listener on 0
2021-01-10 09:03:56,241 [IPC Server Responder] INFO  ipc.Server (Server.java:run(1465)) - Stopping IPC Server Responder
2021-01-10 09:03:56,241 [Listener at 127.0.0.1/45243] INFO  server.StorageContainerManager (StorageContainerManager.java:stop(868)) - Stopping the StorageContainerLocationProtocol RPC server
2021-01-10 09:03:56,241 [Listener at 127.0.0.1/45243] INFO  server.SCMClientProtocolServer (SCMClientProtocolServer.java:stop(168)) - Stopping the RPC server for Client Protocol
2021-01-10 09:03:56,241 [Listener at 127.0.0.1/45243] INFO  ipc.Server (Server.java:stop(3359)) - Stopping server on 33009
2021-01-10 09:03:56,242 [IPC Server listener on 0] INFO  ipc.Server (Server.java:run(1330)) - Stopping IPC Server listener on 0
2021-01-10 09:03:56,243 [IPC Server Responder] INFO  ipc.Server (Server.java:run(1465)) - Stopping IPC Server Responder
2021-01-10 09:03:56,243 [Listener at 127.0.0.1/45243] INFO  server.StorageContainerManager (StorageContainerManager.java:stop(875)) - Stopping Storage Container Manager HTTP server.
2021-01-10 09:03:56,244 [Listener at 127.0.0.1/45243] INFO  handler.ContextHandler (ContextHandler.java:doStop(1154)) - Stopped o.e.j.w.WebAppContext@63e67888{scm,/,null,STOPPED}{file:/github/workspace/mnt/ozone/hadoop-ozone/integration-test/target/test-classes/webapps/scm}
2021-01-10 09:03:56,244 [Listener at 127.0.0.1/45243] INFO  server.AbstractConnector (AbstractConnector.java:doStop(381)) - Stopped ServerConnector@6844b46a{HTTP/1.1, (http/1.1)}{0.0.0.0:0}
2021-01-10 09:03:56,244 [Listener at 127.0.0.1/45243] INFO  server.session (HouseKeeper.java:stopScavenging(149)) - node0 Stopped scavenging
2021-01-10 09:03:56,245 [Listener at 127.0.0.1/45243] INFO  handler.ContextHandler (ContextHandler.java:doStop(1154)) - Stopped o.e.j.s.ServletContextHandler@355c236b{static,/static,file:///github/workspace/mnt/ozone/hadoop-ozone/integration-test/target/test-classes/webapps/static,STOPPED}
2021-01-10 09:03:56,245 [Listener at 127.0.0.1/45243] INFO  handler.ContextHandler (ContextHandler.java:doStop(1154)) - Stopped o.e.j.s.ServletContextHandler@51173c3a{logs,/logs,file:///github/workspace/mnt/ozone/hadoop-ozone/integration-test/target/log,STOPPED}
2021-01-10 09:03:56,245 [Listener at 127.0.0.1/45243] INFO  server.StorageContainerManager (StorageContainerManager.java:stop(886)) - Stopping Block Manager Service.
2021-01-10 09:03:56,245 [Listener at 127.0.0.1/45243] INFO  utils.BackgroundService (BackgroundService.java:shutdown(132)) - Shutting down service SCMBlockDeletingService
2021-01-10 09:03:56,246 [Listener at 127.0.0.1/45243] INFO  utils.BackgroundService (BackgroundService.java:shutdown(132)) - Shutting down service SCMBlockDeletingService
2021-01-10 09:03:56,246 [Listener at 127.0.0.1/45243] INFO  server.StorageContainerManager (StorageContainerManager.java:stop(911)) - Stopping SCM Event Queue.
2021-01-10 09:03:56,249 [Listener at 127.0.0.1/45243] INFO  impl.MetricsSystemImpl (MetricsSystemImpl.java:stop(210)) - Stopping HddsDatanode metrics system...
2021-01-10 09:03:56,257 [Listener at 127.0.0.1/45243] INFO  impl.MetricsSystemImpl (MetricsSystemImpl.java:stop(216)) - HddsDatanode metrics system stopped.
]]></system-out>
  </testcase>
  <testcase name="testDecommissionedStateReinstatedAfterSCMRestart" classname="org.apache.hadoop.ozone.scm.node.TestDecommissionAndMaintenance" time="59.138"/>
  <testcase name="testMaintenanceEndsAutomaticallyAtTimeout" classname="org.apache.hadoop.ozone.scm.node.TestDecommissionAndMaintenance" time="93.751"/>
  <testcase name="testDecommissionedNodeCanBeRecommissioned" classname="org.apache.hadoop.ozone.scm.node.TestDecommissionAndMaintenance" time="56.138"/>
  <testcase name="testNodeWithOpenPipelineCanBeDecommissioned" classname="org.apache.hadoop.ozone.scm.node.TestDecommissionAndMaintenance" time="55.454"/>
  <testcase name="testSingleNodeWithOpenPipelineCanGotoMaintenance" classname="org.apache.hadoop.ozone.scm.node.TestDecommissionAndMaintenance" time="73.551"/>
  <testcase name="testSCMHandlesRestartForMaintenanceNode" classname="org.apache.hadoop.ozone.scm.node.TestDecommissionAndMaintenance" time="75.742"/>
  <testcase name="testStoppedDecommissionedNodeTakesSCMStateOnRestart" classname="org.apache.hadoop.ozone.scm.node.TestDecommissionAndMaintenance" time="77.376"/>
  <testcase name="testEnteringMaintenanceNodeCompletesAfterSCMRestart" classname="org.apache.hadoop.ozone.scm.node.TestDecommissionAndMaintenance" time="67.104"/>
  <testcase name="testDecommissioningNodesCompleteDecommissionOnSCMRestart" classname="org.apache.hadoop.ozone.scm.node.TestDecommissionAndMaintenance" time="67.129"/>
</testsuite>