<?xml version="1.0" encoding="UTF-8"?>
<testsuite xmlns:xsi="http://www.w3.org/2001/XMLSchema-instance" xsi:noNamespaceSchemaLocation="https://maven.apache.org/surefire/maven-surefire-plugin/xsd/surefire-test-report.xsd" version="3.0.2" name="org.apache.hadoop.ozone.container.TestContainerReportHandling" time="82.538" tests="2" errors="1" skipped="0" failures="0">
  <properties>
    <property name="java.specification.version" value="21"/>
    <property name="sun.jnu.encoding" value="UTF-8"/>
    <property name="java.class.path" value="/home/runner/work/ozone/ozone/hadoop-ozone/integration-test/target/test-classes:/home/runner/work/ozone/ozone/hadoop-ozone/integration-test/target/classes:/home/runner/work/ozone/ozone/hadoop-hdds/server-scm/target/hdds-server-scm-2.0.0-SNAPSHOT.jar:/home/runner/.m2/repository/com/fasterxml/jackson/core/jackson-annotations/2.16.2/jackson-annotations-2.16.2.jar:/home/runner/.m2/repository/com/fasterxml/jackson/core/jackson-core/2.16.2/jackson-core-2.16.2.jar:/home/runner/.m2/repository/com/fasterxml/jackson/core/jackson-databind/2.16.2/jackson-databind-2.16.2.jar:/home/runner/.m2/repository/com/google/guava/guava/32.1.3-jre/guava-32.1.3-jre.jar:/home/runner/.m2/repository/com/google/guava/failureaccess/1.0.1/failureaccess-1.0.1.jar:/home/runner/.m2/repository/com/google/guava/listenablefuture/9999.0-empty-to-avoid-conflict-with-guava/listenablefuture-9999.0-empty-to-avoid-conflict-with-guava.jar:/home/runner/.m2/repository/org/checkerframework/checker-qual/3.37.0/checker-qual-3.37.0.jar:/home/runner/.m2/repository/com/google/errorprone/error_prone_annotations/2.29.2/error_prone_annotations-2.29.2.jar:/home/runner/.m2/repository/com/google/j2objc/j2objc-annotations/2.8/j2objc-annotations-2.8.jar:/home/runner/.m2/repository/com/google/protobuf/protobuf-java/2.5.0/protobuf-java-2.5.0.jar:/home/runner/.m2/repository/commons-collections/commons-collections/3.2.2/commons-collections-3.2.2.jar:/home/runner/.m2/repository/commons-io/commons-io/2.18.0/commons-io-2.18.0.jar:/home/runner/.m2/repository/info/picocli/picocli/4.7.5/picocli-4.7.5.jar:/home/runner/.m2/repository/io/dropwizard/metrics/metrics-core/3.2.6/metrics-core-3.2.6.jar:/home/runner/.m2/repository/jakarta/annotation/jakarta.annotation-api/2.1.1/jakarta.annotation-api-2.1.1.jar:/home/runner/.m2/repository/javax/servlet/javax.servlet-api/3.1.0/javax.servlet-api-3.1.0.jar:/home/runner/.m2/repository/org/apache/commons/commons-compress/1.27.1/commons-compress-1.27.1.jar:/home/runner/.m2/repository/org/apache/commons/commons-text/1.12.0/commons-text-1.12.0.jar:/home/runner/work/ozone/ozone/hadoop-hdds/client/target/hdds-client-2.0.0-SNAPSHOT.jar:/home/runner/work/ozone/ozone/hadoop-hdds/common/target/hdds-common-2.0.0-SNAPSHOT.jar:/home/runner/work/ozone/ozone/hadoop-hdds/config/target/hdds-config-2.0.0-SNAPSHOT.jar:/home/runner/work/ozone/ozone/hadoop-hdds/container-service/target/hdds-container-service-2.0.0-SNAPSHOT.jar:/home/runner/work/ozone/ozone/hadoop-hdds/hadoop-dependency-client/target/hdds-hadoop-dependency-client-2.0.0-SNAPSHOT.jar:/home/runner/.m2/repository/com/nimbusds/nimbus-jose-jwt/9.40/nimbus-jose-jwt-9.40.jar:/home/runner/work/ozone/ozone/hadoop-hdds/hadoop-dependency-server/target/hdds-hadoop-dependency-server-2.0.0-SNAPSHOT.jar:/home/runner/.m2/repository/org/apache/hadoop/hadoop-hdfs/3.4.1/hadoop-hdfs-3.4.1.jar:/home/runner/.m2/repository/org/apache/kerby/kerb-util/1.0.1/kerb-util-1.0.1.jar:/home/runner/.m2/repository/org/apache/kerby/kerby-config/1.0.1/kerby-config-1.0.1.jar:/home/runner/.m2/repository/org/apache/kerby/kerb-crypto/1.0.1/kerb-crypto-1.0.1.jar:/home/runner/work/ozone/ozone/hadoop-hdds/interface-admin/target/hdds-interface-admin-2.0.0-SNAPSHOT.jar:/home/runner/work/ozone/ozone/hadoop-hdds/interface-client/target/hdds-interface-client-2.0.0-SNAPSHOT.jar:/home/runner/work/ozone/ozone/hadoop-hdds/interface-server/target/hdds-interface-server-2.0.0-SNAPSHOT.jar:/home/runner/work/ozone/ozone/hadoop-hdds/framework/target/hdds-server-framework-2.0.0-SNAPSHOT.jar:/home/runner/.m2/repository/org/apache/ratis/ratis-client/3.1.2/ratis-client-3.1.2.jar:/home/runner/.m2/repository/org/apache/ratis/ratis-common/3.1.2/ratis-common-3.1.2.jar:/home/runner/.m2/repository/org/apache/ratis/ratis-grpc/3.1.2/ratis-grpc-3.1.2.jar:/home/runner/.m2/repository/org/apache/ratis/ratis-netty/3.1.2/ratis-netty-3.1.2.jar:/home/runner/.m2/repository/org/apache/ratis/ratis-proto/3.1.2/ratis-proto-3.1.2.jar:/home/runner/.m2/repository/org/apache/ratis/ratis-server-api/3.1.2/ratis-server-api-3.1.2.jar:/home/runner/.m2/repository/org/apache/ratis/ratis-thirdparty-misc/1.0.6/ratis-thirdparty-misc-1.0.6.jar:/home/runner/.m2/repository/org/bouncycastle/bcpkix-jdk18on/1.80/bcpkix-jdk18on-1.80.jar:/home/runner/.m2/repository/org/bouncycastle/bcprov-jdk18on/1.80/bcprov-jdk18on-1.80.jar:/home/runner/.m2/repository/org/eclipse/jetty/jetty-webapp/9.4.57.v20241219/jetty-webapp-9.4.57.v20241219.jar:/home/runner/.m2/repository/org/eclipse/jetty/jetty-xml/9.4.57.v20241219/jetty-xml-9.4.57.v20241219.jar:/home/runner/.m2/repository/org/slf4j/slf4j-api/2.0.17/slf4j-api-2.0.17.jar:/home/runner/work/ozone/ozone/hadoop-hdds/tools/target/hdds-tools-2.0.0-SNAPSHOT.jar:/home/runner/.m2/repository/ch/qos/reload4j/reload4j/1.2.26/reload4j-1.2.26.jar:/home/runner/.m2/repository/com/fasterxml/jackson/datatype/jackson-datatype-jsr310/2.16.2/jackson-datatype-jsr310-2.16.2.jar:/home/runner/.m2/repository/commons-cli/commons-cli/1.8.0/commons-cli-1.8.0.jar:/home/runner/.m2/repository/org/apache/ratis/ratis-tools/3.1.2/ratis-tools-3.1.2.jar:/home/runner/.m2/repository/org/kohsuke/metainf-services/metainf-services/1.11/metainf-services-1.11.jar:/home/runner/.m2/repository/org/slf4j/slf4j-reload4j/2.0.17/slf4j-reload4j-2.0.17.jar:/home/runner/.m2/repository/org/xerial/sqlite-jdbc/3.49.1.0/sqlite-jdbc-3.49.1.0.jar:/home/runner/work/ozone/ozone/hadoop-ozone/cli-shell/target/ozone-cli-shell-2.0.0-SNAPSHOT.jar:/home/runner/.m2/repository/commons-codec/commons-codec/1.17.1/commons-codec-1.17.1.jar:/home/runner/.m2/repository/info/picocli/picocli-shell-jline3/4.7.5/picocli-shell-jline3-4.7.5.jar:/home/runner/.m2/repository/jakarta/xml/bind/jakarta.xml.bind-api/2.3.3/jakarta.xml.bind-api-2.3.3.jar:/home/runner/.m2/repository/org/apache/httpcomponents/httpclient/4.5.14/httpclient-4.5.14.jar:/home/runner/work/ozone/ozone/hadoop-ozone/ozonefs-common/target/ozone-filesystem-common-2.0.0-SNAPSHOT.jar:/home/runner/work/ozone/ozone/hadoop-ozone/interface-client/target/ozone-interface-client-2.0.0-SNAPSHOT.jar:/home/runner/.m2/repository/org/jline/jline/3.29.0/jline-3.29.0.jar:/home/runner/work/ozone/ozone/hadoop-ozone/client/target/ozone-client-2.0.0-SNAPSHOT.jar:/home/runner/.m2/repository/com/github/stephenc/jcip/jcip-annotations/1.0-1/jcip-annotations-1.0-1.jar:/home/runner/work/ozone/ozone/hadoop-hdds/erasurecode/target/hdds-erasurecode-2.0.0-SNAPSHOT.jar:/home/runner/work/ozone/ozone/hadoop-ozone/common/target/ozone-common-2.0.0-SNAPSHOT.jar:/home/runner/.m2/repository/io/grpc/grpc-api/1.58.0/grpc-api-1.58.0.jar:/home/runner/.m2/repository/io/grpc/grpc-netty/1.58.0/grpc-netty-1.58.0.jar:/home/runner/.m2/repository/io/grpc/grpc-core/1.58.0/grpc-core-1.58.0.jar:/home/runner/.m2/repository/com/google/android/annotations/4.1.1.4/annotations-4.1.1.4.jar:/home/runner/.m2/repository/org/codehaus/mojo/animal-sniffer-annotations/1.23/animal-sniffer-annotations-1.23.jar:/home/runner/.m2/repository/io/grpc/grpc-context/1.58.0/grpc-context-1.58.0.jar:/home/runner/.m2/repository/io/grpc/grpc-util/1.58.0/grpc-util-1.58.0.jar:/home/runner/.m2/repository/io/perfmark/perfmark-api/0.26.0/perfmark-api-0.26.0.jar:/home/runner/.m2/repository/io/grpc/grpc-stub/1.58.0/grpc-stub-1.58.0.jar:/home/runner/.m2/repository/io/netty/netty-codec-http2/4.1.109.Final/netty-codec-http2-4.1.109.Final.jar:/home/runner/.m2/repository/io/netty/netty-codec-http/4.1.109.Final/netty-codec-http-4.1.109.Final.jar:/home/runner/.m2/repository/io/netty/netty-common/4.1.109.Final/netty-common-4.1.109.Final.jar:/home/runner/.m2/repository/io/netty/netty-handler/4.1.109.Final/netty-handler-4.1.109.Final.jar:/home/runner/.m2/repository/io/netty/netty-resolver/4.1.109.Final/netty-resolver-4.1.109.Final.jar:/home/runner/.m2/repository/io/netty/netty-handler-proxy/4.1.109.Final/netty-handler-proxy-4.1.109.Final.jar:/home/runner/.m2/repository/io/netty/netty-codec-socks/4.1.109.Final/netty-codec-socks-4.1.109.Final.jar:/home/runner/.m2/repository/org/apache/httpcomponents/httpcore/4.4.16/httpcore-4.4.16.jar:/home/runner/.m2/repository/io/netty/netty-tcnative-boringssl-static/2.0.65.Final/netty-tcnative-boringssl-static-2.0.65.Final.jar:/home/runner/.m2/repository/io/netty/netty-tcnative-classes/2.0.65.Final/netty-tcnative-classes-2.0.65.Final.jar:/home/runner/.m2/repository/io/netty/netty-tcnative-boringssl-static/2.0.65.Final/netty-tcnative-boringssl-static-2.0.65.Final-linux-x86_64.jar:/home/runner/.m2/repository/io/netty/netty-tcnative-boringssl-static/2.0.65.Final/netty-tcnative-boringssl-static-2.0.65.Final-linux-aarch_64.jar:/home/runner/.m2/repository/io/netty/netty-tcnative-boringssl-static/2.0.65.Final/netty-tcnative-boringssl-static-2.0.65.Final-osx-x86_64.jar:/home/runner/.m2/repository/io/netty/netty-tcnative-boringssl-static/2.0.65.Final/netty-tcnative-boringssl-static-2.0.65.Final-osx-aarch_64.jar:/home/runner/.m2/repository/io/netty/netty-tcnative-boringssl-static/2.0.65.Final/netty-tcnative-boringssl-static-2.0.65.Final-windows-x86_64.jar:/home/runner/work/ozone/ozone/hadoop-ozone/csi/target/ozone-csi-2.0.0-SNAPSHOT.jar:/home/runner/.m2/repository/com/google/protobuf/protobuf-java-util/3.19.6/protobuf-java-util-3.19.6.jar:/home/runner/.m2/repository/io/grpc/grpc-protobuf/1.58.0/grpc-protobuf-1.58.0.jar:/home/runner/.m2/repository/com/google/api/grpc/proto-google-common-protos/2.22.0/proto-google-common-protos-2.22.0.jar:/home/runner/.m2/repository/io/grpc/grpc-protobuf-lite/1.58.0/grpc-protobuf-lite-1.58.0.jar:/home/runner/.m2/repository/io/netty/netty-transport/4.1.109.Final/netty-transport-4.1.109.Final.jar:/home/runner/.m2/repository/io/netty/netty-transport-classes-epoll/4.1.109.Final/netty-transport-classes-epoll-4.1.109.Final.jar:/home/runner/.m2/repository/io/netty/netty-transport-native-epoll/4.1.109.Final/netty-transport-native-epoll-4.1.109.Final-linux-x86_64.jar:/home/runner/.m2/repository/io/netty/netty-transport-native-unix-common/4.1.109.Final/netty-transport-native-unix-common-4.1.109.Final.jar:/home/runner/work/ozone/ozone/hadoop-ozone/ozonefs/target/ozone-filesystem-2.0.0-SNAPSHOT.jar:/home/runner/.m2/repository/io/opentracing/opentracing-api/0.33.0/opentracing-api-0.33.0.jar:/home/runner/.m2/repository/io/opentracing/opentracing-util/0.33.0/opentracing-util-0.33.0.jar:/home/runner/work/ozone/ozone/hadoop-ozone/ozone-manager/target/ozone-manager-2.0.0-SNAPSHOT.jar:/home/runner/.m2/repository/com/sun/jersey/jersey-client/1.19.4/jersey-client-1.19.4.jar:/home/runner/.m2/repository/org/apache/kerby/kerby-util/1.0.1/kerby-util-1.0.1.jar:/home/runner/.m2/repository/org/apache/logging/log4j/log4j-api/2.24.2/log4j-api-2.24.2.jar:/home/runner/work/ozone/ozone/hadoop-hdds/managed-rocksdb/target/hdds-managed-rocksdb-2.0.0-SNAPSHOT.jar:/home/runner/work/ozone/ozone/hadoop-hdds/rocks-native/target/hdds-rocks-native-2.0.0-SNAPSHOT.jar:/home/runner/.m2/repository/org/eclipse/jetty/jetty-io/9.4.57.v20241219/jetty-io-9.4.57.v20241219.jar:/home/runner/work/ozone/ozone/hadoop-ozone/interface-storage/target/ozone-interface-storage-2.0.0-SNAPSHOT.jar:/home/runner/work/ozone/ozone/hadoop-hdds/rocksdb-checkpoint-differ/target/rocksdb-checkpoint-differ-2.0.0-SNAPSHOT.jar:/home/runner/.m2/repository/com/github/vlsi/mxgraph/jgraphx/3.9.12/jgraphx-3.9.12.jar:/home/runner/.m2/repository/org/jgrapht/jgrapht-core/1.4.0/jgrapht-core-1.4.0.jar:/home/runner/.m2/repository/org/jheaps/jheaps/0.11/jheaps-0.11.jar:/home/runner/.m2/repository/org/jgrapht/jgrapht-ext/1.4.0/jgrapht-ext-1.4.0.jar:/home/runner/.m2/repository/org/apache/ranger/ranger-intg/2.3.0/ranger-intg-2.3.0.jar:/home/runner/.m2/repository/org/apache/ranger/ranger-plugins-common/2.3.0/ranger-plugins-common-2.3.0.jar:/home/runner/.m2/repository/commons-lang/commons-lang/2.6/commons-lang-2.6.jar:/home/runner/.m2/repository/org/apache/ranger/ranger-plugins-cred/2.3.0/ranger-plugins-cred-2.3.0.jar:/home/runner/.m2/repository/org/apache/ranger/ranger-plugins-audit/2.3.0/ranger-plugins-audit-2.3.0.jar:/home/runner/.m2/repository/org/eclipse/jetty/jetty-client/9.4.57.v20241219/jetty-client-9.4.57.v20241219.jar:/home/runner/.m2/repository/org/apache/httpcomponents/httpmime/4.5.6/httpmime-4.5.6.jar:/home/runner/.m2/repository/org/apache/httpcomponents/httpcore-nio/4.4.16/httpcore-nio-4.4.16.jar:/home/runner/.m2/repository/org/apache/httpcomponents/httpasyncclient/4.1.3/httpasyncclient-4.1.3.jar:/home/runner/.m2/repository/com/carrotsearch/hppc/0.8.0/hppc-0.8.0.jar:/home/runner/.m2/repository/org/apache/orc/orc-core/1.5.8/orc-core-1.5.8.jar:/home/runner/.m2/repository/net/java/dev/jna/jna/5.2.0/jna-5.2.0.jar:/home/runner/.m2/repository/net/java/dev/jna/jna-platform/5.2.0/jna-platform-5.2.0.jar:/home/runner/.m2/repository/com/kstruct/gethostname4j/0.0.2/gethostname4j-0.0.2.jar:/home/runner/.m2/repository/org/apache/ranger/ranger-plugin-classloader/2.3.0/ranger-plugin-classloader-2.3.0.jar:/home/runner/.m2/repository/org/aspectj/aspectjrt/1.9.7/aspectjrt-1.9.7.jar:/home/runner/.m2/repository/org/aspectj/aspectjweaver/1.9.7/aspectjweaver-1.9.7.jar:/home/runner/.m2/repository/org/codehaus/jackson/jackson-core-asl/1.9.13/jackson-core-asl-1.9.13.jar:/home/runner/.m2/repository/org/codehaus/jackson/jackson-jaxrs/1.9.13/jackson-jaxrs-1.9.13.jar:/home/runner/.m2/repository/org/codehaus/jackson/jackson-mapper-asl/1.9.13/jackson-mapper-asl-1.9.13.jar:/home/runner/.m2/repository/org/eclipse/jetty/jetty-util/9.4.57.v20241219/jetty-util-9.4.57.v20241219.jar:/home/runner/.m2/repository/org/reflections/reflections/0.10.2/reflections-0.10.2.jar:/home/runner/.m2/repository/org/rocksdb/rocksdbjni/7.7.3/rocksdbjni-7.7.3.jar:/home/runner/work/ozone/ozone/hadoop-ozone/recon/target/ozone-recon-2.0.0-SNAPSHOT.jar:/home/runner/.m2/repository/aopalliance/aopalliance/1.0/aopalliance-1.0.jar:/home/runner/.m2/repository/com/google/inject/guice/6.0.0/guice-6.0.0.jar:/home/runner/.m2/repository/jakarta/inject/jakarta.inject-api/2.0.1/jakarta.inject-api-2.0.1.jar:/home/runner/.m2/repository/com/google/inject/extensions/guice-assistedinject/6.0.0/guice-assistedinject-6.0.0.jar:/home/runner/.m2/repository/com/google/inject/extensions/guice-servlet/6.0.0/guice-servlet-6.0.0.jar:/home/runner/.m2/repository/com/jolbox/bonecp/0.8.0.RELEASE/bonecp-0.8.0.RELEASE.jar:/home/runner/.m2/repository/jakarta/activation/jakarta.activation-api/1.2.2/jakarta.activation-api-1.2.2.jar:/home/runner/.m2/repository/jakarta/validation/jakarta.validation-api/2.0.2/jakarta.validation-api-2.0.2.jar:/home/runner/.m2/repository/jakarta/ws/rs/jakarta.ws.rs-api/2.1.6/jakarta.ws.rs-api-2.1.6.jar:/home/runner/.m2/repository/javax/inject/javax.inject/1/javax.inject-1.jar:/home/runner/.m2/repository/org/apache/derby/derby/10.14.2.0/derby-10.14.2.0.jar:/home/runner/work/ozone/ozone/hadoop-ozone/recon-codegen/target/ozone-reconcodegen-2.0.0-SNAPSHOT.jar:/home/runner/.m2/repository/org/eclipse/jetty/jetty-servlet/9.4.57.v20241219/jetty-servlet-9.4.57.v20241219.jar:/home/runner/.m2/repository/org/eclipse/jetty/jetty-security/9.4.57.v20241219/jetty-security-9.4.57.v20241219.jar:/home/runner/.m2/repository/org/glassfish/hk2/guice-bridge/2.6.1/guice-bridge-2.6.1.jar:/home/runner/.m2/repository/org/glassfish/hk2/hk2-api/2.6.1/hk2-api-2.6.1.jar:/home/runner/.m2/repository/org/glassfish/hk2/hk2-utils/2.6.1/hk2-utils-2.6.1.jar:/home/runner/.m2/repository/org/glassfish/hk2/external/aopalliance-repackaged/2.6.1/aopalliance-repackaged-2.6.1.jar:/home/runner/.m2/repository/org/glassfish/hk2/external/jakarta.inject/2.6.1/jakarta.inject-2.6.1.jar:/home/runner/.m2/repository/org/glassfish/jersey/containers/jersey-container-servlet/2.46/jersey-container-servlet-2.46.jar:/home/runner/.m2/repository/org/glassfish/jersey/containers/jersey-container-servlet-core/2.46/jersey-container-servlet-core-2.46.jar:/home/runner/.m2/repository/org/glassfish/jersey/core/jersey-common/2.46/jersey-common-2.46.jar:/home/runner/.m2/repository/org/glassfish/hk2/osgi-resource-locator/1.0.3/osgi-resource-locator-1.0.3.jar:/home/runner/.m2/repository/org/glassfish/jersey/core/jersey-server/2.46/jersey-server-2.46.jar:/home/runner/.m2/repository/org/glassfish/jersey/core/jersey-client/2.46/jersey-client-2.46.jar:/home/runner/.m2/repository/org/glassfish/jersey/inject/jersey-hk2/2.46/jersey-hk2-2.46.jar:/home/runner/.m2/repository/org/glassfish/hk2/hk2-locator/2.6.1/hk2-locator-2.6.1.jar:/home/runner/.m2/repository/org/glassfish/jersey/media/jersey-media-jaxb/2.46/jersey-media-jaxb-2.46.jar:/home/runner/.m2/repository/org/glassfish/jersey/media/jersey-media-json-jackson/2.46/jersey-media-json-jackson-2.46.jar:/home/runner/.m2/repository/org/glassfish/jersey/ext/jersey-entity-filtering/2.46/jersey-entity-filtering-2.46.jar:/home/runner/.m2/repository/org/javassist/javassist/3.30.2-GA/javassist-3.30.2-GA.jar:/home/runner/.m2/repository/org/jooq/jooq/3.11.10/jooq-3.11.10.jar:/home/runner/.m2/repository/org/jooq/jooq-codegen/3.11.10/jooq-codegen-3.11.10.jar:/home/runner/.m2/repository/org/jooq/jooq-meta/3.11.10/jooq-meta-3.11.10.jar:/home/runner/.m2/repository/org/springframework/spring-core/5.3.39/spring-core-5.3.39.jar:/home/runner/.m2/repository/org/springframework/spring-jdbc/5.3.39/spring-jdbc-5.3.39.jar:/home/runner/.m2/repository/org/springframework/spring-beans/5.3.39/spring-beans-5.3.39.jar:/home/runner/.m2/repository/org/springframework/spring-tx/5.3.39/spring-tx-5.3.39.jar:/home/runner/work/ozone/ozone/hadoop-ozone/s3gateway/target/ozone-s3gateway-2.0.0-SNAPSHOT.jar:/home/runner/.m2/repository/com/fasterxml/jackson/dataformat/jackson-dataformat-xml/2.16.2/jackson-dataformat-xml-2.16.2.jar:/home/runner/.m2/repository/com/fasterxml/jackson/module/jackson-module-jaxb-annotations/2.16.2/jackson-module-jaxb-annotations-2.16.2.jar:/home/runner/.m2/repository/io/opentracing/opentracing-noop/0.33.0/opentracing-noop-0.33.0.jar:/home/runner/.m2/repository/javax/annotation/javax.annotation-api/1.3.2/javax.annotation-api-1.3.2.jar:/home/runner/.m2/repository/javax/enterprise/cdi-api/2.0/cdi-api-2.0.jar:/home/runner/.m2/repository/javax/el/javax.el-api/3.0.0/javax.el-api-3.0.0.jar:/home/runner/.m2/repository/javax/interceptor/javax.interceptor-api/1.2/javax.interceptor-api-1.2.jar:/home/runner/.m2/repository/org/glassfish/jaxb/jaxb-runtime/2.3.9/jaxb-runtime-2.3.9.jar:/home/runner/.m2/repository/org/glassfish/jaxb/txw2/2.3.9/txw2-2.3.9.jar:/home/runner/.m2/repository/com/sun/istack/istack-commons-runtime/3.0.12/istack-commons-runtime-3.0.12.jar:/home/runner/.m2/repository/com/sun/activation/jakarta.activation/1.2.2/jakarta.activation-1.2.2.jar:/home/runner/.m2/repository/org/glassfish/jersey/ext/cdi/jersey-cdi1x/2.46/jersey-cdi1x-2.46.jar:/home/runner/.m2/repository/org/jboss/weld/servlet/weld-servlet-shaded/3.1.9.Final/weld-servlet-shaded-3.1.9.Final.jar:/home/runner/work/ozone/ozone/hadoop-ozone/tools/target/ozone-tools-2.0.0-SNAPSHOT.jar:/home/runner/.m2/repository/com/amazonaws/aws-java-sdk-core/1.12.661/aws-java-sdk-core-1.12.661.jar:/home/runner/.m2/repository/com/fasterxml/jackson/dataformat/jackson-dataformat-cbor/2.16.2/jackson-dataformat-cbor-2.16.2.jar:/home/runner/.m2/repository/joda-time/joda-time/2.12.7/joda-time-2.12.7.jar:/home/runner/.m2/repository/com/amazonaws/aws-java-sdk-s3/1.12.661/aws-java-sdk-s3-1.12.661.jar:/home/runner/.m2/repository/com/amazonaws/aws-java-sdk-kms/1.12.661/aws-java-sdk-kms-1.12.661.jar:/home/runner/.m2/repository/com/amazonaws/jmespath-java/1.12.661/jmespath-java-1.12.661.jar:/home/runner/.m2/repository/org/apache/ratis/ratis-shell/3.1.2/ratis-shell-3.1.2.jar:/home/runner/.m2/repository/org/apache/ratis/ratis-server/3.1.2/ratis-server-3.1.2.jar:/home/runner/.m2/repository/org/apache/ratis/ratis-metrics-api/3.1.2/ratis-metrics-api-3.1.2.jar:/home/runner/.m2/repository/org/hamcrest/hamcrest/2.2/hamcrest-2.2.jar:/home/runner/.m2/repository/org/slf4j/jul-to-slf4j/2.0.17/jul-to-slf4j-2.0.17.jar:/home/runner/.m2/repository/org/apache/commons/commons-lang3/3.17.0/commons-lang3-3.17.0.jar:/home/runner/.m2/repository/org/apache/hadoop/hadoop-common/3.4.1/hadoop-common-3.4.1-tests.jar:/home/runner/.m2/repository/org/apache/hadoop/thirdparty/hadoop-shaded-protobuf_3_25/1.3.0/hadoop-shaded-protobuf_3_25-1.3.0.jar:/home/runner/.m2/repository/org/apache/hadoop/hadoop-annotations/3.4.1/hadoop-annotations-3.4.1.jar:/home/runner/.m2/repository/org/apache/hadoop/thirdparty/hadoop-shaded-guava/1.3.0/hadoop-shaded-guava-1.3.0.jar:/home/runner/.m2/repository/org/apache/commons/commons-math3/3.6.1/commons-math3-3.6.1.jar:/home/runner/.m2/repository/commons-net/commons-net/3.11.1/commons-net-3.11.1.jar:/home/runner/.m2/repository/org/eclipse/jetty/jetty-server/9.4.57.v20241219/jetty-server-9.4.57.v20241219.jar:/home/runner/.m2/repository/javax/servlet/jsp/jsp-api/2.1/jsp-api-2.1.jar:/home/runner/.m2/repository/com/sun/jersey/jersey-core/1.19.4/jersey-core-1.19.4.jar:/home/runner/.m2/repository/javax/ws/rs/jsr311-api/1.1.1/jsr311-api-1.1.1.jar:/home/runner/.m2/repository/com/github/pjfanning/jersey-json/1.22.0/jersey-json-1.22.0.jar:/home/runner/.m2/repository/com/sun/xml/bind/jaxb-impl/2.2.3-1/jaxb-impl-2.2.3-1.jar:/home/runner/.m2/repository/org/codehaus/jettison/jettison/1.5.4/jettison-1.5.4.jar:/home/runner/.m2/repository/com/sun/jersey/jersey-server/1.19.4/jersey-server-1.19.4.jar:/home/runner/.m2/repository/commons-beanutils/commons-beanutils/1.9.4/commons-beanutils-1.9.4.jar:/home/runner/.m2/repository/org/apache/commons/commons-configuration2/2.11.0/commons-configuration2-2.11.0.jar:/home/runner/.m2/repository/org/apache/avro/avro/1.9.2/avro-1.9.2.jar:/home/runner/.m2/repository/com/google/re2j/re2j/1.7/re2j-1.7.jar:/home/runner/.m2/repository/com/google/code/gson/gson/2.10.1/gson-2.10.1.jar:/home/runner/.m2/repository/org/apache/hadoop/hadoop-auth/3.4.1/hadoop-auth-3.4.1.jar:/home/runner/.m2/repository/org/apache/curator/curator-framework/4.2.0/curator-framework-4.2.0.jar:/home/runner/.m2/repository/com/jcraft/jsch/0.1.55/jsch-0.1.55.jar:/home/runner/.m2/repository/org/apache/curator/curator-client/4.2.0/curator-client-4.2.0.jar:/home/runner/.m2/repository/org/apache/curator/curator-recipes/5.2.0/curator-recipes-5.2.0.jar:/home/runner/.m2/repository/com/google/code/findbugs/jsr305/3.0.2/jsr305-3.0.2.jar:/home/runner/.m2/repository/org/apache/zookeeper/zookeeper/3.8.4/zookeeper-3.8.4.jar:/home/runner/.m2/repository/org/apache/zookeeper/zookeeper-jute/3.8.4/zookeeper-jute-3.8.4.jar:/home/runner/.m2/repository/org/apache/yetus/audience-annotations/0.12.0/audience-annotations-0.12.0.jar:/home/runner/.m2/repository/io/netty/netty-transport-native-epoll/4.1.109.Final/netty-transport-native-epoll-4.1.109.Final.jar:/home/runner/.m2/repository/org/apache/kerby/kerb-core/1.0.1/kerb-core-1.0.1.jar:/home/runner/.m2/repository/org/apache/kerby/kerby-pkix/1.0.1/kerby-pkix-1.0.1.jar:/home/runner/.m2/repository/org/apache/kerby/kerby-asn1/1.0.1/kerby-asn1-1.0.1.jar:/home/runner/.m2/repository/org/codehaus/woodstox/stax2-api/4.2.2/stax2-api-4.2.2.jar:/home/runner/.m2/repository/com/fasterxml/woodstox/woodstox-core/5.4.0/woodstox-core-5.4.0.jar:/home/runner/.m2/repository/dnsjava/dnsjava/3.6.1/dnsjava-3.6.1.jar:/home/runner/.m2/repository/org/xerial/snappy/snappy-java/1.1.10.7/snappy-java-1.1.10.7.jar:/home/runner/.m2/repository/org/apache/hadoop/hadoop-distcp/3.4.1/hadoop-distcp-3.4.1.jar:/home/runner/.m2/repository/org/apache/hadoop/hadoop-distcp/3.4.1/hadoop-distcp-3.4.1-tests.jar:/home/runner/.m2/repository/org/apache/hadoop/hadoop-hdfs/3.4.1/hadoop-hdfs-3.4.1-tests.jar:/home/runner/.m2/repository/org/eclipse/jetty/jetty-util-ajax/9.4.57.v20241219/jetty-util-ajax-9.4.57.v20241219.jar:/home/runner/.m2/repository/commons-daemon/commons-daemon/1.4.0/commons-daemon-1.4.0.jar:/home/runner/.m2/repository/io/netty/netty-all/4.1.109.Final/netty-all-4.1.109.Final.jar:/home/runner/.m2/repository/io/netty/netty-codec-dns/4.1.109.Final/netty-codec-dns-4.1.109.Final.jar:/home/runner/.m2/repository/io/netty/netty-codec-haproxy/4.1.109.Final/netty-codec-haproxy-4.1.109.Final.jar:/home/runner/.m2/repository/io/netty/netty-codec-memcache/4.1.109.Final/netty-codec-memcache-4.1.109.Final.jar:/home/runner/.m2/repository/io/netty/netty-codec-mqtt/4.1.109.Final/netty-codec-mqtt-4.1.109.Final.jar:/home/runner/.m2/repository/io/netty/netty-codec-redis/4.1.109.Final/netty-codec-redis-4.1.109.Final.jar:/home/runner/.m2/repository/io/netty/netty-codec-smtp/4.1.109.Final/netty-codec-smtp-4.1.109.Final.jar:/home/runner/.m2/repository/io/netty/netty-codec-stomp/4.1.109.Final/netty-codec-stomp-4.1.109.Final.jar:/home/runner/.m2/repository/io/netty/netty-codec-xml/4.1.109.Final/netty-codec-xml-4.1.109.Final.jar:/home/runner/.m2/repository/io/netty/netty-handler-ssl-ocsp/4.1.109.Final/netty-handler-ssl-ocsp-4.1.109.Final.jar:/home/runner/.m2/repository/io/netty/netty-resolver-dns/4.1.109.Final/netty-resolver-dns-4.1.109.Final.jar:/home/runner/.m2/repository/io/netty/netty-transport-rxtx/4.1.109.Final/netty-transport-rxtx-4.1.109.Final.jar:/home/runner/.m2/repository/io/netty/netty-transport-sctp/4.1.109.Final/netty-transport-sctp-4.1.109.Final.jar:/home/runner/.m2/repository/io/netty/netty-transport-udt/4.1.109.Final/netty-transport-udt-4.1.109.Final.jar:/home/runner/.m2/repository/io/netty/netty-transport-classes-kqueue/4.1.109.Final/netty-transport-classes-kqueue-4.1.109.Final.jar:/home/runner/.m2/repository/io/netty/netty-resolver-dns-classes-macos/4.1.109.Final/netty-resolver-dns-classes-macos-4.1.109.Final.jar:/home/runner/.m2/repository/io/netty/netty-transport-native-epoll/4.1.109.Final/netty-transport-native-epoll-4.1.109.Final-linux-aarch_64.jar:/home/runner/.m2/repository/io/netty/netty-transport-native-epoll/4.1.109.Final/netty-transport-native-epoll-4.1.109.Final-linux-riscv64.jar:/home/runner/.m2/repository/io/netty/netty-transport-native-kqueue/4.1.109.Final/netty-transport-native-kqueue-4.1.109.Final-osx-x86_64.jar:/home/runner/.m2/repository/io/netty/netty-transport-native-kqueue/4.1.109.Final/netty-transport-native-kqueue-4.1.109.Final-osx-aarch_64.jar:/home/runner/.m2/repository/io/netty/netty-resolver-dns-native-macos/4.1.109.Final/netty-resolver-dns-native-macos-4.1.109.Final-osx-x86_64.jar:/home/runner/.m2/repository/io/netty/netty-resolver-dns-native-macos/4.1.109.Final/netty-resolver-dns-native-macos-4.1.109.Final-osx-aarch_64.jar:/home/runner/.m2/repository/org/fusesource/leveldbjni/leveldbjni-all/1.8/leveldbjni-all-1.8.jar:/home/runner/.m2/repository/org/apache/hadoop/hadoop-kms/3.4.1/hadoop-kms-3.4.1.jar:/home/runner/.m2/repository/org/apache/hadoop/hadoop-common/3.4.1/hadoop-common-3.4.1.jar:/home/runner/.m2/repository/org/apache/hadoop/hadoop-kms/3.4.1/hadoop-kms-3.4.1-tests.jar:/home/runner/.m2/repository/org/apache/hadoop/hadoop-mapreduce-client-core/3.4.1/hadoop-mapreduce-client-core-3.4.1.jar:/home/runner/.m2/repository/org/apache/hadoop/hadoop-yarn-client/3.4.1/hadoop-yarn-client-3.4.1.jar:/home/runner/.m2/repository/org/eclipse/jetty/websocket/websocket-client/9.4.53.v20231009/websocket-client-9.4.53.v20231009.jar:/home/runner/.m2/repository/org/eclipse/jetty/websocket/websocket-common/9.4.53.v20231009/websocket-common-9.4.53.v20231009.jar:/home/runner/.m2/repository/org/eclipse/jetty/websocket/websocket-api/9.4.53.v20231009/websocket-api-9.4.53.v20231009.jar:/home/runner/.m2/repository/org/apache/hadoop/hadoop-yarn-api/3.4.1/hadoop-yarn-api-3.4.1.jar:/home/runner/.m2/repository/org/apache/hadoop/hadoop-yarn-common/3.4.1/hadoop-yarn-common-3.4.1.jar:/home/runner/.m2/repository/javax/xml/bind/jaxb-api/2.2.11/jaxb-api-2.2.11.jar:/home/runner/.m2/repository/com/sun/jersey/contribs/jersey-guice/1.19.4/jersey-guice-1.19.4.jar:/home/runner/.m2/repository/com/fasterxml/jackson/jaxrs/jackson-jaxrs-json-provider/2.16.2/jackson-jaxrs-json-provider-2.16.2.jar:/home/runner/.m2/repository/com/fasterxml/jackson/jaxrs/jackson-jaxrs-base/2.16.2/jackson-jaxrs-base-2.16.2.jar:/home/runner/.m2/repository/org/apache/hadoop/hadoop-hdfs-client/3.4.1/hadoop-hdfs-client-3.4.1.jar:/home/runner/.m2/repository/org/apache/hadoop/hadoop-mapreduce-client-jobclient/3.4.1/hadoop-mapreduce-client-jobclient-3.4.1.jar:/home/runner/.m2/repository/org/apache/hadoop/hadoop-mapreduce-client-common/3.4.1/hadoop-mapreduce-client-common-3.4.1.jar:/home/runner/.m2/repository/org/apache/hadoop/hadoop-minikdc/3.4.1/hadoop-minikdc-3.4.1.jar:/home/runner/.m2/repository/org/apache/kerby/kerb-simplekdc/2.0.3/kerb-simplekdc-2.0.3.jar:/home/runner/.m2/repository/org/apache/kerby/kerb-client/2.0.3/kerb-client-2.0.3.jar:/home/runner/.m2/repository/org/apache/kerby/kerb-common/2.0.3/kerb-common-2.0.3.jar:/home/runner/.m2/repository/org/apache/kerby/token-provider/2.0.3/token-provider-2.0.3.jar:/home/runner/.m2/repository/org/apache/kerby/kerb-admin/2.0.3/kerb-admin-2.0.3.jar:/home/runner/.m2/repository/org/apache/kerby/kerb-server/2.0.3/kerb-server-2.0.3.jar:/home/runner/.m2/repository/org/apache/kerby/kerb-identity/2.0.3/kerb-identity-2.0.3.jar:/home/runner/.m2/repository/org/apache/kerby/kerby-xdr/2.0.3/kerby-xdr-2.0.3.jar:/home/runner/.m2/repository/junit/junit/4.13.2/junit-4.13.2.jar:/home/runner/.m2/repository/org/hamcrest/hamcrest-core/1.3/hamcrest-core-1.3.jar:/home/runner/work/ozone/ozone/hadoop-hdds/common/target/hdds-common-2.0.0-SNAPSHOT-tests.jar:/home/runner/.m2/repository/commons-validator/commons-validator/1.6/commons-validator-1.6.jar:/home/runner/.m2/repository/commons-digester/commons-digester/1.8.1/commons-digester-1.8.1.jar:/home/runner/.m2/repository/io/jaegertracing/jaeger-client/1.8.1/jaeger-client-1.8.1.jar:/home/runner/.m2/repository/io/jaegertracing/jaeger-thrift/1.8.1/jaeger-thrift-1.8.1.jar:/home/runner/.m2/repository/org/apache/thrift/libthrift/0.15.0/libthrift-0.15.0.jar:/home/runner/.m2/repository/com/squareup/okhttp3/okhttp/4.12.0/okhttp-4.12.0.jar:/home/runner/.m2/repository/com/squareup/okio/okio/3.6.0/okio-3.6.0.jar:/home/runner/.m2/repository/com/squareup/okio/okio-jvm/3.6.0/okio-jvm-3.6.0.jar:/home/runner/.m2/repository/org/jetbrains/kotlin/kotlin-stdlib-common/1.9.25/kotlin-stdlib-common-1.9.25.jar:/home/runner/.m2/repository/org/jetbrains/kotlin/kotlin-stdlib-jdk8/1.9.25/kotlin-stdlib-jdk8-1.9.25.jar:/home/runner/.m2/repository/org/jetbrains/kotlin/kotlin-stdlib-jdk7/1.9.25/kotlin-stdlib-jdk7-1.9.25.jar:/home/runner/.m2/repository/io/jaegertracing/jaeger-tracerresolver/1.8.1/jaeger-tracerresolver-1.8.1.jar:/home/runner/.m2/repository/io/opentracing/contrib/opentracing-tracerresolver/0.1.8/opentracing-tracerresolver-0.1.8.jar:/home/runner/.m2/repository/io/jaegertracing/jaeger-core/1.8.1/jaeger-core-1.8.1.jar:/home/runner/work/ozone/ozone/hadoop-hdds/annotations/target/hdds-annotation-processing-2.0.0-SNAPSHOT.jar:/home/runner/.m2/repository/org/apache/ratis/ratis-metrics-dropwizard3/3.1.2/ratis-metrics-dropwizard3-3.1.2.jar:/home/runner/.m2/repository/org/bouncycastle/bcutil-jdk18on/1.80/bcutil-jdk18on-1.80.jar:/home/runner/.m2/repository/org/jetbrains/kotlin/kotlin-stdlib/1.9.25/kotlin-stdlib-1.9.25.jar:/home/runner/.m2/repository/org/jetbrains/annotations/13.0/annotations-13.0.jar:/home/runner/.m2/repository/org/yaml/snakeyaml/2.0/snakeyaml-2.0.jar:/home/runner/work/ozone/ozone/hadoop-hdds/container-service/target/hdds-container-service-2.0.0-SNAPSHOT-tests.jar:/home/runner/.m2/repository/com/github/luben/zstd-jni/1.5.7-1/zstd-jni-1.5.7-1.jar:/home/runner/.m2/repository/io/netty/netty-buffer/4.1.109.Final/netty-buffer-4.1.109.Final.jar:/home/runner/.m2/repository/io/netty/netty-codec/4.1.109.Final/netty-codec-4.1.109.Final.jar:/home/runner/work/ozone/ozone/hadoop-hdds/framework/target/hdds-server-framework-2.0.0-SNAPSHOT-tests.jar:/home/runner/.m2/repository/com/github/jnr/jnr-constants/0.10.4/jnr-constants-0.10.4.jar:/home/runner/.m2/repository/com/github/jnr/jnr-posix/3.1.20/jnr-posix-3.1.20.jar:/home/runner/.m2/repository/com/github/jnr/jnr-ffi/2.2.17/jnr-ffi-2.2.17.jar:/home/runner/.m2/repository/com/github/jnr/jffi/1.3.13/jffi-1.3.13.jar:/home/runner/.m2/repository/com/github/jnr/jffi/1.3.13/jffi-1.3.13-native.jar:/home/runner/.m2/repository/org/ow2/asm/asm/9.7.1/asm-9.7.1.jar:/home/runner/.m2/repository/org/ow2/asm/asm-commons/9.7.1/asm-commons-9.7.1.jar:/home/runner/.m2/repository/org/ow2/asm/asm-analysis/9.7.1/asm-analysis-9.7.1.jar:/home/runner/.m2/repository/org/ow2/asm/asm-tree/9.7.1/asm-tree-9.7.1.jar:/home/runner/.m2/repository/org/ow2/asm/asm-util/9.7.1/asm-util-9.7.1.jar:/home/runner/.m2/repository/com/github/jnr/jnr-a64asm/1.0.0/jnr-a64asm-1.0.0.jar:/home/runner/.m2/repository/com/github/jnr/jnr-x86asm/1.0.2/jnr-x86asm-1.0.2.jar:/home/runner/.m2/repository/commons-fileupload/commons-fileupload/1.5/commons-fileupload-1.5.jar:/home/runner/.m2/repository/commons-logging/commons-logging/1.2/commons-logging-1.2.jar:/home/runner/.m2/repository/io/prometheus/simpleclient/0.16.0/simpleclient-0.16.0.jar:/home/runner/.m2/repository/io/prometheus/simpleclient_common/0.16.0/simpleclient_common-0.16.0.jar:/home/runner/.m2/repository/io/prometheus/simpleclient_dropwizard/0.16.0/simpleclient_dropwizard-0.16.0.jar:/home/runner/.m2/repository/org/apache/logging/log4j/log4j-core/2.24.2/log4j-core-2.24.2.jar:/home/runner/.m2/repository/org/eclipse/jetty/jetty-http/9.4.57.v20241219/jetty-http-9.4.57.v20241219.jar:/home/runner/.m2/repository/com/lmax/disruptor/3.4.4/disruptor-3.4.4.jar:/home/runner/work/ozone/ozone/hadoop-hdds/server-scm/target/hdds-server-scm-2.0.0-SNAPSHOT-tests.jar:/home/runner/work/ozone/ozone/hadoop-hdds/test-utils/target/hdds-test-utils-2.0.0-SNAPSHOT-tests.jar:/home/runner/work/ozone/ozone/hadoop-ozone/ozone-manager/target/ozone-manager-2.0.0-SNAPSHOT-tests.jar:/home/runner/.m2/repository/org/assertj/assertj-core/3.27.3/assertj-core-3.27.3.jar:/home/runner/.m2/repository/net/bytebuddy/byte-buddy/1.15.11/byte-buddy-1.15.11.jar:/home/runner/.m2/repository/org/junit/jupiter/junit-jupiter-api/5.12.0/junit-jupiter-api-5.12.0.jar:/home/runner/.m2/repository/org/opentest4j/opentest4j/1.3.0/opentest4j-1.3.0.jar:/home/runner/.m2/repository/org/junit/platform/junit-platform-commons/1.12.0/junit-platform-commons-1.12.0.jar:/home/runner/.m2/repository/org/apiguardian/apiguardian-api/1.1.2/apiguardian-api-1.1.2.jar:/home/runner/.m2/repository/org/junit/jupiter/junit-jupiter-params/5.12.0/junit-jupiter-params-5.12.0.jar:/home/runner/.m2/repository/org/mockito/mockito-core/4.11.0/mockito-core-4.11.0.jar:/home/runner/.m2/repository/net/bytebuddy/byte-buddy-agent/1.12.19/byte-buddy-agent-1.12.19.jar:/home/runner/.m2/repository/org/objenesis/objenesis/3.3/objenesis-3.3.jar:/home/runner/.m2/repository/org/mockito/mockito-inline/4.11.0/mockito-inline-4.11.0.jar:/home/runner/.m2/repository/org/mockito/mockito-junit-jupiter/4.11.0/mockito-junit-jupiter-4.11.0.jar:/home/runner/work/ozone/ozone/hadoop-ozone/integration-test/target/gradle-enterprise/test-listeners.jar:"/>
    <property name="java.vm.vendor" value="Eclipse Adoptium"/>
    <property name="sun.arch.data.model" value="64"/>
    <property name="test.build.dir" value="/home/runner/work/ozone/ozone/hadoop-ozone/integration-test/target/test-dir"/>
    <property name="test.cache.data" value=""/>
    <property name="java.vendor.url" value="https://adoptium.net/"/>
    <property name="user.timezone" value="Etc/UTC"/>
    <property name="maven-surefire-plugin.argLineAccessArgs" value=" --add-opens java.management/com.sun.jmx.mbeanserver=ALL-UNNAMED --add-exports java.management/com.sun.jmx.mbeanserver=ALL-UNNAMED --add-opens java.base/java.nio=ALL-UNNAMED --add-opens java.base/java.lang=ALL-UNNAMED --add-opens java.base/java.lang.reflect=ALL-UNNAMED"/>
    <property name="os.name" value="Linux"/>
    <property name="java.vm.specification.version" value="21"/>
    <property name="test.build.data" value="/home/runner/work/ozone/ozone/hadoop-ozone/integration-test/target/test-dir"/>
    <property name="sun.java.launcher" value="SUN_STANDARD"/>
    <property name="sun.boot.library.path" value="/usr/lib/jvm/temurin-21-jdk-amd64/lib"/>
    <property name="sun.java.command" value="/home/runner/work/ozone/ozone/hadoop-ozone/integration-test/target/surefire/surefirebooter-20250310143257319_2634.jar /home/runner/work/ozone/ozone/hadoop-ozone/integration-test/target/surefire 2025-03-10T14-17-59_848-jvmRun1 surefire-20250310143257319_2632tmp surefire_164-20250310143257319_2633tmp"/>
    <property name="jdk.debug" value="release"/>
    <property name="native.lib.tmp.dir" value="/tmp"/>
    <property name="surefire.test.class.path" value="/home/runner/work/ozone/ozone/hadoop-ozone/integration-test/target/test-classes:/home/runner/work/ozone/ozone/hadoop-ozone/integration-test/target/classes:/home/runner/work/ozone/ozone/hadoop-hdds/server-scm/target/hdds-server-scm-2.0.0-SNAPSHOT.jar:/home/runner/.m2/repository/com/fasterxml/jackson/core/jackson-annotations/2.16.2/jackson-annotations-2.16.2.jar:/home/runner/.m2/repository/com/fasterxml/jackson/core/jackson-core/2.16.2/jackson-core-2.16.2.jar:/home/runner/.m2/repository/com/fasterxml/jackson/core/jackson-databind/2.16.2/jackson-databind-2.16.2.jar:/home/runner/.m2/repository/com/google/guava/guava/32.1.3-jre/guava-32.1.3-jre.jar:/home/runner/.m2/repository/com/google/guava/failureaccess/1.0.1/failureaccess-1.0.1.jar:/home/runner/.m2/repository/com/google/guava/listenablefuture/9999.0-empty-to-avoid-conflict-with-guava/listenablefuture-9999.0-empty-to-avoid-conflict-with-guava.jar:/home/runner/.m2/repository/org/checkerframework/checker-qual/3.37.0/checker-qual-3.37.0.jar:/home/runner/.m2/repository/com/google/errorprone/error_prone_annotations/2.29.2/error_prone_annotations-2.29.2.jar:/home/runner/.m2/repository/com/google/j2objc/j2objc-annotations/2.8/j2objc-annotations-2.8.jar:/home/runner/.m2/repository/com/google/protobuf/protobuf-java/2.5.0/protobuf-java-2.5.0.jar:/home/runner/.m2/repository/commons-collections/commons-collections/3.2.2/commons-collections-3.2.2.jar:/home/runner/.m2/repository/commons-io/commons-io/2.18.0/commons-io-2.18.0.jar:/home/runner/.m2/repository/info/picocli/picocli/4.7.5/picocli-4.7.5.jar:/home/runner/.m2/repository/io/dropwizard/metrics/metrics-core/3.2.6/metrics-core-3.2.6.jar:/home/runner/.m2/repository/jakarta/annotation/jakarta.annotation-api/2.1.1/jakarta.annotation-api-2.1.1.jar:/home/runner/.m2/repository/javax/servlet/javax.servlet-api/3.1.0/javax.servlet-api-3.1.0.jar:/home/runner/.m2/repository/org/apache/commons/commons-compress/1.27.1/commons-compress-1.27.1.jar:/home/runner/.m2/repository/org/apache/commons/commons-text/1.12.0/commons-text-1.12.0.jar:/home/runner/work/ozone/ozone/hadoop-hdds/client/target/hdds-client-2.0.0-SNAPSHOT.jar:/home/runner/work/ozone/ozone/hadoop-hdds/common/target/hdds-common-2.0.0-SNAPSHOT.jar:/home/runner/work/ozone/ozone/hadoop-hdds/config/target/hdds-config-2.0.0-SNAPSHOT.jar:/home/runner/work/ozone/ozone/hadoop-hdds/container-service/target/hdds-container-service-2.0.0-SNAPSHOT.jar:/home/runner/work/ozone/ozone/hadoop-hdds/hadoop-dependency-client/target/hdds-hadoop-dependency-client-2.0.0-SNAPSHOT.jar:/home/runner/.m2/repository/com/nimbusds/nimbus-jose-jwt/9.40/nimbus-jose-jwt-9.40.jar:/home/runner/work/ozone/ozone/hadoop-hdds/hadoop-dependency-server/target/hdds-hadoop-dependency-server-2.0.0-SNAPSHOT.jar:/home/runner/.m2/repository/org/apache/hadoop/hadoop-hdfs/3.4.1/hadoop-hdfs-3.4.1.jar:/home/runner/.m2/repository/org/apache/kerby/kerb-util/1.0.1/kerb-util-1.0.1.jar:/home/runner/.m2/repository/org/apache/kerby/kerby-config/1.0.1/kerby-config-1.0.1.jar:/home/runner/.m2/repository/org/apache/kerby/kerb-crypto/1.0.1/kerb-crypto-1.0.1.jar:/home/runner/work/ozone/ozone/hadoop-hdds/interface-admin/target/hdds-interface-admin-2.0.0-SNAPSHOT.jar:/home/runner/work/ozone/ozone/hadoop-hdds/interface-client/target/hdds-interface-client-2.0.0-SNAPSHOT.jar:/home/runner/work/ozone/ozone/hadoop-hdds/interface-server/target/hdds-interface-server-2.0.0-SNAPSHOT.jar:/home/runner/work/ozone/ozone/hadoop-hdds/framework/target/hdds-server-framework-2.0.0-SNAPSHOT.jar:/home/runner/.m2/repository/org/apache/ratis/ratis-client/3.1.2/ratis-client-3.1.2.jar:/home/runner/.m2/repository/org/apache/ratis/ratis-common/3.1.2/ratis-common-3.1.2.jar:/home/runner/.m2/repository/org/apache/ratis/ratis-grpc/3.1.2/ratis-grpc-3.1.2.jar:/home/runner/.m2/repository/org/apache/ratis/ratis-netty/3.1.2/ratis-netty-3.1.2.jar:/home/runner/.m2/repository/org/apache/ratis/ratis-proto/3.1.2/ratis-proto-3.1.2.jar:/home/runner/.m2/repository/org/apache/ratis/ratis-server-api/3.1.2/ratis-server-api-3.1.2.jar:/home/runner/.m2/repository/org/apache/ratis/ratis-thirdparty-misc/1.0.6/ratis-thirdparty-misc-1.0.6.jar:/home/runner/.m2/repository/org/bouncycastle/bcpkix-jdk18on/1.80/bcpkix-jdk18on-1.80.jar:/home/runner/.m2/repository/org/bouncycastle/bcprov-jdk18on/1.80/bcprov-jdk18on-1.80.jar:/home/runner/.m2/repository/org/eclipse/jetty/jetty-webapp/9.4.57.v20241219/jetty-webapp-9.4.57.v20241219.jar:/home/runner/.m2/repository/org/eclipse/jetty/jetty-xml/9.4.57.v20241219/jetty-xml-9.4.57.v20241219.jar:/home/runner/.m2/repository/org/slf4j/slf4j-api/2.0.17/slf4j-api-2.0.17.jar:/home/runner/work/ozone/ozone/hadoop-hdds/tools/target/hdds-tools-2.0.0-SNAPSHOT.jar:/home/runner/.m2/repository/ch/qos/reload4j/reload4j/1.2.26/reload4j-1.2.26.jar:/home/runner/.m2/repository/com/fasterxml/jackson/datatype/jackson-datatype-jsr310/2.16.2/jackson-datatype-jsr310-2.16.2.jar:/home/runner/.m2/repository/commons-cli/commons-cli/1.8.0/commons-cli-1.8.0.jar:/home/runner/.m2/repository/org/apache/ratis/ratis-tools/3.1.2/ratis-tools-3.1.2.jar:/home/runner/.m2/repository/org/kohsuke/metainf-services/metainf-services/1.11/metainf-services-1.11.jar:/home/runner/.m2/repository/org/slf4j/slf4j-reload4j/2.0.17/slf4j-reload4j-2.0.17.jar:/home/runner/.m2/repository/org/xerial/sqlite-jdbc/3.49.1.0/sqlite-jdbc-3.49.1.0.jar:/home/runner/work/ozone/ozone/hadoop-ozone/cli-shell/target/ozone-cli-shell-2.0.0-SNAPSHOT.jar:/home/runner/.m2/repository/commons-codec/commons-codec/1.17.1/commons-codec-1.17.1.jar:/home/runner/.m2/repository/info/picocli/picocli-shell-jline3/4.7.5/picocli-shell-jline3-4.7.5.jar:/home/runner/.m2/repository/jakarta/xml/bind/jakarta.xml.bind-api/2.3.3/jakarta.xml.bind-api-2.3.3.jar:/home/runner/.m2/repository/org/apache/httpcomponents/httpclient/4.5.14/httpclient-4.5.14.jar:/home/runner/work/ozone/ozone/hadoop-ozone/ozonefs-common/target/ozone-filesystem-common-2.0.0-SNAPSHOT.jar:/home/runner/work/ozone/ozone/hadoop-ozone/interface-client/target/ozone-interface-client-2.0.0-SNAPSHOT.jar:/home/runner/.m2/repository/org/jline/jline/3.29.0/jline-3.29.0.jar:/home/runner/work/ozone/ozone/hadoop-ozone/client/target/ozone-client-2.0.0-SNAPSHOT.jar:/home/runner/.m2/repository/com/github/stephenc/jcip/jcip-annotations/1.0-1/jcip-annotations-1.0-1.jar:/home/runner/work/ozone/ozone/hadoop-hdds/erasurecode/target/hdds-erasurecode-2.0.0-SNAPSHOT.jar:/home/runner/work/ozone/ozone/hadoop-ozone/common/target/ozone-common-2.0.0-SNAPSHOT.jar:/home/runner/.m2/repository/io/grpc/grpc-api/1.58.0/grpc-api-1.58.0.jar:/home/runner/.m2/repository/io/grpc/grpc-netty/1.58.0/grpc-netty-1.58.0.jar:/home/runner/.m2/repository/io/grpc/grpc-core/1.58.0/grpc-core-1.58.0.jar:/home/runner/.m2/repository/com/google/android/annotations/4.1.1.4/annotations-4.1.1.4.jar:/home/runner/.m2/repository/org/codehaus/mojo/animal-sniffer-annotations/1.23/animal-sniffer-annotations-1.23.jar:/home/runner/.m2/repository/io/grpc/grpc-context/1.58.0/grpc-context-1.58.0.jar:/home/runner/.m2/repository/io/grpc/grpc-util/1.58.0/grpc-util-1.58.0.jar:/home/runner/.m2/repository/io/perfmark/perfmark-api/0.26.0/perfmark-api-0.26.0.jar:/home/runner/.m2/repository/io/grpc/grpc-stub/1.58.0/grpc-stub-1.58.0.jar:/home/runner/.m2/repository/io/netty/netty-codec-http2/4.1.109.Final/netty-codec-http2-4.1.109.Final.jar:/home/runner/.m2/repository/io/netty/netty-codec-http/4.1.109.Final/netty-codec-http-4.1.109.Final.jar:/home/runner/.m2/repository/io/netty/netty-common/4.1.109.Final/netty-common-4.1.109.Final.jar:/home/runner/.m2/repository/io/netty/netty-handler/4.1.109.Final/netty-handler-4.1.109.Final.jar:/home/runner/.m2/repository/io/netty/netty-resolver/4.1.109.Final/netty-resolver-4.1.109.Final.jar:/home/runner/.m2/repository/io/netty/netty-handler-proxy/4.1.109.Final/netty-handler-proxy-4.1.109.Final.jar:/home/runner/.m2/repository/io/netty/netty-codec-socks/4.1.109.Final/netty-codec-socks-4.1.109.Final.jar:/home/runner/.m2/repository/org/apache/httpcomponents/httpcore/4.4.16/httpcore-4.4.16.jar:/home/runner/.m2/repository/io/netty/netty-tcnative-boringssl-static/2.0.65.Final/netty-tcnative-boringssl-static-2.0.65.Final.jar:/home/runner/.m2/repository/io/netty/netty-tcnative-classes/2.0.65.Final/netty-tcnative-classes-2.0.65.Final.jar:/home/runner/.m2/repository/io/netty/netty-tcnative-boringssl-static/2.0.65.Final/netty-tcnative-boringssl-static-2.0.65.Final-linux-x86_64.jar:/home/runner/.m2/repository/io/netty/netty-tcnative-boringssl-static/2.0.65.Final/netty-tcnative-boringssl-static-2.0.65.Final-linux-aarch_64.jar:/home/runner/.m2/repository/io/netty/netty-tcnative-boringssl-static/2.0.65.Final/netty-tcnative-boringssl-static-2.0.65.Final-osx-x86_64.jar:/home/runner/.m2/repository/io/netty/netty-tcnative-boringssl-static/2.0.65.Final/netty-tcnative-boringssl-static-2.0.65.Final-osx-aarch_64.jar:/home/runner/.m2/repository/io/netty/netty-tcnative-boringssl-static/2.0.65.Final/netty-tcnative-boringssl-static-2.0.65.Final-windows-x86_64.jar:/home/runner/work/ozone/ozone/hadoop-ozone/csi/target/ozone-csi-2.0.0-SNAPSHOT.jar:/home/runner/.m2/repository/com/google/protobuf/protobuf-java-util/3.19.6/protobuf-java-util-3.19.6.jar:/home/runner/.m2/repository/io/grpc/grpc-protobuf/1.58.0/grpc-protobuf-1.58.0.jar:/home/runner/.m2/repository/com/google/api/grpc/proto-google-common-protos/2.22.0/proto-google-common-protos-2.22.0.jar:/home/runner/.m2/repository/io/grpc/grpc-protobuf-lite/1.58.0/grpc-protobuf-lite-1.58.0.jar:/home/runner/.m2/repository/io/netty/netty-transport/4.1.109.Final/netty-transport-4.1.109.Final.jar:/home/runner/.m2/repository/io/netty/netty-transport-classes-epoll/4.1.109.Final/netty-transport-classes-epoll-4.1.109.Final.jar:/home/runner/.m2/repository/io/netty/netty-transport-native-epoll/4.1.109.Final/netty-transport-native-epoll-4.1.109.Final-linux-x86_64.jar:/home/runner/.m2/repository/io/netty/netty-transport-native-unix-common/4.1.109.Final/netty-transport-native-unix-common-4.1.109.Final.jar:/home/runner/work/ozone/ozone/hadoop-ozone/ozonefs/target/ozone-filesystem-2.0.0-SNAPSHOT.jar:/home/runner/.m2/repository/io/opentracing/opentracing-api/0.33.0/opentracing-api-0.33.0.jar:/home/runner/.m2/repository/io/opentracing/opentracing-util/0.33.0/opentracing-util-0.33.0.jar:/home/runner/work/ozone/ozone/hadoop-ozone/ozone-manager/target/ozone-manager-2.0.0-SNAPSHOT.jar:/home/runner/.m2/repository/com/sun/jersey/jersey-client/1.19.4/jersey-client-1.19.4.jar:/home/runner/.m2/repository/org/apache/kerby/kerby-util/1.0.1/kerby-util-1.0.1.jar:/home/runner/.m2/repository/org/apache/logging/log4j/log4j-api/2.24.2/log4j-api-2.24.2.jar:/home/runner/work/ozone/ozone/hadoop-hdds/managed-rocksdb/target/hdds-managed-rocksdb-2.0.0-SNAPSHOT.jar:/home/runner/work/ozone/ozone/hadoop-hdds/rocks-native/target/hdds-rocks-native-2.0.0-SNAPSHOT.jar:/home/runner/.m2/repository/org/eclipse/jetty/jetty-io/9.4.57.v20241219/jetty-io-9.4.57.v20241219.jar:/home/runner/work/ozone/ozone/hadoop-ozone/interface-storage/target/ozone-interface-storage-2.0.0-SNAPSHOT.jar:/home/runner/work/ozone/ozone/hadoop-hdds/rocksdb-checkpoint-differ/target/rocksdb-checkpoint-differ-2.0.0-SNAPSHOT.jar:/home/runner/.m2/repository/com/github/vlsi/mxgraph/jgraphx/3.9.12/jgraphx-3.9.12.jar:/home/runner/.m2/repository/org/jgrapht/jgrapht-core/1.4.0/jgrapht-core-1.4.0.jar:/home/runner/.m2/repository/org/jheaps/jheaps/0.11/jheaps-0.11.jar:/home/runner/.m2/repository/org/jgrapht/jgrapht-ext/1.4.0/jgrapht-ext-1.4.0.jar:/home/runner/.m2/repository/org/apache/ranger/ranger-intg/2.3.0/ranger-intg-2.3.0.jar:/home/runner/.m2/repository/org/apache/ranger/ranger-plugins-common/2.3.0/ranger-plugins-common-2.3.0.jar:/home/runner/.m2/repository/commons-lang/commons-lang/2.6/commons-lang-2.6.jar:/home/runner/.m2/repository/org/apache/ranger/ranger-plugins-cred/2.3.0/ranger-plugins-cred-2.3.0.jar:/home/runner/.m2/repository/org/apache/ranger/ranger-plugins-audit/2.3.0/ranger-plugins-audit-2.3.0.jar:/home/runner/.m2/repository/org/eclipse/jetty/jetty-client/9.4.57.v20241219/jetty-client-9.4.57.v20241219.jar:/home/runner/.m2/repository/org/apache/httpcomponents/httpmime/4.5.6/httpmime-4.5.6.jar:/home/runner/.m2/repository/org/apache/httpcomponents/httpcore-nio/4.4.16/httpcore-nio-4.4.16.jar:/home/runner/.m2/repository/org/apache/httpcomponents/httpasyncclient/4.1.3/httpasyncclient-4.1.3.jar:/home/runner/.m2/repository/com/carrotsearch/hppc/0.8.0/hppc-0.8.0.jar:/home/runner/.m2/repository/org/apache/orc/orc-core/1.5.8/orc-core-1.5.8.jar:/home/runner/.m2/repository/net/java/dev/jna/jna/5.2.0/jna-5.2.0.jar:/home/runner/.m2/repository/net/java/dev/jna/jna-platform/5.2.0/jna-platform-5.2.0.jar:/home/runner/.m2/repository/com/kstruct/gethostname4j/0.0.2/gethostname4j-0.0.2.jar:/home/runner/.m2/repository/org/apache/ranger/ranger-plugin-classloader/2.3.0/ranger-plugin-classloader-2.3.0.jar:/home/runner/.m2/repository/org/aspectj/aspectjrt/1.9.7/aspectjrt-1.9.7.jar:/home/runner/.m2/repository/org/aspectj/aspectjweaver/1.9.7/aspectjweaver-1.9.7.jar:/home/runner/.m2/repository/org/codehaus/jackson/jackson-core-asl/1.9.13/jackson-core-asl-1.9.13.jar:/home/runner/.m2/repository/org/codehaus/jackson/jackson-jaxrs/1.9.13/jackson-jaxrs-1.9.13.jar:/home/runner/.m2/repository/org/codehaus/jackson/jackson-mapper-asl/1.9.13/jackson-mapper-asl-1.9.13.jar:/home/runner/.m2/repository/org/eclipse/jetty/jetty-util/9.4.57.v20241219/jetty-util-9.4.57.v20241219.jar:/home/runner/.m2/repository/org/reflections/reflections/0.10.2/reflections-0.10.2.jar:/home/runner/.m2/repository/org/rocksdb/rocksdbjni/7.7.3/rocksdbjni-7.7.3.jar:/home/runner/work/ozone/ozone/hadoop-ozone/recon/target/ozone-recon-2.0.0-SNAPSHOT.jar:/home/runner/.m2/repository/aopalliance/aopalliance/1.0/aopalliance-1.0.jar:/home/runner/.m2/repository/com/google/inject/guice/6.0.0/guice-6.0.0.jar:/home/runner/.m2/repository/jakarta/inject/jakarta.inject-api/2.0.1/jakarta.inject-api-2.0.1.jar:/home/runner/.m2/repository/com/google/inject/extensions/guice-assistedinject/6.0.0/guice-assistedinject-6.0.0.jar:/home/runner/.m2/repository/com/google/inject/extensions/guice-servlet/6.0.0/guice-servlet-6.0.0.jar:/home/runner/.m2/repository/com/jolbox/bonecp/0.8.0.RELEASE/bonecp-0.8.0.RELEASE.jar:/home/runner/.m2/repository/jakarta/activation/jakarta.activation-api/1.2.2/jakarta.activation-api-1.2.2.jar:/home/runner/.m2/repository/jakarta/validation/jakarta.validation-api/2.0.2/jakarta.validation-api-2.0.2.jar:/home/runner/.m2/repository/jakarta/ws/rs/jakarta.ws.rs-api/2.1.6/jakarta.ws.rs-api-2.1.6.jar:/home/runner/.m2/repository/javax/inject/javax.inject/1/javax.inject-1.jar:/home/runner/.m2/repository/org/apache/derby/derby/10.14.2.0/derby-10.14.2.0.jar:/home/runner/work/ozone/ozone/hadoop-ozone/recon-codegen/target/ozone-reconcodegen-2.0.0-SNAPSHOT.jar:/home/runner/.m2/repository/org/eclipse/jetty/jetty-servlet/9.4.57.v20241219/jetty-servlet-9.4.57.v20241219.jar:/home/runner/.m2/repository/org/eclipse/jetty/jetty-security/9.4.57.v20241219/jetty-security-9.4.57.v20241219.jar:/home/runner/.m2/repository/org/glassfish/hk2/guice-bridge/2.6.1/guice-bridge-2.6.1.jar:/home/runner/.m2/repository/org/glassfish/hk2/hk2-api/2.6.1/hk2-api-2.6.1.jar:/home/runner/.m2/repository/org/glassfish/hk2/hk2-utils/2.6.1/hk2-utils-2.6.1.jar:/home/runner/.m2/repository/org/glassfish/hk2/external/aopalliance-repackaged/2.6.1/aopalliance-repackaged-2.6.1.jar:/home/runner/.m2/repository/org/glassfish/hk2/external/jakarta.inject/2.6.1/jakarta.inject-2.6.1.jar:/home/runner/.m2/repository/org/glassfish/jersey/containers/jersey-container-servlet/2.46/jersey-container-servlet-2.46.jar:/home/runner/.m2/repository/org/glassfish/jersey/containers/jersey-container-servlet-core/2.46/jersey-container-servlet-core-2.46.jar:/home/runner/.m2/repository/org/glassfish/jersey/core/jersey-common/2.46/jersey-common-2.46.jar:/home/runner/.m2/repository/org/glassfish/hk2/osgi-resource-locator/1.0.3/osgi-resource-locator-1.0.3.jar:/home/runner/.m2/repository/org/glassfish/jersey/core/jersey-server/2.46/jersey-server-2.46.jar:/home/runner/.m2/repository/org/glassfish/jersey/core/jersey-client/2.46/jersey-client-2.46.jar:/home/runner/.m2/repository/org/glassfish/jersey/inject/jersey-hk2/2.46/jersey-hk2-2.46.jar:/home/runner/.m2/repository/org/glassfish/hk2/hk2-locator/2.6.1/hk2-locator-2.6.1.jar:/home/runner/.m2/repository/org/glassfish/jersey/media/jersey-media-jaxb/2.46/jersey-media-jaxb-2.46.jar:/home/runner/.m2/repository/org/glassfish/jersey/media/jersey-media-json-jackson/2.46/jersey-media-json-jackson-2.46.jar:/home/runner/.m2/repository/org/glassfish/jersey/ext/jersey-entity-filtering/2.46/jersey-entity-filtering-2.46.jar:/home/runner/.m2/repository/org/javassist/javassist/3.30.2-GA/javassist-3.30.2-GA.jar:/home/runner/.m2/repository/org/jooq/jooq/3.11.10/jooq-3.11.10.jar:/home/runner/.m2/repository/org/jooq/jooq-codegen/3.11.10/jooq-codegen-3.11.10.jar:/home/runner/.m2/repository/org/jooq/jooq-meta/3.11.10/jooq-meta-3.11.10.jar:/home/runner/.m2/repository/org/springframework/spring-core/5.3.39/spring-core-5.3.39.jar:/home/runner/.m2/repository/org/springframework/spring-jdbc/5.3.39/spring-jdbc-5.3.39.jar:/home/runner/.m2/repository/org/springframework/spring-beans/5.3.39/spring-beans-5.3.39.jar:/home/runner/.m2/repository/org/springframework/spring-tx/5.3.39/spring-tx-5.3.39.jar:/home/runner/work/ozone/ozone/hadoop-ozone/s3gateway/target/ozone-s3gateway-2.0.0-SNAPSHOT.jar:/home/runner/.m2/repository/com/fasterxml/jackson/dataformat/jackson-dataformat-xml/2.16.2/jackson-dataformat-xml-2.16.2.jar:/home/runner/.m2/repository/com/fasterxml/jackson/module/jackson-module-jaxb-annotations/2.16.2/jackson-module-jaxb-annotations-2.16.2.jar:/home/runner/.m2/repository/io/opentracing/opentracing-noop/0.33.0/opentracing-noop-0.33.0.jar:/home/runner/.m2/repository/javax/annotation/javax.annotation-api/1.3.2/javax.annotation-api-1.3.2.jar:/home/runner/.m2/repository/javax/enterprise/cdi-api/2.0/cdi-api-2.0.jar:/home/runner/.m2/repository/javax/el/javax.el-api/3.0.0/javax.el-api-3.0.0.jar:/home/runner/.m2/repository/javax/interceptor/javax.interceptor-api/1.2/javax.interceptor-api-1.2.jar:/home/runner/.m2/repository/org/glassfish/jaxb/jaxb-runtime/2.3.9/jaxb-runtime-2.3.9.jar:/home/runner/.m2/repository/org/glassfish/jaxb/txw2/2.3.9/txw2-2.3.9.jar:/home/runner/.m2/repository/com/sun/istack/istack-commons-runtime/3.0.12/istack-commons-runtime-3.0.12.jar:/home/runner/.m2/repository/com/sun/activation/jakarta.activation/1.2.2/jakarta.activation-1.2.2.jar:/home/runner/.m2/repository/org/glassfish/jersey/ext/cdi/jersey-cdi1x/2.46/jersey-cdi1x-2.46.jar:/home/runner/.m2/repository/org/jboss/weld/servlet/weld-servlet-shaded/3.1.9.Final/weld-servlet-shaded-3.1.9.Final.jar:/home/runner/work/ozone/ozone/hadoop-ozone/tools/target/ozone-tools-2.0.0-SNAPSHOT.jar:/home/runner/.m2/repository/com/amazonaws/aws-java-sdk-core/1.12.661/aws-java-sdk-core-1.12.661.jar:/home/runner/.m2/repository/com/fasterxml/jackson/dataformat/jackson-dataformat-cbor/2.16.2/jackson-dataformat-cbor-2.16.2.jar:/home/runner/.m2/repository/joda-time/joda-time/2.12.7/joda-time-2.12.7.jar:/home/runner/.m2/repository/com/amazonaws/aws-java-sdk-s3/1.12.661/aws-java-sdk-s3-1.12.661.jar:/home/runner/.m2/repository/com/amazonaws/aws-java-sdk-kms/1.12.661/aws-java-sdk-kms-1.12.661.jar:/home/runner/.m2/repository/com/amazonaws/jmespath-java/1.12.661/jmespath-java-1.12.661.jar:/home/runner/.m2/repository/org/apache/ratis/ratis-shell/3.1.2/ratis-shell-3.1.2.jar:/home/runner/.m2/repository/org/apache/ratis/ratis-server/3.1.2/ratis-server-3.1.2.jar:/home/runner/.m2/repository/org/apache/ratis/ratis-metrics-api/3.1.2/ratis-metrics-api-3.1.2.jar:/home/runner/.m2/repository/org/hamcrest/hamcrest/2.2/hamcrest-2.2.jar:/home/runner/.m2/repository/org/slf4j/jul-to-slf4j/2.0.17/jul-to-slf4j-2.0.17.jar:/home/runner/.m2/repository/org/apache/commons/commons-lang3/3.17.0/commons-lang3-3.17.0.jar:/home/runner/.m2/repository/org/apache/hadoop/hadoop-common/3.4.1/hadoop-common-3.4.1-tests.jar:/home/runner/.m2/repository/org/apache/hadoop/thirdparty/hadoop-shaded-protobuf_3_25/1.3.0/hadoop-shaded-protobuf_3_25-1.3.0.jar:/home/runner/.m2/repository/org/apache/hadoop/hadoop-annotations/3.4.1/hadoop-annotations-3.4.1.jar:/home/runner/.m2/repository/org/apache/hadoop/thirdparty/hadoop-shaded-guava/1.3.0/hadoop-shaded-guava-1.3.0.jar:/home/runner/.m2/repository/org/apache/commons/commons-math3/3.6.1/commons-math3-3.6.1.jar:/home/runner/.m2/repository/commons-net/commons-net/3.11.1/commons-net-3.11.1.jar:/home/runner/.m2/repository/org/eclipse/jetty/jetty-server/9.4.57.v20241219/jetty-server-9.4.57.v20241219.jar:/home/runner/.m2/repository/javax/servlet/jsp/jsp-api/2.1/jsp-api-2.1.jar:/home/runner/.m2/repository/com/sun/jersey/jersey-core/1.19.4/jersey-core-1.19.4.jar:/home/runner/.m2/repository/javax/ws/rs/jsr311-api/1.1.1/jsr311-api-1.1.1.jar:/home/runner/.m2/repository/com/github/pjfanning/jersey-json/1.22.0/jersey-json-1.22.0.jar:/home/runner/.m2/repository/com/sun/xml/bind/jaxb-impl/2.2.3-1/jaxb-impl-2.2.3-1.jar:/home/runner/.m2/repository/org/codehaus/jettison/jettison/1.5.4/jettison-1.5.4.jar:/home/runner/.m2/repository/com/sun/jersey/jersey-server/1.19.4/jersey-server-1.19.4.jar:/home/runner/.m2/repository/commons-beanutils/commons-beanutils/1.9.4/commons-beanutils-1.9.4.jar:/home/runner/.m2/repository/org/apache/commons/commons-configuration2/2.11.0/commons-configuration2-2.11.0.jar:/home/runner/.m2/repository/org/apache/avro/avro/1.9.2/avro-1.9.2.jar:/home/runner/.m2/repository/com/google/re2j/re2j/1.7/re2j-1.7.jar:/home/runner/.m2/repository/com/google/code/gson/gson/2.10.1/gson-2.10.1.jar:/home/runner/.m2/repository/org/apache/hadoop/hadoop-auth/3.4.1/hadoop-auth-3.4.1.jar:/home/runner/.m2/repository/org/apache/curator/curator-framework/4.2.0/curator-framework-4.2.0.jar:/home/runner/.m2/repository/com/jcraft/jsch/0.1.55/jsch-0.1.55.jar:/home/runner/.m2/repository/org/apache/curator/curator-client/4.2.0/curator-client-4.2.0.jar:/home/runner/.m2/repository/org/apache/curator/curator-recipes/5.2.0/curator-recipes-5.2.0.jar:/home/runner/.m2/repository/com/google/code/findbugs/jsr305/3.0.2/jsr305-3.0.2.jar:/home/runner/.m2/repository/org/apache/zookeeper/zookeeper/3.8.4/zookeeper-3.8.4.jar:/home/runner/.m2/repository/org/apache/zookeeper/zookeeper-jute/3.8.4/zookeeper-jute-3.8.4.jar:/home/runner/.m2/repository/org/apache/yetus/audience-annotations/0.12.0/audience-annotations-0.12.0.jar:/home/runner/.m2/repository/io/netty/netty-transport-native-epoll/4.1.109.Final/netty-transport-native-epoll-4.1.109.Final.jar:/home/runner/.m2/repository/org/apache/kerby/kerb-core/1.0.1/kerb-core-1.0.1.jar:/home/runner/.m2/repository/org/apache/kerby/kerby-pkix/1.0.1/kerby-pkix-1.0.1.jar:/home/runner/.m2/repository/org/apache/kerby/kerby-asn1/1.0.1/kerby-asn1-1.0.1.jar:/home/runner/.m2/repository/org/codehaus/woodstox/stax2-api/4.2.2/stax2-api-4.2.2.jar:/home/runner/.m2/repository/com/fasterxml/woodstox/woodstox-core/5.4.0/woodstox-core-5.4.0.jar:/home/runner/.m2/repository/dnsjava/dnsjava/3.6.1/dnsjava-3.6.1.jar:/home/runner/.m2/repository/org/xerial/snappy/snappy-java/1.1.10.7/snappy-java-1.1.10.7.jar:/home/runner/.m2/repository/org/apache/hadoop/hadoop-distcp/3.4.1/hadoop-distcp-3.4.1.jar:/home/runner/.m2/repository/org/apache/hadoop/hadoop-distcp/3.4.1/hadoop-distcp-3.4.1-tests.jar:/home/runner/.m2/repository/org/apache/hadoop/hadoop-hdfs/3.4.1/hadoop-hdfs-3.4.1-tests.jar:/home/runner/.m2/repository/org/eclipse/jetty/jetty-util-ajax/9.4.57.v20241219/jetty-util-ajax-9.4.57.v20241219.jar:/home/runner/.m2/repository/commons-daemon/commons-daemon/1.4.0/commons-daemon-1.4.0.jar:/home/runner/.m2/repository/io/netty/netty-all/4.1.109.Final/netty-all-4.1.109.Final.jar:/home/runner/.m2/repository/io/netty/netty-codec-dns/4.1.109.Final/netty-codec-dns-4.1.109.Final.jar:/home/runner/.m2/repository/io/netty/netty-codec-haproxy/4.1.109.Final/netty-codec-haproxy-4.1.109.Final.jar:/home/runner/.m2/repository/io/netty/netty-codec-memcache/4.1.109.Final/netty-codec-memcache-4.1.109.Final.jar:/home/runner/.m2/repository/io/netty/netty-codec-mqtt/4.1.109.Final/netty-codec-mqtt-4.1.109.Final.jar:/home/runner/.m2/repository/io/netty/netty-codec-redis/4.1.109.Final/netty-codec-redis-4.1.109.Final.jar:/home/runner/.m2/repository/io/netty/netty-codec-smtp/4.1.109.Final/netty-codec-smtp-4.1.109.Final.jar:/home/runner/.m2/repository/io/netty/netty-codec-stomp/4.1.109.Final/netty-codec-stomp-4.1.109.Final.jar:/home/runner/.m2/repository/io/netty/netty-codec-xml/4.1.109.Final/netty-codec-xml-4.1.109.Final.jar:/home/runner/.m2/repository/io/netty/netty-handler-ssl-ocsp/4.1.109.Final/netty-handler-ssl-ocsp-4.1.109.Final.jar:/home/runner/.m2/repository/io/netty/netty-resolver-dns/4.1.109.Final/netty-resolver-dns-4.1.109.Final.jar:/home/runner/.m2/repository/io/netty/netty-transport-rxtx/4.1.109.Final/netty-transport-rxtx-4.1.109.Final.jar:/home/runner/.m2/repository/io/netty/netty-transport-sctp/4.1.109.Final/netty-transport-sctp-4.1.109.Final.jar:/home/runner/.m2/repository/io/netty/netty-transport-udt/4.1.109.Final/netty-transport-udt-4.1.109.Final.jar:/home/runner/.m2/repository/io/netty/netty-transport-classes-kqueue/4.1.109.Final/netty-transport-classes-kqueue-4.1.109.Final.jar:/home/runner/.m2/repository/io/netty/netty-resolver-dns-classes-macos/4.1.109.Final/netty-resolver-dns-classes-macos-4.1.109.Final.jar:/home/runner/.m2/repository/io/netty/netty-transport-native-epoll/4.1.109.Final/netty-transport-native-epoll-4.1.109.Final-linux-aarch_64.jar:/home/runner/.m2/repository/io/netty/netty-transport-native-epoll/4.1.109.Final/netty-transport-native-epoll-4.1.109.Final-linux-riscv64.jar:/home/runner/.m2/repository/io/netty/netty-transport-native-kqueue/4.1.109.Final/netty-transport-native-kqueue-4.1.109.Final-osx-x86_64.jar:/home/runner/.m2/repository/io/netty/netty-transport-native-kqueue/4.1.109.Final/netty-transport-native-kqueue-4.1.109.Final-osx-aarch_64.jar:/home/runner/.m2/repository/io/netty/netty-resolver-dns-native-macos/4.1.109.Final/netty-resolver-dns-native-macos-4.1.109.Final-osx-x86_64.jar:/home/runner/.m2/repository/io/netty/netty-resolver-dns-native-macos/4.1.109.Final/netty-resolver-dns-native-macos-4.1.109.Final-osx-aarch_64.jar:/home/runner/.m2/repository/org/fusesource/leveldbjni/leveldbjni-all/1.8/leveldbjni-all-1.8.jar:/home/runner/.m2/repository/org/apache/hadoop/hadoop-kms/3.4.1/hadoop-kms-3.4.1.jar:/home/runner/.m2/repository/org/apache/hadoop/hadoop-common/3.4.1/hadoop-common-3.4.1.jar:/home/runner/.m2/repository/org/apache/hadoop/hadoop-kms/3.4.1/hadoop-kms-3.4.1-tests.jar:/home/runner/.m2/repository/org/apache/hadoop/hadoop-mapreduce-client-core/3.4.1/hadoop-mapreduce-client-core-3.4.1.jar:/home/runner/.m2/repository/org/apache/hadoop/hadoop-yarn-client/3.4.1/hadoop-yarn-client-3.4.1.jar:/home/runner/.m2/repository/org/eclipse/jetty/websocket/websocket-client/9.4.53.v20231009/websocket-client-9.4.53.v20231009.jar:/home/runner/.m2/repository/org/eclipse/jetty/websocket/websocket-common/9.4.53.v20231009/websocket-common-9.4.53.v20231009.jar:/home/runner/.m2/repository/org/eclipse/jetty/websocket/websocket-api/9.4.53.v20231009/websocket-api-9.4.53.v20231009.jar:/home/runner/.m2/repository/org/apache/hadoop/hadoop-yarn-api/3.4.1/hadoop-yarn-api-3.4.1.jar:/home/runner/.m2/repository/org/apache/hadoop/hadoop-yarn-common/3.4.1/hadoop-yarn-common-3.4.1.jar:/home/runner/.m2/repository/javax/xml/bind/jaxb-api/2.2.11/jaxb-api-2.2.11.jar:/home/runner/.m2/repository/com/sun/jersey/contribs/jersey-guice/1.19.4/jersey-guice-1.19.4.jar:/home/runner/.m2/repository/com/fasterxml/jackson/jaxrs/jackson-jaxrs-json-provider/2.16.2/jackson-jaxrs-json-provider-2.16.2.jar:/home/runner/.m2/repository/com/fasterxml/jackson/jaxrs/jackson-jaxrs-base/2.16.2/jackson-jaxrs-base-2.16.2.jar:/home/runner/.m2/repository/org/apache/hadoop/hadoop-hdfs-client/3.4.1/hadoop-hdfs-client-3.4.1.jar:/home/runner/.m2/repository/org/apache/hadoop/hadoop-mapreduce-client-jobclient/3.4.1/hadoop-mapreduce-client-jobclient-3.4.1.jar:/home/runner/.m2/repository/org/apache/hadoop/hadoop-mapreduce-client-common/3.4.1/hadoop-mapreduce-client-common-3.4.1.jar:/home/runner/.m2/repository/org/apache/hadoop/hadoop-minikdc/3.4.1/hadoop-minikdc-3.4.1.jar:/home/runner/.m2/repository/org/apache/kerby/kerb-simplekdc/2.0.3/kerb-simplekdc-2.0.3.jar:/home/runner/.m2/repository/org/apache/kerby/kerb-client/2.0.3/kerb-client-2.0.3.jar:/home/runner/.m2/repository/org/apache/kerby/kerb-common/2.0.3/kerb-common-2.0.3.jar:/home/runner/.m2/repository/org/apache/kerby/token-provider/2.0.3/token-provider-2.0.3.jar:/home/runner/.m2/repository/org/apache/kerby/kerb-admin/2.0.3/kerb-admin-2.0.3.jar:/home/runner/.m2/repository/org/apache/kerby/kerb-server/2.0.3/kerb-server-2.0.3.jar:/home/runner/.m2/repository/org/apache/kerby/kerb-identity/2.0.3/kerb-identity-2.0.3.jar:/home/runner/.m2/repository/org/apache/kerby/kerby-xdr/2.0.3/kerby-xdr-2.0.3.jar:/home/runner/.m2/repository/junit/junit/4.13.2/junit-4.13.2.jar:/home/runner/.m2/repository/org/hamcrest/hamcrest-core/1.3/hamcrest-core-1.3.jar:/home/runner/work/ozone/ozone/hadoop-hdds/common/target/hdds-common-2.0.0-SNAPSHOT-tests.jar:/home/runner/.m2/repository/commons-validator/commons-validator/1.6/commons-validator-1.6.jar:/home/runner/.m2/repository/commons-digester/commons-digester/1.8.1/commons-digester-1.8.1.jar:/home/runner/.m2/repository/io/jaegertracing/jaeger-client/1.8.1/jaeger-client-1.8.1.jar:/home/runner/.m2/repository/io/jaegertracing/jaeger-thrift/1.8.1/jaeger-thrift-1.8.1.jar:/home/runner/.m2/repository/org/apache/thrift/libthrift/0.15.0/libthrift-0.15.0.jar:/home/runner/.m2/repository/com/squareup/okhttp3/okhttp/4.12.0/okhttp-4.12.0.jar:/home/runner/.m2/repository/com/squareup/okio/okio/3.6.0/okio-3.6.0.jar:/home/runner/.m2/repository/com/squareup/okio/okio-jvm/3.6.0/okio-jvm-3.6.0.jar:/home/runner/.m2/repository/org/jetbrains/kotlin/kotlin-stdlib-common/1.9.25/kotlin-stdlib-common-1.9.25.jar:/home/runner/.m2/repository/org/jetbrains/kotlin/kotlin-stdlib-jdk8/1.9.25/kotlin-stdlib-jdk8-1.9.25.jar:/home/runner/.m2/repository/org/jetbrains/kotlin/kotlin-stdlib-jdk7/1.9.25/kotlin-stdlib-jdk7-1.9.25.jar:/home/runner/.m2/repository/io/jaegertracing/jaeger-tracerresolver/1.8.1/jaeger-tracerresolver-1.8.1.jar:/home/runner/.m2/repository/io/opentracing/contrib/opentracing-tracerresolver/0.1.8/opentracing-tracerresolver-0.1.8.jar:/home/runner/.m2/repository/io/jaegertracing/jaeger-core/1.8.1/jaeger-core-1.8.1.jar:/home/runner/work/ozone/ozone/hadoop-hdds/annotations/target/hdds-annotation-processing-2.0.0-SNAPSHOT.jar:/home/runner/.m2/repository/org/apache/ratis/ratis-metrics-dropwizard3/3.1.2/ratis-metrics-dropwizard3-3.1.2.jar:/home/runner/.m2/repository/org/bouncycastle/bcutil-jdk18on/1.80/bcutil-jdk18on-1.80.jar:/home/runner/.m2/repository/org/jetbrains/kotlin/kotlin-stdlib/1.9.25/kotlin-stdlib-1.9.25.jar:/home/runner/.m2/repository/org/jetbrains/annotations/13.0/annotations-13.0.jar:/home/runner/.m2/repository/org/yaml/snakeyaml/2.0/snakeyaml-2.0.jar:/home/runner/work/ozone/ozone/hadoop-hdds/container-service/target/hdds-container-service-2.0.0-SNAPSHOT-tests.jar:/home/runner/.m2/repository/com/github/luben/zstd-jni/1.5.7-1/zstd-jni-1.5.7-1.jar:/home/runner/.m2/repository/io/netty/netty-buffer/4.1.109.Final/netty-buffer-4.1.109.Final.jar:/home/runner/.m2/repository/io/netty/netty-codec/4.1.109.Final/netty-codec-4.1.109.Final.jar:/home/runner/work/ozone/ozone/hadoop-hdds/framework/target/hdds-server-framework-2.0.0-SNAPSHOT-tests.jar:/home/runner/.m2/repository/com/github/jnr/jnr-constants/0.10.4/jnr-constants-0.10.4.jar:/home/runner/.m2/repository/com/github/jnr/jnr-posix/3.1.20/jnr-posix-3.1.20.jar:/home/runner/.m2/repository/com/github/jnr/jnr-ffi/2.2.17/jnr-ffi-2.2.17.jar:/home/runner/.m2/repository/com/github/jnr/jffi/1.3.13/jffi-1.3.13.jar:/home/runner/.m2/repository/com/github/jnr/jffi/1.3.13/jffi-1.3.13-native.jar:/home/runner/.m2/repository/org/ow2/asm/asm/9.7.1/asm-9.7.1.jar:/home/runner/.m2/repository/org/ow2/asm/asm-commons/9.7.1/asm-commons-9.7.1.jar:/home/runner/.m2/repository/org/ow2/asm/asm-analysis/9.7.1/asm-analysis-9.7.1.jar:/home/runner/.m2/repository/org/ow2/asm/asm-tree/9.7.1/asm-tree-9.7.1.jar:/home/runner/.m2/repository/org/ow2/asm/asm-util/9.7.1/asm-util-9.7.1.jar:/home/runner/.m2/repository/com/github/jnr/jnr-a64asm/1.0.0/jnr-a64asm-1.0.0.jar:/home/runner/.m2/repository/com/github/jnr/jnr-x86asm/1.0.2/jnr-x86asm-1.0.2.jar:/home/runner/.m2/repository/commons-fileupload/commons-fileupload/1.5/commons-fileupload-1.5.jar:/home/runner/.m2/repository/commons-logging/commons-logging/1.2/commons-logging-1.2.jar:/home/runner/.m2/repository/io/prometheus/simpleclient/0.16.0/simpleclient-0.16.0.jar:/home/runner/.m2/repository/io/prometheus/simpleclient_common/0.16.0/simpleclient_common-0.16.0.jar:/home/runner/.m2/repository/io/prometheus/simpleclient_dropwizard/0.16.0/simpleclient_dropwizard-0.16.0.jar:/home/runner/.m2/repository/org/apache/logging/log4j/log4j-core/2.24.2/log4j-core-2.24.2.jar:/home/runner/.m2/repository/org/eclipse/jetty/jetty-http/9.4.57.v20241219/jetty-http-9.4.57.v20241219.jar:/home/runner/.m2/repository/com/lmax/disruptor/3.4.4/disruptor-3.4.4.jar:/home/runner/work/ozone/ozone/hadoop-hdds/server-scm/target/hdds-server-scm-2.0.0-SNAPSHOT-tests.jar:/home/runner/work/ozone/ozone/hadoop-hdds/test-utils/target/hdds-test-utils-2.0.0-SNAPSHOT-tests.jar:/home/runner/work/ozone/ozone/hadoop-ozone/ozone-manager/target/ozone-manager-2.0.0-SNAPSHOT-tests.jar:/home/runner/.m2/repository/org/assertj/assertj-core/3.27.3/assertj-core-3.27.3.jar:/home/runner/.m2/repository/net/bytebuddy/byte-buddy/1.15.11/byte-buddy-1.15.11.jar:/home/runner/.m2/repository/org/junit/jupiter/junit-jupiter-api/5.12.0/junit-jupiter-api-5.12.0.jar:/home/runner/.m2/repository/org/opentest4j/opentest4j/1.3.0/opentest4j-1.3.0.jar:/home/runner/.m2/repository/org/junit/platform/junit-platform-commons/1.12.0/junit-platform-commons-1.12.0.jar:/home/runner/.m2/repository/org/apiguardian/apiguardian-api/1.1.2/apiguardian-api-1.1.2.jar:/home/runner/.m2/repository/org/junit/jupiter/junit-jupiter-params/5.12.0/junit-jupiter-params-5.12.0.jar:/home/runner/.m2/repository/org/mockito/mockito-core/4.11.0/mockito-core-4.11.0.jar:/home/runner/.m2/repository/net/bytebuddy/byte-buddy-agent/1.12.19/byte-buddy-agent-1.12.19.jar:/home/runner/.m2/repository/org/objenesis/objenesis/3.3/objenesis-3.3.jar:/home/runner/.m2/repository/org/mockito/mockito-inline/4.11.0/mockito-inline-4.11.0.jar:/home/runner/.m2/repository/org/mockito/mockito-junit-jupiter/4.11.0/mockito-junit-jupiter-4.11.0.jar:/home/runner/work/ozone/ozone/hadoop-ozone/integration-test/target/gradle-enterprise/test-listeners.jar:"/>
    <property name="sun.cpu.endian" value="little"/>
    <property name="user.home" value="/home/runner"/>
    <property name="user.language" value="en"/>
    <property name="java.specification.vendor" value="Oracle Corporation"/>
    <property name="skipRecon" value="true"/>
    <property name="java.version.date" value="2025-01-21"/>
    <property name="java.home" value="/usr/lib/jvm/temurin-21-jdk-amd64"/>
    <property name="java.security.krb5.conf" value="/home/runner/work/ozone/ozone/hadoop-ozone/integration-test/target/test-classes/krb5.conf"/>
    <property name="file.separator" value="/"/>
    <property name="basedir" value="/home/runner/work/ozone/ozone/hadoop-ozone/integration-test"/>
    <property name="java.vm.compressedOopsMode" value="Zero based"/>
    <property name="line.separator" value="&#10;"/>
    <property name="java.vm.specification.vendor" value="Oracle Corporation"/>
    <property name="java.specification.name" value="Java Platform API Specification"/>
    <property name="surefire.real.class.path" value="/home/runner/work/ozone/ozone/hadoop-ozone/integration-test/target/surefire/surefirebooter-20250310143257319_2634.jar"/>
    <property name="hadoop.log.dir" value="/home/runner/work/ozone/ozone/hadoop-ozone/integration-test/target/log"/>
    <property name="sun.management.compiler" value="HotSpot 64-Bit Tiered Compilers"/>
    <property name="skipShade" value="true"/>
    <property name="java.runtime.version" value="21.0.6+7-LTS"/>
    <property name="user.name" value="runner"/>
    <property name="java.net.preferIPv4Stack" value="true"/>
    <property name="stdout.encoding" value="UTF-8"/>
    <property name="path.separator" value=":"/>
    <property name="java.security.egd" value="file:///dev/urandom"/>
    <property name="os.version" value="6.8.0-1021-azure"/>
    <property name="java.runtime.name" value="OpenJDK Runtime Environment"/>
    <property name="com.gradle.maven.scan.extension.test.listener.junitplatform.NestedExecutionSafeDelegatingTestExecutionListener" value="475c9c31"/>
    <property name="file.encoding" value="UTF-8"/>
    <property name="java.vm.name" value="OpenJDK 64-Bit Server VM"/>
    <property name="java.vendor.version" value="Temurin-21.0.6+7"/>
    <property name="test.build.webapps" value=""/>
    <property name="develocity.listener.surefire.forkId" value="1"/>
    <property name="localRepository" value="/home/runner/.m2/repository"/>
    <property name="java.vendor.url.bug" value="https://github.com/adoptium/adoptium-support/issues"/>
    <property name="jetty.git.hash" value="df524e6b29271c2e09ba9aea83c18dc9db464a31"/>
    <property name="java.io.tmpdir" value="/tmp"/>
    <property name="require.test.libhadoop" value=""/>
    <property name="java.version" value="21.0.6"/>
    <property name="user.dir" value="/home/runner/work/ozone/ozone/hadoop-ozone/integration-test"/>
    <property name="os.arch" value="amd64"/>
    <property name="java.vm.specification.name" value="Java Virtual Machine Specification"/>
    <property name="test.build.classes" value="/home/runner/work/ozone/ozone/hadoop-ozone/integration-test/target/test-classes"/>
    <property name="org.apache.ratis.thirdparty.io.netty.allocator.useCacheForAllThreads" value="false"/>
    <property name="native.encoding" value="UTF-8"/>
    <property name="hadoop.tmp.dir" value="/home/runner/work/ozone/ozone/hadoop-ozone/integration-test/target/tmp"/>
    <property name="java.library.path" value="/usr/java/packages/lib:/usr/lib64:/lib64:/lib:/usr/lib"/>
    <property name="java.vm.info" value="mixed mode, sharing"/>
    <property name="stderr.encoding" value="UTF-8"/>
    <property name="java.vendor" value="Eclipse Adoptium"/>
    <property name="java.vm.version" value="21.0.6+7-LTS"/>
    <property name="sun.io.unicode.encoding" value="UnicodeLittle"/>
    <property name="develocity.listener.port" value="41523"/>
    <property name="java.class.version" value="65.0"/>
  </properties>
  <testcase name="testDeletingOrDeletedContainerTransitionsToClosedWhenNonEmptyReplicaIsReported(LifeCycleState)[1]" classname="org.apache.hadoop.ozone.container.TestContainerReportHandling" time="48.645">
    <system-out><![CDATA[2025-03-10 14:58:20,107 [main] WARN  server.ServerUtils (ServerUtils.java:getScmDbDir(141)) - ozone.scm.db.dirs is not configured. We recommend adding this setting. Falling back to ozone.metadata.dirs instead.
2025-03-10 14:58:20,308 [main] INFO  reflections.Reflections (Reflections.java:scan(219)) - Reflections took 174 ms to scan 7 urls, producing 166 keys and 389 values
2025-03-10 14:58:20,453 [main] INFO  ha.SCMHANodeDetails (SCMHANodeDetails.java:loadSCMHAConfig(162)) - ServiceID for StorageContainerManager is null
2025-03-10 14:58:20,454 [main] INFO  ha.SCMHANodeDetails (SCMHANodeDetails.java:loadSCMHAConfig(166)) - ozone.scm.default.service.id is not defined, falling back to ozone.scm.service.ids to find serviceID for StorageContainerManager if it is HA enabled cluster
2025-03-10 14:58:20,649 [main] INFO  server.RaftServerConfigKeys (ConfUtils.java:logGet(46)) - raft.server.log.appender.buffer.byte-limit = 4194304 (custom)
2025-03-10 14:58:20,676 [main] INFO  server.RaftServer (ConfUtils.java:logGet(46)) - raft.rpc.type = GRPC (default)
2025-03-10 14:58:20,732 [main] INFO  grpc.GrpcConfigKeys (ConfUtils.java:logFallback(53)) - raft.grpc.admin.host = null (fallback to raft.grpc.server.host)
2025-03-10 14:58:20,733 [main] INFO  grpc.GrpcConfigKeys (ConfUtils.java:logFallback(53)) - raft.grpc.admin.port = 15004 (fallback to raft.grpc.server.port)
2025-03-10 14:58:20,733 [main] INFO  grpc.GrpcConfigKeys (ConfUtils.java:logFallback(53)) - raft.grpc.client.host = null (fallback to raft.grpc.server.host)
2025-03-10 14:58:20,734 [main] INFO  grpc.GrpcConfigKeys (ConfUtils.java:logFallback(53)) - raft.grpc.client.port = 15004 (fallback to raft.grpc.server.port)
2025-03-10 14:58:20,734 [main] INFO  grpc.GrpcConfigKeys (ConfUtils.java:logGet(46)) - raft.grpc.server.host = null (default)
2025-03-10 14:58:20,734 [main] INFO  grpc.GrpcConfigKeys (ConfUtils.java:logGet(46)) - raft.grpc.server.port = 15004 (custom)
2025-03-10 14:58:20,736 [main] INFO  server.GrpcService (ConfUtils.java:logGet(46)) - raft.grpc.message.size.max = 5242880 (custom)
2025-03-10 14:58:20,736 [main] INFO  server.GrpcService (ConfUtils.java:logGet(46)) - raft.grpc.flow.control.window = 1MB (=1048576) (default)
2025-03-10 14:58:20,737 [main] INFO  server.RaftServerConfigKeys (ConfUtils.java:logGet(46)) - raft.server.rpc.request.timeout = 30000ms (custom)
2025-03-10 14:58:20,744 [main] INFO  grpc.GrpcConfigKeys (ConfUtils.java:logGet(46)) - raft.grpc.server.heartbeat.channel = true (default)
2025-03-10 14:58:20,745 [main] INFO  server.RaftServerConfigKeys (ConfUtils.java:logGet(46)) - raft.server.log.appender.buffer.byte-limit = 4194304 (custom)
2025-03-10 14:58:20,748 [main] INFO  grpc.GrpcConfigKeys (ConfUtils.java:logGet(46)) - raft.grpc.server.async.request.thread.pool.cached = true (default)
2025-03-10 14:58:20,749 [main] INFO  grpc.GrpcConfigKeys (ConfUtils.java:logGet(46)) - raft.grpc.server.async.request.thread.pool.size = 32 (default)
2025-03-10 14:58:20,936 [main] INFO  impl.DataStreamServerImpl (ConfUtils.java:logGet(46)) - raft.datastream.type = DISABLED (default)
2025-03-10 14:58:20,940 [main] INFO  server.RaftServerConfigKeys (ConfUtils.java:logGet(46)) - raft.server.sleep.deviation.threshold = 300ms (default)
2025-03-10 14:58:20,940 [main] INFO  server.RaftServerConfigKeys (ConfUtils.java:logGet(46)) - raft.server.close.threshold = 60s (default)
2025-03-10 14:58:20,941 [main] INFO  server.RaftServerConfigKeys (ConfUtils.java:logGet(46)) - raft.server.leaderelection.leader.step-down.wait-time = 10s (default)
2025-03-10 14:58:20,944 [main] INFO  server.RaftServerConfigKeys (ConfUtils.java:logGet(46)) - raft.server.storage.dir = [/home/runner/work/ozone/ozone/hadoop-ozone/integration-test/target/test-dir/MiniOzoneClusterImpl-c1e049f0-9043-4314-b8f3-2460433eb1a0/ozone-meta/scm-ha] (custom)
2025-03-10 14:58:20,945 [main] INFO  server.RaftServerConfigKeys (ConfUtils.java:logGet(46)) - raft.server.threadpool.proxy.cached = true (default)
2025-03-10 14:58:20,946 [main] INFO  server.RaftServerConfigKeys (ConfUtils.java:logGet(46)) - raft.server.threadpool.proxy.size = 0 (default)
2025-03-10 14:58:20,952 [main] INFO  server.RaftServer (RaftServerProxy.java:addNew(100)) - 768f1ebc-c18b-41d5-9534-8f528a8c3722: addNew group-2460433EB1A0:[768f1ebc-c18b-41d5-9534-8f528a8c3722|fv-az1384-231:15004] returns group-2460433EB1A0:java.util.concurrent.CompletableFuture@58fa5769[Not completed]
2025-03-10 14:58:20,966 [768f1ebc-c18b-41d5-9534-8f528a8c3722-groupManagement] INFO  server.RaftServer$Division (RaftServerImpl.java:<init>(255)) - 768f1ebc-c18b-41d5-9534-8f528a8c3722: new RaftServerImpl for group-2460433EB1A0:[768f1ebc-c18b-41d5-9534-8f528a8c3722|fv-az1384-231:15004] with SCMStateMachine:uninitialized
2025-03-10 14:58:20,967 [768f1ebc-c18b-41d5-9534-8f528a8c3722-groupManagement] INFO  server.RaftServerConfigKeys (ConfUtils.java:logGet(46)) - raft.server.rpc.timeout.min = 5000ms (custom)
2025-03-10 14:58:20,968 [768f1ebc-c18b-41d5-9534-8f528a8c3722-groupManagement] INFO  server.RaftServerConfigKeys (ConfUtils.java:logGet(46)) - raft.server.rpc.timeout.max = 5200ms (custom)
2025-03-10 14:58:20,969 [768f1ebc-c18b-41d5-9534-8f528a8c3722-groupManagement] INFO  server.RaftServerConfigKeys (ConfUtils.java:logGet(46)) - raft.server.rpc.sleep.time = 25ms (default)
2025-03-10 14:58:20,970 [768f1ebc-c18b-41d5-9534-8f528a8c3722-groupManagement] INFO  server.RaftServerConfigKeys (ConfUtils.java:logGet(46)) - raft.server.rpc.slowness.timeout = 120000ms (custom)
2025-03-10 14:58:20,970 [768f1ebc-c18b-41d5-9534-8f528a8c3722-groupManagement] INFO  server.RaftServerConfigKeys (ConfUtils.java:logGet(46)) - raft.server.leaderelection.leader.step-down.wait-time = 10s (default)
2025-03-10 14:58:20,970 [768f1ebc-c18b-41d5-9534-8f528a8c3722-groupManagement] INFO  server.RaftServerConfigKeys (ConfUtils.java:logGet(46)) - raft.server.leaderelection.member.majority-add = false (default)
2025-03-10 14:58:20,971 [768f1ebc-c18b-41d5-9534-8f528a8c3722-groupManagement] INFO  server.RaftServerConfigKeys (ConfUtils.java:logGet(46)) - raft.server.sleep.deviation.threshold = 300ms (default)
2025-03-10 14:58:20,976 [768f1ebc-c18b-41d5-9534-8f528a8c3722-groupManagement] INFO  server.RaftServer$Division (ServerState.java:<init>(114)) - 768f1ebc-c18b-41d5-9534-8f528a8c3722@group-2460433EB1A0: ConfigurationManager, init=conf: {index: -1, cur=peers:[768f1ebc-c18b-41d5-9534-8f528a8c3722|fv-az1384-231:15004]|listeners:[], old=null}, confs=<EMPTY_MAP>
2025-03-10 14:58:20,980 [768f1ebc-c18b-41d5-9534-8f528a8c3722-groupManagement] INFO  server.RaftServerConfigKeys (ConfUtils.java:logGet(46)) - raft.server.notification.no-leader.timeout = 60s (default)
2025-03-10 14:58:20,982 [768f1ebc-c18b-41d5-9534-8f528a8c3722-groupManagement] INFO  server.RaftServerConfigKeys (ConfUtils.java:logGet(46)) - raft.server.read.timeout = 10s (default)
2025-03-10 14:58:20,984 [768f1ebc-c18b-41d5-9534-8f528a8c3722-groupManagement] INFO  server.RaftServerConfigKeys (ConfUtils.java:logGet(46)) - raft.server.retrycache.expirytime = 60000ms (default)
2025-03-10 14:58:20,984 [768f1ebc-c18b-41d5-9534-8f528a8c3722-groupManagement] INFO  server.RaftServerConfigKeys (ConfUtils.java:logGet(46)) - raft.server.retrycache.statistics.expirytime = 100ms (default)
2025-03-10 14:58:20,987 [768f1ebc-c18b-41d5-9534-8f528a8c3722-groupManagement] INFO  server.RaftServerConfigKeys (ConfUtils.java:logGet(46)) - raft.server.read.option = DEFAULT (default)
2025-03-10 14:58:20,988 [768f1ebc-c18b-41d5-9534-8f528a8c3722-groupManagement] INFO  server.RaftServerConfigKeys (ConfUtils.java:logGet(46)) - raft.server.read.read-after-write-consistent.write-index-cache.expiry-time = 60s (default)
2025-03-10 14:58:21,116 [768f1ebc-c18b-41d5-9534-8f528a8c3722-groupManagement] INFO  server.RaftServerConfigKeys (ConfUtils.java:logGet(46)) - raft.server.rpc.request.timeout = 30000ms (custom)
2025-03-10 14:58:21,118 [768f1ebc-c18b-41d5-9534-8f528a8c3722-groupManagement] INFO  server.RaftServerConfigKeys (ConfUtils.java:logGet(46)) - raft.server.log.appender.install.snapshot.enabled = false (custom)
2025-03-10 14:58:21,119 [768f1ebc-c18b-41d5-9534-8f528a8c3722-groupManagement] INFO  server.RaftServerConfigKeys (ConfUtils.java:logGet(46)) - raft.server.threadpool.server.cached = true (default)
2025-03-10 14:58:21,119 [768f1ebc-c18b-41d5-9534-8f528a8c3722-groupManagement] INFO  server.RaftServerConfigKeys (ConfUtils.java:logGet(46)) - raft.server.threadpool.server.size = 0 (default)
2025-03-10 14:58:21,120 [768f1ebc-c18b-41d5-9534-8f528a8c3722-groupManagement] INFO  server.RaftServerConfigKeys (ConfUtils.java:logGet(46)) - raft.server.threadpool.client.cached = true (default)
2025-03-10 14:58:21,120 [768f1ebc-c18b-41d5-9534-8f528a8c3722-groupManagement] INFO  server.RaftServerConfigKeys (ConfUtils.java:logGet(46)) - raft.server.threadpool.client.size = 0 (default)
2025-03-10 14:58:21,122 [768f1ebc-c18b-41d5-9534-8f528a8c3722-impl-thread1] INFO  server.RaftServerConfigKeys (ConfUtils.java:logGet(46)) - raft.server.storage.free-space.min = 0MB (=0) (default)
2025-03-10 14:58:21,123 [768f1ebc-c18b-41d5-9534-8f528a8c3722-impl-thread1] INFO  server.RaftServerConfigKeys (ConfUtils.java:logGet(46)) - raft.server.log.corruption.policy = EXCEPTION (default)
2025-03-10 14:58:21,123 [768f1ebc-c18b-41d5-9534-8f528a8c3722-impl-thread1] INFO  server.RaftServerConfigKeys (ConfUtils.java:logGet(46)) - raft.server.storage.dir = [/home/runner/work/ozone/ozone/hadoop-ozone/integration-test/target/test-dir/MiniOzoneClusterImpl-c1e049f0-9043-4314-b8f3-2460433eb1a0/ozone-meta/scm-ha] (custom)
2025-03-10 14:58:21,128 [768f1ebc-c18b-41d5-9534-8f528a8c3722-impl-thread1] INFO  storage.RaftStorageDirectory (RaftStorageDirectoryImpl.java:analyzeStorage(138)) - The storage directory /home/runner/work/ozone/ozone/hadoop-ozone/integration-test/target/test-dir/MiniOzoneClusterImpl-c1e049f0-9043-4314-b8f3-2460433eb1a0/ozone-meta/scm-ha/c1e049f0-9043-4314-b8f3-2460433eb1a0 does not exist. Creating ...
2025-03-10 14:58:21,130 [768f1ebc-c18b-41d5-9534-8f528a8c3722-impl-thread1] INFO  storage.RaftStorageDirectory (RaftStorageDirectoryImpl.java:tryLock(229)) - Lock on /home/runner/work/ozone/ozone/hadoop-ozone/integration-test/target/test-dir/MiniOzoneClusterImpl-c1e049f0-9043-4314-b8f3-2460433eb1a0/ozone-meta/scm-ha/c1e049f0-9043-4314-b8f3-2460433eb1a0/in_use.lock acquired by nodename 139316@fv-az1384-231
2025-03-10 14:58:21,134 [768f1ebc-c18b-41d5-9534-8f528a8c3722-impl-thread1] INFO  storage.RaftStorage (RaftStorageImpl.java:format(98)) - Storage directory /home/runner/work/ozone/ozone/hadoop-ozone/integration-test/target/test-dir/MiniOzoneClusterImpl-c1e049f0-9043-4314-b8f3-2460433eb1a0/ozone-meta/scm-ha/c1e049f0-9043-4314-b8f3-2460433eb1a0 has been successfully formatted.
2025-03-10 14:58:21,136 [768f1ebc-c18b-41d5-9534-8f528a8c3722-impl-thread1] INFO  ha.SCMStateMachine (SCMStateMachine.java:lambda$initialize$0(138)) - 768f1ebc-c18b-41d5-9534-8f528a8c3722: initialize group-2460433EB1A0
2025-03-10 14:58:21,137 [768f1ebc-c18b-41d5-9534-8f528a8c3722-impl-thread1] INFO  server.RaftServerConfigKeys (ConfUtils.java:logGet(46)) - raft.server.log.use.memory = false (default)
2025-03-10 14:58:21,144 [768f1ebc-c18b-41d5-9534-8f528a8c3722-impl-thread1] INFO  server.RaftServerConfigKeys (ConfUtils.java:logGet(46)) - raft.server.log.purge.gap = 1000000 (custom)
2025-03-10 14:58:21,144 [768f1ebc-c18b-41d5-9534-8f528a8c3722-impl-thread1] INFO  server.RaftServerConfigKeys (ConfUtils.java:logGet(46)) - raft.server.log.appender.buffer.byte-limit = 4194304 (custom)
2025-03-10 14:58:21,145 [768f1ebc-c18b-41d5-9534-8f528a8c3722-impl-thread1] INFO  server.RaftServerConfigKeys (ConfUtils.java:logGet(46)) - raft.server.log.statemachine.data.read.timeout = 1000ms (default)
2025-03-10 14:58:21,146 [768f1ebc-c18b-41d5-9534-8f528a8c3722-impl-thread1] INFO  server.RaftServerConfigKeys (ConfUtils.java:logGet(46)) - raft.server.log.purge.preservation.log.num = 0 (default)
2025-03-10 14:58:21,149 [768f1ebc-c18b-41d5-9534-8f528a8c3722-impl-thread1] INFO  server.RaftServerConfigKeys (ConfUtils.java:logGet(46)) - raft.server.log.segment.size.max = 4194304 (custom)
2025-03-10 14:58:21,153 [768f1ebc-c18b-41d5-9534-8f528a8c3722-impl-thread1] INFO  server.RaftServerConfigKeys (ConfUtils.java:logGet(46)) - raft.server.log.segment.cache.num.max = 2 (custom)
2025-03-10 14:58:21,153 [768f1ebc-c18b-41d5-9534-8f528a8c3722-impl-thread1] INFO  server.RaftServerConfigKeys (ConfUtils.java:logGet(46)) - raft.server.log.segment.cache.size.max = 200MB (=209715200) (default)
2025-03-10 14:58:21,154 [768f1ebc-c18b-41d5-9534-8f528a8c3722-impl-thread1] INFO  server.RaftServerConfigKeys (ConfUtils.java:logGet(46)) - raft.server.log.appender.buffer.byte-limit = 4194304 (custom)
2025-03-10 14:58:21,155 [768f1ebc-c18b-41d5-9534-8f528a8c3722-impl-thread1] INFO  util.AwaitToRun (AwaitToRun.java:start(81)) - Thread[#38,768f1ebc-c18b-41d5-9534-8f528a8c3722@group-2460433EB1A0-cacheEviction-AwaitToRun,5,main] started
2025-03-10 14:58:21,159 [768f1ebc-c18b-41d5-9534-8f528a8c3722-impl-thread1] INFO  segmented.SegmentedRaftLogWorker (SegmentedRaftLogWorker.java:<init>(188)) - new 768f1ebc-c18b-41d5-9534-8f528a8c3722@group-2460433EB1A0-SegmentedRaftLogWorker for RaftStorageImpl:Storage Directory /home/runner/work/ozone/ozone/hadoop-ozone/integration-test/target/test-dir/MiniOzoneClusterImpl-c1e049f0-9043-4314-b8f3-2460433eb1a0/ozone-meta/scm-ha/c1e049f0-9043-4314-b8f3-2460433eb1a0
2025-03-10 14:58:21,160 [768f1ebc-c18b-41d5-9534-8f528a8c3722-impl-thread1] INFO  server.RaftServerConfigKeys (ConfUtils.java:logGet(46)) - raft.server.log.queue.byte-limit = 64MB (=67108864) (default)
2025-03-10 14:58:21,160 [768f1ebc-c18b-41d5-9534-8f528a8c3722-impl-thread1] INFO  server.RaftServerConfigKeys (ConfUtils.java:logGet(46)) - raft.server.log.queue.element-limit = 4096 (default)
2025-03-10 14:58:21,161 [768f1ebc-c18b-41d5-9534-8f528a8c3722-impl-thread1] INFO  server.RaftServerConfigKeys (ConfUtils.java:logGet(46)) - raft.server.log.segment.size.max = 4194304 (custom)
2025-03-10 14:58:21,162 [768f1ebc-c18b-41d5-9534-8f528a8c3722-impl-thread1] INFO  server.RaftServerConfigKeys (ConfUtils.java:logGet(46)) - raft.server.log.preallocated.size = 4194304 (custom)
2025-03-10 14:58:21,162 [768f1ebc-c18b-41d5-9534-8f528a8c3722-impl-thread1] INFO  server.RaftServerConfigKeys (ConfUtils.java:logGet(46)) - raft.server.log.force.sync.num = 128 (default)
2025-03-10 14:58:21,163 [768f1ebc-c18b-41d5-9534-8f528a8c3722-impl-thread1] INFO  server.RaftServerConfigKeys (ConfUtils.java:logGet(46)) - raft.server.log.statemachine.data.sync = true (default)
2025-03-10 14:58:21,163 [768f1ebc-c18b-41d5-9534-8f528a8c3722-impl-thread1] INFO  server.RaftServerConfigKeys (ConfUtils.java:logGet(46)) - raft.server.log.statemachine.data.sync.timeout = 10s (default)
2025-03-10 14:58:21,165 [768f1ebc-c18b-41d5-9534-8f528a8c3722-impl-thread1] INFO  server.RaftServerConfigKeys (ConfUtils.java:logGet(46)) - raft.server.log.statemachine.data.sync.timeout.retry = -1 (default)
2025-03-10 14:58:21,166 [768f1ebc-c18b-41d5-9534-8f528a8c3722-impl-thread1] INFO  server.RaftServerConfigKeys (ConfUtils.java:logGet(46)) - raft.server.log.write.buffer.size = 4194312 (custom)
2025-03-10 14:58:21,167 [768f1ebc-c18b-41d5-9534-8f528a8c3722-impl-thread1] INFO  server.RaftServerConfigKeys (ConfUtils.java:logGet(46)) - raft.server.log.appender.buffer.byte-limit = 4194304 (custom)
2025-03-10 14:58:21,168 [768f1ebc-c18b-41d5-9534-8f528a8c3722-impl-thread1] INFO  server.RaftServerConfigKeys (ConfUtils.java:logGet(46)) - raft.server.log.unsafe-flush.enabled = false (default)
2025-03-10 14:58:21,168 [768f1ebc-c18b-41d5-9534-8f528a8c3722-impl-thread1] INFO  server.RaftServerConfigKeys (ConfUtils.java:logGet(46)) - raft.server.log.async-flush.enabled = false (default)
2025-03-10 14:58:21,169 [768f1ebc-c18b-41d5-9534-8f528a8c3722-impl-thread1] INFO  server.RaftServerConfigKeys (ConfUtils.java:logGet(46)) - raft.server.log.statemachine.data.caching.enabled = false (default)
2025-03-10 14:58:21,174 [768f1ebc-c18b-41d5-9534-8f528a8c3722-impl-thread1] INFO  segmented.SegmentedRaftLogWorker (SegmentedRaftLogWorker.java:lambda$new$0(139)) - 768f1ebc-c18b-41d5-9534-8f528a8c3722@group-2460433EB1A0-SegmentedRaftLogWorker: flushIndex: setUnconditionally 0 -> -1
2025-03-10 14:58:21,174 [768f1ebc-c18b-41d5-9534-8f528a8c3722-impl-thread1] INFO  segmented.SegmentedRaftLogWorker (SegmentedRaftLogWorker.java:lambda$new$0(139)) - 768f1ebc-c18b-41d5-9534-8f528a8c3722@group-2460433EB1A0-SegmentedRaftLogWorker: safeCacheEvictIndex: setUnconditionally 0 -> -1
2025-03-10 14:58:21,176 [768f1ebc-c18b-41d5-9534-8f528a8c3722-impl-thread1] INFO  server.RaftServer$Division (RaftServerImpl.java:start(391)) - 768f1ebc-c18b-41d5-9534-8f528a8c3722@group-2460433EB1A0: start as a follower, conf=conf: {index: -1, cur=peers:[768f1ebc-c18b-41d5-9534-8f528a8c3722|fv-az1384-231:15004]|listeners:[], old=null}
2025-03-10 14:58:21,176 [768f1ebc-c18b-41d5-9534-8f528a8c3722-impl-thread1] INFO  server.RaftServer$Division (RaftServerImpl.java:setRole(378)) - 768f1ebc-c18b-41d5-9534-8f528a8c3722@group-2460433EB1A0: changes role from      null to FOLLOWER at term 0 for startAsFollower
2025-03-10 14:58:21,177 [768f1ebc-c18b-41d5-9534-8f528a8c3722-impl-thread1] INFO  impl.RoleInfo (RoleInfo.java:updateAndGet(148)) - 768f1ebc-c18b-41d5-9534-8f528a8c3722: start 768f1ebc-c18b-41d5-9534-8f528a8c3722@group-2460433EB1A0-FollowerState
2025-03-10 14:58:21,178 [768f1ebc-c18b-41d5-9534-8f528a8c3722@group-2460433EB1A0-FollowerState] INFO  server.RaftServerConfigKeys (ConfUtils.java:logFallback(53)) - raft.server.rpc.first-election.timeout.min = 5000ms (fallback to raft.server.rpc.timeout.min)
2025-03-10 14:58:21,178 [768f1ebc-c18b-41d5-9534-8f528a8c3722@group-2460433EB1A0-FollowerState] INFO  server.RaftServerConfigKeys (ConfUtils.java:logFallback(53)) - raft.server.rpc.first-election.timeout.max = 5200ms (fallback to raft.server.rpc.timeout.max)
2025-03-10 14:58:21,179 [768f1ebc-c18b-41d5-9534-8f528a8c3722-impl-thread1] INFO  util.JmxRegister (JmxRegister.java:tryRegister(44)) - Successfully registered JMX Bean with object name Ratis:service=RaftServer,group=group-2460433EB1A0,id=768f1ebc-c18b-41d5-9534-8f528a8c3722
2025-03-10 14:58:21,179 [768f1ebc-c18b-41d5-9534-8f528a8c3722-impl-thread1] INFO  util.JmxRegister (JmxRegister.java:register(58)) - register mxBean class org.apache.ratis.server.impl.RaftServerJmxAdapter as Ratis:service=RaftServer,group=group-2460433EB1A0,id=768f1ebc-c18b-41d5-9534-8f528a8c3722
2025-03-10 14:58:21,181 [768f1ebc-c18b-41d5-9534-8f528a8c3722-impl-thread1] INFO  server.RaftServerConfigKeys (ConfUtils.java:logGet(46)) - raft.server.snapshot.trigger-when-stop.enabled = true (default)
2025-03-10 14:58:21,181 [768f1ebc-c18b-41d5-9534-8f528a8c3722-impl-thread1] INFO  server.RaftServerConfigKeys (ConfUtils.java:logGet(46)) - raft.server.snapshot.trigger-when-remove.enabled = true (default)
2025-03-10 14:58:21,182 [768f1ebc-c18b-41d5-9534-8f528a8c3722-impl-thread1] INFO  server.RaftServerConfigKeys (ConfUtils.java:logGet(46)) - raft.server.snapshot.auto.trigger.enabled = true (custom)
2025-03-10 14:58:21,182 [768f1ebc-c18b-41d5-9534-8f528a8c3722-impl-thread1] INFO  server.RaftServerConfigKeys (ConfUtils.java:logGet(46)) - raft.server.snapshot.auto.trigger.threshold = 1000 (custom)
2025-03-10 14:58:21,182 [768f1ebc-c18b-41d5-9534-8f528a8c3722-impl-thread1] INFO  server.RaftServerConfigKeys (ConfUtils.java:logGet(46)) - raft.server.snapshot.retention.file.num = -1 (default)
2025-03-10 14:58:21,183 [768f1ebc-c18b-41d5-9534-8f528a8c3722-impl-thread1] INFO  server.RaftServerConfigKeys (ConfUtils.java:logGet(46)) - raft.server.log.purge.upto.snapshot.index = false (default)
2025-03-10 14:58:21,186 [768f1ebc-c18b-41d5-9534-8f528a8c3722-impl-thread1] INFO  server.RaftServer$Division (RaftServerImpl.java:start(405)) - 768f1ebc-c18b-41d5-9534-8f528a8c3722@group-2460433EB1A0: Successfully started.
2025-03-10 14:58:21,186 [main] INFO  server.RaftServer (RaftServerProxy.java:startImpl(407)) - 768f1ebc-c18b-41d5-9534-8f528a8c3722: start RPC server
2025-03-10 14:58:21,212 [main] INFO  server.GrpcService (GrpcService.java:startImpl(334)) - 768f1ebc-c18b-41d5-9534-8f528a8c3722: GrpcService started, listening on 15004
2025-03-10 14:58:21,214 [JvmPauseMonitor0] INFO  util.JvmPauseMonitor (JvmPauseMonitor.java:run(146)) - JvmPauseMonitor-768f1ebc-c18b-41d5-9534-8f528a8c3722: Started
2025-03-10 14:58:26,237 [768f1ebc-c18b-41d5-9534-8f528a8c3722@group-2460433EB1A0-FollowerState] INFO  impl.FollowerState (FollowerState.java:runImpl(161)) - 768f1ebc-c18b-41d5-9534-8f528a8c3722@group-2460433EB1A0-FollowerState: change to CANDIDATE, lastRpcElapsedTime:5060245705ns, electionTimeout:5058ms
2025-03-10 14:58:26,238 [768f1ebc-c18b-41d5-9534-8f528a8c3722@group-2460433EB1A0-FollowerState] INFO  impl.RoleInfo (RoleInfo.java:shutdownFollowerState(121)) - 768f1ebc-c18b-41d5-9534-8f528a8c3722: shutdown 768f1ebc-c18b-41d5-9534-8f528a8c3722@group-2460433EB1A0-FollowerState
2025-03-10 14:58:26,238 [768f1ebc-c18b-41d5-9534-8f528a8c3722@group-2460433EB1A0-FollowerState] INFO  server.RaftServer$Division (RaftServerImpl.java:setRole(378)) - 768f1ebc-c18b-41d5-9534-8f528a8c3722@group-2460433EB1A0: changes role from  FOLLOWER to CANDIDATE at term 0 for changeToCandidate
2025-03-10 14:58:26,240 [768f1ebc-c18b-41d5-9534-8f528a8c3722@group-2460433EB1A0-FollowerState] INFO  server.RaftServerConfigKeys (ConfUtils.java:logGet(46)) - raft.server.leaderelection.pre-vote = true (default)
2025-03-10 14:58:26,240 [768f1ebc-c18b-41d5-9534-8f528a8c3722@group-2460433EB1A0-FollowerState] INFO  impl.RoleInfo (RoleInfo.java:updateAndGet(148)) - 768f1ebc-c18b-41d5-9534-8f528a8c3722: start 768f1ebc-c18b-41d5-9534-8f528a8c3722@group-2460433EB1A0-LeaderElection1
2025-03-10 14:58:26,242 [768f1ebc-c18b-41d5-9534-8f528a8c3722@group-2460433EB1A0-LeaderElection1] INFO  impl.LeaderElection (LeaderElection.java:askForVotes(332)) - 768f1ebc-c18b-41d5-9534-8f528a8c3722@group-2460433EB1A0-LeaderElection1 PRE_VOTE round 0: submit vote requests at term 0 for conf: {index: -1, cur=peers:[768f1ebc-c18b-41d5-9534-8f528a8c3722|fv-az1384-231:15004]|listeners:[], old=null}
2025-03-10 14:58:26,243 [768f1ebc-c18b-41d5-9534-8f528a8c3722@group-2460433EB1A0-LeaderElection1] INFO  impl.LeaderElection (LeaderElection.java:askForVotes(334)) - 768f1ebc-c18b-41d5-9534-8f528a8c3722@group-2460433EB1A0-LeaderElection1 PRE_VOTE round 0: result PASSED (term=0)
2025-03-10 14:58:26,245 [768f1ebc-c18b-41d5-9534-8f528a8c3722@group-2460433EB1A0-LeaderElection1] INFO  impl.LeaderElection (LeaderElection.java:askForVotes(332)) - 768f1ebc-c18b-41d5-9534-8f528a8c3722@group-2460433EB1A0-LeaderElection1 ELECTION round 0: submit vote requests at term 1 for conf: {index: -1, cur=peers:[768f1ebc-c18b-41d5-9534-8f528a8c3722|fv-az1384-231:15004]|listeners:[], old=null}
2025-03-10 14:58:26,245 [768f1ebc-c18b-41d5-9534-8f528a8c3722@group-2460433EB1A0-LeaderElection1] INFO  impl.LeaderElection (LeaderElection.java:askForVotes(334)) - 768f1ebc-c18b-41d5-9534-8f528a8c3722@group-2460433EB1A0-LeaderElection1 ELECTION round 0: result PASSED (term=1)
2025-03-10 14:58:26,245 [768f1ebc-c18b-41d5-9534-8f528a8c3722@group-2460433EB1A0-LeaderElection1] INFO  impl.RoleInfo (RoleInfo.java:shutdownLeaderElection(141)) - 768f1ebc-c18b-41d5-9534-8f528a8c3722: shutdown 768f1ebc-c18b-41d5-9534-8f528a8c3722@group-2460433EB1A0-LeaderElection1
2025-03-10 14:58:26,246 [768f1ebc-c18b-41d5-9534-8f528a8c3722@group-2460433EB1A0-LeaderElection1] INFO  server.RaftServer$Division (RaftServerImpl.java:setRole(378)) - 768f1ebc-c18b-41d5-9534-8f528a8c3722@group-2460433EB1A0: changes role from CANDIDATE to LEADER at term 1 for changeToLeader
2025-03-10 14:58:26,249 [768f1ebc-c18b-41d5-9534-8f528a8c3722@group-2460433EB1A0-LeaderElection1] INFO  server.RaftServerConfigKeys (ConfUtils.java:logGet(46)) - raft.server.staging.catchup.gap = 1000 (default)
2025-03-10 14:58:26,252 [768f1ebc-c18b-41d5-9534-8f528a8c3722@group-2460433EB1A0-LeaderElection1] INFO  server.RaftServerConfigKeys (ConfUtils.java:logGet(46)) - raft.server.write.element-limit = 4096 (default)
2025-03-10 14:58:26,252 [768f1ebc-c18b-41d5-9534-8f528a8c3722@group-2460433EB1A0-LeaderElection1] INFO  server.RaftServerConfigKeys (ConfUtils.java:logGet(46)) - raft.server.write.byte-limit = 64MB (=67108864) (default)
2025-03-10 14:58:26,255 [768f1ebc-c18b-41d5-9534-8f528a8c3722@group-2460433EB1A0-LeaderElection1] INFO  server.RaftServerConfigKeys (ConfUtils.java:logGet(46)) - raft.server.watch.timeout = 10s (default)
2025-03-10 14:58:26,255 [768f1ebc-c18b-41d5-9534-8f528a8c3722@group-2460433EB1A0-LeaderElection1] INFO  server.RaftServerConfigKeys (ConfUtils.java:logGet(46)) - raft.server.watch.timeout.denomination = 1s (default)
2025-03-10 14:58:26,255 [768f1ebc-c18b-41d5-9534-8f528a8c3722@group-2460433EB1A0-LeaderElection1] INFO  server.RaftServerConfigKeys (ConfUtils.java:logGet(46)) - raft.server.watch.element-limit = 65536 (default)
2025-03-10 14:58:26,261 [768f1ebc-c18b-41d5-9534-8f528a8c3722@group-2460433EB1A0-LeaderElection1] INFO  server.RaftServerConfigKeys (ConfUtils.java:logGet(46)) - raft.server.read.leader.lease.enabled = false (default)
2025-03-10 14:58:26,262 [768f1ebc-c18b-41d5-9534-8f528a8c3722@group-2460433EB1A0-LeaderElection1] INFO  server.RaftServerConfigKeys (ConfUtils.java:logGet(46)) - raft.server.read.leader.lease.timeout.ratio = 0.9 (default)
2025-03-10 14:58:26,262 [768f1ebc-c18b-41d5-9534-8f528a8c3722@group-2460433EB1A0-LeaderElection1] INFO  server.RaftServerConfigKeys (ConfUtils.java:logGet(46)) - raft.server.rpc.timeout.min = 5000ms (custom)
2025-03-10 14:58:26,262 [768f1ebc-c18b-41d5-9534-8f528a8c3722@group-2460433EB1A0-LeaderElection1] INFO  server.RaftServerConfigKeys (ConfUtils.java:logGet(46)) - raft.server.log.log-metadata.enabled = true (default)
2025-03-10 14:58:26,262 [768f1ebc-c18b-41d5-9534-8f528a8c3722@group-2460433EB1A0-LeaderElection1] INFO  server.RaftServerConfigKeys (ConfUtils.java:logGet(46)) - raft.server.write.element-limit = 4096 (default)
2025-03-10 14:58:26,263 [768f1ebc-c18b-41d5-9534-8f528a8c3722@group-2460433EB1A0-LeaderElection1] INFO  server.RaftServerConfigKeys (ConfUtils.java:logGet(46)) - raft.server.write.follower.gap.ratio.max = -1.0 (default)
2025-03-10 14:58:26,264 [768f1ebc-c18b-41d5-9534-8f528a8c3722@group-2460433EB1A0-LeaderElection1] INFO  impl.RoleInfo (RoleInfo.java:updateAndGet(148)) - 768f1ebc-c18b-41d5-9534-8f528a8c3722: start 768f1ebc-c18b-41d5-9534-8f528a8c3722@group-2460433EB1A0-LeaderStateImpl
2025-03-10 14:58:26,264 [768f1ebc-c18b-41d5-9534-8f528a8c3722@group-2460433EB1A0-LeaderElection1] INFO  server.RaftServer$Division (RaftServerImpl.java:setFirstElection(562)) - 768f1ebc-c18b-41d5-9534-8f528a8c3722@group-2460433EB1A0: set firstElectionSinceStartup to false for becomeLeader
2025-03-10 14:58:26,264 [768f1ebc-c18b-41d5-9534-8f528a8c3722@group-2460433EB1A0-LeaderElection1] INFO  server.RaftServer$Division (ServerState.java:setLeader(272)) - 768f1ebc-c18b-41d5-9534-8f528a8c3722@group-2460433EB1A0: change Leader from null to 768f1ebc-c18b-41d5-9534-8f528a8c3722 at term 1 for becomeLeader, leader elected after 5284ms
2025-03-10 14:58:26,276 [768f1ebc-c18b-41d5-9534-8f528a8c3722@group-2460433EB1A0-LeaderElection1] INFO  segmented.SegmentedRaftLogWorker (SegmentedRaftLogWorker.java:startLogSegment(438)) - 768f1ebc-c18b-41d5-9534-8f528a8c3722@group-2460433EB1A0-SegmentedRaftLogWorker: Starting segment from index:0
2025-03-10 14:58:26,289 [768f1ebc-c18b-41d5-9534-8f528a8c3722@group-2460433EB1A0-LeaderElection1] INFO  server.RaftServer$Division (ServerState.java:setRaftConf(386)) - 768f1ebc-c18b-41d5-9534-8f528a8c3722@group-2460433EB1A0: set configuration conf: {index: 0, cur=peers:[768f1ebc-c18b-41d5-9534-8f528a8c3722|fv-az1384-231:15004]|listeners:[], old=null}
2025-03-10 14:58:26,298 [768f1ebc-c18b-41d5-9534-8f528a8c3722@group-2460433EB1A0-SegmentedRaftLogWorker] INFO  segmented.BufferedWriteChannel (BufferedWriteChannel.java:open(61)) - open log_inprogress_0 at position 0
2025-03-10 14:58:26,307 [768f1ebc-c18b-41d5-9534-8f528a8c3722@group-2460433EB1A0-SegmentedRaftLogWorker] INFO  segmented.SegmentedRaftLogWorker (SegmentedRaftLogWorker.java:execute(644)) - 768f1ebc-c18b-41d5-9534-8f528a8c3722@group-2460433EB1A0-SegmentedRaftLogWorker: created new log segment /home/runner/work/ozone/ozone/hadoop-ozone/integration-test/target/test-dir/MiniOzoneClusterImpl-c1e049f0-9043-4314-b8f3-2460433eb1a0/ozone-meta/scm-ha/c1e049f0-9043-4314-b8f3-2460433eb1a0/current/log_inprogress_0
2025-03-10 14:58:26,315 [768f1ebc-c18b-41d5-9534-8f528a8c3722@group-2460433EB1A0-StateMachineUpdater] INFO  server.RaftServer$Division (LeaderStateImpl.java:checkStartIndex(313)) - Leader 768f1ebc-c18b-41d5-9534-8f528a8c3722@group-2460433EB1A0-LeaderStateImpl is ready since appliedIndex == startIndex == 0
2025-03-10 14:58:27,215 [main] INFO  server.RaftServer (RaftServerProxy.java:lambda$close$9(417)) - 768f1ebc-c18b-41d5-9534-8f528a8c3722: close
2025-03-10 14:58:27,216 [768f1ebc-c18b-41d5-9534-8f528a8c3722-impl-thread1] INFO  server.RaftServer$Division (RaftServerImpl.java:lambda$close$1(513)) - 768f1ebc-c18b-41d5-9534-8f528a8c3722@group-2460433EB1A0: shutdown
2025-03-10 14:58:27,216 [main] INFO  server.GrpcService (GrpcService.java:closeImpl(343)) - 768f1ebc-c18b-41d5-9534-8f528a8c3722: shutdown server GrpcServerProtocolService now
2025-03-10 14:58:27,216 [768f1ebc-c18b-41d5-9534-8f528a8c3722-impl-thread1] INFO  util.JmxRegister (JmxRegister.java:unregister(74)) - Successfully un-registered JMX Bean with object name Ratis:service=RaftServer,group=group-2460433EB1A0,id=768f1ebc-c18b-41d5-9534-8f528a8c3722
2025-03-10 14:58:27,216 [768f1ebc-c18b-41d5-9534-8f528a8c3722-impl-thread1] INFO  impl.RoleInfo (RoleInfo.java:shutdownLeaderState(103)) - 768f1ebc-c18b-41d5-9534-8f528a8c3722: shutdown 768f1ebc-c18b-41d5-9534-8f528a8c3722@group-2460433EB1A0-LeaderStateImpl
2025-03-10 14:58:27,220 [768f1ebc-c18b-41d5-9534-8f528a8c3722-impl-thread1] INFO  impl.PendingRequests (PendingRequests.java:sendNotLeaderResponses(287)) - 768f1ebc-c18b-41d5-9534-8f528a8c3722@group-2460433EB1A0-PendingRequests: sendNotLeaderResponses
2025-03-10 14:58:27,222 [main] INFO  server.GrpcService (GrpcService.java:closeImpl(352)) - 768f1ebc-c18b-41d5-9534-8f528a8c3722: shutdown server GrpcServerProtocolService successfully
2025-03-10 14:58:27,223 [768f1ebc-c18b-41d5-9534-8f528a8c3722-impl-thread1] INFO  impl.StateMachineUpdater (StateMachineUpdater.java:stopAndJoin(164)) - 768f1ebc-c18b-41d5-9534-8f528a8c3722@group-2460433EB1A0-StateMachineUpdater: set stopIndex = 0
2025-03-10 14:58:27,224 [768f1ebc-c18b-41d5-9534-8f528a8c3722@group-2460433EB1A0-StateMachineUpdater] INFO  impl.StateMachineUpdater (StateMachineUpdater.java:takeSnapshot(303)) - 768f1ebc-c18b-41d5-9534-8f528a8c3722@group-2460433EB1A0-StateMachineUpdater: Took a snapshot at index 0
2025-03-10 14:58:27,224 [768f1ebc-c18b-41d5-9534-8f528a8c3722@group-2460433EB1A0-StateMachineUpdater] INFO  impl.StateMachineUpdater (StateMachineUpdater.java:lambda$new$0(102)) - 768f1ebc-c18b-41d5-9534-8f528a8c3722@group-2460433EB1A0-StateMachineUpdater: snapshotIndex: updateIncreasingly -1 -> 0
2025-03-10 14:58:27,226 [768f1ebc-c18b-41d5-9534-8f528a8c3722@group-2460433EB1A0-StateMachineUpdater] INFO  impl.StateMachineUpdater (StateMachineUpdater.java:stop(141)) - 768f1ebc-c18b-41d5-9534-8f528a8c3722@group-2460433EB1A0-StateMachineUpdater: closing SCMStateMachine, lastApplied=(t:1, i:0)
2025-03-10 14:58:27,227 [768f1ebc-c18b-41d5-9534-8f528a8c3722@group-2460433EB1A0-cacheEviction-AwaitToRun] INFO  util.AwaitToRun (AwaitToRun.java:run(49)) - 768f1ebc-c18b-41d5-9534-8f528a8c3722@group-2460433EB1A0-cacheEviction-AwaitToRun-AwaitForSignal is interrupted
2025-03-10 14:58:27,312 [768f1ebc-c18b-41d5-9534-8f528a8c3722-impl-thread1] INFO  segmented.SegmentedRaftLogWorker (SegmentedRaftLogWorker.java:close(252)) - 768f1ebc-c18b-41d5-9534-8f528a8c3722@group-2460433EB1A0-SegmentedRaftLogWorker close()
2025-03-10 14:58:27,318 [JvmPauseMonitor0] INFO  util.JvmPauseMonitor (JvmPauseMonitor.java:run(152)) - JvmPauseMonitor-768f1ebc-c18b-41d5-9534-8f528a8c3722: Stopped
2025-03-10 14:58:27,346 [main] WARN  server.ServerUtils (ServerUtils.java:getScmDbDir(141)) - ozone.scm.db.dirs is not configured. We recommend adding this setting. Falling back to ozone.metadata.dirs instead.
2025-03-10 14:58:27,348 [main] INFO  ha.SCMHANodeDetails (SCMHANodeDetails.java:loadSCMHAConfig(162)) - ServiceID for StorageContainerManager is null
2025-03-10 14:58:27,348 [main] INFO  ha.SCMHANodeDetails (SCMHANodeDetails.java:loadSCMHAConfig(166)) - ozone.scm.default.service.id is not defined, falling back to ozone.scm.service.ids to find serviceID for StorageContainerManager if it is HA enabled cluster
2025-03-10 14:58:27,774 [main] WARN  utils.HAUtils (HAUtils.java:getMetaDir(337)) - ozone.scm.db.dirs is not configured. We recommend adding this setting. Falling back to ozone.metadata.dirs instead.
2025-03-10 14:58:27,887 [main] WARN  db.DBStoreBuilder (DBStoreBuilder.java:getDBDirPath(169)) - ozone.scm.db.dirs is not configured. We recommend adding this setting. Falling back to ozone.metadata.dirs instead.
2025-03-10 14:58:28,029 [main] INFO  net.NodeSchemaLoader (NodeSchemaLoader.java:loadSchemaFromFile(127)) - Loading schema from [jar:file:/home/runner/work/ozone/ozone/hadoop-hdds/common/target/hdds-common-2.0.0-SNAPSHOT.jar!/network-topology-default.xml]
2025-03-10 14:58:28,030 [main] INFO  net.NodeSchemaLoader (NodeSchemaLoader.java:loadSchema(174)) - Loading network topology layer schema file
2025-03-10 14:58:28,137 [main] INFO  ha.SCMRatisServerImpl (SCMRatisServerImpl.java:<init>(100)) - starting Raft server for scm:768f1ebc-c18b-41d5-9534-8f528a8c3722
2025-03-10 14:58:28,141 [main] INFO  server.RaftServerConfigKeys (ConfUtils.java:logGet(46)) - raft.server.log.appender.buffer.byte-limit = 4194304 (custom)
2025-03-10 14:58:28,144 [main] INFO  server.RaftServer (ConfUtils.java:logGet(46)) - raft.rpc.type = GRPC (default)
2025-03-10 14:58:28,144 [main] INFO  grpc.GrpcConfigKeys (ConfUtils.java:logFallback(53)) - raft.grpc.admin.host = null (fallback to raft.grpc.server.host)
2025-03-10 14:58:28,144 [main] INFO  grpc.GrpcConfigKeys (ConfUtils.java:logFallback(53)) - raft.grpc.admin.port = 15004 (fallback to raft.grpc.server.port)
2025-03-10 14:58:28,144 [main] INFO  grpc.GrpcConfigKeys (ConfUtils.java:logFallback(53)) - raft.grpc.client.host = null (fallback to raft.grpc.server.host)
2025-03-10 14:58:28,145 [main] INFO  grpc.GrpcConfigKeys (ConfUtils.java:logFallback(53)) - raft.grpc.client.port = 15004 (fallback to raft.grpc.server.port)
2025-03-10 14:58:28,145 [main] INFO  grpc.GrpcConfigKeys (ConfUtils.java:logGet(46)) - raft.grpc.server.host = null (default)
2025-03-10 14:58:28,145 [main] INFO  grpc.GrpcConfigKeys (ConfUtils.java:logGet(46)) - raft.grpc.server.port = 15004 (custom)
2025-03-10 14:58:28,145 [main] INFO  server.GrpcService (ConfUtils.java:logGet(46)) - raft.grpc.message.size.max = 5242880 (custom)
2025-03-10 14:58:28,146 [main] INFO  server.GrpcService (ConfUtils.java:logGet(46)) - raft.grpc.flow.control.window = 1MB (=1048576) (default)
2025-03-10 14:58:28,146 [main] INFO  server.RaftServerConfigKeys (ConfUtils.java:logGet(46)) - raft.server.rpc.request.timeout = 30000ms (custom)
2025-03-10 14:58:28,146 [main] INFO  grpc.GrpcConfigKeys (ConfUtils.java:logGet(46)) - raft.grpc.server.heartbeat.channel = true (default)
2025-03-10 14:58:28,146 [main] INFO  server.RaftServerConfigKeys (ConfUtils.java:logGet(46)) - raft.server.log.appender.buffer.byte-limit = 4194304 (custom)
2025-03-10 14:58:28,146 [main] INFO  grpc.GrpcConfigKeys (ConfUtils.java:logGet(46)) - raft.grpc.server.async.request.thread.pool.cached = true (default)
2025-03-10 14:58:28,147 [main] INFO  grpc.GrpcConfigKeys (ConfUtils.java:logGet(46)) - raft.grpc.server.async.request.thread.pool.size = 32 (default)
2025-03-10 14:58:28,148 [main] INFO  impl.DataStreamServerImpl (ConfUtils.java:logGet(46)) - raft.datastream.type = DISABLED (default)
2025-03-10 14:58:28,148 [main] INFO  server.RaftServerConfigKeys (ConfUtils.java:logGet(46)) - raft.server.sleep.deviation.threshold = 300ms (default)
2025-03-10 14:58:28,148 [main] INFO  server.RaftServerConfigKeys (ConfUtils.java:logGet(46)) - raft.server.close.threshold = 60s (default)
2025-03-10 14:58:28,149 [main] INFO  server.RaftServerConfigKeys (ConfUtils.java:logGet(46)) - raft.server.leaderelection.leader.step-down.wait-time = 10s (default)
2025-03-10 14:58:28,149 [main] INFO  server.RaftServerConfigKeys (ConfUtils.java:logGet(46)) - raft.server.storage.dir = [/home/runner/work/ozone/ozone/hadoop-ozone/integration-test/target/test-dir/MiniOzoneClusterImpl-c1e049f0-9043-4314-b8f3-2460433eb1a0/ozone-meta/scm-ha] (custom)
2025-03-10 14:58:28,149 [main] INFO  server.RaftServerConfigKeys (ConfUtils.java:logGet(46)) - raft.server.threadpool.proxy.cached = true (default)
2025-03-10 14:58:28,150 [main] INFO  server.RaftServerConfigKeys (ConfUtils.java:logGet(46)) - raft.server.threadpool.proxy.size = 0 (default)
2025-03-10 14:58:28,150 [768f1ebc-c18b-41d5-9534-8f528a8c3722-impl-thread1] INFO  server.RaftServer (RaftServerProxy.java:initGroupDir(265)) - 768f1ebc-c18b-41d5-9534-8f528a8c3722: found a subdirectory /home/runner/work/ozone/ozone/hadoop-ozone/integration-test/target/test-dir/MiniOzoneClusterImpl-c1e049f0-9043-4314-b8f3-2460433eb1a0/ozone-meta/scm-ha/c1e049f0-9043-4314-b8f3-2460433eb1a0
2025-03-10 14:58:28,151 [main] INFO  server.RaftServer (RaftServerProxy.java:addNew(100)) - 768f1ebc-c18b-41d5-9534-8f528a8c3722: addNew group-2460433EB1A0:[] returns group-2460433EB1A0:java.util.concurrent.CompletableFuture@4416e18d[Not completed]
2025-03-10 14:58:28,154 [768f1ebc-c18b-41d5-9534-8f528a8c3722-groupManagement] INFO  server.RaftServer$Division (RaftServerImpl.java:<init>(255)) - 768f1ebc-c18b-41d5-9534-8f528a8c3722: new RaftServerImpl for group-2460433EB1A0:[] with SCMStateMachine:uninitialized
2025-03-10 14:58:28,155 [768f1ebc-c18b-41d5-9534-8f528a8c3722-groupManagement] INFO  server.RaftServerConfigKeys (ConfUtils.java:logGet(46)) - raft.server.rpc.timeout.min = 5000ms (custom)
2025-03-10 14:58:28,155 [768f1ebc-c18b-41d5-9534-8f528a8c3722-groupManagement] INFO  server.RaftServerConfigKeys (ConfUtils.java:logGet(46)) - raft.server.rpc.timeout.max = 5200ms (custom)
2025-03-10 14:58:28,155 [768f1ebc-c18b-41d5-9534-8f528a8c3722-groupManagement] INFO  server.RaftServerConfigKeys (ConfUtils.java:logGet(46)) - raft.server.rpc.sleep.time = 25ms (default)
2025-03-10 14:58:28,156 [768f1ebc-c18b-41d5-9534-8f528a8c3722-groupManagement] INFO  server.RaftServerConfigKeys (ConfUtils.java:logGet(46)) - raft.server.rpc.slowness.timeout = 120000ms (custom)
2025-03-10 14:58:28,156 [768f1ebc-c18b-41d5-9534-8f528a8c3722-groupManagement] INFO  server.RaftServerConfigKeys (ConfUtils.java:logGet(46)) - raft.server.leaderelection.leader.step-down.wait-time = 10s (default)
2025-03-10 14:58:28,156 [768f1ebc-c18b-41d5-9534-8f528a8c3722-groupManagement] INFO  server.RaftServerConfigKeys (ConfUtils.java:logGet(46)) - raft.server.leaderelection.member.majority-add = false (default)
2025-03-10 14:58:28,156 [768f1ebc-c18b-41d5-9534-8f528a8c3722-groupManagement] INFO  server.RaftServerConfigKeys (ConfUtils.java:logGet(46)) - raft.server.sleep.deviation.threshold = 300ms (default)
2025-03-10 14:58:28,156 [768f1ebc-c18b-41d5-9534-8f528a8c3722-groupManagement] INFO  server.RaftServer$Division (ServerState.java:<init>(114)) - 768f1ebc-c18b-41d5-9534-8f528a8c3722@group-2460433EB1A0: ConfigurationManager, init=conf: {index: -1, cur=peers:[]|listeners:[], old=null}, confs=<EMPTY_MAP>
2025-03-10 14:58:28,156 [768f1ebc-c18b-41d5-9534-8f528a8c3722-groupManagement] INFO  server.RaftServerConfigKeys (ConfUtils.java:logGet(46)) - raft.server.notification.no-leader.timeout = 60s (default)
2025-03-10 14:58:28,156 [768f1ebc-c18b-41d5-9534-8f528a8c3722-groupManagement] INFO  server.RaftServerConfigKeys (ConfUtils.java:logGet(46)) - raft.server.read.timeout = 10s (default)
2025-03-10 14:58:28,157 [768f1ebc-c18b-41d5-9534-8f528a8c3722-groupManagement] INFO  server.RaftServerConfigKeys (ConfUtils.java:logGet(46)) - raft.server.retrycache.expirytime = 60000ms (default)
2025-03-10 14:58:28,157 [768f1ebc-c18b-41d5-9534-8f528a8c3722-groupManagement] INFO  server.RaftServerConfigKeys (ConfUtils.java:logGet(46)) - raft.server.retrycache.statistics.expirytime = 100ms (default)
2025-03-10 14:58:28,157 [768f1ebc-c18b-41d5-9534-8f528a8c3722-groupManagement] INFO  server.RaftServerConfigKeys (ConfUtils.java:logGet(46)) - raft.server.read.option = DEFAULT (default)
2025-03-10 14:58:28,157 [768f1ebc-c18b-41d5-9534-8f528a8c3722-groupManagement] INFO  server.RaftServerConfigKeys (ConfUtils.java:logGet(46)) - raft.server.read.read-after-write-consistent.write-index-cache.expiry-time = 60s (default)
2025-03-10 14:58:28,166 [768f1ebc-c18b-41d5-9534-8f528a8c3722-groupManagement] INFO  server.RaftServerConfigKeys (ConfUtils.java:logGet(46)) - raft.server.rpc.request.timeout = 30000ms (custom)
2025-03-10 14:58:28,166 [768f1ebc-c18b-41d5-9534-8f528a8c3722-groupManagement] INFO  server.RaftServerConfigKeys (ConfUtils.java:logGet(46)) - raft.server.log.appender.install.snapshot.enabled = false (custom)
2025-03-10 14:58:28,167 [768f1ebc-c18b-41d5-9534-8f528a8c3722-groupManagement] INFO  server.RaftServerConfigKeys (ConfUtils.java:logGet(46)) - raft.server.threadpool.server.cached = true (default)
2025-03-10 14:58:28,167 [768f1ebc-c18b-41d5-9534-8f528a8c3722-groupManagement] INFO  server.RaftServerConfigKeys (ConfUtils.java:logGet(46)) - raft.server.threadpool.server.size = 0 (default)
2025-03-10 14:58:28,167 [768f1ebc-c18b-41d5-9534-8f528a8c3722-groupManagement] INFO  server.RaftServerConfigKeys (ConfUtils.java:logGet(46)) - raft.server.threadpool.client.cached = true (default)
2025-03-10 14:58:28,167 [768f1ebc-c18b-41d5-9534-8f528a8c3722-groupManagement] INFO  server.RaftServerConfigKeys (ConfUtils.java:logGet(46)) - raft.server.threadpool.client.size = 0 (default)
2025-03-10 14:58:28,169 [main] INFO  ha.SCMSnapshotProvider (SCMSnapshotProvider.java:<init>(62)) - Initializing SCM Snapshot Provider
2025-03-10 14:58:28,170 [main] WARN  server.ServerUtils (ServerUtils.java:getDefaultRatisDirectory(309)) - Storage directory for Ratis is not configured. It is a good idea to map this to an SSD disk. Falling back to ozone.metadata.dirs
2025-03-10 14:58:28,170 [main] WARN  ha.SCMHAUtils (SCMHAUtils.java:getSCMRatisSnapshotDirectory(120)) - SCM snapshot dir is not configured. Falling back to ozone.metadata.dirs config
2025-03-10 14:58:28,195 [main] INFO  upgrade.AbstractLayoutVersionManager (AbstractLayoutVersionManager.java:init(80)) - Initializing Layout version manager with metadata layout = HBASE_SUPPORT (version = 8), software layout = HBASE_SUPPORT (version = 8)
2025-03-10 14:58:28,223 [main] INFO  ha.SequenceIdGenerator (SequenceIdGenerator.java:upgradeToSequenceId(362)) - upgrade localId to 115816896921600000
2025-03-10 14:58:28,225 [main] INFO  ha.SequenceIdGenerator (SequenceIdGenerator.java:upgradeToSequenceId(372)) - upgrade delTxnId to 0
2025-03-10 14:58:28,231 [main] INFO  ha.SequenceIdGenerator (SequenceIdGenerator.java:upgradeToSequenceId(389)) - upgrade containerId to 0
2025-03-10 14:58:28,234 [main] INFO  ha.SequenceIdGenerator (SequenceIdGenerator.java:upgradeToCertificateSequenceId(426)) - upgrade CertificateId to 2
2025-03-10 14:58:28,236 [main] INFO  ha.SequenceIdGenerator (SequenceIdGenerator.java:<init>(239)) - Init the HA SequenceIdGenerator.
2025-03-10 14:58:28,287 [main] INFO  node.SCMNodeManager (SCMNodeManager.java:<init>(179)) - Entering startup safe mode.
2025-03-10 14:58:28,299 [main] INFO  algorithms.ContainerPlacementPolicyFactory (ContainerPlacementPolicyFactory.java:getPolicyInternal(85)) - Create container placement policy of type org.apache.hadoop.hdds.scm.container.placement.algorithms.SCMContainerPlacementRackAware
2025-03-10 14:58:28,304 [main] INFO  algorithms.ContainerPlacementPolicyFactory (ContainerPlacementPolicyFactory.java:getPolicyInternal(85)) - Create container placement policy of type org.apache.hadoop.hdds.scm.container.placement.algorithms.SCMContainerPlacementRackScatter
2025-03-10 14:58:28,313 [main] INFO  pipeline.PipelineStateManagerImpl (PipelineStateManagerImpl.java:initialize(75)) - No pipeline exists in current db
2025-03-10 14:58:28,324 [main] INFO  algorithms.LeaderChoosePolicyFactory (LeaderChoosePolicyFactory.java:getPolicy(56)) - Create leader choose policy of type org.apache.hadoop.hdds.scm.pipeline.leader.choose.algorithms.MinLeaderCountChoosePolicy
2025-03-10 14:58:28,325 [main] INFO  algorithms.ContainerPlacementPolicyFactory (ContainerPlacementPolicyFactory.java:getPolicyInternal(85)) - Create container placement policy of type org.apache.hadoop.hdds.scm.container.placement.algorithms.SCMContainerPlacementRackScatter
2025-03-10 14:58:28,330 [main] INFO  ha.SCMServiceManager (SCMServiceManager.java:register(42)) - Registering service BackgroundPipelineCreator.
2025-03-10 14:58:28,330 [main] INFO  pipeline.BackgroundPipelineCreator (BackgroundPipelineCreator.java:start(127)) - Starting RatisPipelineUtilsThread.
2025-03-10 14:58:28,333 [main] INFO  BackgroundPipelineScrubber (BackgroundSCMService.java:start(64)) - Starting BackgroundPipelineScrubber Service.
2025-03-10 14:58:28,334 [main] INFO  ha.SCMServiceManager (SCMServiceManager.java:register(42)) - Registering service BackgroundPipelineScrubber.
2025-03-10 14:58:28,339 [main] INFO  ExpiredContainerReplicaOpScrubber (BackgroundSCMService.java:start(64)) - Starting ExpiredContainerReplicaOpScrubber Service.
2025-03-10 14:58:28,339 [main] INFO  ha.SCMServiceManager (SCMServiceManager.java:register(42)) - Registering service ExpiredContainerReplicaOpScrubber.
2025-03-10 14:58:28,359 [main] INFO  algorithms.PipelineChoosePolicyFactory (PipelineChoosePolicyFactory.java:createPipelineChoosePolicyFromClass(78)) - Create pipeline choose policy of type org.apache.hadoop.hdds.scm.pipeline.choose.algorithms.RandomPipelineChoosePolicy
2025-03-10 14:58:28,360 [main] INFO  algorithms.PipelineChoosePolicyFactory (PipelineChoosePolicyFactory.java:createPipelineChoosePolicyFromClass(78)) - Create pipeline choose policy of type org.apache.hadoop.hdds.scm.pipeline.choose.algorithms.RandomPipelineChoosePolicy
2025-03-10 14:58:28,386 [main] INFO  ha.SCMServiceManager (SCMServiceManager.java:register(42)) - Registering service SCMBlockDeletingService.
2025-03-10 14:58:28,440 [main] INFO  replication.ReplicationManager (ReplicationManager.java:start(280)) - Starting Replication Monitor Thread.
2025-03-10 14:58:28,442 [main] INFO  ha.SCMServiceManager (SCMServiceManager.java:register(42)) - Registering service ReplicationManager.
2025-03-10 14:58:28,452 [main] INFO  safemode.ContainerSafeModeRule (ContainerSafeModeRule.java:initializeRule(356)) - Refreshed Containers with one replica threshold count 0, with ec n replica threshold count 0.
2025-03-10 14:58:28,456 [main] INFO  safemode.HealthyPipelineSafeModeRule (HealthyPipelineSafeModeRule.java:initializeRule(178)) - Total pipeline count is 0, healthy pipeline threshold count is 1
2025-03-10 14:58:28,458 [main] INFO  safemode.OneReplicaPipelineSafeModeRule (OneReplicaPipelineSafeModeRule.java:initializeRule(191)) - Total pipeline count is 0, pipeline's with at least one datanode reported threshold count is 0
2025-03-10 14:58:28,507 [main] INFO  server.StorageContainerManager (StorageContainerManager.java:<init>(429)) - SCM start with adminUsers: [runner]
2025-03-10 14:58:28,728 [main] INFO  audit.AuditLogger (AuditLogger.java:refreshDebugCmdSet(133)) - Refresh DebugCmdSet for SCMAudit to [].
2025-03-10 14:58:28,747 [main] INFO  ipc.CallQueueManager (CallQueueManager.java:<init>(93)) - Using callQueue: class java.util.concurrent.LinkedBlockingQueue, queueCapacity: 10000, scheduler: class org.apache.hadoop.ipc.DefaultRpcScheduler, ipcBackoff: false, ipcFailOver: false.
2025-03-10 14:58:28,767 [main] INFO  ipc.Server (Server.java:<init>(1438)) - Listener at 0.0.0.0:15002
2025-03-10 14:58:28,768 [Socket Reader #1 for port 15002] INFO  ipc.Server (Server.java:run(1474)) - Starting Socket Reader #1 for port 15002
2025-03-10 14:58:28,769 [Socket Reader #2 for port 15002] INFO  ipc.Server (Server.java:run(1474)) - Starting Socket Reader #2 for port 15002
2025-03-10 14:58:28,769 [Socket Reader #3 for port 15002] INFO  ipc.Server (Server.java:run(1474)) - Starting Socket Reader #3 for port 15002
2025-03-10 14:58:28,770 [Socket Reader #4 for port 15002] INFO  ipc.Server (Server.java:run(1474)) - Starting Socket Reader #4 for port 15002
2025-03-10 14:58:28,770 [Socket Reader #5 for port 15002] INFO  ipc.Server (Server.java:run(1474)) - Starting Socket Reader #5 for port 15002
2025-03-10 14:58:28,771 [Socket Reader #6 for port 15002] INFO  ipc.Server (Server.java:run(1474)) - Starting Socket Reader #6 for port 15002
2025-03-10 14:58:28,771 [Socket Reader #7 for port 15002] INFO  ipc.Server (Server.java:run(1474)) - Starting Socket Reader #7 for port 15002
2025-03-10 14:58:28,772 [Socket Reader #8 for port 15002] INFO  ipc.Server (Server.java:run(1474)) - Starting Socket Reader #8 for port 15002
2025-03-10 14:58:28,773 [Socket Reader #9 for port 15002] INFO  ipc.Server (Server.java:run(1474)) - Starting Socket Reader #9 for port 15002
2025-03-10 14:58:28,773 [Socket Reader #10 for port 15002] INFO  ipc.Server (Server.java:run(1474)) - Starting Socket Reader #10 for port 15002
2025-03-10 14:58:28,807 [main] INFO  audit.AuditLogger (AuditLogger.java:refreshDebugCmdSet(133)) - Refresh DebugCmdSet for SCMAudit to [].
2025-03-10 14:58:28,812 [main] INFO  ipc.CallQueueManager (CallQueueManager.java:<init>(93)) - Using callQueue: class java.util.concurrent.LinkedBlockingQueue, queueCapacity: 10000, scheduler: class org.apache.hadoop.ipc.DefaultRpcScheduler, ipcBackoff: false, ipcFailOver: false.
2025-03-10 14:58:28,812 [main] INFO  ipc.Server (Server.java:<init>(1438)) - Listener at 0.0.0.0:15001
2025-03-10 14:58:28,813 [Socket Reader #1 for port 15001] INFO  ipc.Server (Server.java:run(1474)) - Starting Socket Reader #1 for port 15001
2025-03-10 14:58:28,813 [Socket Reader #2 for port 15001] INFO  ipc.Server (Server.java:run(1474)) - Starting Socket Reader #2 for port 15001
2025-03-10 14:58:28,814 [Socket Reader #3 for port 15001] INFO  ipc.Server (Server.java:run(1474)) - Starting Socket Reader #3 for port 15001
2025-03-10 14:58:28,814 [Socket Reader #4 for port 15001] INFO  ipc.Server (Server.java:run(1474)) - Starting Socket Reader #4 for port 15001
2025-03-10 14:58:28,815 [Socket Reader #5 for port 15001] INFO  ipc.Server (Server.java:run(1474)) - Starting Socket Reader #5 for port 15001
2025-03-10 14:58:28,816 [Socket Reader #6 for port 15001] INFO  ipc.Server (Server.java:run(1474)) - Starting Socket Reader #6 for port 15001
2025-03-10 14:58:28,816 [Socket Reader #7 for port 15001] INFO  ipc.Server (Server.java:run(1474)) - Starting Socket Reader #7 for port 15001
2025-03-10 14:58:28,817 [Socket Reader #8 for port 15001] INFO  ipc.Server (Server.java:run(1474)) - Starting Socket Reader #8 for port 15001
2025-03-10 14:58:28,817 [Socket Reader #9 for port 15001] INFO  ipc.Server (Server.java:run(1474)) - Starting Socket Reader #9 for port 15001
2025-03-10 14:58:28,827 [Socket Reader #10 for port 15001] INFO  ipc.Server (Server.java:run(1474)) - Starting Socket Reader #10 for port 15001
2025-03-10 14:58:28,852 [main] INFO  audit.AuditLogger (AuditLogger.java:refreshDebugCmdSet(133)) - Refresh DebugCmdSet for SCMAudit to [].
2025-03-10 14:58:28,860 [main] INFO  ipc.CallQueueManager (CallQueueManager.java:<init>(93)) - Using callQueue: class java.util.concurrent.LinkedBlockingQueue, queueCapacity: 10000, scheduler: class org.apache.hadoop.ipc.DefaultRpcScheduler, ipcBackoff: false, ipcFailOver: false.
2025-03-10 14:58:28,860 [main] INFO  ipc.Server (Server.java:<init>(1438)) - Listener at 0.0.0.0:15000
2025-03-10 14:58:28,861 [Socket Reader #1 for port 15000] INFO  ipc.Server (Server.java:run(1474)) - Starting Socket Reader #1 for port 15000
2025-03-10 14:58:28,862 [Socket Reader #2 for port 15000] INFO  ipc.Server (Server.java:run(1474)) - Starting Socket Reader #2 for port 15000
2025-03-10 14:58:28,863 [Socket Reader #3 for port 15000] INFO  ipc.Server (Server.java:run(1474)) - Starting Socket Reader #3 for port 15000
2025-03-10 14:58:28,863 [Socket Reader #4 for port 15000] INFO  ipc.Server (Server.java:run(1474)) - Starting Socket Reader #4 for port 15000
2025-03-10 14:58:28,864 [Socket Reader #5 for port 15000] INFO  ipc.Server (Server.java:run(1474)) - Starting Socket Reader #5 for port 15000
2025-03-10 14:58:28,864 [Socket Reader #6 for port 15000] INFO  ipc.Server (Server.java:run(1474)) - Starting Socket Reader #6 for port 15000
2025-03-10 14:58:28,865 [Socket Reader #7 for port 15000] INFO  ipc.Server (Server.java:run(1474)) - Starting Socket Reader #7 for port 15000
2025-03-10 14:58:28,865 [Socket Reader #8 for port 15000] INFO  ipc.Server (Server.java:run(1474)) - Starting Socket Reader #8 for port 15000
2025-03-10 14:58:28,866 [Socket Reader #9 for port 15000] INFO  ipc.Server (Server.java:run(1474)) - Starting Socket Reader #9 for port 15000
2025-03-10 14:58:28,866 [Socket Reader #10 for port 15000] INFO  ipc.Server (Server.java:run(1474)) - Starting Socket Reader #10 for port 15000
2025-03-10 14:58:28,911 [main] INFO  ha.SCMServiceManager (SCMServiceManager.java:register(42)) - Registering service ContainerBalancer.
2025-03-10 14:58:28,911 [main] INFO  ha.SCMContext (SCMContext.java:updateSafeModeStatus(224)) - Update SafeModeStatus from SafeModeStatus{safeModeStatus=true, preCheckPassed=false} to SafeModeStatus{safeModeStatus=true, preCheckPassed=false}.
2025-03-10 14:58:28,916 [main] INFO  server.StorageContainerManager (StorageContainerManager.java:start(1500)) - StorageContainerLocationProtocol RPC server is listening at /0.0.0.0:15000
2025-03-10 14:58:28,917 [main] INFO  ha.SCMRatisServerImpl (SCMRatisServerImpl.java:start(203)) - starting ratis server 0.0.0.0:15004
2025-03-10 14:58:28,917 [768f1ebc-c18b-41d5-9534-8f528a8c3722-impl-thread1] INFO  server.RaftServerConfigKeys (ConfUtils.java:logGet(46)) - raft.server.storage.free-space.min = 0MB (=0) (default)
2025-03-10 14:58:28,917 [768f1ebc-c18b-41d5-9534-8f528a8c3722-impl-thread1] INFO  server.RaftServerConfigKeys (ConfUtils.java:logGet(46)) - raft.server.log.corruption.policy = EXCEPTION (default)
2025-03-10 14:58:28,918 [768f1ebc-c18b-41d5-9534-8f528a8c3722-impl-thread1] INFO  server.RaftServerConfigKeys (ConfUtils.java:logGet(46)) - raft.server.storage.dir = [/home/runner/work/ozone/ozone/hadoop-ozone/integration-test/target/test-dir/MiniOzoneClusterImpl-c1e049f0-9043-4314-b8f3-2460433eb1a0/ozone-meta/scm-ha] (custom)
2025-03-10 14:58:28,919 [768f1ebc-c18b-41d5-9534-8f528a8c3722-impl-thread1] INFO  storage.RaftStorageDirectory (RaftStorageDirectoryImpl.java:tryLock(229)) - Lock on /home/runner/work/ozone/ozone/hadoop-ozone/integration-test/target/test-dir/MiniOzoneClusterImpl-c1e049f0-9043-4314-b8f3-2460433eb1a0/ozone-meta/scm-ha/c1e049f0-9043-4314-b8f3-2460433eb1a0/in_use.lock acquired by nodename 139316@fv-az1384-231
2025-03-10 14:58:28,920 [768f1ebc-c18b-41d5-9534-8f528a8c3722-impl-thread1] INFO  storage.RaftStorage (RaftStorageImpl.java:analyzeAndRecoverStorage(118)) - Read RaftStorageMetadata{term=1, votedFor=768f1ebc-c18b-41d5-9534-8f528a8c3722} from /home/runner/work/ozone/ozone/hadoop-ozone/integration-test/target/test-dir/MiniOzoneClusterImpl-c1e049f0-9043-4314-b8f3-2460433eb1a0/ozone-meta/scm-ha/c1e049f0-9043-4314-b8f3-2460433eb1a0/current/raft-meta
2025-03-10 14:58:28,922 [768f1ebc-c18b-41d5-9534-8f528a8c3722-impl-thread1] INFO  server.RaftServer$Division (ServerState.java:setRaftConf(386)) - 768f1ebc-c18b-41d5-9534-8f528a8c3722@group-2460433EB1A0: set configuration conf: {index: 0, cur=peers:[768f1ebc-c18b-41d5-9534-8f528a8c3722|fv-az1384-231:15004]|listeners:[], old=null}
2025-03-10 14:58:28,922 [768f1ebc-c18b-41d5-9534-8f528a8c3722-impl-thread1] INFO  ha.SCMStateMachine (SCMStateMachine.java:lambda$initialize$0(138)) - 768f1ebc-c18b-41d5-9534-8f528a8c3722: initialize group-2460433EB1A0
2025-03-10 14:58:28,923 [768f1ebc-c18b-41d5-9534-8f528a8c3722-impl-thread1] INFO  server.RaftServerConfigKeys (ConfUtils.java:logGet(46)) - raft.server.log.use.memory = false (default)
2025-03-10 14:58:28,923 [768f1ebc-c18b-41d5-9534-8f528a8c3722-impl-thread1] INFO  server.RaftServerConfigKeys (ConfUtils.java:logGet(46)) - raft.server.log.purge.gap = 1000000 (custom)
2025-03-10 14:58:28,923 [768f1ebc-c18b-41d5-9534-8f528a8c3722-impl-thread1] INFO  server.RaftServerConfigKeys (ConfUtils.java:logGet(46)) - raft.server.log.appender.buffer.byte-limit = 4194304 (custom)
2025-03-10 14:58:28,923 [768f1ebc-c18b-41d5-9534-8f528a8c3722-impl-thread1] INFO  server.RaftServerConfigKeys (ConfUtils.java:logGet(46)) - raft.server.log.statemachine.data.read.timeout = 1000ms (default)
2025-03-10 14:58:28,923 [768f1ebc-c18b-41d5-9534-8f528a8c3722-impl-thread1] INFO  server.RaftServerConfigKeys (ConfUtils.java:logGet(46)) - raft.server.log.purge.preservation.log.num = 0 (default)
2025-03-10 14:58:28,925 [768f1ebc-c18b-41d5-9534-8f528a8c3722-impl-thread1] INFO  server.RaftServerConfigKeys (ConfUtils.java:logGet(46)) - raft.server.log.segment.size.max = 4194304 (custom)
2025-03-10 14:58:28,926 [768f1ebc-c18b-41d5-9534-8f528a8c3722-impl-thread1] INFO  server.RaftServerConfigKeys (ConfUtils.java:logGet(46)) - raft.server.log.segment.cache.num.max = 2 (custom)
2025-03-10 14:58:28,926 [768f1ebc-c18b-41d5-9534-8f528a8c3722-impl-thread1] INFO  server.RaftServerConfigKeys (ConfUtils.java:logGet(46)) - raft.server.log.segment.cache.size.max = 200MB (=209715200) (default)
2025-03-10 14:58:28,926 [768f1ebc-c18b-41d5-9534-8f528a8c3722-impl-thread1] INFO  server.RaftServerConfigKeys (ConfUtils.java:logGet(46)) - raft.server.log.appender.buffer.byte-limit = 4194304 (custom)
2025-03-10 14:58:28,928 [768f1ebc-c18b-41d5-9534-8f528a8c3722-impl-thread1] INFO  util.AwaitToRun (AwaitToRun.java:start(81)) - Thread[#111,768f1ebc-c18b-41d5-9534-8f528a8c3722@group-2460433EB1A0-cacheEviction-AwaitToRun,5,main] started
2025-03-10 14:58:28,928 [768f1ebc-c18b-41d5-9534-8f528a8c3722-impl-thread1] INFO  segmented.SegmentedRaftLogWorker (SegmentedRaftLogWorker.java:<init>(188)) - new 768f1ebc-c18b-41d5-9534-8f528a8c3722@group-2460433EB1A0-SegmentedRaftLogWorker for RaftStorageImpl:Storage Directory /home/runner/work/ozone/ozone/hadoop-ozone/integration-test/target/test-dir/MiniOzoneClusterImpl-c1e049f0-9043-4314-b8f3-2460433eb1a0/ozone-meta/scm-ha/c1e049f0-9043-4314-b8f3-2460433eb1a0
2025-03-10 14:58:28,928 [768f1ebc-c18b-41d5-9534-8f528a8c3722-impl-thread1] INFO  server.RaftServerConfigKeys (ConfUtils.java:logGet(46)) - raft.server.log.queue.byte-limit = 64MB (=67108864) (default)
2025-03-10 14:58:28,928 [768f1ebc-c18b-41d5-9534-8f528a8c3722-impl-thread1] INFO  server.RaftServerConfigKeys (ConfUtils.java:logGet(46)) - raft.server.log.queue.element-limit = 4096 (default)
2025-03-10 14:58:28,928 [768f1ebc-c18b-41d5-9534-8f528a8c3722-impl-thread1] INFO  server.RaftServerConfigKeys (ConfUtils.java:logGet(46)) - raft.server.log.segment.size.max = 4194304 (custom)
2025-03-10 14:58:28,929 [768f1ebc-c18b-41d5-9534-8f528a8c3722-impl-thread1] INFO  server.RaftServerConfigKeys (ConfUtils.java:logGet(46)) - raft.server.log.preallocated.size = 4194304 (custom)
2025-03-10 14:58:28,929 [768f1ebc-c18b-41d5-9534-8f528a8c3722-impl-thread1] INFO  server.RaftServerConfigKeys (ConfUtils.java:logGet(46)) - raft.server.log.force.sync.num = 128 (default)
2025-03-10 14:58:28,929 [768f1ebc-c18b-41d5-9534-8f528a8c3722-impl-thread1] INFO  server.RaftServerConfigKeys (ConfUtils.java:logGet(46)) - raft.server.log.statemachine.data.sync = true (default)
2025-03-10 14:58:28,929 [768f1ebc-c18b-41d5-9534-8f528a8c3722-impl-thread1] INFO  server.RaftServerConfigKeys (ConfUtils.java:logGet(46)) - raft.server.log.statemachine.data.sync.timeout = 10s (default)
2025-03-10 14:58:28,929 [768f1ebc-c18b-41d5-9534-8f528a8c3722-impl-thread1] INFO  server.RaftServerConfigKeys (ConfUtils.java:logGet(46)) - raft.server.log.statemachine.data.sync.timeout.retry = -1 (default)
2025-03-10 14:58:28,930 [768f1ebc-c18b-41d5-9534-8f528a8c3722-impl-thread1] INFO  server.RaftServerConfigKeys (ConfUtils.java:logGet(46)) - raft.server.log.write.buffer.size = 4194312 (custom)
2025-03-10 14:58:28,931 [768f1ebc-c18b-41d5-9534-8f528a8c3722-impl-thread1] INFO  server.RaftServerConfigKeys (ConfUtils.java:logGet(46)) - raft.server.log.appender.buffer.byte-limit = 4194304 (custom)
2025-03-10 14:58:28,932 [768f1ebc-c18b-41d5-9534-8f528a8c3722-impl-thread1] INFO  server.RaftServerConfigKeys (ConfUtils.java:logGet(46)) - raft.server.log.unsafe-flush.enabled = false (default)
2025-03-10 14:58:28,932 [768f1ebc-c18b-41d5-9534-8f528a8c3722-impl-thread1] INFO  server.RaftServerConfigKeys (ConfUtils.java:logGet(46)) - raft.server.log.async-flush.enabled = false (default)
2025-03-10 14:58:28,932 [768f1ebc-c18b-41d5-9534-8f528a8c3722-impl-thread1] INFO  server.RaftServerConfigKeys (ConfUtils.java:logGet(46)) - raft.server.log.statemachine.data.caching.enabled = false (default)
2025-03-10 14:58:28,937 [768f1ebc-c18b-41d5-9534-8f528a8c3722-impl-thread1] INFO  server.RaftServer$Division (ServerState.java:setRaftConf(386)) - 768f1ebc-c18b-41d5-9534-8f528a8c3722@group-2460433EB1A0: set configuration conf: {index: 0, cur=peers:[768f1ebc-c18b-41d5-9534-8f528a8c3722|fv-az1384-231:15004]|listeners:[], old=null}
2025-03-10 14:58:28,937 [768f1ebc-c18b-41d5-9534-8f528a8c3722-impl-thread1] INFO  segmented.LogSegment (LogSegment.java:loadSegment(171)) - Successfully read 1 entries from segment file /home/runner/work/ozone/ozone/hadoop-ozone/integration-test/target/test-dir/MiniOzoneClusterImpl-c1e049f0-9043-4314-b8f3-2460433eb1a0/ozone-meta/scm-ha/c1e049f0-9043-4314-b8f3-2460433eb1a0/current/log_inprogress_0
2025-03-10 14:58:28,937 [768f1ebc-c18b-41d5-9534-8f528a8c3722-impl-thread1] INFO  segmented.SegmentedRaftLogWorker (SegmentedRaftLogWorker.java:lambda$new$0(139)) - 768f1ebc-c18b-41d5-9534-8f528a8c3722@group-2460433EB1A0-SegmentedRaftLogWorker: safeCacheEvictIndex: setUnconditionally 0 -> -1
2025-03-10 14:58:28,938 [768f1ebc-c18b-41d5-9534-8f528a8c3722-impl-thread1] INFO  segmented.BufferedWriteChannel (BufferedWriteChannel.java:open(61)) - open log_inprogress_0 (append) at position 80
2025-03-10 14:58:28,939 [768f1ebc-c18b-41d5-9534-8f528a8c3722-impl-thread1] INFO  server.RaftServer$Division (RaftServerImpl.java:start(391)) - 768f1ebc-c18b-41d5-9534-8f528a8c3722@group-2460433EB1A0: start as a follower, conf=conf: {index: 0, cur=peers:[768f1ebc-c18b-41d5-9534-8f528a8c3722|fv-az1384-231:15004]|listeners:[], old=null}
2025-03-10 14:58:28,939 [768f1ebc-c18b-41d5-9534-8f528a8c3722-impl-thread1] INFO  server.RaftServer$Division (RaftServerImpl.java:setRole(378)) - 768f1ebc-c18b-41d5-9534-8f528a8c3722@group-2460433EB1A0: changes role from      null to FOLLOWER at term 1 for startAsFollower
2025-03-10 14:58:28,940 [768f1ebc-c18b-41d5-9534-8f528a8c3722-impl-thread1] INFO  impl.RoleInfo (RoleInfo.java:updateAndGet(148)) - 768f1ebc-c18b-41d5-9534-8f528a8c3722: start 768f1ebc-c18b-41d5-9534-8f528a8c3722@group-2460433EB1A0-FollowerState
2025-03-10 14:58:28,941 [768f1ebc-c18b-41d5-9534-8f528a8c3722-impl-thread1] INFO  util.JmxRegister (JmxRegister.java:tryRegister(44)) - Successfully registered JMX Bean with object name Ratis:service=RaftServer,group=group-2460433EB1A0,id=768f1ebc-c18b-41d5-9534-8f528a8c3722
2025-03-10 14:58:28,941 [768f1ebc-c18b-41d5-9534-8f528a8c3722-impl-thread1] INFO  util.JmxRegister (JmxRegister.java:register(58)) - register mxBean class org.apache.ratis.server.impl.RaftServerJmxAdapter as Ratis:service=RaftServer,group=group-2460433EB1A0,id=768f1ebc-c18b-41d5-9534-8f528a8c3722
2025-03-10 14:58:28,941 [768f1ebc-c18b-41d5-9534-8f528a8c3722-impl-thread1] INFO  server.RaftServerConfigKeys (ConfUtils.java:logGet(46)) - raft.server.snapshot.trigger-when-stop.enabled = true (default)
2025-03-10 14:58:28,941 [768f1ebc-c18b-41d5-9534-8f528a8c3722-impl-thread1] INFO  server.RaftServerConfigKeys (ConfUtils.java:logGet(46)) - raft.server.snapshot.trigger-when-remove.enabled = true (default)
2025-03-10 14:58:28,941 [768f1ebc-c18b-41d5-9534-8f528a8c3722-impl-thread1] INFO  server.RaftServerConfigKeys (ConfUtils.java:logGet(46)) - raft.server.snapshot.auto.trigger.enabled = true (custom)
2025-03-10 14:58:28,941 [768f1ebc-c18b-41d5-9534-8f528a8c3722-impl-thread1] INFO  server.RaftServerConfigKeys (ConfUtils.java:logGet(46)) - raft.server.snapshot.auto.trigger.threshold = 1000 (custom)
2025-03-10 14:58:28,941 [768f1ebc-c18b-41d5-9534-8f528a8c3722-impl-thread1] INFO  server.RaftServerConfigKeys (ConfUtils.java:logGet(46)) - raft.server.snapshot.retention.file.num = -1 (default)
2025-03-10 14:58:28,942 [768f1ebc-c18b-41d5-9534-8f528a8c3722-impl-thread1] INFO  server.RaftServerConfigKeys (ConfUtils.java:logGet(46)) - raft.server.log.purge.upto.snapshot.index = false (default)
2025-03-10 14:58:28,942 [768f1ebc-c18b-41d5-9534-8f528a8c3722@group-2460433EB1A0-FollowerState] INFO  server.RaftServerConfigKeys (ConfUtils.java:logFallback(53)) - raft.server.rpc.first-election.timeout.min = 5000ms (fallback to raft.server.rpc.timeout.min)
2025-03-10 14:58:28,942 [768f1ebc-c18b-41d5-9534-8f528a8c3722@group-2460433EB1A0-FollowerState] INFO  server.RaftServerConfigKeys (ConfUtils.java:logFallback(53)) - raft.server.rpc.first-election.timeout.max = 5200ms (fallback to raft.server.rpc.timeout.max)
2025-03-10 14:58:28,944 [768f1ebc-c18b-41d5-9534-8f528a8c3722-impl-thread1] INFO  server.RaftServer$Division (RaftServerImpl.java:start(405)) - 768f1ebc-c18b-41d5-9534-8f528a8c3722@group-2460433EB1A0: Successfully started.
2025-03-10 14:58:28,944 [main] INFO  server.RaftServer (RaftServerProxy.java:startImpl(407)) - 768f1ebc-c18b-41d5-9534-8f528a8c3722: start RPC server
2025-03-10 14:58:28,945 [main] INFO  server.GrpcService (GrpcService.java:startImpl(334)) - 768f1ebc-c18b-41d5-9534-8f528a8c3722: GrpcService started, listening on 15004
2025-03-10 14:58:28,945 [JvmPauseMonitor1] INFO  util.JvmPauseMonitor (JvmPauseMonitor.java:run(146)) - JvmPauseMonitor-768f1ebc-c18b-41d5-9534-8f528a8c3722: Started
2025-03-10 14:58:28,951 [main] INFO  ha.SCMHAManagerImpl (SCMHAManagerImpl.java:start(131)) -  scm role is FOLLOWER peers [768f1ebc-c18b-41d5-9534-8f528a8c3722|fv-az1384-231:15004]
2025-03-10 14:58:28,951 [main] INFO  ha.InterSCMGrpcService (InterSCMGrpcProtocolService.java:start(98)) - Starting SCM Grpc Service at port 15005
2025-03-10 14:58:28,953 [main] INFO  SCMHATransactionMonitor (BackgroundSCMService.java:start(64)) - Starting SCMHATransactionMonitor Service.
2025-03-10 14:58:28,953 [main] INFO  ha.SCMServiceManager (SCMServiceManager.java:register(42)) - Registering service SCMHATransactionMonitor.
2025-03-10 14:58:28,953 [main] INFO  SCMHATransactionMonitor (BackgroundSCMService.java:start(61)) - SCMHATransactionMonitor Service is already running, skip start.
2025-03-10 14:58:29,007 [main] WARN  impl.MetricsConfig (MetricsConfig.java:loadFirst(138)) - Cannot locate configuration: tried hadoop-metrics2-storagecontainermanager.properties,hadoop-metrics2.properties
2025-03-10 14:58:29,015 [main] INFO  impl.MetricsSystemImpl (MetricsSystemImpl.java:startTimer(378)) - Scheduled Metric snapshot period at 10 second(s).
2025-03-10 14:58:29,016 [main] INFO  impl.MetricsSystemImpl (MetricsSystemImpl.java:start(191)) - StorageContainerManager metrics system started
2025-03-10 14:58:29,141 [main] INFO  server.SCMClientProtocolServer (SCMClientProtocolServer.java:start(206)) - RPC server for Client  is listening at /0.0.0.0:15000
2025-03-10 14:58:29,141 [IPC Server Responder] INFO  ipc.Server (Server.java:run(1713)) - IPC Server Responder: starting
2025-03-10 14:58:29,142 [IPC Server listener on 15000] INFO  ipc.Server (Server.java:run(1553)) - IPC Server listener on 15000: starting
2025-03-10 14:58:29,154 [main] INFO  server.StorageContainerManager (StorageContainerManager.java:start(1513)) - ScmBlockLocationProtocol RPC server is listening at /0.0.0.0:15001
2025-03-10 14:58:29,155 [main] INFO  server.SCMBlockProtocolServer (SCMBlockProtocolServer.java:start(165)) - RPC server for Block Protocol is listening at /0.0.0.0:15001
2025-03-10 14:58:29,155 [IPC Server Responder] INFO  ipc.Server (Server.java:run(1713)) - IPC Server Responder: starting
2025-03-10 14:58:29,156 [IPC Server listener on 15001] INFO  ipc.Server (Server.java:run(1553)) - IPC Server listener on 15001: starting
2025-03-10 14:58:29,180 [main] INFO  http.BaseHttpServer (BaseHttpServer.java:newHttpServer2BuilderForOzone(229)) - Starting Web-server for scm at: http://0.0.0.0:15003
2025-03-10 14:58:29,181 [main] INFO  http.BaseHttpServer (BaseHttpServer.java:<init>(107)) - Hadoop Security Enabled: false Ozone Security Enabled: false Ozone HTTP Security Enabled: false 
2025-03-10 14:58:29,199 [main] INFO  util.log (Log.java:initialized(170)) - Logging initialized @10239ms to org.eclipse.jetty.util.log.Slf4jLog
2025-03-10 14:58:29,281 [main] WARN  server.AuthenticationFilter (AuthenticationFilter.java:constructSecretProvider(240)) - Unable to initialize FileSignerSecretProvider, falling back to use random secrets. Reason: Could not read signature secret file: /home/runner/hadoop-http-auth-signature-secret
2025-03-10 14:58:29,286 [main] INFO  http.HttpRequestLog (HttpRequestLog.java:getRequestLog(85)) - Http request log for http.requests.scm is not defined
2025-03-10 14:58:29,291 [main] INFO  http.HttpServer2 (HttpServer2.java:addGlobalFilter(1040)) - Added global filter 'safety' (class=org.apache.hadoop.hdds.server.http.HttpServer2$QuotingInputFilter)
2025-03-10 14:58:29,294 [main] INFO  http.HttpServer2 (HttpServer2.java:addFilter(1016)) - Added filter static_user_filter (class=org.apache.hadoop.http.lib.StaticUserWebFilter$StaticUserFilter) to context scm
2025-03-10 14:58:29,294 [main] INFO  http.HttpServer2 (HttpServer2.java:addFilter(1024)) - Added filter static_user_filter (class=org.apache.hadoop.http.lib.StaticUserWebFilter$StaticUserFilter) to context logs
2025-03-10 14:58:29,294 [main] INFO  http.HttpServer2 (HttpServer2.java:addFilter(1024)) - Added filter static_user_filter (class=org.apache.hadoop.http.lib.StaticUserWebFilter$StaticUserFilter) to context static
2025-03-10 14:58:29,320 [main] INFO  http.BaseHttpServer (BaseHttpServer.java:<init>(195)) - HTTP server of scm uses base directory /home/runner/work/ozone/ozone/hadoop-ozone/integration-test/target/test-dir/MiniOzoneClusterImpl-c1e049f0-9043-4314-b8f3-2460433eb1a0/ozone-meta/webserver
2025-03-10 14:58:29,321 [main] INFO  http.HttpServer2 (HttpServer2.java:bindListener(1240)) - Jetty bound to port 15003
2025-03-10 14:58:29,322 [main] INFO  server.Server (Server.java:doStart(375)) - jetty-9.4.57.v20241219; built: 2025-01-08T21:24:30.412Z; git: df524e6b29271c2e09ba9aea83c18dc9db464a31; jvm 21.0.6+7-LTS
2025-03-10 14:58:29,341 [main] INFO  server.session (DefaultSessionIdManager.java:doStart(334)) - DefaultSessionIdManager workerName=node0
2025-03-10 14:58:29,341 [main] INFO  server.session (DefaultSessionIdManager.java:doStart(339)) - No SessionScavenger set, using defaults
2025-03-10 14:58:29,342 [main] INFO  server.session (HouseKeeper.java:startScavenging(132)) - node0 Scavenging every 660000ms
2025-03-10 14:58:29,351 [main] INFO  handler.ContextHandler (ContextHandler.java:doStart(921)) - Started o.e.j.s.ServletContextHandler@702432cc{logs,/logs,file:///home/runner/work/ozone/ozone/hadoop-ozone/integration-test/target/log,AVAILABLE}
2025-03-10 14:58:29,352 [main] INFO  handler.ContextHandler (ContextHandler.java:doStart(921)) - Started o.e.j.s.ServletContextHandler@1372696b{static,/static,file:///home/runner/work/ozone/ozone/hadoop-ozone/integration-test/target/test-classes/webapps/static,AVAILABLE}
2025-03-10 14:58:29,386 [main] INFO  handler.ContextHandler (ContextHandler.java:doStart(921)) - Started o.e.j.w.WebAppContext@ef59aee{scm,/,file:///home/runner/work/ozone/ozone/hadoop-ozone/integration-test/target/test-classes/webapps/scm/,AVAILABLE}{file:/home/runner/work/ozone/ozone/hadoop-ozone/integration-test/target/test-classes/webapps/scm}
2025-03-10 14:58:29,391 [main] INFO  server.AbstractConnector (AbstractConnector.java:doStart(333)) - Started ServerConnector@4560eb15{HTTP/1.1, (http/1.1)}{0.0.0.0:15003}
2025-03-10 14:58:29,391 [main] INFO  server.Server (Server.java:doStart(415)) - Started @10432ms
2025-03-10 14:58:29,393 [main] INFO  impl.MetricsSinkAdapter (MetricsSinkAdapter.java:start(204)) - Sink prometheus started
2025-03-10 14:58:29,393 [main] INFO  impl.MetricsSystemImpl (MetricsSystemImpl.java:registerSink(305)) - Registered sink prometheus
2025-03-10 14:58:29,394 [main] INFO  http.BaseHttpServer (BaseHttpServer.java:updateConnectorAddress(360)) - HTTP server of scm listening at http://0.0.0.0:15003
2025-03-10 14:58:29,400 [main] WARN  server.ServerUtils (ServerUtils.java:getDBPath(297)) - ozone.om.db.dirs is not configured. We recommend adding this setting. Falling back to ozone.metadata.dirs instead.
2025-03-10 14:58:29,474 [main] INFO  audit.AuditLogger (AuditLogger.java:refreshDebugCmdSet(133)) - Refresh DebugCmdSet for OMAudit to [].
2025-03-10 14:58:29,495 [main] INFO  audit.AuditLogger (AuditLogger.java:refreshDebugCmdSet(133)) - Refresh DebugCmdSet for OMSystemAudit to [].
2025-03-10 14:58:29,542 [main] INFO  ha.OMHANodeDetails (OMHANodeDetails.java:loadOMHAConfig(114)) - ozone.om.internal.service.id is not defined, falling back to ozone.om.service.ids to find serviceID for OzoneManager if it is HA enabled cluster
2025-03-10 14:58:29,546 [main] INFO  ha.OMHANodeDetails (OMHANodeDetails.java:loadOMHAConfig(225)) - Configuration does not have ozone.om.address set. Falling back to the default OM address /127.0.0.1:15006
2025-03-10 14:58:29,547 [main] INFO  ha.OMHANodeDetails (OMHANodeDetails.java:getOMNodeDetailsForNonHA(253)) - OM Service ID is not set. Setting it to the default ID: omServiceIdDefault
2025-03-10 14:58:29,547 [main] INFO  ha.OMHANodeDetails (OMHANodeDetails.java:getOMNodeDetailsForNonHA(260)) - OM Node ID is not set. Setting it to the default ID: om1
2025-03-10 14:58:29,550 [main] WARN  server.ServerUtils (ServerUtils.java:getDBPath(297)) - ozone.om.db.dirs is not configured. We recommend adding this setting. Falling back to ozone.metadata.dirs instead.
2025-03-10 14:58:29,554 [main] INFO  upgrade.AbstractLayoutVersionManager (AbstractLayoutVersionManager.java:init(80)) - Initializing Layout version manager with metadata layout = DELEGATION_TOKEN_SYMMETRIC_SIGN (version = 8), software layout = DELEGATION_TOKEN_SYMMETRIC_SIGN (version = 8)
2025-03-10 14:58:29,639 [main] INFO  reflections.Reflections (Reflections.java:scan(219)) - Reflections took 83 ms to scan 2 urls, producing 202 keys and 597 values
2025-03-10 14:58:29,643 [main] INFO  upgrade.OMLayoutVersionManager (OMLayoutVersionManager.java:lambda$0(110)) - Skipping Upgrade Action QuotaRepairUpgradeAction since it has been finalized.
2025-03-10 14:58:29,644 [main] INFO  upgrade.OMLayoutVersionManager (OMLayoutVersionManager.java:lambda$0(110)) - Skipping Upgrade Action MockOmUpgradeAction since it has been finalized.
2025-03-10 14:58:29,646 [main] WARN  server.ServerUtils (ServerUtils.java:getDBPath(297)) - ozone.om.db.dirs is not configured. We recommend adding this setting. Falling back to ozone.metadata.dirs instead.
2025-03-10 14:58:29,651 [main] INFO  om.OzoneManager (OzoneManager.java:setReplicationFromConfig(4495)) - Set default replication in OM: RATIS/3 -> RATIS/THREE
2025-03-10 14:58:29,657 [main] INFO  proxy.SCMContainerLocationFailoverProxyProvider (SCMFailoverProxyProviderBase.java:<init>(120)) - Created fail-over proxy for protocol StorageContainerLocationProtocolPB with 1 nodes: [nodeId=scmNodeId,nodeAddress=/0.0.0.0:15000]
2025-03-10 14:58:29,695 [main] INFO  proxy.SCMBlockLocationFailoverProxyProvider (SCMFailoverProxyProviderBase.java:<init>(120)) - Created fail-over proxy for protocol ScmBlockLocationProtocolPB with 1 nodes: [nodeId=scmNodeId,nodeAddress=/0.0.0.0:15001]
2025-03-10 14:58:29,711 [main] INFO  proxy.SCMBlockLocationFailoverProxyProvider (SCMFailoverProxyProviderBase.java:<init>(120)) - Created fail-over proxy for protocol ScmBlockLocationProtocolPB with 1 nodes: [nodeId=scmNodeId,nodeAddress=/0.0.0.0:15001]
2025-03-10 14:58:31,834 [main] INFO  retry.RetryInvocationHandler (RetryInvocationHandler.java:log(426)) - com.google.protobuf.ServiceException: org.apache.hadoop.ipc.RemoteException(org.apache.hadoop.hdds.ratis.ServerNotLeaderException): SCM Server:768f1ebc-c18b-41d5-9534-8f528a8c3722(fv-az1384-231.gpq2x2ivaaoebfs5ykq4ww3pqb.bx.internal.cloudapp.net) is not the leader. Could not determine the leader node.
	at org.apache.hadoop.hdds.ratis.ServerNotLeaderException.convertToNotLeaderException(ServerNotLeaderException.java:106)
	at org.apache.hadoop.hdds.scm.ha.RatisUtil.checkRatisException(RatisUtil.java:247)
	at org.apache.hadoop.hdds.scm.protocol.ScmBlockLocationProtocolServerSideTranslatorPB.send(ScmBlockLocationProtocolServerSideTranslatorPB.java:111)
	at org.apache.hadoop.hdds.protocol.proto.ScmBlockLocationProtocolProtos$ScmBlockLocationProtocolService$2.callBlockingMethod(ScmBlockLocationProtocolProtos.java:15776)
	at org.apache.hadoop.ipc.ProtobufRpcEngine$Server.processCall(ProtobufRpcEngine.java:484)
	at org.apache.hadoop.ipc.ProtobufRpcEngine2$Server$ProtoBufRpcInvoker.call(ProtobufRpcEngine2.java:595)
	at org.apache.hadoop.ipc.ProtobufRpcEngine2$Server$ProtoBufRpcInvoker.call(ProtobufRpcEngine2.java:573)
	at org.apache.hadoop.ipc.RPC$Server.call(RPC.java:1227)
	at org.apache.hadoop.ipc.Server$RpcCall.run(Server.java:1246)
	at org.apache.hadoop.ipc.Server$RpcCall.run(Server.java:1169)
	at java.base/java.security.AccessController.doPrivileged(AccessController.java:714)
	at java.base/javax.security.auth.Subject.doAs(Subject.java:525)
	at org.apache.hadoop.security.UserGroupInformation.doAs(UserGroupInformation.java:1953)
	at org.apache.hadoop.ipc.Server$Handler.run(Server.java:3198)
, while invoking $Proxy55.send over nodeId=scmNodeId,nodeAddress=/0.0.0.0:15001 after 1 failover attempts. Trying to failover after sleeping for 2000ms. Current retry count: 1.
2025-03-10 14:58:33,837 [main] INFO  retry.RetryInvocationHandler (RetryInvocationHandler.java:log(426)) - com.google.protobuf.ServiceException: org.apache.hadoop.ipc.RemoteException(org.apache.hadoop.hdds.ratis.ServerNotLeaderException): SCM Server:768f1ebc-c18b-41d5-9534-8f528a8c3722(fv-az1384-231.gpq2x2ivaaoebfs5ykq4ww3pqb.bx.internal.cloudapp.net) is not the leader. Could not determine the leader node.
	at org.apache.hadoop.hdds.ratis.ServerNotLeaderException.convertToNotLeaderException(ServerNotLeaderException.java:106)
	at org.apache.hadoop.hdds.scm.ha.RatisUtil.checkRatisException(RatisUtil.java:247)
	at org.apache.hadoop.hdds.scm.protocol.ScmBlockLocationProtocolServerSideTranslatorPB.send(ScmBlockLocationProtocolServerSideTranslatorPB.java:111)
	at org.apache.hadoop.hdds.protocol.proto.ScmBlockLocationProtocolProtos$ScmBlockLocationProtocolService$2.callBlockingMethod(ScmBlockLocationProtocolProtos.java:15776)
	at org.apache.hadoop.ipc.ProtobufRpcEngine$Server.processCall(ProtobufRpcEngine.java:484)
	at org.apache.hadoop.ipc.ProtobufRpcEngine2$Server$ProtoBufRpcInvoker.call(ProtobufRpcEngine2.java:595)
	at org.apache.hadoop.ipc.ProtobufRpcEngine2$Server$ProtoBufRpcInvoker.call(ProtobufRpcEngine2.java:573)
	at org.apache.hadoop.ipc.RPC$Server.call(RPC.java:1227)
	at org.apache.hadoop.ipc.Server$RpcCall.run(Server.java:1246)
	at org.apache.hadoop.ipc.Server$RpcCall.run(Server.java:1169)
	at java.base/java.security.AccessController.doPrivileged(AccessController.java:714)
	at java.base/javax.security.auth.Subject.doAs(Subject.java:525)
	at org.apache.hadoop.security.UserGroupInformation.doAs(UserGroupInformation.java:1953)
	at org.apache.hadoop.ipc.Server$Handler.run(Server.java:3198)
, while invoking $Proxy55.send over nodeId=scmNodeId,nodeAddress=/0.0.0.0:15001 after 2 failover attempts. Trying to failover after sleeping for 2000ms. Current retry count: 2.
2025-03-10 14:58:34,058 [768f1ebc-c18b-41d5-9534-8f528a8c3722@group-2460433EB1A0-FollowerState] INFO  impl.FollowerState (FollowerState.java:runImpl(161)) - 768f1ebc-c18b-41d5-9534-8f528a8c3722@group-2460433EB1A0-FollowerState: change to CANDIDATE, lastRpcElapsedTime:5117982829ns, electionTimeout:5115ms
2025-03-10 14:58:34,058 [768f1ebc-c18b-41d5-9534-8f528a8c3722@group-2460433EB1A0-FollowerState] INFO  impl.RoleInfo (RoleInfo.java:shutdownFollowerState(121)) - 768f1ebc-c18b-41d5-9534-8f528a8c3722: shutdown 768f1ebc-c18b-41d5-9534-8f528a8c3722@group-2460433EB1A0-FollowerState
2025-03-10 14:58:34,058 [768f1ebc-c18b-41d5-9534-8f528a8c3722@group-2460433EB1A0-FollowerState] INFO  server.RaftServer$Division (RaftServerImpl.java:setRole(378)) - 768f1ebc-c18b-41d5-9534-8f528a8c3722@group-2460433EB1A0: changes role from  FOLLOWER to CANDIDATE at term 1 for changeToCandidate
2025-03-10 14:58:34,058 [768f1ebc-c18b-41d5-9534-8f528a8c3722@group-2460433EB1A0-FollowerState] INFO  server.RaftServerConfigKeys (ConfUtils.java:logGet(46)) - raft.server.leaderelection.pre-vote = true (default)
2025-03-10 14:58:34,059 [768f1ebc-c18b-41d5-9534-8f528a8c3722@group-2460433EB1A0-FollowerState] INFO  impl.RoleInfo (RoleInfo.java:updateAndGet(148)) - 768f1ebc-c18b-41d5-9534-8f528a8c3722: start 768f1ebc-c18b-41d5-9534-8f528a8c3722@group-2460433EB1A0-LeaderElection2
2025-03-10 14:58:34,059 [768f1ebc-c18b-41d5-9534-8f528a8c3722@group-2460433EB1A0-LeaderElection2] INFO  impl.LeaderElection (LeaderElection.java:askForVotes(332)) - 768f1ebc-c18b-41d5-9534-8f528a8c3722@group-2460433EB1A0-LeaderElection2 PRE_VOTE round 0: submit vote requests at term 1 for conf: {index: 0, cur=peers:[768f1ebc-c18b-41d5-9534-8f528a8c3722|fv-az1384-231:15004]|listeners:[], old=null}
2025-03-10 14:58:34,059 [768f1ebc-c18b-41d5-9534-8f528a8c3722@group-2460433EB1A0-LeaderElection2] INFO  impl.LeaderElection (LeaderElection.java:askForVotes(334)) - 768f1ebc-c18b-41d5-9534-8f528a8c3722@group-2460433EB1A0-LeaderElection2 PRE_VOTE round 0: result PASSED (term=1)
2025-03-10 14:58:34,061 [768f1ebc-c18b-41d5-9534-8f528a8c3722@group-2460433EB1A0-LeaderElection2] INFO  impl.LeaderElection (LeaderElection.java:askForVotes(332)) - 768f1ebc-c18b-41d5-9534-8f528a8c3722@group-2460433EB1A0-LeaderElection2 ELECTION round 0: submit vote requests at term 2 for conf: {index: 0, cur=peers:[768f1ebc-c18b-41d5-9534-8f528a8c3722|fv-az1384-231:15004]|listeners:[], old=null}
2025-03-10 14:58:34,061 [768f1ebc-c18b-41d5-9534-8f528a8c3722@group-2460433EB1A0-LeaderElection2] INFO  impl.LeaderElection (LeaderElection.java:askForVotes(334)) - 768f1ebc-c18b-41d5-9534-8f528a8c3722@group-2460433EB1A0-LeaderElection2 ELECTION round 0: result PASSED (term=2)
2025-03-10 14:58:34,061 [768f1ebc-c18b-41d5-9534-8f528a8c3722@group-2460433EB1A0-LeaderElection2] INFO  impl.RoleInfo (RoleInfo.java:shutdownLeaderElection(141)) - 768f1ebc-c18b-41d5-9534-8f528a8c3722: shutdown 768f1ebc-c18b-41d5-9534-8f528a8c3722@group-2460433EB1A0-LeaderElection2
2025-03-10 14:58:34,061 [768f1ebc-c18b-41d5-9534-8f528a8c3722@group-2460433EB1A0-LeaderElection2] INFO  server.RaftServer$Division (RaftServerImpl.java:setRole(378)) - 768f1ebc-c18b-41d5-9534-8f528a8c3722@group-2460433EB1A0: changes role from CANDIDATE to LEADER at term 2 for changeToLeader
2025-03-10 14:58:34,062 [768f1ebc-c18b-41d5-9534-8f528a8c3722@group-2460433EB1A0-LeaderElection2] INFO  server.RaftServerConfigKeys (ConfUtils.java:logGet(46)) - raft.server.staging.catchup.gap = 1000 (default)
2025-03-10 14:58:34,062 [768f1ebc-c18b-41d5-9534-8f528a8c3722@group-2460433EB1A0-LeaderElection2] INFO  server.RaftServerConfigKeys (ConfUtils.java:logGet(46)) - raft.server.write.element-limit = 4096 (default)
2025-03-10 14:58:34,062 [768f1ebc-c18b-41d5-9534-8f528a8c3722@group-2460433EB1A0-LeaderElection2] INFO  server.RaftServerConfigKeys (ConfUtils.java:logGet(46)) - raft.server.write.byte-limit = 64MB (=67108864) (default)
2025-03-10 14:58:34,063 [768f1ebc-c18b-41d5-9534-8f528a8c3722@group-2460433EB1A0-LeaderElection2] INFO  server.RaftServerConfigKeys (ConfUtils.java:logGet(46)) - raft.server.watch.timeout = 10s (default)
2025-03-10 14:58:34,063 [768f1ebc-c18b-41d5-9534-8f528a8c3722@group-2460433EB1A0-LeaderElection2] INFO  server.RaftServerConfigKeys (ConfUtils.java:logGet(46)) - raft.server.watch.timeout.denomination = 1s (default)
2025-03-10 14:58:34,063 [768f1ebc-c18b-41d5-9534-8f528a8c3722@group-2460433EB1A0-LeaderElection2] INFO  server.RaftServerConfigKeys (ConfUtils.java:logGet(46)) - raft.server.watch.element-limit = 65536 (default)
2025-03-10 14:58:34,063 [768f1ebc-c18b-41d5-9534-8f528a8c3722@group-2460433EB1A0-LeaderElection2] INFO  server.RaftServerConfigKeys (ConfUtils.java:logGet(46)) - raft.server.read.leader.lease.enabled = false (default)
2025-03-10 14:58:34,064 [768f1ebc-c18b-41d5-9534-8f528a8c3722@group-2460433EB1A0-LeaderElection2] INFO  server.RaftServerConfigKeys (ConfUtils.java:logGet(46)) - raft.server.read.leader.lease.timeout.ratio = 0.9 (default)
2025-03-10 14:58:34,064 [768f1ebc-c18b-41d5-9534-8f528a8c3722@group-2460433EB1A0-LeaderElection2] INFO  server.RaftServerConfigKeys (ConfUtils.java:logGet(46)) - raft.server.rpc.timeout.min = 5000ms (custom)
2025-03-10 14:58:34,064 [768f1ebc-c18b-41d5-9534-8f528a8c3722@group-2460433EB1A0-LeaderElection2] INFO  server.RaftServerConfigKeys (ConfUtils.java:logGet(46)) - raft.server.log.log-metadata.enabled = true (default)
2025-03-10 14:58:34,064 [768f1ebc-c18b-41d5-9534-8f528a8c3722@group-2460433EB1A0-LeaderElection2] INFO  server.RaftServerConfigKeys (ConfUtils.java:logGet(46)) - raft.server.write.element-limit = 4096 (default)
2025-03-10 14:58:34,064 [768f1ebc-c18b-41d5-9534-8f528a8c3722@group-2460433EB1A0-LeaderElection2] INFO  server.RaftServerConfigKeys (ConfUtils.java:logGet(46)) - raft.server.write.follower.gap.ratio.max = -1.0 (default)
2025-03-10 14:58:34,064 [768f1ebc-c18b-41d5-9534-8f528a8c3722@group-2460433EB1A0-LeaderElection2] INFO  impl.RoleInfo (RoleInfo.java:updateAndGet(148)) - 768f1ebc-c18b-41d5-9534-8f528a8c3722: start 768f1ebc-c18b-41d5-9534-8f528a8c3722@group-2460433EB1A0-LeaderStateImpl
2025-03-10 14:58:34,065 [768f1ebc-c18b-41d5-9534-8f528a8c3722@group-2460433EB1A0-LeaderElection2] INFO  server.RaftServer$Division (RaftServerImpl.java:setFirstElection(562)) - 768f1ebc-c18b-41d5-9534-8f528a8c3722@group-2460433EB1A0: set firstElectionSinceStartup to false for becomeLeader
2025-03-10 14:58:34,065 [768f1ebc-c18b-41d5-9534-8f528a8c3722@group-2460433EB1A0-LeaderElection2] INFO  ha.SCMStateMachine (SCMStateMachine.java:notifyLeaderChanged(294)) - current SCM becomes leader of term 2.
2025-03-10 14:58:34,065 [768f1ebc-c18b-41d5-9534-8f528a8c3722@group-2460433EB1A0-LeaderElection2] INFO  ha.SCMContext (SCMContext.java:updateLeaderAndTerm(95)) - update <isLeader,term> from <false,0> to <true,2>
2025-03-10 14:58:34,067 [768f1ebc-c18b-41d5-9534-8f528a8c3722@group-2460433EB1A0-LeaderElection2] INFO  server.RaftServer$Division (ServerState.java:setLeader(272)) - 768f1ebc-c18b-41d5-9534-8f528a8c3722@group-2460433EB1A0: change Leader from null to 768f1ebc-c18b-41d5-9534-8f528a8c3722 at term 2 for becomeLeader, leader elected after 5908ms
2025-03-10 14:58:34,067 [768f1ebc-c18b-41d5-9534-8f528a8c3722@group-2460433EB1A0-LeaderElection2] INFO  segmented.SegmentedRaftLogWorker (SegmentedRaftLogWorker.java:rollLogSegment(443)) - 768f1ebc-c18b-41d5-9534-8f528a8c3722@group-2460433EB1A0-SegmentedRaftLogWorker: Rolling segment log-0_0 to index:0
2025-03-10 14:58:34,068 [768f1ebc-c18b-41d5-9534-8f528a8c3722@group-2460433EB1A0-LeaderElection2] INFO  server.RaftServer$Division (ServerState.java:setRaftConf(386)) - 768f1ebc-c18b-41d5-9534-8f528a8c3722@group-2460433EB1A0: set configuration conf: {index: 1, cur=peers:[768f1ebc-c18b-41d5-9534-8f528a8c3722|fv-az1384-231:15004]|listeners:[], old=null}
2025-03-10 14:58:34,069 [768f1ebc-c18b-41d5-9534-8f528a8c3722@group-2460433EB1A0-SegmentedRaftLogWorker] INFO  segmented.SegmentedRaftLogWorker (SegmentedRaftLogWorker.java:execute(601)) - 768f1ebc-c18b-41d5-9534-8f528a8c3722@group-2460433EB1A0-SegmentedRaftLogWorker: Rolled log segment from /home/runner/work/ozone/ozone/hadoop-ozone/integration-test/target/test-dir/MiniOzoneClusterImpl-c1e049f0-9043-4314-b8f3-2460433eb1a0/ozone-meta/scm-ha/c1e049f0-9043-4314-b8f3-2460433eb1a0/current/log_inprogress_0 to /home/runner/work/ozone/ozone/hadoop-ozone/integration-test/target/test-dir/MiniOzoneClusterImpl-c1e049f0-9043-4314-b8f3-2460433eb1a0/ozone-meta/scm-ha/c1e049f0-9043-4314-b8f3-2460433eb1a0/current/log_0-0
2025-03-10 14:58:34,071 [768f1ebc-c18b-41d5-9534-8f528a8c3722@group-2460433EB1A0-SegmentedRaftLogWorker] INFO  segmented.BufferedWriteChannel (BufferedWriteChannel.java:open(61)) - open log_inprogress_1 at position 0
2025-03-10 14:58:34,080 [768f1ebc-c18b-41d5-9534-8f528a8c3722@group-2460433EB1A0-SegmentedRaftLogWorker] INFO  segmented.SegmentedRaftLogWorker (SegmentedRaftLogWorker.java:execute(644)) - 768f1ebc-c18b-41d5-9534-8f528a8c3722@group-2460433EB1A0-SegmentedRaftLogWorker: created new log segment /home/runner/work/ozone/ozone/hadoop-ozone/integration-test/target/test-dir/MiniOzoneClusterImpl-c1e049f0-9043-4314-b8f3-2460433eb1a0/ozone-meta/scm-ha/c1e049f0-9043-4314-b8f3-2460433eb1a0/current/log_inprogress_1
2025-03-10 14:58:34,084 [768f1ebc-c18b-41d5-9534-8f528a8c3722@group-2460433EB1A0-StateMachineUpdater] INFO  server.RaftServer$Division (LeaderStateImpl.java:checkStartIndex(313)) - Leader 768f1ebc-c18b-41d5-9534-8f528a8c3722@group-2460433EB1A0-LeaderStateImpl is ready since appliedIndex == startIndex == 1
2025-03-10 14:58:34,085 [768f1ebc-c18b-41d5-9534-8f528a8c3722@group-2460433EB1A0-StateMachineUpdater] INFO  ha.SCMContext (SCMContext.java:setLeaderReady(122)) - update <isLeaderReady> from <false> to <true>
2025-03-10 14:58:34,085 [768f1ebc-c18b-41d5-9534-8f528a8c3722@group-2460433EB1A0-StateMachineUpdater] INFO  pipeline.BackgroundPipelineCreator (BackgroundPipelineCreator.java:notifyStatusChanged(269)) - Service BackgroundPipelineCreator transitions to RUNNING.
2025-03-10 14:58:34,087 [768f1ebc-c18b-41d5-9534-8f528a8c3722@group-2460433EB1A0-StateMachineUpdater] INFO  safemode.HealthyPipelineSafeModeRule (HealthyPipelineSafeModeRule.java:initializeRule(174)) - Refreshed total pipeline count is 0, healthy pipeline threshold count is 1
2025-03-10 14:58:34,087 [768f1ebc-c18b-41d5-9534-8f528a8c3722@group-2460433EB1A0-StateMachineUpdater] INFO  safemode.ContainerSafeModeRule (ContainerSafeModeRule.java:initializeRule(356)) - Refreshed Containers with one replica threshold count 0, with ec n replica threshold count 0.
2025-03-10 14:58:34,087 [768f1ebc-c18b-41d5-9534-8f528a8c3722@group-2460433EB1A0-StateMachineUpdater] INFO  safemode.OneReplicaPipelineSafeModeRule (OneReplicaPipelineSafeModeRule.java:initializeRule(187)) - Refreshed Total pipeline count is 0, pipeline's with at least one datanode reported threshold count is 0
2025-03-10 14:58:34,087 [768f1ebc-c18b-41d5-9534-8f528a8c3722@group-2460433EB1A0-StateMachineUpdater] INFO  server.SCMDatanodeProtocolServer (SCMDatanodeProtocolServer.java:start(193)) - ScmDatanodeProtocol RPC server for DataNodes is listening at /0.0.0.0:15002
2025-03-10 14:58:34,088 [IPC Server Responder] INFO  ipc.Server (Server.java:run(1713)) - IPC Server Responder: starting
2025-03-10 14:58:34,088 [IPC Server listener on 15002] INFO  ipc.Server (Server.java:run(1553)) - IPC Server listener on 15002: starting
2025-03-10 14:58:35,883 [main] INFO  om.OzoneManager (OzoneManager.java:<init>(684)) - OM start with adminUsers: [runner]
2025-03-10 14:58:35,896 [main] WARN  server.ServerUtils (ServerUtils.java:getDBPath(297)) - ozone.om.db.dirs is not configured. We recommend adding this setting. Falling back to ozone.metadata.dirs instead.
2025-03-10 14:58:36,169 [main] INFO  om.OzoneManager (OzoneManager.java:instantiateServices(820)) - S3 Multi-Tenancy is disabled
2025-03-10 14:58:36,189 [main] INFO  om.OmSnapshotManager (OmSnapshotManager.java:<init>(180)) - Ozone filesystem snapshot feature is enabled.
2025-03-10 14:58:36,194 [main] WARN  server.ServerUtils (ServerUtils.java:getDBPath(297)) - ozone.om.snapshot.diff.db.dir is not configured. We recommend adding this setting. Falling back to ozone.metadata.dirs instead.
2025-03-10 14:58:36,223 [main] INFO  utils.NativeLibraryLoader (NativeLibraryLoader.java:loadLibrary(120)) - Loading Library: ozone_rocksdb_tools
2025-03-10 14:58:36,224 [main] WARN  snapshot.SnapshotDiffManager (SnapshotDiffManager.java:initNativeLibraryForEfficientDiff(285)) - Native Library for raw sst file reading loading failed. Fallback to performing a full diff instead. Unable to load library ozone_rocksdb_tools from both java.library.path & resource file libozone_rocksdb_tools.so from jar.
2025-03-10 14:58:36,289 [main] INFO  om.OzoneManager (OzoneManager.java:addS3GVolumeToDB(4553)) - Created Volume s3v With Owner runner required for S3Gateway operations.
2025-03-10 14:58:36,334 [main] WARN  server.ServerUtils (ServerUtils.java:getDefaultRatisDirectory(309)) - Storage directory for Ratis is not configured. It is a good idea to map this to an SSD disk. Falling back to ozone.metadata.dirs
2025-03-10 14:58:36,334 [main] WARN  utils.OzoneManagerRatisUtils (OzoneManagerRatisUtils.java:getOMRatisSnapshotDirectory(488)) - ozone.om.ratis.snapshot.dir is not configured. Falling back to ozone.metadata.dirs config
2025-03-10 14:58:36,338 [main] WARN  dropwizard3.Dm3MetricRegistriesImpl (Dm3MetricRegistriesImpl.java:addReporterRegistration(114)) - New reporters are added after registries were created. Some metrics will be missing from the reporter. Please add reporter before adding any new registry.
2025-03-10 14:58:36,338 [main] WARN  dropwizard3.Dm3MetricRegistriesImpl (Dm3MetricRegistriesImpl.java:addReporterRegistration(114)) - New reporters are added after registries were created. Some metrics will be missing from the reporter. Please add reporter before adding any new registry.
2025-03-10 14:58:36,338 [main] WARN  server.ServerUtils (ServerUtils.java:getDefaultRatisDirectory(309)) - Storage directory for Ratis is not configured. It is a good idea to map this to an SSD disk. Falling back to ozone.metadata.dirs
2025-03-10 14:58:36,340 [main] INFO  server.RaftServerConfigKeys (ConfUtils.java:logGet(46)) - raft.server.log.appender.buffer.byte-limit = 4194304 (custom)
2025-03-10 14:58:36,342 [main] INFO  ratis.OzoneManagerRatisServer (OzoneManagerRatisServer.java:<init>(167)) - Instantiating OM Ratis server with groupID: omServiceIdDefault and peers: localhost:15009
2025-03-10 14:58:36,346 [main] INFO  ratis.OzoneManagerStateMachine (OzoneManagerStateMachine.java:loadSnapshotInfoFromDB(608)) - TransactionInfo not found in OM DB.
2025-03-10 14:58:36,384 [main] INFO  server.RaftServer (ConfUtils.java:logGet(46)) - raft.rpc.type = GRPC (default)
2025-03-10 14:58:36,385 [main] INFO  grpc.GrpcConfigKeys (ConfUtils.java:logFallback(53)) - raft.grpc.admin.host = null (fallback to raft.grpc.server.host)
2025-03-10 14:58:36,385 [main] INFO  grpc.GrpcConfigKeys (ConfUtils.java:logFallback(53)) - raft.grpc.admin.port = 15009 (fallback to raft.grpc.server.port)
2025-03-10 14:58:36,385 [main] INFO  grpc.GrpcConfigKeys (ConfUtils.java:logFallback(53)) - raft.grpc.client.host = null (fallback to raft.grpc.server.host)
2025-03-10 14:58:36,385 [main] INFO  grpc.GrpcConfigKeys (ConfUtils.java:logFallback(53)) - raft.grpc.client.port = 15009 (fallback to raft.grpc.server.port)
2025-03-10 14:58:36,385 [main] INFO  grpc.GrpcConfigKeys (ConfUtils.java:logGet(46)) - raft.grpc.server.host = null (default)
2025-03-10 14:58:36,386 [main] INFO  grpc.GrpcConfigKeys (ConfUtils.java:logGet(46)) - raft.grpc.server.port = 15009 (custom)
2025-03-10 14:58:36,386 [main] INFO  server.GrpcService (ConfUtils.java:logGet(46)) - raft.grpc.message.size.max = 5242880 (custom)
2025-03-10 14:58:36,386 [main] INFO  server.GrpcService (ConfUtils.java:logGet(46)) - raft.grpc.flow.control.window = 1MB (=1048576) (default)
2025-03-10 14:58:36,386 [main] INFO  server.RaftServerConfigKeys (ConfUtils.java:logGet(46)) - raft.server.rpc.request.timeout = 3000ms (default)
2025-03-10 14:58:36,386 [main] INFO  grpc.GrpcConfigKeys (ConfUtils.java:logGet(46)) - raft.grpc.server.heartbeat.channel = true (default)
2025-03-10 14:58:36,387 [main] INFO  server.RaftServerConfigKeys (ConfUtils.java:logGet(46)) - raft.server.log.appender.buffer.byte-limit = 4194304 (custom)
2025-03-10 14:58:36,387 [main] INFO  grpc.GrpcConfigKeys (ConfUtils.java:logGet(46)) - raft.grpc.server.async.request.thread.pool.cached = true (default)
2025-03-10 14:58:36,387 [main] INFO  grpc.GrpcConfigKeys (ConfUtils.java:logGet(46)) - raft.grpc.server.async.request.thread.pool.size = 32 (default)
2025-03-10 14:58:36,388 [main] INFO  impl.DataStreamServerImpl (ConfUtils.java:logGet(46)) - raft.datastream.type = DISABLED (default)
2025-03-10 14:58:36,388 [main] INFO  server.RaftServerConfigKeys (ConfUtils.java:logGet(46)) - raft.server.sleep.deviation.threshold = 300ms (default)
2025-03-10 14:58:36,388 [main] INFO  server.RaftServerConfigKeys (ConfUtils.java:logGet(46)) - raft.server.close.threshold = 60s (default)
2025-03-10 14:58:36,389 [main] INFO  server.RaftServerConfigKeys (ConfUtils.java:logGet(46)) - raft.server.leaderelection.leader.step-down.wait-time = 10s (default)
2025-03-10 14:58:36,389 [main] INFO  server.RaftServerConfigKeys (ConfUtils.java:logGet(46)) - raft.server.storage.dir = [/home/runner/work/ozone/ozone/hadoop-ozone/integration-test/target/test-dir/MiniOzoneClusterImpl-c1e049f0-9043-4314-b8f3-2460433eb1a0/ozone-meta/ratis] (custom)
2025-03-10 14:58:36,389 [main] INFO  server.RaftServerConfigKeys (ConfUtils.java:logGet(46)) - raft.server.threadpool.proxy.cached = true (default)
2025-03-10 14:58:36,389 [main] INFO  server.RaftServerConfigKeys (ConfUtils.java:logGet(46)) - raft.server.threadpool.proxy.size = 0 (default)
2025-03-10 14:58:36,390 [main] INFO  server.RaftServer (RaftServerProxy.java:addNew(100)) - om1: addNew group-C5BA1605619E:[om1|localhost:15009] returns group-C5BA1605619E:java.util.concurrent.CompletableFuture@3564caf8[Not completed]
2025-03-10 14:58:36,391 [main] INFO  om.OzoneManager (OzoneManager.java:initializeRatisServer(2190)) - OzoneManager Ratis server initialized at port 15009
2025-03-10 14:58:36,391 [om1-groupManagement] INFO  server.RaftServer$Division (RaftServerImpl.java:<init>(255)) - om1: new RaftServerImpl for group-C5BA1605619E:[om1|localhost:15009] with OzoneManagerStateMachine:uninitialized
2025-03-10 14:58:36,392 [om1-groupManagement] INFO  server.RaftServerConfigKeys (ConfUtils.java:logGet(46)) - raft.server.rpc.timeout.min = 1s (custom)
2025-03-10 14:58:36,392 [om1-groupManagement] INFO  server.RaftServerConfigKeys (ConfUtils.java:logGet(46)) - raft.server.rpc.timeout.max = 1200ms (custom)
2025-03-10 14:58:36,392 [om1-groupManagement] INFO  server.RaftServerConfigKeys (ConfUtils.java:logGet(46)) - raft.server.rpc.sleep.time = 25ms (default)
2025-03-10 14:58:36,392 [om1-groupManagement] INFO  server.RaftServerConfigKeys (ConfUtils.java:logGet(46)) - raft.server.rpc.slowness.timeout = 120s (custom)
2025-03-10 14:58:36,392 [om1-groupManagement] INFO  server.RaftServerConfigKeys (ConfUtils.java:logGet(46)) - raft.server.leaderelection.leader.step-down.wait-time = 10s (default)
2025-03-10 14:58:36,392 [om1-groupManagement] INFO  server.RaftServerConfigKeys (ConfUtils.java:logGet(46)) - raft.server.leaderelection.member.majority-add = false (default)
2025-03-10 14:58:36,392 [om1-groupManagement] INFO  server.RaftServerConfigKeys (ConfUtils.java:logGet(46)) - raft.server.sleep.deviation.threshold = 300ms (default)
2025-03-10 14:58:36,392 [om1-groupManagement] INFO  server.RaftServer$Division (ServerState.java:<init>(114)) - om1@group-C5BA1605619E: ConfigurationManager, init=conf: {index: -1, cur=peers:[om1|localhost:15009]|listeners:[], old=null}, confs=<EMPTY_MAP>
2025-03-10 14:58:36,392 [om1-groupManagement] INFO  server.RaftServerConfigKeys (ConfUtils.java:logGet(46)) - raft.server.notification.no-leader.timeout = 120s (custom)
2025-03-10 14:58:36,393 [om1-groupManagement] INFO  server.RaftServerConfigKeys (ConfUtils.java:logGet(46)) - raft.server.read.timeout = 10s (default)
2025-03-10 14:58:36,393 [om1-groupManagement] INFO  server.RaftServerConfigKeys (ConfUtils.java:logGet(46)) - raft.server.retrycache.expirytime = 300s (custom)
2025-03-10 14:58:36,393 [om1-groupManagement] INFO  server.RaftServerConfigKeys (ConfUtils.java:logGet(46)) - raft.server.retrycache.statistics.expirytime = 100ms (default)
2025-03-10 14:58:36,393 [om1-groupManagement] INFO  server.RaftServerConfigKeys (ConfUtils.java:logGet(46)) - raft.server.read.option = DEFAULT (default)
2025-03-10 14:58:36,393 [om1-groupManagement] INFO  server.RaftServerConfigKeys (ConfUtils.java:logGet(46)) - raft.server.read.read-after-write-consistent.write-index-cache.expiry-time = 60s (default)
2025-03-10 14:58:36,395 [main] INFO  om.OzoneManager (OzoneManager.java:getRpcServer(1247)) - Creating RPC Server
2025-03-10 14:58:36,405 [om1-groupManagement] INFO  server.RaftServerConfigKeys (ConfUtils.java:logGet(46)) - raft.server.rpc.request.timeout = 3000ms (default)
2025-03-10 14:58:36,405 [om1-groupManagement] INFO  server.RaftServerConfigKeys (ConfUtils.java:logGet(46)) - raft.server.log.appender.install.snapshot.enabled = false (custom)
2025-03-10 14:58:36,405 [om1-groupManagement] INFO  server.RaftServerConfigKeys (ConfUtils.java:logGet(46)) - raft.server.threadpool.server.cached = true (default)
2025-03-10 14:58:36,407 [om1-groupManagement] INFO  server.RaftServerConfigKeys (ConfUtils.java:logGet(46)) - raft.server.threadpool.server.size = 0 (default)
2025-03-10 14:58:36,407 [om1-groupManagement] INFO  server.RaftServerConfigKeys (ConfUtils.java:logGet(46)) - raft.server.threadpool.client.cached = true (default)
2025-03-10 14:58:36,408 [om1-groupManagement] INFO  server.RaftServerConfigKeys (ConfUtils.java:logGet(46)) - raft.server.threadpool.client.size = 0 (default)
2025-03-10 14:58:37,221 [main] INFO  reflections.Reflections (Reflections.java:scan(219)) - Reflections took 784 ms to scan 21 urls, producing 61 keys and 7356 values
2025-03-10 14:58:37,349 [main] INFO  ipc.CallQueueManager (CallQueueManager.java:<init>(93)) - Using callQueue: class java.util.concurrent.LinkedBlockingQueue, queueCapacity: 2000, scheduler: class org.apache.hadoop.ipc.DefaultRpcScheduler, ipcBackoff: false, ipcFailOver: false.
2025-03-10 14:58:37,350 [main] INFO  ipc.Server (Server.java:<init>(1438)) - Listener at 127.0.0.1:15006
2025-03-10 14:58:37,350 [Socket Reader #1 for port 15006] INFO  ipc.Server (Server.java:run(1474)) - Starting Socket Reader #1 for port 15006
2025-03-10 14:58:37,350 [Socket Reader #2 for port 15006] INFO  ipc.Server (Server.java:run(1474)) - Starting Socket Reader #2 for port 15006
2025-03-10 14:58:37,351 [Socket Reader #3 for port 15006] INFO  ipc.Server (Server.java:run(1474)) - Starting Socket Reader #3 for port 15006
2025-03-10 14:58:37,351 [Socket Reader #4 for port 15006] INFO  ipc.Server (Server.java:run(1474)) - Starting Socket Reader #4 for port 15006
2025-03-10 14:58:37,351 [Socket Reader #5 for port 15006] INFO  ipc.Server (Server.java:run(1474)) - Starting Socket Reader #5 for port 15006
2025-03-10 14:58:37,351 [Socket Reader #6 for port 15006] INFO  ipc.Server (Server.java:run(1474)) - Starting Socket Reader #6 for port 15006
2025-03-10 14:58:37,351 [Socket Reader #7 for port 15006] INFO  ipc.Server (Server.java:run(1474)) - Starting Socket Reader #7 for port 15006
2025-03-10 14:58:37,351 [Socket Reader #8 for port 15006] INFO  ipc.Server (Server.java:run(1474)) - Starting Socket Reader #8 for port 15006
2025-03-10 14:58:37,352 [Socket Reader #9 for port 15006] INFO  ipc.Server (Server.java:run(1474)) - Starting Socket Reader #9 for port 15006
2025-03-10 14:58:37,352 [Socket Reader #10 for port 15006] INFO  ipc.Server (Server.java:run(1474)) - Starting Socket Reader #10 for port 15006
2025-03-10 14:58:37,380 [main] INFO  impl.MetricsSystemImpl (MetricsSystemImpl.java:init(158)) - OzoneManager metrics system started (again)
2025-03-10 14:58:37,394 [main] INFO  om.OzoneManager (OzoneManager.java:start(1674)) - OzoneManager RPC server is listening at localhost/127.0.0.1:15006
2025-03-10 14:58:37,394 [main] INFO  ratis.OzoneManagerRatisServer (OzoneManagerRatisServer.java:start(630)) - Starting OzoneManagerRatisServer om1 at port 15009
2025-03-10 14:58:37,395 [om1-impl-thread1] INFO  server.RaftServerConfigKeys (ConfUtils.java:logGet(46)) - raft.server.storage.free-space.min = 0MB (=0) (default)
2025-03-10 14:58:37,395 [om1-impl-thread1] INFO  server.RaftServerConfigKeys (ConfUtils.java:logGet(46)) - raft.server.log.corruption.policy = EXCEPTION (default)
2025-03-10 14:58:37,395 [om1-impl-thread1] INFO  server.RaftServerConfigKeys (ConfUtils.java:logGet(46)) - raft.server.storage.dir = [/home/runner/work/ozone/ozone/hadoop-ozone/integration-test/target/test-dir/MiniOzoneClusterImpl-c1e049f0-9043-4314-b8f3-2460433eb1a0/ozone-meta/ratis] (custom)
2025-03-10 14:58:37,396 [om1-impl-thread1] INFO  storage.RaftStorageDirectory (RaftStorageDirectoryImpl.java:analyzeStorage(138)) - The storage directory /home/runner/work/ozone/ozone/hadoop-ozone/integration-test/target/test-dir/MiniOzoneClusterImpl-c1e049f0-9043-4314-b8f3-2460433eb1a0/ozone-meta/ratis/bf265839-605b-3f16-9796-c5ba1605619e does not exist. Creating ...
2025-03-10 14:58:37,397 [om1-impl-thread1] INFO  storage.RaftStorageDirectory (RaftStorageDirectoryImpl.java:tryLock(229)) - Lock on /home/runner/work/ozone/ozone/hadoop-ozone/integration-test/target/test-dir/MiniOzoneClusterImpl-c1e049f0-9043-4314-b8f3-2460433eb1a0/ozone-meta/ratis/bf265839-605b-3f16-9796-c5ba1605619e/in_use.lock acquired by nodename 139316@fv-az1384-231
2025-03-10 14:58:37,398 [om1-impl-thread1] INFO  storage.RaftStorage (RaftStorageImpl.java:format(98)) - Storage directory /home/runner/work/ozone/ozone/hadoop-ozone/integration-test/target/test-dir/MiniOzoneClusterImpl-c1e049f0-9043-4314-b8f3-2460433eb1a0/ozone-meta/ratis/bf265839-605b-3f16-9796-c5ba1605619e has been successfully formatted.
2025-03-10 14:58:37,399 [om1-impl-thread1] INFO  ratis.OzoneManagerStateMachine (OzoneManagerStateMachine.java:lambda$0(138)) - om1: initialize group-C5BA1605619E with (t:0, i:~)
2025-03-10 14:58:37,399 [om1-impl-thread1] INFO  server.RaftServerConfigKeys (ConfUtils.java:logGet(46)) - raft.server.log.use.memory = false (default)
2025-03-10 14:58:37,399 [om1-impl-thread1] INFO  server.RaftServerConfigKeys (ConfUtils.java:logGet(46)) - raft.server.log.purge.gap = 1000000 (custom)
2025-03-10 14:58:37,399 [om1-impl-thread1] INFO  server.RaftServerConfigKeys (ConfUtils.java:logGet(46)) - raft.server.log.appender.buffer.byte-limit = 4194304 (custom)
2025-03-10 14:58:37,400 [om1-impl-thread1] INFO  server.RaftServerConfigKeys (ConfUtils.java:logGet(46)) - raft.server.log.statemachine.data.read.timeout = 1000ms (default)
2025-03-10 14:58:37,400 [om1-impl-thread1] INFO  server.RaftServerConfigKeys (ConfUtils.java:logGet(46)) - raft.server.log.purge.preservation.log.num = 0 (default)
2025-03-10 14:58:37,402 [om1-impl-thread1] INFO  server.RaftServerConfigKeys (ConfUtils.java:logGet(46)) - raft.server.log.segment.size.max = 4194304 (custom)
2025-03-10 14:58:37,403 [om1-impl-thread1] INFO  server.RaftServerConfigKeys (ConfUtils.java:logGet(46)) - raft.server.log.segment.cache.num.max = 2 (custom)
2025-03-10 14:58:37,403 [om1-impl-thread1] INFO  server.RaftServerConfigKeys (ConfUtils.java:logGet(46)) - raft.server.log.segment.cache.size.max = 200MB (=209715200) (default)
2025-03-10 14:58:37,403 [om1-impl-thread1] INFO  server.RaftServerConfigKeys (ConfUtils.java:logGet(46)) - raft.server.log.appender.buffer.byte-limit = 4194304 (custom)
2025-03-10 14:58:37,404 [om1-impl-thread1] INFO  util.AwaitToRun (AwaitToRun.java:start(81)) - Thread[#461,om1@group-C5BA1605619E-cacheEviction-AwaitToRun,5,main] started
2025-03-10 14:58:37,404 [om1-impl-thread1] INFO  segmented.SegmentedRaftLogWorker (SegmentedRaftLogWorker.java:<init>(188)) - new om1@group-C5BA1605619E-SegmentedRaftLogWorker for RaftStorageImpl:Storage Directory /home/runner/work/ozone/ozone/hadoop-ozone/integration-test/target/test-dir/MiniOzoneClusterImpl-c1e049f0-9043-4314-b8f3-2460433eb1a0/ozone-meta/ratis/bf265839-605b-3f16-9796-c5ba1605619e
2025-03-10 14:58:37,404 [om1-impl-thread1] INFO  server.RaftServerConfigKeys (ConfUtils.java:logGet(46)) - raft.server.log.queue.byte-limit = 64MB (=67108864) (default)
2025-03-10 14:58:37,404 [om1-impl-thread1] INFO  server.RaftServerConfigKeys (ConfUtils.java:logGet(46)) - raft.server.log.queue.element-limit = 4096 (default)
2025-03-10 14:58:37,404 [om1-impl-thread1] INFO  server.RaftServerConfigKeys (ConfUtils.java:logGet(46)) - raft.server.log.segment.size.max = 4194304 (custom)
2025-03-10 14:58:37,404 [om1-impl-thread1] INFO  server.RaftServerConfigKeys (ConfUtils.java:logGet(46)) - raft.server.log.preallocated.size = 4194304 (custom)
2025-03-10 14:58:37,404 [om1-impl-thread1] INFO  server.RaftServerConfigKeys (ConfUtils.java:logGet(46)) - raft.server.log.force.sync.num = 128 (default)
2025-03-10 14:58:37,404 [om1-impl-thread1] INFO  server.RaftServerConfigKeys (ConfUtils.java:logGet(46)) - raft.server.log.statemachine.data.sync = true (default)
2025-03-10 14:58:37,404 [om1-impl-thread1] INFO  server.RaftServerConfigKeys (ConfUtils.java:logGet(46)) - raft.server.log.statemachine.data.sync.timeout = 10s (default)
2025-03-10 14:58:37,404 [om1-impl-thread1] INFO  server.RaftServerConfigKeys (ConfUtils.java:logGet(46)) - raft.server.log.statemachine.data.sync.timeout.retry = -1 (default)
2025-03-10 14:58:37,405 [om1-impl-thread1] INFO  server.RaftServerConfigKeys (ConfUtils.java:logGet(46)) - raft.server.log.write.buffer.size = 4194312 (custom)
2025-03-10 14:58:37,410 [om1-impl-thread1] INFO  server.RaftServerConfigKeys (ConfUtils.java:logGet(46)) - raft.server.log.appender.buffer.byte-limit = 4194304 (custom)
2025-03-10 14:58:37,410 [om1-impl-thread1] INFO  server.RaftServerConfigKeys (ConfUtils.java:logGet(46)) - raft.server.log.unsafe-flush.enabled = false (default)
2025-03-10 14:58:37,410 [om1-impl-thread1] INFO  server.RaftServerConfigKeys (ConfUtils.java:logGet(46)) - raft.server.log.async-flush.enabled = false (default)
2025-03-10 14:58:37,410 [om1-impl-thread1] INFO  server.RaftServerConfigKeys (ConfUtils.java:logGet(46)) - raft.server.log.statemachine.data.caching.enabled = false (default)
2025-03-10 14:58:37,410 [om1-impl-thread1] INFO  segmented.SegmentedRaftLogWorker (SegmentedRaftLogWorker.java:lambda$new$0(139)) - om1@group-C5BA1605619E-SegmentedRaftLogWorker: flushIndex: setUnconditionally 0 -> -1
2025-03-10 14:58:37,410 [om1-impl-thread1] INFO  segmented.SegmentedRaftLogWorker (SegmentedRaftLogWorker.java:lambda$new$0(139)) - om1@group-C5BA1605619E-SegmentedRaftLogWorker: safeCacheEvictIndex: setUnconditionally 0 -> -1
2025-03-10 14:58:37,412 [om1-impl-thread1] INFO  server.RaftServer$Division (RaftServerImpl.java:start(391)) - om1@group-C5BA1605619E: start as a follower, conf=conf: {index: -1, cur=peers:[om1|localhost:15009]|listeners:[], old=null}
2025-03-10 14:58:37,412 [om1-impl-thread1] INFO  server.RaftServer$Division (RaftServerImpl.java:setRole(378)) - om1@group-C5BA1605619E: changes role from      null to FOLLOWER at term 0 for startAsFollower
2025-03-10 14:58:37,412 [om1-impl-thread1] INFO  impl.RoleInfo (RoleInfo.java:updateAndGet(148)) - om1: start om1@group-C5BA1605619E-FollowerState
2025-03-10 14:58:37,414 [om1@group-C5BA1605619E-FollowerState] INFO  server.RaftServerConfigKeys (ConfUtils.java:logFallback(53)) - raft.server.rpc.first-election.timeout.min = 1s (fallback to raft.server.rpc.timeout.min)
2025-03-10 14:58:37,414 [om1@group-C5BA1605619E-FollowerState] INFO  server.RaftServerConfigKeys (ConfUtils.java:logFallback(53)) - raft.server.rpc.first-election.timeout.max = 1200ms (fallback to raft.server.rpc.timeout.max)
2025-03-10 14:58:37,414 [om1-impl-thread1] INFO  util.JmxRegister (JmxRegister.java:tryRegister(44)) - Successfully registered JMX Bean with object name Ratis:service=RaftServer,group=group-C5BA1605619E,id=om1
2025-03-10 14:58:37,415 [om1-impl-thread1] INFO  util.JmxRegister (JmxRegister.java:register(58)) - register mxBean class org.apache.ratis.server.impl.RaftServerJmxAdapter as Ratis:service=RaftServer,group=group-C5BA1605619E,id=om1
2025-03-10 14:58:37,415 [om1-impl-thread1] INFO  server.RaftServerConfigKeys (ConfUtils.java:logGet(46)) - raft.server.snapshot.trigger-when-stop.enabled = true (default)
2025-03-10 14:58:37,415 [om1-impl-thread1] INFO  server.RaftServerConfigKeys (ConfUtils.java:logGet(46)) - raft.server.snapshot.trigger-when-remove.enabled = true (default)
2025-03-10 14:58:37,415 [om1-impl-thread1] INFO  server.RaftServerConfigKeys (ConfUtils.java:logGet(46)) - raft.server.snapshot.auto.trigger.enabled = true (custom)
2025-03-10 14:58:37,416 [om1-impl-thread1] INFO  server.RaftServerConfigKeys (ConfUtils.java:logGet(46)) - raft.server.snapshot.auto.trigger.threshold = 400000 (default)
2025-03-10 14:58:37,416 [om1-impl-thread1] INFO  server.RaftServerConfigKeys (ConfUtils.java:logGet(46)) - raft.server.snapshot.retention.file.num = -1 (default)
2025-03-10 14:58:37,417 [om1-impl-thread1] INFO  server.RaftServerConfigKeys (ConfUtils.java:logGet(46)) - raft.server.log.purge.upto.snapshot.index = true (custom)
2025-03-10 14:58:37,418 [om1-impl-thread1] INFO  server.RaftServer$Division (RaftServerImpl.java:start(405)) - om1@group-C5BA1605619E: Successfully started.
2025-03-10 14:58:37,419 [main] INFO  server.RaftServer (RaftServerProxy.java:startImpl(407)) - om1: start RPC server
2025-03-10 14:58:37,420 [main] INFO  server.GrpcService (GrpcService.java:startImpl(334)) - om1: GrpcService started, listening on 15009
2025-03-10 14:58:37,421 [JvmPauseMonitor2] INFO  util.JvmPauseMonitor (JvmPauseMonitor.java:run(146)) - JvmPauseMonitor-om1: Started
2025-03-10 14:58:37,422 [main] INFO  om.OzoneManager (OzoneManager.java:start(1689)) - Version File has different layout version (8) than OM DB (null). That is expected if this OM has never been finalized to a newer layout version.
2025-03-10 14:58:37,438 [main] INFO  client.ScmTopologyClient (ScmTopologyClient.java:start(70)) - Initial network topology fetched from SCM: /.
2025-03-10 14:58:37,438 [main] INFO  net.NodeSchemaLoader (NodeSchemaLoader.java:loadSchemaFromFile(127)) - Loading schema from [jar:file:/home/runner/work/ozone/ozone/hadoop-hdds/common/target/hdds-common-2.0.0-SNAPSHOT.jar!/network-topology-default.xml]
2025-03-10 14:58:37,439 [main] INFO  net.NodeSchemaLoader (NodeSchemaLoader.java:loadSchema(174)) - Loading network topology layer schema file
2025-03-10 14:58:37,456 [main] INFO  http.BaseHttpServer (BaseHttpServer.java:newHttpServer2BuilderForOzone(229)) - Starting Web-server for ozoneManager at: http://0.0.0.0:15007
2025-03-10 14:58:37,457 [main] INFO  http.BaseHttpServer (BaseHttpServer.java:<init>(107)) - Hadoop Security Enabled: false Ozone Security Enabled: false Ozone HTTP Security Enabled: false 
2025-03-10 14:58:37,459 [main] WARN  server.AuthenticationFilter (AuthenticationFilter.java:constructSecretProvider(240)) - Unable to initialize FileSignerSecretProvider, falling back to use random secrets. Reason: Could not read signature secret file: /home/runner/hadoop-http-auth-signature-secret
2025-03-10 14:58:37,460 [main] INFO  http.HttpRequestLog (HttpRequestLog.java:getRequestLog(85)) - Http request log for http.requests.ozoneManager is not defined
2025-03-10 14:58:37,462 [main] INFO  http.HttpServer2 (HttpServer2.java:addGlobalFilter(1040)) - Added global filter 'safety' (class=org.apache.hadoop.hdds.server.http.HttpServer2$QuotingInputFilter)
2025-03-10 14:58:37,463 [main] INFO  http.HttpServer2 (HttpServer2.java:addFilter(1016)) - Added filter static_user_filter (class=org.apache.hadoop.http.lib.StaticUserWebFilter$StaticUserFilter) to context ozoneManager
2025-03-10 14:58:37,463 [main] INFO  http.HttpServer2 (HttpServer2.java:addFilter(1024)) - Added filter static_user_filter (class=org.apache.hadoop.http.lib.StaticUserWebFilter$StaticUserFilter) to context logs
2025-03-10 14:58:37,463 [main] INFO  http.HttpServer2 (HttpServer2.java:addFilter(1024)) - Added filter static_user_filter (class=org.apache.hadoop.http.lib.StaticUserWebFilter$StaticUserFilter) to context static
2025-03-10 14:58:37,464 [main] INFO  http.BaseHttpServer (BaseHttpServer.java:<init>(195)) - HTTP server of ozoneManager uses base directory /home/runner/work/ozone/ozone/hadoop-ozone/integration-test/target/test-dir/MiniOzoneClusterImpl-c1e049f0-9043-4314-b8f3-2460433eb1a0/ozone-meta/webserver
2025-03-10 14:58:37,467 [main] INFO  http.HttpServer2 (HttpServer2.java:bindListener(1240)) - Jetty bound to port 15007
2025-03-10 14:58:37,467 [main] INFO  server.Server (Server.java:doStart(375)) - jetty-9.4.57.v20241219; built: 2025-01-08T21:24:30.412Z; git: df524e6b29271c2e09ba9aea83c18dc9db464a31; jvm 21.0.6+7-LTS
2025-03-10 14:58:37,469 [main] INFO  server.session (DefaultSessionIdManager.java:doStart(334)) - DefaultSessionIdManager workerName=node0
2025-03-10 14:58:37,469 [main] INFO  server.session (DefaultSessionIdManager.java:doStart(339)) - No SessionScavenger set, using defaults
2025-03-10 14:58:37,470 [main] INFO  server.session (HouseKeeper.java:startScavenging(132)) - node0 Scavenging every 660000ms
2025-03-10 14:58:37,470 [main] INFO  handler.ContextHandler (ContextHandler.java:doStart(921)) - Started o.e.j.s.ServletContextHandler@605ba15f{logs,/logs,file:///home/runner/work/ozone/ozone/hadoop-ozone/integration-test/target/log,AVAILABLE}
2025-03-10 14:58:37,471 [main] INFO  handler.ContextHandler (ContextHandler.java:doStart(921)) - Started o.e.j.s.ServletContextHandler@5fa842b5{static,/static,file:///home/runner/work/ozone/ozone/hadoop-ozone/integration-test/target/test-classes/webapps/static,AVAILABLE}
2025-03-10 14:58:37,481 [main] INFO  handler.ContextHandler (ContextHandler.java:doStart(921)) - Started o.e.j.w.WebAppContext@773faae8{ozoneManager,/,file:///home/runner/work/ozone/ozone/hadoop-ozone/integration-test/target/test-classes/webapps/ozoneManager/,AVAILABLE}{file:/home/runner/work/ozone/ozone/hadoop-ozone/integration-test/target/test-classes/webapps/ozoneManager}
2025-03-10 14:58:37,482 [main] INFO  server.AbstractConnector (AbstractConnector.java:doStart(333)) - Started ServerConnector@7fd03b0a{HTTP/1.1, (http/1.1)}{0.0.0.0:15007}
2025-03-10 14:58:37,482 [main] INFO  server.Server (Server.java:doStart(415)) - Started @18522ms
2025-03-10 14:58:37,482 [main] WARN  impl.MetricsSystemImpl (MetricsSystemImpl.java:register(279)) - Sink prometheus already exists!
2025-03-10 14:58:37,483 [main] INFO  http.BaseHttpServer (BaseHttpServer.java:updateConnectorAddress(360)) - HTTP server of ozoneManager listening at http://0.0.0.0:15007
2025-03-10 14:58:37,483 [IPC Server Responder] INFO  ipc.Server (Server.java:run(1713)) - IPC Server Responder: starting
2025-03-10 14:58:37,483 [IPC Server listener on 15006] INFO  ipc.Server (Server.java:run(1553)) - IPC Server listener on 15006: starting
2025-03-10 14:58:37,486 [main] INFO  om.OzoneManager (OzoneManager.java:startTrashEmptier(2144)) - Trash Interval set to 0. Files deleted won't move to trash
2025-03-10 14:58:37,502 [main] INFO  db.CodecBuffer (CodecBuffer.java:set(62)) - Successfully set constructor to LeakDetector::newCodecBuffer: org.apache.hadoop.hdds.utils.db.CodecBuffer$$Lambda/0x00007fd8d87b4000@45e65f8
2025-03-10 14:58:37,566 [main] WARN  dropwizard3.Dm3MetricRegistriesImpl (Dm3MetricRegistriesImpl.java:addReporterRegistration(114)) - New reporters are added after registries were created. Some metrics will be missing from the reporter. Please add reporter before adding any new registry.
2025-03-10 14:58:37,566 [main] WARN  dropwizard3.Dm3MetricRegistriesImpl (Dm3MetricRegistriesImpl.java:addReporterRegistration(114)) - New reporters are added after registries were created. Some metrics will be missing from the reporter. Please add reporter before adding any new registry.
2025-03-10 14:58:37,567 [main] INFO  impl.MetricsSystemImpl (MetricsSystemImpl.java:init(158)) - HddsDatanode metrics system started (again)
2025-03-10 14:58:37,586 [main] INFO  ozone.HddsDatanodeService (HddsDatanodeService.java:start(241)) - HddsDatanodeService host:fv-az1384-231.gpq2x2ivaaoebfs5ykq4ww3pqb.bx.internal.cloudapp.net ip:10.1.0.104
2025-03-10 14:58:37,591 [main] INFO  upgrade.AbstractLayoutVersionManager (AbstractLayoutVersionManager.java:init(80)) - Initializing Layout version manager with metadata layout = HBASE_SUPPORT (version = 8), software layout = HBASE_SUPPORT (version = 8)
2025-03-10 14:58:37,593 [main] INFO  statemachine.DatanodeStateMachine (DatanodeStateMachine.java:getEndPointTaskThreadPoolSize(293)) - Datanode State Machine Task Thread Pool size 2
2025-03-10 14:58:37,634 [main] INFO  volume.HddsVolume (HddsVolume.java:<init>(132)) - Creating HddsVolume: /home/runner/work/ozone/ozone/hadoop-ozone/integration-test/target/test-dir/MiniOzoneClusterImpl-c1e049f0-9043-4314-b8f3-2460433eb1a0/ozone-meta/datanode-1/data-0/hdds of storage type: DISK, capacity=9222449699674390527, used=0, available=9222449699674390527
2025-03-10 14:58:37,636 [main] INFO  volume.MutableVolumeSet (MutableVolumeSet.java:initializeVolumeSet(169)) - Added Volume : /home/runner/work/ozone/ozone/hadoop-ozone/integration-test/target/test-dir/MiniOzoneClusterImpl-c1e049f0-9043-4314-b8f3-2460433eb1a0/ozone-meta/datanode-1/data-0/hdds to VolumeSet
2025-03-10 14:58:37,639 [main] INFO  volume.MutableVolumeSet (MutableVolumeSet.java:initializeVolumeSet(169)) - Added Volume : /home/runner/work/ozone/ozone/hadoop-ozone/integration-test/target/test-dir/MiniOzoneClusterImpl-c1e049f0-9043-4314-b8f3-2460433eb1a0/ozone-meta/datanode-1/ratis to VolumeSet
2025-03-10 14:58:37,642 [main] INFO  ozoneimpl.OzoneContainer (HddsVolumeUtil.java:loadAllHddsVolumeDbStore(101)) - Load 1 volumes DbStore cost: 1ms
2025-03-10 14:58:37,644 [main] WARN  db.DBStoreBuilder (DBStoreBuilder.java:getDBDirPath(169)) - ozone.scm.datanode.id.dir is not configured. We recommend adding this setting. Falling back to ozone.metadata.dirs instead.
2025-03-10 14:58:37,648 [main] WARN  db.DBStoreBuilder (DBStoreBuilder.java:getDBDirPath(169)) - ozone.scm.datanode.id.dir is not configured. We recommend adding this setting. Falling back to ozone.metadata.dirs instead.
2025-03-10 14:58:37,676 [main] INFO  impl.FilePerChunkStrategy (FilePerChunkStrategy.java:<init>(79)) - ozone.chunk.read.mapped.buffer.max.count is load with 0
2025-03-10 14:58:37,678 [main] INFO  impl.FilePerBlockStrategy (FilePerBlockStrategy.java:<init>(87)) - ozone.chunk.read.mapped.buffer.max.count is load with 0
2025-03-10 14:58:37,704 [main] INFO  audit.AuditLogger (AuditLogger.java:refreshDebugCmdSet(133)) - Refresh DebugCmdSet for DNAudit to [].
2025-03-10 14:58:37,720 [main] INFO  server.RaftServerConfigKeys (ConfUtils.java:logGet(46)) - raft.server.log.appender.buffer.byte-limit = 33554432 (custom)
2025-03-10 14:58:37,730 [main] INFO  server.RaftServer (ConfUtils.java:logGet(46)) - raft.rpc.type = GRPC (default)
2025-03-10 14:58:37,730 [main] INFO  grpc.GrpcConfigKeys (ConfUtils.java:logFallback(53)) - raft.grpc.admin.host = null (fallback to raft.grpc.server.host)
2025-03-10 14:58:37,730 [main] INFO  grpc.GrpcConfigKeys (ConfUtils.java:logGet(46)) - raft.grpc.admin.port = 15015 (custom)
2025-03-10 14:58:37,731 [main] INFO  grpc.GrpcConfigKeys (ConfUtils.java:logFallback(53)) - raft.grpc.client.host = null (fallback to raft.grpc.server.host)
2025-03-10 14:58:37,731 [main] INFO  grpc.GrpcConfigKeys (ConfUtils.java:logGet(46)) - raft.grpc.client.port = 15014 (custom)
2025-03-10 14:58:37,731 [main] INFO  grpc.GrpcConfigKeys (ConfUtils.java:logGet(46)) - raft.grpc.server.host = null (default)
2025-03-10 14:58:37,731 [main] INFO  grpc.GrpcConfigKeys (ConfUtils.java:logGet(46)) - raft.grpc.server.port = 15016 (custom)
2025-03-10 14:58:37,731 [main] INFO  server.GrpcService (ConfUtils.java:logGet(46)) - raft.grpc.message.size.max = 34603008 (custom)
2025-03-10 14:58:37,731 [main] INFO  server.GrpcService (ConfUtils.java:logGet(46)) - raft.grpc.flow.control.window = 5MB (=5242880) (custom)
2025-03-10 14:58:37,732 [main] INFO  server.RaftServerConfigKeys (ConfUtils.java:logGet(46)) - raft.server.rpc.request.timeout = 60s (custom)
2025-03-10 14:58:37,732 [main] INFO  grpc.GrpcConfigKeys (ConfUtils.java:logGet(46)) - raft.grpc.server.heartbeat.channel = true (default)
2025-03-10 14:58:37,732 [main] INFO  server.RaftServerConfigKeys (ConfUtils.java:logGet(46)) - raft.server.log.appender.buffer.byte-limit = 33554432 (custom)
2025-03-10 14:58:37,732 [main] INFO  grpc.GrpcConfigKeys (ConfUtils.java:logGet(46)) - raft.grpc.server.async.request.thread.pool.cached = true (default)
2025-03-10 14:58:37,732 [main] INFO  grpc.GrpcConfigKeys (ConfUtils.java:logGet(46)) - raft.grpc.server.async.request.thread.pool.size = 32 (default)
2025-03-10 14:58:37,734 [main] INFO  impl.DataStreamServerImpl (ConfUtils.java:logGet(46)) - raft.datastream.type = NETTY (custom)
2025-03-10 14:58:37,742 [main] INFO  server.RaftServerConfigKeys (ConfUtils.java:logGet(46)) - raft.server.data-stream.async.request.thread.pool.cached = false (default)
2025-03-10 14:58:37,742 [main] INFO  server.RaftServerConfigKeys (ConfUtils.java:logGet(46)) - raft.server.data-stream.async.request.thread.pool.size = 20 (custom)
2025-03-10 14:58:37,743 [main] INFO  server.RaftServerConfigKeys (ConfUtils.java:logGet(46)) - raft.server.data-stream.async.write.thread.pool.size = 16 (default)
2025-03-10 14:58:37,744 [main] INFO  netty.NettyConfigKeys$DataStream (ConfUtils.java:logGet(46)) - raft.netty.dataStream.server.channel.inactive.grace-period = 10min (default)
2025-03-10 14:58:37,745 [main] INFO  server.RaftServerConfigKeys (ConfUtils.java:logGet(46)) - raft.server.data-stream.client.pool.size = 10 (default)
2025-03-10 14:58:37,746 [main] INFO  netty.NettyConfigKeys$DataStream (ConfUtils.java:logGet(46)) - raft.netty.dataStream.server.use-epoll = true (default)
2025-03-10 14:58:37,746 [main] INFO  netty.NettyConfigKeys$DataStream (ConfUtils.java:logGet(46)) - raft.netty.dataStream.server.boss-group.size = 0 (default)
2025-03-10 14:58:37,747 [main] INFO  netty.NettyUtils (NettyUtils.java:newEventLoopGroup(74)) - Create EpollEventLoopGroup for bb41d03f-9ea0-4e3b-80d9-0852d4352e0e-NettyServerStreamRpc-bossGroup; Thread size is 0.
2025-03-10 14:58:37,748 [main] INFO  netty.NettyConfigKeys$DataStream (ConfUtils.java:logGet(46)) - raft.netty.dataStream.server.worker-group.size = 0 (default)
2025-03-10 14:58:37,748 [main] INFO  netty.NettyUtils (NettyUtils.java:newEventLoopGroup(74)) - Create EpollEventLoopGroup for bb41d03f-9ea0-4e3b-80d9-0852d4352e0e-NettyServerStreamRpc-workerGroup; Thread size is 0.
2025-03-10 14:58:37,749 [main] INFO  netty.NettyConfigKeys$DataStream (ConfUtils.java:logGet(46)) - raft.netty.dataStream.server.tls.conf = null (default)
2025-03-10 14:58:37,750 [main] INFO  netty.NettyConfigKeys$DataStream (ConfUtils.java:logGet(46)) - raft.netty.dataStream.host = null (default)
2025-03-10 14:58:37,750 [main] INFO  netty.NettyConfigKeys$DataStream (ConfUtils.java:logGet(46)) - raft.netty.dataStream.port = 15017 (custom)
2025-03-10 14:58:37,753 [main] INFO  server.RaftServerConfigKeys (ConfUtils.java:logGet(46)) - raft.server.sleep.deviation.threshold = 300ms (default)
2025-03-10 14:58:37,753 [main] INFO  server.RaftServerConfigKeys (ConfUtils.java:logGet(46)) - raft.server.close.threshold = 60s (default)
2025-03-10 14:58:37,753 [main] INFO  server.RaftServerConfigKeys (ConfUtils.java:logGet(46)) - raft.server.leaderelection.leader.step-down.wait-time = 10s (default)
2025-03-10 14:58:37,754 [main] INFO  server.RaftServerConfigKeys (ConfUtils.java:logGet(46)) - raft.server.storage.dir = [/home/runner/work/ozone/ozone/hadoop-ozone/integration-test/target/test-dir/MiniOzoneClusterImpl-c1e049f0-9043-4314-b8f3-2460433eb1a0/ozone-meta/datanode-1/ratis] (custom)
2025-03-10 14:58:37,754 [main] INFO  server.RaftServerConfigKeys (ConfUtils.java:logGet(46)) - raft.server.threadpool.proxy.cached = true (default)
2025-03-10 14:58:37,754 [main] INFO  server.RaftServerConfigKeys (ConfUtils.java:logGet(46)) - raft.server.threadpool.proxy.size = 0 (default)
2025-03-10 14:58:37,755 [bb41d03f-9ea0-4e3b-80d9-0852d4352e0e-impl-thread1] INFO  server.RaftServer (RaftServerProxy.java:initGroupDir(265)) - bb41d03f-9ea0-4e3b-80d9-0852d4352e0e: found a subdirectory /home/runner/work/ozone/ozone/hadoop-ozone/integration-test/target/test-dir/MiniOzoneClusterImpl-c1e049f0-9043-4314-b8f3-2460433eb1a0/ozone-meta/datanode-1/ratis/tmp
2025-03-10 14:58:37,756 [bb41d03f-9ea0-4e3b-80d9-0852d4352e0e-impl-thread1] INFO  server.RaftServer (RaftServerProxy.java:initGroupDir(270)) - bb41d03f-9ea0-4e3b-80d9-0852d4352e0e: The directory /home/runner/work/ozone/ozone/hadoop-ozone/integration-test/target/test-dir/MiniOzoneClusterImpl-c1e049f0-9043-4314-b8f3-2460433eb1a0/ozone-meta/datanode-1/ratis/tmp is not a group directory; ignoring it. 
2025-03-10 14:58:37,759 [main] INFO  replication.ReplicationServer (ReplicationServer.java:<init>(84)) - Initializing replication server with thread count = 10 queue length = 4096
2025-03-10 14:58:37,762 [bb41d03f-9ea0-4e3b-80d9-0852d4352e0e-NettyServerStreamRpc-bossGroup--thread1] INFO  logging.LoggingHandler (AbstractInternalLogger.java:log(148)) - [id: 0x372182bd] REGISTERED
2025-03-10 14:58:37,763 [bb41d03f-9ea0-4e3b-80d9-0852d4352e0e-NettyServerStreamRpc-bossGroup--thread1] INFO  logging.LoggingHandler (AbstractInternalLogger.java:log(148)) - [id: 0x372182bd] BIND: 0.0.0.0/0.0.0.0:15017
2025-03-10 14:58:37,763 [bb41d03f-9ea0-4e3b-80d9-0852d4352e0e-NettyServerStreamRpc-bossGroup--thread1] INFO  logging.LoggingHandler (AbstractInternalLogger.java:log(148)) - [id: 0x372182bd, L:/0.0.0.0:15017] ACTIVE
2025-03-10 14:58:37,779 [main] INFO  server.XceiverServerGrpc (XceiverServerGrpc.java:<init>(131)) - GrpcServer channel type EpollServerSocketChannel
2025-03-10 14:58:37,816 [main] INFO  replication.ReplicationSupervisor (ReplicationSupervisor.java:build(169)) - Initializing replication supervisor with thread count = 10
2025-03-10 14:58:37,818 [main] INFO  replication.ReplicationSupervisor (ReplicationSupervisor.java:nodeStateUpdated(358)) - Node state updated to IN_SERVICE, scaling executor pool size to 10
2025-03-10 14:58:37,863 [main] INFO  lib.Interns (Interns.java:removeEldestEntry(50)) - Metrics intern cache overflow at 2011 for MetricsSystem={MetricsSystem=MetricsInfoImpl{name=MetricsSystem, description=MetricsSystem}, MetricsSystem record=MetricsInfoImpl{name=MetricsSystem, description=MetricsSystem record}}
2025-03-10 14:58:37,881 [main] INFO  http.BaseHttpServer (BaseHttpServer.java:newHttpServer2BuilderForOzone(229)) - Starting Web-server for hddsDatanode at: http://0.0.0.0:15011
2025-03-10 14:58:37,881 [main] INFO  http.BaseHttpServer (BaseHttpServer.java:<init>(107)) - Hadoop Security Enabled: false Ozone Security Enabled: false Ozone HTTP Security Enabled: false 
2025-03-10 14:58:37,884 [main] WARN  server.AuthenticationFilter (AuthenticationFilter.java:constructSecretProvider(240)) - Unable to initialize FileSignerSecretProvider, falling back to use random secrets. Reason: Could not read signature secret file: /home/runner/hadoop-http-auth-signature-secret
2025-03-10 14:58:37,885 [main] INFO  http.HttpRequestLog (HttpRequestLog.java:getRequestLog(85)) - Http request log for http.requests.hddsDatanode is not defined
2025-03-10 14:58:37,887 [main] INFO  http.HttpServer2 (HttpServer2.java:addGlobalFilter(1040)) - Added global filter 'safety' (class=org.apache.hadoop.hdds.server.http.HttpServer2$QuotingInputFilter)
2025-03-10 14:58:37,889 [main] INFO  http.HttpServer2 (HttpServer2.java:addFilter(1016)) - Added filter static_user_filter (class=org.apache.hadoop.http.lib.StaticUserWebFilter$StaticUserFilter) to context hddsDatanode
2025-03-10 14:58:37,889 [main] INFO  http.HttpServer2 (HttpServer2.java:addFilter(1024)) - Added filter static_user_filter (class=org.apache.hadoop.http.lib.StaticUserWebFilter$StaticUserFilter) to context static
2025-03-10 14:58:37,889 [main] INFO  http.HttpServer2 (HttpServer2.java:addFilter(1024)) - Added filter static_user_filter (class=org.apache.hadoop.http.lib.StaticUserWebFilter$StaticUserFilter) to context logs
2025-03-10 14:58:37,890 [main] INFO  http.BaseHttpServer (BaseHttpServer.java:<init>(195)) - HTTP server of hddsDatanode uses base directory /home/runner/work/ozone/ozone/hadoop-ozone/integration-test/target/test-dir/MiniOzoneClusterImpl-c1e049f0-9043-4314-b8f3-2460433eb1a0/ozone-meta/datanode-1/meta/webserver
2025-03-10 14:58:37,891 [main] INFO  http.HttpServer2 (HttpServer2.java:bindListener(1240)) - Jetty bound to port 15011
2025-03-10 14:58:37,891 [main] INFO  server.Server (Server.java:doStart(375)) - jetty-9.4.57.v20241219; built: 2025-01-08T21:24:30.412Z; git: df524e6b29271c2e09ba9aea83c18dc9db464a31; jvm 21.0.6+7-LTS
2025-03-10 14:58:37,893 [main] INFO  server.session (DefaultSessionIdManager.java:doStart(334)) - DefaultSessionIdManager workerName=node0
2025-03-10 14:58:37,893 [main] INFO  server.session (DefaultSessionIdManager.java:doStart(339)) - No SessionScavenger set, using defaults
2025-03-10 14:58:37,894 [main] INFO  server.session (HouseKeeper.java:startScavenging(132)) - node0 Scavenging every 660000ms
2025-03-10 14:58:37,895 [main] INFO  handler.ContextHandler (ContextHandler.java:doStart(921)) - Started o.e.j.s.ServletContextHandler@4054e55b{logs,/logs,file:///home/runner/work/ozone/ozone/hadoop-ozone/integration-test/target/log,AVAILABLE}
2025-03-10 14:58:37,895 [main] INFO  handler.ContextHandler (ContextHandler.java:doStart(921)) - Started o.e.j.s.ServletContextHandler@51077e04{static,/static,jar:file:/home/runner/work/ozone/ozone/hadoop-hdds/container-service/target/hdds-container-service-2.0.0-SNAPSHOT.jar!/webapps/static,AVAILABLE}
2025-03-10 14:58:38,054 [main] INFO  handler.ContextHandler (ContextHandler.java:doStart(921)) - Started o.e.j.w.WebAppContext@2f499565{hddsDatanode,/,file:///home/runner/work/ozone/ozone/hadoop-ozone/integration-test/target/test-dir/MiniOzoneClusterImpl-c1e049f0-9043-4314-b8f3-2460433eb1a0/ozone-meta/datanode-1/meta/webserver/jetty-0_0_0_0-15011-hdds-container-service-2_0_0-SNAPSHOT_jar-_-any-12023593218559427598/webapp/,AVAILABLE}{jar:file:/home/runner/work/ozone/ozone/hadoop-hdds/container-service/target/hdds-container-service-2.0.0-SNAPSHOT.jar!/webapps/hddsDatanode}
2025-03-10 14:58:38,055 [main] INFO  server.AbstractConnector (AbstractConnector.java:doStart(333)) - Started ServerConnector@1e35c3ff{HTTP/1.1, (http/1.1)}{0.0.0.0:15011}
2025-03-10 14:58:38,056 [main] INFO  server.Server (Server.java:doStart(415)) - Started @19096ms
2025-03-10 14:58:38,056 [main] WARN  impl.MetricsSystemImpl (MetricsSystemImpl.java:register(279)) - Sink prometheus already exists!
2025-03-10 14:58:38,057 [main] INFO  http.BaseHttpServer (BaseHttpServer.java:updateConnectorAddress(360)) - HTTP server of hddsDatanode listening at http://0.0.0.0:15011
2025-03-10 14:58:38,059 [main] INFO  ipc.CallQueueManager (CallQueueManager.java:<init>(93)) - Using callQueue: class java.util.concurrent.LinkedBlockingQueue, queueCapacity: 1000, scheduler: class org.apache.hadoop.ipc.DefaultRpcScheduler, ipcBackoff: false, ipcFailOver: false.
2025-03-10 14:58:38,060 [main] INFO  ipc.Server (Server.java:<init>(1438)) - Listener at 0.0.0.0:15012
2025-03-10 14:58:38,060 [Socket Reader #1 for port 15012] INFO  ipc.Server (Server.java:run(1474)) - Starting Socket Reader #1 for port 15012
2025-03-10 14:58:38,061 [Socket Reader #3 for port 15012] INFO  ipc.Server (Server.java:run(1474)) - Starting Socket Reader #3 for port 15012
2025-03-10 14:58:38,061 [Socket Reader #4 for port 15012] INFO  ipc.Server (Server.java:run(1474)) - Starting Socket Reader #4 for port 15012
2025-03-10 14:58:38,062 [Socket Reader #5 for port 15012] INFO  ipc.Server (Server.java:run(1474)) - Starting Socket Reader #5 for port 15012
2025-03-10 14:58:38,062 [Socket Reader #6 for port 15012] INFO  ipc.Server (Server.java:run(1474)) - Starting Socket Reader #6 for port 15012
2025-03-10 14:58:38,061 [Socket Reader #2 for port 15012] INFO  ipc.Server (Server.java:run(1474)) - Starting Socket Reader #2 for port 15012
2025-03-10 14:58:38,062 [Socket Reader #7 for port 15012] INFO  ipc.Server (Server.java:run(1474)) - Starting Socket Reader #7 for port 15012
2025-03-10 14:58:38,063 [Socket Reader #8 for port 15012] INFO  ipc.Server (Server.java:run(1474)) - Starting Socket Reader #8 for port 15012
2025-03-10 14:58:38,063 [Socket Reader #9 for port 15012] INFO  ipc.Server (Server.java:run(1474)) - Starting Socket Reader #9 for port 15012
2025-03-10 14:58:38,064 [Socket Reader #10 for port 15012] INFO  ipc.Server (Server.java:run(1474)) - Starting Socket Reader #10 for port 15012
2025-03-10 14:58:38,066 [main] INFO  ozone.HddsDatanodeService (HddsDatanodeService.java:start(332)) - Datanode start with admins: [runner]
2025-03-10 14:58:38,067 [main] INFO  ozone.HddsDatanodeClientProtocolServer (HddsDatanodeClientProtocolServer.java:start(76)) - RPC server for Client /0.0.0.0:15012
2025-03-10 14:58:38,067 [IPC Server Responder] INFO  ipc.Server (Server.java:run(1713)) - IPC Server Responder: starting
2025-03-10 14:58:38,067 [IPC Server listener on 15012] INFO  ipc.Server (Server.java:run(1553)) - IPC Server listener on 15012: starting
2025-03-10 14:58:38,070 [main] WARN  dropwizard3.Dm3MetricRegistriesImpl (Dm3MetricRegistriesImpl.java:addReporterRegistration(114)) - New reporters are added after registries were created. Some metrics will be missing from the reporter. Please add reporter before adding any new registry.
2025-03-10 14:58:38,071 [main] WARN  dropwizard3.Dm3MetricRegistriesImpl (Dm3MetricRegistriesImpl.java:addReporterRegistration(114)) - New reporters are added after registries were created. Some metrics will be missing from the reporter. Please add reporter before adding any new registry.
2025-03-10 14:58:38,071 [main] INFO  impl.MetricsSystemImpl (MetricsSystemImpl.java:init(158)) - HddsDatanode metrics system started (again)
2025-03-10 14:58:38,080 [bb41d03f-9ea0-4e3b-80d9-0852d4352e0e-DatanodeStateMachineDaemonThread] INFO  statemachine.DatanodeStateMachine (DatanodeStateMachine.java:startStateMachineThread(336)) - Ozone container server started.
2025-03-10 14:58:38,087 [main] INFO  ozone.HddsDatanodeService (HddsDatanodeService.java:start(241)) - HddsDatanodeService host:fv-az1384-231.gpq2x2ivaaoebfs5ykq4ww3pqb.bx.internal.cloudapp.net ip:10.1.0.104
2025-03-10 14:58:38,093 [main] INFO  upgrade.AbstractLayoutVersionManager (AbstractLayoutVersionManager.java:init(80)) - Initializing Layout version manager with metadata layout = HBASE_SUPPORT (version = 8), software layout = HBASE_SUPPORT (version = 8)
2025-03-10 14:58:38,094 [main] INFO  statemachine.DatanodeStateMachine (DatanodeStateMachine.java:getEndPointTaskThreadPoolSize(293)) - Datanode State Machine Task Thread Pool size 2
2025-03-10 14:58:38,099 [main] INFO  volume.HddsVolume (HddsVolume.java:<init>(132)) - Creating HddsVolume: /home/runner/work/ozone/ozone/hadoop-ozone/integration-test/target/test-dir/MiniOzoneClusterImpl-c1e049f0-9043-4314-b8f3-2460433eb1a0/ozone-meta/datanode-2/data-0/hdds of storage type: DISK, capacity=9222449699674390527, used=0, available=9222449699674390527
2025-03-10 14:58:38,099 [main] INFO  volume.MutableVolumeSet (MutableVolumeSet.java:initializeVolumeSet(169)) - Added Volume : /home/runner/work/ozone/ozone/hadoop-ozone/integration-test/target/test-dir/MiniOzoneClusterImpl-c1e049f0-9043-4314-b8f3-2460433eb1a0/ozone-meta/datanode-2/data-0/hdds to VolumeSet
2025-03-10 14:58:38,101 [main] INFO  volume.MutableVolumeSet (MutableVolumeSet.java:initializeVolumeSet(169)) - Added Volume : /home/runner/work/ozone/ozone/hadoop-ozone/integration-test/target/test-dir/MiniOzoneClusterImpl-c1e049f0-9043-4314-b8f3-2460433eb1a0/ozone-meta/datanode-2/ratis to VolumeSet
2025-03-10 14:58:38,103 [main] INFO  ozoneimpl.OzoneContainer (HddsVolumeUtil.java:loadAllHddsVolumeDbStore(101)) - Load 1 volumes DbStore cost: 0ms
2025-03-10 14:58:38,105 [main] WARN  db.DBStoreBuilder (DBStoreBuilder.java:getDBDirPath(169)) - ozone.scm.datanode.id.dir is not configured. We recommend adding this setting. Falling back to ozone.metadata.dirs instead.
2025-03-10 14:58:38,107 [main] WARN  db.DBStoreBuilder (DBStoreBuilder.java:getDBDirPath(169)) - ozone.scm.datanode.id.dir is not configured. We recommend adding this setting. Falling back to ozone.metadata.dirs instead.
2025-03-10 14:58:38,132 [main] INFO  impl.FilePerChunkStrategy (FilePerChunkStrategy.java:<init>(79)) - ozone.chunk.read.mapped.buffer.max.count is load with 0
2025-03-10 14:58:38,132 [main] INFO  impl.FilePerBlockStrategy (FilePerBlockStrategy.java:<init>(87)) - ozone.chunk.read.mapped.buffer.max.count is load with 0
2025-03-10 14:58:38,134 [main] INFO  server.RaftServerConfigKeys (ConfUtils.java:logGet(46)) - raft.server.log.appender.buffer.byte-limit = 33554432 (custom)
2025-03-10 14:58:38,136 [main] INFO  server.RaftServer (ConfUtils.java:logGet(46)) - raft.rpc.type = GRPC (default)
2025-03-10 14:58:38,137 [main] INFO  grpc.GrpcConfigKeys (ConfUtils.java:logFallback(53)) - raft.grpc.admin.host = null (fallback to raft.grpc.server.host)
2025-03-10 14:58:38,137 [main] INFO  grpc.GrpcConfigKeys (ConfUtils.java:logGet(46)) - raft.grpc.admin.port = 15024 (custom)
2025-03-10 14:58:38,137 [main] INFO  grpc.GrpcConfigKeys (ConfUtils.java:logFallback(53)) - raft.grpc.client.host = null (fallback to raft.grpc.server.host)
2025-03-10 14:58:38,137 [main] INFO  grpc.GrpcConfigKeys (ConfUtils.java:logGet(46)) - raft.grpc.client.port = 15023 (custom)
2025-03-10 14:58:38,137 [main] INFO  grpc.GrpcConfigKeys (ConfUtils.java:logGet(46)) - raft.grpc.server.host = null (default)
2025-03-10 14:58:38,138 [main] INFO  grpc.GrpcConfigKeys (ConfUtils.java:logGet(46)) - raft.grpc.server.port = 15025 (custom)
2025-03-10 14:58:38,138 [main] INFO  server.GrpcService (ConfUtils.java:logGet(46)) - raft.grpc.message.size.max = 34603008 (custom)
2025-03-10 14:58:38,138 [main] INFO  server.GrpcService (ConfUtils.java:logGet(46)) - raft.grpc.flow.control.window = 5MB (=5242880) (custom)
2025-03-10 14:58:38,138 [main] INFO  server.RaftServerConfigKeys (ConfUtils.java:logGet(46)) - raft.server.rpc.request.timeout = 60s (custom)
2025-03-10 14:58:38,138 [main] INFO  grpc.GrpcConfigKeys (ConfUtils.java:logGet(46)) - raft.grpc.server.heartbeat.channel = true (default)
2025-03-10 14:58:38,139 [main] INFO  server.RaftServerConfigKeys (ConfUtils.java:logGet(46)) - raft.server.log.appender.buffer.byte-limit = 33554432 (custom)
2025-03-10 14:58:38,139 [main] INFO  grpc.GrpcConfigKeys (ConfUtils.java:logGet(46)) - raft.grpc.server.async.request.thread.pool.cached = true (default)
2025-03-10 14:58:38,139 [main] INFO  grpc.GrpcConfigKeys (ConfUtils.java:logGet(46)) - raft.grpc.server.async.request.thread.pool.size = 32 (default)
2025-03-10 14:58:38,140 [main] INFO  impl.DataStreamServerImpl (ConfUtils.java:logGet(46)) - raft.datastream.type = NETTY (custom)
2025-03-10 14:58:38,141 [main] INFO  server.RaftServerConfigKeys (ConfUtils.java:logGet(46)) - raft.server.data-stream.async.request.thread.pool.cached = false (default)
2025-03-10 14:58:38,141 [main] INFO  server.RaftServerConfigKeys (ConfUtils.java:logGet(46)) - raft.server.data-stream.async.request.thread.pool.size = 20 (custom)
2025-03-10 14:58:38,141 [main] INFO  server.RaftServerConfigKeys (ConfUtils.java:logGet(46)) - raft.server.data-stream.async.write.thread.pool.size = 16 (default)
2025-03-10 14:58:38,141 [main] INFO  netty.NettyConfigKeys$DataStream (ConfUtils.java:logGet(46)) - raft.netty.dataStream.server.channel.inactive.grace-period = 10min (default)
2025-03-10 14:58:38,142 [main] INFO  server.RaftServerConfigKeys (ConfUtils.java:logGet(46)) - raft.server.data-stream.client.pool.size = 10 (default)
2025-03-10 14:58:38,142 [main] INFO  netty.NettyConfigKeys$DataStream (ConfUtils.java:logGet(46)) - raft.netty.dataStream.server.use-epoll = true (default)
2025-03-10 14:58:38,142 [main] INFO  netty.NettyConfigKeys$DataStream (ConfUtils.java:logGet(46)) - raft.netty.dataStream.server.boss-group.size = 0 (default)
2025-03-10 14:58:38,142 [main] INFO  netty.NettyUtils (NettyUtils.java:newEventLoopGroup(74)) - Create EpollEventLoopGroup for cd975088-a4e1-4d6c-8217-e67620ac7c17-NettyServerStreamRpc-bossGroup; Thread size is 0.
2025-03-10 14:58:38,143 [main] INFO  netty.NettyConfigKeys$DataStream (ConfUtils.java:logGet(46)) - raft.netty.dataStream.server.worker-group.size = 0 (default)
2025-03-10 14:58:38,143 [main] INFO  netty.NettyUtils (NettyUtils.java:newEventLoopGroup(74)) - Create EpollEventLoopGroup for cd975088-a4e1-4d6c-8217-e67620ac7c17-NettyServerStreamRpc-workerGroup; Thread size is 0.
2025-03-10 14:58:38,144 [main] INFO  netty.NettyConfigKeys$DataStream (ConfUtils.java:logGet(46)) - raft.netty.dataStream.server.tls.conf = null (default)
2025-03-10 14:58:38,144 [main] INFO  netty.NettyConfigKeys$DataStream (ConfUtils.java:logGet(46)) - raft.netty.dataStream.host = null (default)
2025-03-10 14:58:38,145 [main] INFO  netty.NettyConfigKeys$DataStream (ConfUtils.java:logGet(46)) - raft.netty.dataStream.port = 15026 (custom)
2025-03-10 14:58:38,146 [main] INFO  server.RaftServerConfigKeys (ConfUtils.java:logGet(46)) - raft.server.sleep.deviation.threshold = 300ms (default)
2025-03-10 14:58:38,146 [main] INFO  server.RaftServerConfigKeys (ConfUtils.java:logGet(46)) - raft.server.close.threshold = 60s (default)
2025-03-10 14:58:38,147 [main] INFO  server.RaftServerConfigKeys (ConfUtils.java:logGet(46)) - raft.server.leaderelection.leader.step-down.wait-time = 10s (default)
2025-03-10 14:58:38,147 [main] INFO  server.RaftServerConfigKeys (ConfUtils.java:logGet(46)) - raft.server.storage.dir = [/home/runner/work/ozone/ozone/hadoop-ozone/integration-test/target/test-dir/MiniOzoneClusterImpl-c1e049f0-9043-4314-b8f3-2460433eb1a0/ozone-meta/datanode-2/ratis] (custom)
2025-03-10 14:58:38,147 [main] INFO  server.RaftServerConfigKeys (ConfUtils.java:logGet(46)) - raft.server.threadpool.proxy.cached = true (default)
2025-03-10 14:58:38,147 [main] INFO  server.RaftServerConfigKeys (ConfUtils.java:logGet(46)) - raft.server.threadpool.proxy.size = 0 (default)
2025-03-10 14:58:38,146 [cd975088-a4e1-4d6c-8217-e67620ac7c17-NettyServerStreamRpc-bossGroup--thread1] INFO  logging.LoggingHandler (AbstractInternalLogger.java:log(148)) - [id: 0x8f682fbe] REGISTERED
2025-03-10 14:58:38,148 [cd975088-a4e1-4d6c-8217-e67620ac7c17-impl-thread1] INFO  server.RaftServer (RaftServerProxy.java:initGroupDir(265)) - cd975088-a4e1-4d6c-8217-e67620ac7c17: found a subdirectory /home/runner/work/ozone/ozone/hadoop-ozone/integration-test/target/test-dir/MiniOzoneClusterImpl-c1e049f0-9043-4314-b8f3-2460433eb1a0/ozone-meta/datanode-2/ratis/tmp
2025-03-10 14:58:38,148 [cd975088-a4e1-4d6c-8217-e67620ac7c17-NettyServerStreamRpc-bossGroup--thread1] INFO  logging.LoggingHandler (AbstractInternalLogger.java:log(148)) - [id: 0x8f682fbe] BIND: 0.0.0.0/0.0.0.0:15026
2025-03-10 14:58:38,149 [cd975088-a4e1-4d6c-8217-e67620ac7c17-NettyServerStreamRpc-bossGroup--thread1] INFO  logging.LoggingHandler (AbstractInternalLogger.java:log(148)) - [id: 0x8f682fbe, L:/0.0.0.0:15026] ACTIVE
2025-03-10 14:58:38,150 [cd975088-a4e1-4d6c-8217-e67620ac7c17-impl-thread1] INFO  server.RaftServer (RaftServerProxy.java:initGroupDir(270)) - cd975088-a4e1-4d6c-8217-e67620ac7c17: The directory /home/runner/work/ozone/ozone/hadoop-ozone/integration-test/target/test-dir/MiniOzoneClusterImpl-c1e049f0-9043-4314-b8f3-2460433eb1a0/ozone-meta/datanode-2/ratis/tmp is not a group directory; ignoring it. 
2025-03-10 14:58:38,150 [main] INFO  replication.ReplicationServer (ReplicationServer.java:<init>(84)) - Initializing replication server with thread count = 10 queue length = 4096
2025-03-10 14:58:38,151 [bb41d03f-9ea0-4e3b-80d9-0852d4352e0e-DatanodeStateMachineTaskThread-0] INFO  datanode.InitDatanodeState (InitDatanodeState.java:persistContainerDatanodeDetails(139)) - DatanodeDetails is persisted to /home/runner/work/ozone/ozone/hadoop-ozone/integration-test/target/test-dir/MiniOzoneClusterImpl-c1e049f0-9043-4314-b8f3-2460433eb1a0/ozone-meta/datanode-1/meta/datanode.id
2025-03-10 14:58:38,152 [main] INFO  server.XceiverServerGrpc (XceiverServerGrpc.java:<init>(131)) - GrpcServer channel type EpollServerSocketChannel
2025-03-10 14:58:38,154 [main] INFO  replication.ReplicationSupervisor (ReplicationSupervisor.java:build(169)) - Initializing replication supervisor with thread count = 10
2025-03-10 14:58:38,155 [main] INFO  replication.ReplicationSupervisor (ReplicationSupervisor.java:nodeStateUpdated(358)) - Node state updated to IN_SERVICE, scaling executor pool size to 10
2025-03-10 14:58:38,158 [main] INFO  http.BaseHttpServer (BaseHttpServer.java:newHttpServer2BuilderForOzone(229)) - Starting Web-server for hddsDatanode at: http://0.0.0.0:15020
2025-03-10 14:58:38,158 [main] INFO  http.BaseHttpServer (BaseHttpServer.java:<init>(107)) - Hadoop Security Enabled: false Ozone Security Enabled: false Ozone HTTP Security Enabled: false 
2025-03-10 14:58:38,160 [main] WARN  server.AuthenticationFilter (AuthenticationFilter.java:constructSecretProvider(240)) - Unable to initialize FileSignerSecretProvider, falling back to use random secrets. Reason: Could not read signature secret file: /home/runner/hadoop-http-auth-signature-secret
2025-03-10 14:58:38,161 [main] INFO  http.HttpRequestLog (HttpRequestLog.java:getRequestLog(85)) - Http request log for http.requests.hddsDatanode is not defined
2025-03-10 14:58:38,162 [main] INFO  http.HttpServer2 (HttpServer2.java:addGlobalFilter(1040)) - Added global filter 'safety' (class=org.apache.hadoop.hdds.server.http.HttpServer2$QuotingInputFilter)
2025-03-10 14:58:38,163 [main] INFO  http.HttpServer2 (HttpServer2.java:addFilter(1016)) - Added filter static_user_filter (class=org.apache.hadoop.http.lib.StaticUserWebFilter$StaticUserFilter) to context hddsDatanode
2025-03-10 14:58:38,164 [main] INFO  http.HttpServer2 (HttpServer2.java:addFilter(1024)) - Added filter static_user_filter (class=org.apache.hadoop.http.lib.StaticUserWebFilter$StaticUserFilter) to context logs
2025-03-10 14:58:38,164 [main] INFO  http.HttpServer2 (HttpServer2.java:addFilter(1024)) - Added filter static_user_filter (class=org.apache.hadoop.http.lib.StaticUserWebFilter$StaticUserFilter) to context static
2025-03-10 14:58:38,165 [main] INFO  http.BaseHttpServer (BaseHttpServer.java:<init>(195)) - HTTP server of hddsDatanode uses base directory /home/runner/work/ozone/ozone/hadoop-ozone/integration-test/target/test-dir/MiniOzoneClusterImpl-c1e049f0-9043-4314-b8f3-2460433eb1a0/ozone-meta/datanode-2/meta/webserver
2025-03-10 14:58:38,165 [main] INFO  http.HttpServer2 (HttpServer2.java:bindListener(1240)) - Jetty bound to port 15020
2025-03-10 14:58:38,166 [main] INFO  server.Server (Server.java:doStart(375)) - jetty-9.4.57.v20241219; built: 2025-01-08T21:24:30.412Z; git: df524e6b29271c2e09ba9aea83c18dc9db464a31; jvm 21.0.6+7-LTS
2025-03-10 14:58:38,167 [main] INFO  server.session (DefaultSessionIdManager.java:doStart(334)) - DefaultSessionIdManager workerName=node0
2025-03-10 14:58:38,167 [main] INFO  server.session (DefaultSessionIdManager.java:doStart(339)) - No SessionScavenger set, using defaults
2025-03-10 14:58:38,167 [main] INFO  server.session (HouseKeeper.java:startScavenging(132)) - node0 Scavenging every 600000ms
2025-03-10 14:58:38,168 [main] INFO  handler.ContextHandler (ContextHandler.java:doStart(921)) - Started o.e.j.s.ServletContextHandler@4d0be2ac{logs,/logs,file:///home/runner/work/ozone/ozone/hadoop-ozone/integration-test/target/log,AVAILABLE}
2025-03-10 14:58:38,169 [main] INFO  handler.ContextHandler (ContextHandler.java:doStart(921)) - Started o.e.j.s.ServletContextHandler@6fbdee75{static,/static,jar:file:/home/runner/work/ozone/ozone/hadoop-hdds/container-service/target/hdds-container-service-2.0.0-SNAPSHOT.jar!/webapps/static,AVAILABLE}
2025-03-10 14:58:38,299 [main] INFO  handler.ContextHandler (ContextHandler.java:doStart(921)) - Started o.e.j.w.WebAppContext@58cb1f78{hddsDatanode,/,file:///home/runner/work/ozone/ozone/hadoop-ozone/integration-test/target/test-dir/MiniOzoneClusterImpl-c1e049f0-9043-4314-b8f3-2460433eb1a0/ozone-meta/datanode-2/meta/webserver/jetty-0_0_0_0-15020-hdds-container-service-2_0_0-SNAPSHOT_jar-_-any-3742833954628807484/webapp/,AVAILABLE}{jar:file:/home/runner/work/ozone/ozone/hadoop-hdds/container-service/target/hdds-container-service-2.0.0-SNAPSHOT.jar!/webapps/hddsDatanode}
2025-03-10 14:58:38,300 [main] INFO  server.AbstractConnector (AbstractConnector.java:doStart(333)) - Started ServerConnector@2bf833b5{HTTP/1.1, (http/1.1)}{0.0.0.0:15020}
2025-03-10 14:58:38,300 [main] INFO  server.Server (Server.java:doStart(415)) - Started @19340ms
2025-03-10 14:58:38,300 [main] WARN  impl.MetricsSystemImpl (MetricsSystemImpl.java:register(279)) - Sink prometheus already exists!
2025-03-10 14:58:38,301 [main] INFO  http.BaseHttpServer (BaseHttpServer.java:updateConnectorAddress(360)) - HTTP server of hddsDatanode listening at http://0.0.0.0:15020
2025-03-10 14:58:38,301 [main] INFO  ipc.CallQueueManager (CallQueueManager.java:<init>(93)) - Using callQueue: class java.util.concurrent.LinkedBlockingQueue, queueCapacity: 1000, scheduler: class org.apache.hadoop.ipc.DefaultRpcScheduler, ipcBackoff: false, ipcFailOver: false.
2025-03-10 14:58:38,301 [main] INFO  ipc.Server (Server.java:<init>(1438)) - Listener at 0.0.0.0:15021
2025-03-10 14:58:38,302 [Socket Reader #1 for port 15021] INFO  ipc.Server (Server.java:run(1474)) - Starting Socket Reader #1 for port 15021
2025-03-10 14:58:38,302 [Socket Reader #2 for port 15021] INFO  ipc.Server (Server.java:run(1474)) - Starting Socket Reader #2 for port 15021
2025-03-10 14:58:38,302 [Socket Reader #3 for port 15021] INFO  ipc.Server (Server.java:run(1474)) - Starting Socket Reader #3 for port 15021
2025-03-10 14:58:38,302 [Socket Reader #4 for port 15021] INFO  ipc.Server (Server.java:run(1474)) - Starting Socket Reader #4 for port 15021
2025-03-10 14:58:38,302 [Socket Reader #5 for port 15021] INFO  ipc.Server (Server.java:run(1474)) - Starting Socket Reader #5 for port 15021
2025-03-10 14:58:38,303 [Socket Reader #6 for port 15021] INFO  ipc.Server (Server.java:run(1474)) - Starting Socket Reader #6 for port 15021
2025-03-10 14:58:38,303 [Socket Reader #7 for port 15021] INFO  ipc.Server (Server.java:run(1474)) - Starting Socket Reader #7 for port 15021
2025-03-10 14:58:38,303 [Socket Reader #8 for port 15021] INFO  ipc.Server (Server.java:run(1474)) - Starting Socket Reader #8 for port 15021
2025-03-10 14:58:38,303 [Socket Reader #9 for port 15021] INFO  ipc.Server (Server.java:run(1474)) - Starting Socket Reader #9 for port 15021
2025-03-10 14:58:38,304 [Socket Reader #10 for port 15021] INFO  ipc.Server (Server.java:run(1474)) - Starting Socket Reader #10 for port 15021
2025-03-10 14:58:38,306 [main] INFO  ozone.HddsDatanodeService (HddsDatanodeService.java:start(332)) - Datanode start with admins: [runner]
2025-03-10 14:58:38,306 [main] INFO  ozone.HddsDatanodeClientProtocolServer (HddsDatanodeClientProtocolServer.java:start(76)) - RPC server for Client /0.0.0.0:15021
2025-03-10 14:58:38,306 [IPC Server Responder] INFO  ipc.Server (Server.java:run(1713)) - IPC Server Responder: starting
2025-03-10 14:58:38,307 [IPC Server listener on 15021] INFO  ipc.Server (Server.java:run(1553)) - IPC Server listener on 15021: starting
2025-03-10 14:58:38,309 [main] WARN  dropwizard3.Dm3MetricRegistriesImpl (Dm3MetricRegistriesImpl.java:addReporterRegistration(114)) - New reporters are added after registries were created. Some metrics will be missing from the reporter. Please add reporter before adding any new registry.
2025-03-10 14:58:38,309 [main] WARN  dropwizard3.Dm3MetricRegistriesImpl (Dm3MetricRegistriesImpl.java:addReporterRegistration(114)) - New reporters are added after registries were created. Some metrics will be missing from the reporter. Please add reporter before adding any new registry.
2025-03-10 14:58:38,309 [main] INFO  impl.MetricsSystemImpl (MetricsSystemImpl.java:init(158)) - HddsDatanode metrics system started (again)
2025-03-10 14:58:38,312 [cd975088-a4e1-4d6c-8217-e67620ac7c17-DatanodeStateMachineDaemonThread] INFO  statemachine.DatanodeStateMachine (DatanodeStateMachine.java:startStateMachineThread(336)) - Ozone container server started.
2025-03-10 14:58:38,315 [cd975088-a4e1-4d6c-8217-e67620ac7c17-DatanodeStateMachineTaskThread-0] INFO  datanode.InitDatanodeState (InitDatanodeState.java:persistContainerDatanodeDetails(139)) - DatanodeDetails is persisted to /home/runner/work/ozone/ozone/hadoop-ozone/integration-test/target/test-dir/MiniOzoneClusterImpl-c1e049f0-9043-4314-b8f3-2460433eb1a0/ozone-meta/datanode-2/meta/datanode.id
2025-03-10 14:58:38,322 [main] INFO  ozone.HddsDatanodeService (HddsDatanodeService.java:start(241)) - HddsDatanodeService host:fv-az1384-231.gpq2x2ivaaoebfs5ykq4ww3pqb.bx.internal.cloudapp.net ip:10.1.0.104
2025-03-10 14:58:38,325 [main] INFO  upgrade.AbstractLayoutVersionManager (AbstractLayoutVersionManager.java:init(80)) - Initializing Layout version manager with metadata layout = HBASE_SUPPORT (version = 8), software layout = HBASE_SUPPORT (version = 8)
2025-03-10 14:58:38,325 [main] INFO  statemachine.DatanodeStateMachine (DatanodeStateMachine.java:getEndPointTaskThreadPoolSize(293)) - Datanode State Machine Task Thread Pool size 2
2025-03-10 14:58:38,328 [main] INFO  volume.HddsVolume (HddsVolume.java:<init>(132)) - Creating HddsVolume: /home/runner/work/ozone/ozone/hadoop-ozone/integration-test/target/test-dir/MiniOzoneClusterImpl-c1e049f0-9043-4314-b8f3-2460433eb1a0/ozone-meta/datanode-3/data-0/hdds of storage type: DISK, capacity=9222449699674390527, used=0, available=9222449699674390527
2025-03-10 14:58:38,329 [main] INFO  volume.MutableVolumeSet (MutableVolumeSet.java:initializeVolumeSet(169)) - Added Volume : /home/runner/work/ozone/ozone/hadoop-ozone/integration-test/target/test-dir/MiniOzoneClusterImpl-c1e049f0-9043-4314-b8f3-2460433eb1a0/ozone-meta/datanode-3/data-0/hdds to VolumeSet
2025-03-10 14:58:38,330 [main] INFO  volume.MutableVolumeSet (MutableVolumeSet.java:initializeVolumeSet(169)) - Added Volume : /home/runner/work/ozone/ozone/hadoop-ozone/integration-test/target/test-dir/MiniOzoneClusterImpl-c1e049f0-9043-4314-b8f3-2460433eb1a0/ozone-meta/datanode-3/ratis to VolumeSet
2025-03-10 14:58:38,331 [main] INFO  ozoneimpl.OzoneContainer (HddsVolumeUtil.java:loadAllHddsVolumeDbStore(101)) - Load 1 volumes DbStore cost: 0ms
2025-03-10 14:58:38,331 [main] WARN  db.DBStoreBuilder (DBStoreBuilder.java:getDBDirPath(169)) - ozone.scm.datanode.id.dir is not configured. We recommend adding this setting. Falling back to ozone.metadata.dirs instead.
2025-03-10 14:58:38,332 [main] WARN  db.DBStoreBuilder (DBStoreBuilder.java:getDBDirPath(169)) - ozone.scm.datanode.id.dir is not configured. We recommend adding this setting. Falling back to ozone.metadata.dirs instead.
2025-03-10 14:58:38,345 [main] INFO  impl.FilePerChunkStrategy (FilePerChunkStrategy.java:<init>(79)) - ozone.chunk.read.mapped.buffer.max.count is load with 0
2025-03-10 14:58:38,345 [main] INFO  impl.FilePerBlockStrategy (FilePerBlockStrategy.java:<init>(87)) - ozone.chunk.read.mapped.buffer.max.count is load with 0
2025-03-10 14:58:38,347 [main] INFO  server.RaftServerConfigKeys (ConfUtils.java:logGet(46)) - raft.server.log.appender.buffer.byte-limit = 33554432 (custom)
2025-03-10 14:58:38,349 [main] INFO  server.RaftServer (ConfUtils.java:logGet(46)) - raft.rpc.type = GRPC (default)
2025-03-10 14:58:38,349 [main] INFO  grpc.GrpcConfigKeys (ConfUtils.java:logFallback(53)) - raft.grpc.admin.host = null (fallback to raft.grpc.server.host)
2025-03-10 14:58:38,349 [main] INFO  grpc.GrpcConfigKeys (ConfUtils.java:logGet(46)) - raft.grpc.admin.port = 15033 (custom)
2025-03-10 14:58:38,349 [main] INFO  grpc.GrpcConfigKeys (ConfUtils.java:logFallback(53)) - raft.grpc.client.host = null (fallback to raft.grpc.server.host)
2025-03-10 14:58:38,350 [main] INFO  grpc.GrpcConfigKeys (ConfUtils.java:logGet(46)) - raft.grpc.client.port = 15032 (custom)
2025-03-10 14:58:38,350 [main] INFO  grpc.GrpcConfigKeys (ConfUtils.java:logGet(46)) - raft.grpc.server.host = null (default)
2025-03-10 14:58:38,350 [main] INFO  grpc.GrpcConfigKeys (ConfUtils.java:logGet(46)) - raft.grpc.server.port = 15034 (custom)
2025-03-10 14:58:38,350 [main] INFO  server.GrpcService (ConfUtils.java:logGet(46)) - raft.grpc.message.size.max = 34603008 (custom)
2025-03-10 14:58:38,350 [main] INFO  server.GrpcService (ConfUtils.java:logGet(46)) - raft.grpc.flow.control.window = 5MB (=5242880) (custom)
2025-03-10 14:58:38,350 [main] INFO  server.RaftServerConfigKeys (ConfUtils.java:logGet(46)) - raft.server.rpc.request.timeout = 60s (custom)
2025-03-10 14:58:38,351 [main] INFO  grpc.GrpcConfigKeys (ConfUtils.java:logGet(46)) - raft.grpc.server.heartbeat.channel = true (default)
2025-03-10 14:58:38,351 [main] INFO  server.RaftServerConfigKeys (ConfUtils.java:logGet(46)) - raft.server.log.appender.buffer.byte-limit = 33554432 (custom)
2025-03-10 14:58:38,351 [main] INFO  grpc.GrpcConfigKeys (ConfUtils.java:logGet(46)) - raft.grpc.server.async.request.thread.pool.cached = true (default)
2025-03-10 14:58:38,351 [main] INFO  grpc.GrpcConfigKeys (ConfUtils.java:logGet(46)) - raft.grpc.server.async.request.thread.pool.size = 32 (default)
2025-03-10 14:58:38,353 [main] INFO  impl.DataStreamServerImpl (ConfUtils.java:logGet(46)) - raft.datastream.type = NETTY (custom)
2025-03-10 14:58:38,353 [main] INFO  server.RaftServerConfigKeys (ConfUtils.java:logGet(46)) - raft.server.data-stream.async.request.thread.pool.cached = false (default)
2025-03-10 14:58:38,354 [main] INFO  server.RaftServerConfigKeys (ConfUtils.java:logGet(46)) - raft.server.data-stream.async.request.thread.pool.size = 20 (custom)
2025-03-10 14:58:38,354 [main] INFO  server.RaftServerConfigKeys (ConfUtils.java:logGet(46)) - raft.server.data-stream.async.write.thread.pool.size = 16 (default)
2025-03-10 14:58:38,354 [main] INFO  netty.NettyConfigKeys$DataStream (ConfUtils.java:logGet(46)) - raft.netty.dataStream.server.channel.inactive.grace-period = 10min (default)
2025-03-10 14:58:38,354 [main] INFO  server.RaftServerConfigKeys (ConfUtils.java:logGet(46)) - raft.server.data-stream.client.pool.size = 10 (default)
2025-03-10 14:58:38,354 [main] INFO  netty.NettyConfigKeys$DataStream (ConfUtils.java:logGet(46)) - raft.netty.dataStream.server.use-epoll = true (default)
2025-03-10 14:58:38,354 [main] INFO  netty.NettyConfigKeys$DataStream (ConfUtils.java:logGet(46)) - raft.netty.dataStream.server.boss-group.size = 0 (default)
2025-03-10 14:58:38,355 [main] INFO  netty.NettyUtils (NettyUtils.java:newEventLoopGroup(74)) - Create EpollEventLoopGroup for 24343a3a-85a1-4b3d-bed0-d5c89a70db02-NettyServerStreamRpc-bossGroup; Thread size is 0.
2025-03-10 14:58:38,355 [main] INFO  netty.NettyConfigKeys$DataStream (ConfUtils.java:logGet(46)) - raft.netty.dataStream.server.worker-group.size = 0 (default)
2025-03-10 14:58:38,355 [main] INFO  netty.NettyUtils (NettyUtils.java:newEventLoopGroup(74)) - Create EpollEventLoopGroup for 24343a3a-85a1-4b3d-bed0-d5c89a70db02-NettyServerStreamRpc-workerGroup; Thread size is 0.
2025-03-10 14:58:38,356 [main] INFO  netty.NettyConfigKeys$DataStream (ConfUtils.java:logGet(46)) - raft.netty.dataStream.server.tls.conf = null (default)
2025-03-10 14:58:38,356 [main] INFO  netty.NettyConfigKeys$DataStream (ConfUtils.java:logGet(46)) - raft.netty.dataStream.host = null (default)
2025-03-10 14:58:38,356 [main] INFO  netty.NettyConfigKeys$DataStream (ConfUtils.java:logGet(46)) - raft.netty.dataStream.port = 15035 (custom)
2025-03-10 14:58:38,357 [main] INFO  server.RaftServerConfigKeys (ConfUtils.java:logGet(46)) - raft.server.sleep.deviation.threshold = 300ms (default)
2025-03-10 14:58:38,357 [main] INFO  server.RaftServerConfigKeys (ConfUtils.java:logGet(46)) - raft.server.close.threshold = 60s (default)
2025-03-10 14:58:38,357 [main] INFO  server.RaftServerConfigKeys (ConfUtils.java:logGet(46)) - raft.server.leaderelection.leader.step-down.wait-time = 10s (default)
2025-03-10 14:58:38,357 [main] INFO  server.RaftServerConfigKeys (ConfUtils.java:logGet(46)) - raft.server.storage.dir = [/home/runner/work/ozone/ozone/hadoop-ozone/integration-test/target/test-dir/MiniOzoneClusterImpl-c1e049f0-9043-4314-b8f3-2460433eb1a0/ozone-meta/datanode-3/ratis] (custom)
2025-03-10 14:58:38,358 [24343a3a-85a1-4b3d-bed0-d5c89a70db02-NettyServerStreamRpc-bossGroup--thread1] INFO  logging.LoggingHandler (AbstractInternalLogger.java:log(148)) - [id: 0xd7d1be62] REGISTERED
2025-03-10 14:58:38,358 [main] INFO  server.RaftServerConfigKeys (ConfUtils.java:logGet(46)) - raft.server.threadpool.proxy.cached = true (default)
2025-03-10 14:58:38,358 [main] INFO  server.RaftServerConfigKeys (ConfUtils.java:logGet(46)) - raft.server.threadpool.proxy.size = 0 (default)
2025-03-10 14:58:38,358 [24343a3a-85a1-4b3d-bed0-d5c89a70db02-NettyServerStreamRpc-bossGroup--thread1] INFO  logging.LoggingHandler (AbstractInternalLogger.java:log(148)) - [id: 0xd7d1be62] BIND: 0.0.0.0/0.0.0.0:15035
2025-03-10 14:58:38,358 [24343a3a-85a1-4b3d-bed0-d5c89a70db02-NettyServerStreamRpc-bossGroup--thread1] INFO  logging.LoggingHandler (AbstractInternalLogger.java:log(148)) - [id: 0xd7d1be62, L:/0.0.0.0:15035] ACTIVE
2025-03-10 14:58:38,359 [24343a3a-85a1-4b3d-bed0-d5c89a70db02-impl-thread1] INFO  server.RaftServer (RaftServerProxy.java:initGroupDir(265)) - 24343a3a-85a1-4b3d-bed0-d5c89a70db02: found a subdirectory /home/runner/work/ozone/ozone/hadoop-ozone/integration-test/target/test-dir/MiniOzoneClusterImpl-c1e049f0-9043-4314-b8f3-2460433eb1a0/ozone-meta/datanode-3/ratis/tmp
2025-03-10 14:58:38,359 [24343a3a-85a1-4b3d-bed0-d5c89a70db02-impl-thread1] INFO  server.RaftServer (RaftServerProxy.java:initGroupDir(270)) - 24343a3a-85a1-4b3d-bed0-d5c89a70db02: The directory /home/runner/work/ozone/ozone/hadoop-ozone/integration-test/target/test-dir/MiniOzoneClusterImpl-c1e049f0-9043-4314-b8f3-2460433eb1a0/ozone-meta/datanode-3/ratis/tmp is not a group directory; ignoring it. 
2025-03-10 14:58:38,359 [main] INFO  replication.ReplicationServer (ReplicationServer.java:<init>(84)) - Initializing replication server with thread count = 10 queue length = 4096
2025-03-10 14:58:38,360 [main] INFO  server.XceiverServerGrpc (XceiverServerGrpc.java:<init>(131)) - GrpcServer channel type EpollServerSocketChannel
2025-03-10 14:58:38,362 [main] INFO  replication.ReplicationSupervisor (ReplicationSupervisor.java:build(169)) - Initializing replication supervisor with thread count = 10
2025-03-10 14:58:38,362 [main] INFO  replication.ReplicationSupervisor (ReplicationSupervisor.java:nodeStateUpdated(358)) - Node state updated to IN_SERVICE, scaling executor pool size to 10
2025-03-10 14:58:38,365 [main] INFO  http.BaseHttpServer (BaseHttpServer.java:newHttpServer2BuilderForOzone(229)) - Starting Web-server for hddsDatanode at: http://0.0.0.0:15029
2025-03-10 14:58:38,365 [main] INFO  http.BaseHttpServer (BaseHttpServer.java:<init>(107)) - Hadoop Security Enabled: false Ozone Security Enabled: false Ozone HTTP Security Enabled: false 
2025-03-10 14:58:38,366 [main] WARN  server.AuthenticationFilter (AuthenticationFilter.java:constructSecretProvider(240)) - Unable to initialize FileSignerSecretProvider, falling back to use random secrets. Reason: Could not read signature secret file: /home/runner/hadoop-http-auth-signature-secret
2025-03-10 14:58:38,367 [main] INFO  http.HttpRequestLog (HttpRequestLog.java:getRequestLog(85)) - Http request log for http.requests.hddsDatanode is not defined
2025-03-10 14:58:38,368 [main] INFO  http.HttpServer2 (HttpServer2.java:addGlobalFilter(1040)) - Added global filter 'safety' (class=org.apache.hadoop.hdds.server.http.HttpServer2$QuotingInputFilter)
2025-03-10 14:58:38,370 [main] INFO  http.HttpServer2 (HttpServer2.java:addFilter(1016)) - Added filter static_user_filter (class=org.apache.hadoop.http.lib.StaticUserWebFilter$StaticUserFilter) to context hddsDatanode
2025-03-10 14:58:38,370 [main] INFO  http.HttpServer2 (HttpServer2.java:addFilter(1024)) - Added filter static_user_filter (class=org.apache.hadoop.http.lib.StaticUserWebFilter$StaticUserFilter) to context logs
2025-03-10 14:58:38,370 [main] INFO  http.HttpServer2 (HttpServer2.java:addFilter(1024)) - Added filter static_user_filter (class=org.apache.hadoop.http.lib.StaticUserWebFilter$StaticUserFilter) to context static
2025-03-10 14:58:38,371 [main] INFO  http.BaseHttpServer (BaseHttpServer.java:<init>(195)) - HTTP server of hddsDatanode uses base directory /home/runner/work/ozone/ozone/hadoop-ozone/integration-test/target/test-dir/MiniOzoneClusterImpl-c1e049f0-9043-4314-b8f3-2460433eb1a0/ozone-meta/datanode-3/meta/webserver
2025-03-10 14:58:38,371 [main] INFO  http.HttpServer2 (HttpServer2.java:bindListener(1240)) - Jetty bound to port 15029
2025-03-10 14:58:38,371 [main] INFO  server.Server (Server.java:doStart(375)) - jetty-9.4.57.v20241219; built: 2025-01-08T21:24:30.412Z; git: df524e6b29271c2e09ba9aea83c18dc9db464a31; jvm 21.0.6+7-LTS
2025-03-10 14:58:38,373 [main] INFO  server.session (DefaultSessionIdManager.java:doStart(334)) - DefaultSessionIdManager workerName=node0
2025-03-10 14:58:38,373 [main] INFO  server.session (DefaultSessionIdManager.java:doStart(339)) - No SessionScavenger set, using defaults
2025-03-10 14:58:38,373 [main] INFO  server.session (HouseKeeper.java:startScavenging(132)) - node0 Scavenging every 600000ms
2025-03-10 14:58:38,374 [main] INFO  handler.ContextHandler (ContextHandler.java:doStart(921)) - Started o.e.j.s.ServletContextHandler@7a447c5d{logs,/logs,file:///home/runner/work/ozone/ozone/hadoop-ozone/integration-test/target/log,AVAILABLE}
2025-03-10 14:58:38,374 [main] INFO  handler.ContextHandler (ContextHandler.java:doStart(921)) - Started o.e.j.s.ServletContextHandler@5c35a03b{static,/static,jar:file:/home/runner/work/ozone/ozone/hadoop-hdds/container-service/target/hdds-container-service-2.0.0-SNAPSHOT.jar!/webapps/static,AVAILABLE}
2025-03-10 14:58:38,475 [om1@group-C5BA1605619E-FollowerState] INFO  impl.FollowerState (FollowerState.java:runImpl(161)) - om1@group-C5BA1605619E-FollowerState: change to CANDIDATE, lastRpcElapsedTime:1063303605ns, electionTimeout:1061ms
2025-03-10 14:58:38,476 [om1@group-C5BA1605619E-FollowerState] INFO  impl.RoleInfo (RoleInfo.java:shutdownFollowerState(121)) - om1: shutdown om1@group-C5BA1605619E-FollowerState
2025-03-10 14:58:38,476 [om1@group-C5BA1605619E-FollowerState] INFO  server.RaftServer$Division (RaftServerImpl.java:setRole(378)) - om1@group-C5BA1605619E: changes role from  FOLLOWER to CANDIDATE at term 0 for changeToCandidate
2025-03-10 14:58:38,476 [om1@group-C5BA1605619E-FollowerState] INFO  server.RaftServerConfigKeys (ConfUtils.java:logGet(46)) - raft.server.leaderelection.pre-vote = true (default)
2025-03-10 14:58:38,476 [om1@group-C5BA1605619E-FollowerState] INFO  impl.RoleInfo (RoleInfo.java:updateAndGet(148)) - om1: start om1@group-C5BA1605619E-LeaderElection3
2025-03-10 14:58:38,477 [om1@group-C5BA1605619E-LeaderElection3] INFO  impl.LeaderElection (LeaderElection.java:askForVotes(332)) - om1@group-C5BA1605619E-LeaderElection3 PRE_VOTE round 0: submit vote requests at term 0 for conf: {index: -1, cur=peers:[om1|localhost:15009]|listeners:[], old=null}
2025-03-10 14:58:38,477 [om1@group-C5BA1605619E-LeaderElection3] INFO  impl.LeaderElection (LeaderElection.java:askForVotes(334)) - om1@group-C5BA1605619E-LeaderElection3 PRE_VOTE round 0: result PASSED (term=0)
2025-03-10 14:58:38,479 [om1@group-C5BA1605619E-LeaderElection3] INFO  impl.LeaderElection (LeaderElection.java:askForVotes(332)) - om1@group-C5BA1605619E-LeaderElection3 ELECTION round 0: submit vote requests at term 1 for conf: {index: -1, cur=peers:[om1|localhost:15009]|listeners:[], old=null}
2025-03-10 14:58:38,479 [om1@group-C5BA1605619E-LeaderElection3] INFO  impl.LeaderElection (LeaderElection.java:askForVotes(334)) - om1@group-C5BA1605619E-LeaderElection3 ELECTION round 0: result PASSED (term=1)
2025-03-10 14:58:38,479 [om1@group-C5BA1605619E-LeaderElection3] INFO  impl.RoleInfo (RoleInfo.java:shutdownLeaderElection(141)) - om1: shutdown om1@group-C5BA1605619E-LeaderElection3
2025-03-10 14:58:38,479 [om1@group-C5BA1605619E-LeaderElection3] INFO  server.RaftServer$Division (RaftServerImpl.java:setRole(378)) - om1@group-C5BA1605619E: changes role from CANDIDATE to LEADER at term 1 for changeToLeader
2025-03-10 14:58:38,479 [om1@group-C5BA1605619E-LeaderElection3] INFO  server.RaftServerConfigKeys (ConfUtils.java:logGet(46)) - raft.server.staging.catchup.gap = 1000 (default)
2025-03-10 14:58:38,480 [om1@group-C5BA1605619E-LeaderElection3] INFO  server.RaftServerConfigKeys (ConfUtils.java:logGet(46)) - raft.server.write.element-limit = 4096 (default)
2025-03-10 14:58:38,480 [om1@group-C5BA1605619E-LeaderElection3] INFO  server.RaftServerConfigKeys (ConfUtils.java:logGet(46)) - raft.server.write.byte-limit = 64MB (=67108864) (default)
2025-03-10 14:58:38,480 [om1@group-C5BA1605619E-LeaderElection3] INFO  server.RaftServerConfigKeys (ConfUtils.java:logGet(46)) - raft.server.watch.timeout = 10s (default)
2025-03-10 14:58:38,480 [om1@group-C5BA1605619E-LeaderElection3] INFO  server.RaftServerConfigKeys (ConfUtils.java:logGet(46)) - raft.server.watch.timeout.denomination = 1s (default)
2025-03-10 14:58:38,480 [om1@group-C5BA1605619E-LeaderElection3] INFO  server.RaftServerConfigKeys (ConfUtils.java:logGet(46)) - raft.server.watch.element-limit = 65536 (default)
2025-03-10 14:58:38,481 [om1@group-C5BA1605619E-LeaderElection3] INFO  server.RaftServerConfigKeys (ConfUtils.java:logGet(46)) - raft.server.read.leader.lease.enabled = false (default)
2025-03-10 14:58:38,481 [om1@group-C5BA1605619E-LeaderElection3] INFO  server.RaftServerConfigKeys (ConfUtils.java:logGet(46)) - raft.server.read.leader.lease.timeout.ratio = 0.9 (default)
2025-03-10 14:58:38,481 [om1@group-C5BA1605619E-LeaderElection3] INFO  server.RaftServerConfigKeys (ConfUtils.java:logGet(46)) - raft.server.rpc.timeout.min = 1s (custom)
2025-03-10 14:58:38,482 [om1@group-C5BA1605619E-LeaderElection3] INFO  server.RaftServerConfigKeys (ConfUtils.java:logGet(46)) - raft.server.log.log-metadata.enabled = true (default)
2025-03-10 14:58:38,482 [om1@group-C5BA1605619E-LeaderElection3] INFO  server.RaftServerConfigKeys (ConfUtils.java:logGet(46)) - raft.server.write.element-limit = 4096 (default)
2025-03-10 14:58:38,482 [om1@group-C5BA1605619E-LeaderElection3] INFO  server.RaftServerConfigKeys (ConfUtils.java:logGet(46)) - raft.server.write.follower.gap.ratio.max = -1.0 (default)
2025-03-10 14:58:38,482 [om1@group-C5BA1605619E-LeaderElection3] INFO  impl.RoleInfo (RoleInfo.java:updateAndGet(148)) - om1: start om1@group-C5BA1605619E-LeaderStateImpl
2025-03-10 14:58:38,482 [om1@group-C5BA1605619E-LeaderElection3] INFO  server.RaftServer$Division (RaftServerImpl.java:setFirstElection(562)) - om1@group-C5BA1605619E: set firstElectionSinceStartup to false for becomeLeader
2025-03-10 14:58:38,490 [om1@group-C5BA1605619E-LeaderElection3] INFO  ratis.OzoneManagerStateMachine (OzoneManagerStateMachine.java:notifyLeaderChanged(164)) - om1@group-C5BA1605619E: leader changed to om1
2025-03-10 14:58:38,490 [om1@group-C5BA1605619E-LeaderElection3] INFO  server.RaftServer$Division (ServerState.java:setLeader(272)) - om1@group-C5BA1605619E: change Leader from null to om1 at term 1 for becomeLeader, leader elected after 2089ms
2025-03-10 14:58:38,491 [om1@group-C5BA1605619E-LeaderElection3] INFO  segmented.SegmentedRaftLogWorker (SegmentedRaftLogWorker.java:startLogSegment(438)) - om1@group-C5BA1605619E-SegmentedRaftLogWorker: Starting segment from index:0
2025-03-10 14:58:38,491 [om1@group-C5BA1605619E-LeaderElection3] INFO  server.RaftServer$Division (ServerState.java:setRaftConf(386)) - om1@group-C5BA1605619E: set configuration conf: {index: 0, cur=peers:[om1|localhost:15009]|listeners:[], old=null}
2025-03-10 14:58:38,491 [om1@group-C5BA1605619E-SegmentedRaftLogWorker] INFO  segmented.BufferedWriteChannel (BufferedWriteChannel.java:open(61)) - open log_inprogress_0 at position 0
2025-03-10 14:58:38,499 [om1@group-C5BA1605619E-SegmentedRaftLogWorker] INFO  segmented.SegmentedRaftLogWorker (SegmentedRaftLogWorker.java:execute(644)) - om1@group-C5BA1605619E-SegmentedRaftLogWorker: created new log segment /home/runner/work/ozone/ozone/hadoop-ozone/integration-test/target/test-dir/MiniOzoneClusterImpl-c1e049f0-9043-4314-b8f3-2460433eb1a0/ozone-meta/ratis/bf265839-605b-3f16-9796-c5ba1605619e/current/log_inprogress_0
2025-03-10 14:58:38,501 [om1@group-C5BA1605619E-StateMachineUpdater] INFO  ratis.OzoneManagerStateMachine (OzoneManagerStateMachine.java:notifyConfigurationChanged(226)) - notifyConfigurationChanged from Ratis: term=1, index=0, New Peer list: om1(localhost:15009)
2025-03-10 14:58:38,502 [om1@group-C5BA1605619E-StateMachineUpdater] INFO  server.RaftServer$Division (LeaderStateImpl.java:checkStartIndex(313)) - Leader om1@group-C5BA1605619E-LeaderStateImpl is ready since appliedIndex == startIndex == 0
2025-03-10 14:58:38,517 [main] INFO  handler.ContextHandler (ContextHandler.java:doStart(921)) - Started o.e.j.w.WebAppContext@247d6992{hddsDatanode,/,file:///home/runner/work/ozone/ozone/hadoop-ozone/integration-test/target/test-dir/MiniOzoneClusterImpl-c1e049f0-9043-4314-b8f3-2460433eb1a0/ozone-meta/datanode-3/meta/webserver/jetty-0_0_0_0-15029-hdds-container-service-2_0_0-SNAPSHOT_jar-_-any-6008310000539620433/webapp/,AVAILABLE}{jar:file:/home/runner/work/ozone/ozone/hadoop-hdds/container-service/target/hdds-container-service-2.0.0-SNAPSHOT.jar!/webapps/hddsDatanode}
2025-03-10 14:58:38,517 [main] INFO  server.AbstractConnector (AbstractConnector.java:doStart(333)) - Started ServerConnector@31725710{HTTP/1.1, (http/1.1)}{0.0.0.0:15029}
2025-03-10 14:58:38,518 [main] INFO  server.Server (Server.java:doStart(415)) - Started @19558ms
2025-03-10 14:58:38,518 [main] WARN  impl.MetricsSystemImpl (MetricsSystemImpl.java:register(279)) - Sink prometheus already exists!
2025-03-10 14:58:38,518 [main] INFO  http.BaseHttpServer (BaseHttpServer.java:updateConnectorAddress(360)) - HTTP server of hddsDatanode listening at http://0.0.0.0:15029
2025-03-10 14:58:38,519 [main] INFO  ipc.CallQueueManager (CallQueueManager.java:<init>(93)) - Using callQueue: class java.util.concurrent.LinkedBlockingQueue, queueCapacity: 1000, scheduler: class org.apache.hadoop.ipc.DefaultRpcScheduler, ipcBackoff: false, ipcFailOver: false.
2025-03-10 14:58:38,519 [main] INFO  ipc.Server (Server.java:<init>(1438)) - Listener at 0.0.0.0:15030
2025-03-10 14:58:38,520 [Socket Reader #1 for port 15030] INFO  ipc.Server (Server.java:run(1474)) - Starting Socket Reader #1 for port 15030
2025-03-10 14:58:38,520 [Socket Reader #2 for port 15030] INFO  ipc.Server (Server.java:run(1474)) - Starting Socket Reader #2 for port 15030
2025-03-10 14:58:38,520 [Socket Reader #3 for port 15030] INFO  ipc.Server (Server.java:run(1474)) - Starting Socket Reader #3 for port 15030
2025-03-10 14:58:38,520 [Socket Reader #4 for port 15030] INFO  ipc.Server (Server.java:run(1474)) - Starting Socket Reader #4 for port 15030
2025-03-10 14:58:38,520 [Socket Reader #5 for port 15030] INFO  ipc.Server (Server.java:run(1474)) - Starting Socket Reader #5 for port 15030
2025-03-10 14:58:38,521 [Socket Reader #6 for port 15030] INFO  ipc.Server (Server.java:run(1474)) - Starting Socket Reader #6 for port 15030
2025-03-10 14:58:38,521 [Socket Reader #7 for port 15030] INFO  ipc.Server (Server.java:run(1474)) - Starting Socket Reader #7 for port 15030
2025-03-10 14:58:38,521 [Socket Reader #8 for port 15030] INFO  ipc.Server (Server.java:run(1474)) - Starting Socket Reader #8 for port 15030
2025-03-10 14:58:38,521 [Socket Reader #9 for port 15030] INFO  ipc.Server (Server.java:run(1474)) - Starting Socket Reader #9 for port 15030
2025-03-10 14:58:38,521 [Socket Reader #10 for port 15030] INFO  ipc.Server (Server.java:run(1474)) - Starting Socket Reader #10 for port 15030
2025-03-10 14:58:38,523 [main] INFO  ozone.HddsDatanodeService (HddsDatanodeService.java:start(332)) - Datanode start with admins: [runner]
2025-03-10 14:58:38,523 [main] INFO  ozone.HddsDatanodeClientProtocolServer (HddsDatanodeClientProtocolServer.java:start(76)) - RPC server for Client /0.0.0.0:15030
2025-03-10 14:58:38,524 [IPC Server Responder] INFO  ipc.Server (Server.java:run(1713)) - IPC Server Responder: starting
2025-03-10 14:58:38,524 [IPC Server listener on 15030] INFO  ipc.Server (Server.java:run(1553)) - IPC Server listener on 15030: starting
2025-03-10 14:58:38,528 [main] INFO  ozone.MiniOzoneClusterImpl (MiniOzoneClusterImpl.java:lambda$waitForClusterToBeReady$0(208)) - Waiting for nodes to be ready. Got 0 of 3 DN Heartbeats.
2025-03-10 14:58:38,528 [24343a3a-85a1-4b3d-bed0-d5c89a70db02-DatanodeStateMachineDaemonThread] INFO  statemachine.DatanodeStateMachine (DatanodeStateMachine.java:startStateMachineThread(336)) - Ozone container server started.
2025-03-10 14:58:38,528 [main] INFO  ozone.MiniOzoneClusterImpl (MiniOzoneClusterImpl.java:lambda$waitForClusterToBeReady$0(211)) - Waiting for cluster to exit safe mode
2025-03-10 14:58:38,528 [main] INFO  ozone.MiniOzoneClusterImpl (MiniOzoneClusterImpl.java:lambda$waitForClusterToBeReady$0(213)) - SCM became leader
2025-03-10 14:58:38,531 [24343a3a-85a1-4b3d-bed0-d5c89a70db02-DatanodeStateMachineTaskThread-0] INFO  datanode.InitDatanodeState (InitDatanodeState.java:persistContainerDatanodeDetails(139)) - DatanodeDetails is persisted to /home/runner/work/ozone/ozone/hadoop-ozone/integration-test/target/test-dir/MiniOzoneClusterImpl-c1e049f0-9043-4314-b8f3-2460433eb1a0/ozone-meta/datanode-3/meta/datanode.id
2025-03-10 14:58:39,528 [main] INFO  ozone.MiniOzoneClusterImpl (MiniOzoneClusterImpl.java:lambda$waitForClusterToBeReady$0(208)) - Waiting for nodes to be ready. Got 0 of 3 DN Heartbeats.
2025-03-10 14:58:39,529 [main] INFO  ozone.MiniOzoneClusterImpl (MiniOzoneClusterImpl.java:lambda$waitForClusterToBeReady$0(211)) - Waiting for cluster to exit safe mode
2025-03-10 14:58:39,529 [main] INFO  ozone.MiniOzoneClusterImpl (MiniOzoneClusterImpl.java:lambda$waitForClusterToBeReady$0(213)) - SCM became leader
2025-03-10 14:58:40,161 [bb41d03f-9ea0-4e3b-80d9-0852d4352e0e-EndpointStateMachineTaskThread-/0.0.0.0:15002-0 ] INFO  utils.DatanodeStoreCache (DatanodeStoreCache.java:addDB(71)) - Added db /home/runner/work/ozone/ozone/hadoop-ozone/integration-test/target/test-dir/MiniOzoneClusterImpl-c1e049f0-9043-4314-b8f3-2460433eb1a0/ozone-meta/datanode-1/data-0/hdds/c1e049f0-9043-4314-b8f3-2460433eb1a0/DS-240acf8a-8869-4cae-8e87-12830665b126/container.db to cache
2025-03-10 14:58:40,162 [bb41d03f-9ea0-4e3b-80d9-0852d4352e0e-EndpointStateMachineTaskThread-/0.0.0.0:15002-0 ] INFO  volume.HddsVolume (HddsVolume.java:createDbStore(446)) - SchemaV3 db is created and loaded at /home/runner/work/ozone/ozone/hadoop-ozone/integration-test/target/test-dir/MiniOzoneClusterImpl-c1e049f0-9043-4314-b8f3-2460433eb1a0/ozone-meta/datanode-1/data-0/hdds/c1e049f0-9043-4314-b8f3-2460433eb1a0/DS-240acf8a-8869-4cae-8e87-12830665b126/container.db for volume DS-240acf8a-8869-4cae-8e87-12830665b126
2025-03-10 14:58:40,169 [bb41d03f-9ea0-4e3b-80d9-0852d4352e0e-ContainerReader-0] INFO  ozoneimpl.ContainerReader (ContainerReader.java:readVolume(144)) - Start to verify containers on volume /home/runner/work/ozone/ozone/hadoop-ozone/integration-test/target/test-dir/MiniOzoneClusterImpl-c1e049f0-9043-4314-b8f3-2460433eb1a0/ozone-meta/datanode-1/data-0/hdds
2025-03-10 14:58:40,169 [bb41d03f-9ea0-4e3b-80d9-0852d4352e0e-ContainerReader-0] INFO  ozoneimpl.ContainerReader (ContainerReader.java:readVolume(174)) - Finish verifying containers on volume /home/runner/work/ozone/ozone/hadoop-ozone/integration-test/target/test-dir/MiniOzoneClusterImpl-c1e049f0-9043-4314-b8f3-2460433eb1a0/ozone-meta/datanode-1/data-0/hdds
2025-03-10 14:58:40,170 [bb41d03f-9ea0-4e3b-80d9-0852d4352e0e-EndpointStateMachineTaskThread-/0.0.0.0:15002-0 ] INFO  ozoneimpl.OzoneContainer (OzoneContainer.java:buildContainerSet(357)) - Build ContainerSet costs 0s
2025-03-10 14:58:40,170 [bb41d03f-9ea0-4e3b-80d9-0852d4352e0e-EndpointStateMachineTaskThread-/0.0.0.0:15002-0 ] INFO  volume.ThrottledAsyncChecker (ThrottledAsyncChecker.java:schedule(138)) - Scheduling a check for /home/runner/work/ozone/ozone/hadoop-ozone/integration-test/target/test-dir/MiniOzoneClusterImpl-c1e049f0-9043-4314-b8f3-2460433eb1a0/ozone-meta/datanode-1/data-0/hdds
2025-03-10 14:58:40,175 [bb41d03f-9ea0-4e3b-80d9-0852d4352e0e-EndpointStateMachineTaskThread-/0.0.0.0:15002-0 ] INFO  volume.StorageVolumeChecker (StorageVolumeChecker.java:checkAllVolumes(215)) - Scheduled health check for volume /home/runner/work/ozone/ozone/hadoop-ozone/integration-test/target/test-dir/MiniOzoneClusterImpl-c1e049f0-9043-4314-b8f3-2460433eb1a0/ozone-meta/datanode-1/data-0/hdds
2025-03-10 14:58:40,178 [bb41d03f-9ea0-4e3b-80d9-0852d4352e0e-EndpointStateMachineTaskThread-/0.0.0.0:15002-0 ] INFO  volume.ThrottledAsyncChecker (ThrottledAsyncChecker.java:schedule(138)) - Scheduling a check for /home/runner/work/ozone/ozone/hadoop-ozone/integration-test/target/test-dir/MiniOzoneClusterImpl-c1e049f0-9043-4314-b8f3-2460433eb1a0/ozone-meta/datanode-1/ratis
2025-03-10 14:58:40,178 [bb41d03f-9ea0-4e3b-80d9-0852d4352e0e-EndpointStateMachineTaskThread-/0.0.0.0:15002-0 ] INFO  volume.StorageVolumeChecker (StorageVolumeChecker.java:checkAllVolumes(215)) - Scheduled health check for volume /home/runner/work/ozone/ozone/hadoop-ozone/integration-test/target/test-dir/MiniOzoneClusterImpl-c1e049f0-9043-4314-b8f3-2460433eb1a0/ozone-meta/datanode-1/ratis
2025-03-10 14:58:40,179 [bb41d03f-9ea0-4e3b-80d9-0852d4352e0e-EndpointStateMachineTaskThread-/0.0.0.0:15002-0 ] INFO  ozoneimpl.OzoneContainer (OzoneContainer.java:start(500)) - Attempting to start container services.
2025-03-10 14:58:40,184 [ContainerMetadataScanner] INFO  ozoneimpl.AbstractBackgroundContainerScanner (AbstractBackgroundContainerScanner.java:runIteration(89)) - Completed an iteration in 0 minutes. Number of iterations (since the data-node restart) : 1, Number of containers scanned in this iteration : 0, Number of unhealthy containers found in this iteration : 0
2025-03-10 14:58:40,186 [bb41d03f-9ea0-4e3b-80d9-0852d4352e0e-EndpointStateMachineTaskThread-/0.0.0.0:15002-0 ] INFO  replication.ReplicationServer (ReplicationServer.java:start(137)) - ReplicationServer is started using port 15018
2025-03-10 14:58:40,186 [ContainerDataScanner(/home/runner/work/ozone/ozone/hadoop-ozone/integration-test/target/test-dir/MiniOzoneClusterImpl-c1e049f0-9043-4314-b8f3-2460433eb1a0/ozone-meta/datanode-1/data-0/hdds)] INFO  ozoneimpl.AbstractBackgroundContainerScanner (AbstractBackgroundContainerScanner.java:runIteration(89)) - Completed an iteration in 0 minutes. Number of iterations (since the data-node restart) : 1, Number of containers scanned in this iteration : 0, Number of unhealthy containers found in this iteration : 0
2025-03-10 14:58:40,186 [bb41d03f-9ea0-4e3b-80d9-0852d4352e0e-EndpointStateMachineTaskThread-/0.0.0.0:15002-0 ] INFO  ratis.XceiverServerRatis (XceiverServerRatis.java:start(558)) - Starting XceiverServerRatis(bb41d03f-9ea0-4e3b-80d9-0852d4352e0e)
2025-03-10 14:58:40,187 [bb41d03f-9ea0-4e3b-80d9-0852d4352e0e-EndpointStateMachineTaskThread-/0.0.0.0:15002-0 ] INFO  server.RaftServer (RaftServerProxy.java:startImpl(407)) - bb41d03f-9ea0-4e3b-80d9-0852d4352e0e: start RPC server
2025-03-10 14:58:40,188 [bb41d03f-9ea0-4e3b-80d9-0852d4352e0e-EndpointStateMachineTaskThread-/0.0.0.0:15002-0 ] INFO  server.GrpcService (GrpcService.java:startImpl(334)) - bb41d03f-9ea0-4e3b-80d9-0852d4352e0e: GrpcService started, listening on 15014
2025-03-10 14:58:40,188 [bb41d03f-9ea0-4e3b-80d9-0852d4352e0e-EndpointStateMachineTaskThread-/0.0.0.0:15002-0 ] INFO  server.GrpcService (GrpcService.java:startImpl(334)) - bb41d03f-9ea0-4e3b-80d9-0852d4352e0e: GrpcService started, listening on 15016
2025-03-10 14:58:40,188 [bb41d03f-9ea0-4e3b-80d9-0852d4352e0e-EndpointStateMachineTaskThread-/0.0.0.0:15002-0 ] INFO  server.GrpcService (GrpcService.java:startImpl(334)) - bb41d03f-9ea0-4e3b-80d9-0852d4352e0e: GrpcService started, listening on 15015
2025-03-10 14:58:40,189 [bb41d03f-9ea0-4e3b-80d9-0852d4352e0e-EndpointStateMachineTaskThread-/0.0.0.0:15002-0 ] INFO  ratis.XceiverServerRatis (XceiverServerRatis.java:getRealPort(585)) - XceiverServerRatis(bb41d03f-9ea0-4e3b-80d9-0852d4352e0e) is started using port RATIS=15014
2025-03-10 14:58:40,189 [bb41d03f-9ea0-4e3b-80d9-0852d4352e0e-EndpointStateMachineTaskThread-/0.0.0.0:15002-0 ] INFO  ratis.XceiverServerRatis (XceiverServerRatis.java:getRealPort(585)) - XceiverServerRatis(bb41d03f-9ea0-4e3b-80d9-0852d4352e0e) is started using port RATIS_ADMIN=15015
2025-03-10 14:58:40,189 [bb41d03f-9ea0-4e3b-80d9-0852d4352e0e-EndpointStateMachineTaskThread-/0.0.0.0:15002-0 ] INFO  ratis.XceiverServerRatis (XceiverServerRatis.java:getRealPort(585)) - XceiverServerRatis(bb41d03f-9ea0-4e3b-80d9-0852d4352e0e) is started using port RATIS_SERVER=15016
2025-03-10 14:58:40,189 [JvmPauseMonitor3] INFO  util.JvmPauseMonitor (JvmPauseMonitor.java:run(146)) - JvmPauseMonitor-bb41d03f-9ea0-4e3b-80d9-0852d4352e0e: Started
2025-03-10 14:58:40,189 [bb41d03f-9ea0-4e3b-80d9-0852d4352e0e-EndpointStateMachineTaskThread-/0.0.0.0:15002-0 ] INFO  ratis.XceiverServerRatis (XceiverServerRatis.java:getRealPort(585)) - XceiverServerRatis(bb41d03f-9ea0-4e3b-80d9-0852d4352e0e) is started using port RATIS_DATASTREAM=15017
2025-03-10 14:58:40,192 [bb41d03f-9ea0-4e3b-80d9-0852d4352e0e-BlockDeletingService#0] INFO  interfaces.ContainerDeletionChoosingPolicyTemplate (ContainerDeletionChoosingPolicyTemplate.java:chooseContainerForBlockDeletion(83)) - Chosen 0/5000 blocks from 0 candidate containers.
2025-03-10 14:58:40,340 [cd975088-a4e1-4d6c-8217-e67620ac7c17-EndpointStateMachineTaskThread-/0.0.0.0:15002-0 ] INFO  utils.DatanodeStoreCache (DatanodeStoreCache.java:addDB(71)) - Added db /home/runner/work/ozone/ozone/hadoop-ozone/integration-test/target/test-dir/MiniOzoneClusterImpl-c1e049f0-9043-4314-b8f3-2460433eb1a0/ozone-meta/datanode-2/data-0/hdds/c1e049f0-9043-4314-b8f3-2460433eb1a0/DS-4d118e0c-5750-4d19-bafd-b1a5a0b76f94/container.db to cache
2025-03-10 14:58:40,340 [cd975088-a4e1-4d6c-8217-e67620ac7c17-EndpointStateMachineTaskThread-/0.0.0.0:15002-0 ] INFO  volume.HddsVolume (HddsVolume.java:createDbStore(446)) - SchemaV3 db is created and loaded at /home/runner/work/ozone/ozone/hadoop-ozone/integration-test/target/test-dir/MiniOzoneClusterImpl-c1e049f0-9043-4314-b8f3-2460433eb1a0/ozone-meta/datanode-2/data-0/hdds/c1e049f0-9043-4314-b8f3-2460433eb1a0/DS-4d118e0c-5750-4d19-bafd-b1a5a0b76f94/container.db for volume DS-4d118e0c-5750-4d19-bafd-b1a5a0b76f94
2025-03-10 14:58:40,343 [cd975088-a4e1-4d6c-8217-e67620ac7c17-ContainerReader-0] INFO  ozoneimpl.ContainerReader (ContainerReader.java:readVolume(144)) - Start to verify containers on volume /home/runner/work/ozone/ozone/hadoop-ozone/integration-test/target/test-dir/MiniOzoneClusterImpl-c1e049f0-9043-4314-b8f3-2460433eb1a0/ozone-meta/datanode-2/data-0/hdds
2025-03-10 14:58:40,343 [cd975088-a4e1-4d6c-8217-e67620ac7c17-ContainerReader-0] INFO  ozoneimpl.ContainerReader (ContainerReader.java:readVolume(174)) - Finish verifying containers on volume /home/runner/work/ozone/ozone/hadoop-ozone/integration-test/target/test-dir/MiniOzoneClusterImpl-c1e049f0-9043-4314-b8f3-2460433eb1a0/ozone-meta/datanode-2/data-0/hdds
2025-03-10 14:58:40,343 [cd975088-a4e1-4d6c-8217-e67620ac7c17-EndpointStateMachineTaskThread-/0.0.0.0:15002-0 ] INFO  ozoneimpl.OzoneContainer (OzoneContainer.java:buildContainerSet(357)) - Build ContainerSet costs 0s
2025-03-10 14:58:40,344 [cd975088-a4e1-4d6c-8217-e67620ac7c17-EndpointStateMachineTaskThread-/0.0.0.0:15002-0 ] INFO  volume.ThrottledAsyncChecker (ThrottledAsyncChecker.java:schedule(138)) - Scheduling a check for /home/runner/work/ozone/ozone/hadoop-ozone/integration-test/target/test-dir/MiniOzoneClusterImpl-c1e049f0-9043-4314-b8f3-2460433eb1a0/ozone-meta/datanode-2/data-0/hdds
2025-03-10 14:58:40,344 [cd975088-a4e1-4d6c-8217-e67620ac7c17-EndpointStateMachineTaskThread-/0.0.0.0:15002-0 ] INFO  volume.StorageVolumeChecker (StorageVolumeChecker.java:checkAllVolumes(215)) - Scheduled health check for volume /home/runner/work/ozone/ozone/hadoop-ozone/integration-test/target/test-dir/MiniOzoneClusterImpl-c1e049f0-9043-4314-b8f3-2460433eb1a0/ozone-meta/datanode-2/data-0/hdds
2025-03-10 14:58:40,345 [cd975088-a4e1-4d6c-8217-e67620ac7c17-EndpointStateMachineTaskThread-/0.0.0.0:15002-0 ] INFO  volume.ThrottledAsyncChecker (ThrottledAsyncChecker.java:schedule(138)) - Scheduling a check for /home/runner/work/ozone/ozone/hadoop-ozone/integration-test/target/test-dir/MiniOzoneClusterImpl-c1e049f0-9043-4314-b8f3-2460433eb1a0/ozone-meta/datanode-2/ratis
2025-03-10 14:58:40,345 [cd975088-a4e1-4d6c-8217-e67620ac7c17-EndpointStateMachineTaskThread-/0.0.0.0:15002-0 ] INFO  volume.StorageVolumeChecker (StorageVolumeChecker.java:checkAllVolumes(215)) - Scheduled health check for volume /home/runner/work/ozone/ozone/hadoop-ozone/integration-test/target/test-dir/MiniOzoneClusterImpl-c1e049f0-9043-4314-b8f3-2460433eb1a0/ozone-meta/datanode-2/ratis
2025-03-10 14:58:40,346 [cd975088-a4e1-4d6c-8217-e67620ac7c17-EndpointStateMachineTaskThread-/0.0.0.0:15002-0 ] INFO  ozoneimpl.OzoneContainer (OzoneContainer.java:start(500)) - Attempting to start container services.
2025-03-10 14:58:40,346 [cd975088-a4e1-4d6c-8217-e67620ac7c17-EndpointStateMachineTaskThread-/0.0.0.0:15002-0 ] WARN  ozoneimpl.OnDemandContainerDataScanner (OnDemandContainerDataScanner.java:init(74)) - Trying to initialize on demand scanner a second time on a datanode.
2025-03-10 14:58:40,347 [ContainerMetadataScanner] INFO  ozoneimpl.AbstractBackgroundContainerScanner (AbstractBackgroundContainerScanner.java:runIteration(89)) - Completed an iteration in 0 minutes. Number of iterations (since the data-node restart) : 1, Number of containers scanned in this iteration : 0, Number of unhealthy containers found in this iteration : 0
2025-03-10 14:58:40,347 [ContainerDataScanner(/home/runner/work/ozone/ozone/hadoop-ozone/integration-test/target/test-dir/MiniOzoneClusterImpl-c1e049f0-9043-4314-b8f3-2460433eb1a0/ozone-meta/datanode-2/data-0/hdds)] INFO  ozoneimpl.AbstractBackgroundContainerScanner (AbstractBackgroundContainerScanner.java:runIteration(89)) - Completed an iteration in 0 minutes. Number of iterations (since the data-node restart) : 1, Number of containers scanned in this iteration : 0, Number of unhealthy containers found in this iteration : 0
2025-03-10 14:58:40,348 [cd975088-a4e1-4d6c-8217-e67620ac7c17-EndpointStateMachineTaskThread-/0.0.0.0:15002-0 ] INFO  replication.ReplicationServer (ReplicationServer.java:start(137)) - ReplicationServer is started using port 15027
2025-03-10 14:58:40,348 [cd975088-a4e1-4d6c-8217-e67620ac7c17-EndpointStateMachineTaskThread-/0.0.0.0:15002-0 ] INFO  ratis.XceiverServerRatis (XceiverServerRatis.java:start(558)) - Starting XceiverServerRatis(cd975088-a4e1-4d6c-8217-e67620ac7c17)
2025-03-10 14:58:40,349 [cd975088-a4e1-4d6c-8217-e67620ac7c17-EndpointStateMachineTaskThread-/0.0.0.0:15002-0 ] INFO  server.RaftServer (RaftServerProxy.java:startImpl(407)) - cd975088-a4e1-4d6c-8217-e67620ac7c17: start RPC server
2025-03-10 14:58:40,349 [cd975088-a4e1-4d6c-8217-e67620ac7c17-EndpointStateMachineTaskThread-/0.0.0.0:15002-0 ] INFO  server.GrpcService (GrpcService.java:startImpl(334)) - cd975088-a4e1-4d6c-8217-e67620ac7c17: GrpcService started, listening on 15023
2025-03-10 14:58:40,350 [cd975088-a4e1-4d6c-8217-e67620ac7c17-EndpointStateMachineTaskThread-/0.0.0.0:15002-0 ] INFO  server.GrpcService (GrpcService.java:startImpl(334)) - cd975088-a4e1-4d6c-8217-e67620ac7c17: GrpcService started, listening on 15025
2025-03-10 14:58:40,350 [cd975088-a4e1-4d6c-8217-e67620ac7c17-EndpointStateMachineTaskThread-/0.0.0.0:15002-0 ] INFO  server.GrpcService (GrpcService.java:startImpl(334)) - cd975088-a4e1-4d6c-8217-e67620ac7c17: GrpcService started, listening on 15024
2025-03-10 14:58:40,350 [cd975088-a4e1-4d6c-8217-e67620ac7c17-EndpointStateMachineTaskThread-/0.0.0.0:15002-0 ] INFO  ratis.XceiverServerRatis (XceiverServerRatis.java:getRealPort(585)) - XceiverServerRatis(cd975088-a4e1-4d6c-8217-e67620ac7c17) is started using port RATIS=15023
2025-03-10 14:58:40,351 [JvmPauseMonitor4] INFO  util.JvmPauseMonitor (JvmPauseMonitor.java:run(146)) - JvmPauseMonitor-cd975088-a4e1-4d6c-8217-e67620ac7c17: Started
2025-03-10 14:58:40,351 [cd975088-a4e1-4d6c-8217-e67620ac7c17-EndpointStateMachineTaskThread-/0.0.0.0:15002-0 ] INFO  ratis.XceiverServerRatis (XceiverServerRatis.java:getRealPort(585)) - XceiverServerRatis(cd975088-a4e1-4d6c-8217-e67620ac7c17) is started using port RATIS_ADMIN=15024
2025-03-10 14:58:40,351 [cd975088-a4e1-4d6c-8217-e67620ac7c17-EndpointStateMachineTaskThread-/0.0.0.0:15002-0 ] INFO  ratis.XceiverServerRatis (XceiverServerRatis.java:getRealPort(585)) - XceiverServerRatis(cd975088-a4e1-4d6c-8217-e67620ac7c17) is started using port RATIS_SERVER=15025
2025-03-10 14:58:40,351 [cd975088-a4e1-4d6c-8217-e67620ac7c17-EndpointStateMachineTaskThread-/0.0.0.0:15002-0 ] INFO  ratis.XceiverServerRatis (XceiverServerRatis.java:getRealPort(585)) - XceiverServerRatis(cd975088-a4e1-4d6c-8217-e67620ac7c17) is started using port RATIS_DATASTREAM=15026
2025-03-10 14:58:40,352 [cd975088-a4e1-4d6c-8217-e67620ac7c17-BlockDeletingService#0] INFO  interfaces.ContainerDeletionChoosingPolicyTemplate (ContainerDeletionChoosingPolicyTemplate.java:chooseContainerForBlockDeletion(83)) - Chosen 0/5000 blocks from 0 candidate containers.
2025-03-10 14:58:40,529 [main] INFO  ozone.MiniOzoneClusterImpl (MiniOzoneClusterImpl.java:lambda$waitForClusterToBeReady$0(208)) - Waiting for nodes to be ready. Got 0 of 3 DN Heartbeats.
2025-03-10 14:58:40,529 [main] INFO  ozone.MiniOzoneClusterImpl (MiniOzoneClusterImpl.java:lambda$waitForClusterToBeReady$0(211)) - Waiting for cluster to exit safe mode
2025-03-10 14:58:40,529 [main] INFO  ozone.MiniOzoneClusterImpl (MiniOzoneClusterImpl.java:lambda$waitForClusterToBeReady$0(213)) - SCM became leader
2025-03-10 14:58:40,558 [24343a3a-85a1-4b3d-bed0-d5c89a70db02-EndpointStateMachineTaskThread-/0.0.0.0:15002-0 ] INFO  utils.DatanodeStoreCache (DatanodeStoreCache.java:addDB(71)) - Added db /home/runner/work/ozone/ozone/hadoop-ozone/integration-test/target/test-dir/MiniOzoneClusterImpl-c1e049f0-9043-4314-b8f3-2460433eb1a0/ozone-meta/datanode-3/data-0/hdds/c1e049f0-9043-4314-b8f3-2460433eb1a0/DS-62cfd752-1bd8-4ec3-bae4-7df2b6f7b54e/container.db to cache
2025-03-10 14:58:40,558 [24343a3a-85a1-4b3d-bed0-d5c89a70db02-EndpointStateMachineTaskThread-/0.0.0.0:15002-0 ] INFO  volume.HddsVolume (HddsVolume.java:createDbStore(446)) - SchemaV3 db is created and loaded at /home/runner/work/ozone/ozone/hadoop-ozone/integration-test/target/test-dir/MiniOzoneClusterImpl-c1e049f0-9043-4314-b8f3-2460433eb1a0/ozone-meta/datanode-3/data-0/hdds/c1e049f0-9043-4314-b8f3-2460433eb1a0/DS-62cfd752-1bd8-4ec3-bae4-7df2b6f7b54e/container.db for volume DS-62cfd752-1bd8-4ec3-bae4-7df2b6f7b54e
2025-03-10 14:58:40,560 [24343a3a-85a1-4b3d-bed0-d5c89a70db02-ContainerReader-0] INFO  ozoneimpl.ContainerReader (ContainerReader.java:readVolume(144)) - Start to verify containers on volume /home/runner/work/ozone/ozone/hadoop-ozone/integration-test/target/test-dir/MiniOzoneClusterImpl-c1e049f0-9043-4314-b8f3-2460433eb1a0/ozone-meta/datanode-3/data-0/hdds
2025-03-10 14:58:40,560 [24343a3a-85a1-4b3d-bed0-d5c89a70db02-ContainerReader-0] INFO  ozoneimpl.ContainerReader (ContainerReader.java:readVolume(174)) - Finish verifying containers on volume /home/runner/work/ozone/ozone/hadoop-ozone/integration-test/target/test-dir/MiniOzoneClusterImpl-c1e049f0-9043-4314-b8f3-2460433eb1a0/ozone-meta/datanode-3/data-0/hdds
2025-03-10 14:58:40,561 [24343a3a-85a1-4b3d-bed0-d5c89a70db02-EndpointStateMachineTaskThread-/0.0.0.0:15002-0 ] INFO  ozoneimpl.OzoneContainer (OzoneContainer.java:buildContainerSet(357)) - Build ContainerSet costs 0s
2025-03-10 14:58:40,561 [24343a3a-85a1-4b3d-bed0-d5c89a70db02-EndpointStateMachineTaskThread-/0.0.0.0:15002-0 ] INFO  volume.ThrottledAsyncChecker (ThrottledAsyncChecker.java:schedule(138)) - Scheduling a check for /home/runner/work/ozone/ozone/hadoop-ozone/integration-test/target/test-dir/MiniOzoneClusterImpl-c1e049f0-9043-4314-b8f3-2460433eb1a0/ozone-meta/datanode-3/data-0/hdds
2025-03-10 14:58:40,562 [24343a3a-85a1-4b3d-bed0-d5c89a70db02-EndpointStateMachineTaskThread-/0.0.0.0:15002-0 ] INFO  volume.StorageVolumeChecker (StorageVolumeChecker.java:checkAllVolumes(215)) - Scheduled health check for volume /home/runner/work/ozone/ozone/hadoop-ozone/integration-test/target/test-dir/MiniOzoneClusterImpl-c1e049f0-9043-4314-b8f3-2460433eb1a0/ozone-meta/datanode-3/data-0/hdds
2025-03-10 14:58:40,563 [24343a3a-85a1-4b3d-bed0-d5c89a70db02-EndpointStateMachineTaskThread-/0.0.0.0:15002-0 ] INFO  volume.ThrottledAsyncChecker (ThrottledAsyncChecker.java:schedule(138)) - Scheduling a check for /home/runner/work/ozone/ozone/hadoop-ozone/integration-test/target/test-dir/MiniOzoneClusterImpl-c1e049f0-9043-4314-b8f3-2460433eb1a0/ozone-meta/datanode-3/ratis
2025-03-10 14:58:40,563 [24343a3a-85a1-4b3d-bed0-d5c89a70db02-EndpointStateMachineTaskThread-/0.0.0.0:15002-0 ] INFO  volume.StorageVolumeChecker (StorageVolumeChecker.java:checkAllVolumes(215)) - Scheduled health check for volume /home/runner/work/ozone/ozone/hadoop-ozone/integration-test/target/test-dir/MiniOzoneClusterImpl-c1e049f0-9043-4314-b8f3-2460433eb1a0/ozone-meta/datanode-3/ratis
2025-03-10 14:58:40,564 [24343a3a-85a1-4b3d-bed0-d5c89a70db02-EndpointStateMachineTaskThread-/0.0.0.0:15002-0 ] INFO  ozoneimpl.OzoneContainer (OzoneContainer.java:start(500)) - Attempting to start container services.
2025-03-10 14:58:40,564 [24343a3a-85a1-4b3d-bed0-d5c89a70db02-EndpointStateMachineTaskThread-/0.0.0.0:15002-0 ] WARN  ozoneimpl.OnDemandContainerDataScanner (OnDemandContainerDataScanner.java:init(74)) - Trying to initialize on demand scanner a second time on a datanode.
2025-03-10 14:58:40,564 [ContainerMetadataScanner] INFO  ozoneimpl.AbstractBackgroundContainerScanner (AbstractBackgroundContainerScanner.java:runIteration(89)) - Completed an iteration in 0 minutes. Number of iterations (since the data-node restart) : 1, Number of containers scanned in this iteration : 0, Number of unhealthy containers found in this iteration : 0
2025-03-10 14:58:40,565 [ContainerDataScanner(/home/runner/work/ozone/ozone/hadoop-ozone/integration-test/target/test-dir/MiniOzoneClusterImpl-c1e049f0-9043-4314-b8f3-2460433eb1a0/ozone-meta/datanode-3/data-0/hdds)] INFO  ozoneimpl.AbstractBackgroundContainerScanner (AbstractBackgroundContainerScanner.java:runIteration(89)) - Completed an iteration in 0 minutes. Number of iterations (since the data-node restart) : 1, Number of containers scanned in this iteration : 0, Number of unhealthy containers found in this iteration : 0
2025-03-10 14:58:40,565 [24343a3a-85a1-4b3d-bed0-d5c89a70db02-EndpointStateMachineTaskThread-/0.0.0.0:15002-0 ] INFO  replication.ReplicationServer (ReplicationServer.java:start(137)) - ReplicationServer is started using port 15036
2025-03-10 14:58:40,566 [24343a3a-85a1-4b3d-bed0-d5c89a70db02-EndpointStateMachineTaskThread-/0.0.0.0:15002-0 ] INFO  ratis.XceiverServerRatis (XceiverServerRatis.java:start(558)) - Starting XceiverServerRatis(24343a3a-85a1-4b3d-bed0-d5c89a70db02)
2025-03-10 14:58:40,566 [24343a3a-85a1-4b3d-bed0-d5c89a70db02-EndpointStateMachineTaskThread-/0.0.0.0:15002-0 ] INFO  server.RaftServer (RaftServerProxy.java:startImpl(407)) - 24343a3a-85a1-4b3d-bed0-d5c89a70db02: start RPC server
2025-03-10 14:58:40,567 [24343a3a-85a1-4b3d-bed0-d5c89a70db02-EndpointStateMachineTaskThread-/0.0.0.0:15002-0 ] INFO  server.GrpcService (GrpcService.java:startImpl(334)) - 24343a3a-85a1-4b3d-bed0-d5c89a70db02: GrpcService started, listening on 15032
2025-03-10 14:58:40,567 [24343a3a-85a1-4b3d-bed0-d5c89a70db02-EndpointStateMachineTaskThread-/0.0.0.0:15002-0 ] INFO  server.GrpcService (GrpcService.java:startImpl(334)) - 24343a3a-85a1-4b3d-bed0-d5c89a70db02: GrpcService started, listening on 15034
2025-03-10 14:58:40,567 [24343a3a-85a1-4b3d-bed0-d5c89a70db02-EndpointStateMachineTaskThread-/0.0.0.0:15002-0 ] INFO  server.GrpcService (GrpcService.java:startImpl(334)) - 24343a3a-85a1-4b3d-bed0-d5c89a70db02: GrpcService started, listening on 15033
2025-03-10 14:58:40,568 [24343a3a-85a1-4b3d-bed0-d5c89a70db02-EndpointStateMachineTaskThread-/0.0.0.0:15002-0 ] INFO  ratis.XceiverServerRatis (XceiverServerRatis.java:getRealPort(585)) - XceiverServerRatis(24343a3a-85a1-4b3d-bed0-d5c89a70db02) is started using port RATIS=15032
2025-03-10 14:58:40,568 [JvmPauseMonitor5] INFO  util.JvmPauseMonitor (JvmPauseMonitor.java:run(146)) - JvmPauseMonitor-24343a3a-85a1-4b3d-bed0-d5c89a70db02: Started
2025-03-10 14:58:40,568 [24343a3a-85a1-4b3d-bed0-d5c89a70db02-EndpointStateMachineTaskThread-/0.0.0.0:15002-0 ] INFO  ratis.XceiverServerRatis (XceiverServerRatis.java:getRealPort(585)) - XceiverServerRatis(24343a3a-85a1-4b3d-bed0-d5c89a70db02) is started using port RATIS_ADMIN=15033
2025-03-10 14:58:40,568 [24343a3a-85a1-4b3d-bed0-d5c89a70db02-EndpointStateMachineTaskThread-/0.0.0.0:15002-0 ] INFO  ratis.XceiverServerRatis (XceiverServerRatis.java:getRealPort(585)) - XceiverServerRatis(24343a3a-85a1-4b3d-bed0-d5c89a70db02) is started using port RATIS_SERVER=15034
2025-03-10 14:58:40,568 [24343a3a-85a1-4b3d-bed0-d5c89a70db02-EndpointStateMachineTaskThread-/0.0.0.0:15002-0 ] INFO  ratis.XceiverServerRatis (XceiverServerRatis.java:getRealPort(585)) - XceiverServerRatis(24343a3a-85a1-4b3d-bed0-d5c89a70db02) is started using port RATIS_DATASTREAM=15035
2025-03-10 14:58:40,569 [24343a3a-85a1-4b3d-bed0-d5c89a70db02-BlockDeletingService#0] INFO  interfaces.ContainerDeletionChoosingPolicyTemplate (ContainerDeletionChoosingPolicyTemplate.java:chooseContainerForBlockDeletion(83)) - Chosen 0/5000 blocks from 0 candidate containers.
2025-03-10 14:58:41,530 [main] INFO  ozone.MiniOzoneClusterImpl (MiniOzoneClusterImpl.java:lambda$waitForClusterToBeReady$0(208)) - Waiting for nodes to be ready. Got 0 of 3 DN Heartbeats.
2025-03-10 14:58:41,530 [main] INFO  ozone.MiniOzoneClusterImpl (MiniOzoneClusterImpl.java:lambda$waitForClusterToBeReady$0(211)) - Waiting for cluster to exit safe mode
2025-03-10 14:58:41,530 [main] INFO  ozone.MiniOzoneClusterImpl (MiniOzoneClusterImpl.java:lambda$waitForClusterToBeReady$0(213)) - SCM became leader
2025-03-10 14:58:42,108 [IPC Server handler 61 on default port 15002] INFO  net.NetworkTopologyImpl (NetworkTopologyImpl.java:add(133)) - Added a new node: /default-rack/bb41d03f-9ea0-4e3b-80d9-0852d4352e0e
2025-03-10 14:58:42,110 [IPC Server handler 61 on default port 15002] INFO  node.SCMNodeManager (SCMNodeManager.java:register(423)) - Registered datanode: bb41d03f-9ea0-4e3b-80d9-0852d4352e0e{ip: 127.0.0.1, host: localhost, ports: [HTTP=15011, CLIENT_RPC=15012, REPLICATION=15018, RATIS=15014, RATIS_ADMIN=15015, RATIS_SERVER=15016, RATIS_DATASTREAM=15017, STANDALONE=15013], networkLocation: /default-rack, certSerialId: null, persistedOpState: null, persistedOpStateExpiryEpochSec: 0}
2025-03-10 14:58:42,111 [EventQueue-NewNodeForNewNodeHandler] INFO  pipeline.BackgroundPipelineCreator (BackgroundPipelineCreator.java:notifyEventTriggered(291)) - trigger a one-shot run on RatisPipelineUtilsThread.
2025-03-10 14:58:42,112 [EventQueue-NodeRegistrationContainerReportForDataNodeSafeModeRule] INFO  safemode.SCMSafeModeManager (DataNodeSafeModeRule.java:process(71)) - SCM in safe mode. 1 DataNodes registered, 3 required.
2025-03-10 14:58:42,112 [EventQueue-ContainerRegistrationReportForContainerSafeModeRule] INFO  safemode.SCMSafeModeManager (SCMSafeModeManager.java:validateSafeModeExitRules(185)) - ContainerSafeModeRule rule is successfully validated
2025-03-10 14:58:42,113 [EventQueue-PipelineReportForOneReplicaPipelineSafeModeRule] INFO  safemode.SCMSafeModeManager (SCMSafeModeManager.java:validateSafeModeExitRules(185)) - AtleastOneDatanodeReportedRule rule is successfully validated
2025-03-10 14:58:42,116 [RatisPipelineUtilsThread-0] INFO  pipeline.RatisPipelineProvider (RatisPipelineProvider.java:lambda$create$0(203)) - Sending CreatePipelineCommand for pipeline:PipelineID=294e5d89-b977-46ff-a16e-383d71f6ab9c to datanode:bb41d03f-9ea0-4e3b-80d9-0852d4352e0e
2025-03-10 14:58:42,156 [768f1ebc-c18b-41d5-9534-8f528a8c3722@group-2460433EB1A0-StateMachineUpdater] INFO  safemode.HealthyPipelineSafeModeRule (HealthyPipelineSafeModeRule.java:initializeRule(174)) - Refreshed total pipeline count is 0, healthy pipeline threshold count is 1
2025-03-10 14:58:42,159 [RatisPipelineUtilsThread-0] INFO  pipeline.BackgroundPipelineCreator (BackgroundPipelineCreator.java:createPipelines(247)) - Created new pipeline Pipeline[ Id: 294e5d89-b977-46ff-a16e-383d71f6ab9c, Nodes: bb41d03f-9ea0-4e3b-80d9-0852d4352e0e(localhost/127.0.0.1) ReplicaIndex: 0, ReplicationConfig: RATIS/ONE, State:ALLOCATED, leaderId:, CreationTimestamp2025-03-10T14:58:42.116308929Z[Etc/UTC]]
2025-03-10 14:58:42,315 [IPC Server handler 0 on default port 15002] INFO  net.NetworkTopologyImpl (NetworkTopologyImpl.java:add(133)) - Added a new node: /default-rack/cd975088-a4e1-4d6c-8217-e67620ac7c17
2025-03-10 14:58:42,315 [IPC Server handler 0 on default port 15002] INFO  node.SCMNodeManager (SCMNodeManager.java:register(423)) - Registered datanode: cd975088-a4e1-4d6c-8217-e67620ac7c17{ip: 127.0.0.1, host: localhost, ports: [HTTP=15020, CLIENT_RPC=15021, REPLICATION=15027, RATIS=15023, RATIS_ADMIN=15024, RATIS_SERVER=15025, RATIS_DATASTREAM=15026, STANDALONE=15022], networkLocation: /default-rack, certSerialId: null, persistedOpState: null, persistedOpStateExpiryEpochSec: 0}
2025-03-10 14:58:42,316 [EventQueue-NewNodeForNewNodeHandler] INFO  pipeline.BackgroundPipelineCreator (BackgroundPipelineCreator.java:notifyEventTriggered(291)) - trigger a one-shot run on RatisPipelineUtilsThread.
2025-03-10 14:58:42,316 [EventQueue-NodeRegistrationContainerReportForDataNodeSafeModeRule] INFO  safemode.SCMSafeModeManager (DataNodeSafeModeRule.java:process(71)) - SCM in safe mode. 2 DataNodes registered, 3 required.
2025-03-10 14:58:42,316 [RatisPipelineUtilsThread-0] INFO  pipeline.RatisPipelineProvider (RatisPipelineProvider.java:lambda$create$0(203)) - Sending CreatePipelineCommand for pipeline:PipelineID=3e2dd505-942f-401a-882d-b2175fa93812 to datanode:cd975088-a4e1-4d6c-8217-e67620ac7c17
2025-03-10 14:58:42,319 [768f1ebc-c18b-41d5-9534-8f528a8c3722@group-2460433EB1A0-StateMachineUpdater] INFO  safemode.HealthyPipelineSafeModeRule (HealthyPipelineSafeModeRule.java:initializeRule(174)) - Refreshed total pipeline count is 0, healthy pipeline threshold count is 1
2025-03-10 14:58:42,319 [RatisPipelineUtilsThread-0] INFO  pipeline.BackgroundPipelineCreator (BackgroundPipelineCreator.java:createPipelines(247)) - Created new pipeline Pipeline[ Id: 3e2dd505-942f-401a-882d-b2175fa93812, Nodes: cd975088-a4e1-4d6c-8217-e67620ac7c17(localhost/127.0.0.1) ReplicaIndex: 0, ReplicationConfig: RATIS/ONE, State:ALLOCATED, leaderId:, CreationTimestamp2025-03-10T14:58:42.316640170Z[Etc/UTC]]
2025-03-10 14:58:42,529 [IPC Server handler 1 on default port 15002] INFO  net.NetworkTopologyImpl (NetworkTopologyImpl.java:add(133)) - Added a new node: /default-rack/24343a3a-85a1-4b3d-bed0-d5c89a70db02
2025-03-10 14:58:42,529 [IPC Server handler 1 on default port 15002] INFO  node.SCMNodeManager (SCMNodeManager.java:register(423)) - Registered datanode: 24343a3a-85a1-4b3d-bed0-d5c89a70db02{ip: 127.0.0.1, host: localhost, ports: [HTTP=15029, CLIENT_RPC=15030, REPLICATION=15036, RATIS=15032, RATIS_ADMIN=15033, RATIS_SERVER=15034, RATIS_DATASTREAM=15035, STANDALONE=15031], networkLocation: /default-rack, certSerialId: null, persistedOpState: null, persistedOpStateExpiryEpochSec: 0}
2025-03-10 14:58:42,530 [EventQueue-NewNodeForNewNodeHandler] INFO  pipeline.BackgroundPipelineCreator (BackgroundPipelineCreator.java:notifyEventTriggered(291)) - trigger a one-shot run on RatisPipelineUtilsThread.
2025-03-10 14:58:42,530 [EventQueue-NodeRegistrationContainerReportForDataNodeSafeModeRule] INFO  safemode.SCMSafeModeManager (DataNodeSafeModeRule.java:process(71)) - SCM in safe mode. 3 DataNodes registered, 3 required.
2025-03-10 14:58:42,530 [EventQueue-NodeRegistrationContainerReportForDataNodeSafeModeRule] INFO  safemode.SCMSafeModeManager (SCMSafeModeManager.java:validateSafeModeExitRules(185)) - DataNodeSafeModeRule rule is successfully validated
2025-03-10 14:58:42,530 [EventQueue-NodeRegistrationContainerReportForDataNodeSafeModeRule] INFO  safemode.SCMSafeModeManager (SCMSafeModeManager.java:completePreCheck(214)) - All SCM safe mode pre check rules have passed
2025-03-10 14:58:42,530 [EventQueue-NodeRegistrationContainerReportForDataNodeSafeModeRule] INFO  ha.SCMContext (SCMContext.java:updateSafeModeStatus(224)) - Update SafeModeStatus from SafeModeStatus{safeModeStatus=true, preCheckPassed=false} to SafeModeStatus{safeModeStatus=true, preCheckPassed=true}.
2025-03-10 14:58:42,530 [EventQueue-NodeRegistrationContainerReportForDataNodeSafeModeRule] INFO  pipeline.BackgroundPipelineCreator (BackgroundPipelineCreator.java:notifyEventTriggered(291)) - trigger a one-shot run on RatisPipelineUtilsThread.
2025-03-10 14:58:42,530 [RatisPipelineUtilsThread-0] INFO  pipeline.RatisPipelineProvider (RatisPipelineProvider.java:lambda$create$0(203)) - Sending CreatePipelineCommand for pipeline:PipelineID=6244250d-c605-4b83-adc1-843a714fa3e3 to datanode:24343a3a-85a1-4b3d-bed0-d5c89a70db02
2025-03-10 14:58:42,530 [main] INFO  ozone.MiniOzoneClusterImpl (MiniOzoneClusterImpl.java:lambda$waitForClusterToBeReady$0(208)) - Nodes are ready. Got 3 of 3 DN Heartbeats.
2025-03-10 14:58:42,531 [main] INFO  ozone.MiniOzoneClusterImpl (MiniOzoneClusterImpl.java:lambda$waitForClusterToBeReady$0(211)) - Waiting for cluster to exit safe mode
2025-03-10 14:58:42,531 [main] INFO  ozone.MiniOzoneClusterImpl (MiniOzoneClusterImpl.java:lambda$waitForClusterToBeReady$0(213)) - SCM became leader
2025-03-10 14:58:42,533 [768f1ebc-c18b-41d5-9534-8f528a8c3722@group-2460433EB1A0-StateMachineUpdater] INFO  safemode.HealthyPipelineSafeModeRule (HealthyPipelineSafeModeRule.java:initializeRule(174)) - Refreshed total pipeline count is 0, healthy pipeline threshold count is 1
2025-03-10 14:58:42,534 [RatisPipelineUtilsThread-0] INFO  pipeline.BackgroundPipelineCreator (BackgroundPipelineCreator.java:createPipelines(247)) - Created new pipeline Pipeline[ Id: 6244250d-c605-4b83-adc1-843a714fa3e3, Nodes: 24343a3a-85a1-4b3d-bed0-d5c89a70db02(localhost/127.0.0.1) ReplicaIndex: 0, ReplicationConfig: RATIS/ONE, State:ALLOCATED, leaderId:, CreationTimestamp2025-03-10T14:58:42.530789621Z[Etc/UTC]]
2025-03-10 14:58:42,536 [RatisPipelineUtilsThread-0] INFO  pipeline.RatisPipelineProvider (RatisPipelineProvider.java:lambda$create$0(203)) - Sending CreatePipelineCommand for pipeline:PipelineID=ca7d1e5f-c110-487f-9e28-606166e69d51 to datanode:cd975088-a4e1-4d6c-8217-e67620ac7c17
2025-03-10 14:58:42,537 [RatisPipelineUtilsThread-0] INFO  pipeline.RatisPipelineProvider (RatisPipelineProvider.java:lambda$create$0(203)) - Sending CreatePipelineCommand for pipeline:PipelineID=ca7d1e5f-c110-487f-9e28-606166e69d51 to datanode:24343a3a-85a1-4b3d-bed0-d5c89a70db02
2025-03-10 14:58:42,537 [RatisPipelineUtilsThread-0] INFO  pipeline.RatisPipelineProvider (RatisPipelineProvider.java:lambda$create$0(203)) - Sending CreatePipelineCommand for pipeline:PipelineID=ca7d1e5f-c110-487f-9e28-606166e69d51 to datanode:bb41d03f-9ea0-4e3b-80d9-0852d4352e0e
2025-03-10 14:58:42,539 [768f1ebc-c18b-41d5-9534-8f528a8c3722@group-2460433EB1A0-StateMachineUpdater] INFO  safemode.HealthyPipelineSafeModeRule (HealthyPipelineSafeModeRule.java:initializeRule(174)) - Refreshed total pipeline count is 0, healthy pipeline threshold count is 1
2025-03-10 14:58:42,540 [RatisPipelineUtilsThread-0] INFO  pipeline.BackgroundPipelineCreator (BackgroundPipelineCreator.java:createPipelines(247)) - Created new pipeline Pipeline[ Id: ca7d1e5f-c110-487f-9e28-606166e69d51, Nodes: cd975088-a4e1-4d6c-8217-e67620ac7c17(localhost/127.0.0.1) ReplicaIndex: 024343a3a-85a1-4b3d-bed0-d5c89a70db02(localhost/127.0.0.1) ReplicaIndex: 0bb41d03f-9ea0-4e3b-80d9-0852d4352e0e(localhost/127.0.0.1) ReplicaIndex: 0, ReplicationConfig: RATIS/THREE, State:ALLOCATED, leaderId:, CreationTimestamp2025-03-10T14:58:42.536914428Z[Etc/UTC]]
2025-03-10 14:58:42,541 [RatisPipelineUtilsThread-0] INFO  pipeline.RatisPipelineProvider (RatisPipelineProvider.java:lambda$create$0(203)) - Sending CreatePipelineCommand for pipeline:PipelineID=ac153af9-1e85-4974-beea-037d493794b6 to datanode:cd975088-a4e1-4d6c-8217-e67620ac7c17
2025-03-10 14:58:42,541 [RatisPipelineUtilsThread-0] INFO  pipeline.RatisPipelineProvider (RatisPipelineProvider.java:lambda$create$0(203)) - Sending CreatePipelineCommand for pipeline:PipelineID=ac153af9-1e85-4974-beea-037d493794b6 to datanode:24343a3a-85a1-4b3d-bed0-d5c89a70db02
2025-03-10 14:58:42,541 [RatisPipelineUtilsThread-0] INFO  pipeline.RatisPipelineProvider (RatisPipelineProvider.java:lambda$create$0(203)) - Sending CreatePipelineCommand for pipeline:PipelineID=ac153af9-1e85-4974-beea-037d493794b6 to datanode:bb41d03f-9ea0-4e3b-80d9-0852d4352e0e
2025-03-10 14:58:42,543 [768f1ebc-c18b-41d5-9534-8f528a8c3722@group-2460433EB1A0-StateMachineUpdater] INFO  safemode.HealthyPipelineSafeModeRule (HealthyPipelineSafeModeRule.java:initializeRule(174)) - Refreshed total pipeline count is 0, healthy pipeline threshold count is 1
2025-03-10 14:58:42,544 [RatisPipelineUtilsThread-0] INFO  pipeline.PipelineManagerImpl (PipelineManagerImpl.java:recordMetricsForPipeline(917)) - Pipeline: PipelineID=ac153af9-1e85-4974-beea-037d493794b6 contains same datanodes as previous pipelines: PipelineID=ca7d1e5f-c110-487f-9e28-606166e69d51 nodeIds: cd975088-a4e1-4d6c-8217-e67620ac7c17, 24343a3a-85a1-4b3d-bed0-d5c89a70db02, bb41d03f-9ea0-4e3b-80d9-0852d4352e0e
2025-03-10 14:58:42,544 [RatisPipelineUtilsThread-0] INFO  pipeline.BackgroundPipelineCreator (BackgroundPipelineCreator.java:createPipelines(247)) - Created new pipeline Pipeline[ Id: ac153af9-1e85-4974-beea-037d493794b6, Nodes: cd975088-a4e1-4d6c-8217-e67620ac7c17(localhost/127.0.0.1) ReplicaIndex: 024343a3a-85a1-4b3d-bed0-d5c89a70db02(localhost/127.0.0.1) ReplicaIndex: 0bb41d03f-9ea0-4e3b-80d9-0852d4352e0e(localhost/127.0.0.1) ReplicaIndex: 0, ReplicationConfig: RATIS/THREE, State:ALLOCATED, leaderId:, CreationTimestamp2025-03-10T14:58:42.541031744Z[Etc/UTC]]
2025-03-10 14:58:43,531 [main] INFO  ozone.MiniOzoneClusterImpl (MiniOzoneClusterImpl.java:lambda$waitForClusterToBeReady$0(208)) - Nodes are ready. Got 3 of 3 DN Heartbeats.
2025-03-10 14:58:43,531 [main] INFO  ozone.MiniOzoneClusterImpl (MiniOzoneClusterImpl.java:lambda$waitForClusterToBeReady$0(211)) - Waiting for cluster to exit safe mode
2025-03-10 14:58:43,532 [main] INFO  ozone.MiniOzoneClusterImpl (MiniOzoneClusterImpl.java:lambda$waitForClusterToBeReady$0(213)) - SCM became leader
2025-03-10 14:58:44,532 [main] INFO  ozone.MiniOzoneClusterImpl (MiniOzoneClusterImpl.java:lambda$waitForClusterToBeReady$0(208)) - Nodes are ready. Got 3 of 3 DN Heartbeats.
2025-03-10 14:58:44,532 [main] INFO  ozone.MiniOzoneClusterImpl (MiniOzoneClusterImpl.java:lambda$waitForClusterToBeReady$0(211)) - Waiting for cluster to exit safe mode
2025-03-10 14:58:44,533 [main] INFO  ozone.MiniOzoneClusterImpl (MiniOzoneClusterImpl.java:lambda$waitForClusterToBeReady$0(213)) - SCM became leader
2025-03-10 14:58:45,101 [bb41d03f-9ea0-4e3b-80d9-0852d4352e0e-PipelineCommandHandlerThread-0] INFO  server.RaftServer (RaftServerProxy.java:addNew(100)) - bb41d03f-9ea0-4e3b-80d9-0852d4352e0e: addNew group-383D71F6AB9C:[bb41d03f-9ea0-4e3b-80d9-0852d4352e0e|127.0.0.1:15016] returns group-383D71F6AB9C:java.util.concurrent.CompletableFuture@6eb6a216[Not completed]
2025-03-10 14:58:45,110 [bb41d03f-9ea0-4e3b-80d9-0852d4352e0e-groupManagement] INFO  server.RaftServer$Division (RaftServerImpl.java:<init>(255)) - bb41d03f-9ea0-4e3b-80d9-0852d4352e0e: new RaftServerImpl for group-383D71F6AB9C:[bb41d03f-9ea0-4e3b-80d9-0852d4352e0e|127.0.0.1:15016] with ContainerStateMachine:uninitialized
2025-03-10 14:58:45,110 [bb41d03f-9ea0-4e3b-80d9-0852d4352e0e-groupManagement] INFO  server.RaftServerConfigKeys (ConfUtils.java:logGet(46)) - raft.server.rpc.timeout.min = 5s (custom)
2025-03-10 14:58:45,110 [bb41d03f-9ea0-4e3b-80d9-0852d4352e0e-groupManagement] INFO  server.RaftServerConfigKeys (ConfUtils.java:logGet(46)) - raft.server.rpc.timeout.max = 5200ms (custom)
2025-03-10 14:58:45,111 [bb41d03f-9ea0-4e3b-80d9-0852d4352e0e-groupManagement] INFO  server.RaftServerConfigKeys (ConfUtils.java:logGet(46)) - raft.server.rpc.sleep.time = 25ms (default)
2025-03-10 14:58:45,111 [bb41d03f-9ea0-4e3b-80d9-0852d4352e0e-groupManagement] INFO  server.RaftServerConfigKeys (ConfUtils.java:logGet(46)) - raft.server.rpc.slowness.timeout = 300s (custom)
2025-03-10 14:58:45,111 [bb41d03f-9ea0-4e3b-80d9-0852d4352e0e-groupManagement] INFO  server.RaftServerConfigKeys (ConfUtils.java:logGet(46)) - raft.server.leaderelection.leader.step-down.wait-time = 10s (default)
2025-03-10 14:58:45,111 [bb41d03f-9ea0-4e3b-80d9-0852d4352e0e-groupManagement] INFO  server.RaftServerConfigKeys (ConfUtils.java:logGet(46)) - raft.server.leaderelection.member.majority-add = false (default)
2025-03-10 14:58:45,111 [bb41d03f-9ea0-4e3b-80d9-0852d4352e0e-groupManagement] INFO  server.RaftServerConfigKeys (ConfUtils.java:logGet(46)) - raft.server.sleep.deviation.threshold = 300ms (default)
2025-03-10 14:58:45,111 [bb41d03f-9ea0-4e3b-80d9-0852d4352e0e-groupManagement] INFO  server.RaftServer$Division (ServerState.java:<init>(114)) - bb41d03f-9ea0-4e3b-80d9-0852d4352e0e@group-383D71F6AB9C: ConfigurationManager, init=conf: {index: -1, cur=peers:[bb41d03f-9ea0-4e3b-80d9-0852d4352e0e|127.0.0.1:15016]|listeners:[], old=null}, confs=<EMPTY_MAP>
2025-03-10 14:58:45,111 [bb41d03f-9ea0-4e3b-80d9-0852d4352e0e-groupManagement] INFO  server.RaftServerConfigKeys (ConfUtils.java:logGet(46)) - raft.server.notification.no-leader.timeout = 300s (custom)
2025-03-10 14:58:45,112 [bb41d03f-9ea0-4e3b-80d9-0852d4352e0e-groupManagement] INFO  server.RaftServerConfigKeys (ConfUtils.java:logGet(46)) - raft.server.read.timeout = 10s (default)
2025-03-10 14:58:45,112 [bb41d03f-9ea0-4e3b-80d9-0852d4352e0e-groupManagement] INFO  server.RaftServerConfigKeys (ConfUtils.java:logGet(46)) - raft.server.retrycache.expirytime = 600000ms (custom)
2025-03-10 14:58:45,112 [bb41d03f-9ea0-4e3b-80d9-0852d4352e0e-groupManagement] INFO  server.RaftServerConfigKeys (ConfUtils.java:logGet(46)) - raft.server.retrycache.statistics.expirytime = 100ms (default)
2025-03-10 14:58:45,112 [bb41d03f-9ea0-4e3b-80d9-0852d4352e0e-groupManagement] INFO  server.RaftServerConfigKeys (ConfUtils.java:logGet(46)) - raft.server.read.option = DEFAULT (default)
2025-03-10 14:58:45,112 [bb41d03f-9ea0-4e3b-80d9-0852d4352e0e-groupManagement] INFO  server.RaftServerConfigKeys (ConfUtils.java:logGet(46)) - raft.server.read.read-after-write-consistent.write-index-cache.expiry-time = 60s (default)
2025-03-10 14:58:45,119 [bb41d03f-9ea0-4e3b-80d9-0852d4352e0e-groupManagement] INFO  server.RaftServerConfigKeys (ConfUtils.java:logGet(46)) - raft.server.rpc.request.timeout = 60s (custom)
2025-03-10 14:58:45,119 [bb41d03f-9ea0-4e3b-80d9-0852d4352e0e-groupManagement] INFO  server.RaftServerConfigKeys (ConfUtils.java:logGet(46)) - raft.server.log.appender.install.snapshot.enabled = false (custom)
2025-03-10 14:58:45,119 [bb41d03f-9ea0-4e3b-80d9-0852d4352e0e-groupManagement] INFO  server.RaftServerConfigKeys (ConfUtils.java:logGet(46)) - raft.server.threadpool.server.cached = true (default)
2025-03-10 14:58:45,119 [bb41d03f-9ea0-4e3b-80d9-0852d4352e0e-groupManagement] INFO  server.RaftServerConfigKeys (ConfUtils.java:logGet(46)) - raft.server.threadpool.server.size = 0 (default)
2025-03-10 14:58:45,119 [bb41d03f-9ea0-4e3b-80d9-0852d4352e0e-groupManagement] INFO  server.RaftServerConfigKeys (ConfUtils.java:logGet(46)) - raft.server.threadpool.client.cached = true (default)
2025-03-10 14:58:45,120 [bb41d03f-9ea0-4e3b-80d9-0852d4352e0e-groupManagement] INFO  server.RaftServerConfigKeys (ConfUtils.java:logGet(46)) - raft.server.threadpool.client.size = 0 (default)
2025-03-10 14:58:45,120 [bb41d03f-9ea0-4e3b-80d9-0852d4352e0e-groupManagement] INFO  server.RaftServerConfigKeys (ConfUtils.java:logGet(46)) - raft.server.storage.free-space.min = 0MB (=0) (default)
2025-03-10 14:58:45,120 [bb41d03f-9ea0-4e3b-80d9-0852d4352e0e-groupManagement] INFO  server.RaftServerConfigKeys (ConfUtils.java:logGet(46)) - raft.server.log.corruption.policy = EXCEPTION (default)
2025-03-10 14:58:45,120 [bb41d03f-9ea0-4e3b-80d9-0852d4352e0e-groupManagement] INFO  server.RaftServerConfigKeys (ConfUtils.java:logGet(46)) - raft.server.storage.dir = [/home/runner/work/ozone/ozone/hadoop-ozone/integration-test/target/test-dir/MiniOzoneClusterImpl-c1e049f0-9043-4314-b8f3-2460433eb1a0/ozone-meta/datanode-1/ratis] (custom)
2025-03-10 14:58:45,120 [bb41d03f-9ea0-4e3b-80d9-0852d4352e0e-groupManagement] INFO  storage.RaftStorageDirectory (RaftStorageDirectoryImpl.java:analyzeStorage(138)) - The storage directory /home/runner/work/ozone/ozone/hadoop-ozone/integration-test/target/test-dir/MiniOzoneClusterImpl-c1e049f0-9043-4314-b8f3-2460433eb1a0/ozone-meta/datanode-1/ratis/294e5d89-b977-46ff-a16e-383d71f6ab9c does not exist. Creating ...
2025-03-10 14:58:45,122 [bb41d03f-9ea0-4e3b-80d9-0852d4352e0e-groupManagement] INFO  storage.RaftStorageDirectory (RaftStorageDirectoryImpl.java:tryLock(229)) - Lock on /home/runner/work/ozone/ozone/hadoop-ozone/integration-test/target/test-dir/MiniOzoneClusterImpl-c1e049f0-9043-4314-b8f3-2460433eb1a0/ozone-meta/datanode-1/ratis/294e5d89-b977-46ff-a16e-383d71f6ab9c/in_use.lock acquired by nodename 139316@fv-az1384-231
2025-03-10 14:58:45,124 [bb41d03f-9ea0-4e3b-80d9-0852d4352e0e-groupManagement] INFO  storage.RaftStorage (RaftStorageImpl.java:format(98)) - Storage directory /home/runner/work/ozone/ozone/hadoop-ozone/integration-test/target/test-dir/MiniOzoneClusterImpl-c1e049f0-9043-4314-b8f3-2460433eb1a0/ozone-meta/datanode-1/ratis/294e5d89-b977-46ff-a16e-383d71f6ab9c has been successfully formatted.
2025-03-10 14:58:45,128 [bb41d03f-9ea0-4e3b-80d9-0852d4352e0e-groupManagement] INFO  ratis.ContainerStateMachine (ContainerStateMachine.java:initialize(308)) - bb41d03f-9ea0-4e3b-80d9-0852d4352e0e: initialize group-383D71F6AB9C
2025-03-10 14:58:45,128 [bb41d03f-9ea0-4e3b-80d9-0852d4352e0e-groupManagement] INFO  ratis.ContainerStateMachine (ContainerStateMachine.java:loadSnapshot(316)) - group-383D71F6AB9C: The snapshot info is null. Setting the last applied index to:(t:0, i:~)
2025-03-10 14:58:45,128 [bb41d03f-9ea0-4e3b-80d9-0852d4352e0e-groupManagement] INFO  server.RaftServerConfigKeys (ConfUtils.java:logGet(46)) - raft.server.log.use.memory = false (default)
2025-03-10 14:58:45,128 [bb41d03f-9ea0-4e3b-80d9-0852d4352e0e-groupManagement] INFO  server.RaftServerConfigKeys (ConfUtils.java:logGet(46)) - raft.server.log.purge.gap = 1000000 (custom)
2025-03-10 14:58:45,128 [bb41d03f-9ea0-4e3b-80d9-0852d4352e0e-groupManagement] INFO  server.RaftServerConfigKeys (ConfUtils.java:logGet(46)) - raft.server.log.appender.buffer.byte-limit = 33554432 (custom)
2025-03-10 14:58:45,128 [bb41d03f-9ea0-4e3b-80d9-0852d4352e0e-groupManagement] INFO  server.RaftServerConfigKeys (ConfUtils.java:logGet(46)) - raft.server.log.statemachine.data.read.timeout = 1000ms (default)
2025-03-10 14:58:45,128 [bb41d03f-9ea0-4e3b-80d9-0852d4352e0e-groupManagement] INFO  server.RaftServerConfigKeys (ConfUtils.java:logGet(46)) - raft.server.log.purge.preservation.log.num = 0 (default)
2025-03-10 14:58:45,131 [bb41d03f-9ea0-4e3b-80d9-0852d4352e0e-groupManagement] INFO  server.RaftServerConfigKeys (ConfUtils.java:logGet(46)) - raft.server.log.segment.size.max = 67108864 (custom)
2025-03-10 14:58:45,131 [bb41d03f-9ea0-4e3b-80d9-0852d4352e0e-groupManagement] INFO  server.RaftServerConfigKeys (ConfUtils.java:logGet(46)) - raft.server.log.segment.cache.num.max = 2 (custom)
2025-03-10 14:58:45,132 [bb41d03f-9ea0-4e3b-80d9-0852d4352e0e-groupManagement] INFO  server.RaftServerConfigKeys (ConfUtils.java:logGet(46)) - raft.server.log.segment.cache.size.max = 200MB (=209715200) (default)
2025-03-10 14:58:45,132 [bb41d03f-9ea0-4e3b-80d9-0852d4352e0e-groupManagement] INFO  server.RaftServerConfigKeys (ConfUtils.java:logGet(46)) - raft.server.log.appender.buffer.byte-limit = 33554432 (custom)
2025-03-10 14:58:45,132 [bb41d03f-9ea0-4e3b-80d9-0852d4352e0e-groupManagement] INFO  util.AwaitToRun (AwaitToRun.java:start(81)) - Thread[#722,bb41d03f-9ea0-4e3b-80d9-0852d4352e0e@group-383D71F6AB9C-cacheEviction-AwaitToRun,5,main] started
2025-03-10 14:58:45,132 [bb41d03f-9ea0-4e3b-80d9-0852d4352e0e-groupManagement] INFO  segmented.SegmentedRaftLogWorker (SegmentedRaftLogWorker.java:<init>(188)) - new bb41d03f-9ea0-4e3b-80d9-0852d4352e0e@group-383D71F6AB9C-SegmentedRaftLogWorker for RaftStorageImpl:Storage Directory /home/runner/work/ozone/ozone/hadoop-ozone/integration-test/target/test-dir/MiniOzoneClusterImpl-c1e049f0-9043-4314-b8f3-2460433eb1a0/ozone-meta/datanode-1/ratis/294e5d89-b977-46ff-a16e-383d71f6ab9c
2025-03-10 14:58:45,133 [bb41d03f-9ea0-4e3b-80d9-0852d4352e0e-groupManagement] INFO  server.RaftServerConfigKeys (ConfUtils.java:logGet(46)) - raft.server.log.queue.byte-limit = 4294967296 (custom)
2025-03-10 14:58:45,133 [bb41d03f-9ea0-4e3b-80d9-0852d4352e0e-groupManagement] INFO  server.RaftServerConfigKeys (ConfUtils.java:logGet(46)) - raft.server.log.queue.element-limit = 1024 (custom)
2025-03-10 14:58:45,133 [bb41d03f-9ea0-4e3b-80d9-0852d4352e0e-groupManagement] INFO  server.RaftServerConfigKeys (ConfUtils.java:logGet(46)) - raft.server.log.segment.size.max = 67108864 (custom)
2025-03-10 14:58:45,133 [bb41d03f-9ea0-4e3b-80d9-0852d4352e0e-groupManagement] INFO  server.RaftServerConfigKeys (ConfUtils.java:logGet(46)) - raft.server.log.preallocated.size = 4194304 (custom)
2025-03-10 14:58:45,133 [bb41d03f-9ea0-4e3b-80d9-0852d4352e0e-groupManagement] INFO  server.RaftServerConfigKeys (ConfUtils.java:logGet(46)) - raft.server.log.force.sync.num = 128 (default)
2025-03-10 14:58:45,133 [bb41d03f-9ea0-4e3b-80d9-0852d4352e0e-groupManagement] INFO  server.RaftServerConfigKeys (ConfUtils.java:logGet(46)) - raft.server.log.statemachine.data.sync = true (default)
2025-03-10 14:58:45,133 [bb41d03f-9ea0-4e3b-80d9-0852d4352e0e-groupManagement] INFO  server.RaftServerConfigKeys (ConfUtils.java:logGet(46)) - raft.server.log.statemachine.data.sync.timeout = 10s (default)
2025-03-10 14:58:45,133 [bb41d03f-9ea0-4e3b-80d9-0852d4352e0e-groupManagement] INFO  server.RaftServerConfigKeys (ConfUtils.java:logGet(46)) - raft.server.log.statemachine.data.sync.timeout.retry = 30 (custom)
2025-03-10 14:58:45,134 [bb41d03f-9ea0-4e3b-80d9-0852d4352e0e-groupManagement] INFO  server.RaftServerConfigKeys (ConfUtils.java:logGet(46)) - raft.server.log.write.buffer.size = 33554440 (custom)
2025-03-10 14:58:45,139 [bb41d03f-9ea0-4e3b-80d9-0852d4352e0e-groupManagement] INFO  server.RaftServerConfigKeys (ConfUtils.java:logGet(46)) - raft.server.log.appender.buffer.byte-limit = 33554432 (custom)
2025-03-10 14:58:45,139 [bb41d03f-9ea0-4e3b-80d9-0852d4352e0e-groupManagement] INFO  server.RaftServerConfigKeys (ConfUtils.java:logGet(46)) - raft.server.log.unsafe-flush.enabled = false (default)
2025-03-10 14:58:45,140 [bb41d03f-9ea0-4e3b-80d9-0852d4352e0e-groupManagement] INFO  server.RaftServerConfigKeys (ConfUtils.java:logGet(46)) - raft.server.log.async-flush.enabled = false (default)
2025-03-10 14:58:45,140 [bb41d03f-9ea0-4e3b-80d9-0852d4352e0e-groupManagement] INFO  server.RaftServerConfigKeys (ConfUtils.java:logGet(46)) - raft.server.log.statemachine.data.caching.enabled = true (custom)
2025-03-10 14:58:45,140 [bb41d03f-9ea0-4e3b-80d9-0852d4352e0e-groupManagement] INFO  segmented.SegmentedRaftLogWorker (SegmentedRaftLogWorker.java:lambda$new$0(139)) - bb41d03f-9ea0-4e3b-80d9-0852d4352e0e@group-383D71F6AB9C-SegmentedRaftLogWorker: flushIndex: setUnconditionally 0 -> -1
2025-03-10 14:58:45,140 [bb41d03f-9ea0-4e3b-80d9-0852d4352e0e-groupManagement] INFO  segmented.SegmentedRaftLogWorker (SegmentedRaftLogWorker.java:lambda$new$0(139)) - bb41d03f-9ea0-4e3b-80d9-0852d4352e0e@group-383D71F6AB9C-SegmentedRaftLogWorker: safeCacheEvictIndex: setUnconditionally 0 -> -1
2025-03-10 14:58:45,140 [bb41d03f-9ea0-4e3b-80d9-0852d4352e0e-groupManagement] INFO  server.RaftServer$Division (RaftServerImpl.java:start(391)) - bb41d03f-9ea0-4e3b-80d9-0852d4352e0e@group-383D71F6AB9C: start as a follower, conf=conf: {index: -1, cur=peers:[bb41d03f-9ea0-4e3b-80d9-0852d4352e0e|127.0.0.1:15016]|listeners:[], old=null}
2025-03-10 14:58:45,141 [bb41d03f-9ea0-4e3b-80d9-0852d4352e0e-groupManagement] INFO  server.RaftServer$Division (RaftServerImpl.java:setRole(378)) - bb41d03f-9ea0-4e3b-80d9-0852d4352e0e@group-383D71F6AB9C: changes role from      null to FOLLOWER at term 0 for startAsFollower
2025-03-10 14:58:45,141 [bb41d03f-9ea0-4e3b-80d9-0852d4352e0e-groupManagement] INFO  impl.RoleInfo (RoleInfo.java:updateAndGet(148)) - bb41d03f-9ea0-4e3b-80d9-0852d4352e0e: start bb41d03f-9ea0-4e3b-80d9-0852d4352e0e@group-383D71F6AB9C-FollowerState
2025-03-10 14:58:45,141 [bb41d03f-9ea0-4e3b-80d9-0852d4352e0e@group-383D71F6AB9C-FollowerState] INFO  server.RaftServerConfigKeys (ConfUtils.java:logFallback(53)) - raft.server.rpc.first-election.timeout.min = 5s (fallback to raft.server.rpc.timeout.min)
2025-03-10 14:58:45,141 [bb41d03f-9ea0-4e3b-80d9-0852d4352e0e-groupManagement] INFO  util.JmxRegister (JmxRegister.java:tryRegister(44)) - Successfully registered JMX Bean with object name Ratis:service=RaftServer,group=group-383D71F6AB9C,id=bb41d03f-9ea0-4e3b-80d9-0852d4352e0e
2025-03-10 14:58:45,141 [bb41d03f-9ea0-4e3b-80d9-0852d4352e0e@group-383D71F6AB9C-FollowerState] INFO  server.RaftServerConfigKeys (ConfUtils.java:logFallback(53)) - raft.server.rpc.first-election.timeout.max = 5200ms (fallback to raft.server.rpc.timeout.max)
2025-03-10 14:58:45,141 [bb41d03f-9ea0-4e3b-80d9-0852d4352e0e-groupManagement] INFO  util.JmxRegister (JmxRegister.java:register(58)) - register mxBean class org.apache.ratis.server.impl.RaftServerJmxAdapter as Ratis:service=RaftServer,group=group-383D71F6AB9C,id=bb41d03f-9ea0-4e3b-80d9-0852d4352e0e
2025-03-10 14:58:45,142 [bb41d03f-9ea0-4e3b-80d9-0852d4352e0e-groupManagement] INFO  server.RaftServerConfigKeys (ConfUtils.java:logGet(46)) - raft.server.snapshot.trigger-when-stop.enabled = true (default)
2025-03-10 14:58:45,143 [bb41d03f-9ea0-4e3b-80d9-0852d4352e0e-groupManagement] INFO  server.RaftServerConfigKeys (ConfUtils.java:logGet(46)) - raft.server.snapshot.trigger-when-remove.enabled = true (default)
2025-03-10 14:58:45,143 [bb41d03f-9ea0-4e3b-80d9-0852d4352e0e-groupManagement] INFO  server.RaftServerConfigKeys (ConfUtils.java:logGet(46)) - raft.server.snapshot.auto.trigger.enabled = true (custom)
2025-03-10 14:58:45,143 [bb41d03f-9ea0-4e3b-80d9-0852d4352e0e-groupManagement] INFO  server.RaftServerConfigKeys (ConfUtils.java:logGet(46)) - raft.server.snapshot.auto.trigger.threshold = 100000 (custom)
2025-03-10 14:58:45,143 [bb41d03f-9ea0-4e3b-80d9-0852d4352e0e-groupManagement] INFO  server.RaftServerConfigKeys (ConfUtils.java:logGet(46)) - raft.server.snapshot.retention.file.num = 5 (custom)
2025-03-10 14:58:45,143 [bb41d03f-9ea0-4e3b-80d9-0852d4352e0e-groupManagement] INFO  server.RaftServerConfigKeys (ConfUtils.java:logGet(46)) - raft.server.log.purge.upto.snapshot.index = false (default)
2025-03-10 14:58:45,144 [bb41d03f-9ea0-4e3b-80d9-0852d4352e0e-groupManagement] INFO  server.RaftServer$Division (RaftServerImpl.java:start(405)) - bb41d03f-9ea0-4e3b-80d9-0852d4352e0e@group-383D71F6AB9C: Successfully started.
2025-03-10 14:58:45,145 [bb41d03f-9ea0-4e3b-80d9-0852d4352e0e-PipelineCommandHandlerThread-0] INFO  ratis.XceiverServerRatis (XceiverServerRatis.java:addGroup(841)) - Created group PipelineID=294e5d89-b977-46ff-a16e-383d71f6ab9c
2025-03-10 14:58:45,146 [bb41d03f-9ea0-4e3b-80d9-0852d4352e0e-PipelineCommandHandlerThread-0] INFO  commandhandler.CreatePipelineCommandHandler (CreatePipelineCommandHandler.java:lambda$handle$2(128)) - Created Pipeline RATIS ONE PipelineID=294e5d89-b977-46ff-a16e-383d71f6ab9c.
2025-03-10 14:58:45,146 [bb41d03f-9ea0-4e3b-80d9-0852d4352e0e-PipelineCommandHandlerThread-0] INFO  server.RaftServer (RaftServerProxy.java:addNew(100)) - bb41d03f-9ea0-4e3b-80d9-0852d4352e0e: addNew group-606166E69D51:[bb41d03f-9ea0-4e3b-80d9-0852d4352e0e|127.0.0.1:15016, cd975088-a4e1-4d6c-8217-e67620ac7c17|127.0.0.1:15025, 24343a3a-85a1-4b3d-bed0-d5c89a70db02|127.0.0.1:15034] returns group-606166E69D51:java.util.concurrent.CompletableFuture@45cd188e[Not completed]
2025-03-10 14:58:45,149 [bb41d03f-9ea0-4e3b-80d9-0852d4352e0e-groupManagement] INFO  server.RaftServer$Division (RaftServerImpl.java:<init>(255)) - bb41d03f-9ea0-4e3b-80d9-0852d4352e0e: new RaftServerImpl for group-606166E69D51:[bb41d03f-9ea0-4e3b-80d9-0852d4352e0e|127.0.0.1:15016, cd975088-a4e1-4d6c-8217-e67620ac7c17|127.0.0.1:15025, 24343a3a-85a1-4b3d-bed0-d5c89a70db02|127.0.0.1:15034] with ContainerStateMachine:uninitialized
2025-03-10 14:58:45,149 [bb41d03f-9ea0-4e3b-80d9-0852d4352e0e-groupManagement] INFO  server.RaftServerConfigKeys (ConfUtils.java:logGet(46)) - raft.server.rpc.timeout.min = 5s (custom)
2025-03-10 14:58:45,149 [bb41d03f-9ea0-4e3b-80d9-0852d4352e0e-groupManagement] INFO  server.RaftServerConfigKeys (ConfUtils.java:logGet(46)) - raft.server.rpc.timeout.max = 5200ms (custom)
2025-03-10 14:58:45,149 [bb41d03f-9ea0-4e3b-80d9-0852d4352e0e-groupManagement] INFO  server.RaftServerConfigKeys (ConfUtils.java:logGet(46)) - raft.server.rpc.sleep.time = 25ms (default)
2025-03-10 14:58:45,149 [bb41d03f-9ea0-4e3b-80d9-0852d4352e0e-groupManagement] INFO  server.RaftServerConfigKeys (ConfUtils.java:logGet(46)) - raft.server.rpc.slowness.timeout = 300s (custom)
2025-03-10 14:58:45,149 [bb41d03f-9ea0-4e3b-80d9-0852d4352e0e-groupManagement] INFO  server.RaftServerConfigKeys (ConfUtils.java:logGet(46)) - raft.server.leaderelection.leader.step-down.wait-time = 10s (default)
2025-03-10 14:58:45,150 [bb41d03f-9ea0-4e3b-80d9-0852d4352e0e-groupManagement] INFO  server.RaftServerConfigKeys (ConfUtils.java:logGet(46)) - raft.server.leaderelection.member.majority-add = false (default)
2025-03-10 14:58:45,150 [bb41d03f-9ea0-4e3b-80d9-0852d4352e0e-groupManagement] INFO  server.RaftServerConfigKeys (ConfUtils.java:logGet(46)) - raft.server.sleep.deviation.threshold = 300ms (default)
2025-03-10 14:58:45,150 [bb41d03f-9ea0-4e3b-80d9-0852d4352e0e-groupManagement] INFO  server.RaftServer$Division (ServerState.java:<init>(114)) - bb41d03f-9ea0-4e3b-80d9-0852d4352e0e@group-606166E69D51: ConfigurationManager, init=conf: {index: -1, cur=peers:[bb41d03f-9ea0-4e3b-80d9-0852d4352e0e|127.0.0.1:15016, cd975088-a4e1-4d6c-8217-e67620ac7c17|127.0.0.1:15025, 24343a3a-85a1-4b3d-bed0-d5c89a70db02|127.0.0.1:15034]|listeners:[], old=null}, confs=<EMPTY_MAP>
2025-03-10 14:58:45,150 [bb41d03f-9ea0-4e3b-80d9-0852d4352e0e-groupManagement] INFO  server.RaftServerConfigKeys (ConfUtils.java:logGet(46)) - raft.server.notification.no-leader.timeout = 300s (custom)
2025-03-10 14:58:45,150 [bb41d03f-9ea0-4e3b-80d9-0852d4352e0e-groupManagement] INFO  server.RaftServerConfigKeys (ConfUtils.java:logGet(46)) - raft.server.read.timeout = 10s (default)
2025-03-10 14:58:45,150 [bb41d03f-9ea0-4e3b-80d9-0852d4352e0e-groupManagement] INFO  server.RaftServerConfigKeys (ConfUtils.java:logGet(46)) - raft.server.retrycache.expirytime = 600000ms (custom)
2025-03-10 14:58:45,150 [bb41d03f-9ea0-4e3b-80d9-0852d4352e0e-groupManagement] INFO  server.RaftServerConfigKeys (ConfUtils.java:logGet(46)) - raft.server.retrycache.statistics.expirytime = 100ms (default)
2025-03-10 14:58:45,150 [768f1ebc-c18b-41d5-9534-8f528a8c3722@group-2460433EB1A0-StateMachineUpdater] INFO  safemode.HealthyPipelineSafeModeRule (HealthyPipelineSafeModeRule.java:initializeRule(174)) - Refreshed total pipeline count is 0, healthy pipeline threshold count is 1
2025-03-10 14:58:45,150 [bb41d03f-9ea0-4e3b-80d9-0852d4352e0e-groupManagement] INFO  server.RaftServerConfigKeys (ConfUtils.java:logGet(46)) - raft.server.read.option = DEFAULT (default)
2025-03-10 14:58:45,150 [bb41d03f-9ea0-4e3b-80d9-0852d4352e0e-groupManagement] INFO  server.RaftServerConfigKeys (ConfUtils.java:logGet(46)) - raft.server.read.read-after-write-consistent.write-index-cache.expiry-time = 60s (default)
2025-03-10 14:58:45,150 [EventQueue-PipelineReportForPipelineReportHandler] INFO  pipeline.PipelineReportHandler (PipelineReportHandler.java:processPipelineReport(139)) - Opened pipeline PipelineID=294e5d89-b977-46ff-a16e-383d71f6ab9c
2025-03-10 14:58:45,151 [EventQueue-OpenPipelineForHealthyPipelineSafeModeRule] INFO  safemode.SCMSafeModeManager (HealthyPipelineSafeModeRule.java:process(141)) - SCM in safe mode. Healthy pipelines reported count is 0, required healthy pipeline reported count is 1
2025-03-10 14:58:45,156 [bb41d03f-9ea0-4e3b-80d9-0852d4352e0e-groupManagement] INFO  server.RaftServerConfigKeys (ConfUtils.java:logGet(46)) - raft.server.rpc.request.timeout = 60s (custom)
2025-03-10 14:58:45,156 [bb41d03f-9ea0-4e3b-80d9-0852d4352e0e-groupManagement] INFO  server.RaftServerConfigKeys (ConfUtils.java:logGet(46)) - raft.server.log.appender.install.snapshot.enabled = false (custom)
2025-03-10 14:58:45,156 [bb41d03f-9ea0-4e3b-80d9-0852d4352e0e-groupManagement] INFO  server.RaftServerConfigKeys (ConfUtils.java:logGet(46)) - raft.server.threadpool.server.cached = true (default)
2025-03-10 14:58:45,156 [bb41d03f-9ea0-4e3b-80d9-0852d4352e0e-groupManagement] INFO  server.RaftServerConfigKeys (ConfUtils.java:logGet(46)) - raft.server.threadpool.server.size = 0 (default)
2025-03-10 14:58:45,156 [bb41d03f-9ea0-4e3b-80d9-0852d4352e0e-groupManagement] INFO  server.RaftServerConfigKeys (ConfUtils.java:logGet(46)) - raft.server.threadpool.client.cached = true (default)
2025-03-10 14:58:45,156 [bb41d03f-9ea0-4e3b-80d9-0852d4352e0e-groupManagement] INFO  server.RaftServerConfigKeys (ConfUtils.java:logGet(46)) - raft.server.threadpool.client.size = 0 (default)
2025-03-10 14:58:45,156 [bb41d03f-9ea0-4e3b-80d9-0852d4352e0e-groupManagement] INFO  server.RaftServerConfigKeys (ConfUtils.java:logGet(46)) - raft.server.storage.free-space.min = 0MB (=0) (default)
2025-03-10 14:58:45,156 [bb41d03f-9ea0-4e3b-80d9-0852d4352e0e-groupManagement] INFO  server.RaftServerConfigKeys (ConfUtils.java:logGet(46)) - raft.server.log.corruption.policy = EXCEPTION (default)
2025-03-10 14:58:45,157 [bb41d03f-9ea0-4e3b-80d9-0852d4352e0e-groupManagement] INFO  server.RaftServerConfigKeys (ConfUtils.java:logGet(46)) - raft.server.storage.dir = [/home/runner/work/ozone/ozone/hadoop-ozone/integration-test/target/test-dir/MiniOzoneClusterImpl-c1e049f0-9043-4314-b8f3-2460433eb1a0/ozone-meta/datanode-1/ratis] (custom)
2025-03-10 14:58:45,157 [bb41d03f-9ea0-4e3b-80d9-0852d4352e0e-groupManagement] INFO  storage.RaftStorageDirectory (RaftStorageDirectoryImpl.java:analyzeStorage(138)) - The storage directory /home/runner/work/ozone/ozone/hadoop-ozone/integration-test/target/test-dir/MiniOzoneClusterImpl-c1e049f0-9043-4314-b8f3-2460433eb1a0/ozone-meta/datanode-1/ratis/ca7d1e5f-c110-487f-9e28-606166e69d51 does not exist. Creating ...
2025-03-10 14:58:45,158 [bb41d03f-9ea0-4e3b-80d9-0852d4352e0e-groupManagement] INFO  storage.RaftStorageDirectory (RaftStorageDirectoryImpl.java:tryLock(229)) - Lock on /home/runner/work/ozone/ozone/hadoop-ozone/integration-test/target/test-dir/MiniOzoneClusterImpl-c1e049f0-9043-4314-b8f3-2460433eb1a0/ozone-meta/datanode-1/ratis/ca7d1e5f-c110-487f-9e28-606166e69d51/in_use.lock acquired by nodename 139316@fv-az1384-231
2025-03-10 14:58:45,159 [bb41d03f-9ea0-4e3b-80d9-0852d4352e0e-groupManagement] INFO  storage.RaftStorage (RaftStorageImpl.java:format(98)) - Storage directory /home/runner/work/ozone/ozone/hadoop-ozone/integration-test/target/test-dir/MiniOzoneClusterImpl-c1e049f0-9043-4314-b8f3-2460433eb1a0/ozone-meta/datanode-1/ratis/ca7d1e5f-c110-487f-9e28-606166e69d51 has been successfully formatted.
2025-03-10 14:58:45,159 [bb41d03f-9ea0-4e3b-80d9-0852d4352e0e-groupManagement] INFO  ratis.ContainerStateMachine (ContainerStateMachine.java:initialize(308)) - bb41d03f-9ea0-4e3b-80d9-0852d4352e0e: initialize group-606166E69D51
2025-03-10 14:58:45,160 [bb41d03f-9ea0-4e3b-80d9-0852d4352e0e-groupManagement] INFO  ratis.ContainerStateMachine (ContainerStateMachine.java:loadSnapshot(316)) - group-606166E69D51: The snapshot info is null. Setting the last applied index to:(t:0, i:~)
2025-03-10 14:58:45,160 [bb41d03f-9ea0-4e3b-80d9-0852d4352e0e-groupManagement] INFO  server.RaftServerConfigKeys (ConfUtils.java:logGet(46)) - raft.server.log.use.memory = false (default)
2025-03-10 14:58:45,160 [bb41d03f-9ea0-4e3b-80d9-0852d4352e0e-groupManagement] INFO  server.RaftServerConfigKeys (ConfUtils.java:logGet(46)) - raft.server.log.purge.gap = 1000000 (custom)
2025-03-10 14:58:45,160 [bb41d03f-9ea0-4e3b-80d9-0852d4352e0e-groupManagement] INFO  server.RaftServerConfigKeys (ConfUtils.java:logGet(46)) - raft.server.log.appender.buffer.byte-limit = 33554432 (custom)
2025-03-10 14:58:45,160 [bb41d03f-9ea0-4e3b-80d9-0852d4352e0e-groupManagement] INFO  server.RaftServerConfigKeys (ConfUtils.java:logGet(46)) - raft.server.log.statemachine.data.read.timeout = 1000ms (default)
2025-03-10 14:58:45,160 [bb41d03f-9ea0-4e3b-80d9-0852d4352e0e-groupManagement] INFO  server.RaftServerConfigKeys (ConfUtils.java:logGet(46)) - raft.server.log.purge.preservation.log.num = 0 (default)
2025-03-10 14:58:45,162 [bb41d03f-9ea0-4e3b-80d9-0852d4352e0e-groupManagement] INFO  server.RaftServerConfigKeys (ConfUtils.java:logGet(46)) - raft.server.log.segment.size.max = 67108864 (custom)
2025-03-10 14:58:45,162 [bb41d03f-9ea0-4e3b-80d9-0852d4352e0e-groupManagement] INFO  server.RaftServerConfigKeys (ConfUtils.java:logGet(46)) - raft.server.log.segment.cache.num.max = 2 (custom)
2025-03-10 14:58:45,162 [bb41d03f-9ea0-4e3b-80d9-0852d4352e0e-groupManagement] INFO  server.RaftServerConfigKeys (ConfUtils.java:logGet(46)) - raft.server.log.segment.cache.size.max = 200MB (=209715200) (default)
2025-03-10 14:58:45,163 [bb41d03f-9ea0-4e3b-80d9-0852d4352e0e-groupManagement] INFO  server.RaftServerConfigKeys (ConfUtils.java:logGet(46)) - raft.server.log.appender.buffer.byte-limit = 33554432 (custom)
2025-03-10 14:58:45,163 [EventQueue-OpenPipelineForHealthyPipelineSafeModeRule] INFO  safemode.SCMSafeModeManager (HealthyPipelineSafeModeRule.java:process(141)) - SCM in safe mode. Healthy pipelines reported count is 0, required healthy pipeline reported count is 1
2025-03-10 14:58:45,163 [bb41d03f-9ea0-4e3b-80d9-0852d4352e0e-groupManagement] INFO  util.AwaitToRun (AwaitToRun.java:start(81)) - Thread[#727,bb41d03f-9ea0-4e3b-80d9-0852d4352e0e@group-606166E69D51-cacheEviction-AwaitToRun,5,main] started
2025-03-10 14:58:45,163 [bb41d03f-9ea0-4e3b-80d9-0852d4352e0e-groupManagement] INFO  segmented.SegmentedRaftLogWorker (SegmentedRaftLogWorker.java:<init>(188)) - new bb41d03f-9ea0-4e3b-80d9-0852d4352e0e@group-606166E69D51-SegmentedRaftLogWorker for RaftStorageImpl:Storage Directory /home/runner/work/ozone/ozone/hadoop-ozone/integration-test/target/test-dir/MiniOzoneClusterImpl-c1e049f0-9043-4314-b8f3-2460433eb1a0/ozone-meta/datanode-1/ratis/ca7d1e5f-c110-487f-9e28-606166e69d51
2025-03-10 14:58:45,163 [bb41d03f-9ea0-4e3b-80d9-0852d4352e0e-groupManagement] INFO  server.RaftServerConfigKeys (ConfUtils.java:logGet(46)) - raft.server.log.queue.byte-limit = 4294967296 (custom)
2025-03-10 14:58:45,163 [bb41d03f-9ea0-4e3b-80d9-0852d4352e0e-groupManagement] INFO  server.RaftServerConfigKeys (ConfUtils.java:logGet(46)) - raft.server.log.queue.element-limit = 1024 (custom)
2025-03-10 14:58:45,163 [bb41d03f-9ea0-4e3b-80d9-0852d4352e0e-groupManagement] INFO  server.RaftServerConfigKeys (ConfUtils.java:logGet(46)) - raft.server.log.segment.size.max = 67108864 (custom)
2025-03-10 14:58:45,163 [bb41d03f-9ea0-4e3b-80d9-0852d4352e0e-groupManagement] INFO  server.RaftServerConfigKeys (ConfUtils.java:logGet(46)) - raft.server.log.preallocated.size = 4194304 (custom)
2025-03-10 14:58:45,164 [bb41d03f-9ea0-4e3b-80d9-0852d4352e0e-groupManagement] INFO  server.RaftServerConfigKeys (ConfUtils.java:logGet(46)) - raft.server.log.force.sync.num = 128 (default)
2025-03-10 14:58:45,164 [bb41d03f-9ea0-4e3b-80d9-0852d4352e0e-groupManagement] INFO  server.RaftServerConfigKeys (ConfUtils.java:logGet(46)) - raft.server.log.statemachine.data.sync = true (default)
2025-03-10 14:58:45,164 [bb41d03f-9ea0-4e3b-80d9-0852d4352e0e-groupManagement] INFO  server.RaftServerConfigKeys (ConfUtils.java:logGet(46)) - raft.server.log.statemachine.data.sync.timeout = 10s (default)
2025-03-10 14:58:45,164 [bb41d03f-9ea0-4e3b-80d9-0852d4352e0e-groupManagement] INFO  server.RaftServerConfigKeys (ConfUtils.java:logGet(46)) - raft.server.log.statemachine.data.sync.timeout.retry = 30 (custom)
2025-03-10 14:58:45,164 [bb41d03f-9ea0-4e3b-80d9-0852d4352e0e-groupManagement] INFO  server.RaftServerConfigKeys (ConfUtils.java:logGet(46)) - raft.server.log.write.buffer.size = 33554440 (custom)
2025-03-10 14:58:45,169 [bb41d03f-9ea0-4e3b-80d9-0852d4352e0e-groupManagement] INFO  server.RaftServerConfigKeys (ConfUtils.java:logGet(46)) - raft.server.log.appender.buffer.byte-limit = 33554432 (custom)
2025-03-10 14:58:45,169 [bb41d03f-9ea0-4e3b-80d9-0852d4352e0e-groupManagement] INFO  server.RaftServerConfigKeys (ConfUtils.java:logGet(46)) - raft.server.log.unsafe-flush.enabled = false (default)
2025-03-10 14:58:45,169 [bb41d03f-9ea0-4e3b-80d9-0852d4352e0e-groupManagement] INFO  server.RaftServerConfigKeys (ConfUtils.java:logGet(46)) - raft.server.log.async-flush.enabled = false (default)
2025-03-10 14:58:45,169 [bb41d03f-9ea0-4e3b-80d9-0852d4352e0e-groupManagement] INFO  server.RaftServerConfigKeys (ConfUtils.java:logGet(46)) - raft.server.log.statemachine.data.caching.enabled = true (custom)
2025-03-10 14:58:45,169 [bb41d03f-9ea0-4e3b-80d9-0852d4352e0e-groupManagement] INFO  segmented.SegmentedRaftLogWorker (SegmentedRaftLogWorker.java:lambda$new$0(139)) - bb41d03f-9ea0-4e3b-80d9-0852d4352e0e@group-606166E69D51-SegmentedRaftLogWorker: flushIndex: setUnconditionally 0 -> -1
2025-03-10 14:58:45,169 [bb41d03f-9ea0-4e3b-80d9-0852d4352e0e-groupManagement] INFO  segmented.SegmentedRaftLogWorker (SegmentedRaftLogWorker.java:lambda$new$0(139)) - bb41d03f-9ea0-4e3b-80d9-0852d4352e0e@group-606166E69D51-SegmentedRaftLogWorker: safeCacheEvictIndex: setUnconditionally 0 -> -1
2025-03-10 14:58:45,170 [bb41d03f-9ea0-4e3b-80d9-0852d4352e0e-groupManagement] INFO  server.RaftServer$Division (RaftServerImpl.java:start(391)) - bb41d03f-9ea0-4e3b-80d9-0852d4352e0e@group-606166E69D51: start as a follower, conf=conf: {index: -1, cur=peers:[bb41d03f-9ea0-4e3b-80d9-0852d4352e0e|127.0.0.1:15016, cd975088-a4e1-4d6c-8217-e67620ac7c17|127.0.0.1:15025, 24343a3a-85a1-4b3d-bed0-d5c89a70db02|127.0.0.1:15034]|listeners:[], old=null}
2025-03-10 14:58:45,170 [bb41d03f-9ea0-4e3b-80d9-0852d4352e0e-groupManagement] INFO  server.RaftServer$Division (RaftServerImpl.java:setRole(378)) - bb41d03f-9ea0-4e3b-80d9-0852d4352e0e@group-606166E69D51: changes role from      null to FOLLOWER at term 0 for startAsFollower
2025-03-10 14:58:45,170 [bb41d03f-9ea0-4e3b-80d9-0852d4352e0e-groupManagement] INFO  impl.RoleInfo (RoleInfo.java:updateAndGet(148)) - bb41d03f-9ea0-4e3b-80d9-0852d4352e0e: start bb41d03f-9ea0-4e3b-80d9-0852d4352e0e@group-606166E69D51-FollowerState
2025-03-10 14:58:45,170 [bb41d03f-9ea0-4e3b-80d9-0852d4352e0e-groupManagement] INFO  util.JmxRegister (JmxRegister.java:tryRegister(44)) - Successfully registered JMX Bean with object name Ratis:service=RaftServer,group=group-606166E69D51,id=bb41d03f-9ea0-4e3b-80d9-0852d4352e0e
2025-03-10 14:58:45,170 [bb41d03f-9ea0-4e3b-80d9-0852d4352e0e-groupManagement] INFO  util.JmxRegister (JmxRegister.java:register(58)) - register mxBean class org.apache.ratis.server.impl.RaftServerJmxAdapter as Ratis:service=RaftServer,group=group-606166E69D51,id=bb41d03f-9ea0-4e3b-80d9-0852d4352e0e
2025-03-10 14:58:45,170 [bb41d03f-9ea0-4e3b-80d9-0852d4352e0e@group-606166E69D51-FollowerState] INFO  server.RaftServerConfigKeys (ConfUtils.java:logFallback(53)) - raft.server.rpc.first-election.timeout.min = 5s (fallback to raft.server.rpc.timeout.min)
2025-03-10 14:58:45,170 [bb41d03f-9ea0-4e3b-80d9-0852d4352e0e-groupManagement] INFO  server.RaftServerConfigKeys (ConfUtils.java:logGet(46)) - raft.server.snapshot.trigger-when-stop.enabled = true (default)
2025-03-10 14:58:45,170 [bb41d03f-9ea0-4e3b-80d9-0852d4352e0e@group-606166E69D51-FollowerState] INFO  server.RaftServerConfigKeys (ConfUtils.java:logFallback(53)) - raft.server.rpc.first-election.timeout.max = 5200ms (fallback to raft.server.rpc.timeout.max)
2025-03-10 14:58:45,171 [bb41d03f-9ea0-4e3b-80d9-0852d4352e0e-groupManagement] INFO  server.RaftServerConfigKeys (ConfUtils.java:logGet(46)) - raft.server.snapshot.trigger-when-remove.enabled = true (default)
2025-03-10 14:58:45,171 [bb41d03f-9ea0-4e3b-80d9-0852d4352e0e-groupManagement] INFO  server.RaftServerConfigKeys (ConfUtils.java:logGet(46)) - raft.server.snapshot.auto.trigger.enabled = true (custom)
2025-03-10 14:58:45,171 [bb41d03f-9ea0-4e3b-80d9-0852d4352e0e-groupManagement] INFO  server.RaftServerConfigKeys (ConfUtils.java:logGet(46)) - raft.server.snapshot.auto.trigger.threshold = 100000 (custom)
2025-03-10 14:58:45,171 [bb41d03f-9ea0-4e3b-80d9-0852d4352e0e-groupManagement] INFO  server.RaftServerConfigKeys (ConfUtils.java:logGet(46)) - raft.server.snapshot.retention.file.num = 5 (custom)
2025-03-10 14:58:45,171 [bb41d03f-9ea0-4e3b-80d9-0852d4352e0e-groupManagement] INFO  server.RaftServerConfigKeys (ConfUtils.java:logGet(46)) - raft.server.log.purge.upto.snapshot.index = false (default)
2025-03-10 14:58:45,172 [bb41d03f-9ea0-4e3b-80d9-0852d4352e0e-groupManagement] INFO  server.RaftServer$Division (RaftServerImpl.java:start(405)) - bb41d03f-9ea0-4e3b-80d9-0852d4352e0e@group-606166E69D51: Successfully started.
2025-03-10 14:58:45,173 [bb41d03f-9ea0-4e3b-80d9-0852d4352e0e-PipelineCommandHandlerThread-0] INFO  ratis.XceiverServerRatis (XceiverServerRatis.java:addGroup(841)) - Created group PipelineID=ca7d1e5f-c110-487f-9e28-606166e69d51
2025-03-10 14:58:45,317 [cd975088-a4e1-4d6c-8217-e67620ac7c17-groupManagement] INFO  server.RaftServer$Division (RaftServerImpl.java:<init>(255)) - cd975088-a4e1-4d6c-8217-e67620ac7c17: new RaftServerImpl for group-B2175FA93812:[cd975088-a4e1-4d6c-8217-e67620ac7c17|127.0.0.1:15025] with ContainerStateMachine:uninitialized
2025-03-10 14:58:45,317 [cd975088-a4e1-4d6c-8217-e67620ac7c17-groupManagement] INFO  server.RaftServerConfigKeys (ConfUtils.java:logGet(46)) - raft.server.rpc.timeout.min = 5s (custom)
2025-03-10 14:58:45,317 [cd975088-a4e1-4d6c-8217-e67620ac7c17-groupManagement] INFO  server.RaftServerConfigKeys (ConfUtils.java:logGet(46)) - raft.server.rpc.timeout.max = 5200ms (custom)
2025-03-10 14:58:45,317 [cd975088-a4e1-4d6c-8217-e67620ac7c17-groupManagement] INFO  server.RaftServerConfigKeys (ConfUtils.java:logGet(46)) - raft.server.rpc.sleep.time = 25ms (default)
2025-03-10 14:58:45,317 [cd975088-a4e1-4d6c-8217-e67620ac7c17-PipelineCommandHandlerThread-0] INFO  server.RaftServer (RaftServerProxy.java:addNew(100)) - cd975088-a4e1-4d6c-8217-e67620ac7c17: addNew group-B2175FA93812:[cd975088-a4e1-4d6c-8217-e67620ac7c17|127.0.0.1:15025] returns group-B2175FA93812:java.util.concurrent.CompletableFuture@2ad2c396[Not completed]
2025-03-10 14:58:45,318 [cd975088-a4e1-4d6c-8217-e67620ac7c17-groupManagement] INFO  server.RaftServerConfigKeys (ConfUtils.java:logGet(46)) - raft.server.rpc.slowness.timeout = 300s (custom)
2025-03-10 14:58:45,318 [cd975088-a4e1-4d6c-8217-e67620ac7c17-groupManagement] INFO  server.RaftServerConfigKeys (ConfUtils.java:logGet(46)) - raft.server.leaderelection.leader.step-down.wait-time = 10s (default)
2025-03-10 14:58:45,318 [cd975088-a4e1-4d6c-8217-e67620ac7c17-groupManagement] INFO  server.RaftServerConfigKeys (ConfUtils.java:logGet(46)) - raft.server.leaderelection.member.majority-add = false (default)
2025-03-10 14:58:45,318 [cd975088-a4e1-4d6c-8217-e67620ac7c17-groupManagement] INFO  server.RaftServerConfigKeys (ConfUtils.java:logGet(46)) - raft.server.sleep.deviation.threshold = 300ms (default)
2025-03-10 14:58:45,318 [cd975088-a4e1-4d6c-8217-e67620ac7c17-groupManagement] INFO  server.RaftServer$Division (ServerState.java:<init>(114)) - cd975088-a4e1-4d6c-8217-e67620ac7c17@group-B2175FA93812: ConfigurationManager, init=conf: {index: -1, cur=peers:[cd975088-a4e1-4d6c-8217-e67620ac7c17|127.0.0.1:15025]|listeners:[], old=null}, confs=<EMPTY_MAP>
2025-03-10 14:58:45,318 [cd975088-a4e1-4d6c-8217-e67620ac7c17-groupManagement] INFO  server.RaftServerConfigKeys (ConfUtils.java:logGet(46)) - raft.server.notification.no-leader.timeout = 300s (custom)
2025-03-10 14:58:45,318 [cd975088-a4e1-4d6c-8217-e67620ac7c17-groupManagement] INFO  server.RaftServerConfigKeys (ConfUtils.java:logGet(46)) - raft.server.read.timeout = 10s (default)
2025-03-10 14:58:45,318 [cd975088-a4e1-4d6c-8217-e67620ac7c17-groupManagement] INFO  server.RaftServerConfigKeys (ConfUtils.java:logGet(46)) - raft.server.retrycache.expirytime = 600000ms (custom)
2025-03-10 14:58:45,318 [cd975088-a4e1-4d6c-8217-e67620ac7c17-groupManagement] INFO  server.RaftServerConfigKeys (ConfUtils.java:logGet(46)) - raft.server.retrycache.statistics.expirytime = 100ms (default)
2025-03-10 14:58:45,318 [cd975088-a4e1-4d6c-8217-e67620ac7c17-groupManagement] INFO  server.RaftServerConfigKeys (ConfUtils.java:logGet(46)) - raft.server.read.option = DEFAULT (default)
2025-03-10 14:58:45,318 [cd975088-a4e1-4d6c-8217-e67620ac7c17-groupManagement] INFO  server.RaftServerConfigKeys (ConfUtils.java:logGet(46)) - raft.server.read.read-after-write-consistent.write-index-cache.expiry-time = 60s (default)
2025-03-10 14:58:45,324 [cd975088-a4e1-4d6c-8217-e67620ac7c17-groupManagement] INFO  server.RaftServerConfigKeys (ConfUtils.java:logGet(46)) - raft.server.rpc.request.timeout = 60s (custom)
2025-03-10 14:58:45,324 [cd975088-a4e1-4d6c-8217-e67620ac7c17-groupManagement] INFO  server.RaftServerConfigKeys (ConfUtils.java:logGet(46)) - raft.server.log.appender.install.snapshot.enabled = false (custom)
2025-03-10 14:58:45,324 [cd975088-a4e1-4d6c-8217-e67620ac7c17-groupManagement] INFO  server.RaftServerConfigKeys (ConfUtils.java:logGet(46)) - raft.server.threadpool.server.cached = true (default)
2025-03-10 14:58:45,324 [cd975088-a4e1-4d6c-8217-e67620ac7c17-groupManagement] INFO  server.RaftServerConfigKeys (ConfUtils.java:logGet(46)) - raft.server.threadpool.server.size = 0 (default)
2025-03-10 14:58:45,324 [cd975088-a4e1-4d6c-8217-e67620ac7c17-groupManagement] INFO  server.RaftServerConfigKeys (ConfUtils.java:logGet(46)) - raft.server.threadpool.client.cached = true (default)
2025-03-10 14:58:45,324 [cd975088-a4e1-4d6c-8217-e67620ac7c17-groupManagement] INFO  server.RaftServerConfigKeys (ConfUtils.java:logGet(46)) - raft.server.threadpool.client.size = 0 (default)
2025-03-10 14:58:45,324 [cd975088-a4e1-4d6c-8217-e67620ac7c17-groupManagement] INFO  server.RaftServerConfigKeys (ConfUtils.java:logGet(46)) - raft.server.storage.free-space.min = 0MB (=0) (default)
2025-03-10 14:58:45,325 [cd975088-a4e1-4d6c-8217-e67620ac7c17-groupManagement] INFO  server.RaftServerConfigKeys (ConfUtils.java:logGet(46)) - raft.server.log.corruption.policy = EXCEPTION (default)
2025-03-10 14:58:45,325 [cd975088-a4e1-4d6c-8217-e67620ac7c17-groupManagement] INFO  server.RaftServerConfigKeys (ConfUtils.java:logGet(46)) - raft.server.storage.dir = [/home/runner/work/ozone/ozone/hadoop-ozone/integration-test/target/test-dir/MiniOzoneClusterImpl-c1e049f0-9043-4314-b8f3-2460433eb1a0/ozone-meta/datanode-2/ratis] (custom)
2025-03-10 14:58:45,325 [cd975088-a4e1-4d6c-8217-e67620ac7c17-groupManagement] INFO  storage.RaftStorageDirectory (RaftStorageDirectoryImpl.java:analyzeStorage(138)) - The storage directory /home/runner/work/ozone/ozone/hadoop-ozone/integration-test/target/test-dir/MiniOzoneClusterImpl-c1e049f0-9043-4314-b8f3-2460433eb1a0/ozone-meta/datanode-2/ratis/3e2dd505-942f-401a-882d-b2175fa93812 does not exist. Creating ...
2025-03-10 14:58:45,326 [cd975088-a4e1-4d6c-8217-e67620ac7c17-groupManagement] INFO  storage.RaftStorageDirectory (RaftStorageDirectoryImpl.java:tryLock(229)) - Lock on /home/runner/work/ozone/ozone/hadoop-ozone/integration-test/target/test-dir/MiniOzoneClusterImpl-c1e049f0-9043-4314-b8f3-2460433eb1a0/ozone-meta/datanode-2/ratis/3e2dd505-942f-401a-882d-b2175fa93812/in_use.lock acquired by nodename 139316@fv-az1384-231
2025-03-10 14:58:45,327 [cd975088-a4e1-4d6c-8217-e67620ac7c17-groupManagement] INFO  storage.RaftStorage (RaftStorageImpl.java:format(98)) - Storage directory /home/runner/work/ozone/ozone/hadoop-ozone/integration-test/target/test-dir/MiniOzoneClusterImpl-c1e049f0-9043-4314-b8f3-2460433eb1a0/ozone-meta/datanode-2/ratis/3e2dd505-942f-401a-882d-b2175fa93812 has been successfully formatted.
2025-03-10 14:58:45,327 [cd975088-a4e1-4d6c-8217-e67620ac7c17-groupManagement] INFO  ratis.ContainerStateMachine (ContainerStateMachine.java:initialize(308)) - cd975088-a4e1-4d6c-8217-e67620ac7c17: initialize group-B2175FA93812
2025-03-10 14:58:45,327 [cd975088-a4e1-4d6c-8217-e67620ac7c17-groupManagement] INFO  ratis.ContainerStateMachine (ContainerStateMachine.java:loadSnapshot(316)) - group-B2175FA93812: The snapshot info is null. Setting the last applied index to:(t:0, i:~)
2025-03-10 14:58:45,327 [cd975088-a4e1-4d6c-8217-e67620ac7c17-groupManagement] INFO  server.RaftServerConfigKeys (ConfUtils.java:logGet(46)) - raft.server.log.use.memory = false (default)
2025-03-10 14:58:45,328 [cd975088-a4e1-4d6c-8217-e67620ac7c17-groupManagement] INFO  server.RaftServerConfigKeys (ConfUtils.java:logGet(46)) - raft.server.log.purge.gap = 1000000 (custom)
2025-03-10 14:58:45,328 [cd975088-a4e1-4d6c-8217-e67620ac7c17-groupManagement] INFO  server.RaftServerConfigKeys (ConfUtils.java:logGet(46)) - raft.server.log.appender.buffer.byte-limit = 33554432 (custom)
2025-03-10 14:58:45,328 [cd975088-a4e1-4d6c-8217-e67620ac7c17-groupManagement] INFO  server.RaftServerConfigKeys (ConfUtils.java:logGet(46)) - raft.server.log.statemachine.data.read.timeout = 1000ms (default)
2025-03-10 14:58:45,328 [cd975088-a4e1-4d6c-8217-e67620ac7c17-groupManagement] INFO  server.RaftServerConfigKeys (ConfUtils.java:logGet(46)) - raft.server.log.purge.preservation.log.num = 0 (default)
2025-03-10 14:58:45,330 [cd975088-a4e1-4d6c-8217-e67620ac7c17-groupManagement] INFO  server.RaftServerConfigKeys (ConfUtils.java:logGet(46)) - raft.server.log.segment.size.max = 67108864 (custom)
2025-03-10 14:58:45,330 [cd975088-a4e1-4d6c-8217-e67620ac7c17-groupManagement] INFO  server.RaftServerConfigKeys (ConfUtils.java:logGet(46)) - raft.server.log.segment.cache.num.max = 2 (custom)
2025-03-10 14:58:45,330 [cd975088-a4e1-4d6c-8217-e67620ac7c17-groupManagement] INFO  server.RaftServerConfigKeys (ConfUtils.java:logGet(46)) - raft.server.log.segment.cache.size.max = 200MB (=209715200) (default)
2025-03-10 14:58:45,330 [cd975088-a4e1-4d6c-8217-e67620ac7c17-groupManagement] INFO  server.RaftServerConfigKeys (ConfUtils.java:logGet(46)) - raft.server.log.appender.buffer.byte-limit = 33554432 (custom)
2025-03-10 14:58:45,330 [cd975088-a4e1-4d6c-8217-e67620ac7c17-groupManagement] INFO  util.AwaitToRun (AwaitToRun.java:start(81)) - Thread[#738,cd975088-a4e1-4d6c-8217-e67620ac7c17@group-B2175FA93812-cacheEviction-AwaitToRun,5,main] started
2025-03-10 14:58:45,331 [cd975088-a4e1-4d6c-8217-e67620ac7c17-groupManagement] INFO  segmented.SegmentedRaftLogWorker (SegmentedRaftLogWorker.java:<init>(188)) - new cd975088-a4e1-4d6c-8217-e67620ac7c17@group-B2175FA93812-SegmentedRaftLogWorker for RaftStorageImpl:Storage Directory /home/runner/work/ozone/ozone/hadoop-ozone/integration-test/target/test-dir/MiniOzoneClusterImpl-c1e049f0-9043-4314-b8f3-2460433eb1a0/ozone-meta/datanode-2/ratis/3e2dd505-942f-401a-882d-b2175fa93812
2025-03-10 14:58:45,331 [cd975088-a4e1-4d6c-8217-e67620ac7c17-groupManagement] INFO  server.RaftServerConfigKeys (ConfUtils.java:logGet(46)) - raft.server.log.queue.byte-limit = 4294967296 (custom)
2025-03-10 14:58:45,331 [cd975088-a4e1-4d6c-8217-e67620ac7c17-groupManagement] INFO  server.RaftServerConfigKeys (ConfUtils.java:logGet(46)) - raft.server.log.queue.element-limit = 1024 (custom)
2025-03-10 14:58:45,331 [cd975088-a4e1-4d6c-8217-e67620ac7c17-groupManagement] INFO  server.RaftServerConfigKeys (ConfUtils.java:logGet(46)) - raft.server.log.segment.size.max = 67108864 (custom)
2025-03-10 14:58:45,331 [cd975088-a4e1-4d6c-8217-e67620ac7c17-groupManagement] INFO  server.RaftServerConfigKeys (ConfUtils.java:logGet(46)) - raft.server.log.preallocated.size = 4194304 (custom)
2025-03-10 14:58:45,331 [cd975088-a4e1-4d6c-8217-e67620ac7c17-groupManagement] INFO  server.RaftServerConfigKeys (ConfUtils.java:logGet(46)) - raft.server.log.force.sync.num = 128 (default)
2025-03-10 14:58:45,331 [cd975088-a4e1-4d6c-8217-e67620ac7c17-groupManagement] INFO  server.RaftServerConfigKeys (ConfUtils.java:logGet(46)) - raft.server.log.statemachine.data.sync = true (default)
2025-03-10 14:58:45,331 [cd975088-a4e1-4d6c-8217-e67620ac7c17-groupManagement] INFO  server.RaftServerConfigKeys (ConfUtils.java:logGet(46)) - raft.server.log.statemachine.data.sync.timeout = 10s (default)
2025-03-10 14:58:45,331 [cd975088-a4e1-4d6c-8217-e67620ac7c17-groupManagement] INFO  server.RaftServerConfigKeys (ConfUtils.java:logGet(46)) - raft.server.log.statemachine.data.sync.timeout.retry = 30 (custom)
2025-03-10 14:58:45,331 [cd975088-a4e1-4d6c-8217-e67620ac7c17-groupManagement] INFO  server.RaftServerConfigKeys (ConfUtils.java:logGet(46)) - raft.server.log.write.buffer.size = 33554440 (custom)
2025-03-10 14:58:45,337 [cd975088-a4e1-4d6c-8217-e67620ac7c17-groupManagement] INFO  server.RaftServerConfigKeys (ConfUtils.java:logGet(46)) - raft.server.log.appender.buffer.byte-limit = 33554432 (custom)
2025-03-10 14:58:45,337 [cd975088-a4e1-4d6c-8217-e67620ac7c17-groupManagement] INFO  server.RaftServerConfigKeys (ConfUtils.java:logGet(46)) - raft.server.log.unsafe-flush.enabled = false (default)
2025-03-10 14:58:45,337 [cd975088-a4e1-4d6c-8217-e67620ac7c17-groupManagement] INFO  server.RaftServerConfigKeys (ConfUtils.java:logGet(46)) - raft.server.log.async-flush.enabled = false (default)
2025-03-10 14:58:45,337 [cd975088-a4e1-4d6c-8217-e67620ac7c17-groupManagement] INFO  server.RaftServerConfigKeys (ConfUtils.java:logGet(46)) - raft.server.log.statemachine.data.caching.enabled = true (custom)
2025-03-10 14:58:45,337 [cd975088-a4e1-4d6c-8217-e67620ac7c17-groupManagement] INFO  segmented.SegmentedRaftLogWorker (SegmentedRaftLogWorker.java:lambda$new$0(139)) - cd975088-a4e1-4d6c-8217-e67620ac7c17@group-B2175FA93812-SegmentedRaftLogWorker: flushIndex: setUnconditionally 0 -> -1
2025-03-10 14:58:45,338 [cd975088-a4e1-4d6c-8217-e67620ac7c17-groupManagement] INFO  segmented.SegmentedRaftLogWorker (SegmentedRaftLogWorker.java:lambda$new$0(139)) - cd975088-a4e1-4d6c-8217-e67620ac7c17@group-B2175FA93812-SegmentedRaftLogWorker: safeCacheEvictIndex: setUnconditionally 0 -> -1
2025-03-10 14:58:45,338 [768f1ebc-c18b-41d5-9534-8f528a8c3722@group-2460433EB1A0-StateMachineUpdater] INFO  safemode.HealthyPipelineSafeModeRule (HealthyPipelineSafeModeRule.java:initializeRule(174)) - Refreshed total pipeline count is 0, healthy pipeline threshold count is 1
2025-03-10 14:58:45,339 [EventQueue-PipelineReportForPipelineReportHandler] INFO  pipeline.PipelineReportHandler (PipelineReportHandler.java:processPipelineReport(139)) - Opened pipeline PipelineID=3e2dd505-942f-401a-882d-b2175fa93812
2025-03-10 14:58:45,339 [cd975088-a4e1-4d6c-8217-e67620ac7c17-groupManagement] INFO  server.RaftServer$Division (RaftServerImpl.java:start(391)) - cd975088-a4e1-4d6c-8217-e67620ac7c17@group-B2175FA93812: start as a follower, conf=conf: {index: -1, cur=peers:[cd975088-a4e1-4d6c-8217-e67620ac7c17|127.0.0.1:15025]|listeners:[], old=null}
2025-03-10 14:58:45,339 [EventQueue-OpenPipelineForHealthyPipelineSafeModeRule] INFO  safemode.SCMSafeModeManager (HealthyPipelineSafeModeRule.java:process(141)) - SCM in safe mode. Healthy pipelines reported count is 0, required healthy pipeline reported count is 1
2025-03-10 14:58:45,339 [cd975088-a4e1-4d6c-8217-e67620ac7c17-groupManagement] INFO  server.RaftServer$Division (RaftServerImpl.java:setRole(378)) - cd975088-a4e1-4d6c-8217-e67620ac7c17@group-B2175FA93812: changes role from      null to FOLLOWER at term 0 for startAsFollower
2025-03-10 14:58:45,340 [cd975088-a4e1-4d6c-8217-e67620ac7c17-groupManagement] INFO  impl.RoleInfo (RoleInfo.java:updateAndGet(148)) - cd975088-a4e1-4d6c-8217-e67620ac7c17: start cd975088-a4e1-4d6c-8217-e67620ac7c17@group-B2175FA93812-FollowerState
2025-03-10 14:58:45,341 [cd975088-a4e1-4d6c-8217-e67620ac7c17-groupManagement] INFO  util.JmxRegister (JmxRegister.java:tryRegister(44)) - Successfully registered JMX Bean with object name Ratis:service=RaftServer,group=group-B2175FA93812,id=cd975088-a4e1-4d6c-8217-e67620ac7c17
2025-03-10 14:58:45,341 [cd975088-a4e1-4d6c-8217-e67620ac7c17@group-B2175FA93812-FollowerState] INFO  server.RaftServerConfigKeys (ConfUtils.java:logFallback(53)) - raft.server.rpc.first-election.timeout.min = 5s (fallback to raft.server.rpc.timeout.min)
2025-03-10 14:58:45,341 [cd975088-a4e1-4d6c-8217-e67620ac7c17-groupManagement] INFO  util.JmxRegister (JmxRegister.java:register(58)) - register mxBean class org.apache.ratis.server.impl.RaftServerJmxAdapter as Ratis:service=RaftServer,group=group-B2175FA93812,id=cd975088-a4e1-4d6c-8217-e67620ac7c17
2025-03-10 14:58:45,341 [cd975088-a4e1-4d6c-8217-e67620ac7c17-groupManagement] INFO  server.RaftServerConfigKeys (ConfUtils.java:logGet(46)) - raft.server.snapshot.trigger-when-stop.enabled = true (default)
2025-03-10 14:58:45,341 [cd975088-a4e1-4d6c-8217-e67620ac7c17@group-B2175FA93812-FollowerState] INFO  server.RaftServerConfigKeys (ConfUtils.java:logFallback(53)) - raft.server.rpc.first-election.timeout.max = 5200ms (fallback to raft.server.rpc.timeout.max)
2025-03-10 14:58:45,341 [cd975088-a4e1-4d6c-8217-e67620ac7c17-groupManagement] INFO  server.RaftServerConfigKeys (ConfUtils.java:logGet(46)) - raft.server.snapshot.trigger-when-remove.enabled = true (default)
2025-03-10 14:58:45,342 [cd975088-a4e1-4d6c-8217-e67620ac7c17-groupManagement] INFO  server.RaftServerConfigKeys (ConfUtils.java:logGet(46)) - raft.server.snapshot.auto.trigger.enabled = true (custom)
2025-03-10 14:58:45,342 [cd975088-a4e1-4d6c-8217-e67620ac7c17-groupManagement] INFO  server.RaftServerConfigKeys (ConfUtils.java:logGet(46)) - raft.server.snapshot.auto.trigger.threshold = 100000 (custom)
2025-03-10 14:58:45,342 [cd975088-a4e1-4d6c-8217-e67620ac7c17-groupManagement] INFO  server.RaftServerConfigKeys (ConfUtils.java:logGet(46)) - raft.server.snapshot.retention.file.num = 5 (custom)
2025-03-10 14:58:45,342 [cd975088-a4e1-4d6c-8217-e67620ac7c17-groupManagement] INFO  server.RaftServerConfigKeys (ConfUtils.java:logGet(46)) - raft.server.log.purge.upto.snapshot.index = false (default)
2025-03-10 14:58:45,343 [cd975088-a4e1-4d6c-8217-e67620ac7c17-groupManagement] INFO  server.RaftServer$Division (RaftServerImpl.java:start(405)) - cd975088-a4e1-4d6c-8217-e67620ac7c17@group-B2175FA93812: Successfully started.
2025-03-10 14:58:45,343 [cd975088-a4e1-4d6c-8217-e67620ac7c17-PipelineCommandHandlerThread-0] INFO  ratis.XceiverServerRatis (XceiverServerRatis.java:addGroup(841)) - Created group PipelineID=3e2dd505-942f-401a-882d-b2175fa93812
2025-03-10 14:58:45,343 [cd975088-a4e1-4d6c-8217-e67620ac7c17-PipelineCommandHandlerThread-0] INFO  commandhandler.CreatePipelineCommandHandler (CreatePipelineCommandHandler.java:lambda$handle$2(128)) - Created Pipeline RATIS ONE PipelineID=3e2dd505-942f-401a-882d-b2175fa93812.
2025-03-10 14:58:45,344 [cd975088-a4e1-4d6c-8217-e67620ac7c17-PipelineCommandHandlerThread-0] INFO  server.RaftServer (RaftServerProxy.java:addNew(100)) - cd975088-a4e1-4d6c-8217-e67620ac7c17: addNew group-606166E69D51:[bb41d03f-9ea0-4e3b-80d9-0852d4352e0e|127.0.0.1:15016, cd975088-a4e1-4d6c-8217-e67620ac7c17|127.0.0.1:15025, 24343a3a-85a1-4b3d-bed0-d5c89a70db02|127.0.0.1:15034] returns group-606166E69D51:java.util.concurrent.CompletableFuture@e05de4f[Not completed]
2025-03-10 14:58:45,348 [cd975088-a4e1-4d6c-8217-e67620ac7c17-groupManagement] INFO  server.RaftServer$Division (RaftServerImpl.java:<init>(255)) - cd975088-a4e1-4d6c-8217-e67620ac7c17: new RaftServerImpl for group-606166E69D51:[bb41d03f-9ea0-4e3b-80d9-0852d4352e0e|127.0.0.1:15016, cd975088-a4e1-4d6c-8217-e67620ac7c17|127.0.0.1:15025, 24343a3a-85a1-4b3d-bed0-d5c89a70db02|127.0.0.1:15034] with ContainerStateMachine:uninitialized
2025-03-10 14:58:45,348 [cd975088-a4e1-4d6c-8217-e67620ac7c17-groupManagement] INFO  server.RaftServerConfigKeys (ConfUtils.java:logGet(46)) - raft.server.rpc.timeout.min = 5s (custom)
2025-03-10 14:58:45,348 [cd975088-a4e1-4d6c-8217-e67620ac7c17-groupManagement] INFO  server.RaftServerConfigKeys (ConfUtils.java:logGet(46)) - raft.server.rpc.timeout.max = 5200ms (custom)
2025-03-10 14:58:45,348 [cd975088-a4e1-4d6c-8217-e67620ac7c17-groupManagement] INFO  server.RaftServerConfigKeys (ConfUtils.java:logGet(46)) - raft.server.rpc.sleep.time = 25ms (default)
2025-03-10 14:58:45,348 [cd975088-a4e1-4d6c-8217-e67620ac7c17-groupManagement] INFO  server.RaftServerConfigKeys (ConfUtils.java:logGet(46)) - raft.server.rpc.slowness.timeout = 300s (custom)
2025-03-10 14:58:45,348 [cd975088-a4e1-4d6c-8217-e67620ac7c17-groupManagement] INFO  server.RaftServerConfigKeys (ConfUtils.java:logGet(46)) - raft.server.leaderelection.leader.step-down.wait-time = 10s (default)
2025-03-10 14:58:45,348 [cd975088-a4e1-4d6c-8217-e67620ac7c17-groupManagement] INFO  server.RaftServerConfigKeys (ConfUtils.java:logGet(46)) - raft.server.leaderelection.member.majority-add = false (default)
2025-03-10 14:58:45,349 [cd975088-a4e1-4d6c-8217-e67620ac7c17-groupManagement] INFO  server.RaftServerConfigKeys (ConfUtils.java:logGet(46)) - raft.server.sleep.deviation.threshold = 300ms (default)
2025-03-10 14:58:45,349 [cd975088-a4e1-4d6c-8217-e67620ac7c17-groupManagement] INFO  server.RaftServer$Division (ServerState.java:<init>(114)) - cd975088-a4e1-4d6c-8217-e67620ac7c17@group-606166E69D51: ConfigurationManager, init=conf: {index: -1, cur=peers:[bb41d03f-9ea0-4e3b-80d9-0852d4352e0e|127.0.0.1:15016, cd975088-a4e1-4d6c-8217-e67620ac7c17|127.0.0.1:15025, 24343a3a-85a1-4b3d-bed0-d5c89a70db02|127.0.0.1:15034]|listeners:[], old=null}, confs=<EMPTY_MAP>
2025-03-10 14:58:45,349 [cd975088-a4e1-4d6c-8217-e67620ac7c17-groupManagement] INFO  server.RaftServerConfigKeys (ConfUtils.java:logGet(46)) - raft.server.notification.no-leader.timeout = 300s (custom)
2025-03-10 14:58:45,349 [cd975088-a4e1-4d6c-8217-e67620ac7c17-groupManagement] INFO  server.RaftServerConfigKeys (ConfUtils.java:logGet(46)) - raft.server.read.timeout = 10s (default)
2025-03-10 14:58:45,349 [cd975088-a4e1-4d6c-8217-e67620ac7c17-groupManagement] INFO  server.RaftServerConfigKeys (ConfUtils.java:logGet(46)) - raft.server.retrycache.expirytime = 600000ms (custom)
2025-03-10 14:58:45,349 [cd975088-a4e1-4d6c-8217-e67620ac7c17-groupManagement] INFO  server.RaftServerConfigKeys (ConfUtils.java:logGet(46)) - raft.server.retrycache.statistics.expirytime = 100ms (default)
2025-03-10 14:58:45,349 [cd975088-a4e1-4d6c-8217-e67620ac7c17-groupManagement] INFO  server.RaftServerConfigKeys (ConfUtils.java:logGet(46)) - raft.server.read.option = DEFAULT (default)
2025-03-10 14:58:45,349 [cd975088-a4e1-4d6c-8217-e67620ac7c17-groupManagement] INFO  server.RaftServerConfigKeys (ConfUtils.java:logGet(46)) - raft.server.read.read-after-write-consistent.write-index-cache.expiry-time = 60s (default)
2025-03-10 14:58:45,356 [cd975088-a4e1-4d6c-8217-e67620ac7c17-groupManagement] INFO  server.RaftServerConfigKeys (ConfUtils.java:logGet(46)) - raft.server.rpc.request.timeout = 60s (custom)
2025-03-10 14:58:45,356 [cd975088-a4e1-4d6c-8217-e67620ac7c17-groupManagement] INFO  server.RaftServerConfigKeys (ConfUtils.java:logGet(46)) - raft.server.log.appender.install.snapshot.enabled = false (custom)
2025-03-10 14:58:45,356 [cd975088-a4e1-4d6c-8217-e67620ac7c17-groupManagement] INFO  server.RaftServerConfigKeys (ConfUtils.java:logGet(46)) - raft.server.threadpool.server.cached = true (default)
2025-03-10 14:58:45,356 [cd975088-a4e1-4d6c-8217-e67620ac7c17-groupManagement] INFO  server.RaftServerConfigKeys (ConfUtils.java:logGet(46)) - raft.server.threadpool.server.size = 0 (default)
2025-03-10 14:58:45,356 [cd975088-a4e1-4d6c-8217-e67620ac7c17-groupManagement] INFO  server.RaftServerConfigKeys (ConfUtils.java:logGet(46)) - raft.server.threadpool.client.cached = true (default)
2025-03-10 14:58:45,356 [cd975088-a4e1-4d6c-8217-e67620ac7c17-groupManagement] INFO  server.RaftServerConfigKeys (ConfUtils.java:logGet(46)) - raft.server.threadpool.client.size = 0 (default)
2025-03-10 14:58:45,356 [cd975088-a4e1-4d6c-8217-e67620ac7c17-groupManagement] INFO  server.RaftServerConfigKeys (ConfUtils.java:logGet(46)) - raft.server.storage.free-space.min = 0MB (=0) (default)
2025-03-10 14:58:45,356 [cd975088-a4e1-4d6c-8217-e67620ac7c17-groupManagement] INFO  server.RaftServerConfigKeys (ConfUtils.java:logGet(46)) - raft.server.log.corruption.policy = EXCEPTION (default)
2025-03-10 14:58:45,356 [cd975088-a4e1-4d6c-8217-e67620ac7c17-groupManagement] INFO  server.RaftServerConfigKeys (ConfUtils.java:logGet(46)) - raft.server.storage.dir = [/home/runner/work/ozone/ozone/hadoop-ozone/integration-test/target/test-dir/MiniOzoneClusterImpl-c1e049f0-9043-4314-b8f3-2460433eb1a0/ozone-meta/datanode-2/ratis] (custom)
2025-03-10 14:58:45,356 [cd975088-a4e1-4d6c-8217-e67620ac7c17-groupManagement] INFO  storage.RaftStorageDirectory (RaftStorageDirectoryImpl.java:analyzeStorage(138)) - The storage directory /home/runner/work/ozone/ozone/hadoop-ozone/integration-test/target/test-dir/MiniOzoneClusterImpl-c1e049f0-9043-4314-b8f3-2460433eb1a0/ozone-meta/datanode-2/ratis/ca7d1e5f-c110-487f-9e28-606166e69d51 does not exist. Creating ...
2025-03-10 14:58:45,358 [cd975088-a4e1-4d6c-8217-e67620ac7c17-groupManagement] INFO  storage.RaftStorageDirectory (RaftStorageDirectoryImpl.java:tryLock(229)) - Lock on /home/runner/work/ozone/ozone/hadoop-ozone/integration-test/target/test-dir/MiniOzoneClusterImpl-c1e049f0-9043-4314-b8f3-2460433eb1a0/ozone-meta/datanode-2/ratis/ca7d1e5f-c110-487f-9e28-606166e69d51/in_use.lock acquired by nodename 139316@fv-az1384-231
2025-03-10 14:58:45,359 [cd975088-a4e1-4d6c-8217-e67620ac7c17-groupManagement] INFO  storage.RaftStorage (RaftStorageImpl.java:format(98)) - Storage directory /home/runner/work/ozone/ozone/hadoop-ozone/integration-test/target/test-dir/MiniOzoneClusterImpl-c1e049f0-9043-4314-b8f3-2460433eb1a0/ozone-meta/datanode-2/ratis/ca7d1e5f-c110-487f-9e28-606166e69d51 has been successfully formatted.
2025-03-10 14:58:45,360 [cd975088-a4e1-4d6c-8217-e67620ac7c17-groupManagement] INFO  ratis.ContainerStateMachine (ContainerStateMachine.java:initialize(308)) - cd975088-a4e1-4d6c-8217-e67620ac7c17: initialize group-606166E69D51
2025-03-10 14:58:45,361 [cd975088-a4e1-4d6c-8217-e67620ac7c17-groupManagement] INFO  ratis.ContainerStateMachine (ContainerStateMachine.java:loadSnapshot(316)) - group-606166E69D51: The snapshot info is null. Setting the last applied index to:(t:0, i:~)
2025-03-10 14:58:45,361 [cd975088-a4e1-4d6c-8217-e67620ac7c17-groupManagement] INFO  server.RaftServerConfigKeys (ConfUtils.java:logGet(46)) - raft.server.log.use.memory = false (default)
2025-03-10 14:58:45,362 [cd975088-a4e1-4d6c-8217-e67620ac7c17-groupManagement] INFO  server.RaftServerConfigKeys (ConfUtils.java:logGet(46)) - raft.server.log.purge.gap = 1000000 (custom)
2025-03-10 14:58:45,362 [cd975088-a4e1-4d6c-8217-e67620ac7c17-groupManagement] INFO  server.RaftServerConfigKeys (ConfUtils.java:logGet(46)) - raft.server.log.appender.buffer.byte-limit = 33554432 (custom)
2025-03-10 14:58:45,362 [cd975088-a4e1-4d6c-8217-e67620ac7c17-groupManagement] INFO  server.RaftServerConfigKeys (ConfUtils.java:logGet(46)) - raft.server.log.statemachine.data.read.timeout = 1000ms (default)
2025-03-10 14:58:45,362 [cd975088-a4e1-4d6c-8217-e67620ac7c17-groupManagement] INFO  server.RaftServerConfigKeys (ConfUtils.java:logGet(46)) - raft.server.log.purge.preservation.log.num = 0 (default)
2025-03-10 14:58:45,363 [EventQueue-OpenPipelineForHealthyPipelineSafeModeRule] INFO  safemode.SCMSafeModeManager (HealthyPipelineSafeModeRule.java:process(141)) - SCM in safe mode. Healthy pipelines reported count is 0, required healthy pipeline reported count is 1
2025-03-10 14:58:45,365 [cd975088-a4e1-4d6c-8217-e67620ac7c17-groupManagement] INFO  server.RaftServerConfigKeys (ConfUtils.java:logGet(46)) - raft.server.log.segment.size.max = 67108864 (custom)
2025-03-10 14:58:45,365 [cd975088-a4e1-4d6c-8217-e67620ac7c17-groupManagement] INFO  server.RaftServerConfigKeys (ConfUtils.java:logGet(46)) - raft.server.log.segment.cache.num.max = 2 (custom)
2025-03-10 14:58:45,365 [cd975088-a4e1-4d6c-8217-e67620ac7c17-groupManagement] INFO  server.RaftServerConfigKeys (ConfUtils.java:logGet(46)) - raft.server.log.segment.cache.size.max = 200MB (=209715200) (default)
2025-03-10 14:58:45,365 [cd975088-a4e1-4d6c-8217-e67620ac7c17-groupManagement] INFO  server.RaftServerConfigKeys (ConfUtils.java:logGet(46)) - raft.server.log.appender.buffer.byte-limit = 33554432 (custom)
2025-03-10 14:58:45,366 [cd975088-a4e1-4d6c-8217-e67620ac7c17-groupManagement] INFO  util.AwaitToRun (AwaitToRun.java:start(81)) - Thread[#742,cd975088-a4e1-4d6c-8217-e67620ac7c17@group-606166E69D51-cacheEviction-AwaitToRun,5,main] started
2025-03-10 14:58:45,366 [cd975088-a4e1-4d6c-8217-e67620ac7c17-groupManagement] INFO  segmented.SegmentedRaftLogWorker (SegmentedRaftLogWorker.java:<init>(188)) - new cd975088-a4e1-4d6c-8217-e67620ac7c17@group-606166E69D51-SegmentedRaftLogWorker for RaftStorageImpl:Storage Directory /home/runner/work/ozone/ozone/hadoop-ozone/integration-test/target/test-dir/MiniOzoneClusterImpl-c1e049f0-9043-4314-b8f3-2460433eb1a0/ozone-meta/datanode-2/ratis/ca7d1e5f-c110-487f-9e28-606166e69d51
2025-03-10 14:58:45,366 [cd975088-a4e1-4d6c-8217-e67620ac7c17-groupManagement] INFO  server.RaftServerConfigKeys (ConfUtils.java:logGet(46)) - raft.server.log.queue.byte-limit = 4294967296 (custom)
2025-03-10 14:58:45,366 [cd975088-a4e1-4d6c-8217-e67620ac7c17-groupManagement] INFO  server.RaftServerConfigKeys (ConfUtils.java:logGet(46)) - raft.server.log.queue.element-limit = 1024 (custom)
2025-03-10 14:58:45,366 [cd975088-a4e1-4d6c-8217-e67620ac7c17-groupManagement] INFO  server.RaftServerConfigKeys (ConfUtils.java:logGet(46)) - raft.server.log.segment.size.max = 67108864 (custom)
2025-03-10 14:58:45,366 [cd975088-a4e1-4d6c-8217-e67620ac7c17-groupManagement] INFO  server.RaftServerConfigKeys (ConfUtils.java:logGet(46)) - raft.server.log.preallocated.size = 4194304 (custom)
2025-03-10 14:58:45,366 [cd975088-a4e1-4d6c-8217-e67620ac7c17-groupManagement] INFO  server.RaftServerConfigKeys (ConfUtils.java:logGet(46)) - raft.server.log.force.sync.num = 128 (default)
2025-03-10 14:58:45,366 [cd975088-a4e1-4d6c-8217-e67620ac7c17-groupManagement] INFO  server.RaftServerConfigKeys (ConfUtils.java:logGet(46)) - raft.server.log.statemachine.data.sync = true (default)
2025-03-10 14:58:45,366 [cd975088-a4e1-4d6c-8217-e67620ac7c17-groupManagement] INFO  server.RaftServerConfigKeys (ConfUtils.java:logGet(46)) - raft.server.log.statemachine.data.sync.timeout = 10s (default)
2025-03-10 14:58:45,367 [cd975088-a4e1-4d6c-8217-e67620ac7c17-groupManagement] INFO  server.RaftServerConfigKeys (ConfUtils.java:logGet(46)) - raft.server.log.statemachine.data.sync.timeout.retry = 30 (custom)
2025-03-10 14:58:45,367 [cd975088-a4e1-4d6c-8217-e67620ac7c17-groupManagement] INFO  server.RaftServerConfigKeys (ConfUtils.java:logGet(46)) - raft.server.log.write.buffer.size = 33554440 (custom)
2025-03-10 14:58:45,374 [cd975088-a4e1-4d6c-8217-e67620ac7c17-groupManagement] INFO  server.RaftServerConfigKeys (ConfUtils.java:logGet(46)) - raft.server.log.appender.buffer.byte-limit = 33554432 (custom)
2025-03-10 14:58:45,374 [cd975088-a4e1-4d6c-8217-e67620ac7c17-groupManagement] INFO  server.RaftServerConfigKeys (ConfUtils.java:logGet(46)) - raft.server.log.unsafe-flush.enabled = false (default)
2025-03-10 14:58:45,374 [cd975088-a4e1-4d6c-8217-e67620ac7c17-groupManagement] INFO  server.RaftServerConfigKeys (ConfUtils.java:logGet(46)) - raft.server.log.async-flush.enabled = false (default)
2025-03-10 14:58:45,374 [cd975088-a4e1-4d6c-8217-e67620ac7c17-groupManagement] INFO  server.RaftServerConfigKeys (ConfUtils.java:logGet(46)) - raft.server.log.statemachine.data.caching.enabled = true (custom)
2025-03-10 14:58:45,375 [cd975088-a4e1-4d6c-8217-e67620ac7c17-groupManagement] INFO  segmented.SegmentedRaftLogWorker (SegmentedRaftLogWorker.java:lambda$new$0(139)) - cd975088-a4e1-4d6c-8217-e67620ac7c17@group-606166E69D51-SegmentedRaftLogWorker: flushIndex: setUnconditionally 0 -> -1
2025-03-10 14:58:45,375 [cd975088-a4e1-4d6c-8217-e67620ac7c17-groupManagement] INFO  segmented.SegmentedRaftLogWorker (SegmentedRaftLogWorker.java:lambda$new$0(139)) - cd975088-a4e1-4d6c-8217-e67620ac7c17@group-606166E69D51-SegmentedRaftLogWorker: safeCacheEvictIndex: setUnconditionally 0 -> -1
2025-03-10 14:58:45,376 [cd975088-a4e1-4d6c-8217-e67620ac7c17-groupManagement] INFO  server.RaftServer$Division (RaftServerImpl.java:start(391)) - cd975088-a4e1-4d6c-8217-e67620ac7c17@group-606166E69D51: start as a follower, conf=conf: {index: -1, cur=peers:[bb41d03f-9ea0-4e3b-80d9-0852d4352e0e|127.0.0.1:15016, cd975088-a4e1-4d6c-8217-e67620ac7c17|127.0.0.1:15025, 24343a3a-85a1-4b3d-bed0-d5c89a70db02|127.0.0.1:15034]|listeners:[], old=null}
2025-03-10 14:58:45,376 [cd975088-a4e1-4d6c-8217-e67620ac7c17-groupManagement] INFO  server.RaftServer$Division (RaftServerImpl.java:setRole(378)) - cd975088-a4e1-4d6c-8217-e67620ac7c17@group-606166E69D51: changes role from      null to FOLLOWER at term 0 for startAsFollower
2025-03-10 14:58:45,376 [cd975088-a4e1-4d6c-8217-e67620ac7c17-groupManagement] INFO  impl.RoleInfo (RoleInfo.java:updateAndGet(148)) - cd975088-a4e1-4d6c-8217-e67620ac7c17: start cd975088-a4e1-4d6c-8217-e67620ac7c17@group-606166E69D51-FollowerState
2025-03-10 14:58:45,377 [cd975088-a4e1-4d6c-8217-e67620ac7c17@group-606166E69D51-FollowerState] INFO  server.RaftServerConfigKeys (ConfUtils.java:logFallback(53)) - raft.server.rpc.first-election.timeout.min = 5s (fallback to raft.server.rpc.timeout.min)
2025-03-10 14:58:45,377 [cd975088-a4e1-4d6c-8217-e67620ac7c17@group-606166E69D51-FollowerState] INFO  server.RaftServerConfigKeys (ConfUtils.java:logFallback(53)) - raft.server.rpc.first-election.timeout.max = 5200ms (fallback to raft.server.rpc.timeout.max)
2025-03-10 14:58:45,377 [cd975088-a4e1-4d6c-8217-e67620ac7c17-groupManagement] INFO  util.JmxRegister (JmxRegister.java:tryRegister(44)) - Successfully registered JMX Bean with object name Ratis:service=RaftServer,group=group-606166E69D51,id=cd975088-a4e1-4d6c-8217-e67620ac7c17
2025-03-10 14:58:45,377 [cd975088-a4e1-4d6c-8217-e67620ac7c17-groupManagement] INFO  util.JmxRegister (JmxRegister.java:register(58)) - register mxBean class org.apache.ratis.server.impl.RaftServerJmxAdapter as Ratis:service=RaftServer,group=group-606166E69D51,id=cd975088-a4e1-4d6c-8217-e67620ac7c17
2025-03-10 14:58:45,377 [cd975088-a4e1-4d6c-8217-e67620ac7c17-groupManagement] INFO  server.RaftServerConfigKeys (ConfUtils.java:logGet(46)) - raft.server.snapshot.trigger-when-stop.enabled = true (default)
2025-03-10 14:58:45,377 [cd975088-a4e1-4d6c-8217-e67620ac7c17-groupManagement] INFO  server.RaftServerConfigKeys (ConfUtils.java:logGet(46)) - raft.server.snapshot.trigger-when-remove.enabled = true (default)
2025-03-10 14:58:45,377 [cd975088-a4e1-4d6c-8217-e67620ac7c17-groupManagement] INFO  server.RaftServerConfigKeys (ConfUtils.java:logGet(46)) - raft.server.snapshot.auto.trigger.enabled = true (custom)
2025-03-10 14:58:45,377 [cd975088-a4e1-4d6c-8217-e67620ac7c17-groupManagement] INFO  server.RaftServerConfigKeys (ConfUtils.java:logGet(46)) - raft.server.snapshot.auto.trigger.threshold = 100000 (custom)
2025-03-10 14:58:45,377 [cd975088-a4e1-4d6c-8217-e67620ac7c17-groupManagement] INFO  server.RaftServerConfigKeys (ConfUtils.java:logGet(46)) - raft.server.snapshot.retention.file.num = 5 (custom)
2025-03-10 14:58:45,377 [cd975088-a4e1-4d6c-8217-e67620ac7c17-groupManagement] INFO  server.RaftServerConfigKeys (ConfUtils.java:logGet(46)) - raft.server.log.purge.upto.snapshot.index = false (default)
2025-03-10 14:58:45,378 [cd975088-a4e1-4d6c-8217-e67620ac7c17-groupManagement] INFO  server.RaftServer$Division (RaftServerImpl.java:start(405)) - cd975088-a4e1-4d6c-8217-e67620ac7c17@group-606166E69D51: Successfully started.
2025-03-10 14:58:45,378 [cd975088-a4e1-4d6c-8217-e67620ac7c17-PipelineCommandHandlerThread-0] INFO  ratis.XceiverServerRatis (XceiverServerRatis.java:addGroup(841)) - Created group PipelineID=ca7d1e5f-c110-487f-9e28-606166e69d51
2025-03-10 14:58:45,395 [grpc-default-executor-0] INFO  server.RaftServer (RaftServerProxy.java:addNew(100)) - 24343a3a-85a1-4b3d-bed0-d5c89a70db02: addNew group-606166E69D51:[bb41d03f-9ea0-4e3b-80d9-0852d4352e0e|127.0.0.1:15016, cd975088-a4e1-4d6c-8217-e67620ac7c17|127.0.0.1:15025, 24343a3a-85a1-4b3d-bed0-d5c89a70db02|127.0.0.1:15034] returns group-606166E69D51:java.util.concurrent.CompletableFuture@7673ce63[Not completed]
2025-03-10 14:58:45,397 [24343a3a-85a1-4b3d-bed0-d5c89a70db02-groupManagement] INFO  server.RaftServer$Division (RaftServerImpl.java:<init>(255)) - 24343a3a-85a1-4b3d-bed0-d5c89a70db02: new RaftServerImpl for group-606166E69D51:[bb41d03f-9ea0-4e3b-80d9-0852d4352e0e|127.0.0.1:15016, cd975088-a4e1-4d6c-8217-e67620ac7c17|127.0.0.1:15025, 24343a3a-85a1-4b3d-bed0-d5c89a70db02|127.0.0.1:15034] with ContainerStateMachine:uninitialized
2025-03-10 14:58:45,397 [24343a3a-85a1-4b3d-bed0-d5c89a70db02-groupManagement] INFO  server.RaftServerConfigKeys (ConfUtils.java:logGet(46)) - raft.server.rpc.timeout.min = 5s (custom)
2025-03-10 14:58:45,397 [24343a3a-85a1-4b3d-bed0-d5c89a70db02-groupManagement] INFO  server.RaftServerConfigKeys (ConfUtils.java:logGet(46)) - raft.server.rpc.timeout.max = 5200ms (custom)
2025-03-10 14:58:45,398 [24343a3a-85a1-4b3d-bed0-d5c89a70db02-groupManagement] INFO  server.RaftServerConfigKeys (ConfUtils.java:logGet(46)) - raft.server.rpc.sleep.time = 25ms (default)
2025-03-10 14:58:45,398 [24343a3a-85a1-4b3d-bed0-d5c89a70db02-groupManagement] INFO  server.RaftServerConfigKeys (ConfUtils.java:logGet(46)) - raft.server.rpc.slowness.timeout = 300s (custom)
2025-03-10 14:58:45,398 [24343a3a-85a1-4b3d-bed0-d5c89a70db02-groupManagement] INFO  server.RaftServerConfigKeys (ConfUtils.java:logGet(46)) - raft.server.leaderelection.leader.step-down.wait-time = 10s (default)
2025-03-10 14:58:45,398 [24343a3a-85a1-4b3d-bed0-d5c89a70db02-groupManagement] INFO  server.RaftServerConfigKeys (ConfUtils.java:logGet(46)) - raft.server.leaderelection.member.majority-add = false (default)
2025-03-10 14:58:45,398 [24343a3a-85a1-4b3d-bed0-d5c89a70db02-groupManagement] INFO  server.RaftServerConfigKeys (ConfUtils.java:logGet(46)) - raft.server.sleep.deviation.threshold = 300ms (default)
2025-03-10 14:58:45,398 [24343a3a-85a1-4b3d-bed0-d5c89a70db02-groupManagement] INFO  server.RaftServer$Division (ServerState.java:<init>(114)) - 24343a3a-85a1-4b3d-bed0-d5c89a70db02@group-606166E69D51: ConfigurationManager, init=conf: {index: -1, cur=peers:[bb41d03f-9ea0-4e3b-80d9-0852d4352e0e|127.0.0.1:15016, cd975088-a4e1-4d6c-8217-e67620ac7c17|127.0.0.1:15025, 24343a3a-85a1-4b3d-bed0-d5c89a70db02|127.0.0.1:15034]|listeners:[], old=null}, confs=<EMPTY_MAP>
2025-03-10 14:58:45,398 [24343a3a-85a1-4b3d-bed0-d5c89a70db02-groupManagement] INFO  server.RaftServerConfigKeys (ConfUtils.java:logGet(46)) - raft.server.notification.no-leader.timeout = 300s (custom)
2025-03-10 14:58:45,398 [24343a3a-85a1-4b3d-bed0-d5c89a70db02-groupManagement] INFO  server.RaftServerConfigKeys (ConfUtils.java:logGet(46)) - raft.server.read.timeout = 10s (default)
2025-03-10 14:58:45,399 [24343a3a-85a1-4b3d-bed0-d5c89a70db02-groupManagement] INFO  server.RaftServerConfigKeys (ConfUtils.java:logGet(46)) - raft.server.retrycache.expirytime = 600000ms (custom)
2025-03-10 14:58:45,399 [24343a3a-85a1-4b3d-bed0-d5c89a70db02-groupManagement] INFO  server.RaftServerConfigKeys (ConfUtils.java:logGet(46)) - raft.server.retrycache.statistics.expirytime = 100ms (default)
2025-03-10 14:58:45,399 [24343a3a-85a1-4b3d-bed0-d5c89a70db02-groupManagement] INFO  server.RaftServerConfigKeys (ConfUtils.java:logGet(46)) - raft.server.read.option = DEFAULT (default)
2025-03-10 14:58:45,399 [24343a3a-85a1-4b3d-bed0-d5c89a70db02-groupManagement] INFO  server.RaftServerConfigKeys (ConfUtils.java:logGet(46)) - raft.server.read.read-after-write-consistent.write-index-cache.expiry-time = 60s (default)
2025-03-10 14:58:45,403 [24343a3a-85a1-4b3d-bed0-d5c89a70db02-groupManagement] INFO  server.RaftServerConfigKeys (ConfUtils.java:logGet(46)) - raft.server.rpc.request.timeout = 60s (custom)
2025-03-10 14:58:45,403 [24343a3a-85a1-4b3d-bed0-d5c89a70db02-groupManagement] INFO  server.RaftServerConfigKeys (ConfUtils.java:logGet(46)) - raft.server.log.appender.install.snapshot.enabled = false (custom)
2025-03-10 14:58:45,403 [24343a3a-85a1-4b3d-bed0-d5c89a70db02-groupManagement] INFO  server.RaftServerConfigKeys (ConfUtils.java:logGet(46)) - raft.server.threadpool.server.cached = true (default)
2025-03-10 14:58:45,403 [24343a3a-85a1-4b3d-bed0-d5c89a70db02-groupManagement] INFO  server.RaftServerConfigKeys (ConfUtils.java:logGet(46)) - raft.server.threadpool.server.size = 0 (default)
2025-03-10 14:58:45,403 [24343a3a-85a1-4b3d-bed0-d5c89a70db02-groupManagement] INFO  server.RaftServerConfigKeys (ConfUtils.java:logGet(46)) - raft.server.threadpool.client.cached = true (default)
2025-03-10 14:58:45,403 [24343a3a-85a1-4b3d-bed0-d5c89a70db02-groupManagement] INFO  server.RaftServerConfigKeys (ConfUtils.java:logGet(46)) - raft.server.threadpool.client.size = 0 (default)
2025-03-10 14:58:45,404 [24343a3a-85a1-4b3d-bed0-d5c89a70db02-groupManagement] INFO  server.RaftServerConfigKeys (ConfUtils.java:logGet(46)) - raft.server.storage.free-space.min = 0MB (=0) (default)
2025-03-10 14:58:45,404 [24343a3a-85a1-4b3d-bed0-d5c89a70db02-groupManagement] INFO  server.RaftServerConfigKeys (ConfUtils.java:logGet(46)) - raft.server.log.corruption.policy = EXCEPTION (default)
2025-03-10 14:58:45,404 [24343a3a-85a1-4b3d-bed0-d5c89a70db02-groupManagement] INFO  server.RaftServerConfigKeys (ConfUtils.java:logGet(46)) - raft.server.storage.dir = [/home/runner/work/ozone/ozone/hadoop-ozone/integration-test/target/test-dir/MiniOzoneClusterImpl-c1e049f0-9043-4314-b8f3-2460433eb1a0/ozone-meta/datanode-3/ratis] (custom)
2025-03-10 14:58:45,404 [24343a3a-85a1-4b3d-bed0-d5c89a70db02-groupManagement] INFO  storage.RaftStorageDirectory (RaftStorageDirectoryImpl.java:analyzeStorage(138)) - The storage directory /home/runner/work/ozone/ozone/hadoop-ozone/integration-test/target/test-dir/MiniOzoneClusterImpl-c1e049f0-9043-4314-b8f3-2460433eb1a0/ozone-meta/datanode-3/ratis/ca7d1e5f-c110-487f-9e28-606166e69d51 does not exist. Creating ...
2025-03-10 14:58:45,405 [24343a3a-85a1-4b3d-bed0-d5c89a70db02-groupManagement] INFO  storage.RaftStorageDirectory (RaftStorageDirectoryImpl.java:tryLock(229)) - Lock on /home/runner/work/ozone/ozone/hadoop-ozone/integration-test/target/test-dir/MiniOzoneClusterImpl-c1e049f0-9043-4314-b8f3-2460433eb1a0/ozone-meta/datanode-3/ratis/ca7d1e5f-c110-487f-9e28-606166e69d51/in_use.lock acquired by nodename 139316@fv-az1384-231
2025-03-10 14:58:45,406 [24343a3a-85a1-4b3d-bed0-d5c89a70db02-groupManagement] INFO  storage.RaftStorage (RaftStorageImpl.java:format(98)) - Storage directory /home/runner/work/ozone/ozone/hadoop-ozone/integration-test/target/test-dir/MiniOzoneClusterImpl-c1e049f0-9043-4314-b8f3-2460433eb1a0/ozone-meta/datanode-3/ratis/ca7d1e5f-c110-487f-9e28-606166e69d51 has been successfully formatted.
2025-03-10 14:58:45,407 [24343a3a-85a1-4b3d-bed0-d5c89a70db02-groupManagement] INFO  ratis.ContainerStateMachine (ContainerStateMachine.java:initialize(308)) - 24343a3a-85a1-4b3d-bed0-d5c89a70db02: initialize group-606166E69D51
2025-03-10 14:58:45,407 [24343a3a-85a1-4b3d-bed0-d5c89a70db02-groupManagement] INFO  ratis.ContainerStateMachine (ContainerStateMachine.java:loadSnapshot(316)) - group-606166E69D51: The snapshot info is null. Setting the last applied index to:(t:0, i:~)
2025-03-10 14:58:45,407 [24343a3a-85a1-4b3d-bed0-d5c89a70db02-groupManagement] INFO  server.RaftServerConfigKeys (ConfUtils.java:logGet(46)) - raft.server.log.use.memory = false (default)
2025-03-10 14:58:45,407 [24343a3a-85a1-4b3d-bed0-d5c89a70db02-groupManagement] INFO  server.RaftServerConfigKeys (ConfUtils.java:logGet(46)) - raft.server.log.purge.gap = 1000000 (custom)
2025-03-10 14:58:45,407 [24343a3a-85a1-4b3d-bed0-d5c89a70db02-groupManagement] INFO  server.RaftServerConfigKeys (ConfUtils.java:logGet(46)) - raft.server.log.appender.buffer.byte-limit = 33554432 (custom)
2025-03-10 14:58:45,407 [24343a3a-85a1-4b3d-bed0-d5c89a70db02-groupManagement] INFO  server.RaftServerConfigKeys (ConfUtils.java:logGet(46)) - raft.server.log.statemachine.data.read.timeout = 1000ms (default)
2025-03-10 14:58:45,407 [24343a3a-85a1-4b3d-bed0-d5c89a70db02-groupManagement] INFO  server.RaftServerConfigKeys (ConfUtils.java:logGet(46)) - raft.server.log.purge.preservation.log.num = 0 (default)
2025-03-10 14:58:45,416 [24343a3a-85a1-4b3d-bed0-d5c89a70db02-groupManagement] INFO  server.RaftServerConfigKeys (ConfUtils.java:logGet(46)) - raft.server.log.segment.size.max = 67108864 (custom)
2025-03-10 14:58:45,416 [24343a3a-85a1-4b3d-bed0-d5c89a70db02-groupManagement] INFO  server.RaftServerConfigKeys (ConfUtils.java:logGet(46)) - raft.server.log.segment.cache.num.max = 2 (custom)
2025-03-10 14:58:45,416 [24343a3a-85a1-4b3d-bed0-d5c89a70db02-groupManagement] INFO  server.RaftServerConfigKeys (ConfUtils.java:logGet(46)) - raft.server.log.segment.cache.size.max = 200MB (=209715200) (default)
2025-03-10 14:58:45,416 [24343a3a-85a1-4b3d-bed0-d5c89a70db02-groupManagement] INFO  server.RaftServerConfigKeys (ConfUtils.java:logGet(46)) - raft.server.log.appender.buffer.byte-limit = 33554432 (custom)
2025-03-10 14:58:45,420 [24343a3a-85a1-4b3d-bed0-d5c89a70db02-groupManagement] INFO  util.AwaitToRun (AwaitToRun.java:start(81)) - Thread[#750,24343a3a-85a1-4b3d-bed0-d5c89a70db02@group-606166E69D51-cacheEviction-AwaitToRun,5,main] started
2025-03-10 14:58:45,420 [24343a3a-85a1-4b3d-bed0-d5c89a70db02-groupManagement] INFO  segmented.SegmentedRaftLogWorker (SegmentedRaftLogWorker.java:<init>(188)) - new 24343a3a-85a1-4b3d-bed0-d5c89a70db02@group-606166E69D51-SegmentedRaftLogWorker for RaftStorageImpl:Storage Directory /home/runner/work/ozone/ozone/hadoop-ozone/integration-test/target/test-dir/MiniOzoneClusterImpl-c1e049f0-9043-4314-b8f3-2460433eb1a0/ozone-meta/datanode-3/ratis/ca7d1e5f-c110-487f-9e28-606166e69d51
2025-03-10 14:58:45,420 [24343a3a-85a1-4b3d-bed0-d5c89a70db02-groupManagement] INFO  server.RaftServerConfigKeys (ConfUtils.java:logGet(46)) - raft.server.log.queue.byte-limit = 4294967296 (custom)
2025-03-10 14:58:45,420 [24343a3a-85a1-4b3d-bed0-d5c89a70db02-groupManagement] INFO  server.RaftServerConfigKeys (ConfUtils.java:logGet(46)) - raft.server.log.queue.element-limit = 1024 (custom)
2025-03-10 14:58:45,420 [24343a3a-85a1-4b3d-bed0-d5c89a70db02-groupManagement] INFO  server.RaftServerConfigKeys (ConfUtils.java:logGet(46)) - raft.server.log.segment.size.max = 67108864 (custom)
2025-03-10 14:58:45,420 [24343a3a-85a1-4b3d-bed0-d5c89a70db02-groupManagement] INFO  server.RaftServerConfigKeys (ConfUtils.java:logGet(46)) - raft.server.log.preallocated.size = 4194304 (custom)
2025-03-10 14:58:45,420 [24343a3a-85a1-4b3d-bed0-d5c89a70db02-groupManagement] INFO  server.RaftServerConfigKeys (ConfUtils.java:logGet(46)) - raft.server.log.force.sync.num = 128 (default)
2025-03-10 14:58:45,420 [24343a3a-85a1-4b3d-bed0-d5c89a70db02-groupManagement] INFO  server.RaftServerConfigKeys (ConfUtils.java:logGet(46)) - raft.server.log.statemachine.data.sync = true (default)
2025-03-10 14:58:45,420 [24343a3a-85a1-4b3d-bed0-d5c89a70db02-groupManagement] INFO  server.RaftServerConfigKeys (ConfUtils.java:logGet(46)) - raft.server.log.statemachine.data.sync.timeout = 10s (default)
2025-03-10 14:58:45,420 [24343a3a-85a1-4b3d-bed0-d5c89a70db02-groupManagement] INFO  server.RaftServerConfigKeys (ConfUtils.java:logGet(46)) - raft.server.log.statemachine.data.sync.timeout.retry = 30 (custom)
2025-03-10 14:58:45,421 [24343a3a-85a1-4b3d-bed0-d5c89a70db02-groupManagement] INFO  server.RaftServerConfigKeys (ConfUtils.java:logGet(46)) - raft.server.log.write.buffer.size = 33554440 (custom)
2025-03-10 14:58:45,433 [24343a3a-85a1-4b3d-bed0-d5c89a70db02-groupManagement] INFO  server.RaftServerConfigKeys (ConfUtils.java:logGet(46)) - raft.server.log.appender.buffer.byte-limit = 33554432 (custom)
2025-03-10 14:58:45,434 [24343a3a-85a1-4b3d-bed0-d5c89a70db02-groupManagement] INFO  server.RaftServerConfigKeys (ConfUtils.java:logGet(46)) - raft.server.log.unsafe-flush.enabled = false (default)
2025-03-10 14:58:45,434 [24343a3a-85a1-4b3d-bed0-d5c89a70db02-groupManagement] INFO  server.RaftServerConfigKeys (ConfUtils.java:logGet(46)) - raft.server.log.async-flush.enabled = false (default)
2025-03-10 14:58:45,434 [24343a3a-85a1-4b3d-bed0-d5c89a70db02-groupManagement] INFO  server.RaftServerConfigKeys (ConfUtils.java:logGet(46)) - raft.server.log.statemachine.data.caching.enabled = true (custom)
2025-03-10 14:58:45,434 [24343a3a-85a1-4b3d-bed0-d5c89a70db02-groupManagement] INFO  segmented.SegmentedRaftLogWorker (SegmentedRaftLogWorker.java:lambda$new$0(139)) - 24343a3a-85a1-4b3d-bed0-d5c89a70db02@group-606166E69D51-SegmentedRaftLogWorker: flushIndex: setUnconditionally 0 -> -1
2025-03-10 14:58:45,435 [24343a3a-85a1-4b3d-bed0-d5c89a70db02-groupManagement] INFO  segmented.SegmentedRaftLogWorker (SegmentedRaftLogWorker.java:lambda$new$0(139)) - 24343a3a-85a1-4b3d-bed0-d5c89a70db02@group-606166E69D51-SegmentedRaftLogWorker: safeCacheEvictIndex: setUnconditionally 0 -> -1
2025-03-10 14:58:45,436 [24343a3a-85a1-4b3d-bed0-d5c89a70db02-groupManagement] INFO  server.RaftServer$Division (RaftServerImpl.java:start(391)) - 24343a3a-85a1-4b3d-bed0-d5c89a70db02@group-606166E69D51: start as a follower, conf=conf: {index: -1, cur=peers:[bb41d03f-9ea0-4e3b-80d9-0852d4352e0e|127.0.0.1:15016, cd975088-a4e1-4d6c-8217-e67620ac7c17|127.0.0.1:15025, 24343a3a-85a1-4b3d-bed0-d5c89a70db02|127.0.0.1:15034]|listeners:[], old=null}
2025-03-10 14:58:45,436 [24343a3a-85a1-4b3d-bed0-d5c89a70db02-groupManagement] INFO  server.RaftServer$Division (RaftServerImpl.java:setRole(378)) - 24343a3a-85a1-4b3d-bed0-d5c89a70db02@group-606166E69D51: changes role from      null to FOLLOWER at term 0 for startAsFollower
2025-03-10 14:58:45,436 [24343a3a-85a1-4b3d-bed0-d5c89a70db02-groupManagement] INFO  impl.RoleInfo (RoleInfo.java:updateAndGet(148)) - 24343a3a-85a1-4b3d-bed0-d5c89a70db02: start 24343a3a-85a1-4b3d-bed0-d5c89a70db02@group-606166E69D51-FollowerState
2025-03-10 14:58:45,437 [24343a3a-85a1-4b3d-bed0-d5c89a70db02@group-606166E69D51-FollowerState] INFO  server.RaftServerConfigKeys (ConfUtils.java:logFallback(53)) - raft.server.rpc.first-election.timeout.min = 5s (fallback to raft.server.rpc.timeout.min)
2025-03-10 14:58:45,438 [24343a3a-85a1-4b3d-bed0-d5c89a70db02-groupManagement] INFO  util.JmxRegister (JmxRegister.java:tryRegister(44)) - Successfully registered JMX Bean with object name Ratis:service=RaftServer,group=group-606166E69D51,id=24343a3a-85a1-4b3d-bed0-d5c89a70db02
2025-03-10 14:58:45,438 [24343a3a-85a1-4b3d-bed0-d5c89a70db02@group-606166E69D51-FollowerState] INFO  server.RaftServerConfigKeys (ConfUtils.java:logFallback(53)) - raft.server.rpc.first-election.timeout.max = 5200ms (fallback to raft.server.rpc.timeout.max)
2025-03-10 14:58:45,438 [24343a3a-85a1-4b3d-bed0-d5c89a70db02-groupManagement] INFO  util.JmxRegister (JmxRegister.java:register(58)) - register mxBean class org.apache.ratis.server.impl.RaftServerJmxAdapter as Ratis:service=RaftServer,group=group-606166E69D51,id=24343a3a-85a1-4b3d-bed0-d5c89a70db02
2025-03-10 14:58:45,438 [24343a3a-85a1-4b3d-bed0-d5c89a70db02-groupManagement] INFO  server.RaftServerConfigKeys (ConfUtils.java:logGet(46)) - raft.server.snapshot.trigger-when-stop.enabled = true (default)
2025-03-10 14:58:45,439 [24343a3a-85a1-4b3d-bed0-d5c89a70db02-groupManagement] INFO  server.RaftServerConfigKeys (ConfUtils.java:logGet(46)) - raft.server.snapshot.trigger-when-remove.enabled = true (default)
2025-03-10 14:58:45,439 [24343a3a-85a1-4b3d-bed0-d5c89a70db02-groupManagement] INFO  server.RaftServerConfigKeys (ConfUtils.java:logGet(46)) - raft.server.snapshot.auto.trigger.enabled = true (custom)
2025-03-10 14:58:45,439 [24343a3a-85a1-4b3d-bed0-d5c89a70db02-groupManagement] INFO  server.RaftServerConfigKeys (ConfUtils.java:logGet(46)) - raft.server.snapshot.auto.trigger.threshold = 100000 (custom)
2025-03-10 14:58:45,439 [24343a3a-85a1-4b3d-bed0-d5c89a70db02-groupManagement] INFO  server.RaftServerConfigKeys (ConfUtils.java:logGet(46)) - raft.server.snapshot.retention.file.num = 5 (custom)
2025-03-10 14:58:45,439 [24343a3a-85a1-4b3d-bed0-d5c89a70db02-groupManagement] INFO  server.RaftServerConfigKeys (ConfUtils.java:logGet(46)) - raft.server.log.purge.upto.snapshot.index = false (default)
2025-03-10 14:58:45,442 [24343a3a-85a1-4b3d-bed0-d5c89a70db02-groupManagement] INFO  server.RaftServer$Division (RaftServerImpl.java:start(405)) - 24343a3a-85a1-4b3d-bed0-d5c89a70db02@group-606166E69D51: Successfully started.
2025-03-10 14:58:45,457 [bb41d03f-9ea0-4e3b-80d9-0852d4352e0e-PipelineCommandHandlerThread-0] INFO  commandhandler.CreatePipelineCommandHandler (CreatePipelineCommandHandler.java:lambda$handle$2(128)) - Created Pipeline RATIS THREE PipelineID=ca7d1e5f-c110-487f-9e28-606166e69d51.
2025-03-10 14:58:45,458 [bb41d03f-9ea0-4e3b-80d9-0852d4352e0e-PipelineCommandHandlerThread-0] INFO  server.RaftServer (RaftServerProxy.java:addNew(100)) - bb41d03f-9ea0-4e3b-80d9-0852d4352e0e: addNew group-037D493794B6:[bb41d03f-9ea0-4e3b-80d9-0852d4352e0e|127.0.0.1:15016, cd975088-a4e1-4d6c-8217-e67620ac7c17|127.0.0.1:15025, 24343a3a-85a1-4b3d-bed0-d5c89a70db02|127.0.0.1:15034] returns group-037D493794B6:java.util.concurrent.CompletableFuture@43304e38[Not completed]
2025-03-10 14:58:45,461 [bb41d03f-9ea0-4e3b-80d9-0852d4352e0e-groupManagement] INFO  server.RaftServer$Division (RaftServerImpl.java:<init>(255)) - bb41d03f-9ea0-4e3b-80d9-0852d4352e0e: new RaftServerImpl for group-037D493794B6:[bb41d03f-9ea0-4e3b-80d9-0852d4352e0e|127.0.0.1:15016, cd975088-a4e1-4d6c-8217-e67620ac7c17|127.0.0.1:15025, 24343a3a-85a1-4b3d-bed0-d5c89a70db02|127.0.0.1:15034] with ContainerStateMachine:uninitialized
2025-03-10 14:58:45,461 [bb41d03f-9ea0-4e3b-80d9-0852d4352e0e-groupManagement] INFO  server.RaftServerConfigKeys (ConfUtils.java:logGet(46)) - raft.server.rpc.timeout.min = 5s (custom)
2025-03-10 14:58:45,461 [bb41d03f-9ea0-4e3b-80d9-0852d4352e0e-groupManagement] INFO  server.RaftServerConfigKeys (ConfUtils.java:logGet(46)) - raft.server.rpc.timeout.max = 5200ms (custom)
2025-03-10 14:58:45,461 [bb41d03f-9ea0-4e3b-80d9-0852d4352e0e-groupManagement] INFO  server.RaftServerConfigKeys (ConfUtils.java:logGet(46)) - raft.server.rpc.sleep.time = 25ms (default)
2025-03-10 14:58:45,461 [bb41d03f-9ea0-4e3b-80d9-0852d4352e0e-groupManagement] INFO  server.RaftServerConfigKeys (ConfUtils.java:logGet(46)) - raft.server.rpc.slowness.timeout = 300s (custom)
2025-03-10 14:58:45,461 [bb41d03f-9ea0-4e3b-80d9-0852d4352e0e-groupManagement] INFO  server.RaftServerConfigKeys (ConfUtils.java:logGet(46)) - raft.server.leaderelection.leader.step-down.wait-time = 10s (default)
2025-03-10 14:58:45,461 [bb41d03f-9ea0-4e3b-80d9-0852d4352e0e-groupManagement] INFO  server.RaftServerConfigKeys (ConfUtils.java:logGet(46)) - raft.server.leaderelection.member.majority-add = false (default)
2025-03-10 14:58:45,462 [bb41d03f-9ea0-4e3b-80d9-0852d4352e0e-groupManagement] INFO  server.RaftServerConfigKeys (ConfUtils.java:logGet(46)) - raft.server.sleep.deviation.threshold = 300ms (default)
2025-03-10 14:58:45,462 [bb41d03f-9ea0-4e3b-80d9-0852d4352e0e-groupManagement] INFO  server.RaftServer$Division (ServerState.java:<init>(114)) - bb41d03f-9ea0-4e3b-80d9-0852d4352e0e@group-037D493794B6: ConfigurationManager, init=conf: {index: -1, cur=peers:[bb41d03f-9ea0-4e3b-80d9-0852d4352e0e|127.0.0.1:15016, cd975088-a4e1-4d6c-8217-e67620ac7c17|127.0.0.1:15025, 24343a3a-85a1-4b3d-bed0-d5c89a70db02|127.0.0.1:15034]|listeners:[], old=null}, confs=<EMPTY_MAP>
2025-03-10 14:58:45,462 [bb41d03f-9ea0-4e3b-80d9-0852d4352e0e-groupManagement] INFO  server.RaftServerConfigKeys (ConfUtils.java:logGet(46)) - raft.server.notification.no-leader.timeout = 300s (custom)
2025-03-10 14:58:45,462 [bb41d03f-9ea0-4e3b-80d9-0852d4352e0e-groupManagement] INFO  server.RaftServerConfigKeys (ConfUtils.java:logGet(46)) - raft.server.read.timeout = 10s (default)
2025-03-10 14:58:45,462 [bb41d03f-9ea0-4e3b-80d9-0852d4352e0e-groupManagement] INFO  server.RaftServerConfigKeys (ConfUtils.java:logGet(46)) - raft.server.retrycache.expirytime = 600000ms (custom)
2025-03-10 14:58:45,462 [bb41d03f-9ea0-4e3b-80d9-0852d4352e0e-groupManagement] INFO  server.RaftServerConfigKeys (ConfUtils.java:logGet(46)) - raft.server.retrycache.statistics.expirytime = 100ms (default)
2025-03-10 14:58:45,462 [bb41d03f-9ea0-4e3b-80d9-0852d4352e0e-groupManagement] INFO  server.RaftServerConfigKeys (ConfUtils.java:logGet(46)) - raft.server.read.option = DEFAULT (default)
2025-03-10 14:58:45,462 [bb41d03f-9ea0-4e3b-80d9-0852d4352e0e-groupManagement] INFO  server.RaftServerConfigKeys (ConfUtils.java:logGet(46)) - raft.server.read.read-after-write-consistent.write-index-cache.expiry-time = 60s (default)
2025-03-10 14:58:45,468 [bb41d03f-9ea0-4e3b-80d9-0852d4352e0e-groupManagement] INFO  server.RaftServerConfigKeys (ConfUtils.java:logGet(46)) - raft.server.rpc.request.timeout = 60s (custom)
2025-03-10 14:58:45,468 [bb41d03f-9ea0-4e3b-80d9-0852d4352e0e-groupManagement] INFO  server.RaftServerConfigKeys (ConfUtils.java:logGet(46)) - raft.server.log.appender.install.snapshot.enabled = false (custom)
2025-03-10 14:58:45,468 [bb41d03f-9ea0-4e3b-80d9-0852d4352e0e-groupManagement] INFO  server.RaftServerConfigKeys (ConfUtils.java:logGet(46)) - raft.server.threadpool.server.cached = true (default)
2025-03-10 14:58:45,468 [bb41d03f-9ea0-4e3b-80d9-0852d4352e0e-groupManagement] INFO  server.RaftServerConfigKeys (ConfUtils.java:logGet(46)) - raft.server.threadpool.server.size = 0 (default)
2025-03-10 14:58:45,468 [bb41d03f-9ea0-4e3b-80d9-0852d4352e0e-groupManagement] INFO  server.RaftServerConfigKeys (ConfUtils.java:logGet(46)) - raft.server.threadpool.client.cached = true (default)
2025-03-10 14:58:45,469 [bb41d03f-9ea0-4e3b-80d9-0852d4352e0e-groupManagement] INFO  server.RaftServerConfigKeys (ConfUtils.java:logGet(46)) - raft.server.threadpool.client.size = 0 (default)
2025-03-10 14:58:45,469 [bb41d03f-9ea0-4e3b-80d9-0852d4352e0e-groupManagement] INFO  server.RaftServerConfigKeys (ConfUtils.java:logGet(46)) - raft.server.storage.free-space.min = 0MB (=0) (default)
2025-03-10 14:58:45,469 [bb41d03f-9ea0-4e3b-80d9-0852d4352e0e-groupManagement] INFO  server.RaftServerConfigKeys (ConfUtils.java:logGet(46)) - raft.server.log.corruption.policy = EXCEPTION (default)
2025-03-10 14:58:45,469 [bb41d03f-9ea0-4e3b-80d9-0852d4352e0e-groupManagement] INFO  server.RaftServerConfigKeys (ConfUtils.java:logGet(46)) - raft.server.storage.dir = [/home/runner/work/ozone/ozone/hadoop-ozone/integration-test/target/test-dir/MiniOzoneClusterImpl-c1e049f0-9043-4314-b8f3-2460433eb1a0/ozone-meta/datanode-1/ratis] (custom)
2025-03-10 14:58:45,469 [bb41d03f-9ea0-4e3b-80d9-0852d4352e0e-groupManagement] INFO  storage.RaftStorageDirectory (RaftStorageDirectoryImpl.java:analyzeStorage(138)) - The storage directory /home/runner/work/ozone/ozone/hadoop-ozone/integration-test/target/test-dir/MiniOzoneClusterImpl-c1e049f0-9043-4314-b8f3-2460433eb1a0/ozone-meta/datanode-1/ratis/ac153af9-1e85-4974-beea-037d493794b6 does not exist. Creating ...
2025-03-10 14:58:45,471 [bb41d03f-9ea0-4e3b-80d9-0852d4352e0e-groupManagement] INFO  storage.RaftStorageDirectory (RaftStorageDirectoryImpl.java:tryLock(229)) - Lock on /home/runner/work/ozone/ozone/hadoop-ozone/integration-test/target/test-dir/MiniOzoneClusterImpl-c1e049f0-9043-4314-b8f3-2460433eb1a0/ozone-meta/datanode-1/ratis/ac153af9-1e85-4974-beea-037d493794b6/in_use.lock acquired by nodename 139316@fv-az1384-231
2025-03-10 14:58:45,474 [bb41d03f-9ea0-4e3b-80d9-0852d4352e0e-groupManagement] INFO  storage.RaftStorage (RaftStorageImpl.java:format(98)) - Storage directory /home/runner/work/ozone/ozone/hadoop-ozone/integration-test/target/test-dir/MiniOzoneClusterImpl-c1e049f0-9043-4314-b8f3-2460433eb1a0/ozone-meta/datanode-1/ratis/ac153af9-1e85-4974-beea-037d493794b6 has been successfully formatted.
2025-03-10 14:58:45,475 [bb41d03f-9ea0-4e3b-80d9-0852d4352e0e-groupManagement] INFO  ratis.ContainerStateMachine (ContainerStateMachine.java:initialize(308)) - bb41d03f-9ea0-4e3b-80d9-0852d4352e0e: initialize group-037D493794B6
2025-03-10 14:58:45,475 [bb41d03f-9ea0-4e3b-80d9-0852d4352e0e-groupManagement] INFO  ratis.ContainerStateMachine (ContainerStateMachine.java:loadSnapshot(316)) - group-037D493794B6: The snapshot info is null. Setting the last applied index to:(t:0, i:~)
2025-03-10 14:58:45,475 [bb41d03f-9ea0-4e3b-80d9-0852d4352e0e-groupManagement] INFO  server.RaftServerConfigKeys (ConfUtils.java:logGet(46)) - raft.server.log.use.memory = false (default)
2025-03-10 14:58:45,475 [bb41d03f-9ea0-4e3b-80d9-0852d4352e0e-groupManagement] INFO  server.RaftServerConfigKeys (ConfUtils.java:logGet(46)) - raft.server.log.purge.gap = 1000000 (custom)
2025-03-10 14:58:45,475 [bb41d03f-9ea0-4e3b-80d9-0852d4352e0e-groupManagement] INFO  server.RaftServerConfigKeys (ConfUtils.java:logGet(46)) - raft.server.log.appender.buffer.byte-limit = 33554432 (custom)
2025-03-10 14:58:45,477 [bb41d03f-9ea0-4e3b-80d9-0852d4352e0e-groupManagement] INFO  server.RaftServerConfigKeys (ConfUtils.java:logGet(46)) - raft.server.log.statemachine.data.read.timeout = 1000ms (default)
2025-03-10 14:58:45,477 [bb41d03f-9ea0-4e3b-80d9-0852d4352e0e-groupManagement] INFO  server.RaftServerConfigKeys (ConfUtils.java:logGet(46)) - raft.server.log.purge.preservation.log.num = 0 (default)
2025-03-10 14:58:45,479 [EventQueue-OpenPipelineForHealthyPipelineSafeModeRule] INFO  safemode.SCMSafeModeManager (HealthyPipelineSafeModeRule.java:process(141)) - SCM in safe mode. Healthy pipelines reported count is 0, required healthy pipeline reported count is 1
2025-03-10 14:58:45,479 [bb41d03f-9ea0-4e3b-80d9-0852d4352e0e-groupManagement] INFO  server.RaftServerConfigKeys (ConfUtils.java:logGet(46)) - raft.server.log.segment.size.max = 67108864 (custom)
2025-03-10 14:58:45,479 [bb41d03f-9ea0-4e3b-80d9-0852d4352e0e-groupManagement] INFO  server.RaftServerConfigKeys (ConfUtils.java:logGet(46)) - raft.server.log.segment.cache.num.max = 2 (custom)
2025-03-10 14:58:45,479 [bb41d03f-9ea0-4e3b-80d9-0852d4352e0e-groupManagement] INFO  server.RaftServerConfigKeys (ConfUtils.java:logGet(46)) - raft.server.log.segment.cache.size.max = 200MB (=209715200) (default)
2025-03-10 14:58:45,479 [bb41d03f-9ea0-4e3b-80d9-0852d4352e0e-groupManagement] INFO  server.RaftServerConfigKeys (ConfUtils.java:logGet(46)) - raft.server.log.appender.buffer.byte-limit = 33554432 (custom)
2025-03-10 14:58:45,483 [cd975088-a4e1-4d6c-8217-e67620ac7c17-PipelineCommandHandlerThread-0] INFO  commandhandler.CreatePipelineCommandHandler (CreatePipelineCommandHandler.java:lambda$handle$2(128)) - Created Pipeline RATIS THREE PipelineID=ca7d1e5f-c110-487f-9e28-606166e69d51.
2025-03-10 14:58:45,483 [cd975088-a4e1-4d6c-8217-e67620ac7c17-PipelineCommandHandlerThread-0] INFO  server.RaftServer (RaftServerProxy.java:addNew(100)) - cd975088-a4e1-4d6c-8217-e67620ac7c17: addNew group-037D493794B6:[bb41d03f-9ea0-4e3b-80d9-0852d4352e0e|127.0.0.1:15016, cd975088-a4e1-4d6c-8217-e67620ac7c17|127.0.0.1:15025, 24343a3a-85a1-4b3d-bed0-d5c89a70db02|127.0.0.1:15034] returns group-037D493794B6:java.util.concurrent.CompletableFuture@3cdad776[Not completed]
2025-03-10 14:58:45,484 [bb41d03f-9ea0-4e3b-80d9-0852d4352e0e-groupManagement] INFO  util.AwaitToRun (AwaitToRun.java:start(81)) - Thread[#760,bb41d03f-9ea0-4e3b-80d9-0852d4352e0e@group-037D493794B6-cacheEviction-AwaitToRun,5,main] started
2025-03-10 14:58:45,484 [bb41d03f-9ea0-4e3b-80d9-0852d4352e0e-groupManagement] INFO  segmented.SegmentedRaftLogWorker (SegmentedRaftLogWorker.java:<init>(188)) - new bb41d03f-9ea0-4e3b-80d9-0852d4352e0e@group-037D493794B6-SegmentedRaftLogWorker for RaftStorageImpl:Storage Directory /home/runner/work/ozone/ozone/hadoop-ozone/integration-test/target/test-dir/MiniOzoneClusterImpl-c1e049f0-9043-4314-b8f3-2460433eb1a0/ozone-meta/datanode-1/ratis/ac153af9-1e85-4974-beea-037d493794b6
2025-03-10 14:58:45,484 [bb41d03f-9ea0-4e3b-80d9-0852d4352e0e-groupManagement] INFO  server.RaftServerConfigKeys (ConfUtils.java:logGet(46)) - raft.server.log.queue.byte-limit = 4294967296 (custom)
2025-03-10 14:58:45,484 [bb41d03f-9ea0-4e3b-80d9-0852d4352e0e-groupManagement] INFO  server.RaftServerConfigKeys (ConfUtils.java:logGet(46)) - raft.server.log.queue.element-limit = 1024 (custom)
2025-03-10 14:58:45,484 [bb41d03f-9ea0-4e3b-80d9-0852d4352e0e-groupManagement] INFO  server.RaftServerConfigKeys (ConfUtils.java:logGet(46)) - raft.server.log.segment.size.max = 67108864 (custom)
2025-03-10 14:58:45,484 [bb41d03f-9ea0-4e3b-80d9-0852d4352e0e-groupManagement] INFO  server.RaftServerConfigKeys (ConfUtils.java:logGet(46)) - raft.server.log.preallocated.size = 4194304 (custom)
2025-03-10 14:58:45,484 [bb41d03f-9ea0-4e3b-80d9-0852d4352e0e-groupManagement] INFO  server.RaftServerConfigKeys (ConfUtils.java:logGet(46)) - raft.server.log.force.sync.num = 128 (default)
2025-03-10 14:58:45,484 [bb41d03f-9ea0-4e3b-80d9-0852d4352e0e-groupManagement] INFO  server.RaftServerConfigKeys (ConfUtils.java:logGet(46)) - raft.server.log.statemachine.data.sync = true (default)
2025-03-10 14:58:45,485 [bb41d03f-9ea0-4e3b-80d9-0852d4352e0e-groupManagement] INFO  server.RaftServerConfigKeys (ConfUtils.java:logGet(46)) - raft.server.log.statemachine.data.sync.timeout = 10s (default)
2025-03-10 14:58:45,485 [bb41d03f-9ea0-4e3b-80d9-0852d4352e0e-groupManagement] INFO  server.RaftServerConfigKeys (ConfUtils.java:logGet(46)) - raft.server.log.statemachine.data.sync.timeout.retry = 30 (custom)
2025-03-10 14:58:45,486 [cd975088-a4e1-4d6c-8217-e67620ac7c17-groupManagement] INFO  server.RaftServer$Division (RaftServerImpl.java:<init>(255)) - cd975088-a4e1-4d6c-8217-e67620ac7c17: new RaftServerImpl for group-037D493794B6:[bb41d03f-9ea0-4e3b-80d9-0852d4352e0e|127.0.0.1:15016, cd975088-a4e1-4d6c-8217-e67620ac7c17|127.0.0.1:15025, 24343a3a-85a1-4b3d-bed0-d5c89a70db02|127.0.0.1:15034] with ContainerStateMachine:uninitialized
2025-03-10 14:58:45,486 [bb41d03f-9ea0-4e3b-80d9-0852d4352e0e-groupManagement] INFO  server.RaftServerConfigKeys (ConfUtils.java:logGet(46)) - raft.server.log.write.buffer.size = 33554440 (custom)
2025-03-10 14:58:45,486 [cd975088-a4e1-4d6c-8217-e67620ac7c17-groupManagement] INFO  server.RaftServerConfigKeys (ConfUtils.java:logGet(46)) - raft.server.rpc.timeout.min = 5s (custom)
2025-03-10 14:58:45,487 [cd975088-a4e1-4d6c-8217-e67620ac7c17-groupManagement] INFO  server.RaftServerConfigKeys (ConfUtils.java:logGet(46)) - raft.server.rpc.timeout.max = 5200ms (custom)
2025-03-10 14:58:45,487 [cd975088-a4e1-4d6c-8217-e67620ac7c17-groupManagement] INFO  server.RaftServerConfigKeys (ConfUtils.java:logGet(46)) - raft.server.rpc.sleep.time = 25ms (default)
2025-03-10 14:58:45,487 [cd975088-a4e1-4d6c-8217-e67620ac7c17-groupManagement] INFO  server.RaftServerConfigKeys (ConfUtils.java:logGet(46)) - raft.server.rpc.slowness.timeout = 300s (custom)
2025-03-10 14:58:45,487 [cd975088-a4e1-4d6c-8217-e67620ac7c17-groupManagement] INFO  server.RaftServerConfigKeys (ConfUtils.java:logGet(46)) - raft.server.leaderelection.leader.step-down.wait-time = 10s (default)
2025-03-10 14:58:45,487 [cd975088-a4e1-4d6c-8217-e67620ac7c17-groupManagement] INFO  server.RaftServerConfigKeys (ConfUtils.java:logGet(46)) - raft.server.leaderelection.member.majority-add = false (default)
2025-03-10 14:58:45,487 [cd975088-a4e1-4d6c-8217-e67620ac7c17-groupManagement] INFO  server.RaftServerConfigKeys (ConfUtils.java:logGet(46)) - raft.server.sleep.deviation.threshold = 300ms (default)
2025-03-10 14:58:45,487 [cd975088-a4e1-4d6c-8217-e67620ac7c17-groupManagement] INFO  server.RaftServer$Division (ServerState.java:<init>(114)) - cd975088-a4e1-4d6c-8217-e67620ac7c17@group-037D493794B6: ConfigurationManager, init=conf: {index: -1, cur=peers:[bb41d03f-9ea0-4e3b-80d9-0852d4352e0e|127.0.0.1:15016, cd975088-a4e1-4d6c-8217-e67620ac7c17|127.0.0.1:15025, 24343a3a-85a1-4b3d-bed0-d5c89a70db02|127.0.0.1:15034]|listeners:[], old=null}, confs=<EMPTY_MAP>
2025-03-10 14:58:45,487 [cd975088-a4e1-4d6c-8217-e67620ac7c17-groupManagement] INFO  server.RaftServerConfigKeys (ConfUtils.java:logGet(46)) - raft.server.notification.no-leader.timeout = 300s (custom)
2025-03-10 14:58:45,488 [cd975088-a4e1-4d6c-8217-e67620ac7c17-groupManagement] INFO  server.RaftServerConfigKeys (ConfUtils.java:logGet(46)) - raft.server.read.timeout = 10s (default)
2025-03-10 14:58:45,488 [cd975088-a4e1-4d6c-8217-e67620ac7c17-groupManagement] INFO  server.RaftServerConfigKeys (ConfUtils.java:logGet(46)) - raft.server.retrycache.expirytime = 600000ms (custom)
2025-03-10 14:58:45,488 [cd975088-a4e1-4d6c-8217-e67620ac7c17-groupManagement] INFO  server.RaftServerConfigKeys (ConfUtils.java:logGet(46)) - raft.server.retrycache.statistics.expirytime = 100ms (default)
2025-03-10 14:58:45,488 [cd975088-a4e1-4d6c-8217-e67620ac7c17-groupManagement] INFO  server.RaftServerConfigKeys (ConfUtils.java:logGet(46)) - raft.server.read.option = DEFAULT (default)
2025-03-10 14:58:45,488 [cd975088-a4e1-4d6c-8217-e67620ac7c17-groupManagement] INFO  server.RaftServerConfigKeys (ConfUtils.java:logGet(46)) - raft.server.read.read-after-write-consistent.write-index-cache.expiry-time = 60s (default)
2025-03-10 14:58:45,493 [bb41d03f-9ea0-4e3b-80d9-0852d4352e0e-groupManagement] INFO  server.RaftServerConfigKeys (ConfUtils.java:logGet(46)) - raft.server.log.appender.buffer.byte-limit = 33554432 (custom)
2025-03-10 14:58:45,494 [bb41d03f-9ea0-4e3b-80d9-0852d4352e0e-groupManagement] INFO  server.RaftServerConfigKeys (ConfUtils.java:logGet(46)) - raft.server.log.unsafe-flush.enabled = false (default)
2025-03-10 14:58:45,494 [bb41d03f-9ea0-4e3b-80d9-0852d4352e0e-groupManagement] INFO  server.RaftServerConfigKeys (ConfUtils.java:logGet(46)) - raft.server.log.async-flush.enabled = false (default)
2025-03-10 14:58:45,494 [bb41d03f-9ea0-4e3b-80d9-0852d4352e0e-groupManagement] INFO  server.RaftServerConfigKeys (ConfUtils.java:logGet(46)) - raft.server.log.statemachine.data.caching.enabled = true (custom)
2025-03-10 14:58:45,494 [cd975088-a4e1-4d6c-8217-e67620ac7c17-groupManagement] INFO  server.RaftServerConfigKeys (ConfUtils.java:logGet(46)) - raft.server.rpc.request.timeout = 60s (custom)
2025-03-10 14:58:45,494 [bb41d03f-9ea0-4e3b-80d9-0852d4352e0e-groupManagement] INFO  segmented.SegmentedRaftLogWorker (SegmentedRaftLogWorker.java:lambda$new$0(139)) - bb41d03f-9ea0-4e3b-80d9-0852d4352e0e@group-037D493794B6-SegmentedRaftLogWorker: flushIndex: setUnconditionally 0 -> -1
2025-03-10 14:58:45,494 [bb41d03f-9ea0-4e3b-80d9-0852d4352e0e-groupManagement] INFO  segmented.SegmentedRaftLogWorker (SegmentedRaftLogWorker.java:lambda$new$0(139)) - bb41d03f-9ea0-4e3b-80d9-0852d4352e0e@group-037D493794B6-SegmentedRaftLogWorker: safeCacheEvictIndex: setUnconditionally 0 -> -1
2025-03-10 14:58:45,494 [cd975088-a4e1-4d6c-8217-e67620ac7c17-groupManagement] INFO  server.RaftServerConfigKeys (ConfUtils.java:logGet(46)) - raft.server.log.appender.install.snapshot.enabled = false (custom)
2025-03-10 14:58:45,495 [bb41d03f-9ea0-4e3b-80d9-0852d4352e0e-groupManagement] INFO  server.RaftServer$Division (RaftServerImpl.java:start(391)) - bb41d03f-9ea0-4e3b-80d9-0852d4352e0e@group-037D493794B6: start as a follower, conf=conf: {index: -1, cur=peers:[bb41d03f-9ea0-4e3b-80d9-0852d4352e0e|127.0.0.1:15016, cd975088-a4e1-4d6c-8217-e67620ac7c17|127.0.0.1:15025, 24343a3a-85a1-4b3d-bed0-d5c89a70db02|127.0.0.1:15034]|listeners:[], old=null}
2025-03-10 14:58:45,495 [bb41d03f-9ea0-4e3b-80d9-0852d4352e0e-groupManagement] INFO  server.RaftServer$Division (RaftServerImpl.java:setRole(378)) - bb41d03f-9ea0-4e3b-80d9-0852d4352e0e@group-037D493794B6: changes role from      null to FOLLOWER at term 0 for startAsFollower
2025-03-10 14:58:45,495 [bb41d03f-9ea0-4e3b-80d9-0852d4352e0e-groupManagement] INFO  impl.RoleInfo (RoleInfo.java:updateAndGet(148)) - bb41d03f-9ea0-4e3b-80d9-0852d4352e0e: start bb41d03f-9ea0-4e3b-80d9-0852d4352e0e@group-037D493794B6-FollowerState
2025-03-10 14:58:45,495 [cd975088-a4e1-4d6c-8217-e67620ac7c17-groupManagement] INFO  server.RaftServerConfigKeys (ConfUtils.java:logGet(46)) - raft.server.threadpool.server.cached = true (default)
2025-03-10 14:58:45,495 [cd975088-a4e1-4d6c-8217-e67620ac7c17-groupManagement] INFO  server.RaftServerConfigKeys (ConfUtils.java:logGet(46)) - raft.server.threadpool.server.size = 0 (default)
2025-03-10 14:58:45,495 [cd975088-a4e1-4d6c-8217-e67620ac7c17-groupManagement] INFO  server.RaftServerConfigKeys (ConfUtils.java:logGet(46)) - raft.server.threadpool.client.cached = true (default)
2025-03-10 14:58:45,495 [cd975088-a4e1-4d6c-8217-e67620ac7c17-groupManagement] INFO  server.RaftServerConfigKeys (ConfUtils.java:logGet(46)) - raft.server.threadpool.client.size = 0 (default)
2025-03-10 14:58:45,495 [cd975088-a4e1-4d6c-8217-e67620ac7c17-groupManagement] INFO  server.RaftServerConfigKeys (ConfUtils.java:logGet(46)) - raft.server.storage.free-space.min = 0MB (=0) (default)
2025-03-10 14:58:45,495 [cd975088-a4e1-4d6c-8217-e67620ac7c17-groupManagement] INFO  server.RaftServerConfigKeys (ConfUtils.java:logGet(46)) - raft.server.log.corruption.policy = EXCEPTION (default)
2025-03-10 14:58:45,495 [cd975088-a4e1-4d6c-8217-e67620ac7c17-groupManagement] INFO  server.RaftServerConfigKeys (ConfUtils.java:logGet(46)) - raft.server.storage.dir = [/home/runner/work/ozone/ozone/hadoop-ozone/integration-test/target/test-dir/MiniOzoneClusterImpl-c1e049f0-9043-4314-b8f3-2460433eb1a0/ozone-meta/datanode-2/ratis] (custom)
2025-03-10 14:58:45,496 [cd975088-a4e1-4d6c-8217-e67620ac7c17-groupManagement] INFO  storage.RaftStorageDirectory (RaftStorageDirectoryImpl.java:analyzeStorage(138)) - The storage directory /home/runner/work/ozone/ozone/hadoop-ozone/integration-test/target/test-dir/MiniOzoneClusterImpl-c1e049f0-9043-4314-b8f3-2460433eb1a0/ozone-meta/datanode-2/ratis/ac153af9-1e85-4974-beea-037d493794b6 does not exist. Creating ...
2025-03-10 14:58:45,496 [bb41d03f-9ea0-4e3b-80d9-0852d4352e0e@group-037D493794B6-FollowerState] INFO  server.RaftServerConfigKeys (ConfUtils.java:logFallback(53)) - raft.server.rpc.first-election.timeout.min = 5s (fallback to raft.server.rpc.timeout.min)
2025-03-10 14:58:45,496 [bb41d03f-9ea0-4e3b-80d9-0852d4352e0e@group-037D493794B6-FollowerState] INFO  server.RaftServerConfigKeys (ConfUtils.java:logFallback(53)) - raft.server.rpc.first-election.timeout.max = 5200ms (fallback to raft.server.rpc.timeout.max)
2025-03-10 14:58:45,497 [bb41d03f-9ea0-4e3b-80d9-0852d4352e0e-groupManagement] INFO  util.JmxRegister (JmxRegister.java:tryRegister(44)) - Successfully registered JMX Bean with object name Ratis:service=RaftServer,group=group-037D493794B6,id=bb41d03f-9ea0-4e3b-80d9-0852d4352e0e
2025-03-10 14:58:45,497 [bb41d03f-9ea0-4e3b-80d9-0852d4352e0e-groupManagement] INFO  util.JmxRegister (JmxRegister.java:register(58)) - register mxBean class org.apache.ratis.server.impl.RaftServerJmxAdapter as Ratis:service=RaftServer,group=group-037D493794B6,id=bb41d03f-9ea0-4e3b-80d9-0852d4352e0e
2025-03-10 14:58:45,497 [bb41d03f-9ea0-4e3b-80d9-0852d4352e0e-groupManagement] INFO  server.RaftServerConfigKeys (ConfUtils.java:logGet(46)) - raft.server.snapshot.trigger-when-stop.enabled = true (default)
2025-03-10 14:58:45,497 [bb41d03f-9ea0-4e3b-80d9-0852d4352e0e-groupManagement] INFO  server.RaftServerConfigKeys (ConfUtils.java:logGet(46)) - raft.server.snapshot.trigger-when-remove.enabled = true (default)
2025-03-10 14:58:45,497 [cd975088-a4e1-4d6c-8217-e67620ac7c17-groupManagement] INFO  storage.RaftStorageDirectory (RaftStorageDirectoryImpl.java:tryLock(229)) - Lock on /home/runner/work/ozone/ozone/hadoop-ozone/integration-test/target/test-dir/MiniOzoneClusterImpl-c1e049f0-9043-4314-b8f3-2460433eb1a0/ozone-meta/datanode-2/ratis/ac153af9-1e85-4974-beea-037d493794b6/in_use.lock acquired by nodename 139316@fv-az1384-231
2025-03-10 14:58:45,497 [bb41d03f-9ea0-4e3b-80d9-0852d4352e0e-groupManagement] INFO  server.RaftServerConfigKeys (ConfUtils.java:logGet(46)) - raft.server.snapshot.auto.trigger.enabled = true (custom)
2025-03-10 14:58:45,498 [bb41d03f-9ea0-4e3b-80d9-0852d4352e0e-groupManagement] INFO  server.RaftServerConfigKeys (ConfUtils.java:logGet(46)) - raft.server.snapshot.auto.trigger.threshold = 100000 (custom)
2025-03-10 14:58:45,498 [bb41d03f-9ea0-4e3b-80d9-0852d4352e0e-groupManagement] INFO  server.RaftServerConfigKeys (ConfUtils.java:logGet(46)) - raft.server.snapshot.retention.file.num = 5 (custom)
2025-03-10 14:58:45,498 [bb41d03f-9ea0-4e3b-80d9-0852d4352e0e-groupManagement] INFO  server.RaftServerConfigKeys (ConfUtils.java:logGet(46)) - raft.server.log.purge.upto.snapshot.index = false (default)
2025-03-10 14:58:45,499 [bb41d03f-9ea0-4e3b-80d9-0852d4352e0e-groupManagement] INFO  server.RaftServer$Division (RaftServerImpl.java:start(405)) - bb41d03f-9ea0-4e3b-80d9-0852d4352e0e@group-037D493794B6: Successfully started.
2025-03-10 14:58:45,499 [cd975088-a4e1-4d6c-8217-e67620ac7c17-groupManagement] INFO  storage.RaftStorage (RaftStorageImpl.java:format(98)) - Storage directory /home/runner/work/ozone/ozone/hadoop-ozone/integration-test/target/test-dir/MiniOzoneClusterImpl-c1e049f0-9043-4314-b8f3-2460433eb1a0/ozone-meta/datanode-2/ratis/ac153af9-1e85-4974-beea-037d493794b6 has been successfully formatted.
2025-03-10 14:58:45,499 [cd975088-a4e1-4d6c-8217-e67620ac7c17-groupManagement] INFO  ratis.ContainerStateMachine (ContainerStateMachine.java:initialize(308)) - cd975088-a4e1-4d6c-8217-e67620ac7c17: initialize group-037D493794B6
2025-03-10 14:58:45,499 [cd975088-a4e1-4d6c-8217-e67620ac7c17-groupManagement] INFO  ratis.ContainerStateMachine (ContainerStateMachine.java:loadSnapshot(316)) - group-037D493794B6: The snapshot info is null. Setting the last applied index to:(t:0, i:~)
2025-03-10 14:58:45,499 [cd975088-a4e1-4d6c-8217-e67620ac7c17-groupManagement] INFO  server.RaftServerConfigKeys (ConfUtils.java:logGet(46)) - raft.server.log.use.memory = false (default)
2025-03-10 14:58:45,499 [cd975088-a4e1-4d6c-8217-e67620ac7c17-groupManagement] INFO  server.RaftServerConfigKeys (ConfUtils.java:logGet(46)) - raft.server.log.purge.gap = 1000000 (custom)
2025-03-10 14:58:45,500 [cd975088-a4e1-4d6c-8217-e67620ac7c17-groupManagement] INFO  server.RaftServerConfigKeys (ConfUtils.java:logGet(46)) - raft.server.log.appender.buffer.byte-limit = 33554432 (custom)
2025-03-10 14:58:45,500 [cd975088-a4e1-4d6c-8217-e67620ac7c17-groupManagement] INFO  server.RaftServerConfigKeys (ConfUtils.java:logGet(46)) - raft.server.log.statemachine.data.read.timeout = 1000ms (default)
2025-03-10 14:58:45,500 [cd975088-a4e1-4d6c-8217-e67620ac7c17-groupManagement] INFO  server.RaftServerConfigKeys (ConfUtils.java:logGet(46)) - raft.server.log.purge.preservation.log.num = 0 (default)
2025-03-10 14:58:45,500 [bb41d03f-9ea0-4e3b-80d9-0852d4352e0e-PipelineCommandHandlerThread-0] INFO  ratis.XceiverServerRatis (XceiverServerRatis.java:addGroup(841)) - Created group PipelineID=ac153af9-1e85-4974-beea-037d493794b6
2025-03-10 14:58:45,502 [cd975088-a4e1-4d6c-8217-e67620ac7c17-groupManagement] INFO  server.RaftServerConfigKeys (ConfUtils.java:logGet(46)) - raft.server.log.segment.size.max = 67108864 (custom)
2025-03-10 14:58:45,503 [EventQueue-OpenPipelineForHealthyPipelineSafeModeRule] INFO  safemode.SCMSafeModeManager (HealthyPipelineSafeModeRule.java:process(141)) - SCM in safe mode. Healthy pipelines reported count is 0, required healthy pipeline reported count is 1
2025-03-10 14:58:45,505 [cd975088-a4e1-4d6c-8217-e67620ac7c17-groupManagement] INFO  server.RaftServerConfigKeys (ConfUtils.java:logGet(46)) - raft.server.log.segment.cache.num.max = 2 (custom)
2025-03-10 14:58:45,505 [cd975088-a4e1-4d6c-8217-e67620ac7c17-groupManagement] INFO  server.RaftServerConfigKeys (ConfUtils.java:logGet(46)) - raft.server.log.segment.cache.size.max = 200MB (=209715200) (default)
2025-03-10 14:58:45,505 [cd975088-a4e1-4d6c-8217-e67620ac7c17-groupManagement] INFO  server.RaftServerConfigKeys (ConfUtils.java:logGet(46)) - raft.server.log.appender.buffer.byte-limit = 33554432 (custom)
2025-03-10 14:58:45,505 [cd975088-a4e1-4d6c-8217-e67620ac7c17-groupManagement] INFO  util.AwaitToRun (AwaitToRun.java:start(81)) - Thread[#767,cd975088-a4e1-4d6c-8217-e67620ac7c17@group-037D493794B6-cacheEviction-AwaitToRun,5,main] started
2025-03-10 14:58:45,506 [cd975088-a4e1-4d6c-8217-e67620ac7c17-groupManagement] INFO  segmented.SegmentedRaftLogWorker (SegmentedRaftLogWorker.java:<init>(188)) - new cd975088-a4e1-4d6c-8217-e67620ac7c17@group-037D493794B6-SegmentedRaftLogWorker for RaftStorageImpl:Storage Directory /home/runner/work/ozone/ozone/hadoop-ozone/integration-test/target/test-dir/MiniOzoneClusterImpl-c1e049f0-9043-4314-b8f3-2460433eb1a0/ozone-meta/datanode-2/ratis/ac153af9-1e85-4974-beea-037d493794b6
2025-03-10 14:58:45,506 [cd975088-a4e1-4d6c-8217-e67620ac7c17-groupManagement] INFO  server.RaftServerConfigKeys (ConfUtils.java:logGet(46)) - raft.server.log.queue.byte-limit = 4294967296 (custom)
2025-03-10 14:58:45,506 [cd975088-a4e1-4d6c-8217-e67620ac7c17-groupManagement] INFO  server.RaftServerConfigKeys (ConfUtils.java:logGet(46)) - raft.server.log.queue.element-limit = 1024 (custom)
2025-03-10 14:58:45,506 [cd975088-a4e1-4d6c-8217-e67620ac7c17-groupManagement] INFO  server.RaftServerConfigKeys (ConfUtils.java:logGet(46)) - raft.server.log.segment.size.max = 67108864 (custom)
2025-03-10 14:58:45,506 [cd975088-a4e1-4d6c-8217-e67620ac7c17-groupManagement] INFO  server.RaftServerConfigKeys (ConfUtils.java:logGet(46)) - raft.server.log.preallocated.size = 4194304 (custom)
2025-03-10 14:58:45,506 [cd975088-a4e1-4d6c-8217-e67620ac7c17-groupManagement] INFO  server.RaftServerConfigKeys (ConfUtils.java:logGet(46)) - raft.server.log.force.sync.num = 128 (default)
2025-03-10 14:58:45,506 [cd975088-a4e1-4d6c-8217-e67620ac7c17-groupManagement] INFO  server.RaftServerConfigKeys (ConfUtils.java:logGet(46)) - raft.server.log.statemachine.data.sync = true (default)
2025-03-10 14:58:45,506 [cd975088-a4e1-4d6c-8217-e67620ac7c17-groupManagement] INFO  server.RaftServerConfigKeys (ConfUtils.java:logGet(46)) - raft.server.log.statemachine.data.sync.timeout = 10s (default)
2025-03-10 14:58:45,506 [cd975088-a4e1-4d6c-8217-e67620ac7c17-groupManagement] INFO  server.RaftServerConfigKeys (ConfUtils.java:logGet(46)) - raft.server.log.statemachine.data.sync.timeout.retry = 30 (custom)
2025-03-10 14:58:45,506 [cd975088-a4e1-4d6c-8217-e67620ac7c17-groupManagement] INFO  server.RaftServerConfigKeys (ConfUtils.java:logGet(46)) - raft.server.log.write.buffer.size = 33554440 (custom)
2025-03-10 14:58:45,513 [cd975088-a4e1-4d6c-8217-e67620ac7c17-groupManagement] INFO  server.RaftServerConfigKeys (ConfUtils.java:logGet(46)) - raft.server.log.appender.buffer.byte-limit = 33554432 (custom)
2025-03-10 14:58:45,513 [cd975088-a4e1-4d6c-8217-e67620ac7c17-groupManagement] INFO  server.RaftServerConfigKeys (ConfUtils.java:logGet(46)) - raft.server.log.unsafe-flush.enabled = false (default)
2025-03-10 14:58:45,513 [cd975088-a4e1-4d6c-8217-e67620ac7c17-groupManagement] INFO  server.RaftServerConfigKeys (ConfUtils.java:logGet(46)) - raft.server.log.async-flush.enabled = false (default)
2025-03-10 14:58:45,514 [cd975088-a4e1-4d6c-8217-e67620ac7c17-groupManagement] INFO  server.RaftServerConfigKeys (ConfUtils.java:logGet(46)) - raft.server.log.statemachine.data.caching.enabled = true (custom)
2025-03-10 14:58:45,515 [cd975088-a4e1-4d6c-8217-e67620ac7c17-groupManagement] INFO  segmented.SegmentedRaftLogWorker (SegmentedRaftLogWorker.java:lambda$new$0(139)) - cd975088-a4e1-4d6c-8217-e67620ac7c17@group-037D493794B6-SegmentedRaftLogWorker: flushIndex: setUnconditionally 0 -> -1
2025-03-10 14:58:45,515 [cd975088-a4e1-4d6c-8217-e67620ac7c17-groupManagement] INFO  segmented.SegmentedRaftLogWorker (SegmentedRaftLogWorker.java:lambda$new$0(139)) - cd975088-a4e1-4d6c-8217-e67620ac7c17@group-037D493794B6-SegmentedRaftLogWorker: safeCacheEvictIndex: setUnconditionally 0 -> -1
2025-03-10 14:58:45,515 [cd975088-a4e1-4d6c-8217-e67620ac7c17-groupManagement] INFO  server.RaftServer$Division (RaftServerImpl.java:start(391)) - cd975088-a4e1-4d6c-8217-e67620ac7c17@group-037D493794B6: start as a follower, conf=conf: {index: -1, cur=peers:[bb41d03f-9ea0-4e3b-80d9-0852d4352e0e|127.0.0.1:15016, cd975088-a4e1-4d6c-8217-e67620ac7c17|127.0.0.1:15025, 24343a3a-85a1-4b3d-bed0-d5c89a70db02|127.0.0.1:15034]|listeners:[], old=null}
2025-03-10 14:58:45,515 [cd975088-a4e1-4d6c-8217-e67620ac7c17-groupManagement] INFO  server.RaftServer$Division (RaftServerImpl.java:setRole(378)) - cd975088-a4e1-4d6c-8217-e67620ac7c17@group-037D493794B6: changes role from      null to FOLLOWER at term 0 for startAsFollower
2025-03-10 14:58:45,515 [cd975088-a4e1-4d6c-8217-e67620ac7c17-groupManagement] INFO  impl.RoleInfo (RoleInfo.java:updateAndGet(148)) - cd975088-a4e1-4d6c-8217-e67620ac7c17: start cd975088-a4e1-4d6c-8217-e67620ac7c17@group-037D493794B6-FollowerState
2025-03-10 14:58:45,516 [cd975088-a4e1-4d6c-8217-e67620ac7c17@group-037D493794B6-FollowerState] INFO  server.RaftServerConfigKeys (ConfUtils.java:logFallback(53)) - raft.server.rpc.first-election.timeout.min = 5s (fallback to raft.server.rpc.timeout.min)
2025-03-10 14:58:45,516 [cd975088-a4e1-4d6c-8217-e67620ac7c17@group-037D493794B6-FollowerState] INFO  server.RaftServerConfigKeys (ConfUtils.java:logFallback(53)) - raft.server.rpc.first-election.timeout.max = 5200ms (fallback to raft.server.rpc.timeout.max)
2025-03-10 14:58:45,516 [cd975088-a4e1-4d6c-8217-e67620ac7c17-groupManagement] INFO  util.JmxRegister (JmxRegister.java:tryRegister(44)) - Successfully registered JMX Bean with object name Ratis:service=RaftServer,group=group-037D493794B6,id=cd975088-a4e1-4d6c-8217-e67620ac7c17
2025-03-10 14:58:45,516 [cd975088-a4e1-4d6c-8217-e67620ac7c17-groupManagement] INFO  util.JmxRegister (JmxRegister.java:register(58)) - register mxBean class org.apache.ratis.server.impl.RaftServerJmxAdapter as Ratis:service=RaftServer,group=group-037D493794B6,id=cd975088-a4e1-4d6c-8217-e67620ac7c17
2025-03-10 14:58:45,516 [cd975088-a4e1-4d6c-8217-e67620ac7c17-groupManagement] INFO  server.RaftServerConfigKeys (ConfUtils.java:logGet(46)) - raft.server.snapshot.trigger-when-stop.enabled = true (default)
2025-03-10 14:58:45,516 [cd975088-a4e1-4d6c-8217-e67620ac7c17-groupManagement] INFO  server.RaftServerConfigKeys (ConfUtils.java:logGet(46)) - raft.server.snapshot.trigger-when-remove.enabled = true (default)
2025-03-10 14:58:45,516 [cd975088-a4e1-4d6c-8217-e67620ac7c17-groupManagement] INFO  server.RaftServerConfigKeys (ConfUtils.java:logGet(46)) - raft.server.snapshot.auto.trigger.enabled = true (custom)
2025-03-10 14:58:45,516 [cd975088-a4e1-4d6c-8217-e67620ac7c17-groupManagement] INFO  server.RaftServerConfigKeys (ConfUtils.java:logGet(46)) - raft.server.snapshot.auto.trigger.threshold = 100000 (custom)
2025-03-10 14:58:45,516 [cd975088-a4e1-4d6c-8217-e67620ac7c17-groupManagement] INFO  server.RaftServerConfigKeys (ConfUtils.java:logGet(46)) - raft.server.snapshot.retention.file.num = 5 (custom)
2025-03-10 14:58:45,516 [cd975088-a4e1-4d6c-8217-e67620ac7c17-groupManagement] INFO  server.RaftServerConfigKeys (ConfUtils.java:logGet(46)) - raft.server.log.purge.upto.snapshot.index = false (default)
2025-03-10 14:58:45,517 [cd975088-a4e1-4d6c-8217-e67620ac7c17-groupManagement] INFO  server.RaftServer$Division (RaftServerImpl.java:start(405)) - cd975088-a4e1-4d6c-8217-e67620ac7c17@group-037D493794B6: Successfully started.
2025-03-10 14:58:45,518 [cd975088-a4e1-4d6c-8217-e67620ac7c17-PipelineCommandHandlerThread-0] INFO  ratis.XceiverServerRatis (XceiverServerRatis.java:addGroup(841)) - Created group PipelineID=ac153af9-1e85-4974-beea-037d493794b6
2025-03-10 14:58:45,528 [24343a3a-85a1-4b3d-bed0-d5c89a70db02-PipelineCommandHandlerThread-0] INFO  server.RaftServer (RaftServerProxy.java:addNew(100)) - 24343a3a-85a1-4b3d-bed0-d5c89a70db02: addNew group-843A714FA3E3:[24343a3a-85a1-4b3d-bed0-d5c89a70db02|127.0.0.1:15034] returns group-843A714FA3E3:java.util.concurrent.CompletableFuture@4701ec98[Not completed]
2025-03-10 14:58:45,530 [24343a3a-85a1-4b3d-bed0-d5c89a70db02-groupManagement] INFO  server.RaftServer$Division (RaftServerImpl.java:<init>(255)) - 24343a3a-85a1-4b3d-bed0-d5c89a70db02: new RaftServerImpl for group-843A714FA3E3:[24343a3a-85a1-4b3d-bed0-d5c89a70db02|127.0.0.1:15034] with ContainerStateMachine:uninitialized
2025-03-10 14:58:45,530 [24343a3a-85a1-4b3d-bed0-d5c89a70db02-groupManagement] INFO  server.RaftServerConfigKeys (ConfUtils.java:logGet(46)) - raft.server.rpc.timeout.min = 5s (custom)
2025-03-10 14:58:45,530 [24343a3a-85a1-4b3d-bed0-d5c89a70db02-groupManagement] INFO  server.RaftServerConfigKeys (ConfUtils.java:logGet(46)) - raft.server.rpc.timeout.max = 5200ms (custom)
2025-03-10 14:58:45,530 [24343a3a-85a1-4b3d-bed0-d5c89a70db02-groupManagement] INFO  server.RaftServerConfigKeys (ConfUtils.java:logGet(46)) - raft.server.rpc.sleep.time = 25ms (default)
2025-03-10 14:58:45,530 [24343a3a-85a1-4b3d-bed0-d5c89a70db02-groupManagement] INFO  server.RaftServerConfigKeys (ConfUtils.java:logGet(46)) - raft.server.rpc.slowness.timeout = 300s (custom)
2025-03-10 14:58:45,530 [24343a3a-85a1-4b3d-bed0-d5c89a70db02-groupManagement] INFO  server.RaftServerConfigKeys (ConfUtils.java:logGet(46)) - raft.server.leaderelection.leader.step-down.wait-time = 10s (default)
2025-03-10 14:58:45,530 [24343a3a-85a1-4b3d-bed0-d5c89a70db02-groupManagement] INFO  server.RaftServerConfigKeys (ConfUtils.java:logGet(46)) - raft.server.leaderelection.member.majority-add = false (default)
2025-03-10 14:58:45,530 [24343a3a-85a1-4b3d-bed0-d5c89a70db02-groupManagement] INFO  server.RaftServerConfigKeys (ConfUtils.java:logGet(46)) - raft.server.sleep.deviation.threshold = 300ms (default)
2025-03-10 14:58:45,531 [24343a3a-85a1-4b3d-bed0-d5c89a70db02-groupManagement] INFO  server.RaftServer$Division (ServerState.java:<init>(114)) - 24343a3a-85a1-4b3d-bed0-d5c89a70db02@group-843A714FA3E3: ConfigurationManager, init=conf: {index: -1, cur=peers:[24343a3a-85a1-4b3d-bed0-d5c89a70db02|127.0.0.1:15034]|listeners:[], old=null}, confs=<EMPTY_MAP>
2025-03-10 14:58:45,531 [24343a3a-85a1-4b3d-bed0-d5c89a70db02-groupManagement] INFO  server.RaftServerConfigKeys (ConfUtils.java:logGet(46)) - raft.server.notification.no-leader.timeout = 300s (custom)
2025-03-10 14:58:45,531 [24343a3a-85a1-4b3d-bed0-d5c89a70db02-groupManagement] INFO  server.RaftServerConfigKeys (ConfUtils.java:logGet(46)) - raft.server.read.timeout = 10s (default)
2025-03-10 14:58:45,531 [24343a3a-85a1-4b3d-bed0-d5c89a70db02-groupManagement] INFO  server.RaftServerConfigKeys (ConfUtils.java:logGet(46)) - raft.server.retrycache.expirytime = 600000ms (custom)
2025-03-10 14:58:45,531 [24343a3a-85a1-4b3d-bed0-d5c89a70db02-groupManagement] INFO  server.RaftServerConfigKeys (ConfUtils.java:logGet(46)) - raft.server.retrycache.statistics.expirytime = 100ms (default)
2025-03-10 14:58:45,531 [24343a3a-85a1-4b3d-bed0-d5c89a70db02-groupManagement] INFO  server.RaftServerConfigKeys (ConfUtils.java:logGet(46)) - raft.server.read.option = DEFAULT (default)
2025-03-10 14:58:45,531 [24343a3a-85a1-4b3d-bed0-d5c89a70db02-groupManagement] INFO  server.RaftServerConfigKeys (ConfUtils.java:logGet(46)) - raft.server.read.read-after-write-consistent.write-index-cache.expiry-time = 60s (default)
2025-03-10 14:58:45,531 [grpc-default-executor-0] INFO  server.RaftServer (RaftServerProxy.java:addNew(100)) - 24343a3a-85a1-4b3d-bed0-d5c89a70db02: addNew group-037D493794B6:[bb41d03f-9ea0-4e3b-80d9-0852d4352e0e|127.0.0.1:15016, cd975088-a4e1-4d6c-8217-e67620ac7c17|127.0.0.1:15025, 24343a3a-85a1-4b3d-bed0-d5c89a70db02|127.0.0.1:15034] returns group-037D493794B6:java.util.concurrent.CompletableFuture@65ad21bc[Not completed]
2025-03-10 14:58:45,533 [main] INFO  ozone.MiniOzoneClusterImpl (MiniOzoneClusterImpl.java:lambda$waitForClusterToBeReady$0(208)) - Nodes are ready. Got 3 of 3 DN Heartbeats.
2025-03-10 14:58:45,533 [main] INFO  ozone.MiniOzoneClusterImpl (MiniOzoneClusterImpl.java:lambda$waitForClusterToBeReady$0(211)) - Waiting for cluster to exit safe mode
2025-03-10 14:58:45,533 [main] INFO  ozone.MiniOzoneClusterImpl (MiniOzoneClusterImpl.java:lambda$waitForClusterToBeReady$0(213)) - SCM became leader
2025-03-10 14:58:45,538 [24343a3a-85a1-4b3d-bed0-d5c89a70db02-groupManagement] INFO  server.RaftServerConfigKeys (ConfUtils.java:logGet(46)) - raft.server.rpc.request.timeout = 60s (custom)
2025-03-10 14:58:45,538 [24343a3a-85a1-4b3d-bed0-d5c89a70db02-groupManagement] INFO  server.RaftServerConfigKeys (ConfUtils.java:logGet(46)) - raft.server.log.appender.install.snapshot.enabled = false (custom)
2025-03-10 14:58:45,539 [24343a3a-85a1-4b3d-bed0-d5c89a70db02-groupManagement] INFO  server.RaftServerConfigKeys (ConfUtils.java:logGet(46)) - raft.server.threadpool.server.cached = true (default)
2025-03-10 14:58:45,539 [24343a3a-85a1-4b3d-bed0-d5c89a70db02-groupManagement] INFO  server.RaftServerConfigKeys (ConfUtils.java:logGet(46)) - raft.server.threadpool.server.size = 0 (default)
2025-03-10 14:58:45,539 [24343a3a-85a1-4b3d-bed0-d5c89a70db02-groupManagement] INFO  server.RaftServerConfigKeys (ConfUtils.java:logGet(46)) - raft.server.threadpool.client.cached = true (default)
2025-03-10 14:58:45,540 [24343a3a-85a1-4b3d-bed0-d5c89a70db02-groupManagement] INFO  server.RaftServerConfigKeys (ConfUtils.java:logGet(46)) - raft.server.threadpool.client.size = 0 (default)
2025-03-10 14:58:45,542 [24343a3a-85a1-4b3d-bed0-d5c89a70db02-groupManagement] INFO  server.RaftServer$Division (RaftServerImpl.java:<init>(255)) - 24343a3a-85a1-4b3d-bed0-d5c89a70db02: new RaftServerImpl for group-037D493794B6:[bb41d03f-9ea0-4e3b-80d9-0852d4352e0e|127.0.0.1:15016, cd975088-a4e1-4d6c-8217-e67620ac7c17|127.0.0.1:15025, 24343a3a-85a1-4b3d-bed0-d5c89a70db02|127.0.0.1:15034] with ContainerStateMachine:uninitialized
2025-03-10 14:58:45,543 [24343a3a-85a1-4b3d-bed0-d5c89a70db02-groupManagement] INFO  server.RaftServerConfigKeys (ConfUtils.java:logGet(46)) - raft.server.rpc.timeout.min = 5s (custom)
2025-03-10 14:58:45,543 [24343a3a-85a1-4b3d-bed0-d5c89a70db02-groupManagement] INFO  server.RaftServerConfigKeys (ConfUtils.java:logGet(46)) - raft.server.rpc.timeout.max = 5200ms (custom)
2025-03-10 14:58:45,543 [24343a3a-85a1-4b3d-bed0-d5c89a70db02-groupManagement] INFO  server.RaftServerConfigKeys (ConfUtils.java:logGet(46)) - raft.server.rpc.sleep.time = 25ms (default)
2025-03-10 14:58:45,543 [24343a3a-85a1-4b3d-bed0-d5c89a70db02-groupManagement] INFO  server.RaftServerConfigKeys (ConfUtils.java:logGet(46)) - raft.server.rpc.slowness.timeout = 300s (custom)
2025-03-10 14:58:45,543 [24343a3a-85a1-4b3d-bed0-d5c89a70db02-groupManagement] INFO  server.RaftServerConfigKeys (ConfUtils.java:logGet(46)) - raft.server.leaderelection.leader.step-down.wait-time = 10s (default)
2025-03-10 14:58:45,543 [24343a3a-85a1-4b3d-bed0-d5c89a70db02-groupManagement] INFO  server.RaftServerConfigKeys (ConfUtils.java:logGet(46)) - raft.server.leaderelection.member.majority-add = false (default)
2025-03-10 14:58:45,543 [24343a3a-85a1-4b3d-bed0-d5c89a70db02-groupManagement] INFO  server.RaftServerConfigKeys (ConfUtils.java:logGet(46)) - raft.server.sleep.deviation.threshold = 300ms (default)
2025-03-10 14:58:45,543 [24343a3a-85a1-4b3d-bed0-d5c89a70db02-groupManagement] INFO  server.RaftServer$Division (ServerState.java:<init>(114)) - 24343a3a-85a1-4b3d-bed0-d5c89a70db02@group-037D493794B6: ConfigurationManager, init=conf: {index: -1, cur=peers:[bb41d03f-9ea0-4e3b-80d9-0852d4352e0e|127.0.0.1:15016, cd975088-a4e1-4d6c-8217-e67620ac7c17|127.0.0.1:15025, 24343a3a-85a1-4b3d-bed0-d5c89a70db02|127.0.0.1:15034]|listeners:[], old=null}, confs=<EMPTY_MAP>
2025-03-10 14:58:45,543 [24343a3a-85a1-4b3d-bed0-d5c89a70db02-groupManagement] INFO  server.RaftServerConfigKeys (ConfUtils.java:logGet(46)) - raft.server.notification.no-leader.timeout = 300s (custom)
2025-03-10 14:58:45,543 [24343a3a-85a1-4b3d-bed0-d5c89a70db02-groupManagement] INFO  server.RaftServerConfigKeys (ConfUtils.java:logGet(46)) - raft.server.read.timeout = 10s (default)
2025-03-10 14:58:45,543 [24343a3a-85a1-4b3d-bed0-d5c89a70db02-groupManagement] INFO  server.RaftServerConfigKeys (ConfUtils.java:logGet(46)) - raft.server.retrycache.expirytime = 600000ms (custom)
2025-03-10 14:58:45,543 [24343a3a-85a1-4b3d-bed0-d5c89a70db02-groupManagement] INFO  server.RaftServerConfigKeys (ConfUtils.java:logGet(46)) - raft.server.retrycache.statistics.expirytime = 100ms (default)
2025-03-10 14:58:45,543 [24343a3a-85a1-4b3d-bed0-d5c89a70db02-groupManagement] INFO  server.RaftServerConfigKeys (ConfUtils.java:logGet(46)) - raft.server.read.option = DEFAULT (default)
2025-03-10 14:58:45,543 [24343a3a-85a1-4b3d-bed0-d5c89a70db02-groupManagement] INFO  server.RaftServerConfigKeys (ConfUtils.java:logGet(46)) - raft.server.read.read-after-write-consistent.write-index-cache.expiry-time = 60s (default)
2025-03-10 14:58:45,547 [24343a3a-85a1-4b3d-bed0-d5c89a70db02-groupManagement] INFO  server.RaftServerConfigKeys (ConfUtils.java:logGet(46)) - raft.server.rpc.request.timeout = 60s (custom)
2025-03-10 14:58:45,548 [24343a3a-85a1-4b3d-bed0-d5c89a70db02-groupManagement] INFO  server.RaftServerConfigKeys (ConfUtils.java:logGet(46)) - raft.server.log.appender.install.snapshot.enabled = false (custom)
2025-03-10 14:58:45,548 [24343a3a-85a1-4b3d-bed0-d5c89a70db02-groupManagement] INFO  server.RaftServerConfigKeys (ConfUtils.java:logGet(46)) - raft.server.threadpool.server.cached = true (default)
2025-03-10 14:58:45,548 [bb41d03f-9ea0-4e3b-80d9-0852d4352e0e-PipelineCommandHandlerThread-0] INFO  commandhandler.CreatePipelineCommandHandler (CreatePipelineCommandHandler.java:lambda$handle$2(128)) - Created Pipeline RATIS THREE PipelineID=ac153af9-1e85-4974-beea-037d493794b6.
2025-03-10 14:58:45,549 [24343a3a-85a1-4b3d-bed0-d5c89a70db02-groupManagement] INFO  server.RaftServerConfigKeys (ConfUtils.java:logGet(46)) - raft.server.threadpool.server.size = 0 (default)
2025-03-10 14:58:45,549 [24343a3a-85a1-4b3d-bed0-d5c89a70db02-groupManagement] INFO  server.RaftServerConfigKeys (ConfUtils.java:logGet(46)) - raft.server.threadpool.client.cached = true (default)
2025-03-10 14:58:45,549 [24343a3a-85a1-4b3d-bed0-d5c89a70db02-groupManagement] INFO  server.RaftServerConfigKeys (ConfUtils.java:logGet(46)) - raft.server.threadpool.client.size = 0 (default)
2025-03-10 14:58:45,549 [24343a3a-85a1-4b3d-bed0-d5c89a70db02-groupManagement] INFO  server.RaftServerConfigKeys (ConfUtils.java:logGet(46)) - raft.server.storage.free-space.min = 0MB (=0) (default)
2025-03-10 14:58:45,549 [24343a3a-85a1-4b3d-bed0-d5c89a70db02-groupManagement] INFO  server.RaftServerConfigKeys (ConfUtils.java:logGet(46)) - raft.server.log.corruption.policy = EXCEPTION (default)
2025-03-10 14:58:45,550 [24343a3a-85a1-4b3d-bed0-d5c89a70db02-groupManagement] INFO  server.RaftServerConfigKeys (ConfUtils.java:logGet(46)) - raft.server.storage.dir = [/home/runner/work/ozone/ozone/hadoop-ozone/integration-test/target/test-dir/MiniOzoneClusterImpl-c1e049f0-9043-4314-b8f3-2460433eb1a0/ozone-meta/datanode-3/ratis] (custom)
2025-03-10 14:58:45,550 [24343a3a-85a1-4b3d-bed0-d5c89a70db02-groupManagement] INFO  storage.RaftStorageDirectory (RaftStorageDirectoryImpl.java:analyzeStorage(138)) - The storage directory /home/runner/work/ozone/ozone/hadoop-ozone/integration-test/target/test-dir/MiniOzoneClusterImpl-c1e049f0-9043-4314-b8f3-2460433eb1a0/ozone-meta/datanode-3/ratis/6244250d-c605-4b83-adc1-843a714fa3e3 does not exist. Creating ...
2025-03-10 14:58:45,551 [24343a3a-85a1-4b3d-bed0-d5c89a70db02-groupManagement] INFO  storage.RaftStorageDirectory (RaftStorageDirectoryImpl.java:tryLock(229)) - Lock on /home/runner/work/ozone/ozone/hadoop-ozone/integration-test/target/test-dir/MiniOzoneClusterImpl-c1e049f0-9043-4314-b8f3-2460433eb1a0/ozone-meta/datanode-3/ratis/6244250d-c605-4b83-adc1-843a714fa3e3/in_use.lock acquired by nodename 139316@fv-az1384-231
2025-03-10 14:58:45,552 [24343a3a-85a1-4b3d-bed0-d5c89a70db02-groupManagement] INFO  storage.RaftStorage (RaftStorageImpl.java:format(98)) - Storage directory /home/runner/work/ozone/ozone/hadoop-ozone/integration-test/target/test-dir/MiniOzoneClusterImpl-c1e049f0-9043-4314-b8f3-2460433eb1a0/ozone-meta/datanode-3/ratis/6244250d-c605-4b83-adc1-843a714fa3e3 has been successfully formatted.
2025-03-10 14:58:45,553 [24343a3a-85a1-4b3d-bed0-d5c89a70db02-groupManagement] INFO  ratis.ContainerStateMachine (ContainerStateMachine.java:initialize(308)) - 24343a3a-85a1-4b3d-bed0-d5c89a70db02: initialize group-843A714FA3E3
2025-03-10 14:58:45,553 [24343a3a-85a1-4b3d-bed0-d5c89a70db02-groupManagement] INFO  ratis.ContainerStateMachine (ContainerStateMachine.java:loadSnapshot(316)) - group-843A714FA3E3: The snapshot info is null. Setting the last applied index to:(t:0, i:~)
2025-03-10 14:58:45,554 [24343a3a-85a1-4b3d-bed0-d5c89a70db02-groupManagement] INFO  server.RaftServerConfigKeys (ConfUtils.java:logGet(46)) - raft.server.log.use.memory = false (default)
2025-03-10 14:58:45,554 [24343a3a-85a1-4b3d-bed0-d5c89a70db02-groupManagement] INFO  server.RaftServerConfigKeys (ConfUtils.java:logGet(46)) - raft.server.log.purge.gap = 1000000 (custom)
2025-03-10 14:58:45,554 [24343a3a-85a1-4b3d-bed0-d5c89a70db02-groupManagement] INFO  server.RaftServerConfigKeys (ConfUtils.java:logGet(46)) - raft.server.log.appender.buffer.byte-limit = 33554432 (custom)
2025-03-10 14:58:45,554 [24343a3a-85a1-4b3d-bed0-d5c89a70db02-groupManagement] INFO  server.RaftServerConfigKeys (ConfUtils.java:logGet(46)) - raft.server.log.statemachine.data.read.timeout = 1000ms (default)
2025-03-10 14:58:45,554 [24343a3a-85a1-4b3d-bed0-d5c89a70db02-groupManagement] INFO  server.RaftServerConfigKeys (ConfUtils.java:logGet(46)) - raft.server.log.purge.preservation.log.num = 0 (default)
2025-03-10 14:58:45,556 [24343a3a-85a1-4b3d-bed0-d5c89a70db02-groupManagement] INFO  server.RaftServerConfigKeys (ConfUtils.java:logGet(46)) - raft.server.log.segment.size.max = 67108864 (custom)
2025-03-10 14:58:45,557 [24343a3a-85a1-4b3d-bed0-d5c89a70db02-groupManagement] INFO  server.RaftServerConfigKeys (ConfUtils.java:logGet(46)) - raft.server.log.segment.cache.num.max = 2 (custom)
2025-03-10 14:58:45,557 [24343a3a-85a1-4b3d-bed0-d5c89a70db02-groupManagement] INFO  server.RaftServerConfigKeys (ConfUtils.java:logGet(46)) - raft.server.log.segment.cache.size.max = 200MB (=209715200) (default)
2025-03-10 14:58:45,557 [24343a3a-85a1-4b3d-bed0-d5c89a70db02-groupManagement] INFO  server.RaftServerConfigKeys (ConfUtils.java:logGet(46)) - raft.server.log.appender.buffer.byte-limit = 33554432 (custom)
2025-03-10 14:58:45,558 [24343a3a-85a1-4b3d-bed0-d5c89a70db02-groupManagement] INFO  util.AwaitToRun (AwaitToRun.java:start(81)) - Thread[#778,24343a3a-85a1-4b3d-bed0-d5c89a70db02@group-843A714FA3E3-cacheEviction-AwaitToRun,5,main] started
2025-03-10 14:58:45,558 [24343a3a-85a1-4b3d-bed0-d5c89a70db02-groupManagement] INFO  segmented.SegmentedRaftLogWorker (SegmentedRaftLogWorker.java:<init>(188)) - new 24343a3a-85a1-4b3d-bed0-d5c89a70db02@group-843A714FA3E3-SegmentedRaftLogWorker for RaftStorageImpl:Storage Directory /home/runner/work/ozone/ozone/hadoop-ozone/integration-test/target/test-dir/MiniOzoneClusterImpl-c1e049f0-9043-4314-b8f3-2460433eb1a0/ozone-meta/datanode-3/ratis/6244250d-c605-4b83-adc1-843a714fa3e3
2025-03-10 14:58:45,558 [768f1ebc-c18b-41d5-9534-8f528a8c3722@group-2460433EB1A0-StateMachineUpdater] INFO  safemode.HealthyPipelineSafeModeRule (HealthyPipelineSafeModeRule.java:initializeRule(174)) - Refreshed total pipeline count is 0, healthy pipeline threshold count is 1
2025-03-10 14:58:45,558 [24343a3a-85a1-4b3d-bed0-d5c89a70db02-groupManagement] INFO  server.RaftServerConfigKeys (ConfUtils.java:logGet(46)) - raft.server.log.queue.byte-limit = 4294967296 (custom)
2025-03-10 14:58:45,558 [24343a3a-85a1-4b3d-bed0-d5c89a70db02-groupManagement] INFO  server.RaftServerConfigKeys (ConfUtils.java:logGet(46)) - raft.server.log.queue.element-limit = 1024 (custom)
2025-03-10 14:58:45,559 [24343a3a-85a1-4b3d-bed0-d5c89a70db02-groupManagement] INFO  server.RaftServerConfigKeys (ConfUtils.java:logGet(46)) - raft.server.log.segment.size.max = 67108864 (custom)
2025-03-10 14:58:45,559 [24343a3a-85a1-4b3d-bed0-d5c89a70db02-groupManagement] INFO  server.RaftServerConfigKeys (ConfUtils.java:logGet(46)) - raft.server.log.preallocated.size = 4194304 (custom)
2025-03-10 14:58:45,559 [24343a3a-85a1-4b3d-bed0-d5c89a70db02-groupManagement] INFO  server.RaftServerConfigKeys (ConfUtils.java:logGet(46)) - raft.server.log.force.sync.num = 128 (default)
2025-03-10 14:58:45,559 [24343a3a-85a1-4b3d-bed0-d5c89a70db02-groupManagement] INFO  server.RaftServerConfigKeys (ConfUtils.java:logGet(46)) - raft.server.log.statemachine.data.sync = true (default)
2025-03-10 14:58:45,559 [24343a3a-85a1-4b3d-bed0-d5c89a70db02-groupManagement] INFO  server.RaftServerConfigKeys (ConfUtils.java:logGet(46)) - raft.server.log.statemachine.data.sync.timeout = 10s (default)
2025-03-10 14:58:45,559 [24343a3a-85a1-4b3d-bed0-d5c89a70db02-groupManagement] INFO  server.RaftServerConfigKeys (ConfUtils.java:logGet(46)) - raft.server.log.statemachine.data.sync.timeout.retry = 30 (custom)
2025-03-10 14:58:45,559 [EventQueue-PipelineReportForPipelineReportHandler] INFO  pipeline.PipelineReportHandler (PipelineReportHandler.java:processPipelineReport(139)) - Opened pipeline PipelineID=6244250d-c605-4b83-adc1-843a714fa3e3
2025-03-10 14:58:45,559 [EventQueue-OpenPipelineForHealthyPipelineSafeModeRule] INFO  safemode.SCMSafeModeManager (HealthyPipelineSafeModeRule.java:process(141)) - SCM in safe mode. Healthy pipelines reported count is 0, required healthy pipeline reported count is 1
2025-03-10 14:58:45,560 [24343a3a-85a1-4b3d-bed0-d5c89a70db02-groupManagement] INFO  server.RaftServerConfigKeys (ConfUtils.java:logGet(46)) - raft.server.log.write.buffer.size = 33554440 (custom)
2025-03-10 14:58:45,566 [24343a3a-85a1-4b3d-bed0-d5c89a70db02-groupManagement] INFO  server.RaftServerConfigKeys (ConfUtils.java:logGet(46)) - raft.server.log.appender.buffer.byte-limit = 33554432 (custom)
2025-03-10 14:58:45,566 [24343a3a-85a1-4b3d-bed0-d5c89a70db02-groupManagement] INFO  server.RaftServerConfigKeys (ConfUtils.java:logGet(46)) - raft.server.log.unsafe-flush.enabled = false (default)
2025-03-10 14:58:45,566 [24343a3a-85a1-4b3d-bed0-d5c89a70db02-groupManagement] INFO  server.RaftServerConfigKeys (ConfUtils.java:logGet(46)) - raft.server.log.async-flush.enabled = false (default)
2025-03-10 14:58:45,566 [24343a3a-85a1-4b3d-bed0-d5c89a70db02-groupManagement] INFO  server.RaftServerConfigKeys (ConfUtils.java:logGet(46)) - raft.server.log.statemachine.data.caching.enabled = true (custom)
2025-03-10 14:58:45,567 [24343a3a-85a1-4b3d-bed0-d5c89a70db02-groupManagement] INFO  segmented.SegmentedRaftLogWorker (SegmentedRaftLogWorker.java:lambda$new$0(139)) - 24343a3a-85a1-4b3d-bed0-d5c89a70db02@group-843A714FA3E3-SegmentedRaftLogWorker: flushIndex: setUnconditionally 0 -> -1
2025-03-10 14:58:45,567 [24343a3a-85a1-4b3d-bed0-d5c89a70db02-groupManagement] INFO  segmented.SegmentedRaftLogWorker (SegmentedRaftLogWorker.java:lambda$new$0(139)) - 24343a3a-85a1-4b3d-bed0-d5c89a70db02@group-843A714FA3E3-SegmentedRaftLogWorker: safeCacheEvictIndex: setUnconditionally 0 -> -1
2025-03-10 14:58:45,567 [24343a3a-85a1-4b3d-bed0-d5c89a70db02-groupManagement] INFO  server.RaftServer$Division (RaftServerImpl.java:start(391)) - 24343a3a-85a1-4b3d-bed0-d5c89a70db02@group-843A714FA3E3: start as a follower, conf=conf: {index: -1, cur=peers:[24343a3a-85a1-4b3d-bed0-d5c89a70db02|127.0.0.1:15034]|listeners:[], old=null}
2025-03-10 14:58:45,567 [24343a3a-85a1-4b3d-bed0-d5c89a70db02-groupManagement] INFO  server.RaftServer$Division (RaftServerImpl.java:setRole(378)) - 24343a3a-85a1-4b3d-bed0-d5c89a70db02@group-843A714FA3E3: changes role from      null to FOLLOWER at term 0 for startAsFollower
2025-03-10 14:58:45,567 [24343a3a-85a1-4b3d-bed0-d5c89a70db02-groupManagement] INFO  impl.RoleInfo (RoleInfo.java:updateAndGet(148)) - 24343a3a-85a1-4b3d-bed0-d5c89a70db02: start 24343a3a-85a1-4b3d-bed0-d5c89a70db02@group-843A714FA3E3-FollowerState
2025-03-10 14:58:45,568 [24343a3a-85a1-4b3d-bed0-d5c89a70db02@group-843A714FA3E3-FollowerState] INFO  server.RaftServerConfigKeys (ConfUtils.java:logFallback(53)) - raft.server.rpc.first-election.timeout.min = 5s (fallback to raft.server.rpc.timeout.min)
2025-03-10 14:58:45,568 [24343a3a-85a1-4b3d-bed0-d5c89a70db02@group-843A714FA3E3-FollowerState] INFO  server.RaftServerConfigKeys (ConfUtils.java:logFallback(53)) - raft.server.rpc.first-election.timeout.max = 5200ms (fallback to raft.server.rpc.timeout.max)
2025-03-10 14:58:45,568 [24343a3a-85a1-4b3d-bed0-d5c89a70db02-groupManagement] INFO  util.JmxRegister (JmxRegister.java:tryRegister(44)) - Successfully registered JMX Bean with object name Ratis:service=RaftServer,group=group-843A714FA3E3,id=24343a3a-85a1-4b3d-bed0-d5c89a70db02
2025-03-10 14:58:45,568 [24343a3a-85a1-4b3d-bed0-d5c89a70db02-groupManagement] INFO  util.JmxRegister (JmxRegister.java:register(58)) - register mxBean class org.apache.ratis.server.impl.RaftServerJmxAdapter as Ratis:service=RaftServer,group=group-843A714FA3E3,id=24343a3a-85a1-4b3d-bed0-d5c89a70db02
2025-03-10 14:58:45,568 [24343a3a-85a1-4b3d-bed0-d5c89a70db02-groupManagement] INFO  server.RaftServerConfigKeys (ConfUtils.java:logGet(46)) - raft.server.snapshot.trigger-when-stop.enabled = true (default)
2025-03-10 14:58:45,568 [24343a3a-85a1-4b3d-bed0-d5c89a70db02-groupManagement] INFO  server.RaftServerConfigKeys (ConfUtils.java:logGet(46)) - raft.server.snapshot.trigger-when-remove.enabled = true (default)
2025-03-10 14:58:45,569 [24343a3a-85a1-4b3d-bed0-d5c89a70db02-groupManagement] INFO  server.RaftServerConfigKeys (ConfUtils.java:logGet(46)) - raft.server.snapshot.auto.trigger.enabled = true (custom)
2025-03-10 14:58:45,569 [24343a3a-85a1-4b3d-bed0-d5c89a70db02-groupManagement] INFO  server.RaftServerConfigKeys (ConfUtils.java:logGet(46)) - raft.server.snapshot.auto.trigger.threshold = 100000 (custom)
2025-03-10 14:58:45,569 [24343a3a-85a1-4b3d-bed0-d5c89a70db02-groupManagement] INFO  server.RaftServerConfigKeys (ConfUtils.java:logGet(46)) - raft.server.snapshot.retention.file.num = 5 (custom)
2025-03-10 14:58:45,569 [24343a3a-85a1-4b3d-bed0-d5c89a70db02-groupManagement] INFO  server.RaftServerConfigKeys (ConfUtils.java:logGet(46)) - raft.server.log.purge.upto.snapshot.index = false (default)
2025-03-10 14:58:45,570 [24343a3a-85a1-4b3d-bed0-d5c89a70db02-groupManagement] INFO  server.RaftServer$Division (RaftServerImpl.java:start(405)) - 24343a3a-85a1-4b3d-bed0-d5c89a70db02@group-843A714FA3E3: Successfully started.
2025-03-10 14:58:45,570 [24343a3a-85a1-4b3d-bed0-d5c89a70db02-groupManagement] INFO  server.RaftServerConfigKeys (ConfUtils.java:logGet(46)) - raft.server.storage.free-space.min = 0MB (=0) (default)
2025-03-10 14:58:45,570 [24343a3a-85a1-4b3d-bed0-d5c89a70db02-groupManagement] INFO  server.RaftServerConfigKeys (ConfUtils.java:logGet(46)) - raft.server.log.corruption.policy = EXCEPTION (default)
2025-03-10 14:58:45,571 [24343a3a-85a1-4b3d-bed0-d5c89a70db02-groupManagement] INFO  server.RaftServerConfigKeys (ConfUtils.java:logGet(46)) - raft.server.storage.dir = [/home/runner/work/ozone/ozone/hadoop-ozone/integration-test/target/test-dir/MiniOzoneClusterImpl-c1e049f0-9043-4314-b8f3-2460433eb1a0/ozone-meta/datanode-3/ratis] (custom)
2025-03-10 14:58:45,571 [24343a3a-85a1-4b3d-bed0-d5c89a70db02-groupManagement] INFO  storage.RaftStorageDirectory (RaftStorageDirectoryImpl.java:analyzeStorage(138)) - The storage directory /home/runner/work/ozone/ozone/hadoop-ozone/integration-test/target/test-dir/MiniOzoneClusterImpl-c1e049f0-9043-4314-b8f3-2460433eb1a0/ozone-meta/datanode-3/ratis/ac153af9-1e85-4974-beea-037d493794b6 does not exist. Creating ...
2025-03-10 14:58:45,571 [24343a3a-85a1-4b3d-bed0-d5c89a70db02-PipelineCommandHandlerThread-0] INFO  ratis.XceiverServerRatis (XceiverServerRatis.java:addGroup(841)) - Created group PipelineID=6244250d-c605-4b83-adc1-843a714fa3e3
2025-03-10 14:58:45,571 [24343a3a-85a1-4b3d-bed0-d5c89a70db02-PipelineCommandHandlerThread-0] INFO  commandhandler.CreatePipelineCommandHandler (CreatePipelineCommandHandler.java:lambda$handle$2(128)) - Created Pipeline RATIS ONE PipelineID=6244250d-c605-4b83-adc1-843a714fa3e3.
2025-03-10 14:58:45,572 [24343a3a-85a1-4b3d-bed0-d5c89a70db02-groupManagement] INFO  storage.RaftStorageDirectory (RaftStorageDirectoryImpl.java:tryLock(229)) - Lock on /home/runner/work/ozone/ozone/hadoop-ozone/integration-test/target/test-dir/MiniOzoneClusterImpl-c1e049f0-9043-4314-b8f3-2460433eb1a0/ozone-meta/datanode-3/ratis/ac153af9-1e85-4974-beea-037d493794b6/in_use.lock acquired by nodename 139316@fv-az1384-231
2025-03-10 14:58:45,574 [24343a3a-85a1-4b3d-bed0-d5c89a70db02-groupManagement] INFO  storage.RaftStorage (RaftStorageImpl.java:format(98)) - Storage directory /home/runner/work/ozone/ozone/hadoop-ozone/integration-test/target/test-dir/MiniOzoneClusterImpl-c1e049f0-9043-4314-b8f3-2460433eb1a0/ozone-meta/datanode-3/ratis/ac153af9-1e85-4974-beea-037d493794b6 has been successfully formatted.
2025-03-10 14:58:45,574 [24343a3a-85a1-4b3d-bed0-d5c89a70db02-groupManagement] INFO  ratis.ContainerStateMachine (ContainerStateMachine.java:initialize(308)) - 24343a3a-85a1-4b3d-bed0-d5c89a70db02: initialize group-037D493794B6
2025-03-10 14:58:45,574 [24343a3a-85a1-4b3d-bed0-d5c89a70db02-groupManagement] INFO  ratis.ContainerStateMachine (ContainerStateMachine.java:loadSnapshot(316)) - group-037D493794B6: The snapshot info is null. Setting the last applied index to:(t:0, i:~)
2025-03-10 14:58:45,574 [24343a3a-85a1-4b3d-bed0-d5c89a70db02-groupManagement] INFO  server.RaftServerConfigKeys (ConfUtils.java:logGet(46)) - raft.server.log.use.memory = false (default)
2025-03-10 14:58:45,574 [24343a3a-85a1-4b3d-bed0-d5c89a70db02-groupManagement] INFO  server.RaftServerConfigKeys (ConfUtils.java:logGet(46)) - raft.server.log.purge.gap = 1000000 (custom)
2025-03-10 14:58:45,575 [24343a3a-85a1-4b3d-bed0-d5c89a70db02-groupManagement] INFO  server.RaftServerConfigKeys (ConfUtils.java:logGet(46)) - raft.server.log.appender.buffer.byte-limit = 33554432 (custom)
2025-03-10 14:58:45,575 [24343a3a-85a1-4b3d-bed0-d5c89a70db02-groupManagement] INFO  server.RaftServerConfigKeys (ConfUtils.java:logGet(46)) - raft.server.log.statemachine.data.read.timeout = 1000ms (default)
2025-03-10 14:58:45,575 [24343a3a-85a1-4b3d-bed0-d5c89a70db02-groupManagement] INFO  server.RaftServerConfigKeys (ConfUtils.java:logGet(46)) - raft.server.log.purge.preservation.log.num = 0 (default)
2025-03-10 14:58:45,576 [EventQueue-OpenPipelineForHealthyPipelineSafeModeRule] INFO  safemode.SCMSafeModeManager (HealthyPipelineSafeModeRule.java:process(141)) - SCM in safe mode. Healthy pipelines reported count is 0, required healthy pipeline reported count is 1
2025-03-10 14:58:45,576 [24343a3a-85a1-4b3d-bed0-d5c89a70db02-groupManagement] INFO  server.RaftServerConfigKeys (ConfUtils.java:logGet(46)) - raft.server.log.segment.size.max = 67108864 (custom)
2025-03-10 14:58:45,577 [24343a3a-85a1-4b3d-bed0-d5c89a70db02-groupManagement] INFO  server.RaftServerConfigKeys (ConfUtils.java:logGet(46)) - raft.server.log.segment.cache.num.max = 2 (custom)
2025-03-10 14:58:45,577 [24343a3a-85a1-4b3d-bed0-d5c89a70db02-groupManagement] INFO  server.RaftServerConfigKeys (ConfUtils.java:logGet(46)) - raft.server.log.segment.cache.size.max = 200MB (=209715200) (default)
2025-03-10 14:58:45,577 [24343a3a-85a1-4b3d-bed0-d5c89a70db02-groupManagement] INFO  server.RaftServerConfigKeys (ConfUtils.java:logGet(46)) - raft.server.log.appender.buffer.byte-limit = 33554432 (custom)
2025-03-10 14:58:45,578 [24343a3a-85a1-4b3d-bed0-d5c89a70db02-groupManagement] INFO  util.AwaitToRun (AwaitToRun.java:start(81)) - Thread[#782,24343a3a-85a1-4b3d-bed0-d5c89a70db02@group-037D493794B6-cacheEviction-AwaitToRun,5,main] started
2025-03-10 14:58:45,578 [24343a3a-85a1-4b3d-bed0-d5c89a70db02-groupManagement] INFO  segmented.SegmentedRaftLogWorker (SegmentedRaftLogWorker.java:<init>(188)) - new 24343a3a-85a1-4b3d-bed0-d5c89a70db02@group-037D493794B6-SegmentedRaftLogWorker for RaftStorageImpl:Storage Directory /home/runner/work/ozone/ozone/hadoop-ozone/integration-test/target/test-dir/MiniOzoneClusterImpl-c1e049f0-9043-4314-b8f3-2460433eb1a0/ozone-meta/datanode-3/ratis/ac153af9-1e85-4974-beea-037d493794b6
2025-03-10 14:58:45,578 [24343a3a-85a1-4b3d-bed0-d5c89a70db02-groupManagement] INFO  server.RaftServerConfigKeys (ConfUtils.java:logGet(46)) - raft.server.log.queue.byte-limit = 4294967296 (custom)
2025-03-10 14:58:45,578 [24343a3a-85a1-4b3d-bed0-d5c89a70db02-groupManagement] INFO  server.RaftServerConfigKeys (ConfUtils.java:logGet(46)) - raft.server.log.queue.element-limit = 1024 (custom)
2025-03-10 14:58:45,578 [24343a3a-85a1-4b3d-bed0-d5c89a70db02-groupManagement] INFO  server.RaftServerConfigKeys (ConfUtils.java:logGet(46)) - raft.server.log.segment.size.max = 67108864 (custom)
2025-03-10 14:58:45,578 [24343a3a-85a1-4b3d-bed0-d5c89a70db02-groupManagement] INFO  server.RaftServerConfigKeys (ConfUtils.java:logGet(46)) - raft.server.log.preallocated.size = 4194304 (custom)
2025-03-10 14:58:45,578 [24343a3a-85a1-4b3d-bed0-d5c89a70db02-groupManagement] INFO  server.RaftServerConfigKeys (ConfUtils.java:logGet(46)) - raft.server.log.force.sync.num = 128 (default)
2025-03-10 14:58:45,578 [24343a3a-85a1-4b3d-bed0-d5c89a70db02-groupManagement] INFO  server.RaftServerConfigKeys (ConfUtils.java:logGet(46)) - raft.server.log.statemachine.data.sync = true (default)
2025-03-10 14:58:45,578 [24343a3a-85a1-4b3d-bed0-d5c89a70db02-groupManagement] INFO  server.RaftServerConfigKeys (ConfUtils.java:logGet(46)) - raft.server.log.statemachine.data.sync.timeout = 10s (default)
2025-03-10 14:58:45,578 [24343a3a-85a1-4b3d-bed0-d5c89a70db02-groupManagement] INFO  server.RaftServerConfigKeys (ConfUtils.java:logGet(46)) - raft.server.log.statemachine.data.sync.timeout.retry = 30 (custom)
2025-03-10 14:58:45,579 [24343a3a-85a1-4b3d-bed0-d5c89a70db02-groupManagement] INFO  server.RaftServerConfigKeys (ConfUtils.java:logGet(46)) - raft.server.log.write.buffer.size = 33554440 (custom)
2025-03-10 14:58:45,584 [24343a3a-85a1-4b3d-bed0-d5c89a70db02-groupManagement] INFO  server.RaftServerConfigKeys (ConfUtils.java:logGet(46)) - raft.server.log.appender.buffer.byte-limit = 33554432 (custom)
2025-03-10 14:58:45,584 [24343a3a-85a1-4b3d-bed0-d5c89a70db02-groupManagement] INFO  server.RaftServerConfigKeys (ConfUtils.java:logGet(46)) - raft.server.log.unsafe-flush.enabled = false (default)
2025-03-10 14:58:45,584 [24343a3a-85a1-4b3d-bed0-d5c89a70db02-groupManagement] INFO  server.RaftServerConfigKeys (ConfUtils.java:logGet(46)) - raft.server.log.async-flush.enabled = false (default)
2025-03-10 14:58:45,585 [24343a3a-85a1-4b3d-bed0-d5c89a70db02-groupManagement] INFO  server.RaftServerConfigKeys (ConfUtils.java:logGet(46)) - raft.server.log.statemachine.data.caching.enabled = true (custom)
2025-03-10 14:58:45,585 [24343a3a-85a1-4b3d-bed0-d5c89a70db02-groupManagement] INFO  segmented.SegmentedRaftLogWorker (SegmentedRaftLogWorker.java:lambda$new$0(139)) - 24343a3a-85a1-4b3d-bed0-d5c89a70db02@group-037D493794B6-SegmentedRaftLogWorker: flushIndex: setUnconditionally 0 -> -1
2025-03-10 14:58:45,585 [24343a3a-85a1-4b3d-bed0-d5c89a70db02-groupManagement] INFO  segmented.SegmentedRaftLogWorker (SegmentedRaftLogWorker.java:lambda$new$0(139)) - 24343a3a-85a1-4b3d-bed0-d5c89a70db02@group-037D493794B6-SegmentedRaftLogWorker: safeCacheEvictIndex: setUnconditionally 0 -> -1
2025-03-10 14:58:45,585 [24343a3a-85a1-4b3d-bed0-d5c89a70db02-groupManagement] INFO  server.RaftServer$Division (RaftServerImpl.java:start(391)) - 24343a3a-85a1-4b3d-bed0-d5c89a70db02@group-037D493794B6: start as a follower, conf=conf: {index: -1, cur=peers:[bb41d03f-9ea0-4e3b-80d9-0852d4352e0e|127.0.0.1:15016, cd975088-a4e1-4d6c-8217-e67620ac7c17|127.0.0.1:15025, 24343a3a-85a1-4b3d-bed0-d5c89a70db02|127.0.0.1:15034]|listeners:[], old=null}
2025-03-10 14:58:45,585 [24343a3a-85a1-4b3d-bed0-d5c89a70db02-groupManagement] INFO  server.RaftServer$Division (RaftServerImpl.java:setRole(378)) - 24343a3a-85a1-4b3d-bed0-d5c89a70db02@group-037D493794B6: changes role from      null to FOLLOWER at term 0 for startAsFollower
2025-03-10 14:58:45,585 [24343a3a-85a1-4b3d-bed0-d5c89a70db02-groupManagement] INFO  impl.RoleInfo (RoleInfo.java:updateAndGet(148)) - 24343a3a-85a1-4b3d-bed0-d5c89a70db02: start 24343a3a-85a1-4b3d-bed0-d5c89a70db02@group-037D493794B6-FollowerState
2025-03-10 14:58:45,586 [24343a3a-85a1-4b3d-bed0-d5c89a70db02@group-037D493794B6-FollowerState] INFO  server.RaftServerConfigKeys (ConfUtils.java:logFallback(53)) - raft.server.rpc.first-election.timeout.min = 5s (fallback to raft.server.rpc.timeout.min)
2025-03-10 14:58:45,586 [24343a3a-85a1-4b3d-bed0-d5c89a70db02@group-037D493794B6-FollowerState] INFO  server.RaftServerConfigKeys (ConfUtils.java:logFallback(53)) - raft.server.rpc.first-election.timeout.max = 5200ms (fallback to raft.server.rpc.timeout.max)
2025-03-10 14:58:45,586 [24343a3a-85a1-4b3d-bed0-d5c89a70db02-groupManagement] INFO  util.JmxRegister (JmxRegister.java:tryRegister(44)) - Successfully registered JMX Bean with object name Ratis:service=RaftServer,group=group-037D493794B6,id=24343a3a-85a1-4b3d-bed0-d5c89a70db02
2025-03-10 14:58:45,586 [24343a3a-85a1-4b3d-bed0-d5c89a70db02-groupManagement] INFO  util.JmxRegister (JmxRegister.java:register(58)) - register mxBean class org.apache.ratis.server.impl.RaftServerJmxAdapter as Ratis:service=RaftServer,group=group-037D493794B6,id=24343a3a-85a1-4b3d-bed0-d5c89a70db02
2025-03-10 14:58:45,586 [24343a3a-85a1-4b3d-bed0-d5c89a70db02-groupManagement] INFO  server.RaftServerConfigKeys (ConfUtils.java:logGet(46)) - raft.server.snapshot.trigger-when-stop.enabled = true (default)
2025-03-10 14:58:45,586 [24343a3a-85a1-4b3d-bed0-d5c89a70db02-groupManagement] INFO  server.RaftServerConfigKeys (ConfUtils.java:logGet(46)) - raft.server.snapshot.trigger-when-remove.enabled = true (default)
2025-03-10 14:58:45,586 [24343a3a-85a1-4b3d-bed0-d5c89a70db02-groupManagement] INFO  server.RaftServerConfigKeys (ConfUtils.java:logGet(46)) - raft.server.snapshot.auto.trigger.enabled = true (custom)
2025-03-10 14:58:45,586 [24343a3a-85a1-4b3d-bed0-d5c89a70db02-groupManagement] INFO  server.RaftServerConfigKeys (ConfUtils.java:logGet(46)) - raft.server.snapshot.auto.trigger.threshold = 100000 (custom)
2025-03-10 14:58:45,586 [24343a3a-85a1-4b3d-bed0-d5c89a70db02-groupManagement] INFO  server.RaftServerConfigKeys (ConfUtils.java:logGet(46)) - raft.server.snapshot.retention.file.num = 5 (custom)
2025-03-10 14:58:45,587 [24343a3a-85a1-4b3d-bed0-d5c89a70db02-groupManagement] INFO  server.RaftServerConfigKeys (ConfUtils.java:logGet(46)) - raft.server.log.purge.upto.snapshot.index = false (default)
2025-03-10 14:58:45,587 [24343a3a-85a1-4b3d-bed0-d5c89a70db02-groupManagement] INFO  server.RaftServer$Division (RaftServerImpl.java:start(405)) - 24343a3a-85a1-4b3d-bed0-d5c89a70db02@group-037D493794B6: Successfully started.
2025-03-10 14:58:45,604 [cd975088-a4e1-4d6c-8217-e67620ac7c17-PipelineCommandHandlerThread-0] INFO  commandhandler.CreatePipelineCommandHandler (CreatePipelineCommandHandler.java:lambda$handle$2(128)) - Created Pipeline RATIS THREE PipelineID=ac153af9-1e85-4974-beea-037d493794b6.
2025-03-10 14:58:46,534 [main] INFO  ozone.MiniOzoneClusterImpl (MiniOzoneClusterImpl.java:lambda$waitForClusterToBeReady$0(208)) - Nodes are ready. Got 3 of 3 DN Heartbeats.
2025-03-10 14:58:46,534 [main] INFO  ozone.MiniOzoneClusterImpl (MiniOzoneClusterImpl.java:lambda$waitForClusterToBeReady$0(211)) - Waiting for cluster to exit safe mode
2025-03-10 14:58:46,534 [main] INFO  ozone.MiniOzoneClusterImpl (MiniOzoneClusterImpl.java:lambda$waitForClusterToBeReady$0(213)) - SCM became leader
2025-03-10 14:58:47,534 [main] INFO  ozone.MiniOzoneClusterImpl (MiniOzoneClusterImpl.java:lambda$waitForClusterToBeReady$0(208)) - Nodes are ready. Got 3 of 3 DN Heartbeats.
2025-03-10 14:58:47,535 [main] INFO  ozone.MiniOzoneClusterImpl (MiniOzoneClusterImpl.java:lambda$waitForClusterToBeReady$0(211)) - Waiting for cluster to exit safe mode
2025-03-10 14:58:47,535 [main] INFO  ozone.MiniOzoneClusterImpl (MiniOzoneClusterImpl.java:lambda$waitForClusterToBeReady$0(213)) - SCM became leader
2025-03-10 14:58:48,535 [main] INFO  ozone.MiniOzoneClusterImpl (MiniOzoneClusterImpl.java:lambda$waitForClusterToBeReady$0(208)) - Nodes are ready. Got 3 of 3 DN Heartbeats.
2025-03-10 14:58:48,535 [main] INFO  ozone.MiniOzoneClusterImpl (MiniOzoneClusterImpl.java:lambda$waitForClusterToBeReady$0(211)) - Waiting for cluster to exit safe mode
2025-03-10 14:58:48,535 [main] INFO  ozone.MiniOzoneClusterImpl (MiniOzoneClusterImpl.java:lambda$waitForClusterToBeReady$0(213)) - SCM became leader
2025-03-10 14:58:49,536 [main] INFO  ozone.MiniOzoneClusterImpl (MiniOzoneClusterImpl.java:lambda$waitForClusterToBeReady$0(208)) - Nodes are ready. Got 3 of 3 DN Heartbeats.
2025-03-10 14:58:49,536 [main] INFO  ozone.MiniOzoneClusterImpl (MiniOzoneClusterImpl.java:lambda$waitForClusterToBeReady$0(211)) - Waiting for cluster to exit safe mode
2025-03-10 14:58:49,536 [main] INFO  ozone.MiniOzoneClusterImpl (MiniOzoneClusterImpl.java:lambda$waitForClusterToBeReady$0(213)) - SCM became leader
2025-03-10 14:58:50,177 [bb41d03f-9ea0-4e3b-80d9-0852d4352e0e@group-383D71F6AB9C-FollowerState] INFO  impl.FollowerState (FollowerState.java:runImpl(161)) - bb41d03f-9ea0-4e3b-80d9-0852d4352e0e@group-383D71F6AB9C-FollowerState: change to CANDIDATE, lastRpcElapsedTime:5036766438ns, electionTimeout:5036ms
2025-03-10 14:58:50,178 [bb41d03f-9ea0-4e3b-80d9-0852d4352e0e@group-383D71F6AB9C-FollowerState] INFO  impl.RoleInfo (RoleInfo.java:shutdownFollowerState(121)) - bb41d03f-9ea0-4e3b-80d9-0852d4352e0e: shutdown bb41d03f-9ea0-4e3b-80d9-0852d4352e0e@group-383D71F6AB9C-FollowerState
2025-03-10 14:58:50,178 [bb41d03f-9ea0-4e3b-80d9-0852d4352e0e@group-383D71F6AB9C-FollowerState] INFO  server.RaftServer$Division (RaftServerImpl.java:setRole(378)) - bb41d03f-9ea0-4e3b-80d9-0852d4352e0e@group-383D71F6AB9C: changes role from  FOLLOWER to CANDIDATE at term 0 for changeToCandidate
2025-03-10 14:58:50,178 [bb41d03f-9ea0-4e3b-80d9-0852d4352e0e@group-383D71F6AB9C-FollowerState] INFO  server.RaftServerConfigKeys (ConfUtils.java:logGet(46)) - raft.server.leaderelection.pre-vote = true (default)
2025-03-10 14:58:50,178 [bb41d03f-9ea0-4e3b-80d9-0852d4352e0e@group-383D71F6AB9C-FollowerState] INFO  impl.RoleInfo (RoleInfo.java:updateAndGet(148)) - bb41d03f-9ea0-4e3b-80d9-0852d4352e0e: start bb41d03f-9ea0-4e3b-80d9-0852d4352e0e@group-383D71F6AB9C-LeaderElection4
2025-03-10 14:58:50,178 [bb41d03f-9ea0-4e3b-80d9-0852d4352e0e@group-383D71F6AB9C-LeaderElection4] INFO  impl.LeaderElection (LeaderElection.java:askForVotes(332)) - bb41d03f-9ea0-4e3b-80d9-0852d4352e0e@group-383D71F6AB9C-LeaderElection4 PRE_VOTE round 0: submit vote requests at term 0 for conf: {index: -1, cur=peers:[bb41d03f-9ea0-4e3b-80d9-0852d4352e0e|127.0.0.1:15016]|listeners:[], old=null}
2025-03-10 14:58:50,179 [bb41d03f-9ea0-4e3b-80d9-0852d4352e0e@group-383D71F6AB9C-LeaderElection4] INFO  impl.LeaderElection (LeaderElection.java:askForVotes(334)) - bb41d03f-9ea0-4e3b-80d9-0852d4352e0e@group-383D71F6AB9C-LeaderElection4 PRE_VOTE round 0: result PASSED (term=0)
2025-03-10 14:58:50,180 [bb41d03f-9ea0-4e3b-80d9-0852d4352e0e@group-383D71F6AB9C-LeaderElection4] INFO  impl.LeaderElection (LeaderElection.java:askForVotes(332)) - bb41d03f-9ea0-4e3b-80d9-0852d4352e0e@group-383D71F6AB9C-LeaderElection4 ELECTION round 0: submit vote requests at term 1 for conf: {index: -1, cur=peers:[bb41d03f-9ea0-4e3b-80d9-0852d4352e0e|127.0.0.1:15016]|listeners:[], old=null}
2025-03-10 14:58:50,180 [bb41d03f-9ea0-4e3b-80d9-0852d4352e0e@group-383D71F6AB9C-LeaderElection4] INFO  impl.LeaderElection (LeaderElection.java:askForVotes(334)) - bb41d03f-9ea0-4e3b-80d9-0852d4352e0e@group-383D71F6AB9C-LeaderElection4 ELECTION round 0: result PASSED (term=1)
2025-03-10 14:58:50,180 [bb41d03f-9ea0-4e3b-80d9-0852d4352e0e@group-383D71F6AB9C-LeaderElection4] INFO  impl.RoleInfo (RoleInfo.java:shutdownLeaderElection(141)) - bb41d03f-9ea0-4e3b-80d9-0852d4352e0e: shutdown bb41d03f-9ea0-4e3b-80d9-0852d4352e0e@group-383D71F6AB9C-LeaderElection4
2025-03-10 14:58:50,180 [bb41d03f-9ea0-4e3b-80d9-0852d4352e0e@group-383D71F6AB9C-LeaderElection4] INFO  server.RaftServer$Division (RaftServerImpl.java:setRole(378)) - bb41d03f-9ea0-4e3b-80d9-0852d4352e0e@group-383D71F6AB9C: changes role from CANDIDATE to LEADER at term 1 for changeToLeader
2025-03-10 14:58:50,180 [bb41d03f-9ea0-4e3b-80d9-0852d4352e0e@group-383D71F6AB9C-LeaderElection4] INFO  server.RaftServerConfigKeys (ConfUtils.java:logGet(46)) - raft.server.staging.catchup.gap = 1000 (default)
2025-03-10 14:58:50,181 [bb41d03f-9ea0-4e3b-80d9-0852d4352e0e@group-383D71F6AB9C-LeaderElection4] INFO  server.RaftServerConfigKeys (ConfUtils.java:logGet(46)) - raft.server.write.element-limit = 1024 (custom)
2025-03-10 14:58:50,181 [bb41d03f-9ea0-4e3b-80d9-0852d4352e0e@group-383D71F6AB9C-LeaderElection4] INFO  server.RaftServerConfigKeys (ConfUtils.java:logGet(46)) - raft.server.write.byte-limit = 1024 M (=1073741824) (custom)
2025-03-10 14:58:50,181 [bb41d03f-9ea0-4e3b-80d9-0852d4352e0e@group-383D71F6AB9C-LeaderElection4] INFO  server.RaftServerConfigKeys (ConfUtils.java:logGet(46)) - raft.server.watch.timeout = 30s (custom)
2025-03-10 14:58:50,181 [bb41d03f-9ea0-4e3b-80d9-0852d4352e0e@group-383D71F6AB9C-LeaderElection4] INFO  server.RaftServerConfigKeys (ConfUtils.java:logGet(46)) - raft.server.watch.timeout.denomination = 1s (default)
2025-03-10 14:58:50,181 [bb41d03f-9ea0-4e3b-80d9-0852d4352e0e@group-383D71F6AB9C-LeaderElection4] INFO  server.RaftServerConfigKeys (ConfUtils.java:logGet(46)) - raft.server.watch.element-limit = 65536 (default)
2025-03-10 14:58:50,182 [bb41d03f-9ea0-4e3b-80d9-0852d4352e0e@group-383D71F6AB9C-LeaderElection4] INFO  server.RaftServerConfigKeys (ConfUtils.java:logGet(46)) - raft.server.read.leader.lease.enabled = false (default)
2025-03-10 14:58:50,182 [bb41d03f-9ea0-4e3b-80d9-0852d4352e0e@group-383D71F6AB9C-LeaderElection4] INFO  server.RaftServerConfigKeys (ConfUtils.java:logGet(46)) - raft.server.read.leader.lease.timeout.ratio = 0.9 (default)
2025-03-10 14:58:50,182 [bb41d03f-9ea0-4e3b-80d9-0852d4352e0e@group-383D71F6AB9C-LeaderElection4] INFO  server.RaftServerConfigKeys (ConfUtils.java:logGet(46)) - raft.server.rpc.timeout.min = 5s (custom)
2025-03-10 14:58:50,182 [bb41d03f-9ea0-4e3b-80d9-0852d4352e0e@group-383D71F6AB9C-LeaderElection4] INFO  server.RaftServerConfigKeys (ConfUtils.java:logGet(46)) - raft.server.log.log-metadata.enabled = true (default)
2025-03-10 14:58:50,182 [bb41d03f-9ea0-4e3b-80d9-0852d4352e0e@group-383D71F6AB9C-LeaderElection4] INFO  server.RaftServerConfigKeys (ConfUtils.java:logGet(46)) - raft.server.write.element-limit = 1024 (custom)
2025-03-10 14:58:50,182 [bb41d03f-9ea0-4e3b-80d9-0852d4352e0e@group-383D71F6AB9C-LeaderElection4] INFO  server.RaftServerConfigKeys (ConfUtils.java:logGet(46)) - raft.server.write.follower.gap.ratio.max = -1.0 (default)
2025-03-10 14:58:50,182 [bb41d03f-9ea0-4e3b-80d9-0852d4352e0e@group-383D71F6AB9C-LeaderElection4] INFO  impl.RoleInfo (RoleInfo.java:updateAndGet(148)) - bb41d03f-9ea0-4e3b-80d9-0852d4352e0e: start bb41d03f-9ea0-4e3b-80d9-0852d4352e0e@group-383D71F6AB9C-LeaderStateImpl
2025-03-10 14:58:50,182 [bb41d03f-9ea0-4e3b-80d9-0852d4352e0e@group-383D71F6AB9C-LeaderElection4] INFO  server.RaftServer$Division (RaftServerImpl.java:setFirstElection(562)) - bb41d03f-9ea0-4e3b-80d9-0852d4352e0e@group-383D71F6AB9C: set firstElectionSinceStartup to false for becomeLeader
2025-03-10 14:58:50,182 [bb41d03f-9ea0-4e3b-80d9-0852d4352e0e@group-383D71F6AB9C-LeaderElection4] INFO  ratis.XceiverServerRatis (XceiverServerRatis.java:handleLeaderChangedNotification(941)) - Leader change notification received for group: group-383D71F6AB9C with new leaderId: bb41d03f-9ea0-4e3b-80d9-0852d4352e0e
2025-03-10 14:58:50,183 [bb41d03f-9ea0-4e3b-80d9-0852d4352e0e@group-383D71F6AB9C-LeaderElection4] INFO  server.RaftServer$Division (ServerState.java:setLeader(272)) - bb41d03f-9ea0-4e3b-80d9-0852d4352e0e@group-383D71F6AB9C: change Leader from null to bb41d03f-9ea0-4e3b-80d9-0852d4352e0e at term 1 for becomeLeader, leader elected after 5070ms
2025-03-10 14:58:50,183 [bb41d03f-9ea0-4e3b-80d9-0852d4352e0e@group-383D71F6AB9C-LeaderElection4] INFO  segmented.SegmentedRaftLogWorker (SegmentedRaftLogWorker.java:startLogSegment(438)) - bb41d03f-9ea0-4e3b-80d9-0852d4352e0e@group-383D71F6AB9C-SegmentedRaftLogWorker: Starting segment from index:0
2025-03-10 14:58:50,184 [bb41d03f-9ea0-4e3b-80d9-0852d4352e0e@group-383D71F6AB9C-LeaderElection4] INFO  server.RaftServer$Division (ServerState.java:setRaftConf(386)) - bb41d03f-9ea0-4e3b-80d9-0852d4352e0e@group-383D71F6AB9C: set configuration conf: {index: 0, cur=peers:[bb41d03f-9ea0-4e3b-80d9-0852d4352e0e|127.0.0.1:15016]|listeners:[], old=null}
2025-03-10 14:58:50,184 [bb41d03f-9ea0-4e3b-80d9-0852d4352e0e@group-383D71F6AB9C-SegmentedRaftLogWorker] INFO  segmented.BufferedWriteChannel (BufferedWriteChannel.java:open(61)) - open log_inprogress_0 at position 0
2025-03-10 14:58:50,185 [bb41d03f-9ea0-4e3b-80d9-0852d4352e0e@group-606166E69D51-FollowerState] INFO  impl.FollowerState (FollowerState.java:runImpl(161)) - bb41d03f-9ea0-4e3b-80d9-0852d4352e0e@group-606166E69D51-FollowerState: change to CANDIDATE, lastRpcElapsedTime:5014881287ns, electionTimeout:5014ms
2025-03-10 14:58:50,185 [bb41d03f-9ea0-4e3b-80d9-0852d4352e0e@group-606166E69D51-FollowerState] INFO  impl.RoleInfo (RoleInfo.java:shutdownFollowerState(121)) - bb41d03f-9ea0-4e3b-80d9-0852d4352e0e: shutdown bb41d03f-9ea0-4e3b-80d9-0852d4352e0e@group-606166E69D51-FollowerState
2025-03-10 14:58:50,185 [bb41d03f-9ea0-4e3b-80d9-0852d4352e0e@group-606166E69D51-FollowerState] INFO  server.RaftServer$Division (RaftServerImpl.java:setRole(378)) - bb41d03f-9ea0-4e3b-80d9-0852d4352e0e@group-606166E69D51: changes role from  FOLLOWER to CANDIDATE at term 0 for changeToCandidate
2025-03-10 14:58:50,185 [bb41d03f-9ea0-4e3b-80d9-0852d4352e0e@group-606166E69D51-FollowerState] INFO  server.RaftServerConfigKeys (ConfUtils.java:logGet(46)) - raft.server.leaderelection.pre-vote = true (default)
2025-03-10 14:58:50,185 [bb41d03f-9ea0-4e3b-80d9-0852d4352e0e@group-606166E69D51-FollowerState] INFO  impl.RoleInfo (RoleInfo.java:updateAndGet(148)) - bb41d03f-9ea0-4e3b-80d9-0852d4352e0e: start bb41d03f-9ea0-4e3b-80d9-0852d4352e0e@group-606166E69D51-LeaderElection5
2025-03-10 14:58:50,187 [EventQueue-OpenPipelineForHealthyPipelineSafeModeRule] INFO  safemode.SCMSafeModeManager (HealthyPipelineSafeModeRule.java:process(141)) - SCM in safe mode. Healthy pipelines reported count is 0, required healthy pipeline reported count is 1
2025-03-10 14:58:50,190 [bb41d03f-9ea0-4e3b-80d9-0852d4352e0e@group-606166E69D51-LeaderElection5] INFO  impl.LeaderElection (LeaderElection.java:askForVotes(332)) - bb41d03f-9ea0-4e3b-80d9-0852d4352e0e@group-606166E69D51-LeaderElection5 PRE_VOTE round 0: submit vote requests at term 0 for conf: {index: -1, cur=peers:[bb41d03f-9ea0-4e3b-80d9-0852d4352e0e|127.0.0.1:15016, cd975088-a4e1-4d6c-8217-e67620ac7c17|127.0.0.1:15025, 24343a3a-85a1-4b3d-bed0-d5c89a70db02|127.0.0.1:15034]|listeners:[], old=null}
2025-03-10 14:58:50,193 [bb41d03f-9ea0-4e3b-80d9-0852d4352e0e@group-383D71F6AB9C-SegmentedRaftLogWorker] INFO  segmented.SegmentedRaftLogWorker (SegmentedRaftLogWorker.java:execute(644)) - bb41d03f-9ea0-4e3b-80d9-0852d4352e0e@group-383D71F6AB9C-SegmentedRaftLogWorker: created new log segment /home/runner/work/ozone/ozone/hadoop-ozone/integration-test/target/test-dir/MiniOzoneClusterImpl-c1e049f0-9043-4314-b8f3-2460433eb1a0/ozone-meta/datanode-1/ratis/294e5d89-b977-46ff-a16e-383d71f6ab9c/current/log_inprogress_0
2025-03-10 14:58:50,193 [bb41d03f-9ea0-4e3b-80d9-0852d4352e0e@group-606166E69D51-LeaderElection5] INFO  server.RaftServerConfigKeys (ConfUtils.java:logFallback(53)) - raft.server.rpc.first-election.timeout.min = 5s (fallback to raft.server.rpc.timeout.min)
2025-03-10 14:58:50,194 [bb41d03f-9ea0-4e3b-80d9-0852d4352e0e@group-606166E69D51-LeaderElection5] INFO  server.RaftServerConfigKeys (ConfUtils.java:logFallback(53)) - raft.server.rpc.first-election.timeout.max = 5200ms (fallback to raft.server.rpc.timeout.max)
2025-03-10 14:58:50,194 [bb41d03f-9ea0-4e3b-80d9-0852d4352e0e@group-606166E69D51-LeaderElection5-1] INFO  server.GrpcServerProtocolClient (GrpcServerProtocolClient.java:<init>(65)) - Build channel for cd975088-a4e1-4d6c-8217-e67620ac7c17|127.0.0.1:15025
2025-03-10 14:58:50,195 [bb41d03f-9ea0-4e3b-80d9-0852d4352e0e@group-606166E69D51-LeaderElection5-2] INFO  server.GrpcServerProtocolClient (GrpcServerProtocolClient.java:<init>(65)) - Build channel for 24343a3a-85a1-4b3d-bed0-d5c89a70db02|127.0.0.1:15034
2025-03-10 14:58:50,196 [bb41d03f-9ea0-4e3b-80d9-0852d4352e0e@group-383D71F6AB9C-StateMachineUpdater] INFO  server.RaftServer$Division (LeaderStateImpl.java:checkStartIndex(313)) - Leader bb41d03f-9ea0-4e3b-80d9-0852d4352e0e@group-383D71F6AB9C-LeaderStateImpl is ready since appliedIndex == startIndex == 0
2025-03-10 14:58:50,201 [grpc-default-executor-1] INFO  server.RaftServer$Division (RaftServerImpl.java:requestVote(1407)) - cd975088-a4e1-4d6c-8217-e67620ac7c17@group-606166E69D51: receive requestVote(PRE_VOTE, bb41d03f-9ea0-4e3b-80d9-0852d4352e0e, group-606166E69D51, 0, (t:0, i:0))
2025-03-10 14:58:50,202 [grpc-default-executor-0] INFO  server.RaftServer$Division (RaftServerImpl.java:requestVote(1407)) - 24343a3a-85a1-4b3d-bed0-d5c89a70db02@group-606166E69D51: receive requestVote(PRE_VOTE, bb41d03f-9ea0-4e3b-80d9-0852d4352e0e, group-606166E69D51, 0, (t:0, i:0))
2025-03-10 14:58:50,203 [grpc-default-executor-1] INFO  impl.VoteContext (VoteContext.java:log(49)) - cd975088-a4e1-4d6c-8217-e67620ac7c17@group-606166E69D51-FOLLOWER: accept PRE_VOTE from bb41d03f-9ea0-4e3b-80d9-0852d4352e0e: our priority 0 <= candidate's priority 1
2025-03-10 14:58:50,203 [grpc-default-executor-0] INFO  impl.VoteContext (VoteContext.java:log(49)) - 24343a3a-85a1-4b3d-bed0-d5c89a70db02@group-606166E69D51-FOLLOWER: accept PRE_VOTE from bb41d03f-9ea0-4e3b-80d9-0852d4352e0e: our priority 0 <= candidate's priority 1
2025-03-10 14:58:50,205 [grpc-default-executor-1] INFO  server.RaftServer$Division (RaftServerImpl.java:requestVote(1441)) - cd975088-a4e1-4d6c-8217-e67620ac7c17@group-606166E69D51 replies to PRE_VOTE vote request: bb41d03f-9ea0-4e3b-80d9-0852d4352e0e<-cd975088-a4e1-4d6c-8217-e67620ac7c17#0:OK-t0. Peer's state: cd975088-a4e1-4d6c-8217-e67620ac7c17@group-606166E69D51:t0, leader=null, voted=, raftlog=Memoized:cd975088-a4e1-4d6c-8217-e67620ac7c17@group-606166E69D51-SegmentedRaftLog:OPENED:c-1:lastnull, conf=conf: {index: -1, cur=peers:[bb41d03f-9ea0-4e3b-80d9-0852d4352e0e|127.0.0.1:15016, cd975088-a4e1-4d6c-8217-e67620ac7c17|127.0.0.1:15025, 24343a3a-85a1-4b3d-bed0-d5c89a70db02|127.0.0.1:15034]|listeners:[], old=null}
2025-03-10 14:58:50,205 [grpc-default-executor-0] INFO  server.RaftServer$Division (RaftServerImpl.java:requestVote(1441)) - 24343a3a-85a1-4b3d-bed0-d5c89a70db02@group-606166E69D51 replies to PRE_VOTE vote request: bb41d03f-9ea0-4e3b-80d9-0852d4352e0e<-24343a3a-85a1-4b3d-bed0-d5c89a70db02#0:OK-t0. Peer's state: 24343a3a-85a1-4b3d-bed0-d5c89a70db02@group-606166E69D51:t0, leader=null, voted=, raftlog=Memoized:24343a3a-85a1-4b3d-bed0-d5c89a70db02@group-606166E69D51-SegmentedRaftLog:OPENED:c-1:lastnull, conf=conf: {index: -1, cur=peers:[bb41d03f-9ea0-4e3b-80d9-0852d4352e0e|127.0.0.1:15016, cd975088-a4e1-4d6c-8217-e67620ac7c17|127.0.0.1:15025, 24343a3a-85a1-4b3d-bed0-d5c89a70db02|127.0.0.1:15034]|listeners:[], old=null}
2025-03-10 14:58:50,207 [bb41d03f-9ea0-4e3b-80d9-0852d4352e0e@group-606166E69D51-LeaderElection5] INFO  impl.LeaderElection (LeaderElection.java:logAndReturn(90)) - bb41d03f-9ea0-4e3b-80d9-0852d4352e0e@group-606166E69D51-LeaderElection5: PRE_VOTE PASSED received 1 response(s) and 0 exception(s):
2025-03-10 14:58:50,207 [bb41d03f-9ea0-4e3b-80d9-0852d4352e0e@group-606166E69D51-LeaderElection5] INFO  impl.LeaderElection (LeaderElection.java:logAndReturn(94)) -   Response 0: bb41d03f-9ea0-4e3b-80d9-0852d4352e0e<-24343a3a-85a1-4b3d-bed0-d5c89a70db02#0:OK-t0
2025-03-10 14:58:50,207 [bb41d03f-9ea0-4e3b-80d9-0852d4352e0e@group-606166E69D51-LeaderElection5] INFO  impl.LeaderElection (LeaderElection.java:askForVotes(334)) - bb41d03f-9ea0-4e3b-80d9-0852d4352e0e@group-606166E69D51-LeaderElection5 PRE_VOTE round 0: result PASSED
2025-03-10 14:58:50,208 [bb41d03f-9ea0-4e3b-80d9-0852d4352e0e@group-606166E69D51-LeaderElection5] INFO  impl.LeaderElection (LeaderElection.java:askForVotes(332)) - bb41d03f-9ea0-4e3b-80d9-0852d4352e0e@group-606166E69D51-LeaderElection5 ELECTION round 0: submit vote requests at term 1 for conf: {index: -1, cur=peers:[bb41d03f-9ea0-4e3b-80d9-0852d4352e0e|127.0.0.1:15016, cd975088-a4e1-4d6c-8217-e67620ac7c17|127.0.0.1:15025, 24343a3a-85a1-4b3d-bed0-d5c89a70db02|127.0.0.1:15034]|listeners:[], old=null}
2025-03-10 14:58:50,209 [bb41d03f-9ea0-4e3b-80d9-0852d4352e0e@group-606166E69D51-LeaderElection5] INFO  server.RaftServerConfigKeys (ConfUtils.java:logFallback(53)) - raft.server.rpc.first-election.timeout.min = 5s (fallback to raft.server.rpc.timeout.min)
2025-03-10 14:58:50,209 [bb41d03f-9ea0-4e3b-80d9-0852d4352e0e@group-606166E69D51-LeaderElection5] INFO  server.RaftServerConfigKeys (ConfUtils.java:logFallback(53)) - raft.server.rpc.first-election.timeout.max = 5200ms (fallback to raft.server.rpc.timeout.max)
2025-03-10 14:58:50,210 [grpc-default-executor-0] INFO  server.RaftServer$Division (RaftServerImpl.java:requestVote(1407)) - cd975088-a4e1-4d6c-8217-e67620ac7c17@group-606166E69D51: receive requestVote(ELECTION, bb41d03f-9ea0-4e3b-80d9-0852d4352e0e, group-606166E69D51, 1, (t:0, i:0))
2025-03-10 14:58:50,210 [grpc-default-executor-0] INFO  impl.VoteContext (VoteContext.java:log(49)) - cd975088-a4e1-4d6c-8217-e67620ac7c17@group-606166E69D51-FOLLOWER: accept ELECTION from bb41d03f-9ea0-4e3b-80d9-0852d4352e0e: our priority 0 <= candidate's priority 1
2025-03-10 14:58:50,210 [grpc-default-executor-1] INFO  server.RaftServer$Division (RaftServerImpl.java:requestVote(1407)) - 24343a3a-85a1-4b3d-bed0-d5c89a70db02@group-606166E69D51: receive requestVote(ELECTION, bb41d03f-9ea0-4e3b-80d9-0852d4352e0e, group-606166E69D51, 1, (t:0, i:0))
2025-03-10 14:58:50,211 [grpc-default-executor-1] INFO  impl.VoteContext (VoteContext.java:log(49)) - 24343a3a-85a1-4b3d-bed0-d5c89a70db02@group-606166E69D51-FOLLOWER: accept ELECTION from bb41d03f-9ea0-4e3b-80d9-0852d4352e0e: our priority 0 <= candidate's priority 1
2025-03-10 14:58:50,211 [grpc-default-executor-1] INFO  server.RaftServer$Division (RaftServerImpl.java:setRole(378)) - 24343a3a-85a1-4b3d-bed0-d5c89a70db02@group-606166E69D51: changes role from  FOLLOWER to FOLLOWER at term 0 for candidate:bb41d03f-9ea0-4e3b-80d9-0852d4352e0e
2025-03-10 14:58:50,211 [grpc-default-executor-1] INFO  impl.RoleInfo (RoleInfo.java:shutdownFollowerState(121)) - 24343a3a-85a1-4b3d-bed0-d5c89a70db02: shutdown 24343a3a-85a1-4b3d-bed0-d5c89a70db02@group-606166E69D51-FollowerState
2025-03-10 14:58:50,211 [grpc-default-executor-0] INFO  server.RaftServer$Division (RaftServerImpl.java:setRole(378)) - cd975088-a4e1-4d6c-8217-e67620ac7c17@group-606166E69D51: changes role from  FOLLOWER to FOLLOWER at term 0 for candidate:bb41d03f-9ea0-4e3b-80d9-0852d4352e0e
2025-03-10 14:58:50,211 [24343a3a-85a1-4b3d-bed0-d5c89a70db02@group-606166E69D51-FollowerState] INFO  impl.FollowerState (FollowerState.java:runImpl(170)) - 24343a3a-85a1-4b3d-bed0-d5c89a70db02@group-606166E69D51-FollowerState was interrupted
2025-03-10 14:58:50,211 [grpc-default-executor-0] INFO  impl.RoleInfo (RoleInfo.java:shutdownFollowerState(121)) - cd975088-a4e1-4d6c-8217-e67620ac7c17: shutdown cd975088-a4e1-4d6c-8217-e67620ac7c17@group-606166E69D51-FollowerState
2025-03-10 14:58:50,211 [grpc-default-executor-1] INFO  impl.RoleInfo (RoleInfo.java:updateAndGet(148)) - 24343a3a-85a1-4b3d-bed0-d5c89a70db02: start 24343a3a-85a1-4b3d-bed0-d5c89a70db02@group-606166E69D51-FollowerState
2025-03-10 14:58:50,211 [24343a3a-85a1-4b3d-bed0-d5c89a70db02@group-606166E69D51-FollowerState] INFO  server.RaftServerConfigKeys (ConfUtils.java:logFallback(53)) - raft.server.rpc.first-election.timeout.min = 5s (fallback to raft.server.rpc.timeout.min)
2025-03-10 14:58:50,211 [24343a3a-85a1-4b3d-bed0-d5c89a70db02@group-606166E69D51-FollowerState] INFO  server.RaftServerConfigKeys (ConfUtils.java:logFallback(53)) - raft.server.rpc.first-election.timeout.max = 5200ms (fallback to raft.server.rpc.timeout.max)
2025-03-10 14:58:50,212 [grpc-default-executor-1] INFO  server.RaftServer$Division (RaftServerImpl.java:setFirstElection(562)) - 24343a3a-85a1-4b3d-bed0-d5c89a70db02@group-606166E69D51: set firstElectionSinceStartup to false for candidate:bb41d03f-9ea0-4e3b-80d9-0852d4352e0e
2025-03-10 14:58:50,211 [cd975088-a4e1-4d6c-8217-e67620ac7c17@group-606166E69D51-FollowerState] INFO  impl.FollowerState (FollowerState.java:runImpl(170)) - cd975088-a4e1-4d6c-8217-e67620ac7c17@group-606166E69D51-FollowerState was interrupted
2025-03-10 14:58:50,211 [grpc-default-executor-0] INFO  impl.RoleInfo (RoleInfo.java:updateAndGet(148)) - cd975088-a4e1-4d6c-8217-e67620ac7c17: start cd975088-a4e1-4d6c-8217-e67620ac7c17@group-606166E69D51-FollowerState
2025-03-10 14:58:50,212 [cd975088-a4e1-4d6c-8217-e67620ac7c17@group-606166E69D51-FollowerState] INFO  server.RaftServerConfigKeys (ConfUtils.java:logFallback(53)) - raft.server.rpc.first-election.timeout.min = 5s (fallback to raft.server.rpc.timeout.min)
2025-03-10 14:58:50,212 [grpc-default-executor-0] INFO  server.RaftServer$Division (RaftServerImpl.java:setFirstElection(562)) - cd975088-a4e1-4d6c-8217-e67620ac7c17@group-606166E69D51: set firstElectionSinceStartup to false for candidate:bb41d03f-9ea0-4e3b-80d9-0852d4352e0e
2025-03-10 14:58:50,213 [cd975088-a4e1-4d6c-8217-e67620ac7c17@group-606166E69D51-FollowerState] INFO  server.RaftServerConfigKeys (ConfUtils.java:logFallback(53)) - raft.server.rpc.first-election.timeout.max = 5200ms (fallback to raft.server.rpc.timeout.max)
2025-03-10 14:58:50,213 [grpc-default-executor-1] INFO  server.RaftServer$Division (RaftServerImpl.java:requestVote(1441)) - 24343a3a-85a1-4b3d-bed0-d5c89a70db02@group-606166E69D51 replies to ELECTION vote request: bb41d03f-9ea0-4e3b-80d9-0852d4352e0e<-24343a3a-85a1-4b3d-bed0-d5c89a70db02#0:OK-t1. Peer's state: 24343a3a-85a1-4b3d-bed0-d5c89a70db02@group-606166E69D51:t1, leader=null, voted=bb41d03f-9ea0-4e3b-80d9-0852d4352e0e, raftlog=Memoized:24343a3a-85a1-4b3d-bed0-d5c89a70db02@group-606166E69D51-SegmentedRaftLog:OPENED:c-1:lastnull, conf=conf: {index: -1, cur=peers:[bb41d03f-9ea0-4e3b-80d9-0852d4352e0e|127.0.0.1:15016, cd975088-a4e1-4d6c-8217-e67620ac7c17|127.0.0.1:15025, 24343a3a-85a1-4b3d-bed0-d5c89a70db02|127.0.0.1:15034]|listeners:[], old=null}
2025-03-10 14:58:50,214 [grpc-default-executor-0] INFO  server.RaftServer$Division (RaftServerImpl.java:requestVote(1441)) - cd975088-a4e1-4d6c-8217-e67620ac7c17@group-606166E69D51 replies to ELECTION vote request: bb41d03f-9ea0-4e3b-80d9-0852d4352e0e<-cd975088-a4e1-4d6c-8217-e67620ac7c17#0:OK-t1. Peer's state: cd975088-a4e1-4d6c-8217-e67620ac7c17@group-606166E69D51:t1, leader=null, voted=bb41d03f-9ea0-4e3b-80d9-0852d4352e0e, raftlog=Memoized:cd975088-a4e1-4d6c-8217-e67620ac7c17@group-606166E69D51-SegmentedRaftLog:OPENED:c-1:lastnull, conf=conf: {index: -1, cur=peers:[bb41d03f-9ea0-4e3b-80d9-0852d4352e0e|127.0.0.1:15016, cd975088-a4e1-4d6c-8217-e67620ac7c17|127.0.0.1:15025, 24343a3a-85a1-4b3d-bed0-d5c89a70db02|127.0.0.1:15034]|listeners:[], old=null}
2025-03-10 14:58:50,215 [bb41d03f-9ea0-4e3b-80d9-0852d4352e0e@group-606166E69D51-LeaderElection5] INFO  impl.LeaderElection (LeaderElection.java:logAndReturn(90)) - bb41d03f-9ea0-4e3b-80d9-0852d4352e0e@group-606166E69D51-LeaderElection5: ELECTION PASSED received 1 response(s) and 0 exception(s):
2025-03-10 14:58:50,215 [bb41d03f-9ea0-4e3b-80d9-0852d4352e0e@group-606166E69D51-LeaderElection5] INFO  impl.LeaderElection (LeaderElection.java:logAndReturn(94)) -   Response 0: bb41d03f-9ea0-4e3b-80d9-0852d4352e0e<-24343a3a-85a1-4b3d-bed0-d5c89a70db02#0:OK-t1
2025-03-10 14:58:50,215 [bb41d03f-9ea0-4e3b-80d9-0852d4352e0e@group-606166E69D51-LeaderElection5] INFO  impl.LeaderElection (LeaderElection.java:askForVotes(334)) - bb41d03f-9ea0-4e3b-80d9-0852d4352e0e@group-606166E69D51-LeaderElection5 ELECTION round 0: result PASSED
2025-03-10 14:58:50,215 [bb41d03f-9ea0-4e3b-80d9-0852d4352e0e@group-606166E69D51-LeaderElection5] INFO  impl.RoleInfo (RoleInfo.java:shutdownLeaderElection(141)) - bb41d03f-9ea0-4e3b-80d9-0852d4352e0e: shutdown bb41d03f-9ea0-4e3b-80d9-0852d4352e0e@group-606166E69D51-LeaderElection5
2025-03-10 14:58:50,215 [bb41d03f-9ea0-4e3b-80d9-0852d4352e0e@group-606166E69D51-LeaderElection5] INFO  server.RaftServer$Division (RaftServerImpl.java:setRole(378)) - bb41d03f-9ea0-4e3b-80d9-0852d4352e0e@group-606166E69D51: changes role from CANDIDATE to LEADER at term 1 for changeToLeader
2025-03-10 14:58:50,215 [bb41d03f-9ea0-4e3b-80d9-0852d4352e0e@group-606166E69D51-LeaderElection5] INFO  server.RaftServerConfigKeys (ConfUtils.java:logGet(46)) - raft.server.staging.catchup.gap = 1000 (default)
2025-03-10 14:58:50,215 [bb41d03f-9ea0-4e3b-80d9-0852d4352e0e@group-606166E69D51-LeaderElection5] INFO  server.RaftServerConfigKeys (ConfUtils.java:logGet(46)) - raft.server.write.element-limit = 1024 (custom)
2025-03-10 14:58:50,216 [bb41d03f-9ea0-4e3b-80d9-0852d4352e0e@group-606166E69D51-LeaderElection5] INFO  server.RaftServerConfigKeys (ConfUtils.java:logGet(46)) - raft.server.write.byte-limit = 1024 M (=1073741824) (custom)
2025-03-10 14:58:50,216 [bb41d03f-9ea0-4e3b-80d9-0852d4352e0e@group-606166E69D51-LeaderElection5] INFO  server.RaftServerConfigKeys (ConfUtils.java:logGet(46)) - raft.server.watch.timeout = 30s (custom)
2025-03-10 14:58:50,216 [bb41d03f-9ea0-4e3b-80d9-0852d4352e0e@group-606166E69D51-LeaderElection5] INFO  server.RaftServerConfigKeys (ConfUtils.java:logGet(46)) - raft.server.watch.timeout.denomination = 1s (default)
2025-03-10 14:58:50,216 [bb41d03f-9ea0-4e3b-80d9-0852d4352e0e@group-606166E69D51-LeaderElection5] INFO  server.RaftServerConfigKeys (ConfUtils.java:logGet(46)) - raft.server.watch.element-limit = 65536 (default)
2025-03-10 14:58:50,216 [bb41d03f-9ea0-4e3b-80d9-0852d4352e0e@group-606166E69D51-LeaderElection5] INFO  server.RaftServerConfigKeys (ConfUtils.java:logGet(46)) - raft.server.read.leader.lease.enabled = false (default)
2025-03-10 14:58:50,217 [bb41d03f-9ea0-4e3b-80d9-0852d4352e0e@group-606166E69D51-LeaderElection5] INFO  server.RaftServerConfigKeys (ConfUtils.java:logGet(46)) - raft.server.read.leader.lease.timeout.ratio = 0.9 (default)
2025-03-10 14:58:50,217 [bb41d03f-9ea0-4e3b-80d9-0852d4352e0e@group-606166E69D51-LeaderElection5] INFO  server.RaftServerConfigKeys (ConfUtils.java:logGet(46)) - raft.server.rpc.timeout.min = 5s (custom)
2025-03-10 14:58:50,217 [bb41d03f-9ea0-4e3b-80d9-0852d4352e0e@group-606166E69D51-LeaderElection5] INFO  server.RaftServerConfigKeys (ConfUtils.java:logGet(46)) - raft.server.log.log-metadata.enabled = true (default)
2025-03-10 14:58:50,217 [bb41d03f-9ea0-4e3b-80d9-0852d4352e0e@group-606166E69D51-LeaderElection5] INFO  server.RaftServerConfigKeys (ConfUtils.java:logGet(46)) - raft.server.write.element-limit = 1024 (custom)
2025-03-10 14:58:50,217 [bb41d03f-9ea0-4e3b-80d9-0852d4352e0e@group-606166E69D51-LeaderElection5] INFO  server.RaftServerConfigKeys (ConfUtils.java:logGet(46)) - raft.server.write.follower.gap.ratio.max = -1.0 (default)
2025-03-10 14:58:50,222 [bb41d03f-9ea0-4e3b-80d9-0852d4352e0e@group-606166E69D51-LeaderElection5] INFO  server.RaftServerConfigKeys (ConfUtils.java:logGet(46)) - raft.server.log.appender.snapshot.chunk.size.max = 16MB (=16777216) (default)
2025-03-10 14:58:50,222 [bb41d03f-9ea0-4e3b-80d9-0852d4352e0e@group-606166E69D51-LeaderElection5] INFO  server.RaftServerConfigKeys (ConfUtils.java:logGet(46)) - raft.server.log.appender.buffer.byte-limit = 33554432 (custom)
2025-03-10 14:58:50,222 [bb41d03f-9ea0-4e3b-80d9-0852d4352e0e@group-606166E69D51-LeaderElection5] INFO  server.RaftServerConfigKeys (ConfUtils.java:logGet(46)) - raft.server.log.appender.buffer.element-limit = 1024 (custom)
2025-03-10 14:58:50,224 [bb41d03f-9ea0-4e3b-80d9-0852d4352e0e@group-606166E69D51-LeaderElection5] INFO  server.RaftServerConfigKeys (ConfUtils.java:logGet(46)) - raft.server.log.appender.wait-time.min = 0μs (custom)
2025-03-10 14:58:50,224 [bb41d03f-9ea0-4e3b-80d9-0852d4352e0e@group-606166E69D51-LeaderElection5] INFO  grpc.GrpcConfigKeys (ConfUtils.java:logGet(46)) - raft.grpc.server.leader.outstanding.appends.max = 8 (default)
2025-03-10 14:58:50,225 [bb41d03f-9ea0-4e3b-80d9-0852d4352e0e@group-606166E69D51-LeaderElection5] INFO  server.RaftServerConfigKeys (ConfUtils.java:logGet(46)) - raft.server.rpc.request.timeout = 60s (custom)
2025-03-10 14:58:50,225 [bb41d03f-9ea0-4e3b-80d9-0852d4352e0e@group-606166E69D51-LeaderElection5] INFO  grpc.GrpcConfigKeys (ConfUtils.java:logGet(46)) - raft.grpc.server.install_snapshot.request.element-limit = 8 (default)
2025-03-10 14:58:50,225 [bb41d03f-9ea0-4e3b-80d9-0852d4352e0e@group-606166E69D51-LeaderElection5] INFO  grpc.GrpcConfigKeys (ConfUtils.java:logGet(46)) - raft.grpc.server.install_snapshot.request.timeout = 3000ms (default)
2025-03-10 14:58:50,225 [bb41d03f-9ea0-4e3b-80d9-0852d4352e0e@group-606166E69D51-LeaderElection5] INFO  grpc.GrpcConfigKeys (ConfUtils.java:logGet(46)) - raft.grpc.server.log-message.batch.duration = 5s (default)
2025-03-10 14:58:50,225 [bb41d03f-9ea0-4e3b-80d9-0852d4352e0e@group-606166E69D51-LeaderElection5] INFO  server.RaftServerConfigKeys (ConfUtils.java:logGet(46)) - raft.server.log.appender.install.snapshot.enabled = false (custom)
2025-03-10 14:58:50,225 [bb41d03f-9ea0-4e3b-80d9-0852d4352e0e@group-606166E69D51-LeaderElection5] INFO  grpc.GrpcConfigKeys (ConfUtils.java:logGet(46)) - raft.grpc.server.heartbeat.channel = true (default)
2025-03-10 14:58:50,227 [bb41d03f-9ea0-4e3b-80d9-0852d4352e0e@group-606166E69D51-LeaderElection5] INFO  server.RaftServerConfigKeys (ConfUtils.java:logGet(46)) - raft.server.log.appender.snapshot.chunk.size.max = 16MB (=16777216) (default)
2025-03-10 14:58:50,227 [bb41d03f-9ea0-4e3b-80d9-0852d4352e0e@group-606166E69D51-LeaderElection5] INFO  server.RaftServerConfigKeys (ConfUtils.java:logGet(46)) - raft.server.log.appender.buffer.byte-limit = 33554432 (custom)
2025-03-10 14:58:50,227 [bb41d03f-9ea0-4e3b-80d9-0852d4352e0e@group-606166E69D51-LeaderElection5] INFO  server.RaftServerConfigKeys (ConfUtils.java:logGet(46)) - raft.server.log.appender.buffer.element-limit = 1024 (custom)
2025-03-10 14:58:50,227 [bb41d03f-9ea0-4e3b-80d9-0852d4352e0e@group-606166E69D51-LeaderElection5] INFO  server.RaftServerConfigKeys (ConfUtils.java:logGet(46)) - raft.server.log.appender.wait-time.min = 0μs (custom)
2025-03-10 14:58:50,228 [bb41d03f-9ea0-4e3b-80d9-0852d4352e0e@group-606166E69D51-LeaderElection5] INFO  grpc.GrpcConfigKeys (ConfUtils.java:logGet(46)) - raft.grpc.server.leader.outstanding.appends.max = 8 (default)
2025-03-10 14:58:50,228 [bb41d03f-9ea0-4e3b-80d9-0852d4352e0e@group-606166E69D51-LeaderElection5] INFO  server.RaftServerConfigKeys (ConfUtils.java:logGet(46)) - raft.server.rpc.request.timeout = 60s (custom)
2025-03-10 14:58:50,228 [bb41d03f-9ea0-4e3b-80d9-0852d4352e0e@group-606166E69D51-LeaderElection5] INFO  grpc.GrpcConfigKeys (ConfUtils.java:logGet(46)) - raft.grpc.server.install_snapshot.request.element-limit = 8 (default)
2025-03-10 14:58:50,228 [bb41d03f-9ea0-4e3b-80d9-0852d4352e0e@group-606166E69D51-LeaderElection5] INFO  grpc.GrpcConfigKeys (ConfUtils.java:logGet(46)) - raft.grpc.server.install_snapshot.request.timeout = 3000ms (default)
2025-03-10 14:58:50,228 [bb41d03f-9ea0-4e3b-80d9-0852d4352e0e@group-606166E69D51-LeaderElection5] INFO  grpc.GrpcConfigKeys (ConfUtils.java:logGet(46)) - raft.grpc.server.log-message.batch.duration = 5s (default)
2025-03-10 14:58:50,228 [bb41d03f-9ea0-4e3b-80d9-0852d4352e0e@group-606166E69D51-LeaderElection5] INFO  server.RaftServerConfigKeys (ConfUtils.java:logGet(46)) - raft.server.log.appender.install.snapshot.enabled = false (custom)
2025-03-10 14:58:50,228 [bb41d03f-9ea0-4e3b-80d9-0852d4352e0e@group-606166E69D51-LeaderElection5] INFO  grpc.GrpcConfigKeys (ConfUtils.java:logGet(46)) - raft.grpc.server.heartbeat.channel = true (default)
2025-03-10 14:58:50,229 [bb41d03f-9ea0-4e3b-80d9-0852d4352e0e@group-606166E69D51-LeaderElection5] INFO  impl.RoleInfo (RoleInfo.java:updateAndGet(148)) - bb41d03f-9ea0-4e3b-80d9-0852d4352e0e: start bb41d03f-9ea0-4e3b-80d9-0852d4352e0e@group-606166E69D51-LeaderStateImpl
2025-03-10 14:58:50,229 [bb41d03f-9ea0-4e3b-80d9-0852d4352e0e@group-606166E69D51-LeaderElection5] INFO  server.RaftServer$Division (RaftServerImpl.java:setFirstElection(562)) - bb41d03f-9ea0-4e3b-80d9-0852d4352e0e@group-606166E69D51: set firstElectionSinceStartup to false for becomeLeader
2025-03-10 14:58:50,229 [bb41d03f-9ea0-4e3b-80d9-0852d4352e0e@group-606166E69D51-LeaderElection5] INFO  ratis.XceiverServerRatis (XceiverServerRatis.java:handleLeaderChangedNotification(941)) - Leader change notification received for group: group-606166E69D51 with new leaderId: bb41d03f-9ea0-4e3b-80d9-0852d4352e0e
2025-03-10 14:58:50,229 [bb41d03f-9ea0-4e3b-80d9-0852d4352e0e@group-606166E69D51-LeaderElection5] INFO  server.RaftServer$Division (ServerState.java:setLeader(272)) - bb41d03f-9ea0-4e3b-80d9-0852d4352e0e@group-606166E69D51: change Leader from null to bb41d03f-9ea0-4e3b-80d9-0852d4352e0e at term 1 for becomeLeader, leader elected after 5079ms
2025-03-10 14:58:50,229 [bb41d03f-9ea0-4e3b-80d9-0852d4352e0e@group-606166E69D51-LeaderElection5] INFO  segmented.SegmentedRaftLogWorker (SegmentedRaftLogWorker.java:startLogSegment(438)) - bb41d03f-9ea0-4e3b-80d9-0852d4352e0e@group-606166E69D51-SegmentedRaftLogWorker: Starting segment from index:0
2025-03-10 14:58:50,230 [bb41d03f-9ea0-4e3b-80d9-0852d4352e0e@group-606166E69D51-LeaderElection5] INFO  server.RaftServer$Division (ServerState.java:setRaftConf(386)) - bb41d03f-9ea0-4e3b-80d9-0852d4352e0e@group-606166E69D51: set configuration conf: {index: 0, cur=peers:[bb41d03f-9ea0-4e3b-80d9-0852d4352e0e|127.0.0.1:15016, cd975088-a4e1-4d6c-8217-e67620ac7c17|127.0.0.1:15025, 24343a3a-85a1-4b3d-bed0-d5c89a70db02|127.0.0.1:15034]|listeners:[], old=null}
2025-03-10 14:58:50,230 [bb41d03f-9ea0-4e3b-80d9-0852d4352e0e@group-606166E69D51-SegmentedRaftLogWorker] INFO  segmented.BufferedWriteChannel (BufferedWriteChannel.java:open(61)) - open log_inprogress_0 at position 0
2025-03-10 14:58:50,234 [768f1ebc-c18b-41d5-9534-8f528a8c3722@group-2460433EB1A0-StateMachineUpdater] INFO  safemode.HealthyPipelineSafeModeRule (HealthyPipelineSafeModeRule.java:initializeRule(174)) - Refreshed total pipeline count is 1, healthy pipeline threshold count is 1
2025-03-10 14:58:50,236 [EventQueue-PipelineReportForPipelineReportHandler] INFO  pipeline.PipelineReportHandler (PipelineReportHandler.java:processPipelineReport(139)) - Opened pipeline PipelineID=ca7d1e5f-c110-487f-9e28-606166e69d51
2025-03-10 14:58:50,237 [EventQueue-OpenPipelineForHealthyPipelineSafeModeRule] INFO  safemode.SCMSafeModeManager (HealthyPipelineSafeModeRule.java:process(141)) - SCM in safe mode. Healthy pipelines reported count is 1, required healthy pipeline reported count is 1
2025-03-10 14:58:50,237 [EventQueue-OpenPipelineForHealthyPipelineSafeModeRule] INFO  safemode.SCMSafeModeManager (SCMSafeModeManager.java:validateSafeModeExitRules(185)) - HealthyPipelineSafeModeRule rule is successfully validated
2025-03-10 14:58:50,238 [EventQueue-OpenPipelineForHealthyPipelineSafeModeRule] INFO  safemode.SCMSafeModeManager (SCMSafeModeManager.java:validateSafeModeExitRules(200)) - ScmSafeModeManager, all rules are successfully validated
2025-03-10 14:58:50,238 [EventQueue-OpenPipelineForHealthyPipelineSafeModeRule] INFO  safemode.SCMSafeModeManager (SCMSafeModeManager.java:exitSafeMode(230)) - SCM exiting safe mode.
2025-03-10 14:58:50,241 [EventQueue-OpenPipelineForHealthyPipelineSafeModeRule] INFO  ha.SCMContext (SCMContext.java:updateSafeModeStatus(224)) - Update SafeModeStatus from SafeModeStatus{safeModeStatus=true, preCheckPassed=true} to SafeModeStatus{safeModeStatus=false, preCheckPassed=true}.
2025-03-10 14:58:50,241 [EventQueue-OpenPipelineForHealthyPipelineSafeModeRule] INFO  BackgroundPipelineScrubber (BackgroundSCMService.java:notifyStatusChanged(78)) - Service BackgroundPipelineScrubber transitions to RUNNING.
2025-03-10 14:58:50,241 [EventQueue-OpenPipelineForHealthyPipelineSafeModeRule] INFO  ExpiredContainerReplicaOpScrubber (BackgroundSCMService.java:notifyStatusChanged(78)) - Service ExpiredContainerReplicaOpScrubber transitions to RUNNING.
2025-03-10 14:58:50,241 [EventQueue-OpenPipelineForHealthyPipelineSafeModeRule] INFO  block.SCMBlockDeletingService (SCMBlockDeletingService.java:notifyStatusChanged(250)) - notifyStatusChanged:RUNNING
2025-03-10 14:58:50,241 [EventQueue-OpenPipelineForHealthyPipelineSafeModeRule] INFO  replication.ReplicationManager (ReplicationManager.java:notifyStatusChanged(1360)) - Service ReplicationManager transitions to RUNNING.
2025-03-10 14:58:50,239 [bb41d03f-9ea0-4e3b-80d9-0852d4352e0e@group-606166E69D51-SegmentedRaftLogWorker] INFO  segmented.SegmentedRaftLogWorker (SegmentedRaftLogWorker.java:execute(644)) - bb41d03f-9ea0-4e3b-80d9-0852d4352e0e@group-606166E69D51-SegmentedRaftLogWorker: created new log segment /home/runner/work/ozone/ozone/hadoop-ozone/integration-test/target/test-dir/MiniOzoneClusterImpl-c1e049f0-9043-4314-b8f3-2460433eb1a0/ozone-meta/datanode-1/ratis/ca7d1e5f-c110-487f-9e28-606166e69d51/current/log_inprogress_0
2025-03-10 14:58:50,247 [EventQueue-OpenPipelineForHealthyPipelineSafeModeRule] WARN  balancer.ContainerBalancer (ContainerBalancer.java:shouldRun(134)) - Could not find persisted configuration for ContainerBalancer when checking if ContainerBalancer should run. ContainerBalancer should not run now.
2025-03-10 14:58:50,247 [24343a3a-85a1-4b3d-bed0-d5c89a70db02-server-thread1] INFO  ratis.XceiverServerRatis (XceiverServerRatis.java:handleLeaderChangedNotification(941)) - Leader change notification received for group: group-606166E69D51 with new leaderId: bb41d03f-9ea0-4e3b-80d9-0852d4352e0e
2025-03-10 14:58:50,247 [24343a3a-85a1-4b3d-bed0-d5c89a70db02-server-thread1] INFO  server.RaftServer$Division (ServerState.java:setLeader(272)) - 24343a3a-85a1-4b3d-bed0-d5c89a70db02@group-606166E69D51: change Leader from null to bb41d03f-9ea0-4e3b-80d9-0852d4352e0e at term 1 for appendEntries, leader elected after 4849ms
2025-03-10 14:58:50,247 [EventQueue-OpenPipelineForHealthyPipelineSafeModeRule] INFO  SCMHATransactionMonitor (BackgroundSCMService.java:notifyStatusChanged(78)) - Service SCMHATransactionMonitor transitions to RUNNING.
2025-03-10 14:58:50,252 [cd975088-a4e1-4d6c-8217-e67620ac7c17-server-thread1] INFO  ratis.XceiverServerRatis (XceiverServerRatis.java:handleLeaderChangedNotification(941)) - Leader change notification received for group: group-606166E69D51 with new leaderId: bb41d03f-9ea0-4e3b-80d9-0852d4352e0e
2025-03-10 14:58:50,252 [cd975088-a4e1-4d6c-8217-e67620ac7c17-server-thread1] INFO  server.RaftServer$Division (ServerState.java:setLeader(272)) - cd975088-a4e1-4d6c-8217-e67620ac7c17@group-606166E69D51: change Leader from null to bb41d03f-9ea0-4e3b-80d9-0852d4352e0e at term 1 for appendEntries, leader elected after 4902ms
2025-03-10 14:58:50,252 [24343a3a-85a1-4b3d-bed0-d5c89a70db02-server-thread2] INFO  server.RaftServer$Division (ServerState.java:setRaftConf(386)) - 24343a3a-85a1-4b3d-bed0-d5c89a70db02@group-606166E69D51: set configuration conf: {index: 0, cur=peers:[bb41d03f-9ea0-4e3b-80d9-0852d4352e0e|127.0.0.1:15016, cd975088-a4e1-4d6c-8217-e67620ac7c17|127.0.0.1:15025, 24343a3a-85a1-4b3d-bed0-d5c89a70db02|127.0.0.1:15034]|listeners:[], old=null}
2025-03-10 14:58:50,255 [cd975088-a4e1-4d6c-8217-e67620ac7c17-server-thread2] INFO  server.RaftServer$Division (ServerState.java:setRaftConf(386)) - cd975088-a4e1-4d6c-8217-e67620ac7c17@group-606166E69D51: set configuration conf: {index: 0, cur=peers:[bb41d03f-9ea0-4e3b-80d9-0852d4352e0e|127.0.0.1:15016, cd975088-a4e1-4d6c-8217-e67620ac7c17|127.0.0.1:15025, 24343a3a-85a1-4b3d-bed0-d5c89a70db02|127.0.0.1:15034]|listeners:[], old=null}
2025-03-10 14:58:50,255 [24343a3a-85a1-4b3d-bed0-d5c89a70db02-server-thread2] INFO  segmented.SegmentedRaftLogWorker (SegmentedRaftLogWorker.java:startLogSegment(438)) - 24343a3a-85a1-4b3d-bed0-d5c89a70db02@group-606166E69D51-SegmentedRaftLogWorker: Starting segment from index:0
2025-03-10 14:58:50,256 [cd975088-a4e1-4d6c-8217-e67620ac7c17-server-thread2] INFO  segmented.SegmentedRaftLogWorker (SegmentedRaftLogWorker.java:startLogSegment(438)) - cd975088-a4e1-4d6c-8217-e67620ac7c17@group-606166E69D51-SegmentedRaftLogWorker: Starting segment from index:0
2025-03-10 14:58:50,256 [cd975088-a4e1-4d6c-8217-e67620ac7c17@group-606166E69D51-SegmentedRaftLogWorker] INFO  segmented.BufferedWriteChannel (BufferedWriteChannel.java:open(61)) - open log_inprogress_0 at position 0
2025-03-10 14:58:50,257 [24343a3a-85a1-4b3d-bed0-d5c89a70db02@group-606166E69D51-SegmentedRaftLogWorker] INFO  segmented.BufferedWriteChannel (BufferedWriteChannel.java:open(61)) - open log_inprogress_0 at position 0
2025-03-10 14:58:50,268 [cd975088-a4e1-4d6c-8217-e67620ac7c17@group-606166E69D51-SegmentedRaftLogWorker] INFO  segmented.SegmentedRaftLogWorker (SegmentedRaftLogWorker.java:execute(644)) - cd975088-a4e1-4d6c-8217-e67620ac7c17@group-606166E69D51-SegmentedRaftLogWorker: created new log segment /home/runner/work/ozone/ozone/hadoop-ozone/integration-test/target/test-dir/MiniOzoneClusterImpl-c1e049f0-9043-4314-b8f3-2460433eb1a0/ozone-meta/datanode-2/ratis/ca7d1e5f-c110-487f-9e28-606166e69d51/current/log_inprogress_0
2025-03-10 14:58:50,269 [24343a3a-85a1-4b3d-bed0-d5c89a70db02@group-606166E69D51-SegmentedRaftLogWorker] INFO  segmented.SegmentedRaftLogWorker (SegmentedRaftLogWorker.java:execute(644)) - 24343a3a-85a1-4b3d-bed0-d5c89a70db02@group-606166E69D51-SegmentedRaftLogWorker: created new log segment /home/runner/work/ozone/ozone/hadoop-ozone/integration-test/target/test-dir/MiniOzoneClusterImpl-c1e049f0-9043-4314-b8f3-2460433eb1a0/ozone-meta/datanode-3/ratis/ca7d1e5f-c110-487f-9e28-606166e69d51/current/log_inprogress_0
2025-03-10 14:58:50,273 [bb41d03f-9ea0-4e3b-80d9-0852d4352e0e@group-606166E69D51-StateMachineUpdater] INFO  server.RaftServer$Division (LeaderStateImpl.java:checkStartIndex(313)) - Leader bb41d03f-9ea0-4e3b-80d9-0852d4352e0e@group-606166E69D51-LeaderStateImpl is ready since appliedIndex == startIndex == 0
2025-03-10 14:58:50,359 [cd975088-a4e1-4d6c-8217-e67620ac7c17@group-B2175FA93812-FollowerState] INFO  impl.FollowerState (FollowerState.java:runImpl(161)) - cd975088-a4e1-4d6c-8217-e67620ac7c17@group-B2175FA93812-FollowerState: change to CANDIDATE, lastRpcElapsedTime:5018935172ns, electionTimeout:5017ms
2025-03-10 14:58:50,359 [cd975088-a4e1-4d6c-8217-e67620ac7c17@group-B2175FA93812-FollowerState] INFO  impl.RoleInfo (RoleInfo.java:shutdownFollowerState(121)) - cd975088-a4e1-4d6c-8217-e67620ac7c17: shutdown cd975088-a4e1-4d6c-8217-e67620ac7c17@group-B2175FA93812-FollowerState
2025-03-10 14:58:50,359 [cd975088-a4e1-4d6c-8217-e67620ac7c17@group-B2175FA93812-FollowerState] INFO  server.RaftServer$Division (RaftServerImpl.java:setRole(378)) - cd975088-a4e1-4d6c-8217-e67620ac7c17@group-B2175FA93812: changes role from  FOLLOWER to CANDIDATE at term 0 for changeToCandidate
2025-03-10 14:58:50,359 [cd975088-a4e1-4d6c-8217-e67620ac7c17@group-B2175FA93812-FollowerState] INFO  server.RaftServerConfigKeys (ConfUtils.java:logGet(46)) - raft.server.leaderelection.pre-vote = true (default)
2025-03-10 14:58:50,359 [cd975088-a4e1-4d6c-8217-e67620ac7c17@group-B2175FA93812-FollowerState] INFO  impl.RoleInfo (RoleInfo.java:updateAndGet(148)) - cd975088-a4e1-4d6c-8217-e67620ac7c17: start cd975088-a4e1-4d6c-8217-e67620ac7c17@group-B2175FA93812-LeaderElection6
2025-03-10 14:58:50,359 [cd975088-a4e1-4d6c-8217-e67620ac7c17@group-B2175FA93812-LeaderElection6] INFO  impl.LeaderElection (LeaderElection.java:askForVotes(332)) - cd975088-a4e1-4d6c-8217-e67620ac7c17@group-B2175FA93812-LeaderElection6 PRE_VOTE round 0: submit vote requests at term 0 for conf: {index: -1, cur=peers:[cd975088-a4e1-4d6c-8217-e67620ac7c17|127.0.0.1:15025]|listeners:[], old=null}
2025-03-10 14:58:50,360 [cd975088-a4e1-4d6c-8217-e67620ac7c17@group-B2175FA93812-LeaderElection6] INFO  impl.LeaderElection (LeaderElection.java:askForVotes(334)) - cd975088-a4e1-4d6c-8217-e67620ac7c17@group-B2175FA93812-LeaderElection6 PRE_VOTE round 0: result PASSED (term=0)
2025-03-10 14:58:50,361 [cd975088-a4e1-4d6c-8217-e67620ac7c17@group-B2175FA93812-LeaderElection6] INFO  impl.LeaderElection (LeaderElection.java:askForVotes(332)) - cd975088-a4e1-4d6c-8217-e67620ac7c17@group-B2175FA93812-LeaderElection6 ELECTION round 0: submit vote requests at term 1 for conf: {index: -1, cur=peers:[cd975088-a4e1-4d6c-8217-e67620ac7c17|127.0.0.1:15025]|listeners:[], old=null}
2025-03-10 14:58:50,361 [cd975088-a4e1-4d6c-8217-e67620ac7c17@group-B2175FA93812-LeaderElection6] INFO  impl.LeaderElection (LeaderElection.java:askForVotes(334)) - cd975088-a4e1-4d6c-8217-e67620ac7c17@group-B2175FA93812-LeaderElection6 ELECTION round 0: result PASSED (term=1)
2025-03-10 14:58:50,361 [cd975088-a4e1-4d6c-8217-e67620ac7c17@group-B2175FA93812-LeaderElection6] INFO  impl.RoleInfo (RoleInfo.java:shutdownLeaderElection(141)) - cd975088-a4e1-4d6c-8217-e67620ac7c17: shutdown cd975088-a4e1-4d6c-8217-e67620ac7c17@group-B2175FA93812-LeaderElection6
2025-03-10 14:58:50,361 [cd975088-a4e1-4d6c-8217-e67620ac7c17@group-B2175FA93812-LeaderElection6] INFO  server.RaftServer$Division (RaftServerImpl.java:setRole(378)) - cd975088-a4e1-4d6c-8217-e67620ac7c17@group-B2175FA93812: changes role from CANDIDATE to LEADER at term 1 for changeToLeader
2025-03-10 14:58:50,361 [cd975088-a4e1-4d6c-8217-e67620ac7c17@group-B2175FA93812-LeaderElection6] INFO  server.RaftServerConfigKeys (ConfUtils.java:logGet(46)) - raft.server.staging.catchup.gap = 1000 (default)
2025-03-10 14:58:50,362 [cd975088-a4e1-4d6c-8217-e67620ac7c17@group-B2175FA93812-LeaderElection6] INFO  server.RaftServerConfigKeys (ConfUtils.java:logGet(46)) - raft.server.write.element-limit = 1024 (custom)
2025-03-10 14:58:50,362 [cd975088-a4e1-4d6c-8217-e67620ac7c17@group-B2175FA93812-LeaderElection6] INFO  server.RaftServerConfigKeys (ConfUtils.java:logGet(46)) - raft.server.write.byte-limit = 1024 M (=1073741824) (custom)
2025-03-10 14:58:50,362 [cd975088-a4e1-4d6c-8217-e67620ac7c17@group-B2175FA93812-LeaderElection6] INFO  server.RaftServerConfigKeys (ConfUtils.java:logGet(46)) - raft.server.watch.timeout = 30s (custom)
2025-03-10 14:58:50,362 [cd975088-a4e1-4d6c-8217-e67620ac7c17@group-B2175FA93812-LeaderElection6] INFO  server.RaftServerConfigKeys (ConfUtils.java:logGet(46)) - raft.server.watch.timeout.denomination = 1s (default)
2025-03-10 14:58:50,362 [cd975088-a4e1-4d6c-8217-e67620ac7c17@group-B2175FA93812-LeaderElection6] INFO  server.RaftServerConfigKeys (ConfUtils.java:logGet(46)) - raft.server.watch.element-limit = 65536 (default)
2025-03-10 14:58:50,363 [cd975088-a4e1-4d6c-8217-e67620ac7c17@group-B2175FA93812-LeaderElection6] INFO  server.RaftServerConfigKeys (ConfUtils.java:logGet(46)) - raft.server.read.leader.lease.enabled = false (default)
2025-03-10 14:58:50,363 [cd975088-a4e1-4d6c-8217-e67620ac7c17@group-B2175FA93812-LeaderElection6] INFO  server.RaftServerConfigKeys (ConfUtils.java:logGet(46)) - raft.server.read.leader.lease.timeout.ratio = 0.9 (default)
2025-03-10 14:58:50,363 [cd975088-a4e1-4d6c-8217-e67620ac7c17@group-B2175FA93812-LeaderElection6] INFO  server.RaftServerConfigKeys (ConfUtils.java:logGet(46)) - raft.server.rpc.timeout.min = 5s (custom)
2025-03-10 14:58:50,363 [cd975088-a4e1-4d6c-8217-e67620ac7c17@group-B2175FA93812-LeaderElection6] INFO  server.RaftServerConfigKeys (ConfUtils.java:logGet(46)) - raft.server.log.log-metadata.enabled = true (default)
2025-03-10 14:58:50,364 [cd975088-a4e1-4d6c-8217-e67620ac7c17@group-B2175FA93812-LeaderElection6] INFO  server.RaftServerConfigKeys (ConfUtils.java:logGet(46)) - raft.server.write.element-limit = 1024 (custom)
2025-03-10 14:58:50,364 [cd975088-a4e1-4d6c-8217-e67620ac7c17@group-B2175FA93812-LeaderElection6] INFO  server.RaftServerConfigKeys (ConfUtils.java:logGet(46)) - raft.server.write.follower.gap.ratio.max = -1.0 (default)
2025-03-10 14:58:50,364 [cd975088-a4e1-4d6c-8217-e67620ac7c17@group-B2175FA93812-LeaderElection6] INFO  impl.RoleInfo (RoleInfo.java:updateAndGet(148)) - cd975088-a4e1-4d6c-8217-e67620ac7c17: start cd975088-a4e1-4d6c-8217-e67620ac7c17@group-B2175FA93812-LeaderStateImpl
2025-03-10 14:58:50,364 [cd975088-a4e1-4d6c-8217-e67620ac7c17@group-B2175FA93812-LeaderElection6] INFO  server.RaftServer$Division (RaftServerImpl.java:setFirstElection(562)) - cd975088-a4e1-4d6c-8217-e67620ac7c17@group-B2175FA93812: set firstElectionSinceStartup to false for becomeLeader
2025-03-10 14:58:50,364 [cd975088-a4e1-4d6c-8217-e67620ac7c17@group-B2175FA93812-LeaderElection6] INFO  ratis.XceiverServerRatis (XceiverServerRatis.java:handleLeaderChangedNotification(941)) - Leader change notification received for group: group-B2175FA93812 with new leaderId: cd975088-a4e1-4d6c-8217-e67620ac7c17
2025-03-10 14:58:50,364 [cd975088-a4e1-4d6c-8217-e67620ac7c17@group-B2175FA93812-LeaderElection6] INFO  server.RaftServer$Division (ServerState.java:setLeader(272)) - cd975088-a4e1-4d6c-8217-e67620ac7c17@group-B2175FA93812: change Leader from null to cd975088-a4e1-4d6c-8217-e67620ac7c17 at term 1 for becomeLeader, leader elected after 5045ms
2025-03-10 14:58:50,364 [cd975088-a4e1-4d6c-8217-e67620ac7c17@group-B2175FA93812-LeaderElection6] INFO  segmented.SegmentedRaftLogWorker (SegmentedRaftLogWorker.java:startLogSegment(438)) - cd975088-a4e1-4d6c-8217-e67620ac7c17@group-B2175FA93812-SegmentedRaftLogWorker: Starting segment from index:0
2025-03-10 14:58:50,365 [cd975088-a4e1-4d6c-8217-e67620ac7c17@group-B2175FA93812-LeaderElection6] INFO  server.RaftServer$Division (ServerState.java:setRaftConf(386)) - cd975088-a4e1-4d6c-8217-e67620ac7c17@group-B2175FA93812: set configuration conf: {index: 0, cur=peers:[cd975088-a4e1-4d6c-8217-e67620ac7c17|127.0.0.1:15025]|listeners:[], old=null}
2025-03-10 14:58:50,365 [cd975088-a4e1-4d6c-8217-e67620ac7c17@group-B2175FA93812-SegmentedRaftLogWorker] INFO  segmented.BufferedWriteChannel (BufferedWriteChannel.java:open(61)) - open log_inprogress_0 at position 0
2025-03-10 14:58:50,375 [cd975088-a4e1-4d6c-8217-e67620ac7c17@group-B2175FA93812-SegmentedRaftLogWorker] INFO  segmented.SegmentedRaftLogWorker (SegmentedRaftLogWorker.java:execute(644)) - cd975088-a4e1-4d6c-8217-e67620ac7c17@group-B2175FA93812-SegmentedRaftLogWorker: created new log segment /home/runner/work/ozone/ozone/hadoop-ozone/integration-test/target/test-dir/MiniOzoneClusterImpl-c1e049f0-9043-4314-b8f3-2460433eb1a0/ozone-meta/datanode-2/ratis/3e2dd505-942f-401a-882d-b2175fa93812/current/log_inprogress_0
2025-03-10 14:58:50,377 [cd975088-a4e1-4d6c-8217-e67620ac7c17@group-B2175FA93812-StateMachineUpdater] INFO  server.RaftServer$Division (LeaderStateImpl.java:checkStartIndex(313)) - Leader cd975088-a4e1-4d6c-8217-e67620ac7c17@group-B2175FA93812-LeaderStateImpl is ready since appliedIndex == startIndex == 0
2025-03-10 14:58:50,499 [bb41d03f-9ea0-4e3b-80d9-0852d4352e0e@group-037D493794B6-FollowerState] INFO  impl.FollowerState (FollowerState.java:runImpl(161)) - bb41d03f-9ea0-4e3b-80d9-0852d4352e0e@group-037D493794B6-FollowerState: change to CANDIDATE, lastRpcElapsedTime:5003818868ns, electionTimeout:5002ms
2025-03-10 14:58:50,499 [bb41d03f-9ea0-4e3b-80d9-0852d4352e0e@group-037D493794B6-FollowerState] INFO  impl.RoleInfo (RoleInfo.java:shutdownFollowerState(121)) - bb41d03f-9ea0-4e3b-80d9-0852d4352e0e: shutdown bb41d03f-9ea0-4e3b-80d9-0852d4352e0e@group-037D493794B6-FollowerState
2025-03-10 14:58:50,499 [bb41d03f-9ea0-4e3b-80d9-0852d4352e0e@group-037D493794B6-FollowerState] INFO  server.RaftServer$Division (RaftServerImpl.java:setRole(378)) - bb41d03f-9ea0-4e3b-80d9-0852d4352e0e@group-037D493794B6: changes role from  FOLLOWER to CANDIDATE at term 0 for changeToCandidate
2025-03-10 14:58:50,499 [bb41d03f-9ea0-4e3b-80d9-0852d4352e0e@group-037D493794B6-FollowerState] INFO  server.RaftServerConfigKeys (ConfUtils.java:logGet(46)) - raft.server.leaderelection.pre-vote = true (default)
2025-03-10 14:58:50,499 [bb41d03f-9ea0-4e3b-80d9-0852d4352e0e@group-037D493794B6-FollowerState] INFO  impl.RoleInfo (RoleInfo.java:updateAndGet(148)) - bb41d03f-9ea0-4e3b-80d9-0852d4352e0e: start bb41d03f-9ea0-4e3b-80d9-0852d4352e0e@group-037D493794B6-LeaderElection7
2025-03-10 14:58:50,500 [bb41d03f-9ea0-4e3b-80d9-0852d4352e0e@group-037D493794B6-LeaderElection7] INFO  impl.LeaderElection (LeaderElection.java:askForVotes(332)) - bb41d03f-9ea0-4e3b-80d9-0852d4352e0e@group-037D493794B6-LeaderElection7 PRE_VOTE round 0: submit vote requests at term 0 for conf: {index: -1, cur=peers:[bb41d03f-9ea0-4e3b-80d9-0852d4352e0e|127.0.0.1:15016, cd975088-a4e1-4d6c-8217-e67620ac7c17|127.0.0.1:15025, 24343a3a-85a1-4b3d-bed0-d5c89a70db02|127.0.0.1:15034]|listeners:[], old=null}
2025-03-10 14:58:50,501 [bb41d03f-9ea0-4e3b-80d9-0852d4352e0e@group-037D493794B6-LeaderElection7] INFO  server.RaftServerConfigKeys (ConfUtils.java:logFallback(53)) - raft.server.rpc.first-election.timeout.min = 5s (fallback to raft.server.rpc.timeout.min)
2025-03-10 14:58:50,501 [bb41d03f-9ea0-4e3b-80d9-0852d4352e0e@group-037D493794B6-LeaderElection7] INFO  server.RaftServerConfigKeys (ConfUtils.java:logFallback(53)) - raft.server.rpc.first-election.timeout.max = 5200ms (fallback to raft.server.rpc.timeout.max)
2025-03-10 14:58:50,503 [grpc-default-executor-4] INFO  server.RaftServer$Division (RaftServerImpl.java:requestVote(1407)) - 24343a3a-85a1-4b3d-bed0-d5c89a70db02@group-037D493794B6: receive requestVote(PRE_VOTE, bb41d03f-9ea0-4e3b-80d9-0852d4352e0e, group-037D493794B6, 0, (t:0, i:0))
2025-03-10 14:58:50,504 [grpc-default-executor-4] INFO  impl.VoteContext (VoteContext.java:log(49)) - 24343a3a-85a1-4b3d-bed0-d5c89a70db02@group-037D493794B6-FOLLOWER: accept PRE_VOTE from bb41d03f-9ea0-4e3b-80d9-0852d4352e0e: our priority 0 <= candidate's priority 0
2025-03-10 14:58:50,504 [grpc-default-executor-4] INFO  server.RaftServer$Division (RaftServerImpl.java:requestVote(1441)) - 24343a3a-85a1-4b3d-bed0-d5c89a70db02@group-037D493794B6 replies to PRE_VOTE vote request: bb41d03f-9ea0-4e3b-80d9-0852d4352e0e<-24343a3a-85a1-4b3d-bed0-d5c89a70db02#0:OK-t0. Peer's state: 24343a3a-85a1-4b3d-bed0-d5c89a70db02@group-037D493794B6:t0, leader=null, voted=, raftlog=Memoized:24343a3a-85a1-4b3d-bed0-d5c89a70db02@group-037D493794B6-SegmentedRaftLog:OPENED:c-1:lastnull, conf=conf: {index: -1, cur=peers:[bb41d03f-9ea0-4e3b-80d9-0852d4352e0e|127.0.0.1:15016, cd975088-a4e1-4d6c-8217-e67620ac7c17|127.0.0.1:15025, 24343a3a-85a1-4b3d-bed0-d5c89a70db02|127.0.0.1:15034]|listeners:[], old=null}
2025-03-10 14:58:50,504 [grpc-default-executor-2] INFO  server.RaftServer$Division (RaftServerImpl.java:requestVote(1407)) - cd975088-a4e1-4d6c-8217-e67620ac7c17@group-037D493794B6: receive requestVote(PRE_VOTE, bb41d03f-9ea0-4e3b-80d9-0852d4352e0e, group-037D493794B6, 0, (t:0, i:0))
2025-03-10 14:58:50,504 [grpc-default-executor-2] INFO  impl.VoteContext (VoteContext.java:log(49)) - cd975088-a4e1-4d6c-8217-e67620ac7c17@group-037D493794B6-FOLLOWER: reject PRE_VOTE from bb41d03f-9ea0-4e3b-80d9-0852d4352e0e: our priority 1 > candidate's priority 0
2025-03-10 14:58:50,504 [grpc-default-executor-2] INFO  server.RaftServer$Division (RaftServerImpl.java:requestVote(1441)) - cd975088-a4e1-4d6c-8217-e67620ac7c17@group-037D493794B6 replies to PRE_VOTE vote request: bb41d03f-9ea0-4e3b-80d9-0852d4352e0e<-cd975088-a4e1-4d6c-8217-e67620ac7c17#0:FAIL-t0. Peer's state: cd975088-a4e1-4d6c-8217-e67620ac7c17@group-037D493794B6:t0, leader=null, voted=, raftlog=Memoized:cd975088-a4e1-4d6c-8217-e67620ac7c17@group-037D493794B6-SegmentedRaftLog:OPENED:c-1:lastnull, conf=conf: {index: -1, cur=peers:[bb41d03f-9ea0-4e3b-80d9-0852d4352e0e|127.0.0.1:15016, cd975088-a4e1-4d6c-8217-e67620ac7c17|127.0.0.1:15025, 24343a3a-85a1-4b3d-bed0-d5c89a70db02|127.0.0.1:15034]|listeners:[], old=null}
2025-03-10 14:58:50,507 [bb41d03f-9ea0-4e3b-80d9-0852d4352e0e@group-037D493794B6-LeaderElection7] INFO  impl.LeaderElection (LeaderElection.java:logAndReturn(90)) - bb41d03f-9ea0-4e3b-80d9-0852d4352e0e@group-037D493794B6-LeaderElection7: PRE_VOTE REJECTED received 1 response(s) and 0 exception(s):
2025-03-10 14:58:50,507 [bb41d03f-9ea0-4e3b-80d9-0852d4352e0e@group-037D493794B6-LeaderElection7] INFO  impl.LeaderElection (LeaderElection.java:logAndReturn(94)) -   Response 0: bb41d03f-9ea0-4e3b-80d9-0852d4352e0e<-cd975088-a4e1-4d6c-8217-e67620ac7c17#0:FAIL-t0
2025-03-10 14:58:50,507 [bb41d03f-9ea0-4e3b-80d9-0852d4352e0e@group-037D493794B6-LeaderElection7] INFO  impl.LeaderElection (LeaderElection.java:askForVotes(334)) - bb41d03f-9ea0-4e3b-80d9-0852d4352e0e@group-037D493794B6-LeaderElection7 PRE_VOTE round 0: result REJECTED
2025-03-10 14:58:50,507 [bb41d03f-9ea0-4e3b-80d9-0852d4352e0e@group-037D493794B6-LeaderElection7] INFO  server.RaftServer$Division (RaftServerImpl.java:setRole(378)) - bb41d03f-9ea0-4e3b-80d9-0852d4352e0e@group-037D493794B6: changes role from CANDIDATE to FOLLOWER at term 0 for REJECTED
2025-03-10 14:58:50,507 [bb41d03f-9ea0-4e3b-80d9-0852d4352e0e@group-037D493794B6-LeaderElection7] INFO  impl.RoleInfo (RoleInfo.java:shutdownLeaderElection(141)) - bb41d03f-9ea0-4e3b-80d9-0852d4352e0e: shutdown bb41d03f-9ea0-4e3b-80d9-0852d4352e0e@group-037D493794B6-LeaderElection7
2025-03-10 14:58:50,507 [bb41d03f-9ea0-4e3b-80d9-0852d4352e0e@group-037D493794B6-LeaderElection7] INFO  impl.RoleInfo (RoleInfo.java:updateAndGet(148)) - bb41d03f-9ea0-4e3b-80d9-0852d4352e0e: start bb41d03f-9ea0-4e3b-80d9-0852d4352e0e@group-037D493794B6-FollowerState
2025-03-10 14:58:50,507 [bb41d03f-9ea0-4e3b-80d9-0852d4352e0e@group-037D493794B6-LeaderElection7] INFO  server.RaftServer$Division (RaftServerImpl.java:setFirstElection(562)) - bb41d03f-9ea0-4e3b-80d9-0852d4352e0e@group-037D493794B6: set firstElectionSinceStartup to false for REJECTED
2025-03-10 14:58:50,536 [main] INFO  ozone.MiniOzoneClusterImpl (MiniOzoneClusterImpl.java:lambda$waitForClusterToBeReady$0(208)) - Nodes are ready. Got 3 of 3 DN Heartbeats.
2025-03-10 14:58:50,537 [main] INFO  ozone.MiniOzoneClusterImpl (MiniOzoneClusterImpl.java:lambda$waitForClusterToBeReady$0(211)) - Cluster exits safe mode
2025-03-10 14:58:50,537 [main] INFO  ozone.MiniOzoneClusterImpl (MiniOzoneClusterImpl.java:lambda$waitForClusterToBeReady$0(213)) - SCM became leader
2025-03-10 14:58:50,594 [24343a3a-85a1-4b3d-bed0-d5c89a70db02@group-843A714FA3E3-FollowerState] INFO  impl.FollowerState (FollowerState.java:runImpl(161)) - 24343a3a-85a1-4b3d-bed0-d5c89a70db02@group-843A714FA3E3-FollowerState: change to CANDIDATE, lastRpcElapsedTime:5026666744ns, electionTimeout:5026ms
2025-03-10 14:58:50,594 [24343a3a-85a1-4b3d-bed0-d5c89a70db02@group-843A714FA3E3-FollowerState] INFO  impl.RoleInfo (RoleInfo.java:shutdownFollowerState(121)) - 24343a3a-85a1-4b3d-bed0-d5c89a70db02: shutdown 24343a3a-85a1-4b3d-bed0-d5c89a70db02@group-843A714FA3E3-FollowerState
2025-03-10 14:58:50,594 [24343a3a-85a1-4b3d-bed0-d5c89a70db02@group-843A714FA3E3-FollowerState] INFO  server.RaftServer$Division (RaftServerImpl.java:setRole(378)) - 24343a3a-85a1-4b3d-bed0-d5c89a70db02@group-843A714FA3E3: changes role from  FOLLOWER to CANDIDATE at term 0 for changeToCandidate
2025-03-10 14:58:50,595 [24343a3a-85a1-4b3d-bed0-d5c89a70db02@group-843A714FA3E3-FollowerState] INFO  server.RaftServerConfigKeys (ConfUtils.java:logGet(46)) - raft.server.leaderelection.pre-vote = true (default)
2025-03-10 14:58:50,595 [24343a3a-85a1-4b3d-bed0-d5c89a70db02@group-843A714FA3E3-FollowerState] INFO  impl.RoleInfo (RoleInfo.java:updateAndGet(148)) - 24343a3a-85a1-4b3d-bed0-d5c89a70db02: start 24343a3a-85a1-4b3d-bed0-d5c89a70db02@group-843A714FA3E3-LeaderElection8
2025-03-10 14:58:50,595 [24343a3a-85a1-4b3d-bed0-d5c89a70db02@group-843A714FA3E3-LeaderElection8] INFO  impl.LeaderElection (LeaderElection.java:askForVotes(332)) - 24343a3a-85a1-4b3d-bed0-d5c89a70db02@group-843A714FA3E3-LeaderElection8 PRE_VOTE round 0: submit vote requests at term 0 for conf: {index: -1, cur=peers:[24343a3a-85a1-4b3d-bed0-d5c89a70db02|127.0.0.1:15034]|listeners:[], old=null}
2025-03-10 14:58:50,595 [24343a3a-85a1-4b3d-bed0-d5c89a70db02@group-843A714FA3E3-LeaderElection8] INFO  impl.LeaderElection (LeaderElection.java:askForVotes(334)) - 24343a3a-85a1-4b3d-bed0-d5c89a70db02@group-843A714FA3E3-LeaderElection8 PRE_VOTE round 0: result PASSED (term=0)
2025-03-10 14:58:50,597 [24343a3a-85a1-4b3d-bed0-d5c89a70db02@group-843A714FA3E3-LeaderElection8] INFO  impl.LeaderElection (LeaderElection.java:askForVotes(332)) - 24343a3a-85a1-4b3d-bed0-d5c89a70db02@group-843A714FA3E3-LeaderElection8 ELECTION round 0: submit vote requests at term 1 for conf: {index: -1, cur=peers:[24343a3a-85a1-4b3d-bed0-d5c89a70db02|127.0.0.1:15034]|listeners:[], old=null}
2025-03-10 14:58:50,597 [24343a3a-85a1-4b3d-bed0-d5c89a70db02@group-843A714FA3E3-LeaderElection8] INFO  impl.LeaderElection (LeaderElection.java:askForVotes(334)) - 24343a3a-85a1-4b3d-bed0-d5c89a70db02@group-843A714FA3E3-LeaderElection8 ELECTION round 0: result PASSED (term=1)
2025-03-10 14:58:50,597 [24343a3a-85a1-4b3d-bed0-d5c89a70db02@group-843A714FA3E3-LeaderElection8] INFO  impl.RoleInfo (RoleInfo.java:shutdownLeaderElection(141)) - 24343a3a-85a1-4b3d-bed0-d5c89a70db02: shutdown 24343a3a-85a1-4b3d-bed0-d5c89a70db02@group-843A714FA3E3-LeaderElection8
2025-03-10 14:58:50,597 [24343a3a-85a1-4b3d-bed0-d5c89a70db02@group-843A714FA3E3-LeaderElection8] INFO  server.RaftServer$Division (RaftServerImpl.java:setRole(378)) - 24343a3a-85a1-4b3d-bed0-d5c89a70db02@group-843A714FA3E3: changes role from CANDIDATE to LEADER at term 1 for changeToLeader
2025-03-10 14:58:50,597 [24343a3a-85a1-4b3d-bed0-d5c89a70db02@group-843A714FA3E3-LeaderElection8] INFO  server.RaftServerConfigKeys (ConfUtils.java:logGet(46)) - raft.server.staging.catchup.gap = 1000 (default)
2025-03-10 14:58:50,597 [24343a3a-85a1-4b3d-bed0-d5c89a70db02@group-843A714FA3E3-LeaderElection8] INFO  server.RaftServerConfigKeys (ConfUtils.java:logGet(46)) - raft.server.write.element-limit = 1024 (custom)
2025-03-10 14:58:50,597 [24343a3a-85a1-4b3d-bed0-d5c89a70db02@group-843A714FA3E3-LeaderElection8] INFO  server.RaftServerConfigKeys (ConfUtils.java:logGet(46)) - raft.server.write.byte-limit = 1024 M (=1073741824) (custom)
2025-03-10 14:58:50,598 [24343a3a-85a1-4b3d-bed0-d5c89a70db02@group-843A714FA3E3-LeaderElection8] INFO  server.RaftServerConfigKeys (ConfUtils.java:logGet(46)) - raft.server.watch.timeout = 30s (custom)
2025-03-10 14:58:50,598 [24343a3a-85a1-4b3d-bed0-d5c89a70db02@group-843A714FA3E3-LeaderElection8] INFO  server.RaftServerConfigKeys (ConfUtils.java:logGet(46)) - raft.server.watch.timeout.denomination = 1s (default)
2025-03-10 14:58:50,598 [24343a3a-85a1-4b3d-bed0-d5c89a70db02@group-843A714FA3E3-LeaderElection8] INFO  server.RaftServerConfigKeys (ConfUtils.java:logGet(46)) - raft.server.watch.element-limit = 65536 (default)
2025-03-10 14:58:50,598 [24343a3a-85a1-4b3d-bed0-d5c89a70db02@group-843A714FA3E3-LeaderElection8] INFO  server.RaftServerConfigKeys (ConfUtils.java:logGet(46)) - raft.server.read.leader.lease.enabled = false (default)
2025-03-10 14:58:50,598 [24343a3a-85a1-4b3d-bed0-d5c89a70db02@group-843A714FA3E3-LeaderElection8] INFO  server.RaftServerConfigKeys (ConfUtils.java:logGet(46)) - raft.server.read.leader.lease.timeout.ratio = 0.9 (default)
2025-03-10 14:58:50,599 [24343a3a-85a1-4b3d-bed0-d5c89a70db02@group-843A714FA3E3-LeaderElection8] INFO  server.RaftServerConfigKeys (ConfUtils.java:logGet(46)) - raft.server.rpc.timeout.min = 5s (custom)
2025-03-10 14:58:50,599 [24343a3a-85a1-4b3d-bed0-d5c89a70db02@group-843A714FA3E3-LeaderElection8] INFO  server.RaftServerConfigKeys (ConfUtils.java:logGet(46)) - raft.server.log.log-metadata.enabled = true (default)
2025-03-10 14:58:50,599 [24343a3a-85a1-4b3d-bed0-d5c89a70db02@group-843A714FA3E3-LeaderElection8] INFO  server.RaftServerConfigKeys (ConfUtils.java:logGet(46)) - raft.server.write.element-limit = 1024 (custom)
2025-03-10 14:58:50,599 [24343a3a-85a1-4b3d-bed0-d5c89a70db02@group-843A714FA3E3-LeaderElection8] INFO  server.RaftServerConfigKeys (ConfUtils.java:logGet(46)) - raft.server.write.follower.gap.ratio.max = -1.0 (default)
2025-03-10 14:58:50,599 [24343a3a-85a1-4b3d-bed0-d5c89a70db02@group-843A714FA3E3-LeaderElection8] INFO  impl.RoleInfo (RoleInfo.java:updateAndGet(148)) - 24343a3a-85a1-4b3d-bed0-d5c89a70db02: start 24343a3a-85a1-4b3d-bed0-d5c89a70db02@group-843A714FA3E3-LeaderStateImpl
2025-03-10 14:58:50,599 [24343a3a-85a1-4b3d-bed0-d5c89a70db02@group-843A714FA3E3-LeaderElection8] INFO  server.RaftServer$Division (RaftServerImpl.java:setFirstElection(562)) - 24343a3a-85a1-4b3d-bed0-d5c89a70db02@group-843A714FA3E3: set firstElectionSinceStartup to false for becomeLeader
2025-03-10 14:58:50,599 [24343a3a-85a1-4b3d-bed0-d5c89a70db02@group-843A714FA3E3-LeaderElection8] INFO  ratis.XceiverServerRatis (XceiverServerRatis.java:handleLeaderChangedNotification(941)) - Leader change notification received for group: group-843A714FA3E3 with new leaderId: 24343a3a-85a1-4b3d-bed0-d5c89a70db02
2025-03-10 14:58:50,600 [24343a3a-85a1-4b3d-bed0-d5c89a70db02@group-843A714FA3E3-LeaderElection8] INFO  server.RaftServer$Division (ServerState.java:setLeader(272)) - 24343a3a-85a1-4b3d-bed0-d5c89a70db02@group-843A714FA3E3: change Leader from null to 24343a3a-85a1-4b3d-bed0-d5c89a70db02 at term 1 for becomeLeader, leader elected after 5068ms
2025-03-10 14:58:50,601 [24343a3a-85a1-4b3d-bed0-d5c89a70db02@group-843A714FA3E3-LeaderElection8] INFO  segmented.SegmentedRaftLogWorker (SegmentedRaftLogWorker.java:startLogSegment(438)) - 24343a3a-85a1-4b3d-bed0-d5c89a70db02@group-843A714FA3E3-SegmentedRaftLogWorker: Starting segment from index:0
2025-03-10 14:58:50,601 [24343a3a-85a1-4b3d-bed0-d5c89a70db02@group-843A714FA3E3-SegmentedRaftLogWorker] INFO  segmented.BufferedWriteChannel (BufferedWriteChannel.java:open(61)) - open log_inprogress_0 at position 0
2025-03-10 14:58:50,602 [24343a3a-85a1-4b3d-bed0-d5c89a70db02@group-843A714FA3E3-LeaderElection8] INFO  server.RaftServer$Division (ServerState.java:setRaftConf(386)) - 24343a3a-85a1-4b3d-bed0-d5c89a70db02@group-843A714FA3E3: set configuration conf: {index: 0, cur=peers:[24343a3a-85a1-4b3d-bed0-d5c89a70db02|127.0.0.1:15034]|listeners:[], old=null}
2025-03-10 14:58:50,613 [24343a3a-85a1-4b3d-bed0-d5c89a70db02@group-843A714FA3E3-SegmentedRaftLogWorker] INFO  segmented.SegmentedRaftLogWorker (SegmentedRaftLogWorker.java:execute(644)) - 24343a3a-85a1-4b3d-bed0-d5c89a70db02@group-843A714FA3E3-SegmentedRaftLogWorker: created new log segment /home/runner/work/ozone/ozone/hadoop-ozone/integration-test/target/test-dir/MiniOzoneClusterImpl-c1e049f0-9043-4314-b8f3-2460433eb1a0/ozone-meta/datanode-3/ratis/6244250d-c605-4b83-adc1-843a714fa3e3/current/log_inprogress_0
2025-03-10 14:58:50,616 [24343a3a-85a1-4b3d-bed0-d5c89a70db02@group-843A714FA3E3-StateMachineUpdater] INFO  server.RaftServer$Division (LeaderStateImpl.java:checkStartIndex(313)) - Leader 24343a3a-85a1-4b3d-bed0-d5c89a70db02@group-843A714FA3E3-LeaderStateImpl is ready since appliedIndex == startIndex == 0
2025-03-10 14:58:50,619 [cd975088-a4e1-4d6c-8217-e67620ac7c17@group-037D493794B6-FollowerState] INFO  impl.FollowerState (FollowerState.java:runImpl(161)) - cd975088-a4e1-4d6c-8217-e67620ac7c17@group-037D493794B6-FollowerState: change to CANDIDATE, lastRpcElapsedTime:5103713321ns, electionTimeout:5103ms
2025-03-10 14:58:50,619 [cd975088-a4e1-4d6c-8217-e67620ac7c17@group-037D493794B6-FollowerState] INFO  impl.RoleInfo (RoleInfo.java:shutdownFollowerState(121)) - cd975088-a4e1-4d6c-8217-e67620ac7c17: shutdown cd975088-a4e1-4d6c-8217-e67620ac7c17@group-037D493794B6-FollowerState
2025-03-10 14:58:50,619 [cd975088-a4e1-4d6c-8217-e67620ac7c17@group-037D493794B6-FollowerState] INFO  server.RaftServer$Division (RaftServerImpl.java:setRole(378)) - cd975088-a4e1-4d6c-8217-e67620ac7c17@group-037D493794B6: changes role from  FOLLOWER to CANDIDATE at term 0 for changeToCandidate
2025-03-10 14:58:50,619 [cd975088-a4e1-4d6c-8217-e67620ac7c17@group-037D493794B6-FollowerState] INFO  server.RaftServerConfigKeys (ConfUtils.java:logGet(46)) - raft.server.leaderelection.pre-vote = true (default)
2025-03-10 14:58:50,619 [cd975088-a4e1-4d6c-8217-e67620ac7c17@group-037D493794B6-FollowerState] INFO  impl.RoleInfo (RoleInfo.java:updateAndGet(148)) - cd975088-a4e1-4d6c-8217-e67620ac7c17: start cd975088-a4e1-4d6c-8217-e67620ac7c17@group-037D493794B6-LeaderElection9
2025-03-10 14:58:50,620 [cd975088-a4e1-4d6c-8217-e67620ac7c17@group-037D493794B6-LeaderElection9] INFO  impl.LeaderElection (LeaderElection.java:askForVotes(332)) - cd975088-a4e1-4d6c-8217-e67620ac7c17@group-037D493794B6-LeaderElection9 PRE_VOTE round 0: submit vote requests at term 0 for conf: {index: -1, cur=peers:[bb41d03f-9ea0-4e3b-80d9-0852d4352e0e|127.0.0.1:15016, cd975088-a4e1-4d6c-8217-e67620ac7c17|127.0.0.1:15025, 24343a3a-85a1-4b3d-bed0-d5c89a70db02|127.0.0.1:15034]|listeners:[], old=null}
2025-03-10 14:58:50,620 [cd975088-a4e1-4d6c-8217-e67620ac7c17@group-037D493794B6-LeaderElection9-1] INFO  server.GrpcServerProtocolClient (GrpcServerProtocolClient.java:<init>(65)) - Build channel for bb41d03f-9ea0-4e3b-80d9-0852d4352e0e|127.0.0.1:15016
2025-03-10 14:58:50,621 [cd975088-a4e1-4d6c-8217-e67620ac7c17@group-037D493794B6-LeaderElection9] INFO  server.RaftServerConfigKeys (ConfUtils.java:logFallback(53)) - raft.server.rpc.first-election.timeout.min = 5s (fallback to raft.server.rpc.timeout.min)
2025-03-10 14:58:50,622 [cd975088-a4e1-4d6c-8217-e67620ac7c17@group-037D493794B6-LeaderElection9] INFO  server.RaftServerConfigKeys (ConfUtils.java:logFallback(53)) - raft.server.rpc.first-election.timeout.max = 5200ms (fallback to raft.server.rpc.timeout.max)
2025-03-10 14:58:50,622 [cd975088-a4e1-4d6c-8217-e67620ac7c17@group-037D493794B6-LeaderElection9-2] INFO  server.GrpcServerProtocolClient (GrpcServerProtocolClient.java:<init>(65)) - Build channel for 24343a3a-85a1-4b3d-bed0-d5c89a70db02|127.0.0.1:15034
2025-03-10 14:58:50,628 [grpc-default-executor-4] INFO  server.RaftServer$Division (RaftServerImpl.java:requestVote(1407)) - 24343a3a-85a1-4b3d-bed0-d5c89a70db02@group-037D493794B6: receive requestVote(PRE_VOTE, cd975088-a4e1-4d6c-8217-e67620ac7c17, group-037D493794B6, 0, (t:0, i:0))
2025-03-10 14:58:50,628 [grpc-default-executor-4] INFO  impl.VoteContext (VoteContext.java:log(49)) - 24343a3a-85a1-4b3d-bed0-d5c89a70db02@group-037D493794B6-FOLLOWER: accept PRE_VOTE from cd975088-a4e1-4d6c-8217-e67620ac7c17: our priority 0 <= candidate's priority 1
2025-03-10 14:58:50,628 [grpc-default-executor-4] INFO  server.RaftServer$Division (RaftServerImpl.java:requestVote(1441)) - 24343a3a-85a1-4b3d-bed0-d5c89a70db02@group-037D493794B6 replies to PRE_VOTE vote request: cd975088-a4e1-4d6c-8217-e67620ac7c17<-24343a3a-85a1-4b3d-bed0-d5c89a70db02#0:OK-t0. Peer's state: 24343a3a-85a1-4b3d-bed0-d5c89a70db02@group-037D493794B6:t0, leader=null, voted=, raftlog=Memoized:24343a3a-85a1-4b3d-bed0-d5c89a70db02@group-037D493794B6-SegmentedRaftLog:OPENED:c-1:lastnull, conf=conf: {index: -1, cur=peers:[bb41d03f-9ea0-4e3b-80d9-0852d4352e0e|127.0.0.1:15016, cd975088-a4e1-4d6c-8217-e67620ac7c17|127.0.0.1:15025, 24343a3a-85a1-4b3d-bed0-d5c89a70db02|127.0.0.1:15034]|listeners:[], old=null}
2025-03-10 14:58:50,630 [cd975088-a4e1-4d6c-8217-e67620ac7c17@group-037D493794B6-LeaderElection9] INFO  impl.LeaderElection (LeaderElection.java:logAndReturn(90)) - cd975088-a4e1-4d6c-8217-e67620ac7c17@group-037D493794B6-LeaderElection9: PRE_VOTE PASSED received 1 response(s) and 0 exception(s):
2025-03-10 14:58:50,630 [cd975088-a4e1-4d6c-8217-e67620ac7c17@group-037D493794B6-LeaderElection9] INFO  impl.LeaderElection (LeaderElection.java:logAndReturn(94)) -   Response 0: cd975088-a4e1-4d6c-8217-e67620ac7c17<-24343a3a-85a1-4b3d-bed0-d5c89a70db02#0:OK-t0
2025-03-10 14:58:50,630 [cd975088-a4e1-4d6c-8217-e67620ac7c17@group-037D493794B6-LeaderElection9] INFO  impl.LeaderElection (LeaderElection.java:askForVotes(334)) - cd975088-a4e1-4d6c-8217-e67620ac7c17@group-037D493794B6-LeaderElection9 PRE_VOTE round 0: result PASSED
2025-03-10 14:58:50,631 [grpc-default-executor-4] INFO  server.RaftServer$Division (RaftServerImpl.java:requestVote(1407)) - bb41d03f-9ea0-4e3b-80d9-0852d4352e0e@group-037D493794B6: receive requestVote(PRE_VOTE, cd975088-a4e1-4d6c-8217-e67620ac7c17, group-037D493794B6, 0, (t:0, i:0))
2025-03-10 14:58:50,631 [grpc-default-executor-4] INFO  impl.VoteContext (VoteContext.java:log(49)) - bb41d03f-9ea0-4e3b-80d9-0852d4352e0e@group-037D493794B6-FOLLOWER: accept PRE_VOTE from cd975088-a4e1-4d6c-8217-e67620ac7c17: our priority 0 <= candidate's priority 1
2025-03-10 14:58:50,631 [grpc-default-executor-4] INFO  server.RaftServer$Division (RaftServerImpl.java:requestVote(1441)) - bb41d03f-9ea0-4e3b-80d9-0852d4352e0e@group-037D493794B6 replies to PRE_VOTE vote request: cd975088-a4e1-4d6c-8217-e67620ac7c17<-bb41d03f-9ea0-4e3b-80d9-0852d4352e0e#0:OK-t0. Peer's state: bb41d03f-9ea0-4e3b-80d9-0852d4352e0e@group-037D493794B6:t0, leader=null, voted=, raftlog=Memoized:bb41d03f-9ea0-4e3b-80d9-0852d4352e0e@group-037D493794B6-SegmentedRaftLog:OPENED:c-1:lastnull, conf=conf: {index: -1, cur=peers:[bb41d03f-9ea0-4e3b-80d9-0852d4352e0e|127.0.0.1:15016, cd975088-a4e1-4d6c-8217-e67620ac7c17|127.0.0.1:15025, 24343a3a-85a1-4b3d-bed0-d5c89a70db02|127.0.0.1:15034]|listeners:[], old=null}
2025-03-10 14:58:50,632 [cd975088-a4e1-4d6c-8217-e67620ac7c17@group-037D493794B6-LeaderElection9] INFO  impl.LeaderElection (LeaderElection.java:askForVotes(332)) - cd975088-a4e1-4d6c-8217-e67620ac7c17@group-037D493794B6-LeaderElection9 ELECTION round 0: submit vote requests at term 1 for conf: {index: -1, cur=peers:[bb41d03f-9ea0-4e3b-80d9-0852d4352e0e|127.0.0.1:15016, cd975088-a4e1-4d6c-8217-e67620ac7c17|127.0.0.1:15025, 24343a3a-85a1-4b3d-bed0-d5c89a70db02|127.0.0.1:15034]|listeners:[], old=null}
2025-03-10 14:58:50,633 [cd975088-a4e1-4d6c-8217-e67620ac7c17@group-037D493794B6-LeaderElection9] INFO  server.RaftServerConfigKeys (ConfUtils.java:logFallback(53)) - raft.server.rpc.first-election.timeout.min = 5s (fallback to raft.server.rpc.timeout.min)
2025-03-10 14:58:50,634 [cd975088-a4e1-4d6c-8217-e67620ac7c17@group-037D493794B6-LeaderElection9] INFO  server.RaftServerConfigKeys (ConfUtils.java:logFallback(53)) - raft.server.rpc.first-election.timeout.max = 5200ms (fallback to raft.server.rpc.timeout.max)
2025-03-10 14:58:50,636 [grpc-default-executor-4] INFO  server.RaftServer$Division (RaftServerImpl.java:requestVote(1407)) - bb41d03f-9ea0-4e3b-80d9-0852d4352e0e@group-037D493794B6: receive requestVote(ELECTION, cd975088-a4e1-4d6c-8217-e67620ac7c17, group-037D493794B6, 1, (t:0, i:0))
2025-03-10 14:58:50,636 [grpc-default-executor-4] INFO  impl.VoteContext (VoteContext.java:log(49)) - bb41d03f-9ea0-4e3b-80d9-0852d4352e0e@group-037D493794B6-FOLLOWER: accept ELECTION from cd975088-a4e1-4d6c-8217-e67620ac7c17: our priority 0 <= candidate's priority 1
2025-03-10 14:58:50,636 [grpc-default-executor-4] INFO  server.RaftServer$Division (RaftServerImpl.java:setRole(378)) - bb41d03f-9ea0-4e3b-80d9-0852d4352e0e@group-037D493794B6: changes role from  FOLLOWER to FOLLOWER at term 0 for candidate:cd975088-a4e1-4d6c-8217-e67620ac7c17
2025-03-10 14:58:50,636 [grpc-default-executor-4] INFO  impl.RoleInfo (RoleInfo.java:shutdownFollowerState(121)) - bb41d03f-9ea0-4e3b-80d9-0852d4352e0e: shutdown bb41d03f-9ea0-4e3b-80d9-0852d4352e0e@group-037D493794B6-FollowerState
2025-03-10 14:58:50,636 [grpc-default-executor-4] INFO  impl.RoleInfo (RoleInfo.java:updateAndGet(148)) - bb41d03f-9ea0-4e3b-80d9-0852d4352e0e: start bb41d03f-9ea0-4e3b-80d9-0852d4352e0e@group-037D493794B6-FollowerState
2025-03-10 14:58:50,636 [bb41d03f-9ea0-4e3b-80d9-0852d4352e0e@group-037D493794B6-FollowerState] INFO  impl.FollowerState (FollowerState.java:runImpl(170)) - bb41d03f-9ea0-4e3b-80d9-0852d4352e0e@group-037D493794B6-FollowerState was interrupted
2025-03-10 14:58:50,638 [grpc-default-executor-2] INFO  server.RaftServer$Division (RaftServerImpl.java:requestVote(1407)) - 24343a3a-85a1-4b3d-bed0-d5c89a70db02@group-037D493794B6: receive requestVote(ELECTION, cd975088-a4e1-4d6c-8217-e67620ac7c17, group-037D493794B6, 1, (t:0, i:0))
2025-03-10 14:58:50,639 [grpc-default-executor-2] INFO  impl.VoteContext (VoteContext.java:log(49)) - 24343a3a-85a1-4b3d-bed0-d5c89a70db02@group-037D493794B6-FOLLOWER: accept ELECTION from cd975088-a4e1-4d6c-8217-e67620ac7c17: our priority 0 <= candidate's priority 1
2025-03-10 14:58:50,639 [grpc-default-executor-2] INFO  server.RaftServer$Division (RaftServerImpl.java:setRole(378)) - 24343a3a-85a1-4b3d-bed0-d5c89a70db02@group-037D493794B6: changes role from  FOLLOWER to FOLLOWER at term 0 for candidate:cd975088-a4e1-4d6c-8217-e67620ac7c17
2025-03-10 14:58:50,639 [grpc-default-executor-2] INFO  impl.RoleInfo (RoleInfo.java:shutdownFollowerState(121)) - 24343a3a-85a1-4b3d-bed0-d5c89a70db02: shutdown 24343a3a-85a1-4b3d-bed0-d5c89a70db02@group-037D493794B6-FollowerState
2025-03-10 14:58:50,639 [grpc-default-executor-2] INFO  impl.RoleInfo (RoleInfo.java:updateAndGet(148)) - 24343a3a-85a1-4b3d-bed0-d5c89a70db02: start 24343a3a-85a1-4b3d-bed0-d5c89a70db02@group-037D493794B6-FollowerState
2025-03-10 14:58:50,638 [grpc-default-executor-4] INFO  server.RaftServer$Division (RaftServerImpl.java:requestVote(1441)) - bb41d03f-9ea0-4e3b-80d9-0852d4352e0e@group-037D493794B6 replies to ELECTION vote request: cd975088-a4e1-4d6c-8217-e67620ac7c17<-bb41d03f-9ea0-4e3b-80d9-0852d4352e0e#0:OK-t1. Peer's state: bb41d03f-9ea0-4e3b-80d9-0852d4352e0e@group-037D493794B6:t1, leader=null, voted=cd975088-a4e1-4d6c-8217-e67620ac7c17, raftlog=Memoized:bb41d03f-9ea0-4e3b-80d9-0852d4352e0e@group-037D493794B6-SegmentedRaftLog:OPENED:c-1:lastnull, conf=conf: {index: -1, cur=peers:[bb41d03f-9ea0-4e3b-80d9-0852d4352e0e|127.0.0.1:15016, cd975088-a4e1-4d6c-8217-e67620ac7c17|127.0.0.1:15025, 24343a3a-85a1-4b3d-bed0-d5c89a70db02|127.0.0.1:15034]|listeners:[], old=null}
2025-03-10 14:58:50,639 [24343a3a-85a1-4b3d-bed0-d5c89a70db02@group-037D493794B6-FollowerState] INFO  impl.FollowerState (FollowerState.java:runImpl(170)) - 24343a3a-85a1-4b3d-bed0-d5c89a70db02@group-037D493794B6-FollowerState was interrupted
2025-03-10 14:58:50,642 [grpc-default-executor-2] INFO  server.RaftServer$Division (RaftServerImpl.java:setFirstElection(562)) - 24343a3a-85a1-4b3d-bed0-d5c89a70db02@group-037D493794B6: set firstElectionSinceStartup to false for candidate:cd975088-a4e1-4d6c-8217-e67620ac7c17
2025-03-10 14:58:50,643 [grpc-default-executor-2] INFO  server.RaftServer$Division (RaftServerImpl.java:requestVote(1441)) - 24343a3a-85a1-4b3d-bed0-d5c89a70db02@group-037D493794B6 replies to ELECTION vote request: cd975088-a4e1-4d6c-8217-e67620ac7c17<-24343a3a-85a1-4b3d-bed0-d5c89a70db02#0:OK-t1. Peer's state: 24343a3a-85a1-4b3d-bed0-d5c89a70db02@group-037D493794B6:t1, leader=null, voted=cd975088-a4e1-4d6c-8217-e67620ac7c17, raftlog=Memoized:24343a3a-85a1-4b3d-bed0-d5c89a70db02@group-037D493794B6-SegmentedRaftLog:OPENED:c-1:lastnull, conf=conf: {index: -1, cur=peers:[bb41d03f-9ea0-4e3b-80d9-0852d4352e0e|127.0.0.1:15016, cd975088-a4e1-4d6c-8217-e67620ac7c17|127.0.0.1:15025, 24343a3a-85a1-4b3d-bed0-d5c89a70db02|127.0.0.1:15034]|listeners:[], old=null}
2025-03-10 14:58:50,644 [cd975088-a4e1-4d6c-8217-e67620ac7c17@group-037D493794B6-LeaderElection9] INFO  impl.LeaderElection (LeaderElection.java:logAndReturn(90)) - cd975088-a4e1-4d6c-8217-e67620ac7c17@group-037D493794B6-LeaderElection9: ELECTION PASSED received 1 response(s) and 0 exception(s):
2025-03-10 14:58:50,644 [cd975088-a4e1-4d6c-8217-e67620ac7c17@group-037D493794B6-LeaderElection9] INFO  impl.LeaderElection (LeaderElection.java:logAndReturn(94)) -   Response 0: cd975088-a4e1-4d6c-8217-e67620ac7c17<-bb41d03f-9ea0-4e3b-80d9-0852d4352e0e#0:OK-t1
2025-03-10 14:58:50,645 [cd975088-a4e1-4d6c-8217-e67620ac7c17@group-037D493794B6-LeaderElection9] INFO  impl.LeaderElection (LeaderElection.java:askForVotes(334)) - cd975088-a4e1-4d6c-8217-e67620ac7c17@group-037D493794B6-LeaderElection9 ELECTION round 0: result PASSED
2025-03-10 14:58:50,645 [cd975088-a4e1-4d6c-8217-e67620ac7c17@group-037D493794B6-LeaderElection9] INFO  impl.RoleInfo (RoleInfo.java:shutdownLeaderElection(141)) - cd975088-a4e1-4d6c-8217-e67620ac7c17: shutdown cd975088-a4e1-4d6c-8217-e67620ac7c17@group-037D493794B6-LeaderElection9
2025-03-10 14:58:50,645 [cd975088-a4e1-4d6c-8217-e67620ac7c17@group-037D493794B6-LeaderElection9] INFO  server.RaftServer$Division (RaftServerImpl.java:setRole(378)) - cd975088-a4e1-4d6c-8217-e67620ac7c17@group-037D493794B6: changes role from CANDIDATE to LEADER at term 1 for changeToLeader
2025-03-10 14:58:50,645 [cd975088-a4e1-4d6c-8217-e67620ac7c17@group-037D493794B6-LeaderElection9] INFO  server.RaftServerConfigKeys (ConfUtils.java:logGet(46)) - raft.server.staging.catchup.gap = 1000 (default)
2025-03-10 14:58:50,645 [cd975088-a4e1-4d6c-8217-e67620ac7c17@group-037D493794B6-LeaderElection9] INFO  server.RaftServerConfigKeys (ConfUtils.java:logGet(46)) - raft.server.write.element-limit = 1024 (custom)
2025-03-10 14:58:50,645 [cd975088-a4e1-4d6c-8217-e67620ac7c17@group-037D493794B6-LeaderElection9] INFO  server.RaftServerConfigKeys (ConfUtils.java:logGet(46)) - raft.server.write.byte-limit = 1024 M (=1073741824) (custom)
2025-03-10 14:58:50,645 [cd975088-a4e1-4d6c-8217-e67620ac7c17@group-037D493794B6-LeaderElection9] INFO  server.RaftServerConfigKeys (ConfUtils.java:logGet(46)) - raft.server.watch.timeout = 30s (custom)
2025-03-10 14:58:50,646 [cd975088-a4e1-4d6c-8217-e67620ac7c17@group-037D493794B6-LeaderElection9] INFO  server.RaftServerConfigKeys (ConfUtils.java:logGet(46)) - raft.server.watch.timeout.denomination = 1s (default)
2025-03-10 14:58:50,646 [cd975088-a4e1-4d6c-8217-e67620ac7c17@group-037D493794B6-LeaderElection9] INFO  server.RaftServerConfigKeys (ConfUtils.java:logGet(46)) - raft.server.watch.element-limit = 65536 (default)
2025-03-10 14:58:50,646 [cd975088-a4e1-4d6c-8217-e67620ac7c17@group-037D493794B6-LeaderElection9] INFO  server.RaftServerConfigKeys (ConfUtils.java:logGet(46)) - raft.server.read.leader.lease.enabled = false (default)
2025-03-10 14:58:50,646 [cd975088-a4e1-4d6c-8217-e67620ac7c17@group-037D493794B6-LeaderElection9] INFO  server.RaftServerConfigKeys (ConfUtils.java:logGet(46)) - raft.server.read.leader.lease.timeout.ratio = 0.9 (default)
2025-03-10 14:58:50,646 [cd975088-a4e1-4d6c-8217-e67620ac7c17@group-037D493794B6-LeaderElection9] INFO  server.RaftServerConfigKeys (ConfUtils.java:logGet(46)) - raft.server.rpc.timeout.min = 5s (custom)
2025-03-10 14:58:50,646 [cd975088-a4e1-4d6c-8217-e67620ac7c17@group-037D493794B6-LeaderElection9] INFO  server.RaftServerConfigKeys (ConfUtils.java:logGet(46)) - raft.server.log.log-metadata.enabled = true (default)
2025-03-10 14:58:50,646 [cd975088-a4e1-4d6c-8217-e67620ac7c17@group-037D493794B6-LeaderElection9] INFO  server.RaftServerConfigKeys (ConfUtils.java:logGet(46)) - raft.server.write.element-limit = 1024 (custom)
2025-03-10 14:58:50,647 [cd975088-a4e1-4d6c-8217-e67620ac7c17@group-037D493794B6-LeaderElection9] INFO  server.RaftServerConfigKeys (ConfUtils.java:logGet(46)) - raft.server.write.follower.gap.ratio.max = -1.0 (default)
2025-03-10 14:58:50,647 [cd975088-a4e1-4d6c-8217-e67620ac7c17@group-037D493794B6-LeaderElection9] INFO  server.RaftServerConfigKeys (ConfUtils.java:logGet(46)) - raft.server.log.appender.snapshot.chunk.size.max = 16MB (=16777216) (default)
2025-03-10 14:58:50,647 [cd975088-a4e1-4d6c-8217-e67620ac7c17@group-037D493794B6-LeaderElection9] INFO  server.RaftServerConfigKeys (ConfUtils.java:logGet(46)) - raft.server.log.appender.buffer.byte-limit = 33554432 (custom)
2025-03-10 14:58:50,647 [cd975088-a4e1-4d6c-8217-e67620ac7c17@group-037D493794B6-LeaderElection9] INFO  server.RaftServerConfigKeys (ConfUtils.java:logGet(46)) - raft.server.log.appender.buffer.element-limit = 1024 (custom)
2025-03-10 14:58:50,650 [cd975088-a4e1-4d6c-8217-e67620ac7c17@group-037D493794B6-LeaderElection9] INFO  server.RaftServerConfigKeys (ConfUtils.java:logGet(46)) - raft.server.log.appender.wait-time.min = 0μs (custom)
2025-03-10 14:58:50,650 [cd975088-a4e1-4d6c-8217-e67620ac7c17@group-037D493794B6-LeaderElection9] INFO  grpc.GrpcConfigKeys (ConfUtils.java:logGet(46)) - raft.grpc.server.leader.outstanding.appends.max = 8 (default)
2025-03-10 14:58:50,651 [cd975088-a4e1-4d6c-8217-e67620ac7c17@group-037D493794B6-LeaderElection9] INFO  server.RaftServerConfigKeys (ConfUtils.java:logGet(46)) - raft.server.rpc.request.timeout = 60s (custom)
2025-03-10 14:58:50,651 [cd975088-a4e1-4d6c-8217-e67620ac7c17@group-037D493794B6-LeaderElection9] INFO  grpc.GrpcConfigKeys (ConfUtils.java:logGet(46)) - raft.grpc.server.install_snapshot.request.element-limit = 8 (default)
2025-03-10 14:58:50,652 [cd975088-a4e1-4d6c-8217-e67620ac7c17@group-037D493794B6-LeaderElection9] INFO  grpc.GrpcConfigKeys (ConfUtils.java:logGet(46)) - raft.grpc.server.install_snapshot.request.timeout = 3000ms (default)
2025-03-10 14:58:50,652 [cd975088-a4e1-4d6c-8217-e67620ac7c17@group-037D493794B6-LeaderElection9] INFO  grpc.GrpcConfigKeys (ConfUtils.java:logGet(46)) - raft.grpc.server.log-message.batch.duration = 5s (default)
2025-03-10 14:58:50,652 [cd975088-a4e1-4d6c-8217-e67620ac7c17@group-037D493794B6-LeaderElection9] INFO  server.RaftServerConfigKeys (ConfUtils.java:logGet(46)) - raft.server.log.appender.install.snapshot.enabled = false (custom)
2025-03-10 14:58:50,652 [cd975088-a4e1-4d6c-8217-e67620ac7c17@group-037D493794B6-LeaderElection9] INFO  grpc.GrpcConfigKeys (ConfUtils.java:logGet(46)) - raft.grpc.server.heartbeat.channel = true (default)
2025-03-10 14:58:50,653 [cd975088-a4e1-4d6c-8217-e67620ac7c17@group-037D493794B6-LeaderElection9] INFO  server.RaftServerConfigKeys (ConfUtils.java:logGet(46)) - raft.server.log.appender.snapshot.chunk.size.max = 16MB (=16777216) (default)
2025-03-10 14:58:50,653 [cd975088-a4e1-4d6c-8217-e67620ac7c17@group-037D493794B6-LeaderElection9] INFO  server.RaftServerConfigKeys (ConfUtils.java:logGet(46)) - raft.server.log.appender.buffer.byte-limit = 33554432 (custom)
2025-03-10 14:58:50,654 [cd975088-a4e1-4d6c-8217-e67620ac7c17@group-037D493794B6-LeaderElection9] INFO  server.RaftServerConfigKeys (ConfUtils.java:logGet(46)) - raft.server.log.appender.buffer.element-limit = 1024 (custom)
2025-03-10 14:58:50,654 [cd975088-a4e1-4d6c-8217-e67620ac7c17@group-037D493794B6-LeaderElection9] INFO  server.RaftServerConfigKeys (ConfUtils.java:logGet(46)) - raft.server.log.appender.wait-time.min = 0μs (custom)
2025-03-10 14:58:50,654 [cd975088-a4e1-4d6c-8217-e67620ac7c17@group-037D493794B6-LeaderElection9] INFO  grpc.GrpcConfigKeys (ConfUtils.java:logGet(46)) - raft.grpc.server.leader.outstanding.appends.max = 8 (default)
2025-03-10 14:58:50,654 [cd975088-a4e1-4d6c-8217-e67620ac7c17@group-037D493794B6-LeaderElection9] INFO  server.RaftServerConfigKeys (ConfUtils.java:logGet(46)) - raft.server.rpc.request.timeout = 60s (custom)
2025-03-10 14:58:50,654 [cd975088-a4e1-4d6c-8217-e67620ac7c17@group-037D493794B6-LeaderElection9] INFO  grpc.GrpcConfigKeys (ConfUtils.java:logGet(46)) - raft.grpc.server.install_snapshot.request.element-limit = 8 (default)
2025-03-10 14:58:50,654 [cd975088-a4e1-4d6c-8217-e67620ac7c17@group-037D493794B6-LeaderElection9] INFO  grpc.GrpcConfigKeys (ConfUtils.java:logGet(46)) - raft.grpc.server.install_snapshot.request.timeout = 3000ms (default)
2025-03-10 14:58:50,654 [cd975088-a4e1-4d6c-8217-e67620ac7c17@group-037D493794B6-LeaderElection9] INFO  grpc.GrpcConfigKeys (ConfUtils.java:logGet(46)) - raft.grpc.server.log-message.batch.duration = 5s (default)
2025-03-10 14:58:50,654 [cd975088-a4e1-4d6c-8217-e67620ac7c17@group-037D493794B6-LeaderElection9] INFO  server.RaftServerConfigKeys (ConfUtils.java:logGet(46)) - raft.server.log.appender.install.snapshot.enabled = false (custom)
2025-03-10 14:58:50,654 [cd975088-a4e1-4d6c-8217-e67620ac7c17@group-037D493794B6-LeaderElection9] INFO  grpc.GrpcConfigKeys (ConfUtils.java:logGet(46)) - raft.grpc.server.heartbeat.channel = true (default)
2025-03-10 14:58:50,656 [cd975088-a4e1-4d6c-8217-e67620ac7c17@group-037D493794B6-LeaderElection9] INFO  impl.RoleInfo (RoleInfo.java:updateAndGet(148)) - cd975088-a4e1-4d6c-8217-e67620ac7c17: start cd975088-a4e1-4d6c-8217-e67620ac7c17@group-037D493794B6-LeaderStateImpl
2025-03-10 14:58:50,656 [cd975088-a4e1-4d6c-8217-e67620ac7c17@group-037D493794B6-LeaderElection9] INFO  server.RaftServer$Division (RaftServerImpl.java:setFirstElection(562)) - cd975088-a4e1-4d6c-8217-e67620ac7c17@group-037D493794B6: set firstElectionSinceStartup to false for becomeLeader
2025-03-10 14:58:50,656 [cd975088-a4e1-4d6c-8217-e67620ac7c17@group-037D493794B6-LeaderElection9] INFO  ratis.XceiverServerRatis (XceiverServerRatis.java:handleLeaderChangedNotification(941)) - Leader change notification received for group: group-037D493794B6 with new leaderId: cd975088-a4e1-4d6c-8217-e67620ac7c17
2025-03-10 14:58:50,656 [cd975088-a4e1-4d6c-8217-e67620ac7c17@group-037D493794B6-LeaderElection9] INFO  server.RaftServer$Division (ServerState.java:setLeader(272)) - cd975088-a4e1-4d6c-8217-e67620ac7c17@group-037D493794B6: change Leader from null to cd975088-a4e1-4d6c-8217-e67620ac7c17 at term 1 for becomeLeader, leader elected after 5168ms
2025-03-10 14:58:50,657 [cd975088-a4e1-4d6c-8217-e67620ac7c17@group-037D493794B6-LeaderElection9] INFO  segmented.SegmentedRaftLogWorker (SegmentedRaftLogWorker.java:startLogSegment(438)) - cd975088-a4e1-4d6c-8217-e67620ac7c17@group-037D493794B6-SegmentedRaftLogWorker: Starting segment from index:0
2025-03-10 14:58:50,657 [cd975088-a4e1-4d6c-8217-e67620ac7c17@group-037D493794B6-LeaderElection9] INFO  server.RaftServer$Division (ServerState.java:setRaftConf(386)) - cd975088-a4e1-4d6c-8217-e67620ac7c17@group-037D493794B6: set configuration conf: {index: 0, cur=peers:[bb41d03f-9ea0-4e3b-80d9-0852d4352e0e|127.0.0.1:15016, cd975088-a4e1-4d6c-8217-e67620ac7c17|127.0.0.1:15025, 24343a3a-85a1-4b3d-bed0-d5c89a70db02|127.0.0.1:15034]|listeners:[], old=null}
2025-03-10 14:58:50,658 [cd975088-a4e1-4d6c-8217-e67620ac7c17@group-037D493794B6-SegmentedRaftLogWorker] INFO  segmented.BufferedWriteChannel (BufferedWriteChannel.java:open(61)) - open log_inprogress_0 at position 0
2025-03-10 14:58:50,666 [EventQueue-PipelineReportForPipelineReportHandler] INFO  pipeline.PipelineReportHandler (PipelineReportHandler.java:processPipelineReport(139)) - Opened pipeline PipelineID=ac153af9-1e85-4974-beea-037d493794b6
2025-03-10 14:58:50,668 [24343a3a-85a1-4b3d-bed0-d5c89a70db02-server-thread1] INFO  ratis.XceiverServerRatis (XceiverServerRatis.java:handleLeaderChangedNotification(941)) - Leader change notification received for group: group-037D493794B6 with new leaderId: cd975088-a4e1-4d6c-8217-e67620ac7c17
2025-03-10 14:58:50,668 [24343a3a-85a1-4b3d-bed0-d5c89a70db02-server-thread1] INFO  server.RaftServer$Division (ServerState.java:setLeader(272)) - 24343a3a-85a1-4b3d-bed0-d5c89a70db02@group-037D493794B6: change Leader from null to cd975088-a4e1-4d6c-8217-e67620ac7c17 at term 1 for appendEntries, leader elected after 5124ms
2025-03-10 14:58:50,670 [cd975088-a4e1-4d6c-8217-e67620ac7c17@group-037D493794B6-SegmentedRaftLogWorker] INFO  segmented.SegmentedRaftLogWorker (SegmentedRaftLogWorker.java:execute(644)) - cd975088-a4e1-4d6c-8217-e67620ac7c17@group-037D493794B6-SegmentedRaftLogWorker: created new log segment /home/runner/work/ozone/ozone/hadoop-ozone/integration-test/target/test-dir/MiniOzoneClusterImpl-c1e049f0-9043-4314-b8f3-2460433eb1a0/ozone-meta/datanode-2/ratis/ac153af9-1e85-4974-beea-037d493794b6/current/log_inprogress_0
2025-03-10 14:58:50,672 [24343a3a-85a1-4b3d-bed0-d5c89a70db02-server-thread2] INFO  server.RaftServer$Division (ServerState.java:setRaftConf(386)) - 24343a3a-85a1-4b3d-bed0-d5c89a70db02@group-037D493794B6: set configuration conf: {index: 0, cur=peers:[bb41d03f-9ea0-4e3b-80d9-0852d4352e0e|127.0.0.1:15016, cd975088-a4e1-4d6c-8217-e67620ac7c17|127.0.0.1:15025, 24343a3a-85a1-4b3d-bed0-d5c89a70db02|127.0.0.1:15034]|listeners:[], old=null}
2025-03-10 14:58:50,672 [24343a3a-85a1-4b3d-bed0-d5c89a70db02-server-thread2] INFO  segmented.SegmentedRaftLogWorker (SegmentedRaftLogWorker.java:startLogSegment(438)) - 24343a3a-85a1-4b3d-bed0-d5c89a70db02@group-037D493794B6-SegmentedRaftLogWorker: Starting segment from index:0
2025-03-10 14:58:50,672 [24343a3a-85a1-4b3d-bed0-d5c89a70db02@group-037D493794B6-SegmentedRaftLogWorker] INFO  segmented.BufferedWriteChannel (BufferedWriteChannel.java:open(61)) - open log_inprogress_0 at position 0
2025-03-10 14:58:50,673 [bb41d03f-9ea0-4e3b-80d9-0852d4352e0e-server-thread1] INFO  ratis.XceiverServerRatis (XceiverServerRatis.java:handleLeaderChangedNotification(941)) - Leader change notification received for group: group-037D493794B6 with new leaderId: cd975088-a4e1-4d6c-8217-e67620ac7c17
2025-03-10 14:58:50,673 [bb41d03f-9ea0-4e3b-80d9-0852d4352e0e-server-thread1] INFO  server.RaftServer$Division (ServerState.java:setLeader(272)) - bb41d03f-9ea0-4e3b-80d9-0852d4352e0e@group-037D493794B6: change Leader from null to cd975088-a4e1-4d6c-8217-e67620ac7c17 at term 1 for appendEntries, leader elected after 5210ms
2025-03-10 14:58:50,674 [bb41d03f-9ea0-4e3b-80d9-0852d4352e0e-server-thread2] INFO  server.RaftServer$Division (ServerState.java:setRaftConf(386)) - bb41d03f-9ea0-4e3b-80d9-0852d4352e0e@group-037D493794B6: set configuration conf: {index: 0, cur=peers:[bb41d03f-9ea0-4e3b-80d9-0852d4352e0e|127.0.0.1:15016, cd975088-a4e1-4d6c-8217-e67620ac7c17|127.0.0.1:15025, 24343a3a-85a1-4b3d-bed0-d5c89a70db02|127.0.0.1:15034]|listeners:[], old=null}
2025-03-10 14:58:50,675 [bb41d03f-9ea0-4e3b-80d9-0852d4352e0e-server-thread2] INFO  segmented.SegmentedRaftLogWorker (SegmentedRaftLogWorker.java:startLogSegment(438)) - bb41d03f-9ea0-4e3b-80d9-0852d4352e0e@group-037D493794B6-SegmentedRaftLogWorker: Starting segment from index:0
2025-03-10 14:58:50,675 [bb41d03f-9ea0-4e3b-80d9-0852d4352e0e@group-037D493794B6-SegmentedRaftLogWorker] INFO  segmented.BufferedWriteChannel (BufferedWriteChannel.java:open(61)) - open log_inprogress_0 at position 0
2025-03-10 14:58:50,684 [24343a3a-85a1-4b3d-bed0-d5c89a70db02@group-037D493794B6-SegmentedRaftLogWorker] INFO  segmented.SegmentedRaftLogWorker (SegmentedRaftLogWorker.java:execute(644)) - 24343a3a-85a1-4b3d-bed0-d5c89a70db02@group-037D493794B6-SegmentedRaftLogWorker: created new log segment /home/runner/work/ozone/ozone/hadoop-ozone/integration-test/target/test-dir/MiniOzoneClusterImpl-c1e049f0-9043-4314-b8f3-2460433eb1a0/ozone-meta/datanode-3/ratis/ac153af9-1e85-4974-beea-037d493794b6/current/log_inprogress_0
2025-03-10 14:58:50,685 [bb41d03f-9ea0-4e3b-80d9-0852d4352e0e@group-037D493794B6-SegmentedRaftLogWorker] INFO  segmented.SegmentedRaftLogWorker (SegmentedRaftLogWorker.java:execute(644)) - bb41d03f-9ea0-4e3b-80d9-0852d4352e0e@group-037D493794B6-SegmentedRaftLogWorker: created new log segment /home/runner/work/ozone/ozone/hadoop-ozone/integration-test/target/test-dir/MiniOzoneClusterImpl-c1e049f0-9043-4314-b8f3-2460433eb1a0/ozone-meta/datanode-1/ratis/ac153af9-1e85-4974-beea-037d493794b6/current/log_inprogress_0
2025-03-10 14:58:50,688 [cd975088-a4e1-4d6c-8217-e67620ac7c17@group-037D493794B6-StateMachineUpdater] INFO  server.RaftServer$Division (LeaderStateImpl.java:checkStartIndex(313)) - Leader cd975088-a4e1-4d6c-8217-e67620ac7c17@group-037D493794B6-LeaderStateImpl is ready since appliedIndex == startIndex == 0
2025-03-10 14:58:50,958 [main] INFO  rpc.RpcClient (RpcClient.java:createVolume(462)) - Creating Volume: vol1, with runner as owner and space quota set to -1 bytes, counts quota set to -1
2025-03-10 14:58:50,973 [om1-OMStateMachineApplyTransactionThread - 0] INFO  volume.OMVolumeCreateRequest (OMVolumeCreateRequest.java:validateAndUpdateCache(204)) - created volume:vol1 for user:runner
2025-03-10 14:58:50,983 [main] INFO  rpc.RpcClient (RpcClient.java:createBucket(687)) - Creating Bucket: vol1/bucket1, with server-side default bucket layout, runner as owner, Versioning false, Storage Type set to DISK and Encryption set to false, Replication Type set to server-side default replication type, Namespace Quota set to -1, Space Quota set to -1 
2025-03-10 14:58:50,998 [om1-OMStateMachineApplyTransactionThread - 0] INFO  bucket.OMBucketCreateRequest (OMBucketCreateRequest.java:validateAndUpdateCache(291)) - created bucket: bucket1 of layout FILE_SYSTEM_OPTIMIZED in volume: vol1
2025-03-10 14:58:51,050 [IPC Server handler 4 on default port 15001] INFO  ha.SequenceIdGenerator (SequenceIdGenerator.java:getNextId(143)) - Allocate a batch for containerId, change lastId from 0 to 1000.
2025-03-10 14:58:51,060 [768f1ebc-c18b-41d5-9534-8f528a8c3722@group-2460433EB1A0-StateMachineUpdater] WARN  ha.SequenceIdGenerator (SequenceIdGenerator.java:allocateBatch(256)) - Failed to allocate a batch for localId, expected lastId is 0, actual lastId is 115816896921600000.
2025-03-10 14:58:51,062 [IPC Server handler 4 on default port 15001] INFO  ha.SequenceIdGenerator (SequenceIdGenerator.java:getNextId(143)) - Allocate a batch for localId, change lastId from 115816896921600000 to 115816896921601000.
2025-03-10 14:58:51,121 [main] INFO  impl.MetricsSystemImpl (MetricsSystemImpl.java:init(158)) - XceiverClientMetrics metrics system started (again)
2025-03-10 14:58:51,588 [EventQueue-CloseContainerForCloseContainerEventHandler] INFO  container.CloseContainerEventHandler (CloseContainerEventHandler.java:onMessage(88)) - Close container Event triggered for container : #1, current state: OPEN
2025-03-10 14:58:51,595 [EventQueue-CloseContainerForCloseContainerEventHandler] INFO  container.CloseContainerEventHandler (CloseContainerEventHandler.java:onMessage(88)) - Close container Event triggered for container : #1, current state: CLOSING
2025-03-10 14:58:51,595 [EventQueue-CloseContainerForCloseContainerEventHandler] INFO  container.CloseContainerEventHandler (CloseContainerEventHandler.java:onMessage(88)) - Close container Event triggered for container : #1, current state: CLOSING
2025-03-10 14:58:54,284 [24343a3a-85a1-4b3d-bed0-d5c89a70db02-CloseContainerThread-0] INFO  commandhandler.CloseContainerCommandHandler (CloseContainerCommandHandler.java:lambda$handle$0(154)) - Follower cannot close container #1.
2025-03-10 14:58:54,294 [cd975088-a4e1-4d6c-8217-e67620ac7c17-ContainerOp-ac153af9-1e85-4974-beea-037d493794b6-2] INFO  keyvalue.KeyValueContainer (KeyValueContainer.java:flushAndSyncDB(526)) - Container 1 is synced with bcsId 2.
2025-03-10 14:58:54,294 [cd975088-a4e1-4d6c-8217-e67620ac7c17-ContainerOp-ac153af9-1e85-4974-beea-037d493794b6-2] INFO  keyvalue.KeyValueContainer (KeyValueContainer.java:flushAndSyncDB(526)) - Container 1 is synced with bcsId 2.
2025-03-10 14:58:54,297 [24343a3a-85a1-4b3d-bed0-d5c89a70db02-ContainerOp-ac153af9-1e85-4974-beea-037d493794b6-2] INFO  keyvalue.KeyValueContainer (KeyValueContainer.java:flushAndSyncDB(526)) - Container 1 is synced with bcsId 2.
2025-03-10 14:58:54,298 [24343a3a-85a1-4b3d-bed0-d5c89a70db02-ContainerOp-ac153af9-1e85-4974-beea-037d493794b6-2] INFO  keyvalue.KeyValueContainer (KeyValueContainer.java:flushAndSyncDB(526)) - Container 1 is synced with bcsId 2.
2025-03-10 14:58:54,299 [cd975088-a4e1-4d6c-8217-e67620ac7c17-ContainerOp-ac153af9-1e85-4974-beea-037d493794b6-2] INFO  keyvalue.KeyValueContainer (KeyValueContainer.java:close(441)) - Container 1 is closed with bcsId 2.
2025-03-10 14:58:54,302 [FixedThreadPoolWithAffinityExecutor-1-0] INFO  container.IncrementalContainerReportHandler (AbstractContainerReportHandler.java:updateContainerState(320)) - Moving container #1 from CLOSING to CLOSED state, datanode cd975088-a4e1-4d6c-8217-e67620ac7c17(localhost/127.0.0.1) reported CLOSED replica with index 0.
2025-03-10 14:58:54,302 [bb41d03f-9ea0-4e3b-80d9-0852d4352e0e-ContainerOp-ac153af9-1e85-4974-beea-037d493794b6-2] INFO  keyvalue.KeyValueContainer (KeyValueContainer.java:flushAndSyncDB(526)) - Container 1 is synced with bcsId 2.
2025-03-10 14:58:54,302 [bb41d03f-9ea0-4e3b-80d9-0852d4352e0e-ContainerOp-ac153af9-1e85-4974-beea-037d493794b6-2] INFO  keyvalue.KeyValueContainer (KeyValueContainer.java:flushAndSyncDB(526)) - Container 1 is synced with bcsId 2.
2025-03-10 14:58:54,302 [24343a3a-85a1-4b3d-bed0-d5c89a70db02-ContainerOp-ac153af9-1e85-4974-beea-037d493794b6-2] INFO  keyvalue.KeyValueContainer (KeyValueContainer.java:close(441)) - Container 1 is closed with bcsId 2.
2025-03-10 14:58:54,307 [bb41d03f-9ea0-4e3b-80d9-0852d4352e0e-ContainerOp-ac153af9-1e85-4974-beea-037d493794b6-2] INFO  keyvalue.KeyValueContainer (KeyValueContainer.java:close(441)) - Container 1 is closed with bcsId 2.
2025-03-10 14:58:54,594 [main] INFO  ozoneimpl.OzoneContainer (OzoneContainer.java:stop(524)) - Attempting to stop container services.
2025-03-10 14:58:54,594 [ContainerMetadataScanner] WARN  ozoneimpl.AbstractBackgroundContainerScanner (AbstractBackgroundContainerScanner.java:handleRemainingSleep(136)) - Background container scan was interrupted.
2025-03-10 14:58:54,595 [ContainerMetadataScanner] INFO  ozoneimpl.AbstractBackgroundContainerScanner (AbstractBackgroundContainerScanner.java:run(63)) - org.apache.hadoop.ozone.container.ozoneimpl.BackgroundContainerMetadataScanner@1e41a892 exiting.
2025-03-10 14:58:54,595 [main] INFO  ozoneimpl.BackgroundContainerDataScanner (BackgroundContainerDataScanner.java:shutdown(141)) - ContainerDataScanner(/home/runner/work/ozone/ozone/hadoop-ozone/integration-test/target/test-dir/MiniOzoneClusterImpl-c1e049f0-9043-4314-b8f3-2460433eb1a0/ozone-meta/datanode-2/data-0/hdds) is shutting down. 
2025-03-10 14:58:54,595 [ContainerDataScanner(/home/runner/work/ozone/ozone/hadoop-ozone/integration-test/target/test-dir/MiniOzoneClusterImpl-c1e049f0-9043-4314-b8f3-2460433eb1a0/ozone-meta/datanode-2/data-0/hdds)] WARN  ozoneimpl.AbstractBackgroundContainerScanner (AbstractBackgroundContainerScanner.java:handleRemainingSleep(136)) - Background container scan was interrupted.
2025-03-10 14:58:54,595 [ContainerDataScanner(/home/runner/work/ozone/ozone/hadoop-ozone/integration-test/target/test-dir/MiniOzoneClusterImpl-c1e049f0-9043-4314-b8f3-2460433eb1a0/ozone-meta/datanode-2/data-0/hdds)] INFO  ozoneimpl.AbstractBackgroundContainerScanner (AbstractBackgroundContainerScanner.java:run(63)) - ContainerDataScanner(/home/runner/work/ozone/ozone/hadoop-ozone/integration-test/target/test-dir/MiniOzoneClusterImpl-c1e049f0-9043-4314-b8f3-2460433eb1a0/ozone-meta/datanode-2/data-0/hdds, DS-4d118e0c-5750-4d19-bafd-b1a5a0b76f94) exiting.
2025-03-10 14:58:54,595 [main] INFO  ozoneimpl.OnDemandContainerDataScanner (OnDemandContainerDataScanner.java:shutdownScanner(208)) - On-demand container scanner is shutting down.
2025-03-10 14:58:54,598 [main] INFO  ratis.XceiverServerRatis (XceiverServerRatis.java:stop(593)) - Closing XceiverServerRatis(cd975088-a4e1-4d6c-8217-e67620ac7c17)
2025-03-10 14:58:54,598 [main] INFO  server.RaftServer (RaftServerProxy.java:lambda$close$9(417)) - cd975088-a4e1-4d6c-8217-e67620ac7c17: close
2025-03-10 14:58:54,598 [cd975088-a4e1-4d6c-8217-e67620ac7c17-impl-thread1] INFO  server.RaftServer$Division (RaftServerImpl.java:lambda$close$1(513)) - cd975088-a4e1-4d6c-8217-e67620ac7c17@group-606166E69D51: shutdown
2025-03-10 14:58:54,598 [cd975088-a4e1-4d6c-8217-e67620ac7c17-impl-thread1] INFO  util.JmxRegister (JmxRegister.java:unregister(74)) - Successfully un-registered JMX Bean with object name Ratis:service=RaftServer,group=group-606166E69D51,id=cd975088-a4e1-4d6c-8217-e67620ac7c17
2025-03-10 14:58:54,599 [cd975088-a4e1-4d6c-8217-e67620ac7c17-impl-thread1] INFO  impl.RoleInfo (RoleInfo.java:shutdownFollowerState(121)) - cd975088-a4e1-4d6c-8217-e67620ac7c17: shutdown cd975088-a4e1-4d6c-8217-e67620ac7c17@group-606166E69D51-FollowerState
2025-03-10 14:58:54,599 [cd975088-a4e1-4d6c-8217-e67620ac7c17-impl-thread2] INFO  server.RaftServer$Division (RaftServerImpl.java:lambda$close$1(513)) - cd975088-a4e1-4d6c-8217-e67620ac7c17@group-037D493794B6: shutdown
2025-03-10 14:58:54,599 [cd975088-a4e1-4d6c-8217-e67620ac7c17-impl-thread2] INFO  util.JmxRegister (JmxRegister.java:unregister(74)) - Successfully un-registered JMX Bean with object name Ratis:service=RaftServer,group=group-037D493794B6,id=cd975088-a4e1-4d6c-8217-e67620ac7c17
2025-03-10 14:58:54,599 [cd975088-a4e1-4d6c-8217-e67620ac7c17-impl-thread2] INFO  impl.RoleInfo (RoleInfo.java:shutdownLeaderState(103)) - cd975088-a4e1-4d6c-8217-e67620ac7c17: shutdown cd975088-a4e1-4d6c-8217-e67620ac7c17@group-037D493794B6-LeaderStateImpl
2025-03-10 14:58:54,599 [cd975088-a4e1-4d6c-8217-e67620ac7c17@group-606166E69D51-FollowerState] INFO  impl.FollowerState (FollowerState.java:runImpl(170)) - cd975088-a4e1-4d6c-8217-e67620ac7c17@group-606166E69D51-FollowerState was interrupted
2025-03-10 14:58:54,599 [cd975088-a4e1-4d6c-8217-e67620ac7c17-impl-thread1] INFO  impl.StateMachineUpdater (StateMachineUpdater.java:stopAndJoin(164)) - cd975088-a4e1-4d6c-8217-e67620ac7c17@group-606166E69D51-StateMachineUpdater: set stopIndex = 0
2025-03-10 14:58:54,599 [main] INFO  server.GrpcService (GrpcService.java:closeImpl(343)) - cd975088-a4e1-4d6c-8217-e67620ac7c17: shutdown server org.apache.ratis.grpc.server.GrpcClientProtocolService now
2025-03-10 14:58:54,599 [cd975088-a4e1-4d6c-8217-e67620ac7c17-impl-thread3] INFO  server.RaftServer$Division (RaftServerImpl.java:lambda$close$1(513)) - cd975088-a4e1-4d6c-8217-e67620ac7c17@group-B2175FA93812: shutdown
2025-03-10 14:58:54,600 [cd975088-a4e1-4d6c-8217-e67620ac7c17-impl-thread3] INFO  util.JmxRegister (JmxRegister.java:unregister(74)) - Successfully un-registered JMX Bean with object name Ratis:service=RaftServer,group=group-B2175FA93812,id=cd975088-a4e1-4d6c-8217-e67620ac7c17
2025-03-10 14:58:54,600 [cd975088-a4e1-4d6c-8217-e67620ac7c17-impl-thread3] INFO  impl.RoleInfo (RoleInfo.java:shutdownLeaderState(103)) - cd975088-a4e1-4d6c-8217-e67620ac7c17: shutdown cd975088-a4e1-4d6c-8217-e67620ac7c17@group-B2175FA93812-LeaderStateImpl
2025-03-10 14:58:54,600 [cd975088-a4e1-4d6c-8217-e67620ac7c17-impl-thread3] INFO  impl.PendingRequests (PendingRequests.java:sendNotLeaderResponses(287)) - cd975088-a4e1-4d6c-8217-e67620ac7c17@group-B2175FA93812-PendingRequests: sendNotLeaderResponses
2025-03-10 14:58:54,600 [Thread-636] INFO  server.GrpcServerProtocolClient (GrpcServerProtocolClient.java:close(105)) - bb41d03f-9ea0-4e3b-80d9-0852d4352e0e Close channels
2025-03-10 14:58:54,600 [Thread-637] INFO  server.GrpcServerProtocolClient (GrpcServerProtocolClient.java:close(105)) - 24343a3a-85a1-4b3d-bed0-d5c89a70db02 Close channels
2025-03-10 14:58:54,599 [cd975088-a4e1-4d6c-8217-e67620ac7c17-impl-thread2] INFO  impl.PendingRequests (PendingRequests.java:sendNotLeaderResponses(287)) - cd975088-a4e1-4d6c-8217-e67620ac7c17@group-037D493794B6-PendingRequests: sendNotLeaderResponses
2025-03-10 14:58:54,599 [cd975088-a4e1-4d6c-8217-e67620ac7c17@group-606166E69D51-StateMachineUpdater] INFO  ratis.ContainerStateMachine (ContainerStateMachine.java:takeSnapshot(395)) - group-606166E69D51: Taking a snapshot at:(t:1, i:0) file /home/runner/work/ozone/ozone/hadoop-ozone/integration-test/target/test-dir/MiniOzoneClusterImpl-c1e049f0-9043-4314-b8f3-2460433eb1a0/ozone-meta/datanode-2/ratis/ca7d1e5f-c110-487f-9e28-606166e69d51/sm/snapshot.1_0
2025-03-10 14:58:54,599 [cd975088-a4e1-4d6c-8217-e67620ac7c17@group-037D493794B6->bb41d03f-9ea0-4e3b-80d9-0852d4352e0e-GrpcLogAppender-LogAppenderDaemon] WARN  server.GrpcLogAppender (GrpcLogAppender.java:mayWait(293)) - cd975088-a4e1-4d6c-8217-e67620ac7c17@group-037D493794B6->bb41d03f-9ea0-4e3b-80d9-0852d4352e0e-GrpcLogAppender: Wait interrupted by java.lang.InterruptedException
2025-03-10 14:58:54,599 [cd975088-a4e1-4d6c-8217-e67620ac7c17@group-037D493794B6->24343a3a-85a1-4b3d-bed0-d5c89a70db02-GrpcLogAppender-LogAppenderDaemon] WARN  server.GrpcLogAppender (GrpcLogAppender.java:mayWait(293)) - cd975088-a4e1-4d6c-8217-e67620ac7c17@group-037D493794B6->24343a3a-85a1-4b3d-bed0-d5c89a70db02-GrpcLogAppender: Wait interrupted by java.lang.InterruptedException
2025-03-10 14:58:54,602 [cd975088-a4e1-4d6c-8217-e67620ac7c17-impl-thread3] INFO  impl.StateMachineUpdater (StateMachineUpdater.java:stopAndJoin(164)) - cd975088-a4e1-4d6c-8217-e67620ac7c17@group-B2175FA93812-StateMachineUpdater: set stopIndex = 0
2025-03-10 14:58:54,603 [cd975088-a4e1-4d6c-8217-e67620ac7c17@group-B2175FA93812-StateMachineUpdater] INFO  ratis.ContainerStateMachine (ContainerStateMachine.java:takeSnapshot(395)) - group-B2175FA93812: Taking a snapshot at:(t:1, i:0) file /home/runner/work/ozone/ozone/hadoop-ozone/integration-test/target/test-dir/MiniOzoneClusterImpl-c1e049f0-9043-4314-b8f3-2460433eb1a0/ozone-meta/datanode-2/ratis/3e2dd505-942f-401a-882d-b2175fa93812/sm/snapshot.1_0
2025-03-10 14:58:54,604 [grpc-default-executor-1] WARN  server.GrpcClientProtocolService (LogUtils.java:warn(121)) - 0-OrderedRequestStreamObserver0: onError: org.apache.ratis.thirdparty.io.grpc.StatusRuntimeException: CANCELLED: client cancelled
2025-03-10 14:58:54,606 [grpc-default-executor-5] INFO  server.GrpcServerProtocolService (GrpcServerProtocolService.java:onCompleted(157)) - 24343a3a-85a1-4b3d-bed0-d5c89a70db02: Completed APPEND_ENTRIES, lastRequest: cd975088-a4e1-4d6c-8217-e67620ac7c17->24343a3a-85a1-4b3d-bed0-d5c89a70db02#12-t1,previous=(t:1, i:5),leaderCommit=5,initializing? false,entries: size=1, first=(t:1, i:6), METADATAENTRY(c:5)
2025-03-10 14:58:54,607 [grpc-default-executor-5] INFO  server.GrpcServerProtocolService (GrpcServerProtocolService.java:lambda$onCompleted$5(159)) - 24343a3a-85a1-4b3d-bed0-d5c89a70db02: Completed APPEND_ENTRIES, lastReply: null
2025-03-10 14:58:54,606 [cd975088-a4e1-4d6c-8217-e67620ac7c17-impl-thread2] INFO  impl.StateMachineUpdater (StateMachineUpdater.java:stopAndJoin(164)) - cd975088-a4e1-4d6c-8217-e67620ac7c17@group-037D493794B6-StateMachineUpdater: set stopIndex = 6
2025-03-10 14:58:54,606 [cd975088-a4e1-4d6c-8217-e67620ac7c17@group-037D493794B6-StateMachineUpdater] INFO  ratis.ContainerStateMachine (ContainerStateMachine.java:takeSnapshot(395)) - group-037D493794B6: Taking a snapshot at:(t:1, i:6) file /home/runner/work/ozone/ozone/hadoop-ozone/integration-test/target/test-dir/MiniOzoneClusterImpl-c1e049f0-9043-4314-b8f3-2460433eb1a0/ozone-meta/datanode-2/ratis/ac153af9-1e85-4974-beea-037d493794b6/sm/snapshot.1_6
2025-03-10 14:58:54,606 [grpc-default-executor-4] INFO  server.GrpcServerProtocolService (GrpcServerProtocolService.java:onCompleted(157)) - bb41d03f-9ea0-4e3b-80d9-0852d4352e0e: Completed APPEND_ENTRIES, lastRequest: cd975088-a4e1-4d6c-8217-e67620ac7c17->bb41d03f-9ea0-4e3b-80d9-0852d4352e0e#12-t1,previous=(t:1, i:5),leaderCommit=5,initializing? false,entries: size=1, first=(t:1, i:6), METADATAENTRY(c:5)
2025-03-10 14:58:54,606 [grpc-default-executor-2] INFO  server.GrpcServerProtocolService (GrpcServerProtocolService.java:onCompleted(157)) - bb41d03f-9ea0-4e3b-80d9-0852d4352e0e: Completed APPEND_ENTRIES, lastRequest: null
2025-03-10 14:58:54,608 [grpc-default-executor-1] INFO  server.GrpcServerProtocolService (GrpcServerProtocolService.java:onCompleted(157)) - 24343a3a-85a1-4b3d-bed0-d5c89a70db02: Completed APPEND_ENTRIES, lastRequest: null
2025-03-10 14:58:54,608 [grpc-default-executor-4] INFO  server.GrpcServerProtocolService (GrpcServerProtocolService.java:lambda$onCompleted$5(159)) - bb41d03f-9ea0-4e3b-80d9-0852d4352e0e: Completed APPEND_ENTRIES, lastReply: null
2025-03-10 14:58:54,610 [grpc-default-executor-4] INFO  server.GrpcLogAppender (GrpcLogAppender.java:onCompleted(550)) - cd975088-a4e1-4d6c-8217-e67620ac7c17@group-037D493794B6->bb41d03f-9ea0-4e3b-80d9-0852d4352e0e-AppendLogResponseHandler: follower responses appendEntries COMPLETED
2025-03-10 14:58:54,610 [grpc-default-executor-5] INFO  server.GrpcLogAppender (GrpcLogAppender.java:onCompleted(550)) - cd975088-a4e1-4d6c-8217-e67620ac7c17@group-037D493794B6->24343a3a-85a1-4b3d-bed0-d5c89a70db02-AppendLogResponseHandler: follower responses appendEntries COMPLETED
2025-03-10 14:58:54,611 [grpc-default-executor-5] WARN  server.GrpcLogAppender (GrpcLogAppender.java:resetClient(230)) - cd975088-a4e1-4d6c-8217-e67620ac7c17@group-037D493794B6->24343a3a-85a1-4b3d-bed0-d5c89a70db02-GrpcLogAppender: Failed to getClient for 24343a3a-85a1-4b3d-bed0-d5c89a70db02
org.apache.ratis.protocol.exceptions.AlreadyClosedException: cd975088-a4e1-4d6c-8217-e67620ac7c17 is already CLOSED
	at org.apache.ratis.util.PeerProxyMap$PeerAndProxy.getProxy(PeerProxyMap.java:67)
	at org.apache.ratis.util.PeerProxyMap.getProxy(PeerProxyMap.java:124)
	at org.apache.ratis.grpc.server.GrpcLogAppender.getClient(GrpcLogAppender.java:200)
	at org.apache.ratis.grpc.server.GrpcLogAppender.resetClient(GrpcLogAppender.java:205)
	at org.apache.ratis.grpc.server.GrpcLogAppender.access$800(GrpcLogAppender.java:64)
	at org.apache.ratis.grpc.server.GrpcLogAppender$AppendLogResponseHandler.onCompleted(GrpcLogAppender.java:551)
	at org.apache.ratis.thirdparty.io.grpc.stub.ClientCalls$StreamObserverToCallListenerAdapter.onClose(ClientCalls.java:479)
	at org.apache.ratis.thirdparty.io.grpc.internal.ClientCallImpl.closeObserver(ClientCallImpl.java:567)
	at org.apache.ratis.thirdparty.io.grpc.internal.ClientCallImpl.access$300(ClientCallImpl.java:71)
	at org.apache.ratis.thirdparty.io.grpc.internal.ClientCallImpl$ClientStreamListenerImpl$1StreamClosed.runInternal(ClientCallImpl.java:735)
	at org.apache.ratis.thirdparty.io.grpc.internal.ClientCallImpl$ClientStreamListenerImpl$1StreamClosed.runInContext(ClientCallImpl.java:716)
	at org.apache.ratis.thirdparty.io.grpc.internal.ContextRunnable.run(ContextRunnable.java:37)
	at org.apache.ratis.thirdparty.io.grpc.internal.SerializingExecutor.run(SerializingExecutor.java:133)
	at java.base/java.util.concurrent.ThreadPoolExecutor.runWorker(ThreadPoolExecutor.java:1144)
	at java.base/java.util.concurrent.ThreadPoolExecutor$Worker.run(ThreadPoolExecutor.java:642)
	at java.base/java.lang.Thread.run(Thread.java:1583)
2025-03-10 14:58:54,611 [grpc-default-executor-4] WARN  server.GrpcLogAppender (GrpcLogAppender.java:resetClient(230)) - cd975088-a4e1-4d6c-8217-e67620ac7c17@group-037D493794B6->bb41d03f-9ea0-4e3b-80d9-0852d4352e0e-GrpcLogAppender: Failed to getClient for bb41d03f-9ea0-4e3b-80d9-0852d4352e0e
org.apache.ratis.protocol.exceptions.AlreadyClosedException: cd975088-a4e1-4d6c-8217-e67620ac7c17 is already CLOSED
	at org.apache.ratis.util.PeerProxyMap$PeerAndProxy.getProxy(PeerProxyMap.java:67)
	at org.apache.ratis.util.PeerProxyMap.getProxy(PeerProxyMap.java:124)
	at org.apache.ratis.grpc.server.GrpcLogAppender.getClient(GrpcLogAppender.java:200)
	at org.apache.ratis.grpc.server.GrpcLogAppender.resetClient(GrpcLogAppender.java:205)
	at org.apache.ratis.grpc.server.GrpcLogAppender.access$800(GrpcLogAppender.java:64)
	at org.apache.ratis.grpc.server.GrpcLogAppender$AppendLogResponseHandler.onCompleted(GrpcLogAppender.java:551)
	at org.apache.ratis.thirdparty.io.grpc.stub.ClientCalls$StreamObserverToCallListenerAdapter.onClose(ClientCalls.java:479)
	at org.apache.ratis.thirdparty.io.grpc.internal.ClientCallImpl.closeObserver(ClientCallImpl.java:567)
	at org.apache.ratis.thirdparty.io.grpc.internal.ClientCallImpl.access$300(ClientCallImpl.java:71)
	at org.apache.ratis.thirdparty.io.grpc.internal.ClientCallImpl$ClientStreamListenerImpl$1StreamClosed.runInternal(ClientCallImpl.java:735)
	at org.apache.ratis.thirdparty.io.grpc.internal.ClientCallImpl$ClientStreamListenerImpl$1StreamClosed.runInContext(ClientCallImpl.java:716)
	at org.apache.ratis.thirdparty.io.grpc.internal.ContextRunnable.run(ContextRunnable.java:37)
	at org.apache.ratis.thirdparty.io.grpc.internal.SerializingExecutor.run(SerializingExecutor.java:133)
	at java.base/java.util.concurrent.ThreadPoolExecutor.runWorker(ThreadPoolExecutor.java:1144)
	at java.base/java.util.concurrent.ThreadPoolExecutor$Worker.run(ThreadPoolExecutor.java:642)
	at java.base/java.lang.Thread.run(Thread.java:1583)
2025-03-10 14:58:54,658 [cd975088-a4e1-4d6c-8217-e67620ac7c17@group-B2175FA93812-StateMachineUpdater] INFO  ratis.ContainerStateMachine (ContainerStateMachine.java:takeSnapshot(404)) - group-B2175FA93812: Finished taking a snapshot at:(t:1, i:0) file:/home/runner/work/ozone/ozone/hadoop-ozone/integration-test/target/test-dir/MiniOzoneClusterImpl-c1e049f0-9043-4314-b8f3-2460433eb1a0/ozone-meta/datanode-2/ratis/3e2dd505-942f-401a-882d-b2175fa93812/sm/snapshot.1_0 took: 55 ms
2025-03-10 14:58:54,658 [grpc-default-executor-2] INFO  server.GrpcServerProtocolService (GrpcServerProtocolService.java:lambda$onCompleted$5(159)) - bb41d03f-9ea0-4e3b-80d9-0852d4352e0e: Completed APPEND_ENTRIES, lastReply: serverReply {
  requestorId: "cd975088-a4e1-4d6c-8217-e67620ac7c17"
  replyId: "bb41d03f-9ea0-4e3b-80d9-0852d4352e0e"
  raftGroupId {
    id: "\254\025:\371\036\205It\276\352\003}I7\224\266"
  }
  callId: 10
  success: true
}
term: 1
nextIndex: 5
followerCommit: 4
matchIndex: 18446744073709551615
isHearbeat: true

2025-03-10 14:58:54,658 [grpc-default-executor-1] INFO  server.GrpcServerProtocolService (GrpcServerProtocolService.java:lambda$onCompleted$5(159)) - 24343a3a-85a1-4b3d-bed0-d5c89a70db02: Completed APPEND_ENTRIES, lastReply: serverReply {
  requestorId: "cd975088-a4e1-4d6c-8217-e67620ac7c17"
  replyId: "24343a3a-85a1-4b3d-bed0-d5c89a70db02"
  raftGroupId {
    id: "\254\025:\371\036\205It\276\352\003}I7\224\266"
  }
  callId: 10
  success: true
}
term: 1
nextIndex: 5
followerCommit: 4
matchIndex: 18446744073709551615
isHearbeat: true

2025-03-10 14:58:54,658 [cd975088-a4e1-4d6c-8217-e67620ac7c17@group-606166E69D51-StateMachineUpdater] INFO  ratis.ContainerStateMachine (ContainerStateMachine.java:takeSnapshot(404)) - group-606166E69D51: Finished taking a snapshot at:(t:1, i:0) file:/home/runner/work/ozone/ozone/hadoop-ozone/integration-test/target/test-dir/MiniOzoneClusterImpl-c1e049f0-9043-4314-b8f3-2460433eb1a0/ozone-meta/datanode-2/ratis/ca7d1e5f-c110-487f-9e28-606166e69d51/sm/snapshot.1_0 took: 58 ms
2025-03-10 14:58:54,659 [cd975088-a4e1-4d6c-8217-e67620ac7c17@group-B2175FA93812-StateMachineUpdater] INFO  impl.StateMachineUpdater (StateMachineUpdater.java:takeSnapshot(303)) - cd975088-a4e1-4d6c-8217-e67620ac7c17@group-B2175FA93812-StateMachineUpdater: Took a snapshot at index 0
2025-03-10 14:58:54,659 [cd975088-a4e1-4d6c-8217-e67620ac7c17@group-B2175FA93812-StateMachineUpdater] INFO  impl.StateMachineUpdater (StateMachineUpdater.java:lambda$new$0(102)) - cd975088-a4e1-4d6c-8217-e67620ac7c17@group-B2175FA93812-StateMachineUpdater: snapshotIndex: updateIncreasingly -1 -> 0
2025-03-10 14:58:54,659 [cd975088-a4e1-4d6c-8217-e67620ac7c17@group-B2175FA93812-StateMachineUpdater] INFO  impl.StateMachineUpdater (StateMachineUpdater.java:stop(141)) - cd975088-a4e1-4d6c-8217-e67620ac7c17@group-B2175FA93812-StateMachineUpdater: closing ContainerStateMachine, lastApplied=(t:1, i:0)
2025-03-10 14:58:54,659 [cd975088-a4e1-4d6c-8217-e67620ac7c17@group-606166E69D51-StateMachineUpdater] INFO  impl.StateMachineUpdater (StateMachineUpdater.java:takeSnapshot(303)) - cd975088-a4e1-4d6c-8217-e67620ac7c17@group-606166E69D51-StateMachineUpdater: Took a snapshot at index 0
2025-03-10 14:58:54,659 [cd975088-a4e1-4d6c-8217-e67620ac7c17@group-606166E69D51-StateMachineUpdater] INFO  impl.StateMachineUpdater (StateMachineUpdater.java:lambda$new$0(102)) - cd975088-a4e1-4d6c-8217-e67620ac7c17@group-606166E69D51-StateMachineUpdater: snapshotIndex: updateIncreasingly -1 -> 0
2025-03-10 14:58:54,659 [cd975088-a4e1-4d6c-8217-e67620ac7c17@group-606166E69D51-StateMachineUpdater] INFO  impl.StateMachineUpdater (StateMachineUpdater.java:stop(141)) - cd975088-a4e1-4d6c-8217-e67620ac7c17@group-606166E69D51-StateMachineUpdater: closing ContainerStateMachine, lastApplied=(t:1, i:0)
2025-03-10 14:58:54,660 [grpc-default-executor-2] INFO  server.GrpcLogAppender (GrpcLogAppender.java:onCompleted(550)) - cd975088-a4e1-4d6c-8217-e67620ac7c17@group-037D493794B6->bb41d03f-9ea0-4e3b-80d9-0852d4352e0e-AppendLogResponseHandler: follower responses appendEntries COMPLETED
2025-03-10 14:58:54,660 [cd975088-a4e1-4d6c-8217-e67620ac7c17@group-606166E69D51-cacheEviction-AwaitToRun] INFO  util.AwaitToRun (AwaitToRun.java:run(49)) - cd975088-a4e1-4d6c-8217-e67620ac7c17@group-606166E69D51-cacheEviction-AwaitToRun-AwaitForSignal is interrupted
2025-03-10 14:58:54,660 [cd975088-a4e1-4d6c-8217-e67620ac7c17@group-B2175FA93812-cacheEviction-AwaitToRun] INFO  util.AwaitToRun (AwaitToRun.java:run(49)) - cd975088-a4e1-4d6c-8217-e67620ac7c17@group-B2175FA93812-cacheEviction-AwaitToRun-AwaitForSignal is interrupted
2025-03-10 14:58:54,660 [grpc-default-executor-2] WARN  server.GrpcLogAppender (GrpcLogAppender.java:resetClient(230)) - cd975088-a4e1-4d6c-8217-e67620ac7c17@group-037D493794B6->bb41d03f-9ea0-4e3b-80d9-0852d4352e0e-GrpcLogAppender: Failed to getClient for bb41d03f-9ea0-4e3b-80d9-0852d4352e0e
org.apache.ratis.protocol.exceptions.AlreadyClosedException: cd975088-a4e1-4d6c-8217-e67620ac7c17 is already CLOSED
	at org.apache.ratis.util.PeerProxyMap$PeerAndProxy.getProxy(PeerProxyMap.java:67)
	at org.apache.ratis.util.PeerProxyMap.getProxy(PeerProxyMap.java:124)
	at org.apache.ratis.grpc.server.GrpcLogAppender.getClient(GrpcLogAppender.java:200)
	at org.apache.ratis.grpc.server.GrpcLogAppender.resetClient(GrpcLogAppender.java:205)
	at org.apache.ratis.grpc.server.GrpcLogAppender.access$800(GrpcLogAppender.java:64)
	at org.apache.ratis.grpc.server.GrpcLogAppender$AppendLogResponseHandler.onCompleted(GrpcLogAppender.java:551)
	at org.apache.ratis.thirdparty.io.grpc.stub.ClientCalls$StreamObserverToCallListenerAdapter.onClose(ClientCalls.java:479)
	at org.apache.ratis.thirdparty.io.grpc.internal.DelayedClientCall$DelayedListener$3.run(DelayedClientCall.java:489)
	at org.apache.ratis.thirdparty.io.grpc.internal.DelayedClientCall$DelayedListener.delayOrExecute(DelayedClientCall.java:453)
	at org.apache.ratis.thirdparty.io.grpc.internal.DelayedClientCall$DelayedListener.onClose(DelayedClientCall.java:486)
	at org.apache.ratis.thirdparty.io.grpc.internal.ClientCallImpl.closeObserver(ClientCallImpl.java:567)
	at org.apache.ratis.thirdparty.io.grpc.internal.ClientCallImpl.access$300(ClientCallImpl.java:71)
	at org.apache.ratis.thirdparty.io.grpc.internal.ClientCallImpl$ClientStreamListenerImpl$1StreamClosed.runInternal(ClientCallImpl.java:735)
	at org.apache.ratis.thirdparty.io.grpc.internal.ClientCallImpl$ClientStreamListenerImpl$1StreamClosed.runInContext(ClientCallImpl.java:716)
	at org.apache.ratis.thirdparty.io.grpc.internal.ContextRunnable.run(ContextRunnable.java:37)
	at org.apache.ratis.thirdparty.io.grpc.internal.SerializingExecutor.run(SerializingExecutor.java:133)
	at java.base/java.util.concurrent.ThreadPoolExecutor.runWorker(ThreadPoolExecutor.java:1144)
	at java.base/java.util.concurrent.ThreadPoolExecutor$Worker.run(ThreadPoolExecutor.java:642)
	at java.base/java.lang.Thread.run(Thread.java:1583)
2025-03-10 14:58:54,660 [grpc-default-executor-1] INFO  server.GrpcLogAppender (GrpcLogAppender.java:onCompleted(550)) - cd975088-a4e1-4d6c-8217-e67620ac7c17@group-037D493794B6->24343a3a-85a1-4b3d-bed0-d5c89a70db02-AppendLogResponseHandler: follower responses appendEntries COMPLETED
2025-03-10 14:58:54,661 [grpc-default-executor-1] WARN  server.GrpcLogAppender (GrpcLogAppender.java:resetClient(230)) - cd975088-a4e1-4d6c-8217-e67620ac7c17@group-037D493794B6->24343a3a-85a1-4b3d-bed0-d5c89a70db02-GrpcLogAppender: Failed to getClient for 24343a3a-85a1-4b3d-bed0-d5c89a70db02
org.apache.ratis.protocol.exceptions.AlreadyClosedException: cd975088-a4e1-4d6c-8217-e67620ac7c17 is already CLOSED
	at org.apache.ratis.util.PeerProxyMap$PeerAndProxy.getProxy(PeerProxyMap.java:67)
	at org.apache.ratis.util.PeerProxyMap.getProxy(PeerProxyMap.java:124)
	at org.apache.ratis.grpc.server.GrpcLogAppender.getClient(GrpcLogAppender.java:200)
	at org.apache.ratis.grpc.server.GrpcLogAppender.resetClient(GrpcLogAppender.java:205)
	at org.apache.ratis.grpc.server.GrpcLogAppender.access$800(GrpcLogAppender.java:64)
	at org.apache.ratis.grpc.server.GrpcLogAppender$AppendLogResponseHandler.onCompleted(GrpcLogAppender.java:551)
	at org.apache.ratis.thirdparty.io.grpc.stub.ClientCalls$StreamObserverToCallListenerAdapter.onClose(ClientCalls.java:479)
	at org.apache.ratis.thirdparty.io.grpc.internal.DelayedClientCall$DelayedListener$3.run(DelayedClientCall.java:489)
	at org.apache.ratis.thirdparty.io.grpc.internal.DelayedClientCall$DelayedListener.delayOrExecute(DelayedClientCall.java:453)
	at org.apache.ratis.thirdparty.io.grpc.internal.DelayedClientCall$DelayedListener.onClose(DelayedClientCall.java:486)
	at org.apache.ratis.thirdparty.io.grpc.internal.ClientCallImpl.closeObserver(ClientCallImpl.java:567)
	at org.apache.ratis.thirdparty.io.grpc.internal.ClientCallImpl.access$300(ClientCallImpl.java:71)
	at org.apache.ratis.thirdparty.io.grpc.internal.ClientCallImpl$ClientStreamListenerImpl$1StreamClosed.runInternal(ClientCallImpl.java:735)
	at org.apache.ratis.thirdparty.io.grpc.internal.ClientCallImpl$ClientStreamListenerImpl$1StreamClosed.runInContext(ClientCallImpl.java:716)
	at org.apache.ratis.thirdparty.io.grpc.internal.ContextRunnable.run(ContextRunnable.java:37)
	at org.apache.ratis.thirdparty.io.grpc.internal.SerializingExecutor.run(SerializingExecutor.java:133)
	at java.base/java.util.concurrent.ThreadPoolExecutor.runWorker(ThreadPoolExecutor.java:1144)
	at java.base/java.util.concurrent.ThreadPoolExecutor$Worker.run(ThreadPoolExecutor.java:642)
	at java.base/java.lang.Thread.run(Thread.java:1583)
2025-03-10 14:58:54,661 [cd975088-a4e1-4d6c-8217-e67620ac7c17@group-037D493794B6-StateMachineUpdater] INFO  ratis.ContainerStateMachine (ContainerStateMachine.java:takeSnapshot(404)) - group-037D493794B6: Finished taking a snapshot at:(t:1, i:6) file:/home/runner/work/ozone/ozone/hadoop-ozone/integration-test/target/test-dir/MiniOzoneClusterImpl-c1e049f0-9043-4314-b8f3-2460433eb1a0/ozone-meta/datanode-2/ratis/ac153af9-1e85-4974-beea-037d493794b6/sm/snapshot.1_6 took: 54 ms
2025-03-10 14:58:54,661 [cd975088-a4e1-4d6c-8217-e67620ac7c17@group-037D493794B6-StateMachineUpdater] INFO  impl.StateMachineUpdater (StateMachineUpdater.java:takeSnapshot(303)) - cd975088-a4e1-4d6c-8217-e67620ac7c17@group-037D493794B6-StateMachineUpdater: Took a snapshot at index 6
2025-03-10 14:58:54,661 [cd975088-a4e1-4d6c-8217-e67620ac7c17@group-037D493794B6-StateMachineUpdater] INFO  impl.StateMachineUpdater (StateMachineUpdater.java:lambda$new$0(102)) - cd975088-a4e1-4d6c-8217-e67620ac7c17@group-037D493794B6-StateMachineUpdater: snapshotIndex: updateIncreasingly -1 -> 6
2025-03-10 14:58:54,661 [cd975088-a4e1-4d6c-8217-e67620ac7c17@group-037D493794B6-StateMachineUpdater] INFO  impl.StateMachineUpdater (StateMachineUpdater.java:stop(141)) - cd975088-a4e1-4d6c-8217-e67620ac7c17@group-037D493794B6-StateMachineUpdater: closing ContainerStateMachine, lastApplied=(t:1, i:6)
2025-03-10 14:58:54,662 [cd975088-a4e1-4d6c-8217-e67620ac7c17@group-037D493794B6-cacheEviction-AwaitToRun] INFO  util.AwaitToRun (AwaitToRun.java:run(49)) - cd975088-a4e1-4d6c-8217-e67620ac7c17@group-037D493794B6-cacheEviction-AwaitToRun-AwaitForSignal is interrupted
2025-03-10 14:58:54,663 [main] INFO  server.GrpcService (GrpcService.java:closeImpl(352)) - cd975088-a4e1-4d6c-8217-e67620ac7c17: shutdown server org.apache.ratis.grpc.server.GrpcClientProtocolService successfully
2025-03-10 14:58:54,663 [main] INFO  server.GrpcService (GrpcService.java:closeImpl(343)) - cd975088-a4e1-4d6c-8217-e67620ac7c17: shutdown server GrpcServerProtocolService now
2025-03-10 14:58:54,664 [grpc-default-executor-1] WARN  server.GrpcServerProtocolService (LogUtils.java:warn(121)) - cd975088-a4e1-4d6c-8217-e67620ac7c17: APPEND_ENTRIES onError, lastRequest: null: org.apache.ratis.thirdparty.io.grpc.StatusRuntimeException: CANCELLED: client cancelled
2025-03-10 14:58:54,665 [main] INFO  server.GrpcService (GrpcService.java:closeImpl(352)) - cd975088-a4e1-4d6c-8217-e67620ac7c17: shutdown server GrpcServerProtocolService successfully
2025-03-10 14:58:54,665 [main] INFO  server.GrpcService (GrpcService.java:closeImpl(343)) - cd975088-a4e1-4d6c-8217-e67620ac7c17: shutdown server org.apache.ratis.grpc.server.GrpcAdminProtocolService now
2025-03-10 14:58:54,667 [grpc-default-executor-1] WARN  server.GrpcLogAppender (LogUtils.java:warn(121)) - bb41d03f-9ea0-4e3b-80d9-0852d4352e0e@group-606166E69D51->cd975088-a4e1-4d6c-8217-e67620ac7c17-AppendLogResponseHandler: Failed appendEntries: org.apache.ratis.thirdparty.io.grpc.StatusRuntimeException: CANCELLED: RST_STREAM closed stream. HTTP/2 error code: CANCEL
2025-03-10 14:58:54,667 [main] INFO  server.GrpcService (GrpcService.java:closeImpl(352)) - cd975088-a4e1-4d6c-8217-e67620ac7c17: shutdown server org.apache.ratis.grpc.server.GrpcAdminProtocolService successfully
2025-03-10 14:58:54,669 [grpc-default-executor-4] WARN  server.GrpcServerProtocolService (LogUtils.java:warn(121)) - cd975088-a4e1-4d6c-8217-e67620ac7c17: APPEND_ENTRIES onError, lastRequest: bb41d03f-9ea0-4e3b-80d9-0852d4352e0e->cd975088-a4e1-4d6c-8217-e67620ac7c17#1-t1,previous=(t:0, i:0),leaderCommit=-1,initializing? false,entries: size=1, first=(t:1, i:0), CONFIGURATIONENTRY(current:id:"bb41d03f-9ea0-4e3b-80d9-0852d4352e0e"address:"127.0.0.1:15016"priority:1dataStreamAddress:"127.0.0.1:15017"clientAddress:"127.0.0.1:15014"adminAddress:"127.0.0.1:15015"startupRole:FOLLOWER, id:"cd975088-a4e1-4d6c-8217-e67620ac7c17"address:"127.0.0.1:15025"dataStreamAddress:"127.0.0.1:15026"clientAddress:"127.0.0.1:15023"adminAddress:"127.0.0.1:15024"startupRole:FOLLOWER, id:"24343a3a-85a1-4b3d-bed0-d5c89a70db02"address:"127.0.0.1:15034"dataStreamAddress:"127.0.0.1:15035"clientAddress:"127.0.0.1:15032"adminAddress:"127.0.0.1:15033"startupRole:FOLLOWER, old:): org.apache.ratis.thirdparty.io.grpc.StatusRuntimeException: CANCELLED: client cancelled
2025-03-10 14:58:54,670 [grpc-default-executor-1] WARN  server.GrpcLogAppender (GrpcLogAppender.java:lambda$resetClient$1(221)) - bb41d03f-9ea0-4e3b-80d9-0852d4352e0e@group-606166E69D51->cd975088-a4e1-4d6c-8217-e67620ac7c17-GrpcLogAppender: Follower failed (request=null, errorCount=1); keep nextIndex (1) unchanged and retry.
2025-03-10 14:58:54,672 [cd975088-a4e1-4d6c-8217-e67620ac7c17-NettyServerStreamRpc-bossGroup--thread1] INFO  logging.LoggingHandler (AbstractInternalLogger.java:log(148)) - [id: 0x8f682fbe, L:/0.0.0.0:15026] CLOSE
2025-03-10 14:58:54,672 [cd975088-a4e1-4d6c-8217-e67620ac7c17-NettyServerStreamRpc-bossGroup--thread1] INFO  logging.LoggingHandler (AbstractInternalLogger.java:log(148)) - [id: 0x8f682fbe, L:/0.0.0.0:15026] INACTIVE
2025-03-10 14:58:54,673 [cd975088-a4e1-4d6c-8217-e67620ac7c17-NettyServerStreamRpc-bossGroup--thread1] INFO  logging.LoggingHandler (AbstractInternalLogger.java:log(148)) - [id: 0x8f682fbe, L:/0.0.0.0:15026] UNREGISTERED
2025-03-10 14:58:55,271 [cd975088-a4e1-4d6c-8217-e67620ac7c17-impl-thread1] INFO  segmented.SegmentedRaftLogWorker (SegmentedRaftLogWorker.java:close(252)) - cd975088-a4e1-4d6c-8217-e67620ac7c17@group-606166E69D51-SegmentedRaftLogWorker close()
2025-03-10 14:58:55,273 [cd975088-a4e1-4d6c-8217-e67620ac7c17-impl-thread1] INFO  ratis.ContainerStateMachine (ContainerStateMachine.java:notifyServerShutdown(957)) - group-606166E69D51 is closed by HddsDatanodeService
2025-03-10 14:58:55,292 [cd975088-a4e1-4d6c-8217-e67620ac7c17-impl-thread2] INFO  segmented.SegmentedRaftLogWorker (SegmentedRaftLogWorker.java:close(252)) - cd975088-a4e1-4d6c-8217-e67620ac7c17@group-037D493794B6-SegmentedRaftLogWorker close()
2025-03-10 14:58:55,293 [cd975088-a4e1-4d6c-8217-e67620ac7c17-impl-thread2] INFO  ratis.ContainerStateMachine (ContainerStateMachine.java:notifyServerShutdown(957)) - group-037D493794B6 is closed by HddsDatanodeService
2025-03-10 14:58:55,377 [cd975088-a4e1-4d6c-8217-e67620ac7c17-impl-thread3] INFO  segmented.SegmentedRaftLogWorker (SegmentedRaftLogWorker.java:close(252)) - cd975088-a4e1-4d6c-8217-e67620ac7c17@group-B2175FA93812-SegmentedRaftLogWorker close()
2025-03-10 14:58:55,378 [cd975088-a4e1-4d6c-8217-e67620ac7c17-impl-thread3] INFO  ratis.ContainerStateMachine (ContainerStateMachine.java:notifyServerShutdown(957)) - group-B2175FA93812 is closed by HddsDatanodeService
2025-03-10 14:58:55,378 [JvmPauseMonitor4] INFO  util.JvmPauseMonitor (JvmPauseMonitor.java:run(152)) - JvmPauseMonitor-cd975088-a4e1-4d6c-8217-e67620ac7c17: Stopped
2025-03-10 14:58:57,344 [EventQueue-StaleNodeForStaleNodeHandler] INFO  node.StaleNodeHandler (StaleNodeHandler.java:onMessage(51)) - Datanode cd975088-a4e1-4d6c-8217-e67620ac7c17(localhost/127.0.0.1) moved to stale state. Finalizing its pipelines [PipelineID=ca7d1e5f-c110-487f-9e28-606166e69d51, PipelineID=ac153af9-1e85-4974-beea-037d493794b6, PipelineID=3e2dd505-942f-401a-882d-b2175fa93812]
2025-03-10 14:58:57,346 [EventQueue-StaleNodeForStaleNodeHandler] INFO  pipeline.PipelineManagerImpl (PipelineManagerImpl.java:closePipeline(518)) - Pipeline PipelineID=ca7d1e5f-c110-487f-9e28-606166e69d51 moved to CLOSED state
2025-03-10 14:58:57,348 [EventQueue-StaleNodeForStaleNodeHandler] INFO  pipeline.PipelineManagerImpl (PipelineManagerImpl.java:closePipeline(518)) - Pipeline PipelineID=ac153af9-1e85-4974-beea-037d493794b6 moved to CLOSED state
2025-03-10 14:58:57,350 [EventQueue-StaleNodeForStaleNodeHandler] INFO  pipeline.PipelineManagerImpl (PipelineManagerImpl.java:closePipeline(518)) - Pipeline PipelineID=3e2dd505-942f-401a-882d-b2175fa93812 moved to CLOSED state
2025-03-10 14:58:57,389 [main] INFO  utils.DatanodeStoreCache (DatanodeStoreCache.java:shutdownCache(115)) - Skip clearing cache in mini cluster mode. Entries left: [/home/runner/work/ozone/ozone/hadoop-ozone/integration-test/target/test-dir/MiniOzoneClusterImpl-c1e049f0-9043-4314-b8f3-2460433eb1a0/ozone-meta/datanode-1/data-0/hdds/c1e049f0-9043-4314-b8f3-2460433eb1a0/DS-240acf8a-8869-4cae-8e87-12830665b126/container.db, /home/runner/work/ozone/ozone/hadoop-ozone/integration-test/target/test-dir/MiniOzoneClusterImpl-c1e049f0-9043-4314-b8f3-2460433eb1a0/ozone-meta/datanode-2/data-0/hdds/c1e049f0-9043-4314-b8f3-2460433eb1a0/DS-4d118e0c-5750-4d19-bafd-b1a5a0b76f94/container.db, /home/runner/work/ozone/ozone/hadoop-ozone/integration-test/target/test-dir/MiniOzoneClusterImpl-c1e049f0-9043-4314-b8f3-2460433eb1a0/ozone-meta/datanode-3/data-0/hdds/c1e049f0-9043-4314-b8f3-2460433eb1a0/DS-62cfd752-1bd8-4ec3-bae4-7df2b6f7b54e/container.db]
2025-03-10 14:58:57,392 [main] INFO  utils.DatanodeStoreCache (DatanodeStoreCache.java:removeDB(109)) - Removed db /home/runner/work/ozone/ozone/hadoop-ozone/integration-test/target/test-dir/MiniOzoneClusterImpl-c1e049f0-9043-4314-b8f3-2460433eb1a0/ozone-meta/datanode-2/data-0/hdds/c1e049f0-9043-4314-b8f3-2460433eb1a0/DS-4d118e0c-5750-4d19-bafd-b1a5a0b76f94/container.db from cache
2025-03-10 14:58:57,392 [main] INFO  volume.HddsVolume (HddsVolume.java:closeDbStore(479)) - SchemaV3 db is stopped at /home/runner/work/ozone/ozone/hadoop-ozone/integration-test/target/test-dir/MiniOzoneClusterImpl-c1e049f0-9043-4314-b8f3-2460433eb1a0/ozone-meta/datanode-2/data-0/hdds/c1e049f0-9043-4314-b8f3-2460433eb1a0/DS-4d118e0c-5750-4d19-bafd-b1a5a0b76f94/container.db for volume DS-4d118e0c-5750-4d19-bafd-b1a5a0b76f94
2025-03-10 14:58:57,392 [main] INFO  utils.BackgroundService (BackgroundService.java:shutdown(162)) - Shutting down service BlockDeletingService
2025-03-10 14:58:57,393 [main] INFO  utils.BackgroundService (BackgroundService.java:shutdown(162)) - Shutting down service StaleRecoveringContainerScrubbingService
2025-03-10 14:58:57,394 [main] INFO  statemachine.DatanodeStateMachine (DatanodeStateMachine.java:stopDaemon(625)) - Ozone container server stopped.
2025-03-10 14:58:57,410 [main] INFO  handler.ContextHandler (ContextHandler.java:doStop(1159)) - Stopped o.e.j.w.WebAppContext@58cb1f78{hddsDatanode,/,null,STOPPED}{jar:file:/home/runner/work/ozone/ozone/hadoop-hdds/container-service/target/hdds-container-service-2.0.0-SNAPSHOT.jar!/webapps/hddsDatanode}
2025-03-10 14:58:57,413 [main] INFO  server.AbstractConnector (AbstractConnector.java:doStop(383)) - Stopped ServerConnector@2bf833b5{HTTP/1.1, (http/1.1)}{0.0.0.0:15020}
2025-03-10 14:58:57,413 [main] INFO  server.session (HouseKeeper.java:stopScavenging(149)) - node0 Stopped scavenging
2025-03-10 14:58:57,413 [main] INFO  handler.ContextHandler (ContextHandler.java:doStop(1159)) - Stopped o.e.j.s.ServletContextHandler@6fbdee75{static,/static,jar:file:/home/runner/work/ozone/ozone/hadoop-hdds/container-service/target/hdds-container-service-2.0.0-SNAPSHOT.jar!/webapps/static,STOPPED}
2025-03-10 14:58:57,413 [main] INFO  handler.ContextHandler (ContextHandler.java:doStop(1159)) - Stopped o.e.j.s.ServletContextHandler@4d0be2ac{logs,/logs,file:///home/runner/work/ozone/ozone/hadoop-ozone/integration-test/target/log,STOPPED}
2025-03-10 14:58:57,416 [main] INFO  ozone.HddsDatanodeClientProtocolServer (HddsDatanodeClientProtocolServer.java:stop(82)) - Stopping the RPC server for Client Protocol
2025-03-10 14:58:57,417 [main] INFO  ipc.Server (Server.java:stop(3697)) - Stopping server on 15021
2025-03-10 14:58:57,422 [IPC Server listener on 15021] INFO  ipc.Server (Server.java:run(1585)) - Stopping IPC Server listener on 15021
2025-03-10 14:58:57,423 [IPC Server Responder] INFO  ipc.Server (Server.java:run(1718)) - Stopping IPC Server Responder
2025-03-10 14:58:57,427 [main] INFO  impl.MetricsSystemImpl (MetricsSystemImpl.java:init(158)) - HddsDatanode metrics system started (again)
2025-03-10 14:58:57,456 [main] INFO  ozone.HddsDatanodeService (HddsDatanodeService.java:start(241)) - HddsDatanodeService host:fv-az1384-231.gpq2x2ivaaoebfs5ykq4ww3pqb.bx.internal.cloudapp.net ip:10.1.0.104
2025-03-10 14:58:57,457 [main] INFO  upgrade.AbstractLayoutVersionManager (AbstractLayoutVersionManager.java:init(80)) - Initializing Layout version manager with metadata layout = HBASE_SUPPORT (version = 8), software layout = HBASE_SUPPORT (version = 8)
2025-03-10 14:58:57,458 [main] INFO  statemachine.DatanodeStateMachine (DatanodeStateMachine.java:getEndPointTaskThreadPoolSize(293)) - Datanode State Machine Task Thread Pool size 2
2025-03-10 14:58:57,461 [main] INFO  volume.HddsVolume (HddsVolume.java:<init>(132)) - Creating HddsVolume: /home/runner/work/ozone/ozone/hadoop-ozone/integration-test/target/test-dir/MiniOzoneClusterImpl-c1e049f0-9043-4314-b8f3-2460433eb1a0/ozone-meta/datanode-2/data-0/hdds of storage type: DISK, capacity=9222449699674390527, used=0, available=9222449699674390527
2025-03-10 14:58:57,461 [main] INFO  volume.MutableVolumeSet (MutableVolumeSet.java:initializeVolumeSet(169)) - Added Volume : /home/runner/work/ozone/ozone/hadoop-ozone/integration-test/target/test-dir/MiniOzoneClusterImpl-c1e049f0-9043-4314-b8f3-2460433eb1a0/ozone-meta/datanode-2/data-0/hdds to VolumeSet
2025-03-10 14:58:57,462 [main] INFO  volume.MutableVolumeSet (MutableVolumeSet.java:initializeVolumeSet(169)) - Added Volume : /home/runner/work/ozone/ozone/hadoop-ozone/integration-test/target/test-dir/MiniOzoneClusterImpl-c1e049f0-9043-4314-b8f3-2460433eb1a0/ozone-meta/datanode-2/ratis to VolumeSet
2025-03-10 14:58:57,480 [ForkJoinPool.commonPool-worker-3] INFO  utils.DatanodeStoreCache (DatanodeStoreCache.java:addDB(71)) - Added db /home/runner/work/ozone/ozone/hadoop-ozone/integration-test/target/test-dir/MiniOzoneClusterImpl-c1e049f0-9043-4314-b8f3-2460433eb1a0/ozone-meta/datanode-2/data-0/hdds/c1e049f0-9043-4314-b8f3-2460433eb1a0/DS-4d118e0c-5750-4d19-bafd-b1a5a0b76f94/container.db to cache
2025-03-10 14:58:57,480 [ForkJoinPool.commonPool-worker-3] INFO  volume.HddsVolume (HddsVolume.java:loadDbStore(387)) - SchemaV3 db is loaded at /home/runner/work/ozone/ozone/hadoop-ozone/integration-test/target/test-dir/MiniOzoneClusterImpl-c1e049f0-9043-4314-b8f3-2460433eb1a0/ozone-meta/datanode-2/data-0/hdds/c1e049f0-9043-4314-b8f3-2460433eb1a0/DS-4d118e0c-5750-4d19-bafd-b1a5a0b76f94/container.db for volume DS-4d118e0c-5750-4d19-bafd-b1a5a0b76f94
2025-03-10 14:58:57,480 [main] INFO  ozoneimpl.OzoneContainer (HddsVolumeUtil.java:loadAllHddsVolumeDbStore(101)) - Load 1 volumes DbStore cost: 17ms
2025-03-10 14:58:57,480 [main] WARN  db.DBStoreBuilder (DBStoreBuilder.java:getDBDirPath(169)) - ozone.scm.datanode.id.dir is not configured. We recommend adding this setting. Falling back to ozone.metadata.dirs instead.
2025-03-10 14:58:57,481 [main] WARN  db.DBStoreBuilder (DBStoreBuilder.java:getDBDirPath(169)) - ozone.scm.datanode.id.dir is not configured. We recommend adding this setting. Falling back to ozone.metadata.dirs instead.
2025-03-10 14:58:57,489 [main] INFO  impl.FilePerChunkStrategy (FilePerChunkStrategy.java:<init>(79)) - ozone.chunk.read.mapped.buffer.max.count is load with 0
2025-03-10 14:58:57,489 [main] INFO  impl.FilePerBlockStrategy (FilePerBlockStrategy.java:<init>(87)) - ozone.chunk.read.mapped.buffer.max.count is load with 0
2025-03-10 14:58:57,491 [main] INFO  server.RaftServerConfigKeys (ConfUtils.java:logGet(46)) - raft.server.log.appender.buffer.byte-limit = 33554432 (custom)
2025-03-10 14:58:57,492 [main] INFO  server.RaftServer (ConfUtils.java:logGet(46)) - raft.rpc.type = GRPC (default)
2025-03-10 14:58:57,492 [main] INFO  grpc.GrpcConfigKeys (ConfUtils.java:logFallback(53)) - raft.grpc.admin.host = null (fallback to raft.grpc.server.host)
2025-03-10 14:58:57,493 [main] INFO  grpc.GrpcConfigKeys (ConfUtils.java:logGet(46)) - raft.grpc.admin.port = 15024 (custom)
2025-03-10 14:58:57,493 [main] INFO  grpc.GrpcConfigKeys (ConfUtils.java:logFallback(53)) - raft.grpc.client.host = null (fallback to raft.grpc.server.host)
2025-03-10 14:58:57,493 [main] INFO  grpc.GrpcConfigKeys (ConfUtils.java:logGet(46)) - raft.grpc.client.port = 15023 (custom)
2025-03-10 14:58:57,493 [main] INFO  grpc.GrpcConfigKeys (ConfUtils.java:logGet(46)) - raft.grpc.server.host = null (default)
2025-03-10 14:58:57,493 [main] INFO  grpc.GrpcConfigKeys (ConfUtils.java:logGet(46)) - raft.grpc.server.port = 15025 (custom)
2025-03-10 14:58:57,493 [main] INFO  server.GrpcService (ConfUtils.java:logGet(46)) - raft.grpc.message.size.max = 34603008 (custom)
2025-03-10 14:58:57,493 [main] INFO  server.GrpcService (ConfUtils.java:logGet(46)) - raft.grpc.flow.control.window = 5MB (=5242880) (custom)
2025-03-10 14:58:57,494 [main] INFO  server.RaftServerConfigKeys (ConfUtils.java:logGet(46)) - raft.server.rpc.request.timeout = 60s (custom)
2025-03-10 14:58:57,494 [main] INFO  grpc.GrpcConfigKeys (ConfUtils.java:logGet(46)) - raft.grpc.server.heartbeat.channel = true (default)
2025-03-10 14:58:57,494 [main] INFO  server.RaftServerConfigKeys (ConfUtils.java:logGet(46)) - raft.server.log.appender.buffer.byte-limit = 33554432 (custom)
2025-03-10 14:58:57,494 [main] INFO  grpc.GrpcConfigKeys (ConfUtils.java:logGet(46)) - raft.grpc.server.async.request.thread.pool.cached = true (default)
2025-03-10 14:58:57,494 [main] INFO  grpc.GrpcConfigKeys (ConfUtils.java:logGet(46)) - raft.grpc.server.async.request.thread.pool.size = 32 (default)
2025-03-10 14:58:57,495 [main] INFO  impl.DataStreamServerImpl (ConfUtils.java:logGet(46)) - raft.datastream.type = NETTY (custom)
2025-03-10 14:58:57,496 [main] INFO  server.RaftServerConfigKeys (ConfUtils.java:logGet(46)) - raft.server.data-stream.async.request.thread.pool.cached = false (default)
2025-03-10 14:58:57,496 [main] INFO  server.RaftServerConfigKeys (ConfUtils.java:logGet(46)) - raft.server.data-stream.async.request.thread.pool.size = 20 (custom)
2025-03-10 14:58:57,496 [main] INFO  server.RaftServerConfigKeys (ConfUtils.java:logGet(46)) - raft.server.data-stream.async.write.thread.pool.size = 16 (default)
2025-03-10 14:58:57,496 [main] INFO  netty.NettyConfigKeys$DataStream (ConfUtils.java:logGet(46)) - raft.netty.dataStream.server.channel.inactive.grace-period = 10min (default)
2025-03-10 14:58:57,496 [main] INFO  server.RaftServerConfigKeys (ConfUtils.java:logGet(46)) - raft.server.data-stream.client.pool.size = 10 (default)
2025-03-10 14:58:57,496 [main] INFO  netty.NettyConfigKeys$DataStream (ConfUtils.java:logGet(46)) - raft.netty.dataStream.server.use-epoll = true (default)
2025-03-10 14:58:57,497 [main] INFO  netty.NettyConfigKeys$DataStream (ConfUtils.java:logGet(46)) - raft.netty.dataStream.server.boss-group.size = 0 (default)
2025-03-10 14:58:57,497 [main] INFO  netty.NettyUtils (NettyUtils.java:newEventLoopGroup(74)) - Create EpollEventLoopGroup for cd975088-a4e1-4d6c-8217-e67620ac7c17-NettyServerStreamRpc-bossGroup; Thread size is 0.
2025-03-10 14:58:57,497 [main] INFO  netty.NettyConfigKeys$DataStream (ConfUtils.java:logGet(46)) - raft.netty.dataStream.server.worker-group.size = 0 (default)
2025-03-10 14:58:57,497 [main] INFO  netty.NettyUtils (NettyUtils.java:newEventLoopGroup(74)) - Create EpollEventLoopGroup for cd975088-a4e1-4d6c-8217-e67620ac7c17-NettyServerStreamRpc-workerGroup; Thread size is 0.
2025-03-10 14:58:57,498 [main] INFO  netty.NettyConfigKeys$DataStream (ConfUtils.java:logGet(46)) - raft.netty.dataStream.server.tls.conf = null (default)
2025-03-10 14:58:57,498 [main] INFO  netty.NettyConfigKeys$DataStream (ConfUtils.java:logGet(46)) - raft.netty.dataStream.host = null (default)
2025-03-10 14:58:57,498 [main] INFO  netty.NettyConfigKeys$DataStream (ConfUtils.java:logGet(46)) - raft.netty.dataStream.port = 15026 (custom)
2025-03-10 14:58:57,499 [main] INFO  server.RaftServerConfigKeys (ConfUtils.java:logGet(46)) - raft.server.sleep.deviation.threshold = 300ms (default)
2025-03-10 14:58:57,499 [main] INFO  server.RaftServerConfigKeys (ConfUtils.java:logGet(46)) - raft.server.close.threshold = 60s (default)
2025-03-10 14:58:57,499 [main] INFO  server.RaftServerConfigKeys (ConfUtils.java:logGet(46)) - raft.server.leaderelection.leader.step-down.wait-time = 10s (default)
2025-03-10 14:58:57,499 [cd975088-a4e1-4d6c-8217-e67620ac7c17-NettyServerStreamRpc-bossGroup--thread1] INFO  logging.LoggingHandler (AbstractInternalLogger.java:log(148)) - [id: 0x3ad21ed6] REGISTERED
2025-03-10 14:58:57,499 [main] INFO  server.RaftServerConfigKeys (ConfUtils.java:logGet(46)) - raft.server.storage.dir = [/home/runner/work/ozone/ozone/hadoop-ozone/integration-test/target/test-dir/MiniOzoneClusterImpl-c1e049f0-9043-4314-b8f3-2460433eb1a0/ozone-meta/datanode-2/ratis] (custom)
2025-03-10 14:58:57,500 [main] INFO  server.RaftServerConfigKeys (ConfUtils.java:logGet(46)) - raft.server.threadpool.proxy.cached = true (default)
2025-03-10 14:58:57,499 [cd975088-a4e1-4d6c-8217-e67620ac7c17-NettyServerStreamRpc-bossGroup--thread1] INFO  logging.LoggingHandler (AbstractInternalLogger.java:log(148)) - [id: 0x3ad21ed6] BIND: 0.0.0.0/0.0.0.0:15026
2025-03-10 14:58:57,500 [main] INFO  server.RaftServerConfigKeys (ConfUtils.java:logGet(46)) - raft.server.threadpool.proxy.size = 0 (default)
2025-03-10 14:58:57,500 [cd975088-a4e1-4d6c-8217-e67620ac7c17-NettyServerStreamRpc-bossGroup--thread1] INFO  logging.LoggingHandler (AbstractInternalLogger.java:log(148)) - [id: 0x3ad21ed6, L:/0.0.0.0:15026] ACTIVE
2025-03-10 14:58:57,500 [cd975088-a4e1-4d6c-8217-e67620ac7c17-impl-thread1] INFO  server.RaftServer (RaftServerProxy.java:initGroupDir(265)) - cd975088-a4e1-4d6c-8217-e67620ac7c17: found a subdirectory /home/runner/work/ozone/ozone/hadoop-ozone/integration-test/target/test-dir/MiniOzoneClusterImpl-c1e049f0-9043-4314-b8f3-2460433eb1a0/ozone-meta/datanode-2/ratis/ca7d1e5f-c110-487f-9e28-606166e69d51
2025-03-10 14:58:57,501 [cd975088-a4e1-4d6c-8217-e67620ac7c17-impl-thread1] INFO  server.RaftServer (RaftServerProxy.java:addNew(100)) - cd975088-a4e1-4d6c-8217-e67620ac7c17: addNew group-606166E69D51:[] returns group-606166E69D51:java.util.concurrent.CompletableFuture@726bb892[Not completed]
2025-03-10 14:58:57,501 [cd975088-a4e1-4d6c-8217-e67620ac7c17-impl-thread1] INFO  server.RaftServer (RaftServerProxy.java:initGroupDir(265)) - cd975088-a4e1-4d6c-8217-e67620ac7c17: found a subdirectory /home/runner/work/ozone/ozone/hadoop-ozone/integration-test/target/test-dir/MiniOzoneClusterImpl-c1e049f0-9043-4314-b8f3-2460433eb1a0/ozone-meta/datanode-2/ratis/3e2dd505-942f-401a-882d-b2175fa93812
2025-03-10 14:58:57,501 [cd975088-a4e1-4d6c-8217-e67620ac7c17-impl-thread1] INFO  server.RaftServer (RaftServerProxy.java:addNew(100)) - cd975088-a4e1-4d6c-8217-e67620ac7c17: addNew group-B2175FA93812:[] returns group-B2175FA93812:java.util.concurrent.CompletableFuture@45167fa7[Not completed]
2025-03-10 14:58:57,501 [cd975088-a4e1-4d6c-8217-e67620ac7c17-impl-thread1] INFO  server.RaftServer (RaftServerProxy.java:initGroupDir(265)) - cd975088-a4e1-4d6c-8217-e67620ac7c17: found a subdirectory /home/runner/work/ozone/ozone/hadoop-ozone/integration-test/target/test-dir/MiniOzoneClusterImpl-c1e049f0-9043-4314-b8f3-2460433eb1a0/ozone-meta/datanode-2/ratis/ac153af9-1e85-4974-beea-037d493794b6
2025-03-10 14:58:57,501 [cd975088-a4e1-4d6c-8217-e67620ac7c17-impl-thread1] INFO  server.RaftServer (RaftServerProxy.java:addNew(100)) - cd975088-a4e1-4d6c-8217-e67620ac7c17: addNew group-037D493794B6:[] returns group-037D493794B6:java.util.concurrent.CompletableFuture@43d34e56[Not completed]
2025-03-10 14:58:57,501 [cd975088-a4e1-4d6c-8217-e67620ac7c17-impl-thread1] INFO  server.RaftServer (RaftServerProxy.java:initGroupDir(265)) - cd975088-a4e1-4d6c-8217-e67620ac7c17: found a subdirectory /home/runner/work/ozone/ozone/hadoop-ozone/integration-test/target/test-dir/MiniOzoneClusterImpl-c1e049f0-9043-4314-b8f3-2460433eb1a0/ozone-meta/datanode-2/ratis/tmp
2025-03-10 14:58:57,501 [cd975088-a4e1-4d6c-8217-e67620ac7c17-impl-thread1] INFO  server.RaftServer (RaftServerProxy.java:initGroupDir(270)) - cd975088-a4e1-4d6c-8217-e67620ac7c17: The directory /home/runner/work/ozone/ozone/hadoop-ozone/integration-test/target/test-dir/MiniOzoneClusterImpl-c1e049f0-9043-4314-b8f3-2460433eb1a0/ozone-meta/datanode-2/ratis/tmp is not a group directory; ignoring it. 
2025-03-10 14:58:57,501 [main] INFO  replication.ReplicationServer (ReplicationServer.java:<init>(84)) - Initializing replication server with thread count = 10 queue length = 4096
2025-03-10 14:58:57,502 [cd975088-a4e1-4d6c-8217-e67620ac7c17-groupManagement] INFO  server.RaftServer$Division (RaftServerImpl.java:<init>(255)) - cd975088-a4e1-4d6c-8217-e67620ac7c17: new RaftServerImpl for group-606166E69D51:[] with ContainerStateMachine:uninitialized
2025-03-10 14:58:57,502 [main] INFO  server.XceiverServerGrpc (XceiverServerGrpc.java:<init>(131)) - GrpcServer channel type EpollServerSocketChannel
2025-03-10 14:58:57,502 [cd975088-a4e1-4d6c-8217-e67620ac7c17-groupManagement] INFO  server.RaftServerConfigKeys (ConfUtils.java:logGet(46)) - raft.server.rpc.timeout.min = 5s (custom)
2025-03-10 14:58:57,503 [cd975088-a4e1-4d6c-8217-e67620ac7c17-groupManagement] INFO  server.RaftServerConfigKeys (ConfUtils.java:logGet(46)) - raft.server.rpc.timeout.max = 5200ms (custom)
2025-03-10 14:58:57,503 [cd975088-a4e1-4d6c-8217-e67620ac7c17-groupManagement] INFO  server.RaftServerConfigKeys (ConfUtils.java:logGet(46)) - raft.server.rpc.sleep.time = 25ms (default)
2025-03-10 14:58:57,503 [cd975088-a4e1-4d6c-8217-e67620ac7c17-groupManagement] INFO  server.RaftServerConfigKeys (ConfUtils.java:logGet(46)) - raft.server.rpc.slowness.timeout = 300s (custom)
2025-03-10 14:58:57,503 [cd975088-a4e1-4d6c-8217-e67620ac7c17-groupManagement] INFO  server.RaftServerConfigKeys (ConfUtils.java:logGet(46)) - raft.server.leaderelection.leader.step-down.wait-time = 10s (default)
2025-03-10 14:58:57,503 [cd975088-a4e1-4d6c-8217-e67620ac7c17-groupManagement] INFO  server.RaftServerConfigKeys (ConfUtils.java:logGet(46)) - raft.server.leaderelection.member.majority-add = false (default)
2025-03-10 14:58:57,504 [cd975088-a4e1-4d6c-8217-e67620ac7c17-groupManagement] INFO  server.RaftServerConfigKeys (ConfUtils.java:logGet(46)) - raft.server.sleep.deviation.threshold = 300ms (default)
2025-03-10 14:58:57,504 [cd975088-a4e1-4d6c-8217-e67620ac7c17-groupManagement] INFO  server.RaftServer$Division (ServerState.java:<init>(114)) - cd975088-a4e1-4d6c-8217-e67620ac7c17@group-606166E69D51: ConfigurationManager, init=conf: {index: -1, cur=peers:[]|listeners:[], old=null}, confs=<EMPTY_MAP>
2025-03-10 14:58:57,504 [cd975088-a4e1-4d6c-8217-e67620ac7c17-groupManagement] INFO  server.RaftServerConfigKeys (ConfUtils.java:logGet(46)) - raft.server.notification.no-leader.timeout = 300s (custom)
2025-03-10 14:58:57,504 [cd975088-a4e1-4d6c-8217-e67620ac7c17-groupManagement] INFO  server.RaftServerConfigKeys (ConfUtils.java:logGet(46)) - raft.server.read.timeout = 10s (default)
2025-03-10 14:58:57,504 [cd975088-a4e1-4d6c-8217-e67620ac7c17-groupManagement] INFO  server.RaftServerConfigKeys (ConfUtils.java:logGet(46)) - raft.server.retrycache.expirytime = 600000ms (custom)
2025-03-10 14:58:57,504 [cd975088-a4e1-4d6c-8217-e67620ac7c17-groupManagement] INFO  server.RaftServerConfigKeys (ConfUtils.java:logGet(46)) - raft.server.retrycache.statistics.expirytime = 100ms (default)
2025-03-10 14:58:57,504 [main] INFO  replication.ReplicationSupervisor (ReplicationSupervisor.java:build(169)) - Initializing replication supervisor with thread count = 10
2025-03-10 14:58:57,504 [cd975088-a4e1-4d6c-8217-e67620ac7c17-groupManagement] INFO  server.RaftServerConfigKeys (ConfUtils.java:logGet(46)) - raft.server.read.option = DEFAULT (default)
2025-03-10 14:58:57,504 [cd975088-a4e1-4d6c-8217-e67620ac7c17-groupManagement] INFO  server.RaftServerConfigKeys (ConfUtils.java:logGet(46)) - raft.server.read.read-after-write-consistent.write-index-cache.expiry-time = 60s (default)
2025-03-10 14:58:57,504 [main] INFO  replication.ReplicationSupervisor (ReplicationSupervisor.java:nodeStateUpdated(358)) - Node state updated to IN_SERVICE, scaling executor pool size to 10
2025-03-10 14:58:57,508 [cd975088-a4e1-4d6c-8217-e67620ac7c17-groupManagement] INFO  server.RaftServerConfigKeys (ConfUtils.java:logGet(46)) - raft.server.rpc.request.timeout = 60s (custom)
2025-03-10 14:58:57,508 [cd975088-a4e1-4d6c-8217-e67620ac7c17-groupManagement] INFO  server.RaftServerConfigKeys (ConfUtils.java:logGet(46)) - raft.server.log.appender.install.snapshot.enabled = false (custom)
2025-03-10 14:58:57,508 [cd975088-a4e1-4d6c-8217-e67620ac7c17-groupManagement] INFO  server.RaftServerConfigKeys (ConfUtils.java:logGet(46)) - raft.server.threadpool.server.cached = true (default)
2025-03-10 14:58:57,508 [cd975088-a4e1-4d6c-8217-e67620ac7c17-groupManagement] INFO  server.RaftServerConfigKeys (ConfUtils.java:logGet(46)) - raft.server.threadpool.server.size = 0 (default)
2025-03-10 14:58:57,508 [cd975088-a4e1-4d6c-8217-e67620ac7c17-groupManagement] INFO  server.RaftServerConfigKeys (ConfUtils.java:logGet(46)) - raft.server.threadpool.client.cached = true (default)
2025-03-10 14:58:57,508 [main] INFO  http.BaseHttpServer (BaseHttpServer.java:newHttpServer2BuilderForOzone(229)) - Starting Web-server for hddsDatanode at: http://0.0.0.0:15020
2025-03-10 14:58:57,508 [cd975088-a4e1-4d6c-8217-e67620ac7c17-groupManagement] INFO  server.RaftServerConfigKeys (ConfUtils.java:logGet(46)) - raft.server.threadpool.client.size = 0 (default)
2025-03-10 14:58:57,508 [main] INFO  http.BaseHttpServer (BaseHttpServer.java:<init>(107)) - Hadoop Security Enabled: false Ozone Security Enabled: false Ozone HTTP Security Enabled: false 
2025-03-10 14:58:57,510 [cd975088-a4e1-4d6c-8217-e67620ac7c17-groupManagement] INFO  server.RaftServer$Division (RaftServerImpl.java:<init>(255)) - cd975088-a4e1-4d6c-8217-e67620ac7c17: new RaftServerImpl for group-B2175FA93812:[] with ContainerStateMachine:uninitialized
2025-03-10 14:58:57,510 [cd975088-a4e1-4d6c-8217-e67620ac7c17-groupManagement] INFO  server.RaftServerConfigKeys (ConfUtils.java:logGet(46)) - raft.server.rpc.timeout.min = 5s (custom)
2025-03-10 14:58:57,510 [cd975088-a4e1-4d6c-8217-e67620ac7c17-groupManagement] INFO  server.RaftServerConfigKeys (ConfUtils.java:logGet(46)) - raft.server.rpc.timeout.max = 5200ms (custom)
2025-03-10 14:58:57,510 [cd975088-a4e1-4d6c-8217-e67620ac7c17-groupManagement] INFO  server.RaftServerConfigKeys (ConfUtils.java:logGet(46)) - raft.server.rpc.sleep.time = 25ms (default)
2025-03-10 14:58:57,510 [cd975088-a4e1-4d6c-8217-e67620ac7c17-groupManagement] INFO  server.RaftServerConfigKeys (ConfUtils.java:logGet(46)) - raft.server.rpc.slowness.timeout = 300s (custom)
2025-03-10 14:58:57,510 [cd975088-a4e1-4d6c-8217-e67620ac7c17-groupManagement] INFO  server.RaftServerConfigKeys (ConfUtils.java:logGet(46)) - raft.server.leaderelection.leader.step-down.wait-time = 10s (default)
2025-03-10 14:58:57,510 [cd975088-a4e1-4d6c-8217-e67620ac7c17-groupManagement] INFO  server.RaftServerConfigKeys (ConfUtils.java:logGet(46)) - raft.server.leaderelection.member.majority-add = false (default)
2025-03-10 14:58:57,510 [cd975088-a4e1-4d6c-8217-e67620ac7c17-groupManagement] INFO  server.RaftServerConfigKeys (ConfUtils.java:logGet(46)) - raft.server.sleep.deviation.threshold = 300ms (default)
2025-03-10 14:58:57,510 [cd975088-a4e1-4d6c-8217-e67620ac7c17-groupManagement] INFO  server.RaftServer$Division (ServerState.java:<init>(114)) - cd975088-a4e1-4d6c-8217-e67620ac7c17@group-B2175FA93812: ConfigurationManager, init=conf: {index: -1, cur=peers:[]|listeners:[], old=null}, confs=<EMPTY_MAP>
2025-03-10 14:58:57,510 [cd975088-a4e1-4d6c-8217-e67620ac7c17-groupManagement] INFO  server.RaftServerConfigKeys (ConfUtils.java:logGet(46)) - raft.server.notification.no-leader.timeout = 300s (custom)
2025-03-10 14:58:57,510 [cd975088-a4e1-4d6c-8217-e67620ac7c17-groupManagement] INFO  server.RaftServerConfigKeys (ConfUtils.java:logGet(46)) - raft.server.read.timeout = 10s (default)
2025-03-10 14:58:57,510 [cd975088-a4e1-4d6c-8217-e67620ac7c17-groupManagement] INFO  server.RaftServerConfigKeys (ConfUtils.java:logGet(46)) - raft.server.retrycache.expirytime = 600000ms (custom)
2025-03-10 14:58:57,510 [cd975088-a4e1-4d6c-8217-e67620ac7c17-groupManagement] INFO  server.RaftServerConfigKeys (ConfUtils.java:logGet(46)) - raft.server.retrycache.statistics.expirytime = 100ms (default)
2025-03-10 14:58:57,511 [cd975088-a4e1-4d6c-8217-e67620ac7c17-groupManagement] INFO  server.RaftServerConfigKeys (ConfUtils.java:logGet(46)) - raft.server.read.option = DEFAULT (default)
2025-03-10 14:58:57,511 [cd975088-a4e1-4d6c-8217-e67620ac7c17-groupManagement] INFO  server.RaftServerConfigKeys (ConfUtils.java:logGet(46)) - raft.server.read.read-after-write-consistent.write-index-cache.expiry-time = 60s (default)
2025-03-10 14:58:57,511 [main] WARN  server.AuthenticationFilter (AuthenticationFilter.java:constructSecretProvider(240)) - Unable to initialize FileSignerSecretProvider, falling back to use random secrets. Reason: Could not read signature secret file: /home/runner/hadoop-http-auth-signature-secret
2025-03-10 14:58:57,512 [main] INFO  http.HttpRequestLog (HttpRequestLog.java:getRequestLog(85)) - Http request log for http.requests.hddsDatanode is not defined
2025-03-10 14:58:57,513 [main] INFO  http.HttpServer2 (HttpServer2.java:addGlobalFilter(1040)) - Added global filter 'safety' (class=org.apache.hadoop.hdds.server.http.HttpServer2$QuotingInputFilter)
2025-03-10 14:58:57,514 [cd975088-a4e1-4d6c-8217-e67620ac7c17-groupManagement] INFO  server.RaftServerConfigKeys (ConfUtils.java:logGet(46)) - raft.server.rpc.request.timeout = 60s (custom)
2025-03-10 14:58:57,514 [cd975088-a4e1-4d6c-8217-e67620ac7c17-groupManagement] INFO  server.RaftServerConfigKeys (ConfUtils.java:logGet(46)) - raft.server.log.appender.install.snapshot.enabled = false (custom)
2025-03-10 14:58:57,514 [main] INFO  http.HttpServer2 (HttpServer2.java:addFilter(1016)) - Added filter static_user_filter (class=org.apache.hadoop.http.lib.StaticUserWebFilter$StaticUserFilter) to context hddsDatanode
2025-03-10 14:58:57,514 [cd975088-a4e1-4d6c-8217-e67620ac7c17-groupManagement] INFO  server.RaftServerConfigKeys (ConfUtils.java:logGet(46)) - raft.server.threadpool.server.cached = true (default)
2025-03-10 14:58:57,514 [cd975088-a4e1-4d6c-8217-e67620ac7c17-groupManagement] INFO  server.RaftServerConfigKeys (ConfUtils.java:logGet(46)) - raft.server.threadpool.server.size = 0 (default)
2025-03-10 14:58:57,515 [cd975088-a4e1-4d6c-8217-e67620ac7c17-groupManagement] INFO  server.RaftServerConfigKeys (ConfUtils.java:logGet(46)) - raft.server.threadpool.client.cached = true (default)
2025-03-10 14:58:57,515 [cd975088-a4e1-4d6c-8217-e67620ac7c17-groupManagement] INFO  server.RaftServerConfigKeys (ConfUtils.java:logGet(46)) - raft.server.threadpool.client.size = 0 (default)
2025-03-10 14:58:57,514 [main] INFO  http.HttpServer2 (HttpServer2.java:addFilter(1024)) - Added filter static_user_filter (class=org.apache.hadoop.http.lib.StaticUserWebFilter$StaticUserFilter) to context logs
2025-03-10 14:58:57,515 [main] INFO  http.HttpServer2 (HttpServer2.java:addFilter(1024)) - Added filter static_user_filter (class=org.apache.hadoop.http.lib.StaticUserWebFilter$StaticUserFilter) to context static
2025-03-10 14:58:57,516 [main] INFO  http.BaseHttpServer (BaseHttpServer.java:<init>(195)) - HTTP server of hddsDatanode uses base directory /home/runner/work/ozone/ozone/hadoop-ozone/integration-test/target/test-dir/MiniOzoneClusterImpl-c1e049f0-9043-4314-b8f3-2460433eb1a0/ozone-meta/datanode-2/meta/webserver
2025-03-10 14:58:57,516 [cd975088-a4e1-4d6c-8217-e67620ac7c17-groupManagement] INFO  server.RaftServer$Division (RaftServerImpl.java:<init>(255)) - cd975088-a4e1-4d6c-8217-e67620ac7c17: new RaftServerImpl for group-037D493794B6:[] with ContainerStateMachine:uninitialized
2025-03-10 14:58:57,516 [cd975088-a4e1-4d6c-8217-e67620ac7c17-groupManagement] INFO  server.RaftServerConfigKeys (ConfUtils.java:logGet(46)) - raft.server.rpc.timeout.min = 5s (custom)
2025-03-10 14:58:57,516 [cd975088-a4e1-4d6c-8217-e67620ac7c17-groupManagement] INFO  server.RaftServerConfigKeys (ConfUtils.java:logGet(46)) - raft.server.rpc.timeout.max = 5200ms (custom)
2025-03-10 14:58:57,516 [cd975088-a4e1-4d6c-8217-e67620ac7c17-groupManagement] INFO  server.RaftServerConfigKeys (ConfUtils.java:logGet(46)) - raft.server.rpc.sleep.time = 25ms (default)
2025-03-10 14:58:57,516 [cd975088-a4e1-4d6c-8217-e67620ac7c17-groupManagement] INFO  server.RaftServerConfigKeys (ConfUtils.java:logGet(46)) - raft.server.rpc.slowness.timeout = 300s (custom)
2025-03-10 14:58:57,516 [main] INFO  http.HttpServer2 (HttpServer2.java:bindListener(1240)) - Jetty bound to port 15020
2025-03-10 14:58:57,516 [cd975088-a4e1-4d6c-8217-e67620ac7c17-groupManagement] INFO  server.RaftServerConfigKeys (ConfUtils.java:logGet(46)) - raft.server.leaderelection.leader.step-down.wait-time = 10s (default)
2025-03-10 14:58:57,516 [cd975088-a4e1-4d6c-8217-e67620ac7c17-groupManagement] INFO  server.RaftServerConfigKeys (ConfUtils.java:logGet(46)) - raft.server.leaderelection.member.majority-add = false (default)
2025-03-10 14:58:57,516 [cd975088-a4e1-4d6c-8217-e67620ac7c17-groupManagement] INFO  server.RaftServerConfigKeys (ConfUtils.java:logGet(46)) - raft.server.sleep.deviation.threshold = 300ms (default)
2025-03-10 14:58:57,516 [cd975088-a4e1-4d6c-8217-e67620ac7c17-groupManagement] INFO  server.RaftServer$Division (ServerState.java:<init>(114)) - cd975088-a4e1-4d6c-8217-e67620ac7c17@group-037D493794B6: ConfigurationManager, init=conf: {index: -1, cur=peers:[]|listeners:[], old=null}, confs=<EMPTY_MAP>
2025-03-10 14:58:57,516 [cd975088-a4e1-4d6c-8217-e67620ac7c17-groupManagement] INFO  server.RaftServerConfigKeys (ConfUtils.java:logGet(46)) - raft.server.notification.no-leader.timeout = 300s (custom)
2025-03-10 14:58:57,517 [cd975088-a4e1-4d6c-8217-e67620ac7c17-groupManagement] INFO  server.RaftServerConfigKeys (ConfUtils.java:logGet(46)) - raft.server.read.timeout = 10s (default)
2025-03-10 14:58:57,517 [cd975088-a4e1-4d6c-8217-e67620ac7c17-groupManagement] INFO  server.RaftServerConfigKeys (ConfUtils.java:logGet(46)) - raft.server.retrycache.expirytime = 600000ms (custom)
2025-03-10 14:58:57,517 [cd975088-a4e1-4d6c-8217-e67620ac7c17-groupManagement] INFO  server.RaftServerConfigKeys (ConfUtils.java:logGet(46)) - raft.server.retrycache.statistics.expirytime = 100ms (default)
2025-03-10 14:58:57,517 [cd975088-a4e1-4d6c-8217-e67620ac7c17-groupManagement] INFO  server.RaftServerConfigKeys (ConfUtils.java:logGet(46)) - raft.server.read.option = DEFAULT (default)
2025-03-10 14:58:57,517 [cd975088-a4e1-4d6c-8217-e67620ac7c17-groupManagement] INFO  server.RaftServerConfigKeys (ConfUtils.java:logGet(46)) - raft.server.read.read-after-write-consistent.write-index-cache.expiry-time = 60s (default)
2025-03-10 14:58:57,516 [main] INFO  server.Server (Server.java:doStart(375)) - jetty-9.4.57.v20241219; built: 2025-01-08T21:24:30.412Z; git: df524e6b29271c2e09ba9aea83c18dc9db464a31; jvm 21.0.6+7-LTS
2025-03-10 14:58:57,519 [main] INFO  server.session (DefaultSessionIdManager.java:doStart(334)) - DefaultSessionIdManager workerName=node0
2025-03-10 14:58:57,519 [main] INFO  server.session (DefaultSessionIdManager.java:doStart(339)) - No SessionScavenger set, using defaults
2025-03-10 14:58:57,520 [main] INFO  server.session (HouseKeeper.java:startScavenging(132)) - node0 Scavenging every 660000ms
2025-03-10 14:58:57,520 [cd975088-a4e1-4d6c-8217-e67620ac7c17-groupManagement] INFO  server.RaftServerConfigKeys (ConfUtils.java:logGet(46)) - raft.server.rpc.request.timeout = 60s (custom)
2025-03-10 14:58:57,521 [cd975088-a4e1-4d6c-8217-e67620ac7c17-groupManagement] INFO  server.RaftServerConfigKeys (ConfUtils.java:logGet(46)) - raft.server.log.appender.install.snapshot.enabled = false (custom)
2025-03-10 14:58:57,521 [cd975088-a4e1-4d6c-8217-e67620ac7c17-groupManagement] INFO  server.RaftServerConfigKeys (ConfUtils.java:logGet(46)) - raft.server.threadpool.server.cached = true (default)
2025-03-10 14:58:57,521 [cd975088-a4e1-4d6c-8217-e67620ac7c17-groupManagement] INFO  server.RaftServerConfigKeys (ConfUtils.java:logGet(46)) - raft.server.threadpool.server.size = 0 (default)
2025-03-10 14:58:57,521 [cd975088-a4e1-4d6c-8217-e67620ac7c17-groupManagement] INFO  server.RaftServerConfigKeys (ConfUtils.java:logGet(46)) - raft.server.threadpool.client.cached = true (default)
2025-03-10 14:58:57,521 [cd975088-a4e1-4d6c-8217-e67620ac7c17-groupManagement] INFO  server.RaftServerConfigKeys (ConfUtils.java:logGet(46)) - raft.server.threadpool.client.size = 0 (default)
2025-03-10 14:58:57,521 [main] INFO  handler.ContextHandler (ContextHandler.java:doStart(921)) - Started o.e.j.s.ServletContextHandler@6f136d41{logs,/logs,file:///home/runner/work/ozone/ozone/hadoop-ozone/integration-test/target/log,AVAILABLE}
2025-03-10 14:58:57,521 [main] INFO  handler.ContextHandler (ContextHandler.java:doStart(921)) - Started o.e.j.s.ServletContextHandler@4cd29de4{static,/static,jar:file:/home/runner/work/ozone/ozone/hadoop-hdds/container-service/target/hdds-container-service-2.0.0-SNAPSHOT.jar!/webapps/static,AVAILABLE}
2025-03-10 14:58:57,670 [main] INFO  handler.ContextHandler (ContextHandler.java:doStart(921)) - Started o.e.j.w.WebAppContext@2393ef6e{hddsDatanode,/,file:///home/runner/work/ozone/ozone/hadoop-ozone/integration-test/target/test-dir/MiniOzoneClusterImpl-c1e049f0-9043-4314-b8f3-2460433eb1a0/ozone-meta/datanode-2/meta/webserver/jetty-0_0_0_0-15020-hdds-container-service-2_0_0-SNAPSHOT_jar-_-any-13445511256163559662/webapp/,AVAILABLE}{jar:file:/home/runner/work/ozone/ozone/hadoop-hdds/container-service/target/hdds-container-service-2.0.0-SNAPSHOT.jar!/webapps/hddsDatanode}
2025-03-10 14:58:57,671 [main] INFO  server.AbstractConnector (AbstractConnector.java:doStart(333)) - Started ServerConnector@2775d0d4{HTTP/1.1, (http/1.1)}{0.0.0.0:15020}
2025-03-10 14:58:57,671 [main] INFO  server.Server (Server.java:doStart(415)) - Started @38711ms
2025-03-10 14:58:57,671 [main] WARN  impl.MetricsSystemImpl (MetricsSystemImpl.java:register(279)) - Sink prometheus already exists!
2025-03-10 14:58:57,671 [main] INFO  http.BaseHttpServer (BaseHttpServer.java:updateConnectorAddress(360)) - HTTP server of hddsDatanode listening at http://0.0.0.0:15020
2025-03-10 14:58:57,672 [main] INFO  ipc.CallQueueManager (CallQueueManager.java:<init>(93)) - Using callQueue: class java.util.concurrent.LinkedBlockingQueue, queueCapacity: 1000, scheduler: class org.apache.hadoop.ipc.DefaultRpcScheduler, ipcBackoff: false, ipcFailOver: false.
2025-03-10 14:58:57,672 [main] INFO  ipc.Server (Server.java:<init>(1438)) - Listener at 0.0.0.0:15021
2025-03-10 14:58:57,673 [Socket Reader #1 for port 15021] INFO  ipc.Server (Server.java:run(1474)) - Starting Socket Reader #1 for port 15021
2025-03-10 14:58:57,673 [Socket Reader #2 for port 15021] INFO  ipc.Server (Server.java:run(1474)) - Starting Socket Reader #2 for port 15021
2025-03-10 14:58:57,673 [Socket Reader #3 for port 15021] INFO  ipc.Server (Server.java:run(1474)) - Starting Socket Reader #3 for port 15021
2025-03-10 14:58:57,673 [Socket Reader #4 for port 15021] INFO  ipc.Server (Server.java:run(1474)) - Starting Socket Reader #4 for port 15021
2025-03-10 14:58:57,673 [Socket Reader #5 for port 15021] INFO  ipc.Server (Server.java:run(1474)) - Starting Socket Reader #5 for port 15021
2025-03-10 14:58:57,674 [Socket Reader #6 for port 15021] INFO  ipc.Server (Server.java:run(1474)) - Starting Socket Reader #6 for port 15021
2025-03-10 14:58:57,674 [Socket Reader #7 for port 15021] INFO  ipc.Server (Server.java:run(1474)) - Starting Socket Reader #7 for port 15021
2025-03-10 14:58:57,674 [Socket Reader #8 for port 15021] INFO  ipc.Server (Server.java:run(1474)) - Starting Socket Reader #8 for port 15021
2025-03-10 14:58:57,674 [Socket Reader #9 for port 15021] INFO  ipc.Server (Server.java:run(1474)) - Starting Socket Reader #9 for port 15021
2025-03-10 14:58:57,674 [Socket Reader #10 for port 15021] INFO  ipc.Server (Server.java:run(1474)) - Starting Socket Reader #10 for port 15021
2025-03-10 14:58:57,676 [main] INFO  ozone.HddsDatanodeService (HddsDatanodeService.java:start(332)) - Datanode start with admins: [runner]
2025-03-10 14:58:57,676 [main] INFO  ozone.HddsDatanodeClientProtocolServer (HddsDatanodeClientProtocolServer.java:start(76)) - RPC server for Client /0.0.0.0:15021
2025-03-10 14:58:57,677 [IPC Server Responder] INFO  ipc.Server (Server.java:run(1713)) - IPC Server Responder: starting
2025-03-10 14:58:57,677 [IPC Server listener on 15021] INFO  ipc.Server (Server.java:run(1553)) - IPC Server listener on 15021: starting
2025-03-10 14:58:57,680 [cd975088-a4e1-4d6c-8217-e67620ac7c17-DatanodeStateMachineDaemonThread] INFO  statemachine.DatanodeStateMachine (DatanodeStateMachine.java:startStateMachineThread(336)) - Ozone container server started.
2025-03-10 14:58:57,683 [cd975088-a4e1-4d6c-8217-e67620ac7c17-DatanodeStateMachineTaskThread-0] INFO  datanode.InitDatanodeState (InitDatanodeState.java:persistContainerDatanodeDetails(139)) - DatanodeDetails is persisted to /home/runner/work/ozone/ozone/hadoop-ozone/integration-test/target/test-dir/MiniOzoneClusterImpl-c1e049f0-9043-4314-b8f3-2460433eb1a0/ozone-meta/datanode-2/meta/datanode.id
2025-03-10 14:58:59,668 [timer4] WARN  server.GrpcLogAppender (LogUtils.java:warn(121)) - bb41d03f-9ea0-4e3b-80d9-0852d4352e0e@group-606166E69D51->cd975088-a4e1-4d6c-8217-e67620ac7c17-AppendLogResponseHandler: Failed appendEntries (Repeated 10 times in the last 5.001s): org.apache.ratis.thirdparty.io.grpc.StatusRuntimeException: UNAVAILABLE: io exception
2025-03-10 14:58:59,670 [timer5] WARN  server.GrpcLogAppender (GrpcLogAppender.java:lambda$resetClient$1(221)) - bb41d03f-9ea0-4e3b-80d9-0852d4352e0e@group-606166E69D51->cd975088-a4e1-4d6c-8217-e67620ac7c17-GrpcLogAppender: Follower failed (request=null, errorCount=10); keep nextIndex (1) unchanged and retry. (Repeated 10 times in the last 5.000s)
2025-03-10 14:58:59,684 [cd975088-a4e1-4d6c-8217-e67620ac7c17-ContainerReader-0] INFO  ozoneimpl.ContainerReader (ContainerReader.java:readVolume(144)) - Start to verify containers on volume /home/runner/work/ozone/ozone/hadoop-ozone/integration-test/target/test-dir/MiniOzoneClusterImpl-c1e049f0-9043-4314-b8f3-2460433eb1a0/ozone-meta/datanode-2/data-0/hdds
2025-03-10 14:58:59,696 [cd975088-a4e1-4d6c-8217-e67620ac7c17-ContainerReader-0] INFO  ozoneimpl.ContainerReader (ContainerReader.java:readVolume(174)) - Finish verifying containers on volume /home/runner/work/ozone/ozone/hadoop-ozone/integration-test/target/test-dir/MiniOzoneClusterImpl-c1e049f0-9043-4314-b8f3-2460433eb1a0/ozone-meta/datanode-2/data-0/hdds
2025-03-10 14:58:59,697 [cd975088-a4e1-4d6c-8217-e67620ac7c17-EndpointStateMachineTaskThread-/0.0.0.0:15002-0 ] INFO  ozoneimpl.OzoneContainer (OzoneContainer.java:buildContainerSet(357)) - Build ContainerSet costs 0s
2025-03-10 14:58:59,697 [cd975088-a4e1-4d6c-8217-e67620ac7c17-EndpointStateMachineTaskThread-/0.0.0.0:15002-0 ] INFO  volume.ThrottledAsyncChecker (ThrottledAsyncChecker.java:schedule(138)) - Scheduling a check for /home/runner/work/ozone/ozone/hadoop-ozone/integration-test/target/test-dir/MiniOzoneClusterImpl-c1e049f0-9043-4314-b8f3-2460433eb1a0/ozone-meta/datanode-2/data-0/hdds
2025-03-10 14:58:59,697 [cd975088-a4e1-4d6c-8217-e67620ac7c17-EndpointStateMachineTaskThread-/0.0.0.0:15002-0 ] INFO  volume.StorageVolumeChecker (StorageVolumeChecker.java:checkAllVolumes(215)) - Scheduled health check for volume /home/runner/work/ozone/ozone/hadoop-ozone/integration-test/target/test-dir/MiniOzoneClusterImpl-c1e049f0-9043-4314-b8f3-2460433eb1a0/ozone-meta/datanode-2/data-0/hdds
2025-03-10 14:58:59,699 [cd975088-a4e1-4d6c-8217-e67620ac7c17-EndpointStateMachineTaskThread-/0.0.0.0:15002-0 ] INFO  volume.ThrottledAsyncChecker (ThrottledAsyncChecker.java:schedule(138)) - Scheduling a check for /home/runner/work/ozone/ozone/hadoop-ozone/integration-test/target/test-dir/MiniOzoneClusterImpl-c1e049f0-9043-4314-b8f3-2460433eb1a0/ozone-meta/datanode-2/ratis
2025-03-10 14:58:59,699 [cd975088-a4e1-4d6c-8217-e67620ac7c17-EndpointStateMachineTaskThread-/0.0.0.0:15002-0 ] INFO  volume.StorageVolumeChecker (StorageVolumeChecker.java:checkAllVolumes(215)) - Scheduled health check for volume /home/runner/work/ozone/ozone/hadoop-ozone/integration-test/target/test-dir/MiniOzoneClusterImpl-c1e049f0-9043-4314-b8f3-2460433eb1a0/ozone-meta/datanode-2/ratis
2025-03-10 14:58:59,700 [cd975088-a4e1-4d6c-8217-e67620ac7c17-EndpointStateMachineTaskThread-/0.0.0.0:15002-0 ] INFO  ozoneimpl.OzoneContainer (OzoneContainer.java:start(500)) - Attempting to start container services.
2025-03-10 14:58:59,702 [cd975088-a4e1-4d6c-8217-e67620ac7c17-EndpointStateMachineTaskThread-/0.0.0.0:15002-0 ] INFO  replication.ReplicationServer (ReplicationServer.java:start(137)) - ReplicationServer is started using port 15027
2025-03-10 14:58:59,702 [cd975088-a4e1-4d6c-8217-e67620ac7c17-EndpointStateMachineTaskThread-/0.0.0.0:15002-0 ] INFO  ratis.XceiverServerRatis (XceiverServerRatis.java:start(558)) - Starting XceiverServerRatis(cd975088-a4e1-4d6c-8217-e67620ac7c17)
2025-03-10 14:58:59,703 [cd975088-a4e1-4d6c-8217-e67620ac7c17-impl-thread1] INFO  server.RaftServerConfigKeys (ConfUtils.java:logGet(46)) - raft.server.storage.free-space.min = 0MB (=0) (default)
2025-03-10 14:58:59,704 [cd975088-a4e1-4d6c-8217-e67620ac7c17-impl-thread1] INFO  server.RaftServerConfigKeys (ConfUtils.java:logGet(46)) - raft.server.log.corruption.policy = EXCEPTION (default)
2025-03-10 14:58:59,704 [cd975088-a4e1-4d6c-8217-e67620ac7c17-impl-thread1] INFO  server.RaftServerConfigKeys (ConfUtils.java:logGet(46)) - raft.server.storage.dir = [/home/runner/work/ozone/ozone/hadoop-ozone/integration-test/target/test-dir/MiniOzoneClusterImpl-c1e049f0-9043-4314-b8f3-2460433eb1a0/ozone-meta/datanode-2/ratis] (custom)
2025-03-10 14:58:59,704 [cd975088-a4e1-4d6c-8217-e67620ac7c17-impl-thread2] INFO  server.RaftServerConfigKeys (ConfUtils.java:logGet(46)) - raft.server.storage.free-space.min = 0MB (=0) (default)
2025-03-10 14:58:59,704 [cd975088-a4e1-4d6c-8217-e67620ac7c17-impl-thread2] INFO  server.RaftServerConfigKeys (ConfUtils.java:logGet(46)) - raft.server.log.corruption.policy = EXCEPTION (default)
2025-03-10 14:58:59,704 [cd975088-a4e1-4d6c-8217-e67620ac7c17-impl-thread2] INFO  server.RaftServerConfigKeys (ConfUtils.java:logGet(46)) - raft.server.storage.dir = [/home/runner/work/ozone/ozone/hadoop-ozone/integration-test/target/test-dir/MiniOzoneClusterImpl-c1e049f0-9043-4314-b8f3-2460433eb1a0/ozone-meta/datanode-2/ratis] (custom)
2025-03-10 14:58:59,705 [cd975088-a4e1-4d6c-8217-e67620ac7c17-impl-thread3] INFO  server.RaftServerConfigKeys (ConfUtils.java:logGet(46)) - raft.server.storage.free-space.min = 0MB (=0) (default)
2025-03-10 14:58:59,705 [cd975088-a4e1-4d6c-8217-e67620ac7c17-impl-thread3] INFO  server.RaftServerConfigKeys (ConfUtils.java:logGet(46)) - raft.server.log.corruption.policy = EXCEPTION (default)
2025-03-10 14:58:59,705 [cd975088-a4e1-4d6c-8217-e67620ac7c17-impl-thread3] INFO  server.RaftServerConfigKeys (ConfUtils.java:logGet(46)) - raft.server.storage.dir = [/home/runner/work/ozone/ozone/hadoop-ozone/integration-test/target/test-dir/MiniOzoneClusterImpl-c1e049f0-9043-4314-b8f3-2460433eb1a0/ozone-meta/datanode-2/ratis] (custom)
2025-03-10 14:58:59,706 [cd975088-a4e1-4d6c-8217-e67620ac7c17-impl-thread1] INFO  storage.RaftStorageDirectory (RaftStorageDirectoryImpl.java:tryLock(229)) - Lock on /home/runner/work/ozone/ozone/hadoop-ozone/integration-test/target/test-dir/MiniOzoneClusterImpl-c1e049f0-9043-4314-b8f3-2460433eb1a0/ozone-meta/datanode-2/ratis/ca7d1e5f-c110-487f-9e28-606166e69d51/in_use.lock acquired by nodename 139316@fv-az1384-231
2025-03-10 14:58:59,706 [cd975088-a4e1-4d6c-8217-e67620ac7c17-impl-thread2] INFO  storage.RaftStorageDirectory (RaftStorageDirectoryImpl.java:tryLock(229)) - Lock on /home/runner/work/ozone/ozone/hadoop-ozone/integration-test/target/test-dir/MiniOzoneClusterImpl-c1e049f0-9043-4314-b8f3-2460433eb1a0/ozone-meta/datanode-2/ratis/ac153af9-1e85-4974-beea-037d493794b6/in_use.lock acquired by nodename 139316@fv-az1384-231
2025-03-10 14:58:59,706 [cd975088-a4e1-4d6c-8217-e67620ac7c17-impl-thread1] INFO  storage.RaftStorage (RaftStorageImpl.java:analyzeAndRecoverStorage(118)) - Read RaftStorageMetadata{term=1, votedFor=bb41d03f-9ea0-4e3b-80d9-0852d4352e0e} from /home/runner/work/ozone/ozone/hadoop-ozone/integration-test/target/test-dir/MiniOzoneClusterImpl-c1e049f0-9043-4314-b8f3-2460433eb1a0/ozone-meta/datanode-2/ratis/ca7d1e5f-c110-487f-9e28-606166e69d51/current/raft-meta
2025-03-10 14:58:59,706 [cd975088-a4e1-4d6c-8217-e67620ac7c17-impl-thread2] INFO  storage.RaftStorage (RaftStorageImpl.java:analyzeAndRecoverStorage(118)) - Read RaftStorageMetadata{term=1, votedFor=cd975088-a4e1-4d6c-8217-e67620ac7c17} from /home/runner/work/ozone/ozone/hadoop-ozone/integration-test/target/test-dir/MiniOzoneClusterImpl-c1e049f0-9043-4314-b8f3-2460433eb1a0/ozone-meta/datanode-2/ratis/ac153af9-1e85-4974-beea-037d493794b6/current/raft-meta
2025-03-10 14:58:59,707 [cd975088-a4e1-4d6c-8217-e67620ac7c17-impl-thread3] INFO  storage.RaftStorageDirectory (RaftStorageDirectoryImpl.java:tryLock(229)) - Lock on /home/runner/work/ozone/ozone/hadoop-ozone/integration-test/target/test-dir/MiniOzoneClusterImpl-c1e049f0-9043-4314-b8f3-2460433eb1a0/ozone-meta/datanode-2/ratis/3e2dd505-942f-401a-882d-b2175fa93812/in_use.lock acquired by nodename 139316@fv-az1384-231
2025-03-10 14:58:59,707 [cd975088-a4e1-4d6c-8217-e67620ac7c17-impl-thread3] INFO  storage.RaftStorage (RaftStorageImpl.java:analyzeAndRecoverStorage(118)) - Read RaftStorageMetadata{term=1, votedFor=cd975088-a4e1-4d6c-8217-e67620ac7c17} from /home/runner/work/ozone/ozone/hadoop-ozone/integration-test/target/test-dir/MiniOzoneClusterImpl-c1e049f0-9043-4314-b8f3-2460433eb1a0/ozone-meta/datanode-2/ratis/3e2dd505-942f-401a-882d-b2175fa93812/current/raft-meta
2025-03-10 14:58:59,707 [cd975088-a4e1-4d6c-8217-e67620ac7c17-impl-thread3] INFO  server.RaftServer$Division (ServerState.java:setRaftConf(386)) - cd975088-a4e1-4d6c-8217-e67620ac7c17@group-B2175FA93812: set configuration conf: {index: 0, cur=peers:[cd975088-a4e1-4d6c-8217-e67620ac7c17|127.0.0.1:15025]|listeners:[], old=null}
2025-03-10 14:58:59,708 [cd975088-a4e1-4d6c-8217-e67620ac7c17-impl-thread1] INFO  server.RaftServer$Division (ServerState.java:setRaftConf(386)) - cd975088-a4e1-4d6c-8217-e67620ac7c17@group-606166E69D51: set configuration conf: {index: 0, cur=peers:[bb41d03f-9ea0-4e3b-80d9-0852d4352e0e|127.0.0.1:15016, cd975088-a4e1-4d6c-8217-e67620ac7c17|127.0.0.1:15025, 24343a3a-85a1-4b3d-bed0-d5c89a70db02|127.0.0.1:15034]|listeners:[], old=null}
2025-03-10 14:58:59,708 [cd975088-a4e1-4d6c-8217-e67620ac7c17-impl-thread3] INFO  ratis.ContainerStateMachine (ContainerStateMachine.java:initialize(308)) - cd975088-a4e1-4d6c-8217-e67620ac7c17: initialize group-B2175FA93812
2025-03-10 14:58:59,708 [cd975088-a4e1-4d6c-8217-e67620ac7c17-impl-thread3] INFO  ratis.ContainerStateMachine (ContainerStateMachine.java:loadSnapshot(325)) - group-B2175FA93812: Setting the last applied index to (t:1, i:0)
2025-03-10 14:58:59,707 [ContainerMetadataScanner] INFO  ozoneimpl.AbstractBackgroundContainerScanner (AbstractBackgroundContainerScanner.java:runIteration(89)) - Completed an iteration in 0 minutes. Number of iterations (since the data-node restart) : 1, Number of containers scanned in this iteration : 1, Number of unhealthy containers found in this iteration : 0
2025-03-10 14:58:59,709 [cd975088-a4e1-4d6c-8217-e67620ac7c17-impl-thread3] INFO  server.RaftServerConfigKeys (ConfUtils.java:logGet(46)) - raft.server.log.use.memory = false (default)
2025-03-10 14:58:59,709 [cd975088-a4e1-4d6c-8217-e67620ac7c17-impl-thread3] INFO  server.RaftServerConfigKeys (ConfUtils.java:logGet(46)) - raft.server.log.purge.gap = 1000000 (custom)
2025-03-10 14:58:59,709 [cd975088-a4e1-4d6c-8217-e67620ac7c17-impl-thread2] INFO  server.RaftServer$Division (ServerState.java:setRaftConf(386)) - cd975088-a4e1-4d6c-8217-e67620ac7c17@group-037D493794B6: set configuration conf: {index: 0, cur=peers:[bb41d03f-9ea0-4e3b-80d9-0852d4352e0e|127.0.0.1:15016, cd975088-a4e1-4d6c-8217-e67620ac7c17|127.0.0.1:15025, 24343a3a-85a1-4b3d-bed0-d5c89a70db02|127.0.0.1:15034]|listeners:[], old=null}
2025-03-10 14:58:59,709 [cd975088-a4e1-4d6c-8217-e67620ac7c17-impl-thread1] INFO  ratis.ContainerStateMachine (ContainerStateMachine.java:initialize(308)) - cd975088-a4e1-4d6c-8217-e67620ac7c17: initialize group-606166E69D51
2025-03-10 14:58:59,709 [cd975088-a4e1-4d6c-8217-e67620ac7c17-impl-thread1] INFO  ratis.ContainerStateMachine (ContainerStateMachine.java:loadSnapshot(325)) - group-606166E69D51: Setting the last applied index to (t:1, i:0)
2025-03-10 14:58:59,709 [cd975088-a4e1-4d6c-8217-e67620ac7c17-impl-thread1] INFO  server.RaftServerConfigKeys (ConfUtils.java:logGet(46)) - raft.server.log.use.memory = false (default)
2025-03-10 14:58:59,709 [cd975088-a4e1-4d6c-8217-e67620ac7c17-impl-thread1] INFO  server.RaftServerConfigKeys (ConfUtils.java:logGet(46)) - raft.server.log.purge.gap = 1000000 (custom)
2025-03-10 14:58:59,710 [cd975088-a4e1-4d6c-8217-e67620ac7c17-impl-thread1] INFO  server.RaftServerConfigKeys (ConfUtils.java:logGet(46)) - raft.server.log.appender.buffer.byte-limit = 33554432 (custom)
2025-03-10 14:58:59,710 [cd975088-a4e1-4d6c-8217-e67620ac7c17-impl-thread1] INFO  server.RaftServerConfigKeys (ConfUtils.java:logGet(46)) - raft.server.log.statemachine.data.read.timeout = 1000ms (default)
2025-03-10 14:58:59,710 [cd975088-a4e1-4d6c-8217-e67620ac7c17-impl-thread1] INFO  server.RaftServerConfigKeys (ConfUtils.java:logGet(46)) - raft.server.log.purge.preservation.log.num = 0 (default)
2025-03-10 14:58:59,709 [cd975088-a4e1-4d6c-8217-e67620ac7c17-impl-thread2] INFO  ratis.ContainerStateMachine (ContainerStateMachine.java:initialize(308)) - cd975088-a4e1-4d6c-8217-e67620ac7c17: initialize group-037D493794B6
2025-03-10 14:58:59,711 [cd975088-a4e1-4d6c-8217-e67620ac7c17-impl-thread2] INFO  ratis.ContainerStateMachine (ContainerStateMachine.java:loadSnapshot(325)) - group-037D493794B6: Setting the last applied index to (t:1, i:6)
2025-03-10 14:58:59,711 [cd975088-a4e1-4d6c-8217-e67620ac7c17-impl-thread3] INFO  server.RaftServerConfigKeys (ConfUtils.java:logGet(46)) - raft.server.log.appender.buffer.byte-limit = 33554432 (custom)
2025-03-10 14:58:59,711 [cd975088-a4e1-4d6c-8217-e67620ac7c17-impl-thread3] INFO  server.RaftServerConfigKeys (ConfUtils.java:logGet(46)) - raft.server.log.statemachine.data.read.timeout = 1000ms (default)
2025-03-10 14:58:59,711 [cd975088-a4e1-4d6c-8217-e67620ac7c17-impl-thread3] INFO  server.RaftServerConfigKeys (ConfUtils.java:logGet(46)) - raft.server.log.purge.preservation.log.num = 0 (default)
2025-03-10 14:58:59,712 [ContainerDataScanner(/home/runner/work/ozone/ozone/hadoop-ozone/integration-test/target/test-dir/MiniOzoneClusterImpl-c1e049f0-9043-4314-b8f3-2460433eb1a0/ozone-meta/datanode-2/data-0/hdds)] INFO  ozoneimpl.AbstractBackgroundContainerScanner (AbstractBackgroundContainerScanner.java:runIteration(89)) - Completed an iteration in 0 minutes. Number of iterations (since the data-node restart) : 1, Number of containers scanned in this iteration : 1, Number of unhealthy containers found in this iteration : 0
2025-03-10 14:58:59,712 [cd975088-a4e1-4d6c-8217-e67620ac7c17-impl-thread2] INFO  server.RaftServerConfigKeys (ConfUtils.java:logGet(46)) - raft.server.log.use.memory = false (default)
2025-03-10 14:58:59,712 [cd975088-a4e1-4d6c-8217-e67620ac7c17-impl-thread2] INFO  server.RaftServerConfigKeys (ConfUtils.java:logGet(46)) - raft.server.log.purge.gap = 1000000 (custom)
2025-03-10 14:58:59,712 [cd975088-a4e1-4d6c-8217-e67620ac7c17-impl-thread2] INFO  server.RaftServerConfigKeys (ConfUtils.java:logGet(46)) - raft.server.log.appender.buffer.byte-limit = 33554432 (custom)
2025-03-10 14:58:59,712 [cd975088-a4e1-4d6c-8217-e67620ac7c17-impl-thread2] INFO  server.RaftServerConfigKeys (ConfUtils.java:logGet(46)) - raft.server.log.statemachine.data.read.timeout = 1000ms (default)
2025-03-10 14:58:59,712 [cd975088-a4e1-4d6c-8217-e67620ac7c17-impl-thread2] INFO  server.RaftServerConfigKeys (ConfUtils.java:logGet(46)) - raft.server.log.purge.preservation.log.num = 0 (default)
2025-03-10 14:58:59,717 [cd975088-a4e1-4d6c-8217-e67620ac7c17-impl-thread3] INFO  server.RaftServerConfigKeys (ConfUtils.java:logGet(46)) - raft.server.log.segment.size.max = 67108864 (custom)
2025-03-10 14:58:59,718 [cd975088-a4e1-4d6c-8217-e67620ac7c17-impl-thread1] INFO  server.RaftServerConfigKeys (ConfUtils.java:logGet(46)) - raft.server.log.segment.size.max = 67108864 (custom)
2025-03-10 14:58:59,719 [cd975088-a4e1-4d6c-8217-e67620ac7c17-impl-thread3] INFO  server.RaftServerConfigKeys (ConfUtils.java:logGet(46)) - raft.server.log.segment.cache.num.max = 2 (custom)
2025-03-10 14:58:59,719 [cd975088-a4e1-4d6c-8217-e67620ac7c17-impl-thread1] INFO  server.RaftServerConfigKeys (ConfUtils.java:logGet(46)) - raft.server.log.segment.cache.num.max = 2 (custom)
2025-03-10 14:58:59,719 [cd975088-a4e1-4d6c-8217-e67620ac7c17-impl-thread3] INFO  server.RaftServerConfigKeys (ConfUtils.java:logGet(46)) - raft.server.log.segment.cache.size.max = 200MB (=209715200) (default)
2025-03-10 14:58:59,719 [cd975088-a4e1-4d6c-8217-e67620ac7c17-impl-thread3] INFO  server.RaftServerConfigKeys (ConfUtils.java:logGet(46)) - raft.server.log.appender.buffer.byte-limit = 33554432 (custom)
2025-03-10 14:58:59,719 [cd975088-a4e1-4d6c-8217-e67620ac7c17-impl-thread1] INFO  server.RaftServerConfigKeys (ConfUtils.java:logGet(46)) - raft.server.log.segment.cache.size.max = 200MB (=209715200) (default)
2025-03-10 14:58:59,720 [cd975088-a4e1-4d6c-8217-e67620ac7c17-impl-thread1] INFO  server.RaftServerConfigKeys (ConfUtils.java:logGet(46)) - raft.server.log.appender.buffer.byte-limit = 33554432 (custom)
2025-03-10 14:58:59,720 [cd975088-a4e1-4d6c-8217-e67620ac7c17-impl-thread3] INFO  util.AwaitToRun (AwaitToRun.java:start(81)) - Thread[#980,cd975088-a4e1-4d6c-8217-e67620ac7c17@group-B2175FA93812-cacheEviction-AwaitToRun,5,main] started
2025-03-10 14:58:59,720 [cd975088-a4e1-4d6c-8217-e67620ac7c17-impl-thread3] INFO  segmented.SegmentedRaftLogWorker (SegmentedRaftLogWorker.java:<init>(188)) - new cd975088-a4e1-4d6c-8217-e67620ac7c17@group-B2175FA93812-SegmentedRaftLogWorker for RaftStorageImpl:Storage Directory /home/runner/work/ozone/ozone/hadoop-ozone/integration-test/target/test-dir/MiniOzoneClusterImpl-c1e049f0-9043-4314-b8f3-2460433eb1a0/ozone-meta/datanode-2/ratis/3e2dd505-942f-401a-882d-b2175fa93812
2025-03-10 14:58:59,721 [cd975088-a4e1-4d6c-8217-e67620ac7c17-impl-thread3] INFO  server.RaftServerConfigKeys (ConfUtils.java:logGet(46)) - raft.server.log.queue.byte-limit = 4294967296 (custom)
2025-03-10 14:58:59,721 [cd975088-a4e1-4d6c-8217-e67620ac7c17-impl-thread3] INFO  server.RaftServerConfigKeys (ConfUtils.java:logGet(46)) - raft.server.log.queue.element-limit = 1024 (custom)
2025-03-10 14:58:59,721 [cd975088-a4e1-4d6c-8217-e67620ac7c17-impl-thread3] INFO  server.RaftServerConfigKeys (ConfUtils.java:logGet(46)) - raft.server.log.segment.size.max = 67108864 (custom)
2025-03-10 14:58:59,721 [cd975088-a4e1-4d6c-8217-e67620ac7c17-impl-thread3] INFO  server.RaftServerConfigKeys (ConfUtils.java:logGet(46)) - raft.server.log.preallocated.size = 4194304 (custom)
2025-03-10 14:58:59,721 [cd975088-a4e1-4d6c-8217-e67620ac7c17-impl-thread3] INFO  server.RaftServerConfigKeys (ConfUtils.java:logGet(46)) - raft.server.log.force.sync.num = 128 (default)
2025-03-10 14:58:59,721 [cd975088-a4e1-4d6c-8217-e67620ac7c17-impl-thread3] INFO  server.RaftServerConfigKeys (ConfUtils.java:logGet(46)) - raft.server.log.statemachine.data.sync = true (default)
2025-03-10 14:58:59,721 [cd975088-a4e1-4d6c-8217-e67620ac7c17-impl-thread3] INFO  server.RaftServerConfigKeys (ConfUtils.java:logGet(46)) - raft.server.log.statemachine.data.sync.timeout = 10s (default)
2025-03-10 14:58:59,721 [cd975088-a4e1-4d6c-8217-e67620ac7c17-impl-thread3] INFO  server.RaftServerConfigKeys (ConfUtils.java:logGet(46)) - raft.server.log.statemachine.data.sync.timeout.retry = 30 (custom)
2025-03-10 14:58:59,721 [cd975088-a4e1-4d6c-8217-e67620ac7c17-impl-thread1] INFO  util.AwaitToRun (AwaitToRun.java:start(81)) - Thread[#981,cd975088-a4e1-4d6c-8217-e67620ac7c17@group-606166E69D51-cacheEviction-AwaitToRun,5,main] started
2025-03-10 14:58:59,721 [cd975088-a4e1-4d6c-8217-e67620ac7c17-impl-thread1] INFO  segmented.SegmentedRaftLogWorker (SegmentedRaftLogWorker.java:<init>(188)) - new cd975088-a4e1-4d6c-8217-e67620ac7c17@group-606166E69D51-SegmentedRaftLogWorker for RaftStorageImpl:Storage Directory /home/runner/work/ozone/ozone/hadoop-ozone/integration-test/target/test-dir/MiniOzoneClusterImpl-c1e049f0-9043-4314-b8f3-2460433eb1a0/ozone-meta/datanode-2/ratis/ca7d1e5f-c110-487f-9e28-606166e69d51
2025-03-10 14:58:59,721 [cd975088-a4e1-4d6c-8217-e67620ac7c17-impl-thread1] INFO  server.RaftServerConfigKeys (ConfUtils.java:logGet(46)) - raft.server.log.queue.byte-limit = 4294967296 (custom)
2025-03-10 14:58:59,722 [cd975088-a4e1-4d6c-8217-e67620ac7c17-impl-thread1] INFO  server.RaftServerConfigKeys (ConfUtils.java:logGet(46)) - raft.server.log.queue.element-limit = 1024 (custom)
2025-03-10 14:58:59,722 [cd975088-a4e1-4d6c-8217-e67620ac7c17-impl-thread1] INFO  server.RaftServerConfigKeys (ConfUtils.java:logGet(46)) - raft.server.log.segment.size.max = 67108864 (custom)
2025-03-10 14:58:59,722 [cd975088-a4e1-4d6c-8217-e67620ac7c17-impl-thread1] INFO  server.RaftServerConfigKeys (ConfUtils.java:logGet(46)) - raft.server.log.preallocated.size = 4194304 (custom)
2025-03-10 14:58:59,722 [cd975088-a4e1-4d6c-8217-e67620ac7c17-impl-thread1] INFO  server.RaftServerConfigKeys (ConfUtils.java:logGet(46)) - raft.server.log.force.sync.num = 128 (default)
2025-03-10 14:58:59,722 [cd975088-a4e1-4d6c-8217-e67620ac7c17-impl-thread1] INFO  server.RaftServerConfigKeys (ConfUtils.java:logGet(46)) - raft.server.log.statemachine.data.sync = true (default)
2025-03-10 14:58:59,722 [cd975088-a4e1-4d6c-8217-e67620ac7c17-impl-thread1] INFO  server.RaftServerConfigKeys (ConfUtils.java:logGet(46)) - raft.server.log.statemachine.data.sync.timeout = 10s (default)
2025-03-10 14:58:59,722 [cd975088-a4e1-4d6c-8217-e67620ac7c17-impl-thread1] INFO  server.RaftServerConfigKeys (ConfUtils.java:logGet(46)) - raft.server.log.statemachine.data.sync.timeout.retry = 30 (custom)
2025-03-10 14:58:59,722 [cd975088-a4e1-4d6c-8217-e67620ac7c17-impl-thread1] INFO  server.RaftServerConfigKeys (ConfUtils.java:logGet(46)) - raft.server.log.write.buffer.size = 33554440 (custom)
2025-03-10 14:58:59,720 [cd975088-a4e1-4d6c-8217-e67620ac7c17-impl-thread2] INFO  server.RaftServerConfigKeys (ConfUtils.java:logGet(46)) - raft.server.log.segment.size.max = 67108864 (custom)
2025-03-10 14:58:59,723 [cd975088-a4e1-4d6c-8217-e67620ac7c17-impl-thread2] INFO  server.RaftServerConfigKeys (ConfUtils.java:logGet(46)) - raft.server.log.segment.cache.num.max = 2 (custom)
2025-03-10 14:58:59,723 [cd975088-a4e1-4d6c-8217-e67620ac7c17-impl-thread2] INFO  server.RaftServerConfigKeys (ConfUtils.java:logGet(46)) - raft.server.log.segment.cache.size.max = 200MB (=209715200) (default)
2025-03-10 14:58:59,723 [cd975088-a4e1-4d6c-8217-e67620ac7c17-impl-thread2] INFO  server.RaftServerConfigKeys (ConfUtils.java:logGet(46)) - raft.server.log.appender.buffer.byte-limit = 33554432 (custom)
2025-03-10 14:58:59,722 [cd975088-a4e1-4d6c-8217-e67620ac7c17-impl-thread3] INFO  server.RaftServerConfigKeys (ConfUtils.java:logGet(46)) - raft.server.log.write.buffer.size = 33554440 (custom)
2025-03-10 14:58:59,724 [cd975088-a4e1-4d6c-8217-e67620ac7c17-impl-thread2] INFO  util.AwaitToRun (AwaitToRun.java:start(81)) - Thread[#982,cd975088-a4e1-4d6c-8217-e67620ac7c17@group-037D493794B6-cacheEviction-AwaitToRun,5,main] started
2025-03-10 14:58:59,724 [cd975088-a4e1-4d6c-8217-e67620ac7c17-impl-thread2] INFO  segmented.SegmentedRaftLogWorker (SegmentedRaftLogWorker.java:<init>(188)) - new cd975088-a4e1-4d6c-8217-e67620ac7c17@group-037D493794B6-SegmentedRaftLogWorker for RaftStorageImpl:Storage Directory /home/runner/work/ozone/ozone/hadoop-ozone/integration-test/target/test-dir/MiniOzoneClusterImpl-c1e049f0-9043-4314-b8f3-2460433eb1a0/ozone-meta/datanode-2/ratis/ac153af9-1e85-4974-beea-037d493794b6
2025-03-10 14:58:59,724 [cd975088-a4e1-4d6c-8217-e67620ac7c17-impl-thread2] INFO  server.RaftServerConfigKeys (ConfUtils.java:logGet(46)) - raft.server.log.queue.byte-limit = 4294967296 (custom)
2025-03-10 14:58:59,724 [cd975088-a4e1-4d6c-8217-e67620ac7c17-impl-thread2] INFO  server.RaftServerConfigKeys (ConfUtils.java:logGet(46)) - raft.server.log.queue.element-limit = 1024 (custom)
2025-03-10 14:58:59,724 [cd975088-a4e1-4d6c-8217-e67620ac7c17-impl-thread2] INFO  server.RaftServerConfigKeys (ConfUtils.java:logGet(46)) - raft.server.log.segment.size.max = 67108864 (custom)
2025-03-10 14:58:59,724 [cd975088-a4e1-4d6c-8217-e67620ac7c17-impl-thread2] INFO  server.RaftServerConfigKeys (ConfUtils.java:logGet(46)) - raft.server.log.preallocated.size = 4194304 (custom)
2025-03-10 14:58:59,724 [cd975088-a4e1-4d6c-8217-e67620ac7c17-impl-thread2] INFO  server.RaftServerConfigKeys (ConfUtils.java:logGet(46)) - raft.server.log.force.sync.num = 128 (default)
2025-03-10 14:58:59,724 [cd975088-a4e1-4d6c-8217-e67620ac7c17-impl-thread2] INFO  server.RaftServerConfigKeys (ConfUtils.java:logGet(46)) - raft.server.log.statemachine.data.sync = true (default)
2025-03-10 14:58:59,724 [cd975088-a4e1-4d6c-8217-e67620ac7c17-impl-thread2] INFO  server.RaftServerConfigKeys (ConfUtils.java:logGet(46)) - raft.server.log.statemachine.data.sync.timeout = 10s (default)
2025-03-10 14:58:59,724 [cd975088-a4e1-4d6c-8217-e67620ac7c17-impl-thread2] INFO  server.RaftServerConfigKeys (ConfUtils.java:logGet(46)) - raft.server.log.statemachine.data.sync.timeout.retry = 30 (custom)
2025-03-10 14:58:59,725 [cd975088-a4e1-4d6c-8217-e67620ac7c17-impl-thread2] INFO  server.RaftServerConfigKeys (ConfUtils.java:logGet(46)) - raft.server.log.write.buffer.size = 33554440 (custom)
2025-03-10 14:58:59,728 [cd975088-a4e1-4d6c-8217-e67620ac7c17-impl-thread1] INFO  server.RaftServerConfigKeys (ConfUtils.java:logGet(46)) - raft.server.log.appender.buffer.byte-limit = 33554432 (custom)
2025-03-10 14:58:59,728 [cd975088-a4e1-4d6c-8217-e67620ac7c17-impl-thread1] INFO  server.RaftServerConfigKeys (ConfUtils.java:logGet(46)) - raft.server.log.unsafe-flush.enabled = false (default)
2025-03-10 14:58:59,728 [cd975088-a4e1-4d6c-8217-e67620ac7c17-impl-thread1] INFO  server.RaftServerConfigKeys (ConfUtils.java:logGet(46)) - raft.server.log.async-flush.enabled = false (default)
2025-03-10 14:58:59,728 [cd975088-a4e1-4d6c-8217-e67620ac7c17-impl-thread1] INFO  server.RaftServerConfigKeys (ConfUtils.java:logGet(46)) - raft.server.log.statemachine.data.caching.enabled = true (custom)
2025-03-10 14:58:59,729 [cd975088-a4e1-4d6c-8217-e67620ac7c17-impl-thread1] INFO  server.RaftServer$Division (ServerState.java:setRaftConf(386)) - cd975088-a4e1-4d6c-8217-e67620ac7c17@group-606166E69D51: set configuration conf: {index: 0, cur=peers:[bb41d03f-9ea0-4e3b-80d9-0852d4352e0e|127.0.0.1:15016, cd975088-a4e1-4d6c-8217-e67620ac7c17|127.0.0.1:15025, 24343a3a-85a1-4b3d-bed0-d5c89a70db02|127.0.0.1:15034]|listeners:[], old=null}
2025-03-10 14:58:59,729 [cd975088-a4e1-4d6c-8217-e67620ac7c17-impl-thread1] INFO  segmented.LogSegment (LogSegment.java:loadSegment(171)) - Successfully read 1 entries from segment file /home/runner/work/ozone/ozone/hadoop-ozone/integration-test/target/test-dir/MiniOzoneClusterImpl-c1e049f0-9043-4314-b8f3-2460433eb1a0/ozone-meta/datanode-2/ratis/ca7d1e5f-c110-487f-9e28-606166e69d51/current/log_inprogress_0
2025-03-10 14:58:59,730 [cd975088-a4e1-4d6c-8217-e67620ac7c17-impl-thread1] INFO  segmented.SegmentedRaftLogWorker (SegmentedRaftLogWorker.java:lambda$new$0(139)) - cd975088-a4e1-4d6c-8217-e67620ac7c17@group-606166E69D51-SegmentedRaftLogWorker: safeCacheEvictIndex: setUnconditionally 0 -> -1
2025-03-10 14:58:59,730 [cd975088-a4e1-4d6c-8217-e67620ac7c17-impl-thread1] INFO  segmented.BufferedWriteChannel (BufferedWriteChannel.java:open(61)) - open log_inprogress_0 (append) at position 351
2025-03-10 14:58:59,731 [cd975088-a4e1-4d6c-8217-e67620ac7c17-impl-thread1] INFO  server.RaftServer$Division (RaftServerImpl.java:start(391)) - cd975088-a4e1-4d6c-8217-e67620ac7c17@group-606166E69D51: start as a follower, conf=conf: {index: 0, cur=peers:[bb41d03f-9ea0-4e3b-80d9-0852d4352e0e|127.0.0.1:15016, cd975088-a4e1-4d6c-8217-e67620ac7c17|127.0.0.1:15025, 24343a3a-85a1-4b3d-bed0-d5c89a70db02|127.0.0.1:15034]|listeners:[], old=null}
2025-03-10 14:58:59,731 [cd975088-a4e1-4d6c-8217-e67620ac7c17-impl-thread1] INFO  server.RaftServer$Division (RaftServerImpl.java:setRole(378)) - cd975088-a4e1-4d6c-8217-e67620ac7c17@group-606166E69D51: changes role from      null to FOLLOWER at term 1 for startAsFollower
2025-03-10 14:58:59,731 [cd975088-a4e1-4d6c-8217-e67620ac7c17-impl-thread1] INFO  impl.RoleInfo (RoleInfo.java:updateAndGet(148)) - cd975088-a4e1-4d6c-8217-e67620ac7c17: start cd975088-a4e1-4d6c-8217-e67620ac7c17@group-606166E69D51-FollowerState
2025-03-10 14:58:59,732 [cd975088-a4e1-4d6c-8217-e67620ac7c17-impl-thread1] INFO  util.JmxRegister (JmxRegister.java:tryRegister(44)) - Successfully registered JMX Bean with object name Ratis:service=RaftServer,group=group-606166E69D51,id=cd975088-a4e1-4d6c-8217-e67620ac7c17
2025-03-10 14:58:59,732 [cd975088-a4e1-4d6c-8217-e67620ac7c17-impl-thread1] INFO  util.JmxRegister (JmxRegister.java:register(58)) - register mxBean class org.apache.ratis.server.impl.RaftServerJmxAdapter as Ratis:service=RaftServer,group=group-606166E69D51,id=cd975088-a4e1-4d6c-8217-e67620ac7c17
2025-03-10 14:58:59,732 [cd975088-a4e1-4d6c-8217-e67620ac7c17-impl-thread1] INFO  server.RaftServerConfigKeys (ConfUtils.java:logGet(46)) - raft.server.snapshot.trigger-when-stop.enabled = true (default)
2025-03-10 14:58:59,732 [cd975088-a4e1-4d6c-8217-e67620ac7c17-impl-thread1] INFO  server.RaftServerConfigKeys (ConfUtils.java:logGet(46)) - raft.server.snapshot.trigger-when-remove.enabled = true (default)
2025-03-10 14:58:59,732 [cd975088-a4e1-4d6c-8217-e67620ac7c17-impl-thread1] INFO  server.RaftServerConfigKeys (ConfUtils.java:logGet(46)) - raft.server.snapshot.auto.trigger.enabled = true (custom)
2025-03-10 14:58:59,732 [cd975088-a4e1-4d6c-8217-e67620ac7c17-impl-thread1] INFO  server.RaftServerConfigKeys (ConfUtils.java:logGet(46)) - raft.server.snapshot.auto.trigger.threshold = 100000 (custom)
2025-03-10 14:58:59,732 [cd975088-a4e1-4d6c-8217-e67620ac7c17-impl-thread1] INFO  server.RaftServerConfigKeys (ConfUtils.java:logGet(46)) - raft.server.snapshot.retention.file.num = 5 (custom)
2025-03-10 14:58:59,732 [cd975088-a4e1-4d6c-8217-e67620ac7c17-impl-thread1] INFO  server.RaftServerConfigKeys (ConfUtils.java:logGet(46)) - raft.server.log.purge.upto.snapshot.index = false (default)
2025-03-10 14:58:59,733 [cd975088-a4e1-4d6c-8217-e67620ac7c17@group-606166E69D51-FollowerState] INFO  server.RaftServerConfigKeys (ConfUtils.java:logFallback(53)) - raft.server.rpc.first-election.timeout.min = 5s (fallback to raft.server.rpc.timeout.min)
2025-03-10 14:58:59,733 [cd975088-a4e1-4d6c-8217-e67620ac7c17@group-606166E69D51-FollowerState] INFO  server.RaftServerConfigKeys (ConfUtils.java:logFallback(53)) - raft.server.rpc.first-election.timeout.max = 5200ms (fallback to raft.server.rpc.timeout.max)
2025-03-10 14:58:59,733 [cd975088-a4e1-4d6c-8217-e67620ac7c17-impl-thread3] INFO  server.RaftServerConfigKeys (ConfUtils.java:logGet(46)) - raft.server.log.appender.buffer.byte-limit = 33554432 (custom)
2025-03-10 14:58:59,734 [cd975088-a4e1-4d6c-8217-e67620ac7c17-impl-thread3] INFO  server.RaftServerConfigKeys (ConfUtils.java:logGet(46)) - raft.server.log.unsafe-flush.enabled = false (default)
2025-03-10 14:58:59,734 [cd975088-a4e1-4d6c-8217-e67620ac7c17-impl-thread3] INFO  server.RaftServerConfigKeys (ConfUtils.java:logGet(46)) - raft.server.log.async-flush.enabled = false (default)
2025-03-10 14:58:59,734 [cd975088-a4e1-4d6c-8217-e67620ac7c17-impl-thread3] INFO  server.RaftServerConfigKeys (ConfUtils.java:logGet(46)) - raft.server.log.statemachine.data.caching.enabled = true (custom)
2025-03-10 14:58:59,734 [cd975088-a4e1-4d6c-8217-e67620ac7c17-impl-thread3] INFO  server.RaftServer$Division (ServerState.java:setRaftConf(386)) - cd975088-a4e1-4d6c-8217-e67620ac7c17@group-B2175FA93812: set configuration conf: {index: 0, cur=peers:[cd975088-a4e1-4d6c-8217-e67620ac7c17|127.0.0.1:15025]|listeners:[], old=null}
2025-03-10 14:58:59,732 [cd975088-a4e1-4d6c-8217-e67620ac7c17-impl-thread2] INFO  server.RaftServerConfigKeys (ConfUtils.java:logGet(46)) - raft.server.log.appender.buffer.byte-limit = 33554432 (custom)
2025-03-10 14:58:59,734 [cd975088-a4e1-4d6c-8217-e67620ac7c17-impl-thread2] INFO  server.RaftServerConfigKeys (ConfUtils.java:logGet(46)) - raft.server.log.unsafe-flush.enabled = false (default)
2025-03-10 14:58:59,734 [cd975088-a4e1-4d6c-8217-e67620ac7c17-impl-thread2] INFO  server.RaftServerConfigKeys (ConfUtils.java:logGet(46)) - raft.server.log.async-flush.enabled = false (default)
2025-03-10 14:58:59,735 [cd975088-a4e1-4d6c-8217-e67620ac7c17-impl-thread2] INFO  server.RaftServerConfigKeys (ConfUtils.java:logGet(46)) - raft.server.log.statemachine.data.caching.enabled = true (custom)
2025-03-10 14:58:59,734 [cd975088-a4e1-4d6c-8217-e67620ac7c17-impl-thread3] INFO  segmented.LogSegment (LogSegment.java:loadSegment(171)) - Successfully read 1 entries from segment file /home/runner/work/ozone/ozone/hadoop-ozone/integration-test/target/test-dir/MiniOzoneClusterImpl-c1e049f0-9043-4314-b8f3-2460433eb1a0/ozone-meta/datanode-2/ratis/3e2dd505-942f-401a-882d-b2175fa93812/current/log_inprogress_0
2025-03-10 14:58:59,735 [cd975088-a4e1-4d6c-8217-e67620ac7c17-impl-thread3] INFO  segmented.SegmentedRaftLogWorker (SegmentedRaftLogWorker.java:lambda$new$0(139)) - cd975088-a4e1-4d6c-8217-e67620ac7c17@group-B2175FA93812-SegmentedRaftLogWorker: safeCacheEvictIndex: setUnconditionally 0 -> -1
2025-03-10 14:58:59,735 [cd975088-a4e1-4d6c-8217-e67620ac7c17-impl-thread1] INFO  server.RaftServer$Division (RaftServerImpl.java:start(405)) - cd975088-a4e1-4d6c-8217-e67620ac7c17@group-606166E69D51: Successfully started.
2025-03-10 14:58:59,735 [cd975088-a4e1-4d6c-8217-e67620ac7c17-impl-thread2] INFO  server.RaftServer$Division (ServerState.java:setRaftConf(386)) - cd975088-a4e1-4d6c-8217-e67620ac7c17@group-037D493794B6: set configuration conf: {index: 0, cur=peers:[bb41d03f-9ea0-4e3b-80d9-0852d4352e0e|127.0.0.1:15016, cd975088-a4e1-4d6c-8217-e67620ac7c17|127.0.0.1:15025, 24343a3a-85a1-4b3d-bed0-d5c89a70db02|127.0.0.1:15034]|listeners:[], old=null}
2025-03-10 14:58:59,735 [cd975088-a4e1-4d6c-8217-e67620ac7c17-impl-thread3] INFO  segmented.BufferedWriteChannel (BufferedWriteChannel.java:open(61)) - open log_inprogress_0 (append) at position 129
2025-03-10 14:58:59,735 [cd975088-a4e1-4d6c-8217-e67620ac7c17-impl-thread2] INFO  segmented.LogSegment (LogSegment.java:loadSegment(171)) - Successfully read 7 entries from segment file /home/runner/work/ozone/ozone/hadoop-ozone/integration-test/target/test-dir/MiniOzoneClusterImpl-c1e049f0-9043-4314-b8f3-2460433eb1a0/ozone-meta/datanode-2/ratis/ac153af9-1e85-4974-beea-037d493794b6/current/log_inprogress_0
2025-03-10 14:58:59,736 [cd975088-a4e1-4d6c-8217-e67620ac7c17-impl-thread2] INFO  segmented.SegmentedRaftLogWorker (SegmentedRaftLogWorker.java:lambda$new$0(139)) - cd975088-a4e1-4d6c-8217-e67620ac7c17@group-037D493794B6-SegmentedRaftLogWorker: flushIndex: setUnconditionally 0 -> 6
2025-03-10 14:58:59,736 [cd975088-a4e1-4d6c-8217-e67620ac7c17-impl-thread2] INFO  segmented.SegmentedRaftLogWorker (SegmentedRaftLogWorker.java:lambda$new$0(139)) - cd975088-a4e1-4d6c-8217-e67620ac7c17@group-037D493794B6-SegmentedRaftLogWorker: safeCacheEvictIndex: setUnconditionally 0 -> -1
2025-03-10 14:58:59,736 [cd975088-a4e1-4d6c-8217-e67620ac7c17-impl-thread2] INFO  segmented.BufferedWriteChannel (BufferedWriteChannel.java:open(61)) - open log_inprogress_0 (append) at position 909
2025-03-10 14:58:59,736 [cd975088-a4e1-4d6c-8217-e67620ac7c17-impl-thread3] INFO  server.RaftServer$Division (RaftServerImpl.java:start(391)) - cd975088-a4e1-4d6c-8217-e67620ac7c17@group-B2175FA93812: start as a follower, conf=conf: {index: 0, cur=peers:[cd975088-a4e1-4d6c-8217-e67620ac7c17|127.0.0.1:15025]|listeners:[], old=null}
2025-03-10 14:58:59,736 [cd975088-a4e1-4d6c-8217-e67620ac7c17-impl-thread3] INFO  server.RaftServer$Division (RaftServerImpl.java:setRole(378)) - cd975088-a4e1-4d6c-8217-e67620ac7c17@group-B2175FA93812: changes role from      null to FOLLOWER at term 1 for startAsFollower
2025-03-10 14:58:59,737 [cd975088-a4e1-4d6c-8217-e67620ac7c17-impl-thread2] INFO  server.RaftServer$Division (RaftServerImpl.java:start(391)) - cd975088-a4e1-4d6c-8217-e67620ac7c17@group-037D493794B6: start as a follower, conf=conf: {index: 0, cur=peers:[bb41d03f-9ea0-4e3b-80d9-0852d4352e0e|127.0.0.1:15016, cd975088-a4e1-4d6c-8217-e67620ac7c17|127.0.0.1:15025, 24343a3a-85a1-4b3d-bed0-d5c89a70db02|127.0.0.1:15034]|listeners:[], old=null}
2025-03-10 14:58:59,737 [cd975088-a4e1-4d6c-8217-e67620ac7c17-impl-thread2] INFO  server.RaftServer$Division (RaftServerImpl.java:setRole(378)) - cd975088-a4e1-4d6c-8217-e67620ac7c17@group-037D493794B6: changes role from      null to FOLLOWER at term 1 for startAsFollower
2025-03-10 14:58:59,737 [cd975088-a4e1-4d6c-8217-e67620ac7c17-impl-thread2] INFO  impl.RoleInfo (RoleInfo.java:updateAndGet(148)) - cd975088-a4e1-4d6c-8217-e67620ac7c17: start cd975088-a4e1-4d6c-8217-e67620ac7c17@group-037D493794B6-FollowerState
2025-03-10 14:58:59,737 [cd975088-a4e1-4d6c-8217-e67620ac7c17-impl-thread3] INFO  impl.RoleInfo (RoleInfo.java:updateAndGet(148)) - cd975088-a4e1-4d6c-8217-e67620ac7c17: start cd975088-a4e1-4d6c-8217-e67620ac7c17@group-B2175FA93812-FollowerState
2025-03-10 14:58:59,737 [cd975088-a4e1-4d6c-8217-e67620ac7c17-impl-thread3] INFO  util.JmxRegister (JmxRegister.java:tryRegister(44)) - Successfully registered JMX Bean with object name Ratis:service=RaftServer,group=group-B2175FA93812,id=cd975088-a4e1-4d6c-8217-e67620ac7c17
2025-03-10 14:58:59,737 [cd975088-a4e1-4d6c-8217-e67620ac7c17-impl-thread3] INFO  util.JmxRegister (JmxRegister.java:register(58)) - register mxBean class org.apache.ratis.server.impl.RaftServerJmxAdapter as Ratis:service=RaftServer,group=group-B2175FA93812,id=cd975088-a4e1-4d6c-8217-e67620ac7c17
2025-03-10 14:58:59,737 [cd975088-a4e1-4d6c-8217-e67620ac7c17-impl-thread3] INFO  server.RaftServerConfigKeys (ConfUtils.java:logGet(46)) - raft.server.snapshot.trigger-when-stop.enabled = true (default)
2025-03-10 14:58:59,737 [cd975088-a4e1-4d6c-8217-e67620ac7c17-impl-thread3] INFO  server.RaftServerConfigKeys (ConfUtils.java:logGet(46)) - raft.server.snapshot.trigger-when-remove.enabled = true (default)
2025-03-10 14:58:59,737 [cd975088-a4e1-4d6c-8217-e67620ac7c17-impl-thread3] INFO  server.RaftServerConfigKeys (ConfUtils.java:logGet(46)) - raft.server.snapshot.auto.trigger.enabled = true (custom)
2025-03-10 14:58:59,737 [cd975088-a4e1-4d6c-8217-e67620ac7c17-impl-thread2] INFO  util.JmxRegister (JmxRegister.java:tryRegister(44)) - Successfully registered JMX Bean with object name Ratis:service=RaftServer,group=group-037D493794B6,id=cd975088-a4e1-4d6c-8217-e67620ac7c17
2025-03-10 14:58:59,737 [cd975088-a4e1-4d6c-8217-e67620ac7c17-impl-thread3] INFO  server.RaftServerConfigKeys (ConfUtils.java:logGet(46)) - raft.server.snapshot.auto.trigger.threshold = 100000 (custom)
2025-03-10 14:58:59,737 [cd975088-a4e1-4d6c-8217-e67620ac7c17@group-B2175FA93812-FollowerState] INFO  server.RaftServerConfigKeys (ConfUtils.java:logFallback(53)) - raft.server.rpc.first-election.timeout.min = 5s (fallback to raft.server.rpc.timeout.min)
2025-03-10 14:58:59,737 [cd975088-a4e1-4d6c-8217-e67620ac7c17@group-037D493794B6-FollowerState] INFO  server.RaftServerConfigKeys (ConfUtils.java:logFallback(53)) - raft.server.rpc.first-election.timeout.min = 5s (fallback to raft.server.rpc.timeout.min)
2025-03-10 14:58:59,738 [cd975088-a4e1-4d6c-8217-e67620ac7c17@group-037D493794B6-FollowerState] INFO  server.RaftServerConfigKeys (ConfUtils.java:logFallback(53)) - raft.server.rpc.first-election.timeout.max = 5200ms (fallback to raft.server.rpc.timeout.max)
2025-03-10 14:58:59,738 [cd975088-a4e1-4d6c-8217-e67620ac7c17@group-B2175FA93812-FollowerState] INFO  server.RaftServerConfigKeys (ConfUtils.java:logFallback(53)) - raft.server.rpc.first-election.timeout.max = 5200ms (fallback to raft.server.rpc.timeout.max)
2025-03-10 14:58:59,737 [cd975088-a4e1-4d6c-8217-e67620ac7c17-impl-thread3] INFO  server.RaftServerConfigKeys (ConfUtils.java:logGet(46)) - raft.server.snapshot.retention.file.num = 5 (custom)
2025-03-10 14:58:59,738 [cd975088-a4e1-4d6c-8217-e67620ac7c17-impl-thread3] INFO  server.RaftServerConfigKeys (ConfUtils.java:logGet(46)) - raft.server.log.purge.upto.snapshot.index = false (default)
2025-03-10 14:58:59,737 [cd975088-a4e1-4d6c-8217-e67620ac7c17-impl-thread2] INFO  util.JmxRegister (JmxRegister.java:register(58)) - register mxBean class org.apache.ratis.server.impl.RaftServerJmxAdapter as Ratis:service=RaftServer,group=group-037D493794B6,id=cd975088-a4e1-4d6c-8217-e67620ac7c17
2025-03-10 14:58:59,738 [cd975088-a4e1-4d6c-8217-e67620ac7c17-impl-thread2] INFO  server.RaftServerConfigKeys (ConfUtils.java:logGet(46)) - raft.server.snapshot.trigger-when-stop.enabled = true (default)
2025-03-10 14:58:59,738 [cd975088-a4e1-4d6c-8217-e67620ac7c17-impl-thread2] INFO  server.RaftServerConfigKeys (ConfUtils.java:logGet(46)) - raft.server.snapshot.trigger-when-remove.enabled = true (default)
2025-03-10 14:58:59,738 [cd975088-a4e1-4d6c-8217-e67620ac7c17-impl-thread2] INFO  server.RaftServerConfigKeys (ConfUtils.java:logGet(46)) - raft.server.snapshot.auto.trigger.enabled = true (custom)
2025-03-10 14:58:59,738 [cd975088-a4e1-4d6c-8217-e67620ac7c17-impl-thread2] INFO  server.RaftServerConfigKeys (ConfUtils.java:logGet(46)) - raft.server.snapshot.auto.trigger.threshold = 100000 (custom)
2025-03-10 14:58:59,739 [cd975088-a4e1-4d6c-8217-e67620ac7c17-impl-thread2] INFO  server.RaftServerConfigKeys (ConfUtils.java:logGet(46)) - raft.server.snapshot.retention.file.num = 5 (custom)
2025-03-10 14:58:59,739 [cd975088-a4e1-4d6c-8217-e67620ac7c17-impl-thread2] INFO  server.RaftServerConfigKeys (ConfUtils.java:logGet(46)) - raft.server.log.purge.upto.snapshot.index = false (default)
2025-03-10 14:58:59,738 [cd975088-a4e1-4d6c-8217-e67620ac7c17-impl-thread3] INFO  server.RaftServer$Division (RaftServerImpl.java:start(405)) - cd975088-a4e1-4d6c-8217-e67620ac7c17@group-B2175FA93812: Successfully started.
2025-03-10 14:58:59,739 [cd975088-a4e1-4d6c-8217-e67620ac7c17-impl-thread2] INFO  server.RaftServer$Division (RaftServerImpl.java:start(405)) - cd975088-a4e1-4d6c-8217-e67620ac7c17@group-037D493794B6: Successfully started.
2025-03-10 14:58:59,739 [cd975088-a4e1-4d6c-8217-e67620ac7c17-EndpointStateMachineTaskThread-/0.0.0.0:15002-0 ] INFO  server.RaftServer (RaftServerProxy.java:startImpl(407)) - cd975088-a4e1-4d6c-8217-e67620ac7c17: start RPC server
2025-03-10 14:58:59,740 [cd975088-a4e1-4d6c-8217-e67620ac7c17-EndpointStateMachineTaskThread-/0.0.0.0:15002-0 ] INFO  server.GrpcService (GrpcService.java:startImpl(334)) - cd975088-a4e1-4d6c-8217-e67620ac7c17: GrpcService started, listening on 15023
2025-03-10 14:58:59,741 [cd975088-a4e1-4d6c-8217-e67620ac7c17-EndpointStateMachineTaskThread-/0.0.0.0:15002-0 ] INFO  server.GrpcService (GrpcService.java:startImpl(334)) - cd975088-a4e1-4d6c-8217-e67620ac7c17: GrpcService started, listening on 15025
2025-03-10 14:58:59,741 [cd975088-a4e1-4d6c-8217-e67620ac7c17-EndpointStateMachineTaskThread-/0.0.0.0:15002-0 ] INFO  server.GrpcService (GrpcService.java:startImpl(334)) - cd975088-a4e1-4d6c-8217-e67620ac7c17: GrpcService started, listening on 15024
2025-03-10 14:58:59,741 [JvmPauseMonitor6] INFO  util.JvmPauseMonitor (JvmPauseMonitor.java:run(146)) - JvmPauseMonitor-cd975088-a4e1-4d6c-8217-e67620ac7c17: Started
2025-03-10 14:58:59,742 [cd975088-a4e1-4d6c-8217-e67620ac7c17-EndpointStateMachineTaskThread-/0.0.0.0:15002-0 ] INFO  ratis.XceiverServerRatis (XceiverServerRatis.java:getRealPort(585)) - XceiverServerRatis(cd975088-a4e1-4d6c-8217-e67620ac7c17) is started using port RATIS=15023
2025-03-10 14:58:59,742 [cd975088-a4e1-4d6c-8217-e67620ac7c17-EndpointStateMachineTaskThread-/0.0.0.0:15002-0 ] INFO  ratis.XceiverServerRatis (XceiverServerRatis.java:getRealPort(585)) - XceiverServerRatis(cd975088-a4e1-4d6c-8217-e67620ac7c17) is started using port RATIS_ADMIN=15024
2025-03-10 14:58:59,742 [cd975088-a4e1-4d6c-8217-e67620ac7c17-EndpointStateMachineTaskThread-/0.0.0.0:15002-0 ] INFO  ratis.XceiverServerRatis (XceiverServerRatis.java:getRealPort(585)) - XceiverServerRatis(cd975088-a4e1-4d6c-8217-e67620ac7c17) is started using port RATIS_SERVER=15025
2025-03-10 14:58:59,742 [cd975088-a4e1-4d6c-8217-e67620ac7c17-EndpointStateMachineTaskThread-/0.0.0.0:15002-0 ] INFO  ratis.XceiverServerRatis (XceiverServerRatis.java:getRealPort(585)) - XceiverServerRatis(cd975088-a4e1-4d6c-8217-e67620ac7c17) is started using port RATIS_DATASTREAM=15026
2025-03-10 14:58:59,743 [cd975088-a4e1-4d6c-8217-e67620ac7c17-BlockDeletingService#0] INFO  interfaces.ContainerDeletionChoosingPolicyTemplate (ContainerDeletionChoosingPolicyTemplate.java:chooseContainerForBlockDeletion(83)) - Chosen 0/5000 blocks from 0 candidate containers.
2025-03-10 14:59:00,290 [cd975088-a4e1-4d6c-8217-e67620ac7c17-server-thread1] INFO  server.RaftServer$Division (RaftServerImpl.java:setFirstElection(562)) - cd975088-a4e1-4d6c-8217-e67620ac7c17@group-606166E69D51: set firstElectionSinceStartup to false for appendEntries
2025-03-10 14:59:00,290 [cd975088-a4e1-4d6c-8217-e67620ac7c17-server-thread1] INFO  ratis.XceiverServerRatis (XceiverServerRatis.java:handleLeaderChangedNotification(941)) - Leader change notification received for group: group-606166E69D51 with new leaderId: bb41d03f-9ea0-4e3b-80d9-0852d4352e0e
2025-03-10 14:59:00,290 [cd975088-a4e1-4d6c-8217-e67620ac7c17-server-thread1] INFO  server.RaftServer$Division (ServerState.java:setLeader(272)) - cd975088-a4e1-4d6c-8217-e67620ac7c17@group-606166E69D51: change Leader from null to bb41d03f-9ea0-4e3b-80d9-0852d4352e0e at term 1 for appendEntries, leader elected after 2786ms
2025-03-10 14:59:00,351 [EventQueue-DeadNodeForDeadNodeHandler] INFO  node.DeadNodeHandler (DeadNodeHandler.java:onMessage(90)) - A dead datanode is detected. cd975088-a4e1-4d6c-8217-e67620ac7c17(localhost/127.0.0.1)
2025-03-10 14:59:00,353 [EventQueue-DeadNodeForDeadNodeHandler] INFO  pipeline.RatisPipelineProvider (RatisPipelineProvider.java:lambda$close$4(268)) - Send pipeline:PipelineID=ca7d1e5f-c110-487f-9e28-606166e69d51 close command to datanode cd975088-a4e1-4d6c-8217-e67620ac7c17
2025-03-10 14:59:00,353 [EventQueue-DeadNodeForDeadNodeHandler] INFO  pipeline.RatisPipelineProvider (RatisPipelineProvider.java:lambda$close$4(268)) - Send pipeline:PipelineID=ca7d1e5f-c110-487f-9e28-606166e69d51 close command to datanode 24343a3a-85a1-4b3d-bed0-d5c89a70db02
2025-03-10 14:59:00,353 [EventQueue-DeadNodeForDeadNodeHandler] INFO  pipeline.RatisPipelineProvider (RatisPipelineProvider.java:lambda$close$4(268)) - Send pipeline:PipelineID=ca7d1e5f-c110-487f-9e28-606166e69d51 close command to datanode bb41d03f-9ea0-4e3b-80d9-0852d4352e0e
2025-03-10 14:59:00,355 [EventQueue-DeadNodeForDeadNodeHandler] INFO  pipeline.PipelineManagerImpl (PipelineManagerImpl.java:removePipeline(457)) - Pipeline Pipeline[ Id: ca7d1e5f-c110-487f-9e28-606166e69d51, Nodes: cd975088-a4e1-4d6c-8217-e67620ac7c17(localhost/127.0.0.1) ReplicaIndex: 024343a3a-85a1-4b3d-bed0-d5c89a70db02(localhost/127.0.0.1) ReplicaIndex: 0bb41d03f-9ea0-4e3b-80d9-0852d4352e0e(localhost/127.0.0.1) ReplicaIndex: 0, ReplicationConfig: RATIS/THREE, State:CLOSED, leaderId:bb41d03f-9ea0-4e3b-80d9-0852d4352e0e, CreationTimestamp2025-03-10T14:58:42.536Z[Etc/UTC]] removed.
2025-03-10 14:59:00,355 [EventQueue-DeadNodeForDeadNodeHandler] INFO  pipeline.RatisPipelineProvider (RatisPipelineProvider.java:lambda$close$4(268)) - Send pipeline:PipelineID=ac153af9-1e85-4974-beea-037d493794b6 close command to datanode cd975088-a4e1-4d6c-8217-e67620ac7c17
2025-03-10 14:59:00,355 [EventQueue-DeadNodeForDeadNodeHandler] INFO  pipeline.RatisPipelineProvider (RatisPipelineProvider.java:lambda$close$4(268)) - Send pipeline:PipelineID=ac153af9-1e85-4974-beea-037d493794b6 close command to datanode 24343a3a-85a1-4b3d-bed0-d5c89a70db02
2025-03-10 14:59:00,356 [EventQueue-DeadNodeForDeadNodeHandler] INFO  pipeline.RatisPipelineProvider (RatisPipelineProvider.java:lambda$close$4(268)) - Send pipeline:PipelineID=ac153af9-1e85-4974-beea-037d493794b6 close command to datanode bb41d03f-9ea0-4e3b-80d9-0852d4352e0e
2025-03-10 14:59:00,357 [EventQueue-DeadNodeForDeadNodeHandler] INFO  pipeline.PipelineManagerImpl (PipelineManagerImpl.java:removePipeline(457)) - Pipeline Pipeline[ Id: ac153af9-1e85-4974-beea-037d493794b6, Nodes: cd975088-a4e1-4d6c-8217-e67620ac7c17(localhost/127.0.0.1) ReplicaIndex: 024343a3a-85a1-4b3d-bed0-d5c89a70db02(localhost/127.0.0.1) ReplicaIndex: 0bb41d03f-9ea0-4e3b-80d9-0852d4352e0e(localhost/127.0.0.1) ReplicaIndex: 0, ReplicationConfig: RATIS/THREE, State:CLOSED, leaderId:cd975088-a4e1-4d6c-8217-e67620ac7c17, CreationTimestamp2025-03-10T14:58:42.541Z[Etc/UTC]] removed.
2025-03-10 14:59:00,358 [EventQueue-DeadNodeForDeadNodeHandler] INFO  pipeline.RatisPipelineProvider (RatisPipelineProvider.java:lambda$close$4(268)) - Send pipeline:PipelineID=3e2dd505-942f-401a-882d-b2175fa93812 close command to datanode cd975088-a4e1-4d6c-8217-e67620ac7c17
2025-03-10 14:59:00,359 [EventQueue-DeadNodeForDeadNodeHandler] INFO  pipeline.PipelineManagerImpl (PipelineManagerImpl.java:removePipeline(457)) - Pipeline Pipeline[ Id: 3e2dd505-942f-401a-882d-b2175fa93812, Nodes: cd975088-a4e1-4d6c-8217-e67620ac7c17(localhost/127.0.0.1) ReplicaIndex: 0, ReplicationConfig: RATIS/ONE, State:CLOSED, leaderId:cd975088-a4e1-4d6c-8217-e67620ac7c17, CreationTimestamp2025-03-10T14:58:42.316Z[Etc/UTC]] removed.
2025-03-10 14:59:00,359 [EventQueue-DeadNodeForDeadNodeHandler] INFO  node.DeadNodeHandler (DeadNodeHandler.java:onMessage(103)) - Clearing command queue of size 3 for DN cd975088-a4e1-4d6c-8217-e67620ac7c17(localhost/127.0.0.1)
2025-03-10 14:59:00,360 [EventQueue-DeadNodeForDeadNodeHandler] INFO  net.NetworkTopologyImpl (NetworkTopologyImpl.java:remove(211)) - Removed a node: /default-rack/cd975088-a4e1-4d6c-8217-e67620ac7c17
2025-03-10 14:59:00,715 [bb41d03f-9ea0-4e3b-80d9-0852d4352e0e@group-037D493794B6-FollowerState] INFO  impl.FollowerState (FollowerState.java:runImpl(161)) - bb41d03f-9ea0-4e3b-80d9-0852d4352e0e@group-037D493794B6-FollowerState: change to CANDIDATE, lastRpcElapsedTime:6422207139ns, electionTimeout:5061ms
2025-03-10 14:59:00,715 [bb41d03f-9ea0-4e3b-80d9-0852d4352e0e@group-037D493794B6-FollowerState] INFO  impl.RoleInfo (RoleInfo.java:shutdownFollowerState(121)) - bb41d03f-9ea0-4e3b-80d9-0852d4352e0e: shutdown bb41d03f-9ea0-4e3b-80d9-0852d4352e0e@group-037D493794B6-FollowerState
2025-03-10 14:59:00,715 [bb41d03f-9ea0-4e3b-80d9-0852d4352e0e@group-037D493794B6-FollowerState] INFO  server.RaftServer$Division (RaftServerImpl.java:setRole(378)) - bb41d03f-9ea0-4e3b-80d9-0852d4352e0e@group-037D493794B6: changes role from  FOLLOWER to CANDIDATE at term 1 for changeToCandidate
2025-03-10 14:59:00,715 [bb41d03f-9ea0-4e3b-80d9-0852d4352e0e@group-037D493794B6-FollowerState] INFO  server.RaftServerConfigKeys (ConfUtils.java:logGet(46)) - raft.server.leaderelection.pre-vote = true (default)
2025-03-10 14:59:00,715 [bb41d03f-9ea0-4e3b-80d9-0852d4352e0e@group-037D493794B6-FollowerState] INFO  impl.RoleInfo (RoleInfo.java:updateAndGet(148)) - bb41d03f-9ea0-4e3b-80d9-0852d4352e0e: start bb41d03f-9ea0-4e3b-80d9-0852d4352e0e@group-037D493794B6-LeaderElection10
2025-03-10 14:59:00,716 [bb41d03f-9ea0-4e3b-80d9-0852d4352e0e@group-037D493794B6-LeaderElection10] INFO  server.RaftServer$Division (ServerState.java:setLeader(272)) - bb41d03f-9ea0-4e3b-80d9-0852d4352e0e@group-037D493794B6: change Leader from cd975088-a4e1-4d6c-8217-e67620ac7c17 to null at term 1 for PRE_VOTE
2025-03-10 14:59:00,716 [bb41d03f-9ea0-4e3b-80d9-0852d4352e0e@group-037D493794B6-LeaderElection10] INFO  impl.LeaderElection (LeaderElection.java:askForVotes(332)) - bb41d03f-9ea0-4e3b-80d9-0852d4352e0e@group-037D493794B6-LeaderElection10 PRE_VOTE round 0: submit vote requests at term 1 for conf: {index: 0, cur=peers:[bb41d03f-9ea0-4e3b-80d9-0852d4352e0e|127.0.0.1:15016, cd975088-a4e1-4d6c-8217-e67620ac7c17|127.0.0.1:15025, 24343a3a-85a1-4b3d-bed0-d5c89a70db02|127.0.0.1:15034]|listeners:[], old=null}
2025-03-10 14:59:00,718 [grpc-default-executor-2] INFO  server.RaftServer$Division (RaftServerImpl.java:requestVote(1407)) - 24343a3a-85a1-4b3d-bed0-d5c89a70db02@group-037D493794B6: receive requestVote(PRE_VOTE, bb41d03f-9ea0-4e3b-80d9-0852d4352e0e, group-037D493794B6, 1, (t:1, i:6))
2025-03-10 14:59:00,718 [grpc-default-executor-4] INFO  server.RaftServer$Division (RaftServerImpl.java:requestVote(1407)) - cd975088-a4e1-4d6c-8217-e67620ac7c17@group-037D493794B6: receive requestVote(PRE_VOTE, bb41d03f-9ea0-4e3b-80d9-0852d4352e0e, group-037D493794B6, 1, (t:1, i:6))
2025-03-10 14:59:00,718 [grpc-default-executor-4] INFO  impl.VoteContext (VoteContext.java:log(49)) - cd975088-a4e1-4d6c-8217-e67620ac7c17@group-037D493794B6-FOLLOWER: reject PRE_VOTE from bb41d03f-9ea0-4e3b-80d9-0852d4352e0e: our priority 1 > candidate's priority 0
2025-03-10 14:59:00,718 [grpc-default-executor-4] INFO  server.RaftServer$Division (RaftServerImpl.java:requestVote(1441)) - cd975088-a4e1-4d6c-8217-e67620ac7c17@group-037D493794B6 replies to PRE_VOTE vote request: bb41d03f-9ea0-4e3b-80d9-0852d4352e0e<-cd975088-a4e1-4d6c-8217-e67620ac7c17#0:FAIL-t1. Peer's state: cd975088-a4e1-4d6c-8217-e67620ac7c17@group-037D493794B6:t1, leader=null, voted=cd975088-a4e1-4d6c-8217-e67620ac7c17, raftlog=Memoized:cd975088-a4e1-4d6c-8217-e67620ac7c17@group-037D493794B6-SegmentedRaftLog:OPENED:c6:last(t:1, i:6), conf=conf: {index: 0, cur=peers:[bb41d03f-9ea0-4e3b-80d9-0852d4352e0e|127.0.0.1:15016, cd975088-a4e1-4d6c-8217-e67620ac7c17|127.0.0.1:15025, 24343a3a-85a1-4b3d-bed0-d5c89a70db02|127.0.0.1:15034]|listeners:[], old=null}
2025-03-10 14:59:00,719 [grpc-default-executor-2] INFO  impl.VoteContext (VoteContext.java:log(49)) - 24343a3a-85a1-4b3d-bed0-d5c89a70db02@group-037D493794B6-FOLLOWER: accept PRE_VOTE from bb41d03f-9ea0-4e3b-80d9-0852d4352e0e: our priority 0 <= candidate's priority 0
2025-03-10 14:59:00,719 [grpc-default-executor-2] INFO  server.RaftServer$Division (RaftServerImpl.java:requestVote(1441)) - 24343a3a-85a1-4b3d-bed0-d5c89a70db02@group-037D493794B6 replies to PRE_VOTE vote request: bb41d03f-9ea0-4e3b-80d9-0852d4352e0e<-24343a3a-85a1-4b3d-bed0-d5c89a70db02#0:OK-t1. Peer's state: 24343a3a-85a1-4b3d-bed0-d5c89a70db02@group-037D493794B6:t1, leader=cd975088-a4e1-4d6c-8217-e67620ac7c17, voted=cd975088-a4e1-4d6c-8217-e67620ac7c17, raftlog=Memoized:24343a3a-85a1-4b3d-bed0-d5c89a70db02@group-037D493794B6-SegmentedRaftLog:OPENED:c5:last(t:1, i:6), conf=conf: {index: 0, cur=peers:[bb41d03f-9ea0-4e3b-80d9-0852d4352e0e|127.0.0.1:15016, cd975088-a4e1-4d6c-8217-e67620ac7c17|127.0.0.1:15025, 24343a3a-85a1-4b3d-bed0-d5c89a70db02|127.0.0.1:15034]|listeners:[], old=null}
2025-03-10 14:59:00,720 [bb41d03f-9ea0-4e3b-80d9-0852d4352e0e@group-037D493794B6-LeaderElection10] INFO  impl.LeaderElection (LeaderElection.java:logAndReturn(90)) - bb41d03f-9ea0-4e3b-80d9-0852d4352e0e@group-037D493794B6-LeaderElection10: PRE_VOTE REJECTED received 2 response(s) and 0 exception(s):
2025-03-10 14:59:00,720 [bb41d03f-9ea0-4e3b-80d9-0852d4352e0e@group-037D493794B6-LeaderElection10] INFO  impl.LeaderElection (LeaderElection.java:logAndReturn(94)) -   Response 0: bb41d03f-9ea0-4e3b-80d9-0852d4352e0e<-24343a3a-85a1-4b3d-bed0-d5c89a70db02#0:OK-t1
2025-03-10 14:59:00,720 [bb41d03f-9ea0-4e3b-80d9-0852d4352e0e@group-037D493794B6-LeaderElection10] INFO  impl.LeaderElection (LeaderElection.java:logAndReturn(94)) -   Response 1: bb41d03f-9ea0-4e3b-80d9-0852d4352e0e<-cd975088-a4e1-4d6c-8217-e67620ac7c17#0:FAIL-t1
2025-03-10 14:59:00,720 [bb41d03f-9ea0-4e3b-80d9-0852d4352e0e@group-037D493794B6-LeaderElection10] INFO  impl.LeaderElection (LeaderElection.java:askForVotes(334)) - bb41d03f-9ea0-4e3b-80d9-0852d4352e0e@group-037D493794B6-LeaderElection10 PRE_VOTE round 0: result REJECTED
2025-03-10 14:59:00,720 [bb41d03f-9ea0-4e3b-80d9-0852d4352e0e@group-037D493794B6-LeaderElection10] INFO  server.RaftServer$Division (RaftServerImpl.java:setRole(378)) - bb41d03f-9ea0-4e3b-80d9-0852d4352e0e@group-037D493794B6: changes role from CANDIDATE to FOLLOWER at term 1 for REJECTED
2025-03-10 14:59:00,720 [bb41d03f-9ea0-4e3b-80d9-0852d4352e0e@group-037D493794B6-LeaderElection10] INFO  impl.RoleInfo (RoleInfo.java:shutdownLeaderElection(141)) - bb41d03f-9ea0-4e3b-80d9-0852d4352e0e: shutdown bb41d03f-9ea0-4e3b-80d9-0852d4352e0e@group-037D493794B6-LeaderElection10
2025-03-10 14:59:00,720 [bb41d03f-9ea0-4e3b-80d9-0852d4352e0e@group-037D493794B6-LeaderElection10] INFO  impl.RoleInfo (RoleInfo.java:updateAndGet(148)) - bb41d03f-9ea0-4e3b-80d9-0852d4352e0e: start bb41d03f-9ea0-4e3b-80d9-0852d4352e0e@group-037D493794B6-FollowerState
2025-03-10 14:59:01,713 [EventQueue-PipelineReportForPipelineReportHandler] INFO  pipeline.PipelineReportHandler (PipelineReportHandler.java:handlePipelineNotFoundException(103)) - Pipeline PipelineID=ca7d1e5f-c110-487f-9e28-606166e69d51, reported by datanode cd975088-a4e1-4d6c-8217-e67620ac7c17(localhost/127.0.0.1) is not found.
2025-03-10 14:59:01,713 [EventQueue-PipelineReportForPipelineReportHandler] INFO  pipeline.PipelineReportHandler (PipelineReportHandler.java:handlePipelineNotFoundException(103)) - Pipeline PipelineID=ac153af9-1e85-4974-beea-037d493794b6, reported by datanode cd975088-a4e1-4d6c-8217-e67620ac7c17(localhost/127.0.0.1) is not found.
2025-03-10 14:59:01,713 [FixedThreadPoolWithAffinityExecutor-1-0] INFO  container.ContainerReportHandler (AbstractContainerReportHandler.java:updateContainerState(380)) - Moving container ContainerInfo{id=#1, state=DELETING, stateEnterTime=2025-03-10T14:58:54.590819880Z, pipelineID=PipelineID=ac153af9-1e85-4974-beea-037d493794b6, owner=omServiceIdDefault} from DELETING to CLOSED state, datanode localhost reported replica with state=CLOSED, isEmpty=false, bcsId=2, keyCount=1, and origin=cd975088-a4e1-4d6c-8217-e67620ac7c17
2025-03-10 14:59:01,713 [EventQueue-PipelineReportForPipelineReportHandler] INFO  pipeline.PipelineReportHandler (PipelineReportHandler.java:handlePipelineNotFoundException(103)) - Pipeline PipelineID=3e2dd505-942f-401a-882d-b2175fa93812, reported by datanode cd975088-a4e1-4d6c-8217-e67620ac7c17(localhost/127.0.0.1) is not found.
2025-03-10 14:59:02,318 [grpc-default-executor-4] INFO  server.RaftServer (RaftServerProxy.java:remove(111)) - cd975088-a4e1-4d6c-8217-e67620ac7c17: remove  FOLLOWER cd975088-a4e1-4d6c-8217-e67620ac7c17@group-606166E69D51:t1, leader=bb41d03f-9ea0-4e3b-80d9-0852d4352e0e, voted=bb41d03f-9ea0-4e3b-80d9-0852d4352e0e, raftlog=Memoized:cd975088-a4e1-4d6c-8217-e67620ac7c17@group-606166E69D51-SegmentedRaftLog:OPENED:c0:last(t:1, i:0), conf=conf: {index: 0, cur=peers:[bb41d03f-9ea0-4e3b-80d9-0852d4352e0e|127.0.0.1:15016, cd975088-a4e1-4d6c-8217-e67620ac7c17|127.0.0.1:15025, 24343a3a-85a1-4b3d-bed0-d5c89a70db02|127.0.0.1:15034]|listeners:[], old=null} RUNNING
2025-03-10 14:59:02,319 [grpc-default-executor-4] INFO  server.RaftServer$Division (RaftServerImpl.java:lambda$close$1(513)) - cd975088-a4e1-4d6c-8217-e67620ac7c17@group-606166E69D51: shutdown
2025-03-10 14:59:02,319 [grpc-default-executor-4] INFO  util.JmxRegister (JmxRegister.java:unregister(74)) - Successfully un-registered JMX Bean with object name Ratis:service=RaftServer,group=group-606166E69D51,id=cd975088-a4e1-4d6c-8217-e67620ac7c17
2025-03-10 14:59:02,319 [grpc-default-executor-4] INFO  impl.RoleInfo (RoleInfo.java:shutdownFollowerState(121)) - cd975088-a4e1-4d6c-8217-e67620ac7c17: shutdown cd975088-a4e1-4d6c-8217-e67620ac7c17@group-606166E69D51-FollowerState
2025-03-10 14:59:02,319 [grpc-default-executor-4] INFO  impl.StateMachineUpdater (StateMachineUpdater.java:stopAndJoin(164)) - cd975088-a4e1-4d6c-8217-e67620ac7c17@group-606166E69D51-StateMachineUpdater: set stopIndex = 0
2025-03-10 14:59:02,319 [cd975088-a4e1-4d6c-8217-e67620ac7c17@group-606166E69D51-StateMachineUpdater] INFO  impl.StateMachineUpdater (StateMachineUpdater.java:stop(141)) - cd975088-a4e1-4d6c-8217-e67620ac7c17@group-606166E69D51-StateMachineUpdater: closing ContainerStateMachine, lastApplied=(t:1, i:0)
2025-03-10 14:59:02,319 [cd975088-a4e1-4d6c-8217-e67620ac7c17@group-606166E69D51-FollowerState] INFO  impl.FollowerState (FollowerState.java:runImpl(170)) - cd975088-a4e1-4d6c-8217-e67620ac7c17@group-606166E69D51-FollowerState was interrupted
2025-03-10 14:59:02,319 [cd975088-a4e1-4d6c-8217-e67620ac7c17@group-606166E69D51-cacheEviction-AwaitToRun] INFO  util.AwaitToRun (AwaitToRun.java:run(49)) - cd975088-a4e1-4d6c-8217-e67620ac7c17@group-606166E69D51-cacheEviction-AwaitToRun-AwaitForSignal is interrupted
2025-03-10 14:59:02,732 [grpc-default-executor-4] INFO  segmented.SegmentedRaftLogWorker (SegmentedRaftLogWorker.java:close(252)) - cd975088-a4e1-4d6c-8217-e67620ac7c17@group-606166E69D51-SegmentedRaftLogWorker close()
2025-03-10 14:59:02,734 [grpc-default-executor-4] INFO  server.RaftServer$Division (RaftServerImpl.java:groupRemove(483)) - cd975088-a4e1-4d6c-8217-e67620ac7c17@group-606166E69D51: Succeed to remove RaftStorageDirectory Storage Directory /home/runner/work/ozone/ozone/hadoop-ozone/integration-test/target/test-dir/MiniOzoneClusterImpl-c1e049f0-9043-4314-b8f3-2460433eb1a0/ozone-meta/datanode-2/ratis/ca7d1e5f-c110-487f-9e28-606166e69d51
2025-03-10 14:59:02,741 [grpc-default-executor-4] INFO  server.RaftServer (RaftServerProxy.java:remove(111)) - 24343a3a-85a1-4b3d-bed0-d5c89a70db02: remove  FOLLOWER 24343a3a-85a1-4b3d-bed0-d5c89a70db02@group-606166E69D51:t1, leader=bb41d03f-9ea0-4e3b-80d9-0852d4352e0e, voted=bb41d03f-9ea0-4e3b-80d9-0852d4352e0e, raftlog=Memoized:24343a3a-85a1-4b3d-bed0-d5c89a70db02@group-606166E69D51-SegmentedRaftLog:OPENED:c0:last(t:1, i:0), conf=conf: {index: 0, cur=peers:[bb41d03f-9ea0-4e3b-80d9-0852d4352e0e|127.0.0.1:15016, cd975088-a4e1-4d6c-8217-e67620ac7c17|127.0.0.1:15025, 24343a3a-85a1-4b3d-bed0-d5c89a70db02|127.0.0.1:15034]|listeners:[], old=null} RUNNING
2025-03-10 14:59:02,741 [grpc-default-executor-4] INFO  server.RaftServer$Division (RaftServerImpl.java:lambda$close$1(513)) - 24343a3a-85a1-4b3d-bed0-d5c89a70db02@group-606166E69D51: shutdown
2025-03-10 14:59:02,742 [grpc-default-executor-4] INFO  util.JmxRegister (JmxRegister.java:unregister(74)) - Successfully un-registered JMX Bean with object name Ratis:service=RaftServer,group=group-606166E69D51,id=24343a3a-85a1-4b3d-bed0-d5c89a70db02
2025-03-10 14:59:02,742 [grpc-default-executor-4] INFO  impl.RoleInfo (RoleInfo.java:shutdownFollowerState(121)) - 24343a3a-85a1-4b3d-bed0-d5c89a70db02: shutdown 24343a3a-85a1-4b3d-bed0-d5c89a70db02@group-606166E69D51-FollowerState
2025-03-10 14:59:02,742 [grpc-default-executor-4] INFO  impl.StateMachineUpdater (StateMachineUpdater.java:stopAndJoin(164)) - 24343a3a-85a1-4b3d-bed0-d5c89a70db02@group-606166E69D51-StateMachineUpdater: set stopIndex = 0
2025-03-10 14:59:02,742 [24343a3a-85a1-4b3d-bed0-d5c89a70db02@group-606166E69D51-StateMachineUpdater] INFO  ratis.ContainerStateMachine (ContainerStateMachine.java:takeSnapshot(395)) - group-606166E69D51: Taking a snapshot at:(t:1, i:0) file /home/runner/work/ozone/ozone/hadoop-ozone/integration-test/target/test-dir/MiniOzoneClusterImpl-c1e049f0-9043-4314-b8f3-2460433eb1a0/ozone-meta/datanode-3/ratis/ca7d1e5f-c110-487f-9e28-606166e69d51/sm/snapshot.1_0
2025-03-10 14:59:02,742 [24343a3a-85a1-4b3d-bed0-d5c89a70db02@group-606166E69D51-FollowerState] INFO  impl.FollowerState (FollowerState.java:runImpl(170)) - 24343a3a-85a1-4b3d-bed0-d5c89a70db02@group-606166E69D51-FollowerState was interrupted
2025-03-10 14:59:02,743 [24343a3a-85a1-4b3d-bed0-d5c89a70db02@group-606166E69D51-StateMachineUpdater] INFO  ratis.ContainerStateMachine (ContainerStateMachine.java:takeSnapshot(404)) - group-606166E69D51: Finished taking a snapshot at:(t:1, i:0) file:/home/runner/work/ozone/ozone/hadoop-ozone/integration-test/target/test-dir/MiniOzoneClusterImpl-c1e049f0-9043-4314-b8f3-2460433eb1a0/ozone-meta/datanode-3/ratis/ca7d1e5f-c110-487f-9e28-606166e69d51/sm/snapshot.1_0 took: 1 ms
2025-03-10 14:59:02,744 [24343a3a-85a1-4b3d-bed0-d5c89a70db02@group-606166E69D51-StateMachineUpdater] INFO  impl.StateMachineUpdater (StateMachineUpdater.java:takeSnapshot(303)) - 24343a3a-85a1-4b3d-bed0-d5c89a70db02@group-606166E69D51-StateMachineUpdater: Took a snapshot at index 0
2025-03-10 14:59:02,744 [24343a3a-85a1-4b3d-bed0-d5c89a70db02@group-606166E69D51-StateMachineUpdater] INFO  impl.StateMachineUpdater (StateMachineUpdater.java:lambda$new$0(102)) - 24343a3a-85a1-4b3d-bed0-d5c89a70db02@group-606166E69D51-StateMachineUpdater: snapshotIndex: updateIncreasingly -1 -> 0
2025-03-10 14:59:02,744 [24343a3a-85a1-4b3d-bed0-d5c89a70db02@group-606166E69D51-StateMachineUpdater] INFO  impl.StateMachineUpdater (StateMachineUpdater.java:stop(141)) - 24343a3a-85a1-4b3d-bed0-d5c89a70db02@group-606166E69D51-StateMachineUpdater: closing ContainerStateMachine, lastApplied=(t:1, i:0)
2025-03-10 14:59:02,744 [24343a3a-85a1-4b3d-bed0-d5c89a70db02@group-606166E69D51-cacheEviction-AwaitToRun] INFO  util.AwaitToRun (AwaitToRun.java:run(49)) - 24343a3a-85a1-4b3d-bed0-d5c89a70db02@group-606166E69D51-cacheEviction-AwaitToRun-AwaitForSignal is interrupted
2025-03-10 14:59:03,272 [grpc-default-executor-4] INFO  segmented.SegmentedRaftLogWorker (SegmentedRaftLogWorker.java:close(252)) - 24343a3a-85a1-4b3d-bed0-d5c89a70db02@group-606166E69D51-SegmentedRaftLogWorker close()
2025-03-10 14:59:03,273 [grpc-default-executor-4] INFO  server.RaftServer$Division (RaftServerImpl.java:groupRemove(483)) - 24343a3a-85a1-4b3d-bed0-d5c89a70db02@group-606166E69D51: Succeed to remove RaftStorageDirectory Storage Directory /home/runner/work/ozone/ozone/hadoop-ozone/integration-test/target/test-dir/MiniOzoneClusterImpl-c1e049f0-9043-4314-b8f3-2460433eb1a0/ozone-meta/datanode-3/ratis/ca7d1e5f-c110-487f-9e28-606166e69d51
2025-03-10 14:59:03,275 [bb41d03f-9ea0-4e3b-80d9-0852d4352e0e-PipelineCommandHandlerThread-0] INFO  server.RaftServer (RaftServerProxy.java:remove(111)) - bb41d03f-9ea0-4e3b-80d9-0852d4352e0e: remove    LEADER bb41d03f-9ea0-4e3b-80d9-0852d4352e0e@group-606166E69D51:t1, leader=bb41d03f-9ea0-4e3b-80d9-0852d4352e0e, voted=bb41d03f-9ea0-4e3b-80d9-0852d4352e0e, raftlog=Memoized:bb41d03f-9ea0-4e3b-80d9-0852d4352e0e@group-606166E69D51-SegmentedRaftLog:OPENED:c0:last(t:1, i:0), conf=conf: {index: 0, cur=peers:[bb41d03f-9ea0-4e3b-80d9-0852d4352e0e|127.0.0.1:15016, cd975088-a4e1-4d6c-8217-e67620ac7c17|127.0.0.1:15025, 24343a3a-85a1-4b3d-bed0-d5c89a70db02|127.0.0.1:15034]|listeners:[], old=null} RUNNING
2025-03-10 14:59:03,275 [bb41d03f-9ea0-4e3b-80d9-0852d4352e0e-PipelineCommandHandlerThread-0] INFO  server.RaftServer$Division (RaftServerImpl.java:lambda$close$1(513)) - bb41d03f-9ea0-4e3b-80d9-0852d4352e0e@group-606166E69D51: shutdown
2025-03-10 14:59:03,276 [bb41d03f-9ea0-4e3b-80d9-0852d4352e0e-PipelineCommandHandlerThread-0] INFO  util.JmxRegister (JmxRegister.java:unregister(74)) - Successfully un-registered JMX Bean with object name Ratis:service=RaftServer,group=group-606166E69D51,id=bb41d03f-9ea0-4e3b-80d9-0852d4352e0e
2025-03-10 14:59:03,276 [bb41d03f-9ea0-4e3b-80d9-0852d4352e0e-PipelineCommandHandlerThread-0] INFO  impl.RoleInfo (RoleInfo.java:shutdownLeaderState(103)) - bb41d03f-9ea0-4e3b-80d9-0852d4352e0e: shutdown bb41d03f-9ea0-4e3b-80d9-0852d4352e0e@group-606166E69D51-LeaderStateImpl
2025-03-10 14:59:03,276 [bb41d03f-9ea0-4e3b-80d9-0852d4352e0e-PipelineCommandHandlerThread-0] INFO  impl.PendingRequests (PendingRequests.java:sendNotLeaderResponses(287)) - bb41d03f-9ea0-4e3b-80d9-0852d4352e0e@group-606166E69D51-PendingRequests: sendNotLeaderResponses
2025-03-10 14:59:03,276 [bb41d03f-9ea0-4e3b-80d9-0852d4352e0e@group-606166E69D51->cd975088-a4e1-4d6c-8217-e67620ac7c17-GrpcLogAppender-LogAppenderDaemon] WARN  server.GrpcLogAppender (GrpcLogAppender.java:mayWait(293)) - bb41d03f-9ea0-4e3b-80d9-0852d4352e0e@group-606166E69D51->cd975088-a4e1-4d6c-8217-e67620ac7c17-GrpcLogAppender: Wait interrupted by java.lang.InterruptedException
2025-03-10 14:59:03,276 [bb41d03f-9ea0-4e3b-80d9-0852d4352e0e@group-606166E69D51->24343a3a-85a1-4b3d-bed0-d5c89a70db02-GrpcLogAppender-LogAppenderDaemon] WARN  server.GrpcLogAppender (GrpcLogAppender.java:mayWait(293)) - bb41d03f-9ea0-4e3b-80d9-0852d4352e0e@group-606166E69D51->24343a3a-85a1-4b3d-bed0-d5c89a70db02-GrpcLogAppender: Wait interrupted by java.lang.InterruptedException
2025-03-10 14:59:03,277 [bb41d03f-9ea0-4e3b-80d9-0852d4352e0e-PipelineCommandHandlerThread-0] INFO  impl.StateMachineUpdater (StateMachineUpdater.java:stopAndJoin(164)) - bb41d03f-9ea0-4e3b-80d9-0852d4352e0e@group-606166E69D51-StateMachineUpdater: set stopIndex = 0
2025-03-10 14:59:03,277 [bb41d03f-9ea0-4e3b-80d9-0852d4352e0e@group-606166E69D51-StateMachineUpdater] INFO  ratis.ContainerStateMachine (ContainerStateMachine.java:takeSnapshot(395)) - group-606166E69D51: Taking a snapshot at:(t:1, i:0) file /home/runner/work/ozone/ozone/hadoop-ozone/integration-test/target/test-dir/MiniOzoneClusterImpl-c1e049f0-9043-4314-b8f3-2460433eb1a0/ozone-meta/datanode-1/ratis/ca7d1e5f-c110-487f-9e28-606166e69d51/sm/snapshot.1_0
2025-03-10 14:59:03,277 [grpc-default-executor-5] INFO  server.GrpcServerProtocolService (GrpcServerProtocolService.java:onCompleted(157)) - 24343a3a-85a1-4b3d-bed0-d5c89a70db02: Completed APPEND_ENTRIES, lastRequest: null
2025-03-10 14:59:03,278 [grpc-default-executor-1] INFO  server.GrpcServerProtocolService (GrpcServerProtocolService.java:onCompleted(157)) - cd975088-a4e1-4d6c-8217-e67620ac7c17: Completed APPEND_ENTRIES, lastRequest: null
2025-03-10 14:59:03,278 [grpc-default-executor-2] INFO  server.GrpcServerProtocolService (GrpcServerProtocolService.java:onCompleted(157)) - 24343a3a-85a1-4b3d-bed0-d5c89a70db02: Completed APPEND_ENTRIES, lastRequest: bb41d03f-9ea0-4e3b-80d9-0852d4352e0e->24343a3a-85a1-4b3d-bed0-d5c89a70db02#1-t1,previous=(t:0, i:0),leaderCommit=-1,initializing? false,entries: size=1, first=(t:1, i:0), CONFIGURATIONENTRY(current:id:"bb41d03f-9ea0-4e3b-80d9-0852d4352e0e"address:"127.0.0.1:15016"priority:1dataStreamAddress:"127.0.0.1:15017"clientAddress:"127.0.0.1:15014"adminAddress:"127.0.0.1:15015"startupRole:FOLLOWER, id:"cd975088-a4e1-4d6c-8217-e67620ac7c17"address:"127.0.0.1:15025"dataStreamAddress:"127.0.0.1:15026"clientAddress:"127.0.0.1:15023"adminAddress:"127.0.0.1:15024"startupRole:FOLLOWER, id:"24343a3a-85a1-4b3d-bed0-d5c89a70db02"address:"127.0.0.1:15034"dataStreamAddress:"127.0.0.1:15035"clientAddress:"127.0.0.1:15032"adminAddress:"127.0.0.1:15033"startupRole:FOLLOWER, old:)
2025-03-10 14:59:03,278 [grpc-default-executor-2] INFO  server.GrpcServerProtocolService (GrpcServerProtocolService.java:lambda$onCompleted$5(159)) - 24343a3a-85a1-4b3d-bed0-d5c89a70db02: Completed APPEND_ENTRIES, lastReply: null
2025-03-10 14:59:03,279 [grpc-default-executor-2] INFO  server.GrpcLogAppender (GrpcLogAppender.java:onCompleted(550)) - bb41d03f-9ea0-4e3b-80d9-0852d4352e0e@group-606166E69D51->24343a3a-85a1-4b3d-bed0-d5c89a70db02-AppendLogResponseHandler: follower responses appendEntries COMPLETED
2025-03-10 14:59:03,279 [grpc-default-executor-4] INFO  server.GrpcServerProtocolService (GrpcServerProtocolService.java:onCompleted(157)) - cd975088-a4e1-4d6c-8217-e67620ac7c17: Completed APPEND_ENTRIES, lastRequest: null
2025-03-10 14:59:03,279 [grpc-default-executor-4] INFO  server.GrpcServerProtocolService (GrpcServerProtocolService.java:lambda$onCompleted$5(159)) - cd975088-a4e1-4d6c-8217-e67620ac7c17: Completed APPEND_ENTRIES, lastReply: null
2025-03-10 14:59:03,279 [bb41d03f-9ea0-4e3b-80d9-0852d4352e0e@group-606166E69D51-StateMachineUpdater] INFO  ratis.ContainerStateMachine (ContainerStateMachine.java:takeSnapshot(404)) - group-606166E69D51: Finished taking a snapshot at:(t:1, i:0) file:/home/runner/work/ozone/ozone/hadoop-ozone/integration-test/target/test-dir/MiniOzoneClusterImpl-c1e049f0-9043-4314-b8f3-2460433eb1a0/ozone-meta/datanode-1/ratis/ca7d1e5f-c110-487f-9e28-606166e69d51/sm/snapshot.1_0 took: 2 ms
2025-03-10 14:59:03,279 [bb41d03f-9ea0-4e3b-80d9-0852d4352e0e@group-606166E69D51-StateMachineUpdater] INFO  impl.StateMachineUpdater (StateMachineUpdater.java:takeSnapshot(303)) - bb41d03f-9ea0-4e3b-80d9-0852d4352e0e@group-606166E69D51-StateMachineUpdater: Took a snapshot at index 0
2025-03-10 14:59:03,279 [bb41d03f-9ea0-4e3b-80d9-0852d4352e0e@group-606166E69D51-StateMachineUpdater] INFO  impl.StateMachineUpdater (StateMachineUpdater.java:lambda$new$0(102)) - bb41d03f-9ea0-4e3b-80d9-0852d4352e0e@group-606166E69D51-StateMachineUpdater: snapshotIndex: updateIncreasingly -1 -> 0
2025-03-10 14:59:03,280 [bb41d03f-9ea0-4e3b-80d9-0852d4352e0e@group-606166E69D51-StateMachineUpdater] INFO  impl.StateMachineUpdater (StateMachineUpdater.java:stop(141)) - bb41d03f-9ea0-4e3b-80d9-0852d4352e0e@group-606166E69D51-StateMachineUpdater: closing ContainerStateMachine, lastApplied=(t:1, i:0)
2025-03-10 14:59:03,280 [bb41d03f-9ea0-4e3b-80d9-0852d4352e0e@group-606166E69D51-cacheEviction-AwaitToRun] INFO  util.AwaitToRun (AwaitToRun.java:run(49)) - bb41d03f-9ea0-4e3b-80d9-0852d4352e0e@group-606166E69D51-cacheEviction-AwaitToRun-AwaitForSignal is interrupted
2025-03-10 14:59:03,281 [grpc-default-executor-2] INFO  server.GrpcLogAppender (GrpcLogAppender.java:onCompleted(550)) - bb41d03f-9ea0-4e3b-80d9-0852d4352e0e@group-606166E69D51->cd975088-a4e1-4d6c-8217-e67620ac7c17-AppendLogResponseHandler: follower responses appendEntries COMPLETED
2025-03-10 14:59:03,310 [grpc-default-executor-2] INFO  server.RaftServer (RaftServerProxy.java:remove(111)) - bb41d03f-9ea0-4e3b-80d9-0852d4352e0e: remove  FOLLOWER bb41d03f-9ea0-4e3b-80d9-0852d4352e0e@group-037D493794B6:t1, leader=null, voted=cd975088-a4e1-4d6c-8217-e67620ac7c17, raftlog=Memoized:bb41d03f-9ea0-4e3b-80d9-0852d4352e0e@group-037D493794B6-SegmentedRaftLog:OPENED:c5:last(t:1, i:6), conf=conf: {index: 0, cur=peers:[bb41d03f-9ea0-4e3b-80d9-0852d4352e0e|127.0.0.1:15016, cd975088-a4e1-4d6c-8217-e67620ac7c17|127.0.0.1:15025, 24343a3a-85a1-4b3d-bed0-d5c89a70db02|127.0.0.1:15034]|listeners:[], old=null} RUNNING
2025-03-10 14:59:03,310 [grpc-default-executor-2] INFO  server.RaftServer$Division (RaftServerImpl.java:lambda$close$1(513)) - bb41d03f-9ea0-4e3b-80d9-0852d4352e0e@group-037D493794B6: shutdown
2025-03-10 14:59:03,310 [grpc-default-executor-2] INFO  util.JmxRegister (JmxRegister.java:unregister(74)) - Successfully un-registered JMX Bean with object name Ratis:service=RaftServer,group=group-037D493794B6,id=bb41d03f-9ea0-4e3b-80d9-0852d4352e0e
2025-03-10 14:59:03,310 [grpc-default-executor-2] INFO  impl.RoleInfo (RoleInfo.java:shutdownFollowerState(121)) - bb41d03f-9ea0-4e3b-80d9-0852d4352e0e: shutdown bb41d03f-9ea0-4e3b-80d9-0852d4352e0e@group-037D493794B6-FollowerState
2025-03-10 14:59:03,310 [grpc-default-executor-2] INFO  impl.StateMachineUpdater (StateMachineUpdater.java:stopAndJoin(164)) - bb41d03f-9ea0-4e3b-80d9-0852d4352e0e@group-037D493794B6-StateMachineUpdater: set stopIndex = 5
2025-03-10 14:59:03,310 [bb41d03f-9ea0-4e3b-80d9-0852d4352e0e@group-037D493794B6-StateMachineUpdater] INFO  ratis.ContainerStateMachine (ContainerStateMachine.java:takeSnapshot(395)) - group-037D493794B6: Taking a snapshot at:(t:1, i:5) file /home/runner/work/ozone/ozone/hadoop-ozone/integration-test/target/test-dir/MiniOzoneClusterImpl-c1e049f0-9043-4314-b8f3-2460433eb1a0/ozone-meta/datanode-1/ratis/ac153af9-1e85-4974-beea-037d493794b6/sm/snapshot.1_5
2025-03-10 14:59:03,310 [bb41d03f-9ea0-4e3b-80d9-0852d4352e0e@group-037D493794B6-FollowerState] INFO  impl.FollowerState (FollowerState.java:runImpl(170)) - bb41d03f-9ea0-4e3b-80d9-0852d4352e0e@group-037D493794B6-FollowerState was interrupted
2025-03-10 14:59:03,312 [bb41d03f-9ea0-4e3b-80d9-0852d4352e0e@group-037D493794B6-StateMachineUpdater] INFO  ratis.ContainerStateMachine (ContainerStateMachine.java:takeSnapshot(404)) - group-037D493794B6: Finished taking a snapshot at:(t:1, i:5) file:/home/runner/work/ozone/ozone/hadoop-ozone/integration-test/target/test-dir/MiniOzoneClusterImpl-c1e049f0-9043-4314-b8f3-2460433eb1a0/ozone-meta/datanode-1/ratis/ac153af9-1e85-4974-beea-037d493794b6/sm/snapshot.1_5 took: 1 ms
2025-03-10 14:59:03,312 [bb41d03f-9ea0-4e3b-80d9-0852d4352e0e@group-037D493794B6-StateMachineUpdater] INFO  impl.StateMachineUpdater (StateMachineUpdater.java:takeSnapshot(303)) - bb41d03f-9ea0-4e3b-80d9-0852d4352e0e@group-037D493794B6-StateMachineUpdater: Took a snapshot at index 5
2025-03-10 14:59:03,312 [bb41d03f-9ea0-4e3b-80d9-0852d4352e0e@group-037D493794B6-StateMachineUpdater] INFO  impl.StateMachineUpdater (StateMachineUpdater.java:lambda$new$0(102)) - bb41d03f-9ea0-4e3b-80d9-0852d4352e0e@group-037D493794B6-StateMachineUpdater: snapshotIndex: updateIncreasingly -1 -> 5
2025-03-10 14:59:03,312 [bb41d03f-9ea0-4e3b-80d9-0852d4352e0e@group-037D493794B6-StateMachineUpdater] INFO  impl.StateMachineUpdater (StateMachineUpdater.java:stop(141)) - bb41d03f-9ea0-4e3b-80d9-0852d4352e0e@group-037D493794B6-StateMachineUpdater: closing ContainerStateMachine, lastApplied=(t:1, i:5)
2025-03-10 14:59:03,312 [bb41d03f-9ea0-4e3b-80d9-0852d4352e0e@group-037D493794B6-cacheEviction-AwaitToRun] INFO  util.AwaitToRun (AwaitToRun.java:run(49)) - bb41d03f-9ea0-4e3b-80d9-0852d4352e0e@group-037D493794B6-cacheEviction-AwaitToRun-AwaitForSignal is interrupted
2025-03-10 14:59:03,681 [main] INFO  ozone.MiniOzoneClusterImpl (MiniOzoneClusterImpl.java:shutdown(464)) - Shutting down the Mini Ozone Cluster
2025-03-10 14:59:03,682 [main] INFO  db.CodecTestUtil (CodecTestUtil.java:gc(49)) - gc 0
2025-03-10 14:59:03,748 [EventQueue-PipelineReportForPipelineReportHandler] INFO  pipeline.PipelineReportHandler (PipelineReportHandler.java:handlePipelineNotFoundException(103)) - Pipeline PipelineID=ca7d1e5f-c110-487f-9e28-606166e69d51, reported by datanode cd975088-a4e1-4d6c-8217-e67620ac7c17(localhost/127.0.0.1) is not found.
2025-03-10 14:59:03,748 [EventQueue-PipelineReportForPipelineReportHandler] INFO  pipeline.PipelineReportHandler (PipelineReportHandler.java:handlePipelineNotFoundException(103)) - Pipeline PipelineID=ac153af9-1e85-4974-beea-037d493794b6, reported by datanode cd975088-a4e1-4d6c-8217-e67620ac7c17(localhost/127.0.0.1) is not found.
2025-03-10 14:59:03,748 [EventQueue-PipelineReportForPipelineReportHandler] INFO  pipeline.PipelineReportHandler (PipelineReportHandler.java:handlePipelineNotFoundException(103)) - Pipeline PipelineID=3e2dd505-942f-401a-882d-b2175fa93812, reported by datanode cd975088-a4e1-4d6c-8217-e67620ac7c17(localhost/127.0.0.1) is not found.
2025-03-10 14:59:03,753 [EventQueue-HealthyReadonlyNodeForHealthyReadOnlyNodeHandler] INFO  node.HealthyReadOnlyNodeHandler (HealthyReadOnlyNodeHandler.java:onMessage(54)) - Datanode cd975088-a4e1-4d6c-8217-e67620ac7c17(localhost/127.0.0.1) moved to HEALTHY READONLY state.
2025-03-10 14:59:03,753 [EventQueue-HealthyReadonlyNodeForHealthyReadOnlyNodeHandler] INFO  net.NetworkTopologyImpl (NetworkTopologyImpl.java:add(133)) - Added a new node: /default-rack/cd975088-a4e1-4d6c-8217-e67620ac7c17
2025-03-10 14:59:03,845 [main] INFO  ozone.MiniOzoneClusterImpl (MiniOzoneClusterImpl.java:stop(480)) - Stopping the Mini Ozone Cluster
2025-03-10 14:59:03,845 [main] INFO  om.OzoneManager (OzoneManager.java:stop(2234)) - om1[localhost:15006]: Stopping Ozone Manager
2025-03-10 14:59:03,845 [main] INFO  ipc.Server (Server.java:stop(3697)) - Stopping server on 15006
2025-03-10 14:59:03,847 [IPC Server listener on 15006] INFO  ipc.Server (Server.java:run(1585)) - Stopping IPC Server listener on 15006
2025-03-10 14:59:03,847 [IPC Server Responder] INFO  ipc.Server (Server.java:run(1718)) - Stopping IPC Server Responder
2025-03-10 14:59:03,848 [main] INFO  ratis.OzoneManagerRatisServer (OzoneManagerRatisServer.java:stop(636)) - Stopping org.apache.hadoop.ozone.om.ratis.OzoneManagerRatisServer@36bc1a23 at port 15009
2025-03-10 14:59:03,848 [main] INFO  server.RaftServer (RaftServerProxy.java:lambda$close$9(417)) - om1: close
2025-03-10 14:59:03,848 [main] INFO  server.GrpcService (GrpcService.java:closeImpl(343)) - om1: shutdown server GrpcServerProtocolService now
2025-03-10 14:59:03,848 [om1-impl-thread1] INFO  server.RaftServer$Division (RaftServerImpl.java:lambda$close$1(513)) - om1@group-C5BA1605619E: shutdown
2025-03-10 14:59:03,849 [om1-impl-thread1] INFO  util.JmxRegister (JmxRegister.java:unregister(74)) - Successfully un-registered JMX Bean with object name Ratis:service=RaftServer,group=group-C5BA1605619E,id=om1
2025-03-10 14:59:03,849 [om1-impl-thread1] INFO  impl.RoleInfo (RoleInfo.java:shutdownLeaderState(103)) - om1: shutdown om1@group-C5BA1605619E-LeaderStateImpl
2025-03-10 14:59:03,849 [om1-impl-thread1] INFO  impl.PendingRequests (PendingRequests.java:sendNotLeaderResponses(287)) - om1@group-C5BA1605619E-PendingRequests: sendNotLeaderResponses
2025-03-10 14:59:03,849 [main] INFO  server.GrpcService (GrpcService.java:closeImpl(352)) - om1: shutdown server GrpcServerProtocolService successfully
2025-03-10 14:59:03,850 [om1-impl-thread1] INFO  impl.StateMachineUpdater (StateMachineUpdater.java:stopAndJoin(164)) - om1@group-C5BA1605619E-StateMachineUpdater: set stopIndex = 8
2025-03-10 14:59:03,853 [EventQueue-HealthyReadonlyToHealthyNodeForReadOnlyHealthyToHealthyNodeHandler] INFO  node.ReadOnlyHealthyToHealthyNodeHandler (ReadOnlyHealthyToHealthyNodeHandler.java:onMessage(46)) - Datanode cd975088-a4e1-4d6c-8217-e67620ac7c17(localhost/127.0.0.1) moved to HEALTHY state.
2025-03-10 14:59:03,854 [EventQueue-HealthyReadonlyToHealthyNodeForReadOnlyHealthyToHealthyNodeHandler] INFO  pipeline.BackgroundPipelineCreator (BackgroundPipelineCreator.java:notifyEventTriggered(291)) - trigger a one-shot run on RatisPipelineUtilsThread.
2025-03-10 14:59:03,854 [RatisPipelineUtilsThread-0] INFO  pipeline.RatisPipelineProvider (RatisPipelineProvider.java:lambda$create$0(203)) - Sending CreatePipelineCommand for pipeline:PipelineID=4fcc3262-3529-4ec7-a7ea-e78373175672 to datanode:cd975088-a4e1-4d6c-8217-e67620ac7c17
2025-03-10 14:59:03,857 [RatisPipelineUtilsThread-0] INFO  pipeline.BackgroundPipelineCreator (BackgroundPipelineCreator.java:createPipelines(247)) - Created new pipeline Pipeline[ Id: 4fcc3262-3529-4ec7-a7ea-e78373175672, Nodes: cd975088-a4e1-4d6c-8217-e67620ac7c17(localhost/127.0.0.1) ReplicaIndex: 0, ReplicationConfig: RATIS/ONE, State:ALLOCATED, leaderId:, CreationTimestamp2025-03-10T14:59:03.854651335Z[Etc/UTC]]
2025-03-10 14:59:03,857 [RatisPipelineUtilsThread-0] INFO  pipeline.RatisPipelineProvider (RatisPipelineProvider.java:lambda$create$0(203)) - Sending CreatePipelineCommand for pipeline:PipelineID=4e23d53c-00b6-4837-ac65-b652b5250861 to datanode:cd975088-a4e1-4d6c-8217-e67620ac7c17
2025-03-10 14:59:03,858 [RatisPipelineUtilsThread-0] INFO  pipeline.RatisPipelineProvider (RatisPipelineProvider.java:lambda$create$0(203)) - Sending CreatePipelineCommand for pipeline:PipelineID=4e23d53c-00b6-4837-ac65-b652b5250861 to datanode:bb41d03f-9ea0-4e3b-80d9-0852d4352e0e
2025-03-10 14:59:03,858 [RatisPipelineUtilsThread-0] INFO  pipeline.RatisPipelineProvider (RatisPipelineProvider.java:lambda$create$0(203)) - Sending CreatePipelineCommand for pipeline:PipelineID=4e23d53c-00b6-4837-ac65-b652b5250861 to datanode:24343a3a-85a1-4b3d-bed0-d5c89a70db02
2025-03-10 14:59:03,860 [RatisPipelineUtilsThread-0] INFO  pipeline.BackgroundPipelineCreator (BackgroundPipelineCreator.java:createPipelines(247)) - Created new pipeline Pipeline[ Id: 4e23d53c-00b6-4837-ac65-b652b5250861, Nodes: cd975088-a4e1-4d6c-8217-e67620ac7c17(localhost/127.0.0.1) ReplicaIndex: 0bb41d03f-9ea0-4e3b-80d9-0852d4352e0e(localhost/127.0.0.1) ReplicaIndex: 024343a3a-85a1-4b3d-bed0-d5c89a70db02(localhost/127.0.0.1) ReplicaIndex: 0, ReplicationConfig: RATIS/THREE, State:ALLOCATED, leaderId:, CreationTimestamp2025-03-10T14:59:03.857921947Z[Etc/UTC]]
2025-03-10 14:59:03,862 [RatisPipelineUtilsThread-0] INFO  pipeline.RatisPipelineProvider (RatisPipelineProvider.java:lambda$create$0(203)) - Sending CreatePipelineCommand for pipeline:PipelineID=8b3bee9e-1a8b-47b4-ae79-5462ac01b887 to datanode:24343a3a-85a1-4b3d-bed0-d5c89a70db02
2025-03-10 14:59:03,862 [RatisPipelineUtilsThread-0] INFO  pipeline.RatisPipelineProvider (RatisPipelineProvider.java:lambda$create$0(203)) - Sending CreatePipelineCommand for pipeline:PipelineID=8b3bee9e-1a8b-47b4-ae79-5462ac01b887 to datanode:bb41d03f-9ea0-4e3b-80d9-0852d4352e0e
2025-03-10 14:59:03,862 [RatisPipelineUtilsThread-0] INFO  pipeline.RatisPipelineProvider (RatisPipelineProvider.java:lambda$create$0(203)) - Sending CreatePipelineCommand for pipeline:PipelineID=8b3bee9e-1a8b-47b4-ae79-5462ac01b887 to datanode:cd975088-a4e1-4d6c-8217-e67620ac7c17
2025-03-10 14:59:03,864 [RatisPipelineUtilsThread-0] INFO  pipeline.PipelineManagerImpl (PipelineManagerImpl.java:recordMetricsForPipeline(917)) - Pipeline: PipelineID=8b3bee9e-1a8b-47b4-ae79-5462ac01b887 contains same datanodes as previous pipelines: PipelineID=4e23d53c-00b6-4837-ac65-b652b5250861 nodeIds: 24343a3a-85a1-4b3d-bed0-d5c89a70db02, bb41d03f-9ea0-4e3b-80d9-0852d4352e0e, cd975088-a4e1-4d6c-8217-e67620ac7c17
2025-03-10 14:59:03,864 [RatisPipelineUtilsThread-0] INFO  pipeline.BackgroundPipelineCreator (BackgroundPipelineCreator.java:createPipelines(247)) - Created new pipeline Pipeline[ Id: 8b3bee9e-1a8b-47b4-ae79-5462ac01b887, Nodes: 24343a3a-85a1-4b3d-bed0-d5c89a70db02(localhost/127.0.0.1) ReplicaIndex: 0bb41d03f-9ea0-4e3b-80d9-0852d4352e0e(localhost/127.0.0.1) ReplicaIndex: 0cd975088-a4e1-4d6c-8217-e67620ac7c17(localhost/127.0.0.1) ReplicaIndex: 0, ReplicationConfig: RATIS/THREE, State:ALLOCATED, leaderId:, CreationTimestamp2025-03-10T14:59:03.862020337Z[Etc/UTC]]
2025-03-10 14:59:03,871 [om1@group-C5BA1605619E-StateMachineUpdater] INFO  ratis.OzoneManagerStateMachine (OzoneManagerStateMachine.java:takeSnapshotImpl(505)) - om1: taking snapshot. applied = (t:1, i:8), skipped = 7, notified = (t:1, i:8), current snapshot index = (t:1, i:8), took 21 ms
2025-03-10 14:59:03,871 [om1@group-C5BA1605619E-StateMachineUpdater] INFO  impl.StateMachineUpdater (StateMachineUpdater.java:takeSnapshot(303)) - om1@group-C5BA1605619E-StateMachineUpdater: Took a snapshot at index 8
2025-03-10 14:59:03,871 [om1@group-C5BA1605619E-StateMachineUpdater] INFO  impl.StateMachineUpdater (StateMachineUpdater.java:lambda$new$0(102)) - om1@group-C5BA1605619E-StateMachineUpdater: snapshotIndex: updateIncreasingly -1 -> 8
2025-03-10 14:59:03,871 [om1@group-C5BA1605619E-StateMachineUpdater] INFO  impl.StateMachineUpdater (StateMachineUpdater.java:stop(141)) - om1@group-C5BA1605619E-StateMachineUpdater: closing OzoneManagerStateMachine, lastApplied=(t:1, i:8)
2025-03-10 14:59:03,871 [om1@group-C5BA1605619E-StateMachineUpdater] INFO  ratis.OzoneManagerStateMachine (OzoneManagerStateMachine.java:close(545)) - Stopping OzoneManagerStateMachine:om1:group-C5BA1605619E.
2025-03-10 14:59:03,871 [om1@group-C5BA1605619E-StateMachineUpdater] INFO  ratis.OzoneManagerDoubleBuffer (OzoneManagerDoubleBuffer.java:stopDaemon(500)) - Stopping OMDoubleBuffer flush thread
2025-03-10 14:59:03,871 [om1-OMDoubleBufferFlushThread] INFO  ratis.OzoneManagerDoubleBuffer (OzoneManagerDoubleBuffer.java:canFlush(560)) - OMDoubleBuffer flush thread om1-OMDoubleBufferFlushThread is interrupted and will exit.
2025-03-10 14:59:03,872 [om1@group-C5BA1605619E-cacheEviction-AwaitToRun] INFO  util.AwaitToRun (AwaitToRun.java:run(49)) - om1@group-C5BA1605619E-cacheEviction-AwaitToRun-AwaitForSignal is interrupted
2025-03-10 14:59:04,245 [bb41d03f-9ea0-4e3b-80d9-0852d4352e0e-PipelineCommandHandlerThread-0] INFO  segmented.SegmentedRaftLogWorker (SegmentedRaftLogWorker.java:close(252)) - bb41d03f-9ea0-4e3b-80d9-0852d4352e0e@group-606166E69D51-SegmentedRaftLogWorker close()
2025-03-10 14:59:04,246 [bb41d03f-9ea0-4e3b-80d9-0852d4352e0e-PipelineCommandHandlerThread-0] INFO  server.RaftServer$Division (RaftServerImpl.java:groupRemove(483)) - bb41d03f-9ea0-4e3b-80d9-0852d4352e0e@group-606166E69D51: Succeed to remove RaftStorageDirectory Storage Directory /home/runner/work/ozone/ozone/hadoop-ozone/integration-test/target/test-dir/MiniOzoneClusterImpl-c1e049f0-9043-4314-b8f3-2460433eb1a0/ozone-meta/datanode-1/ratis/ca7d1e5f-c110-487f-9e28-606166e69d51
2025-03-10 14:59:04,246 [bb41d03f-9ea0-4e3b-80d9-0852d4352e0e-PipelineCommandHandlerThread-0] INFO  commandhandler.ClosePipelineCommandHandler (ClosePipelineCommandHandler.java:lambda$handle$2(142)) - Close Pipeline PipelineID=ca7d1e5f-c110-487f-9e28-606166e69d51 command on datanode bb41d03f-9ea0-4e3b-80d9-0852d4352e0e.
2025-03-10 14:59:04,294 [grpc-default-executor-2] INFO  segmented.SegmentedRaftLogWorker (SegmentedRaftLogWorker.java:close(252)) - bb41d03f-9ea0-4e3b-80d9-0852d4352e0e@group-037D493794B6-SegmentedRaftLogWorker close()
2025-03-10 14:59:04,296 [grpc-default-executor-2] INFO  server.RaftServer$Division (RaftServerImpl.java:groupRemove(483)) - bb41d03f-9ea0-4e3b-80d9-0852d4352e0e@group-037D493794B6: Succeed to remove RaftStorageDirectory Storage Directory /home/runner/work/ozone/ozone/hadoop-ozone/integration-test/target/test-dir/MiniOzoneClusterImpl-c1e049f0-9043-4314-b8f3-2460433eb1a0/ozone-meta/datanode-1/ratis/ac153af9-1e85-4974-beea-037d493794b6
2025-03-10 14:59:04,304 [grpc-default-executor-2] INFO  server.RaftServer (RaftServerProxy.java:remove(111)) - cd975088-a4e1-4d6c-8217-e67620ac7c17: remove  FOLLOWER cd975088-a4e1-4d6c-8217-e67620ac7c17@group-037D493794B6:t1, leader=null, voted=cd975088-a4e1-4d6c-8217-e67620ac7c17, raftlog=Memoized:cd975088-a4e1-4d6c-8217-e67620ac7c17@group-037D493794B6-SegmentedRaftLog:OPENED:c6:last(t:1, i:6), conf=conf: {index: 0, cur=peers:[bb41d03f-9ea0-4e3b-80d9-0852d4352e0e|127.0.0.1:15016, cd975088-a4e1-4d6c-8217-e67620ac7c17|127.0.0.1:15025, 24343a3a-85a1-4b3d-bed0-d5c89a70db02|127.0.0.1:15034]|listeners:[], old=null} RUNNING
2025-03-10 14:59:04,304 [grpc-default-executor-2] INFO  server.RaftServer$Division (RaftServerImpl.java:lambda$close$1(513)) - cd975088-a4e1-4d6c-8217-e67620ac7c17@group-037D493794B6: shutdown
2025-03-10 14:59:04,304 [grpc-default-executor-2] INFO  util.JmxRegister (JmxRegister.java:unregister(74)) - Successfully un-registered JMX Bean with object name Ratis:service=RaftServer,group=group-037D493794B6,id=cd975088-a4e1-4d6c-8217-e67620ac7c17
2025-03-10 14:59:04,304 [grpc-default-executor-2] INFO  impl.RoleInfo (RoleInfo.java:shutdownFollowerState(121)) - cd975088-a4e1-4d6c-8217-e67620ac7c17: shutdown cd975088-a4e1-4d6c-8217-e67620ac7c17@group-037D493794B6-FollowerState
2025-03-10 14:59:04,304 [grpc-default-executor-2] INFO  impl.StateMachineUpdater (StateMachineUpdater.java:stopAndJoin(164)) - cd975088-a4e1-4d6c-8217-e67620ac7c17@group-037D493794B6-StateMachineUpdater: set stopIndex = 6
2025-03-10 14:59:04,305 [cd975088-a4e1-4d6c-8217-e67620ac7c17@group-037D493794B6-StateMachineUpdater] INFO  impl.StateMachineUpdater (StateMachineUpdater.java:stop(141)) - cd975088-a4e1-4d6c-8217-e67620ac7c17@group-037D493794B6-StateMachineUpdater: closing ContainerStateMachine, lastApplied=(t:1, i:6)
2025-03-10 14:59:04,305 [cd975088-a4e1-4d6c-8217-e67620ac7c17@group-037D493794B6-cacheEviction-AwaitToRun] INFO  util.AwaitToRun (AwaitToRun.java:run(49)) - cd975088-a4e1-4d6c-8217-e67620ac7c17@group-037D493794B6-cacheEviction-AwaitToRun-AwaitForSignal is interrupted
2025-03-10 14:59:04,305 [cd975088-a4e1-4d6c-8217-e67620ac7c17@group-037D493794B6-FollowerState] INFO  impl.FollowerState (FollowerState.java:runImpl(170)) - cd975088-a4e1-4d6c-8217-e67620ac7c17@group-037D493794B6-FollowerState was interrupted
2025-03-10 14:59:04,359 [om1-impl-thread1] INFO  segmented.SegmentedRaftLogWorker (SegmentedRaftLogWorker.java:close(252)) - om1@group-C5BA1605619E-SegmentedRaftLogWorker close()
2025-03-10 14:59:04,360 [JvmPauseMonitor2] INFO  util.JvmPauseMonitor (JvmPauseMonitor.java:run(152)) - JvmPauseMonitor-om1: Stopped
2025-03-10 14:59:04,360 [main] INFO  utils.BackgroundService (BackgroundService.java:shutdown(162)) - Shutting down service KeyDeletingService
2025-03-10 14:59:04,360 [main] INFO  utils.BackgroundService (BackgroundService.java:shutdown(162)) - Shutting down service DirectoryDeletingService
2025-03-10 14:59:04,362 [main] INFO  utils.BackgroundService (BackgroundService.java:shutdown(162)) - Shutting down service OpenKeyCleanupService
2025-03-10 14:59:04,362 [main] INFO  utils.BackgroundService (BackgroundService.java:shutdown(162)) - Shutting down service SstFilteringService
2025-03-10 14:59:04,363 [main] INFO  utils.BackgroundService (BackgroundService.java:shutdown(162)) - Shutting down service SnapshotDeletingService
2025-03-10 14:59:04,363 [main] INFO  utils.BackgroundService (BackgroundService.java:shutdown(162)) - Shutting down service MultipartUploadCleanupService
2025-03-10 14:59:04,364 [main] INFO  handler.ContextHandler (ContextHandler.java:doStop(1159)) - Stopped o.e.j.w.WebAppContext@773faae8{ozoneManager,/,null,STOPPED}{file:/home/runner/work/ozone/ozone/hadoop-ozone/integration-test/target/test-classes/webapps/ozoneManager}
2025-03-10 14:59:04,365 [main] INFO  server.AbstractConnector (AbstractConnector.java:doStop(383)) - Stopped ServerConnector@7fd03b0a{HTTP/1.1, (http/1.1)}{0.0.0.0:15007}
2025-03-10 14:59:04,365 [main] INFO  server.session (HouseKeeper.java:stopScavenging(149)) - node0 Stopped scavenging
2025-03-10 14:59:04,365 [main] INFO  handler.ContextHandler (ContextHandler.java:doStop(1159)) - Stopped o.e.j.s.ServletContextHandler@5fa842b5{static,/static,file:///home/runner/work/ozone/ozone/hadoop-ozone/integration-test/target/test-classes/webapps/static,STOPPED}
2025-03-10 14:59:04,366 [main] INFO  handler.ContextHandler (ContextHandler.java:doStop(1159)) - Stopped o.e.j.s.ServletContextHandler@605ba15f{logs,/logs,file:///home/runner/work/ozone/ozone/hadoop-ozone/integration-test/target/log,STOPPED}
2025-03-10 14:59:04,366 [main] INFO  rocksdiff.RocksDBCheckpointDiffer (RocksDBCheckpointDiffer.java:close(304)) - Shutting down CompactionDagPruningService.
2025-03-10 14:59:04,369 [main] INFO  snapshot.SnapshotDiffManager (SnapshotDiffManager.java:closeExecutorService(1632)) - Shutting down executorService: 'SnapDiffExecutor'
2025-03-10 14:59:04,369 [main] INFO  utils.BackgroundService (BackgroundService.java:shutdown(162)) - Shutting down service SnapshotDiffCleanupService
2025-03-10 14:59:04,370 [main] INFO  ozone.MiniOzoneClusterImpl (MiniOzoneClusterImpl.java:stopDatanodes(557)) - Stopping the HddsDatanodes
2025-03-10 14:59:04,372 [main] INFO  ozoneimpl.OzoneContainer (OzoneContainer.java:stop(524)) - Attempting to stop container services.
2025-03-10 14:59:04,372 [ContainerMetadataScanner] WARN  ozoneimpl.AbstractBackgroundContainerScanner (AbstractBackgroundContainerScanner.java:handleRemainingSleep(136)) - Background container scan was interrupted.
2025-03-10 14:59:04,373 [ContainerMetadataScanner] INFO  ozoneimpl.AbstractBackgroundContainerScanner (AbstractBackgroundContainerScanner.java:run(63)) - org.apache.hadoop.ozone.container.ozoneimpl.BackgroundContainerMetadataScanner@5851a93e exiting.
2025-03-10 14:59:04,372 [ForkJoinPool.commonPool-worker-3] INFO  ozoneimpl.OzoneContainer (OzoneContainer.java:stop(524)) - Attempting to stop container services.
2025-03-10 14:59:04,373 [main] INFO  ozoneimpl.BackgroundContainerDataScanner (BackgroundContainerDataScanner.java:shutdown(141)) - ContainerDataScanner(/home/runner/work/ozone/ozone/hadoop-ozone/integration-test/target/test-dir/MiniOzoneClusterImpl-c1e049f0-9043-4314-b8f3-2460433eb1a0/ozone-meta/datanode-2/data-0/hdds) is shutting down. 
2025-03-10 14:59:04,373 [ContainerMetadataScanner] WARN  ozoneimpl.AbstractBackgroundContainerScanner (AbstractBackgroundContainerScanner.java:handleRemainingSleep(136)) - Background container scan was interrupted.
2025-03-10 14:59:04,374 [ContainerMetadataScanner] INFO  ozoneimpl.AbstractBackgroundContainerScanner (AbstractBackgroundContainerScanner.java:run(63)) - org.apache.hadoop.ozone.container.ozoneimpl.BackgroundContainerMetadataScanner@6eadbff3 exiting.
2025-03-10 14:59:04,374 [ContainerDataScanner(/home/runner/work/ozone/ozone/hadoop-ozone/integration-test/target/test-dir/MiniOzoneClusterImpl-c1e049f0-9043-4314-b8f3-2460433eb1a0/ozone-meta/datanode-2/data-0/hdds)] WARN  ozoneimpl.AbstractBackgroundContainerScanner (AbstractBackgroundContainerScanner.java:handleRemainingSleep(136)) - Background container scan was interrupted.
2025-03-10 14:59:04,374 [ForkJoinPool.commonPool-worker-3] INFO  ozoneimpl.BackgroundContainerDataScanner (BackgroundContainerDataScanner.java:shutdown(141)) - ContainerDataScanner(/home/runner/work/ozone/ozone/hadoop-ozone/integration-test/target/test-dir/MiniOzoneClusterImpl-c1e049f0-9043-4314-b8f3-2460433eb1a0/ozone-meta/datanode-1/data-0/hdds) is shutting down. 
2025-03-10 14:59:04,374 [ContainerDataScanner(/home/runner/work/ozone/ozone/hadoop-ozone/integration-test/target/test-dir/MiniOzoneClusterImpl-c1e049f0-9043-4314-b8f3-2460433eb1a0/ozone-meta/datanode-2/data-0/hdds)] INFO  ozoneimpl.AbstractBackgroundContainerScanner (AbstractBackgroundContainerScanner.java:run(63)) - ContainerDataScanner(/home/runner/work/ozone/ozone/hadoop-ozone/integration-test/target/test-dir/MiniOzoneClusterImpl-c1e049f0-9043-4314-b8f3-2460433eb1a0/ozone-meta/datanode-2/data-0/hdds, DS-4d118e0c-5750-4d19-bafd-b1a5a0b76f94) exiting.
2025-03-10 14:59:04,374 [ContainerDataScanner(/home/runner/work/ozone/ozone/hadoop-ozone/integration-test/target/test-dir/MiniOzoneClusterImpl-c1e049f0-9043-4314-b8f3-2460433eb1a0/ozone-meta/datanode-1/data-0/hdds)] WARN  ozoneimpl.AbstractBackgroundContainerScanner (AbstractBackgroundContainerScanner.java:handleRemainingSleep(136)) - Background container scan was interrupted.
2025-03-10 14:59:04,374 [ContainerDataScanner(/home/runner/work/ozone/ozone/hadoop-ozone/integration-test/target/test-dir/MiniOzoneClusterImpl-c1e049f0-9043-4314-b8f3-2460433eb1a0/ozone-meta/datanode-1/data-0/hdds)] INFO  ozoneimpl.AbstractBackgroundContainerScanner (AbstractBackgroundContainerScanner.java:run(63)) - ContainerDataScanner(/home/runner/work/ozone/ozone/hadoop-ozone/integration-test/target/test-dir/MiniOzoneClusterImpl-c1e049f0-9043-4314-b8f3-2460433eb1a0/ozone-meta/datanode-1/data-0/hdds, DS-240acf8a-8869-4cae-8e87-12830665b126) exiting.
2025-03-10 14:59:04,374 [main] INFO  ozoneimpl.OnDemandContainerDataScanner (OnDemandContainerDataScanner.java:shutdownScanner(208)) - On-demand container scanner is shutting down.
2025-03-10 14:59:04,375 [ForkJoinPool.commonPool-worker-3] INFO  ratis.XceiverServerRatis (XceiverServerRatis.java:stop(593)) - Closing XceiverServerRatis(bb41d03f-9ea0-4e3b-80d9-0852d4352e0e)
2025-03-10 14:59:04,375 [ForkJoinPool.commonPool-worker-3] INFO  server.RaftServer (RaftServerProxy.java:lambda$close$9(417)) - bb41d03f-9ea0-4e3b-80d9-0852d4352e0e: close
2025-03-10 14:59:04,375 [ForkJoinPool.commonPool-worker-3] INFO  server.GrpcService (GrpcService.java:closeImpl(343)) - bb41d03f-9ea0-4e3b-80d9-0852d4352e0e: shutdown server org.apache.ratis.grpc.server.GrpcClientProtocolService now
2025-03-10 14:59:04,375 [main] INFO  ratis.XceiverServerRatis (XceiverServerRatis.java:stop(593)) - Closing XceiverServerRatis(cd975088-a4e1-4d6c-8217-e67620ac7c17)
2025-03-10 14:59:04,376 [bb41d03f-9ea0-4e3b-80d9-0852d4352e0e-impl-thread1] INFO  server.RaftServer$Division (RaftServerImpl.java:lambda$close$1(513)) - bb41d03f-9ea0-4e3b-80d9-0852d4352e0e@group-383D71F6AB9C: shutdown
2025-03-10 14:59:04,376 [bb41d03f-9ea0-4e3b-80d9-0852d4352e0e-impl-thread1] INFO  util.JmxRegister (JmxRegister.java:unregister(74)) - Successfully un-registered JMX Bean with object name Ratis:service=RaftServer,group=group-383D71F6AB9C,id=bb41d03f-9ea0-4e3b-80d9-0852d4352e0e
2025-03-10 14:59:04,376 [main] INFO  server.RaftServer (RaftServerProxy.java:lambda$close$9(417)) - cd975088-a4e1-4d6c-8217-e67620ac7c17: close
2025-03-10 14:59:04,376 [main] INFO  server.GrpcService (GrpcService.java:closeImpl(343)) - cd975088-a4e1-4d6c-8217-e67620ac7c17: shutdown server org.apache.ratis.grpc.server.GrpcClientProtocolService now
2025-03-10 14:59:04,376 [bb41d03f-9ea0-4e3b-80d9-0852d4352e0e-impl-thread1] INFO  impl.RoleInfo (RoleInfo.java:shutdownLeaderState(103)) - bb41d03f-9ea0-4e3b-80d9-0852d4352e0e: shutdown bb41d03f-9ea0-4e3b-80d9-0852d4352e0e@group-383D71F6AB9C-LeaderStateImpl
2025-03-10 14:59:04,376 [bb41d03f-9ea0-4e3b-80d9-0852d4352e0e-impl-thread1] INFO  impl.PendingRequests (PendingRequests.java:sendNotLeaderResponses(287)) - bb41d03f-9ea0-4e3b-80d9-0852d4352e0e@group-383D71F6AB9C-PendingRequests: sendNotLeaderResponses
2025-03-10 14:59:04,376 [cd975088-a4e1-4d6c-8217-e67620ac7c17-impl-thread2] INFO  server.RaftServer$Division (RaftServerImpl.java:lambda$close$1(513)) - cd975088-a4e1-4d6c-8217-e67620ac7c17@group-B2175FA93812: shutdown
2025-03-10 14:59:04,376 [cd975088-a4e1-4d6c-8217-e67620ac7c17-impl-thread2] INFO  util.JmxRegister (JmxRegister.java:unregister(74)) - Successfully un-registered JMX Bean with object name Ratis:service=RaftServer,group=group-B2175FA93812,id=cd975088-a4e1-4d6c-8217-e67620ac7c17
2025-03-10 14:59:04,376 [cd975088-a4e1-4d6c-8217-e67620ac7c17-impl-thread2] INFO  impl.RoleInfo (RoleInfo.java:shutdownFollowerState(121)) - cd975088-a4e1-4d6c-8217-e67620ac7c17: shutdown cd975088-a4e1-4d6c-8217-e67620ac7c17@group-B2175FA93812-FollowerState
2025-03-10 14:59:04,377 [cd975088-a4e1-4d6c-8217-e67620ac7c17-impl-thread2] INFO  impl.StateMachineUpdater (StateMachineUpdater.java:stopAndJoin(164)) - cd975088-a4e1-4d6c-8217-e67620ac7c17@group-B2175FA93812-StateMachineUpdater: set stopIndex = 0
2025-03-10 14:59:04,377 [Thread-810] INFO  server.GrpcServerProtocolClient (GrpcServerProtocolClient.java:close(105)) - cd975088-a4e1-4d6c-8217-e67620ac7c17 Close channels
2025-03-10 14:59:04,377 [bb41d03f-9ea0-4e3b-80d9-0852d4352e0e-impl-thread1] INFO  impl.StateMachineUpdater (StateMachineUpdater.java:stopAndJoin(164)) - bb41d03f-9ea0-4e3b-80d9-0852d4352e0e@group-383D71F6AB9C-StateMachineUpdater: set stopIndex = 0
2025-03-10 14:59:04,377 [cd975088-a4e1-4d6c-8217-e67620ac7c17@group-B2175FA93812-FollowerState] INFO  impl.FollowerState (FollowerState.java:runImpl(170)) - cd975088-a4e1-4d6c-8217-e67620ac7c17@group-B2175FA93812-FollowerState was interrupted
2025-03-10 14:59:04,377 [bb41d03f-9ea0-4e3b-80d9-0852d4352e0e@group-383D71F6AB9C-StateMachineUpdater] INFO  ratis.ContainerStateMachine (ContainerStateMachine.java:takeSnapshot(395)) - group-383D71F6AB9C: Taking a snapshot at:(t:1, i:0) file /home/runner/work/ozone/ozone/hadoop-ozone/integration-test/target/test-dir/MiniOzoneClusterImpl-c1e049f0-9043-4314-b8f3-2460433eb1a0/ozone-meta/datanode-1/ratis/294e5d89-b977-46ff-a16e-383d71f6ab9c/sm/snapshot.1_0
2025-03-10 14:59:04,377 [Thread-811] INFO  server.GrpcServerProtocolClient (GrpcServerProtocolClient.java:close(105)) - 24343a3a-85a1-4b3d-bed0-d5c89a70db02 Close channels
2025-03-10 14:59:04,377 [cd975088-a4e1-4d6c-8217-e67620ac7c17@group-B2175FA93812-StateMachineUpdater] INFO  impl.StateMachineUpdater (StateMachineUpdater.java:stop(141)) - cd975088-a4e1-4d6c-8217-e67620ac7c17@group-B2175FA93812-StateMachineUpdater: closing ContainerStateMachine, lastApplied=(t:1, i:0)
2025-03-10 14:59:04,379 [cd975088-a4e1-4d6c-8217-e67620ac7c17@group-B2175FA93812-cacheEviction-AwaitToRun] INFO  util.AwaitToRun (AwaitToRun.java:run(49)) - cd975088-a4e1-4d6c-8217-e67620ac7c17@group-B2175FA93812-cacheEviction-AwaitToRun-AwaitForSignal is interrupted
2025-03-10 14:59:04,379 [bb41d03f-9ea0-4e3b-80d9-0852d4352e0e@group-383D71F6AB9C-StateMachineUpdater] INFO  ratis.ContainerStateMachine (ContainerStateMachine.java:takeSnapshot(404)) - group-383D71F6AB9C: Finished taking a snapshot at:(t:1, i:0) file:/home/runner/work/ozone/ozone/hadoop-ozone/integration-test/target/test-dir/MiniOzoneClusterImpl-c1e049f0-9043-4314-b8f3-2460433eb1a0/ozone-meta/datanode-1/ratis/294e5d89-b977-46ff-a16e-383d71f6ab9c/sm/snapshot.1_0 took: 1 ms
2025-03-10 14:59:04,379 [main] INFO  server.GrpcService (GrpcService.java:closeImpl(352)) - cd975088-a4e1-4d6c-8217-e67620ac7c17: shutdown server org.apache.ratis.grpc.server.GrpcClientProtocolService successfully
2025-03-10 14:59:04,380 [main] INFO  server.GrpcService (GrpcService.java:closeImpl(343)) - cd975088-a4e1-4d6c-8217-e67620ac7c17: shutdown server GrpcServerProtocolService now
2025-03-10 14:59:04,379 [bb41d03f-9ea0-4e3b-80d9-0852d4352e0e@group-383D71F6AB9C-StateMachineUpdater] INFO  impl.StateMachineUpdater (StateMachineUpdater.java:takeSnapshot(303)) - bb41d03f-9ea0-4e3b-80d9-0852d4352e0e@group-383D71F6AB9C-StateMachineUpdater: Took a snapshot at index 0
2025-03-10 14:59:04,380 [bb41d03f-9ea0-4e3b-80d9-0852d4352e0e@group-383D71F6AB9C-StateMachineUpdater] INFO  impl.StateMachineUpdater (StateMachineUpdater.java:lambda$new$0(102)) - bb41d03f-9ea0-4e3b-80d9-0852d4352e0e@group-383D71F6AB9C-StateMachineUpdater: snapshotIndex: updateIncreasingly -1 -> 0
2025-03-10 14:59:04,380 [bb41d03f-9ea0-4e3b-80d9-0852d4352e0e@group-383D71F6AB9C-StateMachineUpdater] INFO  impl.StateMachineUpdater (StateMachineUpdater.java:stop(141)) - bb41d03f-9ea0-4e3b-80d9-0852d4352e0e@group-383D71F6AB9C-StateMachineUpdater: closing ContainerStateMachine, lastApplied=(t:1, i:0)
2025-03-10 14:59:04,380 [bb41d03f-9ea0-4e3b-80d9-0852d4352e0e@group-383D71F6AB9C-cacheEviction-AwaitToRun] INFO  util.AwaitToRun (AwaitToRun.java:run(49)) - bb41d03f-9ea0-4e3b-80d9-0852d4352e0e@group-383D71F6AB9C-cacheEviction-AwaitToRun-AwaitForSignal is interrupted
2025-03-10 14:59:04,380 [main] INFO  server.GrpcService (GrpcService.java:closeImpl(352)) - cd975088-a4e1-4d6c-8217-e67620ac7c17: shutdown server GrpcServerProtocolService successfully
2025-03-10 14:59:04,381 [main] INFO  server.GrpcService (GrpcService.java:closeImpl(343)) - cd975088-a4e1-4d6c-8217-e67620ac7c17: shutdown server org.apache.ratis.grpc.server.GrpcAdminProtocolService now
2025-03-10 14:59:04,381 [grpc-default-executor-1] INFO  server.GrpcLogAppender (GrpcLogAppender.java:onError(537)) - bb41d03f-9ea0-4e3b-80d9-0852d4352e0e@group-606166E69D51->cd975088-a4e1-4d6c-8217-e67620ac7c17-GrpcLogAppender is already stopped
2025-03-10 14:59:04,382 [main] INFO  server.GrpcService (GrpcService.java:closeImpl(352)) - cd975088-a4e1-4d6c-8217-e67620ac7c17: shutdown server org.apache.ratis.grpc.server.GrpcAdminProtocolService successfully
2025-03-10 14:59:04,383 [cd975088-a4e1-4d6c-8217-e67620ac7c17-NettyServerStreamRpc-bossGroup--thread1] INFO  logging.LoggingHandler (AbstractInternalLogger.java:log(148)) - [id: 0x3ad21ed6, L:/0.0.0.0:15026] CLOSE
2025-03-10 14:59:04,383 [cd975088-a4e1-4d6c-8217-e67620ac7c17-NettyServerStreamRpc-bossGroup--thread1] INFO  logging.LoggingHandler (AbstractInternalLogger.java:log(148)) - [id: 0x3ad21ed6, L:/0.0.0.0:15026] INACTIVE
2025-03-10 14:59:04,383 [cd975088-a4e1-4d6c-8217-e67620ac7c17-NettyServerStreamRpc-bossGroup--thread1] INFO  logging.LoggingHandler (AbstractInternalLogger.java:log(148)) - [id: 0x3ad21ed6, L:/0.0.0.0:15026] UNREGISTERED
2025-03-10 14:59:04,388 [24343a3a-85a1-4b3d-bed0-d5c89a70db02-PipelineCommandHandlerThread-0] WARN  commandhandler.ClosePipelineCommandHandler (ClosePipelineCommandHandler.java:lambda$handle$1(134)) - Failed to remove group group-037D493794B6 of pipeline PipelineID=ac153af9-1e85-4974-beea-037d493794b6 on peer cd975088-a4e1-4d6c-8217-e67620ac7c17
java.io.IOException: org.apache.ratis.thirdparty.io.grpc.StatusRuntimeException: CANCELLED: RST_STREAM closed stream. HTTP/2 error code: CANCEL
	at org.apache.ratis.grpc.GrpcUtil.unwrapException(GrpcUtil.java:99)
	at org.apache.ratis.grpc.client.GrpcClientProtocolClient.blockingCall(GrpcClientProtocolClient.java:226)
	at org.apache.ratis.grpc.client.GrpcClientProtocolClient.groupAdd(GrpcClientProtocolClient.java:173)
	at org.apache.ratis.grpc.client.GrpcClientRpc.sendRequest(GrpcClientRpc.java:98)
	at org.apache.ratis.client.impl.BlockingImpl.sendRequest(BlockingImpl.java:147)
	at org.apache.ratis.client.impl.BlockingImpl.sendRequestWithRetry(BlockingImpl.java:109)
	at org.apache.ratis.client.impl.GroupManagementImpl.remove(GroupManagementImpl.java:61)
	at org.apache.hadoop.ozone.container.common.statemachine.commandhandler.ClosePipelineCommandHandler.lambda$handle$1(ClosePipelineCommandHandler.java:126)
	at java.base/java.util.stream.ForEachOps$ForEachOp$OfRef.accept(ForEachOps.java:184)
	at java.base/java.util.stream.ReferencePipeline$2$1.accept(ReferencePipeline.java:179)
	at java.base/java.util.HashMap$ValueSpliterator.forEachRemaining(HashMap.java:1787)
	at java.base/java.util.stream.AbstractPipeline.copyInto(AbstractPipeline.java:509)
	at java.base/java.util.stream.AbstractPipeline.wrapAndCopyInto(AbstractPipeline.java:499)
	at java.base/java.util.stream.ForEachOps$ForEachOp.evaluateSequential(ForEachOps.java:151)
	at java.base/java.util.stream.ForEachOps$ForEachOp$OfRef.evaluateSequential(ForEachOps.java:174)
	at java.base/java.util.stream.AbstractPipeline.evaluate(AbstractPipeline.java:234)
	at java.base/java.util.stream.ReferencePipeline.forEach(ReferencePipeline.java:596)
	at org.apache.hadoop.ozone.container.common.statemachine.commandhandler.ClosePipelineCommandHandler.lambda$handle$2(ClosePipelineCommandHandler.java:123)
	at java.base/java.util.concurrent.CompletableFuture$AsyncRun.run(CompletableFuture.java:1804)
	at java.base/java.util.concurrent.ThreadPoolExecutor.runWorker(ThreadPoolExecutor.java:1144)
	at java.base/java.util.concurrent.ThreadPoolExecutor$Worker.run(ThreadPoolExecutor.java:642)
	at java.base/java.lang.Thread.run(Thread.java:1583)
Caused by: org.apache.ratis.thirdparty.io.grpc.StatusRuntimeException: CANCELLED: RST_STREAM closed stream. HTTP/2 error code: CANCEL
	at org.apache.ratis.thirdparty.io.grpc.stub.ClientCalls.toStatusRuntimeException(ClientCalls.java:268)
	at org.apache.ratis.thirdparty.io.grpc.stub.ClientCalls.getUnchecked(ClientCalls.java:249)
	at org.apache.ratis.thirdparty.io.grpc.stub.ClientCalls.blockingUnaryCall(ClientCalls.java:167)
	at org.apache.ratis.proto.grpc.AdminProtocolServiceGrpc$AdminProtocolServiceBlockingStub.groupManagement(AdminProtocolServiceGrpc.java:468)
	at org.apache.ratis.grpc.client.GrpcClientProtocolClient.lambda$groupAdd$6(GrpcClientProtocolClient.java:175)
	at org.apache.ratis.grpc.client.GrpcClientProtocolClient.blockingCall(GrpcClientProtocolClient.java:224)
	... 20 more
2025-03-10 14:59:04,388 [24343a3a-85a1-4b3d-bed0-d5c89a70db02-PipelineCommandHandlerThread-0] INFO  server.RaftServer (RaftServerProxy.java:remove(111)) - 24343a3a-85a1-4b3d-bed0-d5c89a70db02: remove  FOLLOWER 24343a3a-85a1-4b3d-bed0-d5c89a70db02@group-037D493794B6:t1, leader=cd975088-a4e1-4d6c-8217-e67620ac7c17, voted=cd975088-a4e1-4d6c-8217-e67620ac7c17, raftlog=Memoized:24343a3a-85a1-4b3d-bed0-d5c89a70db02@group-037D493794B6-SegmentedRaftLog:OPENED:c5:last(t:1, i:6), conf=conf: {index: 0, cur=peers:[bb41d03f-9ea0-4e3b-80d9-0852d4352e0e|127.0.0.1:15016, cd975088-a4e1-4d6c-8217-e67620ac7c17|127.0.0.1:15025, 24343a3a-85a1-4b3d-bed0-d5c89a70db02|127.0.0.1:15034]|listeners:[], old=null} RUNNING
2025-03-10 14:59:04,388 [24343a3a-85a1-4b3d-bed0-d5c89a70db02-PipelineCommandHandlerThread-0] INFO  server.RaftServer$Division (RaftServerImpl.java:lambda$close$1(513)) - 24343a3a-85a1-4b3d-bed0-d5c89a70db02@group-037D493794B6: shutdown
2025-03-10 14:59:04,388 [24343a3a-85a1-4b3d-bed0-d5c89a70db02-PipelineCommandHandlerThread-0] INFO  util.JmxRegister (JmxRegister.java:unregister(74)) - Successfully un-registered JMX Bean with object name Ratis:service=RaftServer,group=group-037D493794B6,id=24343a3a-85a1-4b3d-bed0-d5c89a70db02
2025-03-10 14:59:04,388 [24343a3a-85a1-4b3d-bed0-d5c89a70db02-PipelineCommandHandlerThread-0] INFO  impl.RoleInfo (RoleInfo.java:shutdownFollowerState(121)) - 24343a3a-85a1-4b3d-bed0-d5c89a70db02: shutdown 24343a3a-85a1-4b3d-bed0-d5c89a70db02@group-037D493794B6-FollowerState
2025-03-10 14:59:04,388 [24343a3a-85a1-4b3d-bed0-d5c89a70db02-PipelineCommandHandlerThread-0] INFO  impl.StateMachineUpdater (StateMachineUpdater.java:stopAndJoin(164)) - 24343a3a-85a1-4b3d-bed0-d5c89a70db02@group-037D493794B6-StateMachineUpdater: set stopIndex = 5
2025-03-10 14:59:04,388 [24343a3a-85a1-4b3d-bed0-d5c89a70db02@group-037D493794B6-StateMachineUpdater] INFO  ratis.ContainerStateMachine (ContainerStateMachine.java:takeSnapshot(395)) - group-037D493794B6: Taking a snapshot at:(t:1, i:5) file /home/runner/work/ozone/ozone/hadoop-ozone/integration-test/target/test-dir/MiniOzoneClusterImpl-c1e049f0-9043-4314-b8f3-2460433eb1a0/ozone-meta/datanode-3/ratis/ac153af9-1e85-4974-beea-037d493794b6/sm/snapshot.1_5
2025-03-10 14:59:04,388 [24343a3a-85a1-4b3d-bed0-d5c89a70db02@group-037D493794B6-FollowerState] INFO  impl.FollowerState (FollowerState.java:runImpl(170)) - 24343a3a-85a1-4b3d-bed0-d5c89a70db02@group-037D493794B6-FollowerState was interrupted
2025-03-10 14:59:04,389 [24343a3a-85a1-4b3d-bed0-d5c89a70db02@group-037D493794B6-StateMachineUpdater] INFO  ratis.ContainerStateMachine (ContainerStateMachine.java:takeSnapshot(404)) - group-037D493794B6: Finished taking a snapshot at:(t:1, i:5) file:/home/runner/work/ozone/ozone/hadoop-ozone/integration-test/target/test-dir/MiniOzoneClusterImpl-c1e049f0-9043-4314-b8f3-2460433eb1a0/ozone-meta/datanode-3/ratis/ac153af9-1e85-4974-beea-037d493794b6/sm/snapshot.1_5 took: 1 ms
2025-03-10 14:59:04,390 [24343a3a-85a1-4b3d-bed0-d5c89a70db02@group-037D493794B6-StateMachineUpdater] INFO  impl.StateMachineUpdater (StateMachineUpdater.java:takeSnapshot(303)) - 24343a3a-85a1-4b3d-bed0-d5c89a70db02@group-037D493794B6-StateMachineUpdater: Took a snapshot at index 5
2025-03-10 14:59:04,390 [24343a3a-85a1-4b3d-bed0-d5c89a70db02@group-037D493794B6-StateMachineUpdater] INFO  impl.StateMachineUpdater (StateMachineUpdater.java:lambda$new$0(102)) - 24343a3a-85a1-4b3d-bed0-d5c89a70db02@group-037D493794B6-StateMachineUpdater: snapshotIndex: updateIncreasingly -1 -> 5
2025-03-10 14:59:04,390 [24343a3a-85a1-4b3d-bed0-d5c89a70db02@group-037D493794B6-StateMachineUpdater] INFO  impl.StateMachineUpdater (StateMachineUpdater.java:stop(141)) - 24343a3a-85a1-4b3d-bed0-d5c89a70db02@group-037D493794B6-StateMachineUpdater: closing ContainerStateMachine, lastApplied=(t:1, i:5)
2025-03-10 14:59:04,390 [24343a3a-85a1-4b3d-bed0-d5c89a70db02@group-037D493794B6-cacheEviction-AwaitToRun] INFO  util.AwaitToRun (AwaitToRun.java:run(49)) - 24343a3a-85a1-4b3d-bed0-d5c89a70db02@group-037D493794B6-cacheEviction-AwaitToRun-AwaitForSignal is interrupted
2025-03-10 14:59:04,745 [cd975088-a4e1-4d6c-8217-e67620ac7c17-impl-thread2] INFO  segmented.SegmentedRaftLogWorker (SegmentedRaftLogWorker.java:close(252)) - cd975088-a4e1-4d6c-8217-e67620ac7c17@group-B2175FA93812-SegmentedRaftLogWorker close()
2025-03-10 14:59:04,745 [grpc-default-executor-2] INFO  segmented.SegmentedRaftLogWorker (SegmentedRaftLogWorker.java:close(252)) - cd975088-a4e1-4d6c-8217-e67620ac7c17@group-037D493794B6-SegmentedRaftLogWorker close()
2025-03-10 14:59:04,745 [cd975088-a4e1-4d6c-8217-e67620ac7c17-impl-thread2] INFO  ratis.ContainerStateMachine (ContainerStateMachine.java:notifyServerShutdown(957)) - group-B2175FA93812 is closed by HddsDatanodeService
2025-03-10 14:59:04,745 [JvmPauseMonitor6] INFO  util.JvmPauseMonitor (JvmPauseMonitor.java:run(152)) - JvmPauseMonitor-cd975088-a4e1-4d6c-8217-e67620ac7c17: Stopped
2025-03-10 14:59:04,746 [grpc-default-executor-2] INFO  server.RaftServer$Division (RaftServerImpl.java:groupRemove(483)) - cd975088-a4e1-4d6c-8217-e67620ac7c17@group-037D493794B6: Succeed to remove RaftStorageDirectory Storage Directory /home/runner/work/ozone/ozone/hadoop-ozone/integration-test/target/test-dir/MiniOzoneClusterImpl-c1e049f0-9043-4314-b8f3-2460433eb1a0/ozone-meta/datanode-2/ratis/ac153af9-1e85-4974-beea-037d493794b6
2025-03-10 14:59:05,197 [bb41d03f-9ea0-4e3b-80d9-0852d4352e0e-impl-thread1] INFO  segmented.SegmentedRaftLogWorker (SegmentedRaftLogWorker.java:close(252)) - bb41d03f-9ea0-4e3b-80d9-0852d4352e0e@group-383D71F6AB9C-SegmentedRaftLogWorker close()
2025-03-10 14:59:05,197 [bb41d03f-9ea0-4e3b-80d9-0852d4352e0e-impl-thread1] INFO  ratis.ContainerStateMachine (ContainerStateMachine.java:notifyServerShutdown(957)) - group-383D71F6AB9C is closed by HddsDatanodeService
2025-03-10 14:59:05,295 [24343a3a-85a1-4b3d-bed0-d5c89a70db02-PipelineCommandHandlerThread-0] INFO  segmented.SegmentedRaftLogWorker (SegmentedRaftLogWorker.java:close(252)) - 24343a3a-85a1-4b3d-bed0-d5c89a70db02@group-037D493794B6-SegmentedRaftLogWorker close()
2025-03-10 14:59:05,296 [24343a3a-85a1-4b3d-bed0-d5c89a70db02-PipelineCommandHandlerThread-0] INFO  server.RaftServer$Division (RaftServerImpl.java:groupRemove(483)) - 24343a3a-85a1-4b3d-bed0-d5c89a70db02@group-037D493794B6: Succeed to remove RaftStorageDirectory Storage Directory /home/runner/work/ozone/ozone/hadoop-ozone/integration-test/target/test-dir/MiniOzoneClusterImpl-c1e049f0-9043-4314-b8f3-2460433eb1a0/ozone-meta/datanode-3/ratis/ac153af9-1e85-4974-beea-037d493794b6
2025-03-10 14:59:05,296 [24343a3a-85a1-4b3d-bed0-d5c89a70db02-PipelineCommandHandlerThread-0] INFO  commandhandler.ClosePipelineCommandHandler (ClosePipelineCommandHandler.java:lambda$handle$2(142)) - Close Pipeline PipelineID=ac153af9-1e85-4974-beea-037d493794b6 command on datanode 24343a3a-85a1-4b3d-bed0-d5c89a70db02.
2025-03-10 14:59:05,297 [ForkJoinPool.commonPool-worker-1] INFO  ozoneimpl.OzoneContainer (OzoneContainer.java:stop(524)) - Attempting to stop container services.
2025-03-10 14:59:05,297 [ContainerMetadataScanner] WARN  ozoneimpl.AbstractBackgroundContainerScanner (AbstractBackgroundContainerScanner.java:handleRemainingSleep(136)) - Background container scan was interrupted.
2025-03-10 14:59:05,297 [ContainerMetadataScanner] INFO  ozoneimpl.AbstractBackgroundContainerScanner (AbstractBackgroundContainerScanner.java:run(63)) - org.apache.hadoop.ozone.container.ozoneimpl.BackgroundContainerMetadataScanner@16e84603 exiting.
2025-03-10 14:59:05,297 [ForkJoinPool.commonPool-worker-1] INFO  ozoneimpl.BackgroundContainerDataScanner (BackgroundContainerDataScanner.java:shutdown(141)) - ContainerDataScanner(/home/runner/work/ozone/ozone/hadoop-ozone/integration-test/target/test-dir/MiniOzoneClusterImpl-c1e049f0-9043-4314-b8f3-2460433eb1a0/ozone-meta/datanode-3/data-0/hdds) is shutting down. 
2025-03-10 14:59:05,297 [ContainerDataScanner(/home/runner/work/ozone/ozone/hadoop-ozone/integration-test/target/test-dir/MiniOzoneClusterImpl-c1e049f0-9043-4314-b8f3-2460433eb1a0/ozone-meta/datanode-3/data-0/hdds)] WARN  ozoneimpl.AbstractBackgroundContainerScanner (AbstractBackgroundContainerScanner.java:handleRemainingSleep(136)) - Background container scan was interrupted.
2025-03-10 14:59:05,297 [ContainerDataScanner(/home/runner/work/ozone/ozone/hadoop-ozone/integration-test/target/test-dir/MiniOzoneClusterImpl-c1e049f0-9043-4314-b8f3-2460433eb1a0/ozone-meta/datanode-3/data-0/hdds)] INFO  ozoneimpl.AbstractBackgroundContainerScanner (AbstractBackgroundContainerScanner.java:run(63)) - ContainerDataScanner(/home/runner/work/ozone/ozone/hadoop-ozone/integration-test/target/test-dir/MiniOzoneClusterImpl-c1e049f0-9043-4314-b8f3-2460433eb1a0/ozone-meta/datanode-3/data-0/hdds, DS-62cfd752-1bd8-4ec3-bae4-7df2b6f7b54e) exiting.
2025-03-10 14:59:05,298 [ForkJoinPool.commonPool-worker-1] INFO  ratis.XceiverServerRatis (XceiverServerRatis.java:stop(593)) - Closing XceiverServerRatis(24343a3a-85a1-4b3d-bed0-d5c89a70db02)
2025-03-10 14:59:05,298 [ForkJoinPool.commonPool-worker-1] INFO  server.RaftServer (RaftServerProxy.java:lambda$close$9(417)) - 24343a3a-85a1-4b3d-bed0-d5c89a70db02: close
2025-03-10 14:59:05,298 [ForkJoinPool.commonPool-worker-1] INFO  server.GrpcService (GrpcService.java:closeImpl(343)) - 24343a3a-85a1-4b3d-bed0-d5c89a70db02: shutdown server org.apache.ratis.grpc.server.GrpcClientProtocolService now
2025-03-10 14:59:05,298 [24343a3a-85a1-4b3d-bed0-d5c89a70db02-impl-thread1] INFO  server.RaftServer$Division (RaftServerImpl.java:lambda$close$1(513)) - 24343a3a-85a1-4b3d-bed0-d5c89a70db02@group-843A714FA3E3: shutdown
2025-03-10 14:59:05,298 [24343a3a-85a1-4b3d-bed0-d5c89a70db02-impl-thread1] INFO  util.JmxRegister (JmxRegister.java:unregister(74)) - Successfully un-registered JMX Bean with object name Ratis:service=RaftServer,group=group-843A714FA3E3,id=24343a3a-85a1-4b3d-bed0-d5c89a70db02
2025-03-10 14:59:05,298 [24343a3a-85a1-4b3d-bed0-d5c89a70db02-impl-thread1] INFO  impl.RoleInfo (RoleInfo.java:shutdownLeaderState(103)) - 24343a3a-85a1-4b3d-bed0-d5c89a70db02: shutdown 24343a3a-85a1-4b3d-bed0-d5c89a70db02@group-843A714FA3E3-LeaderStateImpl
2025-03-10 14:59:05,298 [24343a3a-85a1-4b3d-bed0-d5c89a70db02-impl-thread1] INFO  impl.PendingRequests (PendingRequests.java:sendNotLeaderResponses(287)) - 24343a3a-85a1-4b3d-bed0-d5c89a70db02@group-843A714FA3E3-PendingRequests: sendNotLeaderResponses
2025-03-10 14:59:05,299 [ForkJoinPool.commonPool-worker-1] INFO  server.GrpcService (GrpcService.java:closeImpl(352)) - 24343a3a-85a1-4b3d-bed0-d5c89a70db02: shutdown server org.apache.ratis.grpc.server.GrpcClientProtocolService successfully
2025-03-10 14:59:05,299 [ForkJoinPool.commonPool-worker-1] INFO  server.GrpcService (GrpcService.java:closeImpl(343)) - 24343a3a-85a1-4b3d-bed0-d5c89a70db02: shutdown server GrpcServerProtocolService now
2025-03-10 14:59:05,299 [24343a3a-85a1-4b3d-bed0-d5c89a70db02-impl-thread1] INFO  impl.StateMachineUpdater (StateMachineUpdater.java:stopAndJoin(164)) - 24343a3a-85a1-4b3d-bed0-d5c89a70db02@group-843A714FA3E3-StateMachineUpdater: set stopIndex = 0
2025-03-10 14:59:05,300 [ForkJoinPool.commonPool-worker-1] INFO  server.GrpcService (GrpcService.java:closeImpl(352)) - 24343a3a-85a1-4b3d-bed0-d5c89a70db02: shutdown server GrpcServerProtocolService successfully
2025-03-10 14:59:05,300 [ForkJoinPool.commonPool-worker-1] INFO  server.GrpcService (GrpcService.java:closeImpl(343)) - 24343a3a-85a1-4b3d-bed0-d5c89a70db02: shutdown server org.apache.ratis.grpc.server.GrpcAdminProtocolService now
2025-03-10 14:59:05,300 [24343a3a-85a1-4b3d-bed0-d5c89a70db02@group-843A714FA3E3-StateMachineUpdater] INFO  ratis.ContainerStateMachine (ContainerStateMachine.java:takeSnapshot(395)) - group-843A714FA3E3: Taking a snapshot at:(t:1, i:0) file /home/runner/work/ozone/ozone/hadoop-ozone/integration-test/target/test-dir/MiniOzoneClusterImpl-c1e049f0-9043-4314-b8f3-2460433eb1a0/ozone-meta/datanode-3/ratis/6244250d-c605-4b83-adc1-843a714fa3e3/sm/snapshot.1_0
2025-03-10 14:59:05,301 [ForkJoinPool.commonPool-worker-1] INFO  server.GrpcService (GrpcService.java:closeImpl(352)) - 24343a3a-85a1-4b3d-bed0-d5c89a70db02: shutdown server org.apache.ratis.grpc.server.GrpcAdminProtocolService successfully
2025-03-10 14:59:05,301 [grpc-default-executor-1] INFO  server.GrpcLogAppender (GrpcLogAppender.java:onError(537)) - bb41d03f-9ea0-4e3b-80d9-0852d4352e0e@group-606166E69D51->24343a3a-85a1-4b3d-bed0-d5c89a70db02-GrpcLogAppender is already stopped
2025-03-10 14:59:05,301 [ForkJoinPool.commonPool-worker-3] INFO  server.GrpcService (GrpcService.java:closeImpl(352)) - bb41d03f-9ea0-4e3b-80d9-0852d4352e0e: shutdown server org.apache.ratis.grpc.server.GrpcClientProtocolService successfully
2025-03-10 14:59:05,302 [ForkJoinPool.commonPool-worker-3] INFO  server.GrpcService (GrpcService.java:closeImpl(343)) - bb41d03f-9ea0-4e3b-80d9-0852d4352e0e: shutdown server GrpcServerProtocolService now
2025-03-10 14:59:05,302 [24343a3a-85a1-4b3d-bed0-d5c89a70db02@group-843A714FA3E3-StateMachineUpdater] INFO  ratis.ContainerStateMachine (ContainerStateMachine.java:takeSnapshot(404)) - group-843A714FA3E3: Finished taking a snapshot at:(t:1, i:0) file:/home/runner/work/ozone/ozone/hadoop-ozone/integration-test/target/test-dir/MiniOzoneClusterImpl-c1e049f0-9043-4314-b8f3-2460433eb1a0/ozone-meta/datanode-3/ratis/6244250d-c605-4b83-adc1-843a714fa3e3/sm/snapshot.1_0 took: 1 ms
2025-03-10 14:59:05,302 [24343a3a-85a1-4b3d-bed0-d5c89a70db02@group-843A714FA3E3-StateMachineUpdater] INFO  impl.StateMachineUpdater (StateMachineUpdater.java:takeSnapshot(303)) - 24343a3a-85a1-4b3d-bed0-d5c89a70db02@group-843A714FA3E3-StateMachineUpdater: Took a snapshot at index 0
2025-03-10 14:59:05,302 [24343a3a-85a1-4b3d-bed0-d5c89a70db02@group-843A714FA3E3-StateMachineUpdater] INFO  impl.StateMachineUpdater (StateMachineUpdater.java:lambda$new$0(102)) - 24343a3a-85a1-4b3d-bed0-d5c89a70db02@group-843A714FA3E3-StateMachineUpdater: snapshotIndex: updateIncreasingly -1 -> 0
2025-03-10 14:59:05,302 [ForkJoinPool.commonPool-worker-3] INFO  server.GrpcService (GrpcService.java:closeImpl(352)) - bb41d03f-9ea0-4e3b-80d9-0852d4352e0e: shutdown server GrpcServerProtocolService successfully
2025-03-10 14:59:05,302 [ForkJoinPool.commonPool-worker-3] INFO  server.GrpcService (GrpcService.java:closeImpl(343)) - bb41d03f-9ea0-4e3b-80d9-0852d4352e0e: shutdown server org.apache.ratis.grpc.server.GrpcAdminProtocolService now
2025-03-10 14:59:05,302 [24343a3a-85a1-4b3d-bed0-d5c89a70db02@group-843A714FA3E3-StateMachineUpdater] INFO  impl.StateMachineUpdater (StateMachineUpdater.java:stop(141)) - 24343a3a-85a1-4b3d-bed0-d5c89a70db02@group-843A714FA3E3-StateMachineUpdater: closing ContainerStateMachine, lastApplied=(t:1, i:0)
2025-03-10 14:59:05,303 [ForkJoinPool.commonPool-worker-3] INFO  server.GrpcService (GrpcService.java:closeImpl(352)) - bb41d03f-9ea0-4e3b-80d9-0852d4352e0e: shutdown server org.apache.ratis.grpc.server.GrpcAdminProtocolService successfully
2025-03-10 14:59:05,304 [24343a3a-85a1-4b3d-bed0-d5c89a70db02@group-843A714FA3E3-cacheEviction-AwaitToRun] INFO  util.AwaitToRun (AwaitToRun.java:run(49)) - 24343a3a-85a1-4b3d-bed0-d5c89a70db02@group-843A714FA3E3-cacheEviction-AwaitToRun-AwaitForSignal is interrupted
2025-03-10 14:59:05,308 [24343a3a-85a1-4b3d-bed0-d5c89a70db02-NettyServerStreamRpc-bossGroup--thread1] INFO  logging.LoggingHandler (AbstractInternalLogger.java:log(148)) - [id: 0xd7d1be62, L:/0.0.0.0:15035] CLOSE
2025-03-10 14:59:05,308 [24343a3a-85a1-4b3d-bed0-d5c89a70db02-NettyServerStreamRpc-bossGroup--thread1] INFO  logging.LoggingHandler (AbstractInternalLogger.java:log(148)) - [id: 0xd7d1be62, L:/0.0.0.0:15035] INACTIVE
2025-03-10 14:59:05,308 [24343a3a-85a1-4b3d-bed0-d5c89a70db02-NettyServerStreamRpc-bossGroup--thread1] INFO  logging.LoggingHandler (AbstractInternalLogger.java:log(148)) - [id: 0xd7d1be62, L:/0.0.0.0:15035] UNREGISTERED
2025-03-10 14:59:05,311 [bb41d03f-9ea0-4e3b-80d9-0852d4352e0e-NettyServerStreamRpc-bossGroup--thread1] INFO  logging.LoggingHandler (AbstractInternalLogger.java:log(148)) - [id: 0x372182bd, L:/0.0.0.0:15017] CLOSE
2025-03-10 14:59:05,311 [bb41d03f-9ea0-4e3b-80d9-0852d4352e0e-NettyServerStreamRpc-bossGroup--thread1] INFO  logging.LoggingHandler (AbstractInternalLogger.java:log(148)) - [id: 0x372182bd, L:/0.0.0.0:15017] INACTIVE
2025-03-10 14:59:05,311 [bb41d03f-9ea0-4e3b-80d9-0852d4352e0e-NettyServerStreamRpc-bossGroup--thread1] INFO  logging.LoggingHandler (AbstractInternalLogger.java:log(148)) - [id: 0x372182bd, L:/0.0.0.0:15017] UNREGISTERED
2025-03-10 14:59:05,316 [JvmPauseMonitor3] INFO  util.JvmPauseMonitor (JvmPauseMonitor.java:run(152)) - JvmPauseMonitor-bb41d03f-9ea0-4e3b-80d9-0852d4352e0e: Stopped
2025-03-10 14:59:05,617 [24343a3a-85a1-4b3d-bed0-d5c89a70db02-impl-thread1] INFO  segmented.SegmentedRaftLogWorker (SegmentedRaftLogWorker.java:close(252)) - 24343a3a-85a1-4b3d-bed0-d5c89a70db02@group-843A714FA3E3-SegmentedRaftLogWorker close()
2025-03-10 14:59:05,617 [24343a3a-85a1-4b3d-bed0-d5c89a70db02-impl-thread1] INFO  ratis.ContainerStateMachine (ContainerStateMachine.java:notifyServerShutdown(957)) - group-843A714FA3E3 is closed by HddsDatanodeService
2025-03-10 14:59:05,617 [JvmPauseMonitor5] INFO  util.JvmPauseMonitor (JvmPauseMonitor.java:run(152)) - JvmPauseMonitor-24343a3a-85a1-4b3d-bed0-d5c89a70db02: Stopped
2025-03-10 14:59:06,749 [main] INFO  utils.DatanodeStoreCache (DatanodeStoreCache.java:shutdownCache(115)) - Skip clearing cache in mini cluster mode. Entries left: [/home/runner/work/ozone/ozone/hadoop-ozone/integration-test/target/test-dir/MiniOzoneClusterImpl-c1e049f0-9043-4314-b8f3-2460433eb1a0/ozone-meta/datanode-1/data-0/hdds/c1e049f0-9043-4314-b8f3-2460433eb1a0/DS-240acf8a-8869-4cae-8e87-12830665b126/container.db, /home/runner/work/ozone/ozone/hadoop-ozone/integration-test/target/test-dir/MiniOzoneClusterImpl-c1e049f0-9043-4314-b8f3-2460433eb1a0/ozone-meta/datanode-2/data-0/hdds/c1e049f0-9043-4314-b8f3-2460433eb1a0/DS-4d118e0c-5750-4d19-bafd-b1a5a0b76f94/container.db, /home/runner/work/ozone/ozone/hadoop-ozone/integration-test/target/test-dir/MiniOzoneClusterImpl-c1e049f0-9043-4314-b8f3-2460433eb1a0/ozone-meta/datanode-3/data-0/hdds/c1e049f0-9043-4314-b8f3-2460433eb1a0/DS-62cfd752-1bd8-4ec3-bae4-7df2b6f7b54e/container.db]
2025-03-10 14:59:06,750 [main] INFO  utils.DatanodeStoreCache (DatanodeStoreCache.java:removeDB(109)) - Removed db /home/runner/work/ozone/ozone/hadoop-ozone/integration-test/target/test-dir/MiniOzoneClusterImpl-c1e049f0-9043-4314-b8f3-2460433eb1a0/ozone-meta/datanode-2/data-0/hdds/c1e049f0-9043-4314-b8f3-2460433eb1a0/DS-4d118e0c-5750-4d19-bafd-b1a5a0b76f94/container.db from cache
2025-03-10 14:59:06,750 [main] INFO  volume.HddsVolume (HddsVolume.java:closeDbStore(479)) - SchemaV3 db is stopped at /home/runner/work/ozone/ozone/hadoop-ozone/integration-test/target/test-dir/MiniOzoneClusterImpl-c1e049f0-9043-4314-b8f3-2460433eb1a0/ozone-meta/datanode-2/data-0/hdds/c1e049f0-9043-4314-b8f3-2460433eb1a0/DS-4d118e0c-5750-4d19-bafd-b1a5a0b76f94/container.db for volume DS-4d118e0c-5750-4d19-bafd-b1a5a0b76f94
2025-03-10 14:59:06,750 [main] INFO  utils.BackgroundService (BackgroundService.java:shutdown(162)) - Shutting down service BlockDeletingService
2025-03-10 14:59:06,751 [main] INFO  utils.BackgroundService (BackgroundService.java:shutdown(162)) - Shutting down service StaleRecoveringContainerScrubbingService
2025-03-10 14:59:06,752 [main] INFO  statemachine.DatanodeStateMachine (DatanodeStateMachine.java:stopDaemon(625)) - Ozone container server stopped.
2025-03-10 14:59:06,756 [EventQueue-StaleNodeForStaleNodeHandler] INFO  node.StaleNodeHandler (StaleNodeHandler.java:onMessage(51)) - Datanode cd975088-a4e1-4d6c-8217-e67620ac7c17(localhost/127.0.0.1) moved to stale state. Finalizing its pipelines [PipelineID=8b3bee9e-1a8b-47b4-ae79-5462ac01b887, PipelineID=4fcc3262-3529-4ec7-a7ea-e78373175672, PipelineID=4e23d53c-00b6-4837-ac65-b652b5250861]
2025-03-10 14:59:06,759 [EventQueue-StaleNodeForStaleNodeHandler] INFO  pipeline.PipelineManagerImpl (PipelineManagerImpl.java:closePipeline(518)) - Pipeline PipelineID=8b3bee9e-1a8b-47b4-ae79-5462ac01b887 moved to CLOSED state
2025-03-10 14:59:06,760 [EventQueue-StaleNodeForStaleNodeHandler] INFO  pipeline.PipelineManagerImpl (PipelineManagerImpl.java:closePipeline(518)) - Pipeline PipelineID=4fcc3262-3529-4ec7-a7ea-e78373175672 moved to CLOSED state
2025-03-10 14:59:06,762 [EventQueue-StaleNodeForStaleNodeHandler] INFO  pipeline.PipelineManagerImpl (PipelineManagerImpl.java:closePipeline(518)) - Pipeline PipelineID=4e23d53c-00b6-4837-ac65-b652b5250861 moved to CLOSED state
2025-03-10 14:59:06,766 [main] INFO  handler.ContextHandler (ContextHandler.java:doStop(1159)) - Stopped o.e.j.w.WebAppContext@2393ef6e{hddsDatanode,/,null,STOPPED}{jar:file:/home/runner/work/ozone/ozone/hadoop-hdds/container-service/target/hdds-container-service-2.0.0-SNAPSHOT.jar!/webapps/hddsDatanode}
2025-03-10 14:59:06,767 [main] INFO  server.AbstractConnector (AbstractConnector.java:doStop(383)) - Stopped ServerConnector@2775d0d4{HTTP/1.1, (http/1.1)}{0.0.0.0:15020}
2025-03-10 14:59:06,767 [main] INFO  server.session (HouseKeeper.java:stopScavenging(149)) - node0 Stopped scavenging
2025-03-10 14:59:06,767 [main] INFO  handler.ContextHandler (ContextHandler.java:doStop(1159)) - Stopped o.e.j.s.ServletContextHandler@4cd29de4{static,/static,jar:file:/home/runner/work/ozone/ozone/hadoop-hdds/container-service/target/hdds-container-service-2.0.0-SNAPSHOT.jar!/webapps/static,STOPPED}
2025-03-10 14:59:06,768 [main] INFO  handler.ContextHandler (ContextHandler.java:doStop(1159)) - Stopped o.e.j.s.ServletContextHandler@6f136d41{logs,/logs,file:///home/runner/work/ozone/ozone/hadoop-ozone/integration-test/target/log,STOPPED}
2025-03-10 14:59:06,768 [main] INFO  ozone.HddsDatanodeClientProtocolServer (HddsDatanodeClientProtocolServer.java:stop(82)) - Stopping the RPC server for Client Protocol
2025-03-10 14:59:06,768 [main] INFO  ipc.Server (Server.java:stop(3697)) - Stopping server on 15021
2025-03-10 14:59:06,770 [IPC Server listener on 15021] INFO  ipc.Server (Server.java:run(1585)) - Stopping IPC Server listener on 15021
2025-03-10 14:59:06,770 [IPC Server Responder] INFO  ipc.Server (Server.java:run(1718)) - Stopping IPC Server Responder
2025-03-10 14:59:07,318 [ForkJoinPool.commonPool-worker-3] INFO  utils.DatanodeStoreCache (DatanodeStoreCache.java:shutdownCache(115)) - Skip clearing cache in mini cluster mode. Entries left: [/home/runner/work/ozone/ozone/hadoop-ozone/integration-test/target/test-dir/MiniOzoneClusterImpl-c1e049f0-9043-4314-b8f3-2460433eb1a0/ozone-meta/datanode-1/data-0/hdds/c1e049f0-9043-4314-b8f3-2460433eb1a0/DS-240acf8a-8869-4cae-8e87-12830665b126/container.db, /home/runner/work/ozone/ozone/hadoop-ozone/integration-test/target/test-dir/MiniOzoneClusterImpl-c1e049f0-9043-4314-b8f3-2460433eb1a0/ozone-meta/datanode-3/data-0/hdds/c1e049f0-9043-4314-b8f3-2460433eb1a0/DS-62cfd752-1bd8-4ec3-bae4-7df2b6f7b54e/container.db]
2025-03-10 14:59:07,320 [ForkJoinPool.commonPool-worker-3] INFO  utils.DatanodeStoreCache (DatanodeStoreCache.java:removeDB(109)) - Removed db /home/runner/work/ozone/ozone/hadoop-ozone/integration-test/target/test-dir/MiniOzoneClusterImpl-c1e049f0-9043-4314-b8f3-2460433eb1a0/ozone-meta/datanode-1/data-0/hdds/c1e049f0-9043-4314-b8f3-2460433eb1a0/DS-240acf8a-8869-4cae-8e87-12830665b126/container.db from cache
2025-03-10 14:59:07,320 [ForkJoinPool.commonPool-worker-3] INFO  volume.HddsVolume (HddsVolume.java:closeDbStore(479)) - SchemaV3 db is stopped at /home/runner/work/ozone/ozone/hadoop-ozone/integration-test/target/test-dir/MiniOzoneClusterImpl-c1e049f0-9043-4314-b8f3-2460433eb1a0/ozone-meta/datanode-1/data-0/hdds/c1e049f0-9043-4314-b8f3-2460433eb1a0/DS-240acf8a-8869-4cae-8e87-12830665b126/container.db for volume DS-240acf8a-8869-4cae-8e87-12830665b126
2025-03-10 14:59:07,320 [ForkJoinPool.commonPool-worker-3] INFO  utils.BackgroundService (BackgroundService.java:shutdown(162)) - Shutting down service BlockDeletingService
2025-03-10 14:59:07,320 [ForkJoinPool.commonPool-worker-3] INFO  utils.BackgroundService (BackgroundService.java:shutdown(162)) - Shutting down service StaleRecoveringContainerScrubbingService
2025-03-10 14:59:07,321 [ForkJoinPool.commonPool-worker-3] INFO  statemachine.DatanodeStateMachine (DatanodeStateMachine.java:stopDaemon(625)) - Ozone container server stopped.
2025-03-10 14:59:07,333 [ForkJoinPool.commonPool-worker-3] INFO  handler.ContextHandler (ContextHandler.java:doStop(1159)) - Stopped o.e.j.w.WebAppContext@2f499565{hddsDatanode,/,null,STOPPED}{jar:file:/home/runner/work/ozone/ozone/hadoop-hdds/container-service/target/hdds-container-service-2.0.0-SNAPSHOT.jar!/webapps/hddsDatanode}
2025-03-10 14:59:07,334 [ForkJoinPool.commonPool-worker-3] INFO  server.AbstractConnector (AbstractConnector.java:doStop(383)) - Stopped ServerConnector@1e35c3ff{HTTP/1.1, (http/1.1)}{0.0.0.0:15011}
2025-03-10 14:59:07,334 [ForkJoinPool.commonPool-worker-3] INFO  server.session (HouseKeeper.java:stopScavenging(149)) - node0 Stopped scavenging
2025-03-10 14:59:07,334 [ForkJoinPool.commonPool-worker-3] INFO  handler.ContextHandler (ContextHandler.java:doStop(1159)) - Stopped o.e.j.s.ServletContextHandler@51077e04{static,/static,jar:file:/home/runner/work/ozone/ozone/hadoop-hdds/container-service/target/hdds-container-service-2.0.0-SNAPSHOT.jar!/webapps/static,STOPPED}
2025-03-10 14:59:07,334 [ForkJoinPool.commonPool-worker-3] INFO  handler.ContextHandler (ContextHandler.java:doStop(1159)) - Stopped o.e.j.s.ServletContextHandler@4054e55b{logs,/logs,file:///home/runner/work/ozone/ozone/hadoop-ozone/integration-test/target/log,STOPPED}
2025-03-10 14:59:07,335 [ForkJoinPool.commonPool-worker-3] INFO  ozone.HddsDatanodeClientProtocolServer (HddsDatanodeClientProtocolServer.java:stop(82)) - Stopping the RPC server for Client Protocol
2025-03-10 14:59:07,335 [ForkJoinPool.commonPool-worker-3] INFO  ipc.Server (Server.java:stop(3697)) - Stopping server on 15012
2025-03-10 14:59:07,336 [IPC Server listener on 15012] INFO  ipc.Server (Server.java:run(1585)) - Stopping IPC Server listener on 15012
2025-03-10 14:59:07,336 [IPC Server Responder] INFO  ipc.Server (Server.java:run(1718)) - Stopping IPC Server Responder
2025-03-10 14:59:07,357 [EventQueue-StaleNodeForStaleNodeHandler] INFO  node.StaleNodeHandler (StaleNodeHandler.java:onMessage(51)) - Datanode bb41d03f-9ea0-4e3b-80d9-0852d4352e0e(localhost/127.0.0.1) moved to stale state. Finalizing its pipelines [PipelineID=294e5d89-b977-46ff-a16e-383d71f6ab9c, PipelineID=8b3bee9e-1a8b-47b4-ae79-5462ac01b887, PipelineID=4e23d53c-00b6-4837-ac65-b652b5250861]
2025-03-10 14:59:07,359 [EventQueue-StaleNodeForStaleNodeHandler] INFO  pipeline.PipelineManagerImpl (PipelineManagerImpl.java:closePipeline(518)) - Pipeline PipelineID=294e5d89-b977-46ff-a16e-383d71f6ab9c moved to CLOSED state
2025-03-10 14:59:07,359 [EventQueue-StaleNodeForStaleNodeHandler] INFO  node.StaleNodeHandler (StaleNodeHandler.java:onMessage(51)) - Datanode 24343a3a-85a1-4b3d-bed0-d5c89a70db02(localhost/127.0.0.1) moved to stale state. Finalizing its pipelines [PipelineID=8b3bee9e-1a8b-47b4-ae79-5462ac01b887, PipelineID=6244250d-c605-4b83-adc1-843a714fa3e3, PipelineID=4e23d53c-00b6-4837-ac65-b652b5250861]
2025-03-10 14:59:07,361 [EventQueue-StaleNodeForStaleNodeHandler] INFO  pipeline.PipelineManagerImpl (PipelineManagerImpl.java:closePipeline(518)) - Pipeline PipelineID=6244250d-c605-4b83-adc1-843a714fa3e3 moved to CLOSED state
2025-03-10 14:59:07,620 [ForkJoinPool.commonPool-worker-1] INFO  utils.DatanodeStoreCache (DatanodeStoreCache.java:shutdownCache(115)) - Skip clearing cache in mini cluster mode. Entries left: [/home/runner/work/ozone/ozone/hadoop-ozone/integration-test/target/test-dir/MiniOzoneClusterImpl-c1e049f0-9043-4314-b8f3-2460433eb1a0/ozone-meta/datanode-3/data-0/hdds/c1e049f0-9043-4314-b8f3-2460433eb1a0/DS-62cfd752-1bd8-4ec3-bae4-7df2b6f7b54e/container.db]
2025-03-10 14:59:07,621 [ForkJoinPool.commonPool-worker-1] INFO  utils.DatanodeStoreCache (DatanodeStoreCache.java:removeDB(109)) - Removed db /home/runner/work/ozone/ozone/hadoop-ozone/integration-test/target/test-dir/MiniOzoneClusterImpl-c1e049f0-9043-4314-b8f3-2460433eb1a0/ozone-meta/datanode-3/data-0/hdds/c1e049f0-9043-4314-b8f3-2460433eb1a0/DS-62cfd752-1bd8-4ec3-bae4-7df2b6f7b54e/container.db from cache
2025-03-10 14:59:07,621 [ForkJoinPool.commonPool-worker-1] INFO  volume.HddsVolume (HddsVolume.java:closeDbStore(479)) - SchemaV3 db is stopped at /home/runner/work/ozone/ozone/hadoop-ozone/integration-test/target/test-dir/MiniOzoneClusterImpl-c1e049f0-9043-4314-b8f3-2460433eb1a0/ozone-meta/datanode-3/data-0/hdds/c1e049f0-9043-4314-b8f3-2460433eb1a0/DS-62cfd752-1bd8-4ec3-bae4-7df2b6f7b54e/container.db for volume DS-62cfd752-1bd8-4ec3-bae4-7df2b6f7b54e
2025-03-10 14:59:07,621 [ForkJoinPool.commonPool-worker-1] INFO  utils.BackgroundService (BackgroundService.java:shutdown(162)) - Shutting down service BlockDeletingService
2025-03-10 14:59:07,622 [ForkJoinPool.commonPool-worker-1] INFO  utils.BackgroundService (BackgroundService.java:shutdown(162)) - Shutting down service StaleRecoveringContainerScrubbingService
2025-03-10 14:59:07,623 [ForkJoinPool.commonPool-worker-1] INFO  statemachine.DatanodeStateMachine (DatanodeStateMachine.java:stopDaemon(625)) - Ozone container server stopped.
2025-03-10 14:59:07,634 [ForkJoinPool.commonPool-worker-1] INFO  handler.ContextHandler (ContextHandler.java:doStop(1159)) - Stopped o.e.j.w.WebAppContext@247d6992{hddsDatanode,/,null,STOPPED}{jar:file:/home/runner/work/ozone/ozone/hadoop-hdds/container-service/target/hdds-container-service-2.0.0-SNAPSHOT.jar!/webapps/hddsDatanode}
2025-03-10 14:59:07,635 [ForkJoinPool.commonPool-worker-1] INFO  server.AbstractConnector (AbstractConnector.java:doStop(383)) - Stopped ServerConnector@31725710{HTTP/1.1, (http/1.1)}{0.0.0.0:15029}
2025-03-10 14:59:07,635 [ForkJoinPool.commonPool-worker-1] INFO  server.session (HouseKeeper.java:stopScavenging(149)) - node0 Stopped scavenging
2025-03-10 14:59:07,635 [ForkJoinPool.commonPool-worker-1] INFO  handler.ContextHandler (ContextHandler.java:doStop(1159)) - Stopped o.e.j.s.ServletContextHandler@5c35a03b{static,/static,jar:file:/home/runner/work/ozone/ozone/hadoop-hdds/container-service/target/hdds-container-service-2.0.0-SNAPSHOT.jar!/webapps/static,STOPPED}
2025-03-10 14:59:07,635 [ForkJoinPool.commonPool-worker-1] INFO  handler.ContextHandler (ContextHandler.java:doStop(1159)) - Stopped o.e.j.s.ServletContextHandler@7a447c5d{logs,/logs,file:///home/runner/work/ozone/ozone/hadoop-ozone/integration-test/target/log,STOPPED}
2025-03-10 14:59:07,636 [ForkJoinPool.commonPool-worker-1] INFO  ozone.HddsDatanodeClientProtocolServer (HddsDatanodeClientProtocolServer.java:stop(82)) - Stopping the RPC server for Client Protocol
2025-03-10 14:59:07,636 [ForkJoinPool.commonPool-worker-1] INFO  ipc.Server (Server.java:stop(3697)) - Stopping server on 15030
2025-03-10 14:59:07,637 [IPC Server listener on 15030] INFO  ipc.Server (Server.java:run(1585)) - Stopping IPC Server listener on 15030
2025-03-10 14:59:07,637 [IPC Server Responder] INFO  ipc.Server (Server.java:run(1718)) - Stopping IPC Server Responder
2025-03-10 14:59:07,638 [main] INFO  ozone.MiniOzoneClusterImpl (MiniOzoneClusterImpl.java:stopSCM(572)) - Stopping the StorageContainerManager
2025-03-10 14:59:07,638 [main] INFO  server.StorageContainerManager (StorageContainerManager.java:stop(1602)) - Container Balancer is not running.
2025-03-10 14:59:07,638 [main] INFO  server.StorageContainerManager (StorageContainerManager.java:stopReplicationManager(1736)) - Stopping Replication Manager Service.
2025-03-10 14:59:07,638 [main] INFO  replication.ReplicationManager (ReplicationManager.java:stop(311)) - Stopping Replication Monitor Thread.
2025-03-10 14:59:07,638 [main] INFO  server.StorageContainerManager (StorageContainerManager.java:stop(1611)) - Stopping the Datanode Admin Monitor.
2025-03-10 14:59:07,638 [main] INFO  server.StorageContainerManager (StorageContainerManager.java:stop(1618)) - Stopping datanode service RPC server
2025-03-10 14:59:07,638 [ReplicationMonitor] INFO  replication.ReplicationManager (ReplicationManager.java:run(911)) - Replication Monitor Thread is stopped
2025-03-10 14:59:07,638 [OverReplicatedProcessor] WARN  replication.UnhealthyReplicationProcessor (UnhealthyReplicationProcessor.java:run(178)) - OverReplicatedProcessor interrupted. Exiting...
2025-03-10 14:59:07,638 [UnderReplicatedProcessor] WARN  replication.UnhealthyReplicationProcessor (UnhealthyReplicationProcessor.java:run(178)) - UnderReplicatedProcessor interrupted. Exiting...
2025-03-10 14:59:07,639 [main] INFO  server.SCMDatanodeProtocolServer (SCMDatanodeProtocolServer.java:stop(448)) - Stopping the RPC server for DataNodes
2025-03-10 14:59:07,639 [main] INFO  ipc.Server (Server.java:stop(3697)) - Stopping server on 15002
2025-03-10 14:59:07,642 [IPC Server listener on 15002] INFO  ipc.Server (Server.java:run(1585)) - Stopping IPC Server listener on 15002
2025-03-10 14:59:07,642 [IPC Server Responder] INFO  ipc.Server (Server.java:run(1718)) - Stopping IPC Server Responder
2025-03-10 14:59:07,657 [SCMHeartbeatProcessor-0] WARN  node.NodeStateManager (NodeStateManager.java:scheduleNextHealthCheck(930)) - Current Thread is interrupted, shutting down HB processing thread for Node Manager.
2025-03-10 14:59:07,657 [main] INFO  server.StorageContainerManager (StorageContainerManager.java:stop(1626)) - Stopping block service RPC server
2025-03-10 14:59:07,658 [main] INFO  server.SCMBlockProtocolServer (SCMBlockProtocolServer.java:stop(174)) - Stopping the RPC server for Block Protocol
2025-03-10 14:59:07,658 [main] INFO  ipc.Server (Server.java:stop(3697)) - Stopping server on 15001
2025-03-10 14:59:07,663 [IPC Server listener on 15001] INFO  ipc.Server (Server.java:run(1585)) - Stopping IPC Server listener on 15001
2025-03-10 14:59:07,664 [IPC Server Responder] INFO  ipc.Server (Server.java:run(1718)) - Stopping IPC Server Responder
2025-03-10 14:59:07,664 [main] INFO  server.StorageContainerManager (StorageContainerManager.java:stop(1633)) - Stopping the StorageContainerLocationProtocol RPC server
2025-03-10 14:59:07,664 [main] INFO  server.SCMClientProtocolServer (SCMClientProtocolServer.java:stop(215)) - Stopping the RPC server for Client Protocol
2025-03-10 14:59:07,664 [main] INFO  ipc.Server (Server.java:stop(3697)) - Stopping server on 15000
2025-03-10 14:59:07,668 [IPC Server listener on 15000] INFO  ipc.Server (Server.java:run(1585)) - Stopping IPC Server listener on 15000
2025-03-10 14:59:07,668 [main] INFO  server.StorageContainerManager (StorageContainerManager.java:stop(1640)) - Stopping Storage Container Manager HTTP server.
2025-03-10 14:59:07,668 [IPC Server Responder] INFO  ipc.Server (Server.java:run(1718)) - Stopping IPC Server Responder
2025-03-10 14:59:07,669 [main] INFO  handler.ContextHandler (ContextHandler.java:doStop(1159)) - Stopped o.e.j.w.WebAppContext@ef59aee{scm,/,null,STOPPED}{file:/home/runner/work/ozone/ozone/hadoop-ozone/integration-test/target/test-classes/webapps/scm}
2025-03-10 14:59:07,670 [main] INFO  server.AbstractConnector (AbstractConnector.java:doStop(383)) - Stopped ServerConnector@4560eb15{HTTP/1.1, (http/1.1)}{0.0.0.0:15003}
2025-03-10 14:59:07,671 [main] INFO  server.session (HouseKeeper.java:stopScavenging(149)) - node0 Stopped scavenging
2025-03-10 14:59:07,671 [main] INFO  handler.ContextHandler (ContextHandler.java:doStop(1159)) - Stopped o.e.j.s.ServletContextHandler@1372696b{static,/static,file:///home/runner/work/ozone/ozone/hadoop-ozone/integration-test/target/test-classes/webapps/static,STOPPED}
2025-03-10 14:59:07,671 [main] INFO  handler.ContextHandler (ContextHandler.java:doStop(1159)) - Stopped o.e.j.s.ServletContextHandler@702432cc{logs,/logs,file:///home/runner/work/ozone/ozone/hadoop-ozone/integration-test/target/log,STOPPED}
2025-03-10 14:59:07,672 [main] INFO  server.StorageContainerManager (StorageContainerManager.java:stop(1648)) - Stopping SCM LayoutVersionManager Service.
2025-03-10 14:59:07,673 [main] INFO  server.StorageContainerManager (StorageContainerManager.java:stop(1660)) - Stopping Block Manager Service.
2025-03-10 14:59:07,673 [main] INFO  utils.BackgroundService (BackgroundService.java:shutdown(162)) - Shutting down service SCMBlockDeletingService
2025-03-10 14:59:07,673 [main] INFO  utils.BackgroundService (BackgroundService.java:shutdown(162)) - Shutting down service SCMBlockDeletingService
2025-03-10 14:59:07,673 [main] INFO  server.StorageContainerManager (StorageContainerManager.java:stop(1685)) - Stopping SCM Event Queue.
2025-03-10 14:59:07,676 [main] INFO  server.StorageContainerManager (StorageContainerManager.java:stop(1692)) - Stopping SCM HA services.
2025-03-10 14:59:07,676 [main] INFO  ha.SCMRatisServerImpl (SCMRatisServerImpl.java:stop(266)) - stopping ratis server 0.0.0.0:15004
2025-03-10 14:59:07,676 [main] INFO  server.RaftServer (RaftServerProxy.java:lambda$close$9(417)) - 768f1ebc-c18b-41d5-9534-8f528a8c3722: close
2025-03-10 14:59:07,676 [main] INFO  server.GrpcService (GrpcService.java:closeImpl(343)) - 768f1ebc-c18b-41d5-9534-8f528a8c3722: shutdown server GrpcServerProtocolService now
2025-03-10 14:59:07,677 [768f1ebc-c18b-41d5-9534-8f528a8c3722-impl-thread1] INFO  server.RaftServer$Division (RaftServerImpl.java:lambda$close$1(513)) - 768f1ebc-c18b-41d5-9534-8f528a8c3722@group-2460433EB1A0: shutdown
2025-03-10 14:59:07,677 [768f1ebc-c18b-41d5-9534-8f528a8c3722-impl-thread1] INFO  util.JmxRegister (JmxRegister.java:unregister(74)) - Successfully un-registered JMX Bean with object name Ratis:service=RaftServer,group=group-2460433EB1A0,id=768f1ebc-c18b-41d5-9534-8f528a8c3722
2025-03-10 14:59:07,677 [768f1ebc-c18b-41d5-9534-8f528a8c3722-impl-thread1] INFO  impl.RoleInfo (RoleInfo.java:shutdownLeaderState(103)) - 768f1ebc-c18b-41d5-9534-8f528a8c3722: shutdown 768f1ebc-c18b-41d5-9534-8f528a8c3722@group-2460433EB1A0-LeaderStateImpl
2025-03-10 14:59:07,677 [768f1ebc-c18b-41d5-9534-8f528a8c3722-impl-thread1] INFO  impl.PendingRequests (PendingRequests.java:sendNotLeaderResponses(287)) - 768f1ebc-c18b-41d5-9534-8f528a8c3722@group-2460433EB1A0-PendingRequests: sendNotLeaderResponses
2025-03-10 14:59:07,677 [768f1ebc-c18b-41d5-9534-8f528a8c3722-impl-thread1] INFO  ha.SCMStateMachine (SCMStateMachine.java:notifyNotLeader(214)) - current leader SCM steps down.
2025-03-10 14:59:07,677 [768f1ebc-c18b-41d5-9534-8f528a8c3722-impl-thread1] INFO  ha.SCMContext (SCMContext.java:updateLeaderAndTerm(95)) - update <isLeader,term> from <true,2> to <false,0>
2025-03-10 14:59:07,677 [768f1ebc-c18b-41d5-9534-8f528a8c3722-impl-thread1] INFO  ha.SCMContext (SCMContext.java:updateLeaderAndTerm(101)) - update <isLeaderReady> from <true> to <false>
2025-03-10 14:59:07,677 [768f1ebc-c18b-41d5-9534-8f528a8c3722-impl-thread1] INFO  BackgroundPipelineScrubber (BackgroundSCMService.java:notifyStatusChanged(84)) - Service BackgroundPipelineScrubber transitions to PAUSING.
2025-03-10 14:59:07,677 [768f1ebc-c18b-41d5-9534-8f528a8c3722-impl-thread1] INFO  ExpiredContainerReplicaOpScrubber (BackgroundSCMService.java:notifyStatusChanged(84)) - Service ExpiredContainerReplicaOpScrubber transitions to PAUSING.
2025-03-10 14:59:07,677 [768f1ebc-c18b-41d5-9534-8f528a8c3722-impl-thread1] INFO  SCMHATransactionMonitor (BackgroundSCMService.java:notifyStatusChanged(84)) - Service SCMHATransactionMonitor transitions to PAUSING.
2025-03-10 14:59:07,678 [768f1ebc-c18b-41d5-9534-8f528a8c3722-impl-thread1] INFO  impl.StateMachineUpdater (StateMachineUpdater.java:stopAndJoin(164)) - 768f1ebc-c18b-41d5-9534-8f528a8c3722@group-2460433EB1A0-StateMachineUpdater: set stopIndex = 66
2025-03-10 14:59:07,678 [main] INFO  server.GrpcService (GrpcService.java:closeImpl(352)) - 768f1ebc-c18b-41d5-9534-8f528a8c3722: shutdown server GrpcServerProtocolService successfully
2025-03-10 14:59:07,679 [768f1ebc-c18b-41d5-9534-8f528a8c3722@group-2460433EB1A0-StateMachineUpdater] INFO  ha.SCMStateMachine (SCMStateMachine.java:takeSnapshot(333)) - Current Snapshot Index 66, takeSnapshot took 0 ms
2025-03-10 14:59:07,680 [768f1ebc-c18b-41d5-9534-8f528a8c3722@group-2460433EB1A0-StateMachineUpdater] INFO  impl.StateMachineUpdater (StateMachineUpdater.java:takeSnapshot(303)) - 768f1ebc-c18b-41d5-9534-8f528a8c3722@group-2460433EB1A0-StateMachineUpdater: Took a snapshot at index 66
2025-03-10 14:59:07,680 [768f1ebc-c18b-41d5-9534-8f528a8c3722@group-2460433EB1A0-StateMachineUpdater] INFO  impl.StateMachineUpdater (StateMachineUpdater.java:lambda$new$0(102)) - 768f1ebc-c18b-41d5-9534-8f528a8c3722@group-2460433EB1A0-StateMachineUpdater: snapshotIndex: updateIncreasingly -1 -> 66
2025-03-10 14:59:07,680 [768f1ebc-c18b-41d5-9534-8f528a8c3722@group-2460433EB1A0-StateMachineUpdater] INFO  impl.StateMachineUpdater (StateMachineUpdater.java:stop(141)) - 768f1ebc-c18b-41d5-9534-8f528a8c3722@group-2460433EB1A0-StateMachineUpdater: closing SCMStateMachine, lastApplied=(t:2, i:66)
2025-03-10 14:59:07,680 [768f1ebc-c18b-41d5-9534-8f528a8c3722@group-2460433EB1A0-cacheEviction-AwaitToRun] INFO  util.AwaitToRun (AwaitToRun.java:run(49)) - 768f1ebc-c18b-41d5-9534-8f528a8c3722@group-2460433EB1A0-cacheEviction-AwaitToRun-AwaitForSignal is interrupted
2025-03-10 14:59:08,362 [768f1ebc-c18b-41d5-9534-8f528a8c3722-impl-thread1] INFO  segmented.SegmentedRaftLogWorker (SegmentedRaftLogWorker.java:close(252)) - 768f1ebc-c18b-41d5-9534-8f528a8c3722@group-2460433EB1A0-SegmentedRaftLogWorker close()
2025-03-10 14:59:08,362 [JvmPauseMonitor1] INFO  util.JvmPauseMonitor (JvmPauseMonitor.java:run(152)) - JvmPauseMonitor-768f1ebc-c18b-41d5-9534-8f528a8c3722: Stopped
2025-03-10 14:59:08,363 [main] INFO  SCMHATransactionMonitor (BackgroundSCMService.java:stop(127)) - Stopping SCMHATransactionMonitor Service.
2025-03-10 14:59:08,363 [SCMHATransactionMonitor] WARN  SCMHATransactionMonitor (BackgroundSCMService.java:run(111)) - SCMHATransactionMonitor is interrupted, exit
2025-03-10 14:59:08,363 [main] INFO  pipeline.BackgroundPipelineCreator (BackgroundPipelineCreator.java:stop(155)) - Stopping RatisPipelineUtilsThread.
2025-03-10 14:59:08,363 [RatisPipelineUtilsThread-0] WARN  pipeline.BackgroundPipelineCreator (BackgroundPipelineCreator.java:run(186)) - RatisPipelineUtilsThread is interrupted.
2025-03-10 14:59:08,364 [main] INFO  BackgroundPipelineScrubber (BackgroundSCMService.java:stop(127)) - Stopping BackgroundPipelineScrubber Service.
2025-03-10 14:59:08,364 [BackgroundPipelineScrubber] WARN  BackgroundPipelineScrubber (BackgroundSCMService.java:run(111)) - BackgroundPipelineScrubber is interrupted, exit
2025-03-10 14:59:08,364 [main] INFO  impl.MetricsSystemImpl (MetricsSystemImpl.java:stop(210)) - Stopping HddsDatanode metrics system...
2025-03-10 14:59:08,365 [prometheus] INFO  impl.MetricsSinkAdapter (MetricsSinkAdapter.java:publishMetricsFromQueue(141)) - prometheus thread interrupted.
2025-03-10 14:59:08,365 [main] INFO  impl.MetricsSystemImpl (MetricsSystemImpl.java:stop(216)) - HddsDatanode metrics system stopped.
2025-03-10 14:59:08,366 [main] WARN  pipeline.BackgroundPipelineCreator (BackgroundPipelineCreator.java:stop(151)) - RatisPipelineUtilsThread is not running, just ignore.
2025-03-10 14:59:08,366 [main] INFO  BackgroundPipelineScrubber (BackgroundSCMService.java:stop(122)) - BackgroundPipelineScrubber Service is not running, skip stop.
2025-03-10 14:59:08,366 [main] INFO  ExpiredContainerReplicaOpScrubber (BackgroundSCMService.java:stop(127)) - Stopping ExpiredContainerReplicaOpScrubber Service.
2025-03-10 14:59:08,366 [main] INFO  utils.BackgroundService (BackgroundService.java:shutdown(162)) - Shutting down service SCMBlockDeletingService
2025-03-10 14:59:08,366 [ExpiredContainerReplicaOpScrubber] WARN  ExpiredContainerReplicaOpScrubber (BackgroundSCMService.java:run(111)) - ExpiredContainerReplicaOpScrubber is interrupted, exit
2025-03-10 14:59:08,366 [main] INFO  replication.ReplicationManager (ReplicationManager.java:stop(318)) - Replication Monitor Thread is not running.
2025-03-10 14:59:08,366 [main] WARN  balancer.ContainerBalancer (ContainerBalancer.java:stop(349)) - Cannot stop Container Balancer because it's not running or stopping
2025-03-10 14:59:08,366 [main] INFO  SCMHATransactionMonitor (BackgroundSCMService.java:stop(122)) - SCMHATransactionMonitor Service is not running, skip stop.
2025-03-10 14:59:08,367 [LeaseManager#LeaseMonitor] WARN  lease.LeaseManager (LeaseManager.java:run(285)) - Lease manager is interrupted. Shutting down...
java.lang.InterruptedException
	at java.base/java.util.concurrent.locks.AbstractQueuedSynchronizer.tryAcquireSharedNanos(AbstractQueuedSynchronizer.java:1133)
	at java.base/java.util.concurrent.Semaphore.tryAcquire(Semaphore.java:415)
	at org.apache.hadoop.ozone.lease.LeaseManager$LeaseMonitor.run(LeaseManager.java:283)
	at java.base/java.lang.Thread.run(Thread.java:1583)
2025-03-10 14:59:08,367 [main] INFO  server.StorageContainerManager (StorageContainerManager.java:stop(1727)) - Stopping SCM MetadataStore.
Deleting path /home/runner/work/ozone/ozone/hadoop-ozone/integration-test/target/test-dir/MiniOzoneClusterImpl-c1e049f0-9043-4314-b8f3-2460433eb1a0
]]></system-out>
  </testcase>
  <testcase name="testDeletingOrDeletedContainerTransitionsToClosedWhenNonEmptyReplicaIsReported(LifeCycleState)[2]" classname="org.apache.hadoop.ozone.container.TestContainerReportHandling" time="33.836">
    <error message="org.apache.ratis.protocol.exceptions.NotLeaderException: Server a4f85781-650a-46e8-940e-a45bfdaa2a01@group-BBAD22E09632 is not the leader" type="org.apache.hadoop.hdds.scm.exceptions.SCMException"><![CDATA[org.apache.hadoop.hdds.scm.exceptions.SCMException: org.apache.ratis.protocol.exceptions.NotLeaderException: Server a4f85781-650a-46e8-940e-a45bfdaa2a01@group-BBAD22E09632 is not the leader
	at org.apache.hadoop.hdds.scm.ha.SCMHAInvocationHandler.translateException(SCMHAInvocationHandler.java:164)
	at org.apache.hadoop.hdds.scm.ha.SCMHAInvocationHandler.invokeRatis(SCMHAInvocationHandler.java:114)
	at org.apache.hadoop.hdds.scm.ha.SCMHAInvocationHandler.invoke(SCMHAInvocationHandler.java:73)
	at jdk.proxy2/jdk.proxy2.$Proxy42.updateContainerState(Unknown Source)
	at org.apache.hadoop.hdds.scm.container.ContainerManagerImpl.updateContainerState(ContainerManagerImpl.java:283)
	at org.apache.hadoop.ozone.container.TestContainerReportHandling.testDeletingOrDeletedContainerTransitionsToClosedWhenNonEmptyReplicaIsReported(TestContainerReportHandling.java:100)
	at java.base/java.lang.reflect.Method.invoke(Method.java:580)
	at java.base/java.util.Optional.ifPresent(Optional.java:178)
	at java.base/java.util.stream.ForEachOps$ForEachOp$OfRef.accept(ForEachOps.java:184)
	at java.base/java.util.stream.ReferencePipeline$3$1.accept(ReferencePipeline.java:197)
	at java.base/java.util.stream.ForEachOps$ForEachOp$OfRef.accept(ForEachOps.java:184)
	at java.base/java.util.stream.ForEachOps$ForEachOp$OfRef.accept(ForEachOps.java:184)
	at java.base/java.util.stream.ReferencePipeline$3$1.accept(ReferencePipeline.java:197)
	at java.base/java.util.Iterator.forEachRemaining(Iterator.java:133)
	at java.base/java.util.Spliterators$IteratorSpliterator.forEachRemaining(Spliterators.java:1939)
	at java.base/java.util.stream.AbstractPipeline.copyInto(AbstractPipeline.java:509)
	at java.base/java.util.stream.AbstractPipeline.wrapAndCopyInto(AbstractPipeline.java:499)
	at java.base/java.util.stream.ForEachOps$ForEachOp.evaluateSequential(ForEachOps.java:151)
	at java.base/java.util.stream.ForEachOps$ForEachOp$OfRef.evaluateSequential(ForEachOps.java:174)
	at java.base/java.util.stream.AbstractPipeline.evaluate(AbstractPipeline.java:234)
	at java.base/java.util.stream.ReferencePipeline.forEach(ReferencePipeline.java:596)
	at java.base/java.util.stream.ReferencePipeline$7$1.accept(ReferencePipeline.java:276)
	at java.base/java.util.ArrayList$ArrayListSpliterator.forEachRemaining(ArrayList.java:1708)
	at java.base/java.util.stream.AbstractPipeline.copyInto(AbstractPipeline.java:509)
	at java.base/java.util.stream.AbstractPipeline.wrapAndCopyInto(AbstractPipeline.java:499)
	at java.base/java.util.stream.ForEachOps$ForEachOp.evaluateSequential(ForEachOps.java:151)
	at java.base/java.util.stream.ForEachOps$ForEachOp$OfRef.evaluateSequential(ForEachOps.java:174)
	at java.base/java.util.stream.AbstractPipeline.evaluate(AbstractPipeline.java:234)
	at java.base/java.util.stream.ReferencePipeline.forEach(ReferencePipeline.java:596)
	at java.base/java.util.stream.ReferencePipeline$7$1.accept(ReferencePipeline.java:276)
	at java.base/java.util.stream.ReferencePipeline$3$1.accept(ReferencePipeline.java:197)
	at java.base/java.util.stream.ReferencePipeline$3$1.accept(ReferencePipeline.java:197)
	at java.base/java.util.stream.ReferencePipeline$3$1.accept(ReferencePipeline.java:197)
	at java.base/java.util.ArrayList$ArrayListSpliterator.forEachRemaining(ArrayList.java:1708)
	at java.base/java.util.stream.AbstractPipeline.copyInto(AbstractPipeline.java:509)
	at java.base/java.util.stream.AbstractPipeline.wrapAndCopyInto(AbstractPipeline.java:499)
	at java.base/java.util.stream.ForEachOps$ForEachOp.evaluateSequential(ForEachOps.java:151)
	at java.base/java.util.stream.ForEachOps$ForEachOp$OfRef.evaluateSequential(ForEachOps.java:174)
	at java.base/java.util.stream.AbstractPipeline.evaluate(AbstractPipeline.java:234)
	at java.base/java.util.stream.ReferencePipeline.forEach(ReferencePipeline.java:596)
	at java.base/java.util.ArrayList.forEach(ArrayList.java:1596)
	at java.base/java.util.ArrayList.forEach(ArrayList.java:1596)
Caused by: org.apache.ratis.protocol.exceptions.NotLeaderException: Server a4f85781-650a-46e8-940e-a45bfdaa2a01@group-BBAD22E09632 is not the leader
	at org.apache.ratis.server.impl.RaftServerImpl.generateNotLeaderException(RaftServerImpl.java:780)
	at org.apache.ratis.server.impl.LeaderStateImpl.stop(LeaderStateImpl.java:437)
	at org.apache.ratis.server.impl.RoleInfo.shutdownLeaderState(RoleInfo.java:104)
	at org.apache.ratis.server.impl.RaftServerImpl.lambda$close$1(RaftServerImpl.java:530)
	at org.apache.ratis.util.LifeCycle.lambda$checkStateAndClose$7(LifeCycle.java:306)
	at org.apache.ratis.util.LifeCycle.checkStateAndClose(LifeCycle.java:326)
	at org.apache.ratis.util.LifeCycle.checkStateAndClose(LifeCycle.java:304)
	at org.apache.ratis.server.impl.RaftServerImpl.close(RaftServerImpl.java:512)
	at org.apache.ratis.server.impl.StateMachineUpdater.run(StateMachineUpdater.java:207)
	at java.base/java.lang.Thread.run(Thread.java:1583)
]]></error>
    <system-out><![CDATA[2025-03-10 14:59:08,456 [main] WARN  server.ServerUtils (ServerUtils.java:getScmDbDir(141)) - ozone.scm.db.dirs is not configured. We recommend adding this setting. Falling back to ozone.metadata.dirs instead.
2025-03-10 14:59:08,460 [main] INFO  ha.SCMHANodeDetails (SCMHANodeDetails.java:loadSCMHAConfig(162)) - ServiceID for StorageContainerManager is null
2025-03-10 14:59:08,460 [main] INFO  ha.SCMHANodeDetails (SCMHANodeDetails.java:loadSCMHAConfig(166)) - ozone.scm.default.service.id is not defined, falling back to ozone.scm.service.ids to find serviceID for StorageContainerManager if it is HA enabled cluster
2025-03-10 14:59:08,461 [main] INFO  server.RaftServerConfigKeys (ConfUtils.java:logGet(46)) - raft.server.log.appender.buffer.byte-limit = 4194304 (custom)
2025-03-10 14:59:08,462 [main] INFO  server.RaftServer (ConfUtils.java:logGet(46)) - raft.rpc.type = GRPC (default)
2025-03-10 14:59:08,462 [main] INFO  grpc.GrpcConfigKeys (ConfUtils.java:logFallback(53)) - raft.grpc.admin.host = null (fallback to raft.grpc.server.host)
2025-03-10 14:59:08,462 [main] INFO  grpc.GrpcConfigKeys (ConfUtils.java:logFallback(53)) - raft.grpc.admin.port = 15041 (fallback to raft.grpc.server.port)
2025-03-10 14:59:08,462 [main] INFO  grpc.GrpcConfigKeys (ConfUtils.java:logFallback(53)) - raft.grpc.client.host = null (fallback to raft.grpc.server.host)
2025-03-10 14:59:08,462 [main] INFO  grpc.GrpcConfigKeys (ConfUtils.java:logFallback(53)) - raft.grpc.client.port = 15041 (fallback to raft.grpc.server.port)
2025-03-10 14:59:08,463 [main] INFO  grpc.GrpcConfigKeys (ConfUtils.java:logGet(46)) - raft.grpc.server.host = null (default)
2025-03-10 14:59:08,463 [main] INFO  grpc.GrpcConfigKeys (ConfUtils.java:logGet(46)) - raft.grpc.server.port = 15041 (custom)
2025-03-10 14:59:08,463 [main] INFO  server.GrpcService (ConfUtils.java:logGet(46)) - raft.grpc.message.size.max = 5242880 (custom)
2025-03-10 14:59:08,463 [main] INFO  server.GrpcService (ConfUtils.java:logGet(46)) - raft.grpc.flow.control.window = 1MB (=1048576) (default)
2025-03-10 14:59:08,463 [main] INFO  server.RaftServerConfigKeys (ConfUtils.java:logGet(46)) - raft.server.rpc.request.timeout = 30000ms (custom)
2025-03-10 14:59:08,463 [main] INFO  grpc.GrpcConfigKeys (ConfUtils.java:logGet(46)) - raft.grpc.server.heartbeat.channel = true (default)
2025-03-10 14:59:08,463 [main] INFO  server.RaftServerConfigKeys (ConfUtils.java:logGet(46)) - raft.server.log.appender.buffer.byte-limit = 4194304 (custom)
2025-03-10 14:59:08,463 [main] INFO  grpc.GrpcConfigKeys (ConfUtils.java:logGet(46)) - raft.grpc.server.async.request.thread.pool.cached = true (default)
2025-03-10 14:59:08,464 [main] INFO  grpc.GrpcConfigKeys (ConfUtils.java:logGet(46)) - raft.grpc.server.async.request.thread.pool.size = 32 (default)
2025-03-10 14:59:08,464 [main] INFO  impl.DataStreamServerImpl (ConfUtils.java:logGet(46)) - raft.datastream.type = DISABLED (default)
2025-03-10 14:59:08,465 [main] INFO  server.RaftServerConfigKeys (ConfUtils.java:logGet(46)) - raft.server.sleep.deviation.threshold = 300ms (default)
2025-03-10 14:59:08,465 [main] INFO  server.RaftServerConfigKeys (ConfUtils.java:logGet(46)) - raft.server.close.threshold = 60s (default)
2025-03-10 14:59:08,465 [main] INFO  server.RaftServerConfigKeys (ConfUtils.java:logGet(46)) - raft.server.leaderelection.leader.step-down.wait-time = 10s (default)
2025-03-10 14:59:08,465 [main] INFO  server.RaftServerConfigKeys (ConfUtils.java:logGet(46)) - raft.server.storage.dir = [/home/runner/work/ozone/ozone/hadoop-ozone/integration-test/target/test-dir/MiniOzoneClusterImpl-92936399-7d39-4e90-b2ee-bbad22e09632/ozone-meta/scm-ha] (custom)
2025-03-10 14:59:08,465 [main] INFO  server.RaftServerConfigKeys (ConfUtils.java:logGet(46)) - raft.server.threadpool.proxy.cached = true (default)
2025-03-10 14:59:08,465 [main] INFO  server.RaftServerConfigKeys (ConfUtils.java:logGet(46)) - raft.server.threadpool.proxy.size = 0 (default)
2025-03-10 14:59:08,466 [main] INFO  server.RaftServer (RaftServerProxy.java:addNew(100)) - a4f85781-650a-46e8-940e-a45bfdaa2a01: addNew group-BBAD22E09632:[a4f85781-650a-46e8-940e-a45bfdaa2a01|fv-az1384-231:15041] returns group-BBAD22E09632:java.util.concurrent.CompletableFuture@331bd9f2[Not completed]
2025-03-10 14:59:08,467 [a4f85781-650a-46e8-940e-a45bfdaa2a01-groupManagement] INFO  server.RaftServer$Division (RaftServerImpl.java:<init>(255)) - a4f85781-650a-46e8-940e-a45bfdaa2a01: new RaftServerImpl for group-BBAD22E09632:[a4f85781-650a-46e8-940e-a45bfdaa2a01|fv-az1384-231:15041] with SCMStateMachine:uninitialized
2025-03-10 14:59:08,467 [a4f85781-650a-46e8-940e-a45bfdaa2a01-groupManagement] INFO  server.RaftServerConfigKeys (ConfUtils.java:logGet(46)) - raft.server.rpc.timeout.min = 5000ms (custom)
2025-03-10 14:59:08,467 [a4f85781-650a-46e8-940e-a45bfdaa2a01-groupManagement] INFO  server.RaftServerConfigKeys (ConfUtils.java:logGet(46)) - raft.server.rpc.timeout.max = 5200ms (custom)
2025-03-10 14:59:08,467 [a4f85781-650a-46e8-940e-a45bfdaa2a01-groupManagement] INFO  server.RaftServerConfigKeys (ConfUtils.java:logGet(46)) - raft.server.rpc.sleep.time = 25ms (default)
2025-03-10 14:59:08,467 [a4f85781-650a-46e8-940e-a45bfdaa2a01-groupManagement] INFO  server.RaftServerConfigKeys (ConfUtils.java:logGet(46)) - raft.server.rpc.slowness.timeout = 120000ms (custom)
2025-03-10 14:59:08,467 [a4f85781-650a-46e8-940e-a45bfdaa2a01-groupManagement] INFO  server.RaftServerConfigKeys (ConfUtils.java:logGet(46)) - raft.server.leaderelection.leader.step-down.wait-time = 10s (default)
2025-03-10 14:59:08,467 [a4f85781-650a-46e8-940e-a45bfdaa2a01-groupManagement] INFO  server.RaftServerConfigKeys (ConfUtils.java:logGet(46)) - raft.server.leaderelection.member.majority-add = false (default)
2025-03-10 14:59:08,467 [a4f85781-650a-46e8-940e-a45bfdaa2a01-groupManagement] INFO  server.RaftServerConfigKeys (ConfUtils.java:logGet(46)) - raft.server.sleep.deviation.threshold = 300ms (default)
2025-03-10 14:59:08,467 [a4f85781-650a-46e8-940e-a45bfdaa2a01-groupManagement] INFO  server.RaftServer$Division (ServerState.java:<init>(114)) - a4f85781-650a-46e8-940e-a45bfdaa2a01@group-BBAD22E09632: ConfigurationManager, init=conf: {index: -1, cur=peers:[a4f85781-650a-46e8-940e-a45bfdaa2a01|fv-az1384-231:15041]|listeners:[], old=null}, confs=<EMPTY_MAP>
2025-03-10 14:59:08,467 [a4f85781-650a-46e8-940e-a45bfdaa2a01-groupManagement] INFO  server.RaftServerConfigKeys (ConfUtils.java:logGet(46)) - raft.server.notification.no-leader.timeout = 60s (default)
2025-03-10 14:59:08,467 [a4f85781-650a-46e8-940e-a45bfdaa2a01-groupManagement] INFO  server.RaftServerConfigKeys (ConfUtils.java:logGet(46)) - raft.server.read.timeout = 10s (default)
2025-03-10 14:59:08,467 [a4f85781-650a-46e8-940e-a45bfdaa2a01-groupManagement] INFO  server.RaftServerConfigKeys (ConfUtils.java:logGet(46)) - raft.server.retrycache.expirytime = 60000ms (default)
2025-03-10 14:59:08,467 [a4f85781-650a-46e8-940e-a45bfdaa2a01-groupManagement] INFO  server.RaftServerConfigKeys (ConfUtils.java:logGet(46)) - raft.server.retrycache.statistics.expirytime = 100ms (default)
2025-03-10 14:59:08,467 [a4f85781-650a-46e8-940e-a45bfdaa2a01-groupManagement] INFO  server.RaftServerConfigKeys (ConfUtils.java:logGet(46)) - raft.server.read.option = DEFAULT (default)
2025-03-10 14:59:08,467 [a4f85781-650a-46e8-940e-a45bfdaa2a01-groupManagement] INFO  server.RaftServerConfigKeys (ConfUtils.java:logGet(46)) - raft.server.read.read-after-write-consistent.write-index-cache.expiry-time = 60s (default)
2025-03-10 14:59:08,468 [a4f85781-650a-46e8-940e-a45bfdaa2a01-groupManagement] INFO  server.RaftServerConfigKeys (ConfUtils.java:logGet(46)) - raft.server.rpc.request.timeout = 30000ms (custom)
2025-03-10 14:59:08,468 [a4f85781-650a-46e8-940e-a45bfdaa2a01-groupManagement] INFO  server.RaftServerConfigKeys (ConfUtils.java:logGet(46)) - raft.server.log.appender.install.snapshot.enabled = false (custom)
2025-03-10 14:59:08,468 [a4f85781-650a-46e8-940e-a45bfdaa2a01-groupManagement] INFO  server.RaftServerConfigKeys (ConfUtils.java:logGet(46)) - raft.server.threadpool.server.cached = true (default)
2025-03-10 14:59:08,468 [a4f85781-650a-46e8-940e-a45bfdaa2a01-groupManagement] INFO  server.RaftServerConfigKeys (ConfUtils.java:logGet(46)) - raft.server.threadpool.server.size = 0 (default)
2025-03-10 14:59:08,468 [a4f85781-650a-46e8-940e-a45bfdaa2a01-groupManagement] INFO  server.RaftServerConfigKeys (ConfUtils.java:logGet(46)) - raft.server.threadpool.client.cached = true (default)
2025-03-10 14:59:08,468 [a4f85781-650a-46e8-940e-a45bfdaa2a01-groupManagement] INFO  server.RaftServerConfigKeys (ConfUtils.java:logGet(46)) - raft.server.threadpool.client.size = 0 (default)
2025-03-10 14:59:08,469 [a4f85781-650a-46e8-940e-a45bfdaa2a01-impl-thread1] INFO  server.RaftServerConfigKeys (ConfUtils.java:logGet(46)) - raft.server.storage.free-space.min = 0MB (=0) (default)
2025-03-10 14:59:08,469 [a4f85781-650a-46e8-940e-a45bfdaa2a01-impl-thread1] INFO  server.RaftServerConfigKeys (ConfUtils.java:logGet(46)) - raft.server.log.corruption.policy = EXCEPTION (default)
2025-03-10 14:59:08,469 [a4f85781-650a-46e8-940e-a45bfdaa2a01-impl-thread1] INFO  server.RaftServerConfigKeys (ConfUtils.java:logGet(46)) - raft.server.storage.dir = [/home/runner/work/ozone/ozone/hadoop-ozone/integration-test/target/test-dir/MiniOzoneClusterImpl-92936399-7d39-4e90-b2ee-bbad22e09632/ozone-meta/scm-ha] (custom)
2025-03-10 14:59:08,469 [a4f85781-650a-46e8-940e-a45bfdaa2a01-impl-thread1] INFO  storage.RaftStorageDirectory (RaftStorageDirectoryImpl.java:analyzeStorage(138)) - The storage directory /home/runner/work/ozone/ozone/hadoop-ozone/integration-test/target/test-dir/MiniOzoneClusterImpl-92936399-7d39-4e90-b2ee-bbad22e09632/ozone-meta/scm-ha/92936399-7d39-4e90-b2ee-bbad22e09632 does not exist. Creating ...
2025-03-10 14:59:08,470 [a4f85781-650a-46e8-940e-a45bfdaa2a01-impl-thread1] INFO  storage.RaftStorageDirectory (RaftStorageDirectoryImpl.java:tryLock(229)) - Lock on /home/runner/work/ozone/ozone/hadoop-ozone/integration-test/target/test-dir/MiniOzoneClusterImpl-92936399-7d39-4e90-b2ee-bbad22e09632/ozone-meta/scm-ha/92936399-7d39-4e90-b2ee-bbad22e09632/in_use.lock acquired by nodename 139316@fv-az1384-231
2025-03-10 14:59:08,471 [a4f85781-650a-46e8-940e-a45bfdaa2a01-impl-thread1] INFO  storage.RaftStorage (RaftStorageImpl.java:format(98)) - Storage directory /home/runner/work/ozone/ozone/hadoop-ozone/integration-test/target/test-dir/MiniOzoneClusterImpl-92936399-7d39-4e90-b2ee-bbad22e09632/ozone-meta/scm-ha/92936399-7d39-4e90-b2ee-bbad22e09632 has been successfully formatted.
2025-03-10 14:59:08,472 [a4f85781-650a-46e8-940e-a45bfdaa2a01-impl-thread1] INFO  ha.SCMStateMachine (SCMStateMachine.java:lambda$initialize$0(138)) - a4f85781-650a-46e8-940e-a45bfdaa2a01: initialize group-BBAD22E09632
2025-03-10 14:59:08,472 [a4f85781-650a-46e8-940e-a45bfdaa2a01-impl-thread1] INFO  server.RaftServerConfigKeys (ConfUtils.java:logGet(46)) - raft.server.log.use.memory = false (default)
2025-03-10 14:59:08,472 [a4f85781-650a-46e8-940e-a45bfdaa2a01-impl-thread1] INFO  server.RaftServerConfigKeys (ConfUtils.java:logGet(46)) - raft.server.log.purge.gap = 1000000 (custom)
2025-03-10 14:59:08,472 [a4f85781-650a-46e8-940e-a45bfdaa2a01-impl-thread1] INFO  server.RaftServerConfigKeys (ConfUtils.java:logGet(46)) - raft.server.log.appender.buffer.byte-limit = 4194304 (custom)
2025-03-10 14:59:08,472 [a4f85781-650a-46e8-940e-a45bfdaa2a01-impl-thread1] INFO  server.RaftServerConfigKeys (ConfUtils.java:logGet(46)) - raft.server.log.statemachine.data.read.timeout = 1000ms (default)
2025-03-10 14:59:08,472 [a4f85781-650a-46e8-940e-a45bfdaa2a01-impl-thread1] INFO  server.RaftServerConfigKeys (ConfUtils.java:logGet(46)) - raft.server.log.purge.preservation.log.num = 0 (default)
2025-03-10 14:59:08,472 [a4f85781-650a-46e8-940e-a45bfdaa2a01-impl-thread1] INFO  server.RaftServerConfigKeys (ConfUtils.java:logGet(46)) - raft.server.log.segment.size.max = 4194304 (custom)
2025-03-10 14:59:08,472 [a4f85781-650a-46e8-940e-a45bfdaa2a01-impl-thread1] INFO  server.RaftServerConfigKeys (ConfUtils.java:logGet(46)) - raft.server.log.segment.cache.num.max = 2 (custom)
2025-03-10 14:59:08,472 [a4f85781-650a-46e8-940e-a45bfdaa2a01-impl-thread1] INFO  server.RaftServerConfigKeys (ConfUtils.java:logGet(46)) - raft.server.log.segment.cache.size.max = 200MB (=209715200) (default)
2025-03-10 14:59:08,472 [a4f85781-650a-46e8-940e-a45bfdaa2a01-impl-thread1] INFO  server.RaftServerConfigKeys (ConfUtils.java:logGet(46)) - raft.server.log.appender.buffer.byte-limit = 4194304 (custom)
2025-03-10 14:59:08,473 [a4f85781-650a-46e8-940e-a45bfdaa2a01-impl-thread1] INFO  util.AwaitToRun (AwaitToRun.java:start(81)) - Thread[#1188,a4f85781-650a-46e8-940e-a45bfdaa2a01@group-BBAD22E09632-cacheEviction-AwaitToRun,5,main] started
2025-03-10 14:59:08,473 [a4f85781-650a-46e8-940e-a45bfdaa2a01-impl-thread1] INFO  segmented.SegmentedRaftLogWorker (SegmentedRaftLogWorker.java:<init>(188)) - new a4f85781-650a-46e8-940e-a45bfdaa2a01@group-BBAD22E09632-SegmentedRaftLogWorker for RaftStorageImpl:Storage Directory /home/runner/work/ozone/ozone/hadoop-ozone/integration-test/target/test-dir/MiniOzoneClusterImpl-92936399-7d39-4e90-b2ee-bbad22e09632/ozone-meta/scm-ha/92936399-7d39-4e90-b2ee-bbad22e09632
2025-03-10 14:59:08,474 [a4f85781-650a-46e8-940e-a45bfdaa2a01-impl-thread1] INFO  server.RaftServerConfigKeys (ConfUtils.java:logGet(46)) - raft.server.log.queue.byte-limit = 64MB (=67108864) (default)
2025-03-10 14:59:08,474 [a4f85781-650a-46e8-940e-a45bfdaa2a01-impl-thread1] INFO  server.RaftServerConfigKeys (ConfUtils.java:logGet(46)) - raft.server.log.queue.element-limit = 4096 (default)
2025-03-10 14:59:08,475 [a4f85781-650a-46e8-940e-a45bfdaa2a01-impl-thread1] INFO  server.RaftServerConfigKeys (ConfUtils.java:logGet(46)) - raft.server.log.segment.size.max = 4194304 (custom)
2025-03-10 14:59:08,475 [a4f85781-650a-46e8-940e-a45bfdaa2a01-impl-thread1] INFO  server.RaftServerConfigKeys (ConfUtils.java:logGet(46)) - raft.server.log.preallocated.size = 4194304 (custom)
2025-03-10 14:59:08,475 [a4f85781-650a-46e8-940e-a45bfdaa2a01-impl-thread1] INFO  server.RaftServerConfigKeys (ConfUtils.java:logGet(46)) - raft.server.log.force.sync.num = 128 (default)
2025-03-10 14:59:08,475 [a4f85781-650a-46e8-940e-a45bfdaa2a01-impl-thread1] INFO  server.RaftServerConfigKeys (ConfUtils.java:logGet(46)) - raft.server.log.statemachine.data.sync = true (default)
2025-03-10 14:59:08,475 [a4f85781-650a-46e8-940e-a45bfdaa2a01-impl-thread1] INFO  server.RaftServerConfigKeys (ConfUtils.java:logGet(46)) - raft.server.log.statemachine.data.sync.timeout = 10s (default)
2025-03-10 14:59:08,475 [a4f85781-650a-46e8-940e-a45bfdaa2a01-impl-thread1] INFO  server.RaftServerConfigKeys (ConfUtils.java:logGet(46)) - raft.server.log.statemachine.data.sync.timeout.retry = -1 (default)
2025-03-10 14:59:08,475 [a4f85781-650a-46e8-940e-a45bfdaa2a01-impl-thread1] INFO  server.RaftServerConfigKeys (ConfUtils.java:logGet(46)) - raft.server.log.write.buffer.size = 4194312 (custom)
2025-03-10 14:59:08,475 [a4f85781-650a-46e8-940e-a45bfdaa2a01-impl-thread1] INFO  server.RaftServerConfigKeys (ConfUtils.java:logGet(46)) - raft.server.log.appender.buffer.byte-limit = 4194304 (custom)
2025-03-10 14:59:08,475 [a4f85781-650a-46e8-940e-a45bfdaa2a01-impl-thread1] INFO  server.RaftServerConfigKeys (ConfUtils.java:logGet(46)) - raft.server.log.unsafe-flush.enabled = false (default)
2025-03-10 14:59:08,475 [a4f85781-650a-46e8-940e-a45bfdaa2a01-impl-thread1] INFO  server.RaftServerConfigKeys (ConfUtils.java:logGet(46)) - raft.server.log.async-flush.enabled = false (default)
2025-03-10 14:59:08,475 [a4f85781-650a-46e8-940e-a45bfdaa2a01-impl-thread1] INFO  server.RaftServerConfigKeys (ConfUtils.java:logGet(46)) - raft.server.log.statemachine.data.caching.enabled = false (default)
2025-03-10 14:59:08,476 [a4f85781-650a-46e8-940e-a45bfdaa2a01-impl-thread1] INFO  segmented.SegmentedRaftLogWorker (SegmentedRaftLogWorker.java:lambda$new$0(139)) - a4f85781-650a-46e8-940e-a45bfdaa2a01@group-BBAD22E09632-SegmentedRaftLogWorker: flushIndex: setUnconditionally 0 -> -1
2025-03-10 14:59:08,476 [a4f85781-650a-46e8-940e-a45bfdaa2a01-impl-thread1] INFO  segmented.SegmentedRaftLogWorker (SegmentedRaftLogWorker.java:lambda$new$0(139)) - a4f85781-650a-46e8-940e-a45bfdaa2a01@group-BBAD22E09632-SegmentedRaftLogWorker: safeCacheEvictIndex: setUnconditionally 0 -> -1
2025-03-10 14:59:08,476 [a4f85781-650a-46e8-940e-a45bfdaa2a01-impl-thread1] INFO  server.RaftServer$Division (RaftServerImpl.java:start(391)) - a4f85781-650a-46e8-940e-a45bfdaa2a01@group-BBAD22E09632: start as a follower, conf=conf: {index: -1, cur=peers:[a4f85781-650a-46e8-940e-a45bfdaa2a01|fv-az1384-231:15041]|listeners:[], old=null}
2025-03-10 14:59:08,476 [a4f85781-650a-46e8-940e-a45bfdaa2a01-impl-thread1] INFO  server.RaftServer$Division (RaftServerImpl.java:setRole(378)) - a4f85781-650a-46e8-940e-a45bfdaa2a01@group-BBAD22E09632: changes role from      null to FOLLOWER at term 0 for startAsFollower
2025-03-10 14:59:08,476 [a4f85781-650a-46e8-940e-a45bfdaa2a01-impl-thread1] INFO  impl.RoleInfo (RoleInfo.java:updateAndGet(148)) - a4f85781-650a-46e8-940e-a45bfdaa2a01: start a4f85781-650a-46e8-940e-a45bfdaa2a01@group-BBAD22E09632-FollowerState
2025-03-10 14:59:08,476 [a4f85781-650a-46e8-940e-a45bfdaa2a01-impl-thread1] INFO  util.JmxRegister (JmxRegister.java:tryRegister(44)) - Successfully registered JMX Bean with object name Ratis:service=RaftServer,group=group-BBAD22E09632,id=a4f85781-650a-46e8-940e-a45bfdaa2a01
2025-03-10 14:59:08,476 [a4f85781-650a-46e8-940e-a45bfdaa2a01-impl-thread1] INFO  util.JmxRegister (JmxRegister.java:register(58)) - register mxBean class org.apache.ratis.server.impl.RaftServerJmxAdapter as Ratis:service=RaftServer,group=group-BBAD22E09632,id=a4f85781-650a-46e8-940e-a45bfdaa2a01
2025-03-10 14:59:08,476 [a4f85781-650a-46e8-940e-a45bfdaa2a01-impl-thread1] INFO  server.RaftServerConfigKeys (ConfUtils.java:logGet(46)) - raft.server.snapshot.trigger-when-stop.enabled = true (default)
2025-03-10 14:59:08,477 [a4f85781-650a-46e8-940e-a45bfdaa2a01-impl-thread1] INFO  server.RaftServerConfigKeys (ConfUtils.java:logGet(46)) - raft.server.snapshot.trigger-when-remove.enabled = true (default)
2025-03-10 14:59:08,477 [a4f85781-650a-46e8-940e-a45bfdaa2a01-impl-thread1] INFO  server.RaftServerConfigKeys (ConfUtils.java:logGet(46)) - raft.server.snapshot.auto.trigger.enabled = true (custom)
2025-03-10 14:59:08,477 [a4f85781-650a-46e8-940e-a45bfdaa2a01-impl-thread1] INFO  server.RaftServerConfigKeys (ConfUtils.java:logGet(46)) - raft.server.snapshot.auto.trigger.threshold = 1000 (custom)
2025-03-10 14:59:08,477 [a4f85781-650a-46e8-940e-a45bfdaa2a01-impl-thread1] INFO  server.RaftServerConfigKeys (ConfUtils.java:logGet(46)) - raft.server.snapshot.retention.file.num = -1 (default)
2025-03-10 14:59:08,477 [a4f85781-650a-46e8-940e-a45bfdaa2a01-impl-thread1] INFO  server.RaftServerConfigKeys (ConfUtils.java:logGet(46)) - raft.server.log.purge.upto.snapshot.index = false (default)
2025-03-10 14:59:08,477 [a4f85781-650a-46e8-940e-a45bfdaa2a01-impl-thread1] INFO  server.RaftServer$Division (RaftServerImpl.java:start(405)) - a4f85781-650a-46e8-940e-a45bfdaa2a01@group-BBAD22E09632: Successfully started.
2025-03-10 14:59:08,477 [main] INFO  server.RaftServer (RaftServerProxy.java:startImpl(407)) - a4f85781-650a-46e8-940e-a45bfdaa2a01: start RPC server
2025-03-10 14:59:08,478 [main] INFO  server.GrpcService (GrpcService.java:startImpl(334)) - a4f85781-650a-46e8-940e-a45bfdaa2a01: GrpcService started, listening on 15041
2025-03-10 14:59:08,479 [a4f85781-650a-46e8-940e-a45bfdaa2a01@group-BBAD22E09632-FollowerState] INFO  server.RaftServerConfigKeys (ConfUtils.java:logFallback(53)) - raft.server.rpc.first-election.timeout.min = 5000ms (fallback to raft.server.rpc.timeout.min)
2025-03-10 14:59:08,479 [a4f85781-650a-46e8-940e-a45bfdaa2a01@group-BBAD22E09632-FollowerState] INFO  server.RaftServerConfigKeys (ConfUtils.java:logFallback(53)) - raft.server.rpc.first-election.timeout.max = 5200ms (fallback to raft.server.rpc.timeout.max)
2025-03-10 14:59:08,479 [JvmPauseMonitor7] INFO  util.JvmPauseMonitor (JvmPauseMonitor.java:run(146)) - JvmPauseMonitor-a4f85781-650a-46e8-940e-a45bfdaa2a01: Started
2025-03-10 14:59:13,538 [a4f85781-650a-46e8-940e-a45bfdaa2a01@group-BBAD22E09632-FollowerState] INFO  impl.FollowerState (FollowerState.java:runImpl(161)) - a4f85781-650a-46e8-940e-a45bfdaa2a01@group-BBAD22E09632-FollowerState: change to CANDIDATE, lastRpcElapsedTime:5061928901ns, electionTimeout:5059ms
2025-03-10 14:59:13,538 [a4f85781-650a-46e8-940e-a45bfdaa2a01@group-BBAD22E09632-FollowerState] INFO  impl.RoleInfo (RoleInfo.java:shutdownFollowerState(121)) - a4f85781-650a-46e8-940e-a45bfdaa2a01: shutdown a4f85781-650a-46e8-940e-a45bfdaa2a01@group-BBAD22E09632-FollowerState
2025-03-10 14:59:13,538 [a4f85781-650a-46e8-940e-a45bfdaa2a01@group-BBAD22E09632-FollowerState] INFO  server.RaftServer$Division (RaftServerImpl.java:setRole(378)) - a4f85781-650a-46e8-940e-a45bfdaa2a01@group-BBAD22E09632: changes role from  FOLLOWER to CANDIDATE at term 0 for changeToCandidate
2025-03-10 14:59:13,538 [a4f85781-650a-46e8-940e-a45bfdaa2a01@group-BBAD22E09632-FollowerState] INFO  server.RaftServerConfigKeys (ConfUtils.java:logGet(46)) - raft.server.leaderelection.pre-vote = true (default)
2025-03-10 14:59:13,538 [a4f85781-650a-46e8-940e-a45bfdaa2a01@group-BBAD22E09632-FollowerState] INFO  impl.RoleInfo (RoleInfo.java:updateAndGet(148)) - a4f85781-650a-46e8-940e-a45bfdaa2a01: start a4f85781-650a-46e8-940e-a45bfdaa2a01@group-BBAD22E09632-LeaderElection11
2025-03-10 14:59:13,539 [a4f85781-650a-46e8-940e-a45bfdaa2a01@group-BBAD22E09632-LeaderElection11] INFO  impl.LeaderElection (LeaderElection.java:askForVotes(332)) - a4f85781-650a-46e8-940e-a45bfdaa2a01@group-BBAD22E09632-LeaderElection11 PRE_VOTE round 0: submit vote requests at term 0 for conf: {index: -1, cur=peers:[a4f85781-650a-46e8-940e-a45bfdaa2a01|fv-az1384-231:15041]|listeners:[], old=null}
2025-03-10 14:59:13,539 [a4f85781-650a-46e8-940e-a45bfdaa2a01@group-BBAD22E09632-LeaderElection11] INFO  impl.LeaderElection (LeaderElection.java:askForVotes(334)) - a4f85781-650a-46e8-940e-a45bfdaa2a01@group-BBAD22E09632-LeaderElection11 PRE_VOTE round 0: result PASSED (term=0)
2025-03-10 14:59:13,540 [a4f85781-650a-46e8-940e-a45bfdaa2a01@group-BBAD22E09632-LeaderElection11] INFO  impl.LeaderElection (LeaderElection.java:askForVotes(332)) - a4f85781-650a-46e8-940e-a45bfdaa2a01@group-BBAD22E09632-LeaderElection11 ELECTION round 0: submit vote requests at term 1 for conf: {index: -1, cur=peers:[a4f85781-650a-46e8-940e-a45bfdaa2a01|fv-az1384-231:15041]|listeners:[], old=null}
2025-03-10 14:59:13,540 [a4f85781-650a-46e8-940e-a45bfdaa2a01@group-BBAD22E09632-LeaderElection11] INFO  impl.LeaderElection (LeaderElection.java:askForVotes(334)) - a4f85781-650a-46e8-940e-a45bfdaa2a01@group-BBAD22E09632-LeaderElection11 ELECTION round 0: result PASSED (term=1)
2025-03-10 14:59:13,540 [a4f85781-650a-46e8-940e-a45bfdaa2a01@group-BBAD22E09632-LeaderElection11] INFO  impl.RoleInfo (RoleInfo.java:shutdownLeaderElection(141)) - a4f85781-650a-46e8-940e-a45bfdaa2a01: shutdown a4f85781-650a-46e8-940e-a45bfdaa2a01@group-BBAD22E09632-LeaderElection11
2025-03-10 14:59:13,540 [a4f85781-650a-46e8-940e-a45bfdaa2a01@group-BBAD22E09632-LeaderElection11] INFO  server.RaftServer$Division (RaftServerImpl.java:setRole(378)) - a4f85781-650a-46e8-940e-a45bfdaa2a01@group-BBAD22E09632: changes role from CANDIDATE to LEADER at term 1 for changeToLeader
2025-03-10 14:59:13,540 [a4f85781-650a-46e8-940e-a45bfdaa2a01@group-BBAD22E09632-LeaderElection11] INFO  server.RaftServerConfigKeys (ConfUtils.java:logGet(46)) - raft.server.staging.catchup.gap = 1000 (default)
2025-03-10 14:59:13,541 [a4f85781-650a-46e8-940e-a45bfdaa2a01@group-BBAD22E09632-LeaderElection11] INFO  server.RaftServerConfigKeys (ConfUtils.java:logGet(46)) - raft.server.write.element-limit = 4096 (default)
2025-03-10 14:59:13,541 [a4f85781-650a-46e8-940e-a45bfdaa2a01@group-BBAD22E09632-LeaderElection11] INFO  server.RaftServerConfigKeys (ConfUtils.java:logGet(46)) - raft.server.write.byte-limit = 64MB (=67108864) (default)
2025-03-10 14:59:13,541 [a4f85781-650a-46e8-940e-a45bfdaa2a01@group-BBAD22E09632-LeaderElection11] INFO  server.RaftServerConfigKeys (ConfUtils.java:logGet(46)) - raft.server.watch.timeout = 10s (default)
2025-03-10 14:59:13,541 [a4f85781-650a-46e8-940e-a45bfdaa2a01@group-BBAD22E09632-LeaderElection11] INFO  server.RaftServerConfigKeys (ConfUtils.java:logGet(46)) - raft.server.watch.timeout.denomination = 1s (default)
2025-03-10 14:59:13,541 [a4f85781-650a-46e8-940e-a45bfdaa2a01@group-BBAD22E09632-LeaderElection11] INFO  server.RaftServerConfigKeys (ConfUtils.java:logGet(46)) - raft.server.watch.element-limit = 65536 (default)
2025-03-10 14:59:13,541 [a4f85781-650a-46e8-940e-a45bfdaa2a01@group-BBAD22E09632-LeaderElection11] INFO  server.RaftServerConfigKeys (ConfUtils.java:logGet(46)) - raft.server.read.leader.lease.enabled = false (default)
2025-03-10 14:59:13,541 [a4f85781-650a-46e8-940e-a45bfdaa2a01@group-BBAD22E09632-LeaderElection11] INFO  server.RaftServerConfigKeys (ConfUtils.java:logGet(46)) - raft.server.read.leader.lease.timeout.ratio = 0.9 (default)
2025-03-10 14:59:13,541 [a4f85781-650a-46e8-940e-a45bfdaa2a01@group-BBAD22E09632-LeaderElection11] INFO  server.RaftServerConfigKeys (ConfUtils.java:logGet(46)) - raft.server.rpc.timeout.min = 5000ms (custom)
2025-03-10 14:59:13,541 [a4f85781-650a-46e8-940e-a45bfdaa2a01@group-BBAD22E09632-LeaderElection11] INFO  server.RaftServerConfigKeys (ConfUtils.java:logGet(46)) - raft.server.log.log-metadata.enabled = true (default)
2025-03-10 14:59:13,541 [a4f85781-650a-46e8-940e-a45bfdaa2a01@group-BBAD22E09632-LeaderElection11] INFO  server.RaftServerConfigKeys (ConfUtils.java:logGet(46)) - raft.server.write.element-limit = 4096 (default)
2025-03-10 14:59:13,541 [a4f85781-650a-46e8-940e-a45bfdaa2a01@group-BBAD22E09632-LeaderElection11] INFO  server.RaftServerConfigKeys (ConfUtils.java:logGet(46)) - raft.server.write.follower.gap.ratio.max = -1.0 (default)
2025-03-10 14:59:13,542 [a4f85781-650a-46e8-940e-a45bfdaa2a01@group-BBAD22E09632-LeaderElection11] INFO  impl.RoleInfo (RoleInfo.java:updateAndGet(148)) - a4f85781-650a-46e8-940e-a45bfdaa2a01: start a4f85781-650a-46e8-940e-a45bfdaa2a01@group-BBAD22E09632-LeaderStateImpl
2025-03-10 14:59:13,542 [a4f85781-650a-46e8-940e-a45bfdaa2a01@group-BBAD22E09632-LeaderElection11] INFO  server.RaftServer$Division (RaftServerImpl.java:setFirstElection(562)) - a4f85781-650a-46e8-940e-a45bfdaa2a01@group-BBAD22E09632: set firstElectionSinceStartup to false for becomeLeader
2025-03-10 14:59:13,542 [a4f85781-650a-46e8-940e-a45bfdaa2a01@group-BBAD22E09632-LeaderElection11] INFO  server.RaftServer$Division (ServerState.java:setLeader(272)) - a4f85781-650a-46e8-940e-a45bfdaa2a01@group-BBAD22E09632: change Leader from null to a4f85781-650a-46e8-940e-a45bfdaa2a01 at term 1 for becomeLeader, leader elected after 5074ms
2025-03-10 14:59:13,542 [a4f85781-650a-46e8-940e-a45bfdaa2a01@group-BBAD22E09632-LeaderElection11] INFO  segmented.SegmentedRaftLogWorker (SegmentedRaftLogWorker.java:startLogSegment(438)) - a4f85781-650a-46e8-940e-a45bfdaa2a01@group-BBAD22E09632-SegmentedRaftLogWorker: Starting segment from index:0
2025-03-10 14:59:13,542 [a4f85781-650a-46e8-940e-a45bfdaa2a01@group-BBAD22E09632-LeaderElection11] INFO  server.RaftServer$Division (ServerState.java:setRaftConf(386)) - a4f85781-650a-46e8-940e-a45bfdaa2a01@group-BBAD22E09632: set configuration conf: {index: 0, cur=peers:[a4f85781-650a-46e8-940e-a45bfdaa2a01|fv-az1384-231:15041]|listeners:[], old=null}
2025-03-10 14:59:13,542 [a4f85781-650a-46e8-940e-a45bfdaa2a01@group-BBAD22E09632-SegmentedRaftLogWorker] INFO  segmented.BufferedWriteChannel (BufferedWriteChannel.java:open(61)) - open log_inprogress_0 at position 0
2025-03-10 14:59:13,550 [a4f85781-650a-46e8-940e-a45bfdaa2a01@group-BBAD22E09632-SegmentedRaftLogWorker] INFO  segmented.SegmentedRaftLogWorker (SegmentedRaftLogWorker.java:execute(644)) - a4f85781-650a-46e8-940e-a45bfdaa2a01@group-BBAD22E09632-SegmentedRaftLogWorker: created new log segment /home/runner/work/ozone/ozone/hadoop-ozone/integration-test/target/test-dir/MiniOzoneClusterImpl-92936399-7d39-4e90-b2ee-bbad22e09632/ozone-meta/scm-ha/92936399-7d39-4e90-b2ee-bbad22e09632/current/log_inprogress_0
2025-03-10 14:59:13,552 [a4f85781-650a-46e8-940e-a45bfdaa2a01@group-BBAD22E09632-StateMachineUpdater] INFO  server.RaftServer$Division (LeaderStateImpl.java:checkStartIndex(313)) - Leader a4f85781-650a-46e8-940e-a45bfdaa2a01@group-BBAD22E09632-LeaderStateImpl is ready since appliedIndex == startIndex == 0
2025-03-10 14:59:14,478 [main] INFO  server.RaftServer (RaftServerProxy.java:lambda$close$9(417)) - a4f85781-650a-46e8-940e-a45bfdaa2a01: close
2025-03-10 14:59:14,479 [main] INFO  server.GrpcService (GrpcService.java:closeImpl(343)) - a4f85781-650a-46e8-940e-a45bfdaa2a01: shutdown server GrpcServerProtocolService now
2025-03-10 14:59:14,479 [a4f85781-650a-46e8-940e-a45bfdaa2a01-impl-thread1] INFO  server.RaftServer$Division (RaftServerImpl.java:lambda$close$1(513)) - a4f85781-650a-46e8-940e-a45bfdaa2a01@group-BBAD22E09632: shutdown
2025-03-10 14:59:14,479 [a4f85781-650a-46e8-940e-a45bfdaa2a01-impl-thread1] INFO  util.JmxRegister (JmxRegister.java:unregister(74)) - Successfully un-registered JMX Bean with object name Ratis:service=RaftServer,group=group-BBAD22E09632,id=a4f85781-650a-46e8-940e-a45bfdaa2a01
2025-03-10 14:59:14,479 [a4f85781-650a-46e8-940e-a45bfdaa2a01-impl-thread1] INFO  impl.RoleInfo (RoleInfo.java:shutdownLeaderState(103)) - a4f85781-650a-46e8-940e-a45bfdaa2a01: shutdown a4f85781-650a-46e8-940e-a45bfdaa2a01@group-BBAD22E09632-LeaderStateImpl
2025-03-10 14:59:14,479 [a4f85781-650a-46e8-940e-a45bfdaa2a01-impl-thread1] INFO  impl.PendingRequests (PendingRequests.java:sendNotLeaderResponses(287)) - a4f85781-650a-46e8-940e-a45bfdaa2a01@group-BBAD22E09632-PendingRequests: sendNotLeaderResponses
2025-03-10 14:59:14,480 [main] INFO  server.GrpcService (GrpcService.java:closeImpl(352)) - a4f85781-650a-46e8-940e-a45bfdaa2a01: shutdown server GrpcServerProtocolService successfully
2025-03-10 14:59:14,480 [a4f85781-650a-46e8-940e-a45bfdaa2a01@group-BBAD22E09632-StateMachineUpdater] INFO  impl.StateMachineUpdater (StateMachineUpdater.java:takeSnapshot(303)) - a4f85781-650a-46e8-940e-a45bfdaa2a01@group-BBAD22E09632-StateMachineUpdater: Took a snapshot at index 0
2025-03-10 14:59:14,480 [a4f85781-650a-46e8-940e-a45bfdaa2a01@group-BBAD22E09632-StateMachineUpdater] INFO  impl.StateMachineUpdater (StateMachineUpdater.java:lambda$new$0(102)) - a4f85781-650a-46e8-940e-a45bfdaa2a01@group-BBAD22E09632-StateMachineUpdater: snapshotIndex: updateIncreasingly -1 -> 0
2025-03-10 14:59:14,480 [a4f85781-650a-46e8-940e-a45bfdaa2a01@group-BBAD22E09632-StateMachineUpdater] INFO  impl.StateMachineUpdater (StateMachineUpdater.java:stop(141)) - a4f85781-650a-46e8-940e-a45bfdaa2a01@group-BBAD22E09632-StateMachineUpdater: closing SCMStateMachine, lastApplied=(t:1, i:0)
2025-03-10 14:59:14,480 [a4f85781-650a-46e8-940e-a45bfdaa2a01-impl-thread1] INFO  impl.StateMachineUpdater (StateMachineUpdater.java:stopAndJoin(164)) - a4f85781-650a-46e8-940e-a45bfdaa2a01@group-BBAD22E09632-StateMachineUpdater: set stopIndex = 0
2025-03-10 14:59:14,480 [a4f85781-650a-46e8-940e-a45bfdaa2a01@group-BBAD22E09632-cacheEviction-AwaitToRun] INFO  util.AwaitToRun (AwaitToRun.java:run(49)) - a4f85781-650a-46e8-940e-a45bfdaa2a01@group-BBAD22E09632-cacheEviction-AwaitToRun-AwaitForSignal is interrupted
2025-03-10 14:59:14,552 [a4f85781-650a-46e8-940e-a45bfdaa2a01-impl-thread1] INFO  segmented.SegmentedRaftLogWorker (SegmentedRaftLogWorker.java:close(252)) - a4f85781-650a-46e8-940e-a45bfdaa2a01@group-BBAD22E09632-SegmentedRaftLogWorker close()
2025-03-10 14:59:14,552 [JvmPauseMonitor7] INFO  util.JvmPauseMonitor (JvmPauseMonitor.java:run(152)) - JvmPauseMonitor-a4f85781-650a-46e8-940e-a45bfdaa2a01: Stopped
2025-03-10 14:59:14,552 [main] WARN  server.ServerUtils (ServerUtils.java:getScmDbDir(141)) - ozone.scm.db.dirs is not configured. We recommend adding this setting. Falling back to ozone.metadata.dirs instead.
2025-03-10 14:59:14,553 [main] INFO  ha.SCMHANodeDetails (SCMHANodeDetails.java:loadSCMHAConfig(162)) - ServiceID for StorageContainerManager is null
2025-03-10 14:59:14,553 [main] INFO  ha.SCMHANodeDetails (SCMHANodeDetails.java:loadSCMHAConfig(166)) - ozone.scm.default.service.id is not defined, falling back to ozone.scm.service.ids to find serviceID for StorageContainerManager if it is HA enabled cluster
2025-03-10 14:59:14,554 [main] WARN  utils.HAUtils (HAUtils.java:getMetaDir(337)) - ozone.scm.db.dirs is not configured. We recommend adding this setting. Falling back to ozone.metadata.dirs instead.
2025-03-10 14:59:14,554 [main] WARN  db.DBStoreBuilder (DBStoreBuilder.java:getDBDirPath(169)) - ozone.scm.db.dirs is not configured. We recommend adding this setting. Falling back to ozone.metadata.dirs instead.
2025-03-10 14:59:14,606 [main] INFO  net.NodeSchemaLoader (NodeSchemaLoader.java:loadSchemaFromFile(127)) - Loading schema from [jar:file:/home/runner/work/ozone/ozone/hadoop-hdds/common/target/hdds-common-2.0.0-SNAPSHOT.jar!/network-topology-default.xml]
2025-03-10 14:59:14,606 [main] INFO  net.NodeSchemaLoader (NodeSchemaLoader.java:loadSchema(174)) - Loading network topology layer schema file
2025-03-10 14:59:14,628 [main] INFO  ha.SCMRatisServerImpl (SCMRatisServerImpl.java:<init>(100)) - starting Raft server for scm:a4f85781-650a-46e8-940e-a45bfdaa2a01
2025-03-10 14:59:14,628 [main] INFO  server.RaftServerConfigKeys (ConfUtils.java:logGet(46)) - raft.server.log.appender.buffer.byte-limit = 4194304 (custom)
2025-03-10 14:59:14,629 [main] INFO  server.RaftServer (ConfUtils.java:logGet(46)) - raft.rpc.type = GRPC (default)
2025-03-10 14:59:14,630 [main] INFO  grpc.GrpcConfigKeys (ConfUtils.java:logFallback(53)) - raft.grpc.admin.host = null (fallback to raft.grpc.server.host)
2025-03-10 14:59:14,630 [main] INFO  grpc.GrpcConfigKeys (ConfUtils.java:logFallback(53)) - raft.grpc.admin.port = 15041 (fallback to raft.grpc.server.port)
2025-03-10 14:59:14,630 [main] INFO  grpc.GrpcConfigKeys (ConfUtils.java:logFallback(53)) - raft.grpc.client.host = null (fallback to raft.grpc.server.host)
2025-03-10 14:59:14,630 [main] INFO  grpc.GrpcConfigKeys (ConfUtils.java:logFallback(53)) - raft.grpc.client.port = 15041 (fallback to raft.grpc.server.port)
2025-03-10 14:59:14,630 [main] INFO  grpc.GrpcConfigKeys (ConfUtils.java:logGet(46)) - raft.grpc.server.host = null (default)
2025-03-10 14:59:14,630 [main] INFO  grpc.GrpcConfigKeys (ConfUtils.java:logGet(46)) - raft.grpc.server.port = 15041 (custom)
2025-03-10 14:59:14,630 [main] INFO  server.GrpcService (ConfUtils.java:logGet(46)) - raft.grpc.message.size.max = 5242880 (custom)
2025-03-10 14:59:14,630 [main] INFO  server.GrpcService (ConfUtils.java:logGet(46)) - raft.grpc.flow.control.window = 1MB (=1048576) (default)
2025-03-10 14:59:14,631 [main] INFO  server.RaftServerConfigKeys (ConfUtils.java:logGet(46)) - raft.server.rpc.request.timeout = 30000ms (custom)
2025-03-10 14:59:14,631 [main] INFO  grpc.GrpcConfigKeys (ConfUtils.java:logGet(46)) - raft.grpc.server.heartbeat.channel = true (default)
2025-03-10 14:59:14,631 [main] INFO  server.RaftServerConfigKeys (ConfUtils.java:logGet(46)) - raft.server.log.appender.buffer.byte-limit = 4194304 (custom)
2025-03-10 14:59:14,631 [main] INFO  grpc.GrpcConfigKeys (ConfUtils.java:logGet(46)) - raft.grpc.server.async.request.thread.pool.cached = true (default)
2025-03-10 14:59:14,631 [main] INFO  grpc.GrpcConfigKeys (ConfUtils.java:logGet(46)) - raft.grpc.server.async.request.thread.pool.size = 32 (default)
2025-03-10 14:59:14,632 [main] INFO  impl.DataStreamServerImpl (ConfUtils.java:logGet(46)) - raft.datastream.type = DISABLED (default)
2025-03-10 14:59:14,632 [main] INFO  server.RaftServerConfigKeys (ConfUtils.java:logGet(46)) - raft.server.sleep.deviation.threshold = 300ms (default)
2025-03-10 14:59:14,632 [main] INFO  server.RaftServerConfigKeys (ConfUtils.java:logGet(46)) - raft.server.close.threshold = 60s (default)
2025-03-10 14:59:14,632 [main] INFO  server.RaftServerConfigKeys (ConfUtils.java:logGet(46)) - raft.server.leaderelection.leader.step-down.wait-time = 10s (default)
2025-03-10 14:59:14,633 [main] INFO  server.RaftServerConfigKeys (ConfUtils.java:logGet(46)) - raft.server.storage.dir = [/home/runner/work/ozone/ozone/hadoop-ozone/integration-test/target/test-dir/MiniOzoneClusterImpl-92936399-7d39-4e90-b2ee-bbad22e09632/ozone-meta/scm-ha] (custom)
2025-03-10 14:59:14,633 [main] INFO  server.RaftServerConfigKeys (ConfUtils.java:logGet(46)) - raft.server.threadpool.proxy.cached = true (default)
2025-03-10 14:59:14,633 [main] INFO  server.RaftServerConfigKeys (ConfUtils.java:logGet(46)) - raft.server.threadpool.proxy.size = 0 (default)
2025-03-10 14:59:14,633 [a4f85781-650a-46e8-940e-a45bfdaa2a01-impl-thread1] INFO  server.RaftServer (RaftServerProxy.java:initGroupDir(265)) - a4f85781-650a-46e8-940e-a45bfdaa2a01: found a subdirectory /home/runner/work/ozone/ozone/hadoop-ozone/integration-test/target/test-dir/MiniOzoneClusterImpl-92936399-7d39-4e90-b2ee-bbad22e09632/ozone-meta/scm-ha/92936399-7d39-4e90-b2ee-bbad22e09632
2025-03-10 14:59:14,634 [main] INFO  server.RaftServer (RaftServerProxy.java:addNew(100)) - a4f85781-650a-46e8-940e-a45bfdaa2a01: addNew group-BBAD22E09632:[] returns group-BBAD22E09632:java.util.concurrent.CompletableFuture@1737d824[Not completed]
2025-03-10 14:59:14,634 [a4f85781-650a-46e8-940e-a45bfdaa2a01-groupManagement] INFO  server.RaftServer$Division (RaftServerImpl.java:<init>(255)) - a4f85781-650a-46e8-940e-a45bfdaa2a01: new RaftServerImpl for group-BBAD22E09632:[] with SCMStateMachine:uninitialized
2025-03-10 14:59:14,634 [a4f85781-650a-46e8-940e-a45bfdaa2a01-groupManagement] INFO  server.RaftServerConfigKeys (ConfUtils.java:logGet(46)) - raft.server.rpc.timeout.min = 5000ms (custom)
2025-03-10 14:59:14,634 [a4f85781-650a-46e8-940e-a45bfdaa2a01-groupManagement] INFO  server.RaftServerConfigKeys (ConfUtils.java:logGet(46)) - raft.server.rpc.timeout.max = 5200ms (custom)
2025-03-10 14:59:14,634 [a4f85781-650a-46e8-940e-a45bfdaa2a01-groupManagement] INFO  server.RaftServerConfigKeys (ConfUtils.java:logGet(46)) - raft.server.rpc.sleep.time = 25ms (default)
2025-03-10 14:59:14,634 [a4f85781-650a-46e8-940e-a45bfdaa2a01-groupManagement] INFO  server.RaftServerConfigKeys (ConfUtils.java:logGet(46)) - raft.server.rpc.slowness.timeout = 120000ms (custom)
2025-03-10 14:59:14,634 [a4f85781-650a-46e8-940e-a45bfdaa2a01-groupManagement] INFO  server.RaftServerConfigKeys (ConfUtils.java:logGet(46)) - raft.server.leaderelection.leader.step-down.wait-time = 10s (default)
2025-03-10 14:59:14,634 [a4f85781-650a-46e8-940e-a45bfdaa2a01-groupManagement] INFO  server.RaftServerConfigKeys (ConfUtils.java:logGet(46)) - raft.server.leaderelection.member.majority-add = false (default)
2025-03-10 14:59:14,634 [a4f85781-650a-46e8-940e-a45bfdaa2a01-groupManagement] INFO  server.RaftServerConfigKeys (ConfUtils.java:logGet(46)) - raft.server.sleep.deviation.threshold = 300ms (default)
2025-03-10 14:59:14,634 [a4f85781-650a-46e8-940e-a45bfdaa2a01-groupManagement] INFO  server.RaftServer$Division (ServerState.java:<init>(114)) - a4f85781-650a-46e8-940e-a45bfdaa2a01@group-BBAD22E09632: ConfigurationManager, init=conf: {index: -1, cur=peers:[]|listeners:[], old=null}, confs=<EMPTY_MAP>
2025-03-10 14:59:14,635 [a4f85781-650a-46e8-940e-a45bfdaa2a01-groupManagement] INFO  server.RaftServerConfigKeys (ConfUtils.java:logGet(46)) - raft.server.notification.no-leader.timeout = 60s (default)
2025-03-10 14:59:14,635 [a4f85781-650a-46e8-940e-a45bfdaa2a01-groupManagement] INFO  server.RaftServerConfigKeys (ConfUtils.java:logGet(46)) - raft.server.read.timeout = 10s (default)
2025-03-10 14:59:14,635 [a4f85781-650a-46e8-940e-a45bfdaa2a01-groupManagement] INFO  server.RaftServerConfigKeys (ConfUtils.java:logGet(46)) - raft.server.retrycache.expirytime = 60000ms (default)
2025-03-10 14:59:14,635 [a4f85781-650a-46e8-940e-a45bfdaa2a01-groupManagement] INFO  server.RaftServerConfigKeys (ConfUtils.java:logGet(46)) - raft.server.retrycache.statistics.expirytime = 100ms (default)
2025-03-10 14:59:14,635 [a4f85781-650a-46e8-940e-a45bfdaa2a01-groupManagement] INFO  server.RaftServerConfigKeys (ConfUtils.java:logGet(46)) - raft.server.read.option = DEFAULT (default)
2025-03-10 14:59:14,635 [a4f85781-650a-46e8-940e-a45bfdaa2a01-groupManagement] INFO  server.RaftServerConfigKeys (ConfUtils.java:logGet(46)) - raft.server.read.read-after-write-consistent.write-index-cache.expiry-time = 60s (default)
2025-03-10 14:59:14,636 [a4f85781-650a-46e8-940e-a45bfdaa2a01-groupManagement] INFO  server.RaftServerConfigKeys (ConfUtils.java:logGet(46)) - raft.server.rpc.request.timeout = 30000ms (custom)
2025-03-10 14:59:14,636 [a4f85781-650a-46e8-940e-a45bfdaa2a01-groupManagement] INFO  server.RaftServerConfigKeys (ConfUtils.java:logGet(46)) - raft.server.log.appender.install.snapshot.enabled = false (custom)
2025-03-10 14:59:14,636 [a4f85781-650a-46e8-940e-a45bfdaa2a01-groupManagement] INFO  server.RaftServerConfigKeys (ConfUtils.java:logGet(46)) - raft.server.threadpool.server.cached = true (default)
2025-03-10 14:59:14,636 [a4f85781-650a-46e8-940e-a45bfdaa2a01-groupManagement] INFO  server.RaftServerConfigKeys (ConfUtils.java:logGet(46)) - raft.server.threadpool.server.size = 0 (default)
2025-03-10 14:59:14,636 [a4f85781-650a-46e8-940e-a45bfdaa2a01-groupManagement] INFO  server.RaftServerConfigKeys (ConfUtils.java:logGet(46)) - raft.server.threadpool.client.cached = true (default)
2025-03-10 14:59:14,636 [a4f85781-650a-46e8-940e-a45bfdaa2a01-groupManagement] INFO  server.RaftServerConfigKeys (ConfUtils.java:logGet(46)) - raft.server.threadpool.client.size = 0 (default)
2025-03-10 14:59:14,636 [main] INFO  ha.SCMSnapshotProvider (SCMSnapshotProvider.java:<init>(62)) - Initializing SCM Snapshot Provider
2025-03-10 14:59:14,637 [main] WARN  server.ServerUtils (ServerUtils.java:getDefaultRatisDirectory(309)) - Storage directory for Ratis is not configured. It is a good idea to map this to an SSD disk. Falling back to ozone.metadata.dirs
2025-03-10 14:59:14,637 [main] WARN  ha.SCMHAUtils (SCMHAUtils.java:getSCMRatisSnapshotDirectory(120)) - SCM snapshot dir is not configured. Falling back to ozone.metadata.dirs config
2025-03-10 14:59:14,638 [main] INFO  upgrade.AbstractLayoutVersionManager (AbstractLayoutVersionManager.java:init(80)) - Initializing Layout version manager with metadata layout = HBASE_SUPPORT (version = 8), software layout = HBASE_SUPPORT (version = 8)
2025-03-10 14:59:14,639 [main] INFO  ha.SequenceIdGenerator (SequenceIdGenerator.java:upgradeToSequenceId(362)) - upgrade localId to 115816896921600000
2025-03-10 14:59:14,641 [main] INFO  ha.SequenceIdGenerator (SequenceIdGenerator.java:upgradeToSequenceId(372)) - upgrade delTxnId to 0
2025-03-10 14:59:14,642 [main] INFO  ha.SequenceIdGenerator (SequenceIdGenerator.java:upgradeToSequenceId(389)) - upgrade containerId to 0
2025-03-10 14:59:14,643 [main] INFO  ha.SequenceIdGenerator (SequenceIdGenerator.java:upgradeToCertificateSequenceId(426)) - upgrade CertificateId to 2
2025-03-10 14:59:14,643 [main] INFO  ha.SequenceIdGenerator (SequenceIdGenerator.java:<init>(239)) - Init the HA SequenceIdGenerator.
2025-03-10 14:59:14,644 [main] INFO  node.SCMNodeManager (SCMNodeManager.java:<init>(179)) - Entering startup safe mode.
2025-03-10 14:59:14,644 [main] INFO  algorithms.ContainerPlacementPolicyFactory (ContainerPlacementPolicyFactory.java:getPolicyInternal(85)) - Create container placement policy of type org.apache.hadoop.hdds.scm.container.placement.algorithms.SCMContainerPlacementRackAware
2025-03-10 14:59:14,645 [main] INFO  algorithms.ContainerPlacementPolicyFactory (ContainerPlacementPolicyFactory.java:getPolicyInternal(85)) - Create container placement policy of type org.apache.hadoop.hdds.scm.container.placement.algorithms.SCMContainerPlacementRackScatter
2025-03-10 14:59:14,645 [main] INFO  pipeline.PipelineStateManagerImpl (PipelineStateManagerImpl.java:initialize(75)) - No pipeline exists in current db
2025-03-10 14:59:14,645 [main] INFO  algorithms.LeaderChoosePolicyFactory (LeaderChoosePolicyFactory.java:getPolicy(56)) - Create leader choose policy of type org.apache.hadoop.hdds.scm.pipeline.leader.choose.algorithms.MinLeaderCountChoosePolicy
2025-03-10 14:59:14,645 [main] INFO  algorithms.ContainerPlacementPolicyFactory (ContainerPlacementPolicyFactory.java:getPolicyInternal(85)) - Create container placement policy of type org.apache.hadoop.hdds.scm.container.placement.algorithms.SCMContainerPlacementRackScatter
2025-03-10 14:59:14,646 [main] INFO  ha.SCMServiceManager (SCMServiceManager.java:register(42)) - Registering service BackgroundPipelineCreator.
2025-03-10 14:59:14,646 [main] INFO  pipeline.BackgroundPipelineCreator (BackgroundPipelineCreator.java:start(127)) - Starting RatisPipelineUtilsThread.
2025-03-10 14:59:14,646 [main] INFO  BackgroundPipelineScrubber (BackgroundSCMService.java:start(64)) - Starting BackgroundPipelineScrubber Service.
2025-03-10 14:59:14,646 [main] INFO  ha.SCMServiceManager (SCMServiceManager.java:register(42)) - Registering service BackgroundPipelineScrubber.
2025-03-10 14:59:14,647 [main] INFO  ExpiredContainerReplicaOpScrubber (BackgroundSCMService.java:start(64)) - Starting ExpiredContainerReplicaOpScrubber Service.
2025-03-10 14:59:14,647 [main] INFO  ha.SCMServiceManager (SCMServiceManager.java:register(42)) - Registering service ExpiredContainerReplicaOpScrubber.
2025-03-10 14:59:14,648 [main] INFO  algorithms.PipelineChoosePolicyFactory (PipelineChoosePolicyFactory.java:createPipelineChoosePolicyFromClass(78)) - Create pipeline choose policy of type org.apache.hadoop.hdds.scm.pipeline.choose.algorithms.RandomPipelineChoosePolicy
2025-03-10 14:59:14,648 [main] INFO  algorithms.PipelineChoosePolicyFactory (PipelineChoosePolicyFactory.java:createPipelineChoosePolicyFromClass(78)) - Create pipeline choose policy of type org.apache.hadoop.hdds.scm.pipeline.choose.algorithms.RandomPipelineChoosePolicy
2025-03-10 14:59:14,649 [main] INFO  ha.SCMServiceManager (SCMServiceManager.java:register(42)) - Registering service SCMBlockDeletingService.
2025-03-10 14:59:14,649 [main] INFO  replication.ReplicationManager (ReplicationManager.java:start(280)) - Starting Replication Monitor Thread.
2025-03-10 14:59:14,650 [main] INFO  ha.SCMServiceManager (SCMServiceManager.java:register(42)) - Registering service ReplicationManager.
2025-03-10 14:59:14,650 [main] INFO  safemode.ContainerSafeModeRule (ContainerSafeModeRule.java:initializeRule(356)) - Refreshed Containers with one replica threshold count 0, with ec n replica threshold count 0.
2025-03-10 14:59:14,651 [main] INFO  safemode.HealthyPipelineSafeModeRule (HealthyPipelineSafeModeRule.java:initializeRule(178)) - Total pipeline count is 0, healthy pipeline threshold count is 1
2025-03-10 14:59:14,651 [main] INFO  safemode.OneReplicaPipelineSafeModeRule (OneReplicaPipelineSafeModeRule.java:initializeRule(191)) - Total pipeline count is 0, pipeline's with at least one datanode reported threshold count is 0
2025-03-10 14:59:14,652 [main] INFO  server.StorageContainerManager (StorageContainerManager.java:<init>(429)) - SCM start with adminUsers: [runner]
2025-03-10 14:59:14,652 [main] INFO  ipc.CallQueueManager (CallQueueManager.java:<init>(93)) - Using callQueue: class java.util.concurrent.LinkedBlockingQueue, queueCapacity: 10000, scheduler: class org.apache.hadoop.ipc.DefaultRpcScheduler, ipcBackoff: false, ipcFailOver: false.
2025-03-10 14:59:14,652 [main] INFO  ipc.Server (Server.java:<init>(1438)) - Listener at 0.0.0.0:15039
2025-03-10 14:59:14,653 [Socket Reader #1 for port 15039] INFO  ipc.Server (Server.java:run(1474)) - Starting Socket Reader #1 for port 15039
2025-03-10 14:59:14,653 [Socket Reader #2 for port 15039] INFO  ipc.Server (Server.java:run(1474)) - Starting Socket Reader #2 for port 15039
2025-03-10 14:59:14,653 [Socket Reader #3 for port 15039] INFO  ipc.Server (Server.java:run(1474)) - Starting Socket Reader #3 for port 15039
2025-03-10 14:59:14,653 [Socket Reader #4 for port 15039] INFO  ipc.Server (Server.java:run(1474)) - Starting Socket Reader #4 for port 15039
2025-03-10 14:59:14,653 [Socket Reader #5 for port 15039] INFO  ipc.Server (Server.java:run(1474)) - Starting Socket Reader #5 for port 15039
2025-03-10 14:59:14,654 [Socket Reader #6 for port 15039] INFO  ipc.Server (Server.java:run(1474)) - Starting Socket Reader #6 for port 15039
2025-03-10 14:59:14,654 [Socket Reader #7 for port 15039] INFO  ipc.Server (Server.java:run(1474)) - Starting Socket Reader #7 for port 15039
2025-03-10 14:59:14,654 [Socket Reader #8 for port 15039] INFO  ipc.Server (Server.java:run(1474)) - Starting Socket Reader #8 for port 15039
2025-03-10 14:59:14,654 [Socket Reader #9 for port 15039] INFO  ipc.Server (Server.java:run(1474)) - Starting Socket Reader #9 for port 15039
2025-03-10 14:59:14,655 [Socket Reader #10 for port 15039] INFO  ipc.Server (Server.java:run(1474)) - Starting Socket Reader #10 for port 15039
2025-03-10 14:59:14,655 [main] INFO  ipc.CallQueueManager (CallQueueManager.java:<init>(93)) - Using callQueue: class java.util.concurrent.LinkedBlockingQueue, queueCapacity: 10000, scheduler: class org.apache.hadoop.ipc.DefaultRpcScheduler, ipcBackoff: false, ipcFailOver: false.
2025-03-10 14:59:14,656 [main] INFO  ipc.Server (Server.java:<init>(1438)) - Listener at 0.0.0.0:15038
2025-03-10 14:59:14,656 [Socket Reader #1 for port 15038] INFO  ipc.Server (Server.java:run(1474)) - Starting Socket Reader #1 for port 15038
2025-03-10 14:59:14,656 [Socket Reader #2 for port 15038] INFO  ipc.Server (Server.java:run(1474)) - Starting Socket Reader #2 for port 15038
2025-03-10 14:59:14,656 [Socket Reader #3 for port 15038] INFO  ipc.Server (Server.java:run(1474)) - Starting Socket Reader #3 for port 15038
2025-03-10 14:59:14,657 [Socket Reader #4 for port 15038] INFO  ipc.Server (Server.java:run(1474)) - Starting Socket Reader #4 for port 15038
2025-03-10 14:59:14,657 [Socket Reader #5 for port 15038] INFO  ipc.Server (Server.java:run(1474)) - Starting Socket Reader #5 for port 15038
2025-03-10 14:59:14,657 [Socket Reader #6 for port 15038] INFO  ipc.Server (Server.java:run(1474)) - Starting Socket Reader #6 for port 15038
2025-03-10 14:59:14,657 [Socket Reader #7 for port 15038] INFO  ipc.Server (Server.java:run(1474)) - Starting Socket Reader #7 for port 15038
2025-03-10 14:59:14,658 [Socket Reader #8 for port 15038] INFO  ipc.Server (Server.java:run(1474)) - Starting Socket Reader #8 for port 15038
2025-03-10 14:59:14,658 [Socket Reader #9 for port 15038] INFO  ipc.Server (Server.java:run(1474)) - Starting Socket Reader #9 for port 15038
2025-03-10 14:59:14,658 [Socket Reader #10 for port 15038] INFO  ipc.Server (Server.java:run(1474)) - Starting Socket Reader #10 for port 15038
2025-03-10 14:59:14,659 [main] INFO  ipc.CallQueueManager (CallQueueManager.java:<init>(93)) - Using callQueue: class java.util.concurrent.LinkedBlockingQueue, queueCapacity: 10000, scheduler: class org.apache.hadoop.ipc.DefaultRpcScheduler, ipcBackoff: false, ipcFailOver: false.
2025-03-10 14:59:14,659 [main] INFO  ipc.Server (Server.java:<init>(1438)) - Listener at 0.0.0.0:15037
2025-03-10 14:59:14,660 [Socket Reader #1 for port 15037] INFO  ipc.Server (Server.java:run(1474)) - Starting Socket Reader #1 for port 15037
2025-03-10 14:59:14,660 [Socket Reader #2 for port 15037] INFO  ipc.Server (Server.java:run(1474)) - Starting Socket Reader #2 for port 15037
2025-03-10 14:59:14,660 [Socket Reader #3 for port 15037] INFO  ipc.Server (Server.java:run(1474)) - Starting Socket Reader #3 for port 15037
2025-03-10 14:59:14,660 [Socket Reader #4 for port 15037] INFO  ipc.Server (Server.java:run(1474)) - Starting Socket Reader #4 for port 15037
2025-03-10 14:59:14,661 [Socket Reader #5 for port 15037] INFO  ipc.Server (Server.java:run(1474)) - Starting Socket Reader #5 for port 15037
2025-03-10 14:59:14,661 [Socket Reader #6 for port 15037] INFO  ipc.Server (Server.java:run(1474)) - Starting Socket Reader #6 for port 15037
2025-03-10 14:59:14,661 [Socket Reader #7 for port 15037] INFO  ipc.Server (Server.java:run(1474)) - Starting Socket Reader #7 for port 15037
2025-03-10 14:59:14,661 [Socket Reader #8 for port 15037] INFO  ipc.Server (Server.java:run(1474)) - Starting Socket Reader #8 for port 15037
2025-03-10 14:59:14,662 [Socket Reader #9 for port 15037] INFO  ipc.Server (Server.java:run(1474)) - Starting Socket Reader #9 for port 15037
2025-03-10 14:59:14,662 [Socket Reader #10 for port 15037] INFO  ipc.Server (Server.java:run(1474)) - Starting Socket Reader #10 for port 15037
2025-03-10 14:59:14,666 [main] INFO  ha.SCMServiceManager (SCMServiceManager.java:register(42)) - Registering service ContainerBalancer.
2025-03-10 14:59:14,666 [main] INFO  ha.SCMContext (SCMContext.java:updateSafeModeStatus(224)) - Update SafeModeStatus from SafeModeStatus{safeModeStatus=true, preCheckPassed=false} to SafeModeStatus{safeModeStatus=true, preCheckPassed=false}.
2025-03-10 14:59:14,667 [main] INFO  server.StorageContainerManager (StorageContainerManager.java:start(1500)) - StorageContainerLocationProtocol RPC server is listening at /0.0.0.0:15037
2025-03-10 14:59:14,667 [main] INFO  ha.SCMRatisServerImpl (SCMRatisServerImpl.java:start(203)) - starting ratis server 0.0.0.0:15041
2025-03-10 14:59:14,667 [a4f85781-650a-46e8-940e-a45bfdaa2a01-impl-thread1] INFO  server.RaftServerConfigKeys (ConfUtils.java:logGet(46)) - raft.server.storage.free-space.min = 0MB (=0) (default)
2025-03-10 14:59:14,667 [a4f85781-650a-46e8-940e-a45bfdaa2a01-impl-thread1] INFO  server.RaftServerConfigKeys (ConfUtils.java:logGet(46)) - raft.server.log.corruption.policy = EXCEPTION (default)
2025-03-10 14:59:14,667 [a4f85781-650a-46e8-940e-a45bfdaa2a01-impl-thread1] INFO  server.RaftServerConfigKeys (ConfUtils.java:logGet(46)) - raft.server.storage.dir = [/home/runner/work/ozone/ozone/hadoop-ozone/integration-test/target/test-dir/MiniOzoneClusterImpl-92936399-7d39-4e90-b2ee-bbad22e09632/ozone-meta/scm-ha] (custom)
2025-03-10 14:59:14,668 [a4f85781-650a-46e8-940e-a45bfdaa2a01-impl-thread1] INFO  storage.RaftStorageDirectory (RaftStorageDirectoryImpl.java:tryLock(229)) - Lock on /home/runner/work/ozone/ozone/hadoop-ozone/integration-test/target/test-dir/MiniOzoneClusterImpl-92936399-7d39-4e90-b2ee-bbad22e09632/ozone-meta/scm-ha/92936399-7d39-4e90-b2ee-bbad22e09632/in_use.lock acquired by nodename 139316@fv-az1384-231
2025-03-10 14:59:14,669 [a4f85781-650a-46e8-940e-a45bfdaa2a01-impl-thread1] INFO  storage.RaftStorage (RaftStorageImpl.java:analyzeAndRecoverStorage(118)) - Read RaftStorageMetadata{term=1, votedFor=a4f85781-650a-46e8-940e-a45bfdaa2a01} from /home/runner/work/ozone/ozone/hadoop-ozone/integration-test/target/test-dir/MiniOzoneClusterImpl-92936399-7d39-4e90-b2ee-bbad22e09632/ozone-meta/scm-ha/92936399-7d39-4e90-b2ee-bbad22e09632/current/raft-meta
2025-03-10 14:59:14,669 [a4f85781-650a-46e8-940e-a45bfdaa2a01-impl-thread1] INFO  server.RaftServer$Division (ServerState.java:setRaftConf(386)) - a4f85781-650a-46e8-940e-a45bfdaa2a01@group-BBAD22E09632: set configuration conf: {index: 0, cur=peers:[a4f85781-650a-46e8-940e-a45bfdaa2a01|fv-az1384-231:15041]|listeners:[], old=null}
2025-03-10 14:59:14,669 [a4f85781-650a-46e8-940e-a45bfdaa2a01-impl-thread1] INFO  ha.SCMStateMachine (SCMStateMachine.java:lambda$initialize$0(138)) - a4f85781-650a-46e8-940e-a45bfdaa2a01: initialize group-BBAD22E09632
2025-03-10 14:59:14,669 [a4f85781-650a-46e8-940e-a45bfdaa2a01-impl-thread1] INFO  server.RaftServerConfigKeys (ConfUtils.java:logGet(46)) - raft.server.log.use.memory = false (default)
2025-03-10 14:59:14,669 [a4f85781-650a-46e8-940e-a45bfdaa2a01-impl-thread1] INFO  server.RaftServerConfigKeys (ConfUtils.java:logGet(46)) - raft.server.log.purge.gap = 1000000 (custom)
2025-03-10 14:59:14,669 [a4f85781-650a-46e8-940e-a45bfdaa2a01-impl-thread1] INFO  server.RaftServerConfigKeys (ConfUtils.java:logGet(46)) - raft.server.log.appender.buffer.byte-limit = 4194304 (custom)
2025-03-10 14:59:14,669 [a4f85781-650a-46e8-940e-a45bfdaa2a01-impl-thread1] INFO  server.RaftServerConfigKeys (ConfUtils.java:logGet(46)) - raft.server.log.statemachine.data.read.timeout = 1000ms (default)
2025-03-10 14:59:14,669 [a4f85781-650a-46e8-940e-a45bfdaa2a01-impl-thread1] INFO  server.RaftServerConfigKeys (ConfUtils.java:logGet(46)) - raft.server.log.purge.preservation.log.num = 0 (default)
2025-03-10 14:59:14,670 [a4f85781-650a-46e8-940e-a45bfdaa2a01-impl-thread1] INFO  server.RaftServerConfigKeys (ConfUtils.java:logGet(46)) - raft.server.log.segment.size.max = 4194304 (custom)
2025-03-10 14:59:14,670 [a4f85781-650a-46e8-940e-a45bfdaa2a01-impl-thread1] INFO  server.RaftServerConfigKeys (ConfUtils.java:logGet(46)) - raft.server.log.segment.cache.num.max = 2 (custom)
2025-03-10 14:59:14,670 [a4f85781-650a-46e8-940e-a45bfdaa2a01-impl-thread1] INFO  server.RaftServerConfigKeys (ConfUtils.java:logGet(46)) - raft.server.log.segment.cache.size.max = 200MB (=209715200) (default)
2025-03-10 14:59:14,670 [a4f85781-650a-46e8-940e-a45bfdaa2a01-impl-thread1] INFO  server.RaftServerConfigKeys (ConfUtils.java:logGet(46)) - raft.server.log.appender.buffer.byte-limit = 4194304 (custom)
2025-03-10 14:59:14,670 [a4f85781-650a-46e8-940e-a45bfdaa2a01-impl-thread1] INFO  util.AwaitToRun (AwaitToRun.java:start(81)) - Thread[#1258,a4f85781-650a-46e8-940e-a45bfdaa2a01@group-BBAD22E09632-cacheEviction-AwaitToRun,5,main] started
2025-03-10 14:59:14,670 [a4f85781-650a-46e8-940e-a45bfdaa2a01-impl-thread1] INFO  segmented.SegmentedRaftLogWorker (SegmentedRaftLogWorker.java:<init>(188)) - new a4f85781-650a-46e8-940e-a45bfdaa2a01@group-BBAD22E09632-SegmentedRaftLogWorker for RaftStorageImpl:Storage Directory /home/runner/work/ozone/ozone/hadoop-ozone/integration-test/target/test-dir/MiniOzoneClusterImpl-92936399-7d39-4e90-b2ee-bbad22e09632/ozone-meta/scm-ha/92936399-7d39-4e90-b2ee-bbad22e09632
2025-03-10 14:59:14,670 [a4f85781-650a-46e8-940e-a45bfdaa2a01-impl-thread1] INFO  server.RaftServerConfigKeys (ConfUtils.java:logGet(46)) - raft.server.log.queue.byte-limit = 64MB (=67108864) (default)
2025-03-10 14:59:14,670 [a4f85781-650a-46e8-940e-a45bfdaa2a01-impl-thread1] INFO  server.RaftServerConfigKeys (ConfUtils.java:logGet(46)) - raft.server.log.queue.element-limit = 4096 (default)
2025-03-10 14:59:14,671 [a4f85781-650a-46e8-940e-a45bfdaa2a01-impl-thread1] INFO  server.RaftServerConfigKeys (ConfUtils.java:logGet(46)) - raft.server.log.segment.size.max = 4194304 (custom)
2025-03-10 14:59:14,671 [a4f85781-650a-46e8-940e-a45bfdaa2a01-impl-thread1] INFO  server.RaftServerConfigKeys (ConfUtils.java:logGet(46)) - raft.server.log.preallocated.size = 4194304 (custom)
2025-03-10 14:59:14,671 [a4f85781-650a-46e8-940e-a45bfdaa2a01-impl-thread1] INFO  server.RaftServerConfigKeys (ConfUtils.java:logGet(46)) - raft.server.log.force.sync.num = 128 (default)
2025-03-10 14:59:14,671 [a4f85781-650a-46e8-940e-a45bfdaa2a01-impl-thread1] INFO  server.RaftServerConfigKeys (ConfUtils.java:logGet(46)) - raft.server.log.statemachine.data.sync = true (default)
2025-03-10 14:59:14,671 [a4f85781-650a-46e8-940e-a45bfdaa2a01-impl-thread1] INFO  server.RaftServerConfigKeys (ConfUtils.java:logGet(46)) - raft.server.log.statemachine.data.sync.timeout = 10s (default)
2025-03-10 14:59:14,671 [a4f85781-650a-46e8-940e-a45bfdaa2a01-impl-thread1] INFO  server.RaftServerConfigKeys (ConfUtils.java:logGet(46)) - raft.server.log.statemachine.data.sync.timeout.retry = -1 (default)
2025-03-10 14:59:14,671 [a4f85781-650a-46e8-940e-a45bfdaa2a01-impl-thread1] INFO  server.RaftServerConfigKeys (ConfUtils.java:logGet(46)) - raft.server.log.write.buffer.size = 4194312 (custom)
2025-03-10 14:59:14,671 [a4f85781-650a-46e8-940e-a45bfdaa2a01-impl-thread1] INFO  server.RaftServerConfigKeys (ConfUtils.java:logGet(46)) - raft.server.log.appender.buffer.byte-limit = 4194304 (custom)
2025-03-10 14:59:14,671 [a4f85781-650a-46e8-940e-a45bfdaa2a01-impl-thread1] INFO  server.RaftServerConfigKeys (ConfUtils.java:logGet(46)) - raft.server.log.unsafe-flush.enabled = false (default)
2025-03-10 14:59:14,671 [a4f85781-650a-46e8-940e-a45bfdaa2a01-impl-thread1] INFO  server.RaftServerConfigKeys (ConfUtils.java:logGet(46)) - raft.server.log.async-flush.enabled = false (default)
2025-03-10 14:59:14,671 [a4f85781-650a-46e8-940e-a45bfdaa2a01-impl-thread1] INFO  server.RaftServerConfigKeys (ConfUtils.java:logGet(46)) - raft.server.log.statemachine.data.caching.enabled = false (default)
2025-03-10 14:59:14,672 [a4f85781-650a-46e8-940e-a45bfdaa2a01-impl-thread1] INFO  server.RaftServer$Division (ServerState.java:setRaftConf(386)) - a4f85781-650a-46e8-940e-a45bfdaa2a01@group-BBAD22E09632: set configuration conf: {index: 0, cur=peers:[a4f85781-650a-46e8-940e-a45bfdaa2a01|fv-az1384-231:15041]|listeners:[], old=null}
2025-03-10 14:59:14,672 [a4f85781-650a-46e8-940e-a45bfdaa2a01-impl-thread1] INFO  segmented.LogSegment (LogSegment.java:loadSegment(171)) - Successfully read 1 entries from segment file /home/runner/work/ozone/ozone/hadoop-ozone/integration-test/target/test-dir/MiniOzoneClusterImpl-92936399-7d39-4e90-b2ee-bbad22e09632/ozone-meta/scm-ha/92936399-7d39-4e90-b2ee-bbad22e09632/current/log_inprogress_0
2025-03-10 14:59:14,672 [a4f85781-650a-46e8-940e-a45bfdaa2a01-impl-thread1] INFO  segmented.SegmentedRaftLogWorker (SegmentedRaftLogWorker.java:lambda$new$0(139)) - a4f85781-650a-46e8-940e-a45bfdaa2a01@group-BBAD22E09632-SegmentedRaftLogWorker: safeCacheEvictIndex: setUnconditionally 0 -> -1
2025-03-10 14:59:14,672 [a4f85781-650a-46e8-940e-a45bfdaa2a01-impl-thread1] INFO  segmented.BufferedWriteChannel (BufferedWriteChannel.java:open(61)) - open log_inprogress_0 (append) at position 80
2025-03-10 14:59:14,672 [a4f85781-650a-46e8-940e-a45bfdaa2a01-impl-thread1] INFO  server.RaftServer$Division (RaftServerImpl.java:start(391)) - a4f85781-650a-46e8-940e-a45bfdaa2a01@group-BBAD22E09632: start as a follower, conf=conf: {index: 0, cur=peers:[a4f85781-650a-46e8-940e-a45bfdaa2a01|fv-az1384-231:15041]|listeners:[], old=null}
2025-03-10 14:59:14,672 [a4f85781-650a-46e8-940e-a45bfdaa2a01-impl-thread1] INFO  server.RaftServer$Division (RaftServerImpl.java:setRole(378)) - a4f85781-650a-46e8-940e-a45bfdaa2a01@group-BBAD22E09632: changes role from      null to FOLLOWER at term 1 for startAsFollower
2025-03-10 14:59:14,672 [a4f85781-650a-46e8-940e-a45bfdaa2a01-impl-thread1] INFO  impl.RoleInfo (RoleInfo.java:updateAndGet(148)) - a4f85781-650a-46e8-940e-a45bfdaa2a01: start a4f85781-650a-46e8-940e-a45bfdaa2a01@group-BBAD22E09632-FollowerState
2025-03-10 14:59:14,673 [a4f85781-650a-46e8-940e-a45bfdaa2a01-impl-thread1] INFO  util.JmxRegister (JmxRegister.java:tryRegister(44)) - Successfully registered JMX Bean with object name Ratis:service=RaftServer,group=group-BBAD22E09632,id=a4f85781-650a-46e8-940e-a45bfdaa2a01
2025-03-10 14:59:14,673 [a4f85781-650a-46e8-940e-a45bfdaa2a01-impl-thread1] INFO  util.JmxRegister (JmxRegister.java:register(58)) - register mxBean class org.apache.ratis.server.impl.RaftServerJmxAdapter as Ratis:service=RaftServer,group=group-BBAD22E09632,id=a4f85781-650a-46e8-940e-a45bfdaa2a01
2025-03-10 14:59:14,673 [a4f85781-650a-46e8-940e-a45bfdaa2a01-impl-thread1] INFO  server.RaftServerConfigKeys (ConfUtils.java:logGet(46)) - raft.server.snapshot.trigger-when-stop.enabled = true (default)
2025-03-10 14:59:14,673 [a4f85781-650a-46e8-940e-a45bfdaa2a01-impl-thread1] INFO  server.RaftServerConfigKeys (ConfUtils.java:logGet(46)) - raft.server.snapshot.trigger-when-remove.enabled = true (default)
2025-03-10 14:59:14,673 [a4f85781-650a-46e8-940e-a45bfdaa2a01-impl-thread1] INFO  server.RaftServerConfigKeys (ConfUtils.java:logGet(46)) - raft.server.snapshot.auto.trigger.enabled = true (custom)
2025-03-10 14:59:14,673 [a4f85781-650a-46e8-940e-a45bfdaa2a01@group-BBAD22E09632-FollowerState] INFO  server.RaftServerConfigKeys (ConfUtils.java:logFallback(53)) - raft.server.rpc.first-election.timeout.min = 5000ms (fallback to raft.server.rpc.timeout.min)
2025-03-10 14:59:14,673 [a4f85781-650a-46e8-940e-a45bfdaa2a01-impl-thread1] INFO  server.RaftServerConfigKeys (ConfUtils.java:logGet(46)) - raft.server.snapshot.auto.trigger.threshold = 1000 (custom)
2025-03-10 14:59:14,673 [a4f85781-650a-46e8-940e-a45bfdaa2a01@group-BBAD22E09632-FollowerState] INFO  server.RaftServerConfigKeys (ConfUtils.java:logFallback(53)) - raft.server.rpc.first-election.timeout.max = 5200ms (fallback to raft.server.rpc.timeout.max)
2025-03-10 14:59:14,673 [a4f85781-650a-46e8-940e-a45bfdaa2a01-impl-thread1] INFO  server.RaftServerConfigKeys (ConfUtils.java:logGet(46)) - raft.server.snapshot.retention.file.num = -1 (default)
2025-03-10 14:59:14,673 [a4f85781-650a-46e8-940e-a45bfdaa2a01-impl-thread1] INFO  server.RaftServerConfigKeys (ConfUtils.java:logGet(46)) - raft.server.log.purge.upto.snapshot.index = false (default)
2025-03-10 14:59:14,673 [a4f85781-650a-46e8-940e-a45bfdaa2a01-impl-thread1] INFO  server.RaftServer$Division (RaftServerImpl.java:start(405)) - a4f85781-650a-46e8-940e-a45bfdaa2a01@group-BBAD22E09632: Successfully started.
2025-03-10 14:59:14,673 [main] INFO  server.RaftServer (RaftServerProxy.java:startImpl(407)) - a4f85781-650a-46e8-940e-a45bfdaa2a01: start RPC server
2025-03-10 14:59:14,674 [main] INFO  server.GrpcService (GrpcService.java:startImpl(334)) - a4f85781-650a-46e8-940e-a45bfdaa2a01: GrpcService started, listening on 15041
2025-03-10 14:59:14,674 [main] INFO  ha.SCMHAManagerImpl (SCMHAManagerImpl.java:start(131)) -  scm role is FOLLOWER peers [a4f85781-650a-46e8-940e-a45bfdaa2a01|fv-az1384-231:15041]
2025-03-10 14:59:14,674 [main] INFO  ha.InterSCMGrpcService (InterSCMGrpcProtocolService.java:start(98)) - Starting SCM Grpc Service at port 15042
2025-03-10 14:59:14,675 [JvmPauseMonitor8] INFO  util.JvmPauseMonitor (JvmPauseMonitor.java:run(146)) - JvmPauseMonitor-a4f85781-650a-46e8-940e-a45bfdaa2a01: Started
2025-03-10 14:59:14,675 [main] INFO  SCMHATransactionMonitor (BackgroundSCMService.java:start(64)) - Starting SCMHATransactionMonitor Service.
2025-03-10 14:59:14,675 [main] INFO  ha.SCMServiceManager (SCMServiceManager.java:register(42)) - Registering service SCMHATransactionMonitor.
2025-03-10 14:59:14,675 [main] INFO  SCMHATransactionMonitor (BackgroundSCMService.java:start(61)) - SCMHATransactionMonitor Service is already running, skip start.
2025-03-10 14:59:14,677 [main] WARN  impl.MetricsConfig (MetricsConfig.java:loadFirst(138)) - Cannot locate configuration: tried hadoop-metrics2-storagecontainermanager.properties,hadoop-metrics2.properties
2025-03-10 14:59:14,678 [main] INFO  impl.MetricsSystemImpl (MetricsSystemImpl.java:startTimer(378)) - Scheduled Metric snapshot period at 10 second(s).
2025-03-10 14:59:14,678 [main] INFO  impl.MetricsSystemImpl (MetricsSystemImpl.java:start(191)) - StorageContainerManager metrics system started
2025-03-10 14:59:14,687 [main] INFO  impl.MetricsSinkAdapter (MetricsSinkAdapter.java:start(204)) - Sink prometheus started
2025-03-10 14:59:14,687 [main] INFO  impl.MetricsSystemImpl (MetricsSystemImpl.java:registerSink(305)) - Registered sink prometheus
2025-03-10 14:59:14,700 [main] INFO  server.SCMClientProtocolServer (SCMClientProtocolServer.java:start(206)) - RPC server for Client  is listening at /0.0.0.0:15037
2025-03-10 14:59:14,701 [IPC Server Responder] INFO  ipc.Server (Server.java:run(1713)) - IPC Server Responder: starting
2025-03-10 14:59:14,701 [IPC Server listener on 15037] INFO  ipc.Server (Server.java:run(1553)) - IPC Server listener on 15037: starting
2025-03-10 14:59:14,714 [main] INFO  server.StorageContainerManager (StorageContainerManager.java:start(1513)) - ScmBlockLocationProtocol RPC server is listening at /0.0.0.0:15038
2025-03-10 14:59:14,715 [main] INFO  server.SCMBlockProtocolServer (SCMBlockProtocolServer.java:start(165)) - RPC server for Block Protocol is listening at /0.0.0.0:15038
2025-03-10 14:59:14,716 [IPC Server Responder] INFO  ipc.Server (Server.java:run(1713)) - IPC Server Responder: starting
2025-03-10 14:59:14,716 [IPC Server listener on 15038] INFO  ipc.Server (Server.java:run(1553)) - IPC Server listener on 15038: starting
2025-03-10 14:59:14,729 [main] INFO  http.BaseHttpServer (BaseHttpServer.java:newHttpServer2BuilderForOzone(229)) - Starting Web-server for scm at: http://0.0.0.0:15040
2025-03-10 14:59:14,729 [main] INFO  http.BaseHttpServer (BaseHttpServer.java:<init>(107)) - Hadoop Security Enabled: false Ozone Security Enabled: false Ozone HTTP Security Enabled: false 
2025-03-10 14:59:14,730 [main] WARN  server.AuthenticationFilter (AuthenticationFilter.java:constructSecretProvider(240)) - Unable to initialize FileSignerSecretProvider, falling back to use random secrets. Reason: Could not read signature secret file: /home/runner/hadoop-http-auth-signature-secret
2025-03-10 14:59:14,731 [main] INFO  http.HttpRequestLog (HttpRequestLog.java:getRequestLog(85)) - Http request log for http.requests.scm is not defined
2025-03-10 14:59:14,732 [main] INFO  http.HttpServer2 (HttpServer2.java:addGlobalFilter(1040)) - Added global filter 'safety' (class=org.apache.hadoop.hdds.server.http.HttpServer2$QuotingInputFilter)
2025-03-10 14:59:14,732 [main] INFO  http.HttpServer2 (HttpServer2.java:addFilter(1016)) - Added filter static_user_filter (class=org.apache.hadoop.http.lib.StaticUserWebFilter$StaticUserFilter) to context scm
2025-03-10 14:59:14,732 [main] INFO  http.HttpServer2 (HttpServer2.java:addFilter(1024)) - Added filter static_user_filter (class=org.apache.hadoop.http.lib.StaticUserWebFilter$StaticUserFilter) to context logs
2025-03-10 14:59:14,733 [main] INFO  http.HttpServer2 (HttpServer2.java:addFilter(1024)) - Added filter static_user_filter (class=org.apache.hadoop.http.lib.StaticUserWebFilter$StaticUserFilter) to context static
2025-03-10 14:59:14,734 [main] INFO  http.BaseHttpServer (BaseHttpServer.java:<init>(195)) - HTTP server of scm uses base directory /home/runner/work/ozone/ozone/hadoop-ozone/integration-test/target/test-dir/MiniOzoneClusterImpl-92936399-7d39-4e90-b2ee-bbad22e09632/ozone-meta/webserver
2025-03-10 14:59:14,734 [main] INFO  http.HttpServer2 (HttpServer2.java:bindListener(1240)) - Jetty bound to port 15040
2025-03-10 14:59:14,734 [main] INFO  server.Server (Server.java:doStart(375)) - jetty-9.4.57.v20241219; built: 2025-01-08T21:24:30.412Z; git: df524e6b29271c2e09ba9aea83c18dc9db464a31; jvm 21.0.6+7-LTS
2025-03-10 14:59:14,735 [main] INFO  server.session (DefaultSessionIdManager.java:doStart(334)) - DefaultSessionIdManager workerName=node0
2025-03-10 14:59:14,735 [main] INFO  server.session (DefaultSessionIdManager.java:doStart(339)) - No SessionScavenger set, using defaults
2025-03-10 14:59:14,735 [main] INFO  server.session (HouseKeeper.java:startScavenging(132)) - node0 Scavenging every 600000ms
2025-03-10 14:59:14,737 [main] INFO  handler.ContextHandler (ContextHandler.java:doStart(921)) - Started o.e.j.s.ServletContextHandler@277a1c6{logs,/logs,file:///home/runner/work/ozone/ozone/hadoop-ozone/integration-test/target/log,AVAILABLE}
2025-03-10 14:59:14,737 [main] INFO  handler.ContextHandler (ContextHandler.java:doStart(921)) - Started o.e.j.s.ServletContextHandler@29f20756{static,/static,file:///home/runner/work/ozone/ozone/hadoop-ozone/integration-test/target/test-classes/webapps/static,AVAILABLE}
2025-03-10 14:59:14,743 [main] INFO  handler.ContextHandler (ContextHandler.java:doStart(921)) - Started o.e.j.w.WebAppContext@19469022{scm,/,file:///home/runner/work/ozone/ozone/hadoop-ozone/integration-test/target/test-classes/webapps/scm/,AVAILABLE}{file:/home/runner/work/ozone/ozone/hadoop-ozone/integration-test/target/test-classes/webapps/scm}
2025-03-10 14:59:14,744 [main] INFO  server.AbstractConnector (AbstractConnector.java:doStart(333)) - Started ServerConnector@60fa2d75{HTTP/1.1, (http/1.1)}{0.0.0.0:15040}
2025-03-10 14:59:14,744 [main] INFO  server.Server (Server.java:doStart(415)) - Started @55784ms
2025-03-10 14:59:14,744 [main] WARN  impl.MetricsSystemImpl (MetricsSystemImpl.java:register(279)) - Sink prometheus already exists!
2025-03-10 14:59:14,744 [main] INFO  http.BaseHttpServer (BaseHttpServer.java:updateConnectorAddress(360)) - HTTP server of scm listening at http://0.0.0.0:15040
2025-03-10 14:59:14,745 [main] WARN  server.ServerUtils (ServerUtils.java:getDBPath(297)) - ozone.om.db.dirs is not configured. We recommend adding this setting. Falling back to ozone.metadata.dirs instead.
2025-03-10 14:59:14,746 [main] INFO  ha.OMHANodeDetails (OMHANodeDetails.java:loadOMHAConfig(114)) - ozone.om.internal.service.id is not defined, falling back to ozone.om.service.ids to find serviceID for OzoneManager if it is HA enabled cluster
2025-03-10 14:59:14,747 [main] INFO  ha.OMHANodeDetails (OMHANodeDetails.java:loadOMHAConfig(225)) - Configuration does not have ozone.om.address set. Falling back to the default OM address /127.0.0.1:15043
2025-03-10 14:59:14,747 [main] INFO  ha.OMHANodeDetails (OMHANodeDetails.java:getOMNodeDetailsForNonHA(253)) - OM Service ID is not set. Setting it to the default ID: omServiceIdDefault
2025-03-10 14:59:14,747 [main] INFO  ha.OMHANodeDetails (OMHANodeDetails.java:getOMNodeDetailsForNonHA(260)) - OM Node ID is not set. Setting it to the default ID: om1
2025-03-10 14:59:14,747 [main] WARN  server.ServerUtils (ServerUtils.java:getDBPath(297)) - ozone.om.db.dirs is not configured. We recommend adding this setting. Falling back to ozone.metadata.dirs instead.
2025-03-10 14:59:14,749 [main] INFO  upgrade.AbstractLayoutVersionManager (AbstractLayoutVersionManager.java:init(80)) - Initializing Layout version manager with metadata layout = DELEGATION_TOKEN_SYMMETRIC_SIGN (version = 8), software layout = DELEGATION_TOKEN_SYMMETRIC_SIGN (version = 8)
2025-03-10 14:59:14,816 [main] INFO  reflections.Reflections (Reflections.java:scan(219)) - Reflections took 67 ms to scan 2 urls, producing 202 keys and 597 values
2025-03-10 14:59:14,817 [main] INFO  upgrade.OMLayoutVersionManager (OMLayoutVersionManager.java:lambda$0(110)) - Skipping Upgrade Action QuotaRepairUpgradeAction since it has been finalized.
2025-03-10 14:59:14,817 [main] INFO  upgrade.OMLayoutVersionManager (OMLayoutVersionManager.java:lambda$0(110)) - Skipping Upgrade Action MockOmUpgradeAction since it has been finalized.
2025-03-10 14:59:14,818 [main] WARN  server.ServerUtils (ServerUtils.java:getDBPath(297)) - ozone.om.db.dirs is not configured. We recommend adding this setting. Falling back to ozone.metadata.dirs instead.
2025-03-10 14:59:14,818 [main] INFO  om.OzoneManager (OzoneManager.java:setReplicationFromConfig(4495)) - Set default replication in OM: RATIS/3 -> RATIS/THREE
2025-03-10 14:59:14,819 [main] INFO  proxy.SCMContainerLocationFailoverProxyProvider (SCMFailoverProxyProviderBase.java:<init>(120)) - Created fail-over proxy for protocol StorageContainerLocationProtocolPB with 1 nodes: [nodeId=scmNodeId,nodeAddress=/0.0.0.0:15037]
2025-03-10 14:59:14,820 [main] INFO  proxy.SCMBlockLocationFailoverProxyProvider (SCMFailoverProxyProviderBase.java:<init>(120)) - Created fail-over proxy for protocol ScmBlockLocationProtocolPB with 1 nodes: [nodeId=scmNodeId,nodeAddress=/0.0.0.0:15038]
2025-03-10 14:59:14,822 [main] INFO  proxy.SCMBlockLocationFailoverProxyProvider (SCMFailoverProxyProviderBase.java:<init>(120)) - Created fail-over proxy for protocol ScmBlockLocationProtocolPB with 1 nodes: [nodeId=scmNodeId,nodeAddress=/0.0.0.0:15038]
2025-03-10 14:59:16,831 [main] INFO  retry.RetryInvocationHandler (RetryInvocationHandler.java:log(426)) - com.google.protobuf.ServiceException: org.apache.hadoop.ipc.RemoteException(org.apache.hadoop.hdds.ratis.ServerNotLeaderException): SCM Server:a4f85781-650a-46e8-940e-a45bfdaa2a01(fv-az1384-231.gpq2x2ivaaoebfs5ykq4ww3pqb.bx.internal.cloudapp.net) is not the leader. Could not determine the leader node.
	at org.apache.hadoop.hdds.ratis.ServerNotLeaderException.convertToNotLeaderException(ServerNotLeaderException.java:106)
	at org.apache.hadoop.hdds.scm.ha.RatisUtil.checkRatisException(RatisUtil.java:247)
	at org.apache.hadoop.hdds.scm.protocol.ScmBlockLocationProtocolServerSideTranslatorPB.send(ScmBlockLocationProtocolServerSideTranslatorPB.java:111)
	at org.apache.hadoop.hdds.protocol.proto.ScmBlockLocationProtocolProtos$ScmBlockLocationProtocolService$2.callBlockingMethod(ScmBlockLocationProtocolProtos.java:15776)
	at org.apache.hadoop.ipc.ProtobufRpcEngine$Server.processCall(ProtobufRpcEngine.java:484)
	at org.apache.hadoop.ipc.ProtobufRpcEngine2$Server$ProtoBufRpcInvoker.call(ProtobufRpcEngine2.java:595)
	at org.apache.hadoop.ipc.ProtobufRpcEngine2$Server$ProtoBufRpcInvoker.call(ProtobufRpcEngine2.java:573)
	at org.apache.hadoop.ipc.RPC$Server.call(RPC.java:1227)
	at org.apache.hadoop.ipc.Server$RpcCall.run(Server.java:1246)
	at org.apache.hadoop.ipc.Server$RpcCall.run(Server.java:1169)
	at java.base/java.security.AccessController.doPrivileged(AccessController.java:714)
	at java.base/javax.security.auth.Subject.doAs(Subject.java:525)
	at org.apache.hadoop.security.UserGroupInformation.doAs(UserGroupInformation.java:1953)
	at org.apache.hadoop.ipc.Server$Handler.run(Server.java:3198)
, while invoking $Proxy55.send over nodeId=scmNodeId,nodeAddress=/0.0.0.0:15038 after 1 failover attempts. Trying to failover after sleeping for 2000ms. Current retry count: 1.
2025-03-10 14:59:18,834 [main] INFO  retry.RetryInvocationHandler (RetryInvocationHandler.java:log(426)) - com.google.protobuf.ServiceException: org.apache.hadoop.ipc.RemoteException(org.apache.hadoop.hdds.ratis.ServerNotLeaderException): SCM Server:a4f85781-650a-46e8-940e-a45bfdaa2a01(fv-az1384-231.gpq2x2ivaaoebfs5ykq4ww3pqb.bx.internal.cloudapp.net) is not the leader. Could not determine the leader node.
	at org.apache.hadoop.hdds.ratis.ServerNotLeaderException.convertToNotLeaderException(ServerNotLeaderException.java:106)
	at org.apache.hadoop.hdds.scm.ha.RatisUtil.checkRatisException(RatisUtil.java:247)
	at org.apache.hadoop.hdds.scm.protocol.ScmBlockLocationProtocolServerSideTranslatorPB.send(ScmBlockLocationProtocolServerSideTranslatorPB.java:111)
	at org.apache.hadoop.hdds.protocol.proto.ScmBlockLocationProtocolProtos$ScmBlockLocationProtocolService$2.callBlockingMethod(ScmBlockLocationProtocolProtos.java:15776)
	at org.apache.hadoop.ipc.ProtobufRpcEngine$Server.processCall(ProtobufRpcEngine.java:484)
	at org.apache.hadoop.ipc.ProtobufRpcEngine2$Server$ProtoBufRpcInvoker.call(ProtobufRpcEngine2.java:595)
	at org.apache.hadoop.ipc.ProtobufRpcEngine2$Server$ProtoBufRpcInvoker.call(ProtobufRpcEngine2.java:573)
	at org.apache.hadoop.ipc.RPC$Server.call(RPC.java:1227)
	at org.apache.hadoop.ipc.Server$RpcCall.run(Server.java:1246)
	at org.apache.hadoop.ipc.Server$RpcCall.run(Server.java:1169)
	at java.base/java.security.AccessController.doPrivileged(AccessController.java:714)
	at java.base/javax.security.auth.Subject.doAs(Subject.java:525)
	at org.apache.hadoop.security.UserGroupInformation.doAs(UserGroupInformation.java:1953)
	at org.apache.hadoop.ipc.Server$Handler.run(Server.java:3198)
, while invoking $Proxy55.send over nodeId=scmNodeId,nodeAddress=/0.0.0.0:15038 after 2 failover attempts. Trying to failover after sleeping for 2000ms. Current retry count: 2.
2025-03-10 14:59:19,689 [a4f85781-650a-46e8-940e-a45bfdaa2a01@group-BBAD22E09632-FollowerState] INFO  impl.FollowerState (FollowerState.java:runImpl(161)) - a4f85781-650a-46e8-940e-a45bfdaa2a01@group-BBAD22E09632-FollowerState: change to CANDIDATE, lastRpcElapsedTime:5016816512ns, electionTimeout:5016ms
2025-03-10 14:59:19,689 [a4f85781-650a-46e8-940e-a45bfdaa2a01@group-BBAD22E09632-FollowerState] INFO  impl.RoleInfo (RoleInfo.java:shutdownFollowerState(121)) - a4f85781-650a-46e8-940e-a45bfdaa2a01: shutdown a4f85781-650a-46e8-940e-a45bfdaa2a01@group-BBAD22E09632-FollowerState
2025-03-10 14:59:19,689 [a4f85781-650a-46e8-940e-a45bfdaa2a01@group-BBAD22E09632-FollowerState] INFO  server.RaftServer$Division (RaftServerImpl.java:setRole(378)) - a4f85781-650a-46e8-940e-a45bfdaa2a01@group-BBAD22E09632: changes role from  FOLLOWER to CANDIDATE at term 1 for changeToCandidate
2025-03-10 14:59:19,690 [a4f85781-650a-46e8-940e-a45bfdaa2a01@group-BBAD22E09632-FollowerState] INFO  server.RaftServerConfigKeys (ConfUtils.java:logGet(46)) - raft.server.leaderelection.pre-vote = true (default)
2025-03-10 14:59:19,690 [a4f85781-650a-46e8-940e-a45bfdaa2a01@group-BBAD22E09632-FollowerState] INFO  impl.RoleInfo (RoleInfo.java:updateAndGet(148)) - a4f85781-650a-46e8-940e-a45bfdaa2a01: start a4f85781-650a-46e8-940e-a45bfdaa2a01@group-BBAD22E09632-LeaderElection12
2025-03-10 14:59:19,690 [a4f85781-650a-46e8-940e-a45bfdaa2a01@group-BBAD22E09632-LeaderElection12] INFO  impl.LeaderElection (LeaderElection.java:askForVotes(332)) - a4f85781-650a-46e8-940e-a45bfdaa2a01@group-BBAD22E09632-LeaderElection12 PRE_VOTE round 0: submit vote requests at term 1 for conf: {index: 0, cur=peers:[a4f85781-650a-46e8-940e-a45bfdaa2a01|fv-az1384-231:15041]|listeners:[], old=null}
2025-03-10 14:59:19,690 [a4f85781-650a-46e8-940e-a45bfdaa2a01@group-BBAD22E09632-LeaderElection12] INFO  impl.LeaderElection (LeaderElection.java:askForVotes(334)) - a4f85781-650a-46e8-940e-a45bfdaa2a01@group-BBAD22E09632-LeaderElection12 PRE_VOTE round 0: result PASSED (term=1)
2025-03-10 14:59:19,692 [a4f85781-650a-46e8-940e-a45bfdaa2a01@group-BBAD22E09632-LeaderElection12] INFO  impl.LeaderElection (LeaderElection.java:askForVotes(332)) - a4f85781-650a-46e8-940e-a45bfdaa2a01@group-BBAD22E09632-LeaderElection12 ELECTION round 0: submit vote requests at term 2 for conf: {index: 0, cur=peers:[a4f85781-650a-46e8-940e-a45bfdaa2a01|fv-az1384-231:15041]|listeners:[], old=null}
2025-03-10 14:59:19,692 [a4f85781-650a-46e8-940e-a45bfdaa2a01@group-BBAD22E09632-LeaderElection12] INFO  impl.LeaderElection (LeaderElection.java:askForVotes(334)) - a4f85781-650a-46e8-940e-a45bfdaa2a01@group-BBAD22E09632-LeaderElection12 ELECTION round 0: result PASSED (term=2)
2025-03-10 14:59:19,692 [a4f85781-650a-46e8-940e-a45bfdaa2a01@group-BBAD22E09632-LeaderElection12] INFO  impl.RoleInfo (RoleInfo.java:shutdownLeaderElection(141)) - a4f85781-650a-46e8-940e-a45bfdaa2a01: shutdown a4f85781-650a-46e8-940e-a45bfdaa2a01@group-BBAD22E09632-LeaderElection12
2025-03-10 14:59:19,692 [a4f85781-650a-46e8-940e-a45bfdaa2a01@group-BBAD22E09632-LeaderElection12] INFO  server.RaftServer$Division (RaftServerImpl.java:setRole(378)) - a4f85781-650a-46e8-940e-a45bfdaa2a01@group-BBAD22E09632: changes role from CANDIDATE to LEADER at term 2 for changeToLeader
2025-03-10 14:59:19,692 [a4f85781-650a-46e8-940e-a45bfdaa2a01@group-BBAD22E09632-LeaderElection12] INFO  server.RaftServerConfigKeys (ConfUtils.java:logGet(46)) - raft.server.staging.catchup.gap = 1000 (default)
2025-03-10 14:59:19,693 [a4f85781-650a-46e8-940e-a45bfdaa2a01@group-BBAD22E09632-LeaderElection12] INFO  server.RaftServerConfigKeys (ConfUtils.java:logGet(46)) - raft.server.write.element-limit = 4096 (default)
2025-03-10 14:59:19,693 [a4f85781-650a-46e8-940e-a45bfdaa2a01@group-BBAD22E09632-LeaderElection12] INFO  server.RaftServerConfigKeys (ConfUtils.java:logGet(46)) - raft.server.write.byte-limit = 64MB (=67108864) (default)
2025-03-10 14:59:19,693 [a4f85781-650a-46e8-940e-a45bfdaa2a01@group-BBAD22E09632-LeaderElection12] INFO  server.RaftServerConfigKeys (ConfUtils.java:logGet(46)) - raft.server.watch.timeout = 10s (default)
2025-03-10 14:59:19,693 [a4f85781-650a-46e8-940e-a45bfdaa2a01@group-BBAD22E09632-LeaderElection12] INFO  server.RaftServerConfigKeys (ConfUtils.java:logGet(46)) - raft.server.watch.timeout.denomination = 1s (default)
2025-03-10 14:59:19,693 [a4f85781-650a-46e8-940e-a45bfdaa2a01@group-BBAD22E09632-LeaderElection12] INFO  server.RaftServerConfigKeys (ConfUtils.java:logGet(46)) - raft.server.watch.element-limit = 65536 (default)
2025-03-10 14:59:19,694 [a4f85781-650a-46e8-940e-a45bfdaa2a01@group-BBAD22E09632-LeaderElection12] INFO  server.RaftServerConfigKeys (ConfUtils.java:logGet(46)) - raft.server.read.leader.lease.enabled = false (default)
2025-03-10 14:59:19,694 [a4f85781-650a-46e8-940e-a45bfdaa2a01@group-BBAD22E09632-LeaderElection12] INFO  server.RaftServerConfigKeys (ConfUtils.java:logGet(46)) - raft.server.read.leader.lease.timeout.ratio = 0.9 (default)
2025-03-10 14:59:19,694 [a4f85781-650a-46e8-940e-a45bfdaa2a01@group-BBAD22E09632-LeaderElection12] INFO  server.RaftServerConfigKeys (ConfUtils.java:logGet(46)) - raft.server.rpc.timeout.min = 5000ms (custom)
2025-03-10 14:59:19,694 [a4f85781-650a-46e8-940e-a45bfdaa2a01@group-BBAD22E09632-LeaderElection12] INFO  server.RaftServerConfigKeys (ConfUtils.java:logGet(46)) - raft.server.log.log-metadata.enabled = true (default)
2025-03-10 14:59:19,694 [a4f85781-650a-46e8-940e-a45bfdaa2a01@group-BBAD22E09632-LeaderElection12] INFO  server.RaftServerConfigKeys (ConfUtils.java:logGet(46)) - raft.server.write.element-limit = 4096 (default)
2025-03-10 14:59:19,694 [a4f85781-650a-46e8-940e-a45bfdaa2a01@group-BBAD22E09632-LeaderElection12] INFO  server.RaftServerConfigKeys (ConfUtils.java:logGet(46)) - raft.server.write.follower.gap.ratio.max = -1.0 (default)
2025-03-10 14:59:19,694 [a4f85781-650a-46e8-940e-a45bfdaa2a01@group-BBAD22E09632-LeaderElection12] INFO  impl.RoleInfo (RoleInfo.java:updateAndGet(148)) - a4f85781-650a-46e8-940e-a45bfdaa2a01: start a4f85781-650a-46e8-940e-a45bfdaa2a01@group-BBAD22E09632-LeaderStateImpl
2025-03-10 14:59:19,694 [a4f85781-650a-46e8-940e-a45bfdaa2a01@group-BBAD22E09632-LeaderElection12] INFO  server.RaftServer$Division (RaftServerImpl.java:setFirstElection(562)) - a4f85781-650a-46e8-940e-a45bfdaa2a01@group-BBAD22E09632: set firstElectionSinceStartup to false for becomeLeader
2025-03-10 14:59:19,694 [a4f85781-650a-46e8-940e-a45bfdaa2a01@group-BBAD22E09632-LeaderElection12] INFO  ha.SCMStateMachine (SCMStateMachine.java:notifyLeaderChanged(294)) - current SCM becomes leader of term 2.
2025-03-10 14:59:19,694 [a4f85781-650a-46e8-940e-a45bfdaa2a01@group-BBAD22E09632-LeaderElection12] INFO  ha.SCMContext (SCMContext.java:updateLeaderAndTerm(95)) - update <isLeader,term> from <false,0> to <true,2>
2025-03-10 14:59:19,695 [a4f85781-650a-46e8-940e-a45bfdaa2a01@group-BBAD22E09632-LeaderElection12] INFO  server.RaftServer$Division (ServerState.java:setLeader(272)) - a4f85781-650a-46e8-940e-a45bfdaa2a01@group-BBAD22E09632: change Leader from null to a4f85781-650a-46e8-940e-a45bfdaa2a01 at term 2 for becomeLeader, leader elected after 5059ms
2025-03-10 14:59:19,695 [a4f85781-650a-46e8-940e-a45bfdaa2a01@group-BBAD22E09632-LeaderElection12] INFO  segmented.SegmentedRaftLogWorker (SegmentedRaftLogWorker.java:rollLogSegment(443)) - a4f85781-650a-46e8-940e-a45bfdaa2a01@group-BBAD22E09632-SegmentedRaftLogWorker: Rolling segment log-0_0 to index:0
2025-03-10 14:59:19,696 [a4f85781-650a-46e8-940e-a45bfdaa2a01@group-BBAD22E09632-LeaderElection12] INFO  server.RaftServer$Division (ServerState.java:setRaftConf(386)) - a4f85781-650a-46e8-940e-a45bfdaa2a01@group-BBAD22E09632: set configuration conf: {index: 1, cur=peers:[a4f85781-650a-46e8-940e-a45bfdaa2a01|fv-az1384-231:15041]|listeners:[], old=null}
2025-03-10 14:59:19,696 [a4f85781-650a-46e8-940e-a45bfdaa2a01@group-BBAD22E09632-SegmentedRaftLogWorker] INFO  segmented.SegmentedRaftLogWorker (SegmentedRaftLogWorker.java:execute(601)) - a4f85781-650a-46e8-940e-a45bfdaa2a01@group-BBAD22E09632-SegmentedRaftLogWorker: Rolled log segment from /home/runner/work/ozone/ozone/hadoop-ozone/integration-test/target/test-dir/MiniOzoneClusterImpl-92936399-7d39-4e90-b2ee-bbad22e09632/ozone-meta/scm-ha/92936399-7d39-4e90-b2ee-bbad22e09632/current/log_inprogress_0 to /home/runner/work/ozone/ozone/hadoop-ozone/integration-test/target/test-dir/MiniOzoneClusterImpl-92936399-7d39-4e90-b2ee-bbad22e09632/ozone-meta/scm-ha/92936399-7d39-4e90-b2ee-bbad22e09632/current/log_0-0
2025-03-10 14:59:19,696 [a4f85781-650a-46e8-940e-a45bfdaa2a01@group-BBAD22E09632-SegmentedRaftLogWorker] INFO  segmented.BufferedWriteChannel (BufferedWriteChannel.java:open(61)) - open log_inprogress_1 at position 0
2025-03-10 14:59:19,705 [a4f85781-650a-46e8-940e-a45bfdaa2a01@group-BBAD22E09632-SegmentedRaftLogWorker] INFO  segmented.SegmentedRaftLogWorker (SegmentedRaftLogWorker.java:execute(644)) - a4f85781-650a-46e8-940e-a45bfdaa2a01@group-BBAD22E09632-SegmentedRaftLogWorker: created new log segment /home/runner/work/ozone/ozone/hadoop-ozone/integration-test/target/test-dir/MiniOzoneClusterImpl-92936399-7d39-4e90-b2ee-bbad22e09632/ozone-meta/scm-ha/92936399-7d39-4e90-b2ee-bbad22e09632/current/log_inprogress_1
2025-03-10 14:59:19,707 [a4f85781-650a-46e8-940e-a45bfdaa2a01@group-BBAD22E09632-StateMachineUpdater] INFO  server.RaftServer$Division (LeaderStateImpl.java:checkStartIndex(313)) - Leader a4f85781-650a-46e8-940e-a45bfdaa2a01@group-BBAD22E09632-LeaderStateImpl is ready since appliedIndex == startIndex == 1
2025-03-10 14:59:19,707 [a4f85781-650a-46e8-940e-a45bfdaa2a01@group-BBAD22E09632-StateMachineUpdater] INFO  ha.SCMContext (SCMContext.java:setLeaderReady(122)) - update <isLeaderReady> from <false> to <true>
2025-03-10 14:59:19,708 [a4f85781-650a-46e8-940e-a45bfdaa2a01@group-BBAD22E09632-StateMachineUpdater] INFO  pipeline.BackgroundPipelineCreator (BackgroundPipelineCreator.java:notifyStatusChanged(269)) - Service BackgroundPipelineCreator transitions to RUNNING.
2025-03-10 14:59:19,708 [a4f85781-650a-46e8-940e-a45bfdaa2a01@group-BBAD22E09632-StateMachineUpdater] INFO  safemode.HealthyPipelineSafeModeRule (HealthyPipelineSafeModeRule.java:initializeRule(174)) - Refreshed total pipeline count is 0, healthy pipeline threshold count is 1
2025-03-10 14:59:19,708 [a4f85781-650a-46e8-940e-a45bfdaa2a01@group-BBAD22E09632-StateMachineUpdater] INFO  safemode.ContainerSafeModeRule (ContainerSafeModeRule.java:initializeRule(356)) - Refreshed Containers with one replica threshold count 0, with ec n replica threshold count 0.
2025-03-10 14:59:19,708 [a4f85781-650a-46e8-940e-a45bfdaa2a01@group-BBAD22E09632-StateMachineUpdater] INFO  safemode.OneReplicaPipelineSafeModeRule (OneReplicaPipelineSafeModeRule.java:initializeRule(187)) - Refreshed Total pipeline count is 0, pipeline's with at least one datanode reported threshold count is 0
2025-03-10 14:59:19,708 [a4f85781-650a-46e8-940e-a45bfdaa2a01@group-BBAD22E09632-StateMachineUpdater] INFO  server.SCMDatanodeProtocolServer (SCMDatanodeProtocolServer.java:start(193)) - ScmDatanodeProtocol RPC server for DataNodes is listening at /0.0.0.0:15039
2025-03-10 14:59:19,709 [IPC Server Responder] INFO  ipc.Server (Server.java:run(1713)) - IPC Server Responder: starting
2025-03-10 14:59:19,709 [IPC Server listener on 15039] INFO  ipc.Server (Server.java:run(1553)) - IPC Server listener on 15039: starting
2025-03-10 14:59:20,837 [main] INFO  om.OzoneManager (OzoneManager.java:<init>(684)) - OM start with adminUsers: [runner]
2025-03-10 14:59:20,838 [main] WARN  server.ServerUtils (ServerUtils.java:getDBPath(297)) - ozone.om.db.dirs is not configured. We recommend adding this setting. Falling back to ozone.metadata.dirs instead.
2025-03-10 14:59:20,986 [main] INFO  om.OzoneManager (OzoneManager.java:instantiateServices(820)) - S3 Multi-Tenancy is disabled
2025-03-10 14:59:20,986 [main] INFO  om.OmSnapshotManager (OmSnapshotManager.java:<init>(180)) - Ozone filesystem snapshot feature is enabled.
2025-03-10 14:59:20,987 [main] WARN  server.ServerUtils (ServerUtils.java:getDBPath(297)) - ozone.om.snapshot.diff.db.dir is not configured. We recommend adding this setting. Falling back to ozone.metadata.dirs instead.
2025-03-10 14:59:21,001 [main] INFO  utils.NativeLibraryLoader (NativeLibraryLoader.java:loadLibrary(120)) - Loading Library: ozone_rocksdb_tools
2025-03-10 14:59:21,002 [main] WARN  snapshot.SnapshotDiffManager (SnapshotDiffManager.java:initNativeLibraryForEfficientDiff(285)) - Native Library for raw sst file reading loading failed. Fallback to performing a full diff instead. Unable to load library ozone_rocksdb_tools from both java.library.path & resource file libozone_rocksdb_tools.so from jar.
2025-03-10 14:59:21,004 [main] INFO  om.OzoneManager (OzoneManager.java:addS3GVolumeToDB(4553)) - Created Volume s3v With Owner runner required for S3Gateway operations.
2025-03-10 14:59:21,004 [main] WARN  server.ServerUtils (ServerUtils.java:getDefaultRatisDirectory(309)) - Storage directory for Ratis is not configured. It is a good idea to map this to an SSD disk. Falling back to ozone.metadata.dirs
2025-03-10 14:59:21,004 [main] WARN  utils.OzoneManagerRatisUtils (OzoneManagerRatisUtils.java:getOMRatisSnapshotDirectory(488)) - ozone.om.ratis.snapshot.dir is not configured. Falling back to ozone.metadata.dirs config
2025-03-10 14:59:21,005 [main] WARN  dropwizard3.Dm3MetricRegistriesImpl (Dm3MetricRegistriesImpl.java:addReporterRegistration(114)) - New reporters are added after registries were created. Some metrics will be missing from the reporter. Please add reporter before adding any new registry.
2025-03-10 14:59:21,005 [main] WARN  dropwizard3.Dm3MetricRegistriesImpl (Dm3MetricRegistriesImpl.java:addReporterRegistration(114)) - New reporters are added after registries were created. Some metrics will be missing from the reporter. Please add reporter before adding any new registry.
2025-03-10 14:59:21,005 [main] WARN  server.ServerUtils (ServerUtils.java:getDefaultRatisDirectory(309)) - Storage directory for Ratis is not configured. It is a good idea to map this to an SSD disk. Falling back to ozone.metadata.dirs
2025-03-10 14:59:21,006 [main] INFO  server.RaftServerConfigKeys (ConfUtils.java:logGet(46)) - raft.server.log.appender.buffer.byte-limit = 4194304 (custom)
2025-03-10 14:59:21,007 [main] INFO  ratis.OzoneManagerRatisServer (OzoneManagerRatisServer.java:<init>(167)) - Instantiating OM Ratis server with groupID: omServiceIdDefault and peers: localhost:15046
2025-03-10 14:59:21,007 [main] INFO  ratis.OzoneManagerStateMachine (OzoneManagerStateMachine.java:loadSnapshotInfoFromDB(608)) - TransactionInfo not found in OM DB.
2025-03-10 14:59:21,008 [main] INFO  server.RaftServer (ConfUtils.java:logGet(46)) - raft.rpc.type = GRPC (default)
2025-03-10 14:59:21,008 [main] INFO  grpc.GrpcConfigKeys (ConfUtils.java:logFallback(53)) - raft.grpc.admin.host = null (fallback to raft.grpc.server.host)
2025-03-10 14:59:21,008 [main] INFO  grpc.GrpcConfigKeys (ConfUtils.java:logFallback(53)) - raft.grpc.admin.port = 15046 (fallback to raft.grpc.server.port)
2025-03-10 14:59:21,008 [main] INFO  grpc.GrpcConfigKeys (ConfUtils.java:logFallback(53)) - raft.grpc.client.host = null (fallback to raft.grpc.server.host)
2025-03-10 14:59:21,008 [main] INFO  grpc.GrpcConfigKeys (ConfUtils.java:logFallback(53)) - raft.grpc.client.port = 15046 (fallback to raft.grpc.server.port)
2025-03-10 14:59:21,009 [main] INFO  grpc.GrpcConfigKeys (ConfUtils.java:logGet(46)) - raft.grpc.server.host = null (default)
2025-03-10 14:59:21,009 [main] INFO  grpc.GrpcConfigKeys (ConfUtils.java:logGet(46)) - raft.grpc.server.port = 15046 (custom)
2025-03-10 14:59:21,009 [main] INFO  server.GrpcService (ConfUtils.java:logGet(46)) - raft.grpc.message.size.max = 5242880 (custom)
2025-03-10 14:59:21,009 [main] INFO  server.GrpcService (ConfUtils.java:logGet(46)) - raft.grpc.flow.control.window = 1MB (=1048576) (default)
2025-03-10 14:59:21,009 [main] INFO  server.RaftServerConfigKeys (ConfUtils.java:logGet(46)) - raft.server.rpc.request.timeout = 3000ms (default)
2025-03-10 14:59:21,009 [main] INFO  grpc.GrpcConfigKeys (ConfUtils.java:logGet(46)) - raft.grpc.server.heartbeat.channel = true (default)
2025-03-10 14:59:21,009 [main] INFO  server.RaftServerConfigKeys (ConfUtils.java:logGet(46)) - raft.server.log.appender.buffer.byte-limit = 4194304 (custom)
2025-03-10 14:59:21,010 [main] INFO  grpc.GrpcConfigKeys (ConfUtils.java:logGet(46)) - raft.grpc.server.async.request.thread.pool.cached = true (default)
2025-03-10 14:59:21,010 [main] INFO  grpc.GrpcConfigKeys (ConfUtils.java:logGet(46)) - raft.grpc.server.async.request.thread.pool.size = 32 (default)
2025-03-10 14:59:21,011 [main] INFO  impl.DataStreamServerImpl (ConfUtils.java:logGet(46)) - raft.datastream.type = DISABLED (default)
2025-03-10 14:59:21,011 [main] INFO  server.RaftServerConfigKeys (ConfUtils.java:logGet(46)) - raft.server.sleep.deviation.threshold = 300ms (default)
2025-03-10 14:59:21,011 [main] INFO  server.RaftServerConfigKeys (ConfUtils.java:logGet(46)) - raft.server.close.threshold = 60s (default)
2025-03-10 14:59:21,011 [main] INFO  server.RaftServerConfigKeys (ConfUtils.java:logGet(46)) - raft.server.leaderelection.leader.step-down.wait-time = 10s (default)
2025-03-10 14:59:21,011 [main] INFO  server.RaftServerConfigKeys (ConfUtils.java:logGet(46)) - raft.server.storage.dir = [/home/runner/work/ozone/ozone/hadoop-ozone/integration-test/target/test-dir/MiniOzoneClusterImpl-92936399-7d39-4e90-b2ee-bbad22e09632/ozone-meta/ratis] (custom)
2025-03-10 14:59:21,011 [main] INFO  server.RaftServerConfigKeys (ConfUtils.java:logGet(46)) - raft.server.threadpool.proxy.cached = true (default)
2025-03-10 14:59:21,012 [main] INFO  server.RaftServerConfigKeys (ConfUtils.java:logGet(46)) - raft.server.threadpool.proxy.size = 0 (default)
2025-03-10 14:59:21,012 [main] INFO  server.RaftServer (RaftServerProxy.java:addNew(100)) - om1: addNew group-C5BA1605619E:[om1|localhost:15046] returns group-C5BA1605619E:java.util.concurrent.CompletableFuture@45b0f44b[Not completed]
2025-03-10 14:59:21,012 [main] INFO  om.OzoneManager (OzoneManager.java:initializeRatisServer(2190)) - OzoneManager Ratis server initialized at port 15046
2025-03-10 14:59:21,013 [main] INFO  om.OzoneManager (OzoneManager.java:getRpcServer(1247)) - Creating RPC Server
2025-03-10 14:59:21,012 [om1-groupManagement] INFO  server.RaftServer$Division (RaftServerImpl.java:<init>(255)) - om1: new RaftServerImpl for group-C5BA1605619E:[om1|localhost:15046] with OzoneManagerStateMachine:uninitialized
2025-03-10 14:59:21,013 [om1-groupManagement] INFO  server.RaftServerConfigKeys (ConfUtils.java:logGet(46)) - raft.server.rpc.timeout.min = 1s (custom)
2025-03-10 14:59:21,013 [om1-groupManagement] INFO  server.RaftServerConfigKeys (ConfUtils.java:logGet(46)) - raft.server.rpc.timeout.max = 1200ms (custom)
2025-03-10 14:59:21,013 [om1-groupManagement] INFO  server.RaftServerConfigKeys (ConfUtils.java:logGet(46)) - raft.server.rpc.sleep.time = 25ms (default)
2025-03-10 14:59:21,013 [om1-groupManagement] INFO  server.RaftServerConfigKeys (ConfUtils.java:logGet(46)) - raft.server.rpc.slowness.timeout = 120s (custom)
2025-03-10 14:59:21,013 [om1-groupManagement] INFO  server.RaftServerConfigKeys (ConfUtils.java:logGet(46)) - raft.server.leaderelection.leader.step-down.wait-time = 10s (default)
2025-03-10 14:59:21,013 [om1-groupManagement] INFO  server.RaftServerConfigKeys (ConfUtils.java:logGet(46)) - raft.server.leaderelection.member.majority-add = false (default)
2025-03-10 14:59:21,013 [om1-groupManagement] INFO  server.RaftServerConfigKeys (ConfUtils.java:logGet(46)) - raft.server.sleep.deviation.threshold = 300ms (default)
2025-03-10 14:59:21,013 [om1-groupManagement] INFO  server.RaftServer$Division (ServerState.java:<init>(114)) - om1@group-C5BA1605619E: ConfigurationManager, init=conf: {index: -1, cur=peers:[om1|localhost:15046]|listeners:[], old=null}, confs=<EMPTY_MAP>
2025-03-10 14:59:21,013 [om1-groupManagement] INFO  server.RaftServerConfigKeys (ConfUtils.java:logGet(46)) - raft.server.notification.no-leader.timeout = 120s (custom)
2025-03-10 14:59:21,013 [om1-groupManagement] INFO  server.RaftServerConfigKeys (ConfUtils.java:logGet(46)) - raft.server.read.timeout = 10s (default)
2025-03-10 14:59:21,014 [om1-groupManagement] INFO  server.RaftServerConfigKeys (ConfUtils.java:logGet(46)) - raft.server.retrycache.expirytime = 300s (custom)
2025-03-10 14:59:21,014 [om1-groupManagement] INFO  server.RaftServerConfigKeys (ConfUtils.java:logGet(46)) - raft.server.retrycache.statistics.expirytime = 100ms (default)
2025-03-10 14:59:21,014 [om1-groupManagement] INFO  server.RaftServerConfigKeys (ConfUtils.java:logGet(46)) - raft.server.read.option = DEFAULT (default)
2025-03-10 14:59:21,014 [om1-groupManagement] INFO  server.RaftServerConfigKeys (ConfUtils.java:logGet(46)) - raft.server.read.read-after-write-consistent.write-index-cache.expiry-time = 60s (default)
2025-03-10 14:59:21,019 [om1-groupManagement] INFO  server.RaftServerConfigKeys (ConfUtils.java:logGet(46)) - raft.server.rpc.request.timeout = 3000ms (default)
2025-03-10 14:59:21,019 [om1-groupManagement] INFO  server.RaftServerConfigKeys (ConfUtils.java:logGet(46)) - raft.server.log.appender.install.snapshot.enabled = false (custom)
2025-03-10 14:59:21,019 [om1-groupManagement] INFO  server.RaftServerConfigKeys (ConfUtils.java:logGet(46)) - raft.server.threadpool.server.cached = true (default)
2025-03-10 14:59:21,019 [om1-groupManagement] INFO  server.RaftServerConfigKeys (ConfUtils.java:logGet(46)) - raft.server.threadpool.server.size = 0 (default)
2025-03-10 14:59:21,019 [om1-groupManagement] INFO  server.RaftServerConfigKeys (ConfUtils.java:logGet(46)) - raft.server.threadpool.client.cached = true (default)
2025-03-10 14:59:21,019 [om1-groupManagement] INFO  server.RaftServerConfigKeys (ConfUtils.java:logGet(46)) - raft.server.threadpool.client.size = 0 (default)
2025-03-10 14:59:21,493 [main] INFO  reflections.Reflections (Reflections.java:scan(219)) - Reflections took 479 ms to scan 21 urls, producing 61 keys and 7356 values
2025-03-10 14:59:21,495 [main] INFO  ipc.CallQueueManager (CallQueueManager.java:<init>(93)) - Using callQueue: class java.util.concurrent.LinkedBlockingQueue, queueCapacity: 2000, scheduler: class org.apache.hadoop.ipc.DefaultRpcScheduler, ipcBackoff: false, ipcFailOver: false.
2025-03-10 14:59:21,495 [main] INFO  ipc.Server (Server.java:<init>(1438)) - Listener at 127.0.0.1:15043
2025-03-10 14:59:21,496 [Socket Reader #1 for port 15043] INFO  ipc.Server (Server.java:run(1474)) - Starting Socket Reader #1 for port 15043
2025-03-10 14:59:21,496 [Socket Reader #2 for port 15043] INFO  ipc.Server (Server.java:run(1474)) - Starting Socket Reader #2 for port 15043
2025-03-10 14:59:21,496 [Socket Reader #3 for port 15043] INFO  ipc.Server (Server.java:run(1474)) - Starting Socket Reader #3 for port 15043
2025-03-10 14:59:21,496 [Socket Reader #4 for port 15043] INFO  ipc.Server (Server.java:run(1474)) - Starting Socket Reader #4 for port 15043
2025-03-10 14:59:21,496 [Socket Reader #5 for port 15043] INFO  ipc.Server (Server.java:run(1474)) - Starting Socket Reader #5 for port 15043
2025-03-10 14:59:21,496 [Socket Reader #6 for port 15043] INFO  ipc.Server (Server.java:run(1474)) - Starting Socket Reader #6 for port 15043
2025-03-10 14:59:21,496 [Socket Reader #7 for port 15043] INFO  ipc.Server (Server.java:run(1474)) - Starting Socket Reader #7 for port 15043
2025-03-10 14:59:21,497 [Socket Reader #8 for port 15043] INFO  ipc.Server (Server.java:run(1474)) - Starting Socket Reader #8 for port 15043
2025-03-10 14:59:21,497 [Socket Reader #9 for port 15043] INFO  ipc.Server (Server.java:run(1474)) - Starting Socket Reader #9 for port 15043
2025-03-10 14:59:21,497 [Socket Reader #10 for port 15043] INFO  ipc.Server (Server.java:run(1474)) - Starting Socket Reader #10 for port 15043
2025-03-10 14:59:21,516 [main] INFO  impl.MetricsSystemImpl (MetricsSystemImpl.java:init(158)) - OzoneManager metrics system started (again)
2025-03-10 14:59:21,524 [main] INFO  om.OzoneManager (OzoneManager.java:start(1674)) - OzoneManager RPC server is listening at localhost/127.0.0.1:15043
2025-03-10 14:59:21,524 [main] INFO  ratis.OzoneManagerRatisServer (OzoneManagerRatisServer.java:start(630)) - Starting OzoneManagerRatisServer om1 at port 15046
2025-03-10 14:59:21,525 [om1-impl-thread1] INFO  server.RaftServerConfigKeys (ConfUtils.java:logGet(46)) - raft.server.storage.free-space.min = 0MB (=0) (default)
2025-03-10 14:59:21,525 [om1-impl-thread1] INFO  server.RaftServerConfigKeys (ConfUtils.java:logGet(46)) - raft.server.log.corruption.policy = EXCEPTION (default)
2025-03-10 14:59:21,525 [om1-impl-thread1] INFO  server.RaftServerConfigKeys (ConfUtils.java:logGet(46)) - raft.server.storage.dir = [/home/runner/work/ozone/ozone/hadoop-ozone/integration-test/target/test-dir/MiniOzoneClusterImpl-92936399-7d39-4e90-b2ee-bbad22e09632/ozone-meta/ratis] (custom)
2025-03-10 14:59:21,525 [om1-impl-thread1] INFO  storage.RaftStorageDirectory (RaftStorageDirectoryImpl.java:analyzeStorage(138)) - The storage directory /home/runner/work/ozone/ozone/hadoop-ozone/integration-test/target/test-dir/MiniOzoneClusterImpl-92936399-7d39-4e90-b2ee-bbad22e09632/ozone-meta/ratis/bf265839-605b-3f16-9796-c5ba1605619e does not exist. Creating ...
2025-03-10 14:59:21,526 [om1-impl-thread1] INFO  storage.RaftStorageDirectory (RaftStorageDirectoryImpl.java:tryLock(229)) - Lock on /home/runner/work/ozone/ozone/hadoop-ozone/integration-test/target/test-dir/MiniOzoneClusterImpl-92936399-7d39-4e90-b2ee-bbad22e09632/ozone-meta/ratis/bf265839-605b-3f16-9796-c5ba1605619e/in_use.lock acquired by nodename 139316@fv-az1384-231
2025-03-10 14:59:21,528 [om1-impl-thread1] INFO  storage.RaftStorage (RaftStorageImpl.java:format(98)) - Storage directory /home/runner/work/ozone/ozone/hadoop-ozone/integration-test/target/test-dir/MiniOzoneClusterImpl-92936399-7d39-4e90-b2ee-bbad22e09632/ozone-meta/ratis/bf265839-605b-3f16-9796-c5ba1605619e has been successfully formatted.
2025-03-10 14:59:21,528 [om1-impl-thread1] INFO  ratis.OzoneManagerStateMachine (OzoneManagerStateMachine.java:lambda$0(138)) - om1: initialize group-C5BA1605619E with (t:0, i:~)
2025-03-10 14:59:21,528 [om1-impl-thread1] INFO  server.RaftServerConfigKeys (ConfUtils.java:logGet(46)) - raft.server.log.use.memory = false (default)
2025-03-10 14:59:21,528 [om1-impl-thread1] INFO  server.RaftServerConfigKeys (ConfUtils.java:logGet(46)) - raft.server.log.purge.gap = 1000000 (custom)
2025-03-10 14:59:21,528 [om1-impl-thread1] INFO  server.RaftServerConfigKeys (ConfUtils.java:logGet(46)) - raft.server.log.appender.buffer.byte-limit = 4194304 (custom)
2025-03-10 14:59:21,528 [om1-impl-thread1] INFO  server.RaftServerConfigKeys (ConfUtils.java:logGet(46)) - raft.server.log.statemachine.data.read.timeout = 1000ms (default)
2025-03-10 14:59:21,528 [om1-impl-thread1] INFO  server.RaftServerConfigKeys (ConfUtils.java:logGet(46)) - raft.server.log.purge.preservation.log.num = 0 (default)
2025-03-10 14:59:21,529 [om1-impl-thread1] INFO  server.RaftServerConfigKeys (ConfUtils.java:logGet(46)) - raft.server.log.segment.size.max = 4194304 (custom)
2025-03-10 14:59:21,529 [om1-impl-thread1] INFO  server.RaftServerConfigKeys (ConfUtils.java:logGet(46)) - raft.server.log.segment.cache.num.max = 2 (custom)
2025-03-10 14:59:21,529 [om1-impl-thread1] INFO  server.RaftServerConfigKeys (ConfUtils.java:logGet(46)) - raft.server.log.segment.cache.size.max = 200MB (=209715200) (default)
2025-03-10 14:59:21,529 [om1-impl-thread1] INFO  server.RaftServerConfigKeys (ConfUtils.java:logGet(46)) - raft.server.log.appender.buffer.byte-limit = 4194304 (custom)
2025-03-10 14:59:21,530 [om1-impl-thread1] INFO  util.AwaitToRun (AwaitToRun.java:start(81)) - Thread[#1605,om1@group-C5BA1605619E-cacheEviction-AwaitToRun,5,main] started
2025-03-10 14:59:21,530 [om1-impl-thread1] INFO  segmented.SegmentedRaftLogWorker (SegmentedRaftLogWorker.java:<init>(188)) - new om1@group-C5BA1605619E-SegmentedRaftLogWorker for RaftStorageImpl:Storage Directory /home/runner/work/ozone/ozone/hadoop-ozone/integration-test/target/test-dir/MiniOzoneClusterImpl-92936399-7d39-4e90-b2ee-bbad22e09632/ozone-meta/ratis/bf265839-605b-3f16-9796-c5ba1605619e
2025-03-10 14:59:21,530 [om1-impl-thread1] INFO  server.RaftServerConfigKeys (ConfUtils.java:logGet(46)) - raft.server.log.queue.byte-limit = 64MB (=67108864) (default)
2025-03-10 14:59:21,530 [om1-impl-thread1] INFO  server.RaftServerConfigKeys (ConfUtils.java:logGet(46)) - raft.server.log.queue.element-limit = 4096 (default)
2025-03-10 14:59:21,530 [om1-impl-thread1] INFO  server.RaftServerConfigKeys (ConfUtils.java:logGet(46)) - raft.server.log.segment.size.max = 4194304 (custom)
2025-03-10 14:59:21,530 [om1-impl-thread1] INFO  server.RaftServerConfigKeys (ConfUtils.java:logGet(46)) - raft.server.log.preallocated.size = 4194304 (custom)
2025-03-10 14:59:21,530 [om1-impl-thread1] INFO  server.RaftServerConfigKeys (ConfUtils.java:logGet(46)) - raft.server.log.force.sync.num = 128 (default)
2025-03-10 14:59:21,530 [om1-impl-thread1] INFO  server.RaftServerConfigKeys (ConfUtils.java:logGet(46)) - raft.server.log.statemachine.data.sync = true (default)
2025-03-10 14:59:21,530 [om1-impl-thread1] INFO  server.RaftServerConfigKeys (ConfUtils.java:logGet(46)) - raft.server.log.statemachine.data.sync.timeout = 10s (default)
2025-03-10 14:59:21,530 [om1-impl-thread1] INFO  server.RaftServerConfigKeys (ConfUtils.java:logGet(46)) - raft.server.log.statemachine.data.sync.timeout.retry = -1 (default)
2025-03-10 14:59:21,530 [om1-impl-thread1] INFO  server.RaftServerConfigKeys (ConfUtils.java:logGet(46)) - raft.server.log.write.buffer.size = 4194312 (custom)
2025-03-10 14:59:21,532 [om1-impl-thread1] INFO  server.RaftServerConfigKeys (ConfUtils.java:logGet(46)) - raft.server.log.appender.buffer.byte-limit = 4194304 (custom)
2025-03-10 14:59:21,532 [om1-impl-thread1] INFO  server.RaftServerConfigKeys (ConfUtils.java:logGet(46)) - raft.server.log.unsafe-flush.enabled = false (default)
2025-03-10 14:59:21,532 [om1-impl-thread1] INFO  server.RaftServerConfigKeys (ConfUtils.java:logGet(46)) - raft.server.log.async-flush.enabled = false (default)
2025-03-10 14:59:21,532 [om1-impl-thread1] INFO  server.RaftServerConfigKeys (ConfUtils.java:logGet(46)) - raft.server.log.statemachine.data.caching.enabled = false (default)
2025-03-10 14:59:21,532 [om1-impl-thread1] INFO  segmented.SegmentedRaftLogWorker (SegmentedRaftLogWorker.java:lambda$new$0(139)) - om1@group-C5BA1605619E-SegmentedRaftLogWorker: flushIndex: setUnconditionally 0 -> -1
2025-03-10 14:59:21,532 [om1-impl-thread1] INFO  segmented.SegmentedRaftLogWorker (SegmentedRaftLogWorker.java:lambda$new$0(139)) - om1@group-C5BA1605619E-SegmentedRaftLogWorker: safeCacheEvictIndex: setUnconditionally 0 -> -1
2025-03-10 14:59:21,532 [om1-impl-thread1] INFO  server.RaftServer$Division (RaftServerImpl.java:start(391)) - om1@group-C5BA1605619E: start as a follower, conf=conf: {index: -1, cur=peers:[om1|localhost:15046]|listeners:[], old=null}
2025-03-10 14:59:21,532 [om1-impl-thread1] INFO  server.RaftServer$Division (RaftServerImpl.java:setRole(378)) - om1@group-C5BA1605619E: changes role from      null to FOLLOWER at term 0 for startAsFollower
2025-03-10 14:59:21,532 [om1-impl-thread1] INFO  impl.RoleInfo (RoleInfo.java:updateAndGet(148)) - om1: start om1@group-C5BA1605619E-FollowerState
2025-03-10 14:59:21,533 [om1-impl-thread1] INFO  util.JmxRegister (JmxRegister.java:tryRegister(44)) - Successfully registered JMX Bean with object name Ratis:service=RaftServer,group=group-C5BA1605619E,id=om1
2025-03-10 14:59:21,533 [om1-impl-thread1] INFO  util.JmxRegister (JmxRegister.java:register(58)) - register mxBean class org.apache.ratis.server.impl.RaftServerJmxAdapter as Ratis:service=RaftServer,group=group-C5BA1605619E,id=om1
2025-03-10 14:59:21,533 [om1-impl-thread1] INFO  server.RaftServerConfigKeys (ConfUtils.java:logGet(46)) - raft.server.snapshot.trigger-when-stop.enabled = true (default)
2025-03-10 14:59:21,533 [om1-impl-thread1] INFO  server.RaftServerConfigKeys (ConfUtils.java:logGet(46)) - raft.server.snapshot.trigger-when-remove.enabled = true (default)
2025-03-10 14:59:21,533 [om1@group-C5BA1605619E-FollowerState] INFO  server.RaftServerConfigKeys (ConfUtils.java:logFallback(53)) - raft.server.rpc.first-election.timeout.min = 1s (fallback to raft.server.rpc.timeout.min)
2025-03-10 14:59:21,533 [om1-impl-thread1] INFO  server.RaftServerConfigKeys (ConfUtils.java:logGet(46)) - raft.server.snapshot.auto.trigger.enabled = true (custom)
2025-03-10 14:59:21,533 [om1@group-C5BA1605619E-FollowerState] INFO  server.RaftServerConfigKeys (ConfUtils.java:logFallback(53)) - raft.server.rpc.first-election.timeout.max = 1200ms (fallback to raft.server.rpc.timeout.max)
2025-03-10 14:59:21,533 [om1-impl-thread1] INFO  server.RaftServerConfigKeys (ConfUtils.java:logGet(46)) - raft.server.snapshot.auto.trigger.threshold = 400000 (default)
2025-03-10 14:59:21,533 [om1-impl-thread1] INFO  server.RaftServerConfigKeys (ConfUtils.java:logGet(46)) - raft.server.snapshot.retention.file.num = -1 (default)
2025-03-10 14:59:21,533 [om1-impl-thread1] INFO  server.RaftServerConfigKeys (ConfUtils.java:logGet(46)) - raft.server.log.purge.upto.snapshot.index = true (custom)
2025-03-10 14:59:21,534 [om1-impl-thread1] INFO  server.RaftServer$Division (RaftServerImpl.java:start(405)) - om1@group-C5BA1605619E: Successfully started.
2025-03-10 14:59:21,534 [main] INFO  server.RaftServer (RaftServerProxy.java:startImpl(407)) - om1: start RPC server
2025-03-10 14:59:21,535 [main] INFO  server.GrpcService (GrpcService.java:startImpl(334)) - om1: GrpcService started, listening on 15046
2025-03-10 14:59:21,535 [JvmPauseMonitor9] INFO  util.JvmPauseMonitor (JvmPauseMonitor.java:run(146)) - JvmPauseMonitor-om1: Started
2025-03-10 14:59:21,536 [main] INFO  om.OzoneManager (OzoneManager.java:start(1689)) - Version File has different layout version (8) than OM DB (null). That is expected if this OM has never been finalized to a newer layout version.
2025-03-10 14:59:21,539 [main] INFO  client.ScmTopologyClient (ScmTopologyClient.java:start(70)) - Initial network topology fetched from SCM: /.
2025-03-10 14:59:21,540 [main] INFO  net.NodeSchemaLoader (NodeSchemaLoader.java:loadSchemaFromFile(127)) - Loading schema from [jar:file:/home/runner/work/ozone/ozone/hadoop-hdds/common/target/hdds-common-2.0.0-SNAPSHOT.jar!/network-topology-default.xml]
2025-03-10 14:59:21,540 [main] INFO  net.NodeSchemaLoader (NodeSchemaLoader.java:loadSchema(174)) - Loading network topology layer schema file
2025-03-10 14:59:21,545 [main] INFO  http.BaseHttpServer (BaseHttpServer.java:newHttpServer2BuilderForOzone(229)) - Starting Web-server for ozoneManager at: http://0.0.0.0:15044
2025-03-10 14:59:21,545 [main] INFO  http.BaseHttpServer (BaseHttpServer.java:<init>(107)) - Hadoop Security Enabled: false Ozone Security Enabled: false Ozone HTTP Security Enabled: false 
2025-03-10 14:59:21,547 [main] WARN  server.AuthenticationFilter (AuthenticationFilter.java:constructSecretProvider(240)) - Unable to initialize FileSignerSecretProvider, falling back to use random secrets. Reason: Could not read signature secret file: /home/runner/hadoop-http-auth-signature-secret
2025-03-10 14:59:21,547 [main] INFO  http.HttpRequestLog (HttpRequestLog.java:getRequestLog(85)) - Http request log for http.requests.ozoneManager is not defined
2025-03-10 14:59:21,548 [main] INFO  http.HttpServer2 (HttpServer2.java:addGlobalFilter(1040)) - Added global filter 'safety' (class=org.apache.hadoop.hdds.server.http.HttpServer2$QuotingInputFilter)
2025-03-10 14:59:21,549 [main] INFO  http.HttpServer2 (HttpServer2.java:addFilter(1016)) - Added filter static_user_filter (class=org.apache.hadoop.http.lib.StaticUserWebFilter$StaticUserFilter) to context ozoneManager
2025-03-10 14:59:21,549 [main] INFO  http.HttpServer2 (HttpServer2.java:addFilter(1024)) - Added filter static_user_filter (class=org.apache.hadoop.http.lib.StaticUserWebFilter$StaticUserFilter) to context logs
2025-03-10 14:59:21,549 [main] INFO  http.HttpServer2 (HttpServer2.java:addFilter(1024)) - Added filter static_user_filter (class=org.apache.hadoop.http.lib.StaticUserWebFilter$StaticUserFilter) to context static
2025-03-10 14:59:21,550 [main] INFO  http.BaseHttpServer (BaseHttpServer.java:<init>(195)) - HTTP server of ozoneManager uses base directory /home/runner/work/ozone/ozone/hadoop-ozone/integration-test/target/test-dir/MiniOzoneClusterImpl-92936399-7d39-4e90-b2ee-bbad22e09632/ozone-meta/webserver
2025-03-10 14:59:21,550 [main] INFO  http.HttpServer2 (HttpServer2.java:bindListener(1240)) - Jetty bound to port 15044
2025-03-10 14:59:21,551 [main] INFO  server.Server (Server.java:doStart(375)) - jetty-9.4.57.v20241219; built: 2025-01-08T21:24:30.412Z; git: df524e6b29271c2e09ba9aea83c18dc9db464a31; jvm 21.0.6+7-LTS
2025-03-10 14:59:21,552 [main] INFO  server.session (DefaultSessionIdManager.java:doStart(334)) - DefaultSessionIdManager workerName=node0
2025-03-10 14:59:21,552 [main] INFO  server.session (DefaultSessionIdManager.java:doStart(339)) - No SessionScavenger set, using defaults
2025-03-10 14:59:21,552 [main] INFO  server.session (HouseKeeper.java:startScavenging(132)) - node0 Scavenging every 660000ms
2025-03-10 14:59:21,553 [main] INFO  handler.ContextHandler (ContextHandler.java:doStart(921)) - Started o.e.j.s.ServletContextHandler@52aac6ff{logs,/logs,file:///home/runner/work/ozone/ozone/hadoop-ozone/integration-test/target/log,AVAILABLE}
2025-03-10 14:59:21,553 [main] INFO  handler.ContextHandler (ContextHandler.java:doStart(921)) - Started o.e.j.s.ServletContextHandler@89d4a1a{static,/static,file:///home/runner/work/ozone/ozone/hadoop-ozone/integration-test/target/test-classes/webapps/static,AVAILABLE}
2025-03-10 14:59:21,558 [main] INFO  handler.ContextHandler (ContextHandler.java:doStart(921)) - Started o.e.j.w.WebAppContext@4c263d9c{ozoneManager,/,file:///home/runner/work/ozone/ozone/hadoop-ozone/integration-test/target/test-classes/webapps/ozoneManager/,AVAILABLE}{file:/home/runner/work/ozone/ozone/hadoop-ozone/integration-test/target/test-classes/webapps/ozoneManager}
2025-03-10 14:59:21,558 [main] INFO  server.AbstractConnector (AbstractConnector.java:doStart(333)) - Started ServerConnector@3864569f{HTTP/1.1, (http/1.1)}{0.0.0.0:15044}
2025-03-10 14:59:21,558 [main] INFO  server.Server (Server.java:doStart(415)) - Started @62599ms
2025-03-10 14:59:21,559 [main] WARN  impl.MetricsSystemImpl (MetricsSystemImpl.java:register(279)) - Sink prometheus already exists!
2025-03-10 14:59:21,559 [main] INFO  http.BaseHttpServer (BaseHttpServer.java:updateConnectorAddress(360)) - HTTP server of ozoneManager listening at http://0.0.0.0:15044
2025-03-10 14:59:21,559 [IPC Server Responder] INFO  ipc.Server (Server.java:run(1713)) - IPC Server Responder: starting
2025-03-10 14:59:21,560 [IPC Server listener on 15043] INFO  ipc.Server (Server.java:run(1553)) - IPC Server listener on 15043: starting
2025-03-10 14:59:21,562 [main] INFO  om.OzoneManager (OzoneManager.java:startTrashEmptier(2144)) - Trash Interval set to 0. Files deleted won't move to trash
2025-03-10 14:59:21,570 [main] WARN  dropwizard3.Dm3MetricRegistriesImpl (Dm3MetricRegistriesImpl.java:addReporterRegistration(114)) - New reporters are added after registries were created. Some metrics will be missing from the reporter. Please add reporter before adding any new registry.
2025-03-10 14:59:21,570 [main] WARN  dropwizard3.Dm3MetricRegistriesImpl (Dm3MetricRegistriesImpl.java:addReporterRegistration(114)) - New reporters are added after registries were created. Some metrics will be missing from the reporter. Please add reporter before adding any new registry.
2025-03-10 14:59:21,570 [main] INFO  impl.MetricsSystemImpl (MetricsSystemImpl.java:init(158)) - HddsDatanode metrics system started (again)
2025-03-10 14:59:21,580 [main] INFO  ozone.HddsDatanodeService (HddsDatanodeService.java:start(241)) - HddsDatanodeService host:fv-az1384-231.gpq2x2ivaaoebfs5ykq4ww3pqb.bx.internal.cloudapp.net ip:10.1.0.104
2025-03-10 14:59:21,582 [main] INFO  upgrade.AbstractLayoutVersionManager (AbstractLayoutVersionManager.java:init(80)) - Initializing Layout version manager with metadata layout = HBASE_SUPPORT (version = 8), software layout = HBASE_SUPPORT (version = 8)
2025-03-10 14:59:21,583 [main] INFO  statemachine.DatanodeStateMachine (DatanodeStateMachine.java:getEndPointTaskThreadPoolSize(293)) - Datanode State Machine Task Thread Pool size 2
2025-03-10 14:59:21,585 [main] INFO  volume.HddsVolume (HddsVolume.java:<init>(132)) - Creating HddsVolume: /home/runner/work/ozone/ozone/hadoop-ozone/integration-test/target/test-dir/MiniOzoneClusterImpl-92936399-7d39-4e90-b2ee-bbad22e09632/ozone-meta/datanode-1/data-0/hdds of storage type: DISK, capacity=9222449699674390527, used=0, available=9222449699674390527
2025-03-10 14:59:21,585 [main] INFO  volume.MutableVolumeSet (MutableVolumeSet.java:initializeVolumeSet(169)) - Added Volume : /home/runner/work/ozone/ozone/hadoop-ozone/integration-test/target/test-dir/MiniOzoneClusterImpl-92936399-7d39-4e90-b2ee-bbad22e09632/ozone-meta/datanode-1/data-0/hdds to VolumeSet
2025-03-10 14:59:21,586 [main] INFO  volume.MutableVolumeSet (MutableVolumeSet.java:initializeVolumeSet(169)) - Added Volume : /home/runner/work/ozone/ozone/hadoop-ozone/integration-test/target/test-dir/MiniOzoneClusterImpl-92936399-7d39-4e90-b2ee-bbad22e09632/ozone-meta/datanode-1/ratis to VolumeSet
2025-03-10 14:59:21,586 [main] INFO  ozoneimpl.OzoneContainer (HddsVolumeUtil.java:loadAllHddsVolumeDbStore(101)) - Load 1 volumes DbStore cost: 0ms
2025-03-10 14:59:21,587 [main] WARN  db.DBStoreBuilder (DBStoreBuilder.java:getDBDirPath(169)) - ozone.scm.datanode.id.dir is not configured. We recommend adding this setting. Falling back to ozone.metadata.dirs instead.
2025-03-10 14:59:21,588 [main] WARN  db.DBStoreBuilder (DBStoreBuilder.java:getDBDirPath(169)) - ozone.scm.datanode.id.dir is not configured. We recommend adding this setting. Falling back to ozone.metadata.dirs instead.
2025-03-10 14:59:21,600 [main] INFO  impl.FilePerChunkStrategy (FilePerChunkStrategy.java:<init>(79)) - ozone.chunk.read.mapped.buffer.max.count is load with 0
2025-03-10 14:59:21,600 [main] INFO  impl.FilePerBlockStrategy (FilePerBlockStrategy.java:<init>(87)) - ozone.chunk.read.mapped.buffer.max.count is load with 0
2025-03-10 14:59:21,601 [main] INFO  server.RaftServerConfigKeys (ConfUtils.java:logGet(46)) - raft.server.log.appender.buffer.byte-limit = 33554432 (custom)
2025-03-10 14:59:21,602 [main] INFO  server.RaftServer (ConfUtils.java:logGet(46)) - raft.rpc.type = GRPC (default)
2025-03-10 14:59:21,602 [main] INFO  grpc.GrpcConfigKeys (ConfUtils.java:logFallback(53)) - raft.grpc.admin.host = null (fallback to raft.grpc.server.host)
2025-03-10 14:59:21,603 [main] INFO  grpc.GrpcConfigKeys (ConfUtils.java:logGet(46)) - raft.grpc.admin.port = 15052 (custom)
2025-03-10 14:59:21,603 [main] INFO  grpc.GrpcConfigKeys (ConfUtils.java:logFallback(53)) - raft.grpc.client.host = null (fallback to raft.grpc.server.host)
2025-03-10 14:59:21,603 [main] INFO  grpc.GrpcConfigKeys (ConfUtils.java:logGet(46)) - raft.grpc.client.port = 15051 (custom)
2025-03-10 14:59:21,603 [main] INFO  grpc.GrpcConfigKeys (ConfUtils.java:logGet(46)) - raft.grpc.server.host = null (default)
2025-03-10 14:59:21,603 [main] INFO  grpc.GrpcConfigKeys (ConfUtils.java:logGet(46)) - raft.grpc.server.port = 15053 (custom)
2025-03-10 14:59:21,603 [main] INFO  server.GrpcService (ConfUtils.java:logGet(46)) - raft.grpc.message.size.max = 34603008 (custom)
2025-03-10 14:59:21,603 [main] INFO  server.GrpcService (ConfUtils.java:logGet(46)) - raft.grpc.flow.control.window = 5MB (=5242880) (custom)
2025-03-10 14:59:21,604 [main] INFO  server.RaftServerConfigKeys (ConfUtils.java:logGet(46)) - raft.server.rpc.request.timeout = 60s (custom)
2025-03-10 14:59:21,604 [main] INFO  grpc.GrpcConfigKeys (ConfUtils.java:logGet(46)) - raft.grpc.server.heartbeat.channel = true (default)
2025-03-10 14:59:21,604 [main] INFO  server.RaftServerConfigKeys (ConfUtils.java:logGet(46)) - raft.server.log.appender.buffer.byte-limit = 33554432 (custom)
2025-03-10 14:59:21,604 [main] INFO  grpc.GrpcConfigKeys (ConfUtils.java:logGet(46)) - raft.grpc.server.async.request.thread.pool.cached = true (default)
2025-03-10 14:59:21,604 [main] INFO  grpc.GrpcConfigKeys (ConfUtils.java:logGet(46)) - raft.grpc.server.async.request.thread.pool.size = 32 (default)
2025-03-10 14:59:21,606 [main] INFO  impl.DataStreamServerImpl (ConfUtils.java:logGet(46)) - raft.datastream.type = NETTY (custom)
2025-03-10 14:59:21,606 [main] INFO  server.RaftServerConfigKeys (ConfUtils.java:logGet(46)) - raft.server.data-stream.async.request.thread.pool.cached = false (default)
2025-03-10 14:59:21,606 [main] INFO  server.RaftServerConfigKeys (ConfUtils.java:logGet(46)) - raft.server.data-stream.async.request.thread.pool.size = 20 (custom)
2025-03-10 14:59:21,606 [main] INFO  server.RaftServerConfigKeys (ConfUtils.java:logGet(46)) - raft.server.data-stream.async.write.thread.pool.size = 16 (default)
2025-03-10 14:59:21,606 [main] INFO  netty.NettyConfigKeys$DataStream (ConfUtils.java:logGet(46)) - raft.netty.dataStream.server.channel.inactive.grace-period = 10min (default)
2025-03-10 14:59:21,607 [main] INFO  server.RaftServerConfigKeys (ConfUtils.java:logGet(46)) - raft.server.data-stream.client.pool.size = 10 (default)
2025-03-10 14:59:21,607 [main] INFO  netty.NettyConfigKeys$DataStream (ConfUtils.java:logGet(46)) - raft.netty.dataStream.server.use-epoll = true (default)
2025-03-10 14:59:21,607 [main] INFO  netty.NettyConfigKeys$DataStream (ConfUtils.java:logGet(46)) - raft.netty.dataStream.server.boss-group.size = 0 (default)
2025-03-10 14:59:21,607 [main] INFO  netty.NettyUtils (NettyUtils.java:newEventLoopGroup(74)) - Create EpollEventLoopGroup for edfd90b7-d4f7-415e-a332-2179825f57d9-NettyServerStreamRpc-bossGroup; Thread size is 0.
2025-03-10 14:59:21,607 [main] INFO  netty.NettyConfigKeys$DataStream (ConfUtils.java:logGet(46)) - raft.netty.dataStream.server.worker-group.size = 0 (default)
2025-03-10 14:59:21,608 [main] INFO  netty.NettyUtils (NettyUtils.java:newEventLoopGroup(74)) - Create EpollEventLoopGroup for edfd90b7-d4f7-415e-a332-2179825f57d9-NettyServerStreamRpc-workerGroup; Thread size is 0.
2025-03-10 14:59:21,608 [main] INFO  netty.NettyConfigKeys$DataStream (ConfUtils.java:logGet(46)) - raft.netty.dataStream.server.tls.conf = null (default)
2025-03-10 14:59:21,608 [main] INFO  netty.NettyConfigKeys$DataStream (ConfUtils.java:logGet(46)) - raft.netty.dataStream.host = null (default)
2025-03-10 14:59:21,608 [main] INFO  netty.NettyConfigKeys$DataStream (ConfUtils.java:logGet(46)) - raft.netty.dataStream.port = 15054 (custom)
2025-03-10 14:59:21,609 [main] INFO  server.RaftServerConfigKeys (ConfUtils.java:logGet(46)) - raft.server.sleep.deviation.threshold = 300ms (default)
2025-03-10 14:59:21,609 [main] INFO  server.RaftServerConfigKeys (ConfUtils.java:logGet(46)) - raft.server.close.threshold = 60s (default)
2025-03-10 14:59:21,609 [main] INFO  server.RaftServerConfigKeys (ConfUtils.java:logGet(46)) - raft.server.leaderelection.leader.step-down.wait-time = 10s (default)
2025-03-10 14:59:21,609 [main] INFO  server.RaftServerConfigKeys (ConfUtils.java:logGet(46)) - raft.server.storage.dir = [/home/runner/work/ozone/ozone/hadoop-ozone/integration-test/target/test-dir/MiniOzoneClusterImpl-92936399-7d39-4e90-b2ee-bbad22e09632/ozone-meta/datanode-1/ratis] (custom)
2025-03-10 14:59:21,609 [main] INFO  server.RaftServerConfigKeys (ConfUtils.java:logGet(46)) - raft.server.threadpool.proxy.cached = true (default)
2025-03-10 14:59:21,610 [main] INFO  server.RaftServerConfigKeys (ConfUtils.java:logGet(46)) - raft.server.threadpool.proxy.size = 0 (default)
2025-03-10 14:59:21,609 [edfd90b7-d4f7-415e-a332-2179825f57d9-NettyServerStreamRpc-bossGroup--thread1] INFO  logging.LoggingHandler (AbstractInternalLogger.java:log(148)) - [id: 0x19296040] REGISTERED
2025-03-10 14:59:21,610 [edfd90b7-d4f7-415e-a332-2179825f57d9-NettyServerStreamRpc-bossGroup--thread1] INFO  logging.LoggingHandler (AbstractInternalLogger.java:log(148)) - [id: 0x19296040] BIND: 0.0.0.0/0.0.0.0:15054
2025-03-10 14:59:21,610 [edfd90b7-d4f7-415e-a332-2179825f57d9-NettyServerStreamRpc-bossGroup--thread1] INFO  logging.LoggingHandler (AbstractInternalLogger.java:log(148)) - [id: 0x19296040, L:/0.0.0.0:15054] ACTIVE
2025-03-10 14:59:21,610 [edfd90b7-d4f7-415e-a332-2179825f57d9-impl-thread1] INFO  server.RaftServer (RaftServerProxy.java:initGroupDir(265)) - edfd90b7-d4f7-415e-a332-2179825f57d9: found a subdirectory /home/runner/work/ozone/ozone/hadoop-ozone/integration-test/target/test-dir/MiniOzoneClusterImpl-92936399-7d39-4e90-b2ee-bbad22e09632/ozone-meta/datanode-1/ratis/tmp
2025-03-10 14:59:21,610 [edfd90b7-d4f7-415e-a332-2179825f57d9-impl-thread1] INFO  server.RaftServer (RaftServerProxy.java:initGroupDir(270)) - edfd90b7-d4f7-415e-a332-2179825f57d9: The directory /home/runner/work/ozone/ozone/hadoop-ozone/integration-test/target/test-dir/MiniOzoneClusterImpl-92936399-7d39-4e90-b2ee-bbad22e09632/ozone-meta/datanode-1/ratis/tmp is not a group directory; ignoring it. 
2025-03-10 14:59:21,610 [main] INFO  replication.ReplicationServer (ReplicationServer.java:<init>(84)) - Initializing replication server with thread count = 10 queue length = 4096
2025-03-10 14:59:21,611 [main] INFO  server.XceiverServerGrpc (XceiverServerGrpc.java:<init>(131)) - GrpcServer channel type EpollServerSocketChannel
2025-03-10 14:59:21,612 [main] INFO  replication.ReplicationSupervisor (ReplicationSupervisor.java:build(169)) - Initializing replication supervisor with thread count = 10
2025-03-10 14:59:21,612 [main] INFO  replication.ReplicationSupervisor (ReplicationSupervisor.java:nodeStateUpdated(358)) - Node state updated to IN_SERVICE, scaling executor pool size to 10
2025-03-10 14:59:21,615 [main] INFO  http.BaseHttpServer (BaseHttpServer.java:newHttpServer2BuilderForOzone(229)) - Starting Web-server for hddsDatanode at: http://0.0.0.0:15048
2025-03-10 14:59:21,615 [main] INFO  http.BaseHttpServer (BaseHttpServer.java:<init>(107)) - Hadoop Security Enabled: false Ozone Security Enabled: false Ozone HTTP Security Enabled: false 
2025-03-10 14:59:21,616 [main] WARN  server.AuthenticationFilter (AuthenticationFilter.java:constructSecretProvider(240)) - Unable to initialize FileSignerSecretProvider, falling back to use random secrets. Reason: Could not read signature secret file: /home/runner/hadoop-http-auth-signature-secret
2025-03-10 14:59:21,616 [main] INFO  http.HttpRequestLog (HttpRequestLog.java:getRequestLog(85)) - Http request log for http.requests.hddsDatanode is not defined
2025-03-10 14:59:21,618 [main] INFO  http.HttpServer2 (HttpServer2.java:addGlobalFilter(1040)) - Added global filter 'safety' (class=org.apache.hadoop.hdds.server.http.HttpServer2$QuotingInputFilter)
2025-03-10 14:59:21,618 [main] INFO  http.HttpServer2 (HttpServer2.java:addFilter(1016)) - Added filter static_user_filter (class=org.apache.hadoop.http.lib.StaticUserWebFilter$StaticUserFilter) to context hddsDatanode
2025-03-10 14:59:21,618 [main] INFO  http.HttpServer2 (HttpServer2.java:addFilter(1024)) - Added filter static_user_filter (class=org.apache.hadoop.http.lib.StaticUserWebFilter$StaticUserFilter) to context logs
2025-03-10 14:59:21,619 [main] INFO  http.HttpServer2 (HttpServer2.java:addFilter(1024)) - Added filter static_user_filter (class=org.apache.hadoop.http.lib.StaticUserWebFilter$StaticUserFilter) to context static
2025-03-10 14:59:21,619 [main] INFO  http.BaseHttpServer (BaseHttpServer.java:<init>(195)) - HTTP server of hddsDatanode uses base directory /home/runner/work/ozone/ozone/hadoop-ozone/integration-test/target/test-dir/MiniOzoneClusterImpl-92936399-7d39-4e90-b2ee-bbad22e09632/ozone-meta/datanode-1/meta/webserver
2025-03-10 14:59:21,619 [main] INFO  http.HttpServer2 (HttpServer2.java:bindListener(1240)) - Jetty bound to port 15048
2025-03-10 14:59:21,620 [main] INFO  server.Server (Server.java:doStart(375)) - jetty-9.4.57.v20241219; built: 2025-01-08T21:24:30.412Z; git: df524e6b29271c2e09ba9aea83c18dc9db464a31; jvm 21.0.6+7-LTS
2025-03-10 14:59:21,621 [main] INFO  server.session (DefaultSessionIdManager.java:doStart(334)) - DefaultSessionIdManager workerName=node0
2025-03-10 14:59:21,621 [main] INFO  server.session (DefaultSessionIdManager.java:doStart(339)) - No SessionScavenger set, using defaults
2025-03-10 14:59:21,621 [main] INFO  server.session (HouseKeeper.java:startScavenging(132)) - node0 Scavenging every 600000ms
2025-03-10 14:59:21,622 [main] INFO  handler.ContextHandler (ContextHandler.java:doStart(921)) - Started o.e.j.s.ServletContextHandler@25b07ed1{logs,/logs,file:///home/runner/work/ozone/ozone/hadoop-ozone/integration-test/target/log,AVAILABLE}
2025-03-10 14:59:21,622 [main] INFO  handler.ContextHandler (ContextHandler.java:doStart(921)) - Started o.e.j.s.ServletContextHandler@1062710e{static,/static,jar:file:/home/runner/work/ozone/ozone/hadoop-hdds/container-service/target/hdds-container-service-2.0.0-SNAPSHOT.jar!/webapps/static,AVAILABLE}
2025-03-10 14:59:21,751 [main] INFO  handler.ContextHandler (ContextHandler.java:doStart(921)) - Started o.e.j.w.WebAppContext@14605d0d{hddsDatanode,/,file:///home/runner/work/ozone/ozone/hadoop-ozone/integration-test/target/test-dir/MiniOzoneClusterImpl-92936399-7d39-4e90-b2ee-bbad22e09632/ozone-meta/datanode-1/meta/webserver/jetty-0_0_0_0-15048-hdds-container-service-2_0_0-SNAPSHOT_jar-_-any-15245234644451266952/webapp/,AVAILABLE}{jar:file:/home/runner/work/ozone/ozone/hadoop-hdds/container-service/target/hdds-container-service-2.0.0-SNAPSHOT.jar!/webapps/hddsDatanode}
2025-03-10 14:59:21,751 [main] INFO  server.AbstractConnector (AbstractConnector.java:doStart(333)) - Started ServerConnector@72f9675d{HTTP/1.1, (http/1.1)}{0.0.0.0:15048}
2025-03-10 14:59:21,752 [main] INFO  server.Server (Server.java:doStart(415)) - Started @62792ms
2025-03-10 14:59:21,752 [main] WARN  impl.MetricsSystemImpl (MetricsSystemImpl.java:register(279)) - Sink prometheus already exists!
2025-03-10 14:59:21,752 [main] INFO  http.BaseHttpServer (BaseHttpServer.java:updateConnectorAddress(360)) - HTTP server of hddsDatanode listening at http://0.0.0.0:15048
2025-03-10 14:59:21,753 [main] INFO  ipc.CallQueueManager (CallQueueManager.java:<init>(93)) - Using callQueue: class java.util.concurrent.LinkedBlockingQueue, queueCapacity: 1000, scheduler: class org.apache.hadoop.ipc.DefaultRpcScheduler, ipcBackoff: false, ipcFailOver: false.
2025-03-10 14:59:21,753 [main] INFO  ipc.Server (Server.java:<init>(1438)) - Listener at 0.0.0.0:15049
2025-03-10 14:59:21,753 [Socket Reader #1 for port 15049] INFO  ipc.Server (Server.java:run(1474)) - Starting Socket Reader #1 for port 15049
2025-03-10 14:59:21,753 [Socket Reader #2 for port 15049] INFO  ipc.Server (Server.java:run(1474)) - Starting Socket Reader #2 for port 15049
2025-03-10 14:59:21,754 [Socket Reader #3 for port 15049] INFO  ipc.Server (Server.java:run(1474)) - Starting Socket Reader #3 for port 15049
2025-03-10 14:59:21,754 [Socket Reader #4 for port 15049] INFO  ipc.Server (Server.java:run(1474)) - Starting Socket Reader #4 for port 15049
2025-03-10 14:59:21,754 [Socket Reader #5 for port 15049] INFO  ipc.Server (Server.java:run(1474)) - Starting Socket Reader #5 for port 15049
2025-03-10 14:59:21,754 [Socket Reader #6 for port 15049] INFO  ipc.Server (Server.java:run(1474)) - Starting Socket Reader #6 for port 15049
2025-03-10 14:59:21,754 [Socket Reader #7 for port 15049] INFO  ipc.Server (Server.java:run(1474)) - Starting Socket Reader #7 for port 15049
2025-03-10 14:59:21,755 [Socket Reader #8 for port 15049] INFO  ipc.Server (Server.java:run(1474)) - Starting Socket Reader #8 for port 15049
2025-03-10 14:59:21,755 [Socket Reader #9 for port 15049] INFO  ipc.Server (Server.java:run(1474)) - Starting Socket Reader #9 for port 15049
2025-03-10 14:59:21,755 [Socket Reader #10 for port 15049] INFO  ipc.Server (Server.java:run(1474)) - Starting Socket Reader #10 for port 15049
2025-03-10 14:59:21,756 [main] INFO  ozone.HddsDatanodeService (HddsDatanodeService.java:start(332)) - Datanode start with admins: [runner]
2025-03-10 14:59:21,757 [main] INFO  ozone.HddsDatanodeClientProtocolServer (HddsDatanodeClientProtocolServer.java:start(76)) - RPC server for Client /0.0.0.0:15049
2025-03-10 14:59:21,757 [IPC Server Responder] INFO  ipc.Server (Server.java:run(1713)) - IPC Server Responder: starting
2025-03-10 14:59:21,757 [IPC Server listener on 15049] INFO  ipc.Server (Server.java:run(1553)) - IPC Server listener on 15049: starting
2025-03-10 14:59:21,759 [main] WARN  dropwizard3.Dm3MetricRegistriesImpl (Dm3MetricRegistriesImpl.java:addReporterRegistration(114)) - New reporters are added after registries were created. Some metrics will be missing from the reporter. Please add reporter before adding any new registry.
2025-03-10 14:59:21,759 [main] WARN  dropwizard3.Dm3MetricRegistriesImpl (Dm3MetricRegistriesImpl.java:addReporterRegistration(114)) - New reporters are added after registries were created. Some metrics will be missing from the reporter. Please add reporter before adding any new registry.
2025-03-10 14:59:21,759 [main] INFO  impl.MetricsSystemImpl (MetricsSystemImpl.java:init(158)) - HddsDatanode metrics system started (again)
2025-03-10 14:59:21,760 [edfd90b7-d4f7-415e-a332-2179825f57d9-DatanodeStateMachineDaemonThread] INFO  statemachine.DatanodeStateMachine (DatanodeStateMachine.java:startStateMachineThread(336)) - Ozone container server started.
2025-03-10 14:59:21,762 [edfd90b7-d4f7-415e-a332-2179825f57d9-DatanodeStateMachineTaskThread-0] INFO  datanode.InitDatanodeState (InitDatanodeState.java:persistContainerDatanodeDetails(139)) - DatanodeDetails is persisted to /home/runner/work/ozone/ozone/hadoop-ozone/integration-test/target/test-dir/MiniOzoneClusterImpl-92936399-7d39-4e90-b2ee-bbad22e09632/ozone-meta/datanode-1/meta/datanode.id
2025-03-10 14:59:21,773 [main] INFO  ozone.HddsDatanodeService (HddsDatanodeService.java:start(241)) - HddsDatanodeService host:fv-az1384-231.gpq2x2ivaaoebfs5ykq4ww3pqb.bx.internal.cloudapp.net ip:10.1.0.104
2025-03-10 14:59:21,776 [main] INFO  upgrade.AbstractLayoutVersionManager (AbstractLayoutVersionManager.java:init(80)) - Initializing Layout version manager with metadata layout = HBASE_SUPPORT (version = 8), software layout = HBASE_SUPPORT (version = 8)
2025-03-10 14:59:21,776 [main] INFO  statemachine.DatanodeStateMachine (DatanodeStateMachine.java:getEndPointTaskThreadPoolSize(293)) - Datanode State Machine Task Thread Pool size 2
2025-03-10 14:59:21,778 [main] INFO  volume.HddsVolume (HddsVolume.java:<init>(132)) - Creating HddsVolume: /home/runner/work/ozone/ozone/hadoop-ozone/integration-test/target/test-dir/MiniOzoneClusterImpl-92936399-7d39-4e90-b2ee-bbad22e09632/ozone-meta/datanode-2/data-0/hdds of storage type: DISK, capacity=9222449699674390527, used=0, available=9222449699674390527
2025-03-10 14:59:21,779 [main] INFO  volume.MutableVolumeSet (MutableVolumeSet.java:initializeVolumeSet(169)) - Added Volume : /home/runner/work/ozone/ozone/hadoop-ozone/integration-test/target/test-dir/MiniOzoneClusterImpl-92936399-7d39-4e90-b2ee-bbad22e09632/ozone-meta/datanode-2/data-0/hdds to VolumeSet
2025-03-10 14:59:21,780 [main] INFO  volume.MutableVolumeSet (MutableVolumeSet.java:initializeVolumeSet(169)) - Added Volume : /home/runner/work/ozone/ozone/hadoop-ozone/integration-test/target/test-dir/MiniOzoneClusterImpl-92936399-7d39-4e90-b2ee-bbad22e09632/ozone-meta/datanode-2/ratis to VolumeSet
2025-03-10 14:59:21,780 [main] INFO  ozoneimpl.OzoneContainer (HddsVolumeUtil.java:loadAllHddsVolumeDbStore(101)) - Load 1 volumes DbStore cost: 0ms
2025-03-10 14:59:21,781 [main] WARN  db.DBStoreBuilder (DBStoreBuilder.java:getDBDirPath(169)) - ozone.scm.datanode.id.dir is not configured. We recommend adding this setting. Falling back to ozone.metadata.dirs instead.
2025-03-10 14:59:21,781 [main] WARN  db.DBStoreBuilder (DBStoreBuilder.java:getDBDirPath(169)) - ozone.scm.datanode.id.dir is not configured. We recommend adding this setting. Falling back to ozone.metadata.dirs instead.
2025-03-10 14:59:21,794 [main] INFO  impl.FilePerChunkStrategy (FilePerChunkStrategy.java:<init>(79)) - ozone.chunk.read.mapped.buffer.max.count is load with 0
2025-03-10 14:59:21,795 [main] INFO  impl.FilePerBlockStrategy (FilePerBlockStrategy.java:<init>(87)) - ozone.chunk.read.mapped.buffer.max.count is load with 0
2025-03-10 14:59:21,796 [main] INFO  server.RaftServerConfigKeys (ConfUtils.java:logGet(46)) - raft.server.log.appender.buffer.byte-limit = 33554432 (custom)
2025-03-10 14:59:21,797 [main] INFO  server.RaftServer (ConfUtils.java:logGet(46)) - raft.rpc.type = GRPC (default)
2025-03-10 14:59:21,797 [main] INFO  grpc.GrpcConfigKeys (ConfUtils.java:logFallback(53)) - raft.grpc.admin.host = null (fallback to raft.grpc.server.host)
2025-03-10 14:59:21,797 [main] INFO  grpc.GrpcConfigKeys (ConfUtils.java:logGet(46)) - raft.grpc.admin.port = 15061 (custom)
2025-03-10 14:59:21,797 [main] INFO  grpc.GrpcConfigKeys (ConfUtils.java:logFallback(53)) - raft.grpc.client.host = null (fallback to raft.grpc.server.host)
2025-03-10 14:59:21,797 [main] INFO  grpc.GrpcConfigKeys (ConfUtils.java:logGet(46)) - raft.grpc.client.port = 15060 (custom)
2025-03-10 14:59:21,797 [main] INFO  grpc.GrpcConfigKeys (ConfUtils.java:logGet(46)) - raft.grpc.server.host = null (default)
2025-03-10 14:59:21,797 [main] INFO  grpc.GrpcConfigKeys (ConfUtils.java:logGet(46)) - raft.grpc.server.port = 15062 (custom)
2025-03-10 14:59:21,797 [main] INFO  server.GrpcService (ConfUtils.java:logGet(46)) - raft.grpc.message.size.max = 34603008 (custom)
2025-03-10 14:59:21,798 [main] INFO  server.GrpcService (ConfUtils.java:logGet(46)) - raft.grpc.flow.control.window = 5MB (=5242880) (custom)
2025-03-10 14:59:21,798 [main] INFO  server.RaftServerConfigKeys (ConfUtils.java:logGet(46)) - raft.server.rpc.request.timeout = 60s (custom)
2025-03-10 14:59:21,798 [main] INFO  grpc.GrpcConfigKeys (ConfUtils.java:logGet(46)) - raft.grpc.server.heartbeat.channel = true (default)
2025-03-10 14:59:21,798 [main] INFO  server.RaftServerConfigKeys (ConfUtils.java:logGet(46)) - raft.server.log.appender.buffer.byte-limit = 33554432 (custom)
2025-03-10 14:59:21,798 [main] INFO  grpc.GrpcConfigKeys (ConfUtils.java:logGet(46)) - raft.grpc.server.async.request.thread.pool.cached = true (default)
2025-03-10 14:59:21,798 [main] INFO  grpc.GrpcConfigKeys (ConfUtils.java:logGet(46)) - raft.grpc.server.async.request.thread.pool.size = 32 (default)
2025-03-10 14:59:21,800 [main] INFO  impl.DataStreamServerImpl (ConfUtils.java:logGet(46)) - raft.datastream.type = NETTY (custom)
2025-03-10 14:59:21,800 [main] INFO  server.RaftServerConfigKeys (ConfUtils.java:logGet(46)) - raft.server.data-stream.async.request.thread.pool.cached = false (default)
2025-03-10 14:59:21,800 [main] INFO  server.RaftServerConfigKeys (ConfUtils.java:logGet(46)) - raft.server.data-stream.async.request.thread.pool.size = 20 (custom)
2025-03-10 14:59:21,800 [main] INFO  server.RaftServerConfigKeys (ConfUtils.java:logGet(46)) - raft.server.data-stream.async.write.thread.pool.size = 16 (default)
2025-03-10 14:59:21,800 [main] INFO  netty.NettyConfigKeys$DataStream (ConfUtils.java:logGet(46)) - raft.netty.dataStream.server.channel.inactive.grace-period = 10min (default)
2025-03-10 14:59:21,800 [main] INFO  server.RaftServerConfigKeys (ConfUtils.java:logGet(46)) - raft.server.data-stream.client.pool.size = 10 (default)
2025-03-10 14:59:21,801 [main] INFO  netty.NettyConfigKeys$DataStream (ConfUtils.java:logGet(46)) - raft.netty.dataStream.server.use-epoll = true (default)
2025-03-10 14:59:21,801 [main] INFO  netty.NettyConfigKeys$DataStream (ConfUtils.java:logGet(46)) - raft.netty.dataStream.server.boss-group.size = 0 (default)
2025-03-10 14:59:21,801 [main] INFO  netty.NettyUtils (NettyUtils.java:newEventLoopGroup(74)) - Create EpollEventLoopGroup for a47358e8-0456-4981-be42-6c2243302bda-NettyServerStreamRpc-bossGroup; Thread size is 0.
2025-03-10 14:59:21,801 [main] INFO  netty.NettyConfigKeys$DataStream (ConfUtils.java:logGet(46)) - raft.netty.dataStream.server.worker-group.size = 0 (default)
2025-03-10 14:59:21,801 [main] INFO  netty.NettyUtils (NettyUtils.java:newEventLoopGroup(74)) - Create EpollEventLoopGroup for a47358e8-0456-4981-be42-6c2243302bda-NettyServerStreamRpc-workerGroup; Thread size is 0.
2025-03-10 14:59:21,802 [main] INFO  netty.NettyConfigKeys$DataStream (ConfUtils.java:logGet(46)) - raft.netty.dataStream.server.tls.conf = null (default)
2025-03-10 14:59:21,802 [main] INFO  netty.NettyConfigKeys$DataStream (ConfUtils.java:logGet(46)) - raft.netty.dataStream.host = null (default)
2025-03-10 14:59:21,802 [main] INFO  netty.NettyConfigKeys$DataStream (ConfUtils.java:logGet(46)) - raft.netty.dataStream.port = 15063 (custom)
2025-03-10 14:59:21,802 [main] INFO  server.RaftServerConfigKeys (ConfUtils.java:logGet(46)) - raft.server.sleep.deviation.threshold = 300ms (default)
2025-03-10 14:59:21,803 [main] INFO  server.RaftServerConfigKeys (ConfUtils.java:logGet(46)) - raft.server.close.threshold = 60s (default)
2025-03-10 14:59:21,803 [main] INFO  server.RaftServerConfigKeys (ConfUtils.java:logGet(46)) - raft.server.leaderelection.leader.step-down.wait-time = 10s (default)
2025-03-10 14:59:21,803 [a47358e8-0456-4981-be42-6c2243302bda-NettyServerStreamRpc-bossGroup--thread1] INFO  logging.LoggingHandler (AbstractInternalLogger.java:log(148)) - [id: 0xe204fcf6] REGISTERED
2025-03-10 14:59:21,803 [main] INFO  server.RaftServerConfigKeys (ConfUtils.java:logGet(46)) - raft.server.storage.dir = [/home/runner/work/ozone/ozone/hadoop-ozone/integration-test/target/test-dir/MiniOzoneClusterImpl-92936399-7d39-4e90-b2ee-bbad22e09632/ozone-meta/datanode-2/ratis] (custom)
2025-03-10 14:59:21,803 [a47358e8-0456-4981-be42-6c2243302bda-NettyServerStreamRpc-bossGroup--thread1] INFO  logging.LoggingHandler (AbstractInternalLogger.java:log(148)) - [id: 0xe204fcf6] BIND: 0.0.0.0/0.0.0.0:15063
2025-03-10 14:59:21,803 [main] INFO  server.RaftServerConfigKeys (ConfUtils.java:logGet(46)) - raft.server.threadpool.proxy.cached = true (default)
2025-03-10 14:59:21,803 [a47358e8-0456-4981-be42-6c2243302bda-NettyServerStreamRpc-bossGroup--thread1] INFO  logging.LoggingHandler (AbstractInternalLogger.java:log(148)) - [id: 0xe204fcf6, L:/0.0.0.0:15063] ACTIVE
2025-03-10 14:59:21,803 [main] INFO  server.RaftServerConfigKeys (ConfUtils.java:logGet(46)) - raft.server.threadpool.proxy.size = 0 (default)
2025-03-10 14:59:21,804 [a47358e8-0456-4981-be42-6c2243302bda-impl-thread1] INFO  server.RaftServer (RaftServerProxy.java:initGroupDir(265)) - a47358e8-0456-4981-be42-6c2243302bda: found a subdirectory /home/runner/work/ozone/ozone/hadoop-ozone/integration-test/target/test-dir/MiniOzoneClusterImpl-92936399-7d39-4e90-b2ee-bbad22e09632/ozone-meta/datanode-2/ratis/tmp
2025-03-10 14:59:21,804 [a47358e8-0456-4981-be42-6c2243302bda-impl-thread1] INFO  server.RaftServer (RaftServerProxy.java:initGroupDir(270)) - a47358e8-0456-4981-be42-6c2243302bda: The directory /home/runner/work/ozone/ozone/hadoop-ozone/integration-test/target/test-dir/MiniOzoneClusterImpl-92936399-7d39-4e90-b2ee-bbad22e09632/ozone-meta/datanode-2/ratis/tmp is not a group directory; ignoring it. 
2025-03-10 14:59:21,804 [main] INFO  replication.ReplicationServer (ReplicationServer.java:<init>(84)) - Initializing replication server with thread count = 10 queue length = 4096
2025-03-10 14:59:21,805 [main] INFO  server.XceiverServerGrpc (XceiverServerGrpc.java:<init>(131)) - GrpcServer channel type EpollServerSocketChannel
2025-03-10 14:59:21,806 [main] INFO  replication.ReplicationSupervisor (ReplicationSupervisor.java:build(169)) - Initializing replication supervisor with thread count = 10
2025-03-10 14:59:21,806 [main] INFO  replication.ReplicationSupervisor (ReplicationSupervisor.java:nodeStateUpdated(358)) - Node state updated to IN_SERVICE, scaling executor pool size to 10
2025-03-10 14:59:21,808 [main] INFO  http.BaseHttpServer (BaseHttpServer.java:newHttpServer2BuilderForOzone(229)) - Starting Web-server for hddsDatanode at: http://0.0.0.0:15057
2025-03-10 14:59:21,808 [main] INFO  http.BaseHttpServer (BaseHttpServer.java:<init>(107)) - Hadoop Security Enabled: false Ozone Security Enabled: false Ozone HTTP Security Enabled: false 
2025-03-10 14:59:21,809 [main] WARN  server.AuthenticationFilter (AuthenticationFilter.java:constructSecretProvider(240)) - Unable to initialize FileSignerSecretProvider, falling back to use random secrets. Reason: Could not read signature secret file: /home/runner/hadoop-http-auth-signature-secret
2025-03-10 14:59:21,809 [main] INFO  http.HttpRequestLog (HttpRequestLog.java:getRequestLog(85)) - Http request log for http.requests.hddsDatanode is not defined
2025-03-10 14:59:21,810 [main] INFO  http.HttpServer2 (HttpServer2.java:addGlobalFilter(1040)) - Added global filter 'safety' (class=org.apache.hadoop.hdds.server.http.HttpServer2$QuotingInputFilter)
2025-03-10 14:59:21,811 [main] INFO  http.HttpServer2 (HttpServer2.java:addFilter(1016)) - Added filter static_user_filter (class=org.apache.hadoop.http.lib.StaticUserWebFilter$StaticUserFilter) to context hddsDatanode
2025-03-10 14:59:21,811 [main] INFO  http.HttpServer2 (HttpServer2.java:addFilter(1024)) - Added filter static_user_filter (class=org.apache.hadoop.http.lib.StaticUserWebFilter$StaticUserFilter) to context static
2025-03-10 14:59:21,811 [main] INFO  http.HttpServer2 (HttpServer2.java:addFilter(1024)) - Added filter static_user_filter (class=org.apache.hadoop.http.lib.StaticUserWebFilter$StaticUserFilter) to context logs
2025-03-10 14:59:21,812 [main] INFO  http.BaseHttpServer (BaseHttpServer.java:<init>(195)) - HTTP server of hddsDatanode uses base directory /home/runner/work/ozone/ozone/hadoop-ozone/integration-test/target/test-dir/MiniOzoneClusterImpl-92936399-7d39-4e90-b2ee-bbad22e09632/ozone-meta/datanode-2/meta/webserver
2025-03-10 14:59:21,812 [main] INFO  http.HttpServer2 (HttpServer2.java:bindListener(1240)) - Jetty bound to port 15057
2025-03-10 14:59:21,812 [main] INFO  server.Server (Server.java:doStart(375)) - jetty-9.4.57.v20241219; built: 2025-01-08T21:24:30.412Z; git: df524e6b29271c2e09ba9aea83c18dc9db464a31; jvm 21.0.6+7-LTS
2025-03-10 14:59:21,813 [main] INFO  server.session (DefaultSessionIdManager.java:doStart(334)) - DefaultSessionIdManager workerName=node0
2025-03-10 14:59:21,813 [main] INFO  server.session (DefaultSessionIdManager.java:doStart(339)) - No SessionScavenger set, using defaults
2025-03-10 14:59:21,814 [main] INFO  server.session (HouseKeeper.java:startScavenging(132)) - node0 Scavenging every 660000ms
2025-03-10 14:59:21,814 [main] INFO  handler.ContextHandler (ContextHandler.java:doStart(921)) - Started o.e.j.s.ServletContextHandler@576eac92{logs,/logs,file:///home/runner/work/ozone/ozone/hadoop-ozone/integration-test/target/log,AVAILABLE}
2025-03-10 14:59:21,815 [main] INFO  handler.ContextHandler (ContextHandler.java:doStart(921)) - Started o.e.j.s.ServletContextHandler@6ace857d{static,/static,jar:file:/home/runner/work/ozone/ozone/hadoop-hdds/container-service/target/hdds-container-service-2.0.0-SNAPSHOT.jar!/webapps/static,AVAILABLE}
2025-03-10 14:59:21,943 [main] INFO  handler.ContextHandler (ContextHandler.java:doStart(921)) - Started o.e.j.w.WebAppContext@330e399a{hddsDatanode,/,file:///home/runner/work/ozone/ozone/hadoop-ozone/integration-test/target/test-dir/MiniOzoneClusterImpl-92936399-7d39-4e90-b2ee-bbad22e09632/ozone-meta/datanode-2/meta/webserver/jetty-0_0_0_0-15057-hdds-container-service-2_0_0-SNAPSHOT_jar-_-any-10089520644309269616/webapp/,AVAILABLE}{jar:file:/home/runner/work/ozone/ozone/hadoop-hdds/container-service/target/hdds-container-service-2.0.0-SNAPSHOT.jar!/webapps/hddsDatanode}
2025-03-10 14:59:21,943 [main] INFO  server.AbstractConnector (AbstractConnector.java:doStart(333)) - Started ServerConnector@335755a0{HTTP/1.1, (http/1.1)}{0.0.0.0:15057}
2025-03-10 14:59:21,943 [main] INFO  server.Server (Server.java:doStart(415)) - Started @62984ms
2025-03-10 14:59:21,944 [main] WARN  impl.MetricsSystemImpl (MetricsSystemImpl.java:register(279)) - Sink prometheus already exists!
2025-03-10 14:59:21,944 [main] INFO  http.BaseHttpServer (BaseHttpServer.java:updateConnectorAddress(360)) - HTTP server of hddsDatanode listening at http://0.0.0.0:15057
2025-03-10 14:59:21,944 [main] INFO  ipc.CallQueueManager (CallQueueManager.java:<init>(93)) - Using callQueue: class java.util.concurrent.LinkedBlockingQueue, queueCapacity: 1000, scheduler: class org.apache.hadoop.ipc.DefaultRpcScheduler, ipcBackoff: false, ipcFailOver: false.
2025-03-10 14:59:21,945 [main] INFO  ipc.Server (Server.java:<init>(1438)) - Listener at 0.0.0.0:15058
2025-03-10 14:59:21,945 [Socket Reader #1 for port 15058] INFO  ipc.Server (Server.java:run(1474)) - Starting Socket Reader #1 for port 15058
2025-03-10 14:59:21,945 [Socket Reader #2 for port 15058] INFO  ipc.Server (Server.java:run(1474)) - Starting Socket Reader #2 for port 15058
2025-03-10 14:59:21,946 [Socket Reader #3 for port 15058] INFO  ipc.Server (Server.java:run(1474)) - Starting Socket Reader #3 for port 15058
2025-03-10 14:59:21,946 [Socket Reader #4 for port 15058] INFO  ipc.Server (Server.java:run(1474)) - Starting Socket Reader #4 for port 15058
2025-03-10 14:59:21,946 [Socket Reader #5 for port 15058] INFO  ipc.Server (Server.java:run(1474)) - Starting Socket Reader #5 for port 15058
2025-03-10 14:59:21,946 [Socket Reader #6 for port 15058] INFO  ipc.Server (Server.java:run(1474)) - Starting Socket Reader #6 for port 15058
2025-03-10 14:59:21,946 [Socket Reader #7 for port 15058] INFO  ipc.Server (Server.java:run(1474)) - Starting Socket Reader #7 for port 15058
2025-03-10 14:59:21,946 [Socket Reader #8 for port 15058] INFO  ipc.Server (Server.java:run(1474)) - Starting Socket Reader #8 for port 15058
2025-03-10 14:59:21,946 [Socket Reader #9 for port 15058] INFO  ipc.Server (Server.java:run(1474)) - Starting Socket Reader #9 for port 15058
2025-03-10 14:59:21,947 [Socket Reader #10 for port 15058] INFO  ipc.Server (Server.java:run(1474)) - Starting Socket Reader #10 for port 15058
2025-03-10 14:59:21,948 [main] INFO  ozone.HddsDatanodeService (HddsDatanodeService.java:start(332)) - Datanode start with admins: [runner]
2025-03-10 14:59:21,948 [main] INFO  ozone.HddsDatanodeClientProtocolServer (HddsDatanodeClientProtocolServer.java:start(76)) - RPC server for Client /0.0.0.0:15058
2025-03-10 14:59:21,948 [IPC Server Responder] INFO  ipc.Server (Server.java:run(1713)) - IPC Server Responder: starting
2025-03-10 14:59:21,948 [IPC Server listener on 15058] INFO  ipc.Server (Server.java:run(1553)) - IPC Server listener on 15058: starting
2025-03-10 14:59:21,950 [main] WARN  dropwizard3.Dm3MetricRegistriesImpl (Dm3MetricRegistriesImpl.java:addReporterRegistration(114)) - New reporters are added after registries were created. Some metrics will be missing from the reporter. Please add reporter before adding any new registry.
2025-03-10 14:59:21,950 [main] WARN  dropwizard3.Dm3MetricRegistriesImpl (Dm3MetricRegistriesImpl.java:addReporterRegistration(114)) - New reporters are added after registries were created. Some metrics will be missing from the reporter. Please add reporter before adding any new registry.
2025-03-10 14:59:21,950 [main] INFO  impl.MetricsSystemImpl (MetricsSystemImpl.java:init(158)) - HddsDatanode metrics system started (again)
2025-03-10 14:59:21,951 [a47358e8-0456-4981-be42-6c2243302bda-DatanodeStateMachineDaemonThread] INFO  statemachine.DatanodeStateMachine (DatanodeStateMachine.java:startStateMachineThread(336)) - Ozone container server started.
2025-03-10 14:59:21,953 [a47358e8-0456-4981-be42-6c2243302bda-DatanodeStateMachineTaskThread-0] INFO  datanode.InitDatanodeState (InitDatanodeState.java:persistContainerDatanodeDetails(139)) - DatanodeDetails is persisted to /home/runner/work/ozone/ozone/hadoop-ozone/integration-test/target/test-dir/MiniOzoneClusterImpl-92936399-7d39-4e90-b2ee-bbad22e09632/ozone-meta/datanode-2/meta/datanode.id
2025-03-10 14:59:21,961 [main] INFO  ozone.HddsDatanodeService (HddsDatanodeService.java:start(241)) - HddsDatanodeService host:fv-az1384-231.gpq2x2ivaaoebfs5ykq4ww3pqb.bx.internal.cloudapp.net ip:10.1.0.104
2025-03-10 14:59:21,964 [main] INFO  upgrade.AbstractLayoutVersionManager (AbstractLayoutVersionManager.java:init(80)) - Initializing Layout version manager with metadata layout = HBASE_SUPPORT (version = 8), software layout = HBASE_SUPPORT (version = 8)
2025-03-10 14:59:21,964 [main] INFO  statemachine.DatanodeStateMachine (DatanodeStateMachine.java:getEndPointTaskThreadPoolSize(293)) - Datanode State Machine Task Thread Pool size 2
2025-03-10 14:59:21,971 [main] INFO  volume.HddsVolume (HddsVolume.java:<init>(132)) - Creating HddsVolume: /home/runner/work/ozone/ozone/hadoop-ozone/integration-test/target/test-dir/MiniOzoneClusterImpl-92936399-7d39-4e90-b2ee-bbad22e09632/ozone-meta/datanode-3/data-0/hdds of storage type: DISK, capacity=9222449699674390527, used=0, available=9222449699674390527
2025-03-10 14:59:21,972 [main] INFO  volume.MutableVolumeSet (MutableVolumeSet.java:initializeVolumeSet(169)) - Added Volume : /home/runner/work/ozone/ozone/hadoop-ozone/integration-test/target/test-dir/MiniOzoneClusterImpl-92936399-7d39-4e90-b2ee-bbad22e09632/ozone-meta/datanode-3/data-0/hdds to VolumeSet
2025-03-10 14:59:21,972 [main] INFO  volume.MutableVolumeSet (MutableVolumeSet.java:initializeVolumeSet(169)) - Added Volume : /home/runner/work/ozone/ozone/hadoop-ozone/integration-test/target/test-dir/MiniOzoneClusterImpl-92936399-7d39-4e90-b2ee-bbad22e09632/ozone-meta/datanode-3/ratis to VolumeSet
2025-03-10 14:59:21,973 [main] INFO  ozoneimpl.OzoneContainer (HddsVolumeUtil.java:loadAllHddsVolumeDbStore(101)) - Load 1 volumes DbStore cost: 0ms
2025-03-10 14:59:21,973 [main] WARN  db.DBStoreBuilder (DBStoreBuilder.java:getDBDirPath(169)) - ozone.scm.datanode.id.dir is not configured. We recommend adding this setting. Falling back to ozone.metadata.dirs instead.
2025-03-10 14:59:21,974 [main] WARN  db.DBStoreBuilder (DBStoreBuilder.java:getDBDirPath(169)) - ozone.scm.datanode.id.dir is not configured. We recommend adding this setting. Falling back to ozone.metadata.dirs instead.
2025-03-10 14:59:21,987 [main] INFO  impl.FilePerChunkStrategy (FilePerChunkStrategy.java:<init>(79)) - ozone.chunk.read.mapped.buffer.max.count is load with 0
2025-03-10 14:59:21,987 [main] INFO  impl.FilePerBlockStrategy (FilePerBlockStrategy.java:<init>(87)) - ozone.chunk.read.mapped.buffer.max.count is load with 0
2025-03-10 14:59:21,988 [main] INFO  server.RaftServerConfigKeys (ConfUtils.java:logGet(46)) - raft.server.log.appender.buffer.byte-limit = 33554432 (custom)
2025-03-10 14:59:21,990 [main] INFO  server.RaftServer (ConfUtils.java:logGet(46)) - raft.rpc.type = GRPC (default)
2025-03-10 14:59:21,990 [main] INFO  grpc.GrpcConfigKeys (ConfUtils.java:logFallback(53)) - raft.grpc.admin.host = null (fallback to raft.grpc.server.host)
2025-03-10 14:59:21,990 [main] INFO  grpc.GrpcConfigKeys (ConfUtils.java:logGet(46)) - raft.grpc.admin.port = 15070 (custom)
2025-03-10 14:59:21,990 [main] INFO  grpc.GrpcConfigKeys (ConfUtils.java:logFallback(53)) - raft.grpc.client.host = null (fallback to raft.grpc.server.host)
2025-03-10 14:59:21,990 [main] INFO  grpc.GrpcConfigKeys (ConfUtils.java:logGet(46)) - raft.grpc.client.port = 15069 (custom)
2025-03-10 14:59:21,990 [main] INFO  grpc.GrpcConfigKeys (ConfUtils.java:logGet(46)) - raft.grpc.server.host = null (default)
2025-03-10 14:59:21,990 [main] INFO  grpc.GrpcConfigKeys (ConfUtils.java:logGet(46)) - raft.grpc.server.port = 15071 (custom)
2025-03-10 14:59:21,991 [main] INFO  server.GrpcService (ConfUtils.java:logGet(46)) - raft.grpc.message.size.max = 34603008 (custom)
2025-03-10 14:59:21,991 [main] INFO  server.GrpcService (ConfUtils.java:logGet(46)) - raft.grpc.flow.control.window = 5MB (=5242880) (custom)
2025-03-10 14:59:21,991 [main] INFO  server.RaftServerConfigKeys (ConfUtils.java:logGet(46)) - raft.server.rpc.request.timeout = 60s (custom)
2025-03-10 14:59:21,991 [main] INFO  grpc.GrpcConfigKeys (ConfUtils.java:logGet(46)) - raft.grpc.server.heartbeat.channel = true (default)
2025-03-10 14:59:21,991 [main] INFO  server.RaftServerConfigKeys (ConfUtils.java:logGet(46)) - raft.server.log.appender.buffer.byte-limit = 33554432 (custom)
2025-03-10 14:59:21,991 [main] INFO  grpc.GrpcConfigKeys (ConfUtils.java:logGet(46)) - raft.grpc.server.async.request.thread.pool.cached = true (default)
2025-03-10 14:59:21,991 [main] INFO  grpc.GrpcConfigKeys (ConfUtils.java:logGet(46)) - raft.grpc.server.async.request.thread.pool.size = 32 (default)
2025-03-10 14:59:21,993 [main] INFO  impl.DataStreamServerImpl (ConfUtils.java:logGet(46)) - raft.datastream.type = NETTY (custom)
2025-03-10 14:59:21,993 [main] INFO  server.RaftServerConfigKeys (ConfUtils.java:logGet(46)) - raft.server.data-stream.async.request.thread.pool.cached = false (default)
2025-03-10 14:59:21,993 [main] INFO  server.RaftServerConfigKeys (ConfUtils.java:logGet(46)) - raft.server.data-stream.async.request.thread.pool.size = 20 (custom)
2025-03-10 14:59:21,993 [main] INFO  server.RaftServerConfigKeys (ConfUtils.java:logGet(46)) - raft.server.data-stream.async.write.thread.pool.size = 16 (default)
2025-03-10 14:59:21,993 [main] INFO  netty.NettyConfigKeys$DataStream (ConfUtils.java:logGet(46)) - raft.netty.dataStream.server.channel.inactive.grace-period = 10min (default)
2025-03-10 14:59:21,994 [main] INFO  server.RaftServerConfigKeys (ConfUtils.java:logGet(46)) - raft.server.data-stream.client.pool.size = 10 (default)
2025-03-10 14:59:21,994 [main] INFO  netty.NettyConfigKeys$DataStream (ConfUtils.java:logGet(46)) - raft.netty.dataStream.server.use-epoll = true (default)
2025-03-10 14:59:21,994 [main] INFO  netty.NettyConfigKeys$DataStream (ConfUtils.java:logGet(46)) - raft.netty.dataStream.server.boss-group.size = 0 (default)
2025-03-10 14:59:21,994 [main] INFO  netty.NettyUtils (NettyUtils.java:newEventLoopGroup(74)) - Create EpollEventLoopGroup for 34c8489e-bd2b-45e5-8f71-480c904dd2ce-NettyServerStreamRpc-bossGroup; Thread size is 0.
2025-03-10 14:59:21,994 [main] INFO  netty.NettyConfigKeys$DataStream (ConfUtils.java:logGet(46)) - raft.netty.dataStream.server.worker-group.size = 0 (default)
2025-03-10 14:59:21,995 [main] INFO  netty.NettyUtils (NettyUtils.java:newEventLoopGroup(74)) - Create EpollEventLoopGroup for 34c8489e-bd2b-45e5-8f71-480c904dd2ce-NettyServerStreamRpc-workerGroup; Thread size is 0.
2025-03-10 14:59:21,995 [main] INFO  netty.NettyConfigKeys$DataStream (ConfUtils.java:logGet(46)) - raft.netty.dataStream.server.tls.conf = null (default)
2025-03-10 14:59:21,995 [main] INFO  netty.NettyConfigKeys$DataStream (ConfUtils.java:logGet(46)) - raft.netty.dataStream.host = null (default)
2025-03-10 14:59:21,995 [main] INFO  netty.NettyConfigKeys$DataStream (ConfUtils.java:logGet(46)) - raft.netty.dataStream.port = 15072 (custom)
2025-03-10 14:59:21,996 [main] INFO  server.RaftServerConfigKeys (ConfUtils.java:logGet(46)) - raft.server.sleep.deviation.threshold = 300ms (default)
2025-03-10 14:59:21,996 [main] INFO  server.RaftServerConfigKeys (ConfUtils.java:logGet(46)) - raft.server.close.threshold = 60s (default)
2025-03-10 14:59:21,996 [main] INFO  server.RaftServerConfigKeys (ConfUtils.java:logGet(46)) - raft.server.leaderelection.leader.step-down.wait-time = 10s (default)
2025-03-10 14:59:21,996 [main] INFO  server.RaftServerConfigKeys (ConfUtils.java:logGet(46)) - raft.server.storage.dir = [/home/runner/work/ozone/ozone/hadoop-ozone/integration-test/target/test-dir/MiniOzoneClusterImpl-92936399-7d39-4e90-b2ee-bbad22e09632/ozone-meta/datanode-3/ratis] (custom)
2025-03-10 14:59:21,996 [main] INFO  server.RaftServerConfigKeys (ConfUtils.java:logGet(46)) - raft.server.threadpool.proxy.cached = true (default)
2025-03-10 14:59:21,996 [main] INFO  server.RaftServerConfigKeys (ConfUtils.java:logGet(46)) - raft.server.threadpool.proxy.size = 0 (default)
2025-03-10 14:59:21,997 [34c8489e-bd2b-45e5-8f71-480c904dd2ce-NettyServerStreamRpc-bossGroup--thread1] INFO  logging.LoggingHandler (AbstractInternalLogger.java:log(148)) - [id: 0x46cb4a27] REGISTERED
2025-03-10 14:59:21,997 [34c8489e-bd2b-45e5-8f71-480c904dd2ce-impl-thread1] INFO  server.RaftServer (RaftServerProxy.java:initGroupDir(265)) - 34c8489e-bd2b-45e5-8f71-480c904dd2ce: found a subdirectory /home/runner/work/ozone/ozone/hadoop-ozone/integration-test/target/test-dir/MiniOzoneClusterImpl-92936399-7d39-4e90-b2ee-bbad22e09632/ozone-meta/datanode-3/ratis/tmp
2025-03-10 14:59:21,997 [34c8489e-bd2b-45e5-8f71-480c904dd2ce-NettyServerStreamRpc-bossGroup--thread1] INFO  logging.LoggingHandler (AbstractInternalLogger.java:log(148)) - [id: 0x46cb4a27] BIND: 0.0.0.0/0.0.0.0:15072
2025-03-10 14:59:21,997 [34c8489e-bd2b-45e5-8f71-480c904dd2ce-impl-thread1] INFO  server.RaftServer (RaftServerProxy.java:initGroupDir(270)) - 34c8489e-bd2b-45e5-8f71-480c904dd2ce: The directory /home/runner/work/ozone/ozone/hadoop-ozone/integration-test/target/test-dir/MiniOzoneClusterImpl-92936399-7d39-4e90-b2ee-bbad22e09632/ozone-meta/datanode-3/ratis/tmp is not a group directory; ignoring it. 
2025-03-10 14:59:21,997 [34c8489e-bd2b-45e5-8f71-480c904dd2ce-NettyServerStreamRpc-bossGroup--thread1] INFO  logging.LoggingHandler (AbstractInternalLogger.java:log(148)) - [id: 0x46cb4a27, L:/0.0.0.0:15072] ACTIVE
2025-03-10 14:59:21,997 [main] INFO  replication.ReplicationServer (ReplicationServer.java:<init>(84)) - Initializing replication server with thread count = 10 queue length = 4096
2025-03-10 14:59:21,998 [main] INFO  server.XceiverServerGrpc (XceiverServerGrpc.java:<init>(131)) - GrpcServer channel type EpollServerSocketChannel
2025-03-10 14:59:21,999 [main] INFO  replication.ReplicationSupervisor (ReplicationSupervisor.java:build(169)) - Initializing replication supervisor with thread count = 10
2025-03-10 14:59:21,999 [main] INFO  replication.ReplicationSupervisor (ReplicationSupervisor.java:nodeStateUpdated(358)) - Node state updated to IN_SERVICE, scaling executor pool size to 10
2025-03-10 14:59:22,001 [main] INFO  http.BaseHttpServer (BaseHttpServer.java:newHttpServer2BuilderForOzone(229)) - Starting Web-server for hddsDatanode at: http://0.0.0.0:15066
2025-03-10 14:59:22,002 [main] INFO  http.BaseHttpServer (BaseHttpServer.java:<init>(107)) - Hadoop Security Enabled: false Ozone Security Enabled: false Ozone HTTP Security Enabled: false 
2025-03-10 14:59:22,003 [main] WARN  server.AuthenticationFilter (AuthenticationFilter.java:constructSecretProvider(240)) - Unable to initialize FileSignerSecretProvider, falling back to use random secrets. Reason: Could not read signature secret file: /home/runner/hadoop-http-auth-signature-secret
2025-03-10 14:59:22,003 [main] INFO  http.HttpRequestLog (HttpRequestLog.java:getRequestLog(85)) - Http request log for http.requests.hddsDatanode is not defined
2025-03-10 14:59:22,005 [main] INFO  http.HttpServer2 (HttpServer2.java:addGlobalFilter(1040)) - Added global filter 'safety' (class=org.apache.hadoop.hdds.server.http.HttpServer2$QuotingInputFilter)
2025-03-10 14:59:22,005 [main] INFO  http.HttpServer2 (HttpServer2.java:addFilter(1016)) - Added filter static_user_filter (class=org.apache.hadoop.http.lib.StaticUserWebFilter$StaticUserFilter) to context hddsDatanode
2025-03-10 14:59:22,006 [main] INFO  http.HttpServer2 (HttpServer2.java:addFilter(1024)) - Added filter static_user_filter (class=org.apache.hadoop.http.lib.StaticUserWebFilter$StaticUserFilter) to context static
2025-03-10 14:59:22,006 [main] INFO  http.HttpServer2 (HttpServer2.java:addFilter(1024)) - Added filter static_user_filter (class=org.apache.hadoop.http.lib.StaticUserWebFilter$StaticUserFilter) to context logs
2025-03-10 14:59:22,006 [main] INFO  http.BaseHttpServer (BaseHttpServer.java:<init>(195)) - HTTP server of hddsDatanode uses base directory /home/runner/work/ozone/ozone/hadoop-ozone/integration-test/target/test-dir/MiniOzoneClusterImpl-92936399-7d39-4e90-b2ee-bbad22e09632/ozone-meta/datanode-3/meta/webserver
2025-03-10 14:59:22,007 [main] INFO  http.HttpServer2 (HttpServer2.java:bindListener(1240)) - Jetty bound to port 15066
2025-03-10 14:59:22,007 [main] INFO  server.Server (Server.java:doStart(375)) - jetty-9.4.57.v20241219; built: 2025-01-08T21:24:30.412Z; git: df524e6b29271c2e09ba9aea83c18dc9db464a31; jvm 21.0.6+7-LTS
2025-03-10 14:59:22,008 [main] INFO  server.session (DefaultSessionIdManager.java:doStart(334)) - DefaultSessionIdManager workerName=node0
2025-03-10 14:59:22,008 [main] INFO  server.session (DefaultSessionIdManager.java:doStart(339)) - No SessionScavenger set, using defaults
2025-03-10 14:59:22,008 [main] INFO  server.session (HouseKeeper.java:startScavenging(132)) - node0 Scavenging every 660000ms
2025-03-10 14:59:22,009 [main] INFO  handler.ContextHandler (ContextHandler.java:doStart(921)) - Started o.e.j.s.ServletContextHandler@3bead9b5{logs,/logs,file:///home/runner/work/ozone/ozone/hadoop-ozone/integration-test/target/log,AVAILABLE}
2025-03-10 14:59:22,009 [main] INFO  handler.ContextHandler (ContextHandler.java:doStart(921)) - Started o.e.j.s.ServletContextHandler@358b0b42{static,/static,jar:file:/home/runner/work/ozone/ozone/hadoop-hdds/container-service/target/hdds-container-service-2.0.0-SNAPSHOT.jar!/webapps/static,AVAILABLE}
2025-03-10 14:59:22,138 [main] INFO  handler.ContextHandler (ContextHandler.java:doStart(921)) - Started o.e.j.w.WebAppContext@6918300a{hddsDatanode,/,file:///home/runner/work/ozone/ozone/hadoop-ozone/integration-test/target/test-dir/MiniOzoneClusterImpl-92936399-7d39-4e90-b2ee-bbad22e09632/ozone-meta/datanode-3/meta/webserver/jetty-0_0_0_0-15066-hdds-container-service-2_0_0-SNAPSHOT_jar-_-any-13436695602130428689/webapp/,AVAILABLE}{jar:file:/home/runner/work/ozone/ozone/hadoop-hdds/container-service/target/hdds-container-service-2.0.0-SNAPSHOT.jar!/webapps/hddsDatanode}
2025-03-10 14:59:22,138 [main] INFO  server.AbstractConnector (AbstractConnector.java:doStart(333)) - Started ServerConnector@1bc75a96{HTTP/1.1, (http/1.1)}{0.0.0.0:15066}
2025-03-10 14:59:22,139 [main] INFO  server.Server (Server.java:doStart(415)) - Started @63179ms
2025-03-10 14:59:22,139 [main] WARN  impl.MetricsSystemImpl (MetricsSystemImpl.java:register(279)) - Sink prometheus already exists!
2025-03-10 14:59:22,139 [main] INFO  http.BaseHttpServer (BaseHttpServer.java:updateConnectorAddress(360)) - HTTP server of hddsDatanode listening at http://0.0.0.0:15066
2025-03-10 14:59:22,140 [main] INFO  ipc.CallQueueManager (CallQueueManager.java:<init>(93)) - Using callQueue: class java.util.concurrent.LinkedBlockingQueue, queueCapacity: 1000, scheduler: class org.apache.hadoop.ipc.DefaultRpcScheduler, ipcBackoff: false, ipcFailOver: false.
2025-03-10 14:59:22,140 [main] INFO  ipc.Server (Server.java:<init>(1438)) - Listener at 0.0.0.0:15067
2025-03-10 14:59:22,140 [Socket Reader #1 for port 15067] INFO  ipc.Server (Server.java:run(1474)) - Starting Socket Reader #1 for port 15067
2025-03-10 14:59:22,140 [Socket Reader #2 for port 15067] INFO  ipc.Server (Server.java:run(1474)) - Starting Socket Reader #2 for port 15067
2025-03-10 14:59:22,141 [Socket Reader #3 for port 15067] INFO  ipc.Server (Server.java:run(1474)) - Starting Socket Reader #3 for port 15067
2025-03-10 14:59:22,141 [Socket Reader #4 for port 15067] INFO  ipc.Server (Server.java:run(1474)) - Starting Socket Reader #4 for port 15067
2025-03-10 14:59:22,141 [Socket Reader #5 for port 15067] INFO  ipc.Server (Server.java:run(1474)) - Starting Socket Reader #5 for port 15067
2025-03-10 14:59:22,141 [Socket Reader #6 for port 15067] INFO  ipc.Server (Server.java:run(1474)) - Starting Socket Reader #6 for port 15067
2025-03-10 14:59:22,141 [Socket Reader #7 for port 15067] INFO  ipc.Server (Server.java:run(1474)) - Starting Socket Reader #7 for port 15067
2025-03-10 14:59:22,141 [Socket Reader #8 for port 15067] INFO  ipc.Server (Server.java:run(1474)) - Starting Socket Reader #8 for port 15067
2025-03-10 14:59:22,142 [Socket Reader #9 for port 15067] INFO  ipc.Server (Server.java:run(1474)) - Starting Socket Reader #9 for port 15067
2025-03-10 14:59:22,142 [Socket Reader #10 for port 15067] INFO  ipc.Server (Server.java:run(1474)) - Starting Socket Reader #10 for port 15067
2025-03-10 14:59:22,143 [main] INFO  ozone.HddsDatanodeService (HddsDatanodeService.java:start(332)) - Datanode start with admins: [runner]
2025-03-10 14:59:22,143 [main] INFO  ozone.HddsDatanodeClientProtocolServer (HddsDatanodeClientProtocolServer.java:start(76)) - RPC server for Client /0.0.0.0:15067
2025-03-10 14:59:22,144 [IPC Server Responder] INFO  ipc.Server (Server.java:run(1713)) - IPC Server Responder: starting
2025-03-10 14:59:22,144 [IPC Server listener on 15067] INFO  ipc.Server (Server.java:run(1553)) - IPC Server listener on 15067: starting
2025-03-10 14:59:22,146 [main] INFO  ozone.MiniOzoneClusterImpl (MiniOzoneClusterImpl.java:lambda$waitForClusterToBeReady$0(208)) - Waiting for nodes to be ready. Got 0 of 3 DN Heartbeats.
2025-03-10 14:59:22,146 [main] INFO  ozone.MiniOzoneClusterImpl (MiniOzoneClusterImpl.java:lambda$waitForClusterToBeReady$0(211)) - Waiting for cluster to exit safe mode
2025-03-10 14:59:22,146 [main] INFO  ozone.MiniOzoneClusterImpl (MiniOzoneClusterImpl.java:lambda$waitForClusterToBeReady$0(213)) - SCM became leader
2025-03-10 14:59:22,146 [34c8489e-bd2b-45e5-8f71-480c904dd2ce-DatanodeStateMachineDaemonThread] INFO  statemachine.DatanodeStateMachine (DatanodeStateMachine.java:startStateMachineThread(336)) - Ozone container server started.
2025-03-10 14:59:22,148 [34c8489e-bd2b-45e5-8f71-480c904dd2ce-DatanodeStateMachineTaskThread-0] INFO  datanode.InitDatanodeState (InitDatanodeState.java:persistContainerDatanodeDetails(139)) - DatanodeDetails is persisted to /home/runner/work/ozone/ozone/hadoop-ozone/integration-test/target/test-dir/MiniOzoneClusterImpl-92936399-7d39-4e90-b2ee-bbad22e09632/ozone-meta/datanode-3/meta/datanode.id
2025-03-10 14:59:22,631 [om1@group-C5BA1605619E-FollowerState] INFO  impl.FollowerState (FollowerState.java:runImpl(161)) - om1@group-C5BA1605619E-FollowerState: change to CANDIDATE, lastRpcElapsedTime:1098816449ns, electionTimeout:1098ms
2025-03-10 14:59:22,631 [om1@group-C5BA1605619E-FollowerState] INFO  impl.RoleInfo (RoleInfo.java:shutdownFollowerState(121)) - om1: shutdown om1@group-C5BA1605619E-FollowerState
2025-03-10 14:59:22,632 [om1@group-C5BA1605619E-FollowerState] INFO  server.RaftServer$Division (RaftServerImpl.java:setRole(378)) - om1@group-C5BA1605619E: changes role from  FOLLOWER to CANDIDATE at term 0 for changeToCandidate
2025-03-10 14:59:22,632 [om1@group-C5BA1605619E-FollowerState] INFO  server.RaftServerConfigKeys (ConfUtils.java:logGet(46)) - raft.server.leaderelection.pre-vote = true (default)
2025-03-10 14:59:22,632 [om1@group-C5BA1605619E-FollowerState] INFO  impl.RoleInfo (RoleInfo.java:updateAndGet(148)) - om1: start om1@group-C5BA1605619E-LeaderElection13
2025-03-10 14:59:22,632 [om1@group-C5BA1605619E-LeaderElection13] INFO  impl.LeaderElection (LeaderElection.java:askForVotes(332)) - om1@group-C5BA1605619E-LeaderElection13 PRE_VOTE round 0: submit vote requests at term 0 for conf: {index: -1, cur=peers:[om1|localhost:15046]|listeners:[], old=null}
2025-03-10 14:59:22,632 [om1@group-C5BA1605619E-LeaderElection13] INFO  impl.LeaderElection (LeaderElection.java:askForVotes(334)) - om1@group-C5BA1605619E-LeaderElection13 PRE_VOTE round 0: result PASSED (term=0)
2025-03-10 14:59:22,634 [om1@group-C5BA1605619E-LeaderElection13] INFO  impl.LeaderElection (LeaderElection.java:askForVotes(332)) - om1@group-C5BA1605619E-LeaderElection13 ELECTION round 0: submit vote requests at term 1 for conf: {index: -1, cur=peers:[om1|localhost:15046]|listeners:[], old=null}
2025-03-10 14:59:22,634 [om1@group-C5BA1605619E-LeaderElection13] INFO  impl.LeaderElection (LeaderElection.java:askForVotes(334)) - om1@group-C5BA1605619E-LeaderElection13 ELECTION round 0: result PASSED (term=1)
2025-03-10 14:59:22,634 [om1@group-C5BA1605619E-LeaderElection13] INFO  impl.RoleInfo (RoleInfo.java:shutdownLeaderElection(141)) - om1: shutdown om1@group-C5BA1605619E-LeaderElection13
2025-03-10 14:59:22,634 [om1@group-C5BA1605619E-LeaderElection13] INFO  server.RaftServer$Division (RaftServerImpl.java:setRole(378)) - om1@group-C5BA1605619E: changes role from CANDIDATE to LEADER at term 1 for changeToLeader
2025-03-10 14:59:22,634 [om1@group-C5BA1605619E-LeaderElection13] INFO  server.RaftServerConfigKeys (ConfUtils.java:logGet(46)) - raft.server.staging.catchup.gap = 1000 (default)
2025-03-10 14:59:22,634 [om1@group-C5BA1605619E-LeaderElection13] INFO  server.RaftServerConfigKeys (ConfUtils.java:logGet(46)) - raft.server.write.element-limit = 4096 (default)
2025-03-10 14:59:22,634 [om1@group-C5BA1605619E-LeaderElection13] INFO  server.RaftServerConfigKeys (ConfUtils.java:logGet(46)) - raft.server.write.byte-limit = 64MB (=67108864) (default)
2025-03-10 14:59:22,634 [om1@group-C5BA1605619E-LeaderElection13] INFO  server.RaftServerConfigKeys (ConfUtils.java:logGet(46)) - raft.server.watch.timeout = 10s (default)
2025-03-10 14:59:22,634 [om1@group-C5BA1605619E-LeaderElection13] INFO  server.RaftServerConfigKeys (ConfUtils.java:logGet(46)) - raft.server.watch.timeout.denomination = 1s (default)
2025-03-10 14:59:22,634 [om1@group-C5BA1605619E-LeaderElection13] INFO  server.RaftServerConfigKeys (ConfUtils.java:logGet(46)) - raft.server.watch.element-limit = 65536 (default)
2025-03-10 14:59:22,635 [om1@group-C5BA1605619E-LeaderElection13] INFO  server.RaftServerConfigKeys (ConfUtils.java:logGet(46)) - raft.server.read.leader.lease.enabled = false (default)
2025-03-10 14:59:22,635 [om1@group-C5BA1605619E-LeaderElection13] INFO  server.RaftServerConfigKeys (ConfUtils.java:logGet(46)) - raft.server.read.leader.lease.timeout.ratio = 0.9 (default)
2025-03-10 14:59:22,635 [om1@group-C5BA1605619E-LeaderElection13] INFO  server.RaftServerConfigKeys (ConfUtils.java:logGet(46)) - raft.server.rpc.timeout.min = 1s (custom)
2025-03-10 14:59:22,635 [om1@group-C5BA1605619E-LeaderElection13] INFO  server.RaftServerConfigKeys (ConfUtils.java:logGet(46)) - raft.server.log.log-metadata.enabled = true (default)
2025-03-10 14:59:22,635 [om1@group-C5BA1605619E-LeaderElection13] INFO  server.RaftServerConfigKeys (ConfUtils.java:logGet(46)) - raft.server.write.element-limit = 4096 (default)
2025-03-10 14:59:22,635 [om1@group-C5BA1605619E-LeaderElection13] INFO  server.RaftServerConfigKeys (ConfUtils.java:logGet(46)) - raft.server.write.follower.gap.ratio.max = -1.0 (default)
2025-03-10 14:59:22,635 [om1@group-C5BA1605619E-LeaderElection13] INFO  impl.RoleInfo (RoleInfo.java:updateAndGet(148)) - om1: start om1@group-C5BA1605619E-LeaderStateImpl
2025-03-10 14:59:22,635 [om1@group-C5BA1605619E-LeaderElection13] INFO  server.RaftServer$Division (RaftServerImpl.java:setFirstElection(562)) - om1@group-C5BA1605619E: set firstElectionSinceStartup to false for becomeLeader
2025-03-10 14:59:22,635 [om1@group-C5BA1605619E-LeaderElection13] INFO  ratis.OzoneManagerStateMachine (OzoneManagerStateMachine.java:notifyLeaderChanged(164)) - om1@group-C5BA1605619E: leader changed to om1
2025-03-10 14:59:22,635 [om1@group-C5BA1605619E-LeaderElection13] INFO  server.RaftServer$Division (ServerState.java:setLeader(272)) - om1@group-C5BA1605619E: change Leader from null to om1 at term 1 for becomeLeader, leader elected after 1621ms
2025-03-10 14:59:22,636 [om1@group-C5BA1605619E-LeaderElection13] INFO  segmented.SegmentedRaftLogWorker (SegmentedRaftLogWorker.java:startLogSegment(438)) - om1@group-C5BA1605619E-SegmentedRaftLogWorker: Starting segment from index:0
2025-03-10 14:59:22,636 [om1@group-C5BA1605619E-LeaderElection13] INFO  server.RaftServer$Division (ServerState.java:setRaftConf(386)) - om1@group-C5BA1605619E: set configuration conf: {index: 0, cur=peers:[om1|localhost:15046]|listeners:[], old=null}
2025-03-10 14:59:22,636 [om1@group-C5BA1605619E-SegmentedRaftLogWorker] INFO  segmented.BufferedWriteChannel (BufferedWriteChannel.java:open(61)) - open log_inprogress_0 at position 0
2025-03-10 14:59:22,646 [om1@group-C5BA1605619E-SegmentedRaftLogWorker] INFO  segmented.SegmentedRaftLogWorker (SegmentedRaftLogWorker.java:execute(644)) - om1@group-C5BA1605619E-SegmentedRaftLogWorker: created new log segment /home/runner/work/ozone/ozone/hadoop-ozone/integration-test/target/test-dir/MiniOzoneClusterImpl-92936399-7d39-4e90-b2ee-bbad22e09632/ozone-meta/ratis/bf265839-605b-3f16-9796-c5ba1605619e/current/log_inprogress_0
2025-03-10 14:59:22,647 [om1@group-C5BA1605619E-StateMachineUpdater] INFO  ratis.OzoneManagerStateMachine (OzoneManagerStateMachine.java:notifyConfigurationChanged(226)) - notifyConfigurationChanged from Ratis: term=1, index=0, New Peer list: om1(localhost:15046)
2025-03-10 14:59:22,647 [om1@group-C5BA1605619E-StateMachineUpdater] INFO  server.RaftServer$Division (LeaderStateImpl.java:checkStartIndex(313)) - Leader om1@group-C5BA1605619E-LeaderStateImpl is ready since appliedIndex == startIndex == 0
2025-03-10 14:59:23,146 [main] INFO  ozone.MiniOzoneClusterImpl (MiniOzoneClusterImpl.java:lambda$waitForClusterToBeReady$0(208)) - Waiting for nodes to be ready. Got 0 of 3 DN Heartbeats.
2025-03-10 14:59:23,147 [main] INFO  ozone.MiniOzoneClusterImpl (MiniOzoneClusterImpl.java:lambda$waitForClusterToBeReady$0(211)) - Waiting for cluster to exit safe mode
2025-03-10 14:59:23,147 [main] INFO  ozone.MiniOzoneClusterImpl (MiniOzoneClusterImpl.java:lambda$waitForClusterToBeReady$0(213)) - SCM became leader
2025-03-10 14:59:23,789 [edfd90b7-d4f7-415e-a332-2179825f57d9-EndpointStateMachineTaskThread-/0.0.0.0:15039-0 ] INFO  utils.DatanodeStoreCache (DatanodeStoreCache.java:addDB(71)) - Added db /home/runner/work/ozone/ozone/hadoop-ozone/integration-test/target/test-dir/MiniOzoneClusterImpl-92936399-7d39-4e90-b2ee-bbad22e09632/ozone-meta/datanode-1/data-0/hdds/92936399-7d39-4e90-b2ee-bbad22e09632/DS-faf1f4ab-b1b3-4bb7-b9ff-1b5b84053271/container.db to cache
2025-03-10 14:59:23,789 [edfd90b7-d4f7-415e-a332-2179825f57d9-EndpointStateMachineTaskThread-/0.0.0.0:15039-0 ] INFO  volume.HddsVolume (HddsVolume.java:createDbStore(446)) - SchemaV3 db is created and loaded at /home/runner/work/ozone/ozone/hadoop-ozone/integration-test/target/test-dir/MiniOzoneClusterImpl-92936399-7d39-4e90-b2ee-bbad22e09632/ozone-meta/datanode-1/data-0/hdds/92936399-7d39-4e90-b2ee-bbad22e09632/DS-faf1f4ab-b1b3-4bb7-b9ff-1b5b84053271/container.db for volume DS-faf1f4ab-b1b3-4bb7-b9ff-1b5b84053271
2025-03-10 14:59:23,791 [edfd90b7-d4f7-415e-a332-2179825f57d9-ContainerReader-0] INFO  ozoneimpl.ContainerReader (ContainerReader.java:readVolume(144)) - Start to verify containers on volume /home/runner/work/ozone/ozone/hadoop-ozone/integration-test/target/test-dir/MiniOzoneClusterImpl-92936399-7d39-4e90-b2ee-bbad22e09632/ozone-meta/datanode-1/data-0/hdds
2025-03-10 14:59:23,791 [edfd90b7-d4f7-415e-a332-2179825f57d9-ContainerReader-0] INFO  ozoneimpl.ContainerReader (ContainerReader.java:readVolume(174)) - Finish verifying containers on volume /home/runner/work/ozone/ozone/hadoop-ozone/integration-test/target/test-dir/MiniOzoneClusterImpl-92936399-7d39-4e90-b2ee-bbad22e09632/ozone-meta/datanode-1/data-0/hdds
2025-03-10 14:59:23,791 [edfd90b7-d4f7-415e-a332-2179825f57d9-EndpointStateMachineTaskThread-/0.0.0.0:15039-0 ] INFO  ozoneimpl.OzoneContainer (OzoneContainer.java:buildContainerSet(357)) - Build ContainerSet costs 0s
2025-03-10 14:59:23,791 [edfd90b7-d4f7-415e-a332-2179825f57d9-EndpointStateMachineTaskThread-/0.0.0.0:15039-0 ] INFO  volume.ThrottledAsyncChecker (ThrottledAsyncChecker.java:schedule(138)) - Scheduling a check for /home/runner/work/ozone/ozone/hadoop-ozone/integration-test/target/test-dir/MiniOzoneClusterImpl-92936399-7d39-4e90-b2ee-bbad22e09632/ozone-meta/datanode-1/data-0/hdds
2025-03-10 14:59:23,792 [edfd90b7-d4f7-415e-a332-2179825f57d9-EndpointStateMachineTaskThread-/0.0.0.0:15039-0 ] INFO  volume.StorageVolumeChecker (StorageVolumeChecker.java:checkAllVolumes(215)) - Scheduled health check for volume /home/runner/work/ozone/ozone/hadoop-ozone/integration-test/target/test-dir/MiniOzoneClusterImpl-92936399-7d39-4e90-b2ee-bbad22e09632/ozone-meta/datanode-1/data-0/hdds
2025-03-10 14:59:23,793 [edfd90b7-d4f7-415e-a332-2179825f57d9-EndpointStateMachineTaskThread-/0.0.0.0:15039-0 ] INFO  volume.ThrottledAsyncChecker (ThrottledAsyncChecker.java:schedule(138)) - Scheduling a check for /home/runner/work/ozone/ozone/hadoop-ozone/integration-test/target/test-dir/MiniOzoneClusterImpl-92936399-7d39-4e90-b2ee-bbad22e09632/ozone-meta/datanode-1/ratis
2025-03-10 14:59:23,793 [edfd90b7-d4f7-415e-a332-2179825f57d9-EndpointStateMachineTaskThread-/0.0.0.0:15039-0 ] INFO  volume.StorageVolumeChecker (StorageVolumeChecker.java:checkAllVolumes(215)) - Scheduled health check for volume /home/runner/work/ozone/ozone/hadoop-ozone/integration-test/target/test-dir/MiniOzoneClusterImpl-92936399-7d39-4e90-b2ee-bbad22e09632/ozone-meta/datanode-1/ratis
2025-03-10 14:59:23,793 [edfd90b7-d4f7-415e-a332-2179825f57d9-EndpointStateMachineTaskThread-/0.0.0.0:15039-0 ] INFO  ozoneimpl.OzoneContainer (OzoneContainer.java:start(500)) - Attempting to start container services.
2025-03-10 14:59:23,794 [ContainerMetadataScanner] INFO  ozoneimpl.AbstractBackgroundContainerScanner (AbstractBackgroundContainerScanner.java:runIteration(89)) - Completed an iteration in 0 minutes. Number of iterations (since the data-node restart) : 1, Number of containers scanned in this iteration : 0, Number of unhealthy containers found in this iteration : 0
2025-03-10 14:59:23,795 [ContainerDataScanner(/home/runner/work/ozone/ozone/hadoop-ozone/integration-test/target/test-dir/MiniOzoneClusterImpl-92936399-7d39-4e90-b2ee-bbad22e09632/ozone-meta/datanode-1/data-0/hdds)] INFO  ozoneimpl.AbstractBackgroundContainerScanner (AbstractBackgroundContainerScanner.java:runIteration(89)) - Completed an iteration in 0 minutes. Number of iterations (since the data-node restart) : 1, Number of containers scanned in this iteration : 0, Number of unhealthy containers found in this iteration : 0
2025-03-10 14:59:23,795 [edfd90b7-d4f7-415e-a332-2179825f57d9-EndpointStateMachineTaskThread-/0.0.0.0:15039-0 ] INFO  replication.ReplicationServer (ReplicationServer.java:start(137)) - ReplicationServer is started using port 15055
2025-03-10 14:59:23,795 [edfd90b7-d4f7-415e-a332-2179825f57d9-EndpointStateMachineTaskThread-/0.0.0.0:15039-0 ] INFO  ratis.XceiverServerRatis (XceiverServerRatis.java:start(558)) - Starting XceiverServerRatis(edfd90b7-d4f7-415e-a332-2179825f57d9)
2025-03-10 14:59:23,796 [edfd90b7-d4f7-415e-a332-2179825f57d9-EndpointStateMachineTaskThread-/0.0.0.0:15039-0 ] INFO  server.RaftServer (RaftServerProxy.java:startImpl(407)) - edfd90b7-d4f7-415e-a332-2179825f57d9: start RPC server
2025-03-10 14:59:23,796 [edfd90b7-d4f7-415e-a332-2179825f57d9-EndpointStateMachineTaskThread-/0.0.0.0:15039-0 ] INFO  server.GrpcService (GrpcService.java:startImpl(334)) - edfd90b7-d4f7-415e-a332-2179825f57d9: GrpcService started, listening on 15051
2025-03-10 14:59:23,797 [edfd90b7-d4f7-415e-a332-2179825f57d9-EndpointStateMachineTaskThread-/0.0.0.0:15039-0 ] INFO  server.GrpcService (GrpcService.java:startImpl(334)) - edfd90b7-d4f7-415e-a332-2179825f57d9: GrpcService started, listening on 15053
2025-03-10 14:59:23,797 [edfd90b7-d4f7-415e-a332-2179825f57d9-EndpointStateMachineTaskThread-/0.0.0.0:15039-0 ] INFO  server.GrpcService (GrpcService.java:startImpl(334)) - edfd90b7-d4f7-415e-a332-2179825f57d9: GrpcService started, listening on 15052
2025-03-10 14:59:23,797 [edfd90b7-d4f7-415e-a332-2179825f57d9-EndpointStateMachineTaskThread-/0.0.0.0:15039-0 ] INFO  ratis.XceiverServerRatis (XceiverServerRatis.java:getRealPort(585)) - XceiverServerRatis(edfd90b7-d4f7-415e-a332-2179825f57d9) is started using port RATIS=15051
2025-03-10 14:59:23,797 [edfd90b7-d4f7-415e-a332-2179825f57d9-EndpointStateMachineTaskThread-/0.0.0.0:15039-0 ] INFO  ratis.XceiverServerRatis (XceiverServerRatis.java:getRealPort(585)) - XceiverServerRatis(edfd90b7-d4f7-415e-a332-2179825f57d9) is started using port RATIS_ADMIN=15052
2025-03-10 14:59:23,797 [edfd90b7-d4f7-415e-a332-2179825f57d9-EndpointStateMachineTaskThread-/0.0.0.0:15039-0 ] INFO  ratis.XceiverServerRatis (XceiverServerRatis.java:getRealPort(585)) - XceiverServerRatis(edfd90b7-d4f7-415e-a332-2179825f57d9) is started using port RATIS_SERVER=15053
2025-03-10 14:59:23,798 [edfd90b7-d4f7-415e-a332-2179825f57d9-EndpointStateMachineTaskThread-/0.0.0.0:15039-0 ] INFO  ratis.XceiverServerRatis (XceiverServerRatis.java:getRealPort(585)) - XceiverServerRatis(edfd90b7-d4f7-415e-a332-2179825f57d9) is started using port RATIS_DATASTREAM=15054
2025-03-10 14:59:23,798 [JvmPauseMonitor10] INFO  util.JvmPauseMonitor (JvmPauseMonitor.java:run(146)) - JvmPauseMonitor-edfd90b7-d4f7-415e-a332-2179825f57d9: Started
2025-03-10 14:59:23,798 [edfd90b7-d4f7-415e-a332-2179825f57d9-BlockDeletingService#0] INFO  interfaces.ContainerDeletionChoosingPolicyTemplate (ContainerDeletionChoosingPolicyTemplate.java:chooseContainerForBlockDeletion(83)) - Chosen 0/5000 blocks from 0 candidate containers.
2025-03-10 14:59:23,977 [a47358e8-0456-4981-be42-6c2243302bda-EndpointStateMachineTaskThread-/0.0.0.0:15039-0 ] INFO  utils.DatanodeStoreCache (DatanodeStoreCache.java:addDB(71)) - Added db /home/runner/work/ozone/ozone/hadoop-ozone/integration-test/target/test-dir/MiniOzoneClusterImpl-92936399-7d39-4e90-b2ee-bbad22e09632/ozone-meta/datanode-2/data-0/hdds/92936399-7d39-4e90-b2ee-bbad22e09632/DS-e5f713fa-ab9b-4caa-8d2d-ea69b4045a6d/container.db to cache
2025-03-10 14:59:23,977 [a47358e8-0456-4981-be42-6c2243302bda-EndpointStateMachineTaskThread-/0.0.0.0:15039-0 ] INFO  volume.HddsVolume (HddsVolume.java:createDbStore(446)) - SchemaV3 db is created and loaded at /home/runner/work/ozone/ozone/hadoop-ozone/integration-test/target/test-dir/MiniOzoneClusterImpl-92936399-7d39-4e90-b2ee-bbad22e09632/ozone-meta/datanode-2/data-0/hdds/92936399-7d39-4e90-b2ee-bbad22e09632/DS-e5f713fa-ab9b-4caa-8d2d-ea69b4045a6d/container.db for volume DS-e5f713fa-ab9b-4caa-8d2d-ea69b4045a6d
2025-03-10 14:59:23,979 [a47358e8-0456-4981-be42-6c2243302bda-ContainerReader-0] INFO  ozoneimpl.ContainerReader (ContainerReader.java:readVolume(144)) - Start to verify containers on volume /home/runner/work/ozone/ozone/hadoop-ozone/integration-test/target/test-dir/MiniOzoneClusterImpl-92936399-7d39-4e90-b2ee-bbad22e09632/ozone-meta/datanode-2/data-0/hdds
2025-03-10 14:59:23,979 [a47358e8-0456-4981-be42-6c2243302bda-ContainerReader-0] INFO  ozoneimpl.ContainerReader (ContainerReader.java:readVolume(174)) - Finish verifying containers on volume /home/runner/work/ozone/ozone/hadoop-ozone/integration-test/target/test-dir/MiniOzoneClusterImpl-92936399-7d39-4e90-b2ee-bbad22e09632/ozone-meta/datanode-2/data-0/hdds
2025-03-10 14:59:23,979 [a47358e8-0456-4981-be42-6c2243302bda-EndpointStateMachineTaskThread-/0.0.0.0:15039-0 ] INFO  ozoneimpl.OzoneContainer (OzoneContainer.java:buildContainerSet(357)) - Build ContainerSet costs 0s
2025-03-10 14:59:23,979 [a47358e8-0456-4981-be42-6c2243302bda-EndpointStateMachineTaskThread-/0.0.0.0:15039-0 ] INFO  volume.ThrottledAsyncChecker (ThrottledAsyncChecker.java:schedule(138)) - Scheduling a check for /home/runner/work/ozone/ozone/hadoop-ozone/integration-test/target/test-dir/MiniOzoneClusterImpl-92936399-7d39-4e90-b2ee-bbad22e09632/ozone-meta/datanode-2/data-0/hdds
2025-03-10 14:59:23,980 [a47358e8-0456-4981-be42-6c2243302bda-EndpointStateMachineTaskThread-/0.0.0.0:15039-0 ] INFO  volume.StorageVolumeChecker (StorageVolumeChecker.java:checkAllVolumes(215)) - Scheduled health check for volume /home/runner/work/ozone/ozone/hadoop-ozone/integration-test/target/test-dir/MiniOzoneClusterImpl-92936399-7d39-4e90-b2ee-bbad22e09632/ozone-meta/datanode-2/data-0/hdds
2025-03-10 14:59:23,981 [a47358e8-0456-4981-be42-6c2243302bda-EndpointStateMachineTaskThread-/0.0.0.0:15039-0 ] INFO  volume.ThrottledAsyncChecker (ThrottledAsyncChecker.java:schedule(138)) - Scheduling a check for /home/runner/work/ozone/ozone/hadoop-ozone/integration-test/target/test-dir/MiniOzoneClusterImpl-92936399-7d39-4e90-b2ee-bbad22e09632/ozone-meta/datanode-2/ratis
2025-03-10 14:59:23,981 [a47358e8-0456-4981-be42-6c2243302bda-EndpointStateMachineTaskThread-/0.0.0.0:15039-0 ] INFO  volume.StorageVolumeChecker (StorageVolumeChecker.java:checkAllVolumes(215)) - Scheduled health check for volume /home/runner/work/ozone/ozone/hadoop-ozone/integration-test/target/test-dir/MiniOzoneClusterImpl-92936399-7d39-4e90-b2ee-bbad22e09632/ozone-meta/datanode-2/ratis
2025-03-10 14:59:23,981 [a47358e8-0456-4981-be42-6c2243302bda-EndpointStateMachineTaskThread-/0.0.0.0:15039-0 ] INFO  ozoneimpl.OzoneContainer (OzoneContainer.java:start(500)) - Attempting to start container services.
2025-03-10 14:59:23,982 [a47358e8-0456-4981-be42-6c2243302bda-EndpointStateMachineTaskThread-/0.0.0.0:15039-0 ] WARN  ozoneimpl.OnDemandContainerDataScanner (OnDemandContainerDataScanner.java:init(74)) - Trying to initialize on demand scanner a second time on a datanode.
2025-03-10 14:59:23,982 [ContainerMetadataScanner] INFO  ozoneimpl.AbstractBackgroundContainerScanner (AbstractBackgroundContainerScanner.java:runIteration(89)) - Completed an iteration in 0 minutes. Number of iterations (since the data-node restart) : 1, Number of containers scanned in this iteration : 0, Number of unhealthy containers found in this iteration : 0
2025-03-10 14:59:23,983 [ContainerDataScanner(/home/runner/work/ozone/ozone/hadoop-ozone/integration-test/target/test-dir/MiniOzoneClusterImpl-92936399-7d39-4e90-b2ee-bbad22e09632/ozone-meta/datanode-2/data-0/hdds)] INFO  ozoneimpl.AbstractBackgroundContainerScanner (AbstractBackgroundContainerScanner.java:runIteration(89)) - Completed an iteration in 0 minutes. Number of iterations (since the data-node restart) : 1, Number of containers scanned in this iteration : 0, Number of unhealthy containers found in this iteration : 0
2025-03-10 14:59:23,983 [a47358e8-0456-4981-be42-6c2243302bda-EndpointStateMachineTaskThread-/0.0.0.0:15039-0 ] INFO  replication.ReplicationServer (ReplicationServer.java:start(137)) - ReplicationServer is started using port 15064
2025-03-10 14:59:23,983 [a47358e8-0456-4981-be42-6c2243302bda-EndpointStateMachineTaskThread-/0.0.0.0:15039-0 ] INFO  ratis.XceiverServerRatis (XceiverServerRatis.java:start(558)) - Starting XceiverServerRatis(a47358e8-0456-4981-be42-6c2243302bda)
2025-03-10 14:59:23,984 [a47358e8-0456-4981-be42-6c2243302bda-EndpointStateMachineTaskThread-/0.0.0.0:15039-0 ] INFO  server.RaftServer (RaftServerProxy.java:startImpl(407)) - a47358e8-0456-4981-be42-6c2243302bda: start RPC server
2025-03-10 14:59:23,984 [a47358e8-0456-4981-be42-6c2243302bda-EndpointStateMachineTaskThread-/0.0.0.0:15039-0 ] INFO  server.GrpcService (GrpcService.java:startImpl(334)) - a47358e8-0456-4981-be42-6c2243302bda: GrpcService started, listening on 15060
2025-03-10 14:59:23,985 [a47358e8-0456-4981-be42-6c2243302bda-EndpointStateMachineTaskThread-/0.0.0.0:15039-0 ] INFO  server.GrpcService (GrpcService.java:startImpl(334)) - a47358e8-0456-4981-be42-6c2243302bda: GrpcService started, listening on 15062
2025-03-10 14:59:23,985 [a47358e8-0456-4981-be42-6c2243302bda-EndpointStateMachineTaskThread-/0.0.0.0:15039-0 ] INFO  server.GrpcService (GrpcService.java:startImpl(334)) - a47358e8-0456-4981-be42-6c2243302bda: GrpcService started, listening on 15061
2025-03-10 14:59:23,985 [a47358e8-0456-4981-be42-6c2243302bda-EndpointStateMachineTaskThread-/0.0.0.0:15039-0 ] INFO  ratis.XceiverServerRatis (XceiverServerRatis.java:getRealPort(585)) - XceiverServerRatis(a47358e8-0456-4981-be42-6c2243302bda) is started using port RATIS=15060
2025-03-10 14:59:23,985 [JvmPauseMonitor11] INFO  util.JvmPauseMonitor (JvmPauseMonitor.java:run(146)) - JvmPauseMonitor-a47358e8-0456-4981-be42-6c2243302bda: Started
2025-03-10 14:59:23,985 [a47358e8-0456-4981-be42-6c2243302bda-EndpointStateMachineTaskThread-/0.0.0.0:15039-0 ] INFO  ratis.XceiverServerRatis (XceiverServerRatis.java:getRealPort(585)) - XceiverServerRatis(a47358e8-0456-4981-be42-6c2243302bda) is started using port RATIS_ADMIN=15061
2025-03-10 14:59:23,985 [a47358e8-0456-4981-be42-6c2243302bda-EndpointStateMachineTaskThread-/0.0.0.0:15039-0 ] INFO  ratis.XceiverServerRatis (XceiverServerRatis.java:getRealPort(585)) - XceiverServerRatis(a47358e8-0456-4981-be42-6c2243302bda) is started using port RATIS_SERVER=15062
2025-03-10 14:59:23,985 [a47358e8-0456-4981-be42-6c2243302bda-EndpointStateMachineTaskThread-/0.0.0.0:15039-0 ] INFO  ratis.XceiverServerRatis (XceiverServerRatis.java:getRealPort(585)) - XceiverServerRatis(a47358e8-0456-4981-be42-6c2243302bda) is started using port RATIS_DATASTREAM=15063
2025-03-10 14:59:23,986 [a47358e8-0456-4981-be42-6c2243302bda-BlockDeletingService#0] INFO  interfaces.ContainerDeletionChoosingPolicyTemplate (ContainerDeletionChoosingPolicyTemplate.java:chooseContainerForBlockDeletion(83)) - Chosen 0/5000 blocks from 0 candidate containers.
2025-03-10 14:59:24,147 [main] INFO  ozone.MiniOzoneClusterImpl (MiniOzoneClusterImpl.java:lambda$waitForClusterToBeReady$0(208)) - Waiting for nodes to be ready. Got 0 of 3 DN Heartbeats.
2025-03-10 14:59:24,147 [main] INFO  ozone.MiniOzoneClusterImpl (MiniOzoneClusterImpl.java:lambda$waitForClusterToBeReady$0(211)) - Waiting for cluster to exit safe mode
2025-03-10 14:59:24,147 [main] INFO  ozone.MiniOzoneClusterImpl (MiniOzoneClusterImpl.java:lambda$waitForClusterToBeReady$0(213)) - SCM became leader
2025-03-10 14:59:24,177 [34c8489e-bd2b-45e5-8f71-480c904dd2ce-EndpointStateMachineTaskThread-/0.0.0.0:15039-0 ] INFO  utils.DatanodeStoreCache (DatanodeStoreCache.java:addDB(71)) - Added db /home/runner/work/ozone/ozone/hadoop-ozone/integration-test/target/test-dir/MiniOzoneClusterImpl-92936399-7d39-4e90-b2ee-bbad22e09632/ozone-meta/datanode-3/data-0/hdds/92936399-7d39-4e90-b2ee-bbad22e09632/DS-11b31eaa-69d7-443a-af08-a0398c4070b9/container.db to cache
2025-03-10 14:59:24,178 [34c8489e-bd2b-45e5-8f71-480c904dd2ce-EndpointStateMachineTaskThread-/0.0.0.0:15039-0 ] INFO  volume.HddsVolume (HddsVolume.java:createDbStore(446)) - SchemaV3 db is created and loaded at /home/runner/work/ozone/ozone/hadoop-ozone/integration-test/target/test-dir/MiniOzoneClusterImpl-92936399-7d39-4e90-b2ee-bbad22e09632/ozone-meta/datanode-3/data-0/hdds/92936399-7d39-4e90-b2ee-bbad22e09632/DS-11b31eaa-69d7-443a-af08-a0398c4070b9/container.db for volume DS-11b31eaa-69d7-443a-af08-a0398c4070b9
2025-03-10 14:59:24,180 [34c8489e-bd2b-45e5-8f71-480c904dd2ce-ContainerReader-0] INFO  ozoneimpl.ContainerReader (ContainerReader.java:readVolume(144)) - Start to verify containers on volume /home/runner/work/ozone/ozone/hadoop-ozone/integration-test/target/test-dir/MiniOzoneClusterImpl-92936399-7d39-4e90-b2ee-bbad22e09632/ozone-meta/datanode-3/data-0/hdds
2025-03-10 14:59:24,180 [34c8489e-bd2b-45e5-8f71-480c904dd2ce-ContainerReader-0] INFO  ozoneimpl.ContainerReader (ContainerReader.java:readVolume(174)) - Finish verifying containers on volume /home/runner/work/ozone/ozone/hadoop-ozone/integration-test/target/test-dir/MiniOzoneClusterImpl-92936399-7d39-4e90-b2ee-bbad22e09632/ozone-meta/datanode-3/data-0/hdds
2025-03-10 14:59:24,180 [34c8489e-bd2b-45e5-8f71-480c904dd2ce-EndpointStateMachineTaskThread-/0.0.0.0:15039-0 ] INFO  ozoneimpl.OzoneContainer (OzoneContainer.java:buildContainerSet(357)) - Build ContainerSet costs 0s
2025-03-10 14:59:24,181 [34c8489e-bd2b-45e5-8f71-480c904dd2ce-EndpointStateMachineTaskThread-/0.0.0.0:15039-0 ] INFO  volume.ThrottledAsyncChecker (ThrottledAsyncChecker.java:schedule(138)) - Scheduling a check for /home/runner/work/ozone/ozone/hadoop-ozone/integration-test/target/test-dir/MiniOzoneClusterImpl-92936399-7d39-4e90-b2ee-bbad22e09632/ozone-meta/datanode-3/data-0/hdds
2025-03-10 14:59:24,181 [34c8489e-bd2b-45e5-8f71-480c904dd2ce-EndpointStateMachineTaskThread-/0.0.0.0:15039-0 ] INFO  volume.StorageVolumeChecker (StorageVolumeChecker.java:checkAllVolumes(215)) - Scheduled health check for volume /home/runner/work/ozone/ozone/hadoop-ozone/integration-test/target/test-dir/MiniOzoneClusterImpl-92936399-7d39-4e90-b2ee-bbad22e09632/ozone-meta/datanode-3/data-0/hdds
2025-03-10 14:59:24,182 [34c8489e-bd2b-45e5-8f71-480c904dd2ce-EndpointStateMachineTaskThread-/0.0.0.0:15039-0 ] INFO  volume.ThrottledAsyncChecker (ThrottledAsyncChecker.java:schedule(138)) - Scheduling a check for /home/runner/work/ozone/ozone/hadoop-ozone/integration-test/target/test-dir/MiniOzoneClusterImpl-92936399-7d39-4e90-b2ee-bbad22e09632/ozone-meta/datanode-3/ratis
2025-03-10 14:59:24,182 [34c8489e-bd2b-45e5-8f71-480c904dd2ce-EndpointStateMachineTaskThread-/0.0.0.0:15039-0 ] INFO  volume.StorageVolumeChecker (StorageVolumeChecker.java:checkAllVolumes(215)) - Scheduled health check for volume /home/runner/work/ozone/ozone/hadoop-ozone/integration-test/target/test-dir/MiniOzoneClusterImpl-92936399-7d39-4e90-b2ee-bbad22e09632/ozone-meta/datanode-3/ratis
2025-03-10 14:59:24,183 [34c8489e-bd2b-45e5-8f71-480c904dd2ce-EndpointStateMachineTaskThread-/0.0.0.0:15039-0 ] INFO  ozoneimpl.OzoneContainer (OzoneContainer.java:start(500)) - Attempting to start container services.
2025-03-10 14:59:24,183 [34c8489e-bd2b-45e5-8f71-480c904dd2ce-EndpointStateMachineTaskThread-/0.0.0.0:15039-0 ] WARN  ozoneimpl.OnDemandContainerDataScanner (OnDemandContainerDataScanner.java:init(74)) - Trying to initialize on demand scanner a second time on a datanode.
2025-03-10 14:59:24,183 [ContainerMetadataScanner] INFO  ozoneimpl.AbstractBackgroundContainerScanner (AbstractBackgroundContainerScanner.java:runIteration(89)) - Completed an iteration in 0 minutes. Number of iterations (since the data-node restart) : 1, Number of containers scanned in this iteration : 0, Number of unhealthy containers found in this iteration : 0
2025-03-10 14:59:24,184 [ContainerDataScanner(/home/runner/work/ozone/ozone/hadoop-ozone/integration-test/target/test-dir/MiniOzoneClusterImpl-92936399-7d39-4e90-b2ee-bbad22e09632/ozone-meta/datanode-3/data-0/hdds)] INFO  ozoneimpl.AbstractBackgroundContainerScanner (AbstractBackgroundContainerScanner.java:runIteration(89)) - Completed an iteration in 0 minutes. Number of iterations (since the data-node restart) : 1, Number of containers scanned in this iteration : 0, Number of unhealthy containers found in this iteration : 0
2025-03-10 14:59:24,184 [34c8489e-bd2b-45e5-8f71-480c904dd2ce-EndpointStateMachineTaskThread-/0.0.0.0:15039-0 ] INFO  replication.ReplicationServer (ReplicationServer.java:start(137)) - ReplicationServer is started using port 15073
2025-03-10 14:59:24,184 [34c8489e-bd2b-45e5-8f71-480c904dd2ce-EndpointStateMachineTaskThread-/0.0.0.0:15039-0 ] INFO  ratis.XceiverServerRatis (XceiverServerRatis.java:start(558)) - Starting XceiverServerRatis(34c8489e-bd2b-45e5-8f71-480c904dd2ce)
2025-03-10 14:59:24,185 [34c8489e-bd2b-45e5-8f71-480c904dd2ce-EndpointStateMachineTaskThread-/0.0.0.0:15039-0 ] INFO  server.RaftServer (RaftServerProxy.java:startImpl(407)) - 34c8489e-bd2b-45e5-8f71-480c904dd2ce: start RPC server
2025-03-10 14:59:24,185 [34c8489e-bd2b-45e5-8f71-480c904dd2ce-EndpointStateMachineTaskThread-/0.0.0.0:15039-0 ] INFO  server.GrpcService (GrpcService.java:startImpl(334)) - 34c8489e-bd2b-45e5-8f71-480c904dd2ce: GrpcService started, listening on 15069
2025-03-10 14:59:24,186 [34c8489e-bd2b-45e5-8f71-480c904dd2ce-EndpointStateMachineTaskThread-/0.0.0.0:15039-0 ] INFO  server.GrpcService (GrpcService.java:startImpl(334)) - 34c8489e-bd2b-45e5-8f71-480c904dd2ce: GrpcService started, listening on 15071
2025-03-10 14:59:24,186 [34c8489e-bd2b-45e5-8f71-480c904dd2ce-EndpointStateMachineTaskThread-/0.0.0.0:15039-0 ] INFO  server.GrpcService (GrpcService.java:startImpl(334)) - 34c8489e-bd2b-45e5-8f71-480c904dd2ce: GrpcService started, listening on 15070
2025-03-10 14:59:24,186 [34c8489e-bd2b-45e5-8f71-480c904dd2ce-EndpointStateMachineTaskThread-/0.0.0.0:15039-0 ] INFO  ratis.XceiverServerRatis (XceiverServerRatis.java:getRealPort(585)) - XceiverServerRatis(34c8489e-bd2b-45e5-8f71-480c904dd2ce) is started using port RATIS=15069
2025-03-10 14:59:24,186 [34c8489e-bd2b-45e5-8f71-480c904dd2ce-EndpointStateMachineTaskThread-/0.0.0.0:15039-0 ] INFO  ratis.XceiverServerRatis (XceiverServerRatis.java:getRealPort(585)) - XceiverServerRatis(34c8489e-bd2b-45e5-8f71-480c904dd2ce) is started using port RATIS_ADMIN=15070
2025-03-10 14:59:24,186 [JvmPauseMonitor12] INFO  util.JvmPauseMonitor (JvmPauseMonitor.java:run(146)) - JvmPauseMonitor-34c8489e-bd2b-45e5-8f71-480c904dd2ce: Started
2025-03-10 14:59:24,186 [34c8489e-bd2b-45e5-8f71-480c904dd2ce-EndpointStateMachineTaskThread-/0.0.0.0:15039-0 ] INFO  ratis.XceiverServerRatis (XceiverServerRatis.java:getRealPort(585)) - XceiverServerRatis(34c8489e-bd2b-45e5-8f71-480c904dd2ce) is started using port RATIS_SERVER=15071
2025-03-10 14:59:24,186 [34c8489e-bd2b-45e5-8f71-480c904dd2ce-EndpointStateMachineTaskThread-/0.0.0.0:15039-0 ] INFO  ratis.XceiverServerRatis (XceiverServerRatis.java:getRealPort(585)) - XceiverServerRatis(34c8489e-bd2b-45e5-8f71-480c904dd2ce) is started using port RATIS_DATASTREAM=15072
2025-03-10 14:59:24,187 [34c8489e-bd2b-45e5-8f71-480c904dd2ce-BlockDeletingService#0] INFO  interfaces.ContainerDeletionChoosingPolicyTemplate (ContainerDeletionChoosingPolicyTemplate.java:chooseContainerForBlockDeletion(83)) - Chosen 0/5000 blocks from 0 candidate containers.
2025-03-10 14:59:25,148 [main] INFO  ozone.MiniOzoneClusterImpl (MiniOzoneClusterImpl.java:lambda$waitForClusterToBeReady$0(208)) - Waiting for nodes to be ready. Got 0 of 3 DN Heartbeats.
2025-03-10 14:59:25,148 [main] INFO  ozone.MiniOzoneClusterImpl (MiniOzoneClusterImpl.java:lambda$waitForClusterToBeReady$0(211)) - Waiting for cluster to exit safe mode
2025-03-10 14:59:25,148 [main] INFO  ozone.MiniOzoneClusterImpl (MiniOzoneClusterImpl.java:lambda$waitForClusterToBeReady$0(213)) - SCM became leader
2025-03-10 14:59:25,762 [IPC Server handler 0 on default port 15039] INFO  net.NetworkTopologyImpl (NetworkTopologyImpl.java:add(133)) - Added a new node: /default-rack/edfd90b7-d4f7-415e-a332-2179825f57d9
2025-03-10 14:59:25,763 [IPC Server handler 0 on default port 15039] INFO  node.SCMNodeManager (SCMNodeManager.java:register(423)) - Registered datanode: edfd90b7-d4f7-415e-a332-2179825f57d9{ip: 127.0.0.1, host: localhost, ports: [HTTP=15048, CLIENT_RPC=15049, REPLICATION=15055, RATIS=15051, RATIS_ADMIN=15052, RATIS_SERVER=15053, RATIS_DATASTREAM=15054, STANDALONE=15050], networkLocation: /default-rack, certSerialId: null, persistedOpState: null, persistedOpStateExpiryEpochSec: 0}
2025-03-10 14:59:25,763 [EventQueue-NewNodeForNewNodeHandler] INFO  pipeline.BackgroundPipelineCreator (BackgroundPipelineCreator.java:notifyEventTriggered(291)) - trigger a one-shot run on RatisPipelineUtilsThread.
2025-03-10 14:59:25,763 [EventQueue-NodeRegistrationContainerReportForDataNodeSafeModeRule] INFO  safemode.SCMSafeModeManager (DataNodeSafeModeRule.java:process(71)) - SCM in safe mode. 1 DataNodes registered, 3 required.
2025-03-10 14:59:25,764 [EventQueue-ContainerRegistrationReportForContainerSafeModeRule] INFO  safemode.SCMSafeModeManager (SCMSafeModeManager.java:validateSafeModeExitRules(185)) - ContainerSafeModeRule rule is successfully validated
2025-03-10 14:59:25,764 [RatisPipelineUtilsThread-0] INFO  pipeline.RatisPipelineProvider (RatisPipelineProvider.java:lambda$create$0(203)) - Sending CreatePipelineCommand for pipeline:PipelineID=5f4fe0b7-3382-4e4b-942f-497f556fc23c to datanode:edfd90b7-d4f7-415e-a332-2179825f57d9
2025-03-10 14:59:25,764 [EventQueue-PipelineReportForOneReplicaPipelineSafeModeRule] INFO  safemode.SCMSafeModeManager (SCMSafeModeManager.java:validateSafeModeExitRules(185)) - AtleastOneDatanodeReportedRule rule is successfully validated
2025-03-10 14:59:25,767 [a4f85781-650a-46e8-940e-a45bfdaa2a01@group-BBAD22E09632-StateMachineUpdater] INFO  safemode.HealthyPipelineSafeModeRule (HealthyPipelineSafeModeRule.java:initializeRule(174)) - Refreshed total pipeline count is 0, healthy pipeline threshold count is 1
2025-03-10 14:59:25,768 [RatisPipelineUtilsThread-0] INFO  pipeline.BackgroundPipelineCreator (BackgroundPipelineCreator.java:createPipelines(247)) - Created new pipeline Pipeline[ Id: 5f4fe0b7-3382-4e4b-942f-497f556fc23c, Nodes: edfd90b7-d4f7-415e-a332-2179825f57d9(localhost/127.0.0.1) ReplicaIndex: 0, ReplicationConfig: RATIS/ONE, State:ALLOCATED, leaderId:, CreationTimestamp2025-03-10T14:59:25.764236745Z[Etc/UTC]]
2025-03-10 14:59:25,952 [IPC Server handler 1 on default port 15039] INFO  net.NetworkTopologyImpl (NetworkTopologyImpl.java:add(133)) - Added a new node: /default-rack/a47358e8-0456-4981-be42-6c2243302bda
2025-03-10 14:59:25,952 [IPC Server handler 1 on default port 15039] INFO  node.SCMNodeManager (SCMNodeManager.java:register(423)) - Registered datanode: a47358e8-0456-4981-be42-6c2243302bda{ip: 127.0.0.1, host: localhost, ports: [HTTP=15057, CLIENT_RPC=15058, REPLICATION=15064, RATIS=15060, RATIS_ADMIN=15061, RATIS_SERVER=15062, RATIS_DATASTREAM=15063, STANDALONE=15059], networkLocation: /default-rack, certSerialId: null, persistedOpState: null, persistedOpStateExpiryEpochSec: 0}
2025-03-10 14:59:25,952 [EventQueue-NewNodeForNewNodeHandler] INFO  pipeline.BackgroundPipelineCreator (BackgroundPipelineCreator.java:notifyEventTriggered(291)) - trigger a one-shot run on RatisPipelineUtilsThread.
2025-03-10 14:59:25,952 [EventQueue-NodeRegistrationContainerReportForDataNodeSafeModeRule] INFO  safemode.SCMSafeModeManager (DataNodeSafeModeRule.java:process(71)) - SCM in safe mode. 2 DataNodes registered, 3 required.
2025-03-10 14:59:25,952 [RatisPipelineUtilsThread-0] INFO  pipeline.RatisPipelineProvider (RatisPipelineProvider.java:lambda$create$0(203)) - Sending CreatePipelineCommand for pipeline:PipelineID=9f96ec5b-9e85-4751-b13f-5d276e251663 to datanode:a47358e8-0456-4981-be42-6c2243302bda
2025-03-10 14:59:25,954 [a4f85781-650a-46e8-940e-a45bfdaa2a01@group-BBAD22E09632-StateMachineUpdater] INFO  safemode.HealthyPipelineSafeModeRule (HealthyPipelineSafeModeRule.java:initializeRule(174)) - Refreshed total pipeline count is 0, healthy pipeline threshold count is 1
2025-03-10 14:59:25,955 [RatisPipelineUtilsThread-0] INFO  pipeline.BackgroundPipelineCreator (BackgroundPipelineCreator.java:createPipelines(247)) - Created new pipeline Pipeline[ Id: 9f96ec5b-9e85-4751-b13f-5d276e251663, Nodes: a47358e8-0456-4981-be42-6c2243302bda(localhost/127.0.0.1) ReplicaIndex: 0, ReplicationConfig: RATIS/ONE, State:ALLOCATED, leaderId:, CreationTimestamp2025-03-10T14:59:25.952933654Z[Etc/UTC]]
2025-03-10 14:59:26,147 [IPC Server handler 2 on default port 15039] INFO  net.NetworkTopologyImpl (NetworkTopologyImpl.java:add(133)) - Added a new node: /default-rack/34c8489e-bd2b-45e5-8f71-480c904dd2ce
2025-03-10 14:59:26,148 [IPC Server handler 2 on default port 15039] INFO  node.SCMNodeManager (SCMNodeManager.java:register(423)) - Registered datanode: 34c8489e-bd2b-45e5-8f71-480c904dd2ce{ip: 127.0.0.1, host: localhost, ports: [HTTP=15066, CLIENT_RPC=15067, REPLICATION=15073, RATIS=15069, RATIS_ADMIN=15070, RATIS_SERVER=15071, RATIS_DATASTREAM=15072, STANDALONE=15068], networkLocation: /default-rack, certSerialId: null, persistedOpState: null, persistedOpStateExpiryEpochSec: 0}
2025-03-10 14:59:26,148 [EventQueue-NodeRegistrationContainerReportForDataNodeSafeModeRule] INFO  safemode.SCMSafeModeManager (DataNodeSafeModeRule.java:process(71)) - SCM in safe mode. 3 DataNodes registered, 3 required.
2025-03-10 14:59:26,148 [EventQueue-NewNodeForNewNodeHandler] INFO  pipeline.BackgroundPipelineCreator (BackgroundPipelineCreator.java:notifyEventTriggered(291)) - trigger a one-shot run on RatisPipelineUtilsThread.
2025-03-10 14:59:26,148 [EventQueue-NodeRegistrationContainerReportForDataNodeSafeModeRule] INFO  safemode.SCMSafeModeManager (SCMSafeModeManager.java:validateSafeModeExitRules(185)) - DataNodeSafeModeRule rule is successfully validated
2025-03-10 14:59:26,148 [EventQueue-NodeRegistrationContainerReportForDataNodeSafeModeRule] INFO  safemode.SCMSafeModeManager (SCMSafeModeManager.java:completePreCheck(214)) - All SCM safe mode pre check rules have passed
2025-03-10 14:59:26,148 [EventQueue-NodeRegistrationContainerReportForDataNodeSafeModeRule] INFO  ha.SCMContext (SCMContext.java:updateSafeModeStatus(224)) - Update SafeModeStatus from SafeModeStatus{safeModeStatus=true, preCheckPassed=false} to SafeModeStatus{safeModeStatus=true, preCheckPassed=true}.
2025-03-10 14:59:26,148 [EventQueue-NodeRegistrationContainerReportForDataNodeSafeModeRule] INFO  pipeline.BackgroundPipelineCreator (BackgroundPipelineCreator.java:notifyEventTriggered(291)) - trigger a one-shot run on RatisPipelineUtilsThread.
2025-03-10 14:59:26,148 [RatisPipelineUtilsThread-0] INFO  pipeline.RatisPipelineProvider (RatisPipelineProvider.java:lambda$create$0(203)) - Sending CreatePipelineCommand for pipeline:PipelineID=e556d727-2314-4b77-82f7-024b58fea649 to datanode:34c8489e-bd2b-45e5-8f71-480c904dd2ce
2025-03-10 14:59:26,149 [main] INFO  ozone.MiniOzoneClusterImpl (MiniOzoneClusterImpl.java:lambda$waitForClusterToBeReady$0(208)) - Nodes are ready. Got 3 of 3 DN Heartbeats.
2025-03-10 14:59:26,149 [main] INFO  ozone.MiniOzoneClusterImpl (MiniOzoneClusterImpl.java:lambda$waitForClusterToBeReady$0(211)) - Waiting for cluster to exit safe mode
2025-03-10 14:59:26,149 [main] INFO  ozone.MiniOzoneClusterImpl (MiniOzoneClusterImpl.java:lambda$waitForClusterToBeReady$0(213)) - SCM became leader
2025-03-10 14:59:26,150 [a4f85781-650a-46e8-940e-a45bfdaa2a01@group-BBAD22E09632-StateMachineUpdater] INFO  safemode.HealthyPipelineSafeModeRule (HealthyPipelineSafeModeRule.java:initializeRule(174)) - Refreshed total pipeline count is 0, healthy pipeline threshold count is 1
2025-03-10 14:59:26,151 [RatisPipelineUtilsThread-0] INFO  pipeline.BackgroundPipelineCreator (BackgroundPipelineCreator.java:createPipelines(247)) - Created new pipeline Pipeline[ Id: e556d727-2314-4b77-82f7-024b58fea649, Nodes: 34c8489e-bd2b-45e5-8f71-480c904dd2ce(localhost/127.0.0.1) ReplicaIndex: 0, ReplicationConfig: RATIS/ONE, State:ALLOCATED, leaderId:, CreationTimestamp2025-03-10T14:59:26.148520474Z[Etc/UTC]]
2025-03-10 14:59:26,151 [RatisPipelineUtilsThread-0] INFO  pipeline.RatisPipelineProvider (RatisPipelineProvider.java:lambda$create$0(203)) - Sending CreatePipelineCommand for pipeline:PipelineID=ef00675a-f15d-4685-a85c-ab5ca55042d9 to datanode:a47358e8-0456-4981-be42-6c2243302bda
2025-03-10 14:59:26,151 [RatisPipelineUtilsThread-0] INFO  pipeline.RatisPipelineProvider (RatisPipelineProvider.java:lambda$create$0(203)) - Sending CreatePipelineCommand for pipeline:PipelineID=ef00675a-f15d-4685-a85c-ab5ca55042d9 to datanode:34c8489e-bd2b-45e5-8f71-480c904dd2ce
2025-03-10 14:59:26,151 [RatisPipelineUtilsThread-0] INFO  pipeline.RatisPipelineProvider (RatisPipelineProvider.java:lambda$create$0(203)) - Sending CreatePipelineCommand for pipeline:PipelineID=ef00675a-f15d-4685-a85c-ab5ca55042d9 to datanode:edfd90b7-d4f7-415e-a332-2179825f57d9
2025-03-10 14:59:26,153 [a4f85781-650a-46e8-940e-a45bfdaa2a01@group-BBAD22E09632-StateMachineUpdater] INFO  safemode.HealthyPipelineSafeModeRule (HealthyPipelineSafeModeRule.java:initializeRule(174)) - Refreshed total pipeline count is 0, healthy pipeline threshold count is 1
2025-03-10 14:59:26,154 [RatisPipelineUtilsThread-0] INFO  pipeline.BackgroundPipelineCreator (BackgroundPipelineCreator.java:createPipelines(247)) - Created new pipeline Pipeline[ Id: ef00675a-f15d-4685-a85c-ab5ca55042d9, Nodes: a47358e8-0456-4981-be42-6c2243302bda(localhost/127.0.0.1) ReplicaIndex: 034c8489e-bd2b-45e5-8f71-480c904dd2ce(localhost/127.0.0.1) ReplicaIndex: 0edfd90b7-d4f7-415e-a332-2179825f57d9(localhost/127.0.0.1) ReplicaIndex: 0, ReplicationConfig: RATIS/THREE, State:ALLOCATED, leaderId:, CreationTimestamp2025-03-10T14:59:26.151732737Z[Etc/UTC]]
2025-03-10 14:59:26,154 [RatisPipelineUtilsThread-0] INFO  pipeline.RatisPipelineProvider (RatisPipelineProvider.java:lambda$create$0(203)) - Sending CreatePipelineCommand for pipeline:PipelineID=6a9d0283-e90e-49ea-b5a8-421a57758ff1 to datanode:edfd90b7-d4f7-415e-a332-2179825f57d9
2025-03-10 14:59:26,154 [RatisPipelineUtilsThread-0] INFO  pipeline.RatisPipelineProvider (RatisPipelineProvider.java:lambda$create$0(203)) - Sending CreatePipelineCommand for pipeline:PipelineID=6a9d0283-e90e-49ea-b5a8-421a57758ff1 to datanode:34c8489e-bd2b-45e5-8f71-480c904dd2ce
2025-03-10 14:59:26,154 [RatisPipelineUtilsThread-0] INFO  pipeline.RatisPipelineProvider (RatisPipelineProvider.java:lambda$create$0(203)) - Sending CreatePipelineCommand for pipeline:PipelineID=6a9d0283-e90e-49ea-b5a8-421a57758ff1 to datanode:a47358e8-0456-4981-be42-6c2243302bda
2025-03-10 14:59:26,156 [a4f85781-650a-46e8-940e-a45bfdaa2a01@group-BBAD22E09632-StateMachineUpdater] INFO  safemode.HealthyPipelineSafeModeRule (HealthyPipelineSafeModeRule.java:initializeRule(174)) - Refreshed total pipeline count is 0, healthy pipeline threshold count is 1
2025-03-10 14:59:26,156 [RatisPipelineUtilsThread-0] INFO  pipeline.PipelineManagerImpl (PipelineManagerImpl.java:recordMetricsForPipeline(917)) - Pipeline: PipelineID=6a9d0283-e90e-49ea-b5a8-421a57758ff1 contains same datanodes as previous pipelines: PipelineID=ef00675a-f15d-4685-a85c-ab5ca55042d9 nodeIds: edfd90b7-d4f7-415e-a332-2179825f57d9, 34c8489e-bd2b-45e5-8f71-480c904dd2ce, a47358e8-0456-4981-be42-6c2243302bda
2025-03-10 14:59:26,156 [RatisPipelineUtilsThread-0] INFO  pipeline.BackgroundPipelineCreator (BackgroundPipelineCreator.java:createPipelines(247)) - Created new pipeline Pipeline[ Id: 6a9d0283-e90e-49ea-b5a8-421a57758ff1, Nodes: edfd90b7-d4f7-415e-a332-2179825f57d9(localhost/127.0.0.1) ReplicaIndex: 034c8489e-bd2b-45e5-8f71-480c904dd2ce(localhost/127.0.0.1) ReplicaIndex: 0a47358e8-0456-4981-be42-6c2243302bda(localhost/127.0.0.1) ReplicaIndex: 0, ReplicationConfig: RATIS/THREE, State:ALLOCATED, leaderId:, CreationTimestamp2025-03-10T14:59:26.154492553Z[Etc/UTC]]
2025-03-10 14:59:27,149 [main] INFO  ozone.MiniOzoneClusterImpl (MiniOzoneClusterImpl.java:lambda$waitForClusterToBeReady$0(208)) - Nodes are ready. Got 3 of 3 DN Heartbeats.
2025-03-10 14:59:27,149 [main] INFO  ozone.MiniOzoneClusterImpl (MiniOzoneClusterImpl.java:lambda$waitForClusterToBeReady$0(211)) - Waiting for cluster to exit safe mode
2025-03-10 14:59:27,149 [main] INFO  ozone.MiniOzoneClusterImpl (MiniOzoneClusterImpl.java:lambda$waitForClusterToBeReady$0(213)) - SCM became leader
2025-03-10 14:59:28,150 [main] INFO  ozone.MiniOzoneClusterImpl (MiniOzoneClusterImpl.java:lambda$waitForClusterToBeReady$0(208)) - Nodes are ready. Got 3 of 3 DN Heartbeats.
2025-03-10 14:59:28,150 [main] INFO  ozone.MiniOzoneClusterImpl (MiniOzoneClusterImpl.java:lambda$waitForClusterToBeReady$0(211)) - Waiting for cluster to exit safe mode
2025-03-10 14:59:28,150 [main] INFO  ozone.MiniOzoneClusterImpl (MiniOzoneClusterImpl.java:lambda$waitForClusterToBeReady$0(213)) - SCM became leader
2025-03-10 14:59:28,761 [edfd90b7-d4f7-415e-a332-2179825f57d9-PipelineCommandHandlerThread-0] INFO  server.RaftServer (RaftServerProxy.java:addNew(100)) - edfd90b7-d4f7-415e-a332-2179825f57d9: addNew group-497F556FC23C:[edfd90b7-d4f7-415e-a332-2179825f57d9|127.0.0.1:15053] returns group-497F556FC23C:java.util.concurrent.CompletableFuture@1328449f[Not completed]
2025-03-10 14:59:28,763 [edfd90b7-d4f7-415e-a332-2179825f57d9-groupManagement] INFO  server.RaftServer$Division (RaftServerImpl.java:<init>(255)) - edfd90b7-d4f7-415e-a332-2179825f57d9: new RaftServerImpl for group-497F556FC23C:[edfd90b7-d4f7-415e-a332-2179825f57d9|127.0.0.1:15053] with ContainerStateMachine:uninitialized
2025-03-10 14:59:28,763 [edfd90b7-d4f7-415e-a332-2179825f57d9-groupManagement] INFO  server.RaftServerConfigKeys (ConfUtils.java:logGet(46)) - raft.server.rpc.timeout.min = 5s (custom)
2025-03-10 14:59:28,763 [edfd90b7-d4f7-415e-a332-2179825f57d9-groupManagement] INFO  server.RaftServerConfigKeys (ConfUtils.java:logGet(46)) - raft.server.rpc.timeout.max = 5200ms (custom)
2025-03-10 14:59:28,763 [edfd90b7-d4f7-415e-a332-2179825f57d9-groupManagement] INFO  server.RaftServerConfigKeys (ConfUtils.java:logGet(46)) - raft.server.rpc.sleep.time = 25ms (default)
2025-03-10 14:59:28,763 [edfd90b7-d4f7-415e-a332-2179825f57d9-groupManagement] INFO  server.RaftServerConfigKeys (ConfUtils.java:logGet(46)) - raft.server.rpc.slowness.timeout = 300s (custom)
2025-03-10 14:59:28,763 [edfd90b7-d4f7-415e-a332-2179825f57d9-groupManagement] INFO  server.RaftServerConfigKeys (ConfUtils.java:logGet(46)) - raft.server.leaderelection.leader.step-down.wait-time = 10s (default)
2025-03-10 14:59:28,763 [edfd90b7-d4f7-415e-a332-2179825f57d9-groupManagement] INFO  server.RaftServerConfigKeys (ConfUtils.java:logGet(46)) - raft.server.leaderelection.member.majority-add = false (default)
2025-03-10 14:59:28,763 [edfd90b7-d4f7-415e-a332-2179825f57d9-groupManagement] INFO  server.RaftServerConfigKeys (ConfUtils.java:logGet(46)) - raft.server.sleep.deviation.threshold = 300ms (default)
2025-03-10 14:59:28,763 [edfd90b7-d4f7-415e-a332-2179825f57d9-groupManagement] INFO  server.RaftServer$Division (ServerState.java:<init>(114)) - edfd90b7-d4f7-415e-a332-2179825f57d9@group-497F556FC23C: ConfigurationManager, init=conf: {index: -1, cur=peers:[edfd90b7-d4f7-415e-a332-2179825f57d9|127.0.0.1:15053]|listeners:[], old=null}, confs=<EMPTY_MAP>
2025-03-10 14:59:28,763 [edfd90b7-d4f7-415e-a332-2179825f57d9-groupManagement] INFO  server.RaftServerConfigKeys (ConfUtils.java:logGet(46)) - raft.server.notification.no-leader.timeout = 300s (custom)
2025-03-10 14:59:28,764 [edfd90b7-d4f7-415e-a332-2179825f57d9-groupManagement] INFO  server.RaftServerConfigKeys (ConfUtils.java:logGet(46)) - raft.server.read.timeout = 10s (default)
2025-03-10 14:59:28,764 [edfd90b7-d4f7-415e-a332-2179825f57d9-groupManagement] INFO  server.RaftServerConfigKeys (ConfUtils.java:logGet(46)) - raft.server.retrycache.expirytime = 600000ms (custom)
2025-03-10 14:59:28,764 [edfd90b7-d4f7-415e-a332-2179825f57d9-groupManagement] INFO  server.RaftServerConfigKeys (ConfUtils.java:logGet(46)) - raft.server.retrycache.statistics.expirytime = 100ms (default)
2025-03-10 14:59:28,764 [edfd90b7-d4f7-415e-a332-2179825f57d9-groupManagement] INFO  server.RaftServerConfigKeys (ConfUtils.java:logGet(46)) - raft.server.read.option = DEFAULT (default)
2025-03-10 14:59:28,764 [edfd90b7-d4f7-415e-a332-2179825f57d9-groupManagement] INFO  server.RaftServerConfigKeys (ConfUtils.java:logGet(46)) - raft.server.read.read-after-write-consistent.write-index-cache.expiry-time = 60s (default)
2025-03-10 14:59:28,766 [edfd90b7-d4f7-415e-a332-2179825f57d9-groupManagement] INFO  server.RaftServerConfigKeys (ConfUtils.java:logGet(46)) - raft.server.rpc.request.timeout = 60s (custom)
2025-03-10 14:59:28,767 [edfd90b7-d4f7-415e-a332-2179825f57d9-groupManagement] INFO  server.RaftServerConfigKeys (ConfUtils.java:logGet(46)) - raft.server.log.appender.install.snapshot.enabled = false (custom)
2025-03-10 14:59:28,767 [edfd90b7-d4f7-415e-a332-2179825f57d9-groupManagement] INFO  server.RaftServerConfigKeys (ConfUtils.java:logGet(46)) - raft.server.threadpool.server.cached = true (default)
2025-03-10 14:59:28,767 [edfd90b7-d4f7-415e-a332-2179825f57d9-groupManagement] INFO  server.RaftServerConfigKeys (ConfUtils.java:logGet(46)) - raft.server.threadpool.server.size = 0 (default)
2025-03-10 14:59:28,767 [edfd90b7-d4f7-415e-a332-2179825f57d9-groupManagement] INFO  server.RaftServerConfigKeys (ConfUtils.java:logGet(46)) - raft.server.threadpool.client.cached = true (default)
2025-03-10 14:59:28,767 [edfd90b7-d4f7-415e-a332-2179825f57d9-groupManagement] INFO  server.RaftServerConfigKeys (ConfUtils.java:logGet(46)) - raft.server.threadpool.client.size = 0 (default)
2025-03-10 14:59:28,767 [edfd90b7-d4f7-415e-a332-2179825f57d9-groupManagement] INFO  server.RaftServerConfigKeys (ConfUtils.java:logGet(46)) - raft.server.storage.free-space.min = 0MB (=0) (default)
2025-03-10 14:59:28,767 [edfd90b7-d4f7-415e-a332-2179825f57d9-groupManagement] INFO  server.RaftServerConfigKeys (ConfUtils.java:logGet(46)) - raft.server.log.corruption.policy = EXCEPTION (default)
2025-03-10 14:59:28,767 [edfd90b7-d4f7-415e-a332-2179825f57d9-groupManagement] INFO  server.RaftServerConfigKeys (ConfUtils.java:logGet(46)) - raft.server.storage.dir = [/home/runner/work/ozone/ozone/hadoop-ozone/integration-test/target/test-dir/MiniOzoneClusterImpl-92936399-7d39-4e90-b2ee-bbad22e09632/ozone-meta/datanode-1/ratis] (custom)
2025-03-10 14:59:28,767 [edfd90b7-d4f7-415e-a332-2179825f57d9-groupManagement] INFO  storage.RaftStorageDirectory (RaftStorageDirectoryImpl.java:analyzeStorage(138)) - The storage directory /home/runner/work/ozone/ozone/hadoop-ozone/integration-test/target/test-dir/MiniOzoneClusterImpl-92936399-7d39-4e90-b2ee-bbad22e09632/ozone-meta/datanode-1/ratis/5f4fe0b7-3382-4e4b-942f-497f556fc23c does not exist. Creating ...
2025-03-10 14:59:28,769 [edfd90b7-d4f7-415e-a332-2179825f57d9-groupManagement] INFO  storage.RaftStorageDirectory (RaftStorageDirectoryImpl.java:tryLock(229)) - Lock on /home/runner/work/ozone/ozone/hadoop-ozone/integration-test/target/test-dir/MiniOzoneClusterImpl-92936399-7d39-4e90-b2ee-bbad22e09632/ozone-meta/datanode-1/ratis/5f4fe0b7-3382-4e4b-942f-497f556fc23c/in_use.lock acquired by nodename 139316@fv-az1384-231
2025-03-10 14:59:28,769 [edfd90b7-d4f7-415e-a332-2179825f57d9-groupManagement] INFO  storage.RaftStorage (RaftStorageImpl.java:format(98)) - Storage directory /home/runner/work/ozone/ozone/hadoop-ozone/integration-test/target/test-dir/MiniOzoneClusterImpl-92936399-7d39-4e90-b2ee-bbad22e09632/ozone-meta/datanode-1/ratis/5f4fe0b7-3382-4e4b-942f-497f556fc23c has been successfully formatted.
2025-03-10 14:59:28,770 [edfd90b7-d4f7-415e-a332-2179825f57d9-groupManagement] INFO  ratis.ContainerStateMachine (ContainerStateMachine.java:initialize(308)) - edfd90b7-d4f7-415e-a332-2179825f57d9: initialize group-497F556FC23C
2025-03-10 14:59:28,770 [edfd90b7-d4f7-415e-a332-2179825f57d9-groupManagement] INFO  ratis.ContainerStateMachine (ContainerStateMachine.java:loadSnapshot(316)) - group-497F556FC23C: The snapshot info is null. Setting the last applied index to:(t:0, i:~)
2025-03-10 14:59:28,770 [edfd90b7-d4f7-415e-a332-2179825f57d9-groupManagement] INFO  server.RaftServerConfigKeys (ConfUtils.java:logGet(46)) - raft.server.log.use.memory = false (default)
2025-03-10 14:59:28,770 [edfd90b7-d4f7-415e-a332-2179825f57d9-groupManagement] INFO  server.RaftServerConfigKeys (ConfUtils.java:logGet(46)) - raft.server.log.purge.gap = 1000000 (custom)
2025-03-10 14:59:28,770 [edfd90b7-d4f7-415e-a332-2179825f57d9-groupManagement] INFO  server.RaftServerConfigKeys (ConfUtils.java:logGet(46)) - raft.server.log.appender.buffer.byte-limit = 33554432 (custom)
2025-03-10 14:59:28,770 [edfd90b7-d4f7-415e-a332-2179825f57d9-groupManagement] INFO  server.RaftServerConfigKeys (ConfUtils.java:logGet(46)) - raft.server.log.statemachine.data.read.timeout = 1000ms (default)
2025-03-10 14:59:28,770 [edfd90b7-d4f7-415e-a332-2179825f57d9-groupManagement] INFO  server.RaftServerConfigKeys (ConfUtils.java:logGet(46)) - raft.server.log.purge.preservation.log.num = 0 (default)
2025-03-10 14:59:28,771 [edfd90b7-d4f7-415e-a332-2179825f57d9-groupManagement] INFO  server.RaftServerConfigKeys (ConfUtils.java:logGet(46)) - raft.server.log.segment.size.max = 67108864 (custom)
2025-03-10 14:59:28,772 [edfd90b7-d4f7-415e-a332-2179825f57d9-groupManagement] INFO  server.RaftServerConfigKeys (ConfUtils.java:logGet(46)) - raft.server.log.segment.cache.num.max = 2 (custom)
2025-03-10 14:59:28,772 [edfd90b7-d4f7-415e-a332-2179825f57d9-groupManagement] INFO  server.RaftServerConfigKeys (ConfUtils.java:logGet(46)) - raft.server.log.segment.cache.size.max = 200MB (=209715200) (default)
2025-03-10 14:59:28,772 [edfd90b7-d4f7-415e-a332-2179825f57d9-groupManagement] INFO  server.RaftServerConfigKeys (ConfUtils.java:logGet(46)) - raft.server.log.appender.buffer.byte-limit = 33554432 (custom)
2025-03-10 14:59:28,772 [edfd90b7-d4f7-415e-a332-2179825f57d9-groupManagement] INFO  util.AwaitToRun (AwaitToRun.java:start(81)) - Thread[#1865,edfd90b7-d4f7-415e-a332-2179825f57d9@group-497F556FC23C-cacheEviction-AwaitToRun,5,main] started
2025-03-10 14:59:28,772 [edfd90b7-d4f7-415e-a332-2179825f57d9-groupManagement] INFO  segmented.SegmentedRaftLogWorker (SegmentedRaftLogWorker.java:<init>(188)) - new edfd90b7-d4f7-415e-a332-2179825f57d9@group-497F556FC23C-SegmentedRaftLogWorker for RaftStorageImpl:Storage Directory /home/runner/work/ozone/ozone/hadoop-ozone/integration-test/target/test-dir/MiniOzoneClusterImpl-92936399-7d39-4e90-b2ee-bbad22e09632/ozone-meta/datanode-1/ratis/5f4fe0b7-3382-4e4b-942f-497f556fc23c
2025-03-10 14:59:28,772 [edfd90b7-d4f7-415e-a332-2179825f57d9-groupManagement] INFO  server.RaftServerConfigKeys (ConfUtils.java:logGet(46)) - raft.server.log.queue.byte-limit = 4294967296 (custom)
2025-03-10 14:59:28,772 [edfd90b7-d4f7-415e-a332-2179825f57d9-groupManagement] INFO  server.RaftServerConfigKeys (ConfUtils.java:logGet(46)) - raft.server.log.queue.element-limit = 1024 (custom)
2025-03-10 14:59:28,772 [edfd90b7-d4f7-415e-a332-2179825f57d9-groupManagement] INFO  server.RaftServerConfigKeys (ConfUtils.java:logGet(46)) - raft.server.log.segment.size.max = 67108864 (custom)
2025-03-10 14:59:28,772 [edfd90b7-d4f7-415e-a332-2179825f57d9-groupManagement] INFO  server.RaftServerConfigKeys (ConfUtils.java:logGet(46)) - raft.server.log.preallocated.size = 4194304 (custom)
2025-03-10 14:59:28,772 [edfd90b7-d4f7-415e-a332-2179825f57d9-groupManagement] INFO  server.RaftServerConfigKeys (ConfUtils.java:logGet(46)) - raft.server.log.force.sync.num = 128 (default)
2025-03-10 14:59:28,772 [edfd90b7-d4f7-415e-a332-2179825f57d9-groupManagement] INFO  server.RaftServerConfigKeys (ConfUtils.java:logGet(46)) - raft.server.log.statemachine.data.sync = true (default)
2025-03-10 14:59:28,772 [edfd90b7-d4f7-415e-a332-2179825f57d9-groupManagement] INFO  server.RaftServerConfigKeys (ConfUtils.java:logGet(46)) - raft.server.log.statemachine.data.sync.timeout = 10s (default)
2025-03-10 14:59:28,772 [edfd90b7-d4f7-415e-a332-2179825f57d9-groupManagement] INFO  server.RaftServerConfigKeys (ConfUtils.java:logGet(46)) - raft.server.log.statemachine.data.sync.timeout.retry = 30 (custom)
2025-03-10 14:59:28,773 [edfd90b7-d4f7-415e-a332-2179825f57d9-groupManagement] INFO  server.RaftServerConfigKeys (ConfUtils.java:logGet(46)) - raft.server.log.write.buffer.size = 33554440 (custom)
2025-03-10 14:59:28,774 [a4f85781-650a-46e8-940e-a45bfdaa2a01@group-BBAD22E09632-StateMachineUpdater] INFO  safemode.HealthyPipelineSafeModeRule (HealthyPipelineSafeModeRule.java:initializeRule(174)) - Refreshed total pipeline count is 0, healthy pipeline threshold count is 1
2025-03-10 14:59:28,774 [EventQueue-PipelineReportForPipelineReportHandler] INFO  pipeline.PipelineReportHandler (PipelineReportHandler.java:processPipelineReport(139)) - Opened pipeline PipelineID=5f4fe0b7-3382-4e4b-942f-497f556fc23c
2025-03-10 14:59:28,775 [EventQueue-OpenPipelineForHealthyPipelineSafeModeRule] INFO  safemode.SCMSafeModeManager (HealthyPipelineSafeModeRule.java:process(141)) - SCM in safe mode. Healthy pipelines reported count is 0, required healthy pipeline reported count is 1
2025-03-10 14:59:28,777 [edfd90b7-d4f7-415e-a332-2179825f57d9-groupManagement] INFO  server.RaftServerConfigKeys (ConfUtils.java:logGet(46)) - raft.server.log.appender.buffer.byte-limit = 33554432 (custom)
2025-03-10 14:59:28,777 [edfd90b7-d4f7-415e-a332-2179825f57d9-groupManagement] INFO  server.RaftServerConfigKeys (ConfUtils.java:logGet(46)) - raft.server.log.unsafe-flush.enabled = false (default)
2025-03-10 14:59:28,777 [edfd90b7-d4f7-415e-a332-2179825f57d9-groupManagement] INFO  server.RaftServerConfigKeys (ConfUtils.java:logGet(46)) - raft.server.log.async-flush.enabled = false (default)
2025-03-10 14:59:28,777 [edfd90b7-d4f7-415e-a332-2179825f57d9-groupManagement] INFO  server.RaftServerConfigKeys (ConfUtils.java:logGet(46)) - raft.server.log.statemachine.data.caching.enabled = true (custom)
2025-03-10 14:59:28,777 [edfd90b7-d4f7-415e-a332-2179825f57d9-groupManagement] INFO  segmented.SegmentedRaftLogWorker (SegmentedRaftLogWorker.java:lambda$new$0(139)) - edfd90b7-d4f7-415e-a332-2179825f57d9@group-497F556FC23C-SegmentedRaftLogWorker: flushIndex: setUnconditionally 0 -> -1
2025-03-10 14:59:28,777 [edfd90b7-d4f7-415e-a332-2179825f57d9-groupManagement] INFO  segmented.SegmentedRaftLogWorker (SegmentedRaftLogWorker.java:lambda$new$0(139)) - edfd90b7-d4f7-415e-a332-2179825f57d9@group-497F556FC23C-SegmentedRaftLogWorker: safeCacheEvictIndex: setUnconditionally 0 -> -1
2025-03-10 14:59:28,777 [edfd90b7-d4f7-415e-a332-2179825f57d9-groupManagement] INFO  server.RaftServer$Division (RaftServerImpl.java:start(391)) - edfd90b7-d4f7-415e-a332-2179825f57d9@group-497F556FC23C: start as a follower, conf=conf: {index: -1, cur=peers:[edfd90b7-d4f7-415e-a332-2179825f57d9|127.0.0.1:15053]|listeners:[], old=null}
2025-03-10 14:59:28,777 [edfd90b7-d4f7-415e-a332-2179825f57d9-groupManagement] INFO  server.RaftServer$Division (RaftServerImpl.java:setRole(378)) - edfd90b7-d4f7-415e-a332-2179825f57d9@group-497F556FC23C: changes role from      null to FOLLOWER at term 0 for startAsFollower
2025-03-10 14:59:28,778 [edfd90b7-d4f7-415e-a332-2179825f57d9-groupManagement] INFO  impl.RoleInfo (RoleInfo.java:updateAndGet(148)) - edfd90b7-d4f7-415e-a332-2179825f57d9: start edfd90b7-d4f7-415e-a332-2179825f57d9@group-497F556FC23C-FollowerState
2025-03-10 14:59:28,778 [edfd90b7-d4f7-415e-a332-2179825f57d9@group-497F556FC23C-FollowerState] INFO  server.RaftServerConfigKeys (ConfUtils.java:logFallback(53)) - raft.server.rpc.first-election.timeout.min = 5s (fallback to raft.server.rpc.timeout.min)
2025-03-10 14:59:28,778 [edfd90b7-d4f7-415e-a332-2179825f57d9-groupManagement] INFO  util.JmxRegister (JmxRegister.java:tryRegister(44)) - Successfully registered JMX Bean with object name Ratis:service=RaftServer,group=group-497F556FC23C,id=edfd90b7-d4f7-415e-a332-2179825f57d9
2025-03-10 14:59:28,778 [edfd90b7-d4f7-415e-a332-2179825f57d9@group-497F556FC23C-FollowerState] INFO  server.RaftServerConfigKeys (ConfUtils.java:logFallback(53)) - raft.server.rpc.first-election.timeout.max = 5200ms (fallback to raft.server.rpc.timeout.max)
2025-03-10 14:59:28,778 [edfd90b7-d4f7-415e-a332-2179825f57d9-groupManagement] INFO  util.JmxRegister (JmxRegister.java:register(58)) - register mxBean class org.apache.ratis.server.impl.RaftServerJmxAdapter as Ratis:service=RaftServer,group=group-497F556FC23C,id=edfd90b7-d4f7-415e-a332-2179825f57d9
2025-03-10 14:59:28,778 [edfd90b7-d4f7-415e-a332-2179825f57d9-groupManagement] INFO  server.RaftServerConfigKeys (ConfUtils.java:logGet(46)) - raft.server.snapshot.trigger-when-stop.enabled = true (default)
2025-03-10 14:59:28,778 [edfd90b7-d4f7-415e-a332-2179825f57d9-groupManagement] INFO  server.RaftServerConfigKeys (ConfUtils.java:logGet(46)) - raft.server.snapshot.trigger-when-remove.enabled = true (default)
2025-03-10 14:59:28,778 [edfd90b7-d4f7-415e-a332-2179825f57d9-groupManagement] INFO  server.RaftServerConfigKeys (ConfUtils.java:logGet(46)) - raft.server.snapshot.auto.trigger.enabled = true (custom)
2025-03-10 14:59:28,778 [edfd90b7-d4f7-415e-a332-2179825f57d9-groupManagement] INFO  server.RaftServerConfigKeys (ConfUtils.java:logGet(46)) - raft.server.snapshot.auto.trigger.threshold = 100000 (custom)
2025-03-10 14:59:28,778 [edfd90b7-d4f7-415e-a332-2179825f57d9-groupManagement] INFO  server.RaftServerConfigKeys (ConfUtils.java:logGet(46)) - raft.server.snapshot.retention.file.num = 5 (custom)
2025-03-10 14:59:28,778 [edfd90b7-d4f7-415e-a332-2179825f57d9-groupManagement] INFO  server.RaftServerConfigKeys (ConfUtils.java:logGet(46)) - raft.server.log.purge.upto.snapshot.index = false (default)
2025-03-10 14:59:28,779 [edfd90b7-d4f7-415e-a332-2179825f57d9-groupManagement] INFO  server.RaftServer$Division (RaftServerImpl.java:start(405)) - edfd90b7-d4f7-415e-a332-2179825f57d9@group-497F556FC23C: Successfully started.
2025-03-10 14:59:28,779 [edfd90b7-d4f7-415e-a332-2179825f57d9-PipelineCommandHandlerThread-0] INFO  ratis.XceiverServerRatis (XceiverServerRatis.java:addGroup(841)) - Created group PipelineID=5f4fe0b7-3382-4e4b-942f-497f556fc23c
2025-03-10 14:59:28,779 [edfd90b7-d4f7-415e-a332-2179825f57d9-PipelineCommandHandlerThread-0] INFO  commandhandler.CreatePipelineCommandHandler (CreatePipelineCommandHandler.java:lambda$handle$2(128)) - Created Pipeline RATIS ONE PipelineID=5f4fe0b7-3382-4e4b-942f-497f556fc23c.
2025-03-10 14:59:28,779 [edfd90b7-d4f7-415e-a332-2179825f57d9-PipelineCommandHandlerThread-0] INFO  server.RaftServer (RaftServerProxy.java:addNew(100)) - edfd90b7-d4f7-415e-a332-2179825f57d9: addNew group-AB5CA55042D9:[edfd90b7-d4f7-415e-a332-2179825f57d9|127.0.0.1:15053, a47358e8-0456-4981-be42-6c2243302bda|127.0.0.1:15062, 34c8489e-bd2b-45e5-8f71-480c904dd2ce|127.0.0.1:15071] returns group-AB5CA55042D9:java.util.concurrent.CompletableFuture@5ae9156f[Not completed]
2025-03-10 14:59:28,781 [edfd90b7-d4f7-415e-a332-2179825f57d9-groupManagement] INFO  server.RaftServer$Division (RaftServerImpl.java:<init>(255)) - edfd90b7-d4f7-415e-a332-2179825f57d9: new RaftServerImpl for group-AB5CA55042D9:[edfd90b7-d4f7-415e-a332-2179825f57d9|127.0.0.1:15053, a47358e8-0456-4981-be42-6c2243302bda|127.0.0.1:15062, 34c8489e-bd2b-45e5-8f71-480c904dd2ce|127.0.0.1:15071] with ContainerStateMachine:uninitialized
2025-03-10 14:59:28,781 [edfd90b7-d4f7-415e-a332-2179825f57d9-groupManagement] INFO  server.RaftServerConfigKeys (ConfUtils.java:logGet(46)) - raft.server.rpc.timeout.min = 5s (custom)
2025-03-10 14:59:28,781 [edfd90b7-d4f7-415e-a332-2179825f57d9-groupManagement] INFO  server.RaftServerConfigKeys (ConfUtils.java:logGet(46)) - raft.server.rpc.timeout.max = 5200ms (custom)
2025-03-10 14:59:28,781 [edfd90b7-d4f7-415e-a332-2179825f57d9-groupManagement] INFO  server.RaftServerConfigKeys (ConfUtils.java:logGet(46)) - raft.server.rpc.sleep.time = 25ms (default)
2025-03-10 14:59:28,781 [edfd90b7-d4f7-415e-a332-2179825f57d9-groupManagement] INFO  server.RaftServerConfigKeys (ConfUtils.java:logGet(46)) - raft.server.rpc.slowness.timeout = 300s (custom)
2025-03-10 14:59:28,781 [edfd90b7-d4f7-415e-a332-2179825f57d9-groupManagement] INFO  server.RaftServerConfigKeys (ConfUtils.java:logGet(46)) - raft.server.leaderelection.leader.step-down.wait-time = 10s (default)
2025-03-10 14:59:28,781 [edfd90b7-d4f7-415e-a332-2179825f57d9-groupManagement] INFO  server.RaftServerConfigKeys (ConfUtils.java:logGet(46)) - raft.server.leaderelection.member.majority-add = false (default)
2025-03-10 14:59:28,781 [edfd90b7-d4f7-415e-a332-2179825f57d9-groupManagement] INFO  server.RaftServerConfigKeys (ConfUtils.java:logGet(46)) - raft.server.sleep.deviation.threshold = 300ms (default)
2025-03-10 14:59:28,781 [edfd90b7-d4f7-415e-a332-2179825f57d9-groupManagement] INFO  server.RaftServer$Division (ServerState.java:<init>(114)) - edfd90b7-d4f7-415e-a332-2179825f57d9@group-AB5CA55042D9: ConfigurationManager, init=conf: {index: -1, cur=peers:[edfd90b7-d4f7-415e-a332-2179825f57d9|127.0.0.1:15053, a47358e8-0456-4981-be42-6c2243302bda|127.0.0.1:15062, 34c8489e-bd2b-45e5-8f71-480c904dd2ce|127.0.0.1:15071]|listeners:[], old=null}, confs=<EMPTY_MAP>
2025-03-10 14:59:28,781 [edfd90b7-d4f7-415e-a332-2179825f57d9-groupManagement] INFO  server.RaftServerConfigKeys (ConfUtils.java:logGet(46)) - raft.server.notification.no-leader.timeout = 300s (custom)
2025-03-10 14:59:28,781 [edfd90b7-d4f7-415e-a332-2179825f57d9-groupManagement] INFO  server.RaftServerConfigKeys (ConfUtils.java:logGet(46)) - raft.server.read.timeout = 10s (default)
2025-03-10 14:59:28,781 [edfd90b7-d4f7-415e-a332-2179825f57d9-groupManagement] INFO  server.RaftServerConfigKeys (ConfUtils.java:logGet(46)) - raft.server.retrycache.expirytime = 600000ms (custom)
2025-03-10 14:59:28,781 [edfd90b7-d4f7-415e-a332-2179825f57d9-groupManagement] INFO  server.RaftServerConfigKeys (ConfUtils.java:logGet(46)) - raft.server.retrycache.statistics.expirytime = 100ms (default)
2025-03-10 14:59:28,781 [edfd90b7-d4f7-415e-a332-2179825f57d9-groupManagement] INFO  server.RaftServerConfigKeys (ConfUtils.java:logGet(46)) - raft.server.read.option = DEFAULT (default)
2025-03-10 14:59:28,781 [edfd90b7-d4f7-415e-a332-2179825f57d9-groupManagement] INFO  server.RaftServerConfigKeys (ConfUtils.java:logGet(46)) - raft.server.read.read-after-write-consistent.write-index-cache.expiry-time = 60s (default)
2025-03-10 14:59:28,783 [edfd90b7-d4f7-415e-a332-2179825f57d9-groupManagement] INFO  server.RaftServerConfigKeys (ConfUtils.java:logGet(46)) - raft.server.rpc.request.timeout = 60s (custom)
2025-03-10 14:59:28,783 [edfd90b7-d4f7-415e-a332-2179825f57d9-groupManagement] INFO  server.RaftServerConfigKeys (ConfUtils.java:logGet(46)) - raft.server.log.appender.install.snapshot.enabled = false (custom)
2025-03-10 14:59:28,783 [edfd90b7-d4f7-415e-a332-2179825f57d9-groupManagement] INFO  server.RaftServerConfigKeys (ConfUtils.java:logGet(46)) - raft.server.threadpool.server.cached = true (default)
2025-03-10 14:59:28,783 [edfd90b7-d4f7-415e-a332-2179825f57d9-groupManagement] INFO  server.RaftServerConfigKeys (ConfUtils.java:logGet(46)) - raft.server.threadpool.server.size = 0 (default)
2025-03-10 14:59:28,783 [edfd90b7-d4f7-415e-a332-2179825f57d9-groupManagement] INFO  server.RaftServerConfigKeys (ConfUtils.java:logGet(46)) - raft.server.threadpool.client.cached = true (default)
2025-03-10 14:59:28,783 [edfd90b7-d4f7-415e-a332-2179825f57d9-groupManagement] INFO  server.RaftServerConfigKeys (ConfUtils.java:logGet(46)) - raft.server.threadpool.client.size = 0 (default)
2025-03-10 14:59:28,783 [edfd90b7-d4f7-415e-a332-2179825f57d9-groupManagement] INFO  server.RaftServerConfigKeys (ConfUtils.java:logGet(46)) - raft.server.storage.free-space.min = 0MB (=0) (default)
2025-03-10 14:59:28,783 [edfd90b7-d4f7-415e-a332-2179825f57d9-groupManagement] INFO  server.RaftServerConfigKeys (ConfUtils.java:logGet(46)) - raft.server.log.corruption.policy = EXCEPTION (default)
2025-03-10 14:59:28,783 [edfd90b7-d4f7-415e-a332-2179825f57d9-groupManagement] INFO  server.RaftServerConfigKeys (ConfUtils.java:logGet(46)) - raft.server.storage.dir = [/home/runner/work/ozone/ozone/hadoop-ozone/integration-test/target/test-dir/MiniOzoneClusterImpl-92936399-7d39-4e90-b2ee-bbad22e09632/ozone-meta/datanode-1/ratis] (custom)
2025-03-10 14:59:28,783 [edfd90b7-d4f7-415e-a332-2179825f57d9-groupManagement] INFO  storage.RaftStorageDirectory (RaftStorageDirectoryImpl.java:analyzeStorage(138)) - The storage directory /home/runner/work/ozone/ozone/hadoop-ozone/integration-test/target/test-dir/MiniOzoneClusterImpl-92936399-7d39-4e90-b2ee-bbad22e09632/ozone-meta/datanode-1/ratis/ef00675a-f15d-4685-a85c-ab5ca55042d9 does not exist. Creating ...
2025-03-10 14:59:28,784 [edfd90b7-d4f7-415e-a332-2179825f57d9-groupManagement] INFO  storage.RaftStorageDirectory (RaftStorageDirectoryImpl.java:tryLock(229)) - Lock on /home/runner/work/ozone/ozone/hadoop-ozone/integration-test/target/test-dir/MiniOzoneClusterImpl-92936399-7d39-4e90-b2ee-bbad22e09632/ozone-meta/datanode-1/ratis/ef00675a-f15d-4685-a85c-ab5ca55042d9/in_use.lock acquired by nodename 139316@fv-az1384-231
2025-03-10 14:59:28,785 [edfd90b7-d4f7-415e-a332-2179825f57d9-groupManagement] INFO  storage.RaftStorage (RaftStorageImpl.java:format(98)) - Storage directory /home/runner/work/ozone/ozone/hadoop-ozone/integration-test/target/test-dir/MiniOzoneClusterImpl-92936399-7d39-4e90-b2ee-bbad22e09632/ozone-meta/datanode-1/ratis/ef00675a-f15d-4685-a85c-ab5ca55042d9 has been successfully formatted.
2025-03-10 14:59:28,786 [edfd90b7-d4f7-415e-a332-2179825f57d9-groupManagement] INFO  ratis.ContainerStateMachine (ContainerStateMachine.java:initialize(308)) - edfd90b7-d4f7-415e-a332-2179825f57d9: initialize group-AB5CA55042D9
2025-03-10 14:59:28,786 [edfd90b7-d4f7-415e-a332-2179825f57d9-groupManagement] INFO  ratis.ContainerStateMachine (ContainerStateMachine.java:loadSnapshot(316)) - group-AB5CA55042D9: The snapshot info is null. Setting the last applied index to:(t:0, i:~)
2025-03-10 14:59:28,786 [edfd90b7-d4f7-415e-a332-2179825f57d9-groupManagement] INFO  server.RaftServerConfigKeys (ConfUtils.java:logGet(46)) - raft.server.log.use.memory = false (default)
2025-03-10 14:59:28,786 [edfd90b7-d4f7-415e-a332-2179825f57d9-groupManagement] INFO  server.RaftServerConfigKeys (ConfUtils.java:logGet(46)) - raft.server.log.purge.gap = 1000000 (custom)
2025-03-10 14:59:28,786 [edfd90b7-d4f7-415e-a332-2179825f57d9-groupManagement] INFO  server.RaftServerConfigKeys (ConfUtils.java:logGet(46)) - raft.server.log.appender.buffer.byte-limit = 33554432 (custom)
2025-03-10 14:59:28,786 [edfd90b7-d4f7-415e-a332-2179825f57d9-groupManagement] INFO  server.RaftServerConfigKeys (ConfUtils.java:logGet(46)) - raft.server.log.statemachine.data.read.timeout = 1000ms (default)
2025-03-10 14:59:28,786 [edfd90b7-d4f7-415e-a332-2179825f57d9-groupManagement] INFO  server.RaftServerConfigKeys (ConfUtils.java:logGet(46)) - raft.server.log.purge.preservation.log.num = 0 (default)
2025-03-10 14:59:28,787 [edfd90b7-d4f7-415e-a332-2179825f57d9-groupManagement] INFO  server.RaftServerConfigKeys (ConfUtils.java:logGet(46)) - raft.server.log.segment.size.max = 67108864 (custom)
2025-03-10 14:59:28,787 [edfd90b7-d4f7-415e-a332-2179825f57d9-groupManagement] INFO  server.RaftServerConfigKeys (ConfUtils.java:logGet(46)) - raft.server.log.segment.cache.num.max = 2 (custom)
2025-03-10 14:59:28,787 [edfd90b7-d4f7-415e-a332-2179825f57d9-groupManagement] INFO  server.RaftServerConfigKeys (ConfUtils.java:logGet(46)) - raft.server.log.segment.cache.size.max = 200MB (=209715200) (default)
2025-03-10 14:59:28,788 [edfd90b7-d4f7-415e-a332-2179825f57d9-groupManagement] INFO  server.RaftServerConfigKeys (ConfUtils.java:logGet(46)) - raft.server.log.appender.buffer.byte-limit = 33554432 (custom)
2025-03-10 14:59:28,788 [edfd90b7-d4f7-415e-a332-2179825f57d9-groupManagement] INFO  util.AwaitToRun (AwaitToRun.java:start(81)) - Thread[#1870,edfd90b7-d4f7-415e-a332-2179825f57d9@group-AB5CA55042D9-cacheEviction-AwaitToRun,5,main] started
2025-03-10 14:59:28,788 [edfd90b7-d4f7-415e-a332-2179825f57d9-groupManagement] INFO  segmented.SegmentedRaftLogWorker (SegmentedRaftLogWorker.java:<init>(188)) - new edfd90b7-d4f7-415e-a332-2179825f57d9@group-AB5CA55042D9-SegmentedRaftLogWorker for RaftStorageImpl:Storage Directory /home/runner/work/ozone/ozone/hadoop-ozone/integration-test/target/test-dir/MiniOzoneClusterImpl-92936399-7d39-4e90-b2ee-bbad22e09632/ozone-meta/datanode-1/ratis/ef00675a-f15d-4685-a85c-ab5ca55042d9
2025-03-10 14:59:28,788 [edfd90b7-d4f7-415e-a332-2179825f57d9-groupManagement] INFO  server.RaftServerConfigKeys (ConfUtils.java:logGet(46)) - raft.server.log.queue.byte-limit = 4294967296 (custom)
2025-03-10 14:59:28,788 [edfd90b7-d4f7-415e-a332-2179825f57d9-groupManagement] INFO  server.RaftServerConfigKeys (ConfUtils.java:logGet(46)) - raft.server.log.queue.element-limit = 1024 (custom)
2025-03-10 14:59:28,788 [edfd90b7-d4f7-415e-a332-2179825f57d9-groupManagement] INFO  server.RaftServerConfigKeys (ConfUtils.java:logGet(46)) - raft.server.log.segment.size.max = 67108864 (custom)
2025-03-10 14:59:28,788 [EventQueue-OpenPipelineForHealthyPipelineSafeModeRule] INFO  safemode.SCMSafeModeManager (HealthyPipelineSafeModeRule.java:process(141)) - SCM in safe mode. Healthy pipelines reported count is 0, required healthy pipeline reported count is 1
2025-03-10 14:59:28,788 [edfd90b7-d4f7-415e-a332-2179825f57d9-groupManagement] INFO  server.RaftServerConfigKeys (ConfUtils.java:logGet(46)) - raft.server.log.preallocated.size = 4194304 (custom)
2025-03-10 14:59:28,789 [edfd90b7-d4f7-415e-a332-2179825f57d9-groupManagement] INFO  server.RaftServerConfigKeys (ConfUtils.java:logGet(46)) - raft.server.log.force.sync.num = 128 (default)
2025-03-10 14:59:28,789 [edfd90b7-d4f7-415e-a332-2179825f57d9-groupManagement] INFO  server.RaftServerConfigKeys (ConfUtils.java:logGet(46)) - raft.server.log.statemachine.data.sync = true (default)
2025-03-10 14:59:28,789 [edfd90b7-d4f7-415e-a332-2179825f57d9-groupManagement] INFO  server.RaftServerConfigKeys (ConfUtils.java:logGet(46)) - raft.server.log.statemachine.data.sync.timeout = 10s (default)
2025-03-10 14:59:28,789 [edfd90b7-d4f7-415e-a332-2179825f57d9-groupManagement] INFO  server.RaftServerConfigKeys (ConfUtils.java:logGet(46)) - raft.server.log.statemachine.data.sync.timeout.retry = 30 (custom)
2025-03-10 14:59:28,789 [edfd90b7-d4f7-415e-a332-2179825f57d9-groupManagement] INFO  server.RaftServerConfigKeys (ConfUtils.java:logGet(46)) - raft.server.log.write.buffer.size = 33554440 (custom)
2025-03-10 14:59:28,792 [edfd90b7-d4f7-415e-a332-2179825f57d9-groupManagement] INFO  server.RaftServerConfigKeys (ConfUtils.java:logGet(46)) - raft.server.log.appender.buffer.byte-limit = 33554432 (custom)
2025-03-10 14:59:28,793 [edfd90b7-d4f7-415e-a332-2179825f57d9-groupManagement] INFO  server.RaftServerConfigKeys (ConfUtils.java:logGet(46)) - raft.server.log.unsafe-flush.enabled = false (default)
2025-03-10 14:59:28,793 [edfd90b7-d4f7-415e-a332-2179825f57d9-groupManagement] INFO  server.RaftServerConfigKeys (ConfUtils.java:logGet(46)) - raft.server.log.async-flush.enabled = false (default)
2025-03-10 14:59:28,793 [edfd90b7-d4f7-415e-a332-2179825f57d9-groupManagement] INFO  server.RaftServerConfigKeys (ConfUtils.java:logGet(46)) - raft.server.log.statemachine.data.caching.enabled = true (custom)
2025-03-10 14:59:28,793 [edfd90b7-d4f7-415e-a332-2179825f57d9-groupManagement] INFO  segmented.SegmentedRaftLogWorker (SegmentedRaftLogWorker.java:lambda$new$0(139)) - edfd90b7-d4f7-415e-a332-2179825f57d9@group-AB5CA55042D9-SegmentedRaftLogWorker: flushIndex: setUnconditionally 0 -> -1
2025-03-10 14:59:28,793 [edfd90b7-d4f7-415e-a332-2179825f57d9-groupManagement] INFO  segmented.SegmentedRaftLogWorker (SegmentedRaftLogWorker.java:lambda$new$0(139)) - edfd90b7-d4f7-415e-a332-2179825f57d9@group-AB5CA55042D9-SegmentedRaftLogWorker: safeCacheEvictIndex: setUnconditionally 0 -> -1
2025-03-10 14:59:28,793 [edfd90b7-d4f7-415e-a332-2179825f57d9-groupManagement] INFO  server.RaftServer$Division (RaftServerImpl.java:start(391)) - edfd90b7-d4f7-415e-a332-2179825f57d9@group-AB5CA55042D9: start as a follower, conf=conf: {index: -1, cur=peers:[edfd90b7-d4f7-415e-a332-2179825f57d9|127.0.0.1:15053, a47358e8-0456-4981-be42-6c2243302bda|127.0.0.1:15062, 34c8489e-bd2b-45e5-8f71-480c904dd2ce|127.0.0.1:15071]|listeners:[], old=null}
2025-03-10 14:59:28,793 [edfd90b7-d4f7-415e-a332-2179825f57d9-groupManagement] INFO  server.RaftServer$Division (RaftServerImpl.java:setRole(378)) - edfd90b7-d4f7-415e-a332-2179825f57d9@group-AB5CA55042D9: changes role from      null to FOLLOWER at term 0 for startAsFollower
2025-03-10 14:59:28,793 [edfd90b7-d4f7-415e-a332-2179825f57d9-groupManagement] INFO  impl.RoleInfo (RoleInfo.java:updateAndGet(148)) - edfd90b7-d4f7-415e-a332-2179825f57d9: start edfd90b7-d4f7-415e-a332-2179825f57d9@group-AB5CA55042D9-FollowerState
2025-03-10 14:59:28,794 [edfd90b7-d4f7-415e-a332-2179825f57d9-groupManagement] INFO  util.JmxRegister (JmxRegister.java:tryRegister(44)) - Successfully registered JMX Bean with object name Ratis:service=RaftServer,group=group-AB5CA55042D9,id=edfd90b7-d4f7-415e-a332-2179825f57d9
2025-03-10 14:59:28,794 [edfd90b7-d4f7-415e-a332-2179825f57d9-groupManagement] INFO  util.JmxRegister (JmxRegister.java:register(58)) - register mxBean class org.apache.ratis.server.impl.RaftServerJmxAdapter as Ratis:service=RaftServer,group=group-AB5CA55042D9,id=edfd90b7-d4f7-415e-a332-2179825f57d9
2025-03-10 14:59:28,794 [edfd90b7-d4f7-415e-a332-2179825f57d9-groupManagement] INFO  server.RaftServerConfigKeys (ConfUtils.java:logGet(46)) - raft.server.snapshot.trigger-when-stop.enabled = true (default)
2025-03-10 14:59:28,794 [edfd90b7-d4f7-415e-a332-2179825f57d9-groupManagement] INFO  server.RaftServerConfigKeys (ConfUtils.java:logGet(46)) - raft.server.snapshot.trigger-when-remove.enabled = true (default)
2025-03-10 14:59:28,794 [edfd90b7-d4f7-415e-a332-2179825f57d9-groupManagement] INFO  server.RaftServerConfigKeys (ConfUtils.java:logGet(46)) - raft.server.snapshot.auto.trigger.enabled = true (custom)
2025-03-10 14:59:28,794 [edfd90b7-d4f7-415e-a332-2179825f57d9-groupManagement] INFO  server.RaftServerConfigKeys (ConfUtils.java:logGet(46)) - raft.server.snapshot.auto.trigger.threshold = 100000 (custom)
2025-03-10 14:59:28,794 [edfd90b7-d4f7-415e-a332-2179825f57d9-groupManagement] INFO  server.RaftServerConfigKeys (ConfUtils.java:logGet(46)) - raft.server.snapshot.retention.file.num = 5 (custom)
2025-03-10 14:59:28,794 [edfd90b7-d4f7-415e-a332-2179825f57d9@group-AB5CA55042D9-FollowerState] INFO  server.RaftServerConfigKeys (ConfUtils.java:logFallback(53)) - raft.server.rpc.first-election.timeout.min = 5s (fallback to raft.server.rpc.timeout.min)
2025-03-10 14:59:28,794 [edfd90b7-d4f7-415e-a332-2179825f57d9@group-AB5CA55042D9-FollowerState] INFO  server.RaftServerConfigKeys (ConfUtils.java:logFallback(53)) - raft.server.rpc.first-election.timeout.max = 5200ms (fallback to raft.server.rpc.timeout.max)
2025-03-10 14:59:28,794 [edfd90b7-d4f7-415e-a332-2179825f57d9-groupManagement] INFO  server.RaftServerConfigKeys (ConfUtils.java:logGet(46)) - raft.server.log.purge.upto.snapshot.index = false (default)
2025-03-10 14:59:28,795 [edfd90b7-d4f7-415e-a332-2179825f57d9-groupManagement] INFO  server.RaftServer$Division (RaftServerImpl.java:start(405)) - edfd90b7-d4f7-415e-a332-2179825f57d9@group-AB5CA55042D9: Successfully started.
2025-03-10 14:59:28,795 [edfd90b7-d4f7-415e-a332-2179825f57d9-PipelineCommandHandlerThread-0] INFO  ratis.XceiverServerRatis (XceiverServerRatis.java:addGroup(841)) - Created group PipelineID=ef00675a-f15d-4685-a85c-ab5ca55042d9
2025-03-10 14:59:28,803 [grpc-default-executor-1] INFO  server.RaftServer (RaftServerProxy.java:addNew(100)) - a47358e8-0456-4981-be42-6c2243302bda: addNew group-AB5CA55042D9:[edfd90b7-d4f7-415e-a332-2179825f57d9|127.0.0.1:15053, a47358e8-0456-4981-be42-6c2243302bda|127.0.0.1:15062, 34c8489e-bd2b-45e5-8f71-480c904dd2ce|127.0.0.1:15071] returns group-AB5CA55042D9:java.util.concurrent.CompletableFuture@4f43c4a1[Not completed]
2025-03-10 14:59:28,804 [a47358e8-0456-4981-be42-6c2243302bda-groupManagement] INFO  server.RaftServer$Division (RaftServerImpl.java:<init>(255)) - a47358e8-0456-4981-be42-6c2243302bda: new RaftServerImpl for group-AB5CA55042D9:[edfd90b7-d4f7-415e-a332-2179825f57d9|127.0.0.1:15053, a47358e8-0456-4981-be42-6c2243302bda|127.0.0.1:15062, 34c8489e-bd2b-45e5-8f71-480c904dd2ce|127.0.0.1:15071] with ContainerStateMachine:uninitialized
2025-03-10 14:59:28,804 [a47358e8-0456-4981-be42-6c2243302bda-groupManagement] INFO  server.RaftServerConfigKeys (ConfUtils.java:logGet(46)) - raft.server.rpc.timeout.min = 5s (custom)
2025-03-10 14:59:28,804 [a47358e8-0456-4981-be42-6c2243302bda-groupManagement] INFO  server.RaftServerConfigKeys (ConfUtils.java:logGet(46)) - raft.server.rpc.timeout.max = 5200ms (custom)
2025-03-10 14:59:28,804 [a47358e8-0456-4981-be42-6c2243302bda-groupManagement] INFO  server.RaftServerConfigKeys (ConfUtils.java:logGet(46)) - raft.server.rpc.sleep.time = 25ms (default)
2025-03-10 14:59:28,804 [a47358e8-0456-4981-be42-6c2243302bda-groupManagement] INFO  server.RaftServerConfigKeys (ConfUtils.java:logGet(46)) - raft.server.rpc.slowness.timeout = 300s (custom)
2025-03-10 14:59:28,804 [a47358e8-0456-4981-be42-6c2243302bda-groupManagement] INFO  server.RaftServerConfigKeys (ConfUtils.java:logGet(46)) - raft.server.leaderelection.leader.step-down.wait-time = 10s (default)
2025-03-10 14:59:28,804 [a47358e8-0456-4981-be42-6c2243302bda-groupManagement] INFO  server.RaftServerConfigKeys (ConfUtils.java:logGet(46)) - raft.server.leaderelection.member.majority-add = false (default)
2025-03-10 14:59:28,804 [a47358e8-0456-4981-be42-6c2243302bda-groupManagement] INFO  server.RaftServerConfigKeys (ConfUtils.java:logGet(46)) - raft.server.sleep.deviation.threshold = 300ms (default)
2025-03-10 14:59:28,804 [a47358e8-0456-4981-be42-6c2243302bda-groupManagement] INFO  server.RaftServer$Division (ServerState.java:<init>(114)) - a47358e8-0456-4981-be42-6c2243302bda@group-AB5CA55042D9: ConfigurationManager, init=conf: {index: -1, cur=peers:[edfd90b7-d4f7-415e-a332-2179825f57d9|127.0.0.1:15053, a47358e8-0456-4981-be42-6c2243302bda|127.0.0.1:15062, 34c8489e-bd2b-45e5-8f71-480c904dd2ce|127.0.0.1:15071]|listeners:[], old=null}, confs=<EMPTY_MAP>
2025-03-10 14:59:28,804 [a47358e8-0456-4981-be42-6c2243302bda-groupManagement] INFO  server.RaftServerConfigKeys (ConfUtils.java:logGet(46)) - raft.server.notification.no-leader.timeout = 300s (custom)
2025-03-10 14:59:28,804 [a47358e8-0456-4981-be42-6c2243302bda-groupManagement] INFO  server.RaftServerConfigKeys (ConfUtils.java:logGet(46)) - raft.server.read.timeout = 10s (default)
2025-03-10 14:59:28,804 [a47358e8-0456-4981-be42-6c2243302bda-groupManagement] INFO  server.RaftServerConfigKeys (ConfUtils.java:logGet(46)) - raft.server.retrycache.expirytime = 600000ms (custom)
2025-03-10 14:59:28,804 [a47358e8-0456-4981-be42-6c2243302bda-groupManagement] INFO  server.RaftServerConfigKeys (ConfUtils.java:logGet(46)) - raft.server.retrycache.statistics.expirytime = 100ms (default)
2025-03-10 14:59:28,805 [a47358e8-0456-4981-be42-6c2243302bda-groupManagement] INFO  server.RaftServerConfigKeys (ConfUtils.java:logGet(46)) - raft.server.read.option = DEFAULT (default)
2025-03-10 14:59:28,805 [a47358e8-0456-4981-be42-6c2243302bda-groupManagement] INFO  server.RaftServerConfigKeys (ConfUtils.java:logGet(46)) - raft.server.read.read-after-write-consistent.write-index-cache.expiry-time = 60s (default)
2025-03-10 14:59:28,806 [a47358e8-0456-4981-be42-6c2243302bda-groupManagement] INFO  server.RaftServerConfigKeys (ConfUtils.java:logGet(46)) - raft.server.rpc.request.timeout = 60s (custom)
2025-03-10 14:59:28,806 [a47358e8-0456-4981-be42-6c2243302bda-groupManagement] INFO  server.RaftServerConfigKeys (ConfUtils.java:logGet(46)) - raft.server.log.appender.install.snapshot.enabled = false (custom)
2025-03-10 14:59:28,806 [a47358e8-0456-4981-be42-6c2243302bda-groupManagement] INFO  server.RaftServerConfigKeys (ConfUtils.java:logGet(46)) - raft.server.threadpool.server.cached = true (default)
2025-03-10 14:59:28,806 [a47358e8-0456-4981-be42-6c2243302bda-groupManagement] INFO  server.RaftServerConfigKeys (ConfUtils.java:logGet(46)) - raft.server.threadpool.server.size = 0 (default)
2025-03-10 14:59:28,806 [a47358e8-0456-4981-be42-6c2243302bda-groupManagement] INFO  server.RaftServerConfigKeys (ConfUtils.java:logGet(46)) - raft.server.threadpool.client.cached = true (default)
2025-03-10 14:59:28,806 [a47358e8-0456-4981-be42-6c2243302bda-groupManagement] INFO  server.RaftServerConfigKeys (ConfUtils.java:logGet(46)) - raft.server.threadpool.client.size = 0 (default)
2025-03-10 14:59:28,806 [a47358e8-0456-4981-be42-6c2243302bda-groupManagement] INFO  server.RaftServerConfigKeys (ConfUtils.java:logGet(46)) - raft.server.storage.free-space.min = 0MB (=0) (default)
2025-03-10 14:59:28,806 [a47358e8-0456-4981-be42-6c2243302bda-groupManagement] INFO  server.RaftServerConfigKeys (ConfUtils.java:logGet(46)) - raft.server.log.corruption.policy = EXCEPTION (default)
2025-03-10 14:59:28,806 [a47358e8-0456-4981-be42-6c2243302bda-groupManagement] INFO  server.RaftServerConfigKeys (ConfUtils.java:logGet(46)) - raft.server.storage.dir = [/home/runner/work/ozone/ozone/hadoop-ozone/integration-test/target/test-dir/MiniOzoneClusterImpl-92936399-7d39-4e90-b2ee-bbad22e09632/ozone-meta/datanode-2/ratis] (custom)
2025-03-10 14:59:28,807 [a47358e8-0456-4981-be42-6c2243302bda-groupManagement] INFO  storage.RaftStorageDirectory (RaftStorageDirectoryImpl.java:analyzeStorage(138)) - The storage directory /home/runner/work/ozone/ozone/hadoop-ozone/integration-test/target/test-dir/MiniOzoneClusterImpl-92936399-7d39-4e90-b2ee-bbad22e09632/ozone-meta/datanode-2/ratis/ef00675a-f15d-4685-a85c-ab5ca55042d9 does not exist. Creating ...
2025-03-10 14:59:28,808 [a47358e8-0456-4981-be42-6c2243302bda-groupManagement] INFO  storage.RaftStorageDirectory (RaftStorageDirectoryImpl.java:tryLock(229)) - Lock on /home/runner/work/ozone/ozone/hadoop-ozone/integration-test/target/test-dir/MiniOzoneClusterImpl-92936399-7d39-4e90-b2ee-bbad22e09632/ozone-meta/datanode-2/ratis/ef00675a-f15d-4685-a85c-ab5ca55042d9/in_use.lock acquired by nodename 139316@fv-az1384-231
2025-03-10 14:59:28,809 [a47358e8-0456-4981-be42-6c2243302bda-groupManagement] INFO  storage.RaftStorage (RaftStorageImpl.java:format(98)) - Storage directory /home/runner/work/ozone/ozone/hadoop-ozone/integration-test/target/test-dir/MiniOzoneClusterImpl-92936399-7d39-4e90-b2ee-bbad22e09632/ozone-meta/datanode-2/ratis/ef00675a-f15d-4685-a85c-ab5ca55042d9 has been successfully formatted.
2025-03-10 14:59:28,809 [a47358e8-0456-4981-be42-6c2243302bda-groupManagement] INFO  ratis.ContainerStateMachine (ContainerStateMachine.java:initialize(308)) - a47358e8-0456-4981-be42-6c2243302bda: initialize group-AB5CA55042D9
2025-03-10 14:59:28,809 [a47358e8-0456-4981-be42-6c2243302bda-groupManagement] INFO  ratis.ContainerStateMachine (ContainerStateMachine.java:loadSnapshot(316)) - group-AB5CA55042D9: The snapshot info is null. Setting the last applied index to:(t:0, i:~)
2025-03-10 14:59:28,809 [a47358e8-0456-4981-be42-6c2243302bda-groupManagement] INFO  server.RaftServerConfigKeys (ConfUtils.java:logGet(46)) - raft.server.log.use.memory = false (default)
2025-03-10 14:59:28,809 [a47358e8-0456-4981-be42-6c2243302bda-groupManagement] INFO  server.RaftServerConfigKeys (ConfUtils.java:logGet(46)) - raft.server.log.purge.gap = 1000000 (custom)
2025-03-10 14:59:28,809 [a47358e8-0456-4981-be42-6c2243302bda-groupManagement] INFO  server.RaftServerConfigKeys (ConfUtils.java:logGet(46)) - raft.server.log.appender.buffer.byte-limit = 33554432 (custom)
2025-03-10 14:59:28,809 [a47358e8-0456-4981-be42-6c2243302bda-groupManagement] INFO  server.RaftServerConfigKeys (ConfUtils.java:logGet(46)) - raft.server.log.statemachine.data.read.timeout = 1000ms (default)
2025-03-10 14:59:28,809 [a47358e8-0456-4981-be42-6c2243302bda-groupManagement] INFO  server.RaftServerConfigKeys (ConfUtils.java:logGet(46)) - raft.server.log.purge.preservation.log.num = 0 (default)
2025-03-10 14:59:28,810 [a47358e8-0456-4981-be42-6c2243302bda-groupManagement] INFO  server.RaftServerConfigKeys (ConfUtils.java:logGet(46)) - raft.server.log.segment.size.max = 67108864 (custom)
2025-03-10 14:59:28,811 [a47358e8-0456-4981-be42-6c2243302bda-groupManagement] INFO  server.RaftServerConfigKeys (ConfUtils.java:logGet(46)) - raft.server.log.segment.cache.num.max = 2 (custom)
2025-03-10 14:59:28,811 [a47358e8-0456-4981-be42-6c2243302bda-groupManagement] INFO  server.RaftServerConfigKeys (ConfUtils.java:logGet(46)) - raft.server.log.segment.cache.size.max = 200MB (=209715200) (default)
2025-03-10 14:59:28,811 [a47358e8-0456-4981-be42-6c2243302bda-groupManagement] INFO  server.RaftServerConfigKeys (ConfUtils.java:logGet(46)) - raft.server.log.appender.buffer.byte-limit = 33554432 (custom)
2025-03-10 14:59:28,811 [a47358e8-0456-4981-be42-6c2243302bda-groupManagement] INFO  util.AwaitToRun (AwaitToRun.java:start(81)) - Thread[#1875,a47358e8-0456-4981-be42-6c2243302bda@group-AB5CA55042D9-cacheEviction-AwaitToRun,5,main] started
2025-03-10 14:59:28,811 [a47358e8-0456-4981-be42-6c2243302bda-groupManagement] INFO  segmented.SegmentedRaftLogWorker (SegmentedRaftLogWorker.java:<init>(188)) - new a47358e8-0456-4981-be42-6c2243302bda@group-AB5CA55042D9-SegmentedRaftLogWorker for RaftStorageImpl:Storage Directory /home/runner/work/ozone/ozone/hadoop-ozone/integration-test/target/test-dir/MiniOzoneClusterImpl-92936399-7d39-4e90-b2ee-bbad22e09632/ozone-meta/datanode-2/ratis/ef00675a-f15d-4685-a85c-ab5ca55042d9
2025-03-10 14:59:28,811 [a47358e8-0456-4981-be42-6c2243302bda-groupManagement] INFO  server.RaftServerConfigKeys (ConfUtils.java:logGet(46)) - raft.server.log.queue.byte-limit = 4294967296 (custom)
2025-03-10 14:59:28,811 [a47358e8-0456-4981-be42-6c2243302bda-groupManagement] INFO  server.RaftServerConfigKeys (ConfUtils.java:logGet(46)) - raft.server.log.queue.element-limit = 1024 (custom)
2025-03-10 14:59:28,811 [a47358e8-0456-4981-be42-6c2243302bda-groupManagement] INFO  server.RaftServerConfigKeys (ConfUtils.java:logGet(46)) - raft.server.log.segment.size.max = 67108864 (custom)
2025-03-10 14:59:28,811 [a47358e8-0456-4981-be42-6c2243302bda-groupManagement] INFO  server.RaftServerConfigKeys (ConfUtils.java:logGet(46)) - raft.server.log.preallocated.size = 4194304 (custom)
2025-03-10 14:59:28,811 [a47358e8-0456-4981-be42-6c2243302bda-groupManagement] INFO  server.RaftServerConfigKeys (ConfUtils.java:logGet(46)) - raft.server.log.force.sync.num = 128 (default)
2025-03-10 14:59:28,811 [a47358e8-0456-4981-be42-6c2243302bda-groupManagement] INFO  server.RaftServerConfigKeys (ConfUtils.java:logGet(46)) - raft.server.log.statemachine.data.sync = true (default)
2025-03-10 14:59:28,812 [a47358e8-0456-4981-be42-6c2243302bda-groupManagement] INFO  server.RaftServerConfigKeys (ConfUtils.java:logGet(46)) - raft.server.log.statemachine.data.sync.timeout = 10s (default)
2025-03-10 14:59:28,812 [a47358e8-0456-4981-be42-6c2243302bda-groupManagement] INFO  server.RaftServerConfigKeys (ConfUtils.java:logGet(46)) - raft.server.log.statemachine.data.sync.timeout.retry = 30 (custom)
2025-03-10 14:59:28,812 [a47358e8-0456-4981-be42-6c2243302bda-groupManagement] INFO  server.RaftServerConfigKeys (ConfUtils.java:logGet(46)) - raft.server.log.write.buffer.size = 33554440 (custom)
2025-03-10 14:59:28,817 [a47358e8-0456-4981-be42-6c2243302bda-groupManagement] INFO  server.RaftServerConfigKeys (ConfUtils.java:logGet(46)) - raft.server.log.appender.buffer.byte-limit = 33554432 (custom)
2025-03-10 14:59:28,817 [a47358e8-0456-4981-be42-6c2243302bda-groupManagement] INFO  server.RaftServerConfigKeys (ConfUtils.java:logGet(46)) - raft.server.log.unsafe-flush.enabled = false (default)
2025-03-10 14:59:28,817 [a47358e8-0456-4981-be42-6c2243302bda-groupManagement] INFO  server.RaftServerConfigKeys (ConfUtils.java:logGet(46)) - raft.server.log.async-flush.enabled = false (default)
2025-03-10 14:59:28,817 [a47358e8-0456-4981-be42-6c2243302bda-groupManagement] INFO  server.RaftServerConfigKeys (ConfUtils.java:logGet(46)) - raft.server.log.statemachine.data.caching.enabled = true (custom)
2025-03-10 14:59:28,817 [a47358e8-0456-4981-be42-6c2243302bda-groupManagement] INFO  segmented.SegmentedRaftLogWorker (SegmentedRaftLogWorker.java:lambda$new$0(139)) - a47358e8-0456-4981-be42-6c2243302bda@group-AB5CA55042D9-SegmentedRaftLogWorker: flushIndex: setUnconditionally 0 -> -1
2025-03-10 14:59:28,817 [a47358e8-0456-4981-be42-6c2243302bda-groupManagement] INFO  segmented.SegmentedRaftLogWorker (SegmentedRaftLogWorker.java:lambda$new$0(139)) - a47358e8-0456-4981-be42-6c2243302bda@group-AB5CA55042D9-SegmentedRaftLogWorker: safeCacheEvictIndex: setUnconditionally 0 -> -1
2025-03-10 14:59:28,818 [a47358e8-0456-4981-be42-6c2243302bda-groupManagement] INFO  server.RaftServer$Division (RaftServerImpl.java:start(391)) - a47358e8-0456-4981-be42-6c2243302bda@group-AB5CA55042D9: start as a follower, conf=conf: {index: -1, cur=peers:[edfd90b7-d4f7-415e-a332-2179825f57d9|127.0.0.1:15053, a47358e8-0456-4981-be42-6c2243302bda|127.0.0.1:15062, 34c8489e-bd2b-45e5-8f71-480c904dd2ce|127.0.0.1:15071]|listeners:[], old=null}
2025-03-10 14:59:28,818 [a47358e8-0456-4981-be42-6c2243302bda-groupManagement] INFO  server.RaftServer$Division (RaftServerImpl.java:setRole(378)) - a47358e8-0456-4981-be42-6c2243302bda@group-AB5CA55042D9: changes role from      null to FOLLOWER at term 0 for startAsFollower
2025-03-10 14:59:28,818 [a47358e8-0456-4981-be42-6c2243302bda-groupManagement] INFO  impl.RoleInfo (RoleInfo.java:updateAndGet(148)) - a47358e8-0456-4981-be42-6c2243302bda: start a47358e8-0456-4981-be42-6c2243302bda@group-AB5CA55042D9-FollowerState
2025-03-10 14:59:28,818 [a47358e8-0456-4981-be42-6c2243302bda-groupManagement] INFO  util.JmxRegister (JmxRegister.java:tryRegister(44)) - Successfully registered JMX Bean with object name Ratis:service=RaftServer,group=group-AB5CA55042D9,id=a47358e8-0456-4981-be42-6c2243302bda
2025-03-10 14:59:28,818 [a47358e8-0456-4981-be42-6c2243302bda-groupManagement] INFO  util.JmxRegister (JmxRegister.java:register(58)) - register mxBean class org.apache.ratis.server.impl.RaftServerJmxAdapter as Ratis:service=RaftServer,group=group-AB5CA55042D9,id=a47358e8-0456-4981-be42-6c2243302bda
2025-03-10 14:59:28,818 [a47358e8-0456-4981-be42-6c2243302bda-groupManagement] INFO  server.RaftServerConfigKeys (ConfUtils.java:logGet(46)) - raft.server.snapshot.trigger-when-stop.enabled = true (default)
2025-03-10 14:59:28,818 [a47358e8-0456-4981-be42-6c2243302bda-groupManagement] INFO  server.RaftServerConfigKeys (ConfUtils.java:logGet(46)) - raft.server.snapshot.trigger-when-remove.enabled = true (default)
2025-03-10 14:59:28,818 [a47358e8-0456-4981-be42-6c2243302bda@group-AB5CA55042D9-FollowerState] INFO  server.RaftServerConfigKeys (ConfUtils.java:logFallback(53)) - raft.server.rpc.first-election.timeout.min = 5s (fallback to raft.server.rpc.timeout.min)
2025-03-10 14:59:28,818 [a47358e8-0456-4981-be42-6c2243302bda-groupManagement] INFO  server.RaftServerConfigKeys (ConfUtils.java:logGet(46)) - raft.server.snapshot.auto.trigger.enabled = true (custom)
2025-03-10 14:59:28,818 [a47358e8-0456-4981-be42-6c2243302bda@group-AB5CA55042D9-FollowerState] INFO  server.RaftServerConfigKeys (ConfUtils.java:logFallback(53)) - raft.server.rpc.first-election.timeout.max = 5200ms (fallback to raft.server.rpc.timeout.max)
2025-03-10 14:59:28,818 [a47358e8-0456-4981-be42-6c2243302bda-groupManagement] INFO  server.RaftServerConfigKeys (ConfUtils.java:logGet(46)) - raft.server.snapshot.auto.trigger.threshold = 100000 (custom)
2025-03-10 14:59:28,818 [a47358e8-0456-4981-be42-6c2243302bda-groupManagement] INFO  server.RaftServerConfigKeys (ConfUtils.java:logGet(46)) - raft.server.snapshot.retention.file.num = 5 (custom)
2025-03-10 14:59:28,819 [a47358e8-0456-4981-be42-6c2243302bda-groupManagement] INFO  server.RaftServerConfigKeys (ConfUtils.java:logGet(46)) - raft.server.log.purge.upto.snapshot.index = false (default)
2025-03-10 14:59:28,819 [a47358e8-0456-4981-be42-6c2243302bda-groupManagement] INFO  server.RaftServer$Division (RaftServerImpl.java:start(405)) - a47358e8-0456-4981-be42-6c2243302bda@group-AB5CA55042D9: Successfully started.
2025-03-10 14:59:28,827 [grpc-default-executor-1] INFO  server.RaftServer (RaftServerProxy.java:addNew(100)) - 34c8489e-bd2b-45e5-8f71-480c904dd2ce: addNew group-AB5CA55042D9:[edfd90b7-d4f7-415e-a332-2179825f57d9|127.0.0.1:15053, a47358e8-0456-4981-be42-6c2243302bda|127.0.0.1:15062, 34c8489e-bd2b-45e5-8f71-480c904dd2ce|127.0.0.1:15071] returns group-AB5CA55042D9:java.util.concurrent.CompletableFuture@5fb5b9b9[Not completed]
2025-03-10 14:59:28,828 [34c8489e-bd2b-45e5-8f71-480c904dd2ce-groupManagement] INFO  server.RaftServer$Division (RaftServerImpl.java:<init>(255)) - 34c8489e-bd2b-45e5-8f71-480c904dd2ce: new RaftServerImpl for group-AB5CA55042D9:[edfd90b7-d4f7-415e-a332-2179825f57d9|127.0.0.1:15053, a47358e8-0456-4981-be42-6c2243302bda|127.0.0.1:15062, 34c8489e-bd2b-45e5-8f71-480c904dd2ce|127.0.0.1:15071] with ContainerStateMachine:uninitialized
2025-03-10 14:59:28,828 [34c8489e-bd2b-45e5-8f71-480c904dd2ce-groupManagement] INFO  server.RaftServerConfigKeys (ConfUtils.java:logGet(46)) - raft.server.rpc.timeout.min = 5s (custom)
2025-03-10 14:59:28,828 [34c8489e-bd2b-45e5-8f71-480c904dd2ce-groupManagement] INFO  server.RaftServerConfigKeys (ConfUtils.java:logGet(46)) - raft.server.rpc.timeout.max = 5200ms (custom)
2025-03-10 14:59:28,829 [34c8489e-bd2b-45e5-8f71-480c904dd2ce-groupManagement] INFO  server.RaftServerConfigKeys (ConfUtils.java:logGet(46)) - raft.server.rpc.sleep.time = 25ms (default)
2025-03-10 14:59:28,829 [34c8489e-bd2b-45e5-8f71-480c904dd2ce-groupManagement] INFO  server.RaftServerConfigKeys (ConfUtils.java:logGet(46)) - raft.server.rpc.slowness.timeout = 300s (custom)
2025-03-10 14:59:28,829 [34c8489e-bd2b-45e5-8f71-480c904dd2ce-groupManagement] INFO  server.RaftServerConfigKeys (ConfUtils.java:logGet(46)) - raft.server.leaderelection.leader.step-down.wait-time = 10s (default)
2025-03-10 14:59:28,829 [34c8489e-bd2b-45e5-8f71-480c904dd2ce-groupManagement] INFO  server.RaftServerConfigKeys (ConfUtils.java:logGet(46)) - raft.server.leaderelection.member.majority-add = false (default)
2025-03-10 14:59:28,829 [34c8489e-bd2b-45e5-8f71-480c904dd2ce-groupManagement] INFO  server.RaftServerConfigKeys (ConfUtils.java:logGet(46)) - raft.server.sleep.deviation.threshold = 300ms (default)
2025-03-10 14:59:28,829 [34c8489e-bd2b-45e5-8f71-480c904dd2ce-groupManagement] INFO  server.RaftServer$Division (ServerState.java:<init>(114)) - 34c8489e-bd2b-45e5-8f71-480c904dd2ce@group-AB5CA55042D9: ConfigurationManager, init=conf: {index: -1, cur=peers:[edfd90b7-d4f7-415e-a332-2179825f57d9|127.0.0.1:15053, a47358e8-0456-4981-be42-6c2243302bda|127.0.0.1:15062, 34c8489e-bd2b-45e5-8f71-480c904dd2ce|127.0.0.1:15071]|listeners:[], old=null}, confs=<EMPTY_MAP>
2025-03-10 14:59:28,829 [34c8489e-bd2b-45e5-8f71-480c904dd2ce-groupManagement] INFO  server.RaftServerConfigKeys (ConfUtils.java:logGet(46)) - raft.server.notification.no-leader.timeout = 300s (custom)
2025-03-10 14:59:28,829 [34c8489e-bd2b-45e5-8f71-480c904dd2ce-groupManagement] INFO  server.RaftServerConfigKeys (ConfUtils.java:logGet(46)) - raft.server.read.timeout = 10s (default)
2025-03-10 14:59:28,829 [34c8489e-bd2b-45e5-8f71-480c904dd2ce-groupManagement] INFO  server.RaftServerConfigKeys (ConfUtils.java:logGet(46)) - raft.server.retrycache.expirytime = 600000ms (custom)
2025-03-10 14:59:28,829 [34c8489e-bd2b-45e5-8f71-480c904dd2ce-groupManagement] INFO  server.RaftServerConfigKeys (ConfUtils.java:logGet(46)) - raft.server.retrycache.statistics.expirytime = 100ms (default)
2025-03-10 14:59:28,829 [34c8489e-bd2b-45e5-8f71-480c904dd2ce-groupManagement] INFO  server.RaftServerConfigKeys (ConfUtils.java:logGet(46)) - raft.server.read.option = DEFAULT (default)
2025-03-10 14:59:28,829 [34c8489e-bd2b-45e5-8f71-480c904dd2ce-groupManagement] INFO  server.RaftServerConfigKeys (ConfUtils.java:logGet(46)) - raft.server.read.read-after-write-consistent.write-index-cache.expiry-time = 60s (default)
2025-03-10 14:59:28,831 [34c8489e-bd2b-45e5-8f71-480c904dd2ce-groupManagement] INFO  server.RaftServerConfigKeys (ConfUtils.java:logGet(46)) - raft.server.rpc.request.timeout = 60s (custom)
2025-03-10 14:59:28,831 [34c8489e-bd2b-45e5-8f71-480c904dd2ce-groupManagement] INFO  server.RaftServerConfigKeys (ConfUtils.java:logGet(46)) - raft.server.log.appender.install.snapshot.enabled = false (custom)
2025-03-10 14:59:28,831 [34c8489e-bd2b-45e5-8f71-480c904dd2ce-groupManagement] INFO  server.RaftServerConfigKeys (ConfUtils.java:logGet(46)) - raft.server.threadpool.server.cached = true (default)
2025-03-10 14:59:28,831 [34c8489e-bd2b-45e5-8f71-480c904dd2ce-groupManagement] INFO  server.RaftServerConfigKeys (ConfUtils.java:logGet(46)) - raft.server.threadpool.server.size = 0 (default)
2025-03-10 14:59:28,831 [34c8489e-bd2b-45e5-8f71-480c904dd2ce-groupManagement] INFO  server.RaftServerConfigKeys (ConfUtils.java:logGet(46)) - raft.server.threadpool.client.cached = true (default)
2025-03-10 14:59:28,831 [34c8489e-bd2b-45e5-8f71-480c904dd2ce-groupManagement] INFO  server.RaftServerConfigKeys (ConfUtils.java:logGet(46)) - raft.server.threadpool.client.size = 0 (default)
2025-03-10 14:59:28,832 [34c8489e-bd2b-45e5-8f71-480c904dd2ce-groupManagement] INFO  server.RaftServerConfigKeys (ConfUtils.java:logGet(46)) - raft.server.storage.free-space.min = 0MB (=0) (default)
2025-03-10 14:59:28,832 [34c8489e-bd2b-45e5-8f71-480c904dd2ce-groupManagement] INFO  server.RaftServerConfigKeys (ConfUtils.java:logGet(46)) - raft.server.log.corruption.policy = EXCEPTION (default)
2025-03-10 14:59:28,832 [34c8489e-bd2b-45e5-8f71-480c904dd2ce-groupManagement] INFO  server.RaftServerConfigKeys (ConfUtils.java:logGet(46)) - raft.server.storage.dir = [/home/runner/work/ozone/ozone/hadoop-ozone/integration-test/target/test-dir/MiniOzoneClusterImpl-92936399-7d39-4e90-b2ee-bbad22e09632/ozone-meta/datanode-3/ratis] (custom)
2025-03-10 14:59:28,832 [34c8489e-bd2b-45e5-8f71-480c904dd2ce-groupManagement] INFO  storage.RaftStorageDirectory (RaftStorageDirectoryImpl.java:analyzeStorage(138)) - The storage directory /home/runner/work/ozone/ozone/hadoop-ozone/integration-test/target/test-dir/MiniOzoneClusterImpl-92936399-7d39-4e90-b2ee-bbad22e09632/ozone-meta/datanode-3/ratis/ef00675a-f15d-4685-a85c-ab5ca55042d9 does not exist. Creating ...
2025-03-10 14:59:28,833 [34c8489e-bd2b-45e5-8f71-480c904dd2ce-groupManagement] INFO  storage.RaftStorageDirectory (RaftStorageDirectoryImpl.java:tryLock(229)) - Lock on /home/runner/work/ozone/ozone/hadoop-ozone/integration-test/target/test-dir/MiniOzoneClusterImpl-92936399-7d39-4e90-b2ee-bbad22e09632/ozone-meta/datanode-3/ratis/ef00675a-f15d-4685-a85c-ab5ca55042d9/in_use.lock acquired by nodename 139316@fv-az1384-231
2025-03-10 14:59:28,834 [34c8489e-bd2b-45e5-8f71-480c904dd2ce-groupManagement] INFO  storage.RaftStorage (RaftStorageImpl.java:format(98)) - Storage directory /home/runner/work/ozone/ozone/hadoop-ozone/integration-test/target/test-dir/MiniOzoneClusterImpl-92936399-7d39-4e90-b2ee-bbad22e09632/ozone-meta/datanode-3/ratis/ef00675a-f15d-4685-a85c-ab5ca55042d9 has been successfully formatted.
2025-03-10 14:59:28,834 [34c8489e-bd2b-45e5-8f71-480c904dd2ce-groupManagement] INFO  ratis.ContainerStateMachine (ContainerStateMachine.java:initialize(308)) - 34c8489e-bd2b-45e5-8f71-480c904dd2ce: initialize group-AB5CA55042D9
2025-03-10 14:59:28,834 [34c8489e-bd2b-45e5-8f71-480c904dd2ce-groupManagement] INFO  ratis.ContainerStateMachine (ContainerStateMachine.java:loadSnapshot(316)) - group-AB5CA55042D9: The snapshot info is null. Setting the last applied index to:(t:0, i:~)
2025-03-10 14:59:28,834 [34c8489e-bd2b-45e5-8f71-480c904dd2ce-groupManagement] INFO  server.RaftServerConfigKeys (ConfUtils.java:logGet(46)) - raft.server.log.use.memory = false (default)
2025-03-10 14:59:28,834 [34c8489e-bd2b-45e5-8f71-480c904dd2ce-groupManagement] INFO  server.RaftServerConfigKeys (ConfUtils.java:logGet(46)) - raft.server.log.purge.gap = 1000000 (custom)
2025-03-10 14:59:28,835 [34c8489e-bd2b-45e5-8f71-480c904dd2ce-groupManagement] INFO  server.RaftServerConfigKeys (ConfUtils.java:logGet(46)) - raft.server.log.appender.buffer.byte-limit = 33554432 (custom)
2025-03-10 14:59:28,835 [34c8489e-bd2b-45e5-8f71-480c904dd2ce-groupManagement] INFO  server.RaftServerConfigKeys (ConfUtils.java:logGet(46)) - raft.server.log.statemachine.data.read.timeout = 1000ms (default)
2025-03-10 14:59:28,835 [34c8489e-bd2b-45e5-8f71-480c904dd2ce-groupManagement] INFO  server.RaftServerConfigKeys (ConfUtils.java:logGet(46)) - raft.server.log.purge.preservation.log.num = 0 (default)
2025-03-10 14:59:28,836 [34c8489e-bd2b-45e5-8f71-480c904dd2ce-groupManagement] INFO  server.RaftServerConfigKeys (ConfUtils.java:logGet(46)) - raft.server.log.segment.size.max = 67108864 (custom)
2025-03-10 14:59:28,836 [34c8489e-bd2b-45e5-8f71-480c904dd2ce-groupManagement] INFO  server.RaftServerConfigKeys (ConfUtils.java:logGet(46)) - raft.server.log.segment.cache.num.max = 2 (custom)
2025-03-10 14:59:28,836 [34c8489e-bd2b-45e5-8f71-480c904dd2ce-groupManagement] INFO  server.RaftServerConfigKeys (ConfUtils.java:logGet(46)) - raft.server.log.segment.cache.size.max = 200MB (=209715200) (default)
2025-03-10 14:59:28,836 [34c8489e-bd2b-45e5-8f71-480c904dd2ce-groupManagement] INFO  server.RaftServerConfigKeys (ConfUtils.java:logGet(46)) - raft.server.log.appender.buffer.byte-limit = 33554432 (custom)
2025-03-10 14:59:28,837 [34c8489e-bd2b-45e5-8f71-480c904dd2ce-groupManagement] INFO  util.AwaitToRun (AwaitToRun.java:start(81)) - Thread[#1883,34c8489e-bd2b-45e5-8f71-480c904dd2ce@group-AB5CA55042D9-cacheEviction-AwaitToRun,5,main] started
2025-03-10 14:59:28,837 [34c8489e-bd2b-45e5-8f71-480c904dd2ce-groupManagement] INFO  segmented.SegmentedRaftLogWorker (SegmentedRaftLogWorker.java:<init>(188)) - new 34c8489e-bd2b-45e5-8f71-480c904dd2ce@group-AB5CA55042D9-SegmentedRaftLogWorker for RaftStorageImpl:Storage Directory /home/runner/work/ozone/ozone/hadoop-ozone/integration-test/target/test-dir/MiniOzoneClusterImpl-92936399-7d39-4e90-b2ee-bbad22e09632/ozone-meta/datanode-3/ratis/ef00675a-f15d-4685-a85c-ab5ca55042d9
2025-03-10 14:59:28,837 [34c8489e-bd2b-45e5-8f71-480c904dd2ce-groupManagement] INFO  server.RaftServerConfigKeys (ConfUtils.java:logGet(46)) - raft.server.log.queue.byte-limit = 4294967296 (custom)
2025-03-10 14:59:28,837 [34c8489e-bd2b-45e5-8f71-480c904dd2ce-groupManagement] INFO  server.RaftServerConfigKeys (ConfUtils.java:logGet(46)) - raft.server.log.queue.element-limit = 1024 (custom)
2025-03-10 14:59:28,837 [34c8489e-bd2b-45e5-8f71-480c904dd2ce-groupManagement] INFO  server.RaftServerConfigKeys (ConfUtils.java:logGet(46)) - raft.server.log.segment.size.max = 67108864 (custom)
2025-03-10 14:59:28,837 [34c8489e-bd2b-45e5-8f71-480c904dd2ce-groupManagement] INFO  server.RaftServerConfigKeys (ConfUtils.java:logGet(46)) - raft.server.log.preallocated.size = 4194304 (custom)
2025-03-10 14:59:28,837 [34c8489e-bd2b-45e5-8f71-480c904dd2ce-groupManagement] INFO  server.RaftServerConfigKeys (ConfUtils.java:logGet(46)) - raft.server.log.force.sync.num = 128 (default)
2025-03-10 14:59:28,837 [34c8489e-bd2b-45e5-8f71-480c904dd2ce-groupManagement] INFO  server.RaftServerConfigKeys (ConfUtils.java:logGet(46)) - raft.server.log.statemachine.data.sync = true (default)
2025-03-10 14:59:28,837 [34c8489e-bd2b-45e5-8f71-480c904dd2ce-groupManagement] INFO  server.RaftServerConfigKeys (ConfUtils.java:logGet(46)) - raft.server.log.statemachine.data.sync.timeout = 10s (default)
2025-03-10 14:59:28,837 [34c8489e-bd2b-45e5-8f71-480c904dd2ce-groupManagement] INFO  server.RaftServerConfigKeys (ConfUtils.java:logGet(46)) - raft.server.log.statemachine.data.sync.timeout.retry = 30 (custom)
2025-03-10 14:59:28,837 [34c8489e-bd2b-45e5-8f71-480c904dd2ce-groupManagement] INFO  server.RaftServerConfigKeys (ConfUtils.java:logGet(46)) - raft.server.log.write.buffer.size = 33554440 (custom)
2025-03-10 14:59:28,841 [34c8489e-bd2b-45e5-8f71-480c904dd2ce-groupManagement] INFO  server.RaftServerConfigKeys (ConfUtils.java:logGet(46)) - raft.server.log.appender.buffer.byte-limit = 33554432 (custom)
2025-03-10 14:59:28,842 [34c8489e-bd2b-45e5-8f71-480c904dd2ce-groupManagement] INFO  server.RaftServerConfigKeys (ConfUtils.java:logGet(46)) - raft.server.log.unsafe-flush.enabled = false (default)
2025-03-10 14:59:28,842 [34c8489e-bd2b-45e5-8f71-480c904dd2ce-groupManagement] INFO  server.RaftServerConfigKeys (ConfUtils.java:logGet(46)) - raft.server.log.async-flush.enabled = false (default)
2025-03-10 14:59:28,842 [34c8489e-bd2b-45e5-8f71-480c904dd2ce-groupManagement] INFO  server.RaftServerConfigKeys (ConfUtils.java:logGet(46)) - raft.server.log.statemachine.data.caching.enabled = true (custom)
2025-03-10 14:59:28,842 [34c8489e-bd2b-45e5-8f71-480c904dd2ce-groupManagement] INFO  segmented.SegmentedRaftLogWorker (SegmentedRaftLogWorker.java:lambda$new$0(139)) - 34c8489e-bd2b-45e5-8f71-480c904dd2ce@group-AB5CA55042D9-SegmentedRaftLogWorker: flushIndex: setUnconditionally 0 -> -1
2025-03-10 14:59:28,842 [34c8489e-bd2b-45e5-8f71-480c904dd2ce-groupManagement] INFO  segmented.SegmentedRaftLogWorker (SegmentedRaftLogWorker.java:lambda$new$0(139)) - 34c8489e-bd2b-45e5-8f71-480c904dd2ce@group-AB5CA55042D9-SegmentedRaftLogWorker: safeCacheEvictIndex: setUnconditionally 0 -> -1
2025-03-10 14:59:28,842 [34c8489e-bd2b-45e5-8f71-480c904dd2ce-groupManagement] INFO  server.RaftServer$Division (RaftServerImpl.java:start(391)) - 34c8489e-bd2b-45e5-8f71-480c904dd2ce@group-AB5CA55042D9: start as a follower, conf=conf: {index: -1, cur=peers:[edfd90b7-d4f7-415e-a332-2179825f57d9|127.0.0.1:15053, a47358e8-0456-4981-be42-6c2243302bda|127.0.0.1:15062, 34c8489e-bd2b-45e5-8f71-480c904dd2ce|127.0.0.1:15071]|listeners:[], old=null}
2025-03-10 14:59:28,843 [34c8489e-bd2b-45e5-8f71-480c904dd2ce-groupManagement] INFO  server.RaftServer$Division (RaftServerImpl.java:setRole(378)) - 34c8489e-bd2b-45e5-8f71-480c904dd2ce@group-AB5CA55042D9: changes role from      null to FOLLOWER at term 0 for startAsFollower
2025-03-10 14:59:28,843 [34c8489e-bd2b-45e5-8f71-480c904dd2ce-groupManagement] INFO  impl.RoleInfo (RoleInfo.java:updateAndGet(148)) - 34c8489e-bd2b-45e5-8f71-480c904dd2ce: start 34c8489e-bd2b-45e5-8f71-480c904dd2ce@group-AB5CA55042D9-FollowerState
2025-03-10 14:59:28,843 [34c8489e-bd2b-45e5-8f71-480c904dd2ce@group-AB5CA55042D9-FollowerState] INFO  server.RaftServerConfigKeys (ConfUtils.java:logFallback(53)) - raft.server.rpc.first-election.timeout.min = 5s (fallback to raft.server.rpc.timeout.min)
2025-03-10 14:59:28,843 [34c8489e-bd2b-45e5-8f71-480c904dd2ce@group-AB5CA55042D9-FollowerState] INFO  server.RaftServerConfigKeys (ConfUtils.java:logFallback(53)) - raft.server.rpc.first-election.timeout.max = 5200ms (fallback to raft.server.rpc.timeout.max)
2025-03-10 14:59:28,843 [34c8489e-bd2b-45e5-8f71-480c904dd2ce-groupManagement] INFO  util.JmxRegister (JmxRegister.java:tryRegister(44)) - Successfully registered JMX Bean with object name Ratis:service=RaftServer,group=group-AB5CA55042D9,id=34c8489e-bd2b-45e5-8f71-480c904dd2ce
2025-03-10 14:59:28,843 [34c8489e-bd2b-45e5-8f71-480c904dd2ce-groupManagement] INFO  util.JmxRegister (JmxRegister.java:register(58)) - register mxBean class org.apache.ratis.server.impl.RaftServerJmxAdapter as Ratis:service=RaftServer,group=group-AB5CA55042D9,id=34c8489e-bd2b-45e5-8f71-480c904dd2ce
2025-03-10 14:59:28,843 [34c8489e-bd2b-45e5-8f71-480c904dd2ce-groupManagement] INFO  server.RaftServerConfigKeys (ConfUtils.java:logGet(46)) - raft.server.snapshot.trigger-when-stop.enabled = true (default)
2025-03-10 14:59:28,843 [34c8489e-bd2b-45e5-8f71-480c904dd2ce-groupManagement] INFO  server.RaftServerConfigKeys (ConfUtils.java:logGet(46)) - raft.server.snapshot.trigger-when-remove.enabled = true (default)
2025-03-10 14:59:28,843 [34c8489e-bd2b-45e5-8f71-480c904dd2ce-groupManagement] INFO  server.RaftServerConfigKeys (ConfUtils.java:logGet(46)) - raft.server.snapshot.auto.trigger.enabled = true (custom)
2025-03-10 14:59:28,843 [34c8489e-bd2b-45e5-8f71-480c904dd2ce-groupManagement] INFO  server.RaftServerConfigKeys (ConfUtils.java:logGet(46)) - raft.server.snapshot.auto.trigger.threshold = 100000 (custom)
2025-03-10 14:59:28,843 [34c8489e-bd2b-45e5-8f71-480c904dd2ce-groupManagement] INFO  server.RaftServerConfigKeys (ConfUtils.java:logGet(46)) - raft.server.snapshot.retention.file.num = 5 (custom)
2025-03-10 14:59:28,844 [34c8489e-bd2b-45e5-8f71-480c904dd2ce-groupManagement] INFO  server.RaftServerConfigKeys (ConfUtils.java:logGet(46)) - raft.server.log.purge.upto.snapshot.index = false (default)
2025-03-10 14:59:28,844 [34c8489e-bd2b-45e5-8f71-480c904dd2ce-groupManagement] INFO  server.RaftServer$Division (RaftServerImpl.java:start(405)) - 34c8489e-bd2b-45e5-8f71-480c904dd2ce@group-AB5CA55042D9: Successfully started.
2025-03-10 14:59:28,847 [edfd90b7-d4f7-415e-a332-2179825f57d9-PipelineCommandHandlerThread-0] INFO  commandhandler.CreatePipelineCommandHandler (CreatePipelineCommandHandler.java:lambda$handle$2(128)) - Created Pipeline RATIS THREE PipelineID=ef00675a-f15d-4685-a85c-ab5ca55042d9.
2025-03-10 14:59:28,848 [edfd90b7-d4f7-415e-a332-2179825f57d9-PipelineCommandHandlerThread-0] INFO  server.RaftServer (RaftServerProxy.java:addNew(100)) - edfd90b7-d4f7-415e-a332-2179825f57d9: addNew group-421A57758FF1:[edfd90b7-d4f7-415e-a332-2179825f57d9|127.0.0.1:15053, a47358e8-0456-4981-be42-6c2243302bda|127.0.0.1:15062, 34c8489e-bd2b-45e5-8f71-480c904dd2ce|127.0.0.1:15071] returns group-421A57758FF1:java.util.concurrent.CompletableFuture@2740f8cc[Not completed]
2025-03-10 14:59:28,849 [edfd90b7-d4f7-415e-a332-2179825f57d9-groupManagement] INFO  server.RaftServer$Division (RaftServerImpl.java:<init>(255)) - edfd90b7-d4f7-415e-a332-2179825f57d9: new RaftServerImpl for group-421A57758FF1:[edfd90b7-d4f7-415e-a332-2179825f57d9|127.0.0.1:15053, a47358e8-0456-4981-be42-6c2243302bda|127.0.0.1:15062, 34c8489e-bd2b-45e5-8f71-480c904dd2ce|127.0.0.1:15071] with ContainerStateMachine:uninitialized
2025-03-10 14:59:28,849 [edfd90b7-d4f7-415e-a332-2179825f57d9-groupManagement] INFO  server.RaftServerConfigKeys (ConfUtils.java:logGet(46)) - raft.server.rpc.timeout.min = 5s (custom)
2025-03-10 14:59:28,849 [edfd90b7-d4f7-415e-a332-2179825f57d9-groupManagement] INFO  server.RaftServerConfigKeys (ConfUtils.java:logGet(46)) - raft.server.rpc.timeout.max = 5200ms (custom)
2025-03-10 14:59:28,849 [edfd90b7-d4f7-415e-a332-2179825f57d9-groupManagement] INFO  server.RaftServerConfigKeys (ConfUtils.java:logGet(46)) - raft.server.rpc.sleep.time = 25ms (default)
2025-03-10 14:59:28,849 [edfd90b7-d4f7-415e-a332-2179825f57d9-groupManagement] INFO  server.RaftServerConfigKeys (ConfUtils.java:logGet(46)) - raft.server.rpc.slowness.timeout = 300s (custom)
2025-03-10 14:59:28,849 [edfd90b7-d4f7-415e-a332-2179825f57d9-groupManagement] INFO  server.RaftServerConfigKeys (ConfUtils.java:logGet(46)) - raft.server.leaderelection.leader.step-down.wait-time = 10s (default)
2025-03-10 14:59:28,849 [edfd90b7-d4f7-415e-a332-2179825f57d9-groupManagement] INFO  server.RaftServerConfigKeys (ConfUtils.java:logGet(46)) - raft.server.leaderelection.member.majority-add = false (default)
2025-03-10 14:59:28,849 [edfd90b7-d4f7-415e-a332-2179825f57d9-groupManagement] INFO  server.RaftServerConfigKeys (ConfUtils.java:logGet(46)) - raft.server.sleep.deviation.threshold = 300ms (default)
2025-03-10 14:59:28,849 [edfd90b7-d4f7-415e-a332-2179825f57d9-groupManagement] INFO  server.RaftServer$Division (ServerState.java:<init>(114)) - edfd90b7-d4f7-415e-a332-2179825f57d9@group-421A57758FF1: ConfigurationManager, init=conf: {index: -1, cur=peers:[edfd90b7-d4f7-415e-a332-2179825f57d9|127.0.0.1:15053, a47358e8-0456-4981-be42-6c2243302bda|127.0.0.1:15062, 34c8489e-bd2b-45e5-8f71-480c904dd2ce|127.0.0.1:15071]|listeners:[], old=null}, confs=<EMPTY_MAP>
2025-03-10 14:59:28,849 [edfd90b7-d4f7-415e-a332-2179825f57d9-groupManagement] INFO  server.RaftServerConfigKeys (ConfUtils.java:logGet(46)) - raft.server.notification.no-leader.timeout = 300s (custom)
2025-03-10 14:59:28,849 [edfd90b7-d4f7-415e-a332-2179825f57d9-groupManagement] INFO  server.RaftServerConfigKeys (ConfUtils.java:logGet(46)) - raft.server.read.timeout = 10s (default)
2025-03-10 14:59:28,849 [edfd90b7-d4f7-415e-a332-2179825f57d9-groupManagement] INFO  server.RaftServerConfigKeys (ConfUtils.java:logGet(46)) - raft.server.retrycache.expirytime = 600000ms (custom)
2025-03-10 14:59:28,849 [edfd90b7-d4f7-415e-a332-2179825f57d9-groupManagement] INFO  server.RaftServerConfigKeys (ConfUtils.java:logGet(46)) - raft.server.retrycache.statistics.expirytime = 100ms (default)
2025-03-10 14:59:28,849 [edfd90b7-d4f7-415e-a332-2179825f57d9-groupManagement] INFO  server.RaftServerConfigKeys (ConfUtils.java:logGet(46)) - raft.server.read.option = DEFAULT (default)
2025-03-10 14:59:28,849 [edfd90b7-d4f7-415e-a332-2179825f57d9-groupManagement] INFO  server.RaftServerConfigKeys (ConfUtils.java:logGet(46)) - raft.server.read.read-after-write-consistent.write-index-cache.expiry-time = 60s (default)
2025-03-10 14:59:28,851 [edfd90b7-d4f7-415e-a332-2179825f57d9-groupManagement] INFO  server.RaftServerConfigKeys (ConfUtils.java:logGet(46)) - raft.server.rpc.request.timeout = 60s (custom)
2025-03-10 14:59:28,851 [edfd90b7-d4f7-415e-a332-2179825f57d9-groupManagement] INFO  server.RaftServerConfigKeys (ConfUtils.java:logGet(46)) - raft.server.log.appender.install.snapshot.enabled = false (custom)
2025-03-10 14:59:28,851 [edfd90b7-d4f7-415e-a332-2179825f57d9-groupManagement] INFO  server.RaftServerConfigKeys (ConfUtils.java:logGet(46)) - raft.server.threadpool.server.cached = true (default)
2025-03-10 14:59:28,851 [edfd90b7-d4f7-415e-a332-2179825f57d9-groupManagement] INFO  server.RaftServerConfigKeys (ConfUtils.java:logGet(46)) - raft.server.threadpool.server.size = 0 (default)
2025-03-10 14:59:28,851 [edfd90b7-d4f7-415e-a332-2179825f57d9-groupManagement] INFO  server.RaftServerConfigKeys (ConfUtils.java:logGet(46)) - raft.server.threadpool.client.cached = true (default)
2025-03-10 14:59:28,851 [edfd90b7-d4f7-415e-a332-2179825f57d9-groupManagement] INFO  server.RaftServerConfigKeys (ConfUtils.java:logGet(46)) - raft.server.threadpool.client.size = 0 (default)
2025-03-10 14:59:28,851 [edfd90b7-d4f7-415e-a332-2179825f57d9-groupManagement] INFO  server.RaftServerConfigKeys (ConfUtils.java:logGet(46)) - raft.server.storage.free-space.min = 0MB (=0) (default)
2025-03-10 14:59:28,851 [edfd90b7-d4f7-415e-a332-2179825f57d9-groupManagement] INFO  server.RaftServerConfigKeys (ConfUtils.java:logGet(46)) - raft.server.log.corruption.policy = EXCEPTION (default)
2025-03-10 14:59:28,851 [edfd90b7-d4f7-415e-a332-2179825f57d9-groupManagement] INFO  server.RaftServerConfigKeys (ConfUtils.java:logGet(46)) - raft.server.storage.dir = [/home/runner/work/ozone/ozone/hadoop-ozone/integration-test/target/test-dir/MiniOzoneClusterImpl-92936399-7d39-4e90-b2ee-bbad22e09632/ozone-meta/datanode-1/ratis] (custom)
2025-03-10 14:59:28,852 [edfd90b7-d4f7-415e-a332-2179825f57d9-groupManagement] INFO  storage.RaftStorageDirectory (RaftStorageDirectoryImpl.java:analyzeStorage(138)) - The storage directory /home/runner/work/ozone/ozone/hadoop-ozone/integration-test/target/test-dir/MiniOzoneClusterImpl-92936399-7d39-4e90-b2ee-bbad22e09632/ozone-meta/datanode-1/ratis/6a9d0283-e90e-49ea-b5a8-421a57758ff1 does not exist. Creating ...
2025-03-10 14:59:28,853 [edfd90b7-d4f7-415e-a332-2179825f57d9-groupManagement] INFO  storage.RaftStorageDirectory (RaftStorageDirectoryImpl.java:tryLock(229)) - Lock on /home/runner/work/ozone/ozone/hadoop-ozone/integration-test/target/test-dir/MiniOzoneClusterImpl-92936399-7d39-4e90-b2ee-bbad22e09632/ozone-meta/datanode-1/ratis/6a9d0283-e90e-49ea-b5a8-421a57758ff1/in_use.lock acquired by nodename 139316@fv-az1384-231
2025-03-10 14:59:28,854 [edfd90b7-d4f7-415e-a332-2179825f57d9-groupManagement] INFO  storage.RaftStorage (RaftStorageImpl.java:format(98)) - Storage directory /home/runner/work/ozone/ozone/hadoop-ozone/integration-test/target/test-dir/MiniOzoneClusterImpl-92936399-7d39-4e90-b2ee-bbad22e09632/ozone-meta/datanode-1/ratis/6a9d0283-e90e-49ea-b5a8-421a57758ff1 has been successfully formatted.
2025-03-10 14:59:28,854 [edfd90b7-d4f7-415e-a332-2179825f57d9-groupManagement] INFO  ratis.ContainerStateMachine (ContainerStateMachine.java:initialize(308)) - edfd90b7-d4f7-415e-a332-2179825f57d9: initialize group-421A57758FF1
2025-03-10 14:59:28,854 [edfd90b7-d4f7-415e-a332-2179825f57d9-groupManagement] INFO  ratis.ContainerStateMachine (ContainerStateMachine.java:loadSnapshot(316)) - group-421A57758FF1: The snapshot info is null. Setting the last applied index to:(t:0, i:~)
2025-03-10 14:59:28,854 [edfd90b7-d4f7-415e-a332-2179825f57d9-groupManagement] INFO  server.RaftServerConfigKeys (ConfUtils.java:logGet(46)) - raft.server.log.use.memory = false (default)
2025-03-10 14:59:28,854 [edfd90b7-d4f7-415e-a332-2179825f57d9-groupManagement] INFO  server.RaftServerConfigKeys (ConfUtils.java:logGet(46)) - raft.server.log.purge.gap = 1000000 (custom)
2025-03-10 14:59:28,854 [edfd90b7-d4f7-415e-a332-2179825f57d9-groupManagement] INFO  server.RaftServerConfigKeys (ConfUtils.java:logGet(46)) - raft.server.log.appender.buffer.byte-limit = 33554432 (custom)
2025-03-10 14:59:28,854 [edfd90b7-d4f7-415e-a332-2179825f57d9-groupManagement] INFO  server.RaftServerConfigKeys (ConfUtils.java:logGet(46)) - raft.server.log.statemachine.data.read.timeout = 1000ms (default)
2025-03-10 14:59:28,854 [edfd90b7-d4f7-415e-a332-2179825f57d9-groupManagement] INFO  server.RaftServerConfigKeys (ConfUtils.java:logGet(46)) - raft.server.log.purge.preservation.log.num = 0 (default)
2025-03-10 14:59:28,855 [edfd90b7-d4f7-415e-a332-2179825f57d9-groupManagement] INFO  server.RaftServerConfigKeys (ConfUtils.java:logGet(46)) - raft.server.log.segment.size.max = 67108864 (custom)
2025-03-10 14:59:28,856 [edfd90b7-d4f7-415e-a332-2179825f57d9-groupManagement] INFO  server.RaftServerConfigKeys (ConfUtils.java:logGet(46)) - raft.server.log.segment.cache.num.max = 2 (custom)
2025-03-10 14:59:28,856 [edfd90b7-d4f7-415e-a332-2179825f57d9-groupManagement] INFO  server.RaftServerConfigKeys (ConfUtils.java:logGet(46)) - raft.server.log.segment.cache.size.max = 200MB (=209715200) (default)
2025-03-10 14:59:28,856 [edfd90b7-d4f7-415e-a332-2179825f57d9-groupManagement] INFO  server.RaftServerConfigKeys (ConfUtils.java:logGet(46)) - raft.server.log.appender.buffer.byte-limit = 33554432 (custom)
2025-03-10 14:59:28,856 [EventQueue-OpenPipelineForHealthyPipelineSafeModeRule] INFO  safemode.SCMSafeModeManager (HealthyPipelineSafeModeRule.java:process(141)) - SCM in safe mode. Healthy pipelines reported count is 0, required healthy pipeline reported count is 1
2025-03-10 14:59:28,857 [edfd90b7-d4f7-415e-a332-2179825f57d9-groupManagement] INFO  util.AwaitToRun (AwaitToRun.java:start(81)) - Thread[#1890,edfd90b7-d4f7-415e-a332-2179825f57d9@group-421A57758FF1-cacheEviction-AwaitToRun,5,main] started
2025-03-10 14:59:28,857 [edfd90b7-d4f7-415e-a332-2179825f57d9-groupManagement] INFO  segmented.SegmentedRaftLogWorker (SegmentedRaftLogWorker.java:<init>(188)) - new edfd90b7-d4f7-415e-a332-2179825f57d9@group-421A57758FF1-SegmentedRaftLogWorker for RaftStorageImpl:Storage Directory /home/runner/work/ozone/ozone/hadoop-ozone/integration-test/target/test-dir/MiniOzoneClusterImpl-92936399-7d39-4e90-b2ee-bbad22e09632/ozone-meta/datanode-1/ratis/6a9d0283-e90e-49ea-b5a8-421a57758ff1
2025-03-10 14:59:28,857 [edfd90b7-d4f7-415e-a332-2179825f57d9-groupManagement] INFO  server.RaftServerConfigKeys (ConfUtils.java:logGet(46)) - raft.server.log.queue.byte-limit = 4294967296 (custom)
2025-03-10 14:59:28,857 [edfd90b7-d4f7-415e-a332-2179825f57d9-groupManagement] INFO  server.RaftServerConfigKeys (ConfUtils.java:logGet(46)) - raft.server.log.queue.element-limit = 1024 (custom)
2025-03-10 14:59:28,857 [edfd90b7-d4f7-415e-a332-2179825f57d9-groupManagement] INFO  server.RaftServerConfigKeys (ConfUtils.java:logGet(46)) - raft.server.log.segment.size.max = 67108864 (custom)
2025-03-10 14:59:28,857 [edfd90b7-d4f7-415e-a332-2179825f57d9-groupManagement] INFO  server.RaftServerConfigKeys (ConfUtils.java:logGet(46)) - raft.server.log.preallocated.size = 4194304 (custom)
2025-03-10 14:59:28,857 [edfd90b7-d4f7-415e-a332-2179825f57d9-groupManagement] INFO  server.RaftServerConfigKeys (ConfUtils.java:logGet(46)) - raft.server.log.force.sync.num = 128 (default)
2025-03-10 14:59:28,857 [edfd90b7-d4f7-415e-a332-2179825f57d9-groupManagement] INFO  server.RaftServerConfigKeys (ConfUtils.java:logGet(46)) - raft.server.log.statemachine.data.sync = true (default)
2025-03-10 14:59:28,857 [edfd90b7-d4f7-415e-a332-2179825f57d9-groupManagement] INFO  server.RaftServerConfigKeys (ConfUtils.java:logGet(46)) - raft.server.log.statemachine.data.sync.timeout = 10s (default)
2025-03-10 14:59:28,857 [edfd90b7-d4f7-415e-a332-2179825f57d9-groupManagement] INFO  server.RaftServerConfigKeys (ConfUtils.java:logGet(46)) - raft.server.log.statemachine.data.sync.timeout.retry = 30 (custom)
2025-03-10 14:59:28,858 [edfd90b7-d4f7-415e-a332-2179825f57d9-groupManagement] INFO  server.RaftServerConfigKeys (ConfUtils.java:logGet(46)) - raft.server.log.write.buffer.size = 33554440 (custom)
2025-03-10 14:59:28,861 [edfd90b7-d4f7-415e-a332-2179825f57d9-groupManagement] INFO  server.RaftServerConfigKeys (ConfUtils.java:logGet(46)) - raft.server.log.appender.buffer.byte-limit = 33554432 (custom)
2025-03-10 14:59:28,861 [edfd90b7-d4f7-415e-a332-2179825f57d9-groupManagement] INFO  server.RaftServerConfigKeys (ConfUtils.java:logGet(46)) - raft.server.log.unsafe-flush.enabled = false (default)
2025-03-10 14:59:28,861 [edfd90b7-d4f7-415e-a332-2179825f57d9-groupManagement] INFO  server.RaftServerConfigKeys (ConfUtils.java:logGet(46)) - raft.server.log.async-flush.enabled = false (default)
2025-03-10 14:59:28,862 [edfd90b7-d4f7-415e-a332-2179825f57d9-groupManagement] INFO  server.RaftServerConfigKeys (ConfUtils.java:logGet(46)) - raft.server.log.statemachine.data.caching.enabled = true (custom)
2025-03-10 14:59:28,862 [edfd90b7-d4f7-415e-a332-2179825f57d9-groupManagement] INFO  segmented.SegmentedRaftLogWorker (SegmentedRaftLogWorker.java:lambda$new$0(139)) - edfd90b7-d4f7-415e-a332-2179825f57d9@group-421A57758FF1-SegmentedRaftLogWorker: flushIndex: setUnconditionally 0 -> -1
2025-03-10 14:59:28,862 [edfd90b7-d4f7-415e-a332-2179825f57d9-groupManagement] INFO  segmented.SegmentedRaftLogWorker (SegmentedRaftLogWorker.java:lambda$new$0(139)) - edfd90b7-d4f7-415e-a332-2179825f57d9@group-421A57758FF1-SegmentedRaftLogWorker: safeCacheEvictIndex: setUnconditionally 0 -> -1
2025-03-10 14:59:28,862 [edfd90b7-d4f7-415e-a332-2179825f57d9-groupManagement] INFO  server.RaftServer$Division (RaftServerImpl.java:start(391)) - edfd90b7-d4f7-415e-a332-2179825f57d9@group-421A57758FF1: start as a follower, conf=conf: {index: -1, cur=peers:[edfd90b7-d4f7-415e-a332-2179825f57d9|127.0.0.1:15053, a47358e8-0456-4981-be42-6c2243302bda|127.0.0.1:15062, 34c8489e-bd2b-45e5-8f71-480c904dd2ce|127.0.0.1:15071]|listeners:[], old=null}
2025-03-10 14:59:28,862 [edfd90b7-d4f7-415e-a332-2179825f57d9-groupManagement] INFO  server.RaftServer$Division (RaftServerImpl.java:setRole(378)) - edfd90b7-d4f7-415e-a332-2179825f57d9@group-421A57758FF1: changes role from      null to FOLLOWER at term 0 for startAsFollower
2025-03-10 14:59:28,862 [edfd90b7-d4f7-415e-a332-2179825f57d9-groupManagement] INFO  impl.RoleInfo (RoleInfo.java:updateAndGet(148)) - edfd90b7-d4f7-415e-a332-2179825f57d9: start edfd90b7-d4f7-415e-a332-2179825f57d9@group-421A57758FF1-FollowerState
2025-03-10 14:59:28,863 [edfd90b7-d4f7-415e-a332-2179825f57d9-groupManagement] INFO  util.JmxRegister (JmxRegister.java:tryRegister(44)) - Successfully registered JMX Bean with object name Ratis:service=RaftServer,group=group-421A57758FF1,id=edfd90b7-d4f7-415e-a332-2179825f57d9
2025-03-10 14:59:28,863 [edfd90b7-d4f7-415e-a332-2179825f57d9-groupManagement] INFO  util.JmxRegister (JmxRegister.java:register(58)) - register mxBean class org.apache.ratis.server.impl.RaftServerJmxAdapter as Ratis:service=RaftServer,group=group-421A57758FF1,id=edfd90b7-d4f7-415e-a332-2179825f57d9
2025-03-10 14:59:28,863 [edfd90b7-d4f7-415e-a332-2179825f57d9-groupManagement] INFO  server.RaftServerConfigKeys (ConfUtils.java:logGet(46)) - raft.server.snapshot.trigger-when-stop.enabled = true (default)
2025-03-10 14:59:28,863 [edfd90b7-d4f7-415e-a332-2179825f57d9-groupManagement] INFO  server.RaftServerConfigKeys (ConfUtils.java:logGet(46)) - raft.server.snapshot.trigger-when-remove.enabled = true (default)
2025-03-10 14:59:28,863 [edfd90b7-d4f7-415e-a332-2179825f57d9-groupManagement] INFO  server.RaftServerConfigKeys (ConfUtils.java:logGet(46)) - raft.server.snapshot.auto.trigger.enabled = true (custom)
2025-03-10 14:59:28,863 [edfd90b7-d4f7-415e-a332-2179825f57d9-groupManagement] INFO  server.RaftServerConfigKeys (ConfUtils.java:logGet(46)) - raft.server.snapshot.auto.trigger.threshold = 100000 (custom)
2025-03-10 14:59:28,863 [edfd90b7-d4f7-415e-a332-2179825f57d9-groupManagement] INFO  server.RaftServerConfigKeys (ConfUtils.java:logGet(46)) - raft.server.snapshot.retention.file.num = 5 (custom)
2025-03-10 14:59:28,863 [edfd90b7-d4f7-415e-a332-2179825f57d9-groupManagement] INFO  server.RaftServerConfigKeys (ConfUtils.java:logGet(46)) - raft.server.log.purge.upto.snapshot.index = false (default)
2025-03-10 14:59:28,863 [edfd90b7-d4f7-415e-a332-2179825f57d9@group-421A57758FF1-FollowerState] INFO  server.RaftServerConfigKeys (ConfUtils.java:logFallback(53)) - raft.server.rpc.first-election.timeout.min = 5s (fallback to raft.server.rpc.timeout.min)
2025-03-10 14:59:28,864 [edfd90b7-d4f7-415e-a332-2179825f57d9@group-421A57758FF1-FollowerState] INFO  server.RaftServerConfigKeys (ConfUtils.java:logFallback(53)) - raft.server.rpc.first-election.timeout.max = 5200ms (fallback to raft.server.rpc.timeout.max)
2025-03-10 14:59:28,863 [edfd90b7-d4f7-415e-a332-2179825f57d9-groupManagement] INFO  server.RaftServer$Division (RaftServerImpl.java:start(405)) - edfd90b7-d4f7-415e-a332-2179825f57d9@group-421A57758FF1: Successfully started.
2025-03-10 14:59:28,864 [edfd90b7-d4f7-415e-a332-2179825f57d9-PipelineCommandHandlerThread-0] INFO  ratis.XceiverServerRatis (XceiverServerRatis.java:addGroup(841)) - Created group PipelineID=6a9d0283-e90e-49ea-b5a8-421a57758ff1
2025-03-10 14:59:28,870 [grpc-default-executor-1] INFO  server.RaftServer (RaftServerProxy.java:addNew(100)) - 34c8489e-bd2b-45e5-8f71-480c904dd2ce: addNew group-421A57758FF1:[edfd90b7-d4f7-415e-a332-2179825f57d9|127.0.0.1:15053, a47358e8-0456-4981-be42-6c2243302bda|127.0.0.1:15062, 34c8489e-bd2b-45e5-8f71-480c904dd2ce|127.0.0.1:15071] returns group-421A57758FF1:java.util.concurrent.CompletableFuture@43d2088b[Not completed]
2025-03-10 14:59:28,871 [34c8489e-bd2b-45e5-8f71-480c904dd2ce-groupManagement] INFO  server.RaftServer$Division (RaftServerImpl.java:<init>(255)) - 34c8489e-bd2b-45e5-8f71-480c904dd2ce: new RaftServerImpl for group-421A57758FF1:[edfd90b7-d4f7-415e-a332-2179825f57d9|127.0.0.1:15053, a47358e8-0456-4981-be42-6c2243302bda|127.0.0.1:15062, 34c8489e-bd2b-45e5-8f71-480c904dd2ce|127.0.0.1:15071] with ContainerStateMachine:uninitialized
2025-03-10 14:59:28,871 [34c8489e-bd2b-45e5-8f71-480c904dd2ce-groupManagement] INFO  server.RaftServerConfigKeys (ConfUtils.java:logGet(46)) - raft.server.rpc.timeout.min = 5s (custom)
2025-03-10 14:59:28,871 [34c8489e-bd2b-45e5-8f71-480c904dd2ce-groupManagement] INFO  server.RaftServerConfigKeys (ConfUtils.java:logGet(46)) - raft.server.rpc.timeout.max = 5200ms (custom)
2025-03-10 14:59:28,871 [34c8489e-bd2b-45e5-8f71-480c904dd2ce-groupManagement] INFO  server.RaftServerConfigKeys (ConfUtils.java:logGet(46)) - raft.server.rpc.sleep.time = 25ms (default)
2025-03-10 14:59:28,871 [34c8489e-bd2b-45e5-8f71-480c904dd2ce-groupManagement] INFO  server.RaftServerConfigKeys (ConfUtils.java:logGet(46)) - raft.server.rpc.slowness.timeout = 300s (custom)
2025-03-10 14:59:28,871 [34c8489e-bd2b-45e5-8f71-480c904dd2ce-groupManagement] INFO  server.RaftServerConfigKeys (ConfUtils.java:logGet(46)) - raft.server.leaderelection.leader.step-down.wait-time = 10s (default)
2025-03-10 14:59:28,871 [34c8489e-bd2b-45e5-8f71-480c904dd2ce-groupManagement] INFO  server.RaftServerConfigKeys (ConfUtils.java:logGet(46)) - raft.server.leaderelection.member.majority-add = false (default)
2025-03-10 14:59:28,871 [34c8489e-bd2b-45e5-8f71-480c904dd2ce-groupManagement] INFO  server.RaftServerConfigKeys (ConfUtils.java:logGet(46)) - raft.server.sleep.deviation.threshold = 300ms (default)
2025-03-10 14:59:28,871 [34c8489e-bd2b-45e5-8f71-480c904dd2ce-groupManagement] INFO  server.RaftServer$Division (ServerState.java:<init>(114)) - 34c8489e-bd2b-45e5-8f71-480c904dd2ce@group-421A57758FF1: ConfigurationManager, init=conf: {index: -1, cur=peers:[edfd90b7-d4f7-415e-a332-2179825f57d9|127.0.0.1:15053, a47358e8-0456-4981-be42-6c2243302bda|127.0.0.1:15062, 34c8489e-bd2b-45e5-8f71-480c904dd2ce|127.0.0.1:15071]|listeners:[], old=null}, confs=<EMPTY_MAP>
2025-03-10 14:59:28,871 [34c8489e-bd2b-45e5-8f71-480c904dd2ce-groupManagement] INFO  server.RaftServerConfigKeys (ConfUtils.java:logGet(46)) - raft.server.notification.no-leader.timeout = 300s (custom)
2025-03-10 14:59:28,871 [34c8489e-bd2b-45e5-8f71-480c904dd2ce-groupManagement] INFO  server.RaftServerConfigKeys (ConfUtils.java:logGet(46)) - raft.server.read.timeout = 10s (default)
2025-03-10 14:59:28,871 [34c8489e-bd2b-45e5-8f71-480c904dd2ce-groupManagement] INFO  server.RaftServerConfigKeys (ConfUtils.java:logGet(46)) - raft.server.retrycache.expirytime = 600000ms (custom)
2025-03-10 14:59:28,871 [34c8489e-bd2b-45e5-8f71-480c904dd2ce-groupManagement] INFO  server.RaftServerConfigKeys (ConfUtils.java:logGet(46)) - raft.server.retrycache.statistics.expirytime = 100ms (default)
2025-03-10 14:59:28,872 [34c8489e-bd2b-45e5-8f71-480c904dd2ce-groupManagement] INFO  server.RaftServerConfigKeys (ConfUtils.java:logGet(46)) - raft.server.read.option = DEFAULT (default)
2025-03-10 14:59:28,872 [34c8489e-bd2b-45e5-8f71-480c904dd2ce-groupManagement] INFO  server.RaftServerConfigKeys (ConfUtils.java:logGet(46)) - raft.server.read.read-after-write-consistent.write-index-cache.expiry-time = 60s (default)
2025-03-10 14:59:28,873 [34c8489e-bd2b-45e5-8f71-480c904dd2ce-groupManagement] INFO  server.RaftServerConfigKeys (ConfUtils.java:logGet(46)) - raft.server.rpc.request.timeout = 60s (custom)
2025-03-10 14:59:28,873 [34c8489e-bd2b-45e5-8f71-480c904dd2ce-groupManagement] INFO  server.RaftServerConfigKeys (ConfUtils.java:logGet(46)) - raft.server.log.appender.install.snapshot.enabled = false (custom)
2025-03-10 14:59:28,873 [34c8489e-bd2b-45e5-8f71-480c904dd2ce-groupManagement] INFO  server.RaftServerConfigKeys (ConfUtils.java:logGet(46)) - raft.server.threadpool.server.cached = true (default)
2025-03-10 14:59:28,873 [34c8489e-bd2b-45e5-8f71-480c904dd2ce-groupManagement] INFO  server.RaftServerConfigKeys (ConfUtils.java:logGet(46)) - raft.server.threadpool.server.size = 0 (default)
2025-03-10 14:59:28,873 [34c8489e-bd2b-45e5-8f71-480c904dd2ce-groupManagement] INFO  server.RaftServerConfigKeys (ConfUtils.java:logGet(46)) - raft.server.threadpool.client.cached = true (default)
2025-03-10 14:59:28,873 [34c8489e-bd2b-45e5-8f71-480c904dd2ce-groupManagement] INFO  server.RaftServerConfigKeys (ConfUtils.java:logGet(46)) - raft.server.threadpool.client.size = 0 (default)
2025-03-10 14:59:28,873 [34c8489e-bd2b-45e5-8f71-480c904dd2ce-groupManagement] INFO  server.RaftServerConfigKeys (ConfUtils.java:logGet(46)) - raft.server.storage.free-space.min = 0MB (=0) (default)
2025-03-10 14:59:28,873 [34c8489e-bd2b-45e5-8f71-480c904dd2ce-groupManagement] INFO  server.RaftServerConfigKeys (ConfUtils.java:logGet(46)) - raft.server.log.corruption.policy = EXCEPTION (default)
2025-03-10 14:59:28,873 [34c8489e-bd2b-45e5-8f71-480c904dd2ce-groupManagement] INFO  server.RaftServerConfigKeys (ConfUtils.java:logGet(46)) - raft.server.storage.dir = [/home/runner/work/ozone/ozone/hadoop-ozone/integration-test/target/test-dir/MiniOzoneClusterImpl-92936399-7d39-4e90-b2ee-bbad22e09632/ozone-meta/datanode-3/ratis] (custom)
2025-03-10 14:59:28,873 [34c8489e-bd2b-45e5-8f71-480c904dd2ce-groupManagement] INFO  storage.RaftStorageDirectory (RaftStorageDirectoryImpl.java:analyzeStorage(138)) - The storage directory /home/runner/work/ozone/ozone/hadoop-ozone/integration-test/target/test-dir/MiniOzoneClusterImpl-92936399-7d39-4e90-b2ee-bbad22e09632/ozone-meta/datanode-3/ratis/6a9d0283-e90e-49ea-b5a8-421a57758ff1 does not exist. Creating ...
2025-03-10 14:59:28,874 [34c8489e-bd2b-45e5-8f71-480c904dd2ce-groupManagement] INFO  storage.RaftStorageDirectory (RaftStorageDirectoryImpl.java:tryLock(229)) - Lock on /home/runner/work/ozone/ozone/hadoop-ozone/integration-test/target/test-dir/MiniOzoneClusterImpl-92936399-7d39-4e90-b2ee-bbad22e09632/ozone-meta/datanode-3/ratis/6a9d0283-e90e-49ea-b5a8-421a57758ff1/in_use.lock acquired by nodename 139316@fv-az1384-231
2025-03-10 14:59:28,876 [34c8489e-bd2b-45e5-8f71-480c904dd2ce-groupManagement] INFO  storage.RaftStorage (RaftStorageImpl.java:format(98)) - Storage directory /home/runner/work/ozone/ozone/hadoop-ozone/integration-test/target/test-dir/MiniOzoneClusterImpl-92936399-7d39-4e90-b2ee-bbad22e09632/ozone-meta/datanode-3/ratis/6a9d0283-e90e-49ea-b5a8-421a57758ff1 has been successfully formatted.
2025-03-10 14:59:28,876 [34c8489e-bd2b-45e5-8f71-480c904dd2ce-groupManagement] INFO  ratis.ContainerStateMachine (ContainerStateMachine.java:initialize(308)) - 34c8489e-bd2b-45e5-8f71-480c904dd2ce: initialize group-421A57758FF1
2025-03-10 14:59:28,876 [34c8489e-bd2b-45e5-8f71-480c904dd2ce-groupManagement] INFO  ratis.ContainerStateMachine (ContainerStateMachine.java:loadSnapshot(316)) - group-421A57758FF1: The snapshot info is null. Setting the last applied index to:(t:0, i:~)
2025-03-10 14:59:28,876 [34c8489e-bd2b-45e5-8f71-480c904dd2ce-groupManagement] INFO  server.RaftServerConfigKeys (ConfUtils.java:logGet(46)) - raft.server.log.use.memory = false (default)
2025-03-10 14:59:28,876 [34c8489e-bd2b-45e5-8f71-480c904dd2ce-groupManagement] INFO  server.RaftServerConfigKeys (ConfUtils.java:logGet(46)) - raft.server.log.purge.gap = 1000000 (custom)
2025-03-10 14:59:28,876 [34c8489e-bd2b-45e5-8f71-480c904dd2ce-groupManagement] INFO  server.RaftServerConfigKeys (ConfUtils.java:logGet(46)) - raft.server.log.appender.buffer.byte-limit = 33554432 (custom)
2025-03-10 14:59:28,876 [34c8489e-bd2b-45e5-8f71-480c904dd2ce-groupManagement] INFO  server.RaftServerConfigKeys (ConfUtils.java:logGet(46)) - raft.server.log.statemachine.data.read.timeout = 1000ms (default)
2025-03-10 14:59:28,876 [34c8489e-bd2b-45e5-8f71-480c904dd2ce-groupManagement] INFO  server.RaftServerConfigKeys (ConfUtils.java:logGet(46)) - raft.server.log.purge.preservation.log.num = 0 (default)
2025-03-10 14:59:28,877 [34c8489e-bd2b-45e5-8f71-480c904dd2ce-groupManagement] INFO  server.RaftServerConfigKeys (ConfUtils.java:logGet(46)) - raft.server.log.segment.size.max = 67108864 (custom)
2025-03-10 14:59:28,877 [34c8489e-bd2b-45e5-8f71-480c904dd2ce-groupManagement] INFO  server.RaftServerConfigKeys (ConfUtils.java:logGet(46)) - raft.server.log.segment.cache.num.max = 2 (custom)
2025-03-10 14:59:28,877 [34c8489e-bd2b-45e5-8f71-480c904dd2ce-groupManagement] INFO  server.RaftServerConfigKeys (ConfUtils.java:logGet(46)) - raft.server.log.segment.cache.size.max = 200MB (=209715200) (default)
2025-03-10 14:59:28,878 [34c8489e-bd2b-45e5-8f71-480c904dd2ce-groupManagement] INFO  server.RaftServerConfigKeys (ConfUtils.java:logGet(46)) - raft.server.log.appender.buffer.byte-limit = 33554432 (custom)
2025-03-10 14:59:28,878 [34c8489e-bd2b-45e5-8f71-480c904dd2ce-groupManagement] INFO  util.AwaitToRun (AwaitToRun.java:start(81)) - Thread[#1894,34c8489e-bd2b-45e5-8f71-480c904dd2ce@group-421A57758FF1-cacheEviction-AwaitToRun,5,main] started
2025-03-10 14:59:28,878 [34c8489e-bd2b-45e5-8f71-480c904dd2ce-groupManagement] INFO  segmented.SegmentedRaftLogWorker (SegmentedRaftLogWorker.java:<init>(188)) - new 34c8489e-bd2b-45e5-8f71-480c904dd2ce@group-421A57758FF1-SegmentedRaftLogWorker for RaftStorageImpl:Storage Directory /home/runner/work/ozone/ozone/hadoop-ozone/integration-test/target/test-dir/MiniOzoneClusterImpl-92936399-7d39-4e90-b2ee-bbad22e09632/ozone-meta/datanode-3/ratis/6a9d0283-e90e-49ea-b5a8-421a57758ff1
2025-03-10 14:59:28,878 [34c8489e-bd2b-45e5-8f71-480c904dd2ce-groupManagement] INFO  server.RaftServerConfigKeys (ConfUtils.java:logGet(46)) - raft.server.log.queue.byte-limit = 4294967296 (custom)
2025-03-10 14:59:28,878 [34c8489e-bd2b-45e5-8f71-480c904dd2ce-groupManagement] INFO  server.RaftServerConfigKeys (ConfUtils.java:logGet(46)) - raft.server.log.queue.element-limit = 1024 (custom)
2025-03-10 14:59:28,878 [34c8489e-bd2b-45e5-8f71-480c904dd2ce-groupManagement] INFO  server.RaftServerConfigKeys (ConfUtils.java:logGet(46)) - raft.server.log.segment.size.max = 67108864 (custom)
2025-03-10 14:59:28,878 [34c8489e-bd2b-45e5-8f71-480c904dd2ce-groupManagement] INFO  server.RaftServerConfigKeys (ConfUtils.java:logGet(46)) - raft.server.log.preallocated.size = 4194304 (custom)
2025-03-10 14:59:28,878 [34c8489e-bd2b-45e5-8f71-480c904dd2ce-groupManagement] INFO  server.RaftServerConfigKeys (ConfUtils.java:logGet(46)) - raft.server.log.force.sync.num = 128 (default)
2025-03-10 14:59:28,878 [34c8489e-bd2b-45e5-8f71-480c904dd2ce-groupManagement] INFO  server.RaftServerConfigKeys (ConfUtils.java:logGet(46)) - raft.server.log.statemachine.data.sync = true (default)
2025-03-10 14:59:28,878 [34c8489e-bd2b-45e5-8f71-480c904dd2ce-groupManagement] INFO  server.RaftServerConfigKeys (ConfUtils.java:logGet(46)) - raft.server.log.statemachine.data.sync.timeout = 10s (default)
2025-03-10 14:59:28,878 [34c8489e-bd2b-45e5-8f71-480c904dd2ce-groupManagement] INFO  server.RaftServerConfigKeys (ConfUtils.java:logGet(46)) - raft.server.log.statemachine.data.sync.timeout.retry = 30 (custom)
2025-03-10 14:59:28,878 [34c8489e-bd2b-45e5-8f71-480c904dd2ce-groupManagement] INFO  server.RaftServerConfigKeys (ConfUtils.java:logGet(46)) - raft.server.log.write.buffer.size = 33554440 (custom)
2025-03-10 14:59:28,882 [34c8489e-bd2b-45e5-8f71-480c904dd2ce-groupManagement] INFO  server.RaftServerConfigKeys (ConfUtils.java:logGet(46)) - raft.server.log.appender.buffer.byte-limit = 33554432 (custom)
2025-03-10 14:59:28,883 [34c8489e-bd2b-45e5-8f71-480c904dd2ce-groupManagement] INFO  server.RaftServerConfigKeys (ConfUtils.java:logGet(46)) - raft.server.log.unsafe-flush.enabled = false (default)
2025-03-10 14:59:28,883 [34c8489e-bd2b-45e5-8f71-480c904dd2ce-groupManagement] INFO  server.RaftServerConfigKeys (ConfUtils.java:logGet(46)) - raft.server.log.async-flush.enabled = false (default)
2025-03-10 14:59:28,883 [34c8489e-bd2b-45e5-8f71-480c904dd2ce-groupManagement] INFO  server.RaftServerConfigKeys (ConfUtils.java:logGet(46)) - raft.server.log.statemachine.data.caching.enabled = true (custom)
2025-03-10 14:59:28,883 [34c8489e-bd2b-45e5-8f71-480c904dd2ce-groupManagement] INFO  segmented.SegmentedRaftLogWorker (SegmentedRaftLogWorker.java:lambda$new$0(139)) - 34c8489e-bd2b-45e5-8f71-480c904dd2ce@group-421A57758FF1-SegmentedRaftLogWorker: flushIndex: setUnconditionally 0 -> -1
2025-03-10 14:59:28,883 [34c8489e-bd2b-45e5-8f71-480c904dd2ce-groupManagement] INFO  segmented.SegmentedRaftLogWorker (SegmentedRaftLogWorker.java:lambda$new$0(139)) - 34c8489e-bd2b-45e5-8f71-480c904dd2ce@group-421A57758FF1-SegmentedRaftLogWorker: safeCacheEvictIndex: setUnconditionally 0 -> -1
2025-03-10 14:59:28,883 [34c8489e-bd2b-45e5-8f71-480c904dd2ce-groupManagement] INFO  server.RaftServer$Division (RaftServerImpl.java:start(391)) - 34c8489e-bd2b-45e5-8f71-480c904dd2ce@group-421A57758FF1: start as a follower, conf=conf: {index: -1, cur=peers:[edfd90b7-d4f7-415e-a332-2179825f57d9|127.0.0.1:15053, a47358e8-0456-4981-be42-6c2243302bda|127.0.0.1:15062, 34c8489e-bd2b-45e5-8f71-480c904dd2ce|127.0.0.1:15071]|listeners:[], old=null}
2025-03-10 14:59:28,883 [34c8489e-bd2b-45e5-8f71-480c904dd2ce-groupManagement] INFO  server.RaftServer$Division (RaftServerImpl.java:setRole(378)) - 34c8489e-bd2b-45e5-8f71-480c904dd2ce@group-421A57758FF1: changes role from      null to FOLLOWER at term 0 for startAsFollower
2025-03-10 14:59:28,883 [34c8489e-bd2b-45e5-8f71-480c904dd2ce-groupManagement] INFO  impl.RoleInfo (RoleInfo.java:updateAndGet(148)) - 34c8489e-bd2b-45e5-8f71-480c904dd2ce: start 34c8489e-bd2b-45e5-8f71-480c904dd2ce@group-421A57758FF1-FollowerState
2025-03-10 14:59:28,883 [34c8489e-bd2b-45e5-8f71-480c904dd2ce@group-421A57758FF1-FollowerState] INFO  server.RaftServerConfigKeys (ConfUtils.java:logFallback(53)) - raft.server.rpc.first-election.timeout.min = 5s (fallback to raft.server.rpc.timeout.min)
2025-03-10 14:59:28,884 [34c8489e-bd2b-45e5-8f71-480c904dd2ce@group-421A57758FF1-FollowerState] INFO  server.RaftServerConfigKeys (ConfUtils.java:logFallback(53)) - raft.server.rpc.first-election.timeout.max = 5200ms (fallback to raft.server.rpc.timeout.max)
2025-03-10 14:59:28,884 [34c8489e-bd2b-45e5-8f71-480c904dd2ce-groupManagement] INFO  util.JmxRegister (JmxRegister.java:tryRegister(44)) - Successfully registered JMX Bean with object name Ratis:service=RaftServer,group=group-421A57758FF1,id=34c8489e-bd2b-45e5-8f71-480c904dd2ce
2025-03-10 14:59:28,884 [34c8489e-bd2b-45e5-8f71-480c904dd2ce-groupManagement] INFO  util.JmxRegister (JmxRegister.java:register(58)) - register mxBean class org.apache.ratis.server.impl.RaftServerJmxAdapter as Ratis:service=RaftServer,group=group-421A57758FF1,id=34c8489e-bd2b-45e5-8f71-480c904dd2ce
2025-03-10 14:59:28,884 [34c8489e-bd2b-45e5-8f71-480c904dd2ce-groupManagement] INFO  server.RaftServerConfigKeys (ConfUtils.java:logGet(46)) - raft.server.snapshot.trigger-when-stop.enabled = true (default)
2025-03-10 14:59:28,884 [34c8489e-bd2b-45e5-8f71-480c904dd2ce-groupManagement] INFO  server.RaftServerConfigKeys (ConfUtils.java:logGet(46)) - raft.server.snapshot.trigger-when-remove.enabled = true (default)
2025-03-10 14:59:28,884 [34c8489e-bd2b-45e5-8f71-480c904dd2ce-groupManagement] INFO  server.RaftServerConfigKeys (ConfUtils.java:logGet(46)) - raft.server.snapshot.auto.trigger.enabled = true (custom)
2025-03-10 14:59:28,884 [34c8489e-bd2b-45e5-8f71-480c904dd2ce-groupManagement] INFO  server.RaftServerConfigKeys (ConfUtils.java:logGet(46)) - raft.server.snapshot.auto.trigger.threshold = 100000 (custom)
2025-03-10 14:59:28,884 [34c8489e-bd2b-45e5-8f71-480c904dd2ce-groupManagement] INFO  server.RaftServerConfigKeys (ConfUtils.java:logGet(46)) - raft.server.snapshot.retention.file.num = 5 (custom)
2025-03-10 14:59:28,884 [34c8489e-bd2b-45e5-8f71-480c904dd2ce-groupManagement] INFO  server.RaftServerConfigKeys (ConfUtils.java:logGet(46)) - raft.server.log.purge.upto.snapshot.index = false (default)
2025-03-10 14:59:28,885 [34c8489e-bd2b-45e5-8f71-480c904dd2ce-groupManagement] INFO  server.RaftServer$Division (RaftServerImpl.java:start(405)) - 34c8489e-bd2b-45e5-8f71-480c904dd2ce@group-421A57758FF1: Successfully started.
2025-03-10 14:59:28,894 [grpc-default-executor-1] INFO  server.RaftServer (RaftServerProxy.java:addNew(100)) - a47358e8-0456-4981-be42-6c2243302bda: addNew group-421A57758FF1:[edfd90b7-d4f7-415e-a332-2179825f57d9|127.0.0.1:15053, a47358e8-0456-4981-be42-6c2243302bda|127.0.0.1:15062, 34c8489e-bd2b-45e5-8f71-480c904dd2ce|127.0.0.1:15071] returns group-421A57758FF1:java.util.concurrent.CompletableFuture@78f5dec4[Not completed]
2025-03-10 14:59:28,895 [a47358e8-0456-4981-be42-6c2243302bda-groupManagement] INFO  server.RaftServer$Division (RaftServerImpl.java:<init>(255)) - a47358e8-0456-4981-be42-6c2243302bda: new RaftServerImpl for group-421A57758FF1:[edfd90b7-d4f7-415e-a332-2179825f57d9|127.0.0.1:15053, a47358e8-0456-4981-be42-6c2243302bda|127.0.0.1:15062, 34c8489e-bd2b-45e5-8f71-480c904dd2ce|127.0.0.1:15071] with ContainerStateMachine:uninitialized
2025-03-10 14:59:28,895 [a47358e8-0456-4981-be42-6c2243302bda-groupManagement] INFO  server.RaftServerConfigKeys (ConfUtils.java:logGet(46)) - raft.server.rpc.timeout.min = 5s (custom)
2025-03-10 14:59:28,895 [a47358e8-0456-4981-be42-6c2243302bda-groupManagement] INFO  server.RaftServerConfigKeys (ConfUtils.java:logGet(46)) - raft.server.rpc.timeout.max = 5200ms (custom)
2025-03-10 14:59:28,895 [a47358e8-0456-4981-be42-6c2243302bda-groupManagement] INFO  server.RaftServerConfigKeys (ConfUtils.java:logGet(46)) - raft.server.rpc.sleep.time = 25ms (default)
2025-03-10 14:59:28,895 [a47358e8-0456-4981-be42-6c2243302bda-groupManagement] INFO  server.RaftServerConfigKeys (ConfUtils.java:logGet(46)) - raft.server.rpc.slowness.timeout = 300s (custom)
2025-03-10 14:59:28,895 [a47358e8-0456-4981-be42-6c2243302bda-groupManagement] INFO  server.RaftServerConfigKeys (ConfUtils.java:logGet(46)) - raft.server.leaderelection.leader.step-down.wait-time = 10s (default)
2025-03-10 14:59:28,895 [a47358e8-0456-4981-be42-6c2243302bda-groupManagement] INFO  server.RaftServerConfigKeys (ConfUtils.java:logGet(46)) - raft.server.leaderelection.member.majority-add = false (default)
2025-03-10 14:59:28,895 [a47358e8-0456-4981-be42-6c2243302bda-groupManagement] INFO  server.RaftServerConfigKeys (ConfUtils.java:logGet(46)) - raft.server.sleep.deviation.threshold = 300ms (default)
2025-03-10 14:59:28,895 [a47358e8-0456-4981-be42-6c2243302bda-groupManagement] INFO  server.RaftServer$Division (ServerState.java:<init>(114)) - a47358e8-0456-4981-be42-6c2243302bda@group-421A57758FF1: ConfigurationManager, init=conf: {index: -1, cur=peers:[edfd90b7-d4f7-415e-a332-2179825f57d9|127.0.0.1:15053, a47358e8-0456-4981-be42-6c2243302bda|127.0.0.1:15062, 34c8489e-bd2b-45e5-8f71-480c904dd2ce|127.0.0.1:15071]|listeners:[], old=null}, confs=<EMPTY_MAP>
2025-03-10 14:59:28,895 [a47358e8-0456-4981-be42-6c2243302bda-groupManagement] INFO  server.RaftServerConfigKeys (ConfUtils.java:logGet(46)) - raft.server.notification.no-leader.timeout = 300s (custom)
2025-03-10 14:59:28,896 [a47358e8-0456-4981-be42-6c2243302bda-groupManagement] INFO  server.RaftServerConfigKeys (ConfUtils.java:logGet(46)) - raft.server.read.timeout = 10s (default)
2025-03-10 14:59:28,896 [a47358e8-0456-4981-be42-6c2243302bda-groupManagement] INFO  server.RaftServerConfigKeys (ConfUtils.java:logGet(46)) - raft.server.retrycache.expirytime = 600000ms (custom)
2025-03-10 14:59:28,896 [a47358e8-0456-4981-be42-6c2243302bda-groupManagement] INFO  server.RaftServerConfigKeys (ConfUtils.java:logGet(46)) - raft.server.retrycache.statistics.expirytime = 100ms (default)
2025-03-10 14:59:28,896 [a47358e8-0456-4981-be42-6c2243302bda-groupManagement] INFO  server.RaftServerConfigKeys (ConfUtils.java:logGet(46)) - raft.server.read.option = DEFAULT (default)
2025-03-10 14:59:28,896 [a47358e8-0456-4981-be42-6c2243302bda-groupManagement] INFO  server.RaftServerConfigKeys (ConfUtils.java:logGet(46)) - raft.server.read.read-after-write-consistent.write-index-cache.expiry-time = 60s (default)
2025-03-10 14:59:28,898 [a47358e8-0456-4981-be42-6c2243302bda-groupManagement] INFO  server.RaftServerConfigKeys (ConfUtils.java:logGet(46)) - raft.server.rpc.request.timeout = 60s (custom)
2025-03-10 14:59:28,898 [a47358e8-0456-4981-be42-6c2243302bda-groupManagement] INFO  server.RaftServerConfigKeys (ConfUtils.java:logGet(46)) - raft.server.log.appender.install.snapshot.enabled = false (custom)
2025-03-10 14:59:28,898 [a47358e8-0456-4981-be42-6c2243302bda-groupManagement] INFO  server.RaftServerConfigKeys (ConfUtils.java:logGet(46)) - raft.server.threadpool.server.cached = true (default)
2025-03-10 14:59:28,898 [a47358e8-0456-4981-be42-6c2243302bda-groupManagement] INFO  server.RaftServerConfigKeys (ConfUtils.java:logGet(46)) - raft.server.threadpool.server.size = 0 (default)
2025-03-10 14:59:28,898 [a47358e8-0456-4981-be42-6c2243302bda-groupManagement] INFO  server.RaftServerConfigKeys (ConfUtils.java:logGet(46)) - raft.server.threadpool.client.cached = true (default)
2025-03-10 14:59:28,898 [a47358e8-0456-4981-be42-6c2243302bda-groupManagement] INFO  server.RaftServerConfigKeys (ConfUtils.java:logGet(46)) - raft.server.threadpool.client.size = 0 (default)
2025-03-10 14:59:28,898 [a47358e8-0456-4981-be42-6c2243302bda-groupManagement] INFO  server.RaftServerConfigKeys (ConfUtils.java:logGet(46)) - raft.server.storage.free-space.min = 0MB (=0) (default)
2025-03-10 14:59:28,898 [a47358e8-0456-4981-be42-6c2243302bda-groupManagement] INFO  server.RaftServerConfigKeys (ConfUtils.java:logGet(46)) - raft.server.log.corruption.policy = EXCEPTION (default)
2025-03-10 14:59:28,898 [a47358e8-0456-4981-be42-6c2243302bda-groupManagement] INFO  server.RaftServerConfigKeys (ConfUtils.java:logGet(46)) - raft.server.storage.dir = [/home/runner/work/ozone/ozone/hadoop-ozone/integration-test/target/test-dir/MiniOzoneClusterImpl-92936399-7d39-4e90-b2ee-bbad22e09632/ozone-meta/datanode-2/ratis] (custom)
2025-03-10 14:59:28,898 [a47358e8-0456-4981-be42-6c2243302bda-groupManagement] INFO  storage.RaftStorageDirectory (RaftStorageDirectoryImpl.java:analyzeStorage(138)) - The storage directory /home/runner/work/ozone/ozone/hadoop-ozone/integration-test/target/test-dir/MiniOzoneClusterImpl-92936399-7d39-4e90-b2ee-bbad22e09632/ozone-meta/datanode-2/ratis/6a9d0283-e90e-49ea-b5a8-421a57758ff1 does not exist. Creating ...
2025-03-10 14:59:28,900 [a47358e8-0456-4981-be42-6c2243302bda-groupManagement] INFO  storage.RaftStorageDirectory (RaftStorageDirectoryImpl.java:tryLock(229)) - Lock on /home/runner/work/ozone/ozone/hadoop-ozone/integration-test/target/test-dir/MiniOzoneClusterImpl-92936399-7d39-4e90-b2ee-bbad22e09632/ozone-meta/datanode-2/ratis/6a9d0283-e90e-49ea-b5a8-421a57758ff1/in_use.lock acquired by nodename 139316@fv-az1384-231
2025-03-10 14:59:28,901 [a47358e8-0456-4981-be42-6c2243302bda-groupManagement] INFO  storage.RaftStorage (RaftStorageImpl.java:format(98)) - Storage directory /home/runner/work/ozone/ozone/hadoop-ozone/integration-test/target/test-dir/MiniOzoneClusterImpl-92936399-7d39-4e90-b2ee-bbad22e09632/ozone-meta/datanode-2/ratis/6a9d0283-e90e-49ea-b5a8-421a57758ff1 has been successfully formatted.
2025-03-10 14:59:28,901 [a47358e8-0456-4981-be42-6c2243302bda-groupManagement] INFO  ratis.ContainerStateMachine (ContainerStateMachine.java:initialize(308)) - a47358e8-0456-4981-be42-6c2243302bda: initialize group-421A57758FF1
2025-03-10 14:59:28,901 [a47358e8-0456-4981-be42-6c2243302bda-groupManagement] INFO  ratis.ContainerStateMachine (ContainerStateMachine.java:loadSnapshot(316)) - group-421A57758FF1: The snapshot info is null. Setting the last applied index to:(t:0, i:~)
2025-03-10 14:59:28,901 [a47358e8-0456-4981-be42-6c2243302bda-groupManagement] INFO  server.RaftServerConfigKeys (ConfUtils.java:logGet(46)) - raft.server.log.use.memory = false (default)
2025-03-10 14:59:28,901 [a47358e8-0456-4981-be42-6c2243302bda-groupManagement] INFO  server.RaftServerConfigKeys (ConfUtils.java:logGet(46)) - raft.server.log.purge.gap = 1000000 (custom)
2025-03-10 14:59:28,902 [a47358e8-0456-4981-be42-6c2243302bda-groupManagement] INFO  server.RaftServerConfigKeys (ConfUtils.java:logGet(46)) - raft.server.log.appender.buffer.byte-limit = 33554432 (custom)
2025-03-10 14:59:28,902 [a47358e8-0456-4981-be42-6c2243302bda-groupManagement] INFO  server.RaftServerConfigKeys (ConfUtils.java:logGet(46)) - raft.server.log.statemachine.data.read.timeout = 1000ms (default)
2025-03-10 14:59:28,902 [a47358e8-0456-4981-be42-6c2243302bda-groupManagement] INFO  server.RaftServerConfigKeys (ConfUtils.java:logGet(46)) - raft.server.log.purge.preservation.log.num = 0 (default)
2025-03-10 14:59:28,902 [a47358e8-0456-4981-be42-6c2243302bda-groupManagement] INFO  server.RaftServerConfigKeys (ConfUtils.java:logGet(46)) - raft.server.log.segment.size.max = 67108864 (custom)
2025-03-10 14:59:28,903 [a47358e8-0456-4981-be42-6c2243302bda-groupManagement] INFO  server.RaftServerConfigKeys (ConfUtils.java:logGet(46)) - raft.server.log.segment.cache.num.max = 2 (custom)
2025-03-10 14:59:28,903 [a47358e8-0456-4981-be42-6c2243302bda-groupManagement] INFO  server.RaftServerConfigKeys (ConfUtils.java:logGet(46)) - raft.server.log.segment.cache.size.max = 200MB (=209715200) (default)
2025-03-10 14:59:28,903 [a47358e8-0456-4981-be42-6c2243302bda-groupManagement] INFO  server.RaftServerConfigKeys (ConfUtils.java:logGet(46)) - raft.server.log.appender.buffer.byte-limit = 33554432 (custom)
2025-03-10 14:59:28,903 [a47358e8-0456-4981-be42-6c2243302bda-groupManagement] INFO  util.AwaitToRun (AwaitToRun.java:start(81)) - Thread[#1901,a47358e8-0456-4981-be42-6c2243302bda@group-421A57758FF1-cacheEviction-AwaitToRun,5,main] started
2025-03-10 14:59:28,903 [a47358e8-0456-4981-be42-6c2243302bda-groupManagement] INFO  segmented.SegmentedRaftLogWorker (SegmentedRaftLogWorker.java:<init>(188)) - new a47358e8-0456-4981-be42-6c2243302bda@group-421A57758FF1-SegmentedRaftLogWorker for RaftStorageImpl:Storage Directory /home/runner/work/ozone/ozone/hadoop-ozone/integration-test/target/test-dir/MiniOzoneClusterImpl-92936399-7d39-4e90-b2ee-bbad22e09632/ozone-meta/datanode-2/ratis/6a9d0283-e90e-49ea-b5a8-421a57758ff1
2025-03-10 14:59:28,903 [a47358e8-0456-4981-be42-6c2243302bda-groupManagement] INFO  server.RaftServerConfigKeys (ConfUtils.java:logGet(46)) - raft.server.log.queue.byte-limit = 4294967296 (custom)
2025-03-10 14:59:28,903 [a47358e8-0456-4981-be42-6c2243302bda-groupManagement] INFO  server.RaftServerConfigKeys (ConfUtils.java:logGet(46)) - raft.server.log.queue.element-limit = 1024 (custom)
2025-03-10 14:59:28,904 [a47358e8-0456-4981-be42-6c2243302bda-groupManagement] INFO  server.RaftServerConfigKeys (ConfUtils.java:logGet(46)) - raft.server.log.segment.size.max = 67108864 (custom)
2025-03-10 14:59:28,904 [a47358e8-0456-4981-be42-6c2243302bda-groupManagement] INFO  server.RaftServerConfigKeys (ConfUtils.java:logGet(46)) - raft.server.log.preallocated.size = 4194304 (custom)
2025-03-10 14:59:28,904 [a47358e8-0456-4981-be42-6c2243302bda-groupManagement] INFO  server.RaftServerConfigKeys (ConfUtils.java:logGet(46)) - raft.server.log.force.sync.num = 128 (default)
2025-03-10 14:59:28,904 [a47358e8-0456-4981-be42-6c2243302bda-groupManagement] INFO  server.RaftServerConfigKeys (ConfUtils.java:logGet(46)) - raft.server.log.statemachine.data.sync = true (default)
2025-03-10 14:59:28,904 [a47358e8-0456-4981-be42-6c2243302bda-groupManagement] INFO  server.RaftServerConfigKeys (ConfUtils.java:logGet(46)) - raft.server.log.statemachine.data.sync.timeout = 10s (default)
2025-03-10 14:59:28,904 [a47358e8-0456-4981-be42-6c2243302bda-groupManagement] INFO  server.RaftServerConfigKeys (ConfUtils.java:logGet(46)) - raft.server.log.statemachine.data.sync.timeout.retry = 30 (custom)
2025-03-10 14:59:28,904 [a47358e8-0456-4981-be42-6c2243302bda-groupManagement] INFO  server.RaftServerConfigKeys (ConfUtils.java:logGet(46)) - raft.server.log.write.buffer.size = 33554440 (custom)
2025-03-10 14:59:28,909 [a47358e8-0456-4981-be42-6c2243302bda-groupManagement] INFO  server.RaftServerConfigKeys (ConfUtils.java:logGet(46)) - raft.server.log.appender.buffer.byte-limit = 33554432 (custom)
2025-03-10 14:59:28,909 [a47358e8-0456-4981-be42-6c2243302bda-groupManagement] INFO  server.RaftServerConfigKeys (ConfUtils.java:logGet(46)) - raft.server.log.unsafe-flush.enabled = false (default)
2025-03-10 14:59:28,909 [a47358e8-0456-4981-be42-6c2243302bda-groupManagement] INFO  server.RaftServerConfigKeys (ConfUtils.java:logGet(46)) - raft.server.log.async-flush.enabled = false (default)
2025-03-10 14:59:28,909 [a47358e8-0456-4981-be42-6c2243302bda-groupManagement] INFO  server.RaftServerConfigKeys (ConfUtils.java:logGet(46)) - raft.server.log.statemachine.data.caching.enabled = true (custom)
2025-03-10 14:59:28,909 [a47358e8-0456-4981-be42-6c2243302bda-groupManagement] INFO  segmented.SegmentedRaftLogWorker (SegmentedRaftLogWorker.java:lambda$new$0(139)) - a47358e8-0456-4981-be42-6c2243302bda@group-421A57758FF1-SegmentedRaftLogWorker: flushIndex: setUnconditionally 0 -> -1
2025-03-10 14:59:28,909 [a47358e8-0456-4981-be42-6c2243302bda-groupManagement] INFO  segmented.SegmentedRaftLogWorker (SegmentedRaftLogWorker.java:lambda$new$0(139)) - a47358e8-0456-4981-be42-6c2243302bda@group-421A57758FF1-SegmentedRaftLogWorker: safeCacheEvictIndex: setUnconditionally 0 -> -1
2025-03-10 14:59:28,909 [a47358e8-0456-4981-be42-6c2243302bda-groupManagement] INFO  server.RaftServer$Division (RaftServerImpl.java:start(391)) - a47358e8-0456-4981-be42-6c2243302bda@group-421A57758FF1: start as a follower, conf=conf: {index: -1, cur=peers:[edfd90b7-d4f7-415e-a332-2179825f57d9|127.0.0.1:15053, a47358e8-0456-4981-be42-6c2243302bda|127.0.0.1:15062, 34c8489e-bd2b-45e5-8f71-480c904dd2ce|127.0.0.1:15071]|listeners:[], old=null}
2025-03-10 14:59:28,910 [a47358e8-0456-4981-be42-6c2243302bda-groupManagement] INFO  server.RaftServer$Division (RaftServerImpl.java:setRole(378)) - a47358e8-0456-4981-be42-6c2243302bda@group-421A57758FF1: changes role from      null to FOLLOWER at term 0 for startAsFollower
2025-03-10 14:59:28,910 [a47358e8-0456-4981-be42-6c2243302bda-groupManagement] INFO  impl.RoleInfo (RoleInfo.java:updateAndGet(148)) - a47358e8-0456-4981-be42-6c2243302bda: start a47358e8-0456-4981-be42-6c2243302bda@group-421A57758FF1-FollowerState
2025-03-10 14:59:28,910 [a47358e8-0456-4981-be42-6c2243302bda@group-421A57758FF1-FollowerState] INFO  server.RaftServerConfigKeys (ConfUtils.java:logFallback(53)) - raft.server.rpc.first-election.timeout.min = 5s (fallback to raft.server.rpc.timeout.min)
2025-03-10 14:59:28,910 [a47358e8-0456-4981-be42-6c2243302bda@group-421A57758FF1-FollowerState] INFO  server.RaftServerConfigKeys (ConfUtils.java:logFallback(53)) - raft.server.rpc.first-election.timeout.max = 5200ms (fallback to raft.server.rpc.timeout.max)
2025-03-10 14:59:28,910 [a47358e8-0456-4981-be42-6c2243302bda-groupManagement] INFO  util.JmxRegister (JmxRegister.java:tryRegister(44)) - Successfully registered JMX Bean with object name Ratis:service=RaftServer,group=group-421A57758FF1,id=a47358e8-0456-4981-be42-6c2243302bda
2025-03-10 14:59:28,910 [a47358e8-0456-4981-be42-6c2243302bda-groupManagement] INFO  util.JmxRegister (JmxRegister.java:register(58)) - register mxBean class org.apache.ratis.server.impl.RaftServerJmxAdapter as Ratis:service=RaftServer,group=group-421A57758FF1,id=a47358e8-0456-4981-be42-6c2243302bda
2025-03-10 14:59:28,910 [a47358e8-0456-4981-be42-6c2243302bda-groupManagement] INFO  server.RaftServerConfigKeys (ConfUtils.java:logGet(46)) - raft.server.snapshot.trigger-when-stop.enabled = true (default)
2025-03-10 14:59:28,910 [a47358e8-0456-4981-be42-6c2243302bda-groupManagement] INFO  server.RaftServerConfigKeys (ConfUtils.java:logGet(46)) - raft.server.snapshot.trigger-when-remove.enabled = true (default)
2025-03-10 14:59:28,910 [a47358e8-0456-4981-be42-6c2243302bda-groupManagement] INFO  server.RaftServerConfigKeys (ConfUtils.java:logGet(46)) - raft.server.snapshot.auto.trigger.enabled = true (custom)
2025-03-10 14:59:28,910 [a47358e8-0456-4981-be42-6c2243302bda-groupManagement] INFO  server.RaftServerConfigKeys (ConfUtils.java:logGet(46)) - raft.server.snapshot.auto.trigger.threshold = 100000 (custom)
2025-03-10 14:59:28,910 [a47358e8-0456-4981-be42-6c2243302bda-groupManagement] INFO  server.RaftServerConfigKeys (ConfUtils.java:logGet(46)) - raft.server.snapshot.retention.file.num = 5 (custom)
2025-03-10 14:59:28,910 [a47358e8-0456-4981-be42-6c2243302bda-groupManagement] INFO  server.RaftServerConfigKeys (ConfUtils.java:logGet(46)) - raft.server.log.purge.upto.snapshot.index = false (default)
2025-03-10 14:59:28,911 [a47358e8-0456-4981-be42-6c2243302bda-groupManagement] INFO  server.RaftServer$Division (RaftServerImpl.java:start(405)) - a47358e8-0456-4981-be42-6c2243302bda@group-421A57758FF1: Successfully started.
2025-03-10 14:59:28,913 [edfd90b7-d4f7-415e-a332-2179825f57d9-PipelineCommandHandlerThread-0] INFO  commandhandler.CreatePipelineCommandHandler (CreatePipelineCommandHandler.java:lambda$handle$2(128)) - Created Pipeline RATIS THREE PipelineID=6a9d0283-e90e-49ea-b5a8-421a57758ff1.
2025-03-10 14:59:28,952 [a47358e8-0456-4981-be42-6c2243302bda-PipelineCommandHandlerThread-0] INFO  server.RaftServer (RaftServerProxy.java:addNew(100)) - a47358e8-0456-4981-be42-6c2243302bda: addNew group-5D276E251663:[a47358e8-0456-4981-be42-6c2243302bda|127.0.0.1:15062] returns group-5D276E251663:java.util.concurrent.CompletableFuture@3c5798b9[Not completed]
2025-03-10 14:59:28,953 [a47358e8-0456-4981-be42-6c2243302bda-groupManagement] INFO  server.RaftServer$Division (RaftServerImpl.java:<init>(255)) - a47358e8-0456-4981-be42-6c2243302bda: new RaftServerImpl for group-5D276E251663:[a47358e8-0456-4981-be42-6c2243302bda|127.0.0.1:15062] with ContainerStateMachine:uninitialized
2025-03-10 14:59:28,953 [a47358e8-0456-4981-be42-6c2243302bda-groupManagement] INFO  server.RaftServerConfigKeys (ConfUtils.java:logGet(46)) - raft.server.rpc.timeout.min = 5s (custom)
2025-03-10 14:59:28,953 [a47358e8-0456-4981-be42-6c2243302bda-groupManagement] INFO  server.RaftServerConfigKeys (ConfUtils.java:logGet(46)) - raft.server.rpc.timeout.max = 5200ms (custom)
2025-03-10 14:59:28,953 [a47358e8-0456-4981-be42-6c2243302bda-groupManagement] INFO  server.RaftServerConfigKeys (ConfUtils.java:logGet(46)) - raft.server.rpc.sleep.time = 25ms (default)
2025-03-10 14:59:28,953 [a47358e8-0456-4981-be42-6c2243302bda-groupManagement] INFO  server.RaftServerConfigKeys (ConfUtils.java:logGet(46)) - raft.server.rpc.slowness.timeout = 300s (custom)
2025-03-10 14:59:28,953 [a47358e8-0456-4981-be42-6c2243302bda-groupManagement] INFO  server.RaftServerConfigKeys (ConfUtils.java:logGet(46)) - raft.server.leaderelection.leader.step-down.wait-time = 10s (default)
2025-03-10 14:59:28,954 [a47358e8-0456-4981-be42-6c2243302bda-groupManagement] INFO  server.RaftServerConfigKeys (ConfUtils.java:logGet(46)) - raft.server.leaderelection.member.majority-add = false (default)
2025-03-10 14:59:28,954 [a47358e8-0456-4981-be42-6c2243302bda-groupManagement] INFO  server.RaftServerConfigKeys (ConfUtils.java:logGet(46)) - raft.server.sleep.deviation.threshold = 300ms (default)
2025-03-10 14:59:28,954 [a47358e8-0456-4981-be42-6c2243302bda-groupManagement] INFO  server.RaftServer$Division (ServerState.java:<init>(114)) - a47358e8-0456-4981-be42-6c2243302bda@group-5D276E251663: ConfigurationManager, init=conf: {index: -1, cur=peers:[a47358e8-0456-4981-be42-6c2243302bda|127.0.0.1:15062]|listeners:[], old=null}, confs=<EMPTY_MAP>
2025-03-10 14:59:28,954 [a47358e8-0456-4981-be42-6c2243302bda-groupManagement] INFO  server.RaftServerConfigKeys (ConfUtils.java:logGet(46)) - raft.server.notification.no-leader.timeout = 300s (custom)
2025-03-10 14:59:28,954 [a47358e8-0456-4981-be42-6c2243302bda-groupManagement] INFO  server.RaftServerConfigKeys (ConfUtils.java:logGet(46)) - raft.server.read.timeout = 10s (default)
2025-03-10 14:59:28,954 [a47358e8-0456-4981-be42-6c2243302bda-groupManagement] INFO  server.RaftServerConfigKeys (ConfUtils.java:logGet(46)) - raft.server.retrycache.expirytime = 600000ms (custom)
2025-03-10 14:59:28,954 [a47358e8-0456-4981-be42-6c2243302bda-groupManagement] INFO  server.RaftServerConfigKeys (ConfUtils.java:logGet(46)) - raft.server.retrycache.statistics.expirytime = 100ms (default)
2025-03-10 14:59:28,954 [a47358e8-0456-4981-be42-6c2243302bda-groupManagement] INFO  server.RaftServerConfigKeys (ConfUtils.java:logGet(46)) - raft.server.read.option = DEFAULT (default)
2025-03-10 14:59:28,954 [a47358e8-0456-4981-be42-6c2243302bda-groupManagement] INFO  server.RaftServerConfigKeys (ConfUtils.java:logGet(46)) - raft.server.read.read-after-write-consistent.write-index-cache.expiry-time = 60s (default)
2025-03-10 14:59:28,956 [a47358e8-0456-4981-be42-6c2243302bda-groupManagement] INFO  server.RaftServerConfigKeys (ConfUtils.java:logGet(46)) - raft.server.rpc.request.timeout = 60s (custom)
2025-03-10 14:59:28,956 [a47358e8-0456-4981-be42-6c2243302bda-groupManagement] INFO  server.RaftServerConfigKeys (ConfUtils.java:logGet(46)) - raft.server.log.appender.install.snapshot.enabled = false (custom)
2025-03-10 14:59:28,956 [a47358e8-0456-4981-be42-6c2243302bda-groupManagement] INFO  server.RaftServerConfigKeys (ConfUtils.java:logGet(46)) - raft.server.threadpool.server.cached = true (default)
2025-03-10 14:59:28,956 [a47358e8-0456-4981-be42-6c2243302bda-groupManagement] INFO  server.RaftServerConfigKeys (ConfUtils.java:logGet(46)) - raft.server.threadpool.server.size = 0 (default)
2025-03-10 14:59:28,956 [a47358e8-0456-4981-be42-6c2243302bda-groupManagement] INFO  server.RaftServerConfigKeys (ConfUtils.java:logGet(46)) - raft.server.threadpool.client.cached = true (default)
2025-03-10 14:59:28,956 [a47358e8-0456-4981-be42-6c2243302bda-groupManagement] INFO  server.RaftServerConfigKeys (ConfUtils.java:logGet(46)) - raft.server.threadpool.client.size = 0 (default)
2025-03-10 14:59:28,956 [a47358e8-0456-4981-be42-6c2243302bda-groupManagement] INFO  server.RaftServerConfigKeys (ConfUtils.java:logGet(46)) - raft.server.storage.free-space.min = 0MB (=0) (default)
2025-03-10 14:59:28,956 [a47358e8-0456-4981-be42-6c2243302bda-groupManagement] INFO  server.RaftServerConfigKeys (ConfUtils.java:logGet(46)) - raft.server.log.corruption.policy = EXCEPTION (default)
2025-03-10 14:59:28,956 [a47358e8-0456-4981-be42-6c2243302bda-groupManagement] INFO  server.RaftServerConfigKeys (ConfUtils.java:logGet(46)) - raft.server.storage.dir = [/home/runner/work/ozone/ozone/hadoop-ozone/integration-test/target/test-dir/MiniOzoneClusterImpl-92936399-7d39-4e90-b2ee-bbad22e09632/ozone-meta/datanode-2/ratis] (custom)
2025-03-10 14:59:28,957 [a47358e8-0456-4981-be42-6c2243302bda-groupManagement] INFO  storage.RaftStorageDirectory (RaftStorageDirectoryImpl.java:analyzeStorage(138)) - The storage directory /home/runner/work/ozone/ozone/hadoop-ozone/integration-test/target/test-dir/MiniOzoneClusterImpl-92936399-7d39-4e90-b2ee-bbad22e09632/ozone-meta/datanode-2/ratis/9f96ec5b-9e85-4751-b13f-5d276e251663 does not exist. Creating ...
2025-03-10 14:59:28,957 [a47358e8-0456-4981-be42-6c2243302bda-groupManagement] INFO  storage.RaftStorageDirectory (RaftStorageDirectoryImpl.java:tryLock(229)) - Lock on /home/runner/work/ozone/ozone/hadoop-ozone/integration-test/target/test-dir/MiniOzoneClusterImpl-92936399-7d39-4e90-b2ee-bbad22e09632/ozone-meta/datanode-2/ratis/9f96ec5b-9e85-4751-b13f-5d276e251663/in_use.lock acquired by nodename 139316@fv-az1384-231
2025-03-10 14:59:28,959 [a47358e8-0456-4981-be42-6c2243302bda-groupManagement] INFO  storage.RaftStorage (RaftStorageImpl.java:format(98)) - Storage directory /home/runner/work/ozone/ozone/hadoop-ozone/integration-test/target/test-dir/MiniOzoneClusterImpl-92936399-7d39-4e90-b2ee-bbad22e09632/ozone-meta/datanode-2/ratis/9f96ec5b-9e85-4751-b13f-5d276e251663 has been successfully formatted.
2025-03-10 14:59:28,959 [a47358e8-0456-4981-be42-6c2243302bda-groupManagement] INFO  ratis.ContainerStateMachine (ContainerStateMachine.java:initialize(308)) - a47358e8-0456-4981-be42-6c2243302bda: initialize group-5D276E251663
2025-03-10 14:59:28,959 [a47358e8-0456-4981-be42-6c2243302bda-groupManagement] INFO  ratis.ContainerStateMachine (ContainerStateMachine.java:loadSnapshot(316)) - group-5D276E251663: The snapshot info is null. Setting the last applied index to:(t:0, i:~)
2025-03-10 14:59:28,959 [a47358e8-0456-4981-be42-6c2243302bda-groupManagement] INFO  server.RaftServerConfigKeys (ConfUtils.java:logGet(46)) - raft.server.log.use.memory = false (default)
2025-03-10 14:59:28,959 [a47358e8-0456-4981-be42-6c2243302bda-groupManagement] INFO  server.RaftServerConfigKeys (ConfUtils.java:logGet(46)) - raft.server.log.purge.gap = 1000000 (custom)
2025-03-10 14:59:28,959 [a47358e8-0456-4981-be42-6c2243302bda-groupManagement] INFO  server.RaftServerConfigKeys (ConfUtils.java:logGet(46)) - raft.server.log.appender.buffer.byte-limit = 33554432 (custom)
2025-03-10 14:59:28,959 [a47358e8-0456-4981-be42-6c2243302bda-groupManagement] INFO  server.RaftServerConfigKeys (ConfUtils.java:logGet(46)) - raft.server.log.statemachine.data.read.timeout = 1000ms (default)
2025-03-10 14:59:28,959 [a47358e8-0456-4981-be42-6c2243302bda-groupManagement] INFO  server.RaftServerConfigKeys (ConfUtils.java:logGet(46)) - raft.server.log.purge.preservation.log.num = 0 (default)
2025-03-10 14:59:28,960 [a47358e8-0456-4981-be42-6c2243302bda-groupManagement] INFO  server.RaftServerConfigKeys (ConfUtils.java:logGet(46)) - raft.server.log.segment.size.max = 67108864 (custom)
2025-03-10 14:59:28,961 [a47358e8-0456-4981-be42-6c2243302bda-groupManagement] INFO  server.RaftServerConfigKeys (ConfUtils.java:logGet(46)) - raft.server.log.segment.cache.num.max = 2 (custom)
2025-03-10 14:59:28,961 [a47358e8-0456-4981-be42-6c2243302bda-groupManagement] INFO  server.RaftServerConfigKeys (ConfUtils.java:logGet(46)) - raft.server.log.segment.cache.size.max = 200MB (=209715200) (default)
2025-03-10 14:59:28,961 [a47358e8-0456-4981-be42-6c2243302bda-groupManagement] INFO  server.RaftServerConfigKeys (ConfUtils.java:logGet(46)) - raft.server.log.appender.buffer.byte-limit = 33554432 (custom)
2025-03-10 14:59:28,961 [a47358e8-0456-4981-be42-6c2243302bda-groupManagement] INFO  util.AwaitToRun (AwaitToRun.java:start(81)) - Thread[#1909,a47358e8-0456-4981-be42-6c2243302bda@group-5D276E251663-cacheEviction-AwaitToRun,5,main] started
2025-03-10 14:59:28,961 [a47358e8-0456-4981-be42-6c2243302bda-groupManagement] INFO  segmented.SegmentedRaftLogWorker (SegmentedRaftLogWorker.java:<init>(188)) - new a47358e8-0456-4981-be42-6c2243302bda@group-5D276E251663-SegmentedRaftLogWorker for RaftStorageImpl:Storage Directory /home/runner/work/ozone/ozone/hadoop-ozone/integration-test/target/test-dir/MiniOzoneClusterImpl-92936399-7d39-4e90-b2ee-bbad22e09632/ozone-meta/datanode-2/ratis/9f96ec5b-9e85-4751-b13f-5d276e251663
2025-03-10 14:59:28,961 [a47358e8-0456-4981-be42-6c2243302bda-groupManagement] INFO  server.RaftServerConfigKeys (ConfUtils.java:logGet(46)) - raft.server.log.queue.byte-limit = 4294967296 (custom)
2025-03-10 14:59:28,961 [a47358e8-0456-4981-be42-6c2243302bda-groupManagement] INFO  server.RaftServerConfigKeys (ConfUtils.java:logGet(46)) - raft.server.log.queue.element-limit = 1024 (custom)
2025-03-10 14:59:28,961 [a47358e8-0456-4981-be42-6c2243302bda-groupManagement] INFO  server.RaftServerConfigKeys (ConfUtils.java:logGet(46)) - raft.server.log.segment.size.max = 67108864 (custom)
2025-03-10 14:59:28,961 [a47358e8-0456-4981-be42-6c2243302bda-groupManagement] INFO  server.RaftServerConfigKeys (ConfUtils.java:logGet(46)) - raft.server.log.preallocated.size = 4194304 (custom)
2025-03-10 14:59:28,961 [a47358e8-0456-4981-be42-6c2243302bda-groupManagement] INFO  server.RaftServerConfigKeys (ConfUtils.java:logGet(46)) - raft.server.log.force.sync.num = 128 (default)
2025-03-10 14:59:28,961 [a47358e8-0456-4981-be42-6c2243302bda-groupManagement] INFO  server.RaftServerConfigKeys (ConfUtils.java:logGet(46)) - raft.server.log.statemachine.data.sync = true (default)
2025-03-10 14:59:28,961 [a47358e8-0456-4981-be42-6c2243302bda-groupManagement] INFO  server.RaftServerConfigKeys (ConfUtils.java:logGet(46)) - raft.server.log.statemachine.data.sync.timeout = 10s (default)
2025-03-10 14:59:28,961 [a47358e8-0456-4981-be42-6c2243302bda-groupManagement] INFO  server.RaftServerConfigKeys (ConfUtils.java:logGet(46)) - raft.server.log.statemachine.data.sync.timeout.retry = 30 (custom)
2025-03-10 14:59:28,962 [a47358e8-0456-4981-be42-6c2243302bda-groupManagement] INFO  server.RaftServerConfigKeys (ConfUtils.java:logGet(46)) - raft.server.log.write.buffer.size = 33554440 (custom)
2025-03-10 14:59:28,964 [a4f85781-650a-46e8-940e-a45bfdaa2a01@group-BBAD22E09632-StateMachineUpdater] INFO  safemode.HealthyPipelineSafeModeRule (HealthyPipelineSafeModeRule.java:initializeRule(174)) - Refreshed total pipeline count is 0, healthy pipeline threshold count is 1
2025-03-10 14:59:28,965 [EventQueue-PipelineReportForPipelineReportHandler] INFO  pipeline.PipelineReportHandler (PipelineReportHandler.java:processPipelineReport(139)) - Opened pipeline PipelineID=9f96ec5b-9e85-4751-b13f-5d276e251663
2025-03-10 14:59:28,965 [EventQueue-OpenPipelineForHealthyPipelineSafeModeRule] INFO  safemode.SCMSafeModeManager (HealthyPipelineSafeModeRule.java:process(141)) - SCM in safe mode. Healthy pipelines reported count is 0, required healthy pipeline reported count is 1
2025-03-10 14:59:28,966 [a47358e8-0456-4981-be42-6c2243302bda-groupManagement] INFO  server.RaftServerConfigKeys (ConfUtils.java:logGet(46)) - raft.server.log.appender.buffer.byte-limit = 33554432 (custom)
2025-03-10 14:59:28,966 [a47358e8-0456-4981-be42-6c2243302bda-groupManagement] INFO  server.RaftServerConfigKeys (ConfUtils.java:logGet(46)) - raft.server.log.unsafe-flush.enabled = false (default)
2025-03-10 14:59:28,966 [a47358e8-0456-4981-be42-6c2243302bda-groupManagement] INFO  server.RaftServerConfigKeys (ConfUtils.java:logGet(46)) - raft.server.log.async-flush.enabled = false (default)
2025-03-10 14:59:28,966 [a47358e8-0456-4981-be42-6c2243302bda-groupManagement] INFO  server.RaftServerConfigKeys (ConfUtils.java:logGet(46)) - raft.server.log.statemachine.data.caching.enabled = true (custom)
2025-03-10 14:59:28,966 [a47358e8-0456-4981-be42-6c2243302bda-groupManagement] INFO  segmented.SegmentedRaftLogWorker (SegmentedRaftLogWorker.java:lambda$new$0(139)) - a47358e8-0456-4981-be42-6c2243302bda@group-5D276E251663-SegmentedRaftLogWorker: flushIndex: setUnconditionally 0 -> -1
2025-03-10 14:59:28,966 [a47358e8-0456-4981-be42-6c2243302bda-groupManagement] INFO  segmented.SegmentedRaftLogWorker (SegmentedRaftLogWorker.java:lambda$new$0(139)) - a47358e8-0456-4981-be42-6c2243302bda@group-5D276E251663-SegmentedRaftLogWorker: safeCacheEvictIndex: setUnconditionally 0 -> -1
2025-03-10 14:59:28,967 [a47358e8-0456-4981-be42-6c2243302bda-groupManagement] INFO  server.RaftServer$Division (RaftServerImpl.java:start(391)) - a47358e8-0456-4981-be42-6c2243302bda@group-5D276E251663: start as a follower, conf=conf: {index: -1, cur=peers:[a47358e8-0456-4981-be42-6c2243302bda|127.0.0.1:15062]|listeners:[], old=null}
2025-03-10 14:59:28,967 [a47358e8-0456-4981-be42-6c2243302bda-groupManagement] INFO  server.RaftServer$Division (RaftServerImpl.java:setRole(378)) - a47358e8-0456-4981-be42-6c2243302bda@group-5D276E251663: changes role from      null to FOLLOWER at term 0 for startAsFollower
2025-03-10 14:59:28,967 [a47358e8-0456-4981-be42-6c2243302bda-groupManagement] INFO  impl.RoleInfo (RoleInfo.java:updateAndGet(148)) - a47358e8-0456-4981-be42-6c2243302bda: start a47358e8-0456-4981-be42-6c2243302bda@group-5D276E251663-FollowerState
2025-03-10 14:59:28,967 [a47358e8-0456-4981-be42-6c2243302bda-groupManagement] INFO  util.JmxRegister (JmxRegister.java:tryRegister(44)) - Successfully registered JMX Bean with object name Ratis:service=RaftServer,group=group-5D276E251663,id=a47358e8-0456-4981-be42-6c2243302bda
2025-03-10 14:59:28,967 [a47358e8-0456-4981-be42-6c2243302bda-groupManagement] INFO  util.JmxRegister (JmxRegister.java:register(58)) - register mxBean class org.apache.ratis.server.impl.RaftServerJmxAdapter as Ratis:service=RaftServer,group=group-5D276E251663,id=a47358e8-0456-4981-be42-6c2243302bda
2025-03-10 14:59:28,967 [a47358e8-0456-4981-be42-6c2243302bda@group-5D276E251663-FollowerState] INFO  server.RaftServerConfigKeys (ConfUtils.java:logFallback(53)) - raft.server.rpc.first-election.timeout.min = 5s (fallback to raft.server.rpc.timeout.min)
2025-03-10 14:59:28,967 [a47358e8-0456-4981-be42-6c2243302bda-groupManagement] INFO  server.RaftServerConfigKeys (ConfUtils.java:logGet(46)) - raft.server.snapshot.trigger-when-stop.enabled = true (default)
2025-03-10 14:59:28,967 [a47358e8-0456-4981-be42-6c2243302bda-groupManagement] INFO  server.RaftServerConfigKeys (ConfUtils.java:logGet(46)) - raft.server.snapshot.trigger-when-remove.enabled = true (default)
2025-03-10 14:59:28,967 [a47358e8-0456-4981-be42-6c2243302bda@group-5D276E251663-FollowerState] INFO  server.RaftServerConfigKeys (ConfUtils.java:logFallback(53)) - raft.server.rpc.first-election.timeout.max = 5200ms (fallback to raft.server.rpc.timeout.max)
2025-03-10 14:59:28,967 [a47358e8-0456-4981-be42-6c2243302bda-groupManagement] INFO  server.RaftServerConfigKeys (ConfUtils.java:logGet(46)) - raft.server.snapshot.auto.trigger.enabled = true (custom)
2025-03-10 14:59:28,967 [a47358e8-0456-4981-be42-6c2243302bda-groupManagement] INFO  server.RaftServerConfigKeys (ConfUtils.java:logGet(46)) - raft.server.snapshot.auto.trigger.threshold = 100000 (custom)
2025-03-10 14:59:28,967 [a47358e8-0456-4981-be42-6c2243302bda-groupManagement] INFO  server.RaftServerConfigKeys (ConfUtils.java:logGet(46)) - raft.server.snapshot.retention.file.num = 5 (custom)
2025-03-10 14:59:28,968 [a47358e8-0456-4981-be42-6c2243302bda-groupManagement] INFO  server.RaftServerConfigKeys (ConfUtils.java:logGet(46)) - raft.server.log.purge.upto.snapshot.index = false (default)
2025-03-10 14:59:28,968 [a47358e8-0456-4981-be42-6c2243302bda-groupManagement] INFO  server.RaftServer$Division (RaftServerImpl.java:start(405)) - a47358e8-0456-4981-be42-6c2243302bda@group-5D276E251663: Successfully started.
2025-03-10 14:59:28,968 [a47358e8-0456-4981-be42-6c2243302bda-PipelineCommandHandlerThread-0] INFO  ratis.XceiverServerRatis (XceiverServerRatis.java:addGroup(841)) - Created group PipelineID=9f96ec5b-9e85-4751-b13f-5d276e251663
2025-03-10 14:59:28,968 [a47358e8-0456-4981-be42-6c2243302bda-PipelineCommandHandlerThread-0] INFO  commandhandler.CreatePipelineCommandHandler (CreatePipelineCommandHandler.java:lambda$handle$2(128)) - Created Pipeline RATIS ONE PipelineID=9f96ec5b-9e85-4751-b13f-5d276e251663.
2025-03-10 14:59:29,146 [34c8489e-bd2b-45e5-8f71-480c904dd2ce-PipelineCommandHandlerThread-0] INFO  server.RaftServer (RaftServerProxy.java:addNew(100)) - 34c8489e-bd2b-45e5-8f71-480c904dd2ce: addNew group-024B58FEA649:[34c8489e-bd2b-45e5-8f71-480c904dd2ce|127.0.0.1:15071] returns group-024B58FEA649:java.util.concurrent.CompletableFuture@18c54b2c[Not completed]
2025-03-10 14:59:29,147 [34c8489e-bd2b-45e5-8f71-480c904dd2ce-groupManagement] INFO  server.RaftServer$Division (RaftServerImpl.java:<init>(255)) - 34c8489e-bd2b-45e5-8f71-480c904dd2ce: new RaftServerImpl for group-024B58FEA649:[34c8489e-bd2b-45e5-8f71-480c904dd2ce|127.0.0.1:15071] with ContainerStateMachine:uninitialized
2025-03-10 14:59:29,147 [34c8489e-bd2b-45e5-8f71-480c904dd2ce-groupManagement] INFO  server.RaftServerConfigKeys (ConfUtils.java:logGet(46)) - raft.server.rpc.timeout.min = 5s (custom)
2025-03-10 14:59:29,147 [34c8489e-bd2b-45e5-8f71-480c904dd2ce-groupManagement] INFO  server.RaftServerConfigKeys (ConfUtils.java:logGet(46)) - raft.server.rpc.timeout.max = 5200ms (custom)
2025-03-10 14:59:29,147 [34c8489e-bd2b-45e5-8f71-480c904dd2ce-groupManagement] INFO  server.RaftServerConfigKeys (ConfUtils.java:logGet(46)) - raft.server.rpc.sleep.time = 25ms (default)
2025-03-10 14:59:29,147 [34c8489e-bd2b-45e5-8f71-480c904dd2ce-groupManagement] INFO  server.RaftServerConfigKeys (ConfUtils.java:logGet(46)) - raft.server.rpc.slowness.timeout = 300s (custom)
2025-03-10 14:59:29,147 [34c8489e-bd2b-45e5-8f71-480c904dd2ce-groupManagement] INFO  server.RaftServerConfigKeys (ConfUtils.java:logGet(46)) - raft.server.leaderelection.leader.step-down.wait-time = 10s (default)
2025-03-10 14:59:29,147 [34c8489e-bd2b-45e5-8f71-480c904dd2ce-groupManagement] INFO  server.RaftServerConfigKeys (ConfUtils.java:logGet(46)) - raft.server.leaderelection.member.majority-add = false (default)
2025-03-10 14:59:29,147 [34c8489e-bd2b-45e5-8f71-480c904dd2ce-groupManagement] INFO  server.RaftServerConfigKeys (ConfUtils.java:logGet(46)) - raft.server.sleep.deviation.threshold = 300ms (default)
2025-03-10 14:59:29,148 [34c8489e-bd2b-45e5-8f71-480c904dd2ce-groupManagement] INFO  server.RaftServer$Division (ServerState.java:<init>(114)) - 34c8489e-bd2b-45e5-8f71-480c904dd2ce@group-024B58FEA649: ConfigurationManager, init=conf: {index: -1, cur=peers:[34c8489e-bd2b-45e5-8f71-480c904dd2ce|127.0.0.1:15071]|listeners:[], old=null}, confs=<EMPTY_MAP>
2025-03-10 14:59:29,148 [34c8489e-bd2b-45e5-8f71-480c904dd2ce-groupManagement] INFO  server.RaftServerConfigKeys (ConfUtils.java:logGet(46)) - raft.server.notification.no-leader.timeout = 300s (custom)
2025-03-10 14:59:29,148 [34c8489e-bd2b-45e5-8f71-480c904dd2ce-groupManagement] INFO  server.RaftServerConfigKeys (ConfUtils.java:logGet(46)) - raft.server.read.timeout = 10s (default)
2025-03-10 14:59:29,148 [34c8489e-bd2b-45e5-8f71-480c904dd2ce-groupManagement] INFO  server.RaftServerConfigKeys (ConfUtils.java:logGet(46)) - raft.server.retrycache.expirytime = 600000ms (custom)
2025-03-10 14:59:29,148 [34c8489e-bd2b-45e5-8f71-480c904dd2ce-groupManagement] INFO  server.RaftServerConfigKeys (ConfUtils.java:logGet(46)) - raft.server.retrycache.statistics.expirytime = 100ms (default)
2025-03-10 14:59:29,148 [34c8489e-bd2b-45e5-8f71-480c904dd2ce-groupManagement] INFO  server.RaftServerConfigKeys (ConfUtils.java:logGet(46)) - raft.server.read.option = DEFAULT (default)
2025-03-10 14:59:29,148 [34c8489e-bd2b-45e5-8f71-480c904dd2ce-groupManagement] INFO  server.RaftServerConfigKeys (ConfUtils.java:logGet(46)) - raft.server.read.read-after-write-consistent.write-index-cache.expiry-time = 60s (default)
2025-03-10 14:59:29,149 [34c8489e-bd2b-45e5-8f71-480c904dd2ce-groupManagement] INFO  server.RaftServerConfigKeys (ConfUtils.java:logGet(46)) - raft.server.rpc.request.timeout = 60s (custom)
2025-03-10 14:59:29,149 [34c8489e-bd2b-45e5-8f71-480c904dd2ce-groupManagement] INFO  server.RaftServerConfigKeys (ConfUtils.java:logGet(46)) - raft.server.log.appender.install.snapshot.enabled = false (custom)
2025-03-10 14:59:29,149 [34c8489e-bd2b-45e5-8f71-480c904dd2ce-groupManagement] INFO  server.RaftServerConfigKeys (ConfUtils.java:logGet(46)) - raft.server.threadpool.server.cached = true (default)
2025-03-10 14:59:29,149 [34c8489e-bd2b-45e5-8f71-480c904dd2ce-groupManagement] INFO  server.RaftServerConfigKeys (ConfUtils.java:logGet(46)) - raft.server.threadpool.server.size = 0 (default)
2025-03-10 14:59:29,149 [34c8489e-bd2b-45e5-8f71-480c904dd2ce-groupManagement] INFO  server.RaftServerConfigKeys (ConfUtils.java:logGet(46)) - raft.server.threadpool.client.cached = true (default)
2025-03-10 14:59:29,149 [34c8489e-bd2b-45e5-8f71-480c904dd2ce-groupManagement] INFO  server.RaftServerConfigKeys (ConfUtils.java:logGet(46)) - raft.server.threadpool.client.size = 0 (default)
2025-03-10 14:59:29,149 [34c8489e-bd2b-45e5-8f71-480c904dd2ce-groupManagement] INFO  server.RaftServerConfigKeys (ConfUtils.java:logGet(46)) - raft.server.storage.free-space.min = 0MB (=0) (default)
2025-03-10 14:59:29,149 [34c8489e-bd2b-45e5-8f71-480c904dd2ce-groupManagement] INFO  server.RaftServerConfigKeys (ConfUtils.java:logGet(46)) - raft.server.log.corruption.policy = EXCEPTION (default)
2025-03-10 14:59:29,150 [34c8489e-bd2b-45e5-8f71-480c904dd2ce-groupManagement] INFO  server.RaftServerConfigKeys (ConfUtils.java:logGet(46)) - raft.server.storage.dir = [/home/runner/work/ozone/ozone/hadoop-ozone/integration-test/target/test-dir/MiniOzoneClusterImpl-92936399-7d39-4e90-b2ee-bbad22e09632/ozone-meta/datanode-3/ratis] (custom)
2025-03-10 14:59:29,150 [34c8489e-bd2b-45e5-8f71-480c904dd2ce-groupManagement] INFO  storage.RaftStorageDirectory (RaftStorageDirectoryImpl.java:analyzeStorage(138)) - The storage directory /home/runner/work/ozone/ozone/hadoop-ozone/integration-test/target/test-dir/MiniOzoneClusterImpl-92936399-7d39-4e90-b2ee-bbad22e09632/ozone-meta/datanode-3/ratis/e556d727-2314-4b77-82f7-024b58fea649 does not exist. Creating ...
2025-03-10 14:59:29,150 [main] INFO  ozone.MiniOzoneClusterImpl (MiniOzoneClusterImpl.java:lambda$waitForClusterToBeReady$0(208)) - Nodes are ready. Got 3 of 3 DN Heartbeats.
2025-03-10 14:59:29,150 [main] INFO  ozone.MiniOzoneClusterImpl (MiniOzoneClusterImpl.java:lambda$waitForClusterToBeReady$0(211)) - Waiting for cluster to exit safe mode
2025-03-10 14:59:29,151 [main] INFO  ozone.MiniOzoneClusterImpl (MiniOzoneClusterImpl.java:lambda$waitForClusterToBeReady$0(213)) - SCM became leader
2025-03-10 14:59:29,151 [34c8489e-bd2b-45e5-8f71-480c904dd2ce-groupManagement] INFO  storage.RaftStorageDirectory (RaftStorageDirectoryImpl.java:tryLock(229)) - Lock on /home/runner/work/ozone/ozone/hadoop-ozone/integration-test/target/test-dir/MiniOzoneClusterImpl-92936399-7d39-4e90-b2ee-bbad22e09632/ozone-meta/datanode-3/ratis/e556d727-2314-4b77-82f7-024b58fea649/in_use.lock acquired by nodename 139316@fv-az1384-231
2025-03-10 14:59:29,152 [34c8489e-bd2b-45e5-8f71-480c904dd2ce-groupManagement] INFO  storage.RaftStorage (RaftStorageImpl.java:format(98)) - Storage directory /home/runner/work/ozone/ozone/hadoop-ozone/integration-test/target/test-dir/MiniOzoneClusterImpl-92936399-7d39-4e90-b2ee-bbad22e09632/ozone-meta/datanode-3/ratis/e556d727-2314-4b77-82f7-024b58fea649 has been successfully formatted.
2025-03-10 14:59:29,152 [34c8489e-bd2b-45e5-8f71-480c904dd2ce-groupManagement] INFO  ratis.ContainerStateMachine (ContainerStateMachine.java:initialize(308)) - 34c8489e-bd2b-45e5-8f71-480c904dd2ce: initialize group-024B58FEA649
2025-03-10 14:59:29,152 [34c8489e-bd2b-45e5-8f71-480c904dd2ce-groupManagement] INFO  ratis.ContainerStateMachine (ContainerStateMachine.java:loadSnapshot(316)) - group-024B58FEA649: The snapshot info is null. Setting the last applied index to:(t:0, i:~)
2025-03-10 14:59:29,152 [34c8489e-bd2b-45e5-8f71-480c904dd2ce-groupManagement] INFO  server.RaftServerConfigKeys (ConfUtils.java:logGet(46)) - raft.server.log.use.memory = false (default)
2025-03-10 14:59:29,152 [34c8489e-bd2b-45e5-8f71-480c904dd2ce-groupManagement] INFO  server.RaftServerConfigKeys (ConfUtils.java:logGet(46)) - raft.server.log.purge.gap = 1000000 (custom)
2025-03-10 14:59:29,152 [34c8489e-bd2b-45e5-8f71-480c904dd2ce-groupManagement] INFO  server.RaftServerConfigKeys (ConfUtils.java:logGet(46)) - raft.server.log.appender.buffer.byte-limit = 33554432 (custom)
2025-03-10 14:59:29,152 [34c8489e-bd2b-45e5-8f71-480c904dd2ce-groupManagement] INFO  server.RaftServerConfigKeys (ConfUtils.java:logGet(46)) - raft.server.log.statemachine.data.read.timeout = 1000ms (default)
2025-03-10 14:59:29,152 [34c8489e-bd2b-45e5-8f71-480c904dd2ce-groupManagement] INFO  server.RaftServerConfigKeys (ConfUtils.java:logGet(46)) - raft.server.log.purge.preservation.log.num = 0 (default)
2025-03-10 14:59:29,153 [34c8489e-bd2b-45e5-8f71-480c904dd2ce-groupManagement] INFO  server.RaftServerConfigKeys (ConfUtils.java:logGet(46)) - raft.server.log.segment.size.max = 67108864 (custom)
2025-03-10 14:59:29,154 [34c8489e-bd2b-45e5-8f71-480c904dd2ce-groupManagement] INFO  server.RaftServerConfigKeys (ConfUtils.java:logGet(46)) - raft.server.log.segment.cache.num.max = 2 (custom)
2025-03-10 14:59:29,154 [34c8489e-bd2b-45e5-8f71-480c904dd2ce-groupManagement] INFO  server.RaftServerConfigKeys (ConfUtils.java:logGet(46)) - raft.server.log.segment.cache.size.max = 200MB (=209715200) (default)
2025-03-10 14:59:29,154 [34c8489e-bd2b-45e5-8f71-480c904dd2ce-groupManagement] INFO  server.RaftServerConfigKeys (ConfUtils.java:logGet(46)) - raft.server.log.appender.buffer.byte-limit = 33554432 (custom)
2025-03-10 14:59:29,154 [34c8489e-bd2b-45e5-8f71-480c904dd2ce-groupManagement] INFO  util.AwaitToRun (AwaitToRun.java:start(81)) - Thread[#1914,34c8489e-bd2b-45e5-8f71-480c904dd2ce@group-024B58FEA649-cacheEviction-AwaitToRun,5,main] started
2025-03-10 14:59:29,154 [34c8489e-bd2b-45e5-8f71-480c904dd2ce-groupManagement] INFO  segmented.SegmentedRaftLogWorker (SegmentedRaftLogWorker.java:<init>(188)) - new 34c8489e-bd2b-45e5-8f71-480c904dd2ce@group-024B58FEA649-SegmentedRaftLogWorker for RaftStorageImpl:Storage Directory /home/runner/work/ozone/ozone/hadoop-ozone/integration-test/target/test-dir/MiniOzoneClusterImpl-92936399-7d39-4e90-b2ee-bbad22e09632/ozone-meta/datanode-3/ratis/e556d727-2314-4b77-82f7-024b58fea649
2025-03-10 14:59:29,154 [34c8489e-bd2b-45e5-8f71-480c904dd2ce-groupManagement] INFO  server.RaftServerConfigKeys (ConfUtils.java:logGet(46)) - raft.server.log.queue.byte-limit = 4294967296 (custom)
2025-03-10 14:59:29,154 [34c8489e-bd2b-45e5-8f71-480c904dd2ce-groupManagement] INFO  server.RaftServerConfigKeys (ConfUtils.java:logGet(46)) - raft.server.log.queue.element-limit = 1024 (custom)
2025-03-10 14:59:29,154 [34c8489e-bd2b-45e5-8f71-480c904dd2ce-groupManagement] INFO  server.RaftServerConfigKeys (ConfUtils.java:logGet(46)) - raft.server.log.segment.size.max = 67108864 (custom)
2025-03-10 14:59:29,154 [34c8489e-bd2b-45e5-8f71-480c904dd2ce-groupManagement] INFO  server.RaftServerConfigKeys (ConfUtils.java:logGet(46)) - raft.server.log.preallocated.size = 4194304 (custom)
2025-03-10 14:59:29,154 [34c8489e-bd2b-45e5-8f71-480c904dd2ce-groupManagement] INFO  server.RaftServerConfigKeys (ConfUtils.java:logGet(46)) - raft.server.log.force.sync.num = 128 (default)
2025-03-10 14:59:29,154 [34c8489e-bd2b-45e5-8f71-480c904dd2ce-groupManagement] INFO  server.RaftServerConfigKeys (ConfUtils.java:logGet(46)) - raft.server.log.statemachine.data.sync = true (default)
2025-03-10 14:59:29,154 [34c8489e-bd2b-45e5-8f71-480c904dd2ce-groupManagement] INFO  server.RaftServerConfigKeys (ConfUtils.java:logGet(46)) - raft.server.log.statemachine.data.sync.timeout = 10s (default)
2025-03-10 14:59:29,154 [34c8489e-bd2b-45e5-8f71-480c904dd2ce-groupManagement] INFO  server.RaftServerConfigKeys (ConfUtils.java:logGet(46)) - raft.server.log.statemachine.data.sync.timeout.retry = 30 (custom)
2025-03-10 14:59:29,155 [34c8489e-bd2b-45e5-8f71-480c904dd2ce-groupManagement] INFO  server.RaftServerConfigKeys (ConfUtils.java:logGet(46)) - raft.server.log.write.buffer.size = 33554440 (custom)
2025-03-10 14:59:29,157 [a4f85781-650a-46e8-940e-a45bfdaa2a01@group-BBAD22E09632-StateMachineUpdater] INFO  safemode.HealthyPipelineSafeModeRule (HealthyPipelineSafeModeRule.java:initializeRule(174)) - Refreshed total pipeline count is 0, healthy pipeline threshold count is 1
2025-03-10 14:59:29,158 [EventQueue-PipelineReportForPipelineReportHandler] INFO  pipeline.PipelineReportHandler (PipelineReportHandler.java:processPipelineReport(139)) - Opened pipeline PipelineID=e556d727-2314-4b77-82f7-024b58fea649
2025-03-10 14:59:29,158 [EventQueue-OpenPipelineForHealthyPipelineSafeModeRule] INFO  safemode.SCMSafeModeManager (HealthyPipelineSafeModeRule.java:process(141)) - SCM in safe mode. Healthy pipelines reported count is 0, required healthy pipeline reported count is 1
2025-03-10 14:59:29,159 [34c8489e-bd2b-45e5-8f71-480c904dd2ce-groupManagement] INFO  server.RaftServerConfigKeys (ConfUtils.java:logGet(46)) - raft.server.log.appender.buffer.byte-limit = 33554432 (custom)
2025-03-10 14:59:29,159 [34c8489e-bd2b-45e5-8f71-480c904dd2ce-groupManagement] INFO  server.RaftServerConfigKeys (ConfUtils.java:logGet(46)) - raft.server.log.unsafe-flush.enabled = false (default)
2025-03-10 14:59:29,159 [34c8489e-bd2b-45e5-8f71-480c904dd2ce-groupManagement] INFO  server.RaftServerConfigKeys (ConfUtils.java:logGet(46)) - raft.server.log.async-flush.enabled = false (default)
2025-03-10 14:59:29,159 [34c8489e-bd2b-45e5-8f71-480c904dd2ce-groupManagement] INFO  server.RaftServerConfigKeys (ConfUtils.java:logGet(46)) - raft.server.log.statemachine.data.caching.enabled = true (custom)
2025-03-10 14:59:29,159 [34c8489e-bd2b-45e5-8f71-480c904dd2ce-groupManagement] INFO  segmented.SegmentedRaftLogWorker (SegmentedRaftLogWorker.java:lambda$new$0(139)) - 34c8489e-bd2b-45e5-8f71-480c904dd2ce@group-024B58FEA649-SegmentedRaftLogWorker: flushIndex: setUnconditionally 0 -> -1
2025-03-10 14:59:29,160 [34c8489e-bd2b-45e5-8f71-480c904dd2ce-groupManagement] INFO  segmented.SegmentedRaftLogWorker (SegmentedRaftLogWorker.java:lambda$new$0(139)) - 34c8489e-bd2b-45e5-8f71-480c904dd2ce@group-024B58FEA649-SegmentedRaftLogWorker: safeCacheEvictIndex: setUnconditionally 0 -> -1
2025-03-10 14:59:29,160 [34c8489e-bd2b-45e5-8f71-480c904dd2ce-groupManagement] INFO  server.RaftServer$Division (RaftServerImpl.java:start(391)) - 34c8489e-bd2b-45e5-8f71-480c904dd2ce@group-024B58FEA649: start as a follower, conf=conf: {index: -1, cur=peers:[34c8489e-bd2b-45e5-8f71-480c904dd2ce|127.0.0.1:15071]|listeners:[], old=null}
2025-03-10 14:59:29,160 [34c8489e-bd2b-45e5-8f71-480c904dd2ce-groupManagement] INFO  server.RaftServer$Division (RaftServerImpl.java:setRole(378)) - 34c8489e-bd2b-45e5-8f71-480c904dd2ce@group-024B58FEA649: changes role from      null to FOLLOWER at term 0 for startAsFollower
2025-03-10 14:59:29,160 [34c8489e-bd2b-45e5-8f71-480c904dd2ce-groupManagement] INFO  impl.RoleInfo (RoleInfo.java:updateAndGet(148)) - 34c8489e-bd2b-45e5-8f71-480c904dd2ce: start 34c8489e-bd2b-45e5-8f71-480c904dd2ce@group-024B58FEA649-FollowerState
2025-03-10 14:59:29,160 [34c8489e-bd2b-45e5-8f71-480c904dd2ce@group-024B58FEA649-FollowerState] INFO  server.RaftServerConfigKeys (ConfUtils.java:logFallback(53)) - raft.server.rpc.first-election.timeout.min = 5s (fallback to raft.server.rpc.timeout.min)
2025-03-10 14:59:29,160 [34c8489e-bd2b-45e5-8f71-480c904dd2ce@group-024B58FEA649-FollowerState] INFO  server.RaftServerConfigKeys (ConfUtils.java:logFallback(53)) - raft.server.rpc.first-election.timeout.max = 5200ms (fallback to raft.server.rpc.timeout.max)
2025-03-10 14:59:29,160 [34c8489e-bd2b-45e5-8f71-480c904dd2ce-groupManagement] INFO  util.JmxRegister (JmxRegister.java:tryRegister(44)) - Successfully registered JMX Bean with object name Ratis:service=RaftServer,group=group-024B58FEA649,id=34c8489e-bd2b-45e5-8f71-480c904dd2ce
2025-03-10 14:59:29,160 [34c8489e-bd2b-45e5-8f71-480c904dd2ce-groupManagement] INFO  util.JmxRegister (JmxRegister.java:register(58)) - register mxBean class org.apache.ratis.server.impl.RaftServerJmxAdapter as Ratis:service=RaftServer,group=group-024B58FEA649,id=34c8489e-bd2b-45e5-8f71-480c904dd2ce
2025-03-10 14:59:29,160 [34c8489e-bd2b-45e5-8f71-480c904dd2ce-groupManagement] INFO  server.RaftServerConfigKeys (ConfUtils.java:logGet(46)) - raft.server.snapshot.trigger-when-stop.enabled = true (default)
2025-03-10 14:59:29,161 [34c8489e-bd2b-45e5-8f71-480c904dd2ce-groupManagement] INFO  server.RaftServerConfigKeys (ConfUtils.java:logGet(46)) - raft.server.snapshot.trigger-when-remove.enabled = true (default)
2025-03-10 14:59:29,161 [34c8489e-bd2b-45e5-8f71-480c904dd2ce-groupManagement] INFO  server.RaftServerConfigKeys (ConfUtils.java:logGet(46)) - raft.server.snapshot.auto.trigger.enabled = true (custom)
2025-03-10 14:59:29,161 [34c8489e-bd2b-45e5-8f71-480c904dd2ce-groupManagement] INFO  server.RaftServerConfigKeys (ConfUtils.java:logGet(46)) - raft.server.snapshot.auto.trigger.threshold = 100000 (custom)
2025-03-10 14:59:29,161 [34c8489e-bd2b-45e5-8f71-480c904dd2ce-groupManagement] INFO  server.RaftServerConfigKeys (ConfUtils.java:logGet(46)) - raft.server.snapshot.retention.file.num = 5 (custom)
2025-03-10 14:59:29,161 [34c8489e-bd2b-45e5-8f71-480c904dd2ce-groupManagement] INFO  server.RaftServerConfigKeys (ConfUtils.java:logGet(46)) - raft.server.log.purge.upto.snapshot.index = false (default)
2025-03-10 14:59:29,161 [34c8489e-bd2b-45e5-8f71-480c904dd2ce-groupManagement] INFO  server.RaftServer$Division (RaftServerImpl.java:start(405)) - 34c8489e-bd2b-45e5-8f71-480c904dd2ce@group-024B58FEA649: Successfully started.
2025-03-10 14:59:29,161 [34c8489e-bd2b-45e5-8f71-480c904dd2ce-PipelineCommandHandlerThread-0] INFO  ratis.XceiverServerRatis (XceiverServerRatis.java:addGroup(841)) - Created group PipelineID=e556d727-2314-4b77-82f7-024b58fea649
2025-03-10 14:59:29,161 [34c8489e-bd2b-45e5-8f71-480c904dd2ce-PipelineCommandHandlerThread-0] INFO  commandhandler.CreatePipelineCommandHandler (CreatePipelineCommandHandler.java:lambda$handle$2(128)) - Created Pipeline RATIS ONE PipelineID=e556d727-2314-4b77-82f7-024b58fea649.
2025-03-10 14:59:30,151 [main] INFO  ozone.MiniOzoneClusterImpl (MiniOzoneClusterImpl.java:lambda$waitForClusterToBeReady$0(208)) - Nodes are ready. Got 3 of 3 DN Heartbeats.
2025-03-10 14:59:30,151 [main] INFO  ozone.MiniOzoneClusterImpl (MiniOzoneClusterImpl.java:lambda$waitForClusterToBeReady$0(211)) - Waiting for cluster to exit safe mode
2025-03-10 14:59:30,151 [main] INFO  ozone.MiniOzoneClusterImpl (MiniOzoneClusterImpl.java:lambda$waitForClusterToBeReady$0(213)) - SCM became leader
2025-03-10 14:59:31,151 [main] INFO  ozone.MiniOzoneClusterImpl (MiniOzoneClusterImpl.java:lambda$waitForClusterToBeReady$0(208)) - Nodes are ready. Got 3 of 3 DN Heartbeats.
2025-03-10 14:59:31,151 [main] INFO  ozone.MiniOzoneClusterImpl (MiniOzoneClusterImpl.java:lambda$waitForClusterToBeReady$0(211)) - Waiting for cluster to exit safe mode
2025-03-10 14:59:31,152 [main] INFO  ozone.MiniOzoneClusterImpl (MiniOzoneClusterImpl.java:lambda$waitForClusterToBeReady$0(213)) - SCM became leader
2025-03-10 14:59:32,152 [main] INFO  ozone.MiniOzoneClusterImpl (MiniOzoneClusterImpl.java:lambda$waitForClusterToBeReady$0(208)) - Nodes are ready. Got 3 of 3 DN Heartbeats.
2025-03-10 14:59:32,152 [main] INFO  ozone.MiniOzoneClusterImpl (MiniOzoneClusterImpl.java:lambda$waitForClusterToBeReady$0(211)) - Waiting for cluster to exit safe mode
2025-03-10 14:59:32,152 [main] INFO  ozone.MiniOzoneClusterImpl (MiniOzoneClusterImpl.java:lambda$waitForClusterToBeReady$0(213)) - SCM became leader
2025-03-10 14:59:33,152 [main] INFO  ozone.MiniOzoneClusterImpl (MiniOzoneClusterImpl.java:lambda$waitForClusterToBeReady$0(208)) - Nodes are ready. Got 3 of 3 DN Heartbeats.
2025-03-10 14:59:33,153 [main] INFO  ozone.MiniOzoneClusterImpl (MiniOzoneClusterImpl.java:lambda$waitForClusterToBeReady$0(211)) - Waiting for cluster to exit safe mode
2025-03-10 14:59:33,153 [main] INFO  ozone.MiniOzoneClusterImpl (MiniOzoneClusterImpl.java:lambda$waitForClusterToBeReady$0(213)) - SCM became leader
2025-03-10 14:59:33,794 [edfd90b7-d4f7-415e-a332-2179825f57d9@group-497F556FC23C-FollowerState] INFO  impl.FollowerState (FollowerState.java:runImpl(161)) - edfd90b7-d4f7-415e-a332-2179825f57d9@group-497F556FC23C-FollowerState: change to CANDIDATE, lastRpcElapsedTime:5016564364ns, electionTimeout:5016ms
2025-03-10 14:59:33,794 [edfd90b7-d4f7-415e-a332-2179825f57d9@group-497F556FC23C-FollowerState] INFO  impl.RoleInfo (RoleInfo.java:shutdownFollowerState(121)) - edfd90b7-d4f7-415e-a332-2179825f57d9: shutdown edfd90b7-d4f7-415e-a332-2179825f57d9@group-497F556FC23C-FollowerState
2025-03-10 14:59:33,794 [edfd90b7-d4f7-415e-a332-2179825f57d9@group-497F556FC23C-FollowerState] INFO  server.RaftServer$Division (RaftServerImpl.java:setRole(378)) - edfd90b7-d4f7-415e-a332-2179825f57d9@group-497F556FC23C: changes role from  FOLLOWER to CANDIDATE at term 0 for changeToCandidate
2025-03-10 14:59:33,794 [edfd90b7-d4f7-415e-a332-2179825f57d9@group-497F556FC23C-FollowerState] INFO  server.RaftServerConfigKeys (ConfUtils.java:logGet(46)) - raft.server.leaderelection.pre-vote = true (default)
2025-03-10 14:59:33,795 [edfd90b7-d4f7-415e-a332-2179825f57d9@group-497F556FC23C-FollowerState] INFO  impl.RoleInfo (RoleInfo.java:updateAndGet(148)) - edfd90b7-d4f7-415e-a332-2179825f57d9: start edfd90b7-d4f7-415e-a332-2179825f57d9@group-497F556FC23C-LeaderElection14
2025-03-10 14:59:33,795 [edfd90b7-d4f7-415e-a332-2179825f57d9@group-497F556FC23C-LeaderElection14] INFO  impl.LeaderElection (LeaderElection.java:askForVotes(332)) - edfd90b7-d4f7-415e-a332-2179825f57d9@group-497F556FC23C-LeaderElection14 PRE_VOTE round 0: submit vote requests at term 0 for conf: {index: -1, cur=peers:[edfd90b7-d4f7-415e-a332-2179825f57d9|127.0.0.1:15053]|listeners:[], old=null}
2025-03-10 14:59:33,795 [edfd90b7-d4f7-415e-a332-2179825f57d9@group-497F556FC23C-LeaderElection14] INFO  impl.LeaderElection (LeaderElection.java:askForVotes(334)) - edfd90b7-d4f7-415e-a332-2179825f57d9@group-497F556FC23C-LeaderElection14 PRE_VOTE round 0: result PASSED (term=0)
2025-03-10 14:59:33,796 [edfd90b7-d4f7-415e-a332-2179825f57d9@group-497F556FC23C-LeaderElection14] INFO  impl.LeaderElection (LeaderElection.java:askForVotes(332)) - edfd90b7-d4f7-415e-a332-2179825f57d9@group-497F556FC23C-LeaderElection14 ELECTION round 0: submit vote requests at term 1 for conf: {index: -1, cur=peers:[edfd90b7-d4f7-415e-a332-2179825f57d9|127.0.0.1:15053]|listeners:[], old=null}
2025-03-10 14:59:33,796 [edfd90b7-d4f7-415e-a332-2179825f57d9@group-497F556FC23C-LeaderElection14] INFO  impl.LeaderElection (LeaderElection.java:askForVotes(334)) - edfd90b7-d4f7-415e-a332-2179825f57d9@group-497F556FC23C-LeaderElection14 ELECTION round 0: result PASSED (term=1)
2025-03-10 14:59:33,796 [edfd90b7-d4f7-415e-a332-2179825f57d9@group-497F556FC23C-LeaderElection14] INFO  impl.RoleInfo (RoleInfo.java:shutdownLeaderElection(141)) - edfd90b7-d4f7-415e-a332-2179825f57d9: shutdown edfd90b7-d4f7-415e-a332-2179825f57d9@group-497F556FC23C-LeaderElection14
2025-03-10 14:59:33,796 [edfd90b7-d4f7-415e-a332-2179825f57d9@group-497F556FC23C-LeaderElection14] INFO  server.RaftServer$Division (RaftServerImpl.java:setRole(378)) - edfd90b7-d4f7-415e-a332-2179825f57d9@group-497F556FC23C: changes role from CANDIDATE to LEADER at term 1 for changeToLeader
2025-03-10 14:59:33,796 [edfd90b7-d4f7-415e-a332-2179825f57d9@group-497F556FC23C-LeaderElection14] INFO  server.RaftServerConfigKeys (ConfUtils.java:logGet(46)) - raft.server.staging.catchup.gap = 1000 (default)
2025-03-10 14:59:33,797 [edfd90b7-d4f7-415e-a332-2179825f57d9@group-497F556FC23C-LeaderElection14] INFO  server.RaftServerConfigKeys (ConfUtils.java:logGet(46)) - raft.server.write.element-limit = 1024 (custom)
2025-03-10 14:59:33,797 [edfd90b7-d4f7-415e-a332-2179825f57d9@group-497F556FC23C-LeaderElection14] INFO  server.RaftServerConfigKeys (ConfUtils.java:logGet(46)) - raft.server.write.byte-limit = 1024 M (=1073741824) (custom)
2025-03-10 14:59:33,797 [edfd90b7-d4f7-415e-a332-2179825f57d9@group-497F556FC23C-LeaderElection14] INFO  server.RaftServerConfigKeys (ConfUtils.java:logGet(46)) - raft.server.watch.timeout = 30s (custom)
2025-03-10 14:59:33,797 [edfd90b7-d4f7-415e-a332-2179825f57d9@group-497F556FC23C-LeaderElection14] INFO  server.RaftServerConfigKeys (ConfUtils.java:logGet(46)) - raft.server.watch.timeout.denomination = 1s (default)
2025-03-10 14:59:33,797 [edfd90b7-d4f7-415e-a332-2179825f57d9@group-497F556FC23C-LeaderElection14] INFO  server.RaftServerConfigKeys (ConfUtils.java:logGet(46)) - raft.server.watch.element-limit = 65536 (default)
2025-03-10 14:59:33,797 [edfd90b7-d4f7-415e-a332-2179825f57d9@group-497F556FC23C-LeaderElection14] INFO  server.RaftServerConfigKeys (ConfUtils.java:logGet(46)) - raft.server.read.leader.lease.enabled = false (default)
2025-03-10 14:59:33,797 [edfd90b7-d4f7-415e-a332-2179825f57d9@group-497F556FC23C-LeaderElection14] INFO  server.RaftServerConfigKeys (ConfUtils.java:logGet(46)) - raft.server.read.leader.lease.timeout.ratio = 0.9 (default)
2025-03-10 14:59:33,797 [edfd90b7-d4f7-415e-a332-2179825f57d9@group-497F556FC23C-LeaderElection14] INFO  server.RaftServerConfigKeys (ConfUtils.java:logGet(46)) - raft.server.rpc.timeout.min = 5s (custom)
2025-03-10 14:59:33,798 [edfd90b7-d4f7-415e-a332-2179825f57d9@group-497F556FC23C-LeaderElection14] INFO  server.RaftServerConfigKeys (ConfUtils.java:logGet(46)) - raft.server.log.log-metadata.enabled = true (default)
2025-03-10 14:59:33,798 [edfd90b7-d4f7-415e-a332-2179825f57d9@group-497F556FC23C-LeaderElection14] INFO  server.RaftServerConfigKeys (ConfUtils.java:logGet(46)) - raft.server.write.element-limit = 1024 (custom)
2025-03-10 14:59:33,798 [edfd90b7-d4f7-415e-a332-2179825f57d9@group-497F556FC23C-LeaderElection14] INFO  server.RaftServerConfigKeys (ConfUtils.java:logGet(46)) - raft.server.write.follower.gap.ratio.max = -1.0 (default)
2025-03-10 14:59:33,798 [edfd90b7-d4f7-415e-a332-2179825f57d9@group-497F556FC23C-LeaderElection14] INFO  impl.RoleInfo (RoleInfo.java:updateAndGet(148)) - edfd90b7-d4f7-415e-a332-2179825f57d9: start edfd90b7-d4f7-415e-a332-2179825f57d9@group-497F556FC23C-LeaderStateImpl
2025-03-10 14:59:33,798 [edfd90b7-d4f7-415e-a332-2179825f57d9@group-497F556FC23C-LeaderElection14] INFO  server.RaftServer$Division (RaftServerImpl.java:setFirstElection(562)) - edfd90b7-d4f7-415e-a332-2179825f57d9@group-497F556FC23C: set firstElectionSinceStartup to false for becomeLeader
2025-03-10 14:59:33,798 [edfd90b7-d4f7-415e-a332-2179825f57d9@group-497F556FC23C-LeaderElection14] INFO  ratis.XceiverServerRatis (XceiverServerRatis.java:handleLeaderChangedNotification(941)) - Leader change notification received for group: group-497F556FC23C with new leaderId: edfd90b7-d4f7-415e-a332-2179825f57d9
2025-03-10 14:59:33,798 [edfd90b7-d4f7-415e-a332-2179825f57d9@group-497F556FC23C-LeaderElection14] INFO  server.RaftServer$Division (ServerState.java:setLeader(272)) - edfd90b7-d4f7-415e-a332-2179825f57d9@group-497F556FC23C: change Leader from null to edfd90b7-d4f7-415e-a332-2179825f57d9 at term 1 for becomeLeader, leader elected after 5034ms
2025-03-10 14:59:33,798 [edfd90b7-d4f7-415e-a332-2179825f57d9@group-497F556FC23C-LeaderElection14] INFO  segmented.SegmentedRaftLogWorker (SegmentedRaftLogWorker.java:startLogSegment(438)) - edfd90b7-d4f7-415e-a332-2179825f57d9@group-497F556FC23C-SegmentedRaftLogWorker: Starting segment from index:0
2025-03-10 14:59:33,798 [edfd90b7-d4f7-415e-a332-2179825f57d9@group-497F556FC23C-LeaderElection14] INFO  server.RaftServer$Division (ServerState.java:setRaftConf(386)) - edfd90b7-d4f7-415e-a332-2179825f57d9@group-497F556FC23C: set configuration conf: {index: 0, cur=peers:[edfd90b7-d4f7-415e-a332-2179825f57d9|127.0.0.1:15053]|listeners:[], old=null}
2025-03-10 14:59:33,799 [edfd90b7-d4f7-415e-a332-2179825f57d9@group-497F556FC23C-SegmentedRaftLogWorker] INFO  segmented.BufferedWriteChannel (BufferedWriteChannel.java:open(61)) - open log_inprogress_0 at position 0
2025-03-10 14:59:33,802 [EventQueue-OpenPipelineForHealthyPipelineSafeModeRule] INFO  safemode.SCMSafeModeManager (HealthyPipelineSafeModeRule.java:process(141)) - SCM in safe mode. Healthy pipelines reported count is 0, required healthy pipeline reported count is 1
2025-03-10 14:59:33,808 [edfd90b7-d4f7-415e-a332-2179825f57d9@group-497F556FC23C-SegmentedRaftLogWorker] INFO  segmented.SegmentedRaftLogWorker (SegmentedRaftLogWorker.java:execute(644)) - edfd90b7-d4f7-415e-a332-2179825f57d9@group-497F556FC23C-SegmentedRaftLogWorker: created new log segment /home/runner/work/ozone/ozone/hadoop-ozone/integration-test/target/test-dir/MiniOzoneClusterImpl-92936399-7d39-4e90-b2ee-bbad22e09632/ozone-meta/datanode-1/ratis/5f4fe0b7-3382-4e4b-942f-497f556fc23c/current/log_inprogress_0
2025-03-10 14:59:33,810 [edfd90b7-d4f7-415e-a332-2179825f57d9@group-497F556FC23C-StateMachineUpdater] INFO  server.RaftServer$Division (LeaderStateImpl.java:checkStartIndex(313)) - Leader edfd90b7-d4f7-415e-a332-2179825f57d9@group-497F556FC23C-LeaderStateImpl is ready since appliedIndex == startIndex == 0
2025-03-10 14:59:33,837 [edfd90b7-d4f7-415e-a332-2179825f57d9@group-AB5CA55042D9-FollowerState] INFO  impl.FollowerState (FollowerState.java:runImpl(161)) - edfd90b7-d4f7-415e-a332-2179825f57d9@group-AB5CA55042D9-FollowerState: change to CANDIDATE, lastRpcElapsedTime:5043845236ns, electionTimeout:5043ms
2025-03-10 14:59:33,837 [edfd90b7-d4f7-415e-a332-2179825f57d9@group-AB5CA55042D9-FollowerState] INFO  impl.RoleInfo (RoleInfo.java:shutdownFollowerState(121)) - edfd90b7-d4f7-415e-a332-2179825f57d9: shutdown edfd90b7-d4f7-415e-a332-2179825f57d9@group-AB5CA55042D9-FollowerState
2025-03-10 14:59:33,837 [edfd90b7-d4f7-415e-a332-2179825f57d9@group-AB5CA55042D9-FollowerState] INFO  server.RaftServer$Division (RaftServerImpl.java:setRole(378)) - edfd90b7-d4f7-415e-a332-2179825f57d9@group-AB5CA55042D9: changes role from  FOLLOWER to CANDIDATE at term 0 for changeToCandidate
2025-03-10 14:59:33,837 [edfd90b7-d4f7-415e-a332-2179825f57d9@group-AB5CA55042D9-FollowerState] INFO  server.RaftServerConfigKeys (ConfUtils.java:logGet(46)) - raft.server.leaderelection.pre-vote = true (default)
2025-03-10 14:59:33,838 [edfd90b7-d4f7-415e-a332-2179825f57d9@group-AB5CA55042D9-FollowerState] INFO  impl.RoleInfo (RoleInfo.java:updateAndGet(148)) - edfd90b7-d4f7-415e-a332-2179825f57d9: start edfd90b7-d4f7-415e-a332-2179825f57d9@group-AB5CA55042D9-LeaderElection15
2025-03-10 14:59:33,838 [edfd90b7-d4f7-415e-a332-2179825f57d9@group-AB5CA55042D9-LeaderElection15] INFO  impl.LeaderElection (LeaderElection.java:askForVotes(332)) - edfd90b7-d4f7-415e-a332-2179825f57d9@group-AB5CA55042D9-LeaderElection15 PRE_VOTE round 0: submit vote requests at term 0 for conf: {index: -1, cur=peers:[edfd90b7-d4f7-415e-a332-2179825f57d9|127.0.0.1:15053, a47358e8-0456-4981-be42-6c2243302bda|127.0.0.1:15062, 34c8489e-bd2b-45e5-8f71-480c904dd2ce|127.0.0.1:15071]|listeners:[], old=null}
2025-03-10 14:59:33,838 [edfd90b7-d4f7-415e-a332-2179825f57d9@group-AB5CA55042D9-LeaderElection15-1] INFO  server.GrpcServerProtocolClient (GrpcServerProtocolClient.java:<init>(65)) - Build channel for a47358e8-0456-4981-be42-6c2243302bda|127.0.0.1:15062
2025-03-10 14:59:33,838 [edfd90b7-d4f7-415e-a332-2179825f57d9@group-AB5CA55042D9-LeaderElection15-2] INFO  server.GrpcServerProtocolClient (GrpcServerProtocolClient.java:<init>(65)) - Build channel for 34c8489e-bd2b-45e5-8f71-480c904dd2ce|127.0.0.1:15071
2025-03-10 14:59:33,838 [edfd90b7-d4f7-415e-a332-2179825f57d9@group-AB5CA55042D9-LeaderElection15] INFO  server.RaftServerConfigKeys (ConfUtils.java:logFallback(53)) - raft.server.rpc.first-election.timeout.min = 5s (fallback to raft.server.rpc.timeout.min)
2025-03-10 14:59:33,839 [edfd90b7-d4f7-415e-a332-2179825f57d9@group-AB5CA55042D9-LeaderElection15] INFO  server.RaftServerConfigKeys (ConfUtils.java:logFallback(53)) - raft.server.rpc.first-election.timeout.max = 5200ms (fallback to raft.server.rpc.timeout.max)
2025-03-10 14:59:33,841 [a47358e8-0456-4981-be42-6c2243302bda@group-AB5CA55042D9-FollowerState] INFO  impl.FollowerState (FollowerState.java:runImpl(161)) - a47358e8-0456-4981-be42-6c2243302bda@group-AB5CA55042D9-FollowerState: change to CANDIDATE, lastRpcElapsedTime:5023655262ns, electionTimeout:5023ms
2025-03-10 14:59:33,842 [a47358e8-0456-4981-be42-6c2243302bda@group-AB5CA55042D9-FollowerState] INFO  impl.RoleInfo (RoleInfo.java:shutdownFollowerState(121)) - a47358e8-0456-4981-be42-6c2243302bda: shutdown a47358e8-0456-4981-be42-6c2243302bda@group-AB5CA55042D9-FollowerState
2025-03-10 14:59:33,842 [a47358e8-0456-4981-be42-6c2243302bda@group-AB5CA55042D9-FollowerState] INFO  server.RaftServer$Division (RaftServerImpl.java:setRole(378)) - a47358e8-0456-4981-be42-6c2243302bda@group-AB5CA55042D9: changes role from  FOLLOWER to CANDIDATE at term 0 for changeToCandidate
2025-03-10 14:59:33,842 [a47358e8-0456-4981-be42-6c2243302bda@group-AB5CA55042D9-FollowerState] INFO  server.RaftServerConfigKeys (ConfUtils.java:logGet(46)) - raft.server.leaderelection.pre-vote = true (default)
2025-03-10 14:59:33,842 [a47358e8-0456-4981-be42-6c2243302bda@group-AB5CA55042D9-FollowerState] INFO  impl.RoleInfo (RoleInfo.java:updateAndGet(148)) - a47358e8-0456-4981-be42-6c2243302bda: start a47358e8-0456-4981-be42-6c2243302bda@group-AB5CA55042D9-LeaderElection16
2025-03-10 14:59:33,842 [a47358e8-0456-4981-be42-6c2243302bda@group-AB5CA55042D9-LeaderElection16] INFO  impl.LeaderElection (LeaderElection.java:askForVotes(332)) - a47358e8-0456-4981-be42-6c2243302bda@group-AB5CA55042D9-LeaderElection16 PRE_VOTE round 0: submit vote requests at term 0 for conf: {index: -1, cur=peers:[edfd90b7-d4f7-415e-a332-2179825f57d9|127.0.0.1:15053, a47358e8-0456-4981-be42-6c2243302bda|127.0.0.1:15062, 34c8489e-bd2b-45e5-8f71-480c904dd2ce|127.0.0.1:15071]|listeners:[], old=null}
2025-03-10 14:59:33,843 [a47358e8-0456-4981-be42-6c2243302bda@group-AB5CA55042D9-LeaderElection16-1] INFO  server.GrpcServerProtocolClient (GrpcServerProtocolClient.java:<init>(65)) - Build channel for edfd90b7-d4f7-415e-a332-2179825f57d9|127.0.0.1:15053
2025-03-10 14:59:33,843 [a47358e8-0456-4981-be42-6c2243302bda@group-AB5CA55042D9-LeaderElection16-2] INFO  server.GrpcServerProtocolClient (GrpcServerProtocolClient.java:<init>(65)) - Build channel for 34c8489e-bd2b-45e5-8f71-480c904dd2ce|127.0.0.1:15071
2025-03-10 14:59:33,843 [a47358e8-0456-4981-be42-6c2243302bda@group-AB5CA55042D9-LeaderElection16] INFO  server.RaftServerConfigKeys (ConfUtils.java:logFallback(53)) - raft.server.rpc.first-election.timeout.min = 5s (fallback to raft.server.rpc.timeout.min)
2025-03-10 14:59:33,844 [a47358e8-0456-4981-be42-6c2243302bda@group-AB5CA55042D9-LeaderElection16] INFO  server.RaftServerConfigKeys (ConfUtils.java:logFallback(53)) - raft.server.rpc.first-election.timeout.max = 5200ms (fallback to raft.server.rpc.timeout.max)
2025-03-10 14:59:33,845 [grpc-default-executor-2] INFO  server.RaftServer$Division (RaftServerImpl.java:requestVote(1407)) - a47358e8-0456-4981-be42-6c2243302bda@group-AB5CA55042D9: receive requestVote(PRE_VOTE, edfd90b7-d4f7-415e-a332-2179825f57d9, group-AB5CA55042D9, 0, (t:0, i:0))
2025-03-10 14:59:33,846 [grpc-default-executor-2] INFO  impl.VoteContext (VoteContext.java:log(49)) - a47358e8-0456-4981-be42-6c2243302bda@group-AB5CA55042D9-CANDIDATE: reject PRE_VOTE from edfd90b7-d4f7-415e-a332-2179825f57d9: our priority 1 > candidate's priority 0
2025-03-10 14:59:33,845 [grpc-default-executor-1] INFO  server.RaftServer$Division (RaftServerImpl.java:requestVote(1407)) - 34c8489e-bd2b-45e5-8f71-480c904dd2ce@group-AB5CA55042D9: receive requestVote(PRE_VOTE, edfd90b7-d4f7-415e-a332-2179825f57d9, group-AB5CA55042D9, 0, (t:0, i:0))
2025-03-10 14:59:33,846 [grpc-default-executor-2] INFO  server.RaftServer$Division (RaftServerImpl.java:requestVote(1441)) - a47358e8-0456-4981-be42-6c2243302bda@group-AB5CA55042D9 replies to PRE_VOTE vote request: edfd90b7-d4f7-415e-a332-2179825f57d9<-a47358e8-0456-4981-be42-6c2243302bda#0:FAIL-t0. Peer's state: a47358e8-0456-4981-be42-6c2243302bda@group-AB5CA55042D9:t0, leader=null, voted=, raftlog=Memoized:a47358e8-0456-4981-be42-6c2243302bda@group-AB5CA55042D9-SegmentedRaftLog:OPENED:c-1:lastnull, conf=conf: {index: -1, cur=peers:[edfd90b7-d4f7-415e-a332-2179825f57d9|127.0.0.1:15053, a47358e8-0456-4981-be42-6c2243302bda|127.0.0.1:15062, 34c8489e-bd2b-45e5-8f71-480c904dd2ce|127.0.0.1:15071]|listeners:[], old=null}
2025-03-10 14:59:33,847 [grpc-default-executor-1] INFO  impl.VoteContext (VoteContext.java:log(49)) - 34c8489e-bd2b-45e5-8f71-480c904dd2ce@group-AB5CA55042D9-FOLLOWER: accept PRE_VOTE from edfd90b7-d4f7-415e-a332-2179825f57d9: our priority 0 <= candidate's priority 0
2025-03-10 14:59:33,847 [grpc-default-executor-1] INFO  server.RaftServer$Division (RaftServerImpl.java:requestVote(1441)) - 34c8489e-bd2b-45e5-8f71-480c904dd2ce@group-AB5CA55042D9 replies to PRE_VOTE vote request: edfd90b7-d4f7-415e-a332-2179825f57d9<-34c8489e-bd2b-45e5-8f71-480c904dd2ce#0:OK-t0. Peer's state: 34c8489e-bd2b-45e5-8f71-480c904dd2ce@group-AB5CA55042D9:t0, leader=null, voted=, raftlog=Memoized:34c8489e-bd2b-45e5-8f71-480c904dd2ce@group-AB5CA55042D9-SegmentedRaftLog:OPENED:c-1:lastnull, conf=conf: {index: -1, cur=peers:[edfd90b7-d4f7-415e-a332-2179825f57d9|127.0.0.1:15053, a47358e8-0456-4981-be42-6c2243302bda|127.0.0.1:15062, 34c8489e-bd2b-45e5-8f71-480c904dd2ce|127.0.0.1:15071]|listeners:[], old=null}
2025-03-10 14:59:33,848 [edfd90b7-d4f7-415e-a332-2179825f57d9@group-AB5CA55042D9-LeaderElection15] INFO  impl.LeaderElection (LeaderElection.java:logAndReturn(90)) - edfd90b7-d4f7-415e-a332-2179825f57d9@group-AB5CA55042D9-LeaderElection15: PRE_VOTE REJECTED received 1 response(s) and 0 exception(s):
2025-03-10 14:59:33,848 [edfd90b7-d4f7-415e-a332-2179825f57d9@group-AB5CA55042D9-LeaderElection15] INFO  impl.LeaderElection (LeaderElection.java:logAndReturn(94)) -   Response 0: edfd90b7-d4f7-415e-a332-2179825f57d9<-a47358e8-0456-4981-be42-6c2243302bda#0:FAIL-t0
2025-03-10 14:59:33,849 [edfd90b7-d4f7-415e-a332-2179825f57d9@group-AB5CA55042D9-LeaderElection15] INFO  impl.LeaderElection (LeaderElection.java:askForVotes(334)) - edfd90b7-d4f7-415e-a332-2179825f57d9@group-AB5CA55042D9-LeaderElection15 PRE_VOTE round 0: result REJECTED
2025-03-10 14:59:33,849 [edfd90b7-d4f7-415e-a332-2179825f57d9@group-AB5CA55042D9-LeaderElection15] INFO  server.RaftServer$Division (RaftServerImpl.java:setRole(378)) - edfd90b7-d4f7-415e-a332-2179825f57d9@group-AB5CA55042D9: changes role from CANDIDATE to FOLLOWER at term 0 for REJECTED
2025-03-10 14:59:33,849 [edfd90b7-d4f7-415e-a332-2179825f57d9@group-AB5CA55042D9-LeaderElection15] INFO  impl.RoleInfo (RoleInfo.java:shutdownLeaderElection(141)) - edfd90b7-d4f7-415e-a332-2179825f57d9: shutdown edfd90b7-d4f7-415e-a332-2179825f57d9@group-AB5CA55042D9-LeaderElection15
2025-03-10 14:59:33,849 [edfd90b7-d4f7-415e-a332-2179825f57d9@group-AB5CA55042D9-LeaderElection15] INFO  impl.RoleInfo (RoleInfo.java:updateAndGet(148)) - edfd90b7-d4f7-415e-a332-2179825f57d9: start edfd90b7-d4f7-415e-a332-2179825f57d9@group-AB5CA55042D9-FollowerState
2025-03-10 14:59:33,849 [grpc-default-executor-4] INFO  server.RaftServer$Division (RaftServerImpl.java:requestVote(1407)) - 34c8489e-bd2b-45e5-8f71-480c904dd2ce@group-AB5CA55042D9: receive requestVote(PRE_VOTE, a47358e8-0456-4981-be42-6c2243302bda, group-AB5CA55042D9, 0, (t:0, i:0))
2025-03-10 14:59:33,849 [edfd90b7-d4f7-415e-a332-2179825f57d9@group-AB5CA55042D9-LeaderElection15] INFO  server.RaftServer$Division (RaftServerImpl.java:setFirstElection(562)) - edfd90b7-d4f7-415e-a332-2179825f57d9@group-AB5CA55042D9: set firstElectionSinceStartup to false for REJECTED
2025-03-10 14:59:33,850 [grpc-default-executor-4] INFO  impl.VoteContext (VoteContext.java:log(49)) - 34c8489e-bd2b-45e5-8f71-480c904dd2ce@group-AB5CA55042D9-FOLLOWER: accept PRE_VOTE from a47358e8-0456-4981-be42-6c2243302bda: our priority 0 <= candidate's priority 1
2025-03-10 14:59:33,850 [grpc-default-executor-2] INFO  server.RaftServer$Division (RaftServerImpl.java:requestVote(1407)) - edfd90b7-d4f7-415e-a332-2179825f57d9@group-AB5CA55042D9: receive requestVote(PRE_VOTE, a47358e8-0456-4981-be42-6c2243302bda, group-AB5CA55042D9, 0, (t:0, i:0))
2025-03-10 14:59:33,850 [grpc-default-executor-4] INFO  server.RaftServer$Division (RaftServerImpl.java:requestVote(1441)) - 34c8489e-bd2b-45e5-8f71-480c904dd2ce@group-AB5CA55042D9 replies to PRE_VOTE vote request: a47358e8-0456-4981-be42-6c2243302bda<-34c8489e-bd2b-45e5-8f71-480c904dd2ce#0:OK-t0. Peer's state: 34c8489e-bd2b-45e5-8f71-480c904dd2ce@group-AB5CA55042D9:t0, leader=null, voted=, raftlog=Memoized:34c8489e-bd2b-45e5-8f71-480c904dd2ce@group-AB5CA55042D9-SegmentedRaftLog:OPENED:c-1:lastnull, conf=conf: {index: -1, cur=peers:[edfd90b7-d4f7-415e-a332-2179825f57d9|127.0.0.1:15053, a47358e8-0456-4981-be42-6c2243302bda|127.0.0.1:15062, 34c8489e-bd2b-45e5-8f71-480c904dd2ce|127.0.0.1:15071]|listeners:[], old=null}
2025-03-10 14:59:33,850 [grpc-default-executor-2] INFO  impl.VoteContext (VoteContext.java:log(49)) - edfd90b7-d4f7-415e-a332-2179825f57d9@group-AB5CA55042D9-FOLLOWER: accept PRE_VOTE from a47358e8-0456-4981-be42-6c2243302bda: our priority 0 <= candidate's priority 1
2025-03-10 14:59:33,850 [grpc-default-executor-2] INFO  server.RaftServer$Division (RaftServerImpl.java:requestVote(1441)) - edfd90b7-d4f7-415e-a332-2179825f57d9@group-AB5CA55042D9 replies to PRE_VOTE vote request: a47358e8-0456-4981-be42-6c2243302bda<-edfd90b7-d4f7-415e-a332-2179825f57d9#0:OK-t0. Peer's state: edfd90b7-d4f7-415e-a332-2179825f57d9@group-AB5CA55042D9:t0, leader=null, voted=, raftlog=Memoized:edfd90b7-d4f7-415e-a332-2179825f57d9@group-AB5CA55042D9-SegmentedRaftLog:OPENED:c-1:lastnull, conf=conf: {index: -1, cur=peers:[edfd90b7-d4f7-415e-a332-2179825f57d9|127.0.0.1:15053, a47358e8-0456-4981-be42-6c2243302bda|127.0.0.1:15062, 34c8489e-bd2b-45e5-8f71-480c904dd2ce|127.0.0.1:15071]|listeners:[], old=null}
2025-03-10 14:59:33,851 [a47358e8-0456-4981-be42-6c2243302bda@group-AB5CA55042D9-LeaderElection16] INFO  impl.LeaderElection (LeaderElection.java:logAndReturn(90)) - a47358e8-0456-4981-be42-6c2243302bda@group-AB5CA55042D9-LeaderElection16: PRE_VOTE PASSED received 1 response(s) and 0 exception(s):
2025-03-10 14:59:33,851 [a47358e8-0456-4981-be42-6c2243302bda@group-AB5CA55042D9-LeaderElection16] INFO  impl.LeaderElection (LeaderElection.java:logAndReturn(94)) -   Response 0: a47358e8-0456-4981-be42-6c2243302bda<-34c8489e-bd2b-45e5-8f71-480c904dd2ce#0:OK-t0
2025-03-10 14:59:33,851 [a47358e8-0456-4981-be42-6c2243302bda@group-AB5CA55042D9-LeaderElection16] INFO  impl.LeaderElection (LeaderElection.java:askForVotes(334)) - a47358e8-0456-4981-be42-6c2243302bda@group-AB5CA55042D9-LeaderElection16 PRE_VOTE round 0: result PASSED
2025-03-10 14:59:33,852 [a47358e8-0456-4981-be42-6c2243302bda@group-AB5CA55042D9-LeaderElection16] INFO  impl.LeaderElection (LeaderElection.java:askForVotes(332)) - a47358e8-0456-4981-be42-6c2243302bda@group-AB5CA55042D9-LeaderElection16 ELECTION round 0: submit vote requests at term 1 for conf: {index: -1, cur=peers:[edfd90b7-d4f7-415e-a332-2179825f57d9|127.0.0.1:15053, a47358e8-0456-4981-be42-6c2243302bda|127.0.0.1:15062, 34c8489e-bd2b-45e5-8f71-480c904dd2ce|127.0.0.1:15071]|listeners:[], old=null}
2025-03-10 14:59:33,853 [a47358e8-0456-4981-be42-6c2243302bda@group-AB5CA55042D9-LeaderElection16] INFO  server.RaftServerConfigKeys (ConfUtils.java:logFallback(53)) - raft.server.rpc.first-election.timeout.min = 5s (fallback to raft.server.rpc.timeout.min)
2025-03-10 14:59:33,853 [a47358e8-0456-4981-be42-6c2243302bda@group-AB5CA55042D9-LeaderElection16] INFO  server.RaftServerConfigKeys (ConfUtils.java:logFallback(53)) - raft.server.rpc.first-election.timeout.max = 5200ms (fallback to raft.server.rpc.timeout.max)
2025-03-10 14:59:33,854 [grpc-default-executor-4] INFO  server.RaftServer$Division (RaftServerImpl.java:requestVote(1407)) - 34c8489e-bd2b-45e5-8f71-480c904dd2ce@group-AB5CA55042D9: receive requestVote(ELECTION, a47358e8-0456-4981-be42-6c2243302bda, group-AB5CA55042D9, 1, (t:0, i:0))
2025-03-10 14:59:33,854 [grpc-default-executor-2] INFO  server.RaftServer$Division (RaftServerImpl.java:requestVote(1407)) - edfd90b7-d4f7-415e-a332-2179825f57d9@group-AB5CA55042D9: receive requestVote(ELECTION, a47358e8-0456-4981-be42-6c2243302bda, group-AB5CA55042D9, 1, (t:0, i:0))
2025-03-10 14:59:33,854 [grpc-default-executor-2] INFO  impl.VoteContext (VoteContext.java:log(49)) - edfd90b7-d4f7-415e-a332-2179825f57d9@group-AB5CA55042D9-FOLLOWER: accept ELECTION from a47358e8-0456-4981-be42-6c2243302bda: our priority 0 <= candidate's priority 1
2025-03-10 14:59:33,854 [grpc-default-executor-4] INFO  impl.VoteContext (VoteContext.java:log(49)) - 34c8489e-bd2b-45e5-8f71-480c904dd2ce@group-AB5CA55042D9-FOLLOWER: accept ELECTION from a47358e8-0456-4981-be42-6c2243302bda: our priority 0 <= candidate's priority 1
2025-03-10 14:59:33,854 [grpc-default-executor-2] INFO  server.RaftServer$Division (RaftServerImpl.java:setRole(378)) - edfd90b7-d4f7-415e-a332-2179825f57d9@group-AB5CA55042D9: changes role from  FOLLOWER to FOLLOWER at term 0 for candidate:a47358e8-0456-4981-be42-6c2243302bda
2025-03-10 14:59:33,854 [grpc-default-executor-4] INFO  server.RaftServer$Division (RaftServerImpl.java:setRole(378)) - 34c8489e-bd2b-45e5-8f71-480c904dd2ce@group-AB5CA55042D9: changes role from  FOLLOWER to FOLLOWER at term 0 for candidate:a47358e8-0456-4981-be42-6c2243302bda
2025-03-10 14:59:33,854 [grpc-default-executor-2] INFO  impl.RoleInfo (RoleInfo.java:shutdownFollowerState(121)) - edfd90b7-d4f7-415e-a332-2179825f57d9: shutdown edfd90b7-d4f7-415e-a332-2179825f57d9@group-AB5CA55042D9-FollowerState
2025-03-10 14:59:33,854 [grpc-default-executor-4] INFO  impl.RoleInfo (RoleInfo.java:shutdownFollowerState(121)) - 34c8489e-bd2b-45e5-8f71-480c904dd2ce: shutdown 34c8489e-bd2b-45e5-8f71-480c904dd2ce@group-AB5CA55042D9-FollowerState
2025-03-10 14:59:33,854 [grpc-default-executor-2] INFO  impl.RoleInfo (RoleInfo.java:updateAndGet(148)) - edfd90b7-d4f7-415e-a332-2179825f57d9: start edfd90b7-d4f7-415e-a332-2179825f57d9@group-AB5CA55042D9-FollowerState
2025-03-10 14:59:33,854 [grpc-default-executor-4] INFO  impl.RoleInfo (RoleInfo.java:updateAndGet(148)) - 34c8489e-bd2b-45e5-8f71-480c904dd2ce: start 34c8489e-bd2b-45e5-8f71-480c904dd2ce@group-AB5CA55042D9-FollowerState
2025-03-10 14:59:33,855 [34c8489e-bd2b-45e5-8f71-480c904dd2ce@group-AB5CA55042D9-FollowerState] INFO  impl.FollowerState (FollowerState.java:runImpl(170)) - 34c8489e-bd2b-45e5-8f71-480c904dd2ce@group-AB5CA55042D9-FollowerState was interrupted
2025-03-10 14:59:33,854 [edfd90b7-d4f7-415e-a332-2179825f57d9@group-AB5CA55042D9-FollowerState] INFO  impl.FollowerState (FollowerState.java:runImpl(170)) - edfd90b7-d4f7-415e-a332-2179825f57d9@group-AB5CA55042D9-FollowerState was interrupted
2025-03-10 14:59:33,855 [grpc-default-executor-4] INFO  server.RaftServer$Division (RaftServerImpl.java:setFirstElection(562)) - 34c8489e-bd2b-45e5-8f71-480c904dd2ce@group-AB5CA55042D9: set firstElectionSinceStartup to false for candidate:a47358e8-0456-4981-be42-6c2243302bda
2025-03-10 14:59:33,856 [grpc-default-executor-2] INFO  server.RaftServer$Division (RaftServerImpl.java:requestVote(1441)) - edfd90b7-d4f7-415e-a332-2179825f57d9@group-AB5CA55042D9 replies to ELECTION vote request: a47358e8-0456-4981-be42-6c2243302bda<-edfd90b7-d4f7-415e-a332-2179825f57d9#0:OK-t1. Peer's state: edfd90b7-d4f7-415e-a332-2179825f57d9@group-AB5CA55042D9:t1, leader=null, voted=a47358e8-0456-4981-be42-6c2243302bda, raftlog=Memoized:edfd90b7-d4f7-415e-a332-2179825f57d9@group-AB5CA55042D9-SegmentedRaftLog:OPENED:c-1:lastnull, conf=conf: {index: -1, cur=peers:[edfd90b7-d4f7-415e-a332-2179825f57d9|127.0.0.1:15053, a47358e8-0456-4981-be42-6c2243302bda|127.0.0.1:15062, 34c8489e-bd2b-45e5-8f71-480c904dd2ce|127.0.0.1:15071]|listeners:[], old=null}
2025-03-10 14:59:33,856 [a47358e8-0456-4981-be42-6c2243302bda@group-AB5CA55042D9-LeaderElection16] INFO  impl.LeaderElection (LeaderElection.java:logAndReturn(90)) - a47358e8-0456-4981-be42-6c2243302bda@group-AB5CA55042D9-LeaderElection16: ELECTION PASSED received 1 response(s) and 0 exception(s):
2025-03-10 14:59:33,857 [grpc-default-executor-4] INFO  server.RaftServer$Division (RaftServerImpl.java:requestVote(1441)) - 34c8489e-bd2b-45e5-8f71-480c904dd2ce@group-AB5CA55042D9 replies to ELECTION vote request: a47358e8-0456-4981-be42-6c2243302bda<-34c8489e-bd2b-45e5-8f71-480c904dd2ce#0:OK-t1. Peer's state: 34c8489e-bd2b-45e5-8f71-480c904dd2ce@group-AB5CA55042D9:t1, leader=null, voted=a47358e8-0456-4981-be42-6c2243302bda, raftlog=Memoized:34c8489e-bd2b-45e5-8f71-480c904dd2ce@group-AB5CA55042D9-SegmentedRaftLog:OPENED:c-1:lastnull, conf=conf: {index: -1, cur=peers:[edfd90b7-d4f7-415e-a332-2179825f57d9|127.0.0.1:15053, a47358e8-0456-4981-be42-6c2243302bda|127.0.0.1:15062, 34c8489e-bd2b-45e5-8f71-480c904dd2ce|127.0.0.1:15071]|listeners:[], old=null}
2025-03-10 14:59:33,857 [a47358e8-0456-4981-be42-6c2243302bda@group-AB5CA55042D9-LeaderElection16] INFO  impl.LeaderElection (LeaderElection.java:logAndReturn(94)) -   Response 0: a47358e8-0456-4981-be42-6c2243302bda<-edfd90b7-d4f7-415e-a332-2179825f57d9#0:OK-t1
2025-03-10 14:59:33,857 [a47358e8-0456-4981-be42-6c2243302bda@group-AB5CA55042D9-LeaderElection16] INFO  impl.LeaderElection (LeaderElection.java:askForVotes(334)) - a47358e8-0456-4981-be42-6c2243302bda@group-AB5CA55042D9-LeaderElection16 ELECTION round 0: result PASSED
2025-03-10 14:59:33,857 [a47358e8-0456-4981-be42-6c2243302bda@group-AB5CA55042D9-LeaderElection16] INFO  impl.RoleInfo (RoleInfo.java:shutdownLeaderElection(141)) - a47358e8-0456-4981-be42-6c2243302bda: shutdown a47358e8-0456-4981-be42-6c2243302bda@group-AB5CA55042D9-LeaderElection16
2025-03-10 14:59:33,857 [a47358e8-0456-4981-be42-6c2243302bda@group-AB5CA55042D9-LeaderElection16] INFO  server.RaftServer$Division (RaftServerImpl.java:setRole(378)) - a47358e8-0456-4981-be42-6c2243302bda@group-AB5CA55042D9: changes role from CANDIDATE to LEADER at term 1 for changeToLeader
2025-03-10 14:59:33,857 [a47358e8-0456-4981-be42-6c2243302bda@group-AB5CA55042D9-LeaderElection16] INFO  server.RaftServerConfigKeys (ConfUtils.java:logGet(46)) - raft.server.staging.catchup.gap = 1000 (default)
2025-03-10 14:59:33,857 [a47358e8-0456-4981-be42-6c2243302bda@group-AB5CA55042D9-LeaderElection16] INFO  server.RaftServerConfigKeys (ConfUtils.java:logGet(46)) - raft.server.write.element-limit = 1024 (custom)
2025-03-10 14:59:33,857 [a47358e8-0456-4981-be42-6c2243302bda@group-AB5CA55042D9-LeaderElection16] INFO  server.RaftServerConfigKeys (ConfUtils.java:logGet(46)) - raft.server.write.byte-limit = 1024 M (=1073741824) (custom)
2025-03-10 14:59:33,858 [a47358e8-0456-4981-be42-6c2243302bda@group-AB5CA55042D9-LeaderElection16] INFO  server.RaftServerConfigKeys (ConfUtils.java:logGet(46)) - raft.server.watch.timeout = 30s (custom)
2025-03-10 14:59:33,858 [a47358e8-0456-4981-be42-6c2243302bda@group-AB5CA55042D9-LeaderElection16] INFO  server.RaftServerConfigKeys (ConfUtils.java:logGet(46)) - raft.server.watch.timeout.denomination = 1s (default)
2025-03-10 14:59:33,858 [a47358e8-0456-4981-be42-6c2243302bda@group-AB5CA55042D9-LeaderElection16] INFO  server.RaftServerConfigKeys (ConfUtils.java:logGet(46)) - raft.server.watch.element-limit = 65536 (default)
2025-03-10 14:59:33,858 [a47358e8-0456-4981-be42-6c2243302bda@group-AB5CA55042D9-LeaderElection16] INFO  server.RaftServerConfigKeys (ConfUtils.java:logGet(46)) - raft.server.read.leader.lease.enabled = false (default)
2025-03-10 14:59:33,858 [a47358e8-0456-4981-be42-6c2243302bda@group-AB5CA55042D9-LeaderElection16] INFO  server.RaftServerConfigKeys (ConfUtils.java:logGet(46)) - raft.server.read.leader.lease.timeout.ratio = 0.9 (default)
2025-03-10 14:59:33,858 [a47358e8-0456-4981-be42-6c2243302bda@group-AB5CA55042D9-LeaderElection16] INFO  server.RaftServerConfigKeys (ConfUtils.java:logGet(46)) - raft.server.rpc.timeout.min = 5s (custom)
2025-03-10 14:59:33,858 [a47358e8-0456-4981-be42-6c2243302bda@group-AB5CA55042D9-LeaderElection16] INFO  server.RaftServerConfigKeys (ConfUtils.java:logGet(46)) - raft.server.log.log-metadata.enabled = true (default)
2025-03-10 14:59:33,858 [a47358e8-0456-4981-be42-6c2243302bda@group-AB5CA55042D9-LeaderElection16] INFO  server.RaftServerConfigKeys (ConfUtils.java:logGet(46)) - raft.server.write.element-limit = 1024 (custom)
2025-03-10 14:59:33,859 [a47358e8-0456-4981-be42-6c2243302bda@group-AB5CA55042D9-LeaderElection16] INFO  server.RaftServerConfigKeys (ConfUtils.java:logGet(46)) - raft.server.write.follower.gap.ratio.max = -1.0 (default)
2025-03-10 14:59:33,859 [a47358e8-0456-4981-be42-6c2243302bda@group-AB5CA55042D9-LeaderElection16] INFO  server.RaftServerConfigKeys (ConfUtils.java:logGet(46)) - raft.server.log.appender.snapshot.chunk.size.max = 16MB (=16777216) (default)
2025-03-10 14:59:33,859 [a47358e8-0456-4981-be42-6c2243302bda@group-AB5CA55042D9-LeaderElection16] INFO  server.RaftServerConfigKeys (ConfUtils.java:logGet(46)) - raft.server.log.appender.buffer.byte-limit = 33554432 (custom)
2025-03-10 14:59:33,859 [a47358e8-0456-4981-be42-6c2243302bda@group-AB5CA55042D9-LeaderElection16] INFO  server.RaftServerConfigKeys (ConfUtils.java:logGet(46)) - raft.server.log.appender.buffer.element-limit = 1024 (custom)
2025-03-10 14:59:33,859 [a47358e8-0456-4981-be42-6c2243302bda@group-AB5CA55042D9-LeaderElection16] INFO  server.RaftServerConfigKeys (ConfUtils.java:logGet(46)) - raft.server.log.appender.wait-time.min = 0μs (custom)
2025-03-10 14:59:33,859 [a47358e8-0456-4981-be42-6c2243302bda@group-AB5CA55042D9-LeaderElection16] INFO  grpc.GrpcConfigKeys (ConfUtils.java:logGet(46)) - raft.grpc.server.leader.outstanding.appends.max = 8 (default)
2025-03-10 14:59:33,859 [a47358e8-0456-4981-be42-6c2243302bda@group-AB5CA55042D9-LeaderElection16] INFO  server.RaftServerConfigKeys (ConfUtils.java:logGet(46)) - raft.server.rpc.request.timeout = 60s (custom)
2025-03-10 14:59:33,859 [a47358e8-0456-4981-be42-6c2243302bda@group-AB5CA55042D9-LeaderElection16] INFO  grpc.GrpcConfigKeys (ConfUtils.java:logGet(46)) - raft.grpc.server.install_snapshot.request.element-limit = 8 (default)
2025-03-10 14:59:33,860 [a47358e8-0456-4981-be42-6c2243302bda@group-AB5CA55042D9-LeaderElection16] INFO  grpc.GrpcConfigKeys (ConfUtils.java:logGet(46)) - raft.grpc.server.install_snapshot.request.timeout = 3000ms (default)
2025-03-10 14:59:33,860 [a47358e8-0456-4981-be42-6c2243302bda@group-AB5CA55042D9-LeaderElection16] INFO  grpc.GrpcConfigKeys (ConfUtils.java:logGet(46)) - raft.grpc.server.log-message.batch.duration = 5s (default)
2025-03-10 14:59:33,860 [a47358e8-0456-4981-be42-6c2243302bda@group-AB5CA55042D9-LeaderElection16] INFO  server.RaftServerConfigKeys (ConfUtils.java:logGet(46)) - raft.server.log.appender.install.snapshot.enabled = false (custom)
2025-03-10 14:59:33,860 [a47358e8-0456-4981-be42-6c2243302bda@group-AB5CA55042D9-LeaderElection16] INFO  grpc.GrpcConfigKeys (ConfUtils.java:logGet(46)) - raft.grpc.server.heartbeat.channel = true (default)
2025-03-10 14:59:33,860 [a47358e8-0456-4981-be42-6c2243302bda@group-AB5CA55042D9-LeaderElection16] INFO  server.RaftServerConfigKeys (ConfUtils.java:logGet(46)) - raft.server.log.appender.snapshot.chunk.size.max = 16MB (=16777216) (default)
2025-03-10 14:59:33,860 [a47358e8-0456-4981-be42-6c2243302bda@group-AB5CA55042D9-LeaderElection16] INFO  server.RaftServerConfigKeys (ConfUtils.java:logGet(46)) - raft.server.log.appender.buffer.byte-limit = 33554432 (custom)
2025-03-10 14:59:33,860 [a47358e8-0456-4981-be42-6c2243302bda@group-AB5CA55042D9-LeaderElection16] INFO  server.RaftServerConfigKeys (ConfUtils.java:logGet(46)) - raft.server.log.appender.buffer.element-limit = 1024 (custom)
2025-03-10 14:59:33,861 [a47358e8-0456-4981-be42-6c2243302bda@group-AB5CA55042D9-LeaderElection16] INFO  server.RaftServerConfigKeys (ConfUtils.java:logGet(46)) - raft.server.log.appender.wait-time.min = 0μs (custom)
2025-03-10 14:59:33,861 [a47358e8-0456-4981-be42-6c2243302bda@group-AB5CA55042D9-LeaderElection16] INFO  grpc.GrpcConfigKeys (ConfUtils.java:logGet(46)) - raft.grpc.server.leader.outstanding.appends.max = 8 (default)
2025-03-10 14:59:33,861 [a47358e8-0456-4981-be42-6c2243302bda@group-AB5CA55042D9-LeaderElection16] INFO  server.RaftServerConfigKeys (ConfUtils.java:logGet(46)) - raft.server.rpc.request.timeout = 60s (custom)
2025-03-10 14:59:33,861 [a47358e8-0456-4981-be42-6c2243302bda@group-AB5CA55042D9-LeaderElection16] INFO  grpc.GrpcConfigKeys (ConfUtils.java:logGet(46)) - raft.grpc.server.install_snapshot.request.element-limit = 8 (default)
2025-03-10 14:59:33,861 [a47358e8-0456-4981-be42-6c2243302bda@group-AB5CA55042D9-LeaderElection16] INFO  grpc.GrpcConfigKeys (ConfUtils.java:logGet(46)) - raft.grpc.server.install_snapshot.request.timeout = 3000ms (default)
2025-03-10 14:59:33,861 [a47358e8-0456-4981-be42-6c2243302bda@group-AB5CA55042D9-LeaderElection16] INFO  grpc.GrpcConfigKeys (ConfUtils.java:logGet(46)) - raft.grpc.server.log-message.batch.duration = 5s (default)
2025-03-10 14:59:33,861 [a47358e8-0456-4981-be42-6c2243302bda@group-AB5CA55042D9-LeaderElection16] INFO  server.RaftServerConfigKeys (ConfUtils.java:logGet(46)) - raft.server.log.appender.install.snapshot.enabled = false (custom)
2025-03-10 14:59:33,861 [a47358e8-0456-4981-be42-6c2243302bda@group-AB5CA55042D9-LeaderElection16] INFO  grpc.GrpcConfigKeys (ConfUtils.java:logGet(46)) - raft.grpc.server.heartbeat.channel = true (default)
2025-03-10 14:59:33,861 [a47358e8-0456-4981-be42-6c2243302bda@group-AB5CA55042D9-LeaderElection16] INFO  impl.RoleInfo (RoleInfo.java:updateAndGet(148)) - a47358e8-0456-4981-be42-6c2243302bda: start a47358e8-0456-4981-be42-6c2243302bda@group-AB5CA55042D9-LeaderStateImpl
2025-03-10 14:59:33,861 [a47358e8-0456-4981-be42-6c2243302bda@group-AB5CA55042D9-LeaderElection16] INFO  server.RaftServer$Division (RaftServerImpl.java:setFirstElection(562)) - a47358e8-0456-4981-be42-6c2243302bda@group-AB5CA55042D9: set firstElectionSinceStartup to false for becomeLeader
2025-03-10 14:59:33,861 [a47358e8-0456-4981-be42-6c2243302bda@group-AB5CA55042D9-LeaderElection16] INFO  ratis.XceiverServerRatis (XceiverServerRatis.java:handleLeaderChangedNotification(941)) - Leader change notification received for group: group-AB5CA55042D9 with new leaderId: a47358e8-0456-4981-be42-6c2243302bda
2025-03-10 14:59:33,861 [a47358e8-0456-4981-be42-6c2243302bda@group-AB5CA55042D9-LeaderElection16] INFO  server.RaftServer$Division (ServerState.java:setLeader(272)) - a47358e8-0456-4981-be42-6c2243302bda@group-AB5CA55042D9: change Leader from null to a47358e8-0456-4981-be42-6c2243302bda at term 1 for becomeLeader, leader elected after 5056ms
2025-03-10 14:59:33,861 [a47358e8-0456-4981-be42-6c2243302bda@group-AB5CA55042D9-LeaderElection16] INFO  segmented.SegmentedRaftLogWorker (SegmentedRaftLogWorker.java:startLogSegment(438)) - a47358e8-0456-4981-be42-6c2243302bda@group-AB5CA55042D9-SegmentedRaftLogWorker: Starting segment from index:0
2025-03-10 14:59:33,862 [a47358e8-0456-4981-be42-6c2243302bda@group-AB5CA55042D9-LeaderElection16] INFO  server.RaftServer$Division (ServerState.java:setRaftConf(386)) - a47358e8-0456-4981-be42-6c2243302bda@group-AB5CA55042D9: set configuration conf: {index: 0, cur=peers:[edfd90b7-d4f7-415e-a332-2179825f57d9|127.0.0.1:15053, a47358e8-0456-4981-be42-6c2243302bda|127.0.0.1:15062, 34c8489e-bd2b-45e5-8f71-480c904dd2ce|127.0.0.1:15071]|listeners:[], old=null}
2025-03-10 14:59:33,863 [a47358e8-0456-4981-be42-6c2243302bda@group-AB5CA55042D9-SegmentedRaftLogWorker] INFO  segmented.BufferedWriteChannel (BufferedWriteChannel.java:open(61)) - open log_inprogress_0 at position 0
2025-03-10 14:59:33,866 [EventQueue-OpenPipelineForHealthyPipelineSafeModeRule] INFO  safemode.SCMSafeModeManager (HealthyPipelineSafeModeRule.java:process(141)) - SCM in safe mode. Healthy pipelines reported count is 0, required healthy pipeline reported count is 1
2025-03-10 14:59:33,870 [a4f85781-650a-46e8-940e-a45bfdaa2a01@group-BBAD22E09632-StateMachineUpdater] INFO  safemode.HealthyPipelineSafeModeRule (HealthyPipelineSafeModeRule.java:initializeRule(174)) - Refreshed total pipeline count is 1, healthy pipeline threshold count is 1
2025-03-10 14:59:33,870 [EventQueue-PipelineReportForPipelineReportHandler] INFO  pipeline.PipelineReportHandler (PipelineReportHandler.java:processPipelineReport(139)) - Opened pipeline PipelineID=ef00675a-f15d-4685-a85c-ab5ca55042d9
2025-03-10 14:59:33,870 [edfd90b7-d4f7-415e-a332-2179825f57d9-server-thread1] INFO  ratis.XceiverServerRatis (XceiverServerRatis.java:handleLeaderChangedNotification(941)) - Leader change notification received for group: group-AB5CA55042D9 with new leaderId: a47358e8-0456-4981-be42-6c2243302bda
2025-03-10 14:59:33,871 [edfd90b7-d4f7-415e-a332-2179825f57d9-server-thread1] INFO  server.RaftServer$Division (ServerState.java:setLeader(272)) - edfd90b7-d4f7-415e-a332-2179825f57d9@group-AB5CA55042D9: change Leader from null to a47358e8-0456-4981-be42-6c2243302bda at term 1 for appendEntries, leader elected after 5089ms
2025-03-10 14:59:33,871 [edfd90b7-d4f7-415e-a332-2179825f57d9-server-thread1] INFO  server.RaftServer$Division (ServerState.java:setRaftConf(386)) - edfd90b7-d4f7-415e-a332-2179825f57d9@group-AB5CA55042D9: set configuration conf: {index: 0, cur=peers:[edfd90b7-d4f7-415e-a332-2179825f57d9|127.0.0.1:15053, a47358e8-0456-4981-be42-6c2243302bda|127.0.0.1:15062, 34c8489e-bd2b-45e5-8f71-480c904dd2ce|127.0.0.1:15071]|listeners:[], old=null}
2025-03-10 14:59:33,871 [edfd90b7-d4f7-415e-a332-2179825f57d9-server-thread1] INFO  segmented.SegmentedRaftLogWorker (SegmentedRaftLogWorker.java:startLogSegment(438)) - edfd90b7-d4f7-415e-a332-2179825f57d9@group-AB5CA55042D9-SegmentedRaftLogWorker: Starting segment from index:0
2025-03-10 14:59:33,870 [EventQueue-OpenPipelineForHealthyPipelineSafeModeRule] INFO  safemode.SCMSafeModeManager (HealthyPipelineSafeModeRule.java:process(141)) - SCM in safe mode. Healthy pipelines reported count is 1, required healthy pipeline reported count is 1
2025-03-10 14:59:33,871 [EventQueue-OpenPipelineForHealthyPipelineSafeModeRule] INFO  safemode.SCMSafeModeManager (SCMSafeModeManager.java:validateSafeModeExitRules(185)) - HealthyPipelineSafeModeRule rule is successfully validated
2025-03-10 14:59:33,871 [edfd90b7-d4f7-415e-a332-2179825f57d9@group-AB5CA55042D9-SegmentedRaftLogWorker] INFO  segmented.BufferedWriteChannel (BufferedWriteChannel.java:open(61)) - open log_inprogress_0 at position 0
2025-03-10 14:59:33,871 [EventQueue-OpenPipelineForHealthyPipelineSafeModeRule] INFO  safemode.SCMSafeModeManager (SCMSafeModeManager.java:validateSafeModeExitRules(200)) - ScmSafeModeManager, all rules are successfully validated
2025-03-10 14:59:33,871 [EventQueue-OpenPipelineForHealthyPipelineSafeModeRule] INFO  safemode.SCMSafeModeManager (SCMSafeModeManager.java:exitSafeMode(230)) - SCM exiting safe mode.
2025-03-10 14:59:33,872 [EventQueue-OpenPipelineForHealthyPipelineSafeModeRule] INFO  ha.SCMContext (SCMContext.java:updateSafeModeStatus(224)) - Update SafeModeStatus from SafeModeStatus{safeModeStatus=true, preCheckPassed=true} to SafeModeStatus{safeModeStatus=false, preCheckPassed=true}.
2025-03-10 14:59:33,872 [EventQueue-OpenPipelineForHealthyPipelineSafeModeRule] INFO  BackgroundPipelineScrubber (BackgroundSCMService.java:notifyStatusChanged(78)) - Service BackgroundPipelineScrubber transitions to RUNNING.
2025-03-10 14:59:33,872 [EventQueue-OpenPipelineForHealthyPipelineSafeModeRule] INFO  ExpiredContainerReplicaOpScrubber (BackgroundSCMService.java:notifyStatusChanged(78)) - Service ExpiredContainerReplicaOpScrubber transitions to RUNNING.
2025-03-10 14:59:33,872 [EventQueue-OpenPipelineForHealthyPipelineSafeModeRule] INFO  block.SCMBlockDeletingService (SCMBlockDeletingService.java:notifyStatusChanged(250)) - notifyStatusChanged:RUNNING
2025-03-10 14:59:33,872 [EventQueue-OpenPipelineForHealthyPipelineSafeModeRule] INFO  replication.ReplicationManager (ReplicationManager.java:notifyStatusChanged(1360)) - Service ReplicationManager transitions to RUNNING.
2025-03-10 14:59:33,873 [EventQueue-OpenPipelineForHealthyPipelineSafeModeRule] WARN  balancer.ContainerBalancer (ContainerBalancer.java:shouldRun(134)) - Could not find persisted configuration for ContainerBalancer when checking if ContainerBalancer should run. ContainerBalancer should not run now.
2025-03-10 14:59:33,873 [34c8489e-bd2b-45e5-8f71-480c904dd2ce-server-thread1] INFO  ratis.XceiverServerRatis (XceiverServerRatis.java:handleLeaderChangedNotification(941)) - Leader change notification received for group: group-AB5CA55042D9 with new leaderId: a47358e8-0456-4981-be42-6c2243302bda
2025-03-10 14:59:33,873 [34c8489e-bd2b-45e5-8f71-480c904dd2ce-server-thread1] INFO  server.RaftServer$Division (ServerState.java:setLeader(272)) - 34c8489e-bd2b-45e5-8f71-480c904dd2ce@group-AB5CA55042D9: change Leader from null to a47358e8-0456-4981-be42-6c2243302bda at term 1 for appendEntries, leader elected after 5043ms
2025-03-10 14:59:33,873 [34c8489e-bd2b-45e5-8f71-480c904dd2ce-server-thread2] INFO  server.RaftServer$Division (ServerState.java:setRaftConf(386)) - 34c8489e-bd2b-45e5-8f71-480c904dd2ce@group-AB5CA55042D9: set configuration conf: {index: 0, cur=peers:[edfd90b7-d4f7-415e-a332-2179825f57d9|127.0.0.1:15053, a47358e8-0456-4981-be42-6c2243302bda|127.0.0.1:15062, 34c8489e-bd2b-45e5-8f71-480c904dd2ce|127.0.0.1:15071]|listeners:[], old=null}
2025-03-10 14:59:33,874 [34c8489e-bd2b-45e5-8f71-480c904dd2ce-server-thread2] INFO  segmented.SegmentedRaftLogWorker (SegmentedRaftLogWorker.java:startLogSegment(438)) - 34c8489e-bd2b-45e5-8f71-480c904dd2ce@group-AB5CA55042D9-SegmentedRaftLogWorker: Starting segment from index:0
2025-03-10 14:59:33,874 [EventQueue-OpenPipelineForHealthyPipelineSafeModeRule] INFO  SCMHATransactionMonitor (BackgroundSCMService.java:notifyStatusChanged(78)) - Service SCMHATransactionMonitor transitions to RUNNING.
2025-03-10 14:59:33,874 [a47358e8-0456-4981-be42-6c2243302bda@group-AB5CA55042D9-SegmentedRaftLogWorker] INFO  segmented.SegmentedRaftLogWorker (SegmentedRaftLogWorker.java:execute(644)) - a47358e8-0456-4981-be42-6c2243302bda@group-AB5CA55042D9-SegmentedRaftLogWorker: created new log segment /home/runner/work/ozone/ozone/hadoop-ozone/integration-test/target/test-dir/MiniOzoneClusterImpl-92936399-7d39-4e90-b2ee-bbad22e09632/ozone-meta/datanode-2/ratis/ef00675a-f15d-4685-a85c-ab5ca55042d9/current/log_inprogress_0
2025-03-10 14:59:33,874 [34c8489e-bd2b-45e5-8f71-480c904dd2ce@group-AB5CA55042D9-SegmentedRaftLogWorker] INFO  segmented.BufferedWriteChannel (BufferedWriteChannel.java:open(61)) - open log_inprogress_0 at position 0
2025-03-10 14:59:33,884 [edfd90b7-d4f7-415e-a332-2179825f57d9@group-AB5CA55042D9-SegmentedRaftLogWorker] INFO  segmented.SegmentedRaftLogWorker (SegmentedRaftLogWorker.java:execute(644)) - edfd90b7-d4f7-415e-a332-2179825f57d9@group-AB5CA55042D9-SegmentedRaftLogWorker: created new log segment /home/runner/work/ozone/ozone/hadoop-ozone/integration-test/target/test-dir/MiniOzoneClusterImpl-92936399-7d39-4e90-b2ee-bbad22e09632/ozone-meta/datanode-1/ratis/ef00675a-f15d-4685-a85c-ab5ca55042d9/current/log_inprogress_0
2025-03-10 14:59:33,886 [34c8489e-bd2b-45e5-8f71-480c904dd2ce@group-AB5CA55042D9-SegmentedRaftLogWorker] INFO  segmented.SegmentedRaftLogWorker (SegmentedRaftLogWorker.java:execute(644)) - 34c8489e-bd2b-45e5-8f71-480c904dd2ce@group-AB5CA55042D9-SegmentedRaftLogWorker: created new log segment /home/runner/work/ozone/ozone/hadoop-ozone/integration-test/target/test-dir/MiniOzoneClusterImpl-92936399-7d39-4e90-b2ee-bbad22e09632/ozone-meta/datanode-3/ratis/ef00675a-f15d-4685-a85c-ab5ca55042d9/current/log_inprogress_0
2025-03-10 14:59:33,894 [a47358e8-0456-4981-be42-6c2243302bda@group-AB5CA55042D9-StateMachineUpdater] INFO  server.RaftServer$Division (LeaderStateImpl.java:checkStartIndex(313)) - Leader a47358e8-0456-4981-be42-6c2243302bda@group-AB5CA55042D9-LeaderStateImpl is ready since appliedIndex == startIndex == 0
2025-03-10 14:59:33,968 [a47358e8-0456-4981-be42-6c2243302bda@group-421A57758FF1-FollowerState] INFO  impl.FollowerState (FollowerState.java:runImpl(161)) - a47358e8-0456-4981-be42-6c2243302bda@group-421A57758FF1-FollowerState: change to CANDIDATE, lastRpcElapsedTime:5058493391ns, electionTimeout:5058ms
2025-03-10 14:59:33,968 [a47358e8-0456-4981-be42-6c2243302bda@group-421A57758FF1-FollowerState] INFO  impl.RoleInfo (RoleInfo.java:shutdownFollowerState(121)) - a47358e8-0456-4981-be42-6c2243302bda: shutdown a47358e8-0456-4981-be42-6c2243302bda@group-421A57758FF1-FollowerState
2025-03-10 14:59:33,968 [a47358e8-0456-4981-be42-6c2243302bda@group-421A57758FF1-FollowerState] INFO  server.RaftServer$Division (RaftServerImpl.java:setRole(378)) - a47358e8-0456-4981-be42-6c2243302bda@group-421A57758FF1: changes role from  FOLLOWER to CANDIDATE at term 0 for changeToCandidate
2025-03-10 14:59:33,968 [a47358e8-0456-4981-be42-6c2243302bda@group-421A57758FF1-FollowerState] INFO  server.RaftServerConfigKeys (ConfUtils.java:logGet(46)) - raft.server.leaderelection.pre-vote = true (default)
2025-03-10 14:59:33,968 [a47358e8-0456-4981-be42-6c2243302bda@group-421A57758FF1-FollowerState] INFO  impl.RoleInfo (RoleInfo.java:updateAndGet(148)) - a47358e8-0456-4981-be42-6c2243302bda: start a47358e8-0456-4981-be42-6c2243302bda@group-421A57758FF1-LeaderElection17
2025-03-10 14:59:33,969 [a47358e8-0456-4981-be42-6c2243302bda@group-421A57758FF1-LeaderElection17] INFO  impl.LeaderElection (LeaderElection.java:askForVotes(332)) - a47358e8-0456-4981-be42-6c2243302bda@group-421A57758FF1-LeaderElection17 PRE_VOTE round 0: submit vote requests at term 0 for conf: {index: -1, cur=peers:[edfd90b7-d4f7-415e-a332-2179825f57d9|127.0.0.1:15053, a47358e8-0456-4981-be42-6c2243302bda|127.0.0.1:15062, 34c8489e-bd2b-45e5-8f71-480c904dd2ce|127.0.0.1:15071]|listeners:[], old=null}
2025-03-10 14:59:33,969 [a47358e8-0456-4981-be42-6c2243302bda@group-421A57758FF1-LeaderElection17] INFO  server.RaftServerConfigKeys (ConfUtils.java:logFallback(53)) - raft.server.rpc.first-election.timeout.min = 5s (fallback to raft.server.rpc.timeout.min)
2025-03-10 14:59:33,969 [a47358e8-0456-4981-be42-6c2243302bda@group-421A57758FF1-LeaderElection17] INFO  server.RaftServerConfigKeys (ConfUtils.java:logFallback(53)) - raft.server.rpc.first-election.timeout.max = 5200ms (fallback to raft.server.rpc.timeout.max)
2025-03-10 14:59:33,970 [edfd90b7-d4f7-415e-a332-2179825f57d9@group-421A57758FF1-FollowerState] INFO  impl.FollowerState (FollowerState.java:runImpl(161)) - edfd90b7-d4f7-415e-a332-2179825f57d9@group-421A57758FF1-FollowerState: change to CANDIDATE, lastRpcElapsedTime:5107385450ns, electionTimeout:5106ms
2025-03-10 14:59:33,970 [edfd90b7-d4f7-415e-a332-2179825f57d9@group-421A57758FF1-FollowerState] INFO  impl.RoleInfo (RoleInfo.java:shutdownFollowerState(121)) - edfd90b7-d4f7-415e-a332-2179825f57d9: shutdown edfd90b7-d4f7-415e-a332-2179825f57d9@group-421A57758FF1-FollowerState
2025-03-10 14:59:33,970 [edfd90b7-d4f7-415e-a332-2179825f57d9@group-421A57758FF1-FollowerState] INFO  server.RaftServer$Division (RaftServerImpl.java:setRole(378)) - edfd90b7-d4f7-415e-a332-2179825f57d9@group-421A57758FF1: changes role from  FOLLOWER to CANDIDATE at term 0 for changeToCandidate
2025-03-10 14:59:33,970 [edfd90b7-d4f7-415e-a332-2179825f57d9@group-421A57758FF1-FollowerState] INFO  server.RaftServerConfigKeys (ConfUtils.java:logGet(46)) - raft.server.leaderelection.pre-vote = true (default)
2025-03-10 14:59:33,970 [edfd90b7-d4f7-415e-a332-2179825f57d9@group-421A57758FF1-FollowerState] INFO  impl.RoleInfo (RoleInfo.java:updateAndGet(148)) - edfd90b7-d4f7-415e-a332-2179825f57d9: start edfd90b7-d4f7-415e-a332-2179825f57d9@group-421A57758FF1-LeaderElection18
2025-03-10 14:59:33,970 [edfd90b7-d4f7-415e-a332-2179825f57d9@group-421A57758FF1-LeaderElection18] INFO  impl.LeaderElection (LeaderElection.java:askForVotes(332)) - edfd90b7-d4f7-415e-a332-2179825f57d9@group-421A57758FF1-LeaderElection18 PRE_VOTE round 0: submit vote requests at term 0 for conf: {index: -1, cur=peers:[edfd90b7-d4f7-415e-a332-2179825f57d9|127.0.0.1:15053, a47358e8-0456-4981-be42-6c2243302bda|127.0.0.1:15062, 34c8489e-bd2b-45e5-8f71-480c904dd2ce|127.0.0.1:15071]|listeners:[], old=null}
2025-03-10 14:59:33,971 [grpc-default-executor-1] INFO  server.RaftServer$Division (RaftServerImpl.java:requestVote(1407)) - 34c8489e-bd2b-45e5-8f71-480c904dd2ce@group-421A57758FF1: receive requestVote(PRE_VOTE, a47358e8-0456-4981-be42-6c2243302bda, group-421A57758FF1, 0, (t:0, i:0))
2025-03-10 14:59:33,971 [grpc-default-executor-1] INFO  impl.VoteContext (VoteContext.java:log(49)) - 34c8489e-bd2b-45e5-8f71-480c904dd2ce@group-421A57758FF1-FOLLOWER: reject PRE_VOTE from a47358e8-0456-4981-be42-6c2243302bda: our priority 1 > candidate's priority 0
2025-03-10 14:59:33,971 [grpc-default-executor-1] INFO  server.RaftServer$Division (RaftServerImpl.java:requestVote(1441)) - 34c8489e-bd2b-45e5-8f71-480c904dd2ce@group-421A57758FF1 replies to PRE_VOTE vote request: a47358e8-0456-4981-be42-6c2243302bda<-34c8489e-bd2b-45e5-8f71-480c904dd2ce#0:FAIL-t0. Peer's state: 34c8489e-bd2b-45e5-8f71-480c904dd2ce@group-421A57758FF1:t0, leader=null, voted=, raftlog=Memoized:34c8489e-bd2b-45e5-8f71-480c904dd2ce@group-421A57758FF1-SegmentedRaftLog:OPENED:c-1:lastnull, conf=conf: {index: -1, cur=peers:[edfd90b7-d4f7-415e-a332-2179825f57d9|127.0.0.1:15053, a47358e8-0456-4981-be42-6c2243302bda|127.0.0.1:15062, 34c8489e-bd2b-45e5-8f71-480c904dd2ce|127.0.0.1:15071]|listeners:[], old=null}
2025-03-10 14:59:33,971 [edfd90b7-d4f7-415e-a332-2179825f57d9@group-421A57758FF1-LeaderElection18] INFO  server.RaftServerConfigKeys (ConfUtils.java:logFallback(53)) - raft.server.rpc.first-election.timeout.min = 5s (fallback to raft.server.rpc.timeout.min)
2025-03-10 14:59:33,971 [edfd90b7-d4f7-415e-a332-2179825f57d9@group-421A57758FF1-LeaderElection18] INFO  server.RaftServerConfigKeys (ConfUtils.java:logFallback(53)) - raft.server.rpc.first-election.timeout.max = 5200ms (fallback to raft.server.rpc.timeout.max)
2025-03-10 14:59:33,972 [a47358e8-0456-4981-be42-6c2243302bda@group-421A57758FF1-LeaderElection17] INFO  impl.LeaderElection (LeaderElection.java:logAndReturn(90)) - a47358e8-0456-4981-be42-6c2243302bda@group-421A57758FF1-LeaderElection17: PRE_VOTE REJECTED received 1 response(s) and 0 exception(s):
2025-03-10 14:59:33,972 [a47358e8-0456-4981-be42-6c2243302bda@group-421A57758FF1-LeaderElection17] INFO  impl.LeaderElection (LeaderElection.java:logAndReturn(94)) -   Response 0: a47358e8-0456-4981-be42-6c2243302bda<-34c8489e-bd2b-45e5-8f71-480c904dd2ce#0:FAIL-t0
2025-03-10 14:59:33,972 [a47358e8-0456-4981-be42-6c2243302bda@group-421A57758FF1-LeaderElection17] INFO  impl.LeaderElection (LeaderElection.java:askForVotes(334)) - a47358e8-0456-4981-be42-6c2243302bda@group-421A57758FF1-LeaderElection17 PRE_VOTE round 0: result REJECTED
2025-03-10 14:59:33,972 [a47358e8-0456-4981-be42-6c2243302bda@group-421A57758FF1-LeaderElection17] INFO  server.RaftServer$Division (RaftServerImpl.java:setRole(378)) - a47358e8-0456-4981-be42-6c2243302bda@group-421A57758FF1: changes role from CANDIDATE to FOLLOWER at term 0 for REJECTED
2025-03-10 14:59:33,972 [a47358e8-0456-4981-be42-6c2243302bda@group-421A57758FF1-LeaderElection17] INFO  impl.RoleInfo (RoleInfo.java:shutdownLeaderElection(141)) - a47358e8-0456-4981-be42-6c2243302bda: shutdown a47358e8-0456-4981-be42-6c2243302bda@group-421A57758FF1-LeaderElection17
2025-03-10 14:59:33,972 [grpc-default-executor-5] INFO  server.RaftServer$Division (RaftServerImpl.java:requestVote(1407)) - 34c8489e-bd2b-45e5-8f71-480c904dd2ce@group-421A57758FF1: receive requestVote(PRE_VOTE, edfd90b7-d4f7-415e-a332-2179825f57d9, group-421A57758FF1, 0, (t:0, i:0))
2025-03-10 14:59:33,973 [a47358e8-0456-4981-be42-6c2243302bda@group-421A57758FF1-LeaderElection17] INFO  impl.RoleInfo (RoleInfo.java:updateAndGet(148)) - a47358e8-0456-4981-be42-6c2243302bda: start a47358e8-0456-4981-be42-6c2243302bda@group-421A57758FF1-FollowerState
2025-03-10 14:59:33,973 [grpc-default-executor-5] INFO  impl.VoteContext (VoteContext.java:log(49)) - 34c8489e-bd2b-45e5-8f71-480c904dd2ce@group-421A57758FF1-FOLLOWER: reject PRE_VOTE from edfd90b7-d4f7-415e-a332-2179825f57d9: our priority 1 > candidate's priority 0
2025-03-10 14:59:33,973 [grpc-default-executor-4] INFO  server.RaftServer$Division (RaftServerImpl.java:requestVote(1407)) - a47358e8-0456-4981-be42-6c2243302bda@group-421A57758FF1: receive requestVote(PRE_VOTE, edfd90b7-d4f7-415e-a332-2179825f57d9, group-421A57758FF1, 0, (t:0, i:0))
2025-03-10 14:59:33,973 [grpc-default-executor-5] INFO  server.RaftServer$Division (RaftServerImpl.java:requestVote(1441)) - 34c8489e-bd2b-45e5-8f71-480c904dd2ce@group-421A57758FF1 replies to PRE_VOTE vote request: edfd90b7-d4f7-415e-a332-2179825f57d9<-34c8489e-bd2b-45e5-8f71-480c904dd2ce#0:FAIL-t0. Peer's state: 34c8489e-bd2b-45e5-8f71-480c904dd2ce@group-421A57758FF1:t0, leader=null, voted=, raftlog=Memoized:34c8489e-bd2b-45e5-8f71-480c904dd2ce@group-421A57758FF1-SegmentedRaftLog:OPENED:c-1:lastnull, conf=conf: {index: -1, cur=peers:[edfd90b7-d4f7-415e-a332-2179825f57d9|127.0.0.1:15053, a47358e8-0456-4981-be42-6c2243302bda|127.0.0.1:15062, 34c8489e-bd2b-45e5-8f71-480c904dd2ce|127.0.0.1:15071]|listeners:[], old=null}
2025-03-10 14:59:33,973 [grpc-default-executor-1] INFO  server.RaftServer$Division (RaftServerImpl.java:requestVote(1407)) - edfd90b7-d4f7-415e-a332-2179825f57d9@group-421A57758FF1: receive requestVote(PRE_VOTE, a47358e8-0456-4981-be42-6c2243302bda, group-421A57758FF1, 0, (t:0, i:0))
2025-03-10 14:59:33,973 [grpc-default-executor-1] INFO  impl.VoteContext (VoteContext.java:log(49)) - edfd90b7-d4f7-415e-a332-2179825f57d9@group-421A57758FF1-CANDIDATE: accept PRE_VOTE from a47358e8-0456-4981-be42-6c2243302bda: our priority 0 <= candidate's priority 0
2025-03-10 14:59:33,973 [grpc-default-executor-1] INFO  server.RaftServer$Division (RaftServerImpl.java:requestVote(1441)) - edfd90b7-d4f7-415e-a332-2179825f57d9@group-421A57758FF1 replies to PRE_VOTE vote request: a47358e8-0456-4981-be42-6c2243302bda<-edfd90b7-d4f7-415e-a332-2179825f57d9#0:OK-t0. Peer's state: edfd90b7-d4f7-415e-a332-2179825f57d9@group-421A57758FF1:t0, leader=null, voted=, raftlog=Memoized:edfd90b7-d4f7-415e-a332-2179825f57d9@group-421A57758FF1-SegmentedRaftLog:OPENED:c-1:lastnull, conf=conf: {index: -1, cur=peers:[edfd90b7-d4f7-415e-a332-2179825f57d9|127.0.0.1:15053, a47358e8-0456-4981-be42-6c2243302bda|127.0.0.1:15062, 34c8489e-bd2b-45e5-8f71-480c904dd2ce|127.0.0.1:15071]|listeners:[], old=null}
2025-03-10 14:59:33,974 [a47358e8-0456-4981-be42-6c2243302bda@group-421A57758FF1-LeaderElection17] INFO  server.RaftServer$Division (RaftServerImpl.java:setFirstElection(562)) - a47358e8-0456-4981-be42-6c2243302bda@group-421A57758FF1: set firstElectionSinceStartup to false for REJECTED
2025-03-10 14:59:33,974 [edfd90b7-d4f7-415e-a332-2179825f57d9@group-421A57758FF1-LeaderElection18] INFO  impl.LeaderElection (LeaderElection.java:logAndReturn(90)) - edfd90b7-d4f7-415e-a332-2179825f57d9@group-421A57758FF1-LeaderElection18: PRE_VOTE REJECTED received 1 response(s) and 0 exception(s):
2025-03-10 14:59:33,974 [edfd90b7-d4f7-415e-a332-2179825f57d9@group-421A57758FF1-LeaderElection18] INFO  impl.LeaderElection (LeaderElection.java:logAndReturn(94)) -   Response 0: edfd90b7-d4f7-415e-a332-2179825f57d9<-34c8489e-bd2b-45e5-8f71-480c904dd2ce#0:FAIL-t0
2025-03-10 14:59:33,974 [edfd90b7-d4f7-415e-a332-2179825f57d9@group-421A57758FF1-LeaderElection18] INFO  impl.LeaderElection (LeaderElection.java:askForVotes(334)) - edfd90b7-d4f7-415e-a332-2179825f57d9@group-421A57758FF1-LeaderElection18 PRE_VOTE round 0: result REJECTED
2025-03-10 14:59:33,974 [grpc-default-executor-4] INFO  impl.VoteContext (VoteContext.java:log(49)) - a47358e8-0456-4981-be42-6c2243302bda@group-421A57758FF1-FOLLOWER: accept PRE_VOTE from edfd90b7-d4f7-415e-a332-2179825f57d9: our priority 0 <= candidate's priority 0
2025-03-10 14:59:33,974 [grpc-default-executor-4] INFO  server.RaftServer$Division (RaftServerImpl.java:requestVote(1441)) - a47358e8-0456-4981-be42-6c2243302bda@group-421A57758FF1 replies to PRE_VOTE vote request: edfd90b7-d4f7-415e-a332-2179825f57d9<-a47358e8-0456-4981-be42-6c2243302bda#0:OK-t0. Peer's state: a47358e8-0456-4981-be42-6c2243302bda@group-421A57758FF1:t0, leader=null, voted=, raftlog=Memoized:a47358e8-0456-4981-be42-6c2243302bda@group-421A57758FF1-SegmentedRaftLog:OPENED:c-1:lastnull, conf=conf: {index: -1, cur=peers:[edfd90b7-d4f7-415e-a332-2179825f57d9|127.0.0.1:15053, a47358e8-0456-4981-be42-6c2243302bda|127.0.0.1:15062, 34c8489e-bd2b-45e5-8f71-480c904dd2ce|127.0.0.1:15071]|listeners:[], old=null}
2025-03-10 14:59:33,974 [edfd90b7-d4f7-415e-a332-2179825f57d9@group-421A57758FF1-LeaderElection18] INFO  server.RaftServer$Division (RaftServerImpl.java:setRole(378)) - edfd90b7-d4f7-415e-a332-2179825f57d9@group-421A57758FF1: changes role from CANDIDATE to FOLLOWER at term 0 for REJECTED
2025-03-10 14:59:33,975 [edfd90b7-d4f7-415e-a332-2179825f57d9@group-421A57758FF1-LeaderElection18] INFO  impl.RoleInfo (RoleInfo.java:shutdownLeaderElection(141)) - edfd90b7-d4f7-415e-a332-2179825f57d9: shutdown edfd90b7-d4f7-415e-a332-2179825f57d9@group-421A57758FF1-LeaderElection18
2025-03-10 14:59:33,975 [edfd90b7-d4f7-415e-a332-2179825f57d9@group-421A57758FF1-LeaderElection18] INFO  impl.RoleInfo (RoleInfo.java:updateAndGet(148)) - edfd90b7-d4f7-415e-a332-2179825f57d9: start edfd90b7-d4f7-415e-a332-2179825f57d9@group-421A57758FF1-FollowerState
2025-03-10 14:59:33,976 [edfd90b7-d4f7-415e-a332-2179825f57d9@group-421A57758FF1-LeaderElection18] INFO  server.RaftServer$Division (RaftServerImpl.java:setFirstElection(562)) - edfd90b7-d4f7-415e-a332-2179825f57d9@group-421A57758FF1: set firstElectionSinceStartup to false for REJECTED
2025-03-10 14:59:33,995 [34c8489e-bd2b-45e5-8f71-480c904dd2ce@group-421A57758FF1-FollowerState] INFO  impl.FollowerState (FollowerState.java:runImpl(161)) - 34c8489e-bd2b-45e5-8f71-480c904dd2ce@group-421A57758FF1-FollowerState: change to CANDIDATE, lastRpcElapsedTime:5111462479ns, electionTimeout:5111ms
2025-03-10 14:59:33,995 [34c8489e-bd2b-45e5-8f71-480c904dd2ce@group-421A57758FF1-FollowerState] INFO  impl.RoleInfo (RoleInfo.java:shutdownFollowerState(121)) - 34c8489e-bd2b-45e5-8f71-480c904dd2ce: shutdown 34c8489e-bd2b-45e5-8f71-480c904dd2ce@group-421A57758FF1-FollowerState
2025-03-10 14:59:33,995 [34c8489e-bd2b-45e5-8f71-480c904dd2ce@group-421A57758FF1-FollowerState] INFO  server.RaftServer$Division (RaftServerImpl.java:setRole(378)) - 34c8489e-bd2b-45e5-8f71-480c904dd2ce@group-421A57758FF1: changes role from  FOLLOWER to CANDIDATE at term 0 for changeToCandidate
2025-03-10 14:59:33,995 [34c8489e-bd2b-45e5-8f71-480c904dd2ce@group-421A57758FF1-FollowerState] INFO  server.RaftServerConfigKeys (ConfUtils.java:logGet(46)) - raft.server.leaderelection.pre-vote = true (default)
2025-03-10 14:59:33,995 [34c8489e-bd2b-45e5-8f71-480c904dd2ce@group-421A57758FF1-FollowerState] INFO  impl.RoleInfo (RoleInfo.java:updateAndGet(148)) - 34c8489e-bd2b-45e5-8f71-480c904dd2ce: start 34c8489e-bd2b-45e5-8f71-480c904dd2ce@group-421A57758FF1-LeaderElection19
2025-03-10 14:59:33,995 [34c8489e-bd2b-45e5-8f71-480c904dd2ce@group-421A57758FF1-LeaderElection19] INFO  impl.LeaderElection (LeaderElection.java:askForVotes(332)) - 34c8489e-bd2b-45e5-8f71-480c904dd2ce@group-421A57758FF1-LeaderElection19 PRE_VOTE round 0: submit vote requests at term 0 for conf: {index: -1, cur=peers:[edfd90b7-d4f7-415e-a332-2179825f57d9|127.0.0.1:15053, a47358e8-0456-4981-be42-6c2243302bda|127.0.0.1:15062, 34c8489e-bd2b-45e5-8f71-480c904dd2ce|127.0.0.1:15071]|listeners:[], old=null}
2025-03-10 14:59:33,995 [34c8489e-bd2b-45e5-8f71-480c904dd2ce@group-421A57758FF1-LeaderElection19-1] INFO  server.GrpcServerProtocolClient (GrpcServerProtocolClient.java:<init>(65)) - Build channel for edfd90b7-d4f7-415e-a332-2179825f57d9|127.0.0.1:15053
2025-03-10 14:59:33,996 [34c8489e-bd2b-45e5-8f71-480c904dd2ce@group-421A57758FF1-LeaderElection19-2] INFO  server.GrpcServerProtocolClient (GrpcServerProtocolClient.java:<init>(65)) - Build channel for a47358e8-0456-4981-be42-6c2243302bda|127.0.0.1:15062
2025-03-10 14:59:33,995 [34c8489e-bd2b-45e5-8f71-480c904dd2ce@group-421A57758FF1-LeaderElection19] INFO  server.RaftServerConfigKeys (ConfUtils.java:logFallback(53)) - raft.server.rpc.first-election.timeout.min = 5s (fallback to raft.server.rpc.timeout.min)
2025-03-10 14:59:33,996 [34c8489e-bd2b-45e5-8f71-480c904dd2ce@group-421A57758FF1-LeaderElection19] INFO  server.RaftServerConfigKeys (ConfUtils.java:logFallback(53)) - raft.server.rpc.first-election.timeout.max = 5200ms (fallback to raft.server.rpc.timeout.max)
2025-03-10 14:59:33,999 [grpc-default-executor-4] INFO  server.RaftServer$Division (RaftServerImpl.java:requestVote(1407)) - a47358e8-0456-4981-be42-6c2243302bda@group-421A57758FF1: receive requestVote(PRE_VOTE, 34c8489e-bd2b-45e5-8f71-480c904dd2ce, group-421A57758FF1, 0, (t:0, i:0))
2025-03-10 14:59:33,999 [grpc-default-executor-1] INFO  server.RaftServer$Division (RaftServerImpl.java:requestVote(1407)) - edfd90b7-d4f7-415e-a332-2179825f57d9@group-421A57758FF1: receive requestVote(PRE_VOTE, 34c8489e-bd2b-45e5-8f71-480c904dd2ce, group-421A57758FF1, 0, (t:0, i:0))
2025-03-10 14:59:33,999 [grpc-default-executor-4] INFO  impl.VoteContext (VoteContext.java:log(49)) - a47358e8-0456-4981-be42-6c2243302bda@group-421A57758FF1-FOLLOWER: accept PRE_VOTE from 34c8489e-bd2b-45e5-8f71-480c904dd2ce: our priority 0 <= candidate's priority 1
2025-03-10 14:59:33,999 [grpc-default-executor-1] INFO  impl.VoteContext (VoteContext.java:log(49)) - edfd90b7-d4f7-415e-a332-2179825f57d9@group-421A57758FF1-FOLLOWER: accept PRE_VOTE from 34c8489e-bd2b-45e5-8f71-480c904dd2ce: our priority 0 <= candidate's priority 1
2025-03-10 14:59:33,999 [grpc-default-executor-4] INFO  server.RaftServer$Division (RaftServerImpl.java:requestVote(1441)) - a47358e8-0456-4981-be42-6c2243302bda@group-421A57758FF1 replies to PRE_VOTE vote request: 34c8489e-bd2b-45e5-8f71-480c904dd2ce<-a47358e8-0456-4981-be42-6c2243302bda#0:OK-t0. Peer's state: a47358e8-0456-4981-be42-6c2243302bda@group-421A57758FF1:t0, leader=null, voted=, raftlog=Memoized:a47358e8-0456-4981-be42-6c2243302bda@group-421A57758FF1-SegmentedRaftLog:OPENED:c-1:lastnull, conf=conf: {index: -1, cur=peers:[edfd90b7-d4f7-415e-a332-2179825f57d9|127.0.0.1:15053, a47358e8-0456-4981-be42-6c2243302bda|127.0.0.1:15062, 34c8489e-bd2b-45e5-8f71-480c904dd2ce|127.0.0.1:15071]|listeners:[], old=null}
2025-03-10 14:59:33,999 [grpc-default-executor-1] INFO  server.RaftServer$Division (RaftServerImpl.java:requestVote(1441)) - edfd90b7-d4f7-415e-a332-2179825f57d9@group-421A57758FF1 replies to PRE_VOTE vote request: 34c8489e-bd2b-45e5-8f71-480c904dd2ce<-edfd90b7-d4f7-415e-a332-2179825f57d9#0:OK-t0. Peer's state: edfd90b7-d4f7-415e-a332-2179825f57d9@group-421A57758FF1:t0, leader=null, voted=, raftlog=Memoized:edfd90b7-d4f7-415e-a332-2179825f57d9@group-421A57758FF1-SegmentedRaftLog:OPENED:c-1:lastnull, conf=conf: {index: -1, cur=peers:[edfd90b7-d4f7-415e-a332-2179825f57d9|127.0.0.1:15053, a47358e8-0456-4981-be42-6c2243302bda|127.0.0.1:15062, 34c8489e-bd2b-45e5-8f71-480c904dd2ce|127.0.0.1:15071]|listeners:[], old=null}
2025-03-10 14:59:34,000 [34c8489e-bd2b-45e5-8f71-480c904dd2ce@group-421A57758FF1-LeaderElection19] INFO  impl.LeaderElection (LeaderElection.java:logAndReturn(90)) - 34c8489e-bd2b-45e5-8f71-480c904dd2ce@group-421A57758FF1-LeaderElection19: PRE_VOTE PASSED received 1 response(s) and 0 exception(s):
2025-03-10 14:59:34,000 [34c8489e-bd2b-45e5-8f71-480c904dd2ce@group-421A57758FF1-LeaderElection19] INFO  impl.LeaderElection (LeaderElection.java:logAndReturn(94)) -   Response 0: 34c8489e-bd2b-45e5-8f71-480c904dd2ce<-a47358e8-0456-4981-be42-6c2243302bda#0:OK-t0
2025-03-10 14:59:34,000 [34c8489e-bd2b-45e5-8f71-480c904dd2ce@group-421A57758FF1-LeaderElection19] INFO  impl.LeaderElection (LeaderElection.java:askForVotes(334)) - 34c8489e-bd2b-45e5-8f71-480c904dd2ce@group-421A57758FF1-LeaderElection19 PRE_VOTE round 0: result PASSED
2025-03-10 14:59:34,002 [34c8489e-bd2b-45e5-8f71-480c904dd2ce@group-421A57758FF1-LeaderElection19] INFO  impl.LeaderElection (LeaderElection.java:askForVotes(332)) - 34c8489e-bd2b-45e5-8f71-480c904dd2ce@group-421A57758FF1-LeaderElection19 ELECTION round 0: submit vote requests at term 1 for conf: {index: -1, cur=peers:[edfd90b7-d4f7-415e-a332-2179825f57d9|127.0.0.1:15053, a47358e8-0456-4981-be42-6c2243302bda|127.0.0.1:15062, 34c8489e-bd2b-45e5-8f71-480c904dd2ce|127.0.0.1:15071]|listeners:[], old=null}
2025-03-10 14:59:34,002 [34c8489e-bd2b-45e5-8f71-480c904dd2ce@group-421A57758FF1-LeaderElection19] INFO  server.RaftServerConfigKeys (ConfUtils.java:logFallback(53)) - raft.server.rpc.first-election.timeout.min = 5s (fallback to raft.server.rpc.timeout.min)
2025-03-10 14:59:34,002 [34c8489e-bd2b-45e5-8f71-480c904dd2ce@group-421A57758FF1-LeaderElection19] INFO  server.RaftServerConfigKeys (ConfUtils.java:logFallback(53)) - raft.server.rpc.first-election.timeout.max = 5200ms (fallback to raft.server.rpc.timeout.max)
2025-03-10 14:59:34,003 [grpc-default-executor-1] INFO  server.RaftServer$Division (RaftServerImpl.java:requestVote(1407)) - edfd90b7-d4f7-415e-a332-2179825f57d9@group-421A57758FF1: receive requestVote(ELECTION, 34c8489e-bd2b-45e5-8f71-480c904dd2ce, group-421A57758FF1, 1, (t:0, i:0))
2025-03-10 14:59:34,003 [grpc-default-executor-1] INFO  impl.VoteContext (VoteContext.java:log(49)) - edfd90b7-d4f7-415e-a332-2179825f57d9@group-421A57758FF1-FOLLOWER: accept ELECTION from 34c8489e-bd2b-45e5-8f71-480c904dd2ce: our priority 0 <= candidate's priority 1
2025-03-10 14:59:34,003 [grpc-default-executor-1] INFO  server.RaftServer$Division (RaftServerImpl.java:setRole(378)) - edfd90b7-d4f7-415e-a332-2179825f57d9@group-421A57758FF1: changes role from  FOLLOWER to FOLLOWER at term 0 for candidate:34c8489e-bd2b-45e5-8f71-480c904dd2ce
2025-03-10 14:59:34,003 [grpc-default-executor-1] INFO  impl.RoleInfo (RoleInfo.java:shutdownFollowerState(121)) - edfd90b7-d4f7-415e-a332-2179825f57d9: shutdown edfd90b7-d4f7-415e-a332-2179825f57d9@group-421A57758FF1-FollowerState
2025-03-10 14:59:34,003 [grpc-default-executor-1] INFO  impl.RoleInfo (RoleInfo.java:updateAndGet(148)) - edfd90b7-d4f7-415e-a332-2179825f57d9: start edfd90b7-d4f7-415e-a332-2179825f57d9@group-421A57758FF1-FollowerState
2025-03-10 14:59:34,003 [edfd90b7-d4f7-415e-a332-2179825f57d9@group-421A57758FF1-FollowerState] INFO  impl.FollowerState (FollowerState.java:runImpl(170)) - edfd90b7-d4f7-415e-a332-2179825f57d9@group-421A57758FF1-FollowerState was interrupted
2025-03-10 14:59:34,004 [grpc-default-executor-4] INFO  server.RaftServer$Division (RaftServerImpl.java:requestVote(1407)) - a47358e8-0456-4981-be42-6c2243302bda@group-421A57758FF1: receive requestVote(ELECTION, 34c8489e-bd2b-45e5-8f71-480c904dd2ce, group-421A57758FF1, 1, (t:0, i:0))
2025-03-10 14:59:34,004 [grpc-default-executor-4] INFO  impl.VoteContext (VoteContext.java:log(49)) - a47358e8-0456-4981-be42-6c2243302bda@group-421A57758FF1-FOLLOWER: accept ELECTION from 34c8489e-bd2b-45e5-8f71-480c904dd2ce: our priority 0 <= candidate's priority 1
2025-03-10 14:59:34,004 [grpc-default-executor-4] INFO  server.RaftServer$Division (RaftServerImpl.java:setRole(378)) - a47358e8-0456-4981-be42-6c2243302bda@group-421A57758FF1: changes role from  FOLLOWER to FOLLOWER at term 0 for candidate:34c8489e-bd2b-45e5-8f71-480c904dd2ce
2025-03-10 14:59:34,004 [grpc-default-executor-4] INFO  impl.RoleInfo (RoleInfo.java:shutdownFollowerState(121)) - a47358e8-0456-4981-be42-6c2243302bda: shutdown a47358e8-0456-4981-be42-6c2243302bda@group-421A57758FF1-FollowerState
2025-03-10 14:59:34,004 [grpc-default-executor-4] INFO  impl.RoleInfo (RoleInfo.java:updateAndGet(148)) - a47358e8-0456-4981-be42-6c2243302bda: start a47358e8-0456-4981-be42-6c2243302bda@group-421A57758FF1-FollowerState
2025-03-10 14:59:34,004 [a47358e8-0456-4981-be42-6c2243302bda@group-421A57758FF1-FollowerState] INFO  impl.FollowerState (FollowerState.java:runImpl(170)) - a47358e8-0456-4981-be42-6c2243302bda@group-421A57758FF1-FollowerState was interrupted
2025-03-10 14:59:34,004 [grpc-default-executor-1] INFO  server.RaftServer$Division (RaftServerImpl.java:requestVote(1441)) - edfd90b7-d4f7-415e-a332-2179825f57d9@group-421A57758FF1 replies to ELECTION vote request: 34c8489e-bd2b-45e5-8f71-480c904dd2ce<-edfd90b7-d4f7-415e-a332-2179825f57d9#0:OK-t1. Peer's state: edfd90b7-d4f7-415e-a332-2179825f57d9@group-421A57758FF1:t1, leader=null, voted=34c8489e-bd2b-45e5-8f71-480c904dd2ce, raftlog=Memoized:edfd90b7-d4f7-415e-a332-2179825f57d9@group-421A57758FF1-SegmentedRaftLog:OPENED:c-1:lastnull, conf=conf: {index: -1, cur=peers:[edfd90b7-d4f7-415e-a332-2179825f57d9|127.0.0.1:15053, a47358e8-0456-4981-be42-6c2243302bda|127.0.0.1:15062, 34c8489e-bd2b-45e5-8f71-480c904dd2ce|127.0.0.1:15071]|listeners:[], old=null}
2025-03-10 14:59:34,005 [grpc-default-executor-4] INFO  server.RaftServer$Division (RaftServerImpl.java:requestVote(1441)) - a47358e8-0456-4981-be42-6c2243302bda@group-421A57758FF1 replies to ELECTION vote request: 34c8489e-bd2b-45e5-8f71-480c904dd2ce<-a47358e8-0456-4981-be42-6c2243302bda#0:OK-t1. Peer's state: a47358e8-0456-4981-be42-6c2243302bda@group-421A57758FF1:t1, leader=null, voted=34c8489e-bd2b-45e5-8f71-480c904dd2ce, raftlog=Memoized:a47358e8-0456-4981-be42-6c2243302bda@group-421A57758FF1-SegmentedRaftLog:OPENED:c-1:lastnull, conf=conf: {index: -1, cur=peers:[edfd90b7-d4f7-415e-a332-2179825f57d9|127.0.0.1:15053, a47358e8-0456-4981-be42-6c2243302bda|127.0.0.1:15062, 34c8489e-bd2b-45e5-8f71-480c904dd2ce|127.0.0.1:15071]|listeners:[], old=null}
2025-03-10 14:59:34,005 [34c8489e-bd2b-45e5-8f71-480c904dd2ce@group-421A57758FF1-LeaderElection19] INFO  impl.LeaderElection (LeaderElection.java:logAndReturn(90)) - 34c8489e-bd2b-45e5-8f71-480c904dd2ce@group-421A57758FF1-LeaderElection19: ELECTION PASSED received 1 response(s) and 0 exception(s):
2025-03-10 14:59:34,005 [34c8489e-bd2b-45e5-8f71-480c904dd2ce@group-421A57758FF1-LeaderElection19] INFO  impl.LeaderElection (LeaderElection.java:logAndReturn(94)) -   Response 0: 34c8489e-bd2b-45e5-8f71-480c904dd2ce<-edfd90b7-d4f7-415e-a332-2179825f57d9#0:OK-t1
2025-03-10 14:59:34,005 [34c8489e-bd2b-45e5-8f71-480c904dd2ce@group-421A57758FF1-LeaderElection19] INFO  impl.LeaderElection (LeaderElection.java:askForVotes(334)) - 34c8489e-bd2b-45e5-8f71-480c904dd2ce@group-421A57758FF1-LeaderElection19 ELECTION round 0: result PASSED
2025-03-10 14:59:34,005 [34c8489e-bd2b-45e5-8f71-480c904dd2ce@group-421A57758FF1-LeaderElection19] INFO  impl.RoleInfo (RoleInfo.java:shutdownLeaderElection(141)) - 34c8489e-bd2b-45e5-8f71-480c904dd2ce: shutdown 34c8489e-bd2b-45e5-8f71-480c904dd2ce@group-421A57758FF1-LeaderElection19
2025-03-10 14:59:34,005 [34c8489e-bd2b-45e5-8f71-480c904dd2ce@group-421A57758FF1-LeaderElection19] INFO  server.RaftServer$Division (RaftServerImpl.java:setRole(378)) - 34c8489e-bd2b-45e5-8f71-480c904dd2ce@group-421A57758FF1: changes role from CANDIDATE to LEADER at term 1 for changeToLeader
2025-03-10 14:59:34,006 [34c8489e-bd2b-45e5-8f71-480c904dd2ce@group-421A57758FF1-LeaderElection19] INFO  server.RaftServerConfigKeys (ConfUtils.java:logGet(46)) - raft.server.staging.catchup.gap = 1000 (default)
2025-03-10 14:59:34,006 [34c8489e-bd2b-45e5-8f71-480c904dd2ce@group-421A57758FF1-LeaderElection19] INFO  server.RaftServerConfigKeys (ConfUtils.java:logGet(46)) - raft.server.write.element-limit = 1024 (custom)
2025-03-10 14:59:34,006 [34c8489e-bd2b-45e5-8f71-480c904dd2ce@group-421A57758FF1-LeaderElection19] INFO  server.RaftServerConfigKeys (ConfUtils.java:logGet(46)) - raft.server.write.byte-limit = 1024 M (=1073741824) (custom)
2025-03-10 14:59:34,006 [34c8489e-bd2b-45e5-8f71-480c904dd2ce@group-421A57758FF1-LeaderElection19] INFO  server.RaftServerConfigKeys (ConfUtils.java:logGet(46)) - raft.server.watch.timeout = 30s (custom)
2025-03-10 14:59:34,006 [34c8489e-bd2b-45e5-8f71-480c904dd2ce@group-421A57758FF1-LeaderElection19] INFO  server.RaftServerConfigKeys (ConfUtils.java:logGet(46)) - raft.server.watch.timeout.denomination = 1s (default)
2025-03-10 14:59:34,006 [34c8489e-bd2b-45e5-8f71-480c904dd2ce@group-421A57758FF1-LeaderElection19] INFO  server.RaftServerConfigKeys (ConfUtils.java:logGet(46)) - raft.server.watch.element-limit = 65536 (default)
2025-03-10 14:59:34,006 [34c8489e-bd2b-45e5-8f71-480c904dd2ce@group-421A57758FF1-LeaderElection19] INFO  server.RaftServerConfigKeys (ConfUtils.java:logGet(46)) - raft.server.read.leader.lease.enabled = false (default)
2025-03-10 14:59:34,007 [34c8489e-bd2b-45e5-8f71-480c904dd2ce@group-421A57758FF1-LeaderElection19] INFO  server.RaftServerConfigKeys (ConfUtils.java:logGet(46)) - raft.server.read.leader.lease.timeout.ratio = 0.9 (default)
2025-03-10 14:59:34,007 [34c8489e-bd2b-45e5-8f71-480c904dd2ce@group-421A57758FF1-LeaderElection19] INFO  server.RaftServerConfigKeys (ConfUtils.java:logGet(46)) - raft.server.rpc.timeout.min = 5s (custom)
2025-03-10 14:59:34,007 [34c8489e-bd2b-45e5-8f71-480c904dd2ce@group-421A57758FF1-LeaderElection19] INFO  server.RaftServerConfigKeys (ConfUtils.java:logGet(46)) - raft.server.log.log-metadata.enabled = true (default)
2025-03-10 14:59:34,007 [34c8489e-bd2b-45e5-8f71-480c904dd2ce@group-421A57758FF1-LeaderElection19] INFO  server.RaftServerConfigKeys (ConfUtils.java:logGet(46)) - raft.server.write.element-limit = 1024 (custom)
2025-03-10 14:59:34,007 [34c8489e-bd2b-45e5-8f71-480c904dd2ce@group-421A57758FF1-LeaderElection19] INFO  server.RaftServerConfigKeys (ConfUtils.java:logGet(46)) - raft.server.write.follower.gap.ratio.max = -1.0 (default)
2025-03-10 14:59:34,007 [34c8489e-bd2b-45e5-8f71-480c904dd2ce@group-421A57758FF1-LeaderElection19] INFO  server.RaftServerConfigKeys (ConfUtils.java:logGet(46)) - raft.server.log.appender.snapshot.chunk.size.max = 16MB (=16777216) (default)
2025-03-10 14:59:34,007 [34c8489e-bd2b-45e5-8f71-480c904dd2ce@group-421A57758FF1-LeaderElection19] INFO  server.RaftServerConfigKeys (ConfUtils.java:logGet(46)) - raft.server.log.appender.buffer.byte-limit = 33554432 (custom)
2025-03-10 14:59:34,007 [34c8489e-bd2b-45e5-8f71-480c904dd2ce@group-421A57758FF1-LeaderElection19] INFO  server.RaftServerConfigKeys (ConfUtils.java:logGet(46)) - raft.server.log.appender.buffer.element-limit = 1024 (custom)
2025-03-10 14:59:34,007 [34c8489e-bd2b-45e5-8f71-480c904dd2ce@group-421A57758FF1-LeaderElection19] INFO  server.RaftServerConfigKeys (ConfUtils.java:logGet(46)) - raft.server.log.appender.wait-time.min = 0μs (custom)
2025-03-10 14:59:34,007 [34c8489e-bd2b-45e5-8f71-480c904dd2ce@group-421A57758FF1-LeaderElection19] INFO  grpc.GrpcConfigKeys (ConfUtils.java:logGet(46)) - raft.grpc.server.leader.outstanding.appends.max = 8 (default)
2025-03-10 14:59:34,007 [34c8489e-bd2b-45e5-8f71-480c904dd2ce@group-421A57758FF1-LeaderElection19] INFO  server.RaftServerConfigKeys (ConfUtils.java:logGet(46)) - raft.server.rpc.request.timeout = 60s (custom)
2025-03-10 14:59:34,008 [34c8489e-bd2b-45e5-8f71-480c904dd2ce@group-421A57758FF1-LeaderElection19] INFO  grpc.GrpcConfigKeys (ConfUtils.java:logGet(46)) - raft.grpc.server.install_snapshot.request.element-limit = 8 (default)
2025-03-10 14:59:34,008 [34c8489e-bd2b-45e5-8f71-480c904dd2ce@group-421A57758FF1-LeaderElection19] INFO  grpc.GrpcConfigKeys (ConfUtils.java:logGet(46)) - raft.grpc.server.install_snapshot.request.timeout = 3000ms (default)
2025-03-10 14:59:34,008 [34c8489e-bd2b-45e5-8f71-480c904dd2ce@group-421A57758FF1-LeaderElection19] INFO  grpc.GrpcConfigKeys (ConfUtils.java:logGet(46)) - raft.grpc.server.log-message.batch.duration = 5s (default)
2025-03-10 14:59:34,008 [34c8489e-bd2b-45e5-8f71-480c904dd2ce@group-421A57758FF1-LeaderElection19] INFO  server.RaftServerConfigKeys (ConfUtils.java:logGet(46)) - raft.server.log.appender.install.snapshot.enabled = false (custom)
2025-03-10 14:59:34,008 [34c8489e-bd2b-45e5-8f71-480c904dd2ce@group-421A57758FF1-LeaderElection19] INFO  grpc.GrpcConfigKeys (ConfUtils.java:logGet(46)) - raft.grpc.server.heartbeat.channel = true (default)
2025-03-10 14:59:34,008 [34c8489e-bd2b-45e5-8f71-480c904dd2ce@group-421A57758FF1-LeaderElection19] INFO  server.RaftServerConfigKeys (ConfUtils.java:logGet(46)) - raft.server.log.appender.snapshot.chunk.size.max = 16MB (=16777216) (default)
2025-03-10 14:59:34,008 [34c8489e-bd2b-45e5-8f71-480c904dd2ce@group-421A57758FF1-LeaderElection19] INFO  server.RaftServerConfigKeys (ConfUtils.java:logGet(46)) - raft.server.log.appender.buffer.byte-limit = 33554432 (custom)
2025-03-10 14:59:34,008 [34c8489e-bd2b-45e5-8f71-480c904dd2ce@group-421A57758FF1-LeaderElection19] INFO  server.RaftServerConfigKeys (ConfUtils.java:logGet(46)) - raft.server.log.appender.buffer.element-limit = 1024 (custom)
2025-03-10 14:59:34,008 [34c8489e-bd2b-45e5-8f71-480c904dd2ce@group-421A57758FF1-LeaderElection19] INFO  server.RaftServerConfigKeys (ConfUtils.java:logGet(46)) - raft.server.log.appender.wait-time.min = 0μs (custom)
2025-03-10 14:59:34,008 [34c8489e-bd2b-45e5-8f71-480c904dd2ce@group-421A57758FF1-LeaderElection19] INFO  grpc.GrpcConfigKeys (ConfUtils.java:logGet(46)) - raft.grpc.server.leader.outstanding.appends.max = 8 (default)
2025-03-10 14:59:34,008 [34c8489e-bd2b-45e5-8f71-480c904dd2ce@group-421A57758FF1-LeaderElection19] INFO  server.RaftServerConfigKeys (ConfUtils.java:logGet(46)) - raft.server.rpc.request.timeout = 60s (custom)
2025-03-10 14:59:34,008 [34c8489e-bd2b-45e5-8f71-480c904dd2ce@group-421A57758FF1-LeaderElection19] INFO  grpc.GrpcConfigKeys (ConfUtils.java:logGet(46)) - raft.grpc.server.install_snapshot.request.element-limit = 8 (default)
2025-03-10 14:59:34,008 [34c8489e-bd2b-45e5-8f71-480c904dd2ce@group-421A57758FF1-LeaderElection19] INFO  grpc.GrpcConfigKeys (ConfUtils.java:logGet(46)) - raft.grpc.server.install_snapshot.request.timeout = 3000ms (default)
2025-03-10 14:59:34,008 [34c8489e-bd2b-45e5-8f71-480c904dd2ce@group-421A57758FF1-LeaderElection19] INFO  grpc.GrpcConfigKeys (ConfUtils.java:logGet(46)) - raft.grpc.server.log-message.batch.duration = 5s (default)
2025-03-10 14:59:34,008 [34c8489e-bd2b-45e5-8f71-480c904dd2ce@group-421A57758FF1-LeaderElection19] INFO  server.RaftServerConfigKeys (ConfUtils.java:logGet(46)) - raft.server.log.appender.install.snapshot.enabled = false (custom)
2025-03-10 14:59:34,009 [34c8489e-bd2b-45e5-8f71-480c904dd2ce@group-421A57758FF1-LeaderElection19] INFO  grpc.GrpcConfigKeys (ConfUtils.java:logGet(46)) - raft.grpc.server.heartbeat.channel = true (default)
2025-03-10 14:59:34,009 [34c8489e-bd2b-45e5-8f71-480c904dd2ce@group-421A57758FF1-LeaderElection19] INFO  impl.RoleInfo (RoleInfo.java:updateAndGet(148)) - 34c8489e-bd2b-45e5-8f71-480c904dd2ce: start 34c8489e-bd2b-45e5-8f71-480c904dd2ce@group-421A57758FF1-LeaderStateImpl
2025-03-10 14:59:34,009 [34c8489e-bd2b-45e5-8f71-480c904dd2ce@group-421A57758FF1-LeaderElection19] INFO  server.RaftServer$Division (RaftServerImpl.java:setFirstElection(562)) - 34c8489e-bd2b-45e5-8f71-480c904dd2ce@group-421A57758FF1: set firstElectionSinceStartup to false for becomeLeader
2025-03-10 14:59:34,009 [34c8489e-bd2b-45e5-8f71-480c904dd2ce@group-421A57758FF1-LeaderElection19] INFO  ratis.XceiverServerRatis (XceiverServerRatis.java:handleLeaderChangedNotification(941)) - Leader change notification received for group: group-421A57758FF1 with new leaderId: 34c8489e-bd2b-45e5-8f71-480c904dd2ce
2025-03-10 14:59:34,009 [34c8489e-bd2b-45e5-8f71-480c904dd2ce@group-421A57758FF1-LeaderElection19] INFO  server.RaftServer$Division (ServerState.java:setLeader(272)) - 34c8489e-bd2b-45e5-8f71-480c904dd2ce@group-421A57758FF1: change Leader from null to 34c8489e-bd2b-45e5-8f71-480c904dd2ce at term 1 for becomeLeader, leader elected after 5137ms
2025-03-10 14:59:34,009 [34c8489e-bd2b-45e5-8f71-480c904dd2ce@group-421A57758FF1-LeaderElection19] INFO  segmented.SegmentedRaftLogWorker (SegmentedRaftLogWorker.java:startLogSegment(438)) - 34c8489e-bd2b-45e5-8f71-480c904dd2ce@group-421A57758FF1-SegmentedRaftLogWorker: Starting segment from index:0
2025-03-10 14:59:34,009 [34c8489e-bd2b-45e5-8f71-480c904dd2ce@group-421A57758FF1-LeaderElection19] INFO  server.RaftServer$Division (ServerState.java:setRaftConf(386)) - 34c8489e-bd2b-45e5-8f71-480c904dd2ce@group-421A57758FF1: set configuration conf: {index: 0, cur=peers:[edfd90b7-d4f7-415e-a332-2179825f57d9|127.0.0.1:15053, a47358e8-0456-4981-be42-6c2243302bda|127.0.0.1:15062, 34c8489e-bd2b-45e5-8f71-480c904dd2ce|127.0.0.1:15071]|listeners:[], old=null}
2025-03-10 14:59:34,010 [34c8489e-bd2b-45e5-8f71-480c904dd2ce@group-421A57758FF1-SegmentedRaftLogWorker] INFO  segmented.BufferedWriteChannel (BufferedWriteChannel.java:open(61)) - open log_inprogress_0 at position 0
2025-03-10 14:59:34,016 [EventQueue-PipelineReportForPipelineReportHandler] INFO  pipeline.PipelineReportHandler (PipelineReportHandler.java:processPipelineReport(139)) - Opened pipeline PipelineID=6a9d0283-e90e-49ea-b5a8-421a57758ff1
2025-03-10 14:59:34,018 [edfd90b7-d4f7-415e-a332-2179825f57d9-server-thread1] INFO  ratis.XceiverServerRatis (XceiverServerRatis.java:handleLeaderChangedNotification(941)) - Leader change notification received for group: group-421A57758FF1 with new leaderId: 34c8489e-bd2b-45e5-8f71-480c904dd2ce
2025-03-10 14:59:34,019 [edfd90b7-d4f7-415e-a332-2179825f57d9-server-thread1] INFO  server.RaftServer$Division (ServerState.java:setLeader(272)) - edfd90b7-d4f7-415e-a332-2179825f57d9@group-421A57758FF1: change Leader from null to 34c8489e-bd2b-45e5-8f71-480c904dd2ce at term 1 for appendEntries, leader elected after 5169ms
2025-03-10 14:59:34,020 [34c8489e-bd2b-45e5-8f71-480c904dd2ce@group-421A57758FF1-SegmentedRaftLogWorker] INFO  segmented.SegmentedRaftLogWorker (SegmentedRaftLogWorker.java:execute(644)) - 34c8489e-bd2b-45e5-8f71-480c904dd2ce@group-421A57758FF1-SegmentedRaftLogWorker: created new log segment /home/runner/work/ozone/ozone/hadoop-ozone/integration-test/target/test-dir/MiniOzoneClusterImpl-92936399-7d39-4e90-b2ee-bbad22e09632/ozone-meta/datanode-3/ratis/6a9d0283-e90e-49ea-b5a8-421a57758ff1/current/log_inprogress_0
2025-03-10 14:59:34,020 [edfd90b7-d4f7-415e-a332-2179825f57d9-server-thread3] INFO  server.RaftServer$Division (ServerState.java:setRaftConf(386)) - edfd90b7-d4f7-415e-a332-2179825f57d9@group-421A57758FF1: set configuration conf: {index: 0, cur=peers:[edfd90b7-d4f7-415e-a332-2179825f57d9|127.0.0.1:15053, a47358e8-0456-4981-be42-6c2243302bda|127.0.0.1:15062, 34c8489e-bd2b-45e5-8f71-480c904dd2ce|127.0.0.1:15071]|listeners:[], old=null}
2025-03-10 14:59:34,021 [edfd90b7-d4f7-415e-a332-2179825f57d9-server-thread3] INFO  segmented.SegmentedRaftLogWorker (SegmentedRaftLogWorker.java:startLogSegment(438)) - edfd90b7-d4f7-415e-a332-2179825f57d9@group-421A57758FF1-SegmentedRaftLogWorker: Starting segment from index:0
2025-03-10 14:59:34,021 [edfd90b7-d4f7-415e-a332-2179825f57d9@group-421A57758FF1-SegmentedRaftLogWorker] INFO  segmented.BufferedWriteChannel (BufferedWriteChannel.java:open(61)) - open log_inprogress_0 at position 0
2025-03-10 14:59:34,022 [a47358e8-0456-4981-be42-6c2243302bda-server-thread1] INFO  ratis.XceiverServerRatis (XceiverServerRatis.java:handleLeaderChangedNotification(941)) - Leader change notification received for group: group-421A57758FF1 with new leaderId: 34c8489e-bd2b-45e5-8f71-480c904dd2ce
2025-03-10 14:59:34,022 [a47358e8-0456-4981-be42-6c2243302bda-server-thread1] INFO  server.RaftServer$Division (ServerState.java:setLeader(272)) - a47358e8-0456-4981-be42-6c2243302bda@group-421A57758FF1: change Leader from null to 34c8489e-bd2b-45e5-8f71-480c904dd2ce at term 1 for appendEntries, leader elected after 5126ms
2025-03-10 14:59:34,023 [a47358e8-0456-4981-be42-6c2243302bda-server-thread2] INFO  server.RaftServer$Division (ServerState.java:setRaftConf(386)) - a47358e8-0456-4981-be42-6c2243302bda@group-421A57758FF1: set configuration conf: {index: 0, cur=peers:[edfd90b7-d4f7-415e-a332-2179825f57d9|127.0.0.1:15053, a47358e8-0456-4981-be42-6c2243302bda|127.0.0.1:15062, 34c8489e-bd2b-45e5-8f71-480c904dd2ce|127.0.0.1:15071]|listeners:[], old=null}
2025-03-10 14:59:34,024 [a47358e8-0456-4981-be42-6c2243302bda-server-thread2] INFO  segmented.SegmentedRaftLogWorker (SegmentedRaftLogWorker.java:startLogSegment(438)) - a47358e8-0456-4981-be42-6c2243302bda@group-421A57758FF1-SegmentedRaftLogWorker: Starting segment from index:0
2025-03-10 14:59:34,024 [a47358e8-0456-4981-be42-6c2243302bda@group-421A57758FF1-SegmentedRaftLogWorker] INFO  segmented.BufferedWriteChannel (BufferedWriteChannel.java:open(61)) - open log_inprogress_0 at position 0
2025-03-10 14:59:34,034 [edfd90b7-d4f7-415e-a332-2179825f57d9@group-421A57758FF1-SegmentedRaftLogWorker] INFO  segmented.SegmentedRaftLogWorker (SegmentedRaftLogWorker.java:execute(644)) - edfd90b7-d4f7-415e-a332-2179825f57d9@group-421A57758FF1-SegmentedRaftLogWorker: created new log segment /home/runner/work/ozone/ozone/hadoop-ozone/integration-test/target/test-dir/MiniOzoneClusterImpl-92936399-7d39-4e90-b2ee-bbad22e09632/ozone-meta/datanode-1/ratis/6a9d0283-e90e-49ea-b5a8-421a57758ff1/current/log_inprogress_0
2025-03-10 14:59:34,035 [a47358e8-0456-4981-be42-6c2243302bda@group-421A57758FF1-SegmentedRaftLogWorker] INFO  segmented.SegmentedRaftLogWorker (SegmentedRaftLogWorker.java:execute(644)) - a47358e8-0456-4981-be42-6c2243302bda@group-421A57758FF1-SegmentedRaftLogWorker: created new log segment /home/runner/work/ozone/ozone/hadoop-ozone/integration-test/target/test-dir/MiniOzoneClusterImpl-92936399-7d39-4e90-b2ee-bbad22e09632/ozone-meta/datanode-2/ratis/6a9d0283-e90e-49ea-b5a8-421a57758ff1/current/log_inprogress_0
2025-03-10 14:59:34,036 [34c8489e-bd2b-45e5-8f71-480c904dd2ce@group-421A57758FF1-StateMachineUpdater] INFO  server.RaftServer$Division (LeaderStateImpl.java:checkStartIndex(313)) - Leader 34c8489e-bd2b-45e5-8f71-480c904dd2ce@group-421A57758FF1-LeaderStateImpl is ready since appliedIndex == startIndex == 0
2025-03-10 14:59:34,063 [a47358e8-0456-4981-be42-6c2243302bda@group-5D276E251663-FollowerState] INFO  impl.FollowerState (FollowerState.java:runImpl(161)) - a47358e8-0456-4981-be42-6c2243302bda@group-5D276E251663-FollowerState: change to CANDIDATE, lastRpcElapsedTime:5096721371ns, electionTimeout:5096ms
2025-03-10 14:59:34,064 [a47358e8-0456-4981-be42-6c2243302bda@group-5D276E251663-FollowerState] INFO  impl.RoleInfo (RoleInfo.java:shutdownFollowerState(121)) - a47358e8-0456-4981-be42-6c2243302bda: shutdown a47358e8-0456-4981-be42-6c2243302bda@group-5D276E251663-FollowerState
2025-03-10 14:59:34,064 [a47358e8-0456-4981-be42-6c2243302bda@group-5D276E251663-FollowerState] INFO  server.RaftServer$Division (RaftServerImpl.java:setRole(378)) - a47358e8-0456-4981-be42-6c2243302bda@group-5D276E251663: changes role from  FOLLOWER to CANDIDATE at term 0 for changeToCandidate
2025-03-10 14:59:34,064 [a47358e8-0456-4981-be42-6c2243302bda@group-5D276E251663-FollowerState] INFO  server.RaftServerConfigKeys (ConfUtils.java:logGet(46)) - raft.server.leaderelection.pre-vote = true (default)
2025-03-10 14:59:34,064 [a47358e8-0456-4981-be42-6c2243302bda@group-5D276E251663-FollowerState] INFO  impl.RoleInfo (RoleInfo.java:updateAndGet(148)) - a47358e8-0456-4981-be42-6c2243302bda: start a47358e8-0456-4981-be42-6c2243302bda@group-5D276E251663-LeaderElection20
2025-03-10 14:59:34,064 [a47358e8-0456-4981-be42-6c2243302bda@group-5D276E251663-LeaderElection20] INFO  impl.LeaderElection (LeaderElection.java:askForVotes(332)) - a47358e8-0456-4981-be42-6c2243302bda@group-5D276E251663-LeaderElection20 PRE_VOTE round 0: submit vote requests at term 0 for conf: {index: -1, cur=peers:[a47358e8-0456-4981-be42-6c2243302bda|127.0.0.1:15062]|listeners:[], old=null}
2025-03-10 14:59:34,064 [a47358e8-0456-4981-be42-6c2243302bda@group-5D276E251663-LeaderElection20] INFO  impl.LeaderElection (LeaderElection.java:askForVotes(334)) - a47358e8-0456-4981-be42-6c2243302bda@group-5D276E251663-LeaderElection20 PRE_VOTE round 0: result PASSED (term=0)
2025-03-10 14:59:34,065 [a47358e8-0456-4981-be42-6c2243302bda@group-5D276E251663-LeaderElection20] INFO  impl.LeaderElection (LeaderElection.java:askForVotes(332)) - a47358e8-0456-4981-be42-6c2243302bda@group-5D276E251663-LeaderElection20 ELECTION round 0: submit vote requests at term 1 for conf: {index: -1, cur=peers:[a47358e8-0456-4981-be42-6c2243302bda|127.0.0.1:15062]|listeners:[], old=null}
2025-03-10 14:59:34,065 [a47358e8-0456-4981-be42-6c2243302bda@group-5D276E251663-LeaderElection20] INFO  impl.LeaderElection (LeaderElection.java:askForVotes(334)) - a47358e8-0456-4981-be42-6c2243302bda@group-5D276E251663-LeaderElection20 ELECTION round 0: result PASSED (term=1)
2025-03-10 14:59:34,065 [a47358e8-0456-4981-be42-6c2243302bda@group-5D276E251663-LeaderElection20] INFO  impl.RoleInfo (RoleInfo.java:shutdownLeaderElection(141)) - a47358e8-0456-4981-be42-6c2243302bda: shutdown a47358e8-0456-4981-be42-6c2243302bda@group-5D276E251663-LeaderElection20
2025-03-10 14:59:34,065 [a47358e8-0456-4981-be42-6c2243302bda@group-5D276E251663-LeaderElection20] INFO  server.RaftServer$Division (RaftServerImpl.java:setRole(378)) - a47358e8-0456-4981-be42-6c2243302bda@group-5D276E251663: changes role from CANDIDATE to LEADER at term 1 for changeToLeader
2025-03-10 14:59:34,065 [a47358e8-0456-4981-be42-6c2243302bda@group-5D276E251663-LeaderElection20] INFO  server.RaftServerConfigKeys (ConfUtils.java:logGet(46)) - raft.server.staging.catchup.gap = 1000 (default)
2025-03-10 14:59:34,065 [a47358e8-0456-4981-be42-6c2243302bda@group-5D276E251663-LeaderElection20] INFO  server.RaftServerConfigKeys (ConfUtils.java:logGet(46)) - raft.server.write.element-limit = 1024 (custom)
2025-03-10 14:59:34,065 [a47358e8-0456-4981-be42-6c2243302bda@group-5D276E251663-LeaderElection20] INFO  server.RaftServerConfigKeys (ConfUtils.java:logGet(46)) - raft.server.write.byte-limit = 1024 M (=1073741824) (custom)
2025-03-10 14:59:34,065 [a47358e8-0456-4981-be42-6c2243302bda@group-5D276E251663-LeaderElection20] INFO  server.RaftServerConfigKeys (ConfUtils.java:logGet(46)) - raft.server.watch.timeout = 30s (custom)
2025-03-10 14:59:34,065 [a47358e8-0456-4981-be42-6c2243302bda@group-5D276E251663-LeaderElection20] INFO  server.RaftServerConfigKeys (ConfUtils.java:logGet(46)) - raft.server.watch.timeout.denomination = 1s (default)
2025-03-10 14:59:34,065 [a47358e8-0456-4981-be42-6c2243302bda@group-5D276E251663-LeaderElection20] INFO  server.RaftServerConfigKeys (ConfUtils.java:logGet(46)) - raft.server.watch.element-limit = 65536 (default)
2025-03-10 14:59:34,066 [a47358e8-0456-4981-be42-6c2243302bda@group-5D276E251663-LeaderElection20] INFO  server.RaftServerConfigKeys (ConfUtils.java:logGet(46)) - raft.server.read.leader.lease.enabled = false (default)
2025-03-10 14:59:34,066 [a47358e8-0456-4981-be42-6c2243302bda@group-5D276E251663-LeaderElection20] INFO  server.RaftServerConfigKeys (ConfUtils.java:logGet(46)) - raft.server.read.leader.lease.timeout.ratio = 0.9 (default)
2025-03-10 14:59:34,066 [a47358e8-0456-4981-be42-6c2243302bda@group-5D276E251663-LeaderElection20] INFO  server.RaftServerConfigKeys (ConfUtils.java:logGet(46)) - raft.server.rpc.timeout.min = 5s (custom)
2025-03-10 14:59:34,066 [a47358e8-0456-4981-be42-6c2243302bda@group-5D276E251663-LeaderElection20] INFO  server.RaftServerConfigKeys (ConfUtils.java:logGet(46)) - raft.server.log.log-metadata.enabled = true (default)
2025-03-10 14:59:34,066 [a47358e8-0456-4981-be42-6c2243302bda@group-5D276E251663-LeaderElection20] INFO  server.RaftServerConfigKeys (ConfUtils.java:logGet(46)) - raft.server.write.element-limit = 1024 (custom)
2025-03-10 14:59:34,066 [a47358e8-0456-4981-be42-6c2243302bda@group-5D276E251663-LeaderElection20] INFO  server.RaftServerConfigKeys (ConfUtils.java:logGet(46)) - raft.server.write.follower.gap.ratio.max = -1.0 (default)
2025-03-10 14:59:34,066 [a47358e8-0456-4981-be42-6c2243302bda@group-5D276E251663-LeaderElection20] INFO  impl.RoleInfo (RoleInfo.java:updateAndGet(148)) - a47358e8-0456-4981-be42-6c2243302bda: start a47358e8-0456-4981-be42-6c2243302bda@group-5D276E251663-LeaderStateImpl
2025-03-10 14:59:34,066 [a47358e8-0456-4981-be42-6c2243302bda@group-5D276E251663-LeaderElection20] INFO  server.RaftServer$Division (RaftServerImpl.java:setFirstElection(562)) - a47358e8-0456-4981-be42-6c2243302bda@group-5D276E251663: set firstElectionSinceStartup to false for becomeLeader
2025-03-10 14:59:34,066 [a47358e8-0456-4981-be42-6c2243302bda@group-5D276E251663-LeaderElection20] INFO  ratis.XceiverServerRatis (XceiverServerRatis.java:handleLeaderChangedNotification(941)) - Leader change notification received for group: group-5D276E251663 with new leaderId: a47358e8-0456-4981-be42-6c2243302bda
2025-03-10 14:59:34,066 [a47358e8-0456-4981-be42-6c2243302bda@group-5D276E251663-LeaderElection20] INFO  server.RaftServer$Division (ServerState.java:setLeader(272)) - a47358e8-0456-4981-be42-6c2243302bda@group-5D276E251663: change Leader from null to a47358e8-0456-4981-be42-6c2243302bda at term 1 for becomeLeader, leader elected after 5112ms
2025-03-10 14:59:34,066 [a47358e8-0456-4981-be42-6c2243302bda@group-5D276E251663-LeaderElection20] INFO  segmented.SegmentedRaftLogWorker (SegmentedRaftLogWorker.java:startLogSegment(438)) - a47358e8-0456-4981-be42-6c2243302bda@group-5D276E251663-SegmentedRaftLogWorker: Starting segment from index:0
2025-03-10 14:59:34,066 [a47358e8-0456-4981-be42-6c2243302bda@group-5D276E251663-LeaderElection20] INFO  server.RaftServer$Division (ServerState.java:setRaftConf(386)) - a47358e8-0456-4981-be42-6c2243302bda@group-5D276E251663: set configuration conf: {index: 0, cur=peers:[a47358e8-0456-4981-be42-6c2243302bda|127.0.0.1:15062]|listeners:[], old=null}
2025-03-10 14:59:34,067 [a47358e8-0456-4981-be42-6c2243302bda@group-5D276E251663-SegmentedRaftLogWorker] INFO  segmented.BufferedWriteChannel (BufferedWriteChannel.java:open(61)) - open log_inprogress_0 at position 0
2025-03-10 14:59:34,075 [a47358e8-0456-4981-be42-6c2243302bda@group-5D276E251663-SegmentedRaftLogWorker] INFO  segmented.SegmentedRaftLogWorker (SegmentedRaftLogWorker.java:execute(644)) - a47358e8-0456-4981-be42-6c2243302bda@group-5D276E251663-SegmentedRaftLogWorker: created new log segment /home/runner/work/ozone/ozone/hadoop-ozone/integration-test/target/test-dir/MiniOzoneClusterImpl-92936399-7d39-4e90-b2ee-bbad22e09632/ozone-meta/datanode-2/ratis/9f96ec5b-9e85-4751-b13f-5d276e251663/current/log_inprogress_0
2025-03-10 14:59:34,077 [a47358e8-0456-4981-be42-6c2243302bda@group-5D276E251663-StateMachineUpdater] INFO  server.RaftServer$Division (LeaderStateImpl.java:checkStartIndex(313)) - Leader a47358e8-0456-4981-be42-6c2243302bda@group-5D276E251663-LeaderStateImpl is ready since appliedIndex == startIndex == 0
2025-03-10 14:59:34,153 [main] INFO  ozone.MiniOzoneClusterImpl (MiniOzoneClusterImpl.java:lambda$waitForClusterToBeReady$0(208)) - Nodes are ready. Got 3 of 3 DN Heartbeats.
2025-03-10 14:59:34,153 [main] INFO  ozone.MiniOzoneClusterImpl (MiniOzoneClusterImpl.java:lambda$waitForClusterToBeReady$0(211)) - Cluster exits safe mode
2025-03-10 14:59:34,153 [main] INFO  ozone.MiniOzoneClusterImpl (MiniOzoneClusterImpl.java:lambda$waitForClusterToBeReady$0(213)) - SCM became leader
2025-03-10 14:59:34,158 [main] INFO  rpc.RpcClient (RpcClient.java:createVolume(462)) - Creating Volume: vol1, with runner as owner and space quota set to -1 bytes, counts quota set to -1
2025-03-10 14:59:34,162 [om1-OMStateMachineApplyTransactionThread - 0] INFO  volume.OMVolumeCreateRequest (OMVolumeCreateRequest.java:validateAndUpdateCache(204)) - created volume:vol1 for user:runner
2025-03-10 14:59:34,163 [main] INFO  rpc.RpcClient (RpcClient.java:createBucket(687)) - Creating Bucket: vol1/bucket1, with server-side default bucket layout, runner as owner, Versioning false, Storage Type set to DISK and Encryption set to false, Replication Type set to server-side default replication type, Namespace Quota set to -1, Space Quota set to -1 
2025-03-10 14:59:34,165 [om1-OMStateMachineApplyTransactionThread - 0] INFO  bucket.OMBucketCreateRequest (OMBucketCreateRequest.java:validateAndUpdateCache(291)) - created bucket: bucket1 of layout FILE_SYSTEM_OPTIMIZED in volume: vol1
2025-03-10 14:59:34,171 [IPC Server handler 4 on default port 15038] INFO  ha.SequenceIdGenerator (SequenceIdGenerator.java:getNextId(143)) - Allocate a batch for containerId, change lastId from 0 to 1000.
2025-03-10 14:59:34,174 [a4f85781-650a-46e8-940e-a45bfdaa2a01@group-BBAD22E09632-StateMachineUpdater] WARN  ha.SequenceIdGenerator (SequenceIdGenerator.java:allocateBatch(256)) - Failed to allocate a batch for localId, expected lastId is 0, actual lastId is 115816896921600000.
2025-03-10 14:59:34,175 [IPC Server handler 4 on default port 15038] INFO  ha.SequenceIdGenerator (SequenceIdGenerator.java:getNextId(143)) - Allocate a batch for localId, change lastId from 115816896921600000 to 115816896921601000.
2025-03-10 14:59:34,208 [34c8489e-bd2b-45e5-8f71-480c904dd2ce@group-024B58FEA649-FollowerState] INFO  impl.FollowerState (FollowerState.java:runImpl(161)) - 34c8489e-bd2b-45e5-8f71-480c904dd2ce@group-024B58FEA649-FollowerState: change to CANDIDATE, lastRpcElapsedTime:5048149206ns, electionTimeout:5047ms
2025-03-10 14:59:34,208 [34c8489e-bd2b-45e5-8f71-480c904dd2ce@group-024B58FEA649-FollowerState] INFO  impl.RoleInfo (RoleInfo.java:shutdownFollowerState(121)) - 34c8489e-bd2b-45e5-8f71-480c904dd2ce: shutdown 34c8489e-bd2b-45e5-8f71-480c904dd2ce@group-024B58FEA649-FollowerState
2025-03-10 14:59:34,208 [34c8489e-bd2b-45e5-8f71-480c904dd2ce@group-024B58FEA649-FollowerState] INFO  server.RaftServer$Division (RaftServerImpl.java:setRole(378)) - 34c8489e-bd2b-45e5-8f71-480c904dd2ce@group-024B58FEA649: changes role from  FOLLOWER to CANDIDATE at term 0 for changeToCandidate
2025-03-10 14:59:34,208 [34c8489e-bd2b-45e5-8f71-480c904dd2ce@group-024B58FEA649-FollowerState] INFO  server.RaftServerConfigKeys (ConfUtils.java:logGet(46)) - raft.server.leaderelection.pre-vote = true (default)
2025-03-10 14:59:34,208 [34c8489e-bd2b-45e5-8f71-480c904dd2ce@group-024B58FEA649-FollowerState] INFO  impl.RoleInfo (RoleInfo.java:updateAndGet(148)) - 34c8489e-bd2b-45e5-8f71-480c904dd2ce: start 34c8489e-bd2b-45e5-8f71-480c904dd2ce@group-024B58FEA649-LeaderElection21
2025-03-10 14:59:34,210 [34c8489e-bd2b-45e5-8f71-480c904dd2ce@group-024B58FEA649-LeaderElection21] INFO  impl.LeaderElection (LeaderElection.java:askForVotes(332)) - 34c8489e-bd2b-45e5-8f71-480c904dd2ce@group-024B58FEA649-LeaderElection21 PRE_VOTE round 0: submit vote requests at term 0 for conf: {index: -1, cur=peers:[34c8489e-bd2b-45e5-8f71-480c904dd2ce|127.0.0.1:15071]|listeners:[], old=null}
2025-03-10 14:59:34,210 [34c8489e-bd2b-45e5-8f71-480c904dd2ce@group-024B58FEA649-LeaderElection21] INFO  impl.LeaderElection (LeaderElection.java:askForVotes(334)) - 34c8489e-bd2b-45e5-8f71-480c904dd2ce@group-024B58FEA649-LeaderElection21 PRE_VOTE round 0: result PASSED (term=0)
2025-03-10 14:59:34,214 [34c8489e-bd2b-45e5-8f71-480c904dd2ce@group-024B58FEA649-LeaderElection21] INFO  impl.LeaderElection (LeaderElection.java:askForVotes(332)) - 34c8489e-bd2b-45e5-8f71-480c904dd2ce@group-024B58FEA649-LeaderElection21 ELECTION round 0: submit vote requests at term 1 for conf: {index: -1, cur=peers:[34c8489e-bd2b-45e5-8f71-480c904dd2ce|127.0.0.1:15071]|listeners:[], old=null}
2025-03-10 14:59:34,214 [34c8489e-bd2b-45e5-8f71-480c904dd2ce@group-024B58FEA649-LeaderElection21] INFO  impl.LeaderElection (LeaderElection.java:askForVotes(334)) - 34c8489e-bd2b-45e5-8f71-480c904dd2ce@group-024B58FEA649-LeaderElection21 ELECTION round 0: result PASSED (term=1)
2025-03-10 14:59:34,214 [34c8489e-bd2b-45e5-8f71-480c904dd2ce@group-024B58FEA649-LeaderElection21] INFO  impl.RoleInfo (RoleInfo.java:shutdownLeaderElection(141)) - 34c8489e-bd2b-45e5-8f71-480c904dd2ce: shutdown 34c8489e-bd2b-45e5-8f71-480c904dd2ce@group-024B58FEA649-LeaderElection21
2025-03-10 14:59:34,214 [34c8489e-bd2b-45e5-8f71-480c904dd2ce@group-024B58FEA649-LeaderElection21] INFO  server.RaftServer$Division (RaftServerImpl.java:setRole(378)) - 34c8489e-bd2b-45e5-8f71-480c904dd2ce@group-024B58FEA649: changes role from CANDIDATE to LEADER at term 1 for changeToLeader
2025-03-10 14:59:34,214 [34c8489e-bd2b-45e5-8f71-480c904dd2ce@group-024B58FEA649-LeaderElection21] INFO  server.RaftServerConfigKeys (ConfUtils.java:logGet(46)) - raft.server.staging.catchup.gap = 1000 (default)
2025-03-10 14:59:34,214 [34c8489e-bd2b-45e5-8f71-480c904dd2ce@group-024B58FEA649-LeaderElection21] INFO  server.RaftServerConfigKeys (ConfUtils.java:logGet(46)) - raft.server.write.element-limit = 1024 (custom)
2025-03-10 14:59:34,214 [34c8489e-bd2b-45e5-8f71-480c904dd2ce@group-024B58FEA649-LeaderElection21] INFO  server.RaftServerConfigKeys (ConfUtils.java:logGet(46)) - raft.server.write.byte-limit = 1024 M (=1073741824) (custom)
2025-03-10 14:59:34,215 [34c8489e-bd2b-45e5-8f71-480c904dd2ce@group-024B58FEA649-LeaderElection21] INFO  server.RaftServerConfigKeys (ConfUtils.java:logGet(46)) - raft.server.watch.timeout = 30s (custom)
2025-03-10 14:59:34,215 [34c8489e-bd2b-45e5-8f71-480c904dd2ce@group-024B58FEA649-LeaderElection21] INFO  server.RaftServerConfigKeys (ConfUtils.java:logGet(46)) - raft.server.watch.timeout.denomination = 1s (default)
2025-03-10 14:59:34,215 [34c8489e-bd2b-45e5-8f71-480c904dd2ce@group-024B58FEA649-LeaderElection21] INFO  server.RaftServerConfigKeys (ConfUtils.java:logGet(46)) - raft.server.watch.element-limit = 65536 (default)
2025-03-10 14:59:34,215 [34c8489e-bd2b-45e5-8f71-480c904dd2ce@group-024B58FEA649-LeaderElection21] INFO  server.RaftServerConfigKeys (ConfUtils.java:logGet(46)) - raft.server.read.leader.lease.enabled = false (default)
2025-03-10 14:59:34,215 [34c8489e-bd2b-45e5-8f71-480c904dd2ce@group-024B58FEA649-LeaderElection21] INFO  server.RaftServerConfigKeys (ConfUtils.java:logGet(46)) - raft.server.read.leader.lease.timeout.ratio = 0.9 (default)
2025-03-10 14:59:34,215 [34c8489e-bd2b-45e5-8f71-480c904dd2ce@group-024B58FEA649-LeaderElection21] INFO  server.RaftServerConfigKeys (ConfUtils.java:logGet(46)) - raft.server.rpc.timeout.min = 5s (custom)
2025-03-10 14:59:34,215 [34c8489e-bd2b-45e5-8f71-480c904dd2ce@group-024B58FEA649-LeaderElection21] INFO  server.RaftServerConfigKeys (ConfUtils.java:logGet(46)) - raft.server.log.log-metadata.enabled = true (default)
2025-03-10 14:59:34,215 [34c8489e-bd2b-45e5-8f71-480c904dd2ce@group-024B58FEA649-LeaderElection21] INFO  server.RaftServerConfigKeys (ConfUtils.java:logGet(46)) - raft.server.write.element-limit = 1024 (custom)
2025-03-10 14:59:34,215 [34c8489e-bd2b-45e5-8f71-480c904dd2ce@group-024B58FEA649-LeaderElection21] INFO  server.RaftServerConfigKeys (ConfUtils.java:logGet(46)) - raft.server.write.follower.gap.ratio.max = -1.0 (default)
2025-03-10 14:59:34,215 [34c8489e-bd2b-45e5-8f71-480c904dd2ce@group-024B58FEA649-LeaderElection21] INFO  impl.RoleInfo (RoleInfo.java:updateAndGet(148)) - 34c8489e-bd2b-45e5-8f71-480c904dd2ce: start 34c8489e-bd2b-45e5-8f71-480c904dd2ce@group-024B58FEA649-LeaderStateImpl
2025-03-10 14:59:34,215 [34c8489e-bd2b-45e5-8f71-480c904dd2ce@group-024B58FEA649-LeaderElection21] INFO  server.RaftServer$Division (RaftServerImpl.java:setFirstElection(562)) - 34c8489e-bd2b-45e5-8f71-480c904dd2ce@group-024B58FEA649: set firstElectionSinceStartup to false for becomeLeader
2025-03-10 14:59:34,215 [34c8489e-bd2b-45e5-8f71-480c904dd2ce@group-024B58FEA649-LeaderElection21] INFO  ratis.XceiverServerRatis (XceiverServerRatis.java:handleLeaderChangedNotification(941)) - Leader change notification received for group: group-024B58FEA649 with new leaderId: 34c8489e-bd2b-45e5-8f71-480c904dd2ce
2025-03-10 14:59:34,215 [34c8489e-bd2b-45e5-8f71-480c904dd2ce@group-024B58FEA649-LeaderElection21] INFO  server.RaftServer$Division (ServerState.java:setLeader(272)) - 34c8489e-bd2b-45e5-8f71-480c904dd2ce@group-024B58FEA649: change Leader from null to 34c8489e-bd2b-45e5-8f71-480c904dd2ce at term 1 for becomeLeader, leader elected after 5067ms
2025-03-10 14:59:34,215 [34c8489e-bd2b-45e5-8f71-480c904dd2ce@group-024B58FEA649-LeaderElection21] INFO  segmented.SegmentedRaftLogWorker (SegmentedRaftLogWorker.java:startLogSegment(438)) - 34c8489e-bd2b-45e5-8f71-480c904dd2ce@group-024B58FEA649-SegmentedRaftLogWorker: Starting segment from index:0
2025-03-10 14:59:34,216 [34c8489e-bd2b-45e5-8f71-480c904dd2ce@group-024B58FEA649-LeaderElection21] INFO  server.RaftServer$Division (ServerState.java:setRaftConf(386)) - 34c8489e-bd2b-45e5-8f71-480c904dd2ce@group-024B58FEA649: set configuration conf: {index: 0, cur=peers:[34c8489e-bd2b-45e5-8f71-480c904dd2ce|127.0.0.1:15071]|listeners:[], old=null}
2025-03-10 14:59:34,217 [34c8489e-bd2b-45e5-8f71-480c904dd2ce@group-024B58FEA649-SegmentedRaftLogWorker] INFO  segmented.BufferedWriteChannel (BufferedWriteChannel.java:open(61)) - open log_inprogress_0 at position 0
2025-03-10 14:59:34,227 [EventQueue-CloseContainerForCloseContainerEventHandler] INFO  container.CloseContainerEventHandler (CloseContainerEventHandler.java:onMessage(88)) - Close container Event triggered for container : #1, current state: OPEN
2025-03-10 14:59:34,229 [34c8489e-bd2b-45e5-8f71-480c904dd2ce@group-024B58FEA649-SegmentedRaftLogWorker] INFO  segmented.SegmentedRaftLogWorker (SegmentedRaftLogWorker.java:execute(644)) - 34c8489e-bd2b-45e5-8f71-480c904dd2ce@group-024B58FEA649-SegmentedRaftLogWorker: created new log segment /home/runner/work/ozone/ozone/hadoop-ozone/integration-test/target/test-dir/MiniOzoneClusterImpl-92936399-7d39-4e90-b2ee-bbad22e09632/ozone-meta/datanode-3/ratis/e556d727-2314-4b77-82f7-024b58fea649/current/log_inprogress_0
2025-03-10 14:59:34,229 [EventQueue-CloseContainerForCloseContainerEventHandler] INFO  container.CloseContainerEventHandler (CloseContainerEventHandler.java:onMessage(88)) - Close container Event triggered for container : #1, current state: CLOSING
2025-03-10 14:59:34,229 [EventQueue-CloseContainerForCloseContainerEventHandler] INFO  container.CloseContainerEventHandler (CloseContainerEventHandler.java:onMessage(88)) - Close container Event triggered for container : #1, current state: CLOSING
2025-03-10 14:59:34,231 [34c8489e-bd2b-45e5-8f71-480c904dd2ce@group-024B58FEA649-StateMachineUpdater] INFO  server.RaftServer$Division (LeaderStateImpl.java:checkStartIndex(313)) - Leader 34c8489e-bd2b-45e5-8f71-480c904dd2ce@group-024B58FEA649-LeaderStateImpl is ready since appliedIndex == startIndex == 0
2025-03-10 14:59:37,201 [a47358e8-0456-4981-be42-6c2243302bda-CloseContainerThread-0] INFO  commandhandler.CloseContainerCommandHandler (CloseContainerCommandHandler.java:lambda$handle$0(154)) - Follower cannot close container #1.
2025-03-10 14:59:37,202 [edfd90b7-d4f7-415e-a332-2179825f57d9-CloseContainerThread-0] INFO  commandhandler.CloseContainerCommandHandler (CloseContainerCommandHandler.java:lambda$handle$0(154)) - Follower cannot close container #1.
2025-03-10 14:59:37,223 [34c8489e-bd2b-45e5-8f71-480c904dd2ce-ContainerOp-6a9d0283-e90e-49ea-b5a8-421a57758ff1-2] INFO  keyvalue.KeyValueContainer (KeyValueContainer.java:flushAndSyncDB(526)) - Container 1 is synced with bcsId 2.
2025-03-10 14:59:37,224 [34c8489e-bd2b-45e5-8f71-480c904dd2ce-ContainerOp-6a9d0283-e90e-49ea-b5a8-421a57758ff1-2] INFO  keyvalue.KeyValueContainer (KeyValueContainer.java:flushAndSyncDB(526)) - Container 1 is synced with bcsId 2.
2025-03-10 14:59:37,225 [a47358e8-0456-4981-be42-6c2243302bda-ContainerOp-6a9d0283-e90e-49ea-b5a8-421a57758ff1-2] INFO  keyvalue.KeyValueContainer (KeyValueContainer.java:flushAndSyncDB(526)) - Container 1 is synced with bcsId 2.
2025-03-10 14:59:37,225 [a47358e8-0456-4981-be42-6c2243302bda-ContainerOp-6a9d0283-e90e-49ea-b5a8-421a57758ff1-2] INFO  keyvalue.KeyValueContainer (KeyValueContainer.java:flushAndSyncDB(526)) - Container 1 is synced with bcsId 2.
2025-03-10 14:59:37,225 [edfd90b7-d4f7-415e-a332-2179825f57d9-ContainerOp-6a9d0283-e90e-49ea-b5a8-421a57758ff1-2] INFO  keyvalue.KeyValueContainer (KeyValueContainer.java:flushAndSyncDB(526)) - Container 1 is synced with bcsId 2.
2025-03-10 14:59:37,226 [edfd90b7-d4f7-415e-a332-2179825f57d9-ContainerOp-6a9d0283-e90e-49ea-b5a8-421a57758ff1-2] INFO  keyvalue.KeyValueContainer (KeyValueContainer.java:flushAndSyncDB(526)) - Container 1 is synced with bcsId 2.
2025-03-10 14:59:37,228 [34c8489e-bd2b-45e5-8f71-480c904dd2ce-ContainerOp-6a9d0283-e90e-49ea-b5a8-421a57758ff1-2] INFO  keyvalue.KeyValueContainer (KeyValueContainer.java:close(441)) - Container 1 is closed with bcsId 2.
2025-03-10 14:59:37,229 [a47358e8-0456-4981-be42-6c2243302bda-ContainerOp-6a9d0283-e90e-49ea-b5a8-421a57758ff1-2] INFO  keyvalue.KeyValueContainer (KeyValueContainer.java:close(441)) - Container 1 is closed with bcsId 2.
2025-03-10 14:59:37,229 [edfd90b7-d4f7-415e-a332-2179825f57d9-ContainerOp-6a9d0283-e90e-49ea-b5a8-421a57758ff1-2] INFO  keyvalue.KeyValueContainer (KeyValueContainer.java:close(441)) - Container 1 is closed with bcsId 2.
2025-03-10 14:59:37,230 [FixedThreadPoolWithAffinityExecutor-9-0] INFO  container.IncrementalContainerReportHandler (AbstractContainerReportHandler.java:updateContainerState(320)) - Moving container #1 from CLOSING to CLOSED state, datanode 34c8489e-bd2b-45e5-8f71-480c904dd2ce(localhost/127.0.0.1) reported CLOSED replica with index 0.
2025-03-10 14:59:37,230 [a4f85781-650a-46e8-940e-a45bfdaa2a01@group-BBAD22E09632-StateMachineUpdater] ERROR statemachine.StateMachine (ExitUtils.java:terminate(133)) - Terminating with exit status 1: Invalid event: DELETE at CLOSING state.
org.apache.hadoop.ozone.common.statemachine.InvalidStateTransitionException: Invalid event: DELETE at CLOSING state.
	at org.apache.hadoop.ozone.common.statemachine.StateMachine.getNextState(StateMachine.java:58)
	at org.apache.hadoop.hdds.scm.container.ContainerStateManagerImpl.updateContainerState(ContainerStateManagerImpl.java:354)
	at java.base/jdk.internal.reflect.DirectMethodHandleAccessor.invoke(DirectMethodHandleAccessor.java:103)
	at java.base/java.lang.reflect.Method.invoke(Method.java:580)
	at org.apache.hadoop.hdds.scm.ha.SCMStateMachine.process(SCMStateMachine.java:192)
	at org.apache.hadoop.hdds.scm.ha.SCMStateMachine.applyTransaction(SCMStateMachine.java:155)
	at org.apache.ratis.server.impl.RaftServerImpl.applyLogToStateMachine(RaftServerImpl.java:1832)
	at org.apache.ratis.server.impl.StateMachineUpdater.applyLog(StateMachineUpdater.java:252)
	at org.apache.ratis.server.impl.StateMachineUpdater.run(StateMachineUpdater.java:193)
	at java.base/java.lang.Thread.run(Thread.java:1583)
2025-03-10 14:59:37,231 [a4f85781-650a-46e8-940e-a45bfdaa2a01@group-BBAD22E09632-StateMachineUpdater] ERROR impl.StateMachineUpdater (StateMachineUpdater.java:run(206)) - a4f85781-650a-46e8-940e-a45bfdaa2a01@group-BBAD22E09632-StateMachineUpdater caught a Throwable.
org.apache.ratis.server.raftlog.RaftLogIOException: org.apache.ratis.util.ExitUtils$ExitException: Invalid event: DELETE at CLOSING state.
	at org.apache.ratis.server.impl.RaftServerImpl.applyLogToStateMachine(RaftServerImpl.java:1835)
	at org.apache.ratis.server.impl.StateMachineUpdater.applyLog(StateMachineUpdater.java:252)
	at org.apache.ratis.server.impl.StateMachineUpdater.run(StateMachineUpdater.java:193)
	at java.base/java.lang.Thread.run(Thread.java:1583)
Caused by: org.apache.ratis.util.ExitUtils$ExitException: Invalid event: DELETE at CLOSING state.
	at org.apache.ratis.util.ExitUtils.terminate(ExitUtils.java:141)
	at org.apache.ratis.util.ExitUtils.terminate(ExitUtils.java:151)
	at org.apache.hadoop.hdds.scm.ha.SCMStateMachine.applyTransaction(SCMStateMachine.java:176)
	at org.apache.ratis.server.impl.RaftServerImpl.applyLogToStateMachine(RaftServerImpl.java:1832)
	... 3 more
Caused by: org.apache.hadoop.ozone.common.statemachine.InvalidStateTransitionException: Invalid event: DELETE at CLOSING state.
	at org.apache.hadoop.ozone.common.statemachine.StateMachine.getNextState(StateMachine.java:58)
	at org.apache.hadoop.hdds.scm.container.ContainerStateManagerImpl.updateContainerState(ContainerStateManagerImpl.java:354)
	at java.base/jdk.internal.reflect.DirectMethodHandleAccessor.invoke(DirectMethodHandleAccessor.java:103)
	at java.base/java.lang.reflect.Method.invoke(Method.java:580)
	at org.apache.hadoop.hdds.scm.ha.SCMStateMachine.process(SCMStateMachine.java:192)
	at org.apache.hadoop.hdds.scm.ha.SCMStateMachine.applyTransaction(SCMStateMachine.java:155)
	... 4 more
2025-03-10 14:59:37,232 [a4f85781-650a-46e8-940e-a45bfdaa2a01@group-BBAD22E09632-StateMachineUpdater] INFO  server.RaftServer$Division (RaftServerImpl.java:lambda$close$1(513)) - a4f85781-650a-46e8-940e-a45bfdaa2a01@group-BBAD22E09632: shutdown
2025-03-10 14:59:37,232 [a4f85781-650a-46e8-940e-a45bfdaa2a01@group-BBAD22E09632-StateMachineUpdater] INFO  util.JmxRegister (JmxRegister.java:unregister(74)) - Successfully un-registered JMX Bean with object name Ratis:service=RaftServer,group=group-BBAD22E09632,id=a4f85781-650a-46e8-940e-a45bfdaa2a01
2025-03-10 14:59:37,232 [a4f85781-650a-46e8-940e-a45bfdaa2a01@group-BBAD22E09632-StateMachineUpdater] INFO  impl.RoleInfo (RoleInfo.java:shutdownLeaderState(103)) - a4f85781-650a-46e8-940e-a45bfdaa2a01: shutdown a4f85781-650a-46e8-940e-a45bfdaa2a01@group-BBAD22E09632-LeaderStateImpl
2025-03-10 14:59:37,232 [a4f85781-650a-46e8-940e-a45bfdaa2a01@group-BBAD22E09632-StateMachineUpdater] INFO  impl.PendingRequests (PendingRequests.java:sendNotLeaderResponses(287)) - a4f85781-650a-46e8-940e-a45bfdaa2a01@group-BBAD22E09632-PendingRequests: sendNotLeaderResponses
2025-03-10 14:59:37,232 [a4f85781-650a-46e8-940e-a45bfdaa2a01@group-BBAD22E09632-StateMachineUpdater] INFO  ha.SCMStateMachine (SCMStateMachine.java:notifyNotLeader(214)) - current leader SCM steps down.
2025-03-10 14:59:37,232 [a4f85781-650a-46e8-940e-a45bfdaa2a01@group-BBAD22E09632-StateMachineUpdater] INFO  ha.SCMContext (SCMContext.java:updateLeaderAndTerm(95)) - update <isLeader,term> from <true,2> to <false,0>
2025-03-10 14:59:37,232 [a4f85781-650a-46e8-940e-a45bfdaa2a01@group-BBAD22E09632-StateMachineUpdater] INFO  ha.SCMContext (SCMContext.java:updateLeaderAndTerm(101)) - update <isLeaderReady> from <true> to <false>
2025-03-10 14:59:37,232 [a4f85781-650a-46e8-940e-a45bfdaa2a01@group-BBAD22E09632-StateMachineUpdater] INFO  BackgroundPipelineScrubber (BackgroundSCMService.java:notifyStatusChanged(84)) - Service BackgroundPipelineScrubber transitions to PAUSING.
2025-03-10 14:59:37,232 [a4f85781-650a-46e8-940e-a45bfdaa2a01@group-BBAD22E09632-StateMachineUpdater] INFO  ExpiredContainerReplicaOpScrubber (BackgroundSCMService.java:notifyStatusChanged(84)) - Service ExpiredContainerReplicaOpScrubber transitions to PAUSING.
2025-03-10 14:59:37,232 [a4f85781-650a-46e8-940e-a45bfdaa2a01@group-BBAD22E09632-StateMachineUpdater] INFO  SCMHATransactionMonitor (BackgroundSCMService.java:notifyStatusChanged(84)) - Service SCMHATransactionMonitor transitions to PAUSING.
2025-03-10 14:59:37,233 [a4f85781-650a-46e8-940e-a45bfdaa2a01@group-BBAD22E09632-StateMachineUpdater] INFO  impl.StateMachineUpdater (StateMachineUpdater.java:stop(141)) - a4f85781-650a-46e8-940e-a45bfdaa2a01@group-BBAD22E09632-StateMachineUpdater: closing SCMStateMachine, lastApplied=(t:2, i:32)
2025-03-10 14:59:37,233 [a4f85781-650a-46e8-940e-a45bfdaa2a01@group-BBAD22E09632-StateMachineUpdater] INFO  server.StorageContainerManager (StorageContainerManager.java:stop(1602)) - Container Balancer is not running.
2025-03-10 14:59:37,233 [a4f85781-650a-46e8-940e-a45bfdaa2a01@group-BBAD22E09632-StateMachineUpdater] INFO  server.StorageContainerManager (StorageContainerManager.java:stopReplicationManager(1736)) - Stopping Replication Manager Service.
2025-03-10 14:59:37,233 [a4f85781-650a-46e8-940e-a45bfdaa2a01@group-BBAD22E09632-StateMachineUpdater] INFO  replication.ReplicationManager (ReplicationManager.java:stop(311)) - Stopping Replication Monitor Thread.
2025-03-10 14:59:37,233 [a4f85781-650a-46e8-940e-a45bfdaa2a01@group-BBAD22E09632-StateMachineUpdater] INFO  server.StorageContainerManager (StorageContainerManager.java:stop(1611)) - Stopping the Datanode Admin Monitor.
2025-03-10 14:59:37,233 [a4f85781-650a-46e8-940e-a45bfdaa2a01@group-BBAD22E09632-StateMachineUpdater] INFO  server.StorageContainerManager (StorageContainerManager.java:stop(1618)) - Stopping datanode service RPC server
2025-03-10 14:59:37,233 [a4f85781-650a-46e8-940e-a45bfdaa2a01@group-BBAD22E09632-StateMachineUpdater] INFO  server.SCMDatanodeProtocolServer (SCMDatanodeProtocolServer.java:stop(448)) - Stopping the RPC server for DataNodes
2025-03-10 14:59:37,233 [UnderReplicatedProcessor] WARN  replication.UnhealthyReplicationProcessor (UnhealthyReplicationProcessor.java:run(178)) - UnderReplicatedProcessor interrupted. Exiting...
2025-03-10 14:59:37,233 [OverReplicatedProcessor] WARN  replication.UnhealthyReplicationProcessor (UnhealthyReplicationProcessor.java:run(178)) - OverReplicatedProcessor interrupted. Exiting...
2025-03-10 14:59:37,233 [FixedThreadPoolWithAffinityExecutor-9-0] ERROR container.IncrementalContainerReportHandler (IncrementalContainerReportHandler.java:onMessage(112)) - Exception while processing ICR for container 1
org.apache.hadoop.hdds.scm.exceptions.SCMException: org.apache.ratis.protocol.exceptions.ServerNotReadyException: a4f85781-650a-46e8-940e-a45bfdaa2a01@group-BBAD22E09632 is not in [RUNNING]: current state is CLOSING
	at org.apache.hadoop.hdds.scm.ha.SCMHAInvocationHandler.translateException(SCMHAInvocationHandler.java:164)
	at org.apache.hadoop.hdds.scm.ha.SCMHAInvocationHandler.translateException(SCMHAInvocationHandler.java:150)
	at org.apache.hadoop.hdds.scm.ha.SCMHAInvocationHandler.invokeRatis(SCMHAInvocationHandler.java:114)
	at org.apache.hadoop.hdds.scm.ha.SCMHAInvocationHandler.invoke(SCMHAInvocationHandler.java:73)
	at jdk.proxy2/jdk.proxy2.$Proxy42.updateContainerState(Unknown Source)
	at org.apache.hadoop.hdds.scm.container.ContainerManagerImpl.updateContainerState(ContainerManagerImpl.java:283)
	at org.apache.hadoop.hdds.scm.container.AbstractContainerReportHandler.updateContainerState(AbstractContainerReportHandler.java:323)
	at org.apache.hadoop.hdds.scm.container.AbstractContainerReportHandler.processContainerReplica(AbstractContainerReportHandler.java:117)
	at org.apache.hadoop.hdds.scm.container.IncrementalContainerReportHandler.onMessage(IncrementalContainerReportHandler.java:96)
	at org.apache.hadoop.hdds.scm.container.IncrementalContainerReportHandler.onMessage(IncrementalContainerReportHandler.java:39)
	at org.apache.hadoop.hdds.server.events.FixedThreadPoolWithAffinityExecutor$ContainerReportProcessTask.run(FixedThreadPoolWithAffinityExecutor.java:283)
	at java.base/java.util.concurrent.Executors$RunnableAdapter.call(Executors.java:572)
	at java.base/java.util.concurrent.FutureTask.run(FutureTask.java:317)
	at java.base/java.util.concurrent.ThreadPoolExecutor.runWorker(ThreadPoolExecutor.java:1144)
	at java.base/java.util.concurrent.ThreadPoolExecutor$Worker.run(ThreadPoolExecutor.java:642)
	at java.base/java.lang.Thread.run(Thread.java:1583)
Caused by: org.apache.ratis.protocol.exceptions.ServerNotReadyException: a4f85781-650a-46e8-940e-a45bfdaa2a01@group-BBAD22E09632 is not in [RUNNING]: current state is CLOSING
	at org.apache.ratis.server.impl.RaftServerImpl.lambda$assertLifeCycleState$7(RaftServerImpl.java:795)
	at org.apache.ratis.util.LifeCycle.assertCurrentState(LifeCycle.java:260)
	at org.apache.ratis.server.impl.RaftServerImpl.assertLifeCycleState(RaftServerImpl.java:794)
	at org.apache.ratis.server.impl.RaftServerImpl.submitClientRequestAsync(RaftServerImpl.java:912)
	at org.apache.ratis.server.impl.RaftServerImpl.lambda$null$11(RaftServerImpl.java:905)
	at org.apache.ratis.util.JavaUtils.callAsUnchecked(JavaUtils.java:118)
	at org.apache.ratis.server.impl.RaftServerImpl.lambda$executeSubmitClientRequestAsync$12(RaftServerImpl.java:905)
	at java.base/java.util.concurrent.CompletableFuture$AsyncSupply.run(CompletableFuture.java:1768)
	... 3 more
2025-03-10 14:59:37,233 [a4f85781-650a-46e8-940e-a45bfdaa2a01@group-BBAD22E09632-StateMachineUpdater] INFO  ipc.Server (Server.java:stop(3697)) - Stopping server on 15039
2025-03-10 14:59:37,233 [ReplicationMonitor] INFO  replication.ReplicationManager (ReplicationManager.java:run(911)) - Replication Monitor Thread is stopped
2025-03-10 14:59:37,234 [FixedThreadPoolWithAffinityExecutor-1-0] INFO  container.IncrementalContainerReportHandler (AbstractContainerReportHandler.java:updateContainerState(320)) - Moving container #1 from CLOSING to CLOSED state, datanode a47358e8-0456-4981-be42-6c2243302bda(localhost/127.0.0.1) reported CLOSED replica with index 0.
2025-03-10 14:59:37,240 [FixedThreadPoolWithAffinityExecutor-9-0] INFO  container.IncrementalContainerReportHandler (AbstractContainerReportHandler.java:updateContainerState(320)) - Moving container #1 from CLOSING to CLOSED state, datanode edfd90b7-d4f7-415e-a332-2179825f57d9(localhost/127.0.0.1) reported CLOSED replica with index 0.
2025-03-10 14:59:37,240 [FixedThreadPoolWithAffinityExecutor-1-0] ERROR container.IncrementalContainerReportHandler (IncrementalContainerReportHandler.java:onMessage(112)) - Exception while processing ICR for container 1
org.apache.hadoop.hdds.scm.exceptions.SCMException: org.apache.ratis.protocol.exceptions.ServerNotReadyException: a4f85781-650a-46e8-940e-a45bfdaa2a01@group-BBAD22E09632 is not in [RUNNING]: current state is CLOSING
	at org.apache.hadoop.hdds.scm.ha.SCMHAInvocationHandler.translateException(SCMHAInvocationHandler.java:164)
	at org.apache.hadoop.hdds.scm.ha.SCMHAInvocationHandler.translateException(SCMHAInvocationHandler.java:150)
	at org.apache.hadoop.hdds.scm.ha.SCMHAInvocationHandler.invokeRatis(SCMHAInvocationHandler.java:114)
	at org.apache.hadoop.hdds.scm.ha.SCMHAInvocationHandler.invoke(SCMHAInvocationHandler.java:73)
	at jdk.proxy2/jdk.proxy2.$Proxy42.updateContainerState(Unknown Source)
	at org.apache.hadoop.hdds.scm.container.ContainerManagerImpl.updateContainerState(ContainerManagerImpl.java:283)
	at org.apache.hadoop.hdds.scm.container.AbstractContainerReportHandler.updateContainerState(AbstractContainerReportHandler.java:323)
	at org.apache.hadoop.hdds.scm.container.AbstractContainerReportHandler.processContainerReplica(AbstractContainerReportHandler.java:117)
	at org.apache.hadoop.hdds.scm.container.IncrementalContainerReportHandler.onMessage(IncrementalContainerReportHandler.java:96)
	at org.apache.hadoop.hdds.scm.container.IncrementalContainerReportHandler.onMessage(IncrementalContainerReportHandler.java:39)
	at org.apache.hadoop.hdds.server.events.FixedThreadPoolWithAffinityExecutor$ContainerReportProcessTask.run(FixedThreadPoolWithAffinityExecutor.java:283)
	at java.base/java.util.concurrent.Executors$RunnableAdapter.call(Executors.java:572)
	at java.base/java.util.concurrent.FutureTask.run(FutureTask.java:317)
	at java.base/java.util.concurrent.ThreadPoolExecutor.runWorker(ThreadPoolExecutor.java:1144)
	at java.base/java.util.concurrent.ThreadPoolExecutor$Worker.run(ThreadPoolExecutor.java:642)
	at java.base/java.lang.Thread.run(Thread.java:1583)
Caused by: org.apache.ratis.protocol.exceptions.ServerNotReadyException: a4f85781-650a-46e8-940e-a45bfdaa2a01@group-BBAD22E09632 is not in [RUNNING]: current state is CLOSING
	at org.apache.ratis.server.impl.RaftServerImpl.lambda$assertLifeCycleState$7(RaftServerImpl.java:795)
	at org.apache.ratis.util.LifeCycle.assertCurrentState(LifeCycle.java:260)
	at org.apache.ratis.server.impl.RaftServerImpl.assertLifeCycleState(RaftServerImpl.java:794)
	at org.apache.ratis.server.impl.RaftServerImpl.submitClientRequestAsync(RaftServerImpl.java:912)
	at org.apache.ratis.server.impl.RaftServerImpl.lambda$null$11(RaftServerImpl.java:905)
	at org.apache.ratis.util.JavaUtils.callAsUnchecked(JavaUtils.java:118)
	at org.apache.ratis.server.impl.RaftServerImpl.lambda$executeSubmitClientRequestAsync$12(RaftServerImpl.java:905)
	at java.base/java.util.concurrent.CompletableFuture$AsyncSupply.run(CompletableFuture.java:1768)
	... 3 more
2025-03-10 14:59:37,241 [main] INFO  ozone.MiniOzoneClusterImpl (MiniOzoneClusterImpl.java:shutdown(464)) - Shutting down the Mini Ozone Cluster
2025-03-10 14:59:37,242 [main] INFO  db.CodecTestUtil (CodecTestUtil.java:gc(49)) - gc 0
2025-03-10 14:59:37,242 [IPC Server listener on 15039] INFO  ipc.Server (Server.java:run(1585)) - Stopping IPC Server listener on 15039
2025-03-10 14:59:37,301 [IPC Server Responder] INFO  ipc.Server (Server.java:run(1718)) - Stopping IPC Server Responder
2025-03-10 14:59:37,301 [SCMHeartbeatProcessor-0] WARN  node.NodeStateManager (NodeStateManager.java:scheduleNextHealthCheck(930)) - Current Thread is interrupted, shutting down HB processing thread for Node Manager.
2025-03-10 14:59:37,304 [a4f85781-650a-46e8-940e-a45bfdaa2a01@group-BBAD22E09632-StateMachineUpdater] INFO  server.StorageContainerManager (StorageContainerManager.java:stop(1626)) - Stopping block service RPC server
2025-03-10 14:59:37,304 [a4f85781-650a-46e8-940e-a45bfdaa2a01@group-BBAD22E09632-StateMachineUpdater] INFO  server.SCMBlockProtocolServer (SCMBlockProtocolServer.java:stop(174)) - Stopping the RPC server for Block Protocol
2025-03-10 14:59:37,304 [a4f85781-650a-46e8-940e-a45bfdaa2a01@group-BBAD22E09632-StateMachineUpdater] INFO  ipc.Server (Server.java:stop(3697)) - Stopping server on 15038
2025-03-10 14:59:37,300 [FixedThreadPoolWithAffinityExecutor-9-0] ERROR container.IncrementalContainerReportHandler (IncrementalContainerReportHandler.java:onMessage(112)) - Exception while processing ICR for container 1
org.apache.hadoop.hdds.scm.exceptions.SCMException: org.apache.ratis.protocol.exceptions.ServerNotReadyException: a4f85781-650a-46e8-940e-a45bfdaa2a01@group-BBAD22E09632 is not in [RUNNING]: current state is CLOSING
	at org.apache.hadoop.hdds.scm.ha.SCMHAInvocationHandler.translateException(SCMHAInvocationHandler.java:164)
	at org.apache.hadoop.hdds.scm.ha.SCMHAInvocationHandler.translateException(SCMHAInvocationHandler.java:150)
	at org.apache.hadoop.hdds.scm.ha.SCMHAInvocationHandler.invokeRatis(SCMHAInvocationHandler.java:114)
	at org.apache.hadoop.hdds.scm.ha.SCMHAInvocationHandler.invoke(SCMHAInvocationHandler.java:73)
	at jdk.proxy2/jdk.proxy2.$Proxy42.updateContainerState(Unknown Source)
	at org.apache.hadoop.hdds.scm.container.ContainerManagerImpl.updateContainerState(ContainerManagerImpl.java:283)
	at org.apache.hadoop.hdds.scm.container.AbstractContainerReportHandler.updateContainerState(AbstractContainerReportHandler.java:323)
	at org.apache.hadoop.hdds.scm.container.AbstractContainerReportHandler.processContainerReplica(AbstractContainerReportHandler.java:117)
	at org.apache.hadoop.hdds.scm.container.IncrementalContainerReportHandler.onMessage(IncrementalContainerReportHandler.java:96)
	at org.apache.hadoop.hdds.scm.container.IncrementalContainerReportHandler.onMessage(IncrementalContainerReportHandler.java:39)
	at org.apache.hadoop.hdds.server.events.FixedThreadPoolWithAffinityExecutor$ContainerReportProcessTask.run(FixedThreadPoolWithAffinityExecutor.java:283)
	at java.base/java.util.concurrent.Executors$RunnableAdapter.call(Executors.java:572)
	at java.base/java.util.concurrent.FutureTask.run(FutureTask.java:317)
	at java.base/java.util.concurrent.ThreadPoolExecutor.runWorker(ThreadPoolExecutor.java:1144)
	at java.base/java.util.concurrent.ThreadPoolExecutor$Worker.run(ThreadPoolExecutor.java:642)
	at java.base/java.lang.Thread.run(Thread.java:1583)
Caused by: org.apache.ratis.protocol.exceptions.ServerNotReadyException: a4f85781-650a-46e8-940e-a45bfdaa2a01@group-BBAD22E09632 is not in [RUNNING]: current state is CLOSING
	at org.apache.ratis.server.impl.RaftServerImpl.lambda$assertLifeCycleState$7(RaftServerImpl.java:795)
	at org.apache.ratis.util.LifeCycle.assertCurrentState(LifeCycle.java:260)
	at org.apache.ratis.server.impl.RaftServerImpl.assertLifeCycleState(RaftServerImpl.java:794)
	at org.apache.ratis.server.impl.RaftServerImpl.submitClientRequestAsync(RaftServerImpl.java:912)
	at org.apache.ratis.server.impl.RaftServerImpl.lambda$null$11(RaftServerImpl.java:905)
	at org.apache.ratis.util.JavaUtils.callAsUnchecked(JavaUtils.java:118)
	at org.apache.ratis.server.impl.RaftServerImpl.lambda$executeSubmitClientRequestAsync$12(RaftServerImpl.java:905)
	at java.base/java.util.concurrent.CompletableFuture$AsyncSupply.run(CompletableFuture.java:1768)
	... 3 more
2025-03-10 14:59:37,318 [IPC Server Responder] INFO  ipc.Server (Server.java:run(1718)) - Stopping IPC Server Responder
2025-03-10 14:59:37,318 [IPC Server listener on 15038] INFO  ipc.Server (Server.java:run(1585)) - Stopping IPC Server listener on 15038
2025-03-10 14:59:37,318 [a4f85781-650a-46e8-940e-a45bfdaa2a01@group-BBAD22E09632-StateMachineUpdater] INFO  server.StorageContainerManager (StorageContainerManager.java:stop(1633)) - Stopping the StorageContainerLocationProtocol RPC server
2025-03-10 14:59:37,319 [a4f85781-650a-46e8-940e-a45bfdaa2a01@group-BBAD22E09632-StateMachineUpdater] INFO  server.SCMClientProtocolServer (SCMClientProtocolServer.java:stop(215)) - Stopping the RPC server for Client Protocol
2025-03-10 14:59:37,319 [a4f85781-650a-46e8-940e-a45bfdaa2a01@group-BBAD22E09632-StateMachineUpdater] INFO  ipc.Server (Server.java:stop(3697)) - Stopping server on 15037
2025-03-10 14:59:37,326 [IPC Server Responder] INFO  ipc.Server (Server.java:run(1718)) - Stopping IPC Server Responder
2025-03-10 14:59:37,327 [IPC Server listener on 15037] INFO  ipc.Server (Server.java:run(1585)) - Stopping IPC Server listener on 15037
2025-03-10 14:59:37,327 [a4f85781-650a-46e8-940e-a45bfdaa2a01@group-BBAD22E09632-StateMachineUpdater] INFO  server.StorageContainerManager (StorageContainerManager.java:stop(1640)) - Stopping Storage Container Manager HTTP server.
2025-03-10 14:59:37,329 [a4f85781-650a-46e8-940e-a45bfdaa2a01@group-BBAD22E09632-StateMachineUpdater] INFO  handler.ContextHandler (ContextHandler.java:doStop(1159)) - Stopped o.e.j.w.WebAppContext@19469022{scm,/,null,STOPPED}{file:/home/runner/work/ozone/ozone/hadoop-ozone/integration-test/target/test-classes/webapps/scm}
2025-03-10 14:59:37,331 [a4f85781-650a-46e8-940e-a45bfdaa2a01@group-BBAD22E09632-StateMachineUpdater] INFO  server.AbstractConnector (AbstractConnector.java:doStop(383)) - Stopped ServerConnector@60fa2d75{HTTP/1.1, (http/1.1)}{0.0.0.0:15040}
2025-03-10 14:59:37,331 [a4f85781-650a-46e8-940e-a45bfdaa2a01@group-BBAD22E09632-StateMachineUpdater] INFO  server.session (HouseKeeper.java:stopScavenging(149)) - node0 Stopped scavenging
2025-03-10 14:59:37,332 [a4f85781-650a-46e8-940e-a45bfdaa2a01@group-BBAD22E09632-StateMachineUpdater] INFO  handler.ContextHandler (ContextHandler.java:doStop(1159)) - Stopped o.e.j.s.ServletContextHandler@29f20756{static,/static,file:///home/runner/work/ozone/ozone/hadoop-ozone/integration-test/target/test-classes/webapps/static,STOPPED}
2025-03-10 14:59:37,332 [a4f85781-650a-46e8-940e-a45bfdaa2a01@group-BBAD22E09632-StateMachineUpdater] INFO  handler.ContextHandler (ContextHandler.java:doStop(1159)) - Stopped o.e.j.s.ServletContextHandler@277a1c6{logs,/logs,file:///home/runner/work/ozone/ozone/hadoop-ozone/integration-test/target/log,STOPPED}
2025-03-10 14:59:37,332 [a4f85781-650a-46e8-940e-a45bfdaa2a01@group-BBAD22E09632-StateMachineUpdater] INFO  server.StorageContainerManager (StorageContainerManager.java:stop(1648)) - Stopping SCM LayoutVersionManager Service.
2025-03-10 14:59:37,332 [a4f85781-650a-46e8-940e-a45bfdaa2a01@group-BBAD22E09632-StateMachineUpdater] INFO  server.StorageContainerManager (StorageContainerManager.java:stop(1660)) - Stopping Block Manager Service.
2025-03-10 14:59:37,332 [a4f85781-650a-46e8-940e-a45bfdaa2a01@group-BBAD22E09632-StateMachineUpdater] INFO  utils.BackgroundService (BackgroundService.java:shutdown(162)) - Shutting down service SCMBlockDeletingService
2025-03-10 14:59:37,333 [a4f85781-650a-46e8-940e-a45bfdaa2a01@group-BBAD22E09632-StateMachineUpdater] INFO  utils.BackgroundService (BackgroundService.java:shutdown(162)) - Shutting down service SCMBlockDeletingService
2025-03-10 14:59:37,334 [a4f85781-650a-46e8-940e-a45bfdaa2a01@group-BBAD22E09632-StateMachineUpdater] INFO  server.StorageContainerManager (StorageContainerManager.java:stop(1685)) - Stopping SCM Event Queue.
2025-03-10 14:59:37,334 [a4f85781-650a-46e8-940e-a45bfdaa2a01@group-BBAD22E09632-StateMachineUpdater] INFO  server.StorageContainerManager (StorageContainerManager.java:stop(1692)) - Stopping SCM HA services.
2025-03-10 14:59:37,334 [a4f85781-650a-46e8-940e-a45bfdaa2a01@group-BBAD22E09632-StateMachineUpdater] INFO  ha.SCMRatisServerImpl (SCMRatisServerImpl.java:stop(266)) - stopping ratis server 0.0.0.0:15041
2025-03-10 14:59:37,334 [a4f85781-650a-46e8-940e-a45bfdaa2a01@group-BBAD22E09632-StateMachineUpdater] INFO  server.RaftServer (RaftServerProxy.java:lambda$close$9(417)) - a4f85781-650a-46e8-940e-a45bfdaa2a01: close
2025-03-10 14:59:37,335 [a4f85781-650a-46e8-940e-a45bfdaa2a01@group-BBAD22E09632-StateMachineUpdater] INFO  server.GrpcService (GrpcService.java:closeImpl(343)) - a4f85781-650a-46e8-940e-a45bfdaa2a01: shutdown server GrpcServerProtocolService now
2025-03-10 14:59:37,336 [a4f85781-650a-46e8-940e-a45bfdaa2a01@group-BBAD22E09632-StateMachineUpdater] INFO  server.GrpcService (GrpcService.java:closeImpl(352)) - a4f85781-650a-46e8-940e-a45bfdaa2a01: shutdown server GrpcServerProtocolService successfully
2025-03-10 14:59:37,336 [JvmPauseMonitor8] INFO  util.JvmPauseMonitor (JvmPauseMonitor.java:run(152)) - JvmPauseMonitor-a4f85781-650a-46e8-940e-a45bfdaa2a01: Stopped
2025-03-10 14:59:37,337 [a4f85781-650a-46e8-940e-a45bfdaa2a01@group-BBAD22E09632-StateMachineUpdater] WARN  db.RDBBatchOperation (RDBBatchOperation.java:clear(187)) - discarding changes   Batch-10: pipelines batchSize=6.97 KB, discarded: 5 (3.34 KB), #put=10, #del=0
2025-03-10 14:59:37,337 [a4f85781-650a-46e8-940e-a45bfdaa2a01@group-BBAD22E09632-StateMachineUpdater] WARN  db.RDBBatchOperation (RDBBatchOperation.java:clear(187)) - discarding changes   Batch-10: containers batchSize=230 B, discarded: 1 (115 B), #put=2, #del=0
2025-03-10 14:59:37,337 [a4f85781-650a-46e8-940e-a45bfdaa2a01@group-BBAD22E09632-StateMachineUpdater] WARN  db.RDBBatchOperation (RDBBatchOperation.java:clear(187)) - discarding changes   Batch-10: sequenceId batchSize=34 B, discarded: 0 (0 B), #put=2, #del=0
2025-03-10 14:59:37,337 [a4f85781-650a-46e8-940e-a45bfdaa2a01@group-BBAD22E09632-StateMachineUpdater] INFO  SCMHATransactionMonitor (BackgroundSCMService.java:stop(127)) - Stopping SCMHATransactionMonitor Service.
2025-03-10 14:59:37,337 [SCMHATransactionMonitor] WARN  SCMHATransactionMonitor (BackgroundSCMService.java:run(111)) - SCMHATransactionMonitor is interrupted, exit
2025-03-10 14:59:37,337 [a4f85781-650a-46e8-940e-a45bfdaa2a01@group-BBAD22E09632-StateMachineUpdater] INFO  pipeline.BackgroundPipelineCreator (BackgroundPipelineCreator.java:stop(155)) - Stopping RatisPipelineUtilsThread.
2025-03-10 14:59:37,338 [RatisPipelineUtilsThread-0] WARN  pipeline.BackgroundPipelineCreator (BackgroundPipelineCreator.java:run(186)) - RatisPipelineUtilsThread is interrupted.
2025-03-10 14:59:37,338 [a4f85781-650a-46e8-940e-a45bfdaa2a01@group-BBAD22E09632-StateMachineUpdater] INFO  BackgroundPipelineScrubber (BackgroundSCMService.java:stop(127)) - Stopping BackgroundPipelineScrubber Service.
2025-03-10 14:59:37,338 [BackgroundPipelineScrubber] WARN  BackgroundPipelineScrubber (BackgroundSCMService.java:run(111)) - BackgroundPipelineScrubber is interrupted, exit
2025-03-10 14:59:37,339 [a4f85781-650a-46e8-940e-a45bfdaa2a01@group-BBAD22E09632-StateMachineUpdater] INFO  impl.MetricsSystemImpl (MetricsSystemImpl.java:stop(210)) - Stopping HddsDatanode metrics system...
2025-03-10 14:59:37,341 [prometheus] INFO  impl.MetricsSinkAdapter (MetricsSinkAdapter.java:publishMetricsFromQueue(141)) - prometheus thread interrupted.
2025-03-10 14:59:37,341 [a4f85781-650a-46e8-940e-a45bfdaa2a01@group-BBAD22E09632-StateMachineUpdater] INFO  impl.MetricsSystemImpl (MetricsSystemImpl.java:stop(216)) - HddsDatanode metrics system stopped.
2025-03-10 14:59:37,342 [a4f85781-650a-46e8-940e-a45bfdaa2a01@group-BBAD22E09632-StateMachineUpdater] WARN  pipeline.BackgroundPipelineCreator (BackgroundPipelineCreator.java:stop(151)) - RatisPipelineUtilsThread is not running, just ignore.
2025-03-10 14:59:37,342 [a4f85781-650a-46e8-940e-a45bfdaa2a01@group-BBAD22E09632-StateMachineUpdater] INFO  BackgroundPipelineScrubber (BackgroundSCMService.java:stop(122)) - BackgroundPipelineScrubber Service is not running, skip stop.
2025-03-10 14:59:37,342 [a4f85781-650a-46e8-940e-a45bfdaa2a01@group-BBAD22E09632-StateMachineUpdater] INFO  ExpiredContainerReplicaOpScrubber (BackgroundSCMService.java:stop(127)) - Stopping ExpiredContainerReplicaOpScrubber Service.
2025-03-10 14:59:37,342 [a4f85781-650a-46e8-940e-a45bfdaa2a01@group-BBAD22E09632-StateMachineUpdater] INFO  utils.BackgroundService (BackgroundService.java:shutdown(162)) - Shutting down service SCMBlockDeletingService
2025-03-10 14:59:37,342 [a4f85781-650a-46e8-940e-a45bfdaa2a01@group-BBAD22E09632-StateMachineUpdater] INFO  replication.ReplicationManager (ReplicationManager.java:stop(318)) - Replication Monitor Thread is not running.
2025-03-10 14:59:37,342 [a4f85781-650a-46e8-940e-a45bfdaa2a01@group-BBAD22E09632-StateMachineUpdater] WARN  balancer.ContainerBalancer (ContainerBalancer.java:stop(349)) - Cannot stop Container Balancer because it's not running or stopping
2025-03-10 14:59:37,342 [ExpiredContainerReplicaOpScrubber] WARN  ExpiredContainerReplicaOpScrubber (BackgroundSCMService.java:run(111)) - ExpiredContainerReplicaOpScrubber is interrupted, exit
2025-03-10 14:59:37,342 [a4f85781-650a-46e8-940e-a45bfdaa2a01@group-BBAD22E09632-StateMachineUpdater] INFO  SCMHATransactionMonitor (BackgroundSCMService.java:stop(122)) - SCMHATransactionMonitor Service is not running, skip stop.
2025-03-10 14:59:37,342 [a4f85781-650a-46e8-940e-a45bfdaa2a01@group-BBAD22E09632-StateMachineUpdater] INFO  server.StorageContainerManager (StorageContainerManager.java:stop(1727)) - Stopping SCM MetadataStore.
2025-03-10 14:59:37,344 [LeaseManager#LeaseMonitor] WARN  lease.LeaseManager (LeaseManager.java:run(285)) - Lease manager is interrupted. Shutting down...
java.lang.InterruptedException
	at java.base/java.util.concurrent.locks.AbstractQueuedSynchronizer.tryAcquireSharedNanos(AbstractQueuedSynchronizer.java:1133)
	at java.base/java.util.concurrent.Semaphore.tryAcquire(Semaphore.java:415)
	at org.apache.hadoop.ozone.lease.LeaseManager$LeaseMonitor.run(LeaseManager.java:283)
	at java.base/java.lang.Thread.run(Thread.java:1583)
2025-03-10 14:59:37,344 [a4f85781-650a-46e8-940e-a45bfdaa2a01@group-BBAD22E09632-StateMachineUpdater] INFO  server.StorageContainerManager (ExitUtils.java:terminate(131)) - Terminating with exit status 0: scm statemachine is closed by ratis, terminate SCM
2025-03-10 14:59:37,344 [a4f85781-650a-46e8-940e-a45bfdaa2a01@group-BBAD22E09632-StateMachineUpdater] WARN  impl.StateMachineUpdater (StateMachineUpdater.java:stop(148)) - a4f85781-650a-46e8-940e-a45bfdaa2a01@group-BBAD22E09632-StateMachineUpdater: Failed to close SCMStateMachine SCMStateMachine:a4f85781-650a-46e8-940e-a45bfdaa2a01:group-BBAD22E09632
org.apache.ratis.util.ExitUtils$ExitException: scm statemachine is closed by ratis, terminate SCM
	at org.apache.ratis.util.ExitUtils.terminate(ExitUtils.java:141)
	at org.apache.ratis.util.ExitUtils.terminate(ExitUtils.java:151)
	at org.apache.ratis.util.ExitUtils.terminate(ExitUtils.java:155)
	at org.apache.hadoop.hdds.scm.server.StorageContainerManager.shutDown(StorageContainerManager.java:1746)
	at org.apache.hadoop.hdds.scm.ha.SCMStateMachine.close(SCMStateMachine.java:452)
	at org.apache.ratis.server.impl.StateMachineUpdater.stop(StateMachineUpdater.java:143)
	at org.apache.ratis.server.impl.StateMachineUpdater.stopAndJoin(StateMachineUpdater.java:159)
	at org.apache.ratis.server.impl.ServerState.close(ServerState.java:423)
	at org.apache.ratis.server.impl.RaftServerImpl.lambda$close$1(RaftServerImpl.java:535)
	at org.apache.ratis.util.LifeCycle.lambda$checkStateAndClose$7(LifeCycle.java:306)
	at org.apache.ratis.util.LifeCycle.checkStateAndClose(LifeCycle.java:326)
	at org.apache.ratis.util.LifeCycle.checkStateAndClose(LifeCycle.java:304)
	at org.apache.ratis.server.impl.RaftServerImpl.close(RaftServerImpl.java:512)
	at org.apache.ratis.server.impl.StateMachineUpdater.run(StateMachineUpdater.java:207)
	at java.base/java.lang.Thread.run(Thread.java:1583)
2025-03-10 14:59:37,345 [a4f85781-650a-46e8-940e-a45bfdaa2a01@group-BBAD22E09632-cacheEviction-AwaitToRun] INFO  util.AwaitToRun (AwaitToRun.java:run(49)) - a4f85781-650a-46e8-940e-a45bfdaa2a01@group-BBAD22E09632-cacheEviction-AwaitToRun-AwaitForSignal is interrupted
2025-03-10 14:59:37,401 [main] INFO  ozone.MiniOzoneClusterImpl (MiniOzoneClusterImpl.java:stop(480)) - Stopping the Mini Ozone Cluster
2025-03-10 14:59:37,401 [main] INFO  om.OzoneManager (OzoneManager.java:stop(2234)) - om1[localhost:15043]: Stopping Ozone Manager
2025-03-10 14:59:37,401 [main] INFO  ipc.Server (Server.java:stop(3697)) - Stopping server on 15043
2025-03-10 14:59:37,403 [IPC Server listener on 15043] INFO  ipc.Server (Server.java:run(1585)) - Stopping IPC Server listener on 15043
2025-03-10 14:59:37,403 [IPC Server Responder] INFO  ipc.Server (Server.java:run(1718)) - Stopping IPC Server Responder
2025-03-10 14:59:37,403 [main] INFO  ratis.OzoneManagerRatisServer (OzoneManagerRatisServer.java:stop(636)) - Stopping org.apache.hadoop.ozone.om.ratis.OzoneManagerRatisServer@598464b2 at port 15046
2025-03-10 14:59:37,403 [main] INFO  server.RaftServer (RaftServerProxy.java:lambda$close$9(417)) - om1: close
2025-03-10 14:59:37,404 [main] INFO  server.GrpcService (GrpcService.java:closeImpl(343)) - om1: shutdown server GrpcServerProtocolService now
2025-03-10 14:59:37,404 [om1-impl-thread1] INFO  server.RaftServer$Division (RaftServerImpl.java:lambda$close$1(513)) - om1@group-C5BA1605619E: shutdown
2025-03-10 14:59:37,404 [om1-impl-thread1] INFO  util.JmxRegister (JmxRegister.java:unregister(74)) - Successfully un-registered JMX Bean with object name Ratis:service=RaftServer,group=group-C5BA1605619E,id=om1
2025-03-10 14:59:37,404 [om1-impl-thread1] INFO  impl.RoleInfo (RoleInfo.java:shutdownLeaderState(103)) - om1: shutdown om1@group-C5BA1605619E-LeaderStateImpl
2025-03-10 14:59:37,404 [om1-impl-thread1] INFO  impl.PendingRequests (PendingRequests.java:sendNotLeaderResponses(287)) - om1@group-C5BA1605619E-PendingRequests: sendNotLeaderResponses
2025-03-10 14:59:37,404 [main] INFO  server.GrpcService (GrpcService.java:closeImpl(352)) - om1: shutdown server GrpcServerProtocolService successfully
2025-03-10 14:59:37,405 [om1-impl-thread1] INFO  impl.StateMachineUpdater (StateMachineUpdater.java:stopAndJoin(164)) - om1@group-C5BA1605619E-StateMachineUpdater: set stopIndex = 8
2025-03-10 14:59:37,422 [om1@group-C5BA1605619E-StateMachineUpdater] INFO  ratis.OzoneManagerStateMachine (OzoneManagerStateMachine.java:takeSnapshotImpl(505)) - om1: taking snapshot. applied = (t:1, i:8), skipped = 7, notified = (t:1, i:8), current snapshot index = (t:1, i:8), took 17 ms
2025-03-10 14:59:37,422 [om1@group-C5BA1605619E-StateMachineUpdater] INFO  impl.StateMachineUpdater (StateMachineUpdater.java:takeSnapshot(303)) - om1@group-C5BA1605619E-StateMachineUpdater: Took a snapshot at index 8
2025-03-10 14:59:37,422 [om1@group-C5BA1605619E-StateMachineUpdater] INFO  impl.StateMachineUpdater (StateMachineUpdater.java:lambda$new$0(102)) - om1@group-C5BA1605619E-StateMachineUpdater: snapshotIndex: updateIncreasingly -1 -> 8
2025-03-10 14:59:37,422 [om1@group-C5BA1605619E-StateMachineUpdater] INFO  impl.StateMachineUpdater (StateMachineUpdater.java:stop(141)) - om1@group-C5BA1605619E-StateMachineUpdater: closing OzoneManagerStateMachine, lastApplied=(t:1, i:8)
2025-03-10 14:59:37,423 [om1@group-C5BA1605619E-StateMachineUpdater] INFO  ratis.OzoneManagerStateMachine (OzoneManagerStateMachine.java:close(545)) - Stopping OzoneManagerStateMachine:om1:group-C5BA1605619E.
2025-03-10 14:59:37,423 [om1@group-C5BA1605619E-StateMachineUpdater] INFO  ratis.OzoneManagerDoubleBuffer (OzoneManagerDoubleBuffer.java:stopDaemon(500)) - Stopping OMDoubleBuffer flush thread
2025-03-10 14:59:37,423 [om1-OMDoubleBufferFlushThread] INFO  ratis.OzoneManagerDoubleBuffer (OzoneManagerDoubleBuffer.java:canFlush(560)) - OMDoubleBuffer flush thread om1-OMDoubleBufferFlushThread is interrupted and will exit.
2025-03-10 14:59:37,425 [om1@group-C5BA1605619E-cacheEviction-AwaitToRun] INFO  util.AwaitToRun (AwaitToRun.java:run(49)) - om1@group-C5BA1605619E-cacheEviction-AwaitToRun-AwaitForSignal is interrupted
2025-03-10 14:59:38,223 [om1-impl-thread1] INFO  segmented.SegmentedRaftLogWorker (SegmentedRaftLogWorker.java:close(252)) - om1@group-C5BA1605619E-SegmentedRaftLogWorker close()
2025-03-10 14:59:38,223 [JvmPauseMonitor9] INFO  util.JvmPauseMonitor (JvmPauseMonitor.java:run(152)) - JvmPauseMonitor-om1: Stopped
2025-03-10 14:59:38,223 [main] INFO  utils.BackgroundService (BackgroundService.java:shutdown(162)) - Shutting down service KeyDeletingService
2025-03-10 14:59:38,224 [main] INFO  utils.BackgroundService (BackgroundService.java:shutdown(162)) - Shutting down service DirectoryDeletingService
2025-03-10 14:59:38,225 [main] INFO  utils.BackgroundService (BackgroundService.java:shutdown(162)) - Shutting down service OpenKeyCleanupService
2025-03-10 14:59:38,225 [main] INFO  utils.BackgroundService (BackgroundService.java:shutdown(162)) - Shutting down service SstFilteringService
2025-03-10 14:59:38,225 [main] INFO  utils.BackgroundService (BackgroundService.java:shutdown(162)) - Shutting down service SnapshotDeletingService
2025-03-10 14:59:38,226 [main] INFO  utils.BackgroundService (BackgroundService.java:shutdown(162)) - Shutting down service MultipartUploadCleanupService
2025-03-10 14:59:38,226 [main] INFO  handler.ContextHandler (ContextHandler.java:doStop(1159)) - Stopped o.e.j.w.WebAppContext@4c263d9c{ozoneManager,/,null,STOPPED}{file:/home/runner/work/ozone/ozone/hadoop-ozone/integration-test/target/test-classes/webapps/ozoneManager}
2025-03-10 14:59:38,227 [main] INFO  server.AbstractConnector (AbstractConnector.java:doStop(383)) - Stopped ServerConnector@3864569f{HTTP/1.1, (http/1.1)}{0.0.0.0:15044}
2025-03-10 14:59:38,227 [main] INFO  server.session (HouseKeeper.java:stopScavenging(149)) - node0 Stopped scavenging
2025-03-10 14:59:38,227 [main] INFO  handler.ContextHandler (ContextHandler.java:doStop(1159)) - Stopped o.e.j.s.ServletContextHandler@89d4a1a{static,/static,file:///home/runner/work/ozone/ozone/hadoop-ozone/integration-test/target/test-classes/webapps/static,STOPPED}
2025-03-10 14:59:38,227 [main] INFO  handler.ContextHandler (ContextHandler.java:doStop(1159)) - Stopped o.e.j.s.ServletContextHandler@52aac6ff{logs,/logs,file:///home/runner/work/ozone/ozone/hadoop-ozone/integration-test/target/log,STOPPED}
2025-03-10 14:59:38,228 [main] INFO  rocksdiff.RocksDBCheckpointDiffer (RocksDBCheckpointDiffer.java:close(304)) - Shutting down CompactionDagPruningService.
2025-03-10 14:59:38,230 [main] INFO  snapshot.SnapshotDiffManager (SnapshotDiffManager.java:closeExecutorService(1632)) - Shutting down executorService: 'SnapDiffExecutor'
2025-03-10 14:59:38,230 [main] INFO  utils.BackgroundService (BackgroundService.java:shutdown(162)) - Shutting down service SnapshotDiffCleanupService
2025-03-10 14:59:38,231 [main] INFO  ozone.MiniOzoneClusterImpl (MiniOzoneClusterImpl.java:stopDatanodes(557)) - Stopping the HddsDatanodes
2025-03-10 14:59:38,231 [a47358e8-0456-4981-be42-6c2243302bda-EndpointStateMachineTaskThread-/0.0.0.0:15039-0 ] WARN  statemachine.EndpointStateMachine (EndpointStateMachine.java:logIfNeeded(239)) - Unable to communicate to SCM server at 0.0.0.0/0.0.0.0:15039 for past 0 seconds.
java.io.EOFException: End of File Exception between local host is: "fv-az1384-231/10.1.0.104"; destination host is: "0.0.0.0":15039; : java.io.EOFException; For more details see:  http://wiki.apache.org/hadoop/EOFException
	at java.base/jdk.internal.reflect.DirectConstructorHandleAccessor.newInstance(DirectConstructorHandleAccessor.java:62)
	at java.base/java.lang.reflect.Constructor.newInstanceWithCaller(Constructor.java:502)
	at java.base/java.lang.reflect.Constructor.newInstance(Constructor.java:486)
	at org.apache.hadoop.net.NetUtils.wrapWithMessage(NetUtils.java:961)
	at org.apache.hadoop.net.NetUtils.wrapException(NetUtils.java:910)
	at org.apache.hadoop.ipc.Client.getRpcResponse(Client.java:1588)
	at org.apache.hadoop.ipc.Client.call(Client.java:1529)
	at org.apache.hadoop.ipc.Client.call(Client.java:1426)
	at org.apache.hadoop.ipc.ProtobufRpcEngine$Invoker.invoke(ProtobufRpcEngine.java:250)
	at org.apache.hadoop.ipc.ProtobufRpcEngine$Invoker.invoke(ProtobufRpcEngine.java:132)
	at jdk.proxy2/jdk.proxy2.$Proxy59.submitRequest(Unknown Source)
	at org.apache.hadoop.ozone.protocolPB.StorageContainerDatanodeProtocolClientSideTranslatorPB.submitRequest(StorageContainerDatanodeProtocolClientSideTranslatorPB.java:105)
	at org.apache.hadoop.ozone.protocolPB.StorageContainerDatanodeProtocolClientSideTranslatorPB.sendHeartbeat(StorageContainerDatanodeProtocolClientSideTranslatorPB.java:136)
	at org.apache.hadoop.ozone.container.common.states.endpoint.HeartbeatEndpointTask.call(HeartbeatEndpointTask.java:150)
	at org.apache.hadoop.ozone.container.common.states.endpoint.HeartbeatEndpointTask.call(HeartbeatEndpointTask.java:69)
	at java.base/java.util.concurrent.FutureTask.run(FutureTask.java:317)
	at java.base/java.util.concurrent.ThreadPoolExecutor.runWorker(ThreadPoolExecutor.java:1144)
	at java.base/java.util.concurrent.ThreadPoolExecutor$Worker.run(ThreadPoolExecutor.java:642)
	at java.base/java.lang.Thread.run(Thread.java:1583)
Caused by: java.io.EOFException
	at java.base/java.io.DataInputStream.readFully(DataInputStream.java:210)
	at java.base/java.io.DataInputStream.readInt(DataInputStream.java:385)
	at org.apache.hadoop.ipc.Client$IpcStreams.readResponse(Client.java:1923)
	at org.apache.hadoop.ipc.Client$Connection.receiveRpcResponse(Client.java:1203)
	at org.apache.hadoop.ipc.Client$Connection.run(Client.java:1094)
2025-03-10 14:59:38,233 [a4f85781-650a-46e8-940e-a45bfdaa2a01@group-BBAD22E09632-StateMachineUpdater] INFO  segmented.SegmentedRaftLogWorker (SegmentedRaftLogWorker.java:close(252)) - a4f85781-650a-46e8-940e-a45bfdaa2a01@group-BBAD22E09632-SegmentedRaftLogWorker close()
2025-03-10 14:59:38,231 [34c8489e-bd2b-45e5-8f71-480c904dd2ce-EndpointStateMachineTaskThread-/0.0.0.0:15039-0 ] WARN  statemachine.EndpointStateMachine (EndpointStateMachine.java:logIfNeeded(239)) - Unable to communicate to SCM server at 0.0.0.0/0.0.0.0:15039 for past 0 seconds.
java.io.EOFException: End of File Exception between local host is: "fv-az1384-231/10.1.0.104"; destination host is: "0.0.0.0":15039; : java.io.EOFException; For more details see:  http://wiki.apache.org/hadoop/EOFException
	at java.base/jdk.internal.reflect.DirectConstructorHandleAccessor.newInstance(DirectConstructorHandleAccessor.java:62)
	at java.base/java.lang.reflect.Constructor.newInstanceWithCaller(Constructor.java:502)
	at java.base/java.lang.reflect.Constructor.newInstance(Constructor.java:486)
	at org.apache.hadoop.net.NetUtils.wrapWithMessage(NetUtils.java:961)
	at org.apache.hadoop.net.NetUtils.wrapException(NetUtils.java:910)
	at org.apache.hadoop.ipc.Client.getRpcResponse(Client.java:1588)
	at org.apache.hadoop.ipc.Client.call(Client.java:1529)
	at org.apache.hadoop.ipc.Client.call(Client.java:1426)
	at org.apache.hadoop.ipc.ProtobufRpcEngine$Invoker.invoke(ProtobufRpcEngine.java:250)
	at org.apache.hadoop.ipc.ProtobufRpcEngine$Invoker.invoke(ProtobufRpcEngine.java:132)
	at jdk.proxy2/jdk.proxy2.$Proxy59.submitRequest(Unknown Source)
	at org.apache.hadoop.ozone.protocolPB.StorageContainerDatanodeProtocolClientSideTranslatorPB.submitRequest(StorageContainerDatanodeProtocolClientSideTranslatorPB.java:105)
	at org.apache.hadoop.ozone.protocolPB.StorageContainerDatanodeProtocolClientSideTranslatorPB.sendHeartbeat(StorageContainerDatanodeProtocolClientSideTranslatorPB.java:136)
	at org.apache.hadoop.ozone.container.common.states.endpoint.HeartbeatEndpointTask.call(HeartbeatEndpointTask.java:150)
	at org.apache.hadoop.ozone.container.common.states.endpoint.HeartbeatEndpointTask.call(HeartbeatEndpointTask.java:69)
	at java.base/java.util.concurrent.FutureTask.run(FutureTask.java:317)
	at java.base/java.util.concurrent.ThreadPoolExecutor.runWorker(ThreadPoolExecutor.java:1144)
	at java.base/java.util.concurrent.ThreadPoolExecutor$Worker.run(ThreadPoolExecutor.java:642)
	at java.base/java.lang.Thread.run(Thread.java:1583)
Caused by: java.io.EOFException
	at java.base/java.io.DataInputStream.readFully(DataInputStream.java:210)
	at java.base/java.io.DataInputStream.readInt(DataInputStream.java:385)
	at org.apache.hadoop.ipc.Client$IpcStreams.readResponse(Client.java:1923)
	at org.apache.hadoop.ipc.Client$Connection.receiveRpcResponse(Client.java:1203)
	at org.apache.hadoop.ipc.Client$Connection.run(Client.java:1094)
2025-03-10 14:59:38,233 [a47358e8-0456-4981-be42-6c2243302bda-DatanodeStateMachineDaemonThread] WARN  statemachine.StateContext (StateContext.java:setState(261)) - Ignore disallowed transition from SHUTDOWN to RUNNING
2025-03-10 14:59:38,234 [main] INFO  ozoneimpl.OzoneContainer (OzoneContainer.java:stop(524)) - Attempting to stop container services.
2025-03-10 14:59:38,234 [ForkJoinPool.commonPool-worker-3] INFO  ozoneimpl.OzoneContainer (OzoneContainer.java:stop(524)) - Attempting to stop container services.
2025-03-10 14:59:38,235 [ContainerMetadataScanner] WARN  ozoneimpl.AbstractBackgroundContainerScanner (AbstractBackgroundContainerScanner.java:handleRemainingSleep(136)) - Background container scan was interrupted.
2025-03-10 14:59:38,235 [ContainerMetadataScanner] WARN  ozoneimpl.AbstractBackgroundContainerScanner (AbstractBackgroundContainerScanner.java:handleRemainingSleep(136)) - Background container scan was interrupted.
2025-03-10 14:59:38,235 [ContainerMetadataScanner] INFO  ozoneimpl.AbstractBackgroundContainerScanner (AbstractBackgroundContainerScanner.java:run(63)) - org.apache.hadoop.ozone.container.ozoneimpl.BackgroundContainerMetadataScanner@24af434a exiting.
2025-03-10 14:59:38,235 [ContainerMetadataScanner] INFO  ozoneimpl.AbstractBackgroundContainerScanner (AbstractBackgroundContainerScanner.java:run(63)) - org.apache.hadoop.ozone.container.ozoneimpl.BackgroundContainerMetadataScanner@32a8862e exiting.
2025-03-10 14:59:38,235 [ForkJoinPool.commonPool-worker-3] INFO  ozoneimpl.BackgroundContainerDataScanner (BackgroundContainerDataScanner.java:shutdown(141)) - ContainerDataScanner(/home/runner/work/ozone/ozone/hadoop-ozone/integration-test/target/test-dir/MiniOzoneClusterImpl-92936399-7d39-4e90-b2ee-bbad22e09632/ozone-meta/datanode-3/data-0/hdds) is shutting down. 
2025-03-10 14:59:38,235 [main] INFO  ozoneimpl.BackgroundContainerDataScanner (BackgroundContainerDataScanner.java:shutdown(141)) - ContainerDataScanner(/home/runner/work/ozone/ozone/hadoop-ozone/integration-test/target/test-dir/MiniOzoneClusterImpl-92936399-7d39-4e90-b2ee-bbad22e09632/ozone-meta/datanode-2/data-0/hdds) is shutting down. 
2025-03-10 14:59:38,236 [ContainerDataScanner(/home/runner/work/ozone/ozone/hadoop-ozone/integration-test/target/test-dir/MiniOzoneClusterImpl-92936399-7d39-4e90-b2ee-bbad22e09632/ozone-meta/datanode-2/data-0/hdds)] WARN  ozoneimpl.AbstractBackgroundContainerScanner (AbstractBackgroundContainerScanner.java:handleRemainingSleep(136)) - Background container scan was interrupted.
2025-03-10 14:59:38,236 [ContainerDataScanner(/home/runner/work/ozone/ozone/hadoop-ozone/integration-test/target/test-dir/MiniOzoneClusterImpl-92936399-7d39-4e90-b2ee-bbad22e09632/ozone-meta/datanode-2/data-0/hdds)] INFO  ozoneimpl.AbstractBackgroundContainerScanner (AbstractBackgroundContainerScanner.java:run(63)) - ContainerDataScanner(/home/runner/work/ozone/ozone/hadoop-ozone/integration-test/target/test-dir/MiniOzoneClusterImpl-92936399-7d39-4e90-b2ee-bbad22e09632/ozone-meta/datanode-2/data-0/hdds, DS-e5f713fa-ab9b-4caa-8d2d-ea69b4045a6d) exiting.
2025-03-10 14:59:38,236 [ContainerDataScanner(/home/runner/work/ozone/ozone/hadoop-ozone/integration-test/target/test-dir/MiniOzoneClusterImpl-92936399-7d39-4e90-b2ee-bbad22e09632/ozone-meta/datanode-3/data-0/hdds)] WARN  ozoneimpl.AbstractBackgroundContainerScanner (AbstractBackgroundContainerScanner.java:handleRemainingSleep(136)) - Background container scan was interrupted.
2025-03-10 14:59:38,236 [ContainerDataScanner(/home/runner/work/ozone/ozone/hadoop-ozone/integration-test/target/test-dir/MiniOzoneClusterImpl-92936399-7d39-4e90-b2ee-bbad22e09632/ozone-meta/datanode-3/data-0/hdds)] INFO  ozoneimpl.AbstractBackgroundContainerScanner (AbstractBackgroundContainerScanner.java:run(63)) - ContainerDataScanner(/home/runner/work/ozone/ozone/hadoop-ozone/integration-test/target/test-dir/MiniOzoneClusterImpl-92936399-7d39-4e90-b2ee-bbad22e09632/ozone-meta/datanode-3/data-0/hdds, DS-11b31eaa-69d7-443a-af08-a0398c4070b9) exiting.
2025-03-10 14:59:38,236 [main] INFO  ozoneimpl.OnDemandContainerDataScanner (OnDemandContainerDataScanner.java:shutdownScanner(208)) - On-demand container scanner is shutting down.
2025-03-10 14:59:38,236 [main] INFO  ratis.XceiverServerRatis (XceiverServerRatis.java:stop(593)) - Closing XceiverServerRatis(a47358e8-0456-4981-be42-6c2243302bda)
2025-03-10 14:59:38,236 [main] INFO  server.RaftServer (RaftServerProxy.java:lambda$close$9(417)) - a47358e8-0456-4981-be42-6c2243302bda: close
2025-03-10 14:59:38,236 [ForkJoinPool.commonPool-worker-3] INFO  ratis.XceiverServerRatis (XceiverServerRatis.java:stop(593)) - Closing XceiverServerRatis(34c8489e-bd2b-45e5-8f71-480c904dd2ce)
2025-03-10 14:59:38,237 [ForkJoinPool.commonPool-worker-3] INFO  server.RaftServer (RaftServerProxy.java:lambda$close$9(417)) - 34c8489e-bd2b-45e5-8f71-480c904dd2ce: close
2025-03-10 14:59:38,237 [a47358e8-0456-4981-be42-6c2243302bda-impl-thread1] INFO  server.RaftServer$Division (RaftServerImpl.java:lambda$close$1(513)) - a47358e8-0456-4981-be42-6c2243302bda@group-5D276E251663: shutdown
2025-03-10 14:59:38,237 [a47358e8-0456-4981-be42-6c2243302bda-impl-thread2] INFO  server.RaftServer$Division (RaftServerImpl.java:lambda$close$1(513)) - a47358e8-0456-4981-be42-6c2243302bda@group-AB5CA55042D9: shutdown
2025-03-10 14:59:38,237 [34c8489e-bd2b-45e5-8f71-480c904dd2ce-impl-thread1] INFO  server.RaftServer$Division (RaftServerImpl.java:lambda$close$1(513)) - 34c8489e-bd2b-45e5-8f71-480c904dd2ce@group-024B58FEA649: shutdown
2025-03-10 14:59:38,237 [a47358e8-0456-4981-be42-6c2243302bda-impl-thread2] INFO  util.JmxRegister (JmxRegister.java:unregister(74)) - Successfully un-registered JMX Bean with object name Ratis:service=RaftServer,group=group-AB5CA55042D9,id=a47358e8-0456-4981-be42-6c2243302bda
2025-03-10 14:59:38,237 [a47358e8-0456-4981-be42-6c2243302bda-impl-thread2] INFO  impl.RoleInfo (RoleInfo.java:shutdownLeaderState(103)) - a47358e8-0456-4981-be42-6c2243302bda: shutdown a47358e8-0456-4981-be42-6c2243302bda@group-AB5CA55042D9-LeaderStateImpl
2025-03-10 14:59:38,237 [34c8489e-bd2b-45e5-8f71-480c904dd2ce-impl-thread3] INFO  server.RaftServer$Division (RaftServerImpl.java:lambda$close$1(513)) - 34c8489e-bd2b-45e5-8f71-480c904dd2ce@group-421A57758FF1: shutdown
2025-03-10 14:59:38,237 [a47358e8-0456-4981-be42-6c2243302bda-impl-thread1] INFO  util.JmxRegister (JmxRegister.java:unregister(74)) - Successfully un-registered JMX Bean with object name Ratis:service=RaftServer,group=group-5D276E251663,id=a47358e8-0456-4981-be42-6c2243302bda
2025-03-10 14:59:38,237 [ForkJoinPool.commonPool-worker-3] INFO  server.GrpcService (GrpcService.java:closeImpl(343)) - 34c8489e-bd2b-45e5-8f71-480c904dd2ce: shutdown server org.apache.ratis.grpc.server.GrpcClientProtocolService now
2025-03-10 14:59:38,237 [a47358e8-0456-4981-be42-6c2243302bda@group-AB5CA55042D9->edfd90b7-d4f7-415e-a332-2179825f57d9-GrpcLogAppender-LogAppenderDaemon] WARN  server.GrpcLogAppender (GrpcLogAppender.java:mayWait(293)) - a47358e8-0456-4981-be42-6c2243302bda@group-AB5CA55042D9->edfd90b7-d4f7-415e-a332-2179825f57d9-GrpcLogAppender: Wait interrupted by java.lang.InterruptedException
2025-03-10 14:59:38,238 [a47358e8-0456-4981-be42-6c2243302bda-impl-thread3] INFO  server.RaftServer$Division (RaftServerImpl.java:lambda$close$1(513)) - a47358e8-0456-4981-be42-6c2243302bda@group-421A57758FF1: shutdown
2025-03-10 14:59:38,238 [a47358e8-0456-4981-be42-6c2243302bda-impl-thread3] INFO  util.JmxRegister (JmxRegister.java:unregister(74)) - Successfully un-registered JMX Bean with object name Ratis:service=RaftServer,group=group-421A57758FF1,id=a47358e8-0456-4981-be42-6c2243302bda
2025-03-10 14:59:38,238 [a47358e8-0456-4981-be42-6c2243302bda-impl-thread3] INFO  impl.RoleInfo (RoleInfo.java:shutdownFollowerState(121)) - a47358e8-0456-4981-be42-6c2243302bda: shutdown a47358e8-0456-4981-be42-6c2243302bda@group-421A57758FF1-FollowerState
2025-03-10 14:59:38,238 [a47358e8-0456-4981-be42-6c2243302bda-impl-thread3] INFO  impl.StateMachineUpdater (StateMachineUpdater.java:stopAndJoin(164)) - a47358e8-0456-4981-be42-6c2243302bda@group-421A57758FF1-StateMachineUpdater: set stopIndex = 5
2025-03-10 14:59:38,238 [Thread-1603] INFO  server.GrpcServerProtocolClient (GrpcServerProtocolClient.java:close(105)) - edfd90b7-d4f7-415e-a332-2179825f57d9 Close channels
2025-03-10 14:59:38,237 [a47358e8-0456-4981-be42-6c2243302bda-impl-thread2] INFO  impl.PendingRequests (PendingRequests.java:sendNotLeaderResponses(287)) - a47358e8-0456-4981-be42-6c2243302bda@group-AB5CA55042D9-PendingRequests: sendNotLeaderResponses
2025-03-10 14:59:38,238 [a47358e8-0456-4981-be42-6c2243302bda@group-421A57758FF1-FollowerState] INFO  impl.FollowerState (FollowerState.java:runImpl(170)) - a47358e8-0456-4981-be42-6c2243302bda@group-421A57758FF1-FollowerState was interrupted
2025-03-10 14:59:38,238 [Thread-1604] INFO  server.GrpcServerProtocolClient (GrpcServerProtocolClient.java:close(105)) - a47358e8-0456-4981-be42-6c2243302bda Close channels
2025-03-10 14:59:38,239 [a47358e8-0456-4981-be42-6c2243302bda@group-421A57758FF1-StateMachineUpdater] INFO  ratis.ContainerStateMachine (ContainerStateMachine.java:takeSnapshot(395)) - group-421A57758FF1: Taking a snapshot at:(t:1, i:5) file /home/runner/work/ozone/ozone/hadoop-ozone/integration-test/target/test-dir/MiniOzoneClusterImpl-92936399-7d39-4e90-b2ee-bbad22e09632/ozone-meta/datanode-2/ratis/6a9d0283-e90e-49ea-b5a8-421a57758ff1/sm/snapshot.1_5
2025-03-10 14:59:38,237 [34c8489e-bd2b-45e5-8f71-480c904dd2ce-impl-thread3] INFO  util.JmxRegister (JmxRegister.java:unregister(74)) - Successfully un-registered JMX Bean with object name Ratis:service=RaftServer,group=group-421A57758FF1,id=34c8489e-bd2b-45e5-8f71-480c904dd2ce
2025-03-10 14:59:38,240 [34c8489e-bd2b-45e5-8f71-480c904dd2ce-impl-thread3] INFO  impl.RoleInfo (RoleInfo.java:shutdownLeaderState(103)) - 34c8489e-bd2b-45e5-8f71-480c904dd2ce: shutdown 34c8489e-bd2b-45e5-8f71-480c904dd2ce@group-421A57758FF1-LeaderStateImpl
2025-03-10 14:59:38,240 [grpc-default-executor-4] INFO  server.GrpcServerProtocolService (GrpcServerProtocolService.java:onCompleted(157)) - edfd90b7-d4f7-415e-a332-2179825f57d9: Completed APPEND_ENTRIES, lastRequest: a47358e8-0456-4981-be42-6c2243302bda->edfd90b7-d4f7-415e-a332-2179825f57d9#1-t1,previous=(t:0, i:0),leaderCommit=-1,initializing? false,entries: size=1, first=(t:1, i:0), CONFIGURATIONENTRY(current:id:"edfd90b7-d4f7-415e-a332-2179825f57d9"address:"127.0.0.1:15053"dataStreamAddress:"127.0.0.1:15054"clientAddress:"127.0.0.1:15051"adminAddress:"127.0.0.1:15052"startupRole:FOLLOWER, id:"a47358e8-0456-4981-be42-6c2243302bda"address:"127.0.0.1:15062"priority:1dataStreamAddress:"127.0.0.1:15063"clientAddress:"127.0.0.1:15060"adminAddress:"127.0.0.1:15061"startupRole:FOLLOWER, id:"34c8489e-bd2b-45e5-8f71-480c904dd2ce"address:"127.0.0.1:15071"dataStreamAddress:"127.0.0.1:15072"clientAddress:"127.0.0.1:15069"adminAddress:"127.0.0.1:15070"startupRole:FOLLOWER, old:)
2025-03-10 14:59:38,240 [grpc-default-executor-4] INFO  server.GrpcServerProtocolService (GrpcServerProtocolService.java:lambda$onCompleted$5(159)) - edfd90b7-d4f7-415e-a332-2179825f57d9: Completed APPEND_ENTRIES, lastReply: null
2025-03-10 14:59:38,237 [34c8489e-bd2b-45e5-8f71-480c904dd2ce-impl-thread1] INFO  util.JmxRegister (JmxRegister.java:unregister(74)) - Successfully un-registered JMX Bean with object name Ratis:service=RaftServer,group=group-024B58FEA649,id=34c8489e-bd2b-45e5-8f71-480c904dd2ce
2025-03-10 14:59:38,241 [34c8489e-bd2b-45e5-8f71-480c904dd2ce-impl-thread1] INFO  impl.RoleInfo (RoleInfo.java:shutdownLeaderState(103)) - 34c8489e-bd2b-45e5-8f71-480c904dd2ce: shutdown 34c8489e-bd2b-45e5-8f71-480c904dd2ce@group-024B58FEA649-LeaderStateImpl
2025-03-10 14:59:38,241 [34c8489e-bd2b-45e5-8f71-480c904dd2ce-impl-thread1] INFO  impl.PendingRequests (PendingRequests.java:sendNotLeaderResponses(287)) - 34c8489e-bd2b-45e5-8f71-480c904dd2ce@group-024B58FEA649-PendingRequests: sendNotLeaderResponses
2025-03-10 14:59:38,237 [34c8489e-bd2b-45e5-8f71-480c904dd2ce-impl-thread2] INFO  server.RaftServer$Division (RaftServerImpl.java:lambda$close$1(513)) - 34c8489e-bd2b-45e5-8f71-480c904dd2ce@group-AB5CA55042D9: shutdown
2025-03-10 14:59:38,241 [34c8489e-bd2b-45e5-8f71-480c904dd2ce-impl-thread2] INFO  util.JmxRegister (JmxRegister.java:unregister(74)) - Successfully un-registered JMX Bean with object name Ratis:service=RaftServer,group=group-AB5CA55042D9,id=34c8489e-bd2b-45e5-8f71-480c904dd2ce
2025-03-10 14:59:38,242 [34c8489e-bd2b-45e5-8f71-480c904dd2ce-impl-thread2] INFO  impl.RoleInfo (RoleInfo.java:shutdownFollowerState(121)) - 34c8489e-bd2b-45e5-8f71-480c904dd2ce: shutdown 34c8489e-bd2b-45e5-8f71-480c904dd2ce@group-AB5CA55042D9-FollowerState
2025-03-10 14:59:38,242 [34c8489e-bd2b-45e5-8f71-480c904dd2ce-impl-thread2] INFO  impl.StateMachineUpdater (StateMachineUpdater.java:stopAndJoin(164)) - 34c8489e-bd2b-45e5-8f71-480c904dd2ce@group-AB5CA55042D9-StateMachineUpdater: set stopIndex = 0
2025-03-10 14:59:38,242 [34c8489e-bd2b-45e5-8f71-480c904dd2ce@group-024B58FEA649-StateMachineUpdater] INFO  ratis.ContainerStateMachine (ContainerStateMachine.java:takeSnapshot(395)) - group-024B58FEA649: Taking a snapshot at:(t:1, i:0) file /home/runner/work/ozone/ozone/hadoop-ozone/integration-test/target/test-dir/MiniOzoneClusterImpl-92936399-7d39-4e90-b2ee-bbad22e09632/ozone-meta/datanode-3/ratis/e556d727-2314-4b77-82f7-024b58fea649/sm/snapshot.1_0
2025-03-10 14:59:38,242 [34c8489e-bd2b-45e5-8f71-480c904dd2ce@group-AB5CA55042D9-StateMachineUpdater] INFO  ratis.ContainerStateMachine (ContainerStateMachine.java:takeSnapshot(395)) - group-AB5CA55042D9: Taking a snapshot at:(t:1, i:0) file /home/runner/work/ozone/ozone/hadoop-ozone/integration-test/target/test-dir/MiniOzoneClusterImpl-92936399-7d39-4e90-b2ee-bbad22e09632/ozone-meta/datanode-3/ratis/ef00675a-f15d-4685-a85c-ab5ca55042d9/sm/snapshot.1_0
2025-03-10 14:59:38,241 [a47358e8-0456-4981-be42-6c2243302bda@group-421A57758FF1-StateMachineUpdater] INFO  ratis.ContainerStateMachine (ContainerStateMachine.java:takeSnapshot(404)) - group-421A57758FF1: Finished taking a snapshot at:(t:1, i:5) file:/home/runner/work/ozone/ozone/hadoop-ozone/integration-test/target/test-dir/MiniOzoneClusterImpl-92936399-7d39-4e90-b2ee-bbad22e09632/ozone-meta/datanode-2/ratis/6a9d0283-e90e-49ea-b5a8-421a57758ff1/sm/snapshot.1_5 took: 2 ms
2025-03-10 14:59:38,242 [grpc-default-executor-1] INFO  server.GrpcLogAppender (GrpcLogAppender.java:onCompleted(550)) - a47358e8-0456-4981-be42-6c2243302bda@group-AB5CA55042D9->edfd90b7-d4f7-415e-a332-2179825f57d9-AppendLogResponseHandler: follower responses appendEntries COMPLETED
2025-03-10 14:59:38,241 [grpc-default-executor-2] INFO  server.GrpcServerProtocolService (GrpcServerProtocolService.java:onCompleted(157)) - edfd90b7-d4f7-415e-a332-2179825f57d9: Completed APPEND_ENTRIES, lastRequest: null
2025-03-10 14:59:38,240 [34c8489e-bd2b-45e5-8f71-480c904dd2ce-impl-thread3] INFO  impl.PendingRequests (PendingRequests.java:sendNotLeaderResponses(287)) - 34c8489e-bd2b-45e5-8f71-480c904dd2ce@group-421A57758FF1-PendingRequests: sendNotLeaderResponses
2025-03-10 14:59:38,242 [34c8489e-bd2b-45e5-8f71-480c904dd2ce@group-AB5CA55042D9-FollowerState] INFO  impl.FollowerState (FollowerState.java:runImpl(170)) - 34c8489e-bd2b-45e5-8f71-480c904dd2ce@group-AB5CA55042D9-FollowerState was interrupted
2025-03-10 14:59:38,240 [34c8489e-bd2b-45e5-8f71-480c904dd2ce@group-421A57758FF1->edfd90b7-d4f7-415e-a332-2179825f57d9-GrpcLogAppender-LogAppenderDaemon] WARN  server.GrpcLogAppender (GrpcLogAppender.java:mayWait(293)) - 34c8489e-bd2b-45e5-8f71-480c904dd2ce@group-421A57758FF1->edfd90b7-d4f7-415e-a332-2179825f57d9-GrpcLogAppender: Wait interrupted by java.lang.InterruptedException
2025-03-10 14:59:38,240 [34c8489e-bd2b-45e5-8f71-480c904dd2ce@group-421A57758FF1->a47358e8-0456-4981-be42-6c2243302bda-GrpcLogAppender-LogAppenderDaemon] WARN  server.GrpcLogAppender (GrpcLogAppender.java:mayWait(293)) - 34c8489e-bd2b-45e5-8f71-480c904dd2ce@group-421A57758FF1->a47358e8-0456-4981-be42-6c2243302bda-GrpcLogAppender: Wait interrupted by java.lang.InterruptedException
2025-03-10 14:59:38,238 [a47358e8-0456-4981-be42-6c2243302bda@group-AB5CA55042D9->34c8489e-bd2b-45e5-8f71-480c904dd2ce-GrpcLogAppender-LogAppenderDaemon] WARN  server.GrpcLogAppender (GrpcLogAppender.java:mayWait(293)) - a47358e8-0456-4981-be42-6c2243302bda@group-AB5CA55042D9->34c8489e-bd2b-45e5-8f71-480c904dd2ce-GrpcLogAppender: Wait interrupted by java.lang.InterruptedException
2025-03-10 14:59:38,237 [main] INFO  server.GrpcService (GrpcService.java:closeImpl(343)) - a47358e8-0456-4981-be42-6c2243302bda: shutdown server org.apache.ratis.grpc.server.GrpcClientProtocolService now
2025-03-10 14:59:38,243 [34c8489e-bd2b-45e5-8f71-480c904dd2ce-impl-thread3] INFO  impl.StateMachineUpdater (StateMachineUpdater.java:stopAndJoin(164)) - 34c8489e-bd2b-45e5-8f71-480c904dd2ce@group-421A57758FF1-StateMachineUpdater: set stopIndex = 6
2025-03-10 14:59:38,243 [34c8489e-bd2b-45e5-8f71-480c904dd2ce@group-024B58FEA649-StateMachineUpdater] INFO  ratis.ContainerStateMachine (ContainerStateMachine.java:takeSnapshot(404)) - group-024B58FEA649: Finished taking a snapshot at:(t:1, i:0) file:/home/runner/work/ozone/ozone/hadoop-ozone/integration-test/target/test-dir/MiniOzoneClusterImpl-92936399-7d39-4e90-b2ee-bbad22e09632/ozone-meta/datanode-3/ratis/e556d727-2314-4b77-82f7-024b58fea649/sm/snapshot.1_0 took: 2 ms
2025-03-10 14:59:38,244 [grpc-default-executor-1] INFO  server.GrpcServerProtocolService (GrpcServerProtocolService.java:onCompleted(157)) - a47358e8-0456-4981-be42-6c2243302bda: Completed APPEND_ENTRIES, lastRequest: 34c8489e-bd2b-45e5-8f71-480c904dd2ce->a47358e8-0456-4981-be42-6c2243302bda#21-t1,previous=(t:1, i:5),leaderCommit=5,initializing? false,entries: size=1, first=(t:1, i:6), METADATAENTRY(c:5)
2025-03-10 14:59:38,244 [grpc-default-executor-1] INFO  server.GrpcServerProtocolService (GrpcServerProtocolService.java:lambda$onCompleted$5(159)) - a47358e8-0456-4981-be42-6c2243302bda: Completed APPEND_ENTRIES, lastReply: null
2025-03-10 14:59:38,237 [a47358e8-0456-4981-be42-6c2243302bda-impl-thread1] INFO  impl.RoleInfo (RoleInfo.java:shutdownLeaderState(103)) - a47358e8-0456-4981-be42-6c2243302bda: shutdown a47358e8-0456-4981-be42-6c2243302bda@group-5D276E251663-LeaderStateImpl
2025-03-10 14:59:38,243 [a47358e8-0456-4981-be42-6c2243302bda-impl-thread2] INFO  impl.StateMachineUpdater (StateMachineUpdater.java:stopAndJoin(164)) - a47358e8-0456-4981-be42-6c2243302bda@group-AB5CA55042D9-StateMachineUpdater: set stopIndex = 0
2025-03-10 14:59:38,244 [34c8489e-bd2b-45e5-8f71-480c904dd2ce@group-421A57758FF1-StateMachineUpdater] INFO  ratis.ContainerStateMachine (ContainerStateMachine.java:takeSnapshot(395)) - group-421A57758FF1: Taking a snapshot at:(t:1, i:6) file /home/runner/work/ozone/ozone/hadoop-ozone/integration-test/target/test-dir/MiniOzoneClusterImpl-92936399-7d39-4e90-b2ee-bbad22e09632/ozone-meta/datanode-3/ratis/6a9d0283-e90e-49ea-b5a8-421a57758ff1/sm/snapshot.1_6
2025-03-10 14:59:38,244 [grpc-default-executor-1] INFO  server.GrpcServerProtocolService (GrpcServerProtocolService.java:onCompleted(157)) - 34c8489e-bd2b-45e5-8f71-480c904dd2ce: Completed APPEND_ENTRIES, lastRequest: null
2025-03-10 14:59:38,243 [a47358e8-0456-4981-be42-6c2243302bda@group-421A57758FF1-StateMachineUpdater] INFO  impl.StateMachineUpdater (StateMachineUpdater.java:takeSnapshot(303)) - a47358e8-0456-4981-be42-6c2243302bda@group-421A57758FF1-StateMachineUpdater: Took a snapshot at index 5
2025-03-10 14:59:38,244 [a47358e8-0456-4981-be42-6c2243302bda@group-421A57758FF1-StateMachineUpdater] INFO  impl.StateMachineUpdater (StateMachineUpdater.java:lambda$new$0(102)) - a47358e8-0456-4981-be42-6c2243302bda@group-421A57758FF1-StateMachineUpdater: snapshotIndex: updateIncreasingly -1 -> 5
2025-03-10 14:59:38,244 [grpc-default-executor-2] INFO  server.GrpcServerProtocolService (GrpcServerProtocolService.java:lambda$onCompleted$5(159)) - edfd90b7-d4f7-415e-a332-2179825f57d9: Completed APPEND_ENTRIES, lastReply: serverReply {
  requestorId: "a47358e8-0456-4981-be42-6c2243302bda"
  replyId: "edfd90b7-d4f7-415e-a332-2179825f57d9"
  raftGroupId {
    id: "\357\000gZ\361]F\205\250\\\253\\\245PB\331"
  }
  callId: 3
  success: true
}
term: 1
nextIndex: 1
matchIndex: 18446744073709551615
isHearbeat: true

2025-03-10 14:59:38,245 [34c8489e-bd2b-45e5-8f71-480c904dd2ce@group-421A57758FF1-StateMachineUpdater] INFO  ratis.ContainerStateMachine (ContainerStateMachine.java:takeSnapshot(404)) - group-421A57758FF1: Finished taking a snapshot at:(t:1, i:6) file:/home/runner/work/ozone/ozone/hadoop-ozone/integration-test/target/test-dir/MiniOzoneClusterImpl-92936399-7d39-4e90-b2ee-bbad22e09632/ozone-meta/datanode-3/ratis/6a9d0283-e90e-49ea-b5a8-421a57758ff1/sm/snapshot.1_6 took: 1 ms
2025-03-10 14:59:38,245 [a47358e8-0456-4981-be42-6c2243302bda@group-421A57758FF1-StateMachineUpdater] INFO  impl.StateMachineUpdater (StateMachineUpdater.java:stop(141)) - a47358e8-0456-4981-be42-6c2243302bda@group-421A57758FF1-StateMachineUpdater: closing ContainerStateMachine, lastApplied=(t:1, i:5)
2025-03-10 14:59:38,245 [34c8489e-bd2b-45e5-8f71-480c904dd2ce@group-421A57758FF1-StateMachineUpdater] INFO  impl.StateMachineUpdater (StateMachineUpdater.java:takeSnapshot(303)) - 34c8489e-bd2b-45e5-8f71-480c904dd2ce@group-421A57758FF1-StateMachineUpdater: Took a snapshot at index 6
2025-03-10 14:59:38,245 [34c8489e-bd2b-45e5-8f71-480c904dd2ce@group-421A57758FF1-StateMachineUpdater] INFO  impl.StateMachineUpdater (StateMachineUpdater.java:lambda$new$0(102)) - 34c8489e-bd2b-45e5-8f71-480c904dd2ce@group-421A57758FF1-StateMachineUpdater: snapshotIndex: updateIncreasingly -1 -> 6
2025-03-10 14:59:38,245 [a47358e8-0456-4981-be42-6c2243302bda@group-AB5CA55042D9-StateMachineUpdater] INFO  ratis.ContainerStateMachine (ContainerStateMachine.java:takeSnapshot(395)) - group-AB5CA55042D9: Taking a snapshot at:(t:1, i:0) file /home/runner/work/ozone/ozone/hadoop-ozone/integration-test/target/test-dir/MiniOzoneClusterImpl-92936399-7d39-4e90-b2ee-bbad22e09632/ozone-meta/datanode-2/ratis/ef00675a-f15d-4685-a85c-ab5ca55042d9/sm/snapshot.1_0
2025-03-10 14:59:38,245 [grpc-default-executor-1] INFO  server.GrpcServerProtocolService (GrpcServerProtocolService.java:lambda$onCompleted$5(159)) - 34c8489e-bd2b-45e5-8f71-480c904dd2ce: Completed APPEND_ENTRIES, lastReply: serverReply {
  requestorId: "a47358e8-0456-4981-be42-6c2243302bda"
  replyId: "34c8489e-bd2b-45e5-8f71-480c904dd2ce"
  raftGroupId {
    id: "\357\000gZ\361]F\205\250\\\253\\\245PB\331"
  }
  callId: 5
  success: true
}
term: 1
nextIndex: 1
matchIndex: 18446744073709551615
isHearbeat: true

2025-03-10 14:59:38,242 [34c8489e-bd2b-45e5-8f71-480c904dd2ce-impl-thread1] INFO  impl.StateMachineUpdater (StateMachineUpdater.java:stopAndJoin(164)) - 34c8489e-bd2b-45e5-8f71-480c904dd2ce@group-024B58FEA649-StateMachineUpdater: set stopIndex = 0
2025-03-10 14:59:38,245 [grpc-default-executor-5] INFO  server.GrpcServerProtocolService (GrpcServerProtocolService.java:onCompleted(157)) - edfd90b7-d4f7-415e-a332-2179825f57d9: Completed APPEND_ENTRIES, lastRequest: null
2025-03-10 14:59:38,245 [a47358e8-0456-4981-be42-6c2243302bda@group-AB5CA55042D9-StateMachineUpdater] INFO  ratis.ContainerStateMachine (ContainerStateMachine.java:takeSnapshot(404)) - group-AB5CA55042D9: Finished taking a snapshot at:(t:1, i:0) file:/home/runner/work/ozone/ozone/hadoop-ozone/integration-test/target/test-dir/MiniOzoneClusterImpl-92936399-7d39-4e90-b2ee-bbad22e09632/ozone-meta/datanode-2/ratis/ef00675a-f15d-4685-a85c-ab5ca55042d9/sm/snapshot.1_0 took: 0 ms
2025-03-10 14:59:38,246 [a47358e8-0456-4981-be42-6c2243302bda@group-AB5CA55042D9-StateMachineUpdater] INFO  impl.StateMachineUpdater (StateMachineUpdater.java:takeSnapshot(303)) - a47358e8-0456-4981-be42-6c2243302bda@group-AB5CA55042D9-StateMachineUpdater: Took a snapshot at index 0
2025-03-10 14:59:38,246 [grpc-default-executor-5] INFO  server.GrpcServerProtocolService (GrpcServerProtocolService.java:lambda$onCompleted$5(159)) - edfd90b7-d4f7-415e-a332-2179825f57d9: Completed APPEND_ENTRIES, lastReply: serverReply {
  requestorId: "34c8489e-bd2b-45e5-8f71-480c904dd2ce"
  replyId: "edfd90b7-d4f7-415e-a332-2179825f57d9"
  raftGroupId {
    id: "j\235\002\203\351\016I\352\265\250B\032Wu\217\361"
  }
  callId: 12
  success: true
}
term: 1
nextIndex: 5
followerCommit: 4
matchIndex: 18446744073709551615
isHearbeat: true

2025-03-10 14:59:38,245 [grpc-default-executor-2] INFO  server.GrpcServerProtocolService (GrpcServerProtocolService.java:onCompleted(157)) - a47358e8-0456-4981-be42-6c2243302bda: Completed APPEND_ENTRIES, lastRequest: null
2025-03-10 14:59:38,245 [grpc-default-executor-0] INFO  server.GrpcLogAppender (GrpcLogAppender.java:onCompleted(550)) - 34c8489e-bd2b-45e5-8f71-480c904dd2ce@group-421A57758FF1->a47358e8-0456-4981-be42-6c2243302bda-AppendLogResponseHandler: follower responses appendEntries COMPLETED
2025-03-10 14:59:38,246 [grpc-default-executor-0] WARN  server.GrpcLogAppender (GrpcLogAppender.java:resetClient(230)) - 34c8489e-bd2b-45e5-8f71-480c904dd2ce@group-421A57758FF1->a47358e8-0456-4981-be42-6c2243302bda-GrpcLogAppender: Failed to getClient for a47358e8-0456-4981-be42-6c2243302bda
org.apache.ratis.protocol.exceptions.AlreadyClosedException: 34c8489e-bd2b-45e5-8f71-480c904dd2ce is already CLOSED
	at org.apache.ratis.util.PeerProxyMap$PeerAndProxy.getProxy(PeerProxyMap.java:67)
	at org.apache.ratis.util.PeerProxyMap.getProxy(PeerProxyMap.java:124)
	at org.apache.ratis.grpc.server.GrpcLogAppender.getClient(GrpcLogAppender.java:200)
	at org.apache.ratis.grpc.server.GrpcLogAppender.resetClient(GrpcLogAppender.java:205)
	at org.apache.ratis.grpc.server.GrpcLogAppender.access$800(GrpcLogAppender.java:64)
	at org.apache.ratis.grpc.server.GrpcLogAppender$AppendLogResponseHandler.onCompleted(GrpcLogAppender.java:551)
	at org.apache.ratis.thirdparty.io.grpc.stub.ClientCalls$StreamObserverToCallListenerAdapter.onClose(ClientCalls.java:479)
	at org.apache.ratis.thirdparty.io.grpc.internal.ClientCallImpl.closeObserver(ClientCallImpl.java:567)
	at org.apache.ratis.thirdparty.io.grpc.internal.ClientCallImpl.access$300(ClientCallImpl.java:71)
	at org.apache.ratis.thirdparty.io.grpc.internal.ClientCallImpl$ClientStreamListenerImpl$1StreamClosed.runInternal(ClientCallImpl.java:735)
	at org.apache.ratis.thirdparty.io.grpc.internal.ClientCallImpl$ClientStreamListenerImpl$1StreamClosed.runInContext(ClientCallImpl.java:716)
	at org.apache.ratis.thirdparty.io.grpc.internal.ContextRunnable.run(ContextRunnable.java:37)
	at org.apache.ratis.thirdparty.io.grpc.internal.SerializingExecutor.run(SerializingExecutor.java:133)
	at java.base/java.util.concurrent.ThreadPoolExecutor.runWorker(ThreadPoolExecutor.java:1144)
	at java.base/java.util.concurrent.ThreadPoolExecutor$Worker.run(ThreadPoolExecutor.java:642)
	at java.base/java.lang.Thread.run(Thread.java:1583)
2025-03-10 14:59:38,245 [34c8489e-bd2b-45e5-8f71-480c904dd2ce@group-024B58FEA649-StateMachineUpdater] INFO  impl.StateMachineUpdater (StateMachineUpdater.java:takeSnapshot(303)) - 34c8489e-bd2b-45e5-8f71-480c904dd2ce@group-024B58FEA649-StateMachineUpdater: Took a snapshot at index 0
2025-03-10 14:59:38,245 [34c8489e-bd2b-45e5-8f71-480c904dd2ce@group-421A57758FF1-StateMachineUpdater] INFO  impl.StateMachineUpdater (StateMachineUpdater.java:stop(141)) - 34c8489e-bd2b-45e5-8f71-480c904dd2ce@group-421A57758FF1-StateMachineUpdater: closing ContainerStateMachine, lastApplied=(t:1, i:6)
2025-03-10 14:59:38,244 [grpc-default-executor-4] INFO  server.GrpcServerProtocolService (GrpcServerProtocolService.java:onCompleted(157)) - edfd90b7-d4f7-415e-a332-2179825f57d9: Completed APPEND_ENTRIES, lastRequest: 34c8489e-bd2b-45e5-8f71-480c904dd2ce->edfd90b7-d4f7-415e-a332-2179825f57d9#14-t1,previous=(t:1, i:5),leaderCommit=5,initializing? false,entries: size=1, first=(t:1, i:6), METADATAENTRY(c:5)
2025-03-10 14:59:38,246 [grpc-default-executor-5] INFO  server.GrpcLogAppender (GrpcLogAppender.java:onCompleted(550)) - a47358e8-0456-4981-be42-6c2243302bda@group-AB5CA55042D9->edfd90b7-d4f7-415e-a332-2179825f57d9-AppendLogResponseHandler: follower responses appendEntries COMPLETED
2025-03-10 14:59:38,246 [grpc-default-executor-5] WARN  server.GrpcLogAppender (GrpcLogAppender.java:resetClient(230)) - a47358e8-0456-4981-be42-6c2243302bda@group-AB5CA55042D9->edfd90b7-d4f7-415e-a332-2179825f57d9-GrpcLogAppender: Failed to getClient for edfd90b7-d4f7-415e-a332-2179825f57d9
org.apache.ratis.protocol.exceptions.AlreadyClosedException: a47358e8-0456-4981-be42-6c2243302bda is already CLOSED
	at org.apache.ratis.util.PeerProxyMap$PeerAndProxy.getProxy(PeerProxyMap.java:67)
	at org.apache.ratis.util.PeerProxyMap.getProxy(PeerProxyMap.java:124)
	at org.apache.ratis.grpc.server.GrpcLogAppender.getClient(GrpcLogAppender.java:200)
	at org.apache.ratis.grpc.server.GrpcLogAppender.resetClient(GrpcLogAppender.java:205)
	at org.apache.ratis.grpc.server.GrpcLogAppender.access$800(GrpcLogAppender.java:64)
	at org.apache.ratis.grpc.server.GrpcLogAppender$AppendLogResponseHandler.onCompleted(GrpcLogAppender.java:551)
	at org.apache.ratis.thirdparty.io.grpc.stub.ClientCalls$StreamObserverToCallListenerAdapter.onClose(ClientCalls.java:479)
	at org.apache.ratis.thirdparty.io.grpc.internal.DelayedClientCall$DelayedListener$3.run(DelayedClientCall.java:489)
	at org.apache.ratis.thirdparty.io.grpc.internal.DelayedClientCall$DelayedListener.delayOrExecute(DelayedClientCall.java:453)
	at org.apache.ratis.thirdparty.io.grpc.internal.DelayedClientCall$DelayedListener.onClose(DelayedClientCall.java:486)
	at org.apache.ratis.thirdparty.io.grpc.internal.ClientCallImpl.closeObserver(ClientCallImpl.java:567)
	at org.apache.ratis.thirdparty.io.grpc.internal.ClientCallImpl.access$300(ClientCallImpl.java:71)
	at org.apache.ratis.thirdparty.io.grpc.internal.ClientCallImpl$ClientStreamListenerImpl$1StreamClosed.runInternal(ClientCallImpl.java:735)
	at org.apache.ratis.thirdparty.io.grpc.internal.ClientCallImpl$ClientStreamListenerImpl$1StreamClosed.runInContext(ClientCallImpl.java:716)
	at org.apache.ratis.thirdparty.io.grpc.internal.ContextRunnable.run(ContextRunnable.java:37)
	at org.apache.ratis.thirdparty.io.grpc.internal.SerializingExecutor.run(SerializingExecutor.java:133)
	at java.base/java.util.concurrent.ThreadPoolExecutor.runWorker(ThreadPoolExecutor.java:1144)
	at java.base/java.util.concurrent.ThreadPoolExecutor$Worker.run(ThreadPoolExecutor.java:642)
	at java.base/java.lang.Thread.run(Thread.java:1583)
2025-03-10 14:59:38,246 [grpc-default-executor-0] INFO  server.GrpcLogAppender (GrpcLogAppender.java:onCompleted(550)) - a47358e8-0456-4981-be42-6c2243302bda@group-AB5CA55042D9->34c8489e-bd2b-45e5-8f71-480c904dd2ce-AppendLogResponseHandler: follower responses appendEntries COMPLETED
2025-03-10 14:59:38,244 [34c8489e-bd2b-45e5-8f71-480c904dd2ce@group-AB5CA55042D9-StateMachineUpdater] INFO  ratis.ContainerStateMachine (ContainerStateMachine.java:takeSnapshot(404)) - group-AB5CA55042D9: Finished taking a snapshot at:(t:1, i:0) file:/home/runner/work/ozone/ozone/hadoop-ozone/integration-test/target/test-dir/MiniOzoneClusterImpl-92936399-7d39-4e90-b2ee-bbad22e09632/ozone-meta/datanode-3/ratis/ef00675a-f15d-4685-a85c-ab5ca55042d9/sm/snapshot.1_0 took: 2 ms
2025-03-10 14:59:38,244 [Thread-1606] INFO  server.GrpcServerProtocolClient (GrpcServerProtocolClient.java:close(105)) - edfd90b7-d4f7-415e-a332-2179825f57d9 Close channels
2025-03-10 14:59:38,244 [a47358e8-0456-4981-be42-6c2243302bda-impl-thread1] INFO  impl.PendingRequests (PendingRequests.java:sendNotLeaderResponses(287)) - a47358e8-0456-4981-be42-6c2243302bda@group-5D276E251663-PendingRequests: sendNotLeaderResponses
2025-03-10 14:59:38,247 [a47358e8-0456-4981-be42-6c2243302bda-impl-thread1] INFO  impl.StateMachineUpdater (StateMachineUpdater.java:stopAndJoin(164)) - a47358e8-0456-4981-be42-6c2243302bda@group-5D276E251663-StateMachineUpdater: set stopIndex = 0
2025-03-10 14:59:38,247 [a47358e8-0456-4981-be42-6c2243302bda@group-5D276E251663-StateMachineUpdater] INFO  ratis.ContainerStateMachine (ContainerStateMachine.java:takeSnapshot(395)) - group-5D276E251663: Taking a snapshot at:(t:1, i:0) file /home/runner/work/ozone/ozone/hadoop-ozone/integration-test/target/test-dir/MiniOzoneClusterImpl-92936399-7d39-4e90-b2ee-bbad22e09632/ozone-meta/datanode-2/ratis/9f96ec5b-9e85-4751-b13f-5d276e251663/sm/snapshot.1_0
2025-03-10 14:59:38,247 [34c8489e-bd2b-45e5-8f71-480c904dd2ce@group-421A57758FF1-cacheEviction-AwaitToRun] INFO  util.AwaitToRun (AwaitToRun.java:run(49)) - 34c8489e-bd2b-45e5-8f71-480c904dd2ce@group-421A57758FF1-cacheEviction-AwaitToRun-AwaitForSignal is interrupted
2025-03-10 14:59:38,247 [34c8489e-bd2b-45e5-8f71-480c904dd2ce@group-AB5CA55042D9-StateMachineUpdater] INFO  impl.StateMachineUpdater (StateMachineUpdater.java:takeSnapshot(303)) - 34c8489e-bd2b-45e5-8f71-480c904dd2ce@group-AB5CA55042D9-StateMachineUpdater: Took a snapshot at index 0
2025-03-10 14:59:38,247 [34c8489e-bd2b-45e5-8f71-480c904dd2ce@group-AB5CA55042D9-StateMachineUpdater] INFO  impl.StateMachineUpdater (StateMachineUpdater.java:lambda$new$0(102)) - 34c8489e-bd2b-45e5-8f71-480c904dd2ce@group-AB5CA55042D9-StateMachineUpdater: snapshotIndex: updateIncreasingly -1 -> 0
2025-03-10 14:59:38,248 [34c8489e-bd2b-45e5-8f71-480c904dd2ce@group-AB5CA55042D9-StateMachineUpdater] INFO  impl.StateMachineUpdater (StateMachineUpdater.java:stop(141)) - 34c8489e-bd2b-45e5-8f71-480c904dd2ce@group-AB5CA55042D9-StateMachineUpdater: closing ContainerStateMachine, lastApplied=(t:1, i:0)
2025-03-10 14:59:38,248 [34c8489e-bd2b-45e5-8f71-480c904dd2ce@group-AB5CA55042D9-cacheEviction-AwaitToRun] INFO  util.AwaitToRun (AwaitToRun.java:run(49)) - 34c8489e-bd2b-45e5-8f71-480c904dd2ce@group-AB5CA55042D9-cacheEviction-AwaitToRun-AwaitForSignal is interrupted
2025-03-10 14:59:38,246 [34c8489e-bd2b-45e5-8f71-480c904dd2ce@group-024B58FEA649-StateMachineUpdater] INFO  impl.StateMachineUpdater (StateMachineUpdater.java:lambda$new$0(102)) - 34c8489e-bd2b-45e5-8f71-480c904dd2ce@group-024B58FEA649-StateMachineUpdater: snapshotIndex: updateIncreasingly -1 -> 0
2025-03-10 14:59:38,249 [34c8489e-bd2b-45e5-8f71-480c904dd2ce@group-024B58FEA649-StateMachineUpdater] INFO  impl.StateMachineUpdater (StateMachineUpdater.java:stop(141)) - 34c8489e-bd2b-45e5-8f71-480c904dd2ce@group-024B58FEA649-StateMachineUpdater: closing ContainerStateMachine, lastApplied=(t:1, i:0)
2025-03-10 14:59:38,249 [a47358e8-0456-4981-be42-6c2243302bda@group-5D276E251663-StateMachineUpdater] INFO  ratis.ContainerStateMachine (ContainerStateMachine.java:takeSnapshot(404)) - group-5D276E251663: Finished taking a snapshot at:(t:1, i:0) file:/home/runner/work/ozone/ozone/hadoop-ozone/integration-test/target/test-dir/MiniOzoneClusterImpl-92936399-7d39-4e90-b2ee-bbad22e09632/ozone-meta/datanode-2/ratis/9f96ec5b-9e85-4751-b13f-5d276e251663/sm/snapshot.1_0 took: 2 ms
2025-03-10 14:59:38,246 [grpc-default-executor-4] INFO  server.GrpcServerProtocolService (GrpcServerProtocolService.java:lambda$onCompleted$5(159)) - edfd90b7-d4f7-415e-a332-2179825f57d9: Completed APPEND_ENTRIES, lastReply: null
2025-03-10 14:59:38,246 [grpc-default-executor-3] INFO  server.GrpcServerProtocolService (GrpcServerProtocolService.java:onCompleted(157)) - 34c8489e-bd2b-45e5-8f71-480c904dd2ce: Completed APPEND_ENTRIES, lastRequest: a47358e8-0456-4981-be42-6c2243302bda->34c8489e-bd2b-45e5-8f71-480c904dd2ce#1-t1,previous=(t:0, i:0),leaderCommit=-1,initializing? false,entries: size=1, first=(t:1, i:0), CONFIGURATIONENTRY(current:id:"edfd90b7-d4f7-415e-a332-2179825f57d9"address:"127.0.0.1:15053"dataStreamAddress:"127.0.0.1:15054"clientAddress:"127.0.0.1:15051"adminAddress:"127.0.0.1:15052"startupRole:FOLLOWER, id:"a47358e8-0456-4981-be42-6c2243302bda"address:"127.0.0.1:15062"priority:1dataStreamAddress:"127.0.0.1:15063"clientAddress:"127.0.0.1:15060"adminAddress:"127.0.0.1:15061"startupRole:FOLLOWER, id:"34c8489e-bd2b-45e5-8f71-480c904dd2ce"address:"127.0.0.1:15071"dataStreamAddress:"127.0.0.1:15072"clientAddress:"127.0.0.1:15069"adminAddress:"127.0.0.1:15070"startupRole:FOLLOWER, old:)
2025-03-10 14:59:38,249 [grpc-default-executor-3] INFO  server.GrpcServerProtocolService (GrpcServerProtocolService.java:lambda$onCompleted$5(159)) - 34c8489e-bd2b-45e5-8f71-480c904dd2ce: Completed APPEND_ENTRIES, lastReply: null
2025-03-10 14:59:38,249 [34c8489e-bd2b-45e5-8f71-480c904dd2ce@group-024B58FEA649-cacheEviction-AwaitToRun] INFO  util.AwaitToRun (AwaitToRun.java:run(49)) - 34c8489e-bd2b-45e5-8f71-480c904dd2ce@group-024B58FEA649-cacheEviction-AwaitToRun-AwaitForSignal is interrupted
2025-03-10 14:59:38,246 [grpc-default-executor-2] INFO  server.GrpcServerProtocolService (GrpcServerProtocolService.java:lambda$onCompleted$5(159)) - a47358e8-0456-4981-be42-6c2243302bda: Completed APPEND_ENTRIES, lastReply: serverReply {
  requestorId: "34c8489e-bd2b-45e5-8f71-480c904dd2ce"
  replyId: "a47358e8-0456-4981-be42-6c2243302bda"
  raftGroupId {
    id: "j\235\002\203\351\016I\352\265\250B\032Wu\217\361"
  }
  callId: 17
  success: true
}
term: 1
nextIndex: 5
followerCommit: 4
matchIndex: 18446744073709551615
isHearbeat: true

2025-03-10 14:59:38,249 [grpc-default-executor-4] INFO  server.GrpcLogAppender (GrpcLogAppender.java:onCompleted(550)) - 34c8489e-bd2b-45e5-8f71-480c904dd2ce@group-421A57758FF1->edfd90b7-d4f7-415e-a332-2179825f57d9-AppendLogResponseHandler: follower responses appendEntries COMPLETED
2025-03-10 14:59:38,250 [grpc-default-executor-4] WARN  server.GrpcLogAppender (GrpcLogAppender.java:resetClient(230)) - 34c8489e-bd2b-45e5-8f71-480c904dd2ce@group-421A57758FF1->edfd90b7-d4f7-415e-a332-2179825f57d9-GrpcLogAppender: Failed to getClient for edfd90b7-d4f7-415e-a332-2179825f57d9
org.apache.ratis.protocol.exceptions.AlreadyClosedException: 34c8489e-bd2b-45e5-8f71-480c904dd2ce is already CLOSED
	at org.apache.ratis.util.PeerProxyMap$PeerAndProxy.getProxy(PeerProxyMap.java:67)
	at org.apache.ratis.util.PeerProxyMap.getProxy(PeerProxyMap.java:124)
	at org.apache.ratis.grpc.server.GrpcLogAppender.getClient(GrpcLogAppender.java:200)
	at org.apache.ratis.grpc.server.GrpcLogAppender.resetClient(GrpcLogAppender.java:205)
	at org.apache.ratis.grpc.server.GrpcLogAppender.access$800(GrpcLogAppender.java:64)
	at org.apache.ratis.grpc.server.GrpcLogAppender$AppendLogResponseHandler.onCompleted(GrpcLogAppender.java:551)
	at org.apache.ratis.thirdparty.io.grpc.stub.ClientCalls$StreamObserverToCallListenerAdapter.onClose(ClientCalls.java:479)
	at org.apache.ratis.thirdparty.io.grpc.internal.ClientCallImpl.closeObserver(ClientCallImpl.java:567)
	at org.apache.ratis.thirdparty.io.grpc.internal.ClientCallImpl.access$300(ClientCallImpl.java:71)
	at org.apache.ratis.thirdparty.io.grpc.internal.ClientCallImpl$ClientStreamListenerImpl$1StreamClosed.runInternal(ClientCallImpl.java:735)
	at org.apache.ratis.thirdparty.io.grpc.internal.ClientCallImpl$ClientStreamListenerImpl$1StreamClosed.runInContext(ClientCallImpl.java:716)
	at org.apache.ratis.thirdparty.io.grpc.internal.ContextRunnable.run(ContextRunnable.java:37)
	at org.apache.ratis.thirdparty.io.grpc.internal.SerializingExecutor.run(SerializingExecutor.java:133)
	at java.base/java.util.concurrent.ThreadPoolExecutor.runWorker(ThreadPoolExecutor.java:1144)
	at java.base/java.util.concurrent.ThreadPoolExecutor$Worker.run(ThreadPoolExecutor.java:642)
	at java.base/java.lang.Thread.run(Thread.java:1583)
2025-03-10 14:59:38,250 [grpc-default-executor-4] INFO  server.GrpcLogAppender (GrpcLogAppender.java:onCompleted(550)) - a47358e8-0456-4981-be42-6c2243302bda@group-AB5CA55042D9->34c8489e-bd2b-45e5-8f71-480c904dd2ce-AppendLogResponseHandler: follower responses appendEntries COMPLETED
2025-03-10 14:59:38,250 [grpc-default-executor-4] WARN  server.GrpcLogAppender (GrpcLogAppender.java:resetClient(230)) - a47358e8-0456-4981-be42-6c2243302bda@group-AB5CA55042D9->34c8489e-bd2b-45e5-8f71-480c904dd2ce-GrpcLogAppender: Failed to getClient for 34c8489e-bd2b-45e5-8f71-480c904dd2ce
org.apache.ratis.protocol.exceptions.AlreadyClosedException: a47358e8-0456-4981-be42-6c2243302bda is already CLOSED
	at org.apache.ratis.util.PeerProxyMap$PeerAndProxy.getProxy(PeerProxyMap.java:67)
	at org.apache.ratis.util.PeerProxyMap.getProxy(PeerProxyMap.java:124)
	at org.apache.ratis.grpc.server.GrpcLogAppender.getClient(GrpcLogAppender.java:200)
	at org.apache.ratis.grpc.server.GrpcLogAppender.resetClient(GrpcLogAppender.java:205)
	at org.apache.ratis.grpc.server.GrpcLogAppender.access$800(GrpcLogAppender.java:64)
	at org.apache.ratis.grpc.server.GrpcLogAppender$AppendLogResponseHandler.onCompleted(GrpcLogAppender.java:551)
	at org.apache.ratis.thirdparty.io.grpc.stub.ClientCalls$StreamObserverToCallListenerAdapter.onClose(ClientCalls.java:479)
	at org.apache.ratis.thirdparty.io.grpc.internal.ClientCallImpl.closeObserver(ClientCallImpl.java:567)
	at org.apache.ratis.thirdparty.io.grpc.internal.ClientCallImpl.access$300(ClientCallImpl.java:71)
	at org.apache.ratis.thirdparty.io.grpc.internal.ClientCallImpl$ClientStreamListenerImpl$1StreamClosed.runInternal(ClientCallImpl.java:735)
	at org.apache.ratis.thirdparty.io.grpc.internal.ClientCallImpl$ClientStreamListenerImpl$1StreamClosed.runInContext(ClientCallImpl.java:716)
	at org.apache.ratis.thirdparty.io.grpc.internal.ContextRunnable.run(ContextRunnable.java:37)
	at org.apache.ratis.thirdparty.io.grpc.internal.SerializingExecutor.run(SerializingExecutor.java:133)
	at java.base/java.util.concurrent.ThreadPoolExecutor.runWorker(ThreadPoolExecutor.java:1144)
	at java.base/java.util.concurrent.ThreadPoolExecutor$Worker.run(ThreadPoolExecutor.java:642)
	at java.base/java.lang.Thread.run(Thread.java:1583)
2025-03-10 14:59:38,246 [a47358e8-0456-4981-be42-6c2243302bda@group-AB5CA55042D9-StateMachineUpdater] INFO  impl.StateMachineUpdater (StateMachineUpdater.java:lambda$new$0(102)) - a47358e8-0456-4981-be42-6c2243302bda@group-AB5CA55042D9-StateMachineUpdater: snapshotIndex: updateIncreasingly -1 -> 0
2025-03-10 14:59:38,251 [a47358e8-0456-4981-be42-6c2243302bda@group-AB5CA55042D9-StateMachineUpdater] INFO  impl.StateMachineUpdater (StateMachineUpdater.java:stop(141)) - a47358e8-0456-4981-be42-6c2243302bda@group-AB5CA55042D9-StateMachineUpdater: closing ContainerStateMachine, lastApplied=(t:1, i:0)
2025-03-10 14:59:38,252 [ForkJoinPool.commonPool-worker-3] INFO  server.GrpcService (GrpcService.java:closeImpl(352)) - 34c8489e-bd2b-45e5-8f71-480c904dd2ce: shutdown server org.apache.ratis.grpc.server.GrpcClientProtocolService successfully
2025-03-10 14:59:38,252 [ForkJoinPool.commonPool-worker-3] INFO  server.GrpcService (GrpcService.java:closeImpl(343)) - 34c8489e-bd2b-45e5-8f71-480c904dd2ce: shutdown server GrpcServerProtocolService now
2025-03-10 14:59:38,251 [grpc-default-executor-2] INFO  server.GrpcLogAppender (GrpcLogAppender.java:onCompleted(550)) - 34c8489e-bd2b-45e5-8f71-480c904dd2ce@group-421A57758FF1->a47358e8-0456-4981-be42-6c2243302bda-AppendLogResponseHandler: follower responses appendEntries COMPLETED
2025-03-10 14:59:38,249 [grpc-default-executor-0] INFO  server.GrpcLogAppender (GrpcLogAppender.java:onCompleted(550)) - 34c8489e-bd2b-45e5-8f71-480c904dd2ce@group-421A57758FF1->edfd90b7-d4f7-415e-a332-2179825f57d9-AppendLogResponseHandler: follower responses appendEntries COMPLETED
2025-03-10 14:59:38,252 [grpc-default-executor-0] WARN  server.GrpcLogAppender (GrpcLogAppender.java:resetClient(230)) - 34c8489e-bd2b-45e5-8f71-480c904dd2ce@group-421A57758FF1->edfd90b7-d4f7-415e-a332-2179825f57d9-GrpcLogAppender: Failed to getClient for edfd90b7-d4f7-415e-a332-2179825f57d9
org.apache.ratis.protocol.exceptions.AlreadyClosedException: 34c8489e-bd2b-45e5-8f71-480c904dd2ce is already CLOSED
	at org.apache.ratis.util.PeerProxyMap$PeerAndProxy.getProxy(PeerProxyMap.java:67)
	at org.apache.ratis.util.PeerProxyMap.getProxy(PeerProxyMap.java:124)
	at org.apache.ratis.grpc.server.GrpcLogAppender.getClient(GrpcLogAppender.java:200)
	at org.apache.ratis.grpc.server.GrpcLogAppender.resetClient(GrpcLogAppender.java:205)
	at org.apache.ratis.grpc.server.GrpcLogAppender.access$800(GrpcLogAppender.java:64)
	at org.apache.ratis.grpc.server.GrpcLogAppender$AppendLogResponseHandler.onCompleted(GrpcLogAppender.java:551)
	at org.apache.ratis.thirdparty.io.grpc.stub.ClientCalls$StreamObserverToCallListenerAdapter.onClose(ClientCalls.java:479)
	at org.apache.ratis.thirdparty.io.grpc.internal.DelayedClientCall$DelayedListener$3.run(DelayedClientCall.java:489)
	at org.apache.ratis.thirdparty.io.grpc.internal.DelayedClientCall$DelayedListener.delayOrExecute(DelayedClientCall.java:453)
	at org.apache.ratis.thirdparty.io.grpc.internal.DelayedClientCall$DelayedListener.onClose(DelayedClientCall.java:486)
	at org.apache.ratis.thirdparty.io.grpc.internal.ClientCallImpl.closeObserver(ClientCallImpl.java:567)
	at org.apache.ratis.thirdparty.io.grpc.internal.ClientCallImpl.access$300(ClientCallImpl.java:71)
	at org.apache.ratis.thirdparty.io.grpc.internal.ClientCallImpl$ClientStreamListenerImpl$1StreamClosed.runInternal(ClientCallImpl.java:735)
	at org.apache.ratis.thirdparty.io.grpc.internal.ClientCallImpl$ClientStreamListenerImpl$1StreamClosed.runInContext(ClientCallImpl.java:716)
	at org.apache.ratis.thirdparty.io.grpc.internal.ContextRunnable.run(ContextRunnable.java:37)
	at org.apache.ratis.thirdparty.io.grpc.internal.SerializingExecutor.run(SerializingExecutor.java:133)
	at java.base/java.util.concurrent.ThreadPoolExecutor.runWorker(ThreadPoolExecutor.java:1144)
	at java.base/java.util.concurrent.ThreadPoolExecutor$Worker.run(ThreadPoolExecutor.java:642)
	at java.base/java.lang.Thread.run(Thread.java:1583)
2025-03-10 14:59:38,249 [a47358e8-0456-4981-be42-6c2243302bda@group-5D276E251663-StateMachineUpdater] INFO  impl.StateMachineUpdater (StateMachineUpdater.java:takeSnapshot(303)) - a47358e8-0456-4981-be42-6c2243302bda@group-5D276E251663-StateMachineUpdater: Took a snapshot at index 0
2025-03-10 14:59:38,252 [a47358e8-0456-4981-be42-6c2243302bda@group-5D276E251663-StateMachineUpdater] INFO  impl.StateMachineUpdater (StateMachineUpdater.java:lambda$new$0(102)) - a47358e8-0456-4981-be42-6c2243302bda@group-5D276E251663-StateMachineUpdater: snapshotIndex: updateIncreasingly -1 -> 0
2025-03-10 14:59:38,252 [a47358e8-0456-4981-be42-6c2243302bda@group-5D276E251663-StateMachineUpdater] INFO  impl.StateMachineUpdater (StateMachineUpdater.java:stop(141)) - a47358e8-0456-4981-be42-6c2243302bda@group-5D276E251663-StateMachineUpdater: closing ContainerStateMachine, lastApplied=(t:1, i:0)
2025-03-10 14:59:38,248 [Thread-1608] INFO  server.GrpcServerProtocolClient (GrpcServerProtocolClient.java:close(105)) - 34c8489e-bd2b-45e5-8f71-480c904dd2ce Close channels
2025-03-10 14:59:38,247 [a47358e8-0456-4981-be42-6c2243302bda@group-421A57758FF1-cacheEviction-AwaitToRun] INFO  util.AwaitToRun (AwaitToRun.java:run(49)) - a47358e8-0456-4981-be42-6c2243302bda@group-421A57758FF1-cacheEviction-AwaitToRun-AwaitForSignal is interrupted
2025-03-10 14:59:38,252 [ForkJoinPool.commonPool-worker-3] INFO  server.GrpcService (GrpcService.java:closeImpl(352)) - 34c8489e-bd2b-45e5-8f71-480c904dd2ce: shutdown server GrpcServerProtocolService successfully
2025-03-10 14:59:38,253 [ForkJoinPool.commonPool-worker-3] INFO  server.GrpcService (GrpcService.java:closeImpl(343)) - 34c8489e-bd2b-45e5-8f71-480c904dd2ce: shutdown server org.apache.ratis.grpc.server.GrpcAdminProtocolService now
2025-03-10 14:59:38,253 [a47358e8-0456-4981-be42-6c2243302bda@group-5D276E251663-cacheEviction-AwaitToRun] INFO  util.AwaitToRun (AwaitToRun.java:run(49)) - a47358e8-0456-4981-be42-6c2243302bda@group-5D276E251663-cacheEviction-AwaitToRun-AwaitForSignal is interrupted
2025-03-10 14:59:38,252 [a47358e8-0456-4981-be42-6c2243302bda@group-AB5CA55042D9-cacheEviction-AwaitToRun] INFO  util.AwaitToRun (AwaitToRun.java:run(49)) - a47358e8-0456-4981-be42-6c2243302bda@group-AB5CA55042D9-cacheEviction-AwaitToRun-AwaitForSignal is interrupted
2025-03-10 14:59:38,253 [grpc-default-executor-2] WARN  server.GrpcLogAppender (GrpcLogAppender.java:resetClient(230)) - 34c8489e-bd2b-45e5-8f71-480c904dd2ce@group-421A57758FF1->a47358e8-0456-4981-be42-6c2243302bda-GrpcLogAppender: Failed to getClient for a47358e8-0456-4981-be42-6c2243302bda
org.apache.ratis.protocol.exceptions.AlreadyClosedException: 34c8489e-bd2b-45e5-8f71-480c904dd2ce is already CLOSED
	at org.apache.ratis.util.PeerProxyMap$PeerAndProxy.getProxy(PeerProxyMap.java:67)
	at org.apache.ratis.util.PeerProxyMap.getProxy(PeerProxyMap.java:124)
	at org.apache.ratis.grpc.server.GrpcLogAppender.getClient(GrpcLogAppender.java:200)
	at org.apache.ratis.grpc.server.GrpcLogAppender.resetClient(GrpcLogAppender.java:205)
	at org.apache.ratis.grpc.server.GrpcLogAppender.access$800(GrpcLogAppender.java:64)
	at org.apache.ratis.grpc.server.GrpcLogAppender$AppendLogResponseHandler.onCompleted(GrpcLogAppender.java:551)
	at org.apache.ratis.thirdparty.io.grpc.stub.ClientCalls$StreamObserverToCallListenerAdapter.onClose(ClientCalls.java:479)
	at org.apache.ratis.thirdparty.io.grpc.internal.DelayedClientCall$DelayedListener$3.run(DelayedClientCall.java:489)
	at org.apache.ratis.thirdparty.io.grpc.internal.DelayedClientCall$DelayedListener.delayOrExecute(DelayedClientCall.java:453)
	at org.apache.ratis.thirdparty.io.grpc.internal.DelayedClientCall$DelayedListener.onClose(DelayedClientCall.java:486)
	at org.apache.ratis.thirdparty.io.grpc.internal.ClientCallImpl.closeObserver(ClientCallImpl.java:567)
	at org.apache.ratis.thirdparty.io.grpc.internal.ClientCallImpl.access$300(ClientCallImpl.java:71)
	at org.apache.ratis.thirdparty.io.grpc.internal.ClientCallImpl$ClientStreamListenerImpl$1StreamClosed.runInternal(ClientCallImpl.java:735)
	at org.apache.ratis.thirdparty.io.grpc.internal.ClientCallImpl$ClientStreamListenerImpl$1StreamClosed.runInContext(ClientCallImpl.java:716)
	at org.apache.ratis.thirdparty.io.grpc.internal.ContextRunnable.run(ContextRunnable.java:37)
	at org.apache.ratis.thirdparty.io.grpc.internal.SerializingExecutor.run(SerializingExecutor.java:133)
	at java.base/java.util.concurrent.ThreadPoolExecutor.runWorker(ThreadPoolExecutor.java:1144)
	at java.base/java.util.concurrent.ThreadPoolExecutor$Worker.run(ThreadPoolExecutor.java:642)
	at java.base/java.lang.Thread.run(Thread.java:1583)
2025-03-10 14:59:38,254 [ForkJoinPool.commonPool-worker-3] INFO  server.GrpcService (GrpcService.java:closeImpl(352)) - 34c8489e-bd2b-45e5-8f71-480c904dd2ce: shutdown server org.apache.ratis.grpc.server.GrpcAdminProtocolService successfully
2025-03-10 14:59:38,254 [main] INFO  server.GrpcService (GrpcService.java:closeImpl(352)) - a47358e8-0456-4981-be42-6c2243302bda: shutdown server org.apache.ratis.grpc.server.GrpcClientProtocolService successfully
2025-03-10 14:59:38,255 [main] INFO  server.GrpcService (GrpcService.java:closeImpl(343)) - a47358e8-0456-4981-be42-6c2243302bda: shutdown server GrpcServerProtocolService now
2025-03-10 14:59:38,255 [main] INFO  server.GrpcService (GrpcService.java:closeImpl(352)) - a47358e8-0456-4981-be42-6c2243302bda: shutdown server GrpcServerProtocolService successfully
2025-03-10 14:59:38,255 [main] INFO  server.GrpcService (GrpcService.java:closeImpl(343)) - a47358e8-0456-4981-be42-6c2243302bda: shutdown server org.apache.ratis.grpc.server.GrpcAdminProtocolService now
2025-03-10 14:59:38,256 [main] INFO  server.GrpcService (GrpcService.java:closeImpl(352)) - a47358e8-0456-4981-be42-6c2243302bda: shutdown server org.apache.ratis.grpc.server.GrpcAdminProtocolService successfully
2025-03-10 14:59:38,261 [34c8489e-bd2b-45e5-8f71-480c904dd2ce-NettyServerStreamRpc-bossGroup--thread1] INFO  logging.LoggingHandler (AbstractInternalLogger.java:log(148)) - [id: 0x46cb4a27, L:/0.0.0.0:15072] CLOSE
2025-03-10 14:59:38,261 [34c8489e-bd2b-45e5-8f71-480c904dd2ce-NettyServerStreamRpc-bossGroup--thread1] INFO  logging.LoggingHandler (AbstractInternalLogger.java:log(148)) - [id: 0x46cb4a27, L:/0.0.0.0:15072] INACTIVE
2025-03-10 14:59:38,261 [34c8489e-bd2b-45e5-8f71-480c904dd2ce-NettyServerStreamRpc-bossGroup--thread1] INFO  logging.LoggingHandler (AbstractInternalLogger.java:log(148)) - [id: 0x46cb4a27, L:/0.0.0.0:15072] UNREGISTERED
2025-03-10 14:59:38,263 [a47358e8-0456-4981-be42-6c2243302bda-NettyServerStreamRpc-bossGroup--thread1] INFO  logging.LoggingHandler (AbstractInternalLogger.java:log(148)) - [id: 0xe204fcf6, L:/0.0.0.0:15063] CLOSE
2025-03-10 14:59:38,263 [a47358e8-0456-4981-be42-6c2243302bda-NettyServerStreamRpc-bossGroup--thread1] INFO  logging.LoggingHandler (AbstractInternalLogger.java:log(148)) - [id: 0xe204fcf6, L:/0.0.0.0:15063] INACTIVE
2025-03-10 14:59:38,263 [a47358e8-0456-4981-be42-6c2243302bda-NettyServerStreamRpc-bossGroup--thread1] INFO  logging.LoggingHandler (AbstractInternalLogger.java:log(148)) - [id: 0xe204fcf6, L:/0.0.0.0:15063] UNREGISTERED
2025-03-10 14:59:38,876 [a47358e8-0456-4981-be42-6c2243302bda-impl-thread2] INFO  segmented.SegmentedRaftLogWorker (SegmentedRaftLogWorker.java:close(252)) - a47358e8-0456-4981-be42-6c2243302bda@group-AB5CA55042D9-SegmentedRaftLogWorker close()
2025-03-10 14:59:38,876 [a47358e8-0456-4981-be42-6c2243302bda-impl-thread2] INFO  ratis.ContainerStateMachine (ContainerStateMachine.java:notifyServerShutdown(957)) - group-AB5CA55042D9 is closed by HddsDatanodeService
2025-03-10 14:59:38,896 [34c8489e-bd2b-45e5-8f71-480c904dd2ce-impl-thread2] INFO  segmented.SegmentedRaftLogWorker (SegmentedRaftLogWorker.java:close(252)) - 34c8489e-bd2b-45e5-8f71-480c904dd2ce@group-AB5CA55042D9-SegmentedRaftLogWorker close()
2025-03-10 14:59:38,896 [34c8489e-bd2b-45e5-8f71-480c904dd2ce-impl-thread2] INFO  ratis.ContainerStateMachine (ContainerStateMachine.java:notifyServerShutdown(957)) - group-AB5CA55042D9 is closed by HddsDatanodeService
2025-03-10 14:59:39,078 [a47358e8-0456-4981-be42-6c2243302bda-impl-thread1] INFO  segmented.SegmentedRaftLogWorker (SegmentedRaftLogWorker.java:close(252)) - a47358e8-0456-4981-be42-6c2243302bda@group-5D276E251663-SegmentedRaftLogWorker close()
2025-03-10 14:59:39,078 [a47358e8-0456-4981-be42-6c2243302bda-impl-thread1] INFO  ratis.ContainerStateMachine (ContainerStateMachine.java:notifyServerShutdown(957)) - group-5D276E251663 is closed by HddsDatanodeService
2025-03-10 14:59:39,223 [34c8489e-bd2b-45e5-8f71-480c904dd2ce-impl-thread3] INFO  segmented.SegmentedRaftLogWorker (SegmentedRaftLogWorker.java:close(252)) - 34c8489e-bd2b-45e5-8f71-480c904dd2ce@group-421A57758FF1-SegmentedRaftLogWorker close()
2025-03-10 14:59:39,224 [34c8489e-bd2b-45e5-8f71-480c904dd2ce-impl-thread3] INFO  ratis.ContainerStateMachine (ContainerStateMachine.java:notifyServerShutdown(957)) - group-421A57758FF1 is closed by HddsDatanodeService
2025-03-10 14:59:39,224 [a47358e8-0456-4981-be42-6c2243302bda-impl-thread3] INFO  segmented.SegmentedRaftLogWorker (SegmentedRaftLogWorker.java:close(252)) - a47358e8-0456-4981-be42-6c2243302bda@group-421A57758FF1-SegmentedRaftLogWorker close()
2025-03-10 14:59:39,225 [a47358e8-0456-4981-be42-6c2243302bda-impl-thread3] INFO  ratis.ContainerStateMachine (ContainerStateMachine.java:notifyServerShutdown(957)) - group-421A57758FF1 is closed by HddsDatanodeService
2025-03-10 14:59:39,225 [JvmPauseMonitor11] INFO  util.JvmPauseMonitor (JvmPauseMonitor.java:run(152)) - JvmPauseMonitor-a47358e8-0456-4981-be42-6c2243302bda: Stopped
2025-03-10 14:59:39,231 [ForkJoinPool.commonPool-worker-1] INFO  ozoneimpl.OzoneContainer (OzoneContainer.java:stop(524)) - Attempting to stop container services.
2025-03-10 14:59:39,231 [ContainerMetadataScanner] WARN  ozoneimpl.AbstractBackgroundContainerScanner (AbstractBackgroundContainerScanner.java:handleRemainingSleep(136)) - Background container scan was interrupted.
2025-03-10 14:59:39,232 [ContainerMetadataScanner] INFO  ozoneimpl.AbstractBackgroundContainerScanner (AbstractBackgroundContainerScanner.java:run(63)) - org.apache.hadoop.ozone.container.ozoneimpl.BackgroundContainerMetadataScanner@749be262 exiting.
2025-03-10 14:59:39,232 [ForkJoinPool.commonPool-worker-1] INFO  ozoneimpl.BackgroundContainerDataScanner (BackgroundContainerDataScanner.java:shutdown(141)) - ContainerDataScanner(/home/runner/work/ozone/ozone/hadoop-ozone/integration-test/target/test-dir/MiniOzoneClusterImpl-92936399-7d39-4e90-b2ee-bbad22e09632/ozone-meta/datanode-1/data-0/hdds) is shutting down. 
2025-03-10 14:59:39,232 [ContainerDataScanner(/home/runner/work/ozone/ozone/hadoop-ozone/integration-test/target/test-dir/MiniOzoneClusterImpl-92936399-7d39-4e90-b2ee-bbad22e09632/ozone-meta/datanode-1/data-0/hdds)] WARN  ozoneimpl.AbstractBackgroundContainerScanner (AbstractBackgroundContainerScanner.java:handleRemainingSleep(136)) - Background container scan was interrupted.
2025-03-10 14:59:39,232 [ContainerDataScanner(/home/runner/work/ozone/ozone/hadoop-ozone/integration-test/target/test-dir/MiniOzoneClusterImpl-92936399-7d39-4e90-b2ee-bbad22e09632/ozone-meta/datanode-1/data-0/hdds)] INFO  ozoneimpl.AbstractBackgroundContainerScanner (AbstractBackgroundContainerScanner.java:run(63)) - ContainerDataScanner(/home/runner/work/ozone/ozone/hadoop-ozone/integration-test/target/test-dir/MiniOzoneClusterImpl-92936399-7d39-4e90-b2ee-bbad22e09632/ozone-meta/datanode-1/data-0/hdds, DS-faf1f4ab-b1b3-4bb7-b9ff-1b5b84053271) exiting.
2025-03-10 14:59:39,232 [edfd90b7-d4f7-415e-a332-2179825f57d9-EndpointStateMachineTaskThread-/0.0.0.0:15039-0 ] INFO  ipc.Client (Client.java:handleConnectionFailure(966)) - Retrying connect to server: 0.0.0.0/0.0.0.0:15039. Already tried 0 time(s); retry policy is RetryUpToMaximumCountWithFixedSleep(maxRetries=15, sleepTime=1000 MILLISECONDS)
2025-03-10 14:59:39,232 [ForkJoinPool.commonPool-worker-1] INFO  ratis.XceiverServerRatis (XceiverServerRatis.java:stop(593)) - Closing XceiverServerRatis(edfd90b7-d4f7-415e-a332-2179825f57d9)
2025-03-10 14:59:39,232 [34c8489e-bd2b-45e5-8f71-480c904dd2ce-impl-thread1] INFO  segmented.SegmentedRaftLogWorker (SegmentedRaftLogWorker.java:close(252)) - 34c8489e-bd2b-45e5-8f71-480c904dd2ce@group-024B58FEA649-SegmentedRaftLogWorker close()
2025-03-10 14:59:39,233 [34c8489e-bd2b-45e5-8f71-480c904dd2ce-impl-thread1] INFO  ratis.ContainerStateMachine (ContainerStateMachine.java:notifyServerShutdown(957)) - group-024B58FEA649 is closed by HddsDatanodeService
2025-03-10 14:59:39,233 [JvmPauseMonitor12] INFO  util.JvmPauseMonitor (JvmPauseMonitor.java:run(152)) - JvmPauseMonitor-34c8489e-bd2b-45e5-8f71-480c904dd2ce: Stopped
2025-03-10 14:59:39,232 [ForkJoinPool.commonPool-worker-1] INFO  server.RaftServer (RaftServerProxy.java:lambda$close$9(417)) - edfd90b7-d4f7-415e-a332-2179825f57d9: close
2025-03-10 14:59:39,233 [edfd90b7-d4f7-415e-a332-2179825f57d9-impl-thread1] INFO  server.RaftServer$Division (RaftServerImpl.java:lambda$close$1(513)) - edfd90b7-d4f7-415e-a332-2179825f57d9@group-497F556FC23C: shutdown
2025-03-10 14:59:39,233 [edfd90b7-d4f7-415e-a332-2179825f57d9-impl-thread1] INFO  util.JmxRegister (JmxRegister.java:unregister(74)) - Successfully un-registered JMX Bean with object name Ratis:service=RaftServer,group=group-497F556FC23C,id=edfd90b7-d4f7-415e-a332-2179825f57d9
2025-03-10 14:59:39,233 [edfd90b7-d4f7-415e-a332-2179825f57d9-impl-thread1] INFO  impl.RoleInfo (RoleInfo.java:shutdownLeaderState(103)) - edfd90b7-d4f7-415e-a332-2179825f57d9: shutdown edfd90b7-d4f7-415e-a332-2179825f57d9@group-497F556FC23C-LeaderStateImpl
2025-03-10 14:59:39,234 [edfd90b7-d4f7-415e-a332-2179825f57d9-impl-thread1] INFO  impl.PendingRequests (PendingRequests.java:sendNotLeaderResponses(287)) - edfd90b7-d4f7-415e-a332-2179825f57d9@group-497F556FC23C-PendingRequests: sendNotLeaderResponses
2025-03-10 14:59:39,234 [edfd90b7-d4f7-415e-a332-2179825f57d9-impl-thread2] INFO  server.RaftServer$Division (RaftServerImpl.java:lambda$close$1(513)) - edfd90b7-d4f7-415e-a332-2179825f57d9@group-AB5CA55042D9: shutdown
2025-03-10 14:59:39,234 [edfd90b7-d4f7-415e-a332-2179825f57d9-impl-thread2] INFO  util.JmxRegister (JmxRegister.java:unregister(74)) - Successfully un-registered JMX Bean with object name Ratis:service=RaftServer,group=group-AB5CA55042D9,id=edfd90b7-d4f7-415e-a332-2179825f57d9
2025-03-10 14:59:39,234 [ForkJoinPool.commonPool-worker-1] INFO  server.GrpcService (GrpcService.java:closeImpl(343)) - edfd90b7-d4f7-415e-a332-2179825f57d9: shutdown server org.apache.ratis.grpc.server.GrpcClientProtocolService now
2025-03-10 14:59:39,234 [edfd90b7-d4f7-415e-a332-2179825f57d9-impl-thread3] INFO  server.RaftServer$Division (RaftServerImpl.java:lambda$close$1(513)) - edfd90b7-d4f7-415e-a332-2179825f57d9@group-421A57758FF1: shutdown
2025-03-10 14:59:39,234 [edfd90b7-d4f7-415e-a332-2179825f57d9-impl-thread3] INFO  util.JmxRegister (JmxRegister.java:unregister(74)) - Successfully un-registered JMX Bean with object name Ratis:service=RaftServer,group=group-421A57758FF1,id=edfd90b7-d4f7-415e-a332-2179825f57d9
2025-03-10 14:59:39,234 [edfd90b7-d4f7-415e-a332-2179825f57d9-impl-thread3] INFO  impl.RoleInfo (RoleInfo.java:shutdownFollowerState(121)) - edfd90b7-d4f7-415e-a332-2179825f57d9: shutdown edfd90b7-d4f7-415e-a332-2179825f57d9@group-421A57758FF1-FollowerState
2025-03-10 14:59:39,234 [edfd90b7-d4f7-415e-a332-2179825f57d9-impl-thread3] INFO  impl.StateMachineUpdater (StateMachineUpdater.java:stopAndJoin(164)) - edfd90b7-d4f7-415e-a332-2179825f57d9@group-421A57758FF1-StateMachineUpdater: set stopIndex = 5
2025-03-10 14:59:39,234 [edfd90b7-d4f7-415e-a332-2179825f57d9@group-421A57758FF1-FollowerState] INFO  impl.FollowerState (FollowerState.java:runImpl(170)) - edfd90b7-d4f7-415e-a332-2179825f57d9@group-421A57758FF1-FollowerState was interrupted
2025-03-10 14:59:39,234 [edfd90b7-d4f7-415e-a332-2179825f57d9@group-497F556FC23C-StateMachineUpdater] INFO  ratis.ContainerStateMachine (ContainerStateMachine.java:takeSnapshot(395)) - group-497F556FC23C: Taking a snapshot at:(t:1, i:0) file /home/runner/work/ozone/ozone/hadoop-ozone/integration-test/target/test-dir/MiniOzoneClusterImpl-92936399-7d39-4e90-b2ee-bbad22e09632/ozone-meta/datanode-1/ratis/5f4fe0b7-3382-4e4b-942f-497f556fc23c/sm/snapshot.1_0
2025-03-10 14:59:39,234 [edfd90b7-d4f7-415e-a332-2179825f57d9-impl-thread2] INFO  impl.RoleInfo (RoleInfo.java:shutdownFollowerState(121)) - edfd90b7-d4f7-415e-a332-2179825f57d9: shutdown edfd90b7-d4f7-415e-a332-2179825f57d9@group-AB5CA55042D9-FollowerState
2025-03-10 14:59:39,234 [edfd90b7-d4f7-415e-a332-2179825f57d9@group-421A57758FF1-StateMachineUpdater] INFO  ratis.ContainerStateMachine (ContainerStateMachine.java:takeSnapshot(395)) - group-421A57758FF1: Taking a snapshot at:(t:1, i:5) file /home/runner/work/ozone/ozone/hadoop-ozone/integration-test/target/test-dir/MiniOzoneClusterImpl-92936399-7d39-4e90-b2ee-bbad22e09632/ozone-meta/datanode-1/ratis/6a9d0283-e90e-49ea-b5a8-421a57758ff1/sm/snapshot.1_5
2025-03-10 14:59:39,235 [Thread-1682] INFO  server.GrpcServerProtocolClient (GrpcServerProtocolClient.java:close(105)) - a47358e8-0456-4981-be42-6c2243302bda Close channels
2025-03-10 14:59:39,235 [edfd90b7-d4f7-415e-a332-2179825f57d9@group-AB5CA55042D9-FollowerState] INFO  impl.FollowerState (FollowerState.java:runImpl(170)) - edfd90b7-d4f7-415e-a332-2179825f57d9@group-AB5CA55042D9-FollowerState was interrupted
2025-03-10 14:59:39,234 [edfd90b7-d4f7-415e-a332-2179825f57d9-impl-thread1] INFO  impl.StateMachineUpdater (StateMachineUpdater.java:stopAndJoin(164)) - edfd90b7-d4f7-415e-a332-2179825f57d9@group-497F556FC23C-StateMachineUpdater: set stopIndex = 0
2025-03-10 14:59:39,235 [edfd90b7-d4f7-415e-a332-2179825f57d9@group-AB5CA55042D9-StateMachineUpdater] INFO  ratis.ContainerStateMachine (ContainerStateMachine.java:takeSnapshot(395)) - group-AB5CA55042D9: Taking a snapshot at:(t:1, i:0) file /home/runner/work/ozone/ozone/hadoop-ozone/integration-test/target/test-dir/MiniOzoneClusterImpl-92936399-7d39-4e90-b2ee-bbad22e09632/ozone-meta/datanode-1/ratis/ef00675a-f15d-4685-a85c-ab5ca55042d9/sm/snapshot.1_0
2025-03-10 14:59:39,235 [edfd90b7-d4f7-415e-a332-2179825f57d9-impl-thread2] INFO  impl.StateMachineUpdater (StateMachineUpdater.java:stopAndJoin(164)) - edfd90b7-d4f7-415e-a332-2179825f57d9@group-AB5CA55042D9-StateMachineUpdater: set stopIndex = 0
2025-03-10 14:59:39,235 [edfd90b7-d4f7-415e-a332-2179825f57d9@group-497F556FC23C-StateMachineUpdater] INFO  ratis.ContainerStateMachine (ContainerStateMachine.java:takeSnapshot(404)) - group-497F556FC23C: Finished taking a snapshot at:(t:1, i:0) file:/home/runner/work/ozone/ozone/hadoop-ozone/integration-test/target/test-dir/MiniOzoneClusterImpl-92936399-7d39-4e90-b2ee-bbad22e09632/ozone-meta/datanode-1/ratis/5f4fe0b7-3382-4e4b-942f-497f556fc23c/sm/snapshot.1_0 took: 2 ms
2025-03-10 14:59:39,236 [Thread-1683] INFO  server.GrpcServerProtocolClient (GrpcServerProtocolClient.java:close(105)) - 34c8489e-bd2b-45e5-8f71-480c904dd2ce Close channels
2025-03-10 14:59:39,236 [edfd90b7-d4f7-415e-a332-2179825f57d9@group-497F556FC23C-StateMachineUpdater] INFO  impl.StateMachineUpdater (StateMachineUpdater.java:takeSnapshot(303)) - edfd90b7-d4f7-415e-a332-2179825f57d9@group-497F556FC23C-StateMachineUpdater: Took a snapshot at index 0
2025-03-10 14:59:39,236 [edfd90b7-d4f7-415e-a332-2179825f57d9@group-497F556FC23C-StateMachineUpdater] INFO  impl.StateMachineUpdater (StateMachineUpdater.java:lambda$new$0(102)) - edfd90b7-d4f7-415e-a332-2179825f57d9@group-497F556FC23C-StateMachineUpdater: snapshotIndex: updateIncreasingly -1 -> 0
2025-03-10 14:59:39,236 [ForkJoinPool.commonPool-worker-1] INFO  server.GrpcService (GrpcService.java:closeImpl(352)) - edfd90b7-d4f7-415e-a332-2179825f57d9: shutdown server org.apache.ratis.grpc.server.GrpcClientProtocolService successfully
2025-03-10 14:59:39,236 [edfd90b7-d4f7-415e-a332-2179825f57d9@group-AB5CA55042D9-StateMachineUpdater] INFO  ratis.ContainerStateMachine (ContainerStateMachine.java:takeSnapshot(404)) - group-AB5CA55042D9: Finished taking a snapshot at:(t:1, i:0) file:/home/runner/work/ozone/ozone/hadoop-ozone/integration-test/target/test-dir/MiniOzoneClusterImpl-92936399-7d39-4e90-b2ee-bbad22e09632/ozone-meta/datanode-1/ratis/ef00675a-f15d-4685-a85c-ab5ca55042d9/sm/snapshot.1_0 took: 1 ms
2025-03-10 14:59:39,236 [edfd90b7-d4f7-415e-a332-2179825f57d9@group-497F556FC23C-StateMachineUpdater] INFO  impl.StateMachineUpdater (StateMachineUpdater.java:stop(141)) - edfd90b7-d4f7-415e-a332-2179825f57d9@group-497F556FC23C-StateMachineUpdater: closing ContainerStateMachine, lastApplied=(t:1, i:0)
2025-03-10 14:59:39,236 [edfd90b7-d4f7-415e-a332-2179825f57d9@group-421A57758FF1-StateMachineUpdater] INFO  ratis.ContainerStateMachine (ContainerStateMachine.java:takeSnapshot(404)) - group-421A57758FF1: Finished taking a snapshot at:(t:1, i:5) file:/home/runner/work/ozone/ozone/hadoop-ozone/integration-test/target/test-dir/MiniOzoneClusterImpl-92936399-7d39-4e90-b2ee-bbad22e09632/ozone-meta/datanode-1/ratis/6a9d0283-e90e-49ea-b5a8-421a57758ff1/sm/snapshot.1_5 took: 2 ms
2025-03-10 14:59:39,237 [edfd90b7-d4f7-415e-a332-2179825f57d9@group-421A57758FF1-StateMachineUpdater] INFO  impl.StateMachineUpdater (StateMachineUpdater.java:takeSnapshot(303)) - edfd90b7-d4f7-415e-a332-2179825f57d9@group-421A57758FF1-StateMachineUpdater: Took a snapshot at index 5
2025-03-10 14:59:39,237 [edfd90b7-d4f7-415e-a332-2179825f57d9@group-421A57758FF1-StateMachineUpdater] INFO  impl.StateMachineUpdater (StateMachineUpdater.java:lambda$new$0(102)) - edfd90b7-d4f7-415e-a332-2179825f57d9@group-421A57758FF1-StateMachineUpdater: snapshotIndex: updateIncreasingly -1 -> 5
2025-03-10 14:59:39,236 [ForkJoinPool.commonPool-worker-1] INFO  server.GrpcService (GrpcService.java:closeImpl(343)) - edfd90b7-d4f7-415e-a332-2179825f57d9: shutdown server GrpcServerProtocolService now
2025-03-10 14:59:39,237 [edfd90b7-d4f7-415e-a332-2179825f57d9@group-421A57758FF1-StateMachineUpdater] INFO  impl.StateMachineUpdater (StateMachineUpdater.java:stop(141)) - edfd90b7-d4f7-415e-a332-2179825f57d9@group-421A57758FF1-StateMachineUpdater: closing ContainerStateMachine, lastApplied=(t:1, i:5)
2025-03-10 14:59:39,237 [ForkJoinPool.commonPool-worker-1] INFO  server.GrpcService (GrpcService.java:closeImpl(352)) - edfd90b7-d4f7-415e-a332-2179825f57d9: shutdown server GrpcServerProtocolService successfully
2025-03-10 14:59:39,237 [ForkJoinPool.commonPool-worker-1] INFO  server.GrpcService (GrpcService.java:closeImpl(343)) - edfd90b7-d4f7-415e-a332-2179825f57d9: shutdown server org.apache.ratis.grpc.server.GrpcAdminProtocolService now
2025-03-10 14:59:39,237 [edfd90b7-d4f7-415e-a332-2179825f57d9@group-AB5CA55042D9-StateMachineUpdater] INFO  impl.StateMachineUpdater (StateMachineUpdater.java:takeSnapshot(303)) - edfd90b7-d4f7-415e-a332-2179825f57d9@group-AB5CA55042D9-StateMachineUpdater: Took a snapshot at index 0
2025-03-10 14:59:39,237 [edfd90b7-d4f7-415e-a332-2179825f57d9@group-AB5CA55042D9-StateMachineUpdater] INFO  impl.StateMachineUpdater (StateMachineUpdater.java:lambda$new$0(102)) - edfd90b7-d4f7-415e-a332-2179825f57d9@group-AB5CA55042D9-StateMachineUpdater: snapshotIndex: updateIncreasingly -1 -> 0
2025-03-10 14:59:39,237 [edfd90b7-d4f7-415e-a332-2179825f57d9@group-AB5CA55042D9-StateMachineUpdater] INFO  impl.StateMachineUpdater (StateMachineUpdater.java:stop(141)) - edfd90b7-d4f7-415e-a332-2179825f57d9@group-AB5CA55042D9-StateMachineUpdater: closing ContainerStateMachine, lastApplied=(t:1, i:0)
2025-03-10 14:59:39,238 [edfd90b7-d4f7-415e-a332-2179825f57d9@group-421A57758FF1-cacheEviction-AwaitToRun] INFO  util.AwaitToRun (AwaitToRun.java:run(49)) - edfd90b7-d4f7-415e-a332-2179825f57d9@group-421A57758FF1-cacheEviction-AwaitToRun-AwaitForSignal is interrupted
2025-03-10 14:59:39,238 [ForkJoinPool.commonPool-worker-1] INFO  server.GrpcService (GrpcService.java:closeImpl(352)) - edfd90b7-d4f7-415e-a332-2179825f57d9: shutdown server org.apache.ratis.grpc.server.GrpcAdminProtocolService successfully
2025-03-10 14:59:39,237 [edfd90b7-d4f7-415e-a332-2179825f57d9@group-497F556FC23C-cacheEviction-AwaitToRun] INFO  util.AwaitToRun (AwaitToRun.java:run(49)) - edfd90b7-d4f7-415e-a332-2179825f57d9@group-497F556FC23C-cacheEviction-AwaitToRun-AwaitForSignal is interrupted
2025-03-10 14:59:39,238 [edfd90b7-d4f7-415e-a332-2179825f57d9@group-AB5CA55042D9-cacheEviction-AwaitToRun] INFO  util.AwaitToRun (AwaitToRun.java:run(49)) - edfd90b7-d4f7-415e-a332-2179825f57d9@group-AB5CA55042D9-cacheEviction-AwaitToRun-AwaitForSignal is interrupted
2025-03-10 14:59:39,241 [edfd90b7-d4f7-415e-a332-2179825f57d9-NettyServerStreamRpc-bossGroup--thread1] INFO  logging.LoggingHandler (AbstractInternalLogger.java:log(148)) - [id: 0x19296040, L:/0.0.0.0:15054] CLOSE
2025-03-10 14:59:39,241 [edfd90b7-d4f7-415e-a332-2179825f57d9-NettyServerStreamRpc-bossGroup--thread1] INFO  logging.LoggingHandler (AbstractInternalLogger.java:log(148)) - [id: 0x19296040, L:/0.0.0.0:15054] INACTIVE
2025-03-10 14:59:39,241 [edfd90b7-d4f7-415e-a332-2179825f57d9-NettyServerStreamRpc-bossGroup--thread1] INFO  logging.LoggingHandler (AbstractInternalLogger.java:log(148)) - [id: 0x19296040, L:/0.0.0.0:15054] UNREGISTERED
2025-03-10 14:59:39,811 [edfd90b7-d4f7-415e-a332-2179825f57d9-impl-thread1] INFO  segmented.SegmentedRaftLogWorker (SegmentedRaftLogWorker.java:close(252)) - edfd90b7-d4f7-415e-a332-2179825f57d9@group-497F556FC23C-SegmentedRaftLogWorker close()
2025-03-10 14:59:39,811 [edfd90b7-d4f7-415e-a332-2179825f57d9-impl-thread1] INFO  ratis.ContainerStateMachine (ContainerStateMachine.java:notifyServerShutdown(957)) - group-497F556FC23C is closed by HddsDatanodeService
2025-03-10 14:59:39,887 [edfd90b7-d4f7-415e-a332-2179825f57d9-impl-thread2] INFO  segmented.SegmentedRaftLogWorker (SegmentedRaftLogWorker.java:close(252)) - edfd90b7-d4f7-415e-a332-2179825f57d9@group-AB5CA55042D9-SegmentedRaftLogWorker close()
2025-03-10 14:59:39,887 [edfd90b7-d4f7-415e-a332-2179825f57d9-impl-thread2] INFO  ratis.ContainerStateMachine (ContainerStateMachine.java:notifyServerShutdown(957)) - group-AB5CA55042D9 is closed by HddsDatanodeService
2025-03-10 14:59:40,224 [edfd90b7-d4f7-415e-a332-2179825f57d9-impl-thread3] INFO  segmented.SegmentedRaftLogWorker (SegmentedRaftLogWorker.java:close(252)) - edfd90b7-d4f7-415e-a332-2179825f57d9@group-421A57758FF1-SegmentedRaftLogWorker close()
2025-03-10 14:59:40,225 [edfd90b7-d4f7-415e-a332-2179825f57d9-impl-thread3] INFO  ratis.ContainerStateMachine (ContainerStateMachine.java:notifyServerShutdown(957)) - group-421A57758FF1 is closed by HddsDatanodeService
2025-03-10 14:59:40,225 [JvmPauseMonitor10] INFO  util.JvmPauseMonitor (JvmPauseMonitor.java:run(152)) - JvmPauseMonitor-edfd90b7-d4f7-415e-a332-2179825f57d9: Stopped
2025-03-10 14:59:40,232 [edfd90b7-d4f7-415e-a332-2179825f57d9-EndpointStateMachineTaskThread-/0.0.0.0:15039-0 ] INFO  ipc.Client (Client.java:handleConnectionFailure(966)) - Retrying connect to server: 0.0.0.0/0.0.0.0:15039. Already tried 1 time(s); retry policy is RetryUpToMaximumCountWithFixedSleep(maxRetries=15, sleepTime=1000 MILLISECONDS)
2025-03-10 14:59:41,228 [main] INFO  utils.DatanodeStoreCache (DatanodeStoreCache.java:shutdownCache(115)) - Skip clearing cache in mini cluster mode. Entries left: [/home/runner/work/ozone/ozone/hadoop-ozone/integration-test/target/test-dir/MiniOzoneClusterImpl-92936399-7d39-4e90-b2ee-bbad22e09632/ozone-meta/datanode-1/data-0/hdds/92936399-7d39-4e90-b2ee-bbad22e09632/DS-faf1f4ab-b1b3-4bb7-b9ff-1b5b84053271/container.db, /home/runner/work/ozone/ozone/hadoop-ozone/integration-test/target/test-dir/MiniOzoneClusterImpl-92936399-7d39-4e90-b2ee-bbad22e09632/ozone-meta/datanode-2/data-0/hdds/92936399-7d39-4e90-b2ee-bbad22e09632/DS-e5f713fa-ab9b-4caa-8d2d-ea69b4045a6d/container.db, /home/runner/work/ozone/ozone/hadoop-ozone/integration-test/target/test-dir/MiniOzoneClusterImpl-92936399-7d39-4e90-b2ee-bbad22e09632/ozone-meta/datanode-3/data-0/hdds/92936399-7d39-4e90-b2ee-bbad22e09632/DS-11b31eaa-69d7-443a-af08-a0398c4070b9/container.db]
2025-03-10 14:59:41,229 [main] INFO  utils.DatanodeStoreCache (DatanodeStoreCache.java:removeDB(109)) - Removed db /home/runner/work/ozone/ozone/hadoop-ozone/integration-test/target/test-dir/MiniOzoneClusterImpl-92936399-7d39-4e90-b2ee-bbad22e09632/ozone-meta/datanode-2/data-0/hdds/92936399-7d39-4e90-b2ee-bbad22e09632/DS-e5f713fa-ab9b-4caa-8d2d-ea69b4045a6d/container.db from cache
2025-03-10 14:59:41,229 [main] INFO  volume.HddsVolume (HddsVolume.java:closeDbStore(479)) - SchemaV3 db is stopped at /home/runner/work/ozone/ozone/hadoop-ozone/integration-test/target/test-dir/MiniOzoneClusterImpl-92936399-7d39-4e90-b2ee-bbad22e09632/ozone-meta/datanode-2/data-0/hdds/92936399-7d39-4e90-b2ee-bbad22e09632/DS-e5f713fa-ab9b-4caa-8d2d-ea69b4045a6d/container.db for volume DS-e5f713fa-ab9b-4caa-8d2d-ea69b4045a6d
2025-03-10 14:59:41,229 [main] INFO  utils.BackgroundService (BackgroundService.java:shutdown(162)) - Shutting down service BlockDeletingService
2025-03-10 14:59:41,230 [main] INFO  utils.BackgroundService (BackgroundService.java:shutdown(162)) - Shutting down service StaleRecoveringContainerScrubbingService
2025-03-10 14:59:41,230 [main] INFO  statemachine.DatanodeStateMachine (DatanodeStateMachine.java:stopDaemon(625)) - Ozone container server stopped.
2025-03-10 14:59:41,233 [edfd90b7-d4f7-415e-a332-2179825f57d9-EndpointStateMachineTaskThread-/0.0.0.0:15039-0 ] INFO  ipc.Client (Client.java:handleConnectionFailure(966)) - Retrying connect to server: 0.0.0.0/0.0.0.0:15039. Already tried 2 time(s); retry policy is RetryUpToMaximumCountWithFixedSleep(maxRetries=15, sleepTime=1000 MILLISECONDS)
2025-03-10 14:59:41,235 [ForkJoinPool.commonPool-worker-3] INFO  utils.DatanodeStoreCache (DatanodeStoreCache.java:shutdownCache(115)) - Skip clearing cache in mini cluster mode. Entries left: [/home/runner/work/ozone/ozone/hadoop-ozone/integration-test/target/test-dir/MiniOzoneClusterImpl-92936399-7d39-4e90-b2ee-bbad22e09632/ozone-meta/datanode-1/data-0/hdds/92936399-7d39-4e90-b2ee-bbad22e09632/DS-faf1f4ab-b1b3-4bb7-b9ff-1b5b84053271/container.db, /home/runner/work/ozone/ozone/hadoop-ozone/integration-test/target/test-dir/MiniOzoneClusterImpl-92936399-7d39-4e90-b2ee-bbad22e09632/ozone-meta/datanode-3/data-0/hdds/92936399-7d39-4e90-b2ee-bbad22e09632/DS-11b31eaa-69d7-443a-af08-a0398c4070b9/container.db]
2025-03-10 14:59:41,236 [ForkJoinPool.commonPool-worker-3] INFO  utils.DatanodeStoreCache (DatanodeStoreCache.java:removeDB(109)) - Removed db /home/runner/work/ozone/ozone/hadoop-ozone/integration-test/target/test-dir/MiniOzoneClusterImpl-92936399-7d39-4e90-b2ee-bbad22e09632/ozone-meta/datanode-3/data-0/hdds/92936399-7d39-4e90-b2ee-bbad22e09632/DS-11b31eaa-69d7-443a-af08-a0398c4070b9/container.db from cache
2025-03-10 14:59:41,236 [ForkJoinPool.commonPool-worker-3] INFO  volume.HddsVolume (HddsVolume.java:closeDbStore(479)) - SchemaV3 db is stopped at /home/runner/work/ozone/ozone/hadoop-ozone/integration-test/target/test-dir/MiniOzoneClusterImpl-92936399-7d39-4e90-b2ee-bbad22e09632/ozone-meta/datanode-3/data-0/hdds/92936399-7d39-4e90-b2ee-bbad22e09632/DS-11b31eaa-69d7-443a-af08-a0398c4070b9/container.db for volume DS-11b31eaa-69d7-443a-af08-a0398c4070b9
2025-03-10 14:59:41,236 [ForkJoinPool.commonPool-worker-3] INFO  utils.BackgroundService (BackgroundService.java:shutdown(162)) - Shutting down service BlockDeletingService
2025-03-10 14:59:41,237 [ForkJoinPool.commonPool-worker-3] INFO  utils.BackgroundService (BackgroundService.java:shutdown(162)) - Shutting down service StaleRecoveringContainerScrubbingService
2025-03-10 14:59:41,238 [ForkJoinPool.commonPool-worker-3] INFO  statemachine.DatanodeStateMachine (DatanodeStateMachine.java:stopDaemon(625)) - Ozone container server stopped.
2025-03-10 14:59:41,246 [main] INFO  handler.ContextHandler (ContextHandler.java:doStop(1159)) - Stopped o.e.j.w.WebAppContext@330e399a{hddsDatanode,/,null,STOPPED}{jar:file:/home/runner/work/ozone/ozone/hadoop-hdds/container-service/target/hdds-container-service-2.0.0-SNAPSHOT.jar!/webapps/hddsDatanode}
2025-03-10 14:59:41,246 [main] INFO  server.AbstractConnector (AbstractConnector.java:doStop(383)) - Stopped ServerConnector@335755a0{HTTP/1.1, (http/1.1)}{0.0.0.0:15057}
2025-03-10 14:59:41,246 [main] INFO  server.session (HouseKeeper.java:stopScavenging(149)) - node0 Stopped scavenging
2025-03-10 14:59:41,246 [main] INFO  handler.ContextHandler (ContextHandler.java:doStop(1159)) - Stopped o.e.j.s.ServletContextHandler@6ace857d{static,/static,jar:file:/home/runner/work/ozone/ozone/hadoop-hdds/container-service/target/hdds-container-service-2.0.0-SNAPSHOT.jar!/webapps/static,STOPPED}
2025-03-10 14:59:41,247 [main] INFO  handler.ContextHandler (ContextHandler.java:doStop(1159)) - Stopped o.e.j.s.ServletContextHandler@576eac92{logs,/logs,file:///home/runner/work/ozone/ozone/hadoop-ozone/integration-test/target/log,STOPPED}
2025-03-10 14:59:41,248 [main] INFO  ozone.HddsDatanodeClientProtocolServer (HddsDatanodeClientProtocolServer.java:stop(82)) - Stopping the RPC server for Client Protocol
2025-03-10 14:59:41,248 [main] INFO  ipc.Server (Server.java:stop(3697)) - Stopping server on 15058
2025-03-10 14:59:41,251 [IPC Server listener on 15058] INFO  ipc.Server (Server.java:run(1585)) - Stopping IPC Server listener on 15058
2025-03-10 14:59:41,251 [IPC Server Responder] INFO  ipc.Server (Server.java:run(1718)) - Stopping IPC Server Responder
2025-03-10 14:59:41,252 [ForkJoinPool.commonPool-worker-3] INFO  handler.ContextHandler (ContextHandler.java:doStop(1159)) - Stopped o.e.j.w.WebAppContext@6918300a{hddsDatanode,/,null,STOPPED}{jar:file:/home/runner/work/ozone/ozone/hadoop-hdds/container-service/target/hdds-container-service-2.0.0-SNAPSHOT.jar!/webapps/hddsDatanode}
2025-03-10 14:59:41,252 [ForkJoinPool.commonPool-worker-3] INFO  server.AbstractConnector (AbstractConnector.java:doStop(383)) - Stopped ServerConnector@1bc75a96{HTTP/1.1, (http/1.1)}{0.0.0.0:15066}
2025-03-10 14:59:41,252 [ForkJoinPool.commonPool-worker-3] INFO  server.session (HouseKeeper.java:stopScavenging(149)) - node0 Stopped scavenging
2025-03-10 14:59:41,253 [ForkJoinPool.commonPool-worker-3] INFO  handler.ContextHandler (ContextHandler.java:doStop(1159)) - Stopped o.e.j.s.ServletContextHandler@358b0b42{static,/static,jar:file:/home/runner/work/ozone/ozone/hadoop-hdds/container-service/target/hdds-container-service-2.0.0-SNAPSHOT.jar!/webapps/static,STOPPED}
2025-03-10 14:59:41,253 [ForkJoinPool.commonPool-worker-3] INFO  handler.ContextHandler (ContextHandler.java:doStop(1159)) - Stopped o.e.j.s.ServletContextHandler@3bead9b5{logs,/logs,file:///home/runner/work/ozone/ozone/hadoop-ozone/integration-test/target/log,STOPPED}
2025-03-10 14:59:41,254 [ForkJoinPool.commonPool-worker-3] INFO  ozone.HddsDatanodeClientProtocolServer (HddsDatanodeClientProtocolServer.java:stop(82)) - Stopping the RPC server for Client Protocol
2025-03-10 14:59:41,254 [ForkJoinPool.commonPool-worker-3] INFO  ipc.Server (Server.java:stop(3697)) - Stopping server on 15067
2025-03-10 14:59:41,255 [IPC Server listener on 15067] INFO  ipc.Server (Server.java:run(1585)) - Stopping IPC Server listener on 15067
2025-03-10 14:59:41,255 [IPC Server Responder] INFO  ipc.Server (Server.java:run(1718)) - Stopping IPC Server Responder
2025-03-10 14:59:42,229 [ForkJoinPool.commonPool-worker-1] INFO  utils.DatanodeStoreCache (DatanodeStoreCache.java:shutdownCache(115)) - Skip clearing cache in mini cluster mode. Entries left: [/home/runner/work/ozone/ozone/hadoop-ozone/integration-test/target/test-dir/MiniOzoneClusterImpl-92936399-7d39-4e90-b2ee-bbad22e09632/ozone-meta/datanode-1/data-0/hdds/92936399-7d39-4e90-b2ee-bbad22e09632/DS-faf1f4ab-b1b3-4bb7-b9ff-1b5b84053271/container.db]
2025-03-10 14:59:42,230 [ForkJoinPool.commonPool-worker-1] INFO  utils.DatanodeStoreCache (DatanodeStoreCache.java:removeDB(109)) - Removed db /home/runner/work/ozone/ozone/hadoop-ozone/integration-test/target/test-dir/MiniOzoneClusterImpl-92936399-7d39-4e90-b2ee-bbad22e09632/ozone-meta/datanode-1/data-0/hdds/92936399-7d39-4e90-b2ee-bbad22e09632/DS-faf1f4ab-b1b3-4bb7-b9ff-1b5b84053271/container.db from cache
2025-03-10 14:59:42,230 [ForkJoinPool.commonPool-worker-1] INFO  volume.HddsVolume (HddsVolume.java:closeDbStore(479)) - SchemaV3 db is stopped at /home/runner/work/ozone/ozone/hadoop-ozone/integration-test/target/test-dir/MiniOzoneClusterImpl-92936399-7d39-4e90-b2ee-bbad22e09632/ozone-meta/datanode-1/data-0/hdds/92936399-7d39-4e90-b2ee-bbad22e09632/DS-faf1f4ab-b1b3-4bb7-b9ff-1b5b84053271/container.db for volume DS-faf1f4ab-b1b3-4bb7-b9ff-1b5b84053271
2025-03-10 14:59:42,230 [ForkJoinPool.commonPool-worker-1] INFO  utils.BackgroundService (BackgroundService.java:shutdown(162)) - Shutting down service BlockDeletingService
2025-03-10 14:59:42,230 [ForkJoinPool.commonPool-worker-1] INFO  utils.BackgroundService (BackgroundService.java:shutdown(162)) - Shutting down service StaleRecoveringContainerScrubbingService
2025-03-10 14:59:42,231 [ForkJoinPool.commonPool-worker-1] INFO  statemachine.DatanodeStateMachine (DatanodeStateMachine.java:stopDaemon(625)) - Ozone container server stopped.
2025-03-10 14:59:42,233 [edfd90b7-d4f7-415e-a332-2179825f57d9-EndpointStateMachineTaskThread-/0.0.0.0:15039-0 ] INFO  ipc.Client (Client.java:handleConnectionFailure(966)) - Retrying connect to server: 0.0.0.0/0.0.0.0:15039. Already tried 3 time(s); retry policy is RetryUpToMaximumCountWithFixedSleep(maxRetries=15, sleepTime=1000 MILLISECONDS)
2025-03-10 14:59:42,242 [ForkJoinPool.commonPool-worker-1] INFO  handler.ContextHandler (ContextHandler.java:doStop(1159)) - Stopped o.e.j.w.WebAppContext@14605d0d{hddsDatanode,/,null,STOPPED}{jar:file:/home/runner/work/ozone/ozone/hadoop-hdds/container-service/target/hdds-container-service-2.0.0-SNAPSHOT.jar!/webapps/hddsDatanode}
2025-03-10 14:59:42,243 [ForkJoinPool.commonPool-worker-1] INFO  server.AbstractConnector (AbstractConnector.java:doStop(383)) - Stopped ServerConnector@72f9675d{HTTP/1.1, (http/1.1)}{0.0.0.0:15048}
2025-03-10 14:59:42,243 [ForkJoinPool.commonPool-worker-1] INFO  server.session (HouseKeeper.java:stopScavenging(149)) - node0 Stopped scavenging
2025-03-10 14:59:42,243 [ForkJoinPool.commonPool-worker-1] INFO  handler.ContextHandler (ContextHandler.java:doStop(1159)) - Stopped o.e.j.s.ServletContextHandler@1062710e{static,/static,jar:file:/home/runner/work/ozone/ozone/hadoop-hdds/container-service/target/hdds-container-service-2.0.0-SNAPSHOT.jar!/webapps/static,STOPPED}
2025-03-10 14:59:42,243 [ForkJoinPool.commonPool-worker-1] INFO  handler.ContextHandler (ContextHandler.java:doStop(1159)) - Stopped o.e.j.s.ServletContextHandler@25b07ed1{logs,/logs,file:///home/runner/work/ozone/ozone/hadoop-ozone/integration-test/target/log,STOPPED}
2025-03-10 14:59:42,243 [ForkJoinPool.commonPool-worker-1] INFO  ozone.HddsDatanodeClientProtocolServer (HddsDatanodeClientProtocolServer.java:stop(82)) - Stopping the RPC server for Client Protocol
2025-03-10 14:59:42,243 [ForkJoinPool.commonPool-worker-1] INFO  ipc.Server (Server.java:stop(3697)) - Stopping server on 15049
2025-03-10 14:59:42,245 [IPC Server listener on 15049] INFO  ipc.Server (Server.java:run(1585)) - Stopping IPC Server listener on 15049
2025-03-10 14:59:42,245 [IPC Server Responder] INFO  ipc.Server (Server.java:run(1718)) - Stopping IPC Server Responder
2025-03-10 14:59:42,245 [main] INFO  ozone.MiniOzoneClusterImpl (MiniOzoneClusterImpl.java:stopSCM(572)) - Stopping the StorageContainerManager
2025-03-10 14:59:42,245 [main] INFO  server.StorageContainerManager (StorageContainerManager.java:stop(1591)) - Storage Container Manager is not running.
2025-03-10 14:59:42,245 [main] INFO  server.StorageContainerManager (StorageContainerManager.java:stopReplicationManager(1736)) - Stopping Replication Manager Service.
2025-03-10 14:59:42,245 [main] INFO  replication.ReplicationManager (ReplicationManager.java:stop(318)) - Replication Monitor Thread is not running.
Deleting path /home/runner/work/ozone/ozone/hadoop-ozone/integration-test/target/test-dir/MiniOzoneClusterImpl-92936399-7d39-4e90-b2ee-bbad22e09632
]]></system-out>
  </testcase>
</testsuite>