<?xml version="1.0" encoding="UTF-8"?>
<testsuite xmlns:xsi="http://www.w3.org/2001/XMLSchema-instance" xsi:noNamespaceSchemaLocation="https://maven.apache.org/surefire/maven-surefire-plugin/xsd/surefire-test-report-3.0.xsd" version="3.0" name="org.apache.hadoop.ozone.TestHddsSecureDatanodeInit" time="33.552" tests="10" errors="1" skipped="1" failures="0">
  <properties>
    <property name="awt.toolkit" value="sun.awt.X11.XToolkit"/>
    <property name="file.encoding.pkg" value="sun.io"/>
    <property name="java.specification.version" value="1.8"/>
    <property name="sun.cpu.isalist" value=""/>
    <property name="sun.jnu.encoding" value="UTF-8"/>
    <property name="java.class.path" value="/home/runner/work/ozone/ozone/hadoop-hdds/container-service/target/test-classes:/home/runner/work/ozone/ozone/hadoop-hdds/container-service/target/classes:/home/runner/work/ozone/ozone/hadoop-hdds/common/target/classes:/home/runner/work/ozone/ozone/hadoop-hdds/hadoop-dependency-client/target/classes:/home/runner/.m2/repository/org/apache/hadoop/hadoop-annotations/3.3.4/hadoop-annotations-3.3.4.jar:/usr/lib/jvm/temurin-8-jdk-amd64/jre/../lib/tools.jar:/home/runner/.m2/repository/org/apache/hadoop/hadoop-common/3.3.4/hadoop-common-3.3.4.jar:/home/runner/.m2/repository/org/apache/hadoop/thirdparty/hadoop-shaded-guava/1.1.1/hadoop-shaded-guava-1.1.1.jar:/home/runner/.m2/repository/org/apache/httpcomponents/httpclient/4.5.13/httpclient-4.5.13.jar:/home/runner/.m2/repository/org/apache/httpcomponents/httpcore/4.4.13/httpcore-4.4.13.jar:/home/runner/.m2/repository/jakarta/activation/jakarta.activation-api/1.2.2/jakarta.activation-api-1.2.2.jar:/home/runner/.m2/repository/com/google/re2j/re2j/1.1/re2j-1.1.jar:/home/runner/.m2/repository/org/apache/hadoop/hadoop-auth/3.3.4/hadoop-auth-3.3.4.jar:/home/runner/.m2/repository/org/apache/kerby/kerb-core/1.0.1/kerb-core-1.0.1.jar:/home/runner/.m2/repository/org/apache/kerby/kerby-pkix/1.0.1/kerby-pkix-1.0.1.jar:/home/runner/.m2/repository/org/apache/kerby/kerby-asn1/1.0.1/kerby-asn1-1.0.1.jar:/home/runner/.m2/repository/org/apache/kerby/kerby-util/1.0.1/kerby-util-1.0.1.jar:/home/runner/.m2/repository/org/codehaus/woodstox/stax2-api/4.2.1/stax2-api-4.2.1.jar:/home/runner/.m2/repository/com/fasterxml/woodstox/woodstox-core/5.4.0/woodstox-core-5.4.0.jar:/home/runner/.m2/repository/org/xerial/snappy/snappy-java/1.1.8.2/snappy-java-1.1.8.2.jar:/home/runner/.m2/repository/org/apache/hadoop/hadoop-hdfs/3.3.4/hadoop-hdfs-3.3.4.jar:/home/runner/.m2/repository/info/picocli/picocli/4.6.1/picocli-4.6.1.jar:/home/runner/.m2/repository/com/google/protobuf/protobuf-java/2.5.0/protobuf-java-2.5.0.jar:/home/runner/.m2/repository/com/google/guava/guava/31.1-jre/guava-31.1-jre.jar:/home/runner/.m2/repository/com/google/guava/failureaccess/1.0.1/failureaccess-1.0.1.jar:/home/runner/.m2/repository/com/google/guava/listenablefuture/9999.0-empty-to-avoid-conflict-with-guava/listenablefuture-9999.0-empty-to-avoid-conflict-with-guava.jar:/home/runner/.m2/repository/org/checkerframework/checker-qual/3.12.0/checker-qual-3.12.0.jar:/home/runner/.m2/repository/com/google/errorprone/error_prone_annotations/2.2.0/error_prone_annotations-2.2.0.jar:/home/runner/.m2/repository/com/google/j2objc/j2objc-annotations/1.3/j2objc-annotations-1.3.jar:/home/runner/.m2/repository/org/apache/commons/commons-lang3/3.7/commons-lang3-3.7.jar:/home/runner/.m2/repository/commons-io/commons-io/2.11.0/commons-io-2.11.0.jar:/home/runner/.m2/repository/com/fasterxml/jackson/core/jackson-annotations/2.13.4/jackson-annotations-2.13.4.jar:/home/runner/.m2/repository/com/fasterxml/jackson/datatype/jackson-datatype-jsr310/2.13.4/jackson-datatype-jsr310-2.13.4.jar:/home/runner/.m2/repository/com/fasterxml/jackson/core/jackson-core/2.13.4/jackson-core-2.13.4.jar:/home/runner/.m2/repository/com/fasterxml/jackson/core/jackson-databind/2.13.4.2/jackson-databind-2.13.4.2.jar:/home/runner/work/ozone/ozone/hadoop-hdds/annotations/target/classes:/home/runner/work/ozone/ozone/hadoop-hdds/config/target/classes:/home/runner/.m2/repository/javax/annotation/javax.annotation-api/1.2/javax.annotation-api-1.2.jar:/home/runner/.m2/repository/org/apache/ratis/ratis-server/2.4.2-8b8bdda-SNAPSHOT/ratis-server-2.4.2-8b8bdda-SNAPSHOT.jar:/home/runner/.m2/repository/org/apache/ratis/ratis-thirdparty-misc/1.0.3/ratis-thirdparty-misc-1.0.3.jar:/home/runner/.m2/repository/org/apache/ratis/ratis-proto/2.4.2-8b8bdda-SNAPSHOT/ratis-proto-2.4.2-8b8bdda-SNAPSHOT.jar:/home/runner/.m2/repository/org/apache/ratis/ratis-common/2.4.2-8b8bdda-SNAPSHOT/ratis-common-2.4.2-8b8bdda-SNAPSHOT.jar:/home/runner/.m2/repository/org/apache/ratis/ratis-client/2.4.2-8b8bdda-SNAPSHOT/ratis-client-2.4.2-8b8bdda-SNAPSHOT.jar:/home/runner/.m2/repository/org/apache/ratis/ratis-server-api/2.4.2-8b8bdda-SNAPSHOT/ratis-server-api-2.4.2-8b8bdda-SNAPSHOT.jar:/home/runner/.m2/repository/org/apache/ratis/ratis-metrics/2.4.2-8b8bdda-SNAPSHOT/ratis-metrics-2.4.2-8b8bdda-SNAPSHOT.jar:/home/runner/.m2/repository/org/apache/ratis/ratis-netty/2.4.2-8b8bdda-SNAPSHOT/ratis-netty-2.4.2-8b8bdda-SNAPSHOT.jar:/home/runner/.m2/repository/org/apache/ratis/ratis-grpc/2.4.2-8b8bdda-SNAPSHOT/ratis-grpc-2.4.2-8b8bdda-SNAPSHOT.jar:/home/runner/.m2/repository/org/apache/logging/log4j/log4j-api/2.17.1/log4j-api-2.17.1.jar:/home/runner/.m2/repository/org/apache/commons/commons-pool2/2.6.0/commons-pool2-2.6.0.jar:/home/runner/.m2/repository/org/bouncycastle/bcpkix-jdk15on/1.67/bcpkix-jdk15on-1.67.jar:/home/runner/.m2/repository/org/bouncycastle/bcprov-jdk15on/1.67/bcprov-jdk15on-1.67.jar:/home/runner/.m2/repository/commons-validator/commons-validator/1.6/commons-validator-1.6.jar:/home/runner/.m2/repository/commons-beanutils/commons-beanutils/1.9.4/commons-beanutils-1.9.4.jar:/home/runner/.m2/repository/commons-digester/commons-digester/1.8.1/commons-digester-1.8.1.jar:/home/runner/.m2/repository/commons-collections/commons-collections/3.2.2/commons-collections-3.2.2.jar:/home/runner/.m2/repository/io/jaegertracing/jaeger-client/1.6.0/jaeger-client-1.6.0.jar:/home/runner/.m2/repository/io/jaegertracing/jaeger-thrift/1.6.0/jaeger-thrift-1.6.0.jar:/home/runner/.m2/repository/org/apache/thrift/libthrift/0.14.1/libthrift-0.14.1.jar:/home/runner/.m2/repository/io/jaegertracing/jaeger-core/1.6.0/jaeger-core-1.6.0.jar:/home/runner/.m2/repository/com/google/code/gson/gson/2.9.0/gson-2.9.0.jar:/home/runner/.m2/repository/io/jaegertracing/jaeger-tracerresolver/1.6.0/jaeger-tracerresolver-1.6.0.jar:/home/runner/.m2/repository/io/opentracing/contrib/opentracing-tracerresolver/0.1.8/opentracing-tracerresolver-0.1.8.jar:/home/runner/.m2/repository/org/jetbrains/kotlin/kotlin-stdlib/1.6.21/kotlin-stdlib-1.6.21.jar:/home/runner/.m2/repository/org/jetbrains/kotlin/kotlin-stdlib-common/1.6.21/kotlin-stdlib-common-1.6.21.jar:/home/runner/.m2/repository/org/jetbrains/annotations/13.0/annotations-13.0.jar:/home/runner/.m2/repository/io/opentracing/opentracing-util/0.33.0/opentracing-util-0.33.0.jar:/home/runner/.m2/repository/io/opentracing/opentracing-api/0.33.0/opentracing-api-0.33.0.jar:/home/runner/.m2/repository/io/opentracing/opentracing-noop/0.33.0/opentracing-noop-0.33.0.jar:/home/runner/.m2/repository/org/reflections/reflections/0.9.11/reflections-0.9.11.jar:/home/runner/.m2/repository/org/javassist/javassist/3.21.0-GA/javassist-3.21.0-GA.jar:/home/runner/work/ozone/ozone/hadoop-hdds/interface-client/target/classes:/home/runner/.m2/repository/org/apache/hadoop/thirdparty/hadoop-shaded-protobuf_3_7/1.1.1/hadoop-shaded-protobuf_3_7-1.1.1.jar:/home/runner/work/ozone/ozone/hadoop-hdds/interface-admin/target/classes:/home/runner/work/ozone/ozone/hadoop-hdds/test-utils/target/classes:/home/runner/.m2/repository/commons-logging/commons-logging/1.2/commons-logging-1.2.jar:/home/runner/.m2/repository/org/junit/jupiter/junit-jupiter-api/5.8.2/junit-jupiter-api-5.8.2.jar:/home/runner/.m2/repository/org/opentest4j/opentest4j/1.2.0/opentest4j-1.2.0.jar:/home/runner/.m2/repository/org/junit/platform/junit-platform-commons/1.8.2/junit-platform-commons-1.8.2.jar:/home/runner/.m2/repository/ch/qos/reload4j/reload4j/1.2.22/reload4j-1.2.22.jar:/home/runner/.m2/repository/org/slf4j/slf4j-api/1.7.36/slf4j-api-1.7.36.jar:/home/runner/.m2/repository/org/apache/commons/commons-compress/1.21/commons-compress-1.21.jar:/home/runner/.m2/repository/com/github/luben/zstd-jni/1.5.2-5/zstd-jni-1.5.2-5.jar:/home/runner/work/ozone/ozone/hadoop-hdds/common/target/test-classes:/home/runner/work/ozone/ozone/hadoop-hdds/framework/target/classes:/home/runner/work/ozone/ozone/hadoop-hdds/interface-server/target/classes:/home/runner/work/ozone/ozone/hadoop-hdds/managed-rocksdb/target/classes:/home/runner/.m2/repository/org/rocksdb/rocksdbjni/7.7.3/rocksdbjni-7.7.3.jar:/home/runner/work/ozone/ozone/hadoop-hdds/hadoop-dependency-server/target/classes:/home/runner/.m2/repository/commons-cli/commons-cli/1.2/commons-cli-1.2.jar:/home/runner/.m2/repository/org/apache/commons/commons-configuration2/2.1.1/commons-configuration2-2.1.1.jar:/home/runner/.m2/repository/org/apache/logging/log4j/log4j-core/2.17.1/log4j-core-2.17.1.jar:/home/runner/.m2/repository/com/lmax/disruptor/3.4.2/disruptor-3.4.2.jar:/home/runner/.m2/repository/org/eclipse/jetty/jetty-util/9.4.49.v20220914/jetty-util-9.4.49.v20220914.jar:/home/runner/.m2/repository/org/eclipse/jetty/jetty-server/9.4.49.v20220914/jetty-server-9.4.49.v20220914.jar:/home/runner/.m2/repository/javax/servlet/javax.servlet-api/3.1.0/javax.servlet-api-3.1.0.jar:/home/runner/.m2/repository/org/eclipse/jetty/jetty-http/9.4.49.v20220914/jetty-http-9.4.49.v20220914.jar:/home/runner/.m2/repository/org/eclipse/jetty/jetty-io/9.4.49.v20220914/jetty-io-9.4.49.v20220914.jar:/home/runner/.m2/repository/org/eclipse/jetty/jetty-servlet/9.4.49.v20220914/jetty-servlet-9.4.49.v20220914.jar:/home/runner/.m2/repository/org/eclipse/jetty/jetty-security/9.4.49.v20220914/jetty-security-9.4.49.v20220914.jar:/home/runner/.m2/repository/org/eclipse/jetty/jetty-util-ajax/9.4.49.v20220914/jetty-util-ajax-9.4.49.v20220914.jar:/home/runner/.m2/repository/org/eclipse/jetty/jetty-webapp/9.4.49.v20220914/jetty-webapp-9.4.49.v20220914.jar:/home/runner/.m2/repository/org/eclipse/jetty/jetty-xml/9.4.49.v20220914/jetty-xml-9.4.49.v20220914.jar:/home/runner/.m2/repository/io/prometheus/simpleclient_dropwizard/0.7.0/simpleclient_dropwizard-0.7.0.jar:/home/runner/.m2/repository/io/prometheus/simpleclient/0.7.0/simpleclient-0.7.0.jar:/home/runner/.m2/repository/io/prometheus/simpleclient_common/0.7.0/simpleclient_common-0.7.0.jar:/home/runner/.m2/repository/org/apache/hadoop/hadoop-hdfs-client/3.3.4/hadoop-hdfs-client-3.3.4.jar:/home/runner/.m2/repository/com/squareup/okhttp3/okhttp/4.9.3/okhttp-4.9.3.jar:/home/runner/.m2/repository/com/squareup/okio/okio/2.8.0/okio-2.8.0.jar:/home/runner/work/ozone/ozone/hadoop-hdds/rocksdb-checkpoint-differ/target/classes:/home/runner/.m2/repository/org/awaitility/awaitility/4.2.0/awaitility-4.2.0.jar:/home/runner/.m2/repository/org/hamcrest/hamcrest/2.1/hamcrest-2.1.jar:/home/runner/work/ozone/ozone/hadoop-hdds/client/target/classes:/home/runner/work/ozone/ozone/hadoop-hdds/erasurecode/target/classes:/home/runner/.m2/repository/commons-codec/commons-codec/1.15/commons-codec-1.15.jar:/home/runner/.m2/repository/io/dropwizard/metrics/metrics-core/3.2.4/metrics-core-3.2.4.jar:/home/runner/.m2/repository/org/mockito/mockito-core/2.28.2/mockito-core-2.28.2.jar:/home/runner/.m2/repository/net/bytebuddy/byte-buddy/1.9.10/byte-buddy-1.9.10.jar:/home/runner/.m2/repository/net/bytebuddy/byte-buddy-agent/1.9.10/byte-buddy-agent-1.9.10.jar:/home/runner/.m2/repository/org/objenesis/objenesis/1.0/objenesis-1.0.jar:/home/runner/.m2/repository/org/yaml/snakeyaml/2.0/snakeyaml-2.0.jar:/home/runner/work/ozone/ozone/hadoop-hdds/docs/target/classes:/home/runner/.m2/repository/com/github/spotbugs/spotbugs-annotations/3.1.12/spotbugs-annotations-3.1.12.jar:/home/runner/.m2/repository/com/google/code/findbugs/jsr305/3.0.0/jsr305-3.0.0.jar:/home/runner/.m2/repository/org/powermock/powermock-module-junit4/2.0.4/powermock-module-junit4-2.0.4.jar:/home/runner/.m2/repository/org/powermock/powermock-module-junit4-common/2.0.4/powermock-module-junit4-common-2.0.4.jar:/home/runner/.m2/repository/org/powermock/powermock-reflect/2.0.4/powermock-reflect-2.0.4.jar:/home/runner/.m2/repository/org/powermock/powermock-core/2.0.4/powermock-core-2.0.4.jar:/home/runner/.m2/repository/org/hamcrest/hamcrest-core/1.3/hamcrest-core-1.3.jar:/home/runner/.m2/repository/org/powermock/powermock-api-mockito2/2.0.4/powermock-api-mockito2-2.0.4.jar:/home/runner/.m2/repository/org/powermock/powermock-api-support/2.0.4/powermock-api-support-2.0.4.jar:/home/runner/work/ozone/ozone/hadoop-hdds/hadoop-dependency-test/target/classes:/home/runner/.m2/repository/org/apache/hadoop/hadoop-common/3.3.4/hadoop-common-3.3.4-tests.jar:/home/runner/.m2/repository/org/apache/hadoop/hadoop-hdfs/3.3.4/hadoop-hdfs-3.3.4-tests.jar:/home/runner/.m2/repository/org/assertj/assertj-core/3.12.2/assertj-core-3.12.2.jar:/home/runner/.m2/repository/org/slf4j/slf4j-reload4j/1.7.36/slf4j-reload4j-1.7.36.jar:/home/runner/.m2/repository/javax/xml/bind/jaxb-api/2.3.0/jaxb-api-2.3.0.jar:/home/runner/.m2/repository/org/glassfish/jaxb/jaxb-runtime/2.3.0.1/jaxb-runtime-2.3.0.1.jar:/home/runner/.m2/repository/org/glassfish/jaxb/jaxb-core/2.3.0.1/jaxb-core-2.3.0.1.jar:/home/runner/.m2/repository/org/glassfish/jaxb/txw2/2.3.0.1/txw2-2.3.0.1.jar:/home/runner/.m2/repository/com/sun/istack/istack-commons-runtime/3.0.5/istack-commons-runtime-3.0.5.jar:/home/runner/.m2/repository/org/jvnet/staxex/stax-ex/1.7.8/stax-ex-1.7.8.jar:/home/runner/.m2/repository/com/sun/xml/fastinfoset/FastInfoset/1.2.13/FastInfoset-1.2.13.jar:/home/runner/.m2/repository/io/netty/netty-transport/4.1.86.Final/netty-transport-4.1.86.Final.jar:/home/runner/.m2/repository/io/netty/netty-common/4.1.86.Final/netty-common-4.1.86.Final.jar:/home/runner/.m2/repository/io/netty/netty-buffer/4.1.86.Final/netty-buffer-4.1.86.Final.jar:/home/runner/.m2/repository/io/netty/netty-resolver/4.1.86.Final/netty-resolver-4.1.86.Final.jar:/home/runner/.m2/repository/io/netty/netty-codec/4.1.86.Final/netty-codec-4.1.86.Final.jar:/home/runner/.m2/repository/io/netty/netty-handler/4.1.86.Final/netty-handler-4.1.86.Final.jar:/home/runner/.m2/repository/io/netty/netty-transport-native-unix-common/4.1.86.Final/netty-transport-native-unix-common-4.1.86.Final.jar:/home/runner/.m2/repository/org/apache/commons/commons-text/1.4/commons-text-1.4.jar:/home/runner/.m2/repository/org/mockito/mockito-junit-jupiter/2.28.2/mockito-junit-jupiter-2.28.2.jar:/home/runner/.m2/repository/org/junit/jupiter/junit-jupiter-params/5.8.2/junit-jupiter-params-5.8.2.jar:/home/runner/.m2/repository/org/apiguardian/apiguardian-api/1.1.2/apiguardian-api-1.1.2.jar:/home/runner/.m2/repository/junit/junit/4.13.1/junit-4.13.1.jar:"/>
    <property name="java.vm.vendor" value="Temurin"/>
    <property name="sun.arch.data.model" value="64"/>
    <property name="test.build.dir" value="/home/runner/work/ozone/ozone/hadoop-hdds/container-service/target/test-dir"/>
    <property name="test.cache.data" value=""/>
    <property name="java.vendor.url" value="https://adoptium.net/"/>
    <property name="user.timezone" value="Etc/UTC"/>
    <property name="java.vm.specification.version" value="1.8"/>
    <property name="os.name" value="Linux"/>
    <property name="test.build.data" value="/home/runner/work/ozone/ozone/hadoop-hdds/container-service/target/test-dir"/>
    <property name="sun.java.launcher" value="SUN_STANDARD"/>
    <property name="sun.boot.library.path" value="/usr/lib/jvm/temurin-8-jdk-amd64/jre/lib/amd64"/>
    <property name="sun.java.command" value="/home/runner/work/ozone/ozone/hadoop-hdds/container-service/target/surefire/surefirebooter7295660320261504168.jar /home/runner/work/ozone/ozone/hadoop-hdds/container-service/target/surefire 2023-03-23T07-52-04_383-jvmRun1 surefire7830391991339061257tmp surefire_2022339066690106801979tmp"/>
    <property name="surefire.test.class.path" value="/home/runner/work/ozone/ozone/hadoop-hdds/container-service/target/test-classes:/home/runner/work/ozone/ozone/hadoop-hdds/container-service/target/classes:/home/runner/work/ozone/ozone/hadoop-hdds/common/target/classes:/home/runner/work/ozone/ozone/hadoop-hdds/hadoop-dependency-client/target/classes:/home/runner/.m2/repository/org/apache/hadoop/hadoop-annotations/3.3.4/hadoop-annotations-3.3.4.jar:/usr/lib/jvm/temurin-8-jdk-amd64/jre/../lib/tools.jar:/home/runner/.m2/repository/org/apache/hadoop/hadoop-common/3.3.4/hadoop-common-3.3.4.jar:/home/runner/.m2/repository/org/apache/hadoop/thirdparty/hadoop-shaded-guava/1.1.1/hadoop-shaded-guava-1.1.1.jar:/home/runner/.m2/repository/org/apache/httpcomponents/httpclient/4.5.13/httpclient-4.5.13.jar:/home/runner/.m2/repository/org/apache/httpcomponents/httpcore/4.4.13/httpcore-4.4.13.jar:/home/runner/.m2/repository/jakarta/activation/jakarta.activation-api/1.2.2/jakarta.activation-api-1.2.2.jar:/home/runner/.m2/repository/com/google/re2j/re2j/1.1/re2j-1.1.jar:/home/runner/.m2/repository/org/apache/hadoop/hadoop-auth/3.3.4/hadoop-auth-3.3.4.jar:/home/runner/.m2/repository/org/apache/kerby/kerb-core/1.0.1/kerb-core-1.0.1.jar:/home/runner/.m2/repository/org/apache/kerby/kerby-pkix/1.0.1/kerby-pkix-1.0.1.jar:/home/runner/.m2/repository/org/apache/kerby/kerby-asn1/1.0.1/kerby-asn1-1.0.1.jar:/home/runner/.m2/repository/org/apache/kerby/kerby-util/1.0.1/kerby-util-1.0.1.jar:/home/runner/.m2/repository/org/codehaus/woodstox/stax2-api/4.2.1/stax2-api-4.2.1.jar:/home/runner/.m2/repository/com/fasterxml/woodstox/woodstox-core/5.4.0/woodstox-core-5.4.0.jar:/home/runner/.m2/repository/org/xerial/snappy/snappy-java/1.1.8.2/snappy-java-1.1.8.2.jar:/home/runner/.m2/repository/org/apache/hadoop/hadoop-hdfs/3.3.4/hadoop-hdfs-3.3.4.jar:/home/runner/.m2/repository/info/picocli/picocli/4.6.1/picocli-4.6.1.jar:/home/runner/.m2/repository/com/google/protobuf/protobuf-java/2.5.0/protobuf-java-2.5.0.jar:/home/runner/.m2/repository/com/google/guava/guava/31.1-jre/guava-31.1-jre.jar:/home/runner/.m2/repository/com/google/guava/failureaccess/1.0.1/failureaccess-1.0.1.jar:/home/runner/.m2/repository/com/google/guava/listenablefuture/9999.0-empty-to-avoid-conflict-with-guava/listenablefuture-9999.0-empty-to-avoid-conflict-with-guava.jar:/home/runner/.m2/repository/org/checkerframework/checker-qual/3.12.0/checker-qual-3.12.0.jar:/home/runner/.m2/repository/com/google/errorprone/error_prone_annotations/2.2.0/error_prone_annotations-2.2.0.jar:/home/runner/.m2/repository/com/google/j2objc/j2objc-annotations/1.3/j2objc-annotations-1.3.jar:/home/runner/.m2/repository/org/apache/commons/commons-lang3/3.7/commons-lang3-3.7.jar:/home/runner/.m2/repository/commons-io/commons-io/2.11.0/commons-io-2.11.0.jar:/home/runner/.m2/repository/com/fasterxml/jackson/core/jackson-annotations/2.13.4/jackson-annotations-2.13.4.jar:/home/runner/.m2/repository/com/fasterxml/jackson/datatype/jackson-datatype-jsr310/2.13.4/jackson-datatype-jsr310-2.13.4.jar:/home/runner/.m2/repository/com/fasterxml/jackson/core/jackson-core/2.13.4/jackson-core-2.13.4.jar:/home/runner/.m2/repository/com/fasterxml/jackson/core/jackson-databind/2.13.4.2/jackson-databind-2.13.4.2.jar:/home/runner/work/ozone/ozone/hadoop-hdds/annotations/target/classes:/home/runner/work/ozone/ozone/hadoop-hdds/config/target/classes:/home/runner/.m2/repository/javax/annotation/javax.annotation-api/1.2/javax.annotation-api-1.2.jar:/home/runner/.m2/repository/org/apache/ratis/ratis-server/2.4.2-8b8bdda-SNAPSHOT/ratis-server-2.4.2-8b8bdda-SNAPSHOT.jar:/home/runner/.m2/repository/org/apache/ratis/ratis-thirdparty-misc/1.0.3/ratis-thirdparty-misc-1.0.3.jar:/home/runner/.m2/repository/org/apache/ratis/ratis-proto/2.4.2-8b8bdda-SNAPSHOT/ratis-proto-2.4.2-8b8bdda-SNAPSHOT.jar:/home/runner/.m2/repository/org/apache/ratis/ratis-common/2.4.2-8b8bdda-SNAPSHOT/ratis-common-2.4.2-8b8bdda-SNAPSHOT.jar:/home/runner/.m2/repository/org/apache/ratis/ratis-client/2.4.2-8b8bdda-SNAPSHOT/ratis-client-2.4.2-8b8bdda-SNAPSHOT.jar:/home/runner/.m2/repository/org/apache/ratis/ratis-server-api/2.4.2-8b8bdda-SNAPSHOT/ratis-server-api-2.4.2-8b8bdda-SNAPSHOT.jar:/home/runner/.m2/repository/org/apache/ratis/ratis-metrics/2.4.2-8b8bdda-SNAPSHOT/ratis-metrics-2.4.2-8b8bdda-SNAPSHOT.jar:/home/runner/.m2/repository/org/apache/ratis/ratis-netty/2.4.2-8b8bdda-SNAPSHOT/ratis-netty-2.4.2-8b8bdda-SNAPSHOT.jar:/home/runner/.m2/repository/org/apache/ratis/ratis-grpc/2.4.2-8b8bdda-SNAPSHOT/ratis-grpc-2.4.2-8b8bdda-SNAPSHOT.jar:/home/runner/.m2/repository/org/apache/logging/log4j/log4j-api/2.17.1/log4j-api-2.17.1.jar:/home/runner/.m2/repository/org/apache/commons/commons-pool2/2.6.0/commons-pool2-2.6.0.jar:/home/runner/.m2/repository/org/bouncycastle/bcpkix-jdk15on/1.67/bcpkix-jdk15on-1.67.jar:/home/runner/.m2/repository/org/bouncycastle/bcprov-jdk15on/1.67/bcprov-jdk15on-1.67.jar:/home/runner/.m2/repository/commons-validator/commons-validator/1.6/commons-validator-1.6.jar:/home/runner/.m2/repository/commons-beanutils/commons-beanutils/1.9.4/commons-beanutils-1.9.4.jar:/home/runner/.m2/repository/commons-digester/commons-digester/1.8.1/commons-digester-1.8.1.jar:/home/runner/.m2/repository/commons-collections/commons-collections/3.2.2/commons-collections-3.2.2.jar:/home/runner/.m2/repository/io/jaegertracing/jaeger-client/1.6.0/jaeger-client-1.6.0.jar:/home/runner/.m2/repository/io/jaegertracing/jaeger-thrift/1.6.0/jaeger-thrift-1.6.0.jar:/home/runner/.m2/repository/org/apache/thrift/libthrift/0.14.1/libthrift-0.14.1.jar:/home/runner/.m2/repository/io/jaegertracing/jaeger-core/1.6.0/jaeger-core-1.6.0.jar:/home/runner/.m2/repository/com/google/code/gson/gson/2.9.0/gson-2.9.0.jar:/home/runner/.m2/repository/io/jaegertracing/jaeger-tracerresolver/1.6.0/jaeger-tracerresolver-1.6.0.jar:/home/runner/.m2/repository/io/opentracing/contrib/opentracing-tracerresolver/0.1.8/opentracing-tracerresolver-0.1.8.jar:/home/runner/.m2/repository/org/jetbrains/kotlin/kotlin-stdlib/1.6.21/kotlin-stdlib-1.6.21.jar:/home/runner/.m2/repository/org/jetbrains/kotlin/kotlin-stdlib-common/1.6.21/kotlin-stdlib-common-1.6.21.jar:/home/runner/.m2/repository/org/jetbrains/annotations/13.0/annotations-13.0.jar:/home/runner/.m2/repository/io/opentracing/opentracing-util/0.33.0/opentracing-util-0.33.0.jar:/home/runner/.m2/repository/io/opentracing/opentracing-api/0.33.0/opentracing-api-0.33.0.jar:/home/runner/.m2/repository/io/opentracing/opentracing-noop/0.33.0/opentracing-noop-0.33.0.jar:/home/runner/.m2/repository/org/reflections/reflections/0.9.11/reflections-0.9.11.jar:/home/runner/.m2/repository/org/javassist/javassist/3.21.0-GA/javassist-3.21.0-GA.jar:/home/runner/work/ozone/ozone/hadoop-hdds/interface-client/target/classes:/home/runner/.m2/repository/org/apache/hadoop/thirdparty/hadoop-shaded-protobuf_3_7/1.1.1/hadoop-shaded-protobuf_3_7-1.1.1.jar:/home/runner/work/ozone/ozone/hadoop-hdds/interface-admin/target/classes:/home/runner/work/ozone/ozone/hadoop-hdds/test-utils/target/classes:/home/runner/.m2/repository/commons-logging/commons-logging/1.2/commons-logging-1.2.jar:/home/runner/.m2/repository/org/junit/jupiter/junit-jupiter-api/5.8.2/junit-jupiter-api-5.8.2.jar:/home/runner/.m2/repository/org/opentest4j/opentest4j/1.2.0/opentest4j-1.2.0.jar:/home/runner/.m2/repository/org/junit/platform/junit-platform-commons/1.8.2/junit-platform-commons-1.8.2.jar:/home/runner/.m2/repository/ch/qos/reload4j/reload4j/1.2.22/reload4j-1.2.22.jar:/home/runner/.m2/repository/org/slf4j/slf4j-api/1.7.36/slf4j-api-1.7.36.jar:/home/runner/.m2/repository/org/apache/commons/commons-compress/1.21/commons-compress-1.21.jar:/home/runner/.m2/repository/com/github/luben/zstd-jni/1.5.2-5/zstd-jni-1.5.2-5.jar:/home/runner/work/ozone/ozone/hadoop-hdds/common/target/test-classes:/home/runner/work/ozone/ozone/hadoop-hdds/framework/target/classes:/home/runner/work/ozone/ozone/hadoop-hdds/interface-server/target/classes:/home/runner/work/ozone/ozone/hadoop-hdds/managed-rocksdb/target/classes:/home/runner/.m2/repository/org/rocksdb/rocksdbjni/7.7.3/rocksdbjni-7.7.3.jar:/home/runner/work/ozone/ozone/hadoop-hdds/hadoop-dependency-server/target/classes:/home/runner/.m2/repository/commons-cli/commons-cli/1.2/commons-cli-1.2.jar:/home/runner/.m2/repository/org/apache/commons/commons-configuration2/2.1.1/commons-configuration2-2.1.1.jar:/home/runner/.m2/repository/org/apache/logging/log4j/log4j-core/2.17.1/log4j-core-2.17.1.jar:/home/runner/.m2/repository/com/lmax/disruptor/3.4.2/disruptor-3.4.2.jar:/home/runner/.m2/repository/org/eclipse/jetty/jetty-util/9.4.49.v20220914/jetty-util-9.4.49.v20220914.jar:/home/runner/.m2/repository/org/eclipse/jetty/jetty-server/9.4.49.v20220914/jetty-server-9.4.49.v20220914.jar:/home/runner/.m2/repository/javax/servlet/javax.servlet-api/3.1.0/javax.servlet-api-3.1.0.jar:/home/runner/.m2/repository/org/eclipse/jetty/jetty-http/9.4.49.v20220914/jetty-http-9.4.49.v20220914.jar:/home/runner/.m2/repository/org/eclipse/jetty/jetty-io/9.4.49.v20220914/jetty-io-9.4.49.v20220914.jar:/home/runner/.m2/repository/org/eclipse/jetty/jetty-servlet/9.4.49.v20220914/jetty-servlet-9.4.49.v20220914.jar:/home/runner/.m2/repository/org/eclipse/jetty/jetty-security/9.4.49.v20220914/jetty-security-9.4.49.v20220914.jar:/home/runner/.m2/repository/org/eclipse/jetty/jetty-util-ajax/9.4.49.v20220914/jetty-util-ajax-9.4.49.v20220914.jar:/home/runner/.m2/repository/org/eclipse/jetty/jetty-webapp/9.4.49.v20220914/jetty-webapp-9.4.49.v20220914.jar:/home/runner/.m2/repository/org/eclipse/jetty/jetty-xml/9.4.49.v20220914/jetty-xml-9.4.49.v20220914.jar:/home/runner/.m2/repository/io/prometheus/simpleclient_dropwizard/0.7.0/simpleclient_dropwizard-0.7.0.jar:/home/runner/.m2/repository/io/prometheus/simpleclient/0.7.0/simpleclient-0.7.0.jar:/home/runner/.m2/repository/io/prometheus/simpleclient_common/0.7.0/simpleclient_common-0.7.0.jar:/home/runner/.m2/repository/org/apache/hadoop/hadoop-hdfs-client/3.3.4/hadoop-hdfs-client-3.3.4.jar:/home/runner/.m2/repository/com/squareup/okhttp3/okhttp/4.9.3/okhttp-4.9.3.jar:/home/runner/.m2/repository/com/squareup/okio/okio/2.8.0/okio-2.8.0.jar:/home/runner/work/ozone/ozone/hadoop-hdds/rocksdb-checkpoint-differ/target/classes:/home/runner/.m2/repository/org/awaitility/awaitility/4.2.0/awaitility-4.2.0.jar:/home/runner/.m2/repository/org/hamcrest/hamcrest/2.1/hamcrest-2.1.jar:/home/runner/work/ozone/ozone/hadoop-hdds/client/target/classes:/home/runner/work/ozone/ozone/hadoop-hdds/erasurecode/target/classes:/home/runner/.m2/repository/commons-codec/commons-codec/1.15/commons-codec-1.15.jar:/home/runner/.m2/repository/io/dropwizard/metrics/metrics-core/3.2.4/metrics-core-3.2.4.jar:/home/runner/.m2/repository/org/mockito/mockito-core/2.28.2/mockito-core-2.28.2.jar:/home/runner/.m2/repository/net/bytebuddy/byte-buddy/1.9.10/byte-buddy-1.9.10.jar:/home/runner/.m2/repository/net/bytebuddy/byte-buddy-agent/1.9.10/byte-buddy-agent-1.9.10.jar:/home/runner/.m2/repository/org/objenesis/objenesis/1.0/objenesis-1.0.jar:/home/runner/.m2/repository/org/yaml/snakeyaml/2.0/snakeyaml-2.0.jar:/home/runner/work/ozone/ozone/hadoop-hdds/docs/target/classes:/home/runner/.m2/repository/com/github/spotbugs/spotbugs-annotations/3.1.12/spotbugs-annotations-3.1.12.jar:/home/runner/.m2/repository/com/google/code/findbugs/jsr305/3.0.0/jsr305-3.0.0.jar:/home/runner/.m2/repository/org/powermock/powermock-module-junit4/2.0.4/powermock-module-junit4-2.0.4.jar:/home/runner/.m2/repository/org/powermock/powermock-module-junit4-common/2.0.4/powermock-module-junit4-common-2.0.4.jar:/home/runner/.m2/repository/org/powermock/powermock-reflect/2.0.4/powermock-reflect-2.0.4.jar:/home/runner/.m2/repository/org/powermock/powermock-core/2.0.4/powermock-core-2.0.4.jar:/home/runner/.m2/repository/org/hamcrest/hamcrest-core/1.3/hamcrest-core-1.3.jar:/home/runner/.m2/repository/org/powermock/powermock-api-mockito2/2.0.4/powermock-api-mockito2-2.0.4.jar:/home/runner/.m2/repository/org/powermock/powermock-api-support/2.0.4/powermock-api-support-2.0.4.jar:/home/runner/work/ozone/ozone/hadoop-hdds/hadoop-dependency-test/target/classes:/home/runner/.m2/repository/org/apache/hadoop/hadoop-common/3.3.4/hadoop-common-3.3.4-tests.jar:/home/runner/.m2/repository/org/apache/hadoop/hadoop-hdfs/3.3.4/hadoop-hdfs-3.3.4-tests.jar:/home/runner/.m2/repository/org/assertj/assertj-core/3.12.2/assertj-core-3.12.2.jar:/home/runner/.m2/repository/org/slf4j/slf4j-reload4j/1.7.36/slf4j-reload4j-1.7.36.jar:/home/runner/.m2/repository/javax/xml/bind/jaxb-api/2.3.0/jaxb-api-2.3.0.jar:/home/runner/.m2/repository/org/glassfish/jaxb/jaxb-runtime/2.3.0.1/jaxb-runtime-2.3.0.1.jar:/home/runner/.m2/repository/org/glassfish/jaxb/jaxb-core/2.3.0.1/jaxb-core-2.3.0.1.jar:/home/runner/.m2/repository/org/glassfish/jaxb/txw2/2.3.0.1/txw2-2.3.0.1.jar:/home/runner/.m2/repository/com/sun/istack/istack-commons-runtime/3.0.5/istack-commons-runtime-3.0.5.jar:/home/runner/.m2/repository/org/jvnet/staxex/stax-ex/1.7.8/stax-ex-1.7.8.jar:/home/runner/.m2/repository/com/sun/xml/fastinfoset/FastInfoset/1.2.13/FastInfoset-1.2.13.jar:/home/runner/.m2/repository/io/netty/netty-transport/4.1.86.Final/netty-transport-4.1.86.Final.jar:/home/runner/.m2/repository/io/netty/netty-common/4.1.86.Final/netty-common-4.1.86.Final.jar:/home/runner/.m2/repository/io/netty/netty-buffer/4.1.86.Final/netty-buffer-4.1.86.Final.jar:/home/runner/.m2/repository/io/netty/netty-resolver/4.1.86.Final/netty-resolver-4.1.86.Final.jar:/home/runner/.m2/repository/io/netty/netty-codec/4.1.86.Final/netty-codec-4.1.86.Final.jar:/home/runner/.m2/repository/io/netty/netty-handler/4.1.86.Final/netty-handler-4.1.86.Final.jar:/home/runner/.m2/repository/io/netty/netty-transport-native-unix-common/4.1.86.Final/netty-transport-native-unix-common-4.1.86.Final.jar:/home/runner/.m2/repository/org/apache/commons/commons-text/1.4/commons-text-1.4.jar:/home/runner/.m2/repository/org/mockito/mockito-junit-jupiter/2.28.2/mockito-junit-jupiter-2.28.2.jar:/home/runner/.m2/repository/org/junit/jupiter/junit-jupiter-params/5.8.2/junit-jupiter-params-5.8.2.jar:/home/runner/.m2/repository/org/apiguardian/apiguardian-api/1.1.2/apiguardian-api-1.1.2.jar:/home/runner/.m2/repository/junit/junit/4.13.1/junit-4.13.1.jar:"/>
    <property name="sun.cpu.endian" value="little"/>
    <property name="user.home" value="/home/runner"/>
    <property name="user.language" value="en"/>
    <property name="java.specification.vendor" value="Oracle Corporation"/>
    <property name="java.home" value="/usr/lib/jvm/temurin-8-jdk-amd64/jre"/>
    <property name="java.security.krb5.conf" value="/home/runner/work/ozone/ozone/hadoop-hdds/container-service/target/test-classes/krb5.conf"/>
    <property name="basedir" value="/home/runner/work/ozone/ozone/hadoop-hdds/container-service"/>
    <property name="file.separator" value="/"/>
    <property name="line.separator" value="&#10;"/>
    <property name="java.vm.specification.vendor" value="Oracle Corporation"/>
    <property name="java.specification.name" value="Java Platform API Specification"/>
    <property name="java.awt.graphicsenv" value="sun.awt.X11GraphicsEnvironment"/>
    <property name="skip.installnpx" value="true"/>
    <property name="surefire.real.class.path" value="/home/runner/work/ozone/ozone/hadoop-hdds/container-service/target/surefire/surefirebooter7295660320261504168.jar:/home/runner/.m2/repository/org/jacoco/org.jacoco.agent/0.8.5/org.jacoco.agent-0.8.5-runtime.jar"/>
    <property name="hadoop.log.dir" value="/home/runner/work/ozone/ozone/hadoop-hdds/container-service/target/log"/>
    <property name="sun.boot.class.path" value="/usr/lib/jvm/temurin-8-jdk-amd64/jre/lib/resources.jar:/usr/lib/jvm/temurin-8-jdk-amd64/jre/lib/rt.jar:/usr/lib/jvm/temurin-8-jdk-amd64/jre/lib/sunrsasign.jar:/usr/lib/jvm/temurin-8-jdk-amd64/jre/lib/jsse.jar:/usr/lib/jvm/temurin-8-jdk-amd64/jre/lib/jce.jar:/usr/lib/jvm/temurin-8-jdk-amd64/jre/lib/charsets.jar:/usr/lib/jvm/temurin-8-jdk-amd64/jre/lib/jfr.jar:/usr/lib/jvm/temurin-8-jdk-amd64/jre/classes"/>
    <property name="sun.management.compiler" value="HotSpot 64-Bit Tiered Compilers"/>
    <property name="skip.npx" value="true"/>
    <property name="java.runtime.version" value="1.8.0_362-b09"/>
    <property name="java.net.preferIPv4Stack" value="true"/>
    <property name="user.name" value="runner"/>
    <property name="path.separator" value=":"/>
    <property name="java.security.egd" value="file:///dev/urandom"/>
    <property name="os.version" value="5.15.0-1034-azure"/>
    <property name="java.endorsed.dirs" value="/usr/lib/jvm/temurin-8-jdk-amd64/jre/lib/endorsed"/>
    <property name="java.runtime.name" value="OpenJDK Runtime Environment"/>
    <property name="file.encoding" value="UTF-8"/>
    <property name="java.vm.name" value="OpenJDK 64-Bit Server VM"/>
    <property name="test.build.webapps" value=""/>
    <property name="localRepository" value="/home/runner/.m2/repository"/>
    <property name="java.vendor.url.bug" value="https://github.com/adoptium/adoptium-support/issues"/>
    <property name="java.io.tmpdir" value="/tmp"/>
    <property name="require.test.libhadoop" value=""/>
    <property name="java.version" value="1.8.0_362"/>
    <property name="user.dir" value="/home/runner/work/ozone/ozone/hadoop-hdds/container-service"/>
    <property name="os.arch" value="amd64"/>
    <property name="java.vm.specification.name" value="Java Virtual Machine Specification"/>
    <property name="test.build.classes" value="/home/runner/work/ozone/ozone/hadoop-hdds/container-service/target/test-classes"/>
    <property name="java.awt.printerjob" value="sun.print.PSPrinterJob"/>
    <property name="sun.os.patch.level" value="unknown"/>
    <property name="hadoop.tmp.dir" value="/home/runner/work/ozone/ozone/hadoop-hdds/container-service/target/tmp"/>
    <property name="java.library.path" value="/usr/java/packages/lib/amd64:/usr/lib64:/lib64:/lib:/usr/lib"/>
    <property name="java.vm.info" value="mixed mode"/>
    <property name="java.vendor" value="Temurin"/>
    <property name="java.vm.version" value="25.362-b09"/>
    <property name="java.specification.maintenance.version" value="4"/>
    <property name="java.ext.dirs" value="/usr/lib/jvm/temurin-8-jdk-amd64/jre/lib/ext:/usr/java/packages/lib/ext"/>
    <property name="sun.io.unicode.encoding" value="UnicodeLittle"/>
    <property name="java.class.version" value="52.0"/>
  </properties>
  <testcase name="testSecureDnStartupCase0" classname="org.apache.hadoop.ozone.TestHddsSecureDatanodeInit" time="0.207">
    <system-out><![CDATA[2023-03-23 08:08:38,901 [main] INFO  metrics.MetricRegistries (MetricRegistriesLoader.java:load(64)) - Loaded MetricRegistries class org.apache.ratis.metrics.impl.MetricRegistriesImpl
2023-03-23 08:08:38,963 [main] WARN  impl.MetricsConfig (MetricsConfig.java:loadFirst(136)) - Cannot locate configuration: tried hadoop-metrics2-hddsdatanode.properties,hadoop-metrics2.properties
2023-03-23 08:08:39,117 [main] INFO  impl.MetricsSystemImpl (MetricsSystemImpl.java:startTimer(378)) - Scheduled Metric snapshot period at 10 second(s).
2023-03-23 08:08:39,118 [main] INFO  impl.MetricsSystemImpl (MetricsSystemImpl.java:start(191)) - HddsDatanode metrics system started
2023-03-23 08:08:39,204 [main] INFO  ozone.HddsDatanodeService (HddsDatanodeService.java:start(249)) - HddsDatanodeService host:fv-az453-645.hss2zji4abbufegd5wcf2so25h.dx.internal.cloudapp.net ip:10.1.0.31
2023-03-23 08:08:39,244 [main] INFO  ozone.HddsDatanodeService (HddsDatanodeService.java:initializeCertificateClient(354)) - Initializing secure Datanode.
2023-03-23 08:08:39,245 [main] ERROR client.DNCertificateClient (DefaultCertificateClient.java:getCertPath(308)) - Default certificate serial id is not set. Can't locate the default certificate for this client.
2023-03-23 08:08:39,246 [main] INFO  client.DNCertificateClient (DefaultCertificateClient.java:init(644)) - Certificate client init case: 0
2023-03-23 08:08:39,249 [main] INFO  client.DNCertificateClient (DefaultCertificateClient.java:handleCase(662)) - Creating keypair for client as keypair and certificate not found.
2023-03-23 08:08:39,673 [main] INFO  ozone.HddsDatanodeService (HddsDatanodeService.java:initializeCertificateClient(363)) - Init response: GETCERT
2023-03-23 08:08:39,683 [main] INFO  ozone.OzoneSecurityUtil (OzoneSecurityUtil.java:getValidInetsForCurrentHost(119)) - ip:fe80:0:0:0:20d:3aff:fe34:af96%eth0 not returned.
2023-03-23 08:08:39,683 [main] INFO  ozone.OzoneSecurityUtil (OzoneSecurityUtil.java:getValidInetsForCurrentHost(116)) - Adding ip:10.1.0.31,host:fv-az453-645.hss2zji4abbufegd5wcf2so25h.dx.internal.cloudapp.net
2023-03-23 08:08:39,683 [main] INFO  ozone.OzoneSecurityUtil (OzoneSecurityUtil.java:getValidInetsForCurrentHost(119)) - ip:0:0:0:0:0:0:0:1%lo not returned.
2023-03-23 08:08:39,683 [main] INFO  ozone.OzoneSecurityUtil (OzoneSecurityUtil.java:getValidInetsForCurrentHost(119)) - ip:127.0.0.1 not returned.
2023-03-23 08:08:39,700 [main] WARN  util.NativeCodeLoader (NativeCodeLoader.java:<clinit>(60)) - Unable to load native-hadoop library for your platform... using builtin-java classes where applicable
2023-03-23 08:08:39,723 [main] INFO  client.DNCertificateClient (DNCertificateClient.java:getCSRBuilder(86)) - Created csr for DN-> subject:runner@fv-az453-645.hss2zji4abbufegd5wcf2so25h.dx.internal.cloudapp.net
2023-03-23 08:08:39,875 [main] INFO  utils.SelfSignedCertificate (SelfSignedCertificate.java:generateCertificate(153)) - Certificate 1085905 is issued by CN=localhost,OU=test,O=cluster to CN=localhost,OU=test,O=cluster, valid from Thu Mar 23 08:08:39 UTC 2023 to Thu Mar 23 08:08:54 UTC 2023
2023-03-23 08:08:39,929 [main] INFO  ozone.HddsDatanodeService (HddsDatanodeService.java:initializeCertificateClient(354)) - Initializing secure Datanode.
2023-03-23 08:08:39,930 [main] INFO  client.DNCertificateClient (DefaultCertificateClient.java:init(644)) - Certificate client init case: 0
2023-03-23 08:08:39,931 [main] INFO  client.DNCertificateClient (DefaultCertificateClient.java:handleCase(662)) - Creating keypair for client as keypair and certificate not found.
2023-03-23 08:08:40,079 [main] INFO  ozone.HddsDatanodeService (HddsDatanodeService.java:initializeCertificateClient(363)) - Init response: GETCERT
2023-03-23 08:08:40,080 [main] INFO  ozone.OzoneSecurityUtil (OzoneSecurityUtil.java:getValidInetsForCurrentHost(119)) - ip:fe80:0:0:0:20d:3aff:fe34:af96%eth0 not returned.
2023-03-23 08:08:40,080 [main] INFO  ozone.OzoneSecurityUtil (OzoneSecurityUtil.java:getValidInetsForCurrentHost(116)) - Adding ip:10.1.0.31,host:fv-az453-645.hss2zji4abbufegd5wcf2so25h.dx.internal.cloudapp.net
2023-03-23 08:08:40,080 [main] INFO  ozone.OzoneSecurityUtil (OzoneSecurityUtil.java:getValidInetsForCurrentHost(119)) - ip:0:0:0:0:0:0:0:1%lo not returned.
2023-03-23 08:08:40,081 [main] INFO  ozone.OzoneSecurityUtil (OzoneSecurityUtil.java:getValidInetsForCurrentHost(119)) - ip:127.0.0.1 not returned.
2023-03-23 08:08:40,081 [main] INFO  client.DNCertificateClient (DNCertificateClient.java:getCSRBuilder(86)) - Created csr for DN-> subject:runner@fv-az453-645.hss2zji4abbufegd5wcf2so25h.dx.internal.cloudapp.net
]]></system-out>
  </testcase>
  <testcase name="testSecureDnStartupCase1" classname="org.apache.hadoop.ozone.TestHddsSecureDatanodeInit" time="0.045">
    <system-out><![CDATA[2023-03-23 08:08:40,132 [main] INFO  ozone.HddsDatanodeService (HddsDatanodeService.java:initializeCertificateClient(354)) - Initializing secure Datanode.
2023-03-23 08:08:40,134 [main] INFO  client.DNCertificateClient (DefaultCertificateClient.java:loadAllCertificates(163)) - Loading certificate from location:/home/runner/work/ozone/ozone/hadoop-hdds/container-service/target/test-dir/Mjq8nZOG0m/dn/certs.
2023-03-23 08:08:40,158 [main] INFO  client.DNCertificateClient (DefaultCertificateClient.java:loadAllCertificates(207)) - Added certificate   [0]         Version: 3
         SerialNumber: 1085905
             IssuerDN: CN=localhost,OU=test,O=cluster
           Start Date: Thu Mar 23 08:08:39 UTC 2023
           Final Date: Thu Mar 23 08:08:54 UTC 2023
            SubjectDN: CN=localhost,OU=test,O=cluster
           Public Key: RSA Public Key [2b:95:36:2c:42:91:24:51:81:34:ad:ea:a8:be:65:c0:8d:6c:fa:0e],[56:66:d1:a4]
        modulus: cbbabda7d0128af53a81be06b6ce2238ab3d41c24670fae54719ed958348e35e5aaf61f8b4f6541e49cb0fc40745399e9c4dc2475b582ca27e4def024380fcb7eeabbf874d38011dcb7f310944ec7b86327632672e0ac56c58dfa09620ed8413d3e5ca81a43db63bbd6a60692779e8f2ed692d6d0245376f0c41e3e23044106d49f6343bccee4567af64506d40fc715ab362ccfd0acc957007b2082e9044a57e645fdce7de84fbad585e270d5b33824964474c2b71768b090650a60dc2cd8385aaed329e39a811def4c5499b9eab3aa15f18f564d1608166d58e2e565bd2f52e3c67fca7868c7a4e5f63ab8e55fba5e2cf887a1aa274f5a73741c6f4746c6729
public exponent: 10001

  Signature Algorithm: SHA256WITHRSA
            Signature: 07db5ad636b045602ec627408fa54983a02c97a2
                       8a8bb0fee79819787e913bda3c605662270724d2
                       dec7ff084497bdc30137318a2c5e2a6bc2030d22
                       c6bbfd9a24403e66a101f68156769b21836b1c0e
                       30554ed9eaed90b6e43e54206737f21f81f41e9a
                       ebc8ca4808dff1e949c2b04df6f6426b48ae56b5
                       ca6ad2df71121cb856742138995a7af6df3c6dff
                       8b77f51f4c414cdd653d151005009afc18344e9e
                       8f064bb981729a55e1c41ac58fa6061cb532fb51
                       5600018cc67b502cda0cbb08175ad9cbd90499a1
                       9ed691f0dba3a7f001ece64df481a64b848dba6d
                       bf484ae15866bd974dc6d6e38d39b663f2d8b6ec
                       84ae300ff28e97e0e44a75e8cbc67393
 from file:/home/runner/work/ozone/ozone/hadoop-hdds/container-service/target/test-dir/Mjq8nZOG0m/dn/certs/certificate.crt.
2023-03-23 08:08:40,162 [main] INFO  client.DNCertificateClient (DefaultCertificateClient.java:startCertificateMonitor(1201)) - CertificateLifetimeMonitor for dn is started with first delay 8841 ms and interval 1666 ms.
2023-03-23 08:08:40,163 [main] INFO  client.DNCertificateClient (DefaultCertificateClient.java:init(644)) - Certificate client init case: 1
2023-03-23 08:08:40,163 [main] ERROR client.DNCertificateClient (DefaultCertificateClient.java:handleCase(667)) - Private key not found, while certificate is still present. Delete keypair and try again.
2023-03-23 08:08:40,163 [main] INFO  ozone.HddsDatanodeService (HddsDatanodeService.java:initializeCertificateClient(363)) - Init response: FAILURE
2023-03-23 08:08:40,163 [main] ERROR ozone.HddsDatanodeService (HddsDatanodeService.java:initializeCertificateClient(379)) - DN security initialization failed, case:FAILURE.
]]></system-out>
  </testcase>
  <testcase name="testSecureDnStartupCase2" classname="org.apache.hadoop.ozone.TestHddsSecureDatanodeInit" time="0.008">
    <system-out><![CDATA[2023-03-23 08:08:40,171 [main] INFO  client.DNCertificateClient (DefaultCertificateClient.java:loadAllCertificates(163)) - Loading certificate from location:/home/runner/work/ozone/ozone/hadoop-hdds/container-service/target/test-dir/Mjq8nZOG0m/dn/certs.
2023-03-23 08:08:40,171 [main] WARN  client.DNCertificateClient (DefaultCertificateClient.java:loadAllCertificates(231)) - CertificateLifetimeMonitor is not started this time because certificate is empty.
2023-03-23 08:08:40,172 [main] INFO  ozone.HddsDatanodeService (HddsDatanodeService.java:initializeCertificateClient(354)) - Initializing secure Datanode.
2023-03-23 08:08:40,174 [main] INFO  client.DNCertificateClient (DefaultCertificateClient.java:loadAllCertificates(163)) - Loading certificate from location:/home/runner/work/ozone/ozone/hadoop-hdds/container-service/target/test-dir/Mjq8nZOG0m/dn/certs.
2023-03-23 08:08:40,174 [main] WARN  client.DNCertificateClient (DefaultCertificateClient.java:loadAllCertificates(231)) - CertificateLifetimeMonitor is not started this time because certificate is empty.
2023-03-23 08:08:40,174 [main] INFO  client.DNCertificateClient (DefaultCertificateClient.java:init(644)) - Certificate client init case: 2
2023-03-23 08:08:40,174 [main] ERROR client.DNCertificateClient (DefaultCertificateClient.java:handleCase(671)) - Found public key but private key and certificate missing.
2023-03-23 08:08:40,175 [main] INFO  ozone.HddsDatanodeService (HddsDatanodeService.java:initializeCertificateClient(363)) - Init response: FAILURE
2023-03-23 08:08:40,175 [main] ERROR ozone.HddsDatanodeService (HddsDatanodeService.java:initializeCertificateClient(379)) - DN security initialization failed, case:FAILURE.
2023-03-23 08:08:40,175 [main] INFO  client.DNCertificateClient (DefaultCertificateClient.java:loadAllCertificates(163)) - Loading certificate from location:/home/runner/work/ozone/ozone/hadoop-hdds/container-service/target/test-dir/Mjq8nZOG0m/dn/certs.
2023-03-23 08:08:40,175 [main] WARN  client.DNCertificateClient (DefaultCertificateClient.java:loadAllCertificates(231)) - CertificateLifetimeMonitor is not started this time because certificate is empty.
]]></system-out>
  </testcase>
  <testcase name="testSecureDnStartupCase3" classname="org.apache.hadoop.ozone.TestHddsSecureDatanodeInit" time="0.014">
    <system-out><![CDATA[2023-03-23 08:08:40,179 [main] INFO  client.DNCertificateClient (DefaultCertificateClient.java:loadAllCertificates(163)) - Loading certificate from location:/home/runner/work/ozone/ozone/hadoop-hdds/container-service/target/test-dir/Mjq8nZOG0m/dn/certs.
2023-03-23 08:08:40,179 [main] WARN  client.DNCertificateClient (DefaultCertificateClient.java:loadAllCertificates(231)) - CertificateLifetimeMonitor is not started this time because certificate is empty.
2023-03-23 08:08:40,181 [main] INFO  ozone.HddsDatanodeService (HddsDatanodeService.java:initializeCertificateClient(354)) - Initializing secure Datanode.
2023-03-23 08:08:40,181 [main] INFO  client.DNCertificateClient (DefaultCertificateClient.java:loadAllCertificates(163)) - Loading certificate from location:/home/runner/work/ozone/ozone/hadoop-hdds/container-service/target/test-dir/Mjq8nZOG0m/dn/certs.
2023-03-23 08:08:40,186 [main] INFO  client.DNCertificateClient (DefaultCertificateClient.java:loadAllCertificates(207)) - Added certificate   [0]         Version: 3
         SerialNumber: 1085905
             IssuerDN: CN=localhost,OU=test,O=cluster
           Start Date: Thu Mar 23 08:08:39 UTC 2023
           Final Date: Thu Mar 23 08:08:54 UTC 2023
            SubjectDN: CN=localhost,OU=test,O=cluster
           Public Key: RSA Public Key [2b:95:36:2c:42:91:24:51:81:34:ad:ea:a8:be:65:c0:8d:6c:fa:0e],[56:66:d1:a4]
        modulus: cbbabda7d0128af53a81be06b6ce2238ab3d41c24670fae54719ed958348e35e5aaf61f8b4f6541e49cb0fc40745399e9c4dc2475b582ca27e4def024380fcb7eeabbf874d38011dcb7f310944ec7b86327632672e0ac56c58dfa09620ed8413d3e5ca81a43db63bbd6a60692779e8f2ed692d6d0245376f0c41e3e23044106d49f6343bccee4567af64506d40fc715ab362ccfd0acc957007b2082e9044a57e645fdce7de84fbad585e270d5b33824964474c2b71768b090650a60dc2cd8385aaed329e39a811def4c5499b9eab3aa15f18f564d1608166d58e2e565bd2f52e3c67fca7868c7a4e5f63ab8e55fba5e2cf887a1aa274f5a73741c6f4746c6729
public exponent: 10001

  Signature Algorithm: SHA256WITHRSA
            Signature: 07db5ad636b045602ec627408fa54983a02c97a2
                       8a8bb0fee79819787e913bda3c605662270724d2
                       dec7ff084497bdc30137318a2c5e2a6bc2030d22
                       c6bbfd9a24403e66a101f68156769b21836b1c0e
                       30554ed9eaed90b6e43e54206737f21f81f41e9a
                       ebc8ca4808dff1e949c2b04df6f6426b48ae56b5
                       ca6ad2df71121cb856742138995a7af6df3c6dff
                       8b77f51f4c414cdd653d151005009afc18344e9e
                       8f064bb981729a55e1c41ac58fa6061cb532fb51
                       5600018cc67b502cda0cbb08175ad9cbd90499a1
                       9ed691f0dba3a7f001ece64df481a64b848dba6d
                       bf484ae15866bd974dc6d6e38d39b663f2d8b6ec
                       84ae300ff28e97e0e44a75e8cbc67393
 from file:/home/runner/work/ozone/ozone/hadoop-hdds/container-service/target/test-dir/Mjq8nZOG0m/dn/certs/certificate.crt.
2023-03-23 08:08:40,191 [main] INFO  client.DNCertificateClient (DefaultCertificateClient.java:startCertificateMonitor(1201)) - CertificateLifetimeMonitor for dn is started with first delay 8813 ms and interval 1666 ms.
2023-03-23 08:08:40,191 [main] INFO  client.DNCertificateClient (DefaultCertificateClient.java:init(644)) - Certificate client init case: 3
2023-03-23 08:08:40,191 [main] ERROR client.DNCertificateClient (DefaultCertificateClient.java:handleCase(681)) - Found public key and certificate but private key is missing.
2023-03-23 08:08:40,191 [main] INFO  ozone.HddsDatanodeService (HddsDatanodeService.java:initializeCertificateClient(363)) - Init response: FAILURE
2023-03-23 08:08:40,192 [main] ERROR ozone.HddsDatanodeService (HddsDatanodeService.java:initializeCertificateClient(379)) - DN security initialization failed, case:FAILURE.
]]></system-out>
  </testcase>
  <testcase name="testSecureDnStartupCase4" classname="org.apache.hadoop.ozone.TestHddsSecureDatanodeInit" time="0.007">
    <system-out><![CDATA[2023-03-23 08:08:40,197 [main] INFO  client.DNCertificateClient (DefaultCertificateClient.java:loadAllCertificates(163)) - Loading certificate from location:/home/runner/work/ozone/ozone/hadoop-hdds/container-service/target/test-dir/Mjq8nZOG0m/dn/certs.
2023-03-23 08:08:40,197 [main] WARN  client.DNCertificateClient (DefaultCertificateClient.java:loadAllCertificates(231)) - CertificateLifetimeMonitor is not started this time because certificate is empty.
2023-03-23 08:08:40,198 [main] INFO  ozone.HddsDatanodeService (HddsDatanodeService.java:initializeCertificateClient(354)) - Initializing secure Datanode.
2023-03-23 08:08:40,199 [main] INFO  client.DNCertificateClient (DefaultCertificateClient.java:loadAllCertificates(163)) - Loading certificate from location:/home/runner/work/ozone/ozone/hadoop-hdds/container-service/target/test-dir/Mjq8nZOG0m/dn/certs.
2023-03-23 08:08:40,199 [main] WARN  client.DNCertificateClient (DefaultCertificateClient.java:loadAllCertificates(231)) - CertificateLifetimeMonitor is not started this time because certificate is empty.
2023-03-23 08:08:40,199 [main] INFO  client.DNCertificateClient (DefaultCertificateClient.java:init(644)) - Certificate client init case: 4
2023-03-23 08:08:40,200 [main] INFO  client.DNCertificateClient (DefaultCertificateClient.java:handleCase(675)) - Found private key but public key and certificate is missing.
2023-03-23 08:08:40,200 [main] INFO  ozone.HddsDatanodeService (HddsDatanodeService.java:initializeCertificateClient(363)) - Init response: FAILURE
2023-03-23 08:08:40,200 [main] ERROR ozone.HddsDatanodeService (HddsDatanodeService.java:initializeCertificateClient(379)) - DN security initialization failed, case:FAILURE.
2023-03-23 08:08:40,200 [main] INFO  client.DNCertificateClient (DefaultCertificateClient.java:loadAllCertificates(163)) - Loading certificate from location:/home/runner/work/ozone/ozone/hadoop-hdds/container-service/target/test-dir/Mjq8nZOG0m/dn/certs.
2023-03-23 08:08:40,200 [main] WARN  client.DNCertificateClient (DefaultCertificateClient.java:loadAllCertificates(231)) - CertificateLifetimeMonitor is not started this time because certificate is empty.
]]></system-out>
  </testcase>
  <testcase name="testSecureDnStartupCase5" classname="org.apache.hadoop.ozone.TestHddsSecureDatanodeInit" time="0.028">
    <system-out><![CDATA[2023-03-23 08:08:40,207 [main] INFO  client.DNCertificateClient (DefaultCertificateClient.java:loadAllCertificates(163)) - Loading certificate from location:/home/runner/work/ozone/ozone/hadoop-hdds/container-service/target/test-dir/Mjq8nZOG0m/dn/certs.
2023-03-23 08:08:40,207 [main] WARN  client.DNCertificateClient (DefaultCertificateClient.java:loadAllCertificates(231)) - CertificateLifetimeMonitor is not started this time because certificate is empty.
2023-03-23 08:08:40,209 [main] INFO  ozone.HddsDatanodeService (HddsDatanodeService.java:initializeCertificateClient(354)) - Initializing secure Datanode.
2023-03-23 08:08:40,209 [main] INFO  client.DNCertificateClient (DefaultCertificateClient.java:loadAllCertificates(163)) - Loading certificate from location:/home/runner/work/ozone/ozone/hadoop-hdds/container-service/target/test-dir/Mjq8nZOG0m/dn/certs.
2023-03-23 08:08:40,211 [main] INFO  client.DNCertificateClient (DefaultCertificateClient.java:loadAllCertificates(207)) - Added certificate   [0]         Version: 3
         SerialNumber: 1085905
             IssuerDN: CN=localhost,OU=test,O=cluster
           Start Date: Thu Mar 23 08:08:39 UTC 2023
           Final Date: Thu Mar 23 08:08:54 UTC 2023
            SubjectDN: CN=localhost,OU=test,O=cluster
           Public Key: RSA Public Key [2b:95:36:2c:42:91:24:51:81:34:ad:ea:a8:be:65:c0:8d:6c:fa:0e],[56:66:d1:a4]
        modulus: cbbabda7d0128af53a81be06b6ce2238ab3d41c24670fae54719ed958348e35e5aaf61f8b4f6541e49cb0fc40745399e9c4dc2475b582ca27e4def024380fcb7eeabbf874d38011dcb7f310944ec7b86327632672e0ac56c58dfa09620ed8413d3e5ca81a43db63bbd6a60692779e8f2ed692d6d0245376f0c41e3e23044106d49f6343bccee4567af64506d40fc715ab362ccfd0acc957007b2082e9044a57e645fdce7de84fbad585e270d5b33824964474c2b71768b090650a60dc2cd8385aaed329e39a811def4c5499b9eab3aa15f18f564d1608166d58e2e565bd2f52e3c67fca7868c7a4e5f63ab8e55fba5e2cf887a1aa274f5a73741c6f4746c6729
public exponent: 10001

  Signature Algorithm: SHA256WITHRSA
            Signature: 07db5ad636b045602ec627408fa54983a02c97a2
                       8a8bb0fee79819787e913bda3c605662270724d2
                       dec7ff084497bdc30137318a2c5e2a6bc2030d22
                       c6bbfd9a24403e66a101f68156769b21836b1c0e
                       30554ed9eaed90b6e43e54206737f21f81f41e9a
                       ebc8ca4808dff1e949c2b04df6f6426b48ae56b5
                       ca6ad2df71121cb856742138995a7af6df3c6dff
                       8b77f51f4c414cdd653d151005009afc18344e9e
                       8f064bb981729a55e1c41ac58fa6061cb532fb51
                       5600018cc67b502cda0cbb08175ad9cbd90499a1
                       9ed691f0dba3a7f001ece64df481a64b848dba6d
                       bf484ae15866bd974dc6d6e38d39b663f2d8b6ec
                       84ae300ff28e97e0e44a75e8cbc67393
 from file:/home/runner/work/ozone/ozone/hadoop-hdds/container-service/target/test-dir/Mjq8nZOG0m/dn/certs/certificate.crt.
2023-03-23 08:08:40,214 [main] INFO  client.DNCertificateClient (DefaultCertificateClient.java:startCertificateMonitor(1201)) - CertificateLifetimeMonitor for dn is started with first delay 8788 ms and interval 1666 ms.
2023-03-23 08:08:40,216 [main] INFO  client.DNCertificateClient (DefaultCertificateClient.java:init(644)) - Certificate client init case: 5
2023-03-23 08:08:40,216 [main] INFO  client.DNCertificateClient (DefaultCertificateClient.java:handleCase(685)) - Found private key and certificate but public key missing.
2023-03-23 08:08:40,229 [main] INFO  ozone.HddsDatanodeService (HddsDatanodeService.java:initializeCertificateClient(363)) - Init response: SUCCESS
2023-03-23 08:08:40,230 [main] INFO  ozone.HddsDatanodeService (HddsDatanodeService.java:initializeCertificateClient(366)) - Initialization successful, case:SUCCESS.
]]></system-out>
  </testcase>
  <testcase name="testSecureDnStartupCase6" classname="org.apache.hadoop.ozone.TestHddsSecureDatanodeInit" time="0.031">
    <system-out><![CDATA[2023-03-23 08:08:40,238 [main] INFO  client.DNCertificateClient (DefaultCertificateClient.java:loadAllCertificates(163)) - Loading certificate from location:/home/runner/work/ozone/ozone/hadoop-hdds/container-service/target/test-dir/Mjq8nZOG0m/dn/certs.
2023-03-23 08:08:40,238 [main] WARN  client.DNCertificateClient (DefaultCertificateClient.java:loadAllCertificates(231)) - CertificateLifetimeMonitor is not started this time because certificate is empty.
2023-03-23 08:08:40,241 [main] INFO  ozone.HddsDatanodeService (HddsDatanodeService.java:initializeCertificateClient(354)) - Initializing secure Datanode.
2023-03-23 08:08:40,242 [main] INFO  client.DNCertificateClient (DefaultCertificateClient.java:loadAllCertificates(163)) - Loading certificate from location:/home/runner/work/ozone/ozone/hadoop-hdds/container-service/target/test-dir/Mjq8nZOG0m/dn/certs.
2023-03-23 08:08:40,242 [main] WARN  client.DNCertificateClient (DefaultCertificateClient.java:loadAllCertificates(231)) - CertificateLifetimeMonitor is not started this time because certificate is empty.
2023-03-23 08:08:40,243 [main] INFO  client.DNCertificateClient (DefaultCertificateClient.java:init(644)) - Certificate client init case: 6
2023-03-23 08:08:40,243 [main] INFO  client.DNCertificateClient (DefaultCertificateClient.java:handleCase(694)) - Found private and public key but certificate is missing.
2023-03-23 08:08:40,250 [main] INFO  ozone.HddsDatanodeService (HddsDatanodeService.java:initializeCertificateClient(363)) - Init response: GETCERT
2023-03-23 08:08:40,252 [main] INFO  ozone.OzoneSecurityUtil (OzoneSecurityUtil.java:getValidInetsForCurrentHost(119)) - ip:fe80:0:0:0:20d:3aff:fe34:af96%eth0 not returned.
2023-03-23 08:08:40,252 [main] INFO  ozone.OzoneSecurityUtil (OzoneSecurityUtil.java:getValidInetsForCurrentHost(116)) - Adding ip:10.1.0.31,host:fv-az453-645.hss2zji4abbufegd5wcf2so25h.dx.internal.cloudapp.net
2023-03-23 08:08:40,252 [main] INFO  ozone.OzoneSecurityUtil (OzoneSecurityUtil.java:getValidInetsForCurrentHost(119)) - ip:0:0:0:0:0:0:0:1%lo not returned.
2023-03-23 08:08:40,253 [main] INFO  ozone.OzoneSecurityUtil (OzoneSecurityUtil.java:getValidInetsForCurrentHost(119)) - ip:127.0.0.1 not returned.
2023-03-23 08:08:40,257 [main] INFO  client.DNCertificateClient (DNCertificateClient.java:getCSRBuilder(86)) - Created csr for DN-> subject:runner@fv-az453-645.hss2zji4abbufegd5wcf2so25h.dx.internal.cloudapp.net
2023-03-23 08:08:40,261 [main] INFO  client.DNCertificateClient (DefaultCertificateClient.java:loadAllCertificates(163)) - Loading certificate from location:/home/runner/work/ozone/ozone/hadoop-hdds/container-service/target/test-dir/Mjq8nZOG0m/dn/certs.
2023-03-23 08:08:40,262 [main] WARN  client.DNCertificateClient (DefaultCertificateClient.java:loadAllCertificates(231)) - CertificateLifetimeMonitor is not started this time because certificate is empty.
]]></system-out>
  </testcase>
  <testcase name="testSecureDnStartupCase7" classname="org.apache.hadoop.ozone.TestHddsSecureDatanodeInit" time="0.036">
    <system-out><![CDATA[2023-03-23 08:08:40,268 [main] INFO  client.DNCertificateClient (DefaultCertificateClient.java:loadAllCertificates(163)) - Loading certificate from location:/home/runner/work/ozone/ozone/hadoop-hdds/container-service/target/test-dir/Mjq8nZOG0m/dn/certs.
2023-03-23 08:08:40,269 [main] WARN  client.DNCertificateClient (DefaultCertificateClient.java:loadAllCertificates(231)) - CertificateLifetimeMonitor is not started this time because certificate is empty.
2023-03-23 08:08:40,275 [main] INFO  ozone.HddsDatanodeService (HddsDatanodeService.java:initializeCertificateClient(354)) - Initializing secure Datanode.
2023-03-23 08:08:40,277 [main] INFO  client.DNCertificateClient (DefaultCertificateClient.java:loadAllCertificates(163)) - Loading certificate from location:/home/runner/work/ozone/ozone/hadoop-hdds/container-service/target/test-dir/Mjq8nZOG0m/dn/certs.
2023-03-23 08:08:40,280 [main] INFO  client.DNCertificateClient (DefaultCertificateClient.java:loadAllCertificates(207)) - Added certificate   [0]         Version: 3
         SerialNumber: 1085905
             IssuerDN: CN=localhost,OU=test,O=cluster
           Start Date: Thu Mar 23 08:08:39 UTC 2023
           Final Date: Thu Mar 23 08:08:54 UTC 2023
            SubjectDN: CN=localhost,OU=test,O=cluster
           Public Key: RSA Public Key [2b:95:36:2c:42:91:24:51:81:34:ad:ea:a8:be:65:c0:8d:6c:fa:0e],[56:66:d1:a4]
        modulus: cbbabda7d0128af53a81be06b6ce2238ab3d41c24670fae54719ed958348e35e5aaf61f8b4f6541e49cb0fc40745399e9c4dc2475b582ca27e4def024380fcb7eeabbf874d38011dcb7f310944ec7b86327632672e0ac56c58dfa09620ed8413d3e5ca81a43db63bbd6a60692779e8f2ed692d6d0245376f0c41e3e23044106d49f6343bccee4567af64506d40fc715ab362ccfd0acc957007b2082e9044a57e645fdce7de84fbad585e270d5b33824964474c2b71768b090650a60dc2cd8385aaed329e39a811def4c5499b9eab3aa15f18f564d1608166d58e2e565bd2f52e3c67fca7868c7a4e5f63ab8e55fba5e2cf887a1aa274f5a73741c6f4746c6729
public exponent: 10001

  Signature Algorithm: SHA256WITHRSA
            Signature: 07db5ad636b045602ec627408fa54983a02c97a2
                       8a8bb0fee79819787e913bda3c605662270724d2
                       dec7ff084497bdc30137318a2c5e2a6bc2030d22
                       c6bbfd9a24403e66a101f68156769b21836b1c0e
                       30554ed9eaed90b6e43e54206737f21f81f41e9a
                       ebc8ca4808dff1e949c2b04df6f6426b48ae56b5
                       ca6ad2df71121cb856742138995a7af6df3c6dff
                       8b77f51f4c414cdd653d151005009afc18344e9e
                       8f064bb981729a55e1c41ac58fa6061cb532fb51
                       5600018cc67b502cda0cbb08175ad9cbd90499a1
                       9ed691f0dba3a7f001ece64df481a64b848dba6d
                       bf484ae15866bd974dc6d6e38d39b663f2d8b6ec
                       84ae300ff28e97e0e44a75e8cbc67393
 from file:/home/runner/work/ozone/ozone/hadoop-hdds/container-service/target/test-dir/Mjq8nZOG0m/dn/certs/certificate.crt.
2023-03-23 08:08:40,282 [main] INFO  client.DNCertificateClient (DefaultCertificateClient.java:startCertificateMonitor(1201)) - CertificateLifetimeMonitor for dn is started with first delay 8719 ms and interval 1666 ms.
2023-03-23 08:08:40,282 [main] INFO  client.DNCertificateClient (DefaultCertificateClient.java:init(644)) - Certificate client init case: 7
2023-03-23 08:08:40,282 [main] INFO  client.DNCertificateClient (DefaultCertificateClient.java:handleCase(703)) - Found certificate file along with KeyPair.
2023-03-23 08:08:40,289 [main] INFO  client.DNCertificateClient (DefaultCertificateClient.java:validateKeyPairAndCertificate(742)) - Keypair validated.
2023-03-23 08:08:40,296 [main] INFO  client.DNCertificateClient (DefaultCertificateClient.java:validateKeyPairAndCertificate(745)) - Keypair validated with certificate.
2023-03-23 08:08:40,296 [main] INFO  ozone.HddsDatanodeService (HddsDatanodeService.java:initializeCertificateClient(363)) - Init response: SUCCESS
2023-03-23 08:08:40,297 [main] INFO  ozone.HddsDatanodeService (HddsDatanodeService.java:initializeCertificateClient(366)) - Initialization successful, case:SUCCESS.
]]></system-out>
  </testcase>
  <testcase name="testCertificateRotation" classname="org.apache.hadoop.ozone.TestHddsSecureDatanodeInit" time="0">
    <skipped message="HDDS-7874"/>
  </testcase>
  <testcase name="testCertificateRotationRecoverableFailure" classname="org.apache.hadoop.ozone.TestHddsSecureDatanodeInit" time="31.612">
    <error type="java.util.concurrent.TimeoutException"><![CDATA[java.util.concurrent.TimeoutException: 
Timed out waiting for condition. Thread diagnostics:
Timestamp: 2023-03-23 08:09:11,908

"process reaper" daemon prio=10 tid=12 timed_waiting
java.lang.Thread.State: TIMED_WAITING
        at sun.misc.Unsafe.park(Native Method)
        at java.util.concurrent.locks.LockSupport.parkNanos(LockSupport.java:215)
        at java.util.concurrent.SynchronousQueue$TransferStack.awaitFulfill(SynchronousQueue.java:460)
        at java.util.concurrent.SynchronousQueue$TransferStack.transfer(SynchronousQueue.java:362)
        at java.util.concurrent.SynchronousQueue.poll(SynchronousQueue.java:941)
        at java.util.concurrent.ThreadPoolExecutor.getTask(ThreadPoolExecutor.java:1073)
        at java.util.concurrent.ThreadPoolExecutor.runWorker(ThreadPoolExecutor.java:1134)
        at java.util.concurrent.ThreadPoolExecutor$Worker.run(ThreadPoolExecutor.java:624)
        at java.lang.Thread.run(Thread.java:750)
"dn-CertificateLifetimeMonitor" daemon prio=5 tid=15 timed_waiting
java.lang.Thread.State: TIMED_WAITING
        at sun.misc.Unsafe.park(Native Method)
        at java.util.concurrent.locks.LockSupport.parkNanos(LockSupport.java:215)
        at java.util.concurrent.locks.AbstractQueuedSynchronizer$ConditionObject.awaitNanos(AbstractQueuedSynchronizer.java:2078)
        at java.util.concurrent.ScheduledThreadPoolExecutor$DelayedWorkQueue.take(ScheduledThreadPoolExecutor.java:1093)
        at java.util.concurrent.ScheduledThreadPoolExecutor$DelayedWorkQueue.take(ScheduledThreadPoolExecutor.java:809)
        at java.util.concurrent.ThreadPoolExecutor.getTask(ThreadPoolExecutor.java:1074)
        at java.util.concurrent.ThreadPoolExecutor.runWorker(ThreadPoolExecutor.java:1134)
        at java.util.concurrent.ThreadPoolExecutor$Worker.run(ThreadPoolExecutor.java:624)
        at java.lang.Thread.run(Thread.java:750)
"Timer for 'HddsDatanode' metrics system" daemon prio=5 tid=14 timed_waiting
java.lang.Thread.State: TIMED_WAITING
        at java.lang.Object.wait(Native Method)
        at java.util.TimerThread.mainLoop(Timer.java:552)
        at java.util.TimerThread.run(Timer.java:505)
"surefire-forkedjvm-command-thread" daemon prio=5 tid=10 runnable
java.lang.Thread.State: RUNNABLE
        at java.io.FileInputStream.readBytes(Native Method)
        at java.io.FileInputStream.read(FileInputStream.java:255)
        at java.io.BufferedInputStream.read1(BufferedInputStream.java:284)
        at java.io.BufferedInputStream.read(BufferedInputStream.java:345)
        at java.io.BufferedInputStream.fill(BufferedInputStream.java:246)
        at java.io.BufferedInputStream.read1(BufferedInputStream.java:286)
        at java.io.BufferedInputStream.read(BufferedInputStream.java:345)
        at org.apache.maven.surefire.api.util.internal.Channels$3.readImpl(Channels.java:214)
        at org.apache.maven.surefire.api.util.internal.AbstractNoninterruptibleReadableChannel.read(AbstractNoninterruptibleReadableChannel.java:54)
        at org.apache.maven.surefire.booter.spi.LegacyMasterProcessChannelDecoder.decode(LegacyMasterProcessChannelDecoder.java:80)
        at org.apache.maven.surefire.booter.CommandReader$CommandRunnable.run(CommandReader.java:343)
        at java.lang.Thread.run(Thread.java:750)
"Signal Dispatcher" daemon prio=9 tid=4 runnable
java.lang.Thread.State: RUNNABLE
"main"  prio=5 tid=1 runnable
java.lang.Thread.State: RUNNABLE
        at java.lang.Thread.dumpThreads(Native Method)
        at java.lang.Thread.getAllStackTraces(Thread.java:1615)
        at org.apache.ozone.test.TimedOutTestsListener.buildThreadDump(TimedOutTestsListener.java:93)
        at org.apache.ozone.test.TimedOutTestsListener.buildThreadDiagnosticString(TimedOutTestsListener.java:79)
        at org.apache.ozone.test.GenericTestUtils.waitFor(GenericTestUtils.java:231)
        at org.apache.hadoop.ozone.TestHddsSecureDatanodeInit.testCertificateRotationRecoverableFailure(TestHddsSecureDatanodeInit.java:412)
        at sun.reflect.NativeMethodAccessorImpl.invoke0(Native Method)
        at sun.reflect.NativeMethodAccessorImpl.invoke(NativeMethodAccessorImpl.java:62)
        at sun.reflect.DelegatingMethodAccessorImpl.invoke(DelegatingMethodAccessorImpl.java:43)
        at java.lang.reflect.Method.invoke(Method.java:498)
        at org.junit.platform.commons.util.ReflectionUtils.invokeMethod(ReflectionUtils.java:725)
        at org.junit.jupiter.engine.execution.MethodInvocation.proceed(MethodInvocation.java:60)
        at org.junit.jupiter.engine.execution.InvocationInterceptorChain$ValidatingInvocation.proceed(InvocationInterceptorChain.java:131)
        at org.junit.jupiter.engine.extension.TimeoutExtension.intercept(TimeoutExtension.java:149)
        at org.junit.jupiter.engine.extension.TimeoutExtension.interceptTestableMethod(TimeoutExtension.java:140)
        at org.junit.jupiter.engine.extension.TimeoutExtension.interceptTestMethod(TimeoutExtension.java:84)
        at org.junit.jupiter.engine.descriptor.TestMethodTestDescriptor$$Lambda$136/1139700454.apply(Unknown Source)
        at org.junit.jupiter.engine.execution.ExecutableInvoker$ReflectiveInterceptorCall.lambda$ofVoidMethod$0(ExecutableInvoker.java:115)
        at org.junit.jupiter.engine.execution.ExecutableInvoker$ReflectiveInterceptorCall$$Lambda$137/802600647.apply(Unknown Source)
        at org.junit.jupiter.engine.execution.ExecutableInvoker.lambda$invoke$0(ExecutableInvoker.java:105)
        at org.junit.jupiter.engine.execution.ExecutableInvoker$$Lambda$290/1848289347.apply(Unknown Source)
        at org.junit.jupiter.engine.execution.InvocationInterceptorChain$InterceptedInvocation.proceed(InvocationInterceptorChain.java:106)
        at org.junit.jupiter.engine.execution.InvocationInterceptorChain.proceed(InvocationInterceptorChain.java:64)
        at org.junit.jupiter.engine.execution.InvocationInterceptorChain.chainAndInvoke(InvocationInterceptorChain.java:45)
        at org.junit.jupiter.engine.execution.InvocationInterceptorChain.invoke(InvocationInterceptorChain.java:37)
        at org.junit.jupiter.engine.execution.ExecutableInvoker.invoke(ExecutableInvoker.java:104)
        at org.junit.jupiter.engine.execution.ExecutableInvoker.invoke(ExecutableInvoker.java:98)
        at org.junit.jupiter.engine.descriptor.TestMethodTestDescriptor.lambda$invokeTestMethod$7(TestMethodTestDescriptor.java:214)
        at org.junit.jupiter.engine.descriptor.TestMethodTestDescriptor$$Lambda$371/993452032.execute(Unknown Source)
        at org.junit.platform.engine.support.hierarchical.ThrowableCollector.execute(ThrowableCollector.java:73)
        at org.junit.jupiter.engine.descriptor.TestMethodTestDescriptor.invokeTestMethod(TestMethodTestDescriptor.java:210)
        at org.junit.jupiter.engine.descriptor.TestMethodTestDescriptor.execute(TestMethodTestDescriptor.java:135)
        at org.junit.jupiter.engine.descriptor.TestMethodTestDescriptor.execute(TestMethodTestDescriptor.java:66)
        at org.junit.platform.engine.support.hierarchical.NodeTestTask.lambda$executeRecursively$6(NodeTestTask.java:151)
        at org.junit.platform.engine.support.hierarchical.NodeTestTask$$Lambda$233/2093010349.execute(Unknown Source)
        at org.junit.platform.engine.support.hierarchical.ThrowableCollector.execute(ThrowableCollector.java:73)
        at org.junit.platform.engine.support.hierarchical.NodeTestTask.lambda$executeRecursively$8(NodeTestTask.java:141)
        at org.junit.platform.engine.support.hierarchical.NodeTestTask$$Lambda$232/311239812.invoke(Unknown Source)
        at org.junit.platform.engine.support.hierarchical.Node.around(Node.java:137)
        at org.junit.platform.engine.support.hierarchical.NodeTestTask.lambda$executeRecursively$9(NodeTestTask.java:139)
        at org.junit.platform.engine.support.hierarchical.NodeTestTask$$Lambda$231/883151184.execute(Unknown Source)
        at org.junit.platform.engine.support.hierarchical.ThrowableCollector.execute(ThrowableCollector.java:73)
        at org.junit.platform.engine.support.hierarchical.NodeTestTask.executeRecursively(NodeTestTask.java:138)
        at org.junit.platform.engine.support.hierarchical.NodeTestTask.execute(NodeTestTask.java:95)
        at org.junit.platform.engine.support.hierarchical.SameThreadHierarchicalTestExecutorService$$Lambda$237/129153987.accept(Unknown Source)
        at java.util.ArrayList.forEach(ArrayList.java:1259)
        at org.junit.platform.engine.support.hierarchical.SameThreadHierarchicalTestExecutorService.invokeAll(SameThreadHierarchicalTestExecutorService.java:41)
        at org.junit.platform.engine.support.hierarchical.NodeTestTask.lambda$executeRecursively$6(NodeTestTask.java:155)
        at org.junit.platform.engine.support.hierarchical.NodeTestTask$$Lambda$233/2093010349.execute(Unknown Source)
        at org.junit.platform.engine.support.hierarchical.ThrowableCollector.execute(ThrowableCollector.java:73)
        at org.junit.platform.engine.support.hierarchical.NodeTestTask.lambda$executeRecursively$8(NodeTestTask.java:141)
        at org.junit.platform.engine.support.hierarchical.NodeTestTask$$Lambda$232/311239812.invoke(Unknown Source)
        at org.junit.platform.engine.support.hierarchical.Node.around(Node.java:137)
        at org.junit.platform.engine.support.hierarchical.NodeTestTask.lambda$executeRecursively$9(NodeTestTask.java:139)
        at org.junit.platform.engine.support.hierarchical.NodeTestTask$$Lambda$231/883151184.execute(Unknown Source)
        at org.junit.platform.engine.support.hierarchical.ThrowableCollector.execute(ThrowableCollector.java:73)
        at org.junit.platform.engine.support.hierarchical.NodeTestTask.executeRecursively(NodeTestTask.java:138)
        at org.junit.platform.engine.support.hierarchical.NodeTestTask.execute(NodeTestTask.java:95)
        at org.junit.platform.engine.support.hierarchical.SameThreadHierarchicalTestExecutorService$$Lambda$237/129153987.accept(Unknown Source)
        at java.util.ArrayList.forEach(ArrayList.java:1259)
        at org.junit.platform.engine.support.hierarchical.SameThreadHierarchicalTestExecutorService.invokeAll(SameThreadHierarchicalTestExecutorService.java:41)
        at org.junit.platform.engine.support.hierarchical.NodeTestTask.lambda$executeRecursively$6(NodeTestTask.java:155)
        at org.junit.platform.engine.support.hierarchical.NodeTestTask$$Lambda$233/2093010349.execute(Unknown Source)
        at org.junit.platform.engine.support.hierarchical.ThrowableCollector.execute(ThrowableCollector.java:73)
        at org.junit.platform.engine.support.hierarchical.NodeTestTask.lambda$executeRecursively$8(NodeTestTask.java:141)
        at org.junit.platform.engine.support.hierarchical.NodeTestTask$$Lambda$232/311239812.invoke(Unknown Source)
        at org.junit.platform.engine.support.hierarchical.Node.around(Node.java:137)
        at org.junit.platform.engine.support.hierarchical.NodeTestTask.lambda$executeRecursively$9(NodeTestTask.java:139)
        at org.junit.platform.engine.support.hierarchical.NodeTestTask$$Lambda$231/883151184.execute(Unknown Source)
        at org.junit.platform.engine.support.hierarchical.ThrowableCollector.execute(ThrowableCollector.java:73)
        at org.junit.platform.engine.support.hierarchical.NodeTestTask.executeRecursively(NodeTestTask.java:138)
        at org.junit.platform.engine.support.hierarchical.NodeTestTask.execute(NodeTestTask.java:95)
        at org.junit.platform.engine.support.hierarchical.SameThreadHierarchicalTestExecutorService.submit(SameThreadHierarchicalTestExecutorService.java:35)
        at org.junit.platform.engine.support.hierarchical.HierarchicalTestExecutor.execute(HierarchicalTestExecutor.java:57)
        at org.junit.platform.engine.support.hierarchical.HierarchicalTestEngine.execute(HierarchicalTestEngine.java:54)
        at org.junit.platform.launcher.core.EngineExecutionOrchestrator.execute(EngineExecutionOrchestrator.java:107)
        at org.junit.platform.launcher.core.EngineExecutionOrchestrator.execute(EngineExecutionOrchestrator.java:88)
        at org.junit.platform.launcher.core.EngineExecutionOrchestrator.lambda$execute$0(EngineExecutionOrchestrator.java:54)
        at org.junit.platform.launcher.core.EngineExecutionOrchestrator$$Lambda$185/482082765.accept(Unknown Source)
        at org.junit.platform.launcher.core.EngineExecutionOrchestrator.withInterceptedStreams(EngineExecutionOrchestrator.java:67)
        at org.junit.platform.launcher.core.EngineExecutionOrchestrator.execute(EngineExecutionOrchestrator.java:52)
        at org.junit.platform.launcher.core.DefaultLauncher.execute(DefaultLauncher.java:114)
        at org.junit.platform.launcher.core.DefaultLauncher.execute(DefaultLauncher.java:86)
        at org.junit.platform.launcher.core.DefaultLauncherSession$DelegatingLauncher.execute(DefaultLauncherSession.java:86)
        at org.junit.platform.launcher.core.SessionPerRequestLauncher.execute(SessionPerRequestLauncher.java:53)
        at org.apache.maven.surefire.junitplatform.JUnitPlatformProvider.execute(JUnitPlatformProvider.java:188)
        at org.apache.maven.surefire.junitplatform.JUnitPlatformProvider.invokeAllTests(JUnitPlatformProvider.java:154)
        at org.apache.maven.surefire.junitplatform.JUnitPlatformProvider.invoke(JUnitPlatformProvider.java:124)
        at org.apache.maven.surefire.booter.ForkedBooter.runSuitesInProcess(ForkedBooter.java:428)
        at org.apache.maven.surefire.booter.ForkedBooter.execute(ForkedBooter.java:162)
        at org.apache.maven.surefire.booter.ForkedBooter.run(ForkedBooter.java:562)
        at org.apache.maven.surefire.booter.ForkedBooter.main(ForkedBooter.java:548)
"dn-CertificateLifetimeMonitor" daemon prio=5 tid=16 timed_waiting
java.lang.Thread.State: TIMED_WAITING
        at sun.misc.Unsafe.park(Native Method)
        at java.util.concurrent.locks.LockSupport.parkNanos(LockSupport.java:215)
        at java.util.concurrent.locks.AbstractQueuedSynchronizer$ConditionObject.awaitNanos(AbstractQueuedSynchronizer.java:2078)
        at java.util.concurrent.ScheduledThreadPoolExecutor$DelayedWorkQueue.take(ScheduledThreadPoolExecutor.java:1093)
        at java.util.concurrent.ScheduledThreadPoolExecutor$DelayedWorkQueue.take(ScheduledThreadPoolExecutor.java:809)
        at java.util.concurrent.ThreadPoolExecutor.getTask(ThreadPoolExecutor.java:1074)
        at java.util.concurrent.ThreadPoolExecutor.runWorker(ThreadPoolExecutor.java:1134)
        at java.util.concurrent.ThreadPoolExecutor$Worker.run(ThreadPoolExecutor.java:624)
        at java.lang.Thread.run(Thread.java:750)
"dn-CertificateLifetimeMonitor" daemon prio=5 tid=20 in Object.wait()
java.lang.Thread.State: WAITING (on object monitor)
        at sun.misc.Unsafe.park(Native Method)
        at java.util.concurrent.locks.LockSupport.park(LockSupport.java:175)
        at java.util.concurrent.locks.AbstractQueuedSynchronizer$ConditionObject.await(AbstractQueuedSynchronizer.java:2039)
        at java.util.concurrent.ScheduledThreadPoolExecutor$DelayedWorkQueue.take(ScheduledThreadPoolExecutor.java:1081)
        at java.util.concurrent.ScheduledThreadPoolExecutor$DelayedWorkQueue.take(ScheduledThreadPoolExecutor.java:809)
        at java.util.concurrent.ThreadPoolExecutor.getTask(ThreadPoolExecutor.java:1074)
        at java.util.concurrent.ThreadPoolExecutor.runWorker(ThreadPoolExecutor.java:1134)
        at java.util.concurrent.ThreadPoolExecutor$Worker.run(ThreadPoolExecutor.java:624)
        at java.lang.Thread.run(Thread.java:750)
"Attach Listener" daemon prio=9 tid=19 runnable
java.lang.Thread.State: RUNNABLE
"dn-CertificateLifetimeMonitor" daemon prio=5 tid=18 timed_waiting
java.lang.Thread.State: TIMED_WAITING
        at sun.misc.Unsafe.park(Native Method)
        at java.util.concurrent.locks.LockSupport.parkNanos(LockSupport.java:215)
        at java.util.concurrent.locks.AbstractQueuedSynchronizer$ConditionObject.awaitNanos(AbstractQueuedSynchronizer.java:2078)
        at java.util.concurrent.ScheduledThreadPoolExecutor$DelayedWorkQueue.take(ScheduledThreadPoolExecutor.java:1093)
        at java.util.concurrent.ScheduledThreadPoolExecutor$DelayedWorkQueue.take(ScheduledThreadPoolExecutor.java:809)
        at java.util.concurrent.ThreadPoolExecutor.getTask(ThreadPoolExecutor.java:1074)
        at java.util.concurrent.ThreadPoolExecutor.runWorker(ThreadPoolExecutor.java:1134)
        at java.util.concurrent.ThreadPoolExecutor$Worker.run(ThreadPoolExecutor.java:624)
        at java.lang.Thread.run(Thread.java:750)
"Finalizer" daemon prio=8 tid=3 in Object.wait()
java.lang.Thread.State: WAITING (on object monitor)
        at java.lang.Object.wait(Native Method)
        at java.lang.ref.ReferenceQueue.remove(ReferenceQueue.java:144)
        at java.lang.ref.ReferenceQueue.remove(ReferenceQueue.java:165)
        at java.lang.ref.Finalizer$FinalizerThread.run(Finalizer.java:188)
"Reference Handler" daemon prio=10 tid=2 in Object.wait()
java.lang.Thread.State: WAITING (on object monitor)
        at java.lang.Object.wait(Native Method)
        at java.lang.Object.wait(Object.java:502)
        at java.lang.ref.Reference.tryHandlePending(Reference.java:191)
        at java.lang.ref.Reference$ReferenceHandler.run(Reference.java:153)
"dn-CertificateLifetimeMonitor" daemon prio=5 tid=17 timed_waiting
java.lang.Thread.State: TIMED_WAITING
        at sun.misc.Unsafe.park(Native Method)
        at java.util.concurrent.locks.LockSupport.parkNanos(LockSupport.java:215)
        at java.util.concurrent.locks.AbstractQueuedSynchronizer$ConditionObject.awaitNanos(AbstractQueuedSynchronizer.java:2078)
        at java.util.concurrent.ScheduledThreadPoolExecutor$DelayedWorkQueue.take(ScheduledThreadPoolExecutor.java:1093)
        at java.util.concurrent.ScheduledThreadPoolExecutor$DelayedWorkQueue.take(ScheduledThreadPoolExecutor.java:809)
        at java.util.concurrent.ThreadPoolExecutor.getTask(ThreadPoolExecutor.java:1074)
        at java.util.concurrent.ThreadPoolExecutor.runWorker(ThreadPoolExecutor.java:1134)
        at java.util.concurrent.ThreadPoolExecutor$Worker.run(ThreadPoolExecutor.java:624)
        at java.lang.Thread.run(Thread.java:750)


	at org.apache.ozone.test.GenericTestUtils.waitFor(GenericTestUtils.java:231)
	at org.apache.hadoop.ozone.TestHddsSecureDatanodeInit.testCertificateRotationRecoverableFailure(TestHddsSecureDatanodeInit.java:412)
	at sun.reflect.NativeMethodAccessorImpl.invoke0(Native Method)
	at sun.reflect.NativeMethodAccessorImpl.invoke(NativeMethodAccessorImpl.java:62)
	at sun.reflect.DelegatingMethodAccessorImpl.invoke(DelegatingMethodAccessorImpl.java:43)
	at java.lang.reflect.Method.invoke(Method.java:498)
	at org.junit.platform.commons.util.ReflectionUtils.invokeMethod(ReflectionUtils.java:725)
	at org.junit.jupiter.engine.execution.MethodInvocation.proceed(MethodInvocation.java:60)
	at org.junit.jupiter.engine.execution.InvocationInterceptorChain$ValidatingInvocation.proceed(InvocationInterceptorChain.java:131)
	at org.junit.jupiter.engine.extension.TimeoutExtension.intercept(TimeoutExtension.java:149)
	at org.junit.jupiter.engine.extension.TimeoutExtension.interceptTestableMethod(TimeoutExtension.java:140)
	at org.junit.jupiter.engine.extension.TimeoutExtension.interceptTestMethod(TimeoutExtension.java:84)
	at org.junit.jupiter.engine.execution.ExecutableInvoker$ReflectiveInterceptorCall.lambda$ofVoidMethod$0(ExecutableInvoker.java:115)
	at org.junit.jupiter.engine.execution.ExecutableInvoker.lambda$invoke$0(ExecutableInvoker.java:105)
	at org.junit.jupiter.engine.execution.InvocationInterceptorChain$InterceptedInvocation.proceed(InvocationInterceptorChain.java:106)
	at org.junit.jupiter.engine.execution.InvocationInterceptorChain.proceed(InvocationInterceptorChain.java:64)
	at org.junit.jupiter.engine.execution.InvocationInterceptorChain.chainAndInvoke(InvocationInterceptorChain.java:45)
	at org.junit.jupiter.engine.execution.InvocationInterceptorChain.invoke(InvocationInterceptorChain.java:37)
	at org.junit.jupiter.engine.execution.ExecutableInvoker.invoke(ExecutableInvoker.java:104)
	at org.junit.jupiter.engine.execution.ExecutableInvoker.invoke(ExecutableInvoker.java:98)
	at org.junit.jupiter.engine.descriptor.TestMethodTestDescriptor.lambda$invokeTestMethod$7(TestMethodTestDescriptor.java:214)
	at org.junit.platform.engine.support.hierarchical.ThrowableCollector.execute(ThrowableCollector.java:73)
	at org.junit.jupiter.engine.descriptor.TestMethodTestDescriptor.invokeTestMethod(TestMethodTestDescriptor.java:210)
	at org.junit.jupiter.engine.descriptor.TestMethodTestDescriptor.execute(TestMethodTestDescriptor.java:135)
	at org.junit.jupiter.engine.descriptor.TestMethodTestDescriptor.execute(TestMethodTestDescriptor.java:66)
	at org.junit.platform.engine.support.hierarchical.NodeTestTask.lambda$executeRecursively$6(NodeTestTask.java:151)
	at org.junit.platform.engine.support.hierarchical.ThrowableCollector.execute(ThrowableCollector.java:73)
	at org.junit.platform.engine.support.hierarchical.NodeTestTask.lambda$executeRecursively$8(NodeTestTask.java:141)
	at org.junit.platform.engine.support.hierarchical.Node.around(Node.java:137)
	at org.junit.platform.engine.support.hierarchical.NodeTestTask.lambda$executeRecursively$9(NodeTestTask.java:139)
	at org.junit.platform.engine.support.hierarchical.ThrowableCollector.execute(ThrowableCollector.java:73)
	at org.junit.platform.engine.support.hierarchical.NodeTestTask.executeRecursively(NodeTestTask.java:138)
	at org.junit.platform.engine.support.hierarchical.NodeTestTask.execute(NodeTestTask.java:95)
	at java.util.ArrayList.forEach(ArrayList.java:1259)
	at org.junit.platform.engine.support.hierarchical.SameThreadHierarchicalTestExecutorService.invokeAll(SameThreadHierarchicalTestExecutorService.java:41)
	at org.junit.platform.engine.support.hierarchical.NodeTestTask.lambda$executeRecursively$6(NodeTestTask.java:155)
	at org.junit.platform.engine.support.hierarchical.ThrowableCollector.execute(ThrowableCollector.java:73)
	at org.junit.platform.engine.support.hierarchical.NodeTestTask.lambda$executeRecursively$8(NodeTestTask.java:141)
	at org.junit.platform.engine.support.hierarchical.Node.around(Node.java:137)
	at org.junit.platform.engine.support.hierarchical.NodeTestTask.lambda$executeRecursively$9(NodeTestTask.java:139)
	at org.junit.platform.engine.support.hierarchical.ThrowableCollector.execute(ThrowableCollector.java:73)
	at org.junit.platform.engine.support.hierarchical.NodeTestTask.executeRecursively(NodeTestTask.java:138)
	at org.junit.platform.engine.support.hierarchical.NodeTestTask.execute(NodeTestTask.java:95)
	at java.util.ArrayList.forEach(ArrayList.java:1259)
	at org.junit.platform.engine.support.hierarchical.SameThreadHierarchicalTestExecutorService.invokeAll(SameThreadHierarchicalTestExecutorService.java:41)
	at org.junit.platform.engine.support.hierarchical.NodeTestTask.lambda$executeRecursively$6(NodeTestTask.java:155)
	at org.junit.platform.engine.support.hierarchical.ThrowableCollector.execute(ThrowableCollector.java:73)
	at org.junit.platform.engine.support.hierarchical.NodeTestTask.lambda$executeRecursively$8(NodeTestTask.java:141)
	at org.junit.platform.engine.support.hierarchical.Node.around(Node.java:137)
	at org.junit.platform.engine.support.hierarchical.NodeTestTask.lambda$executeRecursively$9(NodeTestTask.java:139)
	at org.junit.platform.engine.support.hierarchical.ThrowableCollector.execute(ThrowableCollector.java:73)
	at org.junit.platform.engine.support.hierarchical.NodeTestTask.executeRecursively(NodeTestTask.java:138)
	at org.junit.platform.engine.support.hierarchical.NodeTestTask.execute(NodeTestTask.java:95)
	at org.junit.platform.engine.support.hierarchical.SameThreadHierarchicalTestExecutorService.submit(SameThreadHierarchicalTestExecutorService.java:35)
	at org.junit.platform.engine.support.hierarchical.HierarchicalTestExecutor.execute(HierarchicalTestExecutor.java:57)
	at org.junit.platform.engine.support.hierarchical.HierarchicalTestEngine.execute(HierarchicalTestEngine.java:54)
	at org.junit.platform.launcher.core.EngineExecutionOrchestrator.execute(EngineExecutionOrchestrator.java:107)
	at org.junit.platform.launcher.core.EngineExecutionOrchestrator.execute(EngineExecutionOrchestrator.java:88)
	at org.junit.platform.launcher.core.EngineExecutionOrchestrator.lambda$execute$0(EngineExecutionOrchestrator.java:54)
	at org.junit.platform.launcher.core.EngineExecutionOrchestrator.withInterceptedStreams(EngineExecutionOrchestrator.java:67)
	at org.junit.platform.launcher.core.EngineExecutionOrchestrator.execute(EngineExecutionOrchestrator.java:52)
	at org.junit.platform.launcher.core.DefaultLauncher.execute(DefaultLauncher.java:114)
	at org.junit.platform.launcher.core.DefaultLauncher.execute(DefaultLauncher.java:86)
	at org.junit.platform.launcher.core.DefaultLauncherSession$DelegatingLauncher.execute(DefaultLauncherSession.java:86)
	at org.junit.platform.launcher.core.SessionPerRequestLauncher.execute(SessionPerRequestLauncher.java:53)
	at org.apache.maven.surefire.junitplatform.JUnitPlatformProvider.execute(JUnitPlatformProvider.java:188)
	at org.apache.maven.surefire.junitplatform.JUnitPlatformProvider.invokeAllTests(JUnitPlatformProvider.java:154)
	at org.apache.maven.surefire.junitplatform.JUnitPlatformProvider.invoke(JUnitPlatformProvider.java:124)
	at org.apache.maven.surefire.booter.ForkedBooter.runSuitesInProcess(ForkedBooter.java:428)
	at org.apache.maven.surefire.booter.ForkedBooter.execute(ForkedBooter.java:162)
	at org.apache.maven.surefire.booter.ForkedBooter.run(ForkedBooter.java:562)
	at org.apache.maven.surefire.booter.ForkedBooter.main(ForkedBooter.java:548)
]]></error>
    <system-out><![CDATA[2023-03-23 08:08:40,307 [main] INFO  client.DNCertificateClient (DefaultCertificateClient.java:loadAllCertificates(163)) - Loading certificate from location:/home/runner/work/ozone/ozone/hadoop-hdds/container-service/target/test-dir/Mjq8nZOG0m/dn/certs.
2023-03-23 08:08:40,307 [main] WARN  client.DNCertificateClient (DefaultCertificateClient.java:loadAllCertificates(231)) - CertificateLifetimeMonitor is not started this time because certificate is empty.
2023-03-23 08:08:41,704 [main] INFO  utils.SelfSignedCertificate (SelfSignedCertificate.java:generateCertificate(153)) - Certificate 1087736 is issued by CN=localhost,OU=test,O=cluster to CN=localhost,OU=test,O=cluster, valid from Thu Mar 23 08:08:46 UTC 2023 to Thu Mar 23 08:09:01 UTC 2023
2023-03-23 08:08:41,870 [main] INFO  client.DNCertificateClient (DefaultCertificateClient.java:loadAllCertificates(163)) - Loading certificate from location:/home/runner/work/ozone/ozone/hadoop-hdds/container-service/target/test-dir/Mjq8nZOG0m/dn/certs.
2023-03-23 08:08:41,876 [main] INFO  client.DNCertificateClient (DefaultCertificateClient.java:loadAllCertificates(207)) - Added certificate   [0]         Version: 3
         SerialNumber: 1085905
             IssuerDN: CN=localhost,OU=test,O=cluster
           Start Date: Thu Mar 23 08:08:39 UTC 2023
           Final Date: Thu Mar 23 08:08:54 UTC 2023
            SubjectDN: CN=localhost,OU=test,O=cluster
           Public Key: RSA Public Key [2b:95:36:2c:42:91:24:51:81:34:ad:ea:a8:be:65:c0:8d:6c:fa:0e],[56:66:d1:a4]
        modulus: cbbabda7d0128af53a81be06b6ce2238ab3d41c24670fae54719ed958348e35e5aaf61f8b4f6541e49cb0fc40745399e9c4dc2475b582ca27e4def024380fcb7eeabbf874d38011dcb7f310944ec7b86327632672e0ac56c58dfa09620ed8413d3e5ca81a43db63bbd6a60692779e8f2ed692d6d0245376f0c41e3e23044106d49f6343bccee4567af64506d40fc715ab362ccfd0acc957007b2082e9044a57e645fdce7de84fbad585e270d5b33824964474c2b71768b090650a60dc2cd8385aaed329e39a811def4c5499b9eab3aa15f18f564d1608166d58e2e565bd2f52e3c67fca7868c7a4e5f63ab8e55fba5e2cf887a1aa274f5a73741c6f4746c6729
public exponent: 10001

  Signature Algorithm: SHA256WITHRSA
            Signature: 07db5ad636b045602ec627408fa54983a02c97a2
                       8a8bb0fee79819787e913bda3c605662270724d2
                       dec7ff084497bdc30137318a2c5e2a6bc2030d22
                       c6bbfd9a24403e66a101f68156769b21836b1c0e
                       30554ed9eaed90b6e43e54206737f21f81f41e9a
                       ebc8ca4808dff1e949c2b04df6f6426b48ae56b5
                       ca6ad2df71121cb856742138995a7af6df3c6dff
                       8b77f51f4c414cdd653d151005009afc18344e9e
                       8f064bb981729a55e1c41ac58fa6061cb532fb51
                       5600018cc67b502cda0cbb08175ad9cbd90499a1
                       9ed691f0dba3a7f001ece64df481a64b848dba6d
                       bf484ae15866bd974dc6d6e38d39b663f2d8b6ec
                       84ae300ff28e97e0e44a75e8cbc67393
 from file:/home/runner/work/ozone/ozone/hadoop-hdds/container-service/target/test-dir/Mjq8nZOG0m/dn/certs/certificate.crt.
2023-03-23 08:08:41,879 [main] INFO  client.DNCertificateClient (DefaultCertificateClient.java:startCertificateMonitor(1201)) - CertificateLifetimeMonitor for dn is started with first delay 7124 ms and interval 1666 ms.
2023-03-23 08:08:41,880 [main] INFO  client.DNCertificateClient (DefaultCertificateClient.java:startCertificateMonitor(1201)) - CertificateLifetimeMonitor for dn is started with first delay 7120 ms and interval 1666 ms.
2023-03-23 08:08:49,001 [dn-CertificateLifetimeMonitor] INFO  client.DNCertificateClient (DefaultCertificateClient.java:run(1226)) - Current certificate has entered the expiry grace period PT0S. Starting renew key and certs.
2023-03-23 08:08:49,003 [dn-CertificateLifetimeMonitor] INFO  client.DNCertificateClient (DefaultCertificateClient.java:run(1226)) - Current certificate has entered the expiry grace period PT0S. Starting renew key and certs.
2023-03-23 08:08:49,002 [dn-CertificateLifetimeMonitor] INFO  client.DNCertificateClient (DefaultCertificateClient.java:run(1226)) - Current certificate has entered the expiry grace period PT0S. Starting renew key and certs.
2023-03-23 08:08:49,001 [dn-CertificateLifetimeMonitor] INFO  client.DNCertificateClient (DefaultCertificateClient.java:run(1226)) - Current certificate has entered the expiry grace period PT0S. Starting renew key and certs.
2023-03-23 08:08:49,002 [dn-CertificateLifetimeMonitor] INFO  client.DNCertificateClient (DefaultCertificateClient.java:run(1226)) - Current certificate has entered the expiry grace period PT0S. Starting renew key and certs.
2023-03-23 08:08:49,639 [dn-CertificateLifetimeMonitor] INFO  ozone.OzoneSecurityUtil (OzoneSecurityUtil.java:getValidInetsForCurrentHost(119)) - ip:fe80:0:0:0:20d:3aff:fe34:af96%eth0 not returned.
2023-03-23 08:08:49,640 [dn-CertificateLifetimeMonitor] INFO  ozone.OzoneSecurityUtil (OzoneSecurityUtil.java:getValidInetsForCurrentHost(116)) - Adding ip:10.1.0.31,host:fv-az453-645.hss2zji4abbufegd5wcf2so25h.dx.internal.cloudapp.net
2023-03-23 08:08:49,640 [dn-CertificateLifetimeMonitor] INFO  ozone.OzoneSecurityUtil (OzoneSecurityUtil.java:getValidInetsForCurrentHost(119)) - ip:0:0:0:0:0:0:0:1%lo not returned.
2023-03-23 08:08:49,640 [dn-CertificateLifetimeMonitor] INFO  ozone.OzoneSecurityUtil (OzoneSecurityUtil.java:getValidInetsForCurrentHost(119)) - ip:127.0.0.1 not returned.
2023-03-23 08:08:49,641 [dn-CertificateLifetimeMonitor] INFO  client.DNCertificateClient (DNCertificateClient.java:getCSRBuilder(86)) - Created csr for DN-> subject:runner@fv-az453-645.hss2zji4abbufegd5wcf2so25h.dx.internal.cloudapp.net
2023-03-23 08:08:49,771 [dn-CertificateLifetimeMonitor] ERROR client.DNCertificateClient (DNCertificateClient.java:signAndStoreCertificate(131)) - Error while signing and storing SCM signed certificate.
org.apache.hadoop.hdds.security.x509.exception.CertificateException: Unable to retrieve datanode certificate chain.
	at org.apache.hadoop.hdds.security.x509.certificate.client.DNCertificateClient.signAndStoreCertificate(DNCertificateClient.java:127)
	at org.apache.hadoop.hdds.security.x509.certificate.client.DefaultCertificateClient.renewAndStoreKeyAndCertificate(DefaultCertificateClient.java:984)
	at org.apache.hadoop.hdds.security.x509.certificate.client.DefaultCertificateClient$CertificateLifetimeMonitor.run(DefaultCertificateClient.java:1229)
	at java.util.concurrent.Executors$RunnableAdapter.call(Executors.java:511)
	at java.util.concurrent.FutureTask.runAndReset(FutureTask.java:308)
	at java.util.concurrent.ScheduledThreadPoolExecutor$ScheduledFutureTask.access$301(ScheduledThreadPoolExecutor.java:180)
	at java.util.concurrent.ScheduledThreadPoolExecutor$ScheduledFutureTask.run(ScheduledThreadPoolExecutor.java:294)
	at java.util.concurrent.ThreadPoolExecutor.runWorker(ThreadPoolExecutor.java:1149)
	at java.util.concurrent.ThreadPoolExecutor$Worker.run(ThreadPoolExecutor.java:624)
	at java.lang.Thread.run(Thread.java:750)
2023-03-23 08:08:49,790 [dn-CertificateLifetimeMonitor] ERROR client.DNCertificateClient (DefaultCertificateClient.java:run(1239)) - Failed to renew and store key and cert. Keep using existing certificates.
org.apache.hadoop.hdds.security.x509.exception.CertificateException: Error while signing and storing new certificates.
	at org.apache.hadoop.hdds.security.x509.certificate.client.DefaultCertificateClient.renewAndStoreKeyAndCertificate(DefaultCertificateClient.java:987)
	at org.apache.hadoop.hdds.security.x509.certificate.client.DefaultCertificateClient$CertificateLifetimeMonitor.run(DefaultCertificateClient.java:1229)
	at java.util.concurrent.Executors$RunnableAdapter.call(Executors.java:511)
	at java.util.concurrent.FutureTask.runAndReset(FutureTask.java:308)
	at java.util.concurrent.ScheduledThreadPoolExecutor$ScheduledFutureTask.access$301(ScheduledThreadPoolExecutor.java:180)
	at java.util.concurrent.ScheduledThreadPoolExecutor$ScheduledFutureTask.run(ScheduledThreadPoolExecutor.java:294)
	at java.util.concurrent.ThreadPoolExecutor.runWorker(ThreadPoolExecutor.java:1149)
	at java.util.concurrent.ThreadPoolExecutor$Worker.run(ThreadPoolExecutor.java:624)
	at java.lang.Thread.run(Thread.java:750)
Caused by: org.apache.hadoop.hdds.security.x509.exception.CertificateException: Error while signing and storing SCM signed certificate.
	at org.apache.hadoop.hdds.security.x509.certificate.client.DNCertificateClient.signAndStoreCertificate(DNCertificateClient.java:132)
	at org.apache.hadoop.hdds.security.x509.certificate.client.DefaultCertificateClient.renewAndStoreKeyAndCertificate(DefaultCertificateClient.java:984)
	... 8 more
Caused by: org.apache.hadoop.hdds.security.x509.exception.CertificateException: Unable to retrieve datanode certificate chain.
	at org.apache.hadoop.hdds.security.x509.certificate.client.DNCertificateClient.signAndStoreCertificate(DNCertificateClient.java:127)
	... 9 more
2023-03-23 08:08:49,791 [dn-CertificateLifetimeMonitor] INFO  client.DNCertificateClient (DefaultCertificateClient.java:run(1226)) - Current certificate has entered the expiry grace period PT0S. Starting renew key and certs.
2023-03-23 08:08:50,131 [dn-CertificateLifetimeMonitor] INFO  ozone.OzoneSecurityUtil (OzoneSecurityUtil.java:getValidInetsForCurrentHost(119)) - ip:fe80:0:0:0:20d:3aff:fe34:af96%eth0 not returned.
2023-03-23 08:08:50,132 [dn-CertificateLifetimeMonitor] INFO  ozone.OzoneSecurityUtil (OzoneSecurityUtil.java:getValidInetsForCurrentHost(116)) - Adding ip:10.1.0.31,host:fv-az453-645.hss2zji4abbufegd5wcf2so25h.dx.internal.cloudapp.net
2023-03-23 08:08:50,142 [dn-CertificateLifetimeMonitor] INFO  ozone.OzoneSecurityUtil (OzoneSecurityUtil.java:getValidInetsForCurrentHost(119)) - ip:0:0:0:0:0:0:0:1%lo not returned.
2023-03-23 08:08:50,142 [dn-CertificateLifetimeMonitor] INFO  ozone.OzoneSecurityUtil (OzoneSecurityUtil.java:getValidInetsForCurrentHost(119)) - ip:127.0.0.1 not returned.
2023-03-23 08:08:50,142 [dn-CertificateLifetimeMonitor] INFO  client.DNCertificateClient (DNCertificateClient.java:getCSRBuilder(86)) - Created csr for DN-> subject:runner@fv-az453-645.hss2zji4abbufegd5wcf2so25h.dx.internal.cloudapp.net
2023-03-23 08:08:50,159 [dn-CertificateLifetimeMonitor] ERROR client.DNCertificateClient (DefaultCertificateClient.java:run(1239)) - Failed to renew and store key and cert. Keep using existing certificates.
org.apache.hadoop.hdds.security.x509.exception.CertificateException: Error while signing and storing new certificates.
	at org.apache.hadoop.hdds.security.x509.certificate.client.DefaultCertificateClient.renewAndStoreKeyAndCertificate(DefaultCertificateClient.java:987)
	at org.apache.hadoop.hdds.security.x509.certificate.client.DefaultCertificateClient$CertificateLifetimeMonitor.run(DefaultCertificateClient.java:1229)
	at java.util.concurrent.Executors$RunnableAdapter.call(Executors.java:511)
	at java.util.concurrent.FutureTask.runAndReset(FutureTask.java:308)
	at java.util.concurrent.ScheduledThreadPoolExecutor$ScheduledFutureTask.access$301(ScheduledThreadPoolExecutor.java:180)
	at java.util.concurrent.ScheduledThreadPoolExecutor$ScheduledFutureTask.run(ScheduledThreadPoolExecutor.java:294)
	at java.util.concurrent.ThreadPoolExecutor.runWorker(ThreadPoolExecutor.java:1149)
	at java.util.concurrent.ThreadPoolExecutor$Worker.run(ThreadPoolExecutor.java:624)
	at java.lang.Thread.run(Thread.java:750)
Caused by: org.apache.hadoop.hdds.conf.ConfigurationException: SCM Client Address could not be obtained from config. Config is not properly defined
	at org.apache.hadoop.hdds.scm.proxy.SCMSecurityProtocolFailoverProxyProvider.loadConfigs(SCMSecurityProtocolFailoverProxyProvider.java:120)
	at org.apache.hadoop.hdds.scm.proxy.SCMSecurityProtocolFailoverProxyProvider.<init>(SCMSecurityProtocolFailoverProxyProvider.java:105)
	at org.apache.hadoop.hdds.utils.HddsServerUtil.getScmSecurityClientWithMaxRetry(HddsServerUtil.java:464)
	at org.apache.hadoop.hdds.security.x509.certificate.client.DefaultCertificateClient.getScmSecureClient(DefaultCertificateClient.java:1165)
	at org.apache.hadoop.hdds.security.x509.certificate.client.DNCertificateClient.signAndStoreCertificate(DNCertificateClient.java:101)
	at org.apache.hadoop.hdds.security.x509.certificate.client.DefaultCertificateClient.renewAndStoreKeyAndCertificate(DefaultCertificateClient.java:984)
	... 8 more
2023-03-23 08:08:50,293 [dn-CertificateLifetimeMonitor] ERROR client.DNCertificateClient (DefaultCertificateClient.java:createKeyPair(822)) - Error while bootstrapping certificate client.
java.io.IOException: Private key already exist.
	at org.apache.hadoop.hdds.security.x509.keys.KeyCodec.writePublicKey(KeyCodec.java:197)
	at org.apache.hadoop.hdds.security.x509.certificate.client.DefaultCertificateClient.createKeyPair(DefaultCertificateClient.java:818)
	at org.apache.hadoop.hdds.security.x509.certificate.client.DefaultCertificateClient.renewAndStoreKeyAndCertificate(DefaultCertificateClient.java:973)
	at org.apache.hadoop.hdds.security.x509.certificate.client.DefaultCertificateClient$CertificateLifetimeMonitor.run(DefaultCertificateClient.java:1229)
	at java.util.concurrent.Executors$RunnableAdapter.call(Executors.java:511)
	at java.util.concurrent.FutureTask.runAndReset(FutureTask.java:308)
	at java.util.concurrent.ScheduledThreadPoolExecutor$ScheduledFutureTask.access$301(ScheduledThreadPoolExecutor.java:180)
	at java.util.concurrent.ScheduledThreadPoolExecutor$ScheduledFutureTask.run(ScheduledThreadPoolExecutor.java:294)
	at java.util.concurrent.ThreadPoolExecutor.runWorker(ThreadPoolExecutor.java:1149)
	at java.util.concurrent.ThreadPoolExecutor$Worker.run(ThreadPoolExecutor.java:624)
	at java.lang.Thread.run(Thread.java:750)
2023-03-23 08:08:50,296 [dn-CertificateLifetimeMonitor] ERROR client.DNCertificateClient (DefaultCertificateClient.java:run(1239)) - Failed to renew and store key and cert. Keep using existing certificates.
org.apache.hadoop.hdds.security.x509.exception.CertificateException: Error while creating new key pair.
	at org.apache.hadoop.hdds.security.x509.certificate.client.DefaultCertificateClient.renewAndStoreKeyAndCertificate(DefaultCertificateClient.java:975)
	at org.apache.hadoop.hdds.security.x509.certificate.client.DefaultCertificateClient$CertificateLifetimeMonitor.run(DefaultCertificateClient.java:1229)
	at java.util.concurrent.Executors$RunnableAdapter.call(Executors.java:511)
	at java.util.concurrent.FutureTask.runAndReset(FutureTask.java:308)
	at java.util.concurrent.ScheduledThreadPoolExecutor$ScheduledFutureTask.access$301(ScheduledThreadPoolExecutor.java:180)
	at java.util.concurrent.ScheduledThreadPoolExecutor$ScheduledFutureTask.run(ScheduledThreadPoolExecutor.java:294)
	at java.util.concurrent.ThreadPoolExecutor.runWorker(ThreadPoolExecutor.java:1149)
	at java.util.concurrent.ThreadPoolExecutor$Worker.run(ThreadPoolExecutor.java:624)
	at java.lang.Thread.run(Thread.java:750)
Caused by: org.apache.hadoop.hdds.security.x509.exception.CertificateException: Error while bootstrapping certificate.
	at org.apache.hadoop.hdds.security.x509.certificate.client.DefaultCertificateClient.createKeyPair(DefaultCertificateClient.java:823)
	at org.apache.hadoop.hdds.security.x509.certificate.client.DefaultCertificateClient.renewAndStoreKeyAndCertificate(DefaultCertificateClient.java:973)
	... 8 more
2023-03-23 08:08:50,342 [dn-CertificateLifetimeMonitor] ERROR client.DNCertificateClient (DefaultCertificateClient.java:createKeyPair(822)) - Error while bootstrapping certificate client.
java.io.IOException: Private key already exist.
	at org.apache.hadoop.hdds.security.x509.keys.KeyCodec.writePublicKey(KeyCodec.java:197)
	at org.apache.hadoop.hdds.security.x509.certificate.client.DefaultCertificateClient.createKeyPair(DefaultCertificateClient.java:818)
	at org.apache.hadoop.hdds.security.x509.certificate.client.DefaultCertificateClient.renewAndStoreKeyAndCertificate(DefaultCertificateClient.java:973)
	at org.apache.hadoop.hdds.security.x509.certificate.client.DefaultCertificateClient$CertificateLifetimeMonitor.run(DefaultCertificateClient.java:1229)
	at java.util.concurrent.Executors$RunnableAdapter.call(Executors.java:511)
	at java.util.concurrent.FutureTask.runAndReset(FutureTask.java:308)
	at java.util.concurrent.ScheduledThreadPoolExecutor$ScheduledFutureTask.access$301(ScheduledThreadPoolExecutor.java:180)
	at java.util.concurrent.ScheduledThreadPoolExecutor$ScheduledFutureTask.run(ScheduledThreadPoolExecutor.java:294)
	at java.util.concurrent.ThreadPoolExecutor.runWorker(ThreadPoolExecutor.java:1149)
	at java.util.concurrent.ThreadPoolExecutor$Worker.run(ThreadPoolExecutor.java:624)
	at java.lang.Thread.run(Thread.java:750)
2023-03-23 08:08:50,342 [dn-CertificateLifetimeMonitor] ERROR client.DNCertificateClient (DefaultCertificateClient.java:run(1239)) - Failed to renew and store key and cert. Keep using existing certificates.
org.apache.hadoop.hdds.security.x509.exception.CertificateException: Error while creating new key pair.
	at org.apache.hadoop.hdds.security.x509.certificate.client.DefaultCertificateClient.renewAndStoreKeyAndCertificate(DefaultCertificateClient.java:975)
	at org.apache.hadoop.hdds.security.x509.certificate.client.DefaultCertificateClient$CertificateLifetimeMonitor.run(DefaultCertificateClient.java:1229)
	at java.util.concurrent.Executors$RunnableAdapter.call(Executors.java:511)
	at java.util.concurrent.FutureTask.runAndReset(FutureTask.java:308)
	at java.util.concurrent.ScheduledThreadPoolExecutor$ScheduledFutureTask.access$301(ScheduledThreadPoolExecutor.java:180)
	at java.util.concurrent.ScheduledThreadPoolExecutor$ScheduledFutureTask.run(ScheduledThreadPoolExecutor.java:294)
	at java.util.concurrent.ThreadPoolExecutor.runWorker(ThreadPoolExecutor.java:1149)
	at java.util.concurrent.ThreadPoolExecutor$Worker.run(ThreadPoolExecutor.java:624)
	at java.lang.Thread.run(Thread.java:750)
Caused by: org.apache.hadoop.hdds.security.x509.exception.CertificateException: Error while bootstrapping certificate.
	at org.apache.hadoop.hdds.security.x509.certificate.client.DefaultCertificateClient.createKeyPair(DefaultCertificateClient.java:823)
	at org.apache.hadoop.hdds.security.x509.certificate.client.DefaultCertificateClient.renewAndStoreKeyAndCertificate(DefaultCertificateClient.java:973)
	... 8 more
2023-03-23 08:08:50,584 [dn-CertificateLifetimeMonitor] ERROR client.DNCertificateClient (DefaultCertificateClient.java:createKeyPair(822)) - Error while bootstrapping certificate client.
java.io.IOException: Private key already exist.
	at org.apache.hadoop.hdds.security.x509.keys.KeyCodec.writePublicKey(KeyCodec.java:197)
	at org.apache.hadoop.hdds.security.x509.certificate.client.DefaultCertificateClient.createKeyPair(DefaultCertificateClient.java:818)
	at org.apache.hadoop.hdds.security.x509.certificate.client.DefaultCertificateClient.renewAndStoreKeyAndCertificate(DefaultCertificateClient.java:973)
	at org.apache.hadoop.hdds.security.x509.certificate.client.DefaultCertificateClient$CertificateLifetimeMonitor.run(DefaultCertificateClient.java:1229)
	at java.util.concurrent.Executors$RunnableAdapter.call(Executors.java:511)
	at java.util.concurrent.FutureTask.runAndReset(FutureTask.java:308)
	at java.util.concurrent.ScheduledThreadPoolExecutor$ScheduledFutureTask.access$301(ScheduledThreadPoolExecutor.java:180)
	at java.util.concurrent.ScheduledThreadPoolExecutor$ScheduledFutureTask.run(ScheduledThreadPoolExecutor.java:294)
	at java.util.concurrent.ThreadPoolExecutor.runWorker(ThreadPoolExecutor.java:1149)
	at java.util.concurrent.ThreadPoolExecutor$Worker.run(ThreadPoolExecutor.java:624)
	at java.lang.Thread.run(Thread.java:750)
2023-03-23 08:08:50,585 [dn-CertificateLifetimeMonitor] ERROR client.DNCertificateClient (DefaultCertificateClient.java:run(1239)) - Failed to renew and store key and cert. Keep using existing certificates.
org.apache.hadoop.hdds.security.x509.exception.CertificateException: Error while creating new key pair.
	at org.apache.hadoop.hdds.security.x509.certificate.client.DefaultCertificateClient.renewAndStoreKeyAndCertificate(DefaultCertificateClient.java:975)
	at org.apache.hadoop.hdds.security.x509.certificate.client.DefaultCertificateClient$CertificateLifetimeMonitor.run(DefaultCertificateClient.java:1229)
	at java.util.concurrent.Executors$RunnableAdapter.call(Executors.java:511)
	at java.util.concurrent.FutureTask.runAndReset(FutureTask.java:308)
	at java.util.concurrent.ScheduledThreadPoolExecutor$ScheduledFutureTask.access$301(ScheduledThreadPoolExecutor.java:180)
	at java.util.concurrent.ScheduledThreadPoolExecutor$ScheduledFutureTask.run(ScheduledThreadPoolExecutor.java:294)
	at java.util.concurrent.ThreadPoolExecutor.runWorker(ThreadPoolExecutor.java:1149)
	at java.util.concurrent.ThreadPoolExecutor$Worker.run(ThreadPoolExecutor.java:624)
	at java.lang.Thread.run(Thread.java:750)
Caused by: org.apache.hadoop.hdds.security.x509.exception.CertificateException: Error while bootstrapping certificate.
	at org.apache.hadoop.hdds.security.x509.certificate.client.DefaultCertificateClient.createKeyPair(DefaultCertificateClient.java:823)
	at org.apache.hadoop.hdds.security.x509.certificate.client.DefaultCertificateClient.renewAndStoreKeyAndCertificate(DefaultCertificateClient.java:973)
	... 8 more
2023-03-23 08:08:50,666 [dn-CertificateLifetimeMonitor] INFO  client.DNCertificateClient (DefaultCertificateClient.java:run(1226)) - Current certificate has entered the expiry grace period PT0S. Starting renew key and certs.
2023-03-23 08:08:50,667 [dn-CertificateLifetimeMonitor] INFO  client.DNCertificateClient (DefaultCertificateClient.java:run(1226)) - Current certificate has entered the expiry grace period PT0S. Starting renew key and certs.
2023-03-23 08:08:50,668 [dn-CertificateLifetimeMonitor] INFO  client.DNCertificateClient (DefaultCertificateClient.java:run(1226)) - Current certificate has entered the expiry grace period PT0S. Starting renew key and certs.
2023-03-23 08:08:50,669 [dn-CertificateLifetimeMonitor] INFO  client.DNCertificateClient (DefaultCertificateClient.java:run(1226)) - Current certificate has entered the expiry grace period PT0S. Starting renew key and certs.
2023-03-23 08:08:50,674 [dn-CertificateLifetimeMonitor] ERROR client.DNCertificateClient (DefaultCertificateClient.java:run(1239)) - Failed to renew and store key and cert. Keep using existing certificates.
org.apache.hadoop.hdds.security.x509.exception.CertificateException: Error while deleting/creating /home/runner/work/ozone/ozone/hadoop-hdds/container-service/target/test-dir/Mjq8nZOG0m/dn/keys-next or /home/runner/work/ozone/ozone/hadoop-hdds/container-service/target/test-dir/Mjq8nZOG0m/dn/certs-next directories to cleanup  certificate storage. 
	at org.apache.hadoop.hdds.security.x509.certificate.client.DefaultCertificateClient.renewAndStoreKeyAndCertificate(DefaultCertificateClient.java:964)
	at org.apache.hadoop.hdds.security.x509.certificate.client.DefaultCertificateClient$CertificateLifetimeMonitor.run(DefaultCertificateClient.java:1229)
	at java.util.concurrent.Executors$RunnableAdapter.call(Executors.java:511)
	at java.util.concurrent.FutureTask.runAndReset(FutureTask.java:308)
	at java.util.concurrent.ScheduledThreadPoolExecutor$ScheduledFutureTask.access$301(ScheduledThreadPoolExecutor.java:180)
	at java.util.concurrent.ScheduledThreadPoolExecutor$ScheduledFutureTask.run(ScheduledThreadPoolExecutor.java:294)
	at java.util.concurrent.ThreadPoolExecutor.runWorker(ThreadPoolExecutor.java:1149)
	at java.util.concurrent.ThreadPoolExecutor$Worker.run(ThreadPoolExecutor.java:624)
	at java.lang.Thread.run(Thread.java:750)
Caused by: org.apache.commons.io.IOExceptionList: /home/runner/work/ozone/ozone/hadoop-hdds/container-service/target/test-dir/Mjq8nZOG0m/dn/keys-next
	at org.apache.commons.io.FileUtils.cleanDirectory(FileUtils.java:331)
	at org.apache.commons.io.FileUtils.deleteDirectory(FileUtils.java:1192)
	at org.apache.hadoop.hdds.security.x509.certificate.client.DefaultCertificateClient.renewAndStoreKeyAndCertificate(DefaultCertificateClient.java:959)
	... 8 more
Caused by: java.io.FileNotFoundException: File does not exist: /home/runner/work/ozone/ozone/hadoop-hdds/container-service/target/test-dir/Mjq8nZOG0m/dn/keys-next/private.pem
	at org.apache.commons.io.FileUtils.forceDelete(FileUtils.java:1349)
	at org.apache.commons.io.FileUtils.cleanDirectory(FileUtils.java:324)
	... 10 more
2023-03-23 08:08:50,693 [dn-CertificateLifetimeMonitor] INFO  ozone.OzoneSecurityUtil (OzoneSecurityUtil.java:getValidInetsForCurrentHost(119)) - ip:fe80:0:0:0:20d:3aff:fe34:af96%eth0 not returned.
2023-03-23 08:08:50,693 [dn-CertificateLifetimeMonitor] INFO  ozone.OzoneSecurityUtil (OzoneSecurityUtil.java:getValidInetsForCurrentHost(116)) - Adding ip:10.1.0.31,host:fv-az453-645.hss2zji4abbufegd5wcf2so25h.dx.internal.cloudapp.net
2023-03-23 08:08:50,693 [dn-CertificateLifetimeMonitor] INFO  ozone.OzoneSecurityUtil (OzoneSecurityUtil.java:getValidInetsForCurrentHost(119)) - ip:0:0:0:0:0:0:0:1%lo not returned.
2023-03-23 08:08:50,697 [dn-CertificateLifetimeMonitor] INFO  ozone.OzoneSecurityUtil (OzoneSecurityUtil.java:getValidInetsForCurrentHost(119)) - ip:127.0.0.1 not returned.
2023-03-23 08:08:50,700 [dn-CertificateLifetimeMonitor] INFO  client.DNCertificateClient (DNCertificateClient.java:getCSRBuilder(86)) - Created csr for DN-> subject:runner@fv-az453-645.hss2zji4abbufegd5wcf2so25h.dx.internal.cloudapp.net
2023-03-23 08:08:50,704 [dn-CertificateLifetimeMonitor] ERROR client.DNCertificateClient (DNCertificateClient.java:signAndStoreCertificate(131)) - Error while signing and storing SCM signed certificate.
org.apache.hadoop.hdds.security.x509.exception.CertificateException: Unable to retrieve datanode certificate chain.
	at org.apache.hadoop.hdds.security.x509.certificate.client.DNCertificateClient.signAndStoreCertificate(DNCertificateClient.java:127)
	at org.apache.hadoop.hdds.security.x509.certificate.client.DefaultCertificateClient.renewAndStoreKeyAndCertificate(DefaultCertificateClient.java:984)
	at org.apache.hadoop.hdds.security.x509.certificate.client.DefaultCertificateClient$CertificateLifetimeMonitor.run(DefaultCertificateClient.java:1229)
	at java.util.concurrent.Executors$RunnableAdapter.call(Executors.java:511)
	at java.util.concurrent.FutureTask.runAndReset(FutureTask.java:308)
	at java.util.concurrent.ScheduledThreadPoolExecutor$ScheduledFutureTask.access$301(ScheduledThreadPoolExecutor.java:180)
	at java.util.concurrent.ScheduledThreadPoolExecutor$ScheduledFutureTask.run(ScheduledThreadPoolExecutor.java:294)
	at java.util.concurrent.ThreadPoolExecutor.runWorker(ThreadPoolExecutor.java:1149)
	at java.util.concurrent.ThreadPoolExecutor$Worker.run(ThreadPoolExecutor.java:624)
	at java.lang.Thread.run(Thread.java:750)
2023-03-23 08:08:50,704 [dn-CertificateLifetimeMonitor] ERROR client.DNCertificateClient (DefaultCertificateClient.java:run(1239)) - Failed to renew and store key and cert. Keep using existing certificates.
org.apache.hadoop.hdds.security.x509.exception.CertificateException: Error while signing and storing new certificates.
	at org.apache.hadoop.hdds.security.x509.certificate.client.DefaultCertificateClient.renewAndStoreKeyAndCertificate(DefaultCertificateClient.java:987)
	at org.apache.hadoop.hdds.security.x509.certificate.client.DefaultCertificateClient$CertificateLifetimeMonitor.run(DefaultCertificateClient.java:1229)
	at java.util.concurrent.Executors$RunnableAdapter.call(Executors.java:511)
	at java.util.concurrent.FutureTask.runAndReset(FutureTask.java:308)
	at java.util.concurrent.ScheduledThreadPoolExecutor$ScheduledFutureTask.access$301(ScheduledThreadPoolExecutor.java:180)
	at java.util.concurrent.ScheduledThreadPoolExecutor$ScheduledFutureTask.run(ScheduledThreadPoolExecutor.java:294)
	at java.util.concurrent.ThreadPoolExecutor.runWorker(ThreadPoolExecutor.java:1149)
	at java.util.concurrent.ThreadPoolExecutor$Worker.run(ThreadPoolExecutor.java:624)
	at java.lang.Thread.run(Thread.java:750)
Caused by: org.apache.hadoop.hdds.security.x509.exception.CertificateException: Error while signing and storing SCM signed certificate.
	at org.apache.hadoop.hdds.security.x509.certificate.client.DNCertificateClient.signAndStoreCertificate(DNCertificateClient.java:132)
	at org.apache.hadoop.hdds.security.x509.certificate.client.DefaultCertificateClient.renewAndStoreKeyAndCertificate(DefaultCertificateClient.java:984)
	... 8 more
Caused by: org.apache.hadoop.hdds.security.x509.exception.CertificateException: Unable to retrieve datanode certificate chain.
	at org.apache.hadoop.hdds.security.x509.certificate.client.DNCertificateClient.signAndStoreCertificate(DNCertificateClient.java:127)
	... 9 more
2023-03-23 08:08:50,705 [dn-CertificateLifetimeMonitor] INFO  client.DNCertificateClient (DefaultCertificateClient.java:run(1226)) - Current certificate has entered the expiry grace period PT0S. Starting renew key and certs.
2023-03-23 08:08:50,899 [dn-CertificateLifetimeMonitor] INFO  ozone.OzoneSecurityUtil (OzoneSecurityUtil.java:getValidInetsForCurrentHost(119)) - ip:fe80:0:0:0:20d:3aff:fe34:af96%eth0 not returned.
2023-03-23 08:08:50,899 [dn-CertificateLifetimeMonitor] INFO  ozone.OzoneSecurityUtil (OzoneSecurityUtil.java:getValidInetsForCurrentHost(116)) - Adding ip:10.1.0.31,host:fv-az453-645.hss2zji4abbufegd5wcf2so25h.dx.internal.cloudapp.net
2023-03-23 08:08:50,900 [dn-CertificateLifetimeMonitor] INFO  ozone.OzoneSecurityUtil (OzoneSecurityUtil.java:getValidInetsForCurrentHost(119)) - ip:0:0:0:0:0:0:0:1%lo not returned.
2023-03-23 08:08:50,900 [dn-CertificateLifetimeMonitor] INFO  ozone.OzoneSecurityUtil (OzoneSecurityUtil.java:getValidInetsForCurrentHost(119)) - ip:127.0.0.1 not returned.
2023-03-23 08:08:50,900 [dn-CertificateLifetimeMonitor] INFO  client.DNCertificateClient (DNCertificateClient.java:getCSRBuilder(86)) - Created csr for DN-> subject:runner@fv-az453-645.hss2zji4abbufegd5wcf2so25h.dx.internal.cloudapp.net
2023-03-23 08:08:50,917 [dn-CertificateLifetimeMonitor] ERROR client.DNCertificateClient (DefaultCertificateClient.java:run(1239)) - Failed to renew and store key and cert. Keep using existing certificates.
org.apache.hadoop.hdds.security.x509.exception.CertificateException: Error while signing and storing new certificates.
	at org.apache.hadoop.hdds.security.x509.certificate.client.DefaultCertificateClient.renewAndStoreKeyAndCertificate(DefaultCertificateClient.java:987)
	at org.apache.hadoop.hdds.security.x509.certificate.client.DefaultCertificateClient$CertificateLifetimeMonitor.run(DefaultCertificateClient.java:1229)
	at java.util.concurrent.Executors$RunnableAdapter.call(Executors.java:511)
	at java.util.concurrent.FutureTask.runAndReset(FutureTask.java:308)
	at java.util.concurrent.ScheduledThreadPoolExecutor$ScheduledFutureTask.access$301(ScheduledThreadPoolExecutor.java:180)
	at java.util.concurrent.ScheduledThreadPoolExecutor$ScheduledFutureTask.run(ScheduledThreadPoolExecutor.java:294)
	at java.util.concurrent.ThreadPoolExecutor.runWorker(ThreadPoolExecutor.java:1149)
	at java.util.concurrent.ThreadPoolExecutor$Worker.run(ThreadPoolExecutor.java:624)
	at java.lang.Thread.run(Thread.java:750)
Caused by: org.apache.hadoop.hdds.conf.ConfigurationException: SCM Client Address could not be obtained from config. Config is not properly defined
	at org.apache.hadoop.hdds.scm.proxy.SCMSecurityProtocolFailoverProxyProvider.loadConfigs(SCMSecurityProtocolFailoverProxyProvider.java:120)
	at org.apache.hadoop.hdds.scm.proxy.SCMSecurityProtocolFailoverProxyProvider.<init>(SCMSecurityProtocolFailoverProxyProvider.java:105)
	at org.apache.hadoop.hdds.utils.HddsServerUtil.getScmSecurityClientWithMaxRetry(HddsServerUtil.java:464)
	at org.apache.hadoop.hdds.security.x509.certificate.client.DefaultCertificateClient.getScmSecureClient(DefaultCertificateClient.java:1165)
	at org.apache.hadoop.hdds.security.x509.certificate.client.DNCertificateClient.signAndStoreCertificate(DNCertificateClient.java:101)
	at org.apache.hadoop.hdds.security.x509.certificate.client.DefaultCertificateClient.renewAndStoreKeyAndCertificate(DefaultCertificateClient.java:984)
	... 8 more
2023-03-23 08:08:51,185 [dn-CertificateLifetimeMonitor] ERROR client.DNCertificateClient (DefaultCertificateClient.java:createKeyPair(822)) - Error while bootstrapping certificate client.
java.io.IOException: Private key already exist.
	at org.apache.hadoop.hdds.security.x509.keys.KeyCodec.writePublicKey(KeyCodec.java:197)
	at org.apache.hadoop.hdds.security.x509.certificate.client.DefaultCertificateClient.createKeyPair(DefaultCertificateClient.java:818)
	at org.apache.hadoop.hdds.security.x509.certificate.client.DefaultCertificateClient.renewAndStoreKeyAndCertificate(DefaultCertificateClient.java:973)
	at org.apache.hadoop.hdds.security.x509.certificate.client.DefaultCertificateClient$CertificateLifetimeMonitor.run(DefaultCertificateClient.java:1229)
	at java.util.concurrent.Executors$RunnableAdapter.call(Executors.java:511)
	at java.util.concurrent.FutureTask.runAndReset(FutureTask.java:308)
	at java.util.concurrent.ScheduledThreadPoolExecutor$ScheduledFutureTask.access$301(ScheduledThreadPoolExecutor.java:180)
	at java.util.concurrent.ScheduledThreadPoolExecutor$ScheduledFutureTask.run(ScheduledThreadPoolExecutor.java:294)
	at java.util.concurrent.ThreadPoolExecutor.runWorker(ThreadPoolExecutor.java:1149)
	at java.util.concurrent.ThreadPoolExecutor$Worker.run(ThreadPoolExecutor.java:624)
	at java.lang.Thread.run(Thread.java:750)
2023-03-23 08:08:51,185 [dn-CertificateLifetimeMonitor] ERROR client.DNCertificateClient (DefaultCertificateClient.java:run(1239)) - Failed to renew and store key and cert. Keep using existing certificates.
org.apache.hadoop.hdds.security.x509.exception.CertificateException: Error while creating new key pair.
	at org.apache.hadoop.hdds.security.x509.certificate.client.DefaultCertificateClient.renewAndStoreKeyAndCertificate(DefaultCertificateClient.java:975)
	at org.apache.hadoop.hdds.security.x509.certificate.client.DefaultCertificateClient$CertificateLifetimeMonitor.run(DefaultCertificateClient.java:1229)
	at java.util.concurrent.Executors$RunnableAdapter.call(Executors.java:511)
	at java.util.concurrent.FutureTask.runAndReset(FutureTask.java:308)
	at java.util.concurrent.ScheduledThreadPoolExecutor$ScheduledFutureTask.access$301(ScheduledThreadPoolExecutor.java:180)
	at java.util.concurrent.ScheduledThreadPoolExecutor$ScheduledFutureTask.run(ScheduledThreadPoolExecutor.java:294)
	at java.util.concurrent.ThreadPoolExecutor.runWorker(ThreadPoolExecutor.java:1149)
	at java.util.concurrent.ThreadPoolExecutor$Worker.run(ThreadPoolExecutor.java:624)
	at java.lang.Thread.run(Thread.java:750)
Caused by: org.apache.hadoop.hdds.security.x509.exception.CertificateException: Error while bootstrapping certificate.
	at org.apache.hadoop.hdds.security.x509.certificate.client.DefaultCertificateClient.createKeyPair(DefaultCertificateClient.java:823)
	at org.apache.hadoop.hdds.security.x509.certificate.client.DefaultCertificateClient.renewAndStoreKeyAndCertificate(DefaultCertificateClient.java:973)
	... 8 more
2023-03-23 08:08:51,202 [dn-CertificateLifetimeMonitor] ERROR client.DNCertificateClient (DefaultCertificateClient.java:createKeyPair(822)) - Error while bootstrapping certificate client.
java.io.IOException: Private key already exist.
	at org.apache.hadoop.hdds.security.x509.keys.KeyCodec.writePublicKey(KeyCodec.java:197)
	at org.apache.hadoop.hdds.security.x509.certificate.client.DefaultCertificateClient.createKeyPair(DefaultCertificateClient.java:818)
	at org.apache.hadoop.hdds.security.x509.certificate.client.DefaultCertificateClient.renewAndStoreKeyAndCertificate(DefaultCertificateClient.java:973)
	at org.apache.hadoop.hdds.security.x509.certificate.client.DefaultCertificateClient$CertificateLifetimeMonitor.run(DefaultCertificateClient.java:1229)
	at java.util.concurrent.Executors$RunnableAdapter.call(Executors.java:511)
	at java.util.concurrent.FutureTask.runAndReset(FutureTask.java:308)
	at java.util.concurrent.ScheduledThreadPoolExecutor$ScheduledFutureTask.access$301(ScheduledThreadPoolExecutor.java:180)
	at java.util.concurrent.ScheduledThreadPoolExecutor$ScheduledFutureTask.run(ScheduledThreadPoolExecutor.java:294)
	at java.util.concurrent.ThreadPoolExecutor.runWorker(ThreadPoolExecutor.java:1149)
	at java.util.concurrent.ThreadPoolExecutor$Worker.run(ThreadPoolExecutor.java:624)
	at java.lang.Thread.run(Thread.java:750)
2023-03-23 08:08:51,202 [dn-CertificateLifetimeMonitor] ERROR client.DNCertificateClient (DefaultCertificateClient.java:run(1239)) - Failed to renew and store key and cert. Keep using existing certificates.
org.apache.hadoop.hdds.security.x509.exception.CertificateException: Error while creating new key pair.
	at org.apache.hadoop.hdds.security.x509.certificate.client.DefaultCertificateClient.renewAndStoreKeyAndCertificate(DefaultCertificateClient.java:975)
	at org.apache.hadoop.hdds.security.x509.certificate.client.DefaultCertificateClient$CertificateLifetimeMonitor.run(DefaultCertificateClient.java:1229)
	at java.util.concurrent.Executors$RunnableAdapter.call(Executors.java:511)
	at java.util.concurrent.FutureTask.runAndReset(FutureTask.java:308)
	at java.util.concurrent.ScheduledThreadPoolExecutor$ScheduledFutureTask.access$301(ScheduledThreadPoolExecutor.java:180)
	at java.util.concurrent.ScheduledThreadPoolExecutor$ScheduledFutureTask.run(ScheduledThreadPoolExecutor.java:294)
	at java.util.concurrent.ThreadPoolExecutor.runWorker(ThreadPoolExecutor.java:1149)
	at java.util.concurrent.ThreadPoolExecutor$Worker.run(ThreadPoolExecutor.java:624)
	at java.lang.Thread.run(Thread.java:750)
Caused by: org.apache.hadoop.hdds.security.x509.exception.CertificateException: Error while bootstrapping certificate.
	at org.apache.hadoop.hdds.security.x509.certificate.client.DefaultCertificateClient.createKeyPair(DefaultCertificateClient.java:823)
	at org.apache.hadoop.hdds.security.x509.certificate.client.DefaultCertificateClient.renewAndStoreKeyAndCertificate(DefaultCertificateClient.java:973)
	... 8 more
2023-03-23 08:08:51,205 [dn-CertificateLifetimeMonitor] INFO  client.DNCertificateClient (DefaultCertificateClient.java:run(1226)) - Current certificate has entered the expiry grace period PT0S. Starting renew key and certs.
2023-03-23 08:08:51,678 [dn-CertificateLifetimeMonitor] INFO  ozone.OzoneSecurityUtil (OzoneSecurityUtil.java:getValidInetsForCurrentHost(119)) - ip:fe80:0:0:0:20d:3aff:fe34:af96%eth0 not returned.
2023-03-23 08:08:51,678 [dn-CertificateLifetimeMonitor] INFO  ozone.OzoneSecurityUtil (OzoneSecurityUtil.java:getValidInetsForCurrentHost(116)) - Adding ip:10.1.0.31,host:fv-az453-645.hss2zji4abbufegd5wcf2so25h.dx.internal.cloudapp.net
2023-03-23 08:08:51,678 [dn-CertificateLifetimeMonitor] INFO  ozone.OzoneSecurityUtil (OzoneSecurityUtil.java:getValidInetsForCurrentHost(119)) - ip:0:0:0:0:0:0:0:1%lo not returned.
2023-03-23 08:08:51,678 [dn-CertificateLifetimeMonitor] INFO  ozone.OzoneSecurityUtil (OzoneSecurityUtil.java:getValidInetsForCurrentHost(119)) - ip:127.0.0.1 not returned.
2023-03-23 08:08:51,678 [dn-CertificateLifetimeMonitor] INFO  client.DNCertificateClient (DNCertificateClient.java:getCSRBuilder(86)) - Created csr for DN-> subject:runner@fv-az453-645.hss2zji4abbufegd5wcf2so25h.dx.internal.cloudapp.net
2023-03-23 08:08:51,685 [dn-CertificateLifetimeMonitor] ERROR client.DNCertificateClient (DNCertificateClient.java:signAndStoreCertificate(131)) - Error while signing and storing SCM signed certificate.
org.apache.hadoop.hdds.security.x509.exception.CertificateException: Unable to retrieve datanode certificate chain.
	at org.apache.hadoop.hdds.security.x509.certificate.client.DNCertificateClient.signAndStoreCertificate(DNCertificateClient.java:127)
	at org.apache.hadoop.hdds.security.x509.certificate.client.DefaultCertificateClient.renewAndStoreKeyAndCertificate(DefaultCertificateClient.java:984)
	at org.apache.hadoop.hdds.security.x509.certificate.client.DefaultCertificateClient$CertificateLifetimeMonitor.run(DefaultCertificateClient.java:1229)
	at java.util.concurrent.Executors$RunnableAdapter.call(Executors.java:511)
	at java.util.concurrent.FutureTask.runAndReset(FutureTask.java:308)
	at java.util.concurrent.ScheduledThreadPoolExecutor$ScheduledFutureTask.access$301(ScheduledThreadPoolExecutor.java:180)
	at java.util.concurrent.ScheduledThreadPoolExecutor$ScheduledFutureTask.run(ScheduledThreadPoolExecutor.java:294)
	at java.util.concurrent.ThreadPoolExecutor.runWorker(ThreadPoolExecutor.java:1149)
	at java.util.concurrent.ThreadPoolExecutor$Worker.run(ThreadPoolExecutor.java:624)
	at java.lang.Thread.run(Thread.java:750)
2023-03-23 08:08:51,688 [dn-CertificateLifetimeMonitor] ERROR client.DNCertificateClient (DefaultCertificateClient.java:run(1239)) - Failed to renew and store key and cert. Keep using existing certificates.
org.apache.hadoop.hdds.security.x509.exception.CertificateException: Error while signing and storing new certificates.
	at org.apache.hadoop.hdds.security.x509.certificate.client.DefaultCertificateClient.renewAndStoreKeyAndCertificate(DefaultCertificateClient.java:987)
	at org.apache.hadoop.hdds.security.x509.certificate.client.DefaultCertificateClient$CertificateLifetimeMonitor.run(DefaultCertificateClient.java:1229)
	at java.util.concurrent.Executors$RunnableAdapter.call(Executors.java:511)
	at java.util.concurrent.FutureTask.runAndReset(FutureTask.java:308)
	at java.util.concurrent.ScheduledThreadPoolExecutor$ScheduledFutureTask.access$301(ScheduledThreadPoolExecutor.java:180)
	at java.util.concurrent.ScheduledThreadPoolExecutor$ScheduledFutureTask.run(ScheduledThreadPoolExecutor.java:294)
	at java.util.concurrent.ThreadPoolExecutor.runWorker(ThreadPoolExecutor.java:1149)
	at java.util.concurrent.ThreadPoolExecutor$Worker.run(ThreadPoolExecutor.java:624)
	at java.lang.Thread.run(Thread.java:750)
Caused by: org.apache.hadoop.hdds.security.x509.exception.CertificateException: Error while signing and storing SCM signed certificate.
	at org.apache.hadoop.hdds.security.x509.certificate.client.DNCertificateClient.signAndStoreCertificate(DNCertificateClient.java:132)
	at org.apache.hadoop.hdds.security.x509.certificate.client.DefaultCertificateClient.renewAndStoreKeyAndCertificate(DefaultCertificateClient.java:984)
	... 8 more
Caused by: org.apache.hadoop.hdds.security.x509.exception.CertificateException: Unable to retrieve datanode certificate chain.
	at org.apache.hadoop.hdds.security.x509.certificate.client.DNCertificateClient.signAndStoreCertificate(DNCertificateClient.java:127)
	... 9 more
2023-03-23 08:08:51,769 [dn-CertificateLifetimeMonitor] ERROR client.DNCertificateClient (DefaultCertificateClient.java:createKeyPair(822)) - Error while bootstrapping certificate client.
java.io.IOException: Private key already exist.
	at org.apache.hadoop.hdds.security.x509.keys.KeyCodec.writePublicKey(KeyCodec.java:197)
	at org.apache.hadoop.hdds.security.x509.certificate.client.DefaultCertificateClient.createKeyPair(DefaultCertificateClient.java:818)
	at org.apache.hadoop.hdds.security.x509.certificate.client.DefaultCertificateClient.renewAndStoreKeyAndCertificate(DefaultCertificateClient.java:973)
	at org.apache.hadoop.hdds.security.x509.certificate.client.DefaultCertificateClient$CertificateLifetimeMonitor.run(DefaultCertificateClient.java:1229)
	at java.util.concurrent.Executors$RunnableAdapter.call(Executors.java:511)
	at java.util.concurrent.FutureTask.runAndReset(FutureTask.java:308)
	at java.util.concurrent.ScheduledThreadPoolExecutor$ScheduledFutureTask.access$301(ScheduledThreadPoolExecutor.java:180)
	at java.util.concurrent.ScheduledThreadPoolExecutor$ScheduledFutureTask.run(ScheduledThreadPoolExecutor.java:294)
	at java.util.concurrent.ThreadPoolExecutor.runWorker(ThreadPoolExecutor.java:1149)
	at java.util.concurrent.ThreadPoolExecutor$Worker.run(ThreadPoolExecutor.java:624)
	at java.lang.Thread.run(Thread.java:750)
2023-03-23 08:08:51,769 [dn-CertificateLifetimeMonitor] ERROR client.DNCertificateClient (DefaultCertificateClient.java:run(1239)) - Failed to renew and store key and cert. Keep using existing certificates.
org.apache.hadoop.hdds.security.x509.exception.CertificateException: Error while creating new key pair.
	at org.apache.hadoop.hdds.security.x509.certificate.client.DefaultCertificateClient.renewAndStoreKeyAndCertificate(DefaultCertificateClient.java:975)
	at org.apache.hadoop.hdds.security.x509.certificate.client.DefaultCertificateClient$CertificateLifetimeMonitor.run(DefaultCertificateClient.java:1229)
	at java.util.concurrent.Executors$RunnableAdapter.call(Executors.java:511)
	at java.util.concurrent.FutureTask.runAndReset(FutureTask.java:308)
	at java.util.concurrent.ScheduledThreadPoolExecutor$ScheduledFutureTask.access$301(ScheduledThreadPoolExecutor.java:180)
	at java.util.concurrent.ScheduledThreadPoolExecutor$ScheduledFutureTask.run(ScheduledThreadPoolExecutor.java:294)
	at java.util.concurrent.ThreadPoolExecutor.runWorker(ThreadPoolExecutor.java:1149)
	at java.util.concurrent.ThreadPoolExecutor$Worker.run(ThreadPoolExecutor.java:624)
	at java.lang.Thread.run(Thread.java:750)
Caused by: org.apache.hadoop.hdds.security.x509.exception.CertificateException: Error while bootstrapping certificate.
	at org.apache.hadoop.hdds.security.x509.certificate.client.DefaultCertificateClient.createKeyPair(DefaultCertificateClient.java:823)
	at org.apache.hadoop.hdds.security.x509.certificate.client.DefaultCertificateClient.renewAndStoreKeyAndCertificate(DefaultCertificateClient.java:973)
	... 8 more
2023-03-23 08:08:52,332 [dn-CertificateLifetimeMonitor] INFO  client.DNCertificateClient (DefaultCertificateClient.java:run(1226)) - Current certificate has entered the expiry grace period PT0S. Starting renew key and certs.
2023-03-23 08:08:52,333 [dn-CertificateLifetimeMonitor] INFO  client.DNCertificateClient (DefaultCertificateClient.java:run(1226)) - Current certificate has entered the expiry grace period PT0S. Starting renew key and certs.
2023-03-23 08:08:52,333 [dn-CertificateLifetimeMonitor] INFO  client.DNCertificateClient (DefaultCertificateClient.java:run(1226)) - Current certificate has entered the expiry grace period PT0S. Starting renew key and certs.
2023-03-23 08:08:52,334 [dn-CertificateLifetimeMonitor] ERROR client.DNCertificateClient (DefaultCertificateClient.java:run(1239)) - Failed to renew and store key and cert. Keep using existing certificates.
org.apache.hadoop.hdds.security.x509.exception.CertificateException: Error while deleting/creating /home/runner/work/ozone/ozone/hadoop-hdds/container-service/target/test-dir/Mjq8nZOG0m/dn/keys-next or /home/runner/work/ozone/ozone/hadoop-hdds/container-service/target/test-dir/Mjq8nZOG0m/dn/certs-next directories to cleanup  certificate storage. 
	at org.apache.hadoop.hdds.security.x509.certificate.client.DefaultCertificateClient.renewAndStoreKeyAndCertificate(DefaultCertificateClient.java:964)
	at org.apache.hadoop.hdds.security.x509.certificate.client.DefaultCertificateClient$CertificateLifetimeMonitor.run(DefaultCertificateClient.java:1229)
	at java.util.concurrent.Executors$RunnableAdapter.call(Executors.java:511)
	at java.util.concurrent.FutureTask.runAndReset(FutureTask.java:308)
	at java.util.concurrent.ScheduledThreadPoolExecutor$ScheduledFutureTask.access$301(ScheduledThreadPoolExecutor.java:180)
	at java.util.concurrent.ScheduledThreadPoolExecutor$ScheduledFutureTask.run(ScheduledThreadPoolExecutor.java:294)
	at java.util.concurrent.ThreadPoolExecutor.runWorker(ThreadPoolExecutor.java:1149)
	at java.util.concurrent.ThreadPoolExecutor$Worker.run(ThreadPoolExecutor.java:624)
	at java.lang.Thread.run(Thread.java:750)
Caused by: java.io.IOException: Unknown I/O error listing contents of directory: /home/runner/work/ozone/ozone/hadoop-hdds/container-service/target/test-dir/Mjq8nZOG0m/dn/certs-next
	at org.apache.commons.io.FileUtils.listFiles(FileUtils.java:2095)
	at org.apache.commons.io.FileUtils.cleanDirectory(FileUtils.java:319)
	at org.apache.commons.io.FileUtils.deleteDirectory(FileUtils.java:1192)
	at org.apache.hadoop.hdds.security.x509.certificate.client.DefaultCertificateClient.renewAndStoreKeyAndCertificate(DefaultCertificateClient.java:960)
	... 8 more
2023-03-23 08:08:52,332 [dn-CertificateLifetimeMonitor] INFO  client.DNCertificateClient (DefaultCertificateClient.java:run(1226)) - Current certificate has entered the expiry grace period PT0S. Starting renew key and certs.
2023-03-23 08:08:52,337 [dn-CertificateLifetimeMonitor] INFO  client.DNCertificateClient (DefaultCertificateClient.java:run(1226)) - Current certificate has entered the expiry grace period PT0S. Starting renew key and certs.
2023-03-23 08:08:52,703 [dn-CertificateLifetimeMonitor] INFO  ozone.OzoneSecurityUtil (OzoneSecurityUtil.java:getValidInetsForCurrentHost(119)) - ip:fe80:0:0:0:20d:3aff:fe34:af96%eth0 not returned.
2023-03-23 08:08:52,703 [dn-CertificateLifetimeMonitor] INFO  ozone.OzoneSecurityUtil (OzoneSecurityUtil.java:getValidInetsForCurrentHost(116)) - Adding ip:10.1.0.31,host:fv-az453-645.hss2zji4abbufegd5wcf2so25h.dx.internal.cloudapp.net
2023-03-23 08:08:52,703 [dn-CertificateLifetimeMonitor] INFO  ozone.OzoneSecurityUtil (OzoneSecurityUtil.java:getValidInetsForCurrentHost(119)) - ip:0:0:0:0:0:0:0:1%lo not returned.
2023-03-23 08:08:52,704 [dn-CertificateLifetimeMonitor] INFO  ozone.OzoneSecurityUtil (OzoneSecurityUtil.java:getValidInetsForCurrentHost(119)) - ip:127.0.0.1 not returned.
2023-03-23 08:08:52,704 [dn-CertificateLifetimeMonitor] INFO  client.DNCertificateClient (DNCertificateClient.java:getCSRBuilder(86)) - Created csr for DN-> subject:runner@fv-az453-645.hss2zji4abbufegd5wcf2so25h.dx.internal.cloudapp.net
2023-03-23 08:08:52,713 [dn-CertificateLifetimeMonitor] ERROR client.DNCertificateClient (DefaultCertificateClient.java:createKeyPair(822)) - Error while bootstrapping certificate client.
java.io.IOException: Private key already exist.
	at org.apache.hadoop.hdds.security.x509.keys.KeyCodec.writePublicKey(KeyCodec.java:197)
	at org.apache.hadoop.hdds.security.x509.certificate.client.DefaultCertificateClient.createKeyPair(DefaultCertificateClient.java:818)
	at org.apache.hadoop.hdds.security.x509.certificate.client.DefaultCertificateClient.renewAndStoreKeyAndCertificate(DefaultCertificateClient.java:973)
	at org.apache.hadoop.hdds.security.x509.certificate.client.DefaultCertificateClient$CertificateLifetimeMonitor.run(DefaultCertificateClient.java:1229)
	at java.util.concurrent.Executors$RunnableAdapter.call(Executors.java:511)
	at java.util.concurrent.FutureTask.runAndReset(FutureTask.java:308)
	at java.util.concurrent.ScheduledThreadPoolExecutor$ScheduledFutureTask.access$301(ScheduledThreadPoolExecutor.java:180)
	at java.util.concurrent.ScheduledThreadPoolExecutor$ScheduledFutureTask.run(ScheduledThreadPoolExecutor.java:294)
	at java.util.concurrent.ThreadPoolExecutor.runWorker(ThreadPoolExecutor.java:1149)
	at java.util.concurrent.ThreadPoolExecutor$Worker.run(ThreadPoolExecutor.java:624)
	at java.lang.Thread.run(Thread.java:750)
2023-03-23 08:08:52,717 [dn-CertificateLifetimeMonitor] ERROR client.DNCertificateClient (DefaultCertificateClient.java:run(1239)) - Failed to renew and store key and cert. Keep using existing certificates.
org.apache.hadoop.hdds.security.x509.exception.CertificateException: Error while signing and storing new certificates.
	at org.apache.hadoop.hdds.security.x509.certificate.client.DefaultCertificateClient.renewAndStoreKeyAndCertificate(DefaultCertificateClient.java:987)
	at org.apache.hadoop.hdds.security.x509.certificate.client.DefaultCertificateClient$CertificateLifetimeMonitor.run(DefaultCertificateClient.java:1229)
	at java.util.concurrent.Executors$RunnableAdapter.call(Executors.java:511)
	at java.util.concurrent.FutureTask.runAndReset(FutureTask.java:308)
	at java.util.concurrent.ScheduledThreadPoolExecutor$ScheduledFutureTask.access$301(ScheduledThreadPoolExecutor.java:180)
	at java.util.concurrent.ScheduledThreadPoolExecutor$ScheduledFutureTask.run(ScheduledThreadPoolExecutor.java:294)
	at java.util.concurrent.ThreadPoolExecutor.runWorker(ThreadPoolExecutor.java:1149)
	at java.util.concurrent.ThreadPoolExecutor$Worker.run(ThreadPoolExecutor.java:624)
	at java.lang.Thread.run(Thread.java:750)
Caused by: org.apache.hadoop.hdds.conf.ConfigurationException: SCM Client Address could not be obtained from config. Config is not properly defined
	at org.apache.hadoop.hdds.scm.proxy.SCMSecurityProtocolFailoverProxyProvider.loadConfigs(SCMSecurityProtocolFailoverProxyProvider.java:120)
	at org.apache.hadoop.hdds.scm.proxy.SCMSecurityProtocolFailoverProxyProvider.<init>(SCMSecurityProtocolFailoverProxyProvider.java:105)
	at org.apache.hadoop.hdds.utils.HddsServerUtil.getScmSecurityClientWithMaxRetry(HddsServerUtil.java:464)
	at org.apache.hadoop.hdds.security.x509.certificate.client.DefaultCertificateClient.getScmSecureClient(DefaultCertificateClient.java:1165)
	at org.apache.hadoop.hdds.security.x509.certificate.client.DNCertificateClient.signAndStoreCertificate(DNCertificateClient.java:101)
	at org.apache.hadoop.hdds.security.x509.certificate.client.DefaultCertificateClient.renewAndStoreKeyAndCertificate(DefaultCertificateClient.java:984)
	... 8 more
2023-03-23 08:08:52,717 [dn-CertificateLifetimeMonitor] ERROR client.DNCertificateClient (DefaultCertificateClient.java:run(1239)) - Failed to renew and store key and cert. Keep using existing certificates.
org.apache.hadoop.hdds.security.x509.exception.CertificateException: Error while creating new key pair.
	at org.apache.hadoop.hdds.security.x509.certificate.client.DefaultCertificateClient.renewAndStoreKeyAndCertificate(DefaultCertificateClient.java:975)
	at org.apache.hadoop.hdds.security.x509.certificate.client.DefaultCertificateClient$CertificateLifetimeMonitor.run(DefaultCertificateClient.java:1229)
	at java.util.concurrent.Executors$RunnableAdapter.call(Executors.java:511)
	at java.util.concurrent.FutureTask.runAndReset(FutureTask.java:308)
	at java.util.concurrent.ScheduledThreadPoolExecutor$ScheduledFutureTask.access$301(ScheduledThreadPoolExecutor.java:180)
	at java.util.concurrent.ScheduledThreadPoolExecutor$ScheduledFutureTask.run(ScheduledThreadPoolExecutor.java:294)
	at java.util.concurrent.ThreadPoolExecutor.runWorker(ThreadPoolExecutor.java:1149)
	at java.util.concurrent.ThreadPoolExecutor$Worker.run(ThreadPoolExecutor.java:624)
	at java.lang.Thread.run(Thread.java:750)
Caused by: org.apache.hadoop.hdds.security.x509.exception.CertificateException: Error while bootstrapping certificate.
	at org.apache.hadoop.hdds.security.x509.certificate.client.DefaultCertificateClient.createKeyPair(DefaultCertificateClient.java:823)
	at org.apache.hadoop.hdds.security.x509.certificate.client.DefaultCertificateClient.renewAndStoreKeyAndCertificate(DefaultCertificateClient.java:973)
	... 8 more
2023-03-23 08:08:52,910 [dn-CertificateLifetimeMonitor] ERROR client.DNCertificateClient (DefaultCertificateClient.java:createKeyPair(822)) - Error while bootstrapping certificate client.
java.io.IOException: Private key already exist.
	at org.apache.hadoop.hdds.security.x509.keys.KeyCodec.writePublicKey(KeyCodec.java:197)
	at org.apache.hadoop.hdds.security.x509.certificate.client.DefaultCertificateClient.createKeyPair(DefaultCertificateClient.java:818)
	at org.apache.hadoop.hdds.security.x509.certificate.client.DefaultCertificateClient.renewAndStoreKeyAndCertificate(DefaultCertificateClient.java:973)
	at org.apache.hadoop.hdds.security.x509.certificate.client.DefaultCertificateClient$CertificateLifetimeMonitor.run(DefaultCertificateClient.java:1229)
	at java.util.concurrent.Executors$RunnableAdapter.call(Executors.java:511)
	at java.util.concurrent.FutureTask.runAndReset(FutureTask.java:308)
	at java.util.concurrent.ScheduledThreadPoolExecutor$ScheduledFutureTask.access$301(ScheduledThreadPoolExecutor.java:180)
	at java.util.concurrent.ScheduledThreadPoolExecutor$ScheduledFutureTask.run(ScheduledThreadPoolExecutor.java:294)
	at java.util.concurrent.ThreadPoolExecutor.runWorker(ThreadPoolExecutor.java:1149)
	at java.util.concurrent.ThreadPoolExecutor$Worker.run(ThreadPoolExecutor.java:624)
	at java.lang.Thread.run(Thread.java:750)
2023-03-23 08:08:52,911 [dn-CertificateLifetimeMonitor] ERROR client.DNCertificateClient (DefaultCertificateClient.java:run(1239)) - Failed to renew and store key and cert. Keep using existing certificates.
org.apache.hadoop.hdds.security.x509.exception.CertificateException: Error while creating new key pair.
	at org.apache.hadoop.hdds.security.x509.certificate.client.DefaultCertificateClient.renewAndStoreKeyAndCertificate(DefaultCertificateClient.java:975)
	at org.apache.hadoop.hdds.security.x509.certificate.client.DefaultCertificateClient$CertificateLifetimeMonitor.run(DefaultCertificateClient.java:1229)
	at java.util.concurrent.Executors$RunnableAdapter.call(Executors.java:511)
	at java.util.concurrent.FutureTask.runAndReset(FutureTask.java:308)
	at java.util.concurrent.ScheduledThreadPoolExecutor$ScheduledFutureTask.access$301(ScheduledThreadPoolExecutor.java:180)
	at java.util.concurrent.ScheduledThreadPoolExecutor$ScheduledFutureTask.run(ScheduledThreadPoolExecutor.java:294)
	at java.util.concurrent.ThreadPoolExecutor.runWorker(ThreadPoolExecutor.java:1149)
	at java.util.concurrent.ThreadPoolExecutor$Worker.run(ThreadPoolExecutor.java:624)
	at java.lang.Thread.run(Thread.java:750)
Caused by: org.apache.hadoop.hdds.security.x509.exception.CertificateException: Error while bootstrapping certificate.
	at org.apache.hadoop.hdds.security.x509.certificate.client.DefaultCertificateClient.createKeyPair(DefaultCertificateClient.java:823)
	at org.apache.hadoop.hdds.security.x509.certificate.client.DefaultCertificateClient.renewAndStoreKeyAndCertificate(DefaultCertificateClient.java:973)
	... 8 more
2023-03-23 08:08:53,235 [dn-CertificateLifetimeMonitor] ERROR client.DNCertificateClient (DefaultCertificateClient.java:createKeyPair(822)) - Error while bootstrapping certificate client.
java.io.IOException: Private key already exist.
	at org.apache.hadoop.hdds.security.x509.keys.KeyCodec.writePublicKey(KeyCodec.java:197)
	at org.apache.hadoop.hdds.security.x509.certificate.client.DefaultCertificateClient.createKeyPair(DefaultCertificateClient.java:818)
	at org.apache.hadoop.hdds.security.x509.certificate.client.DefaultCertificateClient.renewAndStoreKeyAndCertificate(DefaultCertificateClient.java:973)
	at org.apache.hadoop.hdds.security.x509.certificate.client.DefaultCertificateClient$CertificateLifetimeMonitor.run(DefaultCertificateClient.java:1229)
	at java.util.concurrent.Executors$RunnableAdapter.call(Executors.java:511)
	at java.util.concurrent.FutureTask.runAndReset(FutureTask.java:308)
	at java.util.concurrent.ScheduledThreadPoolExecutor$ScheduledFutureTask.access$301(ScheduledThreadPoolExecutor.java:180)
	at java.util.concurrent.ScheduledThreadPoolExecutor$ScheduledFutureTask.run(ScheduledThreadPoolExecutor.java:294)
	at java.util.concurrent.ThreadPoolExecutor.runWorker(ThreadPoolExecutor.java:1149)
	at java.util.concurrent.ThreadPoolExecutor$Worker.run(ThreadPoolExecutor.java:624)
	at java.lang.Thread.run(Thread.java:750)
2023-03-23 08:08:53,235 [dn-CertificateLifetimeMonitor] ERROR client.DNCertificateClient (DefaultCertificateClient.java:run(1239)) - Failed to renew and store key and cert. Keep using existing certificates.
org.apache.hadoop.hdds.security.x509.exception.CertificateException: Error while creating new key pair.
	at org.apache.hadoop.hdds.security.x509.certificate.client.DefaultCertificateClient.renewAndStoreKeyAndCertificate(DefaultCertificateClient.java:975)
	at org.apache.hadoop.hdds.security.x509.certificate.client.DefaultCertificateClient$CertificateLifetimeMonitor.run(DefaultCertificateClient.java:1229)
	at java.util.concurrent.Executors$RunnableAdapter.call(Executors.java:511)
	at java.util.concurrent.FutureTask.runAndReset(FutureTask.java:308)
	at java.util.concurrent.ScheduledThreadPoolExecutor$ScheduledFutureTask.access$301(ScheduledThreadPoolExecutor.java:180)
	at java.util.concurrent.ScheduledThreadPoolExecutor$ScheduledFutureTask.run(ScheduledThreadPoolExecutor.java:294)
	at java.util.concurrent.ThreadPoolExecutor.runWorker(ThreadPoolExecutor.java:1149)
	at java.util.concurrent.ThreadPoolExecutor$Worker.run(ThreadPoolExecutor.java:624)
	at java.lang.Thread.run(Thread.java:750)
Caused by: org.apache.hadoop.hdds.security.x509.exception.CertificateException: Error while bootstrapping certificate.
	at org.apache.hadoop.hdds.security.x509.certificate.client.DefaultCertificateClient.createKeyPair(DefaultCertificateClient.java:823)
	at org.apache.hadoop.hdds.security.x509.certificate.client.DefaultCertificateClient.renewAndStoreKeyAndCertificate(DefaultCertificateClient.java:973)
	... 8 more
2023-03-23 08:08:53,236 [dn-CertificateLifetimeMonitor] INFO  client.DNCertificateClient (DefaultCertificateClient.java:run(1226)) - Current certificate has entered the expiry grace period PT0S. Starting renew key and certs.
2023-03-23 08:08:53,490 [dn-CertificateLifetimeMonitor] INFO  ozone.OzoneSecurityUtil (OzoneSecurityUtil.java:getValidInetsForCurrentHost(119)) - ip:fe80:0:0:0:20d:3aff:fe34:af96%eth0 not returned.
2023-03-23 08:08:53,490 [dn-CertificateLifetimeMonitor] INFO  ozone.OzoneSecurityUtil (OzoneSecurityUtil.java:getValidInetsForCurrentHost(116)) - Adding ip:10.1.0.31,host:fv-az453-645.hss2zji4abbufegd5wcf2so25h.dx.internal.cloudapp.net
2023-03-23 08:08:53,491 [dn-CertificateLifetimeMonitor] INFO  ozone.OzoneSecurityUtil (OzoneSecurityUtil.java:getValidInetsForCurrentHost(119)) - ip:0:0:0:0:0:0:0:1%lo not returned.
2023-03-23 08:08:53,491 [dn-CertificateLifetimeMonitor] INFO  ozone.OzoneSecurityUtil (OzoneSecurityUtil.java:getValidInetsForCurrentHost(119)) - ip:127.0.0.1 not returned.
2023-03-23 08:08:53,491 [dn-CertificateLifetimeMonitor] INFO  client.DNCertificateClient (DNCertificateClient.java:getCSRBuilder(86)) - Created csr for DN-> subject:runner@fv-az453-645.hss2zji4abbufegd5wcf2so25h.dx.internal.cloudapp.net
2023-03-23 08:08:53,497 [dn-CertificateLifetimeMonitor] ERROR client.DNCertificateClient (DNCertificateClient.java:signAndStoreCertificate(131)) - Error while signing and storing SCM signed certificate.
org.apache.hadoop.hdds.security.x509.exception.CertificateException: Unable to retrieve datanode certificate chain.
	at org.apache.hadoop.hdds.security.x509.certificate.client.DNCertificateClient.signAndStoreCertificate(DNCertificateClient.java:127)
	at org.apache.hadoop.hdds.security.x509.certificate.client.DefaultCertificateClient.renewAndStoreKeyAndCertificate(DefaultCertificateClient.java:984)
	at org.apache.hadoop.hdds.security.x509.certificate.client.DefaultCertificateClient$CertificateLifetimeMonitor.run(DefaultCertificateClient.java:1229)
	at java.util.concurrent.Executors$RunnableAdapter.call(Executors.java:511)
	at java.util.concurrent.FutureTask.runAndReset(FutureTask.java:308)
	at java.util.concurrent.ScheduledThreadPoolExecutor$ScheduledFutureTask.access$301(ScheduledThreadPoolExecutor.java:180)
	at java.util.concurrent.ScheduledThreadPoolExecutor$ScheduledFutureTask.run(ScheduledThreadPoolExecutor.java:294)
	at java.util.concurrent.ThreadPoolExecutor.runWorker(ThreadPoolExecutor.java:1149)
	at java.util.concurrent.ThreadPoolExecutor$Worker.run(ThreadPoolExecutor.java:624)
	at java.lang.Thread.run(Thread.java:750)
2023-03-23 08:08:53,497 [dn-CertificateLifetimeMonitor] ERROR client.DNCertificateClient (DefaultCertificateClient.java:run(1239)) - Failed to renew and store key and cert. Keep using existing certificates.
org.apache.hadoop.hdds.security.x509.exception.CertificateException: Error while signing and storing new certificates.
	at org.apache.hadoop.hdds.security.x509.certificate.client.DefaultCertificateClient.renewAndStoreKeyAndCertificate(DefaultCertificateClient.java:987)
	at org.apache.hadoop.hdds.security.x509.certificate.client.DefaultCertificateClient$CertificateLifetimeMonitor.run(DefaultCertificateClient.java:1229)
	at java.util.concurrent.Executors$RunnableAdapter.call(Executors.java:511)
	at java.util.concurrent.FutureTask.runAndReset(FutureTask.java:308)
	at java.util.concurrent.ScheduledThreadPoolExecutor$ScheduledFutureTask.access$301(ScheduledThreadPoolExecutor.java:180)
	at java.util.concurrent.ScheduledThreadPoolExecutor$ScheduledFutureTask.run(ScheduledThreadPoolExecutor.java:294)
	at java.util.concurrent.ThreadPoolExecutor.runWorker(ThreadPoolExecutor.java:1149)
	at java.util.concurrent.ThreadPoolExecutor$Worker.run(ThreadPoolExecutor.java:624)
	at java.lang.Thread.run(Thread.java:750)
Caused by: org.apache.hadoop.hdds.security.x509.exception.CertificateException: Error while signing and storing SCM signed certificate.
	at org.apache.hadoop.hdds.security.x509.certificate.client.DNCertificateClient.signAndStoreCertificate(DNCertificateClient.java:132)
	at org.apache.hadoop.hdds.security.x509.certificate.client.DefaultCertificateClient.renewAndStoreKeyAndCertificate(DefaultCertificateClient.java:984)
	... 8 more
Caused by: org.apache.hadoop.hdds.security.x509.exception.CertificateException: Unable to retrieve datanode certificate chain.
	at org.apache.hadoop.hdds.security.x509.certificate.client.DNCertificateClient.signAndStoreCertificate(DNCertificateClient.java:127)
	... 9 more
2023-03-23 08:08:53,998 [dn-CertificateLifetimeMonitor] INFO  client.DNCertificateClient (DefaultCertificateClient.java:run(1226)) - Current certificate has entered the expiry grace period PT0S. Starting renew key and certs.
2023-03-23 08:08:54,001 [dn-CertificateLifetimeMonitor] INFO  client.DNCertificateClient (DefaultCertificateClient.java:run(1226)) - Current certificate has entered the expiry grace period PT0S. Starting renew key and certs.
2023-03-23 08:08:54,002 [dn-CertificateLifetimeMonitor] INFO  client.DNCertificateClient (DefaultCertificateClient.java:run(1226)) - Current certificate has entered the expiry grace period PT0S. Starting renew key and certs.
2023-03-23 08:08:53,998 [dn-CertificateLifetimeMonitor] INFO  client.DNCertificateClient (DefaultCertificateClient.java:run(1226)) - Current certificate has entered the expiry grace period PT0S. Starting renew key and certs.
2023-03-23 08:08:54,001 [dn-CertificateLifetimeMonitor] INFO  client.DNCertificateClient (DefaultCertificateClient.java:run(1226)) - Current certificate has entered the expiry grace period PT0S. Starting renew key and certs.
2023-03-23 08:08:54,145 [dn-CertificateLifetimeMonitor] INFO  ozone.OzoneSecurityUtil (OzoneSecurityUtil.java:getValidInetsForCurrentHost(119)) - ip:fe80:0:0:0:20d:3aff:fe34:af96%eth0 not returned.
2023-03-23 08:08:54,152 [dn-CertificateLifetimeMonitor] INFO  ozone.OzoneSecurityUtil (OzoneSecurityUtil.java:getValidInetsForCurrentHost(116)) - Adding ip:10.1.0.31,host:fv-az453-645.hss2zji4abbufegd5wcf2so25h.dx.internal.cloudapp.net
2023-03-23 08:08:54,152 [dn-CertificateLifetimeMonitor] INFO  ozone.OzoneSecurityUtil (OzoneSecurityUtil.java:getValidInetsForCurrentHost(119)) - ip:0:0:0:0:0:0:0:1%lo not returned.
2023-03-23 08:08:54,152 [dn-CertificateLifetimeMonitor] INFO  ozone.OzoneSecurityUtil (OzoneSecurityUtil.java:getValidInetsForCurrentHost(119)) - ip:127.0.0.1 not returned.
2023-03-23 08:08:54,153 [dn-CertificateLifetimeMonitor] INFO  client.DNCertificateClient (DNCertificateClient.java:getCSRBuilder(86)) - Created csr for DN-> subject:runner@fv-az453-645.hss2zji4abbufegd5wcf2so25h.dx.internal.cloudapp.net
2023-03-23 08:08:54,158 [dn-CertificateLifetimeMonitor] ERROR client.DNCertificateClient (DNCertificateClient.java:signAndStoreCertificate(131)) - Error while signing and storing SCM signed certificate.
org.apache.hadoop.hdds.security.x509.exception.CertificateException: Unable to retrieve datanode certificate chain.
	at org.apache.hadoop.hdds.security.x509.certificate.client.DNCertificateClient.signAndStoreCertificate(DNCertificateClient.java:127)
	at org.apache.hadoop.hdds.security.x509.certificate.client.DefaultCertificateClient.renewAndStoreKeyAndCertificate(DefaultCertificateClient.java:984)
	at org.apache.hadoop.hdds.security.x509.certificate.client.DefaultCertificateClient$CertificateLifetimeMonitor.run(DefaultCertificateClient.java:1229)
	at java.util.concurrent.Executors$RunnableAdapter.call(Executors.java:511)
	at java.util.concurrent.FutureTask.runAndReset(FutureTask.java:308)
	at java.util.concurrent.ScheduledThreadPoolExecutor$ScheduledFutureTask.access$301(ScheduledThreadPoolExecutor.java:180)
	at java.util.concurrent.ScheduledThreadPoolExecutor$ScheduledFutureTask.run(ScheduledThreadPoolExecutor.java:294)
	at java.util.concurrent.ThreadPoolExecutor.runWorker(ThreadPoolExecutor.java:1149)
	at java.util.concurrent.ThreadPoolExecutor$Worker.run(ThreadPoolExecutor.java:624)
	at java.lang.Thread.run(Thread.java:750)
2023-03-23 08:08:54,160 [dn-CertificateLifetimeMonitor] ERROR client.DNCertificateClient (DefaultCertificateClient.java:run(1239)) - Failed to renew and store key and cert. Keep using existing certificates.
org.apache.hadoop.hdds.security.x509.exception.CertificateException: Error while signing and storing new certificates.
	at org.apache.hadoop.hdds.security.x509.certificate.client.DefaultCertificateClient.renewAndStoreKeyAndCertificate(DefaultCertificateClient.java:987)
	at org.apache.hadoop.hdds.security.x509.certificate.client.DefaultCertificateClient$CertificateLifetimeMonitor.run(DefaultCertificateClient.java:1229)
	at java.util.concurrent.Executors$RunnableAdapter.call(Executors.java:511)
	at java.util.concurrent.FutureTask.runAndReset(FutureTask.java:308)
	at java.util.concurrent.ScheduledThreadPoolExecutor$ScheduledFutureTask.access$301(ScheduledThreadPoolExecutor.java:180)
	at java.util.concurrent.ScheduledThreadPoolExecutor$ScheduledFutureTask.run(ScheduledThreadPoolExecutor.java:294)
	at java.util.concurrent.ThreadPoolExecutor.runWorker(ThreadPoolExecutor.java:1149)
	at java.util.concurrent.ThreadPoolExecutor$Worker.run(ThreadPoolExecutor.java:624)
	at java.lang.Thread.run(Thread.java:750)
Caused by: org.apache.hadoop.hdds.security.x509.exception.CertificateException: Error while signing and storing SCM signed certificate.
	at org.apache.hadoop.hdds.security.x509.certificate.client.DNCertificateClient.signAndStoreCertificate(DNCertificateClient.java:132)
	at org.apache.hadoop.hdds.security.x509.certificate.client.DefaultCertificateClient.renewAndStoreKeyAndCertificate(DefaultCertificateClient.java:984)
	... 8 more
Caused by: org.apache.hadoop.hdds.security.x509.exception.CertificateException: Unable to retrieve datanode certificate chain.
	at org.apache.hadoop.hdds.security.x509.certificate.client.DNCertificateClient.signAndStoreCertificate(DNCertificateClient.java:127)
	... 9 more
2023-03-23 08:08:54,174 [dn-CertificateLifetimeMonitor] INFO  client.DNCertificateClient (DefaultCertificateClient.java:run(1226)) - Current certificate has entered the expiry grace period PT0S. Starting renew key and certs.
2023-03-23 08:08:54,656 [dn-CertificateLifetimeMonitor] INFO  ozone.OzoneSecurityUtil (OzoneSecurityUtil.java:getValidInetsForCurrentHost(119)) - ip:fe80:0:0:0:20d:3aff:fe34:af96%eth0 not returned.
2023-03-23 08:08:54,656 [dn-CertificateLifetimeMonitor] INFO  ozone.OzoneSecurityUtil (OzoneSecurityUtil.java:getValidInetsForCurrentHost(116)) - Adding ip:10.1.0.31,host:fv-az453-645.hss2zji4abbufegd5wcf2so25h.dx.internal.cloudapp.net
2023-03-23 08:08:54,656 [dn-CertificateLifetimeMonitor] INFO  ozone.OzoneSecurityUtil (OzoneSecurityUtil.java:getValidInetsForCurrentHost(119)) - ip:0:0:0:0:0:0:0:1%lo not returned.
2023-03-23 08:08:54,656 [dn-CertificateLifetimeMonitor] INFO  ozone.OzoneSecurityUtil (OzoneSecurityUtil.java:getValidInetsForCurrentHost(119)) - ip:127.0.0.1 not returned.
2023-03-23 08:08:54,689 [dn-CertificateLifetimeMonitor] INFO  client.DNCertificateClient (DNCertificateClient.java:getCSRBuilder(86)) - Created csr for DN-> subject:runner@fv-az453-645.hss2zji4abbufegd5wcf2so25h.dx.internal.cloudapp.net
2023-03-23 08:08:54,693 [dn-CertificateLifetimeMonitor] ERROR client.DNCertificateClient (DefaultCertificateClient.java:run(1239)) - Failed to renew and store key and cert. Keep using existing certificates.
org.apache.hadoop.hdds.security.x509.exception.CertificateException: Error while signing and storing new certificates.
	at org.apache.hadoop.hdds.security.x509.certificate.client.DefaultCertificateClient.renewAndStoreKeyAndCertificate(DefaultCertificateClient.java:987)
	at org.apache.hadoop.hdds.security.x509.certificate.client.DefaultCertificateClient$CertificateLifetimeMonitor.run(DefaultCertificateClient.java:1229)
	at java.util.concurrent.Executors$RunnableAdapter.call(Executors.java:511)
	at java.util.concurrent.FutureTask.runAndReset(FutureTask.java:308)
	at java.util.concurrent.ScheduledThreadPoolExecutor$ScheduledFutureTask.access$301(ScheduledThreadPoolExecutor.java:180)
	at java.util.concurrent.ScheduledThreadPoolExecutor$ScheduledFutureTask.run(ScheduledThreadPoolExecutor.java:294)
	at java.util.concurrent.ThreadPoolExecutor.runWorker(ThreadPoolExecutor.java:1149)
	at java.util.concurrent.ThreadPoolExecutor$Worker.run(ThreadPoolExecutor.java:624)
	at java.lang.Thread.run(Thread.java:750)
Caused by: org.apache.hadoop.hdds.conf.ConfigurationException: SCM Client Address could not be obtained from config. Config is not properly defined
	at org.apache.hadoop.hdds.scm.proxy.SCMSecurityProtocolFailoverProxyProvider.loadConfigs(SCMSecurityProtocolFailoverProxyProvider.java:120)
	at org.apache.hadoop.hdds.scm.proxy.SCMSecurityProtocolFailoverProxyProvider.<init>(SCMSecurityProtocolFailoverProxyProvider.java:105)
	at org.apache.hadoop.hdds.utils.HddsServerUtil.getScmSecurityClientWithMaxRetry(HddsServerUtil.java:464)
	at org.apache.hadoop.hdds.security.x509.certificate.client.DefaultCertificateClient.getScmSecureClient(DefaultCertificateClient.java:1165)
	at org.apache.hadoop.hdds.security.x509.certificate.client.DNCertificateClient.signAndStoreCertificate(DNCertificateClient.java:101)
	at org.apache.hadoop.hdds.security.x509.certificate.client.DefaultCertificateClient.renewAndStoreKeyAndCertificate(DefaultCertificateClient.java:984)
	... 8 more
2023-03-23 08:08:54,702 [dn-CertificateLifetimeMonitor] ERROR client.DNCertificateClient (DefaultCertificateClient.java:createKeyPair(822)) - Error while bootstrapping certificate client.
java.io.IOException: Private key already exist.
	at org.apache.hadoop.hdds.security.x509.keys.KeyCodec.writePublicKey(KeyCodec.java:197)
	at org.apache.hadoop.hdds.security.x509.certificate.client.DefaultCertificateClient.createKeyPair(DefaultCertificateClient.java:818)
	at org.apache.hadoop.hdds.security.x509.certificate.client.DefaultCertificateClient.renewAndStoreKeyAndCertificate(DefaultCertificateClient.java:973)
	at org.apache.hadoop.hdds.security.x509.certificate.client.DefaultCertificateClient$CertificateLifetimeMonitor.run(DefaultCertificateClient.java:1229)
	at java.util.concurrent.Executors$RunnableAdapter.call(Executors.java:511)
	at java.util.concurrent.FutureTask.runAndReset(FutureTask.java:308)
	at java.util.concurrent.ScheduledThreadPoolExecutor$ScheduledFutureTask.access$301(ScheduledThreadPoolExecutor.java:180)
	at java.util.concurrent.ScheduledThreadPoolExecutor$ScheduledFutureTask.run(ScheduledThreadPoolExecutor.java:294)
	at java.util.concurrent.ThreadPoolExecutor.runWorker(ThreadPoolExecutor.java:1149)
	at java.util.concurrent.ThreadPoolExecutor$Worker.run(ThreadPoolExecutor.java:624)
	at java.lang.Thread.run(Thread.java:750)
2023-03-23 08:08:54,702 [dn-CertificateLifetimeMonitor] ERROR client.DNCertificateClient (DefaultCertificateClient.java:run(1239)) - Failed to renew and store key and cert. Keep using existing certificates.
org.apache.hadoop.hdds.security.x509.exception.CertificateException: Error while creating new key pair.
	at org.apache.hadoop.hdds.security.x509.certificate.client.DefaultCertificateClient.renewAndStoreKeyAndCertificate(DefaultCertificateClient.java:975)
	at org.apache.hadoop.hdds.security.x509.certificate.client.DefaultCertificateClient$CertificateLifetimeMonitor.run(DefaultCertificateClient.java:1229)
	at java.util.concurrent.Executors$RunnableAdapter.call(Executors.java:511)
	at java.util.concurrent.FutureTask.runAndReset(FutureTask.java:308)
	at java.util.concurrent.ScheduledThreadPoolExecutor$ScheduledFutureTask.access$301(ScheduledThreadPoolExecutor.java:180)
	at java.util.concurrent.ScheduledThreadPoolExecutor$ScheduledFutureTask.run(ScheduledThreadPoolExecutor.java:294)
	at java.util.concurrent.ThreadPoolExecutor.runWorker(ThreadPoolExecutor.java:1149)
	at java.util.concurrent.ThreadPoolExecutor$Worker.run(ThreadPoolExecutor.java:624)
	at java.lang.Thread.run(Thread.java:750)
Caused by: org.apache.hadoop.hdds.security.x509.exception.CertificateException: Error while bootstrapping certificate.
	at org.apache.hadoop.hdds.security.x509.certificate.client.DefaultCertificateClient.createKeyPair(DefaultCertificateClient.java:823)
	at org.apache.hadoop.hdds.security.x509.certificate.client.DefaultCertificateClient.renewAndStoreKeyAndCertificate(DefaultCertificateClient.java:973)
	... 8 more
2023-03-23 08:08:54,816 [dn-CertificateLifetimeMonitor] ERROR client.DNCertificateClient (DefaultCertificateClient.java:createKeyPair(822)) - Error while bootstrapping certificate client.
java.io.IOException: Private key already exist.
	at org.apache.hadoop.hdds.security.x509.keys.KeyCodec.writePublicKey(KeyCodec.java:197)
	at org.apache.hadoop.hdds.security.x509.certificate.client.DefaultCertificateClient.createKeyPair(DefaultCertificateClient.java:818)
	at org.apache.hadoop.hdds.security.x509.certificate.client.DefaultCertificateClient.renewAndStoreKeyAndCertificate(DefaultCertificateClient.java:973)
	at org.apache.hadoop.hdds.security.x509.certificate.client.DefaultCertificateClient$CertificateLifetimeMonitor.run(DefaultCertificateClient.java:1229)
	at java.util.concurrent.Executors$RunnableAdapter.call(Executors.java:511)
	at java.util.concurrent.FutureTask.runAndReset(FutureTask.java:308)
	at java.util.concurrent.ScheduledThreadPoolExecutor$ScheduledFutureTask.access$301(ScheduledThreadPoolExecutor.java:180)
	at java.util.concurrent.ScheduledThreadPoolExecutor$ScheduledFutureTask.run(ScheduledThreadPoolExecutor.java:294)
	at java.util.concurrent.ThreadPoolExecutor.runWorker(ThreadPoolExecutor.java:1149)
	at java.util.concurrent.ThreadPoolExecutor$Worker.run(ThreadPoolExecutor.java:624)
	at java.lang.Thread.run(Thread.java:750)
2023-03-23 08:08:54,816 [dn-CertificateLifetimeMonitor] ERROR client.DNCertificateClient (DefaultCertificateClient.java:run(1239)) - Failed to renew and store key and cert. Keep using existing certificates.
org.apache.hadoop.hdds.security.x509.exception.CertificateException: Error while creating new key pair.
	at org.apache.hadoop.hdds.security.x509.certificate.client.DefaultCertificateClient.renewAndStoreKeyAndCertificate(DefaultCertificateClient.java:975)
	at org.apache.hadoop.hdds.security.x509.certificate.client.DefaultCertificateClient$CertificateLifetimeMonitor.run(DefaultCertificateClient.java:1229)
	at java.util.concurrent.Executors$RunnableAdapter.call(Executors.java:511)
	at java.util.concurrent.FutureTask.runAndReset(FutureTask.java:308)
	at java.util.concurrent.ScheduledThreadPoolExecutor$ScheduledFutureTask.access$301(ScheduledThreadPoolExecutor.java:180)
	at java.util.concurrent.ScheduledThreadPoolExecutor$ScheduledFutureTask.run(ScheduledThreadPoolExecutor.java:294)
	at java.util.concurrent.ThreadPoolExecutor.runWorker(ThreadPoolExecutor.java:1149)
	at java.util.concurrent.ThreadPoolExecutor$Worker.run(ThreadPoolExecutor.java:624)
	at java.lang.Thread.run(Thread.java:750)
Caused by: org.apache.hadoop.hdds.security.x509.exception.CertificateException: Error while bootstrapping certificate.
	at org.apache.hadoop.hdds.security.x509.certificate.client.DefaultCertificateClient.createKeyPair(DefaultCertificateClient.java:823)
	at org.apache.hadoop.hdds.security.x509.certificate.client.DefaultCertificateClient.renewAndStoreKeyAndCertificate(DefaultCertificateClient.java:973)
	... 8 more
2023-03-23 08:08:54,843 [dn-CertificateLifetimeMonitor] ERROR client.DNCertificateClient (DefaultCertificateClient.java:createKeyPair(822)) - Error while bootstrapping certificate client.
java.io.IOException: Private key already exist.
	at org.apache.hadoop.hdds.security.x509.keys.KeyCodec.writePublicKey(KeyCodec.java:197)
	at org.apache.hadoop.hdds.security.x509.certificate.client.DefaultCertificateClient.createKeyPair(DefaultCertificateClient.java:818)
	at org.apache.hadoop.hdds.security.x509.certificate.client.DefaultCertificateClient.renewAndStoreKeyAndCertificate(DefaultCertificateClient.java:973)
	at org.apache.hadoop.hdds.security.x509.certificate.client.DefaultCertificateClient$CertificateLifetimeMonitor.run(DefaultCertificateClient.java:1229)
	at java.util.concurrent.Executors$RunnableAdapter.call(Executors.java:511)
	at java.util.concurrent.FutureTask.runAndReset(FutureTask.java:308)
	at java.util.concurrent.ScheduledThreadPoolExecutor$ScheduledFutureTask.access$301(ScheduledThreadPoolExecutor.java:180)
	at java.util.concurrent.ScheduledThreadPoolExecutor$ScheduledFutureTask.run(ScheduledThreadPoolExecutor.java:294)
	at java.util.concurrent.ThreadPoolExecutor.runWorker(ThreadPoolExecutor.java:1149)
	at java.util.concurrent.ThreadPoolExecutor$Worker.run(ThreadPoolExecutor.java:624)
	at java.lang.Thread.run(Thread.java:750)
2023-03-23 08:08:54,843 [dn-CertificateLifetimeMonitor] ERROR client.DNCertificateClient (DefaultCertificateClient.java:run(1239)) - Failed to renew and store key and cert. Keep using existing certificates.
org.apache.hadoop.hdds.security.x509.exception.CertificateException: Error while creating new key pair.
	at org.apache.hadoop.hdds.security.x509.certificate.client.DefaultCertificateClient.renewAndStoreKeyAndCertificate(DefaultCertificateClient.java:975)
	at org.apache.hadoop.hdds.security.x509.certificate.client.DefaultCertificateClient$CertificateLifetimeMonitor.run(DefaultCertificateClient.java:1229)
	at java.util.concurrent.Executors$RunnableAdapter.call(Executors.java:511)
	at java.util.concurrent.FutureTask.runAndReset(FutureTask.java:308)
	at java.util.concurrent.ScheduledThreadPoolExecutor$ScheduledFutureTask.access$301(ScheduledThreadPoolExecutor.java:180)
	at java.util.concurrent.ScheduledThreadPoolExecutor$ScheduledFutureTask.run(ScheduledThreadPoolExecutor.java:294)
	at java.util.concurrent.ThreadPoolExecutor.runWorker(ThreadPoolExecutor.java:1149)
	at java.util.concurrent.ThreadPoolExecutor$Worker.run(ThreadPoolExecutor.java:624)
	at java.lang.Thread.run(Thread.java:750)
Caused by: org.apache.hadoop.hdds.security.x509.exception.CertificateException: Error while bootstrapping certificate.
	at org.apache.hadoop.hdds.security.x509.certificate.client.DefaultCertificateClient.createKeyPair(DefaultCertificateClient.java:823)
	at org.apache.hadoop.hdds.security.x509.certificate.client.DefaultCertificateClient.renewAndStoreKeyAndCertificate(DefaultCertificateClient.java:973)
	... 8 more
2023-03-23 08:08:54,844 [dn-CertificateLifetimeMonitor] ERROR client.DNCertificateClient (DefaultCertificateClient.java:createKeyPair(822)) - Error while bootstrapping certificate client.
java.io.IOException: Private key already exist.
	at org.apache.hadoop.hdds.security.x509.keys.KeyCodec.writePublicKey(KeyCodec.java:197)
	at org.apache.hadoop.hdds.security.x509.certificate.client.DefaultCertificateClient.createKeyPair(DefaultCertificateClient.java:818)
	at org.apache.hadoop.hdds.security.x509.certificate.client.DefaultCertificateClient.renewAndStoreKeyAndCertificate(DefaultCertificateClient.java:973)
	at org.apache.hadoop.hdds.security.x509.certificate.client.DefaultCertificateClient$CertificateLifetimeMonitor.run(DefaultCertificateClient.java:1229)
	at java.util.concurrent.Executors$RunnableAdapter.call(Executors.java:511)
	at java.util.concurrent.FutureTask.runAndReset(FutureTask.java:308)
	at java.util.concurrent.ScheduledThreadPoolExecutor$ScheduledFutureTask.access$301(ScheduledThreadPoolExecutor.java:180)
	at java.util.concurrent.ScheduledThreadPoolExecutor$ScheduledFutureTask.run(ScheduledThreadPoolExecutor.java:294)
	at java.util.concurrent.ThreadPoolExecutor.runWorker(ThreadPoolExecutor.java:1149)
	at java.util.concurrent.ThreadPoolExecutor$Worker.run(ThreadPoolExecutor.java:624)
	at java.lang.Thread.run(Thread.java:750)
2023-03-23 08:08:54,844 [dn-CertificateLifetimeMonitor] ERROR client.DNCertificateClient (DefaultCertificateClient.java:run(1239)) - Failed to renew and store key and cert. Keep using existing certificates.
org.apache.hadoop.hdds.security.x509.exception.CertificateException: Error while creating new key pair.
	at org.apache.hadoop.hdds.security.x509.certificate.client.DefaultCertificateClient.renewAndStoreKeyAndCertificate(DefaultCertificateClient.java:975)
	at org.apache.hadoop.hdds.security.x509.certificate.client.DefaultCertificateClient$CertificateLifetimeMonitor.run(DefaultCertificateClient.java:1229)
	at java.util.concurrent.Executors$RunnableAdapter.call(Executors.java:511)
	at java.util.concurrent.FutureTask.runAndReset(FutureTask.java:308)
	at java.util.concurrent.ScheduledThreadPoolExecutor$ScheduledFutureTask.access$301(ScheduledThreadPoolExecutor.java:180)
	at java.util.concurrent.ScheduledThreadPoolExecutor$ScheduledFutureTask.run(ScheduledThreadPoolExecutor.java:294)
	at java.util.concurrent.ThreadPoolExecutor.runWorker(ThreadPoolExecutor.java:1149)
	at java.util.concurrent.ThreadPoolExecutor$Worker.run(ThreadPoolExecutor.java:624)
	at java.lang.Thread.run(Thread.java:750)
Caused by: org.apache.hadoop.hdds.security.x509.exception.CertificateException: Error while bootstrapping certificate.
	at org.apache.hadoop.hdds.security.x509.certificate.client.DefaultCertificateClient.createKeyPair(DefaultCertificateClient.java:823)
	at org.apache.hadoop.hdds.security.x509.certificate.client.DefaultCertificateClient.renewAndStoreKeyAndCertificate(DefaultCertificateClient.java:973)
	... 8 more
2023-03-23 08:08:55,664 [dn-CertificateLifetimeMonitor] INFO  client.DNCertificateClient (DefaultCertificateClient.java:run(1226)) - Current certificate has entered the expiry grace period PT0S. Starting renew key and certs.
2023-03-23 08:08:55,665 [dn-CertificateLifetimeMonitor] INFO  client.DNCertificateClient (DefaultCertificateClient.java:run(1226)) - Current certificate has entered the expiry grace period PT0S. Starting renew key and certs.
2023-03-23 08:08:55,669 [dn-CertificateLifetimeMonitor] INFO  client.DNCertificateClient (DefaultCertificateClient.java:run(1226)) - Current certificate has entered the expiry grace period PT0S. Starting renew key and certs.
2023-03-23 08:08:55,673 [dn-CertificateLifetimeMonitor] INFO  client.DNCertificateClient (DefaultCertificateClient.java:run(1226)) - Current certificate has entered the expiry grace period PT0S. Starting renew key and certs.
2023-03-23 08:08:55,681 [dn-CertificateLifetimeMonitor] INFO  client.DNCertificateClient (DefaultCertificateClient.java:run(1226)) - Current certificate has entered the expiry grace period PT0S. Starting renew key and certs.
2023-03-23 08:08:55,888 [dn-CertificateLifetimeMonitor] INFO  ozone.OzoneSecurityUtil (OzoneSecurityUtil.java:getValidInetsForCurrentHost(119)) - ip:fe80:0:0:0:20d:3aff:fe34:af96%eth0 not returned.
2023-03-23 08:08:55,889 [dn-CertificateLifetimeMonitor] INFO  ozone.OzoneSecurityUtil (OzoneSecurityUtil.java:getValidInetsForCurrentHost(116)) - Adding ip:10.1.0.31,host:fv-az453-645.hss2zji4abbufegd5wcf2so25h.dx.internal.cloudapp.net
2023-03-23 08:08:55,890 [dn-CertificateLifetimeMonitor] INFO  ozone.OzoneSecurityUtil (OzoneSecurityUtil.java:getValidInetsForCurrentHost(119)) - ip:0:0:0:0:0:0:0:1%lo not returned.
2023-03-23 08:08:55,890 [dn-CertificateLifetimeMonitor] INFO  ozone.OzoneSecurityUtil (OzoneSecurityUtil.java:getValidInetsForCurrentHost(119)) - ip:127.0.0.1 not returned.
2023-03-23 08:08:55,893 [dn-CertificateLifetimeMonitor] ERROR client.DNCertificateClient (DefaultCertificateClient.java:createKeyPair(822)) - Error while bootstrapping certificate client.
java.io.IOException: Private key already exist.
	at org.apache.hadoop.hdds.security.x509.keys.KeyCodec.writePublicKey(KeyCodec.java:197)
	at org.apache.hadoop.hdds.security.x509.certificate.client.DefaultCertificateClient.createKeyPair(DefaultCertificateClient.java:818)
	at org.apache.hadoop.hdds.security.x509.certificate.client.DefaultCertificateClient.renewAndStoreKeyAndCertificate(DefaultCertificateClient.java:973)
	at org.apache.hadoop.hdds.security.x509.certificate.client.DefaultCertificateClient$CertificateLifetimeMonitor.run(DefaultCertificateClient.java:1229)
	at java.util.concurrent.Executors$RunnableAdapter.call(Executors.java:511)
	at java.util.concurrent.FutureTask.runAndReset(FutureTask.java:308)
	at java.util.concurrent.ScheduledThreadPoolExecutor$ScheduledFutureTask.access$301(ScheduledThreadPoolExecutor.java:180)
	at java.util.concurrent.ScheduledThreadPoolExecutor$ScheduledFutureTask.run(ScheduledThreadPoolExecutor.java:294)
	at java.util.concurrent.ThreadPoolExecutor.runWorker(ThreadPoolExecutor.java:1149)
	at java.util.concurrent.ThreadPoolExecutor$Worker.run(ThreadPoolExecutor.java:624)
	at java.lang.Thread.run(Thread.java:750)
2023-03-23 08:08:55,893 [dn-CertificateLifetimeMonitor] ERROR client.DNCertificateClient (DefaultCertificateClient.java:run(1239)) - Failed to renew and store key and cert. Keep using existing certificates.
org.apache.hadoop.hdds.security.x509.exception.CertificateException: Error while creating new key pair.
	at org.apache.hadoop.hdds.security.x509.certificate.client.DefaultCertificateClient.renewAndStoreKeyAndCertificate(DefaultCertificateClient.java:975)
	at org.apache.hadoop.hdds.security.x509.certificate.client.DefaultCertificateClient$CertificateLifetimeMonitor.run(DefaultCertificateClient.java:1229)
	at java.util.concurrent.Executors$RunnableAdapter.call(Executors.java:511)
	at java.util.concurrent.FutureTask.runAndReset(FutureTask.java:308)
	at java.util.concurrent.ScheduledThreadPoolExecutor$ScheduledFutureTask.access$301(ScheduledThreadPoolExecutor.java:180)
	at java.util.concurrent.ScheduledThreadPoolExecutor$ScheduledFutureTask.run(ScheduledThreadPoolExecutor.java:294)
	at java.util.concurrent.ThreadPoolExecutor.runWorker(ThreadPoolExecutor.java:1149)
	at java.util.concurrent.ThreadPoolExecutor$Worker.run(ThreadPoolExecutor.java:624)
	at java.lang.Thread.run(Thread.java:750)
Caused by: org.apache.hadoop.hdds.security.x509.exception.CertificateException: Error while bootstrapping certificate.
	at org.apache.hadoop.hdds.security.x509.certificate.client.DefaultCertificateClient.createKeyPair(DefaultCertificateClient.java:823)
	at org.apache.hadoop.hdds.security.x509.certificate.client.DefaultCertificateClient.renewAndStoreKeyAndCertificate(DefaultCertificateClient.java:973)
	... 8 more
2023-03-23 08:08:55,898 [dn-CertificateLifetimeMonitor] INFO  client.DNCertificateClient (DNCertificateClient.java:getCSRBuilder(86)) - Created csr for DN-> subject:runner@fv-az453-645.hss2zji4abbufegd5wcf2so25h.dx.internal.cloudapp.net
2023-03-23 08:08:55,903 [dn-CertificateLifetimeMonitor] ERROR client.DNCertificateClient (DNCertificateClient.java:signAndStoreCertificate(131)) - Error while signing and storing SCM signed certificate.
org.apache.hadoop.hdds.security.x509.exception.CertificateException: Unable to retrieve datanode certificate chain.
	at org.apache.hadoop.hdds.security.x509.certificate.client.DNCertificateClient.signAndStoreCertificate(DNCertificateClient.java:127)
	at org.apache.hadoop.hdds.security.x509.certificate.client.DefaultCertificateClient.renewAndStoreKeyAndCertificate(DefaultCertificateClient.java:984)
	at org.apache.hadoop.hdds.security.x509.certificate.client.DefaultCertificateClient$CertificateLifetimeMonitor.run(DefaultCertificateClient.java:1229)
	at java.util.concurrent.Executors$RunnableAdapter.call(Executors.java:511)
	at java.util.concurrent.FutureTask.runAndReset(FutureTask.java:308)
	at java.util.concurrent.ScheduledThreadPoolExecutor$ScheduledFutureTask.access$301(ScheduledThreadPoolExecutor.java:180)
	at java.util.concurrent.ScheduledThreadPoolExecutor$ScheduledFutureTask.run(ScheduledThreadPoolExecutor.java:294)
	at java.util.concurrent.ThreadPoolExecutor.runWorker(ThreadPoolExecutor.java:1149)
	at java.util.concurrent.ThreadPoolExecutor$Worker.run(ThreadPoolExecutor.java:624)
	at java.lang.Thread.run(Thread.java:750)
2023-03-23 08:08:55,905 [dn-CertificateLifetimeMonitor] ERROR client.DNCertificateClient (DefaultCertificateClient.java:run(1239)) - Failed to renew and store key and cert. Keep using existing certificates.
org.apache.hadoop.hdds.security.x509.exception.CertificateException: Error while signing and storing new certificates.
	at org.apache.hadoop.hdds.security.x509.certificate.client.DefaultCertificateClient.renewAndStoreKeyAndCertificate(DefaultCertificateClient.java:987)
	at org.apache.hadoop.hdds.security.x509.certificate.client.DefaultCertificateClient$CertificateLifetimeMonitor.run(DefaultCertificateClient.java:1229)
	at java.util.concurrent.Executors$RunnableAdapter.call(Executors.java:511)
	at java.util.concurrent.FutureTask.runAndReset(FutureTask.java:308)
	at java.util.concurrent.ScheduledThreadPoolExecutor$ScheduledFutureTask.access$301(ScheduledThreadPoolExecutor.java:180)
	at java.util.concurrent.ScheduledThreadPoolExecutor$ScheduledFutureTask.run(ScheduledThreadPoolExecutor.java:294)
	at java.util.concurrent.ThreadPoolExecutor.runWorker(ThreadPoolExecutor.java:1149)
	at java.util.concurrent.ThreadPoolExecutor$Worker.run(ThreadPoolExecutor.java:624)
	at java.lang.Thread.run(Thread.java:750)
Caused by: org.apache.hadoop.hdds.security.x509.exception.CertificateException: Error while signing and storing SCM signed certificate.
	at org.apache.hadoop.hdds.security.x509.certificate.client.DNCertificateClient.signAndStoreCertificate(DNCertificateClient.java:132)
	at org.apache.hadoop.hdds.security.x509.certificate.client.DefaultCertificateClient.renewAndStoreKeyAndCertificate(DefaultCertificateClient.java:984)
	... 8 more
Caused by: org.apache.hadoop.hdds.security.x509.exception.CertificateException: Unable to retrieve datanode certificate chain.
	at org.apache.hadoop.hdds.security.x509.certificate.client.DNCertificateClient.signAndStoreCertificate(DNCertificateClient.java:127)
	... 9 more
2023-03-23 08:08:55,906 [dn-CertificateLifetimeMonitor] INFO  client.DNCertificateClient (DefaultCertificateClient.java:run(1226)) - Current certificate has entered the expiry grace period PT0S. Starting renew key and certs.
2023-03-23 08:08:55,941 [dn-CertificateLifetimeMonitor] INFO  ozone.OzoneSecurityUtil (OzoneSecurityUtil.java:getValidInetsForCurrentHost(119)) - ip:fe80:0:0:0:20d:3aff:fe34:af96%eth0 not returned.
2023-03-23 08:08:55,941 [dn-CertificateLifetimeMonitor] INFO  ozone.OzoneSecurityUtil (OzoneSecurityUtil.java:getValidInetsForCurrentHost(116)) - Adding ip:10.1.0.31,host:fv-az453-645.hss2zji4abbufegd5wcf2so25h.dx.internal.cloudapp.net
2023-03-23 08:08:55,941 [dn-CertificateLifetimeMonitor] INFO  ozone.OzoneSecurityUtil (OzoneSecurityUtil.java:getValidInetsForCurrentHost(119)) - ip:0:0:0:0:0:0:0:1%lo not returned.
2023-03-23 08:08:55,941 [dn-CertificateLifetimeMonitor] INFO  ozone.OzoneSecurityUtil (OzoneSecurityUtil.java:getValidInetsForCurrentHost(119)) - ip:127.0.0.1 not returned.
2023-03-23 08:08:55,942 [dn-CertificateLifetimeMonitor] INFO  client.DNCertificateClient (DNCertificateClient.java:getCSRBuilder(86)) - Created csr for DN-> subject:runner@fv-az453-645.hss2zji4abbufegd5wcf2so25h.dx.internal.cloudapp.net
2023-03-23 08:08:55,953 [dn-CertificateLifetimeMonitor] ERROR client.DNCertificateClient (DefaultCertificateClient.java:run(1239)) - Failed to renew and store key and cert. Keep using existing certificates.
org.apache.hadoop.hdds.security.x509.exception.CertificateException: Error while signing and storing new certificates.
	at org.apache.hadoop.hdds.security.x509.certificate.client.DefaultCertificateClient.renewAndStoreKeyAndCertificate(DefaultCertificateClient.java:987)
	at org.apache.hadoop.hdds.security.x509.certificate.client.DefaultCertificateClient$CertificateLifetimeMonitor.run(DefaultCertificateClient.java:1229)
	at java.util.concurrent.Executors$RunnableAdapter.call(Executors.java:511)
	at java.util.concurrent.FutureTask.runAndReset(FutureTask.java:308)
	at java.util.concurrent.ScheduledThreadPoolExecutor$ScheduledFutureTask.access$301(ScheduledThreadPoolExecutor.java:180)
	at java.util.concurrent.ScheduledThreadPoolExecutor$ScheduledFutureTask.run(ScheduledThreadPoolExecutor.java:294)
	at java.util.concurrent.ThreadPoolExecutor.runWorker(ThreadPoolExecutor.java:1149)
	at java.util.concurrent.ThreadPoolExecutor$Worker.run(ThreadPoolExecutor.java:624)
	at java.lang.Thread.run(Thread.java:750)
Caused by: org.apache.hadoop.hdds.conf.ConfigurationException: SCM Client Address could not be obtained from config. Config is not properly defined
	at org.apache.hadoop.hdds.scm.proxy.SCMSecurityProtocolFailoverProxyProvider.loadConfigs(SCMSecurityProtocolFailoverProxyProvider.java:120)
	at org.apache.hadoop.hdds.scm.proxy.SCMSecurityProtocolFailoverProxyProvider.<init>(SCMSecurityProtocolFailoverProxyProvider.java:105)
	at org.apache.hadoop.hdds.utils.HddsServerUtil.getScmSecurityClientWithMaxRetry(HddsServerUtil.java:464)
	at org.apache.hadoop.hdds.security.x509.certificate.client.DefaultCertificateClient.getScmSecureClient(DefaultCertificateClient.java:1165)
	at org.apache.hadoop.hdds.security.x509.certificate.client.DNCertificateClient.signAndStoreCertificate(DNCertificateClient.java:101)
	at org.apache.hadoop.hdds.security.x509.certificate.client.DefaultCertificateClient.renewAndStoreKeyAndCertificate(DefaultCertificateClient.java:984)
	... 8 more
2023-03-23 08:08:55,958 [dn-CertificateLifetimeMonitor] ERROR client.DNCertificateClient (DefaultCertificateClient.java:createKeyPair(822)) - Error while bootstrapping certificate client.
java.io.IOException: Private key already exist.
	at org.apache.hadoop.hdds.security.x509.keys.KeyCodec.writePublicKey(KeyCodec.java:197)
	at org.apache.hadoop.hdds.security.x509.certificate.client.DefaultCertificateClient.createKeyPair(DefaultCertificateClient.java:818)
	at org.apache.hadoop.hdds.security.x509.certificate.client.DefaultCertificateClient.renewAndStoreKeyAndCertificate(DefaultCertificateClient.java:973)
	at org.apache.hadoop.hdds.security.x509.certificate.client.DefaultCertificateClient$CertificateLifetimeMonitor.run(DefaultCertificateClient.java:1229)
	at java.util.concurrent.Executors$RunnableAdapter.call(Executors.java:511)
	at java.util.concurrent.FutureTask.runAndReset(FutureTask.java:308)
	at java.util.concurrent.ScheduledThreadPoolExecutor$ScheduledFutureTask.access$301(ScheduledThreadPoolExecutor.java:180)
	at java.util.concurrent.ScheduledThreadPoolExecutor$ScheduledFutureTask.run(ScheduledThreadPoolExecutor.java:294)
	at java.util.concurrent.ThreadPoolExecutor.runWorker(ThreadPoolExecutor.java:1149)
	at java.util.concurrent.ThreadPoolExecutor$Worker.run(ThreadPoolExecutor.java:624)
	at java.lang.Thread.run(Thread.java:750)
2023-03-23 08:08:55,959 [dn-CertificateLifetimeMonitor] ERROR client.DNCertificateClient (DefaultCertificateClient.java:run(1239)) - Failed to renew and store key and cert. Keep using existing certificates.
org.apache.hadoop.hdds.security.x509.exception.CertificateException: Error while creating new key pair.
	at org.apache.hadoop.hdds.security.x509.certificate.client.DefaultCertificateClient.renewAndStoreKeyAndCertificate(DefaultCertificateClient.java:975)
	at org.apache.hadoop.hdds.security.x509.certificate.client.DefaultCertificateClient$CertificateLifetimeMonitor.run(DefaultCertificateClient.java:1229)
	at java.util.concurrent.Executors$RunnableAdapter.call(Executors.java:511)
	at java.util.concurrent.FutureTask.runAndReset(FutureTask.java:308)
	at java.util.concurrent.ScheduledThreadPoolExecutor$ScheduledFutureTask.access$301(ScheduledThreadPoolExecutor.java:180)
	at java.util.concurrent.ScheduledThreadPoolExecutor$ScheduledFutureTask.run(ScheduledThreadPoolExecutor.java:294)
	at java.util.concurrent.ThreadPoolExecutor.runWorker(ThreadPoolExecutor.java:1149)
	at java.util.concurrent.ThreadPoolExecutor$Worker.run(ThreadPoolExecutor.java:624)
	at java.lang.Thread.run(Thread.java:750)
Caused by: org.apache.hadoop.hdds.security.x509.exception.CertificateException: Error while bootstrapping certificate.
	at org.apache.hadoop.hdds.security.x509.certificate.client.DefaultCertificateClient.createKeyPair(DefaultCertificateClient.java:823)
	at org.apache.hadoop.hdds.security.x509.certificate.client.DefaultCertificateClient.renewAndStoreKeyAndCertificate(DefaultCertificateClient.java:973)
	... 8 more
2023-03-23 08:08:56,015 [dn-CertificateLifetimeMonitor] ERROR client.DNCertificateClient (DefaultCertificateClient.java:createKeyPair(822)) - Error while bootstrapping certificate client.
java.io.IOException: Private key already exist.
	at org.apache.hadoop.hdds.security.x509.keys.KeyCodec.writePublicKey(KeyCodec.java:197)
	at org.apache.hadoop.hdds.security.x509.certificate.client.DefaultCertificateClient.createKeyPair(DefaultCertificateClient.java:818)
	at org.apache.hadoop.hdds.security.x509.certificate.client.DefaultCertificateClient.renewAndStoreKeyAndCertificate(DefaultCertificateClient.java:973)
	at org.apache.hadoop.hdds.security.x509.certificate.client.DefaultCertificateClient$CertificateLifetimeMonitor.run(DefaultCertificateClient.java:1229)
	at java.util.concurrent.Executors$RunnableAdapter.call(Executors.java:511)
	at java.util.concurrent.FutureTask.runAndReset(FutureTask.java:308)
	at java.util.concurrent.ScheduledThreadPoolExecutor$ScheduledFutureTask.access$301(ScheduledThreadPoolExecutor.java:180)
	at java.util.concurrent.ScheduledThreadPoolExecutor$ScheduledFutureTask.run(ScheduledThreadPoolExecutor.java:294)
	at java.util.concurrent.ThreadPoolExecutor.runWorker(ThreadPoolExecutor.java:1149)
	at java.util.concurrent.ThreadPoolExecutor$Worker.run(ThreadPoolExecutor.java:624)
	at java.lang.Thread.run(Thread.java:750)
2023-03-23 08:08:56,016 [dn-CertificateLifetimeMonitor] ERROR client.DNCertificateClient (DefaultCertificateClient.java:run(1239)) - Failed to renew and store key and cert. Keep using existing certificates.
org.apache.hadoop.hdds.security.x509.exception.CertificateException: Error while creating new key pair.
	at org.apache.hadoop.hdds.security.x509.certificate.client.DefaultCertificateClient.renewAndStoreKeyAndCertificate(DefaultCertificateClient.java:975)
	at org.apache.hadoop.hdds.security.x509.certificate.client.DefaultCertificateClient$CertificateLifetimeMonitor.run(DefaultCertificateClient.java:1229)
	at java.util.concurrent.Executors$RunnableAdapter.call(Executors.java:511)
	at java.util.concurrent.FutureTask.runAndReset(FutureTask.java:308)
	at java.util.concurrent.ScheduledThreadPoolExecutor$ScheduledFutureTask.access$301(ScheduledThreadPoolExecutor.java:180)
	at java.util.concurrent.ScheduledThreadPoolExecutor$ScheduledFutureTask.run(ScheduledThreadPoolExecutor.java:294)
	at java.util.concurrent.ThreadPoolExecutor.runWorker(ThreadPoolExecutor.java:1149)
	at java.util.concurrent.ThreadPoolExecutor$Worker.run(ThreadPoolExecutor.java:624)
	at java.lang.Thread.run(Thread.java:750)
Caused by: org.apache.hadoop.hdds.security.x509.exception.CertificateException: Error while bootstrapping certificate.
	at org.apache.hadoop.hdds.security.x509.certificate.client.DefaultCertificateClient.createKeyPair(DefaultCertificateClient.java:823)
	at org.apache.hadoop.hdds.security.x509.certificate.client.DefaultCertificateClient.renewAndStoreKeyAndCertificate(DefaultCertificateClient.java:973)
	... 8 more
2023-03-23 08:08:56,017 [dn-CertificateLifetimeMonitor] ERROR client.DNCertificateClient (DefaultCertificateClient.java:createKeyPair(822)) - Error while bootstrapping certificate client.
java.io.IOException: Private key already exist.
	at org.apache.hadoop.hdds.security.x509.keys.KeyCodec.writePublicKey(KeyCodec.java:197)
	at org.apache.hadoop.hdds.security.x509.certificate.client.DefaultCertificateClient.createKeyPair(DefaultCertificateClient.java:818)
	at org.apache.hadoop.hdds.security.x509.certificate.client.DefaultCertificateClient.renewAndStoreKeyAndCertificate(DefaultCertificateClient.java:973)
	at org.apache.hadoop.hdds.security.x509.certificate.client.DefaultCertificateClient$CertificateLifetimeMonitor.run(DefaultCertificateClient.java:1229)
	at java.util.concurrent.Executors$RunnableAdapter.call(Executors.java:511)
	at java.util.concurrent.FutureTask.runAndReset(FutureTask.java:308)
	at java.util.concurrent.ScheduledThreadPoolExecutor$ScheduledFutureTask.access$301(ScheduledThreadPoolExecutor.java:180)
	at java.util.concurrent.ScheduledThreadPoolExecutor$ScheduledFutureTask.run(ScheduledThreadPoolExecutor.java:294)
	at java.util.concurrent.ThreadPoolExecutor.runWorker(ThreadPoolExecutor.java:1149)
	at java.util.concurrent.ThreadPoolExecutor$Worker.run(ThreadPoolExecutor.java:624)
	at java.lang.Thread.run(Thread.java:750)
2023-03-23 08:08:56,018 [dn-CertificateLifetimeMonitor] ERROR client.DNCertificateClient (DefaultCertificateClient.java:run(1239)) - Failed to renew and store key and cert. Keep using existing certificates.
org.apache.hadoop.hdds.security.x509.exception.CertificateException: Error while creating new key pair.
	at org.apache.hadoop.hdds.security.x509.certificate.client.DefaultCertificateClient.renewAndStoreKeyAndCertificate(DefaultCertificateClient.java:975)
	at org.apache.hadoop.hdds.security.x509.certificate.client.DefaultCertificateClient$CertificateLifetimeMonitor.run(DefaultCertificateClient.java:1229)
	at java.util.concurrent.Executors$RunnableAdapter.call(Executors.java:511)
	at java.util.concurrent.FutureTask.runAndReset(FutureTask.java:308)
	at java.util.concurrent.ScheduledThreadPoolExecutor$ScheduledFutureTask.access$301(ScheduledThreadPoolExecutor.java:180)
	at java.util.concurrent.ScheduledThreadPoolExecutor$ScheduledFutureTask.run(ScheduledThreadPoolExecutor.java:294)
	at java.util.concurrent.ThreadPoolExecutor.runWorker(ThreadPoolExecutor.java:1149)
	at java.util.concurrent.ThreadPoolExecutor$Worker.run(ThreadPoolExecutor.java:624)
	at java.lang.Thread.run(Thread.java:750)
Caused by: org.apache.hadoop.hdds.security.x509.exception.CertificateException: Error while bootstrapping certificate.
	at org.apache.hadoop.hdds.security.x509.certificate.client.DefaultCertificateClient.createKeyPair(DefaultCertificateClient.java:823)
	at org.apache.hadoop.hdds.security.x509.certificate.client.DefaultCertificateClient.renewAndStoreKeyAndCertificate(DefaultCertificateClient.java:973)
	... 8 more
2023-03-23 08:08:56,897 [main] INFO  utils.SelfSignedCertificate (SelfSignedCertificate.java:generateCertificate(153)) - Certificate 1102943 is issued by CN=localhost,OU=test,O=cluster to CN=localhost,OU=test,O=cluster, valid from Thu Mar 23 08:08:56 UTC 2023 to Thu Mar 23 08:09:11 UTC 2023
2023-03-23 08:08:57,330 [dn-CertificateLifetimeMonitor] INFO  client.DNCertificateClient (DefaultCertificateClient.java:run(1226)) - Current certificate has entered the expiry grace period PT0S. Starting renew key and certs.
2023-03-23 08:08:57,331 [dn-CertificateLifetimeMonitor] INFO  client.DNCertificateClient (DefaultCertificateClient.java:run(1226)) - Current certificate has entered the expiry grace period PT0S. Starting renew key and certs.
2023-03-23 08:08:57,331 [dn-CertificateLifetimeMonitor] ERROR client.DNCertificateClient (DefaultCertificateClient.java:run(1239)) - Failed to renew and store key and cert. Keep using existing certificates.
org.apache.hadoop.hdds.security.x509.exception.CertificateException: Error while deleting/creating /home/runner/work/ozone/ozone/hadoop-hdds/container-service/target/test-dir/Mjq8nZOG0m/dn/keys-next or /home/runner/work/ozone/ozone/hadoop-hdds/container-service/target/test-dir/Mjq8nZOG0m/dn/certs-next directories to cleanup  certificate storage. 
	at org.apache.hadoop.hdds.security.x509.certificate.client.DefaultCertificateClient.renewAndStoreKeyAndCertificate(DefaultCertificateClient.java:964)
	at org.apache.hadoop.hdds.security.x509.certificate.client.DefaultCertificateClient$CertificateLifetimeMonitor.run(DefaultCertificateClient.java:1229)
	at java.util.concurrent.Executors$RunnableAdapter.call(Executors.java:511)
	at java.util.concurrent.FutureTask.runAndReset(FutureTask.java:308)
	at java.util.concurrent.ScheduledThreadPoolExecutor$ScheduledFutureTask.access$301(ScheduledThreadPoolExecutor.java:180)
	at java.util.concurrent.ScheduledThreadPoolExecutor$ScheduledFutureTask.run(ScheduledThreadPoolExecutor.java:294)
	at java.util.concurrent.ThreadPoolExecutor.runWorker(ThreadPoolExecutor.java:1149)
	at java.util.concurrent.ThreadPoolExecutor$Worker.run(ThreadPoolExecutor.java:624)
	at java.lang.Thread.run(Thread.java:750)
Caused by: org.apache.commons.io.IOExceptionList: /home/runner/work/ozone/ozone/hadoop-hdds/container-service/target/test-dir/Mjq8nZOG0m/dn/keys-next
	at org.apache.commons.io.FileUtils.cleanDirectory(FileUtils.java:331)
	at org.apache.commons.io.FileUtils.deleteDirectory(FileUtils.java:1192)
	at org.apache.hadoop.hdds.security.x509.certificate.client.DefaultCertificateClient.renewAndStoreKeyAndCertificate(DefaultCertificateClient.java:959)
	... 8 more
Caused by: java.io.IOException: Cannot delete file: /home/runner/work/ozone/ozone/hadoop-hdds/container-service/target/test-dir/Mjq8nZOG0m/dn/keys-next/private.pem
	at org.apache.commons.io.FileUtils.forceDelete(FileUtils.java:1344)
	at org.apache.commons.io.FileUtils.cleanDirectory(FileUtils.java:324)
	... 10 more
Caused by: java.nio.file.NoSuchFileException: /home/runner/work/ozone/ozone/hadoop-hdds/container-service/target/test-dir/Mjq8nZOG0m/dn/keys-next/private.pem
	at sun.nio.fs.UnixException.translateToIOException(UnixException.java:86)
	at sun.nio.fs.UnixException.rethrowAsIOException(UnixException.java:102)
	at sun.nio.fs.UnixException.rethrowAsIOException(UnixException.java:107)
	at sun.nio.fs.UnixFileAttributeViews$Basic.readAttributes(UnixFileAttributeViews.java:55)
	at sun.nio.fs.UnixFileSystemProvider.readAttributes(UnixFileSystemProvider.java:144)
	at sun.nio.fs.LinuxFileSystemProvider.readAttributes(LinuxFileSystemProvider.java:99)
	at java.nio.file.Files.readAttributes(Files.java:1737)
	at java.nio.file.Files.size(Files.java:2332)
	at org.apache.commons.io.file.PathUtils.deleteFile(PathUtils.java:483)
	at org.apache.commons.io.file.PathUtils.delete(PathUtils.java:392)
	at org.apache.commons.io.FileUtils.forceDelete(FileUtils.java:1341)
	... 11 more
2023-03-23 08:08:57,330 [dn-CertificateLifetimeMonitor] INFO  client.DNCertificateClient (DefaultCertificateClient.java:run(1226)) - Current certificate has entered the expiry grace period PT0S. Starting renew key and certs.
2023-03-23 08:08:57,337 [dn-CertificateLifetimeMonitor] INFO  client.DNCertificateClient (DefaultCertificateClient.java:run(1226)) - Current certificate has entered the expiry grace period PT0S. Starting renew key and certs.
2023-03-23 08:08:57,341 [dn-CertificateLifetimeMonitor] INFO  client.DNCertificateClient (DefaultCertificateClient.java:run(1226)) - Current certificate has entered the expiry grace period PT0S. Starting renew key and certs.
2023-03-23 08:08:57,488 [dn-CertificateLifetimeMonitor] INFO  ozone.OzoneSecurityUtil (OzoneSecurityUtil.java:getValidInetsForCurrentHost(119)) - ip:fe80:0:0:0:20d:3aff:fe34:af96%eth0 not returned.
2023-03-23 08:08:57,490 [dn-CertificateLifetimeMonitor] INFO  ozone.OzoneSecurityUtil (OzoneSecurityUtil.java:getValidInetsForCurrentHost(116)) - Adding ip:10.1.0.31,host:fv-az453-645.hss2zji4abbufegd5wcf2so25h.dx.internal.cloudapp.net
2023-03-23 08:08:57,490 [dn-CertificateLifetimeMonitor] INFO  ozone.OzoneSecurityUtil (OzoneSecurityUtil.java:getValidInetsForCurrentHost(119)) - ip:0:0:0:0:0:0:0:1%lo not returned.
2023-03-23 08:08:57,490 [dn-CertificateLifetimeMonitor] INFO  ozone.OzoneSecurityUtil (OzoneSecurityUtil.java:getValidInetsForCurrentHost(119)) - ip:127.0.0.1 not returned.
2023-03-23 08:08:57,506 [dn-CertificateLifetimeMonitor] INFO  client.DNCertificateClient (DNCertificateClient.java:getCSRBuilder(86)) - Created csr for DN-> subject:runner@fv-az453-645.hss2zji4abbufegd5wcf2so25h.dx.internal.cloudapp.net
2023-03-23 08:08:57,518 [dn-CertificateLifetimeMonitor] ERROR client.DNCertificateClient (DefaultCertificateClient.java:run(1239)) - Failed to renew and store key and cert. Keep using existing certificates.
org.apache.hadoop.hdds.security.x509.exception.CertificateException: Error while signing and storing new certificates.
	at org.apache.hadoop.hdds.security.x509.certificate.client.DefaultCertificateClient.renewAndStoreKeyAndCertificate(DefaultCertificateClient.java:987)
	at org.apache.hadoop.hdds.security.x509.certificate.client.DefaultCertificateClient$CertificateLifetimeMonitor.run(DefaultCertificateClient.java:1229)
	at java.util.concurrent.Executors$RunnableAdapter.call(Executors.java:511)
	at java.util.concurrent.FutureTask.runAndReset(FutureTask.java:308)
	at java.util.concurrent.ScheduledThreadPoolExecutor$ScheduledFutureTask.access$301(ScheduledThreadPoolExecutor.java:180)
	at java.util.concurrent.ScheduledThreadPoolExecutor$ScheduledFutureTask.run(ScheduledThreadPoolExecutor.java:294)
	at java.util.concurrent.ThreadPoolExecutor.runWorker(ThreadPoolExecutor.java:1149)
	at java.util.concurrent.ThreadPoolExecutor$Worker.run(ThreadPoolExecutor.java:624)
	at java.lang.Thread.run(Thread.java:750)
Caused by: org.apache.hadoop.hdds.conf.ConfigurationException: SCM Client Address could not be obtained from config. Config is not properly defined
	at org.apache.hadoop.hdds.scm.proxy.SCMSecurityProtocolFailoverProxyProvider.loadConfigs(SCMSecurityProtocolFailoverProxyProvider.java:120)
	at org.apache.hadoop.hdds.scm.proxy.SCMSecurityProtocolFailoverProxyProvider.<init>(SCMSecurityProtocolFailoverProxyProvider.java:105)
	at org.apache.hadoop.hdds.utils.HddsServerUtil.getScmSecurityClientWithMaxRetry(HddsServerUtil.java:464)
	at org.apache.hadoop.hdds.security.x509.certificate.client.DefaultCertificateClient.getScmSecureClient(DefaultCertificateClient.java:1165)
	at org.apache.hadoop.hdds.security.x509.certificate.client.DNCertificateClient.signAndStoreCertificate(DNCertificateClient.java:101)
	at org.apache.hadoop.hdds.security.x509.certificate.client.DefaultCertificateClient.renewAndStoreKeyAndCertificate(DefaultCertificateClient.java:984)
	... 8 more
2023-03-23 08:08:57,620 [dn-CertificateLifetimeMonitor] ERROR client.DNCertificateClient (DefaultCertificateClient.java:createKeyPair(822)) - Error while bootstrapping certificate client.
java.io.IOException: Private key already exist.
	at org.apache.hadoop.hdds.security.x509.keys.KeyCodec.writePublicKey(KeyCodec.java:197)
	at org.apache.hadoop.hdds.security.x509.certificate.client.DefaultCertificateClient.createKeyPair(DefaultCertificateClient.java:818)
	at org.apache.hadoop.hdds.security.x509.certificate.client.DefaultCertificateClient.renewAndStoreKeyAndCertificate(DefaultCertificateClient.java:973)
	at org.apache.hadoop.hdds.security.x509.certificate.client.DefaultCertificateClient$CertificateLifetimeMonitor.run(DefaultCertificateClient.java:1229)
	at java.util.concurrent.Executors$RunnableAdapter.call(Executors.java:511)
	at java.util.concurrent.FutureTask.runAndReset(FutureTask.java:308)
	at java.util.concurrent.ScheduledThreadPoolExecutor$ScheduledFutureTask.access$301(ScheduledThreadPoolExecutor.java:180)
	at java.util.concurrent.ScheduledThreadPoolExecutor$ScheduledFutureTask.run(ScheduledThreadPoolExecutor.java:294)
	at java.util.concurrent.ThreadPoolExecutor.runWorker(ThreadPoolExecutor.java:1149)
	at java.util.concurrent.ThreadPoolExecutor$Worker.run(ThreadPoolExecutor.java:624)
	at java.lang.Thread.run(Thread.java:750)
2023-03-23 08:08:57,621 [dn-CertificateLifetimeMonitor] ERROR client.DNCertificateClient (DefaultCertificateClient.java:run(1239)) - Failed to renew and store key and cert. Keep using existing certificates.
org.apache.hadoop.hdds.security.x509.exception.CertificateException: Error while creating new key pair.
	at org.apache.hadoop.hdds.security.x509.certificate.client.DefaultCertificateClient.renewAndStoreKeyAndCertificate(DefaultCertificateClient.java:975)
	at org.apache.hadoop.hdds.security.x509.certificate.client.DefaultCertificateClient$CertificateLifetimeMonitor.run(DefaultCertificateClient.java:1229)
	at java.util.concurrent.Executors$RunnableAdapter.call(Executors.java:511)
	at java.util.concurrent.FutureTask.runAndReset(FutureTask.java:308)
	at java.util.concurrent.ScheduledThreadPoolExecutor$ScheduledFutureTask.access$301(ScheduledThreadPoolExecutor.java:180)
	at java.util.concurrent.ScheduledThreadPoolExecutor$ScheduledFutureTask.run(ScheduledThreadPoolExecutor.java:294)
	at java.util.concurrent.ThreadPoolExecutor.runWorker(ThreadPoolExecutor.java:1149)
	at java.util.concurrent.ThreadPoolExecutor$Worker.run(ThreadPoolExecutor.java:624)
	at java.lang.Thread.run(Thread.java:750)
Caused by: org.apache.hadoop.hdds.security.x509.exception.CertificateException: Error while bootstrapping certificate.
	at org.apache.hadoop.hdds.security.x509.certificate.client.DefaultCertificateClient.createKeyPair(DefaultCertificateClient.java:823)
	at org.apache.hadoop.hdds.security.x509.certificate.client.DefaultCertificateClient.renewAndStoreKeyAndCertificate(DefaultCertificateClient.java:973)
	... 8 more
2023-03-23 08:08:57,622 [dn-CertificateLifetimeMonitor] INFO  client.DNCertificateClient (DefaultCertificateClient.java:run(1226)) - Current certificate has entered the expiry grace period PT0S. Starting renew key and certs.
2023-03-23 08:08:57,674 [dn-CertificateLifetimeMonitor] INFO  ozone.OzoneSecurityUtil (OzoneSecurityUtil.java:getValidInetsForCurrentHost(119)) - ip:fe80:0:0:0:20d:3aff:fe34:af96%eth0 not returned.
2023-03-23 08:08:57,674 [dn-CertificateLifetimeMonitor] INFO  ozone.OzoneSecurityUtil (OzoneSecurityUtil.java:getValidInetsForCurrentHost(116)) - Adding ip:10.1.0.31,host:fv-az453-645.hss2zji4abbufegd5wcf2so25h.dx.internal.cloudapp.net
2023-03-23 08:08:57,675 [dn-CertificateLifetimeMonitor] INFO  ozone.OzoneSecurityUtil (OzoneSecurityUtil.java:getValidInetsForCurrentHost(119)) - ip:0:0:0:0:0:0:0:1%lo not returned.
2023-03-23 08:08:57,675 [dn-CertificateLifetimeMonitor] INFO  ozone.OzoneSecurityUtil (OzoneSecurityUtil.java:getValidInetsForCurrentHost(119)) - ip:127.0.0.1 not returned.
2023-03-23 08:08:57,675 [dn-CertificateLifetimeMonitor] INFO  client.DNCertificateClient (DNCertificateClient.java:getCSRBuilder(86)) - Created csr for DN-> subject:runner@fv-az453-645.hss2zji4abbufegd5wcf2so25h.dx.internal.cloudapp.net
2023-03-23 08:08:57,686 [dn-CertificateLifetimeMonitor] ERROR client.DNCertificateClient (DefaultCertificateClient.java:run(1239)) - Failed to renew and store key and cert. Keep using existing certificates.
org.apache.hadoop.hdds.security.x509.exception.CertificateException: Error while signing and storing new certificates.
	at org.apache.hadoop.hdds.security.x509.certificate.client.DefaultCertificateClient.renewAndStoreKeyAndCertificate(DefaultCertificateClient.java:987)
	at org.apache.hadoop.hdds.security.x509.certificate.client.DefaultCertificateClient$CertificateLifetimeMonitor.run(DefaultCertificateClient.java:1229)
	at java.util.concurrent.Executors$RunnableAdapter.call(Executors.java:511)
	at java.util.concurrent.FutureTask.runAndReset(FutureTask.java:308)
	at java.util.concurrent.ScheduledThreadPoolExecutor$ScheduledFutureTask.access$301(ScheduledThreadPoolExecutor.java:180)
	at java.util.concurrent.ScheduledThreadPoolExecutor$ScheduledFutureTask.run(ScheduledThreadPoolExecutor.java:294)
	at java.util.concurrent.ThreadPoolExecutor.runWorker(ThreadPoolExecutor.java:1149)
	at java.util.concurrent.ThreadPoolExecutor$Worker.run(ThreadPoolExecutor.java:624)
	at java.lang.Thread.run(Thread.java:750)
Caused by: org.apache.hadoop.hdds.conf.ConfigurationException: SCM Client Address could not be obtained from config. Config is not properly defined
	at org.apache.hadoop.hdds.scm.proxy.SCMSecurityProtocolFailoverProxyProvider.loadConfigs(SCMSecurityProtocolFailoverProxyProvider.java:120)
	at org.apache.hadoop.hdds.scm.proxy.SCMSecurityProtocolFailoverProxyProvider.<init>(SCMSecurityProtocolFailoverProxyProvider.java:105)
	at org.apache.hadoop.hdds.utils.HddsServerUtil.getScmSecurityClientWithMaxRetry(HddsServerUtil.java:464)
	at org.apache.hadoop.hdds.security.x509.certificate.client.DefaultCertificateClient.getScmSecureClient(DefaultCertificateClient.java:1165)
	at org.apache.hadoop.hdds.security.x509.certificate.client.DNCertificateClient.signAndStoreCertificate(DNCertificateClient.java:101)
	at org.apache.hadoop.hdds.security.x509.certificate.client.DefaultCertificateClient.renewAndStoreKeyAndCertificate(DefaultCertificateClient.java:984)
	... 8 more
2023-03-23 08:08:57,740 [dn-CertificateLifetimeMonitor] ERROR client.DNCertificateClient (DefaultCertificateClient.java:createKeyPair(822)) - Error while bootstrapping certificate client.
java.io.IOException: Private key already exist.
	at org.apache.hadoop.hdds.security.x509.keys.KeyCodec.writePublicKey(KeyCodec.java:197)
	at org.apache.hadoop.hdds.security.x509.certificate.client.DefaultCertificateClient.createKeyPair(DefaultCertificateClient.java:818)
	at org.apache.hadoop.hdds.security.x509.certificate.client.DefaultCertificateClient.renewAndStoreKeyAndCertificate(DefaultCertificateClient.java:973)
	at org.apache.hadoop.hdds.security.x509.certificate.client.DefaultCertificateClient$CertificateLifetimeMonitor.run(DefaultCertificateClient.java:1229)
	at java.util.concurrent.Executors$RunnableAdapter.call(Executors.java:511)
	at java.util.concurrent.FutureTask.runAndReset(FutureTask.java:308)
	at java.util.concurrent.ScheduledThreadPoolExecutor$ScheduledFutureTask.access$301(ScheduledThreadPoolExecutor.java:180)
	at java.util.concurrent.ScheduledThreadPoolExecutor$ScheduledFutureTask.run(ScheduledThreadPoolExecutor.java:294)
	at java.util.concurrent.ThreadPoolExecutor.runWorker(ThreadPoolExecutor.java:1149)
	at java.util.concurrent.ThreadPoolExecutor$Worker.run(ThreadPoolExecutor.java:624)
	at java.lang.Thread.run(Thread.java:750)
2023-03-23 08:08:57,740 [dn-CertificateLifetimeMonitor] ERROR client.DNCertificateClient (DefaultCertificateClient.java:run(1239)) - Failed to renew and store key and cert. Keep using existing certificates.
org.apache.hadoop.hdds.security.x509.exception.CertificateException: Error while creating new key pair.
	at org.apache.hadoop.hdds.security.x509.certificate.client.DefaultCertificateClient.renewAndStoreKeyAndCertificate(DefaultCertificateClient.java:975)
	at org.apache.hadoop.hdds.security.x509.certificate.client.DefaultCertificateClient$CertificateLifetimeMonitor.run(DefaultCertificateClient.java:1229)
	at java.util.concurrent.Executors$RunnableAdapter.call(Executors.java:511)
	at java.util.concurrent.FutureTask.runAndReset(FutureTask.java:308)
	at java.util.concurrent.ScheduledThreadPoolExecutor$ScheduledFutureTask.access$301(ScheduledThreadPoolExecutor.java:180)
	at java.util.concurrent.ScheduledThreadPoolExecutor$ScheduledFutureTask.run(ScheduledThreadPoolExecutor.java:294)
	at java.util.concurrent.ThreadPoolExecutor.runWorker(ThreadPoolExecutor.java:1149)
	at java.util.concurrent.ThreadPoolExecutor$Worker.run(ThreadPoolExecutor.java:624)
	at java.lang.Thread.run(Thread.java:750)
Caused by: org.apache.hadoop.hdds.security.x509.exception.CertificateException: Error while bootstrapping certificate.
	at org.apache.hadoop.hdds.security.x509.certificate.client.DefaultCertificateClient.createKeyPair(DefaultCertificateClient.java:823)
	at org.apache.hadoop.hdds.security.x509.certificate.client.DefaultCertificateClient.renewAndStoreKeyAndCertificate(DefaultCertificateClient.java:973)
	... 8 more
2023-03-23 08:08:58,186 [dn-CertificateLifetimeMonitor] ERROR client.DNCertificateClient (DefaultCertificateClient.java:createKeyPair(822)) - Error while bootstrapping certificate client.
java.io.IOException: Private key already exist.
	at org.apache.hadoop.hdds.security.x509.keys.KeyCodec.writePublicKey(KeyCodec.java:197)
	at org.apache.hadoop.hdds.security.x509.certificate.client.DefaultCertificateClient.createKeyPair(DefaultCertificateClient.java:818)
	at org.apache.hadoop.hdds.security.x509.certificate.client.DefaultCertificateClient.renewAndStoreKeyAndCertificate(DefaultCertificateClient.java:973)
	at org.apache.hadoop.hdds.security.x509.certificate.client.DefaultCertificateClient$CertificateLifetimeMonitor.run(DefaultCertificateClient.java:1229)
	at java.util.concurrent.Executors$RunnableAdapter.call(Executors.java:511)
	at java.util.concurrent.FutureTask.runAndReset(FutureTask.java:308)
	at java.util.concurrent.ScheduledThreadPoolExecutor$ScheduledFutureTask.access$301(ScheduledThreadPoolExecutor.java:180)
	at java.util.concurrent.ScheduledThreadPoolExecutor$ScheduledFutureTask.run(ScheduledThreadPoolExecutor.java:294)
	at java.util.concurrent.ThreadPoolExecutor.runWorker(ThreadPoolExecutor.java:1149)
	at java.util.concurrent.ThreadPoolExecutor$Worker.run(ThreadPoolExecutor.java:624)
	at java.lang.Thread.run(Thread.java:750)
2023-03-23 08:08:58,187 [dn-CertificateLifetimeMonitor] ERROR client.DNCertificateClient (DefaultCertificateClient.java:run(1239)) - Failed to renew and store key and cert. Keep using existing certificates.
org.apache.hadoop.hdds.security.x509.exception.CertificateException: Error while creating new key pair.
	at org.apache.hadoop.hdds.security.x509.certificate.client.DefaultCertificateClient.renewAndStoreKeyAndCertificate(DefaultCertificateClient.java:975)
	at org.apache.hadoop.hdds.security.x509.certificate.client.DefaultCertificateClient$CertificateLifetimeMonitor.run(DefaultCertificateClient.java:1229)
	at java.util.concurrent.Executors$RunnableAdapter.call(Executors.java:511)
	at java.util.concurrent.FutureTask.runAndReset(FutureTask.java:308)
	at java.util.concurrent.ScheduledThreadPoolExecutor$ScheduledFutureTask.access$301(ScheduledThreadPoolExecutor.java:180)
	at java.util.concurrent.ScheduledThreadPoolExecutor$ScheduledFutureTask.run(ScheduledThreadPoolExecutor.java:294)
	at java.util.concurrent.ThreadPoolExecutor.runWorker(ThreadPoolExecutor.java:1149)
	at java.util.concurrent.ThreadPoolExecutor$Worker.run(ThreadPoolExecutor.java:624)
	at java.lang.Thread.run(Thread.java:750)
Caused by: org.apache.hadoop.hdds.security.x509.exception.CertificateException: Error while bootstrapping certificate.
	at org.apache.hadoop.hdds.security.x509.certificate.client.DefaultCertificateClient.createKeyPair(DefaultCertificateClient.java:823)
	at org.apache.hadoop.hdds.security.x509.certificate.client.DefaultCertificateClient.renewAndStoreKeyAndCertificate(DefaultCertificateClient.java:973)
	... 8 more
2023-03-23 08:08:58,996 [dn-CertificateLifetimeMonitor] INFO  client.DNCertificateClient (DefaultCertificateClient.java:run(1226)) - Current certificate has entered the expiry grace period PT0S. Starting renew key and certs.
2023-03-23 08:08:58,996 [dn-CertificateLifetimeMonitor] INFO  client.DNCertificateClient (DefaultCertificateClient.java:run(1226)) - Current certificate has entered the expiry grace period PT0S. Starting renew key and certs.
2023-03-23 08:08:58,998 [dn-CertificateLifetimeMonitor] INFO  client.DNCertificateClient (DefaultCertificateClient.java:run(1226)) - Current certificate has entered the expiry grace period PT0S. Starting renew key and certs.
2023-03-23 08:08:58,999 [dn-CertificateLifetimeMonitor] INFO  client.DNCertificateClient (DefaultCertificateClient.java:run(1226)) - Current certificate has entered the expiry grace period PT0S. Starting renew key and certs.
2023-03-23 08:08:59,005 [dn-CertificateLifetimeMonitor] INFO  client.DNCertificateClient (DefaultCertificateClient.java:run(1226)) - Current certificate has entered the expiry grace period PT0S. Starting renew key and certs.
2023-03-23 08:08:59,014 [dn-CertificateLifetimeMonitor] INFO  client.DNCertificateClient (DefaultCertificateClient.java:run(1226)) - Current certificate has entered the expiry grace period PT0S. Starting renew key and certs.
2023-03-23 08:08:59,573 [dn-CertificateLifetimeMonitor] INFO  ozone.OzoneSecurityUtil (OzoneSecurityUtil.java:getValidInetsForCurrentHost(119)) - ip:fe80:0:0:0:20d:3aff:fe34:af96%eth0 not returned.
2023-03-23 08:08:59,573 [dn-CertificateLifetimeMonitor] INFO  ozone.OzoneSecurityUtil (OzoneSecurityUtil.java:getValidInetsForCurrentHost(116)) - Adding ip:10.1.0.31,host:fv-az453-645.hss2zji4abbufegd5wcf2so25h.dx.internal.cloudapp.net
2023-03-23 08:08:59,574 [dn-CertificateLifetimeMonitor] INFO  ozone.OzoneSecurityUtil (OzoneSecurityUtil.java:getValidInetsForCurrentHost(119)) - ip:0:0:0:0:0:0:0:1%lo not returned.
2023-03-23 08:08:59,574 [dn-CertificateLifetimeMonitor] INFO  ozone.OzoneSecurityUtil (OzoneSecurityUtil.java:getValidInetsForCurrentHost(119)) - ip:127.0.0.1 not returned.
2023-03-23 08:08:59,583 [dn-CertificateLifetimeMonitor] INFO  client.DNCertificateClient (DNCertificateClient.java:getCSRBuilder(86)) - Created csr for DN-> subject:runner@fv-az453-645.hss2zji4abbufegd5wcf2so25h.dx.internal.cloudapp.net
2023-03-23 08:08:59,589 [dn-CertificateLifetimeMonitor] ERROR client.DNCertificateClient (DefaultCertificateClient.java:run(1239)) - Failed to renew and store key and cert. Keep using existing certificates.
org.apache.hadoop.hdds.security.x509.exception.CertificateException: Error while signing and storing new certificates.
	at org.apache.hadoop.hdds.security.x509.certificate.client.DefaultCertificateClient.renewAndStoreKeyAndCertificate(DefaultCertificateClient.java:987)
	at org.apache.hadoop.hdds.security.x509.certificate.client.DefaultCertificateClient$CertificateLifetimeMonitor.run(DefaultCertificateClient.java:1229)
	at java.util.concurrent.Executors$RunnableAdapter.call(Executors.java:511)
	at java.util.concurrent.FutureTask.runAndReset(FutureTask.java:308)
	at java.util.concurrent.ScheduledThreadPoolExecutor$ScheduledFutureTask.access$301(ScheduledThreadPoolExecutor.java:180)
	at java.util.concurrent.ScheduledThreadPoolExecutor$ScheduledFutureTask.run(ScheduledThreadPoolExecutor.java:294)
	at java.util.concurrent.ThreadPoolExecutor.runWorker(ThreadPoolExecutor.java:1149)
	at java.util.concurrent.ThreadPoolExecutor$Worker.run(ThreadPoolExecutor.java:624)
	at java.lang.Thread.run(Thread.java:750)
Caused by: org.apache.hadoop.hdds.conf.ConfigurationException: SCM Client Address could not be obtained from config. Config is not properly defined
	at org.apache.hadoop.hdds.scm.proxy.SCMSecurityProtocolFailoverProxyProvider.loadConfigs(SCMSecurityProtocolFailoverProxyProvider.java:120)
	at org.apache.hadoop.hdds.scm.proxy.SCMSecurityProtocolFailoverProxyProvider.<init>(SCMSecurityProtocolFailoverProxyProvider.java:105)
	at org.apache.hadoop.hdds.utils.HddsServerUtil.getScmSecurityClientWithMaxRetry(HddsServerUtil.java:464)
	at org.apache.hadoop.hdds.security.x509.certificate.client.DefaultCertificateClient.getScmSecureClient(DefaultCertificateClient.java:1165)
	at org.apache.hadoop.hdds.security.x509.certificate.client.DNCertificateClient.signAndStoreCertificate(DNCertificateClient.java:101)
	at org.apache.hadoop.hdds.security.x509.certificate.client.DefaultCertificateClient.renewAndStoreKeyAndCertificate(DefaultCertificateClient.java:984)
	... 8 more
2023-03-23 08:08:59,726 [dn-CertificateLifetimeMonitor] ERROR client.DNCertificateClient (DefaultCertificateClient.java:createKeyPair(822)) - Error while bootstrapping certificate client.
java.io.IOException: Private key already exist.
	at org.apache.hadoop.hdds.security.x509.keys.KeyCodec.writePublicKey(KeyCodec.java:197)
	at org.apache.hadoop.hdds.security.x509.certificate.client.DefaultCertificateClient.createKeyPair(DefaultCertificateClient.java:818)
	at org.apache.hadoop.hdds.security.x509.certificate.client.DefaultCertificateClient.renewAndStoreKeyAndCertificate(DefaultCertificateClient.java:973)
	at org.apache.hadoop.hdds.security.x509.certificate.client.DefaultCertificateClient$CertificateLifetimeMonitor.run(DefaultCertificateClient.java:1229)
	at java.util.concurrent.Executors$RunnableAdapter.call(Executors.java:511)
	at java.util.concurrent.FutureTask.runAndReset(FutureTask.java:308)
	at java.util.concurrent.ScheduledThreadPoolExecutor$ScheduledFutureTask.access$301(ScheduledThreadPoolExecutor.java:180)
	at java.util.concurrent.ScheduledThreadPoolExecutor$ScheduledFutureTask.run(ScheduledThreadPoolExecutor.java:294)
	at java.util.concurrent.ThreadPoolExecutor.runWorker(ThreadPoolExecutor.java:1149)
	at java.util.concurrent.ThreadPoolExecutor$Worker.run(ThreadPoolExecutor.java:624)
	at java.lang.Thread.run(Thread.java:750)
2023-03-23 08:08:59,726 [dn-CertificateLifetimeMonitor] ERROR client.DNCertificateClient (DefaultCertificateClient.java:run(1239)) - Failed to renew and store key and cert. Keep using existing certificates.
org.apache.hadoop.hdds.security.x509.exception.CertificateException: Error while creating new key pair.
	at org.apache.hadoop.hdds.security.x509.certificate.client.DefaultCertificateClient.renewAndStoreKeyAndCertificate(DefaultCertificateClient.java:975)
	at org.apache.hadoop.hdds.security.x509.certificate.client.DefaultCertificateClient$CertificateLifetimeMonitor.run(DefaultCertificateClient.java:1229)
	at java.util.concurrent.Executors$RunnableAdapter.call(Executors.java:511)
	at java.util.concurrent.FutureTask.runAndReset(FutureTask.java:308)
	at java.util.concurrent.ScheduledThreadPoolExecutor$ScheduledFutureTask.access$301(ScheduledThreadPoolExecutor.java:180)
	at java.util.concurrent.ScheduledThreadPoolExecutor$ScheduledFutureTask.run(ScheduledThreadPoolExecutor.java:294)
	at java.util.concurrent.ThreadPoolExecutor.runWorker(ThreadPoolExecutor.java:1149)
	at java.util.concurrent.ThreadPoolExecutor$Worker.run(ThreadPoolExecutor.java:624)
	at java.lang.Thread.run(Thread.java:750)
Caused by: org.apache.hadoop.hdds.security.x509.exception.CertificateException: Error while bootstrapping certificate.
	at org.apache.hadoop.hdds.security.x509.certificate.client.DefaultCertificateClient.createKeyPair(DefaultCertificateClient.java:823)
	at org.apache.hadoop.hdds.security.x509.certificate.client.DefaultCertificateClient.renewAndStoreKeyAndCertificate(DefaultCertificateClient.java:973)
	... 8 more
2023-03-23 08:08:59,739 [dn-CertificateLifetimeMonitor] ERROR client.DNCertificateClient (DefaultCertificateClient.java:createKeyPair(822)) - Error while bootstrapping certificate client.
java.io.IOException: Private key already exist.
	at org.apache.hadoop.hdds.security.x509.keys.KeyCodec.writePublicKey(KeyCodec.java:197)
	at org.apache.hadoop.hdds.security.x509.certificate.client.DefaultCertificateClient.createKeyPair(DefaultCertificateClient.java:818)
	at org.apache.hadoop.hdds.security.x509.certificate.client.DefaultCertificateClient.renewAndStoreKeyAndCertificate(DefaultCertificateClient.java:973)
	at org.apache.hadoop.hdds.security.x509.certificate.client.DefaultCertificateClient$CertificateLifetimeMonitor.run(DefaultCertificateClient.java:1229)
	at java.util.concurrent.Executors$RunnableAdapter.call(Executors.java:511)
	at java.util.concurrent.FutureTask.runAndReset(FutureTask.java:308)
	at java.util.concurrent.ScheduledThreadPoolExecutor$ScheduledFutureTask.access$301(ScheduledThreadPoolExecutor.java:180)
	at java.util.concurrent.ScheduledThreadPoolExecutor$ScheduledFutureTask.run(ScheduledThreadPoolExecutor.java:294)
	at java.util.concurrent.ThreadPoolExecutor.runWorker(ThreadPoolExecutor.java:1149)
	at java.util.concurrent.ThreadPoolExecutor$Worker.run(ThreadPoolExecutor.java:624)
	at java.lang.Thread.run(Thread.java:750)
2023-03-23 08:08:59,740 [dn-CertificateLifetimeMonitor] ERROR client.DNCertificateClient (DefaultCertificateClient.java:run(1239)) - Failed to renew and store key and cert. Keep using existing certificates.
org.apache.hadoop.hdds.security.x509.exception.CertificateException: Error while creating new key pair.
	at org.apache.hadoop.hdds.security.x509.certificate.client.DefaultCertificateClient.renewAndStoreKeyAndCertificate(DefaultCertificateClient.java:975)
	at org.apache.hadoop.hdds.security.x509.certificate.client.DefaultCertificateClient$CertificateLifetimeMonitor.run(DefaultCertificateClient.java:1229)
	at java.util.concurrent.Executors$RunnableAdapter.call(Executors.java:511)
	at java.util.concurrent.FutureTask.runAndReset(FutureTask.java:308)
	at java.util.concurrent.ScheduledThreadPoolExecutor$ScheduledFutureTask.access$301(ScheduledThreadPoolExecutor.java:180)
	at java.util.concurrent.ScheduledThreadPoolExecutor$ScheduledFutureTask.run(ScheduledThreadPoolExecutor.java:294)
	at java.util.concurrent.ThreadPoolExecutor.runWorker(ThreadPoolExecutor.java:1149)
	at java.util.concurrent.ThreadPoolExecutor$Worker.run(ThreadPoolExecutor.java:624)
	at java.lang.Thread.run(Thread.java:750)
Caused by: org.apache.hadoop.hdds.security.x509.exception.CertificateException: Error while bootstrapping certificate.
	at org.apache.hadoop.hdds.security.x509.certificate.client.DefaultCertificateClient.createKeyPair(DefaultCertificateClient.java:823)
	at org.apache.hadoop.hdds.security.x509.certificate.client.DefaultCertificateClient.renewAndStoreKeyAndCertificate(DefaultCertificateClient.java:973)
	... 8 more
2023-03-23 08:08:59,754 [dn-CertificateLifetimeMonitor] ERROR client.DNCertificateClient (DefaultCertificateClient.java:createKeyPair(822)) - Error while bootstrapping certificate client.
java.io.IOException: Private key already exist.
	at org.apache.hadoop.hdds.security.x509.keys.KeyCodec.writePublicKey(KeyCodec.java:197)
	at org.apache.hadoop.hdds.security.x509.certificate.client.DefaultCertificateClient.createKeyPair(DefaultCertificateClient.java:818)
	at org.apache.hadoop.hdds.security.x509.certificate.client.DefaultCertificateClient.renewAndStoreKeyAndCertificate(DefaultCertificateClient.java:973)
	at org.apache.hadoop.hdds.security.x509.certificate.client.DefaultCertificateClient$CertificateLifetimeMonitor.run(DefaultCertificateClient.java:1229)
	at java.util.concurrent.Executors$RunnableAdapter.call(Executors.java:511)
	at java.util.concurrent.FutureTask.runAndReset(FutureTask.java:308)
	at java.util.concurrent.ScheduledThreadPoolExecutor$ScheduledFutureTask.access$301(ScheduledThreadPoolExecutor.java:180)
	at java.util.concurrent.ScheduledThreadPoolExecutor$ScheduledFutureTask.run(ScheduledThreadPoolExecutor.java:294)
	at java.util.concurrent.ThreadPoolExecutor.runWorker(ThreadPoolExecutor.java:1149)
	at java.util.concurrent.ThreadPoolExecutor$Worker.run(ThreadPoolExecutor.java:624)
	at java.lang.Thread.run(Thread.java:750)
2023-03-23 08:08:59,754 [dn-CertificateLifetimeMonitor] ERROR client.DNCertificateClient (DefaultCertificateClient.java:run(1239)) - Failed to renew and store key and cert. Keep using existing certificates.
org.apache.hadoop.hdds.security.x509.exception.CertificateException: Error while creating new key pair.
	at org.apache.hadoop.hdds.security.x509.certificate.client.DefaultCertificateClient.renewAndStoreKeyAndCertificate(DefaultCertificateClient.java:975)
	at org.apache.hadoop.hdds.security.x509.certificate.client.DefaultCertificateClient$CertificateLifetimeMonitor.run(DefaultCertificateClient.java:1229)
	at java.util.concurrent.Executors$RunnableAdapter.call(Executors.java:511)
	at java.util.concurrent.FutureTask.runAndReset(FutureTask.java:308)
	at java.util.concurrent.ScheduledThreadPoolExecutor$ScheduledFutureTask.access$301(ScheduledThreadPoolExecutor.java:180)
	at java.util.concurrent.ScheduledThreadPoolExecutor$ScheduledFutureTask.run(ScheduledThreadPoolExecutor.java:294)
	at java.util.concurrent.ThreadPoolExecutor.runWorker(ThreadPoolExecutor.java:1149)
	at java.util.concurrent.ThreadPoolExecutor$Worker.run(ThreadPoolExecutor.java:624)
	at java.lang.Thread.run(Thread.java:750)
Caused by: org.apache.hadoop.hdds.security.x509.exception.CertificateException: Error while bootstrapping certificate.
	at org.apache.hadoop.hdds.security.x509.certificate.client.DefaultCertificateClient.createKeyPair(DefaultCertificateClient.java:823)
	at org.apache.hadoop.hdds.security.x509.certificate.client.DefaultCertificateClient.renewAndStoreKeyAndCertificate(DefaultCertificateClient.java:973)
	... 8 more
2023-03-23 08:08:59,804 [dn-CertificateLifetimeMonitor] ERROR client.DNCertificateClient (DefaultCertificateClient.java:createKeyPair(822)) - Error while bootstrapping certificate client.
java.io.IOException: Private key already exist.
	at org.apache.hadoop.hdds.security.x509.keys.KeyCodec.writePublicKey(KeyCodec.java:197)
	at org.apache.hadoop.hdds.security.x509.certificate.client.DefaultCertificateClient.createKeyPair(DefaultCertificateClient.java:818)
	at org.apache.hadoop.hdds.security.x509.certificate.client.DefaultCertificateClient.renewAndStoreKeyAndCertificate(DefaultCertificateClient.java:973)
	at org.apache.hadoop.hdds.security.x509.certificate.client.DefaultCertificateClient$CertificateLifetimeMonitor.run(DefaultCertificateClient.java:1229)
	at java.util.concurrent.Executors$RunnableAdapter.call(Executors.java:511)
	at java.util.concurrent.FutureTask.runAndReset(FutureTask.java:308)
	at java.util.concurrent.ScheduledThreadPoolExecutor$ScheduledFutureTask.access$301(ScheduledThreadPoolExecutor.java:180)
	at java.util.concurrent.ScheduledThreadPoolExecutor$ScheduledFutureTask.run(ScheduledThreadPoolExecutor.java:294)
	at java.util.concurrent.ThreadPoolExecutor.runWorker(ThreadPoolExecutor.java:1149)
	at java.util.concurrent.ThreadPoolExecutor$Worker.run(ThreadPoolExecutor.java:624)
	at java.lang.Thread.run(Thread.java:750)
2023-03-23 08:08:59,804 [dn-CertificateLifetimeMonitor] ERROR client.DNCertificateClient (DefaultCertificateClient.java:run(1239)) - Failed to renew and store key and cert. Keep using existing certificates.
org.apache.hadoop.hdds.security.x509.exception.CertificateException: Error while creating new key pair.
	at org.apache.hadoop.hdds.security.x509.certificate.client.DefaultCertificateClient.renewAndStoreKeyAndCertificate(DefaultCertificateClient.java:975)
	at org.apache.hadoop.hdds.security.x509.certificate.client.DefaultCertificateClient$CertificateLifetimeMonitor.run(DefaultCertificateClient.java:1229)
	at java.util.concurrent.Executors$RunnableAdapter.call(Executors.java:511)
	at java.util.concurrent.FutureTask.runAndReset(FutureTask.java:308)
	at java.util.concurrent.ScheduledThreadPoolExecutor$ScheduledFutureTask.access$301(ScheduledThreadPoolExecutor.java:180)
	at java.util.concurrent.ScheduledThreadPoolExecutor$ScheduledFutureTask.run(ScheduledThreadPoolExecutor.java:294)
	at java.util.concurrent.ThreadPoolExecutor.runWorker(ThreadPoolExecutor.java:1149)
	at java.util.concurrent.ThreadPoolExecutor$Worker.run(ThreadPoolExecutor.java:624)
	at java.lang.Thread.run(Thread.java:750)
Caused by: org.apache.hadoop.hdds.security.x509.exception.CertificateException: Error while bootstrapping certificate.
	at org.apache.hadoop.hdds.security.x509.certificate.client.DefaultCertificateClient.createKeyPair(DefaultCertificateClient.java:823)
	at org.apache.hadoop.hdds.security.x509.certificate.client.DefaultCertificateClient.renewAndStoreKeyAndCertificate(DefaultCertificateClient.java:973)
	... 8 more
2023-03-23 08:09:00,662 [dn-CertificateLifetimeMonitor] INFO  client.DNCertificateClient (DefaultCertificateClient.java:run(1226)) - Current certificate has entered the expiry grace period PT0S. Starting renew key and certs.
2023-03-23 08:09:00,662 [dn-CertificateLifetimeMonitor] INFO  client.DNCertificateClient (DefaultCertificateClient.java:run(1226)) - Current certificate has entered the expiry grace period PT0S. Starting renew key and certs.
2023-03-23 08:09:00,663 [dn-CertificateLifetimeMonitor] ERROR client.DNCertificateClient (DefaultCertificateClient.java:run(1239)) - Failed to renew and store key and cert. Keep using existing certificates.
org.apache.hadoop.hdds.security.x509.exception.CertificateException: Error while deleting/creating /home/runner/work/ozone/ozone/hadoop-hdds/container-service/target/test-dir/Mjq8nZOG0m/dn/keys-next or /home/runner/work/ozone/ozone/hadoop-hdds/container-service/target/test-dir/Mjq8nZOG0m/dn/certs-next directories to cleanup  certificate storage. 
	at org.apache.hadoop.hdds.security.x509.certificate.client.DefaultCertificateClient.renewAndStoreKeyAndCertificate(DefaultCertificateClient.java:964)
	at org.apache.hadoop.hdds.security.x509.certificate.client.DefaultCertificateClient$CertificateLifetimeMonitor.run(DefaultCertificateClient.java:1229)
	at java.util.concurrent.Executors$RunnableAdapter.call(Executors.java:511)
	at java.util.concurrent.FutureTask.runAndReset(FutureTask.java:308)
	at java.util.concurrent.ScheduledThreadPoolExecutor$ScheduledFutureTask.access$301(ScheduledThreadPoolExecutor.java:180)
	at java.util.concurrent.ScheduledThreadPoolExecutor$ScheduledFutureTask.run(ScheduledThreadPoolExecutor.java:294)
	at java.util.concurrent.ThreadPoolExecutor.runWorker(ThreadPoolExecutor.java:1149)
	at java.util.concurrent.ThreadPoolExecutor$Worker.run(ThreadPoolExecutor.java:624)
	at java.lang.Thread.run(Thread.java:750)
Caused by: org.apache.commons.io.IOExceptionList: /home/runner/work/ozone/ozone/hadoop-hdds/container-service/target/test-dir/Mjq8nZOG0m/dn/keys-next
	at org.apache.commons.io.FileUtils.cleanDirectory(FileUtils.java:331)
	at org.apache.commons.io.FileUtils.deleteDirectory(FileUtils.java:1192)
	at org.apache.hadoop.hdds.security.x509.certificate.client.DefaultCertificateClient.renewAndStoreKeyAndCertificate(DefaultCertificateClient.java:959)
	... 8 more
Caused by: java.io.FileNotFoundException: File does not exist: /home/runner/work/ozone/ozone/hadoop-hdds/container-service/target/test-dir/Mjq8nZOG0m/dn/keys-next/public.pem
	at org.apache.commons.io.FileUtils.forceDelete(FileUtils.java:1349)
	at org.apache.commons.io.FileUtils.cleanDirectory(FileUtils.java:324)
	... 10 more
2023-03-23 08:09:00,664 [dn-CertificateLifetimeMonitor] INFO  client.DNCertificateClient (DefaultCertificateClient.java:run(1226)) - Current certificate has entered the expiry grace period PT0S. Starting renew key and certs.
2023-03-23 08:09:00,665 [dn-CertificateLifetimeMonitor] INFO  client.DNCertificateClient (DefaultCertificateClient.java:run(1226)) - Current certificate has entered the expiry grace period PT0S. Starting renew key and certs.
2023-03-23 08:09:00,667 [dn-CertificateLifetimeMonitor] INFO  client.DNCertificateClient (DefaultCertificateClient.java:run(1226)) - Current certificate has entered the expiry grace period PT0S. Starting renew key and certs.
2023-03-23 08:09:01,127 [dn-CertificateLifetimeMonitor] INFO  ozone.OzoneSecurityUtil (OzoneSecurityUtil.java:getValidInetsForCurrentHost(119)) - ip:fe80:0:0:0:20d:3aff:fe34:af96%eth0 not returned.
2023-03-23 08:09:01,127 [dn-CertificateLifetimeMonitor] INFO  ozone.OzoneSecurityUtil (OzoneSecurityUtil.java:getValidInetsForCurrentHost(116)) - Adding ip:10.1.0.31,host:fv-az453-645.hss2zji4abbufegd5wcf2so25h.dx.internal.cloudapp.net
2023-03-23 08:09:01,127 [dn-CertificateLifetimeMonitor] INFO  ozone.OzoneSecurityUtil (OzoneSecurityUtil.java:getValidInetsForCurrentHost(119)) - ip:0:0:0:0:0:0:0:1%lo not returned.
2023-03-23 08:09:01,127 [dn-CertificateLifetimeMonitor] INFO  ozone.OzoneSecurityUtil (OzoneSecurityUtil.java:getValidInetsForCurrentHost(119)) - ip:127.0.0.1 not returned.
2023-03-23 08:09:01,137 [dn-CertificateLifetimeMonitor] INFO  client.DNCertificateClient (DNCertificateClient.java:getCSRBuilder(86)) - Created csr for DN-> subject:runner@fv-az453-645.hss2zji4abbufegd5wcf2so25h.dx.internal.cloudapp.net
2023-03-23 08:09:01,144 [dn-CertificateLifetimeMonitor] ERROR client.DNCertificateClient (DefaultCertificateClient.java:run(1239)) - Failed to renew and store key and cert. Keep using existing certificates.
org.apache.hadoop.hdds.security.x509.exception.CertificateException: Error while signing and storing new certificates.
	at org.apache.hadoop.hdds.security.x509.certificate.client.DefaultCertificateClient.renewAndStoreKeyAndCertificate(DefaultCertificateClient.java:987)
	at org.apache.hadoop.hdds.security.x509.certificate.client.DefaultCertificateClient$CertificateLifetimeMonitor.run(DefaultCertificateClient.java:1229)
	at java.util.concurrent.Executors$RunnableAdapter.call(Executors.java:511)
	at java.util.concurrent.FutureTask.runAndReset(FutureTask.java:308)
	at java.util.concurrent.ScheduledThreadPoolExecutor$ScheduledFutureTask.access$301(ScheduledThreadPoolExecutor.java:180)
	at java.util.concurrent.ScheduledThreadPoolExecutor$ScheduledFutureTask.run(ScheduledThreadPoolExecutor.java:294)
	at java.util.concurrent.ThreadPoolExecutor.runWorker(ThreadPoolExecutor.java:1149)
	at java.util.concurrent.ThreadPoolExecutor$Worker.run(ThreadPoolExecutor.java:624)
	at java.lang.Thread.run(Thread.java:750)
Caused by: org.apache.hadoop.hdds.conf.ConfigurationException: SCM Client Address could not be obtained from config. Config is not properly defined
	at org.apache.hadoop.hdds.scm.proxy.SCMSecurityProtocolFailoverProxyProvider.loadConfigs(SCMSecurityProtocolFailoverProxyProvider.java:120)
	at org.apache.hadoop.hdds.scm.proxy.SCMSecurityProtocolFailoverProxyProvider.<init>(SCMSecurityProtocolFailoverProxyProvider.java:105)
	at org.apache.hadoop.hdds.utils.HddsServerUtil.getScmSecurityClientWithMaxRetry(HddsServerUtil.java:464)
	at org.apache.hadoop.hdds.security.x509.certificate.client.DefaultCertificateClient.getScmSecureClient(DefaultCertificateClient.java:1165)
	at org.apache.hadoop.hdds.security.x509.certificate.client.DNCertificateClient.signAndStoreCertificate(DNCertificateClient.java:101)
	at org.apache.hadoop.hdds.security.x509.certificate.client.DefaultCertificateClient.renewAndStoreKeyAndCertificate(DefaultCertificateClient.java:984)
	... 8 more
2023-03-23 08:09:01,176 [dn-CertificateLifetimeMonitor] ERROR client.DNCertificateClient (DefaultCertificateClient.java:createKeyPair(822)) - Error while bootstrapping certificate client.
java.io.IOException: Private key already exist.
	at org.apache.hadoop.hdds.security.x509.keys.KeyCodec.writePublicKey(KeyCodec.java:197)
	at org.apache.hadoop.hdds.security.x509.certificate.client.DefaultCertificateClient.createKeyPair(DefaultCertificateClient.java:818)
	at org.apache.hadoop.hdds.security.x509.certificate.client.DefaultCertificateClient.renewAndStoreKeyAndCertificate(DefaultCertificateClient.java:973)
	at org.apache.hadoop.hdds.security.x509.certificate.client.DefaultCertificateClient$CertificateLifetimeMonitor.run(DefaultCertificateClient.java:1229)
	at java.util.concurrent.Executors$RunnableAdapter.call(Executors.java:511)
	at java.util.concurrent.FutureTask.runAndReset(FutureTask.java:308)
	at java.util.concurrent.ScheduledThreadPoolExecutor$ScheduledFutureTask.access$301(ScheduledThreadPoolExecutor.java:180)
	at java.util.concurrent.ScheduledThreadPoolExecutor$ScheduledFutureTask.run(ScheduledThreadPoolExecutor.java:294)
	at java.util.concurrent.ThreadPoolExecutor.runWorker(ThreadPoolExecutor.java:1149)
	at java.util.concurrent.ThreadPoolExecutor$Worker.run(ThreadPoolExecutor.java:624)
	at java.lang.Thread.run(Thread.java:750)
2023-03-23 08:09:01,177 [dn-CertificateLifetimeMonitor] ERROR client.DNCertificateClient (DefaultCertificateClient.java:run(1239)) - Failed to renew and store key and cert. Keep using existing certificates.
org.apache.hadoop.hdds.security.x509.exception.CertificateException: Error while creating new key pair.
	at org.apache.hadoop.hdds.security.x509.certificate.client.DefaultCertificateClient.renewAndStoreKeyAndCertificate(DefaultCertificateClient.java:975)
	at org.apache.hadoop.hdds.security.x509.certificate.client.DefaultCertificateClient$CertificateLifetimeMonitor.run(DefaultCertificateClient.java:1229)
	at java.util.concurrent.Executors$RunnableAdapter.call(Executors.java:511)
	at java.util.concurrent.FutureTask.runAndReset(FutureTask.java:308)
	at java.util.concurrent.ScheduledThreadPoolExecutor$ScheduledFutureTask.access$301(ScheduledThreadPoolExecutor.java:180)
	at java.util.concurrent.ScheduledThreadPoolExecutor$ScheduledFutureTask.run(ScheduledThreadPoolExecutor.java:294)
	at java.util.concurrent.ThreadPoolExecutor.runWorker(ThreadPoolExecutor.java:1149)
	at java.util.concurrent.ThreadPoolExecutor$Worker.run(ThreadPoolExecutor.java:624)
	at java.lang.Thread.run(Thread.java:750)
Caused by: org.apache.hadoop.hdds.security.x509.exception.CertificateException: Error while bootstrapping certificate.
	at org.apache.hadoop.hdds.security.x509.certificate.client.DefaultCertificateClient.createKeyPair(DefaultCertificateClient.java:823)
	at org.apache.hadoop.hdds.security.x509.certificate.client.DefaultCertificateClient.renewAndStoreKeyAndCertificate(DefaultCertificateClient.java:973)
	... 8 more
2023-03-23 08:09:01,200 [dn-CertificateLifetimeMonitor] ERROR client.DNCertificateClient (DefaultCertificateClient.java:createKeyPair(822)) - Error while bootstrapping certificate client.
java.io.IOException: Private key already exist.
	at org.apache.hadoop.hdds.security.x509.keys.KeyCodec.writePublicKey(KeyCodec.java:197)
	at org.apache.hadoop.hdds.security.x509.certificate.client.DefaultCertificateClient.createKeyPair(DefaultCertificateClient.java:818)
	at org.apache.hadoop.hdds.security.x509.certificate.client.DefaultCertificateClient.renewAndStoreKeyAndCertificate(DefaultCertificateClient.java:973)
	at org.apache.hadoop.hdds.security.x509.certificate.client.DefaultCertificateClient$CertificateLifetimeMonitor.run(DefaultCertificateClient.java:1229)
	at java.util.concurrent.Executors$RunnableAdapter.call(Executors.java:511)
	at java.util.concurrent.FutureTask.runAndReset(FutureTask.java:308)
	at java.util.concurrent.ScheduledThreadPoolExecutor$ScheduledFutureTask.access$301(ScheduledThreadPoolExecutor.java:180)
	at java.util.concurrent.ScheduledThreadPoolExecutor$ScheduledFutureTask.run(ScheduledThreadPoolExecutor.java:294)
	at java.util.concurrent.ThreadPoolExecutor.runWorker(ThreadPoolExecutor.java:1149)
	at java.util.concurrent.ThreadPoolExecutor$Worker.run(ThreadPoolExecutor.java:624)
	at java.lang.Thread.run(Thread.java:750)
2023-03-23 08:09:01,200 [dn-CertificateLifetimeMonitor] ERROR client.DNCertificateClient (DefaultCertificateClient.java:run(1239)) - Failed to renew and store key and cert. Keep using existing certificates.
org.apache.hadoop.hdds.security.x509.exception.CertificateException: Error while creating new key pair.
	at org.apache.hadoop.hdds.security.x509.certificate.client.DefaultCertificateClient.renewAndStoreKeyAndCertificate(DefaultCertificateClient.java:975)
	at org.apache.hadoop.hdds.security.x509.certificate.client.DefaultCertificateClient$CertificateLifetimeMonitor.run(DefaultCertificateClient.java:1229)
	at java.util.concurrent.Executors$RunnableAdapter.call(Executors.java:511)
	at java.util.concurrent.FutureTask.runAndReset(FutureTask.java:308)
	at java.util.concurrent.ScheduledThreadPoolExecutor$ScheduledFutureTask.access$301(ScheduledThreadPoolExecutor.java:180)
	at java.util.concurrent.ScheduledThreadPoolExecutor$ScheduledFutureTask.run(ScheduledThreadPoolExecutor.java:294)
	at java.util.concurrent.ThreadPoolExecutor.runWorker(ThreadPoolExecutor.java:1149)
	at java.util.concurrent.ThreadPoolExecutor$Worker.run(ThreadPoolExecutor.java:624)
	at java.lang.Thread.run(Thread.java:750)
Caused by: org.apache.hadoop.hdds.security.x509.exception.CertificateException: Error while bootstrapping certificate.
	at org.apache.hadoop.hdds.security.x509.certificate.client.DefaultCertificateClient.createKeyPair(DefaultCertificateClient.java:823)
	at org.apache.hadoop.hdds.security.x509.certificate.client.DefaultCertificateClient.renewAndStoreKeyAndCertificate(DefaultCertificateClient.java:973)
	... 8 more
2023-03-23 08:09:01,303 [dn-CertificateLifetimeMonitor] ERROR client.DNCertificateClient (DefaultCertificateClient.java:createKeyPair(822)) - Error while bootstrapping certificate client.
java.io.IOException: Private key already exist.
	at org.apache.hadoop.hdds.security.x509.keys.KeyCodec.writePublicKey(KeyCodec.java:197)
	at org.apache.hadoop.hdds.security.x509.certificate.client.DefaultCertificateClient.createKeyPair(DefaultCertificateClient.java:818)
	at org.apache.hadoop.hdds.security.x509.certificate.client.DefaultCertificateClient.renewAndStoreKeyAndCertificate(DefaultCertificateClient.java:973)
	at org.apache.hadoop.hdds.security.x509.certificate.client.DefaultCertificateClient$CertificateLifetimeMonitor.run(DefaultCertificateClient.java:1229)
	at java.util.concurrent.Executors$RunnableAdapter.call(Executors.java:511)
	at java.util.concurrent.FutureTask.runAndReset(FutureTask.java:308)
	at java.util.concurrent.ScheduledThreadPoolExecutor$ScheduledFutureTask.access$301(ScheduledThreadPoolExecutor.java:180)
	at java.util.concurrent.ScheduledThreadPoolExecutor$ScheduledFutureTask.run(ScheduledThreadPoolExecutor.java:294)
	at java.util.concurrent.ThreadPoolExecutor.runWorker(ThreadPoolExecutor.java:1149)
	at java.util.concurrent.ThreadPoolExecutor$Worker.run(ThreadPoolExecutor.java:624)
	at java.lang.Thread.run(Thread.java:750)
2023-03-23 08:09:01,303 [dn-CertificateLifetimeMonitor] ERROR client.DNCertificateClient (DefaultCertificateClient.java:run(1239)) - Failed to renew and store key and cert. Keep using existing certificates.
org.apache.hadoop.hdds.security.x509.exception.CertificateException: Error while creating new key pair.
	at org.apache.hadoop.hdds.security.x509.certificate.client.DefaultCertificateClient.renewAndStoreKeyAndCertificate(DefaultCertificateClient.java:975)
	at org.apache.hadoop.hdds.security.x509.certificate.client.DefaultCertificateClient$CertificateLifetimeMonitor.run(DefaultCertificateClient.java:1229)
	at java.util.concurrent.Executors$RunnableAdapter.call(Executors.java:511)
	at java.util.concurrent.FutureTask.runAndReset(FutureTask.java:308)
	at java.util.concurrent.ScheduledThreadPoolExecutor$ScheduledFutureTask.access$301(ScheduledThreadPoolExecutor.java:180)
	at java.util.concurrent.ScheduledThreadPoolExecutor$ScheduledFutureTask.run(ScheduledThreadPoolExecutor.java:294)
	at java.util.concurrent.ThreadPoolExecutor.runWorker(ThreadPoolExecutor.java:1149)
	at java.util.concurrent.ThreadPoolExecutor$Worker.run(ThreadPoolExecutor.java:624)
	at java.lang.Thread.run(Thread.java:750)
Caused by: org.apache.hadoop.hdds.security.x509.exception.CertificateException: Error while bootstrapping certificate.
	at org.apache.hadoop.hdds.security.x509.certificate.client.DefaultCertificateClient.createKeyPair(DefaultCertificateClient.java:823)
	at org.apache.hadoop.hdds.security.x509.certificate.client.DefaultCertificateClient.renewAndStoreKeyAndCertificate(DefaultCertificateClient.java:973)
	... 8 more
2023-03-23 08:09:02,328 [dn-CertificateLifetimeMonitor] INFO  client.DNCertificateClient (DefaultCertificateClient.java:run(1226)) - Current certificate has entered the expiry grace period PT0S. Starting renew key and certs.
2023-03-23 08:09:02,328 [dn-CertificateLifetimeMonitor] INFO  client.DNCertificateClient (DefaultCertificateClient.java:run(1226)) - Current certificate has entered the expiry grace period PT0S. Starting renew key and certs.
2023-03-23 08:09:02,329 [dn-CertificateLifetimeMonitor] INFO  client.DNCertificateClient (DefaultCertificateClient.java:run(1226)) - Current certificate has entered the expiry grace period PT0S. Starting renew key and certs.
2023-03-23 08:09:02,333 [dn-CertificateLifetimeMonitor] INFO  client.DNCertificateClient (DefaultCertificateClient.java:run(1226)) - Current certificate has entered the expiry grace period PT0S. Starting renew key and certs.
2023-03-23 08:09:02,337 [dn-CertificateLifetimeMonitor] ERROR client.DNCertificateClient (DefaultCertificateClient.java:run(1239)) - Failed to renew and store key and cert. Keep using existing certificates.
org.apache.hadoop.hdds.security.x509.exception.CertificateException: Error while deleting/creating /home/runner/work/ozone/ozone/hadoop-hdds/container-service/target/test-dir/Mjq8nZOG0m/dn/keys-next or /home/runner/work/ozone/ozone/hadoop-hdds/container-service/target/test-dir/Mjq8nZOG0m/dn/certs-next directories to cleanup  certificate storage. 
	at org.apache.hadoop.hdds.security.x509.certificate.client.DefaultCertificateClient.renewAndStoreKeyAndCertificate(DefaultCertificateClient.java:964)
	at org.apache.hadoop.hdds.security.x509.certificate.client.DefaultCertificateClient$CertificateLifetimeMonitor.run(DefaultCertificateClient.java:1229)
	at java.util.concurrent.Executors$RunnableAdapter.call(Executors.java:511)
	at java.util.concurrent.FutureTask.runAndReset(FutureTask.java:308)
	at java.util.concurrent.ScheduledThreadPoolExecutor$ScheduledFutureTask.access$301(ScheduledThreadPoolExecutor.java:180)
	at java.util.concurrent.ScheduledThreadPoolExecutor$ScheduledFutureTask.run(ScheduledThreadPoolExecutor.java:294)
	at java.util.concurrent.ThreadPoolExecutor.runWorker(ThreadPoolExecutor.java:1149)
	at java.util.concurrent.ThreadPoolExecutor$Worker.run(ThreadPoolExecutor.java:624)
	at java.lang.Thread.run(Thread.java:750)
Caused by: org.apache.commons.io.IOExceptionList: /home/runner/work/ozone/ozone/hadoop-hdds/container-service/target/test-dir/Mjq8nZOG0m/dn/keys-next
	at org.apache.commons.io.FileUtils.cleanDirectory(FileUtils.java:331)
	at org.apache.commons.io.FileUtils.deleteDirectory(FileUtils.java:1192)
	at org.apache.hadoop.hdds.security.x509.certificate.client.DefaultCertificateClient.renewAndStoreKeyAndCertificate(DefaultCertificateClient.java:959)
	... 8 more
Caused by: java.io.FileNotFoundException: File does not exist: /home/runner/work/ozone/ozone/hadoop-hdds/container-service/target/test-dir/Mjq8nZOG0m/dn/keys-next/public.pem
	at org.apache.commons.io.FileUtils.forceDelete(FileUtils.java:1349)
	at org.apache.commons.io.FileUtils.cleanDirectory(FileUtils.java:324)
	... 10 more
2023-03-23 08:09:02,357 [dn-CertificateLifetimeMonitor] INFO  client.DNCertificateClient (DefaultCertificateClient.java:run(1226)) - Current certificate has entered the expiry grace period PT0S. Starting renew key and certs.
2023-03-23 08:09:02,506 [dn-CertificateLifetimeMonitor] INFO  ozone.OzoneSecurityUtil (OzoneSecurityUtil.java:getValidInetsForCurrentHost(119)) - ip:fe80:0:0:0:20d:3aff:fe34:af96%eth0 not returned.
2023-03-23 08:09:02,506 [dn-CertificateLifetimeMonitor] INFO  ozone.OzoneSecurityUtil (OzoneSecurityUtil.java:getValidInetsForCurrentHost(116)) - Adding ip:10.1.0.31,host:fv-az453-645.hss2zji4abbufegd5wcf2so25h.dx.internal.cloudapp.net
2023-03-23 08:09:02,507 [dn-CertificateLifetimeMonitor] INFO  ozone.OzoneSecurityUtil (OzoneSecurityUtil.java:getValidInetsForCurrentHost(119)) - ip:0:0:0:0:0:0:0:1%lo not returned.
2023-03-23 08:09:02,507 [dn-CertificateLifetimeMonitor] INFO  ozone.OzoneSecurityUtil (OzoneSecurityUtil.java:getValidInetsForCurrentHost(119)) - ip:127.0.0.1 not returned.
2023-03-23 08:09:02,508 [dn-CertificateLifetimeMonitor] INFO  client.DNCertificateClient (DNCertificateClient.java:getCSRBuilder(86)) - Created csr for DN-> subject:runner@fv-az453-645.hss2zji4abbufegd5wcf2so25h.dx.internal.cloudapp.net
2023-03-23 08:09:02,513 [dn-CertificateLifetimeMonitor] ERROR client.DNCertificateClient (DefaultCertificateClient.java:run(1239)) - Failed to renew and store key and cert. Keep using existing certificates.
org.apache.hadoop.hdds.security.x509.exception.CertificateException: Error while signing and storing new certificates.
	at org.apache.hadoop.hdds.security.x509.certificate.client.DefaultCertificateClient.renewAndStoreKeyAndCertificate(DefaultCertificateClient.java:987)
	at org.apache.hadoop.hdds.security.x509.certificate.client.DefaultCertificateClient$CertificateLifetimeMonitor.run(DefaultCertificateClient.java:1229)
	at java.util.concurrent.Executors$RunnableAdapter.call(Executors.java:511)
	at java.util.concurrent.FutureTask.runAndReset(FutureTask.java:308)
	at java.util.concurrent.ScheduledThreadPoolExecutor$ScheduledFutureTask.access$301(ScheduledThreadPoolExecutor.java:180)
	at java.util.concurrent.ScheduledThreadPoolExecutor$ScheduledFutureTask.run(ScheduledThreadPoolExecutor.java:294)
	at java.util.concurrent.ThreadPoolExecutor.runWorker(ThreadPoolExecutor.java:1149)
	at java.util.concurrent.ThreadPoolExecutor$Worker.run(ThreadPoolExecutor.java:624)
	at java.lang.Thread.run(Thread.java:750)
Caused by: org.apache.hadoop.hdds.conf.ConfigurationException: SCM Client Address could not be obtained from config. Config is not properly defined
	at org.apache.hadoop.hdds.scm.proxy.SCMSecurityProtocolFailoverProxyProvider.loadConfigs(SCMSecurityProtocolFailoverProxyProvider.java:120)
	at org.apache.hadoop.hdds.scm.proxy.SCMSecurityProtocolFailoverProxyProvider.<init>(SCMSecurityProtocolFailoverProxyProvider.java:105)
	at org.apache.hadoop.hdds.utils.HddsServerUtil.getScmSecurityClientWithMaxRetry(HddsServerUtil.java:464)
	at org.apache.hadoop.hdds.security.x509.certificate.client.DefaultCertificateClient.getScmSecureClient(DefaultCertificateClient.java:1165)
	at org.apache.hadoop.hdds.security.x509.certificate.client.DNCertificateClient.signAndStoreCertificate(DNCertificateClient.java:101)
	at org.apache.hadoop.hdds.security.x509.certificate.client.DefaultCertificateClient.renewAndStoreKeyAndCertificate(DefaultCertificateClient.java:984)
	... 8 more
2023-03-23 08:09:02,706 [dn-CertificateLifetimeMonitor] ERROR client.DNCertificateClient (DefaultCertificateClient.java:createKeyPair(822)) - Error while bootstrapping certificate client.
java.io.IOException: Private key already exist.
	at org.apache.hadoop.hdds.security.x509.keys.KeyCodec.writePublicKey(KeyCodec.java:197)
	at org.apache.hadoop.hdds.security.x509.certificate.client.DefaultCertificateClient.createKeyPair(DefaultCertificateClient.java:818)
	at org.apache.hadoop.hdds.security.x509.certificate.client.DefaultCertificateClient.renewAndStoreKeyAndCertificate(DefaultCertificateClient.java:973)
	at org.apache.hadoop.hdds.security.x509.certificate.client.DefaultCertificateClient$CertificateLifetimeMonitor.run(DefaultCertificateClient.java:1229)
	at java.util.concurrent.Executors$RunnableAdapter.call(Executors.java:511)
	at java.util.concurrent.FutureTask.runAndReset(FutureTask.java:308)
	at java.util.concurrent.ScheduledThreadPoolExecutor$ScheduledFutureTask.access$301(ScheduledThreadPoolExecutor.java:180)
	at java.util.concurrent.ScheduledThreadPoolExecutor$ScheduledFutureTask.run(ScheduledThreadPoolExecutor.java:294)
	at java.util.concurrent.ThreadPoolExecutor.runWorker(ThreadPoolExecutor.java:1149)
	at java.util.concurrent.ThreadPoolExecutor$Worker.run(ThreadPoolExecutor.java:624)
	at java.lang.Thread.run(Thread.java:750)
2023-03-23 08:09:02,707 [dn-CertificateLifetimeMonitor] ERROR client.DNCertificateClient (DefaultCertificateClient.java:run(1239)) - Failed to renew and store key and cert. Keep using existing certificates.
org.apache.hadoop.hdds.security.x509.exception.CertificateException: Error while creating new key pair.
	at org.apache.hadoop.hdds.security.x509.certificate.client.DefaultCertificateClient.renewAndStoreKeyAndCertificate(DefaultCertificateClient.java:975)
	at org.apache.hadoop.hdds.security.x509.certificate.client.DefaultCertificateClient$CertificateLifetimeMonitor.run(DefaultCertificateClient.java:1229)
	at java.util.concurrent.Executors$RunnableAdapter.call(Executors.java:511)
	at java.util.concurrent.FutureTask.runAndReset(FutureTask.java:308)
	at java.util.concurrent.ScheduledThreadPoolExecutor$ScheduledFutureTask.access$301(ScheduledThreadPoolExecutor.java:180)
	at java.util.concurrent.ScheduledThreadPoolExecutor$ScheduledFutureTask.run(ScheduledThreadPoolExecutor.java:294)
	at java.util.concurrent.ThreadPoolExecutor.runWorker(ThreadPoolExecutor.java:1149)
	at java.util.concurrent.ThreadPoolExecutor$Worker.run(ThreadPoolExecutor.java:624)
	at java.lang.Thread.run(Thread.java:750)
Caused by: org.apache.hadoop.hdds.security.x509.exception.CertificateException: Error while bootstrapping certificate.
	at org.apache.hadoop.hdds.security.x509.certificate.client.DefaultCertificateClient.createKeyPair(DefaultCertificateClient.java:823)
	at org.apache.hadoop.hdds.security.x509.certificate.client.DefaultCertificateClient.renewAndStoreKeyAndCertificate(DefaultCertificateClient.java:973)
	... 8 more
2023-03-23 08:09:02,811 [dn-CertificateLifetimeMonitor] ERROR client.DNCertificateClient (DefaultCertificateClient.java:createKeyPair(822)) - Error while bootstrapping certificate client.
java.io.IOException: Private key already exist.
	at org.apache.hadoop.hdds.security.x509.keys.KeyCodec.writePublicKey(KeyCodec.java:197)
	at org.apache.hadoop.hdds.security.x509.certificate.client.DefaultCertificateClient.createKeyPair(DefaultCertificateClient.java:818)
	at org.apache.hadoop.hdds.security.x509.certificate.client.DefaultCertificateClient.renewAndStoreKeyAndCertificate(DefaultCertificateClient.java:973)
	at org.apache.hadoop.hdds.security.x509.certificate.client.DefaultCertificateClient$CertificateLifetimeMonitor.run(DefaultCertificateClient.java:1229)
	at java.util.concurrent.Executors$RunnableAdapter.call(Executors.java:511)
	at java.util.concurrent.FutureTask.runAndReset(FutureTask.java:308)
	at java.util.concurrent.ScheduledThreadPoolExecutor$ScheduledFutureTask.access$301(ScheduledThreadPoolExecutor.java:180)
	at java.util.concurrent.ScheduledThreadPoolExecutor$ScheduledFutureTask.run(ScheduledThreadPoolExecutor.java:294)
	at java.util.concurrent.ThreadPoolExecutor.runWorker(ThreadPoolExecutor.java:1149)
	at java.util.concurrent.ThreadPoolExecutor$Worker.run(ThreadPoolExecutor.java:624)
	at java.lang.Thread.run(Thread.java:750)
2023-03-23 08:09:02,811 [dn-CertificateLifetimeMonitor] ERROR client.DNCertificateClient (DefaultCertificateClient.java:run(1239)) - Failed to renew and store key and cert. Keep using existing certificates.
org.apache.hadoop.hdds.security.x509.exception.CertificateException: Error while creating new key pair.
	at org.apache.hadoop.hdds.security.x509.certificate.client.DefaultCertificateClient.renewAndStoreKeyAndCertificate(DefaultCertificateClient.java:975)
	at org.apache.hadoop.hdds.security.x509.certificate.client.DefaultCertificateClient$CertificateLifetimeMonitor.run(DefaultCertificateClient.java:1229)
	at java.util.concurrent.Executors$RunnableAdapter.call(Executors.java:511)
	at java.util.concurrent.FutureTask.runAndReset(FutureTask.java:308)
	at java.util.concurrent.ScheduledThreadPoolExecutor$ScheduledFutureTask.access$301(ScheduledThreadPoolExecutor.java:180)
	at java.util.concurrent.ScheduledThreadPoolExecutor$ScheduledFutureTask.run(ScheduledThreadPoolExecutor.java:294)
	at java.util.concurrent.ThreadPoolExecutor.runWorker(ThreadPoolExecutor.java:1149)
	at java.util.concurrent.ThreadPoolExecutor$Worker.run(ThreadPoolExecutor.java:624)
	at java.lang.Thread.run(Thread.java:750)
Caused by: org.apache.hadoop.hdds.security.x509.exception.CertificateException: Error while bootstrapping certificate.
	at org.apache.hadoop.hdds.security.x509.certificate.client.DefaultCertificateClient.createKeyPair(DefaultCertificateClient.java:823)
	at org.apache.hadoop.hdds.security.x509.certificate.client.DefaultCertificateClient.renewAndStoreKeyAndCertificate(DefaultCertificateClient.java:973)
	... 8 more
2023-03-23 08:09:02,913 [dn-CertificateLifetimeMonitor] ERROR client.DNCertificateClient (DefaultCertificateClient.java:createKeyPair(822)) - Error while bootstrapping certificate client.
java.io.IOException: Private key already exist.
	at org.apache.hadoop.hdds.security.x509.keys.KeyCodec.writePublicKey(KeyCodec.java:197)
	at org.apache.hadoop.hdds.security.x509.certificate.client.DefaultCertificateClient.createKeyPair(DefaultCertificateClient.java:818)
	at org.apache.hadoop.hdds.security.x509.certificate.client.DefaultCertificateClient.renewAndStoreKeyAndCertificate(DefaultCertificateClient.java:973)
	at org.apache.hadoop.hdds.security.x509.certificate.client.DefaultCertificateClient$CertificateLifetimeMonitor.run(DefaultCertificateClient.java:1229)
	at java.util.concurrent.Executors$RunnableAdapter.call(Executors.java:511)
	at java.util.concurrent.FutureTask.runAndReset(FutureTask.java:308)
	at java.util.concurrent.ScheduledThreadPoolExecutor$ScheduledFutureTask.access$301(ScheduledThreadPoolExecutor.java:180)
	at java.util.concurrent.ScheduledThreadPoolExecutor$ScheduledFutureTask.run(ScheduledThreadPoolExecutor.java:294)
	at java.util.concurrent.ThreadPoolExecutor.runWorker(ThreadPoolExecutor.java:1149)
	at java.util.concurrent.ThreadPoolExecutor$Worker.run(ThreadPoolExecutor.java:624)
	at java.lang.Thread.run(Thread.java:750)
2023-03-23 08:09:02,913 [dn-CertificateLifetimeMonitor] ERROR client.DNCertificateClient (DefaultCertificateClient.java:run(1239)) - Failed to renew and store key and cert. Keep using existing certificates.
org.apache.hadoop.hdds.security.x509.exception.CertificateException: Error while creating new key pair.
	at org.apache.hadoop.hdds.security.x509.certificate.client.DefaultCertificateClient.renewAndStoreKeyAndCertificate(DefaultCertificateClient.java:975)
	at org.apache.hadoop.hdds.security.x509.certificate.client.DefaultCertificateClient$CertificateLifetimeMonitor.run(DefaultCertificateClient.java:1229)
	at java.util.concurrent.Executors$RunnableAdapter.call(Executors.java:511)
	at java.util.concurrent.FutureTask.runAndReset(FutureTask.java:308)
	at java.util.concurrent.ScheduledThreadPoolExecutor$ScheduledFutureTask.access$301(ScheduledThreadPoolExecutor.java:180)
	at java.util.concurrent.ScheduledThreadPoolExecutor$ScheduledFutureTask.run(ScheduledThreadPoolExecutor.java:294)
	at java.util.concurrent.ThreadPoolExecutor.runWorker(ThreadPoolExecutor.java:1149)
	at java.util.concurrent.ThreadPoolExecutor$Worker.run(ThreadPoolExecutor.java:624)
	at java.lang.Thread.run(Thread.java:750)
Caused by: org.apache.hadoop.hdds.security.x509.exception.CertificateException: Error while bootstrapping certificate.
	at org.apache.hadoop.hdds.security.x509.certificate.client.DefaultCertificateClient.createKeyPair(DefaultCertificateClient.java:823)
	at org.apache.hadoop.hdds.security.x509.certificate.client.DefaultCertificateClient.renewAndStoreKeyAndCertificate(DefaultCertificateClient.java:973)
	... 8 more
2023-03-23 08:09:03,994 [dn-CertificateLifetimeMonitor] INFO  client.DNCertificateClient (DefaultCertificateClient.java:run(1226)) - Current certificate has entered the expiry grace period PT0S. Starting renew key and certs.
2023-03-23 08:09:03,995 [dn-CertificateLifetimeMonitor] INFO  client.DNCertificateClient (DefaultCertificateClient.java:run(1226)) - Current certificate has entered the expiry grace period PT0S. Starting renew key and certs.
2023-03-23 08:09:03,997 [dn-CertificateLifetimeMonitor] INFO  client.DNCertificateClient (DefaultCertificateClient.java:run(1226)) - Current certificate has entered the expiry grace period PT0S. Starting renew key and certs.
2023-03-23 08:09:03,997 [dn-CertificateLifetimeMonitor] INFO  client.DNCertificateClient (DefaultCertificateClient.java:run(1226)) - Current certificate has entered the expiry grace period PT0S. Starting renew key and certs.
2023-03-23 08:09:04,008 [dn-CertificateLifetimeMonitor] INFO  client.DNCertificateClient (DefaultCertificateClient.java:run(1226)) - Current certificate has entered the expiry grace period PT0S. Starting renew key and certs.
2023-03-23 08:09:04,539 [dn-CertificateLifetimeMonitor] INFO  ozone.OzoneSecurityUtil (OzoneSecurityUtil.java:getValidInetsForCurrentHost(119)) - ip:fe80:0:0:0:20d:3aff:fe34:af96%eth0 not returned.
2023-03-23 08:09:04,539 [dn-CertificateLifetimeMonitor] INFO  ozone.OzoneSecurityUtil (OzoneSecurityUtil.java:getValidInetsForCurrentHost(116)) - Adding ip:10.1.0.31,host:fv-az453-645.hss2zji4abbufegd5wcf2so25h.dx.internal.cloudapp.net
2023-03-23 08:09:04,540 [dn-CertificateLifetimeMonitor] INFO  ozone.OzoneSecurityUtil (OzoneSecurityUtil.java:getValidInetsForCurrentHost(119)) - ip:0:0:0:0:0:0:0:1%lo not returned.
2023-03-23 08:09:04,540 [dn-CertificateLifetimeMonitor] INFO  ozone.OzoneSecurityUtil (OzoneSecurityUtil.java:getValidInetsForCurrentHost(119)) - ip:127.0.0.1 not returned.
2023-03-23 08:09:04,540 [dn-CertificateLifetimeMonitor] INFO  client.DNCertificateClient (DNCertificateClient.java:getCSRBuilder(86)) - Created csr for DN-> subject:runner@fv-az453-645.hss2zji4abbufegd5wcf2so25h.dx.internal.cloudapp.net
2023-03-23 08:09:04,545 [dn-CertificateLifetimeMonitor] ERROR client.DNCertificateClient (DefaultCertificateClient.java:run(1239)) - Failed to renew and store key and cert. Keep using existing certificates.
org.apache.hadoop.hdds.security.x509.exception.CertificateException: Error while signing and storing new certificates.
	at org.apache.hadoop.hdds.security.x509.certificate.client.DefaultCertificateClient.renewAndStoreKeyAndCertificate(DefaultCertificateClient.java:987)
	at org.apache.hadoop.hdds.security.x509.certificate.client.DefaultCertificateClient$CertificateLifetimeMonitor.run(DefaultCertificateClient.java:1229)
	at java.util.concurrent.Executors$RunnableAdapter.call(Executors.java:511)
	at java.util.concurrent.FutureTask.runAndReset(FutureTask.java:308)
	at java.util.concurrent.ScheduledThreadPoolExecutor$ScheduledFutureTask.access$301(ScheduledThreadPoolExecutor.java:180)
	at java.util.concurrent.ScheduledThreadPoolExecutor$ScheduledFutureTask.run(ScheduledThreadPoolExecutor.java:294)
	at java.util.concurrent.ThreadPoolExecutor.runWorker(ThreadPoolExecutor.java:1149)
	at java.util.concurrent.ThreadPoolExecutor$Worker.run(ThreadPoolExecutor.java:624)
	at java.lang.Thread.run(Thread.java:750)
Caused by: org.apache.hadoop.hdds.conf.ConfigurationException: SCM Client Address could not be obtained from config. Config is not properly defined
	at org.apache.hadoop.hdds.scm.proxy.SCMSecurityProtocolFailoverProxyProvider.loadConfigs(SCMSecurityProtocolFailoverProxyProvider.java:120)
	at org.apache.hadoop.hdds.scm.proxy.SCMSecurityProtocolFailoverProxyProvider.<init>(SCMSecurityProtocolFailoverProxyProvider.java:105)
	at org.apache.hadoop.hdds.utils.HddsServerUtil.getScmSecurityClientWithMaxRetry(HddsServerUtil.java:464)
	at org.apache.hadoop.hdds.security.x509.certificate.client.DefaultCertificateClient.getScmSecureClient(DefaultCertificateClient.java:1165)
	at org.apache.hadoop.hdds.security.x509.certificate.client.DNCertificateClient.signAndStoreCertificate(DNCertificateClient.java:101)
	at org.apache.hadoop.hdds.security.x509.certificate.client.DefaultCertificateClient.renewAndStoreKeyAndCertificate(DefaultCertificateClient.java:984)
	... 8 more
2023-03-23 08:09:04,812 [dn-CertificateLifetimeMonitor] ERROR client.DNCertificateClient (DefaultCertificateClient.java:createKeyPair(822)) - Error while bootstrapping certificate client.
java.io.IOException: Private key already exist.
	at org.apache.hadoop.hdds.security.x509.keys.KeyCodec.writePublicKey(KeyCodec.java:197)
	at org.apache.hadoop.hdds.security.x509.certificate.client.DefaultCertificateClient.createKeyPair(DefaultCertificateClient.java:818)
	at org.apache.hadoop.hdds.security.x509.certificate.client.DefaultCertificateClient.renewAndStoreKeyAndCertificate(DefaultCertificateClient.java:973)
	at org.apache.hadoop.hdds.security.x509.certificate.client.DefaultCertificateClient$CertificateLifetimeMonitor.run(DefaultCertificateClient.java:1229)
	at java.util.concurrent.Executors$RunnableAdapter.call(Executors.java:511)
	at java.util.concurrent.FutureTask.runAndReset(FutureTask.java:308)
	at java.util.concurrent.ScheduledThreadPoolExecutor$ScheduledFutureTask.access$301(ScheduledThreadPoolExecutor.java:180)
	at java.util.concurrent.ScheduledThreadPoolExecutor$ScheduledFutureTask.run(ScheduledThreadPoolExecutor.java:294)
	at java.util.concurrent.ThreadPoolExecutor.runWorker(ThreadPoolExecutor.java:1149)
	at java.util.concurrent.ThreadPoolExecutor$Worker.run(ThreadPoolExecutor.java:624)
	at java.lang.Thread.run(Thread.java:750)
2023-03-23 08:09:04,812 [dn-CertificateLifetimeMonitor] ERROR client.DNCertificateClient (DefaultCertificateClient.java:run(1239)) - Failed to renew and store key and cert. Keep using existing certificates.
org.apache.hadoop.hdds.security.x509.exception.CertificateException: Error while creating new key pair.
	at org.apache.hadoop.hdds.security.x509.certificate.client.DefaultCertificateClient.renewAndStoreKeyAndCertificate(DefaultCertificateClient.java:975)
	at org.apache.hadoop.hdds.security.x509.certificate.client.DefaultCertificateClient$CertificateLifetimeMonitor.run(DefaultCertificateClient.java:1229)
	at java.util.concurrent.Executors$RunnableAdapter.call(Executors.java:511)
	at java.util.concurrent.FutureTask.runAndReset(FutureTask.java:308)
	at java.util.concurrent.ScheduledThreadPoolExecutor$ScheduledFutureTask.access$301(ScheduledThreadPoolExecutor.java:180)
	at java.util.concurrent.ScheduledThreadPoolExecutor$ScheduledFutureTask.run(ScheduledThreadPoolExecutor.java:294)
	at java.util.concurrent.ThreadPoolExecutor.runWorker(ThreadPoolExecutor.java:1149)
	at java.util.concurrent.ThreadPoolExecutor$Worker.run(ThreadPoolExecutor.java:624)
	at java.lang.Thread.run(Thread.java:750)
Caused by: org.apache.hadoop.hdds.security.x509.exception.CertificateException: Error while bootstrapping certificate.
	at org.apache.hadoop.hdds.security.x509.certificate.client.DefaultCertificateClient.createKeyPair(DefaultCertificateClient.java:823)
	at org.apache.hadoop.hdds.security.x509.certificate.client.DefaultCertificateClient.renewAndStoreKeyAndCertificate(DefaultCertificateClient.java:973)
	... 8 more
2023-03-23 08:09:04,840 [dn-CertificateLifetimeMonitor] ERROR client.DNCertificateClient (DefaultCertificateClient.java:createKeyPair(822)) - Error while bootstrapping certificate client.
java.io.IOException: Private key already exist.
	at org.apache.hadoop.hdds.security.x509.keys.KeyCodec.writePublicKey(KeyCodec.java:197)
	at org.apache.hadoop.hdds.security.x509.certificate.client.DefaultCertificateClient.createKeyPair(DefaultCertificateClient.java:818)
	at org.apache.hadoop.hdds.security.x509.certificate.client.DefaultCertificateClient.renewAndStoreKeyAndCertificate(DefaultCertificateClient.java:973)
	at org.apache.hadoop.hdds.security.x509.certificate.client.DefaultCertificateClient$CertificateLifetimeMonitor.run(DefaultCertificateClient.java:1229)
	at java.util.concurrent.Executors$RunnableAdapter.call(Executors.java:511)
	at java.util.concurrent.FutureTask.runAndReset(FutureTask.java:308)
	at java.util.concurrent.ScheduledThreadPoolExecutor$ScheduledFutureTask.access$301(ScheduledThreadPoolExecutor.java:180)
	at java.util.concurrent.ScheduledThreadPoolExecutor$ScheduledFutureTask.run(ScheduledThreadPoolExecutor.java:294)
	at java.util.concurrent.ThreadPoolExecutor.runWorker(ThreadPoolExecutor.java:1149)
	at java.util.concurrent.ThreadPoolExecutor$Worker.run(ThreadPoolExecutor.java:624)
	at java.lang.Thread.run(Thread.java:750)
2023-03-23 08:09:04,841 [dn-CertificateLifetimeMonitor] ERROR client.DNCertificateClient (DefaultCertificateClient.java:run(1239)) - Failed to renew and store key and cert. Keep using existing certificates.
org.apache.hadoop.hdds.security.x509.exception.CertificateException: Error while creating new key pair.
	at org.apache.hadoop.hdds.security.x509.certificate.client.DefaultCertificateClient.renewAndStoreKeyAndCertificate(DefaultCertificateClient.java:975)
	at org.apache.hadoop.hdds.security.x509.certificate.client.DefaultCertificateClient$CertificateLifetimeMonitor.run(DefaultCertificateClient.java:1229)
	at java.util.concurrent.Executors$RunnableAdapter.call(Executors.java:511)
	at java.util.concurrent.FutureTask.runAndReset(FutureTask.java:308)
	at java.util.concurrent.ScheduledThreadPoolExecutor$ScheduledFutureTask.access$301(ScheduledThreadPoolExecutor.java:180)
	at java.util.concurrent.ScheduledThreadPoolExecutor$ScheduledFutureTask.run(ScheduledThreadPoolExecutor.java:294)
	at java.util.concurrent.ThreadPoolExecutor.runWorker(ThreadPoolExecutor.java:1149)
	at java.util.concurrent.ThreadPoolExecutor$Worker.run(ThreadPoolExecutor.java:624)
	at java.lang.Thread.run(Thread.java:750)
Caused by: org.apache.hadoop.hdds.security.x509.exception.CertificateException: Error while bootstrapping certificate.
	at org.apache.hadoop.hdds.security.x509.certificate.client.DefaultCertificateClient.createKeyPair(DefaultCertificateClient.java:823)
	at org.apache.hadoop.hdds.security.x509.certificate.client.DefaultCertificateClient.renewAndStoreKeyAndCertificate(DefaultCertificateClient.java:973)
	... 8 more
2023-03-23 08:09:05,046 [dn-CertificateLifetimeMonitor] ERROR client.DNCertificateClient (DefaultCertificateClient.java:createKeyPair(822)) - Error while bootstrapping certificate client.
java.io.IOException: Private key already exist.
	at org.apache.hadoop.hdds.security.x509.keys.KeyCodec.writePublicKey(KeyCodec.java:197)
	at org.apache.hadoop.hdds.security.x509.certificate.client.DefaultCertificateClient.createKeyPair(DefaultCertificateClient.java:818)
	at org.apache.hadoop.hdds.security.x509.certificate.client.DefaultCertificateClient.renewAndStoreKeyAndCertificate(DefaultCertificateClient.java:973)
	at org.apache.hadoop.hdds.security.x509.certificate.client.DefaultCertificateClient$CertificateLifetimeMonitor.run(DefaultCertificateClient.java:1229)
	at java.util.concurrent.Executors$RunnableAdapter.call(Executors.java:511)
	at java.util.concurrent.FutureTask.runAndReset(FutureTask.java:308)
	at java.util.concurrent.ScheduledThreadPoolExecutor$ScheduledFutureTask.access$301(ScheduledThreadPoolExecutor.java:180)
	at java.util.concurrent.ScheduledThreadPoolExecutor$ScheduledFutureTask.run(ScheduledThreadPoolExecutor.java:294)
	at java.util.concurrent.ThreadPoolExecutor.runWorker(ThreadPoolExecutor.java:1149)
	at java.util.concurrent.ThreadPoolExecutor$Worker.run(ThreadPoolExecutor.java:624)
	at java.lang.Thread.run(Thread.java:750)
2023-03-23 08:09:05,047 [dn-CertificateLifetimeMonitor] ERROR client.DNCertificateClient (DefaultCertificateClient.java:run(1239)) - Failed to renew and store key and cert. Keep using existing certificates.
org.apache.hadoop.hdds.security.x509.exception.CertificateException: Error while creating new key pair.
	at org.apache.hadoop.hdds.security.x509.certificate.client.DefaultCertificateClient.renewAndStoreKeyAndCertificate(DefaultCertificateClient.java:975)
	at org.apache.hadoop.hdds.security.x509.certificate.client.DefaultCertificateClient$CertificateLifetimeMonitor.run(DefaultCertificateClient.java:1229)
	at java.util.concurrent.Executors$RunnableAdapter.call(Executors.java:511)
	at java.util.concurrent.FutureTask.runAndReset(FutureTask.java:308)
	at java.util.concurrent.ScheduledThreadPoolExecutor$ScheduledFutureTask.access$301(ScheduledThreadPoolExecutor.java:180)
	at java.util.concurrent.ScheduledThreadPoolExecutor$ScheduledFutureTask.run(ScheduledThreadPoolExecutor.java:294)
	at java.util.concurrent.ThreadPoolExecutor.runWorker(ThreadPoolExecutor.java:1149)
	at java.util.concurrent.ThreadPoolExecutor$Worker.run(ThreadPoolExecutor.java:624)
	at java.lang.Thread.run(Thread.java:750)
Caused by: org.apache.hadoop.hdds.security.x509.exception.CertificateException: Error while bootstrapping certificate.
	at org.apache.hadoop.hdds.security.x509.certificate.client.DefaultCertificateClient.createKeyPair(DefaultCertificateClient.java:823)
	at org.apache.hadoop.hdds.security.x509.certificate.client.DefaultCertificateClient.renewAndStoreKeyAndCertificate(DefaultCertificateClient.java:973)
	... 8 more
2023-03-23 08:09:05,660 [dn-CertificateLifetimeMonitor] INFO  client.DNCertificateClient (DefaultCertificateClient.java:run(1226)) - Current certificate has entered the expiry grace period PT0S. Starting renew key and certs.
2023-03-23 08:09:05,660 [dn-CertificateLifetimeMonitor] INFO  client.DNCertificateClient (DefaultCertificateClient.java:run(1226)) - Current certificate has entered the expiry grace period PT0S. Starting renew key and certs.
2023-03-23 08:09:05,661 [dn-CertificateLifetimeMonitor] ERROR client.DNCertificateClient (DefaultCertificateClient.java:run(1239)) - Failed to renew and store key and cert. Keep using existing certificates.
org.apache.hadoop.hdds.security.x509.exception.CertificateException: Error while deleting/creating /home/runner/work/ozone/ozone/hadoop-hdds/container-service/target/test-dir/Mjq8nZOG0m/dn/keys-next or /home/runner/work/ozone/ozone/hadoop-hdds/container-service/target/test-dir/Mjq8nZOG0m/dn/certs-next directories to cleanup  certificate storage. 
	at org.apache.hadoop.hdds.security.x509.certificate.client.DefaultCertificateClient.renewAndStoreKeyAndCertificate(DefaultCertificateClient.java:964)
	at org.apache.hadoop.hdds.security.x509.certificate.client.DefaultCertificateClient$CertificateLifetimeMonitor.run(DefaultCertificateClient.java:1229)
	at java.util.concurrent.Executors$RunnableAdapter.call(Executors.java:511)
	at java.util.concurrent.FutureTask.runAndReset(FutureTask.java:308)
	at java.util.concurrent.ScheduledThreadPoolExecutor$ScheduledFutureTask.access$301(ScheduledThreadPoolExecutor.java:180)
	at java.util.concurrent.ScheduledThreadPoolExecutor$ScheduledFutureTask.run(ScheduledThreadPoolExecutor.java:294)
	at java.util.concurrent.ThreadPoolExecutor.runWorker(ThreadPoolExecutor.java:1149)
	at java.util.concurrent.ThreadPoolExecutor$Worker.run(ThreadPoolExecutor.java:624)
	at java.lang.Thread.run(Thread.java:750)
Caused by: org.apache.commons.io.IOExceptionList: /home/runner/work/ozone/ozone/hadoop-hdds/container-service/target/test-dir/Mjq8nZOG0m/dn/keys-next
	at org.apache.commons.io.FileUtils.cleanDirectory(FileUtils.java:331)
	at org.apache.commons.io.FileUtils.deleteDirectory(FileUtils.java:1192)
	at org.apache.hadoop.hdds.security.x509.certificate.client.DefaultCertificateClient.renewAndStoreKeyAndCertificate(DefaultCertificateClient.java:959)
	... 8 more
Caused by: java.io.FileNotFoundException: File does not exist: /home/runner/work/ozone/ozone/hadoop-hdds/container-service/target/test-dir/Mjq8nZOG0m/dn/keys-next/public.pem
	at org.apache.commons.io.FileUtils.forceDelete(FileUtils.java:1349)
	at org.apache.commons.io.FileUtils.cleanDirectory(FileUtils.java:324)
	... 10 more
2023-03-23 08:09:05,664 [dn-CertificateLifetimeMonitor] INFO  client.DNCertificateClient (DefaultCertificateClient.java:run(1226)) - Current certificate has entered the expiry grace period PT0S. Starting renew key and certs.
2023-03-23 08:09:05,673 [dn-CertificateLifetimeMonitor] INFO  client.DNCertificateClient (DefaultCertificateClient.java:run(1226)) - Current certificate has entered the expiry grace period PT0S. Starting renew key and certs.
2023-03-23 08:09:05,825 [dn-CertificateLifetimeMonitor] INFO  ozone.OzoneSecurityUtil (OzoneSecurityUtil.java:getValidInetsForCurrentHost(119)) - ip:fe80:0:0:0:20d:3aff:fe34:af96%eth0 not returned.
2023-03-23 08:09:05,825 [dn-CertificateLifetimeMonitor] INFO  ozone.OzoneSecurityUtil (OzoneSecurityUtil.java:getValidInetsForCurrentHost(116)) - Adding ip:10.1.0.31,host:fv-az453-645.hss2zji4abbufegd5wcf2so25h.dx.internal.cloudapp.net
2023-03-23 08:09:05,826 [dn-CertificateLifetimeMonitor] INFO  ozone.OzoneSecurityUtil (OzoneSecurityUtil.java:getValidInetsForCurrentHost(119)) - ip:0:0:0:0:0:0:0:1%lo not returned.
2023-03-23 08:09:05,827 [dn-CertificateLifetimeMonitor] INFO  ozone.OzoneSecurityUtil (OzoneSecurityUtil.java:getValidInetsForCurrentHost(119)) - ip:127.0.0.1 not returned.
2023-03-23 08:09:05,827 [dn-CertificateLifetimeMonitor] INFO  client.DNCertificateClient (DNCertificateClient.java:getCSRBuilder(86)) - Created csr for DN-> subject:runner@fv-az453-645.hss2zji4abbufegd5wcf2so25h.dx.internal.cloudapp.net
2023-03-23 08:09:05,833 [dn-CertificateLifetimeMonitor] ERROR client.DNCertificateClient (DefaultCertificateClient.java:run(1239)) - Failed to renew and store key and cert. Keep using existing certificates.
org.apache.hadoop.hdds.security.x509.exception.CertificateException: Error while signing and storing new certificates.
	at org.apache.hadoop.hdds.security.x509.certificate.client.DefaultCertificateClient.renewAndStoreKeyAndCertificate(DefaultCertificateClient.java:987)
	at org.apache.hadoop.hdds.security.x509.certificate.client.DefaultCertificateClient$CertificateLifetimeMonitor.run(DefaultCertificateClient.java:1229)
	at java.util.concurrent.Executors$RunnableAdapter.call(Executors.java:511)
	at java.util.concurrent.FutureTask.runAndReset(FutureTask.java:308)
	at java.util.concurrent.ScheduledThreadPoolExecutor$ScheduledFutureTask.access$301(ScheduledThreadPoolExecutor.java:180)
	at java.util.concurrent.ScheduledThreadPoolExecutor$ScheduledFutureTask.run(ScheduledThreadPoolExecutor.java:294)
	at java.util.concurrent.ThreadPoolExecutor.runWorker(ThreadPoolExecutor.java:1149)
	at java.util.concurrent.ThreadPoolExecutor$Worker.run(ThreadPoolExecutor.java:624)
	at java.lang.Thread.run(Thread.java:750)
Caused by: org.apache.hadoop.hdds.conf.ConfigurationException: SCM Client Address could not be obtained from config. Config is not properly defined
	at org.apache.hadoop.hdds.scm.proxy.SCMSecurityProtocolFailoverProxyProvider.loadConfigs(SCMSecurityProtocolFailoverProxyProvider.java:120)
	at org.apache.hadoop.hdds.scm.proxy.SCMSecurityProtocolFailoverProxyProvider.<init>(SCMSecurityProtocolFailoverProxyProvider.java:105)
	at org.apache.hadoop.hdds.utils.HddsServerUtil.getScmSecurityClientWithMaxRetry(HddsServerUtil.java:464)
	at org.apache.hadoop.hdds.security.x509.certificate.client.DefaultCertificateClient.getScmSecureClient(DefaultCertificateClient.java:1165)
	at org.apache.hadoop.hdds.security.x509.certificate.client.DNCertificateClient.signAndStoreCertificate(DNCertificateClient.java:101)
	at org.apache.hadoop.hdds.security.x509.certificate.client.DefaultCertificateClient.renewAndStoreKeyAndCertificate(DefaultCertificateClient.java:984)
	... 8 more
2023-03-23 08:09:06,085 [dn-CertificateLifetimeMonitor] ERROR client.DNCertificateClient (DefaultCertificateClient.java:createKeyPair(822)) - Error while bootstrapping certificate client.
java.io.IOException: Private key already exist.
	at org.apache.hadoop.hdds.security.x509.keys.KeyCodec.writePublicKey(KeyCodec.java:197)
	at org.apache.hadoop.hdds.security.x509.certificate.client.DefaultCertificateClient.createKeyPair(DefaultCertificateClient.java:818)
	at org.apache.hadoop.hdds.security.x509.certificate.client.DefaultCertificateClient.renewAndStoreKeyAndCertificate(DefaultCertificateClient.java:973)
	at org.apache.hadoop.hdds.security.x509.certificate.client.DefaultCertificateClient$CertificateLifetimeMonitor.run(DefaultCertificateClient.java:1229)
	at java.util.concurrent.Executors$RunnableAdapter.call(Executors.java:511)
	at java.util.concurrent.FutureTask.runAndReset(FutureTask.java:308)
	at java.util.concurrent.ScheduledThreadPoolExecutor$ScheduledFutureTask.access$301(ScheduledThreadPoolExecutor.java:180)
	at java.util.concurrent.ScheduledThreadPoolExecutor$ScheduledFutureTask.run(ScheduledThreadPoolExecutor.java:294)
	at java.util.concurrent.ThreadPoolExecutor.runWorker(ThreadPoolExecutor.java:1149)
	at java.util.concurrent.ThreadPoolExecutor$Worker.run(ThreadPoolExecutor.java:624)
	at java.lang.Thread.run(Thread.java:750)
2023-03-23 08:09:06,085 [dn-CertificateLifetimeMonitor] ERROR client.DNCertificateClient (DefaultCertificateClient.java:run(1239)) - Failed to renew and store key and cert. Keep using existing certificates.
org.apache.hadoop.hdds.security.x509.exception.CertificateException: Error while creating new key pair.
	at org.apache.hadoop.hdds.security.x509.certificate.client.DefaultCertificateClient.renewAndStoreKeyAndCertificate(DefaultCertificateClient.java:975)
	at org.apache.hadoop.hdds.security.x509.certificate.client.DefaultCertificateClient$CertificateLifetimeMonitor.run(DefaultCertificateClient.java:1229)
	at java.util.concurrent.Executors$RunnableAdapter.call(Executors.java:511)
	at java.util.concurrent.FutureTask.runAndReset(FutureTask.java:308)
	at java.util.concurrent.ScheduledThreadPoolExecutor$ScheduledFutureTask.access$301(ScheduledThreadPoolExecutor.java:180)
	at java.util.concurrent.ScheduledThreadPoolExecutor$ScheduledFutureTask.run(ScheduledThreadPoolExecutor.java:294)
	at java.util.concurrent.ThreadPoolExecutor.runWorker(ThreadPoolExecutor.java:1149)
	at java.util.concurrent.ThreadPoolExecutor$Worker.run(ThreadPoolExecutor.java:624)
	at java.lang.Thread.run(Thread.java:750)
Caused by: org.apache.hadoop.hdds.security.x509.exception.CertificateException: Error while bootstrapping certificate.
	at org.apache.hadoop.hdds.security.x509.certificate.client.DefaultCertificateClient.createKeyPair(DefaultCertificateClient.java:823)
	at org.apache.hadoop.hdds.security.x509.certificate.client.DefaultCertificateClient.renewAndStoreKeyAndCertificate(DefaultCertificateClient.java:973)
	... 8 more
2023-03-23 08:09:06,257 [dn-CertificateLifetimeMonitor] ERROR client.DNCertificateClient (DefaultCertificateClient.java:createKeyPair(822)) - Error while bootstrapping certificate client.
java.io.IOException: Private key already exist.
	at org.apache.hadoop.hdds.security.x509.keys.KeyCodec.writePublicKey(KeyCodec.java:197)
	at org.apache.hadoop.hdds.security.x509.certificate.client.DefaultCertificateClient.createKeyPair(DefaultCertificateClient.java:818)
	at org.apache.hadoop.hdds.security.x509.certificate.client.DefaultCertificateClient.renewAndStoreKeyAndCertificate(DefaultCertificateClient.java:973)
	at org.apache.hadoop.hdds.security.x509.certificate.client.DefaultCertificateClient$CertificateLifetimeMonitor.run(DefaultCertificateClient.java:1229)
	at java.util.concurrent.Executors$RunnableAdapter.call(Executors.java:511)
	at java.util.concurrent.FutureTask.runAndReset(FutureTask.java:308)
	at java.util.concurrent.ScheduledThreadPoolExecutor$ScheduledFutureTask.access$301(ScheduledThreadPoolExecutor.java:180)
	at java.util.concurrent.ScheduledThreadPoolExecutor$ScheduledFutureTask.run(ScheduledThreadPoolExecutor.java:294)
	at java.util.concurrent.ThreadPoolExecutor.runWorker(ThreadPoolExecutor.java:1149)
	at java.util.concurrent.ThreadPoolExecutor$Worker.run(ThreadPoolExecutor.java:624)
	at java.lang.Thread.run(Thread.java:750)
2023-03-23 08:09:06,258 [dn-CertificateLifetimeMonitor] ERROR client.DNCertificateClient (DefaultCertificateClient.java:run(1239)) - Failed to renew and store key and cert. Keep using existing certificates.
org.apache.hadoop.hdds.security.x509.exception.CertificateException: Error while creating new key pair.
	at org.apache.hadoop.hdds.security.x509.certificate.client.DefaultCertificateClient.renewAndStoreKeyAndCertificate(DefaultCertificateClient.java:975)
	at org.apache.hadoop.hdds.security.x509.certificate.client.DefaultCertificateClient$CertificateLifetimeMonitor.run(DefaultCertificateClient.java:1229)
	at java.util.concurrent.Executors$RunnableAdapter.call(Executors.java:511)
	at java.util.concurrent.FutureTask.runAndReset(FutureTask.java:308)
	at java.util.concurrent.ScheduledThreadPoolExecutor$ScheduledFutureTask.access$301(ScheduledThreadPoolExecutor.java:180)
	at java.util.concurrent.ScheduledThreadPoolExecutor$ScheduledFutureTask.run(ScheduledThreadPoolExecutor.java:294)
	at java.util.concurrent.ThreadPoolExecutor.runWorker(ThreadPoolExecutor.java:1149)
	at java.util.concurrent.ThreadPoolExecutor$Worker.run(ThreadPoolExecutor.java:624)
	at java.lang.Thread.run(Thread.java:750)
Caused by: org.apache.hadoop.hdds.security.x509.exception.CertificateException: Error while bootstrapping certificate.
	at org.apache.hadoop.hdds.security.x509.certificate.client.DefaultCertificateClient.createKeyPair(DefaultCertificateClient.java:823)
	at org.apache.hadoop.hdds.security.x509.certificate.client.DefaultCertificateClient.renewAndStoreKeyAndCertificate(DefaultCertificateClient.java:973)
	... 8 more
2023-03-23 08:09:07,326 [dn-CertificateLifetimeMonitor] INFO  client.DNCertificateClient (DefaultCertificateClient.java:run(1226)) - Current certificate has entered the expiry grace period PT0S. Starting renew key and certs.
2023-03-23 08:09:07,327 [dn-CertificateLifetimeMonitor] INFO  client.DNCertificateClient (DefaultCertificateClient.java:run(1226)) - Current certificate has entered the expiry grace period PT0S. Starting renew key and certs.
2023-03-23 08:09:07,326 [dn-CertificateLifetimeMonitor] INFO  client.DNCertificateClient (DefaultCertificateClient.java:run(1226)) - Current certificate has entered the expiry grace period PT0S. Starting renew key and certs.
2023-03-23 08:09:07,329 [dn-CertificateLifetimeMonitor] INFO  client.DNCertificateClient (DefaultCertificateClient.java:run(1226)) - Current certificate has entered the expiry grace period PT0S. Starting renew key and certs.
2023-03-23 08:09:07,693 [dn-CertificateLifetimeMonitor] INFO  ozone.OzoneSecurityUtil (OzoneSecurityUtil.java:getValidInetsForCurrentHost(119)) - ip:fe80:0:0:0:20d:3aff:fe34:af96%eth0 not returned.
2023-03-23 08:09:07,693 [dn-CertificateLifetimeMonitor] INFO  ozone.OzoneSecurityUtil (OzoneSecurityUtil.java:getValidInetsForCurrentHost(116)) - Adding ip:10.1.0.31,host:fv-az453-645.hss2zji4abbufegd5wcf2so25h.dx.internal.cloudapp.net
2023-03-23 08:09:07,693 [dn-CertificateLifetimeMonitor] INFO  ozone.OzoneSecurityUtil (OzoneSecurityUtil.java:getValidInetsForCurrentHost(119)) - ip:0:0:0:0:0:0:0:1%lo not returned.
2023-03-23 08:09:07,695 [dn-CertificateLifetimeMonitor] INFO  ozone.OzoneSecurityUtil (OzoneSecurityUtil.java:getValidInetsForCurrentHost(119)) - ip:127.0.0.1 not returned.
2023-03-23 08:09:07,717 [dn-CertificateLifetimeMonitor] INFO  client.DNCertificateClient (DNCertificateClient.java:getCSRBuilder(86)) - Created csr for DN-> subject:runner@fv-az453-645.hss2zji4abbufegd5wcf2so25h.dx.internal.cloudapp.net
2023-03-23 08:09:07,730 [dn-CertificateLifetimeMonitor] ERROR client.DNCertificateClient (DefaultCertificateClient.java:run(1239)) - Failed to renew and store key and cert. Keep using existing certificates.
org.apache.hadoop.hdds.security.x509.exception.CertificateException: Error while signing and storing new certificates.
	at org.apache.hadoop.hdds.security.x509.certificate.client.DefaultCertificateClient.renewAndStoreKeyAndCertificate(DefaultCertificateClient.java:987)
	at org.apache.hadoop.hdds.security.x509.certificate.client.DefaultCertificateClient$CertificateLifetimeMonitor.run(DefaultCertificateClient.java:1229)
	at java.util.concurrent.Executors$RunnableAdapter.call(Executors.java:511)
	at java.util.concurrent.FutureTask.runAndReset(FutureTask.java:308)
	at java.util.concurrent.ScheduledThreadPoolExecutor$ScheduledFutureTask.access$301(ScheduledThreadPoolExecutor.java:180)
	at java.util.concurrent.ScheduledThreadPoolExecutor$ScheduledFutureTask.run(ScheduledThreadPoolExecutor.java:294)
	at java.util.concurrent.ThreadPoolExecutor.runWorker(ThreadPoolExecutor.java:1149)
	at java.util.concurrent.ThreadPoolExecutor$Worker.run(ThreadPoolExecutor.java:624)
	at java.lang.Thread.run(Thread.java:750)
Caused by: org.apache.hadoop.hdds.conf.ConfigurationException: SCM Client Address could not be obtained from config. Config is not properly defined
	at org.apache.hadoop.hdds.scm.proxy.SCMSecurityProtocolFailoverProxyProvider.loadConfigs(SCMSecurityProtocolFailoverProxyProvider.java:120)
	at org.apache.hadoop.hdds.scm.proxy.SCMSecurityProtocolFailoverProxyProvider.<init>(SCMSecurityProtocolFailoverProxyProvider.java:105)
	at org.apache.hadoop.hdds.utils.HddsServerUtil.getScmSecurityClientWithMaxRetry(HddsServerUtil.java:464)
	at org.apache.hadoop.hdds.security.x509.certificate.client.DefaultCertificateClient.getScmSecureClient(DefaultCertificateClient.java:1165)
	at org.apache.hadoop.hdds.security.x509.certificate.client.DNCertificateClient.signAndStoreCertificate(DNCertificateClient.java:101)
	at org.apache.hadoop.hdds.security.x509.certificate.client.DefaultCertificateClient.renewAndStoreKeyAndCertificate(DefaultCertificateClient.java:984)
	... 8 more
2023-03-23 08:09:07,759 [dn-CertificateLifetimeMonitor] ERROR client.DNCertificateClient (DefaultCertificateClient.java:createKeyPair(822)) - Error while bootstrapping certificate client.
java.io.IOException: Private key already exist.
	at org.apache.hadoop.hdds.security.x509.keys.KeyCodec.writePublicKey(KeyCodec.java:197)
	at org.apache.hadoop.hdds.security.x509.certificate.client.DefaultCertificateClient.createKeyPair(DefaultCertificateClient.java:818)
	at org.apache.hadoop.hdds.security.x509.certificate.client.DefaultCertificateClient.renewAndStoreKeyAndCertificate(DefaultCertificateClient.java:973)
	at org.apache.hadoop.hdds.security.x509.certificate.client.DefaultCertificateClient$CertificateLifetimeMonitor.run(DefaultCertificateClient.java:1229)
	at java.util.concurrent.Executors$RunnableAdapter.call(Executors.java:511)
	at java.util.concurrent.FutureTask.runAndReset(FutureTask.java:308)
	at java.util.concurrent.ScheduledThreadPoolExecutor$ScheduledFutureTask.access$301(ScheduledThreadPoolExecutor.java:180)
	at java.util.concurrent.ScheduledThreadPoolExecutor$ScheduledFutureTask.run(ScheduledThreadPoolExecutor.java:294)
	at java.util.concurrent.ThreadPoolExecutor.runWorker(ThreadPoolExecutor.java:1149)
	at java.util.concurrent.ThreadPoolExecutor$Worker.run(ThreadPoolExecutor.java:624)
	at java.lang.Thread.run(Thread.java:750)
2023-03-23 08:09:07,759 [dn-CertificateLifetimeMonitor] ERROR client.DNCertificateClient (DefaultCertificateClient.java:run(1239)) - Failed to renew and store key and cert. Keep using existing certificates.
org.apache.hadoop.hdds.security.x509.exception.CertificateException: Error while creating new key pair.
	at org.apache.hadoop.hdds.security.x509.certificate.client.DefaultCertificateClient.renewAndStoreKeyAndCertificate(DefaultCertificateClient.java:975)
	at org.apache.hadoop.hdds.security.x509.certificate.client.DefaultCertificateClient$CertificateLifetimeMonitor.run(DefaultCertificateClient.java:1229)
	at java.util.concurrent.Executors$RunnableAdapter.call(Executors.java:511)
	at java.util.concurrent.FutureTask.runAndReset(FutureTask.java:308)
	at java.util.concurrent.ScheduledThreadPoolExecutor$ScheduledFutureTask.access$301(ScheduledThreadPoolExecutor.java:180)
	at java.util.concurrent.ScheduledThreadPoolExecutor$ScheduledFutureTask.run(ScheduledThreadPoolExecutor.java:294)
	at java.util.concurrent.ThreadPoolExecutor.runWorker(ThreadPoolExecutor.java:1149)
	at java.util.concurrent.ThreadPoolExecutor$Worker.run(ThreadPoolExecutor.java:624)
	at java.lang.Thread.run(Thread.java:750)
Caused by: org.apache.hadoop.hdds.security.x509.exception.CertificateException: Error while bootstrapping certificate.
	at org.apache.hadoop.hdds.security.x509.certificate.client.DefaultCertificateClient.createKeyPair(DefaultCertificateClient.java:823)
	at org.apache.hadoop.hdds.security.x509.certificate.client.DefaultCertificateClient.renewAndStoreKeyAndCertificate(DefaultCertificateClient.java:973)
	... 8 more
2023-03-23 08:09:07,853 [dn-CertificateLifetimeMonitor] ERROR client.DNCertificateClient (DefaultCertificateClient.java:createKeyPair(822)) - Error while bootstrapping certificate client.
java.io.IOException: Private key already exist.
	at org.apache.hadoop.hdds.security.x509.keys.KeyCodec.writePublicKey(KeyCodec.java:197)
	at org.apache.hadoop.hdds.security.x509.certificate.client.DefaultCertificateClient.createKeyPair(DefaultCertificateClient.java:818)
	at org.apache.hadoop.hdds.security.x509.certificate.client.DefaultCertificateClient.renewAndStoreKeyAndCertificate(DefaultCertificateClient.java:973)
	at org.apache.hadoop.hdds.security.x509.certificate.client.DefaultCertificateClient$CertificateLifetimeMonitor.run(DefaultCertificateClient.java:1229)
	at java.util.concurrent.Executors$RunnableAdapter.call(Executors.java:511)
	at java.util.concurrent.FutureTask.runAndReset(FutureTask.java:308)
	at java.util.concurrent.ScheduledThreadPoolExecutor$ScheduledFutureTask.access$301(ScheduledThreadPoolExecutor.java:180)
	at java.util.concurrent.ScheduledThreadPoolExecutor$ScheduledFutureTask.run(ScheduledThreadPoolExecutor.java:294)
	at java.util.concurrent.ThreadPoolExecutor.runWorker(ThreadPoolExecutor.java:1149)
	at java.util.concurrent.ThreadPoolExecutor$Worker.run(ThreadPoolExecutor.java:624)
	at java.lang.Thread.run(Thread.java:750)
2023-03-23 08:09:07,853 [dn-CertificateLifetimeMonitor] ERROR client.DNCertificateClient (DefaultCertificateClient.java:run(1239)) - Failed to renew and store key and cert. Keep using existing certificates.
org.apache.hadoop.hdds.security.x509.exception.CertificateException: Error while creating new key pair.
	at org.apache.hadoop.hdds.security.x509.certificate.client.DefaultCertificateClient.renewAndStoreKeyAndCertificate(DefaultCertificateClient.java:975)
	at org.apache.hadoop.hdds.security.x509.certificate.client.DefaultCertificateClient$CertificateLifetimeMonitor.run(DefaultCertificateClient.java:1229)
	at java.util.concurrent.Executors$RunnableAdapter.call(Executors.java:511)
	at java.util.concurrent.FutureTask.runAndReset(FutureTask.java:308)
	at java.util.concurrent.ScheduledThreadPoolExecutor$ScheduledFutureTask.access$301(ScheduledThreadPoolExecutor.java:180)
	at java.util.concurrent.ScheduledThreadPoolExecutor$ScheduledFutureTask.run(ScheduledThreadPoolExecutor.java:294)
	at java.util.concurrent.ThreadPoolExecutor.runWorker(ThreadPoolExecutor.java:1149)
	at java.util.concurrent.ThreadPoolExecutor$Worker.run(ThreadPoolExecutor.java:624)
	at java.lang.Thread.run(Thread.java:750)
Caused by: org.apache.hadoop.hdds.security.x509.exception.CertificateException: Error while bootstrapping certificate.
	at org.apache.hadoop.hdds.security.x509.certificate.client.DefaultCertificateClient.createKeyPair(DefaultCertificateClient.java:823)
	at org.apache.hadoop.hdds.security.x509.certificate.client.DefaultCertificateClient.renewAndStoreKeyAndCertificate(DefaultCertificateClient.java:973)
	... 8 more
2023-03-23 08:09:07,894 [dn-CertificateLifetimeMonitor] ERROR client.DNCertificateClient (DefaultCertificateClient.java:createKeyPair(822)) - Error while bootstrapping certificate client.
java.io.IOException: Private key already exist.
	at org.apache.hadoop.hdds.security.x509.keys.KeyCodec.writePublicKey(KeyCodec.java:197)
	at org.apache.hadoop.hdds.security.x509.certificate.client.DefaultCertificateClient.createKeyPair(DefaultCertificateClient.java:818)
	at org.apache.hadoop.hdds.security.x509.certificate.client.DefaultCertificateClient.renewAndStoreKeyAndCertificate(DefaultCertificateClient.java:973)
	at org.apache.hadoop.hdds.security.x509.certificate.client.DefaultCertificateClient$CertificateLifetimeMonitor.run(DefaultCertificateClient.java:1229)
	at java.util.concurrent.Executors$RunnableAdapter.call(Executors.java:511)
	at java.util.concurrent.FutureTask.runAndReset(FutureTask.java:308)
	at java.util.concurrent.ScheduledThreadPoolExecutor$ScheduledFutureTask.access$301(ScheduledThreadPoolExecutor.java:180)
	at java.util.concurrent.ScheduledThreadPoolExecutor$ScheduledFutureTask.run(ScheduledThreadPoolExecutor.java:294)
	at java.util.concurrent.ThreadPoolExecutor.runWorker(ThreadPoolExecutor.java:1149)
	at java.util.concurrent.ThreadPoolExecutor$Worker.run(ThreadPoolExecutor.java:624)
	at java.lang.Thread.run(Thread.java:750)
2023-03-23 08:09:07,895 [dn-CertificateLifetimeMonitor] ERROR client.DNCertificateClient (DefaultCertificateClient.java:run(1239)) - Failed to renew and store key and cert. Keep using existing certificates.
org.apache.hadoop.hdds.security.x509.exception.CertificateException: Error while creating new key pair.
	at org.apache.hadoop.hdds.security.x509.certificate.client.DefaultCertificateClient.renewAndStoreKeyAndCertificate(DefaultCertificateClient.java:975)
	at org.apache.hadoop.hdds.security.x509.certificate.client.DefaultCertificateClient$CertificateLifetimeMonitor.run(DefaultCertificateClient.java:1229)
	at java.util.concurrent.Executors$RunnableAdapter.call(Executors.java:511)
	at java.util.concurrent.FutureTask.runAndReset(FutureTask.java:308)
	at java.util.concurrent.ScheduledThreadPoolExecutor$ScheduledFutureTask.access$301(ScheduledThreadPoolExecutor.java:180)
	at java.util.concurrent.ScheduledThreadPoolExecutor$ScheduledFutureTask.run(ScheduledThreadPoolExecutor.java:294)
	at java.util.concurrent.ThreadPoolExecutor.runWorker(ThreadPoolExecutor.java:1149)
	at java.util.concurrent.ThreadPoolExecutor$Worker.run(ThreadPoolExecutor.java:624)
	at java.lang.Thread.run(Thread.java:750)
Caused by: org.apache.hadoop.hdds.security.x509.exception.CertificateException: Error while bootstrapping certificate.
	at org.apache.hadoop.hdds.security.x509.certificate.client.DefaultCertificateClient.createKeyPair(DefaultCertificateClient.java:823)
	at org.apache.hadoop.hdds.security.x509.certificate.client.DefaultCertificateClient.renewAndStoreKeyAndCertificate(DefaultCertificateClient.java:973)
	... 8 more
2023-03-23 08:09:08,992 [dn-CertificateLifetimeMonitor] INFO  client.DNCertificateClient (DefaultCertificateClient.java:run(1226)) - Current certificate has entered the expiry grace period PT0S. Starting renew key and certs.
2023-03-23 08:09:08,992 [dn-CertificateLifetimeMonitor] INFO  client.DNCertificateClient (DefaultCertificateClient.java:run(1226)) - Current certificate has entered the expiry grace period PT0S. Starting renew key and certs.
2023-03-23 08:09:08,993 [dn-CertificateLifetimeMonitor] ERROR client.DNCertificateClient (DefaultCertificateClient.java:run(1239)) - Failed to renew and store key and cert. Keep using existing certificates.
org.apache.hadoop.hdds.security.x509.exception.CertificateException: Error while deleting/creating /home/runner/work/ozone/ozone/hadoop-hdds/container-service/target/test-dir/Mjq8nZOG0m/dn/keys-next or /home/runner/work/ozone/ozone/hadoop-hdds/container-service/target/test-dir/Mjq8nZOG0m/dn/certs-next directories to cleanup  certificate storage. 
	at org.apache.hadoop.hdds.security.x509.certificate.client.DefaultCertificateClient.renewAndStoreKeyAndCertificate(DefaultCertificateClient.java:964)
	at org.apache.hadoop.hdds.security.x509.certificate.client.DefaultCertificateClient$CertificateLifetimeMonitor.run(DefaultCertificateClient.java:1229)
	at java.util.concurrent.Executors$RunnableAdapter.call(Executors.java:511)
	at java.util.concurrent.FutureTask.runAndReset(FutureTask.java:308)
	at java.util.concurrent.ScheduledThreadPoolExecutor$ScheduledFutureTask.access$301(ScheduledThreadPoolExecutor.java:180)
	at java.util.concurrent.ScheduledThreadPoolExecutor$ScheduledFutureTask.run(ScheduledThreadPoolExecutor.java:294)
	at java.util.concurrent.ThreadPoolExecutor.runWorker(ThreadPoolExecutor.java:1149)
	at java.util.concurrent.ThreadPoolExecutor$Worker.run(ThreadPoolExecutor.java:624)
	at java.lang.Thread.run(Thread.java:750)
Caused by: org.apache.commons.io.IOExceptionList: /home/runner/work/ozone/ozone/hadoop-hdds/container-service/target/test-dir/Mjq8nZOG0m/dn/keys-next
	at org.apache.commons.io.FileUtils.cleanDirectory(FileUtils.java:331)
	at org.apache.commons.io.FileUtils.deleteDirectory(FileUtils.java:1192)
	at org.apache.hadoop.hdds.security.x509.certificate.client.DefaultCertificateClient.renewAndStoreKeyAndCertificate(DefaultCertificateClient.java:959)
	... 8 more
Caused by: java.io.IOException: Cannot delete file: /home/runner/work/ozone/ozone/hadoop-hdds/container-service/target/test-dir/Mjq8nZOG0m/dn/keys-next/private.pem
	at org.apache.commons.io.FileUtils.forceDelete(FileUtils.java:1344)
	at org.apache.commons.io.FileUtils.cleanDirectory(FileUtils.java:324)
	... 10 more
Caused by: java.nio.file.NoSuchFileException: /home/runner/work/ozone/ozone/hadoop-hdds/container-service/target/test-dir/Mjq8nZOG0m/dn/keys-next/private.pem
	at sun.nio.fs.UnixException.translateToIOException(UnixException.java:86)
	at sun.nio.fs.UnixException.rethrowAsIOException(UnixException.java:102)
	at sun.nio.fs.UnixException.rethrowAsIOException(UnixException.java:107)
	at sun.nio.fs.UnixFileAttributeViews$Posix.readAttributes(UnixFileAttributeViews.java:218)
	at sun.nio.fs.UnixFileAttributeViews$Posix.readAttributes(UnixFileAttributeViews.java:131)
	at org.apache.commons.io.file.PathUtils.setReadOnly(PathUtils.java:927)
	at org.apache.commons.io.file.PathUtils.deleteFile(PathUtils.java:485)
	at org.apache.commons.io.file.PathUtils.delete(PathUtils.java:392)
	at org.apache.commons.io.FileUtils.forceDelete(FileUtils.java:1341)
	... 11 more
2023-03-23 08:09:08,994 [dn-CertificateLifetimeMonitor] INFO  client.DNCertificateClient (DefaultCertificateClient.java:run(1226)) - Current certificate has entered the expiry grace period PT0S. Starting renew key and certs.
2023-03-23 08:09:08,995 [dn-CertificateLifetimeMonitor] INFO  client.DNCertificateClient (DefaultCertificateClient.java:run(1226)) - Current certificate has entered the expiry grace period PT0S. Starting renew key and certs.
2023-03-23 08:09:09,261 [dn-CertificateLifetimeMonitor] INFO  ozone.OzoneSecurityUtil (OzoneSecurityUtil.java:getValidInetsForCurrentHost(119)) - ip:fe80:0:0:0:20d:3aff:fe34:af96%eth0 not returned.
2023-03-23 08:09:09,262 [dn-CertificateLifetimeMonitor] INFO  ozone.OzoneSecurityUtil (OzoneSecurityUtil.java:getValidInetsForCurrentHost(116)) - Adding ip:10.1.0.31,host:fv-az453-645.hss2zji4abbufegd5wcf2so25h.dx.internal.cloudapp.net
2023-03-23 08:09:09,262 [dn-CertificateLifetimeMonitor] INFO  ozone.OzoneSecurityUtil (OzoneSecurityUtil.java:getValidInetsForCurrentHost(119)) - ip:0:0:0:0:0:0:0:1%lo not returned.
2023-03-23 08:09:09,262 [dn-CertificateLifetimeMonitor] INFO  ozone.OzoneSecurityUtil (OzoneSecurityUtil.java:getValidInetsForCurrentHost(119)) - ip:127.0.0.1 not returned.
2023-03-23 08:09:09,262 [dn-CertificateLifetimeMonitor] INFO  client.DNCertificateClient (DNCertificateClient.java:getCSRBuilder(86)) - Created csr for DN-> subject:runner@fv-az453-645.hss2zji4abbufegd5wcf2so25h.dx.internal.cloudapp.net
2023-03-23 08:09:09,265 [dn-CertificateLifetimeMonitor] ERROR client.DNCertificateClient (DefaultCertificateClient.java:run(1239)) - Failed to renew and store key and cert. Keep using existing certificates.
org.apache.hadoop.hdds.security.x509.exception.CertificateException: Error while signing and storing new certificates.
	at org.apache.hadoop.hdds.security.x509.certificate.client.DefaultCertificateClient.renewAndStoreKeyAndCertificate(DefaultCertificateClient.java:987)
	at org.apache.hadoop.hdds.security.x509.certificate.client.DefaultCertificateClient$CertificateLifetimeMonitor.run(DefaultCertificateClient.java:1229)
	at java.util.concurrent.Executors$RunnableAdapter.call(Executors.java:511)
	at java.util.concurrent.FutureTask.runAndReset(FutureTask.java:308)
	at java.util.concurrent.ScheduledThreadPoolExecutor$ScheduledFutureTask.access$301(ScheduledThreadPoolExecutor.java:180)
	at java.util.concurrent.ScheduledThreadPoolExecutor$ScheduledFutureTask.run(ScheduledThreadPoolExecutor.java:294)
	at java.util.concurrent.ThreadPoolExecutor.runWorker(ThreadPoolExecutor.java:1149)
	at java.util.concurrent.ThreadPoolExecutor$Worker.run(ThreadPoolExecutor.java:624)
	at java.lang.Thread.run(Thread.java:750)
Caused by: org.apache.hadoop.hdds.conf.ConfigurationException: SCM Client Address could not be obtained from config. Config is not properly defined
	at org.apache.hadoop.hdds.scm.proxy.SCMSecurityProtocolFailoverProxyProvider.loadConfigs(SCMSecurityProtocolFailoverProxyProvider.java:120)
	at org.apache.hadoop.hdds.scm.proxy.SCMSecurityProtocolFailoverProxyProvider.<init>(SCMSecurityProtocolFailoverProxyProvider.java:105)
	at org.apache.hadoop.hdds.utils.HddsServerUtil.getScmSecurityClientWithMaxRetry(HddsServerUtil.java:464)
	at org.apache.hadoop.hdds.security.x509.certificate.client.DefaultCertificateClient.getScmSecureClient(DefaultCertificateClient.java:1165)
	at org.apache.hadoop.hdds.security.x509.certificate.client.DNCertificateClient.signAndStoreCertificate(DNCertificateClient.java:101)
	at org.apache.hadoop.hdds.security.x509.certificate.client.DefaultCertificateClient.renewAndStoreKeyAndCertificate(DefaultCertificateClient.java:984)
	... 8 more
2023-03-23 08:09:09,458 [dn-CertificateLifetimeMonitor] ERROR client.DNCertificateClient (DefaultCertificateClient.java:createKeyPair(822)) - Error while bootstrapping certificate client.
java.io.IOException: Private key already exist.
	at org.apache.hadoop.hdds.security.x509.keys.KeyCodec.writePublicKey(KeyCodec.java:197)
	at org.apache.hadoop.hdds.security.x509.certificate.client.DefaultCertificateClient.createKeyPair(DefaultCertificateClient.java:818)
	at org.apache.hadoop.hdds.security.x509.certificate.client.DefaultCertificateClient.renewAndStoreKeyAndCertificate(DefaultCertificateClient.java:973)
	at org.apache.hadoop.hdds.security.x509.certificate.client.DefaultCertificateClient$CertificateLifetimeMonitor.run(DefaultCertificateClient.java:1229)
	at java.util.concurrent.Executors$RunnableAdapter.call(Executors.java:511)
	at java.util.concurrent.FutureTask.runAndReset(FutureTask.java:308)
	at java.util.concurrent.ScheduledThreadPoolExecutor$ScheduledFutureTask.access$301(ScheduledThreadPoolExecutor.java:180)
	at java.util.concurrent.ScheduledThreadPoolExecutor$ScheduledFutureTask.run(ScheduledThreadPoolExecutor.java:294)
	at java.util.concurrent.ThreadPoolExecutor.runWorker(ThreadPoolExecutor.java:1149)
	at java.util.concurrent.ThreadPoolExecutor$Worker.run(ThreadPoolExecutor.java:624)
	at java.lang.Thread.run(Thread.java:750)
2023-03-23 08:09:09,459 [dn-CertificateLifetimeMonitor] ERROR client.DNCertificateClient (DefaultCertificateClient.java:run(1239)) - Failed to renew and store key and cert. Keep using existing certificates.
org.apache.hadoop.hdds.security.x509.exception.CertificateException: Error while creating new key pair.
	at org.apache.hadoop.hdds.security.x509.certificate.client.DefaultCertificateClient.renewAndStoreKeyAndCertificate(DefaultCertificateClient.java:975)
	at org.apache.hadoop.hdds.security.x509.certificate.client.DefaultCertificateClient$CertificateLifetimeMonitor.run(DefaultCertificateClient.java:1229)
	at java.util.concurrent.Executors$RunnableAdapter.call(Executors.java:511)
	at java.util.concurrent.FutureTask.runAndReset(FutureTask.java:308)
	at java.util.concurrent.ScheduledThreadPoolExecutor$ScheduledFutureTask.access$301(ScheduledThreadPoolExecutor.java:180)
	at java.util.concurrent.ScheduledThreadPoolExecutor$ScheduledFutureTask.run(ScheduledThreadPoolExecutor.java:294)
	at java.util.concurrent.ThreadPoolExecutor.runWorker(ThreadPoolExecutor.java:1149)
	at java.util.concurrent.ThreadPoolExecutor$Worker.run(ThreadPoolExecutor.java:624)
	at java.lang.Thread.run(Thread.java:750)
Caused by: org.apache.hadoop.hdds.security.x509.exception.CertificateException: Error while bootstrapping certificate.
	at org.apache.hadoop.hdds.security.x509.certificate.client.DefaultCertificateClient.createKeyPair(DefaultCertificateClient.java:823)
	at org.apache.hadoop.hdds.security.x509.certificate.client.DefaultCertificateClient.renewAndStoreKeyAndCertificate(DefaultCertificateClient.java:973)
	... 8 more
2023-03-23 08:09:09,549 [dn-CertificateLifetimeMonitor] ERROR client.DNCertificateClient (DefaultCertificateClient.java:createKeyPair(822)) - Error while bootstrapping certificate client.
java.io.IOException: Private key already exist.
	at org.apache.hadoop.hdds.security.x509.keys.KeyCodec.writePublicKey(KeyCodec.java:197)
	at org.apache.hadoop.hdds.security.x509.certificate.client.DefaultCertificateClient.createKeyPair(DefaultCertificateClient.java:818)
	at org.apache.hadoop.hdds.security.x509.certificate.client.DefaultCertificateClient.renewAndStoreKeyAndCertificate(DefaultCertificateClient.java:973)
	at org.apache.hadoop.hdds.security.x509.certificate.client.DefaultCertificateClient$CertificateLifetimeMonitor.run(DefaultCertificateClient.java:1229)
	at java.util.concurrent.Executors$RunnableAdapter.call(Executors.java:511)
	at java.util.concurrent.FutureTask.runAndReset(FutureTask.java:308)
	at java.util.concurrent.ScheduledThreadPoolExecutor$ScheduledFutureTask.access$301(ScheduledThreadPoolExecutor.java:180)
	at java.util.concurrent.ScheduledThreadPoolExecutor$ScheduledFutureTask.run(ScheduledThreadPoolExecutor.java:294)
	at java.util.concurrent.ThreadPoolExecutor.runWorker(ThreadPoolExecutor.java:1149)
	at java.util.concurrent.ThreadPoolExecutor$Worker.run(ThreadPoolExecutor.java:624)
	at java.lang.Thread.run(Thread.java:750)
2023-03-23 08:09:09,549 [dn-CertificateLifetimeMonitor] ERROR client.DNCertificateClient (DefaultCertificateClient.java:run(1239)) - Failed to renew and store key and cert. Keep using existing certificates.
org.apache.hadoop.hdds.security.x509.exception.CertificateException: Error while creating new key pair.
	at org.apache.hadoop.hdds.security.x509.certificate.client.DefaultCertificateClient.renewAndStoreKeyAndCertificate(DefaultCertificateClient.java:975)
	at org.apache.hadoop.hdds.security.x509.certificate.client.DefaultCertificateClient$CertificateLifetimeMonitor.run(DefaultCertificateClient.java:1229)
	at java.util.concurrent.Executors$RunnableAdapter.call(Executors.java:511)
	at java.util.concurrent.FutureTask.runAndReset(FutureTask.java:308)
	at java.util.concurrent.ScheduledThreadPoolExecutor$ScheduledFutureTask.access$301(ScheduledThreadPoolExecutor.java:180)
	at java.util.concurrent.ScheduledThreadPoolExecutor$ScheduledFutureTask.run(ScheduledThreadPoolExecutor.java:294)
	at java.util.concurrent.ThreadPoolExecutor.runWorker(ThreadPoolExecutor.java:1149)
	at java.util.concurrent.ThreadPoolExecutor$Worker.run(ThreadPoolExecutor.java:624)
	at java.lang.Thread.run(Thread.java:750)
Caused by: org.apache.hadoop.hdds.security.x509.exception.CertificateException: Error while bootstrapping certificate.
	at org.apache.hadoop.hdds.security.x509.certificate.client.DefaultCertificateClient.createKeyPair(DefaultCertificateClient.java:823)
	at org.apache.hadoop.hdds.security.x509.certificate.client.DefaultCertificateClient.renewAndStoreKeyAndCertificate(DefaultCertificateClient.java:973)
	... 8 more
2023-03-23 08:09:10,658 [dn-CertificateLifetimeMonitor] INFO  client.DNCertificateClient (DefaultCertificateClient.java:run(1226)) - Current certificate has entered the expiry grace period PT0S. Starting renew key and certs.
2023-03-23 08:09:10,658 [dn-CertificateLifetimeMonitor] INFO  client.DNCertificateClient (DefaultCertificateClient.java:run(1226)) - Current certificate has entered the expiry grace period PT0S. Starting renew key and certs.
2023-03-23 08:09:10,659 [dn-CertificateLifetimeMonitor] ERROR client.DNCertificateClient (DefaultCertificateClient.java:run(1239)) - Failed to renew and store key and cert. Keep using existing certificates.
org.apache.hadoop.hdds.security.x509.exception.CertificateException: Error while deleting/creating /home/runner/work/ozone/ozone/hadoop-hdds/container-service/target/test-dir/Mjq8nZOG0m/dn/keys-next or /home/runner/work/ozone/ozone/hadoop-hdds/container-service/target/test-dir/Mjq8nZOG0m/dn/certs-next directories to cleanup  certificate storage. 
	at org.apache.hadoop.hdds.security.x509.certificate.client.DefaultCertificateClient.renewAndStoreKeyAndCertificate(DefaultCertificateClient.java:964)
	at org.apache.hadoop.hdds.security.x509.certificate.client.DefaultCertificateClient$CertificateLifetimeMonitor.run(DefaultCertificateClient.java:1229)
	at java.util.concurrent.Executors$RunnableAdapter.call(Executors.java:511)
	at java.util.concurrent.FutureTask.runAndReset(FutureTask.java:308)
	at java.util.concurrent.ScheduledThreadPoolExecutor$ScheduledFutureTask.access$301(ScheduledThreadPoolExecutor.java:180)
	at java.util.concurrent.ScheduledThreadPoolExecutor$ScheduledFutureTask.run(ScheduledThreadPoolExecutor.java:294)
	at java.util.concurrent.ThreadPoolExecutor.runWorker(ThreadPoolExecutor.java:1149)
	at java.util.concurrent.ThreadPoolExecutor$Worker.run(ThreadPoolExecutor.java:624)
	at java.lang.Thread.run(Thread.java:750)
Caused by: org.apache.commons.io.IOExceptionList: /home/runner/work/ozone/ozone/hadoop-hdds/container-service/target/test-dir/Mjq8nZOG0m/dn/keys-next
	at org.apache.commons.io.FileUtils.cleanDirectory(FileUtils.java:331)
	at org.apache.commons.io.FileUtils.deleteDirectory(FileUtils.java:1192)
	at org.apache.hadoop.hdds.security.x509.certificate.client.DefaultCertificateClient.renewAndStoreKeyAndCertificate(DefaultCertificateClient.java:959)
	... 8 more
Caused by: java.io.IOException: Cannot delete file: /home/runner/work/ozone/ozone/hadoop-hdds/container-service/target/test-dir/Mjq8nZOG0m/dn/keys-next/public.pem
	at org.apache.commons.io.FileUtils.forceDelete(FileUtils.java:1344)
	at org.apache.commons.io.FileUtils.cleanDirectory(FileUtils.java:324)
	... 10 more
Caused by: java.nio.file.NoSuchFileException: /home/runner/work/ozone/ozone/hadoop-hdds/container-service/target/test-dir/Mjq8nZOG0m/dn/keys-next/public.pem
	at sun.nio.fs.UnixException.translateToIOException(UnixException.java:86)
	at sun.nio.fs.UnixException.rethrowAsIOException(UnixException.java:102)
	at sun.nio.fs.UnixException.rethrowAsIOException(UnixException.java:107)
	at sun.nio.fs.UnixFileAttributeViews$Posix.readAttributes(UnixFileAttributeViews.java:218)
	at sun.nio.fs.UnixFileAttributeViews$Posix.readAttributes(UnixFileAttributeViews.java:131)
	at org.apache.commons.io.file.PathUtils.setReadOnly(PathUtils.java:927)
	at org.apache.commons.io.file.PathUtils.deleteFile(PathUtils.java:485)
	at org.apache.commons.io.file.PathUtils.delete(PathUtils.java:392)
	at org.apache.commons.io.FileUtils.forceDelete(FileUtils.java:1341)
	... 11 more
2023-03-23 08:09:10,661 [dn-CertificateLifetimeMonitor] INFO  client.DNCertificateClient (DefaultCertificateClient.java:run(1226)) - Current certificate has entered the expiry grace period PT0S. Starting renew key and certs.
2023-03-23 08:09:10,669 [dn-CertificateLifetimeMonitor] INFO  client.DNCertificateClient (DefaultCertificateClient.java:run(1226)) - Current certificate has entered the expiry grace period PT0S. Starting renew key and certs.
2023-03-23 08:09:10,765 [dn-CertificateLifetimeMonitor] INFO  ozone.OzoneSecurityUtil (OzoneSecurityUtil.java:getValidInetsForCurrentHost(119)) - ip:fe80:0:0:0:20d:3aff:fe34:af96%eth0 not returned.
2023-03-23 08:09:10,765 [dn-CertificateLifetimeMonitor] INFO  ozone.OzoneSecurityUtil (OzoneSecurityUtil.java:getValidInetsForCurrentHost(116)) - Adding ip:10.1.0.31,host:fv-az453-645.hss2zji4abbufegd5wcf2so25h.dx.internal.cloudapp.net
2023-03-23 08:09:10,765 [dn-CertificateLifetimeMonitor] INFO  ozone.OzoneSecurityUtil (OzoneSecurityUtil.java:getValidInetsForCurrentHost(119)) - ip:0:0:0:0:0:0:0:1%lo not returned.
2023-03-23 08:09:10,765 [dn-CertificateLifetimeMonitor] INFO  ozone.OzoneSecurityUtil (OzoneSecurityUtil.java:getValidInetsForCurrentHost(119)) - ip:127.0.0.1 not returned.
2023-03-23 08:09:10,765 [dn-CertificateLifetimeMonitor] INFO  client.DNCertificateClient (DNCertificateClient.java:getCSRBuilder(86)) - Created csr for DN-> subject:runner@fv-az453-645.hss2zji4abbufegd5wcf2so25h.dx.internal.cloudapp.net
2023-03-23 08:09:10,770 [dn-CertificateLifetimeMonitor] ERROR client.DNCertificateClient (DefaultCertificateClient.java:run(1239)) - Failed to renew and store key and cert. Keep using existing certificates.
org.apache.hadoop.hdds.security.x509.exception.CertificateException: Error while signing and storing new certificates.
	at org.apache.hadoop.hdds.security.x509.certificate.client.DefaultCertificateClient.renewAndStoreKeyAndCertificate(DefaultCertificateClient.java:987)
	at org.apache.hadoop.hdds.security.x509.certificate.client.DefaultCertificateClient$CertificateLifetimeMonitor.run(DefaultCertificateClient.java:1229)
	at java.util.concurrent.Executors$RunnableAdapter.call(Executors.java:511)
	at java.util.concurrent.FutureTask.runAndReset(FutureTask.java:308)
	at java.util.concurrent.ScheduledThreadPoolExecutor$ScheduledFutureTask.access$301(ScheduledThreadPoolExecutor.java:180)
	at java.util.concurrent.ScheduledThreadPoolExecutor$ScheduledFutureTask.run(ScheduledThreadPoolExecutor.java:294)
	at java.util.concurrent.ThreadPoolExecutor.runWorker(ThreadPoolExecutor.java:1149)
	at java.util.concurrent.ThreadPoolExecutor$Worker.run(ThreadPoolExecutor.java:624)
	at java.lang.Thread.run(Thread.java:750)
Caused by: org.apache.hadoop.hdds.conf.ConfigurationException: SCM Client Address could not be obtained from config. Config is not properly defined
	at org.apache.hadoop.hdds.scm.proxy.SCMSecurityProtocolFailoverProxyProvider.loadConfigs(SCMSecurityProtocolFailoverProxyProvider.java:120)
	at org.apache.hadoop.hdds.scm.proxy.SCMSecurityProtocolFailoverProxyProvider.<init>(SCMSecurityProtocolFailoverProxyProvider.java:105)
	at org.apache.hadoop.hdds.utils.HddsServerUtil.getScmSecurityClientWithMaxRetry(HddsServerUtil.java:464)
	at org.apache.hadoop.hdds.security.x509.certificate.client.DefaultCertificateClient.getScmSecureClient(DefaultCertificateClient.java:1165)
	at org.apache.hadoop.hdds.security.x509.certificate.client.DNCertificateClient.signAndStoreCertificate(DNCertificateClient.java:101)
	at org.apache.hadoop.hdds.security.x509.certificate.client.DefaultCertificateClient.renewAndStoreKeyAndCertificate(DefaultCertificateClient.java:984)
	... 8 more
2023-03-23 08:09:10,900 [dn-CertificateLifetimeMonitor] ERROR client.DNCertificateClient (DefaultCertificateClient.java:createKeyPair(822)) - Error while bootstrapping certificate client.
java.io.IOException: Private key already exist.
	at org.apache.hadoop.hdds.security.x509.keys.KeyCodec.writePublicKey(KeyCodec.java:197)
	at org.apache.hadoop.hdds.security.x509.certificate.client.DefaultCertificateClient.createKeyPair(DefaultCertificateClient.java:818)
	at org.apache.hadoop.hdds.security.x509.certificate.client.DefaultCertificateClient.renewAndStoreKeyAndCertificate(DefaultCertificateClient.java:973)
	at org.apache.hadoop.hdds.security.x509.certificate.client.DefaultCertificateClient$CertificateLifetimeMonitor.run(DefaultCertificateClient.java:1229)
	at java.util.concurrent.Executors$RunnableAdapter.call(Executors.java:511)
	at java.util.concurrent.FutureTask.runAndReset(FutureTask.java:308)
	at java.util.concurrent.ScheduledThreadPoolExecutor$ScheduledFutureTask.access$301(ScheduledThreadPoolExecutor.java:180)
	at java.util.concurrent.ScheduledThreadPoolExecutor$ScheduledFutureTask.run(ScheduledThreadPoolExecutor.java:294)
	at java.util.concurrent.ThreadPoolExecutor.runWorker(ThreadPoolExecutor.java:1149)
	at java.util.concurrent.ThreadPoolExecutor$Worker.run(ThreadPoolExecutor.java:624)
	at java.lang.Thread.run(Thread.java:750)
2023-03-23 08:09:10,900 [dn-CertificateLifetimeMonitor] ERROR client.DNCertificateClient (DefaultCertificateClient.java:run(1239)) - Failed to renew and store key and cert. Keep using existing certificates.
org.apache.hadoop.hdds.security.x509.exception.CertificateException: Error while creating new key pair.
	at org.apache.hadoop.hdds.security.x509.certificate.client.DefaultCertificateClient.renewAndStoreKeyAndCertificate(DefaultCertificateClient.java:975)
	at org.apache.hadoop.hdds.security.x509.certificate.client.DefaultCertificateClient$CertificateLifetimeMonitor.run(DefaultCertificateClient.java:1229)
	at java.util.concurrent.Executors$RunnableAdapter.call(Executors.java:511)
	at java.util.concurrent.FutureTask.runAndReset(FutureTask.java:308)
	at java.util.concurrent.ScheduledThreadPoolExecutor$ScheduledFutureTask.access$301(ScheduledThreadPoolExecutor.java:180)
	at java.util.concurrent.ScheduledThreadPoolExecutor$ScheduledFutureTask.run(ScheduledThreadPoolExecutor.java:294)
	at java.util.concurrent.ThreadPoolExecutor.runWorker(ThreadPoolExecutor.java:1149)
	at java.util.concurrent.ThreadPoolExecutor$Worker.run(ThreadPoolExecutor.java:624)
	at java.lang.Thread.run(Thread.java:750)
Caused by: org.apache.hadoop.hdds.security.x509.exception.CertificateException: Error while bootstrapping certificate.
	at org.apache.hadoop.hdds.security.x509.certificate.client.DefaultCertificateClient.createKeyPair(DefaultCertificateClient.java:823)
	at org.apache.hadoop.hdds.security.x509.certificate.client.DefaultCertificateClient.renewAndStoreKeyAndCertificate(DefaultCertificateClient.java:973)
	... 8 more
2023-03-23 08:09:10,938 [dn-CertificateLifetimeMonitor] ERROR client.DNCertificateClient (DefaultCertificateClient.java:createKeyPair(822)) - Error while bootstrapping certificate client.
java.io.IOException: Private key already exist.
	at org.apache.hadoop.hdds.security.x509.keys.KeyCodec.writePublicKey(KeyCodec.java:197)
	at org.apache.hadoop.hdds.security.x509.certificate.client.DefaultCertificateClient.createKeyPair(DefaultCertificateClient.java:818)
	at org.apache.hadoop.hdds.security.x509.certificate.client.DefaultCertificateClient.renewAndStoreKeyAndCertificate(DefaultCertificateClient.java:973)
	at org.apache.hadoop.hdds.security.x509.certificate.client.DefaultCertificateClient$CertificateLifetimeMonitor.run(DefaultCertificateClient.java:1229)
	at java.util.concurrent.Executors$RunnableAdapter.call(Executors.java:511)
	at java.util.concurrent.FutureTask.runAndReset(FutureTask.java:308)
	at java.util.concurrent.ScheduledThreadPoolExecutor$ScheduledFutureTask.access$301(ScheduledThreadPoolExecutor.java:180)
	at java.util.concurrent.ScheduledThreadPoolExecutor$ScheduledFutureTask.run(ScheduledThreadPoolExecutor.java:294)
	at java.util.concurrent.ThreadPoolExecutor.runWorker(ThreadPoolExecutor.java:1149)
	at java.util.concurrent.ThreadPoolExecutor$Worker.run(ThreadPoolExecutor.java:624)
	at java.lang.Thread.run(Thread.java:750)
2023-03-23 08:09:10,939 [dn-CertificateLifetimeMonitor] ERROR client.DNCertificateClient (DefaultCertificateClient.java:run(1239)) - Failed to renew and store key and cert. Keep using existing certificates.
org.apache.hadoop.hdds.security.x509.exception.CertificateException: Error while creating new key pair.
	at org.apache.hadoop.hdds.security.x509.certificate.client.DefaultCertificateClient.renewAndStoreKeyAndCertificate(DefaultCertificateClient.java:975)
	at org.apache.hadoop.hdds.security.x509.certificate.client.DefaultCertificateClient$CertificateLifetimeMonitor.run(DefaultCertificateClient.java:1229)
	at java.util.concurrent.Executors$RunnableAdapter.call(Executors.java:511)
	at java.util.concurrent.FutureTask.runAndReset(FutureTask.java:308)
	at java.util.concurrent.ScheduledThreadPoolExecutor$ScheduledFutureTask.access$301(ScheduledThreadPoolExecutor.java:180)
	at java.util.concurrent.ScheduledThreadPoolExecutor$ScheduledFutureTask.run(ScheduledThreadPoolExecutor.java:294)
	at java.util.concurrent.ThreadPoolExecutor.runWorker(ThreadPoolExecutor.java:1149)
	at java.util.concurrent.ThreadPoolExecutor$Worker.run(ThreadPoolExecutor.java:624)
	at java.lang.Thread.run(Thread.java:750)
Caused by: org.apache.hadoop.hdds.security.x509.exception.CertificateException: Error while bootstrapping certificate.
	at org.apache.hadoop.hdds.security.x509.certificate.client.DefaultCertificateClient.createKeyPair(DefaultCertificateClient.java:823)
	at org.apache.hadoop.hdds.security.x509.certificate.client.DefaultCertificateClient.renewAndStoreKeyAndCertificate(DefaultCertificateClient.java:973)
	... 8 more
]]></system-out>
  </testcase>
</testsuite>