<?xml version="1.0" encoding="UTF-8"?>
<testsuite xmlns:xsi="http://www.w3.org/2001/XMLSchema-instance" xsi:noNamespaceSchemaLocation="https://maven.apache.org/surefire/maven-surefire-plugin/xsd/surefire-test-report-3.0.xsd" version="3.0" name="org.apache.hadoop.fs.ozone.TestSafeMode" time="44.631" tests="2" errors="1" skipped="0" failures="0">
  <properties>
    <property name="awt.toolkit" value="sun.awt.X11.XToolkit"/>
    <property name="file.encoding.pkg" value="sun.io"/>
    <property name="java.specification.version" value="1.8"/>
    <property name="sun.cpu.isalist" value=""/>
    <property name="sun.jnu.encoding" value="UTF-8"/>
    <property name="gradle.enterprise.listener.surefire.forkId" value="1"/>
    <property name="java.class.path" value="/home/runner/work/ozone/ozone/hadoop-ozone/integration-test/target/test-classes:/home/runner/work/ozone/ozone/hadoop-ozone/integration-test/target/classes:/home/runner/.m2/repository/org/apache/ozone/ozone-common/1.5.0-SNAPSHOT/ozone-common-1.5.0-SNAPSHOT.jar:/home/runner/.m2/repository/io/grpc/grpc-netty/1.58.0/grpc-netty-1.58.0.jar:/home/runner/.m2/repository/io/grpc/grpc-core/1.58.0/grpc-core-1.58.0.jar:/home/runner/.m2/repository/com/google/android/annotations/4.1.1.4/annotations-4.1.1.4.jar:/home/runner/.m2/repository/org/codehaus/mojo/animal-sniffer-annotations/1.23/animal-sniffer-annotations-1.23.jar:/home/runner/.m2/repository/io/grpc/grpc-context/1.58.0/grpc-context-1.58.0.jar:/home/runner/.m2/repository/io/grpc/grpc-util/1.58.0/grpc-util-1.58.0.jar:/home/runner/.m2/repository/com/google/errorprone/error_prone_annotations/2.2.0/error_prone_annotations-2.2.0.jar:/home/runner/.m2/repository/io/perfmark/perfmark-api/0.26.0/perfmark-api-0.26.0.jar:/home/runner/.m2/repository/io/netty/netty-codec-http2/4.1.100.Final/netty-codec-http2-4.1.100.Final.jar:/home/runner/.m2/repository/io/netty/netty-common/4.1.100.Final/netty-common-4.1.100.Final.jar:/home/runner/.m2/repository/io/netty/netty-buffer/4.1.100.Final/netty-buffer-4.1.100.Final.jar:/home/runner/.m2/repository/io/netty/netty-codec-http/4.1.100.Final/netty-codec-http-4.1.100.Final.jar:/home/runner/.m2/repository/io/netty/netty-handler-proxy/4.1.100.Final/netty-handler-proxy-4.1.100.Final.jar:/home/runner/.m2/repository/io/netty/netty-codec-socks/4.1.100.Final/netty-codec-socks-4.1.100.Final.jar:/home/runner/.m2/repository/io/netty/netty-tcnative-boringssl-static/2.0.61.Final/netty-tcnative-boringssl-static-2.0.61.Final.jar:/home/runner/.m2/repository/io/netty/netty-tcnative-classes/2.0.61.Final/netty-tcnative-classes-2.0.61.Final.jar:/home/runner/.m2/repository/io/netty/netty-tcnative-boringssl-static/2.0.61.Final/netty-tcnative-boringssl-static-2.0.61.Final-linux-x86_64.jar:/home/runner/.m2/repository/io/netty/netty-tcnative-boringssl-static/2.0.61.Final/netty-tcnative-boringssl-static-2.0.61.Final-linux-aarch_64.jar:/home/runner/.m2/repository/io/netty/netty-tcnative-boringssl-static/2.0.61.Final/netty-tcnative-boringssl-static-2.0.61.Final-osx-x86_64.jar:/home/runner/.m2/repository/io/netty/netty-tcnative-boringssl-static/2.0.61.Final/netty-tcnative-boringssl-static-2.0.61.Final-osx-aarch_64.jar:/home/runner/.m2/repository/io/netty/netty-tcnative-boringssl-static/2.0.61.Final/netty-tcnative-boringssl-static-2.0.61.Final-windows-x86_64.jar:/home/runner/.m2/repository/org/apache/commons/commons-compress/1.25.0/commons-compress-1.25.0.jar:/home/runner/.m2/repository/org/apache/ozone/hdds-common/1.5.0-SNAPSHOT/hdds-common-1.5.0-SNAPSHOT.jar:/home/runner/.m2/repository/org/apache/ozone/hdds-client/1.5.0-SNAPSHOT/hdds-client-1.5.0-SNAPSHOT.jar:/home/runner/.m2/repository/org/apache/ozone/ozone-interface-client/1.5.0-SNAPSHOT/ozone-interface-client-1.5.0-SNAPSHOT.jar:/home/runner/.m2/repository/org/apache/hadoop/hadoop-hdfs-client/3.3.6/hadoop-hdfs-client-3.3.6.jar:/home/runner/.m2/repository/com/squareup/okhttp3/okhttp/4.12.0/okhttp-4.12.0.jar:/home/runner/.m2/repository/com/squareup/okio/okio/3.6.0/okio-3.6.0.jar:/home/runner/.m2/repository/com/squareup/okio/okio-jvm/3.6.0/okio-jvm-3.6.0.jar:/home/runner/.m2/repository/org/jetbrains/kotlin/kotlin-stdlib-jdk8/1.9.22/kotlin-stdlib-jdk8-1.9.22.jar:/home/runner/.m2/repository/org/jetbrains/kotlin/kotlin-stdlib-jdk7/1.9.22/kotlin-stdlib-jdk7-1.9.22.jar:/home/runner/.m2/repository/org/jetbrains/kotlin/kotlin-stdlib-common/1.9.22/kotlin-stdlib-common-1.9.22.jar:/home/runner/.m2/repository/org/apache/ozone/hdds-test-utils/1.5.0-SNAPSHOT/hdds-test-utils-1.5.0-SNAPSHOT.jar:/home/runner/.m2/repository/com/google/guava/guava/32.0.0-jre/guava-32.0.0-jre.jar:/home/runner/.m2/repository/com/google/guava/failureaccess/1.0.1/failureaccess-1.0.1.jar:/home/runner/.m2/repository/com/google/guava/listenablefuture/9999.0-empty-to-avoid-conflict-with-guava/listenablefuture-9999.0-empty-to-avoid-conflict-with-guava.jar:/home/runner/.m2/repository/com/google/code/findbugs/jsr305/3.0.0/jsr305-3.0.0.jar:/home/runner/.m2/repository/org/checkerframework/checker-qual/3.33.0/checker-qual-3.33.0.jar:/home/runner/.m2/repository/com/google/j2objc/j2objc-annotations/2.8/j2objc-annotations-2.8.jar:/home/runner/.m2/repository/commons-io/commons-io/2.11.0/commons-io-2.11.0.jar:/home/runner/.m2/repository/commons-logging/commons-logging/1.2/commons-logging-1.2.jar:/home/runner/.m2/repository/org/junit/jupiter/junit-jupiter-api/5.10.1/junit-jupiter-api-5.10.1.jar:/home/runner/.m2/repository/org/opentest4j/opentest4j/1.3.0/opentest4j-1.3.0.jar:/home/runner/.m2/repository/org/junit/platform/junit-platform-commons/1.10.1/junit-platform-commons-1.10.1.jar:/home/runner/.m2/repository/ch/qos/reload4j/reload4j/1.2.25/reload4j-1.2.25.jar:/home/runner/.m2/repository/org/slf4j/slf4j-api/2.0.10/slf4j-api-2.0.10.jar:/home/runner/.m2/repository/org/apache/logging/log4j/log4j-api/2.17.1/log4j-api-2.17.1.jar:/home/runner/.m2/repository/org/apache/ozone/hdds-server-scm/1.5.0-SNAPSHOT/hdds-server-scm-1.5.0-SNAPSHOT.jar:/home/runner/.m2/repository/com/google/protobuf/protobuf-java/2.5.0/protobuf-java-2.5.0.jar:/home/runner/.m2/repository/org/apache/ozone/hdds-container-service/1.5.0-SNAPSHOT/hdds-container-service-1.5.0-SNAPSHOT.jar:/home/runner/.m2/repository/org/apache/ozone/hdds-hadoop-dependency-server/1.5.0-SNAPSHOT/hdds-hadoop-dependency-server-1.5.0-SNAPSHOT.jar:/home/runner/.m2/repository/org/apache/hadoop/hadoop-hdfs/3.3.6/hadoop-hdfs-3.3.6.jar:/home/runner/.m2/repository/commons-daemon/commons-daemon/1.0.13/commons-daemon-1.0.13.jar:/home/runner/.m2/repository/org/apache/ozone/hdds-server-framework/1.5.0-SNAPSHOT/hdds-server-framework-1.5.0-SNAPSHOT.jar:/home/runner/.m2/repository/org/bouncycastle/bcprov-jdk15on/1.67/bcprov-jdk15on-1.67.jar:/home/runner/.m2/repository/io/dropwizard/metrics/metrics-core/3.2.4/metrics-core-3.2.4.jar:/home/runner/.m2/repository/org/apache/commons/commons-text/1.10.0/commons-text-1.10.0.jar:/home/runner/.m2/repository/org/apache/ozone/hdds-server-framework/1.5.0-SNAPSHOT/hdds-server-framework-1.5.0-SNAPSHOT-tests.jar:/home/runner/.m2/repository/org/apache/ozone/hdds-interface-server/1.5.0-SNAPSHOT/hdds-interface-server-1.5.0-SNAPSHOT.jar:/home/runner/.m2/repository/org/apache/ozone/hdds-interface-admin/1.5.0-SNAPSHOT/hdds-interface-admin-1.5.0-SNAPSHOT.jar:/home/runner/.m2/repository/org/apache/ozone/hdds-managed-rocksdb/1.5.0-SNAPSHOT/hdds-managed-rocksdb-1.5.0-SNAPSHOT.jar:/home/runner/.m2/repository/org/rocksdb/rocksdbjni/7.7.3/rocksdbjni-7.7.3.jar:/home/runner/.m2/repository/org/slf4j/slf4j-reload4j/2.0.10/slf4j-reload4j-2.0.10.jar:/home/runner/.m2/repository/org/apache/commons/commons-configuration2/2.1.1/commons-configuration2-2.1.1.jar:/home/runner/.m2/repository/commons-fileupload/commons-fileupload/1.5/commons-fileupload-1.5.jar:/home/runner/.m2/repository/org/apache/logging/log4j/log4j-core/2.17.1/log4j-core-2.17.1.jar:/home/runner/.m2/repository/com/lmax/disruptor/3.4.2/disruptor-3.4.2.jar:/home/runner/.m2/repository/org/eclipse/jetty/jetty-util/9.4.53.v20231009/jetty-util-9.4.53.v20231009.jar:/home/runner/.m2/repository/org/eclipse/jetty/jetty-server/9.4.53.v20231009/jetty-server-9.4.53.v20231009.jar:/home/runner/.m2/repository/org/eclipse/jetty/jetty-http/9.4.53.v20231009/jetty-http-9.4.53.v20231009.jar:/home/runner/.m2/repository/org/eclipse/jetty/jetty-io/9.4.53.v20231009/jetty-io-9.4.53.v20231009.jar:/home/runner/.m2/repository/org/eclipse/jetty/jetty-servlet/9.4.53.v20231009/jetty-servlet-9.4.53.v20231009.jar:/home/runner/.m2/repository/org/eclipse/jetty/jetty-security/9.4.53.v20231009/jetty-security-9.4.53.v20231009.jar:/home/runner/.m2/repository/org/eclipse/jetty/jetty-util-ajax/9.4.53.v20231009/jetty-util-ajax-9.4.53.v20231009.jar:/home/runner/.m2/repository/org/eclipse/jetty/jetty-webapp/9.4.53.v20231009/jetty-webapp-9.4.53.v20231009.jar:/home/runner/.m2/repository/org/eclipse/jetty/jetty-xml/9.4.53.v20231009/jetty-xml-9.4.53.v20231009.jar:/home/runner/.m2/repository/org/apache/ratis/ratis-server/3.0.1/ratis-server-3.0.1.jar:/home/runner/.m2/repository/org/apache/ratis/ratis-thirdparty-misc/1.0.5/ratis-thirdparty-misc-1.0.5.jar:/home/runner/.m2/repository/org/apache/ratis/ratis-proto/3.0.1/ratis-proto-3.0.1.jar:/home/runner/.m2/repository/org/apache/ratis/ratis-common/3.0.1/ratis-common-3.0.1.jar:/home/runner/.m2/repository/org/apache/ratis/ratis-client/3.0.1/ratis-client-3.0.1.jar:/home/runner/.m2/repository/org/apache/ratis/ratis-server-api/3.0.1/ratis-server-api-3.0.1.jar:/home/runner/.m2/repository/org/apache/ratis/ratis-metrics-api/3.0.1/ratis-metrics-api-3.0.1.jar:/home/runner/.m2/repository/org/apache/ratis/ratis-metrics-dropwizard3/3.0.1/ratis-metrics-dropwizard3-3.0.1.jar:/home/runner/.m2/repository/io/prometheus/simpleclient_dropwizard/0.16.0/simpleclient_dropwizard-0.16.0.jar:/home/runner/.m2/repository/io/prometheus/simpleclient/0.16.0/simpleclient-0.16.0.jar:/home/runner/.m2/repository/io/prometheus/simpleclient_common/0.16.0/simpleclient_common-0.16.0.jar:/home/runner/.m2/repository/com/fasterxml/jackson/datatype/jackson-datatype-jsr310/2.13.4/jackson-datatype-jsr310-2.13.4.jar:/home/runner/.m2/repository/com/fasterxml/jackson/core/jackson-core/2.13.4/jackson-core-2.13.4.jar:/home/runner/.m2/repository/org/apache/ozone/rocksdb-checkpoint-differ/1.5.0-SNAPSHOT/rocksdb-checkpoint-differ-1.5.0-SNAPSHOT.jar:/home/runner/.m2/repository/org/jgrapht/jgrapht-core/1.0.1/jgrapht-core-1.0.1.jar:/home/runner/.m2/repository/org/jgrapht/jgrapht-ext/1.0.1/jgrapht-ext-1.0.1.jar:/home/runner/.m2/repository/org/tinyjee/jgraphx/jgraphx/2.0.0.1/jgraphx-2.0.0.1.jar:/home/runner/.m2/repository/jgraph/jgraph/5.13.0.0/jgraph-5.13.0.0.jar:/home/runner/.m2/repository/org/antlr/antlr4-runtime/4.5.3/antlr4-runtime-4.5.3.jar:/home/runner/.m2/repository/org/apache/ozone/ozone-manager/1.5.0-SNAPSHOT/ozone-manager-1.5.0-SNAPSHOT.jar:/home/runner/.m2/repository/org/aspectj/aspectjrt/1.9.7/aspectjrt-1.9.7.jar:/home/runner/.m2/repository/org/aspectj/aspectjweaver/1.9.7/aspectjweaver-1.9.7.jar:/home/runner/.m2/repository/org/apache/ozone/hdds-interface-client/1.5.0-SNAPSHOT/hdds-interface-client-1.5.0-SNAPSHOT.jar:/home/runner/.m2/repository/org/apache/hadoop/thirdparty/hadoop-shaded-protobuf_3_7/1.1.1/hadoop-shaded-protobuf_3_7-1.1.1.jar:/home/runner/.m2/repository/org/apache/ozone/ozone-interface-storage/1.5.0-SNAPSHOT/ozone-interface-storage-1.5.0-SNAPSHOT.jar:/home/runner/.m2/repository/org/reflections/reflections/0.9.11/reflections-0.9.11.jar:/home/runner/.m2/repository/com/sun/jersey/jersey-client/1.19.4/jersey-client-1.19.4.jar:/home/runner/.m2/repository/org/codehaus/jackson/jackson-core-asl/1.9.13/jackson-core-asl-1.9.13.jar:/home/runner/.m2/repository/org/codehaus/jackson/jackson-mapper-asl/1.9.13/jackson-mapper-asl-1.9.13.jar:/home/runner/.m2/repository/org/codehaus/jackson/jackson-jaxrs/1.9.13/jackson-jaxrs-1.9.13.jar:/home/runner/.m2/repository/org/apache/ranger/ranger-intg/2.3.0/ranger-intg-2.3.0.jar:/home/runner/.m2/repository/org/apache/ranger/ranger-plugins-common/2.3.0/ranger-plugins-common-2.3.0.jar:/home/runner/.m2/repository/commons-lang/commons-lang/2.6/commons-lang-2.6.jar:/home/runner/.m2/repository/org/apache/ranger/ranger-plugins-cred/2.3.0/ranger-plugins-cred-2.3.0.jar:/home/runner/.m2/repository/org/apache/ranger/ranger-plugins-audit/2.3.0/ranger-plugins-audit-2.3.0.jar:/home/runner/.m2/repository/org/eclipse/jetty/jetty-client/9.4.53.v20231009/jetty-client-9.4.53.v20231009.jar:/home/runner/.m2/repository/org/apache/httpcomponents/httpmime/4.5.6/httpmime-4.5.6.jar:/home/runner/.m2/repository/org/apache/httpcomponents/httpcore-nio/4.4.16/httpcore-nio-4.4.16.jar:/home/runner/.m2/repository/org/apache/httpcomponents/httpasyncclient/4.1.3/httpasyncclient-4.1.3.jar:/home/runner/.m2/repository/com/carrotsearch/hppc/0.8.0/hppc-0.8.0.jar:/home/runner/.m2/repository/org/apache/orc/orc-core/1.5.8/orc-core-1.5.8.jar:/home/runner/.m2/repository/net/java/dev/jna/jna/5.2.0/jna-5.2.0.jar:/home/runner/.m2/repository/net/java/dev/jna/jna-platform/5.2.0/jna-platform-5.2.0.jar:/home/runner/.m2/repository/com/kstruct/gethostname4j/0.0.2/gethostname4j-0.0.2.jar:/home/runner/.m2/repository/org/apache/ranger/ranger-plugin-classloader/2.3.0/ranger-plugin-classloader-2.3.0.jar:/home/runner/.m2/repository/org/apache/ozone/hdds-rocks-native/1.5.0-SNAPSHOT/hdds-rocks-native-1.5.0-SNAPSHOT.jar:/home/runner/.m2/repository/org/apache/hadoop/hadoop-minikdc/3.3.6/hadoop-minikdc-3.3.6.jar:/home/runner/.m2/repository/org/apache/kerby/kerb-simplekdc/1.0.1/kerb-simplekdc-1.0.1.jar:/home/runner/.m2/repository/org/apache/kerby/kerb-client/1.0.1/kerb-client-1.0.1.jar:/home/runner/.m2/repository/org/apache/kerby/kerby-config/1.0.1/kerby-config-1.0.1.jar:/home/runner/.m2/repository/org/apache/kerby/kerb-common/1.0.1/kerb-common-1.0.1.jar:/home/runner/.m2/repository/org/apache/kerby/kerb-crypto/1.0.1/kerb-crypto-1.0.1.jar:/home/runner/.m2/repository/org/apache/kerby/kerb-util/1.0.1/kerb-util-1.0.1.jar:/home/runner/.m2/repository/org/apache/kerby/token-provider/1.0.1/token-provider-1.0.1.jar:/home/runner/.m2/repository/org/apache/kerby/kerb-admin/1.0.1/kerb-admin-1.0.1.jar:/home/runner/.m2/repository/org/apache/kerby/kerb-server/1.0.1/kerb-server-1.0.1.jar:/home/runner/.m2/repository/org/apache/kerby/kerb-identity/1.0.1/kerb-identity-1.0.1.jar:/home/runner/.m2/repository/org/apache/kerby/kerby-xdr/1.0.1/kerby-xdr-1.0.1.jar:/home/runner/.m2/repository/org/apache/ozone/ozone-s3gateway/1.5.0-SNAPSHOT/ozone-s3gateway-1.5.0-SNAPSHOT.jar:/home/runner/.m2/repository/org/javassist/javassist/3.21.0-GA/javassist-3.21.0-GA.jar:/home/runner/.m2/repository/org/jboss/weld/servlet/weld-servlet-shaded/3.1.9.Final/weld-servlet-shaded-3.1.9.Final.jar:/home/runner/.m2/repository/org/glassfish/jersey/containers/jersey-container-servlet-core/2.41/jersey-container-servlet-core-2.41.jar:/home/runner/.m2/repository/org/glassfish/hk2/external/jakarta.inject/2.6.1/jakarta.inject-2.6.1.jar:/home/runner/.m2/repository/org/glassfish/jersey/core/jersey-common/2.41/jersey-common-2.41.jar:/home/runner/.m2/repository/jakarta/ws/rs/jakarta.ws.rs-api/2.1.6/jakarta.ws.rs-api-2.1.6.jar:/home/runner/.m2/repository/org/glassfish/jersey/ext/cdi/jersey-cdi1x/2.41/jersey-cdi1x-2.41.jar:/home/runner/.m2/repository/org/glassfish/jersey/inject/jersey-hk2/2.41/jersey-hk2-2.41.jar:/home/runner/.m2/repository/org/glassfish/hk2/hk2-locator/2.6.1/hk2-locator-2.6.1.jar:/home/runner/.m2/repository/org/glassfish/jersey/media/jersey-media-jaxb/2.41/jersey-media-jaxb-2.41.jar:/home/runner/.m2/repository/org/glassfish/hk2/osgi-resource-locator/1.0.3/osgi-resource-locator-1.0.3.jar:/home/runner/.m2/repository/org/glassfish/hk2/hk2-api/2.5.0/hk2-api-2.5.0.jar:/home/runner/.m2/repository/org/glassfish/hk2/hk2-utils/2.5.0/hk2-utils-2.5.0.jar:/home/runner/.m2/repository/org/glassfish/hk2/external/aopalliance-repackaged/2.5.0/aopalliance-repackaged-2.5.0.jar:/home/runner/.m2/repository/com/fasterxml/jackson/dataformat/jackson-dataformat-xml/2.13.4/jackson-dataformat-xml-2.13.4.jar:/home/runner/.m2/repository/org/codehaus/woodstox/stax2-api/4.2.2/stax2-api-4.2.2.jar:/home/runner/.m2/repository/com/fasterxml/woodstox/woodstox-core/5.4.0/woodstox-core-5.4.0.jar:/home/runner/.m2/repository/com/fasterxml/jackson/module/jackson-module-jaxb-annotations/2.13.4/jackson-module-jaxb-annotations-2.13.4.jar:/home/runner/.m2/repository/javax/enterprise/cdi-api/2.0/cdi-api-2.0.jar:/home/runner/.m2/repository/javax/el/javax.el-api/3.0.0/javax.el-api-3.0.0.jar:/home/runner/.m2/repository/javax/interceptor/javax.interceptor-api/1.2/javax.interceptor-api-1.2.jar:/home/runner/.m2/repository/javax/inject/javax.inject/1/javax.inject-1.jar:/home/runner/.m2/repository/jakarta/xml/bind/jakarta.xml.bind-api/2.3.3/jakarta.xml.bind-api-2.3.3.jar:/home/runner/.m2/repository/org/glassfish/jaxb/jaxb-runtime/2.3.9/jaxb-runtime-2.3.9.jar:/home/runner/.m2/repository/org/glassfish/jaxb/txw2/2.3.9/txw2-2.3.9.jar:/home/runner/.m2/repository/com/sun/istack/istack-commons-runtime/3.0.12/istack-commons-runtime-3.0.12.jar:/home/runner/.m2/repository/com/sun/activation/jakarta.activation/1.2.2/jakarta.activation-1.2.2.jar:/home/runner/.m2/repository/jakarta/activation/jakarta.activation-api/1.2.2/jakarta.activation-api-1.2.2.jar:/home/runner/.m2/repository/io/grpc/grpc-protobuf/1.58.0/grpc-protobuf-1.58.0.jar:/home/runner/.m2/repository/com/google/api/grpc/proto-google-common-protos/2.22.0/proto-google-common-protos-2.22.0.jar:/home/runner/.m2/repository/io/grpc/grpc-protobuf-lite/1.58.0/grpc-protobuf-lite-1.58.0.jar:/home/runner/.m2/repository/io/grpc/grpc-stub/1.58.0/grpc-stub-1.58.0.jar:/home/runner/.m2/repository/io/netty/netty-transport/4.1.100.Final/netty-transport-4.1.100.Final.jar:/home/runner/.m2/repository/io/netty/netty-resolver/4.1.100.Final/netty-resolver-4.1.100.Final.jar:/home/runner/.m2/repository/org/apache/ozone/ozone-csi/1.5.0-SNAPSHOT/ozone-csi-1.5.0-SNAPSHOT.jar:/home/runner/.m2/repository/com/google/protobuf/protobuf-java-util/3.19.6/protobuf-java-util-3.19.6.jar:/home/runner/.m2/repository/com/google/code/gson/gson/2.9.0/gson-2.9.0.jar:/home/runner/.m2/repository/org/apache/ozone/hdds-config/1.5.0-SNAPSHOT/hdds-config-1.5.0-SNAPSHOT.jar:/home/runner/.m2/repository/io/netty/netty-transport-native-epoll/4.1.100.Final/netty-transport-native-epoll-4.1.100.Final-linux-x86_64.jar:/home/runner/.m2/repository/io/netty/netty-transport-classes-epoll/4.1.100.Final/netty-transport-classes-epoll-4.1.100.Final.jar:/home/runner/.m2/repository/io/netty/netty-transport-native-unix-common/4.1.100.Final/netty-transport-native-unix-common-4.1.100.Final.jar:/home/runner/.m2/repository/org/apache/ozone/ozone-recon/1.5.0-SNAPSHOT/ozone-recon-1.5.0-SNAPSHOT.jar:/home/runner/.m2/repository/org/apache/ozone/ozone-reconcodegen/1.5.0-SNAPSHOT/ozone-reconcodegen-1.5.0-SNAPSHOT.jar:/home/runner/.m2/repository/com/google/inject/guice/5.1.0/guice-5.1.0.jar:/home/runner/.m2/repository/aopalliance/aopalliance/1.0/aopalliance-1.0.jar:/home/runner/.m2/repository/com/google/inject/extensions/guice-assistedinject/5.1.0/guice-assistedinject-5.1.0.jar:/home/runner/.m2/repository/com/google/inject/extensions/guice-servlet/5.1.0/guice-servlet-5.1.0.jar:/home/runner/.m2/repository/org/glassfish/jersey/containers/jersey-container-servlet/2.41/jersey-container-servlet-2.41.jar:/home/runner/.m2/repository/org/glassfish/hk2/guice-bridge/2.5.0/guice-bridge-2.5.0.jar:/home/runner/.m2/repository/org/glassfish/jersey/core/jersey-server/2.41/jersey-server-2.41.jar:/home/runner/.m2/repository/org/glassfish/jersey/core/jersey-client/2.41/jersey-client-2.41.jar:/home/runner/.m2/repository/jakarta/annotation/jakarta.annotation-api/1.3.5/jakarta.annotation-api-1.3.5.jar:/home/runner/.m2/repository/jakarta/validation/jakarta.validation-api/2.0.2/jakarta.validation-api-2.0.2.jar:/home/runner/.m2/repository/org/glassfish/jersey/media/jersey-media-json-jackson/2.41/jersey-media-json-jackson-2.41.jar:/home/runner/.m2/repository/org/glassfish/jersey/ext/jersey-entity-filtering/2.41/jersey-entity-filtering-2.41.jar:/home/runner/.m2/repository/org/jooq/jooq/3.11.10/jooq-3.11.10.jar:/home/runner/.m2/repository/org/jooq/jooq-meta/3.11.10/jooq-meta-3.11.10.jar:/home/runner/.m2/repository/org/jooq/jooq-codegen/3.11.10/jooq-codegen-3.11.10.jar:/home/runner/.m2/repository/com/jolbox/bonecp/0.8.0.RELEASE/bonecp-0.8.0.RELEASE.jar:/home/runner/.m2/repository/org/apache/derby/derby/10.14.2.0/derby-10.14.2.0.jar:/home/runner/.m2/repository/org/xerial/sqlite-jdbc/3.44.1.0/sqlite-jdbc-3.44.1.0.jar:/home/runner/.m2/repository/org/springframework/spring-jdbc/5.3.27/spring-jdbc-5.3.27.jar:/home/runner/.m2/repository/org/springframework/spring-beans/5.3.27/spring-beans-5.3.27.jar:/home/runner/.m2/repository/org/springframework/spring-core/5.3.27/spring-core-5.3.27.jar:/home/runner/.m2/repository/org/springframework/spring-tx/5.3.27/spring-tx-5.3.27.jar:/home/runner/.m2/repository/org/apache/ozone/ozone-client/1.5.0-SNAPSHOT/ozone-client-1.5.0-SNAPSHOT.jar:/home/runner/.m2/repository/org/apache/ozone/hdds-erasurecode/1.5.0-SNAPSHOT/hdds-erasurecode-1.5.0-SNAPSHOT.jar:/home/runner/.m2/repository/org/apache/ozone/ozone-filesystem/1.5.0-SNAPSHOT/ozone-filesystem-1.5.0-SNAPSHOT.jar:/home/runner/.m2/repository/org/apache/ozone/ozone-filesystem-common/1.5.0-SNAPSHOT/ozone-filesystem-common-1.5.0-SNAPSHOT.jar:/home/runner/.m2/repository/org/apache/ozone/ozone-tools/1.5.0-SNAPSHOT/ozone-tools-1.5.0-SNAPSHOT.jar:/home/runner/.m2/repository/com/amazonaws/aws-java-sdk-core/1.12.632/aws-java-sdk-core-1.12.632.jar:/home/runner/.m2/repository/org/apache/httpcomponents/httpclient/4.5.13/httpclient-4.5.13.jar:/home/runner/.m2/repository/org/apache/httpcomponents/httpcore/4.4.16/httpcore-4.4.16.jar:/home/runner/.m2/repository/software/amazon/ion/ion-java/1.0.2/ion-java-1.0.2.jar:/home/runner/.m2/repository/com/fasterxml/jackson/dataformat/jackson-dataformat-cbor/2.13.4/jackson-dataformat-cbor-2.13.4.jar:/home/runner/.m2/repository/joda-time/joda-time/2.12.5/joda-time-2.12.5.jar:/home/runner/.m2/repository/com/amazonaws/aws-java-sdk-s3/1.12.632/aws-java-sdk-s3-1.12.632.jar:/home/runner/.m2/repository/com/amazonaws/aws-java-sdk-kms/1.12.632/aws-java-sdk-kms-1.12.632.jar:/home/runner/.m2/repository/com/amazonaws/jmespath-java/1.12.632/jmespath-java-1.12.632.jar:/home/runner/.m2/repository/org/kohsuke/metainf-services/metainf-services/1.8/metainf-services-1.8.jar:/home/runner/.m2/repository/org/apache/ozone/hdds-tools/1.5.0-SNAPSHOT/hdds-tools-1.5.0-SNAPSHOT.jar:/home/runner/.m2/repository/org/apache/ratis/ratis-tools/3.0.1/ratis-tools-3.0.1.jar:/home/runner/.m2/repository/commons-cli/commons-cli/1.6.0/commons-cli-1.6.0.jar:/home/runner/.m2/repository/org/apache/commons/commons-lang3/3.14.0/commons-lang3-3.14.0.jar:/home/runner/.m2/repository/org/apache/ozone/ozone-manager/1.5.0-SNAPSHOT/ozone-manager-1.5.0-SNAPSHOT-tests.jar:/home/runner/.m2/repository/org/apache/ozone/hdds-common/1.5.0-SNAPSHOT/hdds-common-1.5.0-SNAPSHOT-tests.jar:/home/runner/.m2/repository/org/apache/ozone/hdds-hadoop-dependency-client/1.5.0-SNAPSHOT/hdds-hadoop-dependency-client-1.5.0-SNAPSHOT.jar:/home/runner/.m2/repository/info/picocli/picocli/4.7.5/picocli-4.7.5.jar:/home/runner/.m2/repository/com/fasterxml/jackson/core/jackson-annotations/2.13.4/jackson-annotations-2.13.4.jar:/home/runner/.m2/repository/org/apache/ozone/hdds-annotation-processing/1.5.0-SNAPSHOT/hdds-annotation-processing-1.5.0-SNAPSHOT.jar:/home/runner/.m2/repository/javax/annotation/javax.annotation-api/1.3.2/javax.annotation-api-1.3.2.jar:/home/runner/.m2/repository/org/apache/ratis/ratis-netty/3.0.1/ratis-netty-3.0.1.jar:/home/runner/.m2/repository/org/apache/ratis/ratis-grpc/3.0.1/ratis-grpc-3.0.1.jar:/home/runner/.m2/repository/org/apache/commons/commons-pool2/2.6.0/commons-pool2-2.6.0.jar:/home/runner/.m2/repository/org/bouncycastle/bcpkix-jdk15on/1.67/bcpkix-jdk15on-1.67.jar:/home/runner/.m2/repository/commons-validator/commons-validator/1.6/commons-validator-1.6.jar:/home/runner/.m2/repository/commons-beanutils/commons-beanutils/1.9.4/commons-beanutils-1.9.4.jar:/home/runner/.m2/repository/commons-digester/commons-digester/1.8.1/commons-digester-1.8.1.jar:/home/runner/.m2/repository/commons-collections/commons-collections/3.2.2/commons-collections-3.2.2.jar:/home/runner/.m2/repository/io/jaegertracing/jaeger-client/1.6.0/jaeger-client-1.6.0.jar:/home/runner/.m2/repository/io/jaegertracing/jaeger-thrift/1.6.0/jaeger-thrift-1.6.0.jar:/home/runner/.m2/repository/org/apache/thrift/libthrift/0.14.1/libthrift-0.14.1.jar:/home/runner/.m2/repository/io/jaegertracing/jaeger-core/1.6.0/jaeger-core-1.6.0.jar:/home/runner/.m2/repository/io/jaegertracing/jaeger-tracerresolver/1.6.0/jaeger-tracerresolver-1.6.0.jar:/home/runner/.m2/repository/io/opentracing/contrib/opentracing-tracerresolver/0.1.8/opentracing-tracerresolver-0.1.8.jar:/home/runner/.m2/repository/org/jetbrains/kotlin/kotlin-stdlib/1.9.22/kotlin-stdlib-1.9.22.jar:/home/runner/.m2/repository/org/jetbrains/annotations/13.0/annotations-13.0.jar:/home/runner/.m2/repository/io/opentracing/opentracing-util/0.33.0/opentracing-util-0.33.0.jar:/home/runner/.m2/repository/io/opentracing/opentracing-api/0.33.0/opentracing-api-0.33.0.jar:/home/runner/.m2/repository/io/opentracing/opentracing-noop/0.33.0/opentracing-noop-0.33.0.jar:/home/runner/.m2/repository/org/yaml/snakeyaml/2.0/snakeyaml-2.0.jar:/home/runner/.m2/repository/io/grpc/grpc-api/1.58.0/grpc-api-1.58.0.jar:/home/runner/.m2/repository/junit/junit/4.13.1/junit-4.13.1.jar:/home/runner/.m2/repository/org/junit/jupiter/junit-jupiter-engine/5.10.1/junit-jupiter-engine-5.10.1.jar:/home/runner/.m2/repository/org/junit/platform/junit-platform-engine/1.10.1/junit-platform-engine-1.10.1.jar:/home/runner/.m2/repository/org/apiguardian/apiguardian-api/1.1.2/apiguardian-api-1.1.2.jar:/home/runner/.m2/repository/org/junit/vintage/junit-vintage-engine/5.10.1/junit-vintage-engine-5.10.1.jar:/home/runner/.m2/repository/org/junit/platform/junit-platform-launcher/1.10.1/junit-platform-launcher-1.10.1.jar:/home/runner/.m2/repository/org/apache/hadoop/hadoop-kms/3.3.6/hadoop-kms-3.3.6.jar:/home/runner/.m2/repository/org/apache/hadoop/hadoop-auth/3.3.6/hadoop-auth-3.3.6.jar:/home/runner/.m2/repository/com/nimbusds/nimbus-jose-jwt/9.8.1/nimbus-jose-jwt-9.8.1.jar:/home/runner/.m2/repository/com/github/stephenc/jcip/jcip-annotations/1.0-1/jcip-annotations-1.0-1.jar:/home/runner/.m2/repository/org/apache/zookeeper/zookeeper/3.7.2/zookeeper-3.7.2.jar:/home/runner/.m2/repository/org/apache/zookeeper/zookeeper-jute/3.7.2/zookeeper-jute-3.7.2.jar:/home/runner/.m2/repository/org/apache/yetus/audience-annotations/0.12.0/audience-annotations-0.12.0.jar:/home/runner/.m2/repository/org/apache/curator/curator-framework/4.2.0/curator-framework-4.2.0.jar:/home/runner/.m2/repository/org/apache/hadoop/thirdparty/hadoop-shaded-guava/1.1.1/hadoop-shaded-guava-1.1.1.jar:/home/runner/.m2/repository/com/sun/jersey/jersey-core/1.19.4/jersey-core-1.19.4.jar:/home/runner/.m2/repository/javax/ws/rs/jsr311-api/1.1.1/jsr311-api-1.1.1.jar:/home/runner/.m2/repository/com/sun/jersey/jersey-server/1.19.4/jersey-server-1.19.4.jar:/home/runner/.m2/repository/javax/servlet/javax.servlet-api/3.1.0/javax.servlet-api-3.1.0.jar:/home/runner/.m2/repository/org/apache/hadoop/hadoop-common/3.3.6/hadoop-common-3.3.6.jar:/home/runner/.m2/repository/org/apache/commons/commons-math3/3.1.1/commons-math3-3.1.1.jar:/home/runner/.m2/repository/commons-net/commons-net/3.10.0/commons-net-3.10.0.jar:/home/runner/.m2/repository/com/sun/jersey/jersey-servlet/1.19.4/jersey-servlet-1.19.4.jar:/home/runner/.m2/repository/com/github/pjfanning/jersey-json/1.20/jersey-json-1.20.jar:/home/runner/.m2/repository/org/codehaus/jettison/jettison/1.1/jettison-1.1.jar:/home/runner/.m2/repository/com/sun/xml/bind/jaxb-impl/2.2.3-1/jaxb-impl-2.2.3-1.jar:/home/runner/.m2/repository/com/google/re2j/re2j/1.1/re2j-1.1.jar:/home/runner/.m2/repository/com/jcraft/jsch/0.1.54/jsch-0.1.54.jar:/home/runner/.m2/repository/org/apache/curator/curator-client/4.2.0/curator-client-4.2.0.jar:/home/runner/.m2/repository/org/apache/curator/curator-recipes/5.2.0/curator-recipes-5.2.0.jar:/home/runner/.m2/repository/org/apache/kerby/kerb-core/1.0.1/kerb-core-1.0.1.jar:/home/runner/.m2/repository/org/apache/kerby/kerby-pkix/1.0.1/kerby-pkix-1.0.1.jar:/home/runner/.m2/repository/org/apache/kerby/kerby-asn1/1.0.1/kerby-asn1-1.0.1.jar:/home/runner/.m2/repository/org/apache/kerby/kerby-util/1.0.1/kerby-util-1.0.1.jar:/home/runner/.m2/repository/dnsjava/dnsjava/2.1.7/dnsjava-2.1.7.jar:/home/runner/.m2/repository/org/xerial/snappy/snappy-java/1.1.8.2/snappy-java-1.1.8.2.jar:/home/runner/.m2/repository/com/fasterxml/jackson/core/jackson-databind/2.13.4.2/jackson-databind-2.13.4.2.jar:/home/runner/.m2/repository/org/apache/hadoop/hadoop-kms/3.3.6/hadoop-kms-3.3.6-tests.jar:/home/runner/.m2/repository/org/apache/ozone/hdds-server-scm/1.5.0-SNAPSHOT/hdds-server-scm-1.5.0-SNAPSHOT-tests.jar:/home/runner/.m2/repository/org/apache/ozone/hdds-container-service/1.5.0-SNAPSHOT/hdds-container-service-1.5.0-SNAPSHOT-tests.jar:/home/runner/.m2/repository/com/github/luben/zstd-jni/1.5.2-5/zstd-jni-1.5.2-5.jar:/home/runner/.m2/repository/commons-codec/commons-codec/1.15/commons-codec-1.15.jar:/home/runner/.m2/repository/io/netty/netty-codec/4.1.100.Final/netty-codec-4.1.100.Final.jar:/home/runner/.m2/repository/io/netty/netty-handler/4.1.100.Final/netty-handler-4.1.100.Final.jar:/home/runner/.m2/repository/org/apache/ozone/hdds-hadoop-dependency-test/1.5.0-SNAPSHOT/hdds-hadoop-dependency-test-1.5.0-SNAPSHOT.jar:/home/runner/.m2/repository/org/apache/hadoop/hadoop-common/3.3.6/hadoop-common-3.3.6-tests.jar:/home/runner/.m2/repository/org/apache/hadoop/hadoop-hdfs/3.3.6/hadoop-hdfs-3.3.6-tests.jar:/home/runner/.m2/repository/org/assertj/assertj-core/3.12.2/assertj-core-3.12.2.jar:/home/runner/.m2/repository/org/junit/jupiter/junit-jupiter-params/5.10.1/junit-jupiter-params-5.10.1.jar:/home/runner/.m2/repository/org/mockito/mockito-core/3.5.9/mockito-core-3.5.9.jar:/home/runner/.m2/repository/net/bytebuddy/byte-buddy/1.10.13/byte-buddy-1.10.13.jar:/home/runner/.m2/repository/net/bytebuddy/byte-buddy-agent/1.10.13/byte-buddy-agent-1.10.13.jar:/home/runner/.m2/repository/org/objenesis/objenesis/1.0/objenesis-1.0.jar:/home/runner/.m2/repository/org/mockito/mockito-junit-jupiter/3.5.9/mockito-junit-jupiter-3.5.9.jar:/home/runner/.m2/repository/org/apache/hadoop/hadoop-distcp/3.3.6/hadoop-distcp-3.3.6.jar:/home/runner/.m2/repository/org/apache/hadoop/hadoop-mapreduce-client-jobclient/3.3.6/hadoop-mapreduce-client-jobclient-3.3.6.jar:/home/runner/.m2/repository/org/apache/hadoop/hadoop-mapreduce-client-common/3.3.6/hadoop-mapreduce-client-common-3.3.6.jar:/home/runner/.m2/repository/org/apache/hadoop/hadoop-yarn-common/3.3.6/hadoop-yarn-common-3.3.6.jar:/home/runner/.m2/repository/org/apache/hadoop/hadoop-yarn-api/3.3.6/hadoop-yarn-api-3.3.6.jar:/home/runner/.m2/repository/javax/xml/bind/jaxb-api/2.2.11/jaxb-api-2.2.11.jar:/home/runner/.m2/repository/com/sun/jersey/contribs/jersey-guice/1.19.4/jersey-guice-1.19.4.jar:/home/runner/.m2/repository/com/fasterxml/jackson/jaxrs/jackson-jaxrs-json-provider/2.13.4/jackson-jaxrs-json-provider-2.13.4.jar:/home/runner/.m2/repository/com/fasterxml/jackson/jaxrs/jackson-jaxrs-base/2.13.4/jackson-jaxrs-base-2.13.4.jar:/home/runner/.m2/repository/org/apache/hadoop/hadoop-yarn-client/3.3.6/hadoop-yarn-client-3.3.6.jar:/home/runner/.m2/repository/org/eclipse/jetty/websocket/websocket-client/9.4.51.v20230217/websocket-client-9.4.51.v20230217.jar:/home/runner/.m2/repository/org/eclipse/jetty/websocket/websocket-common/9.4.51.v20230217/websocket-common-9.4.51.v20230217.jar:/home/runner/.m2/repository/org/eclipse/jetty/websocket/websocket-api/9.4.51.v20230217/websocket-api-9.4.51.v20230217.jar:/home/runner/.m2/repository/org/jline/jline/3.9.0/jline-3.9.0.jar:/home/runner/.m2/repository/org/apache/hadoop/hadoop-mapreduce-client-core/3.3.6/hadoop-mapreduce-client-core-3.3.6.jar:/home/runner/.m2/repository/org/apache/avro/avro/1.7.7/avro-1.7.7.jar:/home/runner/.m2/repository/com/thoughtworks/paranamer/paranamer/2.3/paranamer-2.3.jar:/home/runner/.m2/repository/org/apache/hadoop/hadoop-annotations/3.3.6/hadoop-annotations-3.3.6.jar:/usr/lib/jvm/temurin-8-jdk-amd64/jre/../lib/tools.jar:/home/runner/.m2/repository/io/netty/netty/3.10.6.Final/netty-3.10.6.Final.jar:/home/runner/.m2/repository/org/apache/hadoop/hadoop-distcp/3.3.6/hadoop-distcp-3.3.6-tests.jar:/home/runner/.m2/repository/org/slf4j/jul-to-slf4j/2.0.10/jul-to-slf4j-2.0.10.jar:/home/runner/.m2/repository/org/awaitility/awaitility/4.2.0/awaitility-4.2.0.jar:/home/runner/.m2/repository/org/hamcrest/hamcrest/2.1/hamcrest-2.1.jar:/home/runner/work/ozone/ozone/hadoop-ozone/integration-test/target/gradle-enterprise/test-listeners.jar:"/>
    <property name="java.vm.vendor" value="Temurin"/>
    <property name="sun.arch.data.model" value="64"/>
    <property name="test.build.dir" value="/home/runner/work/ozone/ozone/hadoop-ozone/integration-test/target/test-dir"/>
    <property name="test.cache.data" value=""/>
    <property name="java.vendor.url" value="https://adoptium.net/"/>
    <property name="user.timezone" value="Etc/UTC"/>
    <property name="os.name" value="Linux"/>
    <property name="java.vm.specification.version" value="1.8"/>
    <property name="test.build.data" value="/home/runner/work/ozone/ozone/hadoop-ozone/integration-test/target/test-dir"/>
    <property name="sun.java.launcher" value="SUN_STANDARD"/>
    <property name="sun.boot.library.path" value="/usr/lib/jvm/temurin-8-jdk-amd64/jre/lib/amd64"/>
    <property name="sun.java.command" value="/home/runner/work/ozone/ozone/hadoop-ozone/integration-test/target/surefire/surefirebooter-20240111034043663_795.jar /home/runner/work/ozone/ozone/hadoop-ozone/integration-test/target/surefire 2024-01-11T03-40-42_032-jvmRun1 surefire-20240111034043663_793tmp surefire_28-20240111034043663_794tmp"/>
    <property name="native.lib.tmp.dir" value="/tmp"/>
    <property name="surefire.test.class.path" value="/home/runner/work/ozone/ozone/hadoop-ozone/integration-test/target/test-classes:/home/runner/work/ozone/ozone/hadoop-ozone/integration-test/target/classes:/home/runner/.m2/repository/org/apache/ozone/ozone-common/1.5.0-SNAPSHOT/ozone-common-1.5.0-SNAPSHOT.jar:/home/runner/.m2/repository/io/grpc/grpc-netty/1.58.0/grpc-netty-1.58.0.jar:/home/runner/.m2/repository/io/grpc/grpc-core/1.58.0/grpc-core-1.58.0.jar:/home/runner/.m2/repository/com/google/android/annotations/4.1.1.4/annotations-4.1.1.4.jar:/home/runner/.m2/repository/org/codehaus/mojo/animal-sniffer-annotations/1.23/animal-sniffer-annotations-1.23.jar:/home/runner/.m2/repository/io/grpc/grpc-context/1.58.0/grpc-context-1.58.0.jar:/home/runner/.m2/repository/io/grpc/grpc-util/1.58.0/grpc-util-1.58.0.jar:/home/runner/.m2/repository/com/google/errorprone/error_prone_annotations/2.2.0/error_prone_annotations-2.2.0.jar:/home/runner/.m2/repository/io/perfmark/perfmark-api/0.26.0/perfmark-api-0.26.0.jar:/home/runner/.m2/repository/io/netty/netty-codec-http2/4.1.100.Final/netty-codec-http2-4.1.100.Final.jar:/home/runner/.m2/repository/io/netty/netty-common/4.1.100.Final/netty-common-4.1.100.Final.jar:/home/runner/.m2/repository/io/netty/netty-buffer/4.1.100.Final/netty-buffer-4.1.100.Final.jar:/home/runner/.m2/repository/io/netty/netty-codec-http/4.1.100.Final/netty-codec-http-4.1.100.Final.jar:/home/runner/.m2/repository/io/netty/netty-handler-proxy/4.1.100.Final/netty-handler-proxy-4.1.100.Final.jar:/home/runner/.m2/repository/io/netty/netty-codec-socks/4.1.100.Final/netty-codec-socks-4.1.100.Final.jar:/home/runner/.m2/repository/io/netty/netty-tcnative-boringssl-static/2.0.61.Final/netty-tcnative-boringssl-static-2.0.61.Final.jar:/home/runner/.m2/repository/io/netty/netty-tcnative-classes/2.0.61.Final/netty-tcnative-classes-2.0.61.Final.jar:/home/runner/.m2/repository/io/netty/netty-tcnative-boringssl-static/2.0.61.Final/netty-tcnative-boringssl-static-2.0.61.Final-linux-x86_64.jar:/home/runner/.m2/repository/io/netty/netty-tcnative-boringssl-static/2.0.61.Final/netty-tcnative-boringssl-static-2.0.61.Final-linux-aarch_64.jar:/home/runner/.m2/repository/io/netty/netty-tcnative-boringssl-static/2.0.61.Final/netty-tcnative-boringssl-static-2.0.61.Final-osx-x86_64.jar:/home/runner/.m2/repository/io/netty/netty-tcnative-boringssl-static/2.0.61.Final/netty-tcnative-boringssl-static-2.0.61.Final-osx-aarch_64.jar:/home/runner/.m2/repository/io/netty/netty-tcnative-boringssl-static/2.0.61.Final/netty-tcnative-boringssl-static-2.0.61.Final-windows-x86_64.jar:/home/runner/.m2/repository/org/apache/commons/commons-compress/1.25.0/commons-compress-1.25.0.jar:/home/runner/.m2/repository/org/apache/ozone/hdds-common/1.5.0-SNAPSHOT/hdds-common-1.5.0-SNAPSHOT.jar:/home/runner/.m2/repository/org/apache/ozone/hdds-client/1.5.0-SNAPSHOT/hdds-client-1.5.0-SNAPSHOT.jar:/home/runner/.m2/repository/org/apache/ozone/ozone-interface-client/1.5.0-SNAPSHOT/ozone-interface-client-1.5.0-SNAPSHOT.jar:/home/runner/.m2/repository/org/apache/hadoop/hadoop-hdfs-client/3.3.6/hadoop-hdfs-client-3.3.6.jar:/home/runner/.m2/repository/com/squareup/okhttp3/okhttp/4.12.0/okhttp-4.12.0.jar:/home/runner/.m2/repository/com/squareup/okio/okio/3.6.0/okio-3.6.0.jar:/home/runner/.m2/repository/com/squareup/okio/okio-jvm/3.6.0/okio-jvm-3.6.0.jar:/home/runner/.m2/repository/org/jetbrains/kotlin/kotlin-stdlib-jdk8/1.9.22/kotlin-stdlib-jdk8-1.9.22.jar:/home/runner/.m2/repository/org/jetbrains/kotlin/kotlin-stdlib-jdk7/1.9.22/kotlin-stdlib-jdk7-1.9.22.jar:/home/runner/.m2/repository/org/jetbrains/kotlin/kotlin-stdlib-common/1.9.22/kotlin-stdlib-common-1.9.22.jar:/home/runner/.m2/repository/org/apache/ozone/hdds-test-utils/1.5.0-SNAPSHOT/hdds-test-utils-1.5.0-SNAPSHOT.jar:/home/runner/.m2/repository/com/google/guava/guava/32.0.0-jre/guava-32.0.0-jre.jar:/home/runner/.m2/repository/com/google/guava/failureaccess/1.0.1/failureaccess-1.0.1.jar:/home/runner/.m2/repository/com/google/guava/listenablefuture/9999.0-empty-to-avoid-conflict-with-guava/listenablefuture-9999.0-empty-to-avoid-conflict-with-guava.jar:/home/runner/.m2/repository/com/google/code/findbugs/jsr305/3.0.0/jsr305-3.0.0.jar:/home/runner/.m2/repository/org/checkerframework/checker-qual/3.33.0/checker-qual-3.33.0.jar:/home/runner/.m2/repository/com/google/j2objc/j2objc-annotations/2.8/j2objc-annotations-2.8.jar:/home/runner/.m2/repository/commons-io/commons-io/2.11.0/commons-io-2.11.0.jar:/home/runner/.m2/repository/commons-logging/commons-logging/1.2/commons-logging-1.2.jar:/home/runner/.m2/repository/org/junit/jupiter/junit-jupiter-api/5.10.1/junit-jupiter-api-5.10.1.jar:/home/runner/.m2/repository/org/opentest4j/opentest4j/1.3.0/opentest4j-1.3.0.jar:/home/runner/.m2/repository/org/junit/platform/junit-platform-commons/1.10.1/junit-platform-commons-1.10.1.jar:/home/runner/.m2/repository/ch/qos/reload4j/reload4j/1.2.25/reload4j-1.2.25.jar:/home/runner/.m2/repository/org/slf4j/slf4j-api/2.0.10/slf4j-api-2.0.10.jar:/home/runner/.m2/repository/org/apache/logging/log4j/log4j-api/2.17.1/log4j-api-2.17.1.jar:/home/runner/.m2/repository/org/apache/ozone/hdds-server-scm/1.5.0-SNAPSHOT/hdds-server-scm-1.5.0-SNAPSHOT.jar:/home/runner/.m2/repository/com/google/protobuf/protobuf-java/2.5.0/protobuf-java-2.5.0.jar:/home/runner/.m2/repository/org/apache/ozone/hdds-container-service/1.5.0-SNAPSHOT/hdds-container-service-1.5.0-SNAPSHOT.jar:/home/runner/.m2/repository/org/apache/ozone/hdds-hadoop-dependency-server/1.5.0-SNAPSHOT/hdds-hadoop-dependency-server-1.5.0-SNAPSHOT.jar:/home/runner/.m2/repository/org/apache/hadoop/hadoop-hdfs/3.3.6/hadoop-hdfs-3.3.6.jar:/home/runner/.m2/repository/commons-daemon/commons-daemon/1.0.13/commons-daemon-1.0.13.jar:/home/runner/.m2/repository/org/apache/ozone/hdds-server-framework/1.5.0-SNAPSHOT/hdds-server-framework-1.5.0-SNAPSHOT.jar:/home/runner/.m2/repository/org/bouncycastle/bcprov-jdk15on/1.67/bcprov-jdk15on-1.67.jar:/home/runner/.m2/repository/io/dropwizard/metrics/metrics-core/3.2.4/metrics-core-3.2.4.jar:/home/runner/.m2/repository/org/apache/commons/commons-text/1.10.0/commons-text-1.10.0.jar:/home/runner/.m2/repository/org/apache/ozone/hdds-server-framework/1.5.0-SNAPSHOT/hdds-server-framework-1.5.0-SNAPSHOT-tests.jar:/home/runner/.m2/repository/org/apache/ozone/hdds-interface-server/1.5.0-SNAPSHOT/hdds-interface-server-1.5.0-SNAPSHOT.jar:/home/runner/.m2/repository/org/apache/ozone/hdds-interface-admin/1.5.0-SNAPSHOT/hdds-interface-admin-1.5.0-SNAPSHOT.jar:/home/runner/.m2/repository/org/apache/ozone/hdds-managed-rocksdb/1.5.0-SNAPSHOT/hdds-managed-rocksdb-1.5.0-SNAPSHOT.jar:/home/runner/.m2/repository/org/rocksdb/rocksdbjni/7.7.3/rocksdbjni-7.7.3.jar:/home/runner/.m2/repository/org/slf4j/slf4j-reload4j/2.0.10/slf4j-reload4j-2.0.10.jar:/home/runner/.m2/repository/org/apache/commons/commons-configuration2/2.1.1/commons-configuration2-2.1.1.jar:/home/runner/.m2/repository/commons-fileupload/commons-fileupload/1.5/commons-fileupload-1.5.jar:/home/runner/.m2/repository/org/apache/logging/log4j/log4j-core/2.17.1/log4j-core-2.17.1.jar:/home/runner/.m2/repository/com/lmax/disruptor/3.4.2/disruptor-3.4.2.jar:/home/runner/.m2/repository/org/eclipse/jetty/jetty-util/9.4.53.v20231009/jetty-util-9.4.53.v20231009.jar:/home/runner/.m2/repository/org/eclipse/jetty/jetty-server/9.4.53.v20231009/jetty-server-9.4.53.v20231009.jar:/home/runner/.m2/repository/org/eclipse/jetty/jetty-http/9.4.53.v20231009/jetty-http-9.4.53.v20231009.jar:/home/runner/.m2/repository/org/eclipse/jetty/jetty-io/9.4.53.v20231009/jetty-io-9.4.53.v20231009.jar:/home/runner/.m2/repository/org/eclipse/jetty/jetty-servlet/9.4.53.v20231009/jetty-servlet-9.4.53.v20231009.jar:/home/runner/.m2/repository/org/eclipse/jetty/jetty-security/9.4.53.v20231009/jetty-security-9.4.53.v20231009.jar:/home/runner/.m2/repository/org/eclipse/jetty/jetty-util-ajax/9.4.53.v20231009/jetty-util-ajax-9.4.53.v20231009.jar:/home/runner/.m2/repository/org/eclipse/jetty/jetty-webapp/9.4.53.v20231009/jetty-webapp-9.4.53.v20231009.jar:/home/runner/.m2/repository/org/eclipse/jetty/jetty-xml/9.4.53.v20231009/jetty-xml-9.4.53.v20231009.jar:/home/runner/.m2/repository/org/apache/ratis/ratis-server/3.0.1/ratis-server-3.0.1.jar:/home/runner/.m2/repository/org/apache/ratis/ratis-thirdparty-misc/1.0.5/ratis-thirdparty-misc-1.0.5.jar:/home/runner/.m2/repository/org/apache/ratis/ratis-proto/3.0.1/ratis-proto-3.0.1.jar:/home/runner/.m2/repository/org/apache/ratis/ratis-common/3.0.1/ratis-common-3.0.1.jar:/home/runner/.m2/repository/org/apache/ratis/ratis-client/3.0.1/ratis-client-3.0.1.jar:/home/runner/.m2/repository/org/apache/ratis/ratis-server-api/3.0.1/ratis-server-api-3.0.1.jar:/home/runner/.m2/repository/org/apache/ratis/ratis-metrics-api/3.0.1/ratis-metrics-api-3.0.1.jar:/home/runner/.m2/repository/org/apache/ratis/ratis-metrics-dropwizard3/3.0.1/ratis-metrics-dropwizard3-3.0.1.jar:/home/runner/.m2/repository/io/prometheus/simpleclient_dropwizard/0.16.0/simpleclient_dropwizard-0.16.0.jar:/home/runner/.m2/repository/io/prometheus/simpleclient/0.16.0/simpleclient-0.16.0.jar:/home/runner/.m2/repository/io/prometheus/simpleclient_common/0.16.0/simpleclient_common-0.16.0.jar:/home/runner/.m2/repository/com/fasterxml/jackson/datatype/jackson-datatype-jsr310/2.13.4/jackson-datatype-jsr310-2.13.4.jar:/home/runner/.m2/repository/com/fasterxml/jackson/core/jackson-core/2.13.4/jackson-core-2.13.4.jar:/home/runner/.m2/repository/org/apache/ozone/rocksdb-checkpoint-differ/1.5.0-SNAPSHOT/rocksdb-checkpoint-differ-1.5.0-SNAPSHOT.jar:/home/runner/.m2/repository/org/jgrapht/jgrapht-core/1.0.1/jgrapht-core-1.0.1.jar:/home/runner/.m2/repository/org/jgrapht/jgrapht-ext/1.0.1/jgrapht-ext-1.0.1.jar:/home/runner/.m2/repository/org/tinyjee/jgraphx/jgraphx/2.0.0.1/jgraphx-2.0.0.1.jar:/home/runner/.m2/repository/jgraph/jgraph/5.13.0.0/jgraph-5.13.0.0.jar:/home/runner/.m2/repository/org/antlr/antlr4-runtime/4.5.3/antlr4-runtime-4.5.3.jar:/home/runner/.m2/repository/org/apache/ozone/ozone-manager/1.5.0-SNAPSHOT/ozone-manager-1.5.0-SNAPSHOT.jar:/home/runner/.m2/repository/org/aspectj/aspectjrt/1.9.7/aspectjrt-1.9.7.jar:/home/runner/.m2/repository/org/aspectj/aspectjweaver/1.9.7/aspectjweaver-1.9.7.jar:/home/runner/.m2/repository/org/apache/ozone/hdds-interface-client/1.5.0-SNAPSHOT/hdds-interface-client-1.5.0-SNAPSHOT.jar:/home/runner/.m2/repository/org/apache/hadoop/thirdparty/hadoop-shaded-protobuf_3_7/1.1.1/hadoop-shaded-protobuf_3_7-1.1.1.jar:/home/runner/.m2/repository/org/apache/ozone/ozone-interface-storage/1.5.0-SNAPSHOT/ozone-interface-storage-1.5.0-SNAPSHOT.jar:/home/runner/.m2/repository/org/reflections/reflections/0.9.11/reflections-0.9.11.jar:/home/runner/.m2/repository/com/sun/jersey/jersey-client/1.19.4/jersey-client-1.19.4.jar:/home/runner/.m2/repository/org/codehaus/jackson/jackson-core-asl/1.9.13/jackson-core-asl-1.9.13.jar:/home/runner/.m2/repository/org/codehaus/jackson/jackson-mapper-asl/1.9.13/jackson-mapper-asl-1.9.13.jar:/home/runner/.m2/repository/org/codehaus/jackson/jackson-jaxrs/1.9.13/jackson-jaxrs-1.9.13.jar:/home/runner/.m2/repository/org/apache/ranger/ranger-intg/2.3.0/ranger-intg-2.3.0.jar:/home/runner/.m2/repository/org/apache/ranger/ranger-plugins-common/2.3.0/ranger-plugins-common-2.3.0.jar:/home/runner/.m2/repository/commons-lang/commons-lang/2.6/commons-lang-2.6.jar:/home/runner/.m2/repository/org/apache/ranger/ranger-plugins-cred/2.3.0/ranger-plugins-cred-2.3.0.jar:/home/runner/.m2/repository/org/apache/ranger/ranger-plugins-audit/2.3.0/ranger-plugins-audit-2.3.0.jar:/home/runner/.m2/repository/org/eclipse/jetty/jetty-client/9.4.53.v20231009/jetty-client-9.4.53.v20231009.jar:/home/runner/.m2/repository/org/apache/httpcomponents/httpmime/4.5.6/httpmime-4.5.6.jar:/home/runner/.m2/repository/org/apache/httpcomponents/httpcore-nio/4.4.16/httpcore-nio-4.4.16.jar:/home/runner/.m2/repository/org/apache/httpcomponents/httpasyncclient/4.1.3/httpasyncclient-4.1.3.jar:/home/runner/.m2/repository/com/carrotsearch/hppc/0.8.0/hppc-0.8.0.jar:/home/runner/.m2/repository/org/apache/orc/orc-core/1.5.8/orc-core-1.5.8.jar:/home/runner/.m2/repository/net/java/dev/jna/jna/5.2.0/jna-5.2.0.jar:/home/runner/.m2/repository/net/java/dev/jna/jna-platform/5.2.0/jna-platform-5.2.0.jar:/home/runner/.m2/repository/com/kstruct/gethostname4j/0.0.2/gethostname4j-0.0.2.jar:/home/runner/.m2/repository/org/apache/ranger/ranger-plugin-classloader/2.3.0/ranger-plugin-classloader-2.3.0.jar:/home/runner/.m2/repository/org/apache/ozone/hdds-rocks-native/1.5.0-SNAPSHOT/hdds-rocks-native-1.5.0-SNAPSHOT.jar:/home/runner/.m2/repository/org/apache/hadoop/hadoop-minikdc/3.3.6/hadoop-minikdc-3.3.6.jar:/home/runner/.m2/repository/org/apache/kerby/kerb-simplekdc/1.0.1/kerb-simplekdc-1.0.1.jar:/home/runner/.m2/repository/org/apache/kerby/kerb-client/1.0.1/kerb-client-1.0.1.jar:/home/runner/.m2/repository/org/apache/kerby/kerby-config/1.0.1/kerby-config-1.0.1.jar:/home/runner/.m2/repository/org/apache/kerby/kerb-common/1.0.1/kerb-common-1.0.1.jar:/home/runner/.m2/repository/org/apache/kerby/kerb-crypto/1.0.1/kerb-crypto-1.0.1.jar:/home/runner/.m2/repository/org/apache/kerby/kerb-util/1.0.1/kerb-util-1.0.1.jar:/home/runner/.m2/repository/org/apache/kerby/token-provider/1.0.1/token-provider-1.0.1.jar:/home/runner/.m2/repository/org/apache/kerby/kerb-admin/1.0.1/kerb-admin-1.0.1.jar:/home/runner/.m2/repository/org/apache/kerby/kerb-server/1.0.1/kerb-server-1.0.1.jar:/home/runner/.m2/repository/org/apache/kerby/kerb-identity/1.0.1/kerb-identity-1.0.1.jar:/home/runner/.m2/repository/org/apache/kerby/kerby-xdr/1.0.1/kerby-xdr-1.0.1.jar:/home/runner/.m2/repository/org/apache/ozone/ozone-s3gateway/1.5.0-SNAPSHOT/ozone-s3gateway-1.5.0-SNAPSHOT.jar:/home/runner/.m2/repository/org/javassist/javassist/3.21.0-GA/javassist-3.21.0-GA.jar:/home/runner/.m2/repository/org/jboss/weld/servlet/weld-servlet-shaded/3.1.9.Final/weld-servlet-shaded-3.1.9.Final.jar:/home/runner/.m2/repository/org/glassfish/jersey/containers/jersey-container-servlet-core/2.41/jersey-container-servlet-core-2.41.jar:/home/runner/.m2/repository/org/glassfish/hk2/external/jakarta.inject/2.6.1/jakarta.inject-2.6.1.jar:/home/runner/.m2/repository/org/glassfish/jersey/core/jersey-common/2.41/jersey-common-2.41.jar:/home/runner/.m2/repository/jakarta/ws/rs/jakarta.ws.rs-api/2.1.6/jakarta.ws.rs-api-2.1.6.jar:/home/runner/.m2/repository/org/glassfish/jersey/ext/cdi/jersey-cdi1x/2.41/jersey-cdi1x-2.41.jar:/home/runner/.m2/repository/org/glassfish/jersey/inject/jersey-hk2/2.41/jersey-hk2-2.41.jar:/home/runner/.m2/repository/org/glassfish/hk2/hk2-locator/2.6.1/hk2-locator-2.6.1.jar:/home/runner/.m2/repository/org/glassfish/jersey/media/jersey-media-jaxb/2.41/jersey-media-jaxb-2.41.jar:/home/runner/.m2/repository/org/glassfish/hk2/osgi-resource-locator/1.0.3/osgi-resource-locator-1.0.3.jar:/home/runner/.m2/repository/org/glassfish/hk2/hk2-api/2.5.0/hk2-api-2.5.0.jar:/home/runner/.m2/repository/org/glassfish/hk2/hk2-utils/2.5.0/hk2-utils-2.5.0.jar:/home/runner/.m2/repository/org/glassfish/hk2/external/aopalliance-repackaged/2.5.0/aopalliance-repackaged-2.5.0.jar:/home/runner/.m2/repository/com/fasterxml/jackson/dataformat/jackson-dataformat-xml/2.13.4/jackson-dataformat-xml-2.13.4.jar:/home/runner/.m2/repository/org/codehaus/woodstox/stax2-api/4.2.2/stax2-api-4.2.2.jar:/home/runner/.m2/repository/com/fasterxml/woodstox/woodstox-core/5.4.0/woodstox-core-5.4.0.jar:/home/runner/.m2/repository/com/fasterxml/jackson/module/jackson-module-jaxb-annotations/2.13.4/jackson-module-jaxb-annotations-2.13.4.jar:/home/runner/.m2/repository/javax/enterprise/cdi-api/2.0/cdi-api-2.0.jar:/home/runner/.m2/repository/javax/el/javax.el-api/3.0.0/javax.el-api-3.0.0.jar:/home/runner/.m2/repository/javax/interceptor/javax.interceptor-api/1.2/javax.interceptor-api-1.2.jar:/home/runner/.m2/repository/javax/inject/javax.inject/1/javax.inject-1.jar:/home/runner/.m2/repository/jakarta/xml/bind/jakarta.xml.bind-api/2.3.3/jakarta.xml.bind-api-2.3.3.jar:/home/runner/.m2/repository/org/glassfish/jaxb/jaxb-runtime/2.3.9/jaxb-runtime-2.3.9.jar:/home/runner/.m2/repository/org/glassfish/jaxb/txw2/2.3.9/txw2-2.3.9.jar:/home/runner/.m2/repository/com/sun/istack/istack-commons-runtime/3.0.12/istack-commons-runtime-3.0.12.jar:/home/runner/.m2/repository/com/sun/activation/jakarta.activation/1.2.2/jakarta.activation-1.2.2.jar:/home/runner/.m2/repository/jakarta/activation/jakarta.activation-api/1.2.2/jakarta.activation-api-1.2.2.jar:/home/runner/.m2/repository/io/grpc/grpc-protobuf/1.58.0/grpc-protobuf-1.58.0.jar:/home/runner/.m2/repository/com/google/api/grpc/proto-google-common-protos/2.22.0/proto-google-common-protos-2.22.0.jar:/home/runner/.m2/repository/io/grpc/grpc-protobuf-lite/1.58.0/grpc-protobuf-lite-1.58.0.jar:/home/runner/.m2/repository/io/grpc/grpc-stub/1.58.0/grpc-stub-1.58.0.jar:/home/runner/.m2/repository/io/netty/netty-transport/4.1.100.Final/netty-transport-4.1.100.Final.jar:/home/runner/.m2/repository/io/netty/netty-resolver/4.1.100.Final/netty-resolver-4.1.100.Final.jar:/home/runner/.m2/repository/org/apache/ozone/ozone-csi/1.5.0-SNAPSHOT/ozone-csi-1.5.0-SNAPSHOT.jar:/home/runner/.m2/repository/com/google/protobuf/protobuf-java-util/3.19.6/protobuf-java-util-3.19.6.jar:/home/runner/.m2/repository/com/google/code/gson/gson/2.9.0/gson-2.9.0.jar:/home/runner/.m2/repository/org/apache/ozone/hdds-config/1.5.0-SNAPSHOT/hdds-config-1.5.0-SNAPSHOT.jar:/home/runner/.m2/repository/io/netty/netty-transport-native-epoll/4.1.100.Final/netty-transport-native-epoll-4.1.100.Final-linux-x86_64.jar:/home/runner/.m2/repository/io/netty/netty-transport-classes-epoll/4.1.100.Final/netty-transport-classes-epoll-4.1.100.Final.jar:/home/runner/.m2/repository/io/netty/netty-transport-native-unix-common/4.1.100.Final/netty-transport-native-unix-common-4.1.100.Final.jar:/home/runner/.m2/repository/org/apache/ozone/ozone-recon/1.5.0-SNAPSHOT/ozone-recon-1.5.0-SNAPSHOT.jar:/home/runner/.m2/repository/org/apache/ozone/ozone-reconcodegen/1.5.0-SNAPSHOT/ozone-reconcodegen-1.5.0-SNAPSHOT.jar:/home/runner/.m2/repository/com/google/inject/guice/5.1.0/guice-5.1.0.jar:/home/runner/.m2/repository/aopalliance/aopalliance/1.0/aopalliance-1.0.jar:/home/runner/.m2/repository/com/google/inject/extensions/guice-assistedinject/5.1.0/guice-assistedinject-5.1.0.jar:/home/runner/.m2/repository/com/google/inject/extensions/guice-servlet/5.1.0/guice-servlet-5.1.0.jar:/home/runner/.m2/repository/org/glassfish/jersey/containers/jersey-container-servlet/2.41/jersey-container-servlet-2.41.jar:/home/runner/.m2/repository/org/glassfish/hk2/guice-bridge/2.5.0/guice-bridge-2.5.0.jar:/home/runner/.m2/repository/org/glassfish/jersey/core/jersey-server/2.41/jersey-server-2.41.jar:/home/runner/.m2/repository/org/glassfish/jersey/core/jersey-client/2.41/jersey-client-2.41.jar:/home/runner/.m2/repository/jakarta/annotation/jakarta.annotation-api/1.3.5/jakarta.annotation-api-1.3.5.jar:/home/runner/.m2/repository/jakarta/validation/jakarta.validation-api/2.0.2/jakarta.validation-api-2.0.2.jar:/home/runner/.m2/repository/org/glassfish/jersey/media/jersey-media-json-jackson/2.41/jersey-media-json-jackson-2.41.jar:/home/runner/.m2/repository/org/glassfish/jersey/ext/jersey-entity-filtering/2.41/jersey-entity-filtering-2.41.jar:/home/runner/.m2/repository/org/jooq/jooq/3.11.10/jooq-3.11.10.jar:/home/runner/.m2/repository/org/jooq/jooq-meta/3.11.10/jooq-meta-3.11.10.jar:/home/runner/.m2/repository/org/jooq/jooq-codegen/3.11.10/jooq-codegen-3.11.10.jar:/home/runner/.m2/repository/com/jolbox/bonecp/0.8.0.RELEASE/bonecp-0.8.0.RELEASE.jar:/home/runner/.m2/repository/org/apache/derby/derby/10.14.2.0/derby-10.14.2.0.jar:/home/runner/.m2/repository/org/xerial/sqlite-jdbc/3.44.1.0/sqlite-jdbc-3.44.1.0.jar:/home/runner/.m2/repository/org/springframework/spring-jdbc/5.3.27/spring-jdbc-5.3.27.jar:/home/runner/.m2/repository/org/springframework/spring-beans/5.3.27/spring-beans-5.3.27.jar:/home/runner/.m2/repository/org/springframework/spring-core/5.3.27/spring-core-5.3.27.jar:/home/runner/.m2/repository/org/springframework/spring-tx/5.3.27/spring-tx-5.3.27.jar:/home/runner/.m2/repository/org/apache/ozone/ozone-client/1.5.0-SNAPSHOT/ozone-client-1.5.0-SNAPSHOT.jar:/home/runner/.m2/repository/org/apache/ozone/hdds-erasurecode/1.5.0-SNAPSHOT/hdds-erasurecode-1.5.0-SNAPSHOT.jar:/home/runner/.m2/repository/org/apache/ozone/ozone-filesystem/1.5.0-SNAPSHOT/ozone-filesystem-1.5.0-SNAPSHOT.jar:/home/runner/.m2/repository/org/apache/ozone/ozone-filesystem-common/1.5.0-SNAPSHOT/ozone-filesystem-common-1.5.0-SNAPSHOT.jar:/home/runner/.m2/repository/org/apache/ozone/ozone-tools/1.5.0-SNAPSHOT/ozone-tools-1.5.0-SNAPSHOT.jar:/home/runner/.m2/repository/com/amazonaws/aws-java-sdk-core/1.12.632/aws-java-sdk-core-1.12.632.jar:/home/runner/.m2/repository/org/apache/httpcomponents/httpclient/4.5.13/httpclient-4.5.13.jar:/home/runner/.m2/repository/org/apache/httpcomponents/httpcore/4.4.16/httpcore-4.4.16.jar:/home/runner/.m2/repository/software/amazon/ion/ion-java/1.0.2/ion-java-1.0.2.jar:/home/runner/.m2/repository/com/fasterxml/jackson/dataformat/jackson-dataformat-cbor/2.13.4/jackson-dataformat-cbor-2.13.4.jar:/home/runner/.m2/repository/joda-time/joda-time/2.12.5/joda-time-2.12.5.jar:/home/runner/.m2/repository/com/amazonaws/aws-java-sdk-s3/1.12.632/aws-java-sdk-s3-1.12.632.jar:/home/runner/.m2/repository/com/amazonaws/aws-java-sdk-kms/1.12.632/aws-java-sdk-kms-1.12.632.jar:/home/runner/.m2/repository/com/amazonaws/jmespath-java/1.12.632/jmespath-java-1.12.632.jar:/home/runner/.m2/repository/org/kohsuke/metainf-services/metainf-services/1.8/metainf-services-1.8.jar:/home/runner/.m2/repository/org/apache/ozone/hdds-tools/1.5.0-SNAPSHOT/hdds-tools-1.5.0-SNAPSHOT.jar:/home/runner/.m2/repository/org/apache/ratis/ratis-tools/3.0.1/ratis-tools-3.0.1.jar:/home/runner/.m2/repository/commons-cli/commons-cli/1.6.0/commons-cli-1.6.0.jar:/home/runner/.m2/repository/org/apache/commons/commons-lang3/3.14.0/commons-lang3-3.14.0.jar:/home/runner/.m2/repository/org/apache/ozone/ozone-manager/1.5.0-SNAPSHOT/ozone-manager-1.5.0-SNAPSHOT-tests.jar:/home/runner/.m2/repository/org/apache/ozone/hdds-common/1.5.0-SNAPSHOT/hdds-common-1.5.0-SNAPSHOT-tests.jar:/home/runner/.m2/repository/org/apache/ozone/hdds-hadoop-dependency-client/1.5.0-SNAPSHOT/hdds-hadoop-dependency-client-1.5.0-SNAPSHOT.jar:/home/runner/.m2/repository/info/picocli/picocli/4.7.5/picocli-4.7.5.jar:/home/runner/.m2/repository/com/fasterxml/jackson/core/jackson-annotations/2.13.4/jackson-annotations-2.13.4.jar:/home/runner/.m2/repository/org/apache/ozone/hdds-annotation-processing/1.5.0-SNAPSHOT/hdds-annotation-processing-1.5.0-SNAPSHOT.jar:/home/runner/.m2/repository/javax/annotation/javax.annotation-api/1.3.2/javax.annotation-api-1.3.2.jar:/home/runner/.m2/repository/org/apache/ratis/ratis-netty/3.0.1/ratis-netty-3.0.1.jar:/home/runner/.m2/repository/org/apache/ratis/ratis-grpc/3.0.1/ratis-grpc-3.0.1.jar:/home/runner/.m2/repository/org/apache/commons/commons-pool2/2.6.0/commons-pool2-2.6.0.jar:/home/runner/.m2/repository/org/bouncycastle/bcpkix-jdk15on/1.67/bcpkix-jdk15on-1.67.jar:/home/runner/.m2/repository/commons-validator/commons-validator/1.6/commons-validator-1.6.jar:/home/runner/.m2/repository/commons-beanutils/commons-beanutils/1.9.4/commons-beanutils-1.9.4.jar:/home/runner/.m2/repository/commons-digester/commons-digester/1.8.1/commons-digester-1.8.1.jar:/home/runner/.m2/repository/commons-collections/commons-collections/3.2.2/commons-collections-3.2.2.jar:/home/runner/.m2/repository/io/jaegertracing/jaeger-client/1.6.0/jaeger-client-1.6.0.jar:/home/runner/.m2/repository/io/jaegertracing/jaeger-thrift/1.6.0/jaeger-thrift-1.6.0.jar:/home/runner/.m2/repository/org/apache/thrift/libthrift/0.14.1/libthrift-0.14.1.jar:/home/runner/.m2/repository/io/jaegertracing/jaeger-core/1.6.0/jaeger-core-1.6.0.jar:/home/runner/.m2/repository/io/jaegertracing/jaeger-tracerresolver/1.6.0/jaeger-tracerresolver-1.6.0.jar:/home/runner/.m2/repository/io/opentracing/contrib/opentracing-tracerresolver/0.1.8/opentracing-tracerresolver-0.1.8.jar:/home/runner/.m2/repository/org/jetbrains/kotlin/kotlin-stdlib/1.9.22/kotlin-stdlib-1.9.22.jar:/home/runner/.m2/repository/org/jetbrains/annotations/13.0/annotations-13.0.jar:/home/runner/.m2/repository/io/opentracing/opentracing-util/0.33.0/opentracing-util-0.33.0.jar:/home/runner/.m2/repository/io/opentracing/opentracing-api/0.33.0/opentracing-api-0.33.0.jar:/home/runner/.m2/repository/io/opentracing/opentracing-noop/0.33.0/opentracing-noop-0.33.0.jar:/home/runner/.m2/repository/org/yaml/snakeyaml/2.0/snakeyaml-2.0.jar:/home/runner/.m2/repository/io/grpc/grpc-api/1.58.0/grpc-api-1.58.0.jar:/home/runner/.m2/repository/junit/junit/4.13.1/junit-4.13.1.jar:/home/runner/.m2/repository/org/junit/jupiter/junit-jupiter-engine/5.10.1/junit-jupiter-engine-5.10.1.jar:/home/runner/.m2/repository/org/junit/platform/junit-platform-engine/1.10.1/junit-platform-engine-1.10.1.jar:/home/runner/.m2/repository/org/apiguardian/apiguardian-api/1.1.2/apiguardian-api-1.1.2.jar:/home/runner/.m2/repository/org/junit/vintage/junit-vintage-engine/5.10.1/junit-vintage-engine-5.10.1.jar:/home/runner/.m2/repository/org/junit/platform/junit-platform-launcher/1.10.1/junit-platform-launcher-1.10.1.jar:/home/runner/.m2/repository/org/apache/hadoop/hadoop-kms/3.3.6/hadoop-kms-3.3.6.jar:/home/runner/.m2/repository/org/apache/hadoop/hadoop-auth/3.3.6/hadoop-auth-3.3.6.jar:/home/runner/.m2/repository/com/nimbusds/nimbus-jose-jwt/9.8.1/nimbus-jose-jwt-9.8.1.jar:/home/runner/.m2/repository/com/github/stephenc/jcip/jcip-annotations/1.0-1/jcip-annotations-1.0-1.jar:/home/runner/.m2/repository/org/apache/zookeeper/zookeeper/3.7.2/zookeeper-3.7.2.jar:/home/runner/.m2/repository/org/apache/zookeeper/zookeeper-jute/3.7.2/zookeeper-jute-3.7.2.jar:/home/runner/.m2/repository/org/apache/yetus/audience-annotations/0.12.0/audience-annotations-0.12.0.jar:/home/runner/.m2/repository/org/apache/curator/curator-framework/4.2.0/curator-framework-4.2.0.jar:/home/runner/.m2/repository/org/apache/hadoop/thirdparty/hadoop-shaded-guava/1.1.1/hadoop-shaded-guava-1.1.1.jar:/home/runner/.m2/repository/com/sun/jersey/jersey-core/1.19.4/jersey-core-1.19.4.jar:/home/runner/.m2/repository/javax/ws/rs/jsr311-api/1.1.1/jsr311-api-1.1.1.jar:/home/runner/.m2/repository/com/sun/jersey/jersey-server/1.19.4/jersey-server-1.19.4.jar:/home/runner/.m2/repository/javax/servlet/javax.servlet-api/3.1.0/javax.servlet-api-3.1.0.jar:/home/runner/.m2/repository/org/apache/hadoop/hadoop-common/3.3.6/hadoop-common-3.3.6.jar:/home/runner/.m2/repository/org/apache/commons/commons-math3/3.1.1/commons-math3-3.1.1.jar:/home/runner/.m2/repository/commons-net/commons-net/3.10.0/commons-net-3.10.0.jar:/home/runner/.m2/repository/com/sun/jersey/jersey-servlet/1.19.4/jersey-servlet-1.19.4.jar:/home/runner/.m2/repository/com/github/pjfanning/jersey-json/1.20/jersey-json-1.20.jar:/home/runner/.m2/repository/org/codehaus/jettison/jettison/1.1/jettison-1.1.jar:/home/runner/.m2/repository/com/sun/xml/bind/jaxb-impl/2.2.3-1/jaxb-impl-2.2.3-1.jar:/home/runner/.m2/repository/com/google/re2j/re2j/1.1/re2j-1.1.jar:/home/runner/.m2/repository/com/jcraft/jsch/0.1.54/jsch-0.1.54.jar:/home/runner/.m2/repository/org/apache/curator/curator-client/4.2.0/curator-client-4.2.0.jar:/home/runner/.m2/repository/org/apache/curator/curator-recipes/5.2.0/curator-recipes-5.2.0.jar:/home/runner/.m2/repository/org/apache/kerby/kerb-core/1.0.1/kerb-core-1.0.1.jar:/home/runner/.m2/repository/org/apache/kerby/kerby-pkix/1.0.1/kerby-pkix-1.0.1.jar:/home/runner/.m2/repository/org/apache/kerby/kerby-asn1/1.0.1/kerby-asn1-1.0.1.jar:/home/runner/.m2/repository/org/apache/kerby/kerby-util/1.0.1/kerby-util-1.0.1.jar:/home/runner/.m2/repository/dnsjava/dnsjava/2.1.7/dnsjava-2.1.7.jar:/home/runner/.m2/repository/org/xerial/snappy/snappy-java/1.1.8.2/snappy-java-1.1.8.2.jar:/home/runner/.m2/repository/com/fasterxml/jackson/core/jackson-databind/2.13.4.2/jackson-databind-2.13.4.2.jar:/home/runner/.m2/repository/org/apache/hadoop/hadoop-kms/3.3.6/hadoop-kms-3.3.6-tests.jar:/home/runner/.m2/repository/org/apache/ozone/hdds-server-scm/1.5.0-SNAPSHOT/hdds-server-scm-1.5.0-SNAPSHOT-tests.jar:/home/runner/.m2/repository/org/apache/ozone/hdds-container-service/1.5.0-SNAPSHOT/hdds-container-service-1.5.0-SNAPSHOT-tests.jar:/home/runner/.m2/repository/com/github/luben/zstd-jni/1.5.2-5/zstd-jni-1.5.2-5.jar:/home/runner/.m2/repository/commons-codec/commons-codec/1.15/commons-codec-1.15.jar:/home/runner/.m2/repository/io/netty/netty-codec/4.1.100.Final/netty-codec-4.1.100.Final.jar:/home/runner/.m2/repository/io/netty/netty-handler/4.1.100.Final/netty-handler-4.1.100.Final.jar:/home/runner/.m2/repository/org/apache/ozone/hdds-hadoop-dependency-test/1.5.0-SNAPSHOT/hdds-hadoop-dependency-test-1.5.0-SNAPSHOT.jar:/home/runner/.m2/repository/org/apache/hadoop/hadoop-common/3.3.6/hadoop-common-3.3.6-tests.jar:/home/runner/.m2/repository/org/apache/hadoop/hadoop-hdfs/3.3.6/hadoop-hdfs-3.3.6-tests.jar:/home/runner/.m2/repository/org/assertj/assertj-core/3.12.2/assertj-core-3.12.2.jar:/home/runner/.m2/repository/org/junit/jupiter/junit-jupiter-params/5.10.1/junit-jupiter-params-5.10.1.jar:/home/runner/.m2/repository/org/mockito/mockito-core/3.5.9/mockito-core-3.5.9.jar:/home/runner/.m2/repository/net/bytebuddy/byte-buddy/1.10.13/byte-buddy-1.10.13.jar:/home/runner/.m2/repository/net/bytebuddy/byte-buddy-agent/1.10.13/byte-buddy-agent-1.10.13.jar:/home/runner/.m2/repository/org/objenesis/objenesis/1.0/objenesis-1.0.jar:/home/runner/.m2/repository/org/mockito/mockito-junit-jupiter/3.5.9/mockito-junit-jupiter-3.5.9.jar:/home/runner/.m2/repository/org/apache/hadoop/hadoop-distcp/3.3.6/hadoop-distcp-3.3.6.jar:/home/runner/.m2/repository/org/apache/hadoop/hadoop-mapreduce-client-jobclient/3.3.6/hadoop-mapreduce-client-jobclient-3.3.6.jar:/home/runner/.m2/repository/org/apache/hadoop/hadoop-mapreduce-client-common/3.3.6/hadoop-mapreduce-client-common-3.3.6.jar:/home/runner/.m2/repository/org/apache/hadoop/hadoop-yarn-common/3.3.6/hadoop-yarn-common-3.3.6.jar:/home/runner/.m2/repository/org/apache/hadoop/hadoop-yarn-api/3.3.6/hadoop-yarn-api-3.3.6.jar:/home/runner/.m2/repository/javax/xml/bind/jaxb-api/2.2.11/jaxb-api-2.2.11.jar:/home/runner/.m2/repository/com/sun/jersey/contribs/jersey-guice/1.19.4/jersey-guice-1.19.4.jar:/home/runner/.m2/repository/com/fasterxml/jackson/jaxrs/jackson-jaxrs-json-provider/2.13.4/jackson-jaxrs-json-provider-2.13.4.jar:/home/runner/.m2/repository/com/fasterxml/jackson/jaxrs/jackson-jaxrs-base/2.13.4/jackson-jaxrs-base-2.13.4.jar:/home/runner/.m2/repository/org/apache/hadoop/hadoop-yarn-client/3.3.6/hadoop-yarn-client-3.3.6.jar:/home/runner/.m2/repository/org/eclipse/jetty/websocket/websocket-client/9.4.51.v20230217/websocket-client-9.4.51.v20230217.jar:/home/runner/.m2/repository/org/eclipse/jetty/websocket/websocket-common/9.4.51.v20230217/websocket-common-9.4.51.v20230217.jar:/home/runner/.m2/repository/org/eclipse/jetty/websocket/websocket-api/9.4.51.v20230217/websocket-api-9.4.51.v20230217.jar:/home/runner/.m2/repository/org/jline/jline/3.9.0/jline-3.9.0.jar:/home/runner/.m2/repository/org/apache/hadoop/hadoop-mapreduce-client-core/3.3.6/hadoop-mapreduce-client-core-3.3.6.jar:/home/runner/.m2/repository/org/apache/avro/avro/1.7.7/avro-1.7.7.jar:/home/runner/.m2/repository/com/thoughtworks/paranamer/paranamer/2.3/paranamer-2.3.jar:/home/runner/.m2/repository/org/apache/hadoop/hadoop-annotations/3.3.6/hadoop-annotations-3.3.6.jar:/usr/lib/jvm/temurin-8-jdk-amd64/jre/../lib/tools.jar:/home/runner/.m2/repository/io/netty/netty/3.10.6.Final/netty-3.10.6.Final.jar:/home/runner/.m2/repository/org/apache/hadoop/hadoop-distcp/3.3.6/hadoop-distcp-3.3.6-tests.jar:/home/runner/.m2/repository/org/slf4j/jul-to-slf4j/2.0.10/jul-to-slf4j-2.0.10.jar:/home/runner/.m2/repository/org/awaitility/awaitility/4.2.0/awaitility-4.2.0.jar:/home/runner/.m2/repository/org/hamcrest/hamcrest/2.1/hamcrest-2.1.jar:/home/runner/work/ozone/ozone/hadoop-ozone/integration-test/target/gradle-enterprise/test-listeners.jar:"/>
    <property name="sun.cpu.endian" value="little"/>
    <property name="user.home" value="/home/runner"/>
    <property name="user.language" value="en"/>
    <property name="java.specification.vendor" value="Oracle Corporation"/>
    <property name="java.home" value="/usr/lib/jvm/temurin-8-jdk-amd64/jre"/>
    <property name="java.security.krb5.conf" value="/home/runner/work/ozone/ozone/hadoop-ozone/integration-test/target/test-classes/krb5.conf"/>
    <property name="file.separator" value="/"/>
    <property name="basedir" value="/home/runner/work/ozone/ozone/hadoop-ozone/integration-test"/>
    <property name="line.separator" value="&#10;"/>
    <property name="java.vm.specification.vendor" value="Oracle Corporation"/>
    <property name="java.specification.name" value="Java Platform API Specification"/>
    <property name="skip.installnpx" value="true"/>
    <property name="java.awt.graphicsenv" value="sun.awt.X11GraphicsEnvironment"/>
    <property name="surefire.real.class.path" value="/home/runner/work/ozone/ozone/hadoop-ozone/integration-test/target/surefire/surefirebooter-20240111034043663_795.jar:/home/runner/.m2/repository/org/jacoco/org.jacoco.agent/0.8.5/org.jacoco.agent-0.8.5-runtime.jar"/>
    <property name="sun.boot.class.path" value="/usr/lib/jvm/temurin-8-jdk-amd64/jre/lib/resources.jar:/usr/lib/jvm/temurin-8-jdk-amd64/jre/lib/rt.jar:/usr/lib/jvm/temurin-8-jdk-amd64/jre/lib/sunrsasign.jar:/usr/lib/jvm/temurin-8-jdk-amd64/jre/lib/jsse.jar:/usr/lib/jvm/temurin-8-jdk-amd64/jre/lib/jce.jar:/usr/lib/jvm/temurin-8-jdk-amd64/jre/lib/charsets.jar:/usr/lib/jvm/temurin-8-jdk-amd64/jre/lib/jfr.jar:/usr/lib/jvm/temurin-8-jdk-amd64/jre/classes"/>
    <property name="hadoop.log.dir" value="/home/runner/work/ozone/ozone/hadoop-ozone/integration-test/target/log"/>
    <property name="sun.management.compiler" value="HotSpot 64-Bit Tiered Compilers"/>
    <property name="java.runtime.version" value="1.8.0_392-b08"/>
    <property name="skip.npx" value="true"/>
    <property name="user.name" value="runner"/>
    <property name="java.net.preferIPv4Stack" value="true"/>
    <property name="path.separator" value=":"/>
    <property name="java.security.egd" value="file:///dev/urandom"/>
    <property name="os.version" value="5.15.0-1053-azure"/>
    <property name="java.endorsed.dirs" value="/usr/lib/jvm/temurin-8-jdk-amd64/jre/lib/endorsed"/>
    <property name="java.runtime.name" value="OpenJDK Runtime Environment"/>
    <property name="com.gradle.maven.scan.extension.test.listener.junitplatform.NestedExecutionSafeDelegatingTestExecutionListener" value="6e509ffa"/>
    <property name="file.encoding" value="UTF-8"/>
    <property name="java.vm.name" value="OpenJDK 64-Bit Server VM"/>
    <property name="test.build.webapps" value=""/>
    <property name="localRepository" value="/home/runner/.m2/repository"/>
    <property name="gradle.enterprise.listener.port" value="40087"/>
    <property name="jetty.git.hash" value="27bde00a0b95a1d5bbee0eae7984f891d2d0f8c9"/>
    <property name="java.vendor.url.bug" value="https://github.com/adoptium/adoptium-support/issues"/>
    <property name="require.test.libhadoop" value=""/>
    <property name="java.io.tmpdir" value="/tmp"/>
    <property name="java.version" value="1.8.0_392"/>
    <property name="user.dir" value="/home/runner/work/ozone/ozone/hadoop-ozone/integration-test"/>
    <property name="os.arch" value="amd64"/>
    <property name="test.build.classes" value="/home/runner/work/ozone/ozone/hadoop-ozone/integration-test/target/test-classes"/>
    <property name="java.vm.specification.name" value="Java Virtual Machine Specification"/>
    <property name="java.awt.printerjob" value="sun.print.PSPrinterJob"/>
    <property name="sun.os.patch.level" value="unknown"/>
    <property name="org.apache.ratis.thirdparty.io.netty.allocator.useCacheForAllThreads" value="false"/>
    <property name="hadoop.tmp.dir" value="/home/runner/work/ozone/ozone/hadoop-ozone/integration-test/target/tmp"/>
    <property name="java.library.path" value="/usr/java/packages/lib/amd64:/usr/lib64:/lib64:/lib:/usr/lib"/>
    <property name="java.vendor" value="Temurin"/>
    <property name="java.vm.info" value="mixed mode"/>
    <property name="java.vm.version" value="25.392-b08"/>
    <property name="java.specification.maintenance.version" value="5"/>
    <property name="sun.io.unicode.encoding" value="UnicodeLittle"/>
    <property name="java.ext.dirs" value="/usr/lib/jvm/temurin-8-jdk-amd64/jre/lib/ext:/usr/java/packages/lib/ext"/>
    <property name="java.class.version" value="52.0"/>
  </properties>
  <testcase name="ofs" classname="org.apache.hadoop.fs.ozone.TestSafeMode" time="23.267">
    <error message="org.apache.hadoop.fs.FileSystem: Error reading configuration file" type="java.util.ServiceConfigurationError"><![CDATA[java.util.ServiceConfigurationError: org.apache.hadoop.fs.FileSystem: Error reading configuration file
	at java.util.ServiceLoader.fail(ServiceLoader.java:232)
	at java.util.ServiceLoader.parse(ServiceLoader.java:309)
	at java.util.ServiceLoader.access$200(ServiceLoader.java:185)
	at java.util.ServiceLoader$LazyIterator.hasNextService(ServiceLoader.java:357)
	at java.util.ServiceLoader$LazyIterator.hasNext(ServiceLoader.java:393)
	at java.util.ServiceLoader$1.hasNext(ServiceLoader.java:474)
	at org.apache.hadoop.fs.FileSystem.loadFileSystems(FileSystem.java:3518)
	at org.apache.hadoop.fs.FileSystem.getFileSystemClass(FileSystem.java:3566)
	at org.apache.hadoop.fs.FileSystem.createFileSystem(FileSystem.java:3608)
	at org.apache.hadoop.fs.FileSystem.access$300(FileSystem.java:174)
	at org.apache.hadoop.fs.FileSystem$Cache.getInternal(FileSystem.java:3712)
	at org.apache.hadoop.fs.FileSystem$Cache.get(FileSystem.java:3663)
	at org.apache.hadoop.fs.FileSystem.get(FileSystem.java:557)
	at org.apache.hadoop.fs.ozone.TestSafeMode.createFS(TestSafeMode.java:133)
	at org.apache.hadoop.fs.ozone.TestSafeMode.testSafeMode(TestSafeMode.java:102)
	at org.apache.hadoop.fs.ozone.TestSafeMode.ofs(TestSafeMode.java:92)
	at java.lang.reflect.Method.invoke(Method.java:498)
	at java.util.ArrayList.forEach(ArrayList.java:1259)
	at java.util.ArrayList.forEach(ArrayList.java:1259)
Caused by: java.io.IOException: Stream closed
	at java.util.zip.InflaterInputStream.ensureOpen(InflaterInputStream.java:67)
	at java.util.zip.InflaterInputStream.read(InflaterInputStream.java:142)
	at java.io.FilterInputStream.read(FilterInputStream.java:133)
	at sun.nio.cs.StreamDecoder.readBytes(StreamDecoder.java:284)
	at sun.nio.cs.StreamDecoder.implRead(StreamDecoder.java:326)
	at sun.nio.cs.StreamDecoder.read(StreamDecoder.java:178)
	at java.io.InputStreamReader.read(InputStreamReader.java:184)
	at java.io.BufferedReader.fill(BufferedReader.java:161)
	at java.io.BufferedReader.readLine(BufferedReader.java:324)
	at java.io.BufferedReader.readLine(BufferedReader.java:389)
	at java.util.ServiceLoader.parseLine(ServiceLoader.java:255)
	at java.util.ServiceLoader.parse(ServiceLoader.java:307)
	... 17 more
]]></error>
    <system-out><![CDATA[2024-01-11 04:03:03,332 [Mini-Cluster-Provider-Create] WARN  server.ServerUtils (ServerUtils.java:getScmDbDir(155)) - ozone.scm.db.dirs is not configured. We recommend adding this setting. Falling back to ozone.metadata.dirs instead.
2024-01-11 04:03:03,652 [Mini-Cluster-Provider-Create] WARN  server.ServerUtils (ServerUtils.java:getScmDbDir(155)) - ozone.scm.db.dirs is not configured. We recommend adding this setting. Falling back to ozone.metadata.dirs instead.
2024-01-11 04:03:03,656 [Mini-Cluster-Provider-Create] INFO  ha.SCMHANodeDetails (SCMHANodeDetails.java:loadSCMHAConfig(207)) - ServiceID for StorageContainerManager is null
2024-01-11 04:03:03,664 [Mini-Cluster-Provider-Create] WARN  ha.SCMHANodeDetails (SCMHANodeDetails.java:validateSCMHAConfig(180)) - Default/Configured value of config ozone.scm.ratis.enable conflicts with the expected value. Default/Configured: true. Expected: false. Falling back to the expected value. Current State of SCM: SCM is running without Ratis. Ratis SCM -> Non Ratis SCM is not supported.
2024-01-11 04:03:03,664 [Mini-Cluster-Provider-Create] INFO  ha.SCMHANodeDetails (SCMHANodeDetails.java:loadSCMHAConfig(212)) - ozone.scm.default.service.id is not defined, falling back to ozone.scm.service.ids to find serviceID for StorageContainerManager if it is HA enabled cluster
2024-01-11 04:03:04,202 [Mini-Cluster-Provider-Create] WARN  utils.HAUtils (HAUtils.java:getMetaDir(339)) - ozone.scm.db.dirs is not configured. We recommend adding this setting. Falling back to ozone.metadata.dirs instead.
2024-01-11 04:03:04,305 [Mini-Cluster-Provider-Create] WARN  db.DBStoreBuilder (DBStoreBuilder.java:applyDBDefinition(167)) - ozone.scm.db.dirs is not configured. We recommend adding this setting. Falling back to ozone.metadata.dirs instead.
2024-01-11 04:03:04,310 [Mini-Cluster-Provider-Create] INFO  utils.LeakDetector (LeakDetector.java:start(73)) - Starting leak detector thread ManagedRocksObject0.
2024-01-11 04:03:04,487 [Mini-Cluster-Provider-Create] INFO  net.NodeSchemaLoader (NodeSchemaLoader.java:loadSchemaFromFile(129)) - Loading schema from [jar:file:/home/runner/.m2/repository/org/apache/ozone/hdds-common/1.5.0-SNAPSHOT/hdds-common-1.5.0-SNAPSHOT.jar!/network-topology-default.xml]
2024-01-11 04:03:04,488 [Mini-Cluster-Provider-Create] INFO  net.NodeSchemaLoader (NodeSchemaLoader.java:loadSchema(176)) - Loading network topology layer schema file
2024-01-11 04:03:04,523 [Mini-Cluster-Provider-Create] INFO  metrics.MetricRegistries (MetricRegistriesLoader.java:load(64)) - Loaded MetricRegistries class org.apache.ratis.metrics.dropwizard3.Dm3MetricRegistriesImpl
2024-01-11 04:03:04,535 [Mini-Cluster-Provider-Create] INFO  upgrade.AbstractLayoutVersionManager (AbstractLayoutVersionManager.java:init(83)) - Initializing Layout version manager with metadata layout = HADOOP_PRC_PORTS_IN_DATANODEDETAILS (version = 7), software layout = HADOOP_PRC_PORTS_IN_DATANODEDETAILS (version = 7)
2024-01-11 04:03:04,675 [Mini-Cluster-Provider-Create] INFO  ha.SequenceIdGenerator (SequenceIdGenerator.java:upgradeToSequenceId(370)) - upgrade localId to 113750153625600000
2024-01-11 04:03:04,676 [Mini-Cluster-Provider-Create] INFO  ha.SequenceIdGenerator (SequenceIdGenerator.java:upgradeToSequenceId(380)) - upgrade delTxnId to 0
2024-01-11 04:03:04,681 [Mini-Cluster-Provider-Create] INFO  ha.SequenceIdGenerator (SequenceIdGenerator.java:upgradeToSequenceId(397)) - upgrade containerId to 0
2024-01-11 04:03:04,684 [Mini-Cluster-Provider-Create] INFO  ha.SequenceIdGenerator (SequenceIdGenerator.java:upgradeToCertificateSequenceId(444)) - upgrade CertificateId to 2
2024-01-11 04:03:04,685 [Mini-Cluster-Provider-Create] INFO  ha.SequenceIdGenerator (SequenceIdGenerator.java:<init>(241)) - Init the HA SequenceIdGenerator.
2024-01-11 04:03:04,725 [Mini-Cluster-Provider-Create] WARN  server.ServerUtils (ServerUtils.java:sanitizeUserArgs(80)) - ozone.scm.stale.node.interval value = 300000 is larger than max = 100000 based on the key value of ozone.scm.heartbeat.thread.interval, reset to the max value 100000.
2024-01-11 04:03:04,726 [Mini-Cluster-Provider-Create] WARN  server.ServerUtils (ServerUtils.java:sanitizeUserArgs(80)) - ozone.scm.stale.node.interval value = 300000 is larger than max = 100000 based on the key value of ozone.scm.heartbeat.thread.interval, reset to the max value 100000.
2024-01-11 04:03:04,732 [Mini-Cluster-Provider-Create] INFO  node.SCMNodeManager (SCMNodeManager.java:<init>(173)) - Entering startup safe mode.
2024-01-11 04:03:04,743 [Mini-Cluster-Provider-Create] INFO  algorithms.ContainerPlacementPolicyFactory (ContainerPlacementPolicyFactory.java:getPolicyInternal(86)) - Create container placement policy of type org.apache.hadoop.hdds.scm.container.placement.algorithms.SCMContainerPlacementRackAware
2024-01-11 04:03:04,746 [Mini-Cluster-Provider-Create] INFO  algorithms.ContainerPlacementPolicyFactory (ContainerPlacementPolicyFactory.java:getPolicyInternal(86)) - Create container placement policy of type org.apache.hadoop.hdds.scm.container.placement.algorithms.SCMContainerPlacementRackScatter
2024-01-11 04:03:04,752 [Mini-Cluster-Provider-Create] INFO  pipeline.PipelineStateManagerImpl (PipelineStateManagerImpl.java:initialize(78)) - No pipeline exists in current db
2024-01-11 04:03:04,762 [Mini-Cluster-Provider-Create] INFO  algorithms.LeaderChoosePolicyFactory (LeaderChoosePolicyFactory.java:getPolicy(57)) - Create leader choose policy of type org.apache.hadoop.hdds.scm.pipeline.leader.choose.algorithms.MinLeaderCountChoosePolicy
2024-01-11 04:03:04,763 [Mini-Cluster-Provider-Create] INFO  algorithms.ContainerPlacementPolicyFactory (ContainerPlacementPolicyFactory.java:getPolicyInternal(86)) - Create container placement policy of type org.apache.hadoop.hdds.scm.container.placement.algorithms.SCMContainerPlacementRackScatter
2024-01-11 04:03:04,768 [Mini-Cluster-Provider-Create] INFO  ha.SCMServiceManager (SCMServiceManager.java:register(42)) - Registering service BackgroundPipelineCreator.
2024-01-11 04:03:04,768 [Mini-Cluster-Provider-Create] INFO  pipeline.BackgroundPipelineCreator (BackgroundPipelineCreator.java:start(127)) - Starting RatisPipelineUtilsThread.
2024-01-11 04:03:04,770 [Mini-Cluster-Provider-Create] INFO  BackgroundPipelineScrubber (BackgroundSCMService.java:start(68)) - Starting BackgroundPipelineScrubber Service.
2024-01-11 04:03:04,772 [Mini-Cluster-Provider-Create] INFO  ha.SCMServiceManager (SCMServiceManager.java:register(42)) - Registering service BackgroundPipelineScrubber.
2024-01-11 04:03:04,777 [Mini-Cluster-Provider-Create] INFO  ExpiredContainerReplicaOpScrubber (BackgroundSCMService.java:start(68)) - Starting ExpiredContainerReplicaOpScrubber Service.
2024-01-11 04:03:04,778 [Mini-Cluster-Provider-Create] INFO  ha.SCMServiceManager (SCMServiceManager.java:register(42)) - Registering service ExpiredContainerReplicaOpScrubber.
2024-01-11 04:03:04,796 [Mini-Cluster-Provider-Create] INFO  algorithms.PipelineChoosePolicyFactory (PipelineChoosePolicyFactory.java:createPipelineChoosePolicyFromClass(78)) - Create pipeline choose policy of type org.apache.hadoop.hdds.scm.pipeline.choose.algorithms.RandomPipelineChoosePolicy
2024-01-11 04:03:04,796 [Mini-Cluster-Provider-Create] INFO  algorithms.PipelineChoosePolicyFactory (PipelineChoosePolicyFactory.java:createPipelineChoosePolicyFromClass(78)) - Create pipeline choose policy of type org.apache.hadoop.hdds.scm.pipeline.choose.algorithms.RandomPipelineChoosePolicy
2024-01-11 04:03:04,820 [Mini-Cluster-Provider-Create] INFO  ha.SCMServiceManager (SCMServiceManager.java:register(42)) - Registering service SCMBlockDeletingService.
2024-01-11 04:03:04,869 [Mini-Cluster-Provider-Create] INFO  replication.ReplicationManager (ReplicationManager.java:start(294)) - Starting Replication Monitor Thread.
2024-01-11 04:03:04,870 [ReplicationMonitor] INFO  replication.ReplicationManager (ReplicationManager.java:processAll(369)) - Replication Manager is not ready to run until 3000ms after safemode exit
2024-01-11 04:03:04,870 [Mini-Cluster-Provider-Create] INFO  ha.SCMServiceManager (SCMServiceManager.java:register(42)) - Registering service ReplicationManager.
2024-01-11 04:03:04,879 [Mini-Cluster-Provider-Create] INFO  safemode.ContainerSafeModeRule (ContainerSafeModeRule.java:<init>(91)) - containers with one replica threshold count 0
2024-01-11 04:03:04,882 [Mini-Cluster-Provider-Create] INFO  safemode.HealthyPipelineSafeModeRule (HealthyPipelineSafeModeRule.java:initializeRule(176)) - Total pipeline count is 0, healthy pipeline threshold count is 1
2024-01-11 04:03:04,884 [Mini-Cluster-Provider-Create] INFO  safemode.OneReplicaPipelineSafeModeRule (OneReplicaPipelineSafeModeRule.java:initializeRule(193)) - Total pipeline count is 0, pipeline's with at least one datanode reported threshold count is 0
2024-01-11 04:03:04,919 [Mini-Cluster-Provider-Create] INFO  server.StorageContainerManager (StorageContainerManager.java:<init>(440)) - SCM start with adminUsers: [runner]
2024-01-11 04:03:05,160 [Mini-Cluster-Provider-Create] INFO  audit.AuditLogger (AuditLogger.java:refreshDebugCmdSet(130)) - Refresh DebugCmdSet for SCMAudit to [].
2024-01-11 04:03:05,182 [Mini-Cluster-Provider-Create] INFO  ipc.CallQueueManager (CallQueueManager.java:<init>(90)) - Using callQueue: class java.util.concurrent.LinkedBlockingQueue, queueCapacity: 2000, scheduler: class org.apache.hadoop.ipc.DefaultRpcScheduler, ipcBackoff: false.
2024-01-11 04:03:05,206 [Mini-Cluster-Provider-Create] INFO  ipc.Server (Server.java:<init>(1287)) - Listener at 0.0.0.0:15002
2024-01-11 04:03:05,208 [Socket Reader #1 for port 15002] INFO  ipc.Server (Server.java:run(1323)) - Starting Socket Reader #1 for port 15002
2024-01-11 04:03:05,252 [Mini-Cluster-Provider-Create] INFO  audit.AuditLogger (AuditLogger.java:refreshDebugCmdSet(130)) - Refresh DebugCmdSet for SCMAudit to [].
2024-01-11 04:03:05,256 [Mini-Cluster-Provider-Create] INFO  ipc.CallQueueManager (CallQueueManager.java:<init>(90)) - Using callQueue: class java.util.concurrent.LinkedBlockingQueue, queueCapacity: 2000, scheduler: class org.apache.hadoop.ipc.DefaultRpcScheduler, ipcBackoff: false.
2024-01-11 04:03:05,257 [Mini-Cluster-Provider-Create] INFO  ipc.Server (Server.java:<init>(1287)) - Listener at 0.0.0.0:15001
2024-01-11 04:03:05,260 [Socket Reader #1 for port 15001] INFO  ipc.Server (Server.java:run(1323)) - Starting Socket Reader #1 for port 15001
2024-01-11 04:03:05,286 [Mini-Cluster-Provider-Create] INFO  audit.AuditLogger (AuditLogger.java:refreshDebugCmdSet(130)) - Refresh DebugCmdSet for SCMAudit to [].
2024-01-11 04:03:05,294 [Mini-Cluster-Provider-Create] INFO  ipc.CallQueueManager (CallQueueManager.java:<init>(90)) - Using callQueue: class java.util.concurrent.LinkedBlockingQueue, queueCapacity: 2000, scheduler: class org.apache.hadoop.ipc.DefaultRpcScheduler, ipcBackoff: false.
2024-01-11 04:03:05,294 [Mini-Cluster-Provider-Create] INFO  ipc.Server (Server.java:<init>(1287)) - Listener at 0.0.0.0:15000
2024-01-11 04:03:05,295 [Socket Reader #1 for port 15000] INFO  ipc.Server (Server.java:run(1323)) - Starting Socket Reader #1 for port 15000
2024-01-11 04:03:05,336 [Mini-Cluster-Provider-Create] INFO  ha.SCMServiceManager (SCMServiceManager.java:register(42)) - Registering service ContainerBalancer.
2024-01-11 04:03:05,338 [Mini-Cluster-Provider-Create] INFO  server.StorageContainerManager (StorageContainerManager.java:<init>(453)) - 
Container Balancer status:
Key                            Value
Running                        false
Container Balancer Configuration values:
Key                                                Value
Threshold                                          10
Max Datanodes to Involve per Iteration(percent)    20
Max Size to Move per Iteration                     500GB
Max Size Entering Target per Iteration             26GB
Max Size Leaving Source per Iteration              26GB
Number of Iterations                               10
Time Limit for Single Container's Movement         65min
Time Limit for Single Container's Replication      50min
Interval between each Iteration                    70min
Whether to Enable Network Topology                 false
Whether to Trigger Refresh Datanode Usage Info     false
Container IDs to Exclude from Balancing            None
Datanodes Specified to be Balanced                 None
Datanodes Excluded from Balancing                  None

2024-01-11 04:03:05,339 [Mini-Cluster-Provider-Create] INFO  ha.SCMContext (SCMContext.java:updateSafeModeStatus(230)) - Update SafeModeStatus from SafeModeStatus{safeModeStatus=true, preCheckPassed=false} to SafeModeStatus{safeModeStatus=true, preCheckPassed=false}.
2024-01-11 04:03:05,343 [Mini-Cluster-Provider-Create] INFO  server.StorageContainerManager (StorageContainerManager.java:start(1546)) - StorageContainerLocationProtocol RPC server is listening at /0.0.0.0:15000
2024-01-11 04:03:05,391 [Mini-Cluster-Provider-Create] WARN  impl.MetricsConfig (MetricsConfig.java:loadFirst(136)) - Cannot locate configuration: tried hadoop-metrics2-storagecontainermanager.properties,hadoop-metrics2.properties
2024-01-11 04:03:05,401 [Mini-Cluster-Provider-Create] INFO  impl.MetricsSystemImpl (MetricsSystemImpl.java:startTimer(378)) - Scheduled Metric snapshot period at 10 second(s).
2024-01-11 04:03:05,401 [Mini-Cluster-Provider-Create] INFO  impl.MetricsSystemImpl (MetricsSystemImpl.java:start(191)) - StorageContainerManager metrics system started
2024-01-11 04:03:05,588 [Mini-Cluster-Provider-Create] INFO  server.SCMClientProtocolServer (SCMClientProtocolServer.java:start(201)) - RPC server for Client  is listening at /0.0.0.0:15000
2024-01-11 04:03:05,589 [IPC Server Responder] INFO  ipc.Server (Server.java:run(1562)) - IPC Server Responder: starting
2024-01-11 04:03:05,590 [IPC Server listener on 15000] INFO  ipc.Server (Server.java:run(1402)) - IPC Server listener on 15000: starting
2024-01-11 04:03:05,595 [Mini-Cluster-Provider-Create] INFO  server.StorageContainerManager (StorageContainerManager.java:start(1559)) - ScmBlockLocationProtocol RPC server is listening at /0.0.0.0:15001
2024-01-11 04:03:05,596 [Mini-Cluster-Provider-Create] INFO  server.SCMBlockProtocolServer (SCMBlockProtocolServer.java:start(159)) - RPC server for Block Protocol is listening at /0.0.0.0:15001
2024-01-11 04:03:05,596 [IPC Server Responder] INFO  ipc.Server (Server.java:run(1562)) - IPC Server Responder: starting
2024-01-11 04:03:05,596 [IPC Server listener on 15001] INFO  ipc.Server (Server.java:run(1402)) - IPC Server listener on 15001: starting
2024-01-11 04:03:05,606 [Mini-Cluster-Provider-Create] INFO  server.SCMDatanodeProtocolServer (SCMDatanodeProtocolServer.java:start(193)) - ScmDatanodeProtocol RPC server for DataNodes is listening at /0.0.0.0:15002
2024-01-11 04:03:05,607 [IPC Server listener on 15002] INFO  ipc.Server (Server.java:run(1402)) - IPC Server listener on 15002: starting
2024-01-11 04:03:05,607 [IPC Server Responder] INFO  ipc.Server (Server.java:run(1562)) - IPC Server Responder: starting
2024-01-11 04:03:05,616 [JvmPauseMonitor0] INFO  util.JvmPauseMonitor (JvmPauseMonitor.java:run(146)) - JvmPauseMonitor-43bf1331-a289-4555-8d5d-84eb4b3c44c0: Started
2024-01-11 04:03:05,623 [Mini-Cluster-Provider-Create] INFO  http.BaseHttpServer (BaseHttpServer.java:newHttpServer2BuilderForOzone(223)) - Starting Web-server for scm at: http://0.0.0.0:15003
2024-01-11 04:03:05,623 [Mini-Cluster-Provider-Create] INFO  http.BaseHttpServer (BaseHttpServer.java:<init>(110)) - Hadoop Security Enabled: false Ozone Security Enabled: false Ozone HTTP Security Enabled: false 
2024-01-11 04:03:05,640 [Mini-Cluster-Provider-Create] INFO  util.log (Log.java:initialized(170)) - Logging initialized @3493ms to org.eclipse.jetty.util.log.Slf4jLog
2024-01-11 04:03:05,709 [Mini-Cluster-Provider-Create] WARN  server.AuthenticationFilter (AuthenticationFilter.java:constructSecretProvider(240)) - Unable to initialize FileSignerSecretProvider, falling back to use random secrets. Reason: Could not read signature secret file: /home/runner/hadoop-http-auth-signature-secret
2024-01-11 04:03:05,713 [Mini-Cluster-Provider-Create] INFO  http.HttpRequestLog (HttpRequestLog.java:getRequestLog(86)) - Http request log for http.requests.scm is not defined
2024-01-11 04:03:05,718 [Mini-Cluster-Provider-Create] INFO  http.HttpServer2 (HttpServer2.java:addGlobalFilter(1036)) - Added global filter 'safety' (class=org.apache.hadoop.hdds.server.http.HttpServer2$QuotingInputFilter)
2024-01-11 04:03:05,720 [Mini-Cluster-Provider-Create] INFO  http.HttpServer2 (HttpServer2.java:addFilter(1012)) - Added filter static_user_filter (class=org.apache.hadoop.http.lib.StaticUserWebFilter$StaticUserFilter) to context scm
2024-01-11 04:03:05,720 [Mini-Cluster-Provider-Create] INFO  http.HttpServer2 (HttpServer2.java:addFilter(1020)) - Added filter static_user_filter (class=org.apache.hadoop.http.lib.StaticUserWebFilter$StaticUserFilter) to context static
2024-01-11 04:03:05,720 [Mini-Cluster-Provider-Create] INFO  http.HttpServer2 (HttpServer2.java:addFilter(1020)) - Added filter static_user_filter (class=org.apache.hadoop.http.lib.StaticUserWebFilter$StaticUserFilter) to context logs
2024-01-11 04:03:05,746 [Mini-Cluster-Provider-Create] INFO  http.BaseHttpServer (BaseHttpServer.java:<init>(189)) - HTTP server of scm uses base directory /home/runner/work/ozone/ozone/hadoop-ozone/integration-test/target/test-dir/MiniOzoneClusterImpl-bfa76206-2968-4191-bda1-2218be479879/ozone-meta/webserver
2024-01-11 04:03:05,746 [Mini-Cluster-Provider-Create] INFO  http.HttpServer2 (HttpServer2.java:bindListener(1236)) - Jetty bound to port 15003
2024-01-11 04:03:05,747 [Mini-Cluster-Provider-Create] INFO  server.Server (Server.java:doStart(375)) - jetty-9.4.53.v20231009; built: 2023-10-09T12:29:09.265Z; git: 27bde00a0b95a1d5bbee0eae7984f891d2d0f8c9; jvm 1.8.0_392-b08
2024-01-11 04:03:05,773 [Mini-Cluster-Provider-Create] INFO  server.session (DefaultSessionIdManager.java:doStart(334)) - DefaultSessionIdManager workerName=node0
2024-01-11 04:03:05,773 [Mini-Cluster-Provider-Create] INFO  server.session (DefaultSessionIdManager.java:doStart(339)) - No SessionScavenger set, using defaults
2024-01-11 04:03:05,774 [Mini-Cluster-Provider-Create] INFO  server.session (HouseKeeper.java:startScavenging(132)) - node0 Scavenging every 660000ms
2024-01-11 04:03:05,783 [Mini-Cluster-Provider-Create] INFO  handler.ContextHandler (ContextHandler.java:doStart(921)) - Started o.e.j.s.ServletContextHandler@45215f16{logs,/logs,file:///home/runner/work/ozone/ozone/hadoop-ozone/integration-test/target/log,AVAILABLE}
2024-01-11 04:03:05,783 [Mini-Cluster-Provider-Create] INFO  handler.ContextHandler (ContextHandler.java:doStart(921)) - Started o.e.j.s.ServletContextHandler@7355e791{static,/static,file:///home/runner/work/ozone/ozone/hadoop-ozone/integration-test/target/test-classes/webapps/static,AVAILABLE}
2024-01-11 04:03:05,814 [Mini-Cluster-Provider-Create] INFO  handler.ContextHandler (ContextHandler.java:doStart(921)) - Started o.e.j.w.WebAppContext@522a2944{scm,/,file:///home/runner/work/ozone/ozone/hadoop-ozone/integration-test/target/test-classes/webapps/scm/,AVAILABLE}{file:/home/runner/work/ozone/ozone/hadoop-ozone/integration-test/target/test-classes/webapps/scm}
2024-01-11 04:03:05,820 [Mini-Cluster-Provider-Create] INFO  server.AbstractConnector (AbstractConnector.java:doStart(333)) - Started ServerConnector@65686d44{HTTP/1.1, (http/1.1)}{0.0.0.0:15003}
2024-01-11 04:03:05,820 [Mini-Cluster-Provider-Create] INFO  server.Server (Server.java:doStart(415)) - Started @3673ms
2024-01-11 04:03:05,822 [Mini-Cluster-Provider-Create] INFO  impl.MetricsSinkAdapter (MetricsSinkAdapter.java:start(204)) - Sink prometheus started
2024-01-11 04:03:05,823 [Mini-Cluster-Provider-Create] INFO  impl.MetricsSystemImpl (MetricsSystemImpl.java:registerSink(305)) - Registered sink prometheus
2024-01-11 04:03:05,824 [Mini-Cluster-Provider-Create] INFO  http.BaseHttpServer (BaseHttpServer.java:updateConnectorAddress(354)) - HTTP server of scm listening at http://0.0.0.0:15003
2024-01-11 04:03:05,827 [Mini-Cluster-Provider-Create] WARN  server.ServerUtils (ServerUtils.java:getDBPath(311)) - ozone.om.db.dirs is not configured. We recommend adding this setting. Falling back to ozone.metadata.dirs instead.
2024-01-11 04:03:05,877 [Mini-Cluster-Provider-Create] INFO  audit.AuditLogger (AuditLogger.java:refreshDebugCmdSet(130)) - Refresh DebugCmdSet for OMAudit to [].
2024-01-11 04:03:05,939 [Mini-Cluster-Provider-Create] INFO  ha.OMHANodeDetails (OMHANodeDetails.java:loadOMHAConfig(115)) - ozone.om.internal.service.id is not defined, falling back to ozone.om.service.ids to find serviceID for OzoneManager if it is HA enabled cluster
2024-01-11 04:03:05,942 [Mini-Cluster-Provider-Create] INFO  ha.OMHANodeDetails (OMHANodeDetails.java:loadOMHAConfig(226)) - Configuration does not have ozone.om.address set. Falling back to the default OM address /127.0.0.1:15004
2024-01-11 04:03:05,942 [Mini-Cluster-Provider-Create] INFO  ha.OMHANodeDetails (OMHANodeDetails.java:getOMNodeDetailsForNonHA(254)) - OM Service ID is not set. Setting it to the default ID: omServiceIdDefault
2024-01-11 04:03:05,942 [Mini-Cluster-Provider-Create] INFO  ha.OMHANodeDetails (OMHANodeDetails.java:getOMNodeDetailsForNonHA(261)) - OM Node ID is not set. Setting it to the default ID: om1
2024-01-11 04:03:05,946 [Mini-Cluster-Provider-Create] WARN  server.ServerUtils (ServerUtils.java:getDBPath(311)) - ozone.om.db.dirs is not configured. We recommend adding this setting. Falling back to ozone.metadata.dirs instead.
2024-01-11 04:03:05,949 [Mini-Cluster-Provider-Create] INFO  upgrade.AbstractLayoutVersionManager (AbstractLayoutVersionManager.java:init(83)) - Initializing Layout version manager with metadata layout = QUOTA (version = 6), software layout = QUOTA (version = 6)
2024-01-11 04:03:06,021 [Mini-Cluster-Provider-Create] INFO  upgrade.OMLayoutVersionManager (OMLayoutVersionManager.java:lambda$0(113)) - Skipping Upgrade Action QuotaRepairUpgradeAction since it has been finalized.
2024-01-11 04:03:06,022 [Mini-Cluster-Provider-Create] INFO  upgrade.OMLayoutVersionManager (OMLayoutVersionManager.java:lambda$0(113)) - Skipping Upgrade Action MockOmUpgradeAction since it has been finalized.
2024-01-11 04:03:06,024 [Mini-Cluster-Provider-Create] WARN  server.ServerUtils (ServerUtils.java:getDBPath(311)) - ozone.om.db.dirs is not configured. We recommend adding this setting. Falling back to ozone.metadata.dirs instead.
2024-01-11 04:03:06,146 [Mini-Cluster-Provider-Create] INFO  proxy.SCMBlockLocationFailoverProxyProvider (SCMBlockLocationFailoverProxyProvider.java:<init>(115)) - Created block location fail-over proxy with 1 nodes: [nodeId=scmNodeId,nodeAddress=/0.0.0.0:15001]
2024-01-11 04:03:06,171 [Mini-Cluster-Provider-Create] INFO  proxy.SCMBlockLocationFailoverProxyProvider (SCMBlockLocationFailoverProxyProvider.java:<init>(115)) - Created block location fail-over proxy with 1 nodes: [nodeId=scmNodeId,nodeAddress=/0.0.0.0:15001]
2024-01-11 04:03:06,319 [Mini-Cluster-Provider-Create] INFO  om.OzoneManager (OzoneManager.java:<init>(673)) - OM start with adminUsers: [runner]
2024-01-11 04:03:06,334 [Mini-Cluster-Provider-Create] WARN  server.ServerUtils (ServerUtils.java:getDBPath(311)) - ozone.om.db.dirs is not configured. We recommend adding this setting. Falling back to ozone.metadata.dirs instead.
2024-01-11 04:03:06,354 [Mini-Cluster-Provider-Create] INFO  helpers.OmKeyInfo (OmKeyInfo.java:getCodec(71)) - OmKeyInfo.getCodec ignorePipeline = true
2024-01-11 04:03:06,559 [Mini-Cluster-Provider-Create] INFO  om.OzoneManager (OzoneManager.java:instantiateServices(805)) - S3 Multi-Tenancy is disabled
2024-01-11 04:03:06,582 [Mini-Cluster-Provider-Create] INFO  om.OmSnapshotManager (OmSnapshotManager.java:<init>(176)) - Ozone filesystem snapshot feature is enabled.
2024-01-11 04:03:06,588 [Mini-Cluster-Provider-Create] WARN  server.ServerUtils (ServerUtils.java:getDBPath(311)) - ozone.om.snapshot.diff.db.dir is not configured. We recommend adding this setting. Falling back to ozone.metadata.dirs instead.
2024-01-11 04:03:06,620 [Mini-Cluster-Provider-Create] INFO  utils.NativeLibraryLoader (NativeLibraryLoader.java:loadLibrary(108)) - Loading Library: ozone_rocksdb_tools
2024-01-11 04:03:06,621 [Mini-Cluster-Provider-Create] INFO  snapshot.SnapshotDiffManager (SnapshotDiffManager.java:closeExecutorService(1688)) - Shutting down executorService: 'SstDumpToolExecutor'
2024-01-11 04:03:06,673 [Mini-Cluster-Provider-Create] INFO  om.OzoneManager (OzoneManager.java:addS3GVolumeToDB(4429)) - Created Volume s3v With Owner runner required for S3Gateway operations.
2024-01-11 04:03:06,715 [Mini-Cluster-Provider-Create] WARN  server.ServerUtils (ServerUtils.java:getDefaultRatisDirectory(323)) - Storage directory for Ratis is not configured. It is a good idea to map this to an SSD disk. Falling back to ozone.metadata.dirs
2024-01-11 04:03:06,716 [Mini-Cluster-Provider-Create] WARN  utils.OzoneManagerRatisUtils (OzoneManagerRatisUtils.java:getOMRatisSnapshotDirectory(473)) - ozone.om.ratis.snapshot.dir is not configured. Falling back to ozone.metadata.dirs config
2024-01-11 04:03:06,726 [Mini-Cluster-Provider-Create] WARN  server.ServerUtils (ServerUtils.java:getDefaultRatisDirectory(323)) - Storage directory for Ratis is not configured. It is a good idea to map this to an SSD disk. Falling back to ozone.metadata.dirs
2024-01-11 04:03:06,742 [Mini-Cluster-Provider-Create] INFO  ratis.OzoneManagerRatisServer (OzoneManagerRatisServer.java:<init>(167)) - Instantiating OM Ratis server with groupID: omServiceIdDefault and peers: localhost:15007
2024-01-11 04:03:06,749 [Mini-Cluster-Provider-Create] INFO  ratis.OzoneManagerStateMachine (OzoneManagerStateMachine.java:loadSnapshotInfoFromDB(711)) - TransactionInfo not found in OM DB.
2024-01-11 04:03:06,797 [Mini-Cluster-Provider-Create] INFO  server.RaftServer (ConfUtils.java:logGet(46)) - raft.rpc.type = GRPC (default)
2024-01-11 04:03:06,805 [Mini-Cluster-Provider-Create] INFO  grpc.GrpcConfigKeys (ConfUtils.java:logFallback(53)) - raft.grpc.admin.host = null (fallback to raft.grpc.server.host)
2024-01-11 04:03:06,806 [Mini-Cluster-Provider-Create] INFO  grpc.GrpcConfigKeys (ConfUtils.java:logFallback(53)) - raft.grpc.admin.port = 15007 (fallback to raft.grpc.server.port)
2024-01-11 04:03:06,806 [Mini-Cluster-Provider-Create] INFO  grpc.GrpcConfigKeys (ConfUtils.java:logFallback(53)) - raft.grpc.client.host = null (fallback to raft.grpc.server.host)
2024-01-11 04:03:06,807 [Mini-Cluster-Provider-Create] INFO  grpc.GrpcConfigKeys (ConfUtils.java:logFallback(53)) - raft.grpc.client.port = 15007 (fallback to raft.grpc.server.port)
2024-01-11 04:03:06,807 [Mini-Cluster-Provider-Create] INFO  grpc.GrpcConfigKeys (ConfUtils.java:logGet(46)) - raft.grpc.server.host = null (default)
2024-01-11 04:03:06,807 [Mini-Cluster-Provider-Create] INFO  grpc.GrpcConfigKeys (ConfUtils.java:logGet(46)) - raft.grpc.server.port = 15007 (custom)
2024-01-11 04:03:06,808 [Mini-Cluster-Provider-Create] INFO  server.GrpcService (ConfUtils.java:logGet(46)) - raft.grpc.message.size.max = 4194304 (custom)
2024-01-11 04:03:06,809 [Mini-Cluster-Provider-Create] INFO  server.RaftServerConfigKeys (ConfUtils.java:logGet(46)) - raft.server.log.appender.buffer.byte-limit = 4194304 (custom)
2024-01-11 04:03:06,810 [Mini-Cluster-Provider-Create] INFO  server.GrpcService (ConfUtils.java:logGet(46)) - raft.grpc.flow.control.window = 1MB (=1048576) (default)
2024-01-11 04:03:06,810 [Mini-Cluster-Provider-Create] INFO  server.RaftServerConfigKeys (ConfUtils.java:logGet(46)) - raft.server.rpc.request.timeout = 3000ms (default)
2024-01-11 04:03:06,818 [Mini-Cluster-Provider-Create] INFO  grpc.GrpcConfigKeys (ConfUtils.java:logGet(46)) - raft.grpc.server.heartbeat.channel = true (default)
2024-01-11 04:03:06,821 [Mini-Cluster-Provider-Create] INFO  grpc.GrpcConfigKeys (ConfUtils.java:logGet(46)) - raft.grpc.server.async.request.thread.pool.cached = true (default)
2024-01-11 04:03:06,821 [Mini-Cluster-Provider-Create] INFO  grpc.GrpcConfigKeys (ConfUtils.java:logGet(46)) - raft.grpc.server.async.request.thread.pool.size = 32 (default)
2024-01-11 04:03:07,062 [Mini-Cluster-Provider-Create] INFO  impl.DataStreamServerImpl (ConfUtils.java:logGet(46)) - raft.datastream.type = DISABLED (default)
2024-01-11 04:03:07,063 [Mini-Cluster-Provider-Create] INFO  server.RaftServerConfigKeys (ConfUtils.java:logGet(46)) - raft.server.sleep.deviation.threshold = 300ms (default)
2024-01-11 04:03:07,064 [Mini-Cluster-Provider-Create] INFO  server.RaftServerConfigKeys (ConfUtils.java:logGet(46)) - raft.server.close.threshold = 60s (default)
2024-01-11 04:03:07,064 [Mini-Cluster-Provider-Create] INFO  server.RaftServerConfigKeys (ConfUtils.java:logGet(46)) - raft.server.leaderelection.leader.step-down.wait-time = 10s (default)
2024-01-11 04:03:07,065 [Mini-Cluster-Provider-Create] INFO  server.RaftServerConfigKeys (ConfUtils.java:logGet(46)) - raft.server.storage.dir = [/home/runner/work/ozone/ozone/hadoop-ozone/integration-test/target/test-dir/MiniOzoneClusterImpl-bfa76206-2968-4191-bda1-2218be479879/ozone-meta/ratis] (custom)
2024-01-11 04:03:07,066 [Mini-Cluster-Provider-Create] INFO  server.RaftServerConfigKeys (ConfUtils.java:logGet(46)) - raft.server.threadpool.proxy.cached = true (default)
2024-01-11 04:03:07,066 [Mini-Cluster-Provider-Create] INFO  server.RaftServerConfigKeys (ConfUtils.java:logGet(46)) - raft.server.threadpool.proxy.size = 0 (default)
2024-01-11 04:03:07,071 [Mini-Cluster-Provider-Create] INFO  server.RaftServer (RaftServerProxy.java:addNew(100)) - om1: addNew group-C5BA1605619E:[om1|localhost:15007] returns group-C5BA1605619E:java.util.concurrent.CompletableFuture@64892580[Not completed]
2024-01-11 04:03:07,071 [Mini-Cluster-Provider-Create] INFO  om.OzoneManager (OzoneManager.java:initializeRatisServer(2141)) - OzoneManager Ratis server initialized at port 15007
2024-01-11 04:03:07,074 [Mini-Cluster-Provider-Create] INFO  om.OzoneManager (OzoneManager.java:getRpcServer(1207)) - Creating RPC Server
2024-01-11 04:03:07,081 [om1-groupManagement] INFO  server.RaftServer$Division (RaftServerImpl.java:<init>(256)) - om1: new RaftServerImpl for group-C5BA1605619E:[om1|localhost:15007] with OzoneManagerStateMachine:uninitialized
2024-01-11 04:03:07,082 [om1-groupManagement] INFO  server.RaftServerConfigKeys (ConfUtils.java:logGet(46)) - raft.server.rpc.timeout.min = 1s (custom)
2024-01-11 04:03:07,082 [om1-groupManagement] INFO  server.RaftServerConfigKeys (ConfUtils.java:logGet(46)) - raft.server.rpc.timeout.max = 1200ms (custom)
2024-01-11 04:03:07,083 [om1-groupManagement] INFO  server.RaftServerConfigKeys (ConfUtils.java:logGet(46)) - raft.server.rpc.sleep.time = 25ms (default)
2024-01-11 04:03:07,083 [om1-groupManagement] INFO  server.RaftServerConfigKeys (ConfUtils.java:logGet(46)) - raft.server.rpc.slowness.timeout = 120s (custom)
2024-01-11 04:03:07,083 [om1-groupManagement] INFO  server.RaftServerConfigKeys (ConfUtils.java:logGet(46)) - raft.server.leaderelection.leader.step-down.wait-time = 10s (default)
2024-01-11 04:03:07,083 [om1-groupManagement] INFO  server.RaftServerConfigKeys (ConfUtils.java:logGet(46)) - raft.server.leaderelection.member.majority-add = false (default)
2024-01-11 04:03:07,083 [om1-groupManagement] INFO  server.RaftServerConfigKeys (ConfUtils.java:logGet(46)) - raft.server.sleep.deviation.threshold = 300ms (default)
2024-01-11 04:03:07,089 [om1-groupManagement] INFO  server.RaftServer$Division (ServerState.java:<init>(113)) - om1@group-C5BA1605619E: ConfigurationManager, init=-1: peers:[om1|localhost:15007]|listeners:[], old=null, confs=<EMPTY_MAP>
2024-01-11 04:03:07,094 [om1-groupManagement] INFO  server.RaftServerConfigKeys (ConfUtils.java:logGet(46)) - raft.server.notification.no-leader.timeout = 120s (custom)
2024-01-11 04:03:07,097 [om1-groupManagement] INFO  server.RaftServerConfigKeys (ConfUtils.java:logGet(46)) - raft.server.read.timeout = 10s (default)
2024-01-11 04:03:07,100 [om1-groupManagement] INFO  server.RaftServerConfigKeys (ConfUtils.java:logGet(46)) - raft.server.retrycache.expirytime = 300s (custom)
2024-01-11 04:03:07,100 [om1-groupManagement] INFO  server.RaftServerConfigKeys (ConfUtils.java:logGet(46)) - raft.server.retrycache.statistics.expirytime = 100ms (default)
2024-01-11 04:03:07,104 [om1-groupManagement] INFO  server.RaftServerConfigKeys (ConfUtils.java:logGet(46)) - raft.server.read.option = DEFAULT (default)
2024-01-11 04:03:07,105 [om1-groupManagement] INFO  server.RaftServerConfigKeys (ConfUtils.java:logGet(46)) - raft.server.read.read-after-write-consistent.write-index-cache.expiry-time = 60s (default)
2024-01-11 04:03:07,176 [om1-groupManagement] INFO  server.RaftServerConfigKeys (ConfUtils.java:logGet(46)) - raft.server.rpc.request.timeout = 3000ms (default)
2024-01-11 04:03:07,181 [om1-groupManagement] INFO  server.RaftServerConfigKeys (ConfUtils.java:logGet(46)) - raft.server.log.appender.install.snapshot.enabled = false (custom)
2024-01-11 04:03:07,181 [om1-groupManagement] INFO  server.RaftServerConfigKeys (ConfUtils.java:logGet(46)) - raft.server.threadpool.server.cached = true (default)
2024-01-11 04:03:07,183 [om1-groupManagement] INFO  server.RaftServerConfigKeys (ConfUtils.java:logGet(46)) - raft.server.threadpool.server.size = 0 (default)
2024-01-11 04:03:07,184 [om1-groupManagement] INFO  server.RaftServerConfigKeys (ConfUtils.java:logGet(46)) - raft.server.threadpool.client.cached = true (default)
2024-01-11 04:03:07,186 [om1-groupManagement] INFO  server.RaftServerConfigKeys (ConfUtils.java:logGet(46)) - raft.server.threadpool.client.size = 0 (default)
2024-01-11 04:03:07,610 [Mini-Cluster-Provider-Create] INFO  ipc.CallQueueManager (CallQueueManager.java:<init>(90)) - Using callQueue: class java.util.concurrent.LinkedBlockingQueue, queueCapacity: 2000, scheduler: class org.apache.hadoop.ipc.DefaultRpcScheduler, ipcBackoff: false.
2024-01-11 04:03:07,611 [Mini-Cluster-Provider-Create] INFO  ipc.Server (Server.java:<init>(1287)) - Listener at 127.0.0.1:15004
2024-01-11 04:03:07,611 [Socket Reader #1 for port 15004] INFO  ipc.Server (Server.java:run(1323)) - Starting Socket Reader #1 for port 15004
2024-01-11 04:03:07,635 [Mini-Cluster-Provider-Create] INFO  impl.MetricsSystemImpl (MetricsSystemImpl.java:init(158)) - OzoneManager metrics system started (again)
2024-01-11 04:03:07,645 [Mini-Cluster-Provider-Create] INFO  om.OzoneManager (OzoneManager.java:start(1629)) - OzoneManager RPC server is listening at localhost/127.0.0.1:15004
2024-01-11 04:03:07,645 [Mini-Cluster-Provider-Create] INFO  ratis.OzoneManagerRatisServer (OzoneManagerRatisServer.java:start(588)) - Starting OzoneManagerRatisServer om1 at port 15007
2024-01-11 04:03:07,648 [om1-impl-thread1] INFO  server.RaftServerConfigKeys (ConfUtils.java:logGet(46)) - raft.server.storage.free-space.min = 0MB (=0) (default)
2024-01-11 04:03:07,648 [om1-impl-thread1] INFO  server.RaftServerConfigKeys (ConfUtils.java:logGet(46)) - raft.server.log.corruption.policy = EXCEPTION (default)
2024-01-11 04:03:07,649 [om1-impl-thread1] INFO  server.RaftServerConfigKeys (ConfUtils.java:logGet(46)) - raft.server.storage.dir = [/home/runner/work/ozone/ozone/hadoop-ozone/integration-test/target/test-dir/MiniOzoneClusterImpl-bfa76206-2968-4191-bda1-2218be479879/ozone-meta/ratis] (custom)
2024-01-11 04:03:07,652 [om1-impl-thread1] INFO  storage.RaftStorageDirectory (RaftStorageDirectoryImpl.java:analyzeStorage(138)) - The storage directory /home/runner/work/ozone/ozone/hadoop-ozone/integration-test/target/test-dir/MiniOzoneClusterImpl-bfa76206-2968-4191-bda1-2218be479879/ozone-meta/ratis/bf265839-605b-3f16-9796-c5ba1605619e does not exist. Creating ...
2024-01-11 04:03:07,655 [om1-impl-thread1] INFO  storage.RaftStorageDirectory (RaftStorageDirectoryImpl.java:tryLock(228)) - Lock on /home/runner/work/ozone/ozone/hadoop-ozone/integration-test/target/test-dir/MiniOzoneClusterImpl-bfa76206-2968-4191-bda1-2218be479879/ozone-meta/ratis/bf265839-605b-3f16-9796-c5ba1605619e/in_use.lock acquired by nodename 56095@fv-az1458-636
2024-01-11 04:03:07,660 [om1-impl-thread1] INFO  storage.RaftStorage (RaftStorageImpl.java:format(99)) - Storage directory /home/runner/work/ozone/ozone/hadoop-ozone/integration-test/target/test-dir/MiniOzoneClusterImpl-bfa76206-2968-4191-bda1-2218be479879/ozone-meta/ratis/bf265839-605b-3f16-9796-c5ba1605619e has been successfully formatted.
2024-01-11 04:03:07,661 [om1-impl-thread1] WARN  util.FileUtils (LogUtils.java:supplyAndLog(63)) - Failed to Files.newInputStream /home/runner/work/ozone/ozone/hadoop-ozone/integration-test/target/test-dir/MiniOzoneClusterImpl-bfa76206-2968-4191-bda1-2218be479879/ozone-meta/ratis/bf265839-605b-3f16-9796-c5ba1605619e/current/raft-meta.conf with options []: java.nio.file.NoSuchFileException: /home/runner/work/ozone/ozone/hadoop-ozone/integration-test/target/test-dir/MiniOzoneClusterImpl-bfa76206-2968-4191-bda1-2218be479879/ozone-meta/ratis/bf265839-605b-3f16-9796-c5ba1605619e/current/raft-meta.conf
2024-01-11 04:03:07,663 [om1-impl-thread1] INFO  server.RaftServerConfigKeys (ConfUtils.java:logGet(46)) - raft.server.log.use.memory = false (default)
2024-01-11 04:03:07,669 [om1-impl-thread1] INFO  server.RaftServerConfigKeys (ConfUtils.java:logGet(46)) - raft.server.log.purge.gap = 1000000 (custom)
2024-01-11 04:03:07,669 [om1-impl-thread1] INFO  server.RaftServerConfigKeys (ConfUtils.java:logGet(46)) - raft.server.log.appender.buffer.byte-limit = 4194304 (custom)
2024-01-11 04:03:07,670 [om1-impl-thread1] INFO  server.RaftServerConfigKeys (ConfUtils.java:logGet(46)) - raft.server.log.statemachine.data.read.timeout = 1000ms (default)
2024-01-11 04:03:07,671 [om1-impl-thread1] INFO  server.RaftServerConfigKeys (ConfUtils.java:logGet(46)) - raft.server.log.purge.preservation.log.num = 0 (default)
2024-01-11 04:03:07,674 [om1-impl-thread1] INFO  server.RaftServerConfigKeys (ConfUtils.java:logGet(46)) - raft.server.log.segment.size.max = 4194304 (custom)
2024-01-11 04:03:07,678 [om1-impl-thread1] INFO  server.RaftServerConfigKeys (ConfUtils.java:logGet(46)) - raft.server.log.segment.cache.num.max = 2 (custom)
2024-01-11 04:03:07,679 [om1-impl-thread1] INFO  server.RaftServerConfigKeys (ConfUtils.java:logGet(46)) - raft.server.log.segment.cache.size.max = 200MB (=209715200) (default)
2024-01-11 04:03:07,679 [om1-impl-thread1] INFO  server.RaftServerConfigKeys (ConfUtils.java:logGet(46)) - raft.server.log.appender.buffer.byte-limit = 4194304 (custom)
2024-01-11 04:03:07,680 [om1-impl-thread1] INFO  util.AwaitToRun (AwaitToRun.java:start(81)) - Thread[om1@group-C5BA1605619E-cacheEviction-AwaitToRun,5,main] started
2024-01-11 04:03:07,683 [om1-impl-thread1] INFO  segmented.SegmentedRaftLogWorker (SegmentedRaftLogWorker.java:<init>(182)) - new om1@group-C5BA1605619E-SegmentedRaftLogWorker for RaftStorageImpl:Storage Directory /home/runner/work/ozone/ozone/hadoop-ozone/integration-test/target/test-dir/MiniOzoneClusterImpl-bfa76206-2968-4191-bda1-2218be479879/ozone-meta/ratis/bf265839-605b-3f16-9796-c5ba1605619e
2024-01-11 04:03:07,683 [om1-impl-thread1] INFO  server.RaftServerConfigKeys (ConfUtils.java:logGet(46)) - raft.server.log.queue.byte-limit = 64MB (=67108864) (default)
2024-01-11 04:03:07,684 [om1-impl-thread1] INFO  server.RaftServerConfigKeys (ConfUtils.java:logGet(46)) - raft.server.log.queue.element-limit = 4096 (default)
2024-01-11 04:03:07,685 [om1-impl-thread1] INFO  server.RaftServerConfigKeys (ConfUtils.java:logGet(46)) - raft.server.log.segment.size.max = 4194304 (custom)
2024-01-11 04:03:07,685 [om1-impl-thread1] INFO  server.RaftServerConfigKeys (ConfUtils.java:logGet(46)) - raft.server.log.preallocated.size = 4194304 (custom)
2024-01-11 04:03:07,685 [om1-impl-thread1] INFO  server.RaftServerConfigKeys (ConfUtils.java:logGet(46)) - raft.server.log.force.sync.num = 128 (default)
2024-01-11 04:03:07,686 [om1-impl-thread1] INFO  server.RaftServerConfigKeys (ConfUtils.java:logGet(46)) - raft.server.log.statemachine.data.sync = true (default)
2024-01-11 04:03:07,686 [om1-impl-thread1] INFO  server.RaftServerConfigKeys (ConfUtils.java:logGet(46)) - raft.server.log.statemachine.data.sync.timeout = 10s (default)
2024-01-11 04:03:07,687 [om1-impl-thread1] INFO  server.RaftServerConfigKeys (ConfUtils.java:logGet(46)) - raft.server.log.statemachine.data.sync.timeout.retry = -1 (default)
2024-01-11 04:03:07,689 [om1-impl-thread1] INFO  server.RaftServerConfigKeys (ConfUtils.java:logGet(46)) - raft.server.log.write.buffer.size = 4194312 (custom)
2024-01-11 04:03:07,690 [om1-impl-thread1] INFO  server.RaftServerConfigKeys (ConfUtils.java:logGet(46)) - raft.server.log.appender.buffer.byte-limit = 4194304 (custom)
2024-01-11 04:03:07,690 [om1-impl-thread1] INFO  server.RaftServerConfigKeys (ConfUtils.java:logGet(46)) - raft.server.log.unsafe-flush.enabled = false (default)
2024-01-11 04:03:07,691 [om1-impl-thread1] INFO  server.RaftServerConfigKeys (ConfUtils.java:logGet(46)) - raft.server.log.async-flush.enabled = false (default)
2024-01-11 04:03:07,691 [om1-impl-thread1] INFO  server.RaftServerConfigKeys (ConfUtils.java:logGet(46)) - raft.server.log.statemachine.data.caching.enabled = false (default)
2024-01-11 04:03:07,695 [om1-impl-thread1] INFO  segmented.SegmentedRaftLogWorker (SegmentedRaftLogWorker.java:lambda$new$0(134)) - om1@group-C5BA1605619E-SegmentedRaftLogWorker: flushIndex: setUnconditionally 0 -> -1
2024-01-11 04:03:07,695 [om1-impl-thread1] INFO  segmented.SegmentedRaftLogWorker (SegmentedRaftLogWorker.java:lambda$new$0(134)) - om1@group-C5BA1605619E-SegmentedRaftLogWorker: safeCacheEvictIndex: setUnconditionally 0 -> -1
2024-01-11 04:03:07,696 [om1-impl-thread1] INFO  server.RaftServer$Division (RaftServerImpl.java:start(396)) - om1@group-C5BA1605619E: start as a follower, conf=-1: peers:[om1|localhost:15007]|listeners:[], old=null
2024-01-11 04:03:07,697 [om1-impl-thread1] INFO  server.RaftServer$Division (RaftServerImpl.java:setRole(383)) - om1@group-C5BA1605619E: changes role from      null to FOLLOWER at term 0 for startAsFollower
2024-01-11 04:03:07,698 [om1-impl-thread1] INFO  impl.RoleInfo (RoleInfo.java:updateAndGet(139)) - om1: start om1@group-C5BA1605619E-FollowerState
2024-01-11 04:03:07,699 [om1-impl-thread1] INFO  util.JmxRegister (JmxRegister.java:tryRegister(44)) - Successfully registered JMX Bean with object name Ratis:service=RaftServer,group=group-C5BA1605619E,id=om1
2024-01-11 04:03:07,700 [om1@group-C5BA1605619E-FollowerState] INFO  server.RaftServerConfigKeys (ConfUtils.java:logFallback(53)) - raft.server.rpc.first-election.timeout.min = 1s (fallback to raft.server.rpc.timeout.min)
2024-01-11 04:03:07,701 [om1-impl-thread1] INFO  server.RaftServerConfigKeys (ConfUtils.java:logGet(46)) - raft.server.snapshot.trigger-when-stop.enabled = true (default)
2024-01-11 04:03:07,702 [om1-impl-thread1] INFO  server.RaftServerConfigKeys (ConfUtils.java:logGet(46)) - raft.server.snapshot.auto.trigger.enabled = true (custom)
2024-01-11 04:03:07,701 [om1@group-C5BA1605619E-FollowerState] INFO  server.RaftServerConfigKeys (ConfUtils.java:logFallback(53)) - raft.server.rpc.first-election.timeout.max = 1200ms (fallback to raft.server.rpc.timeout.max)
2024-01-11 04:03:07,702 [om1-impl-thread1] INFO  server.RaftServerConfigKeys (ConfUtils.java:logGet(46)) - raft.server.snapshot.auto.trigger.threshold = 400000 (default)
2024-01-11 04:03:07,702 [om1-impl-thread1] INFO  server.RaftServerConfigKeys (ConfUtils.java:logGet(46)) - raft.server.snapshot.retention.file.num = -1 (default)
2024-01-11 04:03:07,703 [om1-impl-thread1] INFO  server.RaftServerConfigKeys (ConfUtils.java:logGet(46)) - raft.server.log.purge.upto.snapshot.index = true (custom)
2024-01-11 04:03:07,706 [Mini-Cluster-Provider-Create] INFO  server.RaftServer (RaftServerProxy.java:startImpl(406)) - om1: start RPC server
2024-01-11 04:03:07,739 [Mini-Cluster-Provider-Create] INFO  server.GrpcService (GrpcService.java:startImpl(302)) - om1: GrpcService started, listening on 15007
2024-01-11 04:03:07,739 [JvmPauseMonitor1] INFO  util.JvmPauseMonitor (JvmPauseMonitor.java:run(146)) - JvmPauseMonitor-om1: Started
2024-01-11 04:03:07,740 [Mini-Cluster-Provider-Create] INFO  om.OzoneManager (OzoneManager.java:start(1645)) - Version File has different layout version (6) than OM DB (null). That is expected if this OM has never been finalized to a newer layout version.
2024-01-11 04:03:07,760 [Mini-Cluster-Provider-Create] INFO  http.BaseHttpServer (BaseHttpServer.java:newHttpServer2BuilderForOzone(223)) - Starting Web-server for ozoneManager at: http://0.0.0.0:15005
2024-01-11 04:03:07,760 [Mini-Cluster-Provider-Create] INFO  http.BaseHttpServer (BaseHttpServer.java:<init>(110)) - Hadoop Security Enabled: false Ozone Security Enabled: false Ozone HTTP Security Enabled: false 
2024-01-11 04:03:07,761 [Mini-Cluster-Provider-Create] WARN  server.AuthenticationFilter (AuthenticationFilter.java:constructSecretProvider(240)) - Unable to initialize FileSignerSecretProvider, falling back to use random secrets. Reason: Could not read signature secret file: /home/runner/hadoop-http-auth-signature-secret
2024-01-11 04:03:07,764 [Mini-Cluster-Provider-Create] INFO  http.HttpRequestLog (HttpRequestLog.java:getRequestLog(86)) - Http request log for http.requests.ozoneManager is not defined
2024-01-11 04:03:07,766 [Mini-Cluster-Provider-Create] INFO  http.HttpServer2 (HttpServer2.java:addGlobalFilter(1036)) - Added global filter 'safety' (class=org.apache.hadoop.hdds.server.http.HttpServer2$QuotingInputFilter)
2024-01-11 04:03:07,770 [Mini-Cluster-Provider-Create] INFO  http.HttpServer2 (HttpServer2.java:addFilter(1012)) - Added filter static_user_filter (class=org.apache.hadoop.http.lib.StaticUserWebFilter$StaticUserFilter) to context ozoneManager
2024-01-11 04:03:07,770 [Mini-Cluster-Provider-Create] INFO  http.HttpServer2 (HttpServer2.java:addFilter(1020)) - Added filter static_user_filter (class=org.apache.hadoop.http.lib.StaticUserWebFilter$StaticUserFilter) to context static
2024-01-11 04:03:07,770 [Mini-Cluster-Provider-Create] INFO  http.HttpServer2 (HttpServer2.java:addFilter(1020)) - Added filter static_user_filter (class=org.apache.hadoop.http.lib.StaticUserWebFilter$StaticUserFilter) to context logs
2024-01-11 04:03:07,772 [Mini-Cluster-Provider-Create] INFO  http.BaseHttpServer (BaseHttpServer.java:<init>(189)) - HTTP server of ozoneManager uses base directory /home/runner/work/ozone/ozone/hadoop-ozone/integration-test/target/test-dir/MiniOzoneClusterImpl-bfa76206-2968-4191-bda1-2218be479879/ozone-meta/webserver
2024-01-11 04:03:07,775 [Mini-Cluster-Provider-Create] INFO  http.HttpServer2 (HttpServer2.java:bindListener(1236)) - Jetty bound to port 15005
2024-01-11 04:03:07,775 [Mini-Cluster-Provider-Create] INFO  server.Server (Server.java:doStart(375)) - jetty-9.4.53.v20231009; built: 2023-10-09T12:29:09.265Z; git: 27bde00a0b95a1d5bbee0eae7984f891d2d0f8c9; jvm 1.8.0_392-b08
2024-01-11 04:03:07,777 [Mini-Cluster-Provider-Create] INFO  server.session (DefaultSessionIdManager.java:doStart(334)) - DefaultSessionIdManager workerName=node0
2024-01-11 04:03:07,777 [Mini-Cluster-Provider-Create] INFO  server.session (DefaultSessionIdManager.java:doStart(339)) - No SessionScavenger set, using defaults
2024-01-11 04:03:07,777 [Mini-Cluster-Provider-Create] INFO  server.session (HouseKeeper.java:startScavenging(132)) - node0 Scavenging every 600000ms
2024-01-11 04:03:07,778 [Mini-Cluster-Provider-Create] INFO  handler.ContextHandler (ContextHandler.java:doStart(921)) - Started o.e.j.s.ServletContextHandler@6ca9bc8f{logs,/logs,file:///home/runner/work/ozone/ozone/hadoop-ozone/integration-test/target/log,AVAILABLE}
2024-01-11 04:03:07,778 [Mini-Cluster-Provider-Create] INFO  handler.ContextHandler (ContextHandler.java:doStart(921)) - Started o.e.j.s.ServletContextHandler@486bb04e{static,/static,file:///home/runner/work/ozone/ozone/hadoop-ozone/integration-test/target/test-classes/webapps/static,AVAILABLE}
2024-01-11 04:03:07,783 [Mini-Cluster-Provider-Create] INFO  handler.ContextHandler (ContextHandler.java:doStart(921)) - Started o.e.j.w.WebAppContext@36e93944{ozoneManager,/,file:///home/runner/work/ozone/ozone/hadoop-ozone/integration-test/target/test-classes/webapps/ozoneManager/,AVAILABLE}{file:/home/runner/work/ozone/ozone/hadoop-ozone/integration-test/target/test-classes/webapps/ozoneManager}
2024-01-11 04:03:07,786 [Mini-Cluster-Provider-Create] INFO  server.AbstractConnector (AbstractConnector.java:doStart(333)) - Started ServerConnector@4a7dff76{HTTP/1.1, (http/1.1)}{0.0.0.0:15005}
2024-01-11 04:03:07,787 [Mini-Cluster-Provider-Create] INFO  server.Server (Server.java:doStart(415)) - Started @5640ms
2024-01-11 04:03:07,787 [Mini-Cluster-Provider-Create] WARN  impl.MetricsSystemImpl (MetricsSystemImpl.java:register(279)) - Sink prometheus already exists!
2024-01-11 04:03:07,787 [Mini-Cluster-Provider-Create] INFO  http.BaseHttpServer (BaseHttpServer.java:updateConnectorAddress(354)) - HTTP server of ozoneManager listening at http://0.0.0.0:15005
2024-01-11 04:03:07,789 [IPC Server Responder] INFO  ipc.Server (Server.java:run(1562)) - IPC Server Responder: starting
2024-01-11 04:03:07,792 [IPC Server listener on 15004] INFO  ipc.Server (Server.java:run(1402)) - IPC Server listener on 15004: starting
2024-01-11 04:03:07,799 [Mini-Cluster-Provider-Create] INFO  om.OzoneManager (OzoneManager.java:startTrashEmptier(2094)) - Trash Interval set to 0. Files deleted won't move to trash
2024-01-11 04:03:07,892 [Mini-Cluster-Provider-Create] INFO  db.CodecBuffer (CodecBuffer.java:set(62)) - Successfully set constructor to org.apache.hadoop.hdds.utils.db.CodecBuffer$$Lambda$985/1768160818@2aa18a4a
2024-01-11 04:03:07,893 [Mini-Cluster-Provider-Create] WARN  dropwizard3.Dm3MetricRegistriesImpl (Dm3MetricRegistriesImpl.java:addReporterRegistration(113)) - New reporters are added after registries were created. Some metrics will be missing from the reporter. Please add reporter before adding any new registry.
2024-01-11 04:03:07,893 [Mini-Cluster-Provider-Create] WARN  dropwizard3.Dm3MetricRegistriesImpl (Dm3MetricRegistriesImpl.java:addReporterRegistration(113)) - New reporters are added after registries were created. Some metrics will be missing from the reporter. Please add reporter before adding any new registry.
2024-01-11 04:03:07,893 [Mini-Cluster-Provider-Create] INFO  impl.MetricsSystemImpl (MetricsSystemImpl.java:init(158)) - HddsDatanode metrics system started (again)
2024-01-11 04:03:07,912 [Mini-Cluster-Provider-Create] INFO  ozone.HddsDatanodeService (HddsDatanodeService.java:start(239)) - HddsDatanodeService host:fv-az1458-636 ip:10.1.0.34
2024-01-11 04:03:07,933 [Mini-Cluster-Provider-Create] INFO  upgrade.AbstractLayoutVersionManager (AbstractLayoutVersionManager.java:init(83)) - Initializing Layout version manager with metadata layout = HADOOP_PRC_PORTS_IN_DATANODEDETAILS (version = 7), software layout = HADOOP_PRC_PORTS_IN_DATANODEDETAILS (version = 7)
2024-01-11 04:03:07,934 [Mini-Cluster-Provider-Create] INFO  statemachine.DatanodeStateMachine (DatanodeStateMachine.java:getEndPointTaskThreadPoolSize(299)) - Datanode State Machine Task Thread Pool size 2
2024-01-11 04:03:07,986 [Mini-Cluster-Provider-Create] INFO  volume.HddsVolume (HddsVolume.java:<init>(125)) - Creating HddsVolume: /home/runner/work/ozone/ozone/hadoop-ozone/integration-test/target/test-dir/MiniOzoneClusterImpl-bfa76206-2968-4191-bda1-2218be479879/datanode-0/data-0/containers/hdds of storage type : DISK capacity : 9223372036854775807
2024-01-11 04:03:07,989 [Mini-Cluster-Provider-Create] INFO  volume.MutableVolumeSet (MutableVolumeSet.java:initializeVolumeSet(173)) - Added Volume : /home/runner/work/ozone/ozone/hadoop-ozone/integration-test/target/test-dir/MiniOzoneClusterImpl-bfa76206-2968-4191-bda1-2218be479879/datanode-0/data-0/containers/hdds to VolumeSet
2024-01-11 04:03:07,992 [Mini-Cluster-Provider-Create] INFO  volume.MutableVolumeSet (MutableVolumeSet.java:initializeVolumeSet(173)) - Added Volume : /home/runner/work/ozone/ozone/hadoop-ozone/integration-test/target/test-dir/MiniOzoneClusterImpl-bfa76206-2968-4191-bda1-2218be479879/datanode-0/data/ratis to VolumeSet
2024-01-11 04:03:07,995 [Mini-Cluster-Provider-Create] INFO  ozoneimpl.OzoneContainer (HddsVolumeUtil.java:loadAllHddsVolumeDbStore(103)) - Load 1 volumes DbStore cost: 0ms
2024-01-11 04:03:08,004 [e9344016-ed75-4908-bdbb-2b1208d89c49-ContainerReader-0] INFO  ozoneimpl.ContainerReader (ContainerReader.java:readVolume(178)) - Finish verifying containers on volume /home/runner/work/ozone/ozone/hadoop-ozone/integration-test/target/test-dir/MiniOzoneClusterImpl-bfa76206-2968-4191-bda1-2218be479879/datanode-0/data-0/containers/hdds
2024-01-11 04:03:08,004 [Mini-Cluster-Provider-Create] INFO  ozoneimpl.OzoneContainer (OzoneContainer.java:buildContainerSet(328)) - Build ContainerSet costs 0s
2024-01-11 04:03:08,042 [Mini-Cluster-Provider-Create] INFO  audit.AuditLogger (AuditLogger.java:refreshDebugCmdSet(130)) - Refresh DebugCmdSet for DNAudit to [].
2024-01-11 04:03:08,063 [Mini-Cluster-Provider-Create] INFO  server.RaftServer (ConfUtils.java:logGet(46)) - raft.rpc.type = GRPC (default)
2024-01-11 04:03:08,063 [Mini-Cluster-Provider-Create] INFO  grpc.GrpcConfigKeys (ConfUtils.java:logFallback(53)) - raft.grpc.admin.host = null (fallback to raft.grpc.server.host)
2024-01-11 04:03:08,064 [Mini-Cluster-Provider-Create] INFO  grpc.GrpcConfigKeys (ConfUtils.java:logGet(46)) - raft.grpc.admin.port = 15013 (custom)
2024-01-11 04:03:08,064 [Mini-Cluster-Provider-Create] INFO  grpc.GrpcConfigKeys (ConfUtils.java:logFallback(53)) - raft.grpc.client.host = null (fallback to raft.grpc.server.host)
2024-01-11 04:03:08,064 [Mini-Cluster-Provider-Create] INFO  grpc.GrpcConfigKeys (ConfUtils.java:logGet(46)) - raft.grpc.client.port = 15012 (custom)
2024-01-11 04:03:08,064 [Mini-Cluster-Provider-Create] INFO  grpc.GrpcConfigKeys (ConfUtils.java:logGet(46)) - raft.grpc.server.host = null (default)
2024-01-11 04:03:08,064 [Mini-Cluster-Provider-Create] INFO  grpc.GrpcConfigKeys (ConfUtils.java:logGet(46)) - raft.grpc.server.port = 15014 (custom)
2024-01-11 04:03:08,064 [Mini-Cluster-Provider-Create] INFO  server.GrpcService (ConfUtils.java:logGet(46)) - raft.grpc.message.size.max = 32MB (=33554432) (custom)
2024-01-11 04:03:08,064 [Mini-Cluster-Provider-Create] INFO  server.RaftServerConfigKeys (ConfUtils.java:logGet(46)) - raft.server.log.appender.buffer.byte-limit = 8388608 (custom)
2024-01-11 04:03:08,065 [Mini-Cluster-Provider-Create] INFO  server.GrpcService (ConfUtils.java:logGet(46)) - raft.grpc.flow.control.window = 5MB (=5242880) (custom)
2024-01-11 04:03:08,065 [Mini-Cluster-Provider-Create] INFO  server.RaftServerConfigKeys (ConfUtils.java:logGet(46)) - raft.server.rpc.request.timeout = 60s (custom)
2024-01-11 04:03:08,065 [Mini-Cluster-Provider-Create] INFO  grpc.GrpcConfigKeys (ConfUtils.java:logGet(46)) - raft.grpc.server.heartbeat.channel = true (default)
2024-01-11 04:03:08,065 [Mini-Cluster-Provider-Create] INFO  grpc.GrpcConfigKeys (ConfUtils.java:logGet(46)) - raft.grpc.server.async.request.thread.pool.cached = true (default)
2024-01-11 04:03:08,065 [Mini-Cluster-Provider-Create] INFO  grpc.GrpcConfigKeys (ConfUtils.java:logGet(46)) - raft.grpc.server.async.request.thread.pool.size = 32 (default)
2024-01-11 04:03:08,067 [Mini-Cluster-Provider-Create] INFO  impl.DataStreamServerImpl (ConfUtils.java:logGet(46)) - raft.datastream.type = NETTY (custom)
2024-01-11 04:03:08,076 [Mini-Cluster-Provider-Create] INFO  server.RaftServerConfigKeys (ConfUtils.java:logGet(46)) - raft.server.data-stream.async.request.thread.pool.cached = false (default)
2024-01-11 04:03:08,076 [Mini-Cluster-Provider-Create] INFO  server.RaftServerConfigKeys (ConfUtils.java:logGet(46)) - raft.server.data-stream.async.request.thread.pool.size = 20 (custom)
2024-01-11 04:03:08,077 [Mini-Cluster-Provider-Create] INFO  server.RaftServerConfigKeys (ConfUtils.java:logGet(46)) - raft.server.data-stream.async.write.thread.pool.size = 16 (default)
2024-01-11 04:03:08,078 [Mini-Cluster-Provider-Create] INFO  netty.NettyConfigKeys$DataStream (ConfUtils.java:logGet(46)) - raft.netty.dataStream.server.channel.inactive.grace-period = 10min (default)
2024-01-11 04:03:08,078 [Mini-Cluster-Provider-Create] INFO  server.RaftServerConfigKeys (ConfUtils.java:logGet(46)) - raft.server.data-stream.client.pool.size = 10 (default)
2024-01-11 04:03:08,079 [Mini-Cluster-Provider-Create] INFO  netty.NettyConfigKeys$DataStream (ConfUtils.java:logGet(46)) - raft.netty.dataStream.server.use-epoll = true (default)
2024-01-11 04:03:08,080 [Mini-Cluster-Provider-Create] INFO  netty.NettyConfigKeys$DataStream (ConfUtils.java:logGet(46)) - raft.netty.dataStream.server.boss-group.size = 0 (default)
2024-01-11 04:03:08,080 [Mini-Cluster-Provider-Create] INFO  netty.NettyUtils (NettyUtils.java:newEventLoopGroup(69)) - Create EpollEventLoopGroup for e9344016-ed75-4908-bdbb-2b1208d89c49-NettyServerStreamRpc-bossGroup; Thread size is 0.
2024-01-11 04:03:08,105 [Mini-Cluster-Provider-Create] INFO  netty.NettyConfigKeys$DataStream (ConfUtils.java:logGet(46)) - raft.netty.dataStream.server.worker-group.size = 0 (default)
2024-01-11 04:03:08,105 [Mini-Cluster-Provider-Create] INFO  netty.NettyUtils (NettyUtils.java:newEventLoopGroup(69)) - Create EpollEventLoopGroup for e9344016-ed75-4908-bdbb-2b1208d89c49-NettyServerStreamRpc-workerGroup; Thread size is 0.
2024-01-11 04:03:08,106 [Mini-Cluster-Provider-Create] INFO  netty.NettyConfigKeys$DataStream (ConfUtils.java:logGet(46)) - raft.netty.dataStream.server.tls.conf = null (default)
2024-01-11 04:03:08,107 [Mini-Cluster-Provider-Create] INFO  netty.NettyConfigKeys$DataStream (ConfUtils.java:logGet(46)) - raft.netty.dataStream.host = null (default)
2024-01-11 04:03:08,107 [Mini-Cluster-Provider-Create] INFO  netty.NettyConfigKeys$DataStream (ConfUtils.java:logGet(46)) - raft.netty.dataStream.port = 15015 (custom)
2024-01-11 04:03:08,111 [Mini-Cluster-Provider-Create] INFO  server.RaftServerConfigKeys (ConfUtils.java:logGet(46)) - raft.server.sleep.deviation.threshold = 300ms (default)
2024-01-11 04:03:08,111 [Mini-Cluster-Provider-Create] INFO  server.RaftServerConfigKeys (ConfUtils.java:logGet(46)) - raft.server.close.threshold = 60s (default)
2024-01-11 04:03:08,111 [Mini-Cluster-Provider-Create] INFO  server.RaftServerConfigKeys (ConfUtils.java:logGet(46)) - raft.server.leaderelection.leader.step-down.wait-time = 10s (default)
2024-01-11 04:03:08,112 [Mini-Cluster-Provider-Create] INFO  server.RaftServerConfigKeys (ConfUtils.java:logGet(46)) - raft.server.storage.dir = [/home/runner/work/ozone/ozone/hadoop-ozone/integration-test/target/test-dir/MiniOzoneClusterImpl-bfa76206-2968-4191-bda1-2218be479879/datanode-0/data/ratis] (custom)
2024-01-11 04:03:08,112 [Mini-Cluster-Provider-Create] INFO  server.RaftServerConfigKeys (ConfUtils.java:logGet(46)) - raft.server.threadpool.proxy.cached = true (default)
2024-01-11 04:03:08,112 [Mini-Cluster-Provider-Create] INFO  server.RaftServerConfigKeys (ConfUtils.java:logGet(46)) - raft.server.threadpool.proxy.size = 0 (default)
2024-01-11 04:03:08,112 [e9344016-ed75-4908-bdbb-2b1208d89c49-impl-thread1] INFO  server.RaftServer (RaftServerProxy.java:initGroupDir(264)) - e9344016-ed75-4908-bdbb-2b1208d89c49: found a subdirectory /home/runner/work/ozone/ozone/hadoop-ozone/integration-test/target/test-dir/MiniOzoneClusterImpl-bfa76206-2968-4191-bda1-2218be479879/datanode-0/data/ratis/tmp
2024-01-11 04:03:08,113 [e9344016-ed75-4908-bdbb-2b1208d89c49-impl-thread1] INFO  server.RaftServer (RaftServerProxy.java:initGroupDir(269)) - e9344016-ed75-4908-bdbb-2b1208d89c49: The directory /home/runner/work/ozone/ozone/hadoop-ozone/integration-test/target/test-dir/MiniOzoneClusterImpl-bfa76206-2968-4191-bda1-2218be479879/datanode-0/data/ratis/tmp is not a group directory; ignoring it. 
2024-01-11 04:03:08,115 [Mini-Cluster-Provider-Create] INFO  replication.ReplicationServer (ReplicationServer.java:<init>(85)) - Initializing replication server with thread count = 10 queue length = 4096
2024-01-11 04:03:08,119 [e9344016-ed75-4908-bdbb-2b1208d89c49-NettyServerStreamRpc-bossGroup--thread1] INFO  logging.LoggingHandler (AbstractInternalLogger.java:log(148)) - [id: 0x58fa2dc8] REGISTERED
2024-01-11 04:03:08,119 [e9344016-ed75-4908-bdbb-2b1208d89c49-NettyServerStreamRpc-bossGroup--thread1] INFO  logging.LoggingHandler (AbstractInternalLogger.java:log(148)) - [id: 0x58fa2dc8] BIND: 0.0.0.0/0.0.0.0:15015
2024-01-11 04:03:08,119 [e9344016-ed75-4908-bdbb-2b1208d89c49-NettyServerStreamRpc-bossGroup--thread1] INFO  logging.LoggingHandler (AbstractInternalLogger.java:log(148)) - [id: 0x58fa2dc8, L:/0.0.0.0:15015] ACTIVE
2024-01-11 04:03:08,130 [Mini-Cluster-Provider-Create] INFO  server.XceiverServerGrpc (XceiverServerGrpc.java:<init>(141)) - GrpcServer channel type EpollServerSocketChannel
2024-01-11 04:03:08,189 [Mini-Cluster-Provider-Create] INFO  replication.ReplicationSupervisor (ReplicationSupervisor.java:build(163)) - Initializing replication supervisor with thread count = 10
2024-01-11 04:03:08,190 [Mini-Cluster-Provider-Create] INFO  replication.ReplicationSupervisor (ReplicationSupervisor.java:nodeStateUpdated(317)) - Node state updated to IN_SERVICE, scaling executor pool size to 10
2024-01-11 04:03:08,225 [Mini-Cluster-Provider-Create] INFO  http.BaseHttpServer (BaseHttpServer.java:newHttpServer2BuilderForOzone(223)) - Starting Web-server for hddsDatanode at: http://0.0.0.0:15009
2024-01-11 04:03:08,225 [Mini-Cluster-Provider-Create] INFO  http.BaseHttpServer (BaseHttpServer.java:<init>(110)) - Hadoop Security Enabled: false Ozone Security Enabled: false Ozone HTTP Security Enabled: false 
2024-01-11 04:03:08,226 [Mini-Cluster-Provider-Create] WARN  server.AuthenticationFilter (AuthenticationFilter.java:constructSecretProvider(240)) - Unable to initialize FileSignerSecretProvider, falling back to use random secrets. Reason: Could not read signature secret file: /home/runner/hadoop-http-auth-signature-secret
2024-01-11 04:03:08,227 [Mini-Cluster-Provider-Create] INFO  http.HttpRequestLog (HttpRequestLog.java:getRequestLog(86)) - Http request log for http.requests.hddsDatanode is not defined
2024-01-11 04:03:08,229 [Mini-Cluster-Provider-Create] INFO  http.HttpServer2 (HttpServer2.java:addGlobalFilter(1036)) - Added global filter 'safety' (class=org.apache.hadoop.hdds.server.http.HttpServer2$QuotingInputFilter)
2024-01-11 04:03:08,230 [Mini-Cluster-Provider-Create] INFO  http.HttpServer2 (HttpServer2.java:addFilter(1012)) - Added filter static_user_filter (class=org.apache.hadoop.http.lib.StaticUserWebFilter$StaticUserFilter) to context hddsDatanode
2024-01-11 04:03:08,230 [Mini-Cluster-Provider-Create] INFO  http.HttpServer2 (HttpServer2.java:addFilter(1020)) - Added filter static_user_filter (class=org.apache.hadoop.http.lib.StaticUserWebFilter$StaticUserFilter) to context logs
2024-01-11 04:03:08,230 [Mini-Cluster-Provider-Create] INFO  http.HttpServer2 (HttpServer2.java:addFilter(1020)) - Added filter static_user_filter (class=org.apache.hadoop.http.lib.StaticUserWebFilter$StaticUserFilter) to context static
2024-01-11 04:03:08,231 [Mini-Cluster-Provider-Create] INFO  http.BaseHttpServer (BaseHttpServer.java:<init>(189)) - HTTP server of hddsDatanode uses base directory /home/runner/work/ozone/ozone/hadoop-ozone/integration-test/target/test-dir/MiniOzoneClusterImpl-bfa76206-2968-4191-bda1-2218be479879/datanode-0/meta/webserver
2024-01-11 04:03:08,231 [Mini-Cluster-Provider-Create] INFO  http.HttpServer2 (HttpServer2.java:bindListener(1236)) - Jetty bound to port 15009
2024-01-11 04:03:08,231 [Mini-Cluster-Provider-Create] INFO  server.Server (Server.java:doStart(375)) - jetty-9.4.53.v20231009; built: 2023-10-09T12:29:09.265Z; git: 27bde00a0b95a1d5bbee0eae7984f891d2d0f8c9; jvm 1.8.0_392-b08
2024-01-11 04:03:08,234 [Mini-Cluster-Provider-Create] INFO  server.session (DefaultSessionIdManager.java:doStart(334)) - DefaultSessionIdManager workerName=node0
2024-01-11 04:03:08,234 [Mini-Cluster-Provider-Create] INFO  server.session (DefaultSessionIdManager.java:doStart(339)) - No SessionScavenger set, using defaults
2024-01-11 04:03:08,234 [Mini-Cluster-Provider-Create] INFO  server.session (HouseKeeper.java:startScavenging(132)) - node0 Scavenging every 660000ms
2024-01-11 04:03:08,235 [Mini-Cluster-Provider-Create] INFO  handler.ContextHandler (ContextHandler.java:doStart(921)) - Started o.e.j.s.ServletContextHandler@2e41bae3{logs,/logs,file:///home/runner/work/ozone/ozone/hadoop-ozone/integration-test/target/log,AVAILABLE}
2024-01-11 04:03:08,235 [Mini-Cluster-Provider-Create] INFO  handler.ContextHandler (ContextHandler.java:doStart(921)) - Started o.e.j.s.ServletContextHandler@512436f3{static,/static,jar:file:/home/runner/.m2/repository/org/apache/ozone/hdds-container-service/1.5.0-SNAPSHOT/hdds-container-service-1.5.0-SNAPSHOT.jar!/webapps/static,AVAILABLE}
2024-01-11 04:03:08,284 [Mini-Cluster-Provider-Create] INFO  handler.ContextHandler (ContextHandler.java:doStart(921)) - Started o.e.j.w.WebAppContext@717729c4{hddsDatanode,/,file:///home/runner/work/ozone/ozone/hadoop-ozone/integration-test/target/test-dir/MiniOzoneClusterImpl-bfa76206-2968-4191-bda1-2218be479879/datanode-0/meta/webserver/jetty-0_0_0_0-15009-hdds-container-service-1_5_0-SNAPSHOT_jar-_-any-1404114989915217853/webapp/,AVAILABLE}{jar:file:/home/runner/.m2/repository/org/apache/ozone/hdds-container-service/1.5.0-SNAPSHOT/hdds-container-service-1.5.0-SNAPSHOT.jar!/webapps/hddsDatanode}
2024-01-11 04:03:08,285 [Mini-Cluster-Provider-Create] INFO  server.AbstractConnector (AbstractConnector.java:doStart(333)) - Started ServerConnector@70344c61{HTTP/1.1, (http/1.1)}{0.0.0.0:15009}
2024-01-11 04:03:08,286 [Mini-Cluster-Provider-Create] INFO  server.Server (Server.java:doStart(415)) - Started @6139ms
2024-01-11 04:03:08,286 [Mini-Cluster-Provider-Create] WARN  impl.MetricsSystemImpl (MetricsSystemImpl.java:register(279)) - Sink prometheus already exists!
2024-01-11 04:03:08,286 [Mini-Cluster-Provider-Create] INFO  http.BaseHttpServer (BaseHttpServer.java:updateConnectorAddress(354)) - HTTP server of hddsDatanode listening at http://0.0.0.0:15009
2024-01-11 04:03:08,289 [Mini-Cluster-Provider-Create] INFO  ipc.CallQueueManager (CallQueueManager.java:<init>(90)) - Using callQueue: class java.util.concurrent.LinkedBlockingQueue, queueCapacity: 100, scheduler: class org.apache.hadoop.ipc.DefaultRpcScheduler, ipcBackoff: false.
2024-01-11 04:03:08,289 [Mini-Cluster-Provider-Create] INFO  ipc.Server (Server.java:<init>(1287)) - Listener at 0.0.0.0:15010
2024-01-11 04:03:08,289 [Socket Reader #1 for port 15010] INFO  ipc.Server (Server.java:run(1323)) - Starting Socket Reader #1 for port 15010
2024-01-11 04:03:08,291 [Mini-Cluster-Provider-Create] INFO  ozone.HddsDatanodeService (HddsDatanodeService.java:start(324)) - Datanode start with admins: [runner]
2024-01-11 04:03:08,291 [Mini-Cluster-Provider-Create] INFO  ozone.HddsDatanodeClientProtocolServer (HddsDatanodeClientProtocolServer.java:start(72)) - RPC server for Client /0.0.0.0:15010
2024-01-11 04:03:08,292 [IPC Server Responder] INFO  ipc.Server (Server.java:run(1562)) - IPC Server Responder: starting
2024-01-11 04:03:08,293 [IPC Server listener on 15010] INFO  ipc.Server (Server.java:run(1402)) - IPC Server listener on 15010: starting
2024-01-11 04:03:08,294 [e9344016-ed75-4908-bdbb-2b1208d89c49-DatanodeStateMachineDaemonThread] INFO  statemachine.DatanodeStateMachine (DatanodeStateMachine.java:lambda$startDaemon$1(555)) - Ozone container server started.
2024-01-11 04:03:08,296 [Mini-Cluster-Provider-Create] WARN  dropwizard3.Dm3MetricRegistriesImpl (Dm3MetricRegistriesImpl.java:addReporterRegistration(113)) - New reporters are added after registries were created. Some metrics will be missing from the reporter. Please add reporter before adding any new registry.
2024-01-11 04:03:08,296 [Mini-Cluster-Provider-Create] WARN  dropwizard3.Dm3MetricRegistriesImpl (Dm3MetricRegistriesImpl.java:addReporterRegistration(113)) - New reporters are added after registries were created. Some metrics will be missing from the reporter. Please add reporter before adding any new registry.
2024-01-11 04:03:08,296 [Mini-Cluster-Provider-Create] INFO  impl.MetricsSystemImpl (MetricsSystemImpl.java:init(158)) - HddsDatanode metrics system started (again)
2024-01-11 04:03:08,306 [Mini-Cluster-Provider-Create] INFO  ozone.HddsDatanodeService (HddsDatanodeService.java:start(239)) - HddsDatanodeService host:fv-az1458-636 ip:10.1.0.34
2024-01-11 04:03:08,329 [Mini-Cluster-Provider-Create] INFO  upgrade.AbstractLayoutVersionManager (AbstractLayoutVersionManager.java:init(83)) - Initializing Layout version manager with metadata layout = HADOOP_PRC_PORTS_IN_DATANODEDETAILS (version = 7), software layout = HADOOP_PRC_PORTS_IN_DATANODEDETAILS (version = 7)
2024-01-11 04:03:08,330 [Mini-Cluster-Provider-Create] INFO  statemachine.DatanodeStateMachine (DatanodeStateMachine.java:getEndPointTaskThreadPoolSize(299)) - Datanode State Machine Task Thread Pool size 2
2024-01-11 04:03:08,335 [Mini-Cluster-Provider-Create] INFO  volume.HddsVolume (HddsVolume.java:<init>(125)) - Creating HddsVolume: /home/runner/work/ozone/ozone/hadoop-ozone/integration-test/target/test-dir/MiniOzoneClusterImpl-bfa76206-2968-4191-bda1-2218be479879/datanode-1/data-0/containers/hdds of storage type : DISK capacity : 9223372036854775807
2024-01-11 04:03:08,335 [Mini-Cluster-Provider-Create] INFO  volume.MutableVolumeSet (MutableVolumeSet.java:initializeVolumeSet(173)) - Added Volume : /home/runner/work/ozone/ozone/hadoop-ozone/integration-test/target/test-dir/MiniOzoneClusterImpl-bfa76206-2968-4191-bda1-2218be479879/datanode-1/data-0/containers/hdds to VolumeSet
2024-01-11 04:03:08,336 [Mini-Cluster-Provider-Create] INFO  volume.MutableVolumeSet (MutableVolumeSet.java:initializeVolumeSet(173)) - Added Volume : /home/runner/work/ozone/ozone/hadoop-ozone/integration-test/target/test-dir/MiniOzoneClusterImpl-bfa76206-2968-4191-bda1-2218be479879/datanode-1/data/ratis to VolumeSet
2024-01-11 04:03:08,337 [Mini-Cluster-Provider-Create] INFO  ozoneimpl.OzoneContainer (HddsVolumeUtil.java:loadAllHddsVolumeDbStore(103)) - Load 1 volumes DbStore cost: 0ms
2024-01-11 04:03:08,340 [001cd0bd-e806-4758-aa83-7f483601919f-ContainerReader-0] INFO  ozoneimpl.ContainerReader (ContainerReader.java:readVolume(178)) - Finish verifying containers on volume /home/runner/work/ozone/ozone/hadoop-ozone/integration-test/target/test-dir/MiniOzoneClusterImpl-bfa76206-2968-4191-bda1-2218be479879/datanode-1/data-0/containers/hdds
2024-01-11 04:03:08,340 [Mini-Cluster-Provider-Create] INFO  ozoneimpl.OzoneContainer (OzoneContainer.java:buildContainerSet(328)) - Build ContainerSet costs 0s
2024-01-11 04:03:08,351 [Mini-Cluster-Provider-Create] INFO  server.RaftServer (ConfUtils.java:logGet(46)) - raft.rpc.type = GRPC (default)
2024-01-11 04:03:08,351 [Mini-Cluster-Provider-Create] INFO  grpc.GrpcConfigKeys (ConfUtils.java:logFallback(53)) - raft.grpc.admin.host = null (fallback to raft.grpc.server.host)
2024-01-11 04:03:08,351 [Mini-Cluster-Provider-Create] INFO  grpc.GrpcConfigKeys (ConfUtils.java:logGet(46)) - raft.grpc.admin.port = 15022 (custom)
2024-01-11 04:03:08,351 [Mini-Cluster-Provider-Create] INFO  grpc.GrpcConfigKeys (ConfUtils.java:logFallback(53)) - raft.grpc.client.host = null (fallback to raft.grpc.server.host)
2024-01-11 04:03:08,351 [Mini-Cluster-Provider-Create] INFO  grpc.GrpcConfigKeys (ConfUtils.java:logGet(46)) - raft.grpc.client.port = 15021 (custom)
2024-01-11 04:03:08,352 [Mini-Cluster-Provider-Create] INFO  grpc.GrpcConfigKeys (ConfUtils.java:logGet(46)) - raft.grpc.server.host = null (default)
2024-01-11 04:03:08,352 [Mini-Cluster-Provider-Create] INFO  grpc.GrpcConfigKeys (ConfUtils.java:logGet(46)) - raft.grpc.server.port = 15023 (custom)
2024-01-11 04:03:08,352 [Mini-Cluster-Provider-Create] INFO  server.GrpcService (ConfUtils.java:logGet(46)) - raft.grpc.message.size.max = 32MB (=33554432) (custom)
2024-01-11 04:03:08,352 [Mini-Cluster-Provider-Create] INFO  server.RaftServerConfigKeys (ConfUtils.java:logGet(46)) - raft.server.log.appender.buffer.byte-limit = 8388608 (custom)
2024-01-11 04:03:08,352 [Mini-Cluster-Provider-Create] INFO  server.GrpcService (ConfUtils.java:logGet(46)) - raft.grpc.flow.control.window = 5MB (=5242880) (custom)
2024-01-11 04:03:08,352 [Mini-Cluster-Provider-Create] INFO  server.RaftServerConfigKeys (ConfUtils.java:logGet(46)) - raft.server.rpc.request.timeout = 60s (custom)
2024-01-11 04:03:08,353 [Mini-Cluster-Provider-Create] INFO  grpc.GrpcConfigKeys (ConfUtils.java:logGet(46)) - raft.grpc.server.heartbeat.channel = true (default)
2024-01-11 04:03:08,353 [Mini-Cluster-Provider-Create] INFO  grpc.GrpcConfigKeys (ConfUtils.java:logGet(46)) - raft.grpc.server.async.request.thread.pool.cached = true (default)
2024-01-11 04:03:08,353 [Mini-Cluster-Provider-Create] INFO  grpc.GrpcConfigKeys (ConfUtils.java:logGet(46)) - raft.grpc.server.async.request.thread.pool.size = 32 (default)
2024-01-11 04:03:08,357 [Mini-Cluster-Provider-Create] INFO  impl.DataStreamServerImpl (ConfUtils.java:logGet(46)) - raft.datastream.type = NETTY (custom)
2024-01-11 04:03:08,358 [Mini-Cluster-Provider-Create] INFO  server.RaftServerConfigKeys (ConfUtils.java:logGet(46)) - raft.server.data-stream.async.request.thread.pool.cached = false (default)
2024-01-11 04:03:08,358 [Mini-Cluster-Provider-Create] INFO  server.RaftServerConfigKeys (ConfUtils.java:logGet(46)) - raft.server.data-stream.async.request.thread.pool.size = 20 (custom)
2024-01-11 04:03:08,358 [Mini-Cluster-Provider-Create] INFO  server.RaftServerConfigKeys (ConfUtils.java:logGet(46)) - raft.server.data-stream.async.write.thread.pool.size = 16 (default)
2024-01-11 04:03:08,358 [Mini-Cluster-Provider-Create] INFO  netty.NettyConfigKeys$DataStream (ConfUtils.java:logGet(46)) - raft.netty.dataStream.server.channel.inactive.grace-period = 10min (default)
2024-01-11 04:03:08,358 [Mini-Cluster-Provider-Create] INFO  server.RaftServerConfigKeys (ConfUtils.java:logGet(46)) - raft.server.data-stream.client.pool.size = 10 (default)
2024-01-11 04:03:08,359 [Mini-Cluster-Provider-Create] INFO  netty.NettyConfigKeys$DataStream (ConfUtils.java:logGet(46)) - raft.netty.dataStream.server.use-epoll = true (default)
2024-01-11 04:03:08,359 [Mini-Cluster-Provider-Create] INFO  netty.NettyConfigKeys$DataStream (ConfUtils.java:logGet(46)) - raft.netty.dataStream.server.boss-group.size = 0 (default)
2024-01-11 04:03:08,359 [Mini-Cluster-Provider-Create] INFO  netty.NettyUtils (NettyUtils.java:newEventLoopGroup(69)) - Create EpollEventLoopGroup for 001cd0bd-e806-4758-aa83-7f483601919f-NettyServerStreamRpc-bossGroup; Thread size is 0.
2024-01-11 04:03:08,359 [Mini-Cluster-Provider-Create] INFO  netty.NettyConfigKeys$DataStream (ConfUtils.java:logGet(46)) - raft.netty.dataStream.server.worker-group.size = 0 (default)
2024-01-11 04:03:08,360 [Mini-Cluster-Provider-Create] INFO  netty.NettyUtils (NettyUtils.java:newEventLoopGroup(69)) - Create EpollEventLoopGroup for 001cd0bd-e806-4758-aa83-7f483601919f-NettyServerStreamRpc-workerGroup; Thread size is 0.
2024-01-11 04:03:08,360 [Mini-Cluster-Provider-Create] INFO  netty.NettyConfigKeys$DataStream (ConfUtils.java:logGet(46)) - raft.netty.dataStream.server.tls.conf = null (default)
2024-01-11 04:03:08,360 [Mini-Cluster-Provider-Create] INFO  netty.NettyConfigKeys$DataStream (ConfUtils.java:logGet(46)) - raft.netty.dataStream.host = null (default)
2024-01-11 04:03:08,360 [Mini-Cluster-Provider-Create] INFO  netty.NettyConfigKeys$DataStream (ConfUtils.java:logGet(46)) - raft.netty.dataStream.port = 15024 (custom)
2024-01-11 04:03:08,361 [Mini-Cluster-Provider-Create] INFO  server.RaftServerConfigKeys (ConfUtils.java:logGet(46)) - raft.server.sleep.deviation.threshold = 300ms (default)
2024-01-11 04:03:08,362 [Mini-Cluster-Provider-Create] INFO  server.RaftServerConfigKeys (ConfUtils.java:logGet(46)) - raft.server.close.threshold = 60s (default)
2024-01-11 04:03:08,362 [Mini-Cluster-Provider-Create] INFO  server.RaftServerConfigKeys (ConfUtils.java:logGet(46)) - raft.server.leaderelection.leader.step-down.wait-time = 10s (default)
2024-01-11 04:03:08,363 [Mini-Cluster-Provider-Create] INFO  server.RaftServerConfigKeys (ConfUtils.java:logGet(46)) - raft.server.storage.dir = [/home/runner/work/ozone/ozone/hadoop-ozone/integration-test/target/test-dir/MiniOzoneClusterImpl-bfa76206-2968-4191-bda1-2218be479879/datanode-1/data/ratis] (custom)
2024-01-11 04:03:08,363 [001cd0bd-e806-4758-aa83-7f483601919f-NettyServerStreamRpc-bossGroup--thread1] INFO  logging.LoggingHandler (AbstractInternalLogger.java:log(148)) - [id: 0x08e6cbfa] REGISTERED
2024-01-11 04:03:08,363 [Mini-Cluster-Provider-Create] INFO  server.RaftServerConfigKeys (ConfUtils.java:logGet(46)) - raft.server.threadpool.proxy.cached = true (default)
2024-01-11 04:03:08,364 [001cd0bd-e806-4758-aa83-7f483601919f-NettyServerStreamRpc-bossGroup--thread1] INFO  logging.LoggingHandler (AbstractInternalLogger.java:log(148)) - [id: 0x08e6cbfa] BIND: 0.0.0.0/0.0.0.0:15024
2024-01-11 04:03:08,364 [Mini-Cluster-Provider-Create] INFO  server.RaftServerConfigKeys (ConfUtils.java:logGet(46)) - raft.server.threadpool.proxy.size = 0 (default)
2024-01-11 04:03:08,364 [001cd0bd-e806-4758-aa83-7f483601919f-NettyServerStreamRpc-bossGroup--thread1] INFO  logging.LoggingHandler (AbstractInternalLogger.java:log(148)) - [id: 0x08e6cbfa, L:/0.0.0.0:15024] ACTIVE
2024-01-11 04:03:08,364 [001cd0bd-e806-4758-aa83-7f483601919f-impl-thread1] INFO  server.RaftServer (RaftServerProxy.java:initGroupDir(264)) - 001cd0bd-e806-4758-aa83-7f483601919f: found a subdirectory /home/runner/work/ozone/ozone/hadoop-ozone/integration-test/target/test-dir/MiniOzoneClusterImpl-bfa76206-2968-4191-bda1-2218be479879/datanode-1/data/ratis/tmp
2024-01-11 04:03:08,364 [001cd0bd-e806-4758-aa83-7f483601919f-impl-thread1] INFO  server.RaftServer (RaftServerProxy.java:initGroupDir(269)) - 001cd0bd-e806-4758-aa83-7f483601919f: The directory /home/runner/work/ozone/ozone/hadoop-ozone/integration-test/target/test-dir/MiniOzoneClusterImpl-bfa76206-2968-4191-bda1-2218be479879/datanode-1/data/ratis/tmp is not a group directory; ignoring it. 
2024-01-11 04:03:08,365 [Mini-Cluster-Provider-Create] INFO  replication.ReplicationServer (ReplicationServer.java:<init>(85)) - Initializing replication server with thread count = 10 queue length = 4096
2024-01-11 04:03:08,366 [Mini-Cluster-Provider-Create] INFO  server.XceiverServerGrpc (XceiverServerGrpc.java:<init>(141)) - GrpcServer channel type EpollServerSocketChannel
2024-01-11 04:03:08,370 [Mini-Cluster-Provider-Create] INFO  replication.ReplicationSupervisor (ReplicationSupervisor.java:build(163)) - Initializing replication supervisor with thread count = 10
2024-01-11 04:03:08,371 [Mini-Cluster-Provider-Create] INFO  replication.ReplicationSupervisor (ReplicationSupervisor.java:nodeStateUpdated(317)) - Node state updated to IN_SERVICE, scaling executor pool size to 10
2024-01-11 04:03:08,375 [Mini-Cluster-Provider-Create] INFO  http.BaseHttpServer (BaseHttpServer.java:newHttpServer2BuilderForOzone(223)) - Starting Web-server for hddsDatanode at: http://0.0.0.0:15018
2024-01-11 04:03:08,375 [Mini-Cluster-Provider-Create] INFO  http.BaseHttpServer (BaseHttpServer.java:<init>(110)) - Hadoop Security Enabled: false Ozone Security Enabled: false Ozone HTTP Security Enabled: false 
2024-01-11 04:03:08,377 [Mini-Cluster-Provider-Create] WARN  server.AuthenticationFilter (AuthenticationFilter.java:constructSecretProvider(240)) - Unable to initialize FileSignerSecretProvider, falling back to use random secrets. Reason: Could not read signature secret file: /home/runner/hadoop-http-auth-signature-secret
2024-01-11 04:03:08,378 [Mini-Cluster-Provider-Create] INFO  http.HttpRequestLog (HttpRequestLog.java:getRequestLog(86)) - Http request log for http.requests.hddsDatanode is not defined
2024-01-11 04:03:08,379 [Mini-Cluster-Provider-Create] INFO  http.HttpServer2 (HttpServer2.java:addGlobalFilter(1036)) - Added global filter 'safety' (class=org.apache.hadoop.hdds.server.http.HttpServer2$QuotingInputFilter)
2024-01-11 04:03:08,380 [Mini-Cluster-Provider-Create] INFO  http.HttpServer2 (HttpServer2.java:addFilter(1012)) - Added filter static_user_filter (class=org.apache.hadoop.http.lib.StaticUserWebFilter$StaticUserFilter) to context hddsDatanode
2024-01-11 04:03:08,381 [Mini-Cluster-Provider-Create] INFO  http.HttpServer2 (HttpServer2.java:addFilter(1020)) - Added filter static_user_filter (class=org.apache.hadoop.http.lib.StaticUserWebFilter$StaticUserFilter) to context logs
2024-01-11 04:03:08,381 [Mini-Cluster-Provider-Create] INFO  http.HttpServer2 (HttpServer2.java:addFilter(1020)) - Added filter static_user_filter (class=org.apache.hadoop.http.lib.StaticUserWebFilter$StaticUserFilter) to context static
2024-01-11 04:03:08,382 [Mini-Cluster-Provider-Create] INFO  http.BaseHttpServer (BaseHttpServer.java:<init>(189)) - HTTP server of hddsDatanode uses base directory /home/runner/work/ozone/ozone/hadoop-ozone/integration-test/target/test-dir/MiniOzoneClusterImpl-bfa76206-2968-4191-bda1-2218be479879/datanode-1/meta/webserver
2024-01-11 04:03:08,382 [Mini-Cluster-Provider-Create] INFO  http.HttpServer2 (HttpServer2.java:bindListener(1236)) - Jetty bound to port 15018
2024-01-11 04:03:08,382 [Mini-Cluster-Provider-Create] INFO  server.Server (Server.java:doStart(375)) - jetty-9.4.53.v20231009; built: 2023-10-09T12:29:09.265Z; git: 27bde00a0b95a1d5bbee0eae7984f891d2d0f8c9; jvm 1.8.0_392-b08
2024-01-11 04:03:08,385 [Mini-Cluster-Provider-Create] INFO  server.session (DefaultSessionIdManager.java:doStart(334)) - DefaultSessionIdManager workerName=node0
2024-01-11 04:03:08,385 [Mini-Cluster-Provider-Create] INFO  server.session (DefaultSessionIdManager.java:doStart(339)) - No SessionScavenger set, using defaults
2024-01-11 04:03:08,385 [e9344016-ed75-4908-bdbb-2b1208d89c49-DatanodeStateMachineTaskThread-0] INFO  datanode.InitDatanodeState (InitDatanodeState.java:persistContainerDatanodeDetails(139)) - DatanodeDetails is persisted to /home/runner/work/ozone/ozone/hadoop-ozone/integration-test/target/test-dir/MiniOzoneClusterImpl-bfa76206-2968-4191-bda1-2218be479879/datanode-0/meta/datanode.id
2024-01-11 04:03:08,385 [Mini-Cluster-Provider-Create] INFO  server.session (HouseKeeper.java:startScavenging(132)) - node0 Scavenging every 600000ms
2024-01-11 04:03:08,386 [Mini-Cluster-Provider-Create] INFO  handler.ContextHandler (ContextHandler.java:doStart(921)) - Started o.e.j.s.ServletContextHandler@330258c9{logs,/logs,file:///home/runner/work/ozone/ozone/hadoop-ozone/integration-test/target/log,AVAILABLE}
2024-01-11 04:03:08,387 [Mini-Cluster-Provider-Create] INFO  handler.ContextHandler (ContextHandler.java:doStart(921)) - Started o.e.j.s.ServletContextHandler@513c5bb7{static,/static,jar:file:/home/runner/.m2/repository/org/apache/ozone/hdds-container-service/1.5.0-SNAPSHOT/hdds-container-service-1.5.0-SNAPSHOT.jar!/webapps/static,AVAILABLE}
2024-01-11 04:03:08,426 [Mini-Cluster-Provider-Create] INFO  handler.ContextHandler (ContextHandler.java:doStart(921)) - Started o.e.j.w.WebAppContext@cd8ca22{hddsDatanode,/,file:///home/runner/work/ozone/ozone/hadoop-ozone/integration-test/target/test-dir/MiniOzoneClusterImpl-bfa76206-2968-4191-bda1-2218be479879/datanode-1/meta/webserver/jetty-0_0_0_0-15018-hdds-container-service-1_5_0-SNAPSHOT_jar-_-any-235379250348327254/webapp/,AVAILABLE}{jar:file:/home/runner/.m2/repository/org/apache/ozone/hdds-container-service/1.5.0-SNAPSHOT/hdds-container-service-1.5.0-SNAPSHOT.jar!/webapps/hddsDatanode}
2024-01-11 04:03:08,427 [Mini-Cluster-Provider-Create] INFO  server.AbstractConnector (AbstractConnector.java:doStart(333)) - Started ServerConnector@26cfad8a{HTTP/1.1, (http/1.1)}{0.0.0.0:15018}
2024-01-11 04:03:08,428 [Mini-Cluster-Provider-Create] INFO  server.Server (Server.java:doStart(415)) - Started @6281ms
2024-01-11 04:03:08,428 [Mini-Cluster-Provider-Create] WARN  impl.MetricsSystemImpl (MetricsSystemImpl.java:register(279)) - Sink prometheus already exists!
2024-01-11 04:03:08,429 [Mini-Cluster-Provider-Create] INFO  http.BaseHttpServer (BaseHttpServer.java:updateConnectorAddress(354)) - HTTP server of hddsDatanode listening at http://0.0.0.0:15018
2024-01-11 04:03:08,429 [Mini-Cluster-Provider-Create] INFO  ipc.CallQueueManager (CallQueueManager.java:<init>(90)) - Using callQueue: class java.util.concurrent.LinkedBlockingQueue, queueCapacity: 100, scheduler: class org.apache.hadoop.ipc.DefaultRpcScheduler, ipcBackoff: false.
2024-01-11 04:03:08,429 [Mini-Cluster-Provider-Create] INFO  ipc.Server (Server.java:<init>(1287)) - Listener at 0.0.0.0:15019
2024-01-11 04:03:08,430 [Socket Reader #1 for port 15019] INFO  ipc.Server (Server.java:run(1323)) - Starting Socket Reader #1 for port 15019
2024-01-11 04:03:08,432 [Mini-Cluster-Provider-Create] INFO  ozone.HddsDatanodeService (HddsDatanodeService.java:start(324)) - Datanode start with admins: [runner]
2024-01-11 04:03:08,432 [Mini-Cluster-Provider-Create] INFO  ozone.HddsDatanodeClientProtocolServer (HddsDatanodeClientProtocolServer.java:start(72)) - RPC server for Client /0.0.0.0:15019
2024-01-11 04:03:08,432 [IPC Server Responder] INFO  ipc.Server (Server.java:run(1562)) - IPC Server Responder: starting
2024-01-11 04:03:08,432 [IPC Server listener on 15019] INFO  ipc.Server (Server.java:run(1402)) - IPC Server listener on 15019: starting
2024-01-11 04:03:08,433 [Mini-Cluster-Provider-Create] WARN  dropwizard3.Dm3MetricRegistriesImpl (Dm3MetricRegistriesImpl.java:addReporterRegistration(113)) - New reporters are added after registries were created. Some metrics will be missing from the reporter. Please add reporter before adding any new registry.
2024-01-11 04:03:08,433 [Mini-Cluster-Provider-Create] WARN  dropwizard3.Dm3MetricRegistriesImpl (Dm3MetricRegistriesImpl.java:addReporterRegistration(113)) - New reporters are added after registries were created. Some metrics will be missing from the reporter. Please add reporter before adding any new registry.
2024-01-11 04:03:08,433 [Mini-Cluster-Provider-Create] INFO  impl.MetricsSystemImpl (MetricsSystemImpl.java:init(158)) - HddsDatanode metrics system started (again)
2024-01-11 04:03:08,433 [001cd0bd-e806-4758-aa83-7f483601919f-DatanodeStateMachineDaemonThread] INFO  statemachine.DatanodeStateMachine (DatanodeStateMachine.java:lambda$startDaemon$1(555)) - Ozone container server started.
2024-01-11 04:03:08,440 [001cd0bd-e806-4758-aa83-7f483601919f-DatanodeStateMachineTaskThread-0] INFO  datanode.InitDatanodeState (InitDatanodeState.java:persistContainerDatanodeDetails(139)) - DatanodeDetails is persisted to /home/runner/work/ozone/ozone/hadoop-ozone/integration-test/target/test-dir/MiniOzoneClusterImpl-bfa76206-2968-4191-bda1-2218be479879/datanode-1/meta/datanode.id
2024-01-11 04:03:08,446 [Mini-Cluster-Provider-Create] INFO  ozone.HddsDatanodeService (HddsDatanodeService.java:start(239)) - HddsDatanodeService host:fv-az1458-636 ip:10.1.0.34
2024-01-11 04:03:08,463 [Mini-Cluster-Provider-Create] INFO  upgrade.AbstractLayoutVersionManager (AbstractLayoutVersionManager.java:init(83)) - Initializing Layout version manager with metadata layout = HADOOP_PRC_PORTS_IN_DATANODEDETAILS (version = 7), software layout = HADOOP_PRC_PORTS_IN_DATANODEDETAILS (version = 7)
2024-01-11 04:03:08,464 [Mini-Cluster-Provider-Create] INFO  statemachine.DatanodeStateMachine (DatanodeStateMachine.java:getEndPointTaskThreadPoolSize(299)) - Datanode State Machine Task Thread Pool size 2
2024-01-11 04:03:08,469 [Mini-Cluster-Provider-Create] INFO  volume.HddsVolume (HddsVolume.java:<init>(125)) - Creating HddsVolume: /home/runner/work/ozone/ozone/hadoop-ozone/integration-test/target/test-dir/MiniOzoneClusterImpl-bfa76206-2968-4191-bda1-2218be479879/datanode-2/data-0/containers/hdds of storage type : DISK capacity : 9223372036854775807
2024-01-11 04:03:08,469 [Mini-Cluster-Provider-Create] INFO  volume.MutableVolumeSet (MutableVolumeSet.java:initializeVolumeSet(173)) - Added Volume : /home/runner/work/ozone/ozone/hadoop-ozone/integration-test/target/test-dir/MiniOzoneClusterImpl-bfa76206-2968-4191-bda1-2218be479879/datanode-2/data-0/containers/hdds to VolumeSet
2024-01-11 04:03:08,470 [Mini-Cluster-Provider-Create] INFO  volume.MutableVolumeSet (MutableVolumeSet.java:initializeVolumeSet(173)) - Added Volume : /home/runner/work/ozone/ozone/hadoop-ozone/integration-test/target/test-dir/MiniOzoneClusterImpl-bfa76206-2968-4191-bda1-2218be479879/datanode-2/data/ratis to VolumeSet
2024-01-11 04:03:08,471 [Mini-Cluster-Provider-Create] INFO  ozoneimpl.OzoneContainer (HddsVolumeUtil.java:loadAllHddsVolumeDbStore(103)) - Load 1 volumes DbStore cost: 0ms
2024-01-11 04:03:08,472 [160405f6-ad1e-49bf-8de5-8727279c1313-ContainerReader-0] INFO  ozoneimpl.ContainerReader (ContainerReader.java:readVolume(178)) - Finish verifying containers on volume /home/runner/work/ozone/ozone/hadoop-ozone/integration-test/target/test-dir/MiniOzoneClusterImpl-bfa76206-2968-4191-bda1-2218be479879/datanode-2/data-0/containers/hdds
2024-01-11 04:03:08,472 [Mini-Cluster-Provider-Create] INFO  ozoneimpl.OzoneContainer (OzoneContainer.java:buildContainerSet(328)) - Build ContainerSet costs 0s
2024-01-11 04:03:08,474 [Mini-Cluster-Provider-Create] INFO  server.RaftServer (ConfUtils.java:logGet(46)) - raft.rpc.type = GRPC (default)
2024-01-11 04:03:08,475 [Mini-Cluster-Provider-Create] INFO  grpc.GrpcConfigKeys (ConfUtils.java:logFallback(53)) - raft.grpc.admin.host = null (fallback to raft.grpc.server.host)
2024-01-11 04:03:08,475 [Mini-Cluster-Provider-Create] INFO  grpc.GrpcConfigKeys (ConfUtils.java:logGet(46)) - raft.grpc.admin.port = 15031 (custom)
2024-01-11 04:03:08,475 [Mini-Cluster-Provider-Create] INFO  grpc.GrpcConfigKeys (ConfUtils.java:logFallback(53)) - raft.grpc.client.host = null (fallback to raft.grpc.server.host)
2024-01-11 04:03:08,475 [Mini-Cluster-Provider-Create] INFO  grpc.GrpcConfigKeys (ConfUtils.java:logGet(46)) - raft.grpc.client.port = 15030 (custom)
2024-01-11 04:03:08,475 [Mini-Cluster-Provider-Create] INFO  grpc.GrpcConfigKeys (ConfUtils.java:logGet(46)) - raft.grpc.server.host = null (default)
2024-01-11 04:03:08,475 [Mini-Cluster-Provider-Create] INFO  grpc.GrpcConfigKeys (ConfUtils.java:logGet(46)) - raft.grpc.server.port = 15032 (custom)
2024-01-11 04:03:08,475 [Mini-Cluster-Provider-Create] INFO  server.GrpcService (ConfUtils.java:logGet(46)) - raft.grpc.message.size.max = 32MB (=33554432) (custom)
2024-01-11 04:03:08,475 [Mini-Cluster-Provider-Create] INFO  server.RaftServerConfigKeys (ConfUtils.java:logGet(46)) - raft.server.log.appender.buffer.byte-limit = 8388608 (custom)
2024-01-11 04:03:08,475 [Mini-Cluster-Provider-Create] INFO  server.GrpcService (ConfUtils.java:logGet(46)) - raft.grpc.flow.control.window = 5MB (=5242880) (custom)
2024-01-11 04:03:08,476 [Mini-Cluster-Provider-Create] INFO  server.RaftServerConfigKeys (ConfUtils.java:logGet(46)) - raft.server.rpc.request.timeout = 60s (custom)
2024-01-11 04:03:08,476 [Mini-Cluster-Provider-Create] INFO  grpc.GrpcConfigKeys (ConfUtils.java:logGet(46)) - raft.grpc.server.heartbeat.channel = true (default)
2024-01-11 04:03:08,476 [Mini-Cluster-Provider-Create] INFO  grpc.GrpcConfigKeys (ConfUtils.java:logGet(46)) - raft.grpc.server.async.request.thread.pool.cached = true (default)
2024-01-11 04:03:08,476 [Mini-Cluster-Provider-Create] INFO  grpc.GrpcConfigKeys (ConfUtils.java:logGet(46)) - raft.grpc.server.async.request.thread.pool.size = 32 (default)
2024-01-11 04:03:08,478 [Mini-Cluster-Provider-Create] INFO  impl.DataStreamServerImpl (ConfUtils.java:logGet(46)) - raft.datastream.type = NETTY (custom)
2024-01-11 04:03:08,478 [Mini-Cluster-Provider-Create] INFO  server.RaftServerConfigKeys (ConfUtils.java:logGet(46)) - raft.server.data-stream.async.request.thread.pool.cached = false (default)
2024-01-11 04:03:08,478 [Mini-Cluster-Provider-Create] INFO  server.RaftServerConfigKeys (ConfUtils.java:logGet(46)) - raft.server.data-stream.async.request.thread.pool.size = 20 (custom)
2024-01-11 04:03:08,478 [Mini-Cluster-Provider-Create] INFO  server.RaftServerConfigKeys (ConfUtils.java:logGet(46)) - raft.server.data-stream.async.write.thread.pool.size = 16 (default)
2024-01-11 04:03:08,478 [Mini-Cluster-Provider-Create] INFO  netty.NettyConfigKeys$DataStream (ConfUtils.java:logGet(46)) - raft.netty.dataStream.server.channel.inactive.grace-period = 10min (default)
2024-01-11 04:03:08,478 [Mini-Cluster-Provider-Create] INFO  server.RaftServerConfigKeys (ConfUtils.java:logGet(46)) - raft.server.data-stream.client.pool.size = 10 (default)
2024-01-11 04:03:08,478 [Mini-Cluster-Provider-Create] INFO  netty.NettyConfigKeys$DataStream (ConfUtils.java:logGet(46)) - raft.netty.dataStream.server.use-epoll = true (default)
2024-01-11 04:03:08,479 [Mini-Cluster-Provider-Create] INFO  netty.NettyConfigKeys$DataStream (ConfUtils.java:logGet(46)) - raft.netty.dataStream.server.boss-group.size = 0 (default)
2024-01-11 04:03:08,479 [Mini-Cluster-Provider-Create] INFO  netty.NettyUtils (NettyUtils.java:newEventLoopGroup(69)) - Create EpollEventLoopGroup for 160405f6-ad1e-49bf-8de5-8727279c1313-NettyServerStreamRpc-bossGroup; Thread size is 0.
2024-01-11 04:03:08,479 [Mini-Cluster-Provider-Create] INFO  netty.NettyConfigKeys$DataStream (ConfUtils.java:logGet(46)) - raft.netty.dataStream.server.worker-group.size = 0 (default)
2024-01-11 04:03:08,479 [Mini-Cluster-Provider-Create] INFO  netty.NettyUtils (NettyUtils.java:newEventLoopGroup(69)) - Create EpollEventLoopGroup for 160405f6-ad1e-49bf-8de5-8727279c1313-NettyServerStreamRpc-workerGroup; Thread size is 0.
2024-01-11 04:03:08,479 [Mini-Cluster-Provider-Create] INFO  netty.NettyConfigKeys$DataStream (ConfUtils.java:logGet(46)) - raft.netty.dataStream.server.tls.conf = null (default)
2024-01-11 04:03:08,479 [Mini-Cluster-Provider-Create] INFO  netty.NettyConfigKeys$DataStream (ConfUtils.java:logGet(46)) - raft.netty.dataStream.host = null (default)
2024-01-11 04:03:08,480 [Mini-Cluster-Provider-Create] INFO  netty.NettyConfigKeys$DataStream (ConfUtils.java:logGet(46)) - raft.netty.dataStream.port = 15033 (custom)
2024-01-11 04:03:08,480 [Mini-Cluster-Provider-Create] INFO  server.RaftServerConfigKeys (ConfUtils.java:logGet(46)) - raft.server.sleep.deviation.threshold = 300ms (default)
2024-01-11 04:03:08,480 [Mini-Cluster-Provider-Create] INFO  server.RaftServerConfigKeys (ConfUtils.java:logGet(46)) - raft.server.close.threshold = 60s (default)
2024-01-11 04:03:08,481 [Mini-Cluster-Provider-Create] INFO  server.RaftServerConfigKeys (ConfUtils.java:logGet(46)) - raft.server.leaderelection.leader.step-down.wait-time = 10s (default)
2024-01-11 04:03:08,481 [160405f6-ad1e-49bf-8de5-8727279c1313-NettyServerStreamRpc-bossGroup--thread1] INFO  logging.LoggingHandler (AbstractInternalLogger.java:log(148)) - [id: 0x4b38519f] REGISTERED
2024-01-11 04:03:08,481 [160405f6-ad1e-49bf-8de5-8727279c1313-NettyServerStreamRpc-bossGroup--thread1] INFO  logging.LoggingHandler (AbstractInternalLogger.java:log(148)) - [id: 0x4b38519f] BIND: 0.0.0.0/0.0.0.0:15033
2024-01-11 04:03:08,481 [160405f6-ad1e-49bf-8de5-8727279c1313-NettyServerStreamRpc-bossGroup--thread1] INFO  logging.LoggingHandler (AbstractInternalLogger.java:log(148)) - [id: 0x4b38519f, L:/0.0.0.0:15033] ACTIVE
2024-01-11 04:03:08,485 [Mini-Cluster-Provider-Create] INFO  server.RaftServerConfigKeys (ConfUtils.java:logGet(46)) - raft.server.storage.dir = [/home/runner/work/ozone/ozone/hadoop-ozone/integration-test/target/test-dir/MiniOzoneClusterImpl-bfa76206-2968-4191-bda1-2218be479879/datanode-2/data/ratis] (custom)
2024-01-11 04:03:08,485 [Mini-Cluster-Provider-Create] INFO  server.RaftServerConfigKeys (ConfUtils.java:logGet(46)) - raft.server.threadpool.proxy.cached = true (default)
2024-01-11 04:03:08,485 [Mini-Cluster-Provider-Create] INFO  server.RaftServerConfigKeys (ConfUtils.java:logGet(46)) - raft.server.threadpool.proxy.size = 0 (default)
2024-01-11 04:03:08,485 [160405f6-ad1e-49bf-8de5-8727279c1313-impl-thread1] INFO  server.RaftServer (RaftServerProxy.java:initGroupDir(264)) - 160405f6-ad1e-49bf-8de5-8727279c1313: found a subdirectory /home/runner/work/ozone/ozone/hadoop-ozone/integration-test/target/test-dir/MiniOzoneClusterImpl-bfa76206-2968-4191-bda1-2218be479879/datanode-2/data/ratis/tmp
2024-01-11 04:03:08,485 [160405f6-ad1e-49bf-8de5-8727279c1313-impl-thread1] INFO  server.RaftServer (RaftServerProxy.java:initGroupDir(269)) - 160405f6-ad1e-49bf-8de5-8727279c1313: The directory /home/runner/work/ozone/ozone/hadoop-ozone/integration-test/target/test-dir/MiniOzoneClusterImpl-bfa76206-2968-4191-bda1-2218be479879/datanode-2/data/ratis/tmp is not a group directory; ignoring it. 
2024-01-11 04:03:08,485 [Mini-Cluster-Provider-Create] INFO  replication.ReplicationServer (ReplicationServer.java:<init>(85)) - Initializing replication server with thread count = 10 queue length = 4096
2024-01-11 04:03:08,486 [Mini-Cluster-Provider-Create] INFO  server.XceiverServerGrpc (XceiverServerGrpc.java:<init>(141)) - GrpcServer channel type EpollServerSocketChannel
2024-01-11 04:03:08,488 [Mini-Cluster-Provider-Create] INFO  replication.ReplicationSupervisor (ReplicationSupervisor.java:build(163)) - Initializing replication supervisor with thread count = 10
2024-01-11 04:03:08,488 [Mini-Cluster-Provider-Create] INFO  replication.ReplicationSupervisor (ReplicationSupervisor.java:nodeStateUpdated(317)) - Node state updated to IN_SERVICE, scaling executor pool size to 10
2024-01-11 04:03:08,491 [Mini-Cluster-Provider-Create] INFO  http.BaseHttpServer (BaseHttpServer.java:newHttpServer2BuilderForOzone(223)) - Starting Web-server for hddsDatanode at: http://0.0.0.0:15027
2024-01-11 04:03:08,491 [Mini-Cluster-Provider-Create] INFO  http.BaseHttpServer (BaseHttpServer.java:<init>(110)) - Hadoop Security Enabled: false Ozone Security Enabled: false Ozone HTTP Security Enabled: false 
2024-01-11 04:03:08,492 [Mini-Cluster-Provider-Create] WARN  server.AuthenticationFilter (AuthenticationFilter.java:constructSecretProvider(240)) - Unable to initialize FileSignerSecretProvider, falling back to use random secrets. Reason: Could not read signature secret file: /home/runner/hadoop-http-auth-signature-secret
2024-01-11 04:03:08,492 [Mini-Cluster-Provider-Create] INFO  http.HttpRequestLog (HttpRequestLog.java:getRequestLog(86)) - Http request log for http.requests.hddsDatanode is not defined
2024-01-11 04:03:08,493 [Mini-Cluster-Provider-Create] INFO  http.HttpServer2 (HttpServer2.java:addGlobalFilter(1036)) - Added global filter 'safety' (class=org.apache.hadoop.hdds.server.http.HttpServer2$QuotingInputFilter)
2024-01-11 04:03:08,494 [Mini-Cluster-Provider-Create] INFO  http.HttpServer2 (HttpServer2.java:addFilter(1012)) - Added filter static_user_filter (class=org.apache.hadoop.http.lib.StaticUserWebFilter$StaticUserFilter) to context hddsDatanode
2024-01-11 04:03:08,494 [Mini-Cluster-Provider-Create] INFO  http.HttpServer2 (HttpServer2.java:addFilter(1020)) - Added filter static_user_filter (class=org.apache.hadoop.http.lib.StaticUserWebFilter$StaticUserFilter) to context logs
2024-01-11 04:03:08,494 [Mini-Cluster-Provider-Create] INFO  http.HttpServer2 (HttpServer2.java:addFilter(1020)) - Added filter static_user_filter (class=org.apache.hadoop.http.lib.StaticUserWebFilter$StaticUserFilter) to context static
2024-01-11 04:03:08,495 [Mini-Cluster-Provider-Create] INFO  http.BaseHttpServer (BaseHttpServer.java:<init>(189)) - HTTP server of hddsDatanode uses base directory /home/runner/work/ozone/ozone/hadoop-ozone/integration-test/target/test-dir/MiniOzoneClusterImpl-bfa76206-2968-4191-bda1-2218be479879/datanode-2/meta/webserver
2024-01-11 04:03:08,495 [Mini-Cluster-Provider-Create] INFO  http.HttpServer2 (HttpServer2.java:bindListener(1236)) - Jetty bound to port 15027
2024-01-11 04:03:08,495 [Mini-Cluster-Provider-Create] INFO  server.Server (Server.java:doStart(375)) - jetty-9.4.53.v20231009; built: 2023-10-09T12:29:09.265Z; git: 27bde00a0b95a1d5bbee0eae7984f891d2d0f8c9; jvm 1.8.0_392-b08
2024-01-11 04:03:08,497 [Mini-Cluster-Provider-Create] INFO  server.session (DefaultSessionIdManager.java:doStart(334)) - DefaultSessionIdManager workerName=node0
2024-01-11 04:03:08,497 [Mini-Cluster-Provider-Create] INFO  server.session (DefaultSessionIdManager.java:doStart(339)) - No SessionScavenger set, using defaults
2024-01-11 04:03:08,497 [Mini-Cluster-Provider-Create] INFO  server.session (HouseKeeper.java:startScavenging(132)) - node0 Scavenging every 600000ms
2024-01-11 04:03:08,497 [Mini-Cluster-Provider-Create] INFO  handler.ContextHandler (ContextHandler.java:doStart(921)) - Started o.e.j.s.ServletContextHandler@189def89{logs,/logs,file:///home/runner/work/ozone/ozone/hadoop-ozone/integration-test/target/log,AVAILABLE}
2024-01-11 04:03:08,498 [Mini-Cluster-Provider-Create] INFO  handler.ContextHandler (ContextHandler.java:doStart(921)) - Started o.e.j.s.ServletContextHandler@17fcfea5{static,/static,jar:file:/home/runner/.m2/repository/org/apache/ozone/hdds-container-service/1.5.0-SNAPSHOT/hdds-container-service-1.5.0-SNAPSHOT.jar!/webapps/static,AVAILABLE}
2024-01-11 04:03:08,534 [Mini-Cluster-Provider-Create] INFO  handler.ContextHandler (ContextHandler.java:doStart(921)) - Started o.e.j.w.WebAppContext@3678d2cf{hddsDatanode,/,file:///home/runner/work/ozone/ozone/hadoop-ozone/integration-test/target/test-dir/MiniOzoneClusterImpl-bfa76206-2968-4191-bda1-2218be479879/datanode-2/meta/webserver/jetty-0_0_0_0-15027-hdds-container-service-1_5_0-SNAPSHOT_jar-_-any-2586381286789014442/webapp/,AVAILABLE}{jar:file:/home/runner/.m2/repository/org/apache/ozone/hdds-container-service/1.5.0-SNAPSHOT/hdds-container-service-1.5.0-SNAPSHOT.jar!/webapps/hddsDatanode}
2024-01-11 04:03:08,535 [Mini-Cluster-Provider-Create] INFO  server.AbstractConnector (AbstractConnector.java:doStart(333)) - Started ServerConnector@166ba308{HTTP/1.1, (http/1.1)}{0.0.0.0:15027}
2024-01-11 04:03:08,536 [Mini-Cluster-Provider-Create] INFO  server.Server (Server.java:doStart(415)) - Started @6389ms
2024-01-11 04:03:08,536 [Mini-Cluster-Provider-Create] WARN  impl.MetricsSystemImpl (MetricsSystemImpl.java:register(279)) - Sink prometheus already exists!
2024-01-11 04:03:08,537 [Mini-Cluster-Provider-Create] INFO  http.BaseHttpServer (BaseHttpServer.java:updateConnectorAddress(354)) - HTTP server of hddsDatanode listening at http://0.0.0.0:15027
2024-01-11 04:03:08,537 [Mini-Cluster-Provider-Create] INFO  ipc.CallQueueManager (CallQueueManager.java:<init>(90)) - Using callQueue: class java.util.concurrent.LinkedBlockingQueue, queueCapacity: 100, scheduler: class org.apache.hadoop.ipc.DefaultRpcScheduler, ipcBackoff: false.
2024-01-11 04:03:08,537 [Mini-Cluster-Provider-Create] INFO  ipc.Server (Server.java:<init>(1287)) - Listener at 0.0.0.0:15028
2024-01-11 04:03:08,537 [Socket Reader #1 for port 15028] INFO  ipc.Server (Server.java:run(1323)) - Starting Socket Reader #1 for port 15028
2024-01-11 04:03:08,545 [Mini-Cluster-Provider-Create] INFO  ozone.HddsDatanodeService (HddsDatanodeService.java:start(324)) - Datanode start with admins: [runner]
2024-01-11 04:03:08,545 [Mini-Cluster-Provider-Create] INFO  ozone.HddsDatanodeClientProtocolServer (HddsDatanodeClientProtocolServer.java:start(72)) - RPC server for Client /0.0.0.0:15028
2024-01-11 04:03:08,546 [IPC Server Responder] INFO  ipc.Server (Server.java:run(1562)) - IPC Server Responder: starting
2024-01-11 04:03:08,546 [IPC Server listener on 15028] INFO  ipc.Server (Server.java:run(1402)) - IPC Server listener on 15028: starting
2024-01-11 04:03:08,549 [160405f6-ad1e-49bf-8de5-8727279c1313-DatanodeStateMachineDaemonThread] INFO  statemachine.DatanodeStateMachine (DatanodeStateMachine.java:lambda$startDaemon$1(555)) - Ozone container server started.
2024-01-11 04:03:08,550 [Mini-Cluster-Provider-Create] INFO  ozone.MiniOzoneClusterImpl (MiniOzoneClusterImpl.java:lambda$waitForClusterToBeReady$0(229)) - Waiting for nodes to be ready. Got 0 of 3 DN Heartbeats.
2024-01-11 04:03:08,550 [Mini-Cluster-Provider-Create] INFO  ozone.MiniOzoneClusterImpl (MiniOzoneClusterImpl.java:lambda$waitForClusterToBeReady$0(232)) - Waiting for cluster to exit safe mode
2024-01-11 04:03:08,550 [Mini-Cluster-Provider-Create] INFO  ozone.MiniOzoneClusterImpl (MiniOzoneClusterImpl.java:lambda$waitForClusterToBeReady$0(234)) - SCM became leader
2024-01-11 04:03:08,557 [160405f6-ad1e-49bf-8de5-8727279c1313-DatanodeStateMachineTaskThread-0] INFO  datanode.InitDatanodeState (InitDatanodeState.java:persistContainerDatanodeDetails(139)) - DatanodeDetails is persisted to /home/runner/work/ozone/ozone/hadoop-ozone/integration-test/target/test-dir/MiniOzoneClusterImpl-bfa76206-2968-4191-bda1-2218be479879/datanode-2/meta/datanode.id
2024-01-11 04:03:08,762 [om1@group-C5BA1605619E-FollowerState] INFO  impl.FollowerState (FollowerState.java:run(143)) - om1@group-C5BA1605619E-FollowerState: change to CANDIDATE, lastRpcElapsedTime:1064100111ns, electionTimeout:1059ms
2024-01-11 04:03:08,762 [om1@group-C5BA1605619E-FollowerState] INFO  impl.RoleInfo (RoleInfo.java:shutdownFollowerState(110)) - om1: shutdown om1@group-C5BA1605619E-FollowerState
2024-01-11 04:03:08,762 [om1@group-C5BA1605619E-FollowerState] INFO  server.RaftServer$Division (RaftServerImpl.java:setRole(383)) - om1@group-C5BA1605619E: changes role from  FOLLOWER to CANDIDATE at term 0 for changeToCandidate
2024-01-11 04:03:08,765 [om1@group-C5BA1605619E-FollowerState] INFO  server.RaftServerConfigKeys (ConfUtils.java:logGet(46)) - raft.server.leaderelection.pre-vote = true (default)
2024-01-11 04:03:08,765 [om1@group-C5BA1605619E-FollowerState] INFO  impl.RoleInfo (RoleInfo.java:updateAndGet(139)) - om1: start om1@group-C5BA1605619E-LeaderElection1
2024-01-11 04:03:08,768 [om1@group-C5BA1605619E-LeaderElection1] INFO  impl.LeaderElection (LeaderElection.java:askForVotes(321)) - om1@group-C5BA1605619E-LeaderElection1 PRE_VOTE round 0: submit vote requests at term 0 for -1: peers:[om1|localhost:15007]|listeners:[], old=null
2024-01-11 04:03:08,769 [om1@group-C5BA1605619E-LeaderElection1] INFO  impl.LeaderElection (LeaderElection.java:askForVotes(323)) - om1@group-C5BA1605619E-LeaderElection1 PRE_VOTE round 0: result PASSED (term=0)
2024-01-11 04:03:08,771 [om1@group-C5BA1605619E-LeaderElection1] INFO  impl.LeaderElection (LeaderElection.java:askForVotes(321)) - om1@group-C5BA1605619E-LeaderElection1 ELECTION round 0: submit vote requests at term 1 for -1: peers:[om1|localhost:15007]|listeners:[], old=null
2024-01-11 04:03:08,772 [om1@group-C5BA1605619E-LeaderElection1] INFO  impl.LeaderElection (LeaderElection.java:askForVotes(323)) - om1@group-C5BA1605619E-LeaderElection1 ELECTION round 0: result PASSED (term=1)
2024-01-11 04:03:08,772 [om1@group-C5BA1605619E-LeaderElection1] INFO  impl.RoleInfo (RoleInfo.java:shutdownLeaderElection(130)) - om1: shutdown om1@group-C5BA1605619E-LeaderElection1
2024-01-11 04:03:08,772 [om1@group-C5BA1605619E-LeaderElection1] INFO  server.RaftServer$Division (RaftServerImpl.java:setRole(383)) - om1@group-C5BA1605619E: changes role from CANDIDATE to LEADER at term 1 for changeToLeader
2024-01-11 04:03:08,777 [om1@group-C5BA1605619E-LeaderElection1] INFO  server.RaftServerConfigKeys (ConfUtils.java:logGet(46)) - raft.server.staging.catchup.gap = 1000 (default)
2024-01-11 04:03:08,781 [om1@group-C5BA1605619E-LeaderElection1] INFO  server.RaftServerConfigKeys (ConfUtils.java:logGet(46)) - raft.server.write.element-limit = 4096 (default)
2024-01-11 04:03:08,781 [om1@group-C5BA1605619E-LeaderElection1] INFO  server.RaftServerConfigKeys (ConfUtils.java:logGet(46)) - raft.server.write.byte-limit = 64MB (=67108864) (default)
2024-01-11 04:03:08,784 [om1@group-C5BA1605619E-LeaderElection1] INFO  server.RaftServerConfigKeys (ConfUtils.java:logGet(46)) - raft.server.watch.timeout = 10s (default)
2024-01-11 04:03:08,784 [om1@group-C5BA1605619E-LeaderElection1] INFO  server.RaftServerConfigKeys (ConfUtils.java:logGet(46)) - raft.server.watch.timeout.denomination = 1s (default)
2024-01-11 04:03:08,784 [om1@group-C5BA1605619E-LeaderElection1] INFO  server.RaftServerConfigKeys (ConfUtils.java:logGet(46)) - raft.server.watch.element-limit = 65536 (default)
2024-01-11 04:03:08,788 [om1@group-C5BA1605619E-LeaderElection1] INFO  server.RaftServerConfigKeys (ConfUtils.java:logGet(46)) - raft.server.read.leader.lease.enabled = false (default)
2024-01-11 04:03:08,789 [om1@group-C5BA1605619E-LeaderElection1] INFO  server.RaftServerConfigKeys (ConfUtils.java:logGet(46)) - raft.server.read.leader.lease.timeout.ratio = 0.9 (default)
2024-01-11 04:03:08,789 [om1@group-C5BA1605619E-LeaderElection1] INFO  server.RaftServerConfigKeys (ConfUtils.java:logGet(46)) - raft.server.rpc.timeout.min = 1s (custom)
2024-01-11 04:03:08,790 [om1@group-C5BA1605619E-LeaderElection1] INFO  server.RaftServerConfigKeys (ConfUtils.java:logGet(46)) - raft.server.write.element-limit = 4096 (default)
2024-01-11 04:03:08,790 [om1@group-C5BA1605619E-LeaderElection1] INFO  server.RaftServerConfigKeys (ConfUtils.java:logGet(46)) - raft.server.write.follower.gap.ratio.max = -1.0 (default)
2024-01-11 04:03:08,791 [om1@group-C5BA1605619E-LeaderElection1] INFO  impl.RoleInfo (RoleInfo.java:updateAndGet(139)) - om1: start om1@group-C5BA1605619E-LeaderStateImpl
2024-01-11 04:03:08,791 [om1@group-C5BA1605619E-LeaderElection1] INFO  server.RaftServer$Division (RaftServerImpl.java:setFirstElection(574)) - om1@group-C5BA1605619E: set firstElectionSinceStartup to false for becomeLeader
2024-01-11 04:03:08,793 [om1@group-C5BA1605619E-LeaderElection1] INFO  server.RaftServer$Division (ServerState.java:setLeader(269)) - om1@group-C5BA1605619E: change Leader from null to om1 at term 1 for becomeLeader, leader elected after 1697ms
2024-01-11 04:03:08,813 [om1@group-C5BA1605619E-LeaderElection1] INFO  segmented.SegmentedRaftLogWorker (SegmentedRaftLogWorker.java:startLogSegment(430)) - om1@group-C5BA1605619E-SegmentedRaftLogWorker: Starting segment from index:0
2024-01-11 04:03:08,831 [om1@group-C5BA1605619E-LeaderElection1] INFO  server.RaftServer$Division (ServerState.java:setRaftConf(386)) - om1@group-C5BA1605619E: set configuration 0: peers:[om1|localhost:15007]|listeners:[], old=null
2024-01-11 04:03:08,833 [om1@group-C5BA1605619E-SegmentedRaftLogWorker] INFO  segmented.BufferedWriteChannel (BufferedWriteChannel.java:open(62)) - open log_inprogress_0 at position 0
2024-01-11 04:03:08,841 [om1@group-C5BA1605619E-SegmentedRaftLogWorker] INFO  segmented.SegmentedRaftLogWorker (SegmentedRaftLogWorker.java:execute(634)) - om1@group-C5BA1605619E-SegmentedRaftLogWorker: created new log segment /home/runner/work/ozone/ozone/hadoop-ozone/integration-test/target/test-dir/MiniOzoneClusterImpl-bfa76206-2968-4191-bda1-2218be479879/ozone-meta/ratis/bf265839-605b-3f16-9796-c5ba1605619e/current/log_inprogress_0
2024-01-11 04:03:08,915 [om1@group-C5BA1605619E-StateMachineUpdater] INFO  ratis.OzoneManagerStateMachine (OzoneManagerStateMachine.java:notifyConfigurationChanged(213)) - Received Configuration change notification from Ratis. New Peer list:
[id: "om1"
address: "localhost:15007"
startupRole: FOLLOWER
]
2024-01-11 04:03:08,917 [om1@group-C5BA1605619E-StateMachineUpdater] INFO  server.RaftServer$Division (LeaderStateImpl.java:isApplied(320)) - leader is ready since appliedIndex == 0 >= startIndex == 0
2024-01-11 04:03:09,551 [Mini-Cluster-Provider-Create] INFO  ozone.MiniOzoneClusterImpl (MiniOzoneClusterImpl.java:lambda$waitForClusterToBeReady$0(229)) - Waiting for nodes to be ready. Got 0 of 3 DN Heartbeats.
2024-01-11 04:03:09,551 [Mini-Cluster-Provider-Create] INFO  ozone.MiniOzoneClusterImpl (MiniOzoneClusterImpl.java:lambda$waitForClusterToBeReady$0(232)) - Waiting for cluster to exit safe mode
2024-01-11 04:03:09,551 [Mini-Cluster-Provider-Create] INFO  ozone.MiniOzoneClusterImpl (MiniOzoneClusterImpl.java:lambda$waitForClusterToBeReady$0(234)) - SCM became leader
2024-01-11 04:03:10,393 [e9344016-ed75-4908-bdbb-2b1208d89c49-EndpointStateMachineTaskThread-/0.0.0.0:15002-0 ] INFO  utils.DatanodeStoreCache (DatanodeStoreCache.java:addDB(72)) - Added db /home/runner/work/ozone/ozone/hadoop-ozone/integration-test/target/test-dir/MiniOzoneClusterImpl-bfa76206-2968-4191-bda1-2218be479879/datanode-0/data-0/containers/hdds/bfa76206-2968-4191-bda1-2218be479879/DS-448b9b52-e705-48f7-8b80-cb981de3a2b1/container.db to cache
2024-01-11 04:03:10,393 [e9344016-ed75-4908-bdbb-2b1208d89c49-EndpointStateMachineTaskThread-/0.0.0.0:15002-0 ] INFO  volume.HddsVolume (HddsVolume.java:createDbStore(420)) - SchemaV3 db is created and loaded at /home/runner/work/ozone/ozone/hadoop-ozone/integration-test/target/test-dir/MiniOzoneClusterImpl-bfa76206-2968-4191-bda1-2218be479879/datanode-0/data-0/containers/hdds/bfa76206-2968-4191-bda1-2218be479879/DS-448b9b52-e705-48f7-8b80-cb981de3a2b1/container.db for volume DS-448b9b52-e705-48f7-8b80-cb981de3a2b1
2024-01-11 04:03:10,396 [e9344016-ed75-4908-bdbb-2b1208d89c49-EndpointStateMachineTaskThread-/0.0.0.0:15002-0 ] INFO  volume.ThrottledAsyncChecker (ThrottledAsyncChecker.java:schedule(141)) - Scheduling a check for /home/runner/work/ozone/ozone/hadoop-ozone/integration-test/target/test-dir/MiniOzoneClusterImpl-bfa76206-2968-4191-bda1-2218be479879/datanode-0/data-0/containers/hdds
2024-01-11 04:03:10,407 [e9344016-ed75-4908-bdbb-2b1208d89c49-EndpointStateMachineTaskThread-/0.0.0.0:15002-0 ] INFO  volume.StorageVolumeChecker (StorageVolumeChecker.java:checkAllVolumes(218)) - Scheduled health check for volume /home/runner/work/ozone/ozone/hadoop-ozone/integration-test/target/test-dir/MiniOzoneClusterImpl-bfa76206-2968-4191-bda1-2218be479879/datanode-0/data-0/containers/hdds
2024-01-11 04:03:10,408 [e9344016-ed75-4908-bdbb-2b1208d89c49-EndpointStateMachineTaskThread-/0.0.0.0:15002-0 ] INFO  volume.ThrottledAsyncChecker (ThrottledAsyncChecker.java:schedule(141)) - Scheduling a check for /home/runner/work/ozone/ozone/hadoop-ozone/integration-test/target/test-dir/MiniOzoneClusterImpl-bfa76206-2968-4191-bda1-2218be479879/datanode-0/data/ratis
2024-01-11 04:03:10,408 [e9344016-ed75-4908-bdbb-2b1208d89c49-EndpointStateMachineTaskThread-/0.0.0.0:15002-0 ] INFO  volume.StorageVolumeChecker (StorageVolumeChecker.java:checkAllVolumes(218)) - Scheduled health check for volume /home/runner/work/ozone/ozone/hadoop-ozone/integration-test/target/test-dir/MiniOzoneClusterImpl-bfa76206-2968-4191-bda1-2218be479879/datanode-0/data/ratis
2024-01-11 04:03:10,410 [e9344016-ed75-4908-bdbb-2b1208d89c49-EndpointStateMachineTaskThread-/0.0.0.0:15002-0 ] INFO  ozoneimpl.OzoneContainer (OzoneContainer.java:start(457)) - Attempting to start container services.
2024-01-11 04:03:10,412 [e9344016-ed75-4908-bdbb-2b1208d89c49-EndpointStateMachineTaskThread-/0.0.0.0:15002-0 ] INFO  ozoneimpl.OzoneContainer (OzoneContainer.java:startContainerScrub(339)) - Scheduled background container scanners and the on-demand container scanner have been disabled.
2024-01-11 04:03:10,413 [e9344016-ed75-4908-bdbb-2b1208d89c49-EndpointStateMachineTaskThread-/0.0.0.0:15002-0 ] INFO  replication.ReplicationServer (ReplicationServer.java:start(139)) - ReplicationServer is started using port 15016
2024-01-11 04:03:10,413 [e9344016-ed75-4908-bdbb-2b1208d89c49-EndpointStateMachineTaskThread-/0.0.0.0:15002-0 ] INFO  ratis.XceiverServerRatis (XceiverServerRatis.java:start(549)) - Starting XceiverServerRatis e9344016-ed75-4908-bdbb-2b1208d89c49
2024-01-11 04:03:10,415 [e9344016-ed75-4908-bdbb-2b1208d89c49-EndpointStateMachineTaskThread-/0.0.0.0:15002-0 ] INFO  server.RaftServer (RaftServerProxy.java:startImpl(406)) - e9344016-ed75-4908-bdbb-2b1208d89c49: start RPC server
2024-01-11 04:03:10,416 [e9344016-ed75-4908-bdbb-2b1208d89c49-EndpointStateMachineTaskThread-/0.0.0.0:15002-0 ] INFO  server.GrpcService (GrpcService.java:startImpl(302)) - e9344016-ed75-4908-bdbb-2b1208d89c49: GrpcService started, listening on 15012
2024-01-11 04:03:10,417 [e9344016-ed75-4908-bdbb-2b1208d89c49-EndpointStateMachineTaskThread-/0.0.0.0:15002-0 ] INFO  server.GrpcService (GrpcService.java:startImpl(302)) - e9344016-ed75-4908-bdbb-2b1208d89c49: GrpcService started, listening on 15014
2024-01-11 04:03:10,418 [e9344016-ed75-4908-bdbb-2b1208d89c49-EndpointStateMachineTaskThread-/0.0.0.0:15002-0 ] INFO  server.GrpcService (GrpcService.java:startImpl(302)) - e9344016-ed75-4908-bdbb-2b1208d89c49: GrpcService started, listening on 15013
2024-01-11 04:03:10,418 [JvmPauseMonitor2] INFO  util.JvmPauseMonitor (JvmPauseMonitor.java:run(146)) - JvmPauseMonitor-e9344016-ed75-4908-bdbb-2b1208d89c49: Started
2024-01-11 04:03:10,419 [e9344016-ed75-4908-bdbb-2b1208d89c49-EndpointStateMachineTaskThread-/0.0.0.0:15002-0 ] INFO  ratis.XceiverServerRatis (XceiverServerRatis.java:getRealPort(575)) - XceiverServerRatis e9344016-ed75-4908-bdbb-2b1208d89c49 is started using port 15012 for RATIS
2024-01-11 04:03:10,419 [e9344016-ed75-4908-bdbb-2b1208d89c49-EndpointStateMachineTaskThread-/0.0.0.0:15002-0 ] INFO  ratis.XceiverServerRatis (XceiverServerRatis.java:getRealPort(575)) - XceiverServerRatis e9344016-ed75-4908-bdbb-2b1208d89c49 is started using port 15013 for RATIS_ADMIN
2024-01-11 04:03:10,420 [e9344016-ed75-4908-bdbb-2b1208d89c49-EndpointStateMachineTaskThread-/0.0.0.0:15002-0 ] INFO  ratis.XceiverServerRatis (XceiverServerRatis.java:getRealPort(575)) - XceiverServerRatis e9344016-ed75-4908-bdbb-2b1208d89c49 is started using port 15014 for RATIS_SERVER
2024-01-11 04:03:10,420 [e9344016-ed75-4908-bdbb-2b1208d89c49-EndpointStateMachineTaskThread-/0.0.0.0:15002-0 ] INFO  ratis.XceiverServerRatis (XceiverServerRatis.java:getRealPort(575)) - XceiverServerRatis e9344016-ed75-4908-bdbb-2b1208d89c49 is started using port 15015 for RATIS_DATASTREAM
2024-01-11 04:03:10,425 [e9344016-ed75-4908-bdbb-2b1208d89c49-BlockDeletingService#0] INFO  interfaces.ContainerDeletionChoosingPolicyTemplate (ContainerDeletionChoosingPolicyTemplate.java:chooseContainerForBlockDeletion(85)) - Chosen 0/5000 blocks from 0 candidate containers.
2024-01-11 04:03:10,460 [001cd0bd-e806-4758-aa83-7f483601919f-EndpointStateMachineTaskThread-/0.0.0.0:15002-0 ] INFO  utils.DatanodeStoreCache (DatanodeStoreCache.java:addDB(72)) - Added db /home/runner/work/ozone/ozone/hadoop-ozone/integration-test/target/test-dir/MiniOzoneClusterImpl-bfa76206-2968-4191-bda1-2218be479879/datanode-1/data-0/containers/hdds/bfa76206-2968-4191-bda1-2218be479879/DS-d6027530-5959-44fa-a56a-d669c658cd04/container.db to cache
2024-01-11 04:03:10,460 [001cd0bd-e806-4758-aa83-7f483601919f-EndpointStateMachineTaskThread-/0.0.0.0:15002-0 ] INFO  volume.HddsVolume (HddsVolume.java:createDbStore(420)) - SchemaV3 db is created and loaded at /home/runner/work/ozone/ozone/hadoop-ozone/integration-test/target/test-dir/MiniOzoneClusterImpl-bfa76206-2968-4191-bda1-2218be479879/datanode-1/data-0/containers/hdds/bfa76206-2968-4191-bda1-2218be479879/DS-d6027530-5959-44fa-a56a-d669c658cd04/container.db for volume DS-d6027530-5959-44fa-a56a-d669c658cd04
2024-01-11 04:03:10,462 [001cd0bd-e806-4758-aa83-7f483601919f-EndpointStateMachineTaskThread-/0.0.0.0:15002-0 ] INFO  volume.ThrottledAsyncChecker (ThrottledAsyncChecker.java:schedule(141)) - Scheduling a check for /home/runner/work/ozone/ozone/hadoop-ozone/integration-test/target/test-dir/MiniOzoneClusterImpl-bfa76206-2968-4191-bda1-2218be479879/datanode-1/data-0/containers/hdds
2024-01-11 04:03:10,463 [001cd0bd-e806-4758-aa83-7f483601919f-EndpointStateMachineTaskThread-/0.0.0.0:15002-0 ] INFO  volume.StorageVolumeChecker (StorageVolumeChecker.java:checkAllVolumes(218)) - Scheduled health check for volume /home/runner/work/ozone/ozone/hadoop-ozone/integration-test/target/test-dir/MiniOzoneClusterImpl-bfa76206-2968-4191-bda1-2218be479879/datanode-1/data-0/containers/hdds
2024-01-11 04:03:10,465 [001cd0bd-e806-4758-aa83-7f483601919f-EndpointStateMachineTaskThread-/0.0.0.0:15002-0 ] INFO  volume.ThrottledAsyncChecker (ThrottledAsyncChecker.java:schedule(141)) - Scheduling a check for /home/runner/work/ozone/ozone/hadoop-ozone/integration-test/target/test-dir/MiniOzoneClusterImpl-bfa76206-2968-4191-bda1-2218be479879/datanode-1/data/ratis
2024-01-11 04:03:10,468 [001cd0bd-e806-4758-aa83-7f483601919f-EndpointStateMachineTaskThread-/0.0.0.0:15002-0 ] INFO  volume.StorageVolumeChecker (StorageVolumeChecker.java:checkAllVolumes(218)) - Scheduled health check for volume /home/runner/work/ozone/ozone/hadoop-ozone/integration-test/target/test-dir/MiniOzoneClusterImpl-bfa76206-2968-4191-bda1-2218be479879/datanode-1/data/ratis
2024-01-11 04:03:10,468 [001cd0bd-e806-4758-aa83-7f483601919f-EndpointStateMachineTaskThread-/0.0.0.0:15002-0 ] INFO  ozoneimpl.OzoneContainer (OzoneContainer.java:start(457)) - Attempting to start container services.
2024-01-11 04:03:10,469 [001cd0bd-e806-4758-aa83-7f483601919f-EndpointStateMachineTaskThread-/0.0.0.0:15002-0 ] INFO  ozoneimpl.OzoneContainer (OzoneContainer.java:startContainerScrub(339)) - Scheduled background container scanners and the on-demand container scanner have been disabled.
2024-01-11 04:03:10,470 [001cd0bd-e806-4758-aa83-7f483601919f-EndpointStateMachineTaskThread-/0.0.0.0:15002-0 ] INFO  replication.ReplicationServer (ReplicationServer.java:start(139)) - ReplicationServer is started using port 15025
2024-01-11 04:03:10,470 [001cd0bd-e806-4758-aa83-7f483601919f-EndpointStateMachineTaskThread-/0.0.0.0:15002-0 ] INFO  ratis.XceiverServerRatis (XceiverServerRatis.java:start(549)) - Starting XceiverServerRatis 001cd0bd-e806-4758-aa83-7f483601919f
2024-01-11 04:03:10,472 [001cd0bd-e806-4758-aa83-7f483601919f-EndpointStateMachineTaskThread-/0.0.0.0:15002-0 ] INFO  server.RaftServer (RaftServerProxy.java:startImpl(406)) - 001cd0bd-e806-4758-aa83-7f483601919f: start RPC server
2024-01-11 04:03:10,473 [001cd0bd-e806-4758-aa83-7f483601919f-EndpointStateMachineTaskThread-/0.0.0.0:15002-0 ] INFO  server.GrpcService (GrpcService.java:startImpl(302)) - 001cd0bd-e806-4758-aa83-7f483601919f: GrpcService started, listening on 15021
2024-01-11 04:03:10,474 [001cd0bd-e806-4758-aa83-7f483601919f-EndpointStateMachineTaskThread-/0.0.0.0:15002-0 ] INFO  server.GrpcService (GrpcService.java:startImpl(302)) - 001cd0bd-e806-4758-aa83-7f483601919f: GrpcService started, listening on 15023
2024-01-11 04:03:10,475 [001cd0bd-e806-4758-aa83-7f483601919f-EndpointStateMachineTaskThread-/0.0.0.0:15002-0 ] INFO  server.GrpcService (GrpcService.java:startImpl(302)) - 001cd0bd-e806-4758-aa83-7f483601919f: GrpcService started, listening on 15022
2024-01-11 04:03:10,476 [001cd0bd-e806-4758-aa83-7f483601919f-EndpointStateMachineTaskThread-/0.0.0.0:15002-0 ] INFO  ratis.XceiverServerRatis (XceiverServerRatis.java:getRealPort(575)) - XceiverServerRatis 001cd0bd-e806-4758-aa83-7f483601919f is started using port 15021 for RATIS
2024-01-11 04:03:10,476 [JvmPauseMonitor3] INFO  util.JvmPauseMonitor (JvmPauseMonitor.java:run(146)) - JvmPauseMonitor-001cd0bd-e806-4758-aa83-7f483601919f: Started
2024-01-11 04:03:10,476 [001cd0bd-e806-4758-aa83-7f483601919f-EndpointStateMachineTaskThread-/0.0.0.0:15002-0 ] INFO  ratis.XceiverServerRatis (XceiverServerRatis.java:getRealPort(575)) - XceiverServerRatis 001cd0bd-e806-4758-aa83-7f483601919f is started using port 15022 for RATIS_ADMIN
2024-01-11 04:03:10,476 [001cd0bd-e806-4758-aa83-7f483601919f-EndpointStateMachineTaskThread-/0.0.0.0:15002-0 ] INFO  ratis.XceiverServerRatis (XceiverServerRatis.java:getRealPort(575)) - XceiverServerRatis 001cd0bd-e806-4758-aa83-7f483601919f is started using port 15023 for RATIS_SERVER
2024-01-11 04:03:10,476 [001cd0bd-e806-4758-aa83-7f483601919f-EndpointStateMachineTaskThread-/0.0.0.0:15002-0 ] INFO  ratis.XceiverServerRatis (XceiverServerRatis.java:getRealPort(575)) - XceiverServerRatis 001cd0bd-e806-4758-aa83-7f483601919f is started using port 15024 for RATIS_DATASTREAM
2024-01-11 04:03:10,478 [001cd0bd-e806-4758-aa83-7f483601919f-BlockDeletingService#0] INFO  interfaces.ContainerDeletionChoosingPolicyTemplate (ContainerDeletionChoosingPolicyTemplate.java:chooseContainerForBlockDeletion(85)) - Chosen 0/5000 blocks from 0 candidate containers.
2024-01-11 04:03:10,551 [Mini-Cluster-Provider-Create] INFO  ozone.MiniOzoneClusterImpl (MiniOzoneClusterImpl.java:lambda$waitForClusterToBeReady$0(229)) - Waiting for nodes to be ready. Got 0 of 3 DN Heartbeats.
2024-01-11 04:03:10,551 [Mini-Cluster-Provider-Create] INFO  ozone.MiniOzoneClusterImpl (MiniOzoneClusterImpl.java:lambda$waitForClusterToBeReady$0(232)) - Waiting for cluster to exit safe mode
2024-01-11 04:03:10,551 [Mini-Cluster-Provider-Create] INFO  ozone.MiniOzoneClusterImpl (MiniOzoneClusterImpl.java:lambda$waitForClusterToBeReady$0(234)) - SCM became leader
2024-01-11 04:03:10,577 [160405f6-ad1e-49bf-8de5-8727279c1313-EndpointStateMachineTaskThread-/0.0.0.0:15002-0 ] INFO  utils.DatanodeStoreCache (DatanodeStoreCache.java:addDB(72)) - Added db /home/runner/work/ozone/ozone/hadoop-ozone/integration-test/target/test-dir/MiniOzoneClusterImpl-bfa76206-2968-4191-bda1-2218be479879/datanode-2/data-0/containers/hdds/bfa76206-2968-4191-bda1-2218be479879/DS-14b8c075-78ca-4444-85d8-15be34660ff0/container.db to cache
2024-01-11 04:03:10,577 [160405f6-ad1e-49bf-8de5-8727279c1313-EndpointStateMachineTaskThread-/0.0.0.0:15002-0 ] INFO  volume.HddsVolume (HddsVolume.java:createDbStore(420)) - SchemaV3 db is created and loaded at /home/runner/work/ozone/ozone/hadoop-ozone/integration-test/target/test-dir/MiniOzoneClusterImpl-bfa76206-2968-4191-bda1-2218be479879/datanode-2/data-0/containers/hdds/bfa76206-2968-4191-bda1-2218be479879/DS-14b8c075-78ca-4444-85d8-15be34660ff0/container.db for volume DS-14b8c075-78ca-4444-85d8-15be34660ff0
2024-01-11 04:03:10,579 [160405f6-ad1e-49bf-8de5-8727279c1313-EndpointStateMachineTaskThread-/0.0.0.0:15002-0 ] INFO  volume.ThrottledAsyncChecker (ThrottledAsyncChecker.java:schedule(141)) - Scheduling a check for /home/runner/work/ozone/ozone/hadoop-ozone/integration-test/target/test-dir/MiniOzoneClusterImpl-bfa76206-2968-4191-bda1-2218be479879/datanode-2/data-0/containers/hdds
2024-01-11 04:03:10,579 [160405f6-ad1e-49bf-8de5-8727279c1313-EndpointStateMachineTaskThread-/0.0.0.0:15002-0 ] INFO  volume.StorageVolumeChecker (StorageVolumeChecker.java:checkAllVolumes(218)) - Scheduled health check for volume /home/runner/work/ozone/ozone/hadoop-ozone/integration-test/target/test-dir/MiniOzoneClusterImpl-bfa76206-2968-4191-bda1-2218be479879/datanode-2/data-0/containers/hdds
2024-01-11 04:03:10,581 [160405f6-ad1e-49bf-8de5-8727279c1313-EndpointStateMachineTaskThread-/0.0.0.0:15002-0 ] INFO  volume.ThrottledAsyncChecker (ThrottledAsyncChecker.java:schedule(141)) - Scheduling a check for /home/runner/work/ozone/ozone/hadoop-ozone/integration-test/target/test-dir/MiniOzoneClusterImpl-bfa76206-2968-4191-bda1-2218be479879/datanode-2/data/ratis
2024-01-11 04:03:10,581 [160405f6-ad1e-49bf-8de5-8727279c1313-EndpointStateMachineTaskThread-/0.0.0.0:15002-0 ] INFO  volume.StorageVolumeChecker (StorageVolumeChecker.java:checkAllVolumes(218)) - Scheduled health check for volume /home/runner/work/ozone/ozone/hadoop-ozone/integration-test/target/test-dir/MiniOzoneClusterImpl-bfa76206-2968-4191-bda1-2218be479879/datanode-2/data/ratis
2024-01-11 04:03:10,582 [160405f6-ad1e-49bf-8de5-8727279c1313-EndpointStateMachineTaskThread-/0.0.0.0:15002-0 ] INFO  ozoneimpl.OzoneContainer (OzoneContainer.java:start(457)) - Attempting to start container services.
2024-01-11 04:03:10,582 [160405f6-ad1e-49bf-8de5-8727279c1313-EndpointStateMachineTaskThread-/0.0.0.0:15002-0 ] INFO  ozoneimpl.OzoneContainer (OzoneContainer.java:startContainerScrub(339)) - Scheduled background container scanners and the on-demand container scanner have been disabled.
2024-01-11 04:03:10,583 [160405f6-ad1e-49bf-8de5-8727279c1313-EndpointStateMachineTaskThread-/0.0.0.0:15002-0 ] INFO  replication.ReplicationServer (ReplicationServer.java:start(139)) - ReplicationServer is started using port 15034
2024-01-11 04:03:10,583 [160405f6-ad1e-49bf-8de5-8727279c1313-EndpointStateMachineTaskThread-/0.0.0.0:15002-0 ] INFO  ratis.XceiverServerRatis (XceiverServerRatis.java:start(549)) - Starting XceiverServerRatis 160405f6-ad1e-49bf-8de5-8727279c1313
2024-01-11 04:03:10,583 [160405f6-ad1e-49bf-8de5-8727279c1313-EndpointStateMachineTaskThread-/0.0.0.0:15002-0 ] INFO  server.RaftServer (RaftServerProxy.java:startImpl(406)) - 160405f6-ad1e-49bf-8de5-8727279c1313: start RPC server
2024-01-11 04:03:10,589 [160405f6-ad1e-49bf-8de5-8727279c1313-EndpointStateMachineTaskThread-/0.0.0.0:15002-0 ] INFO  server.GrpcService (GrpcService.java:startImpl(302)) - 160405f6-ad1e-49bf-8de5-8727279c1313: GrpcService started, listening on 15030
2024-01-11 04:03:10,590 [160405f6-ad1e-49bf-8de5-8727279c1313-EndpointStateMachineTaskThread-/0.0.0.0:15002-0 ] INFO  server.GrpcService (GrpcService.java:startImpl(302)) - 160405f6-ad1e-49bf-8de5-8727279c1313: GrpcService started, listening on 15032
2024-01-11 04:03:10,591 [160405f6-ad1e-49bf-8de5-8727279c1313-EndpointStateMachineTaskThread-/0.0.0.0:15002-0 ] INFO  server.GrpcService (GrpcService.java:startImpl(302)) - 160405f6-ad1e-49bf-8de5-8727279c1313: GrpcService started, listening on 15031
2024-01-11 04:03:10,591 [160405f6-ad1e-49bf-8de5-8727279c1313-EndpointStateMachineTaskThread-/0.0.0.0:15002-0 ] INFO  ratis.XceiverServerRatis (XceiverServerRatis.java:getRealPort(575)) - XceiverServerRatis 160405f6-ad1e-49bf-8de5-8727279c1313 is started using port 15030 for RATIS
2024-01-11 04:03:10,591 [160405f6-ad1e-49bf-8de5-8727279c1313-EndpointStateMachineTaskThread-/0.0.0.0:15002-0 ] INFO  ratis.XceiverServerRatis (XceiverServerRatis.java:getRealPort(575)) - XceiverServerRatis 160405f6-ad1e-49bf-8de5-8727279c1313 is started using port 15031 for RATIS_ADMIN
2024-01-11 04:03:10,591 [160405f6-ad1e-49bf-8de5-8727279c1313-EndpointStateMachineTaskThread-/0.0.0.0:15002-0 ] INFO  ratis.XceiverServerRatis (XceiverServerRatis.java:getRealPort(575)) - XceiverServerRatis 160405f6-ad1e-49bf-8de5-8727279c1313 is started using port 15032 for RATIS_SERVER
2024-01-11 04:03:10,591 [160405f6-ad1e-49bf-8de5-8727279c1313-EndpointStateMachineTaskThread-/0.0.0.0:15002-0 ] INFO  ratis.XceiverServerRatis (XceiverServerRatis.java:getRealPort(575)) - XceiverServerRatis 160405f6-ad1e-49bf-8de5-8727279c1313 is started using port 15033 for RATIS_DATASTREAM
2024-01-11 04:03:10,591 [JvmPauseMonitor4] INFO  util.JvmPauseMonitor (JvmPauseMonitor.java:run(146)) - JvmPauseMonitor-160405f6-ad1e-49bf-8de5-8727279c1313: Started
2024-01-11 04:03:10,595 [160405f6-ad1e-49bf-8de5-8727279c1313-BlockDeletingService#0] INFO  interfaces.ContainerDeletionChoosingPolicyTemplate (ContainerDeletionChoosingPolicyTemplate.java:chooseContainerForBlockDeletion(85)) - Chosen 0/5000 blocks from 0 candidate containers.
2024-01-11 04:03:11,551 [Mini-Cluster-Provider-Create] INFO  ozone.MiniOzoneClusterImpl (MiniOzoneClusterImpl.java:lambda$waitForClusterToBeReady$0(229)) - Waiting for nodes to be ready. Got 0 of 3 DN Heartbeats.
2024-01-11 04:03:11,552 [Mini-Cluster-Provider-Create] INFO  ozone.MiniOzoneClusterImpl (MiniOzoneClusterImpl.java:lambda$waitForClusterToBeReady$0(232)) - Waiting for cluster to exit safe mode
2024-01-11 04:03:11,552 [Mini-Cluster-Provider-Create] INFO  ozone.MiniOzoneClusterImpl (MiniOzoneClusterImpl.java:lambda$waitForClusterToBeReady$0(234)) - SCM became leader
2024-01-11 04:03:12,331 [IPC Server handler 0 on default port 15002] INFO  net.NetworkTopologyImpl (NetworkTopologyImpl.java:add(124)) - Added a new node: /default-rack/e9344016-ed75-4908-bdbb-2b1208d89c49
2024-01-11 04:03:12,336 [IPC Server handler 0 on default port 15002] INFO  node.SCMNodeManager (SCMNodeManager.java:register(417)) - Registered datanode: e9344016-ed75-4908-bdbb-2b1208d89c49{ip: 10.1.0.34, host: fv-az1458-636, ports: [HTTP=15009, CLIENT_RPC=15010, REPLICATION=15016, RATIS=15012, RATIS_ADMIN=15013, RATIS_SERVER=15014, RATIS_DATASTREAM=15015, STANDALONE=15011], networkLocation: /default-rack, certSerialId: null, persistedOpState: null, persistedOpStateExpiryEpochSec: 0}
2024-01-11 04:03:12,338 [EventQueue-NewNodeForNewNodeHandler] INFO  pipeline.BackgroundPipelineCreator (BackgroundPipelineCreator.java:notifyEventTriggered(280)) - trigger a one-shot run on RatisPipelineUtilsThread.
2024-01-11 04:03:12,339 [EventQueue-NodeRegistrationContainerReportForDataNodeSafeModeRule] INFO  safemode.SCMSafeModeManager (DataNodeSafeModeRule.java:process(71)) - SCM in safe mode. 1 DataNodes registered, 3 required.
2024-01-11 04:03:12,339 [EventQueue-NodeRegistrationContainerReportForContainerSafeModeRule] INFO  safemode.SCMSafeModeManager (SCMSafeModeManager.java:validateSafeModeExitRules(200)) - ContainerSafeModeRule rule is successfully validated
2024-01-11 04:03:12,342 [EventQueue-PipelineReportForOneReplicaPipelineSafeModeRule] INFO  safemode.SCMSafeModeManager (SCMSafeModeManager.java:validateSafeModeExitRules(200)) - AtleastOneDatanodeReportedRule rule is successfully validated
2024-01-11 04:03:12,345 [RatisPipelineUtilsThread-0] INFO  pipeline.RatisPipelineProvider (RatisPipelineProvider.java:lambda$create$0(206)) - Sending CreatePipelineCommand for pipeline:PipelineID=aacb34fe-b588-4a94-b239-8f976f7c7d18 to datanode:e9344016-ed75-4908-bdbb-2b1208d89c49
2024-01-11 04:03:12,354 [RatisPipelineUtilsThread-0] INFO  pipeline.BackgroundPipelineCreator (BackgroundPipelineCreator.java:createPipelines(236)) - Created new pipeline Pipeline[ Id: aacb34fe-b588-4a94-b239-8f976f7c7d18, Nodes: e9344016-ed75-4908-bdbb-2b1208d89c49(fv-az1458-636/10.1.0.34), ReplicationConfig: RATIS/ONE, State:ALLOCATED, leaderId:, CreationTimestamp2024-01-11T04:03:12.344Z[Etc/UTC]]
2024-01-11 04:03:12,438 [IPC Server handler 1 on default port 15002] INFO  net.NetworkTopologyImpl (NetworkTopologyImpl.java:add(124)) - Added a new node: /default-rack/001cd0bd-e806-4758-aa83-7f483601919f
2024-01-11 04:03:12,438 [IPC Server handler 1 on default port 15002] INFO  node.SCMNodeManager (SCMNodeManager.java:register(417)) - Registered datanode: 001cd0bd-e806-4758-aa83-7f483601919f{ip: 10.1.0.34, host: fv-az1458-636, ports: [HTTP=15018, CLIENT_RPC=15019, REPLICATION=15025, RATIS=15021, RATIS_ADMIN=15022, RATIS_SERVER=15023, RATIS_DATASTREAM=15024, STANDALONE=15020], networkLocation: /default-rack, certSerialId: null, persistedOpState: null, persistedOpStateExpiryEpochSec: 0}
2024-01-11 04:03:12,438 [EventQueue-NodeRegistrationContainerReportForDataNodeSafeModeRule] INFO  safemode.SCMSafeModeManager (DataNodeSafeModeRule.java:process(71)) - SCM in safe mode. 2 DataNodes registered, 3 required.
2024-01-11 04:03:12,439 [EventQueue-NewNodeForNewNodeHandler] INFO  pipeline.BackgroundPipelineCreator (BackgroundPipelineCreator.java:notifyEventTriggered(280)) - trigger a one-shot run on RatisPipelineUtilsThread.
2024-01-11 04:03:12,439 [RatisPipelineUtilsThread-0] INFO  pipeline.RatisPipelineProvider (RatisPipelineProvider.java:lambda$create$0(206)) - Sending CreatePipelineCommand for pipeline:PipelineID=00d277f6-ee7c-40c8-850a-dfea3dc23dbb to datanode:001cd0bd-e806-4758-aa83-7f483601919f
2024-01-11 04:03:12,441 [RatisPipelineUtilsThread-0] INFO  pipeline.BackgroundPipelineCreator (BackgroundPipelineCreator.java:createPipelines(236)) - Created new pipeline Pipeline[ Id: 00d277f6-ee7c-40c8-850a-dfea3dc23dbb, Nodes: 001cd0bd-e806-4758-aa83-7f483601919f(fv-az1458-636/10.1.0.34), ReplicationConfig: RATIS/ONE, State:ALLOCATED, leaderId:, CreationTimestamp2024-01-11T04:03:12.439Z[Etc/UTC]]
2024-01-11 04:03:12,552 [Mini-Cluster-Provider-Create] INFO  ozone.MiniOzoneClusterImpl (MiniOzoneClusterImpl.java:lambda$waitForClusterToBeReady$0(229)) - Waiting for nodes to be ready. Got 2 of 3 DN Heartbeats.
2024-01-11 04:03:12,552 [Mini-Cluster-Provider-Create] INFO  ozone.MiniOzoneClusterImpl (MiniOzoneClusterImpl.java:lambda$waitForClusterToBeReady$0(232)) - Waiting for cluster to exit safe mode
2024-01-11 04:03:12,552 [Mini-Cluster-Provider-Create] INFO  ozone.MiniOzoneClusterImpl (MiniOzoneClusterImpl.java:lambda$waitForClusterToBeReady$0(234)) - SCM became leader
2024-01-11 04:03:12,554 [IPC Server handler 2 on default port 15002] INFO  net.NetworkTopologyImpl (NetworkTopologyImpl.java:add(124)) - Added a new node: /default-rack/160405f6-ad1e-49bf-8de5-8727279c1313
2024-01-11 04:03:12,554 [IPC Server handler 2 on default port 15002] INFO  node.SCMNodeManager (SCMNodeManager.java:register(417)) - Registered datanode: 160405f6-ad1e-49bf-8de5-8727279c1313{ip: 10.1.0.34, host: fv-az1458-636, ports: [HTTP=15027, CLIENT_RPC=15028, REPLICATION=15034, RATIS=15030, RATIS_ADMIN=15031, RATIS_SERVER=15032, RATIS_DATASTREAM=15033, STANDALONE=15029], networkLocation: /default-rack, certSerialId: null, persistedOpState: null, persistedOpStateExpiryEpochSec: 0}
2024-01-11 04:03:12,555 [EventQueue-NewNodeForNewNodeHandler] INFO  pipeline.BackgroundPipelineCreator (BackgroundPipelineCreator.java:notifyEventTriggered(280)) - trigger a one-shot run on RatisPipelineUtilsThread.
2024-01-11 04:03:12,555 [EventQueue-NodeRegistrationContainerReportForDataNodeSafeModeRule] INFO  safemode.SCMSafeModeManager (DataNodeSafeModeRule.java:process(71)) - SCM in safe mode. 3 DataNodes registered, 3 required.
2024-01-11 04:03:12,555 [EventQueue-NodeRegistrationContainerReportForDataNodeSafeModeRule] INFO  safemode.SCMSafeModeManager (SCMSafeModeManager.java:validateSafeModeExitRules(200)) - DataNodeSafeModeRule rule is successfully validated
2024-01-11 04:03:12,555 [EventQueue-NodeRegistrationContainerReportForDataNodeSafeModeRule] INFO  safemode.SCMSafeModeManager (SCMSafeModeManager.java:completePreCheck(229)) - All SCM safe mode pre check rules have passed
2024-01-11 04:03:12,555 [EventQueue-NodeRegistrationContainerReportForDataNodeSafeModeRule] INFO  ha.SCMContext (SCMContext.java:updateSafeModeStatus(230)) - Update SafeModeStatus from SafeModeStatus{safeModeStatus=true, preCheckPassed=false} to SafeModeStatus{safeModeStatus=true, preCheckPassed=true}.
2024-01-11 04:03:12,555 [EventQueue-NodeRegistrationContainerReportForDataNodeSafeModeRule] INFO  pipeline.BackgroundPipelineCreator (BackgroundPipelineCreator.java:notifyEventTriggered(280)) - trigger a one-shot run on RatisPipelineUtilsThread.
2024-01-11 04:03:12,556 [RatisPipelineUtilsThread-0] INFO  pipeline.RatisPipelineProvider (RatisPipelineProvider.java:lambda$create$0(206)) - Sending CreatePipelineCommand for pipeline:PipelineID=e77b1fbf-0c5f-4d4b-9dc4-c40260b1e312 to datanode:160405f6-ad1e-49bf-8de5-8727279c1313
2024-01-11 04:03:12,557 [RatisPipelineUtilsThread-0] INFO  pipeline.BackgroundPipelineCreator (BackgroundPipelineCreator.java:createPipelines(236)) - Created new pipeline Pipeline[ Id: e77b1fbf-0c5f-4d4b-9dc4-c40260b1e312, Nodes: 160405f6-ad1e-49bf-8de5-8727279c1313(fv-az1458-636/10.1.0.34), ReplicationConfig: RATIS/ONE, State:ALLOCATED, leaderId:, CreationTimestamp2024-01-11T04:03:12.556Z[Etc/UTC]]
2024-01-11 04:03:12,560 [RatisPipelineUtilsThread-0] INFO  pipeline.RatisPipelineProvider (RatisPipelineProvider.java:lambda$create$0(206)) - Sending CreatePipelineCommand for pipeline:PipelineID=d568570a-3654-403e-bf0c-fa6d695fadc7 to datanode:001cd0bd-e806-4758-aa83-7f483601919f
2024-01-11 04:03:12,560 [RatisPipelineUtilsThread-0] INFO  pipeline.RatisPipelineProvider (RatisPipelineProvider.java:lambda$create$0(206)) - Sending CreatePipelineCommand for pipeline:PipelineID=d568570a-3654-403e-bf0c-fa6d695fadc7 to datanode:160405f6-ad1e-49bf-8de5-8727279c1313
2024-01-11 04:03:12,560 [RatisPipelineUtilsThread-0] INFO  pipeline.RatisPipelineProvider (RatisPipelineProvider.java:lambda$create$0(206)) - Sending CreatePipelineCommand for pipeline:PipelineID=d568570a-3654-403e-bf0c-fa6d695fadc7 to datanode:e9344016-ed75-4908-bdbb-2b1208d89c49
2024-01-11 04:03:12,562 [RatisPipelineUtilsThread-0] INFO  pipeline.BackgroundPipelineCreator (BackgroundPipelineCreator.java:createPipelines(236)) - Created new pipeline Pipeline[ Id: d568570a-3654-403e-bf0c-fa6d695fadc7, Nodes: 001cd0bd-e806-4758-aa83-7f483601919f(fv-az1458-636/10.1.0.34)160405f6-ad1e-49bf-8de5-8727279c1313(fv-az1458-636/10.1.0.34)e9344016-ed75-4908-bdbb-2b1208d89c49(fv-az1458-636/10.1.0.34), ReplicationConfig: RATIS/THREE, State:ALLOCATED, leaderId:, CreationTimestamp2024-01-11T04:03:12.560Z[Etc/UTC]]
2024-01-11 04:03:12,563 [RatisPipelineUtilsThread-0] INFO  pipeline.RatisPipelineProvider (RatisPipelineProvider.java:lambda$create$0(206)) - Sending CreatePipelineCommand for pipeline:PipelineID=d228df97-4663-44ce-ac38-dd870845a42b to datanode:001cd0bd-e806-4758-aa83-7f483601919f
2024-01-11 04:03:12,563 [RatisPipelineUtilsThread-0] INFO  pipeline.RatisPipelineProvider (RatisPipelineProvider.java:lambda$create$0(206)) - Sending CreatePipelineCommand for pipeline:PipelineID=d228df97-4663-44ce-ac38-dd870845a42b to datanode:160405f6-ad1e-49bf-8de5-8727279c1313
2024-01-11 04:03:12,563 [RatisPipelineUtilsThread-0] INFO  pipeline.RatisPipelineProvider (RatisPipelineProvider.java:lambda$create$0(206)) - Sending CreatePipelineCommand for pipeline:PipelineID=d228df97-4663-44ce-ac38-dd870845a42b to datanode:e9344016-ed75-4908-bdbb-2b1208d89c49
2024-01-11 04:03:12,565 [RatisPipelineUtilsThread-0] INFO  pipeline.PipelineManagerImpl (PipelineManagerImpl.java:recordMetricsForPipeline(916)) - Pipeline: PipelineID=d228df97-4663-44ce-ac38-dd870845a42b contains same datanodes as previous pipelines: PipelineID=d568570a-3654-403e-bf0c-fa6d695fadc7 nodeIds: 001cd0bd-e806-4758-aa83-7f483601919f, 160405f6-ad1e-49bf-8de5-8727279c1313, e9344016-ed75-4908-bdbb-2b1208d89c49
2024-01-11 04:03:12,565 [RatisPipelineUtilsThread-0] INFO  pipeline.BackgroundPipelineCreator (BackgroundPipelineCreator.java:createPipelines(236)) - Created new pipeline Pipeline[ Id: d228df97-4663-44ce-ac38-dd870845a42b, Nodes: 001cd0bd-e806-4758-aa83-7f483601919f(fv-az1458-636/10.1.0.34)160405f6-ad1e-49bf-8de5-8727279c1313(fv-az1458-636/10.1.0.34)e9344016-ed75-4908-bdbb-2b1208d89c49(fv-az1458-636/10.1.0.34), ReplicationConfig: RATIS/THREE, State:ALLOCATED, leaderId:, CreationTimestamp2024-01-11T04:03:12.563Z[Etc/UTC]]
2024-01-11 04:03:13,552 [Mini-Cluster-Provider-Create] INFO  ozone.MiniOzoneClusterImpl (MiniOzoneClusterImpl.java:lambda$waitForClusterToBeReady$0(229)) - Nodes are ready. Got 3 of 3 DN Heartbeats.
2024-01-11 04:03:13,553 [Mini-Cluster-Provider-Create] INFO  ozone.MiniOzoneClusterImpl (MiniOzoneClusterImpl.java:lambda$waitForClusterToBeReady$0(232)) - Waiting for cluster to exit safe mode
2024-01-11 04:03:13,553 [Mini-Cluster-Provider-Create] INFO  ozone.MiniOzoneClusterImpl (MiniOzoneClusterImpl.java:lambda$waitForClusterToBeReady$0(234)) - SCM became leader
2024-01-11 04:03:14,553 [Mini-Cluster-Provider-Create] INFO  ozone.MiniOzoneClusterImpl (MiniOzoneClusterImpl.java:lambda$waitForClusterToBeReady$0(229)) - Nodes are ready. Got 3 of 3 DN Heartbeats.
2024-01-11 04:03:14,554 [Mini-Cluster-Provider-Create] INFO  ozone.MiniOzoneClusterImpl (MiniOzoneClusterImpl.java:lambda$waitForClusterToBeReady$0(232)) - Waiting for cluster to exit safe mode
2024-01-11 04:03:14,554 [Mini-Cluster-Provider-Create] INFO  ozone.MiniOzoneClusterImpl (MiniOzoneClusterImpl.java:lambda$waitForClusterToBeReady$0(234)) - SCM became leader
2024-01-11 04:03:15,322 [e9344016-ed75-4908-bdbb-2b1208d89c49-PipelineCommandHandlerThread-0] INFO  server.RaftServer (RaftServerProxy.java:addNew(100)) - e9344016-ed75-4908-bdbb-2b1208d89c49: addNew group-8F976F7C7D18:[e9344016-ed75-4908-bdbb-2b1208d89c49|10.1.0.34:15014] returns group-8F976F7C7D18:java.util.concurrent.CompletableFuture@2b2a79f3[Not completed]
2024-01-11 04:03:15,328 [e9344016-ed75-4908-bdbb-2b1208d89c49-groupManagement] INFO  server.RaftServer$Division (RaftServerImpl.java:<init>(256)) - e9344016-ed75-4908-bdbb-2b1208d89c49: new RaftServerImpl for group-8F976F7C7D18:[e9344016-ed75-4908-bdbb-2b1208d89c49|10.1.0.34:15014] with ContainerStateMachine:uninitialized
2024-01-11 04:03:15,329 [e9344016-ed75-4908-bdbb-2b1208d89c49-groupManagement] INFO  server.RaftServerConfigKeys (ConfUtils.java:logGet(46)) - raft.server.rpc.timeout.min = 5s (custom)
2024-01-11 04:03:15,329 [e9344016-ed75-4908-bdbb-2b1208d89c49-groupManagement] INFO  server.RaftServerConfigKeys (ConfUtils.java:logGet(46)) - raft.server.rpc.timeout.max = 5200ms (custom)
2024-01-11 04:03:15,329 [e9344016-ed75-4908-bdbb-2b1208d89c49-groupManagement] INFO  server.RaftServerConfigKeys (ConfUtils.java:logGet(46)) - raft.server.rpc.sleep.time = 25ms (default)
2024-01-11 04:03:15,329 [e9344016-ed75-4908-bdbb-2b1208d89c49-groupManagement] INFO  server.RaftServerConfigKeys (ConfUtils.java:logGet(46)) - raft.server.rpc.slowness.timeout = 300s (custom)
2024-01-11 04:03:15,329 [e9344016-ed75-4908-bdbb-2b1208d89c49-groupManagement] INFO  server.RaftServerConfigKeys (ConfUtils.java:logGet(46)) - raft.server.leaderelection.leader.step-down.wait-time = 10s (default)
2024-01-11 04:03:15,329 [e9344016-ed75-4908-bdbb-2b1208d89c49-groupManagement] INFO  server.RaftServerConfigKeys (ConfUtils.java:logGet(46)) - raft.server.leaderelection.member.majority-add = false (default)
2024-01-11 04:03:15,329 [e9344016-ed75-4908-bdbb-2b1208d89c49-groupManagement] INFO  server.RaftServerConfigKeys (ConfUtils.java:logGet(46)) - raft.server.sleep.deviation.threshold = 300ms (default)
2024-01-11 04:03:15,329 [e9344016-ed75-4908-bdbb-2b1208d89c49-groupManagement] INFO  server.RaftServer$Division (ServerState.java:<init>(113)) - e9344016-ed75-4908-bdbb-2b1208d89c49@group-8F976F7C7D18: ConfigurationManager, init=-1: peers:[e9344016-ed75-4908-bdbb-2b1208d89c49|10.1.0.34:15014]|listeners:[], old=null, confs=<EMPTY_MAP>
2024-01-11 04:03:15,329 [e9344016-ed75-4908-bdbb-2b1208d89c49-groupManagement] INFO  server.RaftServerConfigKeys (ConfUtils.java:logGet(46)) - raft.server.notification.no-leader.timeout = 300s (custom)
2024-01-11 04:03:15,330 [e9344016-ed75-4908-bdbb-2b1208d89c49-groupManagement] INFO  server.RaftServerConfigKeys (ConfUtils.java:logGet(46)) - raft.server.read.timeout = 10s (default)
2024-01-11 04:03:15,330 [e9344016-ed75-4908-bdbb-2b1208d89c49-groupManagement] INFO  server.RaftServerConfigKeys (ConfUtils.java:logGet(46)) - raft.server.retrycache.expirytime = 600000ms (custom)
2024-01-11 04:03:15,330 [e9344016-ed75-4908-bdbb-2b1208d89c49-groupManagement] INFO  server.RaftServerConfigKeys (ConfUtils.java:logGet(46)) - raft.server.retrycache.statistics.expirytime = 100ms (default)
2024-01-11 04:03:15,330 [e9344016-ed75-4908-bdbb-2b1208d89c49-groupManagement] INFO  server.RaftServerConfigKeys (ConfUtils.java:logGet(46)) - raft.server.read.option = DEFAULT (default)
2024-01-11 04:03:15,330 [e9344016-ed75-4908-bdbb-2b1208d89c49-groupManagement] INFO  server.RaftServerConfigKeys (ConfUtils.java:logGet(46)) - raft.server.read.read-after-write-consistent.write-index-cache.expiry-time = 60s (default)
2024-01-11 04:03:15,337 [e9344016-ed75-4908-bdbb-2b1208d89c49-groupManagement] INFO  server.RaftServerConfigKeys (ConfUtils.java:logGet(46)) - raft.server.rpc.request.timeout = 60s (custom)
2024-01-11 04:03:15,337 [e9344016-ed75-4908-bdbb-2b1208d89c49-groupManagement] INFO  server.RaftServerConfigKeys (ConfUtils.java:logGet(46)) - raft.server.log.appender.install.snapshot.enabled = false (custom)
2024-01-11 04:03:15,337 [e9344016-ed75-4908-bdbb-2b1208d89c49-groupManagement] INFO  server.RaftServerConfigKeys (ConfUtils.java:logGet(46)) - raft.server.threadpool.server.cached = true (default)
2024-01-11 04:03:15,337 [e9344016-ed75-4908-bdbb-2b1208d89c49-groupManagement] INFO  server.RaftServerConfigKeys (ConfUtils.java:logGet(46)) - raft.server.threadpool.server.size = 0 (default)
2024-01-11 04:03:15,337 [e9344016-ed75-4908-bdbb-2b1208d89c49-groupManagement] INFO  server.RaftServerConfigKeys (ConfUtils.java:logGet(46)) - raft.server.threadpool.client.cached = true (default)
2024-01-11 04:03:15,337 [e9344016-ed75-4908-bdbb-2b1208d89c49-groupManagement] INFO  server.RaftServerConfigKeys (ConfUtils.java:logGet(46)) - raft.server.threadpool.client.size = 0 (default)
2024-01-11 04:03:15,337 [e9344016-ed75-4908-bdbb-2b1208d89c49-groupManagement] INFO  server.RaftServerConfigKeys (ConfUtils.java:logGet(46)) - raft.server.storage.free-space.min = 0MB (=0) (default)
2024-01-11 04:03:15,337 [e9344016-ed75-4908-bdbb-2b1208d89c49-groupManagement] INFO  server.RaftServerConfigKeys (ConfUtils.java:logGet(46)) - raft.server.log.corruption.policy = EXCEPTION (default)
2024-01-11 04:03:15,338 [e9344016-ed75-4908-bdbb-2b1208d89c49-groupManagement] INFO  server.RaftServerConfigKeys (ConfUtils.java:logGet(46)) - raft.server.storage.dir = [/home/runner/work/ozone/ozone/hadoop-ozone/integration-test/target/test-dir/MiniOzoneClusterImpl-bfa76206-2968-4191-bda1-2218be479879/datanode-0/data/ratis] (custom)
2024-01-11 04:03:15,338 [e9344016-ed75-4908-bdbb-2b1208d89c49-groupManagement] INFO  storage.RaftStorageDirectory (RaftStorageDirectoryImpl.java:analyzeStorage(138)) - The storage directory /home/runner/work/ozone/ozone/hadoop-ozone/integration-test/target/test-dir/MiniOzoneClusterImpl-bfa76206-2968-4191-bda1-2218be479879/datanode-0/data/ratis/aacb34fe-b588-4a94-b239-8f976f7c7d18 does not exist. Creating ...
2024-01-11 04:03:15,339 [e9344016-ed75-4908-bdbb-2b1208d89c49-groupManagement] INFO  storage.RaftStorageDirectory (RaftStorageDirectoryImpl.java:tryLock(228)) - Lock on /home/runner/work/ozone/ozone/hadoop-ozone/integration-test/target/test-dir/MiniOzoneClusterImpl-bfa76206-2968-4191-bda1-2218be479879/datanode-0/data/ratis/aacb34fe-b588-4a94-b239-8f976f7c7d18/in_use.lock acquired by nodename 56095@fv-az1458-636
2024-01-11 04:03:15,341 [e9344016-ed75-4908-bdbb-2b1208d89c49-groupManagement] INFO  storage.RaftStorage (RaftStorageImpl.java:format(99)) - Storage directory /home/runner/work/ozone/ozone/hadoop-ozone/integration-test/target/test-dir/MiniOzoneClusterImpl-bfa76206-2968-4191-bda1-2218be479879/datanode-0/data/ratis/aacb34fe-b588-4a94-b239-8f976f7c7d18 has been successfully formatted.
2024-01-11 04:03:15,342 [e9344016-ed75-4908-bdbb-2b1208d89c49-groupManagement] WARN  util.FileUtils (LogUtils.java:supplyAndLog(63)) - Failed to Files.newInputStream /home/runner/work/ozone/ozone/hadoop-ozone/integration-test/target/test-dir/MiniOzoneClusterImpl-bfa76206-2968-4191-bda1-2218be479879/datanode-0/data/ratis/aacb34fe-b588-4a94-b239-8f976f7c7d18/current/raft-meta.conf with options []: java.nio.file.NoSuchFileException: /home/runner/work/ozone/ozone/hadoop-ozone/integration-test/target/test-dir/MiniOzoneClusterImpl-bfa76206-2968-4191-bda1-2218be479879/datanode-0/data/ratis/aacb34fe-b588-4a94-b239-8f976f7c7d18/current/raft-meta.conf
2024-01-11 04:03:15,346 [e9344016-ed75-4908-bdbb-2b1208d89c49-groupManagement] INFO  ratis.ContainerStateMachine (ContainerStateMachine.java:loadSnapshot(287)) - group-8F976F7C7D18: The snapshot info is null. Setting the last applied index to:(t:0, i:~)
2024-01-11 04:03:15,346 [e9344016-ed75-4908-bdbb-2b1208d89c49-groupManagement] INFO  server.RaftServerConfigKeys (ConfUtils.java:logGet(46)) - raft.server.log.use.memory = false (default)
2024-01-11 04:03:15,346 [e9344016-ed75-4908-bdbb-2b1208d89c49-groupManagement] INFO  server.RaftServerConfigKeys (ConfUtils.java:logGet(46)) - raft.server.log.purge.gap = 1000000 (custom)
2024-01-11 04:03:15,346 [e9344016-ed75-4908-bdbb-2b1208d89c49-groupManagement] INFO  server.RaftServerConfigKeys (ConfUtils.java:logGet(46)) - raft.server.log.appender.buffer.byte-limit = 8388608 (custom)
2024-01-11 04:03:15,347 [e9344016-ed75-4908-bdbb-2b1208d89c49-groupManagement] INFO  server.RaftServerConfigKeys (ConfUtils.java:logGet(46)) - raft.server.log.statemachine.data.read.timeout = 1000ms (default)
2024-01-11 04:03:15,347 [e9344016-ed75-4908-bdbb-2b1208d89c49-groupManagement] INFO  server.RaftServerConfigKeys (ConfUtils.java:logGet(46)) - raft.server.log.purge.preservation.log.num = 0 (default)
2024-01-11 04:03:15,350 [e9344016-ed75-4908-bdbb-2b1208d89c49-groupManagement] INFO  server.RaftServerConfigKeys (ConfUtils.java:logGet(46)) - raft.server.log.segment.size.max = 67108864 (custom)
2024-01-11 04:03:15,350 [e9344016-ed75-4908-bdbb-2b1208d89c49-groupManagement] INFO  server.RaftServerConfigKeys (ConfUtils.java:logGet(46)) - raft.server.log.segment.cache.num.max = 2 (custom)
2024-01-11 04:03:15,351 [e9344016-ed75-4908-bdbb-2b1208d89c49-groupManagement] INFO  server.RaftServerConfigKeys (ConfUtils.java:logGet(46)) - raft.server.log.segment.cache.size.max = 200MB (=209715200) (default)
2024-01-11 04:03:15,351 [e9344016-ed75-4908-bdbb-2b1208d89c49-groupManagement] INFO  server.RaftServerConfigKeys (ConfUtils.java:logGet(46)) - raft.server.log.appender.buffer.byte-limit = 8388608 (custom)
2024-01-11 04:03:15,352 [e9344016-ed75-4908-bdbb-2b1208d89c49-groupManagement] INFO  util.AwaitToRun (AwaitToRun.java:start(81)) - Thread[e9344016-ed75-4908-bdbb-2b1208d89c49@group-8F976F7C7D18-cacheEviction-AwaitToRun,5,main] started
2024-01-11 04:03:15,352 [e9344016-ed75-4908-bdbb-2b1208d89c49-groupManagement] INFO  segmented.SegmentedRaftLogWorker (SegmentedRaftLogWorker.java:<init>(182)) - new e9344016-ed75-4908-bdbb-2b1208d89c49@group-8F976F7C7D18-SegmentedRaftLogWorker for RaftStorageImpl:Storage Directory /home/runner/work/ozone/ozone/hadoop-ozone/integration-test/target/test-dir/MiniOzoneClusterImpl-bfa76206-2968-4191-bda1-2218be479879/datanode-0/data/ratis/aacb34fe-b588-4a94-b239-8f976f7c7d18
2024-01-11 04:03:15,353 [e9344016-ed75-4908-bdbb-2b1208d89c49-groupManagement] INFO  server.RaftServerConfigKeys (ConfUtils.java:logGet(46)) - raft.server.log.queue.byte-limit = 4294967296 (custom)
2024-01-11 04:03:15,353 [e9344016-ed75-4908-bdbb-2b1208d89c49-groupManagement] INFO  server.RaftServerConfigKeys (ConfUtils.java:logGet(46)) - raft.server.log.queue.element-limit = 1024 (custom)
2024-01-11 04:03:15,353 [e9344016-ed75-4908-bdbb-2b1208d89c49-groupManagement] INFO  server.RaftServerConfigKeys (ConfUtils.java:logGet(46)) - raft.server.log.segment.size.max = 67108864 (custom)
2024-01-11 04:03:15,353 [e9344016-ed75-4908-bdbb-2b1208d89c49-groupManagement] INFO  server.RaftServerConfigKeys (ConfUtils.java:logGet(46)) - raft.server.log.preallocated.size = 4194304 (custom)
2024-01-11 04:03:15,353 [e9344016-ed75-4908-bdbb-2b1208d89c49-groupManagement] INFO  server.RaftServerConfigKeys (ConfUtils.java:logGet(46)) - raft.server.log.force.sync.num = 128 (default)
2024-01-11 04:03:15,353 [e9344016-ed75-4908-bdbb-2b1208d89c49-groupManagement] INFO  server.RaftServerConfigKeys (ConfUtils.java:logGet(46)) - raft.server.log.statemachine.data.sync = true (default)
2024-01-11 04:03:15,353 [e9344016-ed75-4908-bdbb-2b1208d89c49-groupManagement] INFO  server.RaftServerConfigKeys (ConfUtils.java:logGet(46)) - raft.server.log.statemachine.data.sync.timeout = 10s (default)
2024-01-11 04:03:15,353 [e9344016-ed75-4908-bdbb-2b1208d89c49-groupManagement] INFO  server.RaftServerConfigKeys (ConfUtils.java:logGet(46)) - raft.server.log.statemachine.data.sync.timeout.retry = 0 (custom)
2024-01-11 04:03:15,354 [e9344016-ed75-4908-bdbb-2b1208d89c49-groupManagement] INFO  server.RaftServerConfigKeys (ConfUtils.java:logGet(46)) - raft.server.log.write.buffer.size = 8388616 (custom)
2024-01-11 04:03:15,356 [e9344016-ed75-4908-bdbb-2b1208d89c49-groupManagement] INFO  server.RaftServerConfigKeys (ConfUtils.java:logGet(46)) - raft.server.log.appender.buffer.byte-limit = 8388608 (custom)
2024-01-11 04:03:15,356 [e9344016-ed75-4908-bdbb-2b1208d89c49-groupManagement] INFO  server.RaftServerConfigKeys (ConfUtils.java:logGet(46)) - raft.server.log.unsafe-flush.enabled = false (default)
2024-01-11 04:03:15,356 [e9344016-ed75-4908-bdbb-2b1208d89c49-groupManagement] INFO  server.RaftServerConfigKeys (ConfUtils.java:logGet(46)) - raft.server.log.async-flush.enabled = false (default)
2024-01-11 04:03:15,356 [e9344016-ed75-4908-bdbb-2b1208d89c49-groupManagement] INFO  server.RaftServerConfigKeys (ConfUtils.java:logGet(46)) - raft.server.log.statemachine.data.caching.enabled = true (custom)
2024-01-11 04:03:15,356 [e9344016-ed75-4908-bdbb-2b1208d89c49-groupManagement] INFO  segmented.SegmentedRaftLogWorker (SegmentedRaftLogWorker.java:lambda$new$0(134)) - e9344016-ed75-4908-bdbb-2b1208d89c49@group-8F976F7C7D18-SegmentedRaftLogWorker: flushIndex: setUnconditionally 0 -> -1
2024-01-11 04:03:15,357 [e9344016-ed75-4908-bdbb-2b1208d89c49-groupManagement] INFO  segmented.SegmentedRaftLogWorker (SegmentedRaftLogWorker.java:lambda$new$0(134)) - e9344016-ed75-4908-bdbb-2b1208d89c49@group-8F976F7C7D18-SegmentedRaftLogWorker: safeCacheEvictIndex: setUnconditionally 0 -> -1
2024-01-11 04:03:15,359 [e9344016-ed75-4908-bdbb-2b1208d89c49-groupManagement] INFO  server.RaftServer$Division (RaftServerImpl.java:start(396)) - e9344016-ed75-4908-bdbb-2b1208d89c49@group-8F976F7C7D18: start as a follower, conf=-1: peers:[e9344016-ed75-4908-bdbb-2b1208d89c49|10.1.0.34:15014]|listeners:[], old=null
2024-01-11 04:03:15,359 [e9344016-ed75-4908-bdbb-2b1208d89c49-groupManagement] INFO  server.RaftServer$Division (RaftServerImpl.java:setRole(383)) - e9344016-ed75-4908-bdbb-2b1208d89c49@group-8F976F7C7D18: changes role from      null to FOLLOWER at term 0 for startAsFollower
2024-01-11 04:03:15,359 [e9344016-ed75-4908-bdbb-2b1208d89c49-groupManagement] INFO  impl.RoleInfo (RoleInfo.java:updateAndGet(139)) - e9344016-ed75-4908-bdbb-2b1208d89c49: start e9344016-ed75-4908-bdbb-2b1208d89c49@group-8F976F7C7D18-FollowerState
2024-01-11 04:03:15,361 [e9344016-ed75-4908-bdbb-2b1208d89c49@group-8F976F7C7D18-FollowerState] INFO  server.RaftServerConfigKeys (ConfUtils.java:logFallback(53)) - raft.server.rpc.first-election.timeout.min = 5s (fallback to raft.server.rpc.timeout.min)
2024-01-11 04:03:15,361 [e9344016-ed75-4908-bdbb-2b1208d89c49-groupManagement] INFO  util.JmxRegister (JmxRegister.java:tryRegister(44)) - Successfully registered JMX Bean with object name Ratis:service=RaftServer,group=group-8F976F7C7D18,id=e9344016-ed75-4908-bdbb-2b1208d89c49
2024-01-11 04:03:15,361 [e9344016-ed75-4908-bdbb-2b1208d89c49@group-8F976F7C7D18-FollowerState] INFO  server.RaftServerConfigKeys (ConfUtils.java:logFallback(53)) - raft.server.rpc.first-election.timeout.max = 5200ms (fallback to raft.server.rpc.timeout.max)
2024-01-11 04:03:15,361 [e9344016-ed75-4908-bdbb-2b1208d89c49-groupManagement] INFO  server.RaftServerConfigKeys (ConfUtils.java:logGet(46)) - raft.server.snapshot.trigger-when-stop.enabled = true (default)
2024-01-11 04:03:15,361 [e9344016-ed75-4908-bdbb-2b1208d89c49-groupManagement] INFO  server.RaftServerConfigKeys (ConfUtils.java:logGet(46)) - raft.server.snapshot.auto.trigger.enabled = true (custom)
2024-01-11 04:03:15,362 [e9344016-ed75-4908-bdbb-2b1208d89c49-groupManagement] INFO  server.RaftServerConfigKeys (ConfUtils.java:logGet(46)) - raft.server.snapshot.auto.trigger.threshold = 10000 (custom)
2024-01-11 04:03:15,362 [e9344016-ed75-4908-bdbb-2b1208d89c49-groupManagement] INFO  server.RaftServerConfigKeys (ConfUtils.java:logGet(46)) - raft.server.snapshot.retention.file.num = 5 (custom)
2024-01-11 04:03:15,362 [e9344016-ed75-4908-bdbb-2b1208d89c49-groupManagement] INFO  server.RaftServerConfigKeys (ConfUtils.java:logGet(46)) - raft.server.log.purge.upto.snapshot.index = false (default)
2024-01-11 04:03:15,364 [EventQueue-PipelineReportForPipelineReportHandler] INFO  pipeline.PipelineReportHandler (PipelineReportHandler.java:processPipelineReport(136)) - Opened pipeline PipelineID=aacb34fe-b588-4a94-b239-8f976f7c7d18
2024-01-11 04:03:15,365 [EventQueue-OpenPipelineForHealthyPipelineSafeModeRule] INFO  safemode.SCMSafeModeManager (HealthyPipelineSafeModeRule.java:process(140)) - SCM in safe mode. Healthy pipelines reported count is 0, required healthy pipeline reported count is 1
2024-01-11 04:03:15,367 [e9344016-ed75-4908-bdbb-2b1208d89c49-PipelineCommandHandlerThread-0] INFO  ratis.XceiverServerRatis (XceiverServerRatis.java:addGroup(842)) - Created group PipelineID=aacb34fe-b588-4a94-b239-8f976f7c7d18
2024-01-11 04:03:15,368 [e9344016-ed75-4908-bdbb-2b1208d89c49-PipelineCommandHandlerThread-0] INFO  commandhandler.CreatePipelineCommandHandler (CreatePipelineCommandHandler.java:lambda$handle$2(124)) - Created Pipeline RATIS ONE PipelineID=aacb34fe-b588-4a94-b239-8f976f7c7d18.
2024-01-11 04:03:15,368 [e9344016-ed75-4908-bdbb-2b1208d89c49-PipelineCommandHandlerThread-0] INFO  server.RaftServer (RaftServerProxy.java:addNew(100)) - e9344016-ed75-4908-bdbb-2b1208d89c49: addNew group-FA6D695FADC7:[001cd0bd-e806-4758-aa83-7f483601919f|10.1.0.34:15023, 160405f6-ad1e-49bf-8de5-8727279c1313|10.1.0.34:15032, e9344016-ed75-4908-bdbb-2b1208d89c49|10.1.0.34:15014] returns group-FA6D695FADC7:java.util.concurrent.CompletableFuture@4a4cd869[Not completed]
2024-01-11 04:03:15,370 [e9344016-ed75-4908-bdbb-2b1208d89c49-groupManagement] INFO  server.RaftServer$Division (RaftServerImpl.java:<init>(256)) - e9344016-ed75-4908-bdbb-2b1208d89c49: new RaftServerImpl for group-FA6D695FADC7:[001cd0bd-e806-4758-aa83-7f483601919f|10.1.0.34:15023, 160405f6-ad1e-49bf-8de5-8727279c1313|10.1.0.34:15032, e9344016-ed75-4908-bdbb-2b1208d89c49|10.1.0.34:15014] with ContainerStateMachine:uninitialized
2024-01-11 04:03:15,370 [e9344016-ed75-4908-bdbb-2b1208d89c49-groupManagement] INFO  server.RaftServerConfigKeys (ConfUtils.java:logGet(46)) - raft.server.rpc.timeout.min = 5s (custom)
2024-01-11 04:03:15,370 [e9344016-ed75-4908-bdbb-2b1208d89c49-groupManagement] INFO  server.RaftServerConfigKeys (ConfUtils.java:logGet(46)) - raft.server.rpc.timeout.max = 5200ms (custom)
2024-01-11 04:03:15,370 [e9344016-ed75-4908-bdbb-2b1208d89c49-groupManagement] INFO  server.RaftServerConfigKeys (ConfUtils.java:logGet(46)) - raft.server.rpc.sleep.time = 25ms (default)
2024-01-11 04:03:15,370 [e9344016-ed75-4908-bdbb-2b1208d89c49-groupManagement] INFO  server.RaftServerConfigKeys (ConfUtils.java:logGet(46)) - raft.server.rpc.slowness.timeout = 300s (custom)
2024-01-11 04:03:15,370 [e9344016-ed75-4908-bdbb-2b1208d89c49-groupManagement] INFO  server.RaftServerConfigKeys (ConfUtils.java:logGet(46)) - raft.server.leaderelection.leader.step-down.wait-time = 10s (default)
2024-01-11 04:03:15,370 [e9344016-ed75-4908-bdbb-2b1208d89c49-groupManagement] INFO  server.RaftServerConfigKeys (ConfUtils.java:logGet(46)) - raft.server.leaderelection.member.majority-add = false (default)
2024-01-11 04:03:15,370 [e9344016-ed75-4908-bdbb-2b1208d89c49-groupManagement] INFO  server.RaftServerConfigKeys (ConfUtils.java:logGet(46)) - raft.server.sleep.deviation.threshold = 300ms (default)
2024-01-11 04:03:15,370 [e9344016-ed75-4908-bdbb-2b1208d89c49-groupManagement] INFO  server.RaftServer$Division (ServerState.java:<init>(113)) - e9344016-ed75-4908-bdbb-2b1208d89c49@group-FA6D695FADC7: ConfigurationManager, init=-1: peers:[001cd0bd-e806-4758-aa83-7f483601919f|10.1.0.34:15023, 160405f6-ad1e-49bf-8de5-8727279c1313|10.1.0.34:15032, e9344016-ed75-4908-bdbb-2b1208d89c49|10.1.0.34:15014]|listeners:[], old=null, confs=<EMPTY_MAP>
2024-01-11 04:03:15,371 [e9344016-ed75-4908-bdbb-2b1208d89c49-groupManagement] INFO  server.RaftServerConfigKeys (ConfUtils.java:logGet(46)) - raft.server.notification.no-leader.timeout = 300s (custom)
2024-01-11 04:03:15,371 [e9344016-ed75-4908-bdbb-2b1208d89c49-groupManagement] INFO  server.RaftServerConfigKeys (ConfUtils.java:logGet(46)) - raft.server.read.timeout = 10s (default)
2024-01-11 04:03:15,371 [e9344016-ed75-4908-bdbb-2b1208d89c49-groupManagement] INFO  server.RaftServerConfigKeys (ConfUtils.java:logGet(46)) - raft.server.retrycache.expirytime = 600000ms (custom)
2024-01-11 04:03:15,371 [e9344016-ed75-4908-bdbb-2b1208d89c49-groupManagement] INFO  server.RaftServerConfigKeys (ConfUtils.java:logGet(46)) - raft.server.retrycache.statistics.expirytime = 100ms (default)
2024-01-11 04:03:15,371 [e9344016-ed75-4908-bdbb-2b1208d89c49-groupManagement] INFO  server.RaftServerConfigKeys (ConfUtils.java:logGet(46)) - raft.server.read.option = DEFAULT (default)
2024-01-11 04:03:15,371 [e9344016-ed75-4908-bdbb-2b1208d89c49-groupManagement] INFO  server.RaftServerConfigKeys (ConfUtils.java:logGet(46)) - raft.server.read.read-after-write-consistent.write-index-cache.expiry-time = 60s (default)
2024-01-11 04:03:15,377 [e9344016-ed75-4908-bdbb-2b1208d89c49-groupManagement] INFO  server.RaftServerConfigKeys (ConfUtils.java:logGet(46)) - raft.server.rpc.request.timeout = 60s (custom)
2024-01-11 04:03:15,377 [e9344016-ed75-4908-bdbb-2b1208d89c49-groupManagement] INFO  server.RaftServerConfigKeys (ConfUtils.java:logGet(46)) - raft.server.log.appender.install.snapshot.enabled = false (custom)
2024-01-11 04:03:15,377 [e9344016-ed75-4908-bdbb-2b1208d89c49-groupManagement] INFO  server.RaftServerConfigKeys (ConfUtils.java:logGet(46)) - raft.server.threadpool.server.cached = true (default)
2024-01-11 04:03:15,377 [e9344016-ed75-4908-bdbb-2b1208d89c49-groupManagement] INFO  server.RaftServerConfigKeys (ConfUtils.java:logGet(46)) - raft.server.threadpool.server.size = 0 (default)
2024-01-11 04:03:15,377 [e9344016-ed75-4908-bdbb-2b1208d89c49-groupManagement] INFO  server.RaftServerConfigKeys (ConfUtils.java:logGet(46)) - raft.server.threadpool.client.cached = true (default)
2024-01-11 04:03:15,377 [e9344016-ed75-4908-bdbb-2b1208d89c49-groupManagement] INFO  server.RaftServerConfigKeys (ConfUtils.java:logGet(46)) - raft.server.threadpool.client.size = 0 (default)
2024-01-11 04:03:15,377 [e9344016-ed75-4908-bdbb-2b1208d89c49-groupManagement] INFO  server.RaftServerConfigKeys (ConfUtils.java:logGet(46)) - raft.server.storage.free-space.min = 0MB (=0) (default)
2024-01-11 04:03:15,377 [e9344016-ed75-4908-bdbb-2b1208d89c49-groupManagement] INFO  server.RaftServerConfigKeys (ConfUtils.java:logGet(46)) - raft.server.log.corruption.policy = EXCEPTION (default)
2024-01-11 04:03:15,377 [e9344016-ed75-4908-bdbb-2b1208d89c49-groupManagement] INFO  server.RaftServerConfigKeys (ConfUtils.java:logGet(46)) - raft.server.storage.dir = [/home/runner/work/ozone/ozone/hadoop-ozone/integration-test/target/test-dir/MiniOzoneClusterImpl-bfa76206-2968-4191-bda1-2218be479879/datanode-0/data/ratis] (custom)
2024-01-11 04:03:15,378 [e9344016-ed75-4908-bdbb-2b1208d89c49-groupManagement] INFO  storage.RaftStorageDirectory (RaftStorageDirectoryImpl.java:analyzeStorage(138)) - The storage directory /home/runner/work/ozone/ozone/hadoop-ozone/integration-test/target/test-dir/MiniOzoneClusterImpl-bfa76206-2968-4191-bda1-2218be479879/datanode-0/data/ratis/d568570a-3654-403e-bf0c-fa6d695fadc7 does not exist. Creating ...
2024-01-11 04:03:15,379 [e9344016-ed75-4908-bdbb-2b1208d89c49-groupManagement] INFO  storage.RaftStorageDirectory (RaftStorageDirectoryImpl.java:tryLock(228)) - Lock on /home/runner/work/ozone/ozone/hadoop-ozone/integration-test/target/test-dir/MiniOzoneClusterImpl-bfa76206-2968-4191-bda1-2218be479879/datanode-0/data/ratis/d568570a-3654-403e-bf0c-fa6d695fadc7/in_use.lock acquired by nodename 56095@fv-az1458-636
2024-01-11 04:03:15,380 [e9344016-ed75-4908-bdbb-2b1208d89c49-groupManagement] INFO  storage.RaftStorage (RaftStorageImpl.java:format(99)) - Storage directory /home/runner/work/ozone/ozone/hadoop-ozone/integration-test/target/test-dir/MiniOzoneClusterImpl-bfa76206-2968-4191-bda1-2218be479879/datanode-0/data/ratis/d568570a-3654-403e-bf0c-fa6d695fadc7 has been successfully formatted.
2024-01-11 04:03:15,380 [e9344016-ed75-4908-bdbb-2b1208d89c49-groupManagement] WARN  util.FileUtils (LogUtils.java:supplyAndLog(63)) - Failed to Files.newInputStream /home/runner/work/ozone/ozone/hadoop-ozone/integration-test/target/test-dir/MiniOzoneClusterImpl-bfa76206-2968-4191-bda1-2218be479879/datanode-0/data/ratis/d568570a-3654-403e-bf0c-fa6d695fadc7/current/raft-meta.conf with options []: java.nio.file.NoSuchFileException: /home/runner/work/ozone/ozone/hadoop-ozone/integration-test/target/test-dir/MiniOzoneClusterImpl-bfa76206-2968-4191-bda1-2218be479879/datanode-0/data/ratis/d568570a-3654-403e-bf0c-fa6d695fadc7/current/raft-meta.conf
2024-01-11 04:03:15,380 [e9344016-ed75-4908-bdbb-2b1208d89c49-groupManagement] INFO  ratis.ContainerStateMachine (ContainerStateMachine.java:loadSnapshot(287)) - group-FA6D695FADC7: The snapshot info is null. Setting the last applied index to:(t:0, i:~)
2024-01-11 04:03:15,380 [e9344016-ed75-4908-bdbb-2b1208d89c49-groupManagement] INFO  server.RaftServerConfigKeys (ConfUtils.java:logGet(46)) - raft.server.log.use.memory = false (default)
2024-01-11 04:03:15,381 [e9344016-ed75-4908-bdbb-2b1208d89c49-groupManagement] INFO  server.RaftServerConfigKeys (ConfUtils.java:logGet(46)) - raft.server.log.purge.gap = 1000000 (custom)
2024-01-11 04:03:15,381 [e9344016-ed75-4908-bdbb-2b1208d89c49-groupManagement] INFO  server.RaftServerConfigKeys (ConfUtils.java:logGet(46)) - raft.server.log.appender.buffer.byte-limit = 8388608 (custom)
2024-01-11 04:03:15,382 [EventQueue-OpenPipelineForHealthyPipelineSafeModeRule] INFO  safemode.SCMSafeModeManager (HealthyPipelineSafeModeRule.java:process(140)) - SCM in safe mode. Healthy pipelines reported count is 0, required healthy pipeline reported count is 1
2024-01-11 04:03:15,389 [e9344016-ed75-4908-bdbb-2b1208d89c49-groupManagement] INFO  server.RaftServerConfigKeys (ConfUtils.java:logGet(46)) - raft.server.log.statemachine.data.read.timeout = 1000ms (default)
2024-01-11 04:03:15,389 [e9344016-ed75-4908-bdbb-2b1208d89c49-groupManagement] INFO  server.RaftServerConfigKeys (ConfUtils.java:logGet(46)) - raft.server.log.purge.preservation.log.num = 0 (default)
2024-01-11 04:03:15,391 [e9344016-ed75-4908-bdbb-2b1208d89c49-groupManagement] INFO  server.RaftServerConfigKeys (ConfUtils.java:logGet(46)) - raft.server.log.segment.size.max = 67108864 (custom)
2024-01-11 04:03:15,392 [e9344016-ed75-4908-bdbb-2b1208d89c49-groupManagement] INFO  server.RaftServerConfigKeys (ConfUtils.java:logGet(46)) - raft.server.log.segment.cache.num.max = 2 (custom)
2024-01-11 04:03:15,392 [e9344016-ed75-4908-bdbb-2b1208d89c49-groupManagement] INFO  server.RaftServerConfigKeys (ConfUtils.java:logGet(46)) - raft.server.log.segment.cache.size.max = 200MB (=209715200) (default)
2024-01-11 04:03:15,392 [e9344016-ed75-4908-bdbb-2b1208d89c49-groupManagement] INFO  server.RaftServerConfigKeys (ConfUtils.java:logGet(46)) - raft.server.log.appender.buffer.byte-limit = 8388608 (custom)
2024-01-11 04:03:15,396 [e9344016-ed75-4908-bdbb-2b1208d89c49-groupManagement] INFO  util.AwaitToRun (AwaitToRun.java:start(81)) - Thread[e9344016-ed75-4908-bdbb-2b1208d89c49@group-FA6D695FADC7-cacheEviction-AwaitToRun,5,main] started
2024-01-11 04:03:15,396 [e9344016-ed75-4908-bdbb-2b1208d89c49-groupManagement] INFO  segmented.SegmentedRaftLogWorker (SegmentedRaftLogWorker.java:<init>(182)) - new e9344016-ed75-4908-bdbb-2b1208d89c49@group-FA6D695FADC7-SegmentedRaftLogWorker for RaftStorageImpl:Storage Directory /home/runner/work/ozone/ozone/hadoop-ozone/integration-test/target/test-dir/MiniOzoneClusterImpl-bfa76206-2968-4191-bda1-2218be479879/datanode-0/data/ratis/d568570a-3654-403e-bf0c-fa6d695fadc7
2024-01-11 04:03:15,397 [e9344016-ed75-4908-bdbb-2b1208d89c49-groupManagement] INFO  server.RaftServerConfigKeys (ConfUtils.java:logGet(46)) - raft.server.log.queue.byte-limit = 4294967296 (custom)
2024-01-11 04:03:15,397 [e9344016-ed75-4908-bdbb-2b1208d89c49-groupManagement] INFO  server.RaftServerConfigKeys (ConfUtils.java:logGet(46)) - raft.server.log.queue.element-limit = 1024 (custom)
2024-01-11 04:03:15,397 [e9344016-ed75-4908-bdbb-2b1208d89c49-groupManagement] INFO  server.RaftServerConfigKeys (ConfUtils.java:logGet(46)) - raft.server.log.segment.size.max = 67108864 (custom)
2024-01-11 04:03:15,397 [e9344016-ed75-4908-bdbb-2b1208d89c49-groupManagement] INFO  server.RaftServerConfigKeys (ConfUtils.java:logGet(46)) - raft.server.log.preallocated.size = 4194304 (custom)
2024-01-11 04:03:15,397 [e9344016-ed75-4908-bdbb-2b1208d89c49-groupManagement] INFO  server.RaftServerConfigKeys (ConfUtils.java:logGet(46)) - raft.server.log.force.sync.num = 128 (default)
2024-01-11 04:03:15,397 [e9344016-ed75-4908-bdbb-2b1208d89c49-groupManagement] INFO  server.RaftServerConfigKeys (ConfUtils.java:logGet(46)) - raft.server.log.statemachine.data.sync = true (default)
2024-01-11 04:03:15,397 [e9344016-ed75-4908-bdbb-2b1208d89c49-groupManagement] INFO  server.RaftServerConfigKeys (ConfUtils.java:logGet(46)) - raft.server.log.statemachine.data.sync.timeout = 10s (default)
2024-01-11 04:03:15,397 [e9344016-ed75-4908-bdbb-2b1208d89c49-groupManagement] INFO  server.RaftServerConfigKeys (ConfUtils.java:logGet(46)) - raft.server.log.statemachine.data.sync.timeout.retry = 0 (custom)
2024-01-11 04:03:15,398 [e9344016-ed75-4908-bdbb-2b1208d89c49-groupManagement] INFO  server.RaftServerConfigKeys (ConfUtils.java:logGet(46)) - raft.server.log.write.buffer.size = 8388616 (custom)
2024-01-11 04:03:15,400 [e9344016-ed75-4908-bdbb-2b1208d89c49-groupManagement] INFO  server.RaftServerConfigKeys (ConfUtils.java:logGet(46)) - raft.server.log.appender.buffer.byte-limit = 8388608 (custom)
2024-01-11 04:03:15,400 [e9344016-ed75-4908-bdbb-2b1208d89c49-groupManagement] INFO  server.RaftServerConfigKeys (ConfUtils.java:logGet(46)) - raft.server.log.unsafe-flush.enabled = false (default)
2024-01-11 04:03:15,400 [e9344016-ed75-4908-bdbb-2b1208d89c49-groupManagement] INFO  server.RaftServerConfigKeys (ConfUtils.java:logGet(46)) - raft.server.log.async-flush.enabled = false (default)
2024-01-11 04:03:15,400 [e9344016-ed75-4908-bdbb-2b1208d89c49-groupManagement] INFO  server.RaftServerConfigKeys (ConfUtils.java:logGet(46)) - raft.server.log.statemachine.data.caching.enabled = true (custom)
2024-01-11 04:03:15,402 [e9344016-ed75-4908-bdbb-2b1208d89c49-groupManagement] INFO  segmented.SegmentedRaftLogWorker (SegmentedRaftLogWorker.java:lambda$new$0(134)) - e9344016-ed75-4908-bdbb-2b1208d89c49@group-FA6D695FADC7-SegmentedRaftLogWorker: flushIndex: setUnconditionally 0 -> -1
2024-01-11 04:03:15,402 [e9344016-ed75-4908-bdbb-2b1208d89c49-groupManagement] INFO  segmented.SegmentedRaftLogWorker (SegmentedRaftLogWorker.java:lambda$new$0(134)) - e9344016-ed75-4908-bdbb-2b1208d89c49@group-FA6D695FADC7-SegmentedRaftLogWorker: safeCacheEvictIndex: setUnconditionally 0 -> -1
2024-01-11 04:03:15,403 [e9344016-ed75-4908-bdbb-2b1208d89c49-groupManagement] INFO  server.RaftServer$Division (RaftServerImpl.java:start(396)) - e9344016-ed75-4908-bdbb-2b1208d89c49@group-FA6D695FADC7: start as a follower, conf=-1: peers:[001cd0bd-e806-4758-aa83-7f483601919f|10.1.0.34:15023, 160405f6-ad1e-49bf-8de5-8727279c1313|10.1.0.34:15032, e9344016-ed75-4908-bdbb-2b1208d89c49|10.1.0.34:15014]|listeners:[], old=null
2024-01-11 04:03:15,403 [e9344016-ed75-4908-bdbb-2b1208d89c49-groupManagement] INFO  server.RaftServer$Division (RaftServerImpl.java:setRole(383)) - e9344016-ed75-4908-bdbb-2b1208d89c49@group-FA6D695FADC7: changes role from      null to FOLLOWER at term 0 for startAsFollower
2024-01-11 04:03:15,403 [e9344016-ed75-4908-bdbb-2b1208d89c49-groupManagement] INFO  impl.RoleInfo (RoleInfo.java:updateAndGet(139)) - e9344016-ed75-4908-bdbb-2b1208d89c49: start e9344016-ed75-4908-bdbb-2b1208d89c49@group-FA6D695FADC7-FollowerState
2024-01-11 04:03:15,403 [e9344016-ed75-4908-bdbb-2b1208d89c49-groupManagement] INFO  util.JmxRegister (JmxRegister.java:tryRegister(44)) - Successfully registered JMX Bean with object name Ratis:service=RaftServer,group=group-FA6D695FADC7,id=e9344016-ed75-4908-bdbb-2b1208d89c49
2024-01-11 04:03:15,404 [e9344016-ed75-4908-bdbb-2b1208d89c49-groupManagement] INFO  server.RaftServerConfigKeys (ConfUtils.java:logGet(46)) - raft.server.snapshot.trigger-when-stop.enabled = true (default)
2024-01-11 04:03:15,404 [e9344016-ed75-4908-bdbb-2b1208d89c49-groupManagement] INFO  server.RaftServerConfigKeys (ConfUtils.java:logGet(46)) - raft.server.snapshot.auto.trigger.enabled = true (custom)
2024-01-11 04:03:15,404 [e9344016-ed75-4908-bdbb-2b1208d89c49-groupManagement] INFO  server.RaftServerConfigKeys (ConfUtils.java:logGet(46)) - raft.server.snapshot.auto.trigger.threshold = 10000 (custom)
2024-01-11 04:03:15,404 [e9344016-ed75-4908-bdbb-2b1208d89c49-groupManagement] INFO  server.RaftServerConfigKeys (ConfUtils.java:logGet(46)) - raft.server.snapshot.retention.file.num = 5 (custom)
2024-01-11 04:03:15,404 [e9344016-ed75-4908-bdbb-2b1208d89c49-groupManagement] INFO  server.RaftServerConfigKeys (ConfUtils.java:logGet(46)) - raft.server.log.purge.upto.snapshot.index = false (default)
2024-01-11 04:03:15,405 [e9344016-ed75-4908-bdbb-2b1208d89c49@group-FA6D695FADC7-FollowerState] INFO  server.RaftServerConfigKeys (ConfUtils.java:logFallback(53)) - raft.server.rpc.first-election.timeout.min = 5s (fallback to raft.server.rpc.timeout.min)
2024-01-11 04:03:15,405 [e9344016-ed75-4908-bdbb-2b1208d89c49@group-FA6D695FADC7-FollowerState] INFO  server.RaftServerConfigKeys (ConfUtils.java:logFallback(53)) - raft.server.rpc.first-election.timeout.max = 5200ms (fallback to raft.server.rpc.timeout.max)
2024-01-11 04:03:15,407 [e9344016-ed75-4908-bdbb-2b1208d89c49-PipelineCommandHandlerThread-0] INFO  ratis.XceiverServerRatis (XceiverServerRatis.java:addGroup(842)) - Created group PipelineID=d568570a-3654-403e-bf0c-fa6d695fadc7
2024-01-11 04:03:15,444 [001cd0bd-e806-4758-aa83-7f483601919f-PipelineCommandHandlerThread-0] INFO  server.RaftServer (RaftServerProxy.java:addNew(100)) - 001cd0bd-e806-4758-aa83-7f483601919f: addNew group-DFEA3DC23DBB:[001cd0bd-e806-4758-aa83-7f483601919f|10.1.0.34:15023] returns group-DFEA3DC23DBB:java.util.concurrent.CompletableFuture@2d64c5db[Not completed]
2024-01-11 04:03:15,446 [001cd0bd-e806-4758-aa83-7f483601919f-groupManagement] INFO  server.RaftServer$Division (RaftServerImpl.java:<init>(256)) - 001cd0bd-e806-4758-aa83-7f483601919f: new RaftServerImpl for group-DFEA3DC23DBB:[001cd0bd-e806-4758-aa83-7f483601919f|10.1.0.34:15023] with ContainerStateMachine:uninitialized
2024-01-11 04:03:15,447 [001cd0bd-e806-4758-aa83-7f483601919f-groupManagement] INFO  server.RaftServerConfigKeys (ConfUtils.java:logGet(46)) - raft.server.rpc.timeout.min = 5s (custom)
2024-01-11 04:03:15,447 [001cd0bd-e806-4758-aa83-7f483601919f-groupManagement] INFO  server.RaftServerConfigKeys (ConfUtils.java:logGet(46)) - raft.server.rpc.timeout.max = 5200ms (custom)
2024-01-11 04:03:15,447 [001cd0bd-e806-4758-aa83-7f483601919f-groupManagement] INFO  server.RaftServerConfigKeys (ConfUtils.java:logGet(46)) - raft.server.rpc.sleep.time = 25ms (default)
2024-01-11 04:03:15,448 [001cd0bd-e806-4758-aa83-7f483601919f-groupManagement] INFO  server.RaftServerConfigKeys (ConfUtils.java:logGet(46)) - raft.server.rpc.slowness.timeout = 300s (custom)
2024-01-11 04:03:15,448 [001cd0bd-e806-4758-aa83-7f483601919f-groupManagement] INFO  server.RaftServerConfigKeys (ConfUtils.java:logGet(46)) - raft.server.leaderelection.leader.step-down.wait-time = 10s (default)
2024-01-11 04:03:15,449 [001cd0bd-e806-4758-aa83-7f483601919f-groupManagement] INFO  server.RaftServerConfigKeys (ConfUtils.java:logGet(46)) - raft.server.leaderelection.member.majority-add = false (default)
2024-01-11 04:03:15,449 [001cd0bd-e806-4758-aa83-7f483601919f-groupManagement] INFO  server.RaftServerConfigKeys (ConfUtils.java:logGet(46)) - raft.server.sleep.deviation.threshold = 300ms (default)
2024-01-11 04:03:15,449 [001cd0bd-e806-4758-aa83-7f483601919f-groupManagement] INFO  server.RaftServer$Division (ServerState.java:<init>(113)) - 001cd0bd-e806-4758-aa83-7f483601919f@group-DFEA3DC23DBB: ConfigurationManager, init=-1: peers:[001cd0bd-e806-4758-aa83-7f483601919f|10.1.0.34:15023]|listeners:[], old=null, confs=<EMPTY_MAP>
2024-01-11 04:03:15,450 [001cd0bd-e806-4758-aa83-7f483601919f-groupManagement] INFO  server.RaftServerConfigKeys (ConfUtils.java:logGet(46)) - raft.server.notification.no-leader.timeout = 300s (custom)
2024-01-11 04:03:15,450 [001cd0bd-e806-4758-aa83-7f483601919f-groupManagement] INFO  server.RaftServerConfigKeys (ConfUtils.java:logGet(46)) - raft.server.read.timeout = 10s (default)
2024-01-11 04:03:15,450 [001cd0bd-e806-4758-aa83-7f483601919f-groupManagement] INFO  server.RaftServerConfigKeys (ConfUtils.java:logGet(46)) - raft.server.retrycache.expirytime = 600000ms (custom)
2024-01-11 04:03:15,451 [001cd0bd-e806-4758-aa83-7f483601919f-groupManagement] INFO  server.RaftServerConfigKeys (ConfUtils.java:logGet(46)) - raft.server.retrycache.statistics.expirytime = 100ms (default)
2024-01-11 04:03:15,451 [001cd0bd-e806-4758-aa83-7f483601919f-groupManagement] INFO  server.RaftServerConfigKeys (ConfUtils.java:logGet(46)) - raft.server.read.option = DEFAULT (default)
2024-01-11 04:03:15,452 [001cd0bd-e806-4758-aa83-7f483601919f-groupManagement] INFO  server.RaftServerConfigKeys (ConfUtils.java:logGet(46)) - raft.server.read.read-after-write-consistent.write-index-cache.expiry-time = 60s (default)
2024-01-11 04:03:15,457 [001cd0bd-e806-4758-aa83-7f483601919f-groupManagement] INFO  server.RaftServerConfigKeys (ConfUtils.java:logGet(46)) - raft.server.rpc.request.timeout = 60s (custom)
2024-01-11 04:03:15,457 [001cd0bd-e806-4758-aa83-7f483601919f-groupManagement] INFO  server.RaftServerConfigKeys (ConfUtils.java:logGet(46)) - raft.server.log.appender.install.snapshot.enabled = false (custom)
2024-01-11 04:03:15,457 [001cd0bd-e806-4758-aa83-7f483601919f-groupManagement] INFO  server.RaftServerConfigKeys (ConfUtils.java:logGet(46)) - raft.server.threadpool.server.cached = true (default)
2024-01-11 04:03:15,457 [001cd0bd-e806-4758-aa83-7f483601919f-groupManagement] INFO  server.RaftServerConfigKeys (ConfUtils.java:logGet(46)) - raft.server.threadpool.server.size = 0 (default)
2024-01-11 04:03:15,457 [001cd0bd-e806-4758-aa83-7f483601919f-groupManagement] INFO  server.RaftServerConfigKeys (ConfUtils.java:logGet(46)) - raft.server.threadpool.client.cached = true (default)
2024-01-11 04:03:15,457 [001cd0bd-e806-4758-aa83-7f483601919f-groupManagement] INFO  server.RaftServerConfigKeys (ConfUtils.java:logGet(46)) - raft.server.threadpool.client.size = 0 (default)
2024-01-11 04:03:15,457 [001cd0bd-e806-4758-aa83-7f483601919f-groupManagement] INFO  server.RaftServerConfigKeys (ConfUtils.java:logGet(46)) - raft.server.storage.free-space.min = 0MB (=0) (default)
2024-01-11 04:03:15,457 [001cd0bd-e806-4758-aa83-7f483601919f-groupManagement] INFO  server.RaftServerConfigKeys (ConfUtils.java:logGet(46)) - raft.server.log.corruption.policy = EXCEPTION (default)
2024-01-11 04:03:15,458 [001cd0bd-e806-4758-aa83-7f483601919f-groupManagement] INFO  server.RaftServerConfigKeys (ConfUtils.java:logGet(46)) - raft.server.storage.dir = [/home/runner/work/ozone/ozone/hadoop-ozone/integration-test/target/test-dir/MiniOzoneClusterImpl-bfa76206-2968-4191-bda1-2218be479879/datanode-1/data/ratis] (custom)
2024-01-11 04:03:15,458 [001cd0bd-e806-4758-aa83-7f483601919f-groupManagement] INFO  storage.RaftStorageDirectory (RaftStorageDirectoryImpl.java:analyzeStorage(138)) - The storage directory /home/runner/work/ozone/ozone/hadoop-ozone/integration-test/target/test-dir/MiniOzoneClusterImpl-bfa76206-2968-4191-bda1-2218be479879/datanode-1/data/ratis/00d277f6-ee7c-40c8-850a-dfea3dc23dbb does not exist. Creating ...
2024-01-11 04:03:15,459 [001cd0bd-e806-4758-aa83-7f483601919f-groupManagement] INFO  storage.RaftStorageDirectory (RaftStorageDirectoryImpl.java:tryLock(228)) - Lock on /home/runner/work/ozone/ozone/hadoop-ozone/integration-test/target/test-dir/MiniOzoneClusterImpl-bfa76206-2968-4191-bda1-2218be479879/datanode-1/data/ratis/00d277f6-ee7c-40c8-850a-dfea3dc23dbb/in_use.lock acquired by nodename 56095@fv-az1458-636
2024-01-11 04:03:15,461 [001cd0bd-e806-4758-aa83-7f483601919f-groupManagement] INFO  storage.RaftStorage (RaftStorageImpl.java:format(99)) - Storage directory /home/runner/work/ozone/ozone/hadoop-ozone/integration-test/target/test-dir/MiniOzoneClusterImpl-bfa76206-2968-4191-bda1-2218be479879/datanode-1/data/ratis/00d277f6-ee7c-40c8-850a-dfea3dc23dbb has been successfully formatted.
2024-01-11 04:03:15,462 [001cd0bd-e806-4758-aa83-7f483601919f-groupManagement] WARN  util.FileUtils (LogUtils.java:supplyAndLog(63)) - Failed to Files.newInputStream /home/runner/work/ozone/ozone/hadoop-ozone/integration-test/target/test-dir/MiniOzoneClusterImpl-bfa76206-2968-4191-bda1-2218be479879/datanode-1/data/ratis/00d277f6-ee7c-40c8-850a-dfea3dc23dbb/current/raft-meta.conf with options []: java.nio.file.NoSuchFileException: /home/runner/work/ozone/ozone/hadoop-ozone/integration-test/target/test-dir/MiniOzoneClusterImpl-bfa76206-2968-4191-bda1-2218be479879/datanode-1/data/ratis/00d277f6-ee7c-40c8-850a-dfea3dc23dbb/current/raft-meta.conf
2024-01-11 04:03:15,469 [001cd0bd-e806-4758-aa83-7f483601919f-groupManagement] INFO  ratis.ContainerStateMachine (ContainerStateMachine.java:loadSnapshot(287)) - group-DFEA3DC23DBB: The snapshot info is null. Setting the last applied index to:(t:0, i:~)
2024-01-11 04:03:15,469 [001cd0bd-e806-4758-aa83-7f483601919f-groupManagement] INFO  server.RaftServerConfigKeys (ConfUtils.java:logGet(46)) - raft.server.log.use.memory = false (default)
2024-01-11 04:03:15,469 [001cd0bd-e806-4758-aa83-7f483601919f-groupManagement] INFO  server.RaftServerConfigKeys (ConfUtils.java:logGet(46)) - raft.server.log.purge.gap = 1000000 (custom)
2024-01-11 04:03:15,469 [001cd0bd-e806-4758-aa83-7f483601919f-groupManagement] INFO  server.RaftServerConfigKeys (ConfUtils.java:logGet(46)) - raft.server.log.appender.buffer.byte-limit = 8388608 (custom)
2024-01-11 04:03:15,469 [001cd0bd-e806-4758-aa83-7f483601919f-groupManagement] INFO  server.RaftServerConfigKeys (ConfUtils.java:logGet(46)) - raft.server.log.statemachine.data.read.timeout = 1000ms (default)
2024-01-11 04:03:15,469 [001cd0bd-e806-4758-aa83-7f483601919f-groupManagement] INFO  server.RaftServerConfigKeys (ConfUtils.java:logGet(46)) - raft.server.log.purge.preservation.log.num = 0 (default)
2024-01-11 04:03:15,471 [001cd0bd-e806-4758-aa83-7f483601919f-groupManagement] INFO  server.RaftServerConfigKeys (ConfUtils.java:logGet(46)) - raft.server.log.segment.size.max = 67108864 (custom)
2024-01-11 04:03:15,471 [001cd0bd-e806-4758-aa83-7f483601919f-groupManagement] INFO  server.RaftServerConfigKeys (ConfUtils.java:logGet(46)) - raft.server.log.segment.cache.num.max = 2 (custom)
2024-01-11 04:03:15,471 [001cd0bd-e806-4758-aa83-7f483601919f-groupManagement] INFO  server.RaftServerConfigKeys (ConfUtils.java:logGet(46)) - raft.server.log.segment.cache.size.max = 200MB (=209715200) (default)
2024-01-11 04:03:15,471 [001cd0bd-e806-4758-aa83-7f483601919f-groupManagement] INFO  server.RaftServerConfigKeys (ConfUtils.java:logGet(46)) - raft.server.log.appender.buffer.byte-limit = 8388608 (custom)
2024-01-11 04:03:15,472 [001cd0bd-e806-4758-aa83-7f483601919f-groupManagement] INFO  util.AwaitToRun (AwaitToRun.java:start(81)) - Thread[001cd0bd-e806-4758-aa83-7f483601919f@group-DFEA3DC23DBB-cacheEviction-AwaitToRun,5,main] started
2024-01-11 04:03:15,477 [001cd0bd-e806-4758-aa83-7f483601919f-groupManagement] INFO  segmented.SegmentedRaftLogWorker (SegmentedRaftLogWorker.java:<init>(182)) - new 001cd0bd-e806-4758-aa83-7f483601919f@group-DFEA3DC23DBB-SegmentedRaftLogWorker for RaftStorageImpl:Storage Directory /home/runner/work/ozone/ozone/hadoop-ozone/integration-test/target/test-dir/MiniOzoneClusterImpl-bfa76206-2968-4191-bda1-2218be479879/datanode-1/data/ratis/00d277f6-ee7c-40c8-850a-dfea3dc23dbb
2024-01-11 04:03:15,477 [001cd0bd-e806-4758-aa83-7f483601919f-groupManagement] INFO  server.RaftServerConfigKeys (ConfUtils.java:logGet(46)) - raft.server.log.queue.byte-limit = 4294967296 (custom)
2024-01-11 04:03:15,477 [001cd0bd-e806-4758-aa83-7f483601919f-groupManagement] INFO  server.RaftServerConfigKeys (ConfUtils.java:logGet(46)) - raft.server.log.queue.element-limit = 1024 (custom)
2024-01-11 04:03:15,478 [001cd0bd-e806-4758-aa83-7f483601919f-groupManagement] INFO  server.RaftServerConfigKeys (ConfUtils.java:logGet(46)) - raft.server.log.segment.size.max = 67108864 (custom)
2024-01-11 04:03:15,478 [001cd0bd-e806-4758-aa83-7f483601919f-groupManagement] INFO  server.RaftServerConfigKeys (ConfUtils.java:logGet(46)) - raft.server.log.preallocated.size = 4194304 (custom)
2024-01-11 04:03:15,478 [001cd0bd-e806-4758-aa83-7f483601919f-groupManagement] INFO  server.RaftServerConfigKeys (ConfUtils.java:logGet(46)) - raft.server.log.force.sync.num = 128 (default)
2024-01-11 04:03:15,478 [001cd0bd-e806-4758-aa83-7f483601919f-groupManagement] INFO  server.RaftServerConfigKeys (ConfUtils.java:logGet(46)) - raft.server.log.statemachine.data.sync = true (default)
2024-01-11 04:03:15,478 [001cd0bd-e806-4758-aa83-7f483601919f-groupManagement] INFO  server.RaftServerConfigKeys (ConfUtils.java:logGet(46)) - raft.server.log.statemachine.data.sync.timeout = 10s (default)
2024-01-11 04:03:15,478 [001cd0bd-e806-4758-aa83-7f483601919f-groupManagement] INFO  server.RaftServerConfigKeys (ConfUtils.java:logGet(46)) - raft.server.log.statemachine.data.sync.timeout.retry = 0 (custom)
2024-01-11 04:03:15,478 [001cd0bd-e806-4758-aa83-7f483601919f-groupManagement] INFO  server.RaftServerConfigKeys (ConfUtils.java:logGet(46)) - raft.server.log.write.buffer.size = 8388616 (custom)
2024-01-11 04:03:15,480 [001cd0bd-e806-4758-aa83-7f483601919f-groupManagement] INFO  server.RaftServerConfigKeys (ConfUtils.java:logGet(46)) - raft.server.log.appender.buffer.byte-limit = 8388608 (custom)
2024-01-11 04:03:15,480 [001cd0bd-e806-4758-aa83-7f483601919f-groupManagement] INFO  server.RaftServerConfigKeys (ConfUtils.java:logGet(46)) - raft.server.log.unsafe-flush.enabled = false (default)
2024-01-11 04:03:15,480 [001cd0bd-e806-4758-aa83-7f483601919f-groupManagement] INFO  server.RaftServerConfigKeys (ConfUtils.java:logGet(46)) - raft.server.log.async-flush.enabled = false (default)
2024-01-11 04:03:15,480 [001cd0bd-e806-4758-aa83-7f483601919f-groupManagement] INFO  server.RaftServerConfigKeys (ConfUtils.java:logGet(46)) - raft.server.log.statemachine.data.caching.enabled = true (custom)
2024-01-11 04:03:15,480 [001cd0bd-e806-4758-aa83-7f483601919f-groupManagement] INFO  segmented.SegmentedRaftLogWorker (SegmentedRaftLogWorker.java:lambda$new$0(134)) - 001cd0bd-e806-4758-aa83-7f483601919f@group-DFEA3DC23DBB-SegmentedRaftLogWorker: flushIndex: setUnconditionally 0 -> -1
2024-01-11 04:03:15,480 [001cd0bd-e806-4758-aa83-7f483601919f-groupManagement] INFO  segmented.SegmentedRaftLogWorker (SegmentedRaftLogWorker.java:lambda$new$0(134)) - 001cd0bd-e806-4758-aa83-7f483601919f@group-DFEA3DC23DBB-SegmentedRaftLogWorker: safeCacheEvictIndex: setUnconditionally 0 -> -1
2024-01-11 04:03:15,480 [001cd0bd-e806-4758-aa83-7f483601919f-groupManagement] INFO  server.RaftServer$Division (RaftServerImpl.java:start(396)) - 001cd0bd-e806-4758-aa83-7f483601919f@group-DFEA3DC23DBB: start as a follower, conf=-1: peers:[001cd0bd-e806-4758-aa83-7f483601919f|10.1.0.34:15023]|listeners:[], old=null
2024-01-11 04:03:15,480 [001cd0bd-e806-4758-aa83-7f483601919f-groupManagement] INFO  server.RaftServer$Division (RaftServerImpl.java:setRole(383)) - 001cd0bd-e806-4758-aa83-7f483601919f@group-DFEA3DC23DBB: changes role from      null to FOLLOWER at term 0 for startAsFollower
2024-01-11 04:03:15,480 [001cd0bd-e806-4758-aa83-7f483601919f-groupManagement] INFO  impl.RoleInfo (RoleInfo.java:updateAndGet(139)) - 001cd0bd-e806-4758-aa83-7f483601919f: start 001cd0bd-e806-4758-aa83-7f483601919f@group-DFEA3DC23DBB-FollowerState
2024-01-11 04:03:15,481 [001cd0bd-e806-4758-aa83-7f483601919f@group-DFEA3DC23DBB-FollowerState] INFO  server.RaftServerConfigKeys (ConfUtils.java:logFallback(53)) - raft.server.rpc.first-election.timeout.min = 5s (fallback to raft.server.rpc.timeout.min)
2024-01-11 04:03:15,481 [001cd0bd-e806-4758-aa83-7f483601919f@group-DFEA3DC23DBB-FollowerState] INFO  server.RaftServerConfigKeys (ConfUtils.java:logFallback(53)) - raft.server.rpc.first-election.timeout.max = 5200ms (fallback to raft.server.rpc.timeout.max)
2024-01-11 04:03:15,490 [001cd0bd-e806-4758-aa83-7f483601919f-groupManagement] INFO  util.JmxRegister (JmxRegister.java:tryRegister(44)) - Successfully registered JMX Bean with object name Ratis:service=RaftServer,group=group-DFEA3DC23DBB,id=001cd0bd-e806-4758-aa83-7f483601919f
2024-01-11 04:03:15,490 [001cd0bd-e806-4758-aa83-7f483601919f-groupManagement] INFO  server.RaftServerConfigKeys (ConfUtils.java:logGet(46)) - raft.server.snapshot.trigger-when-stop.enabled = true (default)
2024-01-11 04:03:15,490 [001cd0bd-e806-4758-aa83-7f483601919f-groupManagement] INFO  server.RaftServerConfigKeys (ConfUtils.java:logGet(46)) - raft.server.snapshot.auto.trigger.enabled = true (custom)
2024-01-11 04:03:15,490 [001cd0bd-e806-4758-aa83-7f483601919f-groupManagement] INFO  server.RaftServerConfigKeys (ConfUtils.java:logGet(46)) - raft.server.snapshot.auto.trigger.threshold = 10000 (custom)
2024-01-11 04:03:15,490 [001cd0bd-e806-4758-aa83-7f483601919f-groupManagement] INFO  server.RaftServerConfigKeys (ConfUtils.java:logGet(46)) - raft.server.snapshot.retention.file.num = 5 (custom)
2024-01-11 04:03:15,490 [001cd0bd-e806-4758-aa83-7f483601919f-groupManagement] INFO  server.RaftServerConfigKeys (ConfUtils.java:logGet(46)) - raft.server.log.purge.upto.snapshot.index = false (default)
2024-01-11 04:03:15,491 [001cd0bd-e806-4758-aa83-7f483601919f-PipelineCommandHandlerThread-0] INFO  ratis.XceiverServerRatis (XceiverServerRatis.java:addGroup(842)) - Created group PipelineID=00d277f6-ee7c-40c8-850a-dfea3dc23dbb
2024-01-11 04:03:15,491 [001cd0bd-e806-4758-aa83-7f483601919f-PipelineCommandHandlerThread-0] INFO  commandhandler.CreatePipelineCommandHandler (CreatePipelineCommandHandler.java:lambda$handle$2(124)) - Created Pipeline RATIS ONE PipelineID=00d277f6-ee7c-40c8-850a-dfea3dc23dbb.
2024-01-11 04:03:15,492 [001cd0bd-e806-4758-aa83-7f483601919f-PipelineCommandHandlerThread-0] INFO  server.RaftServer (RaftServerProxy.java:addNew(100)) - 001cd0bd-e806-4758-aa83-7f483601919f: addNew group-FA6D695FADC7:[001cd0bd-e806-4758-aa83-7f483601919f|10.1.0.34:15023, 160405f6-ad1e-49bf-8de5-8727279c1313|10.1.0.34:15032, e9344016-ed75-4908-bdbb-2b1208d89c49|10.1.0.34:15014] returns group-FA6D695FADC7:java.util.concurrent.CompletableFuture@295b54af[Not completed]
2024-01-11 04:03:15,494 [001cd0bd-e806-4758-aa83-7f483601919f-groupManagement] INFO  server.RaftServer$Division (RaftServerImpl.java:<init>(256)) - 001cd0bd-e806-4758-aa83-7f483601919f: new RaftServerImpl for group-FA6D695FADC7:[001cd0bd-e806-4758-aa83-7f483601919f|10.1.0.34:15023, 160405f6-ad1e-49bf-8de5-8727279c1313|10.1.0.34:15032, e9344016-ed75-4908-bdbb-2b1208d89c49|10.1.0.34:15014] with ContainerStateMachine:uninitialized
2024-01-11 04:03:15,494 [001cd0bd-e806-4758-aa83-7f483601919f-groupManagement] INFO  server.RaftServerConfigKeys (ConfUtils.java:logGet(46)) - raft.server.rpc.timeout.min = 5s (custom)
2024-01-11 04:03:15,494 [001cd0bd-e806-4758-aa83-7f483601919f-groupManagement] INFO  server.RaftServerConfigKeys (ConfUtils.java:logGet(46)) - raft.server.rpc.timeout.max = 5200ms (custom)
2024-01-11 04:03:15,495 [001cd0bd-e806-4758-aa83-7f483601919f-groupManagement] INFO  server.RaftServerConfigKeys (ConfUtils.java:logGet(46)) - raft.server.rpc.sleep.time = 25ms (default)
2024-01-11 04:03:15,495 [001cd0bd-e806-4758-aa83-7f483601919f-groupManagement] INFO  server.RaftServerConfigKeys (ConfUtils.java:logGet(46)) - raft.server.rpc.slowness.timeout = 300s (custom)
2024-01-11 04:03:15,495 [001cd0bd-e806-4758-aa83-7f483601919f-groupManagement] INFO  server.RaftServerConfigKeys (ConfUtils.java:logGet(46)) - raft.server.leaderelection.leader.step-down.wait-time = 10s (default)
2024-01-11 04:03:15,495 [001cd0bd-e806-4758-aa83-7f483601919f-groupManagement] INFO  server.RaftServerConfigKeys (ConfUtils.java:logGet(46)) - raft.server.leaderelection.member.majority-add = false (default)
2024-01-11 04:03:15,495 [001cd0bd-e806-4758-aa83-7f483601919f-groupManagement] INFO  server.RaftServerConfigKeys (ConfUtils.java:logGet(46)) - raft.server.sleep.deviation.threshold = 300ms (default)
2024-01-11 04:03:15,495 [001cd0bd-e806-4758-aa83-7f483601919f-groupManagement] INFO  server.RaftServer$Division (ServerState.java:<init>(113)) - 001cd0bd-e806-4758-aa83-7f483601919f@group-FA6D695FADC7: ConfigurationManager, init=-1: peers:[001cd0bd-e806-4758-aa83-7f483601919f|10.1.0.34:15023, 160405f6-ad1e-49bf-8de5-8727279c1313|10.1.0.34:15032, e9344016-ed75-4908-bdbb-2b1208d89c49|10.1.0.34:15014]|listeners:[], old=null, confs=<EMPTY_MAP>
2024-01-11 04:03:15,495 [001cd0bd-e806-4758-aa83-7f483601919f-groupManagement] INFO  server.RaftServerConfigKeys (ConfUtils.java:logGet(46)) - raft.server.notification.no-leader.timeout = 300s (custom)
2024-01-11 04:03:15,495 [001cd0bd-e806-4758-aa83-7f483601919f-groupManagement] INFO  server.RaftServerConfigKeys (ConfUtils.java:logGet(46)) - raft.server.read.timeout = 10s (default)
2024-01-11 04:03:15,495 [001cd0bd-e806-4758-aa83-7f483601919f-groupManagement] INFO  server.RaftServerConfigKeys (ConfUtils.java:logGet(46)) - raft.server.retrycache.expirytime = 600000ms (custom)
2024-01-11 04:03:15,495 [001cd0bd-e806-4758-aa83-7f483601919f-groupManagement] INFO  server.RaftServerConfigKeys (ConfUtils.java:logGet(46)) - raft.server.retrycache.statistics.expirytime = 100ms (default)
2024-01-11 04:03:15,496 [001cd0bd-e806-4758-aa83-7f483601919f-groupManagement] INFO  server.RaftServerConfigKeys (ConfUtils.java:logGet(46)) - raft.server.read.option = DEFAULT (default)
2024-01-11 04:03:15,496 [001cd0bd-e806-4758-aa83-7f483601919f-groupManagement] INFO  server.RaftServerConfigKeys (ConfUtils.java:logGet(46)) - raft.server.read.read-after-write-consistent.write-index-cache.expiry-time = 60s (default)
2024-01-11 04:03:15,499 [001cd0bd-e806-4758-aa83-7f483601919f-groupManagement] INFO  server.RaftServerConfigKeys (ConfUtils.java:logGet(46)) - raft.server.rpc.request.timeout = 60s (custom)
2024-01-11 04:03:15,500 [001cd0bd-e806-4758-aa83-7f483601919f-groupManagement] INFO  server.RaftServerConfigKeys (ConfUtils.java:logGet(46)) - raft.server.log.appender.install.snapshot.enabled = false (custom)
2024-01-11 04:03:15,500 [001cd0bd-e806-4758-aa83-7f483601919f-groupManagement] INFO  server.RaftServerConfigKeys (ConfUtils.java:logGet(46)) - raft.server.threadpool.server.cached = true (default)
2024-01-11 04:03:15,500 [001cd0bd-e806-4758-aa83-7f483601919f-groupManagement] INFO  server.RaftServerConfigKeys (ConfUtils.java:logGet(46)) - raft.server.threadpool.server.size = 0 (default)
2024-01-11 04:03:15,500 [001cd0bd-e806-4758-aa83-7f483601919f-groupManagement] INFO  server.RaftServerConfigKeys (ConfUtils.java:logGet(46)) - raft.server.threadpool.client.cached = true (default)
2024-01-11 04:03:15,500 [001cd0bd-e806-4758-aa83-7f483601919f-groupManagement] INFO  server.RaftServerConfigKeys (ConfUtils.java:logGet(46)) - raft.server.threadpool.client.size = 0 (default)
2024-01-11 04:03:15,503 [EventQueue-PipelineReportForPipelineReportHandler] INFO  pipeline.PipelineReportHandler (PipelineReportHandler.java:processPipelineReport(136)) - Opened pipeline PipelineID=00d277f6-ee7c-40c8-850a-dfea3dc23dbb
2024-01-11 04:03:15,503 [EventQueue-OpenPipelineForHealthyPipelineSafeModeRule] INFO  safemode.SCMSafeModeManager (HealthyPipelineSafeModeRule.java:process(140)) - SCM in safe mode. Healthy pipelines reported count is 0, required healthy pipeline reported count is 1
2024-01-11 04:03:15,504 [001cd0bd-e806-4758-aa83-7f483601919f-groupManagement] INFO  server.RaftServerConfigKeys (ConfUtils.java:logGet(46)) - raft.server.storage.free-space.min = 0MB (=0) (default)
2024-01-11 04:03:15,504 [001cd0bd-e806-4758-aa83-7f483601919f-groupManagement] INFO  server.RaftServerConfigKeys (ConfUtils.java:logGet(46)) - raft.server.log.corruption.policy = EXCEPTION (default)
2024-01-11 04:03:15,505 [001cd0bd-e806-4758-aa83-7f483601919f-groupManagement] INFO  server.RaftServerConfigKeys (ConfUtils.java:logGet(46)) - raft.server.storage.dir = [/home/runner/work/ozone/ozone/hadoop-ozone/integration-test/target/test-dir/MiniOzoneClusterImpl-bfa76206-2968-4191-bda1-2218be479879/datanode-1/data/ratis] (custom)
2024-01-11 04:03:15,505 [001cd0bd-e806-4758-aa83-7f483601919f-groupManagement] INFO  storage.RaftStorageDirectory (RaftStorageDirectoryImpl.java:analyzeStorage(138)) - The storage directory /home/runner/work/ozone/ozone/hadoop-ozone/integration-test/target/test-dir/MiniOzoneClusterImpl-bfa76206-2968-4191-bda1-2218be479879/datanode-1/data/ratis/d568570a-3654-403e-bf0c-fa6d695fadc7 does not exist. Creating ...
2024-01-11 04:03:15,507 [001cd0bd-e806-4758-aa83-7f483601919f-groupManagement] INFO  storage.RaftStorageDirectory (RaftStorageDirectoryImpl.java:tryLock(228)) - Lock on /home/runner/work/ozone/ozone/hadoop-ozone/integration-test/target/test-dir/MiniOzoneClusterImpl-bfa76206-2968-4191-bda1-2218be479879/datanode-1/data/ratis/d568570a-3654-403e-bf0c-fa6d695fadc7/in_use.lock acquired by nodename 56095@fv-az1458-636
2024-01-11 04:03:15,509 [001cd0bd-e806-4758-aa83-7f483601919f-groupManagement] INFO  storage.RaftStorage (RaftStorageImpl.java:format(99)) - Storage directory /home/runner/work/ozone/ozone/hadoop-ozone/integration-test/target/test-dir/MiniOzoneClusterImpl-bfa76206-2968-4191-bda1-2218be479879/datanode-1/data/ratis/d568570a-3654-403e-bf0c-fa6d695fadc7 has been successfully formatted.
2024-01-11 04:03:15,509 [001cd0bd-e806-4758-aa83-7f483601919f-groupManagement] WARN  util.FileUtils (LogUtils.java:supplyAndLog(63)) - Failed to Files.newInputStream /home/runner/work/ozone/ozone/hadoop-ozone/integration-test/target/test-dir/MiniOzoneClusterImpl-bfa76206-2968-4191-bda1-2218be479879/datanode-1/data/ratis/d568570a-3654-403e-bf0c-fa6d695fadc7/current/raft-meta.conf with options []: java.nio.file.NoSuchFileException: /home/runner/work/ozone/ozone/hadoop-ozone/integration-test/target/test-dir/MiniOzoneClusterImpl-bfa76206-2968-4191-bda1-2218be479879/datanode-1/data/ratis/d568570a-3654-403e-bf0c-fa6d695fadc7/current/raft-meta.conf
2024-01-11 04:03:15,509 [001cd0bd-e806-4758-aa83-7f483601919f-groupManagement] INFO  ratis.ContainerStateMachine (ContainerStateMachine.java:loadSnapshot(287)) - group-FA6D695FADC7: The snapshot info is null. Setting the last applied index to:(t:0, i:~)
2024-01-11 04:03:15,510 [001cd0bd-e806-4758-aa83-7f483601919f-groupManagement] INFO  server.RaftServerConfigKeys (ConfUtils.java:logGet(46)) - raft.server.log.use.memory = false (default)
2024-01-11 04:03:15,510 [001cd0bd-e806-4758-aa83-7f483601919f-groupManagement] INFO  server.RaftServerConfigKeys (ConfUtils.java:logGet(46)) - raft.server.log.purge.gap = 1000000 (custom)
2024-01-11 04:03:15,510 [001cd0bd-e806-4758-aa83-7f483601919f-groupManagement] INFO  server.RaftServerConfigKeys (ConfUtils.java:logGet(46)) - raft.server.log.appender.buffer.byte-limit = 8388608 (custom)
2024-01-11 04:03:15,510 [001cd0bd-e806-4758-aa83-7f483601919f-groupManagement] INFO  server.RaftServerConfigKeys (ConfUtils.java:logGet(46)) - raft.server.log.statemachine.data.read.timeout = 1000ms (default)
2024-01-11 04:03:15,510 [001cd0bd-e806-4758-aa83-7f483601919f-groupManagement] INFO  server.RaftServerConfigKeys (ConfUtils.java:logGet(46)) - raft.server.log.purge.preservation.log.num = 0 (default)
2024-01-11 04:03:15,512 [EventQueue-OpenPipelineForHealthyPipelineSafeModeRule] INFO  safemode.SCMSafeModeManager (HealthyPipelineSafeModeRule.java:process(140)) - SCM in safe mode. Healthy pipelines reported count is 0, required healthy pipeline reported count is 1
2024-01-11 04:03:15,513 [001cd0bd-e806-4758-aa83-7f483601919f-groupManagement] INFO  server.RaftServerConfigKeys (ConfUtils.java:logGet(46)) - raft.server.log.segment.size.max = 67108864 (custom)
2024-01-11 04:03:15,514 [001cd0bd-e806-4758-aa83-7f483601919f-groupManagement] INFO  server.RaftServerConfigKeys (ConfUtils.java:logGet(46)) - raft.server.log.segment.cache.num.max = 2 (custom)
2024-01-11 04:03:15,514 [001cd0bd-e806-4758-aa83-7f483601919f-groupManagement] INFO  server.RaftServerConfigKeys (ConfUtils.java:logGet(46)) - raft.server.log.segment.cache.size.max = 200MB (=209715200) (default)
2024-01-11 04:03:15,514 [001cd0bd-e806-4758-aa83-7f483601919f-groupManagement] INFO  server.RaftServerConfigKeys (ConfUtils.java:logGet(46)) - raft.server.log.appender.buffer.byte-limit = 8388608 (custom)
2024-01-11 04:03:15,514 [001cd0bd-e806-4758-aa83-7f483601919f-groupManagement] INFO  util.AwaitToRun (AwaitToRun.java:start(81)) - Thread[001cd0bd-e806-4758-aa83-7f483601919f@group-FA6D695FADC7-cacheEviction-AwaitToRun,5,main] started
2024-01-11 04:03:15,514 [001cd0bd-e806-4758-aa83-7f483601919f-groupManagement] INFO  segmented.SegmentedRaftLogWorker (SegmentedRaftLogWorker.java:<init>(182)) - new 001cd0bd-e806-4758-aa83-7f483601919f@group-FA6D695FADC7-SegmentedRaftLogWorker for RaftStorageImpl:Storage Directory /home/runner/work/ozone/ozone/hadoop-ozone/integration-test/target/test-dir/MiniOzoneClusterImpl-bfa76206-2968-4191-bda1-2218be479879/datanode-1/data/ratis/d568570a-3654-403e-bf0c-fa6d695fadc7
2024-01-11 04:03:15,514 [001cd0bd-e806-4758-aa83-7f483601919f-groupManagement] INFO  server.RaftServerConfigKeys (ConfUtils.java:logGet(46)) - raft.server.log.queue.byte-limit = 4294967296 (custom)
2024-01-11 04:03:15,514 [001cd0bd-e806-4758-aa83-7f483601919f-groupManagement] INFO  server.RaftServerConfigKeys (ConfUtils.java:logGet(46)) - raft.server.log.queue.element-limit = 1024 (custom)
2024-01-11 04:03:15,514 [001cd0bd-e806-4758-aa83-7f483601919f-groupManagement] INFO  server.RaftServerConfigKeys (ConfUtils.java:logGet(46)) - raft.server.log.segment.size.max = 67108864 (custom)
2024-01-11 04:03:15,514 [001cd0bd-e806-4758-aa83-7f483601919f-groupManagement] INFO  server.RaftServerConfigKeys (ConfUtils.java:logGet(46)) - raft.server.log.preallocated.size = 4194304 (custom)
2024-01-11 04:03:15,514 [001cd0bd-e806-4758-aa83-7f483601919f-groupManagement] INFO  server.RaftServerConfigKeys (ConfUtils.java:logGet(46)) - raft.server.log.force.sync.num = 128 (default)
2024-01-11 04:03:15,514 [001cd0bd-e806-4758-aa83-7f483601919f-groupManagement] INFO  server.RaftServerConfigKeys (ConfUtils.java:logGet(46)) - raft.server.log.statemachine.data.sync = true (default)
2024-01-11 04:03:15,514 [001cd0bd-e806-4758-aa83-7f483601919f-groupManagement] INFO  server.RaftServerConfigKeys (ConfUtils.java:logGet(46)) - raft.server.log.statemachine.data.sync.timeout = 10s (default)
2024-01-11 04:03:15,514 [001cd0bd-e806-4758-aa83-7f483601919f-groupManagement] INFO  server.RaftServerConfigKeys (ConfUtils.java:logGet(46)) - raft.server.log.statemachine.data.sync.timeout.retry = 0 (custom)
2024-01-11 04:03:15,515 [001cd0bd-e806-4758-aa83-7f483601919f-groupManagement] INFO  server.RaftServerConfigKeys (ConfUtils.java:logGet(46)) - raft.server.log.write.buffer.size = 8388616 (custom)
2024-01-11 04:03:15,519 [001cd0bd-e806-4758-aa83-7f483601919f-groupManagement] INFO  server.RaftServerConfigKeys (ConfUtils.java:logGet(46)) - raft.server.log.appender.buffer.byte-limit = 8388608 (custom)
2024-01-11 04:03:15,520 [001cd0bd-e806-4758-aa83-7f483601919f-groupManagement] INFO  server.RaftServerConfigKeys (ConfUtils.java:logGet(46)) - raft.server.log.unsafe-flush.enabled = false (default)
2024-01-11 04:03:15,520 [001cd0bd-e806-4758-aa83-7f483601919f-groupManagement] INFO  server.RaftServerConfigKeys (ConfUtils.java:logGet(46)) - raft.server.log.async-flush.enabled = false (default)
2024-01-11 04:03:15,520 [001cd0bd-e806-4758-aa83-7f483601919f-groupManagement] INFO  server.RaftServerConfigKeys (ConfUtils.java:logGet(46)) - raft.server.log.statemachine.data.caching.enabled = true (custom)
2024-01-11 04:03:15,521 [001cd0bd-e806-4758-aa83-7f483601919f-groupManagement] INFO  segmented.SegmentedRaftLogWorker (SegmentedRaftLogWorker.java:lambda$new$0(134)) - 001cd0bd-e806-4758-aa83-7f483601919f@group-FA6D695FADC7-SegmentedRaftLogWorker: flushIndex: setUnconditionally 0 -> -1
2024-01-11 04:03:15,521 [001cd0bd-e806-4758-aa83-7f483601919f-groupManagement] INFO  segmented.SegmentedRaftLogWorker (SegmentedRaftLogWorker.java:lambda$new$0(134)) - 001cd0bd-e806-4758-aa83-7f483601919f@group-FA6D695FADC7-SegmentedRaftLogWorker: safeCacheEvictIndex: setUnconditionally 0 -> -1
2024-01-11 04:03:15,524 [001cd0bd-e806-4758-aa83-7f483601919f-groupManagement] INFO  server.RaftServer$Division (RaftServerImpl.java:start(396)) - 001cd0bd-e806-4758-aa83-7f483601919f@group-FA6D695FADC7: start as a follower, conf=-1: peers:[001cd0bd-e806-4758-aa83-7f483601919f|10.1.0.34:15023, 160405f6-ad1e-49bf-8de5-8727279c1313|10.1.0.34:15032, e9344016-ed75-4908-bdbb-2b1208d89c49|10.1.0.34:15014]|listeners:[], old=null
2024-01-11 04:03:15,524 [001cd0bd-e806-4758-aa83-7f483601919f-groupManagement] INFO  server.RaftServer$Division (RaftServerImpl.java:setRole(383)) - 001cd0bd-e806-4758-aa83-7f483601919f@group-FA6D695FADC7: changes role from      null to FOLLOWER at term 0 for startAsFollower
2024-01-11 04:03:15,525 [001cd0bd-e806-4758-aa83-7f483601919f-groupManagement] INFO  impl.RoleInfo (RoleInfo.java:updateAndGet(139)) - 001cd0bd-e806-4758-aa83-7f483601919f: start 001cd0bd-e806-4758-aa83-7f483601919f@group-FA6D695FADC7-FollowerState
2024-01-11 04:03:15,538 [001cd0bd-e806-4758-aa83-7f483601919f-groupManagement] INFO  util.JmxRegister (JmxRegister.java:tryRegister(44)) - Successfully registered JMX Bean with object name Ratis:service=RaftServer,group=group-FA6D695FADC7,id=001cd0bd-e806-4758-aa83-7f483601919f
2024-01-11 04:03:15,538 [001cd0bd-e806-4758-aa83-7f483601919f-groupManagement] INFO  server.RaftServerConfigKeys (ConfUtils.java:logGet(46)) - raft.server.snapshot.trigger-when-stop.enabled = true (default)
2024-01-11 04:03:15,539 [001cd0bd-e806-4758-aa83-7f483601919f-groupManagement] INFO  server.RaftServerConfigKeys (ConfUtils.java:logGet(46)) - raft.server.snapshot.auto.trigger.enabled = true (custom)
2024-01-11 04:03:15,539 [001cd0bd-e806-4758-aa83-7f483601919f-groupManagement] INFO  server.RaftServerConfigKeys (ConfUtils.java:logGet(46)) - raft.server.snapshot.auto.trigger.threshold = 10000 (custom)
2024-01-11 04:03:15,539 [001cd0bd-e806-4758-aa83-7f483601919f-groupManagement] INFO  server.RaftServerConfigKeys (ConfUtils.java:logGet(46)) - raft.server.snapshot.retention.file.num = 5 (custom)
2024-01-11 04:03:15,539 [001cd0bd-e806-4758-aa83-7f483601919f-groupManagement] INFO  server.RaftServerConfigKeys (ConfUtils.java:logGet(46)) - raft.server.log.purge.upto.snapshot.index = false (default)
2024-01-11 04:03:15,540 [001cd0bd-e806-4758-aa83-7f483601919f@group-FA6D695FADC7-FollowerState] INFO  server.RaftServerConfigKeys (ConfUtils.java:logFallback(53)) - raft.server.rpc.first-election.timeout.min = 5s (fallback to raft.server.rpc.timeout.min)
2024-01-11 04:03:15,540 [001cd0bd-e806-4758-aa83-7f483601919f-PipelineCommandHandlerThread-0] INFO  ratis.XceiverServerRatis (XceiverServerRatis.java:addGroup(842)) - Created group PipelineID=d568570a-3654-403e-bf0c-fa6d695fadc7
2024-01-11 04:03:15,540 [001cd0bd-e806-4758-aa83-7f483601919f@group-FA6D695FADC7-FollowerState] INFO  server.RaftServerConfigKeys (ConfUtils.java:logFallback(53)) - raft.server.rpc.first-election.timeout.max = 5200ms (fallback to raft.server.rpc.timeout.max)
2024-01-11 04:03:15,554 [Mini-Cluster-Provider-Create] INFO  ozone.MiniOzoneClusterImpl (MiniOzoneClusterImpl.java:lambda$waitForClusterToBeReady$0(229)) - Nodes are ready. Got 3 of 3 DN Heartbeats.
2024-01-11 04:03:15,554 [Mini-Cluster-Provider-Create] INFO  ozone.MiniOzoneClusterImpl (MiniOzoneClusterImpl.java:lambda$waitForClusterToBeReady$0(232)) - Waiting for cluster to exit safe mode
2024-01-11 04:03:15,555 [Mini-Cluster-Provider-Create] INFO  ozone.MiniOzoneClusterImpl (MiniOzoneClusterImpl.java:lambda$waitForClusterToBeReady$0(234)) - SCM became leader
2024-01-11 04:03:15,560 [160405f6-ad1e-49bf-8de5-8727279c1313-PipelineCommandHandlerThread-0] INFO  server.RaftServer (RaftServerProxy.java:addNew(100)) - 160405f6-ad1e-49bf-8de5-8727279c1313: addNew group-C40260B1E312:[160405f6-ad1e-49bf-8de5-8727279c1313|10.1.0.34:15032] returns group-C40260B1E312:java.util.concurrent.CompletableFuture@163fe3ae[Not completed]
2024-01-11 04:03:15,574 [160405f6-ad1e-49bf-8de5-8727279c1313-groupManagement] INFO  server.RaftServer$Division (RaftServerImpl.java:<init>(256)) - 160405f6-ad1e-49bf-8de5-8727279c1313: new RaftServerImpl for group-C40260B1E312:[160405f6-ad1e-49bf-8de5-8727279c1313|10.1.0.34:15032] with ContainerStateMachine:uninitialized
2024-01-11 04:03:15,574 [160405f6-ad1e-49bf-8de5-8727279c1313-groupManagement] INFO  server.RaftServerConfigKeys (ConfUtils.java:logGet(46)) - raft.server.rpc.timeout.min = 5s (custom)
2024-01-11 04:03:15,574 [160405f6-ad1e-49bf-8de5-8727279c1313-groupManagement] INFO  server.RaftServerConfigKeys (ConfUtils.java:logGet(46)) - raft.server.rpc.timeout.max = 5200ms (custom)
2024-01-11 04:03:15,574 [160405f6-ad1e-49bf-8de5-8727279c1313-groupManagement] INFO  server.RaftServerConfigKeys (ConfUtils.java:logGet(46)) - raft.server.rpc.sleep.time = 25ms (default)
2024-01-11 04:03:15,574 [160405f6-ad1e-49bf-8de5-8727279c1313-groupManagement] INFO  server.RaftServerConfigKeys (ConfUtils.java:logGet(46)) - raft.server.rpc.slowness.timeout = 300s (custom)
2024-01-11 04:03:15,574 [160405f6-ad1e-49bf-8de5-8727279c1313-groupManagement] INFO  server.RaftServerConfigKeys (ConfUtils.java:logGet(46)) - raft.server.leaderelection.leader.step-down.wait-time = 10s (default)
2024-01-11 04:03:15,574 [160405f6-ad1e-49bf-8de5-8727279c1313-groupManagement] INFO  server.RaftServerConfigKeys (ConfUtils.java:logGet(46)) - raft.server.leaderelection.member.majority-add = false (default)
2024-01-11 04:03:15,574 [160405f6-ad1e-49bf-8de5-8727279c1313-groupManagement] INFO  server.RaftServerConfigKeys (ConfUtils.java:logGet(46)) - raft.server.sleep.deviation.threshold = 300ms (default)
2024-01-11 04:03:15,574 [160405f6-ad1e-49bf-8de5-8727279c1313-groupManagement] INFO  server.RaftServer$Division (ServerState.java:<init>(113)) - 160405f6-ad1e-49bf-8de5-8727279c1313@group-C40260B1E312: ConfigurationManager, init=-1: peers:[160405f6-ad1e-49bf-8de5-8727279c1313|10.1.0.34:15032]|listeners:[], old=null, confs=<EMPTY_MAP>
2024-01-11 04:03:15,575 [160405f6-ad1e-49bf-8de5-8727279c1313-groupManagement] INFO  server.RaftServerConfigKeys (ConfUtils.java:logGet(46)) - raft.server.notification.no-leader.timeout = 300s (custom)
2024-01-11 04:03:15,575 [160405f6-ad1e-49bf-8de5-8727279c1313-groupManagement] INFO  server.RaftServerConfigKeys (ConfUtils.java:logGet(46)) - raft.server.read.timeout = 10s (default)
2024-01-11 04:03:15,575 [160405f6-ad1e-49bf-8de5-8727279c1313-groupManagement] INFO  server.RaftServerConfigKeys (ConfUtils.java:logGet(46)) - raft.server.retrycache.expirytime = 600000ms (custom)
2024-01-11 04:03:15,575 [160405f6-ad1e-49bf-8de5-8727279c1313-groupManagement] INFO  server.RaftServerConfigKeys (ConfUtils.java:logGet(46)) - raft.server.retrycache.statistics.expirytime = 100ms (default)
2024-01-11 04:03:15,575 [160405f6-ad1e-49bf-8de5-8727279c1313-groupManagement] INFO  server.RaftServerConfigKeys (ConfUtils.java:logGet(46)) - raft.server.read.option = DEFAULT (default)
2024-01-11 04:03:15,575 [160405f6-ad1e-49bf-8de5-8727279c1313-groupManagement] INFO  server.RaftServerConfigKeys (ConfUtils.java:logGet(46)) - raft.server.read.read-after-write-consistent.write-index-cache.expiry-time = 60s (default)
2024-01-11 04:03:15,581 [160405f6-ad1e-49bf-8de5-8727279c1313-groupManagement] INFO  server.RaftServerConfigKeys (ConfUtils.java:logGet(46)) - raft.server.rpc.request.timeout = 60s (custom)
2024-01-11 04:03:15,582 [160405f6-ad1e-49bf-8de5-8727279c1313-groupManagement] INFO  server.RaftServerConfigKeys (ConfUtils.java:logGet(46)) - raft.server.log.appender.install.snapshot.enabled = false (custom)
2024-01-11 04:03:15,582 [160405f6-ad1e-49bf-8de5-8727279c1313-groupManagement] INFO  server.RaftServerConfigKeys (ConfUtils.java:logGet(46)) - raft.server.threadpool.server.cached = true (default)
2024-01-11 04:03:15,582 [160405f6-ad1e-49bf-8de5-8727279c1313-groupManagement] INFO  server.RaftServerConfigKeys (ConfUtils.java:logGet(46)) - raft.server.threadpool.server.size = 0 (default)
2024-01-11 04:03:15,582 [160405f6-ad1e-49bf-8de5-8727279c1313-groupManagement] INFO  server.RaftServerConfigKeys (ConfUtils.java:logGet(46)) - raft.server.threadpool.client.cached = true (default)
2024-01-11 04:03:15,582 [160405f6-ad1e-49bf-8de5-8727279c1313-groupManagement] INFO  server.RaftServerConfigKeys (ConfUtils.java:logGet(46)) - raft.server.threadpool.client.size = 0 (default)
2024-01-11 04:03:15,582 [160405f6-ad1e-49bf-8de5-8727279c1313-groupManagement] INFO  server.RaftServerConfigKeys (ConfUtils.java:logGet(46)) - raft.server.storage.free-space.min = 0MB (=0) (default)
2024-01-11 04:03:15,582 [160405f6-ad1e-49bf-8de5-8727279c1313-groupManagement] INFO  server.RaftServerConfigKeys (ConfUtils.java:logGet(46)) - raft.server.log.corruption.policy = EXCEPTION (default)
2024-01-11 04:03:15,582 [160405f6-ad1e-49bf-8de5-8727279c1313-groupManagement] INFO  server.RaftServerConfigKeys (ConfUtils.java:logGet(46)) - raft.server.storage.dir = [/home/runner/work/ozone/ozone/hadoop-ozone/integration-test/target/test-dir/MiniOzoneClusterImpl-bfa76206-2968-4191-bda1-2218be479879/datanode-2/data/ratis] (custom)
2024-01-11 04:03:15,582 [160405f6-ad1e-49bf-8de5-8727279c1313-groupManagement] INFO  storage.RaftStorageDirectory (RaftStorageDirectoryImpl.java:analyzeStorage(138)) - The storage directory /home/runner/work/ozone/ozone/hadoop-ozone/integration-test/target/test-dir/MiniOzoneClusterImpl-bfa76206-2968-4191-bda1-2218be479879/datanode-2/data/ratis/e77b1fbf-0c5f-4d4b-9dc4-c40260b1e312 does not exist. Creating ...
2024-01-11 04:03:15,585 [160405f6-ad1e-49bf-8de5-8727279c1313-groupManagement] INFO  storage.RaftStorageDirectory (RaftStorageDirectoryImpl.java:tryLock(228)) - Lock on /home/runner/work/ozone/ozone/hadoop-ozone/integration-test/target/test-dir/MiniOzoneClusterImpl-bfa76206-2968-4191-bda1-2218be479879/datanode-2/data/ratis/e77b1fbf-0c5f-4d4b-9dc4-c40260b1e312/in_use.lock acquired by nodename 56095@fv-az1458-636
2024-01-11 04:03:15,586 [160405f6-ad1e-49bf-8de5-8727279c1313-groupManagement] INFO  storage.RaftStorage (RaftStorageImpl.java:format(99)) - Storage directory /home/runner/work/ozone/ozone/hadoop-ozone/integration-test/target/test-dir/MiniOzoneClusterImpl-bfa76206-2968-4191-bda1-2218be479879/datanode-2/data/ratis/e77b1fbf-0c5f-4d4b-9dc4-c40260b1e312 has been successfully formatted.
2024-01-11 04:03:15,587 [160405f6-ad1e-49bf-8de5-8727279c1313-groupManagement] WARN  util.FileUtils (LogUtils.java:supplyAndLog(63)) - Failed to Files.newInputStream /home/runner/work/ozone/ozone/hadoop-ozone/integration-test/target/test-dir/MiniOzoneClusterImpl-bfa76206-2968-4191-bda1-2218be479879/datanode-2/data/ratis/e77b1fbf-0c5f-4d4b-9dc4-c40260b1e312/current/raft-meta.conf with options []: java.nio.file.NoSuchFileException: /home/runner/work/ozone/ozone/hadoop-ozone/integration-test/target/test-dir/MiniOzoneClusterImpl-bfa76206-2968-4191-bda1-2218be479879/datanode-2/data/ratis/e77b1fbf-0c5f-4d4b-9dc4-c40260b1e312/current/raft-meta.conf
2024-01-11 04:03:15,587 [160405f6-ad1e-49bf-8de5-8727279c1313-groupManagement] INFO  ratis.ContainerStateMachine (ContainerStateMachine.java:loadSnapshot(287)) - group-C40260B1E312: The snapshot info is null. Setting the last applied index to:(t:0, i:~)
2024-01-11 04:03:15,588 [160405f6-ad1e-49bf-8de5-8727279c1313-groupManagement] INFO  server.RaftServerConfigKeys (ConfUtils.java:logGet(46)) - raft.server.log.use.memory = false (default)
2024-01-11 04:03:15,588 [160405f6-ad1e-49bf-8de5-8727279c1313-groupManagement] INFO  server.RaftServerConfigKeys (ConfUtils.java:logGet(46)) - raft.server.log.purge.gap = 1000000 (custom)
2024-01-11 04:03:15,588 [160405f6-ad1e-49bf-8de5-8727279c1313-groupManagement] INFO  server.RaftServerConfigKeys (ConfUtils.java:logGet(46)) - raft.server.log.appender.buffer.byte-limit = 8388608 (custom)
2024-01-11 04:03:15,588 [160405f6-ad1e-49bf-8de5-8727279c1313-groupManagement] INFO  server.RaftServerConfigKeys (ConfUtils.java:logGet(46)) - raft.server.log.statemachine.data.read.timeout = 1000ms (default)
2024-01-11 04:03:15,588 [160405f6-ad1e-49bf-8de5-8727279c1313-groupManagement] INFO  server.RaftServerConfigKeys (ConfUtils.java:logGet(46)) - raft.server.log.purge.preservation.log.num = 0 (default)
2024-01-11 04:03:15,592 [EventQueue-PipelineReportForPipelineReportHandler] INFO  pipeline.PipelineReportHandler (PipelineReportHandler.java:processPipelineReport(136)) - Opened pipeline PipelineID=e77b1fbf-0c5f-4d4b-9dc4-c40260b1e312
2024-01-11 04:03:15,593 [EventQueue-OpenPipelineForHealthyPipelineSafeModeRule] INFO  safemode.SCMSafeModeManager (HealthyPipelineSafeModeRule.java:process(140)) - SCM in safe mode. Healthy pipelines reported count is 0, required healthy pipeline reported count is 1
2024-01-11 04:03:15,594 [160405f6-ad1e-49bf-8de5-8727279c1313-groupManagement] INFO  server.RaftServerConfigKeys (ConfUtils.java:logGet(46)) - raft.server.log.segment.size.max = 67108864 (custom)
2024-01-11 04:03:15,595 [160405f6-ad1e-49bf-8de5-8727279c1313-groupManagement] INFO  server.RaftServerConfigKeys (ConfUtils.java:logGet(46)) - raft.server.log.segment.cache.num.max = 2 (custom)
2024-01-11 04:03:15,595 [160405f6-ad1e-49bf-8de5-8727279c1313-groupManagement] INFO  server.RaftServerConfigKeys (ConfUtils.java:logGet(46)) - raft.server.log.segment.cache.size.max = 200MB (=209715200) (default)
2024-01-11 04:03:15,596 [160405f6-ad1e-49bf-8de5-8727279c1313-groupManagement] INFO  server.RaftServerConfigKeys (ConfUtils.java:logGet(46)) - raft.server.log.appender.buffer.byte-limit = 8388608 (custom)
2024-01-11 04:03:15,596 [160405f6-ad1e-49bf-8de5-8727279c1313-groupManagement] INFO  util.AwaitToRun (AwaitToRun.java:start(81)) - Thread[160405f6-ad1e-49bf-8de5-8727279c1313@group-C40260B1E312-cacheEviction-AwaitToRun,5,main] started
2024-01-11 04:03:15,597 [160405f6-ad1e-49bf-8de5-8727279c1313-groupManagement] INFO  segmented.SegmentedRaftLogWorker (SegmentedRaftLogWorker.java:<init>(182)) - new 160405f6-ad1e-49bf-8de5-8727279c1313@group-C40260B1E312-SegmentedRaftLogWorker for RaftStorageImpl:Storage Directory /home/runner/work/ozone/ozone/hadoop-ozone/integration-test/target/test-dir/MiniOzoneClusterImpl-bfa76206-2968-4191-bda1-2218be479879/datanode-2/data/ratis/e77b1fbf-0c5f-4d4b-9dc4-c40260b1e312
2024-01-11 04:03:15,597 [160405f6-ad1e-49bf-8de5-8727279c1313-groupManagement] INFO  server.RaftServerConfigKeys (ConfUtils.java:logGet(46)) - raft.server.log.queue.byte-limit = 4294967296 (custom)
2024-01-11 04:03:15,597 [160405f6-ad1e-49bf-8de5-8727279c1313-groupManagement] INFO  server.RaftServerConfigKeys (ConfUtils.java:logGet(46)) - raft.server.log.queue.element-limit = 1024 (custom)
2024-01-11 04:03:15,597 [160405f6-ad1e-49bf-8de5-8727279c1313-groupManagement] INFO  server.RaftServerConfigKeys (ConfUtils.java:logGet(46)) - raft.server.log.segment.size.max = 67108864 (custom)
2024-01-11 04:03:15,597 [160405f6-ad1e-49bf-8de5-8727279c1313-groupManagement] INFO  server.RaftServerConfigKeys (ConfUtils.java:logGet(46)) - raft.server.log.preallocated.size = 4194304 (custom)
2024-01-11 04:03:15,597 [160405f6-ad1e-49bf-8de5-8727279c1313-groupManagement] INFO  server.RaftServerConfigKeys (ConfUtils.java:logGet(46)) - raft.server.log.force.sync.num = 128 (default)
2024-01-11 04:03:15,597 [160405f6-ad1e-49bf-8de5-8727279c1313-groupManagement] INFO  server.RaftServerConfigKeys (ConfUtils.java:logGet(46)) - raft.server.log.statemachine.data.sync = true (default)
2024-01-11 04:03:15,597 [160405f6-ad1e-49bf-8de5-8727279c1313-groupManagement] INFO  server.RaftServerConfigKeys (ConfUtils.java:logGet(46)) - raft.server.log.statemachine.data.sync.timeout = 10s (default)
2024-01-11 04:03:15,597 [160405f6-ad1e-49bf-8de5-8727279c1313-groupManagement] INFO  server.RaftServerConfigKeys (ConfUtils.java:logGet(46)) - raft.server.log.statemachine.data.sync.timeout.retry = 0 (custom)
2024-01-11 04:03:15,598 [160405f6-ad1e-49bf-8de5-8727279c1313-groupManagement] INFO  server.RaftServerConfigKeys (ConfUtils.java:logGet(46)) - raft.server.log.write.buffer.size = 8388616 (custom)
2024-01-11 04:03:15,600 [160405f6-ad1e-49bf-8de5-8727279c1313-groupManagement] INFO  server.RaftServerConfigKeys (ConfUtils.java:logGet(46)) - raft.server.log.appender.buffer.byte-limit = 8388608 (custom)
2024-01-11 04:03:15,600 [160405f6-ad1e-49bf-8de5-8727279c1313-groupManagement] INFO  server.RaftServerConfigKeys (ConfUtils.java:logGet(46)) - raft.server.log.unsafe-flush.enabled = false (default)
2024-01-11 04:03:15,600 [160405f6-ad1e-49bf-8de5-8727279c1313-groupManagement] INFO  server.RaftServerConfigKeys (ConfUtils.java:logGet(46)) - raft.server.log.async-flush.enabled = false (default)
2024-01-11 04:03:15,600 [160405f6-ad1e-49bf-8de5-8727279c1313-groupManagement] INFO  server.RaftServerConfigKeys (ConfUtils.java:logGet(46)) - raft.server.log.statemachine.data.caching.enabled = true (custom)
2024-01-11 04:03:15,601 [160405f6-ad1e-49bf-8de5-8727279c1313-groupManagement] INFO  segmented.SegmentedRaftLogWorker (SegmentedRaftLogWorker.java:lambda$new$0(134)) - 160405f6-ad1e-49bf-8de5-8727279c1313@group-C40260B1E312-SegmentedRaftLogWorker: flushIndex: setUnconditionally 0 -> -1
2024-01-11 04:03:15,601 [160405f6-ad1e-49bf-8de5-8727279c1313-groupManagement] INFO  segmented.SegmentedRaftLogWorker (SegmentedRaftLogWorker.java:lambda$new$0(134)) - 160405f6-ad1e-49bf-8de5-8727279c1313@group-C40260B1E312-SegmentedRaftLogWorker: safeCacheEvictIndex: setUnconditionally 0 -> -1
2024-01-11 04:03:15,601 [160405f6-ad1e-49bf-8de5-8727279c1313-groupManagement] INFO  server.RaftServer$Division (RaftServerImpl.java:start(396)) - 160405f6-ad1e-49bf-8de5-8727279c1313@group-C40260B1E312: start as a follower, conf=-1: peers:[160405f6-ad1e-49bf-8de5-8727279c1313|10.1.0.34:15032]|listeners:[], old=null
2024-01-11 04:03:15,601 [160405f6-ad1e-49bf-8de5-8727279c1313-groupManagement] INFO  server.RaftServer$Division (RaftServerImpl.java:setRole(383)) - 160405f6-ad1e-49bf-8de5-8727279c1313@group-C40260B1E312: changes role from      null to FOLLOWER at term 0 for startAsFollower
2024-01-11 04:03:15,601 [160405f6-ad1e-49bf-8de5-8727279c1313-groupManagement] INFO  impl.RoleInfo (RoleInfo.java:updateAndGet(139)) - 160405f6-ad1e-49bf-8de5-8727279c1313: start 160405f6-ad1e-49bf-8de5-8727279c1313@group-C40260B1E312-FollowerState
2024-01-11 04:03:15,601 [160405f6-ad1e-49bf-8de5-8727279c1313-groupManagement] INFO  util.JmxRegister (JmxRegister.java:tryRegister(44)) - Successfully registered JMX Bean with object name Ratis:service=RaftServer,group=group-C40260B1E312,id=160405f6-ad1e-49bf-8de5-8727279c1313
2024-01-11 04:03:15,601 [160405f6-ad1e-49bf-8de5-8727279c1313-groupManagement] INFO  server.RaftServerConfigKeys (ConfUtils.java:logGet(46)) - raft.server.snapshot.trigger-when-stop.enabled = true (default)
2024-01-11 04:03:15,601 [160405f6-ad1e-49bf-8de5-8727279c1313@group-C40260B1E312-FollowerState] INFO  server.RaftServerConfigKeys (ConfUtils.java:logFallback(53)) - raft.server.rpc.first-election.timeout.min = 5s (fallback to raft.server.rpc.timeout.min)
2024-01-11 04:03:15,602 [160405f6-ad1e-49bf-8de5-8727279c1313-groupManagement] INFO  server.RaftServerConfigKeys (ConfUtils.java:logGet(46)) - raft.server.snapshot.auto.trigger.enabled = true (custom)
2024-01-11 04:03:15,602 [160405f6-ad1e-49bf-8de5-8727279c1313-groupManagement] INFO  server.RaftServerConfigKeys (ConfUtils.java:logGet(46)) - raft.server.snapshot.auto.trigger.threshold = 10000 (custom)
2024-01-11 04:03:15,602 [160405f6-ad1e-49bf-8de5-8727279c1313-groupManagement] INFO  server.RaftServerConfigKeys (ConfUtils.java:logGet(46)) - raft.server.snapshot.retention.file.num = 5 (custom)
2024-01-11 04:03:15,602 [160405f6-ad1e-49bf-8de5-8727279c1313-groupManagement] INFO  server.RaftServerConfigKeys (ConfUtils.java:logGet(46)) - raft.server.log.purge.upto.snapshot.index = false (default)
2024-01-11 04:03:15,603 [160405f6-ad1e-49bf-8de5-8727279c1313-PipelineCommandHandlerThread-0] INFO  ratis.XceiverServerRatis (XceiverServerRatis.java:addGroup(842)) - Created group PipelineID=e77b1fbf-0c5f-4d4b-9dc4-c40260b1e312
2024-01-11 04:03:15,603 [160405f6-ad1e-49bf-8de5-8727279c1313@group-C40260B1E312-FollowerState] INFO  server.RaftServerConfigKeys (ConfUtils.java:logFallback(53)) - raft.server.rpc.first-election.timeout.max = 5200ms (fallback to raft.server.rpc.timeout.max)
2024-01-11 04:03:15,603 [160405f6-ad1e-49bf-8de5-8727279c1313-PipelineCommandHandlerThread-0] INFO  commandhandler.CreatePipelineCommandHandler (CreatePipelineCommandHandler.java:lambda$handle$2(124)) - Created Pipeline RATIS ONE PipelineID=e77b1fbf-0c5f-4d4b-9dc4-c40260b1e312.
2024-01-11 04:03:15,603 [160405f6-ad1e-49bf-8de5-8727279c1313-PipelineCommandHandlerThread-0] INFO  server.RaftServer (RaftServerProxy.java:addNew(100)) - 160405f6-ad1e-49bf-8de5-8727279c1313: addNew group-FA6D695FADC7:[001cd0bd-e806-4758-aa83-7f483601919f|10.1.0.34:15023, 160405f6-ad1e-49bf-8de5-8727279c1313|10.1.0.34:15032, e9344016-ed75-4908-bdbb-2b1208d89c49|10.1.0.34:15014] returns group-FA6D695FADC7:java.util.concurrent.CompletableFuture@120075b1[Not completed]
2024-01-11 04:03:15,605 [160405f6-ad1e-49bf-8de5-8727279c1313-groupManagement] INFO  server.RaftServer$Division (RaftServerImpl.java:<init>(256)) - 160405f6-ad1e-49bf-8de5-8727279c1313: new RaftServerImpl for group-FA6D695FADC7:[001cd0bd-e806-4758-aa83-7f483601919f|10.1.0.34:15023, 160405f6-ad1e-49bf-8de5-8727279c1313|10.1.0.34:15032, e9344016-ed75-4908-bdbb-2b1208d89c49|10.1.0.34:15014] with ContainerStateMachine:uninitialized
2024-01-11 04:03:15,605 [160405f6-ad1e-49bf-8de5-8727279c1313-groupManagement] INFO  server.RaftServerConfigKeys (ConfUtils.java:logGet(46)) - raft.server.rpc.timeout.min = 5s (custom)
2024-01-11 04:03:15,605 [160405f6-ad1e-49bf-8de5-8727279c1313-groupManagement] INFO  server.RaftServerConfigKeys (ConfUtils.java:logGet(46)) - raft.server.rpc.timeout.max = 5200ms (custom)
2024-01-11 04:03:15,605 [160405f6-ad1e-49bf-8de5-8727279c1313-groupManagement] INFO  server.RaftServerConfigKeys (ConfUtils.java:logGet(46)) - raft.server.rpc.sleep.time = 25ms (default)
2024-01-11 04:03:15,605 [160405f6-ad1e-49bf-8de5-8727279c1313-groupManagement] INFO  server.RaftServerConfigKeys (ConfUtils.java:logGet(46)) - raft.server.rpc.slowness.timeout = 300s (custom)
2024-01-11 04:03:15,605 [160405f6-ad1e-49bf-8de5-8727279c1313-groupManagement] INFO  server.RaftServerConfigKeys (ConfUtils.java:logGet(46)) - raft.server.leaderelection.leader.step-down.wait-time = 10s (default)
2024-01-11 04:03:15,605 [160405f6-ad1e-49bf-8de5-8727279c1313-groupManagement] INFO  server.RaftServerConfigKeys (ConfUtils.java:logGet(46)) - raft.server.leaderelection.member.majority-add = false (default)
2024-01-11 04:03:15,605 [160405f6-ad1e-49bf-8de5-8727279c1313-groupManagement] INFO  server.RaftServerConfigKeys (ConfUtils.java:logGet(46)) - raft.server.sleep.deviation.threshold = 300ms (default)
2024-01-11 04:03:15,605 [160405f6-ad1e-49bf-8de5-8727279c1313-groupManagement] INFO  server.RaftServer$Division (ServerState.java:<init>(113)) - 160405f6-ad1e-49bf-8de5-8727279c1313@group-FA6D695FADC7: ConfigurationManager, init=-1: peers:[001cd0bd-e806-4758-aa83-7f483601919f|10.1.0.34:15023, 160405f6-ad1e-49bf-8de5-8727279c1313|10.1.0.34:15032, e9344016-ed75-4908-bdbb-2b1208d89c49|10.1.0.34:15014]|listeners:[], old=null, confs=<EMPTY_MAP>
2024-01-11 04:03:15,605 [160405f6-ad1e-49bf-8de5-8727279c1313-groupManagement] INFO  server.RaftServerConfigKeys (ConfUtils.java:logGet(46)) - raft.server.notification.no-leader.timeout = 300s (custom)
2024-01-11 04:03:15,605 [160405f6-ad1e-49bf-8de5-8727279c1313-groupManagement] INFO  server.RaftServerConfigKeys (ConfUtils.java:logGet(46)) - raft.server.read.timeout = 10s (default)
2024-01-11 04:03:15,605 [160405f6-ad1e-49bf-8de5-8727279c1313-groupManagement] INFO  server.RaftServerConfigKeys (ConfUtils.java:logGet(46)) - raft.server.retrycache.expirytime = 600000ms (custom)
2024-01-11 04:03:15,606 [160405f6-ad1e-49bf-8de5-8727279c1313-groupManagement] INFO  server.RaftServerConfigKeys (ConfUtils.java:logGet(46)) - raft.server.retrycache.statistics.expirytime = 100ms (default)
2024-01-11 04:03:15,606 [160405f6-ad1e-49bf-8de5-8727279c1313-groupManagement] INFO  server.RaftServerConfigKeys (ConfUtils.java:logGet(46)) - raft.server.read.option = DEFAULT (default)
2024-01-11 04:03:15,606 [160405f6-ad1e-49bf-8de5-8727279c1313-groupManagement] INFO  server.RaftServerConfigKeys (ConfUtils.java:logGet(46)) - raft.server.read.read-after-write-consistent.write-index-cache.expiry-time = 60s (default)
2024-01-11 04:03:15,615 [160405f6-ad1e-49bf-8de5-8727279c1313-groupManagement] INFO  server.RaftServerConfigKeys (ConfUtils.java:logGet(46)) - raft.server.rpc.request.timeout = 60s (custom)
2024-01-11 04:03:15,616 [160405f6-ad1e-49bf-8de5-8727279c1313-groupManagement] INFO  server.RaftServerConfigKeys (ConfUtils.java:logGet(46)) - raft.server.log.appender.install.snapshot.enabled = false (custom)
2024-01-11 04:03:15,616 [160405f6-ad1e-49bf-8de5-8727279c1313-groupManagement] INFO  server.RaftServerConfigKeys (ConfUtils.java:logGet(46)) - raft.server.threadpool.server.cached = true (default)
2024-01-11 04:03:15,616 [160405f6-ad1e-49bf-8de5-8727279c1313-groupManagement] INFO  server.RaftServerConfigKeys (ConfUtils.java:logGet(46)) - raft.server.threadpool.server.size = 0 (default)
2024-01-11 04:03:15,616 [160405f6-ad1e-49bf-8de5-8727279c1313-groupManagement] INFO  server.RaftServerConfigKeys (ConfUtils.java:logGet(46)) - raft.server.threadpool.client.cached = true (default)
2024-01-11 04:03:15,616 [160405f6-ad1e-49bf-8de5-8727279c1313-groupManagement] INFO  server.RaftServerConfigKeys (ConfUtils.java:logGet(46)) - raft.server.threadpool.client.size = 0 (default)
2024-01-11 04:03:15,616 [160405f6-ad1e-49bf-8de5-8727279c1313-groupManagement] INFO  server.RaftServerConfigKeys (ConfUtils.java:logGet(46)) - raft.server.storage.free-space.min = 0MB (=0) (default)
2024-01-11 04:03:15,616 [160405f6-ad1e-49bf-8de5-8727279c1313-groupManagement] INFO  server.RaftServerConfigKeys (ConfUtils.java:logGet(46)) - raft.server.log.corruption.policy = EXCEPTION (default)
2024-01-11 04:03:15,617 [160405f6-ad1e-49bf-8de5-8727279c1313-groupManagement] INFO  server.RaftServerConfigKeys (ConfUtils.java:logGet(46)) - raft.server.storage.dir = [/home/runner/work/ozone/ozone/hadoop-ozone/integration-test/target/test-dir/MiniOzoneClusterImpl-bfa76206-2968-4191-bda1-2218be479879/datanode-2/data/ratis] (custom)
2024-01-11 04:03:15,617 [160405f6-ad1e-49bf-8de5-8727279c1313-groupManagement] INFO  storage.RaftStorageDirectory (RaftStorageDirectoryImpl.java:analyzeStorage(138)) - The storage directory /home/runner/work/ozone/ozone/hadoop-ozone/integration-test/target/test-dir/MiniOzoneClusterImpl-bfa76206-2968-4191-bda1-2218be479879/datanode-2/data/ratis/d568570a-3654-403e-bf0c-fa6d695fadc7 does not exist. Creating ...
2024-01-11 04:03:15,618 [160405f6-ad1e-49bf-8de5-8727279c1313-groupManagement] INFO  storage.RaftStorageDirectory (RaftStorageDirectoryImpl.java:tryLock(228)) - Lock on /home/runner/work/ozone/ozone/hadoop-ozone/integration-test/target/test-dir/MiniOzoneClusterImpl-bfa76206-2968-4191-bda1-2218be479879/datanode-2/data/ratis/d568570a-3654-403e-bf0c-fa6d695fadc7/in_use.lock acquired by nodename 56095@fv-az1458-636
2024-01-11 04:03:15,619 [160405f6-ad1e-49bf-8de5-8727279c1313-groupManagement] INFO  storage.RaftStorage (RaftStorageImpl.java:format(99)) - Storage directory /home/runner/work/ozone/ozone/hadoop-ozone/integration-test/target/test-dir/MiniOzoneClusterImpl-bfa76206-2968-4191-bda1-2218be479879/datanode-2/data/ratis/d568570a-3654-403e-bf0c-fa6d695fadc7 has been successfully formatted.
2024-01-11 04:03:15,619 [160405f6-ad1e-49bf-8de5-8727279c1313-groupManagement] WARN  util.FileUtils (LogUtils.java:supplyAndLog(63)) - Failed to Files.newInputStream /home/runner/work/ozone/ozone/hadoop-ozone/integration-test/target/test-dir/MiniOzoneClusterImpl-bfa76206-2968-4191-bda1-2218be479879/datanode-2/data/ratis/d568570a-3654-403e-bf0c-fa6d695fadc7/current/raft-meta.conf with options []: java.nio.file.NoSuchFileException: /home/runner/work/ozone/ozone/hadoop-ozone/integration-test/target/test-dir/MiniOzoneClusterImpl-bfa76206-2968-4191-bda1-2218be479879/datanode-2/data/ratis/d568570a-3654-403e-bf0c-fa6d695fadc7/current/raft-meta.conf
2024-01-11 04:03:15,620 [160405f6-ad1e-49bf-8de5-8727279c1313-groupManagement] INFO  ratis.ContainerStateMachine (ContainerStateMachine.java:loadSnapshot(287)) - group-FA6D695FADC7: The snapshot info is null. Setting the last applied index to:(t:0, i:~)
2024-01-11 04:03:15,620 [160405f6-ad1e-49bf-8de5-8727279c1313-groupManagement] INFO  server.RaftServerConfigKeys (ConfUtils.java:logGet(46)) - raft.server.log.use.memory = false (default)
2024-01-11 04:03:15,620 [160405f6-ad1e-49bf-8de5-8727279c1313-groupManagement] INFO  server.RaftServerConfigKeys (ConfUtils.java:logGet(46)) - raft.server.log.purge.gap = 1000000 (custom)
2024-01-11 04:03:15,620 [160405f6-ad1e-49bf-8de5-8727279c1313-groupManagement] INFO  server.RaftServerConfigKeys (ConfUtils.java:logGet(46)) - raft.server.log.appender.buffer.byte-limit = 8388608 (custom)
2024-01-11 04:03:15,620 [160405f6-ad1e-49bf-8de5-8727279c1313-groupManagement] INFO  server.RaftServerConfigKeys (ConfUtils.java:logGet(46)) - raft.server.log.statemachine.data.read.timeout = 1000ms (default)
2024-01-11 04:03:15,621 [160405f6-ad1e-49bf-8de5-8727279c1313-groupManagement] INFO  server.RaftServerConfigKeys (ConfUtils.java:logGet(46)) - raft.server.log.purge.preservation.log.num = 0 (default)
2024-01-11 04:03:15,622 [EventQueue-OpenPipelineForHealthyPipelineSafeModeRule] INFO  safemode.SCMSafeModeManager (HealthyPipelineSafeModeRule.java:process(140)) - SCM in safe mode. Healthy pipelines reported count is 0, required healthy pipeline reported count is 1
2024-01-11 04:03:15,627 [160405f6-ad1e-49bf-8de5-8727279c1313-groupManagement] INFO  server.RaftServerConfigKeys (ConfUtils.java:logGet(46)) - raft.server.log.segment.size.max = 67108864 (custom)
2024-01-11 04:03:15,627 [160405f6-ad1e-49bf-8de5-8727279c1313-groupManagement] INFO  server.RaftServerConfigKeys (ConfUtils.java:logGet(46)) - raft.server.log.segment.cache.num.max = 2 (custom)
2024-01-11 04:03:15,627 [160405f6-ad1e-49bf-8de5-8727279c1313-groupManagement] INFO  server.RaftServerConfigKeys (ConfUtils.java:logGet(46)) - raft.server.log.segment.cache.size.max = 200MB (=209715200) (default)
2024-01-11 04:03:15,627 [160405f6-ad1e-49bf-8de5-8727279c1313-groupManagement] INFO  server.RaftServerConfigKeys (ConfUtils.java:logGet(46)) - raft.server.log.appender.buffer.byte-limit = 8388608 (custom)
2024-01-11 04:03:15,628 [160405f6-ad1e-49bf-8de5-8727279c1313-groupManagement] INFO  util.AwaitToRun (AwaitToRun.java:start(81)) - Thread[160405f6-ad1e-49bf-8de5-8727279c1313@group-FA6D695FADC7-cacheEviction-AwaitToRun,5,main] started
2024-01-11 04:03:15,628 [160405f6-ad1e-49bf-8de5-8727279c1313-groupManagement] INFO  segmented.SegmentedRaftLogWorker (SegmentedRaftLogWorker.java:<init>(182)) - new 160405f6-ad1e-49bf-8de5-8727279c1313@group-FA6D695FADC7-SegmentedRaftLogWorker for RaftStorageImpl:Storage Directory /home/runner/work/ozone/ozone/hadoop-ozone/integration-test/target/test-dir/MiniOzoneClusterImpl-bfa76206-2968-4191-bda1-2218be479879/datanode-2/data/ratis/d568570a-3654-403e-bf0c-fa6d695fadc7
2024-01-11 04:03:15,628 [160405f6-ad1e-49bf-8de5-8727279c1313-groupManagement] INFO  server.RaftServerConfigKeys (ConfUtils.java:logGet(46)) - raft.server.log.queue.byte-limit = 4294967296 (custom)
2024-01-11 04:03:15,628 [160405f6-ad1e-49bf-8de5-8727279c1313-groupManagement] INFO  server.RaftServerConfigKeys (ConfUtils.java:logGet(46)) - raft.server.log.queue.element-limit = 1024 (custom)
2024-01-11 04:03:15,628 [160405f6-ad1e-49bf-8de5-8727279c1313-groupManagement] INFO  server.RaftServerConfigKeys (ConfUtils.java:logGet(46)) - raft.server.log.segment.size.max = 67108864 (custom)
2024-01-11 04:03:15,628 [160405f6-ad1e-49bf-8de5-8727279c1313-groupManagement] INFO  server.RaftServerConfigKeys (ConfUtils.java:logGet(46)) - raft.server.log.preallocated.size = 4194304 (custom)
2024-01-11 04:03:15,628 [160405f6-ad1e-49bf-8de5-8727279c1313-groupManagement] INFO  server.RaftServerConfigKeys (ConfUtils.java:logGet(46)) - raft.server.log.force.sync.num = 128 (default)
2024-01-11 04:03:15,628 [160405f6-ad1e-49bf-8de5-8727279c1313-groupManagement] INFO  server.RaftServerConfigKeys (ConfUtils.java:logGet(46)) - raft.server.log.statemachine.data.sync = true (default)
2024-01-11 04:03:15,633 [160405f6-ad1e-49bf-8de5-8727279c1313-groupManagement] INFO  server.RaftServerConfigKeys (ConfUtils.java:logGet(46)) - raft.server.log.statemachine.data.sync.timeout = 10s (default)
2024-01-11 04:03:15,633 [160405f6-ad1e-49bf-8de5-8727279c1313-groupManagement] INFO  server.RaftServerConfigKeys (ConfUtils.java:logGet(46)) - raft.server.log.statemachine.data.sync.timeout.retry = 0 (custom)
2024-01-11 04:03:15,633 [160405f6-ad1e-49bf-8de5-8727279c1313-groupManagement] INFO  server.RaftServerConfigKeys (ConfUtils.java:logGet(46)) - raft.server.log.write.buffer.size = 8388616 (custom)
2024-01-11 04:03:15,635 [160405f6-ad1e-49bf-8de5-8727279c1313-groupManagement] INFO  server.RaftServerConfigKeys (ConfUtils.java:logGet(46)) - raft.server.log.appender.buffer.byte-limit = 8388608 (custom)
2024-01-11 04:03:15,636 [160405f6-ad1e-49bf-8de5-8727279c1313-groupManagement] INFO  server.RaftServerConfigKeys (ConfUtils.java:logGet(46)) - raft.server.log.unsafe-flush.enabled = false (default)
2024-01-11 04:03:15,636 [160405f6-ad1e-49bf-8de5-8727279c1313-groupManagement] INFO  server.RaftServerConfigKeys (ConfUtils.java:logGet(46)) - raft.server.log.async-flush.enabled = false (default)
2024-01-11 04:03:15,636 [160405f6-ad1e-49bf-8de5-8727279c1313-groupManagement] INFO  server.RaftServerConfigKeys (ConfUtils.java:logGet(46)) - raft.server.log.statemachine.data.caching.enabled = true (custom)
2024-01-11 04:03:15,636 [160405f6-ad1e-49bf-8de5-8727279c1313-groupManagement] INFO  segmented.SegmentedRaftLogWorker (SegmentedRaftLogWorker.java:lambda$new$0(134)) - 160405f6-ad1e-49bf-8de5-8727279c1313@group-FA6D695FADC7-SegmentedRaftLogWorker: flushIndex: setUnconditionally 0 -> -1
2024-01-11 04:03:15,637 [160405f6-ad1e-49bf-8de5-8727279c1313-groupManagement] INFO  segmented.SegmentedRaftLogWorker (SegmentedRaftLogWorker.java:lambda$new$0(134)) - 160405f6-ad1e-49bf-8de5-8727279c1313@group-FA6D695FADC7-SegmentedRaftLogWorker: safeCacheEvictIndex: setUnconditionally 0 -> -1
2024-01-11 04:03:15,637 [160405f6-ad1e-49bf-8de5-8727279c1313-groupManagement] INFO  server.RaftServer$Division (RaftServerImpl.java:start(396)) - 160405f6-ad1e-49bf-8de5-8727279c1313@group-FA6D695FADC7: start as a follower, conf=-1: peers:[001cd0bd-e806-4758-aa83-7f483601919f|10.1.0.34:15023, 160405f6-ad1e-49bf-8de5-8727279c1313|10.1.0.34:15032, e9344016-ed75-4908-bdbb-2b1208d89c49|10.1.0.34:15014]|listeners:[], old=null
2024-01-11 04:03:15,637 [160405f6-ad1e-49bf-8de5-8727279c1313-groupManagement] INFO  server.RaftServer$Division (RaftServerImpl.java:setRole(383)) - 160405f6-ad1e-49bf-8de5-8727279c1313@group-FA6D695FADC7: changes role from      null to FOLLOWER at term 0 for startAsFollower
2024-01-11 04:03:15,638 [160405f6-ad1e-49bf-8de5-8727279c1313-groupManagement] INFO  impl.RoleInfo (RoleInfo.java:updateAndGet(139)) - 160405f6-ad1e-49bf-8de5-8727279c1313: start 160405f6-ad1e-49bf-8de5-8727279c1313@group-FA6D695FADC7-FollowerState
2024-01-11 04:03:15,638 [160405f6-ad1e-49bf-8de5-8727279c1313@group-FA6D695FADC7-FollowerState] INFO  server.RaftServerConfigKeys (ConfUtils.java:logFallback(53)) - raft.server.rpc.first-election.timeout.min = 5s (fallback to raft.server.rpc.timeout.min)
2024-01-11 04:03:15,638 [160405f6-ad1e-49bf-8de5-8727279c1313@group-FA6D695FADC7-FollowerState] INFO  server.RaftServerConfigKeys (ConfUtils.java:logFallback(53)) - raft.server.rpc.first-election.timeout.max = 5200ms (fallback to raft.server.rpc.timeout.max)
2024-01-11 04:03:15,638 [160405f6-ad1e-49bf-8de5-8727279c1313-groupManagement] INFO  util.JmxRegister (JmxRegister.java:tryRegister(44)) - Successfully registered JMX Bean with object name Ratis:service=RaftServer,group=group-FA6D695FADC7,id=160405f6-ad1e-49bf-8de5-8727279c1313
2024-01-11 04:03:15,639 [160405f6-ad1e-49bf-8de5-8727279c1313-groupManagement] INFO  server.RaftServerConfigKeys (ConfUtils.java:logGet(46)) - raft.server.snapshot.trigger-when-stop.enabled = true (default)
2024-01-11 04:03:15,639 [160405f6-ad1e-49bf-8de5-8727279c1313-groupManagement] INFO  server.RaftServerConfigKeys (ConfUtils.java:logGet(46)) - raft.server.snapshot.auto.trigger.enabled = true (custom)
2024-01-11 04:03:15,639 [160405f6-ad1e-49bf-8de5-8727279c1313-groupManagement] INFO  server.RaftServerConfigKeys (ConfUtils.java:logGet(46)) - raft.server.snapshot.auto.trigger.threshold = 10000 (custom)
2024-01-11 04:03:15,639 [160405f6-ad1e-49bf-8de5-8727279c1313-groupManagement] INFO  server.RaftServerConfigKeys (ConfUtils.java:logGet(46)) - raft.server.snapshot.retention.file.num = 5 (custom)
2024-01-11 04:03:15,639 [160405f6-ad1e-49bf-8de5-8727279c1313-groupManagement] INFO  server.RaftServerConfigKeys (ConfUtils.java:logGet(46)) - raft.server.log.purge.upto.snapshot.index = false (default)
2024-01-11 04:03:15,645 [160405f6-ad1e-49bf-8de5-8727279c1313-PipelineCommandHandlerThread-0] INFO  ratis.XceiverServerRatis (XceiverServerRatis.java:addGroup(842)) - Created group PipelineID=d568570a-3654-403e-bf0c-fa6d695fadc7
2024-01-11 04:03:15,978 [001cd0bd-e806-4758-aa83-7f483601919f-PipelineCommandHandlerThread-0] INFO  commandhandler.CreatePipelineCommandHandler (CreatePipelineCommandHandler.java:lambda$handle$2(124)) - Created Pipeline RATIS THREE PipelineID=d568570a-3654-403e-bf0c-fa6d695fadc7.
2024-01-11 04:03:15,979 [001cd0bd-e806-4758-aa83-7f483601919f-PipelineCommandHandlerThread-0] INFO  server.RaftServer (RaftServerProxy.java:addNew(100)) - 001cd0bd-e806-4758-aa83-7f483601919f: addNew group-DD870845A42B:[001cd0bd-e806-4758-aa83-7f483601919f|10.1.0.34:15023, 160405f6-ad1e-49bf-8de5-8727279c1313|10.1.0.34:15032, e9344016-ed75-4908-bdbb-2b1208d89c49|10.1.0.34:15014] returns group-DD870845A42B:java.util.concurrent.CompletableFuture@11565aa5[Not completed]
2024-01-11 04:03:15,980 [001cd0bd-e806-4758-aa83-7f483601919f-groupManagement] INFO  server.RaftServer$Division (RaftServerImpl.java:<init>(256)) - 001cd0bd-e806-4758-aa83-7f483601919f: new RaftServerImpl for group-DD870845A42B:[001cd0bd-e806-4758-aa83-7f483601919f|10.1.0.34:15023, 160405f6-ad1e-49bf-8de5-8727279c1313|10.1.0.34:15032, e9344016-ed75-4908-bdbb-2b1208d89c49|10.1.0.34:15014] with ContainerStateMachine:uninitialized
2024-01-11 04:03:15,980 [001cd0bd-e806-4758-aa83-7f483601919f-groupManagement] INFO  server.RaftServerConfigKeys (ConfUtils.java:logGet(46)) - raft.server.rpc.timeout.min = 5s (custom)
2024-01-11 04:03:15,980 [001cd0bd-e806-4758-aa83-7f483601919f-groupManagement] INFO  server.RaftServerConfigKeys (ConfUtils.java:logGet(46)) - raft.server.rpc.timeout.max = 5200ms (custom)
2024-01-11 04:03:15,980 [001cd0bd-e806-4758-aa83-7f483601919f-groupManagement] INFO  server.RaftServerConfigKeys (ConfUtils.java:logGet(46)) - raft.server.rpc.sleep.time = 25ms (default)
2024-01-11 04:03:15,980 [001cd0bd-e806-4758-aa83-7f483601919f-groupManagement] INFO  server.RaftServerConfigKeys (ConfUtils.java:logGet(46)) - raft.server.rpc.slowness.timeout = 300s (custom)
2024-01-11 04:03:15,981 [001cd0bd-e806-4758-aa83-7f483601919f-groupManagement] INFO  server.RaftServerConfigKeys (ConfUtils.java:logGet(46)) - raft.server.leaderelection.leader.step-down.wait-time = 10s (default)
2024-01-11 04:03:15,981 [001cd0bd-e806-4758-aa83-7f483601919f-groupManagement] INFO  server.RaftServerConfigKeys (ConfUtils.java:logGet(46)) - raft.server.leaderelection.member.majority-add = false (default)
2024-01-11 04:03:15,981 [001cd0bd-e806-4758-aa83-7f483601919f-groupManagement] INFO  server.RaftServerConfigKeys (ConfUtils.java:logGet(46)) - raft.server.sleep.deviation.threshold = 300ms (default)
2024-01-11 04:03:15,981 [001cd0bd-e806-4758-aa83-7f483601919f-groupManagement] INFO  server.RaftServer$Division (ServerState.java:<init>(113)) - 001cd0bd-e806-4758-aa83-7f483601919f@group-DD870845A42B: ConfigurationManager, init=-1: peers:[001cd0bd-e806-4758-aa83-7f483601919f|10.1.0.34:15023, 160405f6-ad1e-49bf-8de5-8727279c1313|10.1.0.34:15032, e9344016-ed75-4908-bdbb-2b1208d89c49|10.1.0.34:15014]|listeners:[], old=null, confs=<EMPTY_MAP>
2024-01-11 04:03:15,981 [001cd0bd-e806-4758-aa83-7f483601919f-groupManagement] INFO  server.RaftServerConfigKeys (ConfUtils.java:logGet(46)) - raft.server.notification.no-leader.timeout = 300s (custom)
2024-01-11 04:03:15,981 [001cd0bd-e806-4758-aa83-7f483601919f-groupManagement] INFO  server.RaftServerConfigKeys (ConfUtils.java:logGet(46)) - raft.server.read.timeout = 10s (default)
2024-01-11 04:03:15,981 [001cd0bd-e806-4758-aa83-7f483601919f-groupManagement] INFO  server.RaftServerConfigKeys (ConfUtils.java:logGet(46)) - raft.server.retrycache.expirytime = 600000ms (custom)
2024-01-11 04:03:15,981 [001cd0bd-e806-4758-aa83-7f483601919f-groupManagement] INFO  server.RaftServerConfigKeys (ConfUtils.java:logGet(46)) - raft.server.retrycache.statistics.expirytime = 100ms (default)
2024-01-11 04:03:15,981 [001cd0bd-e806-4758-aa83-7f483601919f-groupManagement] INFO  server.RaftServerConfigKeys (ConfUtils.java:logGet(46)) - raft.server.read.option = DEFAULT (default)
2024-01-11 04:03:15,981 [001cd0bd-e806-4758-aa83-7f483601919f-groupManagement] INFO  server.RaftServerConfigKeys (ConfUtils.java:logGet(46)) - raft.server.read.read-after-write-consistent.write-index-cache.expiry-time = 60s (default)
2024-01-11 04:03:15,984 [001cd0bd-e806-4758-aa83-7f483601919f-groupManagement] INFO  server.RaftServerConfigKeys (ConfUtils.java:logGet(46)) - raft.server.rpc.request.timeout = 60s (custom)
2024-01-11 04:03:15,984 [001cd0bd-e806-4758-aa83-7f483601919f-groupManagement] INFO  server.RaftServerConfigKeys (ConfUtils.java:logGet(46)) - raft.server.log.appender.install.snapshot.enabled = false (custom)
2024-01-11 04:03:15,984 [001cd0bd-e806-4758-aa83-7f483601919f-groupManagement] INFO  server.RaftServerConfigKeys (ConfUtils.java:logGet(46)) - raft.server.threadpool.server.cached = true (default)
2024-01-11 04:03:15,984 [001cd0bd-e806-4758-aa83-7f483601919f-groupManagement] INFO  server.RaftServerConfigKeys (ConfUtils.java:logGet(46)) - raft.server.threadpool.server.size = 0 (default)
2024-01-11 04:03:15,984 [001cd0bd-e806-4758-aa83-7f483601919f-groupManagement] INFO  server.RaftServerConfigKeys (ConfUtils.java:logGet(46)) - raft.server.threadpool.client.cached = true (default)
2024-01-11 04:03:15,984 [001cd0bd-e806-4758-aa83-7f483601919f-groupManagement] INFO  server.RaftServerConfigKeys (ConfUtils.java:logGet(46)) - raft.server.threadpool.client.size = 0 (default)
2024-01-11 04:03:15,984 [001cd0bd-e806-4758-aa83-7f483601919f-groupManagement] INFO  server.RaftServerConfigKeys (ConfUtils.java:logGet(46)) - raft.server.storage.free-space.min = 0MB (=0) (default)
2024-01-11 04:03:15,984 [001cd0bd-e806-4758-aa83-7f483601919f-groupManagement] INFO  server.RaftServerConfigKeys (ConfUtils.java:logGet(46)) - raft.server.log.corruption.policy = EXCEPTION (default)
2024-01-11 04:03:15,984 [001cd0bd-e806-4758-aa83-7f483601919f-groupManagement] INFO  server.RaftServerConfigKeys (ConfUtils.java:logGet(46)) - raft.server.storage.dir = [/home/runner/work/ozone/ozone/hadoop-ozone/integration-test/target/test-dir/MiniOzoneClusterImpl-bfa76206-2968-4191-bda1-2218be479879/datanode-1/data/ratis] (custom)
2024-01-11 04:03:15,984 [001cd0bd-e806-4758-aa83-7f483601919f-groupManagement] INFO  storage.RaftStorageDirectory (RaftStorageDirectoryImpl.java:analyzeStorage(138)) - The storage directory /home/runner/work/ozone/ozone/hadoop-ozone/integration-test/target/test-dir/MiniOzoneClusterImpl-bfa76206-2968-4191-bda1-2218be479879/datanode-1/data/ratis/d228df97-4663-44ce-ac38-dd870845a42b does not exist. Creating ...
2024-01-11 04:03:15,992 [001cd0bd-e806-4758-aa83-7f483601919f-groupManagement] INFO  storage.RaftStorageDirectory (RaftStorageDirectoryImpl.java:tryLock(228)) - Lock on /home/runner/work/ozone/ozone/hadoop-ozone/integration-test/target/test-dir/MiniOzoneClusterImpl-bfa76206-2968-4191-bda1-2218be479879/datanode-1/data/ratis/d228df97-4663-44ce-ac38-dd870845a42b/in_use.lock acquired by nodename 56095@fv-az1458-636
2024-01-11 04:03:15,993 [001cd0bd-e806-4758-aa83-7f483601919f-groupManagement] INFO  storage.RaftStorage (RaftStorageImpl.java:format(99)) - Storage directory /home/runner/work/ozone/ozone/hadoop-ozone/integration-test/target/test-dir/MiniOzoneClusterImpl-bfa76206-2968-4191-bda1-2218be479879/datanode-1/data/ratis/d228df97-4663-44ce-ac38-dd870845a42b has been successfully formatted.
2024-01-11 04:03:15,994 [001cd0bd-e806-4758-aa83-7f483601919f-groupManagement] WARN  util.FileUtils (LogUtils.java:supplyAndLog(63)) - Failed to Files.newInputStream /home/runner/work/ozone/ozone/hadoop-ozone/integration-test/target/test-dir/MiniOzoneClusterImpl-bfa76206-2968-4191-bda1-2218be479879/datanode-1/data/ratis/d228df97-4663-44ce-ac38-dd870845a42b/current/raft-meta.conf with options []: java.nio.file.NoSuchFileException: /home/runner/work/ozone/ozone/hadoop-ozone/integration-test/target/test-dir/MiniOzoneClusterImpl-bfa76206-2968-4191-bda1-2218be479879/datanode-1/data/ratis/d228df97-4663-44ce-ac38-dd870845a42b/current/raft-meta.conf
2024-01-11 04:03:15,994 [001cd0bd-e806-4758-aa83-7f483601919f-groupManagement] INFO  ratis.ContainerStateMachine (ContainerStateMachine.java:loadSnapshot(287)) - group-DD870845A42B: The snapshot info is null. Setting the last applied index to:(t:0, i:~)
2024-01-11 04:03:15,994 [001cd0bd-e806-4758-aa83-7f483601919f-groupManagement] INFO  server.RaftServerConfigKeys (ConfUtils.java:logGet(46)) - raft.server.log.use.memory = false (default)
2024-01-11 04:03:15,994 [001cd0bd-e806-4758-aa83-7f483601919f-groupManagement] INFO  server.RaftServerConfigKeys (ConfUtils.java:logGet(46)) - raft.server.log.purge.gap = 1000000 (custom)
2024-01-11 04:03:15,994 [001cd0bd-e806-4758-aa83-7f483601919f-groupManagement] INFO  server.RaftServerConfigKeys (ConfUtils.java:logGet(46)) - raft.server.log.appender.buffer.byte-limit = 8388608 (custom)
2024-01-11 04:03:15,994 [001cd0bd-e806-4758-aa83-7f483601919f-groupManagement] INFO  server.RaftServerConfigKeys (ConfUtils.java:logGet(46)) - raft.server.log.statemachine.data.read.timeout = 1000ms (default)
2024-01-11 04:03:15,995 [001cd0bd-e806-4758-aa83-7f483601919f-groupManagement] INFO  server.RaftServerConfigKeys (ConfUtils.java:logGet(46)) - raft.server.log.purge.preservation.log.num = 0 (default)
2024-01-11 04:03:15,996 [001cd0bd-e806-4758-aa83-7f483601919f-groupManagement] INFO  server.RaftServerConfigKeys (ConfUtils.java:logGet(46)) - raft.server.log.segment.size.max = 67108864 (custom)
2024-01-11 04:03:15,998 [e9344016-ed75-4908-bdbb-2b1208d89c49-PipelineCommandHandlerThread-0] INFO  commandhandler.CreatePipelineCommandHandler (CreatePipelineCommandHandler.java:lambda$handle$2(124)) - Created Pipeline RATIS THREE PipelineID=d568570a-3654-403e-bf0c-fa6d695fadc7.
2024-01-11 04:03:15,999 [001cd0bd-e806-4758-aa83-7f483601919f-groupManagement] INFO  server.RaftServerConfigKeys (ConfUtils.java:logGet(46)) - raft.server.log.segment.cache.num.max = 2 (custom)
2024-01-11 04:03:15,998 [160405f6-ad1e-49bf-8de5-8727279c1313-PipelineCommandHandlerThread-0] INFO  commandhandler.CreatePipelineCommandHandler (CreatePipelineCommandHandler.java:lambda$handle$2(124)) - Created Pipeline RATIS THREE PipelineID=d568570a-3654-403e-bf0c-fa6d695fadc7.
2024-01-11 04:03:15,998 [EventQueue-OpenPipelineForHealthyPipelineSafeModeRule] INFO  safemode.SCMSafeModeManager (HealthyPipelineSafeModeRule.java:process(140)) - SCM in safe mode. Healthy pipelines reported count is 0, required healthy pipeline reported count is 1
2024-01-11 04:03:15,999 [e9344016-ed75-4908-bdbb-2b1208d89c49-PipelineCommandHandlerThread-0] INFO  server.RaftServer (RaftServerProxy.java:addNew(100)) - e9344016-ed75-4908-bdbb-2b1208d89c49: addNew group-DD870845A42B:[001cd0bd-e806-4758-aa83-7f483601919f|10.1.0.34:15023, 160405f6-ad1e-49bf-8de5-8727279c1313|10.1.0.34:15032, e9344016-ed75-4908-bdbb-2b1208d89c49|10.1.0.34:15014] returns group-DD870845A42B:java.util.concurrent.CompletableFuture@72747936[Not completed]
2024-01-11 04:03:15,999 [160405f6-ad1e-49bf-8de5-8727279c1313-PipelineCommandHandlerThread-0] INFO  server.RaftServer (RaftServerProxy.java:addNew(100)) - 160405f6-ad1e-49bf-8de5-8727279c1313: addNew group-DD870845A42B:[001cd0bd-e806-4758-aa83-7f483601919f|10.1.0.34:15023, 160405f6-ad1e-49bf-8de5-8727279c1313|10.1.0.34:15032, e9344016-ed75-4908-bdbb-2b1208d89c49|10.1.0.34:15014] returns group-DD870845A42B:java.util.concurrent.CompletableFuture@28718094[Not completed]
2024-01-11 04:03:15,999 [001cd0bd-e806-4758-aa83-7f483601919f-groupManagement] INFO  server.RaftServerConfigKeys (ConfUtils.java:logGet(46)) - raft.server.log.segment.cache.size.max = 200MB (=209715200) (default)
2024-01-11 04:03:15,999 [001cd0bd-e806-4758-aa83-7f483601919f-groupManagement] INFO  server.RaftServerConfigKeys (ConfUtils.java:logGet(46)) - raft.server.log.appender.buffer.byte-limit = 8388608 (custom)
2024-01-11 04:03:16,001 [e9344016-ed75-4908-bdbb-2b1208d89c49-groupManagement] INFO  server.RaftServer$Division (RaftServerImpl.java:<init>(256)) - e9344016-ed75-4908-bdbb-2b1208d89c49: new RaftServerImpl for group-DD870845A42B:[001cd0bd-e806-4758-aa83-7f483601919f|10.1.0.34:15023, 160405f6-ad1e-49bf-8de5-8727279c1313|10.1.0.34:15032, e9344016-ed75-4908-bdbb-2b1208d89c49|10.1.0.34:15014] with ContainerStateMachine:uninitialized
2024-01-11 04:03:16,001 [e9344016-ed75-4908-bdbb-2b1208d89c49-groupManagement] INFO  server.RaftServerConfigKeys (ConfUtils.java:logGet(46)) - raft.server.rpc.timeout.min = 5s (custom)
2024-01-11 04:03:16,001 [e9344016-ed75-4908-bdbb-2b1208d89c49-groupManagement] INFO  server.RaftServerConfigKeys (ConfUtils.java:logGet(46)) - raft.server.rpc.timeout.max = 5200ms (custom)
2024-01-11 04:03:16,001 [e9344016-ed75-4908-bdbb-2b1208d89c49-groupManagement] INFO  server.RaftServerConfigKeys (ConfUtils.java:logGet(46)) - raft.server.rpc.sleep.time = 25ms (default)
2024-01-11 04:03:16,001 [e9344016-ed75-4908-bdbb-2b1208d89c49-groupManagement] INFO  server.RaftServerConfigKeys (ConfUtils.java:logGet(46)) - raft.server.rpc.slowness.timeout = 300s (custom)
2024-01-11 04:03:16,001 [e9344016-ed75-4908-bdbb-2b1208d89c49-groupManagement] INFO  server.RaftServerConfigKeys (ConfUtils.java:logGet(46)) - raft.server.leaderelection.leader.step-down.wait-time = 10s (default)
2024-01-11 04:03:16,001 [e9344016-ed75-4908-bdbb-2b1208d89c49-groupManagement] INFO  server.RaftServerConfigKeys (ConfUtils.java:logGet(46)) - raft.server.leaderelection.member.majority-add = false (default)
2024-01-11 04:03:16,001 [e9344016-ed75-4908-bdbb-2b1208d89c49-groupManagement] INFO  server.RaftServerConfigKeys (ConfUtils.java:logGet(46)) - raft.server.sleep.deviation.threshold = 300ms (default)
2024-01-11 04:03:16,001 [e9344016-ed75-4908-bdbb-2b1208d89c49-groupManagement] INFO  server.RaftServer$Division (ServerState.java:<init>(113)) - e9344016-ed75-4908-bdbb-2b1208d89c49@group-DD870845A42B: ConfigurationManager, init=-1: peers:[001cd0bd-e806-4758-aa83-7f483601919f|10.1.0.34:15023, 160405f6-ad1e-49bf-8de5-8727279c1313|10.1.0.34:15032, e9344016-ed75-4908-bdbb-2b1208d89c49|10.1.0.34:15014]|listeners:[], old=null, confs=<EMPTY_MAP>
2024-01-11 04:03:16,001 [e9344016-ed75-4908-bdbb-2b1208d89c49-groupManagement] INFO  server.RaftServerConfigKeys (ConfUtils.java:logGet(46)) - raft.server.notification.no-leader.timeout = 300s (custom)
2024-01-11 04:03:16,002 [e9344016-ed75-4908-bdbb-2b1208d89c49-groupManagement] INFO  server.RaftServerConfigKeys (ConfUtils.java:logGet(46)) - raft.server.read.timeout = 10s (default)
2024-01-11 04:03:16,002 [e9344016-ed75-4908-bdbb-2b1208d89c49-groupManagement] INFO  server.RaftServerConfigKeys (ConfUtils.java:logGet(46)) - raft.server.retrycache.expirytime = 600000ms (custom)
2024-01-11 04:03:16,002 [e9344016-ed75-4908-bdbb-2b1208d89c49-groupManagement] INFO  server.RaftServerConfigKeys (ConfUtils.java:logGet(46)) - raft.server.retrycache.statistics.expirytime = 100ms (default)
2024-01-11 04:03:16,002 [e9344016-ed75-4908-bdbb-2b1208d89c49-groupManagement] INFO  server.RaftServerConfigKeys (ConfUtils.java:logGet(46)) - raft.server.read.option = DEFAULT (default)
2024-01-11 04:03:16,002 [e9344016-ed75-4908-bdbb-2b1208d89c49-groupManagement] INFO  server.RaftServerConfigKeys (ConfUtils.java:logGet(46)) - raft.server.read.read-after-write-consistent.write-index-cache.expiry-time = 60s (default)
2024-01-11 04:03:16,001 [160405f6-ad1e-49bf-8de5-8727279c1313-groupManagement] INFO  server.RaftServer$Division (RaftServerImpl.java:<init>(256)) - 160405f6-ad1e-49bf-8de5-8727279c1313: new RaftServerImpl for group-DD870845A42B:[001cd0bd-e806-4758-aa83-7f483601919f|10.1.0.34:15023, 160405f6-ad1e-49bf-8de5-8727279c1313|10.1.0.34:15032, e9344016-ed75-4908-bdbb-2b1208d89c49|10.1.0.34:15014] with ContainerStateMachine:uninitialized
2024-01-11 04:03:16,003 [160405f6-ad1e-49bf-8de5-8727279c1313-groupManagement] INFO  server.RaftServerConfigKeys (ConfUtils.java:logGet(46)) - raft.server.rpc.timeout.min = 5s (custom)
2024-01-11 04:03:16,003 [160405f6-ad1e-49bf-8de5-8727279c1313-groupManagement] INFO  server.RaftServerConfigKeys (ConfUtils.java:logGet(46)) - raft.server.rpc.timeout.max = 5200ms (custom)
2024-01-11 04:03:16,003 [160405f6-ad1e-49bf-8de5-8727279c1313-groupManagement] INFO  server.RaftServerConfigKeys (ConfUtils.java:logGet(46)) - raft.server.rpc.sleep.time = 25ms (default)
2024-01-11 04:03:16,003 [160405f6-ad1e-49bf-8de5-8727279c1313-groupManagement] INFO  server.RaftServerConfigKeys (ConfUtils.java:logGet(46)) - raft.server.rpc.slowness.timeout = 300s (custom)
2024-01-11 04:03:16,003 [160405f6-ad1e-49bf-8de5-8727279c1313-groupManagement] INFO  server.RaftServerConfigKeys (ConfUtils.java:logGet(46)) - raft.server.leaderelection.leader.step-down.wait-time = 10s (default)
2024-01-11 04:03:16,003 [160405f6-ad1e-49bf-8de5-8727279c1313-groupManagement] INFO  server.RaftServerConfigKeys (ConfUtils.java:logGet(46)) - raft.server.leaderelection.member.majority-add = false (default)
2024-01-11 04:03:16,003 [160405f6-ad1e-49bf-8de5-8727279c1313-groupManagement] INFO  server.RaftServerConfigKeys (ConfUtils.java:logGet(46)) - raft.server.sleep.deviation.threshold = 300ms (default)
2024-01-11 04:03:16,004 [160405f6-ad1e-49bf-8de5-8727279c1313-groupManagement] INFO  server.RaftServer$Division (ServerState.java:<init>(113)) - 160405f6-ad1e-49bf-8de5-8727279c1313@group-DD870845A42B: ConfigurationManager, init=-1: peers:[001cd0bd-e806-4758-aa83-7f483601919f|10.1.0.34:15023, 160405f6-ad1e-49bf-8de5-8727279c1313|10.1.0.34:15032, e9344016-ed75-4908-bdbb-2b1208d89c49|10.1.0.34:15014]|listeners:[], old=null, confs=<EMPTY_MAP>
2024-01-11 04:03:16,004 [160405f6-ad1e-49bf-8de5-8727279c1313-groupManagement] INFO  server.RaftServerConfigKeys (ConfUtils.java:logGet(46)) - raft.server.notification.no-leader.timeout = 300s (custom)
2024-01-11 04:03:16,004 [160405f6-ad1e-49bf-8de5-8727279c1313-groupManagement] INFO  server.RaftServerConfigKeys (ConfUtils.java:logGet(46)) - raft.server.read.timeout = 10s (default)
2024-01-11 04:03:16,004 [160405f6-ad1e-49bf-8de5-8727279c1313-groupManagement] INFO  server.RaftServerConfigKeys (ConfUtils.java:logGet(46)) - raft.server.retrycache.expirytime = 600000ms (custom)
2024-01-11 04:03:16,004 [160405f6-ad1e-49bf-8de5-8727279c1313-groupManagement] INFO  server.RaftServerConfigKeys (ConfUtils.java:logGet(46)) - raft.server.retrycache.statistics.expirytime = 100ms (default)
2024-01-11 04:03:16,004 [160405f6-ad1e-49bf-8de5-8727279c1313-groupManagement] INFO  server.RaftServerConfigKeys (ConfUtils.java:logGet(46)) - raft.server.read.option = DEFAULT (default)
2024-01-11 04:03:16,004 [160405f6-ad1e-49bf-8de5-8727279c1313-groupManagement] INFO  server.RaftServerConfigKeys (ConfUtils.java:logGet(46)) - raft.server.read.read-after-write-consistent.write-index-cache.expiry-time = 60s (default)
2024-01-11 04:03:16,006 [160405f6-ad1e-49bf-8de5-8727279c1313-groupManagement] INFO  server.RaftServerConfigKeys (ConfUtils.java:logGet(46)) - raft.server.rpc.request.timeout = 60s (custom)
2024-01-11 04:03:16,006 [160405f6-ad1e-49bf-8de5-8727279c1313-groupManagement] INFO  server.RaftServerConfigKeys (ConfUtils.java:logGet(46)) - raft.server.log.appender.install.snapshot.enabled = false (custom)
2024-01-11 04:03:16,006 [160405f6-ad1e-49bf-8de5-8727279c1313-groupManagement] INFO  server.RaftServerConfigKeys (ConfUtils.java:logGet(46)) - raft.server.threadpool.server.cached = true (default)
2024-01-11 04:03:16,007 [160405f6-ad1e-49bf-8de5-8727279c1313-groupManagement] INFO  server.RaftServerConfigKeys (ConfUtils.java:logGet(46)) - raft.server.threadpool.server.size = 0 (default)
2024-01-11 04:03:16,007 [160405f6-ad1e-49bf-8de5-8727279c1313-groupManagement] INFO  server.RaftServerConfigKeys (ConfUtils.java:logGet(46)) - raft.server.threadpool.client.cached = true (default)
2024-01-11 04:03:16,007 [160405f6-ad1e-49bf-8de5-8727279c1313-groupManagement] INFO  server.RaftServerConfigKeys (ConfUtils.java:logGet(46)) - raft.server.threadpool.client.size = 0 (default)
2024-01-11 04:03:16,007 [160405f6-ad1e-49bf-8de5-8727279c1313-groupManagement] INFO  server.RaftServerConfigKeys (ConfUtils.java:logGet(46)) - raft.server.storage.free-space.min = 0MB (=0) (default)
2024-01-11 04:03:16,007 [160405f6-ad1e-49bf-8de5-8727279c1313-groupManagement] INFO  server.RaftServerConfigKeys (ConfUtils.java:logGet(46)) - raft.server.log.corruption.policy = EXCEPTION (default)
2024-01-11 04:03:16,007 [160405f6-ad1e-49bf-8de5-8727279c1313-groupManagement] INFO  server.RaftServerConfigKeys (ConfUtils.java:logGet(46)) - raft.server.storage.dir = [/home/runner/work/ozone/ozone/hadoop-ozone/integration-test/target/test-dir/MiniOzoneClusterImpl-bfa76206-2968-4191-bda1-2218be479879/datanode-2/data/ratis] (custom)
2024-01-11 04:03:16,007 [160405f6-ad1e-49bf-8de5-8727279c1313-groupManagement] INFO  storage.RaftStorageDirectory (RaftStorageDirectoryImpl.java:analyzeStorage(138)) - The storage directory /home/runner/work/ozone/ozone/hadoop-ozone/integration-test/target/test-dir/MiniOzoneClusterImpl-bfa76206-2968-4191-bda1-2218be479879/datanode-2/data/ratis/d228df97-4663-44ce-ac38-dd870845a42b does not exist. Creating ...
2024-01-11 04:03:16,009 [e9344016-ed75-4908-bdbb-2b1208d89c49-groupManagement] INFO  server.RaftServerConfigKeys (ConfUtils.java:logGet(46)) - raft.server.rpc.request.timeout = 60s (custom)
2024-01-11 04:03:16,009 [e9344016-ed75-4908-bdbb-2b1208d89c49-groupManagement] INFO  server.RaftServerConfigKeys (ConfUtils.java:logGet(46)) - raft.server.log.appender.install.snapshot.enabled = false (custom)
2024-01-11 04:03:16,010 [e9344016-ed75-4908-bdbb-2b1208d89c49-groupManagement] INFO  server.RaftServerConfigKeys (ConfUtils.java:logGet(46)) - raft.server.threadpool.server.cached = true (default)
2024-01-11 04:03:16,010 [e9344016-ed75-4908-bdbb-2b1208d89c49-groupManagement] INFO  server.RaftServerConfigKeys (ConfUtils.java:logGet(46)) - raft.server.threadpool.server.size = 0 (default)
2024-01-11 04:03:16,010 [e9344016-ed75-4908-bdbb-2b1208d89c49-groupManagement] INFO  server.RaftServerConfigKeys (ConfUtils.java:logGet(46)) - raft.server.threadpool.client.cached = true (default)
2024-01-11 04:03:16,010 [e9344016-ed75-4908-bdbb-2b1208d89c49-groupManagement] INFO  server.RaftServerConfigKeys (ConfUtils.java:logGet(46)) - raft.server.threadpool.client.size = 0 (default)
2024-01-11 04:03:16,010 [e9344016-ed75-4908-bdbb-2b1208d89c49-groupManagement] INFO  server.RaftServerConfigKeys (ConfUtils.java:logGet(46)) - raft.server.storage.free-space.min = 0MB (=0) (default)
2024-01-11 04:03:16,010 [e9344016-ed75-4908-bdbb-2b1208d89c49-groupManagement] INFO  server.RaftServerConfigKeys (ConfUtils.java:logGet(46)) - raft.server.log.corruption.policy = EXCEPTION (default)
2024-01-11 04:03:16,010 [e9344016-ed75-4908-bdbb-2b1208d89c49-groupManagement] INFO  server.RaftServerConfigKeys (ConfUtils.java:logGet(46)) - raft.server.storage.dir = [/home/runner/work/ozone/ozone/hadoop-ozone/integration-test/target/test-dir/MiniOzoneClusterImpl-bfa76206-2968-4191-bda1-2218be479879/datanode-0/data/ratis] (custom)
2024-01-11 04:03:16,010 [e9344016-ed75-4908-bdbb-2b1208d89c49-groupManagement] INFO  storage.RaftStorageDirectory (RaftStorageDirectoryImpl.java:analyzeStorage(138)) - The storage directory /home/runner/work/ozone/ozone/hadoop-ozone/integration-test/target/test-dir/MiniOzoneClusterImpl-bfa76206-2968-4191-bda1-2218be479879/datanode-0/data/ratis/d228df97-4663-44ce-ac38-dd870845a42b does not exist. Creating ...
2024-01-11 04:03:16,006 [001cd0bd-e806-4758-aa83-7f483601919f-groupManagement] INFO  util.AwaitToRun (AwaitToRun.java:start(81)) - Thread[001cd0bd-e806-4758-aa83-7f483601919f@group-DD870845A42B-cacheEviction-AwaitToRun,5,main] started
2024-01-11 04:03:16,011 [001cd0bd-e806-4758-aa83-7f483601919f-groupManagement] INFO  segmented.SegmentedRaftLogWorker (SegmentedRaftLogWorker.java:<init>(182)) - new 001cd0bd-e806-4758-aa83-7f483601919f@group-DD870845A42B-SegmentedRaftLogWorker for RaftStorageImpl:Storage Directory /home/runner/work/ozone/ozone/hadoop-ozone/integration-test/target/test-dir/MiniOzoneClusterImpl-bfa76206-2968-4191-bda1-2218be479879/datanode-1/data/ratis/d228df97-4663-44ce-ac38-dd870845a42b
2024-01-11 04:03:16,011 [001cd0bd-e806-4758-aa83-7f483601919f-groupManagement] INFO  server.RaftServerConfigKeys (ConfUtils.java:logGet(46)) - raft.server.log.queue.byte-limit = 4294967296 (custom)
2024-01-11 04:03:16,011 [001cd0bd-e806-4758-aa83-7f483601919f-groupManagement] INFO  server.RaftServerConfigKeys (ConfUtils.java:logGet(46)) - raft.server.log.queue.element-limit = 1024 (custom)
2024-01-11 04:03:16,011 [001cd0bd-e806-4758-aa83-7f483601919f-groupManagement] INFO  server.RaftServerConfigKeys (ConfUtils.java:logGet(46)) - raft.server.log.segment.size.max = 67108864 (custom)
2024-01-11 04:03:16,011 [001cd0bd-e806-4758-aa83-7f483601919f-groupManagement] INFO  server.RaftServerConfigKeys (ConfUtils.java:logGet(46)) - raft.server.log.preallocated.size = 4194304 (custom)
2024-01-11 04:03:16,011 [001cd0bd-e806-4758-aa83-7f483601919f-groupManagement] INFO  server.RaftServerConfigKeys (ConfUtils.java:logGet(46)) - raft.server.log.force.sync.num = 128 (default)
2024-01-11 04:03:16,011 [001cd0bd-e806-4758-aa83-7f483601919f-groupManagement] INFO  server.RaftServerConfigKeys (ConfUtils.java:logGet(46)) - raft.server.log.statemachine.data.sync = true (default)
2024-01-11 04:03:16,012 [001cd0bd-e806-4758-aa83-7f483601919f-groupManagement] INFO  server.RaftServerConfigKeys (ConfUtils.java:logGet(46)) - raft.server.log.statemachine.data.sync.timeout = 10s (default)
2024-01-11 04:03:16,012 [001cd0bd-e806-4758-aa83-7f483601919f-groupManagement] INFO  server.RaftServerConfigKeys (ConfUtils.java:logGet(46)) - raft.server.log.statemachine.data.sync.timeout.retry = 0 (custom)
2024-01-11 04:03:16,012 [001cd0bd-e806-4758-aa83-7f483601919f-groupManagement] INFO  server.RaftServerConfigKeys (ConfUtils.java:logGet(46)) - raft.server.log.write.buffer.size = 8388616 (custom)
2024-01-11 04:03:16,014 [001cd0bd-e806-4758-aa83-7f483601919f-groupManagement] INFO  server.RaftServerConfigKeys (ConfUtils.java:logGet(46)) - raft.server.log.appender.buffer.byte-limit = 8388608 (custom)
2024-01-11 04:03:16,014 [001cd0bd-e806-4758-aa83-7f483601919f-groupManagement] INFO  server.RaftServerConfigKeys (ConfUtils.java:logGet(46)) - raft.server.log.unsafe-flush.enabled = false (default)
2024-01-11 04:03:16,014 [001cd0bd-e806-4758-aa83-7f483601919f-groupManagement] INFO  server.RaftServerConfigKeys (ConfUtils.java:logGet(46)) - raft.server.log.async-flush.enabled = false (default)
2024-01-11 04:03:16,014 [001cd0bd-e806-4758-aa83-7f483601919f-groupManagement] INFO  server.RaftServerConfigKeys (ConfUtils.java:logGet(46)) - raft.server.log.statemachine.data.caching.enabled = true (custom)
2024-01-11 04:03:16,015 [160405f6-ad1e-49bf-8de5-8727279c1313-groupManagement] INFO  storage.RaftStorageDirectory (RaftStorageDirectoryImpl.java:tryLock(228)) - Lock on /home/runner/work/ozone/ozone/hadoop-ozone/integration-test/target/test-dir/MiniOzoneClusterImpl-bfa76206-2968-4191-bda1-2218be479879/datanode-2/data/ratis/d228df97-4663-44ce-ac38-dd870845a42b/in_use.lock acquired by nodename 56095@fv-az1458-636
2024-01-11 04:03:16,015 [e9344016-ed75-4908-bdbb-2b1208d89c49-groupManagement] INFO  storage.RaftStorageDirectory (RaftStorageDirectoryImpl.java:tryLock(228)) - Lock on /home/runner/work/ozone/ozone/hadoop-ozone/integration-test/target/test-dir/MiniOzoneClusterImpl-bfa76206-2968-4191-bda1-2218be479879/datanode-0/data/ratis/d228df97-4663-44ce-ac38-dd870845a42b/in_use.lock acquired by nodename 56095@fv-az1458-636
2024-01-11 04:03:16,016 [001cd0bd-e806-4758-aa83-7f483601919f-groupManagement] INFO  segmented.SegmentedRaftLogWorker (SegmentedRaftLogWorker.java:lambda$new$0(134)) - 001cd0bd-e806-4758-aa83-7f483601919f@group-DD870845A42B-SegmentedRaftLogWorker: flushIndex: setUnconditionally 0 -> -1
2024-01-11 04:03:16,016 [001cd0bd-e806-4758-aa83-7f483601919f-groupManagement] INFO  segmented.SegmentedRaftLogWorker (SegmentedRaftLogWorker.java:lambda$new$0(134)) - 001cd0bd-e806-4758-aa83-7f483601919f@group-DD870845A42B-SegmentedRaftLogWorker: safeCacheEvictIndex: setUnconditionally 0 -> -1
2024-01-11 04:03:16,016 [160405f6-ad1e-49bf-8de5-8727279c1313-groupManagement] INFO  storage.RaftStorage (RaftStorageImpl.java:format(99)) - Storage directory /home/runner/work/ozone/ozone/hadoop-ozone/integration-test/target/test-dir/MiniOzoneClusterImpl-bfa76206-2968-4191-bda1-2218be479879/datanode-2/data/ratis/d228df97-4663-44ce-ac38-dd870845a42b has been successfully formatted.
2024-01-11 04:03:16,017 [160405f6-ad1e-49bf-8de5-8727279c1313-groupManagement] WARN  util.FileUtils (LogUtils.java:supplyAndLog(63)) - Failed to Files.newInputStream /home/runner/work/ozone/ozone/hadoop-ozone/integration-test/target/test-dir/MiniOzoneClusterImpl-bfa76206-2968-4191-bda1-2218be479879/datanode-2/data/ratis/d228df97-4663-44ce-ac38-dd870845a42b/current/raft-meta.conf with options []: java.nio.file.NoSuchFileException: /home/runner/work/ozone/ozone/hadoop-ozone/integration-test/target/test-dir/MiniOzoneClusterImpl-bfa76206-2968-4191-bda1-2218be479879/datanode-2/data/ratis/d228df97-4663-44ce-ac38-dd870845a42b/current/raft-meta.conf
2024-01-11 04:03:16,017 [e9344016-ed75-4908-bdbb-2b1208d89c49-groupManagement] INFO  storage.RaftStorage (RaftStorageImpl.java:format(99)) - Storage directory /home/runner/work/ozone/ozone/hadoop-ozone/integration-test/target/test-dir/MiniOzoneClusterImpl-bfa76206-2968-4191-bda1-2218be479879/datanode-0/data/ratis/d228df97-4663-44ce-ac38-dd870845a42b has been successfully formatted.
2024-01-11 04:03:16,018 [e9344016-ed75-4908-bdbb-2b1208d89c49-groupManagement] WARN  util.FileUtils (LogUtils.java:supplyAndLog(63)) - Failed to Files.newInputStream /home/runner/work/ozone/ozone/hadoop-ozone/integration-test/target/test-dir/MiniOzoneClusterImpl-bfa76206-2968-4191-bda1-2218be479879/datanode-0/data/ratis/d228df97-4663-44ce-ac38-dd870845a42b/current/raft-meta.conf with options []: java.nio.file.NoSuchFileException: /home/runner/work/ozone/ozone/hadoop-ozone/integration-test/target/test-dir/MiniOzoneClusterImpl-bfa76206-2968-4191-bda1-2218be479879/datanode-0/data/ratis/d228df97-4663-44ce-ac38-dd870845a42b/current/raft-meta.conf
2024-01-11 04:03:16,020 [001cd0bd-e806-4758-aa83-7f483601919f-groupManagement] INFO  server.RaftServer$Division (RaftServerImpl.java:start(396)) - 001cd0bd-e806-4758-aa83-7f483601919f@group-DD870845A42B: start as a follower, conf=-1: peers:[001cd0bd-e806-4758-aa83-7f483601919f|10.1.0.34:15023, 160405f6-ad1e-49bf-8de5-8727279c1313|10.1.0.34:15032, e9344016-ed75-4908-bdbb-2b1208d89c49|10.1.0.34:15014]|listeners:[], old=null
2024-01-11 04:03:16,021 [160405f6-ad1e-49bf-8de5-8727279c1313-groupManagement] INFO  ratis.ContainerStateMachine (ContainerStateMachine.java:loadSnapshot(287)) - group-DD870845A42B: The snapshot info is null. Setting the last applied index to:(t:0, i:~)
2024-01-11 04:03:16,024 [160405f6-ad1e-49bf-8de5-8727279c1313-groupManagement] INFO  server.RaftServerConfigKeys (ConfUtils.java:logGet(46)) - raft.server.log.use.memory = false (default)
2024-01-11 04:03:16,024 [160405f6-ad1e-49bf-8de5-8727279c1313-groupManagement] INFO  server.RaftServerConfigKeys (ConfUtils.java:logGet(46)) - raft.server.log.purge.gap = 1000000 (custom)
2024-01-11 04:03:16,024 [160405f6-ad1e-49bf-8de5-8727279c1313-groupManagement] INFO  server.RaftServerConfigKeys (ConfUtils.java:logGet(46)) - raft.server.log.appender.buffer.byte-limit = 8388608 (custom)
2024-01-11 04:03:16,024 [160405f6-ad1e-49bf-8de5-8727279c1313-groupManagement] INFO  server.RaftServerConfigKeys (ConfUtils.java:logGet(46)) - raft.server.log.statemachine.data.read.timeout = 1000ms (default)
2024-01-11 04:03:16,024 [160405f6-ad1e-49bf-8de5-8727279c1313-groupManagement] INFO  server.RaftServerConfigKeys (ConfUtils.java:logGet(46)) - raft.server.log.purge.preservation.log.num = 0 (default)
2024-01-11 04:03:16,020 [e9344016-ed75-4908-bdbb-2b1208d89c49-groupManagement] INFO  ratis.ContainerStateMachine (ContainerStateMachine.java:loadSnapshot(287)) - group-DD870845A42B: The snapshot info is null. Setting the last applied index to:(t:0, i:~)
2024-01-11 04:03:16,026 [e9344016-ed75-4908-bdbb-2b1208d89c49-groupManagement] INFO  server.RaftServerConfigKeys (ConfUtils.java:logGet(46)) - raft.server.log.use.memory = false (default)
2024-01-11 04:03:16,026 [EventQueue-OpenPipelineForHealthyPipelineSafeModeRule] INFO  safemode.SCMSafeModeManager (HealthyPipelineSafeModeRule.java:process(140)) - SCM in safe mode. Healthy pipelines reported count is 0, required healthy pipeline reported count is 1
2024-01-11 04:03:16,026 [EventQueue-OpenPipelineForHealthyPipelineSafeModeRule] INFO  safemode.SCMSafeModeManager (HealthyPipelineSafeModeRule.java:process(140)) - SCM in safe mode. Healthy pipelines reported count is 0, required healthy pipeline reported count is 1
2024-01-11 04:03:16,028 [160405f6-ad1e-49bf-8de5-8727279c1313-groupManagement] INFO  server.RaftServerConfigKeys (ConfUtils.java:logGet(46)) - raft.server.log.segment.size.max = 67108864 (custom)
2024-01-11 04:03:16,028 [160405f6-ad1e-49bf-8de5-8727279c1313-groupManagement] INFO  server.RaftServerConfigKeys (ConfUtils.java:logGet(46)) - raft.server.log.segment.cache.num.max = 2 (custom)
2024-01-11 04:03:16,028 [160405f6-ad1e-49bf-8de5-8727279c1313-groupManagement] INFO  server.RaftServerConfigKeys (ConfUtils.java:logGet(46)) - raft.server.log.segment.cache.size.max = 200MB (=209715200) (default)
2024-01-11 04:03:16,028 [160405f6-ad1e-49bf-8de5-8727279c1313-groupManagement] INFO  server.RaftServerConfigKeys (ConfUtils.java:logGet(46)) - raft.server.log.appender.buffer.byte-limit = 8388608 (custom)
2024-01-11 04:03:16,023 [001cd0bd-e806-4758-aa83-7f483601919f-groupManagement] INFO  server.RaftServer$Division (RaftServerImpl.java:setRole(383)) - 001cd0bd-e806-4758-aa83-7f483601919f@group-DD870845A42B: changes role from      null to FOLLOWER at term 0 for startAsFollower
2024-01-11 04:03:16,026 [e9344016-ed75-4908-bdbb-2b1208d89c49-groupManagement] INFO  server.RaftServerConfigKeys (ConfUtils.java:logGet(46)) - raft.server.log.purge.gap = 1000000 (custom)
2024-01-11 04:03:16,029 [e9344016-ed75-4908-bdbb-2b1208d89c49-groupManagement] INFO  server.RaftServerConfigKeys (ConfUtils.java:logGet(46)) - raft.server.log.appender.buffer.byte-limit = 8388608 (custom)
2024-01-11 04:03:16,029 [e9344016-ed75-4908-bdbb-2b1208d89c49-groupManagement] INFO  server.RaftServerConfigKeys (ConfUtils.java:logGet(46)) - raft.server.log.statemachine.data.read.timeout = 1000ms (default)
2024-01-11 04:03:16,029 [e9344016-ed75-4908-bdbb-2b1208d89c49-groupManagement] INFO  server.RaftServerConfigKeys (ConfUtils.java:logGet(46)) - raft.server.log.purge.preservation.log.num = 0 (default)
2024-01-11 04:03:16,030 [e9344016-ed75-4908-bdbb-2b1208d89c49-groupManagement] INFO  server.RaftServerConfigKeys (ConfUtils.java:logGet(46)) - raft.server.log.segment.size.max = 67108864 (custom)
2024-01-11 04:03:16,031 [e9344016-ed75-4908-bdbb-2b1208d89c49-groupManagement] INFO  server.RaftServerConfigKeys (ConfUtils.java:logGet(46)) - raft.server.log.segment.cache.num.max = 2 (custom)
2024-01-11 04:03:16,031 [e9344016-ed75-4908-bdbb-2b1208d89c49-groupManagement] INFO  server.RaftServerConfigKeys (ConfUtils.java:logGet(46)) - raft.server.log.segment.cache.size.max = 200MB (=209715200) (default)
2024-01-11 04:03:16,031 [e9344016-ed75-4908-bdbb-2b1208d89c49-groupManagement] INFO  server.RaftServerConfigKeys (ConfUtils.java:logGet(46)) - raft.server.log.appender.buffer.byte-limit = 8388608 (custom)
2024-01-11 04:03:16,031 [160405f6-ad1e-49bf-8de5-8727279c1313-groupManagement] INFO  util.AwaitToRun (AwaitToRun.java:start(81)) - Thread[160405f6-ad1e-49bf-8de5-8727279c1313@group-DD870845A42B-cacheEviction-AwaitToRun,5,main] started
2024-01-11 04:03:16,031 [160405f6-ad1e-49bf-8de5-8727279c1313-groupManagement] INFO  segmented.SegmentedRaftLogWorker (SegmentedRaftLogWorker.java:<init>(182)) - new 160405f6-ad1e-49bf-8de5-8727279c1313@group-DD870845A42B-SegmentedRaftLogWorker for RaftStorageImpl:Storage Directory /home/runner/work/ozone/ozone/hadoop-ozone/integration-test/target/test-dir/MiniOzoneClusterImpl-bfa76206-2968-4191-bda1-2218be479879/datanode-2/data/ratis/d228df97-4663-44ce-ac38-dd870845a42b
2024-01-11 04:03:16,031 [160405f6-ad1e-49bf-8de5-8727279c1313-groupManagement] INFO  server.RaftServerConfigKeys (ConfUtils.java:logGet(46)) - raft.server.log.queue.byte-limit = 4294967296 (custom)
2024-01-11 04:03:16,031 [160405f6-ad1e-49bf-8de5-8727279c1313-groupManagement] INFO  server.RaftServerConfigKeys (ConfUtils.java:logGet(46)) - raft.server.log.queue.element-limit = 1024 (custom)
2024-01-11 04:03:16,031 [160405f6-ad1e-49bf-8de5-8727279c1313-groupManagement] INFO  server.RaftServerConfigKeys (ConfUtils.java:logGet(46)) - raft.server.log.segment.size.max = 67108864 (custom)
2024-01-11 04:03:16,031 [160405f6-ad1e-49bf-8de5-8727279c1313-groupManagement] INFO  server.RaftServerConfigKeys (ConfUtils.java:logGet(46)) - raft.server.log.preallocated.size = 4194304 (custom)
2024-01-11 04:03:16,032 [160405f6-ad1e-49bf-8de5-8727279c1313-groupManagement] INFO  server.RaftServerConfigKeys (ConfUtils.java:logGet(46)) - raft.server.log.force.sync.num = 128 (default)
2024-01-11 04:03:16,032 [160405f6-ad1e-49bf-8de5-8727279c1313-groupManagement] INFO  server.RaftServerConfigKeys (ConfUtils.java:logGet(46)) - raft.server.log.statemachine.data.sync = true (default)
2024-01-11 04:03:16,032 [160405f6-ad1e-49bf-8de5-8727279c1313-groupManagement] INFO  server.RaftServerConfigKeys (ConfUtils.java:logGet(46)) - raft.server.log.statemachine.data.sync.timeout = 10s (default)
2024-01-11 04:03:16,032 [160405f6-ad1e-49bf-8de5-8727279c1313-groupManagement] INFO  server.RaftServerConfigKeys (ConfUtils.java:logGet(46)) - raft.server.log.statemachine.data.sync.timeout.retry = 0 (custom)
2024-01-11 04:03:16,032 [160405f6-ad1e-49bf-8de5-8727279c1313-groupManagement] INFO  server.RaftServerConfigKeys (ConfUtils.java:logGet(46)) - raft.server.log.write.buffer.size = 8388616 (custom)
2024-01-11 04:03:16,034 [160405f6-ad1e-49bf-8de5-8727279c1313-groupManagement] INFO  server.RaftServerConfigKeys (ConfUtils.java:logGet(46)) - raft.server.log.appender.buffer.byte-limit = 8388608 (custom)
2024-01-11 04:03:16,034 [160405f6-ad1e-49bf-8de5-8727279c1313-groupManagement] INFO  server.RaftServerConfigKeys (ConfUtils.java:logGet(46)) - raft.server.log.unsafe-flush.enabled = false (default)
2024-01-11 04:03:16,035 [160405f6-ad1e-49bf-8de5-8727279c1313-groupManagement] INFO  server.RaftServerConfigKeys (ConfUtils.java:logGet(46)) - raft.server.log.async-flush.enabled = false (default)
2024-01-11 04:03:16,035 [160405f6-ad1e-49bf-8de5-8727279c1313-groupManagement] INFO  server.RaftServerConfigKeys (ConfUtils.java:logGet(46)) - raft.server.log.statemachine.data.caching.enabled = true (custom)
2024-01-11 04:03:16,035 [160405f6-ad1e-49bf-8de5-8727279c1313-groupManagement] INFO  segmented.SegmentedRaftLogWorker (SegmentedRaftLogWorker.java:lambda$new$0(134)) - 160405f6-ad1e-49bf-8de5-8727279c1313@group-DD870845A42B-SegmentedRaftLogWorker: flushIndex: setUnconditionally 0 -> -1
2024-01-11 04:03:16,035 [160405f6-ad1e-49bf-8de5-8727279c1313-groupManagement] INFO  segmented.SegmentedRaftLogWorker (SegmentedRaftLogWorker.java:lambda$new$0(134)) - 160405f6-ad1e-49bf-8de5-8727279c1313@group-DD870845A42B-SegmentedRaftLogWorker: safeCacheEvictIndex: setUnconditionally 0 -> -1
2024-01-11 04:03:16,036 [160405f6-ad1e-49bf-8de5-8727279c1313-groupManagement] INFO  server.RaftServer$Division (RaftServerImpl.java:start(396)) - 160405f6-ad1e-49bf-8de5-8727279c1313@group-DD870845A42B: start as a follower, conf=-1: peers:[001cd0bd-e806-4758-aa83-7f483601919f|10.1.0.34:15023, 160405f6-ad1e-49bf-8de5-8727279c1313|10.1.0.34:15032, e9344016-ed75-4908-bdbb-2b1208d89c49|10.1.0.34:15014]|listeners:[], old=null
2024-01-11 04:03:16,036 [160405f6-ad1e-49bf-8de5-8727279c1313-groupManagement] INFO  server.RaftServer$Division (RaftServerImpl.java:setRole(383)) - 160405f6-ad1e-49bf-8de5-8727279c1313@group-DD870845A42B: changes role from      null to FOLLOWER at term 0 for startAsFollower
2024-01-11 04:03:16,036 [e9344016-ed75-4908-bdbb-2b1208d89c49-groupManagement] INFO  util.AwaitToRun (AwaitToRun.java:start(81)) - Thread[e9344016-ed75-4908-bdbb-2b1208d89c49@group-DD870845A42B-cacheEviction-AwaitToRun,5,main] started
2024-01-11 04:03:16,036 [e9344016-ed75-4908-bdbb-2b1208d89c49-groupManagement] INFO  segmented.SegmentedRaftLogWorker (SegmentedRaftLogWorker.java:<init>(182)) - new e9344016-ed75-4908-bdbb-2b1208d89c49@group-DD870845A42B-SegmentedRaftLogWorker for RaftStorageImpl:Storage Directory /home/runner/work/ozone/ozone/hadoop-ozone/integration-test/target/test-dir/MiniOzoneClusterImpl-bfa76206-2968-4191-bda1-2218be479879/datanode-0/data/ratis/d228df97-4663-44ce-ac38-dd870845a42b
2024-01-11 04:03:16,037 [e9344016-ed75-4908-bdbb-2b1208d89c49-groupManagement] INFO  server.RaftServerConfigKeys (ConfUtils.java:logGet(46)) - raft.server.log.queue.byte-limit = 4294967296 (custom)
2024-01-11 04:03:16,037 [e9344016-ed75-4908-bdbb-2b1208d89c49-groupManagement] INFO  server.RaftServerConfigKeys (ConfUtils.java:logGet(46)) - raft.server.log.queue.element-limit = 1024 (custom)
2024-01-11 04:03:16,037 [e9344016-ed75-4908-bdbb-2b1208d89c49-groupManagement] INFO  server.RaftServerConfigKeys (ConfUtils.java:logGet(46)) - raft.server.log.segment.size.max = 67108864 (custom)
2024-01-11 04:03:16,037 [e9344016-ed75-4908-bdbb-2b1208d89c49-groupManagement] INFO  server.RaftServerConfigKeys (ConfUtils.java:logGet(46)) - raft.server.log.preallocated.size = 4194304 (custom)
2024-01-11 04:03:16,037 [e9344016-ed75-4908-bdbb-2b1208d89c49-groupManagement] INFO  server.RaftServerConfigKeys (ConfUtils.java:logGet(46)) - raft.server.log.force.sync.num = 128 (default)
2024-01-11 04:03:16,037 [e9344016-ed75-4908-bdbb-2b1208d89c49-groupManagement] INFO  server.RaftServerConfigKeys (ConfUtils.java:logGet(46)) - raft.server.log.statemachine.data.sync = true (default)
2024-01-11 04:03:16,037 [e9344016-ed75-4908-bdbb-2b1208d89c49-groupManagement] INFO  server.RaftServerConfigKeys (ConfUtils.java:logGet(46)) - raft.server.log.statemachine.data.sync.timeout = 10s (default)
2024-01-11 04:03:16,037 [e9344016-ed75-4908-bdbb-2b1208d89c49-groupManagement] INFO  server.RaftServerConfigKeys (ConfUtils.java:logGet(46)) - raft.server.log.statemachine.data.sync.timeout.retry = 0 (custom)
2024-01-11 04:03:16,038 [e9344016-ed75-4908-bdbb-2b1208d89c49-groupManagement] INFO  server.RaftServerConfigKeys (ConfUtils.java:logGet(46)) - raft.server.log.write.buffer.size = 8388616 (custom)
2024-01-11 04:03:16,039 [e9344016-ed75-4908-bdbb-2b1208d89c49-groupManagement] INFO  server.RaftServerConfigKeys (ConfUtils.java:logGet(46)) - raft.server.log.appender.buffer.byte-limit = 8388608 (custom)
2024-01-11 04:03:16,039 [e9344016-ed75-4908-bdbb-2b1208d89c49-groupManagement] INFO  server.RaftServerConfigKeys (ConfUtils.java:logGet(46)) - raft.server.log.unsafe-flush.enabled = false (default)
2024-01-11 04:03:16,039 [e9344016-ed75-4908-bdbb-2b1208d89c49-groupManagement] INFO  server.RaftServerConfigKeys (ConfUtils.java:logGet(46)) - raft.server.log.async-flush.enabled = false (default)
2024-01-11 04:03:16,039 [e9344016-ed75-4908-bdbb-2b1208d89c49-groupManagement] INFO  server.RaftServerConfigKeys (ConfUtils.java:logGet(46)) - raft.server.log.statemachine.data.caching.enabled = true (custom)
2024-01-11 04:03:16,040 [e9344016-ed75-4908-bdbb-2b1208d89c49-groupManagement] INFO  segmented.SegmentedRaftLogWorker (SegmentedRaftLogWorker.java:lambda$new$0(134)) - e9344016-ed75-4908-bdbb-2b1208d89c49@group-DD870845A42B-SegmentedRaftLogWorker: flushIndex: setUnconditionally 0 -> -1
2024-01-11 04:03:16,040 [e9344016-ed75-4908-bdbb-2b1208d89c49-groupManagement] INFO  segmented.SegmentedRaftLogWorker (SegmentedRaftLogWorker.java:lambda$new$0(134)) - e9344016-ed75-4908-bdbb-2b1208d89c49@group-DD870845A42B-SegmentedRaftLogWorker: safeCacheEvictIndex: setUnconditionally 0 -> -1
2024-01-11 04:03:16,040 [e9344016-ed75-4908-bdbb-2b1208d89c49-groupManagement] INFO  server.RaftServer$Division (RaftServerImpl.java:start(396)) - e9344016-ed75-4908-bdbb-2b1208d89c49@group-DD870845A42B: start as a follower, conf=-1: peers:[001cd0bd-e806-4758-aa83-7f483601919f|10.1.0.34:15023, 160405f6-ad1e-49bf-8de5-8727279c1313|10.1.0.34:15032, e9344016-ed75-4908-bdbb-2b1208d89c49|10.1.0.34:15014]|listeners:[], old=null
2024-01-11 04:03:16,040 [e9344016-ed75-4908-bdbb-2b1208d89c49-groupManagement] INFO  server.RaftServer$Division (RaftServerImpl.java:setRole(383)) - e9344016-ed75-4908-bdbb-2b1208d89c49@group-DD870845A42B: changes role from      null to FOLLOWER at term 0 for startAsFollower
2024-01-11 04:03:16,040 [e9344016-ed75-4908-bdbb-2b1208d89c49-groupManagement] INFO  impl.RoleInfo (RoleInfo.java:updateAndGet(139)) - e9344016-ed75-4908-bdbb-2b1208d89c49: start e9344016-ed75-4908-bdbb-2b1208d89c49@group-DD870845A42B-FollowerState
2024-01-11 04:03:16,042 [e9344016-ed75-4908-bdbb-2b1208d89c49-groupManagement] INFO  util.JmxRegister (JmxRegister.java:tryRegister(44)) - Successfully registered JMX Bean with object name Ratis:service=RaftServer,group=group-DD870845A42B,id=e9344016-ed75-4908-bdbb-2b1208d89c49
2024-01-11 04:03:16,042 [e9344016-ed75-4908-bdbb-2b1208d89c49-groupManagement] INFO  server.RaftServerConfigKeys (ConfUtils.java:logGet(46)) - raft.server.snapshot.trigger-when-stop.enabled = true (default)
2024-01-11 04:03:16,042 [e9344016-ed75-4908-bdbb-2b1208d89c49-groupManagement] INFO  server.RaftServerConfigKeys (ConfUtils.java:logGet(46)) - raft.server.snapshot.auto.trigger.enabled = true (custom)
2024-01-11 04:03:16,042 [e9344016-ed75-4908-bdbb-2b1208d89c49-groupManagement] INFO  server.RaftServerConfigKeys (ConfUtils.java:logGet(46)) - raft.server.snapshot.auto.trigger.threshold = 10000 (custom)
2024-01-11 04:03:16,042 [e9344016-ed75-4908-bdbb-2b1208d89c49-groupManagement] INFO  server.RaftServerConfigKeys (ConfUtils.java:logGet(46)) - raft.server.snapshot.retention.file.num = 5 (custom)
2024-01-11 04:03:16,042 [e9344016-ed75-4908-bdbb-2b1208d89c49-groupManagement] INFO  server.RaftServerConfigKeys (ConfUtils.java:logGet(46)) - raft.server.log.purge.upto.snapshot.index = false (default)
2024-01-11 04:03:16,043 [e9344016-ed75-4908-bdbb-2b1208d89c49@group-DD870845A42B-FollowerState] INFO  server.RaftServerConfigKeys (ConfUtils.java:logFallback(53)) - raft.server.rpc.first-election.timeout.min = 5s (fallback to raft.server.rpc.timeout.min)
2024-01-11 04:03:16,043 [e9344016-ed75-4908-bdbb-2b1208d89c49@group-DD870845A42B-FollowerState] INFO  server.RaftServerConfigKeys (ConfUtils.java:logFallback(53)) - raft.server.rpc.first-election.timeout.max = 5200ms (fallback to raft.server.rpc.timeout.max)
2024-01-11 04:03:16,044 [001cd0bd-e806-4758-aa83-7f483601919f-groupManagement] INFO  impl.RoleInfo (RoleInfo.java:updateAndGet(139)) - 001cd0bd-e806-4758-aa83-7f483601919f: start 001cd0bd-e806-4758-aa83-7f483601919f@group-DD870845A42B-FollowerState
2024-01-11 04:03:16,044 [e9344016-ed75-4908-bdbb-2b1208d89c49-PipelineCommandHandlerThread-0] INFO  ratis.XceiverServerRatis (XceiverServerRatis.java:addGroup(842)) - Created group PipelineID=d228df97-4663-44ce-ac38-dd870845a42b
2024-01-11 04:03:16,048 [001cd0bd-e806-4758-aa83-7f483601919f-groupManagement] INFO  util.JmxRegister (JmxRegister.java:tryRegister(44)) - Successfully registered JMX Bean with object name Ratis:service=RaftServer,group=group-DD870845A42B,id=001cd0bd-e806-4758-aa83-7f483601919f
2024-01-11 04:03:16,048 [001cd0bd-e806-4758-aa83-7f483601919f-groupManagement] INFO  server.RaftServerConfigKeys (ConfUtils.java:logGet(46)) - raft.server.snapshot.trigger-when-stop.enabled = true (default)
2024-01-11 04:03:16,048 [001cd0bd-e806-4758-aa83-7f483601919f-groupManagement] INFO  server.RaftServerConfigKeys (ConfUtils.java:logGet(46)) - raft.server.snapshot.auto.trigger.enabled = true (custom)
2024-01-11 04:03:16,048 [001cd0bd-e806-4758-aa83-7f483601919f-groupManagement] INFO  server.RaftServerConfigKeys (ConfUtils.java:logGet(46)) - raft.server.snapshot.auto.trigger.threshold = 10000 (custom)
2024-01-11 04:03:16,048 [001cd0bd-e806-4758-aa83-7f483601919f-groupManagement] INFO  server.RaftServerConfigKeys (ConfUtils.java:logGet(46)) - raft.server.snapshot.retention.file.num = 5 (custom)
2024-01-11 04:03:16,048 [001cd0bd-e806-4758-aa83-7f483601919f-groupManagement] INFO  server.RaftServerConfigKeys (ConfUtils.java:logGet(46)) - raft.server.log.purge.upto.snapshot.index = false (default)
2024-01-11 04:03:16,049 [160405f6-ad1e-49bf-8de5-8727279c1313-groupManagement] INFO  impl.RoleInfo (RoleInfo.java:updateAndGet(139)) - 160405f6-ad1e-49bf-8de5-8727279c1313: start 160405f6-ad1e-49bf-8de5-8727279c1313@group-DD870845A42B-FollowerState
2024-01-11 04:03:16,050 [160405f6-ad1e-49bf-8de5-8727279c1313-groupManagement] INFO  util.JmxRegister (JmxRegister.java:tryRegister(44)) - Successfully registered JMX Bean with object name Ratis:service=RaftServer,group=group-DD870845A42B,id=160405f6-ad1e-49bf-8de5-8727279c1313
2024-01-11 04:03:16,050 [160405f6-ad1e-49bf-8de5-8727279c1313-groupManagement] INFO  server.RaftServerConfigKeys (ConfUtils.java:logGet(46)) - raft.server.snapshot.trigger-when-stop.enabled = true (default)
2024-01-11 04:03:16,051 [160405f6-ad1e-49bf-8de5-8727279c1313-groupManagement] INFO  server.RaftServerConfigKeys (ConfUtils.java:logGet(46)) - raft.server.snapshot.auto.trigger.enabled = true (custom)
2024-01-11 04:03:16,051 [160405f6-ad1e-49bf-8de5-8727279c1313-groupManagement] INFO  server.RaftServerConfigKeys (ConfUtils.java:logGet(46)) - raft.server.snapshot.auto.trigger.threshold = 10000 (custom)
2024-01-11 04:03:16,051 [160405f6-ad1e-49bf-8de5-8727279c1313-groupManagement] INFO  server.RaftServerConfigKeys (ConfUtils.java:logGet(46)) - raft.server.snapshot.retention.file.num = 5 (custom)
2024-01-11 04:03:16,051 [160405f6-ad1e-49bf-8de5-8727279c1313-groupManagement] INFO  server.RaftServerConfigKeys (ConfUtils.java:logGet(46)) - raft.server.log.purge.upto.snapshot.index = false (default)
2024-01-11 04:03:16,051 [001cd0bd-e806-4758-aa83-7f483601919f@group-DD870845A42B-FollowerState] INFO  server.RaftServerConfigKeys (ConfUtils.java:logFallback(53)) - raft.server.rpc.first-election.timeout.min = 5s (fallback to raft.server.rpc.timeout.min)
2024-01-11 04:03:16,051 [001cd0bd-e806-4758-aa83-7f483601919f@group-DD870845A42B-FollowerState] INFO  server.RaftServerConfigKeys (ConfUtils.java:logFallback(53)) - raft.server.rpc.first-election.timeout.max = 5200ms (fallback to raft.server.rpc.timeout.max)
2024-01-11 04:03:16,051 [160405f6-ad1e-49bf-8de5-8727279c1313@group-DD870845A42B-FollowerState] INFO  server.RaftServerConfigKeys (ConfUtils.java:logFallback(53)) - raft.server.rpc.first-election.timeout.min = 5s (fallback to raft.server.rpc.timeout.min)
2024-01-11 04:03:16,059 [160405f6-ad1e-49bf-8de5-8727279c1313@group-DD870845A42B-FollowerState] INFO  server.RaftServerConfigKeys (ConfUtils.java:logFallback(53)) - raft.server.rpc.first-election.timeout.max = 5200ms (fallback to raft.server.rpc.timeout.max)
2024-01-11 04:03:16,059 [001cd0bd-e806-4758-aa83-7f483601919f-PipelineCommandHandlerThread-0] INFO  ratis.XceiverServerRatis (XceiverServerRatis.java:addGroup(842)) - Created group PipelineID=d228df97-4663-44ce-ac38-dd870845a42b
2024-01-11 04:03:16,060 [160405f6-ad1e-49bf-8de5-8727279c1313-PipelineCommandHandlerThread-0] INFO  ratis.XceiverServerRatis (XceiverServerRatis.java:addGroup(842)) - Created group PipelineID=d228df97-4663-44ce-ac38-dd870845a42b
2024-01-11 04:03:16,125 [160405f6-ad1e-49bf-8de5-8727279c1313-PipelineCommandHandlerThread-0] INFO  commandhandler.CreatePipelineCommandHandler (CreatePipelineCommandHandler.java:lambda$handle$2(124)) - Created Pipeline RATIS THREE PipelineID=d228df97-4663-44ce-ac38-dd870845a42b.
2024-01-11 04:03:16,126 [e9344016-ed75-4908-bdbb-2b1208d89c49-PipelineCommandHandlerThread-0] INFO  commandhandler.CreatePipelineCommandHandler (CreatePipelineCommandHandler.java:lambda$handle$2(124)) - Created Pipeline RATIS THREE PipelineID=d228df97-4663-44ce-ac38-dd870845a42b.
2024-01-11 04:03:16,138 [001cd0bd-e806-4758-aa83-7f483601919f-PipelineCommandHandlerThread-0] INFO  commandhandler.CreatePipelineCommandHandler (CreatePipelineCommandHandler.java:lambda$handle$2(124)) - Created Pipeline RATIS THREE PipelineID=d228df97-4663-44ce-ac38-dd870845a42b.
2024-01-11 04:03:16,555 [Mini-Cluster-Provider-Create] INFO  ozone.MiniOzoneClusterImpl (MiniOzoneClusterImpl.java:lambda$waitForClusterToBeReady$0(229)) - Nodes are ready. Got 3 of 3 DN Heartbeats.
2024-01-11 04:03:16,555 [Mini-Cluster-Provider-Create] INFO  ozone.MiniOzoneClusterImpl (MiniOzoneClusterImpl.java:lambda$waitForClusterToBeReady$0(232)) - Waiting for cluster to exit safe mode
2024-01-11 04:03:16,555 [Mini-Cluster-Provider-Create] INFO  ozone.MiniOzoneClusterImpl (MiniOzoneClusterImpl.java:lambda$waitForClusterToBeReady$0(234)) - SCM became leader
2024-01-11 04:03:17,555 [Mini-Cluster-Provider-Create] INFO  ozone.MiniOzoneClusterImpl (MiniOzoneClusterImpl.java:lambda$waitForClusterToBeReady$0(229)) - Nodes are ready. Got 3 of 3 DN Heartbeats.
2024-01-11 04:03:17,555 [Mini-Cluster-Provider-Create] INFO  ozone.MiniOzoneClusterImpl (MiniOzoneClusterImpl.java:lambda$waitForClusterToBeReady$0(232)) - Waiting for cluster to exit safe mode
2024-01-11 04:03:17,555 [Mini-Cluster-Provider-Create] INFO  ozone.MiniOzoneClusterImpl (MiniOzoneClusterImpl.java:lambda$waitForClusterToBeReady$0(234)) - SCM became leader
2024-01-11 04:03:18,555 [Mini-Cluster-Provider-Create] INFO  ozone.MiniOzoneClusterImpl (MiniOzoneClusterImpl.java:lambda$waitForClusterToBeReady$0(229)) - Nodes are ready. Got 3 of 3 DN Heartbeats.
2024-01-11 04:03:18,556 [Mini-Cluster-Provider-Create] INFO  ozone.MiniOzoneClusterImpl (MiniOzoneClusterImpl.java:lambda$waitForClusterToBeReady$0(232)) - Waiting for cluster to exit safe mode
2024-01-11 04:03:18,556 [Mini-Cluster-Provider-Create] INFO  ozone.MiniOzoneClusterImpl (MiniOzoneClusterImpl.java:lambda$waitForClusterToBeReady$0(234)) - SCM became leader
2024-01-11 04:03:19,556 [Mini-Cluster-Provider-Create] INFO  ozone.MiniOzoneClusterImpl (MiniOzoneClusterImpl.java:lambda$waitForClusterToBeReady$0(229)) - Nodes are ready. Got 3 of 3 DN Heartbeats.
2024-01-11 04:03:19,556 [Mini-Cluster-Provider-Create] INFO  ozone.MiniOzoneClusterImpl (MiniOzoneClusterImpl.java:lambda$waitForClusterToBeReady$0(232)) - Waiting for cluster to exit safe mode
2024-01-11 04:03:19,556 [Mini-Cluster-Provider-Create] INFO  ozone.MiniOzoneClusterImpl (MiniOzoneClusterImpl.java:lambda$waitForClusterToBeReady$0(234)) - SCM became leader
2024-01-11 04:03:20,473 [e9344016-ed75-4908-bdbb-2b1208d89c49@group-8F976F7C7D18-FollowerState] INFO  impl.FollowerState (FollowerState.java:run(143)) - e9344016-ed75-4908-bdbb-2b1208d89c49@group-8F976F7C7D18-FollowerState: change to CANDIDATE, lastRpcElapsedTime:5113486167ns, electionTimeout:5111ms
2024-01-11 04:03:20,473 [e9344016-ed75-4908-bdbb-2b1208d89c49@group-8F976F7C7D18-FollowerState] INFO  impl.RoleInfo (RoleInfo.java:shutdownFollowerState(110)) - e9344016-ed75-4908-bdbb-2b1208d89c49: shutdown e9344016-ed75-4908-bdbb-2b1208d89c49@group-8F976F7C7D18-FollowerState
2024-01-11 04:03:20,473 [e9344016-ed75-4908-bdbb-2b1208d89c49@group-8F976F7C7D18-FollowerState] INFO  server.RaftServer$Division (RaftServerImpl.java:setRole(383)) - e9344016-ed75-4908-bdbb-2b1208d89c49@group-8F976F7C7D18: changes role from  FOLLOWER to CANDIDATE at term 0 for changeToCandidate
2024-01-11 04:03:20,473 [e9344016-ed75-4908-bdbb-2b1208d89c49@group-8F976F7C7D18-FollowerState] INFO  server.RaftServerConfigKeys (ConfUtils.java:logGet(46)) - raft.server.leaderelection.pre-vote = true (default)
2024-01-11 04:03:20,473 [e9344016-ed75-4908-bdbb-2b1208d89c49@group-8F976F7C7D18-FollowerState] INFO  impl.RoleInfo (RoleInfo.java:updateAndGet(139)) - e9344016-ed75-4908-bdbb-2b1208d89c49: start e9344016-ed75-4908-bdbb-2b1208d89c49@group-8F976F7C7D18-LeaderElection2
2024-01-11 04:03:20,474 [e9344016-ed75-4908-bdbb-2b1208d89c49@group-8F976F7C7D18-LeaderElection2] INFO  impl.LeaderElection (LeaderElection.java:askForVotes(321)) - e9344016-ed75-4908-bdbb-2b1208d89c49@group-8F976F7C7D18-LeaderElection2 PRE_VOTE round 0: submit vote requests at term 0 for -1: peers:[e9344016-ed75-4908-bdbb-2b1208d89c49|10.1.0.34:15014]|listeners:[], old=null
2024-01-11 04:03:20,474 [e9344016-ed75-4908-bdbb-2b1208d89c49@group-8F976F7C7D18-LeaderElection2] INFO  impl.LeaderElection (LeaderElection.java:askForVotes(323)) - e9344016-ed75-4908-bdbb-2b1208d89c49@group-8F976F7C7D18-LeaderElection2 PRE_VOTE round 0: result PASSED (term=0)
2024-01-11 04:03:20,475 [e9344016-ed75-4908-bdbb-2b1208d89c49@group-8F976F7C7D18-LeaderElection2] INFO  impl.LeaderElection (LeaderElection.java:askForVotes(321)) - e9344016-ed75-4908-bdbb-2b1208d89c49@group-8F976F7C7D18-LeaderElection2 ELECTION round 0: submit vote requests at term 1 for -1: peers:[e9344016-ed75-4908-bdbb-2b1208d89c49|10.1.0.34:15014]|listeners:[], old=null
2024-01-11 04:03:20,475 [e9344016-ed75-4908-bdbb-2b1208d89c49@group-8F976F7C7D18-LeaderElection2] INFO  impl.LeaderElection (LeaderElection.java:askForVotes(323)) - e9344016-ed75-4908-bdbb-2b1208d89c49@group-8F976F7C7D18-LeaderElection2 ELECTION round 0: result PASSED (term=1)
2024-01-11 04:03:20,475 [e9344016-ed75-4908-bdbb-2b1208d89c49@group-8F976F7C7D18-LeaderElection2] INFO  impl.RoleInfo (RoleInfo.java:shutdownLeaderElection(130)) - e9344016-ed75-4908-bdbb-2b1208d89c49: shutdown e9344016-ed75-4908-bdbb-2b1208d89c49@group-8F976F7C7D18-LeaderElection2
2024-01-11 04:03:20,476 [e9344016-ed75-4908-bdbb-2b1208d89c49@group-8F976F7C7D18-LeaderElection2] INFO  server.RaftServer$Division (RaftServerImpl.java:setRole(383)) - e9344016-ed75-4908-bdbb-2b1208d89c49@group-8F976F7C7D18: changes role from CANDIDATE to LEADER at term 1 for changeToLeader
2024-01-11 04:03:20,476 [e9344016-ed75-4908-bdbb-2b1208d89c49@group-8F976F7C7D18-LeaderElection2] INFO  server.RaftServerConfigKeys (ConfUtils.java:logGet(46)) - raft.server.staging.catchup.gap = 1000 (default)
2024-01-11 04:03:20,476 [e9344016-ed75-4908-bdbb-2b1208d89c49@group-8F976F7C7D18-LeaderElection2] INFO  server.RaftServerConfigKeys (ConfUtils.java:logGet(46)) - raft.server.write.element-limit = 1024 (custom)
2024-01-11 04:03:20,476 [e9344016-ed75-4908-bdbb-2b1208d89c49@group-8F976F7C7D18-LeaderElection2] INFO  server.RaftServerConfigKeys (ConfUtils.java:logGet(46)) - raft.server.write.byte-limit = 1024 M (=1073741824) (custom)
2024-01-11 04:03:20,476 [e9344016-ed75-4908-bdbb-2b1208d89c49@group-8F976F7C7D18-LeaderElection2] INFO  server.RaftServerConfigKeys (ConfUtils.java:logGet(46)) - raft.server.watch.timeout = 180s (custom)
2024-01-11 04:03:20,476 [e9344016-ed75-4908-bdbb-2b1208d89c49@group-8F976F7C7D18-LeaderElection2] INFO  server.RaftServerConfigKeys (ConfUtils.java:logGet(46)) - raft.server.watch.timeout.denomination = 1s (default)
2024-01-11 04:03:20,477 [e9344016-ed75-4908-bdbb-2b1208d89c49@group-8F976F7C7D18-LeaderElection2] INFO  server.RaftServerConfigKeys (ConfUtils.java:logGet(46)) - raft.server.watch.element-limit = 65536 (default)
2024-01-11 04:03:20,477 [e9344016-ed75-4908-bdbb-2b1208d89c49@group-8F976F7C7D18-LeaderElection2] INFO  server.RaftServerConfigKeys (ConfUtils.java:logGet(46)) - raft.server.read.leader.lease.enabled = false (default)
2024-01-11 04:03:20,477 [e9344016-ed75-4908-bdbb-2b1208d89c49@group-8F976F7C7D18-LeaderElection2] INFO  server.RaftServerConfigKeys (ConfUtils.java:logGet(46)) - raft.server.read.leader.lease.timeout.ratio = 0.9 (default)
2024-01-11 04:03:20,477 [e9344016-ed75-4908-bdbb-2b1208d89c49@group-8F976F7C7D18-LeaderElection2] INFO  server.RaftServerConfigKeys (ConfUtils.java:logGet(46)) - raft.server.rpc.timeout.min = 5s (custom)
2024-01-11 04:03:20,477 [e9344016-ed75-4908-bdbb-2b1208d89c49@group-8F976F7C7D18-LeaderElection2] INFO  server.RaftServerConfigKeys (ConfUtils.java:logGet(46)) - raft.server.write.element-limit = 1024 (custom)
2024-01-11 04:03:20,477 [e9344016-ed75-4908-bdbb-2b1208d89c49@group-8F976F7C7D18-LeaderElection2] INFO  server.RaftServerConfigKeys (ConfUtils.java:logGet(46)) - raft.server.write.follower.gap.ratio.max = -1.0 (default)
2024-01-11 04:03:20,477 [e9344016-ed75-4908-bdbb-2b1208d89c49@group-8F976F7C7D18-LeaderElection2] INFO  impl.RoleInfo (RoleInfo.java:updateAndGet(139)) - e9344016-ed75-4908-bdbb-2b1208d89c49: start e9344016-ed75-4908-bdbb-2b1208d89c49@group-8F976F7C7D18-LeaderStateImpl
2024-01-11 04:03:20,477 [e9344016-ed75-4908-bdbb-2b1208d89c49@group-8F976F7C7D18-LeaderElection2] INFO  server.RaftServer$Division (RaftServerImpl.java:setFirstElection(574)) - e9344016-ed75-4908-bdbb-2b1208d89c49@group-8F976F7C7D18: set firstElectionSinceStartup to false for becomeLeader
2024-01-11 04:03:20,477 [e9344016-ed75-4908-bdbb-2b1208d89c49@group-8F976F7C7D18-LeaderElection2] INFO  ratis.XceiverServerRatis (XceiverServerRatis.java:handleLeaderChangedNotification(945)) - Leader change notification received for group: group-8F976F7C7D18 with new leaderId: e9344016-ed75-4908-bdbb-2b1208d89c49
2024-01-11 04:03:20,478 [e9344016-ed75-4908-bdbb-2b1208d89c49@group-8F976F7C7D18-LeaderElection2] INFO  server.RaftServer$Division (ServerState.java:setLeader(269)) - e9344016-ed75-4908-bdbb-2b1208d89c49@group-8F976F7C7D18: change Leader from null to e9344016-ed75-4908-bdbb-2b1208d89c49 at term 1 for becomeLeader, leader elected after 5147ms
2024-01-11 04:03:20,478 [e9344016-ed75-4908-bdbb-2b1208d89c49@group-8F976F7C7D18-LeaderElection2] INFO  segmented.SegmentedRaftLogWorker (SegmentedRaftLogWorker.java:startLogSegment(430)) - e9344016-ed75-4908-bdbb-2b1208d89c49@group-8F976F7C7D18-SegmentedRaftLogWorker: Starting segment from index:0
2024-01-11 04:03:20,480 [e9344016-ed75-4908-bdbb-2b1208d89c49@group-8F976F7C7D18-LeaderElection2] INFO  server.RaftServer$Division (ServerState.java:setRaftConf(386)) - e9344016-ed75-4908-bdbb-2b1208d89c49@group-8F976F7C7D18: set configuration 0: peers:[e9344016-ed75-4908-bdbb-2b1208d89c49|10.1.0.34:15014]|listeners:[], old=null
2024-01-11 04:03:20,481 [e9344016-ed75-4908-bdbb-2b1208d89c49@group-8F976F7C7D18-SegmentedRaftLogWorker] INFO  segmented.BufferedWriteChannel (BufferedWriteChannel.java:open(62)) - open log_inprogress_0 at position 0
2024-01-11 04:03:20,489 [e9344016-ed75-4908-bdbb-2b1208d89c49@group-8F976F7C7D18-SegmentedRaftLogWorker] INFO  segmented.SegmentedRaftLogWorker (SegmentedRaftLogWorker.java:execute(634)) - e9344016-ed75-4908-bdbb-2b1208d89c49@group-8F976F7C7D18-SegmentedRaftLogWorker: created new log segment /home/runner/work/ozone/ozone/hadoop-ozone/integration-test/target/test-dir/MiniOzoneClusterImpl-bfa76206-2968-4191-bda1-2218be479879/datanode-0/data/ratis/aacb34fe-b588-4a94-b239-8f976f7c7d18/current/log_inprogress_0
2024-01-11 04:03:20,490 [EventQueue-OpenPipelineForHealthyPipelineSafeModeRule] INFO  safemode.SCMSafeModeManager (HealthyPipelineSafeModeRule.java:process(140)) - SCM in safe mode. Healthy pipelines reported count is 0, required healthy pipeline reported count is 1
2024-01-11 04:03:20,493 [e9344016-ed75-4908-bdbb-2b1208d89c49@group-8F976F7C7D18-StateMachineUpdater] INFO  server.RaftServer$Division (LeaderStateImpl.java:isApplied(320)) - leader is ready since appliedIndex == 0 >= startIndex == 0
2024-01-11 04:03:20,556 [Mini-Cluster-Provider-Create] INFO  ozone.MiniOzoneClusterImpl (MiniOzoneClusterImpl.java:lambda$waitForClusterToBeReady$0(229)) - Nodes are ready. Got 3 of 3 DN Heartbeats.
2024-01-11 04:03:20,556 [Mini-Cluster-Provider-Create] INFO  ozone.MiniOzoneClusterImpl (MiniOzoneClusterImpl.java:lambda$waitForClusterToBeReady$0(232)) - Waiting for cluster to exit safe mode
2024-01-11 04:03:20,556 [Mini-Cluster-Provider-Create] INFO  ozone.MiniOzoneClusterImpl (MiniOzoneClusterImpl.java:lambda$waitForClusterToBeReady$0(234)) - SCM became leader
2024-01-11 04:03:20,577 [e9344016-ed75-4908-bdbb-2b1208d89c49@group-FA6D695FADC7-FollowerState] INFO  impl.FollowerState (FollowerState.java:run(143)) - e9344016-ed75-4908-bdbb-2b1208d89c49@group-FA6D695FADC7-FollowerState: change to CANDIDATE, lastRpcElapsedTime:5174361954ns, electionTimeout:5172ms
2024-01-11 04:03:20,578 [e9344016-ed75-4908-bdbb-2b1208d89c49@group-FA6D695FADC7-FollowerState] INFO  impl.RoleInfo (RoleInfo.java:shutdownFollowerState(110)) - e9344016-ed75-4908-bdbb-2b1208d89c49: shutdown e9344016-ed75-4908-bdbb-2b1208d89c49@group-FA6D695FADC7-FollowerState
2024-01-11 04:03:20,578 [e9344016-ed75-4908-bdbb-2b1208d89c49@group-FA6D695FADC7-FollowerState] INFO  server.RaftServer$Division (RaftServerImpl.java:setRole(383)) - e9344016-ed75-4908-bdbb-2b1208d89c49@group-FA6D695FADC7: changes role from  FOLLOWER to CANDIDATE at term 0 for changeToCandidate
2024-01-11 04:03:20,578 [e9344016-ed75-4908-bdbb-2b1208d89c49@group-FA6D695FADC7-FollowerState] INFO  server.RaftServerConfigKeys (ConfUtils.java:logGet(46)) - raft.server.leaderelection.pre-vote = true (default)
2024-01-11 04:03:20,578 [e9344016-ed75-4908-bdbb-2b1208d89c49@group-FA6D695FADC7-FollowerState] INFO  impl.RoleInfo (RoleInfo.java:updateAndGet(139)) - e9344016-ed75-4908-bdbb-2b1208d89c49: start e9344016-ed75-4908-bdbb-2b1208d89c49@group-FA6D695FADC7-LeaderElection3
2024-01-11 04:03:20,579 [e9344016-ed75-4908-bdbb-2b1208d89c49@group-FA6D695FADC7-LeaderElection3] INFO  impl.LeaderElection (LeaderElection.java:askForVotes(321)) - e9344016-ed75-4908-bdbb-2b1208d89c49@group-FA6D695FADC7-LeaderElection3 PRE_VOTE round 0: submit vote requests at term 0 for -1: peers:[001cd0bd-e806-4758-aa83-7f483601919f|10.1.0.34:15023, 160405f6-ad1e-49bf-8de5-8727279c1313|10.1.0.34:15032, e9344016-ed75-4908-bdbb-2b1208d89c49|10.1.0.34:15014]|listeners:[], old=null
2024-01-11 04:03:20,583 [e9344016-ed75-4908-bdbb-2b1208d89c49@group-FA6D695FADC7-LeaderElection3] INFO  server.RaftServerConfigKeys (ConfUtils.java:logFallback(53)) - raft.server.rpc.first-election.timeout.min = 5s (fallback to raft.server.rpc.timeout.min)
2024-01-11 04:03:20,583 [e9344016-ed75-4908-bdbb-2b1208d89c49@group-FA6D695FADC7-LeaderElection3] INFO  server.RaftServerConfigKeys (ConfUtils.java:logFallback(53)) - raft.server.rpc.first-election.timeout.max = 5200ms (fallback to raft.server.rpc.timeout.max)
2024-01-11 04:03:20,583 [e9344016-ed75-4908-bdbb-2b1208d89c49@group-FA6D695FADC7-LeaderElection3-1] INFO  server.GrpcServerProtocolClient (GrpcServerProtocolClient.java:<init>(65)) - Build channel for 001cd0bd-e806-4758-aa83-7f483601919f|10.1.0.34:15023
2024-01-11 04:03:20,584 [e9344016-ed75-4908-bdbb-2b1208d89c49@group-FA6D695FADC7-LeaderElection3-2] INFO  server.GrpcServerProtocolClient (GrpcServerProtocolClient.java:<init>(65)) - Build channel for 160405f6-ad1e-49bf-8de5-8727279c1313|10.1.0.34:15032
2024-01-11 04:03:20,593 [grpc-default-executor-1] INFO  server.RaftServer$Division (RaftServerImpl.java:requestVote(1389)) - 001cd0bd-e806-4758-aa83-7f483601919f@group-FA6D695FADC7: receive requestVote(PRE_VOTE, e9344016-ed75-4908-bdbb-2b1208d89c49, group-FA6D695FADC7, 0, (t:0, i:0))
2024-01-11 04:03:20,594 [grpc-default-executor-2] INFO  server.RaftServer$Division (RaftServerImpl.java:requestVote(1389)) - 160405f6-ad1e-49bf-8de5-8727279c1313@group-FA6D695FADC7: receive requestVote(PRE_VOTE, e9344016-ed75-4908-bdbb-2b1208d89c49, group-FA6D695FADC7, 0, (t:0, i:0))
2024-01-11 04:03:20,596 [grpc-default-executor-1] INFO  impl.VoteContext (VoteContext.java:log(49)) - 001cd0bd-e806-4758-aa83-7f483601919f@group-FA6D695FADC7-FOLLOWER: accept PRE_VOTE from e9344016-ed75-4908-bdbb-2b1208d89c49: our priority 0 <= candidate's priority 1
2024-01-11 04:03:20,596 [grpc-default-executor-2] INFO  impl.VoteContext (VoteContext.java:log(49)) - 160405f6-ad1e-49bf-8de5-8727279c1313@group-FA6D695FADC7-FOLLOWER: accept PRE_VOTE from e9344016-ed75-4908-bdbb-2b1208d89c49: our priority 0 <= candidate's priority 1
2024-01-11 04:03:20,601 [grpc-default-executor-1] INFO  server.RaftServer$Division (RaftServerImpl.java:requestVote(1422)) - 001cd0bd-e806-4758-aa83-7f483601919f@group-FA6D695FADC7 replies to PRE_VOTE vote request: e9344016-ed75-4908-bdbb-2b1208d89c49<-001cd0bd-e806-4758-aa83-7f483601919f#0:OK-t0. Peer's state: 001cd0bd-e806-4758-aa83-7f483601919f@group-FA6D695FADC7:t0, leader=null, voted=, raftlog=Memoized:001cd0bd-e806-4758-aa83-7f483601919f@group-FA6D695FADC7-SegmentedRaftLog:OPENED:c-1, conf=-1: peers:[001cd0bd-e806-4758-aa83-7f483601919f|10.1.0.34:15023, 160405f6-ad1e-49bf-8de5-8727279c1313|10.1.0.34:15032, e9344016-ed75-4908-bdbb-2b1208d89c49|10.1.0.34:15014]|listeners:[], old=null
2024-01-11 04:03:20,601 [grpc-default-executor-2] INFO  server.RaftServer$Division (RaftServerImpl.java:requestVote(1422)) - 160405f6-ad1e-49bf-8de5-8727279c1313@group-FA6D695FADC7 replies to PRE_VOTE vote request: e9344016-ed75-4908-bdbb-2b1208d89c49<-160405f6-ad1e-49bf-8de5-8727279c1313#0:OK-t0. Peer's state: 160405f6-ad1e-49bf-8de5-8727279c1313@group-FA6D695FADC7:t0, leader=null, voted=, raftlog=Memoized:160405f6-ad1e-49bf-8de5-8727279c1313@group-FA6D695FADC7-SegmentedRaftLog:OPENED:c-1, conf=-1: peers:[001cd0bd-e806-4758-aa83-7f483601919f|10.1.0.34:15023, 160405f6-ad1e-49bf-8de5-8727279c1313|10.1.0.34:15032, e9344016-ed75-4908-bdbb-2b1208d89c49|10.1.0.34:15014]|listeners:[], old=null
2024-01-11 04:03:20,604 [e9344016-ed75-4908-bdbb-2b1208d89c49@group-FA6D695FADC7-LeaderElection3] INFO  impl.LeaderElection (LeaderElection.java:logAndReturn(89)) - e9344016-ed75-4908-bdbb-2b1208d89c49@group-FA6D695FADC7-LeaderElection3: PRE_VOTE PASSED received 1 response(s) and 0 exception(s):
2024-01-11 04:03:20,605 [e9344016-ed75-4908-bdbb-2b1208d89c49@group-FA6D695FADC7-LeaderElection3] INFO  impl.LeaderElection (LeaderElection.java:logAndReturn(93)) -   Response 0: e9344016-ed75-4908-bdbb-2b1208d89c49<-001cd0bd-e806-4758-aa83-7f483601919f#0:OK-t0
2024-01-11 04:03:20,605 [e9344016-ed75-4908-bdbb-2b1208d89c49@group-FA6D695FADC7-LeaderElection3] INFO  impl.LeaderElection (LeaderElection.java:askForVotes(323)) - e9344016-ed75-4908-bdbb-2b1208d89c49@group-FA6D695FADC7-LeaderElection3 PRE_VOTE round 0: result PASSED
2024-01-11 04:03:20,606 [e9344016-ed75-4908-bdbb-2b1208d89c49@group-FA6D695FADC7-LeaderElection3] INFO  impl.LeaderElection (LeaderElection.java:askForVotes(321)) - e9344016-ed75-4908-bdbb-2b1208d89c49@group-FA6D695FADC7-LeaderElection3 ELECTION round 0: submit vote requests at term 1 for -1: peers:[001cd0bd-e806-4758-aa83-7f483601919f|10.1.0.34:15023, 160405f6-ad1e-49bf-8de5-8727279c1313|10.1.0.34:15032, e9344016-ed75-4908-bdbb-2b1208d89c49|10.1.0.34:15014]|listeners:[], old=null
2024-01-11 04:03:20,607 [e9344016-ed75-4908-bdbb-2b1208d89c49@group-FA6D695FADC7-LeaderElection3] INFO  server.RaftServerConfigKeys (ConfUtils.java:logFallback(53)) - raft.server.rpc.first-election.timeout.min = 5s (fallback to raft.server.rpc.timeout.min)
2024-01-11 04:03:20,607 [e9344016-ed75-4908-bdbb-2b1208d89c49@group-FA6D695FADC7-LeaderElection3] INFO  server.RaftServerConfigKeys (ConfUtils.java:logFallback(53)) - raft.server.rpc.first-election.timeout.max = 5200ms (fallback to raft.server.rpc.timeout.max)
2024-01-11 04:03:20,609 [grpc-default-executor-1] INFO  server.RaftServer$Division (RaftServerImpl.java:requestVote(1389)) - 001cd0bd-e806-4758-aa83-7f483601919f@group-FA6D695FADC7: receive requestVote(ELECTION, e9344016-ed75-4908-bdbb-2b1208d89c49, group-FA6D695FADC7, 1, (t:0, i:0))
2024-01-11 04:03:20,611 [grpc-default-executor-1] INFO  impl.VoteContext (VoteContext.java:log(49)) - 001cd0bd-e806-4758-aa83-7f483601919f@group-FA6D695FADC7-FOLLOWER: accept ELECTION from e9344016-ed75-4908-bdbb-2b1208d89c49: our priority 0 <= candidate's priority 1
2024-01-11 04:03:20,611 [grpc-default-executor-2] INFO  server.RaftServer$Division (RaftServerImpl.java:requestVote(1389)) - 160405f6-ad1e-49bf-8de5-8727279c1313@group-FA6D695FADC7: receive requestVote(ELECTION, e9344016-ed75-4908-bdbb-2b1208d89c49, group-FA6D695FADC7, 1, (t:0, i:0))
2024-01-11 04:03:20,611 [grpc-default-executor-2] INFO  impl.VoteContext (VoteContext.java:log(49)) - 160405f6-ad1e-49bf-8de5-8727279c1313@group-FA6D695FADC7-FOLLOWER: accept ELECTION from e9344016-ed75-4908-bdbb-2b1208d89c49: our priority 0 <= candidate's priority 1
2024-01-11 04:03:20,611 [grpc-default-executor-2] INFO  server.RaftServer$Division (RaftServerImpl.java:setRole(383)) - 160405f6-ad1e-49bf-8de5-8727279c1313@group-FA6D695FADC7: changes role from  FOLLOWER to FOLLOWER at term 1 for candidate:e9344016-ed75-4908-bdbb-2b1208d89c49
2024-01-11 04:03:20,611 [grpc-default-executor-1] INFO  server.RaftServer$Division (RaftServerImpl.java:setRole(383)) - 001cd0bd-e806-4758-aa83-7f483601919f@group-FA6D695FADC7: changes role from  FOLLOWER to FOLLOWER at term 1 for candidate:e9344016-ed75-4908-bdbb-2b1208d89c49
2024-01-11 04:03:20,612 [grpc-default-executor-1] INFO  impl.RoleInfo (RoleInfo.java:shutdownFollowerState(110)) - 001cd0bd-e806-4758-aa83-7f483601919f: shutdown 001cd0bd-e806-4758-aa83-7f483601919f@group-FA6D695FADC7-FollowerState
2024-01-11 04:03:20,611 [grpc-default-executor-2] INFO  impl.RoleInfo (RoleInfo.java:shutdownFollowerState(110)) - 160405f6-ad1e-49bf-8de5-8727279c1313: shutdown 160405f6-ad1e-49bf-8de5-8727279c1313@group-FA6D695FADC7-FollowerState
2024-01-11 04:03:20,612 [001cd0bd-e806-4758-aa83-7f483601919f@group-FA6D695FADC7-FollowerState] INFO  impl.FollowerState (FollowerState.java:run(152)) - 001cd0bd-e806-4758-aa83-7f483601919f@group-FA6D695FADC7-FollowerState was interrupted
2024-01-11 04:03:20,612 [160405f6-ad1e-49bf-8de5-8727279c1313@group-FA6D695FADC7-FollowerState] INFO  impl.FollowerState (FollowerState.java:run(152)) - 160405f6-ad1e-49bf-8de5-8727279c1313@group-FA6D695FADC7-FollowerState was interrupted
2024-01-11 04:03:20,612 [grpc-default-executor-2] INFO  impl.RoleInfo (RoleInfo.java:updateAndGet(139)) - 160405f6-ad1e-49bf-8de5-8727279c1313: start 160405f6-ad1e-49bf-8de5-8727279c1313@group-FA6D695FADC7-FollowerState
2024-01-11 04:03:20,612 [grpc-default-executor-1] INFO  impl.RoleInfo (RoleInfo.java:updateAndGet(139)) - 001cd0bd-e806-4758-aa83-7f483601919f: start 001cd0bd-e806-4758-aa83-7f483601919f@group-FA6D695FADC7-FollowerState
2024-01-11 04:03:20,613 [grpc-default-executor-2] INFO  server.RaftServer$Division (RaftServerImpl.java:setFirstElection(574)) - 160405f6-ad1e-49bf-8de5-8727279c1313@group-FA6D695FADC7: set firstElectionSinceStartup to false for candidate:e9344016-ed75-4908-bdbb-2b1208d89c49
2024-01-11 04:03:20,614 [grpc-default-executor-1] INFO  server.RaftServer$Division (RaftServerImpl.java:setFirstElection(574)) - 001cd0bd-e806-4758-aa83-7f483601919f@group-FA6D695FADC7: set firstElectionSinceStartup to false for candidate:e9344016-ed75-4908-bdbb-2b1208d89c49
2024-01-11 04:03:20,614 [grpc-default-executor-2] INFO  server.RaftServer$Division (RaftServerImpl.java:requestVote(1422)) - 160405f6-ad1e-49bf-8de5-8727279c1313@group-FA6D695FADC7 replies to ELECTION vote request: e9344016-ed75-4908-bdbb-2b1208d89c49<-160405f6-ad1e-49bf-8de5-8727279c1313#0:OK-t1. Peer's state: 160405f6-ad1e-49bf-8de5-8727279c1313@group-FA6D695FADC7:t1, leader=null, voted=e9344016-ed75-4908-bdbb-2b1208d89c49, raftlog=Memoized:160405f6-ad1e-49bf-8de5-8727279c1313@group-FA6D695FADC7-SegmentedRaftLog:OPENED:c-1, conf=-1: peers:[001cd0bd-e806-4758-aa83-7f483601919f|10.1.0.34:15023, 160405f6-ad1e-49bf-8de5-8727279c1313|10.1.0.34:15032, e9344016-ed75-4908-bdbb-2b1208d89c49|10.1.0.34:15014]|listeners:[], old=null
2024-01-11 04:03:20,615 [e9344016-ed75-4908-bdbb-2b1208d89c49@group-FA6D695FADC7-LeaderElection3] INFO  impl.LeaderElection (LeaderElection.java:logAndReturn(89)) - e9344016-ed75-4908-bdbb-2b1208d89c49@group-FA6D695FADC7-LeaderElection3: ELECTION PASSED received 1 response(s) and 0 exception(s):
2024-01-11 04:03:20,615 [e9344016-ed75-4908-bdbb-2b1208d89c49@group-FA6D695FADC7-LeaderElection3] INFO  impl.LeaderElection (LeaderElection.java:logAndReturn(93)) -   Response 0: e9344016-ed75-4908-bdbb-2b1208d89c49<-160405f6-ad1e-49bf-8de5-8727279c1313#0:OK-t1
2024-01-11 04:03:20,616 [e9344016-ed75-4908-bdbb-2b1208d89c49@group-FA6D695FADC7-LeaderElection3] INFO  impl.LeaderElection (LeaderElection.java:askForVotes(323)) - e9344016-ed75-4908-bdbb-2b1208d89c49@group-FA6D695FADC7-LeaderElection3 ELECTION round 0: result PASSED
2024-01-11 04:03:20,616 [grpc-default-executor-1] INFO  server.RaftServer$Division (RaftServerImpl.java:requestVote(1422)) - 001cd0bd-e806-4758-aa83-7f483601919f@group-FA6D695FADC7 replies to ELECTION vote request: e9344016-ed75-4908-bdbb-2b1208d89c49<-001cd0bd-e806-4758-aa83-7f483601919f#0:OK-t1. Peer's state: 001cd0bd-e806-4758-aa83-7f483601919f@group-FA6D695FADC7:t1, leader=null, voted=e9344016-ed75-4908-bdbb-2b1208d89c49, raftlog=Memoized:001cd0bd-e806-4758-aa83-7f483601919f@group-FA6D695FADC7-SegmentedRaftLog:OPENED:c-1, conf=-1: peers:[001cd0bd-e806-4758-aa83-7f483601919f|10.1.0.34:15023, 160405f6-ad1e-49bf-8de5-8727279c1313|10.1.0.34:15032, e9344016-ed75-4908-bdbb-2b1208d89c49|10.1.0.34:15014]|listeners:[], old=null
2024-01-11 04:03:20,616 [e9344016-ed75-4908-bdbb-2b1208d89c49@group-FA6D695FADC7-LeaderElection3] INFO  impl.RoleInfo (RoleInfo.java:shutdownLeaderElection(130)) - e9344016-ed75-4908-bdbb-2b1208d89c49: shutdown e9344016-ed75-4908-bdbb-2b1208d89c49@group-FA6D695FADC7-LeaderElection3
2024-01-11 04:03:20,616 [e9344016-ed75-4908-bdbb-2b1208d89c49@group-FA6D695FADC7-LeaderElection3] INFO  server.RaftServer$Division (RaftServerImpl.java:setRole(383)) - e9344016-ed75-4908-bdbb-2b1208d89c49@group-FA6D695FADC7: changes role from CANDIDATE to LEADER at term 1 for changeToLeader
2024-01-11 04:03:20,616 [e9344016-ed75-4908-bdbb-2b1208d89c49@group-FA6D695FADC7-LeaderElection3] INFO  server.RaftServerConfigKeys (ConfUtils.java:logGet(46)) - raft.server.staging.catchup.gap = 1000 (default)
2024-01-11 04:03:20,617 [e9344016-ed75-4908-bdbb-2b1208d89c49@group-FA6D695FADC7-LeaderElection3] INFO  server.RaftServerConfigKeys (ConfUtils.java:logGet(46)) - raft.server.write.element-limit = 1024 (custom)
2024-01-11 04:03:20,617 [e9344016-ed75-4908-bdbb-2b1208d89c49@group-FA6D695FADC7-LeaderElection3] INFO  server.RaftServerConfigKeys (ConfUtils.java:logGet(46)) - raft.server.write.byte-limit = 1024 M (=1073741824) (custom)
2024-01-11 04:03:20,617 [e9344016-ed75-4908-bdbb-2b1208d89c49@group-FA6D695FADC7-LeaderElection3] INFO  server.RaftServerConfigKeys (ConfUtils.java:logGet(46)) - raft.server.watch.timeout = 180s (custom)
2024-01-11 04:03:20,617 [e9344016-ed75-4908-bdbb-2b1208d89c49@group-FA6D695FADC7-LeaderElection3] INFO  server.RaftServerConfigKeys (ConfUtils.java:logGet(46)) - raft.server.watch.timeout.denomination = 1s (default)
2024-01-11 04:03:20,617 [e9344016-ed75-4908-bdbb-2b1208d89c49@group-FA6D695FADC7-LeaderElection3] INFO  server.RaftServerConfigKeys (ConfUtils.java:logGet(46)) - raft.server.watch.element-limit = 65536 (default)
2024-01-11 04:03:20,617 [e9344016-ed75-4908-bdbb-2b1208d89c49@group-FA6D695FADC7-LeaderElection3] INFO  server.RaftServerConfigKeys (ConfUtils.java:logGet(46)) - raft.server.read.leader.lease.enabled = false (default)
2024-01-11 04:03:20,617 [e9344016-ed75-4908-bdbb-2b1208d89c49@group-FA6D695FADC7-LeaderElection3] INFO  server.RaftServerConfigKeys (ConfUtils.java:logGet(46)) - raft.server.read.leader.lease.timeout.ratio = 0.9 (default)
2024-01-11 04:03:20,618 [e9344016-ed75-4908-bdbb-2b1208d89c49@group-FA6D695FADC7-LeaderElection3] INFO  server.RaftServerConfigKeys (ConfUtils.java:logGet(46)) - raft.server.rpc.timeout.min = 5s (custom)
2024-01-11 04:03:20,618 [e9344016-ed75-4908-bdbb-2b1208d89c49@group-FA6D695FADC7-LeaderElection3] INFO  server.RaftServerConfigKeys (ConfUtils.java:logGet(46)) - raft.server.write.element-limit = 1024 (custom)
2024-01-11 04:03:20,618 [e9344016-ed75-4908-bdbb-2b1208d89c49@group-FA6D695FADC7-LeaderElection3] INFO  server.RaftServerConfigKeys (ConfUtils.java:logGet(46)) - raft.server.write.follower.gap.ratio.max = -1.0 (default)
2024-01-11 04:03:20,625 [e9344016-ed75-4908-bdbb-2b1208d89c49@group-FA6D695FADC7-LeaderElection3] INFO  server.RaftServerConfigKeys (ConfUtils.java:logGet(46)) - raft.server.log.appender.snapshot.chunk.size.max = 16MB (=16777216) (default)
2024-01-11 04:03:20,625 [e9344016-ed75-4908-bdbb-2b1208d89c49@group-FA6D695FADC7-LeaderElection3] INFO  server.RaftServerConfigKeys (ConfUtils.java:logGet(46)) - raft.server.log.appender.buffer.byte-limit = 8388608 (custom)
2024-01-11 04:03:20,626 [e9344016-ed75-4908-bdbb-2b1208d89c49@group-FA6D695FADC7-LeaderElection3] INFO  server.RaftServerConfigKeys (ConfUtils.java:logGet(46)) - raft.server.log.appender.buffer.element-limit = 1 (custom)
2024-01-11 04:03:20,627 [e9344016-ed75-4908-bdbb-2b1208d89c49@group-FA6D695FADC7-LeaderElection3] INFO  server.RaftServerConfigKeys (ConfUtils.java:logGet(46)) - raft.server.log.appender.wait-time.min = 0μs (custom)
2024-01-11 04:03:20,628 [e9344016-ed75-4908-bdbb-2b1208d89c49@group-FA6D695FADC7-LeaderElection3] INFO  grpc.GrpcConfigKeys (ConfUtils.java:logGet(46)) - raft.grpc.server.leader.outstanding.appends.max = 8 (default)
2024-01-11 04:03:20,628 [e9344016-ed75-4908-bdbb-2b1208d89c49@group-FA6D695FADC7-LeaderElection3] INFO  server.RaftServerConfigKeys (ConfUtils.java:logGet(46)) - raft.server.rpc.request.timeout = 60s (custom)
2024-01-11 04:03:20,628 [e9344016-ed75-4908-bdbb-2b1208d89c49@group-FA6D695FADC7-LeaderElection3] INFO  grpc.GrpcConfigKeys (ConfUtils.java:logGet(46)) - raft.grpc.server.install_snapshot.request.element-limit = 8 (default)
2024-01-11 04:03:20,629 [e9344016-ed75-4908-bdbb-2b1208d89c49@group-FA6D695FADC7-LeaderElection3] INFO  grpc.GrpcConfigKeys (ConfUtils.java:logGet(46)) - raft.grpc.server.install_snapshot.request.timeout = 3000ms (default)
2024-01-11 04:03:20,629 [e9344016-ed75-4908-bdbb-2b1208d89c49@group-FA6D695FADC7-LeaderElection3] INFO  grpc.GrpcConfigKeys (ConfUtils.java:logGet(46)) - raft.grpc.server.log-message.batch.duration = 5s (default)
2024-01-11 04:03:20,629 [e9344016-ed75-4908-bdbb-2b1208d89c49@group-FA6D695FADC7-LeaderElection3] INFO  server.RaftServerConfigKeys (ConfUtils.java:logGet(46)) - raft.server.log.appender.install.snapshot.enabled = false (custom)
2024-01-11 04:03:20,629 [e9344016-ed75-4908-bdbb-2b1208d89c49@group-FA6D695FADC7-LeaderElection3] INFO  grpc.GrpcConfigKeys (ConfUtils.java:logGet(46)) - raft.grpc.server.heartbeat.channel = true (default)
2024-01-11 04:03:20,631 [e9344016-ed75-4908-bdbb-2b1208d89c49@group-FA6D695FADC7-LeaderElection3] INFO  server.RaftServerConfigKeys (ConfUtils.java:logGet(46)) - raft.server.log.appender.snapshot.chunk.size.max = 16MB (=16777216) (default)
2024-01-11 04:03:20,632 [e9344016-ed75-4908-bdbb-2b1208d89c49@group-FA6D695FADC7-LeaderElection3] INFO  server.RaftServerConfigKeys (ConfUtils.java:logGet(46)) - raft.server.log.appender.buffer.byte-limit = 8388608 (custom)
2024-01-11 04:03:20,632 [e9344016-ed75-4908-bdbb-2b1208d89c49@group-FA6D695FADC7-LeaderElection3] INFO  server.RaftServerConfigKeys (ConfUtils.java:logGet(46)) - raft.server.log.appender.buffer.element-limit = 1 (custom)
2024-01-11 04:03:20,632 [e9344016-ed75-4908-bdbb-2b1208d89c49@group-FA6D695FADC7-LeaderElection3] INFO  server.RaftServerConfigKeys (ConfUtils.java:logGet(46)) - raft.server.log.appender.wait-time.min = 0μs (custom)
2024-01-11 04:03:20,632 [e9344016-ed75-4908-bdbb-2b1208d89c49@group-FA6D695FADC7-LeaderElection3] INFO  grpc.GrpcConfigKeys (ConfUtils.java:logGet(46)) - raft.grpc.server.leader.outstanding.appends.max = 8 (default)
2024-01-11 04:03:20,632 [e9344016-ed75-4908-bdbb-2b1208d89c49@group-FA6D695FADC7-LeaderElection3] INFO  server.RaftServerConfigKeys (ConfUtils.java:logGet(46)) - raft.server.rpc.request.timeout = 60s (custom)
2024-01-11 04:03:20,632 [e9344016-ed75-4908-bdbb-2b1208d89c49@group-FA6D695FADC7-LeaderElection3] INFO  grpc.GrpcConfigKeys (ConfUtils.java:logGet(46)) - raft.grpc.server.install_snapshot.request.element-limit = 8 (default)
2024-01-11 04:03:20,632 [e9344016-ed75-4908-bdbb-2b1208d89c49@group-FA6D695FADC7-LeaderElection3] INFO  grpc.GrpcConfigKeys (ConfUtils.java:logGet(46)) - raft.grpc.server.install_snapshot.request.timeout = 3000ms (default)
2024-01-11 04:03:20,633 [e9344016-ed75-4908-bdbb-2b1208d89c49@group-FA6D695FADC7-LeaderElection3] INFO  grpc.GrpcConfigKeys (ConfUtils.java:logGet(46)) - raft.grpc.server.log-message.batch.duration = 5s (default)
2024-01-11 04:03:20,633 [e9344016-ed75-4908-bdbb-2b1208d89c49@group-FA6D695FADC7-LeaderElection3] INFO  server.RaftServerConfigKeys (ConfUtils.java:logGet(46)) - raft.server.log.appender.install.snapshot.enabled = false (custom)
2024-01-11 04:03:20,633 [e9344016-ed75-4908-bdbb-2b1208d89c49@group-FA6D695FADC7-LeaderElection3] INFO  grpc.GrpcConfigKeys (ConfUtils.java:logGet(46)) - raft.grpc.server.heartbeat.channel = true (default)
2024-01-11 04:03:20,634 [e9344016-ed75-4908-bdbb-2b1208d89c49@group-FA6D695FADC7-LeaderElection3] INFO  impl.RoleInfo (RoleInfo.java:updateAndGet(139)) - e9344016-ed75-4908-bdbb-2b1208d89c49: start e9344016-ed75-4908-bdbb-2b1208d89c49@group-FA6D695FADC7-LeaderStateImpl
2024-01-11 04:03:20,634 [e9344016-ed75-4908-bdbb-2b1208d89c49@group-FA6D695FADC7-LeaderElection3] INFO  server.RaftServer$Division (RaftServerImpl.java:setFirstElection(574)) - e9344016-ed75-4908-bdbb-2b1208d89c49@group-FA6D695FADC7: set firstElectionSinceStartup to false for becomeLeader
2024-01-11 04:03:20,634 [e9344016-ed75-4908-bdbb-2b1208d89c49@group-FA6D695FADC7-LeaderElection3] INFO  ratis.XceiverServerRatis (XceiverServerRatis.java:handleLeaderChangedNotification(945)) - Leader change notification received for group: group-FA6D695FADC7 with new leaderId: e9344016-ed75-4908-bdbb-2b1208d89c49
2024-01-11 04:03:20,634 [e9344016-ed75-4908-bdbb-2b1208d89c49@group-FA6D695FADC7-LeaderElection3] INFO  server.RaftServer$Division (ServerState.java:setLeader(269)) - e9344016-ed75-4908-bdbb-2b1208d89c49@group-FA6D695FADC7: change Leader from null to e9344016-ed75-4908-bdbb-2b1208d89c49 at term 1 for becomeLeader, leader elected after 5263ms
2024-01-11 04:03:20,635 [e9344016-ed75-4908-bdbb-2b1208d89c49@group-FA6D695FADC7-LeaderElection3] INFO  segmented.SegmentedRaftLogWorker (SegmentedRaftLogWorker.java:startLogSegment(430)) - e9344016-ed75-4908-bdbb-2b1208d89c49@group-FA6D695FADC7-SegmentedRaftLogWorker: Starting segment from index:0
2024-01-11 04:03:20,635 [e9344016-ed75-4908-bdbb-2b1208d89c49@group-FA6D695FADC7-SegmentedRaftLogWorker] INFO  segmented.BufferedWriteChannel (BufferedWriteChannel.java:open(62)) - open log_inprogress_0 at position 0
2024-01-11 04:03:20,636 [e9344016-ed75-4908-bdbb-2b1208d89c49@group-FA6D695FADC7-LeaderElection3] INFO  server.RaftServer$Division (ServerState.java:setRaftConf(386)) - e9344016-ed75-4908-bdbb-2b1208d89c49@group-FA6D695FADC7: set configuration 0: peers:[001cd0bd-e806-4758-aa83-7f483601919f|10.1.0.34:15023, 160405f6-ad1e-49bf-8de5-8727279c1313|10.1.0.34:15032, e9344016-ed75-4908-bdbb-2b1208d89c49|10.1.0.34:15014]|listeners:[], old=null
2024-01-11 04:03:20,638 [EventQueue-PipelineReportForPipelineReportHandler] INFO  pipeline.PipelineReportHandler (PipelineReportHandler.java:processPipelineReport(136)) - Opened pipeline PipelineID=d568570a-3654-403e-bf0c-fa6d695fadc7
2024-01-11 04:03:20,638 [EventQueue-OpenPipelineForHealthyPipelineSafeModeRule] INFO  safemode.SCMSafeModeManager (HealthyPipelineSafeModeRule.java:process(140)) - SCM in safe mode. Healthy pipelines reported count is 1, required healthy pipeline reported count is 1
2024-01-11 04:03:20,639 [EventQueue-OpenPipelineForHealthyPipelineSafeModeRule] INFO  safemode.SCMSafeModeManager (SCMSafeModeManager.java:validateSafeModeExitRules(200)) - HealthyPipelineSafeModeRule rule is successfully validated
2024-01-11 04:03:20,639 [EventQueue-OpenPipelineForHealthyPipelineSafeModeRule] INFO  safemode.SCMSafeModeManager (SCMSafeModeManager.java:validateSafeModeExitRules(215)) - ScmSafeModeManager, all rules are successfully validated
2024-01-11 04:03:20,639 [EventQueue-OpenPipelineForHealthyPipelineSafeModeRule] INFO  safemode.SCMSafeModeManager (SCMSafeModeManager.java:exitSafeMode(244)) - SCM exiting safe mode.
2024-01-11 04:03:20,639 [EventQueue-OpenPipelineForHealthyPipelineSafeModeRule] INFO  ha.SCMContext (SCMContext.java:updateSafeModeStatus(230)) - Update SafeModeStatus from SafeModeStatus{safeModeStatus=true, preCheckPassed=true} to SafeModeStatus{safeModeStatus=false, preCheckPassed=true}.
2024-01-11 04:03:20,639 [EventQueue-OpenPipelineForHealthyPipelineSafeModeRule] INFO  pipeline.BackgroundPipelineCreator (BackgroundPipelineCreator.java:notifyStatusChanged(258)) - Service BackgroundPipelineCreator transitions to RUNNING.
2024-01-11 04:03:20,639 [EventQueue-OpenPipelineForHealthyPipelineSafeModeRule] INFO  BackgroundPipelineScrubber (BackgroundSCMService.java:notifyStatusChanged(82)) - Service BackgroundPipelineScrubber transitions to RUNNING.
2024-01-11 04:03:20,639 [EventQueue-OpenPipelineForHealthyPipelineSafeModeRule] INFO  ExpiredContainerReplicaOpScrubber (BackgroundSCMService.java:notifyStatusChanged(82)) - Service ExpiredContainerReplicaOpScrubber transitions to RUNNING.
2024-01-11 04:03:20,639 [EventQueue-OpenPipelineForHealthyPipelineSafeModeRule] INFO  block.SCMBlockDeletingService (SCMBlockDeletingService.java:notifyStatusChanged(247)) - notifyStatusChanged:RUNNING
2024-01-11 04:03:20,639 [EventQueue-OpenPipelineForHealthyPipelineSafeModeRule] INFO  replication.ReplicationManager (ReplicationManager.java:notifyStatusChanged(1401)) - Service ReplicationManager transitions to RUNNING.
2024-01-11 04:03:20,644 [EventQueue-OpenPipelineForHealthyPipelineSafeModeRule] WARN  balancer.ContainerBalancer (ContainerBalancer.java:shouldRun(134)) - Could not find persisted configuration for ContainerBalancer when checking if ContainerBalancer should run. ContainerBalancer should not run now.
2024-01-11 04:03:20,645 [e9344016-ed75-4908-bdbb-2b1208d89c49@group-FA6D695FADC7-SegmentedRaftLogWorker] INFO  segmented.SegmentedRaftLogWorker (SegmentedRaftLogWorker.java:execute(634)) - e9344016-ed75-4908-bdbb-2b1208d89c49@group-FA6D695FADC7-SegmentedRaftLogWorker: created new log segment /home/runner/work/ozone/ozone/hadoop-ozone/integration-test/target/test-dir/MiniOzoneClusterImpl-bfa76206-2968-4191-bda1-2218be479879/datanode-0/data/ratis/d568570a-3654-403e-bf0c-fa6d695fadc7/current/log_inprogress_0
2024-01-11 04:03:20,650 [001cd0bd-e806-4758-aa83-7f483601919f@group-DFEA3DC23DBB-FollowerState] INFO  impl.FollowerState (FollowerState.java:run(143)) - 001cd0bd-e806-4758-aa83-7f483601919f@group-DFEA3DC23DBB-FollowerState: change to CANDIDATE, lastRpcElapsedTime:5169401751ns, electionTimeout:5168ms
2024-01-11 04:03:20,650 [001cd0bd-e806-4758-aa83-7f483601919f@group-DFEA3DC23DBB-FollowerState] INFO  impl.RoleInfo (RoleInfo.java:shutdownFollowerState(110)) - 001cd0bd-e806-4758-aa83-7f483601919f: shutdown 001cd0bd-e806-4758-aa83-7f483601919f@group-DFEA3DC23DBB-FollowerState
2024-01-11 04:03:20,650 [001cd0bd-e806-4758-aa83-7f483601919f@group-DFEA3DC23DBB-FollowerState] INFO  server.RaftServer$Division (RaftServerImpl.java:setRole(383)) - 001cd0bd-e806-4758-aa83-7f483601919f@group-DFEA3DC23DBB: changes role from  FOLLOWER to CANDIDATE at term 0 for changeToCandidate
2024-01-11 04:03:20,651 [001cd0bd-e806-4758-aa83-7f483601919f@group-DFEA3DC23DBB-FollowerState] INFO  server.RaftServerConfigKeys (ConfUtils.java:logGet(46)) - raft.server.leaderelection.pre-vote = true (default)
2024-01-11 04:03:20,651 [001cd0bd-e806-4758-aa83-7f483601919f@group-DFEA3DC23DBB-FollowerState] INFO  impl.RoleInfo (RoleInfo.java:updateAndGet(139)) - 001cd0bd-e806-4758-aa83-7f483601919f: start 001cd0bd-e806-4758-aa83-7f483601919f@group-DFEA3DC23DBB-LeaderElection4
2024-01-11 04:03:20,652 [001cd0bd-e806-4758-aa83-7f483601919f@group-DFEA3DC23DBB-LeaderElection4] INFO  impl.LeaderElection (LeaderElection.java:askForVotes(321)) - 001cd0bd-e806-4758-aa83-7f483601919f@group-DFEA3DC23DBB-LeaderElection4 PRE_VOTE round 0: submit vote requests at term 0 for -1: peers:[001cd0bd-e806-4758-aa83-7f483601919f|10.1.0.34:15023]|listeners:[], old=null
2024-01-11 04:03:20,652 [001cd0bd-e806-4758-aa83-7f483601919f@group-DFEA3DC23DBB-LeaderElection4] INFO  impl.LeaderElection (LeaderElection.java:askForVotes(323)) - 001cd0bd-e806-4758-aa83-7f483601919f@group-DFEA3DC23DBB-LeaderElection4 PRE_VOTE round 0: result PASSED (term=0)
2024-01-11 04:03:20,654 [001cd0bd-e806-4758-aa83-7f483601919f@group-DFEA3DC23DBB-LeaderElection4] INFO  impl.LeaderElection (LeaderElection.java:askForVotes(321)) - 001cd0bd-e806-4758-aa83-7f483601919f@group-DFEA3DC23DBB-LeaderElection4 ELECTION round 0: submit vote requests at term 1 for -1: peers:[001cd0bd-e806-4758-aa83-7f483601919f|10.1.0.34:15023]|listeners:[], old=null
2024-01-11 04:03:20,656 [001cd0bd-e806-4758-aa83-7f483601919f@group-DFEA3DC23DBB-LeaderElection4] INFO  impl.LeaderElection (LeaderElection.java:askForVotes(323)) - 001cd0bd-e806-4758-aa83-7f483601919f@group-DFEA3DC23DBB-LeaderElection4 ELECTION round 0: result PASSED (term=1)
2024-01-11 04:03:20,656 [001cd0bd-e806-4758-aa83-7f483601919f@group-DFEA3DC23DBB-LeaderElection4] INFO  impl.RoleInfo (RoleInfo.java:shutdownLeaderElection(130)) - 001cd0bd-e806-4758-aa83-7f483601919f: shutdown 001cd0bd-e806-4758-aa83-7f483601919f@group-DFEA3DC23DBB-LeaderElection4
2024-01-11 04:03:20,656 [001cd0bd-e806-4758-aa83-7f483601919f@group-DFEA3DC23DBB-LeaderElection4] INFO  server.RaftServer$Division (RaftServerImpl.java:setRole(383)) - 001cd0bd-e806-4758-aa83-7f483601919f@group-DFEA3DC23DBB: changes role from CANDIDATE to LEADER at term 1 for changeToLeader
2024-01-11 04:03:20,656 [001cd0bd-e806-4758-aa83-7f483601919f@group-DFEA3DC23DBB-LeaderElection4] INFO  server.RaftServerConfigKeys (ConfUtils.java:logGet(46)) - raft.server.staging.catchup.gap = 1000 (default)
2024-01-11 04:03:20,657 [001cd0bd-e806-4758-aa83-7f483601919f@group-DFEA3DC23DBB-LeaderElection4] INFO  server.RaftServerConfigKeys (ConfUtils.java:logGet(46)) - raft.server.write.element-limit = 1024 (custom)
2024-01-11 04:03:20,657 [001cd0bd-e806-4758-aa83-7f483601919f@group-DFEA3DC23DBB-LeaderElection4] INFO  server.RaftServerConfigKeys (ConfUtils.java:logGet(46)) - raft.server.write.byte-limit = 1024 M (=1073741824) (custom)
2024-01-11 04:03:20,657 [001cd0bd-e806-4758-aa83-7f483601919f@group-DFEA3DC23DBB-LeaderElection4] INFO  server.RaftServerConfigKeys (ConfUtils.java:logGet(46)) - raft.server.watch.timeout = 180s (custom)
2024-01-11 04:03:20,657 [001cd0bd-e806-4758-aa83-7f483601919f@group-DFEA3DC23DBB-LeaderElection4] INFO  server.RaftServerConfigKeys (ConfUtils.java:logGet(46)) - raft.server.watch.timeout.denomination = 1s (default)
2024-01-11 04:03:20,657 [001cd0bd-e806-4758-aa83-7f483601919f@group-DFEA3DC23DBB-LeaderElection4] INFO  server.RaftServerConfigKeys (ConfUtils.java:logGet(46)) - raft.server.watch.element-limit = 65536 (default)
2024-01-11 04:03:20,658 [001cd0bd-e806-4758-aa83-7f483601919f@group-DFEA3DC23DBB-LeaderElection4] INFO  server.RaftServerConfigKeys (ConfUtils.java:logGet(46)) - raft.server.read.leader.lease.enabled = false (default)
2024-01-11 04:03:20,658 [001cd0bd-e806-4758-aa83-7f483601919f@group-DFEA3DC23DBB-LeaderElection4] INFO  server.RaftServerConfigKeys (ConfUtils.java:logGet(46)) - raft.server.read.leader.lease.timeout.ratio = 0.9 (default)
2024-01-11 04:03:20,658 [001cd0bd-e806-4758-aa83-7f483601919f@group-DFEA3DC23DBB-LeaderElection4] INFO  server.RaftServerConfigKeys (ConfUtils.java:logGet(46)) - raft.server.rpc.timeout.min = 5s (custom)
2024-01-11 04:03:20,658 [001cd0bd-e806-4758-aa83-7f483601919f@group-DFEA3DC23DBB-LeaderElection4] INFO  server.RaftServerConfigKeys (ConfUtils.java:logGet(46)) - raft.server.write.element-limit = 1024 (custom)
2024-01-11 04:03:20,658 [001cd0bd-e806-4758-aa83-7f483601919f@group-DFEA3DC23DBB-LeaderElection4] INFO  server.RaftServerConfigKeys (ConfUtils.java:logGet(46)) - raft.server.write.follower.gap.ratio.max = -1.0 (default)
2024-01-11 04:03:20,658 [001cd0bd-e806-4758-aa83-7f483601919f@group-DFEA3DC23DBB-LeaderElection4] INFO  impl.RoleInfo (RoleInfo.java:updateAndGet(139)) - 001cd0bd-e806-4758-aa83-7f483601919f: start 001cd0bd-e806-4758-aa83-7f483601919f@group-DFEA3DC23DBB-LeaderStateImpl
2024-01-11 04:03:20,658 [001cd0bd-e806-4758-aa83-7f483601919f@group-DFEA3DC23DBB-LeaderElection4] INFO  server.RaftServer$Division (RaftServerImpl.java:setFirstElection(574)) - 001cd0bd-e806-4758-aa83-7f483601919f@group-DFEA3DC23DBB: set firstElectionSinceStartup to false for becomeLeader
2024-01-11 04:03:20,658 [001cd0bd-e806-4758-aa83-7f483601919f@group-DFEA3DC23DBB-LeaderElection4] INFO  ratis.XceiverServerRatis (XceiverServerRatis.java:handleLeaderChangedNotification(945)) - Leader change notification received for group: group-DFEA3DC23DBB with new leaderId: 001cd0bd-e806-4758-aa83-7f483601919f
2024-01-11 04:03:20,661 [001cd0bd-e806-4758-aa83-7f483601919f@group-DFEA3DC23DBB-LeaderElection4] INFO  server.RaftServer$Division (ServerState.java:setLeader(269)) - 001cd0bd-e806-4758-aa83-7f483601919f@group-DFEA3DC23DBB: change Leader from null to 001cd0bd-e806-4758-aa83-7f483601919f at term 1 for becomeLeader, leader elected after 5208ms
2024-01-11 04:03:20,661 [001cd0bd-e806-4758-aa83-7f483601919f@group-DFEA3DC23DBB-LeaderElection4] INFO  segmented.SegmentedRaftLogWorker (SegmentedRaftLogWorker.java:startLogSegment(430)) - 001cd0bd-e806-4758-aa83-7f483601919f@group-DFEA3DC23DBB-SegmentedRaftLogWorker: Starting segment from index:0
2024-01-11 04:03:20,665 [001cd0bd-e806-4758-aa83-7f483601919f@group-DFEA3DC23DBB-LeaderElection4] INFO  server.RaftServer$Division (ServerState.java:setRaftConf(386)) - 001cd0bd-e806-4758-aa83-7f483601919f@group-DFEA3DC23DBB: set configuration 0: peers:[001cd0bd-e806-4758-aa83-7f483601919f|10.1.0.34:15023]|listeners:[], old=null
2024-01-11 04:03:20,665 [001cd0bd-e806-4758-aa83-7f483601919f@group-DFEA3DC23DBB-SegmentedRaftLogWorker] INFO  segmented.BufferedWriteChannel (BufferedWriteChannel.java:open(62)) - open log_inprogress_0 at position 0
2024-01-11 04:03:20,670 [160405f6-ad1e-49bf-8de5-8727279c1313-server-thread1] INFO  ratis.XceiverServerRatis (XceiverServerRatis.java:handleLeaderChangedNotification(945)) - Leader change notification received for group: group-FA6D695FADC7 with new leaderId: e9344016-ed75-4908-bdbb-2b1208d89c49
2024-01-11 04:03:20,673 [001cd0bd-e806-4758-aa83-7f483601919f@group-DFEA3DC23DBB-SegmentedRaftLogWorker] INFO  segmented.SegmentedRaftLogWorker (SegmentedRaftLogWorker.java:execute(634)) - 001cd0bd-e806-4758-aa83-7f483601919f@group-DFEA3DC23DBB-SegmentedRaftLogWorker: created new log segment /home/runner/work/ozone/ozone/hadoop-ozone/integration-test/target/test-dir/MiniOzoneClusterImpl-bfa76206-2968-4191-bda1-2218be479879/datanode-1/data/ratis/00d277f6-ee7c-40c8-850a-dfea3dc23dbb/current/log_inprogress_0
2024-01-11 04:03:20,673 [001cd0bd-e806-4758-aa83-7f483601919f-server-thread1] INFO  ratis.XceiverServerRatis (XceiverServerRatis.java:handleLeaderChangedNotification(945)) - Leader change notification received for group: group-FA6D695FADC7 with new leaderId: e9344016-ed75-4908-bdbb-2b1208d89c49
2024-01-11 04:03:20,675 [001cd0bd-e806-4758-aa83-7f483601919f-server-thread1] INFO  server.RaftServer$Division (ServerState.java:setLeader(269)) - 001cd0bd-e806-4758-aa83-7f483601919f@group-FA6D695FADC7: change Leader from null to e9344016-ed75-4908-bdbb-2b1208d89c49 at term 1 for appendEntries, leader elected after 5177ms
2024-01-11 04:03:20,675 [160405f6-ad1e-49bf-8de5-8727279c1313-server-thread1] INFO  server.RaftServer$Division (ServerState.java:setLeader(269)) - 160405f6-ad1e-49bf-8de5-8727279c1313@group-FA6D695FADC7: change Leader from null to e9344016-ed75-4908-bdbb-2b1208d89c49 at term 1 for appendEntries, leader elected after 5064ms
2024-01-11 04:03:20,677 [001cd0bd-e806-4758-aa83-7f483601919f-server-thread2] INFO  server.RaftServer$Division (ServerState.java:setRaftConf(386)) - 001cd0bd-e806-4758-aa83-7f483601919f@group-FA6D695FADC7: set configuration 0: peers:[001cd0bd-e806-4758-aa83-7f483601919f|10.1.0.34:15023, 160405f6-ad1e-49bf-8de5-8727279c1313|10.1.0.34:15032, e9344016-ed75-4908-bdbb-2b1208d89c49|10.1.0.34:15014]|listeners:[], old=null
2024-01-11 04:03:20,678 [001cd0bd-e806-4758-aa83-7f483601919f-server-thread2] INFO  segmented.SegmentedRaftLogWorker (SegmentedRaftLogWorker.java:startLogSegment(430)) - 001cd0bd-e806-4758-aa83-7f483601919f@group-FA6D695FADC7-SegmentedRaftLogWorker: Starting segment from index:0
2024-01-11 04:03:20,679 [001cd0bd-e806-4758-aa83-7f483601919f@group-FA6D695FADC7-SegmentedRaftLogWorker] INFO  segmented.BufferedWriteChannel (BufferedWriteChannel.java:open(62)) - open log_inprogress_0 at position 0
2024-01-11 04:03:20,686 [160405f6-ad1e-49bf-8de5-8727279c1313-server-thread1] INFO  server.RaftServer$Division (ServerState.java:setRaftConf(386)) - 160405f6-ad1e-49bf-8de5-8727279c1313@group-FA6D695FADC7: set configuration 0: peers:[001cd0bd-e806-4758-aa83-7f483601919f|10.1.0.34:15023, 160405f6-ad1e-49bf-8de5-8727279c1313|10.1.0.34:15032, e9344016-ed75-4908-bdbb-2b1208d89c49|10.1.0.34:15014]|listeners:[], old=null
2024-01-11 04:03:20,686 [160405f6-ad1e-49bf-8de5-8727279c1313-server-thread1] INFO  segmented.SegmentedRaftLogWorker (SegmentedRaftLogWorker.java:startLogSegment(430)) - 160405f6-ad1e-49bf-8de5-8727279c1313@group-FA6D695FADC7-SegmentedRaftLogWorker: Starting segment from index:0
2024-01-11 04:03:20,687 [160405f6-ad1e-49bf-8de5-8727279c1313@group-FA6D695FADC7-SegmentedRaftLogWorker] INFO  segmented.BufferedWriteChannel (BufferedWriteChannel.java:open(62)) - open log_inprogress_0 at position 0
2024-01-11 04:03:20,688 [001cd0bd-e806-4758-aa83-7f483601919f@group-FA6D695FADC7-SegmentedRaftLogWorker] INFO  segmented.SegmentedRaftLogWorker (SegmentedRaftLogWorker.java:execute(634)) - 001cd0bd-e806-4758-aa83-7f483601919f@group-FA6D695FADC7-SegmentedRaftLogWorker: created new log segment /home/runner/work/ozone/ozone/hadoop-ozone/integration-test/target/test-dir/MiniOzoneClusterImpl-bfa76206-2968-4191-bda1-2218be479879/datanode-1/data/ratis/d568570a-3654-403e-bf0c-fa6d695fadc7/current/log_inprogress_0
2024-01-11 04:03:20,693 [001cd0bd-e806-4758-aa83-7f483601919f@group-DFEA3DC23DBB-StateMachineUpdater] INFO  server.RaftServer$Division (LeaderStateImpl.java:isApplied(320)) - leader is ready since appliedIndex == 0 >= startIndex == 0
2024-01-11 04:03:20,694 [160405f6-ad1e-49bf-8de5-8727279c1313@group-FA6D695FADC7-SegmentedRaftLogWorker] INFO  segmented.SegmentedRaftLogWorker (SegmentedRaftLogWorker.java:execute(634)) - 160405f6-ad1e-49bf-8de5-8727279c1313@group-FA6D695FADC7-SegmentedRaftLogWorker: created new log segment /home/runner/work/ozone/ozone/hadoop-ozone/integration-test/target/test-dir/MiniOzoneClusterImpl-bfa76206-2968-4191-bda1-2218be479879/datanode-2/data/ratis/d568570a-3654-403e-bf0c-fa6d695fadc7/current/log_inprogress_0
2024-01-11 04:03:20,704 [e9344016-ed75-4908-bdbb-2b1208d89c49@group-FA6D695FADC7-StateMachineUpdater] INFO  server.RaftServer$Division (LeaderStateImpl.java:isApplied(320)) - leader is ready since appliedIndex == 0 >= startIndex == 0
2024-01-11 04:03:20,786 [160405f6-ad1e-49bf-8de5-8727279c1313@group-C40260B1E312-FollowerState] INFO  impl.FollowerState (FollowerState.java:run(143)) - 160405f6-ad1e-49bf-8de5-8727279c1313@group-C40260B1E312-FollowerState: change to CANDIDATE, lastRpcElapsedTime:5184921529ns, electionTimeout:5183ms
2024-01-11 04:03:20,786 [160405f6-ad1e-49bf-8de5-8727279c1313@group-C40260B1E312-FollowerState] INFO  impl.RoleInfo (RoleInfo.java:shutdownFollowerState(110)) - 160405f6-ad1e-49bf-8de5-8727279c1313: shutdown 160405f6-ad1e-49bf-8de5-8727279c1313@group-C40260B1E312-FollowerState
2024-01-11 04:03:20,786 [160405f6-ad1e-49bf-8de5-8727279c1313@group-C40260B1E312-FollowerState] INFO  server.RaftServer$Division (RaftServerImpl.java:setRole(383)) - 160405f6-ad1e-49bf-8de5-8727279c1313@group-C40260B1E312: changes role from  FOLLOWER to CANDIDATE at term 0 for changeToCandidate
2024-01-11 04:03:20,787 [160405f6-ad1e-49bf-8de5-8727279c1313@group-C40260B1E312-FollowerState] INFO  server.RaftServerConfigKeys (ConfUtils.java:logGet(46)) - raft.server.leaderelection.pre-vote = true (default)
2024-01-11 04:03:20,787 [160405f6-ad1e-49bf-8de5-8727279c1313@group-C40260B1E312-FollowerState] INFO  impl.RoleInfo (RoleInfo.java:updateAndGet(139)) - 160405f6-ad1e-49bf-8de5-8727279c1313: start 160405f6-ad1e-49bf-8de5-8727279c1313@group-C40260B1E312-LeaderElection5
2024-01-11 04:03:20,788 [160405f6-ad1e-49bf-8de5-8727279c1313@group-C40260B1E312-LeaderElection5] INFO  impl.LeaderElection (LeaderElection.java:askForVotes(321)) - 160405f6-ad1e-49bf-8de5-8727279c1313@group-C40260B1E312-LeaderElection5 PRE_VOTE round 0: submit vote requests at term 0 for -1: peers:[160405f6-ad1e-49bf-8de5-8727279c1313|10.1.0.34:15032]|listeners:[], old=null
2024-01-11 04:03:20,788 [160405f6-ad1e-49bf-8de5-8727279c1313@group-C40260B1E312-LeaderElection5] INFO  impl.LeaderElection (LeaderElection.java:askForVotes(323)) - 160405f6-ad1e-49bf-8de5-8727279c1313@group-C40260B1E312-LeaderElection5 PRE_VOTE round 0: result PASSED (term=0)
2024-01-11 04:03:20,789 [160405f6-ad1e-49bf-8de5-8727279c1313@group-C40260B1E312-LeaderElection5] INFO  impl.LeaderElection (LeaderElection.java:askForVotes(321)) - 160405f6-ad1e-49bf-8de5-8727279c1313@group-C40260B1E312-LeaderElection5 ELECTION round 0: submit vote requests at term 1 for -1: peers:[160405f6-ad1e-49bf-8de5-8727279c1313|10.1.0.34:15032]|listeners:[], old=null
2024-01-11 04:03:20,789 [160405f6-ad1e-49bf-8de5-8727279c1313@group-C40260B1E312-LeaderElection5] INFO  impl.LeaderElection (LeaderElection.java:askForVotes(323)) - 160405f6-ad1e-49bf-8de5-8727279c1313@group-C40260B1E312-LeaderElection5 ELECTION round 0: result PASSED (term=1)
2024-01-11 04:03:20,789 [160405f6-ad1e-49bf-8de5-8727279c1313@group-C40260B1E312-LeaderElection5] INFO  impl.RoleInfo (RoleInfo.java:shutdownLeaderElection(130)) - 160405f6-ad1e-49bf-8de5-8727279c1313: shutdown 160405f6-ad1e-49bf-8de5-8727279c1313@group-C40260B1E312-LeaderElection5
2024-01-11 04:03:20,789 [160405f6-ad1e-49bf-8de5-8727279c1313@group-C40260B1E312-LeaderElection5] INFO  server.RaftServer$Division (RaftServerImpl.java:setRole(383)) - 160405f6-ad1e-49bf-8de5-8727279c1313@group-C40260B1E312: changes role from CANDIDATE to LEADER at term 1 for changeToLeader
2024-01-11 04:03:20,789 [160405f6-ad1e-49bf-8de5-8727279c1313@group-C40260B1E312-LeaderElection5] INFO  server.RaftServerConfigKeys (ConfUtils.java:logGet(46)) - raft.server.staging.catchup.gap = 1000 (default)
2024-01-11 04:03:20,789 [160405f6-ad1e-49bf-8de5-8727279c1313@group-C40260B1E312-LeaderElection5] INFO  server.RaftServerConfigKeys (ConfUtils.java:logGet(46)) - raft.server.write.element-limit = 1024 (custom)
2024-01-11 04:03:20,790 [160405f6-ad1e-49bf-8de5-8727279c1313@group-C40260B1E312-LeaderElection5] INFO  server.RaftServerConfigKeys (ConfUtils.java:logGet(46)) - raft.server.write.byte-limit = 1024 M (=1073741824) (custom)
2024-01-11 04:03:20,790 [160405f6-ad1e-49bf-8de5-8727279c1313@group-C40260B1E312-LeaderElection5] INFO  server.RaftServerConfigKeys (ConfUtils.java:logGet(46)) - raft.server.watch.timeout = 180s (custom)
2024-01-11 04:03:20,790 [160405f6-ad1e-49bf-8de5-8727279c1313@group-C40260B1E312-LeaderElection5] INFO  server.RaftServerConfigKeys (ConfUtils.java:logGet(46)) - raft.server.watch.timeout.denomination = 1s (default)
2024-01-11 04:03:20,790 [160405f6-ad1e-49bf-8de5-8727279c1313@group-C40260B1E312-LeaderElection5] INFO  server.RaftServerConfigKeys (ConfUtils.java:logGet(46)) - raft.server.watch.element-limit = 65536 (default)
2024-01-11 04:03:20,790 [160405f6-ad1e-49bf-8de5-8727279c1313@group-C40260B1E312-LeaderElection5] INFO  server.RaftServerConfigKeys (ConfUtils.java:logGet(46)) - raft.server.read.leader.lease.enabled = false (default)
2024-01-11 04:03:20,790 [160405f6-ad1e-49bf-8de5-8727279c1313@group-C40260B1E312-LeaderElection5] INFO  server.RaftServerConfigKeys (ConfUtils.java:logGet(46)) - raft.server.read.leader.lease.timeout.ratio = 0.9 (default)
2024-01-11 04:03:20,790 [160405f6-ad1e-49bf-8de5-8727279c1313@group-C40260B1E312-LeaderElection5] INFO  server.RaftServerConfigKeys (ConfUtils.java:logGet(46)) - raft.server.rpc.timeout.min = 5s (custom)
2024-01-11 04:03:20,791 [160405f6-ad1e-49bf-8de5-8727279c1313@group-C40260B1E312-LeaderElection5] INFO  server.RaftServerConfigKeys (ConfUtils.java:logGet(46)) - raft.server.write.element-limit = 1024 (custom)
2024-01-11 04:03:20,791 [160405f6-ad1e-49bf-8de5-8727279c1313@group-C40260B1E312-LeaderElection5] INFO  server.RaftServerConfigKeys (ConfUtils.java:logGet(46)) - raft.server.write.follower.gap.ratio.max = -1.0 (default)
2024-01-11 04:03:20,791 [160405f6-ad1e-49bf-8de5-8727279c1313@group-C40260B1E312-LeaderElection5] INFO  impl.RoleInfo (RoleInfo.java:updateAndGet(139)) - 160405f6-ad1e-49bf-8de5-8727279c1313: start 160405f6-ad1e-49bf-8de5-8727279c1313@group-C40260B1E312-LeaderStateImpl
2024-01-11 04:03:20,791 [160405f6-ad1e-49bf-8de5-8727279c1313@group-C40260B1E312-LeaderElection5] INFO  server.RaftServer$Division (RaftServerImpl.java:setFirstElection(574)) - 160405f6-ad1e-49bf-8de5-8727279c1313@group-C40260B1E312: set firstElectionSinceStartup to false for becomeLeader
2024-01-11 04:03:20,791 [160405f6-ad1e-49bf-8de5-8727279c1313@group-C40260B1E312-LeaderElection5] INFO  ratis.XceiverServerRatis (XceiverServerRatis.java:handleLeaderChangedNotification(945)) - Leader change notification received for group: group-C40260B1E312 with new leaderId: 160405f6-ad1e-49bf-8de5-8727279c1313
2024-01-11 04:03:20,791 [160405f6-ad1e-49bf-8de5-8727279c1313@group-C40260B1E312-LeaderElection5] INFO  server.RaftServer$Division (ServerState.java:setLeader(269)) - 160405f6-ad1e-49bf-8de5-8727279c1313@group-C40260B1E312: change Leader from null to 160405f6-ad1e-49bf-8de5-8727279c1313 at term 1 for becomeLeader, leader elected after 5216ms
2024-01-11 04:03:20,791 [160405f6-ad1e-49bf-8de5-8727279c1313@group-C40260B1E312-LeaderElection5] INFO  segmented.SegmentedRaftLogWorker (SegmentedRaftLogWorker.java:startLogSegment(430)) - 160405f6-ad1e-49bf-8de5-8727279c1313@group-C40260B1E312-SegmentedRaftLogWorker: Starting segment from index:0
2024-01-11 04:03:20,792 [160405f6-ad1e-49bf-8de5-8727279c1313@group-C40260B1E312-LeaderElection5] INFO  server.RaftServer$Division (ServerState.java:setRaftConf(386)) - 160405f6-ad1e-49bf-8de5-8727279c1313@group-C40260B1E312: set configuration 0: peers:[160405f6-ad1e-49bf-8de5-8727279c1313|10.1.0.34:15032]|listeners:[], old=null
2024-01-11 04:03:20,794 [160405f6-ad1e-49bf-8de5-8727279c1313@group-C40260B1E312-SegmentedRaftLogWorker] INFO  segmented.BufferedWriteChannel (BufferedWriteChannel.java:open(62)) - open log_inprogress_0 at position 0
2024-01-11 04:03:20,802 [160405f6-ad1e-49bf-8de5-8727279c1313@group-C40260B1E312-SegmentedRaftLogWorker] INFO  segmented.SegmentedRaftLogWorker (SegmentedRaftLogWorker.java:execute(634)) - 160405f6-ad1e-49bf-8de5-8727279c1313@group-C40260B1E312-SegmentedRaftLogWorker: created new log segment /home/runner/work/ozone/ozone/hadoop-ozone/integration-test/target/test-dir/MiniOzoneClusterImpl-bfa76206-2968-4191-bda1-2218be479879/datanode-2/data/ratis/e77b1fbf-0c5f-4d4b-9dc4-c40260b1e312/current/log_inprogress_0
2024-01-11 04:03:20,804 [160405f6-ad1e-49bf-8de5-8727279c1313@group-C40260B1E312-StateMachineUpdater] INFO  server.RaftServer$Division (LeaderStateImpl.java:isApplied(320)) - leader is ready since appliedIndex == 0 >= startIndex == 0
2024-01-11 04:03:21,117 [e9344016-ed75-4908-bdbb-2b1208d89c49@group-DD870845A42B-FollowerState] INFO  impl.FollowerState (FollowerState.java:run(143)) - e9344016-ed75-4908-bdbb-2b1208d89c49@group-DD870845A42B-FollowerState: change to CANDIDATE, lastRpcElapsedTime:5076598617ns, electionTimeout:5073ms
2024-01-11 04:03:21,117 [e9344016-ed75-4908-bdbb-2b1208d89c49@group-DD870845A42B-FollowerState] INFO  impl.RoleInfo (RoleInfo.java:shutdownFollowerState(110)) - e9344016-ed75-4908-bdbb-2b1208d89c49: shutdown e9344016-ed75-4908-bdbb-2b1208d89c49@group-DD870845A42B-FollowerState
2024-01-11 04:03:21,117 [e9344016-ed75-4908-bdbb-2b1208d89c49@group-DD870845A42B-FollowerState] INFO  server.RaftServer$Division (RaftServerImpl.java:setRole(383)) - e9344016-ed75-4908-bdbb-2b1208d89c49@group-DD870845A42B: changes role from  FOLLOWER to CANDIDATE at term 0 for changeToCandidate
2024-01-11 04:03:21,118 [e9344016-ed75-4908-bdbb-2b1208d89c49@group-DD870845A42B-FollowerState] INFO  server.RaftServerConfigKeys (ConfUtils.java:logGet(46)) - raft.server.leaderelection.pre-vote = true (default)
2024-01-11 04:03:21,118 [e9344016-ed75-4908-bdbb-2b1208d89c49@group-DD870845A42B-FollowerState] INFO  impl.RoleInfo (RoleInfo.java:updateAndGet(139)) - e9344016-ed75-4908-bdbb-2b1208d89c49: start e9344016-ed75-4908-bdbb-2b1208d89c49@group-DD870845A42B-LeaderElection6
2024-01-11 04:03:21,119 [e9344016-ed75-4908-bdbb-2b1208d89c49@group-DD870845A42B-LeaderElection6] INFO  impl.LeaderElection (LeaderElection.java:askForVotes(321)) - e9344016-ed75-4908-bdbb-2b1208d89c49@group-DD870845A42B-LeaderElection6 PRE_VOTE round 0: submit vote requests at term 0 for -1: peers:[001cd0bd-e806-4758-aa83-7f483601919f|10.1.0.34:15023, 160405f6-ad1e-49bf-8de5-8727279c1313|10.1.0.34:15032, e9344016-ed75-4908-bdbb-2b1208d89c49|10.1.0.34:15014]|listeners:[], old=null
2024-01-11 04:03:21,119 [e9344016-ed75-4908-bdbb-2b1208d89c49@group-DD870845A42B-LeaderElection6] INFO  server.RaftServerConfigKeys (ConfUtils.java:logFallback(53)) - raft.server.rpc.first-election.timeout.min = 5s (fallback to raft.server.rpc.timeout.min)
2024-01-11 04:03:21,119 [e9344016-ed75-4908-bdbb-2b1208d89c49@group-DD870845A42B-LeaderElection6] INFO  server.RaftServerConfigKeys (ConfUtils.java:logFallback(53)) - raft.server.rpc.first-election.timeout.max = 5200ms (fallback to raft.server.rpc.timeout.max)
2024-01-11 04:03:21,122 [grpc-default-executor-0] INFO  server.RaftServer$Division (RaftServerImpl.java:requestVote(1389)) - 001cd0bd-e806-4758-aa83-7f483601919f@group-DD870845A42B: receive requestVote(PRE_VOTE, e9344016-ed75-4908-bdbb-2b1208d89c49, group-DD870845A42B, 0, (t:0, i:0))
2024-01-11 04:03:21,122 [grpc-default-executor-1] INFO  server.RaftServer$Division (RaftServerImpl.java:requestVote(1389)) - 160405f6-ad1e-49bf-8de5-8727279c1313@group-DD870845A42B: receive requestVote(PRE_VOTE, e9344016-ed75-4908-bdbb-2b1208d89c49, group-DD870845A42B, 0, (t:0, i:0))
2024-01-11 04:03:21,122 [grpc-default-executor-0] INFO  impl.VoteContext (VoteContext.java:log(49)) - 001cd0bd-e806-4758-aa83-7f483601919f@group-DD870845A42B-FOLLOWER: reject PRE_VOTE from e9344016-ed75-4908-bdbb-2b1208d89c49: our priority 1 > candidate's priority 0
2024-01-11 04:03:21,123 [grpc-default-executor-1] INFO  impl.VoteContext (VoteContext.java:log(49)) - 160405f6-ad1e-49bf-8de5-8727279c1313@group-DD870845A42B-FOLLOWER: accept PRE_VOTE from e9344016-ed75-4908-bdbb-2b1208d89c49: our priority 0 <= candidate's priority 0
2024-01-11 04:03:21,123 [grpc-default-executor-0] INFO  server.RaftServer$Division (RaftServerImpl.java:requestVote(1422)) - 001cd0bd-e806-4758-aa83-7f483601919f@group-DD870845A42B replies to PRE_VOTE vote request: e9344016-ed75-4908-bdbb-2b1208d89c49<-001cd0bd-e806-4758-aa83-7f483601919f#0:FAIL-t0. Peer's state: 001cd0bd-e806-4758-aa83-7f483601919f@group-DD870845A42B:t0, leader=null, voted=, raftlog=Memoized:001cd0bd-e806-4758-aa83-7f483601919f@group-DD870845A42B-SegmentedRaftLog:OPENED:c-1, conf=-1: peers:[001cd0bd-e806-4758-aa83-7f483601919f|10.1.0.34:15023, 160405f6-ad1e-49bf-8de5-8727279c1313|10.1.0.34:15032, e9344016-ed75-4908-bdbb-2b1208d89c49|10.1.0.34:15014]|listeners:[], old=null
2024-01-11 04:03:21,123 [grpc-default-executor-1] INFO  server.RaftServer$Division (RaftServerImpl.java:requestVote(1422)) - 160405f6-ad1e-49bf-8de5-8727279c1313@group-DD870845A42B replies to PRE_VOTE vote request: e9344016-ed75-4908-bdbb-2b1208d89c49<-160405f6-ad1e-49bf-8de5-8727279c1313#0:OK-t0. Peer's state: 160405f6-ad1e-49bf-8de5-8727279c1313@group-DD870845A42B:t0, leader=null, voted=, raftlog=Memoized:160405f6-ad1e-49bf-8de5-8727279c1313@group-DD870845A42B-SegmentedRaftLog:OPENED:c-1, conf=-1: peers:[001cd0bd-e806-4758-aa83-7f483601919f|10.1.0.34:15023, 160405f6-ad1e-49bf-8de5-8727279c1313|10.1.0.34:15032, e9344016-ed75-4908-bdbb-2b1208d89c49|10.1.0.34:15014]|listeners:[], old=null
2024-01-11 04:03:21,124 [e9344016-ed75-4908-bdbb-2b1208d89c49@group-DD870845A42B-LeaderElection6] INFO  impl.LeaderElection (LeaderElection.java:logAndReturn(89)) - e9344016-ed75-4908-bdbb-2b1208d89c49@group-DD870845A42B-LeaderElection6: PRE_VOTE REJECTED received 1 response(s) and 0 exception(s):
2024-01-11 04:03:21,125 [e9344016-ed75-4908-bdbb-2b1208d89c49@group-DD870845A42B-LeaderElection6] INFO  impl.LeaderElection (LeaderElection.java:logAndReturn(93)) -   Response 0: e9344016-ed75-4908-bdbb-2b1208d89c49<-001cd0bd-e806-4758-aa83-7f483601919f#0:FAIL-t0
2024-01-11 04:03:21,125 [e9344016-ed75-4908-bdbb-2b1208d89c49@group-DD870845A42B-LeaderElection6] INFO  impl.LeaderElection (LeaderElection.java:askForVotes(323)) - e9344016-ed75-4908-bdbb-2b1208d89c49@group-DD870845A42B-LeaderElection6 PRE_VOTE round 0: result REJECTED
2024-01-11 04:03:21,125 [e9344016-ed75-4908-bdbb-2b1208d89c49@group-DD870845A42B-LeaderElection6] INFO  server.RaftServer$Division (RaftServerImpl.java:setRole(383)) - e9344016-ed75-4908-bdbb-2b1208d89c49@group-DD870845A42B: changes role from CANDIDATE to FOLLOWER at term 0 for REJECTED
2024-01-11 04:03:21,126 [e9344016-ed75-4908-bdbb-2b1208d89c49@group-DD870845A42B-LeaderElection6] INFO  impl.RoleInfo (RoleInfo.java:shutdownLeaderElection(130)) - e9344016-ed75-4908-bdbb-2b1208d89c49: shutdown e9344016-ed75-4908-bdbb-2b1208d89c49@group-DD870845A42B-LeaderElection6
2024-01-11 04:03:21,126 [e9344016-ed75-4908-bdbb-2b1208d89c49@group-DD870845A42B-LeaderElection6] INFO  impl.RoleInfo (RoleInfo.java:updateAndGet(139)) - e9344016-ed75-4908-bdbb-2b1208d89c49: start e9344016-ed75-4908-bdbb-2b1208d89c49@group-DD870845A42B-FollowerState
2024-01-11 04:03:21,126 [e9344016-ed75-4908-bdbb-2b1208d89c49@group-DD870845A42B-LeaderElection6] INFO  server.RaftServer$Division (RaftServerImpl.java:setFirstElection(574)) - e9344016-ed75-4908-bdbb-2b1208d89c49@group-DD870845A42B: set firstElectionSinceStartup to false for REJECTED
2024-01-11 04:03:21,142 [160405f6-ad1e-49bf-8de5-8727279c1313@group-DD870845A42B-FollowerState] INFO  server.RaftServerConfigKeys (ConfUtils.java:logFallback(53)) - raft.server.rpc.first-election.timeout.min = 5s (fallback to raft.server.rpc.timeout.min)
2024-01-11 04:03:21,143 [160405f6-ad1e-49bf-8de5-8727279c1313@group-DD870845A42B-FollowerState] INFO  server.RaftServerConfigKeys (ConfUtils.java:logFallback(53)) - raft.server.rpc.first-election.timeout.max = 5200ms (fallback to raft.server.rpc.timeout.max)
2024-01-11 04:03:21,219 [001cd0bd-e806-4758-aa83-7f483601919f@group-DD870845A42B-FollowerState] INFO  impl.FollowerState (FollowerState.java:run(143)) - 001cd0bd-e806-4758-aa83-7f483601919f@group-DD870845A42B-FollowerState: change to CANDIDATE, lastRpcElapsedTime:5175013298ns, electionTimeout:5167ms
2024-01-11 04:03:21,219 [001cd0bd-e806-4758-aa83-7f483601919f@group-DD870845A42B-FollowerState] INFO  impl.RoleInfo (RoleInfo.java:shutdownFollowerState(110)) - 001cd0bd-e806-4758-aa83-7f483601919f: shutdown 001cd0bd-e806-4758-aa83-7f483601919f@group-DD870845A42B-FollowerState
2024-01-11 04:03:21,219 [001cd0bd-e806-4758-aa83-7f483601919f@group-DD870845A42B-FollowerState] INFO  server.RaftServer$Division (RaftServerImpl.java:setRole(383)) - 001cd0bd-e806-4758-aa83-7f483601919f@group-DD870845A42B: changes role from  FOLLOWER to CANDIDATE at term 0 for changeToCandidate
2024-01-11 04:03:21,220 [001cd0bd-e806-4758-aa83-7f483601919f@group-DD870845A42B-FollowerState] INFO  server.RaftServerConfigKeys (ConfUtils.java:logGet(46)) - raft.server.leaderelection.pre-vote = true (default)
2024-01-11 04:03:21,220 [001cd0bd-e806-4758-aa83-7f483601919f@group-DD870845A42B-FollowerState] INFO  impl.RoleInfo (RoleInfo.java:updateAndGet(139)) - 001cd0bd-e806-4758-aa83-7f483601919f: start 001cd0bd-e806-4758-aa83-7f483601919f@group-DD870845A42B-LeaderElection7
2024-01-11 04:03:21,220 [001cd0bd-e806-4758-aa83-7f483601919f@group-DD870845A42B-LeaderElection7] INFO  impl.LeaderElection (LeaderElection.java:askForVotes(321)) - 001cd0bd-e806-4758-aa83-7f483601919f@group-DD870845A42B-LeaderElection7 PRE_VOTE round 0: submit vote requests at term 0 for -1: peers:[001cd0bd-e806-4758-aa83-7f483601919f|10.1.0.34:15023, 160405f6-ad1e-49bf-8de5-8727279c1313|10.1.0.34:15032, e9344016-ed75-4908-bdbb-2b1208d89c49|10.1.0.34:15014]|listeners:[], old=null
2024-01-11 04:03:21,221 [001cd0bd-e806-4758-aa83-7f483601919f@group-DD870845A42B-LeaderElection7-1] INFO  server.GrpcServerProtocolClient (GrpcServerProtocolClient.java:<init>(65)) - Build channel for 160405f6-ad1e-49bf-8de5-8727279c1313|10.1.0.34:15032
2024-01-11 04:03:21,221 [001cd0bd-e806-4758-aa83-7f483601919f@group-DD870845A42B-LeaderElection7] INFO  server.RaftServerConfigKeys (ConfUtils.java:logFallback(53)) - raft.server.rpc.first-election.timeout.min = 5s (fallback to raft.server.rpc.timeout.min)
2024-01-11 04:03:21,221 [001cd0bd-e806-4758-aa83-7f483601919f@group-DD870845A42B-LeaderElection7] INFO  server.RaftServerConfigKeys (ConfUtils.java:logFallback(53)) - raft.server.rpc.first-election.timeout.max = 5200ms (fallback to raft.server.rpc.timeout.max)
2024-01-11 04:03:21,221 [001cd0bd-e806-4758-aa83-7f483601919f@group-DD870845A42B-LeaderElection7-2] INFO  server.GrpcServerProtocolClient (GrpcServerProtocolClient.java:<init>(65)) - Build channel for e9344016-ed75-4908-bdbb-2b1208d89c49|10.1.0.34:15014
2024-01-11 04:03:21,228 [grpc-default-executor-1] INFO  server.RaftServer$Division (RaftServerImpl.java:requestVote(1389)) - 160405f6-ad1e-49bf-8de5-8727279c1313@group-DD870845A42B: receive requestVote(PRE_VOTE, 001cd0bd-e806-4758-aa83-7f483601919f, group-DD870845A42B, 0, (t:0, i:0))
2024-01-11 04:03:21,228 [grpc-default-executor-1] INFO  impl.VoteContext (VoteContext.java:log(49)) - 160405f6-ad1e-49bf-8de5-8727279c1313@group-DD870845A42B-FOLLOWER: accept PRE_VOTE from 001cd0bd-e806-4758-aa83-7f483601919f: our priority 0 <= candidate's priority 1
2024-01-11 04:03:21,228 [grpc-default-executor-1] INFO  server.RaftServer$Division (RaftServerImpl.java:requestVote(1422)) - 160405f6-ad1e-49bf-8de5-8727279c1313@group-DD870845A42B replies to PRE_VOTE vote request: 001cd0bd-e806-4758-aa83-7f483601919f<-160405f6-ad1e-49bf-8de5-8727279c1313#0:OK-t0. Peer's state: 160405f6-ad1e-49bf-8de5-8727279c1313@group-DD870845A42B:t0, leader=null, voted=, raftlog=Memoized:160405f6-ad1e-49bf-8de5-8727279c1313@group-DD870845A42B-SegmentedRaftLog:OPENED:c-1, conf=-1: peers:[001cd0bd-e806-4758-aa83-7f483601919f|10.1.0.34:15023, 160405f6-ad1e-49bf-8de5-8727279c1313|10.1.0.34:15032, e9344016-ed75-4908-bdbb-2b1208d89c49|10.1.0.34:15014]|listeners:[], old=null
2024-01-11 04:03:21,231 [grpc-default-executor-0] INFO  server.RaftServer$Division (RaftServerImpl.java:requestVote(1389)) - e9344016-ed75-4908-bdbb-2b1208d89c49@group-DD870845A42B: receive requestVote(PRE_VOTE, 001cd0bd-e806-4758-aa83-7f483601919f, group-DD870845A42B, 0, (t:0, i:0))
2024-01-11 04:03:21,231 [grpc-default-executor-0] INFO  impl.VoteContext (VoteContext.java:log(49)) - e9344016-ed75-4908-bdbb-2b1208d89c49@group-DD870845A42B-FOLLOWER: accept PRE_VOTE from 001cd0bd-e806-4758-aa83-7f483601919f: our priority 0 <= candidate's priority 1
2024-01-11 04:03:21,231 [grpc-default-executor-0] INFO  server.RaftServer$Division (RaftServerImpl.java:requestVote(1422)) - e9344016-ed75-4908-bdbb-2b1208d89c49@group-DD870845A42B replies to PRE_VOTE vote request: 001cd0bd-e806-4758-aa83-7f483601919f<-e9344016-ed75-4908-bdbb-2b1208d89c49#0:OK-t0. Peer's state: e9344016-ed75-4908-bdbb-2b1208d89c49@group-DD870845A42B:t0, leader=null, voted=, raftlog=Memoized:e9344016-ed75-4908-bdbb-2b1208d89c49@group-DD870845A42B-SegmentedRaftLog:OPENED:c-1, conf=-1: peers:[001cd0bd-e806-4758-aa83-7f483601919f|10.1.0.34:15023, 160405f6-ad1e-49bf-8de5-8727279c1313|10.1.0.34:15032, e9344016-ed75-4908-bdbb-2b1208d89c49|10.1.0.34:15014]|listeners:[], old=null
2024-01-11 04:03:21,232 [001cd0bd-e806-4758-aa83-7f483601919f@group-DD870845A42B-LeaderElection7] INFO  impl.LeaderElection (LeaderElection.java:logAndReturn(89)) - 001cd0bd-e806-4758-aa83-7f483601919f@group-DD870845A42B-LeaderElection7: PRE_VOTE PASSED received 1 response(s) and 0 exception(s):
2024-01-11 04:03:21,232 [001cd0bd-e806-4758-aa83-7f483601919f@group-DD870845A42B-LeaderElection7] INFO  impl.LeaderElection (LeaderElection.java:logAndReturn(93)) -   Response 0: 001cd0bd-e806-4758-aa83-7f483601919f<-160405f6-ad1e-49bf-8de5-8727279c1313#0:OK-t0
2024-01-11 04:03:21,232 [001cd0bd-e806-4758-aa83-7f483601919f@group-DD870845A42B-LeaderElection7] INFO  impl.LeaderElection (LeaderElection.java:askForVotes(323)) - 001cd0bd-e806-4758-aa83-7f483601919f@group-DD870845A42B-LeaderElection7 PRE_VOTE round 0: result PASSED
2024-01-11 04:03:21,234 [001cd0bd-e806-4758-aa83-7f483601919f@group-DD870845A42B-LeaderElection7] INFO  impl.LeaderElection (LeaderElection.java:askForVotes(321)) - 001cd0bd-e806-4758-aa83-7f483601919f@group-DD870845A42B-LeaderElection7 ELECTION round 0: submit vote requests at term 1 for -1: peers:[001cd0bd-e806-4758-aa83-7f483601919f|10.1.0.34:15023, 160405f6-ad1e-49bf-8de5-8727279c1313|10.1.0.34:15032, e9344016-ed75-4908-bdbb-2b1208d89c49|10.1.0.34:15014]|listeners:[], old=null
2024-01-11 04:03:21,235 [001cd0bd-e806-4758-aa83-7f483601919f@group-DD870845A42B-LeaderElection7] INFO  server.RaftServerConfigKeys (ConfUtils.java:logFallback(53)) - raft.server.rpc.first-election.timeout.min = 5s (fallback to raft.server.rpc.timeout.min)
2024-01-11 04:03:21,235 [001cd0bd-e806-4758-aa83-7f483601919f@group-DD870845A42B-LeaderElection7] INFO  server.RaftServerConfigKeys (ConfUtils.java:logFallback(53)) - raft.server.rpc.first-election.timeout.max = 5200ms (fallback to raft.server.rpc.timeout.max)
2024-01-11 04:03:21,236 [grpc-default-executor-0] INFO  server.RaftServer$Division (RaftServerImpl.java:requestVote(1389)) - 160405f6-ad1e-49bf-8de5-8727279c1313@group-DD870845A42B: receive requestVote(ELECTION, 001cd0bd-e806-4758-aa83-7f483601919f, group-DD870845A42B, 1, (t:0, i:0))
2024-01-11 04:03:21,236 [grpc-default-executor-0] INFO  impl.VoteContext (VoteContext.java:log(49)) - 160405f6-ad1e-49bf-8de5-8727279c1313@group-DD870845A42B-FOLLOWER: accept ELECTION from 001cd0bd-e806-4758-aa83-7f483601919f: our priority 0 <= candidate's priority 1
2024-01-11 04:03:21,236 [grpc-default-executor-0] INFO  server.RaftServer$Division (RaftServerImpl.java:setRole(383)) - 160405f6-ad1e-49bf-8de5-8727279c1313@group-DD870845A42B: changes role from  FOLLOWER to FOLLOWER at term 1 for candidate:001cd0bd-e806-4758-aa83-7f483601919f
2024-01-11 04:03:21,237 [grpc-default-executor-0] INFO  impl.RoleInfo (RoleInfo.java:shutdownFollowerState(110)) - 160405f6-ad1e-49bf-8de5-8727279c1313: shutdown 160405f6-ad1e-49bf-8de5-8727279c1313@group-DD870845A42B-FollowerState
2024-01-11 04:03:21,237 [160405f6-ad1e-49bf-8de5-8727279c1313@group-DD870845A42B-FollowerState] INFO  impl.FollowerState (FollowerState.java:run(152)) - 160405f6-ad1e-49bf-8de5-8727279c1313@group-DD870845A42B-FollowerState was interrupted
2024-01-11 04:03:21,237 [grpc-default-executor-0] INFO  impl.RoleInfo (RoleInfo.java:updateAndGet(139)) - 160405f6-ad1e-49bf-8de5-8727279c1313: start 160405f6-ad1e-49bf-8de5-8727279c1313@group-DD870845A42B-FollowerState
2024-01-11 04:03:21,238 [grpc-default-executor-0] INFO  server.RaftServer$Division (RaftServerImpl.java:setFirstElection(574)) - 160405f6-ad1e-49bf-8de5-8727279c1313@group-DD870845A42B: set firstElectionSinceStartup to false for candidate:001cd0bd-e806-4758-aa83-7f483601919f
2024-01-11 04:03:21,238 [grpc-default-executor-1] INFO  server.RaftServer$Division (RaftServerImpl.java:requestVote(1389)) - e9344016-ed75-4908-bdbb-2b1208d89c49@group-DD870845A42B: receive requestVote(ELECTION, 001cd0bd-e806-4758-aa83-7f483601919f, group-DD870845A42B, 1, (t:0, i:0))
2024-01-11 04:03:21,238 [grpc-default-executor-1] INFO  impl.VoteContext (VoteContext.java:log(49)) - e9344016-ed75-4908-bdbb-2b1208d89c49@group-DD870845A42B-FOLLOWER: accept ELECTION from 001cd0bd-e806-4758-aa83-7f483601919f: our priority 0 <= candidate's priority 1
2024-01-11 04:03:21,238 [grpc-default-executor-1] INFO  server.RaftServer$Division (RaftServerImpl.java:setRole(383)) - e9344016-ed75-4908-bdbb-2b1208d89c49@group-DD870845A42B: changes role from  FOLLOWER to FOLLOWER at term 1 for candidate:001cd0bd-e806-4758-aa83-7f483601919f
2024-01-11 04:03:21,238 [grpc-default-executor-1] INFO  impl.RoleInfo (RoleInfo.java:shutdownFollowerState(110)) - e9344016-ed75-4908-bdbb-2b1208d89c49: shutdown e9344016-ed75-4908-bdbb-2b1208d89c49@group-DD870845A42B-FollowerState
2024-01-11 04:03:21,238 [grpc-default-executor-1] INFO  impl.RoleInfo (RoleInfo.java:updateAndGet(139)) - e9344016-ed75-4908-bdbb-2b1208d89c49: start e9344016-ed75-4908-bdbb-2b1208d89c49@group-DD870845A42B-FollowerState
2024-01-11 04:03:21,238 [e9344016-ed75-4908-bdbb-2b1208d89c49@group-DD870845A42B-FollowerState] INFO  impl.FollowerState (FollowerState.java:run(152)) - e9344016-ed75-4908-bdbb-2b1208d89c49@group-DD870845A42B-FollowerState was interrupted
2024-01-11 04:03:21,240 [grpc-default-executor-1] INFO  server.RaftServer$Division (RaftServerImpl.java:requestVote(1422)) - e9344016-ed75-4908-bdbb-2b1208d89c49@group-DD870845A42B replies to ELECTION vote request: 001cd0bd-e806-4758-aa83-7f483601919f<-e9344016-ed75-4908-bdbb-2b1208d89c49#0:OK-t1. Peer's state: e9344016-ed75-4908-bdbb-2b1208d89c49@group-DD870845A42B:t1, leader=null, voted=001cd0bd-e806-4758-aa83-7f483601919f, raftlog=Memoized:e9344016-ed75-4908-bdbb-2b1208d89c49@group-DD870845A42B-SegmentedRaftLog:OPENED:c-1, conf=-1: peers:[001cd0bd-e806-4758-aa83-7f483601919f|10.1.0.34:15023, 160405f6-ad1e-49bf-8de5-8727279c1313|10.1.0.34:15032, e9344016-ed75-4908-bdbb-2b1208d89c49|10.1.0.34:15014]|listeners:[], old=null
2024-01-11 04:03:21,244 [001cd0bd-e806-4758-aa83-7f483601919f@group-DD870845A42B-LeaderElection7] INFO  impl.LeaderElection (LeaderElection.java:logAndReturn(89)) - 001cd0bd-e806-4758-aa83-7f483601919f@group-DD870845A42B-LeaderElection7: ELECTION PASSED received 1 response(s) and 0 exception(s):
2024-01-11 04:03:21,244 [001cd0bd-e806-4758-aa83-7f483601919f@group-DD870845A42B-LeaderElection7] INFO  impl.LeaderElection (LeaderElection.java:logAndReturn(93)) -   Response 0: 001cd0bd-e806-4758-aa83-7f483601919f<-e9344016-ed75-4908-bdbb-2b1208d89c49#0:OK-t1
2024-01-11 04:03:21,244 [001cd0bd-e806-4758-aa83-7f483601919f@group-DD870845A42B-LeaderElection7] INFO  impl.LeaderElection (LeaderElection.java:askForVotes(323)) - 001cd0bd-e806-4758-aa83-7f483601919f@group-DD870845A42B-LeaderElection7 ELECTION round 0: result PASSED
2024-01-11 04:03:21,244 [grpc-default-executor-0] INFO  server.RaftServer$Division (RaftServerImpl.java:requestVote(1422)) - 160405f6-ad1e-49bf-8de5-8727279c1313@group-DD870845A42B replies to ELECTION vote request: 001cd0bd-e806-4758-aa83-7f483601919f<-160405f6-ad1e-49bf-8de5-8727279c1313#0:OK-t1. Peer's state: 160405f6-ad1e-49bf-8de5-8727279c1313@group-DD870845A42B:t1, leader=null, voted=001cd0bd-e806-4758-aa83-7f483601919f, raftlog=Memoized:160405f6-ad1e-49bf-8de5-8727279c1313@group-DD870845A42B-SegmentedRaftLog:OPENED:c-1, conf=-1: peers:[001cd0bd-e806-4758-aa83-7f483601919f|10.1.0.34:15023, 160405f6-ad1e-49bf-8de5-8727279c1313|10.1.0.34:15032, e9344016-ed75-4908-bdbb-2b1208d89c49|10.1.0.34:15014]|listeners:[], old=null
2024-01-11 04:03:21,244 [001cd0bd-e806-4758-aa83-7f483601919f@group-DD870845A42B-LeaderElection7] INFO  impl.RoleInfo (RoleInfo.java:shutdownLeaderElection(130)) - 001cd0bd-e806-4758-aa83-7f483601919f: shutdown 001cd0bd-e806-4758-aa83-7f483601919f@group-DD870845A42B-LeaderElection7
2024-01-11 04:03:21,245 [001cd0bd-e806-4758-aa83-7f483601919f@group-DD870845A42B-LeaderElection7] INFO  server.RaftServer$Division (RaftServerImpl.java:setRole(383)) - 001cd0bd-e806-4758-aa83-7f483601919f@group-DD870845A42B: changes role from CANDIDATE to LEADER at term 1 for changeToLeader
2024-01-11 04:03:21,245 [001cd0bd-e806-4758-aa83-7f483601919f@group-DD870845A42B-LeaderElection7] INFO  server.RaftServerConfigKeys (ConfUtils.java:logGet(46)) - raft.server.staging.catchup.gap = 1000 (default)
2024-01-11 04:03:21,246 [001cd0bd-e806-4758-aa83-7f483601919f@group-DD870845A42B-LeaderElection7] INFO  server.RaftServerConfigKeys (ConfUtils.java:logGet(46)) - raft.server.write.element-limit = 1024 (custom)
2024-01-11 04:03:21,246 [001cd0bd-e806-4758-aa83-7f483601919f@group-DD870845A42B-LeaderElection7] INFO  server.RaftServerConfigKeys (ConfUtils.java:logGet(46)) - raft.server.write.byte-limit = 1024 M (=1073741824) (custom)
2024-01-11 04:03:21,246 [001cd0bd-e806-4758-aa83-7f483601919f@group-DD870845A42B-LeaderElection7] INFO  server.RaftServerConfigKeys (ConfUtils.java:logGet(46)) - raft.server.watch.timeout = 180s (custom)
2024-01-11 04:03:21,246 [001cd0bd-e806-4758-aa83-7f483601919f@group-DD870845A42B-LeaderElection7] INFO  server.RaftServerConfigKeys (ConfUtils.java:logGet(46)) - raft.server.watch.timeout.denomination = 1s (default)
2024-01-11 04:03:21,246 [001cd0bd-e806-4758-aa83-7f483601919f@group-DD870845A42B-LeaderElection7] INFO  server.RaftServerConfigKeys (ConfUtils.java:logGet(46)) - raft.server.watch.element-limit = 65536 (default)
2024-01-11 04:03:21,246 [001cd0bd-e806-4758-aa83-7f483601919f@group-DD870845A42B-LeaderElection7] INFO  server.RaftServerConfigKeys (ConfUtils.java:logGet(46)) - raft.server.read.leader.lease.enabled = false (default)
2024-01-11 04:03:21,247 [001cd0bd-e806-4758-aa83-7f483601919f@group-DD870845A42B-LeaderElection7] INFO  server.RaftServerConfigKeys (ConfUtils.java:logGet(46)) - raft.server.read.leader.lease.timeout.ratio = 0.9 (default)
2024-01-11 04:03:21,247 [001cd0bd-e806-4758-aa83-7f483601919f@group-DD870845A42B-LeaderElection7] INFO  server.RaftServerConfigKeys (ConfUtils.java:logGet(46)) - raft.server.rpc.timeout.min = 5s (custom)
2024-01-11 04:03:21,247 [001cd0bd-e806-4758-aa83-7f483601919f@group-DD870845A42B-LeaderElection7] INFO  server.RaftServerConfigKeys (ConfUtils.java:logGet(46)) - raft.server.write.element-limit = 1024 (custom)
2024-01-11 04:03:21,247 [001cd0bd-e806-4758-aa83-7f483601919f@group-DD870845A42B-LeaderElection7] INFO  server.RaftServerConfigKeys (ConfUtils.java:logGet(46)) - raft.server.write.follower.gap.ratio.max = -1.0 (default)
2024-01-11 04:03:21,248 [001cd0bd-e806-4758-aa83-7f483601919f@group-DD870845A42B-LeaderElection7] INFO  server.RaftServerConfigKeys (ConfUtils.java:logGet(46)) - raft.server.log.appender.snapshot.chunk.size.max = 16MB (=16777216) (default)
2024-01-11 04:03:21,248 [001cd0bd-e806-4758-aa83-7f483601919f@group-DD870845A42B-LeaderElection7] INFO  server.RaftServerConfigKeys (ConfUtils.java:logGet(46)) - raft.server.log.appender.buffer.byte-limit = 8388608 (custom)
2024-01-11 04:03:21,248 [001cd0bd-e806-4758-aa83-7f483601919f@group-DD870845A42B-LeaderElection7] INFO  server.RaftServerConfigKeys (ConfUtils.java:logGet(46)) - raft.server.log.appender.buffer.element-limit = 1 (custom)
2024-01-11 04:03:21,248 [001cd0bd-e806-4758-aa83-7f483601919f@group-DD870845A42B-LeaderElection7] INFO  server.RaftServerConfigKeys (ConfUtils.java:logGet(46)) - raft.server.log.appender.wait-time.min = 0μs (custom)
2024-01-11 04:03:21,248 [001cd0bd-e806-4758-aa83-7f483601919f@group-DD870845A42B-LeaderElection7] INFO  grpc.GrpcConfigKeys (ConfUtils.java:logGet(46)) - raft.grpc.server.leader.outstanding.appends.max = 8 (default)
2024-01-11 04:03:21,249 [001cd0bd-e806-4758-aa83-7f483601919f@group-DD870845A42B-LeaderElection7] INFO  server.RaftServerConfigKeys (ConfUtils.java:logGet(46)) - raft.server.rpc.request.timeout = 60s (custom)
2024-01-11 04:03:21,250 [001cd0bd-e806-4758-aa83-7f483601919f@group-DD870845A42B-LeaderElection7] INFO  grpc.GrpcConfigKeys (ConfUtils.java:logGet(46)) - raft.grpc.server.install_snapshot.request.element-limit = 8 (default)
2024-01-11 04:03:21,250 [001cd0bd-e806-4758-aa83-7f483601919f@group-DD870845A42B-LeaderElection7] INFO  grpc.GrpcConfigKeys (ConfUtils.java:logGet(46)) - raft.grpc.server.install_snapshot.request.timeout = 3000ms (default)
2024-01-11 04:03:21,250 [001cd0bd-e806-4758-aa83-7f483601919f@group-DD870845A42B-LeaderElection7] INFO  grpc.GrpcConfigKeys (ConfUtils.java:logGet(46)) - raft.grpc.server.log-message.batch.duration = 5s (default)
2024-01-11 04:03:21,250 [001cd0bd-e806-4758-aa83-7f483601919f@group-DD870845A42B-LeaderElection7] INFO  server.RaftServerConfigKeys (ConfUtils.java:logGet(46)) - raft.server.log.appender.install.snapshot.enabled = false (custom)
2024-01-11 04:03:21,250 [001cd0bd-e806-4758-aa83-7f483601919f@group-DD870845A42B-LeaderElection7] INFO  grpc.GrpcConfigKeys (ConfUtils.java:logGet(46)) - raft.grpc.server.heartbeat.channel = true (default)
2024-01-11 04:03:21,251 [001cd0bd-e806-4758-aa83-7f483601919f@group-DD870845A42B-LeaderElection7] INFO  server.RaftServerConfigKeys (ConfUtils.java:logGet(46)) - raft.server.log.appender.snapshot.chunk.size.max = 16MB (=16777216) (default)
2024-01-11 04:03:21,251 [001cd0bd-e806-4758-aa83-7f483601919f@group-DD870845A42B-LeaderElection7] INFO  server.RaftServerConfigKeys (ConfUtils.java:logGet(46)) - raft.server.log.appender.buffer.byte-limit = 8388608 (custom)
2024-01-11 04:03:21,251 [001cd0bd-e806-4758-aa83-7f483601919f@group-DD870845A42B-LeaderElection7] INFO  server.RaftServerConfigKeys (ConfUtils.java:logGet(46)) - raft.server.log.appender.buffer.element-limit = 1 (custom)
2024-01-11 04:03:21,251 [001cd0bd-e806-4758-aa83-7f483601919f@group-DD870845A42B-LeaderElection7] INFO  server.RaftServerConfigKeys (ConfUtils.java:logGet(46)) - raft.server.log.appender.wait-time.min = 0μs (custom)
2024-01-11 04:03:21,252 [001cd0bd-e806-4758-aa83-7f483601919f@group-DD870845A42B-LeaderElection7] INFO  grpc.GrpcConfigKeys (ConfUtils.java:logGet(46)) - raft.grpc.server.leader.outstanding.appends.max = 8 (default)
2024-01-11 04:03:21,252 [001cd0bd-e806-4758-aa83-7f483601919f@group-DD870845A42B-LeaderElection7] INFO  server.RaftServerConfigKeys (ConfUtils.java:logGet(46)) - raft.server.rpc.request.timeout = 60s (custom)
2024-01-11 04:03:21,252 [001cd0bd-e806-4758-aa83-7f483601919f@group-DD870845A42B-LeaderElection7] INFO  grpc.GrpcConfigKeys (ConfUtils.java:logGet(46)) - raft.grpc.server.install_snapshot.request.element-limit = 8 (default)
2024-01-11 04:03:21,252 [001cd0bd-e806-4758-aa83-7f483601919f@group-DD870845A42B-LeaderElection7] INFO  grpc.GrpcConfigKeys (ConfUtils.java:logGet(46)) - raft.grpc.server.install_snapshot.request.timeout = 3000ms (default)
2024-01-11 04:03:21,252 [001cd0bd-e806-4758-aa83-7f483601919f@group-DD870845A42B-LeaderElection7] INFO  grpc.GrpcConfigKeys (ConfUtils.java:logGet(46)) - raft.grpc.server.log-message.batch.duration = 5s (default)
2024-01-11 04:03:21,252 [001cd0bd-e806-4758-aa83-7f483601919f@group-DD870845A42B-LeaderElection7] INFO  server.RaftServerConfigKeys (ConfUtils.java:logGet(46)) - raft.server.log.appender.install.snapshot.enabled = false (custom)
2024-01-11 04:03:21,252 [001cd0bd-e806-4758-aa83-7f483601919f@group-DD870845A42B-LeaderElection7] INFO  grpc.GrpcConfigKeys (ConfUtils.java:logGet(46)) - raft.grpc.server.heartbeat.channel = true (default)
2024-01-11 04:03:21,252 [001cd0bd-e806-4758-aa83-7f483601919f@group-DD870845A42B-LeaderElection7] INFO  impl.RoleInfo (RoleInfo.java:updateAndGet(139)) - 001cd0bd-e806-4758-aa83-7f483601919f: start 001cd0bd-e806-4758-aa83-7f483601919f@group-DD870845A42B-LeaderStateImpl
2024-01-11 04:03:21,253 [001cd0bd-e806-4758-aa83-7f483601919f@group-DD870845A42B-LeaderElection7] INFO  server.RaftServer$Division (RaftServerImpl.java:setFirstElection(574)) - 001cd0bd-e806-4758-aa83-7f483601919f@group-DD870845A42B: set firstElectionSinceStartup to false for becomeLeader
2024-01-11 04:03:21,253 [001cd0bd-e806-4758-aa83-7f483601919f@group-DD870845A42B-LeaderElection7] INFO  ratis.XceiverServerRatis (XceiverServerRatis.java:handleLeaderChangedNotification(945)) - Leader change notification received for group: group-DD870845A42B with new leaderId: 001cd0bd-e806-4758-aa83-7f483601919f
2024-01-11 04:03:21,253 [001cd0bd-e806-4758-aa83-7f483601919f@group-DD870845A42B-LeaderElection7] INFO  server.RaftServer$Division (ServerState.java:setLeader(269)) - 001cd0bd-e806-4758-aa83-7f483601919f@group-DD870845A42B: change Leader from null to 001cd0bd-e806-4758-aa83-7f483601919f at term 1 for becomeLeader, leader elected after 5271ms
2024-01-11 04:03:21,255 [EventQueue-PipelineReportForPipelineReportHandler] INFO  pipeline.PipelineReportHandler (PipelineReportHandler.java:processPipelineReport(136)) - Opened pipeline PipelineID=d228df97-4663-44ce-ac38-dd870845a42b
2024-01-11 04:03:21,256 [001cd0bd-e806-4758-aa83-7f483601919f@group-DD870845A42B-LeaderElection7] INFO  segmented.SegmentedRaftLogWorker (SegmentedRaftLogWorker.java:startLogSegment(430)) - 001cd0bd-e806-4758-aa83-7f483601919f@group-DD870845A42B-SegmentedRaftLogWorker: Starting segment from index:0
2024-01-11 04:03:21,257 [001cd0bd-e806-4758-aa83-7f483601919f@group-DD870845A42B-LeaderElection7] INFO  server.RaftServer$Division (ServerState.java:setRaftConf(386)) - 001cd0bd-e806-4758-aa83-7f483601919f@group-DD870845A42B: set configuration 0: peers:[001cd0bd-e806-4758-aa83-7f483601919f|10.1.0.34:15023, 160405f6-ad1e-49bf-8de5-8727279c1313|10.1.0.34:15032, e9344016-ed75-4908-bdbb-2b1208d89c49|10.1.0.34:15014]|listeners:[], old=null
2024-01-11 04:03:21,257 [001cd0bd-e806-4758-aa83-7f483601919f@group-DD870845A42B-SegmentedRaftLogWorker] INFO  segmented.BufferedWriteChannel (BufferedWriteChannel.java:open(62)) - open log_inprogress_0 at position 0
2024-01-11 04:03:21,264 [001cd0bd-e806-4758-aa83-7f483601919f@group-DD870845A42B-SegmentedRaftLogWorker] INFO  segmented.SegmentedRaftLogWorker (SegmentedRaftLogWorker.java:execute(634)) - 001cd0bd-e806-4758-aa83-7f483601919f@group-DD870845A42B-SegmentedRaftLogWorker: created new log segment /home/runner/work/ozone/ozone/hadoop-ozone/integration-test/target/test-dir/MiniOzoneClusterImpl-bfa76206-2968-4191-bda1-2218be479879/datanode-1/data/ratis/d228df97-4663-44ce-ac38-dd870845a42b/current/log_inprogress_0
2024-01-11 04:03:21,272 [160405f6-ad1e-49bf-8de5-8727279c1313-server-thread1] INFO  ratis.XceiverServerRatis (XceiverServerRatis.java:handleLeaderChangedNotification(945)) - Leader change notification received for group: group-DD870845A42B with new leaderId: 001cd0bd-e806-4758-aa83-7f483601919f
2024-01-11 04:03:21,272 [e9344016-ed75-4908-bdbb-2b1208d89c49-server-thread1] INFO  ratis.XceiverServerRatis (XceiverServerRatis.java:handleLeaderChangedNotification(945)) - Leader change notification received for group: group-DD870845A42B with new leaderId: 001cd0bd-e806-4758-aa83-7f483601919f
2024-01-11 04:03:21,272 [e9344016-ed75-4908-bdbb-2b1208d89c49-server-thread1] INFO  server.RaftServer$Division (ServerState.java:setLeader(269)) - e9344016-ed75-4908-bdbb-2b1208d89c49@group-DD870845A42B: change Leader from null to 001cd0bd-e806-4758-aa83-7f483601919f at term 1 for appendEntries, leader elected after 5270ms
2024-01-11 04:03:21,272 [160405f6-ad1e-49bf-8de5-8727279c1313-server-thread1] INFO  server.RaftServer$Division (ServerState.java:setLeader(269)) - 160405f6-ad1e-49bf-8de5-8727279c1313@group-DD870845A42B: change Leader from null to 001cd0bd-e806-4758-aa83-7f483601919f at term 1 for appendEntries, leader elected after 5268ms
2024-01-11 04:03:21,277 [e9344016-ed75-4908-bdbb-2b1208d89c49-server-thread2] INFO  server.RaftServer$Division (ServerState.java:setRaftConf(386)) - e9344016-ed75-4908-bdbb-2b1208d89c49@group-DD870845A42B: set configuration 0: peers:[001cd0bd-e806-4758-aa83-7f483601919f|10.1.0.34:15023, 160405f6-ad1e-49bf-8de5-8727279c1313|10.1.0.34:15032, e9344016-ed75-4908-bdbb-2b1208d89c49|10.1.0.34:15014]|listeners:[], old=null
2024-01-11 04:03:21,277 [160405f6-ad1e-49bf-8de5-8727279c1313-server-thread1] INFO  server.RaftServer$Division (ServerState.java:setRaftConf(386)) - 160405f6-ad1e-49bf-8de5-8727279c1313@group-DD870845A42B: set configuration 0: peers:[001cd0bd-e806-4758-aa83-7f483601919f|10.1.0.34:15023, 160405f6-ad1e-49bf-8de5-8727279c1313|10.1.0.34:15032, e9344016-ed75-4908-bdbb-2b1208d89c49|10.1.0.34:15014]|listeners:[], old=null
2024-01-11 04:03:21,277 [e9344016-ed75-4908-bdbb-2b1208d89c49-server-thread2] INFO  segmented.SegmentedRaftLogWorker (SegmentedRaftLogWorker.java:startLogSegment(430)) - e9344016-ed75-4908-bdbb-2b1208d89c49@group-DD870845A42B-SegmentedRaftLogWorker: Starting segment from index:0
2024-01-11 04:03:21,277 [160405f6-ad1e-49bf-8de5-8727279c1313-server-thread1] INFO  segmented.SegmentedRaftLogWorker (SegmentedRaftLogWorker.java:startLogSegment(430)) - 160405f6-ad1e-49bf-8de5-8727279c1313@group-DD870845A42B-SegmentedRaftLogWorker: Starting segment from index:0
2024-01-11 04:03:21,277 [160405f6-ad1e-49bf-8de5-8727279c1313@group-DD870845A42B-SegmentedRaftLogWorker] INFO  segmented.BufferedWriteChannel (BufferedWriteChannel.java:open(62)) - open log_inprogress_0 at position 0
2024-01-11 04:03:21,277 [e9344016-ed75-4908-bdbb-2b1208d89c49@group-DD870845A42B-SegmentedRaftLogWorker] INFO  segmented.BufferedWriteChannel (BufferedWriteChannel.java:open(62)) - open log_inprogress_0 at position 0
2024-01-11 04:03:21,286 [160405f6-ad1e-49bf-8de5-8727279c1313@group-DD870845A42B-SegmentedRaftLogWorker] INFO  segmented.SegmentedRaftLogWorker (SegmentedRaftLogWorker.java:execute(634)) - 160405f6-ad1e-49bf-8de5-8727279c1313@group-DD870845A42B-SegmentedRaftLogWorker: created new log segment /home/runner/work/ozone/ozone/hadoop-ozone/integration-test/target/test-dir/MiniOzoneClusterImpl-bfa76206-2968-4191-bda1-2218be479879/datanode-2/data/ratis/d228df97-4663-44ce-ac38-dd870845a42b/current/log_inprogress_0
2024-01-11 04:03:21,287 [e9344016-ed75-4908-bdbb-2b1208d89c49@group-DD870845A42B-SegmentedRaftLogWorker] INFO  segmented.SegmentedRaftLogWorker (SegmentedRaftLogWorker.java:execute(634)) - e9344016-ed75-4908-bdbb-2b1208d89c49@group-DD870845A42B-SegmentedRaftLogWorker: created new log segment /home/runner/work/ozone/ozone/hadoop-ozone/integration-test/target/test-dir/MiniOzoneClusterImpl-bfa76206-2968-4191-bda1-2218be479879/datanode-0/data/ratis/d228df97-4663-44ce-ac38-dd870845a42b/current/log_inprogress_0
2024-01-11 04:03:21,290 [001cd0bd-e806-4758-aa83-7f483601919f@group-DD870845A42B-StateMachineUpdater] INFO  server.RaftServer$Division (LeaderStateImpl.java:isApplied(320)) - leader is ready since appliedIndex == 0 >= startIndex == 0
2024-01-11 04:03:21,556 [Mini-Cluster-Provider-Create] INFO  ozone.MiniOzoneClusterImpl (MiniOzoneClusterImpl.java:lambda$waitForClusterToBeReady$0(229)) - Nodes are ready. Got 3 of 3 DN Heartbeats.
2024-01-11 04:03:21,557 [Mini-Cluster-Provider-Create] INFO  ozone.MiniOzoneClusterImpl (MiniOzoneClusterImpl.java:lambda$waitForClusterToBeReady$0(232)) - Cluster exits safe mode
2024-01-11 04:03:21,557 [Mini-Cluster-Provider-Create] INFO  ozone.MiniOzoneClusterImpl (MiniOzoneClusterImpl.java:lambda$waitForClusterToBeReady$0(234)) - SCM became leader
2024-01-11 04:03:21,557 [main] INFO  ozone.MiniOzoneClusterImpl (MiniOzoneClusterImpl.java:lambda$waitForClusterToBeReady$0(229)) - Nodes are ready. Got 3 of 3 DN Heartbeats.
2024-01-11 04:03:21,558 [main] INFO  ozone.MiniOzoneClusterImpl (MiniOzoneClusterImpl.java:lambda$waitForClusterToBeReady$0(232)) - Cluster exits safe mode
2024-01-11 04:03:21,558 [main] INFO  ozone.MiniOzoneClusterImpl (MiniOzoneClusterImpl.java:lambda$waitForClusterToBeReady$0(234)) - SCM became leader
2024-01-11 04:03:21,574 [Mini-Cluster-Provider-Create] WARN  server.ServerUtils (ServerUtils.java:getScmDbDir(155)) - ozone.scm.db.dirs is not configured. We recommend adding this setting. Falling back to ozone.metadata.dirs instead.
2024-01-11 04:03:21,575 [main] INFO  protocolPB.OmTransportFactory (OmTransportFactory.java:createFactory(62)) - Loading OM transport implementation org.apache.hadoop.ozone.om.protocolPB.Hadoop3OmTransportFactory as specified by configuration.
2024-01-11 04:03:21,577 [Mini-Cluster-Provider-Create] WARN  server.ServerUtils (ServerUtils.java:getScmDbDir(155)) - ozone.scm.db.dirs is not configured. We recommend adding this setting. Falling back to ozone.metadata.dirs instead.
2024-01-11 04:03:21,578 [Mini-Cluster-Provider-Create] INFO  ha.SCMHANodeDetails (SCMHANodeDetails.java:loadSCMHAConfig(207)) - ServiceID for StorageContainerManager is null
2024-01-11 04:03:21,578 [Mini-Cluster-Provider-Create] INFO  ha.SCMHANodeDetails (SCMHANodeDetails.java:loadSCMHAConfig(212)) - ozone.scm.default.service.id is not defined, falling back to ozone.scm.service.ids to find serviceID for StorageContainerManager if it is HA enabled cluster
2024-01-11 04:03:21,579 [Mini-Cluster-Provider-Create] WARN  utils.HAUtils (HAUtils.java:getMetaDir(339)) - ozone.scm.db.dirs is not configured. We recommend adding this setting. Falling back to ozone.metadata.dirs instead.
2024-01-11 04:03:21,580 [Mini-Cluster-Provider-Create] WARN  db.DBStoreBuilder (DBStoreBuilder.java:applyDBDefinition(167)) - ozone.scm.db.dirs is not configured. We recommend adding this setting. Falling back to ozone.metadata.dirs instead.
2024-01-11 04:03:21,674 [Mini-Cluster-Provider-Create] INFO  net.NodeSchemaLoader (NodeSchemaLoader.java:loadSchemaFromFile(129)) - Loading schema from [jar:file:/home/runner/.m2/repository/org/apache/ozone/hdds-common/1.5.0-SNAPSHOT/hdds-common-1.5.0-SNAPSHOT.jar!/network-topology-default.xml]
2024-01-11 04:03:21,674 [Mini-Cluster-Provider-Create] INFO  net.NodeSchemaLoader (NodeSchemaLoader.java:loadSchema(176)) - Loading network topology layer schema file
2024-01-11 04:03:21,677 [Mini-Cluster-Provider-Create] WARN  dropwizard3.Dm3MetricRegistriesImpl (Dm3MetricRegistriesImpl.java:addReporterRegistration(113)) - New reporters are added after registries were created. Some metrics will be missing from the reporter. Please add reporter before adding any new registry.
2024-01-11 04:03:21,677 [Mini-Cluster-Provider-Create] WARN  dropwizard3.Dm3MetricRegistriesImpl (Dm3MetricRegistriesImpl.java:addReporterRegistration(113)) - New reporters are added after registries were created. Some metrics will be missing from the reporter. Please add reporter before adding any new registry.
2024-01-11 04:03:21,677 [Mini-Cluster-Provider-Create] INFO  upgrade.AbstractLayoutVersionManager (AbstractLayoutVersionManager.java:init(83)) - Initializing Layout version manager with metadata layout = HADOOP_PRC_PORTS_IN_DATANODEDETAILS (version = 7), software layout = HADOOP_PRC_PORTS_IN_DATANODEDETAILS (version = 7)
2024-01-11 04:03:21,679 [Mini-Cluster-Provider-Create] INFO  ha.SequenceIdGenerator (SequenceIdGenerator.java:upgradeToSequenceId(370)) - upgrade localId to 113750153625600000
2024-01-11 04:03:21,679 [Mini-Cluster-Provider-Create] INFO  ha.SequenceIdGenerator (SequenceIdGenerator.java:upgradeToSequenceId(380)) - upgrade delTxnId to 0
2024-01-11 04:03:21,680 [Mini-Cluster-Provider-Create] INFO  ha.SequenceIdGenerator (SequenceIdGenerator.java:upgradeToSequenceId(397)) - upgrade containerId to 0
2024-01-11 04:03:21,681 [Mini-Cluster-Provider-Create] INFO  ha.SequenceIdGenerator (SequenceIdGenerator.java:upgradeToCertificateSequenceId(444)) - upgrade CertificateId to 2
2024-01-11 04:03:21,681 [Mini-Cluster-Provider-Create] INFO  ha.SequenceIdGenerator (SequenceIdGenerator.java:<init>(241)) - Init the HA SequenceIdGenerator.
2024-01-11 04:03:21,681 [Mini-Cluster-Provider-Create] WARN  server.ServerUtils (ServerUtils.java:sanitizeUserArgs(80)) - ozone.scm.stale.node.interval value = 300000 is larger than max = 100000 based on the key value of ozone.scm.heartbeat.thread.interval, reset to the max value 100000.
2024-01-11 04:03:21,681 [Mini-Cluster-Provider-Create] WARN  server.ServerUtils (ServerUtils.java:sanitizeUserArgs(80)) - ozone.scm.stale.node.interval value = 300000 is larger than max = 100000 based on the key value of ozone.scm.heartbeat.thread.interval, reset to the max value 100000.
2024-01-11 04:03:21,682 [Mini-Cluster-Provider-Create] INFO  node.SCMNodeManager (SCMNodeManager.java:<init>(173)) - Entering startup safe mode.
2024-01-11 04:03:21,682 [Mini-Cluster-Provider-Create] INFO  algorithms.ContainerPlacementPolicyFactory (ContainerPlacementPolicyFactory.java:getPolicyInternal(86)) - Create container placement policy of type org.apache.hadoop.hdds.scm.container.placement.algorithms.SCMContainerPlacementRackAware
2024-01-11 04:03:21,683 [Mini-Cluster-Provider-Create] INFO  algorithms.ContainerPlacementPolicyFactory (ContainerPlacementPolicyFactory.java:getPolicyInternal(86)) - Create container placement policy of type org.apache.hadoop.hdds.scm.container.placement.algorithms.SCMContainerPlacementRackScatter
2024-01-11 04:03:21,683 [Mini-Cluster-Provider-Create] INFO  pipeline.PipelineStateManagerImpl (PipelineStateManagerImpl.java:initialize(78)) - No pipeline exists in current db
2024-01-11 04:03:21,683 [Mini-Cluster-Provider-Create] INFO  algorithms.LeaderChoosePolicyFactory (LeaderChoosePolicyFactory.java:getPolicy(57)) - Create leader choose policy of type org.apache.hadoop.hdds.scm.pipeline.leader.choose.algorithms.MinLeaderCountChoosePolicy
2024-01-11 04:03:21,683 [Mini-Cluster-Provider-Create] INFO  algorithms.ContainerPlacementPolicyFactory (ContainerPlacementPolicyFactory.java:getPolicyInternal(86)) - Create container placement policy of type org.apache.hadoop.hdds.scm.container.placement.algorithms.SCMContainerPlacementRackScatter
2024-01-11 04:03:21,683 [Mini-Cluster-Provider-Create] INFO  ha.SCMServiceManager (SCMServiceManager.java:register(42)) - Registering service BackgroundPipelineCreator.
2024-01-11 04:03:21,683 [Mini-Cluster-Provider-Create] INFO  pipeline.BackgroundPipelineCreator (BackgroundPipelineCreator.java:start(127)) - Starting RatisPipelineUtilsThread.
2024-01-11 04:03:21,684 [Mini-Cluster-Provider-Create] INFO  BackgroundPipelineScrubber (BackgroundSCMService.java:start(68)) - Starting BackgroundPipelineScrubber Service.
2024-01-11 04:03:21,684 [Mini-Cluster-Provider-Create] INFO  ha.SCMServiceManager (SCMServiceManager.java:register(42)) - Registering service BackgroundPipelineScrubber.
2024-01-11 04:03:21,684 [Mini-Cluster-Provider-Create] INFO  ExpiredContainerReplicaOpScrubber (BackgroundSCMService.java:start(68)) - Starting ExpiredContainerReplicaOpScrubber Service.
2024-01-11 04:03:21,684 [Mini-Cluster-Provider-Create] INFO  ha.SCMServiceManager (SCMServiceManager.java:register(42)) - Registering service ExpiredContainerReplicaOpScrubber.
2024-01-11 04:03:21,685 [Mini-Cluster-Provider-Create] INFO  algorithms.PipelineChoosePolicyFactory (PipelineChoosePolicyFactory.java:createPipelineChoosePolicyFromClass(78)) - Create pipeline choose policy of type org.apache.hadoop.hdds.scm.pipeline.choose.algorithms.RandomPipelineChoosePolicy
2024-01-11 04:03:21,685 [Mini-Cluster-Provider-Create] INFO  algorithms.PipelineChoosePolicyFactory (PipelineChoosePolicyFactory.java:createPipelineChoosePolicyFromClass(78)) - Create pipeline choose policy of type org.apache.hadoop.hdds.scm.pipeline.choose.algorithms.RandomPipelineChoosePolicy
2024-01-11 04:03:21,686 [Mini-Cluster-Provider-Create] INFO  ha.SCMServiceManager (SCMServiceManager.java:register(42)) - Registering service SCMBlockDeletingService.
2024-01-11 04:03:21,687 [Mini-Cluster-Provider-Create] INFO  replication.ReplicationManager (ReplicationManager.java:start(294)) - Starting Replication Monitor Thread.
2024-01-11 04:03:21,692 [Mini-Cluster-Provider-Create] INFO  ha.SCMServiceManager (SCMServiceManager.java:register(42)) - Registering service ReplicationManager.
2024-01-11 04:03:21,693 [Mini-Cluster-Provider-Create] INFO  safemode.ContainerSafeModeRule (ContainerSafeModeRule.java:<init>(91)) - containers with one replica threshold count 0
2024-01-11 04:03:21,693 [Mini-Cluster-Provider-Create] INFO  safemode.HealthyPipelineSafeModeRule (HealthyPipelineSafeModeRule.java:initializeRule(176)) - Total pipeline count is 0, healthy pipeline threshold count is 1
2024-01-11 04:03:21,694 [Mini-Cluster-Provider-Create] INFO  safemode.OneReplicaPipelineSafeModeRule (OneReplicaPipelineSafeModeRule.java:initializeRule(193)) - Total pipeline count is 0, pipeline's with at least one datanode reported threshold count is 0
2024-01-11 04:03:21,696 [Mini-Cluster-Provider-Create] INFO  server.StorageContainerManager (StorageContainerManager.java:<init>(440)) - SCM start with adminUsers: [runner]
2024-01-11 04:03:21,697 [Mini-Cluster-Provider-Create] INFO  ipc.CallQueueManager (CallQueueManager.java:<init>(90)) - Using callQueue: class java.util.concurrent.LinkedBlockingQueue, queueCapacity: 2000, scheduler: class org.apache.hadoop.ipc.DefaultRpcScheduler, ipcBackoff: false.
2024-01-11 04:03:21,697 [Mini-Cluster-Provider-Create] INFO  ipc.Server (Server.java:<init>(1287)) - Listener at 0.0.0.0:15037
2024-01-11 04:03:21,700 [Socket Reader #1 for port 15037] INFO  ipc.Server (Server.java:run(1323)) - Starting Socket Reader #1 for port 15037
2024-01-11 04:03:21,705 [ReplicationMonitor] INFO  replication.ReplicationManager (ReplicationManager.java:processAll(369)) - Replication Manager is not ready to run until 3000ms after safemode exit
2024-01-11 04:03:21,705 [Mini-Cluster-Provider-Create] INFO  ipc.CallQueueManager (CallQueueManager.java:<init>(90)) - Using callQueue: class java.util.concurrent.LinkedBlockingQueue, queueCapacity: 2000, scheduler: class org.apache.hadoop.ipc.DefaultRpcScheduler, ipcBackoff: false.
2024-01-11 04:03:21,705 [Mini-Cluster-Provider-Create] INFO  ipc.Server (Server.java:<init>(1287)) - Listener at 0.0.0.0:15036
2024-01-11 04:03:21,705 [Socket Reader #1 for port 15036] INFO  ipc.Server (Server.java:run(1323)) - Starting Socket Reader #1 for port 15036
2024-01-11 04:03:21,709 [Mini-Cluster-Provider-Create] INFO  ipc.CallQueueManager (CallQueueManager.java:<init>(90)) - Using callQueue: class java.util.concurrent.LinkedBlockingQueue, queueCapacity: 2000, scheduler: class org.apache.hadoop.ipc.DefaultRpcScheduler, ipcBackoff: false.
2024-01-11 04:03:21,709 [Mini-Cluster-Provider-Create] INFO  ipc.Server (Server.java:<init>(1287)) - Listener at 0.0.0.0:15035
2024-01-11 04:03:21,709 [Socket Reader #1 for port 15035] INFO  ipc.Server (Server.java:run(1323)) - Starting Socket Reader #1 for port 15035
2024-01-11 04:03:21,735 [Mini-Cluster-Provider-Create] INFO  ha.SCMServiceManager (SCMServiceManager.java:register(42)) - Registering service ContainerBalancer.
2024-01-11 04:03:21,736 [Mini-Cluster-Provider-Create] INFO  server.StorageContainerManager (StorageContainerManager.java:<init>(453)) - 
Container Balancer status:
Key                            Value
Running                        false
Container Balancer Configuration values:
Key                                                Value
Threshold                                          10
Max Datanodes to Involve per Iteration(percent)    20
Max Size to Move per Iteration                     500GB
Max Size Entering Target per Iteration             26GB
Max Size Leaving Source per Iteration              26GB
Number of Iterations                               10
Time Limit for Single Container's Movement         65min
Time Limit for Single Container's Replication      50min
Interval between each Iteration                    70min
Whether to Enable Network Topology                 false
Whether to Trigger Refresh Datanode Usage Info     false
Container IDs to Exclude from Balancing            None
Datanodes Specified to be Balanced                 None
Datanodes Excluded from Balancing                  None

2024-01-11 04:03:21,736 [Mini-Cluster-Provider-Create] INFO  ha.SCMContext (SCMContext.java:updateSafeModeStatus(230)) - Update SafeModeStatus from SafeModeStatus{safeModeStatus=true, preCheckPassed=false} to SafeModeStatus{safeModeStatus=true, preCheckPassed=false}.
2024-01-11 04:03:21,737 [Mini-Cluster-Provider-Create] INFO  server.StorageContainerManager (StorageContainerManager.java:start(1546)) - StorageContainerLocationProtocol RPC server is listening at /0.0.0.0:15035
2024-01-11 04:03:21,737 [Mini-Cluster-Provider-Create] INFO  impl.MetricsSystemImpl (MetricsSystemImpl.java:init(158)) - StorageContainerManager metrics system started (again)
2024-01-11 04:03:21,752 [Mini-Cluster-Provider-Create] INFO  server.SCMClientProtocolServer (SCMClientProtocolServer.java:start(201)) - RPC server for Client  is listening at /0.0.0.0:15035
2024-01-11 04:03:21,756 [IPC Server Responder] INFO  ipc.Server (Server.java:run(1562)) - IPC Server Responder: starting
2024-01-11 04:03:21,759 [Mini-Cluster-Provider-Create] INFO  server.StorageContainerManager (StorageContainerManager.java:start(1559)) - ScmBlockLocationProtocol RPC server is listening at /0.0.0.0:15036
2024-01-11 04:03:21,757 [IPC Server listener on 15035] INFO  ipc.Server (Server.java:run(1402)) - IPC Server listener on 15035: starting
2024-01-11 04:03:21,761 [Mini-Cluster-Provider-Create] INFO  server.SCMBlockProtocolServer (SCMBlockProtocolServer.java:start(159)) - RPC server for Block Protocol is listening at /0.0.0.0:15036
2024-01-11 04:03:21,764 [IPC Server Responder] INFO  ipc.Server (Server.java:run(1562)) - IPC Server Responder: starting
2024-01-11 04:03:21,765 [IPC Server listener on 15036] INFO  ipc.Server (Server.java:run(1402)) - IPC Server listener on 15036: starting
2024-01-11 04:03:21,768 [Mini-Cluster-Provider-Create] INFO  server.SCMDatanodeProtocolServer (SCMDatanodeProtocolServer.java:start(193)) - ScmDatanodeProtocol RPC server for DataNodes is listening at /0.0.0.0:15037
2024-01-11 04:03:21,769 [IPC Server Responder] INFO  ipc.Server (Server.java:run(1562)) - IPC Server Responder: starting
2024-01-11 04:03:21,769 [IPC Server listener on 15037] INFO  ipc.Server (Server.java:run(1402)) - IPC Server listener on 15037: starting
2024-01-11 04:03:21,779 [Mini-Cluster-Provider-Create] INFO  http.BaseHttpServer (BaseHttpServer.java:newHttpServer2BuilderForOzone(223)) - Starting Web-server for scm at: http://0.0.0.0:15038
2024-01-11 04:03:21,779 [Mini-Cluster-Provider-Create] INFO  http.BaseHttpServer (BaseHttpServer.java:<init>(110)) - Hadoop Security Enabled: false Ozone Security Enabled: false Ozone HTTP Security Enabled: false 
2024-01-11 04:03:21,780 [JvmPauseMonitor5] INFO  util.JvmPauseMonitor (JvmPauseMonitor.java:run(146)) - JvmPauseMonitor-43bf1331-a289-4555-8d5d-84eb4b3c44c0: Started
2024-01-11 04:03:21,780 [Mini-Cluster-Provider-Create] WARN  server.AuthenticationFilter (AuthenticationFilter.java:constructSecretProvider(240)) - Unable to initialize FileSignerSecretProvider, falling back to use random secrets. Reason: Could not read signature secret file: /home/runner/hadoop-http-auth-signature-secret
2024-01-11 04:03:21,781 [Mini-Cluster-Provider-Create] INFO  http.HttpRequestLog (HttpRequestLog.java:getRequestLog(86)) - Http request log for http.requests.scm is not defined
2024-01-11 04:03:21,782 [Mini-Cluster-Provider-Create] INFO  http.HttpServer2 (HttpServer2.java:addGlobalFilter(1036)) - Added global filter 'safety' (class=org.apache.hadoop.hdds.server.http.HttpServer2$QuotingInputFilter)
2024-01-11 04:03:21,783 [Mini-Cluster-Provider-Create] INFO  http.HttpServer2 (HttpServer2.java:addFilter(1012)) - Added filter static_user_filter (class=org.apache.hadoop.http.lib.StaticUserWebFilter$StaticUserFilter) to context scm
2024-01-11 04:03:21,783 [Mini-Cluster-Provider-Create] INFO  http.HttpServer2 (HttpServer2.java:addFilter(1020)) - Added filter static_user_filter (class=org.apache.hadoop.http.lib.StaticUserWebFilter$StaticUserFilter) to context static
2024-01-11 04:03:21,783 [Mini-Cluster-Provider-Create] INFO  http.HttpServer2 (HttpServer2.java:addFilter(1020)) - Added filter static_user_filter (class=org.apache.hadoop.http.lib.StaticUserWebFilter$StaticUserFilter) to context logs
2024-01-11 04:03:21,784 [Mini-Cluster-Provider-Create] INFO  http.BaseHttpServer (BaseHttpServer.java:<init>(189)) - HTTP server of scm uses base directory /home/runner/work/ozone/ozone/hadoop-ozone/integration-test/target/test-dir/MiniOzoneClusterImpl-8912d24f-c240-4c97-8da2-3552e928269b/ozone-meta/webserver
2024-01-11 04:03:21,784 [Mini-Cluster-Provider-Create] INFO  http.HttpServer2 (HttpServer2.java:bindListener(1236)) - Jetty bound to port 15038
2024-01-11 04:03:21,784 [Mini-Cluster-Provider-Create] INFO  server.Server (Server.java:doStart(375)) - jetty-9.4.53.v20231009; built: 2023-10-09T12:29:09.265Z; git: 27bde00a0b95a1d5bbee0eae7984f891d2d0f8c9; jvm 1.8.0_392-b08
2024-01-11 04:03:21,786 [Mini-Cluster-Provider-Create] INFO  server.session (DefaultSessionIdManager.java:doStart(334)) - DefaultSessionIdManager workerName=node0
2024-01-11 04:03:21,786 [Mini-Cluster-Provider-Create] INFO  server.session (DefaultSessionIdManager.java:doStart(339)) - No SessionScavenger set, using defaults
2024-01-11 04:03:21,786 [Mini-Cluster-Provider-Create] INFO  server.session (HouseKeeper.java:startScavenging(132)) - node0 Scavenging every 660000ms
2024-01-11 04:03:21,789 [Mini-Cluster-Provider-Create] INFO  handler.ContextHandler (ContextHandler.java:doStart(921)) - Started o.e.j.s.ServletContextHandler@36653d31{logs,/logs,file:///home/runner/work/ozone/ozone/hadoop-ozone/integration-test/target/log,AVAILABLE}
2024-01-11 04:03:21,789 [Mini-Cluster-Provider-Create] INFO  handler.ContextHandler (ContextHandler.java:doStart(921)) - Started o.e.j.s.ServletContextHandler@6b018d1{static,/static,file:///home/runner/work/ozone/ozone/hadoop-ozone/integration-test/target/test-classes/webapps/static,AVAILABLE}
2024-01-11 04:03:21,801 [Mini-Cluster-Provider-Create] INFO  handler.ContextHandler (ContextHandler.java:doStart(921)) - Started o.e.j.w.WebAppContext@3f891bba{scm,/,file:///home/runner/work/ozone/ozone/hadoop-ozone/integration-test/target/test-classes/webapps/scm/,AVAILABLE}{file:/home/runner/work/ozone/ozone/hadoop-ozone/integration-test/target/test-classes/webapps/scm}
2024-01-11 04:03:21,804 [Mini-Cluster-Provider-Create] INFO  server.AbstractConnector (AbstractConnector.java:doStart(333)) - Started ServerConnector@bf01666{HTTP/1.1, (http/1.1)}{0.0.0.0:15038}
2024-01-11 04:03:21,804 [Mini-Cluster-Provider-Create] INFO  server.Server (Server.java:doStart(415)) - Started @19658ms
2024-01-11 04:03:21,805 [Mini-Cluster-Provider-Create] WARN  impl.MetricsSystemImpl (MetricsSystemImpl.java:register(279)) - Sink prometheus already exists!
2024-01-11 04:03:21,805 [Mini-Cluster-Provider-Create] INFO  http.BaseHttpServer (BaseHttpServer.java:updateConnectorAddress(354)) - HTTP server of scm listening at http://0.0.0.0:15038
2024-01-11 04:03:21,806 [Mini-Cluster-Provider-Create] WARN  server.ServerUtils (ServerUtils.java:getDBPath(311)) - ozone.om.db.dirs is not configured. We recommend adding this setting. Falling back to ozone.metadata.dirs instead.
2024-01-11 04:03:21,812 [Mini-Cluster-Provider-Create] INFO  ha.OMHANodeDetails (OMHANodeDetails.java:loadOMHAConfig(115)) - ozone.om.internal.service.id is not defined, falling back to ozone.om.service.ids to find serviceID for OzoneManager if it is HA enabled cluster
2024-01-11 04:03:21,813 [Mini-Cluster-Provider-Create] INFO  ha.OMHANodeDetails (OMHANodeDetails.java:loadOMHAConfig(226)) - Configuration does not have ozone.om.address set. Falling back to the default OM address /127.0.0.1:15039
2024-01-11 04:03:21,813 [Mini-Cluster-Provider-Create] INFO  ha.OMHANodeDetails (OMHANodeDetails.java:getOMNodeDetailsForNonHA(254)) - OM Service ID is not set. Setting it to the default ID: omServiceIdDefault
2024-01-11 04:03:21,813 [Mini-Cluster-Provider-Create] INFO  ha.OMHANodeDetails (OMHANodeDetails.java:getOMNodeDetailsForNonHA(261)) - OM Node ID is not set. Setting it to the default ID: om1
2024-01-11 04:03:21,813 [Mini-Cluster-Provider-Create] WARN  server.ServerUtils (ServerUtils.java:getDBPath(311)) - ozone.om.db.dirs is not configured. We recommend adding this setting. Falling back to ozone.metadata.dirs instead.
2024-01-11 04:03:21,814 [Mini-Cluster-Provider-Create] INFO  upgrade.AbstractLayoutVersionManager (AbstractLayoutVersionManager.java:init(83)) - Initializing Layout version manager with metadata layout = QUOTA (version = 6), software layout = QUOTA (version = 6)
2024-01-11 04:03:21,864 [Mini-Cluster-Provider-Create] INFO  upgrade.OMLayoutVersionManager (OMLayoutVersionManager.java:lambda$0(113)) - Skipping Upgrade Action QuotaRepairUpgradeAction since it has been finalized.
2024-01-11 04:03:21,864 [Mini-Cluster-Provider-Create] INFO  upgrade.OMLayoutVersionManager (OMLayoutVersionManager.java:lambda$0(113)) - Skipping Upgrade Action MockOmUpgradeAction since it has been finalized.
2024-01-11 04:03:21,864 [Mini-Cluster-Provider-Create] WARN  server.ServerUtils (ServerUtils.java:getDBPath(311)) - ozone.om.db.dirs is not configured. We recommend adding this setting. Falling back to ozone.metadata.dirs instead.
2024-01-11 04:03:21,865 [Mini-Cluster-Provider-Create] INFO  proxy.SCMBlockLocationFailoverProxyProvider (SCMBlockLocationFailoverProxyProvider.java:<init>(115)) - Created block location fail-over proxy with 1 nodes: [nodeId=scmNodeId,nodeAddress=/0.0.0.0:15036]
2024-01-11 04:03:21,866 [Mini-Cluster-Provider-Create] INFO  proxy.SCMBlockLocationFailoverProxyProvider (SCMBlockLocationFailoverProxyProvider.java:<init>(115)) - Created block location fail-over proxy with 1 nodes: [nodeId=scmNodeId,nodeAddress=/0.0.0.0:15036]
2024-01-11 04:03:21,875 [Mini-Cluster-Provider-Create] INFO  om.OzoneManager (OzoneManager.java:<init>(673)) - OM start with adminUsers: [runner]
2024-01-11 04:03:21,876 [Mini-Cluster-Provider-Create] WARN  server.ServerUtils (ServerUtils.java:getDBPath(311)) - ozone.om.db.dirs is not configured. We recommend adding this setting. Falling back to ozone.metadata.dirs instead.
2024-01-11 04:03:21,877 [Mini-Cluster-Provider-Create] INFO  helpers.OmKeyInfo (OmKeyInfo.java:getCodec(71)) - OmKeyInfo.getCodec ignorePipeline = true
2024-01-11 04:03:22,061 [Mini-Cluster-Provider-Create] INFO  om.OzoneManager (OzoneManager.java:instantiateServices(805)) - S3 Multi-Tenancy is disabled
2024-01-11 04:03:22,061 [Mini-Cluster-Provider-Create] INFO  om.OmSnapshotManager (OmSnapshotManager.java:<init>(176)) - Ozone filesystem snapshot feature is enabled.
2024-01-11 04:03:22,061 [Mini-Cluster-Provider-Create] WARN  server.ServerUtils (ServerUtils.java:getDBPath(311)) - ozone.om.snapshot.diff.db.dir is not configured. We recommend adding this setting. Falling back to ozone.metadata.dirs instead.
2024-01-11 04:03:22,073 [main] INFO  rpc.RpcClient (RpcClient.java:createVolume(456)) - Creating Volume: vol, with runner as owner and space quota set to -1 bytes, counts quota set to -1
2024-01-11 04:03:22,082 [Mini-Cluster-Provider-Create] INFO  utils.NativeLibraryLoader (NativeLibraryLoader.java:loadLibrary(108)) - Loading Library: ozone_rocksdb_tools
2024-01-11 04:03:22,083 [Mini-Cluster-Provider-Create] INFO  snapshot.SnapshotDiffManager (SnapshotDiffManager.java:closeExecutorService(1688)) - Shutting down executorService: 'SstDumpToolExecutor'
2024-01-11 04:03:22,085 [Mini-Cluster-Provider-Create] INFO  om.OzoneManager (OzoneManager.java:addS3GVolumeToDB(4429)) - Created Volume s3v With Owner runner required for S3Gateway operations.
2024-01-11 04:03:22,085 [Mini-Cluster-Provider-Create] WARN  server.ServerUtils (ServerUtils.java:getDefaultRatisDirectory(323)) - Storage directory for Ratis is not configured. It is a good idea to map this to an SSD disk. Falling back to ozone.metadata.dirs
2024-01-11 04:03:22,085 [Mini-Cluster-Provider-Create] WARN  utils.OzoneManagerRatisUtils (OzoneManagerRatisUtils.java:getOMRatisSnapshotDirectory(473)) - ozone.om.ratis.snapshot.dir is not configured. Falling back to ozone.metadata.dirs config
2024-01-11 04:03:22,085 [Mini-Cluster-Provider-Create] WARN  dropwizard3.Dm3MetricRegistriesImpl (Dm3MetricRegistriesImpl.java:addReporterRegistration(113)) - New reporters are added after registries were created. Some metrics will be missing from the reporter. Please add reporter before adding any new registry.
2024-01-11 04:03:22,085 [Mini-Cluster-Provider-Create] WARN  dropwizard3.Dm3MetricRegistriesImpl (Dm3MetricRegistriesImpl.java:addReporterRegistration(113)) - New reporters are added after registries were created. Some metrics will be missing from the reporter. Please add reporter before adding any new registry.
2024-01-11 04:03:22,092 [Mini-Cluster-Provider-Create] WARN  server.ServerUtils (ServerUtils.java:getDefaultRatisDirectory(323)) - Storage directory for Ratis is not configured. It is a good idea to map this to an SSD disk. Falling back to ozone.metadata.dirs
2024-01-11 04:03:22,093 [Mini-Cluster-Provider-Create] INFO  ratis.OzoneManagerRatisServer (OzoneManagerRatisServer.java:<init>(167)) - Instantiating OM Ratis server with groupID: omServiceIdDefault and peers: localhost:15042
2024-01-11 04:03:22,093 [Mini-Cluster-Provider-Create] INFO  ratis.OzoneManagerStateMachine (OzoneManagerStateMachine.java:loadSnapshotInfoFromDB(711)) - TransactionInfo not found in OM DB.
2024-01-11 04:03:22,097 [Mini-Cluster-Provider-Create] INFO  server.RaftServer (ConfUtils.java:logGet(46)) - raft.rpc.type = GRPC (default)
2024-01-11 04:03:22,098 [Mini-Cluster-Provider-Create] INFO  grpc.GrpcConfigKeys (ConfUtils.java:logFallback(53)) - raft.grpc.admin.host = null (fallback to raft.grpc.server.host)
2024-01-11 04:03:22,098 [Mini-Cluster-Provider-Create] INFO  grpc.GrpcConfigKeys (ConfUtils.java:logFallback(53)) - raft.grpc.admin.port = 15042 (fallback to raft.grpc.server.port)
2024-01-11 04:03:22,099 [Mini-Cluster-Provider-Create] INFO  grpc.GrpcConfigKeys (ConfUtils.java:logFallback(53)) - raft.grpc.client.host = null (fallback to raft.grpc.server.host)
2024-01-11 04:03:22,099 [Mini-Cluster-Provider-Create] INFO  grpc.GrpcConfigKeys (ConfUtils.java:logFallback(53)) - raft.grpc.client.port = 15042 (fallback to raft.grpc.server.port)
2024-01-11 04:03:22,099 [Mini-Cluster-Provider-Create] INFO  grpc.GrpcConfigKeys (ConfUtils.java:logGet(46)) - raft.grpc.server.host = null (default)
2024-01-11 04:03:22,099 [Mini-Cluster-Provider-Create] INFO  grpc.GrpcConfigKeys (ConfUtils.java:logGet(46)) - raft.grpc.server.port = 15042 (custom)
2024-01-11 04:03:22,099 [Mini-Cluster-Provider-Create] INFO  server.GrpcService (ConfUtils.java:logGet(46)) - raft.grpc.message.size.max = 4194304 (custom)
2024-01-11 04:03:22,099 [Mini-Cluster-Provider-Create] INFO  server.RaftServerConfigKeys (ConfUtils.java:logGet(46)) - raft.server.log.appender.buffer.byte-limit = 4194304 (custom)
2024-01-11 04:03:22,099 [Mini-Cluster-Provider-Create] INFO  server.GrpcService (ConfUtils.java:logGet(46)) - raft.grpc.flow.control.window = 1MB (=1048576) (default)
2024-01-11 04:03:22,099 [Mini-Cluster-Provider-Create] INFO  server.RaftServerConfigKeys (ConfUtils.java:logGet(46)) - raft.server.rpc.request.timeout = 3000ms (default)
2024-01-11 04:03:22,100 [Mini-Cluster-Provider-Create] INFO  grpc.GrpcConfigKeys (ConfUtils.java:logGet(46)) - raft.grpc.server.heartbeat.channel = true (default)
2024-01-11 04:03:22,100 [Mini-Cluster-Provider-Create] INFO  grpc.GrpcConfigKeys (ConfUtils.java:logGet(46)) - raft.grpc.server.async.request.thread.pool.cached = true (default)
2024-01-11 04:03:22,100 [Mini-Cluster-Provider-Create] INFO  grpc.GrpcConfigKeys (ConfUtils.java:logGet(46)) - raft.grpc.server.async.request.thread.pool.size = 32 (default)
2024-01-11 04:03:22,101 [Mini-Cluster-Provider-Create] INFO  impl.DataStreamServerImpl (ConfUtils.java:logGet(46)) - raft.datastream.type = DISABLED (default)
2024-01-11 04:03:22,101 [Mini-Cluster-Provider-Create] INFO  server.RaftServerConfigKeys (ConfUtils.java:logGet(46)) - raft.server.sleep.deviation.threshold = 300ms (default)
2024-01-11 04:03:22,101 [Mini-Cluster-Provider-Create] INFO  server.RaftServerConfigKeys (ConfUtils.java:logGet(46)) - raft.server.close.threshold = 60s (default)
2024-01-11 04:03:22,101 [Mini-Cluster-Provider-Create] INFO  server.RaftServerConfigKeys (ConfUtils.java:logGet(46)) - raft.server.leaderelection.leader.step-down.wait-time = 10s (default)
2024-01-11 04:03:22,102 [Mini-Cluster-Provider-Create] INFO  server.RaftServerConfigKeys (ConfUtils.java:logGet(46)) - raft.server.storage.dir = [/home/runner/work/ozone/ozone/hadoop-ozone/integration-test/target/test-dir/MiniOzoneClusterImpl-8912d24f-c240-4c97-8da2-3552e928269b/ozone-meta/ratis] (custom)
2024-01-11 04:03:22,102 [Mini-Cluster-Provider-Create] INFO  server.RaftServerConfigKeys (ConfUtils.java:logGet(46)) - raft.server.threadpool.proxy.cached = true (default)
2024-01-11 04:03:22,102 [Mini-Cluster-Provider-Create] INFO  server.RaftServerConfigKeys (ConfUtils.java:logGet(46)) - raft.server.threadpool.proxy.size = 0 (default)
2024-01-11 04:03:22,102 [Mini-Cluster-Provider-Create] INFO  server.RaftServer (RaftServerProxy.java:addNew(100)) - om1: addNew group-C5BA1605619E:[om1|localhost:15042] returns group-C5BA1605619E:java.util.concurrent.CompletableFuture@8fa39e0[Not completed]
2024-01-11 04:03:22,102 [om1-groupManagement] INFO  server.RaftServer$Division (RaftServerImpl.java:<init>(256)) - om1: new RaftServerImpl for group-C5BA1605619E:[om1|localhost:15042] with OzoneManagerStateMachine:uninitialized
2024-01-11 04:03:22,102 [Mini-Cluster-Provider-Create] INFO  om.OzoneManager (OzoneManager.java:initializeRatisServer(2141)) - OzoneManager Ratis server initialized at port 15042
2024-01-11 04:03:22,103 [om1-groupManagement] INFO  server.RaftServerConfigKeys (ConfUtils.java:logGet(46)) - raft.server.rpc.timeout.min = 1s (custom)
2024-01-11 04:03:22,103 [Mini-Cluster-Provider-Create] INFO  om.OzoneManager (OzoneManager.java:getRpcServer(1207)) - Creating RPC Server
2024-01-11 04:03:22,103 [om1-groupManagement] INFO  server.RaftServerConfigKeys (ConfUtils.java:logGet(46)) - raft.server.rpc.timeout.max = 1200ms (custom)
2024-01-11 04:03:22,103 [om1-groupManagement] INFO  server.RaftServerConfigKeys (ConfUtils.java:logGet(46)) - raft.server.rpc.sleep.time = 25ms (default)
2024-01-11 04:03:22,103 [om1-groupManagement] INFO  server.RaftServerConfigKeys (ConfUtils.java:logGet(46)) - raft.server.rpc.slowness.timeout = 120s (custom)
2024-01-11 04:03:22,103 [om1-groupManagement] INFO  server.RaftServerConfigKeys (ConfUtils.java:logGet(46)) - raft.server.leaderelection.leader.step-down.wait-time = 10s (default)
2024-01-11 04:03:22,103 [om1-groupManagement] INFO  server.RaftServerConfigKeys (ConfUtils.java:logGet(46)) - raft.server.leaderelection.member.majority-add = false (default)
2024-01-11 04:03:22,103 [om1-groupManagement] INFO  server.RaftServerConfigKeys (ConfUtils.java:logGet(46)) - raft.server.sleep.deviation.threshold = 300ms (default)
2024-01-11 04:03:22,103 [om1-groupManagement] INFO  server.RaftServer$Division (ServerState.java:<init>(113)) - om1@group-C5BA1605619E: ConfigurationManager, init=-1: peers:[om1|localhost:15042]|listeners:[], old=null, confs=<EMPTY_MAP>
2024-01-11 04:03:22,103 [om1-groupManagement] INFO  server.RaftServerConfigKeys (ConfUtils.java:logGet(46)) - raft.server.notification.no-leader.timeout = 120s (custom)
2024-01-11 04:03:22,104 [om1-groupManagement] INFO  server.RaftServerConfigKeys (ConfUtils.java:logGet(46)) - raft.server.read.timeout = 10s (default)
2024-01-11 04:03:22,104 [om1-groupManagement] INFO  server.RaftServerConfigKeys (ConfUtils.java:logGet(46)) - raft.server.retrycache.expirytime = 300s (custom)
2024-01-11 04:03:22,104 [om1-groupManagement] INFO  server.RaftServerConfigKeys (ConfUtils.java:logGet(46)) - raft.server.retrycache.statistics.expirytime = 100ms (default)
2024-01-11 04:03:22,104 [om1-groupManagement] INFO  server.RaftServerConfigKeys (ConfUtils.java:logGet(46)) - raft.server.read.option = DEFAULT (default)
2024-01-11 04:03:22,104 [om1-groupManagement] INFO  server.RaftServerConfigKeys (ConfUtils.java:logGet(46)) - raft.server.read.read-after-write-consistent.write-index-cache.expiry-time = 60s (default)
2024-01-11 04:03:22,104 [om1-groupManagement] INFO  server.RaftServerConfigKeys (ConfUtils.java:logGet(46)) - raft.server.rpc.request.timeout = 3000ms (default)
2024-01-11 04:03:22,104 [om1-groupManagement] INFO  server.RaftServerConfigKeys (ConfUtils.java:logGet(46)) - raft.server.log.appender.install.snapshot.enabled = false (custom)
2024-01-11 04:03:22,104 [om1-groupManagement] INFO  server.RaftServerConfigKeys (ConfUtils.java:logGet(46)) - raft.server.threadpool.server.cached = true (default)
2024-01-11 04:03:22,104 [om1-groupManagement] INFO  server.RaftServerConfigKeys (ConfUtils.java:logGet(46)) - raft.server.threadpool.server.size = 0 (default)
2024-01-11 04:03:22,104 [om1-groupManagement] INFO  server.RaftServerConfigKeys (ConfUtils.java:logGet(46)) - raft.server.threadpool.client.cached = true (default)
2024-01-11 04:03:22,105 [om1-groupManagement] INFO  server.RaftServerConfigKeys (ConfUtils.java:logGet(46)) - raft.server.threadpool.client.size = 0 (default)
2024-01-11 04:03:22,141 [om1-OMStateMachineApplyTransactionThread - 0] INFO  volume.OMVolumeCreateRequest (OMVolumeCreateRequest.java:validateAndUpdateCache(198)) - created volume:vol for user:runner
2024-01-11 04:03:22,162 [om1-OMDoubleBufferFlushThread] INFO  helpers.OmKeyInfo (OmKeyInfo.java:getCodec(71)) - OmKeyInfo.getCodec ignorePipeline = true
2024-01-11 04:03:22,162 [om1-OMDoubleBufferFlushThread] INFO  helpers.OmKeyInfo (OmKeyInfo.java:getCodec(71)) - OmKeyInfo.getCodec ignorePipeline = true
2024-01-11 04:03:22,163 [om1-OMDoubleBufferFlushThread] INFO  helpers.OmKeyInfo (OmKeyInfo.java:getCodec(71)) - OmKeyInfo.getCodec ignorePipeline = true
2024-01-11 04:03:22,163 [om1-OMDoubleBufferFlushThread] INFO  helpers.OmKeyInfo (OmKeyInfo.java:getCodec(71)) - OmKeyInfo.getCodec ignorePipeline = true
2024-01-11 04:03:22,163 [om1-OMDoubleBufferFlushThread] INFO  helpers.OmKeyInfo (OmKeyInfo.java:getCodec(71)) - OmKeyInfo.getCodec ignorePipeline = true
2024-01-11 04:03:22,178 [main] INFO  rpc.RpcClient (RpcClient.java:createBucket(683)) - Creating Bucket: vol/bucket, with server-side default bucket layout, runner as owner, Versioning false, Storage Type set to DISK and Encryption set to false, Replication Type set to server-side default replication type, Namespace Quota set to -1, Space Quota set to -1 
2024-01-11 04:03:22,203 [om1-OMStateMachineApplyTransactionThread - 0] INFO  bucket.OMBucketCreateRequest (OMBucketCreateRequest.java:validateAndUpdateCache(296)) - created bucket: bucket of layout FILE_SYSTEM_OPTIMIZED in volume: vol
2024-01-11 04:03:22,304 [main] INFO  ozone.MiniOzoneClusterImpl (MiniOzoneClusterImpl.java:shutdown(449)) - Shutting down the Mini Ozone Cluster
2024-01-11 04:03:22,306 [main] INFO  db.CodecTestUtil (CodecTestUtil.java:gc(50)) - gc 0
2024-01-11 04:03:22,571 [Mini-Cluster-Provider-Create] INFO  ipc.CallQueueManager (CallQueueManager.java:<init>(90)) - Using callQueue: class java.util.concurrent.LinkedBlockingQueue, queueCapacity: 2000, scheduler: class org.apache.hadoop.ipc.DefaultRpcScheduler, ipcBackoff: false.
2024-01-11 04:03:22,571 [Mini-Cluster-Provider-Create] INFO  ipc.Server (Server.java:<init>(1287)) - Listener at 127.0.0.1:15039
2024-01-11 04:03:22,571 [Socket Reader #1 for port 15039] INFO  ipc.Server (Server.java:run(1323)) - Starting Socket Reader #1 for port 15039
2024-01-11 04:03:22,587 [Mini-Cluster-Provider-Create] INFO  impl.MetricsSystemImpl (MetricsSystemImpl.java:init(158)) - OzoneManager metrics system started (again)
2024-01-11 04:03:22,589 [main] INFO  ozone.MiniOzoneClusterImpl (MiniOzoneClusterImpl.java:stop(465)) - Stopping the Mini Ozone Cluster
2024-01-11 04:03:22,589 [main] INFO  om.OzoneManager (OzoneManager.java:stop(2204)) - om1[localhost:15004]: Stopping Ozone Manager
2024-01-11 04:03:22,590 [main] INFO  ipc.Server (Server.java:stop(3523)) - Stopping server on 15004
2024-01-11 04:03:22,593 [IPC Server listener on 15004] INFO  ipc.Server (Server.java:run(1434)) - Stopping IPC Server listener on 15004
2024-01-11 04:03:22,593 [IPC Server Responder] INFO  ipc.Server (Server.java:run(1567)) - Stopping IPC Server Responder
2024-01-11 04:03:22,597 [main] INFO  server.RaftServer (RaftServerProxy.java:lambda$close$9(416)) - om1: close
2024-01-11 04:03:22,598 [om1-impl-thread1] INFO  server.RaftServer$Division (RaftServerImpl.java:lambda$close$3(526)) - om1@group-C5BA1605619E: shutdown
2024-01-11 04:03:22,598 [main] INFO  server.GrpcService (GrpcService.java:closeImpl(311)) - om1: shutdown server GrpcServerProtocolService now
2024-01-11 04:03:22,598 [om1-impl-thread1] INFO  util.JmxRegister (JmxRegister.java:unregister(73)) - Successfully un-registered JMX Bean with object name Ratis:service=RaftServer,group=group-C5BA1605619E,id=om1
2024-01-11 04:03:22,600 [om1-impl-thread1] INFO  impl.RoleInfo (RoleInfo.java:shutdownLeaderState(94)) - om1: shutdown om1@group-C5BA1605619E-LeaderStateImpl
2024-01-11 04:03:22,601 [om1-impl-thread1] INFO  impl.PendingRequests (PendingRequests.java:sendNotLeaderResponses(289)) - om1@group-C5BA1605619E-PendingRequests: sendNotLeaderResponses
2024-01-11 04:03:22,604 [om1-impl-thread1] INFO  impl.StateMachineUpdater (StateMachineUpdater.java:stopAndJoin(157)) - om1@group-C5BA1605619E-StateMachineUpdater: set stopIndex = 4
2024-01-11 04:03:22,604 [om1@group-C5BA1605619E-StateMachineUpdater] INFO  ratis.OzoneManagerStateMachine (OzoneManagerStateMachine.java:takeSnapshot(496)) - Current Snapshot Index (t:1, i:4)
2024-01-11 04:03:22,606 [main] INFO  server.GrpcService (GrpcService.java:closeImpl(320)) - om1: shutdown server GrpcServerProtocolService successfully
2024-01-11 04:03:22,613 [Mini-Cluster-Provider-Create] INFO  om.OzoneManager (OzoneManager.java:start(1629)) - OzoneManager RPC server is listening at localhost/127.0.0.1:15039
2024-01-11 04:03:22,613 [Mini-Cluster-Provider-Create] INFO  ratis.OzoneManagerRatisServer (OzoneManagerRatisServer.java:start(588)) - Starting OzoneManagerRatisServer om1 at port 15042
2024-01-11 04:03:22,613 [om1-impl-thread1] INFO  server.RaftServerConfigKeys (ConfUtils.java:logGet(46)) - raft.server.storage.free-space.min = 0MB (=0) (default)
2024-01-11 04:03:22,613 [om1-impl-thread1] INFO  server.RaftServerConfigKeys (ConfUtils.java:logGet(46)) - raft.server.log.corruption.policy = EXCEPTION (default)
2024-01-11 04:03:22,614 [om1-impl-thread1] INFO  server.RaftServerConfigKeys (ConfUtils.java:logGet(46)) - raft.server.storage.dir = [/home/runner/work/ozone/ozone/hadoop-ozone/integration-test/target/test-dir/MiniOzoneClusterImpl-8912d24f-c240-4c97-8da2-3552e928269b/ozone-meta/ratis] (custom)
2024-01-11 04:03:22,614 [om1-impl-thread1] INFO  storage.RaftStorageDirectory (RaftStorageDirectoryImpl.java:analyzeStorage(138)) - The storage directory /home/runner/work/ozone/ozone/hadoop-ozone/integration-test/target/test-dir/MiniOzoneClusterImpl-8912d24f-c240-4c97-8da2-3552e928269b/ozone-meta/ratis/bf265839-605b-3f16-9796-c5ba1605619e does not exist. Creating ...
2024-01-11 04:03:22,615 [om1-impl-thread1] INFO  storage.RaftStorageDirectory (RaftStorageDirectoryImpl.java:tryLock(228)) - Lock on /home/runner/work/ozone/ozone/hadoop-ozone/integration-test/target/test-dir/MiniOzoneClusterImpl-8912d24f-c240-4c97-8da2-3552e928269b/ozone-meta/ratis/bf265839-605b-3f16-9796-c5ba1605619e/in_use.lock acquired by nodename 56095@fv-az1458-636
2024-01-11 04:03:22,616 [om1-impl-thread1] INFO  storage.RaftStorage (RaftStorageImpl.java:format(99)) - Storage directory /home/runner/work/ozone/ozone/hadoop-ozone/integration-test/target/test-dir/MiniOzoneClusterImpl-8912d24f-c240-4c97-8da2-3552e928269b/ozone-meta/ratis/bf265839-605b-3f16-9796-c5ba1605619e has been successfully formatted.
2024-01-11 04:03:22,616 [om1-impl-thread1] WARN  util.FileUtils (LogUtils.java:supplyAndLog(63)) - Failed to Files.newInputStream /home/runner/work/ozone/ozone/hadoop-ozone/integration-test/target/test-dir/MiniOzoneClusterImpl-8912d24f-c240-4c97-8da2-3552e928269b/ozone-meta/ratis/bf265839-605b-3f16-9796-c5ba1605619e/current/raft-meta.conf with options []: java.nio.file.NoSuchFileException: /home/runner/work/ozone/ozone/hadoop-ozone/integration-test/target/test-dir/MiniOzoneClusterImpl-8912d24f-c240-4c97-8da2-3552e928269b/ozone-meta/ratis/bf265839-605b-3f16-9796-c5ba1605619e/current/raft-meta.conf
2024-01-11 04:03:22,616 [om1-impl-thread1] INFO  server.RaftServerConfigKeys (ConfUtils.java:logGet(46)) - raft.server.log.use.memory = false (default)
2024-01-11 04:03:22,616 [om1-impl-thread1] INFO  server.RaftServerConfigKeys (ConfUtils.java:logGet(46)) - raft.server.log.purge.gap = 1000000 (custom)
2024-01-11 04:03:22,616 [om1-impl-thread1] INFO  server.RaftServerConfigKeys (ConfUtils.java:logGet(46)) - raft.server.log.appender.buffer.byte-limit = 4194304 (custom)
2024-01-11 04:03:22,616 [om1-impl-thread1] INFO  server.RaftServerConfigKeys (ConfUtils.java:logGet(46)) - raft.server.log.statemachine.data.read.timeout = 1000ms (default)
2024-01-11 04:03:22,617 [om1-impl-thread1] INFO  server.RaftServerConfigKeys (ConfUtils.java:logGet(46)) - raft.server.log.purge.preservation.log.num = 0 (default)
2024-01-11 04:03:22,617 [om1-impl-thread1] INFO  server.RaftServerConfigKeys (ConfUtils.java:logGet(46)) - raft.server.log.segment.size.max = 4194304 (custom)
2024-01-11 04:03:22,617 [om1-impl-thread1] INFO  server.RaftServerConfigKeys (ConfUtils.java:logGet(46)) - raft.server.log.segment.cache.num.max = 2 (custom)
2024-01-11 04:03:22,617 [om1-impl-thread1] INFO  server.RaftServerConfigKeys (ConfUtils.java:logGet(46)) - raft.server.log.segment.cache.size.max = 200MB (=209715200) (default)
2024-01-11 04:03:22,617 [om1-impl-thread1] INFO  server.RaftServerConfigKeys (ConfUtils.java:logGet(46)) - raft.server.log.appender.buffer.byte-limit = 4194304 (custom)
2024-01-11 04:03:22,617 [om1-impl-thread1] INFO  util.AwaitToRun (AwaitToRun.java:start(81)) - Thread[om1@group-C5BA1605619E-cacheEviction-AwaitToRun,5,main] started
2024-01-11 04:03:22,617 [om1-impl-thread1] INFO  segmented.SegmentedRaftLogWorker (SegmentedRaftLogWorker.java:<init>(182)) - new om1@group-C5BA1605619E-SegmentedRaftLogWorker for RaftStorageImpl:Storage Directory /home/runner/work/ozone/ozone/hadoop-ozone/integration-test/target/test-dir/MiniOzoneClusterImpl-8912d24f-c240-4c97-8da2-3552e928269b/ozone-meta/ratis/bf265839-605b-3f16-9796-c5ba1605619e
2024-01-11 04:03:22,617 [om1-impl-thread1] INFO  server.RaftServerConfigKeys (ConfUtils.java:logGet(46)) - raft.server.log.queue.byte-limit = 64MB (=67108864) (default)
2024-01-11 04:03:22,617 [om1-impl-thread1] INFO  server.RaftServerConfigKeys (ConfUtils.java:logGet(46)) - raft.server.log.queue.element-limit = 4096 (default)
2024-01-11 04:03:22,617 [om1-impl-thread1] INFO  server.RaftServerConfigKeys (ConfUtils.java:logGet(46)) - raft.server.log.segment.size.max = 4194304 (custom)
2024-01-11 04:03:22,617 [om1-impl-thread1] INFO  server.RaftServerConfigKeys (ConfUtils.java:logGet(46)) - raft.server.log.preallocated.size = 4194304 (custom)
2024-01-11 04:03:22,617 [om1-impl-thread1] INFO  server.RaftServerConfigKeys (ConfUtils.java:logGet(46)) - raft.server.log.force.sync.num = 128 (default)
2024-01-11 04:03:22,617 [om1-impl-thread1] INFO  server.RaftServerConfigKeys (ConfUtils.java:logGet(46)) - raft.server.log.statemachine.data.sync = true (default)
2024-01-11 04:03:22,618 [om1-impl-thread1] INFO  server.RaftServerConfigKeys (ConfUtils.java:logGet(46)) - raft.server.log.statemachine.data.sync.timeout = 10s (default)
2024-01-11 04:03:22,618 [om1-impl-thread1] INFO  server.RaftServerConfigKeys (ConfUtils.java:logGet(46)) - raft.server.log.statemachine.data.sync.timeout.retry = -1 (default)
2024-01-11 04:03:22,618 [om1-impl-thread1] INFO  server.RaftServerConfigKeys (ConfUtils.java:logGet(46)) - raft.server.log.write.buffer.size = 4194312 (custom)
2024-01-11 04:03:22,620 [om1-impl-thread1] INFO  server.RaftServerConfigKeys (ConfUtils.java:logGet(46)) - raft.server.log.appender.buffer.byte-limit = 4194304 (custom)
2024-01-11 04:03:22,620 [om1-impl-thread1] INFO  server.RaftServerConfigKeys (ConfUtils.java:logGet(46)) - raft.server.log.unsafe-flush.enabled = false (default)
2024-01-11 04:03:22,620 [om1-impl-thread1] INFO  server.RaftServerConfigKeys (ConfUtils.java:logGet(46)) - raft.server.log.async-flush.enabled = false (default)
2024-01-11 04:03:22,620 [om1-impl-thread1] INFO  server.RaftServerConfigKeys (ConfUtils.java:logGet(46)) - raft.server.log.statemachine.data.caching.enabled = false (default)
2024-01-11 04:03:22,620 [om1-impl-thread1] INFO  segmented.SegmentedRaftLogWorker (SegmentedRaftLogWorker.java:lambda$new$0(134)) - om1@group-C5BA1605619E-SegmentedRaftLogWorker: flushIndex: setUnconditionally 0 -> -1
2024-01-11 04:03:22,621 [om1-impl-thread1] INFO  segmented.SegmentedRaftLogWorker (SegmentedRaftLogWorker.java:lambda$new$0(134)) - om1@group-C5BA1605619E-SegmentedRaftLogWorker: safeCacheEvictIndex: setUnconditionally 0 -> -1
2024-01-11 04:03:22,621 [om1-impl-thread1] INFO  server.RaftServer$Division (RaftServerImpl.java:start(396)) - om1@group-C5BA1605619E: start as a follower, conf=-1: peers:[om1|localhost:15042]|listeners:[], old=null
2024-01-11 04:03:22,621 [om1-impl-thread1] INFO  server.RaftServer$Division (RaftServerImpl.java:setRole(383)) - om1@group-C5BA1605619E: changes role from      null to FOLLOWER at term 0 for startAsFollower
2024-01-11 04:03:22,622 [om1-impl-thread1] INFO  impl.RoleInfo (RoleInfo.java:updateAndGet(139)) - om1: start om1@group-C5BA1605619E-FollowerState
2024-01-11 04:03:22,623 [om1@group-C5BA1605619E-FollowerState] INFO  server.RaftServerConfigKeys (ConfUtils.java:logFallback(53)) - raft.server.rpc.first-election.timeout.min = 1s (fallback to raft.server.rpc.timeout.min)
2024-01-11 04:03:22,623 [om1@group-C5BA1605619E-StateMachineUpdater] INFO  impl.StateMachineUpdater (StateMachineUpdater.java:takeSnapshot(295)) - om1@group-C5BA1605619E-StateMachineUpdater: Took a snapshot at index 4
2024-01-11 04:03:22,624 [om1@group-C5BA1605619E-StateMachineUpdater] INFO  impl.StateMachineUpdater (StateMachineUpdater.java:lambda$new$0(98)) - om1@group-C5BA1605619E-StateMachineUpdater: snapshotIndex: updateIncreasingly -1 -> 4
2024-01-11 04:03:22,624 [om1-impl-thread1] INFO  util.JmxRegister (JmxRegister.java:tryRegister(44)) - Successfully registered JMX Bean with object name Ratis:service=RaftServer,group=group-C5BA1605619E,id=om1
2024-01-11 04:03:22,624 [om1@group-C5BA1605619E-StateMachineUpdater] INFO  ratis.OzoneManagerStateMachine (OzoneManagerStateMachine.java:close(546)) - StateMachine has shutdown. Shutdown OzoneManager if not already shutdown.
2024-01-11 04:03:22,625 [om1-impl-thread1] INFO  server.RaftServerConfigKeys (ConfUtils.java:logGet(46)) - raft.server.snapshot.trigger-when-stop.enabled = true (default)
2024-01-11 04:03:22,625 [om1@group-C5BA1605619E-StateMachineUpdater] INFO  ratis.OzoneManagerDoubleBuffer (OzoneManagerDoubleBuffer.java:stopDaemon(535)) - Stopping OMDoubleBuffer flush thread
2024-01-11 04:03:22,624 [om1@group-C5BA1605619E-FollowerState] INFO  server.RaftServerConfigKeys (ConfUtils.java:logFallback(53)) - raft.server.rpc.first-election.timeout.max = 1200ms (fallback to raft.server.rpc.timeout.max)
2024-01-11 04:03:22,625 [om1-OMDoubleBufferFlushThread] INFO  ratis.OzoneManagerDoubleBuffer (OzoneManagerDoubleBuffer.java:canFlush(615)) - OMDoubleBuffer flush thread om1-OMDoubleBufferFlushThread is interrupted and will exit.
2024-01-11 04:03:22,625 [om1-impl-thread1] INFO  server.RaftServerConfigKeys (ConfUtils.java:logGet(46)) - raft.server.snapshot.auto.trigger.enabled = true (custom)
2024-01-11 04:03:22,627 [om1-impl-thread1] INFO  server.RaftServerConfigKeys (ConfUtils.java:logGet(46)) - raft.server.snapshot.auto.trigger.threshold = 400000 (default)
2024-01-11 04:03:22,627 [om1-impl-thread1] INFO  server.RaftServerConfigKeys (ConfUtils.java:logGet(46)) - raft.server.snapshot.retention.file.num = -1 (default)
2024-01-11 04:03:22,627 [om1-impl-thread1] INFO  server.RaftServerConfigKeys (ConfUtils.java:logGet(46)) - raft.server.log.purge.upto.snapshot.index = true (custom)
2024-01-11 04:03:22,628 [om1@group-C5BA1605619E-StateMachineUpdater] INFO  ratis.OzoneManagerStateMachine (OzoneManagerStateMachine.java:stop(755)) - applyTransactionMap size 0 
2024-01-11 04:03:22,628 [om1@group-C5BA1605619E-StateMachineUpdater] INFO  ratis.OzoneManagerStateMachine (OzoneManagerStateMachine.java:stop(761)) - ratisTransactionMap size 0
2024-01-11 04:03:22,628 [om1-impl-thread1] INFO  server.RaftServer$Division (ServerState.java:close(427)) - om1@group-C5BA1605619E: applyIndex: 4
2024-01-11 04:03:22,628 [Mini-Cluster-Provider-Create] INFO  server.RaftServer (RaftServerProxy.java:startImpl(406)) - om1: start RPC server
2024-01-11 04:03:22,629 [om1@group-C5BA1605619E-cacheEviction-AwaitToRun] INFO  util.AwaitToRun (AwaitToRun.java:run(49)) - om1@group-C5BA1605619E-cacheEviction-AwaitToRun-AwaitForSignal is interrupted
2024-01-11 04:03:22,631 [Mini-Cluster-Provider-Create] INFO  server.GrpcService (GrpcService.java:startImpl(302)) - om1: GrpcService started, listening on 15042
2024-01-11 04:03:22,632 [JvmPauseMonitor6] INFO  util.JvmPauseMonitor (JvmPauseMonitor.java:run(146)) - JvmPauseMonitor-om1: Started
2024-01-11 04:03:22,632 [Mini-Cluster-Provider-Create] INFO  om.OzoneManager (OzoneManager.java:start(1645)) - Version File has different layout version (6) than OM DB (null). That is expected if this OM has never been finalized to a newer layout version.
2024-01-11 04:03:22,651 [Mini-Cluster-Provider-Create] INFO  http.BaseHttpServer (BaseHttpServer.java:newHttpServer2BuilderForOzone(223)) - Starting Web-server for ozoneManager at: http://0.0.0.0:15040
2024-01-11 04:03:22,651 [Mini-Cluster-Provider-Create] INFO  http.BaseHttpServer (BaseHttpServer.java:<init>(110)) - Hadoop Security Enabled: false Ozone Security Enabled: false Ozone HTTP Security Enabled: false 
2024-01-11 04:03:22,652 [Mini-Cluster-Provider-Create] WARN  server.AuthenticationFilter (AuthenticationFilter.java:constructSecretProvider(240)) - Unable to initialize FileSignerSecretProvider, falling back to use random secrets. Reason: Could not read signature secret file: /home/runner/hadoop-http-auth-signature-secret
2024-01-11 04:03:22,652 [Mini-Cluster-Provider-Create] INFO  http.HttpRequestLog (HttpRequestLog.java:getRequestLog(86)) - Http request log for http.requests.ozoneManager is not defined
2024-01-11 04:03:22,654 [Mini-Cluster-Provider-Create] INFO  http.HttpServer2 (HttpServer2.java:addGlobalFilter(1036)) - Added global filter 'safety' (class=org.apache.hadoop.hdds.server.http.HttpServer2$QuotingInputFilter)
2024-01-11 04:03:22,656 [Mini-Cluster-Provider-Create] INFO  http.HttpServer2 (HttpServer2.java:addFilter(1012)) - Added filter static_user_filter (class=org.apache.hadoop.http.lib.StaticUserWebFilter$StaticUserFilter) to context ozoneManager
2024-01-11 04:03:22,656 [Mini-Cluster-Provider-Create] INFO  http.HttpServer2 (HttpServer2.java:addFilter(1020)) - Added filter static_user_filter (class=org.apache.hadoop.http.lib.StaticUserWebFilter$StaticUserFilter) to context static
2024-01-11 04:03:22,656 [Mini-Cluster-Provider-Create] INFO  http.HttpServer2 (HttpServer2.java:addFilter(1020)) - Added filter static_user_filter (class=org.apache.hadoop.http.lib.StaticUserWebFilter$StaticUserFilter) to context logs
2024-01-11 04:03:22,657 [Mini-Cluster-Provider-Create] INFO  http.BaseHttpServer (BaseHttpServer.java:<init>(189)) - HTTP server of ozoneManager uses base directory /home/runner/work/ozone/ozone/hadoop-ozone/integration-test/target/test-dir/MiniOzoneClusterImpl-8912d24f-c240-4c97-8da2-3552e928269b/ozone-meta/webserver
2024-01-11 04:03:22,658 [Mini-Cluster-Provider-Create] INFO  http.HttpServer2 (HttpServer2.java:bindListener(1236)) - Jetty bound to port 15040
2024-01-11 04:03:22,658 [Mini-Cluster-Provider-Create] INFO  server.Server (Server.java:doStart(375)) - jetty-9.4.53.v20231009; built: 2023-10-09T12:29:09.265Z; git: 27bde00a0b95a1d5bbee0eae7984f891d2d0f8c9; jvm 1.8.0_392-b08
2024-01-11 04:03:22,659 [Mini-Cluster-Provider-Create] INFO  server.session (DefaultSessionIdManager.java:doStart(334)) - DefaultSessionIdManager workerName=node0
2024-01-11 04:03:22,659 [Mini-Cluster-Provider-Create] INFO  server.session (DefaultSessionIdManager.java:doStart(339)) - No SessionScavenger set, using defaults
2024-01-11 04:03:22,659 [Mini-Cluster-Provider-Create] INFO  server.session (HouseKeeper.java:startScavenging(132)) - node0 Scavenging every 600000ms
2024-01-11 04:03:22,660 [Mini-Cluster-Provider-Create] INFO  handler.ContextHandler (ContextHandler.java:doStart(921)) - Started o.e.j.s.ServletContextHandler@4832a989{logs,/logs,file:///home/runner/work/ozone/ozone/hadoop-ozone/integration-test/target/log,AVAILABLE}
2024-01-11 04:03:22,660 [Mini-Cluster-Provider-Create] INFO  handler.ContextHandler (ContextHandler.java:doStart(921)) - Started o.e.j.s.ServletContextHandler@6c0c10d9{static,/static,file:///home/runner/work/ozone/ozone/hadoop-ozone/integration-test/target/test-classes/webapps/static,AVAILABLE}
2024-01-11 04:03:22,666 [Mini-Cluster-Provider-Create] INFO  handler.ContextHandler (ContextHandler.java:doStart(921)) - Started o.e.j.w.WebAppContext@1a7881b9{ozoneManager,/,file:///home/runner/work/ozone/ozone/hadoop-ozone/integration-test/target/test-classes/webapps/ozoneManager/,AVAILABLE}{file:/home/runner/work/ozone/ozone/hadoop-ozone/integration-test/target/test-classes/webapps/ozoneManager}
2024-01-11 04:03:22,667 [Mini-Cluster-Provider-Create] INFO  server.AbstractConnector (AbstractConnector.java:doStart(333)) - Started ServerConnector@41a0788{HTTP/1.1, (http/1.1)}{0.0.0.0:15040}
2024-01-11 04:03:22,667 [Mini-Cluster-Provider-Create] INFO  server.Server (Server.java:doStart(415)) - Started @20521ms
2024-01-11 04:03:22,668 [Mini-Cluster-Provider-Create] WARN  impl.MetricsSystemImpl (MetricsSystemImpl.java:register(279)) - Sink prometheus already exists!
2024-01-11 04:03:22,668 [Mini-Cluster-Provider-Create] INFO  http.BaseHttpServer (BaseHttpServer.java:updateConnectorAddress(354)) - HTTP server of ozoneManager listening at http://0.0.0.0:15040
2024-01-11 04:03:22,668 [IPC Server Responder] INFO  ipc.Server (Server.java:run(1562)) - IPC Server Responder: starting
2024-01-11 04:03:22,672 [IPC Server listener on 15039] INFO  ipc.Server (Server.java:run(1402)) - IPC Server listener on 15039: starting
2024-01-11 04:03:22,674 [Mini-Cluster-Provider-Create] INFO  om.OzoneManager (OzoneManager.java:startTrashEmptier(2094)) - Trash Interval set to 0. Files deleted won't move to trash
2024-01-11 04:03:22,685 [Mini-Cluster-Provider-Create] WARN  dropwizard3.Dm3MetricRegistriesImpl (Dm3MetricRegistriesImpl.java:addReporterRegistration(113)) - New reporters are added after registries were created. Some metrics will be missing from the reporter. Please add reporter before adding any new registry.
2024-01-11 04:03:22,685 [Mini-Cluster-Provider-Create] WARN  dropwizard3.Dm3MetricRegistriesImpl (Dm3MetricRegistriesImpl.java:addReporterRegistration(113)) - New reporters are added after registries were created. Some metrics will be missing from the reporter. Please add reporter before adding any new registry.
2024-01-11 04:03:22,685 [Mini-Cluster-Provider-Create] INFO  impl.MetricsSystemImpl (MetricsSystemImpl.java:init(158)) - HddsDatanode metrics system started (again)
2024-01-11 04:03:22,698 [Mini-Cluster-Provider-Create] INFO  ozone.HddsDatanodeService (HddsDatanodeService.java:start(239)) - HddsDatanodeService host:fv-az1458-636 ip:10.1.0.34
2024-01-11 04:03:22,713 [Mini-Cluster-Provider-Create] INFO  upgrade.AbstractLayoutVersionManager (AbstractLayoutVersionManager.java:init(83)) - Initializing Layout version manager with metadata layout = HADOOP_PRC_PORTS_IN_DATANODEDETAILS (version = 7), software layout = HADOOP_PRC_PORTS_IN_DATANODEDETAILS (version = 7)
2024-01-11 04:03:22,714 [Mini-Cluster-Provider-Create] INFO  statemachine.DatanodeStateMachine (DatanodeStateMachine.java:getEndPointTaskThreadPoolSize(299)) - Datanode State Machine Task Thread Pool size 2
2024-01-11 04:03:22,716 [Mini-Cluster-Provider-Create] INFO  volume.HddsVolume (HddsVolume.java:<init>(125)) - Creating HddsVolume: /home/runner/work/ozone/ozone/hadoop-ozone/integration-test/target/test-dir/MiniOzoneClusterImpl-8912d24f-c240-4c97-8da2-3552e928269b/datanode-0/data-0/containers/hdds of storage type : DISK capacity : 9223372036854775807
2024-01-11 04:03:22,716 [Mini-Cluster-Provider-Create] INFO  volume.MutableVolumeSet (MutableVolumeSet.java:initializeVolumeSet(173)) - Added Volume : /home/runner/work/ozone/ozone/hadoop-ozone/integration-test/target/test-dir/MiniOzoneClusterImpl-8912d24f-c240-4c97-8da2-3552e928269b/datanode-0/data-0/containers/hdds to VolumeSet
2024-01-11 04:03:22,717 [Mini-Cluster-Provider-Create] INFO  volume.MutableVolumeSet (MutableVolumeSet.java:initializeVolumeSet(173)) - Added Volume : /home/runner/work/ozone/ozone/hadoop-ozone/integration-test/target/test-dir/MiniOzoneClusterImpl-8912d24f-c240-4c97-8da2-3552e928269b/datanode-0/data/ratis to VolumeSet
2024-01-11 04:03:22,718 [Mini-Cluster-Provider-Create] INFO  ozoneimpl.OzoneContainer (HddsVolumeUtil.java:loadAllHddsVolumeDbStore(103)) - Load 1 volumes DbStore cost: 1ms
2024-01-11 04:03:22,718 [df850d10-9c85-4972-b407-c0325fc6d584-ContainerReader-0] INFO  ozoneimpl.ContainerReader (ContainerReader.java:readVolume(178)) - Finish verifying containers on volume /home/runner/work/ozone/ozone/hadoop-ozone/integration-test/target/test-dir/MiniOzoneClusterImpl-8912d24f-c240-4c97-8da2-3552e928269b/datanode-0/data-0/containers/hdds
2024-01-11 04:03:22,718 [Mini-Cluster-Provider-Create] INFO  ozoneimpl.OzoneContainer (OzoneContainer.java:buildContainerSet(328)) - Build ContainerSet costs 0s
2024-01-11 04:03:22,721 [Mini-Cluster-Provider-Create] INFO  server.RaftServer (ConfUtils.java:logGet(46)) - raft.rpc.type = GRPC (default)
2024-01-11 04:03:22,721 [Mini-Cluster-Provider-Create] INFO  grpc.GrpcConfigKeys (ConfUtils.java:logFallback(53)) - raft.grpc.admin.host = null (fallback to raft.grpc.server.host)
2024-01-11 04:03:22,721 [Mini-Cluster-Provider-Create] INFO  grpc.GrpcConfigKeys (ConfUtils.java:logGet(46)) - raft.grpc.admin.port = 15048 (custom)
2024-01-11 04:03:22,721 [Mini-Cluster-Provider-Create] INFO  grpc.GrpcConfigKeys (ConfUtils.java:logFallback(53)) - raft.grpc.client.host = null (fallback to raft.grpc.server.host)
2024-01-11 04:03:22,721 [Mini-Cluster-Provider-Create] INFO  grpc.GrpcConfigKeys (ConfUtils.java:logGet(46)) - raft.grpc.client.port = 15047 (custom)
2024-01-11 04:03:22,721 [Mini-Cluster-Provider-Create] INFO  grpc.GrpcConfigKeys (ConfUtils.java:logGet(46)) - raft.grpc.server.host = null (default)
2024-01-11 04:03:22,721 [Mini-Cluster-Provider-Create] INFO  grpc.GrpcConfigKeys (ConfUtils.java:logGet(46)) - raft.grpc.server.port = 15049 (custom)
2024-01-11 04:03:22,722 [Mini-Cluster-Provider-Create] INFO  server.GrpcService (ConfUtils.java:logGet(46)) - raft.grpc.message.size.max = 32MB (=33554432) (custom)
2024-01-11 04:03:22,722 [Mini-Cluster-Provider-Create] INFO  server.RaftServerConfigKeys (ConfUtils.java:logGet(46)) - raft.server.log.appender.buffer.byte-limit = 8388608 (custom)
2024-01-11 04:03:22,722 [Mini-Cluster-Provider-Create] INFO  server.GrpcService (ConfUtils.java:logGet(46)) - raft.grpc.flow.control.window = 5MB (=5242880) (custom)
2024-01-11 04:03:22,722 [Mini-Cluster-Provider-Create] INFO  server.RaftServerConfigKeys (ConfUtils.java:logGet(46)) - raft.server.rpc.request.timeout = 60s (custom)
2024-01-11 04:03:22,722 [Mini-Cluster-Provider-Create] INFO  grpc.GrpcConfigKeys (ConfUtils.java:logGet(46)) - raft.grpc.server.heartbeat.channel = true (default)
2024-01-11 04:03:22,722 [Mini-Cluster-Provider-Create] INFO  grpc.GrpcConfigKeys (ConfUtils.java:logGet(46)) - raft.grpc.server.async.request.thread.pool.cached = true (default)
2024-01-11 04:03:22,722 [Mini-Cluster-Provider-Create] INFO  grpc.GrpcConfigKeys (ConfUtils.java:logGet(46)) - raft.grpc.server.async.request.thread.pool.size = 32 (default)
2024-01-11 04:03:22,725 [Mini-Cluster-Provider-Create] INFO  impl.DataStreamServerImpl (ConfUtils.java:logGet(46)) - raft.datastream.type = NETTY (custom)
2024-01-11 04:03:22,725 [Mini-Cluster-Provider-Create] INFO  server.RaftServerConfigKeys (ConfUtils.java:logGet(46)) - raft.server.data-stream.async.request.thread.pool.cached = false (default)
2024-01-11 04:03:22,725 [Mini-Cluster-Provider-Create] INFO  server.RaftServerConfigKeys (ConfUtils.java:logGet(46)) - raft.server.data-stream.async.request.thread.pool.size = 20 (custom)
2024-01-11 04:03:22,725 [Mini-Cluster-Provider-Create] INFO  server.RaftServerConfigKeys (ConfUtils.java:logGet(46)) - raft.server.data-stream.async.write.thread.pool.size = 16 (default)
2024-01-11 04:03:22,725 [Mini-Cluster-Provider-Create] INFO  netty.NettyConfigKeys$DataStream (ConfUtils.java:logGet(46)) - raft.netty.dataStream.server.channel.inactive.grace-period = 10min (default)
2024-01-11 04:03:22,725 [Mini-Cluster-Provider-Create] INFO  server.RaftServerConfigKeys (ConfUtils.java:logGet(46)) - raft.server.data-stream.client.pool.size = 10 (default)
2024-01-11 04:03:22,725 [Mini-Cluster-Provider-Create] INFO  netty.NettyConfigKeys$DataStream (ConfUtils.java:logGet(46)) - raft.netty.dataStream.server.use-epoll = true (default)
2024-01-11 04:03:22,726 [Mini-Cluster-Provider-Create] INFO  netty.NettyConfigKeys$DataStream (ConfUtils.java:logGet(46)) - raft.netty.dataStream.server.boss-group.size = 0 (default)
2024-01-11 04:03:22,726 [Mini-Cluster-Provider-Create] INFO  netty.NettyUtils (NettyUtils.java:newEventLoopGroup(69)) - Create EpollEventLoopGroup for df850d10-9c85-4972-b407-c0325fc6d584-NettyServerStreamRpc-bossGroup; Thread size is 0.
2024-01-11 04:03:22,726 [Mini-Cluster-Provider-Create] INFO  netty.NettyConfigKeys$DataStream (ConfUtils.java:logGet(46)) - raft.netty.dataStream.server.worker-group.size = 0 (default)
2024-01-11 04:03:22,726 [Mini-Cluster-Provider-Create] INFO  netty.NettyUtils (NettyUtils.java:newEventLoopGroup(69)) - Create EpollEventLoopGroup for df850d10-9c85-4972-b407-c0325fc6d584-NettyServerStreamRpc-workerGroup; Thread size is 0.
2024-01-11 04:03:22,726 [Mini-Cluster-Provider-Create] INFO  netty.NettyConfigKeys$DataStream (ConfUtils.java:logGet(46)) - raft.netty.dataStream.server.tls.conf = null (default)
2024-01-11 04:03:22,727 [Mini-Cluster-Provider-Create] INFO  netty.NettyConfigKeys$DataStream (ConfUtils.java:logGet(46)) - raft.netty.dataStream.host = null (default)
2024-01-11 04:03:22,727 [Mini-Cluster-Provider-Create] INFO  netty.NettyConfigKeys$DataStream (ConfUtils.java:logGet(46)) - raft.netty.dataStream.port = 15050 (custom)
2024-01-11 04:03:22,727 [Mini-Cluster-Provider-Create] INFO  server.RaftServerConfigKeys (ConfUtils.java:logGet(46)) - raft.server.sleep.deviation.threshold = 300ms (default)
2024-01-11 04:03:22,727 [Mini-Cluster-Provider-Create] INFO  server.RaftServerConfigKeys (ConfUtils.java:logGet(46)) - raft.server.close.threshold = 60s (default)
2024-01-11 04:03:22,727 [Mini-Cluster-Provider-Create] INFO  server.RaftServerConfigKeys (ConfUtils.java:logGet(46)) - raft.server.leaderelection.leader.step-down.wait-time = 10s (default)
2024-01-11 04:03:22,727 [df850d10-9c85-4972-b407-c0325fc6d584-NettyServerStreamRpc-bossGroup--thread1] INFO  logging.LoggingHandler (AbstractInternalLogger.java:log(148)) - [id: 0x347934bd] REGISTERED
2024-01-11 04:03:22,727 [Mini-Cluster-Provider-Create] INFO  server.RaftServerConfigKeys (ConfUtils.java:logGet(46)) - raft.server.storage.dir = [/home/runner/work/ozone/ozone/hadoop-ozone/integration-test/target/test-dir/MiniOzoneClusterImpl-8912d24f-c240-4c97-8da2-3552e928269b/datanode-0/data/ratis] (custom)
2024-01-11 04:03:22,727 [df850d10-9c85-4972-b407-c0325fc6d584-NettyServerStreamRpc-bossGroup--thread1] INFO  logging.LoggingHandler (AbstractInternalLogger.java:log(148)) - [id: 0x347934bd] BIND: 0.0.0.0/0.0.0.0:15050
2024-01-11 04:03:22,728 [Mini-Cluster-Provider-Create] INFO  server.RaftServerConfigKeys (ConfUtils.java:logGet(46)) - raft.server.threadpool.proxy.cached = true (default)
2024-01-11 04:03:22,728 [df850d10-9c85-4972-b407-c0325fc6d584-NettyServerStreamRpc-bossGroup--thread1] INFO  logging.LoggingHandler (AbstractInternalLogger.java:log(148)) - [id: 0x347934bd, L:/0.0.0.0:15050] ACTIVE
2024-01-11 04:03:22,728 [Mini-Cluster-Provider-Create] INFO  server.RaftServerConfigKeys (ConfUtils.java:logGet(46)) - raft.server.threadpool.proxy.size = 0 (default)
2024-01-11 04:03:22,729 [df850d10-9c85-4972-b407-c0325fc6d584-impl-thread1] INFO  server.RaftServer (RaftServerProxy.java:initGroupDir(264)) - df850d10-9c85-4972-b407-c0325fc6d584: found a subdirectory /home/runner/work/ozone/ozone/hadoop-ozone/integration-test/target/test-dir/MiniOzoneClusterImpl-8912d24f-c240-4c97-8da2-3552e928269b/datanode-0/data/ratis/tmp
2024-01-11 04:03:22,729 [df850d10-9c85-4972-b407-c0325fc6d584-impl-thread1] INFO  server.RaftServer (RaftServerProxy.java:initGroupDir(269)) - df850d10-9c85-4972-b407-c0325fc6d584: The directory /home/runner/work/ozone/ozone/hadoop-ozone/integration-test/target/test-dir/MiniOzoneClusterImpl-8912d24f-c240-4c97-8da2-3552e928269b/datanode-0/data/ratis/tmp is not a group directory; ignoring it. 
2024-01-11 04:03:22,729 [Mini-Cluster-Provider-Create] INFO  replication.ReplicationServer (ReplicationServer.java:<init>(85)) - Initializing replication server with thread count = 10 queue length = 4096
2024-01-11 04:03:22,730 [Mini-Cluster-Provider-Create] INFO  server.XceiverServerGrpc (XceiverServerGrpc.java:<init>(141)) - GrpcServer channel type EpollServerSocketChannel
2024-01-11 04:03:22,732 [Mini-Cluster-Provider-Create] INFO  replication.ReplicationSupervisor (ReplicationSupervisor.java:build(163)) - Initializing replication supervisor with thread count = 10
2024-01-11 04:03:22,732 [Mini-Cluster-Provider-Create] INFO  replication.ReplicationSupervisor (ReplicationSupervisor.java:nodeStateUpdated(317)) - Node state updated to IN_SERVICE, scaling executor pool size to 10
2024-01-11 04:03:22,735 [Mini-Cluster-Provider-Create] INFO  http.BaseHttpServer (BaseHttpServer.java:newHttpServer2BuilderForOzone(223)) - Starting Web-server for hddsDatanode at: http://0.0.0.0:15044
2024-01-11 04:03:22,736 [Mini-Cluster-Provider-Create] INFO  http.BaseHttpServer (BaseHttpServer.java:<init>(110)) - Hadoop Security Enabled: false Ozone Security Enabled: false Ozone HTTP Security Enabled: false 
2024-01-11 04:03:22,737 [Mini-Cluster-Provider-Create] WARN  server.AuthenticationFilter (AuthenticationFilter.java:constructSecretProvider(240)) - Unable to initialize FileSignerSecretProvider, falling back to use random secrets. Reason: Could not read signature secret file: /home/runner/hadoop-http-auth-signature-secret
2024-01-11 04:03:22,741 [Mini-Cluster-Provider-Create] INFO  http.HttpRequestLog (HttpRequestLog.java:getRequestLog(86)) - Http request log for http.requests.hddsDatanode is not defined
2024-01-11 04:03:22,742 [Mini-Cluster-Provider-Create] INFO  http.HttpServer2 (HttpServer2.java:addGlobalFilter(1036)) - Added global filter 'safety' (class=org.apache.hadoop.hdds.server.http.HttpServer2$QuotingInputFilter)
2024-01-11 04:03:22,743 [Mini-Cluster-Provider-Create] INFO  http.HttpServer2 (HttpServer2.java:addFilter(1012)) - Added filter static_user_filter (class=org.apache.hadoop.http.lib.StaticUserWebFilter$StaticUserFilter) to context hddsDatanode
2024-01-11 04:03:22,743 [Mini-Cluster-Provider-Create] INFO  http.HttpServer2 (HttpServer2.java:addFilter(1020)) - Added filter static_user_filter (class=org.apache.hadoop.http.lib.StaticUserWebFilter$StaticUserFilter) to context logs
2024-01-11 04:03:22,743 [Mini-Cluster-Provider-Create] INFO  http.HttpServer2 (HttpServer2.java:addFilter(1020)) - Added filter static_user_filter (class=org.apache.hadoop.http.lib.StaticUserWebFilter$StaticUserFilter) to context static
2024-01-11 04:03:22,743 [Mini-Cluster-Provider-Create] INFO  http.BaseHttpServer (BaseHttpServer.java:<init>(189)) - HTTP server of hddsDatanode uses base directory /home/runner/work/ozone/ozone/hadoop-ozone/integration-test/target/test-dir/MiniOzoneClusterImpl-8912d24f-c240-4c97-8da2-3552e928269b/datanode-0/meta/webserver
2024-01-11 04:03:22,744 [Mini-Cluster-Provider-Create] INFO  http.HttpServer2 (HttpServer2.java:bindListener(1236)) - Jetty bound to port 15044
2024-01-11 04:03:22,744 [Mini-Cluster-Provider-Create] INFO  server.Server (Server.java:doStart(375)) - jetty-9.4.53.v20231009; built: 2023-10-09T12:29:09.265Z; git: 27bde00a0b95a1d5bbee0eae7984f891d2d0f8c9; jvm 1.8.0_392-b08
2024-01-11 04:03:22,746 [Mini-Cluster-Provider-Create] INFO  server.session (DefaultSessionIdManager.java:doStart(334)) - DefaultSessionIdManager workerName=node0
2024-01-11 04:03:22,746 [Mini-Cluster-Provider-Create] INFO  server.session (DefaultSessionIdManager.java:doStart(339)) - No SessionScavenger set, using defaults
2024-01-11 04:03:22,747 [Mini-Cluster-Provider-Create] INFO  server.session (HouseKeeper.java:startScavenging(132)) - node0 Scavenging every 600000ms
2024-01-11 04:03:22,748 [Mini-Cluster-Provider-Create] INFO  handler.ContextHandler (ContextHandler.java:doStart(921)) - Started o.e.j.s.ServletContextHandler@1761b1f2{logs,/logs,file:///home/runner/work/ozone/ozone/hadoop-ozone/integration-test/target/log,AVAILABLE}
2024-01-11 04:03:22,748 [Mini-Cluster-Provider-Create] INFO  handler.ContextHandler (ContextHandler.java:doStart(921)) - Started o.e.j.s.ServletContextHandler@7fc5fc93{static,/static,jar:file:/home/runner/.m2/repository/org/apache/ozone/hdds-container-service/1.5.0-SNAPSHOT/hdds-container-service-1.5.0-SNAPSHOT.jar!/webapps/static,AVAILABLE}
2024-01-11 04:03:22,799 [Mini-Cluster-Provider-Create] INFO  handler.ContextHandler (ContextHandler.java:doStart(921)) - Started o.e.j.w.WebAppContext@55612317{hddsDatanode,/,file:///home/runner/work/ozone/ozone/hadoop-ozone/integration-test/target/test-dir/MiniOzoneClusterImpl-8912d24f-c240-4c97-8da2-3552e928269b/datanode-0/meta/webserver/jetty-0_0_0_0-15044-hdds-container-service-1_5_0-SNAPSHOT_jar-_-any-8770422110420865249/webapp/,AVAILABLE}{jar:file:/home/runner/.m2/repository/org/apache/ozone/hdds-container-service/1.5.0-SNAPSHOT/hdds-container-service-1.5.0-SNAPSHOT.jar!/webapps/hddsDatanode}
2024-01-11 04:03:22,801 [Mini-Cluster-Provider-Create] INFO  server.AbstractConnector (AbstractConnector.java:doStart(333)) - Started ServerConnector@4c728880{HTTP/1.1, (http/1.1)}{0.0.0.0:15044}
2024-01-11 04:03:22,801 [Mini-Cluster-Provider-Create] INFO  server.Server (Server.java:doStart(415)) - Started @20654ms
2024-01-11 04:03:22,801 [Mini-Cluster-Provider-Create] WARN  impl.MetricsSystemImpl (MetricsSystemImpl.java:register(279)) - Sink prometheus already exists!
2024-01-11 04:03:22,802 [Mini-Cluster-Provider-Create] INFO  http.BaseHttpServer (BaseHttpServer.java:updateConnectorAddress(354)) - HTTP server of hddsDatanode listening at http://0.0.0.0:15044
2024-01-11 04:03:22,802 [Mini-Cluster-Provider-Create] INFO  ipc.CallQueueManager (CallQueueManager.java:<init>(90)) - Using callQueue: class java.util.concurrent.LinkedBlockingQueue, queueCapacity: 100, scheduler: class org.apache.hadoop.ipc.DefaultRpcScheduler, ipcBackoff: false.
2024-01-11 04:03:22,803 [Mini-Cluster-Provider-Create] INFO  ipc.Server (Server.java:<init>(1287)) - Listener at 0.0.0.0:15045
2024-01-11 04:03:22,803 [Socket Reader #1 for port 15045] INFO  ipc.Server (Server.java:run(1323)) - Starting Socket Reader #1 for port 15045
2024-01-11 04:03:22,806 [Mini-Cluster-Provider-Create] INFO  ozone.HddsDatanodeService (HddsDatanodeService.java:start(324)) - Datanode start with admins: [runner]
2024-01-11 04:03:22,806 [Mini-Cluster-Provider-Create] INFO  ozone.HddsDatanodeClientProtocolServer (HddsDatanodeClientProtocolServer.java:start(72)) - RPC server for Client /0.0.0.0:15045
2024-01-11 04:03:22,808 [IPC Server Responder] INFO  ipc.Server (Server.java:run(1562)) - IPC Server Responder: starting
2024-01-11 04:03:22,815 [IPC Server listener on 15045] INFO  ipc.Server (Server.java:run(1402)) - IPC Server listener on 15045: starting
2024-01-11 04:03:22,816 [df850d10-9c85-4972-b407-c0325fc6d584-DatanodeStateMachineDaemonThread] INFO  statemachine.DatanodeStateMachine (DatanodeStateMachine.java:lambda$startDaemon$1(555)) - Ozone container server started.
2024-01-11 04:03:22,816 [Mini-Cluster-Provider-Create] WARN  dropwizard3.Dm3MetricRegistriesImpl (Dm3MetricRegistriesImpl.java:addReporterRegistration(113)) - New reporters are added after registries were created. Some metrics will be missing from the reporter. Please add reporter before adding any new registry.
2024-01-11 04:03:22,817 [Mini-Cluster-Provider-Create] WARN  dropwizard3.Dm3MetricRegistriesImpl (Dm3MetricRegistriesImpl.java:addReporterRegistration(113)) - New reporters are added after registries were created. Some metrics will be missing from the reporter. Please add reporter before adding any new registry.
2024-01-11 04:03:22,817 [Mini-Cluster-Provider-Create] INFO  impl.MetricsSystemImpl (MetricsSystemImpl.java:init(158)) - HddsDatanode metrics system started (again)
2024-01-11 04:03:22,824 [df850d10-9c85-4972-b407-c0325fc6d584-DatanodeStateMachineTaskThread-0] INFO  datanode.InitDatanodeState (InitDatanodeState.java:persistContainerDatanodeDetails(139)) - DatanodeDetails is persisted to /home/runner/work/ozone/ozone/hadoop-ozone/integration-test/target/test-dir/MiniOzoneClusterImpl-8912d24f-c240-4c97-8da2-3552e928269b/datanode-0/meta/datanode.id
2024-01-11 04:03:22,829 [Mini-Cluster-Provider-Create] INFO  ozone.HddsDatanodeService (HddsDatanodeService.java:start(239)) - HddsDatanodeService host:fv-az1458-636 ip:10.1.0.34
2024-01-11 04:03:22,845 [Mini-Cluster-Provider-Create] INFO  upgrade.AbstractLayoutVersionManager (AbstractLayoutVersionManager.java:init(83)) - Initializing Layout version manager with metadata layout = HADOOP_PRC_PORTS_IN_DATANODEDETAILS (version = 7), software layout = HADOOP_PRC_PORTS_IN_DATANODEDETAILS (version = 7)
2024-01-11 04:03:22,846 [Mini-Cluster-Provider-Create] INFO  statemachine.DatanodeStateMachine (DatanodeStateMachine.java:getEndPointTaskThreadPoolSize(299)) - Datanode State Machine Task Thread Pool size 2
2024-01-11 04:03:22,847 [Mini-Cluster-Provider-Create] INFO  volume.HddsVolume (HddsVolume.java:<init>(125)) - Creating HddsVolume: /home/runner/work/ozone/ozone/hadoop-ozone/integration-test/target/test-dir/MiniOzoneClusterImpl-8912d24f-c240-4c97-8da2-3552e928269b/datanode-1/data-0/containers/hdds of storage type : DISK capacity : 9223372036854775807
2024-01-11 04:03:22,847 [Mini-Cluster-Provider-Create] INFO  volume.MutableVolumeSet (MutableVolumeSet.java:initializeVolumeSet(173)) - Added Volume : /home/runner/work/ozone/ozone/hadoop-ozone/integration-test/target/test-dir/MiniOzoneClusterImpl-8912d24f-c240-4c97-8da2-3552e928269b/datanode-1/data-0/containers/hdds to VolumeSet
2024-01-11 04:03:22,848 [Mini-Cluster-Provider-Create] INFO  volume.MutableVolumeSet (MutableVolumeSet.java:initializeVolumeSet(173)) - Added Volume : /home/runner/work/ozone/ozone/hadoop-ozone/integration-test/target/test-dir/MiniOzoneClusterImpl-8912d24f-c240-4c97-8da2-3552e928269b/datanode-1/data/ratis to VolumeSet
2024-01-11 04:03:22,850 [Mini-Cluster-Provider-Create] INFO  ozoneimpl.OzoneContainer (HddsVolumeUtil.java:loadAllHddsVolumeDbStore(103)) - Load 1 volumes DbStore cost: 2ms
2024-01-11 04:03:22,851 [719c3446-6328-4d08-9922-2d459786fd6c-ContainerReader-0] INFO  ozoneimpl.ContainerReader (ContainerReader.java:readVolume(178)) - Finish verifying containers on volume /home/runner/work/ozone/ozone/hadoop-ozone/integration-test/target/test-dir/MiniOzoneClusterImpl-8912d24f-c240-4c97-8da2-3552e928269b/datanode-1/data-0/containers/hdds
2024-01-11 04:03:22,851 [Mini-Cluster-Provider-Create] INFO  ozoneimpl.OzoneContainer (OzoneContainer.java:buildContainerSet(328)) - Build ContainerSet costs 0s
2024-01-11 04:03:22,854 [Mini-Cluster-Provider-Create] INFO  server.RaftServer (ConfUtils.java:logGet(46)) - raft.rpc.type = GRPC (default)
2024-01-11 04:03:22,854 [Mini-Cluster-Provider-Create] INFO  grpc.GrpcConfigKeys (ConfUtils.java:logFallback(53)) - raft.grpc.admin.host = null (fallback to raft.grpc.server.host)
2024-01-11 04:03:22,854 [Mini-Cluster-Provider-Create] INFO  grpc.GrpcConfigKeys (ConfUtils.java:logGet(46)) - raft.grpc.admin.port = 15057 (custom)
2024-01-11 04:03:22,854 [Mini-Cluster-Provider-Create] INFO  grpc.GrpcConfigKeys (ConfUtils.java:logFallback(53)) - raft.grpc.client.host = null (fallback to raft.grpc.server.host)
2024-01-11 04:03:22,854 [Mini-Cluster-Provider-Create] INFO  grpc.GrpcConfigKeys (ConfUtils.java:logGet(46)) - raft.grpc.client.port = 15056 (custom)
2024-01-11 04:03:22,854 [Mini-Cluster-Provider-Create] INFO  grpc.GrpcConfigKeys (ConfUtils.java:logGet(46)) - raft.grpc.server.host = null (default)
2024-01-11 04:03:22,854 [Mini-Cluster-Provider-Create] INFO  grpc.GrpcConfigKeys (ConfUtils.java:logGet(46)) - raft.grpc.server.port = 15058 (custom)
2024-01-11 04:03:22,854 [Mini-Cluster-Provider-Create] INFO  server.GrpcService (ConfUtils.java:logGet(46)) - raft.grpc.message.size.max = 32MB (=33554432) (custom)
2024-01-11 04:03:22,854 [Mini-Cluster-Provider-Create] INFO  server.RaftServerConfigKeys (ConfUtils.java:logGet(46)) - raft.server.log.appender.buffer.byte-limit = 8388608 (custom)
2024-01-11 04:03:22,855 [Mini-Cluster-Provider-Create] INFO  server.GrpcService (ConfUtils.java:logGet(46)) - raft.grpc.flow.control.window = 5MB (=5242880) (custom)
2024-01-11 04:03:22,855 [Mini-Cluster-Provider-Create] INFO  server.RaftServerConfigKeys (ConfUtils.java:logGet(46)) - raft.server.rpc.request.timeout = 60s (custom)
2024-01-11 04:03:22,855 [Mini-Cluster-Provider-Create] INFO  grpc.GrpcConfigKeys (ConfUtils.java:logGet(46)) - raft.grpc.server.heartbeat.channel = true (default)
2024-01-11 04:03:22,855 [Mini-Cluster-Provider-Create] INFO  grpc.GrpcConfigKeys (ConfUtils.java:logGet(46)) - raft.grpc.server.async.request.thread.pool.cached = true (default)
2024-01-11 04:03:22,855 [Mini-Cluster-Provider-Create] INFO  grpc.GrpcConfigKeys (ConfUtils.java:logGet(46)) - raft.grpc.server.async.request.thread.pool.size = 32 (default)
2024-01-11 04:03:22,857 [Mini-Cluster-Provider-Create] INFO  impl.DataStreamServerImpl (ConfUtils.java:logGet(46)) - raft.datastream.type = NETTY (custom)
2024-01-11 04:03:22,857 [Mini-Cluster-Provider-Create] INFO  server.RaftServerConfigKeys (ConfUtils.java:logGet(46)) - raft.server.data-stream.async.request.thread.pool.cached = false (default)
2024-01-11 04:03:22,858 [Mini-Cluster-Provider-Create] INFO  server.RaftServerConfigKeys (ConfUtils.java:logGet(46)) - raft.server.data-stream.async.request.thread.pool.size = 20 (custom)
2024-01-11 04:03:22,858 [Mini-Cluster-Provider-Create] INFO  server.RaftServerConfigKeys (ConfUtils.java:logGet(46)) - raft.server.data-stream.async.write.thread.pool.size = 16 (default)
2024-01-11 04:03:22,858 [Mini-Cluster-Provider-Create] INFO  netty.NettyConfigKeys$DataStream (ConfUtils.java:logGet(46)) - raft.netty.dataStream.server.channel.inactive.grace-period = 10min (default)
2024-01-11 04:03:22,858 [Mini-Cluster-Provider-Create] INFO  server.RaftServerConfigKeys (ConfUtils.java:logGet(46)) - raft.server.data-stream.client.pool.size = 10 (default)
2024-01-11 04:03:22,859 [Mini-Cluster-Provider-Create] INFO  netty.NettyConfigKeys$DataStream (ConfUtils.java:logGet(46)) - raft.netty.dataStream.server.use-epoll = true (default)
2024-01-11 04:03:22,859 [Mini-Cluster-Provider-Create] INFO  netty.NettyConfigKeys$DataStream (ConfUtils.java:logGet(46)) - raft.netty.dataStream.server.boss-group.size = 0 (default)
2024-01-11 04:03:22,859 [Mini-Cluster-Provider-Create] INFO  netty.NettyUtils (NettyUtils.java:newEventLoopGroup(69)) - Create EpollEventLoopGroup for 719c3446-6328-4d08-9922-2d459786fd6c-NettyServerStreamRpc-bossGroup; Thread size is 0.
2024-01-11 04:03:22,892 [Mini-Cluster-Provider-Create] INFO  netty.NettyConfigKeys$DataStream (ConfUtils.java:logGet(46)) - raft.netty.dataStream.server.worker-group.size = 0 (default)
2024-01-11 04:03:22,893 [Mini-Cluster-Provider-Create] INFO  netty.NettyUtils (NettyUtils.java:newEventLoopGroup(69)) - Create EpollEventLoopGroup for 719c3446-6328-4d08-9922-2d459786fd6c-NettyServerStreamRpc-workerGroup; Thread size is 0.
2024-01-11 04:03:22,893 [Mini-Cluster-Provider-Create] INFO  netty.NettyConfigKeys$DataStream (ConfUtils.java:logGet(46)) - raft.netty.dataStream.server.tls.conf = null (default)
2024-01-11 04:03:22,893 [Mini-Cluster-Provider-Create] INFO  netty.NettyConfigKeys$DataStream (ConfUtils.java:logGet(46)) - raft.netty.dataStream.host = null (default)
2024-01-11 04:03:22,893 [Mini-Cluster-Provider-Create] INFO  netty.NettyConfigKeys$DataStream (ConfUtils.java:logGet(46)) - raft.netty.dataStream.port = 15059 (custom)
2024-01-11 04:03:22,894 [Mini-Cluster-Provider-Create] INFO  server.RaftServerConfigKeys (ConfUtils.java:logGet(46)) - raft.server.sleep.deviation.threshold = 300ms (default)
2024-01-11 04:03:22,894 [Mini-Cluster-Provider-Create] INFO  server.RaftServerConfigKeys (ConfUtils.java:logGet(46)) - raft.server.close.threshold = 60s (default)
2024-01-11 04:03:22,894 [Mini-Cluster-Provider-Create] INFO  server.RaftServerConfigKeys (ConfUtils.java:logGet(46)) - raft.server.leaderelection.leader.step-down.wait-time = 10s (default)
2024-01-11 04:03:22,894 [719c3446-6328-4d08-9922-2d459786fd6c-NettyServerStreamRpc-bossGroup--thread1] INFO  logging.LoggingHandler (AbstractInternalLogger.java:log(148)) - [id: 0xd1315f72] REGISTERED
2024-01-11 04:03:22,894 [Mini-Cluster-Provider-Create] INFO  server.RaftServerConfigKeys (ConfUtils.java:logGet(46)) - raft.server.storage.dir = [/home/runner/work/ozone/ozone/hadoop-ozone/integration-test/target/test-dir/MiniOzoneClusterImpl-8912d24f-c240-4c97-8da2-3552e928269b/datanode-1/data/ratis] (custom)
2024-01-11 04:03:22,894 [Mini-Cluster-Provider-Create] INFO  server.RaftServerConfigKeys (ConfUtils.java:logGet(46)) - raft.server.threadpool.proxy.cached = true (default)
2024-01-11 04:03:22,894 [Mini-Cluster-Provider-Create] INFO  server.RaftServerConfigKeys (ConfUtils.java:logGet(46)) - raft.server.threadpool.proxy.size = 0 (default)
2024-01-11 04:03:22,894 [719c3446-6328-4d08-9922-2d459786fd6c-NettyServerStreamRpc-bossGroup--thread1] INFO  logging.LoggingHandler (AbstractInternalLogger.java:log(148)) - [id: 0xd1315f72] BIND: 0.0.0.0/0.0.0.0:15059
2024-01-11 04:03:22,895 [719c3446-6328-4d08-9922-2d459786fd6c-NettyServerStreamRpc-bossGroup--thread1] INFO  logging.LoggingHandler (AbstractInternalLogger.java:log(148)) - [id: 0xd1315f72, L:/0.0.0.0:15059] ACTIVE
2024-01-11 04:03:22,895 [719c3446-6328-4d08-9922-2d459786fd6c-impl-thread1] INFO  server.RaftServer (RaftServerProxy.java:initGroupDir(264)) - 719c3446-6328-4d08-9922-2d459786fd6c: found a subdirectory /home/runner/work/ozone/ozone/hadoop-ozone/integration-test/target/test-dir/MiniOzoneClusterImpl-8912d24f-c240-4c97-8da2-3552e928269b/datanode-1/data/ratis/tmp
2024-01-11 04:03:22,895 [719c3446-6328-4d08-9922-2d459786fd6c-impl-thread1] INFO  server.RaftServer (RaftServerProxy.java:initGroupDir(269)) - 719c3446-6328-4d08-9922-2d459786fd6c: The directory /home/runner/work/ozone/ozone/hadoop-ozone/integration-test/target/test-dir/MiniOzoneClusterImpl-8912d24f-c240-4c97-8da2-3552e928269b/datanode-1/data/ratis/tmp is not a group directory; ignoring it. 
2024-01-11 04:03:22,895 [Mini-Cluster-Provider-Create] INFO  replication.ReplicationServer (ReplicationServer.java:<init>(85)) - Initializing replication server with thread count = 10 queue length = 4096
2024-01-11 04:03:22,897 [Mini-Cluster-Provider-Create] INFO  server.XceiverServerGrpc (XceiverServerGrpc.java:<init>(141)) - GrpcServer channel type EpollServerSocketChannel
2024-01-11 04:03:22,898 [Mini-Cluster-Provider-Create] INFO  replication.ReplicationSupervisor (ReplicationSupervisor.java:build(163)) - Initializing replication supervisor with thread count = 10
2024-01-11 04:03:22,898 [Mini-Cluster-Provider-Create] INFO  replication.ReplicationSupervisor (ReplicationSupervisor.java:nodeStateUpdated(317)) - Node state updated to IN_SERVICE, scaling executor pool size to 10
2024-01-11 04:03:22,900 [Mini-Cluster-Provider-Create] INFO  http.BaseHttpServer (BaseHttpServer.java:newHttpServer2BuilderForOzone(223)) - Starting Web-server for hddsDatanode at: http://0.0.0.0:15053
2024-01-11 04:03:22,900 [Mini-Cluster-Provider-Create] INFO  http.BaseHttpServer (BaseHttpServer.java:<init>(110)) - Hadoop Security Enabled: false Ozone Security Enabled: false Ozone HTTP Security Enabled: false 
2024-01-11 04:03:22,901 [Mini-Cluster-Provider-Create] WARN  server.AuthenticationFilter (AuthenticationFilter.java:constructSecretProvider(240)) - Unable to initialize FileSignerSecretProvider, falling back to use random secrets. Reason: Could not read signature secret file: /home/runner/hadoop-http-auth-signature-secret
2024-01-11 04:03:22,902 [Mini-Cluster-Provider-Create] INFO  http.HttpRequestLog (HttpRequestLog.java:getRequestLog(86)) - Http request log for http.requests.hddsDatanode is not defined
2024-01-11 04:03:22,903 [Mini-Cluster-Provider-Create] INFO  http.HttpServer2 (HttpServer2.java:addGlobalFilter(1036)) - Added global filter 'safety' (class=org.apache.hadoop.hdds.server.http.HttpServer2$QuotingInputFilter)
2024-01-11 04:03:22,903 [Mini-Cluster-Provider-Create] INFO  http.HttpServer2 (HttpServer2.java:addFilter(1012)) - Added filter static_user_filter (class=org.apache.hadoop.http.lib.StaticUserWebFilter$StaticUserFilter) to context hddsDatanode
2024-01-11 04:03:22,903 [Mini-Cluster-Provider-Create] INFO  http.HttpServer2 (HttpServer2.java:addFilter(1020)) - Added filter static_user_filter (class=org.apache.hadoop.http.lib.StaticUserWebFilter$StaticUserFilter) to context static
2024-01-11 04:03:22,903 [Mini-Cluster-Provider-Create] INFO  http.HttpServer2 (HttpServer2.java:addFilter(1020)) - Added filter static_user_filter (class=org.apache.hadoop.http.lib.StaticUserWebFilter$StaticUserFilter) to context logs
2024-01-11 04:03:22,904 [Mini-Cluster-Provider-Create] INFO  http.BaseHttpServer (BaseHttpServer.java:<init>(189)) - HTTP server of hddsDatanode uses base directory /home/runner/work/ozone/ozone/hadoop-ozone/integration-test/target/test-dir/MiniOzoneClusterImpl-8912d24f-c240-4c97-8da2-3552e928269b/datanode-1/meta/webserver
2024-01-11 04:03:22,904 [Mini-Cluster-Provider-Create] INFO  http.HttpServer2 (HttpServer2.java:bindListener(1236)) - Jetty bound to port 15053
2024-01-11 04:03:22,904 [Mini-Cluster-Provider-Create] INFO  server.Server (Server.java:doStart(375)) - jetty-9.4.53.v20231009; built: 2023-10-09T12:29:09.265Z; git: 27bde00a0b95a1d5bbee0eae7984f891d2d0f8c9; jvm 1.8.0_392-b08
2024-01-11 04:03:22,905 [Mini-Cluster-Provider-Create] INFO  server.session (DefaultSessionIdManager.java:doStart(334)) - DefaultSessionIdManager workerName=node0
2024-01-11 04:03:22,905 [Mini-Cluster-Provider-Create] INFO  server.session (DefaultSessionIdManager.java:doStart(339)) - No SessionScavenger set, using defaults
2024-01-11 04:03:22,905 [Mini-Cluster-Provider-Create] INFO  server.session (HouseKeeper.java:startScavenging(132)) - node0 Scavenging every 600000ms
2024-01-11 04:03:22,906 [Mini-Cluster-Provider-Create] INFO  handler.ContextHandler (ContextHandler.java:doStart(921)) - Started o.e.j.s.ServletContextHandler@4c0fc229{logs,/logs,file:///home/runner/work/ozone/ozone/hadoop-ozone/integration-test/target/log,AVAILABLE}
2024-01-11 04:03:22,906 [Mini-Cluster-Provider-Create] INFO  handler.ContextHandler (ContextHandler.java:doStart(921)) - Started o.e.j.s.ServletContextHandler@591ee61b{static,/static,jar:file:/home/runner/.m2/repository/org/apache/ozone/hdds-container-service/1.5.0-SNAPSHOT/hdds-container-service-1.5.0-SNAPSHOT.jar!/webapps/static,AVAILABLE}
2024-01-11 04:03:22,943 [Mini-Cluster-Provider-Create] INFO  handler.ContextHandler (ContextHandler.java:doStart(921)) - Started o.e.j.w.WebAppContext@5540c384{hddsDatanode,/,file:///home/runner/work/ozone/ozone/hadoop-ozone/integration-test/target/test-dir/MiniOzoneClusterImpl-8912d24f-c240-4c97-8da2-3552e928269b/datanode-1/meta/webserver/jetty-0_0_0_0-15053-hdds-container-service-1_5_0-SNAPSHOT_jar-_-any-1954997163219846435/webapp/,AVAILABLE}{jar:file:/home/runner/.m2/repository/org/apache/ozone/hdds-container-service/1.5.0-SNAPSHOT/hdds-container-service-1.5.0-SNAPSHOT.jar!/webapps/hddsDatanode}
2024-01-11 04:03:22,945 [Mini-Cluster-Provider-Create] INFO  server.AbstractConnector (AbstractConnector.java:doStart(333)) - Started ServerConnector@2966fdf{HTTP/1.1, (http/1.1)}{0.0.0.0:15053}
2024-01-11 04:03:22,945 [Mini-Cluster-Provider-Create] INFO  server.Server (Server.java:doStart(415)) - Started @20798ms
2024-01-11 04:03:22,945 [Mini-Cluster-Provider-Create] WARN  impl.MetricsSystemImpl (MetricsSystemImpl.java:register(279)) - Sink prometheus already exists!
2024-01-11 04:03:22,945 [Mini-Cluster-Provider-Create] INFO  http.BaseHttpServer (BaseHttpServer.java:updateConnectorAddress(354)) - HTTP server of hddsDatanode listening at http://0.0.0.0:15053
2024-01-11 04:03:22,945 [Mini-Cluster-Provider-Create] INFO  ipc.CallQueueManager (CallQueueManager.java:<init>(90)) - Using callQueue: class java.util.concurrent.LinkedBlockingQueue, queueCapacity: 100, scheduler: class org.apache.hadoop.ipc.DefaultRpcScheduler, ipcBackoff: false.
2024-01-11 04:03:22,946 [Mini-Cluster-Provider-Create] INFO  ipc.Server (Server.java:<init>(1287)) - Listener at 0.0.0.0:15054
2024-01-11 04:03:22,946 [Socket Reader #1 for port 15054] INFO  ipc.Server (Server.java:run(1323)) - Starting Socket Reader #1 for port 15054
2024-01-11 04:03:22,949 [Mini-Cluster-Provider-Create] INFO  ozone.HddsDatanodeService (HddsDatanodeService.java:start(324)) - Datanode start with admins: [runner]
2024-01-11 04:03:22,949 [Mini-Cluster-Provider-Create] INFO  ozone.HddsDatanodeClientProtocolServer (HddsDatanodeClientProtocolServer.java:start(72)) - RPC server for Client /0.0.0.0:15054
2024-01-11 04:03:22,951 [IPC Server Responder] INFO  ipc.Server (Server.java:run(1562)) - IPC Server Responder: starting
2024-01-11 04:03:22,951 [IPC Server listener on 15054] INFO  ipc.Server (Server.java:run(1402)) - IPC Server listener on 15054: starting
2024-01-11 04:03:22,953 [719c3446-6328-4d08-9922-2d459786fd6c-DatanodeStateMachineDaemonThread] INFO  statemachine.DatanodeStateMachine (DatanodeStateMachine.java:lambda$startDaemon$1(555)) - Ozone container server started.
2024-01-11 04:03:22,953 [Mini-Cluster-Provider-Create] WARN  dropwizard3.Dm3MetricRegistriesImpl (Dm3MetricRegistriesImpl.java:addReporterRegistration(113)) - New reporters are added after registries were created. Some metrics will be missing from the reporter. Please add reporter before adding any new registry.
2024-01-11 04:03:22,953 [Mini-Cluster-Provider-Create] WARN  dropwizard3.Dm3MetricRegistriesImpl (Dm3MetricRegistriesImpl.java:addReporterRegistration(113)) - New reporters are added after registries were created. Some metrics will be missing from the reporter. Please add reporter before adding any new registry.
2024-01-11 04:03:22,954 [Mini-Cluster-Provider-Create] INFO  impl.MetricsSystemImpl (MetricsSystemImpl.java:init(158)) - HddsDatanode metrics system started (again)
2024-01-11 04:03:22,957 [719c3446-6328-4d08-9922-2d459786fd6c-DatanodeStateMachineTaskThread-0] INFO  datanode.InitDatanodeState (InitDatanodeState.java:persistContainerDatanodeDetails(139)) - DatanodeDetails is persisted to /home/runner/work/ozone/ozone/hadoop-ozone/integration-test/target/test-dir/MiniOzoneClusterImpl-8912d24f-c240-4c97-8da2-3552e928269b/datanode-1/meta/datanode.id
2024-01-11 04:03:22,968 [Mini-Cluster-Provider-Create] INFO  ozone.HddsDatanodeService (HddsDatanodeService.java:start(239)) - HddsDatanodeService host:fv-az1458-636 ip:10.1.0.34
2024-01-11 04:03:22,987 [Mini-Cluster-Provider-Create] INFO  upgrade.AbstractLayoutVersionManager (AbstractLayoutVersionManager.java:init(83)) - Initializing Layout version manager with metadata layout = HADOOP_PRC_PORTS_IN_DATANODEDETAILS (version = 7), software layout = HADOOP_PRC_PORTS_IN_DATANODEDETAILS (version = 7)
2024-01-11 04:03:22,987 [Mini-Cluster-Provider-Create] INFO  statemachine.DatanodeStateMachine (DatanodeStateMachine.java:getEndPointTaskThreadPoolSize(299)) - Datanode State Machine Task Thread Pool size 2
2024-01-11 04:03:22,989 [Mini-Cluster-Provider-Create] INFO  volume.HddsVolume (HddsVolume.java:<init>(125)) - Creating HddsVolume: /home/runner/work/ozone/ozone/hadoop-ozone/integration-test/target/test-dir/MiniOzoneClusterImpl-8912d24f-c240-4c97-8da2-3552e928269b/datanode-2/data-0/containers/hdds of storage type : DISK capacity : 9223372036854775807
2024-01-11 04:03:22,989 [Mini-Cluster-Provider-Create] INFO  volume.MutableVolumeSet (MutableVolumeSet.java:initializeVolumeSet(173)) - Added Volume : /home/runner/work/ozone/ozone/hadoop-ozone/integration-test/target/test-dir/MiniOzoneClusterImpl-8912d24f-c240-4c97-8da2-3552e928269b/datanode-2/data-0/containers/hdds to VolumeSet
2024-01-11 04:03:22,990 [Mini-Cluster-Provider-Create] INFO  volume.MutableVolumeSet (MutableVolumeSet.java:initializeVolumeSet(173)) - Added Volume : /home/runner/work/ozone/ozone/hadoop-ozone/integration-test/target/test-dir/MiniOzoneClusterImpl-8912d24f-c240-4c97-8da2-3552e928269b/datanode-2/data/ratis to VolumeSet
2024-01-11 04:03:22,990 [Mini-Cluster-Provider-Create] INFO  ozoneimpl.OzoneContainer (HddsVolumeUtil.java:loadAllHddsVolumeDbStore(103)) - Load 1 volumes DbStore cost: 0ms
2024-01-11 04:03:22,991 [8656a35e-0084-4fca-b387-4ce1151a6fbb-ContainerReader-0] INFO  ozoneimpl.ContainerReader (ContainerReader.java:readVolume(178)) - Finish verifying containers on volume /home/runner/work/ozone/ozone/hadoop-ozone/integration-test/target/test-dir/MiniOzoneClusterImpl-8912d24f-c240-4c97-8da2-3552e928269b/datanode-2/data-0/containers/hdds
2024-01-11 04:03:22,991 [Mini-Cluster-Provider-Create] INFO  ozoneimpl.OzoneContainer (OzoneContainer.java:buildContainerSet(328)) - Build ContainerSet costs 0s
2024-01-11 04:03:22,994 [Mini-Cluster-Provider-Create] INFO  server.RaftServer (ConfUtils.java:logGet(46)) - raft.rpc.type = GRPC (default)
2024-01-11 04:03:22,995 [Mini-Cluster-Provider-Create] INFO  grpc.GrpcConfigKeys (ConfUtils.java:logFallback(53)) - raft.grpc.admin.host = null (fallback to raft.grpc.server.host)
2024-01-11 04:03:22,995 [Mini-Cluster-Provider-Create] INFO  grpc.GrpcConfigKeys (ConfUtils.java:logGet(46)) - raft.grpc.admin.port = 15066 (custom)
2024-01-11 04:03:22,995 [Mini-Cluster-Provider-Create] INFO  grpc.GrpcConfigKeys (ConfUtils.java:logFallback(53)) - raft.grpc.client.host = null (fallback to raft.grpc.server.host)
2024-01-11 04:03:22,995 [Mini-Cluster-Provider-Create] INFO  grpc.GrpcConfigKeys (ConfUtils.java:logGet(46)) - raft.grpc.client.port = 15065 (custom)
2024-01-11 04:03:22,995 [Mini-Cluster-Provider-Create] INFO  grpc.GrpcConfigKeys (ConfUtils.java:logGet(46)) - raft.grpc.server.host = null (default)
2024-01-11 04:03:22,995 [Mini-Cluster-Provider-Create] INFO  grpc.GrpcConfigKeys (ConfUtils.java:logGet(46)) - raft.grpc.server.port = 15067 (custom)
2024-01-11 04:03:22,995 [Mini-Cluster-Provider-Create] INFO  server.GrpcService (ConfUtils.java:logGet(46)) - raft.grpc.message.size.max = 32MB (=33554432) (custom)
2024-01-11 04:03:22,995 [Mini-Cluster-Provider-Create] INFO  server.RaftServerConfigKeys (ConfUtils.java:logGet(46)) - raft.server.log.appender.buffer.byte-limit = 8388608 (custom)
2024-01-11 04:03:22,995 [Mini-Cluster-Provider-Create] INFO  server.GrpcService (ConfUtils.java:logGet(46)) - raft.grpc.flow.control.window = 5MB (=5242880) (custom)
2024-01-11 04:03:22,996 [Mini-Cluster-Provider-Create] INFO  server.RaftServerConfigKeys (ConfUtils.java:logGet(46)) - raft.server.rpc.request.timeout = 60s (custom)
2024-01-11 04:03:22,996 [Mini-Cluster-Provider-Create] INFO  grpc.GrpcConfigKeys (ConfUtils.java:logGet(46)) - raft.grpc.server.heartbeat.channel = true (default)
2024-01-11 04:03:22,996 [Mini-Cluster-Provider-Create] INFO  grpc.GrpcConfigKeys (ConfUtils.java:logGet(46)) - raft.grpc.server.async.request.thread.pool.cached = true (default)
2024-01-11 04:03:22,996 [Mini-Cluster-Provider-Create] INFO  grpc.GrpcConfigKeys (ConfUtils.java:logGet(46)) - raft.grpc.server.async.request.thread.pool.size = 32 (default)
2024-01-11 04:03:22,998 [Mini-Cluster-Provider-Create] INFO  impl.DataStreamServerImpl (ConfUtils.java:logGet(46)) - raft.datastream.type = NETTY (custom)
2024-01-11 04:03:22,998 [Mini-Cluster-Provider-Create] INFO  server.RaftServerConfigKeys (ConfUtils.java:logGet(46)) - raft.server.data-stream.async.request.thread.pool.cached = false (default)
2024-01-11 04:03:22,998 [Mini-Cluster-Provider-Create] INFO  server.RaftServerConfigKeys (ConfUtils.java:logGet(46)) - raft.server.data-stream.async.request.thread.pool.size = 20 (custom)
2024-01-11 04:03:22,999 [Mini-Cluster-Provider-Create] INFO  server.RaftServerConfigKeys (ConfUtils.java:logGet(46)) - raft.server.data-stream.async.write.thread.pool.size = 16 (default)
2024-01-11 04:03:22,999 [Mini-Cluster-Provider-Create] INFO  netty.NettyConfigKeys$DataStream (ConfUtils.java:logGet(46)) - raft.netty.dataStream.server.channel.inactive.grace-period = 10min (default)
2024-01-11 04:03:22,999 [Mini-Cluster-Provider-Create] INFO  server.RaftServerConfigKeys (ConfUtils.java:logGet(46)) - raft.server.data-stream.client.pool.size = 10 (default)
2024-01-11 04:03:22,999 [Mini-Cluster-Provider-Create] INFO  netty.NettyConfigKeys$DataStream (ConfUtils.java:logGet(46)) - raft.netty.dataStream.server.use-epoll = true (default)
2024-01-11 04:03:22,999 [Mini-Cluster-Provider-Create] INFO  netty.NettyConfigKeys$DataStream (ConfUtils.java:logGet(46)) - raft.netty.dataStream.server.boss-group.size = 0 (default)
2024-01-11 04:03:22,999 [Mini-Cluster-Provider-Create] INFO  netty.NettyUtils (NettyUtils.java:newEventLoopGroup(69)) - Create EpollEventLoopGroup for 8656a35e-0084-4fca-b387-4ce1151a6fbb-NettyServerStreamRpc-bossGroup; Thread size is 0.
2024-01-11 04:03:22,999 [Mini-Cluster-Provider-Create] INFO  netty.NettyConfigKeys$DataStream (ConfUtils.java:logGet(46)) - raft.netty.dataStream.server.worker-group.size = 0 (default)
2024-01-11 04:03:22,999 [Mini-Cluster-Provider-Create] INFO  netty.NettyUtils (NettyUtils.java:newEventLoopGroup(69)) - Create EpollEventLoopGroup for 8656a35e-0084-4fca-b387-4ce1151a6fbb-NettyServerStreamRpc-workerGroup; Thread size is 0.
2024-01-11 04:03:23,000 [Mini-Cluster-Provider-Create] INFO  netty.NettyConfigKeys$DataStream (ConfUtils.java:logGet(46)) - raft.netty.dataStream.server.tls.conf = null (default)
2024-01-11 04:03:23,000 [Mini-Cluster-Provider-Create] INFO  netty.NettyConfigKeys$DataStream (ConfUtils.java:logGet(46)) - raft.netty.dataStream.host = null (default)
2024-01-11 04:03:23,000 [Mini-Cluster-Provider-Create] INFO  netty.NettyConfigKeys$DataStream (ConfUtils.java:logGet(46)) - raft.netty.dataStream.port = 15068 (custom)
2024-01-11 04:03:23,001 [Mini-Cluster-Provider-Create] INFO  server.RaftServerConfigKeys (ConfUtils.java:logGet(46)) - raft.server.sleep.deviation.threshold = 300ms (default)
2024-01-11 04:03:23,001 [Mini-Cluster-Provider-Create] INFO  server.RaftServerConfigKeys (ConfUtils.java:logGet(46)) - raft.server.close.threshold = 60s (default)
2024-01-11 04:03:23,001 [Mini-Cluster-Provider-Create] INFO  server.RaftServerConfigKeys (ConfUtils.java:logGet(46)) - raft.server.leaderelection.leader.step-down.wait-time = 10s (default)
2024-01-11 04:03:23,001 [8656a35e-0084-4fca-b387-4ce1151a6fbb-NettyServerStreamRpc-bossGroup--thread1] INFO  logging.LoggingHandler (AbstractInternalLogger.java:log(148)) - [id: 0x67b2301a] REGISTERED
2024-01-11 04:03:23,001 [Mini-Cluster-Provider-Create] INFO  server.RaftServerConfigKeys (ConfUtils.java:logGet(46)) - raft.server.storage.dir = [/home/runner/work/ozone/ozone/hadoop-ozone/integration-test/target/test-dir/MiniOzoneClusterImpl-8912d24f-c240-4c97-8da2-3552e928269b/datanode-2/data/ratis] (custom)
2024-01-11 04:03:23,001 [8656a35e-0084-4fca-b387-4ce1151a6fbb-NettyServerStreamRpc-bossGroup--thread1] INFO  logging.LoggingHandler (AbstractInternalLogger.java:log(148)) - [id: 0x67b2301a] BIND: 0.0.0.0/0.0.0.0:15068
2024-01-11 04:03:23,001 [Mini-Cluster-Provider-Create] INFO  server.RaftServerConfigKeys (ConfUtils.java:logGet(46)) - raft.server.threadpool.proxy.cached = true (default)
2024-01-11 04:03:23,001 [8656a35e-0084-4fca-b387-4ce1151a6fbb-NettyServerStreamRpc-bossGroup--thread1] INFO  logging.LoggingHandler (AbstractInternalLogger.java:log(148)) - [id: 0x67b2301a, L:/0.0.0.0:15068] ACTIVE
2024-01-11 04:03:23,001 [Mini-Cluster-Provider-Create] INFO  server.RaftServerConfigKeys (ConfUtils.java:logGet(46)) - raft.server.threadpool.proxy.size = 0 (default)
2024-01-11 04:03:23,002 [8656a35e-0084-4fca-b387-4ce1151a6fbb-impl-thread1] INFO  server.RaftServer (RaftServerProxy.java:initGroupDir(264)) - 8656a35e-0084-4fca-b387-4ce1151a6fbb: found a subdirectory /home/runner/work/ozone/ozone/hadoop-ozone/integration-test/target/test-dir/MiniOzoneClusterImpl-8912d24f-c240-4c97-8da2-3552e928269b/datanode-2/data/ratis/tmp
2024-01-11 04:03:23,002 [8656a35e-0084-4fca-b387-4ce1151a6fbb-impl-thread1] INFO  server.RaftServer (RaftServerProxy.java:initGroupDir(269)) - 8656a35e-0084-4fca-b387-4ce1151a6fbb: The directory /home/runner/work/ozone/ozone/hadoop-ozone/integration-test/target/test-dir/MiniOzoneClusterImpl-8912d24f-c240-4c97-8da2-3552e928269b/datanode-2/data/ratis/tmp is not a group directory; ignoring it. 
2024-01-11 04:03:23,002 [Mini-Cluster-Provider-Create] INFO  replication.ReplicationServer (ReplicationServer.java:<init>(85)) - Initializing replication server with thread count = 10 queue length = 4096
2024-01-11 04:03:23,003 [Mini-Cluster-Provider-Create] INFO  server.XceiverServerGrpc (XceiverServerGrpc.java:<init>(141)) - GrpcServer channel type EpollServerSocketChannel
2024-01-11 04:03:23,005 [Mini-Cluster-Provider-Create] INFO  replication.ReplicationSupervisor (ReplicationSupervisor.java:build(163)) - Initializing replication supervisor with thread count = 10
2024-01-11 04:03:23,005 [Mini-Cluster-Provider-Create] INFO  replication.ReplicationSupervisor (ReplicationSupervisor.java:nodeStateUpdated(317)) - Node state updated to IN_SERVICE, scaling executor pool size to 10
2024-01-11 04:03:23,007 [Mini-Cluster-Provider-Create] INFO  http.BaseHttpServer (BaseHttpServer.java:newHttpServer2BuilderForOzone(223)) - Starting Web-server for hddsDatanode at: http://0.0.0.0:15062
2024-01-11 04:03:23,007 [Mini-Cluster-Provider-Create] INFO  http.BaseHttpServer (BaseHttpServer.java:<init>(110)) - Hadoop Security Enabled: false Ozone Security Enabled: false Ozone HTTP Security Enabled: false 
2024-01-11 04:03:23,008 [Mini-Cluster-Provider-Create] WARN  server.AuthenticationFilter (AuthenticationFilter.java:constructSecretProvider(240)) - Unable to initialize FileSignerSecretProvider, falling back to use random secrets. Reason: Could not read signature secret file: /home/runner/hadoop-http-auth-signature-secret
2024-01-11 04:03:23,008 [Mini-Cluster-Provider-Create] INFO  http.HttpRequestLog (HttpRequestLog.java:getRequestLog(86)) - Http request log for http.requests.hddsDatanode is not defined
2024-01-11 04:03:23,009 [Mini-Cluster-Provider-Create] INFO  http.HttpServer2 (HttpServer2.java:addGlobalFilter(1036)) - Added global filter 'safety' (class=org.apache.hadoop.hdds.server.http.HttpServer2$QuotingInputFilter)
2024-01-11 04:03:23,010 [Mini-Cluster-Provider-Create] INFO  http.HttpServer2 (HttpServer2.java:addFilter(1012)) - Added filter static_user_filter (class=org.apache.hadoop.http.lib.StaticUserWebFilter$StaticUserFilter) to context hddsDatanode
2024-01-11 04:03:23,010 [Mini-Cluster-Provider-Create] INFO  http.HttpServer2 (HttpServer2.java:addFilter(1020)) - Added filter static_user_filter (class=org.apache.hadoop.http.lib.StaticUserWebFilter$StaticUserFilter) to context logs
2024-01-11 04:03:23,010 [Mini-Cluster-Provider-Create] INFO  http.HttpServer2 (HttpServer2.java:addFilter(1020)) - Added filter static_user_filter (class=org.apache.hadoop.http.lib.StaticUserWebFilter$StaticUserFilter) to context static
2024-01-11 04:03:23,011 [Mini-Cluster-Provider-Create] INFO  http.BaseHttpServer (BaseHttpServer.java:<init>(189)) - HTTP server of hddsDatanode uses base directory /home/runner/work/ozone/ozone/hadoop-ozone/integration-test/target/test-dir/MiniOzoneClusterImpl-8912d24f-c240-4c97-8da2-3552e928269b/datanode-2/meta/webserver
2024-01-11 04:03:23,011 [Mini-Cluster-Provider-Create] INFO  http.HttpServer2 (HttpServer2.java:bindListener(1236)) - Jetty bound to port 15062
2024-01-11 04:03:23,011 [Mini-Cluster-Provider-Create] INFO  server.Server (Server.java:doStart(375)) - jetty-9.4.53.v20231009; built: 2023-10-09T12:29:09.265Z; git: 27bde00a0b95a1d5bbee0eae7984f891d2d0f8c9; jvm 1.8.0_392-b08
2024-01-11 04:03:23,014 [Mini-Cluster-Provider-Create] INFO  server.session (DefaultSessionIdManager.java:doStart(334)) - DefaultSessionIdManager workerName=node0
2024-01-11 04:03:23,014 [Mini-Cluster-Provider-Create] INFO  server.session (DefaultSessionIdManager.java:doStart(339)) - No SessionScavenger set, using defaults
2024-01-11 04:03:23,014 [Mini-Cluster-Provider-Create] INFO  server.session (HouseKeeper.java:startScavenging(132)) - node0 Scavenging every 660000ms
2024-01-11 04:03:23,014 [Mini-Cluster-Provider-Create] INFO  handler.ContextHandler (ContextHandler.java:doStart(921)) - Started o.e.j.s.ServletContextHandler@8281628{logs,/logs,file:///home/runner/work/ozone/ozone/hadoop-ozone/integration-test/target/log,AVAILABLE}
2024-01-11 04:03:23,015 [Mini-Cluster-Provider-Create] INFO  handler.ContextHandler (ContextHandler.java:doStart(921)) - Started o.e.j.s.ServletContextHandler@67e775b8{static,/static,jar:file:/home/runner/.m2/repository/org/apache/ozone/hdds-container-service/1.5.0-SNAPSHOT/hdds-container-service-1.5.0-SNAPSHOT.jar!/webapps/static,AVAILABLE}
2024-01-11 04:03:23,049 [Mini-Cluster-Provider-Create] INFO  handler.ContextHandler (ContextHandler.java:doStart(921)) - Started o.e.j.w.WebAppContext@fd23004{hddsDatanode,/,file:///home/runner/work/ozone/ozone/hadoop-ozone/integration-test/target/test-dir/MiniOzoneClusterImpl-8912d24f-c240-4c97-8da2-3552e928269b/datanode-2/meta/webserver/jetty-0_0_0_0-15062-hdds-container-service-1_5_0-SNAPSHOT_jar-_-any-5440962296162946190/webapp/,AVAILABLE}{jar:file:/home/runner/.m2/repository/org/apache/ozone/hdds-container-service/1.5.0-SNAPSHOT/hdds-container-service-1.5.0-SNAPSHOT.jar!/webapps/hddsDatanode}
2024-01-11 04:03:23,050 [Mini-Cluster-Provider-Create] INFO  server.AbstractConnector (AbstractConnector.java:doStart(333)) - Started ServerConnector@7930f408{HTTP/1.1, (http/1.1)}{0.0.0.0:15062}
2024-01-11 04:03:23,051 [Mini-Cluster-Provider-Create] INFO  server.Server (Server.java:doStart(415)) - Started @20904ms
2024-01-11 04:03:23,051 [Mini-Cluster-Provider-Create] WARN  impl.MetricsSystemImpl (MetricsSystemImpl.java:register(279)) - Sink prometheus already exists!
2024-01-11 04:03:23,051 [Mini-Cluster-Provider-Create] INFO  http.BaseHttpServer (BaseHttpServer.java:updateConnectorAddress(354)) - HTTP server of hddsDatanode listening at http://0.0.0.0:15062
2024-01-11 04:03:23,051 [Mini-Cluster-Provider-Create] INFO  ipc.CallQueueManager (CallQueueManager.java:<init>(90)) - Using callQueue: class java.util.concurrent.LinkedBlockingQueue, queueCapacity: 100, scheduler: class org.apache.hadoop.ipc.DefaultRpcScheduler, ipcBackoff: false.
2024-01-11 04:03:23,052 [Mini-Cluster-Provider-Create] INFO  ipc.Server (Server.java:<init>(1287)) - Listener at 0.0.0.0:15063
2024-01-11 04:03:23,052 [Socket Reader #1 for port 15063] INFO  ipc.Server (Server.java:run(1323)) - Starting Socket Reader #1 for port 15063
2024-01-11 04:03:23,054 [Mini-Cluster-Provider-Create] INFO  ozone.HddsDatanodeService (HddsDatanodeService.java:start(324)) - Datanode start with admins: [runner]
2024-01-11 04:03:23,054 [Mini-Cluster-Provider-Create] INFO  ozone.HddsDatanodeClientProtocolServer (HddsDatanodeClientProtocolServer.java:start(72)) - RPC server for Client /0.0.0.0:15063
2024-01-11 04:03:23,054 [IPC Server Responder] INFO  ipc.Server (Server.java:run(1562)) - IPC Server Responder: starting
2024-01-11 04:03:23,056 [IPC Server listener on 15063] INFO  ipc.Server (Server.java:run(1402)) - IPC Server listener on 15063: starting
2024-01-11 04:03:23,056 [8656a35e-0084-4fca-b387-4ce1151a6fbb-DatanodeStateMachineDaemonThread] INFO  statemachine.DatanodeStateMachine (DatanodeStateMachine.java:lambda$startDaemon$1(555)) - Ozone container server started.
2024-01-11 04:03:23,058 [Mini-Cluster-Provider-Create] INFO  ozone.MiniOzoneClusterImpl (MiniOzoneClusterImpl.java:lambda$waitForClusterToBeReady$0(229)) - Waiting for nodes to be ready. Got 0 of 3 DN Heartbeats.
2024-01-11 04:03:23,058 [Mini-Cluster-Provider-Create] INFO  ozone.MiniOzoneClusterImpl (MiniOzoneClusterImpl.java:lambda$waitForClusterToBeReady$0(232)) - Waiting for cluster to exit safe mode
2024-01-11 04:03:23,058 [Mini-Cluster-Provider-Create] INFO  ozone.MiniOzoneClusterImpl (MiniOzoneClusterImpl.java:lambda$waitForClusterToBeReady$0(234)) - SCM became leader
2024-01-11 04:03:23,063 [8656a35e-0084-4fca-b387-4ce1151a6fbb-DatanodeStateMachineTaskThread-0] INFO  datanode.InitDatanodeState (InitDatanodeState.java:persistContainerDatanodeDetails(139)) - DatanodeDetails is persisted to /home/runner/work/ozone/ozone/hadoop-ozone/integration-test/target/test-dir/MiniOzoneClusterImpl-8912d24f-c240-4c97-8da2-3552e928269b/datanode-2/meta/datanode.id
2024-01-11 04:03:23,202 [om1-impl-thread1] INFO  segmented.SegmentedRaftLogWorker (SegmentedRaftLogWorker.java:close(245)) - om1@group-C5BA1605619E-SegmentedRaftLogWorker close()
2024-01-11 04:03:23,206 [JvmPauseMonitor1] INFO  util.JvmPauseMonitor (JvmPauseMonitor.java:run(152)) - JvmPauseMonitor-om1: Stopped
2024-01-11 04:03:23,208 [main] INFO  ratis.OzoneManagerStateMachine (OzoneManagerStateMachine.java:close(546)) - StateMachine has shutdown. Shutdown OzoneManager if not already shutdown.
2024-01-11 04:03:23,208 [main] INFO  ratis.OzoneManagerDoubleBuffer (OzoneManagerDoubleBuffer.java:stopDaemon(544)) - OMDoubleBuffer flush thread is not running.
2024-01-11 04:03:23,208 [main] INFO  ratis.OzoneManagerStateMachine (OzoneManagerStateMachine.java:stop(755)) - applyTransactionMap size 0 
2024-01-11 04:03:23,208 [main] INFO  ratis.OzoneManagerStateMachine (OzoneManagerStateMachine.java:stop(761)) - ratisTransactionMap size 0
2024-01-11 04:03:23,209 [main] INFO  utils.BackgroundService (BackgroundService.java:shutdown(160)) - Shutting down service KeyDeletingService
2024-01-11 04:03:23,210 [main] INFO  utils.BackgroundService (BackgroundService.java:shutdown(160)) - Shutting down service DirectoryDeletingService
2024-01-11 04:03:23,212 [main] INFO  utils.BackgroundService (BackgroundService.java:shutdown(160)) - Shutting down service OpenKeyCleanupService
2024-01-11 04:03:23,212 [main] INFO  utils.BackgroundService (BackgroundService.java:shutdown(160)) - Shutting down service SstFilteringService
2024-01-11 04:03:23,213 [main] INFO  utils.BackgroundService (BackgroundService.java:shutdown(160)) - Shutting down service SnapshotDeletingService
2024-01-11 04:03:23,213 [main] INFO  utils.BackgroundService (BackgroundService.java:shutdown(160)) - Shutting down service MultipartUploadCleanupService
2024-01-11 04:03:23,213 [main] INFO  utils.BackgroundService (BackgroundService.java:shutdown(160)) - Shutting down service SnapshotDirectoryCleaningService
2024-01-11 04:03:23,216 [main] INFO  handler.ContextHandler (ContextHandler.java:doStop(1159)) - Stopped o.e.j.w.WebAppContext@36e93944{ozoneManager,/,null,STOPPED}{file:/home/runner/work/ozone/ozone/hadoop-ozone/integration-test/target/test-classes/webapps/ozoneManager}
2024-01-11 04:03:23,219 [main] INFO  server.AbstractConnector (AbstractConnector.java:doStop(383)) - Stopped ServerConnector@4a7dff76{HTTP/1.1, (http/1.1)}{0.0.0.0:15005}
2024-01-11 04:03:23,219 [main] INFO  server.session (HouseKeeper.java:stopScavenging(149)) - node0 Stopped scavenging
2024-01-11 04:03:23,220 [main] INFO  handler.ContextHandler (ContextHandler.java:doStop(1159)) - Stopped o.e.j.s.ServletContextHandler@486bb04e{static,/static,file:///home/runner/work/ozone/ozone/hadoop-ozone/integration-test/target/test-classes/webapps/static,STOPPED}
2024-01-11 04:03:23,221 [main] INFO  handler.ContextHandler (ContextHandler.java:doStop(1159)) - Stopped o.e.j.s.ServletContextHandler@6ca9bc8f{logs,/logs,file:///home/runner/work/ozone/ozone/hadoop-ozone/integration-test/target/log,STOPPED}
2024-01-11 04:03:23,223 [main] INFO  rocksdiff.RocksDBCheckpointDiffer (RocksDBCheckpointDiffer.java:close(310)) - Shutting down CompactionDagPruningService.
2024-01-11 04:03:23,233 [main] INFO  snapshot.SnapshotDiffManager (SnapshotDiffManager.java:closeExecutorService(1688)) - Shutting down executorService: 'SnapDiffExecutor'
2024-01-11 04:03:23,233 [main] INFO  snapshot.SnapshotDiffManager (SnapshotDiffManager.java:closeExecutorService(1688)) - Shutting down executorService: 'SstDumpToolExecutor'
2024-01-11 04:03:23,233 [main] INFO  utils.BackgroundService (BackgroundService.java:shutdown(160)) - Shutting down service SnapshotDiffCleanupService
2024-01-11 04:03:23,235 [main] INFO  ozone.MiniOzoneClusterImpl (MiniOzoneClusterImpl.java:stopDatanodes(535)) - Stopping the HddsDatanodes
2024-01-11 04:03:23,237 [main] INFO  ozoneimpl.OzoneContainer (OzoneContainer.java:stop(479)) - Attempting to stop container services.
2024-01-11 04:03:23,239 [ForkJoinPool.commonPool-worker-0] INFO  ozoneimpl.OzoneContainer (OzoneContainer.java:stop(479)) - Attempting to stop container services.
2024-01-11 04:03:23,240 [main] INFO  server.RaftServer (RaftServerProxy.java:lambda$close$9(416)) - 001cd0bd-e806-4758-aa83-7f483601919f: close
2024-01-11 04:03:23,240 [001cd0bd-e806-4758-aa83-7f483601919f-impl-thread1] INFO  server.RaftServer$Division (RaftServerImpl.java:lambda$close$3(526)) - 001cd0bd-e806-4758-aa83-7f483601919f@group-FA6D695FADC7: shutdown
2024-01-11 04:03:23,241 [001cd0bd-e806-4758-aa83-7f483601919f-impl-thread1] INFO  util.JmxRegister (JmxRegister.java:unregister(73)) - Successfully un-registered JMX Bean with object name Ratis:service=RaftServer,group=group-FA6D695FADC7,id=001cd0bd-e806-4758-aa83-7f483601919f
2024-01-11 04:03:23,241 [001cd0bd-e806-4758-aa83-7f483601919f-impl-thread1] INFO  impl.RoleInfo (RoleInfo.java:shutdownFollowerState(110)) - 001cd0bd-e806-4758-aa83-7f483601919f: shutdown 001cd0bd-e806-4758-aa83-7f483601919f@group-FA6D695FADC7-FollowerState
2024-01-11 04:03:23,241 [001cd0bd-e806-4758-aa83-7f483601919f-impl-thread1] INFO  impl.StateMachineUpdater (StateMachineUpdater.java:stopAndJoin(157)) - 001cd0bd-e806-4758-aa83-7f483601919f@group-FA6D695FADC7-StateMachineUpdater: set stopIndex = 0
2024-01-11 04:03:23,241 [001cd0bd-e806-4758-aa83-7f483601919f@group-FA6D695FADC7-FollowerState] INFO  impl.FollowerState (FollowerState.java:run(152)) - 001cd0bd-e806-4758-aa83-7f483601919f@group-FA6D695FADC7-FollowerState was interrupted
2024-01-11 04:03:23,241 [ForkJoinPool.commonPool-worker-0] INFO  server.RaftServer (RaftServerProxy.java:lambda$close$9(416)) - 160405f6-ad1e-49bf-8de5-8727279c1313: close
2024-01-11 04:03:23,241 [001cd0bd-e806-4758-aa83-7f483601919f@group-FA6D695FADC7-StateMachineUpdater] INFO  ratis.ContainerStateMachine (ContainerStateMachine.java:takeSnapshot(355)) - group-FA6D695FADC7: Taking a snapshot at:(t:1, i:0) file /home/runner/work/ozone/ozone/hadoop-ozone/integration-test/target/test-dir/MiniOzoneClusterImpl-bfa76206-2968-4191-bda1-2218be479879/datanode-1/data/ratis/d568570a-3654-403e-bf0c-fa6d695fadc7/sm/snapshot.1_0
2024-01-11 04:03:23,241 [main] INFO  server.GrpcService (GrpcService.java:closeImpl(311)) - 001cd0bd-e806-4758-aa83-7f483601919f: shutdown server org.apache.ratis.grpc.server.GrpcClientProtocolService now
2024-01-11 04:03:23,241 [001cd0bd-e806-4758-aa83-7f483601919f-impl-thread2] INFO  server.RaftServer$Division (RaftServerImpl.java:lambda$close$3(526)) - 001cd0bd-e806-4758-aa83-7f483601919f@group-DD870845A42B: shutdown
2024-01-11 04:03:23,242 [160405f6-ad1e-49bf-8de5-8727279c1313-impl-thread1] INFO  server.RaftServer$Division (RaftServerImpl.java:lambda$close$3(526)) - 160405f6-ad1e-49bf-8de5-8727279c1313@group-FA6D695FADC7: shutdown
2024-01-11 04:03:23,242 [001cd0bd-e806-4758-aa83-7f483601919f-impl-thread3] INFO  server.RaftServer$Division (RaftServerImpl.java:lambda$close$3(526)) - 001cd0bd-e806-4758-aa83-7f483601919f@group-DFEA3DC23DBB: shutdown
2024-01-11 04:03:23,242 [001cd0bd-e806-4758-aa83-7f483601919f-impl-thread2] INFO  util.JmxRegister (JmxRegister.java:unregister(73)) - Successfully un-registered JMX Bean with object name Ratis:service=RaftServer,group=group-DD870845A42B,id=001cd0bd-e806-4758-aa83-7f483601919f
2024-01-11 04:03:23,242 [160405f6-ad1e-49bf-8de5-8727279c1313-impl-thread1] INFO  util.JmxRegister (JmxRegister.java:unregister(73)) - Successfully un-registered JMX Bean with object name Ratis:service=RaftServer,group=group-FA6D695FADC7,id=160405f6-ad1e-49bf-8de5-8727279c1313
2024-01-11 04:03:23,242 [001cd0bd-e806-4758-aa83-7f483601919f-impl-thread2] INFO  impl.RoleInfo (RoleInfo.java:shutdownLeaderState(94)) - 001cd0bd-e806-4758-aa83-7f483601919f: shutdown 001cd0bd-e806-4758-aa83-7f483601919f@group-DD870845A42B-LeaderStateImpl
2024-01-11 04:03:23,242 [001cd0bd-e806-4758-aa83-7f483601919f-impl-thread3] INFO  util.JmxRegister (JmxRegister.java:unregister(73)) - Successfully un-registered JMX Bean with object name Ratis:service=RaftServer,group=group-DFEA3DC23DBB,id=001cd0bd-e806-4758-aa83-7f483601919f
2024-01-11 04:03:23,242 [160405f6-ad1e-49bf-8de5-8727279c1313-impl-thread1] INFO  impl.RoleInfo (RoleInfo.java:shutdownFollowerState(110)) - 160405f6-ad1e-49bf-8de5-8727279c1313: shutdown 160405f6-ad1e-49bf-8de5-8727279c1313@group-FA6D695FADC7-FollowerState
2024-01-11 04:03:23,242 [160405f6-ad1e-49bf-8de5-8727279c1313-impl-thread2] INFO  server.RaftServer$Division (RaftServerImpl.java:lambda$close$3(526)) - 160405f6-ad1e-49bf-8de5-8727279c1313@group-DD870845A42B: shutdown
2024-01-11 04:03:23,242 [001cd0bd-e806-4758-aa83-7f483601919f-impl-thread3] INFO  impl.RoleInfo (RoleInfo.java:shutdownLeaderState(94)) - 001cd0bd-e806-4758-aa83-7f483601919f: shutdown 001cd0bd-e806-4758-aa83-7f483601919f@group-DFEA3DC23DBB-LeaderStateImpl
2024-01-11 04:03:23,242 [160405f6-ad1e-49bf-8de5-8727279c1313-impl-thread2] INFO  util.JmxRegister (JmxRegister.java:unregister(73)) - Successfully un-registered JMX Bean with object name Ratis:service=RaftServer,group=group-DD870845A42B,id=160405f6-ad1e-49bf-8de5-8727279c1313
2024-01-11 04:03:23,243 [160405f6-ad1e-49bf-8de5-8727279c1313-impl-thread2] INFO  impl.RoleInfo (RoleInfo.java:shutdownFollowerState(110)) - 160405f6-ad1e-49bf-8de5-8727279c1313: shutdown 160405f6-ad1e-49bf-8de5-8727279c1313@group-DD870845A42B-FollowerState
2024-01-11 04:03:23,244 [160405f6-ad1e-49bf-8de5-8727279c1313-impl-thread2] INFO  impl.StateMachineUpdater (StateMachineUpdater.java:stopAndJoin(157)) - 160405f6-ad1e-49bf-8de5-8727279c1313@group-DD870845A42B-StateMachineUpdater: set stopIndex = -1
2024-01-11 04:03:23,244 [160405f6-ad1e-49bf-8de5-8727279c1313@group-DD870845A42B-FollowerState] INFO  impl.FollowerState (FollowerState.java:run(152)) - 160405f6-ad1e-49bf-8de5-8727279c1313@group-DD870845A42B-FollowerState was interrupted
2024-01-11 04:03:23,244 [160405f6-ad1e-49bf-8de5-8727279c1313-impl-thread1] INFO  impl.StateMachineUpdater (StateMachineUpdater.java:stopAndJoin(157)) - 160405f6-ad1e-49bf-8de5-8727279c1313@group-FA6D695FADC7-StateMachineUpdater: set stopIndex = 0
2024-01-11 04:03:23,244 [001cd0bd-e806-4758-aa83-7f483601919f@group-DD870845A42B->e9344016-ed75-4908-bdbb-2b1208d89c49-GrpcLogAppender-LogAppenderDaemon] WARN  server.GrpcLogAppender (GrpcLogAppender.java:mayWait(289)) - 001cd0bd-e806-4758-aa83-7f483601919f@group-DD870845A42B->e9344016-ed75-4908-bdbb-2b1208d89c49-GrpcLogAppender: Wait interrupted by java.lang.InterruptedException
2024-01-11 04:03:23,244 [160405f6-ad1e-49bf-8de5-8727279c1313@group-FA6D695FADC7-StateMachineUpdater] INFO  ratis.ContainerStateMachine (ContainerStateMachine.java:takeSnapshot(355)) - group-FA6D695FADC7: Taking a snapshot at:(t:1, i:0) file /home/runner/work/ozone/ozone/hadoop-ozone/integration-test/target/test-dir/MiniOzoneClusterImpl-bfa76206-2968-4191-bda1-2218be479879/datanode-2/data/ratis/d568570a-3654-403e-bf0c-fa6d695fadc7/sm/snapshot.1_0
2024-01-11 04:03:23,244 [160405f6-ad1e-49bf-8de5-8727279c1313-impl-thread3] INFO  server.RaftServer$Division (RaftServerImpl.java:lambda$close$3(526)) - 160405f6-ad1e-49bf-8de5-8727279c1313@group-C40260B1E312: shutdown
2024-01-11 04:03:23,244 [160405f6-ad1e-49bf-8de5-8727279c1313@group-FA6D695FADC7-FollowerState] INFO  impl.FollowerState (FollowerState.java:run(152)) - 160405f6-ad1e-49bf-8de5-8727279c1313@group-FA6D695FADC7-FollowerState was interrupted
2024-01-11 04:03:23,244 [ForkJoinPool.commonPool-worker-0] INFO  server.GrpcService (GrpcService.java:closeImpl(311)) - 160405f6-ad1e-49bf-8de5-8727279c1313: shutdown server org.apache.ratis.grpc.server.GrpcClientProtocolService now
2024-01-11 04:03:23,244 [160405f6-ad1e-49bf-8de5-8727279c1313-impl-thread3] INFO  util.JmxRegister (JmxRegister.java:unregister(73)) - Successfully un-registered JMX Bean with object name Ratis:service=RaftServer,group=group-C40260B1E312,id=160405f6-ad1e-49bf-8de5-8727279c1313
2024-01-11 04:03:23,245 [160405f6-ad1e-49bf-8de5-8727279c1313-impl-thread3] INFO  impl.RoleInfo (RoleInfo.java:shutdownLeaderState(94)) - 160405f6-ad1e-49bf-8de5-8727279c1313: shutdown 160405f6-ad1e-49bf-8de5-8727279c1313@group-C40260B1E312-LeaderStateImpl
2024-01-11 04:03:23,245 [160405f6-ad1e-49bf-8de5-8727279c1313-impl-thread2] INFO  server.RaftServer$Division (ServerState.java:close(427)) - 160405f6-ad1e-49bf-8de5-8727279c1313@group-DD870845A42B: applyIndex: -1
2024-01-11 04:03:23,243 [001cd0bd-e806-4758-aa83-7f483601919f-impl-thread3] INFO  impl.PendingRequests (PendingRequests.java:sendNotLeaderResponses(289)) - 001cd0bd-e806-4758-aa83-7f483601919f@group-DFEA3DC23DBB-PendingRequests: sendNotLeaderResponses
2024-01-11 04:03:23,247 [Thread-582] INFO  server.GrpcServerProtocolClient (GrpcServerProtocolClient.java:close(103)) - 160405f6-ad1e-49bf-8de5-8727279c1313 Close channels
2024-01-11 04:03:23,247 [001cd0bd-e806-4758-aa83-7f483601919f-impl-thread3] INFO  impl.StateMachineUpdater (StateMachineUpdater.java:stopAndJoin(157)) - 001cd0bd-e806-4758-aa83-7f483601919f@group-DFEA3DC23DBB-StateMachineUpdater: set stopIndex = 0
2024-01-11 04:03:23,247 [Thread-583] INFO  server.GrpcServerProtocolClient (GrpcServerProtocolClient.java:close(103)) - e9344016-ed75-4908-bdbb-2b1208d89c49 Close channels
2024-01-11 04:03:23,248 [grpc-default-executor-1] INFO  server.GrpcServerProtocolService (GrpcServerProtocolService.java:onCompleted(157)) - e9344016-ed75-4908-bdbb-2b1208d89c49: Completed APPEND_ENTRIES, lastRequest: 001cd0bd-e806-4758-aa83-7f483601919f->e9344016-ed75-4908-bdbb-2b1208d89c49#1-t1,previous=(t:0, i:0),leaderCommit=-1,initializing? false,entries: size=1, first=(t:1, i:0), CONFIGURATIONENTRY(current:id: "001cd0bd-e806-4758-aa83-7f483601919f"
address: "10.1.0.34:15023"
priority: 1
dataStreamAddress: "10.1.0.34:15024"
clientAddress: "10.1.0.34:15021"
adminAddress: "10.1.0.34:15022"
startupRole: FOLLOWER
,id: "160405f6-ad1e-49bf-8de5-8727279c1313"
address: "10.1.0.34:15032"
dataStreamAddress: "10.1.0.34:15033"
clientAddress: "10.1.0.34:15030"
adminAddress: "10.1.0.34:15031"
startupRole: FOLLOWER
,id: "e9344016-ed75-4908-bdbb-2b1208d89c49"
address: "10.1.0.34:15014"
dataStreamAddress: "10.1.0.34:15015"
clientAddress: "10.1.0.34:15012"
adminAddress: "10.1.0.34:15013"
startupRole: FOLLOWER
, old:)
2024-01-11 04:03:23,244 [001cd0bd-e806-4758-aa83-7f483601919f-impl-thread2] INFO  impl.PendingRequests (PendingRequests.java:sendNotLeaderResponses(289)) - 001cd0bd-e806-4758-aa83-7f483601919f@group-DD870845A42B-PendingRequests: sendNotLeaderResponses
2024-01-11 04:03:23,249 [grpc-default-executor-1] INFO  server.GrpcServerProtocolService (GrpcServerProtocolService.java:lambda$onCompleted$5(159)) - e9344016-ed75-4908-bdbb-2b1208d89c49: Completed APPEND_ENTRIES, lastReply: null
2024-01-11 04:03:23,245 [160405f6-ad1e-49bf-8de5-8727279c1313-impl-thread3] INFO  impl.PendingRequests (PendingRequests.java:sendNotLeaderResponses(289)) - 160405f6-ad1e-49bf-8de5-8727279c1313@group-C40260B1E312-PendingRequests: sendNotLeaderResponses
2024-01-11 04:03:23,244 [001cd0bd-e806-4758-aa83-7f483601919f@group-DD870845A42B->160405f6-ad1e-49bf-8de5-8727279c1313-GrpcLogAppender-LogAppenderDaemon] WARN  server.GrpcLogAppender (GrpcLogAppender.java:mayWait(289)) - 001cd0bd-e806-4758-aa83-7f483601919f@group-DD870845A42B->160405f6-ad1e-49bf-8de5-8727279c1313-GrpcLogAppender: Wait interrupted by java.lang.InterruptedException
2024-01-11 04:03:23,250 [ForkJoinPool.commonPool-worker-1] INFO  ozoneimpl.OzoneContainer (OzoneContainer.java:stop(479)) - Attempting to stop container services.
2024-01-11 04:03:23,257 [160405f6-ad1e-49bf-8de5-8727279c1313@group-C40260B1E312-StateMachineUpdater] INFO  ratis.ContainerStateMachine (ContainerStateMachine.java:takeSnapshot(355)) - group-C40260B1E312: Taking a snapshot at:(t:1, i:0) file /home/runner/work/ozone/ozone/hadoop-ozone/integration-test/target/test-dir/MiniOzoneClusterImpl-bfa76206-2968-4191-bda1-2218be479879/datanode-2/data/ratis/e77b1fbf-0c5f-4d4b-9dc4-c40260b1e312/sm/snapshot.1_0
2024-01-11 04:03:23,257 [grpc-default-executor-0] INFO  server.GrpcLogAppender (GrpcLogAppender.java:onCompleted(546)) - 001cd0bd-e806-4758-aa83-7f483601919f@group-DD870845A42B->e9344016-ed75-4908-bdbb-2b1208d89c49-AppendLogResponseHandler: follower responses appendEntries COMPLETED
2024-01-11 04:03:23,250 [001cd0bd-e806-4758-aa83-7f483601919f@group-DFEA3DC23DBB-StateMachineUpdater] INFO  ratis.ContainerStateMachine (ContainerStateMachine.java:takeSnapshot(355)) - group-DFEA3DC23DBB: Taking a snapshot at:(t:1, i:0) file /home/runner/work/ozone/ozone/hadoop-ozone/integration-test/target/test-dir/MiniOzoneClusterImpl-bfa76206-2968-4191-bda1-2218be479879/datanode-1/data/ratis/00d277f6-ee7c-40c8-850a-dfea3dc23dbb/sm/snapshot.1_0
2024-01-11 04:03:23,250 [160405f6-ad1e-49bf-8de5-8727279c1313@group-DD870845A42B-cacheEviction-AwaitToRun] INFO  util.AwaitToRun (AwaitToRun.java:run(49)) - 160405f6-ad1e-49bf-8de5-8727279c1313@group-DD870845A42B-cacheEviction-AwaitToRun-AwaitForSignal is interrupted
2024-01-11 04:03:23,250 [grpc-default-executor-3] INFO  server.GrpcServerProtocolService (GrpcServerProtocolService.java:onCompleted(157)) - e9344016-ed75-4908-bdbb-2b1208d89c49: Completed APPEND_ENTRIES, lastRequest: null
2024-01-11 04:03:23,261 [grpc-default-executor-3] INFO  server.GrpcServerProtocolService (GrpcServerProtocolService.java:lambda$onCompleted$5(159)) - e9344016-ed75-4908-bdbb-2b1208d89c49: Completed APPEND_ENTRIES, lastReply: serverReply {
  requestorId: "001cd0bd-e806-4758-aa83-7f483601919f"
  replyId: "e9344016-ed75-4908-bdbb-2b1208d89c49"
  raftGroupId {
    id: "\322(\337\227FcD\316\2548\335\207\bE\244+"
  }
  success: true
}
term: 1
followerCommit: 18446744073709551615
matchIndex: 18446744073709551615
isHearbeat: true

2024-01-11 04:03:23,259 [grpc-default-executor-1] INFO  server.GrpcServerProtocolService (GrpcServerProtocolService.java:onCompleted(157)) - 160405f6-ad1e-49bf-8de5-8727279c1313: Completed APPEND_ENTRIES, lastRequest: 001cd0bd-e806-4758-aa83-7f483601919f->160405f6-ad1e-49bf-8de5-8727279c1313#1-t1,previous=(t:0, i:0),leaderCommit=-1,initializing? false,entries: size=1, first=(t:1, i:0), CONFIGURATIONENTRY(current:id: "001cd0bd-e806-4758-aa83-7f483601919f"
address: "10.1.0.34:15023"
priority: 1
dataStreamAddress: "10.1.0.34:15024"
clientAddress: "10.1.0.34:15021"
adminAddress: "10.1.0.34:15022"
startupRole: FOLLOWER
,id: "160405f6-ad1e-49bf-8de5-8727279c1313"
address: "10.1.0.34:15032"
dataStreamAddress: "10.1.0.34:15033"
clientAddress: "10.1.0.34:15030"
adminAddress: "10.1.0.34:15031"
startupRole: FOLLOWER
,id: "e9344016-ed75-4908-bdbb-2b1208d89c49"
address: "10.1.0.34:15014"
dataStreamAddress: "10.1.0.34:15015"
clientAddress: "10.1.0.34:15012"
adminAddress: "10.1.0.34:15013"
startupRole: FOLLOWER
, old:)
2024-01-11 04:03:23,261 [grpc-default-executor-1] INFO  server.GrpcServerProtocolService (GrpcServerProtocolService.java:lambda$onCompleted$5(159)) - 160405f6-ad1e-49bf-8de5-8727279c1313: Completed APPEND_ENTRIES, lastReply: null
2024-01-11 04:03:23,261 [grpc-default-executor-1] INFO  server.GrpcLogAppender (GrpcLogAppender.java:onCompleted(546)) - 001cd0bd-e806-4758-aa83-7f483601919f@group-DD870845A42B->e9344016-ed75-4908-bdbb-2b1208d89c49-AppendLogResponseHandler: follower responses appendEntries COMPLETED
2024-01-11 04:03:23,262 [grpc-default-executor-1] WARN  server.GrpcLogAppender (GrpcLogAppender.java:resetClient(226)) - 001cd0bd-e806-4758-aa83-7f483601919f@group-DD870845A42B->e9344016-ed75-4908-bdbb-2b1208d89c49-GrpcLogAppender: Failed to getClient for e9344016-ed75-4908-bdbb-2b1208d89c49
org.apache.ratis.protocol.exceptions.AlreadyClosedException: 001cd0bd-e806-4758-aa83-7f483601919f is already CLOSED
	at org.apache.ratis.util.PeerProxyMap$PeerAndProxy.getProxy(PeerProxyMap.java:65)
	at org.apache.ratis.util.PeerProxyMap.getProxy(PeerProxyMap.java:114)
	at org.apache.ratis.grpc.server.GrpcLogAppender.getClient(GrpcLogAppender.java:196)
	at org.apache.ratis.grpc.server.GrpcLogAppender.resetClient(GrpcLogAppender.java:201)
	at org.apache.ratis.grpc.server.GrpcLogAppender.access$800(GrpcLogAppender.java:62)
	at org.apache.ratis.grpc.server.GrpcLogAppender$AppendLogResponseHandler.onCompleted(GrpcLogAppender.java:547)
	at org.apache.ratis.thirdparty.io.grpc.stub.ClientCalls$StreamObserverToCallListenerAdapter.onClose(ClientCalls.java:479)
	at org.apache.ratis.thirdparty.io.grpc.internal.ClientCallImpl.closeObserver(ClientCallImpl.java:567)
	at org.apache.ratis.thirdparty.io.grpc.internal.ClientCallImpl.access$300(ClientCallImpl.java:71)
	at org.apache.ratis.thirdparty.io.grpc.internal.ClientCallImpl$ClientStreamListenerImpl$1StreamClosed.runInternal(ClientCallImpl.java:735)
	at org.apache.ratis.thirdparty.io.grpc.internal.ClientCallImpl$ClientStreamListenerImpl$1StreamClosed.runInContext(ClientCallImpl.java:716)
	at org.apache.ratis.thirdparty.io.grpc.internal.ContextRunnable.run(ContextRunnable.java:37)
	at org.apache.ratis.thirdparty.io.grpc.internal.SerializingExecutor.run(SerializingExecutor.java:133)
	at java.util.concurrent.ThreadPoolExecutor.runWorker(ThreadPoolExecutor.java:1149)
	at java.util.concurrent.ThreadPoolExecutor$Worker.run(ThreadPoolExecutor.java:624)
	at java.lang.Thread.run(Thread.java:750)
2024-01-11 04:03:23,259 [ForkJoinPool.commonPool-worker-0] INFO  server.GrpcService (GrpcService.java:closeImpl(320)) - 160405f6-ad1e-49bf-8de5-8727279c1313: shutdown server org.apache.ratis.grpc.server.GrpcClientProtocolService successfully
2024-01-11 04:03:23,259 [grpc-default-executor-2] INFO  server.GrpcServerProtocolService (GrpcServerProtocolService.java:onCompleted(157)) - 160405f6-ad1e-49bf-8de5-8727279c1313: Completed APPEND_ENTRIES, lastRequest: null
2024-01-11 04:03:23,259 [001cd0bd-e806-4758-aa83-7f483601919f@group-DD870845A42B-StateMachineUpdater] INFO  ratis.ContainerStateMachine (ContainerStateMachine.java:takeSnapshot(355)) - group-DD870845A42B: Taking a snapshot at:(t:1, i:0) file /home/runner/work/ozone/ozone/hadoop-ozone/integration-test/target/test-dir/MiniOzoneClusterImpl-bfa76206-2968-4191-bda1-2218be479879/datanode-1/data/ratis/d228df97-4663-44ce-ac38-dd870845a42b/sm/snapshot.1_0
2024-01-11 04:03:23,267 [grpc-default-executor-1] INFO  server.GrpcLogAppender (GrpcLogAppender.java:onCompleted(546)) - 001cd0bd-e806-4758-aa83-7f483601919f@group-DD870845A42B->160405f6-ad1e-49bf-8de5-8727279c1313-AppendLogResponseHandler: follower responses appendEntries COMPLETED
2024-01-11 04:03:23,267 [grpc-default-executor-1] WARN  server.GrpcLogAppender (GrpcLogAppender.java:resetClient(226)) - 001cd0bd-e806-4758-aa83-7f483601919f@group-DD870845A42B->160405f6-ad1e-49bf-8de5-8727279c1313-GrpcLogAppender: Failed to getClient for 160405f6-ad1e-49bf-8de5-8727279c1313
org.apache.ratis.protocol.exceptions.AlreadyClosedException: 001cd0bd-e806-4758-aa83-7f483601919f is already CLOSED
	at org.apache.ratis.util.PeerProxyMap$PeerAndProxy.getProxy(PeerProxyMap.java:65)
	at org.apache.ratis.util.PeerProxyMap.getProxy(PeerProxyMap.java:114)
	at org.apache.ratis.grpc.server.GrpcLogAppender.getClient(GrpcLogAppender.java:196)
	at org.apache.ratis.grpc.server.GrpcLogAppender.resetClient(GrpcLogAppender.java:201)
	at org.apache.ratis.grpc.server.GrpcLogAppender.access$800(GrpcLogAppender.java:62)
	at org.apache.ratis.grpc.server.GrpcLogAppender$AppendLogResponseHandler.onCompleted(GrpcLogAppender.java:547)
	at org.apache.ratis.thirdparty.io.grpc.stub.ClientCalls$StreamObserverToCallListenerAdapter.onClose(ClientCalls.java:479)
	at org.apache.ratis.thirdparty.io.grpc.internal.ClientCallImpl.closeObserver(ClientCallImpl.java:567)
	at org.apache.ratis.thirdparty.io.grpc.internal.ClientCallImpl.access$300(ClientCallImpl.java:71)
	at org.apache.ratis.thirdparty.io.grpc.internal.ClientCallImpl$ClientStreamListenerImpl$1StreamClosed.runInternal(ClientCallImpl.java:735)
	at org.apache.ratis.thirdparty.io.grpc.internal.ClientCallImpl$ClientStreamListenerImpl$1StreamClosed.runInContext(ClientCallImpl.java:716)
	at org.apache.ratis.thirdparty.io.grpc.internal.ContextRunnable.run(ContextRunnable.java:37)
	at org.apache.ratis.thirdparty.io.grpc.internal.SerializingExecutor.run(SerializingExecutor.java:133)
	at java.util.concurrent.ThreadPoolExecutor.runWorker(ThreadPoolExecutor.java:1149)
	at java.util.concurrent.ThreadPoolExecutor$Worker.run(ThreadPoolExecutor.java:624)
	at java.lang.Thread.run(Thread.java:750)
2024-01-11 04:03:23,258 [001cd0bd-e806-4758-aa83-7f483601919f-impl-thread2] INFO  impl.StateMachineUpdater (StateMachineUpdater.java:stopAndJoin(157)) - 001cd0bd-e806-4758-aa83-7f483601919f@group-DD870845A42B-StateMachineUpdater: set stopIndex = 0
2024-01-11 04:03:23,258 [grpc-default-executor-0] WARN  server.GrpcLogAppender (GrpcLogAppender.java:resetClient(226)) - 001cd0bd-e806-4758-aa83-7f483601919f@group-DD870845A42B->e9344016-ed75-4908-bdbb-2b1208d89c49-GrpcLogAppender: Failed to getClient for e9344016-ed75-4908-bdbb-2b1208d89c49
org.apache.ratis.protocol.exceptions.AlreadyClosedException: 001cd0bd-e806-4758-aa83-7f483601919f is already CLOSED
	at org.apache.ratis.util.PeerProxyMap$PeerAndProxy.getProxy(PeerProxyMap.java:65)
	at org.apache.ratis.util.PeerProxyMap.getProxy(PeerProxyMap.java:114)
	at org.apache.ratis.grpc.server.GrpcLogAppender.getClient(GrpcLogAppender.java:196)
	at org.apache.ratis.grpc.server.GrpcLogAppender.resetClient(GrpcLogAppender.java:201)
	at org.apache.ratis.grpc.server.GrpcLogAppender.access$800(GrpcLogAppender.java:62)
	at org.apache.ratis.grpc.server.GrpcLogAppender$AppendLogResponseHandler.onCompleted(GrpcLogAppender.java:547)
	at org.apache.ratis.thirdparty.io.grpc.stub.ClientCalls$StreamObserverToCallListenerAdapter.onClose(ClientCalls.java:479)
	at org.apache.ratis.thirdparty.io.grpc.internal.ClientCallImpl.closeObserver(ClientCallImpl.java:567)
	at org.apache.ratis.thirdparty.io.grpc.internal.ClientCallImpl.access$300(ClientCallImpl.java:71)
	at org.apache.ratis.thirdparty.io.grpc.internal.ClientCallImpl$ClientStreamListenerImpl$1StreamClosed.runInternal(ClientCallImpl.java:735)
	at org.apache.ratis.thirdparty.io.grpc.internal.ClientCallImpl$ClientStreamListenerImpl$1StreamClosed.runInContext(ClientCallImpl.java:716)
	at org.apache.ratis.thirdparty.io.grpc.internal.ContextRunnable.run(ContextRunnable.java:37)
	at org.apache.ratis.thirdparty.io.grpc.internal.SerializingExecutor.run(SerializingExecutor.java:133)
	at java.util.concurrent.ThreadPoolExecutor.runWorker(ThreadPoolExecutor.java:1149)
	at java.util.concurrent.ThreadPoolExecutor$Worker.run(ThreadPoolExecutor.java:624)
	at java.lang.Thread.run(Thread.java:750)
2024-01-11 04:03:23,258 [ForkJoinPool.commonPool-worker-1] INFO  server.RaftServer (RaftServerProxy.java:lambda$close$9(416)) - e9344016-ed75-4908-bdbb-2b1208d89c49: close
2024-01-11 04:03:23,257 [160405f6-ad1e-49bf-8de5-8727279c1313-impl-thread3] INFO  impl.StateMachineUpdater (StateMachineUpdater.java:stopAndJoin(157)) - 160405f6-ad1e-49bf-8de5-8727279c1313@group-C40260B1E312-StateMachineUpdater: set stopIndex = 0
2024-01-11 04:03:23,268 [e9344016-ed75-4908-bdbb-2b1208d89c49-impl-thread1] INFO  server.RaftServer$Division (RaftServerImpl.java:lambda$close$3(526)) - e9344016-ed75-4908-bdbb-2b1208d89c49@group-FA6D695FADC7: shutdown
2024-01-11 04:03:23,268 [e9344016-ed75-4908-bdbb-2b1208d89c49-impl-thread1] INFO  util.JmxRegister (JmxRegister.java:unregister(73)) - Successfully un-registered JMX Bean with object name Ratis:service=RaftServer,group=group-FA6D695FADC7,id=e9344016-ed75-4908-bdbb-2b1208d89c49
2024-01-11 04:03:23,268 [e9344016-ed75-4908-bdbb-2b1208d89c49-impl-thread1] INFO  impl.RoleInfo (RoleInfo.java:shutdownLeaderState(94)) - e9344016-ed75-4908-bdbb-2b1208d89c49: shutdown e9344016-ed75-4908-bdbb-2b1208d89c49@group-FA6D695FADC7-LeaderStateImpl
2024-01-11 04:03:23,268 [e9344016-ed75-4908-bdbb-2b1208d89c49@group-FA6D695FADC7->001cd0bd-e806-4758-aa83-7f483601919f-GrpcLogAppender-LogAppenderDaemon] WARN  server.GrpcLogAppender (GrpcLogAppender.java:mayWait(289)) - e9344016-ed75-4908-bdbb-2b1208d89c49@group-FA6D695FADC7->001cd0bd-e806-4758-aa83-7f483601919f-GrpcLogAppender: Wait interrupted by java.lang.InterruptedException
2024-01-11 04:03:23,267 [grpc-default-executor-2] INFO  server.GrpcServerProtocolService (GrpcServerProtocolService.java:lambda$onCompleted$5(159)) - 160405f6-ad1e-49bf-8de5-8727279c1313: Completed APPEND_ENTRIES, lastReply: serverReply {
  requestorId: "001cd0bd-e806-4758-aa83-7f483601919f"
  replyId: "160405f6-ad1e-49bf-8de5-8727279c1313"
  raftGroupId {
    id: "\322(\337\227FcD\316\2548\335\207\bE\244+"
  }
  success: true
}
term: 1
followerCommit: 18446744073709551615
matchIndex: 18446744073709551615
isHearbeat: true

2024-01-11 04:03:23,267 [ForkJoinPool.commonPool-worker-0] INFO  server.GrpcService (GrpcService.java:closeImpl(311)) - 160405f6-ad1e-49bf-8de5-8727279c1313: shutdown server GrpcServerProtocolService now
2024-01-11 04:03:23,268 [e9344016-ed75-4908-bdbb-2b1208d89c49-impl-thread1] INFO  impl.PendingRequests (PendingRequests.java:sendNotLeaderResponses(289)) - e9344016-ed75-4908-bdbb-2b1208d89c49@group-FA6D695FADC7-PendingRequests: sendNotLeaderResponses
2024-01-11 04:03:23,268 [e9344016-ed75-4908-bdbb-2b1208d89c49@group-FA6D695FADC7->160405f6-ad1e-49bf-8de5-8727279c1313-GrpcLogAppender-LogAppenderDaemon] WARN  server.GrpcLogAppender (GrpcLogAppender.java:mayWait(289)) - e9344016-ed75-4908-bdbb-2b1208d89c49@group-FA6D695FADC7->160405f6-ad1e-49bf-8de5-8727279c1313-GrpcLogAppender: Wait interrupted by java.lang.InterruptedException
2024-01-11 04:03:23,276 [ForkJoinPool.commonPool-worker-1] INFO  server.GrpcService (GrpcService.java:closeImpl(311)) - e9344016-ed75-4908-bdbb-2b1208d89c49: shutdown server org.apache.ratis.grpc.server.GrpcClientProtocolService now
2024-01-11 04:03:23,276 [e9344016-ed75-4908-bdbb-2b1208d89c49-impl-thread2] INFO  server.RaftServer$Division (RaftServerImpl.java:lambda$close$3(526)) - e9344016-ed75-4908-bdbb-2b1208d89c49@group-8F976F7C7D18: shutdown
2024-01-11 04:03:23,278 [e9344016-ed75-4908-bdbb-2b1208d89c49-impl-thread2] INFO  util.JmxRegister (JmxRegister.java:unregister(73)) - Successfully un-registered JMX Bean with object name Ratis:service=RaftServer,group=group-8F976F7C7D18,id=e9344016-ed75-4908-bdbb-2b1208d89c49
2024-01-11 04:03:23,278 [e9344016-ed75-4908-bdbb-2b1208d89c49-impl-thread2] INFO  impl.RoleInfo (RoleInfo.java:shutdownLeaderState(94)) - e9344016-ed75-4908-bdbb-2b1208d89c49: shutdown e9344016-ed75-4908-bdbb-2b1208d89c49@group-8F976F7C7D18-LeaderStateImpl
2024-01-11 04:03:23,278 [e9344016-ed75-4908-bdbb-2b1208d89c49-impl-thread2] INFO  impl.PendingRequests (PendingRequests.java:sendNotLeaderResponses(289)) - e9344016-ed75-4908-bdbb-2b1208d89c49@group-8F976F7C7D18-PendingRequests: sendNotLeaderResponses
2024-01-11 04:03:23,278 [e9344016-ed75-4908-bdbb-2b1208d89c49-impl-thread1] INFO  impl.StateMachineUpdater (StateMachineUpdater.java:stopAndJoin(157)) - e9344016-ed75-4908-bdbb-2b1208d89c49@group-FA6D695FADC7-StateMachineUpdater: set stopIndex = 0
2024-01-11 04:03:23,273 [grpc-default-executor-1] INFO  server.GrpcServerProtocolService (GrpcServerProtocolService.java:onCompleted(157)) - 001cd0bd-e806-4758-aa83-7f483601919f: Completed APPEND_ENTRIES, lastRequest: e9344016-ed75-4908-bdbb-2b1208d89c49->001cd0bd-e806-4758-aa83-7f483601919f#1-t1,previous=(t:0, i:0),leaderCommit=-1,initializing? false,entries: size=1, first=(t:1, i:0), CONFIGURATIONENTRY(current:id: "001cd0bd-e806-4758-aa83-7f483601919f"
address: "10.1.0.34:15023"
dataStreamAddress: "10.1.0.34:15024"
clientAddress: "10.1.0.34:15021"
adminAddress: "10.1.0.34:15022"
startupRole: FOLLOWER
,id: "160405f6-ad1e-49bf-8de5-8727279c1313"
address: "10.1.0.34:15032"
dataStreamAddress: "10.1.0.34:15033"
clientAddress: "10.1.0.34:15030"
adminAddress: "10.1.0.34:15031"
startupRole: FOLLOWER
,id: "e9344016-ed75-4908-bdbb-2b1208d89c49"
address: "10.1.0.34:15014"
priority: 1
dataStreamAddress: "10.1.0.34:15015"
clientAddress: "10.1.0.34:15012"
adminAddress: "10.1.0.34:15013"
startupRole: FOLLOWER
, old:)
2024-01-11 04:03:23,279 [grpc-default-executor-1] INFO  server.GrpcServerProtocolService (GrpcServerProtocolService.java:lambda$onCompleted$5(159)) - 001cd0bd-e806-4758-aa83-7f483601919f: Completed APPEND_ENTRIES, lastReply: null
2024-01-11 04:03:23,279 [e9344016-ed75-4908-bdbb-2b1208d89c49@group-FA6D695FADC7-StateMachineUpdater] INFO  ratis.ContainerStateMachine (ContainerStateMachine.java:takeSnapshot(355)) - group-FA6D695FADC7: Taking a snapshot at:(t:1, i:0) file /home/runner/work/ozone/ozone/hadoop-ozone/integration-test/target/test-dir/MiniOzoneClusterImpl-bfa76206-2968-4191-bda1-2218be479879/datanode-0/data/ratis/d568570a-3654-403e-bf0c-fa6d695fadc7/sm/snapshot.1_0
2024-01-11 04:03:23,285 [Thread-592] INFO  server.GrpcServerProtocolClient (GrpcServerProtocolClient.java:close(103)) - 001cd0bd-e806-4758-aa83-7f483601919f Close channels
2024-01-11 04:03:23,270 [grpc-default-executor-0] INFO  server.GrpcLogAppender (GrpcLogAppender.java:onCompleted(546)) - 001cd0bd-e806-4758-aa83-7f483601919f@group-DD870845A42B->160405f6-ad1e-49bf-8de5-8727279c1313-AppendLogResponseHandler: follower responses appendEntries COMPLETED
2024-01-11 04:03:23,285 [Thread-593] INFO  server.GrpcServerProtocolClient (GrpcServerProtocolClient.java:close(103)) - 160405f6-ad1e-49bf-8de5-8727279c1313 Close channels
2024-01-11 04:03:23,285 [ForkJoinPool.commonPool-worker-0] INFO  server.GrpcService (GrpcService.java:closeImpl(320)) - 160405f6-ad1e-49bf-8de5-8727279c1313: shutdown server GrpcServerProtocolService successfully
2024-01-11 04:03:23,286 [ForkJoinPool.commonPool-worker-0] INFO  server.GrpcService (GrpcService.java:closeImpl(311)) - 160405f6-ad1e-49bf-8de5-8727279c1313: shutdown server org.apache.ratis.grpc.server.GrpcAdminProtocolService now
2024-01-11 04:03:23,281 [grpc-default-executor-1] INFO  server.GrpcServerProtocolService (GrpcServerProtocolService.java:onCompleted(157)) - 001cd0bd-e806-4758-aa83-7f483601919f: Completed APPEND_ENTRIES, lastRequest: null
2024-01-11 04:03:23,281 [grpc-default-executor-4] WARN  server.GrpcServerProtocolService (LogUtils.java:warn(121)) - 160405f6-ad1e-49bf-8de5-8727279c1313: APPEND_ENTRIES onError, lastRequest: null: org.apache.ratis.thirdparty.io.grpc.StatusRuntimeException: CANCELLED: client cancelled
2024-01-11 04:03:23,281 [e9344016-ed75-4908-bdbb-2b1208d89c49-impl-thread3] INFO  server.RaftServer$Division (RaftServerImpl.java:lambda$close$3(526)) - e9344016-ed75-4908-bdbb-2b1208d89c49@group-DD870845A42B: shutdown
2024-01-11 04:03:23,286 [grpc-default-executor-1] INFO  server.GrpcServerProtocolService (GrpcServerProtocolService.java:lambda$onCompleted$5(159)) - 001cd0bd-e806-4758-aa83-7f483601919f: Completed APPEND_ENTRIES, lastReply: serverReply {
  requestorId: "e9344016-ed75-4908-bdbb-2b1208d89c49"
  replyId: "001cd0bd-e806-4758-aa83-7f483601919f"
  raftGroupId {
    id: "\325hW\n6T@>\277\f\372mi_\255\307"
  }
  callId: 3
  success: true
}
term: 1
nextIndex: 1
matchIndex: 18446744073709551615
isHearbeat: true

2024-01-11 04:03:23,286 [e9344016-ed75-4908-bdbb-2b1208d89c49-impl-thread3] INFO  util.JmxRegister (JmxRegister.java:unregister(73)) - Successfully un-registered JMX Bean with object name Ratis:service=RaftServer,group=group-DD870845A42B,id=e9344016-ed75-4908-bdbb-2b1208d89c49
2024-01-11 04:03:23,287 [e9344016-ed75-4908-bdbb-2b1208d89c49-impl-thread3] INFO  impl.RoleInfo (RoleInfo.java:shutdownFollowerState(110)) - e9344016-ed75-4908-bdbb-2b1208d89c49: shutdown e9344016-ed75-4908-bdbb-2b1208d89c49@group-DD870845A42B-FollowerState
2024-01-11 04:03:23,280 [grpc-default-executor-2] INFO  server.GrpcLogAppender (GrpcLogAppender.java:onError(533)) - e9344016-ed75-4908-bdbb-2b1208d89c49@group-FA6D695FADC7->160405f6-ad1e-49bf-8de5-8727279c1313-GrpcLogAppender is already stopped
2024-01-11 04:03:23,280 [grpc-default-executor-3] INFO  server.GrpcLogAppender (GrpcLogAppender.java:onCompleted(546)) - e9344016-ed75-4908-bdbb-2b1208d89c49@group-FA6D695FADC7->001cd0bd-e806-4758-aa83-7f483601919f-AppendLogResponseHandler: follower responses appendEntries COMPLETED
2024-01-11 04:03:23,279 [e9344016-ed75-4908-bdbb-2b1208d89c49@group-8F976F7C7D18-StateMachineUpdater] INFO  ratis.ContainerStateMachine (ContainerStateMachine.java:takeSnapshot(355)) - group-8F976F7C7D18: Taking a snapshot at:(t:1, i:0) file /home/runner/work/ozone/ozone/hadoop-ozone/integration-test/target/test-dir/MiniOzoneClusterImpl-bfa76206-2968-4191-bda1-2218be479879/datanode-0/data/ratis/aacb34fe-b588-4a94-b239-8f976f7c7d18/sm/snapshot.1_0
2024-01-11 04:03:23,287 [e9344016-ed75-4908-bdbb-2b1208d89c49-impl-thread3] INFO  impl.StateMachineUpdater (StateMachineUpdater.java:stopAndJoin(157)) - e9344016-ed75-4908-bdbb-2b1208d89c49@group-DD870845A42B-StateMachineUpdater: set stopIndex = -1
2024-01-11 04:03:23,279 [e9344016-ed75-4908-bdbb-2b1208d89c49-impl-thread2] INFO  impl.StateMachineUpdater (StateMachineUpdater.java:stopAndJoin(157)) - e9344016-ed75-4908-bdbb-2b1208d89c49@group-8F976F7C7D18-StateMachineUpdater: set stopIndex = 0
2024-01-11 04:03:23,288 [main] INFO  server.GrpcService (GrpcService.java:closeImpl(320)) - 001cd0bd-e806-4758-aa83-7f483601919f: shutdown server org.apache.ratis.grpc.server.GrpcClientProtocolService successfully
2024-01-11 04:03:23,289 [main] INFO  server.GrpcService (GrpcService.java:closeImpl(311)) - 001cd0bd-e806-4758-aa83-7f483601919f: shutdown server GrpcServerProtocolService now
2024-01-11 04:03:23,289 [grpc-default-executor-5] WARN  server.GrpcServerProtocolService (LogUtils.java:warn(121)) - 160405f6-ad1e-49bf-8de5-8727279c1313: APPEND_ENTRIES onError, lastRequest: e9344016-ed75-4908-bdbb-2b1208d89c49->160405f6-ad1e-49bf-8de5-8727279c1313#1-t1,previous=(t:0, i:0),leaderCommit=-1,initializing? false,entries: size=1, first=(t:1, i:0), CONFIGURATIONENTRY(current:id: "001cd0bd-e806-4758-aa83-7f483601919f"
address: "10.1.0.34:15023"
dataStreamAddress: "10.1.0.34:15024"
clientAddress: "10.1.0.34:15021"
adminAddress: "10.1.0.34:15022"
startupRole: FOLLOWER
,id: "160405f6-ad1e-49bf-8de5-8727279c1313"
address: "10.1.0.34:15032"
dataStreamAddress: "10.1.0.34:15033"
clientAddress: "10.1.0.34:15030"
adminAddress: "10.1.0.34:15031"
startupRole: FOLLOWER
,id: "e9344016-ed75-4908-bdbb-2b1208d89c49"
address: "10.1.0.34:15014"
priority: 1
dataStreamAddress: "10.1.0.34:15015"
clientAddress: "10.1.0.34:15012"
adminAddress: "10.1.0.34:15013"
startupRole: FOLLOWER
, old:): org.apache.ratis.thirdparty.io.grpc.StatusRuntimeException: CANCELLED: client cancelled
2024-01-11 04:03:23,287 [e9344016-ed75-4908-bdbb-2b1208d89c49@group-DD870845A42B-FollowerState] INFO  impl.FollowerState (FollowerState.java:run(152)) - e9344016-ed75-4908-bdbb-2b1208d89c49@group-DD870845A42B-FollowerState was interrupted
2024-01-11 04:03:23,287 [grpc-default-executor-6] INFO  server.GrpcLogAppender (GrpcLogAppender.java:onError(533)) - e9344016-ed75-4908-bdbb-2b1208d89c49@group-FA6D695FADC7->160405f6-ad1e-49bf-8de5-8727279c1313-GrpcLogAppender is already stopped
2024-01-11 04:03:23,298 [main] INFO  server.GrpcService (GrpcService.java:closeImpl(320)) - 001cd0bd-e806-4758-aa83-7f483601919f: shutdown server GrpcServerProtocolService successfully
2024-01-11 04:03:23,287 [grpc-default-executor-3] WARN  server.GrpcLogAppender (GrpcLogAppender.java:resetClient(226)) - e9344016-ed75-4908-bdbb-2b1208d89c49@group-FA6D695FADC7->001cd0bd-e806-4758-aa83-7f483601919f-GrpcLogAppender: Failed to getClient for 001cd0bd-e806-4758-aa83-7f483601919f
org.apache.ratis.protocol.exceptions.AlreadyClosedException: e9344016-ed75-4908-bdbb-2b1208d89c49 is already CLOSED
	at org.apache.ratis.util.PeerProxyMap$PeerAndProxy.getProxy(PeerProxyMap.java:65)
	at org.apache.ratis.util.PeerProxyMap.getProxy(PeerProxyMap.java:114)
	at org.apache.ratis.grpc.server.GrpcLogAppender.getClient(GrpcLogAppender.java:196)
	at org.apache.ratis.grpc.server.GrpcLogAppender.resetClient(GrpcLogAppender.java:201)
	at org.apache.ratis.grpc.server.GrpcLogAppender.access$800(GrpcLogAppender.java:62)
	at org.apache.ratis.grpc.server.GrpcLogAppender$AppendLogResponseHandler.onCompleted(GrpcLogAppender.java:547)
	at org.apache.ratis.thirdparty.io.grpc.stub.ClientCalls$StreamObserverToCallListenerAdapter.onClose(ClientCalls.java:479)
	at org.apache.ratis.thirdparty.io.grpc.internal.ClientCallImpl.closeObserver(ClientCallImpl.java:567)
	at org.apache.ratis.thirdparty.io.grpc.internal.ClientCallImpl.access$300(ClientCallImpl.java:71)
	at org.apache.ratis.thirdparty.io.grpc.internal.ClientCallImpl$ClientStreamListenerImpl$1StreamClosed.runInternal(ClientCallImpl.java:735)
	at org.apache.ratis.thirdparty.io.grpc.internal.ClientCallImpl$ClientStreamListenerImpl$1StreamClosed.runInContext(ClientCallImpl.java:716)
	at org.apache.ratis.thirdparty.io.grpc.internal.ContextRunnable.run(ContextRunnable.java:37)
	at org.apache.ratis.thirdparty.io.grpc.internal.SerializingExecutor.run(SerializingExecutor.java:133)
	at java.util.concurrent.ThreadPoolExecutor.runWorker(ThreadPoolExecutor.java:1149)
	at java.util.concurrent.ThreadPoolExecutor$Worker.run(ThreadPoolExecutor.java:624)
	at java.lang.Thread.run(Thread.java:750)
2024-01-11 04:03:23,286 [grpc-default-executor-0] WARN  server.GrpcLogAppender (GrpcLogAppender.java:resetClient(226)) - 001cd0bd-e806-4758-aa83-7f483601919f@group-DD870845A42B->160405f6-ad1e-49bf-8de5-8727279c1313-GrpcLogAppender: Failed to getClient for 160405f6-ad1e-49bf-8de5-8727279c1313
org.apache.ratis.protocol.exceptions.AlreadyClosedException: 001cd0bd-e806-4758-aa83-7f483601919f is already CLOSED
	at org.apache.ratis.util.PeerProxyMap$PeerAndProxy.getProxy(PeerProxyMap.java:65)
	at org.apache.ratis.util.PeerProxyMap.getProxy(PeerProxyMap.java:114)
	at org.apache.ratis.grpc.server.GrpcLogAppender.getClient(GrpcLogAppender.java:196)
	at org.apache.ratis.grpc.server.GrpcLogAppender.resetClient(GrpcLogAppender.java:201)
	at org.apache.ratis.grpc.server.GrpcLogAppender.access$800(GrpcLogAppender.java:62)
	at org.apache.ratis.grpc.server.GrpcLogAppender$AppendLogResponseHandler.onCompleted(GrpcLogAppender.java:547)
	at org.apache.ratis.thirdparty.io.grpc.stub.ClientCalls$StreamObserverToCallListenerAdapter.onClose(ClientCalls.java:479)
	at org.apache.ratis.thirdparty.io.grpc.internal.ClientCallImpl.closeObserver(ClientCallImpl.java:567)
	at org.apache.ratis.thirdparty.io.grpc.internal.ClientCallImpl.access$300(ClientCallImpl.java:71)
	at org.apache.ratis.thirdparty.io.grpc.internal.ClientCallImpl$ClientStreamListenerImpl$1StreamClosed.runInternal(ClientCallImpl.java:735)
	at org.apache.ratis.thirdparty.io.grpc.internal.ClientCallImpl$ClientStreamListenerImpl$1StreamClosed.runInContext(ClientCallImpl.java:716)
	at org.apache.ratis.thirdparty.io.grpc.internal.ContextRunnable.run(ContextRunnable.java:37)
	at org.apache.ratis.thirdparty.io.grpc.internal.SerializingExecutor.run(SerializingExecutor.java:133)
	at java.util.concurrent.ThreadPoolExecutor.runWorker(ThreadPoolExecutor.java:1149)
	at java.util.concurrent.ThreadPoolExecutor$Worker.run(ThreadPoolExecutor.java:624)
	at java.lang.Thread.run(Thread.java:750)
2024-01-11 04:03:23,301 [160405f6-ad1e-49bf-8de5-8727279c1313-impl-thread2] INFO  segmented.SegmentedRaftLogWorker (SegmentedRaftLogWorker.java:close(245)) - 160405f6-ad1e-49bf-8de5-8727279c1313@group-DD870845A42B-SegmentedRaftLogWorker close()
2024-01-11 04:03:23,301 [main] INFO  server.GrpcService (GrpcService.java:closeImpl(311)) - 001cd0bd-e806-4758-aa83-7f483601919f: shutdown server org.apache.ratis.grpc.server.GrpcAdminProtocolService now
2024-01-11 04:03:23,300 [ForkJoinPool.commonPool-worker-0] INFO  server.GrpcService (GrpcService.java:closeImpl(320)) - 160405f6-ad1e-49bf-8de5-8727279c1313: shutdown server org.apache.ratis.grpc.server.GrpcAdminProtocolService successfully
2024-01-11 04:03:23,300 [ForkJoinPool.commonPool-worker-1] INFO  server.GrpcService (GrpcService.java:closeImpl(320)) - e9344016-ed75-4908-bdbb-2b1208d89c49: shutdown server org.apache.ratis.grpc.server.GrpcClientProtocolService successfully
2024-01-11 04:03:23,302 [ForkJoinPool.commonPool-worker-1] INFO  server.GrpcService (GrpcService.java:closeImpl(311)) - e9344016-ed75-4908-bdbb-2b1208d89c49: shutdown server GrpcServerProtocolService now
2024-01-11 04:03:23,300 [e9344016-ed75-4908-bdbb-2b1208d89c49-impl-thread3] INFO  server.RaftServer$Division (ServerState.java:close(427)) - e9344016-ed75-4908-bdbb-2b1208d89c49@group-DD870845A42B: applyIndex: -1
2024-01-11 04:03:23,291 [001cd0bd-e806-4758-aa83-7f483601919f@group-DD870845A42B-StateMachineUpdater] INFO  ratis.ContainerStateMachine (ContainerStateMachine.java:takeSnapshot(366)) - group-DD870845A42B: Finished taking a snapshot at:(t:1, i:0) file:/home/runner/work/ozone/ozone/hadoop-ozone/integration-test/target/test-dir/MiniOzoneClusterImpl-bfa76206-2968-4191-bda1-2218be479879/datanode-1/data/ratis/d228df97-4663-44ce-ac38-dd870845a42b/sm/snapshot.1_0 took: 32 ms
2024-01-11 04:03:23,291 [001cd0bd-e806-4758-aa83-7f483601919f@group-DFEA3DC23DBB-StateMachineUpdater] INFO  ratis.ContainerStateMachine (ContainerStateMachine.java:takeSnapshot(366)) - group-DFEA3DC23DBB: Finished taking a snapshot at:(t:1, i:0) file:/home/runner/work/ozone/ozone/hadoop-ozone/integration-test/target/test-dir/MiniOzoneClusterImpl-bfa76206-2968-4191-bda1-2218be479879/datanode-1/data/ratis/00d277f6-ee7c-40c8-850a-dfea3dc23dbb/sm/snapshot.1_0 took: 41 ms
2024-01-11 04:03:23,291 [160405f6-ad1e-49bf-8de5-8727279c1313@group-C40260B1E312-StateMachineUpdater] INFO  ratis.ContainerStateMachine (ContainerStateMachine.java:takeSnapshot(366)) - group-C40260B1E312: Finished taking a snapshot at:(t:1, i:0) file:/home/runner/work/ozone/ozone/hadoop-ozone/integration-test/target/test-dir/MiniOzoneClusterImpl-bfa76206-2968-4191-bda1-2218be479879/datanode-2/data/ratis/e77b1fbf-0c5f-4d4b-9dc4-c40260b1e312/sm/snapshot.1_0 took: 34 ms
2024-01-11 04:03:23,291 [001cd0bd-e806-4758-aa83-7f483601919f@group-FA6D695FADC7-StateMachineUpdater] INFO  ratis.ContainerStateMachine (ContainerStateMachine.java:takeSnapshot(366)) - group-FA6D695FADC7: Finished taking a snapshot at:(t:1, i:0) file:/home/runner/work/ozone/ozone/hadoop-ozone/integration-test/target/test-dir/MiniOzoneClusterImpl-bfa76206-2968-4191-bda1-2218be479879/datanode-1/data/ratis/d568570a-3654-403e-bf0c-fa6d695fadc7/sm/snapshot.1_0 took: 50 ms
2024-01-11 04:03:23,291 [e9344016-ed75-4908-bdbb-2b1208d89c49@group-FA6D695FADC7-StateMachineUpdater] INFO  ratis.ContainerStateMachine (ContainerStateMachine.java:takeSnapshot(366)) - group-FA6D695FADC7: Finished taking a snapshot at:(t:1, i:0) file:/home/runner/work/ozone/ozone/hadoop-ozone/integration-test/target/test-dir/MiniOzoneClusterImpl-bfa76206-2968-4191-bda1-2218be479879/datanode-0/data/ratis/d568570a-3654-403e-bf0c-fa6d695fadc7/sm/snapshot.1_0 took: 12 ms
2024-01-11 04:03:23,290 [grpc-default-executor-4] INFO  server.GrpcLogAppender (GrpcLogAppender.java:onError(533)) - e9344016-ed75-4908-bdbb-2b1208d89c49@group-FA6D695FADC7->001cd0bd-e806-4758-aa83-7f483601919f-GrpcLogAppender is already stopped
2024-01-11 04:03:23,290 [160405f6-ad1e-49bf-8de5-8727279c1313@group-FA6D695FADC7-StateMachineUpdater] INFO  ratis.ContainerStateMachine (ContainerStateMachine.java:takeSnapshot(366)) - group-FA6D695FADC7: Finished taking a snapshot at:(t:1, i:0) file:/home/runner/work/ozone/ozone/hadoop-ozone/integration-test/target/test-dir/MiniOzoneClusterImpl-bfa76206-2968-4191-bda1-2218be479879/datanode-2/data/ratis/d568570a-3654-403e-bf0c-fa6d695fadc7/sm/snapshot.1_0 took: 46 ms
2024-01-11 04:03:23,290 [e9344016-ed75-4908-bdbb-2b1208d89c49@group-8F976F7C7D18-StateMachineUpdater] INFO  ratis.ContainerStateMachine (ContainerStateMachine.java:takeSnapshot(366)) - group-8F976F7C7D18: Finished taking a snapshot at:(t:1, i:0) file:/home/runner/work/ozone/ozone/hadoop-ozone/integration-test/target/test-dir/MiniOzoneClusterImpl-bfa76206-2968-4191-bda1-2218be479879/datanode-0/data/ratis/aacb34fe-b588-4a94-b239-8f976f7c7d18/sm/snapshot.1_0 took: 11 ms
2024-01-11 04:03:23,304 [160405f6-ad1e-49bf-8de5-8727279c1313@group-FA6D695FADC7-StateMachineUpdater] INFO  impl.StateMachineUpdater (StateMachineUpdater.java:takeSnapshot(295)) - 160405f6-ad1e-49bf-8de5-8727279c1313@group-FA6D695FADC7-StateMachineUpdater: Took a snapshot at index 0
2024-01-11 04:03:23,304 [e9344016-ed75-4908-bdbb-2b1208d89c49@group-8F976F7C7D18-StateMachineUpdater] INFO  impl.StateMachineUpdater (StateMachineUpdater.java:takeSnapshot(295)) - e9344016-ed75-4908-bdbb-2b1208d89c49@group-8F976F7C7D18-StateMachineUpdater: Took a snapshot at index 0
2024-01-11 04:03:23,305 [e9344016-ed75-4908-bdbb-2b1208d89c49@group-8F976F7C7D18-StateMachineUpdater] INFO  impl.StateMachineUpdater (StateMachineUpdater.java:lambda$new$0(98)) - e9344016-ed75-4908-bdbb-2b1208d89c49@group-8F976F7C7D18-StateMachineUpdater: snapshotIndex: updateIncreasingly -1 -> 0
2024-01-11 04:03:23,305 [001cd0bd-e806-4758-aa83-7f483601919f@group-DD870845A42B-StateMachineUpdater] INFO  impl.StateMachineUpdater (StateMachineUpdater.java:takeSnapshot(295)) - 001cd0bd-e806-4758-aa83-7f483601919f@group-DD870845A42B-StateMachineUpdater: Took a snapshot at index 0
2024-01-11 04:03:23,304 [001cd0bd-e806-4758-aa83-7f483601919f@group-FA6D695FADC7-StateMachineUpdater] INFO  impl.StateMachineUpdater (StateMachineUpdater.java:takeSnapshot(295)) - 001cd0bd-e806-4758-aa83-7f483601919f@group-FA6D695FADC7-StateMachineUpdater: Took a snapshot at index 0
2024-01-11 04:03:23,305 [001cd0bd-e806-4758-aa83-7f483601919f@group-FA6D695FADC7-StateMachineUpdater] INFO  impl.StateMachineUpdater (StateMachineUpdater.java:lambda$new$0(98)) - 001cd0bd-e806-4758-aa83-7f483601919f@group-FA6D695FADC7-StateMachineUpdater: snapshotIndex: updateIncreasingly -1 -> 0
2024-01-11 04:03:23,305 [001cd0bd-e806-4758-aa83-7f483601919f@group-DFEA3DC23DBB-StateMachineUpdater] INFO  impl.StateMachineUpdater (StateMachineUpdater.java:takeSnapshot(295)) - 001cd0bd-e806-4758-aa83-7f483601919f@group-DFEA3DC23DBB-StateMachineUpdater: Took a snapshot at index 0
2024-01-11 04:03:23,305 [001cd0bd-e806-4758-aa83-7f483601919f@group-DFEA3DC23DBB-StateMachineUpdater] INFO  impl.StateMachineUpdater (StateMachineUpdater.java:lambda$new$0(98)) - 001cd0bd-e806-4758-aa83-7f483601919f@group-DFEA3DC23DBB-StateMachineUpdater: snapshotIndex: updateIncreasingly -1 -> 0
2024-01-11 04:03:23,305 [e9344016-ed75-4908-bdbb-2b1208d89c49@group-FA6D695FADC7-StateMachineUpdater] INFO  impl.StateMachineUpdater (StateMachineUpdater.java:takeSnapshot(295)) - e9344016-ed75-4908-bdbb-2b1208d89c49@group-FA6D695FADC7-StateMachineUpdater: Took a snapshot at index 0
2024-01-11 04:03:23,305 [e9344016-ed75-4908-bdbb-2b1208d89c49@group-FA6D695FADC7-StateMachineUpdater] INFO  impl.StateMachineUpdater (StateMachineUpdater.java:lambda$new$0(98)) - e9344016-ed75-4908-bdbb-2b1208d89c49@group-FA6D695FADC7-StateMachineUpdater: snapshotIndex: updateIncreasingly -1 -> 0
2024-01-11 04:03:23,305 [160405f6-ad1e-49bf-8de5-8727279c1313@group-C40260B1E312-StateMachineUpdater] INFO  impl.StateMachineUpdater (StateMachineUpdater.java:takeSnapshot(295)) - 160405f6-ad1e-49bf-8de5-8727279c1313@group-C40260B1E312-StateMachineUpdater: Took a snapshot at index 0
2024-01-11 04:03:23,306 [main] INFO  server.GrpcService (GrpcService.java:closeImpl(320)) - 001cd0bd-e806-4758-aa83-7f483601919f: shutdown server org.apache.ratis.grpc.server.GrpcAdminProtocolService successfully
2024-01-11 04:03:23,305 [001cd0bd-e806-4758-aa83-7f483601919f@group-DD870845A42B-StateMachineUpdater] INFO  impl.StateMachineUpdater (StateMachineUpdater.java:lambda$new$0(98)) - 001cd0bd-e806-4758-aa83-7f483601919f@group-DD870845A42B-StateMachineUpdater: snapshotIndex: updateIncreasingly -1 -> 0
2024-01-11 04:03:23,306 [e9344016-ed75-4908-bdbb-2b1208d89c49@group-DD870845A42B-cacheEviction-AwaitToRun] INFO  util.AwaitToRun (AwaitToRun.java:run(49)) - e9344016-ed75-4908-bdbb-2b1208d89c49@group-DD870845A42B-cacheEviction-AwaitToRun-AwaitForSignal is interrupted
2024-01-11 04:03:23,306 [160405f6-ad1e-49bf-8de5-8727279c1313@group-FA6D695FADC7-StateMachineUpdater] INFO  impl.StateMachineUpdater (StateMachineUpdater.java:lambda$new$0(98)) - 160405f6-ad1e-49bf-8de5-8727279c1313@group-FA6D695FADC7-StateMachineUpdater: snapshotIndex: updateIncreasingly -1 -> 0
2024-01-11 04:03:23,306 [160405f6-ad1e-49bf-8de5-8727279c1313@group-C40260B1E312-StateMachineUpdater] INFO  impl.StateMachineUpdater (StateMachineUpdater.java:lambda$new$0(98)) - 160405f6-ad1e-49bf-8de5-8727279c1313@group-C40260B1E312-StateMachineUpdater: snapshotIndex: updateIncreasingly -1 -> 0
2024-01-11 04:03:23,310 [001cd0bd-e806-4758-aa83-7f483601919f-impl-thread1] INFO  server.RaftServer$Division (ServerState.java:close(427)) - 001cd0bd-e806-4758-aa83-7f483601919f@group-FA6D695FADC7: applyIndex: 0
2024-01-11 04:03:23,310 [160405f6-ad1e-49bf-8de5-8727279c1313-impl-thread3] INFO  server.RaftServer$Division (ServerState.java:close(427)) - 160405f6-ad1e-49bf-8de5-8727279c1313@group-C40260B1E312: applyIndex: 0
2024-01-11 04:03:23,310 [001cd0bd-e806-4758-aa83-7f483601919f@group-FA6D695FADC7-cacheEviction-AwaitToRun] INFO  util.AwaitToRun (AwaitToRun.java:run(49)) - 001cd0bd-e806-4758-aa83-7f483601919f@group-FA6D695FADC7-cacheEviction-AwaitToRun-AwaitForSignal is interrupted
2024-01-11 04:03:23,310 [160405f6-ad1e-49bf-8de5-8727279c1313@group-C40260B1E312-cacheEviction-AwaitToRun] INFO  util.AwaitToRun (AwaitToRun.java:run(49)) - 160405f6-ad1e-49bf-8de5-8727279c1313@group-C40260B1E312-cacheEviction-AwaitToRun-AwaitForSignal is interrupted
2024-01-11 04:03:23,310 [160405f6-ad1e-49bf-8de5-8727279c1313-impl-thread1] INFO  server.RaftServer$Division (ServerState.java:close(427)) - 160405f6-ad1e-49bf-8de5-8727279c1313@group-FA6D695FADC7: applyIndex: 0
2024-01-11 04:03:23,310 [e9344016-ed75-4908-bdbb-2b1208d89c49-impl-thread2] INFO  server.RaftServer$Division (ServerState.java:close(427)) - e9344016-ed75-4908-bdbb-2b1208d89c49@group-8F976F7C7D18: applyIndex: 0
2024-01-11 04:03:23,310 [001cd0bd-e806-4758-aa83-7f483601919f-impl-thread3] INFO  server.RaftServer$Division (ServerState.java:close(427)) - 001cd0bd-e806-4758-aa83-7f483601919f@group-DFEA3DC23DBB: applyIndex: 0
2024-01-11 04:03:23,310 [e9344016-ed75-4908-bdbb-2b1208d89c49-impl-thread1] INFO  server.RaftServer$Division (ServerState.java:close(427)) - e9344016-ed75-4908-bdbb-2b1208d89c49@group-FA6D695FADC7: applyIndex: 0
2024-01-11 04:03:23,310 [001cd0bd-e806-4758-aa83-7f483601919f-impl-thread2] INFO  server.RaftServer$Division (ServerState.java:close(427)) - 001cd0bd-e806-4758-aa83-7f483601919f@group-DD870845A42B: applyIndex: 0
2024-01-11 04:03:23,312 [001cd0bd-e806-4758-aa83-7f483601919f@group-DFEA3DC23DBB-cacheEviction-AwaitToRun] INFO  util.AwaitToRun (AwaitToRun.java:run(49)) - 001cd0bd-e806-4758-aa83-7f483601919f@group-DFEA3DC23DBB-cacheEviction-AwaitToRun-AwaitForSignal is interrupted
2024-01-11 04:03:23,312 [ForkJoinPool.commonPool-worker-1] INFO  server.GrpcService (GrpcService.java:closeImpl(320)) - e9344016-ed75-4908-bdbb-2b1208d89c49: shutdown server GrpcServerProtocolService successfully
2024-01-11 04:03:23,312 [ForkJoinPool.commonPool-worker-1] INFO  server.GrpcService (GrpcService.java:closeImpl(311)) - e9344016-ed75-4908-bdbb-2b1208d89c49: shutdown server org.apache.ratis.grpc.server.GrpcAdminProtocolService now
2024-01-11 04:03:23,312 [e9344016-ed75-4908-bdbb-2b1208d89c49@group-8F976F7C7D18-cacheEviction-AwaitToRun] INFO  util.AwaitToRun (AwaitToRun.java:run(49)) - e9344016-ed75-4908-bdbb-2b1208d89c49@group-8F976F7C7D18-cacheEviction-AwaitToRun-AwaitForSignal is interrupted
2024-01-11 04:03:23,313 [160405f6-ad1e-49bf-8de5-8727279c1313@group-FA6D695FADC7-cacheEviction-AwaitToRun] INFO  util.AwaitToRun (AwaitToRun.java:run(49)) - 160405f6-ad1e-49bf-8de5-8727279c1313@group-FA6D695FADC7-cacheEviction-AwaitToRun-AwaitForSignal is interrupted
2024-01-11 04:03:23,314 [ForkJoinPool.commonPool-worker-1] INFO  server.GrpcService (GrpcService.java:closeImpl(320)) - e9344016-ed75-4908-bdbb-2b1208d89c49: shutdown server org.apache.ratis.grpc.server.GrpcAdminProtocolService successfully
2024-01-11 04:03:23,314 [001cd0bd-e806-4758-aa83-7f483601919f@group-DD870845A42B-cacheEviction-AwaitToRun] INFO  util.AwaitToRun (AwaitToRun.java:run(49)) - 001cd0bd-e806-4758-aa83-7f483601919f@group-DD870845A42B-cacheEviction-AwaitToRun-AwaitForSignal is interrupted
2024-01-11 04:03:23,314 [e9344016-ed75-4908-bdbb-2b1208d89c49@group-FA6D695FADC7-cacheEviction-AwaitToRun] INFO  util.AwaitToRun (AwaitToRun.java:run(49)) - e9344016-ed75-4908-bdbb-2b1208d89c49@group-FA6D695FADC7-cacheEviction-AwaitToRun-AwaitForSignal is interrupted
2024-01-11 04:03:23,317 [001cd0bd-e806-4758-aa83-7f483601919f-NettyServerStreamRpc-bossGroup--thread1] INFO  logging.LoggingHandler (AbstractInternalLogger.java:log(148)) - [id: 0x08e6cbfa, L:/0.0.0.0:15024] CLOSE
2024-01-11 04:03:23,317 [001cd0bd-e806-4758-aa83-7f483601919f-NettyServerStreamRpc-bossGroup--thread1] INFO  logging.LoggingHandler (AbstractInternalLogger.java:log(148)) - [id: 0x08e6cbfa, L:/0.0.0.0:15024] INACTIVE
2024-01-11 04:03:23,317 [001cd0bd-e806-4758-aa83-7f483601919f-NettyServerStreamRpc-bossGroup--thread1] INFO  logging.LoggingHandler (AbstractInternalLogger.java:log(148)) - [id: 0x08e6cbfa, L:/0.0.0.0:15024] UNREGISTERED
2024-01-11 04:03:23,338 [e9344016-ed75-4908-bdbb-2b1208d89c49-NettyServerStreamRpc-bossGroup--thread1] INFO  logging.LoggingHandler (AbstractInternalLogger.java:log(148)) - [id: 0x58fa2dc8, L:/0.0.0.0:15015] CLOSE
2024-01-11 04:03:23,339 [160405f6-ad1e-49bf-8de5-8727279c1313-NettyServerStreamRpc-bossGroup--thread1] INFO  logging.LoggingHandler (AbstractInternalLogger.java:log(148)) - [id: 0x4b38519f, L:/0.0.0.0:15033] CLOSE
2024-01-11 04:03:23,339 [160405f6-ad1e-49bf-8de5-8727279c1313-NettyServerStreamRpc-bossGroup--thread1] INFO  logging.LoggingHandler (AbstractInternalLogger.java:log(148)) - [id: 0x4b38519f, L:/0.0.0.0:15033] INACTIVE
2024-01-11 04:03:23,339 [160405f6-ad1e-49bf-8de5-8727279c1313-NettyServerStreamRpc-bossGroup--thread1] INFO  logging.LoggingHandler (AbstractInternalLogger.java:log(148)) - [id: 0x4b38519f, L:/0.0.0.0:15033] UNREGISTERED
2024-01-11 04:03:23,339 [e9344016-ed75-4908-bdbb-2b1208d89c49-NettyServerStreamRpc-bossGroup--thread1] INFO  logging.LoggingHandler (AbstractInternalLogger.java:log(148)) - [id: 0x58fa2dc8, L:/0.0.0.0:15015] INACTIVE
2024-01-11 04:03:23,339 [e9344016-ed75-4908-bdbb-2b1208d89c49-NettyServerStreamRpc-bossGroup--thread1] INFO  logging.LoggingHandler (AbstractInternalLogger.java:log(148)) - [id: 0x58fa2dc8, L:/0.0.0.0:15015] UNREGISTERED
2024-01-11 04:03:23,493 [e9344016-ed75-4908-bdbb-2b1208d89c49-impl-thread2] INFO  segmented.SegmentedRaftLogWorker (SegmentedRaftLogWorker.java:close(245)) - e9344016-ed75-4908-bdbb-2b1208d89c49@group-8F976F7C7D18-SegmentedRaftLogWorker close()
2024-01-11 04:03:23,648 [e9344016-ed75-4908-bdbb-2b1208d89c49-impl-thread1] INFO  segmented.SegmentedRaftLogWorker (SegmentedRaftLogWorker.java:close(245)) - e9344016-ed75-4908-bdbb-2b1208d89c49@group-FA6D695FADC7-SegmentedRaftLogWorker close()
2024-01-11 04:03:23,676 [001cd0bd-e806-4758-aa83-7f483601919f-impl-thread3] INFO  segmented.SegmentedRaftLogWorker (SegmentedRaftLogWorker.java:close(245)) - 001cd0bd-e806-4758-aa83-7f483601919f@group-DFEA3DC23DBB-SegmentedRaftLogWorker close()
2024-01-11 04:03:23,690 [001cd0bd-e806-4758-aa83-7f483601919f-impl-thread1] INFO  segmented.SegmentedRaftLogWorker (SegmentedRaftLogWorker.java:close(245)) - 001cd0bd-e806-4758-aa83-7f483601919f@group-FA6D695FADC7-SegmentedRaftLogWorker close()
2024-01-11 04:03:23,696 [160405f6-ad1e-49bf-8de5-8727279c1313-impl-thread1] INFO  segmented.SegmentedRaftLogWorker (SegmentedRaftLogWorker.java:close(245)) - 160405f6-ad1e-49bf-8de5-8727279c1313@group-FA6D695FADC7-SegmentedRaftLogWorker close()
2024-01-11 04:03:23,806 [160405f6-ad1e-49bf-8de5-8727279c1313-impl-thread3] INFO  segmented.SegmentedRaftLogWorker (SegmentedRaftLogWorker.java:close(245)) - 160405f6-ad1e-49bf-8de5-8727279c1313@group-C40260B1E312-SegmentedRaftLogWorker close()
2024-01-11 04:03:23,807 [JvmPauseMonitor4] INFO  util.JvmPauseMonitor (JvmPauseMonitor.java:run(152)) - JvmPauseMonitor-160405f6-ad1e-49bf-8de5-8727279c1313: Stopped
2024-01-11 04:03:23,824 [om1@group-C5BA1605619E-FollowerState] INFO  impl.FollowerState (FollowerState.java:run(143)) - om1@group-C5BA1605619E-FollowerState: change to CANDIDATE, lastRpcElapsedTime:1202513054ns, electionTimeout:1198ms
2024-01-11 04:03:23,824 [om1@group-C5BA1605619E-FollowerState] INFO  impl.RoleInfo (RoleInfo.java:shutdownFollowerState(110)) - om1: shutdown om1@group-C5BA1605619E-FollowerState
2024-01-11 04:03:23,824 [om1@group-C5BA1605619E-FollowerState] INFO  server.RaftServer$Division (RaftServerImpl.java:setRole(383)) - om1@group-C5BA1605619E: changes role from  FOLLOWER to CANDIDATE at term 0 for changeToCandidate
2024-01-11 04:03:23,825 [om1@group-C5BA1605619E-FollowerState] INFO  server.RaftServerConfigKeys (ConfUtils.java:logGet(46)) - raft.server.leaderelection.pre-vote = true (default)
2024-01-11 04:03:23,825 [om1@group-C5BA1605619E-FollowerState] INFO  impl.RoleInfo (RoleInfo.java:updateAndGet(139)) - om1: start om1@group-C5BA1605619E-LeaderElection8
2024-01-11 04:03:23,826 [om1@group-C5BA1605619E-LeaderElection8] INFO  impl.LeaderElection (LeaderElection.java:askForVotes(321)) - om1@group-C5BA1605619E-LeaderElection8 PRE_VOTE round 0: submit vote requests at term 0 for -1: peers:[om1|localhost:15042]|listeners:[], old=null
2024-01-11 04:03:23,826 [om1@group-C5BA1605619E-LeaderElection8] INFO  impl.LeaderElection (LeaderElection.java:askForVotes(323)) - om1@group-C5BA1605619E-LeaderElection8 PRE_VOTE round 0: result PASSED (term=0)
2024-01-11 04:03:23,827 [om1@group-C5BA1605619E-LeaderElection8] INFO  impl.LeaderElection (LeaderElection.java:askForVotes(321)) - om1@group-C5BA1605619E-LeaderElection8 ELECTION round 0: submit vote requests at term 1 for -1: peers:[om1|localhost:15042]|listeners:[], old=null
2024-01-11 04:03:23,827 [om1@group-C5BA1605619E-LeaderElection8] INFO  impl.LeaderElection (LeaderElection.java:askForVotes(323)) - om1@group-C5BA1605619E-LeaderElection8 ELECTION round 0: result PASSED (term=1)
2024-01-11 04:03:23,827 [om1@group-C5BA1605619E-LeaderElection8] INFO  impl.RoleInfo (RoleInfo.java:shutdownLeaderElection(130)) - om1: shutdown om1@group-C5BA1605619E-LeaderElection8
2024-01-11 04:03:23,827 [om1@group-C5BA1605619E-LeaderElection8] INFO  server.RaftServer$Division (RaftServerImpl.java:setRole(383)) - om1@group-C5BA1605619E: changes role from CANDIDATE to LEADER at term 1 for changeToLeader
2024-01-11 04:03:23,828 [om1@group-C5BA1605619E-LeaderElection8] INFO  server.RaftServerConfigKeys (ConfUtils.java:logGet(46)) - raft.server.staging.catchup.gap = 1000 (default)
2024-01-11 04:03:23,828 [om1@group-C5BA1605619E-LeaderElection8] INFO  server.RaftServerConfigKeys (ConfUtils.java:logGet(46)) - raft.server.write.element-limit = 4096 (default)
2024-01-11 04:03:23,828 [om1@group-C5BA1605619E-LeaderElection8] INFO  server.RaftServerConfigKeys (ConfUtils.java:logGet(46)) - raft.server.write.byte-limit = 64MB (=67108864) (default)
2024-01-11 04:03:23,828 [om1@group-C5BA1605619E-LeaderElection8] INFO  server.RaftServerConfigKeys (ConfUtils.java:logGet(46)) - raft.server.watch.timeout = 10s (default)
2024-01-11 04:03:23,828 [om1@group-C5BA1605619E-LeaderElection8] INFO  server.RaftServerConfigKeys (ConfUtils.java:logGet(46)) - raft.server.watch.timeout.denomination = 1s (default)
2024-01-11 04:03:23,828 [om1@group-C5BA1605619E-LeaderElection8] INFO  server.RaftServerConfigKeys (ConfUtils.java:logGet(46)) - raft.server.watch.element-limit = 65536 (default)
2024-01-11 04:03:23,828 [om1@group-C5BA1605619E-LeaderElection8] INFO  server.RaftServerConfigKeys (ConfUtils.java:logGet(46)) - raft.server.read.leader.lease.enabled = false (default)
2024-01-11 04:03:23,828 [om1@group-C5BA1605619E-LeaderElection8] INFO  server.RaftServerConfigKeys (ConfUtils.java:logGet(46)) - raft.server.read.leader.lease.timeout.ratio = 0.9 (default)
2024-01-11 04:03:23,829 [om1@group-C5BA1605619E-LeaderElection8] INFO  server.RaftServerConfigKeys (ConfUtils.java:logGet(46)) - raft.server.rpc.timeout.min = 1s (custom)
2024-01-11 04:03:23,829 [om1@group-C5BA1605619E-LeaderElection8] INFO  server.RaftServerConfigKeys (ConfUtils.java:logGet(46)) - raft.server.write.element-limit = 4096 (default)
2024-01-11 04:03:23,829 [om1@group-C5BA1605619E-LeaderElection8] INFO  server.RaftServerConfigKeys (ConfUtils.java:logGet(46)) - raft.server.write.follower.gap.ratio.max = -1.0 (default)
2024-01-11 04:03:23,829 [om1@group-C5BA1605619E-LeaderElection8] INFO  impl.RoleInfo (RoleInfo.java:updateAndGet(139)) - om1: start om1@group-C5BA1605619E-LeaderStateImpl
2024-01-11 04:03:23,829 [om1@group-C5BA1605619E-LeaderElection8] INFO  server.RaftServer$Division (RaftServerImpl.java:setFirstElection(574)) - om1@group-C5BA1605619E: set firstElectionSinceStartup to false for becomeLeader
2024-01-11 04:03:23,829 [om1@group-C5BA1605619E-LeaderElection8] INFO  server.RaftServer$Division (ServerState.java:setLeader(269)) - om1@group-C5BA1605619E: change Leader from null to om1 at term 1 for becomeLeader, leader elected after 1725ms
2024-01-11 04:03:23,830 [om1@group-C5BA1605619E-LeaderElection8] INFO  segmented.SegmentedRaftLogWorker (SegmentedRaftLogWorker.java:startLogSegment(430)) - om1@group-C5BA1605619E-SegmentedRaftLogWorker: Starting segment from index:0
2024-01-11 04:03:23,830 [om1@group-C5BA1605619E-SegmentedRaftLogWorker] INFO  segmented.BufferedWriteChannel (BufferedWriteChannel.java:open(62)) - open log_inprogress_0 at position 0
2024-01-11 04:03:23,833 [om1@group-C5BA1605619E-LeaderElection8] INFO  server.RaftServer$Division (ServerState.java:setRaftConf(386)) - om1@group-C5BA1605619E: set configuration 0: peers:[om1|localhost:15042]|listeners:[], old=null
2024-01-11 04:03:23,837 [om1@group-C5BA1605619E-SegmentedRaftLogWorker] INFO  segmented.SegmentedRaftLogWorker (SegmentedRaftLogWorker.java:execute(634)) - om1@group-C5BA1605619E-SegmentedRaftLogWorker: created new log segment /home/runner/work/ozone/ozone/hadoop-ozone/integration-test/target/test-dir/MiniOzoneClusterImpl-8912d24f-c240-4c97-8da2-3552e928269b/ozone-meta/ratis/bf265839-605b-3f16-9796-c5ba1605619e/current/log_inprogress_0
2024-01-11 04:03:23,838 [om1@group-C5BA1605619E-StateMachineUpdater] INFO  ratis.OzoneManagerStateMachine (OzoneManagerStateMachine.java:notifyConfigurationChanged(213)) - Received Configuration change notification from Ratis. New Peer list:
[id: "om1"
address: "localhost:15042"
startupRole: FOLLOWER
]
2024-01-11 04:03:23,839 [om1@group-C5BA1605619E-StateMachineUpdater] INFO  server.RaftServer$Division (LeaderStateImpl.java:isApplied(320)) - leader is ready since appliedIndex == 0 >= startIndex == 0
2024-01-11 04:03:24,058 [Mini-Cluster-Provider-Create] INFO  ozone.MiniOzoneClusterImpl (MiniOzoneClusterImpl.java:lambda$waitForClusterToBeReady$0(229)) - Waiting for nodes to be ready. Got 0 of 3 DN Heartbeats.
2024-01-11 04:03:24,058 [Mini-Cluster-Provider-Create] INFO  ozone.MiniOzoneClusterImpl (MiniOzoneClusterImpl.java:lambda$waitForClusterToBeReady$0(232)) - Waiting for cluster to exit safe mode
2024-01-11 04:03:24,058 [Mini-Cluster-Provider-Create] INFO  ozone.MiniOzoneClusterImpl (MiniOzoneClusterImpl.java:lambda$waitForClusterToBeReady$0(234)) - SCM became leader
2024-01-11 04:03:24,268 [001cd0bd-e806-4758-aa83-7f483601919f-impl-thread2] INFO  segmented.SegmentedRaftLogWorker (SegmentedRaftLogWorker.java:close(245)) - 001cd0bd-e806-4758-aa83-7f483601919f@group-DD870845A42B-SegmentedRaftLogWorker close()
2024-01-11 04:03:24,269 [JvmPauseMonitor3] INFO  util.JvmPauseMonitor (JvmPauseMonitor.java:run(152)) - JvmPauseMonitor-001cd0bd-e806-4758-aa83-7f483601919f: Stopped
2024-01-11 04:03:24,290 [e9344016-ed75-4908-bdbb-2b1208d89c49-impl-thread3] INFO  segmented.SegmentedRaftLogWorker (SegmentedRaftLogWorker.java:close(245)) - e9344016-ed75-4908-bdbb-2b1208d89c49@group-DD870845A42B-SegmentedRaftLogWorker close()
2024-01-11 04:03:24,291 [JvmPauseMonitor2] INFO  util.JvmPauseMonitor (JvmPauseMonitor.java:run(152)) - JvmPauseMonitor-e9344016-ed75-4908-bdbb-2b1208d89c49: Stopped
2024-01-11 04:03:24,853 [df850d10-9c85-4972-b407-c0325fc6d584-EndpointStateMachineTaskThread-/0.0.0.0:15037-0 ] INFO  utils.DatanodeStoreCache (DatanodeStoreCache.java:addDB(72)) - Added db /home/runner/work/ozone/ozone/hadoop-ozone/integration-test/target/test-dir/MiniOzoneClusterImpl-8912d24f-c240-4c97-8da2-3552e928269b/datanode-0/data-0/containers/hdds/8912d24f-c240-4c97-8da2-3552e928269b/DS-b023b952-0462-4c1c-8c01-b7425a599fd7/container.db to cache
2024-01-11 04:03:24,853 [df850d10-9c85-4972-b407-c0325fc6d584-EndpointStateMachineTaskThread-/0.0.0.0:15037-0 ] INFO  volume.HddsVolume (HddsVolume.java:createDbStore(420)) - SchemaV3 db is created and loaded at /home/runner/work/ozone/ozone/hadoop-ozone/integration-test/target/test-dir/MiniOzoneClusterImpl-8912d24f-c240-4c97-8da2-3552e928269b/datanode-0/data-0/containers/hdds/8912d24f-c240-4c97-8da2-3552e928269b/DS-b023b952-0462-4c1c-8c01-b7425a599fd7/container.db for volume DS-b023b952-0462-4c1c-8c01-b7425a599fd7
2024-01-11 04:03:24,854 [df850d10-9c85-4972-b407-c0325fc6d584-EndpointStateMachineTaskThread-/0.0.0.0:15037-0 ] INFO  volume.ThrottledAsyncChecker (ThrottledAsyncChecker.java:schedule(141)) - Scheduling a check for /home/runner/work/ozone/ozone/hadoop-ozone/integration-test/target/test-dir/MiniOzoneClusterImpl-8912d24f-c240-4c97-8da2-3552e928269b/datanode-0/data-0/containers/hdds
2024-01-11 04:03:24,855 [df850d10-9c85-4972-b407-c0325fc6d584-EndpointStateMachineTaskThread-/0.0.0.0:15037-0 ] INFO  volume.StorageVolumeChecker (StorageVolumeChecker.java:checkAllVolumes(218)) - Scheduled health check for volume /home/runner/work/ozone/ozone/hadoop-ozone/integration-test/target/test-dir/MiniOzoneClusterImpl-8912d24f-c240-4c97-8da2-3552e928269b/datanode-0/data-0/containers/hdds
2024-01-11 04:03:24,857 [df850d10-9c85-4972-b407-c0325fc6d584-EndpointStateMachineTaskThread-/0.0.0.0:15037-0 ] INFO  volume.ThrottledAsyncChecker (ThrottledAsyncChecker.java:schedule(141)) - Scheduling a check for /home/runner/work/ozone/ozone/hadoop-ozone/integration-test/target/test-dir/MiniOzoneClusterImpl-8912d24f-c240-4c97-8da2-3552e928269b/datanode-0/data/ratis
2024-01-11 04:03:24,857 [df850d10-9c85-4972-b407-c0325fc6d584-EndpointStateMachineTaskThread-/0.0.0.0:15037-0 ] INFO  volume.StorageVolumeChecker (StorageVolumeChecker.java:checkAllVolumes(218)) - Scheduled health check for volume /home/runner/work/ozone/ozone/hadoop-ozone/integration-test/target/test-dir/MiniOzoneClusterImpl-8912d24f-c240-4c97-8da2-3552e928269b/datanode-0/data/ratis
2024-01-11 04:03:24,858 [df850d10-9c85-4972-b407-c0325fc6d584-EndpointStateMachineTaskThread-/0.0.0.0:15037-0 ] INFO  ozoneimpl.OzoneContainer (OzoneContainer.java:start(457)) - Attempting to start container services.
2024-01-11 04:03:24,858 [df850d10-9c85-4972-b407-c0325fc6d584-EndpointStateMachineTaskThread-/0.0.0.0:15037-0 ] INFO  ozoneimpl.OzoneContainer (OzoneContainer.java:startContainerScrub(339)) - Scheduled background container scanners and the on-demand container scanner have been disabled.
2024-01-11 04:03:24,859 [df850d10-9c85-4972-b407-c0325fc6d584-EndpointStateMachineTaskThread-/0.0.0.0:15037-0 ] INFO  replication.ReplicationServer (ReplicationServer.java:start(139)) - ReplicationServer is started using port 15051
2024-01-11 04:03:24,859 [df850d10-9c85-4972-b407-c0325fc6d584-EndpointStateMachineTaskThread-/0.0.0.0:15037-0 ] INFO  ratis.XceiverServerRatis (XceiverServerRatis.java:start(549)) - Starting XceiverServerRatis df850d10-9c85-4972-b407-c0325fc6d584
2024-01-11 04:03:24,860 [df850d10-9c85-4972-b407-c0325fc6d584-EndpointStateMachineTaskThread-/0.0.0.0:15037-0 ] INFO  server.RaftServer (RaftServerProxy.java:startImpl(406)) - df850d10-9c85-4972-b407-c0325fc6d584: start RPC server
2024-01-11 04:03:24,862 [df850d10-9c85-4972-b407-c0325fc6d584-EndpointStateMachineTaskThread-/0.0.0.0:15037-0 ] INFO  server.GrpcService (GrpcService.java:startImpl(302)) - df850d10-9c85-4972-b407-c0325fc6d584: GrpcService started, listening on 15047
2024-01-11 04:03:24,865 [df850d10-9c85-4972-b407-c0325fc6d584-EndpointStateMachineTaskThread-/0.0.0.0:15037-0 ] INFO  server.GrpcService (GrpcService.java:startImpl(302)) - df850d10-9c85-4972-b407-c0325fc6d584: GrpcService started, listening on 15049
2024-01-11 04:03:24,867 [df850d10-9c85-4972-b407-c0325fc6d584-EndpointStateMachineTaskThread-/0.0.0.0:15037-0 ] INFO  server.GrpcService (GrpcService.java:startImpl(302)) - df850d10-9c85-4972-b407-c0325fc6d584: GrpcService started, listening on 15048
2024-01-11 04:03:24,867 [df850d10-9c85-4972-b407-c0325fc6d584-EndpointStateMachineTaskThread-/0.0.0.0:15037-0 ] INFO  ratis.XceiverServerRatis (XceiverServerRatis.java:getRealPort(575)) - XceiverServerRatis df850d10-9c85-4972-b407-c0325fc6d584 is started using port 15047 for RATIS
2024-01-11 04:03:24,867 [JvmPauseMonitor7] INFO  util.JvmPauseMonitor (JvmPauseMonitor.java:run(146)) - JvmPauseMonitor-df850d10-9c85-4972-b407-c0325fc6d584: Started
2024-01-11 04:03:24,867 [df850d10-9c85-4972-b407-c0325fc6d584-EndpointStateMachineTaskThread-/0.0.0.0:15037-0 ] INFO  ratis.XceiverServerRatis (XceiverServerRatis.java:getRealPort(575)) - XceiverServerRatis df850d10-9c85-4972-b407-c0325fc6d584 is started using port 15048 for RATIS_ADMIN
2024-01-11 04:03:24,869 [df850d10-9c85-4972-b407-c0325fc6d584-EndpointStateMachineTaskThread-/0.0.0.0:15037-0 ] INFO  ratis.XceiverServerRatis (XceiverServerRatis.java:getRealPort(575)) - XceiverServerRatis df850d10-9c85-4972-b407-c0325fc6d584 is started using port 15049 for RATIS_SERVER
2024-01-11 04:03:24,869 [df850d10-9c85-4972-b407-c0325fc6d584-EndpointStateMachineTaskThread-/0.0.0.0:15037-0 ] INFO  ratis.XceiverServerRatis (XceiverServerRatis.java:getRealPort(575)) - XceiverServerRatis df850d10-9c85-4972-b407-c0325fc6d584 is started using port 15050 for RATIS_DATASTREAM
2024-01-11 04:03:24,871 [df850d10-9c85-4972-b407-c0325fc6d584-BlockDeletingService#0] INFO  interfaces.ContainerDeletionChoosingPolicyTemplate (ContainerDeletionChoosingPolicyTemplate.java:chooseContainerForBlockDeletion(85)) - Chosen 0/5000 blocks from 0 candidate containers.
2024-01-11 04:03:24,978 [719c3446-6328-4d08-9922-2d459786fd6c-EndpointStateMachineTaskThread-/0.0.0.0:15037-0 ] INFO  utils.DatanodeStoreCache (DatanodeStoreCache.java:addDB(72)) - Added db /home/runner/work/ozone/ozone/hadoop-ozone/integration-test/target/test-dir/MiniOzoneClusterImpl-8912d24f-c240-4c97-8da2-3552e928269b/datanode-1/data-0/containers/hdds/8912d24f-c240-4c97-8da2-3552e928269b/DS-e25ec6ff-6947-4d7a-83cc-7964af8014b1/container.db to cache
2024-01-11 04:03:24,978 [719c3446-6328-4d08-9922-2d459786fd6c-EndpointStateMachineTaskThread-/0.0.0.0:15037-0 ] INFO  volume.HddsVolume (HddsVolume.java:createDbStore(420)) - SchemaV3 db is created and loaded at /home/runner/work/ozone/ozone/hadoop-ozone/integration-test/target/test-dir/MiniOzoneClusterImpl-8912d24f-c240-4c97-8da2-3552e928269b/datanode-1/data-0/containers/hdds/8912d24f-c240-4c97-8da2-3552e928269b/DS-e25ec6ff-6947-4d7a-83cc-7964af8014b1/container.db for volume DS-e25ec6ff-6947-4d7a-83cc-7964af8014b1
2024-01-11 04:03:24,980 [719c3446-6328-4d08-9922-2d459786fd6c-EndpointStateMachineTaskThread-/0.0.0.0:15037-0 ] INFO  volume.ThrottledAsyncChecker (ThrottledAsyncChecker.java:schedule(141)) - Scheduling a check for /home/runner/work/ozone/ozone/hadoop-ozone/integration-test/target/test-dir/MiniOzoneClusterImpl-8912d24f-c240-4c97-8da2-3552e928269b/datanode-1/data-0/containers/hdds
2024-01-11 04:03:24,980 [719c3446-6328-4d08-9922-2d459786fd6c-EndpointStateMachineTaskThread-/0.0.0.0:15037-0 ] INFO  volume.StorageVolumeChecker (StorageVolumeChecker.java:checkAllVolumes(218)) - Scheduled health check for volume /home/runner/work/ozone/ozone/hadoop-ozone/integration-test/target/test-dir/MiniOzoneClusterImpl-8912d24f-c240-4c97-8da2-3552e928269b/datanode-1/data-0/containers/hdds
2024-01-11 04:03:24,982 [719c3446-6328-4d08-9922-2d459786fd6c-EndpointStateMachineTaskThread-/0.0.0.0:15037-0 ] INFO  volume.ThrottledAsyncChecker (ThrottledAsyncChecker.java:schedule(141)) - Scheduling a check for /home/runner/work/ozone/ozone/hadoop-ozone/integration-test/target/test-dir/MiniOzoneClusterImpl-8912d24f-c240-4c97-8da2-3552e928269b/datanode-1/data/ratis
2024-01-11 04:03:24,982 [719c3446-6328-4d08-9922-2d459786fd6c-EndpointStateMachineTaskThread-/0.0.0.0:15037-0 ] INFO  volume.StorageVolumeChecker (StorageVolumeChecker.java:checkAllVolumes(218)) - Scheduled health check for volume /home/runner/work/ozone/ozone/hadoop-ozone/integration-test/target/test-dir/MiniOzoneClusterImpl-8912d24f-c240-4c97-8da2-3552e928269b/datanode-1/data/ratis
2024-01-11 04:03:24,983 [719c3446-6328-4d08-9922-2d459786fd6c-EndpointStateMachineTaskThread-/0.0.0.0:15037-0 ] INFO  ozoneimpl.OzoneContainer (OzoneContainer.java:start(457)) - Attempting to start container services.
2024-01-11 04:03:24,983 [719c3446-6328-4d08-9922-2d459786fd6c-EndpointStateMachineTaskThread-/0.0.0.0:15037-0 ] INFO  ozoneimpl.OzoneContainer (OzoneContainer.java:startContainerScrub(339)) - Scheduled background container scanners and the on-demand container scanner have been disabled.
2024-01-11 04:03:24,984 [719c3446-6328-4d08-9922-2d459786fd6c-EndpointStateMachineTaskThread-/0.0.0.0:15037-0 ] INFO  replication.ReplicationServer (ReplicationServer.java:start(139)) - ReplicationServer is started using port 15060
2024-01-11 04:03:24,984 [719c3446-6328-4d08-9922-2d459786fd6c-EndpointStateMachineTaskThread-/0.0.0.0:15037-0 ] INFO  ratis.XceiverServerRatis (XceiverServerRatis.java:start(549)) - Starting XceiverServerRatis 719c3446-6328-4d08-9922-2d459786fd6c
2024-01-11 04:03:24,985 [719c3446-6328-4d08-9922-2d459786fd6c-EndpointStateMachineTaskThread-/0.0.0.0:15037-0 ] INFO  server.RaftServer (RaftServerProxy.java:startImpl(406)) - 719c3446-6328-4d08-9922-2d459786fd6c: start RPC server
2024-01-11 04:03:24,985 [719c3446-6328-4d08-9922-2d459786fd6c-EndpointStateMachineTaskThread-/0.0.0.0:15037-0 ] INFO  server.GrpcService (GrpcService.java:startImpl(302)) - 719c3446-6328-4d08-9922-2d459786fd6c: GrpcService started, listening on 15056
2024-01-11 04:03:24,986 [719c3446-6328-4d08-9922-2d459786fd6c-EndpointStateMachineTaskThread-/0.0.0.0:15037-0 ] INFO  server.GrpcService (GrpcService.java:startImpl(302)) - 719c3446-6328-4d08-9922-2d459786fd6c: GrpcService started, listening on 15058
2024-01-11 04:03:24,986 [719c3446-6328-4d08-9922-2d459786fd6c-EndpointStateMachineTaskThread-/0.0.0.0:15037-0 ] INFO  server.GrpcService (GrpcService.java:startImpl(302)) - 719c3446-6328-4d08-9922-2d459786fd6c: GrpcService started, listening on 15057
2024-01-11 04:03:24,987 [719c3446-6328-4d08-9922-2d459786fd6c-EndpointStateMachineTaskThread-/0.0.0.0:15037-0 ] INFO  ratis.XceiverServerRatis (XceiverServerRatis.java:getRealPort(575)) - XceiverServerRatis 719c3446-6328-4d08-9922-2d459786fd6c is started using port 15056 for RATIS
2024-01-11 04:03:24,987 [719c3446-6328-4d08-9922-2d459786fd6c-EndpointStateMachineTaskThread-/0.0.0.0:15037-0 ] INFO  ratis.XceiverServerRatis (XceiverServerRatis.java:getRealPort(575)) - XceiverServerRatis 719c3446-6328-4d08-9922-2d459786fd6c is started using port 15057 for RATIS_ADMIN
2024-01-11 04:03:24,987 [719c3446-6328-4d08-9922-2d459786fd6c-EndpointStateMachineTaskThread-/0.0.0.0:15037-0 ] INFO  ratis.XceiverServerRatis (XceiverServerRatis.java:getRealPort(575)) - XceiverServerRatis 719c3446-6328-4d08-9922-2d459786fd6c is started using port 15058 for RATIS_SERVER
2024-01-11 04:03:24,987 [719c3446-6328-4d08-9922-2d459786fd6c-EndpointStateMachineTaskThread-/0.0.0.0:15037-0 ] INFO  ratis.XceiverServerRatis (XceiverServerRatis.java:getRealPort(575)) - XceiverServerRatis 719c3446-6328-4d08-9922-2d459786fd6c is started using port 15059 for RATIS_DATASTREAM
2024-01-11 04:03:24,988 [JvmPauseMonitor8] INFO  util.JvmPauseMonitor (JvmPauseMonitor.java:run(146)) - JvmPauseMonitor-719c3446-6328-4d08-9922-2d459786fd6c: Started
2024-01-11 04:03:24,989 [719c3446-6328-4d08-9922-2d459786fd6c-BlockDeletingService#0] INFO  interfaces.ContainerDeletionChoosingPolicyTemplate (ContainerDeletionChoosingPolicyTemplate.java:chooseContainerForBlockDeletion(85)) - Chosen 0/5000 blocks from 0 candidate containers.
2024-01-11 04:03:25,058 [Mini-Cluster-Provider-Create] INFO  ozone.MiniOzoneClusterImpl (MiniOzoneClusterImpl.java:lambda$waitForClusterToBeReady$0(229)) - Waiting for nodes to be ready. Got 0 of 3 DN Heartbeats.
2024-01-11 04:03:25,058 [Mini-Cluster-Provider-Create] INFO  ozone.MiniOzoneClusterImpl (MiniOzoneClusterImpl.java:lambda$waitForClusterToBeReady$0(232)) - Waiting for cluster to exit safe mode
2024-01-11 04:03:25,058 [Mini-Cluster-Provider-Create] INFO  ozone.MiniOzoneClusterImpl (MiniOzoneClusterImpl.java:lambda$waitForClusterToBeReady$0(234)) - SCM became leader
2024-01-11 04:03:25,088 [8656a35e-0084-4fca-b387-4ce1151a6fbb-EndpointStateMachineTaskThread-/0.0.0.0:15037-0 ] INFO  utils.DatanodeStoreCache (DatanodeStoreCache.java:addDB(72)) - Added db /home/runner/work/ozone/ozone/hadoop-ozone/integration-test/target/test-dir/MiniOzoneClusterImpl-8912d24f-c240-4c97-8da2-3552e928269b/datanode-2/data-0/containers/hdds/8912d24f-c240-4c97-8da2-3552e928269b/DS-c18dd706-4033-4ec2-8f37-a73e91b2c90a/container.db to cache
2024-01-11 04:03:25,088 [8656a35e-0084-4fca-b387-4ce1151a6fbb-EndpointStateMachineTaskThread-/0.0.0.0:15037-0 ] INFO  volume.HddsVolume (HddsVolume.java:createDbStore(420)) - SchemaV3 db is created and loaded at /home/runner/work/ozone/ozone/hadoop-ozone/integration-test/target/test-dir/MiniOzoneClusterImpl-8912d24f-c240-4c97-8da2-3552e928269b/datanode-2/data-0/containers/hdds/8912d24f-c240-4c97-8da2-3552e928269b/DS-c18dd706-4033-4ec2-8f37-a73e91b2c90a/container.db for volume DS-c18dd706-4033-4ec2-8f37-a73e91b2c90a
2024-01-11 04:03:25,090 [8656a35e-0084-4fca-b387-4ce1151a6fbb-EndpointStateMachineTaskThread-/0.0.0.0:15037-0 ] INFO  volume.ThrottledAsyncChecker (ThrottledAsyncChecker.java:schedule(141)) - Scheduling a check for /home/runner/work/ozone/ozone/hadoop-ozone/integration-test/target/test-dir/MiniOzoneClusterImpl-8912d24f-c240-4c97-8da2-3552e928269b/datanode-2/data-0/containers/hdds
2024-01-11 04:03:25,090 [8656a35e-0084-4fca-b387-4ce1151a6fbb-EndpointStateMachineTaskThread-/0.0.0.0:15037-0 ] INFO  volume.StorageVolumeChecker (StorageVolumeChecker.java:checkAllVolumes(218)) - Scheduled health check for volume /home/runner/work/ozone/ozone/hadoop-ozone/integration-test/target/test-dir/MiniOzoneClusterImpl-8912d24f-c240-4c97-8da2-3552e928269b/datanode-2/data-0/containers/hdds
2024-01-11 04:03:25,092 [8656a35e-0084-4fca-b387-4ce1151a6fbb-EndpointStateMachineTaskThread-/0.0.0.0:15037-0 ] INFO  volume.ThrottledAsyncChecker (ThrottledAsyncChecker.java:schedule(141)) - Scheduling a check for /home/runner/work/ozone/ozone/hadoop-ozone/integration-test/target/test-dir/MiniOzoneClusterImpl-8912d24f-c240-4c97-8da2-3552e928269b/datanode-2/data/ratis
2024-01-11 04:03:25,092 [8656a35e-0084-4fca-b387-4ce1151a6fbb-EndpointStateMachineTaskThread-/0.0.0.0:15037-0 ] INFO  volume.StorageVolumeChecker (StorageVolumeChecker.java:checkAllVolumes(218)) - Scheduled health check for volume /home/runner/work/ozone/ozone/hadoop-ozone/integration-test/target/test-dir/MiniOzoneClusterImpl-8912d24f-c240-4c97-8da2-3552e928269b/datanode-2/data/ratis
2024-01-11 04:03:25,093 [8656a35e-0084-4fca-b387-4ce1151a6fbb-EndpointStateMachineTaskThread-/0.0.0.0:15037-0 ] INFO  ozoneimpl.OzoneContainer (OzoneContainer.java:start(457)) - Attempting to start container services.
2024-01-11 04:03:25,093 [8656a35e-0084-4fca-b387-4ce1151a6fbb-EndpointStateMachineTaskThread-/0.0.0.0:15037-0 ] INFO  ozoneimpl.OzoneContainer (OzoneContainer.java:startContainerScrub(339)) - Scheduled background container scanners and the on-demand container scanner have been disabled.
2024-01-11 04:03:25,094 [8656a35e-0084-4fca-b387-4ce1151a6fbb-EndpointStateMachineTaskThread-/0.0.0.0:15037-0 ] INFO  replication.ReplicationServer (ReplicationServer.java:start(139)) - ReplicationServer is started using port 15069
2024-01-11 04:03:25,094 [8656a35e-0084-4fca-b387-4ce1151a6fbb-EndpointStateMachineTaskThread-/0.0.0.0:15037-0 ] INFO  ratis.XceiverServerRatis (XceiverServerRatis.java:start(549)) - Starting XceiverServerRatis 8656a35e-0084-4fca-b387-4ce1151a6fbb
2024-01-11 04:03:25,095 [8656a35e-0084-4fca-b387-4ce1151a6fbb-EndpointStateMachineTaskThread-/0.0.0.0:15037-0 ] INFO  server.RaftServer (RaftServerProxy.java:startImpl(406)) - 8656a35e-0084-4fca-b387-4ce1151a6fbb: start RPC server
2024-01-11 04:03:25,096 [8656a35e-0084-4fca-b387-4ce1151a6fbb-EndpointStateMachineTaskThread-/0.0.0.0:15037-0 ] INFO  server.GrpcService (GrpcService.java:startImpl(302)) - 8656a35e-0084-4fca-b387-4ce1151a6fbb: GrpcService started, listening on 15065
2024-01-11 04:03:25,096 [8656a35e-0084-4fca-b387-4ce1151a6fbb-EndpointStateMachineTaskThread-/0.0.0.0:15037-0 ] INFO  server.GrpcService (GrpcService.java:startImpl(302)) - 8656a35e-0084-4fca-b387-4ce1151a6fbb: GrpcService started, listening on 15067
2024-01-11 04:03:25,097 [8656a35e-0084-4fca-b387-4ce1151a6fbb-EndpointStateMachineTaskThread-/0.0.0.0:15037-0 ] INFO  server.GrpcService (GrpcService.java:startImpl(302)) - 8656a35e-0084-4fca-b387-4ce1151a6fbb: GrpcService started, listening on 15066
2024-01-11 04:03:25,097 [8656a35e-0084-4fca-b387-4ce1151a6fbb-EndpointStateMachineTaskThread-/0.0.0.0:15037-0 ] INFO  ratis.XceiverServerRatis (XceiverServerRatis.java:getRealPort(575)) - XceiverServerRatis 8656a35e-0084-4fca-b387-4ce1151a6fbb is started using port 15065 for RATIS
2024-01-11 04:03:25,097 [8656a35e-0084-4fca-b387-4ce1151a6fbb-EndpointStateMachineTaskThread-/0.0.0.0:15037-0 ] INFO  ratis.XceiverServerRatis (XceiverServerRatis.java:getRealPort(575)) - XceiverServerRatis 8656a35e-0084-4fca-b387-4ce1151a6fbb is started using port 15066 for RATIS_ADMIN
2024-01-11 04:03:25,097 [8656a35e-0084-4fca-b387-4ce1151a6fbb-EndpointStateMachineTaskThread-/0.0.0.0:15037-0 ] INFO  ratis.XceiverServerRatis (XceiverServerRatis.java:getRealPort(575)) - XceiverServerRatis 8656a35e-0084-4fca-b387-4ce1151a6fbb is started using port 15067 for RATIS_SERVER
2024-01-11 04:03:25,097 [8656a35e-0084-4fca-b387-4ce1151a6fbb-EndpointStateMachineTaskThread-/0.0.0.0:15037-0 ] INFO  ratis.XceiverServerRatis (XceiverServerRatis.java:getRealPort(575)) - XceiverServerRatis 8656a35e-0084-4fca-b387-4ce1151a6fbb is started using port 15068 for RATIS_DATASTREAM
2024-01-11 04:03:25,097 [JvmPauseMonitor9] INFO  util.JvmPauseMonitor (JvmPauseMonitor.java:run(146)) - JvmPauseMonitor-8656a35e-0084-4fca-b387-4ce1151a6fbb: Started
2024-01-11 04:03:25,100 [8656a35e-0084-4fca-b387-4ce1151a6fbb-BlockDeletingService#0] INFO  interfaces.ContainerDeletionChoosingPolicyTemplate (ContainerDeletionChoosingPolicyTemplate.java:chooseContainerForBlockDeletion(85)) - Chosen 0/5000 blocks from 0 candidate containers.
2024-01-11 04:03:25,823 [ForkJoinPool.commonPool-worker-0] INFO  utils.DatanodeStoreCache (DatanodeStoreCache.java:shutdownCache(116)) - Skip clearing cache in mini cluster mode. Entries left: [/home/runner/work/ozone/ozone/hadoop-ozone/integration-test/target/test-dir/MiniOzoneClusterImpl-8912d24f-c240-4c97-8da2-3552e928269b/datanode-0/data-0/containers/hdds/8912d24f-c240-4c97-8da2-3552e928269b/DS-b023b952-0462-4c1c-8c01-b7425a599fd7/container.db, /home/runner/work/ozone/ozone/hadoop-ozone/integration-test/target/test-dir/MiniOzoneClusterImpl-8912d24f-c240-4c97-8da2-3552e928269b/datanode-1/data-0/containers/hdds/8912d24f-c240-4c97-8da2-3552e928269b/DS-e25ec6ff-6947-4d7a-83cc-7964af8014b1/container.db, /home/runner/work/ozone/ozone/hadoop-ozone/integration-test/target/test-dir/MiniOzoneClusterImpl-8912d24f-c240-4c97-8da2-3552e928269b/datanode-2/data-0/containers/hdds/8912d24f-c240-4c97-8da2-3552e928269b/DS-c18dd706-4033-4ec2-8f37-a73e91b2c90a/container.db, /home/runner/work/ozone/ozone/hadoop-ozone/integration-test/target/test-dir/MiniOzoneClusterImpl-bfa76206-2968-4191-bda1-2218be479879/datanode-0/data-0/containers/hdds/bfa76206-2968-4191-bda1-2218be479879/DS-448b9b52-e705-48f7-8b80-cb981de3a2b1/container.db, /home/runner/work/ozone/ozone/hadoop-ozone/integration-test/target/test-dir/MiniOzoneClusterImpl-bfa76206-2968-4191-bda1-2218be479879/datanode-1/data-0/containers/hdds/bfa76206-2968-4191-bda1-2218be479879/DS-d6027530-5959-44fa-a56a-d669c658cd04/container.db, /home/runner/work/ozone/ozone/hadoop-ozone/integration-test/target/test-dir/MiniOzoneClusterImpl-bfa76206-2968-4191-bda1-2218be479879/datanode-2/data-0/containers/hdds/bfa76206-2968-4191-bda1-2218be479879/DS-14b8c075-78ca-4444-85d8-15be34660ff0/container.db]
2024-01-11 04:03:25,825 [ForkJoinPool.commonPool-worker-0] INFO  utils.DatanodeStoreCache (DatanodeStoreCache.java:removeDB(110)) - Removed db /home/runner/work/ozone/ozone/hadoop-ozone/integration-test/target/test-dir/MiniOzoneClusterImpl-bfa76206-2968-4191-bda1-2218be479879/datanode-2/data-0/containers/hdds/bfa76206-2968-4191-bda1-2218be479879/DS-14b8c075-78ca-4444-85d8-15be34660ff0/container.db from cache
2024-01-11 04:03:25,825 [ForkJoinPool.commonPool-worker-0] INFO  volume.HddsVolume (HddsVolume.java:closeDbStore(451)) - SchemaV3 db is stopped at /home/runner/work/ozone/ozone/hadoop-ozone/integration-test/target/test-dir/MiniOzoneClusterImpl-bfa76206-2968-4191-bda1-2218be479879/datanode-2/data-0/containers/hdds/bfa76206-2968-4191-bda1-2218be479879/DS-14b8c075-78ca-4444-85d8-15be34660ff0/container.db for volume DS-14b8c075-78ca-4444-85d8-15be34660ff0
2024-01-11 04:03:25,826 [ForkJoinPool.commonPool-worker-0] INFO  utils.BackgroundService (BackgroundService.java:shutdown(160)) - Shutting down service BlockDeletingService
2024-01-11 04:03:25,826 [ForkJoinPool.commonPool-worker-0] INFO  utils.BackgroundService (BackgroundService.java:shutdown(160)) - Shutting down service StaleRecoveringContainerScrubbingService
2024-01-11 04:03:25,827 [ForkJoinPool.commonPool-worker-0] INFO  statemachine.DatanodeStateMachine (DatanodeStateMachine.java:stopDaemon(638)) - Ozone container server stopped.
2024-01-11 04:03:25,829 [ForkJoinPool.commonPool-worker-0] INFO  handler.ContextHandler (ContextHandler.java:doStop(1159)) - Stopped o.e.j.w.WebAppContext@3678d2cf{hddsDatanode,/,null,STOPPED}{jar:file:/home/runner/.m2/repository/org/apache/ozone/hdds-container-service/1.5.0-SNAPSHOT/hdds-container-service-1.5.0-SNAPSHOT.jar!/webapps/hddsDatanode}
2024-01-11 04:03:25,829 [ForkJoinPool.commonPool-worker-0] INFO  server.AbstractConnector (AbstractConnector.java:doStop(383)) - Stopped ServerConnector@166ba308{HTTP/1.1, (http/1.1)}{0.0.0.0:15027}
2024-01-11 04:03:25,829 [ForkJoinPool.commonPool-worker-0] INFO  server.session (HouseKeeper.java:stopScavenging(149)) - node0 Stopped scavenging
2024-01-11 04:03:25,830 [ForkJoinPool.commonPool-worker-0] INFO  handler.ContextHandler (ContextHandler.java:doStop(1159)) - Stopped o.e.j.s.ServletContextHandler@17fcfea5{static,/static,jar:file:/home/runner/.m2/repository/org/apache/ozone/hdds-container-service/1.5.0-SNAPSHOT/hdds-container-service-1.5.0-SNAPSHOT.jar!/webapps/static,STOPPED}
2024-01-11 04:03:25,831 [ForkJoinPool.commonPool-worker-0] INFO  handler.ContextHandler (ContextHandler.java:doStop(1159)) - Stopped o.e.j.s.ServletContextHandler@189def89{logs,/logs,file:///home/runner/work/ozone/ozone/hadoop-ozone/integration-test/target/log,STOPPED}
2024-01-11 04:03:25,831 [ForkJoinPool.commonPool-worker-0] INFO  ozone.HddsDatanodeClientProtocolServer (HddsDatanodeClientProtocolServer.java:stop(78)) - Stopping the RPC server for Client Protocol
2024-01-11 04:03:25,832 [ForkJoinPool.commonPool-worker-0] INFO  ipc.Server (Server.java:stop(3523)) - Stopping server on 15028
2024-01-11 04:03:25,832 [IPC Server listener on 15028] INFO  ipc.Server (Server.java:run(1434)) - Stopping IPC Server listener on 15028
2024-01-11 04:03:25,832 [IPC Server Responder] INFO  ipc.Server (Server.java:run(1567)) - Stopping IPC Server Responder
2024-01-11 04:03:26,058 [Mini-Cluster-Provider-Create] INFO  ozone.MiniOzoneClusterImpl (MiniOzoneClusterImpl.java:lambda$waitForClusterToBeReady$0(229)) - Waiting for nodes to be ready. Got 0 of 3 DN Heartbeats.
2024-01-11 04:03:26,059 [Mini-Cluster-Provider-Create] INFO  ozone.MiniOzoneClusterImpl (MiniOzoneClusterImpl.java:lambda$waitForClusterToBeReady$0(232)) - Waiting for cluster to exit safe mode
2024-01-11 04:03:26,059 [Mini-Cluster-Provider-Create] INFO  ozone.MiniOzoneClusterImpl (MiniOzoneClusterImpl.java:lambda$waitForClusterToBeReady$0(234)) - SCM became leader
2024-01-11 04:03:26,273 [main] INFO  utils.DatanodeStoreCache (DatanodeStoreCache.java:shutdownCache(116)) - Skip clearing cache in mini cluster mode. Entries left: [/home/runner/work/ozone/ozone/hadoop-ozone/integration-test/target/test-dir/MiniOzoneClusterImpl-8912d24f-c240-4c97-8da2-3552e928269b/datanode-0/data-0/containers/hdds/8912d24f-c240-4c97-8da2-3552e928269b/DS-b023b952-0462-4c1c-8c01-b7425a599fd7/container.db, /home/runner/work/ozone/ozone/hadoop-ozone/integration-test/target/test-dir/MiniOzoneClusterImpl-8912d24f-c240-4c97-8da2-3552e928269b/datanode-1/data-0/containers/hdds/8912d24f-c240-4c97-8da2-3552e928269b/DS-e25ec6ff-6947-4d7a-83cc-7964af8014b1/container.db, /home/runner/work/ozone/ozone/hadoop-ozone/integration-test/target/test-dir/MiniOzoneClusterImpl-8912d24f-c240-4c97-8da2-3552e928269b/datanode-2/data-0/containers/hdds/8912d24f-c240-4c97-8da2-3552e928269b/DS-c18dd706-4033-4ec2-8f37-a73e91b2c90a/container.db, /home/runner/work/ozone/ozone/hadoop-ozone/integration-test/target/test-dir/MiniOzoneClusterImpl-bfa76206-2968-4191-bda1-2218be479879/datanode-0/data-0/containers/hdds/bfa76206-2968-4191-bda1-2218be479879/DS-448b9b52-e705-48f7-8b80-cb981de3a2b1/container.db, /home/runner/work/ozone/ozone/hadoop-ozone/integration-test/target/test-dir/MiniOzoneClusterImpl-bfa76206-2968-4191-bda1-2218be479879/datanode-1/data-0/containers/hdds/bfa76206-2968-4191-bda1-2218be479879/DS-d6027530-5959-44fa-a56a-d669c658cd04/container.db]
2024-01-11 04:03:26,274 [main] INFO  utils.DatanodeStoreCache (DatanodeStoreCache.java:removeDB(110)) - Removed db /home/runner/work/ozone/ozone/hadoop-ozone/integration-test/target/test-dir/MiniOzoneClusterImpl-bfa76206-2968-4191-bda1-2218be479879/datanode-1/data-0/containers/hdds/bfa76206-2968-4191-bda1-2218be479879/DS-d6027530-5959-44fa-a56a-d669c658cd04/container.db from cache
2024-01-11 04:03:26,275 [main] INFO  volume.HddsVolume (HddsVolume.java:closeDbStore(451)) - SchemaV3 db is stopped at /home/runner/work/ozone/ozone/hadoop-ozone/integration-test/target/test-dir/MiniOzoneClusterImpl-bfa76206-2968-4191-bda1-2218be479879/datanode-1/data-0/containers/hdds/bfa76206-2968-4191-bda1-2218be479879/DS-d6027530-5959-44fa-a56a-d669c658cd04/container.db for volume DS-d6027530-5959-44fa-a56a-d669c658cd04
2024-01-11 04:03:26,275 [main] INFO  utils.BackgroundService (BackgroundService.java:shutdown(160)) - Shutting down service BlockDeletingService
2024-01-11 04:03:26,276 [main] INFO  utils.BackgroundService (BackgroundService.java:shutdown(160)) - Shutting down service StaleRecoveringContainerScrubbingService
2024-01-11 04:03:26,278 [main] INFO  statemachine.DatanodeStateMachine (DatanodeStateMachine.java:stopDaemon(638)) - Ozone container server stopped.
2024-01-11 04:03:26,279 [main] INFO  handler.ContextHandler (ContextHandler.java:doStop(1159)) - Stopped o.e.j.w.WebAppContext@cd8ca22{hddsDatanode,/,null,STOPPED}{jar:file:/home/runner/.m2/repository/org/apache/ozone/hdds-container-service/1.5.0-SNAPSHOT/hdds-container-service-1.5.0-SNAPSHOT.jar!/webapps/hddsDatanode}
2024-01-11 04:03:26,280 [main] INFO  server.AbstractConnector (AbstractConnector.java:doStop(383)) - Stopped ServerConnector@26cfad8a{HTTP/1.1, (http/1.1)}{0.0.0.0:15018}
2024-01-11 04:03:26,280 [main] INFO  server.session (HouseKeeper.java:stopScavenging(149)) - node0 Stopped scavenging
2024-01-11 04:03:26,281 [main] INFO  handler.ContextHandler (ContextHandler.java:doStop(1159)) - Stopped o.e.j.s.ServletContextHandler@513c5bb7{static,/static,jar:file:/home/runner/.m2/repository/org/apache/ozone/hdds-container-service/1.5.0-SNAPSHOT/hdds-container-service-1.5.0-SNAPSHOT.jar!/webapps/static,STOPPED}
2024-01-11 04:03:26,282 [main] INFO  handler.ContextHandler (ContextHandler.java:doStop(1159)) - Stopped o.e.j.s.ServletContextHandler@330258c9{logs,/logs,file:///home/runner/work/ozone/ozone/hadoop-ozone/integration-test/target/log,STOPPED}
2024-01-11 04:03:26,282 [main] INFO  ozone.HddsDatanodeClientProtocolServer (HddsDatanodeClientProtocolServer.java:stop(78)) - Stopping the RPC server for Client Protocol
2024-01-11 04:03:26,283 [main] INFO  ipc.Server (Server.java:stop(3523)) - Stopping server on 15019
2024-01-11 04:03:26,284 [IPC Server listener on 15019] INFO  ipc.Server (Server.java:run(1434)) - Stopping IPC Server listener on 15019
2024-01-11 04:03:26,284 [IPC Server Responder] INFO  ipc.Server (Server.java:run(1567)) - Stopping IPC Server Responder
2024-01-11 04:03:26,293 [ForkJoinPool.commonPool-worker-1] INFO  utils.DatanodeStoreCache (DatanodeStoreCache.java:shutdownCache(116)) - Skip clearing cache in mini cluster mode. Entries left: [/home/runner/work/ozone/ozone/hadoop-ozone/integration-test/target/test-dir/MiniOzoneClusterImpl-8912d24f-c240-4c97-8da2-3552e928269b/datanode-0/data-0/containers/hdds/8912d24f-c240-4c97-8da2-3552e928269b/DS-b023b952-0462-4c1c-8c01-b7425a599fd7/container.db, /home/runner/work/ozone/ozone/hadoop-ozone/integration-test/target/test-dir/MiniOzoneClusterImpl-8912d24f-c240-4c97-8da2-3552e928269b/datanode-1/data-0/containers/hdds/8912d24f-c240-4c97-8da2-3552e928269b/DS-e25ec6ff-6947-4d7a-83cc-7964af8014b1/container.db, /home/runner/work/ozone/ozone/hadoop-ozone/integration-test/target/test-dir/MiniOzoneClusterImpl-8912d24f-c240-4c97-8da2-3552e928269b/datanode-2/data-0/containers/hdds/8912d24f-c240-4c97-8da2-3552e928269b/DS-c18dd706-4033-4ec2-8f37-a73e91b2c90a/container.db, /home/runner/work/ozone/ozone/hadoop-ozone/integration-test/target/test-dir/MiniOzoneClusterImpl-bfa76206-2968-4191-bda1-2218be479879/datanode-0/data-0/containers/hdds/bfa76206-2968-4191-bda1-2218be479879/DS-448b9b52-e705-48f7-8b80-cb981de3a2b1/container.db]
2024-01-11 04:03:26,294 [ForkJoinPool.commonPool-worker-1] INFO  utils.DatanodeStoreCache (DatanodeStoreCache.java:removeDB(110)) - Removed db /home/runner/work/ozone/ozone/hadoop-ozone/integration-test/target/test-dir/MiniOzoneClusterImpl-bfa76206-2968-4191-bda1-2218be479879/datanode-0/data-0/containers/hdds/bfa76206-2968-4191-bda1-2218be479879/DS-448b9b52-e705-48f7-8b80-cb981de3a2b1/container.db from cache
2024-01-11 04:03:26,295 [ForkJoinPool.commonPool-worker-1] INFO  volume.HddsVolume (HddsVolume.java:closeDbStore(451)) - SchemaV3 db is stopped at /home/runner/work/ozone/ozone/hadoop-ozone/integration-test/target/test-dir/MiniOzoneClusterImpl-bfa76206-2968-4191-bda1-2218be479879/datanode-0/data-0/containers/hdds/bfa76206-2968-4191-bda1-2218be479879/DS-448b9b52-e705-48f7-8b80-cb981de3a2b1/container.db for volume DS-448b9b52-e705-48f7-8b80-cb981de3a2b1
2024-01-11 04:03:26,295 [ForkJoinPool.commonPool-worker-1] INFO  utils.BackgroundService (BackgroundService.java:shutdown(160)) - Shutting down service BlockDeletingService
2024-01-11 04:03:26,295 [ForkJoinPool.commonPool-worker-1] INFO  utils.BackgroundService (BackgroundService.java:shutdown(160)) - Shutting down service StaleRecoveringContainerScrubbingService
2024-01-11 04:03:26,296 [ForkJoinPool.commonPool-worker-1] INFO  statemachine.DatanodeStateMachine (DatanodeStateMachine.java:stopDaemon(638)) - Ozone container server stopped.
2024-01-11 04:03:26,297 [ForkJoinPool.commonPool-worker-1] INFO  handler.ContextHandler (ContextHandler.java:doStop(1159)) - Stopped o.e.j.w.WebAppContext@717729c4{hddsDatanode,/,null,STOPPED}{jar:file:/home/runner/.m2/repository/org/apache/ozone/hdds-container-service/1.5.0-SNAPSHOT/hdds-container-service-1.5.0-SNAPSHOT.jar!/webapps/hddsDatanode}
2024-01-11 04:03:26,298 [ForkJoinPool.commonPool-worker-1] INFO  server.AbstractConnector (AbstractConnector.java:doStop(383)) - Stopped ServerConnector@70344c61{HTTP/1.1, (http/1.1)}{0.0.0.0:15009}
2024-01-11 04:03:26,298 [ForkJoinPool.commonPool-worker-1] INFO  server.session (HouseKeeper.java:stopScavenging(149)) - node0 Stopped scavenging
2024-01-11 04:03:26,299 [ForkJoinPool.commonPool-worker-1] INFO  handler.ContextHandler (ContextHandler.java:doStop(1159)) - Stopped o.e.j.s.ServletContextHandler@512436f3{static,/static,jar:file:/home/runner/.m2/repository/org/apache/ozone/hdds-container-service/1.5.0-SNAPSHOT/hdds-container-service-1.5.0-SNAPSHOT.jar!/webapps/static,STOPPED}
2024-01-11 04:03:26,299 [ForkJoinPool.commonPool-worker-1] INFO  handler.ContextHandler (ContextHandler.java:doStop(1159)) - Stopped o.e.j.s.ServletContextHandler@2e41bae3{logs,/logs,file:///home/runner/work/ozone/ozone/hadoop-ozone/integration-test/target/log,STOPPED}
2024-01-11 04:03:26,300 [ForkJoinPool.commonPool-worker-1] INFO  ozone.HddsDatanodeClientProtocolServer (HddsDatanodeClientProtocolServer.java:stop(78)) - Stopping the RPC server for Client Protocol
2024-01-11 04:03:26,300 [ForkJoinPool.commonPool-worker-1] INFO  ipc.Server (Server.java:stop(3523)) - Stopping server on 15010
2024-01-11 04:03:26,301 [IPC Server listener on 15010] INFO  ipc.Server (Server.java:run(1434)) - Stopping IPC Server listener on 15010
2024-01-11 04:03:26,301 [IPC Server Responder] INFO  ipc.Server (Server.java:run(1567)) - Stopping IPC Server Responder
2024-01-11 04:03:26,302 [main] INFO  ozone.MiniOzoneClusterImpl (MiniOzoneClusterImpl.java:stopSCM(550)) - Stopping the StorageContainerManager
2024-01-11 04:03:26,302 [main] INFO  server.StorageContainerManager (StorageContainerManager.java:stop(1654)) - Container Balancer is not running.
2024-01-11 04:03:26,302 [main] INFO  server.StorageContainerManager (StorageContainerManager.java:stopReplicationManager(1787)) - Stopping Replication Manager Service.
2024-01-11 04:03:26,302 [main] INFO  replication.ReplicationManager (ReplicationManager.java:stop(326)) - Stopping Replication Monitor Thread.
2024-01-11 04:03:26,302 [OverReplicatedProcessor] WARN  replication.UnhealthyReplicationProcessor (UnhealthyReplicationProcessor.java:run(180)) - OverReplicatedProcessor interrupted. Exiting...
2024-01-11 04:03:26,302 [UnderReplicatedProcessor] WARN  replication.UnhealthyReplicationProcessor (UnhealthyReplicationProcessor.java:run(180)) - UnderReplicatedProcessor interrupted. Exiting...
2024-01-11 04:03:26,303 [main] INFO  server.StorageContainerManager (StorageContainerManager.java:stop(1663)) - Stopping the Datanode Admin Monitor.
2024-01-11 04:03:26,303 [ReplicationMonitor] INFO  replication.ReplicationManager (ReplicationManager.java:run(933)) - Replication Monitor Thread is stopped
2024-01-11 04:03:26,303 [main] INFO  server.StorageContainerManager (StorageContainerManager.java:stop(1670)) - Stopping datanode service RPC server
2024-01-11 04:03:26,303 [main] INFO  server.SCMDatanodeProtocolServer (SCMDatanodeProtocolServer.java:stop(424)) - Stopping the RPC server for DataNodes
2024-01-11 04:03:26,303 [main] INFO  ipc.Server (Server.java:stop(3523)) - Stopping server on 15002
2024-01-11 04:03:26,304 [IPC Server listener on 15002] INFO  ipc.Server (Server.java:run(1434)) - Stopping IPC Server listener on 15002
2024-01-11 04:03:26,305 [IPC Server Responder] INFO  ipc.Server (Server.java:run(1567)) - Stopping IPC Server Responder
2024-01-11 04:03:26,393 [SCMHeartbeatProcessor-0] WARN  node.NodeStateManager (NodeStateManager.java:scheduleNextHealthCheck(878)) - Current Thread is interrupted, shutting down HB processing thread for Node Manager.
2024-01-11 04:03:26,393 [main] INFO  server.StorageContainerManager (StorageContainerManager.java:stop(1678)) - Stopping block service RPC server
2024-01-11 04:03:26,394 [main] INFO  server.SCMBlockProtocolServer (SCMBlockProtocolServer.java:stop(168)) - Stopping the RPC server for Block Protocol
2024-01-11 04:03:26,394 [main] INFO  ipc.Server (Server.java:stop(3523)) - Stopping server on 15001
2024-01-11 04:03:26,395 [IPC Server Responder] INFO  ipc.Server (Server.java:run(1567)) - Stopping IPC Server Responder
2024-01-11 04:03:26,395 [IPC Server listener on 15001] INFO  ipc.Server (Server.java:run(1434)) - Stopping IPC Server listener on 15001
2024-01-11 04:03:26,395 [main] INFO  server.StorageContainerManager (StorageContainerManager.java:stop(1685)) - Stopping the StorageContainerLocationProtocol RPC server
2024-01-11 04:03:26,395 [main] INFO  server.SCMClientProtocolServer (SCMClientProtocolServer.java:stop(210)) - Stopping the RPC server for Client Protocol
2024-01-11 04:03:26,396 [main] INFO  ipc.Server (Server.java:stop(3523)) - Stopping server on 15000
2024-01-11 04:03:26,397 [IPC Server listener on 15000] INFO  ipc.Server (Server.java:run(1434)) - Stopping IPC Server listener on 15000
2024-01-11 04:03:26,397 [IPC Server Responder] INFO  ipc.Server (Server.java:run(1567)) - Stopping IPC Server Responder
2024-01-11 04:03:26,397 [main] INFO  server.StorageContainerManager (StorageContainerManager.java:stop(1692)) - Stopping Storage Container Manager HTTP server.
2024-01-11 04:03:26,398 [main] INFO  handler.ContextHandler (ContextHandler.java:doStop(1159)) - Stopped o.e.j.w.WebAppContext@522a2944{scm,/,null,STOPPED}{file:/home/runner/work/ozone/ozone/hadoop-ozone/integration-test/target/test-classes/webapps/scm}
2024-01-11 04:03:26,398 [main] INFO  server.AbstractConnector (AbstractConnector.java:doStop(383)) - Stopped ServerConnector@65686d44{HTTP/1.1, (http/1.1)}{0.0.0.0:15003}
2024-01-11 04:03:26,399 [main] INFO  server.session (HouseKeeper.java:stopScavenging(149)) - node0 Stopped scavenging
2024-01-11 04:03:26,399 [main] INFO  handler.ContextHandler (ContextHandler.java:doStop(1159)) - Stopped o.e.j.s.ServletContextHandler@7355e791{static,/static,file:///home/runner/work/ozone/ozone/hadoop-ozone/integration-test/target/test-classes/webapps/static,STOPPED}
2024-01-11 04:03:26,399 [main] INFO  handler.ContextHandler (ContextHandler.java:doStop(1159)) - Stopped o.e.j.s.ServletContextHandler@45215f16{logs,/logs,file:///home/runner/work/ozone/ozone/hadoop-ozone/integration-test/target/log,STOPPED}
2024-01-11 04:03:26,400 [main] INFO  server.StorageContainerManager (StorageContainerManager.java:stop(1700)) - Stopping SCM LayoutVersionManager Service.
2024-01-11 04:03:26,400 [main] INFO  server.StorageContainerManager (StorageContainerManager.java:stop(1712)) - Stopping Block Manager Service.
2024-01-11 04:03:26,400 [main] INFO  utils.BackgroundService (BackgroundService.java:shutdown(160)) - Shutting down service SCMBlockDeletingService
2024-01-11 04:03:26,400 [main] INFO  utils.BackgroundService (BackgroundService.java:shutdown(160)) - Shutting down service SCMBlockDeletingService
2024-01-11 04:03:26,401 [main] INFO  server.StorageContainerManager (StorageContainerManager.java:stop(1732)) - Stopping SCM Event Queue.
2024-01-11 04:03:26,402 [JvmPauseMonitor0] INFO  util.JvmPauseMonitor (JvmPauseMonitor.java:run(152)) - JvmPauseMonitor-43bf1331-a289-4555-8d5d-84eb4b3c44c0: Stopped
2024-01-11 04:03:26,402 [main] INFO  server.StorageContainerManager (StorageContainerManager.java:stop(1743)) - Stopping SCM HA services.
2024-01-11 04:03:26,403 [main] INFO  pipeline.BackgroundPipelineCreator (BackgroundPipelineCreator.java:stop(152)) - Stopping RatisPipelineUtilsThread.
2024-01-11 04:03:26,403 [RatisPipelineUtilsThread-0] WARN  pipeline.BackgroundPipelineCreator (BackgroundPipelineCreator.java:run(183)) - RatisPipelineUtilsThread is interrupted.
2024-01-11 04:03:26,403 [main] INFO  BackgroundPipelineScrubber (BackgroundSCMService.java:stop(131)) - Stopping BackgroundPipelineScrubber Service.
2024-01-11 04:03:26,403 [BackgroundPipelineScrubber] WARN  BackgroundPipelineScrubber (BackgroundSCMService.java:run(115)) - BackgroundPipelineScrubber is interrupted, exit
2024-01-11 04:03:26,404 [main] INFO  impl.MetricsSystemImpl (MetricsSystemImpl.java:stop(210)) - Stopping HddsDatanode metrics system...
2024-01-11 04:03:26,409 [prometheus] INFO  impl.MetricsSinkAdapter (MetricsSinkAdapter.java:publishMetricsFromQueue(141)) - prometheus thread interrupted.
2024-01-11 04:03:26,409 [main] INFO  impl.MetricsSystemImpl (MetricsSystemImpl.java:stop(216)) - HddsDatanode metrics system stopped.
2024-01-11 04:03:26,409 [main] WARN  pipeline.BackgroundPipelineCreator (BackgroundPipelineCreator.java:stop(148)) - RatisPipelineUtilsThread is not running, just ignore.
2024-01-11 04:03:26,409 [main] INFO  BackgroundPipelineScrubber (BackgroundSCMService.java:stop(126)) - BackgroundPipelineScrubber Service is not running, skip stop.
2024-01-11 04:03:26,410 [main] INFO  ExpiredContainerReplicaOpScrubber (BackgroundSCMService.java:stop(131)) - Stopping ExpiredContainerReplicaOpScrubber Service.
2024-01-11 04:03:26,410 [ExpiredContainerReplicaOpScrubber] WARN  ExpiredContainerReplicaOpScrubber (BackgroundSCMService.java:run(115)) - ExpiredContainerReplicaOpScrubber is interrupted, exit
2024-01-11 04:03:26,410 [main] INFO  utils.BackgroundService (BackgroundService.java:shutdown(160)) - Shutting down service SCMBlockDeletingService
2024-01-11 04:03:26,410 [main] INFO  replication.ReplicationManager (ReplicationManager.java:stop(336)) - Replication Monitor Thread is not running.
2024-01-11 04:03:26,410 [main] WARN  balancer.ContainerBalancer (ContainerBalancer.java:stop(327)) - Cannot stop Container Balancer because it's not running or stopping
2024-01-11 04:03:26,410 [LeaseManager#LeaseMonitor] WARN  lease.LeaseManager (LeaseManager.java:run(287)) - Lease manager is interrupted. Shutting down...
java.lang.InterruptedException
	at java.util.concurrent.locks.AbstractQueuedSynchronizer.doAcquireSharedNanos(AbstractQueuedSynchronizer.java:1039)
	at java.util.concurrent.locks.AbstractQueuedSynchronizer.tryAcquireSharedNanos(AbstractQueuedSynchronizer.java:1328)
	at java.util.concurrent.Semaphore.tryAcquire(Semaphore.java:409)
	at org.apache.hadoop.ozone.lease.LeaseManager$LeaseMonitor.run(LeaseManager.java:285)
	at java.lang.Thread.run(Thread.java:750)
2024-01-11 04:03:26,410 [main] INFO  server.StorageContainerManager (StorageContainerManager.java:stop(1778)) - Stopping SCM MetadataStore.
]]></system-out>
  </testcase>
  <testcase name="o3fs" classname="org.apache.hadoop.fs.ozone.TestSafeMode" time="20.711">
    <system-out><![CDATA[2024-01-11 04:03:26,823 [IPC Server handler 2 on default port 15037] INFO  net.NetworkTopologyImpl (NetworkTopologyImpl.java:add(124)) - Added a new node: /default-rack/df850d10-9c85-4972-b407-c0325fc6d584
2024-01-11 04:03:26,823 [IPC Server handler 2 on default port 15037] INFO  node.SCMNodeManager (SCMNodeManager.java:register(417)) - Registered datanode: df850d10-9c85-4972-b407-c0325fc6d584{ip: 10.1.0.34, host: fv-az1458-636, ports: [HTTP=15044, CLIENT_RPC=15045, REPLICATION=15051, RATIS=15047, RATIS_ADMIN=15048, RATIS_SERVER=15049, RATIS_DATASTREAM=15050, STANDALONE=15046], networkLocation: /default-rack, certSerialId: null, persistedOpState: null, persistedOpStateExpiryEpochSec: 0}
2024-01-11 04:03:26,824 [EventQueue-NewNodeForNewNodeHandler] INFO  pipeline.BackgroundPipelineCreator (BackgroundPipelineCreator.java:notifyEventTriggered(280)) - trigger a one-shot run on RatisPipelineUtilsThread.
2024-01-11 04:03:26,825 [EventQueue-NodeRegistrationContainerReportForDataNodeSafeModeRule] INFO  safemode.SCMSafeModeManager (DataNodeSafeModeRule.java:process(71)) - SCM in safe mode. 1 DataNodes registered, 3 required.
2024-01-11 04:03:26,825 [RatisPipelineUtilsThread-0] INFO  pipeline.RatisPipelineProvider (RatisPipelineProvider.java:lambda$create$0(206)) - Sending CreatePipelineCommand for pipeline:PipelineID=b59b13ce-652a-4436-9a50-bc3467b8140b to datanode:df850d10-9c85-4972-b407-c0325fc6d584
2024-01-11 04:03:26,825 [EventQueue-NodeRegistrationContainerReportForContainerSafeModeRule] INFO  safemode.SCMSafeModeManager (SCMSafeModeManager.java:validateSafeModeExitRules(200)) - ContainerSafeModeRule rule is successfully validated
2024-01-11 04:03:26,830 [EventQueue-PipelineReportForOneReplicaPipelineSafeModeRule] INFO  safemode.SCMSafeModeManager (SCMSafeModeManager.java:validateSafeModeExitRules(200)) - AtleastOneDatanodeReportedRule rule is successfully validated
2024-01-11 04:03:26,831 [RatisPipelineUtilsThread-0] INFO  pipeline.BackgroundPipelineCreator (BackgroundPipelineCreator.java:createPipelines(236)) - Created new pipeline Pipeline[ Id: b59b13ce-652a-4436-9a50-bc3467b8140b, Nodes: df850d10-9c85-4972-b407-c0325fc6d584(fv-az1458-636/10.1.0.34), ReplicationConfig: RATIS/ONE, State:ALLOCATED, leaderId:, CreationTimestamp2024-01-11T04:03:26.825Z[Etc/UTC]]
2024-01-11 04:03:26,955 [IPC Server handler 0 on default port 15037] INFO  net.NetworkTopologyImpl (NetworkTopologyImpl.java:add(124)) - Added a new node: /default-rack/719c3446-6328-4d08-9922-2d459786fd6c
2024-01-11 04:03:26,956 [IPC Server handler 0 on default port 15037] INFO  node.SCMNodeManager (SCMNodeManager.java:register(417)) - Registered datanode: 719c3446-6328-4d08-9922-2d459786fd6c{ip: 10.1.0.34, host: fv-az1458-636, ports: [HTTP=15053, CLIENT_RPC=15054, REPLICATION=15060, RATIS=15056, RATIS_ADMIN=15057, RATIS_SERVER=15058, RATIS_DATASTREAM=15059, STANDALONE=15055], networkLocation: /default-rack, certSerialId: null, persistedOpState: null, persistedOpStateExpiryEpochSec: 0}
2024-01-11 04:03:26,956 [EventQueue-NodeRegistrationContainerReportForDataNodeSafeModeRule] INFO  safemode.SCMSafeModeManager (DataNodeSafeModeRule.java:process(71)) - SCM in safe mode. 2 DataNodes registered, 3 required.
2024-01-11 04:03:26,957 [EventQueue-NewNodeForNewNodeHandler] INFO  pipeline.BackgroundPipelineCreator (BackgroundPipelineCreator.java:notifyEventTriggered(280)) - trigger a one-shot run on RatisPipelineUtilsThread.
2024-01-11 04:03:26,957 [RatisPipelineUtilsThread-0] INFO  pipeline.RatisPipelineProvider (RatisPipelineProvider.java:lambda$create$0(206)) - Sending CreatePipelineCommand for pipeline:PipelineID=721acb45-f8e7-4d46-993d-5854fc908815 to datanode:719c3446-6328-4d08-9922-2d459786fd6c
2024-01-11 04:03:26,958 [RatisPipelineUtilsThread-0] INFO  pipeline.BackgroundPipelineCreator (BackgroundPipelineCreator.java:createPipelines(236)) - Created new pipeline Pipeline[ Id: 721acb45-f8e7-4d46-993d-5854fc908815, Nodes: 719c3446-6328-4d08-9922-2d459786fd6c(fv-az1458-636/10.1.0.34), ReplicationConfig: RATIS/ONE, State:ALLOCATED, leaderId:, CreationTimestamp2024-01-11T04:03:26.957Z[Etc/UTC]]
2024-01-11 04:03:27,059 [Mini-Cluster-Provider-Create] INFO  ozone.MiniOzoneClusterImpl (MiniOzoneClusterImpl.java:lambda$waitForClusterToBeReady$0(229)) - Waiting for nodes to be ready. Got 2 of 3 DN Heartbeats.
2024-01-11 04:03:27,059 [Mini-Cluster-Provider-Create] INFO  ozone.MiniOzoneClusterImpl (MiniOzoneClusterImpl.java:lambda$waitForClusterToBeReady$0(232)) - Waiting for cluster to exit safe mode
2024-01-11 04:03:27,059 [Mini-Cluster-Provider-Create] INFO  ozone.MiniOzoneClusterImpl (MiniOzoneClusterImpl.java:lambda$waitForClusterToBeReady$0(234)) - SCM became leader
2024-01-11 04:03:27,063 [IPC Server handler 1 on default port 15037] INFO  net.NetworkTopologyImpl (NetworkTopologyImpl.java:add(124)) - Added a new node: /default-rack/8656a35e-0084-4fca-b387-4ce1151a6fbb
2024-01-11 04:03:27,063 [IPC Server handler 1 on default port 15037] INFO  node.SCMNodeManager (SCMNodeManager.java:register(417)) - Registered datanode: 8656a35e-0084-4fca-b387-4ce1151a6fbb{ip: 10.1.0.34, host: fv-az1458-636, ports: [HTTP=15062, CLIENT_RPC=15063, REPLICATION=15069, RATIS=15065, RATIS_ADMIN=15066, RATIS_SERVER=15067, RATIS_DATASTREAM=15068, STANDALONE=15064], networkLocation: /default-rack, certSerialId: null, persistedOpState: null, persistedOpStateExpiryEpochSec: 0}
2024-01-11 04:03:27,063 [EventQueue-NodeRegistrationContainerReportForDataNodeSafeModeRule] INFO  safemode.SCMSafeModeManager (DataNodeSafeModeRule.java:process(71)) - SCM in safe mode. 3 DataNodes registered, 3 required.
2024-01-11 04:03:27,064 [EventQueue-NodeRegistrationContainerReportForDataNodeSafeModeRule] INFO  safemode.SCMSafeModeManager (SCMSafeModeManager.java:validateSafeModeExitRules(200)) - DataNodeSafeModeRule rule is successfully validated
2024-01-11 04:03:27,064 [EventQueue-NodeRegistrationContainerReportForDataNodeSafeModeRule] INFO  safemode.SCMSafeModeManager (SCMSafeModeManager.java:completePreCheck(229)) - All SCM safe mode pre check rules have passed
2024-01-11 04:03:27,064 [EventQueue-NodeRegistrationContainerReportForDataNodeSafeModeRule] INFO  ha.SCMContext (SCMContext.java:updateSafeModeStatus(230)) - Update SafeModeStatus from SafeModeStatus{safeModeStatus=true, preCheckPassed=false} to SafeModeStatus{safeModeStatus=true, preCheckPassed=true}.
2024-01-11 04:03:27,063 [EventQueue-NewNodeForNewNodeHandler] INFO  pipeline.BackgroundPipelineCreator (BackgroundPipelineCreator.java:notifyEventTriggered(280)) - trigger a one-shot run on RatisPipelineUtilsThread.
2024-01-11 04:03:27,064 [EventQueue-NodeRegistrationContainerReportForDataNodeSafeModeRule] INFO  pipeline.BackgroundPipelineCreator (BackgroundPipelineCreator.java:notifyEventTriggered(280)) - trigger a one-shot run on RatisPipelineUtilsThread.
2024-01-11 04:03:27,065 [RatisPipelineUtilsThread-0] INFO  pipeline.RatisPipelineProvider (RatisPipelineProvider.java:lambda$create$0(206)) - Sending CreatePipelineCommand for pipeline:PipelineID=4264de1d-e076-4780-abf8-eb30312cdd54 to datanode:8656a35e-0084-4fca-b387-4ce1151a6fbb
2024-01-11 04:03:27,066 [RatisPipelineUtilsThread-0] INFO  pipeline.BackgroundPipelineCreator (BackgroundPipelineCreator.java:createPipelines(236)) - Created new pipeline Pipeline[ Id: 4264de1d-e076-4780-abf8-eb30312cdd54, Nodes: 8656a35e-0084-4fca-b387-4ce1151a6fbb(fv-az1458-636/10.1.0.34), ReplicationConfig: RATIS/ONE, State:ALLOCATED, leaderId:, CreationTimestamp2024-01-11T04:03:27.065Z[Etc/UTC]]
2024-01-11 04:03:27,066 [RatisPipelineUtilsThread-0] INFO  pipeline.RatisPipelineProvider (RatisPipelineProvider.java:lambda$create$0(206)) - Sending CreatePipelineCommand for pipeline:PipelineID=f4a60787-be55-4684-be27-85a4241d4f1d to datanode:719c3446-6328-4d08-9922-2d459786fd6c
2024-01-11 04:03:27,066 [RatisPipelineUtilsThread-0] INFO  pipeline.RatisPipelineProvider (RatisPipelineProvider.java:lambda$create$0(206)) - Sending CreatePipelineCommand for pipeline:PipelineID=f4a60787-be55-4684-be27-85a4241d4f1d to datanode:8656a35e-0084-4fca-b387-4ce1151a6fbb
2024-01-11 04:03:27,066 [RatisPipelineUtilsThread-0] INFO  pipeline.RatisPipelineProvider (RatisPipelineProvider.java:lambda$create$0(206)) - Sending CreatePipelineCommand for pipeline:PipelineID=f4a60787-be55-4684-be27-85a4241d4f1d to datanode:df850d10-9c85-4972-b407-c0325fc6d584
2024-01-11 04:03:27,067 [RatisPipelineUtilsThread-0] INFO  pipeline.BackgroundPipelineCreator (BackgroundPipelineCreator.java:createPipelines(236)) - Created new pipeline Pipeline[ Id: f4a60787-be55-4684-be27-85a4241d4f1d, Nodes: 719c3446-6328-4d08-9922-2d459786fd6c(fv-az1458-636/10.1.0.34)8656a35e-0084-4fca-b387-4ce1151a6fbb(fv-az1458-636/10.1.0.34)df850d10-9c85-4972-b407-c0325fc6d584(fv-az1458-636/10.1.0.34), ReplicationConfig: RATIS/THREE, State:ALLOCATED, leaderId:, CreationTimestamp2024-01-11T04:03:27.066Z[Etc/UTC]]
2024-01-11 04:03:27,068 [RatisPipelineUtilsThread-0] INFO  pipeline.RatisPipelineProvider (RatisPipelineProvider.java:lambda$create$0(206)) - Sending CreatePipelineCommand for pipeline:PipelineID=777b88da-baa3-4926-8e81-81fa45f9e5d4 to datanode:8656a35e-0084-4fca-b387-4ce1151a6fbb
2024-01-11 04:03:27,068 [RatisPipelineUtilsThread-0] INFO  pipeline.RatisPipelineProvider (RatisPipelineProvider.java:lambda$create$0(206)) - Sending CreatePipelineCommand for pipeline:PipelineID=777b88da-baa3-4926-8e81-81fa45f9e5d4 to datanode:719c3446-6328-4d08-9922-2d459786fd6c
2024-01-11 04:03:27,068 [RatisPipelineUtilsThread-0] INFO  pipeline.RatisPipelineProvider (RatisPipelineProvider.java:lambda$create$0(206)) - Sending CreatePipelineCommand for pipeline:PipelineID=777b88da-baa3-4926-8e81-81fa45f9e5d4 to datanode:df850d10-9c85-4972-b407-c0325fc6d584
2024-01-11 04:03:27,069 [RatisPipelineUtilsThread-0] INFO  pipeline.PipelineManagerImpl (PipelineManagerImpl.java:recordMetricsForPipeline(916)) - Pipeline: PipelineID=777b88da-baa3-4926-8e81-81fa45f9e5d4 contains same datanodes as previous pipelines: PipelineID=f4a60787-be55-4684-be27-85a4241d4f1d nodeIds: 8656a35e-0084-4fca-b387-4ce1151a6fbb, 719c3446-6328-4d08-9922-2d459786fd6c, df850d10-9c85-4972-b407-c0325fc6d584
2024-01-11 04:03:27,069 [RatisPipelineUtilsThread-0] INFO  pipeline.BackgroundPipelineCreator (BackgroundPipelineCreator.java:createPipelines(236)) - Created new pipeline Pipeline[ Id: 777b88da-baa3-4926-8e81-81fa45f9e5d4, Nodes: 8656a35e-0084-4fca-b387-4ce1151a6fbb(fv-az1458-636/10.1.0.34)719c3446-6328-4d08-9922-2d459786fd6c(fv-az1458-636/10.1.0.34)df850d10-9c85-4972-b407-c0325fc6d584(fv-az1458-636/10.1.0.34), ReplicationConfig: RATIS/THREE, State:ALLOCATED, leaderId:, CreationTimestamp2024-01-11T04:03:27.068Z[Etc/UTC]]
2024-01-11 04:03:28,059 [Mini-Cluster-Provider-Create] INFO  ozone.MiniOzoneClusterImpl (MiniOzoneClusterImpl.java:lambda$waitForClusterToBeReady$0(229)) - Nodes are ready. Got 3 of 3 DN Heartbeats.
2024-01-11 04:03:28,059 [Mini-Cluster-Provider-Create] INFO  ozone.MiniOzoneClusterImpl (MiniOzoneClusterImpl.java:lambda$waitForClusterToBeReady$0(232)) - Waiting for cluster to exit safe mode
2024-01-11 04:03:28,059 [Mini-Cluster-Provider-Create] INFO  ozone.MiniOzoneClusterImpl (MiniOzoneClusterImpl.java:lambda$waitForClusterToBeReady$0(234)) - SCM became leader
2024-01-11 04:03:29,060 [Mini-Cluster-Provider-Create] INFO  ozone.MiniOzoneClusterImpl (MiniOzoneClusterImpl.java:lambda$waitForClusterToBeReady$0(229)) - Nodes are ready. Got 3 of 3 DN Heartbeats.
2024-01-11 04:03:29,060 [Mini-Cluster-Provider-Create] INFO  ozone.MiniOzoneClusterImpl (MiniOzoneClusterImpl.java:lambda$waitForClusterToBeReady$0(232)) - Waiting for cluster to exit safe mode
2024-01-11 04:03:29,060 [Mini-Cluster-Provider-Create] INFO  ozone.MiniOzoneClusterImpl (MiniOzoneClusterImpl.java:lambda$waitForClusterToBeReady$0(234)) - SCM became leader
2024-01-11 04:03:29,836 [df850d10-9c85-4972-b407-c0325fc6d584-PipelineCommandHandlerThread-0] INFO  server.RaftServer (RaftServerProxy.java:addNew(100)) - df850d10-9c85-4972-b407-c0325fc6d584: addNew group-BC3467B8140B:[df850d10-9c85-4972-b407-c0325fc6d584|10.1.0.34:15049] returns group-BC3467B8140B:java.util.concurrent.CompletableFuture@7078d6e8[Not completed]
2024-01-11 04:03:29,836 [df850d10-9c85-4972-b407-c0325fc6d584-groupManagement] INFO  server.RaftServer$Division (RaftServerImpl.java:<init>(256)) - df850d10-9c85-4972-b407-c0325fc6d584: new RaftServerImpl for group-BC3467B8140B:[df850d10-9c85-4972-b407-c0325fc6d584|10.1.0.34:15049] with ContainerStateMachine:uninitialized
2024-01-11 04:03:29,836 [df850d10-9c85-4972-b407-c0325fc6d584-groupManagement] INFO  server.RaftServerConfigKeys (ConfUtils.java:logGet(46)) - raft.server.rpc.timeout.min = 5s (custom)
2024-01-11 04:03:29,837 [df850d10-9c85-4972-b407-c0325fc6d584-groupManagement] INFO  server.RaftServerConfigKeys (ConfUtils.java:logGet(46)) - raft.server.rpc.timeout.max = 5200ms (custom)
2024-01-11 04:03:29,837 [df850d10-9c85-4972-b407-c0325fc6d584-groupManagement] INFO  server.RaftServerConfigKeys (ConfUtils.java:logGet(46)) - raft.server.rpc.sleep.time = 25ms (default)
2024-01-11 04:03:29,837 [df850d10-9c85-4972-b407-c0325fc6d584-groupManagement] INFO  server.RaftServerConfigKeys (ConfUtils.java:logGet(46)) - raft.server.rpc.slowness.timeout = 300s (custom)
2024-01-11 04:03:29,837 [df850d10-9c85-4972-b407-c0325fc6d584-groupManagement] INFO  server.RaftServerConfigKeys (ConfUtils.java:logGet(46)) - raft.server.leaderelection.leader.step-down.wait-time = 10s (default)
2024-01-11 04:03:29,837 [df850d10-9c85-4972-b407-c0325fc6d584-groupManagement] INFO  server.RaftServerConfigKeys (ConfUtils.java:logGet(46)) - raft.server.leaderelection.member.majority-add = false (default)
2024-01-11 04:03:29,837 [df850d10-9c85-4972-b407-c0325fc6d584-groupManagement] INFO  server.RaftServerConfigKeys (ConfUtils.java:logGet(46)) - raft.server.sleep.deviation.threshold = 300ms (default)
2024-01-11 04:03:29,837 [df850d10-9c85-4972-b407-c0325fc6d584-groupManagement] INFO  server.RaftServer$Division (ServerState.java:<init>(113)) - df850d10-9c85-4972-b407-c0325fc6d584@group-BC3467B8140B: ConfigurationManager, init=-1: peers:[df850d10-9c85-4972-b407-c0325fc6d584|10.1.0.34:15049]|listeners:[], old=null, confs=<EMPTY_MAP>
2024-01-11 04:03:29,837 [df850d10-9c85-4972-b407-c0325fc6d584-groupManagement] INFO  server.RaftServerConfigKeys (ConfUtils.java:logGet(46)) - raft.server.notification.no-leader.timeout = 300s (custom)
2024-01-11 04:03:29,837 [df850d10-9c85-4972-b407-c0325fc6d584-groupManagement] INFO  server.RaftServerConfigKeys (ConfUtils.java:logGet(46)) - raft.server.read.timeout = 10s (default)
2024-01-11 04:03:29,837 [df850d10-9c85-4972-b407-c0325fc6d584-groupManagement] INFO  server.RaftServerConfigKeys (ConfUtils.java:logGet(46)) - raft.server.retrycache.expirytime = 600000ms (custom)
2024-01-11 04:03:29,837 [df850d10-9c85-4972-b407-c0325fc6d584-groupManagement] INFO  server.RaftServerConfigKeys (ConfUtils.java:logGet(46)) - raft.server.retrycache.statistics.expirytime = 100ms (default)
2024-01-11 04:03:29,838 [df850d10-9c85-4972-b407-c0325fc6d584-groupManagement] INFO  server.RaftServerConfigKeys (ConfUtils.java:logGet(46)) - raft.server.read.option = DEFAULT (default)
2024-01-11 04:03:29,838 [df850d10-9c85-4972-b407-c0325fc6d584-groupManagement] INFO  server.RaftServerConfigKeys (ConfUtils.java:logGet(46)) - raft.server.read.read-after-write-consistent.write-index-cache.expiry-time = 60s (default)
2024-01-11 04:03:29,839 [df850d10-9c85-4972-b407-c0325fc6d584-groupManagement] INFO  server.RaftServerConfigKeys (ConfUtils.java:logGet(46)) - raft.server.rpc.request.timeout = 60s (custom)
2024-01-11 04:03:29,839 [df850d10-9c85-4972-b407-c0325fc6d584-groupManagement] INFO  server.RaftServerConfigKeys (ConfUtils.java:logGet(46)) - raft.server.log.appender.install.snapshot.enabled = false (custom)
2024-01-11 04:03:29,839 [df850d10-9c85-4972-b407-c0325fc6d584-groupManagement] INFO  server.RaftServerConfigKeys (ConfUtils.java:logGet(46)) - raft.server.threadpool.server.cached = true (default)
2024-01-11 04:03:29,839 [df850d10-9c85-4972-b407-c0325fc6d584-groupManagement] INFO  server.RaftServerConfigKeys (ConfUtils.java:logGet(46)) - raft.server.threadpool.server.size = 0 (default)
2024-01-11 04:03:29,839 [df850d10-9c85-4972-b407-c0325fc6d584-groupManagement] INFO  server.RaftServerConfigKeys (ConfUtils.java:logGet(46)) - raft.server.threadpool.client.cached = true (default)
2024-01-11 04:03:29,839 [df850d10-9c85-4972-b407-c0325fc6d584-groupManagement] INFO  server.RaftServerConfigKeys (ConfUtils.java:logGet(46)) - raft.server.threadpool.client.size = 0 (default)
2024-01-11 04:03:29,840 [df850d10-9c85-4972-b407-c0325fc6d584-groupManagement] INFO  server.RaftServerConfigKeys (ConfUtils.java:logGet(46)) - raft.server.storage.free-space.min = 0MB (=0) (default)
2024-01-11 04:03:29,840 [df850d10-9c85-4972-b407-c0325fc6d584-groupManagement] INFO  server.RaftServerConfigKeys (ConfUtils.java:logGet(46)) - raft.server.log.corruption.policy = EXCEPTION (default)
2024-01-11 04:03:29,840 [df850d10-9c85-4972-b407-c0325fc6d584-groupManagement] INFO  server.RaftServerConfigKeys (ConfUtils.java:logGet(46)) - raft.server.storage.dir = [/home/runner/work/ozone/ozone/hadoop-ozone/integration-test/target/test-dir/MiniOzoneClusterImpl-8912d24f-c240-4c97-8da2-3552e928269b/datanode-0/data/ratis] (custom)
2024-01-11 04:03:29,840 [df850d10-9c85-4972-b407-c0325fc6d584-groupManagement] INFO  storage.RaftStorageDirectory (RaftStorageDirectoryImpl.java:analyzeStorage(138)) - The storage directory /home/runner/work/ozone/ozone/hadoop-ozone/integration-test/target/test-dir/MiniOzoneClusterImpl-8912d24f-c240-4c97-8da2-3552e928269b/datanode-0/data/ratis/b59b13ce-652a-4436-9a50-bc3467b8140b does not exist. Creating ...
2024-01-11 04:03:29,841 [df850d10-9c85-4972-b407-c0325fc6d584-groupManagement] INFO  storage.RaftStorageDirectory (RaftStorageDirectoryImpl.java:tryLock(228)) - Lock on /home/runner/work/ozone/ozone/hadoop-ozone/integration-test/target/test-dir/MiniOzoneClusterImpl-8912d24f-c240-4c97-8da2-3552e928269b/datanode-0/data/ratis/b59b13ce-652a-4436-9a50-bc3467b8140b/in_use.lock acquired by nodename 56095@fv-az1458-636
2024-01-11 04:03:29,842 [df850d10-9c85-4972-b407-c0325fc6d584-groupManagement] INFO  storage.RaftStorage (RaftStorageImpl.java:format(99)) - Storage directory /home/runner/work/ozone/ozone/hadoop-ozone/integration-test/target/test-dir/MiniOzoneClusterImpl-8912d24f-c240-4c97-8da2-3552e928269b/datanode-0/data/ratis/b59b13ce-652a-4436-9a50-bc3467b8140b has been successfully formatted.
2024-01-11 04:03:29,842 [df850d10-9c85-4972-b407-c0325fc6d584-groupManagement] WARN  util.FileUtils (LogUtils.java:supplyAndLog(63)) - Failed to Files.newInputStream /home/runner/work/ozone/ozone/hadoop-ozone/integration-test/target/test-dir/MiniOzoneClusterImpl-8912d24f-c240-4c97-8da2-3552e928269b/datanode-0/data/ratis/b59b13ce-652a-4436-9a50-bc3467b8140b/current/raft-meta.conf with options []: java.nio.file.NoSuchFileException: /home/runner/work/ozone/ozone/hadoop-ozone/integration-test/target/test-dir/MiniOzoneClusterImpl-8912d24f-c240-4c97-8da2-3552e928269b/datanode-0/data/ratis/b59b13ce-652a-4436-9a50-bc3467b8140b/current/raft-meta.conf
2024-01-11 04:03:29,843 [df850d10-9c85-4972-b407-c0325fc6d584-groupManagement] INFO  ratis.ContainerStateMachine (ContainerStateMachine.java:loadSnapshot(287)) - group-BC3467B8140B: The snapshot info is null. Setting the last applied index to:(t:0, i:~)
2024-01-11 04:03:29,843 [df850d10-9c85-4972-b407-c0325fc6d584-groupManagement] INFO  server.RaftServerConfigKeys (ConfUtils.java:logGet(46)) - raft.server.log.use.memory = false (default)
2024-01-11 04:03:29,843 [df850d10-9c85-4972-b407-c0325fc6d584-groupManagement] INFO  server.RaftServerConfigKeys (ConfUtils.java:logGet(46)) - raft.server.log.purge.gap = 1000000 (custom)
2024-01-11 04:03:29,843 [df850d10-9c85-4972-b407-c0325fc6d584-groupManagement] INFO  server.RaftServerConfigKeys (ConfUtils.java:logGet(46)) - raft.server.log.appender.buffer.byte-limit = 8388608 (custom)
2024-01-11 04:03:29,843 [df850d10-9c85-4972-b407-c0325fc6d584-groupManagement] INFO  server.RaftServerConfigKeys (ConfUtils.java:logGet(46)) - raft.server.log.statemachine.data.read.timeout = 1000ms (default)
2024-01-11 04:03:29,843 [df850d10-9c85-4972-b407-c0325fc6d584-groupManagement] INFO  server.RaftServerConfigKeys (ConfUtils.java:logGet(46)) - raft.server.log.purge.preservation.log.num = 0 (default)
2024-01-11 04:03:29,845 [df850d10-9c85-4972-b407-c0325fc6d584-groupManagement] INFO  server.RaftServerConfigKeys (ConfUtils.java:logGet(46)) - raft.server.log.segment.size.max = 67108864 (custom)
2024-01-11 04:03:29,845 [df850d10-9c85-4972-b407-c0325fc6d584-groupManagement] INFO  server.RaftServerConfigKeys (ConfUtils.java:logGet(46)) - raft.server.log.segment.cache.num.max = 2 (custom)
2024-01-11 04:03:29,845 [df850d10-9c85-4972-b407-c0325fc6d584-groupManagement] INFO  server.RaftServerConfigKeys (ConfUtils.java:logGet(46)) - raft.server.log.segment.cache.size.max = 200MB (=209715200) (default)
2024-01-11 04:03:29,845 [df850d10-9c85-4972-b407-c0325fc6d584-groupManagement] INFO  server.RaftServerConfigKeys (ConfUtils.java:logGet(46)) - raft.server.log.appender.buffer.byte-limit = 8388608 (custom)
2024-01-11 04:03:29,845 [EventQueue-PipelineReportForPipelineReportHandler] INFO  pipeline.PipelineReportHandler (PipelineReportHandler.java:processPipelineReport(136)) - Opened pipeline PipelineID=b59b13ce-652a-4436-9a50-bc3467b8140b
2024-01-11 04:03:29,845 [df850d10-9c85-4972-b407-c0325fc6d584-groupManagement] INFO  util.AwaitToRun (AwaitToRun.java:start(81)) - Thread[df850d10-9c85-4972-b407-c0325fc6d584@group-BC3467B8140B-cacheEviction-AwaitToRun,5,main] started
2024-01-11 04:03:29,846 [df850d10-9c85-4972-b407-c0325fc6d584-groupManagement] INFO  segmented.SegmentedRaftLogWorker (SegmentedRaftLogWorker.java:<init>(182)) - new df850d10-9c85-4972-b407-c0325fc6d584@group-BC3467B8140B-SegmentedRaftLogWorker for RaftStorageImpl:Storage Directory /home/runner/work/ozone/ozone/hadoop-ozone/integration-test/target/test-dir/MiniOzoneClusterImpl-8912d24f-c240-4c97-8da2-3552e928269b/datanode-0/data/ratis/b59b13ce-652a-4436-9a50-bc3467b8140b
2024-01-11 04:03:29,846 [df850d10-9c85-4972-b407-c0325fc6d584-groupManagement] INFO  server.RaftServerConfigKeys (ConfUtils.java:logGet(46)) - raft.server.log.queue.byte-limit = 4294967296 (custom)
2024-01-11 04:03:29,846 [df850d10-9c85-4972-b407-c0325fc6d584-groupManagement] INFO  server.RaftServerConfigKeys (ConfUtils.java:logGet(46)) - raft.server.log.queue.element-limit = 1024 (custom)
2024-01-11 04:03:29,846 [df850d10-9c85-4972-b407-c0325fc6d584-groupManagement] INFO  server.RaftServerConfigKeys (ConfUtils.java:logGet(46)) - raft.server.log.segment.size.max = 67108864 (custom)
2024-01-11 04:03:29,846 [df850d10-9c85-4972-b407-c0325fc6d584-groupManagement] INFO  server.RaftServerConfigKeys (ConfUtils.java:logGet(46)) - raft.server.log.preallocated.size = 4194304 (custom)
2024-01-11 04:03:29,847 [df850d10-9c85-4972-b407-c0325fc6d584-groupManagement] INFO  server.RaftServerConfigKeys (ConfUtils.java:logGet(46)) - raft.server.log.force.sync.num = 128 (default)
2024-01-11 04:03:29,847 [df850d10-9c85-4972-b407-c0325fc6d584-groupManagement] INFO  server.RaftServerConfigKeys (ConfUtils.java:logGet(46)) - raft.server.log.statemachine.data.sync = true (default)
2024-01-11 04:03:29,847 [df850d10-9c85-4972-b407-c0325fc6d584-groupManagement] INFO  server.RaftServerConfigKeys (ConfUtils.java:logGet(46)) - raft.server.log.statemachine.data.sync.timeout = 10s (default)
2024-01-11 04:03:29,847 [df850d10-9c85-4972-b407-c0325fc6d584-groupManagement] INFO  server.RaftServerConfigKeys (ConfUtils.java:logGet(46)) - raft.server.log.statemachine.data.sync.timeout.retry = 0 (custom)
2024-01-11 04:03:29,847 [df850d10-9c85-4972-b407-c0325fc6d584-groupManagement] INFO  server.RaftServerConfigKeys (ConfUtils.java:logGet(46)) - raft.server.log.write.buffer.size = 8388616 (custom)
2024-01-11 04:03:29,849 [df850d10-9c85-4972-b407-c0325fc6d584-groupManagement] INFO  server.RaftServerConfigKeys (ConfUtils.java:logGet(46)) - raft.server.log.appender.buffer.byte-limit = 8388608 (custom)
2024-01-11 04:03:29,849 [df850d10-9c85-4972-b407-c0325fc6d584-groupManagement] INFO  server.RaftServerConfigKeys (ConfUtils.java:logGet(46)) - raft.server.log.unsafe-flush.enabled = false (default)
2024-01-11 04:03:29,849 [df850d10-9c85-4972-b407-c0325fc6d584-groupManagement] INFO  server.RaftServerConfigKeys (ConfUtils.java:logGet(46)) - raft.server.log.async-flush.enabled = false (default)
2024-01-11 04:03:29,849 [df850d10-9c85-4972-b407-c0325fc6d584-groupManagement] INFO  server.RaftServerConfigKeys (ConfUtils.java:logGet(46)) - raft.server.log.statemachine.data.caching.enabled = true (custom)
2024-01-11 04:03:29,849 [df850d10-9c85-4972-b407-c0325fc6d584-groupManagement] INFO  segmented.SegmentedRaftLogWorker (SegmentedRaftLogWorker.java:lambda$new$0(134)) - df850d10-9c85-4972-b407-c0325fc6d584@group-BC3467B8140B-SegmentedRaftLogWorker: flushIndex: setUnconditionally 0 -> -1
2024-01-11 04:03:29,849 [df850d10-9c85-4972-b407-c0325fc6d584-groupManagement] INFO  segmented.SegmentedRaftLogWorker (SegmentedRaftLogWorker.java:lambda$new$0(134)) - df850d10-9c85-4972-b407-c0325fc6d584@group-BC3467B8140B-SegmentedRaftLogWorker: safeCacheEvictIndex: setUnconditionally 0 -> -1
2024-01-11 04:03:29,850 [df850d10-9c85-4972-b407-c0325fc6d584-groupManagement] INFO  server.RaftServer$Division (RaftServerImpl.java:start(396)) - df850d10-9c85-4972-b407-c0325fc6d584@group-BC3467B8140B: start as a follower, conf=-1: peers:[df850d10-9c85-4972-b407-c0325fc6d584|10.1.0.34:15049]|listeners:[], old=null
2024-01-11 04:03:29,850 [df850d10-9c85-4972-b407-c0325fc6d584-groupManagement] INFO  server.RaftServer$Division (RaftServerImpl.java:setRole(383)) - df850d10-9c85-4972-b407-c0325fc6d584@group-BC3467B8140B: changes role from      null to FOLLOWER at term 0 for startAsFollower
2024-01-11 04:03:29,850 [df850d10-9c85-4972-b407-c0325fc6d584-groupManagement] INFO  impl.RoleInfo (RoleInfo.java:updateAndGet(139)) - df850d10-9c85-4972-b407-c0325fc6d584: start df850d10-9c85-4972-b407-c0325fc6d584@group-BC3467B8140B-FollowerState
2024-01-11 04:03:29,850 [df850d10-9c85-4972-b407-c0325fc6d584-groupManagement] INFO  util.JmxRegister (JmxRegister.java:tryRegister(44)) - Successfully registered JMX Bean with object name Ratis:service=RaftServer,group=group-BC3467B8140B,id=df850d10-9c85-4972-b407-c0325fc6d584
2024-01-11 04:03:29,850 [df850d10-9c85-4972-b407-c0325fc6d584-groupManagement] INFO  server.RaftServerConfigKeys (ConfUtils.java:logGet(46)) - raft.server.snapshot.trigger-when-stop.enabled = true (default)
2024-01-11 04:03:29,850 [df850d10-9c85-4972-b407-c0325fc6d584-groupManagement] INFO  server.RaftServerConfigKeys (ConfUtils.java:logGet(46)) - raft.server.snapshot.auto.trigger.enabled = true (custom)
2024-01-11 04:03:29,850 [df850d10-9c85-4972-b407-c0325fc6d584-groupManagement] INFO  server.RaftServerConfigKeys (ConfUtils.java:logGet(46)) - raft.server.snapshot.auto.trigger.threshold = 10000 (custom)
2024-01-11 04:03:29,850 [df850d10-9c85-4972-b407-c0325fc6d584-groupManagement] INFO  server.RaftServerConfigKeys (ConfUtils.java:logGet(46)) - raft.server.snapshot.retention.file.num = 5 (custom)
2024-01-11 04:03:29,850 [df850d10-9c85-4972-b407-c0325fc6d584-groupManagement] INFO  server.RaftServerConfigKeys (ConfUtils.java:logGet(46)) - raft.server.log.purge.upto.snapshot.index = false (default)
2024-01-11 04:03:29,846 [EventQueue-OpenPipelineForHealthyPipelineSafeModeRule] INFO  safemode.SCMSafeModeManager (HealthyPipelineSafeModeRule.java:process(140)) - SCM in safe mode. Healthy pipelines reported count is 0, required healthy pipeline reported count is 1
2024-01-11 04:03:29,851 [df850d10-9c85-4972-b407-c0325fc6d584@group-BC3467B8140B-FollowerState] INFO  server.RaftServerConfigKeys (ConfUtils.java:logFallback(53)) - raft.server.rpc.first-election.timeout.min = 5s (fallback to raft.server.rpc.timeout.min)
2024-01-11 04:03:29,851 [df850d10-9c85-4972-b407-c0325fc6d584-PipelineCommandHandlerThread-0] INFO  ratis.XceiverServerRatis (XceiverServerRatis.java:addGroup(842)) - Created group PipelineID=b59b13ce-652a-4436-9a50-bc3467b8140b
2024-01-11 04:03:29,851 [df850d10-9c85-4972-b407-c0325fc6d584-PipelineCommandHandlerThread-0] INFO  commandhandler.CreatePipelineCommandHandler (CreatePipelineCommandHandler.java:lambda$handle$2(124)) - Created Pipeline RATIS ONE PipelineID=b59b13ce-652a-4436-9a50-bc3467b8140b.
2024-01-11 04:03:29,851 [df850d10-9c85-4972-b407-c0325fc6d584@group-BC3467B8140B-FollowerState] INFO  server.RaftServerConfigKeys (ConfUtils.java:logFallback(53)) - raft.server.rpc.first-election.timeout.max = 5200ms (fallback to raft.server.rpc.timeout.max)
2024-01-11 04:03:29,852 [df850d10-9c85-4972-b407-c0325fc6d584-PipelineCommandHandlerThread-0] INFO  server.RaftServer (RaftServerProxy.java:addNew(100)) - df850d10-9c85-4972-b407-c0325fc6d584: addNew group-85A4241D4F1D:[719c3446-6328-4d08-9922-2d459786fd6c|10.1.0.34:15058, df850d10-9c85-4972-b407-c0325fc6d584|10.1.0.34:15049, 8656a35e-0084-4fca-b387-4ce1151a6fbb|10.1.0.34:15067] returns group-85A4241D4F1D:java.util.concurrent.CompletableFuture@1987b83e[Not completed]
2024-01-11 04:03:29,852 [df850d10-9c85-4972-b407-c0325fc6d584-groupManagement] INFO  server.RaftServer$Division (RaftServerImpl.java:<init>(256)) - df850d10-9c85-4972-b407-c0325fc6d584: new RaftServerImpl for group-85A4241D4F1D:[719c3446-6328-4d08-9922-2d459786fd6c|10.1.0.34:15058, df850d10-9c85-4972-b407-c0325fc6d584|10.1.0.34:15049, 8656a35e-0084-4fca-b387-4ce1151a6fbb|10.1.0.34:15067] with ContainerStateMachine:uninitialized
2024-01-11 04:03:29,852 [df850d10-9c85-4972-b407-c0325fc6d584-groupManagement] INFO  server.RaftServerConfigKeys (ConfUtils.java:logGet(46)) - raft.server.rpc.timeout.min = 5s (custom)
2024-01-11 04:03:29,853 [df850d10-9c85-4972-b407-c0325fc6d584-groupManagement] INFO  server.RaftServerConfigKeys (ConfUtils.java:logGet(46)) - raft.server.rpc.timeout.max = 5200ms (custom)
2024-01-11 04:03:29,853 [df850d10-9c85-4972-b407-c0325fc6d584-groupManagement] INFO  server.RaftServerConfigKeys (ConfUtils.java:logGet(46)) - raft.server.rpc.sleep.time = 25ms (default)
2024-01-11 04:03:29,853 [df850d10-9c85-4972-b407-c0325fc6d584-groupManagement] INFO  server.RaftServerConfigKeys (ConfUtils.java:logGet(46)) - raft.server.rpc.slowness.timeout = 300s (custom)
2024-01-11 04:03:29,853 [df850d10-9c85-4972-b407-c0325fc6d584-groupManagement] INFO  server.RaftServerConfigKeys (ConfUtils.java:logGet(46)) - raft.server.leaderelection.leader.step-down.wait-time = 10s (default)
2024-01-11 04:03:29,853 [df850d10-9c85-4972-b407-c0325fc6d584-groupManagement] INFO  server.RaftServerConfigKeys (ConfUtils.java:logGet(46)) - raft.server.leaderelection.member.majority-add = false (default)
2024-01-11 04:03:29,853 [df850d10-9c85-4972-b407-c0325fc6d584-groupManagement] INFO  server.RaftServerConfigKeys (ConfUtils.java:logGet(46)) - raft.server.sleep.deviation.threshold = 300ms (default)
2024-01-11 04:03:29,853 [df850d10-9c85-4972-b407-c0325fc6d584-groupManagement] INFO  server.RaftServer$Division (ServerState.java:<init>(113)) - df850d10-9c85-4972-b407-c0325fc6d584@group-85A4241D4F1D: ConfigurationManager, init=-1: peers:[719c3446-6328-4d08-9922-2d459786fd6c|10.1.0.34:15058, df850d10-9c85-4972-b407-c0325fc6d584|10.1.0.34:15049, 8656a35e-0084-4fca-b387-4ce1151a6fbb|10.1.0.34:15067]|listeners:[], old=null, confs=<EMPTY_MAP>
2024-01-11 04:03:29,853 [df850d10-9c85-4972-b407-c0325fc6d584-groupManagement] INFO  server.RaftServerConfigKeys (ConfUtils.java:logGet(46)) - raft.server.notification.no-leader.timeout = 300s (custom)
2024-01-11 04:03:29,853 [df850d10-9c85-4972-b407-c0325fc6d584-groupManagement] INFO  server.RaftServerConfigKeys (ConfUtils.java:logGet(46)) - raft.server.read.timeout = 10s (default)
2024-01-11 04:03:29,853 [df850d10-9c85-4972-b407-c0325fc6d584-groupManagement] INFO  server.RaftServerConfigKeys (ConfUtils.java:logGet(46)) - raft.server.retrycache.expirytime = 600000ms (custom)
2024-01-11 04:03:29,853 [df850d10-9c85-4972-b407-c0325fc6d584-groupManagement] INFO  server.RaftServerConfigKeys (ConfUtils.java:logGet(46)) - raft.server.retrycache.statistics.expirytime = 100ms (default)
2024-01-11 04:03:29,853 [df850d10-9c85-4972-b407-c0325fc6d584-groupManagement] INFO  server.RaftServerConfigKeys (ConfUtils.java:logGet(46)) - raft.server.read.option = DEFAULT (default)
2024-01-11 04:03:29,853 [df850d10-9c85-4972-b407-c0325fc6d584-groupManagement] INFO  server.RaftServerConfigKeys (ConfUtils.java:logGet(46)) - raft.server.read.read-after-write-consistent.write-index-cache.expiry-time = 60s (default)
2024-01-11 04:03:29,855 [df850d10-9c85-4972-b407-c0325fc6d584-groupManagement] INFO  server.RaftServerConfigKeys (ConfUtils.java:logGet(46)) - raft.server.rpc.request.timeout = 60s (custom)
2024-01-11 04:03:29,855 [df850d10-9c85-4972-b407-c0325fc6d584-groupManagement] INFO  server.RaftServerConfigKeys (ConfUtils.java:logGet(46)) - raft.server.log.appender.install.snapshot.enabled = false (custom)
2024-01-11 04:03:29,855 [df850d10-9c85-4972-b407-c0325fc6d584-groupManagement] INFO  server.RaftServerConfigKeys (ConfUtils.java:logGet(46)) - raft.server.threadpool.server.cached = true (default)
2024-01-11 04:03:29,855 [df850d10-9c85-4972-b407-c0325fc6d584-groupManagement] INFO  server.RaftServerConfigKeys (ConfUtils.java:logGet(46)) - raft.server.threadpool.server.size = 0 (default)
2024-01-11 04:03:29,855 [df850d10-9c85-4972-b407-c0325fc6d584-groupManagement] INFO  server.RaftServerConfigKeys (ConfUtils.java:logGet(46)) - raft.server.threadpool.client.cached = true (default)
2024-01-11 04:03:29,855 [df850d10-9c85-4972-b407-c0325fc6d584-groupManagement] INFO  server.RaftServerConfigKeys (ConfUtils.java:logGet(46)) - raft.server.threadpool.client.size = 0 (default)
2024-01-11 04:03:29,855 [df850d10-9c85-4972-b407-c0325fc6d584-groupManagement] INFO  server.RaftServerConfigKeys (ConfUtils.java:logGet(46)) - raft.server.storage.free-space.min = 0MB (=0) (default)
2024-01-11 04:03:29,855 [df850d10-9c85-4972-b407-c0325fc6d584-groupManagement] INFO  server.RaftServerConfigKeys (ConfUtils.java:logGet(46)) - raft.server.log.corruption.policy = EXCEPTION (default)
2024-01-11 04:03:29,855 [df850d10-9c85-4972-b407-c0325fc6d584-groupManagement] INFO  server.RaftServerConfigKeys (ConfUtils.java:logGet(46)) - raft.server.storage.dir = [/home/runner/work/ozone/ozone/hadoop-ozone/integration-test/target/test-dir/MiniOzoneClusterImpl-8912d24f-c240-4c97-8da2-3552e928269b/datanode-0/data/ratis] (custom)
2024-01-11 04:03:29,856 [df850d10-9c85-4972-b407-c0325fc6d584-groupManagement] INFO  storage.RaftStorageDirectory (RaftStorageDirectoryImpl.java:analyzeStorage(138)) - The storage directory /home/runner/work/ozone/ozone/hadoop-ozone/integration-test/target/test-dir/MiniOzoneClusterImpl-8912d24f-c240-4c97-8da2-3552e928269b/datanode-0/data/ratis/f4a60787-be55-4684-be27-85a4241d4f1d does not exist. Creating ...
2024-01-11 04:03:29,856 [df850d10-9c85-4972-b407-c0325fc6d584-groupManagement] INFO  storage.RaftStorageDirectory (RaftStorageDirectoryImpl.java:tryLock(228)) - Lock on /home/runner/work/ozone/ozone/hadoop-ozone/integration-test/target/test-dir/MiniOzoneClusterImpl-8912d24f-c240-4c97-8da2-3552e928269b/datanode-0/data/ratis/f4a60787-be55-4684-be27-85a4241d4f1d/in_use.lock acquired by nodename 56095@fv-az1458-636
2024-01-11 04:03:29,857 [df850d10-9c85-4972-b407-c0325fc6d584-groupManagement] INFO  storage.RaftStorage (RaftStorageImpl.java:format(99)) - Storage directory /home/runner/work/ozone/ozone/hadoop-ozone/integration-test/target/test-dir/MiniOzoneClusterImpl-8912d24f-c240-4c97-8da2-3552e928269b/datanode-0/data/ratis/f4a60787-be55-4684-be27-85a4241d4f1d has been successfully formatted.
2024-01-11 04:03:29,857 [df850d10-9c85-4972-b407-c0325fc6d584-groupManagement] WARN  util.FileUtils (LogUtils.java:supplyAndLog(63)) - Failed to Files.newInputStream /home/runner/work/ozone/ozone/hadoop-ozone/integration-test/target/test-dir/MiniOzoneClusterImpl-8912d24f-c240-4c97-8da2-3552e928269b/datanode-0/data/ratis/f4a60787-be55-4684-be27-85a4241d4f1d/current/raft-meta.conf with options []: java.nio.file.NoSuchFileException: /home/runner/work/ozone/ozone/hadoop-ozone/integration-test/target/test-dir/MiniOzoneClusterImpl-8912d24f-c240-4c97-8da2-3552e928269b/datanode-0/data/ratis/f4a60787-be55-4684-be27-85a4241d4f1d/current/raft-meta.conf
2024-01-11 04:03:29,857 [df850d10-9c85-4972-b407-c0325fc6d584-groupManagement] INFO  ratis.ContainerStateMachine (ContainerStateMachine.java:loadSnapshot(287)) - group-85A4241D4F1D: The snapshot info is null. Setting the last applied index to:(t:0, i:~)
2024-01-11 04:03:29,858 [df850d10-9c85-4972-b407-c0325fc6d584-groupManagement] INFO  server.RaftServerConfigKeys (ConfUtils.java:logGet(46)) - raft.server.log.use.memory = false (default)
2024-01-11 04:03:29,858 [df850d10-9c85-4972-b407-c0325fc6d584-groupManagement] INFO  server.RaftServerConfigKeys (ConfUtils.java:logGet(46)) - raft.server.log.purge.gap = 1000000 (custom)
2024-01-11 04:03:29,858 [df850d10-9c85-4972-b407-c0325fc6d584-groupManagement] INFO  server.RaftServerConfigKeys (ConfUtils.java:logGet(46)) - raft.server.log.appender.buffer.byte-limit = 8388608 (custom)
2024-01-11 04:03:29,858 [df850d10-9c85-4972-b407-c0325fc6d584-groupManagement] INFO  server.RaftServerConfigKeys (ConfUtils.java:logGet(46)) - raft.server.log.statemachine.data.read.timeout = 1000ms (default)
2024-01-11 04:03:29,858 [df850d10-9c85-4972-b407-c0325fc6d584-groupManagement] INFO  server.RaftServerConfigKeys (ConfUtils.java:logGet(46)) - raft.server.log.purge.preservation.log.num = 0 (default)
2024-01-11 04:03:29,859 [df850d10-9c85-4972-b407-c0325fc6d584-groupManagement] INFO  server.RaftServerConfigKeys (ConfUtils.java:logGet(46)) - raft.server.log.segment.size.max = 67108864 (custom)
2024-01-11 04:03:29,860 [df850d10-9c85-4972-b407-c0325fc6d584-groupManagement] INFO  server.RaftServerConfigKeys (ConfUtils.java:logGet(46)) - raft.server.log.segment.cache.num.max = 2 (custom)
2024-01-11 04:03:29,860 [df850d10-9c85-4972-b407-c0325fc6d584-groupManagement] INFO  server.RaftServerConfigKeys (ConfUtils.java:logGet(46)) - raft.server.log.segment.cache.size.max = 200MB (=209715200) (default)
2024-01-11 04:03:29,860 [df850d10-9c85-4972-b407-c0325fc6d584-groupManagement] INFO  server.RaftServerConfigKeys (ConfUtils.java:logGet(46)) - raft.server.log.appender.buffer.byte-limit = 8388608 (custom)
2024-01-11 04:03:29,859 [EventQueue-OpenPipelineForHealthyPipelineSafeModeRule] INFO  safemode.SCMSafeModeManager (HealthyPipelineSafeModeRule.java:process(140)) - SCM in safe mode. Healthy pipelines reported count is 0, required healthy pipeline reported count is 1
2024-01-11 04:03:29,860 [df850d10-9c85-4972-b407-c0325fc6d584-groupManagement] INFO  util.AwaitToRun (AwaitToRun.java:start(81)) - Thread[df850d10-9c85-4972-b407-c0325fc6d584@group-85A4241D4F1D-cacheEviction-AwaitToRun,5,main] started
2024-01-11 04:03:29,860 [df850d10-9c85-4972-b407-c0325fc6d584-groupManagement] INFO  segmented.SegmentedRaftLogWorker (SegmentedRaftLogWorker.java:<init>(182)) - new df850d10-9c85-4972-b407-c0325fc6d584@group-85A4241D4F1D-SegmentedRaftLogWorker for RaftStorageImpl:Storage Directory /home/runner/work/ozone/ozone/hadoop-ozone/integration-test/target/test-dir/MiniOzoneClusterImpl-8912d24f-c240-4c97-8da2-3552e928269b/datanode-0/data/ratis/f4a60787-be55-4684-be27-85a4241d4f1d
2024-01-11 04:03:29,860 [df850d10-9c85-4972-b407-c0325fc6d584-groupManagement] INFO  server.RaftServerConfigKeys (ConfUtils.java:logGet(46)) - raft.server.log.queue.byte-limit = 4294967296 (custom)
2024-01-11 04:03:29,860 [df850d10-9c85-4972-b407-c0325fc6d584-groupManagement] INFO  server.RaftServerConfigKeys (ConfUtils.java:logGet(46)) - raft.server.log.queue.element-limit = 1024 (custom)
2024-01-11 04:03:29,860 [df850d10-9c85-4972-b407-c0325fc6d584-groupManagement] INFO  server.RaftServerConfigKeys (ConfUtils.java:logGet(46)) - raft.server.log.segment.size.max = 67108864 (custom)
2024-01-11 04:03:29,860 [df850d10-9c85-4972-b407-c0325fc6d584-groupManagement] INFO  server.RaftServerConfigKeys (ConfUtils.java:logGet(46)) - raft.server.log.preallocated.size = 4194304 (custom)
2024-01-11 04:03:29,860 [df850d10-9c85-4972-b407-c0325fc6d584-groupManagement] INFO  server.RaftServerConfigKeys (ConfUtils.java:logGet(46)) - raft.server.log.force.sync.num = 128 (default)
2024-01-11 04:03:29,861 [df850d10-9c85-4972-b407-c0325fc6d584-groupManagement] INFO  server.RaftServerConfigKeys (ConfUtils.java:logGet(46)) - raft.server.log.statemachine.data.sync = true (default)
2024-01-11 04:03:29,861 [df850d10-9c85-4972-b407-c0325fc6d584-groupManagement] INFO  server.RaftServerConfigKeys (ConfUtils.java:logGet(46)) - raft.server.log.statemachine.data.sync.timeout = 10s (default)
2024-01-11 04:03:29,861 [df850d10-9c85-4972-b407-c0325fc6d584-groupManagement] INFO  server.RaftServerConfigKeys (ConfUtils.java:logGet(46)) - raft.server.log.statemachine.data.sync.timeout.retry = 0 (custom)
2024-01-11 04:03:29,861 [df850d10-9c85-4972-b407-c0325fc6d584-groupManagement] INFO  server.RaftServerConfigKeys (ConfUtils.java:logGet(46)) - raft.server.log.write.buffer.size = 8388616 (custom)
2024-01-11 04:03:29,862 [df850d10-9c85-4972-b407-c0325fc6d584-groupManagement] INFO  server.RaftServerConfigKeys (ConfUtils.java:logGet(46)) - raft.server.log.appender.buffer.byte-limit = 8388608 (custom)
2024-01-11 04:03:29,862 [df850d10-9c85-4972-b407-c0325fc6d584-groupManagement] INFO  server.RaftServerConfigKeys (ConfUtils.java:logGet(46)) - raft.server.log.unsafe-flush.enabled = false (default)
2024-01-11 04:03:29,862 [df850d10-9c85-4972-b407-c0325fc6d584-groupManagement] INFO  server.RaftServerConfigKeys (ConfUtils.java:logGet(46)) - raft.server.log.async-flush.enabled = false (default)
2024-01-11 04:03:29,863 [df850d10-9c85-4972-b407-c0325fc6d584-groupManagement] INFO  server.RaftServerConfigKeys (ConfUtils.java:logGet(46)) - raft.server.log.statemachine.data.caching.enabled = true (custom)
2024-01-11 04:03:29,863 [df850d10-9c85-4972-b407-c0325fc6d584-groupManagement] INFO  segmented.SegmentedRaftLogWorker (SegmentedRaftLogWorker.java:lambda$new$0(134)) - df850d10-9c85-4972-b407-c0325fc6d584@group-85A4241D4F1D-SegmentedRaftLogWorker: flushIndex: setUnconditionally 0 -> -1
2024-01-11 04:03:29,863 [df850d10-9c85-4972-b407-c0325fc6d584-groupManagement] INFO  segmented.SegmentedRaftLogWorker (SegmentedRaftLogWorker.java:lambda$new$0(134)) - df850d10-9c85-4972-b407-c0325fc6d584@group-85A4241D4F1D-SegmentedRaftLogWorker: safeCacheEvictIndex: setUnconditionally 0 -> -1
2024-01-11 04:03:29,863 [df850d10-9c85-4972-b407-c0325fc6d584-groupManagement] INFO  server.RaftServer$Division (RaftServerImpl.java:start(396)) - df850d10-9c85-4972-b407-c0325fc6d584@group-85A4241D4F1D: start as a follower, conf=-1: peers:[719c3446-6328-4d08-9922-2d459786fd6c|10.1.0.34:15058, df850d10-9c85-4972-b407-c0325fc6d584|10.1.0.34:15049, 8656a35e-0084-4fca-b387-4ce1151a6fbb|10.1.0.34:15067]|listeners:[], old=null
2024-01-11 04:03:29,863 [df850d10-9c85-4972-b407-c0325fc6d584-groupManagement] INFO  server.RaftServer$Division (RaftServerImpl.java:setRole(383)) - df850d10-9c85-4972-b407-c0325fc6d584@group-85A4241D4F1D: changes role from      null to FOLLOWER at term 0 for startAsFollower
2024-01-11 04:03:29,863 [df850d10-9c85-4972-b407-c0325fc6d584-groupManagement] INFO  impl.RoleInfo (RoleInfo.java:updateAndGet(139)) - df850d10-9c85-4972-b407-c0325fc6d584: start df850d10-9c85-4972-b407-c0325fc6d584@group-85A4241D4F1D-FollowerState
2024-01-11 04:03:29,863 [df850d10-9c85-4972-b407-c0325fc6d584@group-85A4241D4F1D-FollowerState] INFO  server.RaftServerConfigKeys (ConfUtils.java:logFallback(53)) - raft.server.rpc.first-election.timeout.min = 5s (fallback to raft.server.rpc.timeout.min)
2024-01-11 04:03:29,863 [df850d10-9c85-4972-b407-c0325fc6d584-groupManagement] INFO  util.JmxRegister (JmxRegister.java:tryRegister(44)) - Successfully registered JMX Bean with object name Ratis:service=RaftServer,group=group-85A4241D4F1D,id=df850d10-9c85-4972-b407-c0325fc6d584
2024-01-11 04:03:29,863 [df850d10-9c85-4972-b407-c0325fc6d584@group-85A4241D4F1D-FollowerState] INFO  server.RaftServerConfigKeys (ConfUtils.java:logFallback(53)) - raft.server.rpc.first-election.timeout.max = 5200ms (fallback to raft.server.rpc.timeout.max)
2024-01-11 04:03:29,864 [df850d10-9c85-4972-b407-c0325fc6d584-groupManagement] INFO  server.RaftServerConfigKeys (ConfUtils.java:logGet(46)) - raft.server.snapshot.trigger-when-stop.enabled = true (default)
2024-01-11 04:03:29,864 [df850d10-9c85-4972-b407-c0325fc6d584-groupManagement] INFO  server.RaftServerConfigKeys (ConfUtils.java:logGet(46)) - raft.server.snapshot.auto.trigger.enabled = true (custom)
2024-01-11 04:03:29,864 [df850d10-9c85-4972-b407-c0325fc6d584-groupManagement] INFO  server.RaftServerConfigKeys (ConfUtils.java:logGet(46)) - raft.server.snapshot.auto.trigger.threshold = 10000 (custom)
2024-01-11 04:03:29,864 [df850d10-9c85-4972-b407-c0325fc6d584-groupManagement] INFO  server.RaftServerConfigKeys (ConfUtils.java:logGet(46)) - raft.server.snapshot.retention.file.num = 5 (custom)
2024-01-11 04:03:29,864 [df850d10-9c85-4972-b407-c0325fc6d584-groupManagement] INFO  server.RaftServerConfigKeys (ConfUtils.java:logGet(46)) - raft.server.log.purge.upto.snapshot.index = false (default)
2024-01-11 04:03:29,864 [df850d10-9c85-4972-b407-c0325fc6d584-PipelineCommandHandlerThread-0] INFO  ratis.XceiverServerRatis (XceiverServerRatis.java:addGroup(842)) - Created group PipelineID=f4a60787-be55-4684-be27-85a4241d4f1d
2024-01-11 04:03:29,872 [grpc-default-executor-4] INFO  server.RaftServer (RaftServerProxy.java:addNew(100)) - 719c3446-6328-4d08-9922-2d459786fd6c: addNew group-85A4241D4F1D:[719c3446-6328-4d08-9922-2d459786fd6c|10.1.0.34:15058, df850d10-9c85-4972-b407-c0325fc6d584|10.1.0.34:15049, 8656a35e-0084-4fca-b387-4ce1151a6fbb|10.1.0.34:15067] returns group-85A4241D4F1D:java.util.concurrent.CompletableFuture@33bb060c[Not completed]
2024-01-11 04:03:29,873 [719c3446-6328-4d08-9922-2d459786fd6c-groupManagement] INFO  server.RaftServer$Division (RaftServerImpl.java:<init>(256)) - 719c3446-6328-4d08-9922-2d459786fd6c: new RaftServerImpl for group-85A4241D4F1D:[719c3446-6328-4d08-9922-2d459786fd6c|10.1.0.34:15058, df850d10-9c85-4972-b407-c0325fc6d584|10.1.0.34:15049, 8656a35e-0084-4fca-b387-4ce1151a6fbb|10.1.0.34:15067] with ContainerStateMachine:uninitialized
2024-01-11 04:03:29,873 [719c3446-6328-4d08-9922-2d459786fd6c-groupManagement] INFO  server.RaftServerConfigKeys (ConfUtils.java:logGet(46)) - raft.server.rpc.timeout.min = 5s (custom)
2024-01-11 04:03:29,873 [719c3446-6328-4d08-9922-2d459786fd6c-groupManagement] INFO  server.RaftServerConfigKeys (ConfUtils.java:logGet(46)) - raft.server.rpc.timeout.max = 5200ms (custom)
2024-01-11 04:03:29,873 [719c3446-6328-4d08-9922-2d459786fd6c-groupManagement] INFO  server.RaftServerConfigKeys (ConfUtils.java:logGet(46)) - raft.server.rpc.sleep.time = 25ms (default)
2024-01-11 04:03:29,873 [719c3446-6328-4d08-9922-2d459786fd6c-groupManagement] INFO  server.RaftServerConfigKeys (ConfUtils.java:logGet(46)) - raft.server.rpc.slowness.timeout = 300s (custom)
2024-01-11 04:03:29,873 [719c3446-6328-4d08-9922-2d459786fd6c-groupManagement] INFO  server.RaftServerConfigKeys (ConfUtils.java:logGet(46)) - raft.server.leaderelection.leader.step-down.wait-time = 10s (default)
2024-01-11 04:03:29,873 [719c3446-6328-4d08-9922-2d459786fd6c-groupManagement] INFO  server.RaftServerConfigKeys (ConfUtils.java:logGet(46)) - raft.server.leaderelection.member.majority-add = false (default)
2024-01-11 04:03:29,873 [719c3446-6328-4d08-9922-2d459786fd6c-groupManagement] INFO  server.RaftServerConfigKeys (ConfUtils.java:logGet(46)) - raft.server.sleep.deviation.threshold = 300ms (default)
2024-01-11 04:03:29,873 [719c3446-6328-4d08-9922-2d459786fd6c-groupManagement] INFO  server.RaftServer$Division (ServerState.java:<init>(113)) - 719c3446-6328-4d08-9922-2d459786fd6c@group-85A4241D4F1D: ConfigurationManager, init=-1: peers:[719c3446-6328-4d08-9922-2d459786fd6c|10.1.0.34:15058, df850d10-9c85-4972-b407-c0325fc6d584|10.1.0.34:15049, 8656a35e-0084-4fca-b387-4ce1151a6fbb|10.1.0.34:15067]|listeners:[], old=null, confs=<EMPTY_MAP>
2024-01-11 04:03:29,873 [719c3446-6328-4d08-9922-2d459786fd6c-groupManagement] INFO  server.RaftServerConfigKeys (ConfUtils.java:logGet(46)) - raft.server.notification.no-leader.timeout = 300s (custom)
2024-01-11 04:03:29,874 [719c3446-6328-4d08-9922-2d459786fd6c-groupManagement] INFO  server.RaftServerConfigKeys (ConfUtils.java:logGet(46)) - raft.server.read.timeout = 10s (default)
2024-01-11 04:03:29,874 [719c3446-6328-4d08-9922-2d459786fd6c-groupManagement] INFO  server.RaftServerConfigKeys (ConfUtils.java:logGet(46)) - raft.server.retrycache.expirytime = 600000ms (custom)
2024-01-11 04:03:29,874 [719c3446-6328-4d08-9922-2d459786fd6c-groupManagement] INFO  server.RaftServerConfigKeys (ConfUtils.java:logGet(46)) - raft.server.retrycache.statistics.expirytime = 100ms (default)
2024-01-11 04:03:29,874 [719c3446-6328-4d08-9922-2d459786fd6c-groupManagement] INFO  server.RaftServerConfigKeys (ConfUtils.java:logGet(46)) - raft.server.read.option = DEFAULT (default)
2024-01-11 04:03:29,874 [719c3446-6328-4d08-9922-2d459786fd6c-groupManagement] INFO  server.RaftServerConfigKeys (ConfUtils.java:logGet(46)) - raft.server.read.read-after-write-consistent.write-index-cache.expiry-time = 60s (default)
2024-01-11 04:03:29,876 [719c3446-6328-4d08-9922-2d459786fd6c-groupManagement] INFO  server.RaftServerConfigKeys (ConfUtils.java:logGet(46)) - raft.server.rpc.request.timeout = 60s (custom)
2024-01-11 04:03:29,876 [719c3446-6328-4d08-9922-2d459786fd6c-groupManagement] INFO  server.RaftServerConfigKeys (ConfUtils.java:logGet(46)) - raft.server.log.appender.install.snapshot.enabled = false (custom)
2024-01-11 04:03:29,876 [719c3446-6328-4d08-9922-2d459786fd6c-groupManagement] INFO  server.RaftServerConfigKeys (ConfUtils.java:logGet(46)) - raft.server.threadpool.server.cached = true (default)
2024-01-11 04:03:29,876 [719c3446-6328-4d08-9922-2d459786fd6c-groupManagement] INFO  server.RaftServerConfigKeys (ConfUtils.java:logGet(46)) - raft.server.threadpool.server.size = 0 (default)
2024-01-11 04:03:29,876 [719c3446-6328-4d08-9922-2d459786fd6c-groupManagement] INFO  server.RaftServerConfigKeys (ConfUtils.java:logGet(46)) - raft.server.threadpool.client.cached = true (default)
2024-01-11 04:03:29,876 [719c3446-6328-4d08-9922-2d459786fd6c-groupManagement] INFO  server.RaftServerConfigKeys (ConfUtils.java:logGet(46)) - raft.server.threadpool.client.size = 0 (default)
2024-01-11 04:03:29,876 [719c3446-6328-4d08-9922-2d459786fd6c-groupManagement] INFO  server.RaftServerConfigKeys (ConfUtils.java:logGet(46)) - raft.server.storage.free-space.min = 0MB (=0) (default)
2024-01-11 04:03:29,876 [719c3446-6328-4d08-9922-2d459786fd6c-groupManagement] INFO  server.RaftServerConfigKeys (ConfUtils.java:logGet(46)) - raft.server.log.corruption.policy = EXCEPTION (default)
2024-01-11 04:03:29,877 [719c3446-6328-4d08-9922-2d459786fd6c-groupManagement] INFO  server.RaftServerConfigKeys (ConfUtils.java:logGet(46)) - raft.server.storage.dir = [/home/runner/work/ozone/ozone/hadoop-ozone/integration-test/target/test-dir/MiniOzoneClusterImpl-8912d24f-c240-4c97-8da2-3552e928269b/datanode-1/data/ratis] (custom)
2024-01-11 04:03:29,877 [719c3446-6328-4d08-9922-2d459786fd6c-groupManagement] INFO  storage.RaftStorageDirectory (RaftStorageDirectoryImpl.java:analyzeStorage(138)) - The storage directory /home/runner/work/ozone/ozone/hadoop-ozone/integration-test/target/test-dir/MiniOzoneClusterImpl-8912d24f-c240-4c97-8da2-3552e928269b/datanode-1/data/ratis/f4a60787-be55-4684-be27-85a4241d4f1d does not exist. Creating ...
2024-01-11 04:03:29,878 [719c3446-6328-4d08-9922-2d459786fd6c-groupManagement] INFO  storage.RaftStorageDirectory (RaftStorageDirectoryImpl.java:tryLock(228)) - Lock on /home/runner/work/ozone/ozone/hadoop-ozone/integration-test/target/test-dir/MiniOzoneClusterImpl-8912d24f-c240-4c97-8da2-3552e928269b/datanode-1/data/ratis/f4a60787-be55-4684-be27-85a4241d4f1d/in_use.lock acquired by nodename 56095@fv-az1458-636
2024-01-11 04:03:29,879 [719c3446-6328-4d08-9922-2d459786fd6c-groupManagement] INFO  storage.RaftStorage (RaftStorageImpl.java:format(99)) - Storage directory /home/runner/work/ozone/ozone/hadoop-ozone/integration-test/target/test-dir/MiniOzoneClusterImpl-8912d24f-c240-4c97-8da2-3552e928269b/datanode-1/data/ratis/f4a60787-be55-4684-be27-85a4241d4f1d has been successfully formatted.
2024-01-11 04:03:29,879 [719c3446-6328-4d08-9922-2d459786fd6c-groupManagement] WARN  util.FileUtils (LogUtils.java:supplyAndLog(63)) - Failed to Files.newInputStream /home/runner/work/ozone/ozone/hadoop-ozone/integration-test/target/test-dir/MiniOzoneClusterImpl-8912d24f-c240-4c97-8da2-3552e928269b/datanode-1/data/ratis/f4a60787-be55-4684-be27-85a4241d4f1d/current/raft-meta.conf with options []: java.nio.file.NoSuchFileException: /home/runner/work/ozone/ozone/hadoop-ozone/integration-test/target/test-dir/MiniOzoneClusterImpl-8912d24f-c240-4c97-8da2-3552e928269b/datanode-1/data/ratis/f4a60787-be55-4684-be27-85a4241d4f1d/current/raft-meta.conf
2024-01-11 04:03:29,879 [719c3446-6328-4d08-9922-2d459786fd6c-groupManagement] INFO  ratis.ContainerStateMachine (ContainerStateMachine.java:loadSnapshot(287)) - group-85A4241D4F1D: The snapshot info is null. Setting the last applied index to:(t:0, i:~)
2024-01-11 04:03:29,879 [719c3446-6328-4d08-9922-2d459786fd6c-groupManagement] INFO  server.RaftServerConfigKeys (ConfUtils.java:logGet(46)) - raft.server.log.use.memory = false (default)
2024-01-11 04:03:29,880 [719c3446-6328-4d08-9922-2d459786fd6c-groupManagement] INFO  server.RaftServerConfigKeys (ConfUtils.java:logGet(46)) - raft.server.log.purge.gap = 1000000 (custom)
2024-01-11 04:03:29,880 [719c3446-6328-4d08-9922-2d459786fd6c-groupManagement] INFO  server.RaftServerConfigKeys (ConfUtils.java:logGet(46)) - raft.server.log.appender.buffer.byte-limit = 8388608 (custom)
2024-01-11 04:03:29,880 [719c3446-6328-4d08-9922-2d459786fd6c-groupManagement] INFO  server.RaftServerConfigKeys (ConfUtils.java:logGet(46)) - raft.server.log.statemachine.data.read.timeout = 1000ms (default)
2024-01-11 04:03:29,880 [719c3446-6328-4d08-9922-2d459786fd6c-groupManagement] INFO  server.RaftServerConfigKeys (ConfUtils.java:logGet(46)) - raft.server.log.purge.preservation.log.num = 0 (default)
2024-01-11 04:03:29,882 [719c3446-6328-4d08-9922-2d459786fd6c-groupManagement] INFO  server.RaftServerConfigKeys (ConfUtils.java:logGet(46)) - raft.server.log.segment.size.max = 67108864 (custom)
2024-01-11 04:03:29,882 [719c3446-6328-4d08-9922-2d459786fd6c-groupManagement] INFO  server.RaftServerConfigKeys (ConfUtils.java:logGet(46)) - raft.server.log.segment.cache.num.max = 2 (custom)
2024-01-11 04:03:29,882 [719c3446-6328-4d08-9922-2d459786fd6c-groupManagement] INFO  server.RaftServerConfigKeys (ConfUtils.java:logGet(46)) - raft.server.log.segment.cache.size.max = 200MB (=209715200) (default)
2024-01-11 04:03:29,882 [719c3446-6328-4d08-9922-2d459786fd6c-groupManagement] INFO  server.RaftServerConfigKeys (ConfUtils.java:logGet(46)) - raft.server.log.appender.buffer.byte-limit = 8388608 (custom)
2024-01-11 04:03:29,883 [719c3446-6328-4d08-9922-2d459786fd6c-groupManagement] INFO  util.AwaitToRun (AwaitToRun.java:start(81)) - Thread[719c3446-6328-4d08-9922-2d459786fd6c@group-85A4241D4F1D-cacheEviction-AwaitToRun,5,main] started
2024-01-11 04:03:29,883 [719c3446-6328-4d08-9922-2d459786fd6c-groupManagement] INFO  segmented.SegmentedRaftLogWorker (SegmentedRaftLogWorker.java:<init>(182)) - new 719c3446-6328-4d08-9922-2d459786fd6c@group-85A4241D4F1D-SegmentedRaftLogWorker for RaftStorageImpl:Storage Directory /home/runner/work/ozone/ozone/hadoop-ozone/integration-test/target/test-dir/MiniOzoneClusterImpl-8912d24f-c240-4c97-8da2-3552e928269b/datanode-1/data/ratis/f4a60787-be55-4684-be27-85a4241d4f1d
2024-01-11 04:03:29,883 [719c3446-6328-4d08-9922-2d459786fd6c-groupManagement] INFO  server.RaftServerConfigKeys (ConfUtils.java:logGet(46)) - raft.server.log.queue.byte-limit = 4294967296 (custom)
2024-01-11 04:03:29,883 [719c3446-6328-4d08-9922-2d459786fd6c-groupManagement] INFO  server.RaftServerConfigKeys (ConfUtils.java:logGet(46)) - raft.server.log.queue.element-limit = 1024 (custom)
2024-01-11 04:03:29,883 [719c3446-6328-4d08-9922-2d459786fd6c-groupManagement] INFO  server.RaftServerConfigKeys (ConfUtils.java:logGet(46)) - raft.server.log.segment.size.max = 67108864 (custom)
2024-01-11 04:03:29,883 [719c3446-6328-4d08-9922-2d459786fd6c-groupManagement] INFO  server.RaftServerConfigKeys (ConfUtils.java:logGet(46)) - raft.server.log.preallocated.size = 4194304 (custom)
2024-01-11 04:03:29,883 [719c3446-6328-4d08-9922-2d459786fd6c-groupManagement] INFO  server.RaftServerConfigKeys (ConfUtils.java:logGet(46)) - raft.server.log.force.sync.num = 128 (default)
2024-01-11 04:03:29,883 [719c3446-6328-4d08-9922-2d459786fd6c-groupManagement] INFO  server.RaftServerConfigKeys (ConfUtils.java:logGet(46)) - raft.server.log.statemachine.data.sync = true (default)
2024-01-11 04:03:29,883 [719c3446-6328-4d08-9922-2d459786fd6c-groupManagement] INFO  server.RaftServerConfigKeys (ConfUtils.java:logGet(46)) - raft.server.log.statemachine.data.sync.timeout = 10s (default)
2024-01-11 04:03:29,884 [719c3446-6328-4d08-9922-2d459786fd6c-groupManagement] INFO  server.RaftServerConfigKeys (ConfUtils.java:logGet(46)) - raft.server.log.statemachine.data.sync.timeout.retry = 0 (custom)
2024-01-11 04:03:29,884 [719c3446-6328-4d08-9922-2d459786fd6c-groupManagement] INFO  server.RaftServerConfigKeys (ConfUtils.java:logGet(46)) - raft.server.log.write.buffer.size = 8388616 (custom)
2024-01-11 04:03:29,886 [719c3446-6328-4d08-9922-2d459786fd6c-groupManagement] INFO  server.RaftServerConfigKeys (ConfUtils.java:logGet(46)) - raft.server.log.appender.buffer.byte-limit = 8388608 (custom)
2024-01-11 04:03:29,886 [719c3446-6328-4d08-9922-2d459786fd6c-groupManagement] INFO  server.RaftServerConfigKeys (ConfUtils.java:logGet(46)) - raft.server.log.unsafe-flush.enabled = false (default)
2024-01-11 04:03:29,886 [719c3446-6328-4d08-9922-2d459786fd6c-groupManagement] INFO  server.RaftServerConfigKeys (ConfUtils.java:logGet(46)) - raft.server.log.async-flush.enabled = false (default)
2024-01-11 04:03:29,886 [719c3446-6328-4d08-9922-2d459786fd6c-groupManagement] INFO  server.RaftServerConfigKeys (ConfUtils.java:logGet(46)) - raft.server.log.statemachine.data.caching.enabled = true (custom)
2024-01-11 04:03:29,887 [719c3446-6328-4d08-9922-2d459786fd6c-groupManagement] INFO  segmented.SegmentedRaftLogWorker (SegmentedRaftLogWorker.java:lambda$new$0(134)) - 719c3446-6328-4d08-9922-2d459786fd6c@group-85A4241D4F1D-SegmentedRaftLogWorker: flushIndex: setUnconditionally 0 -> -1
2024-01-11 04:03:29,887 [719c3446-6328-4d08-9922-2d459786fd6c-groupManagement] INFO  segmented.SegmentedRaftLogWorker (SegmentedRaftLogWorker.java:lambda$new$0(134)) - 719c3446-6328-4d08-9922-2d459786fd6c@group-85A4241D4F1D-SegmentedRaftLogWorker: safeCacheEvictIndex: setUnconditionally 0 -> -1
2024-01-11 04:03:29,887 [719c3446-6328-4d08-9922-2d459786fd6c-groupManagement] INFO  server.RaftServer$Division (RaftServerImpl.java:start(396)) - 719c3446-6328-4d08-9922-2d459786fd6c@group-85A4241D4F1D: start as a follower, conf=-1: peers:[719c3446-6328-4d08-9922-2d459786fd6c|10.1.0.34:15058, df850d10-9c85-4972-b407-c0325fc6d584|10.1.0.34:15049, 8656a35e-0084-4fca-b387-4ce1151a6fbb|10.1.0.34:15067]|listeners:[], old=null
2024-01-11 04:03:29,887 [719c3446-6328-4d08-9922-2d459786fd6c-groupManagement] INFO  server.RaftServer$Division (RaftServerImpl.java:setRole(383)) - 719c3446-6328-4d08-9922-2d459786fd6c@group-85A4241D4F1D: changes role from      null to FOLLOWER at term 0 for startAsFollower
2024-01-11 04:03:29,887 [719c3446-6328-4d08-9922-2d459786fd6c-groupManagement] INFO  impl.RoleInfo (RoleInfo.java:updateAndGet(139)) - 719c3446-6328-4d08-9922-2d459786fd6c: start 719c3446-6328-4d08-9922-2d459786fd6c@group-85A4241D4F1D-FollowerState
2024-01-11 04:03:29,887 [719c3446-6328-4d08-9922-2d459786fd6c@group-85A4241D4F1D-FollowerState] INFO  server.RaftServerConfigKeys (ConfUtils.java:logFallback(53)) - raft.server.rpc.first-election.timeout.min = 5s (fallback to raft.server.rpc.timeout.min)
2024-01-11 04:03:29,887 [719c3446-6328-4d08-9922-2d459786fd6c-groupManagement] INFO  util.JmxRegister (JmxRegister.java:tryRegister(44)) - Successfully registered JMX Bean with object name Ratis:service=RaftServer,group=group-85A4241D4F1D,id=719c3446-6328-4d08-9922-2d459786fd6c
2024-01-11 04:03:29,888 [719c3446-6328-4d08-9922-2d459786fd6c@group-85A4241D4F1D-FollowerState] INFO  server.RaftServerConfigKeys (ConfUtils.java:logFallback(53)) - raft.server.rpc.first-election.timeout.max = 5200ms (fallback to raft.server.rpc.timeout.max)
2024-01-11 04:03:29,888 [719c3446-6328-4d08-9922-2d459786fd6c-groupManagement] INFO  server.RaftServerConfigKeys (ConfUtils.java:logGet(46)) - raft.server.snapshot.trigger-when-stop.enabled = true (default)
2024-01-11 04:03:29,888 [719c3446-6328-4d08-9922-2d459786fd6c-groupManagement] INFO  server.RaftServerConfigKeys (ConfUtils.java:logGet(46)) - raft.server.snapshot.auto.trigger.enabled = true (custom)
2024-01-11 04:03:29,888 [719c3446-6328-4d08-9922-2d459786fd6c-groupManagement] INFO  server.RaftServerConfigKeys (ConfUtils.java:logGet(46)) - raft.server.snapshot.auto.trigger.threshold = 10000 (custom)
2024-01-11 04:03:29,888 [719c3446-6328-4d08-9922-2d459786fd6c-groupManagement] INFO  server.RaftServerConfigKeys (ConfUtils.java:logGet(46)) - raft.server.snapshot.retention.file.num = 5 (custom)
2024-01-11 04:03:29,888 [719c3446-6328-4d08-9922-2d459786fd6c-groupManagement] INFO  server.RaftServerConfigKeys (ConfUtils.java:logGet(46)) - raft.server.log.purge.upto.snapshot.index = false (default)
2024-01-11 04:03:29,916 [grpc-default-executor-4] INFO  server.RaftServer (RaftServerProxy.java:addNew(100)) - 8656a35e-0084-4fca-b387-4ce1151a6fbb: addNew group-85A4241D4F1D:[719c3446-6328-4d08-9922-2d459786fd6c|10.1.0.34:15058, df850d10-9c85-4972-b407-c0325fc6d584|10.1.0.34:15049, 8656a35e-0084-4fca-b387-4ce1151a6fbb|10.1.0.34:15067] returns group-85A4241D4F1D:java.util.concurrent.CompletableFuture@427b48dd[Not completed]
2024-01-11 04:03:29,916 [8656a35e-0084-4fca-b387-4ce1151a6fbb-groupManagement] INFO  server.RaftServer$Division (RaftServerImpl.java:<init>(256)) - 8656a35e-0084-4fca-b387-4ce1151a6fbb: new RaftServerImpl for group-85A4241D4F1D:[719c3446-6328-4d08-9922-2d459786fd6c|10.1.0.34:15058, df850d10-9c85-4972-b407-c0325fc6d584|10.1.0.34:15049, 8656a35e-0084-4fca-b387-4ce1151a6fbb|10.1.0.34:15067] with ContainerStateMachine:uninitialized
2024-01-11 04:03:29,917 [8656a35e-0084-4fca-b387-4ce1151a6fbb-groupManagement] INFO  server.RaftServerConfigKeys (ConfUtils.java:logGet(46)) - raft.server.rpc.timeout.min = 5s (custom)
2024-01-11 04:03:29,917 [8656a35e-0084-4fca-b387-4ce1151a6fbb-groupManagement] INFO  server.RaftServerConfigKeys (ConfUtils.java:logGet(46)) - raft.server.rpc.timeout.max = 5200ms (custom)
2024-01-11 04:03:29,917 [8656a35e-0084-4fca-b387-4ce1151a6fbb-groupManagement] INFO  server.RaftServerConfigKeys (ConfUtils.java:logGet(46)) - raft.server.rpc.sleep.time = 25ms (default)
2024-01-11 04:03:29,918 [8656a35e-0084-4fca-b387-4ce1151a6fbb-groupManagement] INFO  server.RaftServerConfigKeys (ConfUtils.java:logGet(46)) - raft.server.rpc.slowness.timeout = 300s (custom)
2024-01-11 04:03:29,918 [8656a35e-0084-4fca-b387-4ce1151a6fbb-groupManagement] INFO  server.RaftServerConfigKeys (ConfUtils.java:logGet(46)) - raft.server.leaderelection.leader.step-down.wait-time = 10s (default)
2024-01-11 04:03:29,918 [8656a35e-0084-4fca-b387-4ce1151a6fbb-groupManagement] INFO  server.RaftServerConfigKeys (ConfUtils.java:logGet(46)) - raft.server.leaderelection.member.majority-add = false (default)
2024-01-11 04:03:29,918 [8656a35e-0084-4fca-b387-4ce1151a6fbb-groupManagement] INFO  server.RaftServerConfigKeys (ConfUtils.java:logGet(46)) - raft.server.sleep.deviation.threshold = 300ms (default)
2024-01-11 04:03:29,918 [8656a35e-0084-4fca-b387-4ce1151a6fbb-groupManagement] INFO  server.RaftServer$Division (ServerState.java:<init>(113)) - 8656a35e-0084-4fca-b387-4ce1151a6fbb@group-85A4241D4F1D: ConfigurationManager, init=-1: peers:[719c3446-6328-4d08-9922-2d459786fd6c|10.1.0.34:15058, df850d10-9c85-4972-b407-c0325fc6d584|10.1.0.34:15049, 8656a35e-0084-4fca-b387-4ce1151a6fbb|10.1.0.34:15067]|listeners:[], old=null, confs=<EMPTY_MAP>
2024-01-11 04:03:29,918 [8656a35e-0084-4fca-b387-4ce1151a6fbb-groupManagement] INFO  server.RaftServerConfigKeys (ConfUtils.java:logGet(46)) - raft.server.notification.no-leader.timeout = 300s (custom)
2024-01-11 04:03:29,918 [8656a35e-0084-4fca-b387-4ce1151a6fbb-groupManagement] INFO  server.RaftServerConfigKeys (ConfUtils.java:logGet(46)) - raft.server.read.timeout = 10s (default)
2024-01-11 04:03:29,918 [8656a35e-0084-4fca-b387-4ce1151a6fbb-groupManagement] INFO  server.RaftServerConfigKeys (ConfUtils.java:logGet(46)) - raft.server.retrycache.expirytime = 600000ms (custom)
2024-01-11 04:03:29,918 [8656a35e-0084-4fca-b387-4ce1151a6fbb-groupManagement] INFO  server.RaftServerConfigKeys (ConfUtils.java:logGet(46)) - raft.server.retrycache.statistics.expirytime = 100ms (default)
2024-01-11 04:03:29,918 [8656a35e-0084-4fca-b387-4ce1151a6fbb-groupManagement] INFO  server.RaftServerConfigKeys (ConfUtils.java:logGet(46)) - raft.server.read.option = DEFAULT (default)
2024-01-11 04:03:29,918 [8656a35e-0084-4fca-b387-4ce1151a6fbb-groupManagement] INFO  server.RaftServerConfigKeys (ConfUtils.java:logGet(46)) - raft.server.read.read-after-write-consistent.write-index-cache.expiry-time = 60s (default)
2024-01-11 04:03:29,920 [8656a35e-0084-4fca-b387-4ce1151a6fbb-groupManagement] INFO  server.RaftServerConfigKeys (ConfUtils.java:logGet(46)) - raft.server.rpc.request.timeout = 60s (custom)
2024-01-11 04:03:29,920 [8656a35e-0084-4fca-b387-4ce1151a6fbb-groupManagement] INFO  server.RaftServerConfigKeys (ConfUtils.java:logGet(46)) - raft.server.log.appender.install.snapshot.enabled = false (custom)
2024-01-11 04:03:29,920 [8656a35e-0084-4fca-b387-4ce1151a6fbb-groupManagement] INFO  server.RaftServerConfigKeys (ConfUtils.java:logGet(46)) - raft.server.threadpool.server.cached = true (default)
2024-01-11 04:03:29,920 [8656a35e-0084-4fca-b387-4ce1151a6fbb-groupManagement] INFO  server.RaftServerConfigKeys (ConfUtils.java:logGet(46)) - raft.server.threadpool.server.size = 0 (default)
2024-01-11 04:03:29,920 [8656a35e-0084-4fca-b387-4ce1151a6fbb-groupManagement] INFO  server.RaftServerConfigKeys (ConfUtils.java:logGet(46)) - raft.server.threadpool.client.cached = true (default)
2024-01-11 04:03:29,920 [8656a35e-0084-4fca-b387-4ce1151a6fbb-groupManagement] INFO  server.RaftServerConfigKeys (ConfUtils.java:logGet(46)) - raft.server.threadpool.client.size = 0 (default)
2024-01-11 04:03:29,921 [8656a35e-0084-4fca-b387-4ce1151a6fbb-groupManagement] INFO  server.RaftServerConfigKeys (ConfUtils.java:logGet(46)) - raft.server.storage.free-space.min = 0MB (=0) (default)
2024-01-11 04:03:29,921 [8656a35e-0084-4fca-b387-4ce1151a6fbb-groupManagement] INFO  server.RaftServerConfigKeys (ConfUtils.java:logGet(46)) - raft.server.log.corruption.policy = EXCEPTION (default)
2024-01-11 04:03:29,921 [8656a35e-0084-4fca-b387-4ce1151a6fbb-groupManagement] INFO  server.RaftServerConfigKeys (ConfUtils.java:logGet(46)) - raft.server.storage.dir = [/home/runner/work/ozone/ozone/hadoop-ozone/integration-test/target/test-dir/MiniOzoneClusterImpl-8912d24f-c240-4c97-8da2-3552e928269b/datanode-2/data/ratis] (custom)
2024-01-11 04:03:29,921 [8656a35e-0084-4fca-b387-4ce1151a6fbb-groupManagement] INFO  storage.RaftStorageDirectory (RaftStorageDirectoryImpl.java:analyzeStorage(138)) - The storage directory /home/runner/work/ozone/ozone/hadoop-ozone/integration-test/target/test-dir/MiniOzoneClusterImpl-8912d24f-c240-4c97-8da2-3552e928269b/datanode-2/data/ratis/f4a60787-be55-4684-be27-85a4241d4f1d does not exist. Creating ...
2024-01-11 04:03:29,922 [8656a35e-0084-4fca-b387-4ce1151a6fbb-groupManagement] INFO  storage.RaftStorageDirectory (RaftStorageDirectoryImpl.java:tryLock(228)) - Lock on /home/runner/work/ozone/ozone/hadoop-ozone/integration-test/target/test-dir/MiniOzoneClusterImpl-8912d24f-c240-4c97-8da2-3552e928269b/datanode-2/data/ratis/f4a60787-be55-4684-be27-85a4241d4f1d/in_use.lock acquired by nodename 56095@fv-az1458-636
2024-01-11 04:03:29,923 [8656a35e-0084-4fca-b387-4ce1151a6fbb-groupManagement] INFO  storage.RaftStorage (RaftStorageImpl.java:format(99)) - Storage directory /home/runner/work/ozone/ozone/hadoop-ozone/integration-test/target/test-dir/MiniOzoneClusterImpl-8912d24f-c240-4c97-8da2-3552e928269b/datanode-2/data/ratis/f4a60787-be55-4684-be27-85a4241d4f1d has been successfully formatted.
2024-01-11 04:03:29,924 [8656a35e-0084-4fca-b387-4ce1151a6fbb-groupManagement] WARN  util.FileUtils (LogUtils.java:supplyAndLog(63)) - Failed to Files.newInputStream /home/runner/work/ozone/ozone/hadoop-ozone/integration-test/target/test-dir/MiniOzoneClusterImpl-8912d24f-c240-4c97-8da2-3552e928269b/datanode-2/data/ratis/f4a60787-be55-4684-be27-85a4241d4f1d/current/raft-meta.conf with options []: java.nio.file.NoSuchFileException: /home/runner/work/ozone/ozone/hadoop-ozone/integration-test/target/test-dir/MiniOzoneClusterImpl-8912d24f-c240-4c97-8da2-3552e928269b/datanode-2/data/ratis/f4a60787-be55-4684-be27-85a4241d4f1d/current/raft-meta.conf
2024-01-11 04:03:29,924 [8656a35e-0084-4fca-b387-4ce1151a6fbb-groupManagement] INFO  ratis.ContainerStateMachine (ContainerStateMachine.java:loadSnapshot(287)) - group-85A4241D4F1D: The snapshot info is null. Setting the last applied index to:(t:0, i:~)
2024-01-11 04:03:29,925 [8656a35e-0084-4fca-b387-4ce1151a6fbb-groupManagement] INFO  server.RaftServerConfigKeys (ConfUtils.java:logGet(46)) - raft.server.log.use.memory = false (default)
2024-01-11 04:03:29,925 [8656a35e-0084-4fca-b387-4ce1151a6fbb-groupManagement] INFO  server.RaftServerConfigKeys (ConfUtils.java:logGet(46)) - raft.server.log.purge.gap = 1000000 (custom)
2024-01-11 04:03:29,925 [8656a35e-0084-4fca-b387-4ce1151a6fbb-groupManagement] INFO  server.RaftServerConfigKeys (ConfUtils.java:logGet(46)) - raft.server.log.appender.buffer.byte-limit = 8388608 (custom)
2024-01-11 04:03:29,925 [8656a35e-0084-4fca-b387-4ce1151a6fbb-groupManagement] INFO  server.RaftServerConfigKeys (ConfUtils.java:logGet(46)) - raft.server.log.statemachine.data.read.timeout = 1000ms (default)
2024-01-11 04:03:29,925 [8656a35e-0084-4fca-b387-4ce1151a6fbb-groupManagement] INFO  server.RaftServerConfigKeys (ConfUtils.java:logGet(46)) - raft.server.log.purge.preservation.log.num = 0 (default)
2024-01-11 04:03:29,927 [8656a35e-0084-4fca-b387-4ce1151a6fbb-groupManagement] INFO  server.RaftServerConfigKeys (ConfUtils.java:logGet(46)) - raft.server.log.segment.size.max = 67108864 (custom)
2024-01-11 04:03:29,928 [8656a35e-0084-4fca-b387-4ce1151a6fbb-groupManagement] INFO  server.RaftServerConfigKeys (ConfUtils.java:logGet(46)) - raft.server.log.segment.cache.num.max = 2 (custom)
2024-01-11 04:03:29,928 [8656a35e-0084-4fca-b387-4ce1151a6fbb-groupManagement] INFO  server.RaftServerConfigKeys (ConfUtils.java:logGet(46)) - raft.server.log.segment.cache.size.max = 200MB (=209715200) (default)
2024-01-11 04:03:29,928 [8656a35e-0084-4fca-b387-4ce1151a6fbb-groupManagement] INFO  server.RaftServerConfigKeys (ConfUtils.java:logGet(46)) - raft.server.log.appender.buffer.byte-limit = 8388608 (custom)
2024-01-11 04:03:29,928 [8656a35e-0084-4fca-b387-4ce1151a6fbb-groupManagement] INFO  util.AwaitToRun (AwaitToRun.java:start(81)) - Thread[8656a35e-0084-4fca-b387-4ce1151a6fbb@group-85A4241D4F1D-cacheEviction-AwaitToRun,5,main] started
2024-01-11 04:03:29,928 [8656a35e-0084-4fca-b387-4ce1151a6fbb-groupManagement] INFO  segmented.SegmentedRaftLogWorker (SegmentedRaftLogWorker.java:<init>(182)) - new 8656a35e-0084-4fca-b387-4ce1151a6fbb@group-85A4241D4F1D-SegmentedRaftLogWorker for RaftStorageImpl:Storage Directory /home/runner/work/ozone/ozone/hadoop-ozone/integration-test/target/test-dir/MiniOzoneClusterImpl-8912d24f-c240-4c97-8da2-3552e928269b/datanode-2/data/ratis/f4a60787-be55-4684-be27-85a4241d4f1d
2024-01-11 04:03:29,928 [8656a35e-0084-4fca-b387-4ce1151a6fbb-groupManagement] INFO  server.RaftServerConfigKeys (ConfUtils.java:logGet(46)) - raft.server.log.queue.byte-limit = 4294967296 (custom)
2024-01-11 04:03:29,928 [8656a35e-0084-4fca-b387-4ce1151a6fbb-groupManagement] INFO  server.RaftServerConfigKeys (ConfUtils.java:logGet(46)) - raft.server.log.queue.element-limit = 1024 (custom)
2024-01-11 04:03:29,928 [8656a35e-0084-4fca-b387-4ce1151a6fbb-groupManagement] INFO  server.RaftServerConfigKeys (ConfUtils.java:logGet(46)) - raft.server.log.segment.size.max = 67108864 (custom)
2024-01-11 04:03:29,928 [8656a35e-0084-4fca-b387-4ce1151a6fbb-groupManagement] INFO  server.RaftServerConfigKeys (ConfUtils.java:logGet(46)) - raft.server.log.preallocated.size = 4194304 (custom)
2024-01-11 04:03:29,928 [8656a35e-0084-4fca-b387-4ce1151a6fbb-groupManagement] INFO  server.RaftServerConfigKeys (ConfUtils.java:logGet(46)) - raft.server.log.force.sync.num = 128 (default)
2024-01-11 04:03:29,928 [8656a35e-0084-4fca-b387-4ce1151a6fbb-groupManagement] INFO  server.RaftServerConfigKeys (ConfUtils.java:logGet(46)) - raft.server.log.statemachine.data.sync = true (default)
2024-01-11 04:03:29,928 [8656a35e-0084-4fca-b387-4ce1151a6fbb-groupManagement] INFO  server.RaftServerConfigKeys (ConfUtils.java:logGet(46)) - raft.server.log.statemachine.data.sync.timeout = 10s (default)
2024-01-11 04:03:29,928 [8656a35e-0084-4fca-b387-4ce1151a6fbb-groupManagement] INFO  server.RaftServerConfigKeys (ConfUtils.java:logGet(46)) - raft.server.log.statemachine.data.sync.timeout.retry = 0 (custom)
2024-01-11 04:03:29,929 [8656a35e-0084-4fca-b387-4ce1151a6fbb-groupManagement] INFO  server.RaftServerConfigKeys (ConfUtils.java:logGet(46)) - raft.server.log.write.buffer.size = 8388616 (custom)
2024-01-11 04:03:29,931 [8656a35e-0084-4fca-b387-4ce1151a6fbb-groupManagement] INFO  server.RaftServerConfigKeys (ConfUtils.java:logGet(46)) - raft.server.log.appender.buffer.byte-limit = 8388608 (custom)
2024-01-11 04:03:29,931 [8656a35e-0084-4fca-b387-4ce1151a6fbb-groupManagement] INFO  server.RaftServerConfigKeys (ConfUtils.java:logGet(46)) - raft.server.log.unsafe-flush.enabled = false (default)
2024-01-11 04:03:29,931 [8656a35e-0084-4fca-b387-4ce1151a6fbb-groupManagement] INFO  server.RaftServerConfigKeys (ConfUtils.java:logGet(46)) - raft.server.log.async-flush.enabled = false (default)
2024-01-11 04:03:29,931 [8656a35e-0084-4fca-b387-4ce1151a6fbb-groupManagement] INFO  server.RaftServerConfigKeys (ConfUtils.java:logGet(46)) - raft.server.log.statemachine.data.caching.enabled = true (custom)
2024-01-11 04:03:29,931 [8656a35e-0084-4fca-b387-4ce1151a6fbb-groupManagement] INFO  segmented.SegmentedRaftLogWorker (SegmentedRaftLogWorker.java:lambda$new$0(134)) - 8656a35e-0084-4fca-b387-4ce1151a6fbb@group-85A4241D4F1D-SegmentedRaftLogWorker: flushIndex: setUnconditionally 0 -> -1
2024-01-11 04:03:29,931 [8656a35e-0084-4fca-b387-4ce1151a6fbb-groupManagement] INFO  segmented.SegmentedRaftLogWorker (SegmentedRaftLogWorker.java:lambda$new$0(134)) - 8656a35e-0084-4fca-b387-4ce1151a6fbb@group-85A4241D4F1D-SegmentedRaftLogWorker: safeCacheEvictIndex: setUnconditionally 0 -> -1
2024-01-11 04:03:29,932 [8656a35e-0084-4fca-b387-4ce1151a6fbb-groupManagement] INFO  server.RaftServer$Division (RaftServerImpl.java:start(396)) - 8656a35e-0084-4fca-b387-4ce1151a6fbb@group-85A4241D4F1D: start as a follower, conf=-1: peers:[719c3446-6328-4d08-9922-2d459786fd6c|10.1.0.34:15058, df850d10-9c85-4972-b407-c0325fc6d584|10.1.0.34:15049, 8656a35e-0084-4fca-b387-4ce1151a6fbb|10.1.0.34:15067]|listeners:[], old=null
2024-01-11 04:03:29,933 [8656a35e-0084-4fca-b387-4ce1151a6fbb-groupManagement] INFO  server.RaftServer$Division (RaftServerImpl.java:setRole(383)) - 8656a35e-0084-4fca-b387-4ce1151a6fbb@group-85A4241D4F1D: changes role from      null to FOLLOWER at term 0 for startAsFollower
2024-01-11 04:03:29,933 [8656a35e-0084-4fca-b387-4ce1151a6fbb-groupManagement] INFO  impl.RoleInfo (RoleInfo.java:updateAndGet(139)) - 8656a35e-0084-4fca-b387-4ce1151a6fbb: start 8656a35e-0084-4fca-b387-4ce1151a6fbb@group-85A4241D4F1D-FollowerState
2024-01-11 04:03:29,934 [8656a35e-0084-4fca-b387-4ce1151a6fbb@group-85A4241D4F1D-FollowerState] INFO  server.RaftServerConfigKeys (ConfUtils.java:logFallback(53)) - raft.server.rpc.first-election.timeout.min = 5s (fallback to raft.server.rpc.timeout.min)
2024-01-11 04:03:29,934 [8656a35e-0084-4fca-b387-4ce1151a6fbb-groupManagement] INFO  util.JmxRegister (JmxRegister.java:tryRegister(44)) - Successfully registered JMX Bean with object name Ratis:service=RaftServer,group=group-85A4241D4F1D,id=8656a35e-0084-4fca-b387-4ce1151a6fbb
2024-01-11 04:03:29,934 [8656a35e-0084-4fca-b387-4ce1151a6fbb@group-85A4241D4F1D-FollowerState] INFO  server.RaftServerConfigKeys (ConfUtils.java:logFallback(53)) - raft.server.rpc.first-election.timeout.max = 5200ms (fallback to raft.server.rpc.timeout.max)
2024-01-11 04:03:29,934 [8656a35e-0084-4fca-b387-4ce1151a6fbb-groupManagement] INFO  server.RaftServerConfigKeys (ConfUtils.java:logGet(46)) - raft.server.snapshot.trigger-when-stop.enabled = true (default)
2024-01-11 04:03:29,934 [8656a35e-0084-4fca-b387-4ce1151a6fbb-groupManagement] INFO  server.RaftServerConfigKeys (ConfUtils.java:logGet(46)) - raft.server.snapshot.auto.trigger.enabled = true (custom)
2024-01-11 04:03:29,934 [8656a35e-0084-4fca-b387-4ce1151a6fbb-groupManagement] INFO  server.RaftServerConfigKeys (ConfUtils.java:logGet(46)) - raft.server.snapshot.auto.trigger.threshold = 10000 (custom)
2024-01-11 04:03:29,934 [8656a35e-0084-4fca-b387-4ce1151a6fbb-groupManagement] INFO  server.RaftServerConfigKeys (ConfUtils.java:logGet(46)) - raft.server.snapshot.retention.file.num = 5 (custom)
2024-01-11 04:03:29,934 [8656a35e-0084-4fca-b387-4ce1151a6fbb-groupManagement] INFO  server.RaftServerConfigKeys (ConfUtils.java:logGet(46)) - raft.server.log.purge.upto.snapshot.index = false (default)
2024-01-11 04:03:29,941 [df850d10-9c85-4972-b407-c0325fc6d584-PipelineCommandHandlerThread-0] INFO  commandhandler.CreatePipelineCommandHandler (CreatePipelineCommandHandler.java:lambda$handle$2(124)) - Created Pipeline RATIS THREE PipelineID=f4a60787-be55-4684-be27-85a4241d4f1d.
2024-01-11 04:03:29,942 [df850d10-9c85-4972-b407-c0325fc6d584-PipelineCommandHandlerThread-0] INFO  server.RaftServer (RaftServerProxy.java:addNew(100)) - df850d10-9c85-4972-b407-c0325fc6d584: addNew group-81FA45F9E5D4:[719c3446-6328-4d08-9922-2d459786fd6c|10.1.0.34:15058, df850d10-9c85-4972-b407-c0325fc6d584|10.1.0.34:15049, 8656a35e-0084-4fca-b387-4ce1151a6fbb|10.1.0.34:15067] returns group-81FA45F9E5D4:java.util.concurrent.CompletableFuture@560538e1[Not completed]
2024-01-11 04:03:29,943 [df850d10-9c85-4972-b407-c0325fc6d584-groupManagement] INFO  server.RaftServer$Division (RaftServerImpl.java:<init>(256)) - df850d10-9c85-4972-b407-c0325fc6d584: new RaftServerImpl for group-81FA45F9E5D4:[719c3446-6328-4d08-9922-2d459786fd6c|10.1.0.34:15058, df850d10-9c85-4972-b407-c0325fc6d584|10.1.0.34:15049, 8656a35e-0084-4fca-b387-4ce1151a6fbb|10.1.0.34:15067] with ContainerStateMachine:uninitialized
2024-01-11 04:03:29,943 [df850d10-9c85-4972-b407-c0325fc6d584-groupManagement] INFO  server.RaftServerConfigKeys (ConfUtils.java:logGet(46)) - raft.server.rpc.timeout.min = 5s (custom)
2024-01-11 04:03:29,943 [df850d10-9c85-4972-b407-c0325fc6d584-groupManagement] INFO  server.RaftServerConfigKeys (ConfUtils.java:logGet(46)) - raft.server.rpc.timeout.max = 5200ms (custom)
2024-01-11 04:03:29,943 [df850d10-9c85-4972-b407-c0325fc6d584-groupManagement] INFO  server.RaftServerConfigKeys (ConfUtils.java:logGet(46)) - raft.server.rpc.sleep.time = 25ms (default)
2024-01-11 04:03:29,943 [df850d10-9c85-4972-b407-c0325fc6d584-groupManagement] INFO  server.RaftServerConfigKeys (ConfUtils.java:logGet(46)) - raft.server.rpc.slowness.timeout = 300s (custom)
2024-01-11 04:03:29,943 [df850d10-9c85-4972-b407-c0325fc6d584-groupManagement] INFO  server.RaftServerConfigKeys (ConfUtils.java:logGet(46)) - raft.server.leaderelection.leader.step-down.wait-time = 10s (default)
2024-01-11 04:03:29,943 [df850d10-9c85-4972-b407-c0325fc6d584-groupManagement] INFO  server.RaftServerConfigKeys (ConfUtils.java:logGet(46)) - raft.server.leaderelection.member.majority-add = false (default)
2024-01-11 04:03:29,943 [df850d10-9c85-4972-b407-c0325fc6d584-groupManagement] INFO  server.RaftServerConfigKeys (ConfUtils.java:logGet(46)) - raft.server.sleep.deviation.threshold = 300ms (default)
2024-01-11 04:03:29,943 [df850d10-9c85-4972-b407-c0325fc6d584-groupManagement] INFO  server.RaftServer$Division (ServerState.java:<init>(113)) - df850d10-9c85-4972-b407-c0325fc6d584@group-81FA45F9E5D4: ConfigurationManager, init=-1: peers:[719c3446-6328-4d08-9922-2d459786fd6c|10.1.0.34:15058, df850d10-9c85-4972-b407-c0325fc6d584|10.1.0.34:15049, 8656a35e-0084-4fca-b387-4ce1151a6fbb|10.1.0.34:15067]|listeners:[], old=null, confs=<EMPTY_MAP>
2024-01-11 04:03:29,943 [df850d10-9c85-4972-b407-c0325fc6d584-groupManagement] INFO  server.RaftServerConfigKeys (ConfUtils.java:logGet(46)) - raft.server.notification.no-leader.timeout = 300s (custom)
2024-01-11 04:03:29,943 [df850d10-9c85-4972-b407-c0325fc6d584-groupManagement] INFO  server.RaftServerConfigKeys (ConfUtils.java:logGet(46)) - raft.server.read.timeout = 10s (default)
2024-01-11 04:03:29,943 [df850d10-9c85-4972-b407-c0325fc6d584-groupManagement] INFO  server.RaftServerConfigKeys (ConfUtils.java:logGet(46)) - raft.server.retrycache.expirytime = 600000ms (custom)
2024-01-11 04:03:29,943 [df850d10-9c85-4972-b407-c0325fc6d584-groupManagement] INFO  server.RaftServerConfigKeys (ConfUtils.java:logGet(46)) - raft.server.retrycache.statistics.expirytime = 100ms (default)
2024-01-11 04:03:29,944 [df850d10-9c85-4972-b407-c0325fc6d584-groupManagement] INFO  server.RaftServerConfigKeys (ConfUtils.java:logGet(46)) - raft.server.read.option = DEFAULT (default)
2024-01-11 04:03:29,944 [df850d10-9c85-4972-b407-c0325fc6d584-groupManagement] INFO  server.RaftServerConfigKeys (ConfUtils.java:logGet(46)) - raft.server.read.read-after-write-consistent.write-index-cache.expiry-time = 60s (default)
2024-01-11 04:03:29,945 [df850d10-9c85-4972-b407-c0325fc6d584-groupManagement] INFO  server.RaftServerConfigKeys (ConfUtils.java:logGet(46)) - raft.server.rpc.request.timeout = 60s (custom)
2024-01-11 04:03:29,945 [df850d10-9c85-4972-b407-c0325fc6d584-groupManagement] INFO  server.RaftServerConfigKeys (ConfUtils.java:logGet(46)) - raft.server.log.appender.install.snapshot.enabled = false (custom)
2024-01-11 04:03:29,945 [df850d10-9c85-4972-b407-c0325fc6d584-groupManagement] INFO  server.RaftServerConfigKeys (ConfUtils.java:logGet(46)) - raft.server.threadpool.server.cached = true (default)
2024-01-11 04:03:29,945 [df850d10-9c85-4972-b407-c0325fc6d584-groupManagement] INFO  server.RaftServerConfigKeys (ConfUtils.java:logGet(46)) - raft.server.threadpool.server.size = 0 (default)
2024-01-11 04:03:29,945 [df850d10-9c85-4972-b407-c0325fc6d584-groupManagement] INFO  server.RaftServerConfigKeys (ConfUtils.java:logGet(46)) - raft.server.threadpool.client.cached = true (default)
2024-01-11 04:03:29,945 [df850d10-9c85-4972-b407-c0325fc6d584-groupManagement] INFO  server.RaftServerConfigKeys (ConfUtils.java:logGet(46)) - raft.server.threadpool.client.size = 0 (default)
2024-01-11 04:03:29,945 [df850d10-9c85-4972-b407-c0325fc6d584-groupManagement] INFO  server.RaftServerConfigKeys (ConfUtils.java:logGet(46)) - raft.server.storage.free-space.min = 0MB (=0) (default)
2024-01-11 04:03:29,945 [df850d10-9c85-4972-b407-c0325fc6d584-groupManagement] INFO  server.RaftServerConfigKeys (ConfUtils.java:logGet(46)) - raft.server.log.corruption.policy = EXCEPTION (default)
2024-01-11 04:03:29,946 [df850d10-9c85-4972-b407-c0325fc6d584-groupManagement] INFO  server.RaftServerConfigKeys (ConfUtils.java:logGet(46)) - raft.server.storage.dir = [/home/runner/work/ozone/ozone/hadoop-ozone/integration-test/target/test-dir/MiniOzoneClusterImpl-8912d24f-c240-4c97-8da2-3552e928269b/datanode-0/data/ratis] (custom)
2024-01-11 04:03:29,946 [df850d10-9c85-4972-b407-c0325fc6d584-groupManagement] INFO  storage.RaftStorageDirectory (RaftStorageDirectoryImpl.java:analyzeStorage(138)) - The storage directory /home/runner/work/ozone/ozone/hadoop-ozone/integration-test/target/test-dir/MiniOzoneClusterImpl-8912d24f-c240-4c97-8da2-3552e928269b/datanode-0/data/ratis/777b88da-baa3-4926-8e81-81fa45f9e5d4 does not exist. Creating ...
2024-01-11 04:03:29,947 [df850d10-9c85-4972-b407-c0325fc6d584-groupManagement] INFO  storage.RaftStorageDirectory (RaftStorageDirectoryImpl.java:tryLock(228)) - Lock on /home/runner/work/ozone/ozone/hadoop-ozone/integration-test/target/test-dir/MiniOzoneClusterImpl-8912d24f-c240-4c97-8da2-3552e928269b/datanode-0/data/ratis/777b88da-baa3-4926-8e81-81fa45f9e5d4/in_use.lock acquired by nodename 56095@fv-az1458-636
2024-01-11 04:03:29,948 [df850d10-9c85-4972-b407-c0325fc6d584-groupManagement] INFO  storage.RaftStorage (RaftStorageImpl.java:format(99)) - Storage directory /home/runner/work/ozone/ozone/hadoop-ozone/integration-test/target/test-dir/MiniOzoneClusterImpl-8912d24f-c240-4c97-8da2-3552e928269b/datanode-0/data/ratis/777b88da-baa3-4926-8e81-81fa45f9e5d4 has been successfully formatted.
2024-01-11 04:03:29,948 [df850d10-9c85-4972-b407-c0325fc6d584-groupManagement] WARN  util.FileUtils (LogUtils.java:supplyAndLog(63)) - Failed to Files.newInputStream /home/runner/work/ozone/ozone/hadoop-ozone/integration-test/target/test-dir/MiniOzoneClusterImpl-8912d24f-c240-4c97-8da2-3552e928269b/datanode-0/data/ratis/777b88da-baa3-4926-8e81-81fa45f9e5d4/current/raft-meta.conf with options []: java.nio.file.NoSuchFileException: /home/runner/work/ozone/ozone/hadoop-ozone/integration-test/target/test-dir/MiniOzoneClusterImpl-8912d24f-c240-4c97-8da2-3552e928269b/datanode-0/data/ratis/777b88da-baa3-4926-8e81-81fa45f9e5d4/current/raft-meta.conf
2024-01-11 04:03:29,949 [df850d10-9c85-4972-b407-c0325fc6d584-groupManagement] INFO  ratis.ContainerStateMachine (ContainerStateMachine.java:loadSnapshot(287)) - group-81FA45F9E5D4: The snapshot info is null. Setting the last applied index to:(t:0, i:~)
2024-01-11 04:03:29,949 [df850d10-9c85-4972-b407-c0325fc6d584-groupManagement] INFO  server.RaftServerConfigKeys (ConfUtils.java:logGet(46)) - raft.server.log.use.memory = false (default)
2024-01-11 04:03:29,949 [df850d10-9c85-4972-b407-c0325fc6d584-groupManagement] INFO  server.RaftServerConfigKeys (ConfUtils.java:logGet(46)) - raft.server.log.purge.gap = 1000000 (custom)
2024-01-11 04:03:29,949 [df850d10-9c85-4972-b407-c0325fc6d584-groupManagement] INFO  server.RaftServerConfigKeys (ConfUtils.java:logGet(46)) - raft.server.log.appender.buffer.byte-limit = 8388608 (custom)
2024-01-11 04:03:29,949 [df850d10-9c85-4972-b407-c0325fc6d584-groupManagement] INFO  server.RaftServerConfigKeys (ConfUtils.java:logGet(46)) - raft.server.log.statemachine.data.read.timeout = 1000ms (default)
2024-01-11 04:03:29,949 [df850d10-9c85-4972-b407-c0325fc6d584-groupManagement] INFO  server.RaftServerConfigKeys (ConfUtils.java:logGet(46)) - raft.server.log.purge.preservation.log.num = 0 (default)
2024-01-11 04:03:29,950 [EventQueue-OpenPipelineForHealthyPipelineSafeModeRule] INFO  safemode.SCMSafeModeManager (HealthyPipelineSafeModeRule.java:process(140)) - SCM in safe mode. Healthy pipelines reported count is 0, required healthy pipeline reported count is 1
2024-01-11 04:03:29,951 [df850d10-9c85-4972-b407-c0325fc6d584-groupManagement] INFO  server.RaftServerConfigKeys (ConfUtils.java:logGet(46)) - raft.server.log.segment.size.max = 67108864 (custom)
2024-01-11 04:03:29,951 [df850d10-9c85-4972-b407-c0325fc6d584-groupManagement] INFO  server.RaftServerConfigKeys (ConfUtils.java:logGet(46)) - raft.server.log.segment.cache.num.max = 2 (custom)
2024-01-11 04:03:29,951 [df850d10-9c85-4972-b407-c0325fc6d584-groupManagement] INFO  server.RaftServerConfigKeys (ConfUtils.java:logGet(46)) - raft.server.log.segment.cache.size.max = 200MB (=209715200) (default)
2024-01-11 04:03:29,951 [df850d10-9c85-4972-b407-c0325fc6d584-groupManagement] INFO  server.RaftServerConfigKeys (ConfUtils.java:logGet(46)) - raft.server.log.appender.buffer.byte-limit = 8388608 (custom)
2024-01-11 04:03:29,952 [df850d10-9c85-4972-b407-c0325fc6d584-groupManagement] INFO  util.AwaitToRun (AwaitToRun.java:start(81)) - Thread[df850d10-9c85-4972-b407-c0325fc6d584@group-81FA45F9E5D4-cacheEviction-AwaitToRun,5,main] started
2024-01-11 04:03:29,952 [df850d10-9c85-4972-b407-c0325fc6d584-groupManagement] INFO  segmented.SegmentedRaftLogWorker (SegmentedRaftLogWorker.java:<init>(182)) - new df850d10-9c85-4972-b407-c0325fc6d584@group-81FA45F9E5D4-SegmentedRaftLogWorker for RaftStorageImpl:Storage Directory /home/runner/work/ozone/ozone/hadoop-ozone/integration-test/target/test-dir/MiniOzoneClusterImpl-8912d24f-c240-4c97-8da2-3552e928269b/datanode-0/data/ratis/777b88da-baa3-4926-8e81-81fa45f9e5d4
2024-01-11 04:03:29,952 [df850d10-9c85-4972-b407-c0325fc6d584-groupManagement] INFO  server.RaftServerConfigKeys (ConfUtils.java:logGet(46)) - raft.server.log.queue.byte-limit = 4294967296 (custom)
2024-01-11 04:03:29,952 [df850d10-9c85-4972-b407-c0325fc6d584-groupManagement] INFO  server.RaftServerConfigKeys (ConfUtils.java:logGet(46)) - raft.server.log.queue.element-limit = 1024 (custom)
2024-01-11 04:03:29,952 [df850d10-9c85-4972-b407-c0325fc6d584-groupManagement] INFO  server.RaftServerConfigKeys (ConfUtils.java:logGet(46)) - raft.server.log.segment.size.max = 67108864 (custom)
2024-01-11 04:03:29,952 [df850d10-9c85-4972-b407-c0325fc6d584-groupManagement] INFO  server.RaftServerConfigKeys (ConfUtils.java:logGet(46)) - raft.server.log.preallocated.size = 4194304 (custom)
2024-01-11 04:03:29,952 [df850d10-9c85-4972-b407-c0325fc6d584-groupManagement] INFO  server.RaftServerConfigKeys (ConfUtils.java:logGet(46)) - raft.server.log.force.sync.num = 128 (default)
2024-01-11 04:03:29,952 [df850d10-9c85-4972-b407-c0325fc6d584-groupManagement] INFO  server.RaftServerConfigKeys (ConfUtils.java:logGet(46)) - raft.server.log.statemachine.data.sync = true (default)
2024-01-11 04:03:29,952 [df850d10-9c85-4972-b407-c0325fc6d584-groupManagement] INFO  server.RaftServerConfigKeys (ConfUtils.java:logGet(46)) - raft.server.log.statemachine.data.sync.timeout = 10s (default)
2024-01-11 04:03:29,952 [df850d10-9c85-4972-b407-c0325fc6d584-groupManagement] INFO  server.RaftServerConfigKeys (ConfUtils.java:logGet(46)) - raft.server.log.statemachine.data.sync.timeout.retry = 0 (custom)
2024-01-11 04:03:29,952 [df850d10-9c85-4972-b407-c0325fc6d584-groupManagement] INFO  server.RaftServerConfigKeys (ConfUtils.java:logGet(46)) - raft.server.log.write.buffer.size = 8388616 (custom)
2024-01-11 04:03:29,954 [df850d10-9c85-4972-b407-c0325fc6d584-groupManagement] INFO  server.RaftServerConfigKeys (ConfUtils.java:logGet(46)) - raft.server.log.appender.buffer.byte-limit = 8388608 (custom)
2024-01-11 04:03:29,954 [df850d10-9c85-4972-b407-c0325fc6d584-groupManagement] INFO  server.RaftServerConfigKeys (ConfUtils.java:logGet(46)) - raft.server.log.unsafe-flush.enabled = false (default)
2024-01-11 04:03:29,954 [df850d10-9c85-4972-b407-c0325fc6d584-groupManagement] INFO  server.RaftServerConfigKeys (ConfUtils.java:logGet(46)) - raft.server.log.async-flush.enabled = false (default)
2024-01-11 04:03:29,954 [df850d10-9c85-4972-b407-c0325fc6d584-groupManagement] INFO  server.RaftServerConfigKeys (ConfUtils.java:logGet(46)) - raft.server.log.statemachine.data.caching.enabled = true (custom)
2024-01-11 04:03:29,954 [df850d10-9c85-4972-b407-c0325fc6d584-groupManagement] INFO  segmented.SegmentedRaftLogWorker (SegmentedRaftLogWorker.java:lambda$new$0(134)) - df850d10-9c85-4972-b407-c0325fc6d584@group-81FA45F9E5D4-SegmentedRaftLogWorker: flushIndex: setUnconditionally 0 -> -1
2024-01-11 04:03:29,954 [df850d10-9c85-4972-b407-c0325fc6d584-groupManagement] INFO  segmented.SegmentedRaftLogWorker (SegmentedRaftLogWorker.java:lambda$new$0(134)) - df850d10-9c85-4972-b407-c0325fc6d584@group-81FA45F9E5D4-SegmentedRaftLogWorker: safeCacheEvictIndex: setUnconditionally 0 -> -1
2024-01-11 04:03:29,957 [df850d10-9c85-4972-b407-c0325fc6d584-groupManagement] INFO  server.RaftServer$Division (RaftServerImpl.java:start(396)) - df850d10-9c85-4972-b407-c0325fc6d584@group-81FA45F9E5D4: start as a follower, conf=-1: peers:[719c3446-6328-4d08-9922-2d459786fd6c|10.1.0.34:15058, df850d10-9c85-4972-b407-c0325fc6d584|10.1.0.34:15049, 8656a35e-0084-4fca-b387-4ce1151a6fbb|10.1.0.34:15067]|listeners:[], old=null
2024-01-11 04:03:29,957 [df850d10-9c85-4972-b407-c0325fc6d584-groupManagement] INFO  server.RaftServer$Division (RaftServerImpl.java:setRole(383)) - df850d10-9c85-4972-b407-c0325fc6d584@group-81FA45F9E5D4: changes role from      null to FOLLOWER at term 0 for startAsFollower
2024-01-11 04:03:29,957 [df850d10-9c85-4972-b407-c0325fc6d584-groupManagement] INFO  impl.RoleInfo (RoleInfo.java:updateAndGet(139)) - df850d10-9c85-4972-b407-c0325fc6d584: start df850d10-9c85-4972-b407-c0325fc6d584@group-81FA45F9E5D4-FollowerState
2024-01-11 04:03:29,957 [719c3446-6328-4d08-9922-2d459786fd6c-PipelineCommandHandlerThread-0] INFO  server.RaftServer (RaftServerProxy.java:addNew(100)) - 719c3446-6328-4d08-9922-2d459786fd6c: addNew group-5854FC908815:[719c3446-6328-4d08-9922-2d459786fd6c|10.1.0.34:15058] returns group-5854FC908815:java.util.concurrent.CompletableFuture@26009ef1[Not completed]
2024-01-11 04:03:29,958 [df850d10-9c85-4972-b407-c0325fc6d584@group-81FA45F9E5D4-FollowerState] INFO  server.RaftServerConfigKeys (ConfUtils.java:logFallback(53)) - raft.server.rpc.first-election.timeout.min = 5s (fallback to raft.server.rpc.timeout.min)
2024-01-11 04:03:29,958 [df850d10-9c85-4972-b407-c0325fc6d584@group-81FA45F9E5D4-FollowerState] INFO  server.RaftServerConfigKeys (ConfUtils.java:logFallback(53)) - raft.server.rpc.first-election.timeout.max = 5200ms (fallback to raft.server.rpc.timeout.max)
2024-01-11 04:03:29,958 [df850d10-9c85-4972-b407-c0325fc6d584-groupManagement] INFO  util.JmxRegister (JmxRegister.java:tryRegister(44)) - Successfully registered JMX Bean with object name Ratis:service=RaftServer,group=group-81FA45F9E5D4,id=df850d10-9c85-4972-b407-c0325fc6d584
2024-01-11 04:03:29,958 [719c3446-6328-4d08-9922-2d459786fd6c-groupManagement] INFO  server.RaftServer$Division (RaftServerImpl.java:<init>(256)) - 719c3446-6328-4d08-9922-2d459786fd6c: new RaftServerImpl for group-5854FC908815:[719c3446-6328-4d08-9922-2d459786fd6c|10.1.0.34:15058] with ContainerStateMachine:uninitialized
2024-01-11 04:03:29,958 [df850d10-9c85-4972-b407-c0325fc6d584-groupManagement] INFO  server.RaftServerConfigKeys (ConfUtils.java:logGet(46)) - raft.server.snapshot.trigger-when-stop.enabled = true (default)
2024-01-11 04:03:29,958 [df850d10-9c85-4972-b407-c0325fc6d584-groupManagement] INFO  server.RaftServerConfigKeys (ConfUtils.java:logGet(46)) - raft.server.snapshot.auto.trigger.enabled = true (custom)
2024-01-11 04:03:29,958 [df850d10-9c85-4972-b407-c0325fc6d584-groupManagement] INFO  server.RaftServerConfigKeys (ConfUtils.java:logGet(46)) - raft.server.snapshot.auto.trigger.threshold = 10000 (custom)
2024-01-11 04:03:29,958 [df850d10-9c85-4972-b407-c0325fc6d584-groupManagement] INFO  server.RaftServerConfigKeys (ConfUtils.java:logGet(46)) - raft.server.snapshot.retention.file.num = 5 (custom)
2024-01-11 04:03:29,958 [df850d10-9c85-4972-b407-c0325fc6d584-groupManagement] INFO  server.RaftServerConfigKeys (ConfUtils.java:logGet(46)) - raft.server.log.purge.upto.snapshot.index = false (default)
2024-01-11 04:03:29,958 [719c3446-6328-4d08-9922-2d459786fd6c-groupManagement] INFO  server.RaftServerConfigKeys (ConfUtils.java:logGet(46)) - raft.server.rpc.timeout.min = 5s (custom)
2024-01-11 04:03:29,958 [719c3446-6328-4d08-9922-2d459786fd6c-groupManagement] INFO  server.RaftServerConfigKeys (ConfUtils.java:logGet(46)) - raft.server.rpc.timeout.max = 5200ms (custom)
2024-01-11 04:03:29,959 [719c3446-6328-4d08-9922-2d459786fd6c-groupManagement] INFO  server.RaftServerConfigKeys (ConfUtils.java:logGet(46)) - raft.server.rpc.sleep.time = 25ms (default)
2024-01-11 04:03:29,959 [719c3446-6328-4d08-9922-2d459786fd6c-groupManagement] INFO  server.RaftServerConfigKeys (ConfUtils.java:logGet(46)) - raft.server.rpc.slowness.timeout = 300s (custom)
2024-01-11 04:03:29,959 [719c3446-6328-4d08-9922-2d459786fd6c-groupManagement] INFO  server.RaftServerConfigKeys (ConfUtils.java:logGet(46)) - raft.server.leaderelection.leader.step-down.wait-time = 10s (default)
2024-01-11 04:03:29,959 [719c3446-6328-4d08-9922-2d459786fd6c-groupManagement] INFO  server.RaftServerConfigKeys (ConfUtils.java:logGet(46)) - raft.server.leaderelection.member.majority-add = false (default)
2024-01-11 04:03:29,959 [719c3446-6328-4d08-9922-2d459786fd6c-groupManagement] INFO  server.RaftServerConfigKeys (ConfUtils.java:logGet(46)) - raft.server.sleep.deviation.threshold = 300ms (default)
2024-01-11 04:03:29,959 [719c3446-6328-4d08-9922-2d459786fd6c-groupManagement] INFO  server.RaftServer$Division (ServerState.java:<init>(113)) - 719c3446-6328-4d08-9922-2d459786fd6c@group-5854FC908815: ConfigurationManager, init=-1: peers:[719c3446-6328-4d08-9922-2d459786fd6c|10.1.0.34:15058]|listeners:[], old=null, confs=<EMPTY_MAP>
2024-01-11 04:03:29,959 [719c3446-6328-4d08-9922-2d459786fd6c-groupManagement] INFO  server.RaftServerConfigKeys (ConfUtils.java:logGet(46)) - raft.server.notification.no-leader.timeout = 300s (custom)
2024-01-11 04:03:29,959 [719c3446-6328-4d08-9922-2d459786fd6c-groupManagement] INFO  server.RaftServerConfigKeys (ConfUtils.java:logGet(46)) - raft.server.read.timeout = 10s (default)
2024-01-11 04:03:29,959 [719c3446-6328-4d08-9922-2d459786fd6c-groupManagement] INFO  server.RaftServerConfigKeys (ConfUtils.java:logGet(46)) - raft.server.retrycache.expirytime = 600000ms (custom)
2024-01-11 04:03:29,959 [719c3446-6328-4d08-9922-2d459786fd6c-groupManagement] INFO  server.RaftServerConfigKeys (ConfUtils.java:logGet(46)) - raft.server.retrycache.statistics.expirytime = 100ms (default)
2024-01-11 04:03:29,959 [719c3446-6328-4d08-9922-2d459786fd6c-groupManagement] INFO  server.RaftServerConfigKeys (ConfUtils.java:logGet(46)) - raft.server.read.option = DEFAULT (default)
2024-01-11 04:03:29,959 [719c3446-6328-4d08-9922-2d459786fd6c-groupManagement] INFO  server.RaftServerConfigKeys (ConfUtils.java:logGet(46)) - raft.server.read.read-after-write-consistent.write-index-cache.expiry-time = 60s (default)
2024-01-11 04:03:29,961 [719c3446-6328-4d08-9922-2d459786fd6c-groupManagement] INFO  server.RaftServerConfigKeys (ConfUtils.java:logGet(46)) - raft.server.rpc.request.timeout = 60s (custom)
2024-01-11 04:03:29,961 [719c3446-6328-4d08-9922-2d459786fd6c-groupManagement] INFO  server.RaftServerConfigKeys (ConfUtils.java:logGet(46)) - raft.server.log.appender.install.snapshot.enabled = false (custom)
2024-01-11 04:03:29,961 [719c3446-6328-4d08-9922-2d459786fd6c-groupManagement] INFO  server.RaftServerConfigKeys (ConfUtils.java:logGet(46)) - raft.server.threadpool.server.cached = true (default)
2024-01-11 04:03:29,961 [719c3446-6328-4d08-9922-2d459786fd6c-groupManagement] INFO  server.RaftServerConfigKeys (ConfUtils.java:logGet(46)) - raft.server.threadpool.server.size = 0 (default)
2024-01-11 04:03:29,961 [719c3446-6328-4d08-9922-2d459786fd6c-groupManagement] INFO  server.RaftServerConfigKeys (ConfUtils.java:logGet(46)) - raft.server.threadpool.client.cached = true (default)
2024-01-11 04:03:29,961 [719c3446-6328-4d08-9922-2d459786fd6c-groupManagement] INFO  server.RaftServerConfigKeys (ConfUtils.java:logGet(46)) - raft.server.threadpool.client.size = 0 (default)
2024-01-11 04:03:29,961 [df850d10-9c85-4972-b407-c0325fc6d584-PipelineCommandHandlerThread-0] INFO  ratis.XceiverServerRatis (XceiverServerRatis.java:addGroup(842)) - Created group PipelineID=777b88da-baa3-4926-8e81-81fa45f9e5d4
2024-01-11 04:03:29,961 [719c3446-6328-4d08-9922-2d459786fd6c-groupManagement] INFO  server.RaftServerConfigKeys (ConfUtils.java:logGet(46)) - raft.server.storage.free-space.min = 0MB (=0) (default)
2024-01-11 04:03:29,962 [719c3446-6328-4d08-9922-2d459786fd6c-groupManagement] INFO  server.RaftServerConfigKeys (ConfUtils.java:logGet(46)) - raft.server.log.corruption.policy = EXCEPTION (default)
2024-01-11 04:03:29,962 [719c3446-6328-4d08-9922-2d459786fd6c-groupManagement] INFO  server.RaftServerConfigKeys (ConfUtils.java:logGet(46)) - raft.server.storage.dir = [/home/runner/work/ozone/ozone/hadoop-ozone/integration-test/target/test-dir/MiniOzoneClusterImpl-8912d24f-c240-4c97-8da2-3552e928269b/datanode-1/data/ratis] (custom)
2024-01-11 04:03:29,962 [719c3446-6328-4d08-9922-2d459786fd6c-groupManagement] INFO  storage.RaftStorageDirectory (RaftStorageDirectoryImpl.java:analyzeStorage(138)) - The storage directory /home/runner/work/ozone/ozone/hadoop-ozone/integration-test/target/test-dir/MiniOzoneClusterImpl-8912d24f-c240-4c97-8da2-3552e928269b/datanode-1/data/ratis/721acb45-f8e7-4d46-993d-5854fc908815 does not exist. Creating ...
2024-01-11 04:03:29,963 [719c3446-6328-4d08-9922-2d459786fd6c-groupManagement] INFO  storage.RaftStorageDirectory (RaftStorageDirectoryImpl.java:tryLock(228)) - Lock on /home/runner/work/ozone/ozone/hadoop-ozone/integration-test/target/test-dir/MiniOzoneClusterImpl-8912d24f-c240-4c97-8da2-3552e928269b/datanode-1/data/ratis/721acb45-f8e7-4d46-993d-5854fc908815/in_use.lock acquired by nodename 56095@fv-az1458-636
2024-01-11 04:03:29,968 [719c3446-6328-4d08-9922-2d459786fd6c-groupManagement] INFO  storage.RaftStorage (RaftStorageImpl.java:format(99)) - Storage directory /home/runner/work/ozone/ozone/hadoop-ozone/integration-test/target/test-dir/MiniOzoneClusterImpl-8912d24f-c240-4c97-8da2-3552e928269b/datanode-1/data/ratis/721acb45-f8e7-4d46-993d-5854fc908815 has been successfully formatted.
2024-01-11 04:03:29,968 [719c3446-6328-4d08-9922-2d459786fd6c-groupManagement] WARN  util.FileUtils (LogUtils.java:supplyAndLog(63)) - Failed to Files.newInputStream /home/runner/work/ozone/ozone/hadoop-ozone/integration-test/target/test-dir/MiniOzoneClusterImpl-8912d24f-c240-4c97-8da2-3552e928269b/datanode-1/data/ratis/721acb45-f8e7-4d46-993d-5854fc908815/current/raft-meta.conf with options []: java.nio.file.NoSuchFileException: /home/runner/work/ozone/ozone/hadoop-ozone/integration-test/target/test-dir/MiniOzoneClusterImpl-8912d24f-c240-4c97-8da2-3552e928269b/datanode-1/data/ratis/721acb45-f8e7-4d46-993d-5854fc908815/current/raft-meta.conf
2024-01-11 04:03:29,970 [719c3446-6328-4d08-9922-2d459786fd6c-groupManagement] INFO  ratis.ContainerStateMachine (ContainerStateMachine.java:loadSnapshot(287)) - group-5854FC908815: The snapshot info is null. Setting the last applied index to:(t:0, i:~)
2024-01-11 04:03:29,970 [grpc-default-executor-4] INFO  server.RaftServer (RaftServerProxy.java:addNew(100)) - 8656a35e-0084-4fca-b387-4ce1151a6fbb: addNew group-81FA45F9E5D4:[719c3446-6328-4d08-9922-2d459786fd6c|10.1.0.34:15058, df850d10-9c85-4972-b407-c0325fc6d584|10.1.0.34:15049, 8656a35e-0084-4fca-b387-4ce1151a6fbb|10.1.0.34:15067] returns group-81FA45F9E5D4:java.util.concurrent.CompletableFuture@47fb0b07[Not completed]
2024-01-11 04:03:29,971 [719c3446-6328-4d08-9922-2d459786fd6c-groupManagement] INFO  server.RaftServerConfigKeys (ConfUtils.java:logGet(46)) - raft.server.log.use.memory = false (default)
2024-01-11 04:03:29,971 [8656a35e-0084-4fca-b387-4ce1151a6fbb-groupManagement] INFO  server.RaftServer$Division (RaftServerImpl.java:<init>(256)) - 8656a35e-0084-4fca-b387-4ce1151a6fbb: new RaftServerImpl for group-81FA45F9E5D4:[719c3446-6328-4d08-9922-2d459786fd6c|10.1.0.34:15058, df850d10-9c85-4972-b407-c0325fc6d584|10.1.0.34:15049, 8656a35e-0084-4fca-b387-4ce1151a6fbb|10.1.0.34:15067] with ContainerStateMachine:uninitialized
2024-01-11 04:03:29,971 [EventQueue-PipelineReportForPipelineReportHandler] INFO  pipeline.PipelineReportHandler (PipelineReportHandler.java:processPipelineReport(136)) - Opened pipeline PipelineID=721acb45-f8e7-4d46-993d-5854fc908815
2024-01-11 04:03:29,972 [8656a35e-0084-4fca-b387-4ce1151a6fbb-groupManagement] INFO  server.RaftServerConfigKeys (ConfUtils.java:logGet(46)) - raft.server.rpc.timeout.min = 5s (custom)
2024-01-11 04:03:29,972 [EventQueue-OpenPipelineForHealthyPipelineSafeModeRule] INFO  safemode.SCMSafeModeManager (HealthyPipelineSafeModeRule.java:process(140)) - SCM in safe mode. Healthy pipelines reported count is 0, required healthy pipeline reported count is 1
2024-01-11 04:03:29,972 [8656a35e-0084-4fca-b387-4ce1151a6fbb-groupManagement] INFO  server.RaftServerConfigKeys (ConfUtils.java:logGet(46)) - raft.server.rpc.timeout.max = 5200ms (custom)
2024-01-11 04:03:29,972 [8656a35e-0084-4fca-b387-4ce1151a6fbb-groupManagement] INFO  server.RaftServerConfigKeys (ConfUtils.java:logGet(46)) - raft.server.rpc.sleep.time = 25ms (default)
2024-01-11 04:03:29,972 [8656a35e-0084-4fca-b387-4ce1151a6fbb-groupManagement] INFO  server.RaftServerConfigKeys (ConfUtils.java:logGet(46)) - raft.server.rpc.slowness.timeout = 300s (custom)
2024-01-11 04:03:29,972 [8656a35e-0084-4fca-b387-4ce1151a6fbb-groupManagement] INFO  server.RaftServerConfigKeys (ConfUtils.java:logGet(46)) - raft.server.leaderelection.leader.step-down.wait-time = 10s (default)
2024-01-11 04:03:29,972 [8656a35e-0084-4fca-b387-4ce1151a6fbb-groupManagement] INFO  server.RaftServerConfigKeys (ConfUtils.java:logGet(46)) - raft.server.leaderelection.member.majority-add = false (default)
2024-01-11 04:03:29,973 [8656a35e-0084-4fca-b387-4ce1151a6fbb-groupManagement] INFO  server.RaftServerConfigKeys (ConfUtils.java:logGet(46)) - raft.server.sleep.deviation.threshold = 300ms (default)
2024-01-11 04:03:29,973 [8656a35e-0084-4fca-b387-4ce1151a6fbb-groupManagement] INFO  server.RaftServer$Division (ServerState.java:<init>(113)) - 8656a35e-0084-4fca-b387-4ce1151a6fbb@group-81FA45F9E5D4: ConfigurationManager, init=-1: peers:[719c3446-6328-4d08-9922-2d459786fd6c|10.1.0.34:15058, df850d10-9c85-4972-b407-c0325fc6d584|10.1.0.34:15049, 8656a35e-0084-4fca-b387-4ce1151a6fbb|10.1.0.34:15067]|listeners:[], old=null, confs=<EMPTY_MAP>
2024-01-11 04:03:29,973 [8656a35e-0084-4fca-b387-4ce1151a6fbb-groupManagement] INFO  server.RaftServerConfigKeys (ConfUtils.java:logGet(46)) - raft.server.notification.no-leader.timeout = 300s (custom)
2024-01-11 04:03:29,973 [8656a35e-0084-4fca-b387-4ce1151a6fbb-groupManagement] INFO  server.RaftServerConfigKeys (ConfUtils.java:logGet(46)) - raft.server.read.timeout = 10s (default)
2024-01-11 04:03:29,973 [8656a35e-0084-4fca-b387-4ce1151a6fbb-groupManagement] INFO  server.RaftServerConfigKeys (ConfUtils.java:logGet(46)) - raft.server.retrycache.expirytime = 600000ms (custom)
2024-01-11 04:03:29,973 [8656a35e-0084-4fca-b387-4ce1151a6fbb-groupManagement] INFO  server.RaftServerConfigKeys (ConfUtils.java:logGet(46)) - raft.server.retrycache.statistics.expirytime = 100ms (default)
2024-01-11 04:03:29,973 [8656a35e-0084-4fca-b387-4ce1151a6fbb-groupManagement] INFO  server.RaftServerConfigKeys (ConfUtils.java:logGet(46)) - raft.server.read.option = DEFAULT (default)
2024-01-11 04:03:29,973 [8656a35e-0084-4fca-b387-4ce1151a6fbb-groupManagement] INFO  server.RaftServerConfigKeys (ConfUtils.java:logGet(46)) - raft.server.read.read-after-write-consistent.write-index-cache.expiry-time = 60s (default)
2024-01-11 04:03:29,972 [719c3446-6328-4d08-9922-2d459786fd6c-groupManagement] INFO  server.RaftServerConfigKeys (ConfUtils.java:logGet(46)) - raft.server.log.purge.gap = 1000000 (custom)
2024-01-11 04:03:29,973 [719c3446-6328-4d08-9922-2d459786fd6c-groupManagement] INFO  server.RaftServerConfigKeys (ConfUtils.java:logGet(46)) - raft.server.log.appender.buffer.byte-limit = 8388608 (custom)
2024-01-11 04:03:29,974 [719c3446-6328-4d08-9922-2d459786fd6c-groupManagement] INFO  server.RaftServerConfigKeys (ConfUtils.java:logGet(46)) - raft.server.log.statemachine.data.read.timeout = 1000ms (default)
2024-01-11 04:03:29,974 [719c3446-6328-4d08-9922-2d459786fd6c-groupManagement] INFO  server.RaftServerConfigKeys (ConfUtils.java:logGet(46)) - raft.server.log.purge.preservation.log.num = 0 (default)
2024-01-11 04:03:29,977 [8656a35e-0084-4fca-b387-4ce1151a6fbb-groupManagement] INFO  server.RaftServerConfigKeys (ConfUtils.java:logGet(46)) - raft.server.rpc.request.timeout = 60s (custom)
2024-01-11 04:03:29,977 [8656a35e-0084-4fca-b387-4ce1151a6fbb-groupManagement] INFO  server.RaftServerConfigKeys (ConfUtils.java:logGet(46)) - raft.server.log.appender.install.snapshot.enabled = false (custom)
2024-01-11 04:03:29,977 [8656a35e-0084-4fca-b387-4ce1151a6fbb-groupManagement] INFO  server.RaftServerConfigKeys (ConfUtils.java:logGet(46)) - raft.server.threadpool.server.cached = true (default)
2024-01-11 04:03:29,977 [8656a35e-0084-4fca-b387-4ce1151a6fbb-groupManagement] INFO  server.RaftServerConfigKeys (ConfUtils.java:logGet(46)) - raft.server.threadpool.server.size = 0 (default)
2024-01-11 04:03:29,977 [8656a35e-0084-4fca-b387-4ce1151a6fbb-groupManagement] INFO  server.RaftServerConfigKeys (ConfUtils.java:logGet(46)) - raft.server.threadpool.client.cached = true (default)
2024-01-11 04:03:29,977 [8656a35e-0084-4fca-b387-4ce1151a6fbb-groupManagement] INFO  server.RaftServerConfigKeys (ConfUtils.java:logGet(46)) - raft.server.threadpool.client.size = 0 (default)
2024-01-11 04:03:29,977 [8656a35e-0084-4fca-b387-4ce1151a6fbb-groupManagement] INFO  server.RaftServerConfigKeys (ConfUtils.java:logGet(46)) - raft.server.storage.free-space.min = 0MB (=0) (default)
2024-01-11 04:03:29,977 [8656a35e-0084-4fca-b387-4ce1151a6fbb-groupManagement] INFO  server.RaftServerConfigKeys (ConfUtils.java:logGet(46)) - raft.server.log.corruption.policy = EXCEPTION (default)
2024-01-11 04:03:29,977 [8656a35e-0084-4fca-b387-4ce1151a6fbb-groupManagement] INFO  server.RaftServerConfigKeys (ConfUtils.java:logGet(46)) - raft.server.storage.dir = [/home/runner/work/ozone/ozone/hadoop-ozone/integration-test/target/test-dir/MiniOzoneClusterImpl-8912d24f-c240-4c97-8da2-3552e928269b/datanode-2/data/ratis] (custom)
2024-01-11 04:03:29,978 [8656a35e-0084-4fca-b387-4ce1151a6fbb-groupManagement] INFO  storage.RaftStorageDirectory (RaftStorageDirectoryImpl.java:analyzeStorage(138)) - The storage directory /home/runner/work/ozone/ozone/hadoop-ozone/integration-test/target/test-dir/MiniOzoneClusterImpl-8912d24f-c240-4c97-8da2-3552e928269b/datanode-2/data/ratis/777b88da-baa3-4926-8e81-81fa45f9e5d4 does not exist. Creating ...
2024-01-11 04:03:29,979 [719c3446-6328-4d08-9922-2d459786fd6c-groupManagement] INFO  server.RaftServerConfigKeys (ConfUtils.java:logGet(46)) - raft.server.log.segment.size.max = 67108864 (custom)
2024-01-11 04:03:29,980 [719c3446-6328-4d08-9922-2d459786fd6c-groupManagement] INFO  server.RaftServerConfigKeys (ConfUtils.java:logGet(46)) - raft.server.log.segment.cache.num.max = 2 (custom)
2024-01-11 04:03:29,980 [719c3446-6328-4d08-9922-2d459786fd6c-groupManagement] INFO  server.RaftServerConfigKeys (ConfUtils.java:logGet(46)) - raft.server.log.segment.cache.size.max = 200MB (=209715200) (default)
2024-01-11 04:03:29,980 [719c3446-6328-4d08-9922-2d459786fd6c-groupManagement] INFO  server.RaftServerConfigKeys (ConfUtils.java:logGet(46)) - raft.server.log.appender.buffer.byte-limit = 8388608 (custom)
2024-01-11 04:03:29,979 [8656a35e-0084-4fca-b387-4ce1151a6fbb-groupManagement] INFO  storage.RaftStorageDirectory (RaftStorageDirectoryImpl.java:tryLock(228)) - Lock on /home/runner/work/ozone/ozone/hadoop-ozone/integration-test/target/test-dir/MiniOzoneClusterImpl-8912d24f-c240-4c97-8da2-3552e928269b/datanode-2/data/ratis/777b88da-baa3-4926-8e81-81fa45f9e5d4/in_use.lock acquired by nodename 56095@fv-az1458-636
2024-01-11 04:03:29,981 [719c3446-6328-4d08-9922-2d459786fd6c-groupManagement] INFO  util.AwaitToRun (AwaitToRun.java:start(81)) - Thread[719c3446-6328-4d08-9922-2d459786fd6c@group-5854FC908815-cacheEviction-AwaitToRun,5,main] started
2024-01-11 04:03:29,981 [719c3446-6328-4d08-9922-2d459786fd6c-groupManagement] INFO  segmented.SegmentedRaftLogWorker (SegmentedRaftLogWorker.java:<init>(182)) - new 719c3446-6328-4d08-9922-2d459786fd6c@group-5854FC908815-SegmentedRaftLogWorker for RaftStorageImpl:Storage Directory /home/runner/work/ozone/ozone/hadoop-ozone/integration-test/target/test-dir/MiniOzoneClusterImpl-8912d24f-c240-4c97-8da2-3552e928269b/datanode-1/data/ratis/721acb45-f8e7-4d46-993d-5854fc908815
2024-01-11 04:03:29,981 [719c3446-6328-4d08-9922-2d459786fd6c-groupManagement] INFO  server.RaftServerConfigKeys (ConfUtils.java:logGet(46)) - raft.server.log.queue.byte-limit = 4294967296 (custom)
2024-01-11 04:03:29,981 [719c3446-6328-4d08-9922-2d459786fd6c-groupManagement] INFO  server.RaftServerConfigKeys (ConfUtils.java:logGet(46)) - raft.server.log.queue.element-limit = 1024 (custom)
2024-01-11 04:03:29,982 [719c3446-6328-4d08-9922-2d459786fd6c-groupManagement] INFO  server.RaftServerConfigKeys (ConfUtils.java:logGet(46)) - raft.server.log.segment.size.max = 67108864 (custom)
2024-01-11 04:03:29,982 [719c3446-6328-4d08-9922-2d459786fd6c-groupManagement] INFO  server.RaftServerConfigKeys (ConfUtils.java:logGet(46)) - raft.server.log.preallocated.size = 4194304 (custom)
2024-01-11 04:03:29,982 [719c3446-6328-4d08-9922-2d459786fd6c-groupManagement] INFO  server.RaftServerConfigKeys (ConfUtils.java:logGet(46)) - raft.server.log.force.sync.num = 128 (default)
2024-01-11 04:03:29,982 [719c3446-6328-4d08-9922-2d459786fd6c-groupManagement] INFO  server.RaftServerConfigKeys (ConfUtils.java:logGet(46)) - raft.server.log.statemachine.data.sync = true (default)
2024-01-11 04:03:29,983 [719c3446-6328-4d08-9922-2d459786fd6c-groupManagement] INFO  server.RaftServerConfigKeys (ConfUtils.java:logGet(46)) - raft.server.log.statemachine.data.sync.timeout = 10s (default)
2024-01-11 04:03:29,982 [8656a35e-0084-4fca-b387-4ce1151a6fbb-groupManagement] INFO  storage.RaftStorage (RaftStorageImpl.java:format(99)) - Storage directory /home/runner/work/ozone/ozone/hadoop-ozone/integration-test/target/test-dir/MiniOzoneClusterImpl-8912d24f-c240-4c97-8da2-3552e928269b/datanode-2/data/ratis/777b88da-baa3-4926-8e81-81fa45f9e5d4 has been successfully formatted.
2024-01-11 04:03:29,983 [8656a35e-0084-4fca-b387-4ce1151a6fbb-groupManagement] WARN  util.FileUtils (LogUtils.java:supplyAndLog(63)) - Failed to Files.newInputStream /home/runner/work/ozone/ozone/hadoop-ozone/integration-test/target/test-dir/MiniOzoneClusterImpl-8912d24f-c240-4c97-8da2-3552e928269b/datanode-2/data/ratis/777b88da-baa3-4926-8e81-81fa45f9e5d4/current/raft-meta.conf with options []: java.nio.file.NoSuchFileException: /home/runner/work/ozone/ozone/hadoop-ozone/integration-test/target/test-dir/MiniOzoneClusterImpl-8912d24f-c240-4c97-8da2-3552e928269b/datanode-2/data/ratis/777b88da-baa3-4926-8e81-81fa45f9e5d4/current/raft-meta.conf
2024-01-11 04:03:29,984 [8656a35e-0084-4fca-b387-4ce1151a6fbb-groupManagement] INFO  ratis.ContainerStateMachine (ContainerStateMachine.java:loadSnapshot(287)) - group-81FA45F9E5D4: The snapshot info is null. Setting the last applied index to:(t:0, i:~)
2024-01-11 04:03:29,984 [8656a35e-0084-4fca-b387-4ce1151a6fbb-groupManagement] INFO  server.RaftServerConfigKeys (ConfUtils.java:logGet(46)) - raft.server.log.use.memory = false (default)
2024-01-11 04:03:29,984 [8656a35e-0084-4fca-b387-4ce1151a6fbb-groupManagement] INFO  server.RaftServerConfigKeys (ConfUtils.java:logGet(46)) - raft.server.log.purge.gap = 1000000 (custom)
2024-01-11 04:03:29,984 [8656a35e-0084-4fca-b387-4ce1151a6fbb-groupManagement] INFO  server.RaftServerConfigKeys (ConfUtils.java:logGet(46)) - raft.server.log.appender.buffer.byte-limit = 8388608 (custom)
2024-01-11 04:03:29,984 [8656a35e-0084-4fca-b387-4ce1151a6fbb-groupManagement] INFO  server.RaftServerConfigKeys (ConfUtils.java:logGet(46)) - raft.server.log.statemachine.data.read.timeout = 1000ms (default)
2024-01-11 04:03:29,985 [8656a35e-0084-4fca-b387-4ce1151a6fbb-groupManagement] INFO  server.RaftServerConfigKeys (ConfUtils.java:logGet(46)) - raft.server.log.purge.preservation.log.num = 0 (default)
2024-01-11 04:03:29,986 [8656a35e-0084-4fca-b387-4ce1151a6fbb-groupManagement] INFO  server.RaftServerConfigKeys (ConfUtils.java:logGet(46)) - raft.server.log.segment.size.max = 67108864 (custom)
2024-01-11 04:03:29,986 [8656a35e-0084-4fca-b387-4ce1151a6fbb-groupManagement] INFO  server.RaftServerConfigKeys (ConfUtils.java:logGet(46)) - raft.server.log.segment.cache.num.max = 2 (custom)
2024-01-11 04:03:29,987 [8656a35e-0084-4fca-b387-4ce1151a6fbb-groupManagement] INFO  server.RaftServerConfigKeys (ConfUtils.java:logGet(46)) - raft.server.log.segment.cache.size.max = 200MB (=209715200) (default)
2024-01-11 04:03:29,987 [8656a35e-0084-4fca-b387-4ce1151a6fbb-groupManagement] INFO  server.RaftServerConfigKeys (ConfUtils.java:logGet(46)) - raft.server.log.appender.buffer.byte-limit = 8388608 (custom)
2024-01-11 04:03:29,987 [8656a35e-0084-4fca-b387-4ce1151a6fbb-groupManagement] INFO  util.AwaitToRun (AwaitToRun.java:start(81)) - Thread[8656a35e-0084-4fca-b387-4ce1151a6fbb@group-81FA45F9E5D4-cacheEviction-AwaitToRun,5,main] started
2024-01-11 04:03:29,988 [8656a35e-0084-4fca-b387-4ce1151a6fbb-groupManagement] INFO  segmented.SegmentedRaftLogWorker (SegmentedRaftLogWorker.java:<init>(182)) - new 8656a35e-0084-4fca-b387-4ce1151a6fbb@group-81FA45F9E5D4-SegmentedRaftLogWorker for RaftStorageImpl:Storage Directory /home/runner/work/ozone/ozone/hadoop-ozone/integration-test/target/test-dir/MiniOzoneClusterImpl-8912d24f-c240-4c97-8da2-3552e928269b/datanode-2/data/ratis/777b88da-baa3-4926-8e81-81fa45f9e5d4
2024-01-11 04:03:29,988 [8656a35e-0084-4fca-b387-4ce1151a6fbb-groupManagement] INFO  server.RaftServerConfigKeys (ConfUtils.java:logGet(46)) - raft.server.log.queue.byte-limit = 4294967296 (custom)
2024-01-11 04:03:29,988 [8656a35e-0084-4fca-b387-4ce1151a6fbb-groupManagement] INFO  server.RaftServerConfigKeys (ConfUtils.java:logGet(46)) - raft.server.log.queue.element-limit = 1024 (custom)
2024-01-11 04:03:29,989 [8656a35e-0084-4fca-b387-4ce1151a6fbb-groupManagement] INFO  server.RaftServerConfigKeys (ConfUtils.java:logGet(46)) - raft.server.log.segment.size.max = 67108864 (custom)
2024-01-11 04:03:29,989 [8656a35e-0084-4fca-b387-4ce1151a6fbb-groupManagement] INFO  server.RaftServerConfigKeys (ConfUtils.java:logGet(46)) - raft.server.log.preallocated.size = 4194304 (custom)
2024-01-11 04:03:29,989 [8656a35e-0084-4fca-b387-4ce1151a6fbb-groupManagement] INFO  server.RaftServerConfigKeys (ConfUtils.java:logGet(46)) - raft.server.log.force.sync.num = 128 (default)
2024-01-11 04:03:29,989 [8656a35e-0084-4fca-b387-4ce1151a6fbb-groupManagement] INFO  server.RaftServerConfigKeys (ConfUtils.java:logGet(46)) - raft.server.log.statemachine.data.sync = true (default)
2024-01-11 04:03:29,989 [8656a35e-0084-4fca-b387-4ce1151a6fbb-groupManagement] INFO  server.RaftServerConfigKeys (ConfUtils.java:logGet(46)) - raft.server.log.statemachine.data.sync.timeout = 10s (default)
2024-01-11 04:03:29,989 [8656a35e-0084-4fca-b387-4ce1151a6fbb-groupManagement] INFO  server.RaftServerConfigKeys (ConfUtils.java:logGet(46)) - raft.server.log.statemachine.data.sync.timeout.retry = 0 (custom)
2024-01-11 04:03:29,988 [719c3446-6328-4d08-9922-2d459786fd6c-groupManagement] INFO  server.RaftServerConfigKeys (ConfUtils.java:logGet(46)) - raft.server.log.statemachine.data.sync.timeout.retry = 0 (custom)
2024-01-11 04:03:29,989 [8656a35e-0084-4fca-b387-4ce1151a6fbb-groupManagement] INFO  server.RaftServerConfigKeys (ConfUtils.java:logGet(46)) - raft.server.log.write.buffer.size = 8388616 (custom)
2024-01-11 04:03:29,990 [719c3446-6328-4d08-9922-2d459786fd6c-groupManagement] INFO  server.RaftServerConfigKeys (ConfUtils.java:logGet(46)) - raft.server.log.write.buffer.size = 8388616 (custom)
2024-01-11 04:03:29,992 [8656a35e-0084-4fca-b387-4ce1151a6fbb-groupManagement] INFO  server.RaftServerConfigKeys (ConfUtils.java:logGet(46)) - raft.server.log.appender.buffer.byte-limit = 8388608 (custom)
2024-01-11 04:03:29,992 [8656a35e-0084-4fca-b387-4ce1151a6fbb-groupManagement] INFO  server.RaftServerConfigKeys (ConfUtils.java:logGet(46)) - raft.server.log.unsafe-flush.enabled = false (default)
2024-01-11 04:03:29,992 [8656a35e-0084-4fca-b387-4ce1151a6fbb-groupManagement] INFO  server.RaftServerConfigKeys (ConfUtils.java:logGet(46)) - raft.server.log.async-flush.enabled = false (default)
2024-01-11 04:03:29,992 [8656a35e-0084-4fca-b387-4ce1151a6fbb-groupManagement] INFO  server.RaftServerConfigKeys (ConfUtils.java:logGet(46)) - raft.server.log.statemachine.data.caching.enabled = true (custom)
2024-01-11 04:03:29,992 [8656a35e-0084-4fca-b387-4ce1151a6fbb-groupManagement] INFO  segmented.SegmentedRaftLogWorker (SegmentedRaftLogWorker.java:lambda$new$0(134)) - 8656a35e-0084-4fca-b387-4ce1151a6fbb@group-81FA45F9E5D4-SegmentedRaftLogWorker: flushIndex: setUnconditionally 0 -> -1
2024-01-11 04:03:29,992 [8656a35e-0084-4fca-b387-4ce1151a6fbb-groupManagement] INFO  segmented.SegmentedRaftLogWorker (SegmentedRaftLogWorker.java:lambda$new$0(134)) - 8656a35e-0084-4fca-b387-4ce1151a6fbb@group-81FA45F9E5D4-SegmentedRaftLogWorker: safeCacheEvictIndex: setUnconditionally 0 -> -1
2024-01-11 04:03:29,992 [719c3446-6328-4d08-9922-2d459786fd6c-groupManagement] INFO  server.RaftServerConfigKeys (ConfUtils.java:logGet(46)) - raft.server.log.appender.buffer.byte-limit = 8388608 (custom)
2024-01-11 04:03:29,993 [719c3446-6328-4d08-9922-2d459786fd6c-groupManagement] INFO  server.RaftServerConfigKeys (ConfUtils.java:logGet(46)) - raft.server.log.unsafe-flush.enabled = false (default)
2024-01-11 04:03:29,993 [719c3446-6328-4d08-9922-2d459786fd6c-groupManagement] INFO  server.RaftServerConfigKeys (ConfUtils.java:logGet(46)) - raft.server.log.async-flush.enabled = false (default)
2024-01-11 04:03:29,993 [719c3446-6328-4d08-9922-2d459786fd6c-groupManagement] INFO  server.RaftServerConfigKeys (ConfUtils.java:logGet(46)) - raft.server.log.statemachine.data.caching.enabled = true (custom)
2024-01-11 04:03:29,993 [719c3446-6328-4d08-9922-2d459786fd6c-groupManagement] INFO  segmented.SegmentedRaftLogWorker (SegmentedRaftLogWorker.java:lambda$new$0(134)) - 719c3446-6328-4d08-9922-2d459786fd6c@group-5854FC908815-SegmentedRaftLogWorker: flushIndex: setUnconditionally 0 -> -1
2024-01-11 04:03:29,993 [719c3446-6328-4d08-9922-2d459786fd6c-groupManagement] INFO  segmented.SegmentedRaftLogWorker (SegmentedRaftLogWorker.java:lambda$new$0(134)) - 719c3446-6328-4d08-9922-2d459786fd6c@group-5854FC908815-SegmentedRaftLogWorker: safeCacheEvictIndex: setUnconditionally 0 -> -1
2024-01-11 04:03:29,996 [8656a35e-0084-4fca-b387-4ce1151a6fbb-groupManagement] INFO  server.RaftServer$Division (RaftServerImpl.java:start(396)) - 8656a35e-0084-4fca-b387-4ce1151a6fbb@group-81FA45F9E5D4: start as a follower, conf=-1: peers:[719c3446-6328-4d08-9922-2d459786fd6c|10.1.0.34:15058, df850d10-9c85-4972-b407-c0325fc6d584|10.1.0.34:15049, 8656a35e-0084-4fca-b387-4ce1151a6fbb|10.1.0.34:15067]|listeners:[], old=null
2024-01-11 04:03:29,996 [8656a35e-0084-4fca-b387-4ce1151a6fbb-groupManagement] INFO  server.RaftServer$Division (RaftServerImpl.java:setRole(383)) - 8656a35e-0084-4fca-b387-4ce1151a6fbb@group-81FA45F9E5D4: changes role from      null to FOLLOWER at term 0 for startAsFollower
2024-01-11 04:03:29,996 [8656a35e-0084-4fca-b387-4ce1151a6fbb-groupManagement] INFO  impl.RoleInfo (RoleInfo.java:updateAndGet(139)) - 8656a35e-0084-4fca-b387-4ce1151a6fbb: start 8656a35e-0084-4fca-b387-4ce1151a6fbb@group-81FA45F9E5D4-FollowerState
2024-01-11 04:03:29,996 [719c3446-6328-4d08-9922-2d459786fd6c-groupManagement] INFO  server.RaftServer$Division (RaftServerImpl.java:start(396)) - 719c3446-6328-4d08-9922-2d459786fd6c@group-5854FC908815: start as a follower, conf=-1: peers:[719c3446-6328-4d08-9922-2d459786fd6c|10.1.0.34:15058]|listeners:[], old=null
2024-01-11 04:03:29,997 [719c3446-6328-4d08-9922-2d459786fd6c-groupManagement] INFO  server.RaftServer$Division (RaftServerImpl.java:setRole(383)) - 719c3446-6328-4d08-9922-2d459786fd6c@group-5854FC908815: changes role from      null to FOLLOWER at term 0 for startAsFollower
2024-01-11 04:03:29,999 [719c3446-6328-4d08-9922-2d459786fd6c-groupManagement] INFO  impl.RoleInfo (RoleInfo.java:updateAndGet(139)) - 719c3446-6328-4d08-9922-2d459786fd6c: start 719c3446-6328-4d08-9922-2d459786fd6c@group-5854FC908815-FollowerState
2024-01-11 04:03:29,999 [8656a35e-0084-4fca-b387-4ce1151a6fbb-groupManagement] INFO  util.JmxRegister (JmxRegister.java:tryRegister(44)) - Successfully registered JMX Bean with object name Ratis:service=RaftServer,group=group-81FA45F9E5D4,id=8656a35e-0084-4fca-b387-4ce1151a6fbb
2024-01-11 04:03:29,999 [8656a35e-0084-4fca-b387-4ce1151a6fbb@group-81FA45F9E5D4-FollowerState] INFO  server.RaftServerConfigKeys (ConfUtils.java:logFallback(53)) - raft.server.rpc.first-election.timeout.min = 5s (fallback to raft.server.rpc.timeout.min)
2024-01-11 04:03:29,999 [8656a35e-0084-4fca-b387-4ce1151a6fbb@group-81FA45F9E5D4-FollowerState] INFO  server.RaftServerConfigKeys (ConfUtils.java:logFallback(53)) - raft.server.rpc.first-election.timeout.max = 5200ms (fallback to raft.server.rpc.timeout.max)
2024-01-11 04:03:29,999 [8656a35e-0084-4fca-b387-4ce1151a6fbb-groupManagement] INFO  server.RaftServerConfigKeys (ConfUtils.java:logGet(46)) - raft.server.snapshot.trigger-when-stop.enabled = true (default)
2024-01-11 04:03:29,999 [8656a35e-0084-4fca-b387-4ce1151a6fbb-groupManagement] INFO  server.RaftServerConfigKeys (ConfUtils.java:logGet(46)) - raft.server.snapshot.auto.trigger.enabled = true (custom)
2024-01-11 04:03:29,999 [8656a35e-0084-4fca-b387-4ce1151a6fbb-groupManagement] INFO  server.RaftServerConfigKeys (ConfUtils.java:logGet(46)) - raft.server.snapshot.auto.trigger.threshold = 10000 (custom)
2024-01-11 04:03:30,000 [8656a35e-0084-4fca-b387-4ce1151a6fbb-groupManagement] INFO  server.RaftServerConfigKeys (ConfUtils.java:logGet(46)) - raft.server.snapshot.retention.file.num = 5 (custom)
2024-01-11 04:03:30,000 [8656a35e-0084-4fca-b387-4ce1151a6fbb-groupManagement] INFO  server.RaftServerConfigKeys (ConfUtils.java:logGet(46)) - raft.server.log.purge.upto.snapshot.index = false (default)
2024-01-11 04:03:30,000 [719c3446-6328-4d08-9922-2d459786fd6c-groupManagement] INFO  util.JmxRegister (JmxRegister.java:tryRegister(44)) - Successfully registered JMX Bean with object name Ratis:service=RaftServer,group=group-5854FC908815,id=719c3446-6328-4d08-9922-2d459786fd6c
2024-01-11 04:03:30,000 [719c3446-6328-4d08-9922-2d459786fd6c-groupManagement] INFO  server.RaftServerConfigKeys (ConfUtils.java:logGet(46)) - raft.server.snapshot.trigger-when-stop.enabled = true (default)
2024-01-11 04:03:30,000 [719c3446-6328-4d08-9922-2d459786fd6c-groupManagement] INFO  server.RaftServerConfigKeys (ConfUtils.java:logGet(46)) - raft.server.snapshot.auto.trigger.enabled = true (custom)
2024-01-11 04:03:30,000 [719c3446-6328-4d08-9922-2d459786fd6c-groupManagement] INFO  server.RaftServerConfigKeys (ConfUtils.java:logGet(46)) - raft.server.snapshot.auto.trigger.threshold = 10000 (custom)
2024-01-11 04:03:30,000 [719c3446-6328-4d08-9922-2d459786fd6c-groupManagement] INFO  server.RaftServerConfigKeys (ConfUtils.java:logGet(46)) - raft.server.snapshot.retention.file.num = 5 (custom)
2024-01-11 04:03:30,000 [719c3446-6328-4d08-9922-2d459786fd6c-groupManagement] INFO  server.RaftServerConfigKeys (ConfUtils.java:logGet(46)) - raft.server.log.purge.upto.snapshot.index = false (default)
2024-01-11 04:03:30,003 [719c3446-6328-4d08-9922-2d459786fd6c@group-5854FC908815-FollowerState] INFO  server.RaftServerConfigKeys (ConfUtils.java:logFallback(53)) - raft.server.rpc.first-election.timeout.min = 5s (fallback to raft.server.rpc.timeout.min)
2024-01-11 04:03:30,003 [719c3446-6328-4d08-9922-2d459786fd6c@group-5854FC908815-FollowerState] INFO  server.RaftServerConfigKeys (ConfUtils.java:logFallback(53)) - raft.server.rpc.first-election.timeout.max = 5200ms (fallback to raft.server.rpc.timeout.max)
2024-01-11 04:03:30,018 [719c3446-6328-4d08-9922-2d459786fd6c-PipelineCommandHandlerThread-0] INFO  ratis.XceiverServerRatis (XceiverServerRatis.java:addGroup(842)) - Created group PipelineID=721acb45-f8e7-4d46-993d-5854fc908815
2024-01-11 04:03:30,019 [719c3446-6328-4d08-9922-2d459786fd6c-PipelineCommandHandlerThread-0] INFO  commandhandler.CreatePipelineCommandHandler (CreatePipelineCommandHandler.java:lambda$handle$2(124)) - Created Pipeline RATIS ONE PipelineID=721acb45-f8e7-4d46-993d-5854fc908815.
2024-01-11 04:03:30,019 [719c3446-6328-4d08-9922-2d459786fd6c-PipelineCommandHandlerThread-0] INFO  server.RaftServer (RaftServerProxy.java:addNew(100)) - 719c3446-6328-4d08-9922-2d459786fd6c: addNew group-81FA45F9E5D4:[719c3446-6328-4d08-9922-2d459786fd6c|10.1.0.34:15058, df850d10-9c85-4972-b407-c0325fc6d584|10.1.0.34:15049, 8656a35e-0084-4fca-b387-4ce1151a6fbb|10.1.0.34:15067] returns group-81FA45F9E5D4:java.util.concurrent.CompletableFuture@28c77441[Not completed]
2024-01-11 04:03:30,021 [719c3446-6328-4d08-9922-2d459786fd6c-groupManagement] INFO  server.RaftServer$Division (RaftServerImpl.java:<init>(256)) - 719c3446-6328-4d08-9922-2d459786fd6c: new RaftServerImpl for group-81FA45F9E5D4:[719c3446-6328-4d08-9922-2d459786fd6c|10.1.0.34:15058, df850d10-9c85-4972-b407-c0325fc6d584|10.1.0.34:15049, 8656a35e-0084-4fca-b387-4ce1151a6fbb|10.1.0.34:15067] with ContainerStateMachine:uninitialized
2024-01-11 04:03:30,021 [719c3446-6328-4d08-9922-2d459786fd6c-groupManagement] INFO  server.RaftServerConfigKeys (ConfUtils.java:logGet(46)) - raft.server.rpc.timeout.min = 5s (custom)
2024-01-11 04:03:30,021 [719c3446-6328-4d08-9922-2d459786fd6c-groupManagement] INFO  server.RaftServerConfigKeys (ConfUtils.java:logGet(46)) - raft.server.rpc.timeout.max = 5200ms (custom)
2024-01-11 04:03:30,021 [719c3446-6328-4d08-9922-2d459786fd6c-groupManagement] INFO  server.RaftServerConfigKeys (ConfUtils.java:logGet(46)) - raft.server.rpc.sleep.time = 25ms (default)
2024-01-11 04:03:30,021 [719c3446-6328-4d08-9922-2d459786fd6c-groupManagement] INFO  server.RaftServerConfigKeys (ConfUtils.java:logGet(46)) - raft.server.rpc.slowness.timeout = 300s (custom)
2024-01-11 04:03:30,022 [719c3446-6328-4d08-9922-2d459786fd6c-groupManagement] INFO  server.RaftServerConfigKeys (ConfUtils.java:logGet(46)) - raft.server.leaderelection.leader.step-down.wait-time = 10s (default)
2024-01-11 04:03:30,022 [719c3446-6328-4d08-9922-2d459786fd6c-groupManagement] INFO  server.RaftServerConfigKeys (ConfUtils.java:logGet(46)) - raft.server.leaderelection.member.majority-add = false (default)
2024-01-11 04:03:30,022 [719c3446-6328-4d08-9922-2d459786fd6c-groupManagement] INFO  server.RaftServerConfigKeys (ConfUtils.java:logGet(46)) - raft.server.sleep.deviation.threshold = 300ms (default)
2024-01-11 04:03:30,022 [719c3446-6328-4d08-9922-2d459786fd6c-groupManagement] INFO  server.RaftServer$Division (ServerState.java:<init>(113)) - 719c3446-6328-4d08-9922-2d459786fd6c@group-81FA45F9E5D4: ConfigurationManager, init=-1: peers:[719c3446-6328-4d08-9922-2d459786fd6c|10.1.0.34:15058, df850d10-9c85-4972-b407-c0325fc6d584|10.1.0.34:15049, 8656a35e-0084-4fca-b387-4ce1151a6fbb|10.1.0.34:15067]|listeners:[], old=null, confs=<EMPTY_MAP>
2024-01-11 04:03:30,022 [719c3446-6328-4d08-9922-2d459786fd6c-groupManagement] INFO  server.RaftServerConfigKeys (ConfUtils.java:logGet(46)) - raft.server.notification.no-leader.timeout = 300s (custom)
2024-01-11 04:03:30,022 [719c3446-6328-4d08-9922-2d459786fd6c-groupManagement] INFO  server.RaftServerConfigKeys (ConfUtils.java:logGet(46)) - raft.server.read.timeout = 10s (default)
2024-01-11 04:03:30,022 [719c3446-6328-4d08-9922-2d459786fd6c-groupManagement] INFO  server.RaftServerConfigKeys (ConfUtils.java:logGet(46)) - raft.server.retrycache.expirytime = 600000ms (custom)
2024-01-11 04:03:30,022 [719c3446-6328-4d08-9922-2d459786fd6c-groupManagement] INFO  server.RaftServerConfigKeys (ConfUtils.java:logGet(46)) - raft.server.retrycache.statistics.expirytime = 100ms (default)
2024-01-11 04:03:30,022 [719c3446-6328-4d08-9922-2d459786fd6c-groupManagement] INFO  server.RaftServerConfigKeys (ConfUtils.java:logGet(46)) - raft.server.read.option = DEFAULT (default)
2024-01-11 04:03:30,022 [719c3446-6328-4d08-9922-2d459786fd6c-groupManagement] INFO  server.RaftServerConfigKeys (ConfUtils.java:logGet(46)) - raft.server.read.read-after-write-consistent.write-index-cache.expiry-time = 60s (default)
2024-01-11 04:03:30,024 [719c3446-6328-4d08-9922-2d459786fd6c-groupManagement] INFO  server.RaftServerConfigKeys (ConfUtils.java:logGet(46)) - raft.server.rpc.request.timeout = 60s (custom)
2024-01-11 04:03:30,024 [719c3446-6328-4d08-9922-2d459786fd6c-groupManagement] INFO  server.RaftServerConfigKeys (ConfUtils.java:logGet(46)) - raft.server.log.appender.install.snapshot.enabled = false (custom)
2024-01-11 04:03:30,024 [719c3446-6328-4d08-9922-2d459786fd6c-groupManagement] INFO  server.RaftServerConfigKeys (ConfUtils.java:logGet(46)) - raft.server.threadpool.server.cached = true (default)
2024-01-11 04:03:30,024 [719c3446-6328-4d08-9922-2d459786fd6c-groupManagement] INFO  server.RaftServerConfigKeys (ConfUtils.java:logGet(46)) - raft.server.threadpool.server.size = 0 (default)
2024-01-11 04:03:30,024 [719c3446-6328-4d08-9922-2d459786fd6c-groupManagement] INFO  server.RaftServerConfigKeys (ConfUtils.java:logGet(46)) - raft.server.threadpool.client.cached = true (default)
2024-01-11 04:03:30,025 [719c3446-6328-4d08-9922-2d459786fd6c-groupManagement] INFO  server.RaftServerConfigKeys (ConfUtils.java:logGet(46)) - raft.server.threadpool.client.size = 0 (default)
2024-01-11 04:03:30,025 [719c3446-6328-4d08-9922-2d459786fd6c-groupManagement] INFO  server.RaftServerConfigKeys (ConfUtils.java:logGet(46)) - raft.server.storage.free-space.min = 0MB (=0) (default)
2024-01-11 04:03:30,025 [719c3446-6328-4d08-9922-2d459786fd6c-groupManagement] INFO  server.RaftServerConfigKeys (ConfUtils.java:logGet(46)) - raft.server.log.corruption.policy = EXCEPTION (default)
2024-01-11 04:03:30,025 [719c3446-6328-4d08-9922-2d459786fd6c-groupManagement] INFO  server.RaftServerConfigKeys (ConfUtils.java:logGet(46)) - raft.server.storage.dir = [/home/runner/work/ozone/ozone/hadoop-ozone/integration-test/target/test-dir/MiniOzoneClusterImpl-8912d24f-c240-4c97-8da2-3552e928269b/datanode-1/data/ratis] (custom)
2024-01-11 04:03:30,025 [719c3446-6328-4d08-9922-2d459786fd6c-groupManagement] INFO  storage.RaftStorageDirectory (RaftStorageDirectoryImpl.java:analyzeStorage(138)) - The storage directory /home/runner/work/ozone/ozone/hadoop-ozone/integration-test/target/test-dir/MiniOzoneClusterImpl-8912d24f-c240-4c97-8da2-3552e928269b/datanode-1/data/ratis/777b88da-baa3-4926-8e81-81fa45f9e5d4 does not exist. Creating ...
2024-01-11 04:03:30,027 [719c3446-6328-4d08-9922-2d459786fd6c-groupManagement] INFO  storage.RaftStorageDirectory (RaftStorageDirectoryImpl.java:tryLock(228)) - Lock on /home/runner/work/ozone/ozone/hadoop-ozone/integration-test/target/test-dir/MiniOzoneClusterImpl-8912d24f-c240-4c97-8da2-3552e928269b/datanode-1/data/ratis/777b88da-baa3-4926-8e81-81fa45f9e5d4/in_use.lock acquired by nodename 56095@fv-az1458-636
2024-01-11 04:03:30,032 [719c3446-6328-4d08-9922-2d459786fd6c-groupManagement] INFO  storage.RaftStorage (RaftStorageImpl.java:format(99)) - Storage directory /home/runner/work/ozone/ozone/hadoop-ozone/integration-test/target/test-dir/MiniOzoneClusterImpl-8912d24f-c240-4c97-8da2-3552e928269b/datanode-1/data/ratis/777b88da-baa3-4926-8e81-81fa45f9e5d4 has been successfully formatted.
2024-01-11 04:03:30,033 [719c3446-6328-4d08-9922-2d459786fd6c-groupManagement] WARN  util.FileUtils (LogUtils.java:supplyAndLog(63)) - Failed to Files.newInputStream /home/runner/work/ozone/ozone/hadoop-ozone/integration-test/target/test-dir/MiniOzoneClusterImpl-8912d24f-c240-4c97-8da2-3552e928269b/datanode-1/data/ratis/777b88da-baa3-4926-8e81-81fa45f9e5d4/current/raft-meta.conf with options []: java.nio.file.NoSuchFileException: /home/runner/work/ozone/ozone/hadoop-ozone/integration-test/target/test-dir/MiniOzoneClusterImpl-8912d24f-c240-4c97-8da2-3552e928269b/datanode-1/data/ratis/777b88da-baa3-4926-8e81-81fa45f9e5d4/current/raft-meta.conf
2024-01-11 04:03:30,033 [719c3446-6328-4d08-9922-2d459786fd6c-groupManagement] INFO  ratis.ContainerStateMachine (ContainerStateMachine.java:loadSnapshot(287)) - group-81FA45F9E5D4: The snapshot info is null. Setting the last applied index to:(t:0, i:~)
2024-01-11 04:03:30,033 [719c3446-6328-4d08-9922-2d459786fd6c-groupManagement] INFO  server.RaftServerConfigKeys (ConfUtils.java:logGet(46)) - raft.server.log.use.memory = false (default)
2024-01-11 04:03:30,033 [719c3446-6328-4d08-9922-2d459786fd6c-groupManagement] INFO  server.RaftServerConfigKeys (ConfUtils.java:logGet(46)) - raft.server.log.purge.gap = 1000000 (custom)
2024-01-11 04:03:30,033 [719c3446-6328-4d08-9922-2d459786fd6c-groupManagement] INFO  server.RaftServerConfigKeys (ConfUtils.java:logGet(46)) - raft.server.log.appender.buffer.byte-limit = 8388608 (custom)
2024-01-11 04:03:30,033 [719c3446-6328-4d08-9922-2d459786fd6c-groupManagement] INFO  server.RaftServerConfigKeys (ConfUtils.java:logGet(46)) - raft.server.log.statemachine.data.read.timeout = 1000ms (default)
2024-01-11 04:03:30,034 [719c3446-6328-4d08-9922-2d459786fd6c-groupManagement] INFO  server.RaftServerConfigKeys (ConfUtils.java:logGet(46)) - raft.server.log.purge.preservation.log.num = 0 (default)
2024-01-11 04:03:30,035 [719c3446-6328-4d08-9922-2d459786fd6c-groupManagement] INFO  server.RaftServerConfigKeys (ConfUtils.java:logGet(46)) - raft.server.log.segment.size.max = 67108864 (custom)
2024-01-11 04:03:30,035 [719c3446-6328-4d08-9922-2d459786fd6c-groupManagement] INFO  server.RaftServerConfigKeys (ConfUtils.java:logGet(46)) - raft.server.log.segment.cache.num.max = 2 (custom)
2024-01-11 04:03:30,035 [719c3446-6328-4d08-9922-2d459786fd6c-groupManagement] INFO  server.RaftServerConfigKeys (ConfUtils.java:logGet(46)) - raft.server.log.segment.cache.size.max = 200MB (=209715200) (default)
2024-01-11 04:03:30,035 [719c3446-6328-4d08-9922-2d459786fd6c-groupManagement] INFO  server.RaftServerConfigKeys (ConfUtils.java:logGet(46)) - raft.server.log.appender.buffer.byte-limit = 8388608 (custom)
2024-01-11 04:03:30,035 [EventQueue-OpenPipelineForHealthyPipelineSafeModeRule] INFO  safemode.SCMSafeModeManager (HealthyPipelineSafeModeRule.java:process(140)) - SCM in safe mode. Healthy pipelines reported count is 0, required healthy pipeline reported count is 1
2024-01-11 04:03:30,036 [719c3446-6328-4d08-9922-2d459786fd6c-groupManagement] INFO  util.AwaitToRun (AwaitToRun.java:start(81)) - Thread[719c3446-6328-4d08-9922-2d459786fd6c@group-81FA45F9E5D4-cacheEviction-AwaitToRun,5,main] started
2024-01-11 04:03:30,036 [719c3446-6328-4d08-9922-2d459786fd6c-groupManagement] INFO  segmented.SegmentedRaftLogWorker (SegmentedRaftLogWorker.java:<init>(182)) - new 719c3446-6328-4d08-9922-2d459786fd6c@group-81FA45F9E5D4-SegmentedRaftLogWorker for RaftStorageImpl:Storage Directory /home/runner/work/ozone/ozone/hadoop-ozone/integration-test/target/test-dir/MiniOzoneClusterImpl-8912d24f-c240-4c97-8da2-3552e928269b/datanode-1/data/ratis/777b88da-baa3-4926-8e81-81fa45f9e5d4
2024-01-11 04:03:30,037 [719c3446-6328-4d08-9922-2d459786fd6c-groupManagement] INFO  server.RaftServerConfigKeys (ConfUtils.java:logGet(46)) - raft.server.log.queue.byte-limit = 4294967296 (custom)
2024-01-11 04:03:30,037 [719c3446-6328-4d08-9922-2d459786fd6c-groupManagement] INFO  server.RaftServerConfigKeys (ConfUtils.java:logGet(46)) - raft.server.log.queue.element-limit = 1024 (custom)
2024-01-11 04:03:30,037 [719c3446-6328-4d08-9922-2d459786fd6c-groupManagement] INFO  server.RaftServerConfigKeys (ConfUtils.java:logGet(46)) - raft.server.log.segment.size.max = 67108864 (custom)
2024-01-11 04:03:30,037 [719c3446-6328-4d08-9922-2d459786fd6c-groupManagement] INFO  server.RaftServerConfigKeys (ConfUtils.java:logGet(46)) - raft.server.log.preallocated.size = 4194304 (custom)
2024-01-11 04:03:30,037 [719c3446-6328-4d08-9922-2d459786fd6c-groupManagement] INFO  server.RaftServerConfigKeys (ConfUtils.java:logGet(46)) - raft.server.log.force.sync.num = 128 (default)
2024-01-11 04:03:30,037 [719c3446-6328-4d08-9922-2d459786fd6c-groupManagement] INFO  server.RaftServerConfigKeys (ConfUtils.java:logGet(46)) - raft.server.log.statemachine.data.sync = true (default)
2024-01-11 04:03:30,037 [719c3446-6328-4d08-9922-2d459786fd6c-groupManagement] INFO  server.RaftServerConfigKeys (ConfUtils.java:logGet(46)) - raft.server.log.statemachine.data.sync.timeout = 10s (default)
2024-01-11 04:03:30,037 [719c3446-6328-4d08-9922-2d459786fd6c-groupManagement] INFO  server.RaftServerConfigKeys (ConfUtils.java:logGet(46)) - raft.server.log.statemachine.data.sync.timeout.retry = 0 (custom)
2024-01-11 04:03:30,037 [719c3446-6328-4d08-9922-2d459786fd6c-groupManagement] INFO  server.RaftServerConfigKeys (ConfUtils.java:logGet(46)) - raft.server.log.write.buffer.size = 8388616 (custom)
2024-01-11 04:03:30,039 [719c3446-6328-4d08-9922-2d459786fd6c-groupManagement] INFO  server.RaftServerConfigKeys (ConfUtils.java:logGet(46)) - raft.server.log.appender.buffer.byte-limit = 8388608 (custom)
2024-01-11 04:03:30,039 [719c3446-6328-4d08-9922-2d459786fd6c-groupManagement] INFO  server.RaftServerConfigKeys (ConfUtils.java:logGet(46)) - raft.server.log.unsafe-flush.enabled = false (default)
2024-01-11 04:03:30,039 [719c3446-6328-4d08-9922-2d459786fd6c-groupManagement] INFO  server.RaftServerConfigKeys (ConfUtils.java:logGet(46)) - raft.server.log.async-flush.enabled = false (default)
2024-01-11 04:03:30,040 [719c3446-6328-4d08-9922-2d459786fd6c-groupManagement] INFO  server.RaftServerConfigKeys (ConfUtils.java:logGet(46)) - raft.server.log.statemachine.data.caching.enabled = true (custom)
2024-01-11 04:03:30,040 [719c3446-6328-4d08-9922-2d459786fd6c-groupManagement] INFO  segmented.SegmentedRaftLogWorker (SegmentedRaftLogWorker.java:lambda$new$0(134)) - 719c3446-6328-4d08-9922-2d459786fd6c@group-81FA45F9E5D4-SegmentedRaftLogWorker: flushIndex: setUnconditionally 0 -> -1
2024-01-11 04:03:30,040 [719c3446-6328-4d08-9922-2d459786fd6c-groupManagement] INFO  segmented.SegmentedRaftLogWorker (SegmentedRaftLogWorker.java:lambda$new$0(134)) - 719c3446-6328-4d08-9922-2d459786fd6c@group-81FA45F9E5D4-SegmentedRaftLogWorker: safeCacheEvictIndex: setUnconditionally 0 -> -1
2024-01-11 04:03:30,040 [719c3446-6328-4d08-9922-2d459786fd6c-groupManagement] INFO  server.RaftServer$Division (RaftServerImpl.java:start(396)) - 719c3446-6328-4d08-9922-2d459786fd6c@group-81FA45F9E5D4: start as a follower, conf=-1: peers:[719c3446-6328-4d08-9922-2d459786fd6c|10.1.0.34:15058, df850d10-9c85-4972-b407-c0325fc6d584|10.1.0.34:15049, 8656a35e-0084-4fca-b387-4ce1151a6fbb|10.1.0.34:15067]|listeners:[], old=null
2024-01-11 04:03:30,040 [719c3446-6328-4d08-9922-2d459786fd6c-groupManagement] INFO  server.RaftServer$Division (RaftServerImpl.java:setRole(383)) - 719c3446-6328-4d08-9922-2d459786fd6c@group-81FA45F9E5D4: changes role from      null to FOLLOWER at term 0 for startAsFollower
2024-01-11 04:03:30,040 [719c3446-6328-4d08-9922-2d459786fd6c-groupManagement] INFO  impl.RoleInfo (RoleInfo.java:updateAndGet(139)) - 719c3446-6328-4d08-9922-2d459786fd6c: start 719c3446-6328-4d08-9922-2d459786fd6c@group-81FA45F9E5D4-FollowerState
2024-01-11 04:03:30,045 [719c3446-6328-4d08-9922-2d459786fd6c-groupManagement] INFO  util.JmxRegister (JmxRegister.java:tryRegister(44)) - Successfully registered JMX Bean with object name Ratis:service=RaftServer,group=group-81FA45F9E5D4,id=719c3446-6328-4d08-9922-2d459786fd6c
2024-01-11 04:03:30,045 [719c3446-6328-4d08-9922-2d459786fd6c-groupManagement] INFO  server.RaftServerConfigKeys (ConfUtils.java:logGet(46)) - raft.server.snapshot.trigger-when-stop.enabled = true (default)
2024-01-11 04:03:30,045 [719c3446-6328-4d08-9922-2d459786fd6c-groupManagement] INFO  server.RaftServerConfigKeys (ConfUtils.java:logGet(46)) - raft.server.snapshot.auto.trigger.enabled = true (custom)
2024-01-11 04:03:30,045 [719c3446-6328-4d08-9922-2d459786fd6c-groupManagement] INFO  server.RaftServerConfigKeys (ConfUtils.java:logGet(46)) - raft.server.snapshot.auto.trigger.threshold = 10000 (custom)
2024-01-11 04:03:30,045 [719c3446-6328-4d08-9922-2d459786fd6c-groupManagement] INFO  server.RaftServerConfigKeys (ConfUtils.java:logGet(46)) - raft.server.snapshot.retention.file.num = 5 (custom)
2024-01-11 04:03:30,046 [719c3446-6328-4d08-9922-2d459786fd6c-groupManagement] INFO  server.RaftServerConfigKeys (ConfUtils.java:logGet(46)) - raft.server.log.purge.upto.snapshot.index = false (default)
2024-01-11 04:03:30,046 [719c3446-6328-4d08-9922-2d459786fd6c@group-81FA45F9E5D4-FollowerState] INFO  server.RaftServerConfigKeys (ConfUtils.java:logFallback(53)) - raft.server.rpc.first-election.timeout.min = 5s (fallback to raft.server.rpc.timeout.min)
2024-01-11 04:03:30,047 [719c3446-6328-4d08-9922-2d459786fd6c@group-81FA45F9E5D4-FollowerState] INFO  server.RaftServerConfigKeys (ConfUtils.java:logFallback(53)) - raft.server.rpc.first-election.timeout.max = 5200ms (fallback to raft.server.rpc.timeout.max)
2024-01-11 04:03:30,048 [df850d10-9c85-4972-b407-c0325fc6d584-PipelineCommandHandlerThread-0] INFO  commandhandler.CreatePipelineCommandHandler (CreatePipelineCommandHandler.java:lambda$handle$2(124)) - Created Pipeline RATIS THREE PipelineID=777b88da-baa3-4926-8e81-81fa45f9e5d4.
2024-01-11 04:03:30,048 [719c3446-6328-4d08-9922-2d459786fd6c-PipelineCommandHandlerThread-0] INFO  ratis.XceiverServerRatis (XceiverServerRatis.java:addGroup(842)) - Created group PipelineID=777b88da-baa3-4926-8e81-81fa45f9e5d4
2024-01-11 04:03:30,060 [Mini-Cluster-Provider-Create] INFO  ozone.MiniOzoneClusterImpl (MiniOzoneClusterImpl.java:lambda$waitForClusterToBeReady$0(229)) - Nodes are ready. Got 3 of 3 DN Heartbeats.
2024-01-11 04:03:30,060 [Mini-Cluster-Provider-Create] INFO  ozone.MiniOzoneClusterImpl (MiniOzoneClusterImpl.java:lambda$waitForClusterToBeReady$0(232)) - Waiting for cluster to exit safe mode
2024-01-11 04:03:30,060 [Mini-Cluster-Provider-Create] INFO  ozone.MiniOzoneClusterImpl (MiniOzoneClusterImpl.java:lambda$waitForClusterToBeReady$0(234)) - SCM became leader
2024-01-11 04:03:30,061 [8656a35e-0084-4fca-b387-4ce1151a6fbb-PipelineCommandHandlerThread-0] INFO  server.RaftServer (RaftServerProxy.java:addNew(100)) - 8656a35e-0084-4fca-b387-4ce1151a6fbb: addNew group-EB30312CDD54:[8656a35e-0084-4fca-b387-4ce1151a6fbb|10.1.0.34:15067] returns group-EB30312CDD54:java.util.concurrent.CompletableFuture@21224838[Not completed]
2024-01-11 04:03:30,062 [8656a35e-0084-4fca-b387-4ce1151a6fbb-groupManagement] INFO  server.RaftServer$Division (RaftServerImpl.java:<init>(256)) - 8656a35e-0084-4fca-b387-4ce1151a6fbb: new RaftServerImpl for group-EB30312CDD54:[8656a35e-0084-4fca-b387-4ce1151a6fbb|10.1.0.34:15067] with ContainerStateMachine:uninitialized
2024-01-11 04:03:30,062 [8656a35e-0084-4fca-b387-4ce1151a6fbb-groupManagement] INFO  server.RaftServerConfigKeys (ConfUtils.java:logGet(46)) - raft.server.rpc.timeout.min = 5s (custom)
2024-01-11 04:03:30,062 [8656a35e-0084-4fca-b387-4ce1151a6fbb-groupManagement] INFO  server.RaftServerConfigKeys (ConfUtils.java:logGet(46)) - raft.server.rpc.timeout.max = 5200ms (custom)
2024-01-11 04:03:30,062 [8656a35e-0084-4fca-b387-4ce1151a6fbb-groupManagement] INFO  server.RaftServerConfigKeys (ConfUtils.java:logGet(46)) - raft.server.rpc.sleep.time = 25ms (default)
2024-01-11 04:03:30,062 [8656a35e-0084-4fca-b387-4ce1151a6fbb-groupManagement] INFO  server.RaftServerConfigKeys (ConfUtils.java:logGet(46)) - raft.server.rpc.slowness.timeout = 300s (custom)
2024-01-11 04:03:30,062 [8656a35e-0084-4fca-b387-4ce1151a6fbb-groupManagement] INFO  server.RaftServerConfigKeys (ConfUtils.java:logGet(46)) - raft.server.leaderelection.leader.step-down.wait-time = 10s (default)
2024-01-11 04:03:30,063 [8656a35e-0084-4fca-b387-4ce1151a6fbb-groupManagement] INFO  server.RaftServerConfigKeys (ConfUtils.java:logGet(46)) - raft.server.leaderelection.member.majority-add = false (default)
2024-01-11 04:03:30,063 [8656a35e-0084-4fca-b387-4ce1151a6fbb-groupManagement] INFO  server.RaftServerConfigKeys (ConfUtils.java:logGet(46)) - raft.server.sleep.deviation.threshold = 300ms (default)
2024-01-11 04:03:30,063 [8656a35e-0084-4fca-b387-4ce1151a6fbb-groupManagement] INFO  server.RaftServer$Division (ServerState.java:<init>(113)) - 8656a35e-0084-4fca-b387-4ce1151a6fbb@group-EB30312CDD54: ConfigurationManager, init=-1: peers:[8656a35e-0084-4fca-b387-4ce1151a6fbb|10.1.0.34:15067]|listeners:[], old=null, confs=<EMPTY_MAP>
2024-01-11 04:03:30,063 [8656a35e-0084-4fca-b387-4ce1151a6fbb-groupManagement] INFO  server.RaftServerConfigKeys (ConfUtils.java:logGet(46)) - raft.server.notification.no-leader.timeout = 300s (custom)
2024-01-11 04:03:30,063 [8656a35e-0084-4fca-b387-4ce1151a6fbb-groupManagement] INFO  server.RaftServerConfigKeys (ConfUtils.java:logGet(46)) - raft.server.read.timeout = 10s (default)
2024-01-11 04:03:30,063 [8656a35e-0084-4fca-b387-4ce1151a6fbb-groupManagement] INFO  server.RaftServerConfigKeys (ConfUtils.java:logGet(46)) - raft.server.retrycache.expirytime = 600000ms (custom)
2024-01-11 04:03:30,063 [8656a35e-0084-4fca-b387-4ce1151a6fbb-groupManagement] INFO  server.RaftServerConfigKeys (ConfUtils.java:logGet(46)) - raft.server.retrycache.statistics.expirytime = 100ms (default)
2024-01-11 04:03:30,063 [8656a35e-0084-4fca-b387-4ce1151a6fbb-groupManagement] INFO  server.RaftServerConfigKeys (ConfUtils.java:logGet(46)) - raft.server.read.option = DEFAULT (default)
2024-01-11 04:03:30,063 [8656a35e-0084-4fca-b387-4ce1151a6fbb-groupManagement] INFO  server.RaftServerConfigKeys (ConfUtils.java:logGet(46)) - raft.server.read.read-after-write-consistent.write-index-cache.expiry-time = 60s (default)
2024-01-11 04:03:30,065 [8656a35e-0084-4fca-b387-4ce1151a6fbb-groupManagement] INFO  server.RaftServerConfigKeys (ConfUtils.java:logGet(46)) - raft.server.rpc.request.timeout = 60s (custom)
2024-01-11 04:03:30,065 [8656a35e-0084-4fca-b387-4ce1151a6fbb-groupManagement] INFO  server.RaftServerConfigKeys (ConfUtils.java:logGet(46)) - raft.server.log.appender.install.snapshot.enabled = false (custom)
2024-01-11 04:03:30,065 [8656a35e-0084-4fca-b387-4ce1151a6fbb-groupManagement] INFO  server.RaftServerConfigKeys (ConfUtils.java:logGet(46)) - raft.server.threadpool.server.cached = true (default)
2024-01-11 04:03:30,065 [8656a35e-0084-4fca-b387-4ce1151a6fbb-groupManagement] INFO  server.RaftServerConfigKeys (ConfUtils.java:logGet(46)) - raft.server.threadpool.server.size = 0 (default)
2024-01-11 04:03:30,065 [8656a35e-0084-4fca-b387-4ce1151a6fbb-groupManagement] INFO  server.RaftServerConfigKeys (ConfUtils.java:logGet(46)) - raft.server.threadpool.client.cached = true (default)
2024-01-11 04:03:30,065 [8656a35e-0084-4fca-b387-4ce1151a6fbb-groupManagement] INFO  server.RaftServerConfigKeys (ConfUtils.java:logGet(46)) - raft.server.threadpool.client.size = 0 (default)
2024-01-11 04:03:30,065 [8656a35e-0084-4fca-b387-4ce1151a6fbb-groupManagement] INFO  server.RaftServerConfigKeys (ConfUtils.java:logGet(46)) - raft.server.storage.free-space.min = 0MB (=0) (default)
2024-01-11 04:03:30,065 [8656a35e-0084-4fca-b387-4ce1151a6fbb-groupManagement] INFO  server.RaftServerConfigKeys (ConfUtils.java:logGet(46)) - raft.server.log.corruption.policy = EXCEPTION (default)
2024-01-11 04:03:30,065 [8656a35e-0084-4fca-b387-4ce1151a6fbb-groupManagement] INFO  server.RaftServerConfigKeys (ConfUtils.java:logGet(46)) - raft.server.storage.dir = [/home/runner/work/ozone/ozone/hadoop-ozone/integration-test/target/test-dir/MiniOzoneClusterImpl-8912d24f-c240-4c97-8da2-3552e928269b/datanode-2/data/ratis] (custom)
2024-01-11 04:03:30,066 [8656a35e-0084-4fca-b387-4ce1151a6fbb-groupManagement] INFO  storage.RaftStorageDirectory (RaftStorageDirectoryImpl.java:analyzeStorage(138)) - The storage directory /home/runner/work/ozone/ozone/hadoop-ozone/integration-test/target/test-dir/MiniOzoneClusterImpl-8912d24f-c240-4c97-8da2-3552e928269b/datanode-2/data/ratis/4264de1d-e076-4780-abf8-eb30312cdd54 does not exist. Creating ...
2024-01-11 04:03:30,067 [8656a35e-0084-4fca-b387-4ce1151a6fbb-groupManagement] INFO  storage.RaftStorageDirectory (RaftStorageDirectoryImpl.java:tryLock(228)) - Lock on /home/runner/work/ozone/ozone/hadoop-ozone/integration-test/target/test-dir/MiniOzoneClusterImpl-8912d24f-c240-4c97-8da2-3552e928269b/datanode-2/data/ratis/4264de1d-e076-4780-abf8-eb30312cdd54/in_use.lock acquired by nodename 56095@fv-az1458-636
2024-01-11 04:03:30,071 [8656a35e-0084-4fca-b387-4ce1151a6fbb-groupManagement] INFO  storage.RaftStorage (RaftStorageImpl.java:format(99)) - Storage directory /home/runner/work/ozone/ozone/hadoop-ozone/integration-test/target/test-dir/MiniOzoneClusterImpl-8912d24f-c240-4c97-8da2-3552e928269b/datanode-2/data/ratis/4264de1d-e076-4780-abf8-eb30312cdd54 has been successfully formatted.
2024-01-11 04:03:30,071 [8656a35e-0084-4fca-b387-4ce1151a6fbb-groupManagement] WARN  util.FileUtils (LogUtils.java:supplyAndLog(63)) - Failed to Files.newInputStream /home/runner/work/ozone/ozone/hadoop-ozone/integration-test/target/test-dir/MiniOzoneClusterImpl-8912d24f-c240-4c97-8da2-3552e928269b/datanode-2/data/ratis/4264de1d-e076-4780-abf8-eb30312cdd54/current/raft-meta.conf with options []: java.nio.file.NoSuchFileException: /home/runner/work/ozone/ozone/hadoop-ozone/integration-test/target/test-dir/MiniOzoneClusterImpl-8912d24f-c240-4c97-8da2-3552e928269b/datanode-2/data/ratis/4264de1d-e076-4780-abf8-eb30312cdd54/current/raft-meta.conf
2024-01-11 04:03:30,072 [8656a35e-0084-4fca-b387-4ce1151a6fbb-groupManagement] INFO  ratis.ContainerStateMachine (ContainerStateMachine.java:loadSnapshot(287)) - group-EB30312CDD54: The snapshot info is null. Setting the last applied index to:(t:0, i:~)
2024-01-11 04:03:30,072 [8656a35e-0084-4fca-b387-4ce1151a6fbb-groupManagement] INFO  server.RaftServerConfigKeys (ConfUtils.java:logGet(46)) - raft.server.log.use.memory = false (default)
2024-01-11 04:03:30,072 [8656a35e-0084-4fca-b387-4ce1151a6fbb-groupManagement] INFO  server.RaftServerConfigKeys (ConfUtils.java:logGet(46)) - raft.server.log.purge.gap = 1000000 (custom)
2024-01-11 04:03:30,072 [8656a35e-0084-4fca-b387-4ce1151a6fbb-groupManagement] INFO  server.RaftServerConfigKeys (ConfUtils.java:logGet(46)) - raft.server.log.appender.buffer.byte-limit = 8388608 (custom)
2024-01-11 04:03:30,072 [8656a35e-0084-4fca-b387-4ce1151a6fbb-groupManagement] INFO  server.RaftServerConfigKeys (ConfUtils.java:logGet(46)) - raft.server.log.statemachine.data.read.timeout = 1000ms (default)
2024-01-11 04:03:30,073 [8656a35e-0084-4fca-b387-4ce1151a6fbb-groupManagement] INFO  server.RaftServerConfigKeys (ConfUtils.java:logGet(46)) - raft.server.log.purge.preservation.log.num = 0 (default)
2024-01-11 04:03:30,073 [8656a35e-0084-4fca-b387-4ce1151a6fbb-groupManagement] INFO  server.RaftServerConfigKeys (ConfUtils.java:logGet(46)) - raft.server.log.segment.size.max = 67108864 (custom)
2024-01-11 04:03:30,077 [8656a35e-0084-4fca-b387-4ce1151a6fbb-groupManagement] INFO  server.RaftServerConfigKeys (ConfUtils.java:logGet(46)) - raft.server.log.segment.cache.num.max = 2 (custom)
2024-01-11 04:03:30,077 [8656a35e-0084-4fca-b387-4ce1151a6fbb-groupManagement] INFO  server.RaftServerConfigKeys (ConfUtils.java:logGet(46)) - raft.server.log.segment.cache.size.max = 200MB (=209715200) (default)
2024-01-11 04:03:30,077 [8656a35e-0084-4fca-b387-4ce1151a6fbb-groupManagement] INFO  server.RaftServerConfigKeys (ConfUtils.java:logGet(46)) - raft.server.log.appender.buffer.byte-limit = 8388608 (custom)
2024-01-11 04:03:30,078 [8656a35e-0084-4fca-b387-4ce1151a6fbb-groupManagement] INFO  util.AwaitToRun (AwaitToRun.java:start(81)) - Thread[8656a35e-0084-4fca-b387-4ce1151a6fbb@group-EB30312CDD54-cacheEviction-AwaitToRun,5,main] started
2024-01-11 04:03:30,078 [8656a35e-0084-4fca-b387-4ce1151a6fbb-groupManagement] INFO  segmented.SegmentedRaftLogWorker (SegmentedRaftLogWorker.java:<init>(182)) - new 8656a35e-0084-4fca-b387-4ce1151a6fbb@group-EB30312CDD54-SegmentedRaftLogWorker for RaftStorageImpl:Storage Directory /home/runner/work/ozone/ozone/hadoop-ozone/integration-test/target/test-dir/MiniOzoneClusterImpl-8912d24f-c240-4c97-8da2-3552e928269b/datanode-2/data/ratis/4264de1d-e076-4780-abf8-eb30312cdd54
2024-01-11 04:03:30,078 [8656a35e-0084-4fca-b387-4ce1151a6fbb-groupManagement] INFO  server.RaftServerConfigKeys (ConfUtils.java:logGet(46)) - raft.server.log.queue.byte-limit = 4294967296 (custom)
2024-01-11 04:03:30,078 [8656a35e-0084-4fca-b387-4ce1151a6fbb-groupManagement] INFO  server.RaftServerConfigKeys (ConfUtils.java:logGet(46)) - raft.server.log.queue.element-limit = 1024 (custom)
2024-01-11 04:03:30,078 [8656a35e-0084-4fca-b387-4ce1151a6fbb-groupManagement] INFO  server.RaftServerConfigKeys (ConfUtils.java:logGet(46)) - raft.server.log.segment.size.max = 67108864 (custom)
2024-01-11 04:03:30,076 [EventQueue-PipelineReportForPipelineReportHandler] INFO  pipeline.PipelineReportHandler (PipelineReportHandler.java:processPipelineReport(136)) - Opened pipeline PipelineID=4264de1d-e076-4780-abf8-eb30312cdd54
2024-01-11 04:03:30,078 [8656a35e-0084-4fca-b387-4ce1151a6fbb-groupManagement] INFO  server.RaftServerConfigKeys (ConfUtils.java:logGet(46)) - raft.server.log.preallocated.size = 4194304 (custom)
2024-01-11 04:03:30,078 [8656a35e-0084-4fca-b387-4ce1151a6fbb-groupManagement] INFO  server.RaftServerConfigKeys (ConfUtils.java:logGet(46)) - raft.server.log.force.sync.num = 128 (default)
2024-01-11 04:03:30,078 [8656a35e-0084-4fca-b387-4ce1151a6fbb-groupManagement] INFO  server.RaftServerConfigKeys (ConfUtils.java:logGet(46)) - raft.server.log.statemachine.data.sync = true (default)
2024-01-11 04:03:30,078 [EventQueue-OpenPipelineForHealthyPipelineSafeModeRule] INFO  safemode.SCMSafeModeManager (HealthyPipelineSafeModeRule.java:process(140)) - SCM in safe mode. Healthy pipelines reported count is 0, required healthy pipeline reported count is 1
2024-01-11 04:03:30,078 [8656a35e-0084-4fca-b387-4ce1151a6fbb-groupManagement] INFO  server.RaftServerConfigKeys (ConfUtils.java:logGet(46)) - raft.server.log.statemachine.data.sync.timeout = 10s (default)
2024-01-11 04:03:30,078 [8656a35e-0084-4fca-b387-4ce1151a6fbb-groupManagement] INFO  server.RaftServerConfigKeys (ConfUtils.java:logGet(46)) - raft.server.log.statemachine.data.sync.timeout.retry = 0 (custom)
2024-01-11 04:03:30,079 [8656a35e-0084-4fca-b387-4ce1151a6fbb-groupManagement] INFO  server.RaftServerConfigKeys (ConfUtils.java:logGet(46)) - raft.server.log.write.buffer.size = 8388616 (custom)
2024-01-11 04:03:30,081 [8656a35e-0084-4fca-b387-4ce1151a6fbb-groupManagement] INFO  server.RaftServerConfigKeys (ConfUtils.java:logGet(46)) - raft.server.log.appender.buffer.byte-limit = 8388608 (custom)
2024-01-11 04:03:30,081 [8656a35e-0084-4fca-b387-4ce1151a6fbb-groupManagement] INFO  server.RaftServerConfigKeys (ConfUtils.java:logGet(46)) - raft.server.log.unsafe-flush.enabled = false (default)
2024-01-11 04:03:30,081 [8656a35e-0084-4fca-b387-4ce1151a6fbb-groupManagement] INFO  server.RaftServerConfigKeys (ConfUtils.java:logGet(46)) - raft.server.log.async-flush.enabled = false (default)
2024-01-11 04:03:30,081 [8656a35e-0084-4fca-b387-4ce1151a6fbb-groupManagement] INFO  server.RaftServerConfigKeys (ConfUtils.java:logGet(46)) - raft.server.log.statemachine.data.caching.enabled = true (custom)
2024-01-11 04:03:30,081 [8656a35e-0084-4fca-b387-4ce1151a6fbb-groupManagement] INFO  segmented.SegmentedRaftLogWorker (SegmentedRaftLogWorker.java:lambda$new$0(134)) - 8656a35e-0084-4fca-b387-4ce1151a6fbb@group-EB30312CDD54-SegmentedRaftLogWorker: flushIndex: setUnconditionally 0 -> -1
2024-01-11 04:03:30,081 [8656a35e-0084-4fca-b387-4ce1151a6fbb-groupManagement] INFO  segmented.SegmentedRaftLogWorker (SegmentedRaftLogWorker.java:lambda$new$0(134)) - 8656a35e-0084-4fca-b387-4ce1151a6fbb@group-EB30312CDD54-SegmentedRaftLogWorker: safeCacheEvictIndex: setUnconditionally 0 -> -1
2024-01-11 04:03:30,082 [8656a35e-0084-4fca-b387-4ce1151a6fbb-groupManagement] INFO  server.RaftServer$Division (RaftServerImpl.java:start(396)) - 8656a35e-0084-4fca-b387-4ce1151a6fbb@group-EB30312CDD54: start as a follower, conf=-1: peers:[8656a35e-0084-4fca-b387-4ce1151a6fbb|10.1.0.34:15067]|listeners:[], old=null
2024-01-11 04:03:30,082 [8656a35e-0084-4fca-b387-4ce1151a6fbb-groupManagement] INFO  server.RaftServer$Division (RaftServerImpl.java:setRole(383)) - 8656a35e-0084-4fca-b387-4ce1151a6fbb@group-EB30312CDD54: changes role from      null to FOLLOWER at term 0 for startAsFollower
2024-01-11 04:03:30,083 [8656a35e-0084-4fca-b387-4ce1151a6fbb-groupManagement] INFO  impl.RoleInfo (RoleInfo.java:updateAndGet(139)) - 8656a35e-0084-4fca-b387-4ce1151a6fbb: start 8656a35e-0084-4fca-b387-4ce1151a6fbb@group-EB30312CDD54-FollowerState
2024-01-11 04:03:30,085 [8656a35e-0084-4fca-b387-4ce1151a6fbb@group-EB30312CDD54-FollowerState] INFO  server.RaftServerConfigKeys (ConfUtils.java:logFallback(53)) - raft.server.rpc.first-election.timeout.min = 5s (fallback to raft.server.rpc.timeout.min)
2024-01-11 04:03:30,085 [8656a35e-0084-4fca-b387-4ce1151a6fbb@group-EB30312CDD54-FollowerState] INFO  server.RaftServerConfigKeys (ConfUtils.java:logFallback(53)) - raft.server.rpc.first-election.timeout.max = 5200ms (fallback to raft.server.rpc.timeout.max)
2024-01-11 04:03:30,087 [8656a35e-0084-4fca-b387-4ce1151a6fbb-groupManagement] INFO  util.JmxRegister (JmxRegister.java:tryRegister(44)) - Successfully registered JMX Bean with object name Ratis:service=RaftServer,group=group-EB30312CDD54,id=8656a35e-0084-4fca-b387-4ce1151a6fbb
2024-01-11 04:03:30,087 [8656a35e-0084-4fca-b387-4ce1151a6fbb-groupManagement] INFO  server.RaftServerConfigKeys (ConfUtils.java:logGet(46)) - raft.server.snapshot.trigger-when-stop.enabled = true (default)
2024-01-11 04:03:30,088 [8656a35e-0084-4fca-b387-4ce1151a6fbb-groupManagement] INFO  server.RaftServerConfigKeys (ConfUtils.java:logGet(46)) - raft.server.snapshot.auto.trigger.enabled = true (custom)
2024-01-11 04:03:30,088 [8656a35e-0084-4fca-b387-4ce1151a6fbb-groupManagement] INFO  server.RaftServerConfigKeys (ConfUtils.java:logGet(46)) - raft.server.snapshot.auto.trigger.threshold = 10000 (custom)
2024-01-11 04:03:30,088 [8656a35e-0084-4fca-b387-4ce1151a6fbb-groupManagement] INFO  server.RaftServerConfigKeys (ConfUtils.java:logGet(46)) - raft.server.snapshot.retention.file.num = 5 (custom)
2024-01-11 04:03:30,088 [8656a35e-0084-4fca-b387-4ce1151a6fbb-groupManagement] INFO  server.RaftServerConfigKeys (ConfUtils.java:logGet(46)) - raft.server.log.purge.upto.snapshot.index = false (default)
2024-01-11 04:03:30,088 [719c3446-6328-4d08-9922-2d459786fd6c-PipelineCommandHandlerThread-0] INFO  commandhandler.CreatePipelineCommandHandler (CreatePipelineCommandHandler.java:lambda$handle$2(124)) - Created Pipeline RATIS THREE PipelineID=777b88da-baa3-4926-8e81-81fa45f9e5d4.
2024-01-11 04:03:30,090 [8656a35e-0084-4fca-b387-4ce1151a6fbb-PipelineCommandHandlerThread-0] INFO  ratis.XceiverServerRatis (XceiverServerRatis.java:addGroup(842)) - Created group PipelineID=4264de1d-e076-4780-abf8-eb30312cdd54
2024-01-11 04:03:30,090 [8656a35e-0084-4fca-b387-4ce1151a6fbb-PipelineCommandHandlerThread-0] INFO  commandhandler.CreatePipelineCommandHandler (CreatePipelineCommandHandler.java:lambda$handle$2(124)) - Created Pipeline RATIS ONE PipelineID=4264de1d-e076-4780-abf8-eb30312cdd54.
2024-01-11 04:03:31,060 [Mini-Cluster-Provider-Create] INFO  ozone.MiniOzoneClusterImpl (MiniOzoneClusterImpl.java:lambda$waitForClusterToBeReady$0(229)) - Nodes are ready. Got 3 of 3 DN Heartbeats.
2024-01-11 04:03:31,060 [Mini-Cluster-Provider-Create] INFO  ozone.MiniOzoneClusterImpl (MiniOzoneClusterImpl.java:lambda$waitForClusterToBeReady$0(232)) - Waiting for cluster to exit safe mode
2024-01-11 04:03:31,060 [Mini-Cluster-Provider-Create] INFO  ozone.MiniOzoneClusterImpl (MiniOzoneClusterImpl.java:lambda$waitForClusterToBeReady$0(234)) - SCM became leader
2024-01-11 04:03:32,061 [Mini-Cluster-Provider-Create] INFO  ozone.MiniOzoneClusterImpl (MiniOzoneClusterImpl.java:lambda$waitForClusterToBeReady$0(229)) - Nodes are ready. Got 3 of 3 DN Heartbeats.
2024-01-11 04:03:32,061 [Mini-Cluster-Provider-Create] INFO  ozone.MiniOzoneClusterImpl (MiniOzoneClusterImpl.java:lambda$waitForClusterToBeReady$0(232)) - Waiting for cluster to exit safe mode
2024-01-11 04:03:32,061 [Mini-Cluster-Provider-Create] INFO  ozone.MiniOzoneClusterImpl (MiniOzoneClusterImpl.java:lambda$waitForClusterToBeReady$0(234)) - SCM became leader
2024-01-11 04:03:33,061 [Mini-Cluster-Provider-Create] INFO  ozone.MiniOzoneClusterImpl (MiniOzoneClusterImpl.java:lambda$waitForClusterToBeReady$0(229)) - Nodes are ready. Got 3 of 3 DN Heartbeats.
2024-01-11 04:03:33,061 [Mini-Cluster-Provider-Create] INFO  ozone.MiniOzoneClusterImpl (MiniOzoneClusterImpl.java:lambda$waitForClusterToBeReady$0(232)) - Waiting for cluster to exit safe mode
2024-01-11 04:03:33,061 [Mini-Cluster-Provider-Create] INFO  ozone.MiniOzoneClusterImpl (MiniOzoneClusterImpl.java:lambda$waitForClusterToBeReady$0(234)) - SCM became leader
2024-01-11 04:03:34,061 [Mini-Cluster-Provider-Create] INFO  ozone.MiniOzoneClusterImpl (MiniOzoneClusterImpl.java:lambda$waitForClusterToBeReady$0(229)) - Nodes are ready. Got 3 of 3 DN Heartbeats.
2024-01-11 04:03:34,061 [Mini-Cluster-Provider-Create] INFO  ozone.MiniOzoneClusterImpl (MiniOzoneClusterImpl.java:lambda$waitForClusterToBeReady$0(232)) - Waiting for cluster to exit safe mode
2024-01-11 04:03:34,061 [Mini-Cluster-Provider-Create] INFO  ozone.MiniOzoneClusterImpl (MiniOzoneClusterImpl.java:lambda$waitForClusterToBeReady$0(234)) - SCM became leader
2024-01-11 04:03:34,871 [df850d10-9c85-4972-b407-c0325fc6d584@group-85A4241D4F1D-FollowerState] INFO  impl.FollowerState (FollowerState.java:run(143)) - df850d10-9c85-4972-b407-c0325fc6d584@group-85A4241D4F1D-FollowerState: change to CANDIDATE, lastRpcElapsedTime:5007614722ns, electionTimeout:5007ms
2024-01-11 04:03:34,871 [df850d10-9c85-4972-b407-c0325fc6d584@group-85A4241D4F1D-FollowerState] INFO  impl.RoleInfo (RoleInfo.java:shutdownFollowerState(110)) - df850d10-9c85-4972-b407-c0325fc6d584: shutdown df850d10-9c85-4972-b407-c0325fc6d584@group-85A4241D4F1D-FollowerState
2024-01-11 04:03:34,871 [df850d10-9c85-4972-b407-c0325fc6d584@group-85A4241D4F1D-FollowerState] INFO  server.RaftServer$Division (RaftServerImpl.java:setRole(383)) - df850d10-9c85-4972-b407-c0325fc6d584@group-85A4241D4F1D: changes role from  FOLLOWER to CANDIDATE at term 0 for changeToCandidate
2024-01-11 04:03:34,871 [df850d10-9c85-4972-b407-c0325fc6d584@group-85A4241D4F1D-FollowerState] INFO  server.RaftServerConfigKeys (ConfUtils.java:logGet(46)) - raft.server.leaderelection.pre-vote = true (default)
2024-01-11 04:03:34,871 [df850d10-9c85-4972-b407-c0325fc6d584@group-85A4241D4F1D-FollowerState] INFO  impl.RoleInfo (RoleInfo.java:updateAndGet(139)) - df850d10-9c85-4972-b407-c0325fc6d584: start df850d10-9c85-4972-b407-c0325fc6d584@group-85A4241D4F1D-LeaderElection9
2024-01-11 04:03:34,872 [df850d10-9c85-4972-b407-c0325fc6d584@group-85A4241D4F1D-LeaderElection9] INFO  impl.LeaderElection (LeaderElection.java:askForVotes(321)) - df850d10-9c85-4972-b407-c0325fc6d584@group-85A4241D4F1D-LeaderElection9 PRE_VOTE round 0: submit vote requests at term 0 for -1: peers:[719c3446-6328-4d08-9922-2d459786fd6c|10.1.0.34:15058, df850d10-9c85-4972-b407-c0325fc6d584|10.1.0.34:15049, 8656a35e-0084-4fca-b387-4ce1151a6fbb|10.1.0.34:15067]|listeners:[], old=null
2024-01-11 04:03:34,873 [df850d10-9c85-4972-b407-c0325fc6d584@group-85A4241D4F1D-LeaderElection9-1] INFO  server.GrpcServerProtocolClient (GrpcServerProtocolClient.java:<init>(65)) - Build channel for 719c3446-6328-4d08-9922-2d459786fd6c|10.1.0.34:15058
2024-01-11 04:03:34,873 [df850d10-9c85-4972-b407-c0325fc6d584@group-85A4241D4F1D-LeaderElection9-2] INFO  server.GrpcServerProtocolClient (GrpcServerProtocolClient.java:<init>(65)) - Build channel for 8656a35e-0084-4fca-b387-4ce1151a6fbb|10.1.0.34:15067
2024-01-11 04:03:34,873 [df850d10-9c85-4972-b407-c0325fc6d584@group-85A4241D4F1D-LeaderElection9] INFO  server.RaftServerConfigKeys (ConfUtils.java:logFallback(53)) - raft.server.rpc.first-election.timeout.min = 5s (fallback to raft.server.rpc.timeout.min)
2024-01-11 04:03:34,873 [df850d10-9c85-4972-b407-c0325fc6d584@group-85A4241D4F1D-LeaderElection9] INFO  server.RaftServerConfigKeys (ConfUtils.java:logFallback(53)) - raft.server.rpc.first-election.timeout.max = 5200ms (fallback to raft.server.rpc.timeout.max)
2024-01-11 04:03:34,879 [grpc-default-executor-0] INFO  server.RaftServer$Division (RaftServerImpl.java:requestVote(1389)) - 8656a35e-0084-4fca-b387-4ce1151a6fbb@group-85A4241D4F1D: receive requestVote(PRE_VOTE, df850d10-9c85-4972-b407-c0325fc6d584, group-85A4241D4F1D, 0, (t:0, i:0))
2024-01-11 04:03:34,879 [grpc-default-executor-4] INFO  server.RaftServer$Division (RaftServerImpl.java:requestVote(1389)) - 719c3446-6328-4d08-9922-2d459786fd6c@group-85A4241D4F1D: receive requestVote(PRE_VOTE, df850d10-9c85-4972-b407-c0325fc6d584, group-85A4241D4F1D, 0, (t:0, i:0))
2024-01-11 04:03:34,879 [grpc-default-executor-0] INFO  impl.VoteContext (VoteContext.java:log(49)) - 8656a35e-0084-4fca-b387-4ce1151a6fbb@group-85A4241D4F1D-FOLLOWER: reject PRE_VOTE from df850d10-9c85-4972-b407-c0325fc6d584: our priority 1 > candidate's priority 0
2024-01-11 04:03:34,879 [grpc-default-executor-4] INFO  impl.VoteContext (VoteContext.java:log(49)) - 719c3446-6328-4d08-9922-2d459786fd6c@group-85A4241D4F1D-FOLLOWER: accept PRE_VOTE from df850d10-9c85-4972-b407-c0325fc6d584: our priority 0 <= candidate's priority 0
2024-01-11 04:03:34,879 [grpc-default-executor-0] INFO  server.RaftServer$Division (RaftServerImpl.java:requestVote(1422)) - 8656a35e-0084-4fca-b387-4ce1151a6fbb@group-85A4241D4F1D replies to PRE_VOTE vote request: df850d10-9c85-4972-b407-c0325fc6d584<-8656a35e-0084-4fca-b387-4ce1151a6fbb#0:FAIL-t0. Peer's state: 8656a35e-0084-4fca-b387-4ce1151a6fbb@group-85A4241D4F1D:t0, leader=null, voted=, raftlog=Memoized:8656a35e-0084-4fca-b387-4ce1151a6fbb@group-85A4241D4F1D-SegmentedRaftLog:OPENED:c-1, conf=-1: peers:[719c3446-6328-4d08-9922-2d459786fd6c|10.1.0.34:15058, df850d10-9c85-4972-b407-c0325fc6d584|10.1.0.34:15049, 8656a35e-0084-4fca-b387-4ce1151a6fbb|10.1.0.34:15067]|listeners:[], old=null
2024-01-11 04:03:34,880 [grpc-default-executor-4] INFO  server.RaftServer$Division (RaftServerImpl.java:requestVote(1422)) - 719c3446-6328-4d08-9922-2d459786fd6c@group-85A4241D4F1D replies to PRE_VOTE vote request: df850d10-9c85-4972-b407-c0325fc6d584<-719c3446-6328-4d08-9922-2d459786fd6c#0:OK-t0. Peer's state: 719c3446-6328-4d08-9922-2d459786fd6c@group-85A4241D4F1D:t0, leader=null, voted=, raftlog=Memoized:719c3446-6328-4d08-9922-2d459786fd6c@group-85A4241D4F1D-SegmentedRaftLog:OPENED:c-1, conf=-1: peers:[719c3446-6328-4d08-9922-2d459786fd6c|10.1.0.34:15058, df850d10-9c85-4972-b407-c0325fc6d584|10.1.0.34:15049, 8656a35e-0084-4fca-b387-4ce1151a6fbb|10.1.0.34:15067]|listeners:[], old=null
2024-01-11 04:03:34,881 [df850d10-9c85-4972-b407-c0325fc6d584@group-85A4241D4F1D-LeaderElection9] INFO  impl.LeaderElection (LeaderElection.java:logAndReturn(89)) - df850d10-9c85-4972-b407-c0325fc6d584@group-85A4241D4F1D-LeaderElection9: PRE_VOTE REJECTED received 1 response(s) and 0 exception(s):
2024-01-11 04:03:34,881 [df850d10-9c85-4972-b407-c0325fc6d584@group-85A4241D4F1D-LeaderElection9] INFO  impl.LeaderElection (LeaderElection.java:logAndReturn(93)) -   Response 0: df850d10-9c85-4972-b407-c0325fc6d584<-8656a35e-0084-4fca-b387-4ce1151a6fbb#0:FAIL-t0
2024-01-11 04:03:34,881 [df850d10-9c85-4972-b407-c0325fc6d584@group-85A4241D4F1D-LeaderElection9] INFO  impl.LeaderElection (LeaderElection.java:askForVotes(323)) - df850d10-9c85-4972-b407-c0325fc6d584@group-85A4241D4F1D-LeaderElection9 PRE_VOTE round 0: result REJECTED
2024-01-11 04:03:34,881 [df850d10-9c85-4972-b407-c0325fc6d584@group-85A4241D4F1D-LeaderElection9] INFO  server.RaftServer$Division (RaftServerImpl.java:setRole(383)) - df850d10-9c85-4972-b407-c0325fc6d584@group-85A4241D4F1D: changes role from CANDIDATE to FOLLOWER at term 0 for REJECTED
2024-01-11 04:03:34,881 [df850d10-9c85-4972-b407-c0325fc6d584@group-85A4241D4F1D-LeaderElection9] INFO  impl.RoleInfo (RoleInfo.java:shutdownLeaderElection(130)) - df850d10-9c85-4972-b407-c0325fc6d584: shutdown df850d10-9c85-4972-b407-c0325fc6d584@group-85A4241D4F1D-LeaderElection9
2024-01-11 04:03:34,882 [df850d10-9c85-4972-b407-c0325fc6d584@group-85A4241D4F1D-LeaderElection9] INFO  impl.RoleInfo (RoleInfo.java:updateAndGet(139)) - df850d10-9c85-4972-b407-c0325fc6d584: start df850d10-9c85-4972-b407-c0325fc6d584@group-85A4241D4F1D-FollowerState
2024-01-11 04:03:34,882 [df850d10-9c85-4972-b407-c0325fc6d584@group-85A4241D4F1D-LeaderElection9] INFO  server.RaftServer$Division (RaftServerImpl.java:setFirstElection(574)) - df850d10-9c85-4972-b407-c0325fc6d584@group-85A4241D4F1D: set firstElectionSinceStartup to false for REJECTED
2024-01-11 04:03:34,910 [df850d10-9c85-4972-b407-c0325fc6d584@group-BC3467B8140B-FollowerState] INFO  impl.FollowerState (FollowerState.java:run(143)) - df850d10-9c85-4972-b407-c0325fc6d584@group-BC3467B8140B-FollowerState: change to CANDIDATE, lastRpcElapsedTime:5060677812ns, electionTimeout:5059ms
2024-01-11 04:03:34,911 [df850d10-9c85-4972-b407-c0325fc6d584@group-BC3467B8140B-FollowerState] INFO  impl.RoleInfo (RoleInfo.java:shutdownFollowerState(110)) - df850d10-9c85-4972-b407-c0325fc6d584: shutdown df850d10-9c85-4972-b407-c0325fc6d584@group-BC3467B8140B-FollowerState
2024-01-11 04:03:34,911 [df850d10-9c85-4972-b407-c0325fc6d584@group-BC3467B8140B-FollowerState] INFO  server.RaftServer$Division (RaftServerImpl.java:setRole(383)) - df850d10-9c85-4972-b407-c0325fc6d584@group-BC3467B8140B: changes role from  FOLLOWER to CANDIDATE at term 0 for changeToCandidate
2024-01-11 04:03:34,911 [df850d10-9c85-4972-b407-c0325fc6d584@group-BC3467B8140B-FollowerState] INFO  server.RaftServerConfigKeys (ConfUtils.java:logGet(46)) - raft.server.leaderelection.pre-vote = true (default)
2024-01-11 04:03:34,911 [df850d10-9c85-4972-b407-c0325fc6d584@group-BC3467B8140B-FollowerState] INFO  impl.RoleInfo (RoleInfo.java:updateAndGet(139)) - df850d10-9c85-4972-b407-c0325fc6d584: start df850d10-9c85-4972-b407-c0325fc6d584@group-BC3467B8140B-LeaderElection10
2024-01-11 04:03:34,912 [df850d10-9c85-4972-b407-c0325fc6d584@group-BC3467B8140B-LeaderElection10] INFO  impl.LeaderElection (LeaderElection.java:askForVotes(321)) - df850d10-9c85-4972-b407-c0325fc6d584@group-BC3467B8140B-LeaderElection10 PRE_VOTE round 0: submit vote requests at term 0 for -1: peers:[df850d10-9c85-4972-b407-c0325fc6d584|10.1.0.34:15049]|listeners:[], old=null
2024-01-11 04:03:34,912 [df850d10-9c85-4972-b407-c0325fc6d584@group-BC3467B8140B-LeaderElection10] INFO  impl.LeaderElection (LeaderElection.java:askForVotes(323)) - df850d10-9c85-4972-b407-c0325fc6d584@group-BC3467B8140B-LeaderElection10 PRE_VOTE round 0: result PASSED (term=0)
2024-01-11 04:03:34,913 [df850d10-9c85-4972-b407-c0325fc6d584@group-BC3467B8140B-LeaderElection10] INFO  impl.LeaderElection (LeaderElection.java:askForVotes(321)) - df850d10-9c85-4972-b407-c0325fc6d584@group-BC3467B8140B-LeaderElection10 ELECTION round 0: submit vote requests at term 1 for -1: peers:[df850d10-9c85-4972-b407-c0325fc6d584|10.1.0.34:15049]|listeners:[], old=null
2024-01-11 04:03:34,913 [df850d10-9c85-4972-b407-c0325fc6d584@group-BC3467B8140B-LeaderElection10] INFO  impl.LeaderElection (LeaderElection.java:askForVotes(323)) - df850d10-9c85-4972-b407-c0325fc6d584@group-BC3467B8140B-LeaderElection10 ELECTION round 0: result PASSED (term=1)
2024-01-11 04:03:34,913 [df850d10-9c85-4972-b407-c0325fc6d584@group-BC3467B8140B-LeaderElection10] INFO  impl.RoleInfo (RoleInfo.java:shutdownLeaderElection(130)) - df850d10-9c85-4972-b407-c0325fc6d584: shutdown df850d10-9c85-4972-b407-c0325fc6d584@group-BC3467B8140B-LeaderElection10
2024-01-11 04:03:34,914 [df850d10-9c85-4972-b407-c0325fc6d584@group-BC3467B8140B-LeaderElection10] INFO  server.RaftServer$Division (RaftServerImpl.java:setRole(383)) - df850d10-9c85-4972-b407-c0325fc6d584@group-BC3467B8140B: changes role from CANDIDATE to LEADER at term 1 for changeToLeader
2024-01-11 04:03:34,914 [df850d10-9c85-4972-b407-c0325fc6d584@group-BC3467B8140B-LeaderElection10] INFO  server.RaftServerConfigKeys (ConfUtils.java:logGet(46)) - raft.server.staging.catchup.gap = 1000 (default)
2024-01-11 04:03:34,914 [df850d10-9c85-4972-b407-c0325fc6d584@group-BC3467B8140B-LeaderElection10] INFO  server.RaftServerConfigKeys (ConfUtils.java:logGet(46)) - raft.server.write.element-limit = 1024 (custom)
2024-01-11 04:03:34,914 [df850d10-9c85-4972-b407-c0325fc6d584@group-BC3467B8140B-LeaderElection10] INFO  server.RaftServerConfigKeys (ConfUtils.java:logGet(46)) - raft.server.write.byte-limit = 1024 M (=1073741824) (custom)
2024-01-11 04:03:34,914 [df850d10-9c85-4972-b407-c0325fc6d584@group-BC3467B8140B-LeaderElection10] INFO  server.RaftServerConfigKeys (ConfUtils.java:logGet(46)) - raft.server.watch.timeout = 180s (custom)
2024-01-11 04:03:34,914 [df850d10-9c85-4972-b407-c0325fc6d584@group-BC3467B8140B-LeaderElection10] INFO  server.RaftServerConfigKeys (ConfUtils.java:logGet(46)) - raft.server.watch.timeout.denomination = 1s (default)
2024-01-11 04:03:34,915 [df850d10-9c85-4972-b407-c0325fc6d584@group-BC3467B8140B-LeaderElection10] INFO  server.RaftServerConfigKeys (ConfUtils.java:logGet(46)) - raft.server.watch.element-limit = 65536 (default)
2024-01-11 04:03:34,915 [df850d10-9c85-4972-b407-c0325fc6d584@group-BC3467B8140B-LeaderElection10] INFO  server.RaftServerConfigKeys (ConfUtils.java:logGet(46)) - raft.server.read.leader.lease.enabled = false (default)
2024-01-11 04:03:34,915 [df850d10-9c85-4972-b407-c0325fc6d584@group-BC3467B8140B-LeaderElection10] INFO  server.RaftServerConfigKeys (ConfUtils.java:logGet(46)) - raft.server.read.leader.lease.timeout.ratio = 0.9 (default)
2024-01-11 04:03:34,915 [df850d10-9c85-4972-b407-c0325fc6d584@group-BC3467B8140B-LeaderElection10] INFO  server.RaftServerConfigKeys (ConfUtils.java:logGet(46)) - raft.server.rpc.timeout.min = 5s (custom)
2024-01-11 04:03:34,915 [df850d10-9c85-4972-b407-c0325fc6d584@group-BC3467B8140B-LeaderElection10] INFO  server.RaftServerConfigKeys (ConfUtils.java:logGet(46)) - raft.server.write.element-limit = 1024 (custom)
2024-01-11 04:03:34,915 [df850d10-9c85-4972-b407-c0325fc6d584@group-BC3467B8140B-LeaderElection10] INFO  server.RaftServerConfigKeys (ConfUtils.java:logGet(46)) - raft.server.write.follower.gap.ratio.max = -1.0 (default)
2024-01-11 04:03:34,915 [df850d10-9c85-4972-b407-c0325fc6d584@group-BC3467B8140B-LeaderElection10] INFO  impl.RoleInfo (RoleInfo.java:updateAndGet(139)) - df850d10-9c85-4972-b407-c0325fc6d584: start df850d10-9c85-4972-b407-c0325fc6d584@group-BC3467B8140B-LeaderStateImpl
2024-01-11 04:03:34,915 [df850d10-9c85-4972-b407-c0325fc6d584@group-BC3467B8140B-LeaderElection10] INFO  server.RaftServer$Division (RaftServerImpl.java:setFirstElection(574)) - df850d10-9c85-4972-b407-c0325fc6d584@group-BC3467B8140B: set firstElectionSinceStartup to false for becomeLeader
2024-01-11 04:03:34,915 [df850d10-9c85-4972-b407-c0325fc6d584@group-BC3467B8140B-LeaderElection10] INFO  ratis.XceiverServerRatis (XceiverServerRatis.java:handleLeaderChangedNotification(945)) - Leader change notification received for group: group-BC3467B8140B with new leaderId: df850d10-9c85-4972-b407-c0325fc6d584
2024-01-11 04:03:34,916 [df850d10-9c85-4972-b407-c0325fc6d584@group-BC3467B8140B-LeaderElection10] INFO  server.RaftServer$Division (ServerState.java:setLeader(269)) - df850d10-9c85-4972-b407-c0325fc6d584@group-BC3467B8140B: change Leader from null to df850d10-9c85-4972-b407-c0325fc6d584 at term 1 for becomeLeader, leader elected after 5078ms
2024-01-11 04:03:34,916 [df850d10-9c85-4972-b407-c0325fc6d584@group-BC3467B8140B-LeaderElection10] INFO  segmented.SegmentedRaftLogWorker (SegmentedRaftLogWorker.java:startLogSegment(430)) - df850d10-9c85-4972-b407-c0325fc6d584@group-BC3467B8140B-SegmentedRaftLogWorker: Starting segment from index:0
2024-01-11 04:03:34,916 [df850d10-9c85-4972-b407-c0325fc6d584@group-BC3467B8140B-SegmentedRaftLogWorker] INFO  segmented.BufferedWriteChannel (BufferedWriteChannel.java:open(62)) - open log_inprogress_0 at position 0
2024-01-11 04:03:34,917 [EventQueue-OpenPipelineForHealthyPipelineSafeModeRule] INFO  safemode.SCMSafeModeManager (HealthyPipelineSafeModeRule.java:process(140)) - SCM in safe mode. Healthy pipelines reported count is 0, required healthy pipeline reported count is 1
2024-01-11 04:03:34,922 [df850d10-9c85-4972-b407-c0325fc6d584@group-BC3467B8140B-LeaderElection10] INFO  server.RaftServer$Division (ServerState.java:setRaftConf(386)) - df850d10-9c85-4972-b407-c0325fc6d584@group-BC3467B8140B: set configuration 0: peers:[df850d10-9c85-4972-b407-c0325fc6d584|10.1.0.34:15049]|listeners:[], old=null
2024-01-11 04:03:34,925 [df850d10-9c85-4972-b407-c0325fc6d584@group-BC3467B8140B-SegmentedRaftLogWorker] INFO  segmented.SegmentedRaftLogWorker (SegmentedRaftLogWorker.java:execute(634)) - df850d10-9c85-4972-b407-c0325fc6d584@group-BC3467B8140B-SegmentedRaftLogWorker: created new log segment /home/runner/work/ozone/ozone/hadoop-ozone/integration-test/target/test-dir/MiniOzoneClusterImpl-8912d24f-c240-4c97-8da2-3552e928269b/datanode-0/data/ratis/b59b13ce-652a-4436-9a50-bc3467b8140b/current/log_inprogress_0
2024-01-11 04:03:34,927 [df850d10-9c85-4972-b407-c0325fc6d584@group-BC3467B8140B-StateMachineUpdater] INFO  server.RaftServer$Division (LeaderStateImpl.java:isApplied(320)) - leader is ready since appliedIndex == 0 >= startIndex == 0
2024-01-11 04:03:34,965 [8656a35e-0084-4fca-b387-4ce1151a6fbb@group-85A4241D4F1D-FollowerState] INFO  impl.FollowerState (FollowerState.java:run(143)) - 8656a35e-0084-4fca-b387-4ce1151a6fbb@group-85A4241D4F1D-FollowerState: change to CANDIDATE, lastRpcElapsedTime:5032082431ns, electionTimeout:5029ms
2024-01-11 04:03:34,965 [8656a35e-0084-4fca-b387-4ce1151a6fbb@group-85A4241D4F1D-FollowerState] INFO  impl.RoleInfo (RoleInfo.java:shutdownFollowerState(110)) - 8656a35e-0084-4fca-b387-4ce1151a6fbb: shutdown 8656a35e-0084-4fca-b387-4ce1151a6fbb@group-85A4241D4F1D-FollowerState
2024-01-11 04:03:34,965 [8656a35e-0084-4fca-b387-4ce1151a6fbb@group-85A4241D4F1D-FollowerState] INFO  server.RaftServer$Division (RaftServerImpl.java:setRole(383)) - 8656a35e-0084-4fca-b387-4ce1151a6fbb@group-85A4241D4F1D: changes role from  FOLLOWER to CANDIDATE at term 0 for changeToCandidate
2024-01-11 04:03:34,965 [8656a35e-0084-4fca-b387-4ce1151a6fbb@group-85A4241D4F1D-FollowerState] INFO  server.RaftServerConfigKeys (ConfUtils.java:logGet(46)) - raft.server.leaderelection.pre-vote = true (default)
2024-01-11 04:03:34,965 [8656a35e-0084-4fca-b387-4ce1151a6fbb@group-85A4241D4F1D-FollowerState] INFO  impl.RoleInfo (RoleInfo.java:updateAndGet(139)) - 8656a35e-0084-4fca-b387-4ce1151a6fbb: start 8656a35e-0084-4fca-b387-4ce1151a6fbb@group-85A4241D4F1D-LeaderElection11
2024-01-11 04:03:34,966 [8656a35e-0084-4fca-b387-4ce1151a6fbb@group-85A4241D4F1D-LeaderElection11] INFO  impl.LeaderElection (LeaderElection.java:askForVotes(321)) - 8656a35e-0084-4fca-b387-4ce1151a6fbb@group-85A4241D4F1D-LeaderElection11 PRE_VOTE round 0: submit vote requests at term 0 for -1: peers:[719c3446-6328-4d08-9922-2d459786fd6c|10.1.0.34:15058, df850d10-9c85-4972-b407-c0325fc6d584|10.1.0.34:15049, 8656a35e-0084-4fca-b387-4ce1151a6fbb|10.1.0.34:15067]|listeners:[], old=null
2024-01-11 04:03:34,966 [8656a35e-0084-4fca-b387-4ce1151a6fbb@group-85A4241D4F1D-LeaderElection11-1] INFO  server.GrpcServerProtocolClient (GrpcServerProtocolClient.java:<init>(65)) - Build channel for 719c3446-6328-4d08-9922-2d459786fd6c|10.1.0.34:15058
2024-01-11 04:03:34,966 [8656a35e-0084-4fca-b387-4ce1151a6fbb@group-85A4241D4F1D-LeaderElection11-2] INFO  server.GrpcServerProtocolClient (GrpcServerProtocolClient.java:<init>(65)) - Build channel for df850d10-9c85-4972-b407-c0325fc6d584|10.1.0.34:15049
2024-01-11 04:03:34,966 [8656a35e-0084-4fca-b387-4ce1151a6fbb@group-85A4241D4F1D-LeaderElection11] INFO  server.RaftServerConfigKeys (ConfUtils.java:logFallback(53)) - raft.server.rpc.first-election.timeout.min = 5s (fallback to raft.server.rpc.timeout.min)
2024-01-11 04:03:34,967 [8656a35e-0084-4fca-b387-4ce1151a6fbb@group-85A4241D4F1D-LeaderElection11] INFO  server.RaftServerConfigKeys (ConfUtils.java:logFallback(53)) - raft.server.rpc.first-election.timeout.max = 5200ms (fallback to raft.server.rpc.timeout.max)
2024-01-11 04:03:34,977 [grpc-default-executor-0] INFO  server.RaftServer$Division (RaftServerImpl.java:requestVote(1389)) - df850d10-9c85-4972-b407-c0325fc6d584@group-85A4241D4F1D: receive requestVote(PRE_VOTE, 8656a35e-0084-4fca-b387-4ce1151a6fbb, group-85A4241D4F1D, 0, (t:0, i:0))
2024-01-11 04:03:34,977 [grpc-default-executor-0] INFO  impl.VoteContext (VoteContext.java:log(49)) - df850d10-9c85-4972-b407-c0325fc6d584@group-85A4241D4F1D-FOLLOWER: accept PRE_VOTE from 8656a35e-0084-4fca-b387-4ce1151a6fbb: our priority 0 <= candidate's priority 1
2024-01-11 04:03:34,978 [grpc-default-executor-0] INFO  server.RaftServer$Division (RaftServerImpl.java:requestVote(1422)) - df850d10-9c85-4972-b407-c0325fc6d584@group-85A4241D4F1D replies to PRE_VOTE vote request: 8656a35e-0084-4fca-b387-4ce1151a6fbb<-df850d10-9c85-4972-b407-c0325fc6d584#0:OK-t0. Peer's state: df850d10-9c85-4972-b407-c0325fc6d584@group-85A4241D4F1D:t0, leader=null, voted=, raftlog=Memoized:df850d10-9c85-4972-b407-c0325fc6d584@group-85A4241D4F1D-SegmentedRaftLog:OPENED:c-1, conf=-1: peers:[719c3446-6328-4d08-9922-2d459786fd6c|10.1.0.34:15058, df850d10-9c85-4972-b407-c0325fc6d584|10.1.0.34:15049, 8656a35e-0084-4fca-b387-4ce1151a6fbb|10.1.0.34:15067]|listeners:[], old=null
2024-01-11 04:03:34,978 [grpc-default-executor-4] INFO  server.RaftServer$Division (RaftServerImpl.java:requestVote(1389)) - 719c3446-6328-4d08-9922-2d459786fd6c@group-85A4241D4F1D: receive requestVote(PRE_VOTE, 8656a35e-0084-4fca-b387-4ce1151a6fbb, group-85A4241D4F1D, 0, (t:0, i:0))
2024-01-11 04:03:34,978 [grpc-default-executor-4] INFO  impl.VoteContext (VoteContext.java:log(49)) - 719c3446-6328-4d08-9922-2d459786fd6c@group-85A4241D4F1D-FOLLOWER: accept PRE_VOTE from 8656a35e-0084-4fca-b387-4ce1151a6fbb: our priority 0 <= candidate's priority 1
2024-01-11 04:03:34,978 [grpc-default-executor-4] INFO  server.RaftServer$Division (RaftServerImpl.java:requestVote(1422)) - 719c3446-6328-4d08-9922-2d459786fd6c@group-85A4241D4F1D replies to PRE_VOTE vote request: 8656a35e-0084-4fca-b387-4ce1151a6fbb<-719c3446-6328-4d08-9922-2d459786fd6c#0:OK-t0. Peer's state: 719c3446-6328-4d08-9922-2d459786fd6c@group-85A4241D4F1D:t0, leader=null, voted=, raftlog=Memoized:719c3446-6328-4d08-9922-2d459786fd6c@group-85A4241D4F1D-SegmentedRaftLog:OPENED:c-1, conf=-1: peers:[719c3446-6328-4d08-9922-2d459786fd6c|10.1.0.34:15058, df850d10-9c85-4972-b407-c0325fc6d584|10.1.0.34:15049, 8656a35e-0084-4fca-b387-4ce1151a6fbb|10.1.0.34:15067]|listeners:[], old=null
2024-01-11 04:03:34,978 [719c3446-6328-4d08-9922-2d459786fd6c@group-85A4241D4F1D-FollowerState] INFO  server.RaftServerConfigKeys (ConfUtils.java:logFallback(53)) - raft.server.rpc.first-election.timeout.min = 5s (fallback to raft.server.rpc.timeout.min)
2024-01-11 04:03:34,979 [719c3446-6328-4d08-9922-2d459786fd6c@group-85A4241D4F1D-FollowerState] INFO  server.RaftServerConfigKeys (ConfUtils.java:logFallback(53)) - raft.server.rpc.first-election.timeout.max = 5200ms (fallback to raft.server.rpc.timeout.max)
2024-01-11 04:03:34,979 [8656a35e-0084-4fca-b387-4ce1151a6fbb@group-85A4241D4F1D-LeaderElection11] INFO  impl.LeaderElection (LeaderElection.java:logAndReturn(89)) - 8656a35e-0084-4fca-b387-4ce1151a6fbb@group-85A4241D4F1D-LeaderElection11: PRE_VOTE PASSED received 1 response(s) and 0 exception(s):
2024-01-11 04:03:34,979 [8656a35e-0084-4fca-b387-4ce1151a6fbb@group-85A4241D4F1D-LeaderElection11] INFO  impl.LeaderElection (LeaderElection.java:logAndReturn(93)) -   Response 0: 8656a35e-0084-4fca-b387-4ce1151a6fbb<-df850d10-9c85-4972-b407-c0325fc6d584#0:OK-t0
2024-01-11 04:03:34,979 [8656a35e-0084-4fca-b387-4ce1151a6fbb@group-85A4241D4F1D-LeaderElection11] INFO  impl.LeaderElection (LeaderElection.java:askForVotes(323)) - 8656a35e-0084-4fca-b387-4ce1151a6fbb@group-85A4241D4F1D-LeaderElection11 PRE_VOTE round 0: result PASSED
2024-01-11 04:03:34,981 [8656a35e-0084-4fca-b387-4ce1151a6fbb@group-85A4241D4F1D-LeaderElection11] INFO  impl.LeaderElection (LeaderElection.java:askForVotes(321)) - 8656a35e-0084-4fca-b387-4ce1151a6fbb@group-85A4241D4F1D-LeaderElection11 ELECTION round 0: submit vote requests at term 1 for -1: peers:[719c3446-6328-4d08-9922-2d459786fd6c|10.1.0.34:15058, df850d10-9c85-4972-b407-c0325fc6d584|10.1.0.34:15049, 8656a35e-0084-4fca-b387-4ce1151a6fbb|10.1.0.34:15067]|listeners:[], old=null
2024-01-11 04:03:34,981 [8656a35e-0084-4fca-b387-4ce1151a6fbb@group-85A4241D4F1D-LeaderElection11] INFO  server.RaftServerConfigKeys (ConfUtils.java:logFallback(53)) - raft.server.rpc.first-election.timeout.min = 5s (fallback to raft.server.rpc.timeout.min)
2024-01-11 04:03:34,981 [8656a35e-0084-4fca-b387-4ce1151a6fbb@group-85A4241D4F1D-LeaderElection11] INFO  server.RaftServerConfigKeys (ConfUtils.java:logFallback(53)) - raft.server.rpc.first-election.timeout.max = 5200ms (fallback to raft.server.rpc.timeout.max)
2024-01-11 04:03:34,985 [grpc-default-executor-0] INFO  server.RaftServer$Division (RaftServerImpl.java:requestVote(1389)) - 719c3446-6328-4d08-9922-2d459786fd6c@group-85A4241D4F1D: receive requestVote(ELECTION, 8656a35e-0084-4fca-b387-4ce1151a6fbb, group-85A4241D4F1D, 1, (t:0, i:0))
2024-01-11 04:03:34,985 [grpc-default-executor-0] INFO  impl.VoteContext (VoteContext.java:log(49)) - 719c3446-6328-4d08-9922-2d459786fd6c@group-85A4241D4F1D-FOLLOWER: accept ELECTION from 8656a35e-0084-4fca-b387-4ce1151a6fbb: our priority 0 <= candidate's priority 1
2024-01-11 04:03:34,985 [grpc-default-executor-0] INFO  server.RaftServer$Division (RaftServerImpl.java:setRole(383)) - 719c3446-6328-4d08-9922-2d459786fd6c@group-85A4241D4F1D: changes role from  FOLLOWER to FOLLOWER at term 1 for candidate:8656a35e-0084-4fca-b387-4ce1151a6fbb
2024-01-11 04:03:34,986 [grpc-default-executor-0] INFO  impl.RoleInfo (RoleInfo.java:shutdownFollowerState(110)) - 719c3446-6328-4d08-9922-2d459786fd6c: shutdown 719c3446-6328-4d08-9922-2d459786fd6c@group-85A4241D4F1D-FollowerState
2024-01-11 04:03:34,986 [grpc-default-executor-0] INFO  impl.RoleInfo (RoleInfo.java:updateAndGet(139)) - 719c3446-6328-4d08-9922-2d459786fd6c: start 719c3446-6328-4d08-9922-2d459786fd6c@group-85A4241D4F1D-FollowerState
2024-01-11 04:03:34,986 [719c3446-6328-4d08-9922-2d459786fd6c@group-85A4241D4F1D-FollowerState] INFO  impl.FollowerState (FollowerState.java:run(152)) - 719c3446-6328-4d08-9922-2d459786fd6c@group-85A4241D4F1D-FollowerState was interrupted
2024-01-11 04:03:34,986 [grpc-default-executor-0] INFO  server.RaftServer$Division (RaftServerImpl.java:setFirstElection(574)) - 719c3446-6328-4d08-9922-2d459786fd6c@group-85A4241D4F1D: set firstElectionSinceStartup to false for candidate:8656a35e-0084-4fca-b387-4ce1151a6fbb
2024-01-11 04:03:34,989 [grpc-default-executor-0] INFO  server.RaftServer$Division (RaftServerImpl.java:requestVote(1422)) - 719c3446-6328-4d08-9922-2d459786fd6c@group-85A4241D4F1D replies to ELECTION vote request: 8656a35e-0084-4fca-b387-4ce1151a6fbb<-719c3446-6328-4d08-9922-2d459786fd6c#0:OK-t1. Peer's state: 719c3446-6328-4d08-9922-2d459786fd6c@group-85A4241D4F1D:t1, leader=null, voted=8656a35e-0084-4fca-b387-4ce1151a6fbb, raftlog=Memoized:719c3446-6328-4d08-9922-2d459786fd6c@group-85A4241D4F1D-SegmentedRaftLog:OPENED:c-1, conf=-1: peers:[719c3446-6328-4d08-9922-2d459786fd6c|10.1.0.34:15058, df850d10-9c85-4972-b407-c0325fc6d584|10.1.0.34:15049, 8656a35e-0084-4fca-b387-4ce1151a6fbb|10.1.0.34:15067]|listeners:[], old=null
2024-01-11 04:03:34,989 [grpc-default-executor-4] INFO  server.RaftServer$Division (RaftServerImpl.java:requestVote(1389)) - df850d10-9c85-4972-b407-c0325fc6d584@group-85A4241D4F1D: receive requestVote(ELECTION, 8656a35e-0084-4fca-b387-4ce1151a6fbb, group-85A4241D4F1D, 1, (t:0, i:0))
2024-01-11 04:03:34,990 [grpc-default-executor-4] INFO  impl.VoteContext (VoteContext.java:log(49)) - df850d10-9c85-4972-b407-c0325fc6d584@group-85A4241D4F1D-FOLLOWER: accept ELECTION from 8656a35e-0084-4fca-b387-4ce1151a6fbb: our priority 0 <= candidate's priority 1
2024-01-11 04:03:34,990 [grpc-default-executor-4] INFO  server.RaftServer$Division (RaftServerImpl.java:setRole(383)) - df850d10-9c85-4972-b407-c0325fc6d584@group-85A4241D4F1D: changes role from  FOLLOWER to FOLLOWER at term 1 for candidate:8656a35e-0084-4fca-b387-4ce1151a6fbb
2024-01-11 04:03:34,990 [grpc-default-executor-4] INFO  impl.RoleInfo (RoleInfo.java:shutdownFollowerState(110)) - df850d10-9c85-4972-b407-c0325fc6d584: shutdown df850d10-9c85-4972-b407-c0325fc6d584@group-85A4241D4F1D-FollowerState
2024-01-11 04:03:34,990 [grpc-default-executor-4] INFO  impl.RoleInfo (RoleInfo.java:updateAndGet(139)) - df850d10-9c85-4972-b407-c0325fc6d584: start df850d10-9c85-4972-b407-c0325fc6d584@group-85A4241D4F1D-FollowerState
2024-01-11 04:03:34,990 [df850d10-9c85-4972-b407-c0325fc6d584@group-85A4241D4F1D-FollowerState] INFO  impl.FollowerState (FollowerState.java:run(152)) - df850d10-9c85-4972-b407-c0325fc6d584@group-85A4241D4F1D-FollowerState was interrupted
2024-01-11 04:03:34,990 [8656a35e-0084-4fca-b387-4ce1151a6fbb@group-85A4241D4F1D-LeaderElection11] INFO  impl.LeaderElection (LeaderElection.java:logAndReturn(89)) - 8656a35e-0084-4fca-b387-4ce1151a6fbb@group-85A4241D4F1D-LeaderElection11: ELECTION PASSED received 1 response(s) and 0 exception(s):
2024-01-11 04:03:34,990 [8656a35e-0084-4fca-b387-4ce1151a6fbb@group-85A4241D4F1D-LeaderElection11] INFO  impl.LeaderElection (LeaderElection.java:logAndReturn(93)) -   Response 0: 8656a35e-0084-4fca-b387-4ce1151a6fbb<-719c3446-6328-4d08-9922-2d459786fd6c#0:OK-t1
2024-01-11 04:03:34,991 [8656a35e-0084-4fca-b387-4ce1151a6fbb@group-85A4241D4F1D-LeaderElection11] INFO  impl.LeaderElection (LeaderElection.java:askForVotes(323)) - 8656a35e-0084-4fca-b387-4ce1151a6fbb@group-85A4241D4F1D-LeaderElection11 ELECTION round 0: result PASSED
2024-01-11 04:03:34,991 [8656a35e-0084-4fca-b387-4ce1151a6fbb@group-85A4241D4F1D-LeaderElection11] INFO  impl.RoleInfo (RoleInfo.java:shutdownLeaderElection(130)) - 8656a35e-0084-4fca-b387-4ce1151a6fbb: shutdown 8656a35e-0084-4fca-b387-4ce1151a6fbb@group-85A4241D4F1D-LeaderElection11
2024-01-11 04:03:34,991 [8656a35e-0084-4fca-b387-4ce1151a6fbb@group-85A4241D4F1D-LeaderElection11] INFO  server.RaftServer$Division (RaftServerImpl.java:setRole(383)) - 8656a35e-0084-4fca-b387-4ce1151a6fbb@group-85A4241D4F1D: changes role from CANDIDATE to LEADER at term 1 for changeToLeader
2024-01-11 04:03:34,991 [8656a35e-0084-4fca-b387-4ce1151a6fbb@group-85A4241D4F1D-LeaderElection11] INFO  server.RaftServerConfigKeys (ConfUtils.java:logGet(46)) - raft.server.staging.catchup.gap = 1000 (default)
2024-01-11 04:03:34,991 [8656a35e-0084-4fca-b387-4ce1151a6fbb@group-85A4241D4F1D-LeaderElection11] INFO  server.RaftServerConfigKeys (ConfUtils.java:logGet(46)) - raft.server.write.element-limit = 1024 (custom)
2024-01-11 04:03:34,991 [8656a35e-0084-4fca-b387-4ce1151a6fbb@group-85A4241D4F1D-LeaderElection11] INFO  server.RaftServerConfigKeys (ConfUtils.java:logGet(46)) - raft.server.write.byte-limit = 1024 M (=1073741824) (custom)
2024-01-11 04:03:34,992 [8656a35e-0084-4fca-b387-4ce1151a6fbb@group-85A4241D4F1D-LeaderElection11] INFO  server.RaftServerConfigKeys (ConfUtils.java:logGet(46)) - raft.server.watch.timeout = 180s (custom)
2024-01-11 04:03:34,992 [8656a35e-0084-4fca-b387-4ce1151a6fbb@group-85A4241D4F1D-LeaderElection11] INFO  server.RaftServerConfigKeys (ConfUtils.java:logGet(46)) - raft.server.watch.timeout.denomination = 1s (default)
2024-01-11 04:03:34,992 [8656a35e-0084-4fca-b387-4ce1151a6fbb@group-85A4241D4F1D-LeaderElection11] INFO  server.RaftServerConfigKeys (ConfUtils.java:logGet(46)) - raft.server.watch.element-limit = 65536 (default)
2024-01-11 04:03:34,992 [8656a35e-0084-4fca-b387-4ce1151a6fbb@group-85A4241D4F1D-LeaderElection11] INFO  server.RaftServerConfigKeys (ConfUtils.java:logGet(46)) - raft.server.read.leader.lease.enabled = false (default)
2024-01-11 04:03:34,992 [8656a35e-0084-4fca-b387-4ce1151a6fbb@group-85A4241D4F1D-LeaderElection11] INFO  server.RaftServerConfigKeys (ConfUtils.java:logGet(46)) - raft.server.read.leader.lease.timeout.ratio = 0.9 (default)
2024-01-11 04:03:34,992 [8656a35e-0084-4fca-b387-4ce1151a6fbb@group-85A4241D4F1D-LeaderElection11] INFO  server.RaftServerConfigKeys (ConfUtils.java:logGet(46)) - raft.server.rpc.timeout.min = 5s (custom)
2024-01-11 04:03:34,992 [grpc-default-executor-4] INFO  server.RaftServer$Division (RaftServerImpl.java:requestVote(1422)) - df850d10-9c85-4972-b407-c0325fc6d584@group-85A4241D4F1D replies to ELECTION vote request: 8656a35e-0084-4fca-b387-4ce1151a6fbb<-df850d10-9c85-4972-b407-c0325fc6d584#0:OK-t1. Peer's state: df850d10-9c85-4972-b407-c0325fc6d584@group-85A4241D4F1D:t1, leader=null, voted=8656a35e-0084-4fca-b387-4ce1151a6fbb, raftlog=Memoized:df850d10-9c85-4972-b407-c0325fc6d584@group-85A4241D4F1D-SegmentedRaftLog:OPENED:c-1, conf=-1: peers:[719c3446-6328-4d08-9922-2d459786fd6c|10.1.0.34:15058, df850d10-9c85-4972-b407-c0325fc6d584|10.1.0.34:15049, 8656a35e-0084-4fca-b387-4ce1151a6fbb|10.1.0.34:15067]|listeners:[], old=null
2024-01-11 04:03:34,992 [8656a35e-0084-4fca-b387-4ce1151a6fbb@group-85A4241D4F1D-LeaderElection11] INFO  server.RaftServerConfigKeys (ConfUtils.java:logGet(46)) - raft.server.write.element-limit = 1024 (custom)
2024-01-11 04:03:34,992 [8656a35e-0084-4fca-b387-4ce1151a6fbb@group-85A4241D4F1D-LeaderElection11] INFO  server.RaftServerConfigKeys (ConfUtils.java:logGet(46)) - raft.server.write.follower.gap.ratio.max = -1.0 (default)
2024-01-11 04:03:34,993 [8656a35e-0084-4fca-b387-4ce1151a6fbb@group-85A4241D4F1D-LeaderElection11] INFO  server.RaftServerConfigKeys (ConfUtils.java:logGet(46)) - raft.server.log.appender.snapshot.chunk.size.max = 16MB (=16777216) (default)
2024-01-11 04:03:34,993 [8656a35e-0084-4fca-b387-4ce1151a6fbb@group-85A4241D4F1D-LeaderElection11] INFO  server.RaftServerConfigKeys (ConfUtils.java:logGet(46)) - raft.server.log.appender.buffer.byte-limit = 8388608 (custom)
2024-01-11 04:03:34,993 [8656a35e-0084-4fca-b387-4ce1151a6fbb@group-85A4241D4F1D-LeaderElection11] INFO  server.RaftServerConfigKeys (ConfUtils.java:logGet(46)) - raft.server.log.appender.buffer.element-limit = 1 (custom)
2024-01-11 04:03:34,993 [8656a35e-0084-4fca-b387-4ce1151a6fbb@group-85A4241D4F1D-LeaderElection11] INFO  server.RaftServerConfigKeys (ConfUtils.java:logGet(46)) - raft.server.log.appender.wait-time.min = 0μs (custom)
2024-01-11 04:03:34,993 [8656a35e-0084-4fca-b387-4ce1151a6fbb@group-85A4241D4F1D-LeaderElection11] INFO  grpc.GrpcConfigKeys (ConfUtils.java:logGet(46)) - raft.grpc.server.leader.outstanding.appends.max = 8 (default)
2024-01-11 04:03:34,993 [8656a35e-0084-4fca-b387-4ce1151a6fbb@group-85A4241D4F1D-LeaderElection11] INFO  server.RaftServerConfigKeys (ConfUtils.java:logGet(46)) - raft.server.rpc.request.timeout = 60s (custom)
2024-01-11 04:03:34,993 [8656a35e-0084-4fca-b387-4ce1151a6fbb@group-85A4241D4F1D-LeaderElection11] INFO  grpc.GrpcConfigKeys (ConfUtils.java:logGet(46)) - raft.grpc.server.install_snapshot.request.element-limit = 8 (default)
2024-01-11 04:03:34,994 [8656a35e-0084-4fca-b387-4ce1151a6fbb@group-85A4241D4F1D-LeaderElection11] INFO  grpc.GrpcConfigKeys (ConfUtils.java:logGet(46)) - raft.grpc.server.install_snapshot.request.timeout = 3000ms (default)
2024-01-11 04:03:34,994 [8656a35e-0084-4fca-b387-4ce1151a6fbb@group-85A4241D4F1D-LeaderElection11] INFO  grpc.GrpcConfigKeys (ConfUtils.java:logGet(46)) - raft.grpc.server.log-message.batch.duration = 5s (default)
2024-01-11 04:03:34,994 [8656a35e-0084-4fca-b387-4ce1151a6fbb@group-85A4241D4F1D-LeaderElection11] INFO  server.RaftServerConfigKeys (ConfUtils.java:logGet(46)) - raft.server.log.appender.install.snapshot.enabled = false (custom)
2024-01-11 04:03:34,994 [8656a35e-0084-4fca-b387-4ce1151a6fbb@group-85A4241D4F1D-LeaderElection11] INFO  grpc.GrpcConfigKeys (ConfUtils.java:logGet(46)) - raft.grpc.server.heartbeat.channel = true (default)
2024-01-11 04:03:34,995 [8656a35e-0084-4fca-b387-4ce1151a6fbb@group-85A4241D4F1D-LeaderElection11] INFO  server.RaftServerConfigKeys (ConfUtils.java:logGet(46)) - raft.server.log.appender.snapshot.chunk.size.max = 16MB (=16777216) (default)
2024-01-11 04:03:34,995 [8656a35e-0084-4fca-b387-4ce1151a6fbb@group-85A4241D4F1D-LeaderElection11] INFO  server.RaftServerConfigKeys (ConfUtils.java:logGet(46)) - raft.server.log.appender.buffer.byte-limit = 8388608 (custom)
2024-01-11 04:03:34,995 [8656a35e-0084-4fca-b387-4ce1151a6fbb@group-85A4241D4F1D-LeaderElection11] INFO  server.RaftServerConfigKeys (ConfUtils.java:logGet(46)) - raft.server.log.appender.buffer.element-limit = 1 (custom)
2024-01-11 04:03:34,995 [8656a35e-0084-4fca-b387-4ce1151a6fbb@group-85A4241D4F1D-LeaderElection11] INFO  server.RaftServerConfigKeys (ConfUtils.java:logGet(46)) - raft.server.log.appender.wait-time.min = 0μs (custom)
2024-01-11 04:03:34,995 [8656a35e-0084-4fca-b387-4ce1151a6fbb@group-85A4241D4F1D-LeaderElection11] INFO  grpc.GrpcConfigKeys (ConfUtils.java:logGet(46)) - raft.grpc.server.leader.outstanding.appends.max = 8 (default)
2024-01-11 04:03:34,995 [8656a35e-0084-4fca-b387-4ce1151a6fbb@group-85A4241D4F1D-LeaderElection11] INFO  server.RaftServerConfigKeys (ConfUtils.java:logGet(46)) - raft.server.rpc.request.timeout = 60s (custom)
2024-01-11 04:03:34,995 [8656a35e-0084-4fca-b387-4ce1151a6fbb@group-85A4241D4F1D-LeaderElection11] INFO  grpc.GrpcConfigKeys (ConfUtils.java:logGet(46)) - raft.grpc.server.install_snapshot.request.element-limit = 8 (default)
2024-01-11 04:03:34,995 [8656a35e-0084-4fca-b387-4ce1151a6fbb@group-85A4241D4F1D-LeaderElection11] INFO  grpc.GrpcConfigKeys (ConfUtils.java:logGet(46)) - raft.grpc.server.install_snapshot.request.timeout = 3000ms (default)
2024-01-11 04:03:34,995 [8656a35e-0084-4fca-b387-4ce1151a6fbb@group-85A4241D4F1D-LeaderElection11] INFO  grpc.GrpcConfigKeys (ConfUtils.java:logGet(46)) - raft.grpc.server.log-message.batch.duration = 5s (default)
2024-01-11 04:03:34,995 [8656a35e-0084-4fca-b387-4ce1151a6fbb@group-85A4241D4F1D-LeaderElection11] INFO  server.RaftServerConfigKeys (ConfUtils.java:logGet(46)) - raft.server.log.appender.install.snapshot.enabled = false (custom)
2024-01-11 04:03:34,995 [8656a35e-0084-4fca-b387-4ce1151a6fbb@group-85A4241D4F1D-LeaderElection11] INFO  grpc.GrpcConfigKeys (ConfUtils.java:logGet(46)) - raft.grpc.server.heartbeat.channel = true (default)
2024-01-11 04:03:34,996 [8656a35e-0084-4fca-b387-4ce1151a6fbb@group-85A4241D4F1D-LeaderElection11] INFO  impl.RoleInfo (RoleInfo.java:updateAndGet(139)) - 8656a35e-0084-4fca-b387-4ce1151a6fbb: start 8656a35e-0084-4fca-b387-4ce1151a6fbb@group-85A4241D4F1D-LeaderStateImpl
2024-01-11 04:03:34,996 [8656a35e-0084-4fca-b387-4ce1151a6fbb@group-85A4241D4F1D-LeaderElection11] INFO  server.RaftServer$Division (RaftServerImpl.java:setFirstElection(574)) - 8656a35e-0084-4fca-b387-4ce1151a6fbb@group-85A4241D4F1D: set firstElectionSinceStartup to false for becomeLeader
2024-01-11 04:03:34,996 [8656a35e-0084-4fca-b387-4ce1151a6fbb@group-85A4241D4F1D-LeaderElection11] INFO  ratis.XceiverServerRatis (XceiverServerRatis.java:handleLeaderChangedNotification(945)) - Leader change notification received for group: group-85A4241D4F1D with new leaderId: 8656a35e-0084-4fca-b387-4ce1151a6fbb
2024-01-11 04:03:34,996 [8656a35e-0084-4fca-b387-4ce1151a6fbb@group-85A4241D4F1D-LeaderElection11] INFO  server.RaftServer$Division (ServerState.java:setLeader(269)) - 8656a35e-0084-4fca-b387-4ce1151a6fbb@group-85A4241D4F1D: change Leader from null to 8656a35e-0084-4fca-b387-4ce1151a6fbb at term 1 for becomeLeader, leader elected after 5077ms
2024-01-11 04:03:34,998 [8656a35e-0084-4fca-b387-4ce1151a6fbb@group-85A4241D4F1D-LeaderElection11] INFO  segmented.SegmentedRaftLogWorker (SegmentedRaftLogWorker.java:startLogSegment(430)) - 8656a35e-0084-4fca-b387-4ce1151a6fbb@group-85A4241D4F1D-SegmentedRaftLogWorker: Starting segment from index:0
2024-01-11 04:03:34,999 [8656a35e-0084-4fca-b387-4ce1151a6fbb@group-85A4241D4F1D-LeaderElection11] INFO  server.RaftServer$Division (ServerState.java:setRaftConf(386)) - 8656a35e-0084-4fca-b387-4ce1151a6fbb@group-85A4241D4F1D: set configuration 0: peers:[719c3446-6328-4d08-9922-2d459786fd6c|10.1.0.34:15058, df850d10-9c85-4972-b407-c0325fc6d584|10.1.0.34:15049, 8656a35e-0084-4fca-b387-4ce1151a6fbb|10.1.0.34:15067]|listeners:[], old=null
2024-01-11 04:03:34,999 [8656a35e-0084-4fca-b387-4ce1151a6fbb@group-85A4241D4F1D-SegmentedRaftLogWorker] INFO  segmented.BufferedWriteChannel (BufferedWriteChannel.java:open(62)) - open log_inprogress_0 at position 0
2024-01-11 04:03:34,999 [EventQueue-PipelineReportForPipelineReportHandler] INFO  pipeline.PipelineReportHandler (PipelineReportHandler.java:processPipelineReport(136)) - Opened pipeline PipelineID=f4a60787-be55-4684-be27-85a4241d4f1d
2024-01-11 04:03:34,999 [EventQueue-OpenPipelineForHealthyPipelineSafeModeRule] INFO  safemode.SCMSafeModeManager (HealthyPipelineSafeModeRule.java:process(140)) - SCM in safe mode. Healthy pipelines reported count is 1, required healthy pipeline reported count is 1
2024-01-11 04:03:34,999 [EventQueue-OpenPipelineForHealthyPipelineSafeModeRule] INFO  safemode.SCMSafeModeManager (SCMSafeModeManager.java:validateSafeModeExitRules(200)) - HealthyPipelineSafeModeRule rule is successfully validated
2024-01-11 04:03:34,999 [EventQueue-OpenPipelineForHealthyPipelineSafeModeRule] INFO  safemode.SCMSafeModeManager (SCMSafeModeManager.java:validateSafeModeExitRules(215)) - ScmSafeModeManager, all rules are successfully validated
2024-01-11 04:03:34,999 [EventQueue-OpenPipelineForHealthyPipelineSafeModeRule] INFO  safemode.SCMSafeModeManager (SCMSafeModeManager.java:exitSafeMode(244)) - SCM exiting safe mode.
2024-01-11 04:03:35,000 [EventQueue-OpenPipelineForHealthyPipelineSafeModeRule] INFO  ha.SCMContext (SCMContext.java:updateSafeModeStatus(230)) - Update SafeModeStatus from SafeModeStatus{safeModeStatus=true, preCheckPassed=true} to SafeModeStatus{safeModeStatus=false, preCheckPassed=true}.
2024-01-11 04:03:35,000 [EventQueue-OpenPipelineForHealthyPipelineSafeModeRule] INFO  pipeline.BackgroundPipelineCreator (BackgroundPipelineCreator.java:notifyStatusChanged(258)) - Service BackgroundPipelineCreator transitions to RUNNING.
2024-01-11 04:03:35,001 [EventQueue-OpenPipelineForHealthyPipelineSafeModeRule] INFO  BackgroundPipelineScrubber (BackgroundSCMService.java:notifyStatusChanged(82)) - Service BackgroundPipelineScrubber transitions to RUNNING.
2024-01-11 04:03:35,001 [EventQueue-OpenPipelineForHealthyPipelineSafeModeRule] INFO  ExpiredContainerReplicaOpScrubber (BackgroundSCMService.java:notifyStatusChanged(82)) - Service ExpiredContainerReplicaOpScrubber transitions to RUNNING.
2024-01-11 04:03:35,001 [EventQueue-OpenPipelineForHealthyPipelineSafeModeRule] INFO  block.SCMBlockDeletingService (SCMBlockDeletingService.java:notifyStatusChanged(247)) - notifyStatusChanged:RUNNING
2024-01-11 04:03:35,001 [EventQueue-OpenPipelineForHealthyPipelineSafeModeRule] INFO  replication.ReplicationManager (ReplicationManager.java:notifyStatusChanged(1401)) - Service ReplicationManager transitions to RUNNING.
2024-01-11 04:03:35,001 [EventQueue-OpenPipelineForHealthyPipelineSafeModeRule] WARN  balancer.ContainerBalancer (ContainerBalancer.java:shouldRun(134)) - Could not find persisted configuration for ContainerBalancer when checking if ContainerBalancer should run. ContainerBalancer should not run now.
2024-01-11 04:03:35,021 [8656a35e-0084-4fca-b387-4ce1151a6fbb@group-85A4241D4F1D-SegmentedRaftLogWorker] INFO  segmented.SegmentedRaftLogWorker (SegmentedRaftLogWorker.java:execute(634)) - 8656a35e-0084-4fca-b387-4ce1151a6fbb@group-85A4241D4F1D-SegmentedRaftLogWorker: created new log segment /home/runner/work/ozone/ozone/hadoop-ozone/integration-test/target/test-dir/MiniOzoneClusterImpl-8912d24f-c240-4c97-8da2-3552e928269b/datanode-2/data/ratis/f4a60787-be55-4684-be27-85a4241d4f1d/current/log_inprogress_0
2024-01-11 04:03:35,029 [719c3446-6328-4d08-9922-2d459786fd6c-server-thread1] INFO  ratis.XceiverServerRatis (XceiverServerRatis.java:handleLeaderChangedNotification(945)) - Leader change notification received for group: group-85A4241D4F1D with new leaderId: 8656a35e-0084-4fca-b387-4ce1151a6fbb
2024-01-11 04:03:35,029 [719c3446-6328-4d08-9922-2d459786fd6c-server-thread1] INFO  server.RaftServer$Division (ServerState.java:setLeader(269)) - 719c3446-6328-4d08-9922-2d459786fd6c@group-85A4241D4F1D: change Leader from null to 8656a35e-0084-4fca-b387-4ce1151a6fbb at term 1 for appendEntries, leader elected after 5155ms
2024-01-11 04:03:35,033 [df850d10-9c85-4972-b407-c0325fc6d584-server-thread1] INFO  ratis.XceiverServerRatis (XceiverServerRatis.java:handleLeaderChangedNotification(945)) - Leader change notification received for group: group-85A4241D4F1D with new leaderId: 8656a35e-0084-4fca-b387-4ce1151a6fbb
2024-01-11 04:03:35,033 [df850d10-9c85-4972-b407-c0325fc6d584-server-thread1] INFO  server.RaftServer$Division (ServerState.java:setLeader(269)) - df850d10-9c85-4972-b407-c0325fc6d584@group-85A4241D4F1D: change Leader from null to 8656a35e-0084-4fca-b387-4ce1151a6fbb at term 1 for appendEntries, leader elected after 5180ms
2024-01-11 04:03:35,037 [719c3446-6328-4d08-9922-2d459786fd6c-server-thread2] INFO  server.RaftServer$Division (ServerState.java:setRaftConf(386)) - 719c3446-6328-4d08-9922-2d459786fd6c@group-85A4241D4F1D: set configuration 0: peers:[719c3446-6328-4d08-9922-2d459786fd6c|10.1.0.34:15058, df850d10-9c85-4972-b407-c0325fc6d584|10.1.0.34:15049, 8656a35e-0084-4fca-b387-4ce1151a6fbb|10.1.0.34:15067]|listeners:[], old=null
2024-01-11 04:03:35,037 [719c3446-6328-4d08-9922-2d459786fd6c-server-thread2] INFO  segmented.SegmentedRaftLogWorker (SegmentedRaftLogWorker.java:startLogSegment(430)) - 719c3446-6328-4d08-9922-2d459786fd6c@group-85A4241D4F1D-SegmentedRaftLogWorker: Starting segment from index:0
2024-01-11 04:03:35,038 [719c3446-6328-4d08-9922-2d459786fd6c@group-85A4241D4F1D-SegmentedRaftLogWorker] INFO  segmented.BufferedWriteChannel (BufferedWriteChannel.java:open(62)) - open log_inprogress_0 at position 0
2024-01-11 04:03:35,046 [df850d10-9c85-4972-b407-c0325fc6d584-server-thread2] INFO  server.RaftServer$Division (ServerState.java:setRaftConf(386)) - df850d10-9c85-4972-b407-c0325fc6d584@group-85A4241D4F1D: set configuration 0: peers:[719c3446-6328-4d08-9922-2d459786fd6c|10.1.0.34:15058, df850d10-9c85-4972-b407-c0325fc6d584|10.1.0.34:15049, 8656a35e-0084-4fca-b387-4ce1151a6fbb|10.1.0.34:15067]|listeners:[], old=null
2024-01-11 04:03:35,046 [df850d10-9c85-4972-b407-c0325fc6d584-server-thread2] INFO  segmented.SegmentedRaftLogWorker (SegmentedRaftLogWorker.java:startLogSegment(430)) - df850d10-9c85-4972-b407-c0325fc6d584@group-85A4241D4F1D-SegmentedRaftLogWorker: Starting segment from index:0
2024-01-11 04:03:35,046 [df850d10-9c85-4972-b407-c0325fc6d584@group-85A4241D4F1D-SegmentedRaftLogWorker] INFO  segmented.BufferedWriteChannel (BufferedWriteChannel.java:open(62)) - open log_inprogress_0 at position 0
2024-01-11 04:03:35,051 [719c3446-6328-4d08-9922-2d459786fd6c@group-85A4241D4F1D-SegmentedRaftLogWorker] INFO  segmented.SegmentedRaftLogWorker (SegmentedRaftLogWorker.java:execute(634)) - 719c3446-6328-4d08-9922-2d459786fd6c@group-85A4241D4F1D-SegmentedRaftLogWorker: created new log segment /home/runner/work/ozone/ozone/hadoop-ozone/integration-test/target/test-dir/MiniOzoneClusterImpl-8912d24f-c240-4c97-8da2-3552e928269b/datanode-1/data/ratis/f4a60787-be55-4684-be27-85a4241d4f1d/current/log_inprogress_0
2024-01-11 04:03:35,055 [df850d10-9c85-4972-b407-c0325fc6d584@group-85A4241D4F1D-SegmentedRaftLogWorker] INFO  segmented.SegmentedRaftLogWorker (SegmentedRaftLogWorker.java:execute(634)) - df850d10-9c85-4972-b407-c0325fc6d584@group-85A4241D4F1D-SegmentedRaftLogWorker: created new log segment /home/runner/work/ozone/ozone/hadoop-ozone/integration-test/target/test-dir/MiniOzoneClusterImpl-8912d24f-c240-4c97-8da2-3552e928269b/datanode-0/data/ratis/f4a60787-be55-4684-be27-85a4241d4f1d/current/log_inprogress_0
2024-01-11 04:03:35,057 [8656a35e-0084-4fca-b387-4ce1151a6fbb@group-85A4241D4F1D-StateMachineUpdater] INFO  server.RaftServer$Division (LeaderStateImpl.java:isApplied(320)) - leader is ready since appliedIndex == 0 >= startIndex == 0
2024-01-11 04:03:35,062 [Mini-Cluster-Provider-Create] INFO  ozone.MiniOzoneClusterImpl (MiniOzoneClusterImpl.java:lambda$waitForClusterToBeReady$0(229)) - Nodes are ready. Got 3 of 3 DN Heartbeats.
2024-01-11 04:03:35,062 [Mini-Cluster-Provider-Create] INFO  ozone.MiniOzoneClusterImpl (MiniOzoneClusterImpl.java:lambda$waitForClusterToBeReady$0(232)) - Cluster exits safe mode
2024-01-11 04:03:35,062 [Mini-Cluster-Provider-Create] INFO  ozone.MiniOzoneClusterImpl (MiniOzoneClusterImpl.java:lambda$waitForClusterToBeReady$0(234)) - SCM became leader
2024-01-11 04:03:35,062 [main] INFO  ozone.MiniOzoneClusterImpl (MiniOzoneClusterImpl.java:lambda$waitForClusterToBeReady$0(229)) - Nodes are ready. Got 3 of 3 DN Heartbeats.
2024-01-11 04:03:35,062 [main] INFO  ozone.MiniOzoneClusterImpl (MiniOzoneClusterImpl.java:lambda$waitForClusterToBeReady$0(232)) - Cluster exits safe mode
2024-01-11 04:03:35,062 [main] INFO  ozone.MiniOzoneClusterImpl (MiniOzoneClusterImpl.java:lambda$waitForClusterToBeReady$0(234)) - SCM became leader
2024-01-11 04:03:35,063 [main] INFO  protocolPB.OmTransportFactory (OmTransportFactory.java:createFactory(62)) - Loading OM transport implementation org.apache.hadoop.ozone.om.protocolPB.Hadoop3OmTransportFactory as specified by configuration.
2024-01-11 04:03:35,071 [main] INFO  rpc.RpcClient (RpcClient.java:createVolume(456)) - Creating Volume: vol, with runner as owner and space quota set to -1 bytes, counts quota set to -1
2024-01-11 04:03:35,076 [om1-OMStateMachineApplyTransactionThread - 0] INFO  volume.OMVolumeCreateRequest (OMVolumeCreateRequest.java:validateAndUpdateCache(198)) - created volume:vol for user:runner
2024-01-11 04:03:35,081 [main] INFO  rpc.RpcClient (RpcClient.java:createBucket(683)) - Creating Bucket: vol/bucket, with server-side default bucket layout, runner as owner, Versioning false, Storage Type set to DISK and Encryption set to false, Replication Type set to server-side default replication type, Namespace Quota set to -1, Space Quota set to -1 
2024-01-11 04:03:35,085 [om1-OMStateMachineApplyTransactionThread - 0] INFO  bucket.OMBucketCreateRequest (OMBucketCreateRequest.java:validateAndUpdateCache(296)) - created bucket: bucket of layout FILE_SYSTEM_OPTIMIZED in volume: vol
2024-01-11 04:03:35,114 [df850d10-9c85-4972-b407-c0325fc6d584@group-81FA45F9E5D4-FollowerState] INFO  impl.FollowerState (FollowerState.java:run(143)) - df850d10-9c85-4972-b407-c0325fc6d584@group-81FA45F9E5D4-FollowerState: change to CANDIDATE, lastRpcElapsedTime:5156758130ns, electionTimeout:5156ms
2024-01-11 04:03:35,114 [df850d10-9c85-4972-b407-c0325fc6d584@group-81FA45F9E5D4-FollowerState] INFO  impl.RoleInfo (RoleInfo.java:shutdownFollowerState(110)) - df850d10-9c85-4972-b407-c0325fc6d584: shutdown df850d10-9c85-4972-b407-c0325fc6d584@group-81FA45F9E5D4-FollowerState
2024-01-11 04:03:35,114 [df850d10-9c85-4972-b407-c0325fc6d584@group-81FA45F9E5D4-FollowerState] INFO  server.RaftServer$Division (RaftServerImpl.java:setRole(383)) - df850d10-9c85-4972-b407-c0325fc6d584@group-81FA45F9E5D4: changes role from  FOLLOWER to CANDIDATE at term 0 for changeToCandidate
2024-01-11 04:03:35,114 [df850d10-9c85-4972-b407-c0325fc6d584@group-81FA45F9E5D4-FollowerState] INFO  server.RaftServerConfigKeys (ConfUtils.java:logGet(46)) - raft.server.leaderelection.pre-vote = true (default)
2024-01-11 04:03:35,114 [df850d10-9c85-4972-b407-c0325fc6d584@group-81FA45F9E5D4-FollowerState] INFO  impl.RoleInfo (RoleInfo.java:updateAndGet(139)) - df850d10-9c85-4972-b407-c0325fc6d584: start df850d10-9c85-4972-b407-c0325fc6d584@group-81FA45F9E5D4-LeaderElection12
2024-01-11 04:03:35,115 [df850d10-9c85-4972-b407-c0325fc6d584@group-81FA45F9E5D4-LeaderElection12] INFO  impl.LeaderElection (LeaderElection.java:askForVotes(321)) - df850d10-9c85-4972-b407-c0325fc6d584@group-81FA45F9E5D4-LeaderElection12 PRE_VOTE round 0: submit vote requests at term 0 for -1: peers:[719c3446-6328-4d08-9922-2d459786fd6c|10.1.0.34:15058, df850d10-9c85-4972-b407-c0325fc6d584|10.1.0.34:15049, 8656a35e-0084-4fca-b387-4ce1151a6fbb|10.1.0.34:15067]|listeners:[], old=null
2024-01-11 04:03:35,116 [df850d10-9c85-4972-b407-c0325fc6d584@group-81FA45F9E5D4-LeaderElection12] INFO  server.RaftServerConfigKeys (ConfUtils.java:logFallback(53)) - raft.server.rpc.first-election.timeout.min = 5s (fallback to raft.server.rpc.timeout.min)
2024-01-11 04:03:35,116 [df850d10-9c85-4972-b407-c0325fc6d584@group-81FA45F9E5D4-LeaderElection12] INFO  server.RaftServerConfigKeys (ConfUtils.java:logFallback(53)) - raft.server.rpc.first-election.timeout.max = 5200ms (fallback to raft.server.rpc.timeout.max)
2024-01-11 04:03:35,117 [grpc-default-executor-3] INFO  server.RaftServer$Division (RaftServerImpl.java:requestVote(1389)) - 8656a35e-0084-4fca-b387-4ce1151a6fbb@group-81FA45F9E5D4: receive requestVote(PRE_VOTE, df850d10-9c85-4972-b407-c0325fc6d584, group-81FA45F9E5D4, 0, (t:0, i:0))
2024-01-11 04:03:35,117 [grpc-default-executor-6] INFO  server.RaftServer$Division (RaftServerImpl.java:requestVote(1389)) - 719c3446-6328-4d08-9922-2d459786fd6c@group-81FA45F9E5D4: receive requestVote(PRE_VOTE, df850d10-9c85-4972-b407-c0325fc6d584, group-81FA45F9E5D4, 0, (t:0, i:0))
2024-01-11 04:03:35,117 [grpc-default-executor-3] INFO  impl.VoteContext (VoteContext.java:log(49)) - 8656a35e-0084-4fca-b387-4ce1151a6fbb@group-81FA45F9E5D4-FOLLOWER: accept PRE_VOTE from df850d10-9c85-4972-b407-c0325fc6d584: our priority 0 <= candidate's priority 1
2024-01-11 04:03:35,117 [grpc-default-executor-6] INFO  impl.VoteContext (VoteContext.java:log(49)) - 719c3446-6328-4d08-9922-2d459786fd6c@group-81FA45F9E5D4-FOLLOWER: accept PRE_VOTE from df850d10-9c85-4972-b407-c0325fc6d584: our priority 0 <= candidate's priority 1
2024-01-11 04:03:35,117 [grpc-default-executor-3] INFO  server.RaftServer$Division (RaftServerImpl.java:requestVote(1422)) - 8656a35e-0084-4fca-b387-4ce1151a6fbb@group-81FA45F9E5D4 replies to PRE_VOTE vote request: df850d10-9c85-4972-b407-c0325fc6d584<-8656a35e-0084-4fca-b387-4ce1151a6fbb#0:OK-t0. Peer's state: 8656a35e-0084-4fca-b387-4ce1151a6fbb@group-81FA45F9E5D4:t0, leader=null, voted=, raftlog=Memoized:8656a35e-0084-4fca-b387-4ce1151a6fbb@group-81FA45F9E5D4-SegmentedRaftLog:OPENED:c-1, conf=-1: peers:[719c3446-6328-4d08-9922-2d459786fd6c|10.1.0.34:15058, df850d10-9c85-4972-b407-c0325fc6d584|10.1.0.34:15049, 8656a35e-0084-4fca-b387-4ce1151a6fbb|10.1.0.34:15067]|listeners:[], old=null
2024-01-11 04:03:35,117 [grpc-default-executor-6] INFO  server.RaftServer$Division (RaftServerImpl.java:requestVote(1422)) - 719c3446-6328-4d08-9922-2d459786fd6c@group-81FA45F9E5D4 replies to PRE_VOTE vote request: df850d10-9c85-4972-b407-c0325fc6d584<-719c3446-6328-4d08-9922-2d459786fd6c#0:OK-t0. Peer's state: 719c3446-6328-4d08-9922-2d459786fd6c@group-81FA45F9E5D4:t0, leader=null, voted=, raftlog=Memoized:719c3446-6328-4d08-9922-2d459786fd6c@group-81FA45F9E5D4-SegmentedRaftLog:OPENED:c-1, conf=-1: peers:[719c3446-6328-4d08-9922-2d459786fd6c|10.1.0.34:15058, df850d10-9c85-4972-b407-c0325fc6d584|10.1.0.34:15049, 8656a35e-0084-4fca-b387-4ce1151a6fbb|10.1.0.34:15067]|listeners:[], old=null
2024-01-11 04:03:35,118 [df850d10-9c85-4972-b407-c0325fc6d584@group-81FA45F9E5D4-LeaderElection12] INFO  impl.LeaderElection (LeaderElection.java:logAndReturn(89)) - df850d10-9c85-4972-b407-c0325fc6d584@group-81FA45F9E5D4-LeaderElection12: PRE_VOTE PASSED received 1 response(s) and 0 exception(s):
2024-01-11 04:03:35,118 [df850d10-9c85-4972-b407-c0325fc6d584@group-81FA45F9E5D4-LeaderElection12] INFO  impl.LeaderElection (LeaderElection.java:logAndReturn(93)) -   Response 0: df850d10-9c85-4972-b407-c0325fc6d584<-8656a35e-0084-4fca-b387-4ce1151a6fbb#0:OK-t0
2024-01-11 04:03:35,118 [df850d10-9c85-4972-b407-c0325fc6d584@group-81FA45F9E5D4-LeaderElection12] INFO  impl.LeaderElection (LeaderElection.java:askForVotes(323)) - df850d10-9c85-4972-b407-c0325fc6d584@group-81FA45F9E5D4-LeaderElection12 PRE_VOTE round 0: result PASSED
2024-01-11 04:03:35,119 [df850d10-9c85-4972-b407-c0325fc6d584@group-81FA45F9E5D4-LeaderElection12] INFO  impl.LeaderElection (LeaderElection.java:askForVotes(321)) - df850d10-9c85-4972-b407-c0325fc6d584@group-81FA45F9E5D4-LeaderElection12 ELECTION round 0: submit vote requests at term 1 for -1: peers:[719c3446-6328-4d08-9922-2d459786fd6c|10.1.0.34:15058, df850d10-9c85-4972-b407-c0325fc6d584|10.1.0.34:15049, 8656a35e-0084-4fca-b387-4ce1151a6fbb|10.1.0.34:15067]|listeners:[], old=null
2024-01-11 04:03:35,121 [df850d10-9c85-4972-b407-c0325fc6d584@group-81FA45F9E5D4-LeaderElection12] INFO  server.RaftServerConfigKeys (ConfUtils.java:logFallback(53)) - raft.server.rpc.first-election.timeout.min = 5s (fallback to raft.server.rpc.timeout.min)
2024-01-11 04:03:35,121 [df850d10-9c85-4972-b407-c0325fc6d584@group-81FA45F9E5D4-LeaderElection12] INFO  server.RaftServerConfigKeys (ConfUtils.java:logFallback(53)) - raft.server.rpc.first-election.timeout.max = 5200ms (fallback to raft.server.rpc.timeout.max)
2024-01-11 04:03:35,122 [grpc-default-executor-3] INFO  server.RaftServer$Division (RaftServerImpl.java:requestVote(1389)) - 719c3446-6328-4d08-9922-2d459786fd6c@group-81FA45F9E5D4: receive requestVote(ELECTION, df850d10-9c85-4972-b407-c0325fc6d584, group-81FA45F9E5D4, 1, (t:0, i:0))
2024-01-11 04:03:35,122 [grpc-default-executor-3] INFO  impl.VoteContext (VoteContext.java:log(49)) - 719c3446-6328-4d08-9922-2d459786fd6c@group-81FA45F9E5D4-FOLLOWER: accept ELECTION from df850d10-9c85-4972-b407-c0325fc6d584: our priority 0 <= candidate's priority 1
2024-01-11 04:03:35,122 [grpc-default-executor-3] INFO  server.RaftServer$Division (RaftServerImpl.java:setRole(383)) - 719c3446-6328-4d08-9922-2d459786fd6c@group-81FA45F9E5D4: changes role from  FOLLOWER to FOLLOWER at term 1 for candidate:df850d10-9c85-4972-b407-c0325fc6d584
2024-01-11 04:03:35,122 [grpc-default-executor-3] INFO  impl.RoleInfo (RoleInfo.java:shutdownFollowerState(110)) - 719c3446-6328-4d08-9922-2d459786fd6c: shutdown 719c3446-6328-4d08-9922-2d459786fd6c@group-81FA45F9E5D4-FollowerState
2024-01-11 04:03:35,123 [grpc-default-executor-3] INFO  impl.RoleInfo (RoleInfo.java:updateAndGet(139)) - 719c3446-6328-4d08-9922-2d459786fd6c: start 719c3446-6328-4d08-9922-2d459786fd6c@group-81FA45F9E5D4-FollowerState
2024-01-11 04:03:35,123 [719c3446-6328-4d08-9922-2d459786fd6c@group-81FA45F9E5D4-FollowerState] INFO  impl.FollowerState (FollowerState.java:run(152)) - 719c3446-6328-4d08-9922-2d459786fd6c@group-81FA45F9E5D4-FollowerState was interrupted
2024-01-11 04:03:35,123 [grpc-default-executor-6] INFO  server.RaftServer$Division (RaftServerImpl.java:requestVote(1389)) - 8656a35e-0084-4fca-b387-4ce1151a6fbb@group-81FA45F9E5D4: receive requestVote(ELECTION, df850d10-9c85-4972-b407-c0325fc6d584, group-81FA45F9E5D4, 1, (t:0, i:0))
2024-01-11 04:03:35,123 [grpc-default-executor-3] INFO  server.RaftServer$Division (RaftServerImpl.java:setFirstElection(574)) - 719c3446-6328-4d08-9922-2d459786fd6c@group-81FA45F9E5D4: set firstElectionSinceStartup to false for candidate:df850d10-9c85-4972-b407-c0325fc6d584
2024-01-11 04:03:35,124 [grpc-default-executor-6] INFO  impl.VoteContext (VoteContext.java:log(49)) - 8656a35e-0084-4fca-b387-4ce1151a6fbb@group-81FA45F9E5D4-FOLLOWER: accept ELECTION from df850d10-9c85-4972-b407-c0325fc6d584: our priority 0 <= candidate's priority 1
2024-01-11 04:03:35,124 [grpc-default-executor-6] INFO  server.RaftServer$Division (RaftServerImpl.java:setRole(383)) - 8656a35e-0084-4fca-b387-4ce1151a6fbb@group-81FA45F9E5D4: changes role from  FOLLOWER to FOLLOWER at term 1 for candidate:df850d10-9c85-4972-b407-c0325fc6d584
2024-01-11 04:03:35,124 [grpc-default-executor-6] INFO  impl.RoleInfo (RoleInfo.java:shutdownFollowerState(110)) - 8656a35e-0084-4fca-b387-4ce1151a6fbb: shutdown 8656a35e-0084-4fca-b387-4ce1151a6fbb@group-81FA45F9E5D4-FollowerState
2024-01-11 04:03:35,124 [grpc-default-executor-6] INFO  impl.RoleInfo (RoleInfo.java:updateAndGet(139)) - 8656a35e-0084-4fca-b387-4ce1151a6fbb: start 8656a35e-0084-4fca-b387-4ce1151a6fbb@group-81FA45F9E5D4-FollowerState
2024-01-11 04:03:35,124 [8656a35e-0084-4fca-b387-4ce1151a6fbb@group-81FA45F9E5D4-FollowerState] INFO  impl.FollowerState (FollowerState.java:run(152)) - 8656a35e-0084-4fca-b387-4ce1151a6fbb@group-81FA45F9E5D4-FollowerState was interrupted
2024-01-11 04:03:35,125 [grpc-default-executor-3] INFO  server.RaftServer$Division (RaftServerImpl.java:requestVote(1422)) - 719c3446-6328-4d08-9922-2d459786fd6c@group-81FA45F9E5D4 replies to ELECTION vote request: df850d10-9c85-4972-b407-c0325fc6d584<-719c3446-6328-4d08-9922-2d459786fd6c#0:OK-t1. Peer's state: 719c3446-6328-4d08-9922-2d459786fd6c@group-81FA45F9E5D4:t1, leader=null, voted=df850d10-9c85-4972-b407-c0325fc6d584, raftlog=Memoized:719c3446-6328-4d08-9922-2d459786fd6c@group-81FA45F9E5D4-SegmentedRaftLog:OPENED:c-1, conf=-1: peers:[719c3446-6328-4d08-9922-2d459786fd6c|10.1.0.34:15058, df850d10-9c85-4972-b407-c0325fc6d584|10.1.0.34:15049, 8656a35e-0084-4fca-b387-4ce1151a6fbb|10.1.0.34:15067]|listeners:[], old=null
2024-01-11 04:03:35,127 [grpc-default-executor-6] INFO  server.RaftServer$Division (RaftServerImpl.java:setFirstElection(574)) - 8656a35e-0084-4fca-b387-4ce1151a6fbb@group-81FA45F9E5D4: set firstElectionSinceStartup to false for candidate:df850d10-9c85-4972-b407-c0325fc6d584
2024-01-11 04:03:35,127 [df850d10-9c85-4972-b407-c0325fc6d584@group-81FA45F9E5D4-LeaderElection12] INFO  impl.LeaderElection (LeaderElection.java:logAndReturn(89)) - df850d10-9c85-4972-b407-c0325fc6d584@group-81FA45F9E5D4-LeaderElection12: ELECTION PASSED received 1 response(s) and 0 exception(s):
2024-01-11 04:03:35,127 [df850d10-9c85-4972-b407-c0325fc6d584@group-81FA45F9E5D4-LeaderElection12] INFO  impl.LeaderElection (LeaderElection.java:logAndReturn(93)) -   Response 0: df850d10-9c85-4972-b407-c0325fc6d584<-719c3446-6328-4d08-9922-2d459786fd6c#0:OK-t1
2024-01-11 04:03:35,128 [df850d10-9c85-4972-b407-c0325fc6d584@group-81FA45F9E5D4-LeaderElection12] INFO  impl.LeaderElection (LeaderElection.java:askForVotes(323)) - df850d10-9c85-4972-b407-c0325fc6d584@group-81FA45F9E5D4-LeaderElection12 ELECTION round 0: result PASSED
2024-01-11 04:03:35,128 [df850d10-9c85-4972-b407-c0325fc6d584@group-81FA45F9E5D4-LeaderElection12] INFO  impl.RoleInfo (RoleInfo.java:shutdownLeaderElection(130)) - df850d10-9c85-4972-b407-c0325fc6d584: shutdown df850d10-9c85-4972-b407-c0325fc6d584@group-81FA45F9E5D4-LeaderElection12
2024-01-11 04:03:35,128 [df850d10-9c85-4972-b407-c0325fc6d584@group-81FA45F9E5D4-LeaderElection12] INFO  server.RaftServer$Division (RaftServerImpl.java:setRole(383)) - df850d10-9c85-4972-b407-c0325fc6d584@group-81FA45F9E5D4: changes role from CANDIDATE to LEADER at term 1 for changeToLeader
2024-01-11 04:03:35,128 [df850d10-9c85-4972-b407-c0325fc6d584@group-81FA45F9E5D4-LeaderElection12] INFO  server.RaftServerConfigKeys (ConfUtils.java:logGet(46)) - raft.server.staging.catchup.gap = 1000 (default)
2024-01-11 04:03:35,128 [df850d10-9c85-4972-b407-c0325fc6d584@group-81FA45F9E5D4-LeaderElection12] INFO  server.RaftServerConfigKeys (ConfUtils.java:logGet(46)) - raft.server.write.element-limit = 1024 (custom)
2024-01-11 04:03:35,128 [df850d10-9c85-4972-b407-c0325fc6d584@group-81FA45F9E5D4-LeaderElection12] INFO  server.RaftServerConfigKeys (ConfUtils.java:logGet(46)) - raft.server.write.byte-limit = 1024 M (=1073741824) (custom)
2024-01-11 04:03:35,128 [df850d10-9c85-4972-b407-c0325fc6d584@group-81FA45F9E5D4-LeaderElection12] INFO  server.RaftServerConfigKeys (ConfUtils.java:logGet(46)) - raft.server.watch.timeout = 180s (custom)
2024-01-11 04:03:35,128 [df850d10-9c85-4972-b407-c0325fc6d584@group-81FA45F9E5D4-LeaderElection12] INFO  server.RaftServerConfigKeys (ConfUtils.java:logGet(46)) - raft.server.watch.timeout.denomination = 1s (default)
2024-01-11 04:03:35,128 [df850d10-9c85-4972-b407-c0325fc6d584@group-81FA45F9E5D4-LeaderElection12] INFO  server.RaftServerConfigKeys (ConfUtils.java:logGet(46)) - raft.server.watch.element-limit = 65536 (default)
2024-01-11 04:03:35,128 [df850d10-9c85-4972-b407-c0325fc6d584@group-81FA45F9E5D4-LeaderElection12] INFO  server.RaftServerConfigKeys (ConfUtils.java:logGet(46)) - raft.server.read.leader.lease.enabled = false (default)
2024-01-11 04:03:35,128 [df850d10-9c85-4972-b407-c0325fc6d584@group-81FA45F9E5D4-LeaderElection12] INFO  server.RaftServerConfigKeys (ConfUtils.java:logGet(46)) - raft.server.read.leader.lease.timeout.ratio = 0.9 (default)
2024-01-11 04:03:35,128 [df850d10-9c85-4972-b407-c0325fc6d584@group-81FA45F9E5D4-LeaderElection12] INFO  server.RaftServerConfigKeys (ConfUtils.java:logGet(46)) - raft.server.rpc.timeout.min = 5s (custom)
2024-01-11 04:03:35,129 [df850d10-9c85-4972-b407-c0325fc6d584@group-81FA45F9E5D4-LeaderElection12] INFO  server.RaftServerConfigKeys (ConfUtils.java:logGet(46)) - raft.server.write.element-limit = 1024 (custom)
2024-01-11 04:03:35,129 [df850d10-9c85-4972-b407-c0325fc6d584@group-81FA45F9E5D4-LeaderElection12] INFO  server.RaftServerConfigKeys (ConfUtils.java:logGet(46)) - raft.server.write.follower.gap.ratio.max = -1.0 (default)
2024-01-11 04:03:35,129 [df850d10-9c85-4972-b407-c0325fc6d584@group-81FA45F9E5D4-LeaderElection12] INFO  server.RaftServerConfigKeys (ConfUtils.java:logGet(46)) - raft.server.log.appender.snapshot.chunk.size.max = 16MB (=16777216) (default)
2024-01-11 04:03:35,129 [df850d10-9c85-4972-b407-c0325fc6d584@group-81FA45F9E5D4-LeaderElection12] INFO  server.RaftServerConfigKeys (ConfUtils.java:logGet(46)) - raft.server.log.appender.buffer.byte-limit = 8388608 (custom)
2024-01-11 04:03:35,129 [df850d10-9c85-4972-b407-c0325fc6d584@group-81FA45F9E5D4-LeaderElection12] INFO  server.RaftServerConfigKeys (ConfUtils.java:logGet(46)) - raft.server.log.appender.buffer.element-limit = 1 (custom)
2024-01-11 04:03:35,129 [df850d10-9c85-4972-b407-c0325fc6d584@group-81FA45F9E5D4-LeaderElection12] INFO  server.RaftServerConfigKeys (ConfUtils.java:logGet(46)) - raft.server.log.appender.wait-time.min = 0μs (custom)
2024-01-11 04:03:35,129 [df850d10-9c85-4972-b407-c0325fc6d584@group-81FA45F9E5D4-LeaderElection12] INFO  grpc.GrpcConfigKeys (ConfUtils.java:logGet(46)) - raft.grpc.server.leader.outstanding.appends.max = 8 (default)
2024-01-11 04:03:35,129 [df850d10-9c85-4972-b407-c0325fc6d584@group-81FA45F9E5D4-LeaderElection12] INFO  server.RaftServerConfigKeys (ConfUtils.java:logGet(46)) - raft.server.rpc.request.timeout = 60s (custom)
2024-01-11 04:03:35,129 [df850d10-9c85-4972-b407-c0325fc6d584@group-81FA45F9E5D4-LeaderElection12] INFO  grpc.GrpcConfigKeys (ConfUtils.java:logGet(46)) - raft.grpc.server.install_snapshot.request.element-limit = 8 (default)
2024-01-11 04:03:35,129 [df850d10-9c85-4972-b407-c0325fc6d584@group-81FA45F9E5D4-LeaderElection12] INFO  grpc.GrpcConfigKeys (ConfUtils.java:logGet(46)) - raft.grpc.server.install_snapshot.request.timeout = 3000ms (default)
2024-01-11 04:03:35,130 [df850d10-9c85-4972-b407-c0325fc6d584@group-81FA45F9E5D4-LeaderElection12] INFO  grpc.GrpcConfigKeys (ConfUtils.java:logGet(46)) - raft.grpc.server.log-message.batch.duration = 5s (default)
2024-01-11 04:03:35,130 [df850d10-9c85-4972-b407-c0325fc6d584@group-81FA45F9E5D4-LeaderElection12] INFO  server.RaftServerConfigKeys (ConfUtils.java:logGet(46)) - raft.server.log.appender.install.snapshot.enabled = false (custom)
2024-01-11 04:03:35,130 [df850d10-9c85-4972-b407-c0325fc6d584@group-81FA45F9E5D4-LeaderElection12] INFO  grpc.GrpcConfigKeys (ConfUtils.java:logGet(46)) - raft.grpc.server.heartbeat.channel = true (default)
2024-01-11 04:03:35,130 [df850d10-9c85-4972-b407-c0325fc6d584@group-81FA45F9E5D4-LeaderElection12] INFO  server.RaftServerConfigKeys (ConfUtils.java:logGet(46)) - raft.server.log.appender.snapshot.chunk.size.max = 16MB (=16777216) (default)
2024-01-11 04:03:35,131 [df850d10-9c85-4972-b407-c0325fc6d584@group-81FA45F9E5D4-LeaderElection12] INFO  server.RaftServerConfigKeys (ConfUtils.java:logGet(46)) - raft.server.log.appender.buffer.byte-limit = 8388608 (custom)
2024-01-11 04:03:35,131 [df850d10-9c85-4972-b407-c0325fc6d584@group-81FA45F9E5D4-LeaderElection12] INFO  server.RaftServerConfigKeys (ConfUtils.java:logGet(46)) - raft.server.log.appender.buffer.element-limit = 1 (custom)
2024-01-11 04:03:35,131 [df850d10-9c85-4972-b407-c0325fc6d584@group-81FA45F9E5D4-LeaderElection12] INFO  server.RaftServerConfigKeys (ConfUtils.java:logGet(46)) - raft.server.log.appender.wait-time.min = 0μs (custom)
2024-01-11 04:03:35,131 [df850d10-9c85-4972-b407-c0325fc6d584@group-81FA45F9E5D4-LeaderElection12] INFO  grpc.GrpcConfigKeys (ConfUtils.java:logGet(46)) - raft.grpc.server.leader.outstanding.appends.max = 8 (default)
2024-01-11 04:03:35,131 [df850d10-9c85-4972-b407-c0325fc6d584@group-81FA45F9E5D4-LeaderElection12] INFO  server.RaftServerConfigKeys (ConfUtils.java:logGet(46)) - raft.server.rpc.request.timeout = 60s (custom)
2024-01-11 04:03:35,131 [df850d10-9c85-4972-b407-c0325fc6d584@group-81FA45F9E5D4-LeaderElection12] INFO  grpc.GrpcConfigKeys (ConfUtils.java:logGet(46)) - raft.grpc.server.install_snapshot.request.element-limit = 8 (default)
2024-01-11 04:03:35,131 [df850d10-9c85-4972-b407-c0325fc6d584@group-81FA45F9E5D4-LeaderElection12] INFO  grpc.GrpcConfigKeys (ConfUtils.java:logGet(46)) - raft.grpc.server.install_snapshot.request.timeout = 3000ms (default)
2024-01-11 04:03:35,131 [df850d10-9c85-4972-b407-c0325fc6d584@group-81FA45F9E5D4-LeaderElection12] INFO  grpc.GrpcConfigKeys (ConfUtils.java:logGet(46)) - raft.grpc.server.log-message.batch.duration = 5s (default)
2024-01-11 04:03:35,131 [df850d10-9c85-4972-b407-c0325fc6d584@group-81FA45F9E5D4-LeaderElection12] INFO  server.RaftServerConfigKeys (ConfUtils.java:logGet(46)) - raft.server.log.appender.install.snapshot.enabled = false (custom)
2024-01-11 04:03:35,131 [df850d10-9c85-4972-b407-c0325fc6d584@group-81FA45F9E5D4-LeaderElection12] INFO  grpc.GrpcConfigKeys (ConfUtils.java:logGet(46)) - raft.grpc.server.heartbeat.channel = true (default)
2024-01-11 04:03:35,132 [df850d10-9c85-4972-b407-c0325fc6d584@group-81FA45F9E5D4-LeaderElection12] INFO  impl.RoleInfo (RoleInfo.java:updateAndGet(139)) - df850d10-9c85-4972-b407-c0325fc6d584: start df850d10-9c85-4972-b407-c0325fc6d584@group-81FA45F9E5D4-LeaderStateImpl
2024-01-11 04:03:35,132 [df850d10-9c85-4972-b407-c0325fc6d584@group-81FA45F9E5D4-LeaderElection12] INFO  server.RaftServer$Division (RaftServerImpl.java:setFirstElection(574)) - df850d10-9c85-4972-b407-c0325fc6d584@group-81FA45F9E5D4: set firstElectionSinceStartup to false for becomeLeader
2024-01-11 04:03:35,132 [df850d10-9c85-4972-b407-c0325fc6d584@group-81FA45F9E5D4-LeaderElection12] INFO  ratis.XceiverServerRatis (XceiverServerRatis.java:handleLeaderChangedNotification(945)) - Leader change notification received for group: group-81FA45F9E5D4 with new leaderId: df850d10-9c85-4972-b407-c0325fc6d584
2024-01-11 04:03:35,132 [df850d10-9c85-4972-b407-c0325fc6d584@group-81FA45F9E5D4-LeaderElection12] INFO  server.RaftServer$Division (ServerState.java:setLeader(269)) - df850d10-9c85-4972-b407-c0325fc6d584@group-81FA45F9E5D4: change Leader from null to df850d10-9c85-4972-b407-c0325fc6d584 at term 1 for becomeLeader, leader elected after 5188ms
2024-01-11 04:03:35,132 [df850d10-9c85-4972-b407-c0325fc6d584@group-81FA45F9E5D4-LeaderElection12] INFO  segmented.SegmentedRaftLogWorker (SegmentedRaftLogWorker.java:startLogSegment(430)) - df850d10-9c85-4972-b407-c0325fc6d584@group-81FA45F9E5D4-SegmentedRaftLogWorker: Starting segment from index:0
2024-01-11 04:03:35,133 [df850d10-9c85-4972-b407-c0325fc6d584@group-81FA45F9E5D4-SegmentedRaftLogWorker] INFO  segmented.BufferedWriteChannel (BufferedWriteChannel.java:open(62)) - open log_inprogress_0 at position 0
2024-01-11 04:03:35,136 [grpc-default-executor-6] INFO  server.RaftServer$Division (RaftServerImpl.java:requestVote(1422)) - 8656a35e-0084-4fca-b387-4ce1151a6fbb@group-81FA45F9E5D4 replies to ELECTION vote request: df850d10-9c85-4972-b407-c0325fc6d584<-8656a35e-0084-4fca-b387-4ce1151a6fbb#0:OK-t1. Peer's state: 8656a35e-0084-4fca-b387-4ce1151a6fbb@group-81FA45F9E5D4:t1, leader=null, voted=df850d10-9c85-4972-b407-c0325fc6d584, raftlog=Memoized:8656a35e-0084-4fca-b387-4ce1151a6fbb@group-81FA45F9E5D4-SegmentedRaftLog:OPENED:c-1, conf=-1: peers:[719c3446-6328-4d08-9922-2d459786fd6c|10.1.0.34:15058, df850d10-9c85-4972-b407-c0325fc6d584|10.1.0.34:15049, 8656a35e-0084-4fca-b387-4ce1151a6fbb|10.1.0.34:15067]|listeners:[], old=null
2024-01-11 04:03:35,137 [EventQueue-PipelineReportForPipelineReportHandler] INFO  pipeline.PipelineReportHandler (PipelineReportHandler.java:processPipelineReport(136)) - Opened pipeline PipelineID=777b88da-baa3-4926-8e81-81fa45f9e5d4
2024-01-11 04:03:35,140 [df850d10-9c85-4972-b407-c0325fc6d584@group-81FA45F9E5D4-SegmentedRaftLogWorker] INFO  segmented.SegmentedRaftLogWorker (SegmentedRaftLogWorker.java:execute(634)) - df850d10-9c85-4972-b407-c0325fc6d584@group-81FA45F9E5D4-SegmentedRaftLogWorker: created new log segment /home/runner/work/ozone/ozone/hadoop-ozone/integration-test/target/test-dir/MiniOzoneClusterImpl-8912d24f-c240-4c97-8da2-3552e928269b/datanode-0/data/ratis/777b88da-baa3-4926-8e81-81fa45f9e5d4/current/log_inprogress_0
2024-01-11 04:03:35,141 [main] INFO  protocolPB.OmTransportFactory (OmTransportFactory.java:createFactory(62)) - Loading OM transport implementation org.apache.hadoop.ozone.om.protocolPB.Hadoop3OmTransportFactory as specified by configuration.
2024-01-11 04:03:35,141 [df850d10-9c85-4972-b407-c0325fc6d584@group-81FA45F9E5D4-LeaderElection12] INFO  server.RaftServer$Division (ServerState.java:setRaftConf(386)) - df850d10-9c85-4972-b407-c0325fc6d584@group-81FA45F9E5D4: set configuration 0: peers:[719c3446-6328-4d08-9922-2d459786fd6c|10.1.0.34:15058, df850d10-9c85-4972-b407-c0325fc6d584|10.1.0.34:15049, 8656a35e-0084-4fca-b387-4ce1151a6fbb|10.1.0.34:15067]|listeners:[], old=null
2024-01-11 04:03:35,149 [719c3446-6328-4d08-9922-2d459786fd6c-server-thread1] INFO  ratis.XceiverServerRatis (XceiverServerRatis.java:handleLeaderChangedNotification(945)) - Leader change notification received for group: group-81FA45F9E5D4 with new leaderId: df850d10-9c85-4972-b407-c0325fc6d584
2024-01-11 04:03:35,149 [719c3446-6328-4d08-9922-2d459786fd6c-server-thread1] INFO  server.RaftServer$Division (ServerState.java:setLeader(269)) - 719c3446-6328-4d08-9922-2d459786fd6c@group-81FA45F9E5D4: change Leader from null to df850d10-9c85-4972-b407-c0325fc6d584 at term 1 for appendEntries, leader elected after 5127ms
2024-01-11 04:03:35,153 [719c3446-6328-4d08-9922-2d459786fd6c-server-thread1] INFO  server.RaftServer$Division (ServerState.java:setRaftConf(386)) - 719c3446-6328-4d08-9922-2d459786fd6c@group-81FA45F9E5D4: set configuration 0: peers:[719c3446-6328-4d08-9922-2d459786fd6c|10.1.0.34:15058, df850d10-9c85-4972-b407-c0325fc6d584|10.1.0.34:15049, 8656a35e-0084-4fca-b387-4ce1151a6fbb|10.1.0.34:15067]|listeners:[], old=null
2024-01-11 04:03:35,153 [8656a35e-0084-4fca-b387-4ce1151a6fbb-server-thread1] INFO  ratis.XceiverServerRatis (XceiverServerRatis.java:handleLeaderChangedNotification(945)) - Leader change notification received for group: group-81FA45F9E5D4 with new leaderId: df850d10-9c85-4972-b407-c0325fc6d584
2024-01-11 04:03:35,153 [719c3446-6328-4d08-9922-2d459786fd6c-server-thread1] INFO  segmented.SegmentedRaftLogWorker (SegmentedRaftLogWorker.java:startLogSegment(430)) - 719c3446-6328-4d08-9922-2d459786fd6c@group-81FA45F9E5D4-SegmentedRaftLogWorker: Starting segment from index:0
2024-01-11 04:03:35,154 [719c3446-6328-4d08-9922-2d459786fd6c@group-81FA45F9E5D4-SegmentedRaftLogWorker] INFO  segmented.BufferedWriteChannel (BufferedWriteChannel.java:open(62)) - open log_inprogress_0 at position 0
2024-01-11 04:03:35,153 [8656a35e-0084-4fca-b387-4ce1151a6fbb-server-thread1] INFO  server.RaftServer$Division (ServerState.java:setLeader(269)) - 8656a35e-0084-4fca-b387-4ce1151a6fbb@group-81FA45F9E5D4: change Leader from null to df850d10-9c85-4972-b407-c0325fc6d584 at term 1 for appendEntries, leader elected after 5180ms
2024-01-11 04:03:35,157 [719c3446-6328-4d08-9922-2d459786fd6c@group-5854FC908815-FollowerState] INFO  impl.FollowerState (FollowerState.java:run(143)) - 719c3446-6328-4d08-9922-2d459786fd6c@group-5854FC908815-FollowerState: change to CANDIDATE, lastRpcElapsedTime:5158114970ns, electionTimeout:5152ms
2024-01-11 04:03:35,157 [719c3446-6328-4d08-9922-2d459786fd6c@group-5854FC908815-FollowerState] INFO  impl.RoleInfo (RoleInfo.java:shutdownFollowerState(110)) - 719c3446-6328-4d08-9922-2d459786fd6c: shutdown 719c3446-6328-4d08-9922-2d459786fd6c@group-5854FC908815-FollowerState
2024-01-11 04:03:35,157 [8656a35e-0084-4fca-b387-4ce1151a6fbb@group-EB30312CDD54-FollowerState] INFO  impl.FollowerState (FollowerState.java:run(143)) - 8656a35e-0084-4fca-b387-4ce1151a6fbb@group-EB30312CDD54-FollowerState: change to CANDIDATE, lastRpcElapsedTime:5074340439ns, electionTimeout:5070ms
2024-01-11 04:03:35,157 [8656a35e-0084-4fca-b387-4ce1151a6fbb@group-EB30312CDD54-FollowerState] INFO  impl.RoleInfo (RoleInfo.java:shutdownFollowerState(110)) - 8656a35e-0084-4fca-b387-4ce1151a6fbb: shutdown 8656a35e-0084-4fca-b387-4ce1151a6fbb@group-EB30312CDD54-FollowerState
2024-01-11 04:03:35,158 [8656a35e-0084-4fca-b387-4ce1151a6fbb@group-EB30312CDD54-FollowerState] INFO  server.RaftServer$Division (RaftServerImpl.java:setRole(383)) - 8656a35e-0084-4fca-b387-4ce1151a6fbb@group-EB30312CDD54: changes role from  FOLLOWER to CANDIDATE at term 0 for changeToCandidate
2024-01-11 04:03:35,158 [8656a35e-0084-4fca-b387-4ce1151a6fbb@group-EB30312CDD54-FollowerState] INFO  server.RaftServerConfigKeys (ConfUtils.java:logGet(46)) - raft.server.leaderelection.pre-vote = true (default)
2024-01-11 04:03:35,158 [8656a35e-0084-4fca-b387-4ce1151a6fbb@group-EB30312CDD54-FollowerState] INFO  impl.RoleInfo (RoleInfo.java:updateAndGet(139)) - 8656a35e-0084-4fca-b387-4ce1151a6fbb: start 8656a35e-0084-4fca-b387-4ce1151a6fbb@group-EB30312CDD54-LeaderElection13
2024-01-11 04:03:35,160 [719c3446-6328-4d08-9922-2d459786fd6c@group-5854FC908815-FollowerState] INFO  server.RaftServer$Division (RaftServerImpl.java:setRole(383)) - 719c3446-6328-4d08-9922-2d459786fd6c@group-5854FC908815: changes role from  FOLLOWER to CANDIDATE at term 0 for changeToCandidate
2024-01-11 04:03:35,161 [719c3446-6328-4d08-9922-2d459786fd6c@group-5854FC908815-FollowerState] INFO  server.RaftServerConfigKeys (ConfUtils.java:logGet(46)) - raft.server.leaderelection.pre-vote = true (default)
2024-01-11 04:03:35,161 [719c3446-6328-4d08-9922-2d459786fd6c@group-5854FC908815-FollowerState] INFO  impl.RoleInfo (RoleInfo.java:updateAndGet(139)) - 719c3446-6328-4d08-9922-2d459786fd6c: start 719c3446-6328-4d08-9922-2d459786fd6c@group-5854FC908815-LeaderElection14
2024-01-11 04:03:35,163 [8656a35e-0084-4fca-b387-4ce1151a6fbb-server-thread2] INFO  server.RaftServer$Division (ServerState.java:setRaftConf(386)) - 8656a35e-0084-4fca-b387-4ce1151a6fbb@group-81FA45F9E5D4: set configuration 0: peers:[719c3446-6328-4d08-9922-2d459786fd6c|10.1.0.34:15058, df850d10-9c85-4972-b407-c0325fc6d584|10.1.0.34:15049, 8656a35e-0084-4fca-b387-4ce1151a6fbb|10.1.0.34:15067]|listeners:[], old=null
2024-01-11 04:03:35,163 [719c3446-6328-4d08-9922-2d459786fd6c@group-81FA45F9E5D4-SegmentedRaftLogWorker] INFO  segmented.SegmentedRaftLogWorker (SegmentedRaftLogWorker.java:execute(634)) - 719c3446-6328-4d08-9922-2d459786fd6c@group-81FA45F9E5D4-SegmentedRaftLogWorker: created new log segment /home/runner/work/ozone/ozone/hadoop-ozone/integration-test/target/test-dir/MiniOzoneClusterImpl-8912d24f-c240-4c97-8da2-3552e928269b/datanode-1/data/ratis/777b88da-baa3-4926-8e81-81fa45f9e5d4/current/log_inprogress_0
2024-01-11 04:03:35,164 [8656a35e-0084-4fca-b387-4ce1151a6fbb-server-thread2] INFO  segmented.SegmentedRaftLogWorker (SegmentedRaftLogWorker.java:startLogSegment(430)) - 8656a35e-0084-4fca-b387-4ce1151a6fbb@group-81FA45F9E5D4-SegmentedRaftLogWorker: Starting segment from index:0
2024-01-11 04:03:35,165 [8656a35e-0084-4fca-b387-4ce1151a6fbb@group-81FA45F9E5D4-SegmentedRaftLogWorker] INFO  segmented.BufferedWriteChannel (BufferedWriteChannel.java:open(62)) - open log_inprogress_0 at position 0
2024-01-11 04:03:35,168 [df850d10-9c85-4972-b407-c0325fc6d584@group-81FA45F9E5D4-StateMachineUpdater] INFO  server.RaftServer$Division (LeaderStateImpl.java:isApplied(320)) - leader is ready since appliedIndex == 0 >= startIndex == 0
2024-01-11 04:03:35,168 [8656a35e-0084-4fca-b387-4ce1151a6fbb@group-EB30312CDD54-LeaderElection13] INFO  impl.LeaderElection (LeaderElection.java:askForVotes(321)) - 8656a35e-0084-4fca-b387-4ce1151a6fbb@group-EB30312CDD54-LeaderElection13 PRE_VOTE round 0: submit vote requests at term 0 for -1: peers:[8656a35e-0084-4fca-b387-4ce1151a6fbb|10.1.0.34:15067]|listeners:[], old=null
2024-01-11 04:03:35,170 [8656a35e-0084-4fca-b387-4ce1151a6fbb@group-EB30312CDD54-LeaderElection13] INFO  impl.LeaderElection (LeaderElection.java:askForVotes(323)) - 8656a35e-0084-4fca-b387-4ce1151a6fbb@group-EB30312CDD54-LeaderElection13 PRE_VOTE round 0: result PASSED (term=0)
2024-01-11 04:03:35,172 [8656a35e-0084-4fca-b387-4ce1151a6fbb@group-EB30312CDD54-LeaderElection13] INFO  impl.LeaderElection (LeaderElection.java:askForVotes(321)) - 8656a35e-0084-4fca-b387-4ce1151a6fbb@group-EB30312CDD54-LeaderElection13 ELECTION round 0: submit vote requests at term 1 for -1: peers:[8656a35e-0084-4fca-b387-4ce1151a6fbb|10.1.0.34:15067]|listeners:[], old=null
2024-01-11 04:03:35,172 [8656a35e-0084-4fca-b387-4ce1151a6fbb@group-EB30312CDD54-LeaderElection13] INFO  impl.LeaderElection (LeaderElection.java:askForVotes(323)) - 8656a35e-0084-4fca-b387-4ce1151a6fbb@group-EB30312CDD54-LeaderElection13 ELECTION round 0: result PASSED (term=1)
2024-01-11 04:03:35,172 [8656a35e-0084-4fca-b387-4ce1151a6fbb@group-EB30312CDD54-LeaderElection13] INFO  impl.RoleInfo (RoleInfo.java:shutdownLeaderElection(130)) - 8656a35e-0084-4fca-b387-4ce1151a6fbb: shutdown 8656a35e-0084-4fca-b387-4ce1151a6fbb@group-EB30312CDD54-LeaderElection13
2024-01-11 04:03:35,172 [8656a35e-0084-4fca-b387-4ce1151a6fbb@group-EB30312CDD54-LeaderElection13] INFO  server.RaftServer$Division (RaftServerImpl.java:setRole(383)) - 8656a35e-0084-4fca-b387-4ce1151a6fbb@group-EB30312CDD54: changes role from CANDIDATE to LEADER at term 1 for changeToLeader
2024-01-11 04:03:35,172 [8656a35e-0084-4fca-b387-4ce1151a6fbb@group-EB30312CDD54-LeaderElection13] INFO  server.RaftServerConfigKeys (ConfUtils.java:logGet(46)) - raft.server.staging.catchup.gap = 1000 (default)
2024-01-11 04:03:35,172 [8656a35e-0084-4fca-b387-4ce1151a6fbb@group-EB30312CDD54-LeaderElection13] INFO  server.RaftServerConfigKeys (ConfUtils.java:logGet(46)) - raft.server.write.element-limit = 1024 (custom)
2024-01-11 04:03:35,172 [8656a35e-0084-4fca-b387-4ce1151a6fbb@group-EB30312CDD54-LeaderElection13] INFO  server.RaftServerConfigKeys (ConfUtils.java:logGet(46)) - raft.server.write.byte-limit = 1024 M (=1073741824) (custom)
2024-01-11 04:03:35,170 [719c3446-6328-4d08-9922-2d459786fd6c@group-5854FC908815-LeaderElection14] INFO  impl.LeaderElection (LeaderElection.java:askForVotes(321)) - 719c3446-6328-4d08-9922-2d459786fd6c@group-5854FC908815-LeaderElection14 PRE_VOTE round 0: submit vote requests at term 0 for -1: peers:[719c3446-6328-4d08-9922-2d459786fd6c|10.1.0.34:15058]|listeners:[], old=null
2024-01-11 04:03:35,173 [719c3446-6328-4d08-9922-2d459786fd6c@group-5854FC908815-LeaderElection14] INFO  impl.LeaderElection (LeaderElection.java:askForVotes(323)) - 719c3446-6328-4d08-9922-2d459786fd6c@group-5854FC908815-LeaderElection14 PRE_VOTE round 0: result PASSED (term=0)
2024-01-11 04:03:35,173 [8656a35e-0084-4fca-b387-4ce1151a6fbb@group-EB30312CDD54-LeaderElection13] INFO  server.RaftServerConfigKeys (ConfUtils.java:logGet(46)) - raft.server.watch.timeout = 180s (custom)
2024-01-11 04:03:35,173 [8656a35e-0084-4fca-b387-4ce1151a6fbb@group-EB30312CDD54-LeaderElection13] INFO  server.RaftServerConfigKeys (ConfUtils.java:logGet(46)) - raft.server.watch.timeout.denomination = 1s (default)
2024-01-11 04:03:35,173 [8656a35e-0084-4fca-b387-4ce1151a6fbb@group-EB30312CDD54-LeaderElection13] INFO  server.RaftServerConfigKeys (ConfUtils.java:logGet(46)) - raft.server.watch.element-limit = 65536 (default)
2024-01-11 04:03:35,173 [8656a35e-0084-4fca-b387-4ce1151a6fbb@group-EB30312CDD54-LeaderElection13] INFO  server.RaftServerConfigKeys (ConfUtils.java:logGet(46)) - raft.server.read.leader.lease.enabled = false (default)
2024-01-11 04:03:35,173 [8656a35e-0084-4fca-b387-4ce1151a6fbb@group-EB30312CDD54-LeaderElection13] INFO  server.RaftServerConfigKeys (ConfUtils.java:logGet(46)) - raft.server.read.leader.lease.timeout.ratio = 0.9 (default)
2024-01-11 04:03:35,173 [8656a35e-0084-4fca-b387-4ce1151a6fbb@group-EB30312CDD54-LeaderElection13] INFO  server.RaftServerConfigKeys (ConfUtils.java:logGet(46)) - raft.server.rpc.timeout.min = 5s (custom)
2024-01-11 04:03:35,173 [8656a35e-0084-4fca-b387-4ce1151a6fbb@group-EB30312CDD54-LeaderElection13] INFO  server.RaftServerConfigKeys (ConfUtils.java:logGet(46)) - raft.server.write.element-limit = 1024 (custom)
2024-01-11 04:03:35,173 [8656a35e-0084-4fca-b387-4ce1151a6fbb@group-EB30312CDD54-LeaderElection13] INFO  server.RaftServerConfigKeys (ConfUtils.java:logGet(46)) - raft.server.write.follower.gap.ratio.max = -1.0 (default)
2024-01-11 04:03:35,173 [8656a35e-0084-4fca-b387-4ce1151a6fbb@group-EB30312CDD54-LeaderElection13] INFO  impl.RoleInfo (RoleInfo.java:updateAndGet(139)) - 8656a35e-0084-4fca-b387-4ce1151a6fbb: start 8656a35e-0084-4fca-b387-4ce1151a6fbb@group-EB30312CDD54-LeaderStateImpl
2024-01-11 04:03:35,173 [8656a35e-0084-4fca-b387-4ce1151a6fbb@group-EB30312CDD54-LeaderElection13] INFO  server.RaftServer$Division (RaftServerImpl.java:setFirstElection(574)) - 8656a35e-0084-4fca-b387-4ce1151a6fbb@group-EB30312CDD54: set firstElectionSinceStartup to false for becomeLeader
2024-01-11 04:03:35,173 [8656a35e-0084-4fca-b387-4ce1151a6fbb@group-EB30312CDD54-LeaderElection13] INFO  ratis.XceiverServerRatis (XceiverServerRatis.java:handleLeaderChangedNotification(945)) - Leader change notification received for group: group-EB30312CDD54 with new leaderId: 8656a35e-0084-4fca-b387-4ce1151a6fbb
2024-01-11 04:03:35,174 [8656a35e-0084-4fca-b387-4ce1151a6fbb@group-EB30312CDD54-LeaderElection13] INFO  server.RaftServer$Division (ServerState.java:setLeader(269)) - 8656a35e-0084-4fca-b387-4ce1151a6fbb@group-EB30312CDD54: change Leader from null to 8656a35e-0084-4fca-b387-4ce1151a6fbb at term 1 for becomeLeader, leader elected after 5110ms
2024-01-11 04:03:35,174 [8656a35e-0084-4fca-b387-4ce1151a6fbb@group-EB30312CDD54-LeaderElection13] INFO  segmented.SegmentedRaftLogWorker (SegmentedRaftLogWorker.java:startLogSegment(430)) - 8656a35e-0084-4fca-b387-4ce1151a6fbb@group-EB30312CDD54-SegmentedRaftLogWorker: Starting segment from index:0
2024-01-11 04:03:35,174 [8656a35e-0084-4fca-b387-4ce1151a6fbb@group-EB30312CDD54-SegmentedRaftLogWorker] INFO  segmented.BufferedWriteChannel (BufferedWriteChannel.java:open(62)) - open log_inprogress_0 at position 0
2024-01-11 04:03:35,176 [719c3446-6328-4d08-9922-2d459786fd6c@group-5854FC908815-LeaderElection14] INFO  impl.LeaderElection (LeaderElection.java:askForVotes(321)) - 719c3446-6328-4d08-9922-2d459786fd6c@group-5854FC908815-LeaderElection14 ELECTION round 0: submit vote requests at term 1 for -1: peers:[719c3446-6328-4d08-9922-2d459786fd6c|10.1.0.34:15058]|listeners:[], old=null
2024-01-11 04:03:35,176 [719c3446-6328-4d08-9922-2d459786fd6c@group-5854FC908815-LeaderElection14] INFO  impl.LeaderElection (LeaderElection.java:askForVotes(323)) - 719c3446-6328-4d08-9922-2d459786fd6c@group-5854FC908815-LeaderElection14 ELECTION round 0: result PASSED (term=1)
2024-01-11 04:03:35,176 [719c3446-6328-4d08-9922-2d459786fd6c@group-5854FC908815-LeaderElection14] INFO  impl.RoleInfo (RoleInfo.java:shutdownLeaderElection(130)) - 719c3446-6328-4d08-9922-2d459786fd6c: shutdown 719c3446-6328-4d08-9922-2d459786fd6c@group-5854FC908815-LeaderElection14
2024-01-11 04:03:35,176 [719c3446-6328-4d08-9922-2d459786fd6c@group-5854FC908815-LeaderElection14] INFO  server.RaftServer$Division (RaftServerImpl.java:setRole(383)) - 719c3446-6328-4d08-9922-2d459786fd6c@group-5854FC908815: changes role from CANDIDATE to LEADER at term 1 for changeToLeader
2024-01-11 04:03:35,176 [719c3446-6328-4d08-9922-2d459786fd6c@group-5854FC908815-LeaderElection14] INFO  server.RaftServerConfigKeys (ConfUtils.java:logGet(46)) - raft.server.staging.catchup.gap = 1000 (default)
2024-01-11 04:03:35,176 [719c3446-6328-4d08-9922-2d459786fd6c@group-5854FC908815-LeaderElection14] INFO  server.RaftServerConfigKeys (ConfUtils.java:logGet(46)) - raft.server.write.element-limit = 1024 (custom)
2024-01-11 04:03:35,176 [719c3446-6328-4d08-9922-2d459786fd6c@group-5854FC908815-LeaderElection14] INFO  server.RaftServerConfigKeys (ConfUtils.java:logGet(46)) - raft.server.write.byte-limit = 1024 M (=1073741824) (custom)
2024-01-11 04:03:35,176 [719c3446-6328-4d08-9922-2d459786fd6c@group-5854FC908815-LeaderElection14] INFO  server.RaftServerConfigKeys (ConfUtils.java:logGet(46)) - raft.server.watch.timeout = 180s (custom)
2024-01-11 04:03:35,177 [719c3446-6328-4d08-9922-2d459786fd6c@group-5854FC908815-LeaderElection14] INFO  server.RaftServerConfigKeys (ConfUtils.java:logGet(46)) - raft.server.watch.timeout.denomination = 1s (default)
2024-01-11 04:03:35,177 [719c3446-6328-4d08-9922-2d459786fd6c@group-5854FC908815-LeaderElection14] INFO  server.RaftServerConfigKeys (ConfUtils.java:logGet(46)) - raft.server.watch.element-limit = 65536 (default)
2024-01-11 04:03:35,177 [719c3446-6328-4d08-9922-2d459786fd6c@group-5854FC908815-LeaderElection14] INFO  server.RaftServerConfigKeys (ConfUtils.java:logGet(46)) - raft.server.read.leader.lease.enabled = false (default)
2024-01-11 04:03:35,177 [719c3446-6328-4d08-9922-2d459786fd6c@group-5854FC908815-LeaderElection14] INFO  server.RaftServerConfigKeys (ConfUtils.java:logGet(46)) - raft.server.read.leader.lease.timeout.ratio = 0.9 (default)
2024-01-11 04:03:35,177 [719c3446-6328-4d08-9922-2d459786fd6c@group-5854FC908815-LeaderElection14] INFO  server.RaftServerConfigKeys (ConfUtils.java:logGet(46)) - raft.server.rpc.timeout.min = 5s (custom)
2024-01-11 04:03:35,182 [8656a35e-0084-4fca-b387-4ce1151a6fbb@group-EB30312CDD54-SegmentedRaftLogWorker] INFO  segmented.SegmentedRaftLogWorker (SegmentedRaftLogWorker.java:execute(634)) - 8656a35e-0084-4fca-b387-4ce1151a6fbb@group-EB30312CDD54-SegmentedRaftLogWorker: created new log segment /home/runner/work/ozone/ozone/hadoop-ozone/integration-test/target/test-dir/MiniOzoneClusterImpl-8912d24f-c240-4c97-8da2-3552e928269b/datanode-2/data/ratis/4264de1d-e076-4780-abf8-eb30312cdd54/current/log_inprogress_0
2024-01-11 04:03:35,192 [719c3446-6328-4d08-9922-2d459786fd6c@group-5854FC908815-LeaderElection14] INFO  server.RaftServerConfigKeys (ConfUtils.java:logGet(46)) - raft.server.write.element-limit = 1024 (custom)
2024-01-11 04:03:35,192 [719c3446-6328-4d08-9922-2d459786fd6c@group-5854FC908815-LeaderElection14] INFO  server.RaftServerConfigKeys (ConfUtils.java:logGet(46)) - raft.server.write.follower.gap.ratio.max = -1.0 (default)
2024-01-11 04:03:35,192 [719c3446-6328-4d08-9922-2d459786fd6c@group-5854FC908815-LeaderElection14] INFO  impl.RoleInfo (RoleInfo.java:updateAndGet(139)) - 719c3446-6328-4d08-9922-2d459786fd6c: start 719c3446-6328-4d08-9922-2d459786fd6c@group-5854FC908815-LeaderStateImpl
2024-01-11 04:03:35,192 [719c3446-6328-4d08-9922-2d459786fd6c@group-5854FC908815-LeaderElection14] INFO  server.RaftServer$Division (RaftServerImpl.java:setFirstElection(574)) - 719c3446-6328-4d08-9922-2d459786fd6c@group-5854FC908815: set firstElectionSinceStartup to false for becomeLeader
2024-01-11 04:03:35,192 [719c3446-6328-4d08-9922-2d459786fd6c@group-5854FC908815-LeaderElection14] INFO  ratis.XceiverServerRatis (XceiverServerRatis.java:handleLeaderChangedNotification(945)) - Leader change notification received for group: group-5854FC908815 with new leaderId: 719c3446-6328-4d08-9922-2d459786fd6c
2024-01-11 04:03:35,193 [719c3446-6328-4d08-9922-2d459786fd6c@group-5854FC908815-LeaderElection14] INFO  server.RaftServer$Division (ServerState.java:setLeader(269)) - 719c3446-6328-4d08-9922-2d459786fd6c@group-5854FC908815: change Leader from null to 719c3446-6328-4d08-9922-2d459786fd6c at term 1 for becomeLeader, leader elected after 5233ms
2024-01-11 04:03:35,180 [8656a35e-0084-4fca-b387-4ce1151a6fbb@group-EB30312CDD54-LeaderElection13] INFO  server.RaftServer$Division (ServerState.java:setRaftConf(386)) - 8656a35e-0084-4fca-b387-4ce1151a6fbb@group-EB30312CDD54: set configuration 0: peers:[8656a35e-0084-4fca-b387-4ce1151a6fbb|10.1.0.34:15067]|listeners:[], old=null
2024-01-11 04:03:35,179 [8656a35e-0084-4fca-b387-4ce1151a6fbb@group-81FA45F9E5D4-SegmentedRaftLogWorker] INFO  segmented.SegmentedRaftLogWorker (SegmentedRaftLogWorker.java:execute(634)) - 8656a35e-0084-4fca-b387-4ce1151a6fbb@group-81FA45F9E5D4-SegmentedRaftLogWorker: created new log segment /home/runner/work/ozone/ozone/hadoop-ozone/integration-test/target/test-dir/MiniOzoneClusterImpl-8912d24f-c240-4c97-8da2-3552e928269b/datanode-2/data/ratis/777b88da-baa3-4926-8e81-81fa45f9e5d4/current/log_inprogress_0
2024-01-11 04:03:35,194 [719c3446-6328-4d08-9922-2d459786fd6c@group-5854FC908815-LeaderElection14] INFO  segmented.SegmentedRaftLogWorker (SegmentedRaftLogWorker.java:startLogSegment(430)) - 719c3446-6328-4d08-9922-2d459786fd6c@group-5854FC908815-SegmentedRaftLogWorker: Starting segment from index:0
2024-01-11 04:03:35,198 [8656a35e-0084-4fca-b387-4ce1151a6fbb@group-EB30312CDD54-StateMachineUpdater] INFO  server.RaftServer$Division (LeaderStateImpl.java:isApplied(320)) - leader is ready since appliedIndex == 0 >= startIndex == 0
2024-01-11 04:03:35,201 [719c3446-6328-4d08-9922-2d459786fd6c@group-5854FC908815-SegmentedRaftLogWorker] INFO  segmented.BufferedWriteChannel (BufferedWriteChannel.java:open(62)) - open log_inprogress_0 at position 0
2024-01-11 04:03:35,214 [719c3446-6328-4d08-9922-2d459786fd6c@group-5854FC908815-LeaderElection14] INFO  server.RaftServer$Division (ServerState.java:setRaftConf(386)) - 719c3446-6328-4d08-9922-2d459786fd6c@group-5854FC908815: set configuration 0: peers:[719c3446-6328-4d08-9922-2d459786fd6c|10.1.0.34:15058]|listeners:[], old=null
2024-01-11 04:03:35,214 [719c3446-6328-4d08-9922-2d459786fd6c@group-5854FC908815-SegmentedRaftLogWorker] INFO  segmented.SegmentedRaftLogWorker (SegmentedRaftLogWorker.java:execute(634)) - 719c3446-6328-4d08-9922-2d459786fd6c@group-5854FC908815-SegmentedRaftLogWorker: created new log segment /home/runner/work/ozone/ozone/hadoop-ozone/integration-test/target/test-dir/MiniOzoneClusterImpl-8912d24f-c240-4c97-8da2-3552e928269b/datanode-1/data/ratis/721acb45-f8e7-4d46-993d-5854fc908815/current/log_inprogress_0
2024-01-11 04:03:35,217 [719c3446-6328-4d08-9922-2d459786fd6c@group-5854FC908815-StateMachineUpdater] INFO  server.RaftServer$Division (LeaderStateImpl.java:isApplied(320)) - leader is ready since appliedIndex == 0 >= startIndex == 0
2024-01-11 04:03:35,337 [main] INFO  ozoneimpl.OzoneContainer (OzoneContainer.java:stop(479)) - Attempting to stop container services.
2024-01-11 04:03:35,337 [main] INFO  server.RaftServer (RaftServerProxy.java:lambda$close$9(416)) - df850d10-9c85-4972-b407-c0325fc6d584: close
2024-01-11 04:03:35,338 [df850d10-9c85-4972-b407-c0325fc6d584-impl-thread1] INFO  server.RaftServer$Division (RaftServerImpl.java:lambda$close$3(526)) - df850d10-9c85-4972-b407-c0325fc6d584@group-81FA45F9E5D4: shutdown
2024-01-11 04:03:35,338 [df850d10-9c85-4972-b407-c0325fc6d584-impl-thread1] INFO  util.JmxRegister (JmxRegister.java:unregister(73)) - Successfully un-registered JMX Bean with object name Ratis:service=RaftServer,group=group-81FA45F9E5D4,id=df850d10-9c85-4972-b407-c0325fc6d584
2024-01-11 04:03:35,338 [main] INFO  server.GrpcService (GrpcService.java:closeImpl(311)) - df850d10-9c85-4972-b407-c0325fc6d584: shutdown server org.apache.ratis.grpc.server.GrpcClientProtocolService now
2024-01-11 04:03:35,338 [df850d10-9c85-4972-b407-c0325fc6d584-impl-thread2] INFO  server.RaftServer$Division (RaftServerImpl.java:lambda$close$3(526)) - df850d10-9c85-4972-b407-c0325fc6d584@group-85A4241D4F1D: shutdown
2024-01-11 04:03:35,341 [df850d10-9c85-4972-b407-c0325fc6d584-impl-thread2] INFO  util.JmxRegister (JmxRegister.java:unregister(73)) - Successfully un-registered JMX Bean with object name Ratis:service=RaftServer,group=group-85A4241D4F1D,id=df850d10-9c85-4972-b407-c0325fc6d584
2024-01-11 04:03:35,338 [df850d10-9c85-4972-b407-c0325fc6d584-impl-thread1] INFO  impl.RoleInfo (RoleInfo.java:shutdownLeaderState(94)) - df850d10-9c85-4972-b407-c0325fc6d584: shutdown df850d10-9c85-4972-b407-c0325fc6d584@group-81FA45F9E5D4-LeaderStateImpl
2024-01-11 04:03:35,341 [df850d10-9c85-4972-b407-c0325fc6d584-impl-thread3] INFO  server.RaftServer$Division (RaftServerImpl.java:lambda$close$3(526)) - df850d10-9c85-4972-b407-c0325fc6d584@group-BC3467B8140B: shutdown
2024-01-11 04:03:35,341 [df850d10-9c85-4972-b407-c0325fc6d584-impl-thread3] INFO  util.JmxRegister (JmxRegister.java:unregister(73)) - Successfully un-registered JMX Bean with object name Ratis:service=RaftServer,group=group-BC3467B8140B,id=df850d10-9c85-4972-b407-c0325fc6d584
2024-01-11 04:03:35,341 [df850d10-9c85-4972-b407-c0325fc6d584-impl-thread2] INFO  impl.RoleInfo (RoleInfo.java:shutdownFollowerState(110)) - df850d10-9c85-4972-b407-c0325fc6d584: shutdown df850d10-9c85-4972-b407-c0325fc6d584@group-85A4241D4F1D-FollowerState
2024-01-11 04:03:35,341 [df850d10-9c85-4972-b407-c0325fc6d584-impl-thread3] INFO  impl.RoleInfo (RoleInfo.java:shutdownLeaderState(94)) - df850d10-9c85-4972-b407-c0325fc6d584: shutdown df850d10-9c85-4972-b407-c0325fc6d584@group-BC3467B8140B-LeaderStateImpl
2024-01-11 04:03:35,341 [df850d10-9c85-4972-b407-c0325fc6d584-impl-thread3] INFO  impl.PendingRequests (PendingRequests.java:sendNotLeaderResponses(289)) - df850d10-9c85-4972-b407-c0325fc6d584@group-BC3467B8140B-PendingRequests: sendNotLeaderResponses
2024-01-11 04:03:35,342 [df850d10-9c85-4972-b407-c0325fc6d584-impl-thread3] INFO  impl.StateMachineUpdater (StateMachineUpdater.java:stopAndJoin(157)) - df850d10-9c85-4972-b407-c0325fc6d584@group-BC3467B8140B-StateMachineUpdater: set stopIndex = 0
2024-01-11 04:03:35,342 [df850d10-9c85-4972-b407-c0325fc6d584@group-BC3467B8140B-StateMachineUpdater] INFO  ratis.ContainerStateMachine (ContainerStateMachine.java:takeSnapshot(355)) - group-BC3467B8140B: Taking a snapshot at:(t:1, i:0) file /home/runner/work/ozone/ozone/hadoop-ozone/integration-test/target/test-dir/MiniOzoneClusterImpl-8912d24f-c240-4c97-8da2-3552e928269b/datanode-0/data/ratis/b59b13ce-652a-4436-9a50-bc3467b8140b/sm/snapshot.1_0
2024-01-11 04:03:35,342 [df850d10-9c85-4972-b407-c0325fc6d584-impl-thread2] INFO  impl.StateMachineUpdater (StateMachineUpdater.java:stopAndJoin(157)) - df850d10-9c85-4972-b407-c0325fc6d584@group-85A4241D4F1D-StateMachineUpdater: set stopIndex = -1
2024-01-11 04:03:35,342 [df850d10-9c85-4972-b407-c0325fc6d584-impl-thread2] INFO  server.RaftServer$Division (ServerState.java:close(427)) - df850d10-9c85-4972-b407-c0325fc6d584@group-85A4241D4F1D: applyIndex: -1
2024-01-11 04:03:35,342 [df850d10-9c85-4972-b407-c0325fc6d584@group-85A4241D4F1D-FollowerState] INFO  impl.FollowerState (FollowerState.java:run(152)) - df850d10-9c85-4972-b407-c0325fc6d584@group-85A4241D4F1D-FollowerState was interrupted
2024-01-11 04:03:35,342 [df850d10-9c85-4972-b407-c0325fc6d584@group-81FA45F9E5D4->8656a35e-0084-4fca-b387-4ce1151a6fbb-GrpcLogAppender-LogAppenderDaemon] WARN  server.GrpcLogAppender (GrpcLogAppender.java:mayWait(289)) - df850d10-9c85-4972-b407-c0325fc6d584@group-81FA45F9E5D4->8656a35e-0084-4fca-b387-4ce1151a6fbb-GrpcLogAppender: Wait interrupted by java.lang.InterruptedException
2024-01-11 04:03:35,342 [df850d10-9c85-4972-b407-c0325fc6d584@group-81FA45F9E5D4->719c3446-6328-4d08-9922-2d459786fd6c-GrpcLogAppender-LogAppenderDaemon] WARN  server.GrpcLogAppender (GrpcLogAppender.java:mayWait(289)) - df850d10-9c85-4972-b407-c0325fc6d584@group-81FA45F9E5D4->719c3446-6328-4d08-9922-2d459786fd6c-GrpcLogAppender: Wait interrupted by java.lang.InterruptedException
2024-01-11 04:03:35,342 [df850d10-9c85-4972-b407-c0325fc6d584@group-85A4241D4F1D-cacheEviction-AwaitToRun] INFO  util.AwaitToRun (AwaitToRun.java:run(49)) - df850d10-9c85-4972-b407-c0325fc6d584@group-85A4241D4F1D-cacheEviction-AwaitToRun-AwaitForSignal is interrupted
2024-01-11 04:03:35,342 [df850d10-9c85-4972-b407-c0325fc6d584-impl-thread1] INFO  impl.PendingRequests (PendingRequests.java:sendNotLeaderResponses(289)) - df850d10-9c85-4972-b407-c0325fc6d584@group-81FA45F9E5D4-PendingRequests: sendNotLeaderResponses
2024-01-11 04:03:35,346 [df850d10-9c85-4972-b407-c0325fc6d584-impl-thread1] INFO  impl.StateMachineUpdater (StateMachineUpdater.java:stopAndJoin(157)) - df850d10-9c85-4972-b407-c0325fc6d584@group-81FA45F9E5D4-StateMachineUpdater: set stopIndex = 0
2024-01-11 04:03:35,346 [df850d10-9c85-4972-b407-c0325fc6d584@group-81FA45F9E5D4-StateMachineUpdater] INFO  ratis.ContainerStateMachine (ContainerStateMachine.java:takeSnapshot(355)) - group-81FA45F9E5D4: Taking a snapshot at:(t:1, i:0) file /home/runner/work/ozone/ozone/hadoop-ozone/integration-test/target/test-dir/MiniOzoneClusterImpl-8912d24f-c240-4c97-8da2-3552e928269b/datanode-0/data/ratis/777b88da-baa3-4926-8e81-81fa45f9e5d4/sm/snapshot.1_0
2024-01-11 04:03:35,345 [df850d10-9c85-4972-b407-c0325fc6d584@group-BC3467B8140B-StateMachineUpdater] INFO  ratis.ContainerStateMachine (ContainerStateMachine.java:takeSnapshot(366)) - group-BC3467B8140B: Finished taking a snapshot at:(t:1, i:0) file:/home/runner/work/ozone/ozone/hadoop-ozone/integration-test/target/test-dir/MiniOzoneClusterImpl-8912d24f-c240-4c97-8da2-3552e928269b/datanode-0/data/ratis/b59b13ce-652a-4436-9a50-bc3467b8140b/sm/snapshot.1_0 took: 3 ms
2024-01-11 04:03:35,346 [df850d10-9c85-4972-b407-c0325fc6d584@group-BC3467B8140B-StateMachineUpdater] INFO  impl.StateMachineUpdater (StateMachineUpdater.java:takeSnapshot(295)) - df850d10-9c85-4972-b407-c0325fc6d584@group-BC3467B8140B-StateMachineUpdater: Took a snapshot at index 0
2024-01-11 04:03:35,346 [df850d10-9c85-4972-b407-c0325fc6d584@group-BC3467B8140B-StateMachineUpdater] INFO  impl.StateMachineUpdater (StateMachineUpdater.java:lambda$new$0(98)) - df850d10-9c85-4972-b407-c0325fc6d584@group-BC3467B8140B-StateMachineUpdater: snapshotIndex: updateIncreasingly -1 -> 0
2024-01-11 04:03:35,346 [df850d10-9c85-4972-b407-c0325fc6d584@group-81FA45F9E5D4-StateMachineUpdater] INFO  ratis.ContainerStateMachine (ContainerStateMachine.java:takeSnapshot(366)) - group-81FA45F9E5D4: Finished taking a snapshot at:(t:1, i:0) file:/home/runner/work/ozone/ozone/hadoop-ozone/integration-test/target/test-dir/MiniOzoneClusterImpl-8912d24f-c240-4c97-8da2-3552e928269b/datanode-0/data/ratis/777b88da-baa3-4926-8e81-81fa45f9e5d4/sm/snapshot.1_0 took: 1 ms
2024-01-11 04:03:35,347 [grpc-default-executor-1] INFO  server.GrpcServerProtocolService (GrpcServerProtocolService.java:onCompleted(157)) - 719c3446-6328-4d08-9922-2d459786fd6c: Completed APPEND_ENTRIES, lastRequest: null
2024-01-11 04:03:35,347 [grpc-default-executor-3] INFO  server.GrpcServerProtocolService (GrpcServerProtocolService.java:onCompleted(157)) - 8656a35e-0084-4fca-b387-4ce1151a6fbb: Completed APPEND_ENTRIES, lastRequest: df850d10-9c85-4972-b407-c0325fc6d584->8656a35e-0084-4fca-b387-4ce1151a6fbb#1-t1,previous=(t:0, i:0),leaderCommit=-1,initializing? false,entries: size=1, first=(t:1, i:0), CONFIGURATIONENTRY(current:id: "719c3446-6328-4d08-9922-2d459786fd6c"
address: "10.1.0.34:15058"
dataStreamAddress: "10.1.0.34:15059"
clientAddress: "10.1.0.34:15056"
adminAddress: "10.1.0.34:15057"
startupRole: FOLLOWER
,id: "df850d10-9c85-4972-b407-c0325fc6d584"
address: "10.1.0.34:15049"
priority: 1
dataStreamAddress: "10.1.0.34:15050"
clientAddress: "10.1.0.34:15047"
adminAddress: "10.1.0.34:15048"
startupRole: FOLLOWER
,id: "8656a35e-0084-4fca-b387-4ce1151a6fbb"
address: "10.1.0.34:15067"
dataStreamAddress: "10.1.0.34:15068"
clientAddress: "10.1.0.34:15065"
adminAddress: "10.1.0.34:15066"
startupRole: FOLLOWER
, old:)
2024-01-11 04:03:35,345 [Thread-850] INFO  server.GrpcServerProtocolClient (GrpcServerProtocolClient.java:close(103)) - 8656a35e-0084-4fca-b387-4ce1151a6fbb Close channels
2024-01-11 04:03:35,347 [df850d10-9c85-4972-b407-c0325fc6d584-impl-thread3] INFO  server.RaftServer$Division (ServerState.java:close(427)) - df850d10-9c85-4972-b407-c0325fc6d584@group-BC3467B8140B: applyIndex: 0
2024-01-11 04:03:35,345 [grpc-default-executor-6] INFO  server.GrpcServerProtocolService (GrpcServerProtocolService.java:onCompleted(157)) - 8656a35e-0084-4fca-b387-4ce1151a6fbb: Completed APPEND_ENTRIES, lastRequest: null
2024-01-11 04:03:35,347 [grpc-default-executor-6] INFO  server.GrpcServerProtocolService (GrpcServerProtocolService.java:lambda$onCompleted$5(159)) - 8656a35e-0084-4fca-b387-4ce1151a6fbb: Completed APPEND_ENTRIES, lastReply: serverReply {
  requestorId: "df850d10-9c85-4972-b407-c0325fc6d584"
  replyId: "8656a35e-0084-4fca-b387-4ce1151a6fbb"
  raftGroupId {
    id: "w{\210\332\272\243I&\216\201\201\372E\371\345\324"
  }
  callId: 2
  success: true
}
term: 1
nextIndex: 1
followerCommit: 18446744073709551615
matchIndex: 18446744073709551615
isHearbeat: true

2024-01-11 04:03:35,345 [Thread-848] INFO  server.GrpcServerProtocolClient (GrpcServerProtocolClient.java:close(103)) - 719c3446-6328-4d08-9922-2d459786fd6c Close channels
2024-01-11 04:03:35,347 [df850d10-9c85-4972-b407-c0325fc6d584@group-BC3467B8140B-cacheEviction-AwaitToRun] INFO  util.AwaitToRun (AwaitToRun.java:run(49)) - df850d10-9c85-4972-b407-c0325fc6d584@group-BC3467B8140B-cacheEviction-AwaitToRun-AwaitForSignal is interrupted
2024-01-11 04:03:35,347 [grpc-default-executor-1] INFO  server.GrpcServerProtocolService (GrpcServerProtocolService.java:lambda$onCompleted$5(159)) - 719c3446-6328-4d08-9922-2d459786fd6c: Completed APPEND_ENTRIES, lastReply: serverReply {
  requestorId: "df850d10-9c85-4972-b407-c0325fc6d584"
  replyId: "719c3446-6328-4d08-9922-2d459786fd6c"
  raftGroupId {
    id: "w{\210\332\272\243I&\216\201\201\372E\371\345\324"
  }
  success: true
}
term: 1
nextIndex: 1
followerCommit: 18446744073709551615
matchIndex: 18446744073709551615
isHearbeat: true

2024-01-11 04:03:35,347 [grpc-default-executor-0] INFO  server.GrpcServerProtocolService (GrpcServerProtocolService.java:onCompleted(157)) - 719c3446-6328-4d08-9922-2d459786fd6c: Completed APPEND_ENTRIES, lastRequest: df850d10-9c85-4972-b407-c0325fc6d584->719c3446-6328-4d08-9922-2d459786fd6c#1-t1,previous=(t:0, i:0),leaderCommit=-1,initializing? false,entries: size=1, first=(t:1, i:0), CONFIGURATIONENTRY(current:id: "719c3446-6328-4d08-9922-2d459786fd6c"
address: "10.1.0.34:15058"
dataStreamAddress: "10.1.0.34:15059"
clientAddress: "10.1.0.34:15056"
adminAddress: "10.1.0.34:15057"
startupRole: FOLLOWER
,id: "df850d10-9c85-4972-b407-c0325fc6d584"
address: "10.1.0.34:15049"
priority: 1
dataStreamAddress: "10.1.0.34:15050"
clientAddress: "10.1.0.34:15047"
adminAddress: "10.1.0.34:15048"
startupRole: FOLLOWER
,id: "8656a35e-0084-4fca-b387-4ce1151a6fbb"
address: "10.1.0.34:15067"
dataStreamAddress: "10.1.0.34:15068"
clientAddress: "10.1.0.34:15065"
adminAddress: "10.1.0.34:15066"
startupRole: FOLLOWER
, old:)
2024-01-11 04:03:35,349 [grpc-default-executor-0] INFO  server.GrpcServerProtocolService (GrpcServerProtocolService.java:lambda$onCompleted$5(159)) - 719c3446-6328-4d08-9922-2d459786fd6c: Completed APPEND_ENTRIES, lastReply: null
2024-01-11 04:03:35,347 [grpc-default-executor-3] INFO  server.GrpcServerProtocolService (GrpcServerProtocolService.java:lambda$onCompleted$5(159)) - 8656a35e-0084-4fca-b387-4ce1151a6fbb: Completed APPEND_ENTRIES, lastReply: null
2024-01-11 04:03:35,347 [df850d10-9c85-4972-b407-c0325fc6d584@group-81FA45F9E5D4-StateMachineUpdater] INFO  impl.StateMachineUpdater (StateMachineUpdater.java:takeSnapshot(295)) - df850d10-9c85-4972-b407-c0325fc6d584@group-81FA45F9E5D4-StateMachineUpdater: Took a snapshot at index 0
2024-01-11 04:03:35,350 [df850d10-9c85-4972-b407-c0325fc6d584@group-81FA45F9E5D4-StateMachineUpdater] INFO  impl.StateMachineUpdater (StateMachineUpdater.java:lambda$new$0(98)) - df850d10-9c85-4972-b407-c0325fc6d584@group-81FA45F9E5D4-StateMachineUpdater: snapshotIndex: updateIncreasingly -1 -> 0
2024-01-11 04:03:35,350 [grpc-default-executor-0] INFO  server.GrpcLogAppender (GrpcLogAppender.java:onCompleted(546)) - df850d10-9c85-4972-b407-c0325fc6d584@group-81FA45F9E5D4->8656a35e-0084-4fca-b387-4ce1151a6fbb-AppendLogResponseHandler: follower responses appendEntries COMPLETED
2024-01-11 04:03:35,349 [grpc-default-executor-6] INFO  server.GrpcLogAppender (GrpcLogAppender.java:onCompleted(546)) - df850d10-9c85-4972-b407-c0325fc6d584@group-81FA45F9E5D4->8656a35e-0084-4fca-b387-4ce1151a6fbb-AppendLogResponseHandler: follower responses appendEntries COMPLETED
2024-01-11 04:03:35,350 [grpc-default-executor-1] INFO  server.GrpcLogAppender (GrpcLogAppender.java:onCompleted(546)) - df850d10-9c85-4972-b407-c0325fc6d584@group-81FA45F9E5D4->719c3446-6328-4d08-9922-2d459786fd6c-AppendLogResponseHandler: follower responses appendEntries COMPLETED
2024-01-11 04:03:35,350 [grpc-default-executor-4] INFO  server.GrpcLogAppender (GrpcLogAppender.java:onCompleted(546)) - df850d10-9c85-4972-b407-c0325fc6d584@group-81FA45F9E5D4->719c3446-6328-4d08-9922-2d459786fd6c-AppendLogResponseHandler: follower responses appendEntries COMPLETED
2024-01-11 04:03:35,350 [grpc-default-executor-0] WARN  server.GrpcLogAppender (GrpcLogAppender.java:resetClient(226)) - df850d10-9c85-4972-b407-c0325fc6d584@group-81FA45F9E5D4->8656a35e-0084-4fca-b387-4ce1151a6fbb-GrpcLogAppender: Failed to getClient for 8656a35e-0084-4fca-b387-4ce1151a6fbb
org.apache.ratis.protocol.exceptions.AlreadyClosedException: df850d10-9c85-4972-b407-c0325fc6d584 is already CLOSED
	at org.apache.ratis.util.PeerProxyMap$PeerAndProxy.getProxy(PeerProxyMap.java:65)
	at org.apache.ratis.util.PeerProxyMap.getProxy(PeerProxyMap.java:114)
	at org.apache.ratis.grpc.server.GrpcLogAppender.getClient(GrpcLogAppender.java:196)
	at org.apache.ratis.grpc.server.GrpcLogAppender.resetClient(GrpcLogAppender.java:201)
	at org.apache.ratis.grpc.server.GrpcLogAppender.access$800(GrpcLogAppender.java:62)
	at org.apache.ratis.grpc.server.GrpcLogAppender$AppendLogResponseHandler.onCompleted(GrpcLogAppender.java:547)
	at org.apache.ratis.thirdparty.io.grpc.stub.ClientCalls$StreamObserverToCallListenerAdapter.onClose(ClientCalls.java:479)
	at org.apache.ratis.thirdparty.io.grpc.internal.ClientCallImpl.closeObserver(ClientCallImpl.java:567)
	at org.apache.ratis.thirdparty.io.grpc.internal.ClientCallImpl.access$300(ClientCallImpl.java:71)
	at org.apache.ratis.thirdparty.io.grpc.internal.ClientCallImpl$ClientStreamListenerImpl$1StreamClosed.runInternal(ClientCallImpl.java:735)
	at org.apache.ratis.thirdparty.io.grpc.internal.ClientCallImpl$ClientStreamListenerImpl$1StreamClosed.runInContext(ClientCallImpl.java:716)
	at org.apache.ratis.thirdparty.io.grpc.internal.ContextRunnable.run(ContextRunnable.java:37)
	at org.apache.ratis.thirdparty.io.grpc.internal.SerializingExecutor.run(SerializingExecutor.java:133)
	at java.util.concurrent.ThreadPoolExecutor.runWorker(ThreadPoolExecutor.java:1149)
	at java.util.concurrent.ThreadPoolExecutor$Worker.run(ThreadPoolExecutor.java:624)
	at java.lang.Thread.run(Thread.java:750)
2024-01-11 04:03:35,350 [df850d10-9c85-4972-b407-c0325fc6d584-impl-thread1] INFO  server.RaftServer$Division (ServerState.java:close(427)) - df850d10-9c85-4972-b407-c0325fc6d584@group-81FA45F9E5D4: applyIndex: 0
2024-01-11 04:03:35,351 [grpc-default-executor-4] WARN  server.GrpcLogAppender (GrpcLogAppender.java:resetClient(226)) - df850d10-9c85-4972-b407-c0325fc6d584@group-81FA45F9E5D4->719c3446-6328-4d08-9922-2d459786fd6c-GrpcLogAppender: Failed to getClient for 719c3446-6328-4d08-9922-2d459786fd6c
org.apache.ratis.protocol.exceptions.AlreadyClosedException: df850d10-9c85-4972-b407-c0325fc6d584 is already CLOSED
	at org.apache.ratis.util.PeerProxyMap$PeerAndProxy.getProxy(PeerProxyMap.java:65)
	at org.apache.ratis.util.PeerProxyMap.getProxy(PeerProxyMap.java:114)
	at org.apache.ratis.grpc.server.GrpcLogAppender.getClient(GrpcLogAppender.java:196)
	at org.apache.ratis.grpc.server.GrpcLogAppender.resetClient(GrpcLogAppender.java:201)
	at org.apache.ratis.grpc.server.GrpcLogAppender.access$800(GrpcLogAppender.java:62)
	at org.apache.ratis.grpc.server.GrpcLogAppender$AppendLogResponseHandler.onCompleted(GrpcLogAppender.java:547)
	at org.apache.ratis.thirdparty.io.grpc.stub.ClientCalls$StreamObserverToCallListenerAdapter.onClose(ClientCalls.java:479)
	at org.apache.ratis.thirdparty.io.grpc.internal.ClientCallImpl.closeObserver(ClientCallImpl.java:567)
	at org.apache.ratis.thirdparty.io.grpc.internal.ClientCallImpl.access$300(ClientCallImpl.java:71)
	at org.apache.ratis.thirdparty.io.grpc.internal.ClientCallImpl$ClientStreamListenerImpl$1StreamClosed.runInternal(ClientCallImpl.java:735)
	at org.apache.ratis.thirdparty.io.grpc.internal.ClientCallImpl$ClientStreamListenerImpl$1StreamClosed.runInContext(ClientCallImpl.java:716)
	at org.apache.ratis.thirdparty.io.grpc.internal.ContextRunnable.run(ContextRunnable.java:37)
	at org.apache.ratis.thirdparty.io.grpc.internal.SerializingExecutor.run(SerializingExecutor.java:133)
	at java.util.concurrent.ThreadPoolExecutor.runWorker(ThreadPoolExecutor.java:1149)
	at java.util.concurrent.ThreadPoolExecutor$Worker.run(ThreadPoolExecutor.java:624)
	at java.lang.Thread.run(Thread.java:750)
2024-01-11 04:03:35,351 [grpc-default-executor-1] WARN  server.GrpcLogAppender (GrpcLogAppender.java:resetClient(226)) - df850d10-9c85-4972-b407-c0325fc6d584@group-81FA45F9E5D4->719c3446-6328-4d08-9922-2d459786fd6c-GrpcLogAppender: Failed to getClient for 719c3446-6328-4d08-9922-2d459786fd6c
org.apache.ratis.protocol.exceptions.AlreadyClosedException: df850d10-9c85-4972-b407-c0325fc6d584 is already CLOSED
	at org.apache.ratis.util.PeerProxyMap$PeerAndProxy.getProxy(PeerProxyMap.java:65)
	at org.apache.ratis.util.PeerProxyMap.getProxy(PeerProxyMap.java:114)
	at org.apache.ratis.grpc.server.GrpcLogAppender.getClient(GrpcLogAppender.java:196)
	at org.apache.ratis.grpc.server.GrpcLogAppender.resetClient(GrpcLogAppender.java:201)
	at org.apache.ratis.grpc.server.GrpcLogAppender.access$800(GrpcLogAppender.java:62)
	at org.apache.ratis.grpc.server.GrpcLogAppender$AppendLogResponseHandler.onCompleted(GrpcLogAppender.java:547)
	at org.apache.ratis.thirdparty.io.grpc.stub.ClientCalls$StreamObserverToCallListenerAdapter.onClose(ClientCalls.java:479)
	at org.apache.ratis.thirdparty.io.grpc.internal.ClientCallImpl.closeObserver(ClientCallImpl.java:567)
	at org.apache.ratis.thirdparty.io.grpc.internal.ClientCallImpl.access$300(ClientCallImpl.java:71)
	at org.apache.ratis.thirdparty.io.grpc.internal.ClientCallImpl$ClientStreamListenerImpl$1StreamClosed.runInternal(ClientCallImpl.java:735)
	at org.apache.ratis.thirdparty.io.grpc.internal.ClientCallImpl$ClientStreamListenerImpl$1StreamClosed.runInContext(ClientCallImpl.java:716)
	at org.apache.ratis.thirdparty.io.grpc.internal.ContextRunnable.run(ContextRunnable.java:37)
	at org.apache.ratis.thirdparty.io.grpc.internal.SerializingExecutor.run(SerializingExecutor.java:133)
	at java.util.concurrent.ThreadPoolExecutor.runWorker(ThreadPoolExecutor.java:1149)
	at java.util.concurrent.ThreadPoolExecutor$Worker.run(ThreadPoolExecutor.java:624)
	at java.lang.Thread.run(Thread.java:750)
2024-01-11 04:03:35,351 [main] INFO  server.GrpcService (GrpcService.java:closeImpl(320)) - df850d10-9c85-4972-b407-c0325fc6d584: shutdown server org.apache.ratis.grpc.server.GrpcClientProtocolService successfully
2024-01-11 04:03:35,352 [main] INFO  server.GrpcService (GrpcService.java:closeImpl(311)) - df850d10-9c85-4972-b407-c0325fc6d584: shutdown server GrpcServerProtocolService now
2024-01-11 04:03:35,350 [grpc-default-executor-6] WARN  server.GrpcLogAppender (GrpcLogAppender.java:resetClient(226)) - df850d10-9c85-4972-b407-c0325fc6d584@group-81FA45F9E5D4->8656a35e-0084-4fca-b387-4ce1151a6fbb-GrpcLogAppender: Failed to getClient for 8656a35e-0084-4fca-b387-4ce1151a6fbb
org.apache.ratis.protocol.exceptions.AlreadyClosedException: df850d10-9c85-4972-b407-c0325fc6d584 is already CLOSED
	at org.apache.ratis.util.PeerProxyMap$PeerAndProxy.getProxy(PeerProxyMap.java:65)
	at org.apache.ratis.util.PeerProxyMap.getProxy(PeerProxyMap.java:114)
	at org.apache.ratis.grpc.server.GrpcLogAppender.getClient(GrpcLogAppender.java:196)
	at org.apache.ratis.grpc.server.GrpcLogAppender.resetClient(GrpcLogAppender.java:201)
	at org.apache.ratis.grpc.server.GrpcLogAppender.access$800(GrpcLogAppender.java:62)
	at org.apache.ratis.grpc.server.GrpcLogAppender$AppendLogResponseHandler.onCompleted(GrpcLogAppender.java:547)
	at org.apache.ratis.thirdparty.io.grpc.stub.ClientCalls$StreamObserverToCallListenerAdapter.onClose(ClientCalls.java:479)
	at org.apache.ratis.thirdparty.io.grpc.internal.DelayedClientCall$DelayedListener$3.run(DelayedClientCall.java:489)
	at org.apache.ratis.thirdparty.io.grpc.internal.DelayedClientCall$DelayedListener.delayOrExecute(DelayedClientCall.java:453)
	at org.apache.ratis.thirdparty.io.grpc.internal.DelayedClientCall$DelayedListener.onClose(DelayedClientCall.java:486)
	at org.apache.ratis.thirdparty.io.grpc.internal.ClientCallImpl.closeObserver(ClientCallImpl.java:567)
	at org.apache.ratis.thirdparty.io.grpc.internal.ClientCallImpl.access$300(ClientCallImpl.java:71)
	at org.apache.ratis.thirdparty.io.grpc.internal.ClientCallImpl$ClientStreamListenerImpl$1StreamClosed.runInternal(ClientCallImpl.java:735)
	at org.apache.ratis.thirdparty.io.grpc.internal.ClientCallImpl$ClientStreamListenerImpl$1StreamClosed.runInContext(ClientCallImpl.java:716)
	at org.apache.ratis.thirdparty.io.grpc.internal.ContextRunnable.run(ContextRunnable.java:37)
	at org.apache.ratis.thirdparty.io.grpc.internal.SerializingExecutor.run(SerializingExecutor.java:133)
	at java.util.concurrent.ThreadPoolExecutor.runWorker(ThreadPoolExecutor.java:1149)
	at java.util.concurrent.ThreadPoolExecutor$Worker.run(ThreadPoolExecutor.java:624)
	at java.lang.Thread.run(Thread.java:750)
2024-01-11 04:03:35,351 [df850d10-9c85-4972-b407-c0325fc6d584@group-81FA45F9E5D4-cacheEviction-AwaitToRun] INFO  util.AwaitToRun (AwaitToRun.java:run(49)) - df850d10-9c85-4972-b407-c0325fc6d584@group-81FA45F9E5D4-cacheEviction-AwaitToRun-AwaitForSignal is interrupted
2024-01-11 04:03:35,354 [grpc-default-executor-0] WARN  server.GrpcServerProtocolService (LogUtils.java:warn(121)) - df850d10-9c85-4972-b407-c0325fc6d584: APPEND_ENTRIES onError, lastRequest: null: org.apache.ratis.thirdparty.io.grpc.StatusRuntimeException: CANCELLED: client cancelled
2024-01-11 04:03:35,354 [grpc-default-executor-4] WARN  server.GrpcServerProtocolService (LogUtils.java:warn(121)) - df850d10-9c85-4972-b407-c0325fc6d584: APPEND_ENTRIES onError, lastRequest: 8656a35e-0084-4fca-b387-4ce1151a6fbb->df850d10-9c85-4972-b407-c0325fc6d584#1-t1,previous=(t:0, i:0),leaderCommit=-1,initializing? false,entries: size=1, first=(t:1, i:0), CONFIGURATIONENTRY(current:id: "719c3446-6328-4d08-9922-2d459786fd6c"
address: "10.1.0.34:15058"
dataStreamAddress: "10.1.0.34:15059"
clientAddress: "10.1.0.34:15056"
adminAddress: "10.1.0.34:15057"
startupRole: FOLLOWER
,id: "df850d10-9c85-4972-b407-c0325fc6d584"
address: "10.1.0.34:15049"
dataStreamAddress: "10.1.0.34:15050"
clientAddress: "10.1.0.34:15047"
adminAddress: "10.1.0.34:15048"
startupRole: FOLLOWER
,id: "8656a35e-0084-4fca-b387-4ce1151a6fbb"
address: "10.1.0.34:15067"
priority: 1
dataStreamAddress: "10.1.0.34:15068"
clientAddress: "10.1.0.34:15065"
adminAddress: "10.1.0.34:15066"
startupRole: FOLLOWER
, old:): org.apache.ratis.thirdparty.io.grpc.StatusRuntimeException: CANCELLED: client cancelled
2024-01-11 04:03:35,357 [grpc-default-executor-3] WARN  server.GrpcLogAppender (LogUtils.java:warn(121)) - 8656a35e-0084-4fca-b387-4ce1151a6fbb@group-85A4241D4F1D->df850d10-9c85-4972-b407-c0325fc6d584-AppendLogResponseHandler: Failed appendEntries: org.apache.ratis.thirdparty.io.grpc.StatusRuntimeException: CANCELLED: RST_STREAM closed stream. HTTP/2 error code: CANCEL
2024-01-11 04:03:35,361 [main] INFO  server.GrpcService (GrpcService.java:closeImpl(320)) - df850d10-9c85-4972-b407-c0325fc6d584: shutdown server GrpcServerProtocolService successfully
2024-01-11 04:03:35,361 [main] INFO  server.GrpcService (GrpcService.java:closeImpl(311)) - df850d10-9c85-4972-b407-c0325fc6d584: shutdown server org.apache.ratis.grpc.server.GrpcAdminProtocolService now
2024-01-11 04:03:35,363 [grpc-default-executor-3] WARN  server.GrpcLogAppender (GrpcLogAppender.java:lambda$resetClient$1(217)) - 8656a35e-0084-4fca-b387-4ce1151a6fbb@group-85A4241D4F1D->df850d10-9c85-4972-b407-c0325fc6d584-GrpcLogAppender: Follower failed (request=null, errorCount=1); keep nextIndex (1) unchanged and retry.
2024-01-11 04:03:35,365 [main] INFO  server.GrpcService (GrpcService.java:closeImpl(320)) - df850d10-9c85-4972-b407-c0325fc6d584: shutdown server org.apache.ratis.grpc.server.GrpcAdminProtocolService successfully
2024-01-11 04:03:35,367 [df850d10-9c85-4972-b407-c0325fc6d584-NettyServerStreamRpc-bossGroup--thread1] INFO  logging.LoggingHandler (AbstractInternalLogger.java:log(148)) - [id: 0x347934bd, L:/0.0.0.0:15050] CLOSE
2024-01-11 04:03:35,367 [df850d10-9c85-4972-b407-c0325fc6d584-NettyServerStreamRpc-bossGroup--thread1] INFO  logging.LoggingHandler (AbstractInternalLogger.java:log(148)) - [id: 0x347934bd, L:/0.0.0.0:15050] INACTIVE
2024-01-11 04:03:35,368 [df850d10-9c85-4972-b407-c0325fc6d584-NettyServerStreamRpc-bossGroup--thread1] INFO  logging.LoggingHandler (AbstractInternalLogger.java:log(148)) - [id: 0x347934bd, L:/0.0.0.0:15050] UNREGISTERED
2024-01-11 04:03:35,929 [df850d10-9c85-4972-b407-c0325fc6d584-impl-thread3] INFO  segmented.SegmentedRaftLogWorker (SegmentedRaftLogWorker.java:close(245)) - df850d10-9c85-4972-b407-c0325fc6d584@group-BC3467B8140B-SegmentedRaftLogWorker close()
2024-01-11 04:03:36,056 [df850d10-9c85-4972-b407-c0325fc6d584-impl-thread2] INFO  segmented.SegmentedRaftLogWorker (SegmentedRaftLogWorker.java:close(245)) - df850d10-9c85-4972-b407-c0325fc6d584@group-85A4241D4F1D-SegmentedRaftLogWorker close()
2024-01-11 04:03:36,141 [df850d10-9c85-4972-b407-c0325fc6d584-impl-thread1] INFO  segmented.SegmentedRaftLogWorker (SegmentedRaftLogWorker.java:close(245)) - df850d10-9c85-4972-b407-c0325fc6d584@group-81FA45F9E5D4-SegmentedRaftLogWorker close()
2024-01-11 04:03:36,142 [JvmPauseMonitor7] INFO  util.JvmPauseMonitor (JvmPauseMonitor.java:run(152)) - JvmPauseMonitor-df850d10-9c85-4972-b407-c0325fc6d584: Stopped
2024-01-11 04:03:38,145 [main] INFO  utils.DatanodeStoreCache (DatanodeStoreCache.java:shutdownCache(116)) - Skip clearing cache in mini cluster mode. Entries left: [/home/runner/work/ozone/ozone/hadoop-ozone/integration-test/target/test-dir/MiniOzoneClusterImpl-8912d24f-c240-4c97-8da2-3552e928269b/datanode-0/data-0/containers/hdds/8912d24f-c240-4c97-8da2-3552e928269b/DS-b023b952-0462-4c1c-8c01-b7425a599fd7/container.db, /home/runner/work/ozone/ozone/hadoop-ozone/integration-test/target/test-dir/MiniOzoneClusterImpl-8912d24f-c240-4c97-8da2-3552e928269b/datanode-1/data-0/containers/hdds/8912d24f-c240-4c97-8da2-3552e928269b/DS-e25ec6ff-6947-4d7a-83cc-7964af8014b1/container.db, /home/runner/work/ozone/ozone/hadoop-ozone/integration-test/target/test-dir/MiniOzoneClusterImpl-8912d24f-c240-4c97-8da2-3552e928269b/datanode-2/data-0/containers/hdds/8912d24f-c240-4c97-8da2-3552e928269b/DS-c18dd706-4033-4ec2-8f37-a73e91b2c90a/container.db]
2024-01-11 04:03:38,147 [main] INFO  utils.DatanodeStoreCache (DatanodeStoreCache.java:removeDB(110)) - Removed db /home/runner/work/ozone/ozone/hadoop-ozone/integration-test/target/test-dir/MiniOzoneClusterImpl-8912d24f-c240-4c97-8da2-3552e928269b/datanode-0/data-0/containers/hdds/8912d24f-c240-4c97-8da2-3552e928269b/DS-b023b952-0462-4c1c-8c01-b7425a599fd7/container.db from cache
2024-01-11 04:03:38,147 [main] INFO  volume.HddsVolume (HddsVolume.java:closeDbStore(451)) - SchemaV3 db is stopped at /home/runner/work/ozone/ozone/hadoop-ozone/integration-test/target/test-dir/MiniOzoneClusterImpl-8912d24f-c240-4c97-8da2-3552e928269b/datanode-0/data-0/containers/hdds/8912d24f-c240-4c97-8da2-3552e928269b/DS-b023b952-0462-4c1c-8c01-b7425a599fd7/container.db for volume DS-b023b952-0462-4c1c-8c01-b7425a599fd7
2024-01-11 04:03:38,147 [main] INFO  utils.BackgroundService (BackgroundService.java:shutdown(160)) - Shutting down service BlockDeletingService
2024-01-11 04:03:38,148 [main] INFO  utils.BackgroundService (BackgroundService.java:shutdown(160)) - Shutting down service StaleRecoveringContainerScrubbingService
2024-01-11 04:03:38,148 [main] INFO  statemachine.DatanodeStateMachine (DatanodeStateMachine.java:stopDaemon(638)) - Ozone container server stopped.
2024-01-11 04:03:38,150 [main] INFO  handler.ContextHandler (ContextHandler.java:doStop(1159)) - Stopped o.e.j.w.WebAppContext@55612317{hddsDatanode,/,null,STOPPED}{jar:file:/home/runner/.m2/repository/org/apache/ozone/hdds-container-service/1.5.0-SNAPSHOT/hdds-container-service-1.5.0-SNAPSHOT.jar!/webapps/hddsDatanode}
2024-01-11 04:03:38,151 [main] INFO  server.AbstractConnector (AbstractConnector.java:doStop(383)) - Stopped ServerConnector@4c728880{HTTP/1.1, (http/1.1)}{0.0.0.0:15044}
2024-01-11 04:03:38,151 [main] INFO  server.session (HouseKeeper.java:stopScavenging(149)) - node0 Stopped scavenging
2024-01-11 04:03:38,151 [main] INFO  handler.ContextHandler (ContextHandler.java:doStop(1159)) - Stopped o.e.j.s.ServletContextHandler@7fc5fc93{static,/static,jar:file:/home/runner/.m2/repository/org/apache/ozone/hdds-container-service/1.5.0-SNAPSHOT/hdds-container-service-1.5.0-SNAPSHOT.jar!/webapps/static,STOPPED}
2024-01-11 04:03:38,152 [main] INFO  handler.ContextHandler (ContextHandler.java:doStop(1159)) - Stopped o.e.j.s.ServletContextHandler@1761b1f2{logs,/logs,file:///home/runner/work/ozone/ozone/hadoop-ozone/integration-test/target/log,STOPPED}
2024-01-11 04:03:38,152 [main] INFO  ozone.HddsDatanodeClientProtocolServer (HddsDatanodeClientProtocolServer.java:stop(78)) - Stopping the RPC server for Client Protocol
2024-01-11 04:03:38,153 [main] INFO  ipc.Server (Server.java:stop(3523)) - Stopping server on 15045
2024-01-11 04:03:38,154 [IPC Server listener on 15045] INFO  ipc.Server (Server.java:run(1434)) - Stopping IPC Server listener on 15045
2024-01-11 04:03:38,154 [IPC Server Responder] INFO  ipc.Server (Server.java:run(1567)) - Stopping IPC Server Responder
2024-01-11 04:03:38,157 [main] INFO  ozoneimpl.OzoneContainer (OzoneContainer.java:stop(479)) - Attempting to stop container services.
2024-01-11 04:03:38,158 [main] INFO  server.RaftServer (RaftServerProxy.java:lambda$close$9(416)) - 719c3446-6328-4d08-9922-2d459786fd6c: close
2024-01-11 04:03:38,158 [719c3446-6328-4d08-9922-2d459786fd6c-impl-thread1] INFO  server.RaftServer$Division (RaftServerImpl.java:lambda$close$3(526)) - 719c3446-6328-4d08-9922-2d459786fd6c@group-5854FC908815: shutdown
2024-01-11 04:03:38,158 [719c3446-6328-4d08-9922-2d459786fd6c-impl-thread1] INFO  util.JmxRegister (JmxRegister.java:unregister(73)) - Successfully un-registered JMX Bean with object name Ratis:service=RaftServer,group=group-5854FC908815,id=719c3446-6328-4d08-9922-2d459786fd6c
2024-01-11 04:03:38,159 [719c3446-6328-4d08-9922-2d459786fd6c-impl-thread2] INFO  server.RaftServer$Division (RaftServerImpl.java:lambda$close$3(526)) - 719c3446-6328-4d08-9922-2d459786fd6c@group-81FA45F9E5D4: shutdown
2024-01-11 04:03:38,159 [main] INFO  server.GrpcService (GrpcService.java:closeImpl(311)) - 719c3446-6328-4d08-9922-2d459786fd6c: shutdown server org.apache.ratis.grpc.server.GrpcClientProtocolService now
2024-01-11 04:03:38,159 [719c3446-6328-4d08-9922-2d459786fd6c-impl-thread1] INFO  impl.RoleInfo (RoleInfo.java:shutdownLeaderState(94)) - 719c3446-6328-4d08-9922-2d459786fd6c: shutdown 719c3446-6328-4d08-9922-2d459786fd6c@group-5854FC908815-LeaderStateImpl
2024-01-11 04:03:38,159 [719c3446-6328-4d08-9922-2d459786fd6c-impl-thread1] INFO  impl.PendingRequests (PendingRequests.java:sendNotLeaderResponses(289)) - 719c3446-6328-4d08-9922-2d459786fd6c@group-5854FC908815-PendingRequests: sendNotLeaderResponses
2024-01-11 04:03:38,159 [719c3446-6328-4d08-9922-2d459786fd6c-impl-thread3] INFO  server.RaftServer$Division (RaftServerImpl.java:lambda$close$3(526)) - 719c3446-6328-4d08-9922-2d459786fd6c@group-85A4241D4F1D: shutdown
2024-01-11 04:03:38,159 [719c3446-6328-4d08-9922-2d459786fd6c-impl-thread2] INFO  util.JmxRegister (JmxRegister.java:unregister(73)) - Successfully un-registered JMX Bean with object name Ratis:service=RaftServer,group=group-81FA45F9E5D4,id=719c3446-6328-4d08-9922-2d459786fd6c
2024-01-11 04:03:38,159 [719c3446-6328-4d08-9922-2d459786fd6c-impl-thread2] INFO  impl.RoleInfo (RoleInfo.java:shutdownFollowerState(110)) - 719c3446-6328-4d08-9922-2d459786fd6c: shutdown 719c3446-6328-4d08-9922-2d459786fd6c@group-81FA45F9E5D4-FollowerState
2024-01-11 04:03:38,160 [719c3446-6328-4d08-9922-2d459786fd6c@group-81FA45F9E5D4-FollowerState] INFO  impl.FollowerState (FollowerState.java:run(152)) - 719c3446-6328-4d08-9922-2d459786fd6c@group-81FA45F9E5D4-FollowerState was interrupted
2024-01-11 04:03:38,160 [main] INFO  server.GrpcService (GrpcService.java:closeImpl(320)) - 719c3446-6328-4d08-9922-2d459786fd6c: shutdown server org.apache.ratis.grpc.server.GrpcClientProtocolService successfully
2024-01-11 04:03:38,160 [main] INFO  server.GrpcService (GrpcService.java:closeImpl(311)) - 719c3446-6328-4d08-9922-2d459786fd6c: shutdown server GrpcServerProtocolService now
2024-01-11 04:03:38,160 [719c3446-6328-4d08-9922-2d459786fd6c-impl-thread2] INFO  impl.StateMachineUpdater (StateMachineUpdater.java:stopAndJoin(157)) - 719c3446-6328-4d08-9922-2d459786fd6c@group-81FA45F9E5D4-StateMachineUpdater: set stopIndex = -1
2024-01-11 04:03:38,160 [719c3446-6328-4d08-9922-2d459786fd6c-impl-thread1] INFO  impl.StateMachineUpdater (StateMachineUpdater.java:stopAndJoin(157)) - 719c3446-6328-4d08-9922-2d459786fd6c@group-5854FC908815-StateMachineUpdater: set stopIndex = 0
2024-01-11 04:03:38,166 [main] INFO  server.GrpcService (GrpcService.java:closeImpl(320)) - 719c3446-6328-4d08-9922-2d459786fd6c: shutdown server GrpcServerProtocolService successfully
2024-01-11 04:03:38,166 [main] INFO  server.GrpcService (GrpcService.java:closeImpl(311)) - 719c3446-6328-4d08-9922-2d459786fd6c: shutdown server org.apache.ratis.grpc.server.GrpcAdminProtocolService now
2024-01-11 04:03:38,160 [719c3446-6328-4d08-9922-2d459786fd6c-impl-thread3] INFO  util.JmxRegister (JmxRegister.java:unregister(73)) - Successfully un-registered JMX Bean with object name Ratis:service=RaftServer,group=group-85A4241D4F1D,id=719c3446-6328-4d08-9922-2d459786fd6c
2024-01-11 04:03:38,166 [719c3446-6328-4d08-9922-2d459786fd6c-impl-thread3] INFO  impl.RoleInfo (RoleInfo.java:shutdownFollowerState(110)) - 719c3446-6328-4d08-9922-2d459786fd6c: shutdown 719c3446-6328-4d08-9922-2d459786fd6c@group-85A4241D4F1D-FollowerState
2024-01-11 04:03:38,166 [grpc-default-executor-1] WARN  server.GrpcLogAppender (GrpcLogAppender.java:lambda$resetClient$1(217)) - 8656a35e-0084-4fca-b387-4ce1151a6fbb@group-85A4241D4F1D->719c3446-6328-4d08-9922-2d459786fd6c-GrpcLogAppender: Follower failed (request=null, errorCount=1); keep nextIndex (1) unchanged and retry.
2024-01-11 04:03:38,167 [719c3446-6328-4d08-9922-2d459786fd6c@group-85A4241D4F1D-StateMachineUpdater] INFO  ratis.ContainerStateMachine (ContainerStateMachine.java:takeSnapshot(355)) - group-85A4241D4F1D: Taking a snapshot at:(t:1, i:0) file /home/runner/work/ozone/ozone/hadoop-ozone/integration-test/target/test-dir/MiniOzoneClusterImpl-8912d24f-c240-4c97-8da2-3552e928269b/datanode-1/data/ratis/f4a60787-be55-4684-be27-85a4241d4f1d/sm/snapshot.1_0
2024-01-11 04:03:38,166 [719c3446-6328-4d08-9922-2d459786fd6c-impl-thread2] INFO  server.RaftServer$Division (ServerState.java:close(427)) - 719c3446-6328-4d08-9922-2d459786fd6c@group-81FA45F9E5D4: applyIndex: -1
2024-01-11 04:03:38,166 [grpc-default-executor-4] WARN  server.GrpcServerProtocolService (LogUtils.java:warn(121)) - 719c3446-6328-4d08-9922-2d459786fd6c: APPEND_ENTRIES onError, lastRequest: 8656a35e-0084-4fca-b387-4ce1151a6fbb->719c3446-6328-4d08-9922-2d459786fd6c#1-t1,previous=(t:0, i:0),leaderCommit=-1,initializing? false,entries: size=1, first=(t:1, i:0), CONFIGURATIONENTRY(current:id: "719c3446-6328-4d08-9922-2d459786fd6c"
address: "10.1.0.34:15058"
dataStreamAddress: "10.1.0.34:15059"
clientAddress: "10.1.0.34:15056"
adminAddress: "10.1.0.34:15057"
startupRole: FOLLOWER
,id: "df850d10-9c85-4972-b407-c0325fc6d584"
address: "10.1.0.34:15049"
dataStreamAddress: "10.1.0.34:15050"
clientAddress: "10.1.0.34:15047"
adminAddress: "10.1.0.34:15048"
startupRole: FOLLOWER
,id: "8656a35e-0084-4fca-b387-4ce1151a6fbb"
address: "10.1.0.34:15067"
priority: 1
dataStreamAddress: "10.1.0.34:15068"
clientAddress: "10.1.0.34:15065"
adminAddress: "10.1.0.34:15066"
startupRole: FOLLOWER
, old:): org.apache.ratis.thirdparty.io.grpc.StatusRuntimeException: CANCELLED: client cancelled
2024-01-11 04:03:38,165 [grpc-default-executor-3] WARN  server.GrpcLogAppender (LogUtils.java:warn(121)) - 8656a35e-0084-4fca-b387-4ce1151a6fbb@group-85A4241D4F1D->719c3446-6328-4d08-9922-2d459786fd6c-AppendLogResponseHandler: Failed appendEntries: org.apache.ratis.thirdparty.io.grpc.StatusRuntimeException: CANCELLED: RST_STREAM closed stream. HTTP/2 error code: CANCEL
2024-01-11 04:03:38,165 [grpc-default-executor-6] WARN  server.GrpcServerProtocolService (LogUtils.java:warn(121)) - 719c3446-6328-4d08-9922-2d459786fd6c: APPEND_ENTRIES onError, lastRequest: null: org.apache.ratis.thirdparty.io.grpc.StatusRuntimeException: CANCELLED: client cancelled
2024-01-11 04:03:38,160 [719c3446-6328-4d08-9922-2d459786fd6c@group-5854FC908815-StateMachineUpdater] INFO  ratis.ContainerStateMachine (ContainerStateMachine.java:takeSnapshot(355)) - group-5854FC908815: Taking a snapshot at:(t:1, i:0) file /home/runner/work/ozone/ozone/hadoop-ozone/integration-test/target/test-dir/MiniOzoneClusterImpl-8912d24f-c240-4c97-8da2-3552e928269b/datanode-1/data/ratis/721acb45-f8e7-4d46-993d-5854fc908815/sm/snapshot.1_0
2024-01-11 04:03:38,168 [main] INFO  server.GrpcService (GrpcService.java:closeImpl(320)) - 719c3446-6328-4d08-9922-2d459786fd6c: shutdown server org.apache.ratis.grpc.server.GrpcAdminProtocolService successfully
2024-01-11 04:03:38,168 [719c3446-6328-4d08-9922-2d459786fd6c@group-81FA45F9E5D4-cacheEviction-AwaitToRun] INFO  util.AwaitToRun (AwaitToRun.java:run(49)) - 719c3446-6328-4d08-9922-2d459786fd6c@group-81FA45F9E5D4-cacheEviction-AwaitToRun-AwaitForSignal is interrupted
2024-01-11 04:03:38,169 [719c3446-6328-4d08-9922-2d459786fd6c@group-5854FC908815-StateMachineUpdater] INFO  ratis.ContainerStateMachine (ContainerStateMachine.java:takeSnapshot(366)) - group-5854FC908815: Finished taking a snapshot at:(t:1, i:0) file:/home/runner/work/ozone/ozone/hadoop-ozone/integration-test/target/test-dir/MiniOzoneClusterImpl-8912d24f-c240-4c97-8da2-3552e928269b/datanode-1/data/ratis/721acb45-f8e7-4d46-993d-5854fc908815/sm/snapshot.1_0 took: 8 ms
2024-01-11 04:03:38,169 [719c3446-6328-4d08-9922-2d459786fd6c@group-5854FC908815-StateMachineUpdater] INFO  impl.StateMachineUpdater (StateMachineUpdater.java:takeSnapshot(295)) - 719c3446-6328-4d08-9922-2d459786fd6c@group-5854FC908815-StateMachineUpdater: Took a snapshot at index 0
2024-01-11 04:03:38,169 [719c3446-6328-4d08-9922-2d459786fd6c@group-5854FC908815-StateMachineUpdater] INFO  impl.StateMachineUpdater (StateMachineUpdater.java:lambda$new$0(98)) - 719c3446-6328-4d08-9922-2d459786fd6c@group-5854FC908815-StateMachineUpdater: snapshotIndex: updateIncreasingly -1 -> 0
2024-01-11 04:03:38,169 [719c3446-6328-4d08-9922-2d459786fd6c-impl-thread1] INFO  server.RaftServer$Division (ServerState.java:close(427)) - 719c3446-6328-4d08-9922-2d459786fd6c@group-5854FC908815: applyIndex: 0
2024-01-11 04:03:38,169 [719c3446-6328-4d08-9922-2d459786fd6c@group-5854FC908815-cacheEviction-AwaitToRun] INFO  util.AwaitToRun (AwaitToRun.java:run(49)) - 719c3446-6328-4d08-9922-2d459786fd6c@group-5854FC908815-cacheEviction-AwaitToRun-AwaitForSignal is interrupted
2024-01-11 04:03:38,168 [719c3446-6328-4d08-9922-2d459786fd6c@group-85A4241D4F1D-StateMachineUpdater] INFO  ratis.ContainerStateMachine (ContainerStateMachine.java:takeSnapshot(366)) - group-85A4241D4F1D: Finished taking a snapshot at:(t:1, i:0) file:/home/runner/work/ozone/ozone/hadoop-ozone/integration-test/target/test-dir/MiniOzoneClusterImpl-8912d24f-c240-4c97-8da2-3552e928269b/datanode-1/data/ratis/f4a60787-be55-4684-be27-85a4241d4f1d/sm/snapshot.1_0 took: 1 ms
2024-01-11 04:03:38,170 [719c3446-6328-4d08-9922-2d459786fd6c@group-85A4241D4F1D-StateMachineUpdater] INFO  impl.StateMachineUpdater (StateMachineUpdater.java:takeSnapshot(295)) - 719c3446-6328-4d08-9922-2d459786fd6c@group-85A4241D4F1D-StateMachineUpdater: Took a snapshot at index 0
2024-01-11 04:03:38,170 [719c3446-6328-4d08-9922-2d459786fd6c@group-85A4241D4F1D-StateMachineUpdater] INFO  impl.StateMachineUpdater (StateMachineUpdater.java:lambda$new$0(98)) - 719c3446-6328-4d08-9922-2d459786fd6c@group-85A4241D4F1D-StateMachineUpdater: snapshotIndex: updateIncreasingly -1 -> 0
2024-01-11 04:03:38,167 [719c3446-6328-4d08-9922-2d459786fd6c@group-85A4241D4F1D-FollowerState] INFO  impl.FollowerState (FollowerState.java:run(152)) - 719c3446-6328-4d08-9922-2d459786fd6c@group-85A4241D4F1D-FollowerState was interrupted
2024-01-11 04:03:38,167 [719c3446-6328-4d08-9922-2d459786fd6c-impl-thread3] INFO  impl.StateMachineUpdater (StateMachineUpdater.java:stopAndJoin(157)) - 719c3446-6328-4d08-9922-2d459786fd6c@group-85A4241D4F1D-StateMachineUpdater: set stopIndex = 0
2024-01-11 04:03:38,171 [719c3446-6328-4d08-9922-2d459786fd6c-impl-thread3] INFO  server.RaftServer$Division (ServerState.java:close(427)) - 719c3446-6328-4d08-9922-2d459786fd6c@group-85A4241D4F1D: applyIndex: 0
2024-01-11 04:03:38,171 [719c3446-6328-4d08-9922-2d459786fd6c@group-85A4241D4F1D-cacheEviction-AwaitToRun] INFO  util.AwaitToRun (AwaitToRun.java:run(49)) - 719c3446-6328-4d08-9922-2d459786fd6c@group-85A4241D4F1D-cacheEviction-AwaitToRun-AwaitForSignal is interrupted
2024-01-11 04:03:38,172 [719c3446-6328-4d08-9922-2d459786fd6c-NettyServerStreamRpc-bossGroup--thread1] INFO  logging.LoggingHandler (AbstractInternalLogger.java:log(148)) - [id: 0xd1315f72, L:/0.0.0.0:15059] CLOSE
2024-01-11 04:03:38,172 [719c3446-6328-4d08-9922-2d459786fd6c-NettyServerStreamRpc-bossGroup--thread1] INFO  logging.LoggingHandler (AbstractInternalLogger.java:log(148)) - [id: 0xd1315f72, L:/0.0.0.0:15059] INACTIVE
2024-01-11 04:03:38,172 [719c3446-6328-4d08-9922-2d459786fd6c-NettyServerStreamRpc-bossGroup--thread1] INFO  logging.LoggingHandler (AbstractInternalLogger.java:log(148)) - [id: 0xd1315f72, L:/0.0.0.0:15059] UNREGISTERED
2024-01-11 04:03:38,215 [719c3446-6328-4d08-9922-2d459786fd6c-impl-thread1] INFO  segmented.SegmentedRaftLogWorker (SegmentedRaftLogWorker.java:close(245)) - 719c3446-6328-4d08-9922-2d459786fd6c@group-5854FC908815-SegmentedRaftLogWorker close()
2024-01-11 04:03:39,055 [719c3446-6328-4d08-9922-2d459786fd6c-impl-thread3] INFO  segmented.SegmentedRaftLogWorker (SegmentedRaftLogWorker.java:close(245)) - 719c3446-6328-4d08-9922-2d459786fd6c@group-85A4241D4F1D-SegmentedRaftLogWorker close()
2024-01-11 04:03:39,166 [719c3446-6328-4d08-9922-2d459786fd6c-impl-thread2] INFO  segmented.SegmentedRaftLogWorker (SegmentedRaftLogWorker.java:close(245)) - 719c3446-6328-4d08-9922-2d459786fd6c@group-81FA45F9E5D4-SegmentedRaftLogWorker close()
2024-01-11 04:03:39,166 [JvmPauseMonitor8] INFO  util.JvmPauseMonitor (JvmPauseMonitor.java:run(152)) - JvmPauseMonitor-719c3446-6328-4d08-9922-2d459786fd6c: Stopped
2024-01-11 04:03:40,358 [timer4] WARN  server.GrpcLogAppender (LogUtils.java:warn(121)) - 8656a35e-0084-4fca-b387-4ce1151a6fbb@group-85A4241D4F1D->df850d10-9c85-4972-b407-c0325fc6d584-AppendLogResponseHandler: Failed appendEntries (Repeated 8 times in the last 5.001s): org.apache.ratis.thirdparty.io.grpc.StatusRuntimeException: UNAVAILABLE: io exception
2024-01-11 04:03:40,363 [timer5] WARN  server.GrpcLogAppender (GrpcLogAppender.java:lambda$resetClient$1(217)) - 8656a35e-0084-4fca-b387-4ce1151a6fbb@group-85A4241D4F1D->df850d10-9c85-4972-b407-c0325fc6d584-GrpcLogAppender: Follower failed (request=null, errorCount=8); keep nextIndex (1) unchanged and retry. (Repeated 8 times in the last 5.000s)
2024-01-11 04:03:41,170 [main] INFO  utils.DatanodeStoreCache (DatanodeStoreCache.java:shutdownCache(116)) - Skip clearing cache in mini cluster mode. Entries left: [/home/runner/work/ozone/ozone/hadoop-ozone/integration-test/target/test-dir/MiniOzoneClusterImpl-8912d24f-c240-4c97-8da2-3552e928269b/datanode-1/data-0/containers/hdds/8912d24f-c240-4c97-8da2-3552e928269b/DS-e25ec6ff-6947-4d7a-83cc-7964af8014b1/container.db, /home/runner/work/ozone/ozone/hadoop-ozone/integration-test/target/test-dir/MiniOzoneClusterImpl-8912d24f-c240-4c97-8da2-3552e928269b/datanode-2/data-0/containers/hdds/8912d24f-c240-4c97-8da2-3552e928269b/DS-c18dd706-4033-4ec2-8f37-a73e91b2c90a/container.db]
2024-01-11 04:03:41,171 [main] INFO  utils.DatanodeStoreCache (DatanodeStoreCache.java:removeDB(110)) - Removed db /home/runner/work/ozone/ozone/hadoop-ozone/integration-test/target/test-dir/MiniOzoneClusterImpl-8912d24f-c240-4c97-8da2-3552e928269b/datanode-1/data-0/containers/hdds/8912d24f-c240-4c97-8da2-3552e928269b/DS-e25ec6ff-6947-4d7a-83cc-7964af8014b1/container.db from cache
2024-01-11 04:03:41,171 [main] INFO  volume.HddsVolume (HddsVolume.java:closeDbStore(451)) - SchemaV3 db is stopped at /home/runner/work/ozone/ozone/hadoop-ozone/integration-test/target/test-dir/MiniOzoneClusterImpl-8912d24f-c240-4c97-8da2-3552e928269b/datanode-1/data-0/containers/hdds/8912d24f-c240-4c97-8da2-3552e928269b/DS-e25ec6ff-6947-4d7a-83cc-7964af8014b1/container.db for volume DS-e25ec6ff-6947-4d7a-83cc-7964af8014b1
2024-01-11 04:03:41,171 [main] INFO  utils.BackgroundService (BackgroundService.java:shutdown(160)) - Shutting down service BlockDeletingService
2024-01-11 04:03:41,172 [main] INFO  utils.BackgroundService (BackgroundService.java:shutdown(160)) - Shutting down service StaleRecoveringContainerScrubbingService
2024-01-11 04:03:41,172 [main] INFO  statemachine.DatanodeStateMachine (DatanodeStateMachine.java:stopDaemon(638)) - Ozone container server stopped.
2024-01-11 04:03:41,174 [main] INFO  handler.ContextHandler (ContextHandler.java:doStop(1159)) - Stopped o.e.j.w.WebAppContext@5540c384{hddsDatanode,/,null,STOPPED}{jar:file:/home/runner/.m2/repository/org/apache/ozone/hdds-container-service/1.5.0-SNAPSHOT/hdds-container-service-1.5.0-SNAPSHOT.jar!/webapps/hddsDatanode}
2024-01-11 04:03:41,174 [main] INFO  server.AbstractConnector (AbstractConnector.java:doStop(383)) - Stopped ServerConnector@2966fdf{HTTP/1.1, (http/1.1)}{0.0.0.0:15053}
2024-01-11 04:03:41,175 [main] INFO  server.session (HouseKeeper.java:stopScavenging(149)) - node0 Stopped scavenging
2024-01-11 04:03:41,175 [main] INFO  handler.ContextHandler (ContextHandler.java:doStop(1159)) - Stopped o.e.j.s.ServletContextHandler@591ee61b{static,/static,jar:file:/home/runner/.m2/repository/org/apache/ozone/hdds-container-service/1.5.0-SNAPSHOT/hdds-container-service-1.5.0-SNAPSHOT.jar!/webapps/static,STOPPED}
2024-01-11 04:03:41,176 [main] INFO  handler.ContextHandler (ContextHandler.java:doStop(1159)) - Stopped o.e.j.s.ServletContextHandler@4c0fc229{logs,/logs,file:///home/runner/work/ozone/ozone/hadoop-ozone/integration-test/target/log,STOPPED}
2024-01-11 04:03:41,177 [main] INFO  ozone.HddsDatanodeClientProtocolServer (HddsDatanodeClientProtocolServer.java:stop(78)) - Stopping the RPC server for Client Protocol
2024-01-11 04:03:41,177 [main] INFO  ipc.Server (Server.java:stop(3523)) - Stopping server on 15054
2024-01-11 04:03:41,178 [IPC Server listener on 15054] INFO  ipc.Server (Server.java:run(1434)) - Stopping IPC Server listener on 15054
2024-01-11 04:03:41,178 [IPC Server Responder] INFO  ipc.Server (Server.java:run(1567)) - Stopping IPC Server Responder
2024-01-11 04:03:41,180 [main] INFO  ozoneimpl.OzoneContainer (OzoneContainer.java:stop(479)) - Attempting to stop container services.
2024-01-11 04:03:41,180 [main] INFO  server.RaftServer (RaftServerProxy.java:lambda$close$9(416)) - 8656a35e-0084-4fca-b387-4ce1151a6fbb: close
2024-01-11 04:03:41,180 [8656a35e-0084-4fca-b387-4ce1151a6fbb-impl-thread1] INFO  server.RaftServer$Division (RaftServerImpl.java:lambda$close$3(526)) - 8656a35e-0084-4fca-b387-4ce1151a6fbb@group-81FA45F9E5D4: shutdown
2024-01-11 04:03:41,181 [8656a35e-0084-4fca-b387-4ce1151a6fbb-impl-thread1] INFO  util.JmxRegister (JmxRegister.java:unregister(73)) - Successfully un-registered JMX Bean with object name Ratis:service=RaftServer,group=group-81FA45F9E5D4,id=8656a35e-0084-4fca-b387-4ce1151a6fbb
2024-01-11 04:03:41,181 [8656a35e-0084-4fca-b387-4ce1151a6fbb-impl-thread2] INFO  server.RaftServer$Division (RaftServerImpl.java:lambda$close$3(526)) - 8656a35e-0084-4fca-b387-4ce1151a6fbb@group-85A4241D4F1D: shutdown
2024-01-11 04:03:41,181 [8656a35e-0084-4fca-b387-4ce1151a6fbb-impl-thread1] INFO  impl.RoleInfo (RoleInfo.java:shutdownFollowerState(110)) - 8656a35e-0084-4fca-b387-4ce1151a6fbb: shutdown 8656a35e-0084-4fca-b387-4ce1151a6fbb@group-81FA45F9E5D4-FollowerState
2024-01-11 04:03:41,181 [main] INFO  server.GrpcService (GrpcService.java:closeImpl(311)) - 8656a35e-0084-4fca-b387-4ce1151a6fbb: shutdown server org.apache.ratis.grpc.server.GrpcClientProtocolService now
2024-01-11 04:03:41,181 [8656a35e-0084-4fca-b387-4ce1151a6fbb@group-81FA45F9E5D4-FollowerState] INFO  impl.FollowerState (FollowerState.java:run(152)) - 8656a35e-0084-4fca-b387-4ce1151a6fbb@group-81FA45F9E5D4-FollowerState was interrupted
2024-01-11 04:03:41,181 [8656a35e-0084-4fca-b387-4ce1151a6fbb-impl-thread2] INFO  util.JmxRegister (JmxRegister.java:unregister(73)) - Successfully un-registered JMX Bean with object name Ratis:service=RaftServer,group=group-85A4241D4F1D,id=8656a35e-0084-4fca-b387-4ce1151a6fbb
2024-01-11 04:03:41,187 [8656a35e-0084-4fca-b387-4ce1151a6fbb-impl-thread2] INFO  impl.RoleInfo (RoleInfo.java:shutdownLeaderState(94)) - 8656a35e-0084-4fca-b387-4ce1151a6fbb: shutdown 8656a35e-0084-4fca-b387-4ce1151a6fbb@group-85A4241D4F1D-LeaderStateImpl
2024-01-11 04:03:41,187 [8656a35e-0084-4fca-b387-4ce1151a6fbb-impl-thread3] INFO  server.RaftServer$Division (RaftServerImpl.java:lambda$close$3(526)) - 8656a35e-0084-4fca-b387-4ce1151a6fbb@group-EB30312CDD54: shutdown
2024-01-11 04:03:41,181 [8656a35e-0084-4fca-b387-4ce1151a6fbb-impl-thread1] INFO  impl.StateMachineUpdater (StateMachineUpdater.java:stopAndJoin(157)) - 8656a35e-0084-4fca-b387-4ce1151a6fbb@group-81FA45F9E5D4-StateMachineUpdater: set stopIndex = -1
2024-01-11 04:03:41,188 [8656a35e-0084-4fca-b387-4ce1151a6fbb-impl-thread3] INFO  util.JmxRegister (JmxRegister.java:unregister(73)) - Successfully un-registered JMX Bean with object name Ratis:service=RaftServer,group=group-EB30312CDD54,id=8656a35e-0084-4fca-b387-4ce1151a6fbb
2024-01-11 04:03:41,188 [8656a35e-0084-4fca-b387-4ce1151a6fbb-impl-thread1] INFO  server.RaftServer$Division (ServerState.java:close(427)) - 8656a35e-0084-4fca-b387-4ce1151a6fbb@group-81FA45F9E5D4: applyIndex: -1
2024-01-11 04:03:41,188 [8656a35e-0084-4fca-b387-4ce1151a6fbb-impl-thread2] INFO  impl.PendingRequests (PendingRequests.java:sendNotLeaderResponses(289)) - 8656a35e-0084-4fca-b387-4ce1151a6fbb@group-85A4241D4F1D-PendingRequests: sendNotLeaderResponses
2024-01-11 04:03:41,188 [8656a35e-0084-4fca-b387-4ce1151a6fbb@group-81FA45F9E5D4-cacheEviction-AwaitToRun] INFO  util.AwaitToRun (AwaitToRun.java:run(49)) - 8656a35e-0084-4fca-b387-4ce1151a6fbb@group-81FA45F9E5D4-cacheEviction-AwaitToRun-AwaitForSignal is interrupted
2024-01-11 04:03:41,188 [8656a35e-0084-4fca-b387-4ce1151a6fbb@group-85A4241D4F1D->df850d10-9c85-4972-b407-c0325fc6d584-GrpcLogAppender-LogAppenderDaemon] WARN  server.GrpcLogAppender (GrpcLogAppender.java:mayWait(289)) - 8656a35e-0084-4fca-b387-4ce1151a6fbb@group-85A4241D4F1D->df850d10-9c85-4972-b407-c0325fc6d584-GrpcLogAppender: Wait interrupted by java.lang.InterruptedException
2024-01-11 04:03:41,188 [8656a35e-0084-4fca-b387-4ce1151a6fbb-impl-thread3] INFO  impl.RoleInfo (RoleInfo.java:shutdownLeaderState(94)) - 8656a35e-0084-4fca-b387-4ce1151a6fbb: shutdown 8656a35e-0084-4fca-b387-4ce1151a6fbb@group-EB30312CDD54-LeaderStateImpl
2024-01-11 04:03:41,188 [8656a35e-0084-4fca-b387-4ce1151a6fbb@group-85A4241D4F1D->719c3446-6328-4d08-9922-2d459786fd6c-GrpcLogAppender-LogAppenderDaemon] WARN  server.GrpcLogAppender (GrpcLogAppender.java:mayWait(289)) - 8656a35e-0084-4fca-b387-4ce1151a6fbb@group-85A4241D4F1D->719c3446-6328-4d08-9922-2d459786fd6c-GrpcLogAppender: Wait interrupted by java.lang.InterruptedException
2024-01-11 04:03:41,189 [8656a35e-0084-4fca-b387-4ce1151a6fbb-impl-thread3] INFO  impl.PendingRequests (PendingRequests.java:sendNotLeaderResponses(289)) - 8656a35e-0084-4fca-b387-4ce1151a6fbb@group-EB30312CDD54-PendingRequests: sendNotLeaderResponses
2024-01-11 04:03:41,189 [8656a35e-0084-4fca-b387-4ce1151a6fbb@group-85A4241D4F1D-StateMachineUpdater] INFO  ratis.ContainerStateMachine (ContainerStateMachine.java:takeSnapshot(355)) - group-85A4241D4F1D: Taking a snapshot at:(t:1, i:0) file /home/runner/work/ozone/ozone/hadoop-ozone/integration-test/target/test-dir/MiniOzoneClusterImpl-8912d24f-c240-4c97-8da2-3552e928269b/datanode-2/data/ratis/f4a60787-be55-4684-be27-85a4241d4f1d/sm/snapshot.1_0
2024-01-11 04:03:41,189 [8656a35e-0084-4fca-b387-4ce1151a6fbb-impl-thread2] INFO  impl.StateMachineUpdater (StateMachineUpdater.java:stopAndJoin(157)) - 8656a35e-0084-4fca-b387-4ce1151a6fbb@group-85A4241D4F1D-StateMachineUpdater: set stopIndex = 0
2024-01-11 04:03:41,189 [8656a35e-0084-4fca-b387-4ce1151a6fbb@group-EB30312CDD54-StateMachineUpdater] INFO  ratis.ContainerStateMachine (ContainerStateMachine.java:takeSnapshot(355)) - group-EB30312CDD54: Taking a snapshot at:(t:1, i:0) file /home/runner/work/ozone/ozone/hadoop-ozone/integration-test/target/test-dir/MiniOzoneClusterImpl-8912d24f-c240-4c97-8da2-3552e928269b/datanode-2/data/ratis/4264de1d-e076-4780-abf8-eb30312cdd54/sm/snapshot.1_0
2024-01-11 04:03:41,190 [8656a35e-0084-4fca-b387-4ce1151a6fbb-impl-thread3] INFO  impl.StateMachineUpdater (StateMachineUpdater.java:stopAndJoin(157)) - 8656a35e-0084-4fca-b387-4ce1151a6fbb@group-EB30312CDD54-StateMachineUpdater: set stopIndex = 0
2024-01-11 04:03:41,190 [8656a35e-0084-4fca-b387-4ce1151a6fbb@group-85A4241D4F1D-StateMachineUpdater] INFO  ratis.ContainerStateMachine (ContainerStateMachine.java:takeSnapshot(366)) - group-85A4241D4F1D: Finished taking a snapshot at:(t:1, i:0) file:/home/runner/work/ozone/ozone/hadoop-ozone/integration-test/target/test-dir/MiniOzoneClusterImpl-8912d24f-c240-4c97-8da2-3552e928269b/datanode-2/data/ratis/f4a60787-be55-4684-be27-85a4241d4f1d/sm/snapshot.1_0 took: 1 ms
2024-01-11 04:03:41,190 [8656a35e-0084-4fca-b387-4ce1151a6fbb@group-EB30312CDD54-StateMachineUpdater] INFO  ratis.ContainerStateMachine (ContainerStateMachine.java:takeSnapshot(366)) - group-EB30312CDD54: Finished taking a snapshot at:(t:1, i:0) file:/home/runner/work/ozone/ozone/hadoop-ozone/integration-test/target/test-dir/MiniOzoneClusterImpl-8912d24f-c240-4c97-8da2-3552e928269b/datanode-2/data/ratis/4264de1d-e076-4780-abf8-eb30312cdd54/sm/snapshot.1_0 took: 0 ms
2024-01-11 04:03:41,190 [8656a35e-0084-4fca-b387-4ce1151a6fbb@group-85A4241D4F1D-StateMachineUpdater] INFO  impl.StateMachineUpdater (StateMachineUpdater.java:takeSnapshot(295)) - 8656a35e-0084-4fca-b387-4ce1151a6fbb@group-85A4241D4F1D-StateMachineUpdater: Took a snapshot at index 0
2024-01-11 04:03:41,190 [8656a35e-0084-4fca-b387-4ce1151a6fbb@group-EB30312CDD54-StateMachineUpdater] INFO  impl.StateMachineUpdater (StateMachineUpdater.java:takeSnapshot(295)) - 8656a35e-0084-4fca-b387-4ce1151a6fbb@group-EB30312CDD54-StateMachineUpdater: Took a snapshot at index 0
2024-01-11 04:03:41,190 [8656a35e-0084-4fca-b387-4ce1151a6fbb@group-EB30312CDD54-StateMachineUpdater] INFO  impl.StateMachineUpdater (StateMachineUpdater.java:lambda$new$0(98)) - 8656a35e-0084-4fca-b387-4ce1151a6fbb@group-EB30312CDD54-StateMachineUpdater: snapshotIndex: updateIncreasingly -1 -> 0
2024-01-11 04:03:41,190 [8656a35e-0084-4fca-b387-4ce1151a6fbb@group-85A4241D4F1D-StateMachineUpdater] INFO  impl.StateMachineUpdater (StateMachineUpdater.java:lambda$new$0(98)) - 8656a35e-0084-4fca-b387-4ce1151a6fbb@group-85A4241D4F1D-StateMachineUpdater: snapshotIndex: updateIncreasingly -1 -> 0
2024-01-11 04:03:41,191 [8656a35e-0084-4fca-b387-4ce1151a6fbb-impl-thread2] INFO  server.RaftServer$Division (ServerState.java:close(427)) - 8656a35e-0084-4fca-b387-4ce1151a6fbb@group-85A4241D4F1D: applyIndex: 0
2024-01-11 04:03:41,191 [8656a35e-0084-4fca-b387-4ce1151a6fbb@group-85A4241D4F1D-cacheEviction-AwaitToRun] INFO  util.AwaitToRun (AwaitToRun.java:run(49)) - 8656a35e-0084-4fca-b387-4ce1151a6fbb@group-85A4241D4F1D-cacheEviction-AwaitToRun-AwaitForSignal is interrupted
2024-01-11 04:03:41,191 [8656a35e-0084-4fca-b387-4ce1151a6fbb-impl-thread3] INFO  server.RaftServer$Division (ServerState.java:close(427)) - 8656a35e-0084-4fca-b387-4ce1151a6fbb@group-EB30312CDD54: applyIndex: 0
2024-01-11 04:03:41,192 [8656a35e-0084-4fca-b387-4ce1151a6fbb@group-EB30312CDD54-cacheEviction-AwaitToRun] INFO  util.AwaitToRun (AwaitToRun.java:run(49)) - 8656a35e-0084-4fca-b387-4ce1151a6fbb@group-EB30312CDD54-cacheEviction-AwaitToRun-AwaitForSignal is interrupted
2024-01-11 04:03:41,193 [Thread-941] INFO  server.GrpcServerProtocolClient (GrpcServerProtocolClient.java:close(103)) - df850d10-9c85-4972-b407-c0325fc6d584 Close channels
2024-01-11 04:03:41,193 [Thread-940] INFO  server.GrpcServerProtocolClient (GrpcServerProtocolClient.java:close(103)) - 719c3446-6328-4d08-9922-2d459786fd6c Close channels
2024-01-11 04:03:41,194 [main] INFO  server.GrpcService (GrpcService.java:closeImpl(320)) - 8656a35e-0084-4fca-b387-4ce1151a6fbb: shutdown server org.apache.ratis.grpc.server.GrpcClientProtocolService successfully
2024-01-11 04:03:41,194 [main] INFO  server.GrpcService (GrpcService.java:closeImpl(311)) - 8656a35e-0084-4fca-b387-4ce1151a6fbb: shutdown server GrpcServerProtocolService now
2024-01-11 04:03:41,195 [8656a35e-0084-4fca-b387-4ce1151a6fbb-impl-thread3] INFO  segmented.SegmentedRaftLogWorker (SegmentedRaftLogWorker.java:close(245)) - 8656a35e-0084-4fca-b387-4ce1151a6fbb@group-EB30312CDD54-SegmentedRaftLogWorker close()
2024-01-11 04:03:41,196 [main] INFO  server.GrpcService (GrpcService.java:closeImpl(320)) - 8656a35e-0084-4fca-b387-4ce1151a6fbb: shutdown server GrpcServerProtocolService successfully
2024-01-11 04:03:41,196 [main] INFO  server.GrpcService (GrpcService.java:closeImpl(311)) - 8656a35e-0084-4fca-b387-4ce1151a6fbb: shutdown server org.apache.ratis.grpc.server.GrpcAdminProtocolService now
2024-01-11 04:03:41,197 [main] INFO  server.GrpcService (GrpcService.java:closeImpl(320)) - 8656a35e-0084-4fca-b387-4ce1151a6fbb: shutdown server org.apache.ratis.grpc.server.GrpcAdminProtocolService successfully
2024-01-11 04:03:41,198 [8656a35e-0084-4fca-b387-4ce1151a6fbb-impl-thread1] INFO  segmented.SegmentedRaftLogWorker (SegmentedRaftLogWorker.java:close(245)) - 8656a35e-0084-4fca-b387-4ce1151a6fbb@group-81FA45F9E5D4-SegmentedRaftLogWorker close()
2024-01-11 04:03:41,209 [8656a35e-0084-4fca-b387-4ce1151a6fbb-NettyServerStreamRpc-bossGroup--thread1] INFO  logging.LoggingHandler (AbstractInternalLogger.java:log(148)) - [id: 0x67b2301a, L:/0.0.0.0:15068] CLOSE
2024-01-11 04:03:41,209 [8656a35e-0084-4fca-b387-4ce1151a6fbb-NettyServerStreamRpc-bossGroup--thread1] INFO  logging.LoggingHandler (AbstractInternalLogger.java:log(148)) - [id: 0x67b2301a, L:/0.0.0.0:15068] INACTIVE
2024-01-11 04:03:41,209 [8656a35e-0084-4fca-b387-4ce1151a6fbb-NettyServerStreamRpc-bossGroup--thread1] INFO  logging.LoggingHandler (AbstractInternalLogger.java:log(148)) - [id: 0x67b2301a, L:/0.0.0.0:15068] UNREGISTERED
2024-01-11 04:03:42,025 [8656a35e-0084-4fca-b387-4ce1151a6fbb-impl-thread2] INFO  segmented.SegmentedRaftLogWorker (SegmentedRaftLogWorker.java:close(245)) - 8656a35e-0084-4fca-b387-4ce1151a6fbb@group-85A4241D4F1D-SegmentedRaftLogWorker close()
2024-01-11 04:03:42,025 [JvmPauseMonitor9] INFO  util.JvmPauseMonitor (JvmPauseMonitor.java:run(152)) - JvmPauseMonitor-8656a35e-0084-4fca-b387-4ce1151a6fbb: Stopped
2024-01-11 04:03:43,167 [timer0] WARN  server.GrpcLogAppender (GrpcLogAppender.java:lambda$resetClient$1(217)) - 8656a35e-0084-4fca-b387-4ce1151a6fbb@group-85A4241D4F1D->719c3446-6328-4d08-9922-2d459786fd6c-GrpcLogAppender: Follower failed (request=null, errorCount=4); keep nextIndex (1) unchanged and retry. (Repeated 4 times in the last 5.000s)
2024-01-11 04:03:43,167 [timer1] WARN  server.GrpcLogAppender (LogUtils.java:warn(121)) - 8656a35e-0084-4fca-b387-4ce1151a6fbb@group-85A4241D4F1D->719c3446-6328-4d08-9922-2d459786fd6c-AppendLogResponseHandler: Failed appendEntries (Repeated 4 times in the last 5.002s): org.apache.ratis.thirdparty.io.grpc.StatusRuntimeException: UNAVAILABLE: io exception
2024-01-11 04:03:44,028 [main] INFO  utils.DatanodeStoreCache (DatanodeStoreCache.java:shutdownCache(116)) - Skip clearing cache in mini cluster mode. Entries left: [/home/runner/work/ozone/ozone/hadoop-ozone/integration-test/target/test-dir/MiniOzoneClusterImpl-8912d24f-c240-4c97-8da2-3552e928269b/datanode-2/data-0/containers/hdds/8912d24f-c240-4c97-8da2-3552e928269b/DS-c18dd706-4033-4ec2-8f37-a73e91b2c90a/container.db]
2024-01-11 04:03:44,030 [main] INFO  utils.DatanodeStoreCache (DatanodeStoreCache.java:removeDB(110)) - Removed db /home/runner/work/ozone/ozone/hadoop-ozone/integration-test/target/test-dir/MiniOzoneClusterImpl-8912d24f-c240-4c97-8da2-3552e928269b/datanode-2/data-0/containers/hdds/8912d24f-c240-4c97-8da2-3552e928269b/DS-c18dd706-4033-4ec2-8f37-a73e91b2c90a/container.db from cache
2024-01-11 04:03:44,030 [main] INFO  volume.HddsVolume (HddsVolume.java:closeDbStore(451)) - SchemaV3 db is stopped at /home/runner/work/ozone/ozone/hadoop-ozone/integration-test/target/test-dir/MiniOzoneClusterImpl-8912d24f-c240-4c97-8da2-3552e928269b/datanode-2/data-0/containers/hdds/8912d24f-c240-4c97-8da2-3552e928269b/DS-c18dd706-4033-4ec2-8f37-a73e91b2c90a/container.db for volume DS-c18dd706-4033-4ec2-8f37-a73e91b2c90a
2024-01-11 04:03:44,031 [main] INFO  utils.BackgroundService (BackgroundService.java:shutdown(160)) - Shutting down service BlockDeletingService
2024-01-11 04:03:44,031 [main] INFO  utils.BackgroundService (BackgroundService.java:shutdown(160)) - Shutting down service StaleRecoveringContainerScrubbingService
2024-01-11 04:03:44,031 [main] INFO  statemachine.DatanodeStateMachine (DatanodeStateMachine.java:stopDaemon(638)) - Ozone container server stopped.
2024-01-11 04:03:44,033 [main] INFO  handler.ContextHandler (ContextHandler.java:doStop(1159)) - Stopped o.e.j.w.WebAppContext@fd23004{hddsDatanode,/,null,STOPPED}{jar:file:/home/runner/.m2/repository/org/apache/ozone/hdds-container-service/1.5.0-SNAPSHOT/hdds-container-service-1.5.0-SNAPSHOT.jar!/webapps/hddsDatanode}
2024-01-11 04:03:44,033 [main] INFO  server.AbstractConnector (AbstractConnector.java:doStop(383)) - Stopped ServerConnector@7930f408{HTTP/1.1, (http/1.1)}{0.0.0.0:15062}
2024-01-11 04:03:44,033 [main] INFO  server.session (HouseKeeper.java:stopScavenging(149)) - node0 Stopped scavenging
2024-01-11 04:03:44,035 [main] INFO  handler.ContextHandler (ContextHandler.java:doStop(1159)) - Stopped o.e.j.s.ServletContextHandler@67e775b8{static,/static,jar:file:/home/runner/.m2/repository/org/apache/ozone/hdds-container-service/1.5.0-SNAPSHOT/hdds-container-service-1.5.0-SNAPSHOT.jar!/webapps/static,STOPPED}
2024-01-11 04:03:44,035 [main] INFO  handler.ContextHandler (ContextHandler.java:doStop(1159)) - Stopped o.e.j.s.ServletContextHandler@8281628{logs,/logs,file:///home/runner/work/ozone/ozone/hadoop-ozone/integration-test/target/log,STOPPED}
2024-01-11 04:03:44,035 [main] INFO  ozone.HddsDatanodeClientProtocolServer (HddsDatanodeClientProtocolServer.java:stop(78)) - Stopping the RPC server for Client Protocol
2024-01-11 04:03:44,036 [main] INFO  ipc.Server (Server.java:stop(3523)) - Stopping server on 15063
2024-01-11 04:03:44,036 [IPC Server listener on 15063] INFO  ipc.Server (Server.java:run(1434)) - Stopping IPC Server listener on 15063
2024-01-11 04:03:44,036 [IPC Server Responder] INFO  ipc.Server (Server.java:run(1567)) - Stopping IPC Server Responder
2024-01-11 04:03:44,037 [main] INFO  ozone.MiniOzoneClusterImpl (MiniOzoneClusterImpl.java:restartStorageContainerManager(363)) - Restarting SCM in cluster class org.apache.hadoop.ozone.MiniOzoneClusterImpl
2024-01-11 04:03:44,037 [main] INFO  server.StorageContainerManager (StorageContainerManager.java:stop(1654)) - Container Balancer is not running.
2024-01-11 04:03:44,037 [main] INFO  server.StorageContainerManager (StorageContainerManager.java:stopReplicationManager(1787)) - Stopping Replication Manager Service.
2024-01-11 04:03:44,037 [main] INFO  replication.ReplicationManager (ReplicationManager.java:stop(326)) - Stopping Replication Monitor Thread.
2024-01-11 04:03:44,038 [OverReplicatedProcessor] WARN  replication.UnhealthyReplicationProcessor (UnhealthyReplicationProcessor.java:run(180)) - OverReplicatedProcessor interrupted. Exiting...
2024-01-11 04:03:44,038 [UnderReplicatedProcessor] WARN  replication.UnhealthyReplicationProcessor (UnhealthyReplicationProcessor.java:run(180)) - UnderReplicatedProcessor interrupted. Exiting...
2024-01-11 04:03:44,038 [main] INFO  server.StorageContainerManager (StorageContainerManager.java:stop(1663)) - Stopping the Datanode Admin Monitor.
2024-01-11 04:03:44,038 [ReplicationMonitor] INFO  replication.ReplicationManager (ReplicationManager.java:run(933)) - Replication Monitor Thread is stopped
2024-01-11 04:03:44,038 [main] INFO  server.StorageContainerManager (StorageContainerManager.java:stop(1670)) - Stopping datanode service RPC server
2024-01-11 04:03:44,038 [main] INFO  server.SCMDatanodeProtocolServer (SCMDatanodeProtocolServer.java:stop(424)) - Stopping the RPC server for DataNodes
2024-01-11 04:03:44,039 [main] INFO  ipc.Server (Server.java:stop(3523)) - Stopping server on 15037
2024-01-11 04:03:44,040 [IPC Server Responder] INFO  ipc.Server (Server.java:run(1567)) - Stopping IPC Server Responder
2024-01-11 04:03:44,040 [IPC Server listener on 15037] INFO  ipc.Server (Server.java:run(1434)) - Stopping IPC Server listener on 15037
2024-01-11 04:03:44,108 [SCMHeartbeatProcessor-0] WARN  node.NodeStateManager (NodeStateManager.java:scheduleNextHealthCheck(878)) - Current Thread is interrupted, shutting down HB processing thread for Node Manager.
2024-01-11 04:03:44,108 [main] INFO  server.StorageContainerManager (StorageContainerManager.java:stop(1678)) - Stopping block service RPC server
2024-01-11 04:03:44,109 [main] INFO  server.SCMBlockProtocolServer (SCMBlockProtocolServer.java:stop(168)) - Stopping the RPC server for Block Protocol
2024-01-11 04:03:44,109 [main] INFO  ipc.Server (Server.java:stop(3523)) - Stopping server on 15036
2024-01-11 04:03:44,110 [IPC Server listener on 15036] INFO  ipc.Server (Server.java:run(1434)) - Stopping IPC Server listener on 15036
2024-01-11 04:03:44,111 [IPC Server Responder] INFO  ipc.Server (Server.java:run(1567)) - Stopping IPC Server Responder
2024-01-11 04:03:44,111 [main] INFO  server.StorageContainerManager (StorageContainerManager.java:stop(1685)) - Stopping the StorageContainerLocationProtocol RPC server
2024-01-11 04:03:44,111 [main] INFO  server.SCMClientProtocolServer (SCMClientProtocolServer.java:stop(210)) - Stopping the RPC server for Client Protocol
2024-01-11 04:03:44,111 [main] INFO  ipc.Server (Server.java:stop(3523)) - Stopping server on 15035
2024-01-11 04:03:44,113 [IPC Server listener on 15035] INFO  ipc.Server (Server.java:run(1434)) - Stopping IPC Server listener on 15035
2024-01-11 04:03:44,113 [main] INFO  server.StorageContainerManager (StorageContainerManager.java:stop(1692)) - Stopping Storage Container Manager HTTP server.
2024-01-11 04:03:44,113 [IPC Server Responder] INFO  ipc.Server (Server.java:run(1567)) - Stopping IPC Server Responder
2024-01-11 04:03:44,114 [main] INFO  handler.ContextHandler (ContextHandler.java:doStop(1159)) - Stopped o.e.j.w.WebAppContext@3f891bba{scm,/,null,STOPPED}{file:/home/runner/work/ozone/ozone/hadoop-ozone/integration-test/target/test-classes/webapps/scm}
2024-01-11 04:03:44,115 [main] INFO  server.AbstractConnector (AbstractConnector.java:doStop(383)) - Stopped ServerConnector@bf01666{HTTP/1.1, (http/1.1)}{0.0.0.0:15038}
2024-01-11 04:03:44,115 [main] INFO  server.session (HouseKeeper.java:stopScavenging(149)) - node0 Stopped scavenging
2024-01-11 04:03:44,115 [main] INFO  handler.ContextHandler (ContextHandler.java:doStop(1159)) - Stopped o.e.j.s.ServletContextHandler@6b018d1{static,/static,file:///home/runner/work/ozone/ozone/hadoop-ozone/integration-test/target/test-classes/webapps/static,STOPPED}
2024-01-11 04:03:44,116 [main] INFO  handler.ContextHandler (ContextHandler.java:doStop(1159)) - Stopped o.e.j.s.ServletContextHandler@36653d31{logs,/logs,file:///home/runner/work/ozone/ozone/hadoop-ozone/integration-test/target/log,STOPPED}
2024-01-11 04:03:44,116 [main] INFO  server.StorageContainerManager (StorageContainerManager.java:stop(1700)) - Stopping SCM LayoutVersionManager Service.
2024-01-11 04:03:44,116 [main] INFO  server.StorageContainerManager (StorageContainerManager.java:stop(1712)) - Stopping Block Manager Service.
2024-01-11 04:03:44,117 [main] INFO  utils.BackgroundService (BackgroundService.java:shutdown(160)) - Shutting down service SCMBlockDeletingService
2024-01-11 04:03:44,117 [main] INFO  utils.BackgroundService (BackgroundService.java:shutdown(160)) - Shutting down service SCMBlockDeletingService
2024-01-11 04:03:44,117 [main] INFO  server.StorageContainerManager (StorageContainerManager.java:stop(1732)) - Stopping SCM Event Queue.
2024-01-11 04:03:44,117 [JvmPauseMonitor5] INFO  util.JvmPauseMonitor (JvmPauseMonitor.java:run(152)) - JvmPauseMonitor-43bf1331-a289-4555-8d5d-84eb4b3c44c0: Stopped
2024-01-11 04:03:44,118 [main] INFO  server.StorageContainerManager (StorageContainerManager.java:stop(1743)) - Stopping SCM HA services.
2024-01-11 04:03:44,118 [main] INFO  pipeline.BackgroundPipelineCreator (BackgroundPipelineCreator.java:stop(152)) - Stopping RatisPipelineUtilsThread.
2024-01-11 04:03:44,118 [RatisPipelineUtilsThread-0] WARN  pipeline.BackgroundPipelineCreator (BackgroundPipelineCreator.java:run(183)) - RatisPipelineUtilsThread is interrupted.
2024-01-11 04:03:44,118 [main] INFO  BackgroundPipelineScrubber (BackgroundSCMService.java:stop(131)) - Stopping BackgroundPipelineScrubber Service.
2024-01-11 04:03:44,118 [BackgroundPipelineScrubber] WARN  BackgroundPipelineScrubber (BackgroundSCMService.java:run(115)) - BackgroundPipelineScrubber is interrupted, exit
2024-01-11 04:03:44,118 [main] INFO  impl.MetricsSystemImpl (MetricsSystemImpl.java:stop(205)) - HddsDatanode metrics system stopped (again)
2024-01-11 04:03:44,119 [main] WARN  pipeline.BackgroundPipelineCreator (BackgroundPipelineCreator.java:stop(148)) - RatisPipelineUtilsThread is not running, just ignore.
2024-01-11 04:03:44,119 [main] INFO  BackgroundPipelineScrubber (BackgroundSCMService.java:stop(126)) - BackgroundPipelineScrubber Service is not running, skip stop.
2024-01-11 04:03:44,119 [main] INFO  ExpiredContainerReplicaOpScrubber (BackgroundSCMService.java:stop(131)) - Stopping ExpiredContainerReplicaOpScrubber Service.
2024-01-11 04:03:44,119 [ExpiredContainerReplicaOpScrubber] WARN  ExpiredContainerReplicaOpScrubber (BackgroundSCMService.java:run(115)) - ExpiredContainerReplicaOpScrubber is interrupted, exit
2024-01-11 04:03:44,119 [main] INFO  utils.BackgroundService (BackgroundService.java:shutdown(160)) - Shutting down service SCMBlockDeletingService
2024-01-11 04:03:44,119 [main] INFO  replication.ReplicationManager (ReplicationManager.java:stop(336)) - Replication Monitor Thread is not running.
2024-01-11 04:03:44,119 [main] WARN  balancer.ContainerBalancer (ContainerBalancer.java:stop(327)) - Cannot stop Container Balancer because it's not running or stopping
2024-01-11 04:03:44,120 [LeaseManager#LeaseMonitor] WARN  lease.LeaseManager (LeaseManager.java:run(287)) - Lease manager is interrupted. Shutting down...
java.lang.InterruptedException
	at java.util.concurrent.locks.AbstractQueuedSynchronizer.doAcquireSharedNanos(AbstractQueuedSynchronizer.java:1039)
	at java.util.concurrent.locks.AbstractQueuedSynchronizer.tryAcquireSharedNanos(AbstractQueuedSynchronizer.java:1328)
	at java.util.concurrent.Semaphore.tryAcquire(Semaphore.java:409)
	at org.apache.hadoop.ozone.lease.LeaseManager$LeaseMonitor.run(LeaseManager.java:285)
	at java.lang.Thread.run(Thread.java:750)
2024-01-11 04:03:44,120 [main] INFO  server.StorageContainerManager (StorageContainerManager.java:stop(1778)) - Stopping SCM MetadataStore.
2024-01-11 04:03:44,121 [main] WARN  server.ServerUtils (ServerUtils.java:getScmDbDir(155)) - ozone.scm.db.dirs is not configured. We recommend adding this setting. Falling back to ozone.metadata.dirs instead.
2024-01-11 04:03:44,121 [main] INFO  ha.SCMHANodeDetails (SCMHANodeDetails.java:loadSCMHAConfig(207)) - ServiceID for StorageContainerManager is null
2024-01-11 04:03:44,121 [main] INFO  ha.SCMHANodeDetails (SCMHANodeDetails.java:loadSCMHAConfig(212)) - ozone.scm.default.service.id is not defined, falling back to ozone.scm.service.ids to find serviceID for StorageContainerManager if it is HA enabled cluster
2024-01-11 04:03:44,122 [main] WARN  utils.HAUtils (HAUtils.java:getMetaDir(339)) - ozone.scm.db.dirs is not configured. We recommend adding this setting. Falling back to ozone.metadata.dirs instead.
2024-01-11 04:03:44,122 [main] WARN  db.DBStoreBuilder (DBStoreBuilder.java:applyDBDefinition(167)) - ozone.scm.db.dirs is not configured. We recommend adding this setting. Falling back to ozone.metadata.dirs instead.
2024-01-11 04:03:44,149 [main] INFO  net.NodeSchemaLoader (NodeSchemaLoader.java:loadSchemaFromFile(129)) - Loading schema from [jar:file:/home/runner/.m2/repository/org/apache/ozone/hdds-common/1.5.0-SNAPSHOT/hdds-common-1.5.0-SNAPSHOT.jar!/network-topology-default.xml]
2024-01-11 04:03:44,149 [main] INFO  net.NodeSchemaLoader (NodeSchemaLoader.java:loadSchema(176)) - Loading network topology layer schema file
2024-01-11 04:03:44,152 [main] INFO  upgrade.AbstractLayoutVersionManager (AbstractLayoutVersionManager.java:init(83)) - Initializing Layout version manager with metadata layout = HADOOP_PRC_PORTS_IN_DATANODEDETAILS (version = 7), software layout = HADOOP_PRC_PORTS_IN_DATANODEDETAILS (version = 7)
2024-01-11 04:03:44,155 [main] INFO  ha.SequenceIdGenerator (SequenceIdGenerator.java:<init>(241)) - Init the HA SequenceIdGenerator.
2024-01-11 04:03:44,155 [main] WARN  server.ServerUtils (ServerUtils.java:sanitizeUserArgs(80)) - ozone.scm.stale.node.interval value = 300000 is larger than max = 100000 based on the key value of ozone.scm.heartbeat.thread.interval, reset to the max value 100000.
2024-01-11 04:03:44,156 [main] WARN  server.ServerUtils (ServerUtils.java:sanitizeUserArgs(80)) - ozone.scm.stale.node.interval value = 300000 is larger than max = 100000 based on the key value of ozone.scm.heartbeat.thread.interval, reset to the max value 100000.
2024-01-11 04:03:44,156 [main] INFO  node.SCMNodeManager (SCMNodeManager.java:<init>(173)) - Entering startup safe mode.
2024-01-11 04:03:44,156 [main] INFO  algorithms.ContainerPlacementPolicyFactory (ContainerPlacementPolicyFactory.java:getPolicyInternal(86)) - Create container placement policy of type org.apache.hadoop.hdds.scm.container.placement.algorithms.SCMContainerPlacementRackAware
2024-01-11 04:03:44,157 [main] INFO  algorithms.ContainerPlacementPolicyFactory (ContainerPlacementPolicyFactory.java:getPolicyInternal(86)) - Create container placement policy of type org.apache.hadoop.hdds.scm.container.placement.algorithms.SCMContainerPlacementRackScatter
2024-01-11 04:03:44,160 [main] INFO  algorithms.LeaderChoosePolicyFactory (LeaderChoosePolicyFactory.java:getPolicy(57)) - Create leader choose policy of type org.apache.hadoop.hdds.scm.pipeline.leader.choose.algorithms.MinLeaderCountChoosePolicy
2024-01-11 04:03:44,161 [main] INFO  algorithms.ContainerPlacementPolicyFactory (ContainerPlacementPolicyFactory.java:getPolicyInternal(86)) - Create container placement policy of type org.apache.hadoop.hdds.scm.container.placement.algorithms.SCMContainerPlacementRackScatter
2024-01-11 04:03:44,161 [main] INFO  ha.SCMServiceManager (SCMServiceManager.java:register(42)) - Registering service BackgroundPipelineCreator.
2024-01-11 04:03:44,161 [main] INFO  pipeline.BackgroundPipelineCreator (BackgroundPipelineCreator.java:start(127)) - Starting RatisPipelineUtilsThread.
2024-01-11 04:03:44,161 [main] INFO  BackgroundPipelineScrubber (BackgroundSCMService.java:start(68)) - Starting BackgroundPipelineScrubber Service.
2024-01-11 04:03:44,162 [main] INFO  ha.SCMServiceManager (SCMServiceManager.java:register(42)) - Registering service BackgroundPipelineScrubber.
2024-01-11 04:03:44,162 [main] INFO  ExpiredContainerReplicaOpScrubber (BackgroundSCMService.java:start(68)) - Starting ExpiredContainerReplicaOpScrubber Service.
2024-01-11 04:03:44,162 [main] INFO  ha.SCMServiceManager (SCMServiceManager.java:register(42)) - Registering service ExpiredContainerReplicaOpScrubber.
2024-01-11 04:03:44,163 [main] INFO  algorithms.PipelineChoosePolicyFactory (PipelineChoosePolicyFactory.java:createPipelineChoosePolicyFromClass(78)) - Create pipeline choose policy of type org.apache.hadoop.hdds.scm.pipeline.choose.algorithms.RandomPipelineChoosePolicy
2024-01-11 04:03:44,163 [main] INFO  algorithms.PipelineChoosePolicyFactory (PipelineChoosePolicyFactory.java:createPipelineChoosePolicyFromClass(78)) - Create pipeline choose policy of type org.apache.hadoop.hdds.scm.pipeline.choose.algorithms.RandomPipelineChoosePolicy
2024-01-11 04:03:44,164 [main] INFO  ha.SCMServiceManager (SCMServiceManager.java:register(42)) - Registering service SCMBlockDeletingService.
2024-01-11 04:03:44,165 [main] INFO  replication.ReplicationManager (ReplicationManager.java:start(294)) - Starting Replication Monitor Thread.
2024-01-11 04:03:44,166 [ReplicationMonitor] INFO  replication.ReplicationManager (ReplicationManager.java:processAll(369)) - Replication Manager is not ready to run until 3000ms after safemode exit
2024-01-11 04:03:44,166 [main] INFO  ha.SCMServiceManager (SCMServiceManager.java:register(42)) - Registering service ReplicationManager.
2024-01-11 04:03:44,167 [main] INFO  safemode.ContainerSafeModeRule (ContainerSafeModeRule.java:<init>(91)) - containers with one replica threshold count 0
2024-01-11 04:03:44,167 [main] INFO  safemode.HealthyPipelineSafeModeRule (HealthyPipelineSafeModeRule.java:initializeRule(176)) - Total pipeline count is 2, healthy pipeline threshold count is 1
2024-01-11 04:03:44,167 [main] INFO  safemode.OneReplicaPipelineSafeModeRule (OneReplicaPipelineSafeModeRule.java:initializeRule(193)) - Total pipeline count is 2, pipeline's with at least one datanode reported threshold count is 2
2024-01-11 04:03:44,172 [main] INFO  server.StorageContainerManager (StorageContainerManager.java:<init>(440)) - SCM start with adminUsers: [runner]
2024-01-11 04:03:44,172 [main] INFO  ipc.CallQueueManager (CallQueueManager.java:<init>(90)) - Using callQueue: class java.util.concurrent.LinkedBlockingQueue, queueCapacity: 2000, scheduler: class org.apache.hadoop.ipc.DefaultRpcScheduler, ipcBackoff: false.
2024-01-11 04:03:44,173 [main] INFO  ipc.Server (Server.java:<init>(1287)) - Listener at 0.0.0.0:15037
2024-01-11 04:03:44,173 [Socket Reader #1 for port 15037] INFO  ipc.Server (Server.java:run(1323)) - Starting Socket Reader #1 for port 15037
2024-01-11 04:03:44,175 [main] INFO  ipc.CallQueueManager (CallQueueManager.java:<init>(90)) - Using callQueue: class java.util.concurrent.LinkedBlockingQueue, queueCapacity: 2000, scheduler: class org.apache.hadoop.ipc.DefaultRpcScheduler, ipcBackoff: false.
2024-01-11 04:03:44,175 [main] INFO  ipc.Server (Server.java:<init>(1287)) - Listener at 0.0.0.0:15036
2024-01-11 04:03:44,175 [Socket Reader #1 for port 15036] INFO  ipc.Server (Server.java:run(1323)) - Starting Socket Reader #1 for port 15036
2024-01-11 04:03:44,177 [main] INFO  ipc.CallQueueManager (CallQueueManager.java:<init>(90)) - Using callQueue: class java.util.concurrent.LinkedBlockingQueue, queueCapacity: 2000, scheduler: class org.apache.hadoop.ipc.DefaultRpcScheduler, ipcBackoff: false.
2024-01-11 04:03:44,177 [main] INFO  ipc.Server (Server.java:<init>(1287)) - Listener at 0.0.0.0:15035
2024-01-11 04:03:44,178 [Socket Reader #1 for port 15035] INFO  ipc.Server (Server.java:run(1323)) - Starting Socket Reader #1 for port 15035
2024-01-11 04:03:44,185 [main] INFO  ha.SCMServiceManager (SCMServiceManager.java:register(42)) - Registering service ContainerBalancer.
2024-01-11 04:03:44,186 [main] INFO  server.StorageContainerManager (StorageContainerManager.java:<init>(453)) - 
Container Balancer status:
Key                            Value
Running                        false
Container Balancer Configuration values:
Key                                                Value
Threshold                                          10
Max Datanodes to Involve per Iteration(percent)    20
Max Size to Move per Iteration                     500GB
Max Size Entering Target per Iteration             26GB
Max Size Leaving Source per Iteration              26GB
Number of Iterations                               10
Time Limit for Single Container's Movement         65min
Time Limit for Single Container's Replication      50min
Interval between each Iteration                    70min
Whether to Enable Network Topology                 false
Whether to Trigger Refresh Datanode Usage Info     false
Container IDs to Exclude from Balancing            None
Datanodes Specified to be Balanced                 None
Datanodes Excluded from Balancing                  None

2024-01-11 04:03:44,186 [main] INFO  ha.SCMContext (SCMContext.java:updateSafeModeStatus(230)) - Update SafeModeStatus from SafeModeStatus{safeModeStatus=true, preCheckPassed=false} to SafeModeStatus{safeModeStatus=true, preCheckPassed=false}.
2024-01-11 04:03:44,186 [main] INFO  server.StorageContainerManager (StorageContainerManager.java:start(1546)) - StorageContainerLocationProtocol RPC server is listening at /0.0.0.0:15035
2024-01-11 04:03:44,188 [main] WARN  impl.MetricsConfig (MetricsConfig.java:loadFirst(136)) - Cannot locate configuration: tried hadoop-metrics2-storagecontainermanager.properties,hadoop-metrics2.properties
2024-01-11 04:03:44,188 [main] INFO  impl.MetricsSystemImpl (MetricsSystemImpl.java:startTimer(378)) - Scheduled Metric snapshot period at 10 second(s).
2024-01-11 04:03:44,189 [main] INFO  impl.MetricsSystemImpl (MetricsSystemImpl.java:start(191)) - StorageContainerManager metrics system started
2024-01-11 04:03:44,194 [main] INFO  impl.MetricsSinkAdapter (MetricsSinkAdapter.java:start(204)) - Sink prometheus started
2024-01-11 04:03:44,195 [main] INFO  impl.MetricsSystemImpl (MetricsSystemImpl.java:registerSink(305)) - Registered sink prometheus
2024-01-11 04:03:44,204 [main] INFO  lib.Interns (Interns.java:removeEldestEntry(50)) - Metrics intern cache overflow at 2011 for MetricsSystem={MetricsSystem=MetricsInfoImpl{name=MetricsSystem, description=MetricsSystem}, MetricsSystem record=MetricsInfoImpl{name=MetricsSystem, description=MetricsSystem record}}
2024-01-11 04:03:44,224 [main] INFO  server.SCMClientProtocolServer (SCMClientProtocolServer.java:start(201)) - RPC server for Client  is listening at /0.0.0.0:15035
2024-01-11 04:03:44,224 [IPC Server Responder] INFO  ipc.Server (Server.java:run(1562)) - IPC Server Responder: starting
2024-01-11 04:03:44,224 [IPC Server listener on 15035] INFO  ipc.Server (Server.java:run(1402)) - IPC Server listener on 15035: starting
2024-01-11 04:03:44,226 [main] INFO  server.StorageContainerManager (StorageContainerManager.java:start(1559)) - ScmBlockLocationProtocol RPC server is listening at /0.0.0.0:15036
2024-01-11 04:03:44,227 [main] INFO  server.SCMBlockProtocolServer (SCMBlockProtocolServer.java:start(159)) - RPC server for Block Protocol is listening at /0.0.0.0:15036
2024-01-11 04:03:44,227 [IPC Server Responder] INFO  ipc.Server (Server.java:run(1562)) - IPC Server Responder: starting
2024-01-11 04:03:44,227 [IPC Server listener on 15036] INFO  ipc.Server (Server.java:run(1402)) - IPC Server listener on 15036: starting
2024-01-11 04:03:44,229 [main] INFO  server.SCMDatanodeProtocolServer (SCMDatanodeProtocolServer.java:start(193)) - ScmDatanodeProtocol RPC server for DataNodes is listening at /0.0.0.0:15037
2024-01-11 04:03:44,230 [IPC Server Responder] INFO  ipc.Server (Server.java:run(1562)) - IPC Server Responder: starting
2024-01-11 04:03:44,230 [IPC Server listener on 15037] INFO  ipc.Server (Server.java:run(1402)) - IPC Server listener on 15037: starting
2024-01-11 04:03:44,239 [JvmPauseMonitor10] INFO  util.JvmPauseMonitor (JvmPauseMonitor.java:run(146)) - JvmPauseMonitor-43bf1331-a289-4555-8d5d-84eb4b3c44c0: Started
2024-01-11 04:03:44,239 [main] INFO  http.BaseHttpServer (BaseHttpServer.java:newHttpServer2BuilderForOzone(223)) - Starting Web-server for scm at: http://0.0.0.0:15038
2024-01-11 04:03:44,239 [main] INFO  http.BaseHttpServer (BaseHttpServer.java:<init>(110)) - Hadoop Security Enabled: false Ozone Security Enabled: false Ozone HTTP Security Enabled: false 
2024-01-11 04:03:44,240 [main] WARN  server.AuthenticationFilter (AuthenticationFilter.java:constructSecretProvider(240)) - Unable to initialize FileSignerSecretProvider, falling back to use random secrets. Reason: Could not read signature secret file: /home/runner/hadoop-http-auth-signature-secret
2024-01-11 04:03:44,241 [main] INFO  http.HttpRequestLog (HttpRequestLog.java:getRequestLog(86)) - Http request log for http.requests.scm is not defined
2024-01-11 04:03:44,243 [main] INFO  http.HttpServer2 (HttpServer2.java:addGlobalFilter(1036)) - Added global filter 'safety' (class=org.apache.hadoop.hdds.server.http.HttpServer2$QuotingInputFilter)
2024-01-11 04:03:44,243 [main] INFO  http.HttpServer2 (HttpServer2.java:addFilter(1012)) - Added filter static_user_filter (class=org.apache.hadoop.http.lib.StaticUserWebFilter$StaticUserFilter) to context scm
2024-01-11 04:03:44,244 [main] INFO  http.HttpServer2 (HttpServer2.java:addFilter(1020)) - Added filter static_user_filter (class=org.apache.hadoop.http.lib.StaticUserWebFilter$StaticUserFilter) to context static
2024-01-11 04:03:44,244 [main] INFO  http.HttpServer2 (HttpServer2.java:addFilter(1020)) - Added filter static_user_filter (class=org.apache.hadoop.http.lib.StaticUserWebFilter$StaticUserFilter) to context logs
2024-01-11 04:03:44,245 [main] INFO  http.BaseHttpServer (BaseHttpServer.java:<init>(189)) - HTTP server of scm uses base directory /home/runner/work/ozone/ozone/hadoop-ozone/integration-test/target/test-dir/MiniOzoneClusterImpl-8912d24f-c240-4c97-8da2-3552e928269b/ozone-meta/webserver
2024-01-11 04:03:44,245 [main] INFO  http.HttpServer2 (HttpServer2.java:bindListener(1236)) - Jetty bound to port 15038
2024-01-11 04:03:44,245 [main] INFO  server.Server (Server.java:doStart(375)) - jetty-9.4.53.v20231009; built: 2023-10-09T12:29:09.265Z; git: 27bde00a0b95a1d5bbee0eae7984f891d2d0f8c9; jvm 1.8.0_392-b08
2024-01-11 04:03:44,246 [main] INFO  server.session (DefaultSessionIdManager.java:doStart(334)) - DefaultSessionIdManager workerName=node0
2024-01-11 04:03:44,247 [main] INFO  server.session (DefaultSessionIdManager.java:doStart(339)) - No SessionScavenger set, using defaults
2024-01-11 04:03:44,247 [main] INFO  server.session (HouseKeeper.java:startScavenging(132)) - node0 Scavenging every 600000ms
2024-01-11 04:03:44,248 [main] INFO  handler.ContextHandler (ContextHandler.java:doStart(921)) - Started o.e.j.s.ServletContextHandler@a0c5be{logs,/logs,file:///home/runner/work/ozone/ozone/hadoop-ozone/integration-test/target/log,AVAILABLE}
2024-01-11 04:03:44,248 [main] INFO  handler.ContextHandler (ContextHandler.java:doStart(921)) - Started o.e.j.s.ServletContextHandler@14efa279{static,/static,file:///home/runner/work/ozone/ozone/hadoop-ozone/integration-test/target/test-classes/webapps/static,AVAILABLE}
2024-01-11 04:03:44,251 [main] INFO  handler.ContextHandler (ContextHandler.java:doStart(921)) - Started o.e.j.w.WebAppContext@5a4d4f9c{scm,/,file:///home/runner/work/ozone/ozone/hadoop-ozone/integration-test/target/test-classes/webapps/scm/,AVAILABLE}{file:/home/runner/work/ozone/ozone/hadoop-ozone/integration-test/target/test-classes/webapps/scm}
2024-01-11 04:03:44,254 [main] INFO  server.AbstractConnector (AbstractConnector.java:doStart(333)) - Started ServerConnector@7f3c0399{HTTP/1.1, (http/1.1)}{0.0.0.0:15038}
2024-01-11 04:03:44,254 [main] INFO  server.Server (Server.java:doStart(415)) - Started @42107ms
2024-01-11 04:03:44,254 [main] WARN  impl.MetricsSystemImpl (MetricsSystemImpl.java:register(279)) - Sink prometheus already exists!
2024-01-11 04:03:44,255 [main] INFO  http.BaseHttpServer (BaseHttpServer.java:updateConnectorAddress(354)) - HTTP server of scm listening at http://0.0.0.0:15038
2024-01-11 04:03:44,261 [IPC Server handler 7 on default port 15039] INFO  retry.RetryInvocationHandler (RetryInvocationHandler.java:log(422)) - com.google.protobuf.ServiceException: java.io.EOFException: End of File Exception between local host is: "fv-az1458-636/10.1.0.34"; destination host is: "0.0.0.0":15035; : java.io.EOFException; For more details see:  http://wiki.apache.org/hadoop/EOFException, while invoking $Proxy45.submitRequest over nodeId=scmNodeId,nodeAddress=/0.0.0.0:15035. Trying to failover after sleeping for 2000ms. Current retry count: 0.
2024-01-11 04:03:46,268 [IPC Server handler 1 on default port 15035] INFO  safemode.SCMSafeModeManager (SCMSafeModeManager.java:exitSafeMode(244)) - SCM exiting safe mode.
2024-01-11 04:03:46,268 [IPC Server handler 1 on default port 15035] INFO  ha.SCMContext (SCMContext.java:updateSafeModeStatus(230)) - Update SafeModeStatus from SafeModeStatus{safeModeStatus=true, preCheckPassed=false} to SafeModeStatus{safeModeStatus=false, preCheckPassed=true}.
2024-01-11 04:03:46,268 [IPC Server handler 1 on default port 15035] INFO  pipeline.BackgroundPipelineCreator (BackgroundPipelineCreator.java:notifyStatusChanged(258)) - Service BackgroundPipelineCreator transitions to RUNNING.
2024-01-11 04:03:46,268 [IPC Server handler 1 on default port 15035] INFO  BackgroundPipelineScrubber (BackgroundSCMService.java:notifyStatusChanged(82)) - Service BackgroundPipelineScrubber transitions to RUNNING.
2024-01-11 04:03:46,268 [IPC Server handler 1 on default port 15035] INFO  ExpiredContainerReplicaOpScrubber (BackgroundSCMService.java:notifyStatusChanged(82)) - Service ExpiredContainerReplicaOpScrubber transitions to RUNNING.
2024-01-11 04:03:46,269 [IPC Server handler 1 on default port 15035] INFO  block.SCMBlockDeletingService (SCMBlockDeletingService.java:notifyStatusChanged(247)) - notifyStatusChanged:RUNNING
2024-01-11 04:03:46,269 [IPC Server handler 1 on default port 15035] INFO  replication.ReplicationManager (ReplicationManager.java:notifyStatusChanged(1401)) - Service ReplicationManager transitions to RUNNING.
2024-01-11 04:03:46,269 [IPC Server handler 1 on default port 15035] WARN  balancer.ContainerBalancer (ContainerBalancer.java:shouldRun(134)) - Could not find persisted configuration for ContainerBalancer when checking if ContainerBalancer should run. ContainerBalancer should not run now.
2024-01-11 04:03:46,274 [main] WARN  node.SCMNodeManager (SCMNodeManager.java:minHealthyVolumeNum(1200)) - Cannot generate NodeStat, datanode 8656a35e-0084-4fca-b387-4ce1151a6fbb not found.
2024-01-11 04:03:46,275 [main] WARN  node.SCMNodeManager (SCMNodeManager.java:minHealthyVolumeNum(1200)) - Cannot generate NodeStat, datanode 719c3446-6328-4d08-9922-2d459786fd6c not found.
2024-01-11 04:03:46,275 [main] WARN  node.SCMNodeManager (SCMNodeManager.java:minHealthyVolumeNum(1200)) - Cannot generate NodeStat, datanode df850d10-9c85-4972-b407-c0325fc6d584 not found.
2024-01-11 04:03:46,275 [main] WARN  container.ContainerManagerImpl (ContainerManagerImpl.java:getMatchingContainer(344)) - Container allocation failed on pipeline=Pipeline[ Id: 777b88da-baa3-4926-8e81-81fa45f9e5d4, Nodes: 8656a35e-0084-4fca-b387-4ce1151a6fbb(fv-az1458-636/10.1.0.34)719c3446-6328-4d08-9922-2d459786fd6c(fv-az1458-636/10.1.0.34)df850d10-9c85-4972-b407-c0325fc6d584(fv-az1458-636/10.1.0.34), ReplicationConfig: RATIS/THREE, State:OPEN, leaderId:df850d10-9c85-4972-b407-c0325fc6d584, CreationTimestamp2024-01-11T04:03:44.160Z[Etc/UTC]]
java.lang.IllegalArgumentException
	at com.google.common.base.Preconditions.checkArgument(Preconditions.java:129)
	at org.apache.hadoop.hdds.scm.node.SCMNodeManager.minHealthyVolumeNum(SCMNodeManager.java:1204)
	at org.apache.hadoop.hdds.scm.pipeline.PipelineManagerImpl.minHealthyVolumeNum(PipelineManagerImpl.java:669)
	at org.apache.hadoop.hdds.scm.container.ContainerManagerImpl.getOpenContainerCountPerPipeline(ContainerManagerImpl.java:351)
	at org.apache.hadoop.hdds.scm.container.ContainerManagerImpl.getMatchingContainer(ContainerManagerImpl.java:331)
	at org.apache.hadoop.hdds.scm.pipeline.WritableRatisContainerProvider.selectContainer(WritableRatisContainerProvider.java:193)
	at org.apache.hadoop.hdds.scm.pipeline.WritableRatisContainerProvider.getContainer(WritableRatisContainerProvider.java:163)
	at org.apache.hadoop.hdds.scm.pipeline.WritableRatisContainerProvider.getContainer(WritableRatisContainerProvider.java:92)
	at org.apache.hadoop.hdds.scm.pipeline.WritableContainerFactory.getContainer(WritableContainerFactory.java:74)
	at org.apache.hadoop.fs.ozone.TestSafeMode.lambda$testSafeMode$0(TestSafeMode.java:123)
	at org.junit.jupiter.api.AssertThrows.assertThrows(AssertThrows.java:53)
	at org.junit.jupiter.api.AssertThrows.assertThrows(AssertThrows.java:35)
	at org.junit.jupiter.api.Assertions.assertThrows(Assertions.java:3115)
	at org.apache.hadoop.fs.ozone.TestSafeMode.testSafeMode(TestSafeMode.java:121)
	at org.apache.hadoop.fs.ozone.TestSafeMode.o3fs(TestSafeMode.java:97)
	at sun.reflect.NativeMethodAccessorImpl.invoke0(Native Method)
	at sun.reflect.NativeMethodAccessorImpl.invoke(NativeMethodAccessorImpl.java:62)
	at sun.reflect.DelegatingMethodAccessorImpl.invoke(DelegatingMethodAccessorImpl.java:43)
	at java.lang.reflect.Method.invoke(Method.java:498)
	at org.junit.platform.commons.util.ReflectionUtils.invokeMethod(ReflectionUtils.java:728)
	at org.junit.jupiter.engine.execution.MethodInvocation.proceed(MethodInvocation.java:60)
	at org.junit.jupiter.engine.execution.InvocationInterceptorChain$ValidatingInvocation.proceed(InvocationInterceptorChain.java:131)
	at org.junit.jupiter.engine.extension.SameThreadTimeoutInvocation.proceed(SameThreadTimeoutInvocation.java:45)
	at org.junit.jupiter.engine.extension.TimeoutExtension.intercept(TimeoutExtension.java:156)
	at org.junit.jupiter.engine.extension.TimeoutExtension.interceptTestableMethod(TimeoutExtension.java:147)
	at org.junit.jupiter.engine.extension.TimeoutExtension.interceptTestMethod(TimeoutExtension.java:86)
	at org.junit.jupiter.engine.execution.InterceptingExecutableInvoker$ReflectiveInterceptorCall.lambda$ofVoidMethod$0(InterceptingExecutableInvoker.java:103)
	at org.junit.jupiter.engine.execution.InterceptingExecutableInvoker.lambda$invoke$0(InterceptingExecutableInvoker.java:93)
	at org.junit.jupiter.engine.execution.InvocationInterceptorChain$InterceptedInvocation.proceed(InvocationInterceptorChain.java:106)
	at org.junit.jupiter.engine.execution.InvocationInterceptorChain.proceed(InvocationInterceptorChain.java:64)
	at org.junit.jupiter.engine.execution.InvocationInterceptorChain.chainAndInvoke(InvocationInterceptorChain.java:45)
	at org.junit.jupiter.engine.execution.InvocationInterceptorChain.invoke(InvocationInterceptorChain.java:37)
	at org.junit.jupiter.engine.execution.InterceptingExecutableInvoker.invoke(InterceptingExecutableInvoker.java:92)
	at org.junit.jupiter.engine.execution.InterceptingExecutableInvoker.invoke(InterceptingExecutableInvoker.java:86)
	at org.junit.jupiter.engine.descriptor.TestMethodTestDescriptor.lambda$invokeTestMethod$7(TestMethodTestDescriptor.java:218)
	at org.junit.platform.engine.support.hierarchical.ThrowableCollector.execute(ThrowableCollector.java:73)
	at org.junit.jupiter.engine.descriptor.TestMethodTestDescriptor.invokeTestMethod(TestMethodTestDescriptor.java:214)
	at org.junit.jupiter.engine.descriptor.TestMethodTestDescriptor.execute(TestMethodTestDescriptor.java:139)
	at org.junit.jupiter.engine.descriptor.TestMethodTestDescriptor.execute(TestMethodTestDescriptor.java:69)
	at org.junit.platform.engine.support.hierarchical.NodeTestTask.lambda$executeRecursively$6(NodeTestTask.java:151)
	at org.junit.platform.engine.support.hierarchical.ThrowableCollector.execute(ThrowableCollector.java:73)
	at org.junit.platform.engine.support.hierarchical.NodeTestTask.lambda$executeRecursively$8(NodeTestTask.java:141)
	at org.junit.platform.engine.support.hierarchical.Node.around(Node.java:137)
	at org.junit.platform.engine.support.hierarchical.NodeTestTask.lambda$executeRecursively$9(NodeTestTask.java:139)
	at org.junit.platform.engine.support.hierarchical.ThrowableCollector.execute(ThrowableCollector.java:73)
	at org.junit.platform.engine.support.hierarchical.NodeTestTask.executeRecursively(NodeTestTask.java:138)
	at org.junit.platform.engine.support.hierarchical.NodeTestTask.execute(NodeTestTask.java:95)
	at java.util.ArrayList.forEach(ArrayList.java:1259)
	at org.junit.platform.engine.support.hierarchical.SameThreadHierarchicalTestExecutorService.invokeAll(SameThreadHierarchicalTestExecutorService.java:41)
	at org.junit.platform.engine.support.hierarchical.NodeTestTask.lambda$executeRecursively$6(NodeTestTask.java:155)
	at org.junit.platform.engine.support.hierarchical.ThrowableCollector.execute(ThrowableCollector.java:73)
	at org.junit.platform.engine.support.hierarchical.NodeTestTask.lambda$executeRecursively$8(NodeTestTask.java:141)
	at org.junit.platform.engine.support.hierarchical.Node.around(Node.java:137)
	at org.junit.platform.engine.support.hierarchical.NodeTestTask.lambda$executeRecursively$9(NodeTestTask.java:139)
	at org.junit.platform.engine.support.hierarchical.ThrowableCollector.execute(ThrowableCollector.java:73)
	at org.junit.platform.engine.support.hierarchical.NodeTestTask.executeRecursively(NodeTestTask.java:138)
	at org.junit.platform.engine.support.hierarchical.NodeTestTask.execute(NodeTestTask.java:95)
	at java.util.ArrayList.forEach(ArrayList.java:1259)
	at org.junit.platform.engine.support.hierarchical.SameThreadHierarchicalTestExecutorService.invokeAll(SameThreadHierarchicalTestExecutorService.java:41)
	at org.junit.platform.engine.support.hierarchical.NodeTestTask.lambda$executeRecursively$6(NodeTestTask.java:155)
	at org.junit.platform.engine.support.hierarchical.ThrowableCollector.execute(ThrowableCollector.java:73)
	at org.junit.platform.engine.support.hierarchical.NodeTestTask.lambda$executeRecursively$8(NodeTestTask.java:141)
	at org.junit.platform.engine.support.hierarchical.Node.around(Node.java:137)
	at org.junit.platform.engine.support.hierarchical.NodeTestTask.lambda$executeRecursively$9(NodeTestTask.java:139)
	at org.junit.platform.engine.support.hierarchical.ThrowableCollector.execute(ThrowableCollector.java:73)
	at org.junit.platform.engine.support.hierarchical.NodeTestTask.executeRecursively(NodeTestTask.java:138)
	at org.junit.platform.engine.support.hierarchical.NodeTestTask.execute(NodeTestTask.java:95)
	at org.junit.platform.engine.support.hierarchical.SameThreadHierarchicalTestExecutorService.submit(SameThreadHierarchicalTestExecutorService.java:35)
	at org.junit.platform.engine.support.hierarchical.HierarchicalTestExecutor.execute(HierarchicalTestExecutor.java:57)
	at org.junit.platform.engine.support.hierarchical.HierarchicalTestEngine.execute(HierarchicalTestEngine.java:54)
	at org.junit.platform.launcher.core.EngineExecutionOrchestrator.execute(EngineExecutionOrchestrator.java:198)
	at org.junit.platform.launcher.core.EngineExecutionOrchestrator.execute(EngineExecutionOrchestrator.java:169)
	at org.junit.platform.launcher.core.EngineExecutionOrchestrator.execute(EngineExecutionOrchestrator.java:93)
	at org.junit.platform.launcher.core.EngineExecutionOrchestrator.lambda$execute$0(EngineExecutionOrchestrator.java:58)
	at org.junit.platform.launcher.core.EngineExecutionOrchestrator.withInterceptedStreams(EngineExecutionOrchestrator.java:141)
	at org.junit.platform.launcher.core.EngineExecutionOrchestrator.execute(EngineExecutionOrchestrator.java:57)
	at org.junit.platform.launcher.core.DefaultLauncher.execute(DefaultLauncher.java:103)
	at org.junit.platform.launcher.core.DefaultLauncher.execute(DefaultLauncher.java:85)
	at org.junit.platform.launcher.core.DelegatingLauncher.execute(DelegatingLauncher.java:47)
	at org.apache.maven.surefire.junitplatform.LazyLauncher.execute(LazyLauncher.java:56)
	at org.apache.maven.surefire.junitplatform.JUnitPlatformProvider.execute(JUnitPlatformProvider.java:184)
	at org.apache.maven.surefire.junitplatform.JUnitPlatformProvider.invokeAllTests(JUnitPlatformProvider.java:148)
	at org.apache.maven.surefire.junitplatform.JUnitPlatformProvider.invoke(JUnitPlatformProvider.java:120)
	at org.apache.maven.surefire.booter.ForkedBooter.runSuitesInProcess(ForkedBooter.java:385)
	at org.apache.maven.surefire.booter.ForkedBooter.execute(ForkedBooter.java:162)
	at org.apache.maven.surefire.booter.ForkedBooter.run(ForkedBooter.java:507)
	at org.apache.maven.surefire.booter.ForkedBooter.main(ForkedBooter.java:495)
2024-01-11 04:03:46,276 [main] WARN  node.SCMNodeManager (SCMNodeManager.java:minHealthyVolumeNum(1200)) - Cannot generate NodeStat, datanode 719c3446-6328-4d08-9922-2d459786fd6c not found.
2024-01-11 04:03:46,277 [main] WARN  node.SCMNodeManager (SCMNodeManager.java:minHealthyVolumeNum(1200)) - Cannot generate NodeStat, datanode 8656a35e-0084-4fca-b387-4ce1151a6fbb not found.
2024-01-11 04:03:46,277 [main] WARN  node.SCMNodeManager (SCMNodeManager.java:minHealthyVolumeNum(1200)) - Cannot generate NodeStat, datanode df850d10-9c85-4972-b407-c0325fc6d584 not found.
2024-01-11 04:03:46,277 [main] WARN  container.ContainerManagerImpl (ContainerManagerImpl.java:getMatchingContainer(344)) - Container allocation failed on pipeline=Pipeline[ Id: f4a60787-be55-4684-be27-85a4241d4f1d, Nodes: 719c3446-6328-4d08-9922-2d459786fd6c(fv-az1458-636/10.1.0.34)8656a35e-0084-4fca-b387-4ce1151a6fbb(fv-az1458-636/10.1.0.34)df850d10-9c85-4972-b407-c0325fc6d584(fv-az1458-636/10.1.0.34), ReplicationConfig: RATIS/THREE, State:OPEN, leaderId:8656a35e-0084-4fca-b387-4ce1151a6fbb, CreationTimestamp2024-01-11T04:03:44.160Z[Etc/UTC]]
java.lang.IllegalArgumentException
	at com.google.common.base.Preconditions.checkArgument(Preconditions.java:129)
	at org.apache.hadoop.hdds.scm.node.SCMNodeManager.minHealthyVolumeNum(SCMNodeManager.java:1204)
	at org.apache.hadoop.hdds.scm.pipeline.PipelineManagerImpl.minHealthyVolumeNum(PipelineManagerImpl.java:669)
	at org.apache.hadoop.hdds.scm.container.ContainerManagerImpl.getOpenContainerCountPerPipeline(ContainerManagerImpl.java:351)
	at org.apache.hadoop.hdds.scm.container.ContainerManagerImpl.getMatchingContainer(ContainerManagerImpl.java:331)
	at org.apache.hadoop.hdds.scm.pipeline.WritableRatisContainerProvider.selectContainer(WritableRatisContainerProvider.java:193)
	at org.apache.hadoop.hdds.scm.pipeline.WritableRatisContainerProvider.getContainer(WritableRatisContainerProvider.java:163)
	at org.apache.hadoop.hdds.scm.pipeline.WritableRatisContainerProvider.getContainer(WritableRatisContainerProvider.java:92)
	at org.apache.hadoop.hdds.scm.pipeline.WritableContainerFactory.getContainer(WritableContainerFactory.java:74)
	at org.apache.hadoop.fs.ozone.TestSafeMode.lambda$testSafeMode$0(TestSafeMode.java:123)
	at org.junit.jupiter.api.AssertThrows.assertThrows(AssertThrows.java:53)
	at org.junit.jupiter.api.AssertThrows.assertThrows(AssertThrows.java:35)
	at org.junit.jupiter.api.Assertions.assertThrows(Assertions.java:3115)
	at org.apache.hadoop.fs.ozone.TestSafeMode.testSafeMode(TestSafeMode.java:121)
	at org.apache.hadoop.fs.ozone.TestSafeMode.o3fs(TestSafeMode.java:97)
	at sun.reflect.NativeMethodAccessorImpl.invoke0(Native Method)
	at sun.reflect.NativeMethodAccessorImpl.invoke(NativeMethodAccessorImpl.java:62)
	at sun.reflect.DelegatingMethodAccessorImpl.invoke(DelegatingMethodAccessorImpl.java:43)
	at java.lang.reflect.Method.invoke(Method.java:498)
	at org.junit.platform.commons.util.ReflectionUtils.invokeMethod(ReflectionUtils.java:728)
	at org.junit.jupiter.engine.execution.MethodInvocation.proceed(MethodInvocation.java:60)
	at org.junit.jupiter.engine.execution.InvocationInterceptorChain$ValidatingInvocation.proceed(InvocationInterceptorChain.java:131)
	at org.junit.jupiter.engine.extension.SameThreadTimeoutInvocation.proceed(SameThreadTimeoutInvocation.java:45)
	at org.junit.jupiter.engine.extension.TimeoutExtension.intercept(TimeoutExtension.java:156)
	at org.junit.jupiter.engine.extension.TimeoutExtension.interceptTestableMethod(TimeoutExtension.java:147)
	at org.junit.jupiter.engine.extension.TimeoutExtension.interceptTestMethod(TimeoutExtension.java:86)
	at org.junit.jupiter.engine.execution.InterceptingExecutableInvoker$ReflectiveInterceptorCall.lambda$ofVoidMethod$0(InterceptingExecutableInvoker.java:103)
	at org.junit.jupiter.engine.execution.InterceptingExecutableInvoker.lambda$invoke$0(InterceptingExecutableInvoker.java:93)
	at org.junit.jupiter.engine.execution.InvocationInterceptorChain$InterceptedInvocation.proceed(InvocationInterceptorChain.java:106)
	at org.junit.jupiter.engine.execution.InvocationInterceptorChain.proceed(InvocationInterceptorChain.java:64)
	at org.junit.jupiter.engine.execution.InvocationInterceptorChain.chainAndInvoke(InvocationInterceptorChain.java:45)
	at org.junit.jupiter.engine.execution.InvocationInterceptorChain.invoke(InvocationInterceptorChain.java:37)
	at org.junit.jupiter.engine.execution.InterceptingExecutableInvoker.invoke(InterceptingExecutableInvoker.java:92)
	at org.junit.jupiter.engine.execution.InterceptingExecutableInvoker.invoke(InterceptingExecutableInvoker.java:86)
	at org.junit.jupiter.engine.descriptor.TestMethodTestDescriptor.lambda$invokeTestMethod$7(TestMethodTestDescriptor.java:218)
	at org.junit.platform.engine.support.hierarchical.ThrowableCollector.execute(ThrowableCollector.java:73)
	at org.junit.jupiter.engine.descriptor.TestMethodTestDescriptor.invokeTestMethod(TestMethodTestDescriptor.java:214)
	at org.junit.jupiter.engine.descriptor.TestMethodTestDescriptor.execute(TestMethodTestDescriptor.java:139)
	at org.junit.jupiter.engine.descriptor.TestMethodTestDescriptor.execute(TestMethodTestDescriptor.java:69)
	at org.junit.platform.engine.support.hierarchical.NodeTestTask.lambda$executeRecursively$6(NodeTestTask.java:151)
	at org.junit.platform.engine.support.hierarchical.ThrowableCollector.execute(ThrowableCollector.java:73)
	at org.junit.platform.engine.support.hierarchical.NodeTestTask.lambda$executeRecursively$8(NodeTestTask.java:141)
	at org.junit.platform.engine.support.hierarchical.Node.around(Node.java:137)
	at org.junit.platform.engine.support.hierarchical.NodeTestTask.lambda$executeRecursively$9(NodeTestTask.java:139)
	at org.junit.platform.engine.support.hierarchical.ThrowableCollector.execute(ThrowableCollector.java:73)
	at org.junit.platform.engine.support.hierarchical.NodeTestTask.executeRecursively(NodeTestTask.java:138)
	at org.junit.platform.engine.support.hierarchical.NodeTestTask.execute(NodeTestTask.java:95)
	at java.util.ArrayList.forEach(ArrayList.java:1259)
	at org.junit.platform.engine.support.hierarchical.SameThreadHierarchicalTestExecutorService.invokeAll(SameThreadHierarchicalTestExecutorService.java:41)
	at org.junit.platform.engine.support.hierarchical.NodeTestTask.lambda$executeRecursively$6(NodeTestTask.java:155)
	at org.junit.platform.engine.support.hierarchical.ThrowableCollector.execute(ThrowableCollector.java:73)
	at org.junit.platform.engine.support.hierarchical.NodeTestTask.lambda$executeRecursively$8(NodeTestTask.java:141)
	at org.junit.platform.engine.support.hierarchical.Node.around(Node.java:137)
	at org.junit.platform.engine.support.hierarchical.NodeTestTask.lambda$executeRecursively$9(NodeTestTask.java:139)
	at org.junit.platform.engine.support.hierarchical.ThrowableCollector.execute(ThrowableCollector.java:73)
	at org.junit.platform.engine.support.hierarchical.NodeTestTask.executeRecursively(NodeTestTask.java:138)
	at org.junit.platform.engine.support.hierarchical.NodeTestTask.execute(NodeTestTask.java:95)
	at java.util.ArrayList.forEach(ArrayList.java:1259)
	at org.junit.platform.engine.support.hierarchical.SameThreadHierarchicalTestExecutorService.invokeAll(SameThreadHierarchicalTestExecutorService.java:41)
	at org.junit.platform.engine.support.hierarchical.NodeTestTask.lambda$executeRecursively$6(NodeTestTask.java:155)
	at org.junit.platform.engine.support.hierarchical.ThrowableCollector.execute(ThrowableCollector.java:73)
	at org.junit.platform.engine.support.hierarchical.NodeTestTask.lambda$executeRecursively$8(NodeTestTask.java:141)
	at org.junit.platform.engine.support.hierarchical.Node.around(Node.java:137)
	at org.junit.platform.engine.support.hierarchical.NodeTestTask.lambda$executeRecursively$9(NodeTestTask.java:139)
	at org.junit.platform.engine.support.hierarchical.ThrowableCollector.execute(ThrowableCollector.java:73)
	at org.junit.platform.engine.support.hierarchical.NodeTestTask.executeRecursively(NodeTestTask.java:138)
	at org.junit.platform.engine.support.hierarchical.NodeTestTask.execute(NodeTestTask.java:95)
	at org.junit.platform.engine.support.hierarchical.SameThreadHierarchicalTestExecutorService.submit(SameThreadHierarchicalTestExecutorService.java:35)
	at org.junit.platform.engine.support.hierarchical.HierarchicalTestExecutor.execute(HierarchicalTestExecutor.java:57)
	at org.junit.platform.engine.support.hierarchical.HierarchicalTestEngine.execute(HierarchicalTestEngine.java:54)
	at org.junit.platform.launcher.core.EngineExecutionOrchestrator.execute(EngineExecutionOrchestrator.java:198)
	at org.junit.platform.launcher.core.EngineExecutionOrchestrator.execute(EngineExecutionOrchestrator.java:169)
	at org.junit.platform.launcher.core.EngineExecutionOrchestrator.execute(EngineExecutionOrchestrator.java:93)
	at org.junit.platform.launcher.core.EngineExecutionOrchestrator.lambda$execute$0(EngineExecutionOrchestrator.java:58)
	at org.junit.platform.launcher.core.EngineExecutionOrchestrator.withInterceptedStreams(EngineExecutionOrchestrator.java:141)
	at org.junit.platform.launcher.core.EngineExecutionOrchestrator.execute(EngineExecutionOrchestrator.java:57)
	at org.junit.platform.launcher.core.DefaultLauncher.execute(DefaultLauncher.java:103)
	at org.junit.platform.launcher.core.DefaultLauncher.execute(DefaultLauncher.java:85)
	at org.junit.platform.launcher.core.DelegatingLauncher.execute(DelegatingLauncher.java:47)
	at org.apache.maven.surefire.junitplatform.LazyLauncher.execute(LazyLauncher.java:56)
	at org.apache.maven.surefire.junitplatform.JUnitPlatformProvider.execute(JUnitPlatformProvider.java:184)
	at org.apache.maven.surefire.junitplatform.JUnitPlatformProvider.invokeAllTests(JUnitPlatformProvider.java:148)
	at org.apache.maven.surefire.junitplatform.JUnitPlatformProvider.invoke(JUnitPlatformProvider.java:120)
	at org.apache.maven.surefire.booter.ForkedBooter.runSuitesInProcess(ForkedBooter.java:385)
	at org.apache.maven.surefire.booter.ForkedBooter.execute(ForkedBooter.java:162)
	at org.apache.maven.surefire.booter.ForkedBooter.run(ForkedBooter.java:507)
	at org.apache.maven.surefire.booter.ForkedBooter.main(ForkedBooter.java:495)
2024-01-11 04:03:46,279 [main] WARN  pipeline.WritableRatisContainerProvider (WritableRatisContainerProvider.java:getContainer(106)) - Pipeline creation failed for repConfig RATIS/THREE Datanodes may be used up. Try to see if any pipeline is in ALLOCATED state, and then will wait for it to be OPEN
org.apache.hadoop.hdds.scm.exceptions.SCMException: Ratis pipeline number meets the limit: 3 replicationConfig : RATIS/THREE
	at org.apache.hadoop.hdds.scm.pipeline.RatisPipelineProvider.create(RatisPipelineProvider.java:153)
	at org.apache.hadoop.hdds.scm.pipeline.RatisPipelineProvider.create(RatisPipelineProvider.java:57)
	at org.apache.hadoop.hdds.scm.pipeline.PipelineFactory.create(PipelineFactory.java:89)
	at org.apache.hadoop.hdds.scm.pipeline.PipelineManagerImpl.createPipeline(PipelineManagerImpl.java:255)
	at org.apache.hadoop.hdds.scm.pipeline.PipelineManagerImpl.createPipeline(PipelineManagerImpl.java:241)
	at org.apache.hadoop.hdds.scm.pipeline.WritableRatisContainerProvider.getContainer(WritableRatisContainerProvider.java:100)
	at org.apache.hadoop.hdds.scm.pipeline.WritableContainerFactory.getContainer(WritableContainerFactory.java:74)
	at org.apache.hadoop.fs.ozone.TestSafeMode.lambda$testSafeMode$0(TestSafeMode.java:123)
	at org.junit.jupiter.api.AssertThrows.assertThrows(AssertThrows.java:53)
	at org.junit.jupiter.api.AssertThrows.assertThrows(AssertThrows.java:35)
	at org.junit.jupiter.api.Assertions.assertThrows(Assertions.java:3115)
	at org.apache.hadoop.fs.ozone.TestSafeMode.testSafeMode(TestSafeMode.java:121)
	at org.apache.hadoop.fs.ozone.TestSafeMode.o3fs(TestSafeMode.java:97)
	at sun.reflect.NativeMethodAccessorImpl.invoke0(Native Method)
	at sun.reflect.NativeMethodAccessorImpl.invoke(NativeMethodAccessorImpl.java:62)
	at sun.reflect.DelegatingMethodAccessorImpl.invoke(DelegatingMethodAccessorImpl.java:43)
	at java.lang.reflect.Method.invoke(Method.java:498)
	at org.junit.platform.commons.util.ReflectionUtils.invokeMethod(ReflectionUtils.java:728)
	at org.junit.jupiter.engine.execution.MethodInvocation.proceed(MethodInvocation.java:60)
	at org.junit.jupiter.engine.execution.InvocationInterceptorChain$ValidatingInvocation.proceed(InvocationInterceptorChain.java:131)
	at org.junit.jupiter.engine.extension.SameThreadTimeoutInvocation.proceed(SameThreadTimeoutInvocation.java:45)
	at org.junit.jupiter.engine.extension.TimeoutExtension.intercept(TimeoutExtension.java:156)
	at org.junit.jupiter.engine.extension.TimeoutExtension.interceptTestableMethod(TimeoutExtension.java:147)
	at org.junit.jupiter.engine.extension.TimeoutExtension.interceptTestMethod(TimeoutExtension.java:86)
	at org.junit.jupiter.engine.execution.InterceptingExecutableInvoker$ReflectiveInterceptorCall.lambda$ofVoidMethod$0(InterceptingExecutableInvoker.java:103)
	at org.junit.jupiter.engine.execution.InterceptingExecutableInvoker.lambda$invoke$0(InterceptingExecutableInvoker.java:93)
	at org.junit.jupiter.engine.execution.InvocationInterceptorChain$InterceptedInvocation.proceed(InvocationInterceptorChain.java:106)
	at org.junit.jupiter.engine.execution.InvocationInterceptorChain.proceed(InvocationInterceptorChain.java:64)
	at org.junit.jupiter.engine.execution.InvocationInterceptorChain.chainAndInvoke(InvocationInterceptorChain.java:45)
	at org.junit.jupiter.engine.execution.InvocationInterceptorChain.invoke(InvocationInterceptorChain.java:37)
	at org.junit.jupiter.engine.execution.InterceptingExecutableInvoker.invoke(InterceptingExecutableInvoker.java:92)
	at org.junit.jupiter.engine.execution.InterceptingExecutableInvoker.invoke(InterceptingExecutableInvoker.java:86)
	at org.junit.jupiter.engine.descriptor.TestMethodTestDescriptor.lambda$invokeTestMethod$7(TestMethodTestDescriptor.java:218)
	at org.junit.platform.engine.support.hierarchical.ThrowableCollector.execute(ThrowableCollector.java:73)
	at org.junit.jupiter.engine.descriptor.TestMethodTestDescriptor.invokeTestMethod(TestMethodTestDescriptor.java:214)
	at org.junit.jupiter.engine.descriptor.TestMethodTestDescriptor.execute(TestMethodTestDescriptor.java:139)
	at org.junit.jupiter.engine.descriptor.TestMethodTestDescriptor.execute(TestMethodTestDescriptor.java:69)
	at org.junit.platform.engine.support.hierarchical.NodeTestTask.lambda$executeRecursively$6(NodeTestTask.java:151)
	at org.junit.platform.engine.support.hierarchical.ThrowableCollector.execute(ThrowableCollector.java:73)
	at org.junit.platform.engine.support.hierarchical.NodeTestTask.lambda$executeRecursively$8(NodeTestTask.java:141)
	at org.junit.platform.engine.support.hierarchical.Node.around(Node.java:137)
	at org.junit.platform.engine.support.hierarchical.NodeTestTask.lambda$executeRecursively$9(NodeTestTask.java:139)
	at org.junit.platform.engine.support.hierarchical.ThrowableCollector.execute(ThrowableCollector.java:73)
	at org.junit.platform.engine.support.hierarchical.NodeTestTask.executeRecursively(NodeTestTask.java:138)
	at org.junit.platform.engine.support.hierarchical.NodeTestTask.execute(NodeTestTask.java:95)
	at java.util.ArrayList.forEach(ArrayList.java:1259)
	at org.junit.platform.engine.support.hierarchical.SameThreadHierarchicalTestExecutorService.invokeAll(SameThreadHierarchicalTestExecutorService.java:41)
	at org.junit.platform.engine.support.hierarchical.NodeTestTask.lambda$executeRecursively$6(NodeTestTask.java:155)
	at org.junit.platform.engine.support.hierarchical.ThrowableCollector.execute(ThrowableCollector.java:73)
	at org.junit.platform.engine.support.hierarchical.NodeTestTask.lambda$executeRecursively$8(NodeTestTask.java:141)
	at org.junit.platform.engine.support.hierarchical.Node.around(Node.java:137)
	at org.junit.platform.engine.support.hierarchical.NodeTestTask.lambda$executeRecursively$9(NodeTestTask.java:139)
	at org.junit.platform.engine.support.hierarchical.ThrowableCollector.execute(ThrowableCollector.java:73)
	at org.junit.platform.engine.support.hierarchical.NodeTestTask.executeRecursively(NodeTestTask.java:138)
	at org.junit.platform.engine.support.hierarchical.NodeTestTask.execute(NodeTestTask.java:95)
	at java.util.ArrayList.forEach(ArrayList.java:1259)
	at org.junit.platform.engine.support.hierarchical.SameThreadHierarchicalTestExecutorService.invokeAll(SameThreadHierarchicalTestExecutorService.java:41)
	at org.junit.platform.engine.support.hierarchical.NodeTestTask.lambda$executeRecursively$6(NodeTestTask.java:155)
	at org.junit.platform.engine.support.hierarchical.ThrowableCollector.execute(ThrowableCollector.java:73)
	at org.junit.platform.engine.support.hierarchical.NodeTestTask.lambda$executeRecursively$8(NodeTestTask.java:141)
	at org.junit.platform.engine.support.hierarchical.Node.around(Node.java:137)
	at org.junit.platform.engine.support.hierarchical.NodeTestTask.lambda$executeRecursively$9(NodeTestTask.java:139)
	at org.junit.platform.engine.support.hierarchical.ThrowableCollector.execute(ThrowableCollector.java:73)
	at org.junit.platform.engine.support.hierarchical.NodeTestTask.executeRecursively(NodeTestTask.java:138)
	at org.junit.platform.engine.support.hierarchical.NodeTestTask.execute(NodeTestTask.java:95)
	at org.junit.platform.engine.support.hierarchical.SameThreadHierarchicalTestExecutorService.submit(SameThreadHierarchicalTestExecutorService.java:35)
	at org.junit.platform.engine.support.hierarchical.HierarchicalTestExecutor.execute(HierarchicalTestExecutor.java:57)
	at org.junit.platform.engine.support.hierarchical.HierarchicalTestEngine.execute(HierarchicalTestEngine.java:54)
	at org.junit.platform.launcher.core.EngineExecutionOrchestrator.execute(EngineExecutionOrchestrator.java:198)
	at org.junit.platform.launcher.core.EngineExecutionOrchestrator.execute(EngineExecutionOrchestrator.java:169)
	at org.junit.platform.launcher.core.EngineExecutionOrchestrator.execute(EngineExecutionOrchestrator.java:93)
	at org.junit.platform.launcher.core.EngineExecutionOrchestrator.lambda$execute$0(EngineExecutionOrchestrator.java:58)
	at org.junit.platform.launcher.core.EngineExecutionOrchestrator.withInterceptedStreams(EngineExecutionOrchestrator.java:141)
	at org.junit.platform.launcher.core.EngineExecutionOrchestrator.execute(EngineExecutionOrchestrator.java:57)
	at org.junit.platform.launcher.core.DefaultLauncher.execute(DefaultLauncher.java:103)
	at org.junit.platform.launcher.core.DefaultLauncher.execute(DefaultLauncher.java:85)
	at org.junit.platform.launcher.core.DelegatingLauncher.execute(DelegatingLauncher.java:47)
	at org.apache.maven.surefire.junitplatform.LazyLauncher.execute(LazyLauncher.java:56)
	at org.apache.maven.surefire.junitplatform.JUnitPlatformProvider.execute(JUnitPlatformProvider.java:184)
	at org.apache.maven.surefire.junitplatform.JUnitPlatformProvider.invokeAllTests(JUnitPlatformProvider.java:148)
	at org.apache.maven.surefire.junitplatform.JUnitPlatformProvider.invoke(JUnitPlatformProvider.java:120)
	at org.apache.maven.surefire.booter.ForkedBooter.runSuitesInProcess(ForkedBooter.java:385)
	at org.apache.maven.surefire.booter.ForkedBooter.execute(ForkedBooter.java:162)
	at org.apache.maven.surefire.booter.ForkedBooter.run(ForkedBooter.java:507)
	at org.apache.maven.surefire.booter.ForkedBooter.main(ForkedBooter.java:495)
2024-01-11 04:03:46,280 [main] WARN  node.SCMNodeManager (SCMNodeManager.java:minHealthyVolumeNum(1200)) - Cannot generate NodeStat, datanode 719c3446-6328-4d08-9922-2d459786fd6c not found.
2024-01-11 04:03:46,280 [main] WARN  node.SCMNodeManager (SCMNodeManager.java:minHealthyVolumeNum(1200)) - Cannot generate NodeStat, datanode 8656a35e-0084-4fca-b387-4ce1151a6fbb not found.
2024-01-11 04:03:46,280 [main] WARN  node.SCMNodeManager (SCMNodeManager.java:minHealthyVolumeNum(1200)) - Cannot generate NodeStat, datanode df850d10-9c85-4972-b407-c0325fc6d584 not found.
2024-01-11 04:03:46,281 [main] WARN  container.ContainerManagerImpl (ContainerManagerImpl.java:getMatchingContainer(344)) - Container allocation failed on pipeline=Pipeline[ Id: f4a60787-be55-4684-be27-85a4241d4f1d, Nodes: 719c3446-6328-4d08-9922-2d459786fd6c(fv-az1458-636/10.1.0.34)8656a35e-0084-4fca-b387-4ce1151a6fbb(fv-az1458-636/10.1.0.34)df850d10-9c85-4972-b407-c0325fc6d584(fv-az1458-636/10.1.0.34), ReplicationConfig: RATIS/THREE, State:OPEN, leaderId:8656a35e-0084-4fca-b387-4ce1151a6fbb, CreationTimestamp2024-01-11T04:03:44.160Z[Etc/UTC]]
java.lang.IllegalArgumentException
	at com.google.common.base.Preconditions.checkArgument(Preconditions.java:129)
	at org.apache.hadoop.hdds.scm.node.SCMNodeManager.minHealthyVolumeNum(SCMNodeManager.java:1204)
	at org.apache.hadoop.hdds.scm.pipeline.PipelineManagerImpl.minHealthyVolumeNum(PipelineManagerImpl.java:669)
	at org.apache.hadoop.hdds.scm.container.ContainerManagerImpl.getOpenContainerCountPerPipeline(ContainerManagerImpl.java:351)
	at org.apache.hadoop.hdds.scm.container.ContainerManagerImpl.getMatchingContainer(ContainerManagerImpl.java:331)
	at org.apache.hadoop.hdds.scm.pipeline.WritableRatisContainerProvider.selectContainer(WritableRatisContainerProvider.java:193)
	at org.apache.hadoop.hdds.scm.pipeline.WritableRatisContainerProvider.getContainer(WritableRatisContainerProvider.java:163)
	at org.apache.hadoop.hdds.scm.pipeline.WritableRatisContainerProvider.getContainer(WritableRatisContainerProvider.java:138)
	at org.apache.hadoop.hdds.scm.pipeline.WritableContainerFactory.getContainer(WritableContainerFactory.java:74)
	at org.apache.hadoop.fs.ozone.TestSafeMode.lambda$testSafeMode$0(TestSafeMode.java:123)
	at org.junit.jupiter.api.AssertThrows.assertThrows(AssertThrows.java:53)
	at org.junit.jupiter.api.AssertThrows.assertThrows(AssertThrows.java:35)
	at org.junit.jupiter.api.Assertions.assertThrows(Assertions.java:3115)
	at org.apache.hadoop.fs.ozone.TestSafeMode.testSafeMode(TestSafeMode.java:121)
	at org.apache.hadoop.fs.ozone.TestSafeMode.o3fs(TestSafeMode.java:97)
	at sun.reflect.NativeMethodAccessorImpl.invoke0(Native Method)
	at sun.reflect.NativeMethodAccessorImpl.invoke(NativeMethodAccessorImpl.java:62)
	at sun.reflect.DelegatingMethodAccessorImpl.invoke(DelegatingMethodAccessorImpl.java:43)
	at java.lang.reflect.Method.invoke(Method.java:498)
	at org.junit.platform.commons.util.ReflectionUtils.invokeMethod(ReflectionUtils.java:728)
	at org.junit.jupiter.engine.execution.MethodInvocation.proceed(MethodInvocation.java:60)
	at org.junit.jupiter.engine.execution.InvocationInterceptorChain$ValidatingInvocation.proceed(InvocationInterceptorChain.java:131)
	at org.junit.jupiter.engine.extension.SameThreadTimeoutInvocation.proceed(SameThreadTimeoutInvocation.java:45)
	at org.junit.jupiter.engine.extension.TimeoutExtension.intercept(TimeoutExtension.java:156)
	at org.junit.jupiter.engine.extension.TimeoutExtension.interceptTestableMethod(TimeoutExtension.java:147)
	at org.junit.jupiter.engine.extension.TimeoutExtension.interceptTestMethod(TimeoutExtension.java:86)
	at org.junit.jupiter.engine.execution.InterceptingExecutableInvoker$ReflectiveInterceptorCall.lambda$ofVoidMethod$0(InterceptingExecutableInvoker.java:103)
	at org.junit.jupiter.engine.execution.InterceptingExecutableInvoker.lambda$invoke$0(InterceptingExecutableInvoker.java:93)
	at org.junit.jupiter.engine.execution.InvocationInterceptorChain$InterceptedInvocation.proceed(InvocationInterceptorChain.java:106)
	at org.junit.jupiter.engine.execution.InvocationInterceptorChain.proceed(InvocationInterceptorChain.java:64)
	at org.junit.jupiter.engine.execution.InvocationInterceptorChain.chainAndInvoke(InvocationInterceptorChain.java:45)
	at org.junit.jupiter.engine.execution.InvocationInterceptorChain.invoke(InvocationInterceptorChain.java:37)
	at org.junit.jupiter.engine.execution.InterceptingExecutableInvoker.invoke(InterceptingExecutableInvoker.java:92)
	at org.junit.jupiter.engine.execution.InterceptingExecutableInvoker.invoke(InterceptingExecutableInvoker.java:86)
	at org.junit.jupiter.engine.descriptor.TestMethodTestDescriptor.lambda$invokeTestMethod$7(TestMethodTestDescriptor.java:218)
	at org.junit.platform.engine.support.hierarchical.ThrowableCollector.execute(ThrowableCollector.java:73)
	at org.junit.jupiter.engine.descriptor.TestMethodTestDescriptor.invokeTestMethod(TestMethodTestDescriptor.java:214)
	at org.junit.jupiter.engine.descriptor.TestMethodTestDescriptor.execute(TestMethodTestDescriptor.java:139)
	at org.junit.jupiter.engine.descriptor.TestMethodTestDescriptor.execute(TestMethodTestDescriptor.java:69)
	at org.junit.platform.engine.support.hierarchical.NodeTestTask.lambda$executeRecursively$6(NodeTestTask.java:151)
	at org.junit.platform.engine.support.hierarchical.ThrowableCollector.execute(ThrowableCollector.java:73)
	at org.junit.platform.engine.support.hierarchical.NodeTestTask.lambda$executeRecursively$8(NodeTestTask.java:141)
	at org.junit.platform.engine.support.hierarchical.Node.around(Node.java:137)
	at org.junit.platform.engine.support.hierarchical.NodeTestTask.lambda$executeRecursively$9(NodeTestTask.java:139)
	at org.junit.platform.engine.support.hierarchical.ThrowableCollector.execute(ThrowableCollector.java:73)
	at org.junit.platform.engine.support.hierarchical.NodeTestTask.executeRecursively(NodeTestTask.java:138)
	at org.junit.platform.engine.support.hierarchical.NodeTestTask.execute(NodeTestTask.java:95)
	at java.util.ArrayList.forEach(ArrayList.java:1259)
	at org.junit.platform.engine.support.hierarchical.SameThreadHierarchicalTestExecutorService.invokeAll(SameThreadHierarchicalTestExecutorService.java:41)
	at org.junit.platform.engine.support.hierarchical.NodeTestTask.lambda$executeRecursively$6(NodeTestTask.java:155)
	at org.junit.platform.engine.support.hierarchical.ThrowableCollector.execute(ThrowableCollector.java:73)
	at org.junit.platform.engine.support.hierarchical.NodeTestTask.lambda$executeRecursively$8(NodeTestTask.java:141)
	at org.junit.platform.engine.support.hierarchical.Node.around(Node.java:137)
	at org.junit.platform.engine.support.hierarchical.NodeTestTask.lambda$executeRecursively$9(NodeTestTask.java:139)
	at org.junit.platform.engine.support.hierarchical.ThrowableCollector.execute(ThrowableCollector.java:73)
	at org.junit.platform.engine.support.hierarchical.NodeTestTask.executeRecursively(NodeTestTask.java:138)
	at org.junit.platform.engine.support.hierarchical.NodeTestTask.execute(NodeTestTask.java:95)
	at java.util.ArrayList.forEach(ArrayList.java:1259)
	at org.junit.platform.engine.support.hierarchical.SameThreadHierarchicalTestExecutorService.invokeAll(SameThreadHierarchicalTestExecutorService.java:41)
	at org.junit.platform.engine.support.hierarchical.NodeTestTask.lambda$executeRecursively$6(NodeTestTask.java:155)
	at org.junit.platform.engine.support.hierarchical.ThrowableCollector.execute(ThrowableCollector.java:73)
	at org.junit.platform.engine.support.hierarchical.NodeTestTask.lambda$executeRecursively$8(NodeTestTask.java:141)
	at org.junit.platform.engine.support.hierarchical.Node.around(Node.java:137)
	at org.junit.platform.engine.support.hierarchical.NodeTestTask.lambda$executeRecursively$9(NodeTestTask.java:139)
	at org.junit.platform.engine.support.hierarchical.ThrowableCollector.execute(ThrowableCollector.java:73)
	at org.junit.platform.engine.support.hierarchical.NodeTestTask.executeRecursively(NodeTestTask.java:138)
	at org.junit.platform.engine.support.hierarchical.NodeTestTask.execute(NodeTestTask.java:95)
	at org.junit.platform.engine.support.hierarchical.SameThreadHierarchicalTestExecutorService.submit(SameThreadHierarchicalTestExecutorService.java:35)
	at org.junit.platform.engine.support.hierarchical.HierarchicalTestExecutor.execute(HierarchicalTestExecutor.java:57)
	at org.junit.platform.engine.support.hierarchical.HierarchicalTestEngine.execute(HierarchicalTestEngine.java:54)
	at org.junit.platform.launcher.core.EngineExecutionOrchestrator.execute(EngineExecutionOrchestrator.java:198)
	at org.junit.platform.launcher.core.EngineExecutionOrchestrator.execute(EngineExecutionOrchestrator.java:169)
	at org.junit.platform.launcher.core.EngineExecutionOrchestrator.execute(EngineExecutionOrchestrator.java:93)
	at org.junit.platform.launcher.core.EngineExecutionOrchestrator.lambda$execute$0(EngineExecutionOrchestrator.java:58)
	at org.junit.platform.launcher.core.EngineExecutionOrchestrator.withInterceptedStreams(EngineExecutionOrchestrator.java:141)
	at org.junit.platform.launcher.core.EngineExecutionOrchestrator.execute(EngineExecutionOrchestrator.java:57)
	at org.junit.platform.launcher.core.DefaultLauncher.execute(DefaultLauncher.java:103)
	at org.junit.platform.launcher.core.DefaultLauncher.execute(DefaultLauncher.java:85)
	at org.junit.platform.launcher.core.DelegatingLauncher.execute(DelegatingLauncher.java:47)
	at org.apache.maven.surefire.junitplatform.LazyLauncher.execute(LazyLauncher.java:56)
	at org.apache.maven.surefire.junitplatform.JUnitPlatformProvider.execute(JUnitPlatformProvider.java:184)
	at org.apache.maven.surefire.junitplatform.JUnitPlatformProvider.invokeAllTests(JUnitPlatformProvider.java:148)
	at org.apache.maven.surefire.junitplatform.JUnitPlatformProvider.invoke(JUnitPlatformProvider.java:120)
	at org.apache.maven.surefire.booter.ForkedBooter.runSuitesInProcess(ForkedBooter.java:385)
	at org.apache.maven.surefire.booter.ForkedBooter.execute(ForkedBooter.java:162)
	at org.apache.maven.surefire.booter.ForkedBooter.run(ForkedBooter.java:507)
	at org.apache.maven.surefire.booter.ForkedBooter.main(ForkedBooter.java:495)
2024-01-11 04:03:46,282 [main] WARN  node.SCMNodeManager (SCMNodeManager.java:minHealthyVolumeNum(1200)) - Cannot generate NodeStat, datanode 8656a35e-0084-4fca-b387-4ce1151a6fbb not found.
2024-01-11 04:03:46,282 [main] WARN  node.SCMNodeManager (SCMNodeManager.java:minHealthyVolumeNum(1200)) - Cannot generate NodeStat, datanode 719c3446-6328-4d08-9922-2d459786fd6c not found.
2024-01-11 04:03:46,282 [main] WARN  node.SCMNodeManager (SCMNodeManager.java:minHealthyVolumeNum(1200)) - Cannot generate NodeStat, datanode df850d10-9c85-4972-b407-c0325fc6d584 not found.
2024-01-11 04:03:46,282 [main] WARN  container.ContainerManagerImpl (ContainerManagerImpl.java:getMatchingContainer(344)) - Container allocation failed on pipeline=Pipeline[ Id: 777b88da-baa3-4926-8e81-81fa45f9e5d4, Nodes: 8656a35e-0084-4fca-b387-4ce1151a6fbb(fv-az1458-636/10.1.0.34)719c3446-6328-4d08-9922-2d459786fd6c(fv-az1458-636/10.1.0.34)df850d10-9c85-4972-b407-c0325fc6d584(fv-az1458-636/10.1.0.34), ReplicationConfig: RATIS/THREE, State:OPEN, leaderId:df850d10-9c85-4972-b407-c0325fc6d584, CreationTimestamp2024-01-11T04:03:44.160Z[Etc/UTC]]
java.lang.IllegalArgumentException
	at com.google.common.base.Preconditions.checkArgument(Preconditions.java:129)
	at org.apache.hadoop.hdds.scm.node.SCMNodeManager.minHealthyVolumeNum(SCMNodeManager.java:1204)
	at org.apache.hadoop.hdds.scm.pipeline.PipelineManagerImpl.minHealthyVolumeNum(PipelineManagerImpl.java:669)
	at org.apache.hadoop.hdds.scm.container.ContainerManagerImpl.getOpenContainerCountPerPipeline(ContainerManagerImpl.java:351)
	at org.apache.hadoop.hdds.scm.container.ContainerManagerImpl.getMatchingContainer(ContainerManagerImpl.java:331)
	at org.apache.hadoop.hdds.scm.pipeline.WritableRatisContainerProvider.selectContainer(WritableRatisContainerProvider.java:193)
	at org.apache.hadoop.hdds.scm.pipeline.WritableRatisContainerProvider.getContainer(WritableRatisContainerProvider.java:163)
	at org.apache.hadoop.hdds.scm.pipeline.WritableRatisContainerProvider.getContainer(WritableRatisContainerProvider.java:138)
	at org.apache.hadoop.hdds.scm.pipeline.WritableContainerFactory.getContainer(WritableContainerFactory.java:74)
	at org.apache.hadoop.fs.ozone.TestSafeMode.lambda$testSafeMode$0(TestSafeMode.java:123)
	at org.junit.jupiter.api.AssertThrows.assertThrows(AssertThrows.java:53)
	at org.junit.jupiter.api.AssertThrows.assertThrows(AssertThrows.java:35)
	at org.junit.jupiter.api.Assertions.assertThrows(Assertions.java:3115)
	at org.apache.hadoop.fs.ozone.TestSafeMode.testSafeMode(TestSafeMode.java:121)
	at org.apache.hadoop.fs.ozone.TestSafeMode.o3fs(TestSafeMode.java:97)
	at sun.reflect.NativeMethodAccessorImpl.invoke0(Native Method)
	at sun.reflect.NativeMethodAccessorImpl.invoke(NativeMethodAccessorImpl.java:62)
	at sun.reflect.DelegatingMethodAccessorImpl.invoke(DelegatingMethodAccessorImpl.java:43)
	at java.lang.reflect.Method.invoke(Method.java:498)
	at org.junit.platform.commons.util.ReflectionUtils.invokeMethod(ReflectionUtils.java:728)
	at org.junit.jupiter.engine.execution.MethodInvocation.proceed(MethodInvocation.java:60)
	at org.junit.jupiter.engine.execution.InvocationInterceptorChain$ValidatingInvocation.proceed(InvocationInterceptorChain.java:131)
	at org.junit.jupiter.engine.extension.SameThreadTimeoutInvocation.proceed(SameThreadTimeoutInvocation.java:45)
	at org.junit.jupiter.engine.extension.TimeoutExtension.intercept(TimeoutExtension.java:156)
	at org.junit.jupiter.engine.extension.TimeoutExtension.interceptTestableMethod(TimeoutExtension.java:147)
	at org.junit.jupiter.engine.extension.TimeoutExtension.interceptTestMethod(TimeoutExtension.java:86)
	at org.junit.jupiter.engine.execution.InterceptingExecutableInvoker$ReflectiveInterceptorCall.lambda$ofVoidMethod$0(InterceptingExecutableInvoker.java:103)
	at org.junit.jupiter.engine.execution.InterceptingExecutableInvoker.lambda$invoke$0(InterceptingExecutableInvoker.java:93)
	at org.junit.jupiter.engine.execution.InvocationInterceptorChain$InterceptedInvocation.proceed(InvocationInterceptorChain.java:106)
	at org.junit.jupiter.engine.execution.InvocationInterceptorChain.proceed(InvocationInterceptorChain.java:64)
	at org.junit.jupiter.engine.execution.InvocationInterceptorChain.chainAndInvoke(InvocationInterceptorChain.java:45)
	at org.junit.jupiter.engine.execution.InvocationInterceptorChain.invoke(InvocationInterceptorChain.java:37)
	at org.junit.jupiter.engine.execution.InterceptingExecutableInvoker.invoke(InterceptingExecutableInvoker.java:92)
	at org.junit.jupiter.engine.execution.InterceptingExecutableInvoker.invoke(InterceptingExecutableInvoker.java:86)
	at org.junit.jupiter.engine.descriptor.TestMethodTestDescriptor.lambda$invokeTestMethod$7(TestMethodTestDescriptor.java:218)
	at org.junit.platform.engine.support.hierarchical.ThrowableCollector.execute(ThrowableCollector.java:73)
	at org.junit.jupiter.engine.descriptor.TestMethodTestDescriptor.invokeTestMethod(TestMethodTestDescriptor.java:214)
	at org.junit.jupiter.engine.descriptor.TestMethodTestDescriptor.execute(TestMethodTestDescriptor.java:139)
	at org.junit.jupiter.engine.descriptor.TestMethodTestDescriptor.execute(TestMethodTestDescriptor.java:69)
	at org.junit.platform.engine.support.hierarchical.NodeTestTask.lambda$executeRecursively$6(NodeTestTask.java:151)
	at org.junit.platform.engine.support.hierarchical.ThrowableCollector.execute(ThrowableCollector.java:73)
	at org.junit.platform.engine.support.hierarchical.NodeTestTask.lambda$executeRecursively$8(NodeTestTask.java:141)
	at org.junit.platform.engine.support.hierarchical.Node.around(Node.java:137)
	at org.junit.platform.engine.support.hierarchical.NodeTestTask.lambda$executeRecursively$9(NodeTestTask.java:139)
	at org.junit.platform.engine.support.hierarchical.ThrowableCollector.execute(ThrowableCollector.java:73)
	at org.junit.platform.engine.support.hierarchical.NodeTestTask.executeRecursively(NodeTestTask.java:138)
	at org.junit.platform.engine.support.hierarchical.NodeTestTask.execute(NodeTestTask.java:95)
	at java.util.ArrayList.forEach(ArrayList.java:1259)
	at org.junit.platform.engine.support.hierarchical.SameThreadHierarchicalTestExecutorService.invokeAll(SameThreadHierarchicalTestExecutorService.java:41)
	at org.junit.platform.engine.support.hierarchical.NodeTestTask.lambda$executeRecursively$6(NodeTestTask.java:155)
	at org.junit.platform.engine.support.hierarchical.ThrowableCollector.execute(ThrowableCollector.java:73)
	at org.junit.platform.engine.support.hierarchical.NodeTestTask.lambda$executeRecursively$8(NodeTestTask.java:141)
	at org.junit.platform.engine.support.hierarchical.Node.around(Node.java:137)
	at org.junit.platform.engine.support.hierarchical.NodeTestTask.lambda$executeRecursively$9(NodeTestTask.java:139)
	at org.junit.platform.engine.support.hierarchical.ThrowableCollector.execute(ThrowableCollector.java:73)
	at org.junit.platform.engine.support.hierarchical.NodeTestTask.executeRecursively(NodeTestTask.java:138)
	at org.junit.platform.engine.support.hierarchical.NodeTestTask.execute(NodeTestTask.java:95)
	at java.util.ArrayList.forEach(ArrayList.java:1259)
	at org.junit.platform.engine.support.hierarchical.SameThreadHierarchicalTestExecutorService.invokeAll(SameThreadHierarchicalTestExecutorService.java:41)
	at org.junit.platform.engine.support.hierarchical.NodeTestTask.lambda$executeRecursively$6(NodeTestTask.java:155)
	at org.junit.platform.engine.support.hierarchical.ThrowableCollector.execute(ThrowableCollector.java:73)
	at org.junit.platform.engine.support.hierarchical.NodeTestTask.lambda$executeRecursively$8(NodeTestTask.java:141)
	at org.junit.platform.engine.support.hierarchical.Node.around(Node.java:137)
	at org.junit.platform.engine.support.hierarchical.NodeTestTask.lambda$executeRecursively$9(NodeTestTask.java:139)
	at org.junit.platform.engine.support.hierarchical.ThrowableCollector.execute(ThrowableCollector.java:73)
	at org.junit.platform.engine.support.hierarchical.NodeTestTask.executeRecursively(NodeTestTask.java:138)
	at org.junit.platform.engine.support.hierarchical.NodeTestTask.execute(NodeTestTask.java:95)
	at org.junit.platform.engine.support.hierarchical.SameThreadHierarchicalTestExecutorService.submit(SameThreadHierarchicalTestExecutorService.java:35)
	at org.junit.platform.engine.support.hierarchical.HierarchicalTestExecutor.execute(HierarchicalTestExecutor.java:57)
	at org.junit.platform.engine.support.hierarchical.HierarchicalTestEngine.execute(HierarchicalTestEngine.java:54)
	at org.junit.platform.launcher.core.EngineExecutionOrchestrator.execute(EngineExecutionOrchestrator.java:198)
	at org.junit.platform.launcher.core.EngineExecutionOrchestrator.execute(EngineExecutionOrchestrator.java:169)
	at org.junit.platform.launcher.core.EngineExecutionOrchestrator.execute(EngineExecutionOrchestrator.java:93)
	at org.junit.platform.launcher.core.EngineExecutionOrchestrator.lambda$execute$0(EngineExecutionOrchestrator.java:58)
	at org.junit.platform.launcher.core.EngineExecutionOrchestrator.withInterceptedStreams(EngineExecutionOrchestrator.java:141)
	at org.junit.platform.launcher.core.EngineExecutionOrchestrator.execute(EngineExecutionOrchestrator.java:57)
	at org.junit.platform.launcher.core.DefaultLauncher.execute(DefaultLauncher.java:103)
	at org.junit.platform.launcher.core.DefaultLauncher.execute(DefaultLauncher.java:85)
	at org.junit.platform.launcher.core.DelegatingLauncher.execute(DelegatingLauncher.java:47)
	at org.apache.maven.surefire.junitplatform.LazyLauncher.execute(LazyLauncher.java:56)
	at org.apache.maven.surefire.junitplatform.JUnitPlatformProvider.execute(JUnitPlatformProvider.java:184)
	at org.apache.maven.surefire.junitplatform.JUnitPlatformProvider.invokeAllTests(JUnitPlatformProvider.java:148)
	at org.apache.maven.surefire.junitplatform.JUnitPlatformProvider.invoke(JUnitPlatformProvider.java:120)
	at org.apache.maven.surefire.booter.ForkedBooter.runSuitesInProcess(ForkedBooter.java:385)
	at org.apache.maven.surefire.booter.ForkedBooter.execute(ForkedBooter.java:162)
	at org.apache.maven.surefire.booter.ForkedBooter.run(ForkedBooter.java:507)
	at org.apache.maven.surefire.booter.ForkedBooter.main(ForkedBooter.java:495)
2024-01-11 04:03:46,283 [main] ERROR pipeline.WritableRatisContainerProvider (WritableRatisContainerProvider.java:getContainer(145)) - Unable to allocate a block for the size: 1048576, repConfig: RATIS/THREE
2024-01-11 04:03:46,284 [main] INFO  ozone.MiniOzoneClusterImpl (MiniOzoneClusterImpl.java:shutdown(449)) - Shutting down the Mini Ozone Cluster
2024-01-11 04:03:46,284 [main] INFO  db.CodecTestUtil (CodecTestUtil.java:gc(50)) - gc 0
2024-01-11 04:03:46,545 [main] INFO  ozone.MiniOzoneClusterImpl (MiniOzoneClusterImpl.java:stop(465)) - Stopping the Mini Ozone Cluster
2024-01-11 04:03:46,545 [main] INFO  om.OzoneManager (OzoneManager.java:stop(2204)) - om1[localhost:15039]: Stopping Ozone Manager
2024-01-11 04:03:46,546 [main] INFO  ipc.Server (Server.java:stop(3523)) - Stopping server on 15039
2024-01-11 04:03:46,547 [IPC Server Responder] INFO  ipc.Server (Server.java:run(1567)) - Stopping IPC Server Responder
2024-01-11 04:03:46,547 [IPC Server listener on 15039] INFO  ipc.Server (Server.java:run(1434)) - Stopping IPC Server listener on 15039
2024-01-11 04:03:46,548 [main] INFO  server.RaftServer (RaftServerProxy.java:lambda$close$9(416)) - om1: close
2024-01-11 04:03:46,549 [main] INFO  server.GrpcService (GrpcService.java:closeImpl(311)) - om1: shutdown server GrpcServerProtocolService now
2024-01-11 04:03:46,549 [om1-impl-thread1] INFO  server.RaftServer$Division (RaftServerImpl.java:lambda$close$3(526)) - om1@group-C5BA1605619E: shutdown
2024-01-11 04:03:46,549 [om1-impl-thread1] INFO  util.JmxRegister (JmxRegister.java:unregister(73)) - Successfully un-registered JMX Bean with object name Ratis:service=RaftServer,group=group-C5BA1605619E,id=om1
2024-01-11 04:03:46,549 [om1-impl-thread1] INFO  impl.RoleInfo (RoleInfo.java:shutdownLeaderState(94)) - om1: shutdown om1@group-C5BA1605619E-LeaderStateImpl
2024-01-11 04:03:46,549 [om1-impl-thread1] INFO  impl.PendingRequests (PendingRequests.java:sendNotLeaderResponses(289)) - om1@group-C5BA1605619E-PendingRequests: sendNotLeaderResponses
2024-01-11 04:03:46,551 [om1-impl-thread1] INFO  impl.StateMachineUpdater (StateMachineUpdater.java:stopAndJoin(157)) - om1@group-C5BA1605619E-StateMachineUpdater: set stopIndex = 4
2024-01-11 04:03:46,551 [om1@group-C5BA1605619E-StateMachineUpdater] INFO  ratis.OzoneManagerStateMachine (OzoneManagerStateMachine.java:takeSnapshot(496)) - Current Snapshot Index (t:1, i:4)
2024-01-11 04:03:46,552 [main] INFO  server.GrpcService (GrpcService.java:closeImpl(320)) - om1: shutdown server GrpcServerProtocolService successfully
2024-01-11 04:03:46,561 [om1@group-C5BA1605619E-StateMachineUpdater] INFO  impl.StateMachineUpdater (StateMachineUpdater.java:takeSnapshot(295)) - om1@group-C5BA1605619E-StateMachineUpdater: Took a snapshot at index 4
2024-01-11 04:03:46,561 [om1@group-C5BA1605619E-StateMachineUpdater] INFO  impl.StateMachineUpdater (StateMachineUpdater.java:lambda$new$0(98)) - om1@group-C5BA1605619E-StateMachineUpdater: snapshotIndex: updateIncreasingly -1 -> 4
2024-01-11 04:03:46,561 [om1@group-C5BA1605619E-StateMachineUpdater] INFO  ratis.OzoneManagerStateMachine (OzoneManagerStateMachine.java:close(546)) - StateMachine has shutdown. Shutdown OzoneManager if not already shutdown.
2024-01-11 04:03:46,561 [om1@group-C5BA1605619E-StateMachineUpdater] INFO  ratis.OzoneManagerDoubleBuffer (OzoneManagerDoubleBuffer.java:stopDaemon(535)) - Stopping OMDoubleBuffer flush thread
2024-01-11 04:03:46,561 [om1-OMDoubleBufferFlushThread] INFO  ratis.OzoneManagerDoubleBuffer (OzoneManagerDoubleBuffer.java:canFlush(615)) - OMDoubleBuffer flush thread om1-OMDoubleBufferFlushThread is interrupted and will exit.
2024-01-11 04:03:46,562 [om1@group-C5BA1605619E-StateMachineUpdater] INFO  ratis.OzoneManagerStateMachine (OzoneManagerStateMachine.java:stop(755)) - applyTransactionMap size 0 
2024-01-11 04:03:46,562 [om1@group-C5BA1605619E-StateMachineUpdater] INFO  ratis.OzoneManagerStateMachine (OzoneManagerStateMachine.java:stop(761)) - ratisTransactionMap size 0
2024-01-11 04:03:46,562 [om1-impl-thread1] INFO  server.RaftServer$Division (ServerState.java:close(427)) - om1@group-C5BA1605619E: applyIndex: 4
2024-01-11 04:03:46,562 [om1@group-C5BA1605619E-cacheEviction-AwaitToRun] INFO  util.AwaitToRun (AwaitToRun.java:run(49)) - om1@group-C5BA1605619E-cacheEviction-AwaitToRun-AwaitForSignal is interrupted
2024-01-11 04:03:47,087 [om1-impl-thread1] INFO  segmented.SegmentedRaftLogWorker (SegmentedRaftLogWorker.java:close(245)) - om1@group-C5BA1605619E-SegmentedRaftLogWorker close()
2024-01-11 04:03:47,088 [JvmPauseMonitor6] INFO  util.JvmPauseMonitor (JvmPauseMonitor.java:run(152)) - JvmPauseMonitor-om1: Stopped
2024-01-11 04:03:47,088 [main] INFO  ratis.OzoneManagerStateMachine (OzoneManagerStateMachine.java:close(546)) - StateMachine has shutdown. Shutdown OzoneManager if not already shutdown.
2024-01-11 04:03:47,088 [main] INFO  ratis.OzoneManagerDoubleBuffer (OzoneManagerDoubleBuffer.java:stopDaemon(544)) - OMDoubleBuffer flush thread is not running.
2024-01-11 04:03:47,088 [main] INFO  ratis.OzoneManagerStateMachine (OzoneManagerStateMachine.java:stop(755)) - applyTransactionMap size 0 
2024-01-11 04:03:47,088 [main] INFO  ratis.OzoneManagerStateMachine (OzoneManagerStateMachine.java:stop(761)) - ratisTransactionMap size 0
2024-01-11 04:03:47,088 [main] INFO  utils.BackgroundService (BackgroundService.java:shutdown(160)) - Shutting down service KeyDeletingService
2024-01-11 04:03:47,089 [main] INFO  utils.BackgroundService (BackgroundService.java:shutdown(160)) - Shutting down service DirectoryDeletingService
2024-01-11 04:03:47,089 [main] INFO  utils.BackgroundService (BackgroundService.java:shutdown(160)) - Shutting down service OpenKeyCleanupService
2024-01-11 04:03:47,089 [main] INFO  utils.BackgroundService (BackgroundService.java:shutdown(160)) - Shutting down service SstFilteringService
2024-01-11 04:03:47,089 [main] INFO  utils.BackgroundService (BackgroundService.java:shutdown(160)) - Shutting down service SnapshotDeletingService
2024-01-11 04:03:47,090 [main] INFO  utils.BackgroundService (BackgroundService.java:shutdown(160)) - Shutting down service MultipartUploadCleanupService
2024-01-11 04:03:47,090 [main] INFO  utils.BackgroundService (BackgroundService.java:shutdown(160)) - Shutting down service SnapshotDirectoryCleaningService
2024-01-11 04:03:47,091 [main] INFO  handler.ContextHandler (ContextHandler.java:doStop(1159)) - Stopped o.e.j.w.WebAppContext@1a7881b9{ozoneManager,/,null,STOPPED}{file:/home/runner/work/ozone/ozone/hadoop-ozone/integration-test/target/test-classes/webapps/ozoneManager}
2024-01-11 04:03:47,091 [main] INFO  server.AbstractConnector (AbstractConnector.java:doStop(383)) - Stopped ServerConnector@41a0788{HTTP/1.1, (http/1.1)}{0.0.0.0:15040}
2024-01-11 04:03:47,092 [main] INFO  server.session (HouseKeeper.java:stopScavenging(149)) - node0 Stopped scavenging
2024-01-11 04:03:47,092 [main] INFO  handler.ContextHandler (ContextHandler.java:doStop(1159)) - Stopped o.e.j.s.ServletContextHandler@6c0c10d9{static,/static,file:///home/runner/work/ozone/ozone/hadoop-ozone/integration-test/target/test-classes/webapps/static,STOPPED}
2024-01-11 04:03:47,092 [main] INFO  handler.ContextHandler (ContextHandler.java:doStop(1159)) - Stopped o.e.j.s.ServletContextHandler@4832a989{logs,/logs,file:///home/runner/work/ozone/ozone/hadoop-ozone/integration-test/target/log,STOPPED}
2024-01-11 04:03:47,093 [main] INFO  rocksdiff.RocksDBCheckpointDiffer (RocksDBCheckpointDiffer.java:close(310)) - Shutting down CompactionDagPruningService.
2024-01-11 04:03:47,094 [main] INFO  snapshot.SnapshotDiffManager (SnapshotDiffManager.java:closeExecutorService(1688)) - Shutting down executorService: 'SnapDiffExecutor'
2024-01-11 04:03:47,094 [main] INFO  snapshot.SnapshotDiffManager (SnapshotDiffManager.java:closeExecutorService(1688)) - Shutting down executorService: 'SstDumpToolExecutor'
2024-01-11 04:03:47,095 [main] INFO  utils.BackgroundService (BackgroundService.java:shutdown(160)) - Shutting down service SnapshotDiffCleanupService
2024-01-11 04:03:47,095 [main] INFO  ozone.MiniOzoneClusterImpl (MiniOzoneClusterImpl.java:stopDatanodes(535)) - Stopping the HddsDatanodes
2024-01-11 04:03:47,096 [main] INFO  ozone.MiniOzoneClusterImpl (MiniOzoneClusterImpl.java:stopSCM(550)) - Stopping the StorageContainerManager
2024-01-11 04:03:47,096 [main] INFO  server.StorageContainerManager (StorageContainerManager.java:stop(1654)) - Container Balancer is not running.
2024-01-11 04:03:47,096 [main] INFO  server.StorageContainerManager (StorageContainerManager.java:stopReplicationManager(1787)) - Stopping Replication Manager Service.
2024-01-11 04:03:47,096 [main] INFO  replication.ReplicationManager (ReplicationManager.java:stop(326)) - Stopping Replication Monitor Thread.
2024-01-11 04:03:47,097 [main] INFO  server.StorageContainerManager (StorageContainerManager.java:stop(1663)) - Stopping the Datanode Admin Monitor.
2024-01-11 04:03:47,097 [ReplicationMonitor] INFO  replication.ReplicationManager (ReplicationManager.java:run(933)) - Replication Monitor Thread is stopped
2024-01-11 04:03:47,097 [main] INFO  server.StorageContainerManager (StorageContainerManager.java:stop(1670)) - Stopping datanode service RPC server
2024-01-11 04:03:47,097 [OverReplicatedProcessor] WARN  replication.UnhealthyReplicationProcessor (UnhealthyReplicationProcessor.java:run(180)) - OverReplicatedProcessor interrupted. Exiting...
2024-01-11 04:03:47,097 [UnderReplicatedProcessor] WARN  replication.UnhealthyReplicationProcessor (UnhealthyReplicationProcessor.java:run(180)) - UnderReplicatedProcessor interrupted. Exiting...
2024-01-11 04:03:47,097 [main] INFO  server.SCMDatanodeProtocolServer (SCMDatanodeProtocolServer.java:stop(424)) - Stopping the RPC server for DataNodes
2024-01-11 04:03:47,097 [main] INFO  ipc.Server (Server.java:stop(3523)) - Stopping server on 15037
2024-01-11 04:03:47,101 [IPC Server listener on 15037] INFO  ipc.Server (Server.java:run(1434)) - Stopping IPC Server listener on 15037
2024-01-11 04:03:47,101 [IPC Server Responder] INFO  ipc.Server (Server.java:run(1567)) - Stopping IPC Server Responder
2024-01-11 04:03:47,145 [SCMHeartbeatProcessor-0] WARN  node.NodeStateManager (NodeStateManager.java:scheduleNextHealthCheck(878)) - Current Thread is interrupted, shutting down HB processing thread for Node Manager.
2024-01-11 04:03:47,145 [main] INFO  server.StorageContainerManager (StorageContainerManager.java:stop(1678)) - Stopping block service RPC server
2024-01-11 04:03:47,146 [main] INFO  server.SCMBlockProtocolServer (SCMBlockProtocolServer.java:stop(168)) - Stopping the RPC server for Block Protocol
2024-01-11 04:03:47,146 [main] INFO  ipc.Server (Server.java:stop(3523)) - Stopping server on 15036
2024-01-11 04:03:47,147 [IPC Server listener on 15036] INFO  ipc.Server (Server.java:run(1434)) - Stopping IPC Server listener on 15036
2024-01-11 04:03:47,147 [IPC Server Responder] INFO  ipc.Server (Server.java:run(1567)) - Stopping IPC Server Responder
2024-01-11 04:03:47,147 [main] INFO  server.StorageContainerManager (StorageContainerManager.java:stop(1685)) - Stopping the StorageContainerLocationProtocol RPC server
2024-01-11 04:03:47,148 [main] INFO  server.SCMClientProtocolServer (SCMClientProtocolServer.java:stop(210)) - Stopping the RPC server for Client Protocol
2024-01-11 04:03:47,148 [main] INFO  ipc.Server (Server.java:stop(3523)) - Stopping server on 15035
2024-01-11 04:03:47,149 [IPC Server listener on 15035] INFO  ipc.Server (Server.java:run(1434)) - Stopping IPC Server listener on 15035
2024-01-11 04:03:47,149 [IPC Server Responder] INFO  ipc.Server (Server.java:run(1567)) - Stopping IPC Server Responder
2024-01-11 04:03:47,150 [main] INFO  server.StorageContainerManager (StorageContainerManager.java:stop(1692)) - Stopping Storage Container Manager HTTP server.
2024-01-11 04:03:47,150 [main] INFO  handler.ContextHandler (ContextHandler.java:doStop(1159)) - Stopped o.e.j.w.WebAppContext@5a4d4f9c{scm,/,null,STOPPED}{file:/home/runner/work/ozone/ozone/hadoop-ozone/integration-test/target/test-classes/webapps/scm}
2024-01-11 04:03:47,151 [main] INFO  server.AbstractConnector (AbstractConnector.java:doStop(383)) - Stopped ServerConnector@7f3c0399{HTTP/1.1, (http/1.1)}{0.0.0.0:15038}
2024-01-11 04:03:47,151 [main] INFO  server.session (HouseKeeper.java:stopScavenging(149)) - node0 Stopped scavenging
2024-01-11 04:03:47,151 [main] INFO  handler.ContextHandler (ContextHandler.java:doStop(1159)) - Stopped o.e.j.s.ServletContextHandler@14efa279{static,/static,file:///home/runner/work/ozone/ozone/hadoop-ozone/integration-test/target/test-classes/webapps/static,STOPPED}
2024-01-11 04:03:47,151 [main] INFO  handler.ContextHandler (ContextHandler.java:doStop(1159)) - Stopped o.e.j.s.ServletContextHandler@a0c5be{logs,/logs,file:///home/runner/work/ozone/ozone/hadoop-ozone/integration-test/target/log,STOPPED}
2024-01-11 04:03:47,152 [main] INFO  server.StorageContainerManager (StorageContainerManager.java:stop(1700)) - Stopping SCM LayoutVersionManager Service.
2024-01-11 04:03:47,152 [main] INFO  server.StorageContainerManager (StorageContainerManager.java:stop(1712)) - Stopping Block Manager Service.
2024-01-11 04:03:47,152 [main] INFO  utils.BackgroundService (BackgroundService.java:shutdown(160)) - Shutting down service SCMBlockDeletingService
2024-01-11 04:03:47,152 [main] INFO  utils.BackgroundService (BackgroundService.java:shutdown(160)) - Shutting down service SCMBlockDeletingService
2024-01-11 04:03:47,152 [main] INFO  server.StorageContainerManager (StorageContainerManager.java:stop(1732)) - Stopping SCM Event Queue.
2024-01-11 04:03:47,153 [JvmPauseMonitor10] INFO  util.JvmPauseMonitor (JvmPauseMonitor.java:run(152)) - JvmPauseMonitor-43bf1331-a289-4555-8d5d-84eb4b3c44c0: Stopped
2024-01-11 04:03:47,153 [main] INFO  server.StorageContainerManager (StorageContainerManager.java:stop(1743)) - Stopping SCM HA services.
2024-01-11 04:03:47,153 [main] INFO  pipeline.BackgroundPipelineCreator (BackgroundPipelineCreator.java:stop(152)) - Stopping RatisPipelineUtilsThread.
2024-01-11 04:03:47,153 [RatisPipelineUtilsThread-0] WARN  pipeline.BackgroundPipelineCreator (BackgroundPipelineCreator.java:run(183)) - RatisPipelineUtilsThread is interrupted.
2024-01-11 04:03:47,153 [BackgroundPipelineScrubber] WARN  BackgroundPipelineScrubber (BackgroundSCMService.java:run(115)) - BackgroundPipelineScrubber is interrupted, exit
2024-01-11 04:03:47,154 [main] INFO  BackgroundPipelineScrubber (BackgroundSCMService.java:stop(131)) - Stopping BackgroundPipelineScrubber Service.
2024-01-11 04:03:47,154 [main] INFO  impl.MetricsSystemImpl (MetricsSystemImpl.java:stop(210)) - Stopping StorageContainerManager metrics system...
2024-01-11 04:03:47,156 [prometheus] INFO  impl.MetricsSinkAdapter (MetricsSinkAdapter.java:publishMetricsFromQueue(141)) - prometheus thread interrupted.
2024-01-11 04:03:47,156 [main] INFO  impl.MetricsSystemImpl (MetricsSystemImpl.java:stop(216)) - StorageContainerManager metrics system stopped.
2024-01-11 04:03:47,156 [main] WARN  pipeline.BackgroundPipelineCreator (BackgroundPipelineCreator.java:stop(148)) - RatisPipelineUtilsThread is not running, just ignore.
2024-01-11 04:03:47,156 [main] INFO  BackgroundPipelineScrubber (BackgroundSCMService.java:stop(126)) - BackgroundPipelineScrubber Service is not running, skip stop.
2024-01-11 04:03:47,157 [ExpiredContainerReplicaOpScrubber] WARN  ExpiredContainerReplicaOpScrubber (BackgroundSCMService.java:run(115)) - ExpiredContainerReplicaOpScrubber is interrupted, exit
2024-01-11 04:03:47,157 [main] INFO  ExpiredContainerReplicaOpScrubber (BackgroundSCMService.java:stop(131)) - Stopping ExpiredContainerReplicaOpScrubber Service.
2024-01-11 04:03:47,158 [main] INFO  utils.BackgroundService (BackgroundService.java:shutdown(160)) - Shutting down service SCMBlockDeletingService
2024-01-11 04:03:47,158 [main] INFO  replication.ReplicationManager (ReplicationManager.java:stop(336)) - Replication Monitor Thread is not running.
2024-01-11 04:03:47,158 [main] WARN  balancer.ContainerBalancer (ContainerBalancer.java:stop(327)) - Cannot stop Container Balancer because it's not running or stopping
2024-01-11 04:03:47,158 [main] INFO  server.StorageContainerManager (StorageContainerManager.java:stop(1778)) - Stopping SCM MetadataStore.
2024-01-11 04:03:47,158 [LeaseManager#LeaseMonitor] WARN  lease.LeaseManager (LeaseManager.java:run(287)) - Lease manager is interrupted. Shutting down...
java.lang.InterruptedException
	at java.util.concurrent.locks.AbstractQueuedSynchronizer.doAcquireSharedNanos(AbstractQueuedSynchronizer.java:1039)
	at java.util.concurrent.locks.AbstractQueuedSynchronizer.tryAcquireSharedNanos(AbstractQueuedSynchronizer.java:1328)
	at java.util.concurrent.Semaphore.tryAcquire(Semaphore.java:409)
	at org.apache.hadoop.ozone.lease.LeaseManager$LeaseMonitor.run(LeaseManager.java:285)
	at java.lang.Thread.run(Thread.java:750)
]]></system-out>
  </testcase>
</testsuite>