<?xml version="1.0" encoding="UTF-8"?>
<testsuite xmlns:xsi="http://www.w3.org/2001/XMLSchema-instance" xsi:noNamespaceSchemaLocation="https://maven.apache.org/surefire/maven-surefire-plugin/xsd/surefire-test-report.xsd" name="org.apache.hadoop.ozone.client.rpc.TestCommitWatcher" time="150.471" tests="2" errors="1" skipped="0" failures="0">
  <properties>
    <property name="awt.toolkit" value="sun.awt.X11.XToolkit"/>
    <property name="file.encoding.pkg" value="sun.io"/>
    <property name="java.specification.version" value="1.8"/>
    <property name="sun.cpu.isalist" value=""/>
    <property name="sun.jnu.encoding" value="UTF-8"/>
    <property name="java.class.path" value="/home/runner/work/ozone/ozone/hadoop-ozone/integration-test/target/test-classes:/home/runner/work/ozone/ozone/hadoop-ozone/integration-test/target/classes:/home/runner/.m2/repository/org/apache/ozone/ozone-common/1.2.0-SNAPSHOT/ozone-common-1.2.0-SNAPSHOT.jar:/home/runner/.m2/repository/org/apache/commons/commons-compress/1.20/commons-compress-1.20.jar:/home/runner/.m2/repository/org/apache/ozone/hdds-common/1.2.0-SNAPSHOT/hdds-common-1.2.0-SNAPSHOT.jar:/home/runner/.m2/repository/org/apache/ozone/hdds-client/1.2.0-SNAPSHOT/hdds-client-1.2.0-SNAPSHOT.jar:/home/runner/.m2/repository/org/apache/ozone/ozone-interface-client/1.2.0-SNAPSHOT/ozone-interface-client-1.2.0-SNAPSHOT.jar:/home/runner/.m2/repository/org/apache/ozone/hdds-server-framework/1.2.0-SNAPSHOT/hdds-server-framework-1.2.0-SNAPSHOT.jar:/home/runner/.m2/repository/org/apache/ozone/hdds-interface-server/1.2.0-SNAPSHOT/hdds-interface-server-1.2.0-SNAPSHOT.jar:/home/runner/.m2/repository/org/eclipse/jetty/jetty-servlet/9.4.43.v20210629/jetty-servlet-9.4.43.v20210629.jar:/home/runner/.m2/repository/org/eclipse/jetty/jetty-security/9.4.43.v20210629/jetty-security-9.4.43.v20210629.jar:/home/runner/.m2/repository/org/rocksdb/rocksdbjni/6.20.3/rocksdbjni-6.20.3.jar:/home/runner/.m2/repository/io/prometheus/simpleclient_dropwizard/0.7.0/simpleclient_dropwizard-0.7.0.jar:/home/runner/.m2/repository/io/prometheus/simpleclient/0.7.0/simpleclient-0.7.0.jar:/home/runner/.m2/repository/io/prometheus/simpleclient_common/0.7.0/simpleclient_common-0.7.0.jar:/home/runner/.m2/repository/com/fasterxml/jackson/datatype/jackson-datatype-jsr310/2.12.1/jackson-datatype-jsr310-2.12.1.jar:/home/runner/.m2/repository/org/apache/ozone/hdds-test-utils/1.2.0-SNAPSHOT/hdds-test-utils-1.2.0-SNAPSHOT.jar:/home/runner/.m2/repository/com/google/guava/guava/30.1.1-jre/guava-30.1.1-jre.jar:/home/runner/.m2/repository/com/google/guava/failureaccess/1.0.1/failureaccess-1.0.1.jar:/home/runner/.m2/repository/com/google/guava/listenablefuture/9999.0-empty-to-avoid-conflict-with-guava/listenablefuture-9999.0-empty-to-avoid-conflict-with-guava.jar:/home/runner/.m2/repository/com/google/code/findbugs/jsr305/3.0.0/jsr305-3.0.0.jar:/home/runner/.m2/repository/org/checkerframework/checker-qual/3.8.0/checker-qual-3.8.0.jar:/home/runner/.m2/repository/com/google/errorprone/error_prone_annotations/2.2.0/error_prone_annotations-2.2.0.jar:/home/runner/.m2/repository/com/google/j2objc/j2objc-annotations/1.3/j2objc-annotations-1.3.jar:/home/runner/.m2/repository/commons-io/commons-io/2.11.0/commons-io-2.11.0.jar:/home/runner/.m2/repository/commons-logging/commons-logging/1.2/commons-logging-1.2.jar:/home/runner/.m2/repository/log4j/log4j/1.2.17/log4j-1.2.17.jar:/home/runner/.m2/repository/org/slf4j/slf4j-api/1.7.30/slf4j-api-1.7.30.jar:/home/runner/.m2/repository/org/apache/ozone/hdds-server-scm/1.2.0-SNAPSHOT/hdds-server-scm-1.2.0-SNAPSHOT.jar:/home/runner/.m2/repository/org/apache/ozone/hdds-container-service/1.2.0-SNAPSHOT/hdds-container-service-1.2.0-SNAPSHOT.jar:/home/runner/.m2/repository/org/apache/ozone/hdds-hadoop-dependency-server/1.2.0-SNAPSHOT/hdds-hadoop-dependency-server-1.2.0-SNAPSHOT.jar:/home/runner/.m2/repository/org/apache/hadoop/hadoop-hdfs/3.3.1/hadoop-hdfs-3.3.1.jar:/home/runner/.m2/repository/io/dropwizard/metrics/metrics-core/3.2.4/metrics-core-3.2.4.jar:/home/runner/.m2/repository/org/apache/hadoop/hadoop-hdfs-client/3.3.1/hadoop-hdfs-client-3.3.1.jar:/home/runner/.m2/repository/org/bouncycastle/bcprov-jdk15on/1.67/bcprov-jdk15on-1.67.jar:/home/runner/.m2/repository/com/google/protobuf/protobuf-java/2.5.0/protobuf-java-2.5.0.jar:/home/runner/.m2/repository/org/apache/ozone/ozone-manager/1.2.0-SNAPSHOT/ozone-manager-1.2.0-SNAPSHOT.jar:/home/runner/.m2/repository/org/aspectj/aspectjrt/1.9.7/aspectjrt-1.9.7.jar:/home/runner/.m2/repository/org/aspectj/aspectjweaver/1.9.7/aspectjweaver-1.9.7.jar:/home/runner/.m2/repository/org/apache/ozone/hdds-interface-client/1.2.0-SNAPSHOT/hdds-interface-client-1.2.0-SNAPSHOT.jar:/home/runner/.m2/repository/org/apache/hadoop/thirdparty/hadoop-shaded-protobuf_3_7/1.1.1/hadoop-shaded-protobuf_3_7-1.1.1.jar:/home/runner/.m2/repository/org/apache/ozone/ozone-interface-storage/1.2.0-SNAPSHOT/ozone-interface-storage-1.2.0-SNAPSHOT.jar:/home/runner/.m2/repository/org/reflections/reflections/0.9.11/reflections-0.9.11.jar:/home/runner/.m2/repository/org/apache/hadoop/hadoop-minikdc/3.3.1/hadoop-minikdc-3.3.1.jar:/home/runner/.m2/repository/org/apache/kerby/kerb-simplekdc/1.0.1/kerb-simplekdc-1.0.1.jar:/home/runner/.m2/repository/org/apache/kerby/kerb-client/1.0.1/kerb-client-1.0.1.jar:/home/runner/.m2/repository/org/apache/kerby/kerby-config/1.0.1/kerby-config-1.0.1.jar:/home/runner/.m2/repository/org/apache/kerby/kerb-common/1.0.1/kerb-common-1.0.1.jar:/home/runner/.m2/repository/org/apache/kerby/kerb-crypto/1.0.1/kerb-crypto-1.0.1.jar:/home/runner/.m2/repository/org/apache/kerby/kerb-util/1.0.1/kerb-util-1.0.1.jar:/home/runner/.m2/repository/org/apache/kerby/token-provider/1.0.1/token-provider-1.0.1.jar:/home/runner/.m2/repository/org/apache/kerby/kerb-admin/1.0.1/kerb-admin-1.0.1.jar:/home/runner/.m2/repository/org/apache/kerby/kerb-server/1.0.1/kerb-server-1.0.1.jar:/home/runner/.m2/repository/org/apache/kerby/kerb-identity/1.0.1/kerb-identity-1.0.1.jar:/home/runner/.m2/repository/org/apache/kerby/kerby-xdr/1.0.1/kerby-xdr-1.0.1.jar:/home/runner/.m2/repository/org/slf4j/slf4j-log4j12/1.7.30/slf4j-log4j12-1.7.30.jar:/home/runner/.m2/repository/org/apache/ozone/ozone-s3gateway/1.2.0-SNAPSHOT/ozone-s3gateway-1.2.0-SNAPSHOT.jar:/home/runner/.m2/repository/org/javassist/javassist/3.21.0-GA/javassist-3.21.0-GA.jar:/home/runner/.m2/repository/org/jboss/weld/servlet/weld-servlet/2.4.7.Final/weld-servlet-2.4.7.Final.jar:/home/runner/.m2/repository/org/glassfish/jersey/containers/jersey-container-servlet-core/2.33/jersey-container-servlet-core-2.33.jar:/home/runner/.m2/repository/org/glassfish/hk2/external/jakarta.inject/2.6.1/jakarta.inject-2.6.1.jar:/home/runner/.m2/repository/org/glassfish/jersey/core/jersey-common/2.33/jersey-common-2.33.jar:/home/runner/.m2/repository/jakarta/ws/rs/jakarta.ws.rs-api/2.1.6/jakarta.ws.rs-api-2.1.6.jar:/home/runner/.m2/repository/org/glassfish/jersey/ext/cdi/jersey-cdi1x/2.33/jersey-cdi1x-2.33.jar:/home/runner/.m2/repository/org/glassfish/jersey/inject/jersey-hk2/2.33/jersey-hk2-2.33.jar:/home/runner/.m2/repository/org/glassfish/hk2/hk2-locator/2.6.1/hk2-locator-2.6.1.jar:/home/runner/.m2/repository/org/glassfish/jersey/media/jersey-media-jaxb/2.33/jersey-media-jaxb-2.33.jar:/home/runner/.m2/repository/org/glassfish/hk2/osgi-resource-locator/1.0.3/osgi-resource-locator-1.0.3.jar:/home/runner/.m2/repository/org/glassfish/hk2/hk2-api/2.5.0/hk2-api-2.5.0.jar:/home/runner/.m2/repository/org/glassfish/hk2/hk2-utils/2.5.0/hk2-utils-2.5.0.jar:/home/runner/.m2/repository/org/glassfish/hk2/external/aopalliance-repackaged/2.5.0/aopalliance-repackaged-2.5.0.jar:/home/runner/.m2/repository/com/fasterxml/jackson/dataformat/jackson-dataformat-xml/2.12.1/jackson-dataformat-xml-2.12.1.jar:/home/runner/.m2/repository/com/fasterxml/jackson/core/jackson-core/2.12.1/jackson-core-2.12.1.jar:/home/runner/.m2/repository/com/fasterxml/jackson/module/jackson-module-jaxb-annotations/2.12.1/jackson-module-jaxb-annotations-2.12.1.jar:/home/runner/.m2/repository/jakarta/xml/bind/jakarta.xml.bind-api/2.3.2/jakarta.xml.bind-api-2.3.2.jar:/home/runner/.m2/repository/org/codehaus/woodstox/stax2-api/3.1.4/stax2-api-3.1.4.jar:/home/runner/.m2/repository/com/fasterxml/woodstox/woodstox-core/5.0.3/woodstox-core-5.0.3.jar:/home/runner/.m2/repository/javax/enterprise/cdi-api/1.2/cdi-api-1.2.jar:/home/runner/.m2/repository/javax/el/javax.el-api/3.0.0/javax.el-api-3.0.0.jar:/home/runner/.m2/repository/javax/interceptor/javax.interceptor-api/1.2/javax.interceptor-api-1.2.jar:/home/runner/.m2/repository/javax/inject/javax.inject/1/javax.inject-1.jar:/home/runner/.m2/repository/javax/xml/bind/jaxb-api/2.3.0/jaxb-api-2.3.0.jar:/home/runner/.m2/repository/org/glassfish/jaxb/jaxb-runtime/2.3.0.1/jaxb-runtime-2.3.0.1.jar:/home/runner/.m2/repository/org/glassfish/jaxb/jaxb-core/2.3.0.1/jaxb-core-2.3.0.1.jar:/home/runner/.m2/repository/org/glassfish/jaxb/txw2/2.3.0.1/txw2-2.3.0.1.jar:/home/runner/.m2/repository/com/sun/istack/istack-commons-runtime/3.0.5/istack-commons-runtime-3.0.5.jar:/home/runner/.m2/repository/org/jvnet/staxex/stax-ex/1.7.8/stax-ex-1.7.8.jar:/home/runner/.m2/repository/com/sun/xml/fastinfoset/FastInfoset/1.2.13/FastInfoset-1.2.13.jar:/home/runner/.m2/repository/javax/activation/activation/1.1.1/activation-1.1.1.jar:/home/runner/.m2/repository/org/apache/ozone/ozone-csi/1.2.0-SNAPSHOT/ozone-csi-1.2.0-SNAPSHOT.jar:/home/runner/.m2/repository/com/google/protobuf/protobuf-java-util/3.12.0/protobuf-java-util-3.12.0.jar:/home/runner/.m2/repository/com/google/code/gson/gson/2.2.4/gson-2.2.4.jar:/home/runner/.m2/repository/org/apache/ozone/hdds-config/1.2.0-SNAPSHOT/hdds-config-1.2.0-SNAPSHOT.jar:/home/runner/.m2/repository/io/grpc/grpc-netty/1.33.0/grpc-netty-1.33.0.jar:/home/runner/.m2/repository/io/grpc/grpc-core/1.33.0/grpc-core-1.33.0.jar:/home/runner/.m2/repository/com/google/android/annotations/4.1.1.4/annotations-4.1.1.4.jar:/home/runner/.m2/repository/io/netty/netty-codec-http2/4.1.63.Final/netty-codec-http2-4.1.63.Final.jar:/home/runner/.m2/repository/io/netty/netty-codec-http/4.1.63.Final/netty-codec-http-4.1.63.Final.jar:/home/runner/.m2/repository/io/netty/netty-handler-proxy/4.1.63.Final/netty-handler-proxy-4.1.63.Final.jar:/home/runner/.m2/repository/io/netty/netty-codec-socks/4.1.63.Final/netty-codec-socks-4.1.63.Final.jar:/home/runner/.m2/repository/io/perfmark/perfmark-api/0.19.0/perfmark-api-0.19.0.jar:/home/runner/.m2/repository/org/codehaus/mojo/animal-sniffer-annotations/1.18/animal-sniffer-annotations-1.18.jar:/home/runner/.m2/repository/io/netty/netty-transport-native-epoll/4.1.63.Final/netty-transport-native-epoll-4.1.63.Final.jar:/home/runner/.m2/repository/io/netty/netty-common/4.1.63.Final/netty-common-4.1.63.Final.jar:/home/runner/.m2/repository/io/netty/netty-buffer/4.1.63.Final/netty-buffer-4.1.63.Final.jar:/home/runner/.m2/repository/io/netty/netty-transport-native-unix-common/4.1.63.Final/netty-transport-native-unix-common-4.1.63.Final.jar:/home/runner/.m2/repository/io/grpc/grpc-protobuf/1.33.0/grpc-protobuf-1.33.0.jar:/home/runner/.m2/repository/io/grpc/grpc-api/1.33.0/grpc-api-1.33.0.jar:/home/runner/.m2/repository/io/grpc/grpc-context/1.33.0/grpc-context-1.33.0.jar:/home/runner/.m2/repository/com/google/api/grpc/proto-google-common-protos/1.17.0/proto-google-common-protos-1.17.0.jar:/home/runner/.m2/repository/io/grpc/grpc-protobuf-lite/1.33.0/grpc-protobuf-lite-1.33.0.jar:/home/runner/.m2/repository/io/grpc/grpc-stub/1.33.0/grpc-stub-1.33.0.jar:/home/runner/.m2/repository/org/apache/ozone/ozone-recon/1.2.0-SNAPSHOT/ozone-recon-1.2.0-SNAPSHOT.jar:/home/runner/.m2/repository/org/apache/ozone/ozone-reconcodegen/1.2.0-SNAPSHOT/ozone-reconcodegen-1.2.0-SNAPSHOT.jar:/home/runner/.m2/repository/com/google/inject/extensions/guice-multibindings/4.0/guice-multibindings-4.0.jar:/home/runner/.m2/repository/com/google/inject/guice/4.0/guice-4.0.jar:/home/runner/.m2/repository/aopalliance/aopalliance/1.0/aopalliance-1.0.jar:/home/runner/.m2/repository/com/google/inject/extensions/guice-assistedinject/4.0/guice-assistedinject-4.0.jar:/home/runner/.m2/repository/com/google/inject/extensions/guice-servlet/4.0/guice-servlet-4.0.jar:/home/runner/.m2/repository/org/glassfish/jersey/containers/jersey-container-servlet/2.33/jersey-container-servlet-2.33.jar:/home/runner/.m2/repository/org/glassfish/hk2/guice-bridge/2.5.0/guice-bridge-2.5.0.jar:/home/runner/.m2/repository/org/glassfish/jersey/core/jersey-server/2.33/jersey-server-2.33.jar:/home/runner/.m2/repository/org/glassfish/jersey/core/jersey-client/2.33/jersey-client-2.33.jar:/home/runner/.m2/repository/jakarta/annotation/jakarta.annotation-api/1.3.5/jakarta.annotation-api-1.3.5.jar:/home/runner/.m2/repository/jakarta/validation/jakarta.validation-api/2.0.2/jakarta.validation-api-2.0.2.jar:/home/runner/.m2/repository/org/glassfish/jersey/media/jersey-media-json-jackson/2.33/jersey-media-json-jackson-2.33.jar:/home/runner/.m2/repository/org/glassfish/jersey/ext/jersey-entity-filtering/2.33/jersey-entity-filtering-2.33.jar:/home/runner/.m2/repository/org/jooq/jooq/3.11.10/jooq-3.11.10.jar:/home/runner/.m2/repository/org/jooq/jooq-meta/3.11.10/jooq-meta-3.11.10.jar:/home/runner/.m2/repository/org/jooq/jooq-codegen/3.11.10/jooq-codegen-3.11.10.jar:/home/runner/.m2/repository/com/jolbox/bonecp/0.8.0.RELEASE/bonecp-0.8.0.RELEASE.jar:/home/runner/.m2/repository/org/apache/derby/derby/10.14.2.0/derby-10.14.2.0.jar:/home/runner/.m2/repository/org/xerial/sqlite-jdbc/3.25.2/sqlite-jdbc-3.25.2.jar:/home/runner/.m2/repository/org/springframework/spring-jdbc/5.2.11.RELEASE/spring-jdbc-5.2.11.RELEASE.jar:/home/runner/.m2/repository/org/springframework/spring-beans/5.2.11.RELEASE/spring-beans-5.2.11.RELEASE.jar:/home/runner/.m2/repository/org/springframework/spring-core/5.2.11.RELEASE/spring-core-5.2.11.RELEASE.jar:/home/runner/.m2/repository/org/springframework/spring-jcl/5.2.11.RELEASE/spring-jcl-5.2.11.RELEASE.jar:/home/runner/.m2/repository/org/springframework/spring-tx/5.2.11.RELEASE/spring-tx-5.2.11.RELEASE.jar:/home/runner/.m2/repository/org/apache/ozone/ozone-client/1.2.0-SNAPSHOT/ozone-client-1.2.0-SNAPSHOT.jar:/home/runner/.m2/repository/org/apache/ozone/ozone-filesystem/1.2.0-SNAPSHOT/ozone-filesystem-1.2.0-SNAPSHOT.jar:/home/runner/.m2/repository/org/apache/ozone/ozone-filesystem-common/1.2.0-SNAPSHOT/ozone-filesystem-common-1.2.0-SNAPSHOT.jar:/home/runner/.m2/repository/org/apache/ozone/ozone-tools/1.2.0-SNAPSHOT/ozone-tools-1.2.0-SNAPSHOT.jar:/home/runner/.m2/repository/org/apache/ratis/ratis-tools/2.1.0-03f3b68-SNAPSHOT/ratis-tools-2.1.0-03f3b68-SNAPSHOT.jar:/home/runner/.m2/repository/com/amazonaws/aws-java-sdk-core/1.11.901/aws-java-sdk-core-1.11.901.jar:/home/runner/.m2/repository/org/apache/httpcomponents/httpclient/4.5.13/httpclient-4.5.13.jar:/home/runner/.m2/repository/org/apache/httpcomponents/httpcore/4.4.13/httpcore-4.4.13.jar:/home/runner/.m2/repository/software/amazon/ion/ion-java/1.0.2/ion-java-1.0.2.jar:/home/runner/.m2/repository/com/fasterxml/jackson/dataformat/jackson-dataformat-cbor/2.12.1/jackson-dataformat-cbor-2.12.1.jar:/home/runner/.m2/repository/joda-time/joda-time/2.8.1/joda-time-2.8.1.jar:/home/runner/.m2/repository/com/amazonaws/aws-java-sdk-s3/1.11.901/aws-java-sdk-s3-1.11.901.jar:/home/runner/.m2/repository/com/amazonaws/aws-java-sdk-kms/1.11.901/aws-java-sdk-kms-1.11.901.jar:/home/runner/.m2/repository/com/amazonaws/jmespath-java/1.11.901/jmespath-java-1.11.901.jar:/home/runner/.m2/repository/org/kohsuke/metainf-services/metainf-services/1.8/metainf-services-1.8.jar:/home/runner/.m2/repository/org/apache/ozone/hdds-tools/1.2.0-SNAPSHOT/hdds-tools-1.2.0-SNAPSHOT.jar:/home/runner/.m2/repository/commons-cli/commons-cli/1.2/commons-cli-1.2.jar:/home/runner/.m2/repository/org/apache/commons/commons-lang3/3.7/commons-lang3-3.7.jar:/home/runner/.m2/repository/org/apache/ozone/ozone-manager/1.2.0-SNAPSHOT/ozone-manager-1.2.0-SNAPSHOT-tests.jar:/home/runner/.m2/repository/org/apache/ozone/hdds-common/1.2.0-SNAPSHOT/hdds-common-1.2.0-SNAPSHOT-tests.jar:/home/runner/.m2/repository/org/apache/ozone/hdds-hadoop-dependency-client/1.2.0-SNAPSHOT/hdds-hadoop-dependency-client-1.2.0-SNAPSHOT.jar:/home/runner/.m2/repository/info/picocli/picocli/4.6.1/picocli-4.6.1.jar:/home/runner/.m2/repository/com/fasterxml/jackson/core/jackson-annotations/2.12.1/jackson-annotations-2.12.1.jar:/home/runner/.m2/repository/javax/annotation/javax.annotation-api/1.2/javax.annotation-api-1.2.jar:/home/runner/.m2/repository/org/apache/ratis/ratis-server/2.1.0-03f3b68-SNAPSHOT/ratis-server-2.1.0-03f3b68-SNAPSHOT.jar:/home/runner/.m2/repository/org/apache/ratis/ratis-client/2.1.0-03f3b68-SNAPSHOT/ratis-client-2.1.0-03f3b68-SNAPSHOT.jar:/home/runner/.m2/repository/org/apache/ratis/ratis-server-api/2.1.0-03f3b68-SNAPSHOT/ratis-server-api-2.1.0-03f3b68-SNAPSHOT.jar:/home/runner/.m2/repository/org/apache/ratis/ratis-metrics/2.1.0-03f3b68-SNAPSHOT/ratis-metrics-2.1.0-03f3b68-SNAPSHOT.jar:/home/runner/.m2/repository/org/apache/ratis/ratis-netty/2.1.0-03f3b68-SNAPSHOT/ratis-netty-2.1.0-03f3b68-SNAPSHOT.jar:/home/runner/.m2/repository/org/apache/ratis/ratis-grpc/2.1.0-03f3b68-SNAPSHOT/ratis-grpc-2.1.0-03f3b68-SNAPSHOT.jar:/home/runner/.m2/repository/org/apache/logging/log4j/log4j-api/2.13.3/log4j-api-2.13.3.jar:/home/runner/.m2/repository/org/apache/logging/log4j/log4j-core/2.13.3/log4j-core-2.13.3.jar:/home/runner/.m2/repository/com/lmax/disruptor/3.4.2/disruptor-3.4.2.jar:/home/runner/.m2/repository/org/apache/commons/commons-pool2/2.6.0/commons-pool2-2.6.0.jar:/home/runner/.m2/repository/org/bouncycastle/bcpkix-jdk15on/1.67/bcpkix-jdk15on-1.67.jar:/home/runner/.m2/repository/commons-validator/commons-validator/1.6/commons-validator-1.6.jar:/home/runner/.m2/repository/commons-beanutils/commons-beanutils/1.9.4/commons-beanutils-1.9.4.jar:/home/runner/.m2/repository/commons-digester/commons-digester/1.8.1/commons-digester-1.8.1.jar:/home/runner/.m2/repository/commons-collections/commons-collections/3.2.2/commons-collections-3.2.2.jar:/home/runner/.m2/repository/io/jaegertracing/jaeger-client/1.6.0/jaeger-client-1.6.0.jar:/home/runner/.m2/repository/io/jaegertracing/jaeger-thrift/1.6.0/jaeger-thrift-1.6.0.jar:/home/runner/.m2/repository/org/apache/thrift/libthrift/0.14.1/libthrift-0.14.1.jar:/home/runner/.m2/repository/com/squareup/okhttp3/okhttp/4.9.0/okhttp-4.9.0.jar:/home/runner/.m2/repository/com/squareup/okio/okio/2.8.0/okio-2.8.0.jar:/home/runner/.m2/repository/io/jaegertracing/jaeger-core/1.6.0/jaeger-core-1.6.0.jar:/home/runner/.m2/repository/io/jaegertracing/jaeger-tracerresolver/1.6.0/jaeger-tracerresolver-1.6.0.jar:/home/runner/.m2/repository/io/opentracing/contrib/opentracing-tracerresolver/0.1.8/opentracing-tracerresolver-0.1.8.jar:/home/runner/.m2/repository/org/jetbrains/kotlin/kotlin-stdlib/1.4.31/kotlin-stdlib-1.4.31.jar:/home/runner/.m2/repository/org/jetbrains/kotlin/kotlin-stdlib-common/1.4.31/kotlin-stdlib-common-1.4.31.jar:/home/runner/.m2/repository/org/jetbrains/annotations/13.0/annotations-13.0.jar:/home/runner/.m2/repository/io/opentracing/opentracing-util/0.33.0/opentracing-util-0.33.0.jar:/home/runner/.m2/repository/io/opentracing/opentracing-api/0.33.0/opentracing-api-0.33.0.jar:/home/runner/.m2/repository/io/opentracing/opentracing-noop/0.33.0/opentracing-noop-0.33.0.jar:/home/runner/.m2/repository/org/yaml/snakeyaml/1.26/snakeyaml-1.26.jar:/home/runner/.m2/repository/org/apache/ozone/hdds-interface-admin/1.2.0-SNAPSHOT/hdds-interface-admin-1.2.0-SNAPSHOT.jar:/home/runner/.m2/repository/junit/junit/4.13.1/junit-4.13.1.jar:/home/runner/.m2/repository/org/hamcrest/hamcrest-core/1.3/hamcrest-core-1.3.jar:/home/runner/.m2/repository/org/junit/jupiter/junit-jupiter-api/5.7.0/junit-jupiter-api-5.7.0.jar:/home/runner/.m2/repository/org/apiguardian/apiguardian-api/1.1.0/apiguardian-api-1.1.0.jar:/home/runner/.m2/repository/org/opentest4j/opentest4j/1.2.0/opentest4j-1.2.0.jar:/home/runner/.m2/repository/org/junit/platform/junit-platform-commons/1.7.0/junit-platform-commons-1.7.0.jar:/home/runner/.m2/repository/org/junit/jupiter/junit-jupiter-engine/5.7.0/junit-jupiter-engine-5.7.0.jar:/home/runner/.m2/repository/org/junit/platform/junit-platform-engine/1.7.0/junit-platform-engine-1.7.0.jar:/home/runner/.m2/repository/org/junit/vintage/junit-vintage-engine/5.7.0/junit-vintage-engine-5.7.0.jar:/home/runner/.m2/repository/org/junit/platform/junit-platform-launcher/1.7.0/junit-platform-launcher-1.7.0.jar:/home/runner/.m2/repository/org/openjdk/jmh/jmh-core/1.19/jmh-core-1.19.jar:/home/runner/.m2/repository/net/sf/jopt-simple/jopt-simple/4.6/jopt-simple-4.6.jar:/home/runner/.m2/repository/org/apache/commons/commons-math3/3.1.1/commons-math3-3.1.1.jar:/home/runner/.m2/repository/org/openjdk/jmh/jmh-generator-annprocess/1.19/jmh-generator-annprocess-1.19.jar:/home/runner/.m2/repository/org/mockito/mockito-core/2.28.2/mockito-core-2.28.2.jar:/home/runner/.m2/repository/net/bytebuddy/byte-buddy/1.9.10/byte-buddy-1.9.10.jar:/home/runner/.m2/repository/net/bytebuddy/byte-buddy-agent/1.9.10/byte-buddy-agent-1.9.10.jar:/home/runner/.m2/repository/org/objenesis/objenesis/1.0/objenesis-1.0.jar:/home/runner/.m2/repository/org/apache/hadoop/hadoop-kms/3.3.1/hadoop-kms-3.3.1.jar:/home/runner/.m2/repository/org/apache/hadoop/hadoop-auth/3.3.1/hadoop-auth-3.3.1.jar:/home/runner/.m2/repository/com/nimbusds/nimbus-jose-jwt/7.9/nimbus-jose-jwt-7.9.jar:/home/runner/.m2/repository/com/github/stephenc/jcip/jcip-annotations/1.0-1/jcip-annotations-1.0-1.jar:/home/runner/.m2/repository/net/minidev/json-smart/2.3.1/json-smart-2.3.1.jar:/home/runner/.m2/repository/net/minidev/accessors-smart/2.3.1/accessors-smart-2.3.1.jar:/home/runner/.m2/repository/org/ow2/asm/asm/5.0.4/asm-5.0.4.jar:/home/runner/.m2/repository/org/apache/zookeeper/zookeeper/3.5.6/zookeeper-3.5.6.jar:/home/runner/.m2/repository/org/apache/zookeeper/zookeeper-jute/3.5.6/zookeeper-jute-3.5.6.jar:/home/runner/.m2/repository/org/apache/yetus/audience-annotations/0.5.0/audience-annotations-0.5.0.jar:/home/runner/.m2/repository/org/apache/curator/curator-framework/4.2.0/curator-framework-4.2.0.jar:/home/runner/.m2/repository/org/apache/hadoop/thirdparty/hadoop-shaded-guava/1.1.1/hadoop-shaded-guava-1.1.1.jar:/home/runner/.m2/repository/com/sun/jersey/jersey-core/1.19/jersey-core-1.19.jar:/home/runner/.m2/repository/javax/ws/rs/jsr311-api/1.1.1/jsr311-api-1.1.1.jar:/home/runner/.m2/repository/com/sun/jersey/jersey-server/1.19/jersey-server-1.19.jar:/home/runner/.m2/repository/javax/servlet/javax.servlet-api/3.1.0/javax.servlet-api-3.1.0.jar:/home/runner/.m2/repository/org/eclipse/jetty/jetty-server/9.4.43.v20210629/jetty-server-9.4.43.v20210629.jar:/home/runner/.m2/repository/org/eclipse/jetty/jetty-http/9.4.43.v20210629/jetty-http-9.4.43.v20210629.jar:/home/runner/.m2/repository/org/eclipse/jetty/jetty-io/9.4.43.v20210629/jetty-io-9.4.43.v20210629.jar:/home/runner/.m2/repository/org/eclipse/jetty/jetty-webapp/9.4.43.v20210629/jetty-webapp-9.4.43.v20210629.jar:/home/runner/.m2/repository/org/eclipse/jetty/jetty-xml/9.4.43.v20210629/jetty-xml-9.4.43.v20210629.jar:/home/runner/.m2/repository/org/apache/hadoop/hadoop-common/3.3.1/hadoop-common-3.3.1.jar:/home/runner/.m2/repository/commons-net/commons-net/3.6/commons-net-3.6.jar:/home/runner/.m2/repository/jakarta/activation/jakarta.activation-api/1.2.1/jakarta.activation-api-1.2.1.jar:/home/runner/.m2/repository/com/sun/jersey/jersey-servlet/1.19/jersey-servlet-1.19.jar:/home/runner/.m2/repository/com/sun/jersey/jersey-json/1.19/jersey-json-1.19.jar:/home/runner/.m2/repository/org/codehaus/jettison/jettison/1.1/jettison-1.1.jar:/home/runner/.m2/repository/com/sun/xml/bind/jaxb-impl/2.2.3-1/jaxb-impl-2.2.3-1.jar:/home/runner/.m2/repository/org/codehaus/jackson/jackson-jaxrs/1.9.2/jackson-jaxrs-1.9.2.jar:/home/runner/.m2/repository/org/codehaus/jackson/jackson-xc/1.9.2/jackson-xc-1.9.2.jar:/home/runner/.m2/repository/org/apache/commons/commons-configuration2/2.1.1/commons-configuration2-2.1.1.jar:/home/runner/.m2/repository/org/apache/commons/commons-text/1.4/commons-text-1.4.jar:/home/runner/.m2/repository/com/google/re2j/re2j/1.1/re2j-1.1.jar:/home/runner/.m2/repository/com/jcraft/jsch/0.1.54/jsch-0.1.54.jar:/home/runner/.m2/repository/org/apache/curator/curator-client/4.2.0/curator-client-4.2.0.jar:/home/runner/.m2/repository/org/apache/curator/curator-recipes/4.2.0/curator-recipes-4.2.0.jar:/home/runner/.m2/repository/org/apache/kerby/kerb-core/1.0.1/kerb-core-1.0.1.jar:/home/runner/.m2/repository/org/apache/kerby/kerby-pkix/1.0.1/kerby-pkix-1.0.1.jar:/home/runner/.m2/repository/org/apache/kerby/kerby-asn1/1.0.1/kerby-asn1-1.0.1.jar:/home/runner/.m2/repository/org/apache/kerby/kerby-util/1.0.1/kerby-util-1.0.1.jar:/home/runner/.m2/repository/dnsjava/dnsjava/2.1.7/dnsjava-2.1.7.jar:/home/runner/.m2/repository/org/xerial/snappy/snappy-java/1.1.8.2/snappy-java-1.1.8.2.jar:/home/runner/.m2/repository/org/slf4j/jul-to-slf4j/1.7.30/jul-to-slf4j-1.7.30.jar:/home/runner/.m2/repository/org/eclipse/jetty/jetty-util/9.4.43.v20210629/jetty-util-9.4.43.v20210629.jar:/home/runner/.m2/repository/com/fasterxml/jackson/core/jackson-databind/2.12.1/jackson-databind-2.12.1.jar:/home/runner/.m2/repository/org/apache/hadoop/hadoop-kms/3.3.1/hadoop-kms-3.3.1-tests.jar:/home/runner/.m2/repository/org/apache/ozone/hdds-server-scm/1.2.0-SNAPSHOT/hdds-server-scm-1.2.0-SNAPSHOT-tests.jar:/home/runner/.m2/repository/org/apache/ozone/hdds-container-service/1.2.0-SNAPSHOT/hdds-container-service-1.2.0-SNAPSHOT-tests.jar:/home/runner/.m2/repository/commons-codec/commons-codec/1.11/commons-codec-1.11.jar:/home/runner/.m2/repository/io/netty/netty-transport/4.1.63.Final/netty-transport-4.1.63.Final.jar:/home/runner/.m2/repository/io/netty/netty-resolver/4.1.63.Final/netty-resolver-4.1.63.Final.jar:/home/runner/.m2/repository/io/netty/netty-codec/4.1.63.Final/netty-codec-4.1.63.Final.jar:/home/runner/.m2/repository/io/netty/netty-handler/4.1.63.Final/netty-handler-4.1.63.Final.jar:/home/runner/.m2/repository/org/apache/ozone/hdds-hadoop-dependency-test/1.2.0-SNAPSHOT/hdds-hadoop-dependency-test-1.2.0-SNAPSHOT.jar:/home/runner/.m2/repository/org/apache/hadoop/hadoop-common/3.3.1/hadoop-common-3.3.1-tests.jar:/home/runner/.m2/repository/org/assertj/assertj-core/3.12.2/assertj-core-3.12.2.jar:/home/runner/.m2/repository/org/apache/hadoop/hadoop-hdfs/3.3.1/hadoop-hdfs-3.3.1-tests.jar:/home/runner/.m2/repository/org/eclipse/jetty/jetty-util-ajax/9.4.43.v20210629/jetty-util-ajax-9.4.43.v20210629.jar:/home/runner/.m2/repository/commons-daemon/commons-daemon/1.0.13/commons-daemon-1.0.13.jar:/home/runner/.m2/repository/io/netty/netty/3.10.6.Final/netty-3.10.6.Final.jar:/home/runner/.m2/repository/io/netty/netty-all/4.1.63.Final/netty-all-4.1.63.Final.jar:/home/runner/.m2/repository/org/apache/htrace/htrace-core4/4.1.0-incubating/htrace-core4-4.1.0-incubating.jar:/home/runner/.m2/repository/org/fusesource/leveldbjni/leveldbjni-all/1.8/leveldbjni-all-1.8.jar:/home/runner/.m2/repository/org/apache/hadoop/hadoop-distcp/3.3.1/hadoop-distcp-3.3.1.jar:/home/runner/.m2/repository/org/apache/hadoop/hadoop-mapreduce-client-jobclient/3.3.1/hadoop-mapreduce-client-jobclient-3.3.1.jar:/home/runner/.m2/repository/org/apache/hadoop/hadoop-mapreduce-client-common/3.3.1/hadoop-mapreduce-client-common-3.3.1.jar:/home/runner/.m2/repository/org/apache/hadoop/hadoop-yarn-common/3.3.1/hadoop-yarn-common-3.3.1.jar:/home/runner/.m2/repository/org/apache/hadoop/hadoop-yarn-api/3.3.1/hadoop-yarn-api-3.3.1.jar:/home/runner/.m2/repository/com/sun/jersey/jersey-client/1.19/jersey-client-1.19.jar:/home/runner/.m2/repository/com/sun/jersey/contribs/jersey-guice/1.19/jersey-guice-1.19.jar:/home/runner/.m2/repository/com/fasterxml/jackson/jaxrs/jackson-jaxrs-json-provider/2.12.1/jackson-jaxrs-json-provider-2.12.1.jar:/home/runner/.m2/repository/com/fasterxml/jackson/jaxrs/jackson-jaxrs-base/2.12.1/jackson-jaxrs-base-2.12.1.jar:/home/runner/.m2/repository/org/apache/hadoop/hadoop-yarn-client/3.3.1/hadoop-yarn-client-3.3.1.jar:/home/runner/.m2/repository/org/eclipse/jetty/websocket/websocket-client/9.4.40.v20210413/websocket-client-9.4.40.v20210413.jar:/home/runner/.m2/repository/org/eclipse/jetty/jetty-client/9.4.40.v20210413/jetty-client-9.4.40.v20210413.jar:/home/runner/.m2/repository/org/eclipse/jetty/websocket/websocket-common/9.4.40.v20210413/websocket-common-9.4.40.v20210413.jar:/home/runner/.m2/repository/org/eclipse/jetty/websocket/websocket-api/9.4.40.v20210413/websocket-api-9.4.40.v20210413.jar:/home/runner/.m2/repository/org/jline/jline/3.9.0/jline-3.9.0.jar:/home/runner/.m2/repository/org/apache/hadoop/hadoop-mapreduce-client-core/3.3.1/hadoop-mapreduce-client-core-3.3.1.jar:/home/runner/.m2/repository/org/apache/avro/avro/1.7.7/avro-1.7.7.jar:/home/runner/.m2/repository/org/codehaus/jackson/jackson-core-asl/1.9.13/jackson-core-asl-1.9.13.jar:/home/runner/.m2/repository/org/codehaus/jackson/jackson-mapper-asl/1.9.13/jackson-mapper-asl-1.9.13.jar:/home/runner/.m2/repository/com/thoughtworks/paranamer/paranamer/2.3/paranamer-2.3.jar:/home/runner/.m2/repository/org/apache/hadoop/hadoop-annotations/3.3.1/hadoop-annotations-3.3.1.jar:/usr/lib/jvm/adoptopenjdk-8-hotspot-amd64/jre/../lib/tools.jar:/home/runner/.m2/repository/org/apache/hadoop/hadoop-distcp/3.3.1/hadoop-distcp-3.3.1-tests.jar:/home/runner/.m2/repository/org/apache/ratis/ratis-common/2.1.0-03f3b68-SNAPSHOT/ratis-common-2.1.0-03f3b68-SNAPSHOT.jar:/home/runner/.m2/repository/org/apache/ratis/ratis-thirdparty-misc/0.7.0/ratis-thirdparty-misc-0.7.0.jar:/home/runner/.m2/repository/org/apache/ratis/ratis-proto/2.1.0-03f3b68-SNAPSHOT/ratis-proto-2.1.0-03f3b68-SNAPSHOT.jar:"/>
    <property name="java.vm.vendor" value="AdoptOpenJDK"/>
    <property name="sun.arch.data.model" value="64"/>
    <property name="test.build.dir" value="/home/runner/work/ozone/ozone/hadoop-ozone/integration-test/target/test-dir"/>
    <property name="test.cache.data" value=""/>
    <property name="java.vendor.url" value="https://adoptopenjdk.net/"/>
    <property name="user.timezone" value=""/>
    <property name="java.vm.specification.version" value="1.8"/>
    <property name="os.name" value="Linux"/>
    <property name="test.build.data" value="/home/runner/work/ozone/ozone/hadoop-ozone/integration-test/target/test-dir"/>
    <property name="sun.java.launcher" value="SUN_STANDARD"/>
    <property name="sun.boot.library.path" value="/usr/lib/jvm/adoptopenjdk-8-hotspot-amd64/jre/lib/amd64"/>
    <property name="sun.java.command" value="/home/runner/work/ozone/ozone/hadoop-ozone/integration-test/target/surefire/surefirebooter8557214698529677356.jar /home/runner/work/ozone/ozone/hadoop-ozone/integration-test/target/surefire 2021-10-14T18-59-41_946-jvmRun1 surefire1602478867131333949tmp surefire_195585833770816829783tmp"/>
    <property name="surefire.test.class.path" value="/home/runner/work/ozone/ozone/hadoop-ozone/integration-test/target/test-classes:/home/runner/work/ozone/ozone/hadoop-ozone/integration-test/target/classes:/home/runner/.m2/repository/org/apache/ozone/ozone-common/1.2.0-SNAPSHOT/ozone-common-1.2.0-SNAPSHOT.jar:/home/runner/.m2/repository/org/apache/commons/commons-compress/1.20/commons-compress-1.20.jar:/home/runner/.m2/repository/org/apache/ozone/hdds-common/1.2.0-SNAPSHOT/hdds-common-1.2.0-SNAPSHOT.jar:/home/runner/.m2/repository/org/apache/ozone/hdds-client/1.2.0-SNAPSHOT/hdds-client-1.2.0-SNAPSHOT.jar:/home/runner/.m2/repository/org/apache/ozone/ozone-interface-client/1.2.0-SNAPSHOT/ozone-interface-client-1.2.0-SNAPSHOT.jar:/home/runner/.m2/repository/org/apache/ozone/hdds-server-framework/1.2.0-SNAPSHOT/hdds-server-framework-1.2.0-SNAPSHOT.jar:/home/runner/.m2/repository/org/apache/ozone/hdds-interface-server/1.2.0-SNAPSHOT/hdds-interface-server-1.2.0-SNAPSHOT.jar:/home/runner/.m2/repository/org/eclipse/jetty/jetty-servlet/9.4.43.v20210629/jetty-servlet-9.4.43.v20210629.jar:/home/runner/.m2/repository/org/eclipse/jetty/jetty-security/9.4.43.v20210629/jetty-security-9.4.43.v20210629.jar:/home/runner/.m2/repository/org/rocksdb/rocksdbjni/6.20.3/rocksdbjni-6.20.3.jar:/home/runner/.m2/repository/io/prometheus/simpleclient_dropwizard/0.7.0/simpleclient_dropwizard-0.7.0.jar:/home/runner/.m2/repository/io/prometheus/simpleclient/0.7.0/simpleclient-0.7.0.jar:/home/runner/.m2/repository/io/prometheus/simpleclient_common/0.7.0/simpleclient_common-0.7.0.jar:/home/runner/.m2/repository/com/fasterxml/jackson/datatype/jackson-datatype-jsr310/2.12.1/jackson-datatype-jsr310-2.12.1.jar:/home/runner/.m2/repository/org/apache/ozone/hdds-test-utils/1.2.0-SNAPSHOT/hdds-test-utils-1.2.0-SNAPSHOT.jar:/home/runner/.m2/repository/com/google/guava/guava/30.1.1-jre/guava-30.1.1-jre.jar:/home/runner/.m2/repository/com/google/guava/failureaccess/1.0.1/failureaccess-1.0.1.jar:/home/runner/.m2/repository/com/google/guava/listenablefuture/9999.0-empty-to-avoid-conflict-with-guava/listenablefuture-9999.0-empty-to-avoid-conflict-with-guava.jar:/home/runner/.m2/repository/com/google/code/findbugs/jsr305/3.0.0/jsr305-3.0.0.jar:/home/runner/.m2/repository/org/checkerframework/checker-qual/3.8.0/checker-qual-3.8.0.jar:/home/runner/.m2/repository/com/google/errorprone/error_prone_annotations/2.2.0/error_prone_annotations-2.2.0.jar:/home/runner/.m2/repository/com/google/j2objc/j2objc-annotations/1.3/j2objc-annotations-1.3.jar:/home/runner/.m2/repository/commons-io/commons-io/2.11.0/commons-io-2.11.0.jar:/home/runner/.m2/repository/commons-logging/commons-logging/1.2/commons-logging-1.2.jar:/home/runner/.m2/repository/log4j/log4j/1.2.17/log4j-1.2.17.jar:/home/runner/.m2/repository/org/slf4j/slf4j-api/1.7.30/slf4j-api-1.7.30.jar:/home/runner/.m2/repository/org/apache/ozone/hdds-server-scm/1.2.0-SNAPSHOT/hdds-server-scm-1.2.0-SNAPSHOT.jar:/home/runner/.m2/repository/org/apache/ozone/hdds-container-service/1.2.0-SNAPSHOT/hdds-container-service-1.2.0-SNAPSHOT.jar:/home/runner/.m2/repository/org/apache/ozone/hdds-hadoop-dependency-server/1.2.0-SNAPSHOT/hdds-hadoop-dependency-server-1.2.0-SNAPSHOT.jar:/home/runner/.m2/repository/org/apache/hadoop/hadoop-hdfs/3.3.1/hadoop-hdfs-3.3.1.jar:/home/runner/.m2/repository/io/dropwizard/metrics/metrics-core/3.2.4/metrics-core-3.2.4.jar:/home/runner/.m2/repository/org/apache/hadoop/hadoop-hdfs-client/3.3.1/hadoop-hdfs-client-3.3.1.jar:/home/runner/.m2/repository/org/bouncycastle/bcprov-jdk15on/1.67/bcprov-jdk15on-1.67.jar:/home/runner/.m2/repository/com/google/protobuf/protobuf-java/2.5.0/protobuf-java-2.5.0.jar:/home/runner/.m2/repository/org/apache/ozone/ozone-manager/1.2.0-SNAPSHOT/ozone-manager-1.2.0-SNAPSHOT.jar:/home/runner/.m2/repository/org/aspectj/aspectjrt/1.9.7/aspectjrt-1.9.7.jar:/home/runner/.m2/repository/org/aspectj/aspectjweaver/1.9.7/aspectjweaver-1.9.7.jar:/home/runner/.m2/repository/org/apache/ozone/hdds-interface-client/1.2.0-SNAPSHOT/hdds-interface-client-1.2.0-SNAPSHOT.jar:/home/runner/.m2/repository/org/apache/hadoop/thirdparty/hadoop-shaded-protobuf_3_7/1.1.1/hadoop-shaded-protobuf_3_7-1.1.1.jar:/home/runner/.m2/repository/org/apache/ozone/ozone-interface-storage/1.2.0-SNAPSHOT/ozone-interface-storage-1.2.0-SNAPSHOT.jar:/home/runner/.m2/repository/org/reflections/reflections/0.9.11/reflections-0.9.11.jar:/home/runner/.m2/repository/org/apache/hadoop/hadoop-minikdc/3.3.1/hadoop-minikdc-3.3.1.jar:/home/runner/.m2/repository/org/apache/kerby/kerb-simplekdc/1.0.1/kerb-simplekdc-1.0.1.jar:/home/runner/.m2/repository/org/apache/kerby/kerb-client/1.0.1/kerb-client-1.0.1.jar:/home/runner/.m2/repository/org/apache/kerby/kerby-config/1.0.1/kerby-config-1.0.1.jar:/home/runner/.m2/repository/org/apache/kerby/kerb-common/1.0.1/kerb-common-1.0.1.jar:/home/runner/.m2/repository/org/apache/kerby/kerb-crypto/1.0.1/kerb-crypto-1.0.1.jar:/home/runner/.m2/repository/org/apache/kerby/kerb-util/1.0.1/kerb-util-1.0.1.jar:/home/runner/.m2/repository/org/apache/kerby/token-provider/1.0.1/token-provider-1.0.1.jar:/home/runner/.m2/repository/org/apache/kerby/kerb-admin/1.0.1/kerb-admin-1.0.1.jar:/home/runner/.m2/repository/org/apache/kerby/kerb-server/1.0.1/kerb-server-1.0.1.jar:/home/runner/.m2/repository/org/apache/kerby/kerb-identity/1.0.1/kerb-identity-1.0.1.jar:/home/runner/.m2/repository/org/apache/kerby/kerby-xdr/1.0.1/kerby-xdr-1.0.1.jar:/home/runner/.m2/repository/org/slf4j/slf4j-log4j12/1.7.30/slf4j-log4j12-1.7.30.jar:/home/runner/.m2/repository/org/apache/ozone/ozone-s3gateway/1.2.0-SNAPSHOT/ozone-s3gateway-1.2.0-SNAPSHOT.jar:/home/runner/.m2/repository/org/javassist/javassist/3.21.0-GA/javassist-3.21.0-GA.jar:/home/runner/.m2/repository/org/jboss/weld/servlet/weld-servlet/2.4.7.Final/weld-servlet-2.4.7.Final.jar:/home/runner/.m2/repository/org/glassfish/jersey/containers/jersey-container-servlet-core/2.33/jersey-container-servlet-core-2.33.jar:/home/runner/.m2/repository/org/glassfish/hk2/external/jakarta.inject/2.6.1/jakarta.inject-2.6.1.jar:/home/runner/.m2/repository/org/glassfish/jersey/core/jersey-common/2.33/jersey-common-2.33.jar:/home/runner/.m2/repository/jakarta/ws/rs/jakarta.ws.rs-api/2.1.6/jakarta.ws.rs-api-2.1.6.jar:/home/runner/.m2/repository/org/glassfish/jersey/ext/cdi/jersey-cdi1x/2.33/jersey-cdi1x-2.33.jar:/home/runner/.m2/repository/org/glassfish/jersey/inject/jersey-hk2/2.33/jersey-hk2-2.33.jar:/home/runner/.m2/repository/org/glassfish/hk2/hk2-locator/2.6.1/hk2-locator-2.6.1.jar:/home/runner/.m2/repository/org/glassfish/jersey/media/jersey-media-jaxb/2.33/jersey-media-jaxb-2.33.jar:/home/runner/.m2/repository/org/glassfish/hk2/osgi-resource-locator/1.0.3/osgi-resource-locator-1.0.3.jar:/home/runner/.m2/repository/org/glassfish/hk2/hk2-api/2.5.0/hk2-api-2.5.0.jar:/home/runner/.m2/repository/org/glassfish/hk2/hk2-utils/2.5.0/hk2-utils-2.5.0.jar:/home/runner/.m2/repository/org/glassfish/hk2/external/aopalliance-repackaged/2.5.0/aopalliance-repackaged-2.5.0.jar:/home/runner/.m2/repository/com/fasterxml/jackson/dataformat/jackson-dataformat-xml/2.12.1/jackson-dataformat-xml-2.12.1.jar:/home/runner/.m2/repository/com/fasterxml/jackson/core/jackson-core/2.12.1/jackson-core-2.12.1.jar:/home/runner/.m2/repository/com/fasterxml/jackson/module/jackson-module-jaxb-annotations/2.12.1/jackson-module-jaxb-annotations-2.12.1.jar:/home/runner/.m2/repository/jakarta/xml/bind/jakarta.xml.bind-api/2.3.2/jakarta.xml.bind-api-2.3.2.jar:/home/runner/.m2/repository/org/codehaus/woodstox/stax2-api/3.1.4/stax2-api-3.1.4.jar:/home/runner/.m2/repository/com/fasterxml/woodstox/woodstox-core/5.0.3/woodstox-core-5.0.3.jar:/home/runner/.m2/repository/javax/enterprise/cdi-api/1.2/cdi-api-1.2.jar:/home/runner/.m2/repository/javax/el/javax.el-api/3.0.0/javax.el-api-3.0.0.jar:/home/runner/.m2/repository/javax/interceptor/javax.interceptor-api/1.2/javax.interceptor-api-1.2.jar:/home/runner/.m2/repository/javax/inject/javax.inject/1/javax.inject-1.jar:/home/runner/.m2/repository/javax/xml/bind/jaxb-api/2.3.0/jaxb-api-2.3.0.jar:/home/runner/.m2/repository/org/glassfish/jaxb/jaxb-runtime/2.3.0.1/jaxb-runtime-2.3.0.1.jar:/home/runner/.m2/repository/org/glassfish/jaxb/jaxb-core/2.3.0.1/jaxb-core-2.3.0.1.jar:/home/runner/.m2/repository/org/glassfish/jaxb/txw2/2.3.0.1/txw2-2.3.0.1.jar:/home/runner/.m2/repository/com/sun/istack/istack-commons-runtime/3.0.5/istack-commons-runtime-3.0.5.jar:/home/runner/.m2/repository/org/jvnet/staxex/stax-ex/1.7.8/stax-ex-1.7.8.jar:/home/runner/.m2/repository/com/sun/xml/fastinfoset/FastInfoset/1.2.13/FastInfoset-1.2.13.jar:/home/runner/.m2/repository/javax/activation/activation/1.1.1/activation-1.1.1.jar:/home/runner/.m2/repository/org/apache/ozone/ozone-csi/1.2.0-SNAPSHOT/ozone-csi-1.2.0-SNAPSHOT.jar:/home/runner/.m2/repository/com/google/protobuf/protobuf-java-util/3.12.0/protobuf-java-util-3.12.0.jar:/home/runner/.m2/repository/com/google/code/gson/gson/2.2.4/gson-2.2.4.jar:/home/runner/.m2/repository/org/apache/ozone/hdds-config/1.2.0-SNAPSHOT/hdds-config-1.2.0-SNAPSHOT.jar:/home/runner/.m2/repository/io/grpc/grpc-netty/1.33.0/grpc-netty-1.33.0.jar:/home/runner/.m2/repository/io/grpc/grpc-core/1.33.0/grpc-core-1.33.0.jar:/home/runner/.m2/repository/com/google/android/annotations/4.1.1.4/annotations-4.1.1.4.jar:/home/runner/.m2/repository/io/netty/netty-codec-http2/4.1.63.Final/netty-codec-http2-4.1.63.Final.jar:/home/runner/.m2/repository/io/netty/netty-codec-http/4.1.63.Final/netty-codec-http-4.1.63.Final.jar:/home/runner/.m2/repository/io/netty/netty-handler-proxy/4.1.63.Final/netty-handler-proxy-4.1.63.Final.jar:/home/runner/.m2/repository/io/netty/netty-codec-socks/4.1.63.Final/netty-codec-socks-4.1.63.Final.jar:/home/runner/.m2/repository/io/perfmark/perfmark-api/0.19.0/perfmark-api-0.19.0.jar:/home/runner/.m2/repository/org/codehaus/mojo/animal-sniffer-annotations/1.18/animal-sniffer-annotations-1.18.jar:/home/runner/.m2/repository/io/netty/netty-transport-native-epoll/4.1.63.Final/netty-transport-native-epoll-4.1.63.Final.jar:/home/runner/.m2/repository/io/netty/netty-common/4.1.63.Final/netty-common-4.1.63.Final.jar:/home/runner/.m2/repository/io/netty/netty-buffer/4.1.63.Final/netty-buffer-4.1.63.Final.jar:/home/runner/.m2/repository/io/netty/netty-transport-native-unix-common/4.1.63.Final/netty-transport-native-unix-common-4.1.63.Final.jar:/home/runner/.m2/repository/io/grpc/grpc-protobuf/1.33.0/grpc-protobuf-1.33.0.jar:/home/runner/.m2/repository/io/grpc/grpc-api/1.33.0/grpc-api-1.33.0.jar:/home/runner/.m2/repository/io/grpc/grpc-context/1.33.0/grpc-context-1.33.0.jar:/home/runner/.m2/repository/com/google/api/grpc/proto-google-common-protos/1.17.0/proto-google-common-protos-1.17.0.jar:/home/runner/.m2/repository/io/grpc/grpc-protobuf-lite/1.33.0/grpc-protobuf-lite-1.33.0.jar:/home/runner/.m2/repository/io/grpc/grpc-stub/1.33.0/grpc-stub-1.33.0.jar:/home/runner/.m2/repository/org/apache/ozone/ozone-recon/1.2.0-SNAPSHOT/ozone-recon-1.2.0-SNAPSHOT.jar:/home/runner/.m2/repository/org/apache/ozone/ozone-reconcodegen/1.2.0-SNAPSHOT/ozone-reconcodegen-1.2.0-SNAPSHOT.jar:/home/runner/.m2/repository/com/google/inject/extensions/guice-multibindings/4.0/guice-multibindings-4.0.jar:/home/runner/.m2/repository/com/google/inject/guice/4.0/guice-4.0.jar:/home/runner/.m2/repository/aopalliance/aopalliance/1.0/aopalliance-1.0.jar:/home/runner/.m2/repository/com/google/inject/extensions/guice-assistedinject/4.0/guice-assistedinject-4.0.jar:/home/runner/.m2/repository/com/google/inject/extensions/guice-servlet/4.0/guice-servlet-4.0.jar:/home/runner/.m2/repository/org/glassfish/jersey/containers/jersey-container-servlet/2.33/jersey-container-servlet-2.33.jar:/home/runner/.m2/repository/org/glassfish/hk2/guice-bridge/2.5.0/guice-bridge-2.5.0.jar:/home/runner/.m2/repository/org/glassfish/jersey/core/jersey-server/2.33/jersey-server-2.33.jar:/home/runner/.m2/repository/org/glassfish/jersey/core/jersey-client/2.33/jersey-client-2.33.jar:/home/runner/.m2/repository/jakarta/annotation/jakarta.annotation-api/1.3.5/jakarta.annotation-api-1.3.5.jar:/home/runner/.m2/repository/jakarta/validation/jakarta.validation-api/2.0.2/jakarta.validation-api-2.0.2.jar:/home/runner/.m2/repository/org/glassfish/jersey/media/jersey-media-json-jackson/2.33/jersey-media-json-jackson-2.33.jar:/home/runner/.m2/repository/org/glassfish/jersey/ext/jersey-entity-filtering/2.33/jersey-entity-filtering-2.33.jar:/home/runner/.m2/repository/org/jooq/jooq/3.11.10/jooq-3.11.10.jar:/home/runner/.m2/repository/org/jooq/jooq-meta/3.11.10/jooq-meta-3.11.10.jar:/home/runner/.m2/repository/org/jooq/jooq-codegen/3.11.10/jooq-codegen-3.11.10.jar:/home/runner/.m2/repository/com/jolbox/bonecp/0.8.0.RELEASE/bonecp-0.8.0.RELEASE.jar:/home/runner/.m2/repository/org/apache/derby/derby/10.14.2.0/derby-10.14.2.0.jar:/home/runner/.m2/repository/org/xerial/sqlite-jdbc/3.25.2/sqlite-jdbc-3.25.2.jar:/home/runner/.m2/repository/org/springframework/spring-jdbc/5.2.11.RELEASE/spring-jdbc-5.2.11.RELEASE.jar:/home/runner/.m2/repository/org/springframework/spring-beans/5.2.11.RELEASE/spring-beans-5.2.11.RELEASE.jar:/home/runner/.m2/repository/org/springframework/spring-core/5.2.11.RELEASE/spring-core-5.2.11.RELEASE.jar:/home/runner/.m2/repository/org/springframework/spring-jcl/5.2.11.RELEASE/spring-jcl-5.2.11.RELEASE.jar:/home/runner/.m2/repository/org/springframework/spring-tx/5.2.11.RELEASE/spring-tx-5.2.11.RELEASE.jar:/home/runner/.m2/repository/org/apache/ozone/ozone-client/1.2.0-SNAPSHOT/ozone-client-1.2.0-SNAPSHOT.jar:/home/runner/.m2/repository/org/apache/ozone/ozone-filesystem/1.2.0-SNAPSHOT/ozone-filesystem-1.2.0-SNAPSHOT.jar:/home/runner/.m2/repository/org/apache/ozone/ozone-filesystem-common/1.2.0-SNAPSHOT/ozone-filesystem-common-1.2.0-SNAPSHOT.jar:/home/runner/.m2/repository/org/apache/ozone/ozone-tools/1.2.0-SNAPSHOT/ozone-tools-1.2.0-SNAPSHOT.jar:/home/runner/.m2/repository/org/apache/ratis/ratis-tools/2.1.0-03f3b68-SNAPSHOT/ratis-tools-2.1.0-03f3b68-SNAPSHOT.jar:/home/runner/.m2/repository/com/amazonaws/aws-java-sdk-core/1.11.901/aws-java-sdk-core-1.11.901.jar:/home/runner/.m2/repository/org/apache/httpcomponents/httpclient/4.5.13/httpclient-4.5.13.jar:/home/runner/.m2/repository/org/apache/httpcomponents/httpcore/4.4.13/httpcore-4.4.13.jar:/home/runner/.m2/repository/software/amazon/ion/ion-java/1.0.2/ion-java-1.0.2.jar:/home/runner/.m2/repository/com/fasterxml/jackson/dataformat/jackson-dataformat-cbor/2.12.1/jackson-dataformat-cbor-2.12.1.jar:/home/runner/.m2/repository/joda-time/joda-time/2.8.1/joda-time-2.8.1.jar:/home/runner/.m2/repository/com/amazonaws/aws-java-sdk-s3/1.11.901/aws-java-sdk-s3-1.11.901.jar:/home/runner/.m2/repository/com/amazonaws/aws-java-sdk-kms/1.11.901/aws-java-sdk-kms-1.11.901.jar:/home/runner/.m2/repository/com/amazonaws/jmespath-java/1.11.901/jmespath-java-1.11.901.jar:/home/runner/.m2/repository/org/kohsuke/metainf-services/metainf-services/1.8/metainf-services-1.8.jar:/home/runner/.m2/repository/org/apache/ozone/hdds-tools/1.2.0-SNAPSHOT/hdds-tools-1.2.0-SNAPSHOT.jar:/home/runner/.m2/repository/commons-cli/commons-cli/1.2/commons-cli-1.2.jar:/home/runner/.m2/repository/org/apache/commons/commons-lang3/3.7/commons-lang3-3.7.jar:/home/runner/.m2/repository/org/apache/ozone/ozone-manager/1.2.0-SNAPSHOT/ozone-manager-1.2.0-SNAPSHOT-tests.jar:/home/runner/.m2/repository/org/apache/ozone/hdds-common/1.2.0-SNAPSHOT/hdds-common-1.2.0-SNAPSHOT-tests.jar:/home/runner/.m2/repository/org/apache/ozone/hdds-hadoop-dependency-client/1.2.0-SNAPSHOT/hdds-hadoop-dependency-client-1.2.0-SNAPSHOT.jar:/home/runner/.m2/repository/info/picocli/picocli/4.6.1/picocli-4.6.1.jar:/home/runner/.m2/repository/com/fasterxml/jackson/core/jackson-annotations/2.12.1/jackson-annotations-2.12.1.jar:/home/runner/.m2/repository/javax/annotation/javax.annotation-api/1.2/javax.annotation-api-1.2.jar:/home/runner/.m2/repository/org/apache/ratis/ratis-server/2.1.0-03f3b68-SNAPSHOT/ratis-server-2.1.0-03f3b68-SNAPSHOT.jar:/home/runner/.m2/repository/org/apache/ratis/ratis-client/2.1.0-03f3b68-SNAPSHOT/ratis-client-2.1.0-03f3b68-SNAPSHOT.jar:/home/runner/.m2/repository/org/apache/ratis/ratis-server-api/2.1.0-03f3b68-SNAPSHOT/ratis-server-api-2.1.0-03f3b68-SNAPSHOT.jar:/home/runner/.m2/repository/org/apache/ratis/ratis-metrics/2.1.0-03f3b68-SNAPSHOT/ratis-metrics-2.1.0-03f3b68-SNAPSHOT.jar:/home/runner/.m2/repository/org/apache/ratis/ratis-netty/2.1.0-03f3b68-SNAPSHOT/ratis-netty-2.1.0-03f3b68-SNAPSHOT.jar:/home/runner/.m2/repository/org/apache/ratis/ratis-grpc/2.1.0-03f3b68-SNAPSHOT/ratis-grpc-2.1.0-03f3b68-SNAPSHOT.jar:/home/runner/.m2/repository/org/apache/logging/log4j/log4j-api/2.13.3/log4j-api-2.13.3.jar:/home/runner/.m2/repository/org/apache/logging/log4j/log4j-core/2.13.3/log4j-core-2.13.3.jar:/home/runner/.m2/repository/com/lmax/disruptor/3.4.2/disruptor-3.4.2.jar:/home/runner/.m2/repository/org/apache/commons/commons-pool2/2.6.0/commons-pool2-2.6.0.jar:/home/runner/.m2/repository/org/bouncycastle/bcpkix-jdk15on/1.67/bcpkix-jdk15on-1.67.jar:/home/runner/.m2/repository/commons-validator/commons-validator/1.6/commons-validator-1.6.jar:/home/runner/.m2/repository/commons-beanutils/commons-beanutils/1.9.4/commons-beanutils-1.9.4.jar:/home/runner/.m2/repository/commons-digester/commons-digester/1.8.1/commons-digester-1.8.1.jar:/home/runner/.m2/repository/commons-collections/commons-collections/3.2.2/commons-collections-3.2.2.jar:/home/runner/.m2/repository/io/jaegertracing/jaeger-client/1.6.0/jaeger-client-1.6.0.jar:/home/runner/.m2/repository/io/jaegertracing/jaeger-thrift/1.6.0/jaeger-thrift-1.6.0.jar:/home/runner/.m2/repository/org/apache/thrift/libthrift/0.14.1/libthrift-0.14.1.jar:/home/runner/.m2/repository/com/squareup/okhttp3/okhttp/4.9.0/okhttp-4.9.0.jar:/home/runner/.m2/repository/com/squareup/okio/okio/2.8.0/okio-2.8.0.jar:/home/runner/.m2/repository/io/jaegertracing/jaeger-core/1.6.0/jaeger-core-1.6.0.jar:/home/runner/.m2/repository/io/jaegertracing/jaeger-tracerresolver/1.6.0/jaeger-tracerresolver-1.6.0.jar:/home/runner/.m2/repository/io/opentracing/contrib/opentracing-tracerresolver/0.1.8/opentracing-tracerresolver-0.1.8.jar:/home/runner/.m2/repository/org/jetbrains/kotlin/kotlin-stdlib/1.4.31/kotlin-stdlib-1.4.31.jar:/home/runner/.m2/repository/org/jetbrains/kotlin/kotlin-stdlib-common/1.4.31/kotlin-stdlib-common-1.4.31.jar:/home/runner/.m2/repository/org/jetbrains/annotations/13.0/annotations-13.0.jar:/home/runner/.m2/repository/io/opentracing/opentracing-util/0.33.0/opentracing-util-0.33.0.jar:/home/runner/.m2/repository/io/opentracing/opentracing-api/0.33.0/opentracing-api-0.33.0.jar:/home/runner/.m2/repository/io/opentracing/opentracing-noop/0.33.0/opentracing-noop-0.33.0.jar:/home/runner/.m2/repository/org/yaml/snakeyaml/1.26/snakeyaml-1.26.jar:/home/runner/.m2/repository/org/apache/ozone/hdds-interface-admin/1.2.0-SNAPSHOT/hdds-interface-admin-1.2.0-SNAPSHOT.jar:/home/runner/.m2/repository/junit/junit/4.13.1/junit-4.13.1.jar:/home/runner/.m2/repository/org/hamcrest/hamcrest-core/1.3/hamcrest-core-1.3.jar:/home/runner/.m2/repository/org/junit/jupiter/junit-jupiter-api/5.7.0/junit-jupiter-api-5.7.0.jar:/home/runner/.m2/repository/org/apiguardian/apiguardian-api/1.1.0/apiguardian-api-1.1.0.jar:/home/runner/.m2/repository/org/opentest4j/opentest4j/1.2.0/opentest4j-1.2.0.jar:/home/runner/.m2/repository/org/junit/platform/junit-platform-commons/1.7.0/junit-platform-commons-1.7.0.jar:/home/runner/.m2/repository/org/junit/jupiter/junit-jupiter-engine/5.7.0/junit-jupiter-engine-5.7.0.jar:/home/runner/.m2/repository/org/junit/platform/junit-platform-engine/1.7.0/junit-platform-engine-1.7.0.jar:/home/runner/.m2/repository/org/junit/vintage/junit-vintage-engine/5.7.0/junit-vintage-engine-5.7.0.jar:/home/runner/.m2/repository/org/junit/platform/junit-platform-launcher/1.7.0/junit-platform-launcher-1.7.0.jar:/home/runner/.m2/repository/org/openjdk/jmh/jmh-core/1.19/jmh-core-1.19.jar:/home/runner/.m2/repository/net/sf/jopt-simple/jopt-simple/4.6/jopt-simple-4.6.jar:/home/runner/.m2/repository/org/apache/commons/commons-math3/3.1.1/commons-math3-3.1.1.jar:/home/runner/.m2/repository/org/openjdk/jmh/jmh-generator-annprocess/1.19/jmh-generator-annprocess-1.19.jar:/home/runner/.m2/repository/org/mockito/mockito-core/2.28.2/mockito-core-2.28.2.jar:/home/runner/.m2/repository/net/bytebuddy/byte-buddy/1.9.10/byte-buddy-1.9.10.jar:/home/runner/.m2/repository/net/bytebuddy/byte-buddy-agent/1.9.10/byte-buddy-agent-1.9.10.jar:/home/runner/.m2/repository/org/objenesis/objenesis/1.0/objenesis-1.0.jar:/home/runner/.m2/repository/org/apache/hadoop/hadoop-kms/3.3.1/hadoop-kms-3.3.1.jar:/home/runner/.m2/repository/org/apache/hadoop/hadoop-auth/3.3.1/hadoop-auth-3.3.1.jar:/home/runner/.m2/repository/com/nimbusds/nimbus-jose-jwt/7.9/nimbus-jose-jwt-7.9.jar:/home/runner/.m2/repository/com/github/stephenc/jcip/jcip-annotations/1.0-1/jcip-annotations-1.0-1.jar:/home/runner/.m2/repository/net/minidev/json-smart/2.3.1/json-smart-2.3.1.jar:/home/runner/.m2/repository/net/minidev/accessors-smart/2.3.1/accessors-smart-2.3.1.jar:/home/runner/.m2/repository/org/ow2/asm/asm/5.0.4/asm-5.0.4.jar:/home/runner/.m2/repository/org/apache/zookeeper/zookeeper/3.5.6/zookeeper-3.5.6.jar:/home/runner/.m2/repository/org/apache/zookeeper/zookeeper-jute/3.5.6/zookeeper-jute-3.5.6.jar:/home/runner/.m2/repository/org/apache/yetus/audience-annotations/0.5.0/audience-annotations-0.5.0.jar:/home/runner/.m2/repository/org/apache/curator/curator-framework/4.2.0/curator-framework-4.2.0.jar:/home/runner/.m2/repository/org/apache/hadoop/thirdparty/hadoop-shaded-guava/1.1.1/hadoop-shaded-guava-1.1.1.jar:/home/runner/.m2/repository/com/sun/jersey/jersey-core/1.19/jersey-core-1.19.jar:/home/runner/.m2/repository/javax/ws/rs/jsr311-api/1.1.1/jsr311-api-1.1.1.jar:/home/runner/.m2/repository/com/sun/jersey/jersey-server/1.19/jersey-server-1.19.jar:/home/runner/.m2/repository/javax/servlet/javax.servlet-api/3.1.0/javax.servlet-api-3.1.0.jar:/home/runner/.m2/repository/org/eclipse/jetty/jetty-server/9.4.43.v20210629/jetty-server-9.4.43.v20210629.jar:/home/runner/.m2/repository/org/eclipse/jetty/jetty-http/9.4.43.v20210629/jetty-http-9.4.43.v20210629.jar:/home/runner/.m2/repository/org/eclipse/jetty/jetty-io/9.4.43.v20210629/jetty-io-9.4.43.v20210629.jar:/home/runner/.m2/repository/org/eclipse/jetty/jetty-webapp/9.4.43.v20210629/jetty-webapp-9.4.43.v20210629.jar:/home/runner/.m2/repository/org/eclipse/jetty/jetty-xml/9.4.43.v20210629/jetty-xml-9.4.43.v20210629.jar:/home/runner/.m2/repository/org/apache/hadoop/hadoop-common/3.3.1/hadoop-common-3.3.1.jar:/home/runner/.m2/repository/commons-net/commons-net/3.6/commons-net-3.6.jar:/home/runner/.m2/repository/jakarta/activation/jakarta.activation-api/1.2.1/jakarta.activation-api-1.2.1.jar:/home/runner/.m2/repository/com/sun/jersey/jersey-servlet/1.19/jersey-servlet-1.19.jar:/home/runner/.m2/repository/com/sun/jersey/jersey-json/1.19/jersey-json-1.19.jar:/home/runner/.m2/repository/org/codehaus/jettison/jettison/1.1/jettison-1.1.jar:/home/runner/.m2/repository/com/sun/xml/bind/jaxb-impl/2.2.3-1/jaxb-impl-2.2.3-1.jar:/home/runner/.m2/repository/org/codehaus/jackson/jackson-jaxrs/1.9.2/jackson-jaxrs-1.9.2.jar:/home/runner/.m2/repository/org/codehaus/jackson/jackson-xc/1.9.2/jackson-xc-1.9.2.jar:/home/runner/.m2/repository/org/apache/commons/commons-configuration2/2.1.1/commons-configuration2-2.1.1.jar:/home/runner/.m2/repository/org/apache/commons/commons-text/1.4/commons-text-1.4.jar:/home/runner/.m2/repository/com/google/re2j/re2j/1.1/re2j-1.1.jar:/home/runner/.m2/repository/com/jcraft/jsch/0.1.54/jsch-0.1.54.jar:/home/runner/.m2/repository/org/apache/curator/curator-client/4.2.0/curator-client-4.2.0.jar:/home/runner/.m2/repository/org/apache/curator/curator-recipes/4.2.0/curator-recipes-4.2.0.jar:/home/runner/.m2/repository/org/apache/kerby/kerb-core/1.0.1/kerb-core-1.0.1.jar:/home/runner/.m2/repository/org/apache/kerby/kerby-pkix/1.0.1/kerby-pkix-1.0.1.jar:/home/runner/.m2/repository/org/apache/kerby/kerby-asn1/1.0.1/kerby-asn1-1.0.1.jar:/home/runner/.m2/repository/org/apache/kerby/kerby-util/1.0.1/kerby-util-1.0.1.jar:/home/runner/.m2/repository/dnsjava/dnsjava/2.1.7/dnsjava-2.1.7.jar:/home/runner/.m2/repository/org/xerial/snappy/snappy-java/1.1.8.2/snappy-java-1.1.8.2.jar:/home/runner/.m2/repository/org/slf4j/jul-to-slf4j/1.7.30/jul-to-slf4j-1.7.30.jar:/home/runner/.m2/repository/org/eclipse/jetty/jetty-util/9.4.43.v20210629/jetty-util-9.4.43.v20210629.jar:/home/runner/.m2/repository/com/fasterxml/jackson/core/jackson-databind/2.12.1/jackson-databind-2.12.1.jar:/home/runner/.m2/repository/org/apache/hadoop/hadoop-kms/3.3.1/hadoop-kms-3.3.1-tests.jar:/home/runner/.m2/repository/org/apache/ozone/hdds-server-scm/1.2.0-SNAPSHOT/hdds-server-scm-1.2.0-SNAPSHOT-tests.jar:/home/runner/.m2/repository/org/apache/ozone/hdds-container-service/1.2.0-SNAPSHOT/hdds-container-service-1.2.0-SNAPSHOT-tests.jar:/home/runner/.m2/repository/commons-codec/commons-codec/1.11/commons-codec-1.11.jar:/home/runner/.m2/repository/io/netty/netty-transport/4.1.63.Final/netty-transport-4.1.63.Final.jar:/home/runner/.m2/repository/io/netty/netty-resolver/4.1.63.Final/netty-resolver-4.1.63.Final.jar:/home/runner/.m2/repository/io/netty/netty-codec/4.1.63.Final/netty-codec-4.1.63.Final.jar:/home/runner/.m2/repository/io/netty/netty-handler/4.1.63.Final/netty-handler-4.1.63.Final.jar:/home/runner/.m2/repository/org/apache/ozone/hdds-hadoop-dependency-test/1.2.0-SNAPSHOT/hdds-hadoop-dependency-test-1.2.0-SNAPSHOT.jar:/home/runner/.m2/repository/org/apache/hadoop/hadoop-common/3.3.1/hadoop-common-3.3.1-tests.jar:/home/runner/.m2/repository/org/assertj/assertj-core/3.12.2/assertj-core-3.12.2.jar:/home/runner/.m2/repository/org/apache/hadoop/hadoop-hdfs/3.3.1/hadoop-hdfs-3.3.1-tests.jar:/home/runner/.m2/repository/org/eclipse/jetty/jetty-util-ajax/9.4.43.v20210629/jetty-util-ajax-9.4.43.v20210629.jar:/home/runner/.m2/repository/commons-daemon/commons-daemon/1.0.13/commons-daemon-1.0.13.jar:/home/runner/.m2/repository/io/netty/netty/3.10.6.Final/netty-3.10.6.Final.jar:/home/runner/.m2/repository/io/netty/netty-all/4.1.63.Final/netty-all-4.1.63.Final.jar:/home/runner/.m2/repository/org/apache/htrace/htrace-core4/4.1.0-incubating/htrace-core4-4.1.0-incubating.jar:/home/runner/.m2/repository/org/fusesource/leveldbjni/leveldbjni-all/1.8/leveldbjni-all-1.8.jar:/home/runner/.m2/repository/org/apache/hadoop/hadoop-distcp/3.3.1/hadoop-distcp-3.3.1.jar:/home/runner/.m2/repository/org/apache/hadoop/hadoop-mapreduce-client-jobclient/3.3.1/hadoop-mapreduce-client-jobclient-3.3.1.jar:/home/runner/.m2/repository/org/apache/hadoop/hadoop-mapreduce-client-common/3.3.1/hadoop-mapreduce-client-common-3.3.1.jar:/home/runner/.m2/repository/org/apache/hadoop/hadoop-yarn-common/3.3.1/hadoop-yarn-common-3.3.1.jar:/home/runner/.m2/repository/org/apache/hadoop/hadoop-yarn-api/3.3.1/hadoop-yarn-api-3.3.1.jar:/home/runner/.m2/repository/com/sun/jersey/jersey-client/1.19/jersey-client-1.19.jar:/home/runner/.m2/repository/com/sun/jersey/contribs/jersey-guice/1.19/jersey-guice-1.19.jar:/home/runner/.m2/repository/com/fasterxml/jackson/jaxrs/jackson-jaxrs-json-provider/2.12.1/jackson-jaxrs-json-provider-2.12.1.jar:/home/runner/.m2/repository/com/fasterxml/jackson/jaxrs/jackson-jaxrs-base/2.12.1/jackson-jaxrs-base-2.12.1.jar:/home/runner/.m2/repository/org/apache/hadoop/hadoop-yarn-client/3.3.1/hadoop-yarn-client-3.3.1.jar:/home/runner/.m2/repository/org/eclipse/jetty/websocket/websocket-client/9.4.40.v20210413/websocket-client-9.4.40.v20210413.jar:/home/runner/.m2/repository/org/eclipse/jetty/jetty-client/9.4.40.v20210413/jetty-client-9.4.40.v20210413.jar:/home/runner/.m2/repository/org/eclipse/jetty/websocket/websocket-common/9.4.40.v20210413/websocket-common-9.4.40.v20210413.jar:/home/runner/.m2/repository/org/eclipse/jetty/websocket/websocket-api/9.4.40.v20210413/websocket-api-9.4.40.v20210413.jar:/home/runner/.m2/repository/org/jline/jline/3.9.0/jline-3.9.0.jar:/home/runner/.m2/repository/org/apache/hadoop/hadoop-mapreduce-client-core/3.3.1/hadoop-mapreduce-client-core-3.3.1.jar:/home/runner/.m2/repository/org/apache/avro/avro/1.7.7/avro-1.7.7.jar:/home/runner/.m2/repository/org/codehaus/jackson/jackson-core-asl/1.9.13/jackson-core-asl-1.9.13.jar:/home/runner/.m2/repository/org/codehaus/jackson/jackson-mapper-asl/1.9.13/jackson-mapper-asl-1.9.13.jar:/home/runner/.m2/repository/com/thoughtworks/paranamer/paranamer/2.3/paranamer-2.3.jar:/home/runner/.m2/repository/org/apache/hadoop/hadoop-annotations/3.3.1/hadoop-annotations-3.3.1.jar:/usr/lib/jvm/adoptopenjdk-8-hotspot-amd64/jre/../lib/tools.jar:/home/runner/.m2/repository/org/apache/hadoop/hadoop-distcp/3.3.1/hadoop-distcp-3.3.1-tests.jar:/home/runner/.m2/repository/org/apache/ratis/ratis-common/2.1.0-03f3b68-SNAPSHOT/ratis-common-2.1.0-03f3b68-SNAPSHOT.jar:/home/runner/.m2/repository/org/apache/ratis/ratis-thirdparty-misc/0.7.0/ratis-thirdparty-misc-0.7.0.jar:/home/runner/.m2/repository/org/apache/ratis/ratis-proto/2.1.0-03f3b68-SNAPSHOT/ratis-proto-2.1.0-03f3b68-SNAPSHOT.jar:"/>
    <property name="sun.cpu.endian" value="little"/>
    <property name="user.home" value="/home/runner"/>
    <property name="user.language" value="en"/>
    <property name="java.specification.vendor" value="Oracle Corporation"/>
    <property name="java.home" value="/usr/lib/jvm/adoptopenjdk-8-hotspot-amd64/jre"/>
    <property name="java.security.krb5.conf" value="/home/runner/work/ozone/ozone/hadoop-ozone/integration-test/target/test-classes/krb5.conf"/>
    <property name="basedir" value="/home/runner/work/ozone/ozone/hadoop-ozone/integration-test"/>
    <property name="file.separator" value="/"/>
    <property name="line.separator" value="&#10;"/>
    <property name="java.vm.specification.vendor" value="Oracle Corporation"/>
    <property name="java.specification.name" value="Java Platform API Specification"/>
    <property name="java.awt.graphicsenv" value="sun.awt.X11GraphicsEnvironment"/>
    <property name="skip.installnpx" value="true"/>
    <property name="surefire.real.class.path" value="/home/runner/work/ozone/ozone/hadoop-ozone/integration-test/target/surefire/surefirebooter8557214698529677356.jar:/home/runner/.m2/repository/org/jacoco/org.jacoco.agent/0.8.5/org.jacoco.agent-0.8.5-runtime.jar"/>
    <property name="hadoop.log.dir" value="/home/runner/work/ozone/ozone/hadoop-ozone/integration-test/target/log"/>
    <property name="sun.boot.class.path" value="/usr/lib/jvm/adoptopenjdk-8-hotspot-amd64/jre/lib/resources.jar:/usr/lib/jvm/adoptopenjdk-8-hotspot-amd64/jre/lib/rt.jar:/usr/lib/jvm/adoptopenjdk-8-hotspot-amd64/jre/lib/sunrsasign.jar:/usr/lib/jvm/adoptopenjdk-8-hotspot-amd64/jre/lib/jsse.jar:/usr/lib/jvm/adoptopenjdk-8-hotspot-amd64/jre/lib/jce.jar:/usr/lib/jvm/adoptopenjdk-8-hotspot-amd64/jre/lib/charsets.jar:/usr/lib/jvm/adoptopenjdk-8-hotspot-amd64/jre/lib/jfr.jar:/usr/lib/jvm/adoptopenjdk-8-hotspot-amd64/jre/classes"/>
    <property name="sun.management.compiler" value="HotSpot 64-Bit Tiered Compilers"/>
    <property name="skip.npx" value="true"/>
    <property name="java.runtime.version" value="1.8.0_292-b10"/>
    <property name="java.net.preferIPv4Stack" value="true"/>
    <property name="user.name" value="runner"/>
    <property name="path.separator" value=":"/>
    <property name="java.security.egd" value="file:///dev/urandom"/>
    <property name="os.version" value="5.4.0-1059-azure"/>
    <property name="java.endorsed.dirs" value="/usr/lib/jvm/adoptopenjdk-8-hotspot-amd64/jre/lib/endorsed"/>
    <property name="java.runtime.name" value="OpenJDK Runtime Environment"/>
    <property name="file.encoding" value="UTF-8"/>
    <property name="java.vm.name" value="OpenJDK 64-Bit Server VM"/>
    <property name="test.build.webapps" value=""/>
    <property name="localRepository" value="/home/runner/.m2/repository"/>
    <property name="java.vendor.url.bug" value="https://github.com/AdoptOpenJDK/openjdk-support/issues"/>
    <property name="java.io.tmpdir" value="/tmp"/>
    <property name="require.test.libhadoop" value=""/>
    <property name="java.version" value="1.8.0_292"/>
    <property name="user.dir" value="/home/runner/work/ozone/ozone/hadoop-ozone/integration-test"/>
    <property name="os.arch" value="amd64"/>
    <property name="java.vm.specification.name" value="Java Virtual Machine Specification"/>
    <property name="test.build.classes" value="/home/runner/work/ozone/ozone/hadoop-ozone/integration-test/target/test-classes"/>
    <property name="java.awt.printerjob" value="sun.print.PSPrinterJob"/>
    <property name="sun.os.patch.level" value="unknown"/>
    <property name="hadoop.tmp.dir" value="/home/runner/work/ozone/ozone/hadoop-ozone/integration-test/target/tmp"/>
    <property name="java.library.path" value="/usr/java/packages/lib/amd64:/usr/lib64:/lib64:/lib:/usr/lib"/>
    <property name="java.vm.info" value="mixed mode"/>
    <property name="java.vendor" value="AdoptOpenJDK"/>
    <property name="java.vm.version" value="25.292-b10"/>
    <property name="java.ext.dirs" value="/usr/lib/jvm/adoptopenjdk-8-hotspot-amd64/jre/lib/ext:/usr/java/packages/lib/ext"/>
    <property name="sun.io.unicode.encoding" value="UnicodeLittle"/>
    <property name="java.class.version" value="52.0"/>
  </properties>
  <testcase name="testReleaseBuffers" classname="org.apache.hadoop.ozone.client.rpc.TestCommitWatcher" time="65.875">
    <error message="org.apache.ratis.protocol.exceptions.AlreadyClosedException: SlidingWindow$Client:client-687F6518F505-&gt;RAFT is closed." type="java.util.concurrent.ExecutionException">java.util.concurrent.ExecutionException: org.apache.ratis.protocol.exceptions.AlreadyClosedException: SlidingWindow$Client:client-687F6518F505->RAFT is closed.
	at java.util.concurrent.CompletableFuture.reportGet(CompletableFuture.java:357)
	at java.util.concurrent.CompletableFuture.get(CompletableFuture.java:1908)
	at org.apache.hadoop.ozone.client.rpc.TestCommitWatcher.testReleaseBuffers(TestCommitWatcher.java:219)
	at sun.reflect.NativeMethodAccessorImpl.invoke0(Native Method)
	at sun.reflect.NativeMethodAccessorImpl.invoke(NativeMethodAccessorImpl.java:62)
	at sun.reflect.DelegatingMethodAccessorImpl.invoke(DelegatingMethodAccessorImpl.java:43)
	at java.lang.reflect.Method.invoke(Method.java:498)
	at org.junit.runners.model.FrameworkMethod$1.runReflectiveCall(FrameworkMethod.java:59)
	at org.junit.internal.runners.model.ReflectiveCallable.run(ReflectiveCallable.java:12)
	at org.junit.runners.model.FrameworkMethod.invokeExplosively(FrameworkMethod.java:56)
	at org.junit.internal.runners.statements.InvokeMethod.evaluate(InvokeMethod.java:17)
	at org.junit.internal.runners.statements.RunBefores.evaluate(RunBefores.java:26)
	at org.junit.internal.runners.statements.RunAfters.evaluate(RunAfters.java:27)
	at org.junit.internal.runners.statements.FailOnTimeout$CallableStatement.call(FailOnTimeout.java:288)
	at org.junit.internal.runners.statements.FailOnTimeout$CallableStatement.call(FailOnTimeout.java:282)
	at java.util.concurrent.FutureTask.run(FutureTask.java:266)
	at java.lang.Thread.run(Thread.java:748)
Caused by: org.apache.ratis.protocol.exceptions.AlreadyClosedException: SlidingWindow$Client:client-687F6518F505->RAFT is closed.
	at org.apache.ratis.util.SlidingWindow$Client.alreadyClosed(SlidingWindow.java:378)
	at org.apache.ratis.util.SlidingWindow$Client.fail(SlidingWindow.java:366)
	at org.apache.ratis.client.impl.OrderedAsync.failAllAsyncRequests(OrderedAsync.java:148)
	at org.apache.ratis.client.impl.OrderedAsync.handleAsyncRetryFailure(OrderedAsync.java:152)
	at org.apache.ratis.client.impl.OrderedAsync.lambda$sendRequest$10(OrderedAsync.java:252)
	at java.util.concurrent.CompletableFuture.uniExceptionally(CompletableFuture.java:884)
	at java.util.concurrent.CompletableFuture$UniExceptionally.tryFire(CompletableFuture.java:866)
	at java.util.concurrent.CompletableFuture.postComplete(CompletableFuture.java:488)
	at java.util.concurrent.CompletableFuture.completeExceptionally(CompletableFuture.java:1990)
	at org.apache.ratis.grpc.client.GrpcClientProtocolClient$AsyncStreamObservers.completeReplyExceptionally(GrpcClientProtocolClient.java:389)
	at org.apache.ratis.grpc.client.GrpcClientProtocolClient$AsyncStreamObservers.access$000(GrpcClientProtocolClient.java:295)
	at org.apache.ratis.grpc.client.GrpcClientProtocolClient$AsyncStreamObservers$1.onNext(GrpcClientProtocolClient.java:309)
	at org.apache.ratis.grpc.client.GrpcClientProtocolClient$AsyncStreamObservers$1.onNext(GrpcClientProtocolClient.java:300)
	at org.apache.ratis.thirdparty.io.grpc.stub.ClientCalls$StreamObserverToCallListenerAdapter.onMessage(ClientCalls.java:465)
	at org.apache.ratis.thirdparty.io.grpc.ForwardingClientCallListener.onMessage(ForwardingClientCallListener.java:33)
	at org.apache.ratis.thirdparty.io.grpc.internal.DelayedClientCall$DelayedListener.onMessage(DelayedClientCall.java:447)
	at org.apache.ratis.thirdparty.io.grpc.internal.ClientCallImpl$ClientStreamListenerImpl$1MessagesAvailable.runInternal(ClientCallImpl.java:715)
	at org.apache.ratis.thirdparty.io.grpc.internal.ClientCallImpl$ClientStreamListenerImpl$1MessagesAvailable.runInContext(ClientCallImpl.java:700)
	at org.apache.ratis.thirdparty.io.grpc.internal.ContextRunnable.run(ContextRunnable.java:37)
	at org.apache.ratis.thirdparty.io.grpc.internal.SerializingExecutor.run(SerializingExecutor.java:123)
	at java.util.concurrent.ThreadPoolExecutor.runWorker(ThreadPoolExecutor.java:1149)
	at java.util.concurrent.ThreadPoolExecutor$Worker.run(ThreadPoolExecutor.java:624)
	... 1 more
Caused by: org.apache.ratis.protocol.exceptions.RaftRetryFailureException: Failed RaftClientRequest:client-687F6518F505->5cef7d35-5853-4402-b8fc-0c0efab03ad9@group-D1ADC348C817, cid=16, seq=1*, Watch(0), null for 4 attempts with RequestTypeDependentRetryPolicy{WRITE->org.apache.ratis.retry.ExceptionDependentRetry@13942623, WATCH->org.apache.ratis.retry.ExceptionDependentRetry@1951c473}
	at org.apache.ratis.client.impl.RaftClientImpl.noMoreRetries(RaftClientImpl.java:254)
	... 20 more
Caused by: org.apache.ratis.protocol.exceptions.NotLeaderException: Server 5cef7d35-5853-4402-b8fc-0c0efab03ad9@group-D1ADC348C817 is not the leader
	at org.apache.ratis.client.impl.ClientProtoUtils.toRaftClientReply(ClientProtoUtils.java:368)
	at org.apache.ratis.grpc.client.GrpcClientProtocolClient$AsyncStreamObservers$1.onNext(GrpcClientProtocolClient.java:305)
	... 11 more
</error>
    <system-out><![CDATA[2021-10-14 19:41:53,442 [Time-limited test] WARN  server.ServerUtils (ServerUtils.java:getScmDbDir(148)) - ozone.scm.db.dirs is not configured. We recommend adding this setting. Falling back to ozone.metadata.dirs instead.
2021-10-14 19:41:53,538 [Time-limited test] INFO  ha.SCMHANodeDetails (SCMHANodeDetails.java:loadSCMHAConfig(157)) - ServiceID for StorageContainerManager is null
2021-10-14 19:41:53,538 [Time-limited test] INFO  ha.SCMHANodeDetails (SCMHANodeDetails.java:loadSCMHAConfig(162)) - ozone.scm.default.service.id is not defined, falling back to ozone.scm.service.ids to find serviceID for StorageContainerManager if it is HA enabled cluster
2021-10-14 19:41:53,653 [Time-limited test] WARN  server.ServerUtils (ServerUtils.java:getScmDbDir(148)) - ozone.scm.db.dirs is not configured. We recommend adding this setting. Falling back to ozone.metadata.dirs instead.
2021-10-14 19:41:53,656 [Time-limited test] INFO  upgrade.AbstractLayoutVersionManager (AbstractLayoutVersionManager.java:init(79)) - Initializing Layout version manager with metadata layout = SCM_HA (version = 2), software layout = SCM_HA (version = 2)
2021-10-14 19:41:53,913 [Time-limited test] INFO  reflections.Reflections (Reflections.java:scan(232)) - Reflections took 151 ms to scan 7 urls, producing 119 keys and 278 values 
2021-10-14 19:41:54,561 [Time-limited test] WARN  utils.HAUtils (HAUtils.java:getMetaDir(342)) - ozone.scm.db.dirs is not configured. We recommend adding this setting. Falling back to ozone.metadata.dirs instead.
2021-10-14 19:41:54,697 [Time-limited test] WARN  db.DBStoreBuilder (DBStoreBuilder.java:applyDBDefinition(145)) - ozone.scm.db.dirs is not configured. We recommend adding this setting. Falling back to ozone.metadata.dirs instead.
2021-10-14 19:41:54,868 [Time-limited test] INFO  net.NodeSchemaLoader (NodeSchemaLoader.java:loadSchemaFromFile(129)) - Loading schema from [jar:file:/home/runner/.m2/repository/org/apache/ozone/hdds-common/1.2.0-SNAPSHOT/hdds-common-1.2.0-SNAPSHOT.jar!/network-topology-default.xml]
2021-10-14 19:41:54,870 [Time-limited test] INFO  net.NodeSchemaLoader (NodeSchemaLoader.java:loadSchema(176)) - Loading network topology layer schema file
2021-10-14 19:41:54,922 [Time-limited test] INFO  metrics.MetricRegistries (MetricRegistriesLoader.java:load(64)) - Loaded MetricRegistries class org.apache.ratis.metrics.impl.MetricRegistriesImpl
2021-10-14 19:41:54,945 [Time-limited test] INFO  ha.SequenceIdGenerator (SequenceIdGenerator.java:upgradeToSequenceId(347)) - upgrade localId to 107544261427200000
2021-10-14 19:41:54,946 [Time-limited test] INFO  ha.SequenceIdGenerator (SequenceIdGenerator.java:upgradeToSequenceId(357)) - upgrade delTxnId to 0
2021-10-14 19:41:54,955 [Time-limited test] INFO  ha.SequenceIdGenerator (SequenceIdGenerator.java:upgradeToSequenceId(371)) - upgrade containerId to 0
2021-10-14 19:41:54,958 [Time-limited test] INFO  ha.SequenceIdGenerator (SequenceIdGenerator.java:<init>(218)) - Init the HA SequenceIdGenerator.
2021-10-14 19:41:55,001 [Time-limited test] WARN  server.ServerUtils (ServerUtils.java:sanitizeUserArgs(73)) - ozone.scm.stale.node.interval value = 1000000 is larger than max = 100000 based on the key value of ozone.scm.heartbeat.thread.interval, reset to the max value 100000.
2021-10-14 19:41:55,003 [Time-limited test] WARN  server.ServerUtils (ServerUtils.java:sanitizeUserArgs(73)) - ozone.scm.stale.node.interval value = 1000000 is larger than max = 100000 based on the key value of ozone.scm.heartbeat.thread.interval, reset to the max value 100000.
2021-10-14 19:41:55,009 [Time-limited test] INFO  node.SCMNodeManager (SCMNodeManager.java:<init>(144)) - Entering startup safe mode.
2021-10-14 19:41:55,083 [Time-limited test] INFO  algorithms.ContainerPlacementPolicyFactory (ContainerPlacementPolicyFactory.java:getPolicy(60)) - Create container placement policy of type org.apache.hadoop.hdds.scm.container.placement.algorithms.SCMContainerPlacementRandom
2021-10-14 19:41:55,094 [Time-limited test] INFO  pipeline.PipelineStateManagerImpl (PipelineStateManagerImpl.java:initialize(78)) - No pipeline exists in current db
2021-10-14 19:41:55,135 [Time-limited test] INFO  algorithms.LeaderChoosePolicyFactory (LeaderChoosePolicyFactory.java:getPolicy(57)) - Create leader choose policy of type org.apache.hadoop.hdds.scm.pipeline.leader.choose.algorithms.MinLeaderCountChoosePolicy
2021-10-14 19:41:55,144 [Time-limited test] INFO  ha.SCMServiceManager (SCMServiceManager.java:register(43)) - Registering service BackgroundPipelineCreator.
2021-10-14 19:41:55,144 [Time-limited test] INFO  pipeline.BackgroundPipelineCreator (BackgroundPipelineCreator.java:start(130)) - Starting RatisPipelineUtilsThread.
2021-10-14 19:41:55,188 [Time-limited test] INFO  algorithms.PipelineChoosePolicyFactory (PipelineChoosePolicyFactory.java:createPipelineChoosePolicyFromClass(73)) - Create pipeline choose policy of type org.apache.hadoop.hdds.scm.pipeline.choose.algorithms.RandomPipelineChoosePolicy
2021-10-14 19:41:55,209 [Time-limited test] INFO  ha.SCMServiceManager (SCMServiceManager.java:register(43)) - Registering service SCMBlockDeletingService.
2021-10-14 19:41:55,239 [Time-limited test] INFO  ha.SCMServiceManager (SCMServiceManager.java:register(43)) - Registering service ReplicationManager.
2021-10-14 19:41:55,242 [Time-limited test] INFO  container.ReplicationManager (ReplicationManager.java:start(319)) - Starting Replication Monitor Thread.
2021-10-14 19:41:55,252 [ReplicationMonitor] INFO  container.ReplicationManager (ReplicationManager.java:processAll(371)) - Replication Monitor Thread took 0 milliseconds for processing 0 containers.
2021-10-14 19:41:55,261 [Time-limited test] INFO  safemode.ContainerSafeModeRule (ContainerSafeModeRule.java:<init>(89)) - containers with one replica threshold count 0
2021-10-14 19:41:55,265 [Time-limited test] INFO  safemode.HealthyPipelineSafeModeRule (HealthyPipelineSafeModeRule.java:initializeRule(156)) - Total pipeline count is 0, healthy pipeline threshold count is 1
2021-10-14 19:41:55,273 [Time-limited test] INFO  safemode.OneReplicaPipelineSafeModeRule (OneReplicaPipelineSafeModeRule.java:initializeRule(180)) - Total pipeline count is 0, pipeline's with at least one datanode reported threshold count is 0
2021-10-14 19:41:55,692 [Time-limited test] INFO  ipc.CallQueueManager (CallQueueManager.java:<init>(90)) - Using callQueue: class java.util.concurrent.LinkedBlockingQueue, queueCapacity: 2000, scheduler: class org.apache.hadoop.ipc.DefaultRpcScheduler, ipcBackoff: false.
2021-10-14 19:41:55,733 [Socket Reader #1 for port 0] INFO  ipc.Server (Server.java:run(1265)) - Starting Socket Reader #1 for port 0
2021-10-14 19:41:55,772 [Listener at 0.0.0.0/45495] INFO  ipc.CallQueueManager (CallQueueManager.java:<init>(90)) - Using callQueue: class java.util.concurrent.LinkedBlockingQueue, queueCapacity: 2000, scheduler: class org.apache.hadoop.ipc.DefaultRpcScheduler, ipcBackoff: false.
2021-10-14 19:41:55,772 [Socket Reader #1 for port 0] INFO  ipc.Server (Server.java:run(1265)) - Starting Socket Reader #1 for port 0
2021-10-14 19:41:55,789 [Listener at 0.0.0.0/43553] INFO  ipc.CallQueueManager (CallQueueManager.java:<init>(90)) - Using callQueue: class java.util.concurrent.LinkedBlockingQueue, queueCapacity: 2000, scheduler: class org.apache.hadoop.ipc.DefaultRpcScheduler, ipcBackoff: false.
2021-10-14 19:41:55,791 [Socket Reader #1 for port 0] INFO  ipc.Server (Server.java:run(1265)) - Starting Socket Reader #1 for port 0
2021-10-14 19:41:55,861 [Listener at 0.0.0.0/41679] INFO  algorithms.ContainerPlacementPolicyFactory (ContainerPlacementPolicyFactory.java:getPolicy(60)) - Create container placement policy of type org.apache.hadoop.hdds.scm.container.placement.algorithms.SCMContainerPlacementRandom
2021-10-14 19:41:55,866 [Listener at 0.0.0.0/41679] INFO  server.StorageContainerManager (StorageContainerManager.java:<init>(388)) - 
Container Balancer status:
Key                            Value
Running                        false
Container Balancer Configuration values:
Key                                                Value
Threshold                                          0.1
Max Datanodes to Involve per Iteration(ratio)      0.2
Max Size to Move per Iteration                     32212254720B

2021-10-14 19:41:55,866 [Listener at 0.0.0.0/41679] WARN  events.EventQueue (EventQueue.java:fireEvent(194)) - No event handler registered for event TypedEvent{payloadType=SafeModeStatus, name='Safe mode status'}
2021-10-14 19:41:55,867 [Listener at 0.0.0.0/41679] INFO  ha.SCMContext (SCMContext.java:updateSafeModeStatus(205)) - Update SafeModeStatus from SafeModeStatus{safeModeStatus=true, preCheckPassed=false} to SafeModeStatus{safeModeStatus=true, preCheckPassed=false}.
2021-10-14 19:41:55,870 [Listener at 0.0.0.0/41679] INFO  server.StorageContainerManager (StorageContainerManager.java:start(1303)) - StorageContainerLocationProtocol RPC server is listening at /0.0.0.0:41679
2021-10-14 19:41:55,950 [Listener at 0.0.0.0/41679] WARN  impl.MetricsConfig (MetricsConfig.java:loadFirst(136)) - Cannot locate configuration: tried hadoop-metrics2-storagecontainermanager.properties,hadoop-metrics2.properties
2021-10-14 19:41:55,972 [Listener at 0.0.0.0/41679] INFO  impl.MetricsSystemImpl (MetricsSystemImpl.java:startTimer(378)) - Scheduled Metric snapshot period at 10 second(s).
2021-10-14 19:41:55,972 [Listener at 0.0.0.0/41679] INFO  impl.MetricsSystemImpl (MetricsSystemImpl.java:start(191)) - StorageContainerManager metrics system started
2021-10-14 19:41:56,293 [Listener at 0.0.0.0/41679] INFO  server.SCMClientProtocolServer (SCMClientProtocolServer.java:start(164)) - RPC server for Client  is listening at /0.0.0.0:41679
2021-10-14 19:41:56,293 [IPC Server Responder] INFO  ipc.Server (Server.java:run(1507)) - IPC Server Responder: starting
2021-10-14 19:41:56,294 [IPC Server listener on 0] INFO  ipc.Server (Server.java:run(1344)) - IPC Server listener on 0: starting
2021-10-14 19:41:56,300 [Listener at 0.0.0.0/41679] INFO  server.StorageContainerManager (StorageContainerManager.java:start(1318)) - ScmBlockLocationProtocol RPC server is listening at /0.0.0.0:43553
2021-10-14 19:41:56,301 [Listener at 0.0.0.0/41679] INFO  server.SCMBlockProtocolServer (SCMBlockProtocolServer.java:start(151)) - RPC server for Block Protocol is listening at /0.0.0.0:43553
2021-10-14 19:41:56,302 [IPC Server Responder] INFO  ipc.Server (Server.java:run(1507)) - IPC Server Responder: starting
2021-10-14 19:41:56,302 [IPC Server listener on 0] INFO  ipc.Server (Server.java:run(1344)) - IPC Server listener on 0: starting
2021-10-14 19:41:56,306 [Listener at 0.0.0.0/41679] INFO  server.StorageContainerManager (StorageContainerManager.java:start(1324)) - ScmDatanodeProtocl RPC server is listening at /0.0.0.0:45495
2021-10-14 19:41:56,306 [Listener at 0.0.0.0/41679] INFO  server.SCMDatanodeProtocolServer (SCMDatanodeProtocolServer.java:start(181)) - RPC server for DataNodes is listening at /0.0.0.0:45495
2021-10-14 19:41:56,308 [IPC Server Responder] INFO  ipc.Server (Server.java:run(1507)) - IPC Server Responder: starting
2021-10-14 19:41:56,309 [IPC Server listener on 0] INFO  ipc.Server (Server.java:run(1344)) - IPC Server listener on 0: starting
2021-10-14 19:41:56,331 [org.apache.hadoop.util.JvmPauseMonitor$Monitor@6a2d4af8] INFO  util.JvmPauseMonitor (JvmPauseMonitor.java:run(188)) - Starting JVM pause monitor
2021-10-14 19:41:56,343 [Listener at 0.0.0.0/41679] INFO  http.BaseHttpServer (BaseHttpServer.java:newHttpServer2BuilderForOzone(209)) - Starting Web-server for scm at: http://0.0.0.0:0
2021-10-14 19:41:56,344 [Listener at 0.0.0.0/41679] INFO  http.BaseHttpServer (BaseHttpServer.java:<init>(107)) - Hadoop Security Enabled: false Ozone Security Enabled: false Ozone HTTP Security Enabled: false 
2021-10-14 19:41:56,372 [Listener at 0.0.0.0/41679] INFO  util.log (Log.java:initialized(170)) - Logging initialized @4487ms to org.eclipse.jetty.util.log.Slf4jLog
2021-10-14 19:41:56,485 [Listener at 0.0.0.0/41679] INFO  server.AuthenticationFilter (AuthenticationFilter.java:constructSecretProvider(240)) - Unable to initialize FileSignerSecretProvider, falling back to use random secrets.
2021-10-14 19:41:56,490 [Listener at 0.0.0.0/41679] WARN  http.HttpRequestLog (HttpRequestLog.java:getRequestLog(103)) - Jetty request log can only be enabled using Log4j
2021-10-14 19:41:56,496 [Listener at 0.0.0.0/41679] INFO  http.HttpServer2 (HttpServer2.java:addGlobalFilter(1030)) - Added global filter 'safety' (class=org.apache.hadoop.hdds.server.http.HttpServer2$QuotingInputFilter)
2021-10-14 19:41:56,498 [Listener at 0.0.0.0/41679] INFO  http.HttpServer2 (HttpServer2.java:addFilter(1006)) - Added filter static_user_filter (class=org.apache.hadoop.http.lib.StaticUserWebFilter$StaticUserFilter) to context scm
2021-10-14 19:41:56,498 [Listener at 0.0.0.0/41679] INFO  http.HttpServer2 (HttpServer2.java:addFilter(1014)) - Added filter static_user_filter (class=org.apache.hadoop.http.lib.StaticUserWebFilter$StaticUserFilter) to context static
2021-10-14 19:41:56,498 [Listener at 0.0.0.0/41679] INFO  http.HttpServer2 (HttpServer2.java:addFilter(1014)) - Added filter static_user_filter (class=org.apache.hadoop.http.lib.StaticUserWebFilter$StaticUserFilter) to context logs
2021-10-14 19:41:56,538 [Listener at 0.0.0.0/41679] INFO  http.HttpServer2 (HttpServer2.java:bindListener(1249)) - Jetty bound to port 43565
2021-10-14 19:41:56,540 [Listener at 0.0.0.0/41679] INFO  server.Server (Server.java:doStart(375)) - jetty-9.4.43.v20210629; built: 2021-06-30T11:07:22.254Z; git: 526006ecfa3af7f1a27ef3a288e2bef7ea9dd7e8; jvm 1.8.0_292-b10
2021-10-14 19:41:56,572 [Listener at 0.0.0.0/41679] INFO  server.session (DefaultSessionIdManager.java:doStart(334)) - DefaultSessionIdManager workerName=node0
2021-10-14 19:41:56,572 [Listener at 0.0.0.0/41679] INFO  server.session (DefaultSessionIdManager.java:doStart(339)) - No SessionScavenger set, using defaults
2021-10-14 19:41:56,574 [Listener at 0.0.0.0/41679] INFO  server.session (HouseKeeper.java:startScavenging(132)) - node0 Scavenging every 600000ms
2021-10-14 19:41:56,589 [Listener at 0.0.0.0/41679] INFO  handler.ContextHandler (ContextHandler.java:doStart(915)) - Started o.e.j.s.ServletContextHandler@43b6466b{logs,/logs,file:///home/runner/work/ozone/ozone/hadoop-ozone/integration-test/target/log,AVAILABLE}
2021-10-14 19:41:56,589 [Listener at 0.0.0.0/41679] INFO  handler.ContextHandler (ContextHandler.java:doStart(915)) - Started o.e.j.s.ServletContextHandler@133b7fcc{static,/static,file:///home/runner/work/ozone/ozone/hadoop-ozone/integration-test/target/test-classes/webapps/static,AVAILABLE}
2021-10-14 19:41:56,638 [Listener at 0.0.0.0/41679] INFO  handler.ContextHandler (ContextHandler.java:doStart(915)) - Started o.e.j.w.WebAppContext@166a4524{scm,/,file:///home/runner/work/ozone/ozone/hadoop-ozone/integration-test/target/test-classes/webapps/scm/,AVAILABLE}{file:/home/runner/work/ozone/ozone/hadoop-ozone/integration-test/target/test-classes/webapps/scm}
2021-10-14 19:41:56,652 [Listener at 0.0.0.0/41679] INFO  server.AbstractConnector (AbstractConnector.java:doStart(331)) - Started ServerConnector@596c0689{HTTP/1.1, (http/1.1)}{0.0.0.0:43565}
2021-10-14 19:41:56,652 [Listener at 0.0.0.0/41679] INFO  server.Server (Server.java:doStart(415)) - Started @4766ms
2021-10-14 19:41:56,654 [Listener at 0.0.0.0/41679] INFO  impl.MetricsSinkAdapter (MetricsSinkAdapter.java:start(204)) - Sink prometheus started
2021-10-14 19:41:56,654 [Listener at 0.0.0.0/41679] INFO  impl.MetricsSystemImpl (MetricsSystemImpl.java:registerSink(305)) - Registered sink prometheus
2021-10-14 19:41:56,657 [Listener at 0.0.0.0/41679] INFO  http.BaseHttpServer (BaseHttpServer.java:updateConnectorAddress(329)) - HTTP server of scm listening at http://0.0.0.0:43565
2021-10-14 19:41:56,659 [Listener at 0.0.0.0/41679] WARN  server.ServerUtils (ServerUtils.java:getDBPath(225)) - ozone.om.db.dirs is not configured. We recommend adding this setting. Falling back to ozone.metadata.dirs instead.
2021-10-14 19:41:56,803 [Listener at 0.0.0.0/41679] INFO  ha.OMHANodeDetails (OMHANodeDetails.java:loadOMHAConfig(112)) - ozone.om.internal.service.id is not defined, falling back to ozone.om.service.ids to find serviceID for OzoneManager if it is HA enabled cluster
2021-10-14 19:41:56,806 [Listener at 0.0.0.0/41679] INFO  ha.OMHANodeDetails (OMHANodeDetails.java:loadOMHAConfig(219)) - Configuration does not have ozone.om.address set. Falling back to the default OM address /127.0.0.1:0
2021-10-14 19:41:56,806 [Listener at 0.0.0.0/41679] INFO  ha.OMHANodeDetails (OMHANodeDetails.java:getOMNodeDetails(247)) - OM Service ID is not set. Setting it to the default ID: omServiceIdDefault
2021-10-14 19:41:56,806 [Listener at 0.0.0.0/41679] INFO  ha.OMHANodeDetails (OMHANodeDetails.java:getOMNodeDetails(254)) - OM Node ID is not set. Setting it to the default ID: om1
2021-10-14 19:41:56,810 [Listener at 0.0.0.0/41679] WARN  server.ServerUtils (ServerUtils.java:getDBPath(225)) - ozone.om.db.dirs is not configured. We recommend adding this setting. Falling back to ozone.metadata.dirs instead.
2021-10-14 19:41:56,812 [Listener at 0.0.0.0/41679] INFO  upgrade.AbstractLayoutVersionManager (AbstractLayoutVersionManager.java:init(79)) - Initializing Layout version manager with metadata layout = INITIAL_VERSION (version = 0), software layout = INITIAL_VERSION (version = 0)
2021-10-14 19:41:56,873 [Listener at 0.0.0.0/41679] INFO  reflections.Reflections (Reflections.java:scan(232)) - Reflections took 53 ms to scan 2 urls, producing 131 keys and 342 values [using 2 cores]
2021-10-14 19:41:56,879 [Listener at 0.0.0.0/41679] INFO  upgrade.OMLayoutVersionManager (OMLayoutVersionManager.java:lambda$0(115)) - Skipping Upgrade Action MockOmUpgradeAction since it has been finalized.
2021-10-14 19:41:56,880 [Listener at 0.0.0.0/41679] WARN  server.ServerUtils (ServerUtils.java:getDBPath(225)) - ozone.om.db.dirs is not configured. We recommend adding this setting. Falling back to ozone.metadata.dirs instead.
2021-10-14 19:41:57,294 [Listener at 0.0.0.0/41679] WARN  server.ServerUtils (ServerUtils.java:getDBPath(225)) - ozone.om.db.dirs is not configured. We recommend adding this setting. Falling back to ozone.metadata.dirs instead.
2021-10-14 19:41:57,302 [Listener at 0.0.0.0/41679] INFO  codec.OmKeyInfoCodec (OmKeyInfoCodec.java:<init>(51)) - OmKeyInfoCodec ignorePipeline = true
2021-10-14 19:41:57,304 [Listener at 0.0.0.0/41679] INFO  codec.RepeatedOmKeyInfoCodec (RepeatedOmKeyInfoCodec.java:<init>(42)) - RepeatedOmKeyInfoCodec ignorePipeline = true
2021-10-14 19:41:57,514 [Listener at 0.0.0.0/41679] INFO  om.OzoneManager (OzoneManager.java:addS3GVolumeToDB(4151)) - Created Volume s3v With Owner runner required for S3Gateway operations.
2021-10-14 19:41:57,604 [Listener at 0.0.0.0/41679] WARN  server.ServerUtils (ServerUtils.java:getDefaultRatisDirectory(237)) - Storage directory for Ratis is not configured. It is a good idea to map this to an SSD disk. Falling back to ozone.metadata.dirs
2021-10-14 19:41:57,605 [Listener at 0.0.0.0/41679] WARN  utils.OzoneManagerRatisUtils (OzoneManagerRatisUtils.java:getOMRatisSnapshotDirectory(435)) - ozone.om.ratis.snapshot.dir is not configured. Falling back to ozone.metadata.dirs config
2021-10-14 19:41:57,636 [Listener at 0.0.0.0/41679] WARN  server.ServerUtils (ServerUtils.java:getDefaultRatisDirectory(237)) - Storage directory for Ratis is not configured. It is a good idea to map this to an SSD disk. Falling back to ozone.metadata.dirs
2021-10-14 19:41:57,667 [Listener at 0.0.0.0/41679] INFO  ratis.OzoneManagerRatisServer (OzoneManagerRatisServer.java:<init>(159)) - Instantiating OM Ratis server with groupID: omServiceIdDefault and peers: localhost:9872
2021-10-14 19:41:57,678 [Listener at 0.0.0.0/41679] INFO  ratis.OzoneManagerStateMachine (OzoneManagerStateMachine.java:loadSnapshotInfoFromDB(605)) - LastAppliedIndex is set from TransactionInfo from OM DB as (t:0, i:~)
2021-10-14 19:41:57,721 [Listener at 0.0.0.0/41679] INFO  server.RaftServer (ConfUtils.java:logGet(44)) - raft.rpc.type = GRPC (default)
2021-10-14 19:41:57,805 [Listener at 0.0.0.0/41679] INFO  grpc.GrpcFactory (GrpcFactory.java:checkPooledByteBufAllocatorUseCacheForAllThreads(48)) - PERFORMANCE WARNING: useCacheForAllThreads is true that may cause Netty to create a lot garbage objects and, as a result, trigger GC.
	It is recommended to disable useCacheForAllThreads by setting -Dorg.apache.ratis.thirdparty.io.netty.allocator.useCacheForAllThreads=false in command line.
2021-10-14 19:41:57,809 [Listener at 0.0.0.0/41679] INFO  grpc.GrpcConfigKeys (ConfUtils.java:logGet(44)) - raft.grpc.admin.port = -1 (default)
2021-10-14 19:41:57,810 [Listener at 0.0.0.0/41679] INFO  grpc.GrpcConfigKeys (ConfUtils.java:logGet(44)) - raft.grpc.server.port = 9872 (custom)
2021-10-14 19:41:57,810 [Listener at 0.0.0.0/41679] INFO  grpc.GrpcConfigKeys (ConfUtils.java:logGet(44)) - raft.grpc.client.port = -1 (default)
2021-10-14 19:41:57,810 [Listener at 0.0.0.0/41679] INFO  grpc.GrpcConfigKeys (ConfUtils.java:logGet(44)) - raft.grpc.server.port = 9872 (custom)
2021-10-14 19:41:57,811 [Listener at 0.0.0.0/41679] INFO  grpc.GrpcConfigKeys (ConfUtils.java:logGet(44)) - raft.grpc.server.port = 9872 (custom)
2021-10-14 19:41:57,812 [Listener at 0.0.0.0/41679] INFO  server.GrpcService (ConfUtils.java:logGet(44)) - raft.grpc.message.size.max = 33554432 (custom)
2021-10-14 19:41:57,813 [Listener at 0.0.0.0/41679] INFO  server.RaftServerConfigKeys (ConfUtils.java:logGet(44)) - raft.server.log.appender.buffer.byte-limit = 33554432 (custom)
2021-10-14 19:41:57,814 [Listener at 0.0.0.0/41679] INFO  server.GrpcService (ConfUtils.java:logGet(44)) - raft.grpc.flow.control.window = 1MB (=1048576) (default)
2021-10-14 19:41:57,814 [Listener at 0.0.0.0/41679] INFO  server.RaftServerConfigKeys (ConfUtils.java:logGet(44)) - raft.server.rpc.request.timeout = 3000ms (default)
2021-10-14 19:41:58,106 [Listener at 0.0.0.0/41679] INFO  impl.DataStreamServerImpl (ConfUtils.java:logGet(44)) - raft.datastream.type = DISABLED (default)
2021-10-14 19:41:58,108 [Listener at 0.0.0.0/41679] INFO  server.RaftServerConfigKeys (ConfUtils.java:logGet(44)) - raft.server.rpc.slowness.timeout = 120s (custom)
2021-10-14 19:41:58,108 [Listener at 0.0.0.0/41679] INFO  server.RaftServerConfigKeys (ConfUtils.java:logGet(44)) - raft.server.leaderelection.leader.step-down.wait-time = 10s (default)
2021-10-14 19:41:58,129 [Listener at 0.0.0.0/41679] INFO  server.RaftServerConfigKeys (ConfUtils.java:logGet(44)) - raft.server.storage.dir = [/home/runner/work/ozone/ozone/hadoop-ozone/integration-test/target/test-dir/MiniOzoneClusterImpl-0ea35d3c-98b9-4918-895e-fcd9be0efca6/ozone-meta/ratis] (custom)
2021-10-14 19:41:58,136 [Listener at 0.0.0.0/41679] INFO  server.RaftServer (RaftServerProxy.java:addNew(95)) - om1: addNew group-C5BA1605619E:[om1|rpc:localhost:9872|priority:0] returns group-C5BA1605619E:java.util.concurrent.CompletableFuture@79145b1f[Not completed]
2021-10-14 19:41:58,136 [Listener at 0.0.0.0/41679] INFO  om.OzoneManager (OzoneManager.java:initializeRatisServer(1605)) - OzoneManager Ratis server initialized at port 9872
2021-10-14 19:41:58,150 [Listener at 0.0.0.0/41679] INFO  ipc.CallQueueManager (CallQueueManager.java:<init>(90)) - Using callQueue: class java.util.concurrent.LinkedBlockingQueue, queueCapacity: 2000, scheduler: class org.apache.hadoop.ipc.DefaultRpcScheduler, ipcBackoff: false.
2021-10-14 19:41:58,151 [Socket Reader #1 for port 0] INFO  ipc.Server (Server.java:run(1265)) - Starting Socket Reader #1 for port 0
2021-10-14 19:41:58,176 [pool-39-thread-1] INFO  server.RaftServer$Division (RaftServerImpl.java:<init>(181)) - om1: new RaftServerImpl for group-C5BA1605619E:[om1|rpc:localhost:9872|priority:0] with OzoneManagerStateMachine:uninitialized
2021-10-14 19:41:58,185 [pool-39-thread-1] INFO  server.RaftServerConfigKeys (ConfUtils.java:logGet(44)) - raft.server.rpc.timeout.min = 1s (custom)
2021-10-14 19:41:58,185 [pool-39-thread-1] INFO  server.RaftServerConfigKeys (ConfUtils.java:logGet(44)) - raft.server.rpc.timeout.max = 1200ms (custom)
2021-10-14 19:41:58,186 [pool-39-thread-1] INFO  server.RaftServerConfigKeys (ConfUtils.java:logGet(44)) - raft.server.rpc.sleep.time = 25ms (default)
2021-10-14 19:41:58,186 [pool-39-thread-1] INFO  server.RaftServerConfigKeys (ConfUtils.java:logGet(44)) - raft.server.rpc.slowness.timeout = 120s (custom)
2021-10-14 19:41:58,186 [pool-39-thread-1] INFO  server.RaftServerConfigKeys (ConfUtils.java:logGet(44)) - raft.server.leaderelection.leader.step-down.wait-time = 10s (default)
2021-10-14 19:41:58,186 [pool-39-thread-1] INFO  server.RaftServerConfigKeys (ConfUtils.java:logGet(44)) - raft.server.sleep.deviation.threshold = 300ms (default)
2021-10-14 19:41:58,187 [pool-39-thread-1] INFO  server.RaftServerConfigKeys (ConfUtils.java:logGet(44)) - raft.server.log.appender.install.snapshot.enabled = false (custom)
2021-10-14 19:41:58,195 [pool-39-thread-1] INFO  server.RaftServer$Division (ServerState.java:<init>(105)) - om1@group-C5BA1605619E: ConfigurationManager, init=-1: [om1|rpc:localhost:9872|priority:0], old=null, confs=<EMPTY_MAP>
2021-10-14 19:41:58,204 [pool-39-thread-1] INFO  server.RaftServerConfigKeys (ConfUtils.java:logGet(44)) - raft.server.storage.dir = [/home/runner/work/ozone/ozone/hadoop-ozone/integration-test/target/test-dir/MiniOzoneClusterImpl-0ea35d3c-98b9-4918-895e-fcd9be0efca6/ozone-meta/ratis] (custom)
2021-10-14 19:41:58,203 [Listener at 127.0.0.1/44077] INFO  om.OzoneManager (OzoneManager.java:initFSOLayout(4357)) - Configured ozone.om.metadata.layout=SIMPLE and disabled optimized OM FS operations
2021-10-14 19:41:58,224 [Listener at 127.0.0.1/44077] INFO  impl.MetricsSystemImpl (MetricsSystemImpl.java:init(158)) - OzoneManager metrics system started (again)
2021-10-14 19:41:58,243 [pool-39-thread-1] INFO  server.RaftServerConfigKeys (ConfUtils.java:logGet(44)) - raft.server.log.corruption.policy = EXCEPTION (default)
2021-10-14 19:41:58,246 [pool-39-thread-1] INFO  server.RaftServerConfigKeys (ConfUtils.java:logGet(44)) - raft.server.storage.free-space.min = 0MB (=0) (default)
2021-10-14 19:41:58,250 [pool-39-thread-1] INFO  storage.RaftStorageDirectory (RaftStorageDirectoryImpl.java:analyzeStorage(135)) - The storage directory /home/runner/work/ozone/ozone/hadoop-ozone/integration-test/target/test-dir/MiniOzoneClusterImpl-0ea35d3c-98b9-4918-895e-fcd9be0efca6/ozone-meta/ratis/bf265839-605b-3f16-9796-c5ba1605619e does not exist. Creating ...
2021-10-14 19:41:58,261 [pool-39-thread-1] INFO  storage.RaftStorageDirectory (RaftStorageDirectoryImpl.java:tryLock(230)) - Lock on /home/runner/work/ozone/ozone/hadoop-ozone/integration-test/target/test-dir/MiniOzoneClusterImpl-0ea35d3c-98b9-4918-895e-fcd9be0efca6/ozone-meta/ratis/bf265839-605b-3f16-9796-c5ba1605619e/in_use.lock acquired by nodename 16848@fv-az184-831
2021-10-14 19:41:58,267 [Listener at 127.0.0.1/44077] INFO  om.OzoneManager (OzoneManager.java:start(1301)) - OzoneManager RPC server is listening at localhost/127.0.0.1:44077
2021-10-14 19:41:58,268 [Listener at 127.0.0.1/44077] INFO  ratis.OzoneManagerRatisServer (OzoneManagerRatisServer.java:start(520)) - Starting OzoneManagerRatisServer om1 at port 9872
2021-10-14 19:41:58,272 [pool-39-thread-1] INFO  storage.RaftStorage (RaftStorageImpl.java:format(89)) - Storage directory /home/runner/work/ozone/ozone/hadoop-ozone/integration-test/target/test-dir/MiniOzoneClusterImpl-0ea35d3c-98b9-4918-895e-fcd9be0efca6/ozone-meta/ratis/bf265839-605b-3f16-9796-c5ba1605619e has been successfully formatted.
2021-10-14 19:41:58,274 [pool-39-thread-1] INFO  server.RaftServerConfigKeys (ConfUtils.java:logGet(44)) - raft.server.notification.no-leader.timeout = 120s (custom)
2021-10-14 19:41:58,277 [pool-39-thread-1] INFO  server.RaftServerConfigKeys (ConfUtils.java:logGet(44)) - raft.server.log.use.memory = false (default)
2021-10-14 19:41:58,285 [pool-39-thread-1] INFO  server.RaftServerConfigKeys (ConfUtils.java:logGet(44)) - raft.server.log.purge.gap = 1000000 (custom)
2021-10-14 19:41:58,287 [pool-39-thread-1] INFO  server.RaftServerConfigKeys (ConfUtils.java:logGet(44)) - raft.server.log.appender.buffer.byte-limit = 33554432 (custom)
2021-10-14 19:41:58,301 [pool-39-thread-1] INFO  server.RaftServerConfigKeys (ConfUtils.java:logGet(44)) - raft.server.log.segment.size.max = 4194304 (custom)
2021-10-14 19:41:58,312 [pool-39-thread-1] INFO  server.RaftServerConfigKeys (ConfUtils.java:logGet(44)) - raft.server.log.segment.cache.num.max = 2 (custom)
2021-10-14 19:41:58,313 [pool-39-thread-1] INFO  server.RaftServerConfigKeys (ConfUtils.java:logGet(44)) - raft.server.log.segment.cache.size.max = 200MB (=209715200) (default)
2021-10-14 19:41:58,319 [pool-39-thread-1] INFO  segmented.SegmentedRaftLogWorker (SegmentedRaftLogWorker.java:<init>(182)) - new om1@group-C5BA1605619E-SegmentedRaftLogWorker for RaftStorageImpl:Storage Directory /home/runner/work/ozone/ozone/hadoop-ozone/integration-test/target/test-dir/MiniOzoneClusterImpl-0ea35d3c-98b9-4918-895e-fcd9be0efca6/ozone-meta/ratis/bf265839-605b-3f16-9796-c5ba1605619e
2021-10-14 19:41:58,320 [pool-39-thread-1] INFO  server.RaftServerConfigKeys (ConfUtils.java:logGet(44)) - raft.server.log.queue.byte-limit = 64MB (=67108864) (default)
2021-10-14 19:41:58,320 [pool-39-thread-1] INFO  server.RaftServerConfigKeys (ConfUtils.java:logGet(44)) - raft.server.log.queue.element-limit = 4096 (default)
2021-10-14 19:41:58,321 [pool-39-thread-1] INFO  server.RaftServerConfigKeys (ConfUtils.java:logGet(44)) - raft.server.log.segment.size.max = 4194304 (custom)
2021-10-14 19:41:58,321 [pool-39-thread-1] INFO  server.RaftServerConfigKeys (ConfUtils.java:logGet(44)) - raft.server.log.preallocated.size = 4194304 (custom)
2021-10-14 19:41:58,322 [pool-39-thread-1] INFO  server.RaftServerConfigKeys (ConfUtils.java:logGet(44)) - raft.server.log.force.sync.num = 128 (default)
2021-10-14 19:41:58,323 [pool-39-thread-1] INFO  server.RaftServerConfigKeys (ConfUtils.java:logGet(44)) - raft.server.log.statemachine.data.sync = true (default)
2021-10-14 19:41:58,324 [pool-39-thread-1] INFO  server.RaftServerConfigKeys (ConfUtils.java:logGet(44)) - raft.server.log.statemachine.data.sync.timeout = 10s (default)
2021-10-14 19:41:58,324 [pool-39-thread-1] INFO  server.RaftServerConfigKeys (ConfUtils.java:logGet(44)) - raft.server.log.statemachine.data.sync.timeout.retry = -1 (default)
2021-10-14 19:41:58,337 [pool-39-thread-1] INFO  server.RaftServerConfigKeys (ConfUtils.java:logGet(44)) - raft.server.log.write.buffer.size = 64KB (=65536) (default)
2021-10-14 19:41:58,338 [pool-39-thread-1] INFO  server.RaftServerConfigKeys (ConfUtils.java:logGet(44)) - raft.server.log.statemachine.data.caching.enabled = false (default)
2021-10-14 19:41:58,345 [pool-39-thread-1] INFO  segmented.SegmentedRaftLogWorker (SegmentedRaftLogWorker.java:lambda$new$0(133)) - om1@group-C5BA1605619E-SegmentedRaftLogWorker: flushIndex: setUnconditionally 0 -> -1
2021-10-14 19:41:58,346 [pool-39-thread-1] INFO  segmented.SegmentedRaftLogWorker (SegmentedRaftLogWorker.java:lambda$new$0(133)) - om1@group-C5BA1605619E-SegmentedRaftLogWorker: safeCacheEvictIndex: setUnconditionally 0 -> -1
2021-10-14 19:41:58,350 [pool-39-thread-1] INFO  server.RaftServerConfigKeys (ConfUtils.java:logGet(44)) - raft.server.snapshot.auto.trigger.enabled = true (custom)
2021-10-14 19:41:58,351 [pool-39-thread-1] INFO  server.RaftServerConfigKeys (ConfUtils.java:logGet(44)) - raft.server.snapshot.auto.trigger.threshold = 400000 (default)
2021-10-14 19:41:58,352 [pool-39-thread-1] INFO  server.RaftServerConfigKeys (ConfUtils.java:logGet(44)) - raft.server.snapshot.retention.file.num = -1 (default)
2021-10-14 19:41:58,353 [pool-39-thread-1] INFO  server.RaftServerConfigKeys (ConfUtils.java:logGet(44)) - raft.server.log.purge.upto.snapshot.index = true (custom)
2021-10-14 19:41:58,354 [pool-39-thread-1] INFO  server.RaftServerConfigKeys (ConfUtils.java:logGet(44)) - raft.server.retrycache.expirytime = 300s (custom)
2021-10-14 19:41:58,354 [pool-39-thread-1] INFO  server.RaftServerConfigKeys (ConfUtils.java:logGet(44)) - raft.server.retrycache.statistics.expirytime = 100μs (default)
2021-10-14 19:41:58,405 [Listener at 127.0.0.1/44077] INFO  server.RaftServer$Division (RaftServerImpl.java:start(296)) - om1@group-C5BA1605619E: start as a follower, conf=-1: [om1|rpc:localhost:9872|priority:0], old=null
2021-10-14 19:41:58,407 [Listener at 127.0.0.1/44077] INFO  server.RaftServer$Division (RaftServerImpl.java:setRole(285)) - om1@group-C5BA1605619E: changes role from      null to FOLLOWER at term 0 for startAsFollower
2021-10-14 19:41:58,408 [Listener at 127.0.0.1/44077] INFO  impl.RoleInfo (RoleInfo.java:updateAndGet(130)) - om1: start om1@group-C5BA1605619E-FollowerState
2021-10-14 19:41:58,410 [Listener at 127.0.0.1/44077] INFO  util.JmxRegister (JmxRegister.java:tryRegister(44)) - Successfully registered JMX Bean with object name Ratis:service=RaftServer,group=group-C5BA1605619E,id=om1
2021-10-14 19:41:58,420 [Listener at 127.0.0.1/44077] INFO  server.RaftServer (RaftServerProxy.java:lambda$start$5(374)) - om1: start RPC server
2021-10-14 19:41:58,478 [Listener at 127.0.0.1/44077] INFO  server.GrpcService (GrpcService.java:startImpl(253)) - om1: GrpcService started, listening on 9872
2021-10-14 19:41:58,480 [org.apache.ratis.util.JvmPauseMonitor$$Lambda$531/694926949@3645b695] INFO  util.JvmPauseMonitor (JvmPauseMonitor.java:run(103)) - JvmPauseMonitor-om1: Started
2021-10-14 19:41:58,481 [Listener at 127.0.0.1/44077] INFO  om.OzoneManager (OzoneManager.java:start(1319)) - Version File has different layout version (0) than OM DB (null). That is expected if this OM has never been finalized to a newer layout version.
2021-10-14 19:41:58,492 [Listener at 127.0.0.1/44077] INFO  http.BaseHttpServer (BaseHttpServer.java:newHttpServer2BuilderForOzone(209)) - Starting Web-server for ozoneManager at: http://0.0.0.0:0
2021-10-14 19:41:58,492 [Listener at 127.0.0.1/44077] INFO  http.BaseHttpServer (BaseHttpServer.java:<init>(107)) - Hadoop Security Enabled: false Ozone Security Enabled: false Ozone HTTP Security Enabled: false 
2021-10-14 19:41:58,494 [Listener at 127.0.0.1/44077] INFO  server.AuthenticationFilter (AuthenticationFilter.java:constructSecretProvider(240)) - Unable to initialize FileSignerSecretProvider, falling back to use random secrets.
2021-10-14 19:41:58,502 [Listener at 127.0.0.1/44077] WARN  http.HttpRequestLog (HttpRequestLog.java:getRequestLog(103)) - Jetty request log can only be enabled using Log4j
2021-10-14 19:41:58,503 [Listener at 127.0.0.1/44077] INFO  http.HttpServer2 (HttpServer2.java:addGlobalFilter(1030)) - Added global filter 'safety' (class=org.apache.hadoop.hdds.server.http.HttpServer2$QuotingInputFilter)
2021-10-14 19:41:58,504 [Listener at 127.0.0.1/44077] INFO  http.HttpServer2 (HttpServer2.java:addFilter(1006)) - Added filter static_user_filter (class=org.apache.hadoop.http.lib.StaticUserWebFilter$StaticUserFilter) to context ozoneManager
2021-10-14 19:41:58,505 [Listener at 127.0.0.1/44077] INFO  http.HttpServer2 (HttpServer2.java:addFilter(1014)) - Added filter static_user_filter (class=org.apache.hadoop.http.lib.StaticUserWebFilter$StaticUserFilter) to context static
2021-10-14 19:41:58,505 [Listener at 127.0.0.1/44077] INFO  http.HttpServer2 (HttpServer2.java:addFilter(1014)) - Added filter static_user_filter (class=org.apache.hadoop.http.lib.StaticUserWebFilter$StaticUserFilter) to context logs
2021-10-14 19:41:58,506 [Listener at 127.0.0.1/44077] INFO  http.HttpServer2 (HttpServer2.java:bindListener(1249)) - Jetty bound to port 34525
2021-10-14 19:41:58,507 [Listener at 127.0.0.1/44077] INFO  server.Server (Server.java:doStart(375)) - jetty-9.4.43.v20210629; built: 2021-06-30T11:07:22.254Z; git: 526006ecfa3af7f1a27ef3a288e2bef7ea9dd7e8; jvm 1.8.0_292-b10
2021-10-14 19:41:58,513 [Listener at 127.0.0.1/44077] INFO  server.session (DefaultSessionIdManager.java:doStart(334)) - DefaultSessionIdManager workerName=node0
2021-10-14 19:41:58,514 [Listener at 127.0.0.1/44077] INFO  server.session (DefaultSessionIdManager.java:doStart(339)) - No SessionScavenger set, using defaults
2021-10-14 19:41:58,514 [Listener at 127.0.0.1/44077] INFO  server.session (HouseKeeper.java:startScavenging(132)) - node0 Scavenging every 660000ms
2021-10-14 19:41:58,515 [Listener at 127.0.0.1/44077] INFO  handler.ContextHandler (ContextHandler.java:doStart(915)) - Started o.e.j.s.ServletContextHandler@2c05de1d{logs,/logs,file:///home/runner/work/ozone/ozone/hadoop-ozone/integration-test/target/log,AVAILABLE}
2021-10-14 19:41:58,515 [Listener at 127.0.0.1/44077] INFO  handler.ContextHandler (ContextHandler.java:doStart(915)) - Started o.e.j.s.ServletContextHandler@69fa1088{static,/static,file:///home/runner/work/ozone/ozone/hadoop-ozone/integration-test/target/test-classes/webapps/static,AVAILABLE}
2021-10-14 19:41:58,520 [Listener at 127.0.0.1/44077] INFO  handler.ContextHandler (ContextHandler.java:doStart(915)) - Started o.e.j.w.WebAppContext@7ff159f2{ozoneManager,/,file:///home/runner/work/ozone/ozone/hadoop-ozone/integration-test/target/test-classes/webapps/ozoneManager/,AVAILABLE}{file:/home/runner/work/ozone/ozone/hadoop-ozone/integration-test/target/test-classes/webapps/ozoneManager}
2021-10-14 19:41:58,528 [Listener at 127.0.0.1/44077] INFO  server.AbstractConnector (AbstractConnector.java:doStart(331)) - Started ServerConnector@65632409{HTTP/1.1, (http/1.1)}{0.0.0.0:34525}
2021-10-14 19:41:58,529 [Listener at 127.0.0.1/44077] INFO  server.Server (Server.java:doStart(415)) - Started @6643ms
2021-10-14 19:41:58,529 [Listener at 127.0.0.1/44077] WARN  impl.MetricsSystemImpl (MetricsSystemImpl.java:register(279)) - Sink prometheus already exists!
2021-10-14 19:41:58,530 [Listener at 127.0.0.1/44077] INFO  http.BaseHttpServer (BaseHttpServer.java:updateConnectorAddress(329)) - HTTP server of ozoneManager listening at http://0.0.0.0:34525
2021-10-14 19:41:58,531 [IPC Server Responder] INFO  ipc.Server (Server.java:run(1507)) - IPC Server Responder: starting
2021-10-14 19:41:58,531 [IPC Server listener on 0] INFO  ipc.Server (Server.java:run(1344)) - IPC Server listener on 0: starting
2021-10-14 19:41:58,543 [Listener at 127.0.0.1/44077] INFO  om.OzoneManager (OzoneManager.java:startTrashEmptier(1563)) - Trash Interval set to 0. Files deleted will not move to trash
2021-10-14 19:41:58,553 [org.apache.hadoop.util.JvmPauseMonitor$Monitor@11085afe] INFO  util.JvmPauseMonitor (JvmPauseMonitor.java:run(188)) - Starting JVM pause monitor
2021-10-14 19:41:58,709 [Listener at 127.0.0.1/44077] WARN  impl.MetricRegistriesImpl (MetricRegistriesImpl.java:addReporterRegistration(111)) - New reporters are added after registries were created. Some metrics will be missing from the reporter. Please add reporter before adding any new registry.
2021-10-14 19:41:58,709 [Listener at 127.0.0.1/44077] WARN  impl.MetricRegistriesImpl (MetricRegistriesImpl.java:addReporterRegistration(111)) - New reporters are added after registries were created. Some metrics will be missing from the reporter. Please add reporter before adding any new registry.
2021-10-14 19:41:58,709 [Listener at 127.0.0.1/44077] INFO  impl.MetricsSystemImpl (MetricsSystemImpl.java:init(158)) - HddsDatanode metrics system started (again)
2021-10-14 19:41:58,727 [Listener at 127.0.0.1/44077] INFO  ozone.HddsDatanodeService (HddsDatanodeService.java:start(234)) - HddsDatanodeService host:fv-az184-831.3ow45vhwbzuu5incsxmygykede.cx.internal.cloudapp.net ip:10.1.0.23
2021-10-14 19:41:58,757 [Listener at 127.0.0.1/44077] INFO  upgrade.AbstractLayoutVersionManager (AbstractLayoutVersionManager.java:init(79)) - Initializing Layout version manager with metadata layout = SCM_HA (version = 2), software layout = SCM_HA (version = 2)
2021-10-14 19:41:58,801 [Listener at 127.0.0.1/44077] INFO  reflections.Reflections (Reflections.java:scan(232)) - Reflections took 43 ms to scan 7 urls, producing 119 keys and 278 values 
2021-10-14 19:41:58,861 [Listener at 127.0.0.1/44077] INFO  volume.HddsVolume (HddsVolume.java:<init>(120)) - Creating HddsVolume: /home/runner/work/ozone/ozone/hadoop-ozone/integration-test/target/test-dir/MiniOzoneClusterImpl-0ea35d3c-98b9-4918-895e-fcd9be0efca6/datanode-0/data-0/containers/hdds of storage type : DISK capacity : 9223372036854775807
2021-10-14 19:41:58,864 [Listener at 127.0.0.1/44077] INFO  volume.MutableVolumeSet (MutableVolumeSet.java:initializeVolumeSet(168)) - Added Volume : /home/runner/work/ozone/ozone/hadoop-ozone/integration-test/target/test-dir/MiniOzoneClusterImpl-0ea35d3c-98b9-4918-895e-fcd9be0efca6/datanode-0/data-0/containers/hdds to VolumeSet
2021-10-14 19:41:58,865 [Listener at 127.0.0.1/44077] INFO  volume.ThrottledAsyncChecker (ThrottledAsyncChecker.java:schedule(141)) - Scheduling a check for /home/runner/work/ozone/ozone/hadoop-ozone/integration-test/target/test-dir/MiniOzoneClusterImpl-0ea35d3c-98b9-4918-895e-fcd9be0efca6/datanode-0/data-0/containers/hdds
2021-10-14 19:41:58,886 [Listener at 127.0.0.1/44077] INFO  volume.StorageVolumeChecker (StorageVolumeChecker.java:checkAllVolumes(202)) - Scheduled health check for volume /home/runner/work/ozone/ozone/hadoop-ozone/integration-test/target/test-dir/MiniOzoneClusterImpl-0ea35d3c-98b9-4918-895e-fcd9be0efca6/datanode-0/data-0/containers/hdds
2021-10-14 19:41:58,905 [Listener at 127.0.0.1/44077] INFO  volume.MutableVolumeSet (MutableVolumeSet.java:initializeVolumeSet(168)) - Added Volume : /home/runner/work/ozone/ozone/hadoop-ozone/integration-test/target/test-dir/MiniOzoneClusterImpl-0ea35d3c-98b9-4918-895e-fcd9be0efca6/datanode-0/data/ratis to VolumeSet
2021-10-14 19:41:58,905 [Listener at 127.0.0.1/44077] INFO  volume.ThrottledAsyncChecker (ThrottledAsyncChecker.java:schedule(141)) - Scheduling a check for /home/runner/work/ozone/ozone/hadoop-ozone/integration-test/target/test-dir/MiniOzoneClusterImpl-0ea35d3c-98b9-4918-895e-fcd9be0efca6/datanode-0/data/ratis
2021-10-14 19:41:58,906 [Listener at 127.0.0.1/44077] INFO  volume.StorageVolumeChecker (StorageVolumeChecker.java:checkAllVolumes(202)) - Scheduled health check for volume /home/runner/work/ozone/ozone/hadoop-ozone/integration-test/target/test-dir/MiniOzoneClusterImpl-0ea35d3c-98b9-4918-895e-fcd9be0efca6/datanode-0/data/ratis
2021-10-14 19:41:58,923 [Thread-129] INFO  ozoneimpl.ContainerReader (ContainerReader.java:readVolume(172)) - Finish verifying containers on volume /home/runner/work/ozone/ozone/hadoop-ozone/integration-test/target/test-dir/MiniOzoneClusterImpl-0ea35d3c-98b9-4918-895e-fcd9be0efca6/datanode-0/data-0/containers/hdds
2021-10-14 19:41:58,923 [Listener at 127.0.0.1/44077] INFO  ozoneimpl.OzoneContainer (OzoneContainer.java:buildContainerSet(236)) - Build ContainerSet costs 0s
2021-10-14 19:41:58,989 [Listener at 127.0.0.1/44077] INFO  server.RaftServer (ConfUtils.java:logGet(44)) - raft.rpc.type = GRPC (default)
2021-10-14 19:41:58,989 [Listener at 127.0.0.1/44077] INFO  grpc.GrpcFactory (GrpcFactory.java:checkPooledByteBufAllocatorUseCacheForAllThreads(48)) - PERFORMANCE WARNING: useCacheForAllThreads is true that may cause Netty to create a lot garbage objects and, as a result, trigger GC.
	It is recommended to disable useCacheForAllThreads by setting -Dorg.apache.ratis.thirdparty.io.netty.allocator.useCacheForAllThreads=false in command line.
2021-10-14 19:41:58,989 [Listener at 127.0.0.1/44077] INFO  grpc.GrpcConfigKeys (ConfUtils.java:logGet(44)) - raft.grpc.admin.port = 0 (custom)
2021-10-14 19:41:58,990 [Listener at 127.0.0.1/44077] INFO  grpc.GrpcConfigKeys (ConfUtils.java:logGet(44)) - raft.grpc.client.port = 0 (custom)
2021-10-14 19:41:58,990 [Listener at 127.0.0.1/44077] INFO  grpc.GrpcConfigKeys (ConfUtils.java:logGet(44)) - raft.grpc.server.port = 0 (default)
2021-10-14 19:41:58,990 [Listener at 127.0.0.1/44077] INFO  server.GrpcService (ConfUtils.java:logGet(44)) - raft.grpc.message.size.max = 32MB (=33554432) (custom)
2021-10-14 19:41:58,990 [Listener at 127.0.0.1/44077] INFO  server.RaftServerConfigKeys (ConfUtils.java:logGet(44)) - raft.server.log.appender.buffer.byte-limit = 33554432 (custom)
2021-10-14 19:41:58,991 [Listener at 127.0.0.1/44077] INFO  server.GrpcService (ConfUtils.java:logGet(44)) - raft.grpc.flow.control.window = 5MB (=5242880) (custom)
2021-10-14 19:41:58,991 [Listener at 127.0.0.1/44077] INFO  server.RaftServerConfigKeys (ConfUtils.java:logGet(44)) - raft.server.rpc.request.timeout = 3000ms (default)
2021-10-14 19:41:58,992 [Listener at 127.0.0.1/44077] INFO  impl.DataStreamServerImpl (ConfUtils.java:logGet(44)) - raft.datastream.type = DISABLED (default)
2021-10-14 19:41:58,993 [Listener at 127.0.0.1/44077] INFO  server.RaftServerConfigKeys (ConfUtils.java:logGet(44)) - raft.server.rpc.slowness.timeout = 300000ms (custom)
2021-10-14 19:41:58,993 [Listener at 127.0.0.1/44077] INFO  server.RaftServerConfigKeys (ConfUtils.java:logGet(44)) - raft.server.leaderelection.leader.step-down.wait-time = 10s (default)
2021-10-14 19:41:58,993 [Listener at 127.0.0.1/44077] INFO  server.RaftServerConfigKeys (ConfUtils.java:logGet(44)) - raft.server.storage.dir = [/home/runner/work/ozone/ozone/hadoop-ozone/integration-test/target/test-dir/MiniOzoneClusterImpl-0ea35d3c-98b9-4918-895e-fcd9be0efca6/datanode-0/data/ratis] (custom)
2021-10-14 19:41:59,066 [Listener at 127.0.0.1/44077] INFO  http.BaseHttpServer (BaseHttpServer.java:newHttpServer2BuilderForOzone(209)) - Starting Web-server for hddsDatanode at: http://0.0.0.0:0
2021-10-14 19:41:59,066 [Listener at 127.0.0.1/44077] INFO  http.BaseHttpServer (BaseHttpServer.java:<init>(107)) - Hadoop Security Enabled: false Ozone Security Enabled: false Ozone HTTP Security Enabled: false 
2021-10-14 19:41:59,068 [Listener at 127.0.0.1/44077] INFO  server.AuthenticationFilter (AuthenticationFilter.java:constructSecretProvider(240)) - Unable to initialize FileSignerSecretProvider, falling back to use random secrets.
2021-10-14 19:41:59,069 [Listener at 127.0.0.1/44077] WARN  http.HttpRequestLog (HttpRequestLog.java:getRequestLog(103)) - Jetty request log can only be enabled using Log4j
2021-10-14 19:41:59,070 [Listener at 127.0.0.1/44077] INFO  http.HttpServer2 (HttpServer2.java:addGlobalFilter(1030)) - Added global filter 'safety' (class=org.apache.hadoop.hdds.server.http.HttpServer2$QuotingInputFilter)
2021-10-14 19:41:59,071 [Listener at 127.0.0.1/44077] INFO  http.HttpServer2 (HttpServer2.java:addFilter(1006)) - Added filter static_user_filter (class=org.apache.hadoop.http.lib.StaticUserWebFilter$StaticUserFilter) to context hddsDatanode
2021-10-14 19:41:59,071 [Listener at 127.0.0.1/44077] INFO  http.HttpServer2 (HttpServer2.java:addFilter(1014)) - Added filter static_user_filter (class=org.apache.hadoop.http.lib.StaticUserWebFilter$StaticUserFilter) to context static
2021-10-14 19:41:59,071 [Listener at 127.0.0.1/44077] INFO  http.HttpServer2 (HttpServer2.java:addFilter(1014)) - Added filter static_user_filter (class=org.apache.hadoop.http.lib.StaticUserWebFilter$StaticUserFilter) to context logs
2021-10-14 19:41:59,072 [Listener at 127.0.0.1/44077] INFO  http.HttpServer2 (HttpServer2.java:bindListener(1249)) - Jetty bound to port 40299
2021-10-14 19:41:59,072 [Listener at 127.0.0.1/44077] INFO  server.Server (Server.java:doStart(375)) - jetty-9.4.43.v20210629; built: 2021-06-30T11:07:22.254Z; git: 526006ecfa3af7f1a27ef3a288e2bef7ea9dd7e8; jvm 1.8.0_292-b10
2021-10-14 19:41:59,077 [Listener at 127.0.0.1/44077] INFO  server.session (DefaultSessionIdManager.java:doStart(334)) - DefaultSessionIdManager workerName=node0
2021-10-14 19:41:59,077 [Listener at 127.0.0.1/44077] INFO  server.session (DefaultSessionIdManager.java:doStart(339)) - No SessionScavenger set, using defaults
2021-10-14 19:41:59,077 [Listener at 127.0.0.1/44077] INFO  server.session (HouseKeeper.java:startScavenging(132)) - node0 Scavenging every 600000ms
2021-10-14 19:41:59,078 [Listener at 127.0.0.1/44077] INFO  handler.ContextHandler (ContextHandler.java:doStart(915)) - Started o.e.j.s.ServletContextHandler@3eaf1101{logs,/logs,file:///home/runner/work/ozone/ozone/hadoop-ozone/integration-test/target/log,AVAILABLE}
2021-10-14 19:41:59,078 [Listener at 127.0.0.1/44077] INFO  handler.ContextHandler (ContextHandler.java:doStart(915)) - Started o.e.j.s.ServletContextHandler@37f197c0{static,/static,jar:file:/home/runner/.m2/repository/org/apache/ozone/hdds-container-service/1.2.0-SNAPSHOT/hdds-container-service-1.2.0-SNAPSHOT.jar!/webapps/static,AVAILABLE}
2021-10-14 19:41:59,130 [Listener at 127.0.0.1/44077] INFO  handler.ContextHandler (ContextHandler.java:doStart(915)) - Started o.e.j.w.WebAppContext@3ccffe01{hddsDatanode,/,file:///tmp/jetty-0_0_0_0-40299-hdds-container-service-1_2_0-SNAPSHOT_jar-_-any-6823783914223138047/webapp/,AVAILABLE}{jar:file:/home/runner/.m2/repository/org/apache/ozone/hdds-container-service/1.2.0-SNAPSHOT/hdds-container-service-1.2.0-SNAPSHOT.jar!/webapps/hddsDatanode}
2021-10-14 19:41:59,131 [Listener at 127.0.0.1/44077] INFO  server.AbstractConnector (AbstractConnector.java:doStart(331)) - Started ServerConnector@7916eace{HTTP/1.1, (http/1.1)}{0.0.0.0:40299}
2021-10-14 19:41:59,131 [Listener at 127.0.0.1/44077] INFO  server.Server (Server.java:doStart(415)) - Started @7246ms
2021-10-14 19:41:59,132 [Listener at 127.0.0.1/44077] WARN  impl.MetricsSystemImpl (MetricsSystemImpl.java:register(279)) - Sink prometheus already exists!
2021-10-14 19:41:59,133 [Listener at 127.0.0.1/44077] INFO  http.BaseHttpServer (BaseHttpServer.java:updateConnectorAddress(329)) - HTTP server of hddsDatanode listening at http://0.0.0.0:40299
2021-10-14 19:41:59,134 [Datanode State Machine Thread - 0] INFO  statemachine.DatanodeStateMachine (DatanodeStateMachine.java:lambda$startDaemon$0(463)) - Ozone container server started.
2021-10-14 19:41:59,137 [Listener at 127.0.0.1/44077] WARN  impl.MetricRegistriesImpl (MetricRegistriesImpl.java:addReporterRegistration(111)) - New reporters are added after registries were created. Some metrics will be missing from the reporter. Please add reporter before adding any new registry.
2021-10-14 19:41:59,137 [Listener at 127.0.0.1/44077] WARN  impl.MetricRegistriesImpl (MetricRegistriesImpl.java:addReporterRegistration(111)) - New reporters are added after registries were created. Some metrics will be missing from the reporter. Please add reporter before adding any new registry.
2021-10-14 19:41:59,138 [Listener at 127.0.0.1/44077] INFO  impl.MetricsSystemImpl (MetricsSystemImpl.java:init(158)) - HddsDatanode metrics system started (again)
2021-10-14 19:41:59,161 [Listener at 127.0.0.1/44077] INFO  ozone.HddsDatanodeService (HddsDatanodeService.java:start(234)) - HddsDatanodeService host:fv-az184-831.3ow45vhwbzuu5incsxmygykede.cx.internal.cloudapp.net ip:10.1.0.23
2021-10-14 19:41:59,165 [org.apache.hadoop.util.JvmPauseMonitor$Monitor@206c3ef7] INFO  util.JvmPauseMonitor (JvmPauseMonitor.java:run(188)) - Starting JVM pause monitor
2021-10-14 19:41:59,198 [Listener at 127.0.0.1/44077] INFO  upgrade.AbstractLayoutVersionManager (AbstractLayoutVersionManager.java:init(79)) - Initializing Layout version manager with metadata layout = SCM_HA (version = 2), software layout = SCM_HA (version = 2)
2021-10-14 19:41:59,283 [Datanode State Machine Task Thread - 0] INFO  datanode.InitDatanodeState (InitDatanodeState.java:persistContainerDatanodeDetails(145)) - DatanodeDetails is persisted to /home/runner/work/ozone/ozone/hadoop-ozone/integration-test/target/test-dir/MiniOzoneClusterImpl-0ea35d3c-98b9-4918-895e-fcd9be0efca6/datanode-0/meta/datanode.id
2021-10-14 19:41:59,320 [Listener at 127.0.0.1/44077] INFO  reflections.Reflections (Reflections.java:scan(232)) - Reflections took 99 ms to scan 7 urls, producing 119 keys and 278 values 
2021-10-14 19:41:59,326 [Listener at 127.0.0.1/44077] INFO  volume.HddsVolume (HddsVolume.java:<init>(120)) - Creating HddsVolume: /home/runner/work/ozone/ozone/hadoop-ozone/integration-test/target/test-dir/MiniOzoneClusterImpl-0ea35d3c-98b9-4918-895e-fcd9be0efca6/datanode-1/data-0/containers/hdds of storage type : DISK capacity : 9223372036854775807
2021-10-14 19:41:59,334 [Listener at 127.0.0.1/44077] INFO  volume.MutableVolumeSet (MutableVolumeSet.java:initializeVolumeSet(168)) - Added Volume : /home/runner/work/ozone/ozone/hadoop-ozone/integration-test/target/test-dir/MiniOzoneClusterImpl-0ea35d3c-98b9-4918-895e-fcd9be0efca6/datanode-1/data-0/containers/hdds to VolumeSet
2021-10-14 19:41:59,334 [Listener at 127.0.0.1/44077] INFO  volume.ThrottledAsyncChecker (ThrottledAsyncChecker.java:schedule(141)) - Scheduling a check for /home/runner/work/ozone/ozone/hadoop-ozone/integration-test/target/test-dir/MiniOzoneClusterImpl-0ea35d3c-98b9-4918-895e-fcd9be0efca6/datanode-1/data-0/containers/hdds
2021-10-14 19:41:59,340 [Listener at 127.0.0.1/44077] INFO  volume.StorageVolumeChecker (StorageVolumeChecker.java:checkAllVolumes(202)) - Scheduled health check for volume /home/runner/work/ozone/ozone/hadoop-ozone/integration-test/target/test-dir/MiniOzoneClusterImpl-0ea35d3c-98b9-4918-895e-fcd9be0efca6/datanode-1/data-0/containers/hdds
2021-10-14 19:41:59,372 [Listener at 127.0.0.1/44077] INFO  volume.MutableVolumeSet (MutableVolumeSet.java:initializeVolumeSet(168)) - Added Volume : /home/runner/work/ozone/ozone/hadoop-ozone/integration-test/target/test-dir/MiniOzoneClusterImpl-0ea35d3c-98b9-4918-895e-fcd9be0efca6/datanode-1/data/ratis to VolumeSet
2021-10-14 19:41:59,372 [Listener at 127.0.0.1/44077] INFO  volume.ThrottledAsyncChecker (ThrottledAsyncChecker.java:schedule(141)) - Scheduling a check for /home/runner/work/ozone/ozone/hadoop-ozone/integration-test/target/test-dir/MiniOzoneClusterImpl-0ea35d3c-98b9-4918-895e-fcd9be0efca6/datanode-1/data/ratis
2021-10-14 19:41:59,373 [Listener at 127.0.0.1/44077] INFO  volume.StorageVolumeChecker (StorageVolumeChecker.java:checkAllVolumes(202)) - Scheduled health check for volume /home/runner/work/ozone/ozone/hadoop-ozone/integration-test/target/test-dir/MiniOzoneClusterImpl-0ea35d3c-98b9-4918-895e-fcd9be0efca6/datanode-1/data/ratis
2021-10-14 19:41:59,388 [Thread-141] INFO  ozoneimpl.ContainerReader (ContainerReader.java:readVolume(172)) - Finish verifying containers on volume /home/runner/work/ozone/ozone/hadoop-ozone/integration-test/target/test-dir/MiniOzoneClusterImpl-0ea35d3c-98b9-4918-895e-fcd9be0efca6/datanode-1/data-0/containers/hdds
2021-10-14 19:41:59,389 [Listener at 127.0.0.1/44077] INFO  ozoneimpl.OzoneContainer (OzoneContainer.java:buildContainerSet(236)) - Build ContainerSet costs 0s
2021-10-14 19:41:59,392 [Listener at 127.0.0.1/44077] INFO  server.RaftServer (ConfUtils.java:logGet(44)) - raft.rpc.type = GRPC (default)
2021-10-14 19:41:59,392 [Listener at 127.0.0.1/44077] INFO  grpc.GrpcFactory (GrpcFactory.java:checkPooledByteBufAllocatorUseCacheForAllThreads(48)) - PERFORMANCE WARNING: useCacheForAllThreads is true that may cause Netty to create a lot garbage objects and, as a result, trigger GC.
	It is recommended to disable useCacheForAllThreads by setting -Dorg.apache.ratis.thirdparty.io.netty.allocator.useCacheForAllThreads=false in command line.
2021-10-14 19:41:59,393 [Listener at 127.0.0.1/44077] INFO  grpc.GrpcConfigKeys (ConfUtils.java:logGet(44)) - raft.grpc.admin.port = 0 (custom)
2021-10-14 19:41:59,393 [Listener at 127.0.0.1/44077] INFO  grpc.GrpcConfigKeys (ConfUtils.java:logGet(44)) - raft.grpc.client.port = 0 (custom)
2021-10-14 19:41:59,393 [Listener at 127.0.0.1/44077] INFO  grpc.GrpcConfigKeys (ConfUtils.java:logGet(44)) - raft.grpc.server.port = 0 (default)
2021-10-14 19:41:59,393 [Listener at 127.0.0.1/44077] INFO  server.GrpcService (ConfUtils.java:logGet(44)) - raft.grpc.message.size.max = 32MB (=33554432) (custom)
2021-10-14 19:41:59,393 [Listener at 127.0.0.1/44077] INFO  server.RaftServerConfigKeys (ConfUtils.java:logGet(44)) - raft.server.log.appender.buffer.byte-limit = 33554432 (custom)
2021-10-14 19:41:59,394 [Listener at 127.0.0.1/44077] INFO  server.GrpcService (ConfUtils.java:logGet(44)) - raft.grpc.flow.control.window = 5MB (=5242880) (custom)
2021-10-14 19:41:59,394 [Listener at 127.0.0.1/44077] INFO  server.RaftServerConfigKeys (ConfUtils.java:logGet(44)) - raft.server.rpc.request.timeout = 3000ms (default)
2021-10-14 19:41:59,395 [Listener at 127.0.0.1/44077] INFO  impl.DataStreamServerImpl (ConfUtils.java:logGet(44)) - raft.datastream.type = DISABLED (default)
2021-10-14 19:41:59,395 [Listener at 127.0.0.1/44077] INFO  server.RaftServerConfigKeys (ConfUtils.java:logGet(44)) - raft.server.rpc.slowness.timeout = 300000ms (custom)
2021-10-14 19:41:59,395 [Listener at 127.0.0.1/44077] INFO  server.RaftServerConfigKeys (ConfUtils.java:logGet(44)) - raft.server.leaderelection.leader.step-down.wait-time = 10s (default)
2021-10-14 19:41:59,396 [Listener at 127.0.0.1/44077] INFO  server.RaftServerConfigKeys (ConfUtils.java:logGet(44)) - raft.server.storage.dir = [/home/runner/work/ozone/ozone/hadoop-ozone/integration-test/target/test-dir/MiniOzoneClusterImpl-0ea35d3c-98b9-4918-895e-fcd9be0efca6/datanode-1/data/ratis] (custom)
2021-10-14 19:41:59,400 [Listener at 127.0.0.1/44077] INFO  http.BaseHttpServer (BaseHttpServer.java:newHttpServer2BuilderForOzone(209)) - Starting Web-server for hddsDatanode at: http://0.0.0.0:0
2021-10-14 19:41:59,400 [Listener at 127.0.0.1/44077] INFO  http.BaseHttpServer (BaseHttpServer.java:<init>(107)) - Hadoop Security Enabled: false Ozone Security Enabled: false Ozone HTTP Security Enabled: false 
2021-10-14 19:41:59,401 [Listener at 127.0.0.1/44077] INFO  server.AuthenticationFilter (AuthenticationFilter.java:constructSecretProvider(240)) - Unable to initialize FileSignerSecretProvider, falling back to use random secrets.
2021-10-14 19:41:59,404 [Listener at 127.0.0.1/44077] WARN  http.HttpRequestLog (HttpRequestLog.java:getRequestLog(103)) - Jetty request log can only be enabled using Log4j
2021-10-14 19:41:59,405 [Listener at 127.0.0.1/44077] INFO  http.HttpServer2 (HttpServer2.java:addGlobalFilter(1030)) - Added global filter 'safety' (class=org.apache.hadoop.hdds.server.http.HttpServer2$QuotingInputFilter)
2021-10-14 19:41:59,406 [Listener at 127.0.0.1/44077] INFO  http.HttpServer2 (HttpServer2.java:addFilter(1006)) - Added filter static_user_filter (class=org.apache.hadoop.http.lib.StaticUserWebFilter$StaticUserFilter) to context hddsDatanode
2021-10-14 19:41:59,406 [Listener at 127.0.0.1/44077] INFO  http.HttpServer2 (HttpServer2.java:addFilter(1014)) - Added filter static_user_filter (class=org.apache.hadoop.http.lib.StaticUserWebFilter$StaticUserFilter) to context logs
2021-10-14 19:41:59,406 [Listener at 127.0.0.1/44077] INFO  http.HttpServer2 (HttpServer2.java:addFilter(1014)) - Added filter static_user_filter (class=org.apache.hadoop.http.lib.StaticUserWebFilter$StaticUserFilter) to context static
2021-10-14 19:41:59,407 [Listener at 127.0.0.1/44077] INFO  http.HttpServer2 (HttpServer2.java:bindListener(1249)) - Jetty bound to port 36565
2021-10-14 19:41:59,407 [Listener at 127.0.0.1/44077] INFO  server.Server (Server.java:doStart(375)) - jetty-9.4.43.v20210629; built: 2021-06-30T11:07:22.254Z; git: 526006ecfa3af7f1a27ef3a288e2bef7ea9dd7e8; jvm 1.8.0_292-b10
2021-10-14 19:41:59,409 [Listener at 127.0.0.1/44077] INFO  server.session (DefaultSessionIdManager.java:doStart(334)) - DefaultSessionIdManager workerName=node0
2021-10-14 19:41:59,409 [Listener at 127.0.0.1/44077] INFO  server.session (DefaultSessionIdManager.java:doStart(339)) - No SessionScavenger set, using defaults
2021-10-14 19:41:59,409 [Listener at 127.0.0.1/44077] INFO  server.session (HouseKeeper.java:startScavenging(132)) - node0 Scavenging every 600000ms
2021-10-14 19:41:59,410 [Listener at 127.0.0.1/44077] INFO  handler.ContextHandler (ContextHandler.java:doStart(915)) - Started o.e.j.s.ServletContextHandler@1fe49af5{logs,/logs,file:///home/runner/work/ozone/ozone/hadoop-ozone/integration-test/target/log,AVAILABLE}
2021-10-14 19:41:59,410 [Listener at 127.0.0.1/44077] INFO  handler.ContextHandler (ContextHandler.java:doStart(915)) - Started o.e.j.s.ServletContextHandler@98f0d5{static,/static,jar:file:/home/runner/.m2/repository/org/apache/ozone/hdds-container-service/1.2.0-SNAPSHOT/hdds-container-service-1.2.0-SNAPSHOT.jar!/webapps/static,AVAILABLE}
2021-10-14 19:41:59,456 [Listener at 127.0.0.1/44077] INFO  handler.ContextHandler (ContextHandler.java:doStart(915)) - Started o.e.j.w.WebAppContext@73c72828{hddsDatanode,/,file:///tmp/jetty-0_0_0_0-36565-hdds-container-service-1_2_0-SNAPSHOT_jar-_-any-5819300373979264949/webapp/,AVAILABLE}{jar:file:/home/runner/.m2/repository/org/apache/ozone/hdds-container-service/1.2.0-SNAPSHOT/hdds-container-service-1.2.0-SNAPSHOT.jar!/webapps/hddsDatanode}
2021-10-14 19:41:59,458 [Listener at 127.0.0.1/44077] INFO  server.AbstractConnector (AbstractConnector.java:doStart(331)) - Started ServerConnector@52d904dd{HTTP/1.1, (http/1.1)}{0.0.0.0:36565}
2021-10-14 19:41:59,458 [Listener at 127.0.0.1/44077] INFO  server.Server (Server.java:doStart(415)) - Started @7572ms
2021-10-14 19:41:59,458 [Listener at 127.0.0.1/44077] WARN  impl.MetricsSystemImpl (MetricsSystemImpl.java:register(279)) - Sink prometheus already exists!
2021-10-14 19:41:59,459 [Listener at 127.0.0.1/44077] INFO  http.BaseHttpServer (BaseHttpServer.java:updateConnectorAddress(329)) - HTTP server of hddsDatanode listening at http://0.0.0.0:36565
2021-10-14 19:41:59,460 [Listener at 127.0.0.1/44077] WARN  impl.MetricRegistriesImpl (MetricRegistriesImpl.java:addReporterRegistration(111)) - New reporters are added after registries were created. Some metrics will be missing from the reporter. Please add reporter before adding any new registry.
2021-10-14 19:41:59,460 [Listener at 127.0.0.1/44077] WARN  impl.MetricRegistriesImpl (MetricRegistriesImpl.java:addReporterRegistration(111)) - New reporters are added after registries were created. Some metrics will be missing from the reporter. Please add reporter before adding any new registry.
2021-10-14 19:41:59,460 [Listener at 127.0.0.1/44077] INFO  impl.MetricsSystemImpl (MetricsSystemImpl.java:init(158)) - HddsDatanode metrics system started (again)
2021-10-14 19:41:59,465 [Datanode State Machine Thread - 0] INFO  statemachine.DatanodeStateMachine (DatanodeStateMachine.java:lambda$startDaemon$0(463)) - Ozone container server started.
2021-10-14 19:41:59,480 [Listener at 127.0.0.1/44077] INFO  ozone.HddsDatanodeService (HddsDatanodeService.java:start(234)) - HddsDatanodeService host:fv-az184-831.3ow45vhwbzuu5incsxmygykede.cx.internal.cloudapp.net ip:10.1.0.23
2021-10-14 19:41:59,481 [org.apache.hadoop.util.JvmPauseMonitor$Monitor@5f884039] INFO  util.JvmPauseMonitor (JvmPauseMonitor.java:run(188)) - Starting JVM pause monitor
2021-10-14 19:41:59,490 [Datanode State Machine Task Thread - 0] INFO  datanode.InitDatanodeState (InitDatanodeState.java:persistContainerDatanodeDetails(145)) - DatanodeDetails is persisted to /home/runner/work/ozone/ozone/hadoop-ozone/integration-test/target/test-dir/MiniOzoneClusterImpl-0ea35d3c-98b9-4918-895e-fcd9be0efca6/datanode-1/meta/datanode.id
2021-10-14 19:41:59,502 [Listener at 127.0.0.1/44077] INFO  upgrade.AbstractLayoutVersionManager (AbstractLayoutVersionManager.java:init(79)) - Initializing Layout version manager with metadata layout = SCM_HA (version = 2), software layout = SCM_HA (version = 2)
2021-10-14 19:41:59,533 [om1@group-C5BA1605619E-FollowerState] INFO  impl.FollowerState (FollowerState.java:run(134)) - om1@group-C5BA1605619E-FollowerState: change to CANDIDATE, lastRpcElapsedTime:1125110532ns, electionTimeout:1123ms
2021-10-14 19:41:59,534 [om1@group-C5BA1605619E-FollowerState] INFO  impl.RoleInfo (RoleInfo.java:shutdownFollowerState(108)) - om1: shutdown om1@group-C5BA1605619E-FollowerState
2021-10-14 19:41:59,535 [om1@group-C5BA1605619E-FollowerState] INFO  server.RaftServer$Division (RaftServerImpl.java:setRole(285)) - om1@group-C5BA1605619E: changes role from  FOLLOWER to CANDIDATE at term 0 for changeToCandidate
2021-10-14 19:41:59,538 [om1@group-C5BA1605619E-FollowerState] INFO  server.RaftServerConfigKeys (ConfUtils.java:logGet(44)) - raft.server.leaderelection.pre-vote = false (custom)
2021-10-14 19:41:59,539 [om1@group-C5BA1605619E-FollowerState] INFO  impl.RoleInfo (RoleInfo.java:updateAndGet(130)) - om1: start om1@group-C5BA1605619E-LeaderElection1
2021-10-14 19:41:59,578 [om1@group-C5BA1605619E-LeaderElection1] INFO  impl.LeaderElection (LeaderElection.java:askForVotes(306)) - om1@group-C5BA1605619E-LeaderElection1 ELECTION round 0: submit vote requests at term 1 for -1: [om1|rpc:localhost:9872|priority:0], old=null
2021-10-14 19:41:59,579 [om1@group-C5BA1605619E-LeaderElection1] INFO  impl.LeaderElection (LeaderElection.java:askForVotes(308)) - om1@group-C5BA1605619E-LeaderElection1 ELECTION round 0: result PASSED (term=1)
2021-10-14 19:41:59,580 [om1@group-C5BA1605619E-LeaderElection1] INFO  impl.RoleInfo (RoleInfo.java:shutdownLeaderElection(121)) - om1: shutdown om1@group-C5BA1605619E-LeaderElection1
2021-10-14 19:41:59,581 [om1@group-C5BA1605619E-LeaderElection1] INFO  server.RaftServer$Division (RaftServerImpl.java:setRole(285)) - om1@group-C5BA1605619E: changes role from CANDIDATE to LEADER at term 1 for changeToLeader
2021-10-14 19:41:59,581 [om1@group-C5BA1605619E-LeaderElection1] INFO  server.RaftServer$Division (ServerState.java:setLeader(285)) - om1@group-C5BA1605619E: change Leader from null to om1 at term 1 for becomeLeader, leader elected after 1306ms
2021-10-14 19:41:59,587 [om1@group-C5BA1605619E-LeaderElection1] INFO  server.RaftServerConfigKeys (ConfUtils.java:logGet(44)) - raft.server.staging.catchup.gap = 1000 (default)
2021-10-14 19:41:59,591 [om1@group-C5BA1605619E-LeaderElection1] INFO  server.RaftServerConfigKeys (ConfUtils.java:logGet(44)) - raft.server.write.element-limit = 4096 (default)
2021-10-14 19:41:59,592 [om1@group-C5BA1605619E-LeaderElection1] INFO  server.RaftServerConfigKeys (ConfUtils.java:logGet(44)) - raft.server.write.byte-limit = 64MB (=67108864) (default)
2021-10-14 19:41:59,598 [om1@group-C5BA1605619E-LeaderElection1] INFO  server.RaftServerConfigKeys (ConfUtils.java:logGet(44)) - raft.server.watch.timeout = 10s (default)
2021-10-14 19:41:59,598 [om1@group-C5BA1605619E-LeaderElection1] INFO  server.RaftServerConfigKeys (ConfUtils.java:logGet(44)) - raft.server.watch.timeout.denomination = 1s (default)
2021-10-14 19:41:59,599 [om1@group-C5BA1605619E-LeaderElection1] INFO  server.RaftServerConfigKeys (ConfUtils.java:logGet(44)) - raft.server.watch.element-limit = 65536 (default)
2021-10-14 19:41:59,602 [Listener at 127.0.0.1/44077] INFO  reflections.Reflections (Reflections.java:scan(232)) - Reflections took 97 ms to scan 7 urls, producing 119 keys and 278 values 
2021-10-14 19:41:59,604 [om1@group-C5BA1605619E-LeaderElection1] INFO  impl.RoleInfo (RoleInfo.java:updateAndGet(130)) - om1: start om1@group-C5BA1605619E-LeaderStateImpl
2021-10-14 19:41:59,761 [Listener at 127.0.0.1/44077] INFO  volume.HddsVolume (HddsVolume.java:<init>(120)) - Creating HddsVolume: /home/runner/work/ozone/ozone/hadoop-ozone/integration-test/target/test-dir/MiniOzoneClusterImpl-0ea35d3c-98b9-4918-895e-fcd9be0efca6/datanode-2/data-0/containers/hdds of storage type : DISK capacity : 9223372036854775807
2021-10-14 19:41:59,762 [Listener at 127.0.0.1/44077] INFO  volume.MutableVolumeSet (MutableVolumeSet.java:initializeVolumeSet(168)) - Added Volume : /home/runner/work/ozone/ozone/hadoop-ozone/integration-test/target/test-dir/MiniOzoneClusterImpl-0ea35d3c-98b9-4918-895e-fcd9be0efca6/datanode-2/data-0/containers/hdds to VolumeSet
2021-10-14 19:41:59,762 [Listener at 127.0.0.1/44077] INFO  volume.ThrottledAsyncChecker (ThrottledAsyncChecker.java:schedule(141)) - Scheduling a check for /home/runner/work/ozone/ozone/hadoop-ozone/integration-test/target/test-dir/MiniOzoneClusterImpl-0ea35d3c-98b9-4918-895e-fcd9be0efca6/datanode-2/data-0/containers/hdds
2021-10-14 19:41:59,763 [Listener at 127.0.0.1/44077] INFO  volume.StorageVolumeChecker (StorageVolumeChecker.java:checkAllVolumes(202)) - Scheduled health check for volume /home/runner/work/ozone/ozone/hadoop-ozone/integration-test/target/test-dir/MiniOzoneClusterImpl-0ea35d3c-98b9-4918-895e-fcd9be0efca6/datanode-2/data-0/containers/hdds
2021-10-14 19:41:59,788 [Listener at 127.0.0.1/44077] INFO  volume.MutableVolumeSet (MutableVolumeSet.java:initializeVolumeSet(168)) - Added Volume : /home/runner/work/ozone/ozone/hadoop-ozone/integration-test/target/test-dir/MiniOzoneClusterImpl-0ea35d3c-98b9-4918-895e-fcd9be0efca6/datanode-2/data/ratis to VolumeSet
2021-10-14 19:41:59,788 [Listener at 127.0.0.1/44077] INFO  volume.ThrottledAsyncChecker (ThrottledAsyncChecker.java:schedule(141)) - Scheduling a check for /home/runner/work/ozone/ozone/hadoop-ozone/integration-test/target/test-dir/MiniOzoneClusterImpl-0ea35d3c-98b9-4918-895e-fcd9be0efca6/datanode-2/data/ratis
2021-10-14 19:41:59,788 [Listener at 127.0.0.1/44077] INFO  volume.StorageVolumeChecker (StorageVolumeChecker.java:checkAllVolumes(202)) - Scheduled health check for volume /home/runner/work/ozone/ozone/hadoop-ozone/integration-test/target/test-dir/MiniOzoneClusterImpl-0ea35d3c-98b9-4918-895e-fcd9be0efca6/datanode-2/data/ratis
2021-10-14 19:41:59,795 [om1@group-C5BA1605619E-LeaderElection1] INFO  segmented.SegmentedRaftLogWorker (SegmentedRaftLogWorker.java:startLogSegment(394)) - om1@group-C5BA1605619E-SegmentedRaftLogWorker: Starting segment from index:0
2021-10-14 19:41:59,833 [Thread-155] INFO  ozoneimpl.ContainerReader (ContainerReader.java:readVolume(172)) - Finish verifying containers on volume /home/runner/work/ozone/ozone/hadoop-ozone/integration-test/target/test-dir/MiniOzoneClusterImpl-0ea35d3c-98b9-4918-895e-fcd9be0efca6/datanode-2/data-0/containers/hdds
2021-10-14 19:41:59,833 [Listener at 127.0.0.1/44077] INFO  ozoneimpl.OzoneContainer (OzoneContainer.java:buildContainerSet(236)) - Build ContainerSet costs 0s
2021-10-14 19:41:59,836 [Listener at 127.0.0.1/44077] INFO  server.RaftServer (ConfUtils.java:logGet(44)) - raft.rpc.type = GRPC (default)
2021-10-14 19:41:59,840 [Listener at 127.0.0.1/44077] INFO  grpc.GrpcFactory (GrpcFactory.java:checkPooledByteBufAllocatorUseCacheForAllThreads(48)) - PERFORMANCE WARNING: useCacheForAllThreads is true that may cause Netty to create a lot garbage objects and, as a result, trigger GC.
	It is recommended to disable useCacheForAllThreads by setting -Dorg.apache.ratis.thirdparty.io.netty.allocator.useCacheForAllThreads=false in command line.
2021-10-14 19:41:59,840 [Listener at 127.0.0.1/44077] INFO  grpc.GrpcConfigKeys (ConfUtils.java:logGet(44)) - raft.grpc.admin.port = 0 (custom)
2021-10-14 19:41:59,840 [Listener at 127.0.0.1/44077] INFO  grpc.GrpcConfigKeys (ConfUtils.java:logGet(44)) - raft.grpc.client.port = 0 (custom)
2021-10-14 19:41:59,841 [Listener at 127.0.0.1/44077] INFO  grpc.GrpcConfigKeys (ConfUtils.java:logGet(44)) - raft.grpc.server.port = 0 (default)
2021-10-14 19:41:59,841 [Listener at 127.0.0.1/44077] INFO  server.GrpcService (ConfUtils.java:logGet(44)) - raft.grpc.message.size.max = 32MB (=33554432) (custom)
2021-10-14 19:41:59,841 [Listener at 127.0.0.1/44077] INFO  server.RaftServerConfigKeys (ConfUtils.java:logGet(44)) - raft.server.log.appender.buffer.byte-limit = 33554432 (custom)
2021-10-14 19:41:59,841 [Listener at 127.0.0.1/44077] INFO  server.GrpcService (ConfUtils.java:logGet(44)) - raft.grpc.flow.control.window = 5MB (=5242880) (custom)
2021-10-14 19:41:59,841 [Listener at 127.0.0.1/44077] INFO  server.RaftServerConfigKeys (ConfUtils.java:logGet(44)) - raft.server.rpc.request.timeout = 3000ms (default)
2021-10-14 19:41:59,842 [Listener at 127.0.0.1/44077] INFO  impl.DataStreamServerImpl (ConfUtils.java:logGet(44)) - raft.datastream.type = DISABLED (default)
2021-10-14 19:41:59,843 [Listener at 127.0.0.1/44077] INFO  server.RaftServerConfigKeys (ConfUtils.java:logGet(44)) - raft.server.rpc.slowness.timeout = 300000ms (custom)
2021-10-14 19:41:59,843 [Listener at 127.0.0.1/44077] INFO  server.RaftServerConfigKeys (ConfUtils.java:logGet(44)) - raft.server.leaderelection.leader.step-down.wait-time = 10s (default)
2021-10-14 19:41:59,843 [Listener at 127.0.0.1/44077] INFO  server.RaftServerConfigKeys (ConfUtils.java:logGet(44)) - raft.server.storage.dir = [/home/runner/work/ozone/ozone/hadoop-ozone/integration-test/target/test-dir/MiniOzoneClusterImpl-0ea35d3c-98b9-4918-895e-fcd9be0efca6/datanode-2/data/ratis] (custom)
2021-10-14 19:41:59,871 [Listener at 127.0.0.1/44077] INFO  http.BaseHttpServer (BaseHttpServer.java:newHttpServer2BuilderForOzone(209)) - Starting Web-server for hddsDatanode at: http://0.0.0.0:0
2021-10-14 19:41:59,871 [Listener at 127.0.0.1/44077] INFO  http.BaseHttpServer (BaseHttpServer.java:<init>(107)) - Hadoop Security Enabled: false Ozone Security Enabled: false Ozone HTTP Security Enabled: false 
2021-10-14 19:41:59,872 [Listener at 127.0.0.1/44077] INFO  server.AuthenticationFilter (AuthenticationFilter.java:constructSecretProvider(240)) - Unable to initialize FileSignerSecretProvider, falling back to use random secrets.
2021-10-14 19:41:59,882 [om1@group-C5BA1605619E-LeaderElection1] INFO  server.RaftServer$Division (ServerState.java:setRaftConf(387)) - om1@group-C5BA1605619E: set configuration 0: [om1|rpc:localhost:9872|admin:|client:|dataStream:|priority:0], old=null
2021-10-14 19:41:59,882 [Listener at 127.0.0.1/44077] WARN  http.HttpRequestLog (HttpRequestLog.java:getRequestLog(103)) - Jetty request log can only be enabled using Log4j
2021-10-14 19:41:59,883 [Listener at 127.0.0.1/44077] INFO  http.HttpServer2 (HttpServer2.java:addGlobalFilter(1030)) - Added global filter 'safety' (class=org.apache.hadoop.hdds.server.http.HttpServer2$QuotingInputFilter)
2021-10-14 19:41:59,884 [Listener at 127.0.0.1/44077] INFO  http.HttpServer2 (HttpServer2.java:addFilter(1006)) - Added filter static_user_filter (class=org.apache.hadoop.http.lib.StaticUserWebFilter$StaticUserFilter) to context hddsDatanode
2021-10-14 19:41:59,884 [Listener at 127.0.0.1/44077] INFO  http.HttpServer2 (HttpServer2.java:addFilter(1014)) - Added filter static_user_filter (class=org.apache.hadoop.http.lib.StaticUserWebFilter$StaticUserFilter) to context static
2021-10-14 19:41:59,884 [Listener at 127.0.0.1/44077] INFO  http.HttpServer2 (HttpServer2.java:addFilter(1014)) - Added filter static_user_filter (class=org.apache.hadoop.http.lib.StaticUserWebFilter$StaticUserFilter) to context logs
2021-10-14 19:41:59,885 [Listener at 127.0.0.1/44077] INFO  http.HttpServer2 (HttpServer2.java:bindListener(1249)) - Jetty bound to port 39865
2021-10-14 19:41:59,885 [Listener at 127.0.0.1/44077] INFO  server.Server (Server.java:doStart(375)) - jetty-9.4.43.v20210629; built: 2021-06-30T11:07:22.254Z; git: 526006ecfa3af7f1a27ef3a288e2bef7ea9dd7e8; jvm 1.8.0_292-b10
2021-10-14 19:41:59,887 [Listener at 127.0.0.1/44077] INFO  server.session (DefaultSessionIdManager.java:doStart(334)) - DefaultSessionIdManager workerName=node0
2021-10-14 19:41:59,887 [Listener at 127.0.0.1/44077] INFO  server.session (DefaultSessionIdManager.java:doStart(339)) - No SessionScavenger set, using defaults
2021-10-14 19:41:59,887 [Listener at 127.0.0.1/44077] INFO  server.session (HouseKeeper.java:startScavenging(132)) - node0 Scavenging every 600000ms
2021-10-14 19:41:59,890 [Listener at 127.0.0.1/44077] INFO  handler.ContextHandler (ContextHandler.java:doStart(915)) - Started o.e.j.s.ServletContextHandler@64b2327a{logs,/logs,file:///home/runner/work/ozone/ozone/hadoop-ozone/integration-test/target/log,AVAILABLE}
2021-10-14 19:41:59,891 [Listener at 127.0.0.1/44077] INFO  handler.ContextHandler (ContextHandler.java:doStart(915)) - Started o.e.j.s.ServletContextHandler@35589f4c{static,/static,jar:file:/home/runner/.m2/repository/org/apache/ozone/hdds-container-service/1.2.0-SNAPSHOT/hdds-container-service-1.2.0-SNAPSHOT.jar!/webapps/static,AVAILABLE}
2021-10-14 19:41:59,941 [om1@group-C5BA1605619E-SegmentedRaftLogWorker] INFO  segmented.SegmentedRaftLogWorker (SegmentedRaftLogWorker.java:execute(601)) - om1@group-C5BA1605619E-SegmentedRaftLogWorker: created new log segment /home/runner/work/ozone/ozone/hadoop-ozone/integration-test/target/test-dir/MiniOzoneClusterImpl-0ea35d3c-98b9-4918-895e-fcd9be0efca6/ozone-meta/ratis/bf265839-605b-3f16-9796-c5ba1605619e/current/log_inprogress_0
2021-10-14 19:41:59,946 [Listener at 127.0.0.1/44077] INFO  handler.ContextHandler (ContextHandler.java:doStart(915)) - Started o.e.j.w.WebAppContext@98ba9a3{hddsDatanode,/,file:///tmp/jetty-0_0_0_0-39865-hdds-container-service-1_2_0-SNAPSHOT_jar-_-any-5298159447466713300/webapp/,AVAILABLE}{jar:file:/home/runner/.m2/repository/org/apache/ozone/hdds-container-service/1.2.0-SNAPSHOT/hdds-container-service-1.2.0-SNAPSHOT.jar!/webapps/hddsDatanode}
2021-10-14 19:41:59,948 [Listener at 127.0.0.1/44077] INFO  server.AbstractConnector (AbstractConnector.java:doStart(331)) - Started ServerConnector@369269fe{HTTP/1.1, (http/1.1)}{0.0.0.0:39865}
2021-10-14 19:41:59,949 [Listener at 127.0.0.1/44077] INFO  server.Server (Server.java:doStart(415)) - Started @8063ms
2021-10-14 19:41:59,949 [Listener at 127.0.0.1/44077] WARN  impl.MetricsSystemImpl (MetricsSystemImpl.java:register(279)) - Sink prometheus already exists!
2021-10-14 19:41:59,950 [Listener at 127.0.0.1/44077] INFO  http.BaseHttpServer (BaseHttpServer.java:updateConnectorAddress(329)) - HTTP server of hddsDatanode listening at http://0.0.0.0:39865
2021-10-14 19:41:59,951 [Listener at 127.0.0.1/44077] WARN  impl.MetricRegistriesImpl (MetricRegistriesImpl.java:addReporterRegistration(111)) - New reporters are added after registries were created. Some metrics will be missing from the reporter. Please add reporter before adding any new registry.
2021-10-14 19:41:59,952 [Listener at 127.0.0.1/44077] WARN  impl.MetricRegistriesImpl (MetricRegistriesImpl.java:addReporterRegistration(111)) - New reporters are added after registries were created. Some metrics will be missing from the reporter. Please add reporter before adding any new registry.
2021-10-14 19:41:59,952 [Listener at 127.0.0.1/44077] INFO  impl.MetricsSystemImpl (MetricsSystemImpl.java:init(158)) - HddsDatanode metrics system started (again)
2021-10-14 19:41:59,960 [Datanode State Machine Thread - 0] INFO  statemachine.DatanodeStateMachine (DatanodeStateMachine.java:lambda$startDaemon$0(463)) - Ozone container server started.
2021-10-14 19:41:59,975 [Listener at 127.0.0.1/44077] INFO  ozone.HddsDatanodeService (HddsDatanodeService.java:start(234)) - HddsDatanodeService host:fv-az184-831.3ow45vhwbzuu5incsxmygykede.cx.internal.cloudapp.net ip:10.1.0.23
2021-10-14 19:41:59,983 [org.apache.hadoop.util.JvmPauseMonitor$Monitor@67f8aad5] INFO  util.JvmPauseMonitor (JvmPauseMonitor.java:run(188)) - Starting JVM pause monitor
2021-10-14 19:41:59,989 [Datanode State Machine Task Thread - 0] INFO  datanode.InitDatanodeState (InitDatanodeState.java:persistContainerDatanodeDetails(145)) - DatanodeDetails is persisted to /home/runner/work/ozone/ozone/hadoop-ozone/integration-test/target/test-dir/MiniOzoneClusterImpl-0ea35d3c-98b9-4918-895e-fcd9be0efca6/datanode-2/meta/datanode.id
2021-10-14 19:42:00,007 [Listener at 127.0.0.1/44077] INFO  upgrade.AbstractLayoutVersionManager (AbstractLayoutVersionManager.java:init(79)) - Initializing Layout version manager with metadata layout = SCM_HA (version = 2), software layout = SCM_HA (version = 2)
2021-10-14 19:42:00,070 [Listener at 127.0.0.1/44077] INFO  reflections.Reflections (Reflections.java:scan(232)) - Reflections took 59 ms to scan 7 urls, producing 119 keys and 278 values 
2021-10-14 19:42:00,073 [Listener at 127.0.0.1/44077] INFO  volume.HddsVolume (HddsVolume.java:<init>(120)) - Creating HddsVolume: /home/runner/work/ozone/ozone/hadoop-ozone/integration-test/target/test-dir/MiniOzoneClusterImpl-0ea35d3c-98b9-4918-895e-fcd9be0efca6/datanode-3/data-0/containers/hdds of storage type : DISK capacity : 9223372036854775807
2021-10-14 19:42:00,074 [Listener at 127.0.0.1/44077] INFO  volume.MutableVolumeSet (MutableVolumeSet.java:initializeVolumeSet(168)) - Added Volume : /home/runner/work/ozone/ozone/hadoop-ozone/integration-test/target/test-dir/MiniOzoneClusterImpl-0ea35d3c-98b9-4918-895e-fcd9be0efca6/datanode-3/data-0/containers/hdds to VolumeSet
2021-10-14 19:42:00,074 [Listener at 127.0.0.1/44077] INFO  volume.ThrottledAsyncChecker (ThrottledAsyncChecker.java:schedule(141)) - Scheduling a check for /home/runner/work/ozone/ozone/hadoop-ozone/integration-test/target/test-dir/MiniOzoneClusterImpl-0ea35d3c-98b9-4918-895e-fcd9be0efca6/datanode-3/data-0/containers/hdds
2021-10-14 19:42:00,084 [Listener at 127.0.0.1/44077] INFO  volume.StorageVolumeChecker (StorageVolumeChecker.java:checkAllVolumes(202)) - Scheduled health check for volume /home/runner/work/ozone/ozone/hadoop-ozone/integration-test/target/test-dir/MiniOzoneClusterImpl-0ea35d3c-98b9-4918-895e-fcd9be0efca6/datanode-3/data-0/containers/hdds
2021-10-14 19:42:00,086 [om1@group-C5BA1605619E-StateMachineUpdater] INFO  ratis.OzoneManagerStateMachine (OzoneManagerStateMachine.java:notifyConfigurationChanged(188)) - Received Configuration change notification from Ratis. New Peer list:
[id: "om1"
address: "localhost:9872"
]
2021-10-14 19:42:00,099 [Listener at 127.0.0.1/44077] INFO  volume.MutableVolumeSet (MutableVolumeSet.java:initializeVolumeSet(168)) - Added Volume : /home/runner/work/ozone/ozone/hadoop-ozone/integration-test/target/test-dir/MiniOzoneClusterImpl-0ea35d3c-98b9-4918-895e-fcd9be0efca6/datanode-3/data/ratis to VolumeSet
2021-10-14 19:42:00,099 [Listener at 127.0.0.1/44077] INFO  volume.ThrottledAsyncChecker (ThrottledAsyncChecker.java:schedule(141)) - Scheduling a check for /home/runner/work/ozone/ozone/hadoop-ozone/integration-test/target/test-dir/MiniOzoneClusterImpl-0ea35d3c-98b9-4918-895e-fcd9be0efca6/datanode-3/data/ratis
2021-10-14 19:42:00,099 [Listener at 127.0.0.1/44077] INFO  volume.StorageVolumeChecker (StorageVolumeChecker.java:checkAllVolumes(202)) - Scheduled health check for volume /home/runner/work/ozone/ozone/hadoop-ozone/integration-test/target/test-dir/MiniOzoneClusterImpl-0ea35d3c-98b9-4918-895e-fcd9be0efca6/datanode-3/data/ratis
2021-10-14 19:42:00,112 [Thread-167] INFO  ozoneimpl.ContainerReader (ContainerReader.java:readVolume(172)) - Finish verifying containers on volume /home/runner/work/ozone/ozone/hadoop-ozone/integration-test/target/test-dir/MiniOzoneClusterImpl-0ea35d3c-98b9-4918-895e-fcd9be0efca6/datanode-3/data-0/containers/hdds
2021-10-14 19:42:00,112 [Listener at 127.0.0.1/44077] INFO  ozoneimpl.OzoneContainer (OzoneContainer.java:buildContainerSet(236)) - Build ContainerSet costs 0s
2021-10-14 19:42:00,115 [Listener at 127.0.0.1/44077] INFO  server.RaftServer (ConfUtils.java:logGet(44)) - raft.rpc.type = GRPC (default)
2021-10-14 19:42:00,115 [Listener at 127.0.0.1/44077] INFO  grpc.GrpcFactory (GrpcFactory.java:checkPooledByteBufAllocatorUseCacheForAllThreads(48)) - PERFORMANCE WARNING: useCacheForAllThreads is true that may cause Netty to create a lot garbage objects and, as a result, trigger GC.
	It is recommended to disable useCacheForAllThreads by setting -Dorg.apache.ratis.thirdparty.io.netty.allocator.useCacheForAllThreads=false in command line.
2021-10-14 19:42:00,116 [Listener at 127.0.0.1/44077] INFO  grpc.GrpcConfigKeys (ConfUtils.java:logGet(44)) - raft.grpc.admin.port = 0 (custom)
2021-10-14 19:42:00,116 [Listener at 127.0.0.1/44077] INFO  grpc.GrpcConfigKeys (ConfUtils.java:logGet(44)) - raft.grpc.client.port = 0 (custom)
2021-10-14 19:42:00,116 [Listener at 127.0.0.1/44077] INFO  grpc.GrpcConfigKeys (ConfUtils.java:logGet(44)) - raft.grpc.server.port = 0 (default)
2021-10-14 19:42:00,116 [Listener at 127.0.0.1/44077] INFO  server.GrpcService (ConfUtils.java:logGet(44)) - raft.grpc.message.size.max = 32MB (=33554432) (custom)
2021-10-14 19:42:00,116 [Listener at 127.0.0.1/44077] INFO  server.RaftServerConfigKeys (ConfUtils.java:logGet(44)) - raft.server.log.appender.buffer.byte-limit = 33554432 (custom)
2021-10-14 19:42:00,116 [Listener at 127.0.0.1/44077] INFO  server.GrpcService (ConfUtils.java:logGet(44)) - raft.grpc.flow.control.window = 5MB (=5242880) (custom)
2021-10-14 19:42:00,117 [Listener at 127.0.0.1/44077] INFO  server.RaftServerConfigKeys (ConfUtils.java:logGet(44)) - raft.server.rpc.request.timeout = 3000ms (default)
2021-10-14 19:42:00,118 [Listener at 127.0.0.1/44077] INFO  impl.DataStreamServerImpl (ConfUtils.java:logGet(44)) - raft.datastream.type = DISABLED (default)
2021-10-14 19:42:00,118 [Listener at 127.0.0.1/44077] INFO  server.RaftServerConfigKeys (ConfUtils.java:logGet(44)) - raft.server.rpc.slowness.timeout = 300000ms (custom)
2021-10-14 19:42:00,118 [Listener at 127.0.0.1/44077] INFO  server.RaftServerConfigKeys (ConfUtils.java:logGet(44)) - raft.server.leaderelection.leader.step-down.wait-time = 10s (default)
2021-10-14 19:42:00,119 [Listener at 127.0.0.1/44077] INFO  server.RaftServerConfigKeys (ConfUtils.java:logGet(44)) - raft.server.storage.dir = [/home/runner/work/ozone/ozone/hadoop-ozone/integration-test/target/test-dir/MiniOzoneClusterImpl-0ea35d3c-98b9-4918-895e-fcd9be0efca6/datanode-3/data/ratis] (custom)
2021-10-14 19:42:00,122 [Listener at 127.0.0.1/44077] INFO  http.BaseHttpServer (BaseHttpServer.java:newHttpServer2BuilderForOzone(209)) - Starting Web-server for hddsDatanode at: http://0.0.0.0:0
2021-10-14 19:42:00,122 [Listener at 127.0.0.1/44077] INFO  http.BaseHttpServer (BaseHttpServer.java:<init>(107)) - Hadoop Security Enabled: false Ozone Security Enabled: false Ozone HTTP Security Enabled: false 
2021-10-14 19:42:00,123 [Listener at 127.0.0.1/44077] INFO  server.AuthenticationFilter (AuthenticationFilter.java:constructSecretProvider(240)) - Unable to initialize FileSignerSecretProvider, falling back to use random secrets.
2021-10-14 19:42:00,124 [Listener at 127.0.0.1/44077] WARN  http.HttpRequestLog (HttpRequestLog.java:getRequestLog(103)) - Jetty request log can only be enabled using Log4j
2021-10-14 19:42:00,125 [Listener at 127.0.0.1/44077] INFO  http.HttpServer2 (HttpServer2.java:addGlobalFilter(1030)) - Added global filter 'safety' (class=org.apache.hadoop.hdds.server.http.HttpServer2$QuotingInputFilter)
2021-10-14 19:42:00,126 [Listener at 127.0.0.1/44077] INFO  http.HttpServer2 (HttpServer2.java:addFilter(1006)) - Added filter static_user_filter (class=org.apache.hadoop.http.lib.StaticUserWebFilter$StaticUserFilter) to context hddsDatanode
2021-10-14 19:42:00,126 [Listener at 127.0.0.1/44077] INFO  http.HttpServer2 (HttpServer2.java:addFilter(1014)) - Added filter static_user_filter (class=org.apache.hadoop.http.lib.StaticUserWebFilter$StaticUserFilter) to context static
2021-10-14 19:42:00,126 [Listener at 127.0.0.1/44077] INFO  http.HttpServer2 (HttpServer2.java:addFilter(1014)) - Added filter static_user_filter (class=org.apache.hadoop.http.lib.StaticUserWebFilter$StaticUserFilter) to context logs
2021-10-14 19:42:00,127 [Listener at 127.0.0.1/44077] INFO  http.HttpServer2 (HttpServer2.java:bindListener(1249)) - Jetty bound to port 44181
2021-10-14 19:42:00,127 [Listener at 127.0.0.1/44077] INFO  server.Server (Server.java:doStart(375)) - jetty-9.4.43.v20210629; built: 2021-06-30T11:07:22.254Z; git: 526006ecfa3af7f1a27ef3a288e2bef7ea9dd7e8; jvm 1.8.0_292-b10
2021-10-14 19:42:00,129 [Listener at 127.0.0.1/44077] INFO  server.session (DefaultSessionIdManager.java:doStart(334)) - DefaultSessionIdManager workerName=node0
2021-10-14 19:42:00,129 [Listener at 127.0.0.1/44077] INFO  server.session (DefaultSessionIdManager.java:doStart(339)) - No SessionScavenger set, using defaults
2021-10-14 19:42:00,129 [Listener at 127.0.0.1/44077] INFO  server.session (HouseKeeper.java:startScavenging(132)) - node0 Scavenging every 600000ms
2021-10-14 19:42:00,130 [Listener at 127.0.0.1/44077] INFO  handler.ContextHandler (ContextHandler.java:doStart(915)) - Started o.e.j.s.ServletContextHandler@541367dd{logs,/logs,file:///home/runner/work/ozone/ozone/hadoop-ozone/integration-test/target/log,AVAILABLE}
2021-10-14 19:42:00,131 [Listener at 127.0.0.1/44077] INFO  handler.ContextHandler (ContextHandler.java:doStart(915)) - Started o.e.j.s.ServletContextHandler@63f7341b{static,/static,jar:file:/home/runner/.m2/repository/org/apache/ozone/hdds-container-service/1.2.0-SNAPSHOT/hdds-container-service-1.2.0-SNAPSHOT.jar!/webapps/static,AVAILABLE}
2021-10-14 19:42:00,175 [Listener at 127.0.0.1/44077] INFO  handler.ContextHandler (ContextHandler.java:doStart(915)) - Started o.e.j.w.WebAppContext@7df81bf5{hddsDatanode,/,file:///tmp/jetty-0_0_0_0-44181-hdds-container-service-1_2_0-SNAPSHOT_jar-_-any-7330565138291971067/webapp/,AVAILABLE}{jar:file:/home/runner/.m2/repository/org/apache/ozone/hdds-container-service/1.2.0-SNAPSHOT/hdds-container-service-1.2.0-SNAPSHOT.jar!/webapps/hddsDatanode}
2021-10-14 19:42:00,176 [Listener at 127.0.0.1/44077] INFO  server.AbstractConnector (AbstractConnector.java:doStart(331)) - Started ServerConnector@32890eda{HTTP/1.1, (http/1.1)}{0.0.0.0:44181}
2021-10-14 19:42:00,177 [Listener at 127.0.0.1/44077] INFO  server.Server (Server.java:doStart(415)) - Started @8291ms
2021-10-14 19:42:00,177 [Listener at 127.0.0.1/44077] WARN  impl.MetricsSystemImpl (MetricsSystemImpl.java:register(279)) - Sink prometheus already exists!
2021-10-14 19:42:00,177 [Listener at 127.0.0.1/44077] INFO  http.BaseHttpServer (BaseHttpServer.java:updateConnectorAddress(329)) - HTTP server of hddsDatanode listening at http://0.0.0.0:44181
2021-10-14 19:42:00,178 [Listener at 127.0.0.1/44077] WARN  impl.MetricRegistriesImpl (MetricRegistriesImpl.java:addReporterRegistration(111)) - New reporters are added after registries were created. Some metrics will be missing from the reporter. Please add reporter before adding any new registry.
2021-10-14 19:42:00,178 [Listener at 127.0.0.1/44077] WARN  impl.MetricRegistriesImpl (MetricRegistriesImpl.java:addReporterRegistration(111)) - New reporters are added after registries were created. Some metrics will be missing from the reporter. Please add reporter before adding any new registry.
2021-10-14 19:42:00,178 [Listener at 127.0.0.1/44077] INFO  impl.MetricsSystemImpl (MetricsSystemImpl.java:init(158)) - HddsDatanode metrics system started (again)
2021-10-14 19:42:00,186 [Datanode State Machine Thread - 0] INFO  statemachine.DatanodeStateMachine (DatanodeStateMachine.java:lambda$startDaemon$0(463)) - Ozone container server started.
2021-10-14 19:42:00,200 [Listener at 127.0.0.1/44077] INFO  ozone.HddsDatanodeService (HddsDatanodeService.java:start(234)) - HddsDatanodeService host:fv-az184-831.3ow45vhwbzuu5incsxmygykede.cx.internal.cloudapp.net ip:10.1.0.23
2021-10-14 19:42:00,203 [org.apache.hadoop.util.JvmPauseMonitor$Monitor@637aa5b7] INFO  util.JvmPauseMonitor (JvmPauseMonitor.java:run(188)) - Starting JVM pause monitor
2021-10-14 19:42:00,208 [Datanode State Machine Task Thread - 0] INFO  datanode.InitDatanodeState (InitDatanodeState.java:persistContainerDatanodeDetails(145)) - DatanodeDetails is persisted to /home/runner/work/ozone/ozone/hadoop-ozone/integration-test/target/test-dir/MiniOzoneClusterImpl-0ea35d3c-98b9-4918-895e-fcd9be0efca6/datanode-3/meta/datanode.id
2021-10-14 19:42:00,222 [Listener at 127.0.0.1/44077] INFO  upgrade.AbstractLayoutVersionManager (AbstractLayoutVersionManager.java:init(79)) - Initializing Layout version manager with metadata layout = SCM_HA (version = 2), software layout = SCM_HA (version = 2)
2021-10-14 19:42:00,268 [Listener at 127.0.0.1/44077] INFO  reflections.Reflections (Reflections.java:scan(232)) - Reflections took 42 ms to scan 7 urls, producing 119 keys and 278 values 
2021-10-14 19:42:00,273 [Listener at 127.0.0.1/44077] INFO  volume.HddsVolume (HddsVolume.java:<init>(120)) - Creating HddsVolume: /home/runner/work/ozone/ozone/hadoop-ozone/integration-test/target/test-dir/MiniOzoneClusterImpl-0ea35d3c-98b9-4918-895e-fcd9be0efca6/datanode-4/data-0/containers/hdds of storage type : DISK capacity : 9223372036854775807
2021-10-14 19:42:00,273 [Listener at 127.0.0.1/44077] INFO  volume.MutableVolumeSet (MutableVolumeSet.java:initializeVolumeSet(168)) - Added Volume : /home/runner/work/ozone/ozone/hadoop-ozone/integration-test/target/test-dir/MiniOzoneClusterImpl-0ea35d3c-98b9-4918-895e-fcd9be0efca6/datanode-4/data-0/containers/hdds to VolumeSet
2021-10-14 19:42:00,273 [Listener at 127.0.0.1/44077] INFO  volume.ThrottledAsyncChecker (ThrottledAsyncChecker.java:schedule(141)) - Scheduling a check for /home/runner/work/ozone/ozone/hadoop-ozone/integration-test/target/test-dir/MiniOzoneClusterImpl-0ea35d3c-98b9-4918-895e-fcd9be0efca6/datanode-4/data-0/containers/hdds
2021-10-14 19:42:00,274 [Listener at 127.0.0.1/44077] INFO  volume.StorageVolumeChecker (StorageVolumeChecker.java:checkAllVolumes(202)) - Scheduled health check for volume /home/runner/work/ozone/ozone/hadoop-ozone/integration-test/target/test-dir/MiniOzoneClusterImpl-0ea35d3c-98b9-4918-895e-fcd9be0efca6/datanode-4/data-0/containers/hdds
2021-10-14 19:42:00,287 [Listener at 127.0.0.1/44077] INFO  volume.MutableVolumeSet (MutableVolumeSet.java:initializeVolumeSet(168)) - Added Volume : /home/runner/work/ozone/ozone/hadoop-ozone/integration-test/target/test-dir/MiniOzoneClusterImpl-0ea35d3c-98b9-4918-895e-fcd9be0efca6/datanode-4/data/ratis to VolumeSet
2021-10-14 19:42:00,288 [Listener at 127.0.0.1/44077] INFO  volume.ThrottledAsyncChecker (ThrottledAsyncChecker.java:schedule(141)) - Scheduling a check for /home/runner/work/ozone/ozone/hadoop-ozone/integration-test/target/test-dir/MiniOzoneClusterImpl-0ea35d3c-98b9-4918-895e-fcd9be0efca6/datanode-4/data/ratis
2021-10-14 19:42:00,288 [Listener at 127.0.0.1/44077] INFO  volume.StorageVolumeChecker (StorageVolumeChecker.java:checkAllVolumes(202)) - Scheduled health check for volume /home/runner/work/ozone/ozone/hadoop-ozone/integration-test/target/test-dir/MiniOzoneClusterImpl-0ea35d3c-98b9-4918-895e-fcd9be0efca6/datanode-4/data/ratis
2021-10-14 19:42:00,301 [Thread-179] INFO  ozoneimpl.ContainerReader (ContainerReader.java:readVolume(172)) - Finish verifying containers on volume /home/runner/work/ozone/ozone/hadoop-ozone/integration-test/target/test-dir/MiniOzoneClusterImpl-0ea35d3c-98b9-4918-895e-fcd9be0efca6/datanode-4/data-0/containers/hdds
2021-10-14 19:42:00,301 [Listener at 127.0.0.1/44077] INFO  ozoneimpl.OzoneContainer (OzoneContainer.java:buildContainerSet(236)) - Build ContainerSet costs 0s
2021-10-14 19:42:00,305 [Listener at 127.0.0.1/44077] INFO  server.RaftServer (ConfUtils.java:logGet(44)) - raft.rpc.type = GRPC (default)
2021-10-14 19:42:00,305 [Listener at 127.0.0.1/44077] INFO  grpc.GrpcFactory (GrpcFactory.java:checkPooledByteBufAllocatorUseCacheForAllThreads(48)) - PERFORMANCE WARNING: useCacheForAllThreads is true that may cause Netty to create a lot garbage objects and, as a result, trigger GC.
	It is recommended to disable useCacheForAllThreads by setting -Dorg.apache.ratis.thirdparty.io.netty.allocator.useCacheForAllThreads=false in command line.
2021-10-14 19:42:00,305 [Listener at 127.0.0.1/44077] INFO  grpc.GrpcConfigKeys (ConfUtils.java:logGet(44)) - raft.grpc.admin.port = 0 (custom)
2021-10-14 19:42:00,305 [Listener at 127.0.0.1/44077] INFO  grpc.GrpcConfigKeys (ConfUtils.java:logGet(44)) - raft.grpc.client.port = 0 (custom)
2021-10-14 19:42:00,306 [Listener at 127.0.0.1/44077] INFO  grpc.GrpcConfigKeys (ConfUtils.java:logGet(44)) - raft.grpc.server.port = 0 (default)
2021-10-14 19:42:00,306 [Listener at 127.0.0.1/44077] INFO  server.GrpcService (ConfUtils.java:logGet(44)) - raft.grpc.message.size.max = 32MB (=33554432) (custom)
2021-10-14 19:42:00,306 [Listener at 127.0.0.1/44077] INFO  server.RaftServerConfigKeys (ConfUtils.java:logGet(44)) - raft.server.log.appender.buffer.byte-limit = 33554432 (custom)
2021-10-14 19:42:00,306 [Listener at 127.0.0.1/44077] INFO  server.GrpcService (ConfUtils.java:logGet(44)) - raft.grpc.flow.control.window = 5MB (=5242880) (custom)
2021-10-14 19:42:00,306 [Listener at 127.0.0.1/44077] INFO  server.RaftServerConfigKeys (ConfUtils.java:logGet(44)) - raft.server.rpc.request.timeout = 3000ms (default)
2021-10-14 19:42:00,307 [Listener at 127.0.0.1/44077] INFO  impl.DataStreamServerImpl (ConfUtils.java:logGet(44)) - raft.datastream.type = DISABLED (default)
2021-10-14 19:42:00,307 [Listener at 127.0.0.1/44077] INFO  server.RaftServerConfigKeys (ConfUtils.java:logGet(44)) - raft.server.rpc.slowness.timeout = 300000ms (custom)
2021-10-14 19:42:00,308 [Listener at 127.0.0.1/44077] INFO  server.RaftServerConfigKeys (ConfUtils.java:logGet(44)) - raft.server.leaderelection.leader.step-down.wait-time = 10s (default)
2021-10-14 19:42:00,308 [Listener at 127.0.0.1/44077] INFO  server.RaftServerConfigKeys (ConfUtils.java:logGet(44)) - raft.server.storage.dir = [/home/runner/work/ozone/ozone/hadoop-ozone/integration-test/target/test-dir/MiniOzoneClusterImpl-0ea35d3c-98b9-4918-895e-fcd9be0efca6/datanode-4/data/ratis] (custom)
2021-10-14 19:42:00,312 [Listener at 127.0.0.1/44077] INFO  http.BaseHttpServer (BaseHttpServer.java:newHttpServer2BuilderForOzone(209)) - Starting Web-server for hddsDatanode at: http://0.0.0.0:0
2021-10-14 19:42:00,312 [Listener at 127.0.0.1/44077] INFO  http.BaseHttpServer (BaseHttpServer.java:<init>(107)) - Hadoop Security Enabled: false Ozone Security Enabled: false Ozone HTTP Security Enabled: false 
2021-10-14 19:42:00,313 [Listener at 127.0.0.1/44077] INFO  server.AuthenticationFilter (AuthenticationFilter.java:constructSecretProvider(240)) - Unable to initialize FileSignerSecretProvider, falling back to use random secrets.
2021-10-14 19:42:00,313 [Listener at 127.0.0.1/44077] WARN  http.HttpRequestLog (HttpRequestLog.java:getRequestLog(103)) - Jetty request log can only be enabled using Log4j
2021-10-14 19:42:00,314 [Listener at 127.0.0.1/44077] INFO  http.HttpServer2 (HttpServer2.java:addGlobalFilter(1030)) - Added global filter 'safety' (class=org.apache.hadoop.hdds.server.http.HttpServer2$QuotingInputFilter)
2021-10-14 19:42:00,315 [Listener at 127.0.0.1/44077] INFO  http.HttpServer2 (HttpServer2.java:addFilter(1006)) - Added filter static_user_filter (class=org.apache.hadoop.http.lib.StaticUserWebFilter$StaticUserFilter) to context hddsDatanode
2021-10-14 19:42:00,315 [Listener at 127.0.0.1/44077] INFO  http.HttpServer2 (HttpServer2.java:addFilter(1014)) - Added filter static_user_filter (class=org.apache.hadoop.http.lib.StaticUserWebFilter$StaticUserFilter) to context static
2021-10-14 19:42:00,315 [Listener at 127.0.0.1/44077] INFO  http.HttpServer2 (HttpServer2.java:addFilter(1014)) - Added filter static_user_filter (class=org.apache.hadoop.http.lib.StaticUserWebFilter$StaticUserFilter) to context logs
2021-10-14 19:42:00,316 [Listener at 127.0.0.1/44077] INFO  http.HttpServer2 (HttpServer2.java:bindListener(1249)) - Jetty bound to port 44155
2021-10-14 19:42:00,316 [Listener at 127.0.0.1/44077] INFO  server.Server (Server.java:doStart(375)) - jetty-9.4.43.v20210629; built: 2021-06-30T11:07:22.254Z; git: 526006ecfa3af7f1a27ef3a288e2bef7ea9dd7e8; jvm 1.8.0_292-b10
2021-10-14 19:42:00,319 [Listener at 127.0.0.1/44077] INFO  server.session (DefaultSessionIdManager.java:doStart(334)) - DefaultSessionIdManager workerName=node0
2021-10-14 19:42:00,319 [Listener at 127.0.0.1/44077] INFO  server.session (DefaultSessionIdManager.java:doStart(339)) - No SessionScavenger set, using defaults
2021-10-14 19:42:00,319 [Listener at 127.0.0.1/44077] INFO  server.session (HouseKeeper.java:startScavenging(132)) - node0 Scavenging every 600000ms
2021-10-14 19:42:00,320 [Listener at 127.0.0.1/44077] INFO  handler.ContextHandler (ContextHandler.java:doStart(915)) - Started o.e.j.s.ServletContextHandler@440849d{logs,/logs,file:///home/runner/work/ozone/ozone/hadoop-ozone/integration-test/target/log,AVAILABLE}
2021-10-14 19:42:00,321 [Listener at 127.0.0.1/44077] INFO  handler.ContextHandler (ContextHandler.java:doStart(915)) - Started o.e.j.s.ServletContextHandler@13cf14e4{static,/static,jar:file:/home/runner/.m2/repository/org/apache/ozone/hdds-container-service/1.2.0-SNAPSHOT/hdds-container-service-1.2.0-SNAPSHOT.jar!/webapps/static,AVAILABLE}
2021-10-14 19:42:00,364 [Listener at 127.0.0.1/44077] INFO  handler.ContextHandler (ContextHandler.java:doStart(915)) - Started o.e.j.w.WebAppContext@2e5fbf7{hddsDatanode,/,file:///tmp/jetty-0_0_0_0-44155-hdds-container-service-1_2_0-SNAPSHOT_jar-_-any-7009201880365553828/webapp/,AVAILABLE}{jar:file:/home/runner/.m2/repository/org/apache/ozone/hdds-container-service/1.2.0-SNAPSHOT/hdds-container-service-1.2.0-SNAPSHOT.jar!/webapps/hddsDatanode}
2021-10-14 19:42:00,365 [Listener at 127.0.0.1/44077] INFO  server.AbstractConnector (AbstractConnector.java:doStart(331)) - Started ServerConnector@52e9db5c{HTTP/1.1, (http/1.1)}{0.0.0.0:44155}
2021-10-14 19:42:00,366 [Listener at 127.0.0.1/44077] INFO  server.Server (Server.java:doStart(415)) - Started @8480ms
2021-10-14 19:42:00,366 [Listener at 127.0.0.1/44077] WARN  impl.MetricsSystemImpl (MetricsSystemImpl.java:register(279)) - Sink prometheus already exists!
2021-10-14 19:42:00,366 [Listener at 127.0.0.1/44077] INFO  http.BaseHttpServer (BaseHttpServer.java:updateConnectorAddress(329)) - HTTP server of hddsDatanode listening at http://0.0.0.0:44155
2021-10-14 19:42:00,367 [Datanode State Machine Thread - 0] INFO  statemachine.DatanodeStateMachine (DatanodeStateMachine.java:lambda$startDaemon$0(463)) - Ozone container server started.
2021-10-14 19:42:00,368 [Listener at 127.0.0.1/44077] WARN  impl.MetricRegistriesImpl (MetricRegistriesImpl.java:addReporterRegistration(111)) - New reporters are added after registries were created. Some metrics will be missing from the reporter. Please add reporter before adding any new registry.
2021-10-14 19:42:00,369 [Listener at 127.0.0.1/44077] WARN  impl.MetricRegistriesImpl (MetricRegistriesImpl.java:addReporterRegistration(111)) - New reporters are added after registries were created. Some metrics will be missing from the reporter. Please add reporter before adding any new registry.
2021-10-14 19:42:00,369 [Listener at 127.0.0.1/44077] INFO  impl.MetricsSystemImpl (MetricsSystemImpl.java:init(158)) - HddsDatanode metrics system started (again)
2021-10-14 19:42:00,383 [Listener at 127.0.0.1/44077] INFO  ozone.HddsDatanodeService (HddsDatanodeService.java:start(234)) - HddsDatanodeService host:fv-az184-831.3ow45vhwbzuu5incsxmygykede.cx.internal.cloudapp.net ip:10.1.0.23
2021-10-14 19:42:00,388 [org.apache.hadoop.util.JvmPauseMonitor$Monitor@7500e350] INFO  util.JvmPauseMonitor (JvmPauseMonitor.java:run(188)) - Starting JVM pause monitor
2021-10-14 19:42:00,400 [Datanode State Machine Task Thread - 0] INFO  datanode.InitDatanodeState (InitDatanodeState.java:persistContainerDatanodeDetails(145)) - DatanodeDetails is persisted to /home/runner/work/ozone/ozone/hadoop-ozone/integration-test/target/test-dir/MiniOzoneClusterImpl-0ea35d3c-98b9-4918-895e-fcd9be0efca6/datanode-4/meta/datanode.id
2021-10-14 19:42:00,414 [Listener at 127.0.0.1/44077] INFO  upgrade.AbstractLayoutVersionManager (AbstractLayoutVersionManager.java:init(79)) - Initializing Layout version manager with metadata layout = SCM_HA (version = 2), software layout = SCM_HA (version = 2)
2021-10-14 19:42:00,454 [Listener at 127.0.0.1/44077] INFO  reflections.Reflections (Reflections.java:scan(232)) - Reflections took 39 ms to scan 7 urls, producing 119 keys and 278 values 
2021-10-14 19:42:00,461 [Listener at 127.0.0.1/44077] INFO  volume.HddsVolume (HddsVolume.java:<init>(120)) - Creating HddsVolume: /home/runner/work/ozone/ozone/hadoop-ozone/integration-test/target/test-dir/MiniOzoneClusterImpl-0ea35d3c-98b9-4918-895e-fcd9be0efca6/datanode-5/data-0/containers/hdds of storage type : DISK capacity : 9223372036854775807
2021-10-14 19:42:00,461 [Listener at 127.0.0.1/44077] INFO  volume.MutableVolumeSet (MutableVolumeSet.java:initializeVolumeSet(168)) - Added Volume : /home/runner/work/ozone/ozone/hadoop-ozone/integration-test/target/test-dir/MiniOzoneClusterImpl-0ea35d3c-98b9-4918-895e-fcd9be0efca6/datanode-5/data-0/containers/hdds to VolumeSet
2021-10-14 19:42:00,462 [Listener at 127.0.0.1/44077] INFO  volume.ThrottledAsyncChecker (ThrottledAsyncChecker.java:schedule(141)) - Scheduling a check for /home/runner/work/ozone/ozone/hadoop-ozone/integration-test/target/test-dir/MiniOzoneClusterImpl-0ea35d3c-98b9-4918-895e-fcd9be0efca6/datanode-5/data-0/containers/hdds
2021-10-14 19:42:00,462 [Listener at 127.0.0.1/44077] INFO  volume.StorageVolumeChecker (StorageVolumeChecker.java:checkAllVolumes(202)) - Scheduled health check for volume /home/runner/work/ozone/ozone/hadoop-ozone/integration-test/target/test-dir/MiniOzoneClusterImpl-0ea35d3c-98b9-4918-895e-fcd9be0efca6/datanode-5/data-0/containers/hdds
2021-10-14 19:42:00,476 [Listener at 127.0.0.1/44077] INFO  volume.MutableVolumeSet (MutableVolumeSet.java:initializeVolumeSet(168)) - Added Volume : /home/runner/work/ozone/ozone/hadoop-ozone/integration-test/target/test-dir/MiniOzoneClusterImpl-0ea35d3c-98b9-4918-895e-fcd9be0efca6/datanode-5/data/ratis to VolumeSet
2021-10-14 19:42:00,476 [Listener at 127.0.0.1/44077] INFO  volume.ThrottledAsyncChecker (ThrottledAsyncChecker.java:schedule(141)) - Scheduling a check for /home/runner/work/ozone/ozone/hadoop-ozone/integration-test/target/test-dir/MiniOzoneClusterImpl-0ea35d3c-98b9-4918-895e-fcd9be0efca6/datanode-5/data/ratis
2021-10-14 19:42:00,476 [Listener at 127.0.0.1/44077] INFO  volume.StorageVolumeChecker (StorageVolumeChecker.java:checkAllVolumes(202)) - Scheduled health check for volume /home/runner/work/ozone/ozone/hadoop-ozone/integration-test/target/test-dir/MiniOzoneClusterImpl-0ea35d3c-98b9-4918-895e-fcd9be0efca6/datanode-5/data/ratis
2021-10-14 19:42:00,490 [Thread-191] INFO  ozoneimpl.ContainerReader (ContainerReader.java:readVolume(172)) - Finish verifying containers on volume /home/runner/work/ozone/ozone/hadoop-ozone/integration-test/target/test-dir/MiniOzoneClusterImpl-0ea35d3c-98b9-4918-895e-fcd9be0efca6/datanode-5/data-0/containers/hdds
2021-10-14 19:42:00,490 [Listener at 127.0.0.1/44077] INFO  ozoneimpl.OzoneContainer (OzoneContainer.java:buildContainerSet(236)) - Build ContainerSet costs 0s
2021-10-14 19:42:00,493 [Listener at 127.0.0.1/44077] INFO  server.RaftServer (ConfUtils.java:logGet(44)) - raft.rpc.type = GRPC (default)
2021-10-14 19:42:00,493 [Listener at 127.0.0.1/44077] INFO  grpc.GrpcFactory (GrpcFactory.java:checkPooledByteBufAllocatorUseCacheForAllThreads(48)) - PERFORMANCE WARNING: useCacheForAllThreads is true that may cause Netty to create a lot garbage objects and, as a result, trigger GC.
	It is recommended to disable useCacheForAllThreads by setting -Dorg.apache.ratis.thirdparty.io.netty.allocator.useCacheForAllThreads=false in command line.
2021-10-14 19:42:00,493 [Listener at 127.0.0.1/44077] INFO  grpc.GrpcConfigKeys (ConfUtils.java:logGet(44)) - raft.grpc.admin.port = 0 (custom)
2021-10-14 19:42:00,493 [Listener at 127.0.0.1/44077] INFO  grpc.GrpcConfigKeys (ConfUtils.java:logGet(44)) - raft.grpc.client.port = 0 (custom)
2021-10-14 19:42:00,494 [Listener at 127.0.0.1/44077] INFO  grpc.GrpcConfigKeys (ConfUtils.java:logGet(44)) - raft.grpc.server.port = 0 (default)
2021-10-14 19:42:00,494 [Listener at 127.0.0.1/44077] INFO  server.GrpcService (ConfUtils.java:logGet(44)) - raft.grpc.message.size.max = 32MB (=33554432) (custom)
2021-10-14 19:42:00,494 [Listener at 127.0.0.1/44077] INFO  server.RaftServerConfigKeys (ConfUtils.java:logGet(44)) - raft.server.log.appender.buffer.byte-limit = 33554432 (custom)
2021-10-14 19:42:00,494 [Listener at 127.0.0.1/44077] INFO  server.GrpcService (ConfUtils.java:logGet(44)) - raft.grpc.flow.control.window = 5MB (=5242880) (custom)
2021-10-14 19:42:00,494 [Listener at 127.0.0.1/44077] INFO  server.RaftServerConfigKeys (ConfUtils.java:logGet(44)) - raft.server.rpc.request.timeout = 3000ms (default)
2021-10-14 19:42:00,495 [Listener at 127.0.0.1/44077] INFO  impl.DataStreamServerImpl (ConfUtils.java:logGet(44)) - raft.datastream.type = DISABLED (default)
2021-10-14 19:42:00,495 [Listener at 127.0.0.1/44077] INFO  server.RaftServerConfigKeys (ConfUtils.java:logGet(44)) - raft.server.rpc.slowness.timeout = 300000ms (custom)
2021-10-14 19:42:00,495 [Listener at 127.0.0.1/44077] INFO  server.RaftServerConfigKeys (ConfUtils.java:logGet(44)) - raft.server.leaderelection.leader.step-down.wait-time = 10s (default)
2021-10-14 19:42:00,496 [Listener at 127.0.0.1/44077] INFO  server.RaftServerConfigKeys (ConfUtils.java:logGet(44)) - raft.server.storage.dir = [/home/runner/work/ozone/ozone/hadoop-ozone/integration-test/target/test-dir/MiniOzoneClusterImpl-0ea35d3c-98b9-4918-895e-fcd9be0efca6/datanode-5/data/ratis] (custom)
2021-10-14 19:42:00,506 [Listener at 127.0.0.1/44077] INFO  http.BaseHttpServer (BaseHttpServer.java:newHttpServer2BuilderForOzone(209)) - Starting Web-server for hddsDatanode at: http://0.0.0.0:0
2021-10-14 19:42:00,506 [Listener at 127.0.0.1/44077] INFO  http.BaseHttpServer (BaseHttpServer.java:<init>(107)) - Hadoop Security Enabled: false Ozone Security Enabled: false Ozone HTTP Security Enabled: false 
2021-10-14 19:42:00,507 [Listener at 127.0.0.1/44077] INFO  server.AuthenticationFilter (AuthenticationFilter.java:constructSecretProvider(240)) - Unable to initialize FileSignerSecretProvider, falling back to use random secrets.
2021-10-14 19:42:00,508 [Listener at 127.0.0.1/44077] WARN  http.HttpRequestLog (HttpRequestLog.java:getRequestLog(103)) - Jetty request log can only be enabled using Log4j
2021-10-14 19:42:00,510 [Listener at 127.0.0.1/44077] INFO  http.HttpServer2 (HttpServer2.java:addGlobalFilter(1030)) - Added global filter 'safety' (class=org.apache.hadoop.hdds.server.http.HttpServer2$QuotingInputFilter)
2021-10-14 19:42:00,511 [Listener at 127.0.0.1/44077] INFO  http.HttpServer2 (HttpServer2.java:addFilter(1006)) - Added filter static_user_filter (class=org.apache.hadoop.http.lib.StaticUserWebFilter$StaticUserFilter) to context hddsDatanode
2021-10-14 19:42:00,511 [Listener at 127.0.0.1/44077] INFO  http.HttpServer2 (HttpServer2.java:addFilter(1014)) - Added filter static_user_filter (class=org.apache.hadoop.http.lib.StaticUserWebFilter$StaticUserFilter) to context logs
2021-10-14 19:42:00,511 [Listener at 127.0.0.1/44077] INFO  http.HttpServer2 (HttpServer2.java:addFilter(1014)) - Added filter static_user_filter (class=org.apache.hadoop.http.lib.StaticUserWebFilter$StaticUserFilter) to context static
2021-10-14 19:42:00,512 [Listener at 127.0.0.1/44077] INFO  http.HttpServer2 (HttpServer2.java:bindListener(1249)) - Jetty bound to port 42061
2021-10-14 19:42:00,512 [Listener at 127.0.0.1/44077] INFO  server.Server (Server.java:doStart(375)) - jetty-9.4.43.v20210629; built: 2021-06-30T11:07:22.254Z; git: 526006ecfa3af7f1a27ef3a288e2bef7ea9dd7e8; jvm 1.8.0_292-b10
2021-10-14 19:42:00,520 [Listener at 127.0.0.1/44077] INFO  server.session (DefaultSessionIdManager.java:doStart(334)) - DefaultSessionIdManager workerName=node0
2021-10-14 19:42:00,520 [Listener at 127.0.0.1/44077] INFO  server.session (DefaultSessionIdManager.java:doStart(339)) - No SessionScavenger set, using defaults
2021-10-14 19:42:00,520 [Listener at 127.0.0.1/44077] INFO  server.session (HouseKeeper.java:startScavenging(132)) - node0 Scavenging every 660000ms
2021-10-14 19:42:00,523 [Listener at 127.0.0.1/44077] INFO  handler.ContextHandler (ContextHandler.java:doStart(915)) - Started o.e.j.s.ServletContextHandler@4404be74{logs,/logs,file:///home/runner/work/ozone/ozone/hadoop-ozone/integration-test/target/log,AVAILABLE}
2021-10-14 19:42:00,524 [Listener at 127.0.0.1/44077] INFO  handler.ContextHandler (ContextHandler.java:doStart(915)) - Started o.e.j.s.ServletContextHandler@6cd872df{static,/static,jar:file:/home/runner/.m2/repository/org/apache/ozone/hdds-container-service/1.2.0-SNAPSHOT/hdds-container-service-1.2.0-SNAPSHOT.jar!/webapps/static,AVAILABLE}
2021-10-14 19:42:00,568 [Listener at 127.0.0.1/44077] INFO  handler.ContextHandler (ContextHandler.java:doStart(915)) - Started o.e.j.w.WebAppContext@3432be45{hddsDatanode,/,file:///tmp/jetty-0_0_0_0-42061-hdds-container-service-1_2_0-SNAPSHOT_jar-_-any-248219365718403161/webapp/,AVAILABLE}{jar:file:/home/runner/.m2/repository/org/apache/ozone/hdds-container-service/1.2.0-SNAPSHOT/hdds-container-service-1.2.0-SNAPSHOT.jar!/webapps/hddsDatanode}
2021-10-14 19:42:00,573 [Listener at 127.0.0.1/44077] INFO  server.AbstractConnector (AbstractConnector.java:doStart(331)) - Started ServerConnector@6eea1963{HTTP/1.1, (http/1.1)}{0.0.0.0:42061}
2021-10-14 19:42:00,573 [Listener at 127.0.0.1/44077] INFO  server.Server (Server.java:doStart(415)) - Started @8687ms
2021-10-14 19:42:00,573 [Listener at 127.0.0.1/44077] WARN  impl.MetricsSystemImpl (MetricsSystemImpl.java:register(279)) - Sink prometheus already exists!
2021-10-14 19:42:00,573 [Listener at 127.0.0.1/44077] INFO  http.BaseHttpServer (BaseHttpServer.java:updateConnectorAddress(329)) - HTTP server of hddsDatanode listening at http://0.0.0.0:42061
2021-10-14 19:42:00,575 [Listener at 127.0.0.1/44077] WARN  impl.MetricRegistriesImpl (MetricRegistriesImpl.java:addReporterRegistration(111)) - New reporters are added after registries were created. Some metrics will be missing from the reporter. Please add reporter before adding any new registry.
2021-10-14 19:42:00,575 [Listener at 127.0.0.1/44077] WARN  impl.MetricRegistriesImpl (MetricRegistriesImpl.java:addReporterRegistration(111)) - New reporters are added after registries were created. Some metrics will be missing from the reporter. Please add reporter before adding any new registry.
2021-10-14 19:42:00,575 [Listener at 127.0.0.1/44077] INFO  impl.MetricsSystemImpl (MetricsSystemImpl.java:init(158)) - HddsDatanode metrics system started (again)
2021-10-14 19:42:00,580 [Datanode State Machine Thread - 0] INFO  statemachine.DatanodeStateMachine (DatanodeStateMachine.java:lambda$startDaemon$0(463)) - Ozone container server started.
2021-10-14 19:42:00,592 [org.apache.hadoop.util.JvmPauseMonitor$Monitor@20810a54] INFO  util.JvmPauseMonitor (JvmPauseMonitor.java:run(188)) - Starting JVM pause monitor
2021-10-14 19:42:00,602 [Datanode State Machine Task Thread - 0] INFO  datanode.InitDatanodeState (InitDatanodeState.java:persistContainerDatanodeDetails(145)) - DatanodeDetails is persisted to /home/runner/work/ozone/ozone/hadoop-ozone/integration-test/target/test-dir/MiniOzoneClusterImpl-0ea35d3c-98b9-4918-895e-fcd9be0efca6/datanode-5/meta/datanode.id
2021-10-14 19:42:00,602 [Listener at 127.0.0.1/44077] INFO  ozone.HddsDatanodeService (HddsDatanodeService.java:start(234)) - HddsDatanodeService host:fv-az184-831.3ow45vhwbzuu5incsxmygykede.cx.internal.cloudapp.net ip:10.1.0.23
2021-10-14 19:42:00,646 [Listener at 127.0.0.1/44077] INFO  upgrade.AbstractLayoutVersionManager (AbstractLayoutVersionManager.java:init(79)) - Initializing Layout version manager with metadata layout = SCM_HA (version = 2), software layout = SCM_HA (version = 2)
2021-10-14 19:42:00,688 [Listener at 127.0.0.1/44077] INFO  reflections.Reflections (Reflections.java:scan(232)) - Reflections took 41 ms to scan 7 urls, producing 119 keys and 278 values 
2021-10-14 19:42:00,693 [Listener at 127.0.0.1/44077] INFO  volume.HddsVolume (HddsVolume.java:<init>(120)) - Creating HddsVolume: /home/runner/work/ozone/ozone/hadoop-ozone/integration-test/target/test-dir/MiniOzoneClusterImpl-0ea35d3c-98b9-4918-895e-fcd9be0efca6/datanode-6/data-0/containers/hdds of storage type : DISK capacity : 9223372036854775807
2021-10-14 19:42:00,693 [Listener at 127.0.0.1/44077] INFO  volume.MutableVolumeSet (MutableVolumeSet.java:initializeVolumeSet(168)) - Added Volume : /home/runner/work/ozone/ozone/hadoop-ozone/integration-test/target/test-dir/MiniOzoneClusterImpl-0ea35d3c-98b9-4918-895e-fcd9be0efca6/datanode-6/data-0/containers/hdds to VolumeSet
2021-10-14 19:42:00,694 [Listener at 127.0.0.1/44077] INFO  volume.ThrottledAsyncChecker (ThrottledAsyncChecker.java:schedule(141)) - Scheduling a check for /home/runner/work/ozone/ozone/hadoop-ozone/integration-test/target/test-dir/MiniOzoneClusterImpl-0ea35d3c-98b9-4918-895e-fcd9be0efca6/datanode-6/data-0/containers/hdds
2021-10-14 19:42:00,700 [Listener at 127.0.0.1/44077] INFO  volume.StorageVolumeChecker (StorageVolumeChecker.java:checkAllVolumes(202)) - Scheduled health check for volume /home/runner/work/ozone/ozone/hadoop-ozone/integration-test/target/test-dir/MiniOzoneClusterImpl-0ea35d3c-98b9-4918-895e-fcd9be0efca6/datanode-6/data-0/containers/hdds
2021-10-14 19:42:00,714 [Listener at 127.0.0.1/44077] INFO  volume.MutableVolumeSet (MutableVolumeSet.java:initializeVolumeSet(168)) - Added Volume : /home/runner/work/ozone/ozone/hadoop-ozone/integration-test/target/test-dir/MiniOzoneClusterImpl-0ea35d3c-98b9-4918-895e-fcd9be0efca6/datanode-6/data/ratis to VolumeSet
2021-10-14 19:42:00,714 [Listener at 127.0.0.1/44077] INFO  volume.ThrottledAsyncChecker (ThrottledAsyncChecker.java:schedule(141)) - Scheduling a check for /home/runner/work/ozone/ozone/hadoop-ozone/integration-test/target/test-dir/MiniOzoneClusterImpl-0ea35d3c-98b9-4918-895e-fcd9be0efca6/datanode-6/data/ratis
2021-10-14 19:42:00,714 [Listener at 127.0.0.1/44077] INFO  volume.StorageVolumeChecker (StorageVolumeChecker.java:checkAllVolumes(202)) - Scheduled health check for volume /home/runner/work/ozone/ozone/hadoop-ozone/integration-test/target/test-dir/MiniOzoneClusterImpl-0ea35d3c-98b9-4918-895e-fcd9be0efca6/datanode-6/data/ratis
2021-10-14 19:42:00,727 [Thread-203] INFO  ozoneimpl.ContainerReader (ContainerReader.java:readVolume(172)) - Finish verifying containers on volume /home/runner/work/ozone/ozone/hadoop-ozone/integration-test/target/test-dir/MiniOzoneClusterImpl-0ea35d3c-98b9-4918-895e-fcd9be0efca6/datanode-6/data-0/containers/hdds
2021-10-14 19:42:00,727 [Listener at 127.0.0.1/44077] INFO  ozoneimpl.OzoneContainer (OzoneContainer.java:buildContainerSet(236)) - Build ContainerSet costs 0s
2021-10-14 19:42:00,731 [Listener at 127.0.0.1/44077] INFO  server.RaftServer (ConfUtils.java:logGet(44)) - raft.rpc.type = GRPC (default)
2021-10-14 19:42:00,731 [Listener at 127.0.0.1/44077] INFO  grpc.GrpcFactory (GrpcFactory.java:checkPooledByteBufAllocatorUseCacheForAllThreads(48)) - PERFORMANCE WARNING: useCacheForAllThreads is true that may cause Netty to create a lot garbage objects and, as a result, trigger GC.
	It is recommended to disable useCacheForAllThreads by setting -Dorg.apache.ratis.thirdparty.io.netty.allocator.useCacheForAllThreads=false in command line.
2021-10-14 19:42:00,731 [Listener at 127.0.0.1/44077] INFO  grpc.GrpcConfigKeys (ConfUtils.java:logGet(44)) - raft.grpc.admin.port = 0 (custom)
2021-10-14 19:42:00,731 [Listener at 127.0.0.1/44077] INFO  grpc.GrpcConfigKeys (ConfUtils.java:logGet(44)) - raft.grpc.client.port = 0 (custom)
2021-10-14 19:42:00,731 [Listener at 127.0.0.1/44077] INFO  grpc.GrpcConfigKeys (ConfUtils.java:logGet(44)) - raft.grpc.server.port = 0 (default)
2021-10-14 19:42:00,731 [Listener at 127.0.0.1/44077] INFO  server.GrpcService (ConfUtils.java:logGet(44)) - raft.grpc.message.size.max = 32MB (=33554432) (custom)
2021-10-14 19:42:00,731 [Listener at 127.0.0.1/44077] INFO  server.RaftServerConfigKeys (ConfUtils.java:logGet(44)) - raft.server.log.appender.buffer.byte-limit = 33554432 (custom)
2021-10-14 19:42:00,732 [Listener at 127.0.0.1/44077] INFO  server.GrpcService (ConfUtils.java:logGet(44)) - raft.grpc.flow.control.window = 5MB (=5242880) (custom)
2021-10-14 19:42:00,732 [Listener at 127.0.0.1/44077] INFO  server.RaftServerConfigKeys (ConfUtils.java:logGet(44)) - raft.server.rpc.request.timeout = 3000ms (default)
2021-10-14 19:42:00,733 [Listener at 127.0.0.1/44077] INFO  impl.DataStreamServerImpl (ConfUtils.java:logGet(44)) - raft.datastream.type = DISABLED (default)
2021-10-14 19:42:00,733 [Listener at 127.0.0.1/44077] INFO  server.RaftServerConfigKeys (ConfUtils.java:logGet(44)) - raft.server.rpc.slowness.timeout = 300000ms (custom)
2021-10-14 19:42:00,733 [Listener at 127.0.0.1/44077] INFO  server.RaftServerConfigKeys (ConfUtils.java:logGet(44)) - raft.server.leaderelection.leader.step-down.wait-time = 10s (default)
2021-10-14 19:42:00,733 [Listener at 127.0.0.1/44077] INFO  server.RaftServerConfigKeys (ConfUtils.java:logGet(44)) - raft.server.storage.dir = [/home/runner/work/ozone/ozone/hadoop-ozone/integration-test/target/test-dir/MiniOzoneClusterImpl-0ea35d3c-98b9-4918-895e-fcd9be0efca6/datanode-6/data/ratis] (custom)
2021-10-14 19:42:00,737 [Listener at 127.0.0.1/44077] INFO  http.BaseHttpServer (BaseHttpServer.java:newHttpServer2BuilderForOzone(209)) - Starting Web-server for hddsDatanode at: http://0.0.0.0:0
2021-10-14 19:42:00,737 [Listener at 127.0.0.1/44077] INFO  http.BaseHttpServer (BaseHttpServer.java:<init>(107)) - Hadoop Security Enabled: false Ozone Security Enabled: false Ozone HTTP Security Enabled: false 
2021-10-14 19:42:00,738 [Listener at 127.0.0.1/44077] INFO  server.AuthenticationFilter (AuthenticationFilter.java:constructSecretProvider(240)) - Unable to initialize FileSignerSecretProvider, falling back to use random secrets.
2021-10-14 19:42:00,738 [Listener at 127.0.0.1/44077] WARN  http.HttpRequestLog (HttpRequestLog.java:getRequestLog(103)) - Jetty request log can only be enabled using Log4j
2021-10-14 19:42:00,739 [Listener at 127.0.0.1/44077] INFO  http.HttpServer2 (HttpServer2.java:addGlobalFilter(1030)) - Added global filter 'safety' (class=org.apache.hadoop.hdds.server.http.HttpServer2$QuotingInputFilter)
2021-10-14 19:42:00,740 [Listener at 127.0.0.1/44077] INFO  http.HttpServer2 (HttpServer2.java:addFilter(1006)) - Added filter static_user_filter (class=org.apache.hadoop.http.lib.StaticUserWebFilter$StaticUserFilter) to context hddsDatanode
2021-10-14 19:42:00,740 [Listener at 127.0.0.1/44077] INFO  http.HttpServer2 (HttpServer2.java:addFilter(1014)) - Added filter static_user_filter (class=org.apache.hadoop.http.lib.StaticUserWebFilter$StaticUserFilter) to context static
2021-10-14 19:42:00,741 [Listener at 127.0.0.1/44077] INFO  http.HttpServer2 (HttpServer2.java:addFilter(1014)) - Added filter static_user_filter (class=org.apache.hadoop.http.lib.StaticUserWebFilter$StaticUserFilter) to context logs
2021-10-14 19:42:00,742 [Listener at 127.0.0.1/44077] INFO  http.HttpServer2 (HttpServer2.java:bindListener(1249)) - Jetty bound to port 37803
2021-10-14 19:42:00,742 [Listener at 127.0.0.1/44077] INFO  server.Server (Server.java:doStart(375)) - jetty-9.4.43.v20210629; built: 2021-06-30T11:07:22.254Z; git: 526006ecfa3af7f1a27ef3a288e2bef7ea9dd7e8; jvm 1.8.0_292-b10
2021-10-14 19:42:00,743 [Listener at 127.0.0.1/44077] INFO  server.session (DefaultSessionIdManager.java:doStart(334)) - DefaultSessionIdManager workerName=node0
2021-10-14 19:42:00,743 [Listener at 127.0.0.1/44077] INFO  server.session (DefaultSessionIdManager.java:doStart(339)) - No SessionScavenger set, using defaults
2021-10-14 19:42:00,744 [Listener at 127.0.0.1/44077] INFO  server.session (HouseKeeper.java:startScavenging(132)) - node0 Scavenging every 660000ms
2021-10-14 19:42:00,744 [Listener at 127.0.0.1/44077] INFO  handler.ContextHandler (ContextHandler.java:doStart(915)) - Started o.e.j.s.ServletContextHandler@17595bb2{logs,/logs,file:///home/runner/work/ozone/ozone/hadoop-ozone/integration-test/target/log,AVAILABLE}
2021-10-14 19:42:00,745 [Listener at 127.0.0.1/44077] INFO  handler.ContextHandler (ContextHandler.java:doStart(915)) - Started o.e.j.s.ServletContextHandler@53165e27{static,/static,jar:file:/home/runner/.m2/repository/org/apache/ozone/hdds-container-service/1.2.0-SNAPSHOT/hdds-container-service-1.2.0-SNAPSHOT.jar!/webapps/static,AVAILABLE}
2021-10-14 19:42:00,788 [Listener at 127.0.0.1/44077] INFO  handler.ContextHandler (ContextHandler.java:doStart(915)) - Started o.e.j.w.WebAppContext@13b9f3b{hddsDatanode,/,file:///tmp/jetty-0_0_0_0-37803-hdds-container-service-1_2_0-SNAPSHOT_jar-_-any-7121566736321657964/webapp/,AVAILABLE}{jar:file:/home/runner/.m2/repository/org/apache/ozone/hdds-container-service/1.2.0-SNAPSHOT/hdds-container-service-1.2.0-SNAPSHOT.jar!/webapps/hddsDatanode}
2021-10-14 19:42:00,789 [Listener at 127.0.0.1/44077] INFO  server.AbstractConnector (AbstractConnector.java:doStart(331)) - Started ServerConnector@5513d856{HTTP/1.1, (http/1.1)}{0.0.0.0:37803}
2021-10-14 19:42:00,789 [Listener at 127.0.0.1/44077] INFO  server.Server (Server.java:doStart(415)) - Started @8904ms
2021-10-14 19:42:00,790 [Listener at 127.0.0.1/44077] WARN  impl.MetricsSystemImpl (MetricsSystemImpl.java:register(279)) - Sink prometheus already exists!
2021-10-14 19:42:00,790 [Listener at 127.0.0.1/44077] INFO  http.BaseHttpServer (BaseHttpServer.java:updateConnectorAddress(329)) - HTTP server of hddsDatanode listening at http://0.0.0.0:37803
2021-10-14 19:42:00,792 [Listener at 127.0.0.1/44077] INFO  ozone.MiniOzoneClusterImpl (MiniOzoneClusterImpl.java:lambda$waitForClusterToBeReady$0(235)) - Waiting for nodes to be ready. Got 0 of 7 DN Heartbeats.
2021-10-14 19:42:00,792 [Listener at 127.0.0.1/44077] INFO  ozone.MiniOzoneClusterImpl (MiniOzoneClusterImpl.java:lambda$waitForClusterToBeReady$0(238)) - Waiting for cluster to exit safe mode
2021-10-14 19:42:00,792 [Listener at 127.0.0.1/44077] INFO  ozone.MiniOzoneClusterImpl (MiniOzoneClusterImpl.java:lambda$waitForClusterToBeReady$0(240)) - SCM became leader
2021-10-14 19:42:00,792 [Datanode State Machine Thread - 0] INFO  statemachine.DatanodeStateMachine (DatanodeStateMachine.java:lambda$startDaemon$0(463)) - Ozone container server started.
2021-10-14 19:42:00,805 [org.apache.hadoop.util.JvmPauseMonitor$Monitor@5f3f2121] INFO  util.JvmPauseMonitor (JvmPauseMonitor.java:run(188)) - Starting JVM pause monitor
2021-10-14 19:42:00,809 [Datanode State Machine Task Thread - 0] INFO  datanode.InitDatanodeState (InitDatanodeState.java:persistContainerDatanodeDetails(145)) - DatanodeDetails is persisted to /home/runner/work/ozone/ozone/hadoop-ozone/integration-test/target/test-dir/MiniOzoneClusterImpl-0ea35d3c-98b9-4918-895e-fcd9be0efca6/datanode-6/meta/datanode.id
2021-10-14 19:42:01,229 [EndpointStateMachine task thread for /0.0.0.0:45495 - 0 ] INFO  ozoneimpl.OzoneContainer (OzoneContainer.java:start(304)) - Attempting to start container services.
2021-10-14 19:42:01,231 [EndpointStateMachine task thread for /0.0.0.0:45495 - 0 ] INFO  ozoneimpl.OzoneContainer (OzoneContainer.java:startContainerScrub(249)) - Background container scanner has been disabled.
2021-10-14 19:42:01,233 [EndpointStateMachine task thread for /0.0.0.0:45495 - 0 ] INFO  replication.ReplicationServer (ReplicationServer.java:start(107)) - ReplicationServer is started using port 37675
2021-10-14 19:42:01,235 [EndpointStateMachine task thread for /0.0.0.0:45495 - 0 ] INFO  ratis.XceiverServerRatis (XceiverServerRatis.java:start(484)) - Starting XceiverServerRatis 587c4370-f397-42e1-8c47-82ec3f79bf3a
2021-10-14 19:42:01,236 [EndpointStateMachine task thread for /0.0.0.0:45495 - 0 ] INFO  server.RaftServer (RaftServerProxy.java:lambda$start$5(374)) - 587c4370-f397-42e1-8c47-82ec3f79bf3a: start RPC server
2021-10-14 19:42:01,246 [EndpointStateMachine task thread for /0.0.0.0:45495 - 0 ] INFO  server.GrpcService (GrpcService.java:startImpl(253)) - 587c4370-f397-42e1-8c47-82ec3f79bf3a: GrpcService started, listening on 42273
2021-10-14 19:42:01,252 [EndpointStateMachine task thread for /0.0.0.0:45495 - 0 ] INFO  ratis.XceiverServerRatis (XceiverServerRatis.java:getRealPort(505)) - XceiverServerRatis 587c4370-f397-42e1-8c47-82ec3f79bf3a is started using port 42273 for RATIS
2021-10-14 19:42:01,252 [EndpointStateMachine task thread for /0.0.0.0:45495 - 0 ] INFO  ratis.XceiverServerRatis (XceiverServerRatis.java:getRealPort(505)) - XceiverServerRatis 587c4370-f397-42e1-8c47-82ec3f79bf3a is started using port 42273 for RATIS_ADMIN
2021-10-14 19:42:01,252 [EndpointStateMachine task thread for /0.0.0.0:45495 - 0 ] INFO  ratis.XceiverServerRatis (XceiverServerRatis.java:getRealPort(505)) - XceiverServerRatis 587c4370-f397-42e1-8c47-82ec3f79bf3a is started using port 42273 for RATIS_SERVER
2021-10-14 19:42:01,260 [org.apache.ratis.util.JvmPauseMonitor$$Lambda$531/694926949@3cb22769] INFO  util.JvmPauseMonitor (JvmPauseMonitor.java:run(103)) - JvmPauseMonitor-587c4370-f397-42e1-8c47-82ec3f79bf3a: Started
2021-10-14 19:42:01,261 [EndpointStateMachine task thread for /0.0.0.0:45495 - 0 ] INFO  server.XceiverServerGrpc (XceiverServerGrpc.java:start(135)) - XceiverServerGrpc 587c4370-f397-42e1-8c47-82ec3f79bf3a is started using port 40413
2021-10-14 19:42:01,486 [EndpointStateMachine task thread for /0.0.0.0:45495 - 0 ] INFO  ozoneimpl.OzoneContainer (OzoneContainer.java:start(304)) - Attempting to start container services.
2021-10-14 19:42:01,486 [EndpointStateMachine task thread for /0.0.0.0:45495 - 0 ] INFO  ozoneimpl.OzoneContainer (OzoneContainer.java:startContainerScrub(249)) - Background container scanner has been disabled.
2021-10-14 19:42:01,487 [EndpointStateMachine task thread for /0.0.0.0:45495 - 0 ] INFO  replication.ReplicationServer (ReplicationServer.java:start(107)) - ReplicationServer is started using port 37377
2021-10-14 19:42:01,488 [EndpointStateMachine task thread for /0.0.0.0:45495 - 0 ] INFO  ratis.XceiverServerRatis (XceiverServerRatis.java:start(484)) - Starting XceiverServerRatis 33764f87-9c6a-47d4-8cea-d0f1d2ec7fe6
2021-10-14 19:42:01,489 [EndpointStateMachine task thread for /0.0.0.0:45495 - 0 ] INFO  server.RaftServer (RaftServerProxy.java:lambda$start$5(374)) - 33764f87-9c6a-47d4-8cea-d0f1d2ec7fe6: start RPC server
2021-10-14 19:42:01,490 [EndpointStateMachine task thread for /0.0.0.0:45495 - 0 ] INFO  server.GrpcService (GrpcService.java:startImpl(253)) - 33764f87-9c6a-47d4-8cea-d0f1d2ec7fe6: GrpcService started, listening on 34363
2021-10-14 19:42:01,491 [EndpointStateMachine task thread for /0.0.0.0:45495 - 0 ] INFO  ratis.XceiverServerRatis (XceiverServerRatis.java:getRealPort(505)) - XceiverServerRatis 33764f87-9c6a-47d4-8cea-d0f1d2ec7fe6 is started using port 34363 for RATIS
2021-10-14 19:42:01,491 [EndpointStateMachine task thread for /0.0.0.0:45495 - 0 ] INFO  ratis.XceiverServerRatis (XceiverServerRatis.java:getRealPort(505)) - XceiverServerRatis 33764f87-9c6a-47d4-8cea-d0f1d2ec7fe6 is started using port 34363 for RATIS_ADMIN
2021-10-14 19:42:01,491 [EndpointStateMachine task thread for /0.0.0.0:45495 - 0 ] INFO  ratis.XceiverServerRatis (XceiverServerRatis.java:getRealPort(505)) - XceiverServerRatis 33764f87-9c6a-47d4-8cea-d0f1d2ec7fe6 is started using port 34363 for RATIS_SERVER
2021-10-14 19:42:01,492 [org.apache.ratis.util.JvmPauseMonitor$$Lambda$531/694926949@301b6c5] INFO  util.JvmPauseMonitor (JvmPauseMonitor.java:run(103)) - JvmPauseMonitor-33764f87-9c6a-47d4-8cea-d0f1d2ec7fe6: Started
2021-10-14 19:42:01,492 [EndpointStateMachine task thread for /0.0.0.0:45495 - 0 ] INFO  server.XceiverServerGrpc (XceiverServerGrpc.java:start(135)) - XceiverServerGrpc 33764f87-9c6a-47d4-8cea-d0f1d2ec7fe6 is started using port 33131
2021-10-14 19:42:01,793 [Listener at 127.0.0.1/44077] INFO  ozone.MiniOzoneClusterImpl (MiniOzoneClusterImpl.java:lambda$waitForClusterToBeReady$0(235)) - Waiting for nodes to be ready. Got 0 of 7 DN Heartbeats.
2021-10-14 19:42:01,793 [Listener at 127.0.0.1/44077] INFO  ozone.MiniOzoneClusterImpl (MiniOzoneClusterImpl.java:lambda$waitForClusterToBeReady$0(238)) - Waiting for cluster to exit safe mode
2021-10-14 19:42:01,793 [Listener at 127.0.0.1/44077] INFO  ozone.MiniOzoneClusterImpl (MiniOzoneClusterImpl.java:lambda$waitForClusterToBeReady$0(240)) - SCM became leader
2021-10-14 19:42:01,986 [EndpointStateMachine task thread for /0.0.0.0:45495 - 0 ] INFO  ozoneimpl.OzoneContainer (OzoneContainer.java:start(304)) - Attempting to start container services.
2021-10-14 19:42:01,986 [EndpointStateMachine task thread for /0.0.0.0:45495 - 0 ] INFO  ozoneimpl.OzoneContainer (OzoneContainer.java:startContainerScrub(249)) - Background container scanner has been disabled.
2021-10-14 19:42:01,989 [EndpointStateMachine task thread for /0.0.0.0:45495 - 0 ] INFO  replication.ReplicationServer (ReplicationServer.java:start(107)) - ReplicationServer is started using port 44643
2021-10-14 19:42:01,990 [EndpointStateMachine task thread for /0.0.0.0:45495 - 0 ] INFO  ratis.XceiverServerRatis (XceiverServerRatis.java:start(484)) - Starting XceiverServerRatis 0b6bda71-48c1-453f-8afc-63104cab6d5d
2021-10-14 19:42:01,991 [EndpointStateMachine task thread for /0.0.0.0:45495 - 0 ] INFO  server.RaftServer (RaftServerProxy.java:lambda$start$5(374)) - 0b6bda71-48c1-453f-8afc-63104cab6d5d: start RPC server
2021-10-14 19:42:01,994 [EndpointStateMachine task thread for /0.0.0.0:45495 - 0 ] INFO  server.GrpcService (GrpcService.java:startImpl(253)) - 0b6bda71-48c1-453f-8afc-63104cab6d5d: GrpcService started, listening on 42925
2021-10-14 19:42:01,994 [EndpointStateMachine task thread for /0.0.0.0:45495 - 0 ] INFO  ratis.XceiverServerRatis (XceiverServerRatis.java:getRealPort(505)) - XceiverServerRatis 0b6bda71-48c1-453f-8afc-63104cab6d5d is started using port 42925 for RATIS
2021-10-14 19:42:01,994 [org.apache.ratis.util.JvmPauseMonitor$$Lambda$531/694926949@3afa1201] INFO  util.JvmPauseMonitor (JvmPauseMonitor.java:run(103)) - JvmPauseMonitor-0b6bda71-48c1-453f-8afc-63104cab6d5d: Started
2021-10-14 19:42:01,995 [EndpointStateMachine task thread for /0.0.0.0:45495 - 0 ] INFO  ratis.XceiverServerRatis (XceiverServerRatis.java:getRealPort(505)) - XceiverServerRatis 0b6bda71-48c1-453f-8afc-63104cab6d5d is started using port 42925 for RATIS_ADMIN
2021-10-14 19:42:01,995 [EndpointStateMachine task thread for /0.0.0.0:45495 - 0 ] INFO  ratis.XceiverServerRatis (XceiverServerRatis.java:getRealPort(505)) - XceiverServerRatis 0b6bda71-48c1-453f-8afc-63104cab6d5d is started using port 42925 for RATIS_SERVER
2021-10-14 19:42:01,997 [EndpointStateMachine task thread for /0.0.0.0:45495 - 0 ] INFO  server.XceiverServerGrpc (XceiverServerGrpc.java:start(135)) - XceiverServerGrpc 0b6bda71-48c1-453f-8afc-63104cab6d5d is started using port 36863
2021-10-14 19:42:02,207 [EndpointStateMachine task thread for /0.0.0.0:45495 - 0 ] INFO  ozoneimpl.OzoneContainer (OzoneContainer.java:start(304)) - Attempting to start container services.
2021-10-14 19:42:02,207 [EndpointStateMachine task thread for /0.0.0.0:45495 - 0 ] INFO  ozoneimpl.OzoneContainer (OzoneContainer.java:startContainerScrub(249)) - Background container scanner has been disabled.
2021-10-14 19:42:02,208 [EndpointStateMachine task thread for /0.0.0.0:45495 - 0 ] INFO  replication.ReplicationServer (ReplicationServer.java:start(107)) - ReplicationServer is started using port 38149
2021-10-14 19:42:02,209 [EndpointStateMachine task thread for /0.0.0.0:45495 - 0 ] INFO  ratis.XceiverServerRatis (XceiverServerRatis.java:start(484)) - Starting XceiverServerRatis 84cf0c76-78e0-494d-aa1f-4383c35cad34
2021-10-14 19:42:02,210 [EndpointStateMachine task thread for /0.0.0.0:45495 - 0 ] INFO  server.RaftServer (RaftServerProxy.java:lambda$start$5(374)) - 84cf0c76-78e0-494d-aa1f-4383c35cad34: start RPC server
2021-10-14 19:42:02,211 [EndpointStateMachine task thread for /0.0.0.0:45495 - 0 ] INFO  server.GrpcService (GrpcService.java:startImpl(253)) - 84cf0c76-78e0-494d-aa1f-4383c35cad34: GrpcService started, listening on 32881
2021-10-14 19:42:02,211 [EndpointStateMachine task thread for /0.0.0.0:45495 - 0 ] INFO  ratis.XceiverServerRatis (XceiverServerRatis.java:getRealPort(505)) - XceiverServerRatis 84cf0c76-78e0-494d-aa1f-4383c35cad34 is started using port 32881 for RATIS
2021-10-14 19:42:02,211 [EndpointStateMachine task thread for /0.0.0.0:45495 - 0 ] INFO  ratis.XceiverServerRatis (XceiverServerRatis.java:getRealPort(505)) - XceiverServerRatis 84cf0c76-78e0-494d-aa1f-4383c35cad34 is started using port 32881 for RATIS_ADMIN
2021-10-14 19:42:02,211 [EndpointStateMachine task thread for /0.0.0.0:45495 - 0 ] INFO  ratis.XceiverServerRatis (XceiverServerRatis.java:getRealPort(505)) - XceiverServerRatis 84cf0c76-78e0-494d-aa1f-4383c35cad34 is started using port 32881 for RATIS_SERVER
2021-10-14 19:42:02,212 [org.apache.ratis.util.JvmPauseMonitor$$Lambda$531/694926949@22aa4ad] INFO  util.JvmPauseMonitor (JvmPauseMonitor.java:run(103)) - JvmPauseMonitor-84cf0c76-78e0-494d-aa1f-4383c35cad34: Started
2021-10-14 19:42:02,213 [EndpointStateMachine task thread for /0.0.0.0:45495 - 0 ] INFO  server.XceiverServerGrpc (XceiverServerGrpc.java:start(135)) - XceiverServerGrpc 84cf0c76-78e0-494d-aa1f-4383c35cad34 is started using port 45499
2021-10-14 19:42:02,390 [EndpointStateMachine task thread for /0.0.0.0:45495 - 0 ] INFO  ozoneimpl.OzoneContainer (OzoneContainer.java:start(304)) - Attempting to start container services.
2021-10-14 19:42:02,390 [EndpointStateMachine task thread for /0.0.0.0:45495 - 0 ] INFO  ozoneimpl.OzoneContainer (OzoneContainer.java:startContainerScrub(249)) - Background container scanner has been disabled.
2021-10-14 19:42:02,391 [EndpointStateMachine task thread for /0.0.0.0:45495 - 0 ] INFO  replication.ReplicationServer (ReplicationServer.java:start(107)) - ReplicationServer is started using port 39973
2021-10-14 19:42:02,393 [EndpointStateMachine task thread for /0.0.0.0:45495 - 0 ] INFO  ratis.XceiverServerRatis (XceiverServerRatis.java:start(484)) - Starting XceiverServerRatis f5ce720c-5ead-4d76-b65c-e0941e033263
2021-10-14 19:42:02,394 [EndpointStateMachine task thread for /0.0.0.0:45495 - 0 ] INFO  server.RaftServer (RaftServerProxy.java:lambda$start$5(374)) - f5ce720c-5ead-4d76-b65c-e0941e033263: start RPC server
2021-10-14 19:42:02,396 [EndpointStateMachine task thread for /0.0.0.0:45495 - 0 ] INFO  server.GrpcService (GrpcService.java:startImpl(253)) - f5ce720c-5ead-4d76-b65c-e0941e033263: GrpcService started, listening on 35407
2021-10-14 19:42:02,396 [EndpointStateMachine task thread for /0.0.0.0:45495 - 0 ] INFO  ratis.XceiverServerRatis (XceiverServerRatis.java:getRealPort(505)) - XceiverServerRatis f5ce720c-5ead-4d76-b65c-e0941e033263 is started using port 35407 for RATIS
2021-10-14 19:42:02,396 [org.apache.ratis.util.JvmPauseMonitor$$Lambda$531/694926949@4dd0a8b6] INFO  util.JvmPauseMonitor (JvmPauseMonitor.java:run(103)) - JvmPauseMonitor-f5ce720c-5ead-4d76-b65c-e0941e033263: Started
2021-10-14 19:42:02,396 [EndpointStateMachine task thread for /0.0.0.0:45495 - 0 ] INFO  ratis.XceiverServerRatis (XceiverServerRatis.java:getRealPort(505)) - XceiverServerRatis f5ce720c-5ead-4d76-b65c-e0941e033263 is started using port 35407 for RATIS_ADMIN
2021-10-14 19:42:02,400 [EndpointStateMachine task thread for /0.0.0.0:45495 - 0 ] INFO  ratis.XceiverServerRatis (XceiverServerRatis.java:getRealPort(505)) - XceiverServerRatis f5ce720c-5ead-4d76-b65c-e0941e033263 is started using port 35407 for RATIS_SERVER
2021-10-14 19:42:02,402 [EndpointStateMachine task thread for /0.0.0.0:45495 - 0 ] INFO  server.XceiverServerGrpc (XceiverServerGrpc.java:start(135)) - XceiverServerGrpc f5ce720c-5ead-4d76-b65c-e0941e033263 is started using port 38067
2021-10-14 19:42:02,598 [EndpointStateMachine task thread for /0.0.0.0:45495 - 0 ] INFO  ozoneimpl.OzoneContainer (OzoneContainer.java:start(304)) - Attempting to start container services.
2021-10-14 19:42:02,599 [EndpointStateMachine task thread for /0.0.0.0:45495 - 0 ] INFO  ozoneimpl.OzoneContainer (OzoneContainer.java:startContainerScrub(249)) - Background container scanner has been disabled.
2021-10-14 19:42:02,600 [EndpointStateMachine task thread for /0.0.0.0:45495 - 0 ] INFO  replication.ReplicationServer (ReplicationServer.java:start(107)) - ReplicationServer is started using port 33651
2021-10-14 19:42:02,601 [EndpointStateMachine task thread for /0.0.0.0:45495 - 0 ] INFO  ratis.XceiverServerRatis (XceiverServerRatis.java:start(484)) - Starting XceiverServerRatis 5cef7d35-5853-4402-b8fc-0c0efab03ad9
2021-10-14 19:42:02,604 [EndpointStateMachine task thread for /0.0.0.0:45495 - 0 ] INFO  server.RaftServer (RaftServerProxy.java:lambda$start$5(374)) - 5cef7d35-5853-4402-b8fc-0c0efab03ad9: start RPC server
2021-10-14 19:42:02,605 [EndpointStateMachine task thread for /0.0.0.0:45495 - 0 ] INFO  server.GrpcService (GrpcService.java:startImpl(253)) - 5cef7d35-5853-4402-b8fc-0c0efab03ad9: GrpcService started, listening on 45557
2021-10-14 19:42:02,605 [EndpointStateMachine task thread for /0.0.0.0:45495 - 0 ] INFO  ratis.XceiverServerRatis (XceiverServerRatis.java:getRealPort(505)) - XceiverServerRatis 5cef7d35-5853-4402-b8fc-0c0efab03ad9 is started using port 45557 for RATIS
2021-10-14 19:42:02,605 [EndpointStateMachine task thread for /0.0.0.0:45495 - 0 ] INFO  ratis.XceiverServerRatis (XceiverServerRatis.java:getRealPort(505)) - XceiverServerRatis 5cef7d35-5853-4402-b8fc-0c0efab03ad9 is started using port 45557 for RATIS_ADMIN
2021-10-14 19:42:02,605 [EndpointStateMachine task thread for /0.0.0.0:45495 - 0 ] INFO  ratis.XceiverServerRatis (XceiverServerRatis.java:getRealPort(505)) - XceiverServerRatis 5cef7d35-5853-4402-b8fc-0c0efab03ad9 is started using port 45557 for RATIS_SERVER
2021-10-14 19:42:02,606 [org.apache.ratis.util.JvmPauseMonitor$$Lambda$531/694926949@6c6bdd6f] INFO  util.JvmPauseMonitor (JvmPauseMonitor.java:run(103)) - JvmPauseMonitor-5cef7d35-5853-4402-b8fc-0c0efab03ad9: Started
2021-10-14 19:42:02,607 [EndpointStateMachine task thread for /0.0.0.0:45495 - 0 ] INFO  server.XceiverServerGrpc (XceiverServerGrpc.java:start(135)) - XceiverServerGrpc 5cef7d35-5853-4402-b8fc-0c0efab03ad9 is started using port 44405
2021-10-14 19:42:02,793 [Listener at 127.0.0.1/44077] INFO  ozone.MiniOzoneClusterImpl (MiniOzoneClusterImpl.java:lambda$waitForClusterToBeReady$0(235)) - Waiting for nodes to be ready. Got 0 of 7 DN Heartbeats.
2021-10-14 19:42:02,793 [Listener at 127.0.0.1/44077] INFO  ozone.MiniOzoneClusterImpl (MiniOzoneClusterImpl.java:lambda$waitForClusterToBeReady$0(238)) - Waiting for cluster to exit safe mode
2021-10-14 19:42:02,793 [Listener at 127.0.0.1/44077] INFO  ozone.MiniOzoneClusterImpl (MiniOzoneClusterImpl.java:lambda$waitForClusterToBeReady$0(240)) - SCM became leader
2021-10-14 19:42:02,811 [EndpointStateMachine task thread for /0.0.0.0:45495 - 0 ] INFO  ozoneimpl.OzoneContainer (OzoneContainer.java:start(304)) - Attempting to start container services.
2021-10-14 19:42:02,811 [EndpointStateMachine task thread for /0.0.0.0:45495 - 0 ] INFO  ozoneimpl.OzoneContainer (OzoneContainer.java:startContainerScrub(249)) - Background container scanner has been disabled.
2021-10-14 19:42:02,814 [EndpointStateMachine task thread for /0.0.0.0:45495 - 0 ] INFO  replication.ReplicationServer (ReplicationServer.java:start(107)) - ReplicationServer is started using port 45851
2021-10-14 19:42:02,814 [EndpointStateMachine task thread for /0.0.0.0:45495 - 0 ] INFO  ratis.XceiverServerRatis (XceiverServerRatis.java:start(484)) - Starting XceiverServerRatis deff586f-8846-4a53-afbe-85ab1adc4d70
2021-10-14 19:42:02,815 [EndpointStateMachine task thread for /0.0.0.0:45495 - 0 ] INFO  server.RaftServer (RaftServerProxy.java:lambda$start$5(374)) - deff586f-8846-4a53-afbe-85ab1adc4d70: start RPC server
2021-10-14 19:42:02,819 [EndpointStateMachine task thread for /0.0.0.0:45495 - 0 ] INFO  server.GrpcService (GrpcService.java:startImpl(253)) - deff586f-8846-4a53-afbe-85ab1adc4d70: GrpcService started, listening on 38033
2021-10-14 19:42:02,819 [EndpointStateMachine task thread for /0.0.0.0:45495 - 0 ] INFO  ratis.XceiverServerRatis (XceiverServerRatis.java:getRealPort(505)) - XceiverServerRatis deff586f-8846-4a53-afbe-85ab1adc4d70 is started using port 38033 for RATIS
2021-10-14 19:42:02,819 [org.apache.ratis.util.JvmPauseMonitor$$Lambda$531/694926949@6b1b4de3] INFO  util.JvmPauseMonitor (JvmPauseMonitor.java:run(103)) - JvmPauseMonitor-deff586f-8846-4a53-afbe-85ab1adc4d70: Started
2021-10-14 19:42:02,819 [EndpointStateMachine task thread for /0.0.0.0:45495 - 0 ] INFO  ratis.XceiverServerRatis (XceiverServerRatis.java:getRealPort(505)) - XceiverServerRatis deff586f-8846-4a53-afbe-85ab1adc4d70 is started using port 38033 for RATIS_ADMIN
2021-10-14 19:42:02,819 [EndpointStateMachine task thread for /0.0.0.0:45495 - 0 ] INFO  ratis.XceiverServerRatis (XceiverServerRatis.java:getRealPort(505)) - XceiverServerRatis deff586f-8846-4a53-afbe-85ab1adc4d70 is started using port 38033 for RATIS_SERVER
2021-10-14 19:42:02,822 [EndpointStateMachine task thread for /0.0.0.0:45495 - 0 ] INFO  server.XceiverServerGrpc (XceiverServerGrpc.java:start(135)) - XceiverServerGrpc deff586f-8846-4a53-afbe-85ab1adc4d70 is started using port 40233
2021-10-14 19:42:03,202 [IPC Server handler 10 on default port 45495] INFO  net.NetworkTopologyImpl (NetworkTopologyImpl.java:add(112)) - Added a new node: /default-rack/587c4370-f397-42e1-8c47-82ec3f79bf3a
2021-10-14 19:42:03,204 [IPC Server handler 10 on default port 45495] INFO  node.SCMNodeManager (SCMNodeManager.java:register(389)) - Registered Data node : 587c4370-f397-42e1-8c47-82ec3f79bf3a{ip: 10.1.0.23, host: fv-az184-831.3ow45vhwbzuu5incsxmygykede.cx.internal.cloudapp.net, ports: [REPLICATION=37675, RATIS=42273, RATIS_ADMIN=42273, RATIS_SERVER=42273, STANDALONE=40413], networkLocation: /default-rack, certSerialId: null, persistedOpState: null, persistedOpStateExpiryEpochSec: 0}
2021-10-14 19:42:03,208 [EventQueue-NewNodeForNewNodeHandler] INFO  pipeline.BackgroundPipelineCreator (BackgroundPipelineCreator.java:notifyEventTriggered(285)) - trigger a one-shot run on RatisPipelineUtilsThread.
2021-10-14 19:42:03,215 [EventQueue-NodeRegistrationContainerReportForDataNodeSafeModeRule] INFO  safemode.SCMSafeModeManager (DataNodeSafeModeRule.java:process(71)) - SCM in safe mode. 1 DataNodes registered, 3 required.
2021-10-14 19:42:03,215 [EventQueue-NodeRegistrationContainerReportForContainerSafeModeRule] INFO  safemode.SCMSafeModeManager (SCMSafeModeManager.java:validateSafeModeExitRules(204)) - ContainerSafeModeRule rule is successfully validated
2021-10-14 19:42:03,219 [RatisPipelineUtilsThread - 0] INFO  pipeline.RatisPipelineProvider (RatisPipelineProvider.java:lambda$create$0(183)) - Sending CreatePipelineCommand for pipeline:PipelineID=109068e8-4c17-4125-b5e6-e63d5485d9e1 to datanode:587c4370-f397-42e1-8c47-82ec3f79bf3a
2021-10-14 19:42:03,244 [EventQueue-PipelineReportForOneReplicaPipelineSafeModeRule] INFO  safemode.SCMSafeModeManager (SCMSafeModeManager.java:validateSafeModeExitRules(204)) - AtleastOneDatanodeReportedRule rule is successfully validated
2021-10-14 19:42:03,258 [RatisPipelineUtilsThread - 0] INFO  pipeline.PipelineStateManagerImpl (PipelineStateManagerImpl.java:addPipeline(101)) - Created pipeline Pipeline[ Id: 109068e8-4c17-4125-b5e6-e63d5485d9e1, Nodes: 587c4370-f397-42e1-8c47-82ec3f79bf3a{ip: 10.1.0.23, host: fv-az184-831.3ow45vhwbzuu5incsxmygykede.cx.internal.cloudapp.net, ports: [REPLICATION=37675, RATIS=42273, RATIS_ADMIN=42273, RATIS_SERVER=42273, STANDALONE=40413], networkLocation: /default-rack, certSerialId: null, persistedOpState: IN_SERVICE, persistedOpStateExpiryEpochSec: 0}, ReplicationConfig: RATIS/ONE, State:ALLOCATED, leaderId:, CreationTimestamp2021-10-14T19:42:03.216Z[Etc/UTC]].
2021-10-14 19:42:03,483 [IPC Server handler 18 on default port 45495] INFO  net.NetworkTopologyImpl (NetworkTopologyImpl.java:add(112)) - Added a new node: /default-rack/33764f87-9c6a-47d4-8cea-d0f1d2ec7fe6
2021-10-14 19:42:03,483 [IPC Server handler 18 on default port 45495] INFO  node.SCMNodeManager (SCMNodeManager.java:register(389)) - Registered Data node : 33764f87-9c6a-47d4-8cea-d0f1d2ec7fe6{ip: 10.1.0.23, host: fv-az184-831.3ow45vhwbzuu5incsxmygykede.cx.internal.cloudapp.net, ports: [REPLICATION=37377, RATIS=34363, RATIS_ADMIN=34363, RATIS_SERVER=34363, STANDALONE=33131], networkLocation: /default-rack, certSerialId: null, persistedOpState: null, persistedOpStateExpiryEpochSec: 0}
2021-10-14 19:42:03,483 [EventQueue-NewNodeForNewNodeHandler] INFO  pipeline.BackgroundPipelineCreator (BackgroundPipelineCreator.java:notifyEventTriggered(285)) - trigger a one-shot run on RatisPipelineUtilsThread.
2021-10-14 19:42:03,484 [EventQueue-NodeRegistrationContainerReportForDataNodeSafeModeRule] INFO  safemode.SCMSafeModeManager (DataNodeSafeModeRule.java:process(71)) - SCM in safe mode. 2 DataNodes registered, 3 required.
2021-10-14 19:42:03,486 [RatisPipelineUtilsThread - 0] INFO  pipeline.RatisPipelineProvider (RatisPipelineProvider.java:lambda$create$0(183)) - Sending CreatePipelineCommand for pipeline:PipelineID=d7aed16f-6405-4bd7-8b7b-2af33cbcc870 to datanode:33764f87-9c6a-47d4-8cea-d0f1d2ec7fe6
2021-10-14 19:42:03,486 [RatisPipelineUtilsThread - 0] INFO  pipeline.PipelineStateManagerImpl (PipelineStateManagerImpl.java:addPipeline(101)) - Created pipeline Pipeline[ Id: d7aed16f-6405-4bd7-8b7b-2af33cbcc870, Nodes: 33764f87-9c6a-47d4-8cea-d0f1d2ec7fe6{ip: 10.1.0.23, host: fv-az184-831.3ow45vhwbzuu5incsxmygykede.cx.internal.cloudapp.net, ports: [REPLICATION=37377, RATIS=34363, RATIS_ADMIN=34363, RATIS_SERVER=34363, STANDALONE=33131], networkLocation: /default-rack, certSerialId: null, persistedOpState: IN_SERVICE, persistedOpStateExpiryEpochSec: 0}, ReplicationConfig: RATIS/ONE, State:ALLOCATED, leaderId:, CreationTimestamp2021-10-14T19:42:03.486Z[Etc/UTC]].
2021-10-14 19:42:03,794 [Listener at 127.0.0.1/44077] INFO  ozone.MiniOzoneClusterImpl (MiniOzoneClusterImpl.java:lambda$waitForClusterToBeReady$0(235)) - Waiting for nodes to be ready. Got 2 of 7 DN Heartbeats.
2021-10-14 19:42:03,794 [Listener at 127.0.0.1/44077] INFO  ozone.MiniOzoneClusterImpl (MiniOzoneClusterImpl.java:lambda$waitForClusterToBeReady$0(238)) - Waiting for cluster to exit safe mode
2021-10-14 19:42:03,794 [Listener at 127.0.0.1/44077] INFO  ozone.MiniOzoneClusterImpl (MiniOzoneClusterImpl.java:lambda$waitForClusterToBeReady$0(240)) - SCM became leader
2021-10-14 19:42:03,985 [IPC Server handler 10 on default port 45495] INFO  net.NetworkTopologyImpl (NetworkTopologyImpl.java:add(112)) - Added a new node: /default-rack/0b6bda71-48c1-453f-8afc-63104cab6d5d
2021-10-14 19:42:03,985 [IPC Server handler 10 on default port 45495] INFO  node.SCMNodeManager (SCMNodeManager.java:register(389)) - Registered Data node : 0b6bda71-48c1-453f-8afc-63104cab6d5d{ip: 10.1.0.23, host: fv-az184-831.3ow45vhwbzuu5incsxmygykede.cx.internal.cloudapp.net, ports: [REPLICATION=44643, RATIS=42925, RATIS_ADMIN=42925, RATIS_SERVER=42925, STANDALONE=36863], networkLocation: /default-rack, certSerialId: null, persistedOpState: null, persistedOpStateExpiryEpochSec: 0}
2021-10-14 19:42:03,986 [EventQueue-NewNodeForNewNodeHandler] INFO  pipeline.BackgroundPipelineCreator (BackgroundPipelineCreator.java:notifyEventTriggered(285)) - trigger a one-shot run on RatisPipelineUtilsThread.
2021-10-14 19:42:03,986 [RatisPipelineUtilsThread - 0] INFO  pipeline.RatisPipelineProvider (RatisPipelineProvider.java:lambda$create$0(183)) - Sending CreatePipelineCommand for pipeline:PipelineID=d287db88-6e56-4fa8-aed6-22cb598797f9 to datanode:0b6bda71-48c1-453f-8afc-63104cab6d5d
2021-10-14 19:42:03,987 [RatisPipelineUtilsThread - 0] INFO  pipeline.PipelineStateManagerImpl (PipelineStateManagerImpl.java:addPipeline(101)) - Created pipeline Pipeline[ Id: d287db88-6e56-4fa8-aed6-22cb598797f9, Nodes: 0b6bda71-48c1-453f-8afc-63104cab6d5d{ip: 10.1.0.23, host: fv-az184-831.3ow45vhwbzuu5incsxmygykede.cx.internal.cloudapp.net, ports: [REPLICATION=44643, RATIS=42925, RATIS_ADMIN=42925, RATIS_SERVER=42925, STANDALONE=36863], networkLocation: /default-rack, certSerialId: null, persistedOpState: IN_SERVICE, persistedOpStateExpiryEpochSec: 0}, ReplicationConfig: RATIS/ONE, State:ALLOCATED, leaderId:, CreationTimestamp2021-10-14T19:42:03.986Z[Etc/UTC]].
2021-10-14 19:42:03,987 [EventQueue-NodeRegistrationContainerReportForDataNodeSafeModeRule] INFO  safemode.SCMSafeModeManager (DataNodeSafeModeRule.java:process(71)) - SCM in safe mode. 3 DataNodes registered, 3 required.
2021-10-14 19:42:03,988 [EventQueue-NodeRegistrationContainerReportForDataNodeSafeModeRule] INFO  safemode.SCMSafeModeManager (SCMSafeModeManager.java:validateSafeModeExitRules(204)) - DataNodeSafeModeRule rule is successfully validated
2021-10-14 19:42:03,988 [EventQueue-NodeRegistrationContainerReportForDataNodeSafeModeRule] INFO  safemode.SCMSafeModeManager (SCMSafeModeManager.java:completePreCheck(233)) - All SCM safe mode pre check rules have passed
2021-10-14 19:42:03,988 [EventQueue-NodeRegistrationContainerReportForDataNodeSafeModeRule] WARN  events.EventQueue (EventQueue.java:fireEvent(194)) - No event handler registered for event TypedEvent{payloadType=SafeModeStatus, name='Safe mode status'}
2021-10-14 19:42:03,988 [EventQueue-NodeRegistrationContainerReportForDataNodeSafeModeRule] INFO  ha.SCMContext (SCMContext.java:updateSafeModeStatus(205)) - Update SafeModeStatus from SafeModeStatus{safeModeStatus=true, preCheckPassed=false} to SafeModeStatus{safeModeStatus=true, preCheckPassed=true}.
2021-10-14 19:42:03,988 [EventQueue-NodeRegistrationContainerReportForDataNodeSafeModeRule] INFO  pipeline.BackgroundPipelineCreator (BackgroundPipelineCreator.java:notifyEventTriggered(285)) - trigger a one-shot run on RatisPipelineUtilsThread.
2021-10-14 19:42:03,991 [RatisPipelineUtilsThread - 0] INFO  pipeline.RatisPipelineProvider (RatisPipelineProvider.java:lambda$create$0(183)) - Sending CreatePipelineCommand for pipeline:PipelineID=61889154-9774-4b7a-8632-e6a68dce718d to datanode:587c4370-f397-42e1-8c47-82ec3f79bf3a
2021-10-14 19:42:03,992 [RatisPipelineUtilsThread - 0] INFO  pipeline.RatisPipelineProvider (RatisPipelineProvider.java:lambda$create$0(183)) - Sending CreatePipelineCommand for pipeline:PipelineID=61889154-9774-4b7a-8632-e6a68dce718d to datanode:0b6bda71-48c1-453f-8afc-63104cab6d5d
2021-10-14 19:42:03,992 [RatisPipelineUtilsThread - 0] INFO  pipeline.RatisPipelineProvider (RatisPipelineProvider.java:lambda$create$0(183)) - Sending CreatePipelineCommand for pipeline:PipelineID=61889154-9774-4b7a-8632-e6a68dce718d to datanode:33764f87-9c6a-47d4-8cea-d0f1d2ec7fe6
2021-10-14 19:42:03,993 [RatisPipelineUtilsThread - 0] INFO  pipeline.PipelineStateManagerImpl (PipelineStateManagerImpl.java:addPipeline(101)) - Created pipeline Pipeline[ Id: 61889154-9774-4b7a-8632-e6a68dce718d, Nodes: 587c4370-f397-42e1-8c47-82ec3f79bf3a{ip: 10.1.0.23, host: fv-az184-831.3ow45vhwbzuu5incsxmygykede.cx.internal.cloudapp.net, ports: [REPLICATION=37675, RATIS=42273, RATIS_ADMIN=42273, RATIS_SERVER=42273, STANDALONE=40413], networkLocation: /default-rack, certSerialId: null, persistedOpState: IN_SERVICE, persistedOpStateExpiryEpochSec: 0}0b6bda71-48c1-453f-8afc-63104cab6d5d{ip: 10.1.0.23, host: fv-az184-831.3ow45vhwbzuu5incsxmygykede.cx.internal.cloudapp.net, ports: [REPLICATION=44643, RATIS=42925, RATIS_ADMIN=42925, RATIS_SERVER=42925, STANDALONE=36863], networkLocation: /default-rack, certSerialId: null, persistedOpState: IN_SERVICE, persistedOpStateExpiryEpochSec: 0}33764f87-9c6a-47d4-8cea-d0f1d2ec7fe6{ip: 10.1.0.23, host: fv-az184-831.3ow45vhwbzuu5incsxmygykede.cx.internal.cloudapp.net, ports: [REPLICATION=37377, RATIS=34363, RATIS_ADMIN=34363, RATIS_SERVER=34363, STANDALONE=33131], networkLocation: /default-rack, certSerialId: null, persistedOpState: IN_SERVICE, persistedOpStateExpiryEpochSec: 0}, ReplicationConfig: RATIS/THREE, State:ALLOCATED, leaderId:, CreationTimestamp2021-10-14T19:42:03.991Z[Etc/UTC]].
2021-10-14 19:42:03,994 [RatisPipelineUtilsThread - 0] INFO  pipeline.RatisPipelineProvider (RatisPipelineProvider.java:lambda$create$0(183)) - Sending CreatePipelineCommand for pipeline:PipelineID=9d216525-7da3-4ddd-a19b-6fe54c72dde9 to datanode:33764f87-9c6a-47d4-8cea-d0f1d2ec7fe6
2021-10-14 19:42:03,994 [RatisPipelineUtilsThread - 0] INFO  pipeline.RatisPipelineProvider (RatisPipelineProvider.java:lambda$create$0(183)) - Sending CreatePipelineCommand for pipeline:PipelineID=9d216525-7da3-4ddd-a19b-6fe54c72dde9 to datanode:0b6bda71-48c1-453f-8afc-63104cab6d5d
2021-10-14 19:42:03,994 [RatisPipelineUtilsThread - 0] INFO  pipeline.RatisPipelineProvider (RatisPipelineProvider.java:lambda$create$0(183)) - Sending CreatePipelineCommand for pipeline:PipelineID=9d216525-7da3-4ddd-a19b-6fe54c72dde9 to datanode:587c4370-f397-42e1-8c47-82ec3f79bf3a
2021-10-14 19:42:03,995 [RatisPipelineUtilsThread - 0] INFO  pipeline.PipelineStateManagerImpl (PipelineStateManagerImpl.java:addPipeline(101)) - Created pipeline Pipeline[ Id: 9d216525-7da3-4ddd-a19b-6fe54c72dde9, Nodes: 33764f87-9c6a-47d4-8cea-d0f1d2ec7fe6{ip: 10.1.0.23, host: fv-az184-831.3ow45vhwbzuu5incsxmygykede.cx.internal.cloudapp.net, ports: [REPLICATION=37377, RATIS=34363, RATIS_ADMIN=34363, RATIS_SERVER=34363, STANDALONE=33131], networkLocation: /default-rack, certSerialId: null, persistedOpState: IN_SERVICE, persistedOpStateExpiryEpochSec: 0}0b6bda71-48c1-453f-8afc-63104cab6d5d{ip: 10.1.0.23, host: fv-az184-831.3ow45vhwbzuu5incsxmygykede.cx.internal.cloudapp.net, ports: [REPLICATION=44643, RATIS=42925, RATIS_ADMIN=42925, RATIS_SERVER=42925, STANDALONE=36863], networkLocation: /default-rack, certSerialId: null, persistedOpState: IN_SERVICE, persistedOpStateExpiryEpochSec: 0}587c4370-f397-42e1-8c47-82ec3f79bf3a{ip: 10.1.0.23, host: fv-az184-831.3ow45vhwbzuu5incsxmygykede.cx.internal.cloudapp.net, ports: [REPLICATION=37675, RATIS=42273, RATIS_ADMIN=42273, RATIS_SERVER=42273, STANDALONE=40413], networkLocation: /default-rack, certSerialId: null, persistedOpState: IN_SERVICE, persistedOpStateExpiryEpochSec: 0}, ReplicationConfig: RATIS/THREE, State:ALLOCATED, leaderId:, CreationTimestamp2021-10-14T19:42:03.994Z[Etc/UTC]].
2021-10-14 19:42:03,995 [RatisPipelineUtilsThread - 0] INFO  pipeline.PipelineManagerImpl (PipelineManagerImpl.java:recordMetricsForPipeline(613)) - Pipeline: PipelineID=9d216525-7da3-4ddd-a19b-6fe54c72dde9 contains same datanodes as previous pipelines: PipelineID=61889154-9774-4b7a-8632-e6a68dce718d nodeIds: 33764f87-9c6a-47d4-8cea-d0f1d2ec7fe6, 0b6bda71-48c1-453f-8afc-63104cab6d5d, 587c4370-f397-42e1-8c47-82ec3f79bf3a
2021-10-14 19:42:04,206 [IPC Server handler 16 on default port 45495] INFO  net.NetworkTopologyImpl (NetworkTopologyImpl.java:add(112)) - Added a new node: /default-rack/84cf0c76-78e0-494d-aa1f-4383c35cad34
2021-10-14 19:42:04,207 [IPC Server handler 16 on default port 45495] INFO  node.SCMNodeManager (SCMNodeManager.java:register(389)) - Registered Data node : 84cf0c76-78e0-494d-aa1f-4383c35cad34{ip: 10.1.0.23, host: fv-az184-831.3ow45vhwbzuu5incsxmygykede.cx.internal.cloudapp.net, ports: [REPLICATION=38149, RATIS=32881, RATIS_ADMIN=32881, RATIS_SERVER=32881, STANDALONE=45499], networkLocation: /default-rack, certSerialId: null, persistedOpState: null, persistedOpStateExpiryEpochSec: 0}
2021-10-14 19:42:04,208 [EventQueue-NewNodeForNewNodeHandler] INFO  pipeline.BackgroundPipelineCreator (BackgroundPipelineCreator.java:notifyEventTriggered(285)) - trigger a one-shot run on RatisPipelineUtilsThread.
2021-10-14 19:42:04,210 [RatisPipelineUtilsThread - 0] INFO  pipeline.RatisPipelineProvider (RatisPipelineProvider.java:lambda$create$0(183)) - Sending CreatePipelineCommand for pipeline:PipelineID=c475e37c-a3a4-4c95-b0a6-c6ac7ce8e3a4 to datanode:84cf0c76-78e0-494d-aa1f-4383c35cad34
2021-10-14 19:42:04,211 [RatisPipelineUtilsThread - 0] INFO  pipeline.PipelineStateManagerImpl (PipelineStateManagerImpl.java:addPipeline(101)) - Created pipeline Pipeline[ Id: c475e37c-a3a4-4c95-b0a6-c6ac7ce8e3a4, Nodes: 84cf0c76-78e0-494d-aa1f-4383c35cad34{ip: 10.1.0.23, host: fv-az184-831.3ow45vhwbzuu5incsxmygykede.cx.internal.cloudapp.net, ports: [REPLICATION=38149, RATIS=32881, RATIS_ADMIN=32881, RATIS_SERVER=32881, STANDALONE=45499], networkLocation: /default-rack, certSerialId: null, persistedOpState: IN_SERVICE, persistedOpStateExpiryEpochSec: 0}, ReplicationConfig: RATIS/ONE, State:ALLOCATED, leaderId:, CreationTimestamp2021-10-14T19:42:04.210Z[Etc/UTC]].
2021-10-14 19:42:04,388 [IPC Server handler 19 on default port 45495] INFO  net.NetworkTopologyImpl (NetworkTopologyImpl.java:add(112)) - Added a new node: /default-rack/f5ce720c-5ead-4d76-b65c-e0941e033263
2021-10-14 19:42:04,388 [IPC Server handler 19 on default port 45495] INFO  node.SCMNodeManager (SCMNodeManager.java:register(389)) - Registered Data node : f5ce720c-5ead-4d76-b65c-e0941e033263{ip: 10.1.0.23, host: fv-az184-831.3ow45vhwbzuu5incsxmygykede.cx.internal.cloudapp.net, ports: [REPLICATION=39973, RATIS=35407, RATIS_ADMIN=35407, RATIS_SERVER=35407, STANDALONE=38067], networkLocation: /default-rack, certSerialId: null, persistedOpState: null, persistedOpStateExpiryEpochSec: 0}
2021-10-14 19:42:04,388 [EventQueue-NewNodeForNewNodeHandler] INFO  pipeline.BackgroundPipelineCreator (BackgroundPipelineCreator.java:notifyEventTriggered(285)) - trigger a one-shot run on RatisPipelineUtilsThread.
2021-10-14 19:42:04,391 [RatisPipelineUtilsThread - 0] INFO  pipeline.RatisPipelineProvider (RatisPipelineProvider.java:lambda$create$0(183)) - Sending CreatePipelineCommand for pipeline:PipelineID=1de137e8-05ba-442f-8eff-e2775835631e to datanode:f5ce720c-5ead-4d76-b65c-e0941e033263
2021-10-14 19:42:04,391 [RatisPipelineUtilsThread - 0] INFO  pipeline.PipelineStateManagerImpl (PipelineStateManagerImpl.java:addPipeline(101)) - Created pipeline Pipeline[ Id: 1de137e8-05ba-442f-8eff-e2775835631e, Nodes: f5ce720c-5ead-4d76-b65c-e0941e033263{ip: 10.1.0.23, host: fv-az184-831.3ow45vhwbzuu5incsxmygykede.cx.internal.cloudapp.net, ports: [REPLICATION=39973, RATIS=35407, RATIS_ADMIN=35407, RATIS_SERVER=35407, STANDALONE=38067], networkLocation: /default-rack, certSerialId: null, persistedOpState: IN_SERVICE, persistedOpStateExpiryEpochSec: 0}, ReplicationConfig: RATIS/ONE, State:ALLOCATED, leaderId:, CreationTimestamp2021-10-14T19:42:04.391Z[Etc/UTC]].
2021-10-14 19:42:04,595 [IPC Server handler 17 on default port 45495] INFO  net.NetworkTopologyImpl (NetworkTopologyImpl.java:add(112)) - Added a new node: /default-rack/5cef7d35-5853-4402-b8fc-0c0efab03ad9
2021-10-14 19:42:04,595 [IPC Server handler 17 on default port 45495] INFO  node.SCMNodeManager (SCMNodeManager.java:register(389)) - Registered Data node : 5cef7d35-5853-4402-b8fc-0c0efab03ad9{ip: 10.1.0.23, host: fv-az184-831.3ow45vhwbzuu5incsxmygykede.cx.internal.cloudapp.net, ports: [REPLICATION=33651, RATIS=45557, RATIS_ADMIN=45557, RATIS_SERVER=45557, STANDALONE=44405], networkLocation: /default-rack, certSerialId: null, persistedOpState: null, persistedOpStateExpiryEpochSec: 0}
2021-10-14 19:42:04,595 [EventQueue-NewNodeForNewNodeHandler] INFO  pipeline.BackgroundPipelineCreator (BackgroundPipelineCreator.java:notifyEventTriggered(285)) - trigger a one-shot run on RatisPipelineUtilsThread.
2021-10-14 19:42:04,597 [RatisPipelineUtilsThread - 0] INFO  pipeline.RatisPipelineProvider (RatisPipelineProvider.java:lambda$create$0(183)) - Sending CreatePipelineCommand for pipeline:PipelineID=93c1cc2a-593b-443d-b916-b3a9c12bdf90 to datanode:5cef7d35-5853-4402-b8fc-0c0efab03ad9
2021-10-14 19:42:04,598 [RatisPipelineUtilsThread - 0] INFO  pipeline.PipelineStateManagerImpl (PipelineStateManagerImpl.java:addPipeline(101)) - Created pipeline Pipeline[ Id: 93c1cc2a-593b-443d-b916-b3a9c12bdf90, Nodes: 5cef7d35-5853-4402-b8fc-0c0efab03ad9{ip: 10.1.0.23, host: fv-az184-831.3ow45vhwbzuu5incsxmygykede.cx.internal.cloudapp.net, ports: [REPLICATION=33651, RATIS=45557, RATIS_ADMIN=45557, RATIS_SERVER=45557, STANDALONE=44405], networkLocation: /default-rack, certSerialId: null, persistedOpState: IN_SERVICE, persistedOpStateExpiryEpochSec: 0}, ReplicationConfig: RATIS/ONE, State:ALLOCATED, leaderId:, CreationTimestamp2021-10-14T19:42:04.597Z[Etc/UTC]].
2021-10-14 19:42:04,599 [RatisPipelineUtilsThread - 0] INFO  pipeline.RatisPipelineProvider (RatisPipelineProvider.java:lambda$create$0(183)) - Sending CreatePipelineCommand for pipeline:PipelineID=262400e7-26fc-467b-ad1e-5a12c23a624b to datanode:5cef7d35-5853-4402-b8fc-0c0efab03ad9
2021-10-14 19:42:04,599 [RatisPipelineUtilsThread - 0] INFO  pipeline.RatisPipelineProvider (RatisPipelineProvider.java:lambda$create$0(183)) - Sending CreatePipelineCommand for pipeline:PipelineID=262400e7-26fc-467b-ad1e-5a12c23a624b to datanode:f5ce720c-5ead-4d76-b65c-e0941e033263
2021-10-14 19:42:04,599 [RatisPipelineUtilsThread - 0] INFO  pipeline.RatisPipelineProvider (RatisPipelineProvider.java:lambda$create$0(183)) - Sending CreatePipelineCommand for pipeline:PipelineID=262400e7-26fc-467b-ad1e-5a12c23a624b to datanode:84cf0c76-78e0-494d-aa1f-4383c35cad34
2021-10-14 19:42:04,601 [RatisPipelineUtilsThread - 0] INFO  pipeline.PipelineStateManagerImpl (PipelineStateManagerImpl.java:addPipeline(101)) - Created pipeline Pipeline[ Id: 262400e7-26fc-467b-ad1e-5a12c23a624b, Nodes: 5cef7d35-5853-4402-b8fc-0c0efab03ad9{ip: 10.1.0.23, host: fv-az184-831.3ow45vhwbzuu5incsxmygykede.cx.internal.cloudapp.net, ports: [REPLICATION=33651, RATIS=45557, RATIS_ADMIN=45557, RATIS_SERVER=45557, STANDALONE=44405], networkLocation: /default-rack, certSerialId: null, persistedOpState: IN_SERVICE, persistedOpStateExpiryEpochSec: 0}f5ce720c-5ead-4d76-b65c-e0941e033263{ip: 10.1.0.23, host: fv-az184-831.3ow45vhwbzuu5incsxmygykede.cx.internal.cloudapp.net, ports: [REPLICATION=39973, RATIS=35407, RATIS_ADMIN=35407, RATIS_SERVER=35407, STANDALONE=38067], networkLocation: /default-rack, certSerialId: null, persistedOpState: IN_SERVICE, persistedOpStateExpiryEpochSec: 0}84cf0c76-78e0-494d-aa1f-4383c35cad34{ip: 10.1.0.23, host: fv-az184-831.3ow45vhwbzuu5incsxmygykede.cx.internal.cloudapp.net, ports: [REPLICATION=38149, RATIS=32881, RATIS_ADMIN=32881, RATIS_SERVER=32881, STANDALONE=45499], networkLocation: /default-rack, certSerialId: null, persistedOpState: IN_SERVICE, persistedOpStateExpiryEpochSec: 0}, ReplicationConfig: RATIS/THREE, State:ALLOCATED, leaderId:, CreationTimestamp2021-10-14T19:42:04.599Z[Etc/UTC]].
2021-10-14 19:42:04,602 [RatisPipelineUtilsThread - 0] INFO  pipeline.RatisPipelineProvider (RatisPipelineProvider.java:lambda$create$0(183)) - Sending CreatePipelineCommand for pipeline:PipelineID=ccb6fc38-415a-48b8-b2fb-d1adc348c817 to datanode:5cef7d35-5853-4402-b8fc-0c0efab03ad9
2021-10-14 19:42:04,602 [RatisPipelineUtilsThread - 0] INFO  pipeline.RatisPipelineProvider (RatisPipelineProvider.java:lambda$create$0(183)) - Sending CreatePipelineCommand for pipeline:PipelineID=ccb6fc38-415a-48b8-b2fb-d1adc348c817 to datanode:f5ce720c-5ead-4d76-b65c-e0941e033263
2021-10-14 19:42:04,603 [RatisPipelineUtilsThread - 0] INFO  pipeline.RatisPipelineProvider (RatisPipelineProvider.java:lambda$create$0(183)) - Sending CreatePipelineCommand for pipeline:PipelineID=ccb6fc38-415a-48b8-b2fb-d1adc348c817 to datanode:84cf0c76-78e0-494d-aa1f-4383c35cad34
2021-10-14 19:42:04,604 [RatisPipelineUtilsThread - 0] INFO  pipeline.PipelineStateManagerImpl (PipelineStateManagerImpl.java:addPipeline(101)) - Created pipeline Pipeline[ Id: ccb6fc38-415a-48b8-b2fb-d1adc348c817, Nodes: 5cef7d35-5853-4402-b8fc-0c0efab03ad9{ip: 10.1.0.23, host: fv-az184-831.3ow45vhwbzuu5incsxmygykede.cx.internal.cloudapp.net, ports: [REPLICATION=33651, RATIS=45557, RATIS_ADMIN=45557, RATIS_SERVER=45557, STANDALONE=44405], networkLocation: /default-rack, certSerialId: null, persistedOpState: IN_SERVICE, persistedOpStateExpiryEpochSec: 0}f5ce720c-5ead-4d76-b65c-e0941e033263{ip: 10.1.0.23, host: fv-az184-831.3ow45vhwbzuu5incsxmygykede.cx.internal.cloudapp.net, ports: [REPLICATION=39973, RATIS=35407, RATIS_ADMIN=35407, RATIS_SERVER=35407, STANDALONE=38067], networkLocation: /default-rack, certSerialId: null, persistedOpState: IN_SERVICE, persistedOpStateExpiryEpochSec: 0}84cf0c76-78e0-494d-aa1f-4383c35cad34{ip: 10.1.0.23, host: fv-az184-831.3ow45vhwbzuu5incsxmygykede.cx.internal.cloudapp.net, ports: [REPLICATION=38149, RATIS=32881, RATIS_ADMIN=32881, RATIS_SERVER=32881, STANDALONE=45499], networkLocation: /default-rack, certSerialId: null, persistedOpState: IN_SERVICE, persistedOpStateExpiryEpochSec: 0}, ReplicationConfig: RATIS/THREE, State:ALLOCATED, leaderId:, CreationTimestamp2021-10-14T19:42:04.602Z[Etc/UTC]].
2021-10-14 19:42:04,604 [RatisPipelineUtilsThread - 0] INFO  pipeline.PipelineManagerImpl (PipelineManagerImpl.java:recordMetricsForPipeline(613)) - Pipeline: PipelineID=ccb6fc38-415a-48b8-b2fb-d1adc348c817 contains same datanodes as previous pipelines: PipelineID=262400e7-26fc-467b-ad1e-5a12c23a624b nodeIds: 5cef7d35-5853-4402-b8fc-0c0efab03ad9, f5ce720c-5ead-4d76-b65c-e0941e033263, 84cf0c76-78e0-494d-aa1f-4383c35cad34
2021-10-14 19:42:04,794 [Listener at 127.0.0.1/44077] INFO  ozone.MiniOzoneClusterImpl (MiniOzoneClusterImpl.java:lambda$waitForClusterToBeReady$0(235)) - Waiting for nodes to be ready. Got 6 of 7 DN Heartbeats.
2021-10-14 19:42:04,795 [Listener at 127.0.0.1/44077] INFO  ozone.MiniOzoneClusterImpl (MiniOzoneClusterImpl.java:lambda$waitForClusterToBeReady$0(238)) - Waiting for cluster to exit safe mode
2021-10-14 19:42:04,795 [Listener at 127.0.0.1/44077] INFO  ozone.MiniOzoneClusterImpl (MiniOzoneClusterImpl.java:lambda$waitForClusterToBeReady$0(240)) - SCM became leader
2021-10-14 19:42:04,808 [IPC Server handler 10 on default port 45495] INFO  net.NetworkTopologyImpl (NetworkTopologyImpl.java:add(112)) - Added a new node: /default-rack/deff586f-8846-4a53-afbe-85ab1adc4d70
2021-10-14 19:42:04,808 [IPC Server handler 10 on default port 45495] INFO  node.SCMNodeManager (SCMNodeManager.java:register(389)) - Registered Data node : deff586f-8846-4a53-afbe-85ab1adc4d70{ip: 10.1.0.23, host: fv-az184-831.3ow45vhwbzuu5incsxmygykede.cx.internal.cloudapp.net, ports: [REPLICATION=45851, RATIS=38033, RATIS_ADMIN=38033, RATIS_SERVER=38033, STANDALONE=40233], networkLocation: /default-rack, certSerialId: null, persistedOpState: null, persistedOpStateExpiryEpochSec: 0}
2021-10-14 19:42:04,809 [EventQueue-NewNodeForNewNodeHandler] INFO  pipeline.BackgroundPipelineCreator (BackgroundPipelineCreator.java:notifyEventTriggered(285)) - trigger a one-shot run on RatisPipelineUtilsThread.
2021-10-14 19:42:04,810 [RatisPipelineUtilsThread - 0] INFO  pipeline.RatisPipelineProvider (RatisPipelineProvider.java:lambda$create$0(183)) - Sending CreatePipelineCommand for pipeline:PipelineID=0248f5bb-8e6b-43ae-8d2f-45942cb47baf to datanode:deff586f-8846-4a53-afbe-85ab1adc4d70
2021-10-14 19:42:04,811 [RatisPipelineUtilsThread - 0] INFO  pipeline.PipelineStateManagerImpl (PipelineStateManagerImpl.java:addPipeline(101)) - Created pipeline Pipeline[ Id: 0248f5bb-8e6b-43ae-8d2f-45942cb47baf, Nodes: deff586f-8846-4a53-afbe-85ab1adc4d70{ip: 10.1.0.23, host: fv-az184-831.3ow45vhwbzuu5incsxmygykede.cx.internal.cloudapp.net, ports: [REPLICATION=45851, RATIS=38033, RATIS_ADMIN=38033, RATIS_SERVER=38033, STANDALONE=40233], networkLocation: /default-rack, certSerialId: null, persistedOpState: IN_SERVICE, persistedOpStateExpiryEpochSec: 0}, ReplicationConfig: RATIS/ONE, State:ALLOCATED, leaderId:, CreationTimestamp2021-10-14T19:42:04.810Z[Etc/UTC]].
2021-10-14 19:42:05,796 [Listener at 127.0.0.1/44077] INFO  ozone.MiniOzoneClusterImpl (MiniOzoneClusterImpl.java:lambda$waitForClusterToBeReady$0(235)) - Nodes are ready. Got 7 of 7 DN Heartbeats.
2021-10-14 19:42:05,796 [Listener at 127.0.0.1/44077] INFO  ozone.MiniOzoneClusterImpl (MiniOzoneClusterImpl.java:lambda$waitForClusterToBeReady$0(238)) - Waiting for cluster to exit safe mode
2021-10-14 19:42:05,796 [Listener at 127.0.0.1/44077] INFO  ozone.MiniOzoneClusterImpl (MiniOzoneClusterImpl.java:lambda$waitForClusterToBeReady$0(240)) - SCM became leader
2021-10-14 19:42:06,185 [Command processor thread] INFO  server.RaftServer (RaftServerProxy.java:addNew(95)) - 587c4370-f397-42e1-8c47-82ec3f79bf3a: addNew group-E63D5485D9E1:[587c4370-f397-42e1-8c47-82ec3f79bf3a|rpc:10.1.0.23:42273|priority:1] returns group-E63D5485D9E1:java.util.concurrent.CompletableFuture@4c504614[Not completed]
2021-10-14 19:42:06,195 [pool-55-thread-1] INFO  server.RaftServer$Division (RaftServerImpl.java:<init>(181)) - 587c4370-f397-42e1-8c47-82ec3f79bf3a: new RaftServerImpl for group-E63D5485D9E1:[587c4370-f397-42e1-8c47-82ec3f79bf3a|rpc:10.1.0.23:42273|priority:1] with ContainerStateMachine:uninitialized
2021-10-14 19:42:06,195 [pool-55-thread-1] INFO  server.RaftServerConfigKeys (ConfUtils.java:logGet(44)) - raft.server.rpc.timeout.min = 5s (custom)
2021-10-14 19:42:06,196 [pool-55-thread-1] INFO  server.RaftServerConfigKeys (ConfUtils.java:logGet(44)) - raft.server.rpc.timeout.max = 5200ms (custom)
2021-10-14 19:42:06,196 [pool-55-thread-1] INFO  server.RaftServerConfigKeys (ConfUtils.java:logGet(44)) - raft.server.rpc.sleep.time = 25ms (default)
2021-10-14 19:42:06,196 [pool-55-thread-1] INFO  server.RaftServerConfigKeys (ConfUtils.java:logGet(44)) - raft.server.rpc.slowness.timeout = 300000ms (custom)
2021-10-14 19:42:06,196 [pool-55-thread-1] INFO  server.RaftServerConfigKeys (ConfUtils.java:logGet(44)) - raft.server.leaderelection.leader.step-down.wait-time = 10s (default)
2021-10-14 19:42:06,196 [pool-55-thread-1] INFO  server.RaftServerConfigKeys (ConfUtils.java:logGet(44)) - raft.server.sleep.deviation.threshold = 300ms (default)
2021-10-14 19:42:06,196 [pool-55-thread-1] INFO  server.RaftServerConfigKeys (ConfUtils.java:logGet(44)) - raft.server.log.appender.install.snapshot.enabled = false (custom)
2021-10-14 19:42:06,196 [pool-55-thread-1] INFO  server.RaftServer$Division (ServerState.java:<init>(105)) - 587c4370-f397-42e1-8c47-82ec3f79bf3a@group-E63D5485D9E1: ConfigurationManager, init=-1: [587c4370-f397-42e1-8c47-82ec3f79bf3a|rpc:10.1.0.23:42273|priority:1], old=null, confs=<EMPTY_MAP>
2021-10-14 19:42:06,196 [pool-55-thread-1] INFO  server.RaftServerConfigKeys (ConfUtils.java:logGet(44)) - raft.server.storage.dir = [/home/runner/work/ozone/ozone/hadoop-ozone/integration-test/target/test-dir/MiniOzoneClusterImpl-0ea35d3c-98b9-4918-895e-fcd9be0efca6/datanode-0/data/ratis] (custom)
2021-10-14 19:42:06,197 [pool-55-thread-1] INFO  server.RaftServerConfigKeys (ConfUtils.java:logGet(44)) - raft.server.log.corruption.policy = EXCEPTION (default)
2021-10-14 19:42:06,197 [pool-55-thread-1] INFO  server.RaftServerConfigKeys (ConfUtils.java:logGet(44)) - raft.server.storage.free-space.min = 0MB (=0) (default)
2021-10-14 19:42:06,197 [pool-55-thread-1] INFO  storage.RaftStorageDirectory (RaftStorageDirectoryImpl.java:analyzeStorage(135)) - The storage directory /home/runner/work/ozone/ozone/hadoop-ozone/integration-test/target/test-dir/MiniOzoneClusterImpl-0ea35d3c-98b9-4918-895e-fcd9be0efca6/datanode-0/data/ratis/109068e8-4c17-4125-b5e6-e63d5485d9e1 does not exist. Creating ...
2021-10-14 19:42:06,199 [pool-55-thread-1] INFO  storage.RaftStorageDirectory (RaftStorageDirectoryImpl.java:tryLock(230)) - Lock on /home/runner/work/ozone/ozone/hadoop-ozone/integration-test/target/test-dir/MiniOzoneClusterImpl-0ea35d3c-98b9-4918-895e-fcd9be0efca6/datanode-0/data/ratis/109068e8-4c17-4125-b5e6-e63d5485d9e1/in_use.lock acquired by nodename 16848@fv-az184-831
2021-10-14 19:42:06,200 [pool-55-thread-1] INFO  storage.RaftStorage (RaftStorageImpl.java:format(89)) - Storage directory /home/runner/work/ozone/ozone/hadoop-ozone/integration-test/target/test-dir/MiniOzoneClusterImpl-0ea35d3c-98b9-4918-895e-fcd9be0efca6/datanode-0/data/ratis/109068e8-4c17-4125-b5e6-e63d5485d9e1 has been successfully formatted.
2021-10-14 19:42:06,217 [pool-55-thread-1] INFO  ratis.ContainerStateMachine (ContainerStateMachine.java:loadSnapshot(224)) - group-E63D5485D9E1: The snapshot info is null. Setting the last applied indexto:(t:0, i:~)
2021-10-14 19:42:06,218 [pool-55-thread-1] INFO  server.RaftServerConfigKeys (ConfUtils.java:logGet(44)) - raft.server.notification.no-leader.timeout = 300000ms (custom)
2021-10-14 19:42:06,218 [pool-55-thread-1] INFO  server.RaftServerConfigKeys (ConfUtils.java:logGet(44)) - raft.server.log.use.memory = false (default)
2021-10-14 19:42:06,218 [pool-55-thread-1] INFO  server.RaftServerConfigKeys (ConfUtils.java:logGet(44)) - raft.server.log.purge.gap = 1000000 (custom)
2021-10-14 19:42:06,218 [pool-55-thread-1] INFO  server.RaftServerConfigKeys (ConfUtils.java:logGet(44)) - raft.server.log.appender.buffer.byte-limit = 33554432 (custom)
2021-10-14 19:42:06,218 [pool-55-thread-1] INFO  server.RaftServerConfigKeys (ConfUtils.java:logGet(44)) - raft.server.log.segment.size.max = 1048576 (custom)
2021-10-14 19:42:06,227 [pool-55-thread-1] INFO  server.RaftServerConfigKeys (ConfUtils.java:logGet(44)) - raft.server.log.segment.cache.num.max = 2 (custom)
2021-10-14 19:42:06,227 [pool-55-thread-1] INFO  server.RaftServerConfigKeys (ConfUtils.java:logGet(44)) - raft.server.log.segment.cache.size.max = 200MB (=209715200) (default)
2021-10-14 19:42:06,227 [pool-55-thread-1] INFO  segmented.SegmentedRaftLogWorker (SegmentedRaftLogWorker.java:<init>(182)) - new 587c4370-f397-42e1-8c47-82ec3f79bf3a@group-E63D5485D9E1-SegmentedRaftLogWorker for RaftStorageImpl:Storage Directory /home/runner/work/ozone/ozone/hadoop-ozone/integration-test/target/test-dir/MiniOzoneClusterImpl-0ea35d3c-98b9-4918-895e-fcd9be0efca6/datanode-0/data/ratis/109068e8-4c17-4125-b5e6-e63d5485d9e1
2021-10-14 19:42:06,227 [pool-55-thread-1] INFO  server.RaftServerConfigKeys (ConfUtils.java:logGet(44)) - raft.server.log.queue.byte-limit = 2147483647 (custom)
2021-10-14 19:42:06,227 [pool-55-thread-1] INFO  server.RaftServerConfigKeys (ConfUtils.java:logGet(44)) - raft.server.log.queue.element-limit = 1024 (custom)
2021-10-14 19:42:06,227 [pool-55-thread-1] INFO  server.RaftServerConfigKeys (ConfUtils.java:logGet(44)) - raft.server.log.segment.size.max = 1048576 (custom)
2021-10-14 19:42:06,228 [pool-55-thread-1] INFO  server.RaftServerConfigKeys (ConfUtils.java:logGet(44)) - raft.server.log.preallocated.size = 16384 (custom)
2021-10-14 19:42:06,228 [pool-55-thread-1] INFO  server.RaftServerConfigKeys (ConfUtils.java:logGet(44)) - raft.server.log.force.sync.num = 128 (default)
2021-10-14 19:42:06,228 [pool-55-thread-1] INFO  server.RaftServerConfigKeys (ConfUtils.java:logGet(44)) - raft.server.log.statemachine.data.sync = true (default)
2021-10-14 19:42:06,228 [pool-55-thread-1] INFO  server.RaftServerConfigKeys (ConfUtils.java:logGet(44)) - raft.server.log.statemachine.data.sync.timeout = 10s (default)
2021-10-14 19:42:06,228 [pool-55-thread-1] INFO  server.RaftServerConfigKeys (ConfUtils.java:logGet(44)) - raft.server.log.statemachine.data.sync.timeout.retry = -1 (default)
2021-10-14 19:42:06,231 [pool-55-thread-1] INFO  server.RaftServerConfigKeys (ConfUtils.java:logGet(44)) - raft.server.log.write.buffer.size = 1048576 (custom)
2021-10-14 19:42:06,231 [pool-55-thread-1] INFO  server.RaftServerConfigKeys (ConfUtils.java:logGet(44)) - raft.server.log.statemachine.data.caching.enabled = true (custom)
2021-10-14 19:42:06,232 [pool-55-thread-1] INFO  segmented.SegmentedRaftLogWorker (SegmentedRaftLogWorker.java:lambda$new$0(133)) - 587c4370-f397-42e1-8c47-82ec3f79bf3a@group-E63D5485D9E1-SegmentedRaftLogWorker: flushIndex: setUnconditionally 0 -> -1
2021-10-14 19:42:06,232 [pool-55-thread-1] INFO  segmented.SegmentedRaftLogWorker (SegmentedRaftLogWorker.java:lambda$new$0(133)) - 587c4370-f397-42e1-8c47-82ec3f79bf3a@group-E63D5485D9E1-SegmentedRaftLogWorker: safeCacheEvictIndex: setUnconditionally 0 -> -1
2021-10-14 19:42:06,233 [pool-55-thread-1] INFO  server.RaftServerConfigKeys (ConfUtils.java:logGet(44)) - raft.server.snapshot.auto.trigger.enabled = true (custom)
2021-10-14 19:42:06,235 [pool-55-thread-1] INFO  server.RaftServerConfigKeys (ConfUtils.java:logGet(44)) - raft.server.snapshot.auto.trigger.threshold = 10000 (custom)
2021-10-14 19:42:06,236 [pool-55-thread-1] INFO  server.RaftServerConfigKeys (ConfUtils.java:logGet(44)) - raft.server.snapshot.retention.file.num = 5 (custom)
2021-10-14 19:42:06,236 [pool-55-thread-1] INFO  server.RaftServerConfigKeys (ConfUtils.java:logGet(44)) - raft.server.log.purge.upto.snapshot.index = false (default)
2021-10-14 19:42:06,236 [pool-55-thread-1] INFO  server.RaftServerConfigKeys (ConfUtils.java:logGet(44)) - raft.server.retrycache.expirytime = 600000ms (custom)
2021-10-14 19:42:06,236 [pool-55-thread-1] INFO  server.RaftServerConfigKeys (ConfUtils.java:logGet(44)) - raft.server.retrycache.statistics.expirytime = 100μs (default)
2021-10-14 19:42:06,241 [pool-55-thread-1] INFO  server.RaftServer$Division (RaftServerImpl.java:start(296)) - 587c4370-f397-42e1-8c47-82ec3f79bf3a@group-E63D5485D9E1: start as a follower, conf=-1: [587c4370-f397-42e1-8c47-82ec3f79bf3a|rpc:10.1.0.23:42273|priority:1], old=null
2021-10-14 19:42:06,242 [pool-55-thread-1] INFO  server.RaftServer$Division (RaftServerImpl.java:setRole(285)) - 587c4370-f397-42e1-8c47-82ec3f79bf3a@group-E63D5485D9E1: changes role from      null to FOLLOWER at term 0 for startAsFollower
2021-10-14 19:42:06,243 [pool-55-thread-1] INFO  impl.RoleInfo (RoleInfo.java:updateAndGet(130)) - 587c4370-f397-42e1-8c47-82ec3f79bf3a: start 587c4370-f397-42e1-8c47-82ec3f79bf3a@group-E63D5485D9E1-FollowerState
2021-10-14 19:42:06,242 [EventQueue-PipelineReportForPipelineReportHandler] INFO  pipeline.PipelineManagerImpl (PipelineManagerImpl.java:openPipeline(282)) - Pipeline Pipeline[ Id: 109068e8-4c17-4125-b5e6-e63d5485d9e1, Nodes: 587c4370-f397-42e1-8c47-82ec3f79bf3a{ip: 10.1.0.23, host: fv-az184-831.3ow45vhwbzuu5incsxmygykede.cx.internal.cloudapp.net, ports: [REPLICATION=37675, RATIS=42273, RATIS_ADMIN=42273, RATIS_SERVER=42273, STANDALONE=40413], networkLocation: /default-rack, certSerialId: null, persistedOpState: IN_SERVICE, persistedOpStateExpiryEpochSec: 0}, ReplicationConfig: RATIS/ONE, State:ALLOCATED, leaderId:587c4370-f397-42e1-8c47-82ec3f79bf3a, CreationTimestamp2021-10-14T19:42:03.216Z[Etc/UTC]] moved to OPEN state
2021-10-14 19:42:06,256 [EventQueue-OpenPipelineForHealthyPipelineSafeModeRule] INFO  safemode.SCMSafeModeManager (HealthyPipelineSafeModeRule.java:process(124)) - SCM in safe mode. Healthy pipelines reported count is 0, required healthy pipeline reported count is 1
2021-10-14 19:42:06,256 [pool-55-thread-1] INFO  util.JmxRegister (JmxRegister.java:tryRegister(44)) - Successfully registered JMX Bean with object name Ratis:service=RaftServer,group=group-E63D5485D9E1,id=587c4370-f397-42e1-8c47-82ec3f79bf3a
2021-10-14 19:42:06,274 [Command processor thread] INFO  ratis.XceiverServerRatis (XceiverServerRatis.java:addGroup(768)) - Created group PipelineID=109068e8-4c17-4125-b5e6-e63d5485d9e1
2021-10-14 19:42:06,274 [Command processor thread] INFO  commandhandler.CreatePipelineCommandHandler (CreatePipelineCommandHandler.java:handle(106)) - Created Pipeline RATIS ONE PipelineID=109068e8-4c17-4125-b5e6-e63d5485d9e1.
2021-10-14 19:42:06,275 [Command processor thread] INFO  server.RaftServer (RaftServerProxy.java:addNew(95)) - 587c4370-f397-42e1-8c47-82ec3f79bf3a: addNew group-E6A68DCE718D:[0b6bda71-48c1-453f-8afc-63104cab6d5d|rpc:10.1.0.23:42925|priority:0, 33764f87-9c6a-47d4-8cea-d0f1d2ec7fe6|rpc:10.1.0.23:34363|priority:0, 587c4370-f397-42e1-8c47-82ec3f79bf3a|rpc:10.1.0.23:42273|priority:1] returns group-E6A68DCE718D:java.util.concurrent.CompletableFuture@1530afbf[Not completed]
2021-10-14 19:42:06,276 [pool-55-thread-1] INFO  server.RaftServer$Division (RaftServerImpl.java:<init>(181)) - 587c4370-f397-42e1-8c47-82ec3f79bf3a: new RaftServerImpl for group-E6A68DCE718D:[0b6bda71-48c1-453f-8afc-63104cab6d5d|rpc:10.1.0.23:42925|priority:0, 33764f87-9c6a-47d4-8cea-d0f1d2ec7fe6|rpc:10.1.0.23:34363|priority:0, 587c4370-f397-42e1-8c47-82ec3f79bf3a|rpc:10.1.0.23:42273|priority:1] with ContainerStateMachine:uninitialized
2021-10-14 19:42:06,277 [pool-55-thread-1] INFO  server.RaftServerConfigKeys (ConfUtils.java:logGet(44)) - raft.server.rpc.timeout.min = 5s (custom)
2021-10-14 19:42:06,277 [pool-55-thread-1] INFO  server.RaftServerConfigKeys (ConfUtils.java:logGet(44)) - raft.server.rpc.timeout.max = 5200ms (custom)
2021-10-14 19:42:06,277 [pool-55-thread-1] INFO  server.RaftServerConfigKeys (ConfUtils.java:logGet(44)) - raft.server.rpc.sleep.time = 25ms (default)
2021-10-14 19:42:06,277 [pool-55-thread-1] INFO  server.RaftServerConfigKeys (ConfUtils.java:logGet(44)) - raft.server.rpc.slowness.timeout = 300000ms (custom)
2021-10-14 19:42:06,277 [pool-55-thread-1] INFO  server.RaftServerConfigKeys (ConfUtils.java:logGet(44)) - raft.server.leaderelection.leader.step-down.wait-time = 10s (default)
2021-10-14 19:42:06,277 [pool-55-thread-1] INFO  server.RaftServerConfigKeys (ConfUtils.java:logGet(44)) - raft.server.sleep.deviation.threshold = 300ms (default)
2021-10-14 19:42:06,277 [pool-55-thread-1] INFO  server.RaftServerConfigKeys (ConfUtils.java:logGet(44)) - raft.server.log.appender.install.snapshot.enabled = false (custom)
2021-10-14 19:42:06,277 [pool-55-thread-1] INFO  server.RaftServer$Division (ServerState.java:<init>(105)) - 587c4370-f397-42e1-8c47-82ec3f79bf3a@group-E6A68DCE718D: ConfigurationManager, init=-1: [0b6bda71-48c1-453f-8afc-63104cab6d5d|rpc:10.1.0.23:42925|priority:0, 33764f87-9c6a-47d4-8cea-d0f1d2ec7fe6|rpc:10.1.0.23:34363|priority:0, 587c4370-f397-42e1-8c47-82ec3f79bf3a|rpc:10.1.0.23:42273|priority:1], old=null, confs=<EMPTY_MAP>
2021-10-14 19:42:06,277 [pool-55-thread-1] INFO  server.RaftServerConfigKeys (ConfUtils.java:logGet(44)) - raft.server.storage.dir = [/home/runner/work/ozone/ozone/hadoop-ozone/integration-test/target/test-dir/MiniOzoneClusterImpl-0ea35d3c-98b9-4918-895e-fcd9be0efca6/datanode-0/data/ratis] (custom)
2021-10-14 19:42:06,278 [pool-55-thread-1] INFO  server.RaftServerConfigKeys (ConfUtils.java:logGet(44)) - raft.server.log.corruption.policy = EXCEPTION (default)
2021-10-14 19:42:06,278 [pool-55-thread-1] INFO  server.RaftServerConfigKeys (ConfUtils.java:logGet(44)) - raft.server.storage.free-space.min = 0MB (=0) (default)
2021-10-14 19:42:06,278 [pool-55-thread-1] INFO  storage.RaftStorageDirectory (RaftStorageDirectoryImpl.java:analyzeStorage(135)) - The storage directory /home/runner/work/ozone/ozone/hadoop-ozone/integration-test/target/test-dir/MiniOzoneClusterImpl-0ea35d3c-98b9-4918-895e-fcd9be0efca6/datanode-0/data/ratis/61889154-9774-4b7a-8632-e6a68dce718d does not exist. Creating ...
2021-10-14 19:42:06,280 [pool-55-thread-1] INFO  storage.RaftStorageDirectory (RaftStorageDirectoryImpl.java:tryLock(230)) - Lock on /home/runner/work/ozone/ozone/hadoop-ozone/integration-test/target/test-dir/MiniOzoneClusterImpl-0ea35d3c-98b9-4918-895e-fcd9be0efca6/datanode-0/data/ratis/61889154-9774-4b7a-8632-e6a68dce718d/in_use.lock acquired by nodename 16848@fv-az184-831
2021-10-14 19:42:06,281 [pool-55-thread-1] INFO  storage.RaftStorage (RaftStorageImpl.java:format(89)) - Storage directory /home/runner/work/ozone/ozone/hadoop-ozone/integration-test/target/test-dir/MiniOzoneClusterImpl-0ea35d3c-98b9-4918-895e-fcd9be0efca6/datanode-0/data/ratis/61889154-9774-4b7a-8632-e6a68dce718d has been successfully formatted.
2021-10-14 19:42:06,282 [pool-55-thread-1] INFO  ratis.ContainerStateMachine (ContainerStateMachine.java:loadSnapshot(224)) - group-E6A68DCE718D: The snapshot info is null. Setting the last applied indexto:(t:0, i:~)
2021-10-14 19:42:06,282 [pool-55-thread-1] INFO  server.RaftServerConfigKeys (ConfUtils.java:logGet(44)) - raft.server.notification.no-leader.timeout = 300000ms (custom)
2021-10-14 19:42:06,282 [pool-55-thread-1] INFO  server.RaftServerConfigKeys (ConfUtils.java:logGet(44)) - raft.server.log.use.memory = false (default)
2021-10-14 19:42:06,282 [pool-55-thread-1] INFO  server.RaftServerConfigKeys (ConfUtils.java:logGet(44)) - raft.server.log.purge.gap = 1000000 (custom)
2021-10-14 19:42:06,282 [pool-55-thread-1] INFO  server.RaftServerConfigKeys (ConfUtils.java:logGet(44)) - raft.server.log.appender.buffer.byte-limit = 33554432 (custom)
2021-10-14 19:42:06,289 [EventQueue-OpenPipelineForHealthyPipelineSafeModeRule] INFO  safemode.SCMSafeModeManager (HealthyPipelineSafeModeRule.java:process(124)) - SCM in safe mode. Healthy pipelines reported count is 0, required healthy pipeline reported count is 1
2021-10-14 19:42:06,292 [pool-55-thread-1] INFO  server.RaftServerConfigKeys (ConfUtils.java:logGet(44)) - raft.server.log.segment.size.max = 1048576 (custom)
2021-10-14 19:42:06,293 [pool-55-thread-1] INFO  server.RaftServerConfigKeys (ConfUtils.java:logGet(44)) - raft.server.log.segment.cache.num.max = 2 (custom)
2021-10-14 19:42:06,294 [pool-55-thread-1] INFO  server.RaftServerConfigKeys (ConfUtils.java:logGet(44)) - raft.server.log.segment.cache.size.max = 200MB (=209715200) (default)
2021-10-14 19:42:06,294 [pool-55-thread-1] INFO  segmented.SegmentedRaftLogWorker (SegmentedRaftLogWorker.java:<init>(182)) - new 587c4370-f397-42e1-8c47-82ec3f79bf3a@group-E6A68DCE718D-SegmentedRaftLogWorker for RaftStorageImpl:Storage Directory /home/runner/work/ozone/ozone/hadoop-ozone/integration-test/target/test-dir/MiniOzoneClusterImpl-0ea35d3c-98b9-4918-895e-fcd9be0efca6/datanode-0/data/ratis/61889154-9774-4b7a-8632-e6a68dce718d
2021-10-14 19:42:06,294 [pool-55-thread-1] INFO  server.RaftServerConfigKeys (ConfUtils.java:logGet(44)) - raft.server.log.queue.byte-limit = 2147483647 (custom)
2021-10-14 19:42:06,294 [pool-55-thread-1] INFO  server.RaftServerConfigKeys (ConfUtils.java:logGet(44)) - raft.server.log.queue.element-limit = 1024 (custom)
2021-10-14 19:42:06,294 [pool-55-thread-1] INFO  server.RaftServerConfigKeys (ConfUtils.java:logGet(44)) - raft.server.log.segment.size.max = 1048576 (custom)
2021-10-14 19:42:06,294 [pool-55-thread-1] INFO  server.RaftServerConfigKeys (ConfUtils.java:logGet(44)) - raft.server.log.preallocated.size = 16384 (custom)
2021-10-14 19:42:06,294 [pool-55-thread-1] INFO  server.RaftServerConfigKeys (ConfUtils.java:logGet(44)) - raft.server.log.force.sync.num = 128 (default)
2021-10-14 19:42:06,295 [pool-55-thread-1] INFO  server.RaftServerConfigKeys (ConfUtils.java:logGet(44)) - raft.server.log.statemachine.data.sync = true (default)
2021-10-14 19:42:06,295 [pool-55-thread-1] INFO  server.RaftServerConfigKeys (ConfUtils.java:logGet(44)) - raft.server.log.statemachine.data.sync.timeout = 10s (default)
2021-10-14 19:42:06,295 [pool-55-thread-1] INFO  server.RaftServerConfigKeys (ConfUtils.java:logGet(44)) - raft.server.log.statemachine.data.sync.timeout.retry = -1 (default)
2021-10-14 19:42:06,298 [pool-55-thread-1] INFO  server.RaftServerConfigKeys (ConfUtils.java:logGet(44)) - raft.server.log.write.buffer.size = 1048576 (custom)
2021-10-14 19:42:06,298 [pool-55-thread-1] INFO  server.RaftServerConfigKeys (ConfUtils.java:logGet(44)) - raft.server.log.statemachine.data.caching.enabled = true (custom)
2021-10-14 19:42:06,299 [pool-55-thread-1] INFO  segmented.SegmentedRaftLogWorker (SegmentedRaftLogWorker.java:lambda$new$0(133)) - 587c4370-f397-42e1-8c47-82ec3f79bf3a@group-E6A68DCE718D-SegmentedRaftLogWorker: flushIndex: setUnconditionally 0 -> -1
2021-10-14 19:42:06,299 [pool-55-thread-1] INFO  segmented.SegmentedRaftLogWorker (SegmentedRaftLogWorker.java:lambda$new$0(133)) - 587c4370-f397-42e1-8c47-82ec3f79bf3a@group-E6A68DCE718D-SegmentedRaftLogWorker: safeCacheEvictIndex: setUnconditionally 0 -> -1
2021-10-14 19:42:06,300 [pool-55-thread-1] INFO  server.RaftServerConfigKeys (ConfUtils.java:logGet(44)) - raft.server.snapshot.auto.trigger.enabled = true (custom)
2021-10-14 19:42:06,300 [pool-55-thread-1] INFO  server.RaftServerConfigKeys (ConfUtils.java:logGet(44)) - raft.server.snapshot.auto.trigger.threshold = 10000 (custom)
2021-10-14 19:42:06,300 [pool-55-thread-1] INFO  server.RaftServerConfigKeys (ConfUtils.java:logGet(44)) - raft.server.snapshot.retention.file.num = 5 (custom)
2021-10-14 19:42:06,300 [pool-55-thread-1] INFO  server.RaftServerConfigKeys (ConfUtils.java:logGet(44)) - raft.server.log.purge.upto.snapshot.index = false (default)
2021-10-14 19:42:06,301 [pool-55-thread-1] INFO  server.RaftServerConfigKeys (ConfUtils.java:logGet(44)) - raft.server.retrycache.expirytime = 600000ms (custom)
2021-10-14 19:42:06,301 [pool-55-thread-1] INFO  server.RaftServerConfigKeys (ConfUtils.java:logGet(44)) - raft.server.retrycache.statistics.expirytime = 100μs (default)
2021-10-14 19:42:06,304 [pool-55-thread-1] INFO  server.RaftServer$Division (RaftServerImpl.java:start(296)) - 587c4370-f397-42e1-8c47-82ec3f79bf3a@group-E6A68DCE718D: start as a follower, conf=-1: [0b6bda71-48c1-453f-8afc-63104cab6d5d|rpc:10.1.0.23:42925|priority:0, 33764f87-9c6a-47d4-8cea-d0f1d2ec7fe6|rpc:10.1.0.23:34363|priority:0, 587c4370-f397-42e1-8c47-82ec3f79bf3a|rpc:10.1.0.23:42273|priority:1], old=null
2021-10-14 19:42:06,304 [pool-55-thread-1] INFO  server.RaftServer$Division (RaftServerImpl.java:setRole(285)) - 587c4370-f397-42e1-8c47-82ec3f79bf3a@group-E6A68DCE718D: changes role from      null to FOLLOWER at term 0 for startAsFollower
2021-10-14 19:42:06,304 [pool-55-thread-1] INFO  impl.RoleInfo (RoleInfo.java:updateAndGet(130)) - 587c4370-f397-42e1-8c47-82ec3f79bf3a: start 587c4370-f397-42e1-8c47-82ec3f79bf3a@group-E6A68DCE718D-FollowerState
2021-10-14 19:42:06,307 [pool-55-thread-1] INFO  util.JmxRegister (JmxRegister.java:tryRegister(44)) - Successfully registered JMX Bean with object name Ratis:service=RaftServer,group=group-E6A68DCE718D,id=587c4370-f397-42e1-8c47-82ec3f79bf3a
2021-10-14 19:42:06,308 [Command processor thread] INFO  ratis.XceiverServerRatis (XceiverServerRatis.java:addGroup(768)) - Created group PipelineID=61889154-9774-4b7a-8632-e6a68dce718d
2021-10-14 19:42:06,485 [Command processor thread] INFO  server.RaftServer (RaftServerProxy.java:addNew(95)) - 33764f87-9c6a-47d4-8cea-d0f1d2ec7fe6: addNew group-2AF33CBCC870:[33764f87-9c6a-47d4-8cea-d0f1d2ec7fe6|rpc:10.1.0.23:34363|priority:1] returns group-2AF33CBCC870:java.util.concurrent.CompletableFuture@c651eab[Not completed]
2021-10-14 19:42:06,494 [pool-74-thread-1] INFO  server.RaftServer$Division (RaftServerImpl.java:<init>(181)) - 33764f87-9c6a-47d4-8cea-d0f1d2ec7fe6: new RaftServerImpl for group-2AF33CBCC870:[33764f87-9c6a-47d4-8cea-d0f1d2ec7fe6|rpc:10.1.0.23:34363|priority:1] with ContainerStateMachine:uninitialized
2021-10-14 19:42:06,499 [pool-74-thread-1] INFO  server.RaftServerConfigKeys (ConfUtils.java:logGet(44)) - raft.server.rpc.timeout.min = 5s (custom)
2021-10-14 19:42:06,499 [pool-74-thread-1] INFO  server.RaftServerConfigKeys (ConfUtils.java:logGet(44)) - raft.server.rpc.timeout.max = 5200ms (custom)
2021-10-14 19:42:06,499 [pool-74-thread-1] INFO  server.RaftServerConfigKeys (ConfUtils.java:logGet(44)) - raft.server.rpc.sleep.time = 25ms (default)
2021-10-14 19:42:06,499 [pool-74-thread-1] INFO  server.RaftServerConfigKeys (ConfUtils.java:logGet(44)) - raft.server.rpc.slowness.timeout = 300000ms (custom)
2021-10-14 19:42:06,499 [pool-74-thread-1] INFO  server.RaftServerConfigKeys (ConfUtils.java:logGet(44)) - raft.server.leaderelection.leader.step-down.wait-time = 10s (default)
2021-10-14 19:42:06,499 [pool-74-thread-1] INFO  server.RaftServerConfigKeys (ConfUtils.java:logGet(44)) - raft.server.sleep.deviation.threshold = 300ms (default)
2021-10-14 19:42:06,499 [pool-74-thread-1] INFO  server.RaftServerConfigKeys (ConfUtils.java:logGet(44)) - raft.server.log.appender.install.snapshot.enabled = false (custom)
2021-10-14 19:42:06,499 [pool-74-thread-1] INFO  server.RaftServer$Division (ServerState.java:<init>(105)) - 33764f87-9c6a-47d4-8cea-d0f1d2ec7fe6@group-2AF33CBCC870: ConfigurationManager, init=-1: [33764f87-9c6a-47d4-8cea-d0f1d2ec7fe6|rpc:10.1.0.23:34363|priority:1], old=null, confs=<EMPTY_MAP>
2021-10-14 19:42:06,499 [pool-74-thread-1] INFO  server.RaftServerConfigKeys (ConfUtils.java:logGet(44)) - raft.server.storage.dir = [/home/runner/work/ozone/ozone/hadoop-ozone/integration-test/target/test-dir/MiniOzoneClusterImpl-0ea35d3c-98b9-4918-895e-fcd9be0efca6/datanode-1/data/ratis] (custom)
2021-10-14 19:42:06,500 [pool-74-thread-1] INFO  server.RaftServerConfigKeys (ConfUtils.java:logGet(44)) - raft.server.log.corruption.policy = EXCEPTION (default)
2021-10-14 19:42:06,500 [pool-74-thread-1] INFO  server.RaftServerConfigKeys (ConfUtils.java:logGet(44)) - raft.server.storage.free-space.min = 0MB (=0) (default)
2021-10-14 19:42:06,500 [pool-74-thread-1] INFO  storage.RaftStorageDirectory (RaftStorageDirectoryImpl.java:analyzeStorage(135)) - The storage directory /home/runner/work/ozone/ozone/hadoop-ozone/integration-test/target/test-dir/MiniOzoneClusterImpl-0ea35d3c-98b9-4918-895e-fcd9be0efca6/datanode-1/data/ratis/d7aed16f-6405-4bd7-8b7b-2af33cbcc870 does not exist. Creating ...
2021-10-14 19:42:06,505 [pool-74-thread-1] INFO  storage.RaftStorageDirectory (RaftStorageDirectoryImpl.java:tryLock(230)) - Lock on /home/runner/work/ozone/ozone/hadoop-ozone/integration-test/target/test-dir/MiniOzoneClusterImpl-0ea35d3c-98b9-4918-895e-fcd9be0efca6/datanode-1/data/ratis/d7aed16f-6405-4bd7-8b7b-2af33cbcc870/in_use.lock acquired by nodename 16848@fv-az184-831
2021-10-14 19:42:06,506 [pool-74-thread-1] INFO  storage.RaftStorage (RaftStorageImpl.java:format(89)) - Storage directory /home/runner/work/ozone/ozone/hadoop-ozone/integration-test/target/test-dir/MiniOzoneClusterImpl-0ea35d3c-98b9-4918-895e-fcd9be0efca6/datanode-1/data/ratis/d7aed16f-6405-4bd7-8b7b-2af33cbcc870 has been successfully formatted.
2021-10-14 19:42:06,507 [pool-74-thread-1] INFO  ratis.ContainerStateMachine (ContainerStateMachine.java:loadSnapshot(224)) - group-2AF33CBCC870: The snapshot info is null. Setting the last applied indexto:(t:0, i:~)
2021-10-14 19:42:06,508 [pool-74-thread-1] INFO  server.RaftServerConfigKeys (ConfUtils.java:logGet(44)) - raft.server.notification.no-leader.timeout = 300000ms (custom)
2021-10-14 19:42:06,508 [pool-74-thread-1] INFO  server.RaftServerConfigKeys (ConfUtils.java:logGet(44)) - raft.server.log.use.memory = false (default)
2021-10-14 19:42:06,508 [pool-74-thread-1] INFO  server.RaftServerConfigKeys (ConfUtils.java:logGet(44)) - raft.server.log.purge.gap = 1000000 (custom)
2021-10-14 19:42:06,508 [pool-74-thread-1] INFO  server.RaftServerConfigKeys (ConfUtils.java:logGet(44)) - raft.server.log.appender.buffer.byte-limit = 33554432 (custom)
2021-10-14 19:42:06,508 [pool-74-thread-1] INFO  server.RaftServerConfigKeys (ConfUtils.java:logGet(44)) - raft.server.log.segment.size.max = 1048576 (custom)
2021-10-14 19:42:06,510 [pool-74-thread-1] INFO  server.RaftServerConfigKeys (ConfUtils.java:logGet(44)) - raft.server.log.segment.cache.num.max = 2 (custom)
2021-10-14 19:42:06,510 [pool-74-thread-1] INFO  server.RaftServerConfigKeys (ConfUtils.java:logGet(44)) - raft.server.log.segment.cache.size.max = 200MB (=209715200) (default)
2021-10-14 19:42:06,510 [pool-74-thread-1] INFO  segmented.SegmentedRaftLogWorker (SegmentedRaftLogWorker.java:<init>(182)) - new 33764f87-9c6a-47d4-8cea-d0f1d2ec7fe6@group-2AF33CBCC870-SegmentedRaftLogWorker for RaftStorageImpl:Storage Directory /home/runner/work/ozone/ozone/hadoop-ozone/integration-test/target/test-dir/MiniOzoneClusterImpl-0ea35d3c-98b9-4918-895e-fcd9be0efca6/datanode-1/data/ratis/d7aed16f-6405-4bd7-8b7b-2af33cbcc870
2021-10-14 19:42:06,510 [pool-74-thread-1] INFO  server.RaftServerConfigKeys (ConfUtils.java:logGet(44)) - raft.server.log.queue.byte-limit = 2147483647 (custom)
2021-10-14 19:42:06,510 [pool-74-thread-1] INFO  server.RaftServerConfigKeys (ConfUtils.java:logGet(44)) - raft.server.log.queue.element-limit = 1024 (custom)
2021-10-14 19:42:06,510 [pool-74-thread-1] INFO  server.RaftServerConfigKeys (ConfUtils.java:logGet(44)) - raft.server.log.segment.size.max = 1048576 (custom)
2021-10-14 19:42:06,510 [pool-74-thread-1] INFO  server.RaftServerConfigKeys (ConfUtils.java:logGet(44)) - raft.server.log.preallocated.size = 16384 (custom)
2021-10-14 19:42:06,510 [pool-74-thread-1] INFO  server.RaftServerConfigKeys (ConfUtils.java:logGet(44)) - raft.server.log.force.sync.num = 128 (default)
2021-10-14 19:42:06,510 [pool-74-thread-1] INFO  server.RaftServerConfigKeys (ConfUtils.java:logGet(44)) - raft.server.log.statemachine.data.sync = true (default)
2021-10-14 19:42:06,510 [pool-74-thread-1] INFO  server.RaftServerConfigKeys (ConfUtils.java:logGet(44)) - raft.server.log.statemachine.data.sync.timeout = 10s (default)
2021-10-14 19:42:06,510 [pool-74-thread-1] INFO  server.RaftServerConfigKeys (ConfUtils.java:logGet(44)) - raft.server.log.statemachine.data.sync.timeout.retry = -1 (default)
2021-10-14 19:42:06,513 [pool-74-thread-1] INFO  server.RaftServerConfigKeys (ConfUtils.java:logGet(44)) - raft.server.log.write.buffer.size = 1048576 (custom)
2021-10-14 19:42:06,515 [pool-74-thread-1] INFO  server.RaftServerConfigKeys (ConfUtils.java:logGet(44)) - raft.server.log.statemachine.data.caching.enabled = true (custom)
2021-10-14 19:42:06,514 [EventQueue-PipelineReportForPipelineReportHandler] INFO  pipeline.PipelineManagerImpl (PipelineManagerImpl.java:openPipeline(282)) - Pipeline Pipeline[ Id: d7aed16f-6405-4bd7-8b7b-2af33cbcc870, Nodes: 33764f87-9c6a-47d4-8cea-d0f1d2ec7fe6{ip: 10.1.0.23, host: fv-az184-831.3ow45vhwbzuu5incsxmygykede.cx.internal.cloudapp.net, ports: [REPLICATION=37377, RATIS=34363, RATIS_ADMIN=34363, RATIS_SERVER=34363, STANDALONE=33131], networkLocation: /default-rack, certSerialId: null, persistedOpState: IN_SERVICE, persistedOpStateExpiryEpochSec: 0}, ReplicationConfig: RATIS/ONE, State:ALLOCATED, leaderId:33764f87-9c6a-47d4-8cea-d0f1d2ec7fe6, CreationTimestamp2021-10-14T19:42:03.486Z[Etc/UTC]] moved to OPEN state
2021-10-14 19:42:06,524 [pool-74-thread-1] INFO  segmented.SegmentedRaftLogWorker (SegmentedRaftLogWorker.java:lambda$new$0(133)) - 33764f87-9c6a-47d4-8cea-d0f1d2ec7fe6@group-2AF33CBCC870-SegmentedRaftLogWorker: flushIndex: setUnconditionally 0 -> -1
2021-10-14 19:42:06,524 [pool-74-thread-1] INFO  segmented.SegmentedRaftLogWorker (SegmentedRaftLogWorker.java:lambda$new$0(133)) - 33764f87-9c6a-47d4-8cea-d0f1d2ec7fe6@group-2AF33CBCC870-SegmentedRaftLogWorker: safeCacheEvictIndex: setUnconditionally 0 -> -1
2021-10-14 19:42:06,525 [EventQueue-OpenPipelineForHealthyPipelineSafeModeRule] INFO  safemode.SCMSafeModeManager (HealthyPipelineSafeModeRule.java:process(124)) - SCM in safe mode. Healthy pipelines reported count is 0, required healthy pipeline reported count is 1
2021-10-14 19:42:06,536 [pool-74-thread-1] INFO  server.RaftServerConfigKeys (ConfUtils.java:logGet(44)) - raft.server.snapshot.auto.trigger.enabled = true (custom)
2021-10-14 19:42:06,537 [pool-74-thread-1] INFO  server.RaftServerConfigKeys (ConfUtils.java:logGet(44)) - raft.server.snapshot.auto.trigger.threshold = 10000 (custom)
2021-10-14 19:42:06,537 [pool-74-thread-1] INFO  server.RaftServerConfigKeys (ConfUtils.java:logGet(44)) - raft.server.snapshot.retention.file.num = 5 (custom)
2021-10-14 19:42:06,537 [pool-74-thread-1] INFO  server.RaftServerConfigKeys (ConfUtils.java:logGet(44)) - raft.server.log.purge.upto.snapshot.index = false (default)
2021-10-14 19:42:06,537 [pool-74-thread-1] INFO  server.RaftServerConfigKeys (ConfUtils.java:logGet(44)) - raft.server.retrycache.expirytime = 600000ms (custom)
2021-10-14 19:42:06,537 [pool-74-thread-1] INFO  server.RaftServerConfigKeys (ConfUtils.java:logGet(44)) - raft.server.retrycache.statistics.expirytime = 100μs (default)
2021-10-14 19:42:06,540 [pool-74-thread-1] INFO  server.RaftServer$Division (RaftServerImpl.java:start(296)) - 33764f87-9c6a-47d4-8cea-d0f1d2ec7fe6@group-2AF33CBCC870: start as a follower, conf=-1: [33764f87-9c6a-47d4-8cea-d0f1d2ec7fe6|rpc:10.1.0.23:34363|priority:1], old=null
2021-10-14 19:42:06,540 [pool-74-thread-1] INFO  server.RaftServer$Division (RaftServerImpl.java:setRole(285)) - 33764f87-9c6a-47d4-8cea-d0f1d2ec7fe6@group-2AF33CBCC870: changes role from      null to FOLLOWER at term 0 for startAsFollower
2021-10-14 19:42:06,541 [pool-74-thread-1] INFO  impl.RoleInfo (RoleInfo.java:updateAndGet(130)) - 33764f87-9c6a-47d4-8cea-d0f1d2ec7fe6: start 33764f87-9c6a-47d4-8cea-d0f1d2ec7fe6@group-2AF33CBCC870-FollowerState
2021-10-14 19:42:06,541 [pool-74-thread-1] INFO  util.JmxRegister (JmxRegister.java:tryRegister(44)) - Successfully registered JMX Bean with object name Ratis:service=RaftServer,group=group-2AF33CBCC870,id=33764f87-9c6a-47d4-8cea-d0f1d2ec7fe6
2021-10-14 19:42:06,561 [Command processor thread] INFO  ratis.XceiverServerRatis (XceiverServerRatis.java:addGroup(768)) - Created group PipelineID=d7aed16f-6405-4bd7-8b7b-2af33cbcc870
2021-10-14 19:42:06,561 [Command processor thread] INFO  commandhandler.CreatePipelineCommandHandler (CreatePipelineCommandHandler.java:handle(106)) - Created Pipeline RATIS ONE PipelineID=d7aed16f-6405-4bd7-8b7b-2af33cbcc870.
2021-10-14 19:42:06,565 [Command processor thread] INFO  server.RaftServer (RaftServerProxy.java:addNew(95)) - 33764f87-9c6a-47d4-8cea-d0f1d2ec7fe6: addNew group-E6A68DCE718D:[0b6bda71-48c1-453f-8afc-63104cab6d5d|rpc:10.1.0.23:42925|priority:0, 33764f87-9c6a-47d4-8cea-d0f1d2ec7fe6|rpc:10.1.0.23:34363|priority:0, 587c4370-f397-42e1-8c47-82ec3f79bf3a|rpc:10.1.0.23:42273|priority:1] returns group-E6A68DCE718D:java.util.concurrent.CompletableFuture@85a9bff[Not completed]
2021-10-14 19:42:06,567 [pool-74-thread-1] INFO  server.RaftServer$Division (RaftServerImpl.java:<init>(181)) - 33764f87-9c6a-47d4-8cea-d0f1d2ec7fe6: new RaftServerImpl for group-E6A68DCE718D:[0b6bda71-48c1-453f-8afc-63104cab6d5d|rpc:10.1.0.23:42925|priority:0, 33764f87-9c6a-47d4-8cea-d0f1d2ec7fe6|rpc:10.1.0.23:34363|priority:0, 587c4370-f397-42e1-8c47-82ec3f79bf3a|rpc:10.1.0.23:42273|priority:1] with ContainerStateMachine:uninitialized
2021-10-14 19:42:06,567 [pool-74-thread-1] INFO  server.RaftServerConfigKeys (ConfUtils.java:logGet(44)) - raft.server.rpc.timeout.min = 5s (custom)
2021-10-14 19:42:06,567 [pool-74-thread-1] INFO  server.RaftServerConfigKeys (ConfUtils.java:logGet(44)) - raft.server.rpc.timeout.max = 5200ms (custom)
2021-10-14 19:42:06,567 [pool-74-thread-1] INFO  server.RaftServerConfigKeys (ConfUtils.java:logGet(44)) - raft.server.rpc.sleep.time = 25ms (default)
2021-10-14 19:42:06,567 [pool-74-thread-1] INFO  server.RaftServerConfigKeys (ConfUtils.java:logGet(44)) - raft.server.rpc.slowness.timeout = 300000ms (custom)
2021-10-14 19:42:06,567 [pool-74-thread-1] INFO  server.RaftServerConfigKeys (ConfUtils.java:logGet(44)) - raft.server.leaderelection.leader.step-down.wait-time = 10s (default)
2021-10-14 19:42:06,567 [pool-74-thread-1] INFO  server.RaftServerConfigKeys (ConfUtils.java:logGet(44)) - raft.server.sleep.deviation.threshold = 300ms (default)
2021-10-14 19:42:06,567 [pool-74-thread-1] INFO  server.RaftServerConfigKeys (ConfUtils.java:logGet(44)) - raft.server.log.appender.install.snapshot.enabled = false (custom)
2021-10-14 19:42:06,567 [pool-74-thread-1] INFO  server.RaftServer$Division (ServerState.java:<init>(105)) - 33764f87-9c6a-47d4-8cea-d0f1d2ec7fe6@group-E6A68DCE718D: ConfigurationManager, init=-1: [0b6bda71-48c1-453f-8afc-63104cab6d5d|rpc:10.1.0.23:42925|priority:0, 33764f87-9c6a-47d4-8cea-d0f1d2ec7fe6|rpc:10.1.0.23:34363|priority:0, 587c4370-f397-42e1-8c47-82ec3f79bf3a|rpc:10.1.0.23:42273|priority:1], old=null, confs=<EMPTY_MAP>
2021-10-14 19:42:06,567 [pool-74-thread-1] INFO  server.RaftServerConfigKeys (ConfUtils.java:logGet(44)) - raft.server.storage.dir = [/home/runner/work/ozone/ozone/hadoop-ozone/integration-test/target/test-dir/MiniOzoneClusterImpl-0ea35d3c-98b9-4918-895e-fcd9be0efca6/datanode-1/data/ratis] (custom)
2021-10-14 19:42:06,568 [pool-74-thread-1] INFO  server.RaftServerConfigKeys (ConfUtils.java:logGet(44)) - raft.server.log.corruption.policy = EXCEPTION (default)
2021-10-14 19:42:06,568 [pool-74-thread-1] INFO  server.RaftServerConfigKeys (ConfUtils.java:logGet(44)) - raft.server.storage.free-space.min = 0MB (=0) (default)
2021-10-14 19:42:06,568 [pool-74-thread-1] INFO  storage.RaftStorageDirectory (RaftStorageDirectoryImpl.java:analyzeStorage(135)) - The storage directory /home/runner/work/ozone/ozone/hadoop-ozone/integration-test/target/test-dir/MiniOzoneClusterImpl-0ea35d3c-98b9-4918-895e-fcd9be0efca6/datanode-1/data/ratis/61889154-9774-4b7a-8632-e6a68dce718d does not exist. Creating ...
2021-10-14 19:42:06,569 [pool-74-thread-1] INFO  storage.RaftStorageDirectory (RaftStorageDirectoryImpl.java:tryLock(230)) - Lock on /home/runner/work/ozone/ozone/hadoop-ozone/integration-test/target/test-dir/MiniOzoneClusterImpl-0ea35d3c-98b9-4918-895e-fcd9be0efca6/datanode-1/data/ratis/61889154-9774-4b7a-8632-e6a68dce718d/in_use.lock acquired by nodename 16848@fv-az184-831
2021-10-14 19:42:06,570 [pool-74-thread-1] INFO  storage.RaftStorage (RaftStorageImpl.java:format(89)) - Storage directory /home/runner/work/ozone/ozone/hadoop-ozone/integration-test/target/test-dir/MiniOzoneClusterImpl-0ea35d3c-98b9-4918-895e-fcd9be0efca6/datanode-1/data/ratis/61889154-9774-4b7a-8632-e6a68dce718d has been successfully formatted.
2021-10-14 19:42:06,571 [Datanode State Machine Thread - 0] WARN  statemachine.StateContext (StateContext.java:execute(621)) - No available thread in pool for past 1 seconds.
2021-10-14 19:42:06,572 [pool-74-thread-1] INFO  ratis.ContainerStateMachine (ContainerStateMachine.java:loadSnapshot(224)) - group-E6A68DCE718D: The snapshot info is null. Setting the last applied indexto:(t:0, i:~)
2021-10-14 19:42:06,572 [pool-74-thread-1] INFO  server.RaftServerConfigKeys (ConfUtils.java:logGet(44)) - raft.server.notification.no-leader.timeout = 300000ms (custom)
2021-10-14 19:42:06,572 [pool-74-thread-1] INFO  server.RaftServerConfigKeys (ConfUtils.java:logGet(44)) - raft.server.log.use.memory = false (default)
2021-10-14 19:42:06,572 [pool-74-thread-1] INFO  server.RaftServerConfigKeys (ConfUtils.java:logGet(44)) - raft.server.log.purge.gap = 1000000 (custom)
2021-10-14 19:42:06,572 [pool-74-thread-1] INFO  server.RaftServerConfigKeys (ConfUtils.java:logGet(44)) - raft.server.log.appender.buffer.byte-limit = 33554432 (custom)
2021-10-14 19:42:06,573 [pool-74-thread-1] INFO  server.RaftServerConfigKeys (ConfUtils.java:logGet(44)) - raft.server.log.segment.size.max = 1048576 (custom)
2021-10-14 19:42:06,573 [pool-74-thread-1] INFO  server.RaftServerConfigKeys (ConfUtils.java:logGet(44)) - raft.server.log.segment.cache.num.max = 2 (custom)
2021-10-14 19:42:06,588 [pool-74-thread-1] INFO  server.RaftServerConfigKeys (ConfUtils.java:logGet(44)) - raft.server.log.segment.cache.size.max = 200MB (=209715200) (default)
2021-10-14 19:42:06,588 [pool-74-thread-1] INFO  segmented.SegmentedRaftLogWorker (SegmentedRaftLogWorker.java:<init>(182)) - new 33764f87-9c6a-47d4-8cea-d0f1d2ec7fe6@group-E6A68DCE718D-SegmentedRaftLogWorker for RaftStorageImpl:Storage Directory /home/runner/work/ozone/ozone/hadoop-ozone/integration-test/target/test-dir/MiniOzoneClusterImpl-0ea35d3c-98b9-4918-895e-fcd9be0efca6/datanode-1/data/ratis/61889154-9774-4b7a-8632-e6a68dce718d
2021-10-14 19:42:06,588 [pool-74-thread-1] INFO  server.RaftServerConfigKeys (ConfUtils.java:logGet(44)) - raft.server.log.queue.byte-limit = 2147483647 (custom)
2021-10-14 19:42:06,588 [pool-74-thread-1] INFO  server.RaftServerConfigKeys (ConfUtils.java:logGet(44)) - raft.server.log.queue.element-limit = 1024 (custom)
2021-10-14 19:42:06,589 [pool-74-thread-1] INFO  server.RaftServerConfigKeys (ConfUtils.java:logGet(44)) - raft.server.log.segment.size.max = 1048576 (custom)
2021-10-14 19:42:06,589 [pool-74-thread-1] INFO  server.RaftServerConfigKeys (ConfUtils.java:logGet(44)) - raft.server.log.preallocated.size = 16384 (custom)
2021-10-14 19:42:06,589 [pool-74-thread-1] INFO  server.RaftServerConfigKeys (ConfUtils.java:logGet(44)) - raft.server.log.force.sync.num = 128 (default)
2021-10-14 19:42:06,589 [pool-74-thread-1] INFO  server.RaftServerConfigKeys (ConfUtils.java:logGet(44)) - raft.server.log.statemachine.data.sync = true (default)
2021-10-14 19:42:06,589 [pool-74-thread-1] INFO  server.RaftServerConfigKeys (ConfUtils.java:logGet(44)) - raft.server.log.statemachine.data.sync.timeout = 10s (default)
2021-10-14 19:42:06,589 [pool-74-thread-1] INFO  server.RaftServerConfigKeys (ConfUtils.java:logGet(44)) - raft.server.log.statemachine.data.sync.timeout.retry = -1 (default)
2021-10-14 19:42:06,589 [EventQueue-OpenPipelineForHealthyPipelineSafeModeRule] INFO  safemode.SCMSafeModeManager (HealthyPipelineSafeModeRule.java:process(124)) - SCM in safe mode. Healthy pipelines reported count is 0, required healthy pipeline reported count is 1
2021-10-14 19:42:06,591 [pool-74-thread-1] INFO  server.RaftServerConfigKeys (ConfUtils.java:logGet(44)) - raft.server.log.write.buffer.size = 1048576 (custom)
2021-10-14 19:42:06,591 [pool-74-thread-1] INFO  server.RaftServerConfigKeys (ConfUtils.java:logGet(44)) - raft.server.log.statemachine.data.caching.enabled = true (custom)
2021-10-14 19:42:06,592 [pool-74-thread-1] INFO  segmented.SegmentedRaftLogWorker (SegmentedRaftLogWorker.java:lambda$new$0(133)) - 33764f87-9c6a-47d4-8cea-d0f1d2ec7fe6@group-E6A68DCE718D-SegmentedRaftLogWorker: flushIndex: setUnconditionally 0 -> -1
2021-10-14 19:42:06,592 [pool-74-thread-1] INFO  segmented.SegmentedRaftLogWorker (SegmentedRaftLogWorker.java:lambda$new$0(133)) - 33764f87-9c6a-47d4-8cea-d0f1d2ec7fe6@group-E6A68DCE718D-SegmentedRaftLogWorker: safeCacheEvictIndex: setUnconditionally 0 -> -1
2021-10-14 19:42:06,598 [pool-74-thread-1] INFO  server.RaftServerConfigKeys (ConfUtils.java:logGet(44)) - raft.server.snapshot.auto.trigger.enabled = true (custom)
2021-10-14 19:42:06,599 [pool-74-thread-1] INFO  server.RaftServerConfigKeys (ConfUtils.java:logGet(44)) - raft.server.snapshot.auto.trigger.threshold = 10000 (custom)
2021-10-14 19:42:06,599 [pool-74-thread-1] INFO  server.RaftServerConfigKeys (ConfUtils.java:logGet(44)) - raft.server.snapshot.retention.file.num = 5 (custom)
2021-10-14 19:42:06,599 [pool-74-thread-1] INFO  server.RaftServerConfigKeys (ConfUtils.java:logGet(44)) - raft.server.log.purge.upto.snapshot.index = false (default)
2021-10-14 19:42:06,599 [pool-74-thread-1] INFO  server.RaftServerConfigKeys (ConfUtils.java:logGet(44)) - raft.server.retrycache.expirytime = 600000ms (custom)
2021-10-14 19:42:06,599 [pool-74-thread-1] INFO  server.RaftServerConfigKeys (ConfUtils.java:logGet(44)) - raft.server.retrycache.statistics.expirytime = 100μs (default)
2021-10-14 19:42:06,601 [pool-74-thread-1] INFO  server.RaftServer$Division (RaftServerImpl.java:start(296)) - 33764f87-9c6a-47d4-8cea-d0f1d2ec7fe6@group-E6A68DCE718D: start as a follower, conf=-1: [0b6bda71-48c1-453f-8afc-63104cab6d5d|rpc:10.1.0.23:42925|priority:0, 33764f87-9c6a-47d4-8cea-d0f1d2ec7fe6|rpc:10.1.0.23:34363|priority:0, 587c4370-f397-42e1-8c47-82ec3f79bf3a|rpc:10.1.0.23:42273|priority:1], old=null
2021-10-14 19:42:06,601 [pool-74-thread-1] INFO  server.RaftServer$Division (RaftServerImpl.java:setRole(285)) - 33764f87-9c6a-47d4-8cea-d0f1d2ec7fe6@group-E6A68DCE718D: changes role from      null to FOLLOWER at term 0 for startAsFollower
2021-10-14 19:42:06,601 [pool-74-thread-1] INFO  impl.RoleInfo (RoleInfo.java:updateAndGet(130)) - 33764f87-9c6a-47d4-8cea-d0f1d2ec7fe6: start 33764f87-9c6a-47d4-8cea-d0f1d2ec7fe6@group-E6A68DCE718D-FollowerState
2021-10-14 19:42:06,613 [pool-74-thread-1] INFO  util.JmxRegister (JmxRegister.java:tryRegister(44)) - Successfully registered JMX Bean with object name Ratis:service=RaftServer,group=group-E6A68DCE718D,id=33764f87-9c6a-47d4-8cea-d0f1d2ec7fe6
2021-10-14 19:42:06,622 [Command processor thread] INFO  ratis.XceiverServerRatis (XceiverServerRatis.java:addGroup(768)) - Created group PipelineID=61889154-9774-4b7a-8632-e6a68dce718d
2021-10-14 19:42:06,796 [Listener at 127.0.0.1/44077] INFO  ozone.MiniOzoneClusterImpl (MiniOzoneClusterImpl.java:lambda$waitForClusterToBeReady$0(235)) - Nodes are ready. Got 7 of 7 DN Heartbeats.
2021-10-14 19:42:06,796 [Listener at 127.0.0.1/44077] INFO  ozone.MiniOzoneClusterImpl (MiniOzoneClusterImpl.java:lambda$waitForClusterToBeReady$0(238)) - Waiting for cluster to exit safe mode
2021-10-14 19:42:06,796 [Listener at 127.0.0.1/44077] INFO  ozone.MiniOzoneClusterImpl (MiniOzoneClusterImpl.java:lambda$waitForClusterToBeReady$0(240)) - SCM became leader
2021-10-14 19:42:06,907 [grpc-default-executor-1] INFO  server.RaftServer (RaftServerProxy.java:addNew(95)) - 0b6bda71-48c1-453f-8afc-63104cab6d5d: addNew group-E6A68DCE718D:[0b6bda71-48c1-453f-8afc-63104cab6d5d|rpc:10.1.0.23:42925|dataStream:|priority:0, 33764f87-9c6a-47d4-8cea-d0f1d2ec7fe6|rpc:10.1.0.23:34363|dataStream:|priority:0, 587c4370-f397-42e1-8c47-82ec3f79bf3a|rpc:10.1.0.23:42273|dataStream:|priority:1] returns group-E6A68DCE718D:java.util.concurrent.CompletableFuture@12eee16c[Not completed]
2021-10-14 19:42:06,909 [pool-93-thread-1] INFO  server.RaftServer$Division (RaftServerImpl.java:<init>(181)) - 0b6bda71-48c1-453f-8afc-63104cab6d5d: new RaftServerImpl for group-E6A68DCE718D:[0b6bda71-48c1-453f-8afc-63104cab6d5d|rpc:10.1.0.23:42925|dataStream:|priority:0, 33764f87-9c6a-47d4-8cea-d0f1d2ec7fe6|rpc:10.1.0.23:34363|dataStream:|priority:0, 587c4370-f397-42e1-8c47-82ec3f79bf3a|rpc:10.1.0.23:42273|dataStream:|priority:1] with ContainerStateMachine:uninitialized
2021-10-14 19:42:06,916 [pool-93-thread-1] INFO  server.RaftServerConfigKeys (ConfUtils.java:logGet(44)) - raft.server.rpc.timeout.min = 5s (custom)
2021-10-14 19:42:06,916 [pool-93-thread-1] INFO  server.RaftServerConfigKeys (ConfUtils.java:logGet(44)) - raft.server.rpc.timeout.max = 5200ms (custom)
2021-10-14 19:42:06,916 [pool-93-thread-1] INFO  server.RaftServerConfigKeys (ConfUtils.java:logGet(44)) - raft.server.rpc.sleep.time = 25ms (default)
2021-10-14 19:42:06,920 [pool-93-thread-1] INFO  server.RaftServerConfigKeys (ConfUtils.java:logGet(44)) - raft.server.rpc.slowness.timeout = 300000ms (custom)
2021-10-14 19:42:06,920 [pool-93-thread-1] INFO  server.RaftServerConfigKeys (ConfUtils.java:logGet(44)) - raft.server.leaderelection.leader.step-down.wait-time = 10s (default)
2021-10-14 19:42:06,920 [pool-93-thread-1] INFO  server.RaftServerConfigKeys (ConfUtils.java:logGet(44)) - raft.server.sleep.deviation.threshold = 300ms (default)
2021-10-14 19:42:06,920 [pool-93-thread-1] INFO  server.RaftServerConfigKeys (ConfUtils.java:logGet(44)) - raft.server.log.appender.install.snapshot.enabled = false (custom)
2021-10-14 19:42:06,920 [pool-93-thread-1] INFO  server.RaftServer$Division (ServerState.java:<init>(105)) - 0b6bda71-48c1-453f-8afc-63104cab6d5d@group-E6A68DCE718D: ConfigurationManager, init=-1: [0b6bda71-48c1-453f-8afc-63104cab6d5d|rpc:10.1.0.23:42925|dataStream:|priority:0, 33764f87-9c6a-47d4-8cea-d0f1d2ec7fe6|rpc:10.1.0.23:34363|dataStream:|priority:0, 587c4370-f397-42e1-8c47-82ec3f79bf3a|rpc:10.1.0.23:42273|dataStream:|priority:1], old=null, confs=<EMPTY_MAP>
2021-10-14 19:42:06,920 [pool-93-thread-1] INFO  server.RaftServerConfigKeys (ConfUtils.java:logGet(44)) - raft.server.storage.dir = [/home/runner/work/ozone/ozone/hadoop-ozone/integration-test/target/test-dir/MiniOzoneClusterImpl-0ea35d3c-98b9-4918-895e-fcd9be0efca6/datanode-2/data/ratis] (custom)
2021-10-14 19:42:06,921 [pool-93-thread-1] INFO  server.RaftServerConfigKeys (ConfUtils.java:logGet(44)) - raft.server.log.corruption.policy = EXCEPTION (default)
2021-10-14 19:42:06,921 [pool-93-thread-1] INFO  server.RaftServerConfigKeys (ConfUtils.java:logGet(44)) - raft.server.storage.free-space.min = 0MB (=0) (default)
2021-10-14 19:42:06,921 [pool-93-thread-1] INFO  storage.RaftStorageDirectory (RaftStorageDirectoryImpl.java:analyzeStorage(135)) - The storage directory /home/runner/work/ozone/ozone/hadoop-ozone/integration-test/target/test-dir/MiniOzoneClusterImpl-0ea35d3c-98b9-4918-895e-fcd9be0efca6/datanode-2/data/ratis/61889154-9774-4b7a-8632-e6a68dce718d does not exist. Creating ...
2021-10-14 19:42:06,925 [pool-93-thread-1] INFO  storage.RaftStorageDirectory (RaftStorageDirectoryImpl.java:tryLock(230)) - Lock on /home/runner/work/ozone/ozone/hadoop-ozone/integration-test/target/test-dir/MiniOzoneClusterImpl-0ea35d3c-98b9-4918-895e-fcd9be0efca6/datanode-2/data/ratis/61889154-9774-4b7a-8632-e6a68dce718d/in_use.lock acquired by nodename 16848@fv-az184-831
2021-10-14 19:42:06,926 [pool-93-thread-1] INFO  storage.RaftStorage (RaftStorageImpl.java:format(89)) - Storage directory /home/runner/work/ozone/ozone/hadoop-ozone/integration-test/target/test-dir/MiniOzoneClusterImpl-0ea35d3c-98b9-4918-895e-fcd9be0efca6/datanode-2/data/ratis/61889154-9774-4b7a-8632-e6a68dce718d has been successfully formatted.
2021-10-14 19:42:06,929 [pool-93-thread-1] INFO  ratis.ContainerStateMachine (ContainerStateMachine.java:loadSnapshot(224)) - group-E6A68DCE718D: The snapshot info is null. Setting the last applied indexto:(t:0, i:~)
2021-10-14 19:42:06,930 [pool-93-thread-1] INFO  server.RaftServerConfigKeys (ConfUtils.java:logGet(44)) - raft.server.notification.no-leader.timeout = 300000ms (custom)
2021-10-14 19:42:06,931 [pool-93-thread-1] INFO  server.RaftServerConfigKeys (ConfUtils.java:logGet(44)) - raft.server.log.use.memory = false (default)
2021-10-14 19:42:06,932 [pool-93-thread-1] INFO  server.RaftServerConfigKeys (ConfUtils.java:logGet(44)) - raft.server.log.purge.gap = 1000000 (custom)
2021-10-14 19:42:06,932 [pool-93-thread-1] INFO  server.RaftServerConfigKeys (ConfUtils.java:logGet(44)) - raft.server.log.appender.buffer.byte-limit = 33554432 (custom)
2021-10-14 19:42:06,933 [pool-93-thread-1] INFO  server.RaftServerConfigKeys (ConfUtils.java:logGet(44)) - raft.server.log.segment.size.max = 1048576 (custom)
2021-10-14 19:42:06,934 [pool-93-thread-1] INFO  server.RaftServerConfigKeys (ConfUtils.java:logGet(44)) - raft.server.log.segment.cache.num.max = 2 (custom)
2021-10-14 19:42:06,934 [pool-93-thread-1] INFO  server.RaftServerConfigKeys (ConfUtils.java:logGet(44)) - raft.server.log.segment.cache.size.max = 200MB (=209715200) (default)
2021-10-14 19:42:06,934 [pool-93-thread-1] INFO  segmented.SegmentedRaftLogWorker (SegmentedRaftLogWorker.java:<init>(182)) - new 0b6bda71-48c1-453f-8afc-63104cab6d5d@group-E6A68DCE718D-SegmentedRaftLogWorker for RaftStorageImpl:Storage Directory /home/runner/work/ozone/ozone/hadoop-ozone/integration-test/target/test-dir/MiniOzoneClusterImpl-0ea35d3c-98b9-4918-895e-fcd9be0efca6/datanode-2/data/ratis/61889154-9774-4b7a-8632-e6a68dce718d
2021-10-14 19:42:06,934 [pool-93-thread-1] INFO  server.RaftServerConfigKeys (ConfUtils.java:logGet(44)) - raft.server.log.queue.byte-limit = 2147483647 (custom)
2021-10-14 19:42:06,934 [pool-93-thread-1] INFO  server.RaftServerConfigKeys (ConfUtils.java:logGet(44)) - raft.server.log.queue.element-limit = 1024 (custom)
2021-10-14 19:42:06,934 [pool-93-thread-1] INFO  server.RaftServerConfigKeys (ConfUtils.java:logGet(44)) - raft.server.log.segment.size.max = 1048576 (custom)
2021-10-14 19:42:06,934 [pool-93-thread-1] INFO  server.RaftServerConfigKeys (ConfUtils.java:logGet(44)) - raft.server.log.preallocated.size = 16384 (custom)
2021-10-14 19:42:06,934 [pool-93-thread-1] INFO  server.RaftServerConfigKeys (ConfUtils.java:logGet(44)) - raft.server.log.force.sync.num = 128 (default)
2021-10-14 19:42:06,934 [pool-93-thread-1] INFO  server.RaftServerConfigKeys (ConfUtils.java:logGet(44)) - raft.server.log.statemachine.data.sync = true (default)
2021-10-14 19:42:06,935 [pool-93-thread-1] INFO  server.RaftServerConfigKeys (ConfUtils.java:logGet(44)) - raft.server.log.statemachine.data.sync.timeout = 10s (default)
2021-10-14 19:42:06,935 [pool-93-thread-1] INFO  server.RaftServerConfigKeys (ConfUtils.java:logGet(44)) - raft.server.log.statemachine.data.sync.timeout.retry = -1 (default)
2021-10-14 19:42:06,936 [pool-93-thread-1] INFO  server.RaftServerConfigKeys (ConfUtils.java:logGet(44)) - raft.server.log.write.buffer.size = 1048576 (custom)
2021-10-14 19:42:06,937 [pool-93-thread-1] INFO  server.RaftServerConfigKeys (ConfUtils.java:logGet(44)) - raft.server.log.statemachine.data.caching.enabled = true (custom)
2021-10-14 19:42:06,937 [pool-93-thread-1] INFO  segmented.SegmentedRaftLogWorker (SegmentedRaftLogWorker.java:lambda$new$0(133)) - 0b6bda71-48c1-453f-8afc-63104cab6d5d@group-E6A68DCE718D-SegmentedRaftLogWorker: flushIndex: setUnconditionally 0 -> -1
2021-10-14 19:42:06,937 [pool-93-thread-1] INFO  segmented.SegmentedRaftLogWorker (SegmentedRaftLogWorker.java:lambda$new$0(133)) - 0b6bda71-48c1-453f-8afc-63104cab6d5d@group-E6A68DCE718D-SegmentedRaftLogWorker: safeCacheEvictIndex: setUnconditionally 0 -> -1
2021-10-14 19:42:06,937 [pool-93-thread-1] INFO  server.RaftServerConfigKeys (ConfUtils.java:logGet(44)) - raft.server.snapshot.auto.trigger.enabled = true (custom)
2021-10-14 19:42:06,938 [pool-93-thread-1] INFO  server.RaftServerConfigKeys (ConfUtils.java:logGet(44)) - raft.server.snapshot.auto.trigger.threshold = 10000 (custom)
2021-10-14 19:42:06,938 [pool-93-thread-1] INFO  server.RaftServerConfigKeys (ConfUtils.java:logGet(44)) - raft.server.snapshot.retention.file.num = 5 (custom)
2021-10-14 19:42:06,938 [pool-93-thread-1] INFO  server.RaftServerConfigKeys (ConfUtils.java:logGet(44)) - raft.server.log.purge.upto.snapshot.index = false (default)
2021-10-14 19:42:06,938 [pool-93-thread-1] INFO  server.RaftServerConfigKeys (ConfUtils.java:logGet(44)) - raft.server.retrycache.expirytime = 600000ms (custom)
2021-10-14 19:42:06,938 [pool-93-thread-1] INFO  server.RaftServerConfigKeys (ConfUtils.java:logGet(44)) - raft.server.retrycache.statistics.expirytime = 100μs (default)
2021-10-14 19:42:06,939 [pool-93-thread-1] INFO  server.RaftServer$Division (RaftServerImpl.java:start(296)) - 0b6bda71-48c1-453f-8afc-63104cab6d5d@group-E6A68DCE718D: start as a follower, conf=-1: [0b6bda71-48c1-453f-8afc-63104cab6d5d|rpc:10.1.0.23:42925|dataStream:|priority:0, 33764f87-9c6a-47d4-8cea-d0f1d2ec7fe6|rpc:10.1.0.23:34363|dataStream:|priority:0, 587c4370-f397-42e1-8c47-82ec3f79bf3a|rpc:10.1.0.23:42273|dataStream:|priority:1], old=null
2021-10-14 19:42:06,940 [pool-93-thread-1] INFO  server.RaftServer$Division (RaftServerImpl.java:setRole(285)) - 0b6bda71-48c1-453f-8afc-63104cab6d5d@group-E6A68DCE718D: changes role from      null to FOLLOWER at term 0 for startAsFollower
2021-10-14 19:42:06,940 [pool-93-thread-1] INFO  impl.RoleInfo (RoleInfo.java:updateAndGet(130)) - 0b6bda71-48c1-453f-8afc-63104cab6d5d: start 0b6bda71-48c1-453f-8afc-63104cab6d5d@group-E6A68DCE718D-FollowerState
2021-10-14 19:42:06,941 [pool-93-thread-1] INFO  util.JmxRegister (JmxRegister.java:tryRegister(44)) - Successfully registered JMX Bean with object name Ratis:service=RaftServer,group=group-E6A68DCE718D,id=0b6bda71-48c1-453f-8afc-63104cab6d5d
2021-10-14 19:42:06,982 [Command processor thread] INFO  server.RaftServer (RaftServerProxy.java:addNew(95)) - 0b6bda71-48c1-453f-8afc-63104cab6d5d: addNew group-22CB598797F9:[0b6bda71-48c1-453f-8afc-63104cab6d5d|rpc:10.1.0.23:42925|priority:1] returns group-22CB598797F9:java.util.concurrent.CompletableFuture@723a9386[Not completed]
2021-10-14 19:42:06,983 [pool-93-thread-1] INFO  server.RaftServer$Division (RaftServerImpl.java:<init>(181)) - 0b6bda71-48c1-453f-8afc-63104cab6d5d: new RaftServerImpl for group-22CB598797F9:[0b6bda71-48c1-453f-8afc-63104cab6d5d|rpc:10.1.0.23:42925|priority:1] with ContainerStateMachine:uninitialized
2021-10-14 19:42:06,984 [pool-93-thread-1] INFO  server.RaftServerConfigKeys (ConfUtils.java:logGet(44)) - raft.server.rpc.timeout.min = 5s (custom)
2021-10-14 19:42:06,984 [pool-93-thread-1] INFO  server.RaftServerConfigKeys (ConfUtils.java:logGet(44)) - raft.server.rpc.timeout.max = 5200ms (custom)
2021-10-14 19:42:06,984 [pool-93-thread-1] INFO  server.RaftServerConfigKeys (ConfUtils.java:logGet(44)) - raft.server.rpc.sleep.time = 25ms (default)
2021-10-14 19:42:06,984 [pool-93-thread-1] INFO  server.RaftServerConfigKeys (ConfUtils.java:logGet(44)) - raft.server.rpc.slowness.timeout = 300000ms (custom)
2021-10-14 19:42:06,984 [pool-93-thread-1] INFO  server.RaftServerConfigKeys (ConfUtils.java:logGet(44)) - raft.server.leaderelection.leader.step-down.wait-time = 10s (default)
2021-10-14 19:42:06,984 [pool-93-thread-1] INFO  server.RaftServerConfigKeys (ConfUtils.java:logGet(44)) - raft.server.sleep.deviation.threshold = 300ms (default)
2021-10-14 19:42:06,984 [pool-93-thread-1] INFO  server.RaftServerConfigKeys (ConfUtils.java:logGet(44)) - raft.server.log.appender.install.snapshot.enabled = false (custom)
2021-10-14 19:42:06,984 [pool-93-thread-1] INFO  server.RaftServer$Division (ServerState.java:<init>(105)) - 0b6bda71-48c1-453f-8afc-63104cab6d5d@group-22CB598797F9: ConfigurationManager, init=-1: [0b6bda71-48c1-453f-8afc-63104cab6d5d|rpc:10.1.0.23:42925|priority:1], old=null, confs=<EMPTY_MAP>
2021-10-14 19:42:06,984 [pool-93-thread-1] INFO  server.RaftServerConfigKeys (ConfUtils.java:logGet(44)) - raft.server.storage.dir = [/home/runner/work/ozone/ozone/hadoop-ozone/integration-test/target/test-dir/MiniOzoneClusterImpl-0ea35d3c-98b9-4918-895e-fcd9be0efca6/datanode-2/data/ratis] (custom)
2021-10-14 19:42:06,984 [pool-93-thread-1] INFO  server.RaftServerConfigKeys (ConfUtils.java:logGet(44)) - raft.server.log.corruption.policy = EXCEPTION (default)
2021-10-14 19:42:06,985 [pool-93-thread-1] INFO  server.RaftServerConfigKeys (ConfUtils.java:logGet(44)) - raft.server.storage.free-space.min = 0MB (=0) (default)
2021-10-14 19:42:06,985 [pool-93-thread-1] INFO  storage.RaftStorageDirectory (RaftStorageDirectoryImpl.java:analyzeStorage(135)) - The storage directory /home/runner/work/ozone/ozone/hadoop-ozone/integration-test/target/test-dir/MiniOzoneClusterImpl-0ea35d3c-98b9-4918-895e-fcd9be0efca6/datanode-2/data/ratis/d287db88-6e56-4fa8-aed6-22cb598797f9 does not exist. Creating ...
2021-10-14 19:42:06,987 [pool-93-thread-1] INFO  storage.RaftStorageDirectory (RaftStorageDirectoryImpl.java:tryLock(230)) - Lock on /home/runner/work/ozone/ozone/hadoop-ozone/integration-test/target/test-dir/MiniOzoneClusterImpl-0ea35d3c-98b9-4918-895e-fcd9be0efca6/datanode-2/data/ratis/d287db88-6e56-4fa8-aed6-22cb598797f9/in_use.lock acquired by nodename 16848@fv-az184-831
2021-10-14 19:42:06,989 [pool-93-thread-1] INFO  storage.RaftStorage (RaftStorageImpl.java:format(89)) - Storage directory /home/runner/work/ozone/ozone/hadoop-ozone/integration-test/target/test-dir/MiniOzoneClusterImpl-0ea35d3c-98b9-4918-895e-fcd9be0efca6/datanode-2/data/ratis/d287db88-6e56-4fa8-aed6-22cb598797f9 has been successfully formatted.
2021-10-14 19:42:06,989 [pool-93-thread-1] INFO  ratis.ContainerStateMachine (ContainerStateMachine.java:loadSnapshot(224)) - group-22CB598797F9: The snapshot info is null. Setting the last applied indexto:(t:0, i:~)
2021-10-14 19:42:06,989 [Datanode State Machine Thread - 0] WARN  statemachine.StateContext (StateContext.java:execute(621)) - No available thread in pool for past 1 seconds.
2021-10-14 19:42:06,992 [EventQueue-PipelineReportForPipelineReportHandler] INFO  pipeline.PipelineManagerImpl (PipelineManagerImpl.java:openPipeline(282)) - Pipeline Pipeline[ Id: d287db88-6e56-4fa8-aed6-22cb598797f9, Nodes: 0b6bda71-48c1-453f-8afc-63104cab6d5d{ip: 10.1.0.23, host: fv-az184-831.3ow45vhwbzuu5incsxmygykede.cx.internal.cloudapp.net, ports: [REPLICATION=44643, RATIS=42925, RATIS_ADMIN=42925, RATIS_SERVER=42925, STANDALONE=36863], networkLocation: /default-rack, certSerialId: null, persistedOpState: IN_SERVICE, persistedOpStateExpiryEpochSec: 0}, ReplicationConfig: RATIS/ONE, State:ALLOCATED, leaderId:0b6bda71-48c1-453f-8afc-63104cab6d5d, CreationTimestamp2021-10-14T19:42:03.986Z[Etc/UTC]] moved to OPEN state
2021-10-14 19:42:06,993 [EventQueue-OpenPipelineForHealthyPipelineSafeModeRule] INFO  safemode.SCMSafeModeManager (HealthyPipelineSafeModeRule.java:process(124)) - SCM in safe mode. Healthy pipelines reported count is 0, required healthy pipeline reported count is 1
2021-10-14 19:42:06,994 [pool-93-thread-1] INFO  server.RaftServerConfigKeys (ConfUtils.java:logGet(44)) - raft.server.notification.no-leader.timeout = 300000ms (custom)
2021-10-14 19:42:06,994 [pool-93-thread-1] INFO  server.RaftServerConfigKeys (ConfUtils.java:logGet(44)) - raft.server.log.use.memory = false (default)
2021-10-14 19:42:06,995 [pool-93-thread-1] INFO  server.RaftServerConfigKeys (ConfUtils.java:logGet(44)) - raft.server.log.purge.gap = 1000000 (custom)
2021-10-14 19:42:06,995 [pool-93-thread-1] INFO  server.RaftServerConfigKeys (ConfUtils.java:logGet(44)) - raft.server.log.appender.buffer.byte-limit = 33554432 (custom)
2021-10-14 19:42:06,995 [pool-93-thread-1] INFO  server.RaftServerConfigKeys (ConfUtils.java:logGet(44)) - raft.server.log.segment.size.max = 1048576 (custom)
2021-10-14 19:42:06,995 [pool-93-thread-1] INFO  server.RaftServerConfigKeys (ConfUtils.java:logGet(44)) - raft.server.log.segment.cache.num.max = 2 (custom)
2021-10-14 19:42:06,996 [pool-93-thread-1] INFO  server.RaftServerConfigKeys (ConfUtils.java:logGet(44)) - raft.server.log.segment.cache.size.max = 200MB (=209715200) (default)
2021-10-14 19:42:06,996 [pool-93-thread-1] INFO  segmented.SegmentedRaftLogWorker (SegmentedRaftLogWorker.java:<init>(182)) - new 0b6bda71-48c1-453f-8afc-63104cab6d5d@group-22CB598797F9-SegmentedRaftLogWorker for RaftStorageImpl:Storage Directory /home/runner/work/ozone/ozone/hadoop-ozone/integration-test/target/test-dir/MiniOzoneClusterImpl-0ea35d3c-98b9-4918-895e-fcd9be0efca6/datanode-2/data/ratis/d287db88-6e56-4fa8-aed6-22cb598797f9
2021-10-14 19:42:06,996 [pool-93-thread-1] INFO  server.RaftServerConfigKeys (ConfUtils.java:logGet(44)) - raft.server.log.queue.byte-limit = 2147483647 (custom)
2021-10-14 19:42:06,996 [pool-93-thread-1] INFO  server.RaftServerConfigKeys (ConfUtils.java:logGet(44)) - raft.server.log.queue.element-limit = 1024 (custom)
2021-10-14 19:42:06,996 [pool-93-thread-1] INFO  server.RaftServerConfigKeys (ConfUtils.java:logGet(44)) - raft.server.log.segment.size.max = 1048576 (custom)
2021-10-14 19:42:06,996 [pool-93-thread-1] INFO  server.RaftServerConfigKeys (ConfUtils.java:logGet(44)) - raft.server.log.preallocated.size = 16384 (custom)
2021-10-14 19:42:06,996 [pool-93-thread-1] INFO  server.RaftServerConfigKeys (ConfUtils.java:logGet(44)) - raft.server.log.force.sync.num = 128 (default)
2021-10-14 19:42:06,996 [pool-93-thread-1] INFO  server.RaftServerConfigKeys (ConfUtils.java:logGet(44)) - raft.server.log.statemachine.data.sync = true (default)
2021-10-14 19:42:06,996 [pool-93-thread-1] INFO  server.RaftServerConfigKeys (ConfUtils.java:logGet(44)) - raft.server.log.statemachine.data.sync.timeout = 10s (default)
2021-10-14 19:42:06,996 [pool-93-thread-1] INFO  server.RaftServerConfigKeys (ConfUtils.java:logGet(44)) - raft.server.log.statemachine.data.sync.timeout.retry = -1 (default)
2021-10-14 19:42:06,998 [pool-93-thread-1] INFO  server.RaftServerConfigKeys (ConfUtils.java:logGet(44)) - raft.server.log.write.buffer.size = 1048576 (custom)
2021-10-14 19:42:06,998 [pool-93-thread-1] INFO  server.RaftServerConfigKeys (ConfUtils.java:logGet(44)) - raft.server.log.statemachine.data.caching.enabled = true (custom)
2021-10-14 19:42:06,999 [pool-93-thread-1] INFO  segmented.SegmentedRaftLogWorker (SegmentedRaftLogWorker.java:lambda$new$0(133)) - 0b6bda71-48c1-453f-8afc-63104cab6d5d@group-22CB598797F9-SegmentedRaftLogWorker: flushIndex: setUnconditionally 0 -> -1
2021-10-14 19:42:06,999 [pool-93-thread-1] INFO  segmented.SegmentedRaftLogWorker (SegmentedRaftLogWorker.java:lambda$new$0(133)) - 0b6bda71-48c1-453f-8afc-63104cab6d5d@group-22CB598797F9-SegmentedRaftLogWorker: safeCacheEvictIndex: setUnconditionally 0 -> -1
2021-10-14 19:42:07,010 [pool-93-thread-1] INFO  server.RaftServerConfigKeys (ConfUtils.java:logGet(44)) - raft.server.snapshot.auto.trigger.enabled = true (custom)
2021-10-14 19:42:07,010 [pool-93-thread-1] INFO  server.RaftServerConfigKeys (ConfUtils.java:logGet(44)) - raft.server.snapshot.auto.trigger.threshold = 10000 (custom)
2021-10-14 19:42:07,011 [pool-93-thread-1] INFO  server.RaftServerConfigKeys (ConfUtils.java:logGet(44)) - raft.server.snapshot.retention.file.num = 5 (custom)
2021-10-14 19:42:07,011 [pool-93-thread-1] INFO  server.RaftServerConfigKeys (ConfUtils.java:logGet(44)) - raft.server.log.purge.upto.snapshot.index = false (default)
2021-10-14 19:42:07,011 [pool-93-thread-1] INFO  server.RaftServerConfigKeys (ConfUtils.java:logGet(44)) - raft.server.retrycache.expirytime = 600000ms (custom)
2021-10-14 19:42:07,011 [pool-93-thread-1] INFO  server.RaftServerConfigKeys (ConfUtils.java:logGet(44)) - raft.server.retrycache.statistics.expirytime = 100μs (default)
2021-10-14 19:42:07,021 [pool-93-thread-1] INFO  server.RaftServer$Division (RaftServerImpl.java:start(296)) - 0b6bda71-48c1-453f-8afc-63104cab6d5d@group-22CB598797F9: start as a follower, conf=-1: [0b6bda71-48c1-453f-8afc-63104cab6d5d|rpc:10.1.0.23:42925|priority:1], old=null
2021-10-14 19:42:07,021 [pool-93-thread-1] INFO  server.RaftServer$Division (RaftServerImpl.java:setRole(285)) - 0b6bda71-48c1-453f-8afc-63104cab6d5d@group-22CB598797F9: changes role from      null to FOLLOWER at term 0 for startAsFollower
2021-10-14 19:42:07,021 [pool-93-thread-1] INFO  impl.RoleInfo (RoleInfo.java:updateAndGet(130)) - 0b6bda71-48c1-453f-8afc-63104cab6d5d: start 0b6bda71-48c1-453f-8afc-63104cab6d5d@group-22CB598797F9-FollowerState
2021-10-14 19:42:07,036 [pool-93-thread-1] INFO  util.JmxRegister (JmxRegister.java:tryRegister(44)) - Successfully registered JMX Bean with object name Ratis:service=RaftServer,group=group-22CB598797F9,id=0b6bda71-48c1-453f-8afc-63104cab6d5d
2021-10-14 19:42:07,037 [Command processor thread] INFO  ratis.XceiverServerRatis (XceiverServerRatis.java:addGroup(768)) - Created group PipelineID=d287db88-6e56-4fa8-aed6-22cb598797f9
2021-10-14 19:42:07,037 [Command processor thread] INFO  commandhandler.CreatePipelineCommandHandler (CreatePipelineCommandHandler.java:handle(106)) - Created Pipeline RATIS ONE PipelineID=d287db88-6e56-4fa8-aed6-22cb598797f9.
2021-10-14 19:42:07,045 [Command processor thread] INFO  server.RaftServer (RaftServerProxy.java:addNew(95)) - 0b6bda71-48c1-453f-8afc-63104cab6d5d: addNew group-6FE54C72DDE9:[0b6bda71-48c1-453f-8afc-63104cab6d5d|rpc:10.1.0.23:42925|priority:0, 33764f87-9c6a-47d4-8cea-d0f1d2ec7fe6|rpc:10.1.0.23:34363|priority:1, 587c4370-f397-42e1-8c47-82ec3f79bf3a|rpc:10.1.0.23:42273|priority:0] returns group-6FE54C72DDE9:java.util.concurrent.CompletableFuture@7cfd63b1[Not completed]
2021-10-14 19:42:07,049 [pool-93-thread-1] INFO  server.RaftServer$Division (RaftServerImpl.java:<init>(181)) - 0b6bda71-48c1-453f-8afc-63104cab6d5d: new RaftServerImpl for group-6FE54C72DDE9:[0b6bda71-48c1-453f-8afc-63104cab6d5d|rpc:10.1.0.23:42925|priority:0, 33764f87-9c6a-47d4-8cea-d0f1d2ec7fe6|rpc:10.1.0.23:34363|priority:1, 587c4370-f397-42e1-8c47-82ec3f79bf3a|rpc:10.1.0.23:42273|priority:0] with ContainerStateMachine:uninitialized
2021-10-14 19:42:07,049 [pool-93-thread-1] INFO  server.RaftServerConfigKeys (ConfUtils.java:logGet(44)) - raft.server.rpc.timeout.min = 5s (custom)
2021-10-14 19:42:07,050 [pool-93-thread-1] INFO  server.RaftServerConfigKeys (ConfUtils.java:logGet(44)) - raft.server.rpc.timeout.max = 5200ms (custom)
2021-10-14 19:42:07,050 [pool-93-thread-1] INFO  server.RaftServerConfigKeys (ConfUtils.java:logGet(44)) - raft.server.rpc.sleep.time = 25ms (default)
2021-10-14 19:42:07,050 [pool-93-thread-1] INFO  server.RaftServerConfigKeys (ConfUtils.java:logGet(44)) - raft.server.rpc.slowness.timeout = 300000ms (custom)
2021-10-14 19:42:07,050 [pool-93-thread-1] INFO  server.RaftServerConfigKeys (ConfUtils.java:logGet(44)) - raft.server.leaderelection.leader.step-down.wait-time = 10s (default)
2021-10-14 19:42:07,050 [pool-93-thread-1] INFO  server.RaftServerConfigKeys (ConfUtils.java:logGet(44)) - raft.server.sleep.deviation.threshold = 300ms (default)
2021-10-14 19:42:07,050 [pool-93-thread-1] INFO  server.RaftServerConfigKeys (ConfUtils.java:logGet(44)) - raft.server.log.appender.install.snapshot.enabled = false (custom)
2021-10-14 19:42:07,050 [pool-93-thread-1] INFO  server.RaftServer$Division (ServerState.java:<init>(105)) - 0b6bda71-48c1-453f-8afc-63104cab6d5d@group-6FE54C72DDE9: ConfigurationManager, init=-1: [0b6bda71-48c1-453f-8afc-63104cab6d5d|rpc:10.1.0.23:42925|priority:0, 33764f87-9c6a-47d4-8cea-d0f1d2ec7fe6|rpc:10.1.0.23:34363|priority:1, 587c4370-f397-42e1-8c47-82ec3f79bf3a|rpc:10.1.0.23:42273|priority:0], old=null, confs=<EMPTY_MAP>
2021-10-14 19:42:07,050 [pool-93-thread-1] INFO  server.RaftServerConfigKeys (ConfUtils.java:logGet(44)) - raft.server.storage.dir = [/home/runner/work/ozone/ozone/hadoop-ozone/integration-test/target/test-dir/MiniOzoneClusterImpl-0ea35d3c-98b9-4918-895e-fcd9be0efca6/datanode-2/data/ratis] (custom)
2021-10-14 19:42:07,050 [pool-93-thread-1] INFO  server.RaftServerConfigKeys (ConfUtils.java:logGet(44)) - raft.server.log.corruption.policy = EXCEPTION (default)
2021-10-14 19:42:07,050 [pool-93-thread-1] INFO  server.RaftServerConfigKeys (ConfUtils.java:logGet(44)) - raft.server.storage.free-space.min = 0MB (=0) (default)
2021-10-14 19:42:07,051 [pool-93-thread-1] INFO  storage.RaftStorageDirectory (RaftStorageDirectoryImpl.java:analyzeStorage(135)) - The storage directory /home/runner/work/ozone/ozone/hadoop-ozone/integration-test/target/test-dir/MiniOzoneClusterImpl-0ea35d3c-98b9-4918-895e-fcd9be0efca6/datanode-2/data/ratis/9d216525-7da3-4ddd-a19b-6fe54c72dde9 does not exist. Creating ...
2021-10-14 19:42:07,053 [pool-93-thread-1] INFO  storage.RaftStorageDirectory (RaftStorageDirectoryImpl.java:tryLock(230)) - Lock on /home/runner/work/ozone/ozone/hadoop-ozone/integration-test/target/test-dir/MiniOzoneClusterImpl-0ea35d3c-98b9-4918-895e-fcd9be0efca6/datanode-2/data/ratis/9d216525-7da3-4ddd-a19b-6fe54c72dde9/in_use.lock acquired by nodename 16848@fv-az184-831
2021-10-14 19:42:07,062 [pool-93-thread-1] INFO  storage.RaftStorage (RaftStorageImpl.java:format(89)) - Storage directory /home/runner/work/ozone/ozone/hadoop-ozone/integration-test/target/test-dir/MiniOzoneClusterImpl-0ea35d3c-98b9-4918-895e-fcd9be0efca6/datanode-2/data/ratis/9d216525-7da3-4ddd-a19b-6fe54c72dde9 has been successfully formatted.
2021-10-14 19:42:07,062 [Datanode State Machine Thread - 0] WARN  statemachine.StateContext (StateContext.java:execute(621)) - No available thread in pool for past 1 seconds.
2021-10-14 19:42:07,063 [pool-93-thread-1] INFO  ratis.ContainerStateMachine (ContainerStateMachine.java:loadSnapshot(224)) - group-6FE54C72DDE9: The snapshot info is null. Setting the last applied indexto:(t:0, i:~)
2021-10-14 19:42:07,064 [pool-93-thread-1] INFO  server.RaftServerConfigKeys (ConfUtils.java:logGet(44)) - raft.server.notification.no-leader.timeout = 300000ms (custom)
2021-10-14 19:42:07,064 [pool-93-thread-1] INFO  server.RaftServerConfigKeys (ConfUtils.java:logGet(44)) - raft.server.log.use.memory = false (default)
2021-10-14 19:42:07,064 [pool-93-thread-1] INFO  server.RaftServerConfigKeys (ConfUtils.java:logGet(44)) - raft.server.log.purge.gap = 1000000 (custom)
2021-10-14 19:42:07,064 [pool-93-thread-1] INFO  server.RaftServerConfigKeys (ConfUtils.java:logGet(44)) - raft.server.log.appender.buffer.byte-limit = 33554432 (custom)
2021-10-14 19:42:07,064 [pool-93-thread-1] INFO  server.RaftServerConfigKeys (ConfUtils.java:logGet(44)) - raft.server.log.segment.size.max = 1048576 (custom)
2021-10-14 19:42:07,066 [pool-93-thread-1] INFO  server.RaftServerConfigKeys (ConfUtils.java:logGet(44)) - raft.server.log.segment.cache.num.max = 2 (custom)
2021-10-14 19:42:07,066 [pool-93-thread-1] INFO  server.RaftServerConfigKeys (ConfUtils.java:logGet(44)) - raft.server.log.segment.cache.size.max = 200MB (=209715200) (default)
2021-10-14 19:42:07,066 [pool-93-thread-1] INFO  segmented.SegmentedRaftLogWorker (SegmentedRaftLogWorker.java:<init>(182)) - new 0b6bda71-48c1-453f-8afc-63104cab6d5d@group-6FE54C72DDE9-SegmentedRaftLogWorker for RaftStorageImpl:Storage Directory /home/runner/work/ozone/ozone/hadoop-ozone/integration-test/target/test-dir/MiniOzoneClusterImpl-0ea35d3c-98b9-4918-895e-fcd9be0efca6/datanode-2/data/ratis/9d216525-7da3-4ddd-a19b-6fe54c72dde9
2021-10-14 19:42:07,066 [pool-93-thread-1] INFO  server.RaftServerConfigKeys (ConfUtils.java:logGet(44)) - raft.server.log.queue.byte-limit = 2147483647 (custom)
2021-10-14 19:42:07,066 [pool-93-thread-1] INFO  server.RaftServerConfigKeys (ConfUtils.java:logGet(44)) - raft.server.log.queue.element-limit = 1024 (custom)
2021-10-14 19:42:07,066 [pool-93-thread-1] INFO  server.RaftServerConfigKeys (ConfUtils.java:logGet(44)) - raft.server.log.segment.size.max = 1048576 (custom)
2021-10-14 19:42:07,066 [pool-93-thread-1] INFO  server.RaftServerConfigKeys (ConfUtils.java:logGet(44)) - raft.server.log.preallocated.size = 16384 (custom)
2021-10-14 19:42:07,066 [pool-93-thread-1] INFO  server.RaftServerConfigKeys (ConfUtils.java:logGet(44)) - raft.server.log.force.sync.num = 128 (default)
2021-10-14 19:42:07,067 [pool-93-thread-1] INFO  server.RaftServerConfigKeys (ConfUtils.java:logGet(44)) - raft.server.log.statemachine.data.sync = true (default)
2021-10-14 19:42:07,067 [pool-93-thread-1] INFO  server.RaftServerConfigKeys (ConfUtils.java:logGet(44)) - raft.server.log.statemachine.data.sync.timeout = 10s (default)
2021-10-14 19:42:07,067 [pool-93-thread-1] INFO  server.RaftServerConfigKeys (ConfUtils.java:logGet(44)) - raft.server.log.statemachine.data.sync.timeout.retry = -1 (default)
2021-10-14 19:42:07,068 [pool-93-thread-1] INFO  server.RaftServerConfigKeys (ConfUtils.java:logGet(44)) - raft.server.log.write.buffer.size = 1048576 (custom)
2021-10-14 19:42:07,078 [pool-93-thread-1] INFO  server.RaftServerConfigKeys (ConfUtils.java:logGet(44)) - raft.server.log.statemachine.data.caching.enabled = true (custom)
2021-10-14 19:42:07,079 [pool-93-thread-1] INFO  segmented.SegmentedRaftLogWorker (SegmentedRaftLogWorker.java:lambda$new$0(133)) - 0b6bda71-48c1-453f-8afc-63104cab6d5d@group-6FE54C72DDE9-SegmentedRaftLogWorker: flushIndex: setUnconditionally 0 -> -1
2021-10-14 19:42:07,079 [pool-93-thread-1] INFO  segmented.SegmentedRaftLogWorker (SegmentedRaftLogWorker.java:lambda$new$0(133)) - 0b6bda71-48c1-453f-8afc-63104cab6d5d@group-6FE54C72DDE9-SegmentedRaftLogWorker: safeCacheEvictIndex: setUnconditionally 0 -> -1
2021-10-14 19:42:07,080 [EventQueue-OpenPipelineForHealthyPipelineSafeModeRule] INFO  safemode.SCMSafeModeManager (HealthyPipelineSafeModeRule.java:process(124)) - SCM in safe mode. Healthy pipelines reported count is 0, required healthy pipeline reported count is 1
2021-10-14 19:42:07,085 [pool-93-thread-1] INFO  server.RaftServerConfigKeys (ConfUtils.java:logGet(44)) - raft.server.snapshot.auto.trigger.enabled = true (custom)
2021-10-14 19:42:07,085 [pool-93-thread-1] INFO  server.RaftServerConfigKeys (ConfUtils.java:logGet(44)) - raft.server.snapshot.auto.trigger.threshold = 10000 (custom)
2021-10-14 19:42:07,085 [pool-93-thread-1] INFO  server.RaftServerConfigKeys (ConfUtils.java:logGet(44)) - raft.server.snapshot.retention.file.num = 5 (custom)
2021-10-14 19:42:07,085 [pool-93-thread-1] INFO  server.RaftServerConfigKeys (ConfUtils.java:logGet(44)) - raft.server.log.purge.upto.snapshot.index = false (default)
2021-10-14 19:42:07,086 [pool-93-thread-1] INFO  server.RaftServerConfigKeys (ConfUtils.java:logGet(44)) - raft.server.retrycache.expirytime = 600000ms (custom)
2021-10-14 19:42:07,086 [pool-93-thread-1] INFO  server.RaftServerConfigKeys (ConfUtils.java:logGet(44)) - raft.server.retrycache.statistics.expirytime = 100μs (default)
2021-10-14 19:42:07,087 [pool-93-thread-1] INFO  server.RaftServer$Division (RaftServerImpl.java:start(296)) - 0b6bda71-48c1-453f-8afc-63104cab6d5d@group-6FE54C72DDE9: start as a follower, conf=-1: [0b6bda71-48c1-453f-8afc-63104cab6d5d|rpc:10.1.0.23:42925|priority:0, 33764f87-9c6a-47d4-8cea-d0f1d2ec7fe6|rpc:10.1.0.23:34363|priority:1, 587c4370-f397-42e1-8c47-82ec3f79bf3a|rpc:10.1.0.23:42273|priority:0], old=null
2021-10-14 19:42:07,087 [pool-93-thread-1] INFO  server.RaftServer$Division (RaftServerImpl.java:setRole(285)) - 0b6bda71-48c1-453f-8afc-63104cab6d5d@group-6FE54C72DDE9: changes role from      null to FOLLOWER at term 0 for startAsFollower
2021-10-14 19:42:07,087 [pool-93-thread-1] INFO  impl.RoleInfo (RoleInfo.java:updateAndGet(130)) - 0b6bda71-48c1-453f-8afc-63104cab6d5d: start 0b6bda71-48c1-453f-8afc-63104cab6d5d@group-6FE54C72DDE9-FollowerState
2021-10-14 19:42:07,088 [pool-93-thread-1] INFO  util.JmxRegister (JmxRegister.java:tryRegister(44)) - Successfully registered JMX Bean with object name Ratis:service=RaftServer,group=group-6FE54C72DDE9,id=0b6bda71-48c1-453f-8afc-63104cab6d5d
2021-10-14 19:42:07,088 [Command processor thread] INFO  ratis.XceiverServerRatis (XceiverServerRatis.java:addGroup(768)) - Created group PipelineID=9d216525-7da3-4ddd-a19b-6fe54c72dde9
2021-10-14 19:42:07,102 [Command processor thread] INFO  commandhandler.CreatePipelineCommandHandler (CreatePipelineCommandHandler.java:handle(106)) - Created Pipeline RATIS THREE PipelineID=61889154-9774-4b7a-8632-e6a68dce718d.
2021-10-14 19:42:07,104 [Command processor thread] INFO  server.RaftServer (RaftServerProxy.java:addNew(95)) - 33764f87-9c6a-47d4-8cea-d0f1d2ec7fe6: addNew group-6FE54C72DDE9:[0b6bda71-48c1-453f-8afc-63104cab6d5d|rpc:10.1.0.23:42925|priority:0, 33764f87-9c6a-47d4-8cea-d0f1d2ec7fe6|rpc:10.1.0.23:34363|priority:1, 587c4370-f397-42e1-8c47-82ec3f79bf3a|rpc:10.1.0.23:42273|priority:0] returns group-6FE54C72DDE9:java.util.concurrent.CompletableFuture@6ab4a394[Not completed]
2021-10-14 19:42:07,105 [pool-74-thread-1] INFO  server.RaftServer$Division (RaftServerImpl.java:<init>(181)) - 33764f87-9c6a-47d4-8cea-d0f1d2ec7fe6: new RaftServerImpl for group-6FE54C72DDE9:[0b6bda71-48c1-453f-8afc-63104cab6d5d|rpc:10.1.0.23:42925|priority:0, 33764f87-9c6a-47d4-8cea-d0f1d2ec7fe6|rpc:10.1.0.23:34363|priority:1, 587c4370-f397-42e1-8c47-82ec3f79bf3a|rpc:10.1.0.23:42273|priority:0] with ContainerStateMachine:uninitialized
2021-10-14 19:42:07,105 [pool-74-thread-1] INFO  server.RaftServerConfigKeys (ConfUtils.java:logGet(44)) - raft.server.rpc.timeout.min = 5s (custom)
2021-10-14 19:42:07,105 [pool-74-thread-1] INFO  server.RaftServerConfigKeys (ConfUtils.java:logGet(44)) - raft.server.rpc.timeout.max = 5200ms (custom)
2021-10-14 19:42:07,105 [pool-74-thread-1] INFO  server.RaftServerConfigKeys (ConfUtils.java:logGet(44)) - raft.server.rpc.sleep.time = 25ms (default)
2021-10-14 19:42:07,105 [pool-74-thread-1] INFO  server.RaftServerConfigKeys (ConfUtils.java:logGet(44)) - raft.server.rpc.slowness.timeout = 300000ms (custom)
2021-10-14 19:42:07,105 [pool-74-thread-1] INFO  server.RaftServerConfigKeys (ConfUtils.java:logGet(44)) - raft.server.leaderelection.leader.step-down.wait-time = 10s (default)
2021-10-14 19:42:07,105 [pool-74-thread-1] INFO  server.RaftServerConfigKeys (ConfUtils.java:logGet(44)) - raft.server.sleep.deviation.threshold = 300ms (default)
2021-10-14 19:42:07,105 [pool-74-thread-1] INFO  server.RaftServerConfigKeys (ConfUtils.java:logGet(44)) - raft.server.log.appender.install.snapshot.enabled = false (custom)
2021-10-14 19:42:07,106 [pool-74-thread-1] INFO  server.RaftServer$Division (ServerState.java:<init>(105)) - 33764f87-9c6a-47d4-8cea-d0f1d2ec7fe6@group-6FE54C72DDE9: ConfigurationManager, init=-1: [0b6bda71-48c1-453f-8afc-63104cab6d5d|rpc:10.1.0.23:42925|priority:0, 33764f87-9c6a-47d4-8cea-d0f1d2ec7fe6|rpc:10.1.0.23:34363|priority:1, 587c4370-f397-42e1-8c47-82ec3f79bf3a|rpc:10.1.0.23:42273|priority:0], old=null, confs=<EMPTY_MAP>
2021-10-14 19:42:07,106 [pool-74-thread-1] INFO  server.RaftServerConfigKeys (ConfUtils.java:logGet(44)) - raft.server.storage.dir = [/home/runner/work/ozone/ozone/hadoop-ozone/integration-test/target/test-dir/MiniOzoneClusterImpl-0ea35d3c-98b9-4918-895e-fcd9be0efca6/datanode-1/data/ratis] (custom)
2021-10-14 19:42:07,106 [pool-74-thread-1] INFO  server.RaftServerConfigKeys (ConfUtils.java:logGet(44)) - raft.server.log.corruption.policy = EXCEPTION (default)
2021-10-14 19:42:07,106 [pool-74-thread-1] INFO  server.RaftServerConfigKeys (ConfUtils.java:logGet(44)) - raft.server.storage.free-space.min = 0MB (=0) (default)
2021-10-14 19:42:07,106 [pool-74-thread-1] INFO  storage.RaftStorageDirectory (RaftStorageDirectoryImpl.java:analyzeStorage(135)) - The storage directory /home/runner/work/ozone/ozone/hadoop-ozone/integration-test/target/test-dir/MiniOzoneClusterImpl-0ea35d3c-98b9-4918-895e-fcd9be0efca6/datanode-1/data/ratis/9d216525-7da3-4ddd-a19b-6fe54c72dde9 does not exist. Creating ...
2021-10-14 19:42:07,108 [pool-74-thread-1] INFO  storage.RaftStorageDirectory (RaftStorageDirectoryImpl.java:tryLock(230)) - Lock on /home/runner/work/ozone/ozone/hadoop-ozone/integration-test/target/test-dir/MiniOzoneClusterImpl-0ea35d3c-98b9-4918-895e-fcd9be0efca6/datanode-1/data/ratis/9d216525-7da3-4ddd-a19b-6fe54c72dde9/in_use.lock acquired by nodename 16848@fv-az184-831
2021-10-14 19:42:07,109 [pool-74-thread-1] INFO  storage.RaftStorage (RaftStorageImpl.java:format(89)) - Storage directory /home/runner/work/ozone/ozone/hadoop-ozone/integration-test/target/test-dir/MiniOzoneClusterImpl-0ea35d3c-98b9-4918-895e-fcd9be0efca6/datanode-1/data/ratis/9d216525-7da3-4ddd-a19b-6fe54c72dde9 has been successfully formatted.
2021-10-14 19:42:07,109 [pool-74-thread-1] INFO  ratis.ContainerStateMachine (ContainerStateMachine.java:loadSnapshot(224)) - group-6FE54C72DDE9: The snapshot info is null. Setting the last applied indexto:(t:0, i:~)
2021-10-14 19:42:07,109 [pool-74-thread-1] INFO  server.RaftServerConfigKeys (ConfUtils.java:logGet(44)) - raft.server.notification.no-leader.timeout = 300000ms (custom)
2021-10-14 19:42:07,109 [Datanode State Machine Thread - 0] WARN  statemachine.StateContext (StateContext.java:execute(621)) - No available thread in pool for past 1 seconds.
2021-10-14 19:42:07,109 [pool-74-thread-1] INFO  server.RaftServerConfigKeys (ConfUtils.java:logGet(44)) - raft.server.log.use.memory = false (default)
2021-10-14 19:42:07,110 [pool-74-thread-1] INFO  server.RaftServerConfigKeys (ConfUtils.java:logGet(44)) - raft.server.log.purge.gap = 1000000 (custom)
2021-10-14 19:42:07,110 [pool-74-thread-1] INFO  server.RaftServerConfigKeys (ConfUtils.java:logGet(44)) - raft.server.log.appender.buffer.byte-limit = 33554432 (custom)
2021-10-14 19:42:07,110 [pool-74-thread-1] INFO  server.RaftServerConfigKeys (ConfUtils.java:logGet(44)) - raft.server.log.segment.size.max = 1048576 (custom)
2021-10-14 19:42:07,111 [pool-74-thread-1] INFO  server.RaftServerConfigKeys (ConfUtils.java:logGet(44)) - raft.server.log.segment.cache.num.max = 2 (custom)
2021-10-14 19:42:07,111 [pool-74-thread-1] INFO  server.RaftServerConfigKeys (ConfUtils.java:logGet(44)) - raft.server.log.segment.cache.size.max = 200MB (=209715200) (default)
2021-10-14 19:42:07,111 [pool-74-thread-1] INFO  segmented.SegmentedRaftLogWorker (SegmentedRaftLogWorker.java:<init>(182)) - new 33764f87-9c6a-47d4-8cea-d0f1d2ec7fe6@group-6FE54C72DDE9-SegmentedRaftLogWorker for RaftStorageImpl:Storage Directory /home/runner/work/ozone/ozone/hadoop-ozone/integration-test/target/test-dir/MiniOzoneClusterImpl-0ea35d3c-98b9-4918-895e-fcd9be0efca6/datanode-1/data/ratis/9d216525-7da3-4ddd-a19b-6fe54c72dde9
2021-10-14 19:42:07,115 [EventQueue-OpenPipelineForHealthyPipelineSafeModeRule] INFO  safemode.SCMSafeModeManager (HealthyPipelineSafeModeRule.java:process(124)) - SCM in safe mode. Healthy pipelines reported count is 0, required healthy pipeline reported count is 1
2021-10-14 19:42:07,116 [pool-74-thread-1] INFO  server.RaftServerConfigKeys (ConfUtils.java:logGet(44)) - raft.server.log.queue.byte-limit = 2147483647 (custom)
2021-10-14 19:42:07,116 [pool-74-thread-1] INFO  server.RaftServerConfigKeys (ConfUtils.java:logGet(44)) - raft.server.log.queue.element-limit = 1024 (custom)
2021-10-14 19:42:07,117 [pool-74-thread-1] INFO  server.RaftServerConfigKeys (ConfUtils.java:logGet(44)) - raft.server.log.segment.size.max = 1048576 (custom)
2021-10-14 19:42:07,117 [pool-74-thread-1] INFO  server.RaftServerConfigKeys (ConfUtils.java:logGet(44)) - raft.server.log.preallocated.size = 16384 (custom)
2021-10-14 19:42:07,117 [pool-74-thread-1] INFO  server.RaftServerConfigKeys (ConfUtils.java:logGet(44)) - raft.server.log.force.sync.num = 128 (default)
2021-10-14 19:42:07,117 [pool-74-thread-1] INFO  server.RaftServerConfigKeys (ConfUtils.java:logGet(44)) - raft.server.log.statemachine.data.sync = true (default)
2021-10-14 19:42:07,117 [pool-74-thread-1] INFO  server.RaftServerConfigKeys (ConfUtils.java:logGet(44)) - raft.server.log.statemachine.data.sync.timeout = 10s (default)
2021-10-14 19:42:07,117 [pool-74-thread-1] INFO  server.RaftServerConfigKeys (ConfUtils.java:logGet(44)) - raft.server.log.statemachine.data.sync.timeout.retry = -1 (default)
2021-10-14 19:42:07,118 [pool-74-thread-1] INFO  server.RaftServerConfigKeys (ConfUtils.java:logGet(44)) - raft.server.log.write.buffer.size = 1048576 (custom)
2021-10-14 19:42:07,119 [pool-74-thread-1] INFO  server.RaftServerConfigKeys (ConfUtils.java:logGet(44)) - raft.server.log.statemachine.data.caching.enabled = true (custom)
2021-10-14 19:42:07,119 [pool-74-thread-1] INFO  segmented.SegmentedRaftLogWorker (SegmentedRaftLogWorker.java:lambda$new$0(133)) - 33764f87-9c6a-47d4-8cea-d0f1d2ec7fe6@group-6FE54C72DDE9-SegmentedRaftLogWorker: flushIndex: setUnconditionally 0 -> -1
2021-10-14 19:42:07,119 [pool-74-thread-1] INFO  segmented.SegmentedRaftLogWorker (SegmentedRaftLogWorker.java:lambda$new$0(133)) - 33764f87-9c6a-47d4-8cea-d0f1d2ec7fe6@group-6FE54C72DDE9-SegmentedRaftLogWorker: safeCacheEvictIndex: setUnconditionally 0 -> -1
2021-10-14 19:42:07,123 [pool-74-thread-1] INFO  server.RaftServerConfigKeys (ConfUtils.java:logGet(44)) - raft.server.snapshot.auto.trigger.enabled = true (custom)
2021-10-14 19:42:07,123 [pool-74-thread-1] INFO  server.RaftServerConfigKeys (ConfUtils.java:logGet(44)) - raft.server.snapshot.auto.trigger.threshold = 10000 (custom)
2021-10-14 19:42:07,123 [pool-74-thread-1] INFO  server.RaftServerConfigKeys (ConfUtils.java:logGet(44)) - raft.server.snapshot.retention.file.num = 5 (custom)
2021-10-14 19:42:07,124 [pool-74-thread-1] INFO  server.RaftServerConfigKeys (ConfUtils.java:logGet(44)) - raft.server.log.purge.upto.snapshot.index = false (default)
2021-10-14 19:42:07,124 [pool-74-thread-1] INFO  server.RaftServerConfigKeys (ConfUtils.java:logGet(44)) - raft.server.retrycache.expirytime = 600000ms (custom)
2021-10-14 19:42:07,124 [pool-74-thread-1] INFO  server.RaftServerConfigKeys (ConfUtils.java:logGet(44)) - raft.server.retrycache.statistics.expirytime = 100μs (default)
2021-10-14 19:42:07,125 [pool-74-thread-1] INFO  server.RaftServer$Division (RaftServerImpl.java:start(296)) - 33764f87-9c6a-47d4-8cea-d0f1d2ec7fe6@group-6FE54C72DDE9: start as a follower, conf=-1: [0b6bda71-48c1-453f-8afc-63104cab6d5d|rpc:10.1.0.23:42925|priority:0, 33764f87-9c6a-47d4-8cea-d0f1d2ec7fe6|rpc:10.1.0.23:34363|priority:1, 587c4370-f397-42e1-8c47-82ec3f79bf3a|rpc:10.1.0.23:42273|priority:0], old=null
2021-10-14 19:42:07,129 [pool-74-thread-1] INFO  server.RaftServer$Division (RaftServerImpl.java:setRole(285)) - 33764f87-9c6a-47d4-8cea-d0f1d2ec7fe6@group-6FE54C72DDE9: changes role from      null to FOLLOWER at term 0 for startAsFollower
2021-10-14 19:42:07,129 [pool-74-thread-1] INFO  impl.RoleInfo (RoleInfo.java:updateAndGet(130)) - 33764f87-9c6a-47d4-8cea-d0f1d2ec7fe6: start 33764f87-9c6a-47d4-8cea-d0f1d2ec7fe6@group-6FE54C72DDE9-FollowerState
2021-10-14 19:42:07,129 [pool-74-thread-1] INFO  util.JmxRegister (JmxRegister.java:tryRegister(44)) - Successfully registered JMX Bean with object name Ratis:service=RaftServer,group=group-6FE54C72DDE9,id=33764f87-9c6a-47d4-8cea-d0f1d2ec7fe6
2021-10-14 19:42:07,131 [Command processor thread] INFO  ratis.XceiverServerRatis (XceiverServerRatis.java:addGroup(768)) - Created group PipelineID=9d216525-7da3-4ddd-a19b-6fe54c72dde9
2021-10-14 19:42:07,141 [Command processor thread] INFO  commandhandler.CreatePipelineCommandHandler (CreatePipelineCommandHandler.java:handle(106)) - Created Pipeline RATIS THREE PipelineID=61889154-9774-4b7a-8632-e6a68dce718d.
2021-10-14 19:42:07,141 [Command processor thread] INFO  server.RaftServer (RaftServerProxy.java:addNew(95)) - 587c4370-f397-42e1-8c47-82ec3f79bf3a: addNew group-6FE54C72DDE9:[0b6bda71-48c1-453f-8afc-63104cab6d5d|rpc:10.1.0.23:42925|priority:0, 33764f87-9c6a-47d4-8cea-d0f1d2ec7fe6|rpc:10.1.0.23:34363|priority:1, 587c4370-f397-42e1-8c47-82ec3f79bf3a|rpc:10.1.0.23:42273|priority:0] returns group-6FE54C72DDE9:java.util.concurrent.CompletableFuture@4e261ca6[Not completed]
2021-10-14 19:42:07,142 [pool-55-thread-1] INFO  server.RaftServer$Division (RaftServerImpl.java:<init>(181)) - 587c4370-f397-42e1-8c47-82ec3f79bf3a: new RaftServerImpl for group-6FE54C72DDE9:[0b6bda71-48c1-453f-8afc-63104cab6d5d|rpc:10.1.0.23:42925|priority:0, 33764f87-9c6a-47d4-8cea-d0f1d2ec7fe6|rpc:10.1.0.23:34363|priority:1, 587c4370-f397-42e1-8c47-82ec3f79bf3a|rpc:10.1.0.23:42273|priority:0] with ContainerStateMachine:uninitialized
2021-10-14 19:42:07,142 [pool-55-thread-1] INFO  server.RaftServerConfigKeys (ConfUtils.java:logGet(44)) - raft.server.rpc.timeout.min = 5s (custom)
2021-10-14 19:42:07,142 [pool-55-thread-1] INFO  server.RaftServerConfigKeys (ConfUtils.java:logGet(44)) - raft.server.rpc.timeout.max = 5200ms (custom)
2021-10-14 19:42:07,144 [pool-55-thread-1] INFO  server.RaftServerConfigKeys (ConfUtils.java:logGet(44)) - raft.server.rpc.sleep.time = 25ms (default)
2021-10-14 19:42:07,144 [pool-55-thread-1] INFO  server.RaftServerConfigKeys (ConfUtils.java:logGet(44)) - raft.server.rpc.slowness.timeout = 300000ms (custom)
2021-10-14 19:42:07,144 [pool-55-thread-1] INFO  server.RaftServerConfigKeys (ConfUtils.java:logGet(44)) - raft.server.leaderelection.leader.step-down.wait-time = 10s (default)
2021-10-14 19:42:07,144 [pool-55-thread-1] INFO  server.RaftServerConfigKeys (ConfUtils.java:logGet(44)) - raft.server.sleep.deviation.threshold = 300ms (default)
2021-10-14 19:42:07,144 [pool-55-thread-1] INFO  server.RaftServerConfigKeys (ConfUtils.java:logGet(44)) - raft.server.log.appender.install.snapshot.enabled = false (custom)
2021-10-14 19:42:07,145 [pool-55-thread-1] INFO  server.RaftServer$Division (ServerState.java:<init>(105)) - 587c4370-f397-42e1-8c47-82ec3f79bf3a@group-6FE54C72DDE9: ConfigurationManager, init=-1: [0b6bda71-48c1-453f-8afc-63104cab6d5d|rpc:10.1.0.23:42925|priority:0, 33764f87-9c6a-47d4-8cea-d0f1d2ec7fe6|rpc:10.1.0.23:34363|priority:1, 587c4370-f397-42e1-8c47-82ec3f79bf3a|rpc:10.1.0.23:42273|priority:0], old=null, confs=<EMPTY_MAP>
2021-10-14 19:42:07,145 [pool-55-thread-1] INFO  server.RaftServerConfigKeys (ConfUtils.java:logGet(44)) - raft.server.storage.dir = [/home/runner/work/ozone/ozone/hadoop-ozone/integration-test/target/test-dir/MiniOzoneClusterImpl-0ea35d3c-98b9-4918-895e-fcd9be0efca6/datanode-0/data/ratis] (custom)
2021-10-14 19:42:07,145 [pool-55-thread-1] INFO  server.RaftServerConfigKeys (ConfUtils.java:logGet(44)) - raft.server.log.corruption.policy = EXCEPTION (default)
2021-10-14 19:42:07,145 [pool-55-thread-1] INFO  server.RaftServerConfigKeys (ConfUtils.java:logGet(44)) - raft.server.storage.free-space.min = 0MB (=0) (default)
2021-10-14 19:42:07,149 [pool-55-thread-1] INFO  storage.RaftStorageDirectory (RaftStorageDirectoryImpl.java:analyzeStorage(135)) - The storage directory /home/runner/work/ozone/ozone/hadoop-ozone/integration-test/target/test-dir/MiniOzoneClusterImpl-0ea35d3c-98b9-4918-895e-fcd9be0efca6/datanode-0/data/ratis/9d216525-7da3-4ddd-a19b-6fe54c72dde9 does not exist. Creating ...
2021-10-14 19:42:07,150 [pool-55-thread-1] INFO  storage.RaftStorageDirectory (RaftStorageDirectoryImpl.java:tryLock(230)) - Lock on /home/runner/work/ozone/ozone/hadoop-ozone/integration-test/target/test-dir/MiniOzoneClusterImpl-0ea35d3c-98b9-4918-895e-fcd9be0efca6/datanode-0/data/ratis/9d216525-7da3-4ddd-a19b-6fe54c72dde9/in_use.lock acquired by nodename 16848@fv-az184-831
2021-10-14 19:42:07,156 [pool-55-thread-1] INFO  storage.RaftStorage (RaftStorageImpl.java:format(89)) - Storage directory /home/runner/work/ozone/ozone/hadoop-ozone/integration-test/target/test-dir/MiniOzoneClusterImpl-0ea35d3c-98b9-4918-895e-fcd9be0efca6/datanode-0/data/ratis/9d216525-7da3-4ddd-a19b-6fe54c72dde9 has been successfully formatted.
2021-10-14 19:42:07,160 [pool-55-thread-1] INFO  ratis.ContainerStateMachine (ContainerStateMachine.java:loadSnapshot(224)) - group-6FE54C72DDE9: The snapshot info is null. Setting the last applied indexto:(t:0, i:~)
2021-10-14 19:42:07,160 [pool-55-thread-1] INFO  server.RaftServerConfigKeys (ConfUtils.java:logGet(44)) - raft.server.notification.no-leader.timeout = 300000ms (custom)
2021-10-14 19:42:07,160 [pool-55-thread-1] INFO  server.RaftServerConfigKeys (ConfUtils.java:logGet(44)) - raft.server.log.use.memory = false (default)
2021-10-14 19:42:07,160 [pool-55-thread-1] INFO  server.RaftServerConfigKeys (ConfUtils.java:logGet(44)) - raft.server.log.purge.gap = 1000000 (custom)
2021-10-14 19:42:07,160 [pool-55-thread-1] INFO  server.RaftServerConfigKeys (ConfUtils.java:logGet(44)) - raft.server.log.appender.buffer.byte-limit = 33554432 (custom)
2021-10-14 19:42:07,160 [pool-55-thread-1] INFO  server.RaftServerConfigKeys (ConfUtils.java:logGet(44)) - raft.server.log.segment.size.max = 1048576 (custom)
2021-10-14 19:42:07,160 [Datanode State Machine Thread - 0] WARN  statemachine.StateContext (StateContext.java:execute(621)) - No available thread in pool for past 1 seconds.
2021-10-14 19:42:07,161 [pool-55-thread-1] INFO  server.RaftServerConfigKeys (ConfUtils.java:logGet(44)) - raft.server.log.segment.cache.num.max = 2 (custom)
2021-10-14 19:42:07,161 [pool-55-thread-1] INFO  server.RaftServerConfigKeys (ConfUtils.java:logGet(44)) - raft.server.log.segment.cache.size.max = 200MB (=209715200) (default)
2021-10-14 19:42:07,161 [pool-55-thread-1] INFO  segmented.SegmentedRaftLogWorker (SegmentedRaftLogWorker.java:<init>(182)) - new 587c4370-f397-42e1-8c47-82ec3f79bf3a@group-6FE54C72DDE9-SegmentedRaftLogWorker for RaftStorageImpl:Storage Directory /home/runner/work/ozone/ozone/hadoop-ozone/integration-test/target/test-dir/MiniOzoneClusterImpl-0ea35d3c-98b9-4918-895e-fcd9be0efca6/datanode-0/data/ratis/9d216525-7da3-4ddd-a19b-6fe54c72dde9
2021-10-14 19:42:07,161 [pool-55-thread-1] INFO  server.RaftServerConfigKeys (ConfUtils.java:logGet(44)) - raft.server.log.queue.byte-limit = 2147483647 (custom)
2021-10-14 19:42:07,161 [pool-55-thread-1] INFO  server.RaftServerConfigKeys (ConfUtils.java:logGet(44)) - raft.server.log.queue.element-limit = 1024 (custom)
2021-10-14 19:42:07,161 [pool-55-thread-1] INFO  server.RaftServerConfigKeys (ConfUtils.java:logGet(44)) - raft.server.log.segment.size.max = 1048576 (custom)
2021-10-14 19:42:07,161 [pool-55-thread-1] INFO  server.RaftServerConfigKeys (ConfUtils.java:logGet(44)) - raft.server.log.preallocated.size = 16384 (custom)
2021-10-14 19:42:07,161 [pool-55-thread-1] INFO  server.RaftServerConfigKeys (ConfUtils.java:logGet(44)) - raft.server.log.force.sync.num = 128 (default)
2021-10-14 19:42:07,162 [pool-55-thread-1] INFO  server.RaftServerConfigKeys (ConfUtils.java:logGet(44)) - raft.server.log.statemachine.data.sync = true (default)
2021-10-14 19:42:07,162 [pool-55-thread-1] INFO  server.RaftServerConfigKeys (ConfUtils.java:logGet(44)) - raft.server.log.statemachine.data.sync.timeout = 10s (default)
2021-10-14 19:42:07,162 [pool-55-thread-1] INFO  server.RaftServerConfigKeys (ConfUtils.java:logGet(44)) - raft.server.log.statemachine.data.sync.timeout.retry = -1 (default)
2021-10-14 19:42:07,163 [pool-55-thread-1] INFO  server.RaftServerConfigKeys (ConfUtils.java:logGet(44)) - raft.server.log.write.buffer.size = 1048576 (custom)
2021-10-14 19:42:07,165 [EventQueue-OpenPipelineForHealthyPipelineSafeModeRule] INFO  safemode.SCMSafeModeManager (HealthyPipelineSafeModeRule.java:process(124)) - SCM in safe mode. Healthy pipelines reported count is 0, required healthy pipeline reported count is 1
2021-10-14 19:42:07,165 [pool-55-thread-1] INFO  server.RaftServerConfigKeys (ConfUtils.java:logGet(44)) - raft.server.log.statemachine.data.caching.enabled = true (custom)
2021-10-14 19:42:07,167 [pool-55-thread-1] INFO  segmented.SegmentedRaftLogWorker (SegmentedRaftLogWorker.java:lambda$new$0(133)) - 587c4370-f397-42e1-8c47-82ec3f79bf3a@group-6FE54C72DDE9-SegmentedRaftLogWorker: flushIndex: setUnconditionally 0 -> -1
2021-10-14 19:42:07,168 [pool-55-thread-1] INFO  segmented.SegmentedRaftLogWorker (SegmentedRaftLogWorker.java:lambda$new$0(133)) - 587c4370-f397-42e1-8c47-82ec3f79bf3a@group-6FE54C72DDE9-SegmentedRaftLogWorker: safeCacheEvictIndex: setUnconditionally 0 -> -1
2021-10-14 19:42:07,168 [pool-55-thread-1] INFO  server.RaftServerConfigKeys (ConfUtils.java:logGet(44)) - raft.server.snapshot.auto.trigger.enabled = true (custom)
2021-10-14 19:42:07,168 [pool-55-thread-1] INFO  server.RaftServerConfigKeys (ConfUtils.java:logGet(44)) - raft.server.snapshot.auto.trigger.threshold = 10000 (custom)
2021-10-14 19:42:07,168 [pool-55-thread-1] INFO  server.RaftServerConfigKeys (ConfUtils.java:logGet(44)) - raft.server.snapshot.retention.file.num = 5 (custom)
2021-10-14 19:42:07,168 [pool-55-thread-1] INFO  server.RaftServerConfigKeys (ConfUtils.java:logGet(44)) - raft.server.log.purge.upto.snapshot.index = false (default)
2021-10-14 19:42:07,168 [pool-55-thread-1] INFO  server.RaftServerConfigKeys (ConfUtils.java:logGet(44)) - raft.server.retrycache.expirytime = 600000ms (custom)
2021-10-14 19:42:07,168 [pool-55-thread-1] INFO  server.RaftServerConfigKeys (ConfUtils.java:logGet(44)) - raft.server.retrycache.statistics.expirytime = 100μs (default)
2021-10-14 19:42:07,170 [pool-55-thread-1] INFO  server.RaftServer$Division (RaftServerImpl.java:start(296)) - 587c4370-f397-42e1-8c47-82ec3f79bf3a@group-6FE54C72DDE9: start as a follower, conf=-1: [0b6bda71-48c1-453f-8afc-63104cab6d5d|rpc:10.1.0.23:42925|priority:0, 33764f87-9c6a-47d4-8cea-d0f1d2ec7fe6|rpc:10.1.0.23:34363|priority:1, 587c4370-f397-42e1-8c47-82ec3f79bf3a|rpc:10.1.0.23:42273|priority:0], old=null
2021-10-14 19:42:07,170 [pool-55-thread-1] INFO  server.RaftServer$Division (RaftServerImpl.java:setRole(285)) - 587c4370-f397-42e1-8c47-82ec3f79bf3a@group-6FE54C72DDE9: changes role from      null to FOLLOWER at term 0 for startAsFollower
2021-10-14 19:42:07,170 [pool-55-thread-1] INFO  impl.RoleInfo (RoleInfo.java:updateAndGet(130)) - 587c4370-f397-42e1-8c47-82ec3f79bf3a: start 587c4370-f397-42e1-8c47-82ec3f79bf3a@group-6FE54C72DDE9-FollowerState
2021-10-14 19:42:07,170 [pool-55-thread-1] INFO  util.JmxRegister (JmxRegister.java:tryRegister(44)) - Successfully registered JMX Bean with object name Ratis:service=RaftServer,group=group-6FE54C72DDE9,id=587c4370-f397-42e1-8c47-82ec3f79bf3a
2021-10-14 19:42:07,171 [Command processor thread] INFO  ratis.XceiverServerRatis (XceiverServerRatis.java:addGroup(768)) - Created group PipelineID=9d216525-7da3-4ddd-a19b-6fe54c72dde9
2021-10-14 19:42:07,208 [Command processor thread] INFO  server.RaftServer (RaftServerProxy.java:addNew(95)) - 84cf0c76-78e0-494d-aa1f-4383c35cad34: addNew group-C6AC7CE8E3A4:[84cf0c76-78e0-494d-aa1f-4383c35cad34|rpc:10.1.0.23:32881|priority:1] returns group-C6AC7CE8E3A4:java.util.concurrent.CompletableFuture@112d06ff[Not completed]
2021-10-14 19:42:07,218 [pool-112-thread-1] INFO  server.RaftServer$Division (RaftServerImpl.java:<init>(181)) - 84cf0c76-78e0-494d-aa1f-4383c35cad34: new RaftServerImpl for group-C6AC7CE8E3A4:[84cf0c76-78e0-494d-aa1f-4383c35cad34|rpc:10.1.0.23:32881|priority:1] with ContainerStateMachine:uninitialized
2021-10-14 19:42:07,227 [pool-112-thread-1] INFO  server.RaftServerConfigKeys (ConfUtils.java:logGet(44)) - raft.server.rpc.timeout.min = 5s (custom)
2021-10-14 19:42:07,227 [pool-112-thread-1] INFO  server.RaftServerConfigKeys (ConfUtils.java:logGet(44)) - raft.server.rpc.timeout.max = 5200ms (custom)
2021-10-14 19:42:07,227 [pool-112-thread-1] INFO  server.RaftServerConfigKeys (ConfUtils.java:logGet(44)) - raft.server.rpc.sleep.time = 25ms (default)
2021-10-14 19:42:07,228 [pool-112-thread-1] INFO  server.RaftServerConfigKeys (ConfUtils.java:logGet(44)) - raft.server.rpc.slowness.timeout = 300000ms (custom)
2021-10-14 19:42:07,228 [pool-112-thread-1] INFO  server.RaftServerConfigKeys (ConfUtils.java:logGet(44)) - raft.server.leaderelection.leader.step-down.wait-time = 10s (default)
2021-10-14 19:42:07,228 [pool-112-thread-1] INFO  server.RaftServerConfigKeys (ConfUtils.java:logGet(44)) - raft.server.sleep.deviation.threshold = 300ms (default)
2021-10-14 19:42:07,228 [pool-112-thread-1] INFO  server.RaftServerConfigKeys (ConfUtils.java:logGet(44)) - raft.server.log.appender.install.snapshot.enabled = false (custom)
2021-10-14 19:42:07,228 [pool-112-thread-1] INFO  server.RaftServer$Division (ServerState.java:<init>(105)) - 84cf0c76-78e0-494d-aa1f-4383c35cad34@group-C6AC7CE8E3A4: ConfigurationManager, init=-1: [84cf0c76-78e0-494d-aa1f-4383c35cad34|rpc:10.1.0.23:32881|priority:1], old=null, confs=<EMPTY_MAP>
2021-10-14 19:42:07,228 [pool-112-thread-1] INFO  server.RaftServerConfigKeys (ConfUtils.java:logGet(44)) - raft.server.storage.dir = [/home/runner/work/ozone/ozone/hadoop-ozone/integration-test/target/test-dir/MiniOzoneClusterImpl-0ea35d3c-98b9-4918-895e-fcd9be0efca6/datanode-3/data/ratis] (custom)
2021-10-14 19:42:07,228 [pool-112-thread-1] INFO  server.RaftServerConfigKeys (ConfUtils.java:logGet(44)) - raft.server.log.corruption.policy = EXCEPTION (default)
2021-10-14 19:42:07,228 [pool-112-thread-1] INFO  server.RaftServerConfigKeys (ConfUtils.java:logGet(44)) - raft.server.storage.free-space.min = 0MB (=0) (default)
2021-10-14 19:42:07,233 [Command processor thread] INFO  commandhandler.CreatePipelineCommandHandler (CreatePipelineCommandHandler.java:handle(106)) - Created Pipeline RATIS THREE PipelineID=9d216525-7da3-4ddd-a19b-6fe54c72dde9.
2021-10-14 19:42:07,236 [pool-112-thread-1] INFO  storage.RaftStorageDirectory (RaftStorageDirectoryImpl.java:analyzeStorage(135)) - The storage directory /home/runner/work/ozone/ozone/hadoop-ozone/integration-test/target/test-dir/MiniOzoneClusterImpl-0ea35d3c-98b9-4918-895e-fcd9be0efca6/datanode-3/data/ratis/c475e37c-a3a4-4c95-b0a6-c6ac7ce8e3a4 does not exist. Creating ...
2021-10-14 19:42:07,249 [pool-112-thread-1] INFO  storage.RaftStorageDirectory (RaftStorageDirectoryImpl.java:tryLock(230)) - Lock on /home/runner/work/ozone/ozone/hadoop-ozone/integration-test/target/test-dir/MiniOzoneClusterImpl-0ea35d3c-98b9-4918-895e-fcd9be0efca6/datanode-3/data/ratis/c475e37c-a3a4-4c95-b0a6-c6ac7ce8e3a4/in_use.lock acquired by nodename 16848@fv-az184-831
2021-10-14 19:42:07,256 [pool-112-thread-1] INFO  storage.RaftStorage (RaftStorageImpl.java:format(89)) - Storage directory /home/runner/work/ozone/ozone/hadoop-ozone/integration-test/target/test-dir/MiniOzoneClusterImpl-0ea35d3c-98b9-4918-895e-fcd9be0efca6/datanode-3/data/ratis/c475e37c-a3a4-4c95-b0a6-c6ac7ce8e3a4 has been successfully formatted.
2021-10-14 19:42:07,257 [Command processor thread] INFO  commandhandler.CreatePipelineCommandHandler (CreatePipelineCommandHandler.java:handle(106)) - Created Pipeline RATIS THREE PipelineID=9d216525-7da3-4ddd-a19b-6fe54c72dde9.
2021-10-14 19:42:07,258 [pool-112-thread-1] INFO  ratis.ContainerStateMachine (ContainerStateMachine.java:loadSnapshot(224)) - group-C6AC7CE8E3A4: The snapshot info is null. Setting the last applied indexto:(t:0, i:~)
2021-10-14 19:42:07,259 [pool-112-thread-1] INFO  server.RaftServerConfigKeys (ConfUtils.java:logGet(44)) - raft.server.notification.no-leader.timeout = 300000ms (custom)
2021-10-14 19:42:07,259 [pool-112-thread-1] INFO  server.RaftServerConfigKeys (ConfUtils.java:logGet(44)) - raft.server.log.use.memory = false (default)
2021-10-14 19:42:07,259 [pool-112-thread-1] INFO  server.RaftServerConfigKeys (ConfUtils.java:logGet(44)) - raft.server.log.purge.gap = 1000000 (custom)
2021-10-14 19:42:07,262 [EventQueue-PipelineReportForPipelineReportHandler] INFO  pipeline.PipelineManagerImpl (PipelineManagerImpl.java:openPipeline(282)) - Pipeline Pipeline[ Id: c475e37c-a3a4-4c95-b0a6-c6ac7ce8e3a4, Nodes: 84cf0c76-78e0-494d-aa1f-4383c35cad34{ip: 10.1.0.23, host: fv-az184-831.3ow45vhwbzuu5incsxmygykede.cx.internal.cloudapp.net, ports: [REPLICATION=38149, RATIS=32881, RATIS_ADMIN=32881, RATIS_SERVER=32881, STANDALONE=45499], networkLocation: /default-rack, certSerialId: null, persistedOpState: IN_SERVICE, persistedOpStateExpiryEpochSec: 0}, ReplicationConfig: RATIS/ONE, State:ALLOCATED, leaderId:84cf0c76-78e0-494d-aa1f-4383c35cad34, CreationTimestamp2021-10-14T19:42:04.210Z[Etc/UTC]] moved to OPEN state
2021-10-14 19:42:07,262 [EventQueue-OpenPipelineForHealthyPipelineSafeModeRule] INFO  safemode.SCMSafeModeManager (HealthyPipelineSafeModeRule.java:process(124)) - SCM in safe mode. Healthy pipelines reported count is 0, required healthy pipeline reported count is 1
2021-10-14 19:42:07,265 [pool-112-thread-1] INFO  server.RaftServerConfigKeys (ConfUtils.java:logGet(44)) - raft.server.log.appender.buffer.byte-limit = 33554432 (custom)
2021-10-14 19:42:07,269 [pool-112-thread-1] INFO  server.RaftServerConfigKeys (ConfUtils.java:logGet(44)) - raft.server.log.segment.size.max = 1048576 (custom)
2021-10-14 19:42:07,270 [pool-112-thread-1] INFO  server.RaftServerConfigKeys (ConfUtils.java:logGet(44)) - raft.server.log.segment.cache.num.max = 2 (custom)
2021-10-14 19:42:07,271 [pool-112-thread-1] INFO  server.RaftServerConfigKeys (ConfUtils.java:logGet(44)) - raft.server.log.segment.cache.size.max = 200MB (=209715200) (default)
2021-10-14 19:42:07,271 [pool-112-thread-1] INFO  segmented.SegmentedRaftLogWorker (SegmentedRaftLogWorker.java:<init>(182)) - new 84cf0c76-78e0-494d-aa1f-4383c35cad34@group-C6AC7CE8E3A4-SegmentedRaftLogWorker for RaftStorageImpl:Storage Directory /home/runner/work/ozone/ozone/hadoop-ozone/integration-test/target/test-dir/MiniOzoneClusterImpl-0ea35d3c-98b9-4918-895e-fcd9be0efca6/datanode-3/data/ratis/c475e37c-a3a4-4c95-b0a6-c6ac7ce8e3a4
2021-10-14 19:42:07,271 [pool-112-thread-1] INFO  server.RaftServerConfigKeys (ConfUtils.java:logGet(44)) - raft.server.log.queue.byte-limit = 2147483647 (custom)
2021-10-14 19:42:07,271 [pool-112-thread-1] INFO  server.RaftServerConfigKeys (ConfUtils.java:logGet(44)) - raft.server.log.queue.element-limit = 1024 (custom)
2021-10-14 19:42:07,271 [pool-112-thread-1] INFO  server.RaftServerConfigKeys (ConfUtils.java:logGet(44)) - raft.server.log.segment.size.max = 1048576 (custom)
2021-10-14 19:42:07,271 [pool-112-thread-1] INFO  server.RaftServerConfigKeys (ConfUtils.java:logGet(44)) - raft.server.log.preallocated.size = 16384 (custom)
2021-10-14 19:42:07,271 [pool-112-thread-1] INFO  server.RaftServerConfigKeys (ConfUtils.java:logGet(44)) - raft.server.log.force.sync.num = 128 (default)
2021-10-14 19:42:07,271 [pool-112-thread-1] INFO  server.RaftServerConfigKeys (ConfUtils.java:logGet(44)) - raft.server.log.statemachine.data.sync = true (default)
2021-10-14 19:42:07,271 [pool-112-thread-1] INFO  server.RaftServerConfigKeys (ConfUtils.java:logGet(44)) - raft.server.log.statemachine.data.sync.timeout = 10s (default)
2021-10-14 19:42:07,272 [pool-112-thread-1] INFO  server.RaftServerConfigKeys (ConfUtils.java:logGet(44)) - raft.server.log.statemachine.data.sync.timeout.retry = -1 (default)
2021-10-14 19:42:07,273 [pool-112-thread-1] INFO  server.RaftServerConfigKeys (ConfUtils.java:logGet(44)) - raft.server.log.write.buffer.size = 1048576 (custom)
2021-10-14 19:42:07,273 [pool-112-thread-1] INFO  server.RaftServerConfigKeys (ConfUtils.java:logGet(44)) - raft.server.log.statemachine.data.caching.enabled = true (custom)
2021-10-14 19:42:07,274 [pool-112-thread-1] INFO  segmented.SegmentedRaftLogWorker (SegmentedRaftLogWorker.java:lambda$new$0(133)) - 84cf0c76-78e0-494d-aa1f-4383c35cad34@group-C6AC7CE8E3A4-SegmentedRaftLogWorker: flushIndex: setUnconditionally 0 -> -1
2021-10-14 19:42:07,274 [pool-112-thread-1] INFO  segmented.SegmentedRaftLogWorker (SegmentedRaftLogWorker.java:lambda$new$0(133)) - 84cf0c76-78e0-494d-aa1f-4383c35cad34@group-C6AC7CE8E3A4-SegmentedRaftLogWorker: safeCacheEvictIndex: setUnconditionally 0 -> -1
2021-10-14 19:42:07,274 [pool-112-thread-1] INFO  server.RaftServerConfigKeys (ConfUtils.java:logGet(44)) - raft.server.snapshot.auto.trigger.enabled = true (custom)
2021-10-14 19:42:07,274 [pool-112-thread-1] INFO  server.RaftServerConfigKeys (ConfUtils.java:logGet(44)) - raft.server.snapshot.auto.trigger.threshold = 10000 (custom)
2021-10-14 19:42:07,274 [pool-112-thread-1] INFO  server.RaftServerConfigKeys (ConfUtils.java:logGet(44)) - raft.server.snapshot.retention.file.num = 5 (custom)
2021-10-14 19:42:07,274 [pool-112-thread-1] INFO  server.RaftServerConfigKeys (ConfUtils.java:logGet(44)) - raft.server.log.purge.upto.snapshot.index = false (default)
2021-10-14 19:42:07,274 [pool-112-thread-1] INFO  server.RaftServerConfigKeys (ConfUtils.java:logGet(44)) - raft.server.retrycache.expirytime = 600000ms (custom)
2021-10-14 19:42:07,274 [pool-112-thread-1] INFO  server.RaftServerConfigKeys (ConfUtils.java:logGet(44)) - raft.server.retrycache.statistics.expirytime = 100μs (default)
2021-10-14 19:42:07,276 [pool-112-thread-1] INFO  server.RaftServer$Division (RaftServerImpl.java:start(296)) - 84cf0c76-78e0-494d-aa1f-4383c35cad34@group-C6AC7CE8E3A4: start as a follower, conf=-1: [84cf0c76-78e0-494d-aa1f-4383c35cad34|rpc:10.1.0.23:32881|priority:1], old=null
2021-10-14 19:42:07,277 [pool-112-thread-1] INFO  server.RaftServer$Division (RaftServerImpl.java:setRole(285)) - 84cf0c76-78e0-494d-aa1f-4383c35cad34@group-C6AC7CE8E3A4: changes role from      null to FOLLOWER at term 0 for startAsFollower
2021-10-14 19:42:07,277 [pool-112-thread-1] INFO  impl.RoleInfo (RoleInfo.java:updateAndGet(130)) - 84cf0c76-78e0-494d-aa1f-4383c35cad34: start 84cf0c76-78e0-494d-aa1f-4383c35cad34@group-C6AC7CE8E3A4-FollowerState
2021-10-14 19:42:07,280 [Command processor thread] INFO  commandhandler.CreatePipelineCommandHandler (CreatePipelineCommandHandler.java:handle(106)) - Created Pipeline RATIS THREE PipelineID=9d216525-7da3-4ddd-a19b-6fe54c72dde9.
2021-10-14 19:42:07,280 [pool-112-thread-1] INFO  util.JmxRegister (JmxRegister.java:tryRegister(44)) - Successfully registered JMX Bean with object name Ratis:service=RaftServer,group=group-C6AC7CE8E3A4,id=84cf0c76-78e0-494d-aa1f-4383c35cad34
2021-10-14 19:42:07,287 [Command processor thread] INFO  ratis.XceiverServerRatis (XceiverServerRatis.java:addGroup(768)) - Created group PipelineID=c475e37c-a3a4-4c95-b0a6-c6ac7ce8e3a4
2021-10-14 19:42:07,287 [Command processor thread] INFO  commandhandler.CreatePipelineCommandHandler (CreatePipelineCommandHandler.java:handle(106)) - Created Pipeline RATIS ONE PipelineID=c475e37c-a3a4-4c95-b0a6-c6ac7ce8e3a4.
2021-10-14 19:42:07,287 [Command processor thread] INFO  server.RaftServer (RaftServerProxy.java:addNew(95)) - 84cf0c76-78e0-494d-aa1f-4383c35cad34: addNew group-5A12C23A624B:[84cf0c76-78e0-494d-aa1f-4383c35cad34|rpc:10.1.0.23:32881|priority:0, f5ce720c-5ead-4d76-b65c-e0941e033263|rpc:10.1.0.23:35407|priority:0, 5cef7d35-5853-4402-b8fc-0c0efab03ad9|rpc:10.1.0.23:45557|priority:1] returns group-5A12C23A624B:java.util.concurrent.CompletableFuture@15128002[Not completed]
2021-10-14 19:42:07,288 [pool-112-thread-1] INFO  server.RaftServer$Division (RaftServerImpl.java:<init>(181)) - 84cf0c76-78e0-494d-aa1f-4383c35cad34: new RaftServerImpl for group-5A12C23A624B:[84cf0c76-78e0-494d-aa1f-4383c35cad34|rpc:10.1.0.23:32881|priority:0, f5ce720c-5ead-4d76-b65c-e0941e033263|rpc:10.1.0.23:35407|priority:0, 5cef7d35-5853-4402-b8fc-0c0efab03ad9|rpc:10.1.0.23:45557|priority:1] with ContainerStateMachine:uninitialized
2021-10-14 19:42:07,288 [pool-112-thread-1] INFO  server.RaftServerConfigKeys (ConfUtils.java:logGet(44)) - raft.server.rpc.timeout.min = 5s (custom)
2021-10-14 19:42:07,288 [pool-112-thread-1] INFO  server.RaftServerConfigKeys (ConfUtils.java:logGet(44)) - raft.server.rpc.timeout.max = 5200ms (custom)
2021-10-14 19:42:07,288 [pool-112-thread-1] INFO  server.RaftServerConfigKeys (ConfUtils.java:logGet(44)) - raft.server.rpc.sleep.time = 25ms (default)
2021-10-14 19:42:07,288 [pool-112-thread-1] INFO  server.RaftServerConfigKeys (ConfUtils.java:logGet(44)) - raft.server.rpc.slowness.timeout = 300000ms (custom)
2021-10-14 19:42:07,288 [pool-112-thread-1] INFO  server.RaftServerConfigKeys (ConfUtils.java:logGet(44)) - raft.server.leaderelection.leader.step-down.wait-time = 10s (default)
2021-10-14 19:42:07,289 [pool-112-thread-1] INFO  server.RaftServerConfigKeys (ConfUtils.java:logGet(44)) - raft.server.sleep.deviation.threshold = 300ms (default)
2021-10-14 19:42:07,289 [pool-112-thread-1] INFO  server.RaftServerConfigKeys (ConfUtils.java:logGet(44)) - raft.server.log.appender.install.snapshot.enabled = false (custom)
2021-10-14 19:42:07,289 [pool-112-thread-1] INFO  server.RaftServer$Division (ServerState.java:<init>(105)) - 84cf0c76-78e0-494d-aa1f-4383c35cad34@group-5A12C23A624B: ConfigurationManager, init=-1: [84cf0c76-78e0-494d-aa1f-4383c35cad34|rpc:10.1.0.23:32881|priority:0, f5ce720c-5ead-4d76-b65c-e0941e033263|rpc:10.1.0.23:35407|priority:0, 5cef7d35-5853-4402-b8fc-0c0efab03ad9|rpc:10.1.0.23:45557|priority:1], old=null, confs=<EMPTY_MAP>
2021-10-14 19:42:07,289 [pool-112-thread-1] INFO  server.RaftServerConfigKeys (ConfUtils.java:logGet(44)) - raft.server.storage.dir = [/home/runner/work/ozone/ozone/hadoop-ozone/integration-test/target/test-dir/MiniOzoneClusterImpl-0ea35d3c-98b9-4918-895e-fcd9be0efca6/datanode-3/data/ratis] (custom)
2021-10-14 19:42:07,289 [pool-112-thread-1] INFO  server.RaftServerConfigKeys (ConfUtils.java:logGet(44)) - raft.server.log.corruption.policy = EXCEPTION (default)
2021-10-14 19:42:07,289 [pool-112-thread-1] INFO  server.RaftServerConfigKeys (ConfUtils.java:logGet(44)) - raft.server.storage.free-space.min = 0MB (=0) (default)
2021-10-14 19:42:07,289 [pool-112-thread-1] INFO  storage.RaftStorageDirectory (RaftStorageDirectoryImpl.java:analyzeStorage(135)) - The storage directory /home/runner/work/ozone/ozone/hadoop-ozone/integration-test/target/test-dir/MiniOzoneClusterImpl-0ea35d3c-98b9-4918-895e-fcd9be0efca6/datanode-3/data/ratis/262400e7-26fc-467b-ad1e-5a12c23a624b does not exist. Creating ...
2021-10-14 19:42:07,290 [pool-112-thread-1] INFO  storage.RaftStorageDirectory (RaftStorageDirectoryImpl.java:tryLock(230)) - Lock on /home/runner/work/ozone/ozone/hadoop-ozone/integration-test/target/test-dir/MiniOzoneClusterImpl-0ea35d3c-98b9-4918-895e-fcd9be0efca6/datanode-3/data/ratis/262400e7-26fc-467b-ad1e-5a12c23a624b/in_use.lock acquired by nodename 16848@fv-az184-831
2021-10-14 19:42:07,292 [pool-112-thread-1] INFO  storage.RaftStorage (RaftStorageImpl.java:format(89)) - Storage directory /home/runner/work/ozone/ozone/hadoop-ozone/integration-test/target/test-dir/MiniOzoneClusterImpl-0ea35d3c-98b9-4918-895e-fcd9be0efca6/datanode-3/data/ratis/262400e7-26fc-467b-ad1e-5a12c23a624b has been successfully formatted.
2021-10-14 19:42:07,292 [pool-112-thread-1] INFO  ratis.ContainerStateMachine (ContainerStateMachine.java:loadSnapshot(224)) - group-5A12C23A624B: The snapshot info is null. Setting the last applied indexto:(t:0, i:~)
2021-10-14 19:42:07,292 [pool-112-thread-1] INFO  server.RaftServerConfigKeys (ConfUtils.java:logGet(44)) - raft.server.notification.no-leader.timeout = 300000ms (custom)
2021-10-14 19:42:07,292 [Datanode State Machine Thread - 0] WARN  statemachine.StateContext (StateContext.java:execute(621)) - No available thread in pool for past 1 seconds.
2021-10-14 19:42:07,292 [pool-112-thread-1] INFO  server.RaftServerConfigKeys (ConfUtils.java:logGet(44)) - raft.server.log.use.memory = false (default)
2021-10-14 19:42:07,292 [pool-112-thread-1] INFO  server.RaftServerConfigKeys (ConfUtils.java:logGet(44)) - raft.server.log.purge.gap = 1000000 (custom)
2021-10-14 19:42:07,293 [pool-112-thread-1] INFO  server.RaftServerConfigKeys (ConfUtils.java:logGet(44)) - raft.server.log.appender.buffer.byte-limit = 33554432 (custom)
2021-10-14 19:42:07,293 [pool-112-thread-1] INFO  server.RaftServerConfigKeys (ConfUtils.java:logGet(44)) - raft.server.log.segment.size.max = 1048576 (custom)
2021-10-14 19:42:07,294 [EventQueue-OpenPipelineForHealthyPipelineSafeModeRule] INFO  safemode.SCMSafeModeManager (HealthyPipelineSafeModeRule.java:process(124)) - SCM in safe mode. Healthy pipelines reported count is 0, required healthy pipeline reported count is 1
2021-10-14 19:42:07,294 [pool-112-thread-1] INFO  server.RaftServerConfigKeys (ConfUtils.java:logGet(44)) - raft.server.log.segment.cache.num.max = 2 (custom)
2021-10-14 19:42:07,294 [pool-112-thread-1] INFO  server.RaftServerConfigKeys (ConfUtils.java:logGet(44)) - raft.server.log.segment.cache.size.max = 200MB (=209715200) (default)
2021-10-14 19:42:07,294 [pool-112-thread-1] INFO  segmented.SegmentedRaftLogWorker (SegmentedRaftLogWorker.java:<init>(182)) - new 84cf0c76-78e0-494d-aa1f-4383c35cad34@group-5A12C23A624B-SegmentedRaftLogWorker for RaftStorageImpl:Storage Directory /home/runner/work/ozone/ozone/hadoop-ozone/integration-test/target/test-dir/MiniOzoneClusterImpl-0ea35d3c-98b9-4918-895e-fcd9be0efca6/datanode-3/data/ratis/262400e7-26fc-467b-ad1e-5a12c23a624b
2021-10-14 19:42:07,294 [pool-112-thread-1] INFO  server.RaftServerConfigKeys (ConfUtils.java:logGet(44)) - raft.server.log.queue.byte-limit = 2147483647 (custom)
2021-10-14 19:42:07,295 [pool-112-thread-1] INFO  server.RaftServerConfigKeys (ConfUtils.java:logGet(44)) - raft.server.log.queue.element-limit = 1024 (custom)
2021-10-14 19:42:07,295 [pool-112-thread-1] INFO  server.RaftServerConfigKeys (ConfUtils.java:logGet(44)) - raft.server.log.segment.size.max = 1048576 (custom)
2021-10-14 19:42:07,295 [pool-112-thread-1] INFO  server.RaftServerConfigKeys (ConfUtils.java:logGet(44)) - raft.server.log.preallocated.size = 16384 (custom)
2021-10-14 19:42:07,295 [pool-112-thread-1] INFO  server.RaftServerConfigKeys (ConfUtils.java:logGet(44)) - raft.server.log.force.sync.num = 128 (default)
2021-10-14 19:42:07,295 [pool-112-thread-1] INFO  server.RaftServerConfigKeys (ConfUtils.java:logGet(44)) - raft.server.log.statemachine.data.sync = true (default)
2021-10-14 19:42:07,295 [pool-112-thread-1] INFO  server.RaftServerConfigKeys (ConfUtils.java:logGet(44)) - raft.server.log.statemachine.data.sync.timeout = 10s (default)
2021-10-14 19:42:07,295 [pool-112-thread-1] INFO  server.RaftServerConfigKeys (ConfUtils.java:logGet(44)) - raft.server.log.statemachine.data.sync.timeout.retry = -1 (default)
2021-10-14 19:42:07,296 [pool-112-thread-1] INFO  server.RaftServerConfigKeys (ConfUtils.java:logGet(44)) - raft.server.log.write.buffer.size = 1048576 (custom)
2021-10-14 19:42:07,298 [pool-112-thread-1] INFO  server.RaftServerConfigKeys (ConfUtils.java:logGet(44)) - raft.server.log.statemachine.data.caching.enabled = true (custom)
2021-10-14 19:42:07,299 [pool-112-thread-1] INFO  segmented.SegmentedRaftLogWorker (SegmentedRaftLogWorker.java:lambda$new$0(133)) - 84cf0c76-78e0-494d-aa1f-4383c35cad34@group-5A12C23A624B-SegmentedRaftLogWorker: flushIndex: setUnconditionally 0 -> -1
2021-10-14 19:42:07,299 [pool-112-thread-1] INFO  segmented.SegmentedRaftLogWorker (SegmentedRaftLogWorker.java:lambda$new$0(133)) - 84cf0c76-78e0-494d-aa1f-4383c35cad34@group-5A12C23A624B-SegmentedRaftLogWorker: safeCacheEvictIndex: setUnconditionally 0 -> -1
2021-10-14 19:42:07,305 [pool-112-thread-1] INFO  server.RaftServerConfigKeys (ConfUtils.java:logGet(44)) - raft.server.snapshot.auto.trigger.enabled = true (custom)
2021-10-14 19:42:07,305 [pool-112-thread-1] INFO  server.RaftServerConfigKeys (ConfUtils.java:logGet(44)) - raft.server.snapshot.auto.trigger.threshold = 10000 (custom)
2021-10-14 19:42:07,305 [pool-112-thread-1] INFO  server.RaftServerConfigKeys (ConfUtils.java:logGet(44)) - raft.server.snapshot.retention.file.num = 5 (custom)
2021-10-14 19:42:07,305 [pool-112-thread-1] INFO  server.RaftServerConfigKeys (ConfUtils.java:logGet(44)) - raft.server.log.purge.upto.snapshot.index = false (default)
2021-10-14 19:42:07,305 [pool-112-thread-1] INFO  server.RaftServerConfigKeys (ConfUtils.java:logGet(44)) - raft.server.retrycache.expirytime = 600000ms (custom)
2021-10-14 19:42:07,305 [pool-112-thread-1] INFO  server.RaftServerConfigKeys (ConfUtils.java:logGet(44)) - raft.server.retrycache.statistics.expirytime = 100μs (default)
2021-10-14 19:42:07,307 [pool-112-thread-1] INFO  server.RaftServer$Division (RaftServerImpl.java:start(296)) - 84cf0c76-78e0-494d-aa1f-4383c35cad34@group-5A12C23A624B: start as a follower, conf=-1: [84cf0c76-78e0-494d-aa1f-4383c35cad34|rpc:10.1.0.23:32881|priority:0, f5ce720c-5ead-4d76-b65c-e0941e033263|rpc:10.1.0.23:35407|priority:0, 5cef7d35-5853-4402-b8fc-0c0efab03ad9|rpc:10.1.0.23:45557|priority:1], old=null
2021-10-14 19:42:07,308 [pool-112-thread-1] INFO  server.RaftServer$Division (RaftServerImpl.java:setRole(285)) - 84cf0c76-78e0-494d-aa1f-4383c35cad34@group-5A12C23A624B: changes role from      null to FOLLOWER at term 0 for startAsFollower
2021-10-14 19:42:07,308 [pool-112-thread-1] INFO  impl.RoleInfo (RoleInfo.java:updateAndGet(130)) - 84cf0c76-78e0-494d-aa1f-4383c35cad34: start 84cf0c76-78e0-494d-aa1f-4383c35cad34@group-5A12C23A624B-FollowerState
2021-10-14 19:42:07,310 [pool-112-thread-1] INFO  util.JmxRegister (JmxRegister.java:tryRegister(44)) - Successfully registered JMX Bean with object name Ratis:service=RaftServer,group=group-5A12C23A624B,id=84cf0c76-78e0-494d-aa1f-4383c35cad34
2021-10-14 19:42:07,311 [Command processor thread] INFO  ratis.XceiverServerRatis (XceiverServerRatis.java:addGroup(768)) - Created group PipelineID=262400e7-26fc-467b-ad1e-5a12c23a624b
2021-10-14 19:42:07,323 [grpc-default-executor-0] INFO  server.RaftServer (RaftServerProxy.java:addNew(95)) - 5cef7d35-5853-4402-b8fc-0c0efab03ad9: addNew group-5A12C23A624B:[84cf0c76-78e0-494d-aa1f-4383c35cad34|rpc:10.1.0.23:32881|dataStream:|priority:0, f5ce720c-5ead-4d76-b65c-e0941e033263|rpc:10.1.0.23:35407|dataStream:|priority:0, 5cef7d35-5853-4402-b8fc-0c0efab03ad9|rpc:10.1.0.23:45557|dataStream:|priority:1] returns group-5A12C23A624B:java.util.concurrent.CompletableFuture@748a224e[Not completed]
2021-10-14 19:42:07,324 [pool-150-thread-1] INFO  server.RaftServer$Division (RaftServerImpl.java:<init>(181)) - 5cef7d35-5853-4402-b8fc-0c0efab03ad9: new RaftServerImpl for group-5A12C23A624B:[84cf0c76-78e0-494d-aa1f-4383c35cad34|rpc:10.1.0.23:32881|dataStream:|priority:0, f5ce720c-5ead-4d76-b65c-e0941e033263|rpc:10.1.0.23:35407|dataStream:|priority:0, 5cef7d35-5853-4402-b8fc-0c0efab03ad9|rpc:10.1.0.23:45557|dataStream:|priority:1] with ContainerStateMachine:uninitialized
2021-10-14 19:42:07,324 [pool-150-thread-1] INFO  server.RaftServerConfigKeys (ConfUtils.java:logGet(44)) - raft.server.rpc.timeout.min = 5s (custom)
2021-10-14 19:42:07,324 [pool-150-thread-1] INFO  server.RaftServerConfigKeys (ConfUtils.java:logGet(44)) - raft.server.rpc.timeout.max = 5200ms (custom)
2021-10-14 19:42:07,324 [pool-150-thread-1] INFO  server.RaftServerConfigKeys (ConfUtils.java:logGet(44)) - raft.server.rpc.sleep.time = 25ms (default)
2021-10-14 19:42:07,324 [pool-150-thread-1] INFO  server.RaftServerConfigKeys (ConfUtils.java:logGet(44)) - raft.server.rpc.slowness.timeout = 300000ms (custom)
2021-10-14 19:42:07,324 [pool-150-thread-1] INFO  server.RaftServerConfigKeys (ConfUtils.java:logGet(44)) - raft.server.leaderelection.leader.step-down.wait-time = 10s (default)
2021-10-14 19:42:07,325 [pool-150-thread-1] INFO  server.RaftServerConfigKeys (ConfUtils.java:logGet(44)) - raft.server.sleep.deviation.threshold = 300ms (default)
2021-10-14 19:42:07,325 [pool-150-thread-1] INFO  server.RaftServerConfigKeys (ConfUtils.java:logGet(44)) - raft.server.log.appender.install.snapshot.enabled = false (custom)
2021-10-14 19:42:07,325 [pool-150-thread-1] INFO  server.RaftServer$Division (ServerState.java:<init>(105)) - 5cef7d35-5853-4402-b8fc-0c0efab03ad9@group-5A12C23A624B: ConfigurationManager, init=-1: [84cf0c76-78e0-494d-aa1f-4383c35cad34|rpc:10.1.0.23:32881|dataStream:|priority:0, f5ce720c-5ead-4d76-b65c-e0941e033263|rpc:10.1.0.23:35407|dataStream:|priority:0, 5cef7d35-5853-4402-b8fc-0c0efab03ad9|rpc:10.1.0.23:45557|dataStream:|priority:1], old=null, confs=<EMPTY_MAP>
2021-10-14 19:42:07,325 [pool-150-thread-1] INFO  server.RaftServerConfigKeys (ConfUtils.java:logGet(44)) - raft.server.storage.dir = [/home/runner/work/ozone/ozone/hadoop-ozone/integration-test/target/test-dir/MiniOzoneClusterImpl-0ea35d3c-98b9-4918-895e-fcd9be0efca6/datanode-5/data/ratis] (custom)
2021-10-14 19:42:07,325 [pool-150-thread-1] INFO  server.RaftServerConfigKeys (ConfUtils.java:logGet(44)) - raft.server.log.corruption.policy = EXCEPTION (default)
2021-10-14 19:42:07,325 [pool-150-thread-1] INFO  server.RaftServerConfigKeys (ConfUtils.java:logGet(44)) - raft.server.storage.free-space.min = 0MB (=0) (default)
2021-10-14 19:42:07,326 [pool-150-thread-1] INFO  storage.RaftStorageDirectory (RaftStorageDirectoryImpl.java:analyzeStorage(135)) - The storage directory /home/runner/work/ozone/ozone/hadoop-ozone/integration-test/target/test-dir/MiniOzoneClusterImpl-0ea35d3c-98b9-4918-895e-fcd9be0efca6/datanode-5/data/ratis/262400e7-26fc-467b-ad1e-5a12c23a624b does not exist. Creating ...
2021-10-14 19:42:07,329 [pool-150-thread-1] INFO  storage.RaftStorageDirectory (RaftStorageDirectoryImpl.java:tryLock(230)) - Lock on /home/runner/work/ozone/ozone/hadoop-ozone/integration-test/target/test-dir/MiniOzoneClusterImpl-0ea35d3c-98b9-4918-895e-fcd9be0efca6/datanode-5/data/ratis/262400e7-26fc-467b-ad1e-5a12c23a624b/in_use.lock acquired by nodename 16848@fv-az184-831
2021-10-14 19:42:07,330 [pool-150-thread-1] INFO  storage.RaftStorage (RaftStorageImpl.java:format(89)) - Storage directory /home/runner/work/ozone/ozone/hadoop-ozone/integration-test/target/test-dir/MiniOzoneClusterImpl-0ea35d3c-98b9-4918-895e-fcd9be0efca6/datanode-5/data/ratis/262400e7-26fc-467b-ad1e-5a12c23a624b has been successfully formatted.
2021-10-14 19:42:07,332 [Datanode State Machine Thread - 0] WARN  statemachine.StateContext (StateContext.java:execute(621)) - No available thread in pool for past 1 seconds.
2021-10-14 19:42:07,332 [pool-150-thread-1] INFO  ratis.ContainerStateMachine (ContainerStateMachine.java:loadSnapshot(224)) - group-5A12C23A624B: The snapshot info is null. Setting the last applied indexto:(t:0, i:~)
2021-10-14 19:42:07,334 [pool-150-thread-1] INFO  server.RaftServerConfigKeys (ConfUtils.java:logGet(44)) - raft.server.notification.no-leader.timeout = 300000ms (custom)
2021-10-14 19:42:07,334 [pool-150-thread-1] INFO  server.RaftServerConfigKeys (ConfUtils.java:logGet(44)) - raft.server.log.use.memory = false (default)
2021-10-14 19:42:07,335 [pool-150-thread-1] INFO  server.RaftServerConfigKeys (ConfUtils.java:logGet(44)) - raft.server.log.purge.gap = 1000000 (custom)
2021-10-14 19:42:07,335 [pool-150-thread-1] INFO  server.RaftServerConfigKeys (ConfUtils.java:logGet(44)) - raft.server.log.appender.buffer.byte-limit = 33554432 (custom)
2021-10-14 19:42:07,335 [pool-150-thread-1] INFO  server.RaftServerConfigKeys (ConfUtils.java:logGet(44)) - raft.server.log.segment.size.max = 1048576 (custom)
2021-10-14 19:42:07,336 [pool-150-thread-1] INFO  server.RaftServerConfigKeys (ConfUtils.java:logGet(44)) - raft.server.log.segment.cache.num.max = 2 (custom)
2021-10-14 19:42:07,336 [pool-150-thread-1] INFO  server.RaftServerConfigKeys (ConfUtils.java:logGet(44)) - raft.server.log.segment.cache.size.max = 200MB (=209715200) (default)
2021-10-14 19:42:07,336 [pool-150-thread-1] INFO  segmented.SegmentedRaftLogWorker (SegmentedRaftLogWorker.java:<init>(182)) - new 5cef7d35-5853-4402-b8fc-0c0efab03ad9@group-5A12C23A624B-SegmentedRaftLogWorker for RaftStorageImpl:Storage Directory /home/runner/work/ozone/ozone/hadoop-ozone/integration-test/target/test-dir/MiniOzoneClusterImpl-0ea35d3c-98b9-4918-895e-fcd9be0efca6/datanode-5/data/ratis/262400e7-26fc-467b-ad1e-5a12c23a624b
2021-10-14 19:42:07,336 [pool-150-thread-1] INFO  server.RaftServerConfigKeys (ConfUtils.java:logGet(44)) - raft.server.log.queue.byte-limit = 2147483647 (custom)
2021-10-14 19:42:07,336 [pool-150-thread-1] INFO  server.RaftServerConfigKeys (ConfUtils.java:logGet(44)) - raft.server.log.queue.element-limit = 1024 (custom)
2021-10-14 19:42:07,336 [pool-150-thread-1] INFO  server.RaftServerConfigKeys (ConfUtils.java:logGet(44)) - raft.server.log.segment.size.max = 1048576 (custom)
2021-10-14 19:42:07,336 [pool-150-thread-1] INFO  server.RaftServerConfigKeys (ConfUtils.java:logGet(44)) - raft.server.log.preallocated.size = 16384 (custom)
2021-10-14 19:42:07,336 [pool-150-thread-1] INFO  server.RaftServerConfigKeys (ConfUtils.java:logGet(44)) - raft.server.log.force.sync.num = 128 (default)
2021-10-14 19:42:07,337 [pool-150-thread-1] INFO  server.RaftServerConfigKeys (ConfUtils.java:logGet(44)) - raft.server.log.statemachine.data.sync = true (default)
2021-10-14 19:42:07,337 [pool-150-thread-1] INFO  server.RaftServerConfigKeys (ConfUtils.java:logGet(44)) - raft.server.log.statemachine.data.sync.timeout = 10s (default)
2021-10-14 19:42:07,337 [pool-150-thread-1] INFO  server.RaftServerConfigKeys (ConfUtils.java:logGet(44)) - raft.server.log.statemachine.data.sync.timeout.retry = -1 (default)
2021-10-14 19:42:07,339 [pool-150-thread-1] INFO  server.RaftServerConfigKeys (ConfUtils.java:logGet(44)) - raft.server.log.write.buffer.size = 1048576 (custom)
2021-10-14 19:42:07,340 [pool-150-thread-1] INFO  server.RaftServerConfigKeys (ConfUtils.java:logGet(44)) - raft.server.log.statemachine.data.caching.enabled = true (custom)
2021-10-14 19:42:07,340 [pool-150-thread-1] INFO  segmented.SegmentedRaftLogWorker (SegmentedRaftLogWorker.java:lambda$new$0(133)) - 5cef7d35-5853-4402-b8fc-0c0efab03ad9@group-5A12C23A624B-SegmentedRaftLogWorker: flushIndex: setUnconditionally 0 -> -1
2021-10-14 19:42:07,340 [pool-150-thread-1] INFO  segmented.SegmentedRaftLogWorker (SegmentedRaftLogWorker.java:lambda$new$0(133)) - 5cef7d35-5853-4402-b8fc-0c0efab03ad9@group-5A12C23A624B-SegmentedRaftLogWorker: safeCacheEvictIndex: setUnconditionally 0 -> -1
2021-10-14 19:42:07,344 [pool-150-thread-1] INFO  server.RaftServerConfigKeys (ConfUtils.java:logGet(44)) - raft.server.snapshot.auto.trigger.enabled = true (custom)
2021-10-14 19:42:07,344 [pool-150-thread-1] INFO  server.RaftServerConfigKeys (ConfUtils.java:logGet(44)) - raft.server.snapshot.auto.trigger.threshold = 10000 (custom)
2021-10-14 19:42:07,344 [pool-150-thread-1] INFO  server.RaftServerConfigKeys (ConfUtils.java:logGet(44)) - raft.server.snapshot.retention.file.num = 5 (custom)
2021-10-14 19:42:07,344 [pool-150-thread-1] INFO  server.RaftServerConfigKeys (ConfUtils.java:logGet(44)) - raft.server.log.purge.upto.snapshot.index = false (default)
2021-10-14 19:42:07,345 [pool-150-thread-1] INFO  server.RaftServerConfigKeys (ConfUtils.java:logGet(44)) - raft.server.retrycache.expirytime = 600000ms (custom)
2021-10-14 19:42:07,345 [pool-150-thread-1] INFO  server.RaftServerConfigKeys (ConfUtils.java:logGet(44)) - raft.server.retrycache.statistics.expirytime = 100μs (default)
2021-10-14 19:42:07,347 [pool-150-thread-1] INFO  server.RaftServer$Division (RaftServerImpl.java:start(296)) - 5cef7d35-5853-4402-b8fc-0c0efab03ad9@group-5A12C23A624B: start as a follower, conf=-1: [84cf0c76-78e0-494d-aa1f-4383c35cad34|rpc:10.1.0.23:32881|dataStream:|priority:0, f5ce720c-5ead-4d76-b65c-e0941e033263|rpc:10.1.0.23:35407|dataStream:|priority:0, 5cef7d35-5853-4402-b8fc-0c0efab03ad9|rpc:10.1.0.23:45557|dataStream:|priority:1], old=null
2021-10-14 19:42:07,347 [pool-150-thread-1] INFO  server.RaftServer$Division (RaftServerImpl.java:setRole(285)) - 5cef7d35-5853-4402-b8fc-0c0efab03ad9@group-5A12C23A624B: changes role from      null to FOLLOWER at term 0 for startAsFollower
2021-10-14 19:42:07,347 [pool-150-thread-1] INFO  impl.RoleInfo (RoleInfo.java:updateAndGet(130)) - 5cef7d35-5853-4402-b8fc-0c0efab03ad9: start 5cef7d35-5853-4402-b8fc-0c0efab03ad9@group-5A12C23A624B-FollowerState
2021-10-14 19:42:07,348 [pool-150-thread-1] INFO  util.JmxRegister (JmxRegister.java:tryRegister(44)) - Successfully registered JMX Bean with object name Ratis:service=RaftServer,group=group-5A12C23A624B,id=5cef7d35-5853-4402-b8fc-0c0efab03ad9
2021-10-14 19:42:07,367 [grpc-default-executor-0] INFO  server.RaftServer (RaftServerProxy.java:addNew(95)) - f5ce720c-5ead-4d76-b65c-e0941e033263: addNew group-5A12C23A624B:[84cf0c76-78e0-494d-aa1f-4383c35cad34|rpc:10.1.0.23:32881|dataStream:|priority:0, f5ce720c-5ead-4d76-b65c-e0941e033263|rpc:10.1.0.23:35407|dataStream:|priority:0, 5cef7d35-5853-4402-b8fc-0c0efab03ad9|rpc:10.1.0.23:45557|dataStream:|priority:1] returns group-5A12C23A624B:java.util.concurrent.CompletableFuture@7f7a6b07[Not completed]
2021-10-14 19:42:07,368 [pool-131-thread-1] INFO  server.RaftServer$Division (RaftServerImpl.java:<init>(181)) - f5ce720c-5ead-4d76-b65c-e0941e033263: new RaftServerImpl for group-5A12C23A624B:[84cf0c76-78e0-494d-aa1f-4383c35cad34|rpc:10.1.0.23:32881|dataStream:|priority:0, f5ce720c-5ead-4d76-b65c-e0941e033263|rpc:10.1.0.23:35407|dataStream:|priority:0, 5cef7d35-5853-4402-b8fc-0c0efab03ad9|rpc:10.1.0.23:45557|dataStream:|priority:1] with ContainerStateMachine:uninitialized
2021-10-14 19:42:07,368 [pool-131-thread-1] INFO  server.RaftServerConfigKeys (ConfUtils.java:logGet(44)) - raft.server.rpc.timeout.min = 5s (custom)
2021-10-14 19:42:07,368 [pool-131-thread-1] INFO  server.RaftServerConfigKeys (ConfUtils.java:logGet(44)) - raft.server.rpc.timeout.max = 5200ms (custom)
2021-10-14 19:42:07,368 [pool-131-thread-1] INFO  server.RaftServerConfigKeys (ConfUtils.java:logGet(44)) - raft.server.rpc.sleep.time = 25ms (default)
2021-10-14 19:42:07,368 [pool-131-thread-1] INFO  server.RaftServerConfigKeys (ConfUtils.java:logGet(44)) - raft.server.rpc.slowness.timeout = 300000ms (custom)
2021-10-14 19:42:07,368 [pool-131-thread-1] INFO  server.RaftServerConfigKeys (ConfUtils.java:logGet(44)) - raft.server.leaderelection.leader.step-down.wait-time = 10s (default)
2021-10-14 19:42:07,369 [pool-131-thread-1] INFO  server.RaftServerConfigKeys (ConfUtils.java:logGet(44)) - raft.server.sleep.deviation.threshold = 300ms (default)
2021-10-14 19:42:07,369 [pool-131-thread-1] INFO  server.RaftServerConfigKeys (ConfUtils.java:logGet(44)) - raft.server.log.appender.install.snapshot.enabled = false (custom)
2021-10-14 19:42:07,369 [pool-131-thread-1] INFO  server.RaftServer$Division (ServerState.java:<init>(105)) - f5ce720c-5ead-4d76-b65c-e0941e033263@group-5A12C23A624B: ConfigurationManager, init=-1: [84cf0c76-78e0-494d-aa1f-4383c35cad34|rpc:10.1.0.23:32881|dataStream:|priority:0, f5ce720c-5ead-4d76-b65c-e0941e033263|rpc:10.1.0.23:35407|dataStream:|priority:0, 5cef7d35-5853-4402-b8fc-0c0efab03ad9|rpc:10.1.0.23:45557|dataStream:|priority:1], old=null, confs=<EMPTY_MAP>
2021-10-14 19:42:07,369 [pool-131-thread-1] INFO  server.RaftServerConfigKeys (ConfUtils.java:logGet(44)) - raft.server.storage.dir = [/home/runner/work/ozone/ozone/hadoop-ozone/integration-test/target/test-dir/MiniOzoneClusterImpl-0ea35d3c-98b9-4918-895e-fcd9be0efca6/datanode-4/data/ratis] (custom)
2021-10-14 19:42:07,369 [pool-131-thread-1] INFO  server.RaftServerConfigKeys (ConfUtils.java:logGet(44)) - raft.server.log.corruption.policy = EXCEPTION (default)
2021-10-14 19:42:07,369 [pool-131-thread-1] INFO  server.RaftServerConfigKeys (ConfUtils.java:logGet(44)) - raft.server.storage.free-space.min = 0MB (=0) (default)
2021-10-14 19:42:07,369 [pool-131-thread-1] INFO  storage.RaftStorageDirectory (RaftStorageDirectoryImpl.java:analyzeStorage(135)) - The storage directory /home/runner/work/ozone/ozone/hadoop-ozone/integration-test/target/test-dir/MiniOzoneClusterImpl-0ea35d3c-98b9-4918-895e-fcd9be0efca6/datanode-4/data/ratis/262400e7-26fc-467b-ad1e-5a12c23a624b does not exist. Creating ...
2021-10-14 19:42:07,371 [pool-131-thread-1] INFO  storage.RaftStorageDirectory (RaftStorageDirectoryImpl.java:tryLock(230)) - Lock on /home/runner/work/ozone/ozone/hadoop-ozone/integration-test/target/test-dir/MiniOzoneClusterImpl-0ea35d3c-98b9-4918-895e-fcd9be0efca6/datanode-4/data/ratis/262400e7-26fc-467b-ad1e-5a12c23a624b/in_use.lock acquired by nodename 16848@fv-az184-831
2021-10-14 19:42:07,372 [pool-131-thread-1] INFO  storage.RaftStorage (RaftStorageImpl.java:format(89)) - Storage directory /home/runner/work/ozone/ozone/hadoop-ozone/integration-test/target/test-dir/MiniOzoneClusterImpl-0ea35d3c-98b9-4918-895e-fcd9be0efca6/datanode-4/data/ratis/262400e7-26fc-467b-ad1e-5a12c23a624b has been successfully formatted.
2021-10-14 19:42:07,373 [pool-131-thread-1] INFO  ratis.ContainerStateMachine (ContainerStateMachine.java:loadSnapshot(224)) - group-5A12C23A624B: The snapshot info is null. Setting the last applied indexto:(t:0, i:~)
2021-10-14 19:42:07,373 [pool-131-thread-1] INFO  server.RaftServerConfigKeys (ConfUtils.java:logGet(44)) - raft.server.notification.no-leader.timeout = 300000ms (custom)
2021-10-14 19:42:07,373 [pool-131-thread-1] INFO  server.RaftServerConfigKeys (ConfUtils.java:logGet(44)) - raft.server.log.use.memory = false (default)
2021-10-14 19:42:07,374 [pool-131-thread-1] INFO  server.RaftServerConfigKeys (ConfUtils.java:logGet(44)) - raft.server.log.purge.gap = 1000000 (custom)
2021-10-14 19:42:07,374 [pool-131-thread-1] INFO  server.RaftServerConfigKeys (ConfUtils.java:logGet(44)) - raft.server.log.appender.buffer.byte-limit = 33554432 (custom)
2021-10-14 19:42:07,375 [pool-131-thread-1] INFO  server.RaftServerConfigKeys (ConfUtils.java:logGet(44)) - raft.server.log.segment.size.max = 1048576 (custom)
2021-10-14 19:42:07,376 [pool-131-thread-1] INFO  server.RaftServerConfigKeys (ConfUtils.java:logGet(44)) - raft.server.log.segment.cache.num.max = 2 (custom)
2021-10-14 19:42:07,376 [pool-131-thread-1] INFO  server.RaftServerConfigKeys (ConfUtils.java:logGet(44)) - raft.server.log.segment.cache.size.max = 200MB (=209715200) (default)
2021-10-14 19:42:07,376 [pool-131-thread-1] INFO  segmented.SegmentedRaftLogWorker (SegmentedRaftLogWorker.java:<init>(182)) - new f5ce720c-5ead-4d76-b65c-e0941e033263@group-5A12C23A624B-SegmentedRaftLogWorker for RaftStorageImpl:Storage Directory /home/runner/work/ozone/ozone/hadoop-ozone/integration-test/target/test-dir/MiniOzoneClusterImpl-0ea35d3c-98b9-4918-895e-fcd9be0efca6/datanode-4/data/ratis/262400e7-26fc-467b-ad1e-5a12c23a624b
2021-10-14 19:42:07,376 [pool-131-thread-1] INFO  server.RaftServerConfigKeys (ConfUtils.java:logGet(44)) - raft.server.log.queue.byte-limit = 2147483647 (custom)
2021-10-14 19:42:07,376 [pool-131-thread-1] INFO  server.RaftServerConfigKeys (ConfUtils.java:logGet(44)) - raft.server.log.queue.element-limit = 1024 (custom)
2021-10-14 19:42:07,376 [pool-131-thread-1] INFO  server.RaftServerConfigKeys (ConfUtils.java:logGet(44)) - raft.server.log.segment.size.max = 1048576 (custom)
2021-10-14 19:42:07,376 [pool-131-thread-1] INFO  server.RaftServerConfigKeys (ConfUtils.java:logGet(44)) - raft.server.log.preallocated.size = 16384 (custom)
2021-10-14 19:42:07,376 [pool-131-thread-1] INFO  server.RaftServerConfigKeys (ConfUtils.java:logGet(44)) - raft.server.log.force.sync.num = 128 (default)
2021-10-14 19:42:07,377 [pool-131-thread-1] INFO  server.RaftServerConfigKeys (ConfUtils.java:logGet(44)) - raft.server.log.statemachine.data.sync = true (default)
2021-10-14 19:42:07,377 [pool-131-thread-1] INFO  server.RaftServerConfigKeys (ConfUtils.java:logGet(44)) - raft.server.log.statemachine.data.sync.timeout = 10s (default)
2021-10-14 19:42:07,377 [pool-131-thread-1] INFO  server.RaftServerConfigKeys (ConfUtils.java:logGet(44)) - raft.server.log.statemachine.data.sync.timeout.retry = -1 (default)
2021-10-14 19:42:07,378 [pool-131-thread-1] INFO  server.RaftServerConfigKeys (ConfUtils.java:logGet(44)) - raft.server.log.write.buffer.size = 1048576 (custom)
2021-10-14 19:42:07,379 [pool-131-thread-1] INFO  server.RaftServerConfigKeys (ConfUtils.java:logGet(44)) - raft.server.log.statemachine.data.caching.enabled = true (custom)
2021-10-14 19:42:07,379 [pool-131-thread-1] INFO  segmented.SegmentedRaftLogWorker (SegmentedRaftLogWorker.java:lambda$new$0(133)) - f5ce720c-5ead-4d76-b65c-e0941e033263@group-5A12C23A624B-SegmentedRaftLogWorker: flushIndex: setUnconditionally 0 -> -1
2021-10-14 19:42:07,379 [pool-131-thread-1] INFO  segmented.SegmentedRaftLogWorker (SegmentedRaftLogWorker.java:lambda$new$0(133)) - f5ce720c-5ead-4d76-b65c-e0941e033263@group-5A12C23A624B-SegmentedRaftLogWorker: safeCacheEvictIndex: setUnconditionally 0 -> -1
2021-10-14 19:42:07,379 [pool-131-thread-1] INFO  server.RaftServerConfigKeys (ConfUtils.java:logGet(44)) - raft.server.snapshot.auto.trigger.enabled = true (custom)
2021-10-14 19:42:07,379 [pool-131-thread-1] INFO  server.RaftServerConfigKeys (ConfUtils.java:logGet(44)) - raft.server.snapshot.auto.trigger.threshold = 10000 (custom)
2021-10-14 19:42:07,379 [pool-131-thread-1] INFO  server.RaftServerConfigKeys (ConfUtils.java:logGet(44)) - raft.server.snapshot.retention.file.num = 5 (custom)
2021-10-14 19:42:07,379 [pool-131-thread-1] INFO  server.RaftServerConfigKeys (ConfUtils.java:logGet(44)) - raft.server.log.purge.upto.snapshot.index = false (default)
2021-10-14 19:42:07,380 [pool-131-thread-1] INFO  server.RaftServerConfigKeys (ConfUtils.java:logGet(44)) - raft.server.retrycache.expirytime = 600000ms (custom)
2021-10-14 19:42:07,380 [pool-131-thread-1] INFO  server.RaftServerConfigKeys (ConfUtils.java:logGet(44)) - raft.server.retrycache.statistics.expirytime = 100μs (default)
2021-10-14 19:42:07,381 [pool-131-thread-1] INFO  server.RaftServer$Division (RaftServerImpl.java:start(296)) - f5ce720c-5ead-4d76-b65c-e0941e033263@group-5A12C23A624B: start as a follower, conf=-1: [84cf0c76-78e0-494d-aa1f-4383c35cad34|rpc:10.1.0.23:32881|dataStream:|priority:0, f5ce720c-5ead-4d76-b65c-e0941e033263|rpc:10.1.0.23:35407|dataStream:|priority:0, 5cef7d35-5853-4402-b8fc-0c0efab03ad9|rpc:10.1.0.23:45557|dataStream:|priority:1], old=null
2021-10-14 19:42:07,381 [pool-131-thread-1] INFO  server.RaftServer$Division (RaftServerImpl.java:setRole(285)) - f5ce720c-5ead-4d76-b65c-e0941e033263@group-5A12C23A624B: changes role from      null to FOLLOWER at term 0 for startAsFollower
2021-10-14 19:42:07,381 [pool-131-thread-1] INFO  impl.RoleInfo (RoleInfo.java:updateAndGet(130)) - f5ce720c-5ead-4d76-b65c-e0941e033263: start f5ce720c-5ead-4d76-b65c-e0941e033263@group-5A12C23A624B-FollowerState
2021-10-14 19:42:07,381 [pool-131-thread-1] INFO  util.JmxRegister (JmxRegister.java:tryRegister(44)) - Successfully registered JMX Bean with object name Ratis:service=RaftServer,group=group-5A12C23A624B,id=f5ce720c-5ead-4d76-b65c-e0941e033263
2021-10-14 19:42:07,387 [Command processor thread] INFO  server.RaftServer (RaftServerProxy.java:addNew(95)) - f5ce720c-5ead-4d76-b65c-e0941e033263: addNew group-E2775835631E:[f5ce720c-5ead-4d76-b65c-e0941e033263|rpc:10.1.0.23:35407|priority:1] returns group-E2775835631E:java.util.concurrent.CompletableFuture@f24556f[Not completed]
2021-10-14 19:42:07,388 [pool-131-thread-1] INFO  server.RaftServer$Division (RaftServerImpl.java:<init>(181)) - f5ce720c-5ead-4d76-b65c-e0941e033263: new RaftServerImpl for group-E2775835631E:[f5ce720c-5ead-4d76-b65c-e0941e033263|rpc:10.1.0.23:35407|priority:1] with ContainerStateMachine:uninitialized
2021-10-14 19:42:07,388 [pool-131-thread-1] INFO  server.RaftServerConfigKeys (ConfUtils.java:logGet(44)) - raft.server.rpc.timeout.min = 5s (custom)
2021-10-14 19:42:07,388 [pool-131-thread-1] INFO  server.RaftServerConfigKeys (ConfUtils.java:logGet(44)) - raft.server.rpc.timeout.max = 5200ms (custom)
2021-10-14 19:42:07,388 [pool-131-thread-1] INFO  server.RaftServerConfigKeys (ConfUtils.java:logGet(44)) - raft.server.rpc.sleep.time = 25ms (default)
2021-10-14 19:42:07,388 [pool-131-thread-1] INFO  server.RaftServerConfigKeys (ConfUtils.java:logGet(44)) - raft.server.rpc.slowness.timeout = 300000ms (custom)
2021-10-14 19:42:07,388 [pool-131-thread-1] INFO  server.RaftServerConfigKeys (ConfUtils.java:logGet(44)) - raft.server.leaderelection.leader.step-down.wait-time = 10s (default)
2021-10-14 19:42:07,388 [pool-131-thread-1] INFO  server.RaftServerConfigKeys (ConfUtils.java:logGet(44)) - raft.server.sleep.deviation.threshold = 300ms (default)
2021-10-14 19:42:07,388 [pool-131-thread-1] INFO  server.RaftServerConfigKeys (ConfUtils.java:logGet(44)) - raft.server.log.appender.install.snapshot.enabled = false (custom)
2021-10-14 19:42:07,388 [pool-131-thread-1] INFO  server.RaftServer$Division (ServerState.java:<init>(105)) - f5ce720c-5ead-4d76-b65c-e0941e033263@group-E2775835631E: ConfigurationManager, init=-1: [f5ce720c-5ead-4d76-b65c-e0941e033263|rpc:10.1.0.23:35407|priority:1], old=null, confs=<EMPTY_MAP>
2021-10-14 19:42:07,389 [pool-131-thread-1] INFO  server.RaftServerConfigKeys (ConfUtils.java:logGet(44)) - raft.server.storage.dir = [/home/runner/work/ozone/ozone/hadoop-ozone/integration-test/target/test-dir/MiniOzoneClusterImpl-0ea35d3c-98b9-4918-895e-fcd9be0efca6/datanode-4/data/ratis] (custom)
2021-10-14 19:42:07,389 [pool-131-thread-1] INFO  server.RaftServerConfigKeys (ConfUtils.java:logGet(44)) - raft.server.log.corruption.policy = EXCEPTION (default)
2021-10-14 19:42:07,389 [pool-131-thread-1] INFO  server.RaftServerConfigKeys (ConfUtils.java:logGet(44)) - raft.server.storage.free-space.min = 0MB (=0) (default)
2021-10-14 19:42:07,389 [pool-131-thread-1] INFO  storage.RaftStorageDirectory (RaftStorageDirectoryImpl.java:analyzeStorage(135)) - The storage directory /home/runner/work/ozone/ozone/hadoop-ozone/integration-test/target/test-dir/MiniOzoneClusterImpl-0ea35d3c-98b9-4918-895e-fcd9be0efca6/datanode-4/data/ratis/1de137e8-05ba-442f-8eff-e2775835631e does not exist. Creating ...
2021-10-14 19:42:07,391 [Command processor thread] INFO  commandhandler.CreatePipelineCommandHandler (CreatePipelineCommandHandler.java:handle(106)) - Created Pipeline RATIS THREE PipelineID=262400e7-26fc-467b-ad1e-5a12c23a624b.
2021-10-14 19:42:07,392 [Command processor thread] INFO  server.RaftServer (RaftServerProxy.java:addNew(95)) - 84cf0c76-78e0-494d-aa1f-4383c35cad34: addNew group-D1ADC348C817:[84cf0c76-78e0-494d-aa1f-4383c35cad34|rpc:10.1.0.23:32881|priority:1, f5ce720c-5ead-4d76-b65c-e0941e033263|rpc:10.1.0.23:35407|priority:0, 5cef7d35-5853-4402-b8fc-0c0efab03ad9|rpc:10.1.0.23:45557|priority:0] returns group-D1ADC348C817:java.util.concurrent.CompletableFuture@4092158a[Not completed]
2021-10-14 19:42:07,392 [pool-112-thread-1] INFO  server.RaftServer$Division (RaftServerImpl.java:<init>(181)) - 84cf0c76-78e0-494d-aa1f-4383c35cad34: new RaftServerImpl for group-D1ADC348C817:[84cf0c76-78e0-494d-aa1f-4383c35cad34|rpc:10.1.0.23:32881|priority:1, f5ce720c-5ead-4d76-b65c-e0941e033263|rpc:10.1.0.23:35407|priority:0, 5cef7d35-5853-4402-b8fc-0c0efab03ad9|rpc:10.1.0.23:45557|priority:0] with ContainerStateMachine:uninitialized
2021-10-14 19:42:07,393 [pool-112-thread-1] INFO  server.RaftServerConfigKeys (ConfUtils.java:logGet(44)) - raft.server.rpc.timeout.min = 5s (custom)
2021-10-14 19:42:07,393 [pool-112-thread-1] INFO  server.RaftServerConfigKeys (ConfUtils.java:logGet(44)) - raft.server.rpc.timeout.max = 5200ms (custom)
2021-10-14 19:42:07,393 [pool-112-thread-1] INFO  server.RaftServerConfigKeys (ConfUtils.java:logGet(44)) - raft.server.rpc.sleep.time = 25ms (default)
2021-10-14 19:42:07,393 [pool-112-thread-1] INFO  server.RaftServerConfigKeys (ConfUtils.java:logGet(44)) - raft.server.rpc.slowness.timeout = 300000ms (custom)
2021-10-14 19:42:07,393 [pool-112-thread-1] INFO  server.RaftServerConfigKeys (ConfUtils.java:logGet(44)) - raft.server.leaderelection.leader.step-down.wait-time = 10s (default)
2021-10-14 19:42:07,393 [pool-112-thread-1] INFO  server.RaftServerConfigKeys (ConfUtils.java:logGet(44)) - raft.server.sleep.deviation.threshold = 300ms (default)
2021-10-14 19:42:07,393 [pool-112-thread-1] INFO  server.RaftServerConfigKeys (ConfUtils.java:logGet(44)) - raft.server.log.appender.install.snapshot.enabled = false (custom)
2021-10-14 19:42:07,393 [pool-112-thread-1] INFO  server.RaftServer$Division (ServerState.java:<init>(105)) - 84cf0c76-78e0-494d-aa1f-4383c35cad34@group-D1ADC348C817: ConfigurationManager, init=-1: [84cf0c76-78e0-494d-aa1f-4383c35cad34|rpc:10.1.0.23:32881|priority:1, f5ce720c-5ead-4d76-b65c-e0941e033263|rpc:10.1.0.23:35407|priority:0, 5cef7d35-5853-4402-b8fc-0c0efab03ad9|rpc:10.1.0.23:45557|priority:0], old=null, confs=<EMPTY_MAP>
2021-10-14 19:42:07,393 [pool-112-thread-1] INFO  server.RaftServerConfigKeys (ConfUtils.java:logGet(44)) - raft.server.storage.dir = [/home/runner/work/ozone/ozone/hadoop-ozone/integration-test/target/test-dir/MiniOzoneClusterImpl-0ea35d3c-98b9-4918-895e-fcd9be0efca6/datanode-3/data/ratis] (custom)
2021-10-14 19:42:07,393 [pool-112-thread-1] INFO  server.RaftServerConfigKeys (ConfUtils.java:logGet(44)) - raft.server.log.corruption.policy = EXCEPTION (default)
2021-10-14 19:42:07,394 [pool-112-thread-1] INFO  server.RaftServerConfigKeys (ConfUtils.java:logGet(44)) - raft.server.storage.free-space.min = 0MB (=0) (default)
2021-10-14 19:42:07,394 [pool-112-thread-1] INFO  storage.RaftStorageDirectory (RaftStorageDirectoryImpl.java:analyzeStorage(135)) - The storage directory /home/runner/work/ozone/ozone/hadoop-ozone/integration-test/target/test-dir/MiniOzoneClusterImpl-0ea35d3c-98b9-4918-895e-fcd9be0efca6/datanode-3/data/ratis/ccb6fc38-415a-48b8-b2fb-d1adc348c817 does not exist. Creating ...
2021-10-14 19:42:07,394 [pool-131-thread-1] INFO  storage.RaftStorageDirectory (RaftStorageDirectoryImpl.java:tryLock(230)) - Lock on /home/runner/work/ozone/ozone/hadoop-ozone/integration-test/target/test-dir/MiniOzoneClusterImpl-0ea35d3c-98b9-4918-895e-fcd9be0efca6/datanode-4/data/ratis/1de137e8-05ba-442f-8eff-e2775835631e/in_use.lock acquired by nodename 16848@fv-az184-831
2021-10-14 19:42:07,394 [pool-112-thread-1] INFO  storage.RaftStorageDirectory (RaftStorageDirectoryImpl.java:tryLock(230)) - Lock on /home/runner/work/ozone/ozone/hadoop-ozone/integration-test/target/test-dir/MiniOzoneClusterImpl-0ea35d3c-98b9-4918-895e-fcd9be0efca6/datanode-3/data/ratis/ccb6fc38-415a-48b8-b2fb-d1adc348c817/in_use.lock acquired by nodename 16848@fv-az184-831
2021-10-14 19:42:07,396 [pool-112-thread-1] INFO  storage.RaftStorage (RaftStorageImpl.java:format(89)) - Storage directory /home/runner/work/ozone/ozone/hadoop-ozone/integration-test/target/test-dir/MiniOzoneClusterImpl-0ea35d3c-98b9-4918-895e-fcd9be0efca6/datanode-3/data/ratis/ccb6fc38-415a-48b8-b2fb-d1adc348c817 has been successfully formatted.
2021-10-14 19:42:07,396 [pool-131-thread-1] INFO  storage.RaftStorage (RaftStorageImpl.java:format(89)) - Storage directory /home/runner/work/ozone/ozone/hadoop-ozone/integration-test/target/test-dir/MiniOzoneClusterImpl-0ea35d3c-98b9-4918-895e-fcd9be0efca6/datanode-4/data/ratis/1de137e8-05ba-442f-8eff-e2775835631e has been successfully formatted.
2021-10-14 19:42:07,397 [Datanode State Machine Thread - 0] WARN  statemachine.StateContext (StateContext.java:execute(621)) - No available thread in pool for past 1 seconds.
2021-10-14 19:42:07,397 [pool-112-thread-1] INFO  ratis.ContainerStateMachine (ContainerStateMachine.java:loadSnapshot(224)) - group-D1ADC348C817: The snapshot info is null. Setting the last applied indexto:(t:0, i:~)
2021-10-14 19:42:07,397 [pool-112-thread-1] INFO  server.RaftServerConfigKeys (ConfUtils.java:logGet(44)) - raft.server.notification.no-leader.timeout = 300000ms (custom)
2021-10-14 19:42:07,397 [pool-112-thread-1] INFO  server.RaftServerConfigKeys (ConfUtils.java:logGet(44)) - raft.server.log.use.memory = false (default)
2021-10-14 19:42:07,398 [pool-112-thread-1] INFO  server.RaftServerConfigKeys (ConfUtils.java:logGet(44)) - raft.server.log.purge.gap = 1000000 (custom)
2021-10-14 19:42:07,398 [pool-112-thread-1] INFO  server.RaftServerConfigKeys (ConfUtils.java:logGet(44)) - raft.server.log.appender.buffer.byte-limit = 33554432 (custom)
2021-10-14 19:42:07,398 [Datanode State Machine Thread - 0] WARN  statemachine.StateContext (StateContext.java:execute(621)) - No available thread in pool for past 1 seconds.
2021-10-14 19:42:07,399 [EventQueue-OpenPipelineForHealthyPipelineSafeModeRule] INFO  safemode.SCMSafeModeManager (HealthyPipelineSafeModeRule.java:process(124)) - SCM in safe mode. Healthy pipelines reported count is 0, required healthy pipeline reported count is 1
2021-10-14 19:42:07,400 [EventQueue-PipelineReportForPipelineReportHandler] INFO  pipeline.PipelineManagerImpl (PipelineManagerImpl.java:openPipeline(282)) - Pipeline Pipeline[ Id: 1de137e8-05ba-442f-8eff-e2775835631e, Nodes: f5ce720c-5ead-4d76-b65c-e0941e033263{ip: 10.1.0.23, host: fv-az184-831.3ow45vhwbzuu5incsxmygykede.cx.internal.cloudapp.net, ports: [REPLICATION=39973, RATIS=35407, RATIS_ADMIN=35407, RATIS_SERVER=35407, STANDALONE=38067], networkLocation: /default-rack, certSerialId: null, persistedOpState: IN_SERVICE, persistedOpStateExpiryEpochSec: 0}, ReplicationConfig: RATIS/ONE, State:ALLOCATED, leaderId:f5ce720c-5ead-4d76-b65c-e0941e033263, CreationTimestamp2021-10-14T19:42:04.391Z[Etc/UTC]] moved to OPEN state
2021-10-14 19:42:07,401 [EventQueue-OpenPipelineForHealthyPipelineSafeModeRule] INFO  safemode.SCMSafeModeManager (HealthyPipelineSafeModeRule.java:process(124)) - SCM in safe mode. Healthy pipelines reported count is 0, required healthy pipeline reported count is 1
2021-10-14 19:42:07,401 [pool-131-thread-1] INFO  ratis.ContainerStateMachine (ContainerStateMachine.java:loadSnapshot(224)) - group-E2775835631E: The snapshot info is null. Setting the last applied indexto:(t:0, i:~)
2021-10-14 19:42:07,402 [pool-131-thread-1] INFO  server.RaftServerConfigKeys (ConfUtils.java:logGet(44)) - raft.server.notification.no-leader.timeout = 300000ms (custom)
2021-10-14 19:42:07,402 [pool-131-thread-1] INFO  server.RaftServerConfigKeys (ConfUtils.java:logGet(44)) - raft.server.log.use.memory = false (default)
2021-10-14 19:42:07,402 [pool-131-thread-1] INFO  server.RaftServerConfigKeys (ConfUtils.java:logGet(44)) - raft.server.log.purge.gap = 1000000 (custom)
2021-10-14 19:42:07,402 [pool-131-thread-1] INFO  server.RaftServerConfigKeys (ConfUtils.java:logGet(44)) - raft.server.log.appender.buffer.byte-limit = 33554432 (custom)
2021-10-14 19:42:07,402 [pool-131-thread-1] INFO  server.RaftServerConfigKeys (ConfUtils.java:logGet(44)) - raft.server.log.segment.size.max = 1048576 (custom)
2021-10-14 19:42:07,403 [pool-131-thread-1] INFO  server.RaftServerConfigKeys (ConfUtils.java:logGet(44)) - raft.server.log.segment.cache.num.max = 2 (custom)
2021-10-14 19:42:07,403 [pool-131-thread-1] INFO  server.RaftServerConfigKeys (ConfUtils.java:logGet(44)) - raft.server.log.segment.cache.size.max = 200MB (=209715200) (default)
2021-10-14 19:42:07,403 [pool-131-thread-1] INFO  segmented.SegmentedRaftLogWorker (SegmentedRaftLogWorker.java:<init>(182)) - new f5ce720c-5ead-4d76-b65c-e0941e033263@group-E2775835631E-SegmentedRaftLogWorker for RaftStorageImpl:Storage Directory /home/runner/work/ozone/ozone/hadoop-ozone/integration-test/target/test-dir/MiniOzoneClusterImpl-0ea35d3c-98b9-4918-895e-fcd9be0efca6/datanode-4/data/ratis/1de137e8-05ba-442f-8eff-e2775835631e
2021-10-14 19:42:07,403 [pool-131-thread-1] INFO  server.RaftServerConfigKeys (ConfUtils.java:logGet(44)) - raft.server.log.queue.byte-limit = 2147483647 (custom)
2021-10-14 19:42:07,403 [pool-131-thread-1] INFO  server.RaftServerConfigKeys (ConfUtils.java:logGet(44)) - raft.server.log.queue.element-limit = 1024 (custom)
2021-10-14 19:42:07,403 [pool-131-thread-1] INFO  server.RaftServerConfigKeys (ConfUtils.java:logGet(44)) - raft.server.log.segment.size.max = 1048576 (custom)
2021-10-14 19:42:07,403 [pool-131-thread-1] INFO  server.RaftServerConfigKeys (ConfUtils.java:logGet(44)) - raft.server.log.preallocated.size = 16384 (custom)
2021-10-14 19:42:07,403 [pool-131-thread-1] INFO  server.RaftServerConfigKeys (ConfUtils.java:logGet(44)) - raft.server.log.force.sync.num = 128 (default)
2021-10-14 19:42:07,403 [pool-131-thread-1] INFO  server.RaftServerConfigKeys (ConfUtils.java:logGet(44)) - raft.server.log.statemachine.data.sync = true (default)
2021-10-14 19:42:07,404 [pool-131-thread-1] INFO  server.RaftServerConfigKeys (ConfUtils.java:logGet(44)) - raft.server.log.statemachine.data.sync.timeout = 10s (default)
2021-10-14 19:42:07,404 [pool-131-thread-1] INFO  server.RaftServerConfigKeys (ConfUtils.java:logGet(44)) - raft.server.log.statemachine.data.sync.timeout.retry = -1 (default)
2021-10-14 19:42:07,403 [pool-112-thread-1] INFO  server.RaftServerConfigKeys (ConfUtils.java:logGet(44)) - raft.server.log.segment.size.max = 1048576 (custom)
2021-10-14 19:42:07,405 [pool-112-thread-1] INFO  server.RaftServerConfigKeys (ConfUtils.java:logGet(44)) - raft.server.log.segment.cache.num.max = 2 (custom)
2021-10-14 19:42:07,405 [pool-112-thread-1] INFO  server.RaftServerConfigKeys (ConfUtils.java:logGet(44)) - raft.server.log.segment.cache.size.max = 200MB (=209715200) (default)
2021-10-14 19:42:07,405 [pool-112-thread-1] INFO  segmented.SegmentedRaftLogWorker (SegmentedRaftLogWorker.java:<init>(182)) - new 84cf0c76-78e0-494d-aa1f-4383c35cad34@group-D1ADC348C817-SegmentedRaftLogWorker for RaftStorageImpl:Storage Directory /home/runner/work/ozone/ozone/hadoop-ozone/integration-test/target/test-dir/MiniOzoneClusterImpl-0ea35d3c-98b9-4918-895e-fcd9be0efca6/datanode-3/data/ratis/ccb6fc38-415a-48b8-b2fb-d1adc348c817
2021-10-14 19:42:07,405 [pool-112-thread-1] INFO  server.RaftServerConfigKeys (ConfUtils.java:logGet(44)) - raft.server.log.queue.byte-limit = 2147483647 (custom)
2021-10-14 19:42:07,405 [pool-112-thread-1] INFO  server.RaftServerConfigKeys (ConfUtils.java:logGet(44)) - raft.server.log.queue.element-limit = 1024 (custom)
2021-10-14 19:42:07,405 [pool-112-thread-1] INFO  server.RaftServerConfigKeys (ConfUtils.java:logGet(44)) - raft.server.log.segment.size.max = 1048576 (custom)
2021-10-14 19:42:07,405 [pool-112-thread-1] INFO  server.RaftServerConfigKeys (ConfUtils.java:logGet(44)) - raft.server.log.preallocated.size = 16384 (custom)
2021-10-14 19:42:07,406 [pool-112-thread-1] INFO  server.RaftServerConfigKeys (ConfUtils.java:logGet(44)) - raft.server.log.force.sync.num = 128 (default)
2021-10-14 19:42:07,406 [pool-112-thread-1] INFO  server.RaftServerConfigKeys (ConfUtils.java:logGet(44)) - raft.server.log.statemachine.data.sync = true (default)
2021-10-14 19:42:07,406 [pool-112-thread-1] INFO  server.RaftServerConfigKeys (ConfUtils.java:logGet(44)) - raft.server.log.statemachine.data.sync.timeout = 10s (default)
2021-10-14 19:42:07,406 [pool-112-thread-1] INFO  server.RaftServerConfigKeys (ConfUtils.java:logGet(44)) - raft.server.log.statemachine.data.sync.timeout.retry = -1 (default)
2021-10-14 19:42:07,407 [pool-112-thread-1] INFO  server.RaftServerConfigKeys (ConfUtils.java:logGet(44)) - raft.server.log.write.buffer.size = 1048576 (custom)
2021-10-14 19:42:07,407 [pool-112-thread-1] INFO  server.RaftServerConfigKeys (ConfUtils.java:logGet(44)) - raft.server.log.statemachine.data.caching.enabled = true (custom)
2021-10-14 19:42:07,408 [pool-112-thread-1] INFO  segmented.SegmentedRaftLogWorker (SegmentedRaftLogWorker.java:lambda$new$0(133)) - 84cf0c76-78e0-494d-aa1f-4383c35cad34@group-D1ADC348C817-SegmentedRaftLogWorker: flushIndex: setUnconditionally 0 -> -1
2021-10-14 19:42:07,408 [pool-112-thread-1] INFO  segmented.SegmentedRaftLogWorker (SegmentedRaftLogWorker.java:lambda$new$0(133)) - 84cf0c76-78e0-494d-aa1f-4383c35cad34@group-D1ADC348C817-SegmentedRaftLogWorker: safeCacheEvictIndex: setUnconditionally 0 -> -1
2021-10-14 19:42:07,408 [pool-131-thread-1] INFO  server.RaftServerConfigKeys (ConfUtils.java:logGet(44)) - raft.server.log.write.buffer.size = 1048576 (custom)
2021-10-14 19:42:07,409 [pool-131-thread-1] INFO  server.RaftServerConfigKeys (ConfUtils.java:logGet(44)) - raft.server.log.statemachine.data.caching.enabled = true (custom)
2021-10-14 19:42:07,409 [pool-131-thread-1] INFO  segmented.SegmentedRaftLogWorker (SegmentedRaftLogWorker.java:lambda$new$0(133)) - f5ce720c-5ead-4d76-b65c-e0941e033263@group-E2775835631E-SegmentedRaftLogWorker: flushIndex: setUnconditionally 0 -> -1
2021-10-14 19:42:07,409 [pool-131-thread-1] INFO  segmented.SegmentedRaftLogWorker (SegmentedRaftLogWorker.java:lambda$new$0(133)) - f5ce720c-5ead-4d76-b65c-e0941e033263@group-E2775835631E-SegmentedRaftLogWorker: safeCacheEvictIndex: setUnconditionally 0 -> -1
2021-10-14 19:42:07,409 [pool-112-thread-1] INFO  server.RaftServerConfigKeys (ConfUtils.java:logGet(44)) - raft.server.snapshot.auto.trigger.enabled = true (custom)
2021-10-14 19:42:07,409 [pool-112-thread-1] INFO  server.RaftServerConfigKeys (ConfUtils.java:logGet(44)) - raft.server.snapshot.auto.trigger.threshold = 10000 (custom)
2021-10-14 19:42:07,409 [pool-112-thread-1] INFO  server.RaftServerConfigKeys (ConfUtils.java:logGet(44)) - raft.server.snapshot.retention.file.num = 5 (custom)
2021-10-14 19:42:07,409 [pool-112-thread-1] INFO  server.RaftServerConfigKeys (ConfUtils.java:logGet(44)) - raft.server.log.purge.upto.snapshot.index = false (default)
2021-10-14 19:42:07,410 [pool-112-thread-1] INFO  server.RaftServerConfigKeys (ConfUtils.java:logGet(44)) - raft.server.retrycache.expirytime = 600000ms (custom)
2021-10-14 19:42:07,410 [pool-112-thread-1] INFO  server.RaftServerConfigKeys (ConfUtils.java:logGet(44)) - raft.server.retrycache.statistics.expirytime = 100μs (default)
2021-10-14 19:42:07,411 [pool-112-thread-1] INFO  server.RaftServer$Division (RaftServerImpl.java:start(296)) - 84cf0c76-78e0-494d-aa1f-4383c35cad34@group-D1ADC348C817: start as a follower, conf=-1: [84cf0c76-78e0-494d-aa1f-4383c35cad34|rpc:10.1.0.23:32881|priority:1, f5ce720c-5ead-4d76-b65c-e0941e033263|rpc:10.1.0.23:35407|priority:0, 5cef7d35-5853-4402-b8fc-0c0efab03ad9|rpc:10.1.0.23:45557|priority:0], old=null
2021-10-14 19:42:07,411 [pool-112-thread-1] INFO  server.RaftServer$Division (RaftServerImpl.java:setRole(285)) - 84cf0c76-78e0-494d-aa1f-4383c35cad34@group-D1ADC348C817: changes role from      null to FOLLOWER at term 0 for startAsFollower
2021-10-14 19:42:07,411 [pool-131-thread-1] INFO  server.RaftServerConfigKeys (ConfUtils.java:logGet(44)) - raft.server.snapshot.auto.trigger.enabled = true (custom)
2021-10-14 19:42:07,412 [pool-131-thread-1] INFO  server.RaftServerConfigKeys (ConfUtils.java:logGet(44)) - raft.server.snapshot.auto.trigger.threshold = 10000 (custom)
2021-10-14 19:42:07,412 [pool-131-thread-1] INFO  server.RaftServerConfigKeys (ConfUtils.java:logGet(44)) - raft.server.snapshot.retention.file.num = 5 (custom)
2021-10-14 19:42:07,412 [pool-131-thread-1] INFO  server.RaftServerConfigKeys (ConfUtils.java:logGet(44)) - raft.server.log.purge.upto.snapshot.index = false (default)
2021-10-14 19:42:07,412 [pool-131-thread-1] INFO  server.RaftServerConfigKeys (ConfUtils.java:logGet(44)) - raft.server.retrycache.expirytime = 600000ms (custom)
2021-10-14 19:42:07,412 [pool-131-thread-1] INFO  server.RaftServerConfigKeys (ConfUtils.java:logGet(44)) - raft.server.retrycache.statistics.expirytime = 100μs (default)
2021-10-14 19:42:07,413 [pool-131-thread-1] INFO  server.RaftServer$Division (RaftServerImpl.java:start(296)) - f5ce720c-5ead-4d76-b65c-e0941e033263@group-E2775835631E: start as a follower, conf=-1: [f5ce720c-5ead-4d76-b65c-e0941e033263|rpc:10.1.0.23:35407|priority:1], old=null
2021-10-14 19:42:07,413 [pool-131-thread-1] INFO  server.RaftServer$Division (RaftServerImpl.java:setRole(285)) - f5ce720c-5ead-4d76-b65c-e0941e033263@group-E2775835631E: changes role from      null to FOLLOWER at term 0 for startAsFollower
2021-10-14 19:42:07,413 [pool-131-thread-1] INFO  impl.RoleInfo (RoleInfo.java:updateAndGet(130)) - f5ce720c-5ead-4d76-b65c-e0941e033263: start f5ce720c-5ead-4d76-b65c-e0941e033263@group-E2775835631E-FollowerState
2021-10-14 19:42:07,416 [pool-131-thread-1] INFO  util.JmxRegister (JmxRegister.java:tryRegister(44)) - Successfully registered JMX Bean with object name Ratis:service=RaftServer,group=group-E2775835631E,id=f5ce720c-5ead-4d76-b65c-e0941e033263
2021-10-14 19:42:07,420 [pool-112-thread-1] INFO  impl.RoleInfo (RoleInfo.java:updateAndGet(130)) - 84cf0c76-78e0-494d-aa1f-4383c35cad34: start 84cf0c76-78e0-494d-aa1f-4383c35cad34@group-D1ADC348C817-FollowerState
2021-10-14 19:42:07,420 [Command processor thread] INFO  ratis.XceiverServerRatis (XceiverServerRatis.java:addGroup(768)) - Created group PipelineID=1de137e8-05ba-442f-8eff-e2775835631e
2021-10-14 19:42:07,420 [Command processor thread] INFO  commandhandler.CreatePipelineCommandHandler (CreatePipelineCommandHandler.java:handle(106)) - Created Pipeline RATIS ONE PipelineID=1de137e8-05ba-442f-8eff-e2775835631e.
2021-10-14 19:42:07,421 [Command processor thread] INFO  server.RaftServer (RaftServerProxy.java:addNew(95)) - f5ce720c-5ead-4d76-b65c-e0941e033263: addNew group-D1ADC348C817:[84cf0c76-78e0-494d-aa1f-4383c35cad34|rpc:10.1.0.23:32881|priority:1, f5ce720c-5ead-4d76-b65c-e0941e033263|rpc:10.1.0.23:35407|priority:0, 5cef7d35-5853-4402-b8fc-0c0efab03ad9|rpc:10.1.0.23:45557|priority:0] returns group-D1ADC348C817:java.util.concurrent.CompletableFuture@1e3aafb[Not completed]
2021-10-14 19:42:07,422 [pool-131-thread-1] INFO  server.RaftServer$Division (RaftServerImpl.java:<init>(181)) - f5ce720c-5ead-4d76-b65c-e0941e033263: new RaftServerImpl for group-D1ADC348C817:[84cf0c76-78e0-494d-aa1f-4383c35cad34|rpc:10.1.0.23:32881|priority:1, f5ce720c-5ead-4d76-b65c-e0941e033263|rpc:10.1.0.23:35407|priority:0, 5cef7d35-5853-4402-b8fc-0c0efab03ad9|rpc:10.1.0.23:45557|priority:0] with ContainerStateMachine:uninitialized
2021-10-14 19:42:07,422 [pool-131-thread-1] INFO  server.RaftServerConfigKeys (ConfUtils.java:logGet(44)) - raft.server.rpc.timeout.min = 5s (custom)
2021-10-14 19:42:07,422 [pool-131-thread-1] INFO  server.RaftServerConfigKeys (ConfUtils.java:logGet(44)) - raft.server.rpc.timeout.max = 5200ms (custom)
2021-10-14 19:42:07,422 [pool-131-thread-1] INFO  server.RaftServerConfigKeys (ConfUtils.java:logGet(44)) - raft.server.rpc.sleep.time = 25ms (default)
2021-10-14 19:42:07,422 [pool-131-thread-1] INFO  server.RaftServerConfigKeys (ConfUtils.java:logGet(44)) - raft.server.rpc.slowness.timeout = 300000ms (custom)
2021-10-14 19:42:07,422 [pool-131-thread-1] INFO  server.RaftServerConfigKeys (ConfUtils.java:logGet(44)) - raft.server.leaderelection.leader.step-down.wait-time = 10s (default)
2021-10-14 19:42:07,422 [pool-131-thread-1] INFO  server.RaftServerConfigKeys (ConfUtils.java:logGet(44)) - raft.server.sleep.deviation.threshold = 300ms (default)
2021-10-14 19:42:07,422 [pool-131-thread-1] INFO  server.RaftServerConfigKeys (ConfUtils.java:logGet(44)) - raft.server.log.appender.install.snapshot.enabled = false (custom)
2021-10-14 19:42:07,422 [pool-131-thread-1] INFO  server.RaftServer$Division (ServerState.java:<init>(105)) - f5ce720c-5ead-4d76-b65c-e0941e033263@group-D1ADC348C817: ConfigurationManager, init=-1: [84cf0c76-78e0-494d-aa1f-4383c35cad34|rpc:10.1.0.23:32881|priority:1, f5ce720c-5ead-4d76-b65c-e0941e033263|rpc:10.1.0.23:35407|priority:0, 5cef7d35-5853-4402-b8fc-0c0efab03ad9|rpc:10.1.0.23:45557|priority:0], old=null, confs=<EMPTY_MAP>
2021-10-14 19:42:07,422 [pool-131-thread-1] INFO  server.RaftServerConfigKeys (ConfUtils.java:logGet(44)) - raft.server.storage.dir = [/home/runner/work/ozone/ozone/hadoop-ozone/integration-test/target/test-dir/MiniOzoneClusterImpl-0ea35d3c-98b9-4918-895e-fcd9be0efca6/datanode-4/data/ratis] (custom)
2021-10-14 19:42:07,423 [pool-131-thread-1] INFO  server.RaftServerConfigKeys (ConfUtils.java:logGet(44)) - raft.server.log.corruption.policy = EXCEPTION (default)
2021-10-14 19:42:07,423 [pool-131-thread-1] INFO  server.RaftServerConfigKeys (ConfUtils.java:logGet(44)) - raft.server.storage.free-space.min = 0MB (=0) (default)
2021-10-14 19:42:07,423 [pool-131-thread-1] INFO  storage.RaftStorageDirectory (RaftStorageDirectoryImpl.java:analyzeStorage(135)) - The storage directory /home/runner/work/ozone/ozone/hadoop-ozone/integration-test/target/test-dir/MiniOzoneClusterImpl-0ea35d3c-98b9-4918-895e-fcd9be0efca6/datanode-4/data/ratis/ccb6fc38-415a-48b8-b2fb-d1adc348c817 does not exist. Creating ...
2021-10-14 19:42:07,423 [pool-112-thread-1] INFO  util.JmxRegister (JmxRegister.java:tryRegister(44)) - Successfully registered JMX Bean with object name Ratis:service=RaftServer,group=group-D1ADC348C817,id=84cf0c76-78e0-494d-aa1f-4383c35cad34
2021-10-14 19:42:07,424 [pool-131-thread-1] INFO  storage.RaftStorageDirectory (RaftStorageDirectoryImpl.java:tryLock(230)) - Lock on /home/runner/work/ozone/ozone/hadoop-ozone/integration-test/target/test-dir/MiniOzoneClusterImpl-0ea35d3c-98b9-4918-895e-fcd9be0efca6/datanode-4/data/ratis/ccb6fc38-415a-48b8-b2fb-d1adc348c817/in_use.lock acquired by nodename 16848@fv-az184-831
2021-10-14 19:42:07,425 [Command processor thread] INFO  ratis.XceiverServerRatis (XceiverServerRatis.java:addGroup(768)) - Created group PipelineID=ccb6fc38-415a-48b8-b2fb-d1adc348c817
2021-10-14 19:42:07,426 [pool-131-thread-1] INFO  storage.RaftStorage (RaftStorageImpl.java:format(89)) - Storage directory /home/runner/work/ozone/ozone/hadoop-ozone/integration-test/target/test-dir/MiniOzoneClusterImpl-0ea35d3c-98b9-4918-895e-fcd9be0efca6/datanode-4/data/ratis/ccb6fc38-415a-48b8-b2fb-d1adc348c817 has been successfully formatted.
2021-10-14 19:42:07,427 [pool-131-thread-1] INFO  ratis.ContainerStateMachine (ContainerStateMachine.java:loadSnapshot(224)) - group-D1ADC348C817: The snapshot info is null. Setting the last applied indexto:(t:0, i:~)
2021-10-14 19:42:07,427 [pool-131-thread-1] INFO  server.RaftServerConfigKeys (ConfUtils.java:logGet(44)) - raft.server.notification.no-leader.timeout = 300000ms (custom)
2021-10-14 19:42:07,427 [pool-131-thread-1] INFO  server.RaftServerConfigKeys (ConfUtils.java:logGet(44)) - raft.server.log.use.memory = false (default)
2021-10-14 19:42:07,427 [pool-131-thread-1] INFO  server.RaftServerConfigKeys (ConfUtils.java:logGet(44)) - raft.server.log.purge.gap = 1000000 (custom)
2021-10-14 19:42:07,427 [pool-131-thread-1] INFO  server.RaftServerConfigKeys (ConfUtils.java:logGet(44)) - raft.server.log.appender.buffer.byte-limit = 33554432 (custom)
2021-10-14 19:42:07,427 [pool-131-thread-1] INFO  server.RaftServerConfigKeys (ConfUtils.java:logGet(44)) - raft.server.log.segment.size.max = 1048576 (custom)
2021-10-14 19:42:07,428 [pool-131-thread-1] INFO  server.RaftServerConfigKeys (ConfUtils.java:logGet(44)) - raft.server.log.segment.cache.num.max = 2 (custom)
2021-10-14 19:42:07,428 [pool-131-thread-1] INFO  server.RaftServerConfigKeys (ConfUtils.java:logGet(44)) - raft.server.log.segment.cache.size.max = 200MB (=209715200) (default)
2021-10-14 19:42:07,428 [pool-131-thread-1] INFO  segmented.SegmentedRaftLogWorker (SegmentedRaftLogWorker.java:<init>(182)) - new f5ce720c-5ead-4d76-b65c-e0941e033263@group-D1ADC348C817-SegmentedRaftLogWorker for RaftStorageImpl:Storage Directory /home/runner/work/ozone/ozone/hadoop-ozone/integration-test/target/test-dir/MiniOzoneClusterImpl-0ea35d3c-98b9-4918-895e-fcd9be0efca6/datanode-4/data/ratis/ccb6fc38-415a-48b8-b2fb-d1adc348c817
2021-10-14 19:42:07,428 [pool-131-thread-1] INFO  server.RaftServerConfigKeys (ConfUtils.java:logGet(44)) - raft.server.log.queue.byte-limit = 2147483647 (custom)
2021-10-14 19:42:07,432 [EventQueue-OpenPipelineForHealthyPipelineSafeModeRule] INFO  safemode.SCMSafeModeManager (HealthyPipelineSafeModeRule.java:process(124)) - SCM in safe mode. Healthy pipelines reported count is 0, required healthy pipeline reported count is 1
2021-10-14 19:42:07,428 [Datanode State Machine Thread - 0] WARN  statemachine.StateContext (StateContext.java:execute(621)) - No available thread in pool for past 1 seconds.
2021-10-14 19:42:07,432 [pool-131-thread-1] INFO  server.RaftServerConfigKeys (ConfUtils.java:logGet(44)) - raft.server.log.queue.element-limit = 1024 (custom)
2021-10-14 19:42:07,432 [pool-131-thread-1] INFO  server.RaftServerConfigKeys (ConfUtils.java:logGet(44)) - raft.server.log.segment.size.max = 1048576 (custom)
2021-10-14 19:42:07,433 [pool-131-thread-1] INFO  server.RaftServerConfigKeys (ConfUtils.java:logGet(44)) - raft.server.log.preallocated.size = 16384 (custom)
2021-10-14 19:42:07,433 [pool-131-thread-1] INFO  server.RaftServerConfigKeys (ConfUtils.java:logGet(44)) - raft.server.log.force.sync.num = 128 (default)
2021-10-14 19:42:07,433 [pool-131-thread-1] INFO  server.RaftServerConfigKeys (ConfUtils.java:logGet(44)) - raft.server.log.statemachine.data.sync = true (default)
2021-10-14 19:42:07,433 [pool-131-thread-1] INFO  server.RaftServerConfigKeys (ConfUtils.java:logGet(44)) - raft.server.log.statemachine.data.sync.timeout = 10s (default)
2021-10-14 19:42:07,433 [pool-131-thread-1] INFO  server.RaftServerConfigKeys (ConfUtils.java:logGet(44)) - raft.server.log.statemachine.data.sync.timeout.retry = -1 (default)
2021-10-14 19:42:07,434 [pool-131-thread-1] INFO  server.RaftServerConfigKeys (ConfUtils.java:logGet(44)) - raft.server.log.write.buffer.size = 1048576 (custom)
2021-10-14 19:42:07,435 [pool-131-thread-1] INFO  server.RaftServerConfigKeys (ConfUtils.java:logGet(44)) - raft.server.log.statemachine.data.caching.enabled = true (custom)
2021-10-14 19:42:07,435 [pool-131-thread-1] INFO  segmented.SegmentedRaftLogWorker (SegmentedRaftLogWorker.java:lambda$new$0(133)) - f5ce720c-5ead-4d76-b65c-e0941e033263@group-D1ADC348C817-SegmentedRaftLogWorker: flushIndex: setUnconditionally 0 -> -1
2021-10-14 19:42:07,435 [pool-131-thread-1] INFO  segmented.SegmentedRaftLogWorker (SegmentedRaftLogWorker.java:lambda$new$0(133)) - f5ce720c-5ead-4d76-b65c-e0941e033263@group-D1ADC348C817-SegmentedRaftLogWorker: safeCacheEvictIndex: setUnconditionally 0 -> -1
2021-10-14 19:42:07,440 [pool-131-thread-1] INFO  server.RaftServerConfigKeys (ConfUtils.java:logGet(44)) - raft.server.snapshot.auto.trigger.enabled = true (custom)
2021-10-14 19:42:07,440 [pool-131-thread-1] INFO  server.RaftServerConfigKeys (ConfUtils.java:logGet(44)) - raft.server.snapshot.auto.trigger.threshold = 10000 (custom)
2021-10-14 19:42:07,440 [pool-131-thread-1] INFO  server.RaftServerConfigKeys (ConfUtils.java:logGet(44)) - raft.server.snapshot.retention.file.num = 5 (custom)
2021-10-14 19:42:07,440 [pool-131-thread-1] INFO  server.RaftServerConfigKeys (ConfUtils.java:logGet(44)) - raft.server.log.purge.upto.snapshot.index = false (default)
2021-10-14 19:42:07,440 [pool-131-thread-1] INFO  server.RaftServerConfigKeys (ConfUtils.java:logGet(44)) - raft.server.retrycache.expirytime = 600000ms (custom)
2021-10-14 19:42:07,440 [pool-131-thread-1] INFO  server.RaftServerConfigKeys (ConfUtils.java:logGet(44)) - raft.server.retrycache.statistics.expirytime = 100μs (default)
2021-10-14 19:42:07,442 [pool-131-thread-1] INFO  server.RaftServer$Division (RaftServerImpl.java:start(296)) - f5ce720c-5ead-4d76-b65c-e0941e033263@group-D1ADC348C817: start as a follower, conf=-1: [84cf0c76-78e0-494d-aa1f-4383c35cad34|rpc:10.1.0.23:32881|priority:1, f5ce720c-5ead-4d76-b65c-e0941e033263|rpc:10.1.0.23:35407|priority:0, 5cef7d35-5853-4402-b8fc-0c0efab03ad9|rpc:10.1.0.23:45557|priority:0], old=null
2021-10-14 19:42:07,442 [pool-131-thread-1] INFO  server.RaftServer$Division (RaftServerImpl.java:setRole(285)) - f5ce720c-5ead-4d76-b65c-e0941e033263@group-D1ADC348C817: changes role from      null to FOLLOWER at term 0 for startAsFollower
2021-10-14 19:42:07,442 [pool-131-thread-1] INFO  impl.RoleInfo (RoleInfo.java:updateAndGet(130)) - f5ce720c-5ead-4d76-b65c-e0941e033263: start f5ce720c-5ead-4d76-b65c-e0941e033263@group-D1ADC348C817-FollowerState
2021-10-14 19:42:07,455 [pool-131-thread-1] INFO  util.JmxRegister (JmxRegister.java:tryRegister(44)) - Successfully registered JMX Bean with object name Ratis:service=RaftServer,group=group-D1ADC348C817,id=f5ce720c-5ead-4d76-b65c-e0941e033263
2021-10-14 19:42:07,456 [grpc-default-executor-0] INFO  server.RaftServer (RaftServerProxy.java:addNew(95)) - 5cef7d35-5853-4402-b8fc-0c0efab03ad9: addNew group-D1ADC348C817:[84cf0c76-78e0-494d-aa1f-4383c35cad34|rpc:10.1.0.23:32881|dataStream:|priority:1, f5ce720c-5ead-4d76-b65c-e0941e033263|rpc:10.1.0.23:35407|dataStream:|priority:0, 5cef7d35-5853-4402-b8fc-0c0efab03ad9|rpc:10.1.0.23:45557|dataStream:|priority:0] returns group-D1ADC348C817:java.util.concurrent.CompletableFuture@35a1a8a9[Not completed]
2021-10-14 19:42:07,457 [Command processor thread] INFO  ratis.XceiverServerRatis (XceiverServerRatis.java:addGroup(768)) - Created group PipelineID=ccb6fc38-415a-48b8-b2fb-d1adc348c817
2021-10-14 19:42:07,461 [pool-150-thread-1] INFO  server.RaftServer$Division (RaftServerImpl.java:<init>(181)) - 5cef7d35-5853-4402-b8fc-0c0efab03ad9: new RaftServerImpl for group-D1ADC348C817:[84cf0c76-78e0-494d-aa1f-4383c35cad34|rpc:10.1.0.23:32881|dataStream:|priority:1, f5ce720c-5ead-4d76-b65c-e0941e033263|rpc:10.1.0.23:35407|dataStream:|priority:0, 5cef7d35-5853-4402-b8fc-0c0efab03ad9|rpc:10.1.0.23:45557|dataStream:|priority:0] with ContainerStateMachine:uninitialized
2021-10-14 19:42:07,462 [pool-150-thread-1] INFO  server.RaftServerConfigKeys (ConfUtils.java:logGet(44)) - raft.server.rpc.timeout.min = 5s (custom)
2021-10-14 19:42:07,462 [pool-150-thread-1] INFO  server.RaftServerConfigKeys (ConfUtils.java:logGet(44)) - raft.server.rpc.timeout.max = 5200ms (custom)
2021-10-14 19:42:07,462 [pool-150-thread-1] INFO  server.RaftServerConfigKeys (ConfUtils.java:logGet(44)) - raft.server.rpc.sleep.time = 25ms (default)
2021-10-14 19:42:07,462 [pool-150-thread-1] INFO  server.RaftServerConfigKeys (ConfUtils.java:logGet(44)) - raft.server.rpc.slowness.timeout = 300000ms (custom)
2021-10-14 19:42:07,462 [pool-150-thread-1] INFO  server.RaftServerConfigKeys (ConfUtils.java:logGet(44)) - raft.server.leaderelection.leader.step-down.wait-time = 10s (default)
2021-10-14 19:42:07,462 [pool-150-thread-1] INFO  server.RaftServerConfigKeys (ConfUtils.java:logGet(44)) - raft.server.sleep.deviation.threshold = 300ms (default)
2021-10-14 19:42:07,462 [pool-150-thread-1] INFO  server.RaftServerConfigKeys (ConfUtils.java:logGet(44)) - raft.server.log.appender.install.snapshot.enabled = false (custom)
2021-10-14 19:42:07,462 [pool-150-thread-1] INFO  server.RaftServer$Division (ServerState.java:<init>(105)) - 5cef7d35-5853-4402-b8fc-0c0efab03ad9@group-D1ADC348C817: ConfigurationManager, init=-1: [84cf0c76-78e0-494d-aa1f-4383c35cad34|rpc:10.1.0.23:32881|dataStream:|priority:1, f5ce720c-5ead-4d76-b65c-e0941e033263|rpc:10.1.0.23:35407|dataStream:|priority:0, 5cef7d35-5853-4402-b8fc-0c0efab03ad9|rpc:10.1.0.23:45557|dataStream:|priority:0], old=null, confs=<EMPTY_MAP>
2021-10-14 19:42:07,462 [pool-150-thread-1] INFO  server.RaftServerConfigKeys (ConfUtils.java:logGet(44)) - raft.server.storage.dir = [/home/runner/work/ozone/ozone/hadoop-ozone/integration-test/target/test-dir/MiniOzoneClusterImpl-0ea35d3c-98b9-4918-895e-fcd9be0efca6/datanode-5/data/ratis] (custom)
2021-10-14 19:42:07,462 [pool-150-thread-1] INFO  server.RaftServerConfigKeys (ConfUtils.java:logGet(44)) - raft.server.log.corruption.policy = EXCEPTION (default)
2021-10-14 19:42:07,462 [pool-150-thread-1] INFO  server.RaftServerConfigKeys (ConfUtils.java:logGet(44)) - raft.server.storage.free-space.min = 0MB (=0) (default)
2021-10-14 19:42:07,463 [pool-150-thread-1] INFO  storage.RaftStorageDirectory (RaftStorageDirectoryImpl.java:analyzeStorage(135)) - The storage directory /home/runner/work/ozone/ozone/hadoop-ozone/integration-test/target/test-dir/MiniOzoneClusterImpl-0ea35d3c-98b9-4918-895e-fcd9be0efca6/datanode-5/data/ratis/ccb6fc38-415a-48b8-b2fb-d1adc348c817 does not exist. Creating ...
2021-10-14 19:42:07,465 [pool-150-thread-1] INFO  storage.RaftStorageDirectory (RaftStorageDirectoryImpl.java:tryLock(230)) - Lock on /home/runner/work/ozone/ozone/hadoop-ozone/integration-test/target/test-dir/MiniOzoneClusterImpl-0ea35d3c-98b9-4918-895e-fcd9be0efca6/datanode-5/data/ratis/ccb6fc38-415a-48b8-b2fb-d1adc348c817/in_use.lock acquired by nodename 16848@fv-az184-831
2021-10-14 19:42:07,472 [pool-150-thread-1] INFO  storage.RaftStorage (RaftStorageImpl.java:format(89)) - Storage directory /home/runner/work/ozone/ozone/hadoop-ozone/integration-test/target/test-dir/MiniOzoneClusterImpl-0ea35d3c-98b9-4918-895e-fcd9be0efca6/datanode-5/data/ratis/ccb6fc38-415a-48b8-b2fb-d1adc348c817 has been successfully formatted.
2021-10-14 19:42:07,473 [Datanode State Machine Thread - 0] WARN  statemachine.StateContext (StateContext.java:execute(621)) - No available thread in pool for past 1 seconds.
2021-10-14 19:42:07,474 [pool-150-thread-1] INFO  ratis.ContainerStateMachine (ContainerStateMachine.java:loadSnapshot(224)) - group-D1ADC348C817: The snapshot info is null. Setting the last applied indexto:(t:0, i:~)
2021-10-14 19:42:07,474 [pool-150-thread-1] INFO  server.RaftServerConfigKeys (ConfUtils.java:logGet(44)) - raft.server.notification.no-leader.timeout = 300000ms (custom)
2021-10-14 19:42:07,477 [pool-150-thread-1] INFO  server.RaftServerConfigKeys (ConfUtils.java:logGet(44)) - raft.server.log.use.memory = false (default)
2021-10-14 19:42:07,477 [pool-150-thread-1] INFO  server.RaftServerConfigKeys (ConfUtils.java:logGet(44)) - raft.server.log.purge.gap = 1000000 (custom)
2021-10-14 19:42:07,477 [pool-150-thread-1] INFO  server.RaftServerConfigKeys (ConfUtils.java:logGet(44)) - raft.server.log.appender.buffer.byte-limit = 33554432 (custom)
2021-10-14 19:42:07,478 [pool-150-thread-1] INFO  server.RaftServerConfigKeys (ConfUtils.java:logGet(44)) - raft.server.log.segment.size.max = 1048576 (custom)
2021-10-14 19:42:07,479 [pool-150-thread-1] INFO  server.RaftServerConfigKeys (ConfUtils.java:logGet(44)) - raft.server.log.segment.cache.num.max = 2 (custom)
2021-10-14 19:42:07,479 [pool-150-thread-1] INFO  server.RaftServerConfigKeys (ConfUtils.java:logGet(44)) - raft.server.log.segment.cache.size.max = 200MB (=209715200) (default)
2021-10-14 19:42:07,479 [pool-150-thread-1] INFO  segmented.SegmentedRaftLogWorker (SegmentedRaftLogWorker.java:<init>(182)) - new 5cef7d35-5853-4402-b8fc-0c0efab03ad9@group-D1ADC348C817-SegmentedRaftLogWorker for RaftStorageImpl:Storage Directory /home/runner/work/ozone/ozone/hadoop-ozone/integration-test/target/test-dir/MiniOzoneClusterImpl-0ea35d3c-98b9-4918-895e-fcd9be0efca6/datanode-5/data/ratis/ccb6fc38-415a-48b8-b2fb-d1adc348c817
2021-10-14 19:42:07,479 [pool-150-thread-1] INFO  server.RaftServerConfigKeys (ConfUtils.java:logGet(44)) - raft.server.log.queue.byte-limit = 2147483647 (custom)
2021-10-14 19:42:07,479 [pool-150-thread-1] INFO  server.RaftServerConfigKeys (ConfUtils.java:logGet(44)) - raft.server.log.queue.element-limit = 1024 (custom)
2021-10-14 19:42:07,479 [pool-150-thread-1] INFO  server.RaftServerConfigKeys (ConfUtils.java:logGet(44)) - raft.server.log.segment.size.max = 1048576 (custom)
2021-10-14 19:42:07,479 [pool-150-thread-1] INFO  server.RaftServerConfigKeys (ConfUtils.java:logGet(44)) - raft.server.log.preallocated.size = 16384 (custom)
2021-10-14 19:42:07,479 [pool-150-thread-1] INFO  server.RaftServerConfigKeys (ConfUtils.java:logGet(44)) - raft.server.log.force.sync.num = 128 (default)
2021-10-14 19:42:07,479 [pool-150-thread-1] INFO  server.RaftServerConfigKeys (ConfUtils.java:logGet(44)) - raft.server.log.statemachine.data.sync = true (default)
2021-10-14 19:42:07,479 [pool-150-thread-1] INFO  server.RaftServerConfigKeys (ConfUtils.java:logGet(44)) - raft.server.log.statemachine.data.sync.timeout = 10s (default)
2021-10-14 19:42:07,479 [pool-150-thread-1] INFO  server.RaftServerConfigKeys (ConfUtils.java:logGet(44)) - raft.server.log.statemachine.data.sync.timeout.retry = -1 (default)
2021-10-14 19:42:07,480 [pool-150-thread-1] INFO  server.RaftServerConfigKeys (ConfUtils.java:logGet(44)) - raft.server.log.write.buffer.size = 1048576 (custom)
2021-10-14 19:42:07,481 [pool-150-thread-1] INFO  server.RaftServerConfigKeys (ConfUtils.java:logGet(44)) - raft.server.log.statemachine.data.caching.enabled = true (custom)
2021-10-14 19:42:07,481 [pool-150-thread-1] INFO  segmented.SegmentedRaftLogWorker (SegmentedRaftLogWorker.java:lambda$new$0(133)) - 5cef7d35-5853-4402-b8fc-0c0efab03ad9@group-D1ADC348C817-SegmentedRaftLogWorker: flushIndex: setUnconditionally 0 -> -1
2021-10-14 19:42:07,481 [pool-150-thread-1] INFO  segmented.SegmentedRaftLogWorker (SegmentedRaftLogWorker.java:lambda$new$0(133)) - 5cef7d35-5853-4402-b8fc-0c0efab03ad9@group-D1ADC348C817-SegmentedRaftLogWorker: safeCacheEvictIndex: setUnconditionally 0 -> -1
2021-10-14 19:42:07,485 [pool-150-thread-1] INFO  server.RaftServerConfigKeys (ConfUtils.java:logGet(44)) - raft.server.snapshot.auto.trigger.enabled = true (custom)
2021-10-14 19:42:07,485 [pool-150-thread-1] INFO  server.RaftServerConfigKeys (ConfUtils.java:logGet(44)) - raft.server.snapshot.auto.trigger.threshold = 10000 (custom)
2021-10-14 19:42:07,485 [pool-150-thread-1] INFO  server.RaftServerConfigKeys (ConfUtils.java:logGet(44)) - raft.server.snapshot.retention.file.num = 5 (custom)
2021-10-14 19:42:07,485 [pool-150-thread-1] INFO  server.RaftServerConfigKeys (ConfUtils.java:logGet(44)) - raft.server.log.purge.upto.snapshot.index = false (default)
2021-10-14 19:42:07,486 [pool-150-thread-1] INFO  server.RaftServerConfigKeys (ConfUtils.java:logGet(44)) - raft.server.retrycache.expirytime = 600000ms (custom)
2021-10-14 19:42:07,486 [pool-150-thread-1] INFO  server.RaftServerConfigKeys (ConfUtils.java:logGet(44)) - raft.server.retrycache.statistics.expirytime = 100μs (default)
2021-10-14 19:42:07,489 [pool-150-thread-1] INFO  server.RaftServer$Division (RaftServerImpl.java:start(296)) - 5cef7d35-5853-4402-b8fc-0c0efab03ad9@group-D1ADC348C817: start as a follower, conf=-1: [84cf0c76-78e0-494d-aa1f-4383c35cad34|rpc:10.1.0.23:32881|dataStream:|priority:1, f5ce720c-5ead-4d76-b65c-e0941e033263|rpc:10.1.0.23:35407|dataStream:|priority:0, 5cef7d35-5853-4402-b8fc-0c0efab03ad9|rpc:10.1.0.23:45557|dataStream:|priority:0], old=null
2021-10-14 19:42:07,489 [pool-150-thread-1] INFO  server.RaftServer$Division (RaftServerImpl.java:setRole(285)) - 5cef7d35-5853-4402-b8fc-0c0efab03ad9@group-D1ADC348C817: changes role from      null to FOLLOWER at term 0 for startAsFollower
2021-10-14 19:42:07,490 [pool-150-thread-1] INFO  impl.RoleInfo (RoleInfo.java:updateAndGet(130)) - 5cef7d35-5853-4402-b8fc-0c0efab03ad9: start 5cef7d35-5853-4402-b8fc-0c0efab03ad9@group-D1ADC348C817-FollowerState
2021-10-14 19:42:07,499 [pool-150-thread-1] INFO  util.JmxRegister (JmxRegister.java:tryRegister(44)) - Successfully registered JMX Bean with object name Ratis:service=RaftServer,group=group-D1ADC348C817,id=5cef7d35-5853-4402-b8fc-0c0efab03ad9
2021-10-14 19:42:07,528 [Command processor thread] INFO  commandhandler.CreatePipelineCommandHandler (CreatePipelineCommandHandler.java:handle(106)) - Created Pipeline RATIS THREE PipelineID=ccb6fc38-415a-48b8-b2fb-d1adc348c817.
2021-10-14 19:42:07,539 [Command processor thread] INFO  commandhandler.CreatePipelineCommandHandler (CreatePipelineCommandHandler.java:handle(106)) - Created Pipeline RATIS THREE PipelineID=ccb6fc38-415a-48b8-b2fb-d1adc348c817.
2021-10-14 19:42:07,593 [Command processor thread] INFO  server.RaftServer (RaftServerProxy.java:addNew(95)) - 5cef7d35-5853-4402-b8fc-0c0efab03ad9: addNew group-B3A9C12BDF90:[5cef7d35-5853-4402-b8fc-0c0efab03ad9|rpc:10.1.0.23:45557|priority:1] returns group-B3A9C12BDF90:java.util.concurrent.CompletableFuture@777b16cb[Not completed]
2021-10-14 19:42:07,596 [pool-150-thread-1] INFO  server.RaftServer$Division (RaftServerImpl.java:<init>(181)) - 5cef7d35-5853-4402-b8fc-0c0efab03ad9: new RaftServerImpl for group-B3A9C12BDF90:[5cef7d35-5853-4402-b8fc-0c0efab03ad9|rpc:10.1.0.23:45557|priority:1] with ContainerStateMachine:uninitialized
2021-10-14 19:42:07,597 [pool-150-thread-1] INFO  server.RaftServerConfigKeys (ConfUtils.java:logGet(44)) - raft.server.rpc.timeout.min = 5s (custom)
2021-10-14 19:42:07,597 [pool-150-thread-1] INFO  server.RaftServerConfigKeys (ConfUtils.java:logGet(44)) - raft.server.rpc.timeout.max = 5200ms (custom)
2021-10-14 19:42:07,597 [pool-150-thread-1] INFO  server.RaftServerConfigKeys (ConfUtils.java:logGet(44)) - raft.server.rpc.sleep.time = 25ms (default)
2021-10-14 19:42:07,597 [pool-150-thread-1] INFO  server.RaftServerConfigKeys (ConfUtils.java:logGet(44)) - raft.server.rpc.slowness.timeout = 300000ms (custom)
2021-10-14 19:42:07,597 [pool-150-thread-1] INFO  server.RaftServerConfigKeys (ConfUtils.java:logGet(44)) - raft.server.leaderelection.leader.step-down.wait-time = 10s (default)
2021-10-14 19:42:07,597 [pool-150-thread-1] INFO  server.RaftServerConfigKeys (ConfUtils.java:logGet(44)) - raft.server.sleep.deviation.threshold = 300ms (default)
2021-10-14 19:42:07,597 [pool-150-thread-1] INFO  server.RaftServerConfigKeys (ConfUtils.java:logGet(44)) - raft.server.log.appender.install.snapshot.enabled = false (custom)
2021-10-14 19:42:07,597 [pool-150-thread-1] INFO  server.RaftServer$Division (ServerState.java:<init>(105)) - 5cef7d35-5853-4402-b8fc-0c0efab03ad9@group-B3A9C12BDF90: ConfigurationManager, init=-1: [5cef7d35-5853-4402-b8fc-0c0efab03ad9|rpc:10.1.0.23:45557|priority:1], old=null, confs=<EMPTY_MAP>
2021-10-14 19:42:07,597 [pool-150-thread-1] INFO  server.RaftServerConfigKeys (ConfUtils.java:logGet(44)) - raft.server.storage.dir = [/home/runner/work/ozone/ozone/hadoop-ozone/integration-test/target/test-dir/MiniOzoneClusterImpl-0ea35d3c-98b9-4918-895e-fcd9be0efca6/datanode-5/data/ratis] (custom)
2021-10-14 19:42:07,597 [pool-150-thread-1] INFO  server.RaftServerConfigKeys (ConfUtils.java:logGet(44)) - raft.server.log.corruption.policy = EXCEPTION (default)
2021-10-14 19:42:07,598 [pool-150-thread-1] INFO  server.RaftServerConfigKeys (ConfUtils.java:logGet(44)) - raft.server.storage.free-space.min = 0MB (=0) (default)
2021-10-14 19:42:07,598 [pool-150-thread-1] INFO  storage.RaftStorageDirectory (RaftStorageDirectoryImpl.java:analyzeStorage(135)) - The storage directory /home/runner/work/ozone/ozone/hadoop-ozone/integration-test/target/test-dir/MiniOzoneClusterImpl-0ea35d3c-98b9-4918-895e-fcd9be0efca6/datanode-5/data/ratis/93c1cc2a-593b-443d-b916-b3a9c12bdf90 does not exist. Creating ...
2021-10-14 19:42:07,599 [pool-150-thread-1] INFO  storage.RaftStorageDirectory (RaftStorageDirectoryImpl.java:tryLock(230)) - Lock on /home/runner/work/ozone/ozone/hadoop-ozone/integration-test/target/test-dir/MiniOzoneClusterImpl-0ea35d3c-98b9-4918-895e-fcd9be0efca6/datanode-5/data/ratis/93c1cc2a-593b-443d-b916-b3a9c12bdf90/in_use.lock acquired by nodename 16848@fv-az184-831
2021-10-14 19:42:07,600 [pool-150-thread-1] INFO  storage.RaftStorage (RaftStorageImpl.java:format(89)) - Storage directory /home/runner/work/ozone/ozone/hadoop-ozone/integration-test/target/test-dir/MiniOzoneClusterImpl-0ea35d3c-98b9-4918-895e-fcd9be0efca6/datanode-5/data/ratis/93c1cc2a-593b-443d-b916-b3a9c12bdf90 has been successfully formatted.
2021-10-14 19:42:07,600 [pool-150-thread-1] INFO  ratis.ContainerStateMachine (ContainerStateMachine.java:loadSnapshot(224)) - group-B3A9C12BDF90: The snapshot info is null. Setting the last applied indexto:(t:0, i:~)
2021-10-14 19:42:07,601 [pool-150-thread-1] INFO  server.RaftServerConfigKeys (ConfUtils.java:logGet(44)) - raft.server.notification.no-leader.timeout = 300000ms (custom)
2021-10-14 19:42:07,601 [pool-150-thread-1] INFO  server.RaftServerConfigKeys (ConfUtils.java:logGet(44)) - raft.server.log.use.memory = false (default)
2021-10-14 19:42:07,601 [pool-150-thread-1] INFO  server.RaftServerConfigKeys (ConfUtils.java:logGet(44)) - raft.server.log.purge.gap = 1000000 (custom)
2021-10-14 19:42:07,601 [pool-150-thread-1] INFO  server.RaftServerConfigKeys (ConfUtils.java:logGet(44)) - raft.server.log.appender.buffer.byte-limit = 33554432 (custom)
2021-10-14 19:42:07,601 [pool-150-thread-1] INFO  server.RaftServerConfigKeys (ConfUtils.java:logGet(44)) - raft.server.log.segment.size.max = 1048576 (custom)
2021-10-14 19:42:07,602 [pool-150-thread-1] INFO  server.RaftServerConfigKeys (ConfUtils.java:logGet(44)) - raft.server.log.segment.cache.num.max = 2 (custom)
2021-10-14 19:42:07,602 [pool-150-thread-1] INFO  server.RaftServerConfigKeys (ConfUtils.java:logGet(44)) - raft.server.log.segment.cache.size.max = 200MB (=209715200) (default)
2021-10-14 19:42:07,602 [pool-150-thread-1] INFO  segmented.SegmentedRaftLogWorker (SegmentedRaftLogWorker.java:<init>(182)) - new 5cef7d35-5853-4402-b8fc-0c0efab03ad9@group-B3A9C12BDF90-SegmentedRaftLogWorker for RaftStorageImpl:Storage Directory /home/runner/work/ozone/ozone/hadoop-ozone/integration-test/target/test-dir/MiniOzoneClusterImpl-0ea35d3c-98b9-4918-895e-fcd9be0efca6/datanode-5/data/ratis/93c1cc2a-593b-443d-b916-b3a9c12bdf90
2021-10-14 19:42:07,602 [pool-150-thread-1] INFO  server.RaftServerConfigKeys (ConfUtils.java:logGet(44)) - raft.server.log.queue.byte-limit = 2147483647 (custom)
2021-10-14 19:42:07,602 [pool-150-thread-1] INFO  server.RaftServerConfigKeys (ConfUtils.java:logGet(44)) - raft.server.log.queue.element-limit = 1024 (custom)
2021-10-14 19:42:07,601 [Datanode State Machine Thread - 0] WARN  statemachine.StateContext (StateContext.java:execute(621)) - No available thread in pool for past 1 seconds.
2021-10-14 19:42:07,602 [EventQueue-PipelineReportForPipelineReportHandler] INFO  pipeline.PipelineManagerImpl (PipelineManagerImpl.java:openPipeline(282)) - Pipeline Pipeline[ Id: 93c1cc2a-593b-443d-b916-b3a9c12bdf90, Nodes: 5cef7d35-5853-4402-b8fc-0c0efab03ad9{ip: 10.1.0.23, host: fv-az184-831.3ow45vhwbzuu5incsxmygykede.cx.internal.cloudapp.net, ports: [REPLICATION=33651, RATIS=45557, RATIS_ADMIN=45557, RATIS_SERVER=45557, STANDALONE=44405], networkLocation: /default-rack, certSerialId: null, persistedOpState: IN_SERVICE, persistedOpStateExpiryEpochSec: 0}, ReplicationConfig: RATIS/ONE, State:ALLOCATED, leaderId:5cef7d35-5853-4402-b8fc-0c0efab03ad9, CreationTimestamp2021-10-14T19:42:04.597Z[Etc/UTC]] moved to OPEN state
2021-10-14 19:42:07,603 [pool-150-thread-1] INFO  server.RaftServerConfigKeys (ConfUtils.java:logGet(44)) - raft.server.log.segment.size.max = 1048576 (custom)
2021-10-14 19:42:07,603 [pool-150-thread-1] INFO  server.RaftServerConfigKeys (ConfUtils.java:logGet(44)) - raft.server.log.preallocated.size = 16384 (custom)
2021-10-14 19:42:07,603 [pool-150-thread-1] INFO  server.RaftServerConfigKeys (ConfUtils.java:logGet(44)) - raft.server.log.force.sync.num = 128 (default)
2021-10-14 19:42:07,603 [pool-150-thread-1] INFO  server.RaftServerConfigKeys (ConfUtils.java:logGet(44)) - raft.server.log.statemachine.data.sync = true (default)
2021-10-14 19:42:07,603 [EventQueue-OpenPipelineForHealthyPipelineSafeModeRule] INFO  safemode.SCMSafeModeManager (HealthyPipelineSafeModeRule.java:process(124)) - SCM in safe mode. Healthy pipelines reported count is 0, required healthy pipeline reported count is 1
2021-10-14 19:42:07,604 [pool-150-thread-1] INFO  server.RaftServerConfigKeys (ConfUtils.java:logGet(44)) - raft.server.log.statemachine.data.sync.timeout = 10s (default)
2021-10-14 19:42:07,604 [pool-150-thread-1] INFO  server.RaftServerConfigKeys (ConfUtils.java:logGet(44)) - raft.server.log.statemachine.data.sync.timeout.retry = -1 (default)
2021-10-14 19:42:07,606 [pool-150-thread-1] INFO  server.RaftServerConfigKeys (ConfUtils.java:logGet(44)) - raft.server.log.write.buffer.size = 1048576 (custom)
2021-10-14 19:42:07,606 [pool-150-thread-1] INFO  server.RaftServerConfigKeys (ConfUtils.java:logGet(44)) - raft.server.log.statemachine.data.caching.enabled = true (custom)
2021-10-14 19:42:07,607 [pool-150-thread-1] INFO  segmented.SegmentedRaftLogWorker (SegmentedRaftLogWorker.java:lambda$new$0(133)) - 5cef7d35-5853-4402-b8fc-0c0efab03ad9@group-B3A9C12BDF90-SegmentedRaftLogWorker: flushIndex: setUnconditionally 0 -> -1
2021-10-14 19:42:07,607 [pool-150-thread-1] INFO  segmented.SegmentedRaftLogWorker (SegmentedRaftLogWorker.java:lambda$new$0(133)) - 5cef7d35-5853-4402-b8fc-0c0efab03ad9@group-B3A9C12BDF90-SegmentedRaftLogWorker: safeCacheEvictIndex: setUnconditionally 0 -> -1
2021-10-14 19:42:07,607 [pool-150-thread-1] INFO  server.RaftServerConfigKeys (ConfUtils.java:logGet(44)) - raft.server.snapshot.auto.trigger.enabled = true (custom)
2021-10-14 19:42:07,607 [pool-150-thread-1] INFO  server.RaftServerConfigKeys (ConfUtils.java:logGet(44)) - raft.server.snapshot.auto.trigger.threshold = 10000 (custom)
2021-10-14 19:42:07,607 [pool-150-thread-1] INFO  server.RaftServerConfigKeys (ConfUtils.java:logGet(44)) - raft.server.snapshot.retention.file.num = 5 (custom)
2021-10-14 19:42:07,607 [pool-150-thread-1] INFO  server.RaftServerConfigKeys (ConfUtils.java:logGet(44)) - raft.server.log.purge.upto.snapshot.index = false (default)
2021-10-14 19:42:07,607 [pool-150-thread-1] INFO  server.RaftServerConfigKeys (ConfUtils.java:logGet(44)) - raft.server.retrycache.expirytime = 600000ms (custom)
2021-10-14 19:42:07,607 [pool-150-thread-1] INFO  server.RaftServerConfigKeys (ConfUtils.java:logGet(44)) - raft.server.retrycache.statistics.expirytime = 100μs (default)
2021-10-14 19:42:07,608 [pool-150-thread-1] INFO  server.RaftServer$Division (RaftServerImpl.java:start(296)) - 5cef7d35-5853-4402-b8fc-0c0efab03ad9@group-B3A9C12BDF90: start as a follower, conf=-1: [5cef7d35-5853-4402-b8fc-0c0efab03ad9|rpc:10.1.0.23:45557|priority:1], old=null
2021-10-14 19:42:07,609 [pool-150-thread-1] INFO  server.RaftServer$Division (RaftServerImpl.java:setRole(285)) - 5cef7d35-5853-4402-b8fc-0c0efab03ad9@group-B3A9C12BDF90: changes role from      null to FOLLOWER at term 0 for startAsFollower
2021-10-14 19:42:07,609 [pool-150-thread-1] INFO  impl.RoleInfo (RoleInfo.java:updateAndGet(130)) - 5cef7d35-5853-4402-b8fc-0c0efab03ad9: start 5cef7d35-5853-4402-b8fc-0c0efab03ad9@group-B3A9C12BDF90-FollowerState
2021-10-14 19:42:07,609 [pool-150-thread-1] INFO  util.JmxRegister (JmxRegister.java:tryRegister(44)) - Successfully registered JMX Bean with object name Ratis:service=RaftServer,group=group-B3A9C12BDF90,id=5cef7d35-5853-4402-b8fc-0c0efab03ad9
2021-10-14 19:42:07,610 [Command processor thread] INFO  ratis.XceiverServerRatis (XceiverServerRatis.java:addGroup(768)) - Created group PipelineID=93c1cc2a-593b-443d-b916-b3a9c12bdf90
2021-10-14 19:42:07,610 [Command processor thread] INFO  commandhandler.CreatePipelineCommandHandler (CreatePipelineCommandHandler.java:handle(106)) - Created Pipeline RATIS ONE PipelineID=93c1cc2a-593b-443d-b916-b3a9c12bdf90.
2021-10-14 19:42:07,797 [Listener at 127.0.0.1/44077] INFO  ozone.MiniOzoneClusterImpl (MiniOzoneClusterImpl.java:lambda$waitForClusterToBeReady$0(235)) - Nodes are ready. Got 7 of 7 DN Heartbeats.
2021-10-14 19:42:07,797 [Listener at 127.0.0.1/44077] INFO  ozone.MiniOzoneClusterImpl (MiniOzoneClusterImpl.java:lambda$waitForClusterToBeReady$0(238)) - Waiting for cluster to exit safe mode
2021-10-14 19:42:07,797 [Listener at 127.0.0.1/44077] INFO  ozone.MiniOzoneClusterImpl (MiniOzoneClusterImpl.java:lambda$waitForClusterToBeReady$0(240)) - SCM became leader
2021-10-14 19:42:07,807 [Command processor thread] INFO  server.RaftServer (RaftServerProxy.java:addNew(95)) - deff586f-8846-4a53-afbe-85ab1adc4d70: addNew group-45942CB47BAF:[deff586f-8846-4a53-afbe-85ab1adc4d70|rpc:10.1.0.23:38033|priority:1] returns group-45942CB47BAF:java.util.concurrent.CompletableFuture@1c29f85[Not completed]
2021-10-14 19:42:07,808 [pool-169-thread-1] INFO  server.RaftServer$Division (RaftServerImpl.java:<init>(181)) - deff586f-8846-4a53-afbe-85ab1adc4d70: new RaftServerImpl for group-45942CB47BAF:[deff586f-8846-4a53-afbe-85ab1adc4d70|rpc:10.1.0.23:38033|priority:1] with ContainerStateMachine:uninitialized
2021-10-14 19:42:07,808 [pool-169-thread-1] INFO  server.RaftServerConfigKeys (ConfUtils.java:logGet(44)) - raft.server.rpc.timeout.min = 5s (custom)
2021-10-14 19:42:07,808 [pool-169-thread-1] INFO  server.RaftServerConfigKeys (ConfUtils.java:logGet(44)) - raft.server.rpc.timeout.max = 5200ms (custom)
2021-10-14 19:42:07,808 [pool-169-thread-1] INFO  server.RaftServerConfigKeys (ConfUtils.java:logGet(44)) - raft.server.rpc.sleep.time = 25ms (default)
2021-10-14 19:42:07,809 [pool-169-thread-1] INFO  server.RaftServerConfigKeys (ConfUtils.java:logGet(44)) - raft.server.rpc.slowness.timeout = 300000ms (custom)
2021-10-14 19:42:07,809 [pool-169-thread-1] INFO  server.RaftServerConfigKeys (ConfUtils.java:logGet(44)) - raft.server.leaderelection.leader.step-down.wait-time = 10s (default)
2021-10-14 19:42:07,809 [pool-169-thread-1] INFO  server.RaftServerConfigKeys (ConfUtils.java:logGet(44)) - raft.server.sleep.deviation.threshold = 300ms (default)
2021-10-14 19:42:07,809 [pool-169-thread-1] INFO  server.RaftServerConfigKeys (ConfUtils.java:logGet(44)) - raft.server.log.appender.install.snapshot.enabled = false (custom)
2021-10-14 19:42:07,809 [pool-169-thread-1] INFO  server.RaftServer$Division (ServerState.java:<init>(105)) - deff586f-8846-4a53-afbe-85ab1adc4d70@group-45942CB47BAF: ConfigurationManager, init=-1: [deff586f-8846-4a53-afbe-85ab1adc4d70|rpc:10.1.0.23:38033|priority:1], old=null, confs=<EMPTY_MAP>
2021-10-14 19:42:07,809 [pool-169-thread-1] INFO  server.RaftServerConfigKeys (ConfUtils.java:logGet(44)) - raft.server.storage.dir = [/home/runner/work/ozone/ozone/hadoop-ozone/integration-test/target/test-dir/MiniOzoneClusterImpl-0ea35d3c-98b9-4918-895e-fcd9be0efca6/datanode-6/data/ratis] (custom)
2021-10-14 19:42:07,809 [pool-169-thread-1] INFO  server.RaftServerConfigKeys (ConfUtils.java:logGet(44)) - raft.server.log.corruption.policy = EXCEPTION (default)
2021-10-14 19:42:07,810 [pool-169-thread-1] INFO  server.RaftServerConfigKeys (ConfUtils.java:logGet(44)) - raft.server.storage.free-space.min = 0MB (=0) (default)
2021-10-14 19:42:07,810 [pool-169-thread-1] INFO  storage.RaftStorageDirectory (RaftStorageDirectoryImpl.java:analyzeStorage(135)) - The storage directory /home/runner/work/ozone/ozone/hadoop-ozone/integration-test/target/test-dir/MiniOzoneClusterImpl-0ea35d3c-98b9-4918-895e-fcd9be0efca6/datanode-6/data/ratis/0248f5bb-8e6b-43ae-8d2f-45942cb47baf does not exist. Creating ...
2021-10-14 19:42:07,811 [pool-169-thread-1] INFO  storage.RaftStorageDirectory (RaftStorageDirectoryImpl.java:tryLock(230)) - Lock on /home/runner/work/ozone/ozone/hadoop-ozone/integration-test/target/test-dir/MiniOzoneClusterImpl-0ea35d3c-98b9-4918-895e-fcd9be0efca6/datanode-6/data/ratis/0248f5bb-8e6b-43ae-8d2f-45942cb47baf/in_use.lock acquired by nodename 16848@fv-az184-831
2021-10-14 19:42:07,812 [pool-169-thread-1] INFO  storage.RaftStorage (RaftStorageImpl.java:format(89)) - Storage directory /home/runner/work/ozone/ozone/hadoop-ozone/integration-test/target/test-dir/MiniOzoneClusterImpl-0ea35d3c-98b9-4918-895e-fcd9be0efca6/datanode-6/data/ratis/0248f5bb-8e6b-43ae-8d2f-45942cb47baf has been successfully formatted.
2021-10-14 19:42:07,814 [Datanode State Machine Thread - 0] WARN  statemachine.StateContext (StateContext.java:execute(621)) - No available thread in pool for past 1 seconds.
2021-10-14 19:42:07,814 [pool-169-thread-1] INFO  ratis.ContainerStateMachine (ContainerStateMachine.java:loadSnapshot(224)) - group-45942CB47BAF: The snapshot info is null. Setting the last applied indexto:(t:0, i:~)
2021-10-14 19:42:07,815 [pool-169-thread-1] INFO  server.RaftServerConfigKeys (ConfUtils.java:logGet(44)) - raft.server.notification.no-leader.timeout = 300000ms (custom)
2021-10-14 19:42:07,815 [EventQueue-PipelineReportForPipelineReportHandler] INFO  pipeline.PipelineManagerImpl (PipelineManagerImpl.java:openPipeline(282)) - Pipeline Pipeline[ Id: 0248f5bb-8e6b-43ae-8d2f-45942cb47baf, Nodes: deff586f-8846-4a53-afbe-85ab1adc4d70{ip: 10.1.0.23, host: fv-az184-831.3ow45vhwbzuu5incsxmygykede.cx.internal.cloudapp.net, ports: [REPLICATION=45851, RATIS=38033, RATIS_ADMIN=38033, RATIS_SERVER=38033, STANDALONE=40233], networkLocation: /default-rack, certSerialId: null, persistedOpState: IN_SERVICE, persistedOpStateExpiryEpochSec: 0}, ReplicationConfig: RATIS/ONE, State:ALLOCATED, leaderId:deff586f-8846-4a53-afbe-85ab1adc4d70, CreationTimestamp2021-10-14T19:42:04.810Z[Etc/UTC]] moved to OPEN state
2021-10-14 19:42:07,816 [pool-169-thread-1] INFO  server.RaftServerConfigKeys (ConfUtils.java:logGet(44)) - raft.server.log.use.memory = false (default)
2021-10-14 19:42:07,816 [EventQueue-OpenPipelineForHealthyPipelineSafeModeRule] INFO  safemode.SCMSafeModeManager (HealthyPipelineSafeModeRule.java:process(124)) - SCM in safe mode. Healthy pipelines reported count is 0, required healthy pipeline reported count is 1
2021-10-14 19:42:07,818 [pool-169-thread-1] INFO  server.RaftServerConfigKeys (ConfUtils.java:logGet(44)) - raft.server.log.purge.gap = 1000000 (custom)
2021-10-14 19:42:07,818 [pool-169-thread-1] INFO  server.RaftServerConfigKeys (ConfUtils.java:logGet(44)) - raft.server.log.appender.buffer.byte-limit = 33554432 (custom)
2021-10-14 19:42:07,818 [pool-169-thread-1] INFO  server.RaftServerConfigKeys (ConfUtils.java:logGet(44)) - raft.server.log.segment.size.max = 1048576 (custom)
2021-10-14 19:42:07,819 [pool-169-thread-1] INFO  server.RaftServerConfigKeys (ConfUtils.java:logGet(44)) - raft.server.log.segment.cache.num.max = 2 (custom)
2021-10-14 19:42:07,819 [pool-169-thread-1] INFO  server.RaftServerConfigKeys (ConfUtils.java:logGet(44)) - raft.server.log.segment.cache.size.max = 200MB (=209715200) (default)
2021-10-14 19:42:07,819 [pool-169-thread-1] INFO  segmented.SegmentedRaftLogWorker (SegmentedRaftLogWorker.java:<init>(182)) - new deff586f-8846-4a53-afbe-85ab1adc4d70@group-45942CB47BAF-SegmentedRaftLogWorker for RaftStorageImpl:Storage Directory /home/runner/work/ozone/ozone/hadoop-ozone/integration-test/target/test-dir/MiniOzoneClusterImpl-0ea35d3c-98b9-4918-895e-fcd9be0efca6/datanode-6/data/ratis/0248f5bb-8e6b-43ae-8d2f-45942cb47baf
2021-10-14 19:42:07,819 [pool-169-thread-1] INFO  server.RaftServerConfigKeys (ConfUtils.java:logGet(44)) - raft.server.log.queue.byte-limit = 2147483647 (custom)
2021-10-14 19:42:07,820 [pool-169-thread-1] INFO  server.RaftServerConfigKeys (ConfUtils.java:logGet(44)) - raft.server.log.queue.element-limit = 1024 (custom)
2021-10-14 19:42:07,820 [pool-169-thread-1] INFO  server.RaftServerConfigKeys (ConfUtils.java:logGet(44)) - raft.server.log.segment.size.max = 1048576 (custom)
2021-10-14 19:42:07,820 [pool-169-thread-1] INFO  server.RaftServerConfigKeys (ConfUtils.java:logGet(44)) - raft.server.log.preallocated.size = 16384 (custom)
2021-10-14 19:42:07,820 [pool-169-thread-1] INFO  server.RaftServerConfigKeys (ConfUtils.java:logGet(44)) - raft.server.log.force.sync.num = 128 (default)
2021-10-14 19:42:07,820 [pool-169-thread-1] INFO  server.RaftServerConfigKeys (ConfUtils.java:logGet(44)) - raft.server.log.statemachine.data.sync = true (default)
2021-10-14 19:42:07,822 [pool-169-thread-1] INFO  server.RaftServerConfigKeys (ConfUtils.java:logGet(44)) - raft.server.log.statemachine.data.sync.timeout = 10s (default)
2021-10-14 19:42:07,822 [pool-169-thread-1] INFO  server.RaftServerConfigKeys (ConfUtils.java:logGet(44)) - raft.server.log.statemachine.data.sync.timeout.retry = -1 (default)
2021-10-14 19:42:07,825 [pool-169-thread-1] INFO  server.RaftServerConfigKeys (ConfUtils.java:logGet(44)) - raft.server.log.write.buffer.size = 1048576 (custom)
2021-10-14 19:42:07,826 [pool-169-thread-1] INFO  server.RaftServerConfigKeys (ConfUtils.java:logGet(44)) - raft.server.log.statemachine.data.caching.enabled = true (custom)
2021-10-14 19:42:07,826 [pool-169-thread-1] INFO  segmented.SegmentedRaftLogWorker (SegmentedRaftLogWorker.java:lambda$new$0(133)) - deff586f-8846-4a53-afbe-85ab1adc4d70@group-45942CB47BAF-SegmentedRaftLogWorker: flushIndex: setUnconditionally 0 -> -1
2021-10-14 19:42:07,826 [pool-169-thread-1] INFO  segmented.SegmentedRaftLogWorker (SegmentedRaftLogWorker.java:lambda$new$0(133)) - deff586f-8846-4a53-afbe-85ab1adc4d70@group-45942CB47BAF-SegmentedRaftLogWorker: safeCacheEvictIndex: setUnconditionally 0 -> -1
2021-10-14 19:42:07,831 [pool-169-thread-1] INFO  server.RaftServerConfigKeys (ConfUtils.java:logGet(44)) - raft.server.snapshot.auto.trigger.enabled = true (custom)
2021-10-14 19:42:07,832 [pool-169-thread-1] INFO  server.RaftServerConfigKeys (ConfUtils.java:logGet(44)) - raft.server.snapshot.auto.trigger.threshold = 10000 (custom)
2021-10-14 19:42:07,832 [pool-169-thread-1] INFO  server.RaftServerConfigKeys (ConfUtils.java:logGet(44)) - raft.server.snapshot.retention.file.num = 5 (custom)
2021-10-14 19:42:07,832 [pool-169-thread-1] INFO  server.RaftServerConfigKeys (ConfUtils.java:logGet(44)) - raft.server.log.purge.upto.snapshot.index = false (default)
2021-10-14 19:42:07,832 [pool-169-thread-1] INFO  server.RaftServerConfigKeys (ConfUtils.java:logGet(44)) - raft.server.retrycache.expirytime = 600000ms (custom)
2021-10-14 19:42:07,832 [pool-169-thread-1] INFO  server.RaftServerConfigKeys (ConfUtils.java:logGet(44)) - raft.server.retrycache.statistics.expirytime = 100μs (default)
2021-10-14 19:42:07,835 [pool-169-thread-1] INFO  server.RaftServer$Division (RaftServerImpl.java:start(296)) - deff586f-8846-4a53-afbe-85ab1adc4d70@group-45942CB47BAF: start as a follower, conf=-1: [deff586f-8846-4a53-afbe-85ab1adc4d70|rpc:10.1.0.23:38033|priority:1], old=null
2021-10-14 19:42:07,835 [pool-169-thread-1] INFO  server.RaftServer$Division (RaftServerImpl.java:setRole(285)) - deff586f-8846-4a53-afbe-85ab1adc4d70@group-45942CB47BAF: changes role from      null to FOLLOWER at term 0 for startAsFollower
2021-10-14 19:42:07,835 [pool-169-thread-1] INFO  impl.RoleInfo (RoleInfo.java:updateAndGet(130)) - deff586f-8846-4a53-afbe-85ab1adc4d70: start deff586f-8846-4a53-afbe-85ab1adc4d70@group-45942CB47BAF-FollowerState
2021-10-14 19:42:07,843 [pool-169-thread-1] INFO  util.JmxRegister (JmxRegister.java:tryRegister(44)) - Successfully registered JMX Bean with object name Ratis:service=RaftServer,group=group-45942CB47BAF,id=deff586f-8846-4a53-afbe-85ab1adc4d70
2021-10-14 19:42:07,844 [Command processor thread] INFO  ratis.XceiverServerRatis (XceiverServerRatis.java:addGroup(768)) - Created group PipelineID=0248f5bb-8e6b-43ae-8d2f-45942cb47baf
2021-10-14 19:42:07,844 [Command processor thread] INFO  commandhandler.CreatePipelineCommandHandler (CreatePipelineCommandHandler.java:handle(106)) - Created Pipeline RATIS ONE PipelineID=0248f5bb-8e6b-43ae-8d2f-45942cb47baf.
2021-10-14 19:42:08,797 [Listener at 127.0.0.1/44077] INFO  ozone.MiniOzoneClusterImpl (MiniOzoneClusterImpl.java:lambda$waitForClusterToBeReady$0(235)) - Nodes are ready. Got 7 of 7 DN Heartbeats.
2021-10-14 19:42:08,797 [Listener at 127.0.0.1/44077] INFO  ozone.MiniOzoneClusterImpl (MiniOzoneClusterImpl.java:lambda$waitForClusterToBeReady$0(238)) - Waiting for cluster to exit safe mode
2021-10-14 19:42:08,797 [Listener at 127.0.0.1/44077] INFO  ozone.MiniOzoneClusterImpl (MiniOzoneClusterImpl.java:lambda$waitForClusterToBeReady$0(240)) - SCM became leader
2021-10-14 19:42:09,798 [Listener at 127.0.0.1/44077] INFO  ozone.MiniOzoneClusterImpl (MiniOzoneClusterImpl.java:lambda$waitForClusterToBeReady$0(235)) - Nodes are ready. Got 7 of 7 DN Heartbeats.
2021-10-14 19:42:09,798 [Listener at 127.0.0.1/44077] INFO  ozone.MiniOzoneClusterImpl (MiniOzoneClusterImpl.java:lambda$waitForClusterToBeReady$0(238)) - Waiting for cluster to exit safe mode
2021-10-14 19:42:09,798 [Listener at 127.0.0.1/44077] INFO  ozone.MiniOzoneClusterImpl (MiniOzoneClusterImpl.java:lambda$waitForClusterToBeReady$0(240)) - SCM became leader
2021-10-14 19:42:10,798 [Listener at 127.0.0.1/44077] INFO  ozone.MiniOzoneClusterImpl (MiniOzoneClusterImpl.java:lambda$waitForClusterToBeReady$0(235)) - Nodes are ready. Got 7 of 7 DN Heartbeats.
2021-10-14 19:42:10,798 [Listener at 127.0.0.1/44077] INFO  ozone.MiniOzoneClusterImpl (MiniOzoneClusterImpl.java:lambda$waitForClusterToBeReady$0(238)) - Waiting for cluster to exit safe mode
2021-10-14 19:42:10,798 [Listener at 127.0.0.1/44077] INFO  ozone.MiniOzoneClusterImpl (MiniOzoneClusterImpl.java:lambda$waitForClusterToBeReady$0(240)) - SCM became leader
2021-10-14 19:42:11,436 [587c4370-f397-42e1-8c47-82ec3f79bf3a@group-E63D5485D9E1-FollowerState] INFO  impl.FollowerState (FollowerState.java:run(134)) - 587c4370-f397-42e1-8c47-82ec3f79bf3a@group-E63D5485D9E1-FollowerState: change to CANDIDATE, lastRpcElapsedTime:5192601754ns, electionTimeout:5176ms
2021-10-14 19:42:11,436 [587c4370-f397-42e1-8c47-82ec3f79bf3a@group-E63D5485D9E1-FollowerState] INFO  impl.RoleInfo (RoleInfo.java:shutdownFollowerState(108)) - 587c4370-f397-42e1-8c47-82ec3f79bf3a: shutdown 587c4370-f397-42e1-8c47-82ec3f79bf3a@group-E63D5485D9E1-FollowerState
2021-10-14 19:42:11,436 [587c4370-f397-42e1-8c47-82ec3f79bf3a@group-E63D5485D9E1-FollowerState] INFO  server.RaftServer$Division (RaftServerImpl.java:setRole(285)) - 587c4370-f397-42e1-8c47-82ec3f79bf3a@group-E63D5485D9E1: changes role from  FOLLOWER to CANDIDATE at term 0 for changeToCandidate
2021-10-14 19:42:11,436 [587c4370-f397-42e1-8c47-82ec3f79bf3a@group-E63D5485D9E1-FollowerState] INFO  server.RaftServerConfigKeys (ConfUtils.java:logGet(44)) - raft.server.leaderelection.pre-vote = false (custom)
2021-10-14 19:42:11,436 [587c4370-f397-42e1-8c47-82ec3f79bf3a@group-E63D5485D9E1-FollowerState] INFO  impl.RoleInfo (RoleInfo.java:updateAndGet(130)) - 587c4370-f397-42e1-8c47-82ec3f79bf3a: start 587c4370-f397-42e1-8c47-82ec3f79bf3a@group-E63D5485D9E1-LeaderElection2
2021-10-14 19:42:11,440 [587c4370-f397-42e1-8c47-82ec3f79bf3a@group-E63D5485D9E1-LeaderElection2] INFO  impl.LeaderElection (LeaderElection.java:askForVotes(306)) - 587c4370-f397-42e1-8c47-82ec3f79bf3a@group-E63D5485D9E1-LeaderElection2 ELECTION round 0: submit vote requests at term 1 for -1: [587c4370-f397-42e1-8c47-82ec3f79bf3a|rpc:10.1.0.23:42273|priority:1], old=null
2021-10-14 19:42:11,440 [587c4370-f397-42e1-8c47-82ec3f79bf3a@group-E63D5485D9E1-LeaderElection2] INFO  impl.LeaderElection (LeaderElection.java:askForVotes(308)) - 587c4370-f397-42e1-8c47-82ec3f79bf3a@group-E63D5485D9E1-LeaderElection2 ELECTION round 0: result PASSED (term=1)
2021-10-14 19:42:11,440 [587c4370-f397-42e1-8c47-82ec3f79bf3a@group-E63D5485D9E1-LeaderElection2] INFO  impl.RoleInfo (RoleInfo.java:shutdownLeaderElection(121)) - 587c4370-f397-42e1-8c47-82ec3f79bf3a: shutdown 587c4370-f397-42e1-8c47-82ec3f79bf3a@group-E63D5485D9E1-LeaderElection2
2021-10-14 19:42:11,440 [587c4370-f397-42e1-8c47-82ec3f79bf3a@group-E63D5485D9E1-LeaderElection2] INFO  server.RaftServer$Division (RaftServerImpl.java:setRole(285)) - 587c4370-f397-42e1-8c47-82ec3f79bf3a@group-E63D5485D9E1: changes role from CANDIDATE to LEADER at term 1 for changeToLeader
2021-10-14 19:42:11,440 [587c4370-f397-42e1-8c47-82ec3f79bf3a@group-E63D5485D9E1-LeaderElection2] INFO  ratis.XceiverServerRatis (XceiverServerRatis.java:handleLeaderChangedNotification(866)) - Leader change notification received for group: group-E63D5485D9E1 with new leaderId: 587c4370-f397-42e1-8c47-82ec3f79bf3a
2021-10-14 19:42:11,441 [587c4370-f397-42e1-8c47-82ec3f79bf3a@group-E6A68DCE718D-FollowerState] INFO  impl.FollowerState (FollowerState.java:run(134)) - 587c4370-f397-42e1-8c47-82ec3f79bf3a@group-E6A68DCE718D-FollowerState: change to CANDIDATE, lastRpcElapsedTime:5136527049ns, electionTimeout:5134ms
2021-10-14 19:42:11,441 [587c4370-f397-42e1-8c47-82ec3f79bf3a@group-E6A68DCE718D-FollowerState] INFO  impl.RoleInfo (RoleInfo.java:shutdownFollowerState(108)) - 587c4370-f397-42e1-8c47-82ec3f79bf3a: shutdown 587c4370-f397-42e1-8c47-82ec3f79bf3a@group-E6A68DCE718D-FollowerState
2021-10-14 19:42:11,441 [587c4370-f397-42e1-8c47-82ec3f79bf3a@group-E6A68DCE718D-FollowerState] INFO  server.RaftServer$Division (RaftServerImpl.java:setRole(285)) - 587c4370-f397-42e1-8c47-82ec3f79bf3a@group-E6A68DCE718D: changes role from  FOLLOWER to CANDIDATE at term 0 for changeToCandidate
2021-10-14 19:42:11,441 [587c4370-f397-42e1-8c47-82ec3f79bf3a@group-E6A68DCE718D-FollowerState] INFO  server.RaftServerConfigKeys (ConfUtils.java:logGet(44)) - raft.server.leaderelection.pre-vote = false (custom)
2021-10-14 19:42:11,441 [587c4370-f397-42e1-8c47-82ec3f79bf3a@group-E6A68DCE718D-FollowerState] INFO  impl.RoleInfo (RoleInfo.java:updateAndGet(130)) - 587c4370-f397-42e1-8c47-82ec3f79bf3a: start 587c4370-f397-42e1-8c47-82ec3f79bf3a@group-E6A68DCE718D-LeaderElection3
2021-10-14 19:42:11,443 [587c4370-f397-42e1-8c47-82ec3f79bf3a@group-E63D5485D9E1-LeaderElection2] INFO  server.RaftServer$Division (ServerState.java:setLeader(285)) - 587c4370-f397-42e1-8c47-82ec3f79bf3a@group-E63D5485D9E1: change Leader from null to 587c4370-f397-42e1-8c47-82ec3f79bf3a at term 1 for becomeLeader, leader elected after 5222ms
2021-10-14 19:42:11,443 [587c4370-f397-42e1-8c47-82ec3f79bf3a@group-E63D5485D9E1-LeaderElection2] INFO  server.RaftServerConfigKeys (ConfUtils.java:logGet(44)) - raft.server.staging.catchup.gap = 1000 (default)
2021-10-14 19:42:11,443 [Datanode State Machine Thread - 0] WARN  statemachine.StateContext (StateContext.java:execute(621)) - No available thread in pool for past 1 seconds.
2021-10-14 19:42:11,444 [EventQueue-OpenPipelineForHealthyPipelineSafeModeRule] INFO  safemode.SCMSafeModeManager (HealthyPipelineSafeModeRule.java:process(124)) - SCM in safe mode. Healthy pipelines reported count is 0, required healthy pipeline reported count is 1
2021-10-14 19:42:11,446 [587c4370-f397-42e1-8c47-82ec3f79bf3a@group-E63D5485D9E1-LeaderElection2] INFO  server.RaftServerConfigKeys (ConfUtils.java:logGet(44)) - raft.server.write.element-limit = 1024 (custom)
2021-10-14 19:42:11,446 [587c4370-f397-42e1-8c47-82ec3f79bf3a@group-E63D5485D9E1-LeaderElection2] INFO  server.RaftServerConfigKeys (ConfUtils.java:logGet(44)) - raft.server.write.byte-limit = 1024 M (=1073741824) (custom)
2021-10-14 19:42:11,446 [587c4370-f397-42e1-8c47-82ec3f79bf3a@group-E63D5485D9E1-LeaderElection2] INFO  server.RaftServerConfigKeys (ConfUtils.java:logGet(44)) - raft.server.watch.timeout = 3000ms (custom)
2021-10-14 19:42:11,446 [587c4370-f397-42e1-8c47-82ec3f79bf3a@group-E63D5485D9E1-LeaderElection2] INFO  server.RaftServerConfigKeys (ConfUtils.java:logGet(44)) - raft.server.watch.timeout.denomination = 1s (default)
2021-10-14 19:42:11,446 [587c4370-f397-42e1-8c47-82ec3f79bf3a@group-E63D5485D9E1-LeaderElection2] INFO  server.RaftServerConfigKeys (ConfUtils.java:logGet(44)) - raft.server.watch.element-limit = 65536 (default)
2021-10-14 19:42:11,447 [587c4370-f397-42e1-8c47-82ec3f79bf3a@group-E63D5485D9E1-LeaderElection2] INFO  impl.RoleInfo (RoleInfo.java:updateAndGet(130)) - 587c4370-f397-42e1-8c47-82ec3f79bf3a: start 587c4370-f397-42e1-8c47-82ec3f79bf3a@group-E63D5485D9E1-LeaderStateImpl
2021-10-14 19:42:11,447 [587c4370-f397-42e1-8c47-82ec3f79bf3a@group-E63D5485D9E1-LeaderElection2] INFO  segmented.SegmentedRaftLogWorker (SegmentedRaftLogWorker.java:startLogSegment(394)) - 587c4370-f397-42e1-8c47-82ec3f79bf3a@group-E63D5485D9E1-SegmentedRaftLogWorker: Starting segment from index:0
2021-10-14 19:42:11,449 [587c4370-f397-42e1-8c47-82ec3f79bf3a@group-E63D5485D9E1-SegmentedRaftLogWorker] INFO  segmented.SegmentedRaftLogWorker (SegmentedRaftLogWorker.java:execute(601)) - 587c4370-f397-42e1-8c47-82ec3f79bf3a@group-E63D5485D9E1-SegmentedRaftLogWorker: created new log segment /home/runner/work/ozone/ozone/hadoop-ozone/integration-test/target/test-dir/MiniOzoneClusterImpl-0ea35d3c-98b9-4918-895e-fcd9be0efca6/datanode-0/data/ratis/109068e8-4c17-4125-b5e6-e63d5485d9e1/current/log_inprogress_0
2021-10-14 19:42:11,451 [587c4370-f397-42e1-8c47-82ec3f79bf3a@group-E6A68DCE718D-LeaderElection3] INFO  impl.LeaderElection (LeaderElection.java:askForVotes(306)) - 587c4370-f397-42e1-8c47-82ec3f79bf3a@group-E6A68DCE718D-LeaderElection3 ELECTION round 0: submit vote requests at term 1 for -1: [0b6bda71-48c1-453f-8afc-63104cab6d5d|rpc:10.1.0.23:42925|priority:0, 33764f87-9c6a-47d4-8cea-d0f1d2ec7fe6|rpc:10.1.0.23:34363|priority:0, 587c4370-f397-42e1-8c47-82ec3f79bf3a|rpc:10.1.0.23:42273|priority:1], old=null
2021-10-14 19:42:11,459 [587c4370-f397-42e1-8c47-82ec3f79bf3a@group-E63D5485D9E1-LeaderElection2] INFO  server.RaftServer$Division (ServerState.java:setRaftConf(387)) - 587c4370-f397-42e1-8c47-82ec3f79bf3a@group-E63D5485D9E1: set configuration 0: [587c4370-f397-42e1-8c47-82ec3f79bf3a|rpc:10.1.0.23:42273|dataStream:|priority:1], old=null
2021-10-14 19:42:11,485 [grpc-default-executor-0] INFO  server.RaftServer$Division (RaftServerImpl.java:requestVote(1043)) - 33764f87-9c6a-47d4-8cea-d0f1d2ec7fe6@group-E6A68DCE718D: receive requestVote(ELECTION, 587c4370-f397-42e1-8c47-82ec3f79bf3a, group-E6A68DCE718D, 1, (t:0, i:0))
2021-10-14 19:42:11,487 [grpc-default-executor-0] INFO  impl.VoteContext (VoteContext.java:log(48)) - 33764f87-9c6a-47d4-8cea-d0f1d2ec7fe6@group-E6A68DCE718D-FOLLOWER: accept ELECTION from 587c4370-f397-42e1-8c47-82ec3f79bf3a: our priority 0 <= candidate's priority 1
2021-10-14 19:42:11,488 [grpc-default-executor-1] INFO  server.RaftServer$Division (RaftServerImpl.java:requestVote(1043)) - 0b6bda71-48c1-453f-8afc-63104cab6d5d@group-E6A68DCE718D: receive requestVote(ELECTION, 587c4370-f397-42e1-8c47-82ec3f79bf3a, group-E6A68DCE718D, 1, (t:0, i:0))
2021-10-14 19:42:11,488 [grpc-default-executor-1] INFO  impl.VoteContext (VoteContext.java:log(48)) - 0b6bda71-48c1-453f-8afc-63104cab6d5d@group-E6A68DCE718D-FOLLOWER: accept ELECTION from 587c4370-f397-42e1-8c47-82ec3f79bf3a: our priority 0 <= candidate's priority 1
2021-10-14 19:42:11,488 [grpc-default-executor-1] INFO  server.RaftServer$Division (RaftServerImpl.java:setRole(285)) - 0b6bda71-48c1-453f-8afc-63104cab6d5d@group-E6A68DCE718D: changes role from  FOLLOWER to FOLLOWER at term 1 for candidate:587c4370-f397-42e1-8c47-82ec3f79bf3a
2021-10-14 19:42:11,489 [grpc-default-executor-1] INFO  impl.RoleInfo (RoleInfo.java:shutdownFollowerState(108)) - 0b6bda71-48c1-453f-8afc-63104cab6d5d: shutdown 0b6bda71-48c1-453f-8afc-63104cab6d5d@group-E6A68DCE718D-FollowerState
2021-10-14 19:42:11,489 [grpc-default-executor-1] INFO  impl.RoleInfo (RoleInfo.java:updateAndGet(130)) - 0b6bda71-48c1-453f-8afc-63104cab6d5d: start 0b6bda71-48c1-453f-8afc-63104cab6d5d@group-E6A68DCE718D-FollowerState
2021-10-14 19:42:11,489 [0b6bda71-48c1-453f-8afc-63104cab6d5d@group-E6A68DCE718D-FollowerState] INFO  impl.FollowerState (FollowerState.java:run(143)) - 0b6bda71-48c1-453f-8afc-63104cab6d5d@group-E6A68DCE718D-FollowerState was interrupted: {}
java.lang.InterruptedException: sleep interrupted
	at java.lang.Thread.sleep(Native Method)
	at java.lang.Thread.sleep(Thread.java:340)
	at java.util.concurrent.TimeUnit.sleep(TimeUnit.java:386)
	at org.apache.ratis.util.TimeDuration.sleep(TimeDuration.java:324)
	at org.apache.ratis.util.TimeDuration.sleep(TimeDuration.java:309)
	at org.apache.ratis.server.impl.FollowerState.run(FollowerState.java:118)
2021-10-14 19:42:11,488 [grpc-default-executor-0] INFO  server.RaftServer$Division (RaftServerImpl.java:setRole(285)) - 33764f87-9c6a-47d4-8cea-d0f1d2ec7fe6@group-E6A68DCE718D: changes role from  FOLLOWER to FOLLOWER at term 1 for candidate:587c4370-f397-42e1-8c47-82ec3f79bf3a
2021-10-14 19:42:11,490 [grpc-default-executor-0] INFO  impl.RoleInfo (RoleInfo.java:shutdownFollowerState(108)) - 33764f87-9c6a-47d4-8cea-d0f1d2ec7fe6: shutdown 33764f87-9c6a-47d4-8cea-d0f1d2ec7fe6@group-E6A68DCE718D-FollowerState
2021-10-14 19:42:11,491 [grpc-default-executor-0] INFO  impl.RoleInfo (RoleInfo.java:updateAndGet(130)) - 33764f87-9c6a-47d4-8cea-d0f1d2ec7fe6: start 33764f87-9c6a-47d4-8cea-d0f1d2ec7fe6@group-E6A68DCE718D-FollowerState
2021-10-14 19:42:11,491 [33764f87-9c6a-47d4-8cea-d0f1d2ec7fe6@group-E6A68DCE718D-FollowerState] INFO  impl.FollowerState (FollowerState.java:run(143)) - 33764f87-9c6a-47d4-8cea-d0f1d2ec7fe6@group-E6A68DCE718D-FollowerState was interrupted: {}
java.lang.InterruptedException: sleep interrupted
	at java.lang.Thread.sleep(Native Method)
	at java.lang.Thread.sleep(Thread.java:340)
	at java.util.concurrent.TimeUnit.sleep(TimeUnit.java:386)
	at org.apache.ratis.util.TimeDuration.sleep(TimeDuration.java:324)
	at org.apache.ratis.util.TimeDuration.sleep(TimeDuration.java:309)
	at org.apache.ratis.server.impl.FollowerState.run(FollowerState.java:118)
2021-10-14 19:42:11,508 [grpc-default-executor-0] INFO  server.RaftServer$Division (RaftServerImpl.java:requestVote(1075)) - 33764f87-9c6a-47d4-8cea-d0f1d2ec7fe6@group-E6A68DCE718D replies to ELECTION vote request: 587c4370-f397-42e1-8c47-82ec3f79bf3a<-33764f87-9c6a-47d4-8cea-d0f1d2ec7fe6#0:OK-t1. Peer's state: 33764f87-9c6a-47d4-8cea-d0f1d2ec7fe6@group-E6A68DCE718D:t1, leader=null, voted=587c4370-f397-42e1-8c47-82ec3f79bf3a, raftlog=33764f87-9c6a-47d4-8cea-d0f1d2ec7fe6@group-E6A68DCE718D-SegmentedRaftLog:OPENED:c-1,f-1,i0, conf=-1: [0b6bda71-48c1-453f-8afc-63104cab6d5d|rpc:10.1.0.23:42925|priority:0, 33764f87-9c6a-47d4-8cea-d0f1d2ec7fe6|rpc:10.1.0.23:34363|priority:0, 587c4370-f397-42e1-8c47-82ec3f79bf3a|rpc:10.1.0.23:42273|priority:1], old=null
2021-10-14 19:42:11,509 [587c4370-f397-42e1-8c47-82ec3f79bf3a@group-E6A68DCE718D-LeaderElection3] INFO  impl.LeaderElection (LeaderElection.java:logAndReturn(89)) - 587c4370-f397-42e1-8c47-82ec3f79bf3a@group-E6A68DCE718D-LeaderElection3: ELECTION PASSED received 1 response(s) and 0 exception(s):
2021-10-14 19:42:11,509 [587c4370-f397-42e1-8c47-82ec3f79bf3a@group-E6A68DCE718D-LeaderElection3] INFO  impl.LeaderElection (LeaderElection.java:logAndReturn(93)) -   Response 0: 587c4370-f397-42e1-8c47-82ec3f79bf3a<-33764f87-9c6a-47d4-8cea-d0f1d2ec7fe6#0:OK-t1
2021-10-14 19:42:11,510 [587c4370-f397-42e1-8c47-82ec3f79bf3a@group-E6A68DCE718D-LeaderElection3] INFO  impl.LeaderElection (LeaderElection.java:askForVotes(308)) - 587c4370-f397-42e1-8c47-82ec3f79bf3a@group-E6A68DCE718D-LeaderElection3 ELECTION round 0: result PASSED
2021-10-14 19:42:11,510 [587c4370-f397-42e1-8c47-82ec3f79bf3a@group-E6A68DCE718D-LeaderElection3] INFO  impl.RoleInfo (RoleInfo.java:shutdownLeaderElection(121)) - 587c4370-f397-42e1-8c47-82ec3f79bf3a: shutdown 587c4370-f397-42e1-8c47-82ec3f79bf3a@group-E6A68DCE718D-LeaderElection3
2021-10-14 19:42:11,510 [587c4370-f397-42e1-8c47-82ec3f79bf3a@group-E6A68DCE718D-LeaderElection3] INFO  server.RaftServer$Division (RaftServerImpl.java:setRole(285)) - 587c4370-f397-42e1-8c47-82ec3f79bf3a@group-E6A68DCE718D: changes role from CANDIDATE to LEADER at term 1 for changeToLeader
2021-10-14 19:42:11,510 [587c4370-f397-42e1-8c47-82ec3f79bf3a@group-E6A68DCE718D-LeaderElection3] INFO  ratis.XceiverServerRatis (XceiverServerRatis.java:handleLeaderChangedNotification(866)) - Leader change notification received for group: group-E6A68DCE718D with new leaderId: 587c4370-f397-42e1-8c47-82ec3f79bf3a
2021-10-14 19:42:11,510 [587c4370-f397-42e1-8c47-82ec3f79bf3a@group-E6A68DCE718D-LeaderElection3] INFO  server.RaftServer$Division (ServerState.java:setLeader(285)) - 587c4370-f397-42e1-8c47-82ec3f79bf3a@group-E6A68DCE718D: change Leader from null to 587c4370-f397-42e1-8c47-82ec3f79bf3a at term 1 for becomeLeader, leader elected after 5227ms
2021-10-14 19:42:11,510 [grpc-default-executor-1] INFO  server.RaftServer$Division (RaftServerImpl.java:requestVote(1075)) - 0b6bda71-48c1-453f-8afc-63104cab6d5d@group-E6A68DCE718D replies to ELECTION vote request: 587c4370-f397-42e1-8c47-82ec3f79bf3a<-0b6bda71-48c1-453f-8afc-63104cab6d5d#0:OK-t1. Peer's state: 0b6bda71-48c1-453f-8afc-63104cab6d5d@group-E6A68DCE718D:t1, leader=null, voted=587c4370-f397-42e1-8c47-82ec3f79bf3a, raftlog=0b6bda71-48c1-453f-8afc-63104cab6d5d@group-E6A68DCE718D-SegmentedRaftLog:OPENED:c-1,f-1,i0, conf=-1: [0b6bda71-48c1-453f-8afc-63104cab6d5d|rpc:10.1.0.23:42925|dataStream:|priority:0, 33764f87-9c6a-47d4-8cea-d0f1d2ec7fe6|rpc:10.1.0.23:34363|dataStream:|priority:0, 587c4370-f397-42e1-8c47-82ec3f79bf3a|rpc:10.1.0.23:42273|dataStream:|priority:1], old=null
2021-10-14 19:42:11,512 [EventQueue-OpenPipelineForHealthyPipelineSafeModeRule] INFO  safemode.SCMSafeModeManager (HealthyPipelineSafeModeRule.java:process(124)) - SCM in safe mode. Healthy pipelines reported count is 0, required healthy pipeline reported count is 1
2021-10-14 19:42:11,512 [EventQueue-PipelineReportForPipelineReportHandler] INFO  pipeline.PipelineManagerImpl (PipelineManagerImpl.java:openPipeline(282)) - Pipeline Pipeline[ Id: 61889154-9774-4b7a-8632-e6a68dce718d, Nodes: 587c4370-f397-42e1-8c47-82ec3f79bf3a{ip: 10.1.0.23, host: fv-az184-831.3ow45vhwbzuu5incsxmygykede.cx.internal.cloudapp.net, ports: [REPLICATION=37675, RATIS=42273, RATIS_ADMIN=42273, RATIS_SERVER=42273, STANDALONE=40413], networkLocation: /default-rack, certSerialId: null, persistedOpState: IN_SERVICE, persistedOpStateExpiryEpochSec: 0}0b6bda71-48c1-453f-8afc-63104cab6d5d{ip: 10.1.0.23, host: fv-az184-831.3ow45vhwbzuu5incsxmygykede.cx.internal.cloudapp.net, ports: [REPLICATION=44643, RATIS=42925, RATIS_ADMIN=42925, RATIS_SERVER=42925, STANDALONE=36863], networkLocation: /default-rack, certSerialId: null, persistedOpState: IN_SERVICE, persistedOpStateExpiryEpochSec: 0}33764f87-9c6a-47d4-8cea-d0f1d2ec7fe6{ip: 10.1.0.23, host: fv-az184-831.3ow45vhwbzuu5incsxmygykede.cx.internal.cloudapp.net, ports: [REPLICATION=37377, RATIS=34363, RATIS_ADMIN=34363, RATIS_SERVER=34363, STANDALONE=33131], networkLocation: /default-rack, certSerialId: null, persistedOpState: IN_SERVICE, persistedOpStateExpiryEpochSec: 0}, ReplicationConfig: RATIS/THREE, State:ALLOCATED, leaderId:587c4370-f397-42e1-8c47-82ec3f79bf3a, CreationTimestamp2021-10-14T19:42:03.991Z[Etc/UTC]] moved to OPEN state
2021-10-14 19:42:11,510 [Datanode State Machine Thread - 0] WARN  statemachine.StateContext (StateContext.java:execute(621)) - No available thread in pool for past 1 seconds.
2021-10-14 19:42:11,516 [EventQueue-OpenPipelineForHealthyPipelineSafeModeRule] INFO  safemode.SCMSafeModeManager (HealthyPipelineSafeModeRule.java:process(124)) - SCM in safe mode. Healthy pipelines reported count is 1, required healthy pipeline reported count is 1
2021-10-14 19:42:11,516 [EventQueue-OpenPipelineForHealthyPipelineSafeModeRule] INFO  safemode.SCMSafeModeManager (SCMSafeModeManager.java:validateSafeModeExitRules(204)) - HealthyPipelineSafeModeRule rule is successfully validated
2021-10-14 19:42:11,516 [EventQueue-OpenPipelineForHealthyPipelineSafeModeRule] INFO  safemode.SCMSafeModeManager (SCMSafeModeManager.java:validateSafeModeExitRules(219)) - ScmSafeModeManager, all rules are successfully validated
2021-10-14 19:42:11,516 [EventQueue-OpenPipelineForHealthyPipelineSafeModeRule] INFO  safemode.SCMSafeModeManager (SCMSafeModeManager.java:exitSafeMode(248)) - SCM exiting safe mode.
2021-10-14 19:42:11,516 [EventQueue-OpenPipelineForHealthyPipelineSafeModeRule] WARN  events.EventQueue (EventQueue.java:fireEvent(194)) - No event handler registered for event TypedEvent{payloadType=SafeModeStatus, name='Safe mode status'}
2021-10-14 19:42:11,516 [EventQueue-OpenPipelineForHealthyPipelineSafeModeRule] INFO  ha.SCMContext (SCMContext.java:updateSafeModeStatus(205)) - Update SafeModeStatus from SafeModeStatus{safeModeStatus=true, preCheckPassed=true} to SafeModeStatus{safeModeStatus=false, preCheckPassed=true}.
2021-10-14 19:42:11,517 [EventQueue-OpenPipelineForHealthyPipelineSafeModeRule] INFO  pipeline.BackgroundPipelineCreator (BackgroundPipelineCreator.java:notifyStatusChanged(264)) - Service BackgroundPipelineCreator transitions to RUNNING.
2021-10-14 19:42:11,517 [EventQueue-OpenPipelineForHealthyPipelineSafeModeRule] INFO  container.ReplicationManager (ReplicationManager.java:notifyStatusChanged(1746)) - Service ReplicationManager transitions to RUNNING.
2021-10-14 19:42:11,510 [587c4370-f397-42e1-8c47-82ec3f79bf3a@group-E6A68DCE718D-LeaderElection3] INFO  server.RaftServerConfigKeys (ConfUtils.java:logGet(44)) - raft.server.staging.catchup.gap = 1000 (default)
2021-10-14 19:42:11,518 [587c4370-f397-42e1-8c47-82ec3f79bf3a@group-E6A68DCE718D-LeaderElection3] INFO  server.RaftServerConfigKeys (ConfUtils.java:logGet(44)) - raft.server.write.element-limit = 1024 (custom)
2021-10-14 19:42:11,518 [587c4370-f397-42e1-8c47-82ec3f79bf3a@group-E6A68DCE718D-LeaderElection3] INFO  server.RaftServerConfigKeys (ConfUtils.java:logGet(44)) - raft.server.write.byte-limit = 1024 M (=1073741824) (custom)
2021-10-14 19:42:11,518 [587c4370-f397-42e1-8c47-82ec3f79bf3a@group-E6A68DCE718D-LeaderElection3] INFO  server.RaftServerConfigKeys (ConfUtils.java:logGet(44)) - raft.server.watch.timeout = 3000ms (custom)
2021-10-14 19:42:11,518 [587c4370-f397-42e1-8c47-82ec3f79bf3a@group-E6A68DCE718D-LeaderElection3] INFO  server.RaftServerConfigKeys (ConfUtils.java:logGet(44)) - raft.server.watch.timeout.denomination = 1s (default)
2021-10-14 19:42:11,519 [587c4370-f397-42e1-8c47-82ec3f79bf3a@group-E6A68DCE718D-LeaderElection3] INFO  server.RaftServerConfigKeys (ConfUtils.java:logGet(44)) - raft.server.watch.element-limit = 65536 (default)
2021-10-14 19:42:11,526 [587c4370-f397-42e1-8c47-82ec3f79bf3a@group-E6A68DCE718D-LeaderElection3] INFO  server.RaftServerConfigKeys (ConfUtils.java:logGet(44)) - raft.server.log.appender.snapshot.chunk.size.max = 16MB (=16777216) (default)
2021-10-14 19:42:11,526 [587c4370-f397-42e1-8c47-82ec3f79bf3a@group-E6A68DCE718D-LeaderElection3] INFO  server.RaftServerConfigKeys (ConfUtils.java:logGet(44)) - raft.server.log.appender.buffer.byte-limit = 33554432 (custom)
2021-10-14 19:42:11,527 [587c4370-f397-42e1-8c47-82ec3f79bf3a@group-E6A68DCE718D-LeaderElection3] INFO  server.RaftServerConfigKeys (ConfUtils.java:logGet(44)) - raft.server.log.appender.buffer.element-limit = 1 (custom)
2021-10-14 19:42:11,530 [587c4370-f397-42e1-8c47-82ec3f79bf3a@group-E6A68DCE718D-LeaderElection3] INFO  grpc.GrpcConfigKeys (ConfUtils.java:logGet(44)) - raft.grpc.server.leader.outstanding.appends.max = 128 (default)
2021-10-14 19:42:11,530 [587c4370-f397-42e1-8c47-82ec3f79bf3a@group-E6A68DCE718D-LeaderElection3] INFO  server.RaftServerConfigKeys (ConfUtils.java:logGet(44)) - raft.server.rpc.request.timeout = 3000ms (default)
2021-10-14 19:42:11,530 [587c4370-f397-42e1-8c47-82ec3f79bf3a@group-E6A68DCE718D-LeaderElection3] INFO  server.RaftServerConfigKeys (ConfUtils.java:logGet(44)) - raft.server.log.appender.install.snapshot.enabled = false (custom)
2021-10-14 19:42:11,535 [587c4370-f397-42e1-8c47-82ec3f79bf3a@group-E6A68DCE718D-LeaderElection3] INFO  server.RaftServerConfigKeys (ConfUtils.java:logGet(44)) - raft.server.log.appender.snapshot.chunk.size.max = 16MB (=16777216) (default)
2021-10-14 19:42:11,535 [587c4370-f397-42e1-8c47-82ec3f79bf3a@group-E6A68DCE718D-LeaderElection3] INFO  server.RaftServerConfigKeys (ConfUtils.java:logGet(44)) - raft.server.log.appender.buffer.byte-limit = 33554432 (custom)
2021-10-14 19:42:11,535 [587c4370-f397-42e1-8c47-82ec3f79bf3a@group-E6A68DCE718D-LeaderElection3] INFO  server.RaftServerConfigKeys (ConfUtils.java:logGet(44)) - raft.server.log.appender.buffer.element-limit = 1 (custom)
2021-10-14 19:42:11,535 [587c4370-f397-42e1-8c47-82ec3f79bf3a@group-E6A68DCE718D-LeaderElection3] INFO  grpc.GrpcConfigKeys (ConfUtils.java:logGet(44)) - raft.grpc.server.leader.outstanding.appends.max = 128 (default)
2021-10-14 19:42:11,535 [587c4370-f397-42e1-8c47-82ec3f79bf3a@group-E6A68DCE718D-LeaderElection3] INFO  server.RaftServerConfigKeys (ConfUtils.java:logGet(44)) - raft.server.rpc.request.timeout = 3000ms (default)
2021-10-14 19:42:11,535 [587c4370-f397-42e1-8c47-82ec3f79bf3a@group-E6A68DCE718D-LeaderElection3] INFO  server.RaftServerConfigKeys (ConfUtils.java:logGet(44)) - raft.server.log.appender.install.snapshot.enabled = false (custom)
2021-10-14 19:42:11,538 [587c4370-f397-42e1-8c47-82ec3f79bf3a@group-E6A68DCE718D-LeaderElection3] INFO  impl.RoleInfo (RoleInfo.java:updateAndGet(130)) - 587c4370-f397-42e1-8c47-82ec3f79bf3a: start 587c4370-f397-42e1-8c47-82ec3f79bf3a@group-E6A68DCE718D-LeaderStateImpl
2021-10-14 19:42:11,539 [587c4370-f397-42e1-8c47-82ec3f79bf3a@group-E6A68DCE718D-LeaderElection3] INFO  segmented.SegmentedRaftLogWorker (SegmentedRaftLogWorker.java:startLogSegment(394)) - 587c4370-f397-42e1-8c47-82ec3f79bf3a@group-E6A68DCE718D-SegmentedRaftLogWorker: Starting segment from index:0
2021-10-14 19:42:11,541 [587c4370-f397-42e1-8c47-82ec3f79bf3a@group-E6A68DCE718D-SegmentedRaftLogWorker] INFO  segmented.SegmentedRaftLogWorker (SegmentedRaftLogWorker.java:execute(601)) - 587c4370-f397-42e1-8c47-82ec3f79bf3a@group-E6A68DCE718D-SegmentedRaftLogWorker: created new log segment /home/runner/work/ozone/ozone/hadoop-ozone/integration-test/target/test-dir/MiniOzoneClusterImpl-0ea35d3c-98b9-4918-895e-fcd9be0efca6/datanode-0/data/ratis/61889154-9774-4b7a-8632-e6a68dce718d/current/log_inprogress_0
2021-10-14 19:42:11,544 [33764f87-9c6a-47d4-8cea-d0f1d2ec7fe6@group-2AF33CBCC870-FollowerState] INFO  impl.FollowerState (FollowerState.java:run(134)) - 33764f87-9c6a-47d4-8cea-d0f1d2ec7fe6@group-2AF33CBCC870-FollowerState: change to CANDIDATE, lastRpcElapsedTime:5003727990ns, electionTimeout:5002ms
2021-10-14 19:42:11,544 [33764f87-9c6a-47d4-8cea-d0f1d2ec7fe6@group-2AF33CBCC870-FollowerState] INFO  impl.RoleInfo (RoleInfo.java:shutdownFollowerState(108)) - 33764f87-9c6a-47d4-8cea-d0f1d2ec7fe6: shutdown 33764f87-9c6a-47d4-8cea-d0f1d2ec7fe6@group-2AF33CBCC870-FollowerState
2021-10-14 19:42:11,544 [33764f87-9c6a-47d4-8cea-d0f1d2ec7fe6@group-2AF33CBCC870-FollowerState] INFO  server.RaftServer$Division (RaftServerImpl.java:setRole(285)) - 33764f87-9c6a-47d4-8cea-d0f1d2ec7fe6@group-2AF33CBCC870: changes role from  FOLLOWER to CANDIDATE at term 0 for changeToCandidate
2021-10-14 19:42:11,547 [587c4370-f397-42e1-8c47-82ec3f79bf3a@group-E6A68DCE718D-LeaderElection3] INFO  server.RaftServer$Division (ServerState.java:setRaftConf(387)) - 587c4370-f397-42e1-8c47-82ec3f79bf3a@group-E6A68DCE718D: set configuration 0: [0b6bda71-48c1-453f-8afc-63104cab6d5d|rpc:10.1.0.23:42925|dataStream:|priority:0, 33764f87-9c6a-47d4-8cea-d0f1d2ec7fe6|rpc:10.1.0.23:34363|dataStream:|priority:0, 587c4370-f397-42e1-8c47-82ec3f79bf3a|rpc:10.1.0.23:42273|dataStream:|priority:1], old=null
2021-10-14 19:42:11,548 [33764f87-9c6a-47d4-8cea-d0f1d2ec7fe6@group-2AF33CBCC870-FollowerState] INFO  server.RaftServerConfigKeys (ConfUtils.java:logGet(44)) - raft.server.leaderelection.pre-vote = false (custom)
2021-10-14 19:42:11,548 [33764f87-9c6a-47d4-8cea-d0f1d2ec7fe6@group-2AF33CBCC870-FollowerState] INFO  impl.RoleInfo (RoleInfo.java:updateAndGet(130)) - 33764f87-9c6a-47d4-8cea-d0f1d2ec7fe6: start 33764f87-9c6a-47d4-8cea-d0f1d2ec7fe6@group-2AF33CBCC870-LeaderElection4
2021-10-14 19:42:11,571 [33764f87-9c6a-47d4-8cea-d0f1d2ec7fe6@group-2AF33CBCC870-LeaderElection4] INFO  impl.LeaderElection (LeaderElection.java:askForVotes(306)) - 33764f87-9c6a-47d4-8cea-d0f1d2ec7fe6@group-2AF33CBCC870-LeaderElection4 ELECTION round 0: submit vote requests at term 1 for -1: [33764f87-9c6a-47d4-8cea-d0f1d2ec7fe6|rpc:10.1.0.23:34363|priority:1], old=null
2021-10-14 19:42:11,571 [33764f87-9c6a-47d4-8cea-d0f1d2ec7fe6@group-2AF33CBCC870-LeaderElection4] INFO  impl.LeaderElection (LeaderElection.java:askForVotes(308)) - 33764f87-9c6a-47d4-8cea-d0f1d2ec7fe6@group-2AF33CBCC870-LeaderElection4 ELECTION round 0: result PASSED (term=1)
2021-10-14 19:42:11,571 [33764f87-9c6a-47d4-8cea-d0f1d2ec7fe6@group-2AF33CBCC870-LeaderElection4] INFO  impl.RoleInfo (RoleInfo.java:shutdownLeaderElection(121)) - 33764f87-9c6a-47d4-8cea-d0f1d2ec7fe6: shutdown 33764f87-9c6a-47d4-8cea-d0f1d2ec7fe6@group-2AF33CBCC870-LeaderElection4
2021-10-14 19:42:11,571 [33764f87-9c6a-47d4-8cea-d0f1d2ec7fe6@group-2AF33CBCC870-LeaderElection4] INFO  server.RaftServer$Division (RaftServerImpl.java:setRole(285)) - 33764f87-9c6a-47d4-8cea-d0f1d2ec7fe6@group-2AF33CBCC870: changes role from CANDIDATE to LEADER at term 1 for changeToLeader
2021-10-14 19:42:11,571 [33764f87-9c6a-47d4-8cea-d0f1d2ec7fe6@group-2AF33CBCC870-LeaderElection4] INFO  ratis.XceiverServerRatis (XceiverServerRatis.java:handleLeaderChangedNotification(866)) - Leader change notification received for group: group-2AF33CBCC870 with new leaderId: 33764f87-9c6a-47d4-8cea-d0f1d2ec7fe6
2021-10-14 19:42:11,571 [33764f87-9c6a-47d4-8cea-d0f1d2ec7fe6@group-2AF33CBCC870-LeaderElection4] INFO  server.RaftServer$Division (ServerState.java:setLeader(285)) - 33764f87-9c6a-47d4-8cea-d0f1d2ec7fe6@group-2AF33CBCC870: change Leader from null to 33764f87-9c6a-47d4-8cea-d0f1d2ec7fe6 at term 1 for becomeLeader, leader elected after 5063ms
2021-10-14 19:42:11,571 [33764f87-9c6a-47d4-8cea-d0f1d2ec7fe6@group-2AF33CBCC870-LeaderElection4] INFO  server.RaftServerConfigKeys (ConfUtils.java:logGet(44)) - raft.server.staging.catchup.gap = 1000 (default)
2021-10-14 19:42:11,572 [33764f87-9c6a-47d4-8cea-d0f1d2ec7fe6@group-2AF33CBCC870-LeaderElection4] INFO  server.RaftServerConfigKeys (ConfUtils.java:logGet(44)) - raft.server.write.element-limit = 1024 (custom)
2021-10-14 19:42:11,572 [33764f87-9c6a-47d4-8cea-d0f1d2ec7fe6@group-2AF33CBCC870-LeaderElection4] INFO  server.RaftServerConfigKeys (ConfUtils.java:logGet(44)) - raft.server.write.byte-limit = 1024 M (=1073741824) (custom)
2021-10-14 19:42:11,572 [Datanode State Machine Thread - 0] WARN  statemachine.StateContext (StateContext.java:execute(621)) - No available thread in pool for past 1 seconds.
2021-10-14 19:42:11,572 [33764f87-9c6a-47d4-8cea-d0f1d2ec7fe6@group-2AF33CBCC870-LeaderElection4] INFO  server.RaftServerConfigKeys (ConfUtils.java:logGet(44)) - raft.server.watch.timeout = 3000ms (custom)
2021-10-14 19:42:11,573 [33764f87-9c6a-47d4-8cea-d0f1d2ec7fe6@group-2AF33CBCC870-LeaderElection4] INFO  server.RaftServerConfigKeys (ConfUtils.java:logGet(44)) - raft.server.watch.timeout.denomination = 1s (default)
2021-10-14 19:42:11,573 [33764f87-9c6a-47d4-8cea-d0f1d2ec7fe6@group-2AF33CBCC870-LeaderElection4] INFO  server.RaftServerConfigKeys (ConfUtils.java:logGet(44)) - raft.server.watch.element-limit = 65536 (default)
2021-10-14 19:42:11,573 [33764f87-9c6a-47d4-8cea-d0f1d2ec7fe6@group-2AF33CBCC870-LeaderElection4] INFO  impl.RoleInfo (RoleInfo.java:updateAndGet(130)) - 33764f87-9c6a-47d4-8cea-d0f1d2ec7fe6: start 33764f87-9c6a-47d4-8cea-d0f1d2ec7fe6@group-2AF33CBCC870-LeaderStateImpl
2021-10-14 19:42:11,573 [33764f87-9c6a-47d4-8cea-d0f1d2ec7fe6@group-2AF33CBCC870-LeaderElection4] INFO  segmented.SegmentedRaftLogWorker (SegmentedRaftLogWorker.java:startLogSegment(394)) - 33764f87-9c6a-47d4-8cea-d0f1d2ec7fe6@group-2AF33CBCC870-SegmentedRaftLogWorker: Starting segment from index:0
2021-10-14 19:42:11,578 [33764f87-9c6a-47d4-8cea-d0f1d2ec7fe6@group-2AF33CBCC870-SegmentedRaftLogWorker] INFO  segmented.SegmentedRaftLogWorker (SegmentedRaftLogWorker.java:execute(601)) - 33764f87-9c6a-47d4-8cea-d0f1d2ec7fe6@group-2AF33CBCC870-SegmentedRaftLogWorker: created new log segment /home/runner/work/ozone/ozone/hadoop-ozone/integration-test/target/test-dir/MiniOzoneClusterImpl-0ea35d3c-98b9-4918-895e-fcd9be0efca6/datanode-1/data/ratis/d7aed16f-6405-4bd7-8b7b-2af33cbcc870/current/log_inprogress_0
2021-10-14 19:42:11,581 [grpc-default-executor-0] INFO  ratis.XceiverServerRatis (XceiverServerRatis.java:handleLeaderChangedNotification(866)) - Leader change notification received for group: group-E6A68DCE718D with new leaderId: 587c4370-f397-42e1-8c47-82ec3f79bf3a
2021-10-14 19:42:11,581 [grpc-default-executor-0] INFO  server.RaftServer$Division (ServerState.java:setLeader(285)) - 0b6bda71-48c1-453f-8afc-63104cab6d5d@group-E6A68DCE718D: change Leader from null to 587c4370-f397-42e1-8c47-82ec3f79bf3a at term 1 for appendEntries, leader elected after 4651ms
2021-10-14 19:42:11,589 [33764f87-9c6a-47d4-8cea-d0f1d2ec7fe6@group-2AF33CBCC870-LeaderElection4] INFO  server.RaftServer$Division (ServerState.java:setRaftConf(387)) - 33764f87-9c6a-47d4-8cea-d0f1d2ec7fe6@group-2AF33CBCC870: set configuration 0: [33764f87-9c6a-47d4-8cea-d0f1d2ec7fe6|rpc:10.1.0.23:34363|dataStream:|priority:1], old=null
2021-10-14 19:42:11,607 [grpc-default-executor-0] INFO  server.RaftServer$Division (ServerState.java:setRaftConf(387)) - 0b6bda71-48c1-453f-8afc-63104cab6d5d@group-E6A68DCE718D: set configuration 0: [0b6bda71-48c1-453f-8afc-63104cab6d5d|rpc:10.1.0.23:42925|dataStream:|priority:0, 33764f87-9c6a-47d4-8cea-d0f1d2ec7fe6|rpc:10.1.0.23:34363|dataStream:|priority:0, 587c4370-f397-42e1-8c47-82ec3f79bf3a|rpc:10.1.0.23:42273|dataStream:|priority:1], old=null
2021-10-14 19:42:11,607 [grpc-default-executor-0] INFO  segmented.SegmentedRaftLogWorker (SegmentedRaftLogWorker.java:startLogSegment(394)) - 0b6bda71-48c1-453f-8afc-63104cab6d5d@group-E6A68DCE718D-SegmentedRaftLogWorker: Starting segment from index:0
2021-10-14 19:42:11,615 [grpc-default-executor-2] INFO  ratis.XceiverServerRatis (XceiverServerRatis.java:handleLeaderChangedNotification(866)) - Leader change notification received for group: group-E6A68DCE718D with new leaderId: 587c4370-f397-42e1-8c47-82ec3f79bf3a
2021-10-14 19:42:11,615 [grpc-default-executor-2] INFO  server.RaftServer$Division (ServerState.java:setLeader(285)) - 33764f87-9c6a-47d4-8cea-d0f1d2ec7fe6@group-E6A68DCE718D: change Leader from null to 587c4370-f397-42e1-8c47-82ec3f79bf3a at term 1 for appendEntries, leader elected after 5043ms
2021-10-14 19:42:11,616 [0b6bda71-48c1-453f-8afc-63104cab6d5d@group-E6A68DCE718D-SegmentedRaftLogWorker] INFO  segmented.SegmentedRaftLogWorker (SegmentedRaftLogWorker.java:execute(601)) - 0b6bda71-48c1-453f-8afc-63104cab6d5d@group-E6A68DCE718D-SegmentedRaftLogWorker: created new log segment /home/runner/work/ozone/ozone/hadoop-ozone/integration-test/target/test-dir/MiniOzoneClusterImpl-0ea35d3c-98b9-4918-895e-fcd9be0efca6/datanode-2/data/ratis/61889154-9774-4b7a-8632-e6a68dce718d/current/log_inprogress_0
2021-10-14 19:42:11,625 [grpc-default-executor-0] INFO  server.RaftServer$Division (ServerState.java:setRaftConf(387)) - 33764f87-9c6a-47d4-8cea-d0f1d2ec7fe6@group-E6A68DCE718D: set configuration 0: [0b6bda71-48c1-453f-8afc-63104cab6d5d|rpc:10.1.0.23:42925|dataStream:|priority:0, 33764f87-9c6a-47d4-8cea-d0f1d2ec7fe6|rpc:10.1.0.23:34363|dataStream:|priority:0, 587c4370-f397-42e1-8c47-82ec3f79bf3a|rpc:10.1.0.23:42273|dataStream:|priority:1], old=null
2021-10-14 19:42:11,626 [grpc-default-executor-0] INFO  segmented.SegmentedRaftLogWorker (SegmentedRaftLogWorker.java:startLogSegment(394)) - 33764f87-9c6a-47d4-8cea-d0f1d2ec7fe6@group-E6A68DCE718D-SegmentedRaftLogWorker: Starting segment from index:0
2021-10-14 19:42:11,635 [33764f87-9c6a-47d4-8cea-d0f1d2ec7fe6@group-E6A68DCE718D-SegmentedRaftLogWorker] INFO  segmented.SegmentedRaftLogWorker (SegmentedRaftLogWorker.java:execute(601)) - 33764f87-9c6a-47d4-8cea-d0f1d2ec7fe6@group-E6A68DCE718D-SegmentedRaftLogWorker: created new log segment /home/runner/work/ozone/ozone/hadoop-ozone/integration-test/target/test-dir/MiniOzoneClusterImpl-0ea35d3c-98b9-4918-895e-fcd9be0efca6/datanode-1/data/ratis/61889154-9774-4b7a-8632-e6a68dce718d/current/log_inprogress_0
2021-10-14 19:42:11,799 [Listener at 127.0.0.1/44077] INFO  ozone.MiniOzoneClusterImpl (MiniOzoneClusterImpl.java:lambda$waitForClusterToBeReady$0(235)) - Nodes are ready. Got 7 of 7 DN Heartbeats.
2021-10-14 19:42:11,799 [Listener at 127.0.0.1/44077] INFO  ozone.MiniOzoneClusterImpl (MiniOzoneClusterImpl.java:lambda$waitForClusterToBeReady$0(238)) - Cluster exits safe mode
2021-10-14 19:42:11,799 [Listener at 127.0.0.1/44077] INFO  ozone.MiniOzoneClusterImpl (MiniOzoneClusterImpl.java:lambda$waitForClusterToBeReady$0(240)) - SCM became leader
2021-10-14 19:42:12,122 [0b6bda71-48c1-453f-8afc-63104cab6d5d@group-6FE54C72DDE9-FollowerState] INFO  impl.FollowerState (FollowerState.java:run(134)) - 0b6bda71-48c1-453f-8afc-63104cab6d5d@group-6FE54C72DDE9-FollowerState: change to CANDIDATE, lastRpcElapsedTime:5035156513ns, electionTimeout:5034ms
2021-10-14 19:42:12,123 [0b6bda71-48c1-453f-8afc-63104cab6d5d@group-6FE54C72DDE9-FollowerState] INFO  impl.RoleInfo (RoleInfo.java:shutdownFollowerState(108)) - 0b6bda71-48c1-453f-8afc-63104cab6d5d: shutdown 0b6bda71-48c1-453f-8afc-63104cab6d5d@group-6FE54C72DDE9-FollowerState
2021-10-14 19:42:12,123 [0b6bda71-48c1-453f-8afc-63104cab6d5d@group-6FE54C72DDE9-FollowerState] INFO  server.RaftServer$Division (RaftServerImpl.java:setRole(285)) - 0b6bda71-48c1-453f-8afc-63104cab6d5d@group-6FE54C72DDE9: changes role from  FOLLOWER to CANDIDATE at term 0 for changeToCandidate
2021-10-14 19:42:12,123 [0b6bda71-48c1-453f-8afc-63104cab6d5d@group-6FE54C72DDE9-FollowerState] INFO  server.RaftServerConfigKeys (ConfUtils.java:logGet(44)) - raft.server.leaderelection.pre-vote = false (custom)
2021-10-14 19:42:12,123 [0b6bda71-48c1-453f-8afc-63104cab6d5d@group-6FE54C72DDE9-FollowerState] INFO  impl.RoleInfo (RoleInfo.java:updateAndGet(130)) - 0b6bda71-48c1-453f-8afc-63104cab6d5d: start 0b6bda71-48c1-453f-8afc-63104cab6d5d@group-6FE54C72DDE9-LeaderElection5
2021-10-14 19:42:12,127 [0b6bda71-48c1-453f-8afc-63104cab6d5d@group-6FE54C72DDE9-LeaderElection5] INFO  impl.LeaderElection (LeaderElection.java:askForVotes(306)) - 0b6bda71-48c1-453f-8afc-63104cab6d5d@group-6FE54C72DDE9-LeaderElection5 ELECTION round 0: submit vote requests at term 1 for -1: [0b6bda71-48c1-453f-8afc-63104cab6d5d|rpc:10.1.0.23:42925|priority:0, 33764f87-9c6a-47d4-8cea-d0f1d2ec7fe6|rpc:10.1.0.23:34363|priority:1, 587c4370-f397-42e1-8c47-82ec3f79bf3a|rpc:10.1.0.23:42273|priority:0], old=null
2021-10-14 19:42:12,155 [grpc-default-executor-2] INFO  server.RaftServer$Division (RaftServerImpl.java:requestVote(1043)) - 33764f87-9c6a-47d4-8cea-d0f1d2ec7fe6@group-6FE54C72DDE9: receive requestVote(ELECTION, 0b6bda71-48c1-453f-8afc-63104cab6d5d, group-6FE54C72DDE9, 1, (t:0, i:0))
2021-10-14 19:42:12,155 [grpc-default-executor-2] INFO  impl.VoteContext (VoteContext.java:log(48)) - 33764f87-9c6a-47d4-8cea-d0f1d2ec7fe6@group-6FE54C72DDE9-FOLLOWER: reject ELECTION from 0b6bda71-48c1-453f-8afc-63104cab6d5d: our priority 1 > candidate's priority 0
2021-10-14 19:42:12,155 [grpc-default-executor-2] INFO  server.RaftServer$Division (RaftServerImpl.java:setRole(285)) - 33764f87-9c6a-47d4-8cea-d0f1d2ec7fe6@group-6FE54C72DDE9: changes role from  FOLLOWER to FOLLOWER at term 1 for candidate:0b6bda71-48c1-453f-8afc-63104cab6d5d
2021-10-14 19:42:12,155 [grpc-default-executor-2] INFO  impl.RoleInfo (RoleInfo.java:shutdownFollowerState(108)) - 33764f87-9c6a-47d4-8cea-d0f1d2ec7fe6: shutdown 33764f87-9c6a-47d4-8cea-d0f1d2ec7fe6@group-6FE54C72DDE9-FollowerState
2021-10-14 19:42:12,156 [grpc-default-executor-2] INFO  impl.RoleInfo (RoleInfo.java:updateAndGet(130)) - 33764f87-9c6a-47d4-8cea-d0f1d2ec7fe6: start 33764f87-9c6a-47d4-8cea-d0f1d2ec7fe6@group-6FE54C72DDE9-FollowerState
2021-10-14 19:42:12,156 [33764f87-9c6a-47d4-8cea-d0f1d2ec7fe6@group-6FE54C72DDE9-FollowerState] INFO  impl.FollowerState (FollowerState.java:run(143)) - 33764f87-9c6a-47d4-8cea-d0f1d2ec7fe6@group-6FE54C72DDE9-FollowerState was interrupted: {}
java.lang.InterruptedException: sleep interrupted
	at java.lang.Thread.sleep(Native Method)
	at java.lang.Thread.sleep(Thread.java:340)
	at java.util.concurrent.TimeUnit.sleep(TimeUnit.java:386)
	at org.apache.ratis.util.TimeDuration.sleep(TimeDuration.java:324)
	at org.apache.ratis.util.TimeDuration.sleep(TimeDuration.java:309)
	at org.apache.ratis.server.impl.FollowerState.run(FollowerState.java:118)
2021-10-14 19:42:12,158 [grpc-default-executor-2] INFO  server.RaftServer$Division (RaftServerImpl.java:requestVote(1075)) - 33764f87-9c6a-47d4-8cea-d0f1d2ec7fe6@group-6FE54C72DDE9 replies to ELECTION vote request: 0b6bda71-48c1-453f-8afc-63104cab6d5d<-33764f87-9c6a-47d4-8cea-d0f1d2ec7fe6#0:FAIL-t1. Peer's state: 33764f87-9c6a-47d4-8cea-d0f1d2ec7fe6@group-6FE54C72DDE9:t1, leader=null, voted=null, raftlog=33764f87-9c6a-47d4-8cea-d0f1d2ec7fe6@group-6FE54C72DDE9-SegmentedRaftLog:OPENED:c-1,f-1,i0, conf=-1: [0b6bda71-48c1-453f-8afc-63104cab6d5d|rpc:10.1.0.23:42925|priority:0, 33764f87-9c6a-47d4-8cea-d0f1d2ec7fe6|rpc:10.1.0.23:34363|priority:1, 587c4370-f397-42e1-8c47-82ec3f79bf3a|rpc:10.1.0.23:42273|priority:0], old=null
2021-10-14 19:42:12,172 [0b6bda71-48c1-453f-8afc-63104cab6d5d@group-6FE54C72DDE9-LeaderElection5] INFO  impl.LeaderElection (LeaderElection.java:logAndReturn(89)) - 0b6bda71-48c1-453f-8afc-63104cab6d5d@group-6FE54C72DDE9-LeaderElection5: ELECTION REJECTED received 1 response(s) and 0 exception(s):
2021-10-14 19:42:12,172 [0b6bda71-48c1-453f-8afc-63104cab6d5d@group-6FE54C72DDE9-LeaderElection5] INFO  impl.LeaderElection (LeaderElection.java:logAndReturn(93)) -   Response 0: 0b6bda71-48c1-453f-8afc-63104cab6d5d<-33764f87-9c6a-47d4-8cea-d0f1d2ec7fe6#0:FAIL-t1
2021-10-14 19:42:12,172 [0b6bda71-48c1-453f-8afc-63104cab6d5d@group-6FE54C72DDE9-LeaderElection5] INFO  impl.LeaderElection (LeaderElection.java:askForVotes(308)) - 0b6bda71-48c1-453f-8afc-63104cab6d5d@group-6FE54C72DDE9-LeaderElection5 ELECTION round 0: result REJECTED
2021-10-14 19:42:12,172 [grpc-default-executor-2] INFO  server.RaftServer$Division (RaftServerImpl.java:requestVote(1043)) - 587c4370-f397-42e1-8c47-82ec3f79bf3a@group-6FE54C72DDE9: receive requestVote(ELECTION, 0b6bda71-48c1-453f-8afc-63104cab6d5d, group-6FE54C72DDE9, 1, (t:0, i:0))
2021-10-14 19:42:12,173 [grpc-default-executor-2] INFO  impl.VoteContext (VoteContext.java:log(48)) - 587c4370-f397-42e1-8c47-82ec3f79bf3a@group-6FE54C72DDE9-FOLLOWER: accept ELECTION from 0b6bda71-48c1-453f-8afc-63104cab6d5d: our priority 0 <= candidate's priority 0
2021-10-14 19:42:12,173 [grpc-default-executor-2] INFO  server.RaftServer$Division (RaftServerImpl.java:setRole(285)) - 587c4370-f397-42e1-8c47-82ec3f79bf3a@group-6FE54C72DDE9: changes role from  FOLLOWER to FOLLOWER at term 1 for candidate:0b6bda71-48c1-453f-8afc-63104cab6d5d
2021-10-14 19:42:12,173 [grpc-default-executor-2] INFO  impl.RoleInfo (RoleInfo.java:shutdownFollowerState(108)) - 587c4370-f397-42e1-8c47-82ec3f79bf3a: shutdown 587c4370-f397-42e1-8c47-82ec3f79bf3a@group-6FE54C72DDE9-FollowerState
2021-10-14 19:42:12,173 [grpc-default-executor-2] INFO  impl.RoleInfo (RoleInfo.java:updateAndGet(130)) - 587c4370-f397-42e1-8c47-82ec3f79bf3a: start 587c4370-f397-42e1-8c47-82ec3f79bf3a@group-6FE54C72DDE9-FollowerState
2021-10-14 19:42:12,173 [587c4370-f397-42e1-8c47-82ec3f79bf3a@group-6FE54C72DDE9-FollowerState] INFO  impl.FollowerState (FollowerState.java:run(143)) - 587c4370-f397-42e1-8c47-82ec3f79bf3a@group-6FE54C72DDE9-FollowerState was interrupted: {}
java.lang.InterruptedException: sleep interrupted
	at java.lang.Thread.sleep(Native Method)
	at java.lang.Thread.sleep(Thread.java:340)
	at java.util.concurrent.TimeUnit.sleep(TimeUnit.java:386)
	at org.apache.ratis.util.TimeDuration.sleep(TimeDuration.java:324)
	at org.apache.ratis.util.TimeDuration.sleep(TimeDuration.java:309)
	at org.apache.ratis.server.impl.FollowerState.run(FollowerState.java:118)
2021-10-14 19:42:12,172 [0b6bda71-48c1-453f-8afc-63104cab6d5d@group-6FE54C72DDE9-LeaderElection5] INFO  server.RaftServer$Division (RaftServerImpl.java:setRole(285)) - 0b6bda71-48c1-453f-8afc-63104cab6d5d@group-6FE54C72DDE9: changes role from CANDIDATE to FOLLOWER at term 1 for REJECTED
2021-10-14 19:42:12,177 [0b6bda71-48c1-453f-8afc-63104cab6d5d@group-6FE54C72DDE9-LeaderElection5] INFO  impl.RoleInfo (RoleInfo.java:shutdownLeaderElection(121)) - 0b6bda71-48c1-453f-8afc-63104cab6d5d: shutdown 0b6bda71-48c1-453f-8afc-63104cab6d5d@group-6FE54C72DDE9-LeaderElection5
2021-10-14 19:42:12,177 [0b6bda71-48c1-453f-8afc-63104cab6d5d@group-6FE54C72DDE9-LeaderElection5] INFO  impl.RoleInfo (RoleInfo.java:updateAndGet(130)) - 0b6bda71-48c1-453f-8afc-63104cab6d5d: start 0b6bda71-48c1-453f-8afc-63104cab6d5d@group-6FE54C72DDE9-FollowerState
2021-10-14 19:42:12,180 [0b6bda71-48c1-453f-8afc-63104cab6d5d@group-22CB598797F9-FollowerState] INFO  impl.FollowerState (FollowerState.java:run(134)) - 0b6bda71-48c1-453f-8afc-63104cab6d5d@group-22CB598797F9-FollowerState: change to CANDIDATE, lastRpcElapsedTime:5158746604ns, electionTimeout:5142ms
2021-10-14 19:42:12,180 [0b6bda71-48c1-453f-8afc-63104cab6d5d@group-22CB598797F9-FollowerState] INFO  impl.RoleInfo (RoleInfo.java:shutdownFollowerState(108)) - 0b6bda71-48c1-453f-8afc-63104cab6d5d: shutdown 0b6bda71-48c1-453f-8afc-63104cab6d5d@group-22CB598797F9-FollowerState
2021-10-14 19:42:12,180 [0b6bda71-48c1-453f-8afc-63104cab6d5d@group-22CB598797F9-FollowerState] INFO  server.RaftServer$Division (RaftServerImpl.java:setRole(285)) - 0b6bda71-48c1-453f-8afc-63104cab6d5d@group-22CB598797F9: changes role from  FOLLOWER to CANDIDATE at term 0 for changeToCandidate
2021-10-14 19:42:12,181 [grpc-default-executor-2] INFO  server.RaftServer$Division (RaftServerImpl.java:requestVote(1075)) - 587c4370-f397-42e1-8c47-82ec3f79bf3a@group-6FE54C72DDE9 replies to ELECTION vote request: 0b6bda71-48c1-453f-8afc-63104cab6d5d<-587c4370-f397-42e1-8c47-82ec3f79bf3a#0:OK-t1. Peer's state: 587c4370-f397-42e1-8c47-82ec3f79bf3a@group-6FE54C72DDE9:t1, leader=null, voted=0b6bda71-48c1-453f-8afc-63104cab6d5d, raftlog=587c4370-f397-42e1-8c47-82ec3f79bf3a@group-6FE54C72DDE9-SegmentedRaftLog:OPENED:c-1,f-1,i0, conf=-1: [0b6bda71-48c1-453f-8afc-63104cab6d5d|rpc:10.1.0.23:42925|priority:0, 33764f87-9c6a-47d4-8cea-d0f1d2ec7fe6|rpc:10.1.0.23:34363|priority:1, 587c4370-f397-42e1-8c47-82ec3f79bf3a|rpc:10.1.0.23:42273|priority:0], old=null
2021-10-14 19:42:12,181 [0b6bda71-48c1-453f-8afc-63104cab6d5d@group-22CB598797F9-FollowerState] INFO  server.RaftServerConfigKeys (ConfUtils.java:logGet(44)) - raft.server.leaderelection.pre-vote = false (custom)
2021-10-14 19:42:12,182 [0b6bda71-48c1-453f-8afc-63104cab6d5d@group-22CB598797F9-FollowerState] INFO  impl.RoleInfo (RoleInfo.java:updateAndGet(130)) - 0b6bda71-48c1-453f-8afc-63104cab6d5d: start 0b6bda71-48c1-453f-8afc-63104cab6d5d@group-22CB598797F9-LeaderElection6
2021-10-14 19:42:12,199 [0b6bda71-48c1-453f-8afc-63104cab6d5d@group-22CB598797F9-LeaderElection6] INFO  impl.LeaderElection (LeaderElection.java:askForVotes(306)) - 0b6bda71-48c1-453f-8afc-63104cab6d5d@group-22CB598797F9-LeaderElection6 ELECTION round 0: submit vote requests at term 1 for -1: [0b6bda71-48c1-453f-8afc-63104cab6d5d|rpc:10.1.0.23:42925|priority:1], old=null
2021-10-14 19:42:12,201 [0b6bda71-48c1-453f-8afc-63104cab6d5d@group-22CB598797F9-LeaderElection6] INFO  impl.LeaderElection (LeaderElection.java:askForVotes(308)) - 0b6bda71-48c1-453f-8afc-63104cab6d5d@group-22CB598797F9-LeaderElection6 ELECTION round 0: result PASSED (term=1)
2021-10-14 19:42:12,201 [0b6bda71-48c1-453f-8afc-63104cab6d5d@group-22CB598797F9-LeaderElection6] INFO  impl.RoleInfo (RoleInfo.java:shutdownLeaderElection(121)) - 0b6bda71-48c1-453f-8afc-63104cab6d5d: shutdown 0b6bda71-48c1-453f-8afc-63104cab6d5d@group-22CB598797F9-LeaderElection6
2021-10-14 19:42:12,202 [0b6bda71-48c1-453f-8afc-63104cab6d5d@group-22CB598797F9-LeaderElection6] INFO  server.RaftServer$Division (RaftServerImpl.java:setRole(285)) - 0b6bda71-48c1-453f-8afc-63104cab6d5d@group-22CB598797F9: changes role from CANDIDATE to LEADER at term 1 for changeToLeader
2021-10-14 19:42:12,202 [0b6bda71-48c1-453f-8afc-63104cab6d5d@group-22CB598797F9-LeaderElection6] INFO  ratis.XceiverServerRatis (XceiverServerRatis.java:handleLeaderChangedNotification(866)) - Leader change notification received for group: group-22CB598797F9 with new leaderId: 0b6bda71-48c1-453f-8afc-63104cab6d5d
2021-10-14 19:42:12,202 [0b6bda71-48c1-453f-8afc-63104cab6d5d@group-22CB598797F9-LeaderElection6] INFO  server.RaftServer$Division (ServerState.java:setLeader(285)) - 0b6bda71-48c1-453f-8afc-63104cab6d5d@group-22CB598797F9: change Leader from null to 0b6bda71-48c1-453f-8afc-63104cab6d5d at term 1 for becomeLeader, leader elected after 5211ms
2021-10-14 19:42:12,202 [0b6bda71-48c1-453f-8afc-63104cab6d5d@group-22CB598797F9-LeaderElection6] INFO  server.RaftServerConfigKeys (ConfUtils.java:logGet(44)) - raft.server.staging.catchup.gap = 1000 (default)
2021-10-14 19:42:12,202 [0b6bda71-48c1-453f-8afc-63104cab6d5d@group-22CB598797F9-LeaderElection6] INFO  server.RaftServerConfigKeys (ConfUtils.java:logGet(44)) - raft.server.write.element-limit = 1024 (custom)
2021-10-14 19:42:12,203 [0b6bda71-48c1-453f-8afc-63104cab6d5d@group-22CB598797F9-LeaderElection6] INFO  server.RaftServerConfigKeys (ConfUtils.java:logGet(44)) - raft.server.write.byte-limit = 1024 M (=1073741824) (custom)
2021-10-14 19:42:12,203 [0b6bda71-48c1-453f-8afc-63104cab6d5d@group-22CB598797F9-LeaderElection6] INFO  server.RaftServerConfigKeys (ConfUtils.java:logGet(44)) - raft.server.watch.timeout = 3000ms (custom)
2021-10-14 19:42:12,204 [0b6bda71-48c1-453f-8afc-63104cab6d5d@group-22CB598797F9-LeaderElection6] INFO  server.RaftServerConfigKeys (ConfUtils.java:logGet(44)) - raft.server.watch.timeout.denomination = 1s (default)
2021-10-14 19:42:12,204 [0b6bda71-48c1-453f-8afc-63104cab6d5d@group-22CB598797F9-LeaderElection6] INFO  server.RaftServerConfigKeys (ConfUtils.java:logGet(44)) - raft.server.watch.element-limit = 65536 (default)
2021-10-14 19:42:12,204 [0b6bda71-48c1-453f-8afc-63104cab6d5d@group-22CB598797F9-LeaderElection6] INFO  impl.RoleInfo (RoleInfo.java:updateAndGet(130)) - 0b6bda71-48c1-453f-8afc-63104cab6d5d: start 0b6bda71-48c1-453f-8afc-63104cab6d5d@group-22CB598797F9-LeaderStateImpl
2021-10-14 19:42:12,205 [0b6bda71-48c1-453f-8afc-63104cab6d5d@group-22CB598797F9-LeaderElection6] INFO  segmented.SegmentedRaftLogWorker (SegmentedRaftLogWorker.java:startLogSegment(394)) - 0b6bda71-48c1-453f-8afc-63104cab6d5d@group-22CB598797F9-SegmentedRaftLogWorker: Starting segment from index:0
2021-10-14 19:42:12,215 [0b6bda71-48c1-453f-8afc-63104cab6d5d@group-22CB598797F9-LeaderElection6] INFO  server.RaftServer$Division (ServerState.java:setRaftConf(387)) - 0b6bda71-48c1-453f-8afc-63104cab6d5d@group-22CB598797F9: set configuration 0: [0b6bda71-48c1-453f-8afc-63104cab6d5d|rpc:10.1.0.23:42925|dataStream:|priority:1], old=null
2021-10-14 19:42:12,218 [0b6bda71-48c1-453f-8afc-63104cab6d5d@group-22CB598797F9-SegmentedRaftLogWorker] INFO  segmented.SegmentedRaftLogWorker (SegmentedRaftLogWorker.java:execute(601)) - 0b6bda71-48c1-453f-8afc-63104cab6d5d@group-22CB598797F9-SegmentedRaftLogWorker: created new log segment /home/runner/work/ozone/ozone/hadoop-ozone/integration-test/target/test-dir/MiniOzoneClusterImpl-0ea35d3c-98b9-4918-895e-fcd9be0efca6/datanode-2/data/ratis/d287db88-6e56-4fa8-aed6-22cb598797f9/current/log_inprogress_0
2021-10-14 19:42:12,360 [Listener at 127.0.0.1/44077] INFO  rpc.RpcClient (RpcClient.java:createVolume(342)) - Creating Volume: testblockoutputstream, with runner as owner and space quota set to -1 bytes, counts quota set to -1
2021-10-14 19:42:12,428 [f5ce720c-5ead-4d76-b65c-e0941e033263@group-E2775835631E-FollowerState] INFO  impl.FollowerState (FollowerState.java:run(134)) - f5ce720c-5ead-4d76-b65c-e0941e033263@group-E2775835631E-FollowerState: change to CANDIDATE, lastRpcElapsedTime:5014722263ns, electionTimeout:5011ms
2021-10-14 19:42:12,428 [f5ce720c-5ead-4d76-b65c-e0941e033263@group-E2775835631E-FollowerState] INFO  impl.RoleInfo (RoleInfo.java:shutdownFollowerState(108)) - f5ce720c-5ead-4d76-b65c-e0941e033263: shutdown f5ce720c-5ead-4d76-b65c-e0941e033263@group-E2775835631E-FollowerState
2021-10-14 19:42:12,428 [f5ce720c-5ead-4d76-b65c-e0941e033263@group-E2775835631E-FollowerState] INFO  server.RaftServer$Division (RaftServerImpl.java:setRole(285)) - f5ce720c-5ead-4d76-b65c-e0941e033263@group-E2775835631E: changes role from  FOLLOWER to CANDIDATE at term 0 for changeToCandidate
2021-10-14 19:42:12,431 [f5ce720c-5ead-4d76-b65c-e0941e033263@group-E2775835631E-FollowerState] INFO  server.RaftServerConfigKeys (ConfUtils.java:logGet(44)) - raft.server.leaderelection.pre-vote = false (custom)
2021-10-14 19:42:12,431 [f5ce720c-5ead-4d76-b65c-e0941e033263@group-E2775835631E-FollowerState] INFO  impl.RoleInfo (RoleInfo.java:updateAndGet(130)) - f5ce720c-5ead-4d76-b65c-e0941e033263: start f5ce720c-5ead-4d76-b65c-e0941e033263@group-E2775835631E-LeaderElection7
2021-10-14 19:42:12,444 [OM StateMachine ApplyTransaction Thread - 0] INFO  volume.OMVolumeCreateRequest (OMVolumeCreateRequest.java:validateAndUpdateCache(195)) - created volume:testblockoutputstream for user:runner
2021-10-14 19:42:12,444 [f5ce720c-5ead-4d76-b65c-e0941e033263@group-E2775835631E-LeaderElection7] INFO  impl.LeaderElection (LeaderElection.java:askForVotes(306)) - f5ce720c-5ead-4d76-b65c-e0941e033263@group-E2775835631E-LeaderElection7 ELECTION round 0: submit vote requests at term 1 for -1: [f5ce720c-5ead-4d76-b65c-e0941e033263|rpc:10.1.0.23:35407|priority:1], old=null
2021-10-14 19:42:12,444 [f5ce720c-5ead-4d76-b65c-e0941e033263@group-E2775835631E-LeaderElection7] INFO  impl.LeaderElection (LeaderElection.java:askForVotes(308)) - f5ce720c-5ead-4d76-b65c-e0941e033263@group-E2775835631E-LeaderElection7 ELECTION round 0: result PASSED (term=1)
2021-10-14 19:42:12,444 [f5ce720c-5ead-4d76-b65c-e0941e033263@group-E2775835631E-LeaderElection7] INFO  impl.RoleInfo (RoleInfo.java:shutdownLeaderElection(121)) - f5ce720c-5ead-4d76-b65c-e0941e033263: shutdown f5ce720c-5ead-4d76-b65c-e0941e033263@group-E2775835631E-LeaderElection7
2021-10-14 19:42:12,445 [f5ce720c-5ead-4d76-b65c-e0941e033263@group-E2775835631E-LeaderElection7] INFO  server.RaftServer$Division (RaftServerImpl.java:setRole(285)) - f5ce720c-5ead-4d76-b65c-e0941e033263@group-E2775835631E: changes role from CANDIDATE to LEADER at term 1 for changeToLeader
2021-10-14 19:42:12,445 [f5ce720c-5ead-4d76-b65c-e0941e033263@group-E2775835631E-LeaderElection7] INFO  ratis.XceiverServerRatis (XceiverServerRatis.java:handleLeaderChangedNotification(866)) - Leader change notification received for group: group-E2775835631E with new leaderId: f5ce720c-5ead-4d76-b65c-e0941e033263
2021-10-14 19:42:12,445 [Datanode State Machine Thread - 0] WARN  statemachine.StateContext (StateContext.java:execute(621)) - No available thread in pool for past 1 seconds.
2021-10-14 19:42:12,446 [f5ce720c-5ead-4d76-b65c-e0941e033263@group-E2775835631E-LeaderElection7] INFO  server.RaftServer$Division (ServerState.java:setLeader(285)) - f5ce720c-5ead-4d76-b65c-e0941e033263@group-E2775835631E: change Leader from null to f5ce720c-5ead-4d76-b65c-e0941e033263 at term 1 for becomeLeader, leader elected after 5042ms
2021-10-14 19:42:12,446 [f5ce720c-5ead-4d76-b65c-e0941e033263@group-E2775835631E-LeaderElection7] INFO  server.RaftServerConfigKeys (ConfUtils.java:logGet(44)) - raft.server.staging.catchup.gap = 1000 (default)
2021-10-14 19:42:12,446 [f5ce720c-5ead-4d76-b65c-e0941e033263@group-E2775835631E-LeaderElection7] INFO  server.RaftServerConfigKeys (ConfUtils.java:logGet(44)) - raft.server.write.element-limit = 1024 (custom)
2021-10-14 19:42:12,446 [f5ce720c-5ead-4d76-b65c-e0941e033263@group-E2775835631E-LeaderElection7] INFO  server.RaftServerConfigKeys (ConfUtils.java:logGet(44)) - raft.server.write.byte-limit = 1024 M (=1073741824) (custom)
2021-10-14 19:42:12,446 [f5ce720c-5ead-4d76-b65c-e0941e033263@group-E2775835631E-LeaderElection7] INFO  server.RaftServerConfigKeys (ConfUtils.java:logGet(44)) - raft.server.watch.timeout = 3000ms (custom)
2021-10-14 19:42:12,446 [f5ce720c-5ead-4d76-b65c-e0941e033263@group-E2775835631E-LeaderElection7] INFO  server.RaftServerConfigKeys (ConfUtils.java:logGet(44)) - raft.server.watch.timeout.denomination = 1s (default)
2021-10-14 19:42:12,446 [f5ce720c-5ead-4d76-b65c-e0941e033263@group-E2775835631E-LeaderElection7] INFO  server.RaftServerConfigKeys (ConfUtils.java:logGet(44)) - raft.server.watch.element-limit = 65536 (default)
2021-10-14 19:42:12,447 [f5ce720c-5ead-4d76-b65c-e0941e033263@group-E2775835631E-LeaderElection7] INFO  impl.RoleInfo (RoleInfo.java:updateAndGet(130)) - f5ce720c-5ead-4d76-b65c-e0941e033263: start f5ce720c-5ead-4d76-b65c-e0941e033263@group-E2775835631E-LeaderStateImpl
2021-10-14 19:42:12,447 [f5ce720c-5ead-4d76-b65c-e0941e033263@group-E2775835631E-LeaderElection7] INFO  segmented.SegmentedRaftLogWorker (SegmentedRaftLogWorker.java:startLogSegment(394)) - f5ce720c-5ead-4d76-b65c-e0941e033263@group-E2775835631E-SegmentedRaftLogWorker: Starting segment from index:0
2021-10-14 19:42:12,451 [f5ce720c-5ead-4d76-b65c-e0941e033263@group-E2775835631E-SegmentedRaftLogWorker] INFO  segmented.SegmentedRaftLogWorker (SegmentedRaftLogWorker.java:execute(601)) - f5ce720c-5ead-4d76-b65c-e0941e033263@group-E2775835631E-SegmentedRaftLogWorker: created new log segment /home/runner/work/ozone/ozone/hadoop-ozone/integration-test/target/test-dir/MiniOzoneClusterImpl-0ea35d3c-98b9-4918-895e-fcd9be0efca6/datanode-4/data/ratis/1de137e8-05ba-442f-8eff-e2775835631e/current/log_inprogress_0
2021-10-14 19:42:12,456 [f5ce720c-5ead-4d76-b65c-e0941e033263@group-E2775835631E-LeaderElection7] INFO  server.RaftServer$Division (ServerState.java:setRaftConf(387)) - f5ce720c-5ead-4d76-b65c-e0941e033263@group-E2775835631E: set configuration 0: [f5ce720c-5ead-4d76-b65c-e0941e033263|rpc:10.1.0.23:35407|dataStream:|priority:1], old=null
2021-10-14 19:42:12,456 [84cf0c76-78e0-494d-aa1f-4383c35cad34@group-D1ADC348C817-FollowerState] INFO  impl.FollowerState (FollowerState.java:run(134)) - 84cf0c76-78e0-494d-aa1f-4383c35cad34@group-D1ADC348C817-FollowerState: change to CANDIDATE, lastRpcElapsedTime:5035596013ns, electionTimeout:5031ms
2021-10-14 19:42:12,456 [84cf0c76-78e0-494d-aa1f-4383c35cad34@group-D1ADC348C817-FollowerState] INFO  impl.RoleInfo (RoleInfo.java:shutdownFollowerState(108)) - 84cf0c76-78e0-494d-aa1f-4383c35cad34: shutdown 84cf0c76-78e0-494d-aa1f-4383c35cad34@group-D1ADC348C817-FollowerState
2021-10-14 19:42:12,456 [84cf0c76-78e0-494d-aa1f-4383c35cad34@group-D1ADC348C817-FollowerState] INFO  server.RaftServer$Division (RaftServerImpl.java:setRole(285)) - 84cf0c76-78e0-494d-aa1f-4383c35cad34@group-D1ADC348C817: changes role from  FOLLOWER to CANDIDATE at term 0 for changeToCandidate
2021-10-14 19:42:12,457 [84cf0c76-78e0-494d-aa1f-4383c35cad34@group-D1ADC348C817-FollowerState] INFO  server.RaftServerConfigKeys (ConfUtils.java:logGet(44)) - raft.server.leaderelection.pre-vote = false (custom)
2021-10-14 19:42:12,457 [84cf0c76-78e0-494d-aa1f-4383c35cad34@group-D1ADC348C817-FollowerState] INFO  impl.RoleInfo (RoleInfo.java:updateAndGet(130)) - 84cf0c76-78e0-494d-aa1f-4383c35cad34: start 84cf0c76-78e0-494d-aa1f-4383c35cad34@group-D1ADC348C817-LeaderElection8
2021-10-14 19:42:12,465 [84cf0c76-78e0-494d-aa1f-4383c35cad34@group-5A12C23A624B-FollowerState] INFO  impl.FollowerState (FollowerState.java:run(134)) - 84cf0c76-78e0-494d-aa1f-4383c35cad34@group-5A12C23A624B-FollowerState: change to CANDIDATE, lastRpcElapsedTime:5156872788ns, electionTimeout:5152ms
2021-10-14 19:42:12,465 [84cf0c76-78e0-494d-aa1f-4383c35cad34@group-C6AC7CE8E3A4-FollowerState] INFO  impl.FollowerState (FollowerState.java:run(134)) - 84cf0c76-78e0-494d-aa1f-4383c35cad34@group-C6AC7CE8E3A4-FollowerState: change to CANDIDATE, lastRpcElapsedTime:5188047414ns, electionTimeout:5182ms
2021-10-14 19:42:12,468 [5cef7d35-5853-4402-b8fc-0c0efab03ad9@group-5A12C23A624B-FollowerState] INFO  impl.FollowerState (FollowerState.java:run(134)) - 5cef7d35-5853-4402-b8fc-0c0efab03ad9@group-5A12C23A624B-FollowerState: change to CANDIDATE, lastRpcElapsedTime:5120403725ns, electionTimeout:5119ms
2021-10-14 19:42:12,468 [84cf0c76-78e0-494d-aa1f-4383c35cad34@group-5A12C23A624B-FollowerState] INFO  impl.RoleInfo (RoleInfo.java:shutdownFollowerState(108)) - 84cf0c76-78e0-494d-aa1f-4383c35cad34: shutdown 84cf0c76-78e0-494d-aa1f-4383c35cad34@group-5A12C23A624B-FollowerState
2021-10-14 19:42:12,468 [84cf0c76-78e0-494d-aa1f-4383c35cad34@group-5A12C23A624B-FollowerState] INFO  server.RaftServer$Division (RaftServerImpl.java:setRole(285)) - 84cf0c76-78e0-494d-aa1f-4383c35cad34@group-5A12C23A624B: changes role from  FOLLOWER to CANDIDATE at term 0 for changeToCandidate
2021-10-14 19:42:12,468 [84cf0c76-78e0-494d-aa1f-4383c35cad34@group-C6AC7CE8E3A4-FollowerState] INFO  impl.RoleInfo (RoleInfo.java:shutdownFollowerState(108)) - 84cf0c76-78e0-494d-aa1f-4383c35cad34: shutdown 84cf0c76-78e0-494d-aa1f-4383c35cad34@group-C6AC7CE8E3A4-FollowerState
2021-10-14 19:42:12,468 [84cf0c76-78e0-494d-aa1f-4383c35cad34@group-5A12C23A624B-FollowerState] INFO  server.RaftServerConfigKeys (ConfUtils.java:logGet(44)) - raft.server.leaderelection.pre-vote = false (custom)
2021-10-14 19:42:12,468 [84cf0c76-78e0-494d-aa1f-4383c35cad34@group-5A12C23A624B-FollowerState] INFO  impl.RoleInfo (RoleInfo.java:updateAndGet(130)) - 84cf0c76-78e0-494d-aa1f-4383c35cad34: start 84cf0c76-78e0-494d-aa1f-4383c35cad34@group-5A12C23A624B-LeaderElection9
2021-10-14 19:42:12,468 [5cef7d35-5853-4402-b8fc-0c0efab03ad9@group-5A12C23A624B-FollowerState] INFO  impl.RoleInfo (RoleInfo.java:shutdownFollowerState(108)) - 5cef7d35-5853-4402-b8fc-0c0efab03ad9: shutdown 5cef7d35-5853-4402-b8fc-0c0efab03ad9@group-5A12C23A624B-FollowerState
2021-10-14 19:42:12,468 [5cef7d35-5853-4402-b8fc-0c0efab03ad9@group-5A12C23A624B-FollowerState] INFO  server.RaftServer$Division (RaftServerImpl.java:setRole(285)) - 5cef7d35-5853-4402-b8fc-0c0efab03ad9@group-5A12C23A624B: changes role from  FOLLOWER to CANDIDATE at term 0 for changeToCandidate
2021-10-14 19:42:12,468 [84cf0c76-78e0-494d-aa1f-4383c35cad34@group-C6AC7CE8E3A4-FollowerState] INFO  server.RaftServer$Division (RaftServerImpl.java:setRole(285)) - 84cf0c76-78e0-494d-aa1f-4383c35cad34@group-C6AC7CE8E3A4: changes role from  FOLLOWER to CANDIDATE at term 0 for changeToCandidate
2021-10-14 19:42:12,476 [84cf0c76-78e0-494d-aa1f-4383c35cad34@group-C6AC7CE8E3A4-FollowerState] INFO  server.RaftServerConfigKeys (ConfUtils.java:logGet(44)) - raft.server.leaderelection.pre-vote = false (custom)
2021-10-14 19:42:12,477 [84cf0c76-78e0-494d-aa1f-4383c35cad34@group-C6AC7CE8E3A4-FollowerState] INFO  impl.RoleInfo (RoleInfo.java:updateAndGet(130)) - 84cf0c76-78e0-494d-aa1f-4383c35cad34: start 84cf0c76-78e0-494d-aa1f-4383c35cad34@group-C6AC7CE8E3A4-LeaderElection11
2021-10-14 19:42:12,479 [5cef7d35-5853-4402-b8fc-0c0efab03ad9@group-5A12C23A624B-FollowerState] INFO  server.RaftServerConfigKeys (ConfUtils.java:logGet(44)) - raft.server.leaderelection.pre-vote = false (custom)
2021-10-14 19:42:12,479 [5cef7d35-5853-4402-b8fc-0c0efab03ad9@group-5A12C23A624B-FollowerState] INFO  impl.RoleInfo (RoleInfo.java:updateAndGet(130)) - 5cef7d35-5853-4402-b8fc-0c0efab03ad9: start 5cef7d35-5853-4402-b8fc-0c0efab03ad9@group-5A12C23A624B-LeaderElection10
2021-10-14 19:42:12,489 [Listener at 127.0.0.1/44077] INFO  rpc.RpcClient (RpcClient.java:createBucket(502)) - Creating Bucket: testblockoutputstream/testblockoutputstream, with Versioning false and Storage Type set to DISK and Encryption set to false 
2021-10-14 19:42:12,489 [84cf0c76-78e0-494d-aa1f-4383c35cad34@group-D1ADC348C817-LeaderElection8] INFO  impl.LeaderElection (LeaderElection.java:askForVotes(306)) - 84cf0c76-78e0-494d-aa1f-4383c35cad34@group-D1ADC348C817-LeaderElection8 ELECTION round 0: submit vote requests at term 1 for -1: [84cf0c76-78e0-494d-aa1f-4383c35cad34|rpc:10.1.0.23:32881|priority:1, f5ce720c-5ead-4d76-b65c-e0941e033263|rpc:10.1.0.23:35407|priority:0, 5cef7d35-5853-4402-b8fc-0c0efab03ad9|rpc:10.1.0.23:45557|priority:0], old=null
2021-10-14 19:42:12,507 [84cf0c76-78e0-494d-aa1f-4383c35cad34@group-5A12C23A624B-LeaderElection9] INFO  impl.LeaderElection (LeaderElection.java:askForVotes(306)) - 84cf0c76-78e0-494d-aa1f-4383c35cad34@group-5A12C23A624B-LeaderElection9 ELECTION round 0: submit vote requests at term 1 for -1: [84cf0c76-78e0-494d-aa1f-4383c35cad34|rpc:10.1.0.23:32881|priority:0, f5ce720c-5ead-4d76-b65c-e0941e033263|rpc:10.1.0.23:35407|priority:0, 5cef7d35-5853-4402-b8fc-0c0efab03ad9|rpc:10.1.0.23:45557|priority:1], old=null
2021-10-14 19:42:12,531 [grpc-default-executor-2] INFO  server.RaftServer$Division (RaftServerImpl.java:requestVote(1043)) - f5ce720c-5ead-4d76-b65c-e0941e033263@group-D1ADC348C817: receive requestVote(ELECTION, 84cf0c76-78e0-494d-aa1f-4383c35cad34, group-D1ADC348C817, 1, (t:0, i:0))
2021-10-14 19:42:12,531 [grpc-default-executor-2] INFO  impl.VoteContext (VoteContext.java:log(48)) - f5ce720c-5ead-4d76-b65c-e0941e033263@group-D1ADC348C817-FOLLOWER: accept ELECTION from 84cf0c76-78e0-494d-aa1f-4383c35cad34: our priority 0 <= candidate's priority 1
2021-10-14 19:42:12,531 [grpc-default-executor-2] INFO  server.RaftServer$Division (RaftServerImpl.java:setRole(285)) - f5ce720c-5ead-4d76-b65c-e0941e033263@group-D1ADC348C817: changes role from  FOLLOWER to FOLLOWER at term 1 for candidate:84cf0c76-78e0-494d-aa1f-4383c35cad34
2021-10-14 19:42:12,531 [grpc-default-executor-2] INFO  impl.RoleInfo (RoleInfo.java:shutdownFollowerState(108)) - f5ce720c-5ead-4d76-b65c-e0941e033263: shutdown f5ce720c-5ead-4d76-b65c-e0941e033263@group-D1ADC348C817-FollowerState
2021-10-14 19:42:12,531 [grpc-default-executor-2] INFO  impl.RoleInfo (RoleInfo.java:updateAndGet(130)) - f5ce720c-5ead-4d76-b65c-e0941e033263: start f5ce720c-5ead-4d76-b65c-e0941e033263@group-D1ADC348C817-FollowerState
2021-10-14 19:42:12,532 [5cef7d35-5853-4402-b8fc-0c0efab03ad9@group-5A12C23A624B-LeaderElection10] INFO  impl.LeaderElection (LeaderElection.java:askForVotes(306)) - 5cef7d35-5853-4402-b8fc-0c0efab03ad9@group-5A12C23A624B-LeaderElection10 ELECTION round 0: submit vote requests at term 1 for -1: [84cf0c76-78e0-494d-aa1f-4383c35cad34|rpc:10.1.0.23:32881|dataStream:|priority:0, f5ce720c-5ead-4d76-b65c-e0941e033263|rpc:10.1.0.23:35407|dataStream:|priority:0, 5cef7d35-5853-4402-b8fc-0c0efab03ad9|rpc:10.1.0.23:45557|dataStream:|priority:1], old=null
2021-10-14 19:42:12,533 [grpc-default-executor-0] INFO  server.RaftServer$Division (RaftServerImpl.java:requestVote(1043)) - f5ce720c-5ead-4d76-b65c-e0941e033263@group-5A12C23A624B: receive requestVote(ELECTION, 84cf0c76-78e0-494d-aa1f-4383c35cad34, group-5A12C23A624B, 1, (t:0, i:0))
2021-10-14 19:42:12,533 [grpc-default-executor-0] INFO  impl.VoteContext (VoteContext.java:log(48)) - f5ce720c-5ead-4d76-b65c-e0941e033263@group-5A12C23A624B-FOLLOWER: accept ELECTION from 84cf0c76-78e0-494d-aa1f-4383c35cad34: our priority 0 <= candidate's priority 0
2021-10-14 19:42:12,533 [grpc-default-executor-0] INFO  server.RaftServer$Division (RaftServerImpl.java:setRole(285)) - f5ce720c-5ead-4d76-b65c-e0941e033263@group-5A12C23A624B: changes role from  FOLLOWER to FOLLOWER at term 1 for candidate:84cf0c76-78e0-494d-aa1f-4383c35cad34
2021-10-14 19:42:12,533 [grpc-default-executor-0] INFO  impl.RoleInfo (RoleInfo.java:shutdownFollowerState(108)) - f5ce720c-5ead-4d76-b65c-e0941e033263: shutdown f5ce720c-5ead-4d76-b65c-e0941e033263@group-5A12C23A624B-FollowerState
2021-10-14 19:42:12,535 [84cf0c76-78e0-494d-aa1f-4383c35cad34@group-C6AC7CE8E3A4-LeaderElection11] INFO  impl.LeaderElection (LeaderElection.java:askForVotes(306)) - 84cf0c76-78e0-494d-aa1f-4383c35cad34@group-C6AC7CE8E3A4-LeaderElection11 ELECTION round 0: submit vote requests at term 1 for -1: [84cf0c76-78e0-494d-aa1f-4383c35cad34|rpc:10.1.0.23:32881|priority:1], old=null
2021-10-14 19:42:12,541 [grpc-default-executor-2] INFO  server.RaftServer$Division (RaftServerImpl.java:requestVote(1075)) - f5ce720c-5ead-4d76-b65c-e0941e033263@group-D1ADC348C817 replies to ELECTION vote request: 84cf0c76-78e0-494d-aa1f-4383c35cad34<-f5ce720c-5ead-4d76-b65c-e0941e033263#0:OK-t1. Peer's state: f5ce720c-5ead-4d76-b65c-e0941e033263@group-D1ADC348C817:t1, leader=null, voted=84cf0c76-78e0-494d-aa1f-4383c35cad34, raftlog=f5ce720c-5ead-4d76-b65c-e0941e033263@group-D1ADC348C817-SegmentedRaftLog:OPENED:c-1,f-1,i0, conf=-1: [84cf0c76-78e0-494d-aa1f-4383c35cad34|rpc:10.1.0.23:32881|priority:1, f5ce720c-5ead-4d76-b65c-e0941e033263|rpc:10.1.0.23:35407|priority:0, 5cef7d35-5853-4402-b8fc-0c0efab03ad9|rpc:10.1.0.23:45557|priority:0], old=null
2021-10-14 19:42:12,551 [f5ce720c-5ead-4d76-b65c-e0941e033263@group-D1ADC348C817-FollowerState] INFO  impl.FollowerState (FollowerState.java:run(134)) - f5ce720c-5ead-4d76-b65c-e0941e033263@group-D1ADC348C817-FollowerState: change to CANDIDATE, lastRpcElapsedTime:5109654548ns, electionTimeout:5075ms
2021-10-14 19:42:12,552 [f5ce720c-5ead-4d76-b65c-e0941e033263@group-D1ADC348C817-FollowerState] INFO  impl.RoleInfo (RoleInfo.java:shutdownFollowerState(108)) - f5ce720c-5ead-4d76-b65c-e0941e033263: shutdown f5ce720c-5ead-4d76-b65c-e0941e033263@group-D1ADC348C817-FollowerState
2021-10-14 19:42:12,552 [grpc-default-executor-1] INFO  server.RaftServer$Division (RaftServerImpl.java:requestVote(1043)) - 5cef7d35-5853-4402-b8fc-0c0efab03ad9@group-D1ADC348C817: receive requestVote(ELECTION, 84cf0c76-78e0-494d-aa1f-4383c35cad34, group-D1ADC348C817, 1, (t:0, i:0))
2021-10-14 19:42:12,557 [f5ce720c-5ead-4d76-b65c-e0941e033263@group-D1ADC348C817-FollowerState] INFO  impl.FollowerState (FollowerState.java:run(143)) - f5ce720c-5ead-4d76-b65c-e0941e033263@group-D1ADC348C817-FollowerState was interrupted: {}
java.lang.InterruptedException: sleep interrupted
	at java.lang.Thread.sleep(Native Method)
	at java.lang.Thread.sleep(Thread.java:340)
	at java.util.concurrent.TimeUnit.sleep(TimeUnit.java:386)
	at org.apache.ratis.util.TimeDuration.sleep(TimeDuration.java:324)
	at org.apache.ratis.util.TimeDuration.sleep(TimeDuration.java:309)
	at org.apache.ratis.server.impl.FollowerState.run(FollowerState.java:118)
2021-10-14 19:42:12,557 [grpc-default-executor-0] INFO  impl.RoleInfo (RoleInfo.java:updateAndGet(130)) - f5ce720c-5ead-4d76-b65c-e0941e033263: start f5ce720c-5ead-4d76-b65c-e0941e033263@group-5A12C23A624B-FollowerState
2021-10-14 19:42:12,556 [f5ce720c-5ead-4d76-b65c-e0941e033263@group-D1ADC348C817-FollowerState] INFO  server.RaftServer$Division (RaftServerImpl.java:setRole(285)) - f5ce720c-5ead-4d76-b65c-e0941e033263@group-D1ADC348C817: changes role from  FOLLOWER to CANDIDATE at term 1 for changeToCandidate
2021-10-14 19:42:12,557 [f5ce720c-5ead-4d76-b65c-e0941e033263@group-5A12C23A624B-FollowerState] INFO  impl.FollowerState (FollowerState.java:run(143)) - f5ce720c-5ead-4d76-b65c-e0941e033263@group-5A12C23A624B-FollowerState was interrupted: {}
java.lang.InterruptedException: sleep interrupted
	at java.lang.Thread.sleep(Native Method)
	at java.lang.Thread.sleep(Thread.java:340)
	at java.util.concurrent.TimeUnit.sleep(TimeUnit.java:386)
	at org.apache.ratis.util.TimeDuration.sleep(TimeDuration.java:324)
	at org.apache.ratis.util.TimeDuration.sleep(TimeDuration.java:309)
	at org.apache.ratis.server.impl.FollowerState.run(FollowerState.java:118)
2021-10-14 19:42:12,557 [grpc-default-executor-1] INFO  impl.VoteContext (VoteContext.java:log(48)) - 5cef7d35-5853-4402-b8fc-0c0efab03ad9@group-D1ADC348C817-FOLLOWER: accept ELECTION from 84cf0c76-78e0-494d-aa1f-4383c35cad34: our priority 0 <= candidate's priority 1
2021-10-14 19:42:12,561 [grpc-default-executor-1] INFO  server.RaftServer$Division (RaftServerImpl.java:setRole(285)) - 5cef7d35-5853-4402-b8fc-0c0efab03ad9@group-D1ADC348C817: changes role from  FOLLOWER to FOLLOWER at term 1 for candidate:84cf0c76-78e0-494d-aa1f-4383c35cad34
2021-10-14 19:42:12,561 [grpc-default-executor-1] INFO  impl.RoleInfo (RoleInfo.java:shutdownFollowerState(108)) - 5cef7d35-5853-4402-b8fc-0c0efab03ad9: shutdown 5cef7d35-5853-4402-b8fc-0c0efab03ad9@group-D1ADC348C817-FollowerState
2021-10-14 19:42:12,561 [grpc-default-executor-3] INFO  server.RaftServer$Division (RaftServerImpl.java:requestVote(1043)) - 5cef7d35-5853-4402-b8fc-0c0efab03ad9@group-5A12C23A624B: receive requestVote(ELECTION, 84cf0c76-78e0-494d-aa1f-4383c35cad34, group-5A12C23A624B, 1, (t:0, i:0))
2021-10-14 19:42:12,562 [grpc-default-executor-3] INFO  impl.VoteContext (VoteContext.java:log(48)) - 5cef7d35-5853-4402-b8fc-0c0efab03ad9@group-5A12C23A624B-CANDIDATE: reject ELECTION from 84cf0c76-78e0-494d-aa1f-4383c35cad34: already has voted for 5cef7d35-5853-4402-b8fc-0c0efab03ad9 at current term 1
2021-10-14 19:42:12,562 [grpc-default-executor-3] INFO  server.RaftServer$Division (RaftServerImpl.java:requestVote(1075)) - 5cef7d35-5853-4402-b8fc-0c0efab03ad9@group-5A12C23A624B replies to ELECTION vote request: 84cf0c76-78e0-494d-aa1f-4383c35cad34<-5cef7d35-5853-4402-b8fc-0c0efab03ad9#0:FAIL-t1. Peer's state: 5cef7d35-5853-4402-b8fc-0c0efab03ad9@group-5A12C23A624B:t1, leader=null, voted=5cef7d35-5853-4402-b8fc-0c0efab03ad9, raftlog=5cef7d35-5853-4402-b8fc-0c0efab03ad9@group-5A12C23A624B-SegmentedRaftLog:OPENED:c-1,f-1,i0, conf=-1: [84cf0c76-78e0-494d-aa1f-4383c35cad34|rpc:10.1.0.23:32881|dataStream:|priority:0, f5ce720c-5ead-4d76-b65c-e0941e033263|rpc:10.1.0.23:35407|dataStream:|priority:0, 5cef7d35-5853-4402-b8fc-0c0efab03ad9|rpc:10.1.0.23:45557|dataStream:|priority:1], old=null
2021-10-14 19:42:12,564 [grpc-default-executor-1] INFO  impl.RoleInfo (RoleInfo.java:updateAndGet(130)) - 5cef7d35-5853-4402-b8fc-0c0efab03ad9: start 5cef7d35-5853-4402-b8fc-0c0efab03ad9@group-D1ADC348C817-FollowerState
2021-10-14 19:42:12,565 [5cef7d35-5853-4402-b8fc-0c0efab03ad9@group-D1ADC348C817-FollowerState] INFO  impl.FollowerState (FollowerState.java:run(143)) - 5cef7d35-5853-4402-b8fc-0c0efab03ad9@group-D1ADC348C817-FollowerState was interrupted: {}
java.lang.InterruptedException: sleep interrupted
	at java.lang.Thread.sleep(Native Method)
	at java.lang.Thread.sleep(Thread.java:340)
	at java.util.concurrent.TimeUnit.sleep(TimeUnit.java:386)
	at org.apache.ratis.util.TimeDuration.sleep(TimeDuration.java:324)
	at org.apache.ratis.util.TimeDuration.sleep(TimeDuration.java:309)
	at org.apache.ratis.server.impl.FollowerState.run(FollowerState.java:118)
2021-10-14 19:42:12,565 [f5ce720c-5ead-4d76-b65c-e0941e033263@group-D1ADC348C817-FollowerState] INFO  server.RaftServerConfigKeys (ConfUtils.java:logGet(44)) - raft.server.leaderelection.pre-vote = false (custom)
2021-10-14 19:42:12,566 [f5ce720c-5ead-4d76-b65c-e0941e033263@group-D1ADC348C817-FollowerState] INFO  impl.RoleInfo (RoleInfo.java:updateAndGet(130)) - f5ce720c-5ead-4d76-b65c-e0941e033263: start f5ce720c-5ead-4d76-b65c-e0941e033263@group-D1ADC348C817-LeaderElection12
2021-10-14 19:42:12,566 [84cf0c76-78e0-494d-aa1f-4383c35cad34@group-C6AC7CE8E3A4-LeaderElection11] INFO  impl.LeaderElection (LeaderElection.java:askForVotes(308)) - 84cf0c76-78e0-494d-aa1f-4383c35cad34@group-C6AC7CE8E3A4-LeaderElection11 ELECTION round 0: result PASSED (term=1)
2021-10-14 19:42:12,566 [84cf0c76-78e0-494d-aa1f-4383c35cad34@group-C6AC7CE8E3A4-LeaderElection11] INFO  impl.RoleInfo (RoleInfo.java:shutdownLeaderElection(121)) - 84cf0c76-78e0-494d-aa1f-4383c35cad34: shutdown 84cf0c76-78e0-494d-aa1f-4383c35cad34@group-C6AC7CE8E3A4-LeaderElection11
2021-10-14 19:42:12,566 [84cf0c76-78e0-494d-aa1f-4383c35cad34@group-C6AC7CE8E3A4-LeaderElection11] INFO  server.RaftServer$Division (RaftServerImpl.java:setRole(285)) - 84cf0c76-78e0-494d-aa1f-4383c35cad34@group-C6AC7CE8E3A4: changes role from CANDIDATE to LEADER at term 1 for changeToLeader
2021-10-14 19:42:12,566 [84cf0c76-78e0-494d-aa1f-4383c35cad34@group-C6AC7CE8E3A4-LeaderElection11] INFO  ratis.XceiverServerRatis (XceiverServerRatis.java:handleLeaderChangedNotification(866)) - Leader change notification received for group: group-C6AC7CE8E3A4 with new leaderId: 84cf0c76-78e0-494d-aa1f-4383c35cad34
2021-10-14 19:42:12,567 [grpc-default-executor-1] INFO  server.RaftServer$Division (RaftServerImpl.java:requestVote(1075)) - 5cef7d35-5853-4402-b8fc-0c0efab03ad9@group-D1ADC348C817 replies to ELECTION vote request: 84cf0c76-78e0-494d-aa1f-4383c35cad34<-5cef7d35-5853-4402-b8fc-0c0efab03ad9#0:OK-t1. Peer's state: 5cef7d35-5853-4402-b8fc-0c0efab03ad9@group-D1ADC348C817:t1, leader=null, voted=84cf0c76-78e0-494d-aa1f-4383c35cad34, raftlog=5cef7d35-5853-4402-b8fc-0c0efab03ad9@group-D1ADC348C817-SegmentedRaftLog:OPENED:c-1,f-1,i0, conf=-1: [84cf0c76-78e0-494d-aa1f-4383c35cad34|rpc:10.1.0.23:32881|dataStream:|priority:1, f5ce720c-5ead-4d76-b65c-e0941e033263|rpc:10.1.0.23:35407|dataStream:|priority:0, 5cef7d35-5853-4402-b8fc-0c0efab03ad9|rpc:10.1.0.23:45557|dataStream:|priority:0], old=null
2021-10-14 19:42:12,569 [grpc-default-executor-0] INFO  server.RaftServer$Division (RaftServerImpl.java:requestVote(1075)) - f5ce720c-5ead-4d76-b65c-e0941e033263@group-5A12C23A624B replies to ELECTION vote request: 84cf0c76-78e0-494d-aa1f-4383c35cad34<-f5ce720c-5ead-4d76-b65c-e0941e033263#0:OK-t1. Peer's state: f5ce720c-5ead-4d76-b65c-e0941e033263@group-5A12C23A624B:t1, leader=null, voted=84cf0c76-78e0-494d-aa1f-4383c35cad34, raftlog=f5ce720c-5ead-4d76-b65c-e0941e033263@group-5A12C23A624B-SegmentedRaftLog:OPENED:c-1,f-1,i0, conf=-1: [84cf0c76-78e0-494d-aa1f-4383c35cad34|rpc:10.1.0.23:32881|dataStream:|priority:0, f5ce720c-5ead-4d76-b65c-e0941e033263|rpc:10.1.0.23:35407|dataStream:|priority:0, 5cef7d35-5853-4402-b8fc-0c0efab03ad9|rpc:10.1.0.23:45557|dataStream:|priority:1], old=null
2021-10-14 19:42:12,573 [84cf0c76-78e0-494d-aa1f-4383c35cad34@group-C6AC7CE8E3A4-LeaderElection11] INFO  server.RaftServer$Division (ServerState.java:setLeader(285)) - 84cf0c76-78e0-494d-aa1f-4383c35cad34@group-C6AC7CE8E3A4: change Leader from null to 84cf0c76-78e0-494d-aa1f-4383c35cad34 at term 1 for becomeLeader, leader elected after 5307ms
2021-10-14 19:42:12,575 [84cf0c76-78e0-494d-aa1f-4383c35cad34@group-C6AC7CE8E3A4-LeaderElection11] INFO  server.RaftServerConfigKeys (ConfUtils.java:logGet(44)) - raft.server.staging.catchup.gap = 1000 (default)
2021-10-14 19:42:12,575 [84cf0c76-78e0-494d-aa1f-4383c35cad34@group-C6AC7CE8E3A4-LeaderElection11] INFO  server.RaftServerConfigKeys (ConfUtils.java:logGet(44)) - raft.server.write.element-limit = 1024 (custom)
2021-10-14 19:42:12,575 [84cf0c76-78e0-494d-aa1f-4383c35cad34@group-C6AC7CE8E3A4-LeaderElection11] INFO  server.RaftServerConfigKeys (ConfUtils.java:logGet(44)) - raft.server.write.byte-limit = 1024 M (=1073741824) (custom)
2021-10-14 19:42:12,573 [84cf0c76-78e0-494d-aa1f-4383c35cad34@group-5A12C23A624B-LeaderElection9] INFO  impl.LeaderElection (LeaderElection.java:logAndReturn(89)) - 84cf0c76-78e0-494d-aa1f-4383c35cad34@group-5A12C23A624B-LeaderElection9: ELECTION REJECTED received 1 response(s) and 0 exception(s):
2021-10-14 19:42:12,577 [84cf0c76-78e0-494d-aa1f-4383c35cad34@group-5A12C23A624B-LeaderElection9] INFO  impl.LeaderElection (LeaderElection.java:logAndReturn(93)) -   Response 0: 84cf0c76-78e0-494d-aa1f-4383c35cad34<-5cef7d35-5853-4402-b8fc-0c0efab03ad9#0:FAIL-t1
2021-10-14 19:42:12,573 [Datanode State Machine Thread - 0] WARN  statemachine.StateContext (StateContext.java:execute(621)) - No available thread in pool for past 1 seconds.
2021-10-14 19:42:12,577 [84cf0c76-78e0-494d-aa1f-4383c35cad34@group-5A12C23A624B-LeaderElection9] INFO  impl.LeaderElection (LeaderElection.java:askForVotes(308)) - 84cf0c76-78e0-494d-aa1f-4383c35cad34@group-5A12C23A624B-LeaderElection9 ELECTION round 0: result REJECTED
2021-10-14 19:42:12,585 [84cf0c76-78e0-494d-aa1f-4383c35cad34@group-5A12C23A624B-LeaderElection9] INFO  server.RaftServer$Division (RaftServerImpl.java:setRole(285)) - 84cf0c76-78e0-494d-aa1f-4383c35cad34@group-5A12C23A624B: changes role from CANDIDATE to FOLLOWER at term 1 for REJECTED
2021-10-14 19:42:12,585 [84cf0c76-78e0-494d-aa1f-4383c35cad34@group-5A12C23A624B-LeaderElection9] INFO  impl.RoleInfo (RoleInfo.java:shutdownLeaderElection(121)) - 84cf0c76-78e0-494d-aa1f-4383c35cad34: shutdown 84cf0c76-78e0-494d-aa1f-4383c35cad34@group-5A12C23A624B-LeaderElection9
2021-10-14 19:42:12,585 [84cf0c76-78e0-494d-aa1f-4383c35cad34@group-5A12C23A624B-LeaderElection9] INFO  impl.RoleInfo (RoleInfo.java:updateAndGet(130)) - 84cf0c76-78e0-494d-aa1f-4383c35cad34: start 84cf0c76-78e0-494d-aa1f-4383c35cad34@group-5A12C23A624B-FollowerState
2021-10-14 19:42:12,575 [84cf0c76-78e0-494d-aa1f-4383c35cad34@group-D1ADC348C817-LeaderElection8] INFO  impl.LeaderElection (LeaderElection.java:logAndReturn(89)) - 84cf0c76-78e0-494d-aa1f-4383c35cad34@group-D1ADC348C817-LeaderElection8: ELECTION PASSED received 1 response(s) and 0 exception(s):
2021-10-14 19:42:12,585 [84cf0c76-78e0-494d-aa1f-4383c35cad34@group-D1ADC348C817-LeaderElection8] INFO  impl.LeaderElection (LeaderElection.java:logAndReturn(93)) -   Response 0: 84cf0c76-78e0-494d-aa1f-4383c35cad34<-5cef7d35-5853-4402-b8fc-0c0efab03ad9#0:OK-t1
2021-10-14 19:42:12,582 [Listener at 127.0.0.1/44077] INFO  ozone.MiniOzoneClusterImpl (MiniOzoneClusterImpl.java:getStorageContainerLocationClient(346)) - Creating StorageContainerLocationProtocol RPC client with address /0.0.0.0:41679
2021-10-14 19:42:12,591 [84cf0c76-78e0-494d-aa1f-4383c35cad34@group-C6AC7CE8E3A4-LeaderElection11] INFO  server.RaftServerConfigKeys (ConfUtils.java:logGet(44)) - raft.server.watch.timeout = 3000ms (custom)
2021-10-14 19:42:12,591 [84cf0c76-78e0-494d-aa1f-4383c35cad34@group-C6AC7CE8E3A4-LeaderElection11] INFO  server.RaftServerConfigKeys (ConfUtils.java:logGet(44)) - raft.server.watch.timeout.denomination = 1s (default)
2021-10-14 19:42:12,591 [84cf0c76-78e0-494d-aa1f-4383c35cad34@group-C6AC7CE8E3A4-LeaderElection11] INFO  server.RaftServerConfigKeys (ConfUtils.java:logGet(44)) - raft.server.watch.element-limit = 65536 (default)
2021-10-14 19:42:12,591 [84cf0c76-78e0-494d-aa1f-4383c35cad34@group-C6AC7CE8E3A4-LeaderElection11] INFO  impl.RoleInfo (RoleInfo.java:updateAndGet(130)) - 84cf0c76-78e0-494d-aa1f-4383c35cad34: start 84cf0c76-78e0-494d-aa1f-4383c35cad34@group-C6AC7CE8E3A4-LeaderStateImpl
2021-10-14 19:42:12,592 [84cf0c76-78e0-494d-aa1f-4383c35cad34@group-C6AC7CE8E3A4-LeaderElection11] INFO  segmented.SegmentedRaftLogWorker (SegmentedRaftLogWorker.java:startLogSegment(394)) - 84cf0c76-78e0-494d-aa1f-4383c35cad34@group-C6AC7CE8E3A4-SegmentedRaftLogWorker: Starting segment from index:0
2021-10-14 19:42:12,597 [84cf0c76-78e0-494d-aa1f-4383c35cad34@group-C6AC7CE8E3A4-LeaderElection11] INFO  server.RaftServer$Division (ServerState.java:setRaftConf(387)) - 84cf0c76-78e0-494d-aa1f-4383c35cad34@group-C6AC7CE8E3A4: set configuration 0: [84cf0c76-78e0-494d-aa1f-4383c35cad34|rpc:10.1.0.23:32881|dataStream:|priority:1], old=null
2021-10-14 19:42:12,597 [f5ce720c-5ead-4d76-b65c-e0941e033263@group-D1ADC348C817-LeaderElection12] INFO  impl.LeaderElection (LeaderElection.java:askForVotes(306)) - f5ce720c-5ead-4d76-b65c-e0941e033263@group-D1ADC348C817-LeaderElection12 ELECTION round 0: submit vote requests at term 2 for -1: [84cf0c76-78e0-494d-aa1f-4383c35cad34|rpc:10.1.0.23:32881|priority:1, f5ce720c-5ead-4d76-b65c-e0941e033263|rpc:10.1.0.23:35407|priority:0, 5cef7d35-5853-4402-b8fc-0c0efab03ad9|rpc:10.1.0.23:45557|priority:0], old=null
2021-10-14 19:42:12,598 [84cf0c76-78e0-494d-aa1f-4383c35cad34@group-D1ADC348C817-LeaderElection8] INFO  impl.LeaderElection (LeaderElection.java:askForVotes(308)) - 84cf0c76-78e0-494d-aa1f-4383c35cad34@group-D1ADC348C817-LeaderElection8 ELECTION round 0: result PASSED
2021-10-14 19:42:12,598 [84cf0c76-78e0-494d-aa1f-4383c35cad34@group-D1ADC348C817-LeaderElection8] INFO  impl.RoleInfo (RoleInfo.java:shutdownLeaderElection(121)) - 84cf0c76-78e0-494d-aa1f-4383c35cad34: shutdown 84cf0c76-78e0-494d-aa1f-4383c35cad34@group-D1ADC348C817-LeaderElection8
2021-10-14 19:42:12,598 [84cf0c76-78e0-494d-aa1f-4383c35cad34@group-D1ADC348C817-LeaderElection8] INFO  server.RaftServer$Division (RaftServerImpl.java:setRole(285)) - 84cf0c76-78e0-494d-aa1f-4383c35cad34@group-D1ADC348C817: changes role from CANDIDATE to LEADER at term 1 for changeToLeader
2021-10-14 19:42:12,598 [84cf0c76-78e0-494d-aa1f-4383c35cad34@group-D1ADC348C817-LeaderElection8] INFO  ratis.XceiverServerRatis (XceiverServerRatis.java:handleLeaderChangedNotification(866)) - Leader change notification received for group: group-D1ADC348C817 with new leaderId: 84cf0c76-78e0-494d-aa1f-4383c35cad34
2021-10-14 19:42:12,605 [84cf0c76-78e0-494d-aa1f-4383c35cad34@group-C6AC7CE8E3A4-SegmentedRaftLogWorker] INFO  segmented.SegmentedRaftLogWorker (SegmentedRaftLogWorker.java:execute(601)) - 84cf0c76-78e0-494d-aa1f-4383c35cad34@group-C6AC7CE8E3A4-SegmentedRaftLogWorker: created new log segment /home/runner/work/ozone/ozone/hadoop-ozone/integration-test/target/test-dir/MiniOzoneClusterImpl-0ea35d3c-98b9-4918-895e-fcd9be0efca6/datanode-3/data/ratis/c475e37c-a3a4-4c95-b0a6-c6ac7ce8e3a4/current/log_inprogress_0
2021-10-14 19:42:12,615 [84cf0c76-78e0-494d-aa1f-4383c35cad34@group-D1ADC348C817-LeaderElection8] INFO  server.RaftServer$Division (ServerState.java:setLeader(285)) - 84cf0c76-78e0-494d-aa1f-4383c35cad34@group-D1ADC348C817: change Leader from null to 84cf0c76-78e0-494d-aa1f-4383c35cad34 at term 1 for becomeLeader, leader elected after 5200ms
2021-10-14 19:42:12,615 [84cf0c76-78e0-494d-aa1f-4383c35cad34@group-D1ADC348C817-LeaderElection8] INFO  server.RaftServerConfigKeys (ConfUtils.java:logGet(44)) - raft.server.staging.catchup.gap = 1000 (default)
2021-10-14 19:42:12,615 [Datanode State Machine Thread - 0] WARN  statemachine.StateContext (StateContext.java:execute(621)) - No available thread in pool for past 1 seconds.
2021-10-14 19:42:12,615 [84cf0c76-78e0-494d-aa1f-4383c35cad34@group-D1ADC348C817-LeaderElection8] INFO  server.RaftServerConfigKeys (ConfUtils.java:logGet(44)) - raft.server.write.element-limit = 1024 (custom)
2021-10-14 19:42:12,615 [84cf0c76-78e0-494d-aa1f-4383c35cad34@group-D1ADC348C817-LeaderElection8] INFO  server.RaftServerConfigKeys (ConfUtils.java:logGet(44)) - raft.server.write.byte-limit = 1024 M (=1073741824) (custom)
2021-10-14 19:42:12,616 [84cf0c76-78e0-494d-aa1f-4383c35cad34@group-D1ADC348C817-LeaderElection8] INFO  server.RaftServerConfigKeys (ConfUtils.java:logGet(44)) - raft.server.watch.timeout = 3000ms (custom)
2021-10-14 19:42:12,616 [84cf0c76-78e0-494d-aa1f-4383c35cad34@group-D1ADC348C817-LeaderElection8] INFO  server.RaftServerConfigKeys (ConfUtils.java:logGet(44)) - raft.server.watch.timeout.denomination = 1s (default)
2021-10-14 19:42:12,616 [84cf0c76-78e0-494d-aa1f-4383c35cad34@group-D1ADC348C817-LeaderElection8] INFO  server.RaftServerConfigKeys (ConfUtils.java:logGet(44)) - raft.server.watch.element-limit = 65536 (default)
2021-10-14 19:42:12,616 [84cf0c76-78e0-494d-aa1f-4383c35cad34@group-D1ADC348C817-LeaderElection8] INFO  server.RaftServerConfigKeys (ConfUtils.java:logGet(44)) - raft.server.log.appender.snapshot.chunk.size.max = 16MB (=16777216) (default)
2021-10-14 19:42:12,616 [84cf0c76-78e0-494d-aa1f-4383c35cad34@group-D1ADC348C817-LeaderElection8] INFO  server.RaftServerConfigKeys (ConfUtils.java:logGet(44)) - raft.server.log.appender.buffer.byte-limit = 33554432 (custom)
2021-10-14 19:42:12,616 [84cf0c76-78e0-494d-aa1f-4383c35cad34@group-D1ADC348C817-LeaderElection8] INFO  server.RaftServerConfigKeys (ConfUtils.java:logGet(44)) - raft.server.log.appender.buffer.element-limit = 1 (custom)
2021-10-14 19:42:12,616 [84cf0c76-78e0-494d-aa1f-4383c35cad34@group-D1ADC348C817-LeaderElection8] INFO  grpc.GrpcConfigKeys (ConfUtils.java:logGet(44)) - raft.grpc.server.leader.outstanding.appends.max = 128 (default)
2021-10-14 19:42:12,617 [84cf0c76-78e0-494d-aa1f-4383c35cad34@group-D1ADC348C817-LeaderElection8] INFO  server.RaftServerConfigKeys (ConfUtils.java:logGet(44)) - raft.server.rpc.request.timeout = 3000ms (default)
2021-10-14 19:42:12,617 [84cf0c76-78e0-494d-aa1f-4383c35cad34@group-D1ADC348C817-LeaderElection8] INFO  server.RaftServerConfigKeys (ConfUtils.java:logGet(44)) - raft.server.log.appender.install.snapshot.enabled = false (custom)
2021-10-14 19:42:12,620 [84cf0c76-78e0-494d-aa1f-4383c35cad34@group-D1ADC348C817-LeaderElection8] INFO  server.RaftServerConfigKeys (ConfUtils.java:logGet(44)) - raft.server.log.appender.snapshot.chunk.size.max = 16MB (=16777216) (default)
2021-10-14 19:42:12,620 [84cf0c76-78e0-494d-aa1f-4383c35cad34@group-D1ADC348C817-LeaderElection8] INFO  server.RaftServerConfigKeys (ConfUtils.java:logGet(44)) - raft.server.log.appender.buffer.byte-limit = 33554432 (custom)
2021-10-14 19:42:12,620 [84cf0c76-78e0-494d-aa1f-4383c35cad34@group-D1ADC348C817-LeaderElection8] INFO  server.RaftServerConfigKeys (ConfUtils.java:logGet(44)) - raft.server.log.appender.buffer.element-limit = 1 (custom)
2021-10-14 19:42:12,620 [84cf0c76-78e0-494d-aa1f-4383c35cad34@group-D1ADC348C817-LeaderElection8] INFO  grpc.GrpcConfigKeys (ConfUtils.java:logGet(44)) - raft.grpc.server.leader.outstanding.appends.max = 128 (default)
2021-10-14 19:42:12,620 [84cf0c76-78e0-494d-aa1f-4383c35cad34@group-D1ADC348C817-LeaderElection8] INFO  server.RaftServerConfigKeys (ConfUtils.java:logGet(44)) - raft.server.rpc.request.timeout = 3000ms (default)
2021-10-14 19:42:12,620 [84cf0c76-78e0-494d-aa1f-4383c35cad34@group-D1ADC348C817-LeaderElection8] INFO  server.RaftServerConfigKeys (ConfUtils.java:logGet(44)) - raft.server.log.appender.install.snapshot.enabled = false (custom)
2021-10-14 19:42:12,633 [EventQueue-PipelineReportForPipelineReportHandler] INFO  pipeline.PipelineManagerImpl (PipelineManagerImpl.java:openPipeline(282)) - Pipeline Pipeline[ Id: ccb6fc38-415a-48b8-b2fb-d1adc348c817, Nodes: 5cef7d35-5853-4402-b8fc-0c0efab03ad9{ip: 10.1.0.23, host: fv-az184-831.3ow45vhwbzuu5incsxmygykede.cx.internal.cloudapp.net, ports: [REPLICATION=33651, RATIS=45557, RATIS_ADMIN=45557, RATIS_SERVER=45557, STANDALONE=44405], networkLocation: /default-rack, certSerialId: null, persistedOpState: IN_SERVICE, persistedOpStateExpiryEpochSec: 0}f5ce720c-5ead-4d76-b65c-e0941e033263{ip: 10.1.0.23, host: fv-az184-831.3ow45vhwbzuu5incsxmygykede.cx.internal.cloudapp.net, ports: [REPLICATION=39973, RATIS=35407, RATIS_ADMIN=35407, RATIS_SERVER=35407, STANDALONE=38067], networkLocation: /default-rack, certSerialId: null, persistedOpState: IN_SERVICE, persistedOpStateExpiryEpochSec: 0}84cf0c76-78e0-494d-aa1f-4383c35cad34{ip: 10.1.0.23, host: fv-az184-831.3ow45vhwbzuu5incsxmygykede.cx.internal.cloudapp.net, ports: [REPLICATION=38149, RATIS=32881, RATIS_ADMIN=32881, RATIS_SERVER=32881, STANDALONE=45499], networkLocation: /default-rack, certSerialId: null, persistedOpState: IN_SERVICE, persistedOpStateExpiryEpochSec: 0}, ReplicationConfig: RATIS/THREE, State:ALLOCATED, leaderId:84cf0c76-78e0-494d-aa1f-4383c35cad34, CreationTimestamp2021-10-14T19:42:04.602Z[Etc/UTC]] moved to OPEN state
2021-10-14 19:42:12,633 [84cf0c76-78e0-494d-aa1f-4383c35cad34@group-D1ADC348C817-LeaderElection8] INFO  impl.RoleInfo (RoleInfo.java:updateAndGet(130)) - 84cf0c76-78e0-494d-aa1f-4383c35cad34: start 84cf0c76-78e0-494d-aa1f-4383c35cad34@group-D1ADC348C817-LeaderStateImpl
2021-10-14 19:42:12,633 [84cf0c76-78e0-494d-aa1f-4383c35cad34@group-D1ADC348C817-LeaderElection8] INFO  segmented.SegmentedRaftLogWorker (SegmentedRaftLogWorker.java:startLogSegment(394)) - 84cf0c76-78e0-494d-aa1f-4383c35cad34@group-D1ADC348C817-SegmentedRaftLogWorker: Starting segment from index:0
2021-10-14 19:42:12,635 [84cf0c76-78e0-494d-aa1f-4383c35cad34@group-D1ADC348C817-SegmentedRaftLogWorker] INFO  segmented.SegmentedRaftLogWorker (SegmentedRaftLogWorker.java:execute(601)) - 84cf0c76-78e0-494d-aa1f-4383c35cad34@group-D1ADC348C817-SegmentedRaftLogWorker: created new log segment /home/runner/work/ozone/ozone/hadoop-ozone/integration-test/target/test-dir/MiniOzoneClusterImpl-0ea35d3c-98b9-4918-895e-fcd9be0efca6/datanode-3/data/ratis/ccb6fc38-415a-48b8-b2fb-d1adc348c817/current/log_inprogress_0
2021-10-14 19:42:12,649 [84cf0c76-78e0-494d-aa1f-4383c35cad34@group-D1ADC348C817-LeaderElection8] INFO  server.RaftServer$Division (ServerState.java:setRaftConf(387)) - 84cf0c76-78e0-494d-aa1f-4383c35cad34@group-D1ADC348C817: set configuration 0: [84cf0c76-78e0-494d-aa1f-4383c35cad34|rpc:10.1.0.23:32881|dataStream:|priority:1, f5ce720c-5ead-4d76-b65c-e0941e033263|rpc:10.1.0.23:35407|dataStream:|priority:0, 5cef7d35-5853-4402-b8fc-0c0efab03ad9|rpc:10.1.0.23:45557|dataStream:|priority:0], old=null
2021-10-14 19:42:12,648 [grpc-default-executor-0] INFO  server.RaftServer$Division (RaftServerImpl.java:requestVote(1043)) - 84cf0c76-78e0-494d-aa1f-4383c35cad34@group-D1ADC348C817: receive requestVote(ELECTION, f5ce720c-5ead-4d76-b65c-e0941e033263, group-D1ADC348C817, 2, (t:0, i:0))
2021-10-14 19:42:12,649 [grpc-default-executor-0] INFO  impl.VoteContext (VoteContext.java:log(48)) - 84cf0c76-78e0-494d-aa1f-4383c35cad34@group-D1ADC348C817-LEADER: reject ELECTION from f5ce720c-5ead-4d76-b65c-e0941e033263: our last entry (t:1, i:0) > candidate's last entry (t:0, i:0)
2021-10-14 19:42:12,649 [grpc-default-executor-0] INFO  server.RaftServer$Division (ServerState.java:setLeader(285)) - 84cf0c76-78e0-494d-aa1f-4383c35cad34@group-D1ADC348C817: change Leader from 84cf0c76-78e0-494d-aa1f-4383c35cad34 to null at term 2 for updateCurrentTerm
2021-10-14 19:42:12,650 [grpc-default-executor-0] INFO  server.RaftServer$Division (RaftServerImpl.java:setRole(285)) - 84cf0c76-78e0-494d-aa1f-4383c35cad34@group-D1ADC348C817: changes role from    LEADER to FOLLOWER at term 2 for candidate:f5ce720c-5ead-4d76-b65c-e0941e033263
2021-10-14 19:42:12,650 [grpc-default-executor-0] INFO  impl.RoleInfo (RoleInfo.java:shutdownLeaderState(91)) - 84cf0c76-78e0-494d-aa1f-4383c35cad34: shutdown 84cf0c76-78e0-494d-aa1f-4383c35cad34@group-D1ADC348C817-LeaderStateImpl
2021-10-14 19:42:12,648 [grpc-default-executor-3] INFO  server.RaftServer$Division (RaftServerImpl.java:requestVote(1043)) - 84cf0c76-78e0-494d-aa1f-4383c35cad34@group-5A12C23A624B: receive requestVote(ELECTION, 5cef7d35-5853-4402-b8fc-0c0efab03ad9, group-5A12C23A624B, 1, (t:0, i:0))
2021-10-14 19:42:12,650 [grpc-default-executor-3] INFO  impl.VoteContext (VoteContext.java:log(48)) - 84cf0c76-78e0-494d-aa1f-4383c35cad34@group-5A12C23A624B-FOLLOWER: reject ELECTION from 5cef7d35-5853-4402-b8fc-0c0efab03ad9: already has voted for 84cf0c76-78e0-494d-aa1f-4383c35cad34 at current term 1
2021-10-14 19:42:12,650 [grpc-default-executor-3] INFO  server.RaftServer$Division (RaftServerImpl.java:requestVote(1075)) - 84cf0c76-78e0-494d-aa1f-4383c35cad34@group-5A12C23A624B replies to ELECTION vote request: 5cef7d35-5853-4402-b8fc-0c0efab03ad9<-84cf0c76-78e0-494d-aa1f-4383c35cad34#0:FAIL-t1. Peer's state: 84cf0c76-78e0-494d-aa1f-4383c35cad34@group-5A12C23A624B:t1, leader=null, voted=84cf0c76-78e0-494d-aa1f-4383c35cad34, raftlog=84cf0c76-78e0-494d-aa1f-4383c35cad34@group-5A12C23A624B-SegmentedRaftLog:OPENED:c-1,f-1,i0, conf=-1: [84cf0c76-78e0-494d-aa1f-4383c35cad34|rpc:10.1.0.23:32881|priority:0, f5ce720c-5ead-4d76-b65c-e0941e033263|rpc:10.1.0.23:35407|priority:0, 5cef7d35-5853-4402-b8fc-0c0efab03ad9|rpc:10.1.0.23:45557|priority:1], old=null
2021-10-14 19:42:12,648 [grpc-default-executor-1] INFO  server.RaftServer$Division (RaftServerImpl.java:requestVote(1043)) - 5cef7d35-5853-4402-b8fc-0c0efab03ad9@group-D1ADC348C817: receive requestVote(ELECTION, f5ce720c-5ead-4d76-b65c-e0941e033263, group-D1ADC348C817, 2, (t:0, i:0))
2021-10-14 19:42:12,651 [grpc-default-executor-1] INFO  impl.VoteContext (VoteContext.java:log(48)) - 5cef7d35-5853-4402-b8fc-0c0efab03ad9@group-D1ADC348C817-FOLLOWER: accept ELECTION from f5ce720c-5ead-4d76-b65c-e0941e033263: our priority 0 <= candidate's priority 0
2021-10-14 19:42:12,651 [grpc-default-executor-1] INFO  server.RaftServer$Division (RaftServerImpl.java:setRole(285)) - 5cef7d35-5853-4402-b8fc-0c0efab03ad9@group-D1ADC348C817: changes role from  FOLLOWER to FOLLOWER at term 2 for candidate:f5ce720c-5ead-4d76-b65c-e0941e033263
2021-10-14 19:42:12,651 [grpc-default-executor-1] INFO  impl.RoleInfo (RoleInfo.java:shutdownFollowerState(108)) - 5cef7d35-5853-4402-b8fc-0c0efab03ad9: shutdown 5cef7d35-5853-4402-b8fc-0c0efab03ad9@group-D1ADC348C817-FollowerState
2021-10-14 19:42:12,648 [grpc-default-executor-2] INFO  server.RaftServer$Division (RaftServerImpl.java:requestVote(1043)) - f5ce720c-5ead-4d76-b65c-e0941e033263@group-5A12C23A624B: receive requestVote(ELECTION, 5cef7d35-5853-4402-b8fc-0c0efab03ad9, group-5A12C23A624B, 1, (t:0, i:0))
2021-10-14 19:42:12,658 [5cef7d35-5853-4402-b8fc-0c0efab03ad9@group-D1ADC348C817-FollowerState] INFO  impl.FollowerState (FollowerState.java:run(143)) - 5cef7d35-5853-4402-b8fc-0c0efab03ad9@group-D1ADC348C817-FollowerState was interrupted: {}
java.lang.InterruptedException: sleep interrupted
	at java.lang.Thread.sleep(Native Method)
	at java.lang.Thread.sleep(Thread.java:340)
	at java.util.concurrent.TimeUnit.sleep(TimeUnit.java:386)
	at org.apache.ratis.util.TimeDuration.sleep(TimeDuration.java:324)
	at org.apache.ratis.util.TimeDuration.sleep(TimeDuration.java:309)
	at org.apache.ratis.server.impl.FollowerState.run(FollowerState.java:118)
2021-10-14 19:42:12,659 [84cf0c76-78e0-494d-aa1f-4383c35cad34@group-D1ADC348C817->f5ce720c-5ead-4d76-b65c-e0941e033263-GrpcLogAppender-LogAppenderDaemon] WARN  server.GrpcLogAppender (GrpcLogAppender.java:mayWait(175)) - 84cf0c76-78e0-494d-aa1f-4383c35cad34@group-D1ADC348C817->f5ce720c-5ead-4d76-b65c-e0941e033263-GrpcLogAppender: Wait interrupted by java.lang.InterruptedException
2021-10-14 19:42:12,659 [grpc-default-executor-0] INFO  impl.PendingRequests (PendingRequests.java:sendNotLeaderResponses(282)) - 84cf0c76-78e0-494d-aa1f-4383c35cad34@group-D1ADC348C817-PendingRequests: sendNotLeaderResponses
2021-10-14 19:42:12,658 [grpc-default-executor-1] INFO  impl.RoleInfo (RoleInfo.java:updateAndGet(130)) - 5cef7d35-5853-4402-b8fc-0c0efab03ad9: start 5cef7d35-5853-4402-b8fc-0c0efab03ad9@group-D1ADC348C817-FollowerState
2021-10-14 19:42:12,661 [grpc-default-executor-2] INFO  impl.VoteContext (VoteContext.java:log(48)) - f5ce720c-5ead-4d76-b65c-e0941e033263@group-5A12C23A624B-FOLLOWER: reject ELECTION from 5cef7d35-5853-4402-b8fc-0c0efab03ad9: already has voted for 84cf0c76-78e0-494d-aa1f-4383c35cad34 at current term 1
2021-10-14 19:42:12,666 [grpc-default-executor-2] INFO  server.RaftServer$Division (RaftServerImpl.java:requestVote(1075)) - f5ce720c-5ead-4d76-b65c-e0941e033263@group-5A12C23A624B replies to ELECTION vote request: 5cef7d35-5853-4402-b8fc-0c0efab03ad9<-f5ce720c-5ead-4d76-b65c-e0941e033263#0:FAIL-t1. Peer's state: f5ce720c-5ead-4d76-b65c-e0941e033263@group-5A12C23A624B:t1, leader=null, voted=84cf0c76-78e0-494d-aa1f-4383c35cad34, raftlog=f5ce720c-5ead-4d76-b65c-e0941e033263@group-5A12C23A624B-SegmentedRaftLog:OPENED:c-1,f-1,i0, conf=-1: [84cf0c76-78e0-494d-aa1f-4383c35cad34|rpc:10.1.0.23:32881|dataStream:|priority:0, f5ce720c-5ead-4d76-b65c-e0941e033263|rpc:10.1.0.23:35407|dataStream:|priority:0, 5cef7d35-5853-4402-b8fc-0c0efab03ad9|rpc:10.1.0.23:45557|dataStream:|priority:1], old=null
2021-10-14 19:42:12,668 [grpc-default-executor-0] INFO  impl.RoleInfo (RoleInfo.java:updateAndGet(130)) - 84cf0c76-78e0-494d-aa1f-4383c35cad34: start 84cf0c76-78e0-494d-aa1f-4383c35cad34@group-D1ADC348C817-FollowerState
2021-10-14 19:42:12,669 [grpc-default-executor-1] INFO  server.RaftServer$Division (RaftServerImpl.java:requestVote(1075)) - 5cef7d35-5853-4402-b8fc-0c0efab03ad9@group-D1ADC348C817 replies to ELECTION vote request: f5ce720c-5ead-4d76-b65c-e0941e033263<-5cef7d35-5853-4402-b8fc-0c0efab03ad9#0:OK-t2. Peer's state: 5cef7d35-5853-4402-b8fc-0c0efab03ad9@group-D1ADC348C817:t2, leader=null, voted=f5ce720c-5ead-4d76-b65c-e0941e033263, raftlog=5cef7d35-5853-4402-b8fc-0c0efab03ad9@group-D1ADC348C817-SegmentedRaftLog:OPENED:c-1,f-1,i0, conf=-1: [84cf0c76-78e0-494d-aa1f-4383c35cad34|rpc:10.1.0.23:32881|dataStream:|priority:1, f5ce720c-5ead-4d76-b65c-e0941e033263|rpc:10.1.0.23:35407|dataStream:|priority:0, 5cef7d35-5853-4402-b8fc-0c0efab03ad9|rpc:10.1.0.23:45557|dataStream:|priority:0], old=null
2021-10-14 19:42:12,671 [grpc-default-executor-3] INFO  server.GrpcServerProtocolService (GrpcServerProtocolService.java:onCompleted(140)) - f5ce720c-5ead-4d76-b65c-e0941e033263: Completed APPEND_ENTRIES, lastRequest: 84cf0c76-78e0-494d-aa1f-4383c35cad34->f5ce720c-5ead-4d76-b65c-e0941e033263#1-t1,previous=(t:0, i:0),leaderCommit=-1,initializing? true,entries: size=1, first=(t:1, i:0), CONFIGURATIONENTRY
2021-10-14 19:42:12,673 [grpc-default-executor-0] INFO  server.RaftServer$Division (RaftServerImpl.java:requestVote(1075)) - 84cf0c76-78e0-494d-aa1f-4383c35cad34@group-D1ADC348C817 replies to ELECTION vote request: f5ce720c-5ead-4d76-b65c-e0941e033263<-84cf0c76-78e0-494d-aa1f-4383c35cad34#0:FAIL-t2. Peer's state: 84cf0c76-78e0-494d-aa1f-4383c35cad34@group-D1ADC348C817:t2, leader=null, voted=null, raftlog=84cf0c76-78e0-494d-aa1f-4383c35cad34@group-D1ADC348C817-SegmentedRaftLog:OPENED:c-1,f0,i0, conf=0: [84cf0c76-78e0-494d-aa1f-4383c35cad34|rpc:10.1.0.23:32881|dataStream:|priority:1, f5ce720c-5ead-4d76-b65c-e0941e033263|rpc:10.1.0.23:35407|dataStream:|priority:0, 5cef7d35-5853-4402-b8fc-0c0efab03ad9|rpc:10.1.0.23:45557|dataStream:|priority:0], old=null
2021-10-14 19:42:12,670 [grpc-default-executor-5] INFO  server.GrpcServerProtocolService (GrpcServerProtocolService.java:onCompleted(140)) - 5cef7d35-5853-4402-b8fc-0c0efab03ad9: Completed APPEND_ENTRIES, lastRequest: null
2021-10-14 19:42:12,670 [5cef7d35-5853-4402-b8fc-0c0efab03ad9@group-5A12C23A624B-LeaderElection10] INFO  impl.LeaderElection (LeaderElection.java:logAndReturn(89)) - 5cef7d35-5853-4402-b8fc-0c0efab03ad9@group-5A12C23A624B-LeaderElection10: ELECTION REJECTED received 2 response(s) and 0 exception(s):
2021-10-14 19:42:12,685 [5cef7d35-5853-4402-b8fc-0c0efab03ad9@group-5A12C23A624B-LeaderElection10] INFO  impl.LeaderElection (LeaderElection.java:logAndReturn(93)) -   Response 0: 5cef7d35-5853-4402-b8fc-0c0efab03ad9<-84cf0c76-78e0-494d-aa1f-4383c35cad34#0:FAIL-t1
2021-10-14 19:42:12,685 [5cef7d35-5853-4402-b8fc-0c0efab03ad9@group-5A12C23A624B-LeaderElection10] INFO  impl.LeaderElection (LeaderElection.java:logAndReturn(93)) -   Response 1: 5cef7d35-5853-4402-b8fc-0c0efab03ad9<-f5ce720c-5ead-4d76-b65c-e0941e033263#0:FAIL-t1
2021-10-14 19:42:12,685 [5cef7d35-5853-4402-b8fc-0c0efab03ad9@group-5A12C23A624B-LeaderElection10] INFO  impl.LeaderElection (LeaderElection.java:askForVotes(308)) - 5cef7d35-5853-4402-b8fc-0c0efab03ad9@group-5A12C23A624B-LeaderElection10 ELECTION round 0: result REJECTED
2021-10-14 19:42:12,685 [5cef7d35-5853-4402-b8fc-0c0efab03ad9@group-5A12C23A624B-LeaderElection10] INFO  server.RaftServer$Division (RaftServerImpl.java:setRole(285)) - 5cef7d35-5853-4402-b8fc-0c0efab03ad9@group-5A12C23A624B: changes role from CANDIDATE to FOLLOWER at term 1 for REJECTED
2021-10-14 19:42:12,685 [5cef7d35-5853-4402-b8fc-0c0efab03ad9@group-5A12C23A624B-LeaderElection10] INFO  impl.RoleInfo (RoleInfo.java:shutdownLeaderElection(121)) - 5cef7d35-5853-4402-b8fc-0c0efab03ad9: shutdown 5cef7d35-5853-4402-b8fc-0c0efab03ad9@group-5A12C23A624B-LeaderElection10
2021-10-14 19:42:12,685 [5cef7d35-5853-4402-b8fc-0c0efab03ad9@group-5A12C23A624B-LeaderElection10] INFO  impl.RoleInfo (RoleInfo.java:updateAndGet(130)) - 5cef7d35-5853-4402-b8fc-0c0efab03ad9: start 5cef7d35-5853-4402-b8fc-0c0efab03ad9@group-5A12C23A624B-FollowerState
2021-10-14 19:42:12,684 [f5ce720c-5ead-4d76-b65c-e0941e033263@group-D1ADC348C817-LeaderElection12] INFO  impl.LeaderElection (LeaderElection.java:logAndReturn(89)) - f5ce720c-5ead-4d76-b65c-e0941e033263@group-D1ADC348C817-LeaderElection12: ELECTION REJECTED received 2 response(s) and 0 exception(s):
2021-10-14 19:42:12,685 [f5ce720c-5ead-4d76-b65c-e0941e033263@group-D1ADC348C817-LeaderElection12] INFO  impl.LeaderElection (LeaderElection.java:logAndReturn(93)) -   Response 0: f5ce720c-5ead-4d76-b65c-e0941e033263<-84cf0c76-78e0-494d-aa1f-4383c35cad34#0:FAIL-t2
2021-10-14 19:42:12,685 [f5ce720c-5ead-4d76-b65c-e0941e033263@group-D1ADC348C817-LeaderElection12] INFO  impl.LeaderElection (LeaderElection.java:logAndReturn(93)) -   Response 1: f5ce720c-5ead-4d76-b65c-e0941e033263<-5cef7d35-5853-4402-b8fc-0c0efab03ad9#0:OK-t2
2021-10-14 19:42:12,683 [grpc-default-executor-5] INFO  server.GrpcLogAppender (GrpcLogAppender.java:onCompleted(344)) - 84cf0c76-78e0-494d-aa1f-4383c35cad34@group-D1ADC348C817->f5ce720c-5ead-4d76-b65c-e0941e033263-AppendLogResponseHandler: follower responses appendEntries COMPLETED
2021-10-14 19:42:12,684 [grpc-default-executor-1] INFO  server.GrpcLogAppender (GrpcLogAppender.java:onCompleted(344)) - 84cf0c76-78e0-494d-aa1f-4383c35cad34@group-D1ADC348C817->5cef7d35-5853-4402-b8fc-0c0efab03ad9-AppendLogResponseHandler: follower responses appendEntries COMPLETED
2021-10-14 19:42:12,690 [grpc-default-executor-5] INFO  leader.FollowerInfo (FollowerInfoImpl.java:lambda$new$0(46)) - 84cf0c76-78e0-494d-aa1f-4383c35cad34@group-D1ADC348C817->f5ce720c-5ead-4d76-b65c-e0941e033263: nextIndex: updateUnconditionally 1 -> 0
2021-10-14 19:42:12,700 [f5ce720c-5ead-4d76-b65c-e0941e033263@group-D1ADC348C817-LeaderElection12] INFO  impl.LeaderElection (LeaderElection.java:askForVotes(308)) - f5ce720c-5ead-4d76-b65c-e0941e033263@group-D1ADC348C817-LeaderElection12 ELECTION round 0: result REJECTED
2021-10-14 19:42:12,701 [f5ce720c-5ead-4d76-b65c-e0941e033263@group-D1ADC348C817-LeaderElection12] INFO  server.RaftServer$Division (RaftServerImpl.java:setRole(285)) - f5ce720c-5ead-4d76-b65c-e0941e033263@group-D1ADC348C817: changes role from CANDIDATE to FOLLOWER at term 2 for REJECTED
2021-10-14 19:42:12,701 [f5ce720c-5ead-4d76-b65c-e0941e033263@group-D1ADC348C817-LeaderElection12] INFO  impl.RoleInfo (RoleInfo.java:shutdownLeaderElection(121)) - f5ce720c-5ead-4d76-b65c-e0941e033263: shutdown f5ce720c-5ead-4d76-b65c-e0941e033263@group-D1ADC348C817-LeaderElection12
2021-10-14 19:42:12,701 [f5ce720c-5ead-4d76-b65c-e0941e033263@group-D1ADC348C817-LeaderElection12] INFO  impl.RoleInfo (RoleInfo.java:updateAndGet(130)) - f5ce720c-5ead-4d76-b65c-e0941e033263: start f5ce720c-5ead-4d76-b65c-e0941e033263@group-D1ADC348C817-FollowerState
2021-10-14 19:42:12,700 [grpc-default-executor-1] INFO  leader.FollowerInfo (FollowerInfoImpl.java:lambda$new$0(46)) - 84cf0c76-78e0-494d-aa1f-4383c35cad34@group-D1ADC348C817->5cef7d35-5853-4402-b8fc-0c0efab03ad9: nextIndex: updateUnconditionally 0 -> 0
2021-10-14 19:42:12,737 [5cef7d35-5853-4402-b8fc-0c0efab03ad9@group-B3A9C12BDF90-FollowerState] INFO  impl.FollowerState (FollowerState.java:run(134)) - 5cef7d35-5853-4402-b8fc-0c0efab03ad9@group-B3A9C12BDF90-FollowerState: change to CANDIDATE, lastRpcElapsedTime:5128019878ns, electionTimeout:5127ms
2021-10-14 19:42:12,737 [5cef7d35-5853-4402-b8fc-0c0efab03ad9@group-B3A9C12BDF90-FollowerState] INFO  impl.RoleInfo (RoleInfo.java:shutdownFollowerState(108)) - 5cef7d35-5853-4402-b8fc-0c0efab03ad9: shutdown 5cef7d35-5853-4402-b8fc-0c0efab03ad9@group-B3A9C12BDF90-FollowerState
2021-10-14 19:42:12,737 [5cef7d35-5853-4402-b8fc-0c0efab03ad9@group-B3A9C12BDF90-FollowerState] INFO  server.RaftServer$Division (RaftServerImpl.java:setRole(285)) - 5cef7d35-5853-4402-b8fc-0c0efab03ad9@group-B3A9C12BDF90: changes role from  FOLLOWER to CANDIDATE at term 0 for changeToCandidate
2021-10-14 19:42:12,737 [5cef7d35-5853-4402-b8fc-0c0efab03ad9@group-B3A9C12BDF90-FollowerState] INFO  server.RaftServerConfigKeys (ConfUtils.java:logGet(44)) - raft.server.leaderelection.pre-vote = false (custom)
2021-10-14 19:42:12,737 [5cef7d35-5853-4402-b8fc-0c0efab03ad9@group-B3A9C12BDF90-FollowerState] INFO  impl.RoleInfo (RoleInfo.java:updateAndGet(130)) - 5cef7d35-5853-4402-b8fc-0c0efab03ad9: start 5cef7d35-5853-4402-b8fc-0c0efab03ad9@group-B3A9C12BDF90-LeaderElection13
2021-10-14 19:42:12,750 [5cef7d35-5853-4402-b8fc-0c0efab03ad9@group-B3A9C12BDF90-LeaderElection13] INFO  impl.LeaderElection (LeaderElection.java:askForVotes(306)) - 5cef7d35-5853-4402-b8fc-0c0efab03ad9@group-B3A9C12BDF90-LeaderElection13 ELECTION round 0: submit vote requests at term 1 for -1: [5cef7d35-5853-4402-b8fc-0c0efab03ad9|rpc:10.1.0.23:45557|priority:1], old=null
2021-10-14 19:42:12,751 [5cef7d35-5853-4402-b8fc-0c0efab03ad9@group-B3A9C12BDF90-LeaderElection13] INFO  impl.LeaderElection (LeaderElection.java:askForVotes(308)) - 5cef7d35-5853-4402-b8fc-0c0efab03ad9@group-B3A9C12BDF90-LeaderElection13 ELECTION round 0: result PASSED (term=1)
2021-10-14 19:42:12,751 [5cef7d35-5853-4402-b8fc-0c0efab03ad9@group-B3A9C12BDF90-LeaderElection13] INFO  impl.RoleInfo (RoleInfo.java:shutdownLeaderElection(121)) - 5cef7d35-5853-4402-b8fc-0c0efab03ad9: shutdown 5cef7d35-5853-4402-b8fc-0c0efab03ad9@group-B3A9C12BDF90-LeaderElection13
2021-10-14 19:42:12,751 [5cef7d35-5853-4402-b8fc-0c0efab03ad9@group-B3A9C12BDF90-LeaderElection13] INFO  server.RaftServer$Division (RaftServerImpl.java:setRole(285)) - 5cef7d35-5853-4402-b8fc-0c0efab03ad9@group-B3A9C12BDF90: changes role from CANDIDATE to LEADER at term 1 for changeToLeader
2021-10-14 19:42:12,751 [5cef7d35-5853-4402-b8fc-0c0efab03ad9@group-B3A9C12BDF90-LeaderElection13] INFO  ratis.XceiverServerRatis (XceiverServerRatis.java:handleLeaderChangedNotification(866)) - Leader change notification received for group: group-B3A9C12BDF90 with new leaderId: 5cef7d35-5853-4402-b8fc-0c0efab03ad9
2021-10-14 19:42:12,751 [5cef7d35-5853-4402-b8fc-0c0efab03ad9@group-B3A9C12BDF90-LeaderElection13] INFO  server.RaftServer$Division (ServerState.java:setLeader(285)) - 5cef7d35-5853-4402-b8fc-0c0efab03ad9@group-B3A9C12BDF90: change Leader from null to 5cef7d35-5853-4402-b8fc-0c0efab03ad9 at term 1 for becomeLeader, leader elected after 5150ms
2021-10-14 19:42:12,751 [5cef7d35-5853-4402-b8fc-0c0efab03ad9@group-B3A9C12BDF90-LeaderElection13] INFO  server.RaftServerConfigKeys (ConfUtils.java:logGet(44)) - raft.server.staging.catchup.gap = 1000 (default)
2021-10-14 19:42:12,751 [Datanode State Machine Thread - 0] WARN  statemachine.StateContext (StateContext.java:execute(621)) - No available thread in pool for past 1 seconds.
2021-10-14 19:42:12,751 [5cef7d35-5853-4402-b8fc-0c0efab03ad9@group-B3A9C12BDF90-LeaderElection13] INFO  server.RaftServerConfigKeys (ConfUtils.java:logGet(44)) - raft.server.write.element-limit = 1024 (custom)
2021-10-14 19:42:12,751 [5cef7d35-5853-4402-b8fc-0c0efab03ad9@group-B3A9C12BDF90-LeaderElection13] INFO  server.RaftServerConfigKeys (ConfUtils.java:logGet(44)) - raft.server.write.byte-limit = 1024 M (=1073741824) (custom)
2021-10-14 19:42:12,752 [5cef7d35-5853-4402-b8fc-0c0efab03ad9@group-B3A9C12BDF90-LeaderElection13] INFO  server.RaftServerConfigKeys (ConfUtils.java:logGet(44)) - raft.server.watch.timeout = 3000ms (custom)
2021-10-14 19:42:12,752 [5cef7d35-5853-4402-b8fc-0c0efab03ad9@group-B3A9C12BDF90-LeaderElection13] INFO  server.RaftServerConfigKeys (ConfUtils.java:logGet(44)) - raft.server.watch.timeout.denomination = 1s (default)
2021-10-14 19:42:12,752 [5cef7d35-5853-4402-b8fc-0c0efab03ad9@group-B3A9C12BDF90-LeaderElection13] INFO  server.RaftServerConfigKeys (ConfUtils.java:logGet(44)) - raft.server.watch.element-limit = 65536 (default)
2021-10-14 19:42:12,753 [5cef7d35-5853-4402-b8fc-0c0efab03ad9@group-B3A9C12BDF90-LeaderElection13] INFO  impl.RoleInfo (RoleInfo.java:updateAndGet(130)) - 5cef7d35-5853-4402-b8fc-0c0efab03ad9: start 5cef7d35-5853-4402-b8fc-0c0efab03ad9@group-B3A9C12BDF90-LeaderStateImpl
2021-10-14 19:42:12,753 [5cef7d35-5853-4402-b8fc-0c0efab03ad9@group-B3A9C12BDF90-LeaderElection13] INFO  segmented.SegmentedRaftLogWorker (SegmentedRaftLogWorker.java:startLogSegment(394)) - 5cef7d35-5853-4402-b8fc-0c0efab03ad9@group-B3A9C12BDF90-SegmentedRaftLogWorker: Starting segment from index:0
2021-10-14 19:42:12,755 [5cef7d35-5853-4402-b8fc-0c0efab03ad9@group-B3A9C12BDF90-SegmentedRaftLogWorker] INFO  segmented.SegmentedRaftLogWorker (SegmentedRaftLogWorker.java:execute(601)) - 5cef7d35-5853-4402-b8fc-0c0efab03ad9@group-B3A9C12BDF90-SegmentedRaftLogWorker: created new log segment /home/runner/work/ozone/ozone/hadoop-ozone/integration-test/target/test-dir/MiniOzoneClusterImpl-0ea35d3c-98b9-4918-895e-fcd9be0efca6/datanode-5/data/ratis/93c1cc2a-593b-443d-b916-b3a9c12bdf90/current/log_inprogress_0
2021-10-14 19:42:12,760 [5cef7d35-5853-4402-b8fc-0c0efab03ad9@group-B3A9C12BDF90-LeaderElection13] INFO  server.RaftServer$Division (ServerState.java:setRaftConf(387)) - 5cef7d35-5853-4402-b8fc-0c0efab03ad9@group-B3A9C12BDF90: set configuration 0: [5cef7d35-5853-4402-b8fc-0c0efab03ad9|rpc:10.1.0.23:45557|dataStream:|priority:1], old=null
2021-10-14 19:42:12,820 [IPC Server handler 1 on default port 41679] INFO  ha.SequenceIdGenerator (SequenceIdGenerator.java:getNextId(127)) - Allocate a batch for containerId, change lastId from 0 to 1000.
2021-10-14 19:42:12,843 [Listener at 127.0.0.1/44077] INFO  impl.MetricsSystemImpl (MetricsSystemImpl.java:init(158)) - XceiverClientMetrics metrics system started (again)
2021-10-14 19:42:12,890 [deff586f-8846-4a53-afbe-85ab1adc4d70@group-45942CB47BAF-FollowerState] INFO  impl.FollowerState (FollowerState.java:run(134)) - deff586f-8846-4a53-afbe-85ab1adc4d70@group-45942CB47BAF-FollowerState: change to CANDIDATE, lastRpcElapsedTime:5054676849ns, electionTimeout:5044ms
2021-10-14 19:42:12,890 [deff586f-8846-4a53-afbe-85ab1adc4d70@group-45942CB47BAF-FollowerState] INFO  impl.RoleInfo (RoleInfo.java:shutdownFollowerState(108)) - deff586f-8846-4a53-afbe-85ab1adc4d70: shutdown deff586f-8846-4a53-afbe-85ab1adc4d70@group-45942CB47BAF-FollowerState
2021-10-14 19:42:12,890 [deff586f-8846-4a53-afbe-85ab1adc4d70@group-45942CB47BAF-FollowerState] INFO  server.RaftServer$Division (RaftServerImpl.java:setRole(285)) - deff586f-8846-4a53-afbe-85ab1adc4d70@group-45942CB47BAF: changes role from  FOLLOWER to CANDIDATE at term 0 for changeToCandidate
2021-10-14 19:42:12,891 [deff586f-8846-4a53-afbe-85ab1adc4d70@group-45942CB47BAF-FollowerState] INFO  server.RaftServerConfigKeys (ConfUtils.java:logGet(44)) - raft.server.leaderelection.pre-vote = false (custom)
2021-10-14 19:42:12,891 [deff586f-8846-4a53-afbe-85ab1adc4d70@group-45942CB47BAF-FollowerState] INFO  impl.RoleInfo (RoleInfo.java:updateAndGet(130)) - deff586f-8846-4a53-afbe-85ab1adc4d70: start deff586f-8846-4a53-afbe-85ab1adc4d70@group-45942CB47BAF-LeaderElection14
2021-10-14 19:42:12,901 [deff586f-8846-4a53-afbe-85ab1adc4d70@group-45942CB47BAF-LeaderElection14] INFO  impl.LeaderElection (LeaderElection.java:askForVotes(306)) - deff586f-8846-4a53-afbe-85ab1adc4d70@group-45942CB47BAF-LeaderElection14 ELECTION round 0: submit vote requests at term 1 for -1: [deff586f-8846-4a53-afbe-85ab1adc4d70|rpc:10.1.0.23:38033|priority:1], old=null
2021-10-14 19:42:12,901 [deff586f-8846-4a53-afbe-85ab1adc4d70@group-45942CB47BAF-LeaderElection14] INFO  impl.LeaderElection (LeaderElection.java:askForVotes(308)) - deff586f-8846-4a53-afbe-85ab1adc4d70@group-45942CB47BAF-LeaderElection14 ELECTION round 0: result PASSED (term=1)
2021-10-14 19:42:12,902 [deff586f-8846-4a53-afbe-85ab1adc4d70@group-45942CB47BAF-LeaderElection14] INFO  impl.RoleInfo (RoleInfo.java:shutdownLeaderElection(121)) - deff586f-8846-4a53-afbe-85ab1adc4d70: shutdown deff586f-8846-4a53-afbe-85ab1adc4d70@group-45942CB47BAF-LeaderElection14
2021-10-14 19:42:12,902 [deff586f-8846-4a53-afbe-85ab1adc4d70@group-45942CB47BAF-LeaderElection14] INFO  server.RaftServer$Division (RaftServerImpl.java:setRole(285)) - deff586f-8846-4a53-afbe-85ab1adc4d70@group-45942CB47BAF: changes role from CANDIDATE to LEADER at term 1 for changeToLeader
2021-10-14 19:42:12,902 [deff586f-8846-4a53-afbe-85ab1adc4d70@group-45942CB47BAF-LeaderElection14] INFO  ratis.XceiverServerRatis (XceiverServerRatis.java:handleLeaderChangedNotification(866)) - Leader change notification received for group: group-45942CB47BAF with new leaderId: deff586f-8846-4a53-afbe-85ab1adc4d70
2021-10-14 19:42:12,903 [Datanode State Machine Thread - 0] WARN  statemachine.StateContext (StateContext.java:execute(621)) - No available thread in pool for past 1 seconds.
2021-10-14 19:42:12,904 [deff586f-8846-4a53-afbe-85ab1adc4d70@group-45942CB47BAF-LeaderElection14] INFO  server.RaftServer$Division (ServerState.java:setLeader(285)) - deff586f-8846-4a53-afbe-85ab1adc4d70@group-45942CB47BAF: change Leader from null to deff586f-8846-4a53-afbe-85ab1adc4d70 at term 1 for becomeLeader, leader elected after 5087ms
2021-10-14 19:42:12,904 [deff586f-8846-4a53-afbe-85ab1adc4d70@group-45942CB47BAF-LeaderElection14] INFO  server.RaftServerConfigKeys (ConfUtils.java:logGet(44)) - raft.server.staging.catchup.gap = 1000 (default)
2021-10-14 19:42:12,904 [deff586f-8846-4a53-afbe-85ab1adc4d70@group-45942CB47BAF-LeaderElection14] INFO  server.RaftServerConfigKeys (ConfUtils.java:logGet(44)) - raft.server.write.element-limit = 1024 (custom)
2021-10-14 19:42:12,904 [deff586f-8846-4a53-afbe-85ab1adc4d70@group-45942CB47BAF-LeaderElection14] INFO  server.RaftServerConfigKeys (ConfUtils.java:logGet(44)) - raft.server.write.byte-limit = 1024 M (=1073741824) (custom)
2021-10-14 19:42:12,905 [deff586f-8846-4a53-afbe-85ab1adc4d70@group-45942CB47BAF-LeaderElection14] INFO  server.RaftServerConfigKeys (ConfUtils.java:logGet(44)) - raft.server.watch.timeout = 3000ms (custom)
2021-10-14 19:42:12,905 [deff586f-8846-4a53-afbe-85ab1adc4d70@group-45942CB47BAF-LeaderElection14] INFO  server.RaftServerConfigKeys (ConfUtils.java:logGet(44)) - raft.server.watch.timeout.denomination = 1s (default)
2021-10-14 19:42:12,905 [deff586f-8846-4a53-afbe-85ab1adc4d70@group-45942CB47BAF-LeaderElection14] INFO  server.RaftServerConfigKeys (ConfUtils.java:logGet(44)) - raft.server.watch.element-limit = 65536 (default)
2021-10-14 19:42:12,905 [deff586f-8846-4a53-afbe-85ab1adc4d70@group-45942CB47BAF-LeaderElection14] INFO  impl.RoleInfo (RoleInfo.java:updateAndGet(130)) - deff586f-8846-4a53-afbe-85ab1adc4d70: start deff586f-8846-4a53-afbe-85ab1adc4d70@group-45942CB47BAF-LeaderStateImpl
2021-10-14 19:42:12,905 [deff586f-8846-4a53-afbe-85ab1adc4d70@group-45942CB47BAF-LeaderElection14] INFO  segmented.SegmentedRaftLogWorker (SegmentedRaftLogWorker.java:startLogSegment(394)) - deff586f-8846-4a53-afbe-85ab1adc4d70@group-45942CB47BAF-SegmentedRaftLogWorker: Starting segment from index:0
2021-10-14 19:42:12,908 [deff586f-8846-4a53-afbe-85ab1adc4d70@group-45942CB47BAF-SegmentedRaftLogWorker] INFO  segmented.SegmentedRaftLogWorker (SegmentedRaftLogWorker.java:execute(601)) - deff586f-8846-4a53-afbe-85ab1adc4d70@group-45942CB47BAF-SegmentedRaftLogWorker: created new log segment /home/runner/work/ozone/ozone/hadoop-ozone/integration-test/target/test-dir/MiniOzoneClusterImpl-0ea35d3c-98b9-4918-895e-fcd9be0efca6/datanode-6/data/ratis/0248f5bb-8e6b-43ae-8d2f-45942cb47baf/current/log_inprogress_0
2021-10-14 19:42:12,921 [deff586f-8846-4a53-afbe-85ab1adc4d70@group-45942CB47BAF-LeaderElection14] INFO  server.RaftServer$Division (ServerState.java:setRaftConf(387)) - deff586f-8846-4a53-afbe-85ab1adc4d70@group-45942CB47BAF: set configuration 0: [deff586f-8846-4a53-afbe-85ab1adc4d70|rpc:10.1.0.23:38033|dataStream:|priority:1], old=null
2021-10-14 19:42:17,329 [33764f87-9c6a-47d4-8cea-d0f1d2ec7fe6@group-6FE54C72DDE9-FollowerState] INFO  impl.FollowerState (FollowerState.java:run(134)) - 33764f87-9c6a-47d4-8cea-d0f1d2ec7fe6@group-6FE54C72DDE9-FollowerState: change to CANDIDATE, lastRpcElapsedTime:5173138969ns, electionTimeout:5169ms
2021-10-14 19:42:17,329 [33764f87-9c6a-47d4-8cea-d0f1d2ec7fe6@group-6FE54C72DDE9-FollowerState] INFO  impl.RoleInfo (RoleInfo.java:shutdownFollowerState(108)) - 33764f87-9c6a-47d4-8cea-d0f1d2ec7fe6: shutdown 33764f87-9c6a-47d4-8cea-d0f1d2ec7fe6@group-6FE54C72DDE9-FollowerState
2021-10-14 19:42:17,329 [33764f87-9c6a-47d4-8cea-d0f1d2ec7fe6@group-6FE54C72DDE9-FollowerState] INFO  server.RaftServer$Division (RaftServerImpl.java:setRole(285)) - 33764f87-9c6a-47d4-8cea-d0f1d2ec7fe6@group-6FE54C72DDE9: changes role from  FOLLOWER to CANDIDATE at term 1 for changeToCandidate
2021-10-14 19:42:17,329 [33764f87-9c6a-47d4-8cea-d0f1d2ec7fe6@group-6FE54C72DDE9-FollowerState] INFO  server.RaftServerConfigKeys (ConfUtils.java:logGet(44)) - raft.server.leaderelection.pre-vote = false (custom)
2021-10-14 19:42:17,329 [33764f87-9c6a-47d4-8cea-d0f1d2ec7fe6@group-6FE54C72DDE9-FollowerState] INFO  impl.RoleInfo (RoleInfo.java:updateAndGet(130)) - 33764f87-9c6a-47d4-8cea-d0f1d2ec7fe6: start 33764f87-9c6a-47d4-8cea-d0f1d2ec7fe6@group-6FE54C72DDE9-LeaderElection15
2021-10-14 19:42:17,331 [33764f87-9c6a-47d4-8cea-d0f1d2ec7fe6@group-6FE54C72DDE9-LeaderElection15] INFO  impl.LeaderElection (LeaderElection.java:askForVotes(306)) - 33764f87-9c6a-47d4-8cea-d0f1d2ec7fe6@group-6FE54C72DDE9-LeaderElection15 ELECTION round 0: submit vote requests at term 2 for -1: [0b6bda71-48c1-453f-8afc-63104cab6d5d|rpc:10.1.0.23:42925|priority:0, 33764f87-9c6a-47d4-8cea-d0f1d2ec7fe6|rpc:10.1.0.23:34363|priority:1, 587c4370-f397-42e1-8c47-82ec3f79bf3a|rpc:10.1.0.23:42273|priority:0], old=null
2021-10-14 19:42:17,340 [grpc-default-executor-1] INFO  server.RaftServer$Division (RaftServerImpl.java:requestVote(1043)) - 0b6bda71-48c1-453f-8afc-63104cab6d5d@group-6FE54C72DDE9: receive requestVote(ELECTION, 33764f87-9c6a-47d4-8cea-d0f1d2ec7fe6, group-6FE54C72DDE9, 2, (t:0, i:0))
2021-10-14 19:42:17,340 [grpc-default-executor-1] INFO  impl.VoteContext (VoteContext.java:log(48)) - 0b6bda71-48c1-453f-8afc-63104cab6d5d@group-6FE54C72DDE9-FOLLOWER: accept ELECTION from 33764f87-9c6a-47d4-8cea-d0f1d2ec7fe6: our priority 0 <= candidate's priority 1
2021-10-14 19:42:17,340 [grpc-default-executor-1] INFO  server.RaftServer$Division (RaftServerImpl.java:setRole(285)) - 0b6bda71-48c1-453f-8afc-63104cab6d5d@group-6FE54C72DDE9: changes role from  FOLLOWER to FOLLOWER at term 2 for candidate:33764f87-9c6a-47d4-8cea-d0f1d2ec7fe6
2021-10-14 19:42:17,340 [grpc-default-executor-1] INFO  impl.RoleInfo (RoleInfo.java:shutdownFollowerState(108)) - 0b6bda71-48c1-453f-8afc-63104cab6d5d: shutdown 0b6bda71-48c1-453f-8afc-63104cab6d5d@group-6FE54C72DDE9-FollowerState
2021-10-14 19:42:17,340 [grpc-default-executor-1] INFO  impl.RoleInfo (RoleInfo.java:updateAndGet(130)) - 0b6bda71-48c1-453f-8afc-63104cab6d5d: start 0b6bda71-48c1-453f-8afc-63104cab6d5d@group-6FE54C72DDE9-FollowerState
2021-10-14 19:42:17,340 [0b6bda71-48c1-453f-8afc-63104cab6d5d@group-6FE54C72DDE9-FollowerState] INFO  impl.FollowerState (FollowerState.java:run(143)) - 0b6bda71-48c1-453f-8afc-63104cab6d5d@group-6FE54C72DDE9-FollowerState was interrupted: {}
java.lang.InterruptedException: sleep interrupted
	at java.lang.Thread.sleep(Native Method)
	at java.lang.Thread.sleep(Thread.java:340)
	at java.util.concurrent.TimeUnit.sleep(TimeUnit.java:386)
	at org.apache.ratis.util.TimeDuration.sleep(TimeDuration.java:324)
	at org.apache.ratis.util.TimeDuration.sleep(TimeDuration.java:309)
	at org.apache.ratis.server.impl.FollowerState.run(FollowerState.java:118)
2021-10-14 19:42:17,346 [grpc-default-executor-1] INFO  server.RaftServer$Division (RaftServerImpl.java:requestVote(1075)) - 0b6bda71-48c1-453f-8afc-63104cab6d5d@group-6FE54C72DDE9 replies to ELECTION vote request: 33764f87-9c6a-47d4-8cea-d0f1d2ec7fe6<-0b6bda71-48c1-453f-8afc-63104cab6d5d#0:OK-t2. Peer's state: 0b6bda71-48c1-453f-8afc-63104cab6d5d@group-6FE54C72DDE9:t2, leader=null, voted=33764f87-9c6a-47d4-8cea-d0f1d2ec7fe6, raftlog=0b6bda71-48c1-453f-8afc-63104cab6d5d@group-6FE54C72DDE9-SegmentedRaftLog:OPENED:c-1,f-1,i0, conf=-1: [0b6bda71-48c1-453f-8afc-63104cab6d5d|rpc:10.1.0.23:42925|priority:0, 33764f87-9c6a-47d4-8cea-d0f1d2ec7fe6|rpc:10.1.0.23:34363|priority:1, 587c4370-f397-42e1-8c47-82ec3f79bf3a|rpc:10.1.0.23:42273|priority:0], old=null
2021-10-14 19:42:17,346 [grpc-default-executor-5] INFO  server.RaftServer$Division (RaftServerImpl.java:requestVote(1043)) - 587c4370-f397-42e1-8c47-82ec3f79bf3a@group-6FE54C72DDE9: receive requestVote(ELECTION, 33764f87-9c6a-47d4-8cea-d0f1d2ec7fe6, group-6FE54C72DDE9, 2, (t:0, i:0))
2021-10-14 19:42:17,347 [grpc-default-executor-5] INFO  impl.VoteContext (VoteContext.java:log(48)) - 587c4370-f397-42e1-8c47-82ec3f79bf3a@group-6FE54C72DDE9-FOLLOWER: accept ELECTION from 33764f87-9c6a-47d4-8cea-d0f1d2ec7fe6: our priority 0 <= candidate's priority 1
2021-10-14 19:42:17,347 [grpc-default-executor-5] INFO  server.RaftServer$Division (RaftServerImpl.java:setRole(285)) - 587c4370-f397-42e1-8c47-82ec3f79bf3a@group-6FE54C72DDE9: changes role from  FOLLOWER to FOLLOWER at term 2 for candidate:33764f87-9c6a-47d4-8cea-d0f1d2ec7fe6
2021-10-14 19:42:17,348 [grpc-default-executor-5] INFO  impl.RoleInfo (RoleInfo.java:shutdownFollowerState(108)) - 587c4370-f397-42e1-8c47-82ec3f79bf3a: shutdown 587c4370-f397-42e1-8c47-82ec3f79bf3a@group-6FE54C72DDE9-FollowerState
2021-10-14 19:42:17,348 [grpc-default-executor-5] INFO  impl.RoleInfo (RoleInfo.java:updateAndGet(130)) - 587c4370-f397-42e1-8c47-82ec3f79bf3a: start 587c4370-f397-42e1-8c47-82ec3f79bf3a@group-6FE54C72DDE9-FollowerState
2021-10-14 19:42:17,348 [587c4370-f397-42e1-8c47-82ec3f79bf3a@group-6FE54C72DDE9-FollowerState] INFO  impl.FollowerState (FollowerState.java:run(143)) - 587c4370-f397-42e1-8c47-82ec3f79bf3a@group-6FE54C72DDE9-FollowerState was interrupted: {}
java.lang.InterruptedException: sleep interrupted
	at java.lang.Thread.sleep(Native Method)
	at java.lang.Thread.sleep(Thread.java:340)
	at java.util.concurrent.TimeUnit.sleep(TimeUnit.java:386)
	at org.apache.ratis.util.TimeDuration.sleep(TimeDuration.java:324)
	at org.apache.ratis.util.TimeDuration.sleep(TimeDuration.java:309)
	at org.apache.ratis.server.impl.FollowerState.run(FollowerState.java:118)
2021-10-14 19:42:17,352 [33764f87-9c6a-47d4-8cea-d0f1d2ec7fe6@group-6FE54C72DDE9-LeaderElection15] INFO  impl.LeaderElection (LeaderElection.java:logAndReturn(89)) - 33764f87-9c6a-47d4-8cea-d0f1d2ec7fe6@group-6FE54C72DDE9-LeaderElection15: ELECTION PASSED received 1 response(s) and 0 exception(s):
2021-10-14 19:42:17,352 [grpc-default-executor-5] INFO  server.RaftServer$Division (RaftServerImpl.java:requestVote(1075)) - 587c4370-f397-42e1-8c47-82ec3f79bf3a@group-6FE54C72DDE9 replies to ELECTION vote request: 33764f87-9c6a-47d4-8cea-d0f1d2ec7fe6<-587c4370-f397-42e1-8c47-82ec3f79bf3a#0:OK-t2. Peer's state: 587c4370-f397-42e1-8c47-82ec3f79bf3a@group-6FE54C72DDE9:t2, leader=null, voted=33764f87-9c6a-47d4-8cea-d0f1d2ec7fe6, raftlog=587c4370-f397-42e1-8c47-82ec3f79bf3a@group-6FE54C72DDE9-SegmentedRaftLog:OPENED:c-1,f-1,i0, conf=-1: [0b6bda71-48c1-453f-8afc-63104cab6d5d|rpc:10.1.0.23:42925|priority:0, 33764f87-9c6a-47d4-8cea-d0f1d2ec7fe6|rpc:10.1.0.23:34363|priority:1, 587c4370-f397-42e1-8c47-82ec3f79bf3a|rpc:10.1.0.23:42273|priority:0], old=null
2021-10-14 19:42:17,353 [33764f87-9c6a-47d4-8cea-d0f1d2ec7fe6@group-6FE54C72DDE9-LeaderElection15] INFO  impl.LeaderElection (LeaderElection.java:logAndReturn(93)) -   Response 0: 33764f87-9c6a-47d4-8cea-d0f1d2ec7fe6<-0b6bda71-48c1-453f-8afc-63104cab6d5d#0:OK-t2
2021-10-14 19:42:17,353 [33764f87-9c6a-47d4-8cea-d0f1d2ec7fe6@group-6FE54C72DDE9-LeaderElection15] INFO  impl.LeaderElection (LeaderElection.java:askForVotes(308)) - 33764f87-9c6a-47d4-8cea-d0f1d2ec7fe6@group-6FE54C72DDE9-LeaderElection15 ELECTION round 0: result PASSED
2021-10-14 19:42:17,353 [33764f87-9c6a-47d4-8cea-d0f1d2ec7fe6@group-6FE54C72DDE9-LeaderElection15] INFO  impl.RoleInfo (RoleInfo.java:shutdownLeaderElection(121)) - 33764f87-9c6a-47d4-8cea-d0f1d2ec7fe6: shutdown 33764f87-9c6a-47d4-8cea-d0f1d2ec7fe6@group-6FE54C72DDE9-LeaderElection15
2021-10-14 19:42:17,353 [33764f87-9c6a-47d4-8cea-d0f1d2ec7fe6@group-6FE54C72DDE9-LeaderElection15] INFO  server.RaftServer$Division (RaftServerImpl.java:setRole(285)) - 33764f87-9c6a-47d4-8cea-d0f1d2ec7fe6@group-6FE54C72DDE9: changes role from CANDIDATE to LEADER at term 2 for changeToLeader
2021-10-14 19:42:17,353 [33764f87-9c6a-47d4-8cea-d0f1d2ec7fe6@group-6FE54C72DDE9-LeaderElection15] INFO  ratis.XceiverServerRatis (XceiverServerRatis.java:handleLeaderChangedNotification(866)) - Leader change notification received for group: group-6FE54C72DDE9 with new leaderId: 33764f87-9c6a-47d4-8cea-d0f1d2ec7fe6
2021-10-14 19:42:17,353 [33764f87-9c6a-47d4-8cea-d0f1d2ec7fe6@group-6FE54C72DDE9-LeaderElection15] INFO  server.RaftServer$Division (ServerState.java:setLeader(285)) - 33764f87-9c6a-47d4-8cea-d0f1d2ec7fe6@group-6FE54C72DDE9: change Leader from null to 33764f87-9c6a-47d4-8cea-d0f1d2ec7fe6 at term 2 for becomeLeader, leader elected after 10243ms
2021-10-14 19:42:17,353 [33764f87-9c6a-47d4-8cea-d0f1d2ec7fe6@group-6FE54C72DDE9-LeaderElection15] INFO  server.RaftServerConfigKeys (ConfUtils.java:logGet(44)) - raft.server.staging.catchup.gap = 1000 (default)
2021-10-14 19:42:17,354 [Datanode State Machine Thread - 0] WARN  statemachine.StateContext (StateContext.java:execute(621)) - No available thread in pool for past 1 seconds.
2021-10-14 19:42:17,356 [EventQueue-PipelineReportForPipelineReportHandler] INFO  pipeline.PipelineManagerImpl (PipelineManagerImpl.java:openPipeline(282)) - Pipeline Pipeline[ Id: 9d216525-7da3-4ddd-a19b-6fe54c72dde9, Nodes: 33764f87-9c6a-47d4-8cea-d0f1d2ec7fe6{ip: 10.1.0.23, host: fv-az184-831.3ow45vhwbzuu5incsxmygykede.cx.internal.cloudapp.net, ports: [REPLICATION=37377, RATIS=34363, RATIS_ADMIN=34363, RATIS_SERVER=34363, STANDALONE=33131], networkLocation: /default-rack, certSerialId: null, persistedOpState: IN_SERVICE, persistedOpStateExpiryEpochSec: 0}0b6bda71-48c1-453f-8afc-63104cab6d5d{ip: 10.1.0.23, host: fv-az184-831.3ow45vhwbzuu5incsxmygykede.cx.internal.cloudapp.net, ports: [REPLICATION=44643, RATIS=42925, RATIS_ADMIN=42925, RATIS_SERVER=42925, STANDALONE=36863], networkLocation: /default-rack, certSerialId: null, persistedOpState: IN_SERVICE, persistedOpStateExpiryEpochSec: 0}587c4370-f397-42e1-8c47-82ec3f79bf3a{ip: 10.1.0.23, host: fv-az184-831.3ow45vhwbzuu5incsxmygykede.cx.internal.cloudapp.net, ports: [REPLICATION=37675, RATIS=42273, RATIS_ADMIN=42273, RATIS_SERVER=42273, STANDALONE=40413], networkLocation: /default-rack, certSerialId: null, persistedOpState: IN_SERVICE, persistedOpStateExpiryEpochSec: 0}, ReplicationConfig: RATIS/THREE, State:ALLOCATED, leaderId:33764f87-9c6a-47d4-8cea-d0f1d2ec7fe6, CreationTimestamp2021-10-14T19:42:03.994Z[Etc/UTC]] moved to OPEN state
2021-10-14 19:42:17,354 [33764f87-9c6a-47d4-8cea-d0f1d2ec7fe6@group-6FE54C72DDE9-LeaderElection15] INFO  server.RaftServerConfigKeys (ConfUtils.java:logGet(44)) - raft.server.write.element-limit = 1024 (custom)
2021-10-14 19:42:17,359 [33764f87-9c6a-47d4-8cea-d0f1d2ec7fe6@group-6FE54C72DDE9-LeaderElection15] INFO  server.RaftServerConfigKeys (ConfUtils.java:logGet(44)) - raft.server.write.byte-limit = 1024 M (=1073741824) (custom)
2021-10-14 19:42:17,360 [33764f87-9c6a-47d4-8cea-d0f1d2ec7fe6@group-6FE54C72DDE9-LeaderElection15] INFO  server.RaftServerConfigKeys (ConfUtils.java:logGet(44)) - raft.server.watch.timeout = 3000ms (custom)
2021-10-14 19:42:17,360 [33764f87-9c6a-47d4-8cea-d0f1d2ec7fe6@group-6FE54C72DDE9-LeaderElection15] INFO  server.RaftServerConfigKeys (ConfUtils.java:logGet(44)) - raft.server.watch.timeout.denomination = 1s (default)
2021-10-14 19:42:17,360 [33764f87-9c6a-47d4-8cea-d0f1d2ec7fe6@group-6FE54C72DDE9-LeaderElection15] INFO  server.RaftServerConfigKeys (ConfUtils.java:logGet(44)) - raft.server.watch.element-limit = 65536 (default)
2021-10-14 19:42:17,360 [33764f87-9c6a-47d4-8cea-d0f1d2ec7fe6@group-6FE54C72DDE9-LeaderElection15] INFO  server.RaftServerConfigKeys (ConfUtils.java:logGet(44)) - raft.server.log.appender.snapshot.chunk.size.max = 16MB (=16777216) (default)
2021-10-14 19:42:17,360 [33764f87-9c6a-47d4-8cea-d0f1d2ec7fe6@group-6FE54C72DDE9-LeaderElection15] INFO  server.RaftServerConfigKeys (ConfUtils.java:logGet(44)) - raft.server.log.appender.buffer.byte-limit = 33554432 (custom)
2021-10-14 19:42:17,360 [33764f87-9c6a-47d4-8cea-d0f1d2ec7fe6@group-6FE54C72DDE9-LeaderElection15] INFO  server.RaftServerConfigKeys (ConfUtils.java:logGet(44)) - raft.server.log.appender.buffer.element-limit = 1 (custom)
2021-10-14 19:42:17,361 [33764f87-9c6a-47d4-8cea-d0f1d2ec7fe6@group-6FE54C72DDE9-LeaderElection15] INFO  grpc.GrpcConfigKeys (ConfUtils.java:logGet(44)) - raft.grpc.server.leader.outstanding.appends.max = 128 (default)
2021-10-14 19:42:17,361 [33764f87-9c6a-47d4-8cea-d0f1d2ec7fe6@group-6FE54C72DDE9-LeaderElection15] INFO  server.RaftServerConfigKeys (ConfUtils.java:logGet(44)) - raft.server.rpc.request.timeout = 3000ms (default)
2021-10-14 19:42:17,361 [33764f87-9c6a-47d4-8cea-d0f1d2ec7fe6@group-6FE54C72DDE9-LeaderElection15] INFO  server.RaftServerConfigKeys (ConfUtils.java:logGet(44)) - raft.server.log.appender.install.snapshot.enabled = false (custom)
2021-10-14 19:42:17,362 [33764f87-9c6a-47d4-8cea-d0f1d2ec7fe6@group-6FE54C72DDE9-LeaderElection15] INFO  server.RaftServerConfigKeys (ConfUtils.java:logGet(44)) - raft.server.log.appender.snapshot.chunk.size.max = 16MB (=16777216) (default)
2021-10-14 19:42:17,362 [33764f87-9c6a-47d4-8cea-d0f1d2ec7fe6@group-6FE54C72DDE9-LeaderElection15] INFO  server.RaftServerConfigKeys (ConfUtils.java:logGet(44)) - raft.server.log.appender.buffer.byte-limit = 33554432 (custom)
2021-10-14 19:42:17,362 [33764f87-9c6a-47d4-8cea-d0f1d2ec7fe6@group-6FE54C72DDE9-LeaderElection15] INFO  server.RaftServerConfigKeys (ConfUtils.java:logGet(44)) - raft.server.log.appender.buffer.element-limit = 1 (custom)
2021-10-14 19:42:17,362 [33764f87-9c6a-47d4-8cea-d0f1d2ec7fe6@group-6FE54C72DDE9-LeaderElection15] INFO  grpc.GrpcConfigKeys (ConfUtils.java:logGet(44)) - raft.grpc.server.leader.outstanding.appends.max = 128 (default)
2021-10-14 19:42:17,363 [33764f87-9c6a-47d4-8cea-d0f1d2ec7fe6@group-6FE54C72DDE9-LeaderElection15] INFO  server.RaftServerConfigKeys (ConfUtils.java:logGet(44)) - raft.server.rpc.request.timeout = 3000ms (default)
2021-10-14 19:42:17,363 [33764f87-9c6a-47d4-8cea-d0f1d2ec7fe6@group-6FE54C72DDE9-LeaderElection15] INFO  server.RaftServerConfigKeys (ConfUtils.java:logGet(44)) - raft.server.log.appender.install.snapshot.enabled = false (custom)
2021-10-14 19:42:17,363 [33764f87-9c6a-47d4-8cea-d0f1d2ec7fe6@group-6FE54C72DDE9-LeaderElection15] INFO  impl.RoleInfo (RoleInfo.java:updateAndGet(130)) - 33764f87-9c6a-47d4-8cea-d0f1d2ec7fe6: start 33764f87-9c6a-47d4-8cea-d0f1d2ec7fe6@group-6FE54C72DDE9-LeaderStateImpl
2021-10-14 19:42:17,364 [33764f87-9c6a-47d4-8cea-d0f1d2ec7fe6@group-6FE54C72DDE9-LeaderElection15] INFO  segmented.SegmentedRaftLogWorker (SegmentedRaftLogWorker.java:startLogSegment(394)) - 33764f87-9c6a-47d4-8cea-d0f1d2ec7fe6@group-6FE54C72DDE9-SegmentedRaftLogWorker: Starting segment from index:0
2021-10-14 19:42:17,365 [33764f87-9c6a-47d4-8cea-d0f1d2ec7fe6@group-6FE54C72DDE9-SegmentedRaftLogWorker] INFO  segmented.SegmentedRaftLogWorker (SegmentedRaftLogWorker.java:execute(601)) - 33764f87-9c6a-47d4-8cea-d0f1d2ec7fe6@group-6FE54C72DDE9-SegmentedRaftLogWorker: created new log segment /home/runner/work/ozone/ozone/hadoop-ozone/integration-test/target/test-dir/MiniOzoneClusterImpl-0ea35d3c-98b9-4918-895e-fcd9be0efca6/datanode-1/data/ratis/9d216525-7da3-4ddd-a19b-6fe54c72dde9/current/log_inprogress_0
2021-10-14 19:42:17,377 [grpc-default-executor-1] INFO  ratis.XceiverServerRatis (XceiverServerRatis.java:handleLeaderChangedNotification(866)) - Leader change notification received for group: group-6FE54C72DDE9 with new leaderId: 33764f87-9c6a-47d4-8cea-d0f1d2ec7fe6
2021-10-14 19:42:17,377 [grpc-default-executor-1] INFO  server.RaftServer$Division (ServerState.java:setLeader(285)) - 0b6bda71-48c1-453f-8afc-63104cab6d5d@group-6FE54C72DDE9: change Leader from null to 33764f87-9c6a-47d4-8cea-d0f1d2ec7fe6 at term 2 for appendEntries, leader elected after 10313ms
2021-10-14 19:42:17,379 [grpc-default-executor-0] INFO  ratis.XceiverServerRatis (XceiverServerRatis.java:handleLeaderChangedNotification(866)) - Leader change notification received for group: group-6FE54C72DDE9 with new leaderId: 33764f87-9c6a-47d4-8cea-d0f1d2ec7fe6
2021-10-14 19:42:17,380 [grpc-default-executor-0] INFO  server.RaftServer$Division (ServerState.java:setLeader(285)) - 587c4370-f397-42e1-8c47-82ec3f79bf3a@group-6FE54C72DDE9: change Leader from null to 33764f87-9c6a-47d4-8cea-d0f1d2ec7fe6 at term 2 for appendEntries, leader elected after 10219ms
2021-10-14 19:42:17,386 [33764f87-9c6a-47d4-8cea-d0f1d2ec7fe6@group-6FE54C72DDE9-LeaderElection15] INFO  server.RaftServer$Division (ServerState.java:setRaftConf(387)) - 33764f87-9c6a-47d4-8cea-d0f1d2ec7fe6@group-6FE54C72DDE9: set configuration 0: [0b6bda71-48c1-453f-8afc-63104cab6d5d|rpc:10.1.0.23:42925|dataStream:|priority:0, 33764f87-9c6a-47d4-8cea-d0f1d2ec7fe6|rpc:10.1.0.23:34363|dataStream:|priority:1, 587c4370-f397-42e1-8c47-82ec3f79bf3a|rpc:10.1.0.23:42273|dataStream:|priority:0], old=null
2021-10-14 19:42:17,386 [grpc-default-executor-1] INFO  server.RaftServer$Division (ServerState.java:setRaftConf(387)) - 0b6bda71-48c1-453f-8afc-63104cab6d5d@group-6FE54C72DDE9: set configuration 0: [0b6bda71-48c1-453f-8afc-63104cab6d5d|rpc:10.1.0.23:42925|dataStream:|priority:0, 33764f87-9c6a-47d4-8cea-d0f1d2ec7fe6|rpc:10.1.0.23:34363|dataStream:|priority:1, 587c4370-f397-42e1-8c47-82ec3f79bf3a|rpc:10.1.0.23:42273|dataStream:|priority:0], old=null
2021-10-14 19:42:17,394 [grpc-default-executor-1] INFO  segmented.SegmentedRaftLogWorker (SegmentedRaftLogWorker.java:startLogSegment(394)) - 0b6bda71-48c1-453f-8afc-63104cab6d5d@group-6FE54C72DDE9-SegmentedRaftLogWorker: Starting segment from index:0
2021-10-14 19:42:17,395 [grpc-default-executor-0] INFO  server.RaftServer$Division (ServerState.java:setRaftConf(387)) - 587c4370-f397-42e1-8c47-82ec3f79bf3a@group-6FE54C72DDE9: set configuration 0: [0b6bda71-48c1-453f-8afc-63104cab6d5d|rpc:10.1.0.23:42925|dataStream:|priority:0, 33764f87-9c6a-47d4-8cea-d0f1d2ec7fe6|rpc:10.1.0.23:34363|dataStream:|priority:1, 587c4370-f397-42e1-8c47-82ec3f79bf3a|rpc:10.1.0.23:42273|dataStream:|priority:0], old=null
2021-10-14 19:42:17,395 [grpc-default-executor-0] INFO  segmented.SegmentedRaftLogWorker (SegmentedRaftLogWorker.java:startLogSegment(394)) - 587c4370-f397-42e1-8c47-82ec3f79bf3a@group-6FE54C72DDE9-SegmentedRaftLogWorker: Starting segment from index:0
2021-10-14 19:42:17,398 [587c4370-f397-42e1-8c47-82ec3f79bf3a@group-6FE54C72DDE9-SegmentedRaftLogWorker] INFO  segmented.SegmentedRaftLogWorker (SegmentedRaftLogWorker.java:execute(601)) - 587c4370-f397-42e1-8c47-82ec3f79bf3a@group-6FE54C72DDE9-SegmentedRaftLogWorker: created new log segment /home/runner/work/ozone/ozone/hadoop-ozone/integration-test/target/test-dir/MiniOzoneClusterImpl-0ea35d3c-98b9-4918-895e-fcd9be0efca6/datanode-0/data/ratis/9d216525-7da3-4ddd-a19b-6fe54c72dde9/current/log_inprogress_0
2021-10-14 19:42:17,399 [0b6bda71-48c1-453f-8afc-63104cab6d5d@group-6FE54C72DDE9-SegmentedRaftLogWorker] INFO  segmented.SegmentedRaftLogWorker (SegmentedRaftLogWorker.java:execute(601)) - 0b6bda71-48c1-453f-8afc-63104cab6d5d@group-6FE54C72DDE9-SegmentedRaftLogWorker: created new log segment /home/runner/work/ozone/ozone/hadoop-ozone/integration-test/target/test-dir/MiniOzoneClusterImpl-0ea35d3c-98b9-4918-895e-fcd9be0efca6/datanode-2/data/ratis/9d216525-7da3-4ddd-a19b-6fe54c72dde9/current/log_inprogress_0
2021-10-14 19:42:17,722 [84cf0c76-78e0-494d-aa1f-4383c35cad34@group-5A12C23A624B-FollowerState] INFO  impl.FollowerState (FollowerState.java:run(134)) - 84cf0c76-78e0-494d-aa1f-4383c35cad34@group-5A12C23A624B-FollowerState: change to CANDIDATE, lastRpcElapsedTime:5137300209ns, electionTimeout:5125ms
2021-10-14 19:42:17,723 [84cf0c76-78e0-494d-aa1f-4383c35cad34@group-5A12C23A624B-FollowerState] INFO  impl.RoleInfo (RoleInfo.java:shutdownFollowerState(108)) - 84cf0c76-78e0-494d-aa1f-4383c35cad34: shutdown 84cf0c76-78e0-494d-aa1f-4383c35cad34@group-5A12C23A624B-FollowerState
2021-10-14 19:42:17,723 [84cf0c76-78e0-494d-aa1f-4383c35cad34@group-5A12C23A624B-FollowerState] INFO  server.RaftServer$Division (RaftServerImpl.java:setRole(285)) - 84cf0c76-78e0-494d-aa1f-4383c35cad34@group-5A12C23A624B: changes role from  FOLLOWER to CANDIDATE at term 1 for changeToCandidate
2021-10-14 19:42:17,723 [84cf0c76-78e0-494d-aa1f-4383c35cad34@group-5A12C23A624B-FollowerState] INFO  server.RaftServerConfigKeys (ConfUtils.java:logGet(44)) - raft.server.leaderelection.pre-vote = false (custom)
2021-10-14 19:42:17,723 [84cf0c76-78e0-494d-aa1f-4383c35cad34@group-5A12C23A624B-FollowerState] INFO  impl.RoleInfo (RoleInfo.java:updateAndGet(130)) - 84cf0c76-78e0-494d-aa1f-4383c35cad34: start 84cf0c76-78e0-494d-aa1f-4383c35cad34@group-5A12C23A624B-LeaderElection16
2021-10-14 19:42:17,725 [84cf0c76-78e0-494d-aa1f-4383c35cad34@group-5A12C23A624B-LeaderElection16] INFO  impl.LeaderElection (LeaderElection.java:askForVotes(306)) - 84cf0c76-78e0-494d-aa1f-4383c35cad34@group-5A12C23A624B-LeaderElection16 ELECTION round 0: submit vote requests at term 2 for -1: [84cf0c76-78e0-494d-aa1f-4383c35cad34|rpc:10.1.0.23:32881|priority:0, f5ce720c-5ead-4d76-b65c-e0941e033263|rpc:10.1.0.23:35407|priority:0, 5cef7d35-5853-4402-b8fc-0c0efab03ad9|rpc:10.1.0.23:45557|priority:1], old=null
2021-10-14 19:42:17,730 [grpc-default-executor-0] INFO  server.RaftServer$Division (RaftServerImpl.java:requestVote(1043)) - f5ce720c-5ead-4d76-b65c-e0941e033263@group-5A12C23A624B: receive requestVote(ELECTION, 84cf0c76-78e0-494d-aa1f-4383c35cad34, group-5A12C23A624B, 2, (t:0, i:0))
2021-10-14 19:42:17,730 [grpc-default-executor-0] INFO  impl.VoteContext (VoteContext.java:log(48)) - f5ce720c-5ead-4d76-b65c-e0941e033263@group-5A12C23A624B-FOLLOWER: accept ELECTION from 84cf0c76-78e0-494d-aa1f-4383c35cad34: our priority 0 <= candidate's priority 0
2021-10-14 19:42:17,730 [grpc-default-executor-0] INFO  server.RaftServer$Division (RaftServerImpl.java:setRole(285)) - f5ce720c-5ead-4d76-b65c-e0941e033263@group-5A12C23A624B: changes role from  FOLLOWER to FOLLOWER at term 2 for candidate:84cf0c76-78e0-494d-aa1f-4383c35cad34
2021-10-14 19:42:17,731 [grpc-default-executor-0] INFO  impl.RoleInfo (RoleInfo.java:shutdownFollowerState(108)) - f5ce720c-5ead-4d76-b65c-e0941e033263: shutdown f5ce720c-5ead-4d76-b65c-e0941e033263@group-5A12C23A624B-FollowerState
2021-10-14 19:42:17,731 [grpc-default-executor-0] INFO  impl.RoleInfo (RoleInfo.java:updateAndGet(130)) - f5ce720c-5ead-4d76-b65c-e0941e033263: start f5ce720c-5ead-4d76-b65c-e0941e033263@group-5A12C23A624B-FollowerState
2021-10-14 19:42:17,731 [grpc-default-executor-5] INFO  server.RaftServer$Division (RaftServerImpl.java:requestVote(1043)) - 5cef7d35-5853-4402-b8fc-0c0efab03ad9@group-5A12C23A624B: receive requestVote(ELECTION, 84cf0c76-78e0-494d-aa1f-4383c35cad34, group-5A12C23A624B, 2, (t:0, i:0))
2021-10-14 19:42:17,731 [grpc-default-executor-5] INFO  impl.VoteContext (VoteContext.java:log(48)) - 5cef7d35-5853-4402-b8fc-0c0efab03ad9@group-5A12C23A624B-FOLLOWER: reject ELECTION from 84cf0c76-78e0-494d-aa1f-4383c35cad34: our priority 1 > candidate's priority 0
2021-10-14 19:42:17,731 [grpc-default-executor-5] INFO  server.RaftServer$Division (RaftServerImpl.java:setRole(285)) - 5cef7d35-5853-4402-b8fc-0c0efab03ad9@group-5A12C23A624B: changes role from  FOLLOWER to FOLLOWER at term 2 for candidate:84cf0c76-78e0-494d-aa1f-4383c35cad34
2021-10-14 19:42:17,731 [grpc-default-executor-5] INFO  impl.RoleInfo (RoleInfo.java:shutdownFollowerState(108)) - 5cef7d35-5853-4402-b8fc-0c0efab03ad9: shutdown 5cef7d35-5853-4402-b8fc-0c0efab03ad9@group-5A12C23A624B-FollowerState
2021-10-14 19:42:17,731 [f5ce720c-5ead-4d76-b65c-e0941e033263@group-5A12C23A624B-FollowerState] INFO  impl.FollowerState (FollowerState.java:run(143)) - f5ce720c-5ead-4d76-b65c-e0941e033263@group-5A12C23A624B-FollowerState was interrupted: {}
java.lang.InterruptedException: sleep interrupted
	at java.lang.Thread.sleep(Native Method)
	at java.lang.Thread.sleep(Thread.java:340)
	at java.util.concurrent.TimeUnit.sleep(TimeUnit.java:386)
	at org.apache.ratis.util.TimeDuration.sleep(TimeDuration.java:324)
	at org.apache.ratis.util.TimeDuration.sleep(TimeDuration.java:309)
	at org.apache.ratis.server.impl.FollowerState.run(FollowerState.java:118)
2021-10-14 19:42:17,732 [grpc-default-executor-5] INFO  impl.RoleInfo (RoleInfo.java:updateAndGet(130)) - 5cef7d35-5853-4402-b8fc-0c0efab03ad9: start 5cef7d35-5853-4402-b8fc-0c0efab03ad9@group-5A12C23A624B-FollowerState
2021-10-14 19:42:17,732 [5cef7d35-5853-4402-b8fc-0c0efab03ad9@group-5A12C23A624B-FollowerState] INFO  impl.FollowerState (FollowerState.java:run(143)) - 5cef7d35-5853-4402-b8fc-0c0efab03ad9@group-5A12C23A624B-FollowerState was interrupted: {}
java.lang.InterruptedException: sleep interrupted
	at java.lang.Thread.sleep(Native Method)
	at java.lang.Thread.sleep(Thread.java:340)
	at java.util.concurrent.TimeUnit.sleep(TimeUnit.java:386)
	at org.apache.ratis.util.TimeDuration.sleep(TimeDuration.java:324)
	at org.apache.ratis.util.TimeDuration.sleep(TimeDuration.java:309)
	at org.apache.ratis.server.impl.FollowerState.run(FollowerState.java:118)
2021-10-14 19:42:17,734 [grpc-default-executor-0] INFO  server.RaftServer$Division (RaftServerImpl.java:requestVote(1075)) - f5ce720c-5ead-4d76-b65c-e0941e033263@group-5A12C23A624B replies to ELECTION vote request: 84cf0c76-78e0-494d-aa1f-4383c35cad34<-f5ce720c-5ead-4d76-b65c-e0941e033263#0:OK-t2. Peer's state: f5ce720c-5ead-4d76-b65c-e0941e033263@group-5A12C23A624B:t2, leader=null, voted=84cf0c76-78e0-494d-aa1f-4383c35cad34, raftlog=f5ce720c-5ead-4d76-b65c-e0941e033263@group-5A12C23A624B-SegmentedRaftLog:OPENED:c-1,f-1,i0, conf=-1: [84cf0c76-78e0-494d-aa1f-4383c35cad34|rpc:10.1.0.23:32881|dataStream:|priority:0, f5ce720c-5ead-4d76-b65c-e0941e033263|rpc:10.1.0.23:35407|dataStream:|priority:0, 5cef7d35-5853-4402-b8fc-0c0efab03ad9|rpc:10.1.0.23:45557|dataStream:|priority:1], old=null
2021-10-14 19:42:17,734 [grpc-default-executor-5] INFO  server.RaftServer$Division (RaftServerImpl.java:requestVote(1075)) - 5cef7d35-5853-4402-b8fc-0c0efab03ad9@group-5A12C23A624B replies to ELECTION vote request: 84cf0c76-78e0-494d-aa1f-4383c35cad34<-5cef7d35-5853-4402-b8fc-0c0efab03ad9#0:FAIL-t2. Peer's state: 5cef7d35-5853-4402-b8fc-0c0efab03ad9@group-5A12C23A624B:t2, leader=null, voted=null, raftlog=5cef7d35-5853-4402-b8fc-0c0efab03ad9@group-5A12C23A624B-SegmentedRaftLog:OPENED:c-1,f-1,i0, conf=-1: [84cf0c76-78e0-494d-aa1f-4383c35cad34|rpc:10.1.0.23:32881|dataStream:|priority:0, f5ce720c-5ead-4d76-b65c-e0941e033263|rpc:10.1.0.23:35407|dataStream:|priority:0, 5cef7d35-5853-4402-b8fc-0c0efab03ad9|rpc:10.1.0.23:45557|dataStream:|priority:1], old=null
2021-10-14 19:42:17,736 [84cf0c76-78e0-494d-aa1f-4383c35cad34@group-5A12C23A624B-LeaderElection16] INFO  impl.LeaderElection (LeaderElection.java:logAndReturn(89)) - 84cf0c76-78e0-494d-aa1f-4383c35cad34@group-5A12C23A624B-LeaderElection16: ELECTION REJECTED received 1 response(s) and 0 exception(s):
2021-10-14 19:42:17,736 [84cf0c76-78e0-494d-aa1f-4383c35cad34@group-5A12C23A624B-LeaderElection16] INFO  impl.LeaderElection (LeaderElection.java:logAndReturn(93)) -   Response 0: 84cf0c76-78e0-494d-aa1f-4383c35cad34<-5cef7d35-5853-4402-b8fc-0c0efab03ad9#0:FAIL-t2
2021-10-14 19:42:17,736 [84cf0c76-78e0-494d-aa1f-4383c35cad34@group-5A12C23A624B-LeaderElection16] INFO  impl.LeaderElection (LeaderElection.java:askForVotes(308)) - 84cf0c76-78e0-494d-aa1f-4383c35cad34@group-5A12C23A624B-LeaderElection16 ELECTION round 0: result REJECTED
2021-10-14 19:42:17,736 [84cf0c76-78e0-494d-aa1f-4383c35cad34@group-5A12C23A624B-LeaderElection16] INFO  server.RaftServer$Division (RaftServerImpl.java:setRole(285)) - 84cf0c76-78e0-494d-aa1f-4383c35cad34@group-5A12C23A624B: changes role from CANDIDATE to FOLLOWER at term 2 for REJECTED
2021-10-14 19:42:17,736 [84cf0c76-78e0-494d-aa1f-4383c35cad34@group-5A12C23A624B-LeaderElection16] INFO  impl.RoleInfo (RoleInfo.java:shutdownLeaderElection(121)) - 84cf0c76-78e0-494d-aa1f-4383c35cad34: shutdown 84cf0c76-78e0-494d-aa1f-4383c35cad34@group-5A12C23A624B-LeaderElection16
2021-10-14 19:42:17,736 [84cf0c76-78e0-494d-aa1f-4383c35cad34@group-5A12C23A624B-LeaderElection16] INFO  impl.RoleInfo (RoleInfo.java:updateAndGet(130)) - 84cf0c76-78e0-494d-aa1f-4383c35cad34: start 84cf0c76-78e0-494d-aa1f-4383c35cad34@group-5A12C23A624B-FollowerState
2021-10-14 19:42:17,792 [84cf0c76-78e0-494d-aa1f-4383c35cad34@group-D1ADC348C817-FollowerState] INFO  impl.FollowerState (FollowerState.java:run(134)) - 84cf0c76-78e0-494d-aa1f-4383c35cad34@group-D1ADC348C817-FollowerState: change to CANDIDATE, lastRpcElapsedTime:5124383515ns, electionTimeout:5120ms
2021-10-14 19:42:17,793 [84cf0c76-78e0-494d-aa1f-4383c35cad34@group-D1ADC348C817-FollowerState] INFO  impl.RoleInfo (RoleInfo.java:shutdownFollowerState(108)) - 84cf0c76-78e0-494d-aa1f-4383c35cad34: shutdown 84cf0c76-78e0-494d-aa1f-4383c35cad34@group-D1ADC348C817-FollowerState
2021-10-14 19:42:17,794 [84cf0c76-78e0-494d-aa1f-4383c35cad34@group-D1ADC348C817-FollowerState] INFO  server.RaftServer$Division (RaftServerImpl.java:setRole(285)) - 84cf0c76-78e0-494d-aa1f-4383c35cad34@group-D1ADC348C817: changes role from  FOLLOWER to CANDIDATE at term 2 for changeToCandidate
2021-10-14 19:42:17,794 [84cf0c76-78e0-494d-aa1f-4383c35cad34@group-D1ADC348C817-FollowerState] INFO  server.RaftServerConfigKeys (ConfUtils.java:logGet(44)) - raft.server.leaderelection.pre-vote = false (custom)
2021-10-14 19:42:17,794 [84cf0c76-78e0-494d-aa1f-4383c35cad34@group-D1ADC348C817-FollowerState] INFO  impl.RoleInfo (RoleInfo.java:updateAndGet(130)) - 84cf0c76-78e0-494d-aa1f-4383c35cad34: start 84cf0c76-78e0-494d-aa1f-4383c35cad34@group-D1ADC348C817-LeaderElection17
2021-10-14 19:42:17,796 [84cf0c76-78e0-494d-aa1f-4383c35cad34@group-D1ADC348C817-LeaderElection17] INFO  impl.LeaderElection (LeaderElection.java:askForVotes(306)) - 84cf0c76-78e0-494d-aa1f-4383c35cad34@group-D1ADC348C817-LeaderElection17 ELECTION round 0: submit vote requests at term 3 for 0: [84cf0c76-78e0-494d-aa1f-4383c35cad34|rpc:10.1.0.23:32881|dataStream:|priority:1, f5ce720c-5ead-4d76-b65c-e0941e033263|rpc:10.1.0.23:35407|dataStream:|priority:0, 5cef7d35-5853-4402-b8fc-0c0efab03ad9|rpc:10.1.0.23:45557|dataStream:|priority:0], old=null
2021-10-14 19:42:17,800 [grpc-default-executor-5] INFO  server.RaftServer$Division (RaftServerImpl.java:requestVote(1043)) - 5cef7d35-5853-4402-b8fc-0c0efab03ad9@group-D1ADC348C817: receive requestVote(ELECTION, 84cf0c76-78e0-494d-aa1f-4383c35cad34, group-D1ADC348C817, 3, (t:1, i:0))
2021-10-14 19:42:17,800 [grpc-default-executor-0] INFO  server.RaftServer$Division (RaftServerImpl.java:requestVote(1043)) - f5ce720c-5ead-4d76-b65c-e0941e033263@group-D1ADC348C817: receive requestVote(ELECTION, 84cf0c76-78e0-494d-aa1f-4383c35cad34, group-D1ADC348C817, 3, (t:1, i:0))
2021-10-14 19:42:17,803 [grpc-default-executor-5] INFO  impl.VoteContext (VoteContext.java:log(48)) - 5cef7d35-5853-4402-b8fc-0c0efab03ad9@group-D1ADC348C817-FOLLOWER: accept ELECTION from 84cf0c76-78e0-494d-aa1f-4383c35cad34: our last entry null < candidate's last entry (t:1, i:0)
2021-10-14 19:42:17,803 [grpc-default-executor-0] INFO  impl.VoteContext (VoteContext.java:log(48)) - f5ce720c-5ead-4d76-b65c-e0941e033263@group-D1ADC348C817-FOLLOWER: accept ELECTION from 84cf0c76-78e0-494d-aa1f-4383c35cad34: our last entry null < candidate's last entry (t:1, i:0)
2021-10-14 19:42:17,803 [grpc-default-executor-0] INFO  server.RaftServer$Division (RaftServerImpl.java:setRole(285)) - f5ce720c-5ead-4d76-b65c-e0941e033263@group-D1ADC348C817: changes role from  FOLLOWER to FOLLOWER at term 3 for candidate:84cf0c76-78e0-494d-aa1f-4383c35cad34
2021-10-14 19:42:17,803 [grpc-default-executor-0] INFO  impl.RoleInfo (RoleInfo.java:shutdownFollowerState(108)) - f5ce720c-5ead-4d76-b65c-e0941e033263: shutdown f5ce720c-5ead-4d76-b65c-e0941e033263@group-D1ADC348C817-FollowerState
2021-10-14 19:42:17,804 [grpc-default-executor-0] INFO  impl.RoleInfo (RoleInfo.java:updateAndGet(130)) - f5ce720c-5ead-4d76-b65c-e0941e033263: start f5ce720c-5ead-4d76-b65c-e0941e033263@group-D1ADC348C817-FollowerState
2021-10-14 19:42:17,803 [grpc-default-executor-5] INFO  server.RaftServer$Division (RaftServerImpl.java:setRole(285)) - 5cef7d35-5853-4402-b8fc-0c0efab03ad9@group-D1ADC348C817: changes role from  FOLLOWER to FOLLOWER at term 3 for candidate:84cf0c76-78e0-494d-aa1f-4383c35cad34
2021-10-14 19:42:17,804 [grpc-default-executor-5] INFO  impl.RoleInfo (RoleInfo.java:shutdownFollowerState(108)) - 5cef7d35-5853-4402-b8fc-0c0efab03ad9: shutdown 5cef7d35-5853-4402-b8fc-0c0efab03ad9@group-D1ADC348C817-FollowerState
2021-10-14 19:42:17,804 [f5ce720c-5ead-4d76-b65c-e0941e033263@group-D1ADC348C817-FollowerState] INFO  impl.FollowerState (FollowerState.java:run(143)) - f5ce720c-5ead-4d76-b65c-e0941e033263@group-D1ADC348C817-FollowerState was interrupted: {}
java.lang.InterruptedException: sleep interrupted
	at java.lang.Thread.sleep(Native Method)
	at java.lang.Thread.sleep(Thread.java:340)
	at java.util.concurrent.TimeUnit.sleep(TimeUnit.java:386)
	at org.apache.ratis.util.TimeDuration.sleep(TimeDuration.java:324)
	at org.apache.ratis.util.TimeDuration.sleep(TimeDuration.java:309)
	at org.apache.ratis.server.impl.FollowerState.run(FollowerState.java:118)
2021-10-14 19:42:17,808 [grpc-default-executor-5] INFO  impl.RoleInfo (RoleInfo.java:updateAndGet(130)) - 5cef7d35-5853-4402-b8fc-0c0efab03ad9: start 5cef7d35-5853-4402-b8fc-0c0efab03ad9@group-D1ADC348C817-FollowerState
2021-10-14 19:42:17,810 [grpc-default-executor-0] INFO  server.RaftServer$Division (RaftServerImpl.java:requestVote(1075)) - f5ce720c-5ead-4d76-b65c-e0941e033263@group-D1ADC348C817 replies to ELECTION vote request: 84cf0c76-78e0-494d-aa1f-4383c35cad34<-f5ce720c-5ead-4d76-b65c-e0941e033263#0:OK-t3. Peer's state: f5ce720c-5ead-4d76-b65c-e0941e033263@group-D1ADC348C817:t3, leader=null, voted=84cf0c76-78e0-494d-aa1f-4383c35cad34, raftlog=f5ce720c-5ead-4d76-b65c-e0941e033263@group-D1ADC348C817-SegmentedRaftLog:OPENED:c-1,f-1,i0, conf=-1: [84cf0c76-78e0-494d-aa1f-4383c35cad34|rpc:10.1.0.23:32881|priority:1, f5ce720c-5ead-4d76-b65c-e0941e033263|rpc:10.1.0.23:35407|priority:0, 5cef7d35-5853-4402-b8fc-0c0efab03ad9|rpc:10.1.0.23:45557|priority:0], old=null
2021-10-14 19:42:17,811 [grpc-default-executor-5] INFO  server.RaftServer$Division (RaftServerImpl.java:requestVote(1075)) - 5cef7d35-5853-4402-b8fc-0c0efab03ad9@group-D1ADC348C817 replies to ELECTION vote request: 84cf0c76-78e0-494d-aa1f-4383c35cad34<-5cef7d35-5853-4402-b8fc-0c0efab03ad9#0:OK-t3. Peer's state: 5cef7d35-5853-4402-b8fc-0c0efab03ad9@group-D1ADC348C817:t3, leader=null, voted=84cf0c76-78e0-494d-aa1f-4383c35cad34, raftlog=5cef7d35-5853-4402-b8fc-0c0efab03ad9@group-D1ADC348C817-SegmentedRaftLog:OPENED:c-1,f-1,i0, conf=-1: [84cf0c76-78e0-494d-aa1f-4383c35cad34|rpc:10.1.0.23:32881|dataStream:|priority:1, f5ce720c-5ead-4d76-b65c-e0941e033263|rpc:10.1.0.23:35407|dataStream:|priority:0, 5cef7d35-5853-4402-b8fc-0c0efab03ad9|rpc:10.1.0.23:45557|dataStream:|priority:0], old=null
2021-10-14 19:42:17,812 [84cf0c76-78e0-494d-aa1f-4383c35cad34@group-D1ADC348C817-LeaderElection17] INFO  impl.LeaderElection (LeaderElection.java:logAndReturn(89)) - 84cf0c76-78e0-494d-aa1f-4383c35cad34@group-D1ADC348C817-LeaderElection17: ELECTION PASSED received 1 response(s) and 0 exception(s):
2021-10-14 19:42:17,813 [5cef7d35-5853-4402-b8fc-0c0efab03ad9@group-D1ADC348C817-FollowerState] INFO  impl.FollowerState (FollowerState.java:run(134)) - 5cef7d35-5853-4402-b8fc-0c0efab03ad9@group-D1ADC348C817-FollowerState: change to CANDIDATE, lastRpcElapsedTime:5144026656ns, electionTimeout:5130ms
2021-10-14 19:42:17,819 [5cef7d35-5853-4402-b8fc-0c0efab03ad9@group-D1ADC348C817-FollowerState] INFO  impl.RoleInfo (RoleInfo.java:shutdownFollowerState(108)) - 5cef7d35-5853-4402-b8fc-0c0efab03ad9: shutdown 5cef7d35-5853-4402-b8fc-0c0efab03ad9@group-D1ADC348C817-FollowerState
2021-10-14 19:42:17,819 [5cef7d35-5853-4402-b8fc-0c0efab03ad9@group-D1ADC348C817-FollowerState] INFO  server.RaftServer$Division (RaftServerImpl.java:setRole(285)) - 5cef7d35-5853-4402-b8fc-0c0efab03ad9@group-D1ADC348C817: changes role from  FOLLOWER to CANDIDATE at term 3 for changeToCandidate
2021-10-14 19:42:17,819 [5cef7d35-5853-4402-b8fc-0c0efab03ad9@group-D1ADC348C817-FollowerState] INFO  server.RaftServerConfigKeys (ConfUtils.java:logGet(44)) - raft.server.leaderelection.pre-vote = false (custom)
2021-10-14 19:42:17,819 [5cef7d35-5853-4402-b8fc-0c0efab03ad9@group-D1ADC348C817-FollowerState] INFO  impl.RoleInfo (RoleInfo.java:updateAndGet(130)) - 5cef7d35-5853-4402-b8fc-0c0efab03ad9: start 5cef7d35-5853-4402-b8fc-0c0efab03ad9@group-D1ADC348C817-LeaderElection18
2021-10-14 19:42:17,819 [84cf0c76-78e0-494d-aa1f-4383c35cad34@group-D1ADC348C817-LeaderElection17] INFO  impl.LeaderElection (LeaderElection.java:logAndReturn(93)) -   Response 0: 84cf0c76-78e0-494d-aa1f-4383c35cad34<-5cef7d35-5853-4402-b8fc-0c0efab03ad9#0:OK-t3
2021-10-14 19:42:17,819 [5cef7d35-5853-4402-b8fc-0c0efab03ad9@group-D1ADC348C817-FollowerState] INFO  impl.FollowerState (FollowerState.java:run(143)) - 5cef7d35-5853-4402-b8fc-0c0efab03ad9@group-D1ADC348C817-FollowerState was interrupted: {}
java.lang.InterruptedException: sleep interrupted
	at java.lang.Thread.sleep(Native Method)
	at java.lang.Thread.sleep(Thread.java:340)
	at java.util.concurrent.TimeUnit.sleep(TimeUnit.java:386)
	at org.apache.ratis.util.TimeDuration.sleep(TimeDuration.java:324)
	at org.apache.ratis.util.TimeDuration.sleep(TimeDuration.java:309)
	at org.apache.ratis.server.impl.FollowerState.run(FollowerState.java:118)
2021-10-14 19:42:17,825 [84cf0c76-78e0-494d-aa1f-4383c35cad34@group-D1ADC348C817-LeaderElection17] INFO  impl.LeaderElection (LeaderElection.java:askForVotes(308)) - 84cf0c76-78e0-494d-aa1f-4383c35cad34@group-D1ADC348C817-LeaderElection17 ELECTION round 0: result PASSED
2021-10-14 19:42:17,826 [84cf0c76-78e0-494d-aa1f-4383c35cad34@group-D1ADC348C817-LeaderElection17] INFO  impl.RoleInfo (RoleInfo.java:shutdownLeaderElection(121)) - 84cf0c76-78e0-494d-aa1f-4383c35cad34: shutdown 84cf0c76-78e0-494d-aa1f-4383c35cad34@group-D1ADC348C817-LeaderElection17
2021-10-14 19:42:17,826 [84cf0c76-78e0-494d-aa1f-4383c35cad34@group-D1ADC348C817-LeaderElection17] INFO  server.RaftServer$Division (RaftServerImpl.java:setRole(285)) - 84cf0c76-78e0-494d-aa1f-4383c35cad34@group-D1ADC348C817: changes role from CANDIDATE to LEADER at term 3 for changeToLeader
2021-10-14 19:42:17,826 [84cf0c76-78e0-494d-aa1f-4383c35cad34@group-D1ADC348C817-LeaderElection17] INFO  ratis.XceiverServerRatis (XceiverServerRatis.java:handleLeaderChangedNotification(866)) - Leader change notification received for group: group-D1ADC348C817 with new leaderId: 84cf0c76-78e0-494d-aa1f-4383c35cad34
2021-10-14 19:42:17,826 [84cf0c76-78e0-494d-aa1f-4383c35cad34@group-D1ADC348C817-LeaderElection17] INFO  server.RaftServer$Division (ServerState.java:setLeader(285)) - 84cf0c76-78e0-494d-aa1f-4383c35cad34@group-D1ADC348C817: change Leader from null to 84cf0c76-78e0-494d-aa1f-4383c35cad34 at term 3 for becomeLeader, leader elected after 5176ms
2021-10-14 19:42:17,826 [84cf0c76-78e0-494d-aa1f-4383c35cad34@group-D1ADC348C817-LeaderElection17] INFO  server.RaftServerConfigKeys (ConfUtils.java:logGet(44)) - raft.server.staging.catchup.gap = 1000 (default)
2021-10-14 19:42:17,826 [Datanode State Machine Thread - 0] WARN  statemachine.StateContext (StateContext.java:execute(621)) - No available thread in pool for past 1 seconds.
2021-10-14 19:42:17,826 [84cf0c76-78e0-494d-aa1f-4383c35cad34@group-D1ADC348C817-LeaderElection17] INFO  server.RaftServerConfigKeys (ConfUtils.java:logGet(44)) - raft.server.write.element-limit = 1024 (custom)
2021-10-14 19:42:17,827 [84cf0c76-78e0-494d-aa1f-4383c35cad34@group-D1ADC348C817-LeaderElection17] INFO  server.RaftServerConfigKeys (ConfUtils.java:logGet(44)) - raft.server.write.byte-limit = 1024 M (=1073741824) (custom)
2021-10-14 19:42:17,827 [84cf0c76-78e0-494d-aa1f-4383c35cad34@group-D1ADC348C817-LeaderElection17] INFO  server.RaftServerConfigKeys (ConfUtils.java:logGet(44)) - raft.server.watch.timeout = 3000ms (custom)
2021-10-14 19:42:17,827 [84cf0c76-78e0-494d-aa1f-4383c35cad34@group-D1ADC348C817-LeaderElection17] INFO  server.RaftServerConfigKeys (ConfUtils.java:logGet(44)) - raft.server.watch.timeout.denomination = 1s (default)
2021-10-14 19:42:17,827 [84cf0c76-78e0-494d-aa1f-4383c35cad34@group-D1ADC348C817-LeaderElection17] INFO  server.RaftServerConfigKeys (ConfUtils.java:logGet(44)) - raft.server.watch.element-limit = 65536 (default)
2021-10-14 19:42:17,827 [84cf0c76-78e0-494d-aa1f-4383c35cad34@group-D1ADC348C817-LeaderElection17] INFO  server.RaftServerConfigKeys (ConfUtils.java:logGet(44)) - raft.server.log.appender.snapshot.chunk.size.max = 16MB (=16777216) (default)
2021-10-14 19:42:17,827 [84cf0c76-78e0-494d-aa1f-4383c35cad34@group-D1ADC348C817-LeaderElection17] INFO  server.RaftServerConfigKeys (ConfUtils.java:logGet(44)) - raft.server.log.appender.buffer.byte-limit = 33554432 (custom)
2021-10-14 19:42:17,827 [84cf0c76-78e0-494d-aa1f-4383c35cad34@group-D1ADC348C817-LeaderElection17] INFO  server.RaftServerConfigKeys (ConfUtils.java:logGet(44)) - raft.server.log.appender.buffer.element-limit = 1 (custom)
2021-10-14 19:42:17,828 [84cf0c76-78e0-494d-aa1f-4383c35cad34@group-D1ADC348C817-LeaderElection17] INFO  grpc.GrpcConfigKeys (ConfUtils.java:logGet(44)) - raft.grpc.server.leader.outstanding.appends.max = 128 (default)
2021-10-14 19:42:17,828 [84cf0c76-78e0-494d-aa1f-4383c35cad34@group-D1ADC348C817-LeaderElection17] INFO  server.RaftServerConfigKeys (ConfUtils.java:logGet(44)) - raft.server.rpc.request.timeout = 3000ms (default)
2021-10-14 19:42:17,828 [84cf0c76-78e0-494d-aa1f-4383c35cad34@group-D1ADC348C817-LeaderElection17] INFO  server.RaftServerConfigKeys (ConfUtils.java:logGet(44)) - raft.server.log.appender.install.snapshot.enabled = false (custom)
2021-10-14 19:42:17,829 [84cf0c76-78e0-494d-aa1f-4383c35cad34@group-D1ADC348C817-LeaderElection17] INFO  server.RaftServerConfigKeys (ConfUtils.java:logGet(44)) - raft.server.log.appender.snapshot.chunk.size.max = 16MB (=16777216) (default)
2021-10-14 19:42:17,829 [84cf0c76-78e0-494d-aa1f-4383c35cad34@group-D1ADC348C817-LeaderElection17] INFO  server.RaftServerConfigKeys (ConfUtils.java:logGet(44)) - raft.server.log.appender.buffer.byte-limit = 33554432 (custom)
2021-10-14 19:42:17,829 [84cf0c76-78e0-494d-aa1f-4383c35cad34@group-D1ADC348C817-LeaderElection17] INFO  server.RaftServerConfigKeys (ConfUtils.java:logGet(44)) - raft.server.log.appender.buffer.element-limit = 1 (custom)
2021-10-14 19:42:17,829 [84cf0c76-78e0-494d-aa1f-4383c35cad34@group-D1ADC348C817-LeaderElection17] INFO  grpc.GrpcConfigKeys (ConfUtils.java:logGet(44)) - raft.grpc.server.leader.outstanding.appends.max = 128 (default)
2021-10-14 19:42:17,829 [84cf0c76-78e0-494d-aa1f-4383c35cad34@group-D1ADC348C817-LeaderElection17] INFO  server.RaftServerConfigKeys (ConfUtils.java:logGet(44)) - raft.server.rpc.request.timeout = 3000ms (default)
2021-10-14 19:42:17,829 [84cf0c76-78e0-494d-aa1f-4383c35cad34@group-D1ADC348C817-LeaderElection17] INFO  server.RaftServerConfigKeys (ConfUtils.java:logGet(44)) - raft.server.log.appender.install.snapshot.enabled = false (custom)
2021-10-14 19:42:17,830 [84cf0c76-78e0-494d-aa1f-4383c35cad34@group-D1ADC348C817-LeaderElection17] INFO  impl.RoleInfo (RoleInfo.java:updateAndGet(130)) - 84cf0c76-78e0-494d-aa1f-4383c35cad34: start 84cf0c76-78e0-494d-aa1f-4383c35cad34@group-D1ADC348C817-LeaderStateImpl
2021-10-14 19:42:17,831 [84cf0c76-78e0-494d-aa1f-4383c35cad34@group-D1ADC348C817-LeaderElection17] INFO  segmented.SegmentedRaftLogWorker (SegmentedRaftLogWorker.java:rollLogSegment(399)) - 84cf0c76-78e0-494d-aa1f-4383c35cad34@group-D1ADC348C817-SegmentedRaftLogWorker: Rolling segment log-0_0 to index:0
2021-10-14 19:42:17,833 [84cf0c76-78e0-494d-aa1f-4383c35cad34@group-D1ADC348C817-SegmentedRaftLogWorker] INFO  segmented.SegmentedRaftLogWorker (SegmentedRaftLogWorker.java:execute(558)) - 84cf0c76-78e0-494d-aa1f-4383c35cad34@group-D1ADC348C817-SegmentedRaftLogWorker: Rolled log segment from /home/runner/work/ozone/ozone/hadoop-ozone/integration-test/target/test-dir/MiniOzoneClusterImpl-0ea35d3c-98b9-4918-895e-fcd9be0efca6/datanode-3/data/ratis/ccb6fc38-415a-48b8-b2fb-d1adc348c817/current/log_inprogress_0 to /home/runner/work/ozone/ozone/hadoop-ozone/integration-test/target/test-dir/MiniOzoneClusterImpl-0ea35d3c-98b9-4918-895e-fcd9be0efca6/datanode-3/data/ratis/ccb6fc38-415a-48b8-b2fb-d1adc348c817/current/log_0-0
2021-10-14 19:42:17,834 [5cef7d35-5853-4402-b8fc-0c0efab03ad9@group-D1ADC348C817-LeaderElection18] INFO  impl.LeaderElection (LeaderElection.java:askForVotes(306)) - 5cef7d35-5853-4402-b8fc-0c0efab03ad9@group-D1ADC348C817-LeaderElection18 ELECTION round 0: submit vote requests at term 4 for -1: [84cf0c76-78e0-494d-aa1f-4383c35cad34|rpc:10.1.0.23:32881|dataStream:|priority:1, f5ce720c-5ead-4d76-b65c-e0941e033263|rpc:10.1.0.23:35407|dataStream:|priority:0, 5cef7d35-5853-4402-b8fc-0c0efab03ad9|rpc:10.1.0.23:45557|dataStream:|priority:0], old=null
2021-10-14 19:42:17,835 [84cf0c76-78e0-494d-aa1f-4383c35cad34@group-D1ADC348C817-SegmentedRaftLogWorker] INFO  segmented.SegmentedRaftLogWorker (SegmentedRaftLogWorker.java:execute(601)) - 84cf0c76-78e0-494d-aa1f-4383c35cad34@group-D1ADC348C817-SegmentedRaftLogWorker: created new log segment /home/runner/work/ozone/ozone/hadoop-ozone/integration-test/target/test-dir/MiniOzoneClusterImpl-0ea35d3c-98b9-4918-895e-fcd9be0efca6/datanode-3/data/ratis/ccb6fc38-415a-48b8-b2fb-d1adc348c817/current/log_inprogress_1
2021-10-14 19:42:17,838 [84cf0c76-78e0-494d-aa1f-4383c35cad34@group-D1ADC348C817-LeaderElection17] INFO  server.RaftServer$Division (ServerState.java:setRaftConf(387)) - 84cf0c76-78e0-494d-aa1f-4383c35cad34@group-D1ADC348C817: set configuration 1: [84cf0c76-78e0-494d-aa1f-4383c35cad34|rpc:10.1.0.23:32881|dataStream:|priority:1, f5ce720c-5ead-4d76-b65c-e0941e033263|rpc:10.1.0.23:35407|dataStream:|priority:0, 5cef7d35-5853-4402-b8fc-0c0efab03ad9|rpc:10.1.0.23:45557|dataStream:|priority:0], old=null
2021-10-14 19:42:17,837 [grpc-default-executor-0] INFO  ratis.XceiverServerRatis (XceiverServerRatis.java:handleLeaderChangedNotification(866)) - Leader change notification received for group: group-D1ADC348C817 with new leaderId: 84cf0c76-78e0-494d-aa1f-4383c35cad34
2021-10-14 19:42:17,848 [grpc-default-executor-0] INFO  server.RaftServer$Division (ServerState.java:setLeader(285)) - f5ce720c-5ead-4d76-b65c-e0941e033263@group-D1ADC348C817: change Leader from null to 84cf0c76-78e0-494d-aa1f-4383c35cad34 at term 3 for appendEntries, leader elected after 10410ms
2021-10-14 19:42:17,848 [grpc-default-executor-0] INFO  server.RaftServer$Division (RaftServerImpl.java:checkInconsistentAppendEntries(1319)) - f5ce720c-5ead-4d76-b65c-e0941e033263@group-D1ADC348C817: Failed appendEntries as previous log entry ((t:1, i:0)) is not found
2021-10-14 19:42:17,849 [grpc-default-executor-0] INFO  server.RaftServer$Division (RaftServerImpl.java:checkInconsistentAppendEntries(1285)) - f5ce720c-5ead-4d76-b65c-e0941e033263@group-D1ADC348C817: inconsistency entries. Reply:84cf0c76-78e0-494d-aa1f-4383c35cad34<-f5ce720c-5ead-4d76-b65c-e0941e033263#0:FAIL-t3,INCONSISTENCY,nextIndex=0,followerCommit=-1
2021-10-14 19:42:17,850 [84cf0c76-78e0-494d-aa1f-4383c35cad34@group-D1ADC348C817-LeaderStateImpl] INFO  server.RaftServer$Division (ServerState.java:setLeader(285)) - 84cf0c76-78e0-494d-aa1f-4383c35cad34@group-D1ADC348C817: change Leader from 84cf0c76-78e0-494d-aa1f-4383c35cad34 to null at term 4 for updateCurrentTerm
2021-10-14 19:42:17,850 [84cf0c76-78e0-494d-aa1f-4383c35cad34@group-D1ADC348C817-LeaderStateImpl] INFO  server.RaftServer$Division (RaftServerImpl.java:setRole(285)) - 84cf0c76-78e0-494d-aa1f-4383c35cad34@group-D1ADC348C817: changes role from    LEADER to FOLLOWER at term 4 for StepDownReason:HIGHER_TERM
2021-10-14 19:42:17,850 [84cf0c76-78e0-494d-aa1f-4383c35cad34@group-D1ADC348C817-LeaderStateImpl] INFO  impl.RoleInfo (RoleInfo.java:shutdownLeaderState(91)) - 84cf0c76-78e0-494d-aa1f-4383c35cad34: shutdown 84cf0c76-78e0-494d-aa1f-4383c35cad34@group-D1ADC348C817-LeaderStateImpl
2021-10-14 19:42:17,850 [84cf0c76-78e0-494d-aa1f-4383c35cad34@group-D1ADC348C817->5cef7d35-5853-4402-b8fc-0c0efab03ad9-GrpcLogAppender-LogAppenderDaemon] WARN  server.GrpcLogAppender (GrpcLogAppender.java:mayWait(175)) - 84cf0c76-78e0-494d-aa1f-4383c35cad34@group-D1ADC348C817->5cef7d35-5853-4402-b8fc-0c0efab03ad9-GrpcLogAppender: Wait interrupted by java.lang.InterruptedException
2021-10-14 19:42:17,852 [grpc-default-executor-2] INFO  leader.FollowerInfo (FollowerInfoImpl.java:lambda$new$0(46)) - 84cf0c76-78e0-494d-aa1f-4383c35cad34@group-D1ADC348C817->f5ce720c-5ead-4d76-b65c-e0941e033263: nextIndex: updateUnconditionally 2 -> 0
2021-10-14 19:42:17,852 [grpc-default-executor-5] INFO  server.RaftServer$Division (RaftServerImpl.java:checkInconsistentAppendEntries(1319)) - f5ce720c-5ead-4d76-b65c-e0941e033263@group-D1ADC348C817: Failed appendEntries as previous log entry ((t:1, i:0)) is not found
2021-10-14 19:42:17,852 [grpc-default-executor-5] INFO  server.RaftServer$Division (RaftServerImpl.java:checkInconsistentAppendEntries(1285)) - f5ce720c-5ead-4d76-b65c-e0941e033263@group-D1ADC348C817: inconsistency entries. Reply:84cf0c76-78e0-494d-aa1f-4383c35cad34<-f5ce720c-5ead-4d76-b65c-e0941e033263#1:FAIL-t3,INCONSISTENCY,nextIndex=0,followerCommit=-1
2021-10-14 19:42:17,854 [grpc-default-executor-2] INFO  server.GrpcServerProtocolService (GrpcServerProtocolService.java:onCompleted(140)) - 5cef7d35-5853-4402-b8fc-0c0efab03ad9: Completed APPEND_ENTRIES, lastRequest: 84cf0c76-78e0-494d-aa1f-4383c35cad34->5cef7d35-5853-4402-b8fc-0c0efab03ad9#1-t3,previous=(t:1, i:0),leaderCommit=-1,initializing? true,entries: size=1, first=(t:3, i:1), CONFIGURATIONENTRY
2021-10-14 19:42:17,850 [84cf0c76-78e0-494d-aa1f-4383c35cad34@group-D1ADC348C817-LeaderStateImpl] INFO  impl.PendingRequests (PendingRequests.java:sendNotLeaderResponses(282)) - 84cf0c76-78e0-494d-aa1f-4383c35cad34@group-D1ADC348C817-PendingRequests: sendNotLeaderResponses
2021-10-14 19:42:17,855 [grpc-default-executor-5] INFO  server.GrpcServerProtocolService (GrpcServerProtocolService.java:onCompleted(140)) - f5ce720c-5ead-4d76-b65c-e0941e033263: Completed APPEND_ENTRIES, lastRequest: 84cf0c76-78e0-494d-aa1f-4383c35cad34->f5ce720c-5ead-4d76-b65c-e0941e033263#1-t3,previous=(t:1, i:0),leaderCommit=-1,initializing? true,entries: size=1, first=(t:3, i:1), CONFIGURATIONENTRY
2021-10-14 19:42:17,855 [84cf0c76-78e0-494d-aa1f-4383c35cad34@group-D1ADC348C817-LeaderStateImpl] INFO  impl.RoleInfo (RoleInfo.java:updateAndGet(130)) - 84cf0c76-78e0-494d-aa1f-4383c35cad34: start 84cf0c76-78e0-494d-aa1f-4383c35cad34@group-D1ADC348C817-FollowerState
2021-10-14 19:42:17,855 [grpc-default-executor-0] INFO  server.RaftServer$Division (RaftServerImpl.java:requestVote(1043)) - f5ce720c-5ead-4d76-b65c-e0941e033263@group-D1ADC348C817: receive requestVote(ELECTION, 5cef7d35-5853-4402-b8fc-0c0efab03ad9, group-D1ADC348C817, 4, (t:0, i:0))
2021-10-14 19:42:17,855 [grpc-default-executor-0] INFO  impl.VoteContext (VoteContext.java:log(48)) - f5ce720c-5ead-4d76-b65c-e0941e033263@group-D1ADC348C817-FOLLOWER: accept ELECTION from 5cef7d35-5853-4402-b8fc-0c0efab03ad9: our priority 0 <= candidate's priority 0
2021-10-14 19:42:17,855 [grpc-default-executor-0] INFO  server.RaftServer$Division (ServerState.java:setLeader(285)) - f5ce720c-5ead-4d76-b65c-e0941e033263@group-D1ADC348C817: change Leader from 84cf0c76-78e0-494d-aa1f-4383c35cad34 to null at term 4 for updateCurrentTerm
2021-10-14 19:42:17,855 [grpc-default-executor-0] INFO  server.RaftServer$Division (RaftServerImpl.java:setRole(285)) - f5ce720c-5ead-4d76-b65c-e0941e033263@group-D1ADC348C817: changes role from  FOLLOWER to FOLLOWER at term 4 for candidate:5cef7d35-5853-4402-b8fc-0c0efab03ad9
2021-10-14 19:42:17,855 [grpc-default-executor-0] INFO  impl.RoleInfo (RoleInfo.java:shutdownFollowerState(108)) - f5ce720c-5ead-4d76-b65c-e0941e033263: shutdown f5ce720c-5ead-4d76-b65c-e0941e033263@group-D1ADC348C817-FollowerState
2021-10-14 19:42:17,855 [grpc-default-executor-0] INFO  impl.RoleInfo (RoleInfo.java:updateAndGet(130)) - f5ce720c-5ead-4d76-b65c-e0941e033263: start f5ce720c-5ead-4d76-b65c-e0941e033263@group-D1ADC348C817-FollowerState
2021-10-14 19:42:17,856 [f5ce720c-5ead-4d76-b65c-e0941e033263@group-D1ADC348C817-FollowerState] INFO  impl.FollowerState (FollowerState.java:run(143)) - f5ce720c-5ead-4d76-b65c-e0941e033263@group-D1ADC348C817-FollowerState was interrupted: {}
java.lang.InterruptedException: sleep interrupted
	at java.lang.Thread.sleep(Native Method)
	at java.lang.Thread.sleep(Thread.java:340)
	at java.util.concurrent.TimeUnit.sleep(TimeUnit.java:386)
	at org.apache.ratis.util.TimeDuration.sleep(TimeDuration.java:324)
	at org.apache.ratis.util.TimeDuration.sleep(TimeDuration.java:309)
	at org.apache.ratis.server.impl.FollowerState.run(FollowerState.java:118)
2021-10-14 19:42:17,858 [grpc-default-executor-3] INFO  leader.FollowerInfo (FollowerInfoImpl.java:lambda$new$0(46)) - 84cf0c76-78e0-494d-aa1f-4383c35cad34@group-D1ADC348C817->f5ce720c-5ead-4d76-b65c-e0941e033263: nextIndex: updateUnconditionally 0 -> 0
2021-10-14 19:42:17,858 [grpc-default-executor-3] INFO  server.GrpcLogAppender (GrpcLogAppender.java:onCompleted(344)) - 84cf0c76-78e0-494d-aa1f-4383c35cad34@group-D1ADC348C817->f5ce720c-5ead-4d76-b65c-e0941e033263-AppendLogResponseHandler: follower responses appendEntries COMPLETED
2021-10-14 19:42:17,858 [grpc-default-executor-3] INFO  leader.FollowerInfo (FollowerInfoImpl.java:lambda$new$0(46)) - 84cf0c76-78e0-494d-aa1f-4383c35cad34@group-D1ADC348C817->f5ce720c-5ead-4d76-b65c-e0941e033263: nextIndex: updateUnconditionally 0 -> 0
2021-10-14 19:42:17,862 [grpc-default-executor-3] INFO  server.RaftServer$Division (RaftServerImpl.java:requestVote(1043)) - 84cf0c76-78e0-494d-aa1f-4383c35cad34@group-D1ADC348C817: receive requestVote(ELECTION, 5cef7d35-5853-4402-b8fc-0c0efab03ad9, group-D1ADC348C817, 4, (t:0, i:0))
2021-10-14 19:42:17,862 [grpc-default-executor-3] INFO  impl.VoteContext (VoteContext.java:log(48)) - 84cf0c76-78e0-494d-aa1f-4383c35cad34@group-D1ADC348C817-FOLLOWER: reject ELECTION from 5cef7d35-5853-4402-b8fc-0c0efab03ad9: our last entry (t:3, i:1) > candidate's last entry (t:0, i:0)
2021-10-14 19:42:17,862 [grpc-default-executor-3] INFO  server.RaftServer$Division (RaftServerImpl.java:setRole(285)) - 84cf0c76-78e0-494d-aa1f-4383c35cad34@group-D1ADC348C817: changes role from  FOLLOWER to FOLLOWER at term 4 for candidate:5cef7d35-5853-4402-b8fc-0c0efab03ad9
2021-10-14 19:42:17,862 [grpc-default-executor-3] INFO  impl.RoleInfo (RoleInfo.java:shutdownFollowerState(108)) - 84cf0c76-78e0-494d-aa1f-4383c35cad34: shutdown 84cf0c76-78e0-494d-aa1f-4383c35cad34@group-D1ADC348C817-FollowerState
2021-10-14 19:42:17,863 [grpc-default-executor-3] INFO  impl.RoleInfo (RoleInfo.java:updateAndGet(130)) - 84cf0c76-78e0-494d-aa1f-4383c35cad34: start 84cf0c76-78e0-494d-aa1f-4383c35cad34@group-D1ADC348C817-FollowerState
2021-10-14 19:42:17,863 [84cf0c76-78e0-494d-aa1f-4383c35cad34@group-D1ADC348C817-FollowerState] INFO  impl.FollowerState (FollowerState.java:run(143)) - 84cf0c76-78e0-494d-aa1f-4383c35cad34@group-D1ADC348C817-FollowerState was interrupted: {}
java.lang.InterruptedException: sleep interrupted
	at java.lang.Thread.sleep(Native Method)
	at java.lang.Thread.sleep(Thread.java:340)
	at java.util.concurrent.TimeUnit.sleep(TimeUnit.java:386)
	at org.apache.ratis.util.TimeDuration.sleep(TimeDuration.java:324)
	at org.apache.ratis.util.TimeDuration.sleep(TimeDuration.java:309)
	at org.apache.ratis.server.impl.FollowerState.run(FollowerState.java:118)
2021-10-14 19:42:17,863 [grpc-default-executor-0] INFO  server.RaftServer$Division (RaftServerImpl.java:requestVote(1075)) - f5ce720c-5ead-4d76-b65c-e0941e033263@group-D1ADC348C817 replies to ELECTION vote request: 5cef7d35-5853-4402-b8fc-0c0efab03ad9<-f5ce720c-5ead-4d76-b65c-e0941e033263#0:OK-t4. Peer's state: f5ce720c-5ead-4d76-b65c-e0941e033263@group-D1ADC348C817:t4, leader=null, voted=5cef7d35-5853-4402-b8fc-0c0efab03ad9, raftlog=f5ce720c-5ead-4d76-b65c-e0941e033263@group-D1ADC348C817-SegmentedRaftLog:OPENED:c-1,f-1,i0, conf=-1: [84cf0c76-78e0-494d-aa1f-4383c35cad34|rpc:10.1.0.23:32881|priority:1, f5ce720c-5ead-4d76-b65c-e0941e033263|rpc:10.1.0.23:35407|priority:0, 5cef7d35-5853-4402-b8fc-0c0efab03ad9|rpc:10.1.0.23:45557|priority:0], old=null
2021-10-14 19:42:17,865 [grpc-default-executor-3] INFO  server.RaftServer$Division (RaftServerImpl.java:requestVote(1075)) - 84cf0c76-78e0-494d-aa1f-4383c35cad34@group-D1ADC348C817 replies to ELECTION vote request: 5cef7d35-5853-4402-b8fc-0c0efab03ad9<-84cf0c76-78e0-494d-aa1f-4383c35cad34#0:FAIL-t4. Peer's state: 84cf0c76-78e0-494d-aa1f-4383c35cad34@group-D1ADC348C817:t4, leader=null, voted=null, raftlog=84cf0c76-78e0-494d-aa1f-4383c35cad34@group-D1ADC348C817-SegmentedRaftLog:OPENED:c-1,f1,i1, conf=1: [84cf0c76-78e0-494d-aa1f-4383c35cad34|rpc:10.1.0.23:32881|dataStream:|priority:1, f5ce720c-5ead-4d76-b65c-e0941e033263|rpc:10.1.0.23:35407|dataStream:|priority:0, 5cef7d35-5853-4402-b8fc-0c0efab03ad9|rpc:10.1.0.23:45557|dataStream:|priority:0], old=null
2021-10-14 19:42:17,865 [grpc-default-executor-1] INFO  server.GrpcLogAppender (GrpcLogAppender.java:onCompleted(344)) - 84cf0c76-78e0-494d-aa1f-4383c35cad34@group-D1ADC348C817->5cef7d35-5853-4402-b8fc-0c0efab03ad9-AppendLogResponseHandler: follower responses appendEntries COMPLETED
2021-10-14 19:42:17,865 [grpc-default-executor-1] INFO  leader.FollowerInfo (FollowerInfoImpl.java:lambda$new$0(46)) - 84cf0c76-78e0-494d-aa1f-4383c35cad34@group-D1ADC348C817->5cef7d35-5853-4402-b8fc-0c0efab03ad9: nextIndex: updateUnconditionally 2 -> 1
2021-10-14 19:42:17,869 [5cef7d35-5853-4402-b8fc-0c0efab03ad9@group-D1ADC348C817-LeaderElection18] INFO  impl.LeaderElection (LeaderElection.java:logAndReturn(89)) - 5cef7d35-5853-4402-b8fc-0c0efab03ad9@group-D1ADC348C817-LeaderElection18: ELECTION REJECTED received 1 response(s) and 0 exception(s):
2021-10-14 19:42:17,869 [5cef7d35-5853-4402-b8fc-0c0efab03ad9@group-D1ADC348C817-LeaderElection18] INFO  impl.LeaderElection (LeaderElection.java:logAndReturn(93)) -   Response 0: 5cef7d35-5853-4402-b8fc-0c0efab03ad9<-84cf0c76-78e0-494d-aa1f-4383c35cad34#0:FAIL-t4
2021-10-14 19:42:17,869 [5cef7d35-5853-4402-b8fc-0c0efab03ad9@group-D1ADC348C817-LeaderElection18] INFO  impl.LeaderElection (LeaderElection.java:askForVotes(308)) - 5cef7d35-5853-4402-b8fc-0c0efab03ad9@group-D1ADC348C817-LeaderElection18 ELECTION round 0: result REJECTED
2021-10-14 19:42:17,869 [5cef7d35-5853-4402-b8fc-0c0efab03ad9@group-D1ADC348C817-LeaderElection18] INFO  server.RaftServer$Division (RaftServerImpl.java:setRole(285)) - 5cef7d35-5853-4402-b8fc-0c0efab03ad9@group-D1ADC348C817: changes role from CANDIDATE to FOLLOWER at term 4 for REJECTED
2021-10-14 19:42:17,869 [5cef7d35-5853-4402-b8fc-0c0efab03ad9@group-D1ADC348C817-LeaderElection18] INFO  impl.RoleInfo (RoleInfo.java:shutdownLeaderElection(121)) - 5cef7d35-5853-4402-b8fc-0c0efab03ad9: shutdown 5cef7d35-5853-4402-b8fc-0c0efab03ad9@group-D1ADC348C817-LeaderElection18
2021-10-14 19:42:17,869 [5cef7d35-5853-4402-b8fc-0c0efab03ad9@group-D1ADC348C817-LeaderElection18] INFO  impl.RoleInfo (RoleInfo.java:updateAndGet(130)) - 5cef7d35-5853-4402-b8fc-0c0efab03ad9: start 5cef7d35-5853-4402-b8fc-0c0efab03ad9@group-D1ADC348C817-FollowerState
2021-10-14 19:42:22,766 [5cef7d35-5853-4402-b8fc-0c0efab03ad9@group-5A12C23A624B-FollowerState] INFO  impl.FollowerState (FollowerState.java:run(134)) - 5cef7d35-5853-4402-b8fc-0c0efab03ad9@group-5A12C23A624B-FollowerState: change to CANDIDATE, lastRpcElapsedTime:5034031127ns, electionTimeout:5033ms
2021-10-14 19:42:22,766 [5cef7d35-5853-4402-b8fc-0c0efab03ad9@group-5A12C23A624B-FollowerState] INFO  impl.RoleInfo (RoleInfo.java:shutdownFollowerState(108)) - 5cef7d35-5853-4402-b8fc-0c0efab03ad9: shutdown 5cef7d35-5853-4402-b8fc-0c0efab03ad9@group-5A12C23A624B-FollowerState
2021-10-14 19:42:22,766 [5cef7d35-5853-4402-b8fc-0c0efab03ad9@group-5A12C23A624B-FollowerState] INFO  server.RaftServer$Division (RaftServerImpl.java:setRole(285)) - 5cef7d35-5853-4402-b8fc-0c0efab03ad9@group-5A12C23A624B: changes role from  FOLLOWER to CANDIDATE at term 2 for changeToCandidate
2021-10-14 19:42:22,766 [5cef7d35-5853-4402-b8fc-0c0efab03ad9@group-5A12C23A624B-FollowerState] INFO  server.RaftServerConfigKeys (ConfUtils.java:logGet(44)) - raft.server.leaderelection.pre-vote = false (custom)
2021-10-14 19:42:22,767 [5cef7d35-5853-4402-b8fc-0c0efab03ad9@group-5A12C23A624B-FollowerState] INFO  impl.RoleInfo (RoleInfo.java:updateAndGet(130)) - 5cef7d35-5853-4402-b8fc-0c0efab03ad9: start 5cef7d35-5853-4402-b8fc-0c0efab03ad9@group-5A12C23A624B-LeaderElection19
2021-10-14 19:42:22,769 [5cef7d35-5853-4402-b8fc-0c0efab03ad9@group-5A12C23A624B-LeaderElection19] INFO  impl.LeaderElection (LeaderElection.java:askForVotes(306)) - 5cef7d35-5853-4402-b8fc-0c0efab03ad9@group-5A12C23A624B-LeaderElection19 ELECTION round 0: submit vote requests at term 3 for -1: [84cf0c76-78e0-494d-aa1f-4383c35cad34|rpc:10.1.0.23:32881|dataStream:|priority:0, f5ce720c-5ead-4d76-b65c-e0941e033263|rpc:10.1.0.23:35407|dataStream:|priority:0, 5cef7d35-5853-4402-b8fc-0c0efab03ad9|rpc:10.1.0.23:45557|dataStream:|priority:1], old=null
2021-10-14 19:42:22,773 [grpc-default-executor-3] INFO  server.RaftServer$Division (RaftServerImpl.java:requestVote(1043)) - 84cf0c76-78e0-494d-aa1f-4383c35cad34@group-5A12C23A624B: receive requestVote(ELECTION, 5cef7d35-5853-4402-b8fc-0c0efab03ad9, group-5A12C23A624B, 3, (t:0, i:0))
2021-10-14 19:42:22,773 [grpc-default-executor-3] INFO  impl.VoteContext (VoteContext.java:log(48)) - 84cf0c76-78e0-494d-aa1f-4383c35cad34@group-5A12C23A624B-FOLLOWER: accept ELECTION from 5cef7d35-5853-4402-b8fc-0c0efab03ad9: our priority 0 <= candidate's priority 1
2021-10-14 19:42:22,773 [grpc-default-executor-3] INFO  server.RaftServer$Division (RaftServerImpl.java:setRole(285)) - 84cf0c76-78e0-494d-aa1f-4383c35cad34@group-5A12C23A624B: changes role from  FOLLOWER to FOLLOWER at term 3 for candidate:5cef7d35-5853-4402-b8fc-0c0efab03ad9
2021-10-14 19:42:22,773 [grpc-default-executor-3] INFO  impl.RoleInfo (RoleInfo.java:shutdownFollowerState(108)) - 84cf0c76-78e0-494d-aa1f-4383c35cad34: shutdown 84cf0c76-78e0-494d-aa1f-4383c35cad34@group-5A12C23A624B-FollowerState
2021-10-14 19:42:22,773 [grpc-default-executor-3] INFO  impl.RoleInfo (RoleInfo.java:updateAndGet(130)) - 84cf0c76-78e0-494d-aa1f-4383c35cad34: start 84cf0c76-78e0-494d-aa1f-4383c35cad34@group-5A12C23A624B-FollowerState
2021-10-14 19:42:22,774 [84cf0c76-78e0-494d-aa1f-4383c35cad34@group-5A12C23A624B-FollowerState] INFO  impl.FollowerState (FollowerState.java:run(143)) - 84cf0c76-78e0-494d-aa1f-4383c35cad34@group-5A12C23A624B-FollowerState was interrupted: {}
java.lang.InterruptedException: sleep interrupted
	at java.lang.Thread.sleep(Native Method)
	at java.lang.Thread.sleep(Thread.java:340)
	at java.util.concurrent.TimeUnit.sleep(TimeUnit.java:386)
	at org.apache.ratis.util.TimeDuration.sleep(TimeDuration.java:324)
	at org.apache.ratis.util.TimeDuration.sleep(TimeDuration.java:309)
	at org.apache.ratis.server.impl.FollowerState.run(FollowerState.java:118)
2021-10-14 19:42:22,774 [grpc-default-executor-1] INFO  server.RaftServer$Division (RaftServerImpl.java:requestVote(1043)) - f5ce720c-5ead-4d76-b65c-e0941e033263@group-5A12C23A624B: receive requestVote(ELECTION, 5cef7d35-5853-4402-b8fc-0c0efab03ad9, group-5A12C23A624B, 3, (t:0, i:0))
2021-10-14 19:42:22,774 [grpc-default-executor-1] INFO  impl.VoteContext (VoteContext.java:log(48)) - f5ce720c-5ead-4d76-b65c-e0941e033263@group-5A12C23A624B-FOLLOWER: accept ELECTION from 5cef7d35-5853-4402-b8fc-0c0efab03ad9: our priority 0 <= candidate's priority 1
2021-10-14 19:42:22,774 [grpc-default-executor-1] INFO  server.RaftServer$Division (RaftServerImpl.java:setRole(285)) - f5ce720c-5ead-4d76-b65c-e0941e033263@group-5A12C23A624B: changes role from  FOLLOWER to FOLLOWER at term 3 for candidate:5cef7d35-5853-4402-b8fc-0c0efab03ad9
2021-10-14 19:42:22,774 [grpc-default-executor-1] INFO  impl.RoleInfo (RoleInfo.java:shutdownFollowerState(108)) - f5ce720c-5ead-4d76-b65c-e0941e033263: shutdown f5ce720c-5ead-4d76-b65c-e0941e033263@group-5A12C23A624B-FollowerState
2021-10-14 19:42:22,775 [grpc-default-executor-1] INFO  impl.RoleInfo (RoleInfo.java:updateAndGet(130)) - f5ce720c-5ead-4d76-b65c-e0941e033263: start f5ce720c-5ead-4d76-b65c-e0941e033263@group-5A12C23A624B-FollowerState
2021-10-14 19:42:22,775 [f5ce720c-5ead-4d76-b65c-e0941e033263@group-5A12C23A624B-FollowerState] INFO  impl.FollowerState (FollowerState.java:run(143)) - f5ce720c-5ead-4d76-b65c-e0941e033263@group-5A12C23A624B-FollowerState was interrupted: {}
java.lang.InterruptedException: sleep interrupted
	at java.lang.Thread.sleep(Native Method)
	at java.lang.Thread.sleep(Thread.java:340)
	at java.util.concurrent.TimeUnit.sleep(TimeUnit.java:386)
	at org.apache.ratis.util.TimeDuration.sleep(TimeDuration.java:324)
	at org.apache.ratis.util.TimeDuration.sleep(TimeDuration.java:309)
	at org.apache.ratis.server.impl.FollowerState.run(FollowerState.java:118)
2021-10-14 19:42:22,781 [grpc-default-executor-3] INFO  server.RaftServer$Division (RaftServerImpl.java:requestVote(1075)) - 84cf0c76-78e0-494d-aa1f-4383c35cad34@group-5A12C23A624B replies to ELECTION vote request: 5cef7d35-5853-4402-b8fc-0c0efab03ad9<-84cf0c76-78e0-494d-aa1f-4383c35cad34#0:OK-t3. Peer's state: 84cf0c76-78e0-494d-aa1f-4383c35cad34@group-5A12C23A624B:t3, leader=null, voted=5cef7d35-5853-4402-b8fc-0c0efab03ad9, raftlog=84cf0c76-78e0-494d-aa1f-4383c35cad34@group-5A12C23A624B-SegmentedRaftLog:OPENED:c-1,f-1,i0, conf=-1: [84cf0c76-78e0-494d-aa1f-4383c35cad34|rpc:10.1.0.23:32881|priority:0, f5ce720c-5ead-4d76-b65c-e0941e033263|rpc:10.1.0.23:35407|priority:0, 5cef7d35-5853-4402-b8fc-0c0efab03ad9|rpc:10.1.0.23:45557|priority:1], old=null
2021-10-14 19:42:22,782 [grpc-default-executor-1] INFO  server.RaftServer$Division (RaftServerImpl.java:requestVote(1075)) - f5ce720c-5ead-4d76-b65c-e0941e033263@group-5A12C23A624B replies to ELECTION vote request: 5cef7d35-5853-4402-b8fc-0c0efab03ad9<-f5ce720c-5ead-4d76-b65c-e0941e033263#0:OK-t3. Peer's state: f5ce720c-5ead-4d76-b65c-e0941e033263@group-5A12C23A624B:t3, leader=null, voted=5cef7d35-5853-4402-b8fc-0c0efab03ad9, raftlog=f5ce720c-5ead-4d76-b65c-e0941e033263@group-5A12C23A624B-SegmentedRaftLog:OPENED:c-1,f-1,i0, conf=-1: [84cf0c76-78e0-494d-aa1f-4383c35cad34|rpc:10.1.0.23:32881|dataStream:|priority:0, f5ce720c-5ead-4d76-b65c-e0941e033263|rpc:10.1.0.23:35407|dataStream:|priority:0, 5cef7d35-5853-4402-b8fc-0c0efab03ad9|rpc:10.1.0.23:45557|dataStream:|priority:1], old=null
2021-10-14 19:42:22,783 [5cef7d35-5853-4402-b8fc-0c0efab03ad9@group-5A12C23A624B-LeaderElection19] INFO  impl.LeaderElection (LeaderElection.java:logAndReturn(89)) - 5cef7d35-5853-4402-b8fc-0c0efab03ad9@group-5A12C23A624B-LeaderElection19: ELECTION PASSED received 1 response(s) and 0 exception(s):
2021-10-14 19:42:22,783 [5cef7d35-5853-4402-b8fc-0c0efab03ad9@group-5A12C23A624B-LeaderElection19] INFO  impl.LeaderElection (LeaderElection.java:logAndReturn(93)) -   Response 0: 5cef7d35-5853-4402-b8fc-0c0efab03ad9<-f5ce720c-5ead-4d76-b65c-e0941e033263#0:OK-t3
2021-10-14 19:42:22,783 [5cef7d35-5853-4402-b8fc-0c0efab03ad9@group-5A12C23A624B-LeaderElection19] INFO  impl.LeaderElection (LeaderElection.java:askForVotes(308)) - 5cef7d35-5853-4402-b8fc-0c0efab03ad9@group-5A12C23A624B-LeaderElection19 ELECTION round 0: result PASSED
2021-10-14 19:42:22,784 [5cef7d35-5853-4402-b8fc-0c0efab03ad9@group-5A12C23A624B-LeaderElection19] INFO  impl.RoleInfo (RoleInfo.java:shutdownLeaderElection(121)) - 5cef7d35-5853-4402-b8fc-0c0efab03ad9: shutdown 5cef7d35-5853-4402-b8fc-0c0efab03ad9@group-5A12C23A624B-LeaderElection19
2021-10-14 19:42:22,784 [5cef7d35-5853-4402-b8fc-0c0efab03ad9@group-5A12C23A624B-LeaderElection19] INFO  server.RaftServer$Division (RaftServerImpl.java:setRole(285)) - 5cef7d35-5853-4402-b8fc-0c0efab03ad9@group-5A12C23A624B: changes role from CANDIDATE to LEADER at term 3 for changeToLeader
2021-10-14 19:42:22,784 [5cef7d35-5853-4402-b8fc-0c0efab03ad9@group-5A12C23A624B-LeaderElection19] INFO  ratis.XceiverServerRatis (XceiverServerRatis.java:handleLeaderChangedNotification(866)) - Leader change notification received for group: group-5A12C23A624B with new leaderId: 5cef7d35-5853-4402-b8fc-0c0efab03ad9
2021-10-14 19:42:22,784 [5cef7d35-5853-4402-b8fc-0c0efab03ad9@group-5A12C23A624B-LeaderElection19] INFO  server.RaftServer$Division (ServerState.java:setLeader(285)) - 5cef7d35-5853-4402-b8fc-0c0efab03ad9@group-5A12C23A624B: change Leader from null to 5cef7d35-5853-4402-b8fc-0c0efab03ad9 at term 3 for becomeLeader, leader elected after 15449ms
2021-10-14 19:42:22,784 [5cef7d35-5853-4402-b8fc-0c0efab03ad9@group-5A12C23A624B-LeaderElection19] INFO  server.RaftServerConfigKeys (ConfUtils.java:logGet(44)) - raft.server.staging.catchup.gap = 1000 (default)
2021-10-14 19:42:22,784 [Datanode State Machine Thread - 0] WARN  statemachine.StateContext (StateContext.java:execute(621)) - No available thread in pool for past 1 seconds.
2021-10-14 19:42:22,784 [5cef7d35-5853-4402-b8fc-0c0efab03ad9@group-5A12C23A624B-LeaderElection19] INFO  server.RaftServerConfigKeys (ConfUtils.java:logGet(44)) - raft.server.write.element-limit = 1024 (custom)
2021-10-14 19:42:22,784 [5cef7d35-5853-4402-b8fc-0c0efab03ad9@group-5A12C23A624B-LeaderElection19] INFO  server.RaftServerConfigKeys (ConfUtils.java:logGet(44)) - raft.server.write.byte-limit = 1024 M (=1073741824) (custom)
2021-10-14 19:42:22,785 [5cef7d35-5853-4402-b8fc-0c0efab03ad9@group-5A12C23A624B-LeaderElection19] INFO  server.RaftServerConfigKeys (ConfUtils.java:logGet(44)) - raft.server.watch.timeout = 3000ms (custom)
2021-10-14 19:42:22,785 [5cef7d35-5853-4402-b8fc-0c0efab03ad9@group-5A12C23A624B-LeaderElection19] INFO  server.RaftServerConfigKeys (ConfUtils.java:logGet(44)) - raft.server.watch.timeout.denomination = 1s (default)
2021-10-14 19:42:22,785 [5cef7d35-5853-4402-b8fc-0c0efab03ad9@group-5A12C23A624B-LeaderElection19] INFO  server.RaftServerConfigKeys (ConfUtils.java:logGet(44)) - raft.server.watch.element-limit = 65536 (default)
2021-10-14 19:42:22,785 [5cef7d35-5853-4402-b8fc-0c0efab03ad9@group-5A12C23A624B-LeaderElection19] INFO  server.RaftServerConfigKeys (ConfUtils.java:logGet(44)) - raft.server.log.appender.snapshot.chunk.size.max = 16MB (=16777216) (default)
2021-10-14 19:42:22,785 [5cef7d35-5853-4402-b8fc-0c0efab03ad9@group-5A12C23A624B-LeaderElection19] INFO  server.RaftServerConfigKeys (ConfUtils.java:logGet(44)) - raft.server.log.appender.buffer.byte-limit = 33554432 (custom)
2021-10-14 19:42:22,785 [5cef7d35-5853-4402-b8fc-0c0efab03ad9@group-5A12C23A624B-LeaderElection19] INFO  server.RaftServerConfigKeys (ConfUtils.java:logGet(44)) - raft.server.log.appender.buffer.element-limit = 1 (custom)
2021-10-14 19:42:22,785 [5cef7d35-5853-4402-b8fc-0c0efab03ad9@group-5A12C23A624B-LeaderElection19] INFO  grpc.GrpcConfigKeys (ConfUtils.java:logGet(44)) - raft.grpc.server.leader.outstanding.appends.max = 128 (default)
2021-10-14 19:42:22,786 [5cef7d35-5853-4402-b8fc-0c0efab03ad9@group-5A12C23A624B-LeaderElection19] INFO  server.RaftServerConfigKeys (ConfUtils.java:logGet(44)) - raft.server.rpc.request.timeout = 3000ms (default)
2021-10-14 19:42:22,786 [5cef7d35-5853-4402-b8fc-0c0efab03ad9@group-5A12C23A624B-LeaderElection19] INFO  server.RaftServerConfigKeys (ConfUtils.java:logGet(44)) - raft.server.log.appender.install.snapshot.enabled = false (custom)
2021-10-14 19:42:22,787 [5cef7d35-5853-4402-b8fc-0c0efab03ad9@group-5A12C23A624B-LeaderElection19] INFO  server.RaftServerConfigKeys (ConfUtils.java:logGet(44)) - raft.server.log.appender.snapshot.chunk.size.max = 16MB (=16777216) (default)
2021-10-14 19:42:22,787 [5cef7d35-5853-4402-b8fc-0c0efab03ad9@group-5A12C23A624B-LeaderElection19] INFO  server.RaftServerConfigKeys (ConfUtils.java:logGet(44)) - raft.server.log.appender.buffer.byte-limit = 33554432 (custom)
2021-10-14 19:42:22,787 [5cef7d35-5853-4402-b8fc-0c0efab03ad9@group-5A12C23A624B-LeaderElection19] INFO  server.RaftServerConfigKeys (ConfUtils.java:logGet(44)) - raft.server.log.appender.buffer.element-limit = 1 (custom)
2021-10-14 19:42:22,787 [5cef7d35-5853-4402-b8fc-0c0efab03ad9@group-5A12C23A624B-LeaderElection19] INFO  grpc.GrpcConfigKeys (ConfUtils.java:logGet(44)) - raft.grpc.server.leader.outstanding.appends.max = 128 (default)
2021-10-14 19:42:22,787 [5cef7d35-5853-4402-b8fc-0c0efab03ad9@group-5A12C23A624B-LeaderElection19] INFO  server.RaftServerConfigKeys (ConfUtils.java:logGet(44)) - raft.server.rpc.request.timeout = 3000ms (default)
2021-10-14 19:42:22,788 [5cef7d35-5853-4402-b8fc-0c0efab03ad9@group-5A12C23A624B-LeaderElection19] INFO  server.RaftServerConfigKeys (ConfUtils.java:logGet(44)) - raft.server.log.appender.install.snapshot.enabled = false (custom)
2021-10-14 19:42:22,788 [EventQueue-PipelineReportForPipelineReportHandler] INFO  pipeline.PipelineManagerImpl (PipelineManagerImpl.java:openPipeline(282)) - Pipeline Pipeline[ Id: 262400e7-26fc-467b-ad1e-5a12c23a624b, Nodes: 5cef7d35-5853-4402-b8fc-0c0efab03ad9{ip: 10.1.0.23, host: fv-az184-831.3ow45vhwbzuu5incsxmygykede.cx.internal.cloudapp.net, ports: [REPLICATION=33651, RATIS=45557, RATIS_ADMIN=45557, RATIS_SERVER=45557, STANDALONE=44405], networkLocation: /default-rack, certSerialId: null, persistedOpState: IN_SERVICE, persistedOpStateExpiryEpochSec: 0}f5ce720c-5ead-4d76-b65c-e0941e033263{ip: 10.1.0.23, host: fv-az184-831.3ow45vhwbzuu5incsxmygykede.cx.internal.cloudapp.net, ports: [REPLICATION=39973, RATIS=35407, RATIS_ADMIN=35407, RATIS_SERVER=35407, STANDALONE=38067], networkLocation: /default-rack, certSerialId: null, persistedOpState: IN_SERVICE, persistedOpStateExpiryEpochSec: 0}84cf0c76-78e0-494d-aa1f-4383c35cad34{ip: 10.1.0.23, host: fv-az184-831.3ow45vhwbzuu5incsxmygykede.cx.internal.cloudapp.net, ports: [REPLICATION=38149, RATIS=32881, RATIS_ADMIN=32881, RATIS_SERVER=32881, STANDALONE=45499], networkLocation: /default-rack, certSerialId: null, persistedOpState: IN_SERVICE, persistedOpStateExpiryEpochSec: 0}, ReplicationConfig: RATIS/THREE, State:ALLOCATED, leaderId:5cef7d35-5853-4402-b8fc-0c0efab03ad9, CreationTimestamp2021-10-14T19:42:04.599Z[Etc/UTC]] moved to OPEN state
2021-10-14 19:42:22,788 [5cef7d35-5853-4402-b8fc-0c0efab03ad9@group-5A12C23A624B-LeaderElection19] INFO  impl.RoleInfo (RoleInfo.java:updateAndGet(130)) - 5cef7d35-5853-4402-b8fc-0c0efab03ad9: start 5cef7d35-5853-4402-b8fc-0c0efab03ad9@group-5A12C23A624B-LeaderStateImpl
2021-10-14 19:42:22,789 [5cef7d35-5853-4402-b8fc-0c0efab03ad9@group-5A12C23A624B-LeaderElection19] INFO  segmented.SegmentedRaftLogWorker (SegmentedRaftLogWorker.java:startLogSegment(394)) - 5cef7d35-5853-4402-b8fc-0c0efab03ad9@group-5A12C23A624B-SegmentedRaftLogWorker: Starting segment from index:0
2021-10-14 19:42:22,790 [5cef7d35-5853-4402-b8fc-0c0efab03ad9@group-5A12C23A624B-SegmentedRaftLogWorker] INFO  segmented.SegmentedRaftLogWorker (SegmentedRaftLogWorker.java:execute(601)) - 5cef7d35-5853-4402-b8fc-0c0efab03ad9@group-5A12C23A624B-SegmentedRaftLogWorker: created new log segment /home/runner/work/ozone/ozone/hadoop-ozone/integration-test/target/test-dir/MiniOzoneClusterImpl-0ea35d3c-98b9-4918-895e-fcd9be0efca6/datanode-5/data/ratis/262400e7-26fc-467b-ad1e-5a12c23a624b/current/log_inprogress_0
2021-10-14 19:42:22,795 [grpc-default-executor-1] INFO  ratis.XceiverServerRatis (XceiverServerRatis.java:handleLeaderChangedNotification(866)) - Leader change notification received for group: group-5A12C23A624B with new leaderId: 5cef7d35-5853-4402-b8fc-0c0efab03ad9
2021-10-14 19:42:22,795 [grpc-default-executor-1] INFO  server.RaftServer$Division (ServerState.java:setLeader(285)) - 84cf0c76-78e0-494d-aa1f-4383c35cad34@group-5A12C23A624B: change Leader from null to 5cef7d35-5853-4402-b8fc-0c0efab03ad9 at term 3 for appendEntries, leader elected after 15502ms
2021-10-14 19:42:22,802 [5cef7d35-5853-4402-b8fc-0c0efab03ad9@group-5A12C23A624B-LeaderElection19] INFO  server.RaftServer$Division (ServerState.java:setRaftConf(387)) - 5cef7d35-5853-4402-b8fc-0c0efab03ad9@group-5A12C23A624B: set configuration 0: [84cf0c76-78e0-494d-aa1f-4383c35cad34|rpc:10.1.0.23:32881|dataStream:|priority:0, f5ce720c-5ead-4d76-b65c-e0941e033263|rpc:10.1.0.23:35407|dataStream:|priority:0, 5cef7d35-5853-4402-b8fc-0c0efab03ad9|rpc:10.1.0.23:45557|dataStream:|priority:1], old=null
2021-10-14 19:42:22,813 [grpc-default-executor-0] INFO  ratis.XceiverServerRatis (XceiverServerRatis.java:handleLeaderChangedNotification(866)) - Leader change notification received for group: group-5A12C23A624B with new leaderId: 5cef7d35-5853-4402-b8fc-0c0efab03ad9
2021-10-14 19:42:22,813 [grpc-default-executor-0] INFO  server.RaftServer$Division (ServerState.java:setLeader(285)) - f5ce720c-5ead-4d76-b65c-e0941e033263@group-5A12C23A624B: change Leader from null to 5cef7d35-5853-4402-b8fc-0c0efab03ad9 at term 3 for appendEntries, leader elected after 15439ms
2021-10-14 19:42:22,822 [grpc-default-executor-1] INFO  server.RaftServer$Division (ServerState.java:setRaftConf(387)) - 84cf0c76-78e0-494d-aa1f-4383c35cad34@group-5A12C23A624B: set configuration 0: [84cf0c76-78e0-494d-aa1f-4383c35cad34|rpc:10.1.0.23:32881|dataStream:|priority:0, f5ce720c-5ead-4d76-b65c-e0941e033263|rpc:10.1.0.23:35407|dataStream:|priority:0, 5cef7d35-5853-4402-b8fc-0c0efab03ad9|rpc:10.1.0.23:45557|dataStream:|priority:1], old=null
2021-10-14 19:42:22,823 [grpc-default-executor-1] INFO  segmented.SegmentedRaftLogWorker (SegmentedRaftLogWorker.java:startLogSegment(394)) - 84cf0c76-78e0-494d-aa1f-4383c35cad34@group-5A12C23A624B-SegmentedRaftLogWorker: Starting segment from index:0
2021-10-14 19:42:22,823 [grpc-default-executor-0] INFO  server.RaftServer$Division (ServerState.java:setRaftConf(387)) - f5ce720c-5ead-4d76-b65c-e0941e033263@group-5A12C23A624B: set configuration 0: [84cf0c76-78e0-494d-aa1f-4383c35cad34|rpc:10.1.0.23:32881|dataStream:|priority:0, f5ce720c-5ead-4d76-b65c-e0941e033263|rpc:10.1.0.23:35407|dataStream:|priority:0, 5cef7d35-5853-4402-b8fc-0c0efab03ad9|rpc:10.1.0.23:45557|dataStream:|priority:1], old=null
2021-10-14 19:42:22,823 [grpc-default-executor-0] INFO  segmented.SegmentedRaftLogWorker (SegmentedRaftLogWorker.java:startLogSegment(394)) - f5ce720c-5ead-4d76-b65c-e0941e033263@group-5A12C23A624B-SegmentedRaftLogWorker: Starting segment from index:0
2021-10-14 19:42:22,824 [84cf0c76-78e0-494d-aa1f-4383c35cad34@group-5A12C23A624B-SegmentedRaftLogWorker] INFO  segmented.SegmentedRaftLogWorker (SegmentedRaftLogWorker.java:execute(601)) - 84cf0c76-78e0-494d-aa1f-4383c35cad34@group-5A12C23A624B-SegmentedRaftLogWorker: created new log segment /home/runner/work/ozone/ozone/hadoop-ozone/integration-test/target/test-dir/MiniOzoneClusterImpl-0ea35d3c-98b9-4918-895e-fcd9be0efca6/datanode-3/data/ratis/262400e7-26fc-467b-ad1e-5a12c23a624b/current/log_inprogress_0
2021-10-14 19:42:22,825 [f5ce720c-5ead-4d76-b65c-e0941e033263@group-5A12C23A624B-SegmentedRaftLogWorker] INFO  segmented.SegmentedRaftLogWorker (SegmentedRaftLogWorker.java:execute(601)) - f5ce720c-5ead-4d76-b65c-e0941e033263@group-5A12C23A624B-SegmentedRaftLogWorker: created new log segment /home/runner/work/ozone/ozone/hadoop-ozone/integration-test/target/test-dir/MiniOzoneClusterImpl-0ea35d3c-98b9-4918-895e-fcd9be0efca6/datanode-4/data/ratis/262400e7-26fc-467b-ad1e-5a12c23a624b/current/log_inprogress_0
2021-10-14 19:42:22,874 [5cef7d35-5853-4402-b8fc-0c0efab03ad9@group-D1ADC348C817-FollowerState] INFO  impl.FollowerState (FollowerState.java:run(134)) - 5cef7d35-5853-4402-b8fc-0c0efab03ad9@group-D1ADC348C817-FollowerState: change to CANDIDATE, lastRpcElapsedTime:5004452414ns, electionTimeout:5004ms
2021-10-14 19:42:22,874 [5cef7d35-5853-4402-b8fc-0c0efab03ad9@group-D1ADC348C817-FollowerState] INFO  impl.RoleInfo (RoleInfo.java:shutdownFollowerState(108)) - 5cef7d35-5853-4402-b8fc-0c0efab03ad9: shutdown 5cef7d35-5853-4402-b8fc-0c0efab03ad9@group-D1ADC348C817-FollowerState
2021-10-14 19:42:22,874 [5cef7d35-5853-4402-b8fc-0c0efab03ad9@group-D1ADC348C817-FollowerState] INFO  server.RaftServer$Division (RaftServerImpl.java:setRole(285)) - 5cef7d35-5853-4402-b8fc-0c0efab03ad9@group-D1ADC348C817: changes role from  FOLLOWER to CANDIDATE at term 4 for changeToCandidate
2021-10-14 19:42:22,874 [5cef7d35-5853-4402-b8fc-0c0efab03ad9@group-D1ADC348C817-FollowerState] INFO  server.RaftServerConfigKeys (ConfUtils.java:logGet(44)) - raft.server.leaderelection.pre-vote = false (custom)
2021-10-14 19:42:22,874 [5cef7d35-5853-4402-b8fc-0c0efab03ad9@group-D1ADC348C817-FollowerState] INFO  impl.RoleInfo (RoleInfo.java:updateAndGet(130)) - 5cef7d35-5853-4402-b8fc-0c0efab03ad9: start 5cef7d35-5853-4402-b8fc-0c0efab03ad9@group-D1ADC348C817-LeaderElection20
2021-10-14 19:42:22,878 [5cef7d35-5853-4402-b8fc-0c0efab03ad9@group-D1ADC348C817-LeaderElection20] INFO  impl.LeaderElection (LeaderElection.java:askForVotes(306)) - 5cef7d35-5853-4402-b8fc-0c0efab03ad9@group-D1ADC348C817-LeaderElection20 ELECTION round 0: submit vote requests at term 5 for -1: [84cf0c76-78e0-494d-aa1f-4383c35cad34|rpc:10.1.0.23:32881|dataStream:|priority:1, f5ce720c-5ead-4d76-b65c-e0941e033263|rpc:10.1.0.23:35407|dataStream:|priority:0, 5cef7d35-5853-4402-b8fc-0c0efab03ad9|rpc:10.1.0.23:45557|dataStream:|priority:0], old=null
2021-10-14 19:42:22,882 [grpc-default-executor-1] INFO  server.RaftServer$Division (RaftServerImpl.java:requestVote(1043)) - f5ce720c-5ead-4d76-b65c-e0941e033263@group-D1ADC348C817: receive requestVote(ELECTION, 5cef7d35-5853-4402-b8fc-0c0efab03ad9, group-D1ADC348C817, 5, (t:0, i:0))
2021-10-14 19:42:22,882 [grpc-default-executor-1] INFO  impl.VoteContext (VoteContext.java:log(48)) - f5ce720c-5ead-4d76-b65c-e0941e033263@group-D1ADC348C817-FOLLOWER: accept ELECTION from 5cef7d35-5853-4402-b8fc-0c0efab03ad9: our priority 0 <= candidate's priority 0
2021-10-14 19:42:22,882 [grpc-default-executor-1] INFO  server.RaftServer$Division (RaftServerImpl.java:setRole(285)) - f5ce720c-5ead-4d76-b65c-e0941e033263@group-D1ADC348C817: changes role from  FOLLOWER to FOLLOWER at term 5 for candidate:5cef7d35-5853-4402-b8fc-0c0efab03ad9
2021-10-14 19:42:22,882 [grpc-default-executor-1] INFO  impl.RoleInfo (RoleInfo.java:shutdownFollowerState(108)) - f5ce720c-5ead-4d76-b65c-e0941e033263: shutdown f5ce720c-5ead-4d76-b65c-e0941e033263@group-D1ADC348C817-FollowerState
2021-10-14 19:42:22,882 [grpc-default-executor-1] INFO  impl.RoleInfo (RoleInfo.java:updateAndGet(130)) - f5ce720c-5ead-4d76-b65c-e0941e033263: start f5ce720c-5ead-4d76-b65c-e0941e033263@group-D1ADC348C817-FollowerState
2021-10-14 19:42:22,883 [f5ce720c-5ead-4d76-b65c-e0941e033263@group-D1ADC348C817-FollowerState] INFO  impl.FollowerState (FollowerState.java:run(143)) - f5ce720c-5ead-4d76-b65c-e0941e033263@group-D1ADC348C817-FollowerState was interrupted: {}
java.lang.InterruptedException: sleep interrupted
	at java.lang.Thread.sleep(Native Method)
	at java.lang.Thread.sleep(Thread.java:340)
	at java.util.concurrent.TimeUnit.sleep(TimeUnit.java:386)
	at org.apache.ratis.util.TimeDuration.sleep(TimeDuration.java:324)
	at org.apache.ratis.util.TimeDuration.sleep(TimeDuration.java:309)
	at org.apache.ratis.server.impl.FollowerState.run(FollowerState.java:118)
2021-10-14 19:42:22,884 [grpc-default-executor-0] INFO  server.RaftServer$Division (RaftServerImpl.java:requestVote(1043)) - 84cf0c76-78e0-494d-aa1f-4383c35cad34@group-D1ADC348C817: receive requestVote(ELECTION, 5cef7d35-5853-4402-b8fc-0c0efab03ad9, group-D1ADC348C817, 5, (t:0, i:0))
2021-10-14 19:42:22,885 [grpc-default-executor-0] INFO  impl.VoteContext (VoteContext.java:log(48)) - 84cf0c76-78e0-494d-aa1f-4383c35cad34@group-D1ADC348C817-FOLLOWER: reject ELECTION from 5cef7d35-5853-4402-b8fc-0c0efab03ad9: our last entry (t:3, i:1) > candidate's last entry (t:0, i:0)
2021-10-14 19:42:22,885 [grpc-default-executor-0] INFO  server.RaftServer$Division (RaftServerImpl.java:setRole(285)) - 84cf0c76-78e0-494d-aa1f-4383c35cad34@group-D1ADC348C817: changes role from  FOLLOWER to FOLLOWER at term 5 for candidate:5cef7d35-5853-4402-b8fc-0c0efab03ad9
2021-10-14 19:42:22,885 [grpc-default-executor-0] INFO  impl.RoleInfo (RoleInfo.java:shutdownFollowerState(108)) - 84cf0c76-78e0-494d-aa1f-4383c35cad34: shutdown 84cf0c76-78e0-494d-aa1f-4383c35cad34@group-D1ADC348C817-FollowerState
2021-10-14 19:42:22,885 [grpc-default-executor-0] INFO  impl.RoleInfo (RoleInfo.java:updateAndGet(130)) - 84cf0c76-78e0-494d-aa1f-4383c35cad34: start 84cf0c76-78e0-494d-aa1f-4383c35cad34@group-D1ADC348C817-FollowerState
2021-10-14 19:42:22,885 [84cf0c76-78e0-494d-aa1f-4383c35cad34@group-D1ADC348C817-FollowerState] INFO  impl.FollowerState (FollowerState.java:run(143)) - 84cf0c76-78e0-494d-aa1f-4383c35cad34@group-D1ADC348C817-FollowerState was interrupted: {}
java.lang.InterruptedException: sleep interrupted
	at java.lang.Thread.sleep(Native Method)
	at java.lang.Thread.sleep(Thread.java:340)
	at java.util.concurrent.TimeUnit.sleep(TimeUnit.java:386)
	at org.apache.ratis.util.TimeDuration.sleep(TimeDuration.java:324)
	at org.apache.ratis.util.TimeDuration.sleep(TimeDuration.java:309)
	at org.apache.ratis.server.impl.FollowerState.run(FollowerState.java:118)
2021-10-14 19:42:22,890 [grpc-default-executor-1] INFO  server.RaftServer$Division (RaftServerImpl.java:requestVote(1075)) - f5ce720c-5ead-4d76-b65c-e0941e033263@group-D1ADC348C817 replies to ELECTION vote request: 5cef7d35-5853-4402-b8fc-0c0efab03ad9<-f5ce720c-5ead-4d76-b65c-e0941e033263#0:OK-t5. Peer's state: f5ce720c-5ead-4d76-b65c-e0941e033263@group-D1ADC348C817:t5, leader=null, voted=5cef7d35-5853-4402-b8fc-0c0efab03ad9, raftlog=f5ce720c-5ead-4d76-b65c-e0941e033263@group-D1ADC348C817-SegmentedRaftLog:OPENED:c-1,f-1,i0, conf=-1: [84cf0c76-78e0-494d-aa1f-4383c35cad34|rpc:10.1.0.23:32881|priority:1, f5ce720c-5ead-4d76-b65c-e0941e033263|rpc:10.1.0.23:35407|priority:0, 5cef7d35-5853-4402-b8fc-0c0efab03ad9|rpc:10.1.0.23:45557|priority:0], old=null
2021-10-14 19:42:22,892 [grpc-default-executor-0] INFO  server.RaftServer$Division (RaftServerImpl.java:requestVote(1075)) - 84cf0c76-78e0-494d-aa1f-4383c35cad34@group-D1ADC348C817 replies to ELECTION vote request: 5cef7d35-5853-4402-b8fc-0c0efab03ad9<-84cf0c76-78e0-494d-aa1f-4383c35cad34#0:FAIL-t5. Peer's state: 84cf0c76-78e0-494d-aa1f-4383c35cad34@group-D1ADC348C817:t5, leader=null, voted=null, raftlog=84cf0c76-78e0-494d-aa1f-4383c35cad34@group-D1ADC348C817-SegmentedRaftLog:OPENED:c-1,f1,i1, conf=1: [84cf0c76-78e0-494d-aa1f-4383c35cad34|rpc:10.1.0.23:32881|dataStream:|priority:1, f5ce720c-5ead-4d76-b65c-e0941e033263|rpc:10.1.0.23:35407|dataStream:|priority:0, 5cef7d35-5853-4402-b8fc-0c0efab03ad9|rpc:10.1.0.23:45557|dataStream:|priority:0], old=null
2021-10-14 19:42:22,895 [5cef7d35-5853-4402-b8fc-0c0efab03ad9@group-D1ADC348C817-LeaderElection20] INFO  impl.LeaderElection (LeaderElection.java:logAndReturn(89)) - 5cef7d35-5853-4402-b8fc-0c0efab03ad9@group-D1ADC348C817-LeaderElection20: ELECTION REJECTED received 2 response(s) and 0 exception(s):
2021-10-14 19:42:22,895 [5cef7d35-5853-4402-b8fc-0c0efab03ad9@group-D1ADC348C817-LeaderElection20] INFO  impl.LeaderElection (LeaderElection.java:logAndReturn(93)) -   Response 0: 5cef7d35-5853-4402-b8fc-0c0efab03ad9<-84cf0c76-78e0-494d-aa1f-4383c35cad34#0:FAIL-t5
2021-10-14 19:42:22,895 [5cef7d35-5853-4402-b8fc-0c0efab03ad9@group-D1ADC348C817-LeaderElection20] INFO  impl.LeaderElection (LeaderElection.java:logAndReturn(93)) -   Response 1: 5cef7d35-5853-4402-b8fc-0c0efab03ad9<-f5ce720c-5ead-4d76-b65c-e0941e033263#0:OK-t5
2021-10-14 19:42:22,895 [5cef7d35-5853-4402-b8fc-0c0efab03ad9@group-D1ADC348C817-LeaderElection20] INFO  impl.LeaderElection (LeaderElection.java:askForVotes(308)) - 5cef7d35-5853-4402-b8fc-0c0efab03ad9@group-D1ADC348C817-LeaderElection20 ELECTION round 0: result REJECTED
2021-10-14 19:42:22,895 [5cef7d35-5853-4402-b8fc-0c0efab03ad9@group-D1ADC348C817-LeaderElection20] INFO  server.RaftServer$Division (RaftServerImpl.java:setRole(285)) - 5cef7d35-5853-4402-b8fc-0c0efab03ad9@group-D1ADC348C817: changes role from CANDIDATE to FOLLOWER at term 5 for REJECTED
2021-10-14 19:42:22,895 [5cef7d35-5853-4402-b8fc-0c0efab03ad9@group-D1ADC348C817-LeaderElection20] INFO  impl.RoleInfo (RoleInfo.java:shutdownLeaderElection(121)) - 5cef7d35-5853-4402-b8fc-0c0efab03ad9: shutdown 5cef7d35-5853-4402-b8fc-0c0efab03ad9@group-D1ADC348C817-LeaderElection20
2021-10-14 19:42:22,895 [5cef7d35-5853-4402-b8fc-0c0efab03ad9@group-D1ADC348C817-LeaderElection20] INFO  impl.RoleInfo (RoleInfo.java:updateAndGet(130)) - 5cef7d35-5853-4402-b8fc-0c0efab03ad9: start 5cef7d35-5853-4402-b8fc-0c0efab03ad9@group-D1ADC348C817-FollowerState
2021-10-14 19:42:26,106 [Listener at 127.0.0.1/44077] INFO  ozone.MiniOzoneClusterImpl (MiniOzoneClusterImpl.java:shutdown(453)) - Shutting down the Mini Ozone Cluster
2021-10-14 19:42:26,106 [Listener at 127.0.0.1/44077] INFO  ozone.MiniOzoneClusterImpl (MiniOzoneClusterImpl.java:stop(468)) - Stopping the Mini Ozone Cluster
2021-10-14 19:42:26,106 [Listener at 127.0.0.1/44077] INFO  ozone.MiniOzoneClusterImpl (MiniOzoneClusterImpl.java:stopOM(550)) - Stopping the OzoneManager
2021-10-14 19:42:26,106 [Listener at 127.0.0.1/44077] INFO  om.OzoneManager (OzoneManager.java:stop(1664)) - Stopping Ozone Manager
2021-10-14 19:42:26,106 [Listener at 127.0.0.1/44077] INFO  ipc.Server (Server.java:stop(3414)) - Stopping server on 44077
2021-10-14 19:42:26,111 [IPC Server listener on 0] INFO  ipc.Server (Server.java:run(1376)) - Stopping IPC Server listener on 0
2021-10-14 19:42:26,111 [IPC Server Responder] INFO  ipc.Server (Server.java:run(1512)) - Stopping IPC Server Responder
2021-10-14 19:42:26,112 [Listener at 127.0.0.1/44077] INFO  server.RaftServer (RaftServerProxy.java:lambda$close$6(391)) - om1: close
2021-10-14 19:42:26,112 [Listener at 127.0.0.1/44077] INFO  server.RaftServer$Division (RaftServerImpl.java:lambda$close$4(407)) - om1@group-C5BA1605619E: shutdown
2021-10-14 19:42:26,113 [Listener at 127.0.0.1/44077] INFO  util.JmxRegister (JmxRegister.java:unregister(73)) - Successfully un-registered JMX Bean with object name Ratis:service=RaftServer,group=group-C5BA1605619E,id=om1
2021-10-14 19:42:26,113 [Listener at 127.0.0.1/44077] INFO  impl.RoleInfo (RoleInfo.java:shutdownLeaderState(91)) - om1: shutdown om1@group-C5BA1605619E-LeaderStateImpl
2021-10-14 19:42:26,113 [Listener at 127.0.0.1/44077] INFO  impl.PendingRequests (PendingRequests.java:sendNotLeaderResponses(282)) - om1@group-C5BA1605619E-PendingRequests: sendNotLeaderResponses
2021-10-14 19:42:26,115 [om1@group-C5BA1605619E-StateMachineUpdater] INFO  ratis.OzoneManagerStateMachine (OzoneManagerStateMachine.java:takeSnapshot(417)) - Current Snapshot Index (t:1, i:4)
2021-10-14 19:42:26,117 [om1@group-C5BA1605619E-StateMachineUpdater] INFO  impl.StateMachineUpdater (StateMachineUpdater.java:takeSnapshot(281)) - om1@group-C5BA1605619E-StateMachineUpdater: Took a snapshot at index 4
2021-10-14 19:42:26,117 [om1@group-C5BA1605619E-StateMachineUpdater] INFO  impl.StateMachineUpdater (StateMachineUpdater.java:lambda$new$0(89)) - om1@group-C5BA1605619E-StateMachineUpdater: snapshotIndex: updateIncreasingly -1 -> 4
2021-10-14 19:42:26,117 [om1@group-C5BA1605619E-StateMachineUpdater] INFO  ratis.OzoneManagerStateMachine (OzoneManagerStateMachine.java:close(471)) - StateMachine has shutdown. Shutdown OzoneManager if not already shutdown.
2021-10-14 19:42:26,118 [Listener at 127.0.0.1/44077] INFO  impl.StateMachineUpdater (StateMachineUpdater.java:stopAndJoin(149)) - om1@group-C5BA1605619E-StateMachineUpdater: set stopIndex = 4
2021-10-14 19:42:26,118 [Listener at 127.0.0.1/44077] INFO  server.RaftServer$Division (ServerState.java:close(419)) - om1@group-C5BA1605619E: closes. applyIndex: 4
2021-10-14 19:42:26,119 [om1@group-C5BA1605619E-SegmentedRaftLogWorker] INFO  segmented.SegmentedRaftLogWorker (SegmentedRaftLogWorker.java:run(327)) - om1@group-C5BA1605619E-SegmentedRaftLogWorker was interrupted, exiting. There are 0 tasks remaining in the queue.
2021-10-14 19:42:26,120 [Listener at 127.0.0.1/44077] INFO  segmented.SegmentedRaftLogWorker (SegmentedRaftLogWorker.java:close(237)) - om1@group-C5BA1605619E-SegmentedRaftLogWorker close()
2021-10-14 19:42:26,122 [Listener at 127.0.0.1/44077] INFO  server.GrpcService (GrpcService.java:closeImpl(262)) - om1: shutdown server with port 9872 now
2021-10-14 19:42:26,124 [Listener at 127.0.0.1/44077] INFO  server.GrpcService (GrpcService.java:closeImpl(271)) - om1: shutdown server with port 9872 successfully
2021-10-14 19:42:26,124 [org.apache.ratis.util.JvmPauseMonitor$$Lambda$531/694926949@3645b695] INFO  util.JvmPauseMonitor (JvmPauseMonitor.java:run(109)) - JvmPauseMonitor-om1: Stopped
2021-10-14 19:42:26,124 [Listener at 127.0.0.1/44077] INFO  ratis.OzoneManagerDoubleBuffer (OzoneManagerDoubleBuffer.java:stop(437)) - Stopping OMDoubleBuffer flush thread
2021-10-14 19:42:26,124 [OMDoubleBufferFlushThread] INFO  ratis.OzoneManagerDoubleBuffer (OzoneManagerDoubleBuffer.java:flushTransactions(356)) - OMDoubleBuffer flush thread OMDoubleBufferFlushThread is interrupted and will exit. OMDoubleBufferFlushThread
2021-10-14 19:42:26,125 [Listener at 127.0.0.1/44077] INFO  utils.BackgroundService (BackgroundService.java:shutdown(132)) - Shutting down service KeyDeletingService
2021-10-14 19:42:26,126 [Listener at 127.0.0.1/44077] INFO  utils.BackgroundService (BackgroundService.java:shutdown(132)) - Shutting down service DirectoryDeletingService
2021-10-14 19:42:26,127 [Listener at 127.0.0.1/44077] INFO  handler.ContextHandler (ContextHandler.java:doStop(1153)) - Stopped o.e.j.w.WebAppContext@7ff159f2{ozoneManager,/,null,STOPPED}{file:/home/runner/work/ozone/ozone/hadoop-ozone/integration-test/target/test-classes/webapps/ozoneManager}
2021-10-14 19:42:26,131 [Listener at 127.0.0.1/44077] INFO  server.AbstractConnector (AbstractConnector.java:doStop(381)) - Stopped ServerConnector@65632409{HTTP/1.1, (http/1.1)}{0.0.0.0:0}
2021-10-14 19:42:26,131 [Listener at 127.0.0.1/44077] INFO  server.session (HouseKeeper.java:stopScavenging(149)) - node0 Stopped scavenging
2021-10-14 19:42:26,132 [Listener at 127.0.0.1/44077] INFO  handler.ContextHandler (ContextHandler.java:doStop(1153)) - Stopped o.e.j.s.ServletContextHandler@69fa1088{static,/static,file:///home/runner/work/ozone/ozone/hadoop-ozone/integration-test/target/test-classes/webapps/static,STOPPED}
2021-10-14 19:42:26,132 [Listener at 127.0.0.1/44077] INFO  handler.ContextHandler (ContextHandler.java:doStop(1153)) - Stopped o.e.j.s.ServletContextHandler@2c05de1d{logs,/logs,file:///home/runner/work/ozone/ozone/hadoop-ozone/integration-test/target/log,STOPPED}
2021-10-14 19:42:26,134 [Listener at 127.0.0.1/44077] INFO  ozone.MiniOzoneClusterImpl (MiniOzoneClusterImpl.java:stopDatanodes(527)) - Stopping the HddsDatanodes
2021-10-14 19:42:27,939 [84cf0c76-78e0-494d-aa1f-4383c35cad34@group-D1ADC348C817-FollowerState] INFO  impl.FollowerState (FollowerState.java:run(134)) - 84cf0c76-78e0-494d-aa1f-4383c35cad34@group-D1ADC348C817-FollowerState: change to CANDIDATE, lastRpcElapsedTime:5053543130ns, electionTimeout:5047ms
2021-10-14 19:42:27,939 [84cf0c76-78e0-494d-aa1f-4383c35cad34@group-D1ADC348C817-FollowerState] INFO  impl.RoleInfo (RoleInfo.java:shutdownFollowerState(108)) - 84cf0c76-78e0-494d-aa1f-4383c35cad34: shutdown 84cf0c76-78e0-494d-aa1f-4383c35cad34@group-D1ADC348C817-FollowerState
2021-10-14 19:42:27,939 [84cf0c76-78e0-494d-aa1f-4383c35cad34@group-D1ADC348C817-FollowerState] INFO  server.RaftServer$Division (RaftServerImpl.java:setRole(285)) - 84cf0c76-78e0-494d-aa1f-4383c35cad34@group-D1ADC348C817: changes role from  FOLLOWER to CANDIDATE at term 5 for changeToCandidate
2021-10-14 19:42:27,939 [84cf0c76-78e0-494d-aa1f-4383c35cad34@group-D1ADC348C817-FollowerState] INFO  server.RaftServerConfigKeys (ConfUtils.java:logGet(44)) - raft.server.leaderelection.pre-vote = false (custom)
2021-10-14 19:42:27,939 [84cf0c76-78e0-494d-aa1f-4383c35cad34@group-D1ADC348C817-FollowerState] INFO  impl.RoleInfo (RoleInfo.java:updateAndGet(130)) - 84cf0c76-78e0-494d-aa1f-4383c35cad34: start 84cf0c76-78e0-494d-aa1f-4383c35cad34@group-D1ADC348C817-LeaderElection21
2021-10-14 19:42:27,942 [84cf0c76-78e0-494d-aa1f-4383c35cad34@group-D1ADC348C817-LeaderElection21] INFO  impl.LeaderElection (LeaderElection.java:askForVotes(306)) - 84cf0c76-78e0-494d-aa1f-4383c35cad34@group-D1ADC348C817-LeaderElection21 ELECTION round 0: submit vote requests at term 6 for 1: [84cf0c76-78e0-494d-aa1f-4383c35cad34|rpc:10.1.0.23:32881|dataStream:|priority:1, f5ce720c-5ead-4d76-b65c-e0941e033263|rpc:10.1.0.23:35407|dataStream:|priority:0, 5cef7d35-5853-4402-b8fc-0c0efab03ad9|rpc:10.1.0.23:45557|dataStream:|priority:0], old=null
2021-10-14 19:42:27,945 [grpc-default-executor-3] INFO  server.RaftServer$Division (RaftServerImpl.java:requestVote(1043)) - 5cef7d35-5853-4402-b8fc-0c0efab03ad9@group-D1ADC348C817: receive requestVote(ELECTION, 84cf0c76-78e0-494d-aa1f-4383c35cad34, group-D1ADC348C817, 6, (t:3, i:1))
2021-10-14 19:42:27,945 [grpc-default-executor-3] INFO  impl.VoteContext (VoteContext.java:log(48)) - 5cef7d35-5853-4402-b8fc-0c0efab03ad9@group-D1ADC348C817-FOLLOWER: accept ELECTION from 84cf0c76-78e0-494d-aa1f-4383c35cad34: our last entry null < candidate's last entry (t:3, i:1)
2021-10-14 19:42:27,945 [grpc-default-executor-3] INFO  server.RaftServer$Division (RaftServerImpl.java:setRole(285)) - 5cef7d35-5853-4402-b8fc-0c0efab03ad9@group-D1ADC348C817: changes role from  FOLLOWER to FOLLOWER at term 6 for candidate:84cf0c76-78e0-494d-aa1f-4383c35cad34
2021-10-14 19:42:27,945 [grpc-default-executor-3] INFO  impl.RoleInfo (RoleInfo.java:shutdownFollowerState(108)) - 5cef7d35-5853-4402-b8fc-0c0efab03ad9: shutdown 5cef7d35-5853-4402-b8fc-0c0efab03ad9@group-D1ADC348C817-FollowerState
2021-10-14 19:42:27,945 [grpc-default-executor-3] INFO  impl.RoleInfo (RoleInfo.java:updateAndGet(130)) - 5cef7d35-5853-4402-b8fc-0c0efab03ad9: start 5cef7d35-5853-4402-b8fc-0c0efab03ad9@group-D1ADC348C817-FollowerState
2021-10-14 19:42:27,947 [grpc-default-executor-0] INFO  server.RaftServer$Division (RaftServerImpl.java:requestVote(1043)) - f5ce720c-5ead-4d76-b65c-e0941e033263@group-D1ADC348C817: receive requestVote(ELECTION, 84cf0c76-78e0-494d-aa1f-4383c35cad34, group-D1ADC348C817, 6, (t:3, i:1))
2021-10-14 19:42:27,947 [grpc-default-executor-0] INFO  impl.VoteContext (VoteContext.java:log(48)) - f5ce720c-5ead-4d76-b65c-e0941e033263@group-D1ADC348C817-FOLLOWER: accept ELECTION from 84cf0c76-78e0-494d-aa1f-4383c35cad34: our last entry null < candidate's last entry (t:3, i:1)
2021-10-14 19:42:27,947 [grpc-default-executor-0] INFO  server.RaftServer$Division (RaftServerImpl.java:setRole(285)) - f5ce720c-5ead-4d76-b65c-e0941e033263@group-D1ADC348C817: changes role from  FOLLOWER to FOLLOWER at term 6 for candidate:84cf0c76-78e0-494d-aa1f-4383c35cad34
2021-10-14 19:42:27,947 [grpc-default-executor-0] INFO  impl.RoleInfo (RoleInfo.java:shutdownFollowerState(108)) - f5ce720c-5ead-4d76-b65c-e0941e033263: shutdown f5ce720c-5ead-4d76-b65c-e0941e033263@group-D1ADC348C817-FollowerState
2021-10-14 19:42:27,948 [grpc-default-executor-0] INFO  impl.RoleInfo (RoleInfo.java:updateAndGet(130)) - f5ce720c-5ead-4d76-b65c-e0941e033263: start f5ce720c-5ead-4d76-b65c-e0941e033263@group-D1ADC348C817-FollowerState
2021-10-14 19:42:27,948 [5cef7d35-5853-4402-b8fc-0c0efab03ad9@group-D1ADC348C817-FollowerState] INFO  impl.FollowerState (FollowerState.java:run(143)) - 5cef7d35-5853-4402-b8fc-0c0efab03ad9@group-D1ADC348C817-FollowerState was interrupted: {}
java.lang.InterruptedException: sleep interrupted
	at java.lang.Thread.sleep(Native Method)
	at java.lang.Thread.sleep(Thread.java:340)
	at java.util.concurrent.TimeUnit.sleep(TimeUnit.java:386)
	at org.apache.ratis.util.TimeDuration.sleep(TimeDuration.java:324)
	at org.apache.ratis.util.TimeDuration.sleep(TimeDuration.java:309)
	at org.apache.ratis.server.impl.FollowerState.run(FollowerState.java:118)
2021-10-14 19:42:27,948 [f5ce720c-5ead-4d76-b65c-e0941e033263@group-D1ADC348C817-FollowerState] INFO  impl.FollowerState (FollowerState.java:run(143)) - f5ce720c-5ead-4d76-b65c-e0941e033263@group-D1ADC348C817-FollowerState was interrupted: {}
java.lang.InterruptedException: sleep interrupted
	at java.lang.Thread.sleep(Native Method)
	at java.lang.Thread.sleep(Thread.java:340)
	at java.util.concurrent.TimeUnit.sleep(TimeUnit.java:386)
	at org.apache.ratis.util.TimeDuration.sleep(TimeDuration.java:324)
	at org.apache.ratis.util.TimeDuration.sleep(TimeDuration.java:309)
	at org.apache.ratis.server.impl.FollowerState.run(FollowerState.java:118)
2021-10-14 19:42:27,949 [grpc-default-executor-3] INFO  server.RaftServer$Division (RaftServerImpl.java:requestVote(1075)) - 5cef7d35-5853-4402-b8fc-0c0efab03ad9@group-D1ADC348C817 replies to ELECTION vote request: 84cf0c76-78e0-494d-aa1f-4383c35cad34<-5cef7d35-5853-4402-b8fc-0c0efab03ad9#0:OK-t6. Peer's state: 5cef7d35-5853-4402-b8fc-0c0efab03ad9@group-D1ADC348C817:t6, leader=null, voted=84cf0c76-78e0-494d-aa1f-4383c35cad34, raftlog=5cef7d35-5853-4402-b8fc-0c0efab03ad9@group-D1ADC348C817-SegmentedRaftLog:OPENED:c-1,f-1,i0, conf=-1: [84cf0c76-78e0-494d-aa1f-4383c35cad34|rpc:10.1.0.23:32881|dataStream:|priority:1, f5ce720c-5ead-4d76-b65c-e0941e033263|rpc:10.1.0.23:35407|dataStream:|priority:0, 5cef7d35-5853-4402-b8fc-0c0efab03ad9|rpc:10.1.0.23:45557|dataStream:|priority:0], old=null
2021-10-14 19:42:27,956 [grpc-default-executor-0] INFO  server.RaftServer$Division (RaftServerImpl.java:requestVote(1075)) - f5ce720c-5ead-4d76-b65c-e0941e033263@group-D1ADC348C817 replies to ELECTION vote request: 84cf0c76-78e0-494d-aa1f-4383c35cad34<-f5ce720c-5ead-4d76-b65c-e0941e033263#0:OK-t6. Peer's state: f5ce720c-5ead-4d76-b65c-e0941e033263@group-D1ADC348C817:t6, leader=null, voted=84cf0c76-78e0-494d-aa1f-4383c35cad34, raftlog=f5ce720c-5ead-4d76-b65c-e0941e033263@group-D1ADC348C817-SegmentedRaftLog:OPENED:c-1,f-1,i0, conf=-1: [84cf0c76-78e0-494d-aa1f-4383c35cad34|rpc:10.1.0.23:32881|priority:1, f5ce720c-5ead-4d76-b65c-e0941e033263|rpc:10.1.0.23:35407|priority:0, 5cef7d35-5853-4402-b8fc-0c0efab03ad9|rpc:10.1.0.23:45557|priority:0], old=null
2021-10-14 19:42:27,957 [84cf0c76-78e0-494d-aa1f-4383c35cad34@group-D1ADC348C817-LeaderElection21] INFO  impl.LeaderElection (LeaderElection.java:logAndReturn(89)) - 84cf0c76-78e0-494d-aa1f-4383c35cad34@group-D1ADC348C817-LeaderElection21: ELECTION PASSED received 1 response(s) and 0 exception(s):
2021-10-14 19:42:27,957 [84cf0c76-78e0-494d-aa1f-4383c35cad34@group-D1ADC348C817-LeaderElection21] INFO  impl.LeaderElection (LeaderElection.java:logAndReturn(93)) -   Response 0: 84cf0c76-78e0-494d-aa1f-4383c35cad34<-f5ce720c-5ead-4d76-b65c-e0941e033263#0:OK-t6
2021-10-14 19:42:27,957 [84cf0c76-78e0-494d-aa1f-4383c35cad34@group-D1ADC348C817-LeaderElection21] INFO  impl.LeaderElection (LeaderElection.java:askForVotes(308)) - 84cf0c76-78e0-494d-aa1f-4383c35cad34@group-D1ADC348C817-LeaderElection21 ELECTION round 0: result PASSED
2021-10-14 19:42:27,957 [84cf0c76-78e0-494d-aa1f-4383c35cad34@group-D1ADC348C817-LeaderElection21] INFO  impl.RoleInfo (RoleInfo.java:shutdownLeaderElection(121)) - 84cf0c76-78e0-494d-aa1f-4383c35cad34: shutdown 84cf0c76-78e0-494d-aa1f-4383c35cad34@group-D1ADC348C817-LeaderElection21
2021-10-14 19:42:27,957 [84cf0c76-78e0-494d-aa1f-4383c35cad34@group-D1ADC348C817-LeaderElection21] INFO  server.RaftServer$Division (RaftServerImpl.java:setRole(285)) - 84cf0c76-78e0-494d-aa1f-4383c35cad34@group-D1ADC348C817: changes role from CANDIDATE to LEADER at term 6 for changeToLeader
2021-10-14 19:42:27,957 [84cf0c76-78e0-494d-aa1f-4383c35cad34@group-D1ADC348C817-LeaderElection21] INFO  ratis.XceiverServerRatis (XceiverServerRatis.java:handleLeaderChangedNotification(866)) - Leader change notification received for group: group-D1ADC348C817 with new leaderId: 84cf0c76-78e0-494d-aa1f-4383c35cad34
2021-10-14 19:42:27,958 [84cf0c76-78e0-494d-aa1f-4383c35cad34@group-D1ADC348C817-LeaderElection21] INFO  server.RaftServer$Division (ServerState.java:setLeader(285)) - 84cf0c76-78e0-494d-aa1f-4383c35cad34@group-D1ADC348C817: change Leader from null to 84cf0c76-78e0-494d-aa1f-4383c35cad34 at term 6 for becomeLeader, leader elected after 10107ms
2021-10-14 19:42:27,958 [84cf0c76-78e0-494d-aa1f-4383c35cad34@group-D1ADC348C817-LeaderElection21] INFO  server.RaftServerConfigKeys (ConfUtils.java:logGet(44)) - raft.server.staging.catchup.gap = 1000 (default)
2021-10-14 19:42:27,958 [Datanode State Machine Thread - 0] WARN  statemachine.StateContext (StateContext.java:execute(621)) - No available thread in pool for past 1 seconds.
2021-10-14 19:42:27,958 [84cf0c76-78e0-494d-aa1f-4383c35cad34@group-D1ADC348C817-LeaderElection21] INFO  server.RaftServerConfigKeys (ConfUtils.java:logGet(44)) - raft.server.write.element-limit = 1024 (custom)
2021-10-14 19:42:27,958 [84cf0c76-78e0-494d-aa1f-4383c35cad34@group-D1ADC348C817-LeaderElection21] INFO  server.RaftServerConfigKeys (ConfUtils.java:logGet(44)) - raft.server.write.byte-limit = 1024 M (=1073741824) (custom)
2021-10-14 19:42:27,958 [84cf0c76-78e0-494d-aa1f-4383c35cad34@group-D1ADC348C817-LeaderElection21] INFO  server.RaftServerConfigKeys (ConfUtils.java:logGet(44)) - raft.server.watch.timeout = 3000ms (custom)
2021-10-14 19:42:27,958 [84cf0c76-78e0-494d-aa1f-4383c35cad34@group-D1ADC348C817-LeaderElection21] INFO  server.RaftServerConfigKeys (ConfUtils.java:logGet(44)) - raft.server.watch.timeout.denomination = 1s (default)
2021-10-14 19:42:27,959 [84cf0c76-78e0-494d-aa1f-4383c35cad34@group-D1ADC348C817-LeaderElection21] INFO  server.RaftServerConfigKeys (ConfUtils.java:logGet(44)) - raft.server.watch.element-limit = 65536 (default)
2021-10-14 19:42:27,959 [84cf0c76-78e0-494d-aa1f-4383c35cad34@group-D1ADC348C817-LeaderElection21] INFO  server.RaftServerConfigKeys (ConfUtils.java:logGet(44)) - raft.server.log.appender.snapshot.chunk.size.max = 16MB (=16777216) (default)
2021-10-14 19:42:27,959 [84cf0c76-78e0-494d-aa1f-4383c35cad34@group-D1ADC348C817-LeaderElection21] INFO  server.RaftServerConfigKeys (ConfUtils.java:logGet(44)) - raft.server.log.appender.buffer.byte-limit = 33554432 (custom)
2021-10-14 19:42:27,959 [84cf0c76-78e0-494d-aa1f-4383c35cad34@group-D1ADC348C817-LeaderElection21] INFO  server.RaftServerConfigKeys (ConfUtils.java:logGet(44)) - raft.server.log.appender.buffer.element-limit = 1 (custom)
2021-10-14 19:42:27,959 [84cf0c76-78e0-494d-aa1f-4383c35cad34@group-D1ADC348C817-LeaderElection21] INFO  grpc.GrpcConfigKeys (ConfUtils.java:logGet(44)) - raft.grpc.server.leader.outstanding.appends.max = 128 (default)
2021-10-14 19:42:27,959 [84cf0c76-78e0-494d-aa1f-4383c35cad34@group-D1ADC348C817-LeaderElection21] INFO  server.RaftServerConfigKeys (ConfUtils.java:logGet(44)) - raft.server.rpc.request.timeout = 3000ms (default)
2021-10-14 19:42:27,959 [84cf0c76-78e0-494d-aa1f-4383c35cad34@group-D1ADC348C817-LeaderElection21] INFO  server.RaftServerConfigKeys (ConfUtils.java:logGet(44)) - raft.server.log.appender.install.snapshot.enabled = false (custom)
2021-10-14 19:42:27,961 [84cf0c76-78e0-494d-aa1f-4383c35cad34@group-D1ADC348C817-LeaderElection21] INFO  server.RaftServerConfigKeys (ConfUtils.java:logGet(44)) - raft.server.log.appender.snapshot.chunk.size.max = 16MB (=16777216) (default)
2021-10-14 19:42:27,961 [84cf0c76-78e0-494d-aa1f-4383c35cad34@group-D1ADC348C817-LeaderElection21] INFO  server.RaftServerConfigKeys (ConfUtils.java:logGet(44)) - raft.server.log.appender.buffer.byte-limit = 33554432 (custom)
2021-10-14 19:42:27,961 [84cf0c76-78e0-494d-aa1f-4383c35cad34@group-D1ADC348C817-LeaderElection21] INFO  server.RaftServerConfigKeys (ConfUtils.java:logGet(44)) - raft.server.log.appender.buffer.element-limit = 1 (custom)
2021-10-14 19:42:27,962 [84cf0c76-78e0-494d-aa1f-4383c35cad34@group-D1ADC348C817-LeaderElection21] INFO  grpc.GrpcConfigKeys (ConfUtils.java:logGet(44)) - raft.grpc.server.leader.outstanding.appends.max = 128 (default)
2021-10-14 19:42:27,962 [84cf0c76-78e0-494d-aa1f-4383c35cad34@group-D1ADC348C817-LeaderElection21] INFO  server.RaftServerConfigKeys (ConfUtils.java:logGet(44)) - raft.server.rpc.request.timeout = 3000ms (default)
2021-10-14 19:42:27,962 [84cf0c76-78e0-494d-aa1f-4383c35cad34@group-D1ADC348C817-LeaderElection21] INFO  server.RaftServerConfigKeys (ConfUtils.java:logGet(44)) - raft.server.log.appender.install.snapshot.enabled = false (custom)
2021-10-14 19:42:27,962 [84cf0c76-78e0-494d-aa1f-4383c35cad34@group-D1ADC348C817-LeaderElection21] INFO  impl.RoleInfo (RoleInfo.java:updateAndGet(130)) - 84cf0c76-78e0-494d-aa1f-4383c35cad34: start 84cf0c76-78e0-494d-aa1f-4383c35cad34@group-D1ADC348C817-LeaderStateImpl
2021-10-14 19:42:27,963 [84cf0c76-78e0-494d-aa1f-4383c35cad34@group-D1ADC348C817-LeaderElection21] INFO  segmented.SegmentedRaftLogWorker (SegmentedRaftLogWorker.java:rollLogSegment(399)) - 84cf0c76-78e0-494d-aa1f-4383c35cad34@group-D1ADC348C817-SegmentedRaftLogWorker: Rolling segment log-1_1 to index:1
2021-10-14 19:42:27,963 [84cf0c76-78e0-494d-aa1f-4383c35cad34@group-D1ADC348C817-SegmentedRaftLogWorker] INFO  segmented.SegmentedRaftLogWorker (SegmentedRaftLogWorker.java:execute(558)) - 84cf0c76-78e0-494d-aa1f-4383c35cad34@group-D1ADC348C817-SegmentedRaftLogWorker: Rolled log segment from /home/runner/work/ozone/ozone/hadoop-ozone/integration-test/target/test-dir/MiniOzoneClusterImpl-0ea35d3c-98b9-4918-895e-fcd9be0efca6/datanode-3/data/ratis/ccb6fc38-415a-48b8-b2fb-d1adc348c817/current/log_inprogress_1 to /home/runner/work/ozone/ozone/hadoop-ozone/integration-test/target/test-dir/MiniOzoneClusterImpl-0ea35d3c-98b9-4918-895e-fcd9be0efca6/datanode-3/data/ratis/ccb6fc38-415a-48b8-b2fb-d1adc348c817/current/log_1-1
2021-10-14 19:42:27,964 [84cf0c76-78e0-494d-aa1f-4383c35cad34@group-D1ADC348C817-LeaderElection21] INFO  server.RaftServer$Division (ServerState.java:setRaftConf(387)) - 84cf0c76-78e0-494d-aa1f-4383c35cad34@group-D1ADC348C817: set configuration 2: [84cf0c76-78e0-494d-aa1f-4383c35cad34|rpc:10.1.0.23:32881|dataStream:|priority:1, f5ce720c-5ead-4d76-b65c-e0941e033263|rpc:10.1.0.23:35407|dataStream:|priority:0, 5cef7d35-5853-4402-b8fc-0c0efab03ad9|rpc:10.1.0.23:45557|dataStream:|priority:0], old=null
2021-10-14 19:42:27,969 [84cf0c76-78e0-494d-aa1f-4383c35cad34@group-D1ADC348C817-SegmentedRaftLogWorker] INFO  segmented.SegmentedRaftLogWorker (SegmentedRaftLogWorker.java:execute(601)) - 84cf0c76-78e0-494d-aa1f-4383c35cad34@group-D1ADC348C817-SegmentedRaftLogWorker: created new log segment /home/runner/work/ozone/ozone/hadoop-ozone/integration-test/target/test-dir/MiniOzoneClusterImpl-0ea35d3c-98b9-4918-895e-fcd9be0efca6/datanode-3/data/ratis/ccb6fc38-415a-48b8-b2fb-d1adc348c817/current/log_inprogress_2
2021-10-14 19:42:27,969 [grpc-default-executor-0] INFO  ratis.XceiverServerRatis (XceiverServerRatis.java:handleLeaderChangedNotification(866)) - Leader change notification received for group: group-D1ADC348C817 with new leaderId: 84cf0c76-78e0-494d-aa1f-4383c35cad34
2021-10-14 19:42:27,969 [grpc-default-executor-0] INFO  server.RaftServer$Division (ServerState.java:setLeader(285)) - 5cef7d35-5853-4402-b8fc-0c0efab03ad9@group-D1ADC348C817: change Leader from null to 84cf0c76-78e0-494d-aa1f-4383c35cad34 at term 6 for appendEntries, leader elected after 20494ms
2021-10-14 19:42:27,969 [grpc-default-executor-0] INFO  server.RaftServer$Division (RaftServerImpl.java:checkInconsistentAppendEntries(1319)) - 5cef7d35-5853-4402-b8fc-0c0efab03ad9@group-D1ADC348C817: Failed appendEntries as previous log entry ((t:3, i:1)) is not found
2021-10-14 19:42:27,970 [grpc-default-executor-0] INFO  server.RaftServer$Division (RaftServerImpl.java:checkInconsistentAppendEntries(1285)) - 5cef7d35-5853-4402-b8fc-0c0efab03ad9@group-D1ADC348C817: inconsistency entries. Reply:84cf0c76-78e0-494d-aa1f-4383c35cad34<-5cef7d35-5853-4402-b8fc-0c0efab03ad9#0:FAIL-t6,INCONSISTENCY,nextIndex=0,followerCommit=-1
2021-10-14 19:42:27,971 [grpc-default-executor-0] INFO  server.RaftServer$Division (RaftServerImpl.java:checkInconsistentAppendEntries(1319)) - 5cef7d35-5853-4402-b8fc-0c0efab03ad9@group-D1ADC348C817: Failed appendEntries as previous log entry ((t:3, i:1)) is not found
2021-10-14 19:42:27,971 [grpc-default-executor-0] INFO  server.RaftServer$Division (RaftServerImpl.java:checkInconsistentAppendEntries(1285)) - 5cef7d35-5853-4402-b8fc-0c0efab03ad9@group-D1ADC348C817: inconsistency entries. Reply:84cf0c76-78e0-494d-aa1f-4383c35cad34<-5cef7d35-5853-4402-b8fc-0c0efab03ad9#1:FAIL-t6,INCONSISTENCY,nextIndex=0,followerCommit=-1
2021-10-14 19:42:27,971 [grpc-default-executor-3] INFO  leader.FollowerInfo (FollowerInfoImpl.java:lambda$new$0(46)) - 84cf0c76-78e0-494d-aa1f-4383c35cad34@group-D1ADC348C817->5cef7d35-5853-4402-b8fc-0c0efab03ad9: nextIndex: updateUnconditionally 3 -> 0
2021-10-14 19:42:27,972 [grpc-default-executor-3] INFO  leader.FollowerInfo (FollowerInfoImpl.java:lambda$new$0(46)) - 84cf0c76-78e0-494d-aa1f-4383c35cad34@group-D1ADC348C817->5cef7d35-5853-4402-b8fc-0c0efab03ad9: nextIndex: updateUnconditionally 1 -> 0
2021-10-14 19:42:27,979 [grpc-default-executor-3] INFO  server.RaftServer$Division (ServerState.java:setRaftConf(387)) - 5cef7d35-5853-4402-b8fc-0c0efab03ad9@group-D1ADC348C817: set configuration 0: [84cf0c76-78e0-494d-aa1f-4383c35cad34|rpc:10.1.0.23:32881|dataStream:|priority:1, f5ce720c-5ead-4d76-b65c-e0941e033263|rpc:10.1.0.23:35407|dataStream:|priority:0, 5cef7d35-5853-4402-b8fc-0c0efab03ad9|rpc:10.1.0.23:45557|dataStream:|priority:0], old=null
2021-10-14 19:42:27,979 [grpc-default-executor-3] INFO  segmented.SegmentedRaftLogWorker (SegmentedRaftLogWorker.java:startLogSegment(394)) - 5cef7d35-5853-4402-b8fc-0c0efab03ad9@group-D1ADC348C817-SegmentedRaftLogWorker: Starting segment from index:0
2021-10-14 19:42:27,981 [5cef7d35-5853-4402-b8fc-0c0efab03ad9@group-D1ADC348C817-SegmentedRaftLogWorker] INFO  segmented.SegmentedRaftLogWorker (SegmentedRaftLogWorker.java:execute(601)) - 5cef7d35-5853-4402-b8fc-0c0efab03ad9@group-D1ADC348C817-SegmentedRaftLogWorker: created new log segment /home/runner/work/ozone/ozone/hadoop-ozone/integration-test/target/test-dir/MiniOzoneClusterImpl-0ea35d3c-98b9-4918-895e-fcd9be0efca6/datanode-5/data/ratis/ccb6fc38-415a-48b8-b2fb-d1adc348c817/current/log_inprogress_0
2021-10-14 19:42:27,982 [grpc-default-executor-0] INFO  ratis.XceiverServerRatis (XceiverServerRatis.java:handleLeaderChangedNotification(866)) - Leader change notification received for group: group-D1ADC348C817 with new leaderId: 84cf0c76-78e0-494d-aa1f-4383c35cad34
2021-10-14 19:42:27,982 [grpc-default-executor-0] INFO  server.RaftServer$Division (ServerState.java:setLeader(285)) - f5ce720c-5ead-4d76-b65c-e0941e033263@group-D1ADC348C817: change Leader from null to 84cf0c76-78e0-494d-aa1f-4383c35cad34 at term 6 for appendEntries, leader elected after 10125ms
2021-10-14 19:42:27,982 [grpc-default-executor-0] INFO  server.RaftServer$Division (RaftServerImpl.java:checkInconsistentAppendEntries(1319)) - f5ce720c-5ead-4d76-b65c-e0941e033263@group-D1ADC348C817: Failed appendEntries as previous log entry ((t:3, i:1)) is not found
2021-10-14 19:42:27,982 [grpc-default-executor-0] INFO  server.RaftServer$Division (RaftServerImpl.java:checkInconsistentAppendEntries(1285)) - f5ce720c-5ead-4d76-b65c-e0941e033263@group-D1ADC348C817: inconsistency entries. Reply:84cf0c76-78e0-494d-aa1f-4383c35cad34<-f5ce720c-5ead-4d76-b65c-e0941e033263#0:FAIL-t6,INCONSISTENCY,nextIndex=0,followerCommit=-1
2021-10-14 19:42:27,983 [grpc-default-executor-0] INFO  server.RaftServer$Division (RaftServerImpl.java:checkInconsistentAppendEntries(1319)) - f5ce720c-5ead-4d76-b65c-e0941e033263@group-D1ADC348C817: Failed appendEntries as previous log entry ((t:3, i:1)) is not found
2021-10-14 19:42:27,983 [grpc-default-executor-1] INFO  leader.FollowerInfo (FollowerInfoImpl.java:lambda$new$0(46)) - 84cf0c76-78e0-494d-aa1f-4383c35cad34@group-D1ADC348C817->f5ce720c-5ead-4d76-b65c-e0941e033263: nextIndex: updateUnconditionally 3 -> 0
2021-10-14 19:42:27,984 [grpc-default-executor-3] INFO  server.RaftServer$Division (ServerState.java:setRaftConf(387)) - 5cef7d35-5853-4402-b8fc-0c0efab03ad9@group-D1ADC348C817: set configuration 0: [84cf0c76-78e0-494d-aa1f-4383c35cad34|rpc:10.1.0.23:32881|dataStream:|priority:1, f5ce720c-5ead-4d76-b65c-e0941e033263|rpc:10.1.0.23:35407|dataStream:|priority:0, 5cef7d35-5853-4402-b8fc-0c0efab03ad9|rpc:10.1.0.23:45557|dataStream:|priority:0], old=null
2021-10-14 19:42:27,984 [grpc-default-executor-0] INFO  server.RaftServer$Division (RaftServerImpl.java:checkInconsistentAppendEntries(1285)) - f5ce720c-5ead-4d76-b65c-e0941e033263@group-D1ADC348C817: inconsistency entries. Reply:84cf0c76-78e0-494d-aa1f-4383c35cad34<-f5ce720c-5ead-4d76-b65c-e0941e033263#1:FAIL-t6,INCONSISTENCY,nextIndex=0,followerCommit=-1
2021-10-14 19:42:27,985 [grpc-default-executor-1] INFO  leader.FollowerInfo (FollowerInfoImpl.java:lambda$new$0(46)) - 84cf0c76-78e0-494d-aa1f-4383c35cad34@group-D1ADC348C817->f5ce720c-5ead-4d76-b65c-e0941e033263: nextIndex: updateUnconditionally 3 -> 0
2021-10-14 19:42:27,990 [grpc-default-executor-0] INFO  server.RaftServer$Division (ServerState.java:setRaftConf(387)) - f5ce720c-5ead-4d76-b65c-e0941e033263@group-D1ADC348C817: set configuration 0: [84cf0c76-78e0-494d-aa1f-4383c35cad34|rpc:10.1.0.23:32881|dataStream:|priority:1, f5ce720c-5ead-4d76-b65c-e0941e033263|rpc:10.1.0.23:35407|dataStream:|priority:0, 5cef7d35-5853-4402-b8fc-0c0efab03ad9|rpc:10.1.0.23:45557|dataStream:|priority:0], old=null
2021-10-14 19:42:27,990 [grpc-default-executor-0] INFO  segmented.SegmentedRaftLogWorker (SegmentedRaftLogWorker.java:startLogSegment(394)) - f5ce720c-5ead-4d76-b65c-e0941e033263@group-D1ADC348C817-SegmentedRaftLogWorker: Starting segment from index:0
2021-10-14 19:42:27,994 [f5ce720c-5ead-4d76-b65c-e0941e033263@group-D1ADC348C817-SegmentedRaftLogWorker] INFO  segmented.SegmentedRaftLogWorker (SegmentedRaftLogWorker.java:execute(601)) - f5ce720c-5ead-4d76-b65c-e0941e033263@group-D1ADC348C817-SegmentedRaftLogWorker: created new log segment /home/runner/work/ozone/ozone/hadoop-ozone/integration-test/target/test-dir/MiniOzoneClusterImpl-0ea35d3c-98b9-4918-895e-fcd9be0efca6/datanode-4/data/ratis/ccb6fc38-415a-48b8-b2fb-d1adc348c817/current/log_inprogress_0
2021-10-14 19:42:27,995 [grpc-default-executor-3] INFO  server.RaftServer$Division (ServerState.java:setRaftConf(387)) - 5cef7d35-5853-4402-b8fc-0c0efab03ad9@group-D1ADC348C817: set configuration 1: [84cf0c76-78e0-494d-aa1f-4383c35cad34|rpc:10.1.0.23:32881|dataStream:|priority:1, f5ce720c-5ead-4d76-b65c-e0941e033263|rpc:10.1.0.23:35407|dataStream:|priority:0, 5cef7d35-5853-4402-b8fc-0c0efab03ad9|rpc:10.1.0.23:45557|dataStream:|priority:0], old=null
2021-10-14 19:42:27,995 [grpc-default-executor-3] INFO  segmented.SegmentedRaftLogWorker (SegmentedRaftLogWorker.java:rollLogSegment(399)) - 5cef7d35-5853-4402-b8fc-0c0efab03ad9@group-D1ADC348C817-SegmentedRaftLogWorker: Rolling segment log-0_0 to index:0
2021-10-14 19:42:27,995 [grpc-default-executor-0] INFO  server.RaftServer$Division (ServerState.java:setRaftConf(387)) - f5ce720c-5ead-4d76-b65c-e0941e033263@group-D1ADC348C817: set configuration 1: [84cf0c76-78e0-494d-aa1f-4383c35cad34|rpc:10.1.0.23:32881|dataStream:|priority:1, f5ce720c-5ead-4d76-b65c-e0941e033263|rpc:10.1.0.23:35407|dataStream:|priority:0, 5cef7d35-5853-4402-b8fc-0c0efab03ad9|rpc:10.1.0.23:45557|dataStream:|priority:0], old=null
2021-10-14 19:42:27,996 [grpc-default-executor-0] INFO  segmented.SegmentedRaftLogWorker (SegmentedRaftLogWorker.java:rollLogSegment(399)) - f5ce720c-5ead-4d76-b65c-e0941e033263@group-D1ADC348C817-SegmentedRaftLogWorker: Rolling segment log-0_0 to index:0
2021-10-14 19:42:27,996 [5cef7d35-5853-4402-b8fc-0c0efab03ad9@group-D1ADC348C817-SegmentedRaftLogWorker] INFO  segmented.SegmentedRaftLogWorker (SegmentedRaftLogWorker.java:execute(558)) - 5cef7d35-5853-4402-b8fc-0c0efab03ad9@group-D1ADC348C817-SegmentedRaftLogWorker: Rolled log segment from /home/runner/work/ozone/ozone/hadoop-ozone/integration-test/target/test-dir/MiniOzoneClusterImpl-0ea35d3c-98b9-4918-895e-fcd9be0efca6/datanode-5/data/ratis/ccb6fc38-415a-48b8-b2fb-d1adc348c817/current/log_inprogress_0 to /home/runner/work/ozone/ozone/hadoop-ozone/integration-test/target/test-dir/MiniOzoneClusterImpl-0ea35d3c-98b9-4918-895e-fcd9be0efca6/datanode-5/data/ratis/ccb6fc38-415a-48b8-b2fb-d1adc348c817/current/log_0-0
2021-10-14 19:42:27,997 [5cef7d35-5853-4402-b8fc-0c0efab03ad9@group-D1ADC348C817-SegmentedRaftLogWorker] INFO  segmented.SegmentedRaftLogWorker (SegmentedRaftLogWorker.java:execute(601)) - 5cef7d35-5853-4402-b8fc-0c0efab03ad9@group-D1ADC348C817-SegmentedRaftLogWorker: created new log segment /home/runner/work/ozone/ozone/hadoop-ozone/integration-test/target/test-dir/MiniOzoneClusterImpl-0ea35d3c-98b9-4918-895e-fcd9be0efca6/datanode-5/data/ratis/ccb6fc38-415a-48b8-b2fb-d1adc348c817/current/log_inprogress_1
2021-10-14 19:42:27,997 [grpc-default-executor-0] INFO  server.RaftServer$Division (ServerState.java:setRaftConf(387)) - 5cef7d35-5853-4402-b8fc-0c0efab03ad9@group-D1ADC348C817: set configuration 2: [84cf0c76-78e0-494d-aa1f-4383c35cad34|rpc:10.1.0.23:32881|dataStream:|priority:1, f5ce720c-5ead-4d76-b65c-e0941e033263|rpc:10.1.0.23:35407|dataStream:|priority:0, 5cef7d35-5853-4402-b8fc-0c0efab03ad9|rpc:10.1.0.23:45557|dataStream:|priority:0], old=null
2021-10-14 19:42:27,997 [grpc-default-executor-0] INFO  segmented.SegmentedRaftLogWorker (SegmentedRaftLogWorker.java:rollLogSegment(399)) - 5cef7d35-5853-4402-b8fc-0c0efab03ad9@group-D1ADC348C817-SegmentedRaftLogWorker: Rolling segment log-1_1 to index:1
2021-10-14 19:42:27,999 [f5ce720c-5ead-4d76-b65c-e0941e033263@group-D1ADC348C817-SegmentedRaftLogWorker] INFO  segmented.SegmentedRaftLogWorker (SegmentedRaftLogWorker.java:execute(558)) - f5ce720c-5ead-4d76-b65c-e0941e033263@group-D1ADC348C817-SegmentedRaftLogWorker: Rolled log segment from /home/runner/work/ozone/ozone/hadoop-ozone/integration-test/target/test-dir/MiniOzoneClusterImpl-0ea35d3c-98b9-4918-895e-fcd9be0efca6/datanode-4/data/ratis/ccb6fc38-415a-48b8-b2fb-d1adc348c817/current/log_inprogress_0 to /home/runner/work/ozone/ozone/hadoop-ozone/integration-test/target/test-dir/MiniOzoneClusterImpl-0ea35d3c-98b9-4918-895e-fcd9be0efca6/datanode-4/data/ratis/ccb6fc38-415a-48b8-b2fb-d1adc348c817/current/log_0-0
2021-10-14 19:42:28,005 [grpc-default-executor-3] INFO  server.RaftServer$Division (ServerState.java:setRaftConf(387)) - f5ce720c-5ead-4d76-b65c-e0941e033263@group-D1ADC348C817: set configuration 2: [84cf0c76-78e0-494d-aa1f-4383c35cad34|rpc:10.1.0.23:32881|dataStream:|priority:1, f5ce720c-5ead-4d76-b65c-e0941e033263|rpc:10.1.0.23:35407|dataStream:|priority:0, 5cef7d35-5853-4402-b8fc-0c0efab03ad9|rpc:10.1.0.23:45557|dataStream:|priority:0], old=null
2021-10-14 19:42:28,005 [5cef7d35-5853-4402-b8fc-0c0efab03ad9@group-D1ADC348C817-SegmentedRaftLogWorker] INFO  segmented.SegmentedRaftLogWorker (SegmentedRaftLogWorker.java:execute(558)) - 5cef7d35-5853-4402-b8fc-0c0efab03ad9@group-D1ADC348C817-SegmentedRaftLogWorker: Rolled log segment from /home/runner/work/ozone/ozone/hadoop-ozone/integration-test/target/test-dir/MiniOzoneClusterImpl-0ea35d3c-98b9-4918-895e-fcd9be0efca6/datanode-5/data/ratis/ccb6fc38-415a-48b8-b2fb-d1adc348c817/current/log_inprogress_1 to /home/runner/work/ozone/ozone/hadoop-ozone/integration-test/target/test-dir/MiniOzoneClusterImpl-0ea35d3c-98b9-4918-895e-fcd9be0efca6/datanode-5/data/ratis/ccb6fc38-415a-48b8-b2fb-d1adc348c817/current/log_1-1
2021-10-14 19:42:28,005 [grpc-default-executor-3] INFO  segmented.SegmentedRaftLogWorker (SegmentedRaftLogWorker.java:rollLogSegment(399)) - f5ce720c-5ead-4d76-b65c-e0941e033263@group-D1ADC348C817-SegmentedRaftLogWorker: Rolling segment log-1_1 to index:1
2021-10-14 19:42:28,005 [f5ce720c-5ead-4d76-b65c-e0941e033263@group-D1ADC348C817-SegmentedRaftLogWorker] INFO  segmented.SegmentedRaftLogWorker (SegmentedRaftLogWorker.java:execute(601)) - f5ce720c-5ead-4d76-b65c-e0941e033263@group-D1ADC348C817-SegmentedRaftLogWorker: created new log segment /home/runner/work/ozone/ozone/hadoop-ozone/integration-test/target/test-dir/MiniOzoneClusterImpl-0ea35d3c-98b9-4918-895e-fcd9be0efca6/datanode-4/data/ratis/ccb6fc38-415a-48b8-b2fb-d1adc348c817/current/log_inprogress_1
2021-10-14 19:42:28,005 [grpc-default-executor-3] INFO  server.RaftServer$Division (ServerState.java:setRaftConf(387)) - f5ce720c-5ead-4d76-b65c-e0941e033263@group-D1ADC348C817: set configuration 0: [84cf0c76-78e0-494d-aa1f-4383c35cad34|rpc:10.1.0.23:32881|dataStream:|priority:1, f5ce720c-5ead-4d76-b65c-e0941e033263|rpc:10.1.0.23:35407|dataStream:|priority:0, 5cef7d35-5853-4402-b8fc-0c0efab03ad9|rpc:10.1.0.23:45557|dataStream:|priority:0], old=null
2021-10-14 19:42:28,006 [f5ce720c-5ead-4d76-b65c-e0941e033263@group-D1ADC348C817-SegmentedRaftLogWorker] INFO  segmented.SegmentedRaftLogWorker (SegmentedRaftLogWorker.java:execute(558)) - f5ce720c-5ead-4d76-b65c-e0941e033263@group-D1ADC348C817-SegmentedRaftLogWorker: Rolled log segment from /home/runner/work/ozone/ozone/hadoop-ozone/integration-test/target/test-dir/MiniOzoneClusterImpl-0ea35d3c-98b9-4918-895e-fcd9be0efca6/datanode-4/data/ratis/ccb6fc38-415a-48b8-b2fb-d1adc348c817/current/log_inprogress_1 to /home/runner/work/ozone/ozone/hadoop-ozone/integration-test/target/test-dir/MiniOzoneClusterImpl-0ea35d3c-98b9-4918-895e-fcd9be0efca6/datanode-4/data/ratis/ccb6fc38-415a-48b8-b2fb-d1adc348c817/current/log_1-1
2021-10-14 19:42:28,008 [5cef7d35-5853-4402-b8fc-0c0efab03ad9@group-D1ADC348C817-SegmentedRaftLogWorker] INFO  segmented.SegmentedRaftLogWorker (SegmentedRaftLogWorker.java:execute(601)) - 5cef7d35-5853-4402-b8fc-0c0efab03ad9@group-D1ADC348C817-SegmentedRaftLogWorker: created new log segment /home/runner/work/ozone/ozone/hadoop-ozone/integration-test/target/test-dir/MiniOzoneClusterImpl-0ea35d3c-98b9-4918-895e-fcd9be0efca6/datanode-5/data/ratis/ccb6fc38-415a-48b8-b2fb-d1adc348c817/current/log_inprogress_2
2021-10-14 19:42:28,009 [grpc-default-executor-3] INFO  server.RaftServer$Division (ServerState.java:setRaftConf(387)) - f5ce720c-5ead-4d76-b65c-e0941e033263@group-D1ADC348C817: set configuration 1: [84cf0c76-78e0-494d-aa1f-4383c35cad34|rpc:10.1.0.23:32881|dataStream:|priority:1, f5ce720c-5ead-4d76-b65c-e0941e033263|rpc:10.1.0.23:35407|dataStream:|priority:0, 5cef7d35-5853-4402-b8fc-0c0efab03ad9|rpc:10.1.0.23:45557|dataStream:|priority:0], old=null
2021-10-14 19:42:28,010 [grpc-default-executor-3] INFO  server.RaftServer$Division (ServerState.java:setRaftConf(387)) - f5ce720c-5ead-4d76-b65c-e0941e033263@group-D1ADC348C817: set configuration 2: [84cf0c76-78e0-494d-aa1f-4383c35cad34|rpc:10.1.0.23:32881|dataStream:|priority:1, f5ce720c-5ead-4d76-b65c-e0941e033263|rpc:10.1.0.23:35407|dataStream:|priority:0, 5cef7d35-5853-4402-b8fc-0c0efab03ad9|rpc:10.1.0.23:45557|dataStream:|priority:0], old=null
2021-10-14 19:42:28,013 [f5ce720c-5ead-4d76-b65c-e0941e033263@group-D1ADC348C817-SegmentedRaftLogWorker] INFO  segmented.SegmentedRaftLogWorker (SegmentedRaftLogWorker.java:execute(601)) - f5ce720c-5ead-4d76-b65c-e0941e033263@group-D1ADC348C817-SegmentedRaftLogWorker: created new log segment /home/runner/work/ozone/ozone/hadoop-ozone/integration-test/target/test-dir/MiniOzoneClusterImpl-0ea35d3c-98b9-4918-895e-fcd9be0efca6/datanode-4/data/ratis/ccb6fc38-415a-48b8-b2fb-d1adc348c817/current/log_inprogress_2
2021-10-14 19:42:31,136 [Listener at 127.0.0.1/44077] INFO  ozoneimpl.OzoneContainer (OzoneContainer.java:stop(325)) - Attempting to stop container services.
2021-10-14 19:42:31,136 [ForkJoinPool.commonPool-worker-1] INFO  ozoneimpl.OzoneContainer (OzoneContainer.java:stop(325)) - Attempting to stop container services.
2021-10-14 19:42:31,137 [ForkJoinPool.commonPool-worker-1] INFO  server.RaftServer (RaftServerProxy.java:lambda$close$6(391)) - 33764f87-9c6a-47d4-8cea-d0f1d2ec7fe6: close
2021-10-14 19:42:31,137 [ForkJoinPool.commonPool-worker-1] INFO  server.RaftServer$Division (RaftServerImpl.java:lambda$close$4(407)) - 33764f87-9c6a-47d4-8cea-d0f1d2ec7fe6@group-E6A68DCE718D: shutdown
2021-10-14 19:42:31,137 [ForkJoinPool.commonPool-worker-1] INFO  util.JmxRegister (JmxRegister.java:unregister(73)) - Successfully un-registered JMX Bean with object name Ratis:service=RaftServer,group=group-E6A68DCE718D,id=33764f87-9c6a-47d4-8cea-d0f1d2ec7fe6
2021-10-14 19:42:31,137 [ForkJoinPool.commonPool-worker-1] INFO  impl.RoleInfo (RoleInfo.java:shutdownFollowerState(108)) - 33764f87-9c6a-47d4-8cea-d0f1d2ec7fe6: shutdown 33764f87-9c6a-47d4-8cea-d0f1d2ec7fe6@group-E6A68DCE718D-FollowerState
2021-10-14 19:42:31,137 [ForkJoinPool.commonPool-worker-1] INFO  impl.StateMachineUpdater (StateMachineUpdater.java:stopAndJoin(149)) - 33764f87-9c6a-47d4-8cea-d0f1d2ec7fe6@group-E6A68DCE718D-StateMachineUpdater: set stopIndex = 0
2021-10-14 19:42:31,138 [33764f87-9c6a-47d4-8cea-d0f1d2ec7fe6@group-E6A68DCE718D-FollowerState] INFO  impl.FollowerState (FollowerState.java:run(143)) - 33764f87-9c6a-47d4-8cea-d0f1d2ec7fe6@group-E6A68DCE718D-FollowerState was interrupted: {}
java.lang.InterruptedException: sleep interrupted
	at java.lang.Thread.sleep(Native Method)
	at java.lang.Thread.sleep(Thread.java:340)
	at java.util.concurrent.TimeUnit.sleep(TimeUnit.java:386)
	at org.apache.ratis.util.TimeDuration.sleep(TimeDuration.java:324)
	at org.apache.ratis.util.TimeDuration.sleep(TimeDuration.java:309)
	at org.apache.ratis.server.impl.FollowerState.run(FollowerState.java:118)
2021-10-14 19:42:31,138 [33764f87-9c6a-47d4-8cea-d0f1d2ec7fe6@group-E6A68DCE718D-StateMachineUpdater] INFO  ratis.ContainerStateMachine (ContainerStateMachine.java:takeSnapshot(292)) - group-E6A68DCE718D: Taking a snapshot at:(t:1, i:0) file /home/runner/work/ozone/ozone/hadoop-ozone/integration-test/target/test-dir/MiniOzoneClusterImpl-0ea35d3c-98b9-4918-895e-fcd9be0efca6/datanode-1/data/ratis/61889154-9774-4b7a-8632-e6a68dce718d/sm/snapshot.1_0
2021-10-14 19:42:31,139 [Listener at 127.0.0.1/44077] INFO  server.RaftServer (RaftServerProxy.java:lambda$close$6(391)) - f5ce720c-5ead-4d76-b65c-e0941e033263: close
2021-10-14 19:42:31,139 [Listener at 127.0.0.1/44077] INFO  server.RaftServer$Division (RaftServerImpl.java:lambda$close$4(407)) - f5ce720c-5ead-4d76-b65c-e0941e033263@group-D1ADC348C817: shutdown
2021-10-14 19:42:31,139 [Listener at 127.0.0.1/44077] INFO  util.JmxRegister (JmxRegister.java:unregister(73)) - Successfully un-registered JMX Bean with object name Ratis:service=RaftServer,group=group-D1ADC348C817,id=f5ce720c-5ead-4d76-b65c-e0941e033263
2021-10-14 19:42:31,139 [Listener at 127.0.0.1/44077] INFO  impl.RoleInfo (RoleInfo.java:shutdownFollowerState(108)) - f5ce720c-5ead-4d76-b65c-e0941e033263: shutdown f5ce720c-5ead-4d76-b65c-e0941e033263@group-D1ADC348C817-FollowerState
2021-10-14 19:42:31,139 [Listener at 127.0.0.1/44077] INFO  impl.StateMachineUpdater (StateMachineUpdater.java:stopAndJoin(149)) - f5ce720c-5ead-4d76-b65c-e0941e033263@group-D1ADC348C817-StateMachineUpdater: set stopIndex = 3
2021-10-14 19:42:31,139 [f5ce720c-5ead-4d76-b65c-e0941e033263@group-D1ADC348C817-FollowerState] INFO  impl.FollowerState (FollowerState.java:run(143)) - f5ce720c-5ead-4d76-b65c-e0941e033263@group-D1ADC348C817-FollowerState was interrupted: {}
java.lang.InterruptedException: sleep interrupted
	at java.lang.Thread.sleep(Native Method)
	at java.lang.Thread.sleep(Thread.java:340)
	at java.util.concurrent.TimeUnit.sleep(TimeUnit.java:386)
	at org.apache.ratis.util.TimeDuration.sleep(TimeDuration.java:324)
	at org.apache.ratis.util.TimeDuration.sleep(TimeDuration.java:309)
	at org.apache.ratis.server.impl.FollowerState.run(FollowerState.java:118)
2021-10-14 19:42:31,140 [f5ce720c-5ead-4d76-b65c-e0941e033263@group-D1ADC348C817-StateMachineUpdater] INFO  ratis.ContainerStateMachine (ContainerStateMachine.java:takeSnapshot(292)) - group-D1ADC348C817: Taking a snapshot at:(t:6, i:3) file /home/runner/work/ozone/ozone/hadoop-ozone/integration-test/target/test-dir/MiniOzoneClusterImpl-0ea35d3c-98b9-4918-895e-fcd9be0efca6/datanode-4/data/ratis/ccb6fc38-415a-48b8-b2fb-d1adc348c817/sm/snapshot.6_3
2021-10-14 19:42:31,175 [f5ce720c-5ead-4d76-b65c-e0941e033263@group-D1ADC348C817-StateMachineUpdater] INFO  ratis.ContainerStateMachine (ContainerStateMachine.java:takeSnapshot(303)) - group-D1ADC348C817: Finished taking a snapshot at:(t:6, i:3) file:/home/runner/work/ozone/ozone/hadoop-ozone/integration-test/target/test-dir/MiniOzoneClusterImpl-0ea35d3c-98b9-4918-895e-fcd9be0efca6/datanode-4/data/ratis/ccb6fc38-415a-48b8-b2fb-d1adc348c817/sm/snapshot.6_3 took: 35 ms
2021-10-14 19:42:31,176 [f5ce720c-5ead-4d76-b65c-e0941e033263@group-D1ADC348C817-StateMachineUpdater] INFO  impl.StateMachineUpdater (StateMachineUpdater.java:takeSnapshot(281)) - f5ce720c-5ead-4d76-b65c-e0941e033263@group-D1ADC348C817-StateMachineUpdater: Took a snapshot at index 3
2021-10-14 19:42:31,176 [f5ce720c-5ead-4d76-b65c-e0941e033263@group-D1ADC348C817-StateMachineUpdater] INFO  impl.StateMachineUpdater (StateMachineUpdater.java:lambda$new$0(89)) - f5ce720c-5ead-4d76-b65c-e0941e033263@group-D1ADC348C817-StateMachineUpdater: snapshotIndex: updateIncreasingly -1 -> 3
2021-10-14 19:42:31,181 [Listener at 127.0.0.1/44077] INFO  server.RaftServer$Division (ServerState.java:close(419)) - f5ce720c-5ead-4d76-b65c-e0941e033263@group-D1ADC348C817: closes. applyIndex: 3
2021-10-14 19:42:31,181 [33764f87-9c6a-47d4-8cea-d0f1d2ec7fe6@group-E6A68DCE718D-StateMachineUpdater] INFO  ratis.ContainerStateMachine (ContainerStateMachine.java:takeSnapshot(303)) - group-E6A68DCE718D: Finished taking a snapshot at:(t:1, i:0) file:/home/runner/work/ozone/ozone/hadoop-ozone/integration-test/target/test-dir/MiniOzoneClusterImpl-0ea35d3c-98b9-4918-895e-fcd9be0efca6/datanode-1/data/ratis/61889154-9774-4b7a-8632-e6a68dce718d/sm/snapshot.1_0 took: 39 ms
2021-10-14 19:42:31,181 [f5ce720c-5ead-4d76-b65c-e0941e033263@group-D1ADC348C817-SegmentedRaftLogWorker] INFO  segmented.SegmentedRaftLogWorker (SegmentedRaftLogWorker.java:run(327)) - f5ce720c-5ead-4d76-b65c-e0941e033263@group-D1ADC348C817-SegmentedRaftLogWorker was interrupted, exiting. There are 0 tasks remaining in the queue.
2021-10-14 19:42:31,182 [33764f87-9c6a-47d4-8cea-d0f1d2ec7fe6@group-E6A68DCE718D-StateMachineUpdater] INFO  impl.StateMachineUpdater (StateMachineUpdater.java:takeSnapshot(281)) - 33764f87-9c6a-47d4-8cea-d0f1d2ec7fe6@group-E6A68DCE718D-StateMachineUpdater: Took a snapshot at index 0
2021-10-14 19:42:31,182 [33764f87-9c6a-47d4-8cea-d0f1d2ec7fe6@group-E6A68DCE718D-StateMachineUpdater] INFO  impl.StateMachineUpdater (StateMachineUpdater.java:lambda$new$0(89)) - 33764f87-9c6a-47d4-8cea-d0f1d2ec7fe6@group-E6A68DCE718D-StateMachineUpdater: snapshotIndex: updateIncreasingly -1 -> 0
2021-10-14 19:42:31,182 [Listener at 127.0.0.1/44077] INFO  segmented.SegmentedRaftLogWorker (SegmentedRaftLogWorker.java:close(237)) - f5ce720c-5ead-4d76-b65c-e0941e033263@group-D1ADC348C817-SegmentedRaftLogWorker close()
2021-10-14 19:42:31,183 [ForkJoinPool.commonPool-worker-1] INFO  server.RaftServer$Division (ServerState.java:close(419)) - 33764f87-9c6a-47d4-8cea-d0f1d2ec7fe6@group-E6A68DCE718D: closes. applyIndex: 0
2021-10-14 19:42:31,183 [Listener at 127.0.0.1/44077] INFO  server.RaftServer$Division (RaftServerImpl.java:lambda$close$4(407)) - f5ce720c-5ead-4d76-b65c-e0941e033263@group-5A12C23A624B: shutdown
2021-10-14 19:42:31,184 [Listener at 127.0.0.1/44077] INFO  util.JmxRegister (JmxRegister.java:unregister(73)) - Successfully un-registered JMX Bean with object name Ratis:service=RaftServer,group=group-5A12C23A624B,id=f5ce720c-5ead-4d76-b65c-e0941e033263
2021-10-14 19:42:31,184 [Listener at 127.0.0.1/44077] INFO  impl.RoleInfo (RoleInfo.java:shutdownFollowerState(108)) - f5ce720c-5ead-4d76-b65c-e0941e033263: shutdown f5ce720c-5ead-4d76-b65c-e0941e033263@group-5A12C23A624B-FollowerState
2021-10-14 19:42:31,184 [Listener at 127.0.0.1/44077] INFO  impl.StateMachineUpdater (StateMachineUpdater.java:stopAndJoin(149)) - f5ce720c-5ead-4d76-b65c-e0941e033263@group-5A12C23A624B-StateMachineUpdater: set stopIndex = 0
2021-10-14 19:42:31,184 [33764f87-9c6a-47d4-8cea-d0f1d2ec7fe6@group-E6A68DCE718D-SegmentedRaftLogWorker] INFO  segmented.SegmentedRaftLogWorker (SegmentedRaftLogWorker.java:run(327)) - 33764f87-9c6a-47d4-8cea-d0f1d2ec7fe6@group-E6A68DCE718D-SegmentedRaftLogWorker was interrupted, exiting. There are 0 tasks remaining in the queue.
2021-10-14 19:42:31,184 [f5ce720c-5ead-4d76-b65c-e0941e033263@group-5A12C23A624B-FollowerState] INFO  impl.FollowerState (FollowerState.java:run(143)) - f5ce720c-5ead-4d76-b65c-e0941e033263@group-5A12C23A624B-FollowerState was interrupted: {}
java.lang.InterruptedException: sleep interrupted
	at java.lang.Thread.sleep(Native Method)
	at java.lang.Thread.sleep(Thread.java:340)
	at java.util.concurrent.TimeUnit.sleep(TimeUnit.java:386)
	at org.apache.ratis.util.TimeDuration.sleep(TimeDuration.java:324)
	at org.apache.ratis.util.TimeDuration.sleep(TimeDuration.java:309)
	at org.apache.ratis.server.impl.FollowerState.run(FollowerState.java:118)
2021-10-14 19:42:31,185 [f5ce720c-5ead-4d76-b65c-e0941e033263@group-5A12C23A624B-StateMachineUpdater] INFO  ratis.ContainerStateMachine (ContainerStateMachine.java:takeSnapshot(292)) - group-5A12C23A624B: Taking a snapshot at:(t:3, i:0) file /home/runner/work/ozone/ozone/hadoop-ozone/integration-test/target/test-dir/MiniOzoneClusterImpl-0ea35d3c-98b9-4918-895e-fcd9be0efca6/datanode-4/data/ratis/262400e7-26fc-467b-ad1e-5a12c23a624b/sm/snapshot.3_0
2021-10-14 19:42:31,185 [f5ce720c-5ead-4d76-b65c-e0941e033263@group-5A12C23A624B-StateMachineUpdater] INFO  ratis.ContainerStateMachine (ContainerStateMachine.java:takeSnapshot(303)) - group-5A12C23A624B: Finished taking a snapshot at:(t:3, i:0) file:/home/runner/work/ozone/ozone/hadoop-ozone/integration-test/target/test-dir/MiniOzoneClusterImpl-0ea35d3c-98b9-4918-895e-fcd9be0efca6/datanode-4/data/ratis/262400e7-26fc-467b-ad1e-5a12c23a624b/sm/snapshot.3_0 took: 1 ms
2021-10-14 19:42:31,185 [ForkJoinPool.commonPool-worker-1] INFO  segmented.SegmentedRaftLogWorker (SegmentedRaftLogWorker.java:close(237)) - 33764f87-9c6a-47d4-8cea-d0f1d2ec7fe6@group-E6A68DCE718D-SegmentedRaftLogWorker close()
2021-10-14 19:42:31,186 [f5ce720c-5ead-4d76-b65c-e0941e033263@group-5A12C23A624B-StateMachineUpdater] INFO  impl.StateMachineUpdater (StateMachineUpdater.java:takeSnapshot(281)) - f5ce720c-5ead-4d76-b65c-e0941e033263@group-5A12C23A624B-StateMachineUpdater: Took a snapshot at index 0
2021-10-14 19:42:31,186 [f5ce720c-5ead-4d76-b65c-e0941e033263@group-5A12C23A624B-StateMachineUpdater] INFO  impl.StateMachineUpdater (StateMachineUpdater.java:lambda$new$0(89)) - f5ce720c-5ead-4d76-b65c-e0941e033263@group-5A12C23A624B-StateMachineUpdater: snapshotIndex: updateIncreasingly -1 -> 0
2021-10-14 19:42:31,187 [ForkJoinPool.commonPool-worker-1] INFO  server.RaftServer$Division (RaftServerImpl.java:lambda$close$4(407)) - 33764f87-9c6a-47d4-8cea-d0f1d2ec7fe6@group-2AF33CBCC870: shutdown
2021-10-14 19:42:31,187 [ForkJoinPool.commonPool-worker-1] INFO  util.JmxRegister (JmxRegister.java:unregister(73)) - Successfully un-registered JMX Bean with object name Ratis:service=RaftServer,group=group-2AF33CBCC870,id=33764f87-9c6a-47d4-8cea-d0f1d2ec7fe6
2021-10-14 19:42:31,187 [ForkJoinPool.commonPool-worker-1] INFO  impl.RoleInfo (RoleInfo.java:shutdownLeaderState(91)) - 33764f87-9c6a-47d4-8cea-d0f1d2ec7fe6: shutdown 33764f87-9c6a-47d4-8cea-d0f1d2ec7fe6@group-2AF33CBCC870-LeaderStateImpl
2021-10-14 19:42:31,187 [ForkJoinPool.commonPool-worker-1] INFO  impl.PendingRequests (PendingRequests.java:sendNotLeaderResponses(282)) - 33764f87-9c6a-47d4-8cea-d0f1d2ec7fe6@group-2AF33CBCC870-PendingRequests: sendNotLeaderResponses
2021-10-14 19:42:31,188 [ForkJoinPool.commonPool-worker-1] INFO  impl.StateMachineUpdater (StateMachineUpdater.java:stopAndJoin(149)) - 33764f87-9c6a-47d4-8cea-d0f1d2ec7fe6@group-2AF33CBCC870-StateMachineUpdater: set stopIndex = 0
2021-10-14 19:42:31,188 [Listener at 127.0.0.1/44077] INFO  server.RaftServer$Division (ServerState.java:close(419)) - f5ce720c-5ead-4d76-b65c-e0941e033263@group-5A12C23A624B: closes. applyIndex: 0
2021-10-14 19:42:31,188 [33764f87-9c6a-47d4-8cea-d0f1d2ec7fe6@group-2AF33CBCC870-StateMachineUpdater] INFO  ratis.ContainerStateMachine (ContainerStateMachine.java:takeSnapshot(292)) - group-2AF33CBCC870: Taking a snapshot at:(t:1, i:0) file /home/runner/work/ozone/ozone/hadoop-ozone/integration-test/target/test-dir/MiniOzoneClusterImpl-0ea35d3c-98b9-4918-895e-fcd9be0efca6/datanode-1/data/ratis/d7aed16f-6405-4bd7-8b7b-2af33cbcc870/sm/snapshot.1_0
2021-10-14 19:42:31,188 [f5ce720c-5ead-4d76-b65c-e0941e033263@group-5A12C23A624B-SegmentedRaftLogWorker] INFO  segmented.SegmentedRaftLogWorker (SegmentedRaftLogWorker.java:run(327)) - f5ce720c-5ead-4d76-b65c-e0941e033263@group-5A12C23A624B-SegmentedRaftLogWorker was interrupted, exiting. There are 0 tasks remaining in the queue.
2021-10-14 19:42:31,189 [33764f87-9c6a-47d4-8cea-d0f1d2ec7fe6@group-2AF33CBCC870-StateMachineUpdater] INFO  ratis.ContainerStateMachine (ContainerStateMachine.java:takeSnapshot(303)) - group-2AF33CBCC870: Finished taking a snapshot at:(t:1, i:0) file:/home/runner/work/ozone/ozone/hadoop-ozone/integration-test/target/test-dir/MiniOzoneClusterImpl-0ea35d3c-98b9-4918-895e-fcd9be0efca6/datanode-1/data/ratis/d7aed16f-6405-4bd7-8b7b-2af33cbcc870/sm/snapshot.1_0 took: 1 ms
2021-10-14 19:42:31,189 [Listener at 127.0.0.1/44077] INFO  segmented.SegmentedRaftLogWorker (SegmentedRaftLogWorker.java:close(237)) - f5ce720c-5ead-4d76-b65c-e0941e033263@group-5A12C23A624B-SegmentedRaftLogWorker close()
2021-10-14 19:42:31,189 [33764f87-9c6a-47d4-8cea-d0f1d2ec7fe6@group-2AF33CBCC870-StateMachineUpdater] INFO  impl.StateMachineUpdater (StateMachineUpdater.java:takeSnapshot(281)) - 33764f87-9c6a-47d4-8cea-d0f1d2ec7fe6@group-2AF33CBCC870-StateMachineUpdater: Took a snapshot at index 0
2021-10-14 19:42:31,190 [33764f87-9c6a-47d4-8cea-d0f1d2ec7fe6@group-2AF33CBCC870-StateMachineUpdater] INFO  impl.StateMachineUpdater (StateMachineUpdater.java:lambda$new$0(89)) - 33764f87-9c6a-47d4-8cea-d0f1d2ec7fe6@group-2AF33CBCC870-StateMachineUpdater: snapshotIndex: updateIncreasingly -1 -> 0
2021-10-14 19:42:31,190 [Listener at 127.0.0.1/44077] INFO  server.RaftServer$Division (RaftServerImpl.java:lambda$close$4(407)) - f5ce720c-5ead-4d76-b65c-e0941e033263@group-E2775835631E: shutdown
2021-10-14 19:42:31,190 [Listener at 127.0.0.1/44077] INFO  util.JmxRegister (JmxRegister.java:unregister(73)) - Successfully un-registered JMX Bean with object name Ratis:service=RaftServer,group=group-E2775835631E,id=f5ce720c-5ead-4d76-b65c-e0941e033263
2021-10-14 19:42:31,190 [Listener at 127.0.0.1/44077] INFO  impl.RoleInfo (RoleInfo.java:shutdownLeaderState(91)) - f5ce720c-5ead-4d76-b65c-e0941e033263: shutdown f5ce720c-5ead-4d76-b65c-e0941e033263@group-E2775835631E-LeaderStateImpl
2021-10-14 19:42:31,190 [ForkJoinPool.commonPool-worker-1] INFO  server.RaftServer$Division (ServerState.java:close(419)) - 33764f87-9c6a-47d4-8cea-d0f1d2ec7fe6@group-2AF33CBCC870: closes. applyIndex: 0
2021-10-14 19:42:31,191 [Listener at 127.0.0.1/44077] INFO  impl.PendingRequests (PendingRequests.java:sendNotLeaderResponses(282)) - f5ce720c-5ead-4d76-b65c-e0941e033263@group-E2775835631E-PendingRequests: sendNotLeaderResponses
2021-10-14 19:42:31,191 [33764f87-9c6a-47d4-8cea-d0f1d2ec7fe6@group-2AF33CBCC870-SegmentedRaftLogWorker] INFO  segmented.SegmentedRaftLogWorker (SegmentedRaftLogWorker.java:run(327)) - 33764f87-9c6a-47d4-8cea-d0f1d2ec7fe6@group-2AF33CBCC870-SegmentedRaftLogWorker was interrupted, exiting. There are 0 tasks remaining in the queue.
2021-10-14 19:42:31,191 [f5ce720c-5ead-4d76-b65c-e0941e033263@group-E2775835631E-StateMachineUpdater] INFO  ratis.ContainerStateMachine (ContainerStateMachine.java:takeSnapshot(292)) - group-E2775835631E: Taking a snapshot at:(t:1, i:0) file /home/runner/work/ozone/ozone/hadoop-ozone/integration-test/target/test-dir/MiniOzoneClusterImpl-0ea35d3c-98b9-4918-895e-fcd9be0efca6/datanode-4/data/ratis/1de137e8-05ba-442f-8eff-e2775835631e/sm/snapshot.1_0
2021-10-14 19:42:31,192 [Listener at 127.0.0.1/44077] INFO  impl.StateMachineUpdater (StateMachineUpdater.java:stopAndJoin(149)) - f5ce720c-5ead-4d76-b65c-e0941e033263@group-E2775835631E-StateMachineUpdater: set stopIndex = 0
2021-10-14 19:42:31,192 [f5ce720c-5ead-4d76-b65c-e0941e033263@group-E2775835631E-StateMachineUpdater] INFO  ratis.ContainerStateMachine (ContainerStateMachine.java:takeSnapshot(303)) - group-E2775835631E: Finished taking a snapshot at:(t:1, i:0) file:/home/runner/work/ozone/ozone/hadoop-ozone/integration-test/target/test-dir/MiniOzoneClusterImpl-0ea35d3c-98b9-4918-895e-fcd9be0efca6/datanode-4/data/ratis/1de137e8-05ba-442f-8eff-e2775835631e/sm/snapshot.1_0 took: 1 ms
2021-10-14 19:42:31,192 [ForkJoinPool.commonPool-worker-1] INFO  segmented.SegmentedRaftLogWorker (SegmentedRaftLogWorker.java:close(237)) - 33764f87-9c6a-47d4-8cea-d0f1d2ec7fe6@group-2AF33CBCC870-SegmentedRaftLogWorker close()
2021-10-14 19:42:31,193 [f5ce720c-5ead-4d76-b65c-e0941e033263@group-E2775835631E-StateMachineUpdater] INFO  impl.StateMachineUpdater (StateMachineUpdater.java:takeSnapshot(281)) - f5ce720c-5ead-4d76-b65c-e0941e033263@group-E2775835631E-StateMachineUpdater: Took a snapshot at index 0
2021-10-14 19:42:31,194 [f5ce720c-5ead-4d76-b65c-e0941e033263@group-E2775835631E-StateMachineUpdater] INFO  impl.StateMachineUpdater (StateMachineUpdater.java:lambda$new$0(89)) - f5ce720c-5ead-4d76-b65c-e0941e033263@group-E2775835631E-StateMachineUpdater: snapshotIndex: updateIncreasingly -1 -> 0
2021-10-14 19:42:31,194 [ForkJoinPool.commonPool-worker-1] INFO  server.RaftServer$Division (RaftServerImpl.java:lambda$close$4(407)) - 33764f87-9c6a-47d4-8cea-d0f1d2ec7fe6@group-6FE54C72DDE9: shutdown
2021-10-14 19:42:31,194 [ForkJoinPool.commonPool-worker-1] INFO  util.JmxRegister (JmxRegister.java:unregister(73)) - Successfully un-registered JMX Bean with object name Ratis:service=RaftServer,group=group-6FE54C72DDE9,id=33764f87-9c6a-47d4-8cea-d0f1d2ec7fe6
2021-10-14 19:42:31,194 [ForkJoinPool.commonPool-worker-1] INFO  impl.RoleInfo (RoleInfo.java:shutdownLeaderState(91)) - 33764f87-9c6a-47d4-8cea-d0f1d2ec7fe6: shutdown 33764f87-9c6a-47d4-8cea-d0f1d2ec7fe6@group-6FE54C72DDE9-LeaderStateImpl
2021-10-14 19:42:31,194 [ForkJoinPool.commonPool-worker-1] INFO  impl.PendingRequests (PendingRequests.java:sendNotLeaderResponses(282)) - 33764f87-9c6a-47d4-8cea-d0f1d2ec7fe6@group-6FE54C72DDE9-PendingRequests: sendNotLeaderResponses
2021-10-14 19:42:31,194 [33764f87-9c6a-47d4-8cea-d0f1d2ec7fe6@group-6FE54C72DDE9->587c4370-f397-42e1-8c47-82ec3f79bf3a-GrpcLogAppender-LogAppenderDaemon] WARN  server.GrpcLogAppender (GrpcLogAppender.java:mayWait(175)) - 33764f87-9c6a-47d4-8cea-d0f1d2ec7fe6@group-6FE54C72DDE9->587c4370-f397-42e1-8c47-82ec3f79bf3a-GrpcLogAppender: Wait interrupted by java.lang.InterruptedException
2021-10-14 19:42:31,195 [ForkJoinPool.commonPool-worker-1] INFO  impl.StateMachineUpdater (StateMachineUpdater.java:stopAndJoin(149)) - 33764f87-9c6a-47d4-8cea-d0f1d2ec7fe6@group-6FE54C72DDE9-StateMachineUpdater: set stopIndex = 0
2021-10-14 19:42:31,195 [33764f87-9c6a-47d4-8cea-d0f1d2ec7fe6@group-6FE54C72DDE9->0b6bda71-48c1-453f-8afc-63104cab6d5d-GrpcLogAppender-LogAppenderDaemon] WARN  server.GrpcLogAppender (GrpcLogAppender.java:mayWait(175)) - 33764f87-9c6a-47d4-8cea-d0f1d2ec7fe6@group-6FE54C72DDE9->0b6bda71-48c1-453f-8afc-63104cab6d5d-GrpcLogAppender: Wait interrupted by java.lang.InterruptedException
2021-10-14 19:42:31,196 [grpc-default-executor-0] INFO  server.GrpcServerProtocolService (GrpcServerProtocolService.java:onCompleted(140)) - 587c4370-f397-42e1-8c47-82ec3f79bf3a: Completed APPEND_ENTRIES, lastRequest: 33764f87-9c6a-47d4-8cea-d0f1d2ec7fe6->587c4370-f397-42e1-8c47-82ec3f79bf3a#1-t2,previous=(t:0, i:0),leaderCommit=-1,initializing? true,entries: size=1, first=(t:2, i:0), CONFIGURATIONENTRY
2021-10-14 19:42:31,196 [33764f87-9c6a-47d4-8cea-d0f1d2ec7fe6@group-6FE54C72DDE9-StateMachineUpdater] INFO  ratis.ContainerStateMachine (ContainerStateMachine.java:takeSnapshot(292)) - group-6FE54C72DDE9: Taking a snapshot at:(t:2, i:0) file /home/runner/work/ozone/ozone/hadoop-ozone/integration-test/target/test-dir/MiniOzoneClusterImpl-0ea35d3c-98b9-4918-895e-fcd9be0efca6/datanode-1/data/ratis/9d216525-7da3-4ddd-a19b-6fe54c72dde9/sm/snapshot.2_0
2021-10-14 19:42:31,196 [grpc-default-executor-0] INFO  server.GrpcServerProtocolService (GrpcServerProtocolService.java:onCompleted(140)) - 0b6bda71-48c1-453f-8afc-63104cab6d5d: Completed APPEND_ENTRIES, lastRequest: 33764f87-9c6a-47d4-8cea-d0f1d2ec7fe6->0b6bda71-48c1-453f-8afc-63104cab6d5d#1-t2,previous=(t:0, i:0),leaderCommit=-1,initializing? true,entries: size=1, first=(t:2, i:0), CONFIGURATIONENTRY
2021-10-14 19:42:31,197 [33764f87-9c6a-47d4-8cea-d0f1d2ec7fe6@group-6FE54C72DDE9-StateMachineUpdater] INFO  ratis.ContainerStateMachine (ContainerStateMachine.java:takeSnapshot(303)) - group-6FE54C72DDE9: Finished taking a snapshot at:(t:2, i:0) file:/home/runner/work/ozone/ozone/hadoop-ozone/integration-test/target/test-dir/MiniOzoneClusterImpl-0ea35d3c-98b9-4918-895e-fcd9be0efca6/datanode-1/data/ratis/9d216525-7da3-4ddd-a19b-6fe54c72dde9/sm/snapshot.2_0 took: 1 ms
2021-10-14 19:42:31,197 [33764f87-9c6a-47d4-8cea-d0f1d2ec7fe6@group-6FE54C72DDE9-StateMachineUpdater] INFO  impl.StateMachineUpdater (StateMachineUpdater.java:takeSnapshot(281)) - 33764f87-9c6a-47d4-8cea-d0f1d2ec7fe6@group-6FE54C72DDE9-StateMachineUpdater: Took a snapshot at index 0
2021-10-14 19:42:31,197 [33764f87-9c6a-47d4-8cea-d0f1d2ec7fe6@group-6FE54C72DDE9-StateMachineUpdater] INFO  impl.StateMachineUpdater (StateMachineUpdater.java:lambda$new$0(89)) - 33764f87-9c6a-47d4-8cea-d0f1d2ec7fe6@group-6FE54C72DDE9-StateMachineUpdater: snapshotIndex: updateIncreasingly -1 -> 0
2021-10-14 19:42:31,198 [grpc-default-executor-5] INFO  server.GrpcLogAppender (GrpcLogAppender.java:onCompleted(344)) - 33764f87-9c6a-47d4-8cea-d0f1d2ec7fe6@group-6FE54C72DDE9->587c4370-f397-42e1-8c47-82ec3f79bf3a-AppendLogResponseHandler: follower responses appendEntries COMPLETED
2021-10-14 19:42:31,198 [grpc-default-executor-5] INFO  leader.FollowerInfo (FollowerInfoImpl.java:lambda$new$0(46)) - 33764f87-9c6a-47d4-8cea-d0f1d2ec7fe6@group-6FE54C72DDE9->587c4370-f397-42e1-8c47-82ec3f79bf3a: nextIndex: updateUnconditionally 1 -> 0
2021-10-14 19:42:31,198 [ForkJoinPool.commonPool-worker-1] INFO  server.RaftServer$Division (ServerState.java:close(419)) - 33764f87-9c6a-47d4-8cea-d0f1d2ec7fe6@group-6FE54C72DDE9: closes. applyIndex: 0
2021-10-14 19:42:31,198 [Listener at 127.0.0.1/44077] INFO  server.RaftServer$Division (ServerState.java:close(419)) - f5ce720c-5ead-4d76-b65c-e0941e033263@group-E2775835631E: closes. applyIndex: 0
2021-10-14 19:42:31,200 [grpc-default-executor-3] INFO  server.GrpcLogAppender (GrpcLogAppender.java:onCompleted(344)) - 33764f87-9c6a-47d4-8cea-d0f1d2ec7fe6@group-6FE54C72DDE9->0b6bda71-48c1-453f-8afc-63104cab6d5d-AppendLogResponseHandler: follower responses appendEntries COMPLETED
2021-10-14 19:42:31,200 [grpc-default-executor-3] INFO  leader.FollowerInfo (FollowerInfoImpl.java:lambda$new$0(46)) - 33764f87-9c6a-47d4-8cea-d0f1d2ec7fe6@group-6FE54C72DDE9->0b6bda71-48c1-453f-8afc-63104cab6d5d: nextIndex: updateUnconditionally 1 -> 0
2021-10-14 19:42:31,200 [33764f87-9c6a-47d4-8cea-d0f1d2ec7fe6@group-6FE54C72DDE9-SegmentedRaftLogWorker] INFO  segmented.SegmentedRaftLogWorker (SegmentedRaftLogWorker.java:run(327)) - 33764f87-9c6a-47d4-8cea-d0f1d2ec7fe6@group-6FE54C72DDE9-SegmentedRaftLogWorker was interrupted, exiting. There are 0 tasks remaining in the queue.
2021-10-14 19:42:31,201 [f5ce720c-5ead-4d76-b65c-e0941e033263@group-E2775835631E-SegmentedRaftLogWorker] INFO  segmented.SegmentedRaftLogWorker (SegmentedRaftLogWorker.java:run(327)) - f5ce720c-5ead-4d76-b65c-e0941e033263@group-E2775835631E-SegmentedRaftLogWorker was interrupted, exiting. There are 0 tasks remaining in the queue.
2021-10-14 19:42:31,202 [Listener at 127.0.0.1/44077] INFO  segmented.SegmentedRaftLogWorker (SegmentedRaftLogWorker.java:close(237)) - f5ce720c-5ead-4d76-b65c-e0941e033263@group-E2775835631E-SegmentedRaftLogWorker close()
2021-10-14 19:42:31,203 [Listener at 127.0.0.1/44077] INFO  server.GrpcService (GrpcService.java:closeImpl(262)) - f5ce720c-5ead-4d76-b65c-e0941e033263: shutdown server with port 35407 now
2021-10-14 19:42:31,210 [grpc-default-executor-3] WARN  server.GrpcServerProtocolService (LogUtils.java:warn(122)) - f5ce720c-5ead-4d76-b65c-e0941e033263: installSnapshot onError, lastRequest: 5cef7d35-5853-4402-b8fc-0c0efab03ad9->f5ce720c-5ead-4d76-b65c-e0941e033263#1-t3,previous=(t:0, i:0),leaderCommit=0,initializing? true,entries: size=1, first=(t:3, i:0), CONFIGURATIONENTRY: org.apache.ratis.thirdparty.io.grpc.StatusRuntimeException: CANCELLED: client cancelled
2021-10-14 19:42:31,212 [grpc-default-executor-0] WARN  server.GrpcServerProtocolService (LogUtils.java:warn(122)) - f5ce720c-5ead-4d76-b65c-e0941e033263: installSnapshot onError, lastRequest: 84cf0c76-78e0-494d-aa1f-4383c35cad34->f5ce720c-5ead-4d76-b65c-e0941e033263#8-t6,previous=(t:6, i:2),leaderCommit=2,initializing? true,entries: size=1, first=(t:6, i:3), METADATAENTRY(c:2): org.apache.ratis.thirdparty.io.grpc.StatusRuntimeException: CANCELLED: client cancelled
2021-10-14 19:42:31,212 [grpc-default-executor-3] WARN  server.GrpcLogAppender (LogUtils.java:warn(122)) - 5cef7d35-5853-4402-b8fc-0c0efab03ad9@group-5A12C23A624B->f5ce720c-5ead-4d76-b65c-e0941e033263-AppendLogResponseHandler: Failed appendEntries: org.apache.ratis.thirdparty.io.grpc.StatusRuntimeException: CANCELLED: HTTP/2 error code: CANCEL
Received Rst Stream
2021-10-14 19:42:31,212 [grpc-default-executor-3] WARN  server.GrpcLogAppender (GrpcLogAppender.java:resetClient(111)) - 5cef7d35-5853-4402-b8fc-0c0efab03ad9@group-5A12C23A624B->f5ce720c-5ead-4d76-b65c-e0941e033263-GrpcLogAppender: Leader has not got in touch with Follower 5cef7d35-5853-4402-b8fc-0c0efab03ad9@group-5A12C23A624B->f5ce720c-5ead-4d76-b65c-e0941e033263(c0,m0,n1, attendVote=true, lastRpcSendTime=867, lastRpcResponseTime=865) yet, just keep nextIndex unchanged and retry.
2021-10-14 19:42:31,213 [ForkJoinPool.commonPool-worker-1] INFO  segmented.SegmentedRaftLogWorker (SegmentedRaftLogWorker.java:close(237)) - 33764f87-9c6a-47d4-8cea-d0f1d2ec7fe6@group-6FE54C72DDE9-SegmentedRaftLogWorker close()
2021-10-14 19:42:31,215 [ForkJoinPool.commonPool-worker-1] INFO  server.GrpcService (GrpcService.java:closeImpl(262)) - 33764f87-9c6a-47d4-8cea-d0f1d2ec7fe6: shutdown server with port 34363 now
2021-10-14 19:42:31,219 [grpc-default-executor-3] WARN  server.GrpcLogAppender (LogUtils.java:warn(122)) - 84cf0c76-78e0-494d-aa1f-4383c35cad34@group-D1ADC348C817->f5ce720c-5ead-4d76-b65c-e0941e033263-AppendLogResponseHandler: Failed appendEntries: org.apache.ratis.thirdparty.io.grpc.StatusRuntimeException: CANCELLED: HTTP/2 error code: CANCEL
Received Rst Stream
2021-10-14 19:42:31,219 [grpc-default-executor-3] INFO  leader.FollowerInfo (FollowerInfoImpl.java:lambda$new$0(46)) - 84cf0c76-78e0-494d-aa1f-4383c35cad34@group-D1ADC348C817->f5ce720c-5ead-4d76-b65c-e0941e033263: nextIndex: updateUnconditionally 4 -> 3
2021-10-14 19:42:31,220 [grpc-default-executor-3] WARN  server.GrpcServerProtocolService (LogUtils.java:warn(122)) - 33764f87-9c6a-47d4-8cea-d0f1d2ec7fe6: installSnapshot onError, lastRequest: 587c4370-f397-42e1-8c47-82ec3f79bf3a->33764f87-9c6a-47d4-8cea-d0f1d2ec7fe6#1-t1,previous=(t:0, i:0),leaderCommit=0,initializing? true,entries: size=1, first=(t:1, i:0), CONFIGURATIONENTRY: org.apache.ratis.thirdparty.io.grpc.StatusRuntimeException: CANCELLED: client cancelled
2021-10-14 19:42:31,234 [grpc-default-executor-3] WARN  server.GrpcLogAppender (LogUtils.java:warn(122)) - 587c4370-f397-42e1-8c47-82ec3f79bf3a@group-E6A68DCE718D->33764f87-9c6a-47d4-8cea-d0f1d2ec7fe6-AppendLogResponseHandler: Failed appendEntries: org.apache.ratis.thirdparty.io.grpc.StatusRuntimeException: CANCELLED: HTTP/2 error code: CANCEL
Received Rst Stream
2021-10-14 19:42:31,234 [grpc-default-executor-3] WARN  server.GrpcLogAppender (GrpcLogAppender.java:resetClient(111)) - 587c4370-f397-42e1-8c47-82ec3f79bf3a@group-E6A68DCE718D->33764f87-9c6a-47d4-8cea-d0f1d2ec7fe6-GrpcLogAppender: Leader has not got in touch with Follower 587c4370-f397-42e1-8c47-82ec3f79bf3a@group-E6A68DCE718D->33764f87-9c6a-47d4-8cea-d0f1d2ec7fe6(c0,m0,n1, attendVote=true, lastRpcSendTime=2067, lastRpcResponseTime=2065) yet, just keep nextIndex unchanged and retry.
2021-10-14 19:42:31,237 [Listener at 127.0.0.1/44077] INFO  server.GrpcService (GrpcService.java:closeImpl(271)) - f5ce720c-5ead-4d76-b65c-e0941e033263: shutdown server with port 35407 successfully
2021-10-14 19:42:31,237 [org.apache.ratis.util.JvmPauseMonitor$$Lambda$531/694926949@4dd0a8b6] INFO  util.JvmPauseMonitor (JvmPauseMonitor.java:run(109)) - JvmPauseMonitor-f5ce720c-5ead-4d76-b65c-e0941e033263: Stopped
2021-10-14 19:42:31,255 [Listener at 127.0.0.1/44077] INFO  utils.BackgroundService (BackgroundService.java:shutdown(132)) - Shutting down service BlockDeletingService
2021-10-14 19:42:31,255 [ForkJoinPool.commonPool-worker-1] INFO  server.GrpcService (GrpcService.java:closeImpl(271)) - 33764f87-9c6a-47d4-8cea-d0f1d2ec7fe6: shutdown server with port 34363 successfully
2021-10-14 19:42:31,256 [org.apache.ratis.util.JvmPauseMonitor$$Lambda$531/694926949@301b6c5] INFO  util.JvmPauseMonitor (JvmPauseMonitor.java:run(109)) - JvmPauseMonitor-33764f87-9c6a-47d4-8cea-d0f1d2ec7fe6: Stopped
2021-10-14 19:42:31,308 [grpc-default-executor-0] WARN  server.GrpcLogAppender (LogUtils.java:warn(122)) - 84cf0c76-78e0-494d-aa1f-4383c35cad34@group-D1ADC348C817->f5ce720c-5ead-4d76-b65c-e0941e033263-AppendLogResponseHandler: Failed appendEntries: org.apache.ratis.thirdparty.io.grpc.StatusRuntimeException: UNAVAILABLE: io exception
2021-10-14 19:42:31,309 [grpc-default-executor-0] INFO  leader.FollowerInfo (FollowerInfoImpl.java:lambda$new$0(46)) - 84cf0c76-78e0-494d-aa1f-4383c35cad34@group-D1ADC348C817->f5ce720c-5ead-4d76-b65c-e0941e033263: nextIndex: updateUnconditionally 4 -> 3
2021-10-14 19:42:31,314 [ForkJoinPool.commonPool-worker-1] INFO  utils.BackgroundService (BackgroundService.java:shutdown(132)) - Shutting down service BlockDeletingService
2021-10-14 19:42:31,692 [grpc-default-executor-3] WARN  server.GrpcLogAppender (LogUtils.java:warn(122)) - 587c4370-f397-42e1-8c47-82ec3f79bf3a@group-E6A68DCE718D->33764f87-9c6a-47d4-8cea-d0f1d2ec7fe6-AppendLogResponseHandler: Failed appendEntries: org.apache.ratis.thirdparty.io.grpc.StatusRuntimeException: UNAVAILABLE: io exception
2021-10-14 19:42:31,693 [grpc-default-executor-3] WARN  server.GrpcLogAppender (GrpcLogAppender.java:resetClient(111)) - 587c4370-f397-42e1-8c47-82ec3f79bf3a@group-E6A68DCE718D->33764f87-9c6a-47d4-8cea-d0f1d2ec7fe6-GrpcLogAppender: Leader has not got in touch with Follower 587c4370-f397-42e1-8c47-82ec3f79bf3a@group-E6A68DCE718D->33764f87-9c6a-47d4-8cea-d0f1d2ec7fe6(c0,m0,n1, attendVote=true, lastRpcSendTime=1, lastRpcResponseTime=2524) yet, just keep nextIndex unchanged and retry.
2021-10-14 19:42:32,861 [grpc-default-executor-0] WARN  server.GrpcLogAppender (LogUtils.java:warn(122)) - 5cef7d35-5853-4402-b8fc-0c0efab03ad9@group-5A12C23A624B->f5ce720c-5ead-4d76-b65c-e0941e033263-AppendLogResponseHandler: Failed appendEntries: org.apache.ratis.thirdparty.io.grpc.StatusRuntimeException: UNAVAILABLE: io exception
2021-10-14 19:42:32,861 [grpc-default-executor-0] WARN  server.GrpcLogAppender (GrpcLogAppender.java:resetClient(111)) - 5cef7d35-5853-4402-b8fc-0c0efab03ad9@group-5A12C23A624B->f5ce720c-5ead-4d76-b65c-e0941e033263-GrpcLogAppender: Leader has not got in touch with Follower 5cef7d35-5853-4402-b8fc-0c0efab03ad9@group-5A12C23A624B->f5ce720c-5ead-4d76-b65c-e0941e033263(c0,m0,n1, attendVote=true, lastRpcSendTime=3, lastRpcResponseTime=2514) yet, just keep nextIndex unchanged and retry.
2021-10-14 19:42:33,738 [grpc-default-executor-0] WARN  server.GrpcLogAppender (LogUtils.java:warn(122)) - 84cf0c76-78e0-494d-aa1f-4383c35cad34@group-D1ADC348C817->f5ce720c-5ead-4d76-b65c-e0941e033263-AppendLogResponseHandler: Failed appendEntries: org.apache.ratis.thirdparty.io.grpc.StatusRuntimeException: UNAVAILABLE: io exception
2021-10-14 19:42:33,739 [grpc-default-executor-0] INFO  leader.FollowerInfo (FollowerInfoImpl.java:lambda$new$0(46)) - 84cf0c76-78e0-494d-aa1f-4383c35cad34@group-D1ADC348C817->f5ce720c-5ead-4d76-b65c-e0941e033263: nextIndex: updateUnconditionally 4 -> 3
2021-10-14 19:42:34,196 [grpc-default-executor-3] WARN  server.GrpcLogAppender (LogUtils.java:warn(122)) - 587c4370-f397-42e1-8c47-82ec3f79bf3a@group-E6A68DCE718D->33764f87-9c6a-47d4-8cea-d0f1d2ec7fe6-AppendLogResponseHandler: Failed appendEntries: org.apache.ratis.thirdparty.io.grpc.StatusRuntimeException: UNAVAILABLE: io exception
2021-10-14 19:42:34,197 [grpc-default-executor-3] WARN  server.GrpcLogAppender (GrpcLogAppender.java:resetClient(111)) - 587c4370-f397-42e1-8c47-82ec3f79bf3a@group-E6A68DCE718D->33764f87-9c6a-47d4-8cea-d0f1d2ec7fe6-GrpcLogAppender: Leader has not got in touch with Follower 587c4370-f397-42e1-8c47-82ec3f79bf3a@group-E6A68DCE718D->33764f87-9c6a-47d4-8cea-d0f1d2ec7fe6(c0,m0,n1, attendVote=true, lastRpcSendTime=2505, lastRpcResponseTime=5028) yet, just keep nextIndex unchanged and retry.
2021-10-14 19:42:34,314 [Listener at 127.0.0.1/44077] INFO  statemachine.DatanodeStateMachine (DatanodeStateMachine.java:stopDaemon(522)) - Ozone container server stopped.
2021-10-14 19:42:34,315 [Listener at 127.0.0.1/44077] INFO  handler.ContextHandler (ContextHandler.java:doStop(1153)) - Stopped o.e.j.w.WebAppContext@2e5fbf7{hddsDatanode,/,null,STOPPED}{jar:file:/home/runner/.m2/repository/org/apache/ozone/hdds-container-service/1.2.0-SNAPSHOT/hdds-container-service-1.2.0-SNAPSHOT.jar!/webapps/hddsDatanode}
2021-10-14 19:42:34,316 [Listener at 127.0.0.1/44077] INFO  server.AbstractConnector (AbstractConnector.java:doStop(381)) - Stopped ServerConnector@52e9db5c{HTTP/1.1, (http/1.1)}{0.0.0.0:0}
2021-10-14 19:42:34,316 [Listener at 127.0.0.1/44077] INFO  server.session (HouseKeeper.java:stopScavenging(149)) - node0 Stopped scavenging
2021-10-14 19:42:34,316 [Listener at 127.0.0.1/44077] INFO  handler.ContextHandler (ContextHandler.java:doStop(1153)) - Stopped o.e.j.s.ServletContextHandler@13cf14e4{static,/static,jar:file:/home/runner/.m2/repository/org/apache/ozone/hdds-container-service/1.2.0-SNAPSHOT/hdds-container-service-1.2.0-SNAPSHOT.jar!/webapps/static,STOPPED}
2021-10-14 19:42:34,317 [Listener at 127.0.0.1/44077] INFO  handler.ContextHandler (ContextHandler.java:doStop(1153)) - Stopped o.e.j.s.ServletContextHandler@440849d{logs,/logs,file:///home/runner/work/ozone/ozone/hadoop-ozone/integration-test/target/log,STOPPED}
2021-10-14 19:42:34,349 [ForkJoinPool.commonPool-worker-1] INFO  statemachine.DatanodeStateMachine (DatanodeStateMachine.java:stopDaemon(522)) - Ozone container server stopped.
2021-10-14 19:42:34,352 [ForkJoinPool.commonPool-worker-1] INFO  handler.ContextHandler (ContextHandler.java:doStop(1153)) - Stopped o.e.j.w.WebAppContext@73c72828{hddsDatanode,/,null,STOPPED}{jar:file:/home/runner/.m2/repository/org/apache/ozone/hdds-container-service/1.2.0-SNAPSHOT/hdds-container-service-1.2.0-SNAPSHOT.jar!/webapps/hddsDatanode}
2021-10-14 19:42:34,354 [ForkJoinPool.commonPool-worker-1] INFO  server.AbstractConnector (AbstractConnector.java:doStop(381)) - Stopped ServerConnector@52d904dd{HTTP/1.1, (http/1.1)}{0.0.0.0:0}
2021-10-14 19:42:34,354 [ForkJoinPool.commonPool-worker-1] INFO  server.session (HouseKeeper.java:stopScavenging(149)) - node0 Stopped scavenging
2021-10-14 19:42:34,356 [ForkJoinPool.commonPool-worker-1] INFO  handler.ContextHandler (ContextHandler.java:doStop(1153)) - Stopped o.e.j.s.ServletContextHandler@98f0d5{static,/static,jar:file:/home/runner/.m2/repository/org/apache/ozone/hdds-container-service/1.2.0-SNAPSHOT/hdds-container-service-1.2.0-SNAPSHOT.jar!/webapps/static,STOPPED}
2021-10-14 19:42:34,356 [ForkJoinPool.commonPool-worker-1] INFO  handler.ContextHandler (ContextHandler.java:doStop(1153)) - Stopped o.e.j.s.ServletContextHandler@1fe49af5{logs,/logs,file:///home/runner/work/ozone/ozone/hadoop-ozone/integration-test/target/log,STOPPED}
2021-10-14 19:42:35,359 [grpc-default-executor-3] WARN  server.GrpcLogAppender (LogUtils.java:warn(122)) - 5cef7d35-5853-4402-b8fc-0c0efab03ad9@group-5A12C23A624B->f5ce720c-5ead-4d76-b65c-e0941e033263-AppendLogResponseHandler: Failed appendEntries: org.apache.ratis.thirdparty.io.grpc.StatusRuntimeException: UNAVAILABLE: io exception
2021-10-14 19:42:35,360 [grpc-default-executor-3] WARN  server.GrpcLogAppender (GrpcLogAppender.java:resetClient(111)) - 5cef7d35-5853-4402-b8fc-0c0efab03ad9@group-5A12C23A624B->f5ce720c-5ead-4d76-b65c-e0941e033263-GrpcLogAppender: Leader has not got in touch with Follower 5cef7d35-5853-4402-b8fc-0c0efab03ad9@group-5A12C23A624B->f5ce720c-5ead-4d76-b65c-e0941e033263(c0,m0,n1, attendVote=true, lastRpcSendTime=2501, lastRpcResponseTime=5013) yet, just keep nextIndex unchanged and retry.
2021-10-14 19:42:36,240 [grpc-default-executor-3] WARN  server.GrpcLogAppender (LogUtils.java:warn(122)) - 84cf0c76-78e0-494d-aa1f-4383c35cad34@group-D1ADC348C817->f5ce720c-5ead-4d76-b65c-e0941e033263-AppendLogResponseHandler: Failed appendEntries: org.apache.ratis.thirdparty.io.grpc.StatusRuntimeException: UNAVAILABLE: io exception
2021-10-14 19:42:36,241 [grpc-default-executor-3] INFO  leader.FollowerInfo (FollowerInfoImpl.java:lambda$new$0(46)) - 84cf0c76-78e0-494d-aa1f-4383c35cad34@group-D1ADC348C817->f5ce720c-5ead-4d76-b65c-e0941e033263: nextIndex: updateUnconditionally 4 -> 3
2021-10-14 19:42:36,699 [grpc-default-executor-0] WARN  server.GrpcLogAppender (LogUtils.java:warn(122)) - 587c4370-f397-42e1-8c47-82ec3f79bf3a@group-E6A68DCE718D->33764f87-9c6a-47d4-8cea-d0f1d2ec7fe6-AppendLogResponseHandler: Failed appendEntries: org.apache.ratis.thirdparty.io.grpc.StatusRuntimeException: UNAVAILABLE: io exception
2021-10-14 19:42:36,700 [grpc-default-executor-0] WARN  server.GrpcLogAppender (GrpcLogAppender.java:resetClient(111)) - 587c4370-f397-42e1-8c47-82ec3f79bf3a@group-E6A68DCE718D->33764f87-9c6a-47d4-8cea-d0f1d2ec7fe6-GrpcLogAppender: Leader has not got in touch with Follower 587c4370-f397-42e1-8c47-82ec3f79bf3a@group-E6A68DCE718D->33764f87-9c6a-47d4-8cea-d0f1d2ec7fe6(c0,m0,n1, attendVote=true, lastRpcSendTime=1, lastRpcResponseTime=7531) yet, just keep nextIndex unchanged and retry.
2021-10-14 19:42:37,805 [0b6bda71-48c1-453f-8afc-63104cab6d5d@group-6FE54C72DDE9-FollowerState] INFO  impl.FollowerState (FollowerState.java:run(134)) - 0b6bda71-48c1-453f-8afc-63104cab6d5d@group-6FE54C72DDE9-FollowerState: change to CANDIDATE, lastRpcElapsedTime:7878530345ns, electionTimeout:5129ms
2021-10-14 19:42:37,805 [0b6bda71-48c1-453f-8afc-63104cab6d5d@group-6FE54C72DDE9-FollowerState] INFO  impl.RoleInfo (RoleInfo.java:shutdownFollowerState(108)) - 0b6bda71-48c1-453f-8afc-63104cab6d5d: shutdown 0b6bda71-48c1-453f-8afc-63104cab6d5d@group-6FE54C72DDE9-FollowerState
2021-10-14 19:42:37,805 [0b6bda71-48c1-453f-8afc-63104cab6d5d@group-6FE54C72DDE9-FollowerState] INFO  server.RaftServer$Division (RaftServerImpl.java:setRole(285)) - 0b6bda71-48c1-453f-8afc-63104cab6d5d@group-6FE54C72DDE9: changes role from  FOLLOWER to CANDIDATE at term 2 for changeToCandidate
2021-10-14 19:42:37,805 [0b6bda71-48c1-453f-8afc-63104cab6d5d@group-6FE54C72DDE9-FollowerState] INFO  server.RaftServerConfigKeys (ConfUtils.java:logGet(44)) - raft.server.leaderelection.pre-vote = false (custom)
2021-10-14 19:42:37,805 [0b6bda71-48c1-453f-8afc-63104cab6d5d@group-6FE54C72DDE9-FollowerState] INFO  impl.RoleInfo (RoleInfo.java:updateAndGet(130)) - 0b6bda71-48c1-453f-8afc-63104cab6d5d: start 0b6bda71-48c1-453f-8afc-63104cab6d5d@group-6FE54C72DDE9-LeaderElection22
2021-10-14 19:42:37,839 [0b6bda71-48c1-453f-8afc-63104cab6d5d@group-6FE54C72DDE9-LeaderElection22] INFO  server.RaftServer$Division (ServerState.java:setLeader(285)) - 0b6bda71-48c1-453f-8afc-63104cab6d5d@group-6FE54C72DDE9: change Leader from 33764f87-9c6a-47d4-8cea-d0f1d2ec7fe6 to null at term 2 for ELECTION
2021-10-14 19:42:37,841 [0b6bda71-48c1-453f-8afc-63104cab6d5d@group-6FE54C72DDE9-LeaderElection22] INFO  impl.LeaderElection (LeaderElection.java:askForVotes(306)) - 0b6bda71-48c1-453f-8afc-63104cab6d5d@group-6FE54C72DDE9-LeaderElection22 ELECTION round 0: submit vote requests at term 3 for 0: [0b6bda71-48c1-453f-8afc-63104cab6d5d|rpc:10.1.0.23:42925|dataStream:|priority:0, 33764f87-9c6a-47d4-8cea-d0f1d2ec7fe6|rpc:10.1.0.23:34363|dataStream:|priority:1, 587c4370-f397-42e1-8c47-82ec3f79bf3a|rpc:10.1.0.23:42273|dataStream:|priority:0], old=null
2021-10-14 19:42:37,865 [0b6bda71-48c1-453f-8afc-63104cab6d5d@group-6FE54C72DDE9-LeaderElection22] INFO  impl.LeaderElection (LogUtils.java:infoOrTrace(137)) - 0b6bda71-48c1-453f-8afc-63104cab6d5d@group-6FE54C72DDE9-LeaderElection22 got exception when requesting votes: java.util.concurrent.ExecutionException: org.apache.ratis.thirdparty.io.grpc.StatusRuntimeException: UNAVAILABLE: io exception
2021-10-14 19:42:37,868 [grpc-default-executor-3] WARN  server.GrpcLogAppender (LogUtils.java:warn(122)) - 5cef7d35-5853-4402-b8fc-0c0efab03ad9@group-5A12C23A624B->f5ce720c-5ead-4d76-b65c-e0941e033263-AppendLogResponseHandler: Failed appendEntries: org.apache.ratis.thirdparty.io.grpc.StatusRuntimeException: UNAVAILABLE: io exception
2021-10-14 19:42:37,868 [grpc-default-executor-3] WARN  server.GrpcLogAppender (GrpcLogAppender.java:resetClient(111)) - 5cef7d35-5853-4402-b8fc-0c0efab03ad9@group-5A12C23A624B->f5ce720c-5ead-4d76-b65c-e0941e033263-GrpcLogAppender: Leader has not got in touch with Follower 5cef7d35-5853-4402-b8fc-0c0efab03ad9@group-5A12C23A624B->f5ce720c-5ead-4d76-b65c-e0941e033263(c0,m0,n1, attendVote=true, lastRpcSendTime=2, lastRpcResponseTime=7521) yet, just keep nextIndex unchanged and retry.
2021-10-14 19:42:37,870 [grpc-default-executor-3] INFO  server.RaftServer$Division (RaftServerImpl.java:requestVote(1043)) - 587c4370-f397-42e1-8c47-82ec3f79bf3a@group-6FE54C72DDE9: receive requestVote(ELECTION, 0b6bda71-48c1-453f-8afc-63104cab6d5d, group-6FE54C72DDE9, 3, (t:2, i:0))
2021-10-14 19:42:37,870 [grpc-default-executor-3] INFO  impl.VoteContext (VoteContext.java:log(48)) - 587c4370-f397-42e1-8c47-82ec3f79bf3a@group-6FE54C72DDE9-FOLLOWER: accept ELECTION from 0b6bda71-48c1-453f-8afc-63104cab6d5d: our priority 0 <= candidate's priority 0
2021-10-14 19:42:37,870 [grpc-default-executor-3] INFO  server.RaftServer$Division (ServerState.java:setLeader(285)) - 587c4370-f397-42e1-8c47-82ec3f79bf3a@group-6FE54C72DDE9: change Leader from 33764f87-9c6a-47d4-8cea-d0f1d2ec7fe6 to null at term 3 for updateCurrentTerm
2021-10-14 19:42:37,871 [grpc-default-executor-3] INFO  server.RaftServer$Division (RaftServerImpl.java:setRole(285)) - 587c4370-f397-42e1-8c47-82ec3f79bf3a@group-6FE54C72DDE9: changes role from  FOLLOWER to FOLLOWER at term 3 for candidate:0b6bda71-48c1-453f-8afc-63104cab6d5d
2021-10-14 19:42:37,871 [grpc-default-executor-3] INFO  impl.RoleInfo (RoleInfo.java:shutdownFollowerState(108)) - 587c4370-f397-42e1-8c47-82ec3f79bf3a: shutdown 587c4370-f397-42e1-8c47-82ec3f79bf3a@group-6FE54C72DDE9-FollowerState
2021-10-14 19:42:37,871 [grpc-default-executor-3] INFO  impl.RoleInfo (RoleInfo.java:updateAndGet(130)) - 587c4370-f397-42e1-8c47-82ec3f79bf3a: start 587c4370-f397-42e1-8c47-82ec3f79bf3a@group-6FE54C72DDE9-FollowerState
2021-10-14 19:42:37,871 [587c4370-f397-42e1-8c47-82ec3f79bf3a@group-6FE54C72DDE9-FollowerState] INFO  impl.FollowerState (FollowerState.java:run(143)) - 587c4370-f397-42e1-8c47-82ec3f79bf3a@group-6FE54C72DDE9-FollowerState was interrupted: {}
java.lang.InterruptedException: sleep interrupted
	at java.lang.Thread.sleep(Native Method)
	at java.lang.Thread.sleep(Thread.java:340)
	at java.util.concurrent.TimeUnit.sleep(TimeUnit.java:386)
	at org.apache.ratis.util.TimeDuration.sleep(TimeDuration.java:324)
	at org.apache.ratis.util.TimeDuration.sleep(TimeDuration.java:309)
	at org.apache.ratis.server.impl.FollowerState.run(FollowerState.java:118)
2021-10-14 19:42:37,875 [grpc-default-executor-3] INFO  server.RaftServer$Division (RaftServerImpl.java:requestVote(1075)) - 587c4370-f397-42e1-8c47-82ec3f79bf3a@group-6FE54C72DDE9 replies to ELECTION vote request: 0b6bda71-48c1-453f-8afc-63104cab6d5d<-587c4370-f397-42e1-8c47-82ec3f79bf3a#0:OK-t3. Peer's state: 587c4370-f397-42e1-8c47-82ec3f79bf3a@group-6FE54C72DDE9:t3, leader=null, voted=0b6bda71-48c1-453f-8afc-63104cab6d5d, raftlog=587c4370-f397-42e1-8c47-82ec3f79bf3a@group-6FE54C72DDE9-SegmentedRaftLog:OPENED:c0,f0,i0, conf=0: [0b6bda71-48c1-453f-8afc-63104cab6d5d|rpc:10.1.0.23:42925|dataStream:|priority:0, 33764f87-9c6a-47d4-8cea-d0f1d2ec7fe6|rpc:10.1.0.23:34363|dataStream:|priority:1, 587c4370-f397-42e1-8c47-82ec3f79bf3a|rpc:10.1.0.23:42273|dataStream:|priority:0], old=null
2021-10-14 19:42:37,885 [0b6bda71-48c1-453f-8afc-63104cab6d5d@group-6FE54C72DDE9-LeaderElection22] INFO  impl.LeaderElection (LeaderElection.java:logAndReturn(89)) - 0b6bda71-48c1-453f-8afc-63104cab6d5d@group-6FE54C72DDE9-LeaderElection22: ELECTION PASSED received 1 response(s) and 1 exception(s):
2021-10-14 19:42:37,885 [0b6bda71-48c1-453f-8afc-63104cab6d5d@group-6FE54C72DDE9-LeaderElection22] INFO  impl.LeaderElection (LeaderElection.java:logAndReturn(93)) -   Response 0: 0b6bda71-48c1-453f-8afc-63104cab6d5d<-587c4370-f397-42e1-8c47-82ec3f79bf3a#0:OK-t3
2021-10-14 19:42:37,885 [0b6bda71-48c1-453f-8afc-63104cab6d5d@group-6FE54C72DDE9-LeaderElection22] INFO  impl.LeaderElection (LogUtils.java:infoOrTrace(137)) -   Exception 1: java.util.concurrent.ExecutionException: org.apache.ratis.thirdparty.io.grpc.StatusRuntimeException: UNAVAILABLE: io exception
2021-10-14 19:42:37,885 [0b6bda71-48c1-453f-8afc-63104cab6d5d@group-6FE54C72DDE9-LeaderElection22] INFO  impl.LeaderElection (LeaderElection.java:askForVotes(308)) - 0b6bda71-48c1-453f-8afc-63104cab6d5d@group-6FE54C72DDE9-LeaderElection22 ELECTION round 0: result PASSED
2021-10-14 19:42:37,885 [0b6bda71-48c1-453f-8afc-63104cab6d5d@group-6FE54C72DDE9-LeaderElection22] INFO  impl.RoleInfo (RoleInfo.java:shutdownLeaderElection(121)) - 0b6bda71-48c1-453f-8afc-63104cab6d5d: shutdown 0b6bda71-48c1-453f-8afc-63104cab6d5d@group-6FE54C72DDE9-LeaderElection22
2021-10-14 19:42:37,885 [0b6bda71-48c1-453f-8afc-63104cab6d5d@group-6FE54C72DDE9-LeaderElection22] INFO  server.RaftServer$Division (RaftServerImpl.java:setRole(285)) - 0b6bda71-48c1-453f-8afc-63104cab6d5d@group-6FE54C72DDE9: changes role from CANDIDATE to LEADER at term 3 for changeToLeader
2021-10-14 19:42:37,885 [0b6bda71-48c1-453f-8afc-63104cab6d5d@group-6FE54C72DDE9-LeaderElection22] INFO  ratis.XceiverServerRatis (XceiverServerRatis.java:handleLeaderChangedNotification(866)) - Leader change notification received for group: group-6FE54C72DDE9 with new leaderId: 0b6bda71-48c1-453f-8afc-63104cab6d5d
2021-10-14 19:42:37,885 [0b6bda71-48c1-453f-8afc-63104cab6d5d@group-6FE54C72DDE9-LeaderElection22] INFO  server.RaftServer$Division (ServerState.java:setLeader(285)) - 0b6bda71-48c1-453f-8afc-63104cab6d5d@group-6FE54C72DDE9: change Leader from null to 0b6bda71-48c1-453f-8afc-63104cab6d5d at term 3 for becomeLeader, leader elected after 46ms
2021-10-14 19:42:37,885 [0b6bda71-48c1-453f-8afc-63104cab6d5d@group-6FE54C72DDE9-LeaderElection22] INFO  server.RaftServerConfigKeys (ConfUtils.java:logGet(44)) - raft.server.staging.catchup.gap = 1000 (default)
2021-10-14 19:42:37,886 [0b6bda71-48c1-453f-8afc-63104cab6d5d@group-6FE54C72DDE9-LeaderElection22] INFO  server.RaftServerConfigKeys (ConfUtils.java:logGet(44)) - raft.server.write.element-limit = 1024 (custom)
2021-10-14 19:42:37,886 [0b6bda71-48c1-453f-8afc-63104cab6d5d@group-6FE54C72DDE9-LeaderElection22] INFO  server.RaftServerConfigKeys (ConfUtils.java:logGet(44)) - raft.server.write.byte-limit = 1024 M (=1073741824) (custom)
2021-10-14 19:42:37,886 [0b6bda71-48c1-453f-8afc-63104cab6d5d@group-6FE54C72DDE9-LeaderElection22] INFO  server.RaftServerConfigKeys (ConfUtils.java:logGet(44)) - raft.server.watch.timeout = 3000ms (custom)
2021-10-14 19:42:37,886 [0b6bda71-48c1-453f-8afc-63104cab6d5d@group-6FE54C72DDE9-LeaderElection22] INFO  server.RaftServerConfigKeys (ConfUtils.java:logGet(44)) - raft.server.watch.timeout.denomination = 1s (default)
2021-10-14 19:42:37,886 [0b6bda71-48c1-453f-8afc-63104cab6d5d@group-6FE54C72DDE9-LeaderElection22] INFO  server.RaftServerConfigKeys (ConfUtils.java:logGet(44)) - raft.server.watch.element-limit = 65536 (default)
2021-10-14 19:42:37,886 [0b6bda71-48c1-453f-8afc-63104cab6d5d@group-6FE54C72DDE9-LeaderElection22] INFO  server.RaftServerConfigKeys (ConfUtils.java:logGet(44)) - raft.server.log.appender.snapshot.chunk.size.max = 16MB (=16777216) (default)
2021-10-14 19:42:37,887 [0b6bda71-48c1-453f-8afc-63104cab6d5d@group-6FE54C72DDE9-LeaderElection22] INFO  server.RaftServerConfigKeys (ConfUtils.java:logGet(44)) - raft.server.log.appender.buffer.byte-limit = 33554432 (custom)
2021-10-14 19:42:37,887 [0b6bda71-48c1-453f-8afc-63104cab6d5d@group-6FE54C72DDE9-LeaderElection22] INFO  server.RaftServerConfigKeys (ConfUtils.java:logGet(44)) - raft.server.log.appender.buffer.element-limit = 1 (custom)
2021-10-14 19:42:37,887 [0b6bda71-48c1-453f-8afc-63104cab6d5d@group-6FE54C72DDE9-LeaderElection22] INFO  grpc.GrpcConfigKeys (ConfUtils.java:logGet(44)) - raft.grpc.server.leader.outstanding.appends.max = 128 (default)
2021-10-14 19:42:37,887 [0b6bda71-48c1-453f-8afc-63104cab6d5d@group-6FE54C72DDE9-LeaderElection22] INFO  server.RaftServerConfigKeys (ConfUtils.java:logGet(44)) - raft.server.rpc.request.timeout = 3000ms (default)
2021-10-14 19:42:37,887 [0b6bda71-48c1-453f-8afc-63104cab6d5d@group-6FE54C72DDE9-LeaderElection22] INFO  server.RaftServerConfigKeys (ConfUtils.java:logGet(44)) - raft.server.log.appender.install.snapshot.enabled = false (custom)
2021-10-14 19:42:37,888 [0b6bda71-48c1-453f-8afc-63104cab6d5d@group-6FE54C72DDE9-LeaderElection22] INFO  server.RaftServerConfigKeys (ConfUtils.java:logGet(44)) - raft.server.log.appender.snapshot.chunk.size.max = 16MB (=16777216) (default)
2021-10-14 19:42:37,888 [0b6bda71-48c1-453f-8afc-63104cab6d5d@group-6FE54C72DDE9-LeaderElection22] INFO  server.RaftServerConfigKeys (ConfUtils.java:logGet(44)) - raft.server.log.appender.buffer.byte-limit = 33554432 (custom)
2021-10-14 19:42:37,888 [0b6bda71-48c1-453f-8afc-63104cab6d5d@group-6FE54C72DDE9-LeaderElection22] INFO  server.RaftServerConfigKeys (ConfUtils.java:logGet(44)) - raft.server.log.appender.buffer.element-limit = 1 (custom)
2021-10-14 19:42:37,888 [0b6bda71-48c1-453f-8afc-63104cab6d5d@group-6FE54C72DDE9-LeaderElection22] INFO  grpc.GrpcConfigKeys (ConfUtils.java:logGet(44)) - raft.grpc.server.leader.outstanding.appends.max = 128 (default)
2021-10-14 19:42:37,888 [0b6bda71-48c1-453f-8afc-63104cab6d5d@group-6FE54C72DDE9-LeaderElection22] INFO  server.RaftServerConfigKeys (ConfUtils.java:logGet(44)) - raft.server.rpc.request.timeout = 3000ms (default)
2021-10-14 19:42:37,895 [0b6bda71-48c1-453f-8afc-63104cab6d5d@group-6FE54C72DDE9-LeaderElection22] INFO  server.RaftServerConfigKeys (ConfUtils.java:logGet(44)) - raft.server.log.appender.install.snapshot.enabled = false (custom)
2021-10-14 19:42:37,896 [0b6bda71-48c1-453f-8afc-63104cab6d5d@group-6FE54C72DDE9-LeaderElection22] INFO  impl.RoleInfo (RoleInfo.java:updateAndGet(130)) - 0b6bda71-48c1-453f-8afc-63104cab6d5d: start 0b6bda71-48c1-453f-8afc-63104cab6d5d@group-6FE54C72DDE9-LeaderStateImpl
2021-10-14 19:42:37,898 [0b6bda71-48c1-453f-8afc-63104cab6d5d@group-6FE54C72DDE9-LeaderElection22] INFO  segmented.SegmentedRaftLogWorker (SegmentedRaftLogWorker.java:rollLogSegment(399)) - 0b6bda71-48c1-453f-8afc-63104cab6d5d@group-6FE54C72DDE9-SegmentedRaftLogWorker: Rolling segment log-0_0 to index:0
2021-10-14 19:42:37,899 [0b6bda71-48c1-453f-8afc-63104cab6d5d@group-6FE54C72DDE9-SegmentedRaftLogWorker] INFO  segmented.SegmentedRaftLogWorker (SegmentedRaftLogWorker.java:execute(558)) - 0b6bda71-48c1-453f-8afc-63104cab6d5d@group-6FE54C72DDE9-SegmentedRaftLogWorker: Rolled log segment from /home/runner/work/ozone/ozone/hadoop-ozone/integration-test/target/test-dir/MiniOzoneClusterImpl-0ea35d3c-98b9-4918-895e-fcd9be0efca6/datanode-2/data/ratis/9d216525-7da3-4ddd-a19b-6fe54c72dde9/current/log_inprogress_0 to /home/runner/work/ozone/ozone/hadoop-ozone/integration-test/target/test-dir/MiniOzoneClusterImpl-0ea35d3c-98b9-4918-895e-fcd9be0efca6/datanode-2/data/ratis/9d216525-7da3-4ddd-a19b-6fe54c72dde9/current/log_0-0
2021-10-14 19:42:37,900 [0b6bda71-48c1-453f-8afc-63104cab6d5d@group-6FE54C72DDE9-SegmentedRaftLogWorker] INFO  segmented.SegmentedRaftLogWorker (SegmentedRaftLogWorker.java:execute(601)) - 0b6bda71-48c1-453f-8afc-63104cab6d5d@group-6FE54C72DDE9-SegmentedRaftLogWorker: created new log segment /home/runner/work/ozone/ozone/hadoop-ozone/integration-test/target/test-dir/MiniOzoneClusterImpl-0ea35d3c-98b9-4918-895e-fcd9be0efca6/datanode-2/data/ratis/9d216525-7da3-4ddd-a19b-6fe54c72dde9/current/log_inprogress_1
2021-10-14 19:42:37,913 [grpc-default-executor-3] WARN  server.GrpcLogAppender (LogUtils.java:warn(122)) - 0b6bda71-48c1-453f-8afc-63104cab6d5d@group-6FE54C72DDE9->33764f87-9c6a-47d4-8cea-d0f1d2ec7fe6-AppendLogResponseHandler: Failed appendEntries: org.apache.ratis.thirdparty.io.grpc.StatusRuntimeException: UNAVAILABLE: io exception
2021-10-14 19:42:37,916 [0b6bda71-48c1-453f-8afc-63104cab6d5d@group-6FE54C72DDE9-LeaderElection22] INFO  server.RaftServer$Division (ServerState.java:setRaftConf(387)) - 0b6bda71-48c1-453f-8afc-63104cab6d5d@group-6FE54C72DDE9: set configuration 1: [0b6bda71-48c1-453f-8afc-63104cab6d5d|rpc:10.1.0.23:42925|dataStream:|priority:0, 33764f87-9c6a-47d4-8cea-d0f1d2ec7fe6|rpc:10.1.0.23:34363|dataStream:|priority:1, 587c4370-f397-42e1-8c47-82ec3f79bf3a|rpc:10.1.0.23:42273|dataStream:|priority:0], old=null
2021-10-14 19:42:37,930 [grpc-default-executor-3] WARN  server.GrpcLogAppender (GrpcLogAppender.java:resetClient(111)) - 0b6bda71-48c1-453f-8afc-63104cab6d5d@group-6FE54C72DDE9->33764f87-9c6a-47d4-8cea-d0f1d2ec7fe6-GrpcLogAppender: Leader has not got in touch with Follower 0b6bda71-48c1-453f-8afc-63104cab6d5d@group-6FE54C72DDE9->33764f87-9c6a-47d4-8cea-d0f1d2ec7fe6(c-1,m0,n2, attendVote=true, lastRpcSendTime=16, lastRpcResponseTime=5243) yet, just keep nextIndex unchanged and retry.
2021-10-14 19:42:37,952 [grpc-default-executor-0] INFO  ratis.XceiverServerRatis (XceiverServerRatis.java:handleLeaderChangedNotification(866)) - Leader change notification received for group: group-6FE54C72DDE9 with new leaderId: 0b6bda71-48c1-453f-8afc-63104cab6d5d
2021-10-14 19:42:37,952 [grpc-default-executor-0] INFO  server.RaftServer$Division (ServerState.java:setLeader(285)) - 587c4370-f397-42e1-8c47-82ec3f79bf3a@group-6FE54C72DDE9: change Leader from null to 0b6bda71-48c1-453f-8afc-63104cab6d5d at term 3 for appendEntries, leader elected after 81ms
2021-10-14 19:42:37,960 [grpc-default-executor-0] INFO  server.RaftServer$Division (ServerState.java:setRaftConf(387)) - 587c4370-f397-42e1-8c47-82ec3f79bf3a@group-6FE54C72DDE9: set configuration 1: [0b6bda71-48c1-453f-8afc-63104cab6d5d|rpc:10.1.0.23:42925|dataStream:|priority:0, 33764f87-9c6a-47d4-8cea-d0f1d2ec7fe6|rpc:10.1.0.23:34363|dataStream:|priority:1, 587c4370-f397-42e1-8c47-82ec3f79bf3a|rpc:10.1.0.23:42273|dataStream:|priority:0], old=null
2021-10-14 19:42:37,961 [grpc-default-executor-0] INFO  segmented.SegmentedRaftLogWorker (SegmentedRaftLogWorker.java:rollLogSegment(399)) - 587c4370-f397-42e1-8c47-82ec3f79bf3a@group-6FE54C72DDE9-SegmentedRaftLogWorker: Rolling segment log-0_0 to index:0
2021-10-14 19:42:37,964 [587c4370-f397-42e1-8c47-82ec3f79bf3a@group-6FE54C72DDE9-SegmentedRaftLogWorker] INFO  segmented.SegmentedRaftLogWorker (SegmentedRaftLogWorker.java:execute(558)) - 587c4370-f397-42e1-8c47-82ec3f79bf3a@group-6FE54C72DDE9-SegmentedRaftLogWorker: Rolled log segment from /home/runner/work/ozone/ozone/hadoop-ozone/integration-test/target/test-dir/MiniOzoneClusterImpl-0ea35d3c-98b9-4918-895e-fcd9be0efca6/datanode-0/data/ratis/9d216525-7da3-4ddd-a19b-6fe54c72dde9/current/log_inprogress_0 to /home/runner/work/ozone/ozone/hadoop-ozone/integration-test/target/test-dir/MiniOzoneClusterImpl-0ea35d3c-98b9-4918-895e-fcd9be0efca6/datanode-0/data/ratis/9d216525-7da3-4ddd-a19b-6fe54c72dde9/current/log_0-0
2021-10-14 19:42:37,969 [587c4370-f397-42e1-8c47-82ec3f79bf3a@group-6FE54C72DDE9-SegmentedRaftLogWorker] INFO  segmented.SegmentedRaftLogWorker (SegmentedRaftLogWorker.java:execute(601)) - 587c4370-f397-42e1-8c47-82ec3f79bf3a@group-6FE54C72DDE9-SegmentedRaftLogWorker: created new log segment /home/runner/work/ozone/ozone/hadoop-ozone/integration-test/target/test-dir/MiniOzoneClusterImpl-0ea35d3c-98b9-4918-895e-fcd9be0efca6/datanode-0/data/ratis/9d216525-7da3-4ddd-a19b-6fe54c72dde9/current/log_inprogress_1
2021-10-14 19:42:37,996 [grpc-default-executor-0] WARN  server.GrpcLogAppender (LogUtils.java:warn(122)) - 0b6bda71-48c1-453f-8afc-63104cab6d5d@group-6FE54C72DDE9->33764f87-9c6a-47d4-8cea-d0f1d2ec7fe6-AppendLogResponseHandler: Failed appendEntries: org.apache.ratis.thirdparty.io.grpc.StatusRuntimeException: UNAVAILABLE: io exception
2021-10-14 19:42:37,997 [grpc-default-executor-0] WARN  server.GrpcLogAppender (GrpcLogAppender.java:resetClient(111)) - 0b6bda71-48c1-453f-8afc-63104cab6d5d@group-6FE54C72DDE9->33764f87-9c6a-47d4-8cea-d0f1d2ec7fe6-GrpcLogAppender: Leader has not got in touch with Follower 0b6bda71-48c1-453f-8afc-63104cab6d5d@group-6FE54C72DDE9->33764f87-9c6a-47d4-8cea-d0f1d2ec7fe6(c-1,m0,n3, attendVote=true, lastRpcSendTime=83, lastRpcResponseTime=5310) yet, just keep nextIndex unchanged and retry.
2021-10-14 19:42:38,741 [grpc-default-executor-0] WARN  server.GrpcLogAppender (LogUtils.java:warn(122)) - 84cf0c76-78e0-494d-aa1f-4383c35cad34@group-D1ADC348C817->f5ce720c-5ead-4d76-b65c-e0941e033263-AppendLogResponseHandler: Failed appendEntries: org.apache.ratis.thirdparty.io.grpc.StatusRuntimeException: UNAVAILABLE: io exception
2021-10-14 19:42:38,742 [grpc-default-executor-0] INFO  leader.FollowerInfo (FollowerInfoImpl.java:lambda$new$0(46)) - 84cf0c76-78e0-494d-aa1f-4383c35cad34@group-D1ADC348C817->f5ce720c-5ead-4d76-b65c-e0941e033263: nextIndex: updateUnconditionally 4 -> 3
2021-10-14 19:42:39,199 [grpc-default-executor-0] WARN  server.GrpcLogAppender (LogUtils.java:warn(122)) - 587c4370-f397-42e1-8c47-82ec3f79bf3a@group-E6A68DCE718D->33764f87-9c6a-47d4-8cea-d0f1d2ec7fe6-AppendLogResponseHandler: Failed appendEntries: org.apache.ratis.thirdparty.io.grpc.StatusRuntimeException: UNAVAILABLE: io exception
2021-10-14 19:42:39,216 [grpc-default-executor-0] WARN  server.GrpcLogAppender (GrpcLogAppender.java:resetClient(111)) - 587c4370-f397-42e1-8c47-82ec3f79bf3a@group-E6A68DCE718D->33764f87-9c6a-47d4-8cea-d0f1d2ec7fe6-GrpcLogAppender: Leader has not got in touch with Follower 587c4370-f397-42e1-8c47-82ec3f79bf3a@group-E6A68DCE718D->33764f87-9c6a-47d4-8cea-d0f1d2ec7fe6(c0,m0,n1, attendVote=true, lastRpcSendTime=17, lastRpcResponseTime=10047) yet, just keep nextIndex unchanged and retry.
2021-10-14 19:42:39,320 [Listener at 127.0.0.1/44077] INFO  ozoneimpl.OzoneContainer (OzoneContainer.java:stop(325)) - Attempting to stop container services.
2021-10-14 19:42:39,321 [Listener at 127.0.0.1/44077] INFO  server.RaftServer (RaftServerProxy.java:lambda$close$6(391)) - 84cf0c76-78e0-494d-aa1f-4383c35cad34: close
2021-10-14 19:42:39,321 [Listener at 127.0.0.1/44077] INFO  server.RaftServer$Division (RaftServerImpl.java:lambda$close$4(407)) - 84cf0c76-78e0-494d-aa1f-4383c35cad34@group-D1ADC348C817: shutdown
2021-10-14 19:42:39,322 [Listener at 127.0.0.1/44077] INFO  util.JmxRegister (JmxRegister.java:unregister(73)) - Successfully un-registered JMX Bean with object name Ratis:service=RaftServer,group=group-D1ADC348C817,id=84cf0c76-78e0-494d-aa1f-4383c35cad34
2021-10-14 19:42:39,322 [Listener at 127.0.0.1/44077] INFO  impl.RoleInfo (RoleInfo.java:shutdownLeaderState(91)) - 84cf0c76-78e0-494d-aa1f-4383c35cad34: shutdown 84cf0c76-78e0-494d-aa1f-4383c35cad34@group-D1ADC348C817-LeaderStateImpl
2021-10-14 19:42:39,322 [Listener at 127.0.0.1/44077] INFO  impl.PendingRequests (PendingRequests.java:sendNotLeaderResponses(282)) - 84cf0c76-78e0-494d-aa1f-4383c35cad34@group-D1ADC348C817-PendingRequests: sendNotLeaderResponses
2021-10-14 19:42:39,336 [84cf0c76-78e0-494d-aa1f-4383c35cad34@group-D1ADC348C817->5cef7d35-5853-4402-b8fc-0c0efab03ad9-GrpcLogAppender-LogAppenderDaemon] WARN  server.GrpcLogAppender (GrpcLogAppender.java:mayWait(175)) - 84cf0c76-78e0-494d-aa1f-4383c35cad34@group-D1ADC348C817->5cef7d35-5853-4402-b8fc-0c0efab03ad9-GrpcLogAppender: Wait interrupted by java.lang.InterruptedException
2021-10-14 19:42:39,337 [84cf0c76-78e0-494d-aa1f-4383c35cad34@group-D1ADC348C817->f5ce720c-5ead-4d76-b65c-e0941e033263-GrpcLogAppender-LogAppenderDaemon] WARN  server.GrpcLogAppender (GrpcLogAppender.java:mayWait(175)) - 84cf0c76-78e0-494d-aa1f-4383c35cad34@group-D1ADC348C817->f5ce720c-5ead-4d76-b65c-e0941e033263-GrpcLogAppender: Wait interrupted by java.lang.InterruptedException
2021-10-14 19:42:39,337 [grpc-default-executor-0] INFO  server.GrpcServerProtocolService (GrpcServerProtocolService.java:onCompleted(140)) - 5cef7d35-5853-4402-b8fc-0c0efab03ad9: Completed APPEND_ENTRIES, lastRequest: 84cf0c76-78e0-494d-aa1f-4383c35cad34->5cef7d35-5853-4402-b8fc-0c0efab03ad9#6-t6,previous=(t:6, i:2),leaderCommit=2,initializing? true,entries: size=1, first=(t:6, i:3), METADATAENTRY(c:2)
2021-10-14 19:42:39,339 [grpc-default-executor-3] INFO  server.GrpcLogAppender (GrpcLogAppender.java:onCompleted(344)) - 84cf0c76-78e0-494d-aa1f-4383c35cad34@group-D1ADC348C817->5cef7d35-5853-4402-b8fc-0c0efab03ad9-AppendLogResponseHandler: follower responses appendEntries COMPLETED
2021-10-14 19:42:39,339 [grpc-default-executor-3] INFO  leader.FollowerInfo (FollowerInfoImpl.java:lambda$new$0(46)) - 84cf0c76-78e0-494d-aa1f-4383c35cad34@group-D1ADC348C817->5cef7d35-5853-4402-b8fc-0c0efab03ad9: nextIndex: updateUnconditionally 4 -> 3
2021-10-14 19:42:39,353 [Listener at 127.0.0.1/44077] INFO  impl.StateMachineUpdater (StateMachineUpdater.java:stopAndJoin(149)) - 84cf0c76-78e0-494d-aa1f-4383c35cad34@group-D1ADC348C817-StateMachineUpdater: set stopIndex = 3
2021-10-14 19:42:39,354 [84cf0c76-78e0-494d-aa1f-4383c35cad34@group-D1ADC348C817-StateMachineUpdater] INFO  ratis.ContainerStateMachine (ContainerStateMachine.java:takeSnapshot(292)) - group-D1ADC348C817: Taking a snapshot at:(t:6, i:3) file /home/runner/work/ozone/ozone/hadoop-ozone/integration-test/target/test-dir/MiniOzoneClusterImpl-0ea35d3c-98b9-4918-895e-fcd9be0efca6/datanode-3/data/ratis/ccb6fc38-415a-48b8-b2fb-d1adc348c817/sm/snapshot.6_3
2021-10-14 19:42:39,356 [84cf0c76-78e0-494d-aa1f-4383c35cad34@group-D1ADC348C817-StateMachineUpdater] INFO  ratis.ContainerStateMachine (ContainerStateMachine.java:takeSnapshot(303)) - group-D1ADC348C817: Finished taking a snapshot at:(t:6, i:3) file:/home/runner/work/ozone/ozone/hadoop-ozone/integration-test/target/test-dir/MiniOzoneClusterImpl-0ea35d3c-98b9-4918-895e-fcd9be0efca6/datanode-3/data/ratis/ccb6fc38-415a-48b8-b2fb-d1adc348c817/sm/snapshot.6_3 took: 3 ms
2021-10-14 19:42:39,356 [84cf0c76-78e0-494d-aa1f-4383c35cad34@group-D1ADC348C817-StateMachineUpdater] INFO  impl.StateMachineUpdater (StateMachineUpdater.java:takeSnapshot(281)) - 84cf0c76-78e0-494d-aa1f-4383c35cad34@group-D1ADC348C817-StateMachineUpdater: Took a snapshot at index 3
2021-10-14 19:42:39,356 [84cf0c76-78e0-494d-aa1f-4383c35cad34@group-D1ADC348C817-StateMachineUpdater] INFO  impl.StateMachineUpdater (StateMachineUpdater.java:lambda$new$0(89)) - 84cf0c76-78e0-494d-aa1f-4383c35cad34@group-D1ADC348C817-StateMachineUpdater: snapshotIndex: updateIncreasingly -1 -> 3
2021-10-14 19:42:39,357 [Listener at 127.0.0.1/44077] INFO  server.RaftServer$Division (ServerState.java:close(419)) - 84cf0c76-78e0-494d-aa1f-4383c35cad34@group-D1ADC348C817: closes. applyIndex: 3
2021-10-14 19:42:39,357 [84cf0c76-78e0-494d-aa1f-4383c35cad34@group-D1ADC348C817-SegmentedRaftLogWorker] INFO  segmented.SegmentedRaftLogWorker (SegmentedRaftLogWorker.java:run(327)) - 84cf0c76-78e0-494d-aa1f-4383c35cad34@group-D1ADC348C817-SegmentedRaftLogWorker was interrupted, exiting. There are 0 tasks remaining in the queue.
2021-10-14 19:42:39,365 [ForkJoinPool.commonPool-worker-1] INFO  ozoneimpl.OzoneContainer (OzoneContainer.java:stop(325)) - Attempting to stop container services.
2021-10-14 19:42:39,366 [Listener at 127.0.0.1/44077] INFO  segmented.SegmentedRaftLogWorker (SegmentedRaftLogWorker.java:close(237)) - 84cf0c76-78e0-494d-aa1f-4383c35cad34@group-D1ADC348C817-SegmentedRaftLogWorker close()
2021-10-14 19:42:39,367 [ForkJoinPool.commonPool-worker-1] INFO  server.RaftServer (RaftServerProxy.java:lambda$close$6(391)) - 0b6bda71-48c1-453f-8afc-63104cab6d5d: close
2021-10-14 19:42:39,367 [ForkJoinPool.commonPool-worker-1] INFO  server.RaftServer$Division (RaftServerImpl.java:lambda$close$4(407)) - 0b6bda71-48c1-453f-8afc-63104cab6d5d@group-22CB598797F9: shutdown
2021-10-14 19:42:39,367 [ForkJoinPool.commonPool-worker-1] INFO  util.JmxRegister (JmxRegister.java:unregister(73)) - Successfully un-registered JMX Bean with object name Ratis:service=RaftServer,group=group-22CB598797F9,id=0b6bda71-48c1-453f-8afc-63104cab6d5d
2021-10-14 19:42:39,367 [ForkJoinPool.commonPool-worker-1] INFO  impl.RoleInfo (RoleInfo.java:shutdownLeaderState(91)) - 0b6bda71-48c1-453f-8afc-63104cab6d5d: shutdown 0b6bda71-48c1-453f-8afc-63104cab6d5d@group-22CB598797F9-LeaderStateImpl
2021-10-14 19:42:39,367 [ForkJoinPool.commonPool-worker-1] INFO  impl.PendingRequests (PendingRequests.java:sendNotLeaderResponses(282)) - 0b6bda71-48c1-453f-8afc-63104cab6d5d@group-22CB598797F9-PendingRequests: sendNotLeaderResponses
2021-10-14 19:42:39,368 [ForkJoinPool.commonPool-worker-1] INFO  impl.StateMachineUpdater (StateMachineUpdater.java:stopAndJoin(149)) - 0b6bda71-48c1-453f-8afc-63104cab6d5d@group-22CB598797F9-StateMachineUpdater: set stopIndex = 0
2021-10-14 19:42:39,368 [0b6bda71-48c1-453f-8afc-63104cab6d5d@group-22CB598797F9-StateMachineUpdater] INFO  ratis.ContainerStateMachine (ContainerStateMachine.java:takeSnapshot(292)) - group-22CB598797F9: Taking a snapshot at:(t:1, i:0) file /home/runner/work/ozone/ozone/hadoop-ozone/integration-test/target/test-dir/MiniOzoneClusterImpl-0ea35d3c-98b9-4918-895e-fcd9be0efca6/datanode-2/data/ratis/d287db88-6e56-4fa8-aed6-22cb598797f9/sm/snapshot.1_0
2021-10-14 19:42:39,373 [Listener at 127.0.0.1/44077] INFO  server.RaftServer$Division (RaftServerImpl.java:lambda$close$4(407)) - 84cf0c76-78e0-494d-aa1f-4383c35cad34@group-5A12C23A624B: shutdown
2021-10-14 19:42:39,373 [Listener at 127.0.0.1/44077] INFO  util.JmxRegister (JmxRegister.java:unregister(73)) - Successfully un-registered JMX Bean with object name Ratis:service=RaftServer,group=group-5A12C23A624B,id=84cf0c76-78e0-494d-aa1f-4383c35cad34
2021-10-14 19:42:39,373 [Listener at 127.0.0.1/44077] INFO  impl.RoleInfo (RoleInfo.java:shutdownFollowerState(108)) - 84cf0c76-78e0-494d-aa1f-4383c35cad34: shutdown 84cf0c76-78e0-494d-aa1f-4383c35cad34@group-5A12C23A624B-FollowerState
2021-10-14 19:42:39,373 [Listener at 127.0.0.1/44077] INFO  impl.StateMachineUpdater (StateMachineUpdater.java:stopAndJoin(149)) - 84cf0c76-78e0-494d-aa1f-4383c35cad34@group-5A12C23A624B-StateMachineUpdater: set stopIndex = 0
2021-10-14 19:42:39,373 [84cf0c76-78e0-494d-aa1f-4383c35cad34@group-5A12C23A624B-FollowerState] INFO  impl.FollowerState (FollowerState.java:run(143)) - 84cf0c76-78e0-494d-aa1f-4383c35cad34@group-5A12C23A624B-FollowerState was interrupted: {}
java.lang.InterruptedException: sleep interrupted
	at java.lang.Thread.sleep(Native Method)
	at java.lang.Thread.sleep(Thread.java:340)
	at java.util.concurrent.TimeUnit.sleep(TimeUnit.java:386)
	at org.apache.ratis.util.TimeDuration.sleep(TimeDuration.java:324)
	at org.apache.ratis.util.TimeDuration.sleep(TimeDuration.java:309)
	at org.apache.ratis.server.impl.FollowerState.run(FollowerState.java:118)
2021-10-14 19:42:39,373 [84cf0c76-78e0-494d-aa1f-4383c35cad34@group-5A12C23A624B-StateMachineUpdater] INFO  ratis.ContainerStateMachine (ContainerStateMachine.java:takeSnapshot(292)) - group-5A12C23A624B: Taking a snapshot at:(t:3, i:0) file /home/runner/work/ozone/ozone/hadoop-ozone/integration-test/target/test-dir/MiniOzoneClusterImpl-0ea35d3c-98b9-4918-895e-fcd9be0efca6/datanode-3/data/ratis/262400e7-26fc-467b-ad1e-5a12c23a624b/sm/snapshot.3_0
2021-10-14 19:42:39,374 [0b6bda71-48c1-453f-8afc-63104cab6d5d@group-22CB598797F9-StateMachineUpdater] INFO  ratis.ContainerStateMachine (ContainerStateMachine.java:takeSnapshot(303)) - group-22CB598797F9: Finished taking a snapshot at:(t:1, i:0) file:/home/runner/work/ozone/ozone/hadoop-ozone/integration-test/target/test-dir/MiniOzoneClusterImpl-0ea35d3c-98b9-4918-895e-fcd9be0efca6/datanode-2/data/ratis/d287db88-6e56-4fa8-aed6-22cb598797f9/sm/snapshot.1_0 took: 6 ms
2021-10-14 19:42:39,375 [0b6bda71-48c1-453f-8afc-63104cab6d5d@group-22CB598797F9-StateMachineUpdater] INFO  impl.StateMachineUpdater (StateMachineUpdater.java:takeSnapshot(281)) - 0b6bda71-48c1-453f-8afc-63104cab6d5d@group-22CB598797F9-StateMachineUpdater: Took a snapshot at index 0
2021-10-14 19:42:39,375 [0b6bda71-48c1-453f-8afc-63104cab6d5d@group-22CB598797F9-StateMachineUpdater] INFO  impl.StateMachineUpdater (StateMachineUpdater.java:lambda$new$0(89)) - 0b6bda71-48c1-453f-8afc-63104cab6d5d@group-22CB598797F9-StateMachineUpdater: snapshotIndex: updateIncreasingly -1 -> 0
2021-10-14 19:42:39,375 [84cf0c76-78e0-494d-aa1f-4383c35cad34@group-5A12C23A624B-StateMachineUpdater] INFO  ratis.ContainerStateMachine (ContainerStateMachine.java:takeSnapshot(303)) - group-5A12C23A624B: Finished taking a snapshot at:(t:3, i:0) file:/home/runner/work/ozone/ozone/hadoop-ozone/integration-test/target/test-dir/MiniOzoneClusterImpl-0ea35d3c-98b9-4918-895e-fcd9be0efca6/datanode-3/data/ratis/262400e7-26fc-467b-ad1e-5a12c23a624b/sm/snapshot.3_0 took: 1 ms
2021-10-14 19:42:39,375 [84cf0c76-78e0-494d-aa1f-4383c35cad34@group-5A12C23A624B-StateMachineUpdater] INFO  impl.StateMachineUpdater (StateMachineUpdater.java:takeSnapshot(281)) - 84cf0c76-78e0-494d-aa1f-4383c35cad34@group-5A12C23A624B-StateMachineUpdater: Took a snapshot at index 0
2021-10-14 19:42:39,375 [84cf0c76-78e0-494d-aa1f-4383c35cad34@group-5A12C23A624B-StateMachineUpdater] INFO  impl.StateMachineUpdater (StateMachineUpdater.java:lambda$new$0(89)) - 84cf0c76-78e0-494d-aa1f-4383c35cad34@group-5A12C23A624B-StateMachineUpdater: snapshotIndex: updateIncreasingly -1 -> 0
2021-10-14 19:42:39,376 [ForkJoinPool.commonPool-worker-1] INFO  server.RaftServer$Division (ServerState.java:close(419)) - 0b6bda71-48c1-453f-8afc-63104cab6d5d@group-22CB598797F9: closes. applyIndex: 0
2021-10-14 19:42:39,376 [0b6bda71-48c1-453f-8afc-63104cab6d5d@group-22CB598797F9-SegmentedRaftLogWorker] INFO  segmented.SegmentedRaftLogWorker (SegmentedRaftLogWorker.java:run(327)) - 0b6bda71-48c1-453f-8afc-63104cab6d5d@group-22CB598797F9-SegmentedRaftLogWorker was interrupted, exiting. There are 0 tasks remaining in the queue.
2021-10-14 19:42:39,377 [Listener at 127.0.0.1/44077] INFO  server.RaftServer$Division (ServerState.java:close(419)) - 84cf0c76-78e0-494d-aa1f-4383c35cad34@group-5A12C23A624B: closes. applyIndex: 0
2021-10-14 19:42:39,377 [84cf0c76-78e0-494d-aa1f-4383c35cad34@group-5A12C23A624B-SegmentedRaftLogWorker] INFO  segmented.SegmentedRaftLogWorker (SegmentedRaftLogWorker.java:run(327)) - 84cf0c76-78e0-494d-aa1f-4383c35cad34@group-5A12C23A624B-SegmentedRaftLogWorker was interrupted, exiting. There are 0 tasks remaining in the queue.
2021-10-14 19:42:39,393 [ForkJoinPool.commonPool-worker-1] INFO  segmented.SegmentedRaftLogWorker (SegmentedRaftLogWorker.java:close(237)) - 0b6bda71-48c1-453f-8afc-63104cab6d5d@group-22CB598797F9-SegmentedRaftLogWorker close()
2021-10-14 19:42:39,393 [Listener at 127.0.0.1/44077] INFO  segmented.SegmentedRaftLogWorker (SegmentedRaftLogWorker.java:close(237)) - 84cf0c76-78e0-494d-aa1f-4383c35cad34@group-5A12C23A624B-SegmentedRaftLogWorker close()
2021-10-14 19:42:39,395 [ForkJoinPool.commonPool-worker-1] INFO  server.RaftServer$Division (RaftServerImpl.java:lambda$close$4(407)) - 0b6bda71-48c1-453f-8afc-63104cab6d5d@group-E6A68DCE718D: shutdown
2021-10-14 19:42:39,395 [ForkJoinPool.commonPool-worker-1] INFO  util.JmxRegister (JmxRegister.java:unregister(73)) - Successfully un-registered JMX Bean with object name Ratis:service=RaftServer,group=group-E6A68DCE718D,id=0b6bda71-48c1-453f-8afc-63104cab6d5d
2021-10-14 19:42:39,395 [ForkJoinPool.commonPool-worker-1] INFO  impl.RoleInfo (RoleInfo.java:shutdownFollowerState(108)) - 0b6bda71-48c1-453f-8afc-63104cab6d5d: shutdown 0b6bda71-48c1-453f-8afc-63104cab6d5d@group-E6A68DCE718D-FollowerState
2021-10-14 19:42:39,395 [ForkJoinPool.commonPool-worker-1] INFO  impl.StateMachineUpdater (StateMachineUpdater.java:stopAndJoin(149)) - 0b6bda71-48c1-453f-8afc-63104cab6d5d@group-E6A68DCE718D-StateMachineUpdater: set stopIndex = 0
2021-10-14 19:42:39,395 [Listener at 127.0.0.1/44077] INFO  server.RaftServer$Division (RaftServerImpl.java:lambda$close$4(407)) - 84cf0c76-78e0-494d-aa1f-4383c35cad34@group-C6AC7CE8E3A4: shutdown
2021-10-14 19:42:39,396 [Listener at 127.0.0.1/44077] INFO  util.JmxRegister (JmxRegister.java:unregister(73)) - Successfully un-registered JMX Bean with object name Ratis:service=RaftServer,group=group-C6AC7CE8E3A4,id=84cf0c76-78e0-494d-aa1f-4383c35cad34
2021-10-14 19:42:39,396 [Listener at 127.0.0.1/44077] INFO  impl.RoleInfo (RoleInfo.java:shutdownLeaderState(91)) - 84cf0c76-78e0-494d-aa1f-4383c35cad34: shutdown 84cf0c76-78e0-494d-aa1f-4383c35cad34@group-C6AC7CE8E3A4-LeaderStateImpl
2021-10-14 19:42:39,396 [Listener at 127.0.0.1/44077] INFO  impl.PendingRequests (PendingRequests.java:sendNotLeaderResponses(282)) - 84cf0c76-78e0-494d-aa1f-4383c35cad34@group-C6AC7CE8E3A4-PendingRequests: sendNotLeaderResponses
2021-10-14 19:42:39,396 [0b6bda71-48c1-453f-8afc-63104cab6d5d@group-E6A68DCE718D-FollowerState] INFO  impl.FollowerState (FollowerState.java:run(143)) - 0b6bda71-48c1-453f-8afc-63104cab6d5d@group-E6A68DCE718D-FollowerState was interrupted: {}
java.lang.InterruptedException: sleep interrupted
	at java.lang.Thread.sleep(Native Method)
	at java.lang.Thread.sleep(Thread.java:340)
	at java.util.concurrent.TimeUnit.sleep(TimeUnit.java:386)
	at org.apache.ratis.util.TimeDuration.sleep(TimeDuration.java:324)
	at org.apache.ratis.util.TimeDuration.sleep(TimeDuration.java:309)
	at org.apache.ratis.server.impl.FollowerState.run(FollowerState.java:118)
2021-10-14 19:42:39,396 [Listener at 127.0.0.1/44077] INFO  impl.StateMachineUpdater (StateMachineUpdater.java:stopAndJoin(149)) - 84cf0c76-78e0-494d-aa1f-4383c35cad34@group-C6AC7CE8E3A4-StateMachineUpdater: set stopIndex = 0
2021-10-14 19:42:39,397 [0b6bda71-48c1-453f-8afc-63104cab6d5d@group-E6A68DCE718D-StateMachineUpdater] INFO  ratis.ContainerStateMachine (ContainerStateMachine.java:takeSnapshot(292)) - group-E6A68DCE718D: Taking a snapshot at:(t:1, i:0) file /home/runner/work/ozone/ozone/hadoop-ozone/integration-test/target/test-dir/MiniOzoneClusterImpl-0ea35d3c-98b9-4918-895e-fcd9be0efca6/datanode-2/data/ratis/61889154-9774-4b7a-8632-e6a68dce718d/sm/snapshot.1_0
2021-10-14 19:42:39,397 [84cf0c76-78e0-494d-aa1f-4383c35cad34@group-C6AC7CE8E3A4-StateMachineUpdater] INFO  ratis.ContainerStateMachine (ContainerStateMachine.java:takeSnapshot(292)) - group-C6AC7CE8E3A4: Taking a snapshot at:(t:1, i:0) file /home/runner/work/ozone/ozone/hadoop-ozone/integration-test/target/test-dir/MiniOzoneClusterImpl-0ea35d3c-98b9-4918-895e-fcd9be0efca6/datanode-3/data/ratis/c475e37c-a3a4-4c95-b0a6-c6ac7ce8e3a4/sm/snapshot.1_0
2021-10-14 19:42:39,398 [0b6bda71-48c1-453f-8afc-63104cab6d5d@group-E6A68DCE718D-StateMachineUpdater] INFO  ratis.ContainerStateMachine (ContainerStateMachine.java:takeSnapshot(303)) - group-E6A68DCE718D: Finished taking a snapshot at:(t:1, i:0) file:/home/runner/work/ozone/ozone/hadoop-ozone/integration-test/target/test-dir/MiniOzoneClusterImpl-0ea35d3c-98b9-4918-895e-fcd9be0efca6/datanode-2/data/ratis/61889154-9774-4b7a-8632-e6a68dce718d/sm/snapshot.1_0 took: 1 ms
2021-10-14 19:42:39,398 [0b6bda71-48c1-453f-8afc-63104cab6d5d@group-E6A68DCE718D-StateMachineUpdater] INFO  impl.StateMachineUpdater (StateMachineUpdater.java:takeSnapshot(281)) - 0b6bda71-48c1-453f-8afc-63104cab6d5d@group-E6A68DCE718D-StateMachineUpdater: Took a snapshot at index 0
2021-10-14 19:42:39,398 [0b6bda71-48c1-453f-8afc-63104cab6d5d@group-E6A68DCE718D-StateMachineUpdater] INFO  impl.StateMachineUpdater (StateMachineUpdater.java:lambda$new$0(89)) - 0b6bda71-48c1-453f-8afc-63104cab6d5d@group-E6A68DCE718D-StateMachineUpdater: snapshotIndex: updateIncreasingly -1 -> 0
2021-10-14 19:42:39,398 [ForkJoinPool.commonPool-worker-1] INFO  server.RaftServer$Division (ServerState.java:close(419)) - 0b6bda71-48c1-453f-8afc-63104cab6d5d@group-E6A68DCE718D: closes. applyIndex: 0
2021-10-14 19:42:39,398 [84cf0c76-78e0-494d-aa1f-4383c35cad34@group-C6AC7CE8E3A4-StateMachineUpdater] INFO  ratis.ContainerStateMachine (ContainerStateMachine.java:takeSnapshot(303)) - group-C6AC7CE8E3A4: Finished taking a snapshot at:(t:1, i:0) file:/home/runner/work/ozone/ozone/hadoop-ozone/integration-test/target/test-dir/MiniOzoneClusterImpl-0ea35d3c-98b9-4918-895e-fcd9be0efca6/datanode-3/data/ratis/c475e37c-a3a4-4c95-b0a6-c6ac7ce8e3a4/sm/snapshot.1_0 took: 1 ms
2021-10-14 19:42:39,398 [84cf0c76-78e0-494d-aa1f-4383c35cad34@group-C6AC7CE8E3A4-StateMachineUpdater] INFO  impl.StateMachineUpdater (StateMachineUpdater.java:takeSnapshot(281)) - 84cf0c76-78e0-494d-aa1f-4383c35cad34@group-C6AC7CE8E3A4-StateMachineUpdater: Took a snapshot at index 0
2021-10-14 19:42:39,398 [84cf0c76-78e0-494d-aa1f-4383c35cad34@group-C6AC7CE8E3A4-StateMachineUpdater] INFO  impl.StateMachineUpdater (StateMachineUpdater.java:lambda$new$0(89)) - 84cf0c76-78e0-494d-aa1f-4383c35cad34@group-C6AC7CE8E3A4-StateMachineUpdater: snapshotIndex: updateIncreasingly -1 -> 0
2021-10-14 19:42:39,399 [Listener at 127.0.0.1/44077] INFO  server.RaftServer$Division (ServerState.java:close(419)) - 84cf0c76-78e0-494d-aa1f-4383c35cad34@group-C6AC7CE8E3A4: closes. applyIndex: 0
2021-10-14 19:42:39,399 [0b6bda71-48c1-453f-8afc-63104cab6d5d@group-E6A68DCE718D-SegmentedRaftLogWorker] INFO  segmented.SegmentedRaftLogWorker (SegmentedRaftLogWorker.java:run(327)) - 0b6bda71-48c1-453f-8afc-63104cab6d5d@group-E6A68DCE718D-SegmentedRaftLogWorker was interrupted, exiting. There are 0 tasks remaining in the queue.
2021-10-14 19:42:39,399 [84cf0c76-78e0-494d-aa1f-4383c35cad34@group-C6AC7CE8E3A4-SegmentedRaftLogWorker] INFO  segmented.SegmentedRaftLogWorker (SegmentedRaftLogWorker.java:run(327)) - 84cf0c76-78e0-494d-aa1f-4383c35cad34@group-C6AC7CE8E3A4-SegmentedRaftLogWorker was interrupted, exiting. There are 0 tasks remaining in the queue.
2021-10-14 19:42:39,399 [ForkJoinPool.commonPool-worker-1] INFO  segmented.SegmentedRaftLogWorker (SegmentedRaftLogWorker.java:close(237)) - 0b6bda71-48c1-453f-8afc-63104cab6d5d@group-E6A68DCE718D-SegmentedRaftLogWorker close()
2021-10-14 19:42:39,399 [Listener at 127.0.0.1/44077] INFO  segmented.SegmentedRaftLogWorker (SegmentedRaftLogWorker.java:close(237)) - 84cf0c76-78e0-494d-aa1f-4383c35cad34@group-C6AC7CE8E3A4-SegmentedRaftLogWorker close()
2021-10-14 19:42:39,413 [ForkJoinPool.commonPool-worker-1] INFO  server.RaftServer$Division (RaftServerImpl.java:lambda$close$4(407)) - 0b6bda71-48c1-453f-8afc-63104cab6d5d@group-6FE54C72DDE9: shutdown
2021-10-14 19:42:39,413 [ForkJoinPool.commonPool-worker-1] INFO  util.JmxRegister (JmxRegister.java:unregister(73)) - Successfully un-registered JMX Bean with object name Ratis:service=RaftServer,group=group-6FE54C72DDE9,id=0b6bda71-48c1-453f-8afc-63104cab6d5d
2021-10-14 19:42:39,413 [ForkJoinPool.commonPool-worker-1] INFO  impl.RoleInfo (RoleInfo.java:shutdownLeaderState(91)) - 0b6bda71-48c1-453f-8afc-63104cab6d5d: shutdown 0b6bda71-48c1-453f-8afc-63104cab6d5d@group-6FE54C72DDE9-LeaderStateImpl
2021-10-14 19:42:39,413 [ForkJoinPool.commonPool-worker-1] INFO  impl.PendingRequests (PendingRequests.java:sendNotLeaderResponses(282)) - 0b6bda71-48c1-453f-8afc-63104cab6d5d@group-6FE54C72DDE9-PendingRequests: sendNotLeaderResponses
2021-10-14 19:42:39,413 [0b6bda71-48c1-453f-8afc-63104cab6d5d@group-6FE54C72DDE9->587c4370-f397-42e1-8c47-82ec3f79bf3a-GrpcLogAppender-LogAppenderDaemon] WARN  server.GrpcLogAppender (GrpcLogAppender.java:mayWait(175)) - 0b6bda71-48c1-453f-8afc-63104cab6d5d@group-6FE54C72DDE9->587c4370-f397-42e1-8c47-82ec3f79bf3a-GrpcLogAppender: Wait interrupted by java.lang.InterruptedException
2021-10-14 19:42:39,413 [Listener at 127.0.0.1/44077] INFO  server.GrpcService (GrpcService.java:closeImpl(262)) - 84cf0c76-78e0-494d-aa1f-4383c35cad34: shutdown server with port 32881 now
2021-10-14 19:42:39,414 [grpc-default-executor-0] INFO  server.GrpcServerProtocolService (GrpcServerProtocolService.java:onCompleted(140)) - 587c4370-f397-42e1-8c47-82ec3f79bf3a: Completed APPEND_ENTRIES, lastRequest: 0b6bda71-48c1-453f-8afc-63104cab6d5d->587c4370-f397-42e1-8c47-82ec3f79bf3a#2-t3,previous=(t:3, i:1),leaderCommit=1,initializing? true,entries: size=1, first=(t:3, i:2), METADATAENTRY(c:1)
2021-10-14 19:42:39,417 [grpc-default-executor-5] INFO  server.GrpcLogAppender (GrpcLogAppender.java:onCompleted(344)) - 0b6bda71-48c1-453f-8afc-63104cab6d5d@group-6FE54C72DDE9->587c4370-f397-42e1-8c47-82ec3f79bf3a-AppendLogResponseHandler: follower responses appendEntries COMPLETED
2021-10-14 19:42:39,417 [grpc-default-executor-5] INFO  leader.FollowerInfo (FollowerInfoImpl.java:lambda$new$0(46)) - 0b6bda71-48c1-453f-8afc-63104cab6d5d@group-6FE54C72DDE9->587c4370-f397-42e1-8c47-82ec3f79bf3a: nextIndex: updateUnconditionally 3 -> 2
2021-10-14 19:42:39,417 [grpc-default-executor-1] WARN  server.GrpcServerProtocolService (LogUtils.java:warn(122)) - 84cf0c76-78e0-494d-aa1f-4383c35cad34: installSnapshot onError, lastRequest: 5cef7d35-5853-4402-b8fc-0c0efab03ad9->84cf0c76-78e0-494d-aa1f-4383c35cad34#1-t3,previous=(t:0, i:0),leaderCommit=-1,initializing? true,entries: size=1, first=(t:3, i:0), CONFIGURATIONENTRY: org.apache.ratis.thirdparty.io.grpc.StatusRuntimeException: CANCELLED: client cancelled
2021-10-14 19:42:39,418 [grpc-default-executor-1] WARN  server.GrpcLogAppender (LogUtils.java:warn(122)) - 5cef7d35-5853-4402-b8fc-0c0efab03ad9@group-5A12C23A624B->84cf0c76-78e0-494d-aa1f-4383c35cad34-AppendLogResponseHandler: Failed appendEntries: org.apache.ratis.thirdparty.io.grpc.StatusRuntimeException: CANCELLED: HTTP/2 error code: CANCEL
Received Rst Stream
2021-10-14 19:42:39,418 [grpc-default-executor-1] WARN  server.GrpcLogAppender (GrpcLogAppender.java:resetClient(111)) - 5cef7d35-5853-4402-b8fc-0c0efab03ad9@group-5A12C23A624B->84cf0c76-78e0-494d-aa1f-4383c35cad34-GrpcLogAppender: Leader has not got in touch with Follower 5cef7d35-5853-4402-b8fc-0c0efab03ad9@group-5A12C23A624B->84cf0c76-78e0-494d-aa1f-4383c35cad34(c0,m0,n1, attendVote=true, lastRpcSendTime=1544, lastRpcResponseTime=1517) yet, just keep nextIndex unchanged and retry.
2021-10-14 19:42:39,434 [ForkJoinPool.commonPool-worker-1] INFO  impl.StateMachineUpdater (StateMachineUpdater.java:stopAndJoin(149)) - 0b6bda71-48c1-453f-8afc-63104cab6d5d@group-6FE54C72DDE9-StateMachineUpdater: set stopIndex = 2
2021-10-14 19:42:39,434 [0b6bda71-48c1-453f-8afc-63104cab6d5d@group-6FE54C72DDE9-StateMachineUpdater] INFO  ratis.ContainerStateMachine (ContainerStateMachine.java:takeSnapshot(292)) - group-6FE54C72DDE9: Taking a snapshot at:(t:3, i:2) file /home/runner/work/ozone/ozone/hadoop-ozone/integration-test/target/test-dir/MiniOzoneClusterImpl-0ea35d3c-98b9-4918-895e-fcd9be0efca6/datanode-2/data/ratis/9d216525-7da3-4ddd-a19b-6fe54c72dde9/sm/snapshot.3_2
2021-10-14 19:42:39,435 [Listener at 127.0.0.1/44077] INFO  server.GrpcService (GrpcService.java:closeImpl(271)) - 84cf0c76-78e0-494d-aa1f-4383c35cad34: shutdown server with port 32881 successfully
2021-10-14 19:42:39,435 [org.apache.ratis.util.JvmPauseMonitor$$Lambda$531/694926949@22aa4ad] INFO  util.JvmPauseMonitor (JvmPauseMonitor.java:run(109)) - JvmPauseMonitor-84cf0c76-78e0-494d-aa1f-4383c35cad34: Stopped
2021-10-14 19:42:39,436 [Listener at 127.0.0.1/44077] INFO  utils.BackgroundService (BackgroundService.java:shutdown(132)) - Shutting down service BlockDeletingService
2021-10-14 19:42:39,444 [0b6bda71-48c1-453f-8afc-63104cab6d5d@group-6FE54C72DDE9-StateMachineUpdater] INFO  ratis.ContainerStateMachine (ContainerStateMachine.java:takeSnapshot(303)) - group-6FE54C72DDE9: Finished taking a snapshot at:(t:3, i:2) file:/home/runner/work/ozone/ozone/hadoop-ozone/integration-test/target/test-dir/MiniOzoneClusterImpl-0ea35d3c-98b9-4918-895e-fcd9be0efca6/datanode-2/data/ratis/9d216525-7da3-4ddd-a19b-6fe54c72dde9/sm/snapshot.3_2 took: 10 ms
2021-10-14 19:42:39,444 [0b6bda71-48c1-453f-8afc-63104cab6d5d@group-6FE54C72DDE9-StateMachineUpdater] INFO  impl.StateMachineUpdater (StateMachineUpdater.java:takeSnapshot(281)) - 0b6bda71-48c1-453f-8afc-63104cab6d5d@group-6FE54C72DDE9-StateMachineUpdater: Took a snapshot at index 2
2021-10-14 19:42:39,444 [0b6bda71-48c1-453f-8afc-63104cab6d5d@group-6FE54C72DDE9-StateMachineUpdater] INFO  impl.StateMachineUpdater (StateMachineUpdater.java:lambda$new$0(89)) - 0b6bda71-48c1-453f-8afc-63104cab6d5d@group-6FE54C72DDE9-StateMachineUpdater: snapshotIndex: updateIncreasingly -1 -> 2
2021-10-14 19:42:39,445 [ForkJoinPool.commonPool-worker-1] INFO  server.RaftServer$Division (ServerState.java:close(419)) - 0b6bda71-48c1-453f-8afc-63104cab6d5d@group-6FE54C72DDE9: closes. applyIndex: 2
2021-10-14 19:42:39,445 [0b6bda71-48c1-453f-8afc-63104cab6d5d@group-6FE54C72DDE9-SegmentedRaftLogWorker] INFO  segmented.SegmentedRaftLogWorker (SegmentedRaftLogWorker.java:run(327)) - 0b6bda71-48c1-453f-8afc-63104cab6d5d@group-6FE54C72DDE9-SegmentedRaftLogWorker was interrupted, exiting. There are 0 tasks remaining in the queue.
2021-10-14 19:42:39,445 [ForkJoinPool.commonPool-worker-1] INFO  segmented.SegmentedRaftLogWorker (SegmentedRaftLogWorker.java:close(237)) - 0b6bda71-48c1-453f-8afc-63104cab6d5d@group-6FE54C72DDE9-SegmentedRaftLogWorker close()
2021-10-14 19:42:39,452 [ForkJoinPool.commonPool-worker-1] INFO  server.GrpcService (GrpcService.java:closeImpl(262)) - 0b6bda71-48c1-453f-8afc-63104cab6d5d: shutdown server with port 42925 now
2021-10-14 19:42:39,484 [grpc-default-executor-1] WARN  server.GrpcServerProtocolService (LogUtils.java:warn(122)) - 0b6bda71-48c1-453f-8afc-63104cab6d5d: installSnapshot onError, lastRequest: 587c4370-f397-42e1-8c47-82ec3f79bf3a->0b6bda71-48c1-453f-8afc-63104cab6d5d#1-t1,previous=(t:0, i:0),leaderCommit=0,initializing? true,entries: size=1, first=(t:1, i:0), CONFIGURATIONENTRY: org.apache.ratis.thirdparty.io.grpc.StatusRuntimeException: CANCELLED: client cancelled
2021-10-14 19:42:39,485 [ForkJoinPool.commonPool-worker-1] INFO  server.GrpcService (GrpcService.java:closeImpl(271)) - 0b6bda71-48c1-453f-8afc-63104cab6d5d: shutdown server with port 42925 successfully
2021-10-14 19:42:39,488 [org.apache.ratis.util.JvmPauseMonitor$$Lambda$531/694926949@3afa1201] INFO  util.JvmPauseMonitor (JvmPauseMonitor.java:run(109)) - JvmPauseMonitor-0b6bda71-48c1-453f-8afc-63104cab6d5d: Stopped
2021-10-14 19:42:39,489 [grpc-default-executor-1] WARN  server.GrpcLogAppender (LogUtils.java:warn(122)) - 587c4370-f397-42e1-8c47-82ec3f79bf3a@group-E6A68DCE718D->0b6bda71-48c1-453f-8afc-63104cab6d5d-AppendLogResponseHandler: Failed appendEntries: org.apache.ratis.thirdparty.io.grpc.StatusRuntimeException: CANCELLED: HTTP/2 error code: CANCEL
Received Rst Stream
2021-10-14 19:42:39,489 [grpc-default-executor-1] WARN  server.GrpcLogAppender (GrpcLogAppender.java:resetClient(111)) - 587c4370-f397-42e1-8c47-82ec3f79bf3a@group-E6A68DCE718D->0b6bda71-48c1-453f-8afc-63104cab6d5d-GrpcLogAppender: Leader has not got in touch with Follower 587c4370-f397-42e1-8c47-82ec3f79bf3a@group-E6A68DCE718D->0b6bda71-48c1-453f-8afc-63104cab6d5d(c0,m0,n1, attendVote=true, lastRpcSendTime=268, lastRpcResponseTime=255) yet, just keep nextIndex unchanged and retry.
2021-10-14 19:42:39,493 [ForkJoinPool.commonPool-worker-1] INFO  utils.BackgroundService (BackgroundService.java:shutdown(132)) - Shutting down service BlockDeletingService
2021-10-14 19:42:40,373 [grpc-default-executor-1] WARN  server.GrpcLogAppender (LogUtils.java:warn(122)) - 5cef7d35-5853-4402-b8fc-0c0efab03ad9@group-5A12C23A624B->f5ce720c-5ead-4d76-b65c-e0941e033263-AppendLogResponseHandler: Failed appendEntries: org.apache.ratis.thirdparty.io.grpc.StatusRuntimeException: UNAVAILABLE: io exception
2021-10-14 19:42:40,381 [grpc-default-executor-1] WARN  server.GrpcLogAppender (GrpcLogAppender.java:resetClient(111)) - 5cef7d35-5853-4402-b8fc-0c0efab03ad9@group-5A12C23A624B->f5ce720c-5ead-4d76-b65c-e0941e033263-GrpcLogAppender: Leader has not got in touch with Follower 5cef7d35-5853-4402-b8fc-0c0efab03ad9@group-5A12C23A624B->f5ce720c-5ead-4d76-b65c-e0941e033263(c0,m0,n1, attendVote=true, lastRpcSendTime=2515, lastRpcResponseTime=10034) yet, just keep nextIndex unchanged and retry.
2021-10-14 19:42:40,425 [grpc-default-executor-1] WARN  server.GrpcLogAppender (LogUtils.java:warn(122)) - 5cef7d35-5853-4402-b8fc-0c0efab03ad9@group-5A12C23A624B->84cf0c76-78e0-494d-aa1f-4383c35cad34-AppendLogResponseHandler: Failed appendEntries: org.apache.ratis.thirdparty.io.grpc.StatusRuntimeException: UNAVAILABLE: io exception
2021-10-14 19:42:40,425 [grpc-default-executor-1] WARN  server.GrpcLogAppender (GrpcLogAppender.java:resetClient(111)) - 5cef7d35-5853-4402-b8fc-0c0efab03ad9@group-5A12C23A624B->84cf0c76-78e0-494d-aa1f-4383c35cad34-GrpcLogAppender: Leader has not got in touch with Follower 5cef7d35-5853-4402-b8fc-0c0efab03ad9@group-5A12C23A624B->84cf0c76-78e0-494d-aa1f-4383c35cad34(c0,m0,n1, attendVote=true, lastRpcSendTime=0, lastRpcResponseTime=2524) yet, just keep nextIndex unchanged and retry.
2021-10-14 19:42:41,714 [grpc-default-executor-1] WARN  server.GrpcLogAppender (LogUtils.java:warn(122)) - 587c4370-f397-42e1-8c47-82ec3f79bf3a@group-E6A68DCE718D->33764f87-9c6a-47d4-8cea-d0f1d2ec7fe6-AppendLogResponseHandler: Failed appendEntries: org.apache.ratis.thirdparty.io.grpc.StatusRuntimeException: UNAVAILABLE: io exception
2021-10-14 19:42:41,715 [grpc-default-executor-1] WARN  server.GrpcLogAppender (GrpcLogAppender.java:resetClient(111)) - 587c4370-f397-42e1-8c47-82ec3f79bf3a@group-E6A68DCE718D->33764f87-9c6a-47d4-8cea-d0f1d2ec7fe6-GrpcLogAppender: Leader has not got in touch with Follower 587c4370-f397-42e1-8c47-82ec3f79bf3a@group-E6A68DCE718D->33764f87-9c6a-47d4-8cea-d0f1d2ec7fe6(c0,m0,n1, attendVote=true, lastRpcSendTime=0, lastRpcResponseTime=12546) yet, just keep nextIndex unchanged and retry.
2021-10-14 19:42:41,821 [grpc-default-executor-1] WARN  server.GrpcLogAppender (LogUtils.java:warn(122)) - 587c4370-f397-42e1-8c47-82ec3f79bf3a@group-E6A68DCE718D->0b6bda71-48c1-453f-8afc-63104cab6d5d-AppendLogResponseHandler: Failed appendEntries: org.apache.ratis.thirdparty.io.grpc.StatusRuntimeException: UNAVAILABLE: io exception
2021-10-14 19:42:41,822 [grpc-default-executor-1] WARN  server.GrpcLogAppender (GrpcLogAppender.java:resetClient(111)) - 587c4370-f397-42e1-8c47-82ec3f79bf3a@group-E6A68DCE718D->0b6bda71-48c1-453f-8afc-63104cab6d5d-GrpcLogAppender: Leader has not got in touch with Follower 587c4370-f397-42e1-8c47-82ec3f79bf3a@group-E6A68DCE718D->0b6bda71-48c1-453f-8afc-63104cab6d5d(c0,m0,n1, attendVote=true, lastRpcSendTime=65, lastRpcResponseTime=2588) yet, just keep nextIndex unchanged and retry.
2021-10-14 19:42:42,465 [Listener at 127.0.0.1/44077] INFO  statemachine.DatanodeStateMachine (DatanodeStateMachine.java:stopDaemon(522)) - Ozone container server stopped.
2021-10-14 19:42:42,466 [Listener at 127.0.0.1/44077] INFO  handler.ContextHandler (ContextHandler.java:doStop(1153)) - Stopped o.e.j.w.WebAppContext@7df81bf5{hddsDatanode,/,null,STOPPED}{jar:file:/home/runner/.m2/repository/org/apache/ozone/hdds-container-service/1.2.0-SNAPSHOT/hdds-container-service-1.2.0-SNAPSHOT.jar!/webapps/hddsDatanode}
2021-10-14 19:42:42,468 [Listener at 127.0.0.1/44077] INFO  server.AbstractConnector (AbstractConnector.java:doStop(381)) - Stopped ServerConnector@32890eda{HTTP/1.1, (http/1.1)}{0.0.0.0:0}
2021-10-14 19:42:42,468 [Listener at 127.0.0.1/44077] INFO  server.session (HouseKeeper.java:stopScavenging(149)) - node0 Stopped scavenging
2021-10-14 19:42:42,468 [Listener at 127.0.0.1/44077] INFO  handler.ContextHandler (ContextHandler.java:doStop(1153)) - Stopped o.e.j.s.ServletContextHandler@63f7341b{static,/static,jar:file:/home/runner/.m2/repository/org/apache/ozone/hdds-container-service/1.2.0-SNAPSHOT/hdds-container-service-1.2.0-SNAPSHOT.jar!/webapps/static,STOPPED}
2021-10-14 19:42:42,468 [Listener at 127.0.0.1/44077] INFO  handler.ContextHandler (ContextHandler.java:doStop(1153)) - Stopped o.e.j.s.ServletContextHandler@541367dd{logs,/logs,file:///home/runner/work/ozone/ozone/hadoop-ozone/integration-test/target/log,STOPPED}
2021-10-14 19:42:42,509 [ForkJoinPool.commonPool-worker-1] INFO  statemachine.DatanodeStateMachine (DatanodeStateMachine.java:stopDaemon(522)) - Ozone container server stopped.
2021-10-14 19:42:42,517 [ForkJoinPool.commonPool-worker-1] INFO  handler.ContextHandler (ContextHandler.java:doStop(1153)) - Stopped o.e.j.w.WebAppContext@98ba9a3{hddsDatanode,/,null,STOPPED}{jar:file:/home/runner/.m2/repository/org/apache/ozone/hdds-container-service/1.2.0-SNAPSHOT/hdds-container-service-1.2.0-SNAPSHOT.jar!/webapps/hddsDatanode}
2021-10-14 19:42:42,529 [ForkJoinPool.commonPool-worker-1] INFO  server.AbstractConnector (AbstractConnector.java:doStop(381)) - Stopped ServerConnector@369269fe{HTTP/1.1, (http/1.1)}{0.0.0.0:0}
2021-10-14 19:42:42,529 [ForkJoinPool.commonPool-worker-1] INFO  server.session (HouseKeeper.java:stopScavenging(149)) - node0 Stopped scavenging
2021-10-14 19:42:42,536 [ForkJoinPool.commonPool-worker-1] INFO  handler.ContextHandler (ContextHandler.java:doStop(1153)) - Stopped o.e.j.s.ServletContextHandler@35589f4c{static,/static,jar:file:/home/runner/.m2/repository/org/apache/ozone/hdds-container-service/1.2.0-SNAPSHOT/hdds-container-service-1.2.0-SNAPSHOT.jar!/webapps/static,STOPPED}
2021-10-14 19:42:42,537 [ForkJoinPool.commonPool-worker-1] INFO  handler.ContextHandler (ContextHandler.java:doStop(1153)) - Stopped o.e.j.s.ServletContextHandler@64b2327a{logs,/logs,file:///home/runner/work/ozone/ozone/hadoop-ozone/integration-test/target/log,STOPPED}
2021-10-14 19:42:42,554 [Datanode State Machine Thread - 0] WARN  statemachine.StateContext (StateContext.java:setState(246)) - Ignore disallowed transition from SHUTDOWN to RUNNING
2021-10-14 19:42:42,884 [grpc-default-executor-1] WARN  server.GrpcLogAppender (LogUtils.java:warn(122)) - 5cef7d35-5853-4402-b8fc-0c0efab03ad9@group-5A12C23A624B->f5ce720c-5ead-4d76-b65c-e0941e033263-AppendLogResponseHandler: Failed appendEntries: org.apache.ratis.thirdparty.io.grpc.StatusRuntimeException: UNAVAILABLE: io exception
2021-10-14 19:42:42,885 [grpc-default-executor-1] WARN  server.GrpcLogAppender (GrpcLogAppender.java:resetClient(111)) - 5cef7d35-5853-4402-b8fc-0c0efab03ad9@group-5A12C23A624B->f5ce720c-5ead-4d76-b65c-e0941e033263-GrpcLogAppender: Leader has not got in touch with Follower 5cef7d35-5853-4402-b8fc-0c0efab03ad9@group-5A12C23A624B->f5ce720c-5ead-4d76-b65c-e0941e033263(c0,m0,n1, attendVote=true, lastRpcSendTime=0, lastRpcResponseTime=12538) yet, just keep nextIndex unchanged and retry.
2021-10-14 19:42:42,929 [grpc-default-executor-1] WARN  server.GrpcLogAppender (LogUtils.java:warn(122)) - 5cef7d35-5853-4402-b8fc-0c0efab03ad9@group-5A12C23A624B->84cf0c76-78e0-494d-aa1f-4383c35cad34-AppendLogResponseHandler: Failed appendEntries: org.apache.ratis.thirdparty.io.grpc.StatusRuntimeException: UNAVAILABLE: io exception
2021-10-14 19:42:42,930 [grpc-default-executor-1] WARN  server.GrpcLogAppender (GrpcLogAppender.java:resetClient(111)) - 5cef7d35-5853-4402-b8fc-0c0efab03ad9@group-5A12C23A624B->84cf0c76-78e0-494d-aa1f-4383c35cad34-GrpcLogAppender: Leader has not got in touch with Follower 5cef7d35-5853-4402-b8fc-0c0efab03ad9@group-5A12C23A624B->84cf0c76-78e0-494d-aa1f-4383c35cad34(c0,m0,n1, attendVote=true, lastRpcSendTime=1, lastRpcResponseTime=5029) yet, just keep nextIndex unchanged and retry.
2021-10-14 19:42:43,146 [5cef7d35-5853-4402-b8fc-0c0efab03ad9@group-D1ADC348C817-FollowerState] INFO  impl.FollowerState (FollowerState.java:run(134)) - 5cef7d35-5853-4402-b8fc-0c0efab03ad9@group-D1ADC348C817-FollowerState: change to CANDIDATE, lastRpcElapsedTime:5085363051ns, electionTimeout:5074ms
2021-10-14 19:42:43,146 [5cef7d35-5853-4402-b8fc-0c0efab03ad9@group-D1ADC348C817-FollowerState] INFO  impl.RoleInfo (RoleInfo.java:shutdownFollowerState(108)) - 5cef7d35-5853-4402-b8fc-0c0efab03ad9: shutdown 5cef7d35-5853-4402-b8fc-0c0efab03ad9@group-D1ADC348C817-FollowerState
2021-10-14 19:42:43,146 [5cef7d35-5853-4402-b8fc-0c0efab03ad9@group-D1ADC348C817-FollowerState] INFO  server.RaftServer$Division (RaftServerImpl.java:setRole(285)) - 5cef7d35-5853-4402-b8fc-0c0efab03ad9@group-D1ADC348C817: changes role from  FOLLOWER to CANDIDATE at term 6 for changeToCandidate
2021-10-14 19:42:43,146 [5cef7d35-5853-4402-b8fc-0c0efab03ad9@group-D1ADC348C817-FollowerState] INFO  server.RaftServerConfigKeys (ConfUtils.java:logGet(44)) - raft.server.leaderelection.pre-vote = false (custom)
2021-10-14 19:42:43,146 [5cef7d35-5853-4402-b8fc-0c0efab03ad9@group-D1ADC348C817-FollowerState] INFO  impl.RoleInfo (RoleInfo.java:updateAndGet(130)) - 5cef7d35-5853-4402-b8fc-0c0efab03ad9: start 5cef7d35-5853-4402-b8fc-0c0efab03ad9@group-D1ADC348C817-LeaderElection23
2021-10-14 19:42:43,169 [5cef7d35-5853-4402-b8fc-0c0efab03ad9@group-D1ADC348C817-LeaderElection23] INFO  server.RaftServer$Division (ServerState.java:setLeader(285)) - 5cef7d35-5853-4402-b8fc-0c0efab03ad9@group-D1ADC348C817: change Leader from 84cf0c76-78e0-494d-aa1f-4383c35cad34 to null at term 6 for ELECTION
2021-10-14 19:42:43,172 [5cef7d35-5853-4402-b8fc-0c0efab03ad9@group-D1ADC348C817-LeaderElection23] INFO  impl.LeaderElection (LeaderElection.java:askForVotes(306)) - 5cef7d35-5853-4402-b8fc-0c0efab03ad9@group-D1ADC348C817-LeaderElection23 ELECTION round 0: submit vote requests at term 7 for 2: [84cf0c76-78e0-494d-aa1f-4383c35cad34|rpc:10.1.0.23:32881|dataStream:|priority:1, f5ce720c-5ead-4d76-b65c-e0941e033263|rpc:10.1.0.23:35407|dataStream:|priority:0, 5cef7d35-5853-4402-b8fc-0c0efab03ad9|rpc:10.1.0.23:45557|dataStream:|priority:0], old=null
2021-10-14 19:42:43,196 [5cef7d35-5853-4402-b8fc-0c0efab03ad9@group-D1ADC348C817-LeaderElection23] INFO  impl.LeaderElection (LogUtils.java:infoOrTrace(137)) - 5cef7d35-5853-4402-b8fc-0c0efab03ad9@group-D1ADC348C817-LeaderElection23 got exception when requesting votes: java.util.concurrent.ExecutionException: org.apache.ratis.thirdparty.io.grpc.StatusRuntimeException: UNAVAILABLE: io exception
2021-10-14 19:42:43,198 [5cef7d35-5853-4402-b8fc-0c0efab03ad9@group-D1ADC348C817-LeaderElection23] INFO  impl.LeaderElection (LogUtils.java:infoOrTrace(137)) - 5cef7d35-5853-4402-b8fc-0c0efab03ad9@group-D1ADC348C817-LeaderElection23 got exception when requesting votes: java.util.concurrent.ExecutionException: org.apache.ratis.thirdparty.io.grpc.StatusRuntimeException: UNAVAILABLE: io exception
2021-10-14 19:42:43,198 [5cef7d35-5853-4402-b8fc-0c0efab03ad9@group-D1ADC348C817-LeaderElection23] INFO  impl.LeaderElection (LeaderElection.java:logAndReturn(89)) - 5cef7d35-5853-4402-b8fc-0c0efab03ad9@group-D1ADC348C817-LeaderElection23: ELECTION REJECTED received 0 response(s) and 2 exception(s):
2021-10-14 19:42:43,198 [5cef7d35-5853-4402-b8fc-0c0efab03ad9@group-D1ADC348C817-LeaderElection23] INFO  impl.LeaderElection (LogUtils.java:infoOrTrace(137)) -   Exception 0: java.util.concurrent.ExecutionException: org.apache.ratis.thirdparty.io.grpc.StatusRuntimeException: UNAVAILABLE: io exception
2021-10-14 19:42:43,198 [5cef7d35-5853-4402-b8fc-0c0efab03ad9@group-D1ADC348C817-LeaderElection23] INFO  impl.LeaderElection (LogUtils.java:infoOrTrace(137)) -   Exception 1: java.util.concurrent.ExecutionException: org.apache.ratis.thirdparty.io.grpc.StatusRuntimeException: UNAVAILABLE: io exception
2021-10-14 19:42:43,198 [5cef7d35-5853-4402-b8fc-0c0efab03ad9@group-D1ADC348C817-LeaderElection23] INFO  impl.LeaderElection (LeaderElection.java:askForVotes(308)) - 5cef7d35-5853-4402-b8fc-0c0efab03ad9@group-D1ADC348C817-LeaderElection23 ELECTION round 0: result REJECTED
2021-10-14 19:42:43,198 [5cef7d35-5853-4402-b8fc-0c0efab03ad9@group-D1ADC348C817-LeaderElection23] INFO  server.RaftServer$Division (RaftServerImpl.java:setRole(285)) - 5cef7d35-5853-4402-b8fc-0c0efab03ad9@group-D1ADC348C817: changes role from CANDIDATE to FOLLOWER at term 7 for REJECTED
2021-10-14 19:42:43,198 [5cef7d35-5853-4402-b8fc-0c0efab03ad9@group-D1ADC348C817-LeaderElection23] INFO  impl.RoleInfo (RoleInfo.java:shutdownLeaderElection(121)) - 5cef7d35-5853-4402-b8fc-0c0efab03ad9: shutdown 5cef7d35-5853-4402-b8fc-0c0efab03ad9@group-D1ADC348C817-LeaderElection23
2021-10-14 19:42:43,198 [5cef7d35-5853-4402-b8fc-0c0efab03ad9@group-D1ADC348C817-LeaderElection23] INFO  impl.RoleInfo (RoleInfo.java:updateAndGet(130)) - 5cef7d35-5853-4402-b8fc-0c0efab03ad9: start 5cef7d35-5853-4402-b8fc-0c0efab03ad9@group-D1ADC348C817-FollowerState
2021-10-14 19:42:43,606 [5cef7d35-5853-4402-b8fc-0c0efab03ad9@group-5A12C23A624B-LeaderStateImpl] WARN  server.RaftServer$Division (LeaderStateImpl.java:checkLeadership(944)) - 5cef7d35-5853-4402-b8fc-0c0efab03ad9@group-5A12C23A624B-LeaderStateImpl: Lost leadership on term: 3. Election timeout: 5200ms. In charge for: 20822ms. Conf: 0: [84cf0c76-78e0-494d-aa1f-4383c35cad34|rpc:10.1.0.23:32881|dataStream:|priority:0, f5ce720c-5ead-4d76-b65c-e0941e033263|rpc:10.1.0.23:35407|dataStream:|priority:0, 5cef7d35-5853-4402-b8fc-0c0efab03ad9|rpc:10.1.0.23:45557|dataStream:|priority:1], old=null
2021-10-14 19:42:43,607 [5cef7d35-5853-4402-b8fc-0c0efab03ad9@group-5A12C23A624B-LeaderStateImpl] WARN  server.RaftServer$Division (LeaderStateImpl.java:lambda$checkLeadership$15(948)) - Follower 5cef7d35-5853-4402-b8fc-0c0efab03ad9@group-5A12C23A624B->84cf0c76-78e0-494d-aa1f-4383c35cad34(c0,m0,n1, attendVote=true, lastRpcSendTime=678, lastRpcResponseTime=5706)
2021-10-14 19:42:43,607 [5cef7d35-5853-4402-b8fc-0c0efab03ad9@group-5A12C23A624B-LeaderStateImpl] WARN  server.RaftServer$Division (LeaderStateImpl.java:lambda$checkLeadership$15(948)) - Follower 5cef7d35-5853-4402-b8fc-0c0efab03ad9@group-5A12C23A624B->f5ce720c-5ead-4d76-b65c-e0941e033263(c0,m0,n1, attendVote=true, lastRpcSendTime=722, lastRpcResponseTime=13260)
2021-10-14 19:42:43,607 [5cef7d35-5853-4402-b8fc-0c0efab03ad9@group-5A12C23A624B-LeaderStateImpl] INFO  server.RaftServer$Division (RaftServerImpl.java:setRole(285)) - 5cef7d35-5853-4402-b8fc-0c0efab03ad9@group-5A12C23A624B: changes role from    LEADER to FOLLOWER at term 3 for StepDownReason:LOST_MAJORITY_HEARTBEATS
2021-10-14 19:42:43,607 [5cef7d35-5853-4402-b8fc-0c0efab03ad9@group-5A12C23A624B-LeaderStateImpl] INFO  impl.RoleInfo (RoleInfo.java:shutdownLeaderState(91)) - 5cef7d35-5853-4402-b8fc-0c0efab03ad9: shutdown 5cef7d35-5853-4402-b8fc-0c0efab03ad9@group-5A12C23A624B-LeaderStateImpl
2021-10-14 19:42:43,607 [5cef7d35-5853-4402-b8fc-0c0efab03ad9@group-5A12C23A624B-LeaderStateImpl] INFO  impl.PendingRequests (PendingRequests.java:sendNotLeaderResponses(282)) - 5cef7d35-5853-4402-b8fc-0c0efab03ad9@group-5A12C23A624B-PendingRequests: sendNotLeaderResponses
2021-10-14 19:42:43,608 [5cef7d35-5853-4402-b8fc-0c0efab03ad9@group-5A12C23A624B-LeaderStateImpl] INFO  impl.RoleInfo (RoleInfo.java:updateAndGet(130)) - 5cef7d35-5853-4402-b8fc-0c0efab03ad9: start 5cef7d35-5853-4402-b8fc-0c0efab03ad9@group-5A12C23A624B-FollowerState
2021-10-14 19:42:44,216 [grpc-default-executor-1] WARN  server.GrpcLogAppender (LogUtils.java:warn(122)) - 587c4370-f397-42e1-8c47-82ec3f79bf3a@group-E6A68DCE718D->33764f87-9c6a-47d4-8cea-d0f1d2ec7fe6-AppendLogResponseHandler: Failed appendEntries: org.apache.ratis.thirdparty.io.grpc.StatusRuntimeException: UNAVAILABLE: io exception
2021-10-14 19:42:44,217 [grpc-default-executor-1] WARN  server.GrpcLogAppender (GrpcLogAppender.java:resetClient(111)) - 587c4370-f397-42e1-8c47-82ec3f79bf3a@group-E6A68DCE718D->33764f87-9c6a-47d4-8cea-d0f1d2ec7fe6-GrpcLogAppender: Leader has not got in touch with Follower 587c4370-f397-42e1-8c47-82ec3f79bf3a@group-E6A68DCE718D->33764f87-9c6a-47d4-8cea-d0f1d2ec7fe6(c0,m0,n1, attendVote=true, lastRpcSendTime=2502, lastRpcResponseTime=15047) yet, just keep nextIndex unchanged and retry.
2021-10-14 19:42:44,272 [grpc-default-executor-1] WARN  server.GrpcLogAppender (LogUtils.java:warn(122)) - 587c4370-f397-42e1-8c47-82ec3f79bf3a@group-E6A68DCE718D->0b6bda71-48c1-453f-8afc-63104cab6d5d-AppendLogResponseHandler: Failed appendEntries: org.apache.ratis.thirdparty.io.grpc.StatusRuntimeException: UNAVAILABLE: io exception
2021-10-14 19:42:44,273 [grpc-default-executor-1] WARN  server.GrpcLogAppender (GrpcLogAppender.java:resetClient(111)) - 587c4370-f397-42e1-8c47-82ec3f79bf3a@group-E6A68DCE718D->0b6bda71-48c1-453f-8afc-63104cab6d5d-GrpcLogAppender: Leader has not got in touch with Follower 587c4370-f397-42e1-8c47-82ec3f79bf3a@group-E6A68DCE718D->0b6bda71-48c1-453f-8afc-63104cab6d5d(c0,m0,n1, attendVote=true, lastRpcSendTime=0, lastRpcResponseTime=5039) yet, just keep nextIndex unchanged and retry.
2021-10-14 19:42:46,728 [grpc-default-executor-1] WARN  server.GrpcLogAppender (LogUtils.java:warn(122)) - 587c4370-f397-42e1-8c47-82ec3f79bf3a@group-E6A68DCE718D->33764f87-9c6a-47d4-8cea-d0f1d2ec7fe6-AppendLogResponseHandler: Failed appendEntries: org.apache.ratis.thirdparty.io.grpc.StatusRuntimeException: UNAVAILABLE: io exception
2021-10-14 19:42:46,737 [grpc-default-executor-1] WARN  server.GrpcLogAppender (GrpcLogAppender.java:resetClient(111)) - 587c4370-f397-42e1-8c47-82ec3f79bf3a@group-E6A68DCE718D->33764f87-9c6a-47d4-8cea-d0f1d2ec7fe6-GrpcLogAppender: Leader has not got in touch with Follower 587c4370-f397-42e1-8c47-82ec3f79bf3a@group-E6A68DCE718D->33764f87-9c6a-47d4-8cea-d0f1d2ec7fe6(c0,m0,n1, attendVote=true, lastRpcSendTime=2519, lastRpcResponseTime=17568) yet, just keep nextIndex unchanged and retry.
2021-10-14 19:42:46,785 [grpc-default-executor-1] WARN  server.GrpcLogAppender (LogUtils.java:warn(122)) - 587c4370-f397-42e1-8c47-82ec3f79bf3a@group-E6A68DCE718D->0b6bda71-48c1-453f-8afc-63104cab6d5d-AppendLogResponseHandler: Failed appendEntries: org.apache.ratis.thirdparty.io.grpc.StatusRuntimeException: UNAVAILABLE: io exception
2021-10-14 19:42:46,785 [grpc-default-executor-1] WARN  server.GrpcLogAppender (GrpcLogAppender.java:resetClient(111)) - 587c4370-f397-42e1-8c47-82ec3f79bf3a@group-E6A68DCE718D->0b6bda71-48c1-453f-8afc-63104cab6d5d-GrpcLogAppender: Leader has not got in touch with Follower 587c4370-f397-42e1-8c47-82ec3f79bf3a@group-E6A68DCE718D->0b6bda71-48c1-453f-8afc-63104cab6d5d(c0,m0,n1, attendVote=true, lastRpcSendTime=0, lastRpcResponseTime=7551) yet, just keep nextIndex unchanged and retry.
2021-10-14 19:42:47,474 [Listener at 127.0.0.1/44077] INFO  ozoneimpl.OzoneContainer (OzoneContainer.java:stop(325)) - Attempting to stop container services.
2021-10-14 19:42:47,475 [Listener at 127.0.0.1/44077] INFO  server.RaftServer (RaftServerProxy.java:lambda$close$6(391)) - deff586f-8846-4a53-afbe-85ab1adc4d70: close
2021-10-14 19:42:47,475 [Listener at 127.0.0.1/44077] INFO  server.RaftServer$Division (RaftServerImpl.java:lambda$close$4(407)) - deff586f-8846-4a53-afbe-85ab1adc4d70@group-45942CB47BAF: shutdown
2021-10-14 19:42:47,475 [Listener at 127.0.0.1/44077] INFO  util.JmxRegister (JmxRegister.java:unregister(73)) - Successfully un-registered JMX Bean with object name Ratis:service=RaftServer,group=group-45942CB47BAF,id=deff586f-8846-4a53-afbe-85ab1adc4d70
2021-10-14 19:42:47,475 [Listener at 127.0.0.1/44077] INFO  impl.RoleInfo (RoleInfo.java:shutdownLeaderState(91)) - deff586f-8846-4a53-afbe-85ab1adc4d70: shutdown deff586f-8846-4a53-afbe-85ab1adc4d70@group-45942CB47BAF-LeaderStateImpl
2021-10-14 19:42:47,475 [Listener at 127.0.0.1/44077] INFO  impl.PendingRequests (PendingRequests.java:sendNotLeaderResponses(282)) - deff586f-8846-4a53-afbe-85ab1adc4d70@group-45942CB47BAF-PendingRequests: sendNotLeaderResponses
2021-10-14 19:42:47,476 [Listener at 127.0.0.1/44077] INFO  impl.StateMachineUpdater (StateMachineUpdater.java:stopAndJoin(149)) - deff586f-8846-4a53-afbe-85ab1adc4d70@group-45942CB47BAF-StateMachineUpdater: set stopIndex = 0
2021-10-14 19:42:47,476 [deff586f-8846-4a53-afbe-85ab1adc4d70@group-45942CB47BAF-StateMachineUpdater] INFO  ratis.ContainerStateMachine (ContainerStateMachine.java:takeSnapshot(292)) - group-45942CB47BAF: Taking a snapshot at:(t:1, i:0) file /home/runner/work/ozone/ozone/hadoop-ozone/integration-test/target/test-dir/MiniOzoneClusterImpl-0ea35d3c-98b9-4918-895e-fcd9be0efca6/datanode-6/data/ratis/0248f5bb-8e6b-43ae-8d2f-45942cb47baf/sm/snapshot.1_0
2021-10-14 19:42:47,478 [deff586f-8846-4a53-afbe-85ab1adc4d70@group-45942CB47BAF-StateMachineUpdater] INFO  ratis.ContainerStateMachine (ContainerStateMachine.java:takeSnapshot(303)) - group-45942CB47BAF: Finished taking a snapshot at:(t:1, i:0) file:/home/runner/work/ozone/ozone/hadoop-ozone/integration-test/target/test-dir/MiniOzoneClusterImpl-0ea35d3c-98b9-4918-895e-fcd9be0efca6/datanode-6/data/ratis/0248f5bb-8e6b-43ae-8d2f-45942cb47baf/sm/snapshot.1_0 took: 1 ms
2021-10-14 19:42:47,478 [deff586f-8846-4a53-afbe-85ab1adc4d70@group-45942CB47BAF-StateMachineUpdater] INFO  impl.StateMachineUpdater (StateMachineUpdater.java:takeSnapshot(281)) - deff586f-8846-4a53-afbe-85ab1adc4d70@group-45942CB47BAF-StateMachineUpdater: Took a snapshot at index 0
2021-10-14 19:42:47,478 [deff586f-8846-4a53-afbe-85ab1adc4d70@group-45942CB47BAF-StateMachineUpdater] INFO  impl.StateMachineUpdater (StateMachineUpdater.java:lambda$new$0(89)) - deff586f-8846-4a53-afbe-85ab1adc4d70@group-45942CB47BAF-StateMachineUpdater: snapshotIndex: updateIncreasingly -1 -> 0
2021-10-14 19:42:47,479 [Listener at 127.0.0.1/44077] INFO  server.RaftServer$Division (ServerState.java:close(419)) - deff586f-8846-4a53-afbe-85ab1adc4d70@group-45942CB47BAF: closes. applyIndex: 0
2021-10-14 19:42:47,479 [deff586f-8846-4a53-afbe-85ab1adc4d70@group-45942CB47BAF-SegmentedRaftLogWorker] INFO  segmented.SegmentedRaftLogWorker (SegmentedRaftLogWorker.java:run(327)) - deff586f-8846-4a53-afbe-85ab1adc4d70@group-45942CB47BAF-SegmentedRaftLogWorker was interrupted, exiting. There are 0 tasks remaining in the queue.
2021-10-14 19:42:47,479 [Listener at 127.0.0.1/44077] INFO  segmented.SegmentedRaftLogWorker (SegmentedRaftLogWorker.java:close(237)) - deff586f-8846-4a53-afbe-85ab1adc4d70@group-45942CB47BAF-SegmentedRaftLogWorker close()
2021-10-14 19:42:47,493 [Listener at 127.0.0.1/44077] INFO  server.GrpcService (GrpcService.java:closeImpl(262)) - deff586f-8846-4a53-afbe-85ab1adc4d70: shutdown server with port 38033 now
2021-10-14 19:42:47,493 [Listener at 127.0.0.1/44077] INFO  server.GrpcService (GrpcService.java:closeImpl(271)) - deff586f-8846-4a53-afbe-85ab1adc4d70: shutdown server with port 38033 successfully
2021-10-14 19:42:47,493 [org.apache.ratis.util.JvmPauseMonitor$$Lambda$531/694926949@6b1b4de3] INFO  util.JvmPauseMonitor (JvmPauseMonitor.java:run(109)) - JvmPauseMonitor-deff586f-8846-4a53-afbe-85ab1adc4d70: Stopped
2021-10-14 19:42:47,495 [Listener at 127.0.0.1/44077] INFO  utils.BackgroundService (BackgroundService.java:shutdown(132)) - Shutting down service BlockDeletingService
2021-10-14 19:42:47,542 [ForkJoinPool.commonPool-worker-1] INFO  ozoneimpl.OzoneContainer (OzoneContainer.java:stop(325)) - Attempting to stop container services.
2021-10-14 19:42:47,542 [ForkJoinPool.commonPool-worker-1] INFO  server.RaftServer (RaftServerProxy.java:lambda$close$6(391)) - 587c4370-f397-42e1-8c47-82ec3f79bf3a: close
2021-10-14 19:42:47,542 [ForkJoinPool.commonPool-worker-1] INFO  server.RaftServer$Division (RaftServerImpl.java:lambda$close$4(407)) - 587c4370-f397-42e1-8c47-82ec3f79bf3a@group-E63D5485D9E1: shutdown
2021-10-14 19:42:47,543 [ForkJoinPool.commonPool-worker-1] INFO  util.JmxRegister (JmxRegister.java:unregister(73)) - Successfully un-registered JMX Bean with object name Ratis:service=RaftServer,group=group-E63D5485D9E1,id=587c4370-f397-42e1-8c47-82ec3f79bf3a
2021-10-14 19:42:47,543 [ForkJoinPool.commonPool-worker-1] INFO  impl.RoleInfo (RoleInfo.java:shutdownLeaderState(91)) - 587c4370-f397-42e1-8c47-82ec3f79bf3a: shutdown 587c4370-f397-42e1-8c47-82ec3f79bf3a@group-E63D5485D9E1-LeaderStateImpl
2021-10-14 19:42:47,543 [ForkJoinPool.commonPool-worker-1] INFO  impl.PendingRequests (PendingRequests.java:sendNotLeaderResponses(282)) - 587c4370-f397-42e1-8c47-82ec3f79bf3a@group-E63D5485D9E1-PendingRequests: sendNotLeaderResponses
2021-10-14 19:42:47,543 [ForkJoinPool.commonPool-worker-1] INFO  impl.StateMachineUpdater (StateMachineUpdater.java:stopAndJoin(149)) - 587c4370-f397-42e1-8c47-82ec3f79bf3a@group-E63D5485D9E1-StateMachineUpdater: set stopIndex = 0
2021-10-14 19:42:47,544 [587c4370-f397-42e1-8c47-82ec3f79bf3a@group-E63D5485D9E1-StateMachineUpdater] INFO  ratis.ContainerStateMachine (ContainerStateMachine.java:takeSnapshot(292)) - group-E63D5485D9E1: Taking a snapshot at:(t:1, i:0) file /home/runner/work/ozone/ozone/hadoop-ozone/integration-test/target/test-dir/MiniOzoneClusterImpl-0ea35d3c-98b9-4918-895e-fcd9be0efca6/datanode-0/data/ratis/109068e8-4c17-4125-b5e6-e63d5485d9e1/sm/snapshot.1_0
2021-10-14 19:42:47,545 [587c4370-f397-42e1-8c47-82ec3f79bf3a@group-E63D5485D9E1-StateMachineUpdater] INFO  ratis.ContainerStateMachine (ContainerStateMachine.java:takeSnapshot(303)) - group-E63D5485D9E1: Finished taking a snapshot at:(t:1, i:0) file:/home/runner/work/ozone/ozone/hadoop-ozone/integration-test/target/test-dir/MiniOzoneClusterImpl-0ea35d3c-98b9-4918-895e-fcd9be0efca6/datanode-0/data/ratis/109068e8-4c17-4125-b5e6-e63d5485d9e1/sm/snapshot.1_0 took: 1 ms
2021-10-14 19:42:47,547 [587c4370-f397-42e1-8c47-82ec3f79bf3a@group-E63D5485D9E1-StateMachineUpdater] INFO  impl.StateMachineUpdater (StateMachineUpdater.java:takeSnapshot(281)) - 587c4370-f397-42e1-8c47-82ec3f79bf3a@group-E63D5485D9E1-StateMachineUpdater: Took a snapshot at index 0
2021-10-14 19:42:47,547 [587c4370-f397-42e1-8c47-82ec3f79bf3a@group-E63D5485D9E1-StateMachineUpdater] INFO  impl.StateMachineUpdater (StateMachineUpdater.java:lambda$new$0(89)) - 587c4370-f397-42e1-8c47-82ec3f79bf3a@group-E63D5485D9E1-StateMachineUpdater: snapshotIndex: updateIncreasingly -1 -> 0
2021-10-14 19:42:47,547 [ForkJoinPool.commonPool-worker-1] INFO  server.RaftServer$Division (ServerState.java:close(419)) - 587c4370-f397-42e1-8c47-82ec3f79bf3a@group-E63D5485D9E1: closes. applyIndex: 0
2021-10-14 19:42:47,547 [587c4370-f397-42e1-8c47-82ec3f79bf3a@group-E63D5485D9E1-SegmentedRaftLogWorker] INFO  segmented.SegmentedRaftLogWorker (SegmentedRaftLogWorker.java:run(327)) - 587c4370-f397-42e1-8c47-82ec3f79bf3a@group-E63D5485D9E1-SegmentedRaftLogWorker was interrupted, exiting. There are 0 tasks remaining in the queue.
2021-10-14 19:42:47,548 [ForkJoinPool.commonPool-worker-1] INFO  segmented.SegmentedRaftLogWorker (SegmentedRaftLogWorker.java:close(237)) - 587c4370-f397-42e1-8c47-82ec3f79bf3a@group-E63D5485D9E1-SegmentedRaftLogWorker close()
2021-10-14 19:42:47,557 [ForkJoinPool.commonPool-worker-1] INFO  server.RaftServer$Division (RaftServerImpl.java:lambda$close$4(407)) - 587c4370-f397-42e1-8c47-82ec3f79bf3a@group-E6A68DCE718D: shutdown
2021-10-14 19:42:47,557 [ForkJoinPool.commonPool-worker-1] INFO  util.JmxRegister (JmxRegister.java:unregister(73)) - Successfully un-registered JMX Bean with object name Ratis:service=RaftServer,group=group-E6A68DCE718D,id=587c4370-f397-42e1-8c47-82ec3f79bf3a
2021-10-14 19:42:47,557 [ForkJoinPool.commonPool-worker-1] INFO  impl.RoleInfo (RoleInfo.java:shutdownLeaderState(91)) - 587c4370-f397-42e1-8c47-82ec3f79bf3a: shutdown 587c4370-f397-42e1-8c47-82ec3f79bf3a@group-E6A68DCE718D-LeaderStateImpl
2021-10-14 19:42:47,557 [ForkJoinPool.commonPool-worker-1] INFO  impl.PendingRequests (PendingRequests.java:sendNotLeaderResponses(282)) - 587c4370-f397-42e1-8c47-82ec3f79bf3a@group-E6A68DCE718D-PendingRequests: sendNotLeaderResponses
2021-10-14 19:42:47,557 [ForkJoinPool.commonPool-worker-1] INFO  impl.StateMachineUpdater (StateMachineUpdater.java:stopAndJoin(149)) - 587c4370-f397-42e1-8c47-82ec3f79bf3a@group-E6A68DCE718D-StateMachineUpdater: set stopIndex = 0
2021-10-14 19:42:47,558 [587c4370-f397-42e1-8c47-82ec3f79bf3a@group-E6A68DCE718D-StateMachineUpdater] INFO  ratis.ContainerStateMachine (ContainerStateMachine.java:takeSnapshot(292)) - group-E6A68DCE718D: Taking a snapshot at:(t:1, i:0) file /home/runner/work/ozone/ozone/hadoop-ozone/integration-test/target/test-dir/MiniOzoneClusterImpl-0ea35d3c-98b9-4918-895e-fcd9be0efca6/datanode-0/data/ratis/61889154-9774-4b7a-8632-e6a68dce718d/sm/snapshot.1_0
2021-10-14 19:42:47,558 [587c4370-f397-42e1-8c47-82ec3f79bf3a@group-E6A68DCE718D-StateMachineUpdater] INFO  ratis.ContainerStateMachine (ContainerStateMachine.java:takeSnapshot(303)) - group-E6A68DCE718D: Finished taking a snapshot at:(t:1, i:0) file:/home/runner/work/ozone/ozone/hadoop-ozone/integration-test/target/test-dir/MiniOzoneClusterImpl-0ea35d3c-98b9-4918-895e-fcd9be0efca6/datanode-0/data/ratis/61889154-9774-4b7a-8632-e6a68dce718d/sm/snapshot.1_0 took: 1 ms
2021-10-14 19:42:47,559 [587c4370-f397-42e1-8c47-82ec3f79bf3a@group-E6A68DCE718D-StateMachineUpdater] INFO  impl.StateMachineUpdater (StateMachineUpdater.java:takeSnapshot(281)) - 587c4370-f397-42e1-8c47-82ec3f79bf3a@group-E6A68DCE718D-StateMachineUpdater: Took a snapshot at index 0
2021-10-14 19:42:47,559 [587c4370-f397-42e1-8c47-82ec3f79bf3a@group-E6A68DCE718D-StateMachineUpdater] INFO  impl.StateMachineUpdater (StateMachineUpdater.java:lambda$new$0(89)) - 587c4370-f397-42e1-8c47-82ec3f79bf3a@group-E6A68DCE718D-StateMachineUpdater: snapshotIndex: updateIncreasingly -1 -> 0
2021-10-14 19:42:47,562 [ForkJoinPool.commonPool-worker-1] INFO  server.RaftServer$Division (ServerState.java:close(419)) - 587c4370-f397-42e1-8c47-82ec3f79bf3a@group-E6A68DCE718D: closes. applyIndex: 0
2021-10-14 19:42:47,562 [587c4370-f397-42e1-8c47-82ec3f79bf3a@group-E6A68DCE718D-SegmentedRaftLogWorker] INFO  segmented.SegmentedRaftLogWorker (SegmentedRaftLogWorker.java:run(327)) - 587c4370-f397-42e1-8c47-82ec3f79bf3a@group-E6A68DCE718D-SegmentedRaftLogWorker was interrupted, exiting. There are 0 tasks remaining in the queue.
2021-10-14 19:42:47,562 [ForkJoinPool.commonPool-worker-1] INFO  segmented.SegmentedRaftLogWorker (SegmentedRaftLogWorker.java:close(237)) - 587c4370-f397-42e1-8c47-82ec3f79bf3a@group-E6A68DCE718D-SegmentedRaftLogWorker close()
2021-10-14 19:42:47,567 [ForkJoinPool.commonPool-worker-1] INFO  server.RaftServer$Division (RaftServerImpl.java:lambda$close$4(407)) - 587c4370-f397-42e1-8c47-82ec3f79bf3a@group-6FE54C72DDE9: shutdown
2021-10-14 19:42:47,567 [ForkJoinPool.commonPool-worker-1] INFO  util.JmxRegister (JmxRegister.java:unregister(73)) - Successfully un-registered JMX Bean with object name Ratis:service=RaftServer,group=group-6FE54C72DDE9,id=587c4370-f397-42e1-8c47-82ec3f79bf3a
2021-10-14 19:42:47,568 [ForkJoinPool.commonPool-worker-1] INFO  impl.RoleInfo (RoleInfo.java:shutdownFollowerState(108)) - 587c4370-f397-42e1-8c47-82ec3f79bf3a: shutdown 587c4370-f397-42e1-8c47-82ec3f79bf3a@group-6FE54C72DDE9-FollowerState
2021-10-14 19:42:47,568 [ForkJoinPool.commonPool-worker-1] INFO  impl.StateMachineUpdater (StateMachineUpdater.java:stopAndJoin(149)) - 587c4370-f397-42e1-8c47-82ec3f79bf3a@group-6FE54C72DDE9-StateMachineUpdater: set stopIndex = 1
2021-10-14 19:42:47,568 [587c4370-f397-42e1-8c47-82ec3f79bf3a@group-6FE54C72DDE9-FollowerState] INFO  impl.FollowerState (FollowerState.java:run(143)) - 587c4370-f397-42e1-8c47-82ec3f79bf3a@group-6FE54C72DDE9-FollowerState was interrupted: {}
java.lang.InterruptedException: sleep interrupted
	at java.lang.Thread.sleep(Native Method)
	at java.lang.Thread.sleep(Thread.java:340)
	at java.util.concurrent.TimeUnit.sleep(TimeUnit.java:386)
	at org.apache.ratis.util.TimeDuration.sleep(TimeDuration.java:324)
	at org.apache.ratis.util.TimeDuration.sleep(TimeDuration.java:309)
	at org.apache.ratis.server.impl.FollowerState.run(FollowerState.java:118)
2021-10-14 19:42:47,568 [587c4370-f397-42e1-8c47-82ec3f79bf3a@group-6FE54C72DDE9-StateMachineUpdater] INFO  ratis.ContainerStateMachine (ContainerStateMachine.java:takeSnapshot(292)) - group-6FE54C72DDE9: Taking a snapshot at:(t:3, i:1) file /home/runner/work/ozone/ozone/hadoop-ozone/integration-test/target/test-dir/MiniOzoneClusterImpl-0ea35d3c-98b9-4918-895e-fcd9be0efca6/datanode-0/data/ratis/9d216525-7da3-4ddd-a19b-6fe54c72dde9/sm/snapshot.3_1
2021-10-14 19:42:47,569 [587c4370-f397-42e1-8c47-82ec3f79bf3a@group-6FE54C72DDE9-StateMachineUpdater] INFO  ratis.ContainerStateMachine (ContainerStateMachine.java:takeSnapshot(303)) - group-6FE54C72DDE9: Finished taking a snapshot at:(t:3, i:1) file:/home/runner/work/ozone/ozone/hadoop-ozone/integration-test/target/test-dir/MiniOzoneClusterImpl-0ea35d3c-98b9-4918-895e-fcd9be0efca6/datanode-0/data/ratis/9d216525-7da3-4ddd-a19b-6fe54c72dde9/sm/snapshot.3_1 took: 1 ms
2021-10-14 19:42:47,569 [587c4370-f397-42e1-8c47-82ec3f79bf3a@group-6FE54C72DDE9-StateMachineUpdater] INFO  impl.StateMachineUpdater (StateMachineUpdater.java:takeSnapshot(281)) - 587c4370-f397-42e1-8c47-82ec3f79bf3a@group-6FE54C72DDE9-StateMachineUpdater: Took a snapshot at index 1
2021-10-14 19:42:47,569 [587c4370-f397-42e1-8c47-82ec3f79bf3a@group-6FE54C72DDE9-StateMachineUpdater] INFO  impl.StateMachineUpdater (StateMachineUpdater.java:lambda$new$0(89)) - 587c4370-f397-42e1-8c47-82ec3f79bf3a@group-6FE54C72DDE9-StateMachineUpdater: snapshotIndex: updateIncreasingly -1 -> 1
2021-10-14 19:42:47,570 [ForkJoinPool.commonPool-worker-1] INFO  server.RaftServer$Division (ServerState.java:close(419)) - 587c4370-f397-42e1-8c47-82ec3f79bf3a@group-6FE54C72DDE9: closes. applyIndex: 1
2021-10-14 19:42:47,570 [587c4370-f397-42e1-8c47-82ec3f79bf3a@group-6FE54C72DDE9-SegmentedRaftLogWorker] INFO  segmented.SegmentedRaftLogWorker (SegmentedRaftLogWorker.java:run(327)) - 587c4370-f397-42e1-8c47-82ec3f79bf3a@group-6FE54C72DDE9-SegmentedRaftLogWorker was interrupted, exiting. There are 0 tasks remaining in the queue.
2021-10-14 19:42:47,570 [ForkJoinPool.commonPool-worker-1] INFO  segmented.SegmentedRaftLogWorker (SegmentedRaftLogWorker.java:close(237)) - 587c4370-f397-42e1-8c47-82ec3f79bf3a@group-6FE54C72DDE9-SegmentedRaftLogWorker close()
2021-10-14 19:42:47,571 [ForkJoinPool.commonPool-worker-1] INFO  server.GrpcService (GrpcService.java:closeImpl(262)) - 587c4370-f397-42e1-8c47-82ec3f79bf3a: shutdown server with port 42273 now
2021-10-14 19:42:47,578 [ForkJoinPool.commonPool-worker-1] INFO  server.GrpcService (GrpcService.java:closeImpl(271)) - 587c4370-f397-42e1-8c47-82ec3f79bf3a: shutdown server with port 42273 successfully
2021-10-14 19:42:47,578 [org.apache.ratis.util.JvmPauseMonitor$$Lambda$531/694926949@3cb22769] INFO  util.JvmPauseMonitor (JvmPauseMonitor.java:run(109)) - JvmPauseMonitor-587c4370-f397-42e1-8c47-82ec3f79bf3a: Stopped
2021-10-14 19:42:47,596 [ForkJoinPool.commonPool-worker-1] INFO  utils.BackgroundService (BackgroundService.java:shutdown(132)) - Shutting down service BlockDeletingService
2021-10-14 19:42:48,356 [5cef7d35-5853-4402-b8fc-0c0efab03ad9@group-D1ADC348C817-FollowerState] INFO  impl.FollowerState (FollowerState.java:run(134)) - 5cef7d35-5853-4402-b8fc-0c0efab03ad9@group-D1ADC348C817-FollowerState: change to CANDIDATE, lastRpcElapsedTime:5157495230ns, electionTimeout:5148ms
2021-10-14 19:42:48,356 [5cef7d35-5853-4402-b8fc-0c0efab03ad9@group-D1ADC348C817-FollowerState] INFO  impl.RoleInfo (RoleInfo.java:shutdownFollowerState(108)) - 5cef7d35-5853-4402-b8fc-0c0efab03ad9: shutdown 5cef7d35-5853-4402-b8fc-0c0efab03ad9@group-D1ADC348C817-FollowerState
2021-10-14 19:42:48,356 [5cef7d35-5853-4402-b8fc-0c0efab03ad9@group-D1ADC348C817-FollowerState] INFO  server.RaftServer$Division (RaftServerImpl.java:setRole(285)) - 5cef7d35-5853-4402-b8fc-0c0efab03ad9@group-D1ADC348C817: changes role from  FOLLOWER to CANDIDATE at term 7 for changeToCandidate
2021-10-14 19:42:48,356 [5cef7d35-5853-4402-b8fc-0c0efab03ad9@group-D1ADC348C817-FollowerState] INFO  server.RaftServerConfigKeys (ConfUtils.java:logGet(44)) - raft.server.leaderelection.pre-vote = false (custom)
2021-10-14 19:42:48,356 [5cef7d35-5853-4402-b8fc-0c0efab03ad9@group-D1ADC348C817-FollowerState] INFO  impl.RoleInfo (RoleInfo.java:updateAndGet(130)) - 5cef7d35-5853-4402-b8fc-0c0efab03ad9: start 5cef7d35-5853-4402-b8fc-0c0efab03ad9@group-D1ADC348C817-LeaderElection24
2021-10-14 19:42:48,373 [5cef7d35-5853-4402-b8fc-0c0efab03ad9@group-D1ADC348C817-LeaderElection24] INFO  impl.LeaderElection (LeaderElection.java:askForVotes(306)) - 5cef7d35-5853-4402-b8fc-0c0efab03ad9@group-D1ADC348C817-LeaderElection24 ELECTION round 0: submit vote requests at term 8 for 2: [84cf0c76-78e0-494d-aa1f-4383c35cad34|rpc:10.1.0.23:32881|dataStream:|priority:1, f5ce720c-5ead-4d76-b65c-e0941e033263|rpc:10.1.0.23:35407|dataStream:|priority:0, 5cef7d35-5853-4402-b8fc-0c0efab03ad9|rpc:10.1.0.23:45557|dataStream:|priority:0], old=null
2021-10-14 19:42:48,386 [5cef7d35-5853-4402-b8fc-0c0efab03ad9@group-D1ADC348C817-LeaderElection24] INFO  impl.LeaderElection (LogUtils.java:infoOrTrace(137)) - 5cef7d35-5853-4402-b8fc-0c0efab03ad9@group-D1ADC348C817-LeaderElection24 got exception when requesting votes: java.util.concurrent.ExecutionException: org.apache.ratis.thirdparty.io.grpc.StatusRuntimeException: UNAVAILABLE: io exception
2021-10-14 19:42:48,386 [5cef7d35-5853-4402-b8fc-0c0efab03ad9@group-D1ADC348C817-LeaderElection24] INFO  impl.LeaderElection (LogUtils.java:infoOrTrace(137)) - 5cef7d35-5853-4402-b8fc-0c0efab03ad9@group-D1ADC348C817-LeaderElection24 got exception when requesting votes: java.util.concurrent.ExecutionException: org.apache.ratis.thirdparty.io.grpc.StatusRuntimeException: UNAVAILABLE: io exception
2021-10-14 19:42:48,386 [5cef7d35-5853-4402-b8fc-0c0efab03ad9@group-D1ADC348C817-LeaderElection24] INFO  impl.LeaderElection (LeaderElection.java:logAndReturn(89)) - 5cef7d35-5853-4402-b8fc-0c0efab03ad9@group-D1ADC348C817-LeaderElection24: ELECTION REJECTED received 0 response(s) and 2 exception(s):
2021-10-14 19:42:48,386 [5cef7d35-5853-4402-b8fc-0c0efab03ad9@group-D1ADC348C817-LeaderElection24] INFO  impl.LeaderElection (LogUtils.java:infoOrTrace(137)) -   Exception 0: java.util.concurrent.ExecutionException: org.apache.ratis.thirdparty.io.grpc.StatusRuntimeException: UNAVAILABLE: io exception
2021-10-14 19:42:48,386 [5cef7d35-5853-4402-b8fc-0c0efab03ad9@group-D1ADC348C817-LeaderElection24] INFO  impl.LeaderElection (LogUtils.java:infoOrTrace(137)) -   Exception 1: java.util.concurrent.ExecutionException: org.apache.ratis.thirdparty.io.grpc.StatusRuntimeException: UNAVAILABLE: io exception
2021-10-14 19:42:48,387 [5cef7d35-5853-4402-b8fc-0c0efab03ad9@group-D1ADC348C817-LeaderElection24] INFO  impl.LeaderElection (LeaderElection.java:askForVotes(308)) - 5cef7d35-5853-4402-b8fc-0c0efab03ad9@group-D1ADC348C817-LeaderElection24 ELECTION round 0: result REJECTED
2021-10-14 19:42:48,387 [5cef7d35-5853-4402-b8fc-0c0efab03ad9@group-D1ADC348C817-LeaderElection24] INFO  server.RaftServer$Division (RaftServerImpl.java:setRole(285)) - 5cef7d35-5853-4402-b8fc-0c0efab03ad9@group-D1ADC348C817: changes role from CANDIDATE to FOLLOWER at term 8 for REJECTED
2021-10-14 19:42:48,387 [5cef7d35-5853-4402-b8fc-0c0efab03ad9@group-D1ADC348C817-LeaderElection24] INFO  impl.RoleInfo (RoleInfo.java:shutdownLeaderElection(121)) - 5cef7d35-5853-4402-b8fc-0c0efab03ad9: shutdown 5cef7d35-5853-4402-b8fc-0c0efab03ad9@group-D1ADC348C817-LeaderElection24
2021-10-14 19:42:48,387 [5cef7d35-5853-4402-b8fc-0c0efab03ad9@group-D1ADC348C817-LeaderElection24] INFO  impl.RoleInfo (RoleInfo.java:updateAndGet(130)) - 5cef7d35-5853-4402-b8fc-0c0efab03ad9: start 5cef7d35-5853-4402-b8fc-0c0efab03ad9@group-D1ADC348C817-FollowerState
2021-10-14 19:42:48,714 [5cef7d35-5853-4402-b8fc-0c0efab03ad9@group-5A12C23A624B-FollowerState] INFO  impl.FollowerState (FollowerState.java:lostMajorityHeartbeatsRecently(107)) - 5cef7d35-5853-4402-b8fc-0c0efab03ad9@group-5A12C23A624B-FollowerState: Skipping leader election since it stepped down recently (elapsed = 5106ms < waitTime = 10s)
2021-10-14 19:42:50,538 [Listener at 127.0.0.1/44077] INFO  statemachine.DatanodeStateMachine (DatanodeStateMachine.java:stopDaemon(522)) - Ozone container server stopped.
2021-10-14 19:42:50,539 [Listener at 127.0.0.1/44077] INFO  handler.ContextHandler (ContextHandler.java:doStop(1153)) - Stopped o.e.j.w.WebAppContext@13b9f3b{hddsDatanode,/,null,STOPPED}{jar:file:/home/runner/.m2/repository/org/apache/ozone/hdds-container-service/1.2.0-SNAPSHOT/hdds-container-service-1.2.0-SNAPSHOT.jar!/webapps/hddsDatanode}
2021-10-14 19:42:50,542 [Listener at 127.0.0.1/44077] INFO  server.AbstractConnector (AbstractConnector.java:doStop(381)) - Stopped ServerConnector@5513d856{HTTP/1.1, (http/1.1)}{0.0.0.0:0}
2021-10-14 19:42:50,542 [Listener at 127.0.0.1/44077] INFO  server.session (HouseKeeper.java:stopScavenging(149)) - node0 Stopped scavenging
2021-10-14 19:42:50,542 [Listener at 127.0.0.1/44077] INFO  handler.ContextHandler (ContextHandler.java:doStop(1153)) - Stopped o.e.j.s.ServletContextHandler@53165e27{static,/static,jar:file:/home/runner/.m2/repository/org/apache/ozone/hdds-container-service/1.2.0-SNAPSHOT/hdds-container-service-1.2.0-SNAPSHOT.jar!/webapps/static,STOPPED}
2021-10-14 19:42:50,543 [Listener at 127.0.0.1/44077] INFO  handler.ContextHandler (ContextHandler.java:doStop(1153)) - Stopped o.e.j.s.ServletContextHandler@17595bb2{logs,/logs,file:///home/runner/work/ozone/ozone/hadoop-ozone/integration-test/target/log,STOPPED}
2021-10-14 19:42:50,602 [ForkJoinPool.commonPool-worker-1] INFO  statemachine.DatanodeStateMachine (DatanodeStateMachine.java:stopDaemon(522)) - Ozone container server stopped.
2021-10-14 19:42:50,608 [ForkJoinPool.commonPool-worker-1] INFO  handler.ContextHandler (ContextHandler.java:doStop(1153)) - Stopped o.e.j.w.WebAppContext@3ccffe01{hddsDatanode,/,null,STOPPED}{jar:file:/home/runner/.m2/repository/org/apache/ozone/hdds-container-service/1.2.0-SNAPSHOT/hdds-container-service-1.2.0-SNAPSHOT.jar!/webapps/hddsDatanode}
2021-10-14 19:42:50,608 [ForkJoinPool.commonPool-worker-1] INFO  server.AbstractConnector (AbstractConnector.java:doStop(381)) - Stopped ServerConnector@7916eace{HTTP/1.1, (http/1.1)}{0.0.0.0:0}
2021-10-14 19:42:50,609 [ForkJoinPool.commonPool-worker-1] INFO  server.session (HouseKeeper.java:stopScavenging(149)) - node0 Stopped scavenging
2021-10-14 19:42:50,612 [ForkJoinPool.commonPool-worker-1] INFO  handler.ContextHandler (ContextHandler.java:doStop(1153)) - Stopped o.e.j.s.ServletContextHandler@37f197c0{static,/static,jar:file:/home/runner/.m2/repository/org/apache/ozone/hdds-container-service/1.2.0-SNAPSHOT/hdds-container-service-1.2.0-SNAPSHOT.jar!/webapps/static,STOPPED}
2021-10-14 19:42:50,613 [ForkJoinPool.commonPool-worker-1] INFO  handler.ContextHandler (ContextHandler.java:doStop(1153)) - Stopped o.e.j.s.ServletContextHandler@3eaf1101{logs,/logs,file:///home/runner/work/ozone/ozone/hadoop-ozone/integration-test/target/log,STOPPED}
2021-10-14 19:42:53,405 [5cef7d35-5853-4402-b8fc-0c0efab03ad9@group-D1ADC348C817-FollowerState] INFO  impl.FollowerState (FollowerState.java:run(134)) - 5cef7d35-5853-4402-b8fc-0c0efab03ad9@group-D1ADC348C817-FollowerState: change to CANDIDATE, lastRpcElapsedTime:5018088098ns, electionTimeout:5014ms
2021-10-14 19:42:53,405 [5cef7d35-5853-4402-b8fc-0c0efab03ad9@group-D1ADC348C817-FollowerState] INFO  impl.RoleInfo (RoleInfo.java:shutdownFollowerState(108)) - 5cef7d35-5853-4402-b8fc-0c0efab03ad9: shutdown 5cef7d35-5853-4402-b8fc-0c0efab03ad9@group-D1ADC348C817-FollowerState
2021-10-14 19:42:53,405 [5cef7d35-5853-4402-b8fc-0c0efab03ad9@group-D1ADC348C817-FollowerState] INFO  server.RaftServer$Division (RaftServerImpl.java:setRole(285)) - 5cef7d35-5853-4402-b8fc-0c0efab03ad9@group-D1ADC348C817: changes role from  FOLLOWER to CANDIDATE at term 8 for changeToCandidate
2021-10-14 19:42:53,405 [5cef7d35-5853-4402-b8fc-0c0efab03ad9@group-D1ADC348C817-FollowerState] INFO  server.RaftServerConfigKeys (ConfUtils.java:logGet(44)) - raft.server.leaderelection.pre-vote = false (custom)
2021-10-14 19:42:53,405 [5cef7d35-5853-4402-b8fc-0c0efab03ad9@group-D1ADC348C817-FollowerState] INFO  impl.RoleInfo (RoleInfo.java:updateAndGet(130)) - 5cef7d35-5853-4402-b8fc-0c0efab03ad9: start 5cef7d35-5853-4402-b8fc-0c0efab03ad9@group-D1ADC348C817-LeaderElection25
2021-10-14 19:42:53,459 [5cef7d35-5853-4402-b8fc-0c0efab03ad9@group-D1ADC348C817-LeaderElection25] INFO  impl.LeaderElection (LeaderElection.java:askForVotes(306)) - 5cef7d35-5853-4402-b8fc-0c0efab03ad9@group-D1ADC348C817-LeaderElection25 ELECTION round 0: submit vote requests at term 9 for 2: [84cf0c76-78e0-494d-aa1f-4383c35cad34|rpc:10.1.0.23:32881|dataStream:|priority:1, f5ce720c-5ead-4d76-b65c-e0941e033263|rpc:10.1.0.23:35407|dataStream:|priority:0, 5cef7d35-5853-4402-b8fc-0c0efab03ad9|rpc:10.1.0.23:45557|dataStream:|priority:0], old=null
2021-10-14 19:42:53,492 [5cef7d35-5853-4402-b8fc-0c0efab03ad9@group-D1ADC348C817-LeaderElection25] INFO  impl.LeaderElection (LogUtils.java:infoOrTrace(137)) - 5cef7d35-5853-4402-b8fc-0c0efab03ad9@group-D1ADC348C817-LeaderElection25 got exception when requesting votes: java.util.concurrent.ExecutionException: org.apache.ratis.thirdparty.io.grpc.StatusRuntimeException: UNAVAILABLE: io exception
2021-10-14 19:42:53,494 [5cef7d35-5853-4402-b8fc-0c0efab03ad9@group-D1ADC348C817-LeaderElection25] INFO  impl.LeaderElection (LogUtils.java:infoOrTrace(137)) - 5cef7d35-5853-4402-b8fc-0c0efab03ad9@group-D1ADC348C817-LeaderElection25 got exception when requesting votes: java.util.concurrent.ExecutionException: org.apache.ratis.thirdparty.io.grpc.StatusRuntimeException: UNAVAILABLE: io exception
2021-10-14 19:42:53,494 [5cef7d35-5853-4402-b8fc-0c0efab03ad9@group-D1ADC348C817-LeaderElection25] INFO  impl.LeaderElection (LeaderElection.java:logAndReturn(89)) - 5cef7d35-5853-4402-b8fc-0c0efab03ad9@group-D1ADC348C817-LeaderElection25: ELECTION REJECTED received 0 response(s) and 2 exception(s):
2021-10-14 19:42:53,494 [5cef7d35-5853-4402-b8fc-0c0efab03ad9@group-D1ADC348C817-LeaderElection25] INFO  impl.LeaderElection (LogUtils.java:infoOrTrace(137)) -   Exception 0: java.util.concurrent.ExecutionException: org.apache.ratis.thirdparty.io.grpc.StatusRuntimeException: UNAVAILABLE: io exception
2021-10-14 19:42:53,494 [5cef7d35-5853-4402-b8fc-0c0efab03ad9@group-D1ADC348C817-LeaderElection25] INFO  impl.LeaderElection (LogUtils.java:infoOrTrace(137)) -   Exception 1: java.util.concurrent.ExecutionException: org.apache.ratis.thirdparty.io.grpc.StatusRuntimeException: UNAVAILABLE: io exception
2021-10-14 19:42:53,494 [5cef7d35-5853-4402-b8fc-0c0efab03ad9@group-D1ADC348C817-LeaderElection25] INFO  impl.LeaderElection (LeaderElection.java:askForVotes(308)) - 5cef7d35-5853-4402-b8fc-0c0efab03ad9@group-D1ADC348C817-LeaderElection25 ELECTION round 0: result REJECTED
2021-10-14 19:42:53,494 [5cef7d35-5853-4402-b8fc-0c0efab03ad9@group-D1ADC348C817-LeaderElection25] INFO  server.RaftServer$Division (RaftServerImpl.java:setRole(285)) - 5cef7d35-5853-4402-b8fc-0c0efab03ad9@group-D1ADC348C817: changes role from CANDIDATE to FOLLOWER at term 9 for REJECTED
2021-10-14 19:42:53,494 [5cef7d35-5853-4402-b8fc-0c0efab03ad9@group-D1ADC348C817-LeaderElection25] INFO  impl.RoleInfo (RoleInfo.java:shutdownLeaderElection(121)) - 5cef7d35-5853-4402-b8fc-0c0efab03ad9: shutdown 5cef7d35-5853-4402-b8fc-0c0efab03ad9@group-D1ADC348C817-LeaderElection25
2021-10-14 19:42:53,494 [5cef7d35-5853-4402-b8fc-0c0efab03ad9@group-D1ADC348C817-LeaderElection25] INFO  impl.RoleInfo (RoleInfo.java:updateAndGet(130)) - 5cef7d35-5853-4402-b8fc-0c0efab03ad9: start 5cef7d35-5853-4402-b8fc-0c0efab03ad9@group-D1ADC348C817-FollowerState
2021-10-14 19:42:53,763 [5cef7d35-5853-4402-b8fc-0c0efab03ad9@group-5A12C23A624B-FollowerState] INFO  impl.FollowerState (FollowerState.java:run(134)) - 5cef7d35-5853-4402-b8fc-0c0efab03ad9@group-5A12C23A624B-FollowerState: change to CANDIDATE, lastRpcElapsedTime:10155674080ns, electionTimeout:5049ms
2021-10-14 19:42:53,763 [5cef7d35-5853-4402-b8fc-0c0efab03ad9@group-5A12C23A624B-FollowerState] INFO  impl.RoleInfo (RoleInfo.java:shutdownFollowerState(108)) - 5cef7d35-5853-4402-b8fc-0c0efab03ad9: shutdown 5cef7d35-5853-4402-b8fc-0c0efab03ad9@group-5A12C23A624B-FollowerState
2021-10-14 19:42:53,764 [5cef7d35-5853-4402-b8fc-0c0efab03ad9@group-5A12C23A624B-FollowerState] INFO  server.RaftServer$Division (RaftServerImpl.java:setRole(285)) - 5cef7d35-5853-4402-b8fc-0c0efab03ad9@group-5A12C23A624B: changes role from  FOLLOWER to CANDIDATE at term 3 for changeToCandidate
2021-10-14 19:42:53,764 [5cef7d35-5853-4402-b8fc-0c0efab03ad9@group-5A12C23A624B-FollowerState] INFO  server.RaftServerConfigKeys (ConfUtils.java:logGet(44)) - raft.server.leaderelection.pre-vote = false (custom)
2021-10-14 19:42:53,764 [5cef7d35-5853-4402-b8fc-0c0efab03ad9@group-5A12C23A624B-FollowerState] INFO  impl.RoleInfo (RoleInfo.java:updateAndGet(130)) - 5cef7d35-5853-4402-b8fc-0c0efab03ad9: start 5cef7d35-5853-4402-b8fc-0c0efab03ad9@group-5A12C23A624B-LeaderElection26
2021-10-14 19:42:53,770 [5cef7d35-5853-4402-b8fc-0c0efab03ad9@group-5A12C23A624B-LeaderElection26] INFO  server.RaftServer$Division (ServerState.java:setLeader(285)) - 5cef7d35-5853-4402-b8fc-0c0efab03ad9@group-5A12C23A624B: change Leader from 5cef7d35-5853-4402-b8fc-0c0efab03ad9 to null at term 3 for ELECTION
2021-10-14 19:42:53,780 [5cef7d35-5853-4402-b8fc-0c0efab03ad9@group-5A12C23A624B-LeaderElection26] INFO  impl.LeaderElection (LeaderElection.java:askForVotes(306)) - 5cef7d35-5853-4402-b8fc-0c0efab03ad9@group-5A12C23A624B-LeaderElection26 ELECTION round 0: submit vote requests at term 4 for 0: [84cf0c76-78e0-494d-aa1f-4383c35cad34|rpc:10.1.0.23:32881|dataStream:|priority:0, f5ce720c-5ead-4d76-b65c-e0941e033263|rpc:10.1.0.23:35407|dataStream:|priority:0, 5cef7d35-5853-4402-b8fc-0c0efab03ad9|rpc:10.1.0.23:45557|dataStream:|priority:1], old=null
2021-10-14 19:42:53,798 [5cef7d35-5853-4402-b8fc-0c0efab03ad9@group-5A12C23A624B-LeaderElection26] INFO  impl.LeaderElection (LogUtils.java:infoOrTrace(137)) - 5cef7d35-5853-4402-b8fc-0c0efab03ad9@group-5A12C23A624B-LeaderElection26 got exception when requesting votes: java.util.concurrent.ExecutionException: org.apache.ratis.thirdparty.io.grpc.StatusRuntimeException: UNAVAILABLE: io exception
2021-10-14 19:42:53,803 [5cef7d35-5853-4402-b8fc-0c0efab03ad9@group-5A12C23A624B-LeaderElection26] INFO  impl.LeaderElection (LogUtils.java:infoOrTrace(137)) - 5cef7d35-5853-4402-b8fc-0c0efab03ad9@group-5A12C23A624B-LeaderElection26 got exception when requesting votes: java.util.concurrent.ExecutionException: org.apache.ratis.thirdparty.io.grpc.StatusRuntimeException: UNAVAILABLE: io exception
2021-10-14 19:42:53,803 [5cef7d35-5853-4402-b8fc-0c0efab03ad9@group-5A12C23A624B-LeaderElection26] INFO  impl.LeaderElection (LeaderElection.java:logAndReturn(89)) - 5cef7d35-5853-4402-b8fc-0c0efab03ad9@group-5A12C23A624B-LeaderElection26: ELECTION REJECTED received 0 response(s) and 2 exception(s):
2021-10-14 19:42:53,803 [5cef7d35-5853-4402-b8fc-0c0efab03ad9@group-5A12C23A624B-LeaderElection26] INFO  impl.LeaderElection (LogUtils.java:infoOrTrace(137)) -   Exception 0: java.util.concurrent.ExecutionException: org.apache.ratis.thirdparty.io.grpc.StatusRuntimeException: UNAVAILABLE: io exception
2021-10-14 19:42:53,803 [5cef7d35-5853-4402-b8fc-0c0efab03ad9@group-5A12C23A624B-LeaderElection26] INFO  impl.LeaderElection (LogUtils.java:infoOrTrace(137)) -   Exception 1: java.util.concurrent.ExecutionException: org.apache.ratis.thirdparty.io.grpc.StatusRuntimeException: UNAVAILABLE: io exception
2021-10-14 19:42:53,803 [5cef7d35-5853-4402-b8fc-0c0efab03ad9@group-5A12C23A624B-LeaderElection26] INFO  impl.LeaderElection (LeaderElection.java:askForVotes(308)) - 5cef7d35-5853-4402-b8fc-0c0efab03ad9@group-5A12C23A624B-LeaderElection26 ELECTION round 0: result REJECTED
2021-10-14 19:42:53,803 [5cef7d35-5853-4402-b8fc-0c0efab03ad9@group-5A12C23A624B-LeaderElection26] INFO  server.RaftServer$Division (RaftServerImpl.java:setRole(285)) - 5cef7d35-5853-4402-b8fc-0c0efab03ad9@group-5A12C23A624B: changes role from CANDIDATE to FOLLOWER at term 4 for REJECTED
2021-10-14 19:42:53,803 [5cef7d35-5853-4402-b8fc-0c0efab03ad9@group-5A12C23A624B-LeaderElection26] INFO  impl.RoleInfo (RoleInfo.java:shutdownLeaderElection(121)) - 5cef7d35-5853-4402-b8fc-0c0efab03ad9: shutdown 5cef7d35-5853-4402-b8fc-0c0efab03ad9@group-5A12C23A624B-LeaderElection26
2021-10-14 19:42:53,803 [5cef7d35-5853-4402-b8fc-0c0efab03ad9@group-5A12C23A624B-LeaderElection26] INFO  impl.RoleInfo (RoleInfo.java:updateAndGet(130)) - 5cef7d35-5853-4402-b8fc-0c0efab03ad9: start 5cef7d35-5853-4402-b8fc-0c0efab03ad9@group-5A12C23A624B-FollowerState
2021-10-14 19:42:55,547 [Listener at 127.0.0.1/44077] INFO  ozoneimpl.OzoneContainer (OzoneContainer.java:stop(325)) - Attempting to stop container services.
2021-10-14 19:42:55,548 [Listener at 127.0.0.1/44077] INFO  server.RaftServer (RaftServerProxy.java:lambda$close$6(391)) - 5cef7d35-5853-4402-b8fc-0c0efab03ad9: close
2021-10-14 19:42:55,556 [Listener at 127.0.0.1/44077] INFO  server.RaftServer$Division (RaftServerImpl.java:lambda$close$4(407)) - 5cef7d35-5853-4402-b8fc-0c0efab03ad9@group-D1ADC348C817: shutdown
2021-10-14 19:42:55,556 [Listener at 127.0.0.1/44077] INFO  util.JmxRegister (JmxRegister.java:unregister(73)) - Successfully un-registered JMX Bean with object name Ratis:service=RaftServer,group=group-D1ADC348C817,id=5cef7d35-5853-4402-b8fc-0c0efab03ad9
2021-10-14 19:42:55,556 [Listener at 127.0.0.1/44077] INFO  impl.RoleInfo (RoleInfo.java:shutdownFollowerState(108)) - 5cef7d35-5853-4402-b8fc-0c0efab03ad9: shutdown 5cef7d35-5853-4402-b8fc-0c0efab03ad9@group-D1ADC348C817-FollowerState
2021-10-14 19:42:55,556 [Listener at 127.0.0.1/44077] INFO  impl.StateMachineUpdater (StateMachineUpdater.java:stopAndJoin(149)) - 5cef7d35-5853-4402-b8fc-0c0efab03ad9@group-D1ADC348C817-StateMachineUpdater: set stopIndex = 3
2021-10-14 19:42:55,556 [5cef7d35-5853-4402-b8fc-0c0efab03ad9@group-D1ADC348C817-FollowerState] INFO  impl.FollowerState (FollowerState.java:run(143)) - 5cef7d35-5853-4402-b8fc-0c0efab03ad9@group-D1ADC348C817-FollowerState was interrupted: {}
java.lang.InterruptedException: sleep interrupted
	at java.lang.Thread.sleep(Native Method)
	at java.lang.Thread.sleep(Thread.java:340)
	at java.util.concurrent.TimeUnit.sleep(TimeUnit.java:386)
	at org.apache.ratis.util.TimeDuration.sleep(TimeDuration.java:324)
	at org.apache.ratis.util.TimeDuration.sleep(TimeDuration.java:309)
	at org.apache.ratis.server.impl.FollowerState.run(FollowerState.java:118)
2021-10-14 19:42:55,557 [5cef7d35-5853-4402-b8fc-0c0efab03ad9@group-D1ADC348C817-StateMachineUpdater] INFO  ratis.ContainerStateMachine (ContainerStateMachine.java:takeSnapshot(292)) - group-D1ADC348C817: Taking a snapshot at:(t:6, i:3) file /home/runner/work/ozone/ozone/hadoop-ozone/integration-test/target/test-dir/MiniOzoneClusterImpl-0ea35d3c-98b9-4918-895e-fcd9be0efca6/datanode-5/data/ratis/ccb6fc38-415a-48b8-b2fb-d1adc348c817/sm/snapshot.6_3
2021-10-14 19:42:55,575 [5cef7d35-5853-4402-b8fc-0c0efab03ad9@group-D1ADC348C817-StateMachineUpdater] INFO  ratis.ContainerStateMachine (ContainerStateMachine.java:takeSnapshot(303)) - group-D1ADC348C817: Finished taking a snapshot at:(t:6, i:3) file:/home/runner/work/ozone/ozone/hadoop-ozone/integration-test/target/test-dir/MiniOzoneClusterImpl-0ea35d3c-98b9-4918-895e-fcd9be0efca6/datanode-5/data/ratis/ccb6fc38-415a-48b8-b2fb-d1adc348c817/sm/snapshot.6_3 took: 19 ms
2021-10-14 19:42:55,576 [5cef7d35-5853-4402-b8fc-0c0efab03ad9@group-D1ADC348C817-StateMachineUpdater] INFO  impl.StateMachineUpdater (StateMachineUpdater.java:takeSnapshot(281)) - 5cef7d35-5853-4402-b8fc-0c0efab03ad9@group-D1ADC348C817-StateMachineUpdater: Took a snapshot at index 3
2021-10-14 19:42:55,576 [5cef7d35-5853-4402-b8fc-0c0efab03ad9@group-D1ADC348C817-StateMachineUpdater] INFO  impl.StateMachineUpdater (StateMachineUpdater.java:lambda$new$0(89)) - 5cef7d35-5853-4402-b8fc-0c0efab03ad9@group-D1ADC348C817-StateMachineUpdater: snapshotIndex: updateIncreasingly -1 -> 3
2021-10-14 19:42:55,576 [Listener at 127.0.0.1/44077] INFO  server.RaftServer$Division (ServerState.java:close(419)) - 5cef7d35-5853-4402-b8fc-0c0efab03ad9@group-D1ADC348C817: closes. applyIndex: 3
2021-10-14 19:42:55,576 [5cef7d35-5853-4402-b8fc-0c0efab03ad9@group-D1ADC348C817-SegmentedRaftLogWorker] INFO  segmented.SegmentedRaftLogWorker (SegmentedRaftLogWorker.java:run(327)) - 5cef7d35-5853-4402-b8fc-0c0efab03ad9@group-D1ADC348C817-SegmentedRaftLogWorker was interrupted, exiting. There are 0 tasks remaining in the queue.
2021-10-14 19:42:55,577 [ForkJoinPool.commonPool-worker-0] INFO  server.RaftServer$Division (RaftServerImpl.java:lambda$close$4(407)) - 5cef7d35-5853-4402-b8fc-0c0efab03ad9@group-5A12C23A624B: shutdown
2021-10-14 19:42:55,577 [ForkJoinPool.commonPool-worker-0] INFO  util.JmxRegister (JmxRegister.java:unregister(73)) - Successfully un-registered JMX Bean with object name Ratis:service=RaftServer,group=group-5A12C23A624B,id=5cef7d35-5853-4402-b8fc-0c0efab03ad9
2021-10-14 19:42:55,577 [Listener at 127.0.0.1/44077] INFO  segmented.SegmentedRaftLogWorker (SegmentedRaftLogWorker.java:close(237)) - 5cef7d35-5853-4402-b8fc-0c0efab03ad9@group-D1ADC348C817-SegmentedRaftLogWorker close()
2021-10-14 19:42:55,577 [ForkJoinPool.commonPool-worker-0] INFO  impl.RoleInfo (RoleInfo.java:shutdownFollowerState(108)) - 5cef7d35-5853-4402-b8fc-0c0efab03ad9: shutdown 5cef7d35-5853-4402-b8fc-0c0efab03ad9@group-5A12C23A624B-FollowerState
2021-10-14 19:42:55,577 [ForkJoinPool.commonPool-worker-0] INFO  impl.StateMachineUpdater (StateMachineUpdater.java:stopAndJoin(149)) - 5cef7d35-5853-4402-b8fc-0c0efab03ad9@group-5A12C23A624B-StateMachineUpdater: set stopIndex = 0
2021-10-14 19:42:55,580 [5cef7d35-5853-4402-b8fc-0c0efab03ad9@group-5A12C23A624B-StateMachineUpdater] INFO  ratis.ContainerStateMachine (ContainerStateMachine.java:takeSnapshot(292)) - group-5A12C23A624B: Taking a snapshot at:(t:3, i:0) file /home/runner/work/ozone/ozone/hadoop-ozone/integration-test/target/test-dir/MiniOzoneClusterImpl-0ea35d3c-98b9-4918-895e-fcd9be0efca6/datanode-5/data/ratis/262400e7-26fc-467b-ad1e-5a12c23a624b/sm/snapshot.3_0
2021-10-14 19:42:55,580 [5cef7d35-5853-4402-b8fc-0c0efab03ad9@group-5A12C23A624B-FollowerState] INFO  impl.FollowerState (FollowerState.java:run(143)) - 5cef7d35-5853-4402-b8fc-0c0efab03ad9@group-5A12C23A624B-FollowerState was interrupted: {}
java.lang.InterruptedException: sleep interrupted
	at java.lang.Thread.sleep(Native Method)
	at java.lang.Thread.sleep(Thread.java:340)
	at java.util.concurrent.TimeUnit.sleep(TimeUnit.java:386)
	at org.apache.ratis.util.TimeDuration.sleep(TimeDuration.java:324)
	at org.apache.ratis.util.TimeDuration.sleep(TimeDuration.java:309)
	at org.apache.ratis.server.impl.FollowerState.run(FollowerState.java:118)
2021-10-14 19:42:55,581 [5cef7d35-5853-4402-b8fc-0c0efab03ad9@group-5A12C23A624B-StateMachineUpdater] INFO  ratis.ContainerStateMachine (ContainerStateMachine.java:takeSnapshot(303)) - group-5A12C23A624B: Finished taking a snapshot at:(t:3, i:0) file:/home/runner/work/ozone/ozone/hadoop-ozone/integration-test/target/test-dir/MiniOzoneClusterImpl-0ea35d3c-98b9-4918-895e-fcd9be0efca6/datanode-5/data/ratis/262400e7-26fc-467b-ad1e-5a12c23a624b/sm/snapshot.3_0 took: 1 ms
2021-10-14 19:42:55,582 [5cef7d35-5853-4402-b8fc-0c0efab03ad9@group-5A12C23A624B-StateMachineUpdater] INFO  impl.StateMachineUpdater (StateMachineUpdater.java:takeSnapshot(281)) - 5cef7d35-5853-4402-b8fc-0c0efab03ad9@group-5A12C23A624B-StateMachineUpdater: Took a snapshot at index 0
2021-10-14 19:42:55,582 [5cef7d35-5853-4402-b8fc-0c0efab03ad9@group-5A12C23A624B-StateMachineUpdater] INFO  impl.StateMachineUpdater (StateMachineUpdater.java:lambda$new$0(89)) - 5cef7d35-5853-4402-b8fc-0c0efab03ad9@group-5A12C23A624B-StateMachineUpdater: snapshotIndex: updateIncreasingly -1 -> 0
2021-10-14 19:42:55,582 [ForkJoinPool.commonPool-worker-0] INFO  server.RaftServer$Division (ServerState.java:close(419)) - 5cef7d35-5853-4402-b8fc-0c0efab03ad9@group-5A12C23A624B: closes. applyIndex: 0
2021-10-14 19:42:55,584 [5cef7d35-5853-4402-b8fc-0c0efab03ad9@group-5A12C23A624B-SegmentedRaftLogWorker] INFO  segmented.SegmentedRaftLogWorker (SegmentedRaftLogWorker.java:run(327)) - 5cef7d35-5853-4402-b8fc-0c0efab03ad9@group-5A12C23A624B-SegmentedRaftLogWorker was interrupted, exiting. There are 0 tasks remaining in the queue.
2021-10-14 19:42:55,584 [ForkJoinPool.commonPool-worker-0] INFO  segmented.SegmentedRaftLogWorker (SegmentedRaftLogWorker.java:close(237)) - 5cef7d35-5853-4402-b8fc-0c0efab03ad9@group-5A12C23A624B-SegmentedRaftLogWorker close()
2021-10-14 19:42:55,589 [ForkJoinPool.commonPool-worker-0] INFO  server.RaftServer$Division (RaftServerImpl.java:lambda$close$4(407)) - 5cef7d35-5853-4402-b8fc-0c0efab03ad9@group-B3A9C12BDF90: shutdown
2021-10-14 19:42:55,589 [ForkJoinPool.commonPool-worker-0] INFO  util.JmxRegister (JmxRegister.java:unregister(73)) - Successfully un-registered JMX Bean with object name Ratis:service=RaftServer,group=group-B3A9C12BDF90,id=5cef7d35-5853-4402-b8fc-0c0efab03ad9
2021-10-14 19:42:55,589 [ForkJoinPool.commonPool-worker-0] INFO  impl.RoleInfo (RoleInfo.java:shutdownLeaderState(91)) - 5cef7d35-5853-4402-b8fc-0c0efab03ad9: shutdown 5cef7d35-5853-4402-b8fc-0c0efab03ad9@group-B3A9C12BDF90-LeaderStateImpl
2021-10-14 19:42:55,590 [ForkJoinPool.commonPool-worker-0] INFO  impl.PendingRequests (PendingRequests.java:sendNotLeaderResponses(282)) - 5cef7d35-5853-4402-b8fc-0c0efab03ad9@group-B3A9C12BDF90-PendingRequests: sendNotLeaderResponses
2021-10-14 19:42:55,590 [ForkJoinPool.commonPool-worker-0] INFO  impl.StateMachineUpdater (StateMachineUpdater.java:stopAndJoin(149)) - 5cef7d35-5853-4402-b8fc-0c0efab03ad9@group-B3A9C12BDF90-StateMachineUpdater: set stopIndex = 0
2021-10-14 19:42:55,590 [5cef7d35-5853-4402-b8fc-0c0efab03ad9@group-B3A9C12BDF90-StateMachineUpdater] INFO  ratis.ContainerStateMachine (ContainerStateMachine.java:takeSnapshot(292)) - group-B3A9C12BDF90: Taking a snapshot at:(t:1, i:0) file /home/runner/work/ozone/ozone/hadoop-ozone/integration-test/target/test-dir/MiniOzoneClusterImpl-0ea35d3c-98b9-4918-895e-fcd9be0efca6/datanode-5/data/ratis/93c1cc2a-593b-443d-b916-b3a9c12bdf90/sm/snapshot.1_0
2021-10-14 19:42:55,591 [5cef7d35-5853-4402-b8fc-0c0efab03ad9@group-B3A9C12BDF90-StateMachineUpdater] INFO  ratis.ContainerStateMachine (ContainerStateMachine.java:takeSnapshot(303)) - group-B3A9C12BDF90: Finished taking a snapshot at:(t:1, i:0) file:/home/runner/work/ozone/ozone/hadoop-ozone/integration-test/target/test-dir/MiniOzoneClusterImpl-0ea35d3c-98b9-4918-895e-fcd9be0efca6/datanode-5/data/ratis/93c1cc2a-593b-443d-b916-b3a9c12bdf90/sm/snapshot.1_0 took: 0 ms
2021-10-14 19:42:55,591 [5cef7d35-5853-4402-b8fc-0c0efab03ad9@group-B3A9C12BDF90-StateMachineUpdater] INFO  impl.StateMachineUpdater (StateMachineUpdater.java:takeSnapshot(281)) - 5cef7d35-5853-4402-b8fc-0c0efab03ad9@group-B3A9C12BDF90-StateMachineUpdater: Took a snapshot at index 0
2021-10-14 19:42:55,591 [5cef7d35-5853-4402-b8fc-0c0efab03ad9@group-B3A9C12BDF90-StateMachineUpdater] INFO  impl.StateMachineUpdater (StateMachineUpdater.java:lambda$new$0(89)) - 5cef7d35-5853-4402-b8fc-0c0efab03ad9@group-B3A9C12BDF90-StateMachineUpdater: snapshotIndex: updateIncreasingly -1 -> 0
2021-10-14 19:42:55,600 [ForkJoinPool.commonPool-worker-0] INFO  server.RaftServer$Division (ServerState.java:close(419)) - 5cef7d35-5853-4402-b8fc-0c0efab03ad9@group-B3A9C12BDF90: closes. applyIndex: 0
2021-10-14 19:42:55,600 [5cef7d35-5853-4402-b8fc-0c0efab03ad9@group-B3A9C12BDF90-SegmentedRaftLogWorker] INFO  segmented.SegmentedRaftLogWorker (SegmentedRaftLogWorker.java:run(327)) - 5cef7d35-5853-4402-b8fc-0c0efab03ad9@group-B3A9C12BDF90-SegmentedRaftLogWorker was interrupted, exiting. There are 0 tasks remaining in the queue.
2021-10-14 19:42:55,600 [ForkJoinPool.commonPool-worker-0] INFO  segmented.SegmentedRaftLogWorker (SegmentedRaftLogWorker.java:close(237)) - 5cef7d35-5853-4402-b8fc-0c0efab03ad9@group-B3A9C12BDF90-SegmentedRaftLogWorker close()
2021-10-14 19:42:55,602 [Listener at 127.0.0.1/44077] INFO  server.GrpcService (GrpcService.java:closeImpl(262)) - 5cef7d35-5853-4402-b8fc-0c0efab03ad9: shutdown server with port 45557 now
2021-10-14 19:42:55,604 [grpc-default-executor-0] WARN  client.GrpcClientProtocolService (LogUtils.java:warn(122)) - 0-OrderedRequestStreamObserver0: onError: org.apache.ratis.thirdparty.io.grpc.StatusRuntimeException: CANCELLED: client cancelled
2021-10-14 19:42:55,609 [Listener at 127.0.0.1/44077] INFO  server.GrpcService (GrpcService.java:closeImpl(271)) - 5cef7d35-5853-4402-b8fc-0c0efab03ad9: shutdown server with port 45557 successfully
2021-10-14 19:42:55,609 [org.apache.ratis.util.JvmPauseMonitor$$Lambda$531/694926949@6c6bdd6f] INFO  util.JvmPauseMonitor (JvmPauseMonitor.java:run(109)) - JvmPauseMonitor-5cef7d35-5853-4402-b8fc-0c0efab03ad9: Stopped
2021-10-14 19:42:55,611 [Listener at 127.0.0.1/44077] INFO  utils.BackgroundService (BackgroundService.java:shutdown(132)) - Shutting down service BlockDeletingService
2021-10-14 19:42:58,621 [Listener at 127.0.0.1/44077] INFO  statemachine.DatanodeStateMachine (DatanodeStateMachine.java:stopDaemon(522)) - Ozone container server stopped.
2021-10-14 19:42:58,622 [Listener at 127.0.0.1/44077] INFO  handler.ContextHandler (ContextHandler.java:doStop(1153)) - Stopped o.e.j.w.WebAppContext@3432be45{hddsDatanode,/,null,STOPPED}{jar:file:/home/runner/.m2/repository/org/apache/ozone/hdds-container-service/1.2.0-SNAPSHOT/hdds-container-service-1.2.0-SNAPSHOT.jar!/webapps/hddsDatanode}
2021-10-14 19:42:58,624 [Listener at 127.0.0.1/44077] INFO  server.AbstractConnector (AbstractConnector.java:doStop(381)) - Stopped ServerConnector@6eea1963{HTTP/1.1, (http/1.1)}{0.0.0.0:0}
2021-10-14 19:42:58,624 [Listener at 127.0.0.1/44077] INFO  server.session (HouseKeeper.java:stopScavenging(149)) - node0 Stopped scavenging
2021-10-14 19:42:58,625 [Listener at 127.0.0.1/44077] INFO  handler.ContextHandler (ContextHandler.java:doStop(1153)) - Stopped o.e.j.s.ServletContextHandler@6cd872df{static,/static,jar:file:/home/runner/.m2/repository/org/apache/ozone/hdds-container-service/1.2.0-SNAPSHOT/hdds-container-service-1.2.0-SNAPSHOT.jar!/webapps/static,STOPPED}
2021-10-14 19:42:58,625 [Listener at 127.0.0.1/44077] INFO  handler.ContextHandler (ContextHandler.java:doStop(1153)) - Stopped o.e.j.s.ServletContextHandler@4404be74{logs,/logs,file:///home/runner/work/ozone/ozone/hadoop-ozone/integration-test/target/log,STOPPED}
2021-10-14 19:42:58,629 [Listener at 127.0.0.1/44077] INFO  ozone.MiniOzoneClusterImpl (MiniOzoneClusterImpl.java:stopSCM(542)) - Stopping the StorageContainerManager
2021-10-14 19:42:58,629 [Listener at 127.0.0.1/44077] INFO  server.StorageContainerManager (StorageContainerManager.java:stop(1395)) - Stopping Container Balancer service.
2021-10-14 19:42:58,629 [Listener at 127.0.0.1/44077] INFO  balancer.ContainerBalancer (ContainerBalancer.java:stop(753)) - Container Balancer is not running.
2021-10-14 19:42:58,630 [Listener at 127.0.0.1/44077] INFO  server.StorageContainerManager (StorageContainerManager.java:stop(1402)) - Stopping Replication Manager Service.
2021-10-14 19:42:58,630 [Listener at 127.0.0.1/44077] INFO  container.ReplicationManager (ReplicationManager.java:stop(350)) - Stopping Replication Monitor Thread.
2021-10-14 19:42:58,631 [Listener at 127.0.0.1/44077] INFO  server.StorageContainerManager (StorageContainerManager.java:stop(1409)) - Stopping the Datanode Admin Monitor.
2021-10-14 19:42:58,631 [Listener at 127.0.0.1/44077] INFO  server.StorageContainerManager (StorageContainerManager.java:stop(1416)) - Stopping Lease Manager of the command watchers
2021-10-14 19:42:58,631 [Listener at 127.0.0.1/44077] INFO  server.StorageContainerManager (StorageContainerManager.java:stop(1423)) - Stopping datanode service RPC server
2021-10-14 19:42:58,632 [Listener at 127.0.0.1/44077] INFO  server.SCMDatanodeProtocolServer (SCMDatanodeProtocolServer.java:stop(389)) - Stopping the RPC server for DataNodes
2021-10-14 19:42:58,632 [Listener at 127.0.0.1/44077] INFO  ipc.Server (Server.java:stop(3414)) - Stopping server on 45495
2021-10-14 19:42:58,640 [IPC Server listener on 0] INFO  ipc.Server (Server.java:run(1376)) - Stopping IPC Server listener on 0
2021-10-14 19:42:58,641 [IPC Server Responder] INFO  ipc.Server (Server.java:run(1512)) - Stopping IPC Server Responder
2021-10-14 19:42:58,660 [SCM Heartbeat Processing Thread - 0] WARN  node.NodeStateManager (NodeStateManager.java:scheduleNextHealthCheck(799)) - Current Thread is interrupted, shutting down HB processing thread for Node Manager.
2021-10-14 19:42:58,660 [Listener at 127.0.0.1/44077] INFO  server.StorageContainerManager (StorageContainerManager.java:stop(1431)) - Stopping block service RPC server
2021-10-14 19:42:58,660 [Listener at 127.0.0.1/44077] INFO  server.SCMBlockProtocolServer (SCMBlockProtocolServer.java:stop(160)) - Stopping the RPC server for Block Protocol
2021-10-14 19:42:58,660 [Listener at 127.0.0.1/44077] INFO  ipc.Server (Server.java:stop(3414)) - Stopping server on 43553
2021-10-14 19:42:58,661 [IPC Server listener on 0] INFO  ipc.Server (Server.java:run(1376)) - Stopping IPC Server listener on 0
2021-10-14 19:42:58,662 [Listener at 127.0.0.1/44077] INFO  server.StorageContainerManager (StorageContainerManager.java:stop(1438)) - Stopping the StorageContainerLocationProtocol RPC server
2021-10-14 19:42:58,662 [IPC Server Responder] INFO  ipc.Server (Server.java:run(1512)) - Stopping IPC Server Responder
2021-10-14 19:42:58,662 [Listener at 127.0.0.1/44077] INFO  server.SCMClientProtocolServer (SCMClientProtocolServer.java:stop(173)) - Stopping the RPC server for Client Protocol
2021-10-14 19:42:58,662 [Listener at 127.0.0.1/44077] INFO  ipc.Server (Server.java:stop(3414)) - Stopping server on 41679
2021-10-14 19:42:58,664 [IPC Server Responder] INFO  ipc.Server (Server.java:run(1512)) - Stopping IPC Server Responder
2021-10-14 19:42:58,664 [IPC Server listener on 0] INFO  ipc.Server (Server.java:run(1376)) - Stopping IPC Server listener on 0
2021-10-14 19:42:58,664 [Listener at 127.0.0.1/44077] INFO  server.StorageContainerManager (StorageContainerManager.java:stop(1445)) - Stopping Storage Container Manager HTTP server.
2021-10-14 19:42:58,665 [Listener at 127.0.0.1/44077] INFO  handler.ContextHandler (ContextHandler.java:doStop(1153)) - Stopped o.e.j.w.WebAppContext@166a4524{scm,/,null,STOPPED}{file:/home/runner/work/ozone/ozone/hadoop-ozone/integration-test/target/test-classes/webapps/scm}
2021-10-14 19:42:58,666 [Listener at 127.0.0.1/44077] INFO  server.AbstractConnector (AbstractConnector.java:doStop(381)) - Stopped ServerConnector@596c0689{HTTP/1.1, (http/1.1)}{0.0.0.0:0}
2021-10-14 19:42:58,666 [Listener at 127.0.0.1/44077] INFO  server.session (HouseKeeper.java:stopScavenging(149)) - node0 Stopped scavenging
2021-10-14 19:42:58,666 [Listener at 127.0.0.1/44077] INFO  handler.ContextHandler (ContextHandler.java:doStop(1153)) - Stopped o.e.j.s.ServletContextHandler@133b7fcc{static,/static,file:///home/runner/work/ozone/ozone/hadoop-ozone/integration-test/target/test-classes/webapps/static,STOPPED}
2021-10-14 19:42:58,666 [Listener at 127.0.0.1/44077] INFO  handler.ContextHandler (ContextHandler.java:doStop(1153)) - Stopped o.e.j.s.ServletContextHandler@43b6466b{logs,/logs,file:///home/runner/work/ozone/ozone/hadoop-ozone/integration-test/target/log,STOPPED}
2021-10-14 19:42:58,668 [Listener at 127.0.0.1/44077] INFO  server.StorageContainerManager (StorageContainerManager.java:stop(1456)) - Stopping Block Manager Service.
2021-10-14 19:42:58,668 [Listener at 127.0.0.1/44077] INFO  utils.BackgroundService (BackgroundService.java:shutdown(132)) - Shutting down service SCMBlockDeletingService
2021-10-14 19:42:58,668 [Listener at 127.0.0.1/44077] INFO  utils.BackgroundService (BackgroundService.java:shutdown(132)) - Shutting down service SCMBlockDeletingService
2021-10-14 19:42:58,668 [Listener at 127.0.0.1/44077] INFO  server.StorageContainerManager (StorageContainerManager.java:stop(1483)) - Stopping SCM Event Queue.
2021-10-14 19:42:58,679 [Listener at 127.0.0.1/44077] INFO  server.StorageContainerManager (StorageContainerManager.java:stop(1494)) - Stopping SCM HA services.
2021-10-14 19:42:58,679 [Listener at 127.0.0.1/44077] INFO  pipeline.BackgroundPipelineCreator (BackgroundPipelineCreator.java:stop(158)) - Stopping RatisPipelineUtilsThread.
2021-10-14 19:42:58,679 [Listener at 127.0.0.1/44077] INFO  server.StorageContainerManager (StorageContainerManager.java:stop(1504)) - Stopping SCM MetadataStore.
2021-10-14 19:42:58,681 [Listener at 127.0.0.1/44077] INFO  impl.MetricsSystemImpl (MetricsSystemImpl.java:stop(210)) - Stopping XceiverClientMetrics metrics system...
2021-10-14 19:42:58,695 [prometheus] INFO  impl.MetricsSinkAdapter (MetricsSinkAdapter.java:publishMetricsFromQueue(141)) - prometheus thread interrupted.
2021-10-14 19:42:58,695 [Listener at 127.0.0.1/44077] INFO  impl.MetricsSystemImpl (MetricsSystemImpl.java:stop(216)) - XceiverClientMetrics metrics system stopped.
]]></system-out>
  </testcase>
  <testcase name="testReleaseBuffersOnException" classname="org.apache.hadoop.ozone.client.rpc.TestCommitWatcher" time="84.586"/>
</testsuite>