<?xml version="1.0" encoding="UTF-8"?>
<testsuite xmlns:xsi="http://www.w3.org/2001/XMLSchema-instance" xsi:noNamespaceSchemaLocation="https://maven.apache.org/surefire/maven-surefire-plugin/xsd/surefire-test-report.xsd" name="org.apache.hadoop.ozone.om.TestOzoneManagerHAWithData" time="537.727" tests="11" errors="1" skipped="1" failures="0">
  <properties>
    <property name="awt.toolkit" value="sun.awt.X11.XToolkit"/>
    <property name="file.encoding.pkg" value="sun.io"/>
    <property name="java.specification.version" value="1.8"/>
    <property name="sun.cpu.isalist" value=""/>
    <property name="sun.jnu.encoding" value="ANSI_X3.4-1968"/>
    <property name="java.class.path" value="/github/workspace/mnt/ozone/hadoop-ozone/integration-test/target/test-classes:/github/workspace/mnt/ozone/hadoop-ozone/integration-test/target/classes:/home/user/.m2/repository/org/apache/hadoop/hadoop-ozone-common/0.6.0-SNAPSHOT/hadoop-ozone-common-0.6.0-SNAPSHOT.jar:/home/user/.m2/repository/org/apache/commons/commons-compress/1.4.1/commons-compress-1.4.1.jar:/home/user/.m2/repository/org/tukaani/xz/1.0/xz-1.0.jar:/home/user/.m2/repository/org/apache/hadoop/hadoop-hdds-common/0.6.0-SNAPSHOT/hadoop-hdds-common-0.6.0-SNAPSHOT.jar:/home/user/.m2/repository/org/apache/hadoop/hadoop-hdds-hadoop-dependency-client/0.6.0-SNAPSHOT/hadoop-hdds-hadoop-dependency-client-0.6.0-SNAPSHOT.jar:/home/user/.m2/repository/info/picocli/picocli/3.9.6/picocli-3.9.6.jar:/home/user/.m2/repository/com/fasterxml/jackson/core/jackson-annotations/2.10.3/jackson-annotations-2.10.3.jar:/home/user/.m2/repository/javax/annotation/javax.annotation-api/1.2/javax.annotation-api-1.2.jar:/home/user/.m2/repository/org/apache/ratis/ratis-server/0.6.0-6ab75ae-SNAPSHOT/ratis-server-0.6.0-6ab75ae-SNAPSHOT.jar:/home/user/.m2/repository/org/apache/ratis/ratis-client/0.6.0-6ab75ae-SNAPSHOT/ratis-client-0.6.0-6ab75ae-SNAPSHOT.jar:/home/user/.m2/repository/org/apache/ratis/ratis-metrics/0.6.0-6ab75ae-SNAPSHOT/ratis-metrics-0.6.0-6ab75ae-SNAPSHOT.jar:/home/user/.m2/repository/org/apache/ratis/ratis-netty/0.6.0-6ab75ae-SNAPSHOT/ratis-netty-0.6.0-6ab75ae-SNAPSHOT.jar:/home/user/.m2/repository/org/apache/ratis/ratis-grpc/0.6.0-6ab75ae-SNAPSHOT/ratis-grpc-0.6.0-6ab75ae-SNAPSHOT.jar:/home/user/.m2/repository/org/apache/logging/log4j/log4j-api/2.11.0/log4j-api-2.11.0.jar:/home/user/.m2/repository/org/apache/logging/log4j/log4j-core/2.11.0/log4j-core-2.11.0.jar:/home/user/.m2/repository/com/lmax/disruptor/3.4.2/disruptor-3.4.2.jar:/home/user/.m2/repository/org/apache/commons/commons-pool2/2.6.0/commons-pool2-2.6.0.jar:/home/user/.m2/repository/org/bouncycastle/bcpkix-jdk15on/1.60/bcpkix-jdk15on-1.60.jar:/home/user/.m2/repository/commons-validator/commons-validator/1.6/commons-validator-1.6.jar:/home/user/.m2/repository/commons-digester/commons-digester/1.8.1/commons-digester-1.8.1.jar:/home/user/.m2/repository/io/jaegertracing/jaeger-client/1.2.0/jaeger-client-1.2.0.jar:/home/user/.m2/repository/io/jaegertracing/jaeger-thrift/1.2.0/jaeger-thrift-1.2.0.jar:/home/user/.m2/repository/org/apache/thrift/libthrift/0.13.0/libthrift-0.13.0.jar:/home/user/.m2/repository/com/squareup/okhttp3/okhttp/4.2.2/okhttp-4.2.2.jar:/home/user/.m2/repository/com/squareup/okio/okio/2.2.2/okio-2.2.2.jar:/home/user/.m2/repository/org/jetbrains/kotlin/kotlin-stdlib/1.3.50/kotlin-stdlib-1.3.50.jar:/home/user/.m2/repository/org/jetbrains/kotlin/kotlin-stdlib-common/1.3.50/kotlin-stdlib-common-1.3.50.jar:/home/user/.m2/repository/org/jetbrains/annotations/13.0/annotations-13.0.jar:/home/user/.m2/repository/io/jaegertracing/jaeger-core/1.2.0/jaeger-core-1.2.0.jar:/home/user/.m2/repository/io/jaegertracing/jaeger-tracerresolver/1.2.0/jaeger-tracerresolver-1.2.0.jar:/home/user/.m2/repository/io/opentracing/contrib/opentracing-tracerresolver/0.1.8/opentracing-tracerresolver-0.1.8.jar:/home/user/.m2/repository/io/opentracing/opentracing-util/0.33.0/opentracing-util-0.33.0.jar:/home/user/.m2/repository/io/opentracing/opentracing-api/0.33.0/opentracing-api-0.33.0.jar:/home/user/.m2/repository/io/opentracing/opentracing-noop/0.33.0/opentracing-noop-0.33.0.jar:/home/user/.m2/repository/org/apache/hadoop/hadoop-hdds-client/0.6.0-SNAPSHOT/hadoop-hdds-client-0.6.0-SNAPSHOT.jar:/home/user/.m2/repository/org/apache/hadoop/hadoop-hdds-test-utils/0.6.0-SNAPSHOT/hadoop-hdds-test-utils-0.6.0-SNAPSHOT.jar:/home/user/.m2/repository/com/google/guava/guava/28.2-jre/guava-28.2-jre.jar:/home/user/.m2/repository/com/google/guava/failureaccess/1.0.1/failureaccess-1.0.1.jar:/home/user/.m2/repository/com/google/guava/listenablefuture/9999.0-empty-to-avoid-conflict-with-guava/listenablefuture-9999.0-empty-to-avoid-conflict-with-guava.jar:/home/user/.m2/repository/com/google/code/findbugs/jsr305/3.0.0/jsr305-3.0.0.jar:/home/user/.m2/repository/org/checkerframework/checker-qual/2.10.0/checker-qual-2.10.0.jar:/home/user/.m2/repository/com/google/errorprone/error_prone_annotations/2.2.0/error_prone_annotations-2.2.0.jar:/home/user/.m2/repository/com/google/j2objc/j2objc-annotations/1.3/j2objc-annotations-1.3.jar:/home/user/.m2/repository/commons-io/commons-io/2.5/commons-io-2.5.jar:/home/user/.m2/repository/commons-logging/commons-logging/1.2/commons-logging-1.2.jar:/home/user/.m2/repository/log4j/log4j/1.2.17/log4j-1.2.17.jar:/home/user/.m2/repository/org/slf4j/slf4j-api/1.7.25/slf4j-api-1.7.25.jar:/home/user/.m2/repository/org/apache/hadoop/hadoop-hdds-server-scm/0.6.0-SNAPSHOT/hadoop-hdds-server-scm-0.6.0-SNAPSHOT.jar:/home/user/.m2/repository/org/apache/hadoop/hadoop-hdds-container-service/0.6.0-SNAPSHOT/hadoop-hdds-container-service-0.6.0-SNAPSHOT.jar:/home/user/.m2/repository/org/apache/hadoop/hadoop-hdds-hadoop-dependency-server/0.6.0-SNAPSHOT/hadoop-hdds-hadoop-dependency-server-0.6.0-SNAPSHOT.jar:/home/user/.m2/repository/org/apache/hadoop/hadoop-hdds-server-framework/0.6.0-SNAPSHOT/hadoop-hdds-server-framework-0.6.0-SNAPSHOT.jar:/home/user/.m2/repository/org/apache/hadoop/hadoop-hdds-interface-server/0.6.0-SNAPSHOT/hadoop-hdds-interface-server-0.6.0-SNAPSHOT.jar:/home/user/.m2/repository/org/apache/hadoop/hadoop-hdds-interface-admin/0.6.0-SNAPSHOT/hadoop-hdds-interface-admin-0.6.0-SNAPSHOT.jar:/home/user/.m2/repository/org/rocksdb/rocksdbjni/6.6.4/rocksdbjni-6.6.4.jar:/home/user/.m2/repository/io/prometheus/simpleclient_dropwizard/0.7.0/simpleclient_dropwizard-0.7.0.jar:/home/user/.m2/repository/io/prometheus/simpleclient/0.7.0/simpleclient-0.7.0.jar:/home/user/.m2/repository/io/prometheus/simpleclient_common/0.7.0/simpleclient_common-0.7.0.jar:/home/user/.m2/repository/com/fasterxml/jackson/datatype/jackson-datatype-jsr310/2.10.3/jackson-datatype-jsr310-2.10.3.jar:/home/user/.m2/repository/org/apache/hadoop/hadoop-hdds-docs/0.6.0-SNAPSHOT/hadoop-hdds-docs-0.6.0-SNAPSHOT.jar:/home/user/.m2/repository/io/dropwizard/metrics/metrics-core/3.2.4/metrics-core-3.2.4.jar:/home/user/.m2/repository/org/apache/hadoop/hadoop-hdfs-client/3.2.1/hadoop-hdfs-client-3.2.1.jar:/home/user/.m2/repository/org/bouncycastle/bcprov-jdk15on/1.60/bcprov-jdk15on-1.60.jar:/home/user/.m2/repository/org/apache/hadoop/hadoop-ozone-ozone-manager/0.6.0-SNAPSHOT/hadoop-ozone-ozone-manager-0.6.0-SNAPSHOT.jar:/home/user/.m2/repository/org/apache/hadoop/hadoop-hdds-interface-client/0.6.0-SNAPSHOT/hadoop-hdds-interface-client-0.6.0-SNAPSHOT.jar:/home/user/.m2/repository/org/apache/ratis/ratis-thirdparty-misc/0.4.0/ratis-thirdparty-misc-0.4.0.jar:/home/user/.m2/repository/org/apache/hadoop/hadoop-minikdc/3.2.1/hadoop-minikdc-3.2.1.jar:/home/user/.m2/repository/org/apache/kerby/kerb-simplekdc/1.0.1/kerb-simplekdc-1.0.1.jar:/home/user/.m2/repository/org/apache/kerby/kerb-client/1.0.1/kerb-client-1.0.1.jar:/home/user/.m2/repository/org/apache/kerby/kerby-config/1.0.1/kerby-config-1.0.1.jar:/home/user/.m2/repository/org/apache/kerby/kerb-core/1.0.1/kerb-core-1.0.1.jar:/home/user/.m2/repository/org/apache/kerby/kerby-pkix/1.0.1/kerby-pkix-1.0.1.jar:/home/user/.m2/repository/org/apache/kerby/kerby-asn1/1.0.1/kerby-asn1-1.0.1.jar:/home/user/.m2/repository/org/apache/kerby/kerby-util/1.0.1/kerby-util-1.0.1.jar:/home/user/.m2/repository/org/apache/kerby/kerb-common/1.0.1/kerb-common-1.0.1.jar:/home/user/.m2/repository/org/apache/kerby/kerb-crypto/1.0.1/kerb-crypto-1.0.1.jar:/home/user/.m2/repository/org/apache/kerby/kerb-util/1.0.1/kerb-util-1.0.1.jar:/home/user/.m2/repository/org/apache/kerby/token-provider/1.0.1/token-provider-1.0.1.jar:/home/user/.m2/repository/org/apache/kerby/kerb-admin/1.0.1/kerb-admin-1.0.1.jar:/home/user/.m2/repository/org/apache/kerby/kerb-server/1.0.1/kerb-server-1.0.1.jar:/home/user/.m2/repository/org/apache/kerby/kerb-identity/1.0.1/kerb-identity-1.0.1.jar:/home/user/.m2/repository/org/apache/kerby/kerby-xdr/1.0.1/kerby-xdr-1.0.1.jar:/home/user/.m2/repository/org/slf4j/slf4j-log4j12/1.7.25/slf4j-log4j12-1.7.25.jar:/home/user/.m2/repository/org/apache/hadoop/hadoop-ozone-s3gateway/0.6.0-SNAPSHOT/hadoop-ozone-s3gateway-0.6.0-SNAPSHOT.jar:/home/user/.m2/repository/org/jboss/weld/servlet/weld-servlet/2.4.7.Final/weld-servlet-2.4.7.Final.jar:/home/user/.m2/repository/org/glassfish/jersey/containers/jersey-container-servlet-core/2.27/jersey-container-servlet-core-2.27.jar:/home/user/.m2/repository/org/glassfish/hk2/external/javax.inject/2.5.0-b42/javax.inject-2.5.0-b42.jar:/home/user/.m2/repository/org/glassfish/jersey/core/jersey-common/2.27/jersey-common-2.27.jar:/home/user/.m2/repository/org/glassfish/hk2/osgi-resource-locator/1.0.1/osgi-resource-locator-1.0.1.jar:/home/user/.m2/repository/javax/ws/rs/javax.ws.rs-api/2.1/javax.ws.rs-api-2.1.jar:/home/user/.m2/repository/org/glassfish/jersey/ext/cdi/jersey-cdi1x/2.27/jersey-cdi1x-2.27.jar:/home/user/.m2/repository/org/glassfish/jersey/inject/jersey-hk2/2.27/jersey-hk2-2.27.jar:/home/user/.m2/repository/org/glassfish/hk2/hk2-locator/2.5.0-b42/hk2-locator-2.5.0-b42.jar:/home/user/.m2/repository/org/javassist/javassist/3.22.0-CR2/javassist-3.22.0-CR2.jar:/home/user/.m2/repository/org/glassfish/hk2/hk2-api/2.5.0/hk2-api-2.5.0.jar:/home/user/.m2/repository/org/glassfish/hk2/external/jakarta.inject/2.5.0/jakarta.inject-2.5.0.jar:/home/user/.m2/repository/org/glassfish/hk2/hk2-utils/2.5.0/hk2-utils-2.5.0.jar:/home/user/.m2/repository/jakarta/annotation/jakarta.annotation-api/1.3.4/jakarta.annotation-api-1.3.4.jar:/home/user/.m2/repository/org/glassfish/hk2/external/aopalliance-repackaged/2.5.0/aopalliance-repackaged-2.5.0.jar:/home/user/.m2/repository/com/fasterxml/jackson/dataformat/jackson-dataformat-xml/2.10.3/jackson-dataformat-xml-2.10.3.jar:/home/user/.m2/repository/com/fasterxml/jackson/core/jackson-core/2.10.3/jackson-core-2.10.3.jar:/home/user/.m2/repository/com/fasterxml/jackson/module/jackson-module-jaxb-annotations/2.10.3/jackson-module-jaxb-annotations-2.10.3.jar:/home/user/.m2/repository/jakarta/xml/bind/jakarta.xml.bind-api/2.3.2/jakarta.xml.bind-api-2.3.2.jar:/home/user/.m2/repository/jakarta/activation/jakarta.activation-api/1.2.1/jakarta.activation-api-1.2.1.jar:/home/user/.m2/repository/org/codehaus/woodstox/stax2-api/3.1.4/stax2-api-3.1.4.jar:/home/user/.m2/repository/com/fasterxml/woodstox/woodstox-core/5.0.3/woodstox-core-5.0.3.jar:/home/user/.m2/repository/javax/enterprise/cdi-api/1.2/cdi-api-1.2.jar:/home/user/.m2/repository/javax/el/javax.el-api/3.0.0/javax.el-api-3.0.0.jar:/home/user/.m2/repository/javax/interceptor/javax.interceptor-api/1.2/javax.interceptor-api-1.2.jar:/home/user/.m2/repository/javax/inject/javax.inject/1/javax.inject-1.jar:/home/user/.m2/repository/com/sun/xml/bind/jaxb-impl/2.3.0.1/jaxb-impl-2.3.0.1.jar:/home/user/.m2/repository/com/sun/xml/bind/jaxb-core/2.3.0.1/jaxb-core-2.3.0.1.jar:/home/user/.m2/repository/javax/xml/bind/jaxb-api/2.3.0/jaxb-api-2.3.0.jar:/home/user/.m2/repository/javax/activation/activation/1.1.1/activation-1.1.1.jar:/home/user/.m2/repository/org/apache/hadoop/hadoop-ozone-csi/0.6.0-SNAPSHOT/hadoop-ozone-csi-0.6.0-SNAPSHOT.jar:/home/user/.m2/repository/com/google/protobuf/protobuf-java-util/3.11.0/protobuf-java-util-3.11.0.jar:/home/user/.m2/repository/com/google/code/gson/gson/2.2.4/gson-2.2.4.jar:/home/user/.m2/repository/org/apache/hadoop/hadoop-hdds-config/0.6.0-SNAPSHOT/hadoop-hdds-config-0.6.0-SNAPSHOT.jar:/home/user/.m2/repository/com/google/protobuf/protobuf-java/2.5.0/protobuf-java-2.5.0.jar:/home/user/.m2/repository/io/grpc/grpc-netty/1.29.0/grpc-netty-1.29.0.jar:/home/user/.m2/repository/io/grpc/grpc-core/1.29.0/grpc-core-1.29.0.jar:/home/user/.m2/repository/com/google/android/annotations/4.1.1.4/annotations-4.1.1.4.jar:/home/user/.m2/repository/io/perfmark/perfmark-api/0.19.0/perfmark-api-0.19.0.jar:/home/user/.m2/repository/io/netty/netty-codec-http2/4.1.48.Final/netty-codec-http2-4.1.48.Final.jar:/home/user/.m2/repository/io/netty/netty-codec/4.1.48.Final/netty-codec-4.1.48.Final.jar:/home/user/.m2/repository/io/netty/netty-handler/4.1.48.Final/netty-handler-4.1.48.Final.jar:/home/user/.m2/repository/io/netty/netty-codec-http/4.1.48.Final/netty-codec-http-4.1.48.Final.jar:/home/user/.m2/repository/io/netty/netty-handler-proxy/4.1.48.Final/netty-handler-proxy-4.1.48.Final.jar:/home/user/.m2/repository/io/netty/netty-codec-socks/4.1.48.Final/netty-codec-socks-4.1.48.Final.jar:/home/user/.m2/repository/io/netty/netty-transport-native-epoll/4.1.48.Final/netty-transport-native-epoll-4.1.48.Final.jar:/home/user/.m2/repository/io/netty/netty-common/4.1.48.Final/netty-common-4.1.48.Final.jar:/home/user/.m2/repository/io/netty/netty-buffer/4.1.48.Final/netty-buffer-4.1.48.Final.jar:/home/user/.m2/repository/io/netty/netty-transport/4.1.48.Final/netty-transport-4.1.48.Final.jar:/home/user/.m2/repository/io/netty/netty-resolver/4.1.48.Final/netty-resolver-4.1.48.Final.jar:/home/user/.m2/repository/io/netty/netty-transport-native-unix-common/4.1.48.Final/netty-transport-native-unix-common-4.1.48.Final.jar:/home/user/.m2/repository/io/grpc/grpc-protobuf/1.29.0/grpc-protobuf-1.29.0.jar:/home/user/.m2/repository/io/grpc/grpc-api/1.29.0/grpc-api-1.29.0.jar:/home/user/.m2/repository/io/grpc/grpc-context/1.29.0/grpc-context-1.29.0.jar:/home/user/.m2/repository/org/codehaus/mojo/animal-sniffer-annotations/1.18/animal-sniffer-annotations-1.18.jar:/home/user/.m2/repository/com/google/api/grpc/proto-google-common-protos/1.17.0/proto-google-common-protos-1.17.0.jar:/home/user/.m2/repository/io/grpc/grpc-protobuf-lite/1.29.0/grpc-protobuf-lite-1.29.0.jar:/home/user/.m2/repository/io/grpc/grpc-stub/1.29.0/grpc-stub-1.29.0.jar:/home/user/.m2/repository/org/apache/hadoop/hadoop-ozone-recon/0.6.0-SNAPSHOT/hadoop-ozone-recon-0.6.0-SNAPSHOT.jar:/home/user/.m2/repository/org/apache/hadoop/hadoop-ozone-reconcodegen/0.6.0-SNAPSHOT/hadoop-ozone-reconcodegen-0.6.0-SNAPSHOT.jar:/home/user/.m2/repository/com/google/inject/extensions/guice-multibindings/4.0/guice-multibindings-4.0.jar:/home/user/.m2/repository/com/google/inject/guice/4.0/guice-4.0.jar:/home/user/.m2/repository/aopalliance/aopalliance/1.0/aopalliance-1.0.jar:/home/user/.m2/repository/com/google/inject/extensions/guice-assistedinject/4.0/guice-assistedinject-4.0.jar:/home/user/.m2/repository/com/google/inject/extensions/guice-servlet/4.0/guice-servlet-4.0.jar:/home/user/.m2/repository/org/glassfish/jersey/containers/jersey-container-servlet/2.27/jersey-container-servlet-2.27.jar:/home/user/.m2/repository/org/glassfish/hk2/guice-bridge/2.5.0/guice-bridge-2.5.0.jar:/home/user/.m2/repository/org/glassfish/jersey/core/jersey-server/2.27/jersey-server-2.27.jar:/home/user/.m2/repository/org/glassfish/jersey/core/jersey-client/2.27/jersey-client-2.27.jar:/home/user/.m2/repository/org/glassfish/jersey/media/jersey-media-jaxb/2.27/jersey-media-jaxb-2.27.jar:/home/user/.m2/repository/javax/validation/validation-api/1.1.0.Final/validation-api-1.1.0.Final.jar:/home/user/.m2/repository/org/glassfish/jersey/media/jersey-media-json-jackson/2.27/jersey-media-json-jackson-2.27.jar:/home/user/.m2/repository/org/glassfish/jersey/ext/jersey-entity-filtering/2.27/jersey-entity-filtering-2.27.jar:/home/user/.m2/repository/org/jooq/jooq/3.11.10/jooq-3.11.10.jar:/home/user/.m2/repository/org/jooq/jooq-meta/3.11.10/jooq-meta-3.11.10.jar:/home/user/.m2/repository/org/jooq/jooq-codegen/3.11.10/jooq-codegen-3.11.10.jar:/home/user/.m2/repository/com/jolbox/bonecp/0.8.0.RELEASE/bonecp-0.8.0.RELEASE.jar:/home/user/.m2/repository/org/apache/derby/derby/10.14.2.0/derby-10.14.2.0.jar:/home/user/.m2/repository/org/xerial/sqlite-jdbc/3.25.2/sqlite-jdbc-3.25.2.jar:/home/user/.m2/repository/org/springframework/spring-jdbc/5.2.5.RELEASE/spring-jdbc-5.2.5.RELEASE.jar:/home/user/.m2/repository/org/springframework/spring-beans/5.2.5.RELEASE/spring-beans-5.2.5.RELEASE.jar:/home/user/.m2/repository/org/springframework/spring-core/5.2.5.RELEASE/spring-core-5.2.5.RELEASE.jar:/home/user/.m2/repository/org/springframework/spring-jcl/5.2.5.RELEASE/spring-jcl-5.2.5.RELEASE.jar:/home/user/.m2/repository/org/springframework/spring-tx/5.2.5.RELEASE/spring-tx-5.2.5.RELEASE.jar:/home/user/.m2/repository/org/apache/hadoop/hadoop-ozone-client/0.6.0-SNAPSHOT/hadoop-ozone-client-0.6.0-SNAPSHOT.jar:/home/user/.m2/repository/org/apache/hadoop/hadoop-ozone-filesystem/0.6.0-SNAPSHOT/hadoop-ozone-filesystem-0.6.0-SNAPSHOT.jar:/home/user/.m2/repository/org/apache/hadoop/hadoop-ozone-filesystem-common/0.6.0-SNAPSHOT/hadoop-ozone-filesystem-common-0.6.0-SNAPSHOT.jar:/home/user/.m2/repository/org/apache/hadoop/hadoop-ozone-tools/0.6.0-SNAPSHOT/hadoop-ozone-tools-0.6.0-SNAPSHOT.jar:/home/user/.m2/repository/org/apache/hadoop/hadoop-hdfs/3.2.1/hadoop-hdfs-3.2.1.jar:/home/user/.m2/repository/org/apache/ratis/ratis-tools/0.6.0-6ab75ae-SNAPSHOT/ratis-tools-0.6.0-6ab75ae-SNAPSHOT.jar:/home/user/.m2/repository/org/apache/ratis/ratis-proto/0.6.0-6ab75ae-SNAPSHOT/ratis-proto-0.6.0-6ab75ae-SNAPSHOT.jar:/home/user/.m2/repository/org/apache/ratis/ratis-common/0.6.0-6ab75ae-SNAPSHOT/ratis-common-0.6.0-6ab75ae-SNAPSHOT.jar:/home/user/.m2/repository/com/amazonaws/aws-java-sdk-core/1.11.615/aws-java-sdk-core-1.11.615.jar:/home/user/.m2/repository/org/apache/httpcomponents/httpclient/4.5.2/httpclient-4.5.2.jar:/home/user/.m2/repository/org/apache/httpcomponents/httpcore/4.4.4/httpcore-4.4.4.jar:/home/user/.m2/repository/software/amazon/ion/ion-java/1.0.2/ion-java-1.0.2.jar:/home/user/.m2/repository/com/fasterxml/jackson/dataformat/jackson-dataformat-cbor/2.10.3/jackson-dataformat-cbor-2.10.3.jar:/home/user/.m2/repository/joda-time/joda-time/2.8.1/joda-time-2.8.1.jar:/home/user/.m2/repository/com/amazonaws/aws-java-sdk-s3/1.11.615/aws-java-sdk-s3-1.11.615.jar:/home/user/.m2/repository/com/amazonaws/aws-java-sdk-kms/1.11.615/aws-java-sdk-kms-1.11.615.jar:/home/user/.m2/repository/com/amazonaws/jmespath-java/1.11.615/jmespath-java-1.11.615.jar:/home/user/.m2/repository/org/apache/hadoop/hadoop-hdds-tools/0.6.0-SNAPSHOT/hadoop-hdds-tools-0.6.0-SNAPSHOT.jar:/home/user/.m2/repository/commons-cli/commons-cli/1.2/commons-cli-1.2.jar:/home/user/.m2/repository/org/apache/commons/commons-lang3/3.7/commons-lang3-3.7.jar:/home/user/.m2/repository/org/apache/hadoop/hadoop-ozone-ozone-manager/0.6.0-SNAPSHOT/hadoop-ozone-ozone-manager-0.6.0-SNAPSHOT-tests.jar:/home/user/.m2/repository/junit/junit/4.11/junit-4.11.jar:/home/user/.m2/repository/org/hamcrest/hamcrest-core/1.3/hamcrest-core-1.3.jar:/home/user/.m2/repository/org/openjdk/jmh/jmh-core/1.19/jmh-core-1.19.jar:/home/user/.m2/repository/net/sf/jopt-simple/jopt-simple/4.6/jopt-simple-4.6.jar:/home/user/.m2/repository/org/apache/commons/commons-math3/3.1.1/commons-math3-3.1.1.jar:/home/user/.m2/repository/org/openjdk/jmh/jmh-generator-annprocess/1.19/jmh-generator-annprocess-1.19.jar:/home/user/.m2/repository/org/mockito/mockito-all/1.8.5/mockito-all-1.8.5.jar:/home/user/.m2/repository/org/apache/hadoop/hadoop-kms/3.2.1/hadoop-kms-3.2.1.jar:/home/user/.m2/repository/org/apache/hadoop/hadoop-auth/3.2.1/hadoop-auth-3.2.1.jar:/home/user/.m2/repository/com/nimbusds/nimbus-jose-jwt/7.9/nimbus-jose-jwt-7.9.jar:/home/user/.m2/repository/com/github/stephenc/jcip/jcip-annotations/1.0-1/jcip-annotations-1.0-1.jar:/home/user/.m2/repository/net/minidev/json-smart/2.3/json-smart-2.3.jar:/home/user/.m2/repository/net/minidev/accessors-smart/1.2/accessors-smart-1.2.jar:/home/user/.m2/repository/org/ow2/asm/asm/5.0.4/asm-5.0.4.jar:/home/user/.m2/repository/org/apache/zookeeper/zookeeper/3.4.13/zookeeper-3.4.13.jar:/home/user/.m2/repository/org/apache/yetus/audience-annotations/0.5.0/audience-annotations-0.5.0.jar:/home/user/.m2/repository/org/apache/curator/curator-framework/2.13.0/curator-framework-2.13.0.jar:/home/user/.m2/repository/com/sun/jersey/jersey-core/1.19/jersey-core-1.19.jar:/home/user/.m2/repository/javax/ws/rs/jsr311-api/1.1.1/jsr311-api-1.1.1.jar:/home/user/.m2/repository/com/sun/jersey/jersey-server/1.19/jersey-server-1.19.jar:/home/user/.m2/repository/javax/servlet/javax.servlet-api/3.1.0/javax.servlet-api-3.1.0.jar:/home/user/.m2/repository/org/eclipse/jetty/jetty-server/9.4.26.v20200117/jetty-server-9.4.26.v20200117.jar:/home/user/.m2/repository/org/eclipse/jetty/jetty-http/9.4.26.v20200117/jetty-http-9.4.26.v20200117.jar:/home/user/.m2/repository/org/eclipse/jetty/jetty-io/9.4.26.v20200117/jetty-io-9.4.26.v20200117.jar:/home/user/.m2/repository/org/eclipse/jetty/jetty-webapp/9.4.26.v20200117/jetty-webapp-9.4.26.v20200117.jar:/home/user/.m2/repository/org/eclipse/jetty/jetty-xml/9.4.26.v20200117/jetty-xml-9.4.26.v20200117.jar:/home/user/.m2/repository/org/eclipse/jetty/jetty-servlet/9.4.26.v20200117/jetty-servlet-9.4.26.v20200117.jar:/home/user/.m2/repository/org/eclipse/jetty/jetty-security/9.4.26.v20200117/jetty-security-9.4.26.v20200117.jar:/home/user/.m2/repository/org/apache/hadoop/hadoop-common/3.2.1/hadoop-common-3.2.1.jar:/home/user/.m2/repository/commons-net/commons-net/3.6/commons-net-3.6.jar:/home/user/.m2/repository/commons-collections/commons-collections/3.2.2/commons-collections-3.2.2.jar:/home/user/.m2/repository/com/sun/jersey/jersey-servlet/1.19/jersey-servlet-1.19.jar:/home/user/.m2/repository/com/sun/jersey/jersey-json/1.19/jersey-json-1.19.jar:/home/user/.m2/repository/org/codehaus/jettison/jettison/1.1/jettison-1.1.jar:/home/user/.m2/repository/org/codehaus/jackson/jackson-jaxrs/1.9.2/jackson-jaxrs-1.9.2.jar:/home/user/.m2/repository/org/codehaus/jackson/jackson-xc/1.9.2/jackson-xc-1.9.2.jar:/home/user/.m2/repository/commons-beanutils/commons-beanutils/1.9.4/commons-beanutils-1.9.4.jar:/home/user/.m2/repository/org/apache/commons/commons-configuration2/2.1.1/commons-configuration2-2.1.1.jar:/home/user/.m2/repository/org/apache/commons/commons-text/1.4/commons-text-1.4.jar:/home/user/.m2/repository/com/google/re2j/re2j/1.1/re2j-1.1.jar:/home/user/.m2/repository/com/jcraft/jsch/0.1.54/jsch-0.1.54.jar:/home/user/.m2/repository/org/apache/curator/curator-client/2.13.0/curator-client-2.13.0.jar:/home/user/.m2/repository/org/apache/curator/curator-recipes/2.13.0/curator-recipes-2.13.0.jar:/home/user/.m2/repository/dnsjava/dnsjava/2.1.7/dnsjava-2.1.7.jar:/home/user/.m2/repository/org/slf4j/jul-to-slf4j/1.7.25/jul-to-slf4j-1.7.25.jar:/home/user/.m2/repository/org/eclipse/jetty/jetty-util/9.4.26.v20200117/jetty-util-9.4.26.v20200117.jar:/home/user/.m2/repository/com/fasterxml/jackson/core/jackson-databind/2.10.3/jackson-databind-2.10.3.jar:/home/user/.m2/repository/org/apache/hadoop/hadoop-kms/3.2.1/hadoop-kms-3.2.1-tests.jar:/home/user/.m2/repository/org/apache/hadoop/hadoop-hdds-server-scm/0.6.0-SNAPSHOT/hadoop-hdds-server-scm-0.6.0-SNAPSHOT-tests.jar:/home/user/.m2/repository/org/apache/hadoop/hadoop-hdds-container-service/0.6.0-SNAPSHOT/hadoop-hdds-container-service-0.6.0-SNAPSHOT-tests.jar:/home/user/.m2/repository/org/apache/hadoop/hadoop-hdds-common/0.6.0-SNAPSHOT/hadoop-hdds-common-0.6.0-SNAPSHOT-tests.jar:/home/user/.m2/repository/org/yaml/snakeyaml/1.16/snakeyaml-1.16.jar:/home/user/.m2/repository/org/apache/hadoop/hadoop-hdds-hadoop-dependency-test/0.6.0-SNAPSHOT/hadoop-hdds-hadoop-dependency-test-0.6.0-SNAPSHOT.jar:/home/user/.m2/repository/org/apache/hadoop/hadoop-common/3.2.1/hadoop-common-3.2.1-tests.jar:/home/user/.m2/repository/javax/servlet/jsp/jsp-api/2.1/jsp-api-2.1.jar:/home/user/.m2/repository/org/apache/hadoop/hadoop-hdfs/3.2.1/hadoop-hdfs-3.2.1-tests.jar:/home/user/.m2/repository/org/eclipse/jetty/jetty-util-ajax/9.4.26.v20200117/jetty-util-ajax-9.4.26.v20200117.jar:/home/user/.m2/repository/commons-codec/commons-codec/1.11/commons-codec-1.11.jar:/home/user/.m2/repository/commons-daemon/commons-daemon/1.0.13/commons-daemon-1.0.13.jar:/home/user/.m2/repository/io/netty/netty/3.10.5.Final/netty-3.10.5.Final.jar:/home/user/.m2/repository/io/netty/netty-all/4.1.48.Final/netty-all-4.1.48.Final.jar:/home/user/.m2/repository/org/apache/htrace/htrace-core4/4.1.0-incubating/htrace-core4-4.1.0-incubating.jar:/home/user/.m2/repository/org/fusesource/leveldbjni/leveldbjni-all/1.8/leveldbjni-all-1.8.jar:/home/user/.m2/repository/org/apache/hadoop/hadoop-distcp/3.2.1/hadoop-distcp-3.2.1.jar:/home/user/.m2/repository/org/apache/hadoop/hadoop-mapreduce-client-jobclient/3.2.1/hadoop-mapreduce-client-jobclient-3.2.1.jar:/home/user/.m2/repository/org/apache/hadoop/hadoop-mapreduce-client-common/3.2.1/hadoop-mapreduce-client-common-3.2.1.jar:/home/user/.m2/repository/org/apache/hadoop/hadoop-yarn-common/3.2.1/hadoop-yarn-common-3.2.1.jar:/home/user/.m2/repository/org/apache/hadoop/hadoop-yarn-api/3.2.1/hadoop-yarn-api-3.2.1.jar:/home/user/.m2/repository/com/sun/jersey/jersey-client/1.19/jersey-client-1.19.jar:/home/user/.m2/repository/com/sun/jersey/contribs/jersey-guice/1.19/jersey-guice-1.19.jar:/home/user/.m2/repository/com/fasterxml/jackson/jaxrs/jackson-jaxrs-json-provider/2.10.3/jackson-jaxrs-json-provider-2.10.3.jar:/home/user/.m2/repository/com/fasterxml/jackson/jaxrs/jackson-jaxrs-base/2.10.3/jackson-jaxrs-base-2.10.3.jar:/home/user/.m2/repository/org/apache/hadoop/hadoop-yarn-client/3.2.1/hadoop-yarn-client-3.2.1.jar:/home/user/.m2/repository/org/apache/hadoop/hadoop-mapreduce-client-core/3.2.1/hadoop-mapreduce-client-core-3.2.1.jar:/home/user/.m2/repository/org/apache/avro/avro/1.7.7/avro-1.7.7.jar:/home/user/.m2/repository/org/codehaus/jackson/jackson-core-asl/1.9.13/jackson-core-asl-1.9.13.jar:/home/user/.m2/repository/org/codehaus/jackson/jackson-mapper-asl/1.9.13/jackson-mapper-asl-1.9.13.jar:/home/user/.m2/repository/com/thoughtworks/paranamer/paranamer/2.3/paranamer-2.3.jar:/home/user/.m2/repository/org/xerial/snappy/snappy-java/1.0.5/snappy-java-1.0.5.jar:/home/user/.m2/repository/org/apache/hadoop/hadoop-annotations/3.2.1/hadoop-annotations-3.2.1.jar:/usr/lib/jvm/java-1.8.0-openjdk-1.8.0.232.b09-0.el7_7.x86_64/jre/../lib/tools.jar:/home/user/.m2/repository/org/apache/hadoop/hadoop-distcp/3.2.1/hadoop-distcp-3.2.1-tests.jar:"/>
    <property name="java.vm.vendor" value="Oracle Corporation"/>
    <property name="sun.arch.data.model" value="64"/>
    <property name="test.build.dir" value="/github/workspace/mnt/ozone/hadoop-ozone/integration-test/target/test-dir"/>
    <property name="test.cache.data" value=""/>
    <property name="java.vendor.url" value="http://java.oracle.com/"/>
    <property name="user.timezone" value=""/>
    <property name="java.vm.specification.version" value="1.8"/>
    <property name="os.name" value="Linux"/>
    <property name="test.build.data" value="/github/workspace/mnt/ozone/hadoop-ozone/integration-test/target/test-dir"/>
    <property name="user.country" value="US"/>
    <property name="sun.java.launcher" value="SUN_STANDARD"/>
    <property name="sun.boot.library.path" value="/usr/lib/jvm/java-1.8.0-openjdk-1.8.0.232.b09-0.el7_7.x86_64/jre/lib/amd64"/>
    <property name="sun.java.command" value="/github/workspace/mnt/ozone/hadoop-ozone/integration-test/target/surefire/surefirebooter9059965107621584789.jar /github/workspace/mnt/ozone/hadoop-ozone/integration-test/target/surefire 2020-06-09T10-24-12_017-jvmRun1 surefire3821500971929224988tmp surefire_216537538612303183818tmp"/>
    <property name="surefire.test.class.path" value="/github/workspace/mnt/ozone/hadoop-ozone/integration-test/target/test-classes:/github/workspace/mnt/ozone/hadoop-ozone/integration-test/target/classes:/home/user/.m2/repository/org/apache/hadoop/hadoop-ozone-common/0.6.0-SNAPSHOT/hadoop-ozone-common-0.6.0-SNAPSHOT.jar:/home/user/.m2/repository/org/apache/commons/commons-compress/1.4.1/commons-compress-1.4.1.jar:/home/user/.m2/repository/org/tukaani/xz/1.0/xz-1.0.jar:/home/user/.m2/repository/org/apache/hadoop/hadoop-hdds-common/0.6.0-SNAPSHOT/hadoop-hdds-common-0.6.0-SNAPSHOT.jar:/home/user/.m2/repository/org/apache/hadoop/hadoop-hdds-hadoop-dependency-client/0.6.0-SNAPSHOT/hadoop-hdds-hadoop-dependency-client-0.6.0-SNAPSHOT.jar:/home/user/.m2/repository/info/picocli/picocli/3.9.6/picocli-3.9.6.jar:/home/user/.m2/repository/com/fasterxml/jackson/core/jackson-annotations/2.10.3/jackson-annotations-2.10.3.jar:/home/user/.m2/repository/javax/annotation/javax.annotation-api/1.2/javax.annotation-api-1.2.jar:/home/user/.m2/repository/org/apache/ratis/ratis-server/0.6.0-6ab75ae-SNAPSHOT/ratis-server-0.6.0-6ab75ae-SNAPSHOT.jar:/home/user/.m2/repository/org/apache/ratis/ratis-client/0.6.0-6ab75ae-SNAPSHOT/ratis-client-0.6.0-6ab75ae-SNAPSHOT.jar:/home/user/.m2/repository/org/apache/ratis/ratis-metrics/0.6.0-6ab75ae-SNAPSHOT/ratis-metrics-0.6.0-6ab75ae-SNAPSHOT.jar:/home/user/.m2/repository/org/apache/ratis/ratis-netty/0.6.0-6ab75ae-SNAPSHOT/ratis-netty-0.6.0-6ab75ae-SNAPSHOT.jar:/home/user/.m2/repository/org/apache/ratis/ratis-grpc/0.6.0-6ab75ae-SNAPSHOT/ratis-grpc-0.6.0-6ab75ae-SNAPSHOT.jar:/home/user/.m2/repository/org/apache/logging/log4j/log4j-api/2.11.0/log4j-api-2.11.0.jar:/home/user/.m2/repository/org/apache/logging/log4j/log4j-core/2.11.0/log4j-core-2.11.0.jar:/home/user/.m2/repository/com/lmax/disruptor/3.4.2/disruptor-3.4.2.jar:/home/user/.m2/repository/org/apache/commons/commons-pool2/2.6.0/commons-pool2-2.6.0.jar:/home/user/.m2/repository/org/bouncycastle/bcpkix-jdk15on/1.60/bcpkix-jdk15on-1.60.jar:/home/user/.m2/repository/commons-validator/commons-validator/1.6/commons-validator-1.6.jar:/home/user/.m2/repository/commons-digester/commons-digester/1.8.1/commons-digester-1.8.1.jar:/home/user/.m2/repository/io/jaegertracing/jaeger-client/1.2.0/jaeger-client-1.2.0.jar:/home/user/.m2/repository/io/jaegertracing/jaeger-thrift/1.2.0/jaeger-thrift-1.2.0.jar:/home/user/.m2/repository/org/apache/thrift/libthrift/0.13.0/libthrift-0.13.0.jar:/home/user/.m2/repository/com/squareup/okhttp3/okhttp/4.2.2/okhttp-4.2.2.jar:/home/user/.m2/repository/com/squareup/okio/okio/2.2.2/okio-2.2.2.jar:/home/user/.m2/repository/org/jetbrains/kotlin/kotlin-stdlib/1.3.50/kotlin-stdlib-1.3.50.jar:/home/user/.m2/repository/org/jetbrains/kotlin/kotlin-stdlib-common/1.3.50/kotlin-stdlib-common-1.3.50.jar:/home/user/.m2/repository/org/jetbrains/annotations/13.0/annotations-13.0.jar:/home/user/.m2/repository/io/jaegertracing/jaeger-core/1.2.0/jaeger-core-1.2.0.jar:/home/user/.m2/repository/io/jaegertracing/jaeger-tracerresolver/1.2.0/jaeger-tracerresolver-1.2.0.jar:/home/user/.m2/repository/io/opentracing/contrib/opentracing-tracerresolver/0.1.8/opentracing-tracerresolver-0.1.8.jar:/home/user/.m2/repository/io/opentracing/opentracing-util/0.33.0/opentracing-util-0.33.0.jar:/home/user/.m2/repository/io/opentracing/opentracing-api/0.33.0/opentracing-api-0.33.0.jar:/home/user/.m2/repository/io/opentracing/opentracing-noop/0.33.0/opentracing-noop-0.33.0.jar:/home/user/.m2/repository/org/apache/hadoop/hadoop-hdds-client/0.6.0-SNAPSHOT/hadoop-hdds-client-0.6.0-SNAPSHOT.jar:/home/user/.m2/repository/org/apache/hadoop/hadoop-hdds-test-utils/0.6.0-SNAPSHOT/hadoop-hdds-test-utils-0.6.0-SNAPSHOT.jar:/home/user/.m2/repository/com/google/guava/guava/28.2-jre/guava-28.2-jre.jar:/home/user/.m2/repository/com/google/guava/failureaccess/1.0.1/failureaccess-1.0.1.jar:/home/user/.m2/repository/com/google/guava/listenablefuture/9999.0-empty-to-avoid-conflict-with-guava/listenablefuture-9999.0-empty-to-avoid-conflict-with-guava.jar:/home/user/.m2/repository/com/google/code/findbugs/jsr305/3.0.0/jsr305-3.0.0.jar:/home/user/.m2/repository/org/checkerframework/checker-qual/2.10.0/checker-qual-2.10.0.jar:/home/user/.m2/repository/com/google/errorprone/error_prone_annotations/2.2.0/error_prone_annotations-2.2.0.jar:/home/user/.m2/repository/com/google/j2objc/j2objc-annotations/1.3/j2objc-annotations-1.3.jar:/home/user/.m2/repository/commons-io/commons-io/2.5/commons-io-2.5.jar:/home/user/.m2/repository/commons-logging/commons-logging/1.2/commons-logging-1.2.jar:/home/user/.m2/repository/log4j/log4j/1.2.17/log4j-1.2.17.jar:/home/user/.m2/repository/org/slf4j/slf4j-api/1.7.25/slf4j-api-1.7.25.jar:/home/user/.m2/repository/org/apache/hadoop/hadoop-hdds-server-scm/0.6.0-SNAPSHOT/hadoop-hdds-server-scm-0.6.0-SNAPSHOT.jar:/home/user/.m2/repository/org/apache/hadoop/hadoop-hdds-container-service/0.6.0-SNAPSHOT/hadoop-hdds-container-service-0.6.0-SNAPSHOT.jar:/home/user/.m2/repository/org/apache/hadoop/hadoop-hdds-hadoop-dependency-server/0.6.0-SNAPSHOT/hadoop-hdds-hadoop-dependency-server-0.6.0-SNAPSHOT.jar:/home/user/.m2/repository/org/apache/hadoop/hadoop-hdds-server-framework/0.6.0-SNAPSHOT/hadoop-hdds-server-framework-0.6.0-SNAPSHOT.jar:/home/user/.m2/repository/org/apache/hadoop/hadoop-hdds-interface-server/0.6.0-SNAPSHOT/hadoop-hdds-interface-server-0.6.0-SNAPSHOT.jar:/home/user/.m2/repository/org/apache/hadoop/hadoop-hdds-interface-admin/0.6.0-SNAPSHOT/hadoop-hdds-interface-admin-0.6.0-SNAPSHOT.jar:/home/user/.m2/repository/org/rocksdb/rocksdbjni/6.6.4/rocksdbjni-6.6.4.jar:/home/user/.m2/repository/io/prometheus/simpleclient_dropwizard/0.7.0/simpleclient_dropwizard-0.7.0.jar:/home/user/.m2/repository/io/prometheus/simpleclient/0.7.0/simpleclient-0.7.0.jar:/home/user/.m2/repository/io/prometheus/simpleclient_common/0.7.0/simpleclient_common-0.7.0.jar:/home/user/.m2/repository/com/fasterxml/jackson/datatype/jackson-datatype-jsr310/2.10.3/jackson-datatype-jsr310-2.10.3.jar:/home/user/.m2/repository/org/apache/hadoop/hadoop-hdds-docs/0.6.0-SNAPSHOT/hadoop-hdds-docs-0.6.0-SNAPSHOT.jar:/home/user/.m2/repository/io/dropwizard/metrics/metrics-core/3.2.4/metrics-core-3.2.4.jar:/home/user/.m2/repository/org/apache/hadoop/hadoop-hdfs-client/3.2.1/hadoop-hdfs-client-3.2.1.jar:/home/user/.m2/repository/org/bouncycastle/bcprov-jdk15on/1.60/bcprov-jdk15on-1.60.jar:/home/user/.m2/repository/org/apache/hadoop/hadoop-ozone-ozone-manager/0.6.0-SNAPSHOT/hadoop-ozone-ozone-manager-0.6.0-SNAPSHOT.jar:/home/user/.m2/repository/org/apache/hadoop/hadoop-hdds-interface-client/0.6.0-SNAPSHOT/hadoop-hdds-interface-client-0.6.0-SNAPSHOT.jar:/home/user/.m2/repository/org/apache/ratis/ratis-thirdparty-misc/0.4.0/ratis-thirdparty-misc-0.4.0.jar:/home/user/.m2/repository/org/apache/hadoop/hadoop-minikdc/3.2.1/hadoop-minikdc-3.2.1.jar:/home/user/.m2/repository/org/apache/kerby/kerb-simplekdc/1.0.1/kerb-simplekdc-1.0.1.jar:/home/user/.m2/repository/org/apache/kerby/kerb-client/1.0.1/kerb-client-1.0.1.jar:/home/user/.m2/repository/org/apache/kerby/kerby-config/1.0.1/kerby-config-1.0.1.jar:/home/user/.m2/repository/org/apache/kerby/kerb-core/1.0.1/kerb-core-1.0.1.jar:/home/user/.m2/repository/org/apache/kerby/kerby-pkix/1.0.1/kerby-pkix-1.0.1.jar:/home/user/.m2/repository/org/apache/kerby/kerby-asn1/1.0.1/kerby-asn1-1.0.1.jar:/home/user/.m2/repository/org/apache/kerby/kerby-util/1.0.1/kerby-util-1.0.1.jar:/home/user/.m2/repository/org/apache/kerby/kerb-common/1.0.1/kerb-common-1.0.1.jar:/home/user/.m2/repository/org/apache/kerby/kerb-crypto/1.0.1/kerb-crypto-1.0.1.jar:/home/user/.m2/repository/org/apache/kerby/kerb-util/1.0.1/kerb-util-1.0.1.jar:/home/user/.m2/repository/org/apache/kerby/token-provider/1.0.1/token-provider-1.0.1.jar:/home/user/.m2/repository/org/apache/kerby/kerb-admin/1.0.1/kerb-admin-1.0.1.jar:/home/user/.m2/repository/org/apache/kerby/kerb-server/1.0.1/kerb-server-1.0.1.jar:/home/user/.m2/repository/org/apache/kerby/kerb-identity/1.0.1/kerb-identity-1.0.1.jar:/home/user/.m2/repository/org/apache/kerby/kerby-xdr/1.0.1/kerby-xdr-1.0.1.jar:/home/user/.m2/repository/org/slf4j/slf4j-log4j12/1.7.25/slf4j-log4j12-1.7.25.jar:/home/user/.m2/repository/org/apache/hadoop/hadoop-ozone-s3gateway/0.6.0-SNAPSHOT/hadoop-ozone-s3gateway-0.6.0-SNAPSHOT.jar:/home/user/.m2/repository/org/jboss/weld/servlet/weld-servlet/2.4.7.Final/weld-servlet-2.4.7.Final.jar:/home/user/.m2/repository/org/glassfish/jersey/containers/jersey-container-servlet-core/2.27/jersey-container-servlet-core-2.27.jar:/home/user/.m2/repository/org/glassfish/hk2/external/javax.inject/2.5.0-b42/javax.inject-2.5.0-b42.jar:/home/user/.m2/repository/org/glassfish/jersey/core/jersey-common/2.27/jersey-common-2.27.jar:/home/user/.m2/repository/org/glassfish/hk2/osgi-resource-locator/1.0.1/osgi-resource-locator-1.0.1.jar:/home/user/.m2/repository/javax/ws/rs/javax.ws.rs-api/2.1/javax.ws.rs-api-2.1.jar:/home/user/.m2/repository/org/glassfish/jersey/ext/cdi/jersey-cdi1x/2.27/jersey-cdi1x-2.27.jar:/home/user/.m2/repository/org/glassfish/jersey/inject/jersey-hk2/2.27/jersey-hk2-2.27.jar:/home/user/.m2/repository/org/glassfish/hk2/hk2-locator/2.5.0-b42/hk2-locator-2.5.0-b42.jar:/home/user/.m2/repository/org/javassist/javassist/3.22.0-CR2/javassist-3.22.0-CR2.jar:/home/user/.m2/repository/org/glassfish/hk2/hk2-api/2.5.0/hk2-api-2.5.0.jar:/home/user/.m2/repository/org/glassfish/hk2/external/jakarta.inject/2.5.0/jakarta.inject-2.5.0.jar:/home/user/.m2/repository/org/glassfish/hk2/hk2-utils/2.5.0/hk2-utils-2.5.0.jar:/home/user/.m2/repository/jakarta/annotation/jakarta.annotation-api/1.3.4/jakarta.annotation-api-1.3.4.jar:/home/user/.m2/repository/org/glassfish/hk2/external/aopalliance-repackaged/2.5.0/aopalliance-repackaged-2.5.0.jar:/home/user/.m2/repository/com/fasterxml/jackson/dataformat/jackson-dataformat-xml/2.10.3/jackson-dataformat-xml-2.10.3.jar:/home/user/.m2/repository/com/fasterxml/jackson/core/jackson-core/2.10.3/jackson-core-2.10.3.jar:/home/user/.m2/repository/com/fasterxml/jackson/module/jackson-module-jaxb-annotations/2.10.3/jackson-module-jaxb-annotations-2.10.3.jar:/home/user/.m2/repository/jakarta/xml/bind/jakarta.xml.bind-api/2.3.2/jakarta.xml.bind-api-2.3.2.jar:/home/user/.m2/repository/jakarta/activation/jakarta.activation-api/1.2.1/jakarta.activation-api-1.2.1.jar:/home/user/.m2/repository/org/codehaus/woodstox/stax2-api/3.1.4/stax2-api-3.1.4.jar:/home/user/.m2/repository/com/fasterxml/woodstox/woodstox-core/5.0.3/woodstox-core-5.0.3.jar:/home/user/.m2/repository/javax/enterprise/cdi-api/1.2/cdi-api-1.2.jar:/home/user/.m2/repository/javax/el/javax.el-api/3.0.0/javax.el-api-3.0.0.jar:/home/user/.m2/repository/javax/interceptor/javax.interceptor-api/1.2/javax.interceptor-api-1.2.jar:/home/user/.m2/repository/javax/inject/javax.inject/1/javax.inject-1.jar:/home/user/.m2/repository/com/sun/xml/bind/jaxb-impl/2.3.0.1/jaxb-impl-2.3.0.1.jar:/home/user/.m2/repository/com/sun/xml/bind/jaxb-core/2.3.0.1/jaxb-core-2.3.0.1.jar:/home/user/.m2/repository/javax/xml/bind/jaxb-api/2.3.0/jaxb-api-2.3.0.jar:/home/user/.m2/repository/javax/activation/activation/1.1.1/activation-1.1.1.jar:/home/user/.m2/repository/org/apache/hadoop/hadoop-ozone-csi/0.6.0-SNAPSHOT/hadoop-ozone-csi-0.6.0-SNAPSHOT.jar:/home/user/.m2/repository/com/google/protobuf/protobuf-java-util/3.11.0/protobuf-java-util-3.11.0.jar:/home/user/.m2/repository/com/google/code/gson/gson/2.2.4/gson-2.2.4.jar:/home/user/.m2/repository/org/apache/hadoop/hadoop-hdds-config/0.6.0-SNAPSHOT/hadoop-hdds-config-0.6.0-SNAPSHOT.jar:/home/user/.m2/repository/com/google/protobuf/protobuf-java/2.5.0/protobuf-java-2.5.0.jar:/home/user/.m2/repository/io/grpc/grpc-netty/1.29.0/grpc-netty-1.29.0.jar:/home/user/.m2/repository/io/grpc/grpc-core/1.29.0/grpc-core-1.29.0.jar:/home/user/.m2/repository/com/google/android/annotations/4.1.1.4/annotations-4.1.1.4.jar:/home/user/.m2/repository/io/perfmark/perfmark-api/0.19.0/perfmark-api-0.19.0.jar:/home/user/.m2/repository/io/netty/netty-codec-http2/4.1.48.Final/netty-codec-http2-4.1.48.Final.jar:/home/user/.m2/repository/io/netty/netty-codec/4.1.48.Final/netty-codec-4.1.48.Final.jar:/home/user/.m2/repository/io/netty/netty-handler/4.1.48.Final/netty-handler-4.1.48.Final.jar:/home/user/.m2/repository/io/netty/netty-codec-http/4.1.48.Final/netty-codec-http-4.1.48.Final.jar:/home/user/.m2/repository/io/netty/netty-handler-proxy/4.1.48.Final/netty-handler-proxy-4.1.48.Final.jar:/home/user/.m2/repository/io/netty/netty-codec-socks/4.1.48.Final/netty-codec-socks-4.1.48.Final.jar:/home/user/.m2/repository/io/netty/netty-transport-native-epoll/4.1.48.Final/netty-transport-native-epoll-4.1.48.Final.jar:/home/user/.m2/repository/io/netty/netty-common/4.1.48.Final/netty-common-4.1.48.Final.jar:/home/user/.m2/repository/io/netty/netty-buffer/4.1.48.Final/netty-buffer-4.1.48.Final.jar:/home/user/.m2/repository/io/netty/netty-transport/4.1.48.Final/netty-transport-4.1.48.Final.jar:/home/user/.m2/repository/io/netty/netty-resolver/4.1.48.Final/netty-resolver-4.1.48.Final.jar:/home/user/.m2/repository/io/netty/netty-transport-native-unix-common/4.1.48.Final/netty-transport-native-unix-common-4.1.48.Final.jar:/home/user/.m2/repository/io/grpc/grpc-protobuf/1.29.0/grpc-protobuf-1.29.0.jar:/home/user/.m2/repository/io/grpc/grpc-api/1.29.0/grpc-api-1.29.0.jar:/home/user/.m2/repository/io/grpc/grpc-context/1.29.0/grpc-context-1.29.0.jar:/home/user/.m2/repository/org/codehaus/mojo/animal-sniffer-annotations/1.18/animal-sniffer-annotations-1.18.jar:/home/user/.m2/repository/com/google/api/grpc/proto-google-common-protos/1.17.0/proto-google-common-protos-1.17.0.jar:/home/user/.m2/repository/io/grpc/grpc-protobuf-lite/1.29.0/grpc-protobuf-lite-1.29.0.jar:/home/user/.m2/repository/io/grpc/grpc-stub/1.29.0/grpc-stub-1.29.0.jar:/home/user/.m2/repository/org/apache/hadoop/hadoop-ozone-recon/0.6.0-SNAPSHOT/hadoop-ozone-recon-0.6.0-SNAPSHOT.jar:/home/user/.m2/repository/org/apache/hadoop/hadoop-ozone-reconcodegen/0.6.0-SNAPSHOT/hadoop-ozone-reconcodegen-0.6.0-SNAPSHOT.jar:/home/user/.m2/repository/com/google/inject/extensions/guice-multibindings/4.0/guice-multibindings-4.0.jar:/home/user/.m2/repository/com/google/inject/guice/4.0/guice-4.0.jar:/home/user/.m2/repository/aopalliance/aopalliance/1.0/aopalliance-1.0.jar:/home/user/.m2/repository/com/google/inject/extensions/guice-assistedinject/4.0/guice-assistedinject-4.0.jar:/home/user/.m2/repository/com/google/inject/extensions/guice-servlet/4.0/guice-servlet-4.0.jar:/home/user/.m2/repository/org/glassfish/jersey/containers/jersey-container-servlet/2.27/jersey-container-servlet-2.27.jar:/home/user/.m2/repository/org/glassfish/hk2/guice-bridge/2.5.0/guice-bridge-2.5.0.jar:/home/user/.m2/repository/org/glassfish/jersey/core/jersey-server/2.27/jersey-server-2.27.jar:/home/user/.m2/repository/org/glassfish/jersey/core/jersey-client/2.27/jersey-client-2.27.jar:/home/user/.m2/repository/org/glassfish/jersey/media/jersey-media-jaxb/2.27/jersey-media-jaxb-2.27.jar:/home/user/.m2/repository/javax/validation/validation-api/1.1.0.Final/validation-api-1.1.0.Final.jar:/home/user/.m2/repository/org/glassfish/jersey/media/jersey-media-json-jackson/2.27/jersey-media-json-jackson-2.27.jar:/home/user/.m2/repository/org/glassfish/jersey/ext/jersey-entity-filtering/2.27/jersey-entity-filtering-2.27.jar:/home/user/.m2/repository/org/jooq/jooq/3.11.10/jooq-3.11.10.jar:/home/user/.m2/repository/org/jooq/jooq-meta/3.11.10/jooq-meta-3.11.10.jar:/home/user/.m2/repository/org/jooq/jooq-codegen/3.11.10/jooq-codegen-3.11.10.jar:/home/user/.m2/repository/com/jolbox/bonecp/0.8.0.RELEASE/bonecp-0.8.0.RELEASE.jar:/home/user/.m2/repository/org/apache/derby/derby/10.14.2.0/derby-10.14.2.0.jar:/home/user/.m2/repository/org/xerial/sqlite-jdbc/3.25.2/sqlite-jdbc-3.25.2.jar:/home/user/.m2/repository/org/springframework/spring-jdbc/5.2.5.RELEASE/spring-jdbc-5.2.5.RELEASE.jar:/home/user/.m2/repository/org/springframework/spring-beans/5.2.5.RELEASE/spring-beans-5.2.5.RELEASE.jar:/home/user/.m2/repository/org/springframework/spring-core/5.2.5.RELEASE/spring-core-5.2.5.RELEASE.jar:/home/user/.m2/repository/org/springframework/spring-jcl/5.2.5.RELEASE/spring-jcl-5.2.5.RELEASE.jar:/home/user/.m2/repository/org/springframework/spring-tx/5.2.5.RELEASE/spring-tx-5.2.5.RELEASE.jar:/home/user/.m2/repository/org/apache/hadoop/hadoop-ozone-client/0.6.0-SNAPSHOT/hadoop-ozone-client-0.6.0-SNAPSHOT.jar:/home/user/.m2/repository/org/apache/hadoop/hadoop-ozone-filesystem/0.6.0-SNAPSHOT/hadoop-ozone-filesystem-0.6.0-SNAPSHOT.jar:/home/user/.m2/repository/org/apache/hadoop/hadoop-ozone-filesystem-common/0.6.0-SNAPSHOT/hadoop-ozone-filesystem-common-0.6.0-SNAPSHOT.jar:/home/user/.m2/repository/org/apache/hadoop/hadoop-ozone-tools/0.6.0-SNAPSHOT/hadoop-ozone-tools-0.6.0-SNAPSHOT.jar:/home/user/.m2/repository/org/apache/hadoop/hadoop-hdfs/3.2.1/hadoop-hdfs-3.2.1.jar:/home/user/.m2/repository/org/apache/ratis/ratis-tools/0.6.0-6ab75ae-SNAPSHOT/ratis-tools-0.6.0-6ab75ae-SNAPSHOT.jar:/home/user/.m2/repository/org/apache/ratis/ratis-proto/0.6.0-6ab75ae-SNAPSHOT/ratis-proto-0.6.0-6ab75ae-SNAPSHOT.jar:/home/user/.m2/repository/org/apache/ratis/ratis-common/0.6.0-6ab75ae-SNAPSHOT/ratis-common-0.6.0-6ab75ae-SNAPSHOT.jar:/home/user/.m2/repository/com/amazonaws/aws-java-sdk-core/1.11.615/aws-java-sdk-core-1.11.615.jar:/home/user/.m2/repository/org/apache/httpcomponents/httpclient/4.5.2/httpclient-4.5.2.jar:/home/user/.m2/repository/org/apache/httpcomponents/httpcore/4.4.4/httpcore-4.4.4.jar:/home/user/.m2/repository/software/amazon/ion/ion-java/1.0.2/ion-java-1.0.2.jar:/home/user/.m2/repository/com/fasterxml/jackson/dataformat/jackson-dataformat-cbor/2.10.3/jackson-dataformat-cbor-2.10.3.jar:/home/user/.m2/repository/joda-time/joda-time/2.8.1/joda-time-2.8.1.jar:/home/user/.m2/repository/com/amazonaws/aws-java-sdk-s3/1.11.615/aws-java-sdk-s3-1.11.615.jar:/home/user/.m2/repository/com/amazonaws/aws-java-sdk-kms/1.11.615/aws-java-sdk-kms-1.11.615.jar:/home/user/.m2/repository/com/amazonaws/jmespath-java/1.11.615/jmespath-java-1.11.615.jar:/home/user/.m2/repository/org/apache/hadoop/hadoop-hdds-tools/0.6.0-SNAPSHOT/hadoop-hdds-tools-0.6.0-SNAPSHOT.jar:/home/user/.m2/repository/commons-cli/commons-cli/1.2/commons-cli-1.2.jar:/home/user/.m2/repository/org/apache/commons/commons-lang3/3.7/commons-lang3-3.7.jar:/home/user/.m2/repository/org/apache/hadoop/hadoop-ozone-ozone-manager/0.6.0-SNAPSHOT/hadoop-ozone-ozone-manager-0.6.0-SNAPSHOT-tests.jar:/home/user/.m2/repository/junit/junit/4.11/junit-4.11.jar:/home/user/.m2/repository/org/hamcrest/hamcrest-core/1.3/hamcrest-core-1.3.jar:/home/user/.m2/repository/org/openjdk/jmh/jmh-core/1.19/jmh-core-1.19.jar:/home/user/.m2/repository/net/sf/jopt-simple/jopt-simple/4.6/jopt-simple-4.6.jar:/home/user/.m2/repository/org/apache/commons/commons-math3/3.1.1/commons-math3-3.1.1.jar:/home/user/.m2/repository/org/openjdk/jmh/jmh-generator-annprocess/1.19/jmh-generator-annprocess-1.19.jar:/home/user/.m2/repository/org/mockito/mockito-all/1.8.5/mockito-all-1.8.5.jar:/home/user/.m2/repository/org/apache/hadoop/hadoop-kms/3.2.1/hadoop-kms-3.2.1.jar:/home/user/.m2/repository/org/apache/hadoop/hadoop-auth/3.2.1/hadoop-auth-3.2.1.jar:/home/user/.m2/repository/com/nimbusds/nimbus-jose-jwt/7.9/nimbus-jose-jwt-7.9.jar:/home/user/.m2/repository/com/github/stephenc/jcip/jcip-annotations/1.0-1/jcip-annotations-1.0-1.jar:/home/user/.m2/repository/net/minidev/json-smart/2.3/json-smart-2.3.jar:/home/user/.m2/repository/net/minidev/accessors-smart/1.2/accessors-smart-1.2.jar:/home/user/.m2/repository/org/ow2/asm/asm/5.0.4/asm-5.0.4.jar:/home/user/.m2/repository/org/apache/zookeeper/zookeeper/3.4.13/zookeeper-3.4.13.jar:/home/user/.m2/repository/org/apache/yetus/audience-annotations/0.5.0/audience-annotations-0.5.0.jar:/home/user/.m2/repository/org/apache/curator/curator-framework/2.13.0/curator-framework-2.13.0.jar:/home/user/.m2/repository/com/sun/jersey/jersey-core/1.19/jersey-core-1.19.jar:/home/user/.m2/repository/javax/ws/rs/jsr311-api/1.1.1/jsr311-api-1.1.1.jar:/home/user/.m2/repository/com/sun/jersey/jersey-server/1.19/jersey-server-1.19.jar:/home/user/.m2/repository/javax/servlet/javax.servlet-api/3.1.0/javax.servlet-api-3.1.0.jar:/home/user/.m2/repository/org/eclipse/jetty/jetty-server/9.4.26.v20200117/jetty-server-9.4.26.v20200117.jar:/home/user/.m2/repository/org/eclipse/jetty/jetty-http/9.4.26.v20200117/jetty-http-9.4.26.v20200117.jar:/home/user/.m2/repository/org/eclipse/jetty/jetty-io/9.4.26.v20200117/jetty-io-9.4.26.v20200117.jar:/home/user/.m2/repository/org/eclipse/jetty/jetty-webapp/9.4.26.v20200117/jetty-webapp-9.4.26.v20200117.jar:/home/user/.m2/repository/org/eclipse/jetty/jetty-xml/9.4.26.v20200117/jetty-xml-9.4.26.v20200117.jar:/home/user/.m2/repository/org/eclipse/jetty/jetty-servlet/9.4.26.v20200117/jetty-servlet-9.4.26.v20200117.jar:/home/user/.m2/repository/org/eclipse/jetty/jetty-security/9.4.26.v20200117/jetty-security-9.4.26.v20200117.jar:/home/user/.m2/repository/org/apache/hadoop/hadoop-common/3.2.1/hadoop-common-3.2.1.jar:/home/user/.m2/repository/commons-net/commons-net/3.6/commons-net-3.6.jar:/home/user/.m2/repository/commons-collections/commons-collections/3.2.2/commons-collections-3.2.2.jar:/home/user/.m2/repository/com/sun/jersey/jersey-servlet/1.19/jersey-servlet-1.19.jar:/home/user/.m2/repository/com/sun/jersey/jersey-json/1.19/jersey-json-1.19.jar:/home/user/.m2/repository/org/codehaus/jettison/jettison/1.1/jettison-1.1.jar:/home/user/.m2/repository/org/codehaus/jackson/jackson-jaxrs/1.9.2/jackson-jaxrs-1.9.2.jar:/home/user/.m2/repository/org/codehaus/jackson/jackson-xc/1.9.2/jackson-xc-1.9.2.jar:/home/user/.m2/repository/commons-beanutils/commons-beanutils/1.9.4/commons-beanutils-1.9.4.jar:/home/user/.m2/repository/org/apache/commons/commons-configuration2/2.1.1/commons-configuration2-2.1.1.jar:/home/user/.m2/repository/org/apache/commons/commons-text/1.4/commons-text-1.4.jar:/home/user/.m2/repository/com/google/re2j/re2j/1.1/re2j-1.1.jar:/home/user/.m2/repository/com/jcraft/jsch/0.1.54/jsch-0.1.54.jar:/home/user/.m2/repository/org/apache/curator/curator-client/2.13.0/curator-client-2.13.0.jar:/home/user/.m2/repository/org/apache/curator/curator-recipes/2.13.0/curator-recipes-2.13.0.jar:/home/user/.m2/repository/dnsjava/dnsjava/2.1.7/dnsjava-2.1.7.jar:/home/user/.m2/repository/org/slf4j/jul-to-slf4j/1.7.25/jul-to-slf4j-1.7.25.jar:/home/user/.m2/repository/org/eclipse/jetty/jetty-util/9.4.26.v20200117/jetty-util-9.4.26.v20200117.jar:/home/user/.m2/repository/com/fasterxml/jackson/core/jackson-databind/2.10.3/jackson-databind-2.10.3.jar:/home/user/.m2/repository/org/apache/hadoop/hadoop-kms/3.2.1/hadoop-kms-3.2.1-tests.jar:/home/user/.m2/repository/org/apache/hadoop/hadoop-hdds-server-scm/0.6.0-SNAPSHOT/hadoop-hdds-server-scm-0.6.0-SNAPSHOT-tests.jar:/home/user/.m2/repository/org/apache/hadoop/hadoop-hdds-container-service/0.6.0-SNAPSHOT/hadoop-hdds-container-service-0.6.0-SNAPSHOT-tests.jar:/home/user/.m2/repository/org/apache/hadoop/hadoop-hdds-common/0.6.0-SNAPSHOT/hadoop-hdds-common-0.6.0-SNAPSHOT-tests.jar:/home/user/.m2/repository/org/yaml/snakeyaml/1.16/snakeyaml-1.16.jar:/home/user/.m2/repository/org/apache/hadoop/hadoop-hdds-hadoop-dependency-test/0.6.0-SNAPSHOT/hadoop-hdds-hadoop-dependency-test-0.6.0-SNAPSHOT.jar:/home/user/.m2/repository/org/apache/hadoop/hadoop-common/3.2.1/hadoop-common-3.2.1-tests.jar:/home/user/.m2/repository/javax/servlet/jsp/jsp-api/2.1/jsp-api-2.1.jar:/home/user/.m2/repository/org/apache/hadoop/hadoop-hdfs/3.2.1/hadoop-hdfs-3.2.1-tests.jar:/home/user/.m2/repository/org/eclipse/jetty/jetty-util-ajax/9.4.26.v20200117/jetty-util-ajax-9.4.26.v20200117.jar:/home/user/.m2/repository/commons-codec/commons-codec/1.11/commons-codec-1.11.jar:/home/user/.m2/repository/commons-daemon/commons-daemon/1.0.13/commons-daemon-1.0.13.jar:/home/user/.m2/repository/io/netty/netty/3.10.5.Final/netty-3.10.5.Final.jar:/home/user/.m2/repository/io/netty/netty-all/4.1.48.Final/netty-all-4.1.48.Final.jar:/home/user/.m2/repository/org/apache/htrace/htrace-core4/4.1.0-incubating/htrace-core4-4.1.0-incubating.jar:/home/user/.m2/repository/org/fusesource/leveldbjni/leveldbjni-all/1.8/leveldbjni-all-1.8.jar:/home/user/.m2/repository/org/apache/hadoop/hadoop-distcp/3.2.1/hadoop-distcp-3.2.1.jar:/home/user/.m2/repository/org/apache/hadoop/hadoop-mapreduce-client-jobclient/3.2.1/hadoop-mapreduce-client-jobclient-3.2.1.jar:/home/user/.m2/repository/org/apache/hadoop/hadoop-mapreduce-client-common/3.2.1/hadoop-mapreduce-client-common-3.2.1.jar:/home/user/.m2/repository/org/apache/hadoop/hadoop-yarn-common/3.2.1/hadoop-yarn-common-3.2.1.jar:/home/user/.m2/repository/org/apache/hadoop/hadoop-yarn-api/3.2.1/hadoop-yarn-api-3.2.1.jar:/home/user/.m2/repository/com/sun/jersey/jersey-client/1.19/jersey-client-1.19.jar:/home/user/.m2/repository/com/sun/jersey/contribs/jersey-guice/1.19/jersey-guice-1.19.jar:/home/user/.m2/repository/com/fasterxml/jackson/jaxrs/jackson-jaxrs-json-provider/2.10.3/jackson-jaxrs-json-provider-2.10.3.jar:/home/user/.m2/repository/com/fasterxml/jackson/jaxrs/jackson-jaxrs-base/2.10.3/jackson-jaxrs-base-2.10.3.jar:/home/user/.m2/repository/org/apache/hadoop/hadoop-yarn-client/3.2.1/hadoop-yarn-client-3.2.1.jar:/home/user/.m2/repository/org/apache/hadoop/hadoop-mapreduce-client-core/3.2.1/hadoop-mapreduce-client-core-3.2.1.jar:/home/user/.m2/repository/org/apache/avro/avro/1.7.7/avro-1.7.7.jar:/home/user/.m2/repository/org/codehaus/jackson/jackson-core-asl/1.9.13/jackson-core-asl-1.9.13.jar:/home/user/.m2/repository/org/codehaus/jackson/jackson-mapper-asl/1.9.13/jackson-mapper-asl-1.9.13.jar:/home/user/.m2/repository/com/thoughtworks/paranamer/paranamer/2.3/paranamer-2.3.jar:/home/user/.m2/repository/org/xerial/snappy/snappy-java/1.0.5/snappy-java-1.0.5.jar:/home/user/.m2/repository/org/apache/hadoop/hadoop-annotations/3.2.1/hadoop-annotations-3.2.1.jar:/usr/lib/jvm/java-1.8.0-openjdk-1.8.0.232.b09-0.el7_7.x86_64/jre/../lib/tools.jar:/home/user/.m2/repository/org/apache/hadoop/hadoop-distcp/3.2.1/hadoop-distcp-3.2.1-tests.jar:"/>
    <property name="sun.cpu.endian" value="little"/>
    <property name="user.home" value="/home/user"/>
    <property name="user.language" value="en"/>
    <property name="java.specification.vendor" value="Oracle Corporation"/>
    <property name="java.home" value="/usr/lib/jvm/java-1.8.0-openjdk-1.8.0.232.b09-0.el7_7.x86_64/jre"/>
    <property name="java.security.krb5.conf" value="/github/workspace/mnt/ozone/hadoop-ozone/integration-test/target/test-classes/krb5.conf"/>
    <property name="basedir" value="/github/workspace/mnt/ozone/hadoop-ozone/integration-test"/>
    <property name="file.separator" value="/"/>
    <property name="line.separator" value="&#10;"/>
    <property name="java.vm.specification.vendor" value="Oracle Corporation"/>
    <property name="java.specification.name" value="Java Platform API Specification"/>
    <property name="java.awt.graphicsenv" value="sun.awt.X11GraphicsEnvironment"/>
    <property name="surefire.real.class.path" value="/github/workspace/mnt/ozone/hadoop-ozone/integration-test/target/surefire/surefirebooter9059965107621584789.jar:/home/user/.m2/repository/org/jacoco/org.jacoco.agent/0.8.5/org.jacoco.agent-0.8.5-runtime.jar"/>
    <property name="hadoop.log.dir" value="/github/workspace/mnt/ozone/hadoop-ozone/integration-test/target/log"/>
    <property name="sun.boot.class.path" value="/usr/lib/jvm/java-1.8.0-openjdk-1.8.0.232.b09-0.el7_7.x86_64/jre/lib/resources.jar:/usr/lib/jvm/java-1.8.0-openjdk-1.8.0.232.b09-0.el7_7.x86_64/jre/lib/rt.jar:/usr/lib/jvm/java-1.8.0-openjdk-1.8.0.232.b09-0.el7_7.x86_64/jre/lib/sunrsasign.jar:/usr/lib/jvm/java-1.8.0-openjdk-1.8.0.232.b09-0.el7_7.x86_64/jre/lib/jsse.jar:/usr/lib/jvm/java-1.8.0-openjdk-1.8.0.232.b09-0.el7_7.x86_64/jre/lib/jce.jar:/usr/lib/jvm/java-1.8.0-openjdk-1.8.0.232.b09-0.el7_7.x86_64/jre/lib/charsets.jar:/usr/lib/jvm/java-1.8.0-openjdk-1.8.0.232.b09-0.el7_7.x86_64/jre/lib/jfr.jar:/usr/lib/jvm/java-1.8.0-openjdk-1.8.0.232.b09-0.el7_7.x86_64/jre/classes"/>
    <property name="sun.management.compiler" value="HotSpot 64-Bit Tiered Compilers"/>
    <property name="java.runtime.version" value="1.8.0_232-b09"/>
    <property name="java.net.preferIPv4Stack" value="true"/>
    <property name="user.name" value="jenkins1001"/>
    <property name="path.separator" value=":"/>
    <property name="java.security.egd" value="file:///dev/urandom"/>
    <property name="os.version" value="5.3.0-1020-azure"/>
    <property name="java.endorsed.dirs" value="/usr/lib/jvm/java-1.8.0-openjdk-1.8.0.232.b09-0.el7_7.x86_64/jre/lib/endorsed"/>
    <property name="java.runtime.name" value="OpenJDK Runtime Environment"/>
    <property name="file.encoding" value="ANSI_X3.4-1968"/>
    <property name="java.vm.name" value="OpenJDK 64-Bit Server VM"/>
    <property name="test.build.webapps" value=""/>
    <property name="localRepository" value="/home/user/.m2/repository"/>
    <property name="java.vendor.url.bug" value="http://bugreport.sun.com/bugreport/"/>
    <property name="java.io.tmpdir" value="/tmp"/>
    <property name="require.test.libhadoop" value=""/>
    <property name="java.version" value="1.8.0_232"/>
    <property name="user.dir" value="/github/workspace/mnt/ozone/hadoop-ozone/integration-test"/>
    <property name="os.arch" value="amd64"/>
    <property name="java.vm.specification.name" value="Java Virtual Machine Specification"/>
    <property name="test.build.classes" value="/github/workspace/mnt/ozone/hadoop-ozone/integration-test/target/test-classes"/>
    <property name="java.awt.printerjob" value="sun.print.PSPrinterJob"/>
    <property name="sun.os.patch.level" value="unknown"/>
    <property name="hadoop.tmp.dir" value="/github/workspace/mnt/ozone/hadoop-ozone/integration-test/target/tmp"/>
    <property name="java.library.path" value="/usr/lib:/usr/java/packages/lib/amd64:/usr/lib64:/lib64:/lib:/usr/lib"/>
    <property name="java.vm.info" value="mixed mode"/>
    <property name="java.vendor" value="Oracle Corporation"/>
    <property name="java.vm.version" value="25.232-b09"/>
    <property name="java.ext.dirs" value="/usr/lib/jvm/java-1.8.0-openjdk-1.8.0.232.b09-0.el7_7.x86_64/jre/lib/ext:/usr/java/packages/lib/ext"/>
    <property name="sun.io.unicode.encoding" value="UnicodeLittle"/>
    <property name="java.class.version" value="52.0"/>
  </properties>
  <testcase name="testMultipartUpload" classname="org.apache.hadoop.ozone.om.TestOzoneManagerHAWithData" time="28.341"/>
  <testcase name="testOMRatisSnapshot" classname="org.apache.hadoop.ozone.om.TestOzoneManagerHAWithData" time="25.057"/>
  <testcase name="testFileOperationsWithRecursive" classname="org.apache.hadoop.ozone.om.TestOzoneManagerHAWithData" time="23.545"/>
  <testcase name="testMultipartUploadWithOneOmNodeDown" classname="org.apache.hadoop.ozone.om.TestOzoneManagerHAWithData" time="27.743"/>
  <testcase name="testAllOMNodesRunning" classname="org.apache.hadoop.ozone.om.TestOzoneManagerHAWithData" time="24.222"/>
  <testcase name="testIncrementalWaitTimeWithSameNodeFailover" classname="org.apache.hadoop.ozone.om.TestOzoneManagerHAWithData" time="28.332"/>
  <testcase name="testListParts" classname="org.apache.hadoop.ozone.om.TestOzoneManagerHAWithData" time="28.452"/>
  <testcase name="testFileOperationsWithNonRecursive" classname="org.apache.hadoop.ozone.om.TestOzoneManagerHAWithData" time="23.55"/>
  <testcase name="testOneOMNodeDown" classname="org.apache.hadoop.ozone.om.TestOzoneManagerHAWithData" time="28.261"/>
  <testcase name="testTwoOMNodesDown" classname="org.apache.hadoop.ozone.om.TestOzoneManagerHAWithData" time="0">
    <skipped message="This test is failing randomly. It will be enabled after fixing it."/>
  </testcase>
  <testcase name="testOMRestart" classname="org.apache.hadoop.ozone.om.TestOzoneManagerHAWithData" time="300.017">
    <error message="test timed out after 300000 milliseconds" type="java.lang.Exception">java.lang.Exception: test timed out after 300000 milliseconds
	at java.lang.Object.wait(Native Method)
	at java.lang.Object.wait(Object.java:502)
	at org.apache.hadoop.util.concurrent.AsyncGet$Util.wait(AsyncGet.java:59)
	at org.apache.hadoop.ipc.Client.getRpcResponse(Client.java:1533)
	at org.apache.hadoop.ipc.Client.call(Client.java:1491)
	at org.apache.hadoop.ipc.Client.call(Client.java:1388)
	at org.apache.hadoop.ipc.ProtobufRpcEngine$Invoker.invoke(ProtobufRpcEngine.java:233)
	at org.apache.hadoop.ipc.ProtobufRpcEngine$Invoker.invoke(ProtobufRpcEngine.java:118)
	at com.sun.proxy.$Proxy39.submitRequest(Unknown Source)
	at sun.reflect.GeneratedMethodAccessor40.invoke(Unknown Source)
	at sun.reflect.DelegatingMethodAccessorImpl.invoke(DelegatingMethodAccessorImpl.java:43)
	at java.lang.reflect.Method.invoke(Method.java:498)
	at org.apache.hadoop.io.retry.RetryInvocationHandler.invokeMethod(RetryInvocationHandler.java:422)
	at org.apache.hadoop.io.retry.RetryInvocationHandler$Call.invokeMethod(RetryInvocationHandler.java:165)
	at org.apache.hadoop.io.retry.RetryInvocationHandler$Call.invoke(RetryInvocationHandler.java:157)
	at org.apache.hadoop.io.retry.RetryInvocationHandler$Call.invokeOnce(RetryInvocationHandler.java:95)
	at org.apache.hadoop.io.retry.RetryInvocationHandler.invoke(RetryInvocationHandler.java:359)
	at com.sun.proxy.$Proxy39.submitRequest(Unknown Source)
	at org.apache.hadoop.ozone.om.protocolPB.Hadoop3OmTransport.submitRequest(Hadoop3OmTransport.java:86)
	at org.apache.hadoop.ozone.om.protocolPB.OzoneManagerProtocolClientSideTranslatorPB.submitRequest(OzoneManagerProtocolClientSideTranslatorPB.java:209)
	at org.apache.hadoop.ozone.om.protocolPB.OzoneManagerProtocolClientSideTranslatorPB.openKey(OzoneManagerProtocolClientSideTranslatorPB.java:580)
	at org.apache.hadoop.ozone.client.rpc.RpcClient.createKey(RpcClient.java:669)
	at org.apache.hadoop.ozone.client.OzoneBucket.createKey(OzoneBucket.java:326)
	at org.apache.hadoop.ozone.om.TestOzoneManagerHA.createKey(TestOzoneManagerHA.java:170)
	at org.apache.hadoop.ozone.om.TestOzoneManagerHAWithData.testOMRestart(TestOzoneManagerHAWithData.java:566)
	at sun.reflect.NativeMethodAccessorImpl.invoke0(Native Method)
	at sun.reflect.NativeMethodAccessorImpl.invoke(NativeMethodAccessorImpl.java:62)
	at sun.reflect.DelegatingMethodAccessorImpl.invoke(DelegatingMethodAccessorImpl.java:43)
	at java.lang.reflect.Method.invoke(Method.java:498)
	at org.junit.runners.model.FrameworkMethod$1.runReflectiveCall(FrameworkMethod.java:47)
	at org.junit.internal.runners.model.ReflectiveCallable.run(ReflectiveCallable.java:12)
	at org.junit.runners.model.FrameworkMethod.invokeExplosively(FrameworkMethod.java:44)
	at org.junit.internal.runners.statements.InvokeMethod.evaluate(InvokeMethod.java:17)
	at org.junit.internal.runners.statements.RunBefores.evaluate(RunBefores.java:26)
	at org.junit.internal.runners.statements.RunAfters.evaluate(RunAfters.java:27)
	at org.junit.rules.ExpectedException$ExpectedExceptionStatement.evaluate(ExpectedException.java:168)
	at org.junit.internal.runners.statements.FailOnTimeout$StatementThread.run(FailOnTimeout.java:74)
</error>
    <system-out><![CDATA[2020-06-09 10:47:28,913 [Thread-3976] WARN  server.ServerUtils (ServerUtils.java:getScmDbDir(148)) - ozone.scm.db.dirs is not configured. We recommend adding this setting. Falling back to ozone.metadata.dirs instead.
2020-06-09 10:47:28,915 [Thread-3976] WARN  server.ServerUtils (ServerUtils.java:getScmDbDir(148)) - ozone.scm.db.dirs is not configured. We recommend adding this setting. Falling back to ozone.metadata.dirs instead.
2020-06-09 10:47:28,915 [Thread-3976] WARN  db.DBStoreBuilder (DBStoreBuilder.java:createDBStoreBuilder(277)) - ozone.scm.db.dirs is not configured. We recommend adding this setting. Falling back to ozone.metadata.dirs instead.
2020-06-09 10:47:28,950 [Thread-3976] INFO  net.NodeSchemaLoader (NodeSchemaLoader.java:loadSchemaFromFile(126)) - Loading file from sun.misc.CompoundEnumeration@5c4a281f
2020-06-09 10:47:28,950 [Thread-3976] INFO  net.NodeSchemaLoader (NodeSchemaLoader.java:loadSchema(172)) - Loading network topology layer schema file
2020-06-09 10:47:28,953 [Thread-3976] WARN  server.ServerUtils (ServerUtils.java:sanitizeUserArgs(73)) - ozone.scm.stale.node.interval value = 300000 is larger than max = 100000 based on the key value of ozone.scm.heartbeat.thread.interval, reset to the max value 100000.
2020-06-09 10:47:28,953 [Thread-3976] WARN  server.ServerUtils (ServerUtils.java:sanitizeUserArgs(73)) - ozone.scm.stale.node.interval value = 300000 is larger than max = 100000 based on the key value of ozone.scm.heartbeat.thread.interval, reset to the max value 100000.
2020-06-09 10:47:28,953 [Thread-3976] INFO  node.SCMNodeManager (SCMNodeManager.java:<init>(116)) - Entering startup safe mode.
2020-06-09 10:47:28,953 [Thread-3976] INFO  algorithms.ContainerPlacementPolicyFactory (ContainerPlacementPolicyFactory.java:getPolicy(60)) - Create container placement policy of type org.apache.hadoop.hdds.scm.container.placement.algorithms.SCMContainerPlacementRandom
2020-06-09 10:47:28,953 [Thread-3976] INFO  pipeline.SCMPipelineManager (SCMPipelineManager.java:initializePipelineState(158)) - No pipeline exists in current db
2020-06-09 10:47:28,955 [Thread-3976] INFO  safemode.HealthyPipelineSafeModeRule (HealthyPipelineSafeModeRule.java:<init>(89)) - Total pipeline count is 0, healthy pipeline threshold count is 0
2020-06-09 10:47:28,955 [Thread-3976] INFO  safemode.OneReplicaPipelineSafeModeRule (OneReplicaPipelineSafeModeRule.java:<init>(79)) - Total pipeline count is 0, pipeline's with at least one datanode reported threshold count is 0
2020-06-09 10:47:28,955 [RatisPipelineUtilsThread] ERROR pipeline.SCMPipelineManager (SCMPipelineManager.java:createPipeline(222)) - Failed to create pipeline of type RATIS and factor ONE. Exception: Cannot create pipeline of factor 1 using 0 nodes. Used 0 nodes. Healthy nodes 0
2020-06-09 10:47:28,955 [Thread-3976] INFO  ipc.CallQueueManager (CallQueueManager.java:<init>(84)) - Using callQueue: class java.util.concurrent.LinkedBlockingQueue, queueCapacity: 2000, scheduler: class org.apache.hadoop.ipc.DefaultRpcScheduler, ipcBackoff: false.
2020-06-09 10:47:28,956 [Socket Reader #1 for port 0] INFO  ipc.Server (Server.java:run(1219)) - Starting Socket Reader #1 for port 0
2020-06-09 10:47:28,957 [Listener at 0.0.0.0/34481] INFO  ipc.CallQueueManager (CallQueueManager.java:<init>(84)) - Using callQueue: class java.util.concurrent.LinkedBlockingQueue, queueCapacity: 2000, scheduler: class org.apache.hadoop.ipc.DefaultRpcScheduler, ipcBackoff: false.
2020-06-09 10:47:28,960 [Socket Reader #1 for port 0] INFO  ipc.Server (Server.java:run(1219)) - Starting Socket Reader #1 for port 0
2020-06-09 10:47:28,963 [Listener at 0.0.0.0/40741] INFO  ipc.CallQueueManager (CallQueueManager.java:<init>(84)) - Using callQueue: class java.util.concurrent.LinkedBlockingQueue, queueCapacity: 2000, scheduler: class org.apache.hadoop.ipc.DefaultRpcScheduler, ipcBackoff: false.
2020-06-09 10:47:28,964 [Socket Reader #1 for port 0] INFO  ipc.Server (Server.java:run(1219)) - Starting Socket Reader #1 for port 0
2020-06-09 10:47:28,966 [Listener at 0.0.0.0/39077] INFO  http.BaseHttpServer (BaseHttpServer.java:newHttpServer2BuilderForOzone(205)) - Starting Web-server for scm at: http://0.0.0.0:0
2020-06-09 10:47:28,966 [Listener at 0.0.0.0/39077] INFO  http.BaseHttpServer (BaseHttpServer.java:<init>(106)) - Hadoop Security Enabled: false Ozone Security Enabled: false Ozone HTTP Security Enabled: false 
2020-06-09 10:47:28,967 [Listener at 0.0.0.0/39077] INFO  server.AuthenticationFilter (AuthenticationFilter.java:constructSecretProvider(240)) - Unable to initialize FileSignerSecretProvider, falling back to use random secrets.
2020-06-09 10:47:28,968 [Listener at 0.0.0.0/39077] WARN  http.HttpRequestLog (HttpRequestLog.java:getRequestLog(103)) - Jetty request log can only be enabled using Log4j
2020-06-09 10:47:28,969 [Listener at 0.0.0.0/39077] INFO  http.HttpServer2 (HttpServer2.java:addGlobalFilter(993)) - Added global filter 'safety' (class=org.apache.hadoop.hdds.server.http.HttpServer2$QuotingInputFilter)
2020-06-09 10:47:28,969 [Listener at 0.0.0.0/39077] INFO  http.HttpServer2 (HttpServer2.java:addFilter(969)) - Added filter authentication (class=org.apache.hadoop.security.authentication.server.AuthenticationFilter) to context scm
2020-06-09 10:47:28,969 [Listener at 0.0.0.0/39077] INFO  http.HttpServer2 (HttpServer2.java:addFilter(977)) - Added filter authentication (class=org.apache.hadoop.security.authentication.server.AuthenticationFilter) to context static
2020-06-09 10:47:28,969 [Listener at 0.0.0.0/39077] INFO  http.HttpServer2 (HttpServer2.java:addFilter(977)) - Added filter authentication (class=org.apache.hadoop.security.authentication.server.AuthenticationFilter) to context logs
2020-06-09 10:47:28,971 [Listener at 0.0.0.0/39077] INFO  server.StorageContainerManager (StorageContainerManager.java:start(780)) - StorageContainerLocationProtocol RPC server is listening at /0.0.0.0:39077
2020-06-09 10:47:28,972 [Listener at 0.0.0.0/39077] WARN  impl.MetricsConfig (MetricsConfig.java:loadFirst(134)) - Cannot locate configuration: tried hadoop-metrics2-storagecontainermanager.properties,hadoop-metrics2.properties
2020-06-09 10:47:28,972 [Listener at 0.0.0.0/39077] INFO  impl.MetricsSystemImpl (MetricsSystemImpl.java:startTimer(374)) - Scheduled Metric snapshot period at 10 second(s).
2020-06-09 10:47:28,972 [Listener at 0.0.0.0/39077] INFO  impl.MetricsSystemImpl (MetricsSystemImpl.java:start(191)) - StorageContainerManager metrics system started
2020-06-09 10:47:29,014 [Listener at 0.0.0.0/39077] WARN  impl.MetricsSystemImpl (MetricsSystemImpl.java:register(276)) - Sink prometheus already exists!
2020-06-09 10:47:29,057 [Listener at 0.0.0.0/39077] INFO  server.SCMClientProtocolServer (SCMClientProtocolServer.java:start(155)) - RPC server for Client  is listening at /0.0.0.0:39077
2020-06-09 10:47:29,058 [IPC Server Responder] INFO  ipc.Server (Server.java:run(1460)) - IPC Server Responder: starting
2020-06-09 10:47:29,064 [IPC Server listener on 0] INFO  ipc.Server (Server.java:run(1298)) - IPC Server listener on 0: starting
2020-06-09 10:47:29,086 [Listener at 0.0.0.0/39077] INFO  server.StorageContainerManager (StorageContainerManager.java:start(792)) - ScmBlockLocationProtocol RPC server is listening at /0.0.0.0:40741
2020-06-09 10:47:29,086 [Listener at 0.0.0.0/39077] INFO  server.SCMBlockProtocolServer (SCMBlockProtocolServer.java:start(149)) - RPC server for Block Protocol is listening at /0.0.0.0:40741
2020-06-09 10:47:29,086 [IPC Server Responder] INFO  ipc.Server (Server.java:run(1460)) - IPC Server Responder: starting
2020-06-09 10:47:29,087 [IPC Server listener on 0] INFO  ipc.Server (Server.java:run(1298)) - IPC Server listener on 0: starting
2020-06-09 10:47:29,091 [Listener at 0.0.0.0/39077] INFO  server.StorageContainerManager (StorageContainerManager.java:start(798)) - ScmDatanodeProtocl RPC server is listening at /0.0.0.0:34481
2020-06-09 10:47:29,091 [Listener at 0.0.0.0/39077] INFO  server.SCMDatanodeProtocolServer (SCMDatanodeProtocolServer.java:start(172)) - RPC server for DataNodes is listening at /0.0.0.0:34481
2020-06-09 10:47:29,091 [IPC Server Responder] INFO  ipc.Server (Server.java:run(1460)) - IPC Server Responder: starting
2020-06-09 10:47:29,092 [IPC Server listener on 0] INFO  ipc.Server (Server.java:run(1298)) - IPC Server listener on 0: starting
2020-06-09 10:47:29,094 [Listener at 0.0.0.0/39077] INFO  http.HttpServer2 (HttpServer2.java:bindListener(1211)) - Jetty bound to port 35267
2020-06-09 10:47:29,094 [Listener at 0.0.0.0/39077] INFO  server.Server (Server.java:doStart(359)) - jetty-9.4.26.v20200117; built: 2020-01-17T12:35:33.676Z; git: 7b38981d25d14afb4a12ff1f2596756144edf695; jvm 1.8.0_232-b09
2020-06-09 10:47:29,095 [Listener at 0.0.0.0/39077] INFO  server.session (DefaultSessionIdManager.java:doStart(333)) - DefaultSessionIdManager workerName=node0
2020-06-09 10:47:29,095 [Listener at 0.0.0.0/39077] INFO  server.session (DefaultSessionIdManager.java:doStart(338)) - No SessionScavenger set, using defaults
2020-06-09 10:47:29,096 [Listener at 0.0.0.0/39077] INFO  server.session (HouseKeeper.java:startScavenging(140)) - node0 Scavenging every 660000ms
2020-06-09 10:47:29,096 [Listener at 0.0.0.0/39077] INFO  server.AuthenticationFilter (AuthenticationFilter.java:constructSecretProvider(240)) - Unable to initialize FileSignerSecretProvider, falling back to use random secrets.
2020-06-09 10:47:29,097 [Listener at 0.0.0.0/39077] INFO  handler.ContextHandler (ContextHandler.java:doStart(825)) - Started o.e.j.s.ServletContextHandler@5c8647d8{logs,/logs,file:///github/workspace/mnt/ozone/hadoop-ozone/integration-test/target/log,AVAILABLE}
2020-06-09 10:47:29,097 [Listener at 0.0.0.0/39077] INFO  handler.ContextHandler (ContextHandler.java:doStart(825)) - Started o.e.j.s.ServletContextHandler@6e5249b6{static,/static,file:///github/workspace/mnt/ozone/hadoop-ozone/integration-test/target/test-classes/webapps/static,AVAILABLE}
2020-06-09 10:47:29,099 [Listener at 0.0.0.0/39077] INFO  handler.ContextHandler (ContextHandler.java:doStart(825)) - Started o.e.j.w.WebAppContext@1ad174fa{scm,/,file:///github/workspace/mnt/ozone/hadoop-ozone/integration-test/target/test-classes/webapps/scm/,AVAILABLE}{file:/github/workspace/mnt/ozone/hadoop-ozone/integration-test/target/test-classes/webapps/scm}
2020-06-09 10:47:29,113 [Listener at 0.0.0.0/39077] INFO  server.AbstractConnector (AbstractConnector.java:doStart(330)) - Started ServerConnector@52078c9c{HTTP/1.1,[http/1.1]}{0.0.0.0:35267}
2020-06-09 10:47:29,113 [Listener at 0.0.0.0/39077] INFO  server.Server (Server.java:doStart(399)) - Started @238453ms
2020-06-09 10:47:29,113 [Listener at 0.0.0.0/39077] WARN  impl.MetricsSystemImpl (MetricsSystemImpl.java:register(276)) - Sink prometheus already exists!
2020-06-09 10:47:29,116 [Listener at 0.0.0.0/39077] INFO  http.BaseHttpServer (BaseHttpServer.java:updateConnectorAddress(325)) - HTTP server of scm listening at http://0.0.0.0:35267
2020-06-09 10:47:29,117 [Listener at 0.0.0.0/39077] WARN  server.ServerUtils (ServerUtils.java:getDBPath(225)) - ozone.om.db.dirs is not configured. We recommend adding this setting. Falling back to ozone.metadata.dirs instead.
2020-06-09 10:47:29,118 [org.apache.hadoop.util.JvmPauseMonitor$Monitor@16effffe] INFO  util.JvmPauseMonitor (JvmPauseMonitor.java:run(188)) - Starting JVM pause monitor
2020-06-09 10:47:29,119 [Listener at 0.0.0.0/39077] INFO  ha.OMHANodeDetails (OMHANodeDetails.java:loadOMHAConfig(110)) - ServiceID for OzoneManager is om-service-test1
2020-06-09 10:47:29,120 [Listener at 0.0.0.0/39077] INFO  ha.OMHANodeDetails (OMHANodeDetails.java:loadOMHAConfig(188)) - Found matching OM address with OMServiceId: om-service-test1, OMNodeId: omNode-1, RPC Address: localhost:11520 and Ratis port: 11524
2020-06-09 10:47:29,120 [Listener at 0.0.0.0/39077] INFO  ha.OMHANodeDetails (OMHANodeDetails.java:setOMNodeSpecificConfigs(314)) - Setting configuration key ozone.om.http-address with value of key ozone.om.http-address.omNode-1: 127.0.0.1:11522
2020-06-09 10:47:29,120 [Listener at 0.0.0.0/39077] INFO  ha.OMHANodeDetails (OMHANodeDetails.java:setOMNodeSpecificConfigs(314)) - Setting configuration key ozone.om.https-address with value of key ozone.om.https-address.omNode-1: 127.0.0.1:11523
2020-06-09 10:47:29,120 [Listener at 0.0.0.0/39077] INFO  ha.OMHANodeDetails (OMHANodeDetails.java:setOMNodeSpecificConfigs(314)) - Setting configuration key ozone.om.address with value of key ozone.om.address.omNode-1: 127.0.0.1:11520
2020-06-09 10:47:29,120 [Listener at 0.0.0.0/39077] WARN  server.ServerUtils (ServerUtils.java:getDBPath(225)) - ozone.om.db.dirs is not configured. We recommend adding this setting. Falling back to ozone.metadata.dirs instead.
2020-06-09 10:47:29,120 [Listener at 0.0.0.0/39077] WARN  server.ServerUtils (ServerUtils.java:getDBPath(225)) - ozone.om.db.dirs is not configured. We recommend adding this setting. Falling back to ozone.metadata.dirs instead.
2020-06-09 10:47:29,127 [Listener at 0.0.0.0/39077] WARN  server.ServerUtils (ServerUtils.java:getDBPath(225)) - ozone.om.db.dirs is not configured. We recommend adding this setting. Falling back to ozone.metadata.dirs instead.
2020-06-09 10:47:29,188 [Listener at 0.0.0.0/39077] WARN  server.ServerUtils (ServerUtils.java:getDefaultRatisDirectory(237)) - Storage directory for Ratis is not configured. It is a good idea to map this to an SSD disk. Falling back to ozone.metadata.dirs
2020-06-09 10:47:29,189 [Listener at 0.0.0.0/39077] INFO  ratis.OzoneManagerRatisServer (OzoneManagerRatisServer.java:<init>(268)) - Instantiating OM Ratis server with GroupID: om-service-test1 and Raft Peers: localhost:11524, localhost:11530, localhost:11536
2020-06-09 10:47:29,189 [Listener at 0.0.0.0/39077] INFO  ratis.OzoneManagerStateMachine (OzoneManagerStateMachine.java:updateLastAppliedIndexWithSnaphsotIndex(524)) - LastAppliedIndex set from SnapShotInfo (t:0, i:~)
2020-06-09 10:47:29,190 [Listener at 0.0.0.0/39077] INFO  impl.RaftServerProxy (ConfUtils.java:logGet(44)) - raft.rpc.type = GRPC (default)
2020-06-09 10:47:29,190 [Listener at 0.0.0.0/39077] INFO  grpc.GrpcFactory (GrpcFactory.java:checkPooledByteBufAllocatorUseCacheForAllThreads(45)) - PERFORMANCE WARNING: useCacheForAllThreads is true that may cause Netty to create a lot garbage objects and, as a result, trigger GC.
	It is recommended to disable useCacheForAllThreads by setting -Dorg.apache.ratis.thirdparty.io.netty.allocator.useCacheForAllThreads=false in command line.
2020-06-09 10:47:29,190 [Listener at 0.0.0.0/39077] INFO  grpc.GrpcConfigKeys (ConfUtils.java:logGet(44)) - raft.grpc.server.port = 11524 (custom)
2020-06-09 10:47:29,190 [Listener at 0.0.0.0/39077] INFO  server.GrpcService (ConfUtils.java:logGet(44)) - raft.grpc.message.size.max = 33554432 (custom)
2020-06-09 10:47:29,190 [Listener at 0.0.0.0/39077] INFO  server.RaftServerConfigKeys (ConfUtils.java:logGet(44)) - raft.server.log.appender.buffer.byte-limit = 33554432 (custom)
2020-06-09 10:47:29,190 [Listener at 0.0.0.0/39077] INFO  server.GrpcService (ConfUtils.java:logGet(44)) - raft.grpc.flow.control.window = 1MB (=1048576) (default)
2020-06-09 10:47:29,190 [Listener at 0.0.0.0/39077] INFO  server.RaftServerConfigKeys (ConfUtils.java:logGet(44)) - raft.server.rpc.request.timeout = 3000ms (default)
2020-06-09 10:47:29,191 [Listener at 0.0.0.0/39077] INFO  server.RaftServerConfigKeys (ConfUtils.java:logGet(44)) - raft.server.storage.dir = [/github/workspace/mnt/ozone/hadoop-ozone/integration-test/target/test-dir/MiniOzoneClusterImpl-428de9cd-98e2-485e-b164-55ba4e728ea0/omNode-1/ratis] (custom)
2020-06-09 10:47:29,192 [Listener at 0.0.0.0/39077] INFO  impl.RaftServerProxy (RaftServerProxy.java:addNew(89)) - omNode-1: addNew group-523986131536:[omNode-3:localhost:11536, omNode-1:localhost:11524, omNode-2:localhost:11530] returns group-523986131536:java.util.concurrent.CompletableFuture@4bae3d2f[Not completed]
2020-06-09 10:47:29,192 [pool-1042-thread-1] INFO  impl.RaftServerImpl (RaftServerImpl.java:<init>(99)) - omNode-1: new RaftServerImpl for group-523986131536:[omNode-3:localhost:11536, omNode-1:localhost:11524, omNode-2:localhost:11530] with OzoneManagerStateMachine:uninitialized
2020-06-09 10:47:29,192 [pool-1042-thread-1] INFO  server.RaftServerConfigKeys (ConfUtils.java:logGet(44)) - raft.server.rpc.timeout.min = 1s (custom)
2020-06-09 10:47:29,192 [pool-1042-thread-1] INFO  server.RaftServerConfigKeys (ConfUtils.java:logGet(44)) - raft.server.rpc.timeout.max = 1200ms (custom)
2020-06-09 10:47:29,192 [pool-1042-thread-1] INFO  server.RaftServerConfigKeys (ConfUtils.java:logGet(44)) - raft.server.rpcslowness.timeout = 2s (custom)
2020-06-09 10:47:29,192 [pool-1042-thread-1] INFO  server.RaftServerConfigKeys (ConfUtils.java:logGet(44)) - raft.server.sleep.deviation.threshold = 300 (default)
2020-06-09 10:47:29,192 [pool-1042-thread-1] INFO  server.RaftServerConfigKeys (ConfUtils.java:logGet(44)) - raft.server.log.appender.install.snapshot.enabled = false (custom)
2020-06-09 10:47:29,192 [pool-1042-thread-1] INFO  impl.RaftServerImpl (ServerState.java:<init>(103)) - omNode-1@group-523986131536: ConfigurationManager, init=-1: [omNode-3:localhost:11536, omNode-1:localhost:11524, omNode-2:localhost:11530], old=null, confs=<EMPTY_MAP>
2020-06-09 10:47:29,192 [pool-1042-thread-1] INFO  server.RaftServerConfigKeys (ConfUtils.java:logGet(44)) - raft.server.storage.dir = [/github/workspace/mnt/ozone/hadoop-ozone/integration-test/target/test-dir/MiniOzoneClusterImpl-428de9cd-98e2-485e-b164-55ba4e728ea0/omNode-1/ratis] (custom)
2020-06-09 10:47:29,192 [pool-1042-thread-1] INFO  server.RaftServerConfigKeys (ConfUtils.java:logGet(44)) - raft.server.log.corruption.policy = EXCEPTION (default)
2020-06-09 10:47:29,193 [pool-1042-thread-1] INFO  storage.RaftStorageDirectory (RaftStorageDirectory.java:analyzeStorage(261)) - The storage directory /github/workspace/mnt/ozone/hadoop-ozone/integration-test/target/test-dir/MiniOzoneClusterImpl-428de9cd-98e2-485e-b164-55ba4e728ea0/omNode-1/ratis/c9bc4cf4-3bc3-3c60-a66b-523986131536 does not exist. Creating ...
2020-06-09 10:47:29,193 [Listener at 0.0.0.0/39077] INFO  om.OzoneManager (OzoneManager.java:initializeRatisServer(1226)) - OzoneManager Ratis server initialized at port 11524
2020-06-09 10:47:29,193 [Listener at 0.0.0.0/39077] WARN  server.ServerUtils (ServerUtils.java:getDefaultRatisDirectory(237)) - Storage directory for Ratis is not configured. It is a good idea to map this to an SSD disk. Falling back to ozone.metadata.dirs
2020-06-09 10:47:29,193 [Listener at 0.0.0.0/39077] WARN  server.ServerUtils (ServerUtils.java:getDefaultRatisDirectory(237)) - Storage directory for Ratis is not configured. It is a good idea to map this to an SSD disk. Falling back to ozone.metadata.dirs
2020-06-09 10:47:29,193 [Listener at 0.0.0.0/39077] INFO  snapshot.OzoneManagerSnapshotProvider (OzoneManagerSnapshotProvider.java:<init>(77)) - Initializing OM Snapshot Provider
2020-06-09 10:47:29,194 [pool-1042-thread-1] INFO  storage.RaftStorageDirectory (RaftStorageDirectory.java:tryLock(343)) - Lock on /github/workspace/mnt/ozone/hadoop-ozone/integration-test/target/test-dir/MiniOzoneClusterImpl-428de9cd-98e2-485e-b164-55ba4e728ea0/omNode-1/ratis/c9bc4cf4-3bc3-3c60-a66b-523986131536/in_use.lock acquired by nodename 24425@6db717622624
2020-06-09 10:47:29,195 [Listener at 0.0.0.0/39077] INFO  ipc.CallQueueManager (CallQueueManager.java:<init>(84)) - Using callQueue: class java.util.concurrent.LinkedBlockingQueue, queueCapacity: 2000, scheduler: class org.apache.hadoop.ipc.DefaultRpcScheduler, ipcBackoff: false.
2020-06-09 10:47:29,196 [pool-1042-thread-1] INFO  storage.RaftStorage (RaftStorage.java:format(84)) - Storage directory /github/workspace/mnt/ozone/hadoop-ozone/integration-test/target/test-dir/MiniOzoneClusterImpl-428de9cd-98e2-485e-b164-55ba4e728ea0/omNode-1/ratis/c9bc4cf4-3bc3-3c60-a66b-523986131536 has been successfully formatted.
2020-06-09 10:47:29,196 [pool-1042-thread-1] INFO  server.RaftServerConfigKeys (ConfUtils.java:logGet(44)) - raft.server.notification.no-leader.timeout = 2s (custom)
2020-06-09 10:47:29,196 [pool-1042-thread-1] INFO  server.RaftServerConfigKeys (ConfUtils.java:logGet(44)) - raft.server.log.use.memory = false (default)
2020-06-09 10:47:29,196 [pool-1042-thread-1] INFO  server.RaftServerConfigKeys (ConfUtils.java:logGet(44)) - raft.server.log.purge.gap = 50 (custom)
2020-06-09 10:47:29,196 [pool-1042-thread-1] INFO  server.RaftServerConfigKeys (ConfUtils.java:logGet(44)) - raft.server.log.appender.buffer.byte-limit = 33554432 (custom)
2020-06-09 10:47:29,196 [pool-1042-thread-1] INFO  server.RaftServerConfigKeys (ConfUtils.java:logGet(44)) - raft.server.log.segment.size.max = 16384 (custom)
2020-06-09 10:47:29,196 [pool-1042-thread-1] INFO  metrics.RatisMetrics (RatisMetrics.java:lambda$create$0(36)) - Creating Metrics Registry : ratis.log_worker.omNode-1@group-523986131536
2020-06-09 10:47:29,197 [pool-1042-thread-1] INFO  server.RaftServerConfigKeys (ConfUtils.java:logGet(44)) - raft.server.log.segment.cache.num.max = 2 (custom)
2020-06-09 10:47:29,197 [pool-1042-thread-1] INFO  segmented.SegmentedRaftLogWorker (SegmentedRaftLogWorker.java:<init>(180)) - new omNode-1@group-523986131536-SegmentedRaftLogWorker for RaftStorage:Storage Directory /github/workspace/mnt/ozone/hadoop-ozone/integration-test/target/test-dir/MiniOzoneClusterImpl-428de9cd-98e2-485e-b164-55ba4e728ea0/omNode-1/ratis/c9bc4cf4-3bc3-3c60-a66b-523986131536
2020-06-09 10:47:29,197 [pool-1042-thread-1] INFO  server.RaftServerConfigKeys (ConfUtils.java:logGet(44)) - raft.server.log.queue.byte-limit = 64MB (=67108864) (default)
2020-06-09 10:47:29,197 [pool-1042-thread-1] INFO  server.RaftServerConfigKeys (ConfUtils.java:logGet(44)) - raft.server.log.queue.element-limit = 4096 (default)
2020-06-09 10:47:29,197 [pool-1042-thread-1] INFO  server.RaftServerConfigKeys (ConfUtils.java:logGet(44)) - raft.server.log.segment.size.max = 16384 (custom)
2020-06-09 10:47:29,197 [pool-1042-thread-1] INFO  server.RaftServerConfigKeys (ConfUtils.java:logGet(44)) - raft.server.log.preallocated.size = 16384 (custom)
2020-06-09 10:47:29,197 [pool-1042-thread-1] INFO  server.RaftServerConfigKeys (ConfUtils.java:logGet(44)) - raft.server.log.write.buffer.size = 64KB (=65536) (default)
2020-06-09 10:47:29,197 [pool-1042-thread-1] INFO  server.RaftServerConfigKeys (ConfUtils.java:logGet(44)) - raft.server.log.force.sync.num = 128 (default)
2020-06-09 10:47:29,197 [pool-1042-thread-1] INFO  server.RaftServerConfigKeys (ConfUtils.java:logGet(44)) - raft.server.log.statemachine.data.sync = true (default)
2020-06-09 10:47:29,197 [pool-1042-thread-1] INFO  server.RaftServerConfigKeys (ConfUtils.java:logGet(44)) - raft.server.log.statemachine.data.sync.timeout = 10s (default)
2020-06-09 10:47:29,197 [pool-1042-thread-1] INFO  server.RaftServerConfigKeys (ConfUtils.java:logGet(44)) - raft.server.log.statemachine.data.sync.timeout.retry = -1 (default)
2020-06-09 10:47:29,200 [pool-1042-thread-1] INFO  server.RaftServerConfigKeys (ConfUtils.java:logGet(44)) - raft.server.log.statemachine.data.caching.enabled = false (default)
2020-06-09 10:47:29,200 [pool-1042-thread-1] INFO  segmented.SegmentedRaftLogWorker (SegmentedRaftLogWorker.java:lambda$new$0(129)) - omNode-1@group-523986131536-SegmentedRaftLogWorker: flushIndex: setUnconditionally 0 -> -1
2020-06-09 10:47:29,200 [pool-1042-thread-1] INFO  segmented.SegmentedRaftLogWorker (SegmentedRaftLogWorker.java:lambda$new$0(129)) - omNode-1@group-523986131536-SegmentedRaftLogWorker: safeCacheEvictIndex: setUnconditionally 0 -> -1
2020-06-09 10:47:29,200 [Socket Reader #1 for port 11520] INFO  ipc.Server (Server.java:run(1219)) - Starting Socket Reader #1 for port 11520
2020-06-09 10:47:29,203 [pool-1042-thread-1] INFO  server.RaftServerConfigKeys (ConfUtils.java:logGet(44)) - raft.server.snapshot.auto.trigger.enabled = true (custom)
2020-06-09 10:47:29,203 [pool-1042-thread-1] INFO  server.RaftServerConfigKeys (ConfUtils.java:logGet(44)) - raft.server.snapshot.auto.trigger.threshold = 50 (custom)
2020-06-09 10:47:29,203 [pool-1042-thread-1] INFO  server.RaftServerConfigKeys (ConfUtils.java:logGet(44)) - raft.server.snapshot.retention.file.num = -1 (default)
2020-06-09 10:47:29,203 [pool-1042-thread-1] INFO  server.RaftServerConfigKeys (ConfUtils.java:logGet(44)) - raft.server.log.purge.upto.snapshot.index = false (default)
2020-06-09 10:47:29,203 [pool-1042-thread-1] INFO  server.RaftServerConfigKeys (ConfUtils.java:logGet(44)) - raft.server.retrycache.expirytime = 600000ms (custom)
2020-06-09 10:47:29,203 [pool-1042-thread-1] INFO  metrics.RatisMetrics (RatisMetrics.java:lambda$create$0(36)) - Creating Metrics Registry : ratis.leader_election.omNode-1@group-523986131536
2020-06-09 10:47:29,204 [pool-1042-thread-1] INFO  metrics.RatisMetrics (RatisMetrics.java:lambda$create$0(36)) - Creating Metrics Registry : ratis.server.omNode-1@group-523986131536
2020-06-09 10:47:29,216 [Listener at 127.0.0.1/11520] INFO  impl.MetricsSystemImpl (MetricsSystemImpl.java:init(158)) - OzoneManager metrics system started (again)
2020-06-09 10:47:29,218 [Listener at 127.0.0.1/11520] INFO  om.OzoneManager (OzoneManager.java:start(1085)) - OzoneManager RPC server is listening at localhost/127.0.0.1:11520
2020-06-09 10:47:29,218 [Listener at 127.0.0.1/11520] INFO  ratis.OzoneManagerRatisServer (OzoneManagerRatisServer.java:start(364)) - Starting OzoneManagerRatisServer omNode-1 at port 11524
2020-06-09 10:47:29,219 [Listener at 127.0.0.1/11520] INFO  impl.RaftServerImpl (RaftServerImpl.java:start(186)) - omNode-1@group-523986131536: start as a follower, conf=-1: [omNode-3:localhost:11536, omNode-1:localhost:11524, omNode-2:localhost:11530], old=null
2020-06-09 10:47:29,219 [Listener at 127.0.0.1/11520] INFO  impl.RaftServerImpl (RaftServerImpl.java:setRole(175)) - omNode-1@group-523986131536: changes role from      null to FOLLOWER at term 0 for startAsFollower
2020-06-09 10:47:29,219 [Listener at 127.0.0.1/11520] INFO  impl.RoleInfo (RoleInfo.java:updateAndGet(143)) - omNode-1: start FollowerState
2020-06-09 10:47:29,219 [Listener at 127.0.0.1/11520] INFO  util.JmxRegister (JmxRegister.java:tryRegister(44)) - Successfully registered JMX Bean with object name Ratis:service=RaftServer,group=group-523986131536,id=omNode-1
2020-06-09 10:47:29,219 [Listener at 127.0.0.1/11520] INFO  metrics.RatisMetrics (RatisMetrics.java:lambda$create$0(36)) - Creating Metrics Registry : ratis.state_machine.omNode-1@group-523986131536
2020-06-09 10:47:29,220 [Listener at 127.0.0.1/11520] INFO  impl.RaftServerProxy (RaftServerProxy.java:lambda$start$3(304)) - omNode-1: start RPC server
2020-06-09 10:47:29,221 [Listener at 127.0.0.1/11520] INFO  server.GrpcService (GrpcService.java:startImpl(160)) - omNode-1: GrpcService started, listening on 0.0.0.0/0.0.0.0:11524
2020-06-09 10:47:29,222 [IPC Server listener on 11520] INFO  ipc.Server (Server.java:run(1298)) - IPC Server listener on 11520: starting
2020-06-09 10:47:29,222 [IPC Server Responder] INFO  ipc.Server (Server.java:run(1460)) - IPC Server Responder: starting
2020-06-09 10:47:29,231 [Listener at 127.0.0.1/11520] INFO  http.BaseHttpServer (BaseHttpServer.java:newHttpServer2BuilderForOzone(205)) - Starting Web-server for ozoneManager at: http://0.0.0.0:11522
2020-06-09 10:47:29,231 [Listener at 127.0.0.1/11520] INFO  http.BaseHttpServer (BaseHttpServer.java:<init>(106)) - Hadoop Security Enabled: false Ozone Security Enabled: false Ozone HTTP Security Enabled: false 
2020-06-09 10:47:29,232 [Listener at 127.0.0.1/11520] INFO  server.AuthenticationFilter (AuthenticationFilter.java:constructSecretProvider(240)) - Unable to initialize FileSignerSecretProvider, falling back to use random secrets.
2020-06-09 10:47:29,232 [Listener at 127.0.0.1/11520] WARN  http.HttpRequestLog (HttpRequestLog.java:getRequestLog(103)) - Jetty request log can only be enabled using Log4j
2020-06-09 10:47:29,233 [Listener at 127.0.0.1/11520] INFO  http.HttpServer2 (HttpServer2.java:addGlobalFilter(993)) - Added global filter 'safety' (class=org.apache.hadoop.hdds.server.http.HttpServer2$QuotingInputFilter)
2020-06-09 10:47:29,233 [Listener at 127.0.0.1/11520] INFO  http.HttpServer2 (HttpServer2.java:addFilter(969)) - Added filter authentication (class=org.apache.hadoop.security.authentication.server.AuthenticationFilter) to context ozoneManager
2020-06-09 10:47:29,233 [Listener at 127.0.0.1/11520] INFO  http.HttpServer2 (HttpServer2.java:addFilter(977)) - Added filter authentication (class=org.apache.hadoop.security.authentication.server.AuthenticationFilter) to context logs
2020-06-09 10:47:29,233 [Listener at 127.0.0.1/11520] INFO  http.HttpServer2 (HttpServer2.java:addFilter(977)) - Added filter authentication (class=org.apache.hadoop.security.authentication.server.AuthenticationFilter) to context static
2020-06-09 10:47:29,234 [Listener at 127.0.0.1/11520] INFO  http.HttpServer2 (HttpServer2.java:bindListener(1211)) - Jetty bound to port 11522
2020-06-09 10:47:29,234 [Listener at 127.0.0.1/11520] INFO  server.Server (Server.java:doStart(359)) - jetty-9.4.26.v20200117; built: 2020-01-17T12:35:33.676Z; git: 7b38981d25d14afb4a12ff1f2596756144edf695; jvm 1.8.0_232-b09
2020-06-09 10:47:29,237 [Listener at 127.0.0.1/11520] INFO  server.session (DefaultSessionIdManager.java:doStart(333)) - DefaultSessionIdManager workerName=node0
2020-06-09 10:47:29,237 [Listener at 127.0.0.1/11520] INFO  server.session (DefaultSessionIdManager.java:doStart(338)) - No SessionScavenger set, using defaults
2020-06-09 10:47:29,237 [Listener at 127.0.0.1/11520] INFO  server.session (HouseKeeper.java:startScavenging(140)) - node0 Scavenging every 600000ms
2020-06-09 10:47:29,237 [Listener at 127.0.0.1/11520] INFO  server.AuthenticationFilter (AuthenticationFilter.java:constructSecretProvider(240)) - Unable to initialize FileSignerSecretProvider, falling back to use random secrets.
2020-06-09 10:47:29,238 [Listener at 127.0.0.1/11520] INFO  handler.ContextHandler (ContextHandler.java:doStart(825)) - Started o.e.j.s.ServletContextHandler@5a396513{logs,/logs,file:///github/workspace/mnt/ozone/hadoop-ozone/integration-test/target/log,AVAILABLE}
2020-06-09 10:47:29,238 [Listener at 127.0.0.1/11520] INFO  handler.ContextHandler (ContextHandler.java:doStart(825)) - Started o.e.j.s.ServletContextHandler@3b326d9c{static,/static,file:///github/workspace/mnt/ozone/hadoop-ozone/integration-test/target/test-classes/webapps/static,AVAILABLE}
2020-06-09 10:47:29,240 [Listener at 127.0.0.1/11520] INFO  handler.ContextHandler (ContextHandler.java:doStart(825)) - Started o.e.j.w.WebAppContext@3786f655{ozoneManager,/,file:///github/workspace/mnt/ozone/hadoop-ozone/integration-test/target/test-classes/webapps/ozoneManager/,AVAILABLE}{file:/github/workspace/mnt/ozone/hadoop-ozone/integration-test/target/test-classes/webapps/ozoneManager}
2020-06-09 10:47:29,242 [Listener at 127.0.0.1/11520] INFO  server.AbstractConnector (AbstractConnector.java:doStart(330)) - Started ServerConnector@70b6186c{HTTP/1.1,[http/1.1]}{0.0.0.0:11522}
2020-06-09 10:47:29,243 [Listener at 127.0.0.1/11520] INFO  server.Server (Server.java:doStart(399)) - Started @238582ms
2020-06-09 10:47:29,243 [Listener at 127.0.0.1/11520] WARN  impl.MetricsSystemImpl (MetricsSystemImpl.java:register(276)) - Sink prometheus already exists!
2020-06-09 10:47:29,245 [Listener at 127.0.0.1/11520] INFO  http.BaseHttpServer (BaseHttpServer.java:updateConnectorAddress(325)) - HTTP server of ozoneManager listening at http://0.0.0.0:11522
2020-06-09 10:47:29,246 [Listener at 127.0.0.1/11520] INFO  ozone.MiniOzoneHAClusterImpl (MiniOzoneHAClusterImpl.java:createOMService(380)) - Started OzoneManager RPC server at localhost/127.0.0.1:11520
2020-06-09 10:47:29,246 [org.apache.hadoop.util.JvmPauseMonitor$Monitor@4f1bceb0] INFO  util.JvmPauseMonitor (JvmPauseMonitor.java:run(188)) - Starting JVM pause monitor
2020-06-09 10:47:29,246 [Listener at 127.0.0.1/11520] WARN  server.ServerUtils (ServerUtils.java:getDBPath(225)) - ozone.om.db.dirs is not configured. We recommend adding this setting. Falling back to ozone.metadata.dirs instead.
2020-06-09 10:47:29,247 [Listener at 127.0.0.1/11520] INFO  ha.OMHANodeDetails (OMHANodeDetails.java:loadOMHAConfig(110)) - ServiceID for OzoneManager is om-service-test1
2020-06-09 10:47:29,248 [Listener at 127.0.0.1/11520] INFO  ha.OMHANodeDetails (OMHANodeDetails.java:loadOMHAConfig(188)) - Found matching OM address with OMServiceId: om-service-test1, OMNodeId: omNode-2, RPC Address: localhost:11526 and Ratis port: 11530
2020-06-09 10:47:29,248 [Listener at 127.0.0.1/11520] INFO  ha.OMHANodeDetails (OMHANodeDetails.java:setOMNodeSpecificConfigs(314)) - Setting configuration key ozone.om.http-address with value of key ozone.om.http-address.omNode-2: 127.0.0.1:11528
2020-06-09 10:47:29,248 [Listener at 127.0.0.1/11520] INFO  ha.OMHANodeDetails (OMHANodeDetails.java:setOMNodeSpecificConfigs(314)) - Setting configuration key ozone.om.https-address with value of key ozone.om.https-address.omNode-2: 127.0.0.1:11529
2020-06-09 10:47:29,248 [Listener at 127.0.0.1/11520] INFO  ha.OMHANodeDetails (OMHANodeDetails.java:setOMNodeSpecificConfigs(314)) - Setting configuration key ozone.om.address with value of key ozone.om.address.omNode-2: 127.0.0.1:11526
2020-06-09 10:47:29,248 [Listener at 127.0.0.1/11520] WARN  server.ServerUtils (ServerUtils.java:getDBPath(225)) - ozone.om.db.dirs is not configured. We recommend adding this setting. Falling back to ozone.metadata.dirs instead.
2020-06-09 10:47:29,248 [Listener at 127.0.0.1/11520] WARN  server.ServerUtils (ServerUtils.java:getDBPath(225)) - ozone.om.db.dirs is not configured. We recommend adding this setting. Falling back to ozone.metadata.dirs instead.
2020-06-09 10:47:29,251 [Listener at 127.0.0.1/11520] WARN  server.ServerUtils (ServerUtils.java:getDBPath(225)) - ozone.om.db.dirs is not configured. We recommend adding this setting. Falling back to ozone.metadata.dirs instead.
2020-06-09 10:47:29,306 [Listener at 127.0.0.1/11520] WARN  server.ServerUtils (ServerUtils.java:getDefaultRatisDirectory(237)) - Storage directory for Ratis is not configured. It is a good idea to map this to an SSD disk. Falling back to ozone.metadata.dirs
2020-06-09 10:47:29,306 [Listener at 127.0.0.1/11520] INFO  ratis.OzoneManagerRatisServer (OzoneManagerRatisServer.java:<init>(268)) - Instantiating OM Ratis server with GroupID: om-service-test1 and Raft Peers: localhost:11530, localhost:11524, localhost:11536
2020-06-09 10:47:29,306 [Listener at 127.0.0.1/11520] INFO  ratis.OzoneManagerStateMachine (OzoneManagerStateMachine.java:updateLastAppliedIndexWithSnaphsotIndex(524)) - LastAppliedIndex set from SnapShotInfo (t:0, i:~)
2020-06-09 10:47:29,306 [Listener at 127.0.0.1/11520] INFO  impl.RaftServerProxy (ConfUtils.java:logGet(44)) - raft.rpc.type = GRPC (default)
2020-06-09 10:47:29,307 [Listener at 127.0.0.1/11520] INFO  grpc.GrpcFactory (GrpcFactory.java:checkPooledByteBufAllocatorUseCacheForAllThreads(45)) - PERFORMANCE WARNING: useCacheForAllThreads is true that may cause Netty to create a lot garbage objects and, as a result, trigger GC.
	It is recommended to disable useCacheForAllThreads by setting -Dorg.apache.ratis.thirdparty.io.netty.allocator.useCacheForAllThreads=false in command line.
2020-06-09 10:47:29,307 [Listener at 127.0.0.1/11520] INFO  grpc.GrpcConfigKeys (ConfUtils.java:logGet(44)) - raft.grpc.server.port = 11530 (custom)
2020-06-09 10:47:29,307 [Listener at 127.0.0.1/11520] INFO  server.GrpcService (ConfUtils.java:logGet(44)) - raft.grpc.message.size.max = 33554432 (custom)
2020-06-09 10:47:29,307 [Listener at 127.0.0.1/11520] INFO  server.RaftServerConfigKeys (ConfUtils.java:logGet(44)) - raft.server.log.appender.buffer.byte-limit = 33554432 (custom)
2020-06-09 10:47:29,307 [Listener at 127.0.0.1/11520] INFO  server.GrpcService (ConfUtils.java:logGet(44)) - raft.grpc.flow.control.window = 1MB (=1048576) (default)
2020-06-09 10:47:29,307 [Listener at 127.0.0.1/11520] INFO  server.RaftServerConfigKeys (ConfUtils.java:logGet(44)) - raft.server.rpc.request.timeout = 3000ms (default)
2020-06-09 10:47:29,308 [Listener at 127.0.0.1/11520] INFO  server.RaftServerConfigKeys (ConfUtils.java:logGet(44)) - raft.server.storage.dir = [/github/workspace/mnt/ozone/hadoop-ozone/integration-test/target/test-dir/MiniOzoneClusterImpl-428de9cd-98e2-485e-b164-55ba4e728ea0/omNode-2/ratis] (custom)
2020-06-09 10:47:29,315 [Listener at 127.0.0.1/11520] INFO  impl.RaftServerProxy (RaftServerProxy.java:addNew(89)) - omNode-2: addNew group-523986131536:[omNode-3:localhost:11536, omNode-1:localhost:11524, omNode-2:localhost:11530] returns group-523986131536:java.util.concurrent.CompletableFuture@6a23fac2[Not completed]
2020-06-09 10:47:29,315 [Listener at 127.0.0.1/11520] INFO  om.OzoneManager (OzoneManager.java:initializeRatisServer(1226)) - OzoneManager Ratis server initialized at port 11530
2020-06-09 10:47:29,315 [pool-1059-thread-1] INFO  impl.RaftServerImpl (RaftServerImpl.java:<init>(99)) - omNode-2: new RaftServerImpl for group-523986131536:[omNode-3:localhost:11536, omNode-1:localhost:11524, omNode-2:localhost:11530] with OzoneManagerStateMachine:uninitialized
2020-06-09 10:47:29,315 [Listener at 127.0.0.1/11520] WARN  server.ServerUtils (ServerUtils.java:getDefaultRatisDirectory(237)) - Storage directory for Ratis is not configured. It is a good idea to map this to an SSD disk. Falling back to ozone.metadata.dirs
2020-06-09 10:47:29,315 [pool-1059-thread-1] INFO  server.RaftServerConfigKeys (ConfUtils.java:logGet(44)) - raft.server.rpc.timeout.min = 1s (custom)
2020-06-09 10:47:29,316 [pool-1059-thread-1] INFO  server.RaftServerConfigKeys (ConfUtils.java:logGet(44)) - raft.server.rpc.timeout.max = 1200ms (custom)
2020-06-09 10:47:29,316 [pool-1059-thread-1] INFO  server.RaftServerConfigKeys (ConfUtils.java:logGet(44)) - raft.server.rpcslowness.timeout = 2s (custom)
2020-06-09 10:47:29,316 [pool-1059-thread-1] INFO  server.RaftServerConfigKeys (ConfUtils.java:logGet(44)) - raft.server.sleep.deviation.threshold = 300 (default)
2020-06-09 10:47:29,316 [pool-1059-thread-1] INFO  server.RaftServerConfigKeys (ConfUtils.java:logGet(44)) - raft.server.log.appender.install.snapshot.enabled = false (custom)
2020-06-09 10:47:29,316 [Listener at 127.0.0.1/11520] WARN  server.ServerUtils (ServerUtils.java:getDefaultRatisDirectory(237)) - Storage directory for Ratis is not configured. It is a good idea to map this to an SSD disk. Falling back to ozone.metadata.dirs
2020-06-09 10:47:29,316 [pool-1059-thread-1] INFO  impl.RaftServerImpl (ServerState.java:<init>(103)) - omNode-2@group-523986131536: ConfigurationManager, init=-1: [omNode-3:localhost:11536, omNode-1:localhost:11524, omNode-2:localhost:11530], old=null, confs=<EMPTY_MAP>
2020-06-09 10:47:29,316 [Listener at 127.0.0.1/11520] INFO  snapshot.OzoneManagerSnapshotProvider (OzoneManagerSnapshotProvider.java:<init>(77)) - Initializing OM Snapshot Provider
2020-06-09 10:47:29,316 [pool-1059-thread-1] INFO  server.RaftServerConfigKeys (ConfUtils.java:logGet(44)) - raft.server.storage.dir = [/github/workspace/mnt/ozone/hadoop-ozone/integration-test/target/test-dir/MiniOzoneClusterImpl-428de9cd-98e2-485e-b164-55ba4e728ea0/omNode-2/ratis] (custom)
2020-06-09 10:47:29,317 [pool-1059-thread-1] INFO  server.RaftServerConfigKeys (ConfUtils.java:logGet(44)) - raft.server.log.corruption.policy = EXCEPTION (default)
2020-06-09 10:47:29,317 [pool-1059-thread-1] INFO  storage.RaftStorageDirectory (RaftStorageDirectory.java:analyzeStorage(261)) - The storage directory /github/workspace/mnt/ozone/hadoop-ozone/integration-test/target/test-dir/MiniOzoneClusterImpl-428de9cd-98e2-485e-b164-55ba4e728ea0/omNode-2/ratis/c9bc4cf4-3bc3-3c60-a66b-523986131536 does not exist. Creating ...
2020-06-09 10:47:29,318 [Listener at 127.0.0.1/11520] INFO  ipc.CallQueueManager (CallQueueManager.java:<init>(84)) - Using callQueue: class java.util.concurrent.LinkedBlockingQueue, queueCapacity: 2000, scheduler: class org.apache.hadoop.ipc.DefaultRpcScheduler, ipcBackoff: false.
2020-06-09 10:47:29,318 [pool-1059-thread-1] INFO  storage.RaftStorageDirectory (RaftStorageDirectory.java:tryLock(343)) - Lock on /github/workspace/mnt/ozone/hadoop-ozone/integration-test/target/test-dir/MiniOzoneClusterImpl-428de9cd-98e2-485e-b164-55ba4e728ea0/omNode-2/ratis/c9bc4cf4-3bc3-3c60-a66b-523986131536/in_use.lock acquired by nodename 24425@6db717622624
2020-06-09 10:47:29,319 [Socket Reader #1 for port 11526] INFO  ipc.Server (Server.java:run(1219)) - Starting Socket Reader #1 for port 11526
2020-06-09 10:47:29,320 [pool-1059-thread-1] INFO  storage.RaftStorage (RaftStorage.java:format(84)) - Storage directory /github/workspace/mnt/ozone/hadoop-ozone/integration-test/target/test-dir/MiniOzoneClusterImpl-428de9cd-98e2-485e-b164-55ba4e728ea0/omNode-2/ratis/c9bc4cf4-3bc3-3c60-a66b-523986131536 has been successfully formatted.
2020-06-09 10:47:29,320 [pool-1059-thread-1] INFO  server.RaftServerConfigKeys (ConfUtils.java:logGet(44)) - raft.server.notification.no-leader.timeout = 2s (custom)
2020-06-09 10:47:29,320 [pool-1059-thread-1] INFO  server.RaftServerConfigKeys (ConfUtils.java:logGet(44)) - raft.server.log.use.memory = false (default)
2020-06-09 10:47:29,320 [pool-1059-thread-1] INFO  server.RaftServerConfigKeys (ConfUtils.java:logGet(44)) - raft.server.log.purge.gap = 50 (custom)
2020-06-09 10:47:29,320 [pool-1059-thread-1] INFO  server.RaftServerConfigKeys (ConfUtils.java:logGet(44)) - raft.server.log.appender.buffer.byte-limit = 33554432 (custom)
2020-06-09 10:47:29,320 [pool-1059-thread-1] INFO  server.RaftServerConfigKeys (ConfUtils.java:logGet(44)) - raft.server.log.segment.size.max = 16384 (custom)
2020-06-09 10:47:29,320 [pool-1059-thread-1] INFO  metrics.RatisMetrics (RatisMetrics.java:lambda$create$0(36)) - Creating Metrics Registry : ratis.log_worker.omNode-2@group-523986131536
2020-06-09 10:47:29,320 [pool-1059-thread-1] INFO  server.RaftServerConfigKeys (ConfUtils.java:logGet(44)) - raft.server.log.segment.cache.num.max = 2 (custom)
2020-06-09 10:47:29,320 [pool-1059-thread-1] INFO  segmented.SegmentedRaftLogWorker (SegmentedRaftLogWorker.java:<init>(180)) - new omNode-2@group-523986131536-SegmentedRaftLogWorker for RaftStorage:Storage Directory /github/workspace/mnt/ozone/hadoop-ozone/integration-test/target/test-dir/MiniOzoneClusterImpl-428de9cd-98e2-485e-b164-55ba4e728ea0/omNode-2/ratis/c9bc4cf4-3bc3-3c60-a66b-523986131536
2020-06-09 10:47:29,320 [pool-1059-thread-1] INFO  server.RaftServerConfigKeys (ConfUtils.java:logGet(44)) - raft.server.log.queue.byte-limit = 64MB (=67108864) (default)
2020-06-09 10:47:29,321 [pool-1059-thread-1] INFO  server.RaftServerConfigKeys (ConfUtils.java:logGet(44)) - raft.server.log.queue.element-limit = 4096 (default)
2020-06-09 10:47:29,321 [pool-1059-thread-1] INFO  server.RaftServerConfigKeys (ConfUtils.java:logGet(44)) - raft.server.log.segment.size.max = 16384 (custom)
2020-06-09 10:47:29,321 [pool-1059-thread-1] INFO  server.RaftServerConfigKeys (ConfUtils.java:logGet(44)) - raft.server.log.preallocated.size = 16384 (custom)
2020-06-09 10:47:29,321 [pool-1059-thread-1] INFO  server.RaftServerConfigKeys (ConfUtils.java:logGet(44)) - raft.server.log.write.buffer.size = 64KB (=65536) (default)
2020-06-09 10:47:29,321 [pool-1059-thread-1] INFO  server.RaftServerConfigKeys (ConfUtils.java:logGet(44)) - raft.server.log.force.sync.num = 128 (default)
2020-06-09 10:47:29,321 [pool-1059-thread-1] INFO  server.RaftServerConfigKeys (ConfUtils.java:logGet(44)) - raft.server.log.statemachine.data.sync = true (default)
2020-06-09 10:47:29,321 [pool-1059-thread-1] INFO  server.RaftServerConfigKeys (ConfUtils.java:logGet(44)) - raft.server.log.statemachine.data.sync.timeout = 10s (default)
2020-06-09 10:47:29,321 [pool-1059-thread-1] INFO  server.RaftServerConfigKeys (ConfUtils.java:logGet(44)) - raft.server.log.statemachine.data.sync.timeout.retry = -1 (default)
2020-06-09 10:47:29,328 [pool-1059-thread-1] INFO  server.RaftServerConfigKeys (ConfUtils.java:logGet(44)) - raft.server.log.statemachine.data.caching.enabled = false (default)
2020-06-09 10:47:29,328 [pool-1059-thread-1] INFO  segmented.SegmentedRaftLogWorker (SegmentedRaftLogWorker.java:lambda$new$0(129)) - omNode-2@group-523986131536-SegmentedRaftLogWorker: flushIndex: setUnconditionally 0 -> -1
2020-06-09 10:47:29,328 [pool-1059-thread-1] INFO  segmented.SegmentedRaftLogWorker (SegmentedRaftLogWorker.java:lambda$new$0(129)) - omNode-2@group-523986131536-SegmentedRaftLogWorker: safeCacheEvictIndex: setUnconditionally 0 -> -1
2020-06-09 10:47:29,330 [pool-1059-thread-1] INFO  server.RaftServerConfigKeys (ConfUtils.java:logGet(44)) - raft.server.snapshot.auto.trigger.enabled = true (custom)
2020-06-09 10:47:29,330 [pool-1059-thread-1] INFO  server.RaftServerConfigKeys (ConfUtils.java:logGet(44)) - raft.server.snapshot.auto.trigger.threshold = 50 (custom)
2020-06-09 10:47:29,330 [pool-1059-thread-1] INFO  server.RaftServerConfigKeys (ConfUtils.java:logGet(44)) - raft.server.snapshot.retention.file.num = -1 (default)
2020-06-09 10:47:29,330 [pool-1059-thread-1] INFO  server.RaftServerConfigKeys (ConfUtils.java:logGet(44)) - raft.server.log.purge.upto.snapshot.index = false (default)
2020-06-09 10:47:29,330 [pool-1059-thread-1] INFO  server.RaftServerConfigKeys (ConfUtils.java:logGet(44)) - raft.server.retrycache.expirytime = 600000ms (custom)
2020-06-09 10:47:29,330 [pool-1059-thread-1] INFO  metrics.RatisMetrics (RatisMetrics.java:lambda$create$0(36)) - Creating Metrics Registry : ratis.leader_election.omNode-2@group-523986131536
2020-06-09 10:47:29,331 [pool-1059-thread-1] INFO  metrics.RatisMetrics (RatisMetrics.java:lambda$create$0(36)) - Creating Metrics Registry : ratis.server.omNode-2@group-523986131536
2020-06-09 10:47:29,342 [Listener at 127.0.0.1/11526] INFO  impl.MetricsSystemImpl (MetricsSystemImpl.java:init(158)) - OzoneManager metrics system started (again)
2020-06-09 10:47:29,344 [Listener at 127.0.0.1/11526] INFO  om.OzoneManager (OzoneManager.java:start(1085)) - OzoneManager RPC server is listening at localhost/127.0.0.1:11526
2020-06-09 10:47:29,345 [Listener at 127.0.0.1/11526] INFO  ratis.OzoneManagerRatisServer (OzoneManagerRatisServer.java:start(364)) - Starting OzoneManagerRatisServer omNode-2 at port 11530
2020-06-09 10:47:29,345 [Listener at 127.0.0.1/11526] INFO  impl.RaftServerImpl (RaftServerImpl.java:start(186)) - omNode-2@group-523986131536: start as a follower, conf=-1: [omNode-3:localhost:11536, omNode-1:localhost:11524, omNode-2:localhost:11530], old=null
2020-06-09 10:47:29,346 [Listener at 127.0.0.1/11526] INFO  impl.RaftServerImpl (RaftServerImpl.java:setRole(175)) - omNode-2@group-523986131536: changes role from      null to FOLLOWER at term 0 for startAsFollower
2020-06-09 10:47:29,346 [Listener at 127.0.0.1/11526] INFO  impl.RoleInfo (RoleInfo.java:updateAndGet(143)) - omNode-2: start FollowerState
2020-06-09 10:47:29,350 [Listener at 127.0.0.1/11526] INFO  util.JmxRegister (JmxRegister.java:tryRegister(44)) - Successfully registered JMX Bean with object name Ratis:service=RaftServer,group=group-523986131536,id=omNode-2
2020-06-09 10:47:29,350 [Listener at 127.0.0.1/11526] INFO  metrics.RatisMetrics (RatisMetrics.java:lambda$create$0(36)) - Creating Metrics Registry : ratis.state_machine.omNode-2@group-523986131536
2020-06-09 10:47:29,351 [Listener at 127.0.0.1/11526] INFO  impl.RaftServerProxy (RaftServerProxy.java:lambda$start$3(304)) - omNode-2: start RPC server
2020-06-09 10:47:29,352 [Listener at 127.0.0.1/11526] INFO  server.GrpcService (GrpcService.java:startImpl(160)) - omNode-2: GrpcService started, listening on 0.0.0.0/0.0.0.0:11530
2020-06-09 10:47:29,353 [IPC Server Responder] INFO  ipc.Server (Server.java:run(1460)) - IPC Server Responder: starting
2020-06-09 10:47:29,359 [IPC Server listener on 11526] INFO  ipc.Server (Server.java:run(1298)) - IPC Server listener on 11526: starting
2020-06-09 10:47:29,370 [Listener at 127.0.0.1/11526] INFO  http.BaseHttpServer (BaseHttpServer.java:newHttpServer2BuilderForOzone(205)) - Starting Web-server for ozoneManager at: http://0.0.0.0:11528
2020-06-09 10:47:29,370 [Listener at 127.0.0.1/11526] INFO  http.BaseHttpServer (BaseHttpServer.java:<init>(106)) - Hadoop Security Enabled: false Ozone Security Enabled: false Ozone HTTP Security Enabled: false 
2020-06-09 10:47:29,371 [Listener at 127.0.0.1/11526] INFO  server.AuthenticationFilter (AuthenticationFilter.java:constructSecretProvider(240)) - Unable to initialize FileSignerSecretProvider, falling back to use random secrets.
2020-06-09 10:47:29,376 [Listener at 127.0.0.1/11526] WARN  http.HttpRequestLog (HttpRequestLog.java:getRequestLog(103)) - Jetty request log can only be enabled using Log4j
2020-06-09 10:47:29,377 [Listener at 127.0.0.1/11526] INFO  http.HttpServer2 (HttpServer2.java:addGlobalFilter(993)) - Added global filter 'safety' (class=org.apache.hadoop.hdds.server.http.HttpServer2$QuotingInputFilter)
2020-06-09 10:47:29,377 [Listener at 127.0.0.1/11526] INFO  http.HttpServer2 (HttpServer2.java:addFilter(969)) - Added filter authentication (class=org.apache.hadoop.security.authentication.server.AuthenticationFilter) to context ozoneManager
2020-06-09 10:47:29,377 [Listener at 127.0.0.1/11526] INFO  http.HttpServer2 (HttpServer2.java:addFilter(977)) - Added filter authentication (class=org.apache.hadoop.security.authentication.server.AuthenticationFilter) to context logs
2020-06-09 10:47:29,377 [Listener at 127.0.0.1/11526] INFO  http.HttpServer2 (HttpServer2.java:addFilter(977)) - Added filter authentication (class=org.apache.hadoop.security.authentication.server.AuthenticationFilter) to context static
2020-06-09 10:47:29,378 [Listener at 127.0.0.1/11526] INFO  http.HttpServer2 (HttpServer2.java:bindListener(1211)) - Jetty bound to port 11528
2020-06-09 10:47:29,378 [Listener at 127.0.0.1/11526] INFO  server.Server (Server.java:doStart(359)) - jetty-9.4.26.v20200117; built: 2020-01-17T12:35:33.676Z; git: 7b38981d25d14afb4a12ff1f2596756144edf695; jvm 1.8.0_232-b09
2020-06-09 10:47:29,379 [Listener at 127.0.0.1/11526] INFO  server.session (DefaultSessionIdManager.java:doStart(333)) - DefaultSessionIdManager workerName=node0
2020-06-09 10:47:29,379 [Listener at 127.0.0.1/11526] INFO  server.session (DefaultSessionIdManager.java:doStart(338)) - No SessionScavenger set, using defaults
2020-06-09 10:47:29,379 [Listener at 127.0.0.1/11526] INFO  server.session (HouseKeeper.java:startScavenging(140)) - node0 Scavenging every 600000ms
2020-06-09 10:47:29,379 [Listener at 127.0.0.1/11526] INFO  server.AuthenticationFilter (AuthenticationFilter.java:constructSecretProvider(240)) - Unable to initialize FileSignerSecretProvider, falling back to use random secrets.
2020-06-09 10:47:29,380 [Listener at 127.0.0.1/11526] INFO  handler.ContextHandler (ContextHandler.java:doStart(825)) - Started o.e.j.s.ServletContextHandler@368381cd{logs,/logs,file:///github/workspace/mnt/ozone/hadoop-ozone/integration-test/target/log,AVAILABLE}
2020-06-09 10:47:29,380 [Listener at 127.0.0.1/11526] INFO  handler.ContextHandler (ContextHandler.java:doStart(825)) - Started o.e.j.s.ServletContextHandler@263813e6{static,/static,file:///github/workspace/mnt/ozone/hadoop-ozone/integration-test/target/test-classes/webapps/static,AVAILABLE}
2020-06-09 10:47:29,382 [Listener at 127.0.0.1/11526] INFO  handler.ContextHandler (ContextHandler.java:doStart(825)) - Started o.e.j.w.WebAppContext@718737dc{ozoneManager,/,file:///github/workspace/mnt/ozone/hadoop-ozone/integration-test/target/test-classes/webapps/ozoneManager/,AVAILABLE}{file:/github/workspace/mnt/ozone/hadoop-ozone/integration-test/target/test-classes/webapps/ozoneManager}
2020-06-09 10:47:29,383 [Listener at 127.0.0.1/11526] INFO  server.AbstractConnector (AbstractConnector.java:doStart(330)) - Started ServerConnector@6eba0cd7{HTTP/1.1,[http/1.1]}{0.0.0.0:11528}
2020-06-09 10:47:29,383 [Listener at 127.0.0.1/11526] INFO  server.Server (Server.java:doStart(399)) - Started @238723ms
2020-06-09 10:47:29,383 [Listener at 127.0.0.1/11526] WARN  impl.MetricsSystemImpl (MetricsSystemImpl.java:register(276)) - Sink prometheus already exists!
2020-06-09 10:47:29,392 [Listener at 127.0.0.1/11526] INFO  http.BaseHttpServer (BaseHttpServer.java:updateConnectorAddress(325)) - HTTP server of ozoneManager listening at http://0.0.0.0:11528
2020-06-09 10:47:29,393 [Listener at 127.0.0.1/11526] INFO  ozone.MiniOzoneHAClusterImpl (MiniOzoneHAClusterImpl.java:createOMService(380)) - Started OzoneManager RPC server at localhost/127.0.0.1:11526
2020-06-09 10:47:29,393 [Listener at 127.0.0.1/11526] WARN  server.ServerUtils (ServerUtils.java:getDBPath(225)) - ozone.om.db.dirs is not configured. We recommend adding this setting. Falling back to ozone.metadata.dirs instead.
2020-06-09 10:47:29,394 [org.apache.hadoop.util.JvmPauseMonitor$Monitor@62d1244e] INFO  util.JvmPauseMonitor (JvmPauseMonitor.java:run(188)) - Starting JVM pause monitor
2020-06-09 10:47:29,394 [Listener at 127.0.0.1/11526] INFO  ha.OMHANodeDetails (OMHANodeDetails.java:loadOMHAConfig(110)) - ServiceID for OzoneManager is om-service-test1
2020-06-09 10:47:29,395 [Listener at 127.0.0.1/11526] INFO  ha.OMHANodeDetails (OMHANodeDetails.java:loadOMHAConfig(188)) - Found matching OM address with OMServiceId: om-service-test1, OMNodeId: omNode-3, RPC Address: localhost:11532 and Ratis port: 11536
2020-06-09 10:47:29,395 [Listener at 127.0.0.1/11526] INFO  ha.OMHANodeDetails (OMHANodeDetails.java:setOMNodeSpecificConfigs(314)) - Setting configuration key ozone.om.http-address with value of key ozone.om.http-address.omNode-3: 127.0.0.1:11534
2020-06-09 10:47:29,395 [Listener at 127.0.0.1/11526] INFO  ha.OMHANodeDetails (OMHANodeDetails.java:setOMNodeSpecificConfigs(314)) - Setting configuration key ozone.om.https-address with value of key ozone.om.https-address.omNode-3: 127.0.0.1:11535
2020-06-09 10:47:29,395 [Listener at 127.0.0.1/11526] INFO  ha.OMHANodeDetails (OMHANodeDetails.java:setOMNodeSpecificConfigs(314)) - Setting configuration key ozone.om.address with value of key ozone.om.address.omNode-3: 127.0.0.1:11532
2020-06-09 10:47:29,395 [Listener at 127.0.0.1/11526] WARN  server.ServerUtils (ServerUtils.java:getDBPath(225)) - ozone.om.db.dirs is not configured. We recommend adding this setting. Falling back to ozone.metadata.dirs instead.
2020-06-09 10:47:29,395 [Listener at 127.0.0.1/11526] WARN  server.ServerUtils (ServerUtils.java:getDBPath(225)) - ozone.om.db.dirs is not configured. We recommend adding this setting. Falling back to ozone.metadata.dirs instead.
2020-06-09 10:47:29,397 [Listener at 127.0.0.1/11526] WARN  server.ServerUtils (ServerUtils.java:getDBPath(225)) - ozone.om.db.dirs is not configured. We recommend adding this setting. Falling back to ozone.metadata.dirs instead.
2020-06-09 10:47:29,456 [Listener at 127.0.0.1/11526] WARN  server.ServerUtils (ServerUtils.java:getDefaultRatisDirectory(237)) - Storage directory for Ratis is not configured. It is a good idea to map this to an SSD disk. Falling back to ozone.metadata.dirs
2020-06-09 10:47:29,456 [Listener at 127.0.0.1/11526] INFO  ratis.OzoneManagerRatisServer (OzoneManagerRatisServer.java:<init>(268)) - Instantiating OM Ratis server with GroupID: om-service-test1 and Raft Peers: localhost:11536, localhost:11524, localhost:11530
2020-06-09 10:47:29,456 [Listener at 127.0.0.1/11526] INFO  ratis.OzoneManagerStateMachine (OzoneManagerStateMachine.java:updateLastAppliedIndexWithSnaphsotIndex(524)) - LastAppliedIndex set from SnapShotInfo (t:0, i:~)
2020-06-09 10:47:29,456 [Listener at 127.0.0.1/11526] INFO  impl.RaftServerProxy (ConfUtils.java:logGet(44)) - raft.rpc.type = GRPC (default)
2020-06-09 10:47:29,457 [Listener at 127.0.0.1/11526] INFO  grpc.GrpcFactory (GrpcFactory.java:checkPooledByteBufAllocatorUseCacheForAllThreads(45)) - PERFORMANCE WARNING: useCacheForAllThreads is true that may cause Netty to create a lot garbage objects and, as a result, trigger GC.
	It is recommended to disable useCacheForAllThreads by setting -Dorg.apache.ratis.thirdparty.io.netty.allocator.useCacheForAllThreads=false in command line.
2020-06-09 10:47:29,457 [Listener at 127.0.0.1/11526] INFO  grpc.GrpcConfigKeys (ConfUtils.java:logGet(44)) - raft.grpc.server.port = 11536 (custom)
2020-06-09 10:47:29,457 [Listener at 127.0.0.1/11526] INFO  server.GrpcService (ConfUtils.java:logGet(44)) - raft.grpc.message.size.max = 33554432 (custom)
2020-06-09 10:47:29,457 [Listener at 127.0.0.1/11526] INFO  server.RaftServerConfigKeys (ConfUtils.java:logGet(44)) - raft.server.log.appender.buffer.byte-limit = 33554432 (custom)
2020-06-09 10:47:29,457 [Listener at 127.0.0.1/11526] INFO  server.GrpcService (ConfUtils.java:logGet(44)) - raft.grpc.flow.control.window = 1MB (=1048576) (default)
2020-06-09 10:47:29,457 [Listener at 127.0.0.1/11526] INFO  server.RaftServerConfigKeys (ConfUtils.java:logGet(44)) - raft.server.rpc.request.timeout = 3000ms (default)
2020-06-09 10:47:29,458 [Listener at 127.0.0.1/11526] INFO  server.RaftServerConfigKeys (ConfUtils.java:logGet(44)) - raft.server.storage.dir = [/github/workspace/mnt/ozone/hadoop-ozone/integration-test/target/test-dir/MiniOzoneClusterImpl-428de9cd-98e2-485e-b164-55ba4e728ea0/omNode-3/ratis] (custom)
2020-06-09 10:47:29,458 [Listener at 127.0.0.1/11526] INFO  impl.RaftServerProxy (RaftServerProxy.java:addNew(89)) - omNode-3: addNew group-523986131536:[omNode-3:localhost:11536, omNode-1:localhost:11524, omNode-2:localhost:11530] returns group-523986131536:java.util.concurrent.CompletableFuture@3b68c96[Not completed]
2020-06-09 10:47:29,459 [pool-1076-thread-1] INFO  impl.RaftServerImpl (RaftServerImpl.java:<init>(99)) - omNode-3: new RaftServerImpl for group-523986131536:[omNode-3:localhost:11536, omNode-1:localhost:11524, omNode-2:localhost:11530] with OzoneManagerStateMachine:uninitialized
2020-06-09 10:47:29,459 [pool-1076-thread-1] INFO  server.RaftServerConfigKeys (ConfUtils.java:logGet(44)) - raft.server.rpc.timeout.min = 1s (custom)
2020-06-09 10:47:29,459 [pool-1076-thread-1] INFO  server.RaftServerConfigKeys (ConfUtils.java:logGet(44)) - raft.server.rpc.timeout.max = 1200ms (custom)
2020-06-09 10:47:29,459 [pool-1076-thread-1] INFO  server.RaftServerConfigKeys (ConfUtils.java:logGet(44)) - raft.server.rpcslowness.timeout = 2s (custom)
2020-06-09 10:47:29,459 [pool-1076-thread-1] INFO  server.RaftServerConfigKeys (ConfUtils.java:logGet(44)) - raft.server.sleep.deviation.threshold = 300 (default)
2020-06-09 10:47:29,459 [pool-1076-thread-1] INFO  server.RaftServerConfigKeys (ConfUtils.java:logGet(44)) - raft.server.log.appender.install.snapshot.enabled = false (custom)
2020-06-09 10:47:29,459 [pool-1076-thread-1] INFO  impl.RaftServerImpl (ServerState.java:<init>(103)) - omNode-3@group-523986131536: ConfigurationManager, init=-1: [omNode-3:localhost:11536, omNode-1:localhost:11524, omNode-2:localhost:11530], old=null, confs=<EMPTY_MAP>
2020-06-09 10:47:29,459 [pool-1076-thread-1] INFO  server.RaftServerConfigKeys (ConfUtils.java:logGet(44)) - raft.server.storage.dir = [/github/workspace/mnt/ozone/hadoop-ozone/integration-test/target/test-dir/MiniOzoneClusterImpl-428de9cd-98e2-485e-b164-55ba4e728ea0/omNode-3/ratis] (custom)
2020-06-09 10:47:29,459 [pool-1076-thread-1] INFO  server.RaftServerConfigKeys (ConfUtils.java:logGet(44)) - raft.server.log.corruption.policy = EXCEPTION (default)
2020-06-09 10:47:29,459 [pool-1076-thread-1] INFO  storage.RaftStorageDirectory (RaftStorageDirectory.java:analyzeStorage(261)) - The storage directory /github/workspace/mnt/ozone/hadoop-ozone/integration-test/target/test-dir/MiniOzoneClusterImpl-428de9cd-98e2-485e-b164-55ba4e728ea0/omNode-3/ratis/c9bc4cf4-3bc3-3c60-a66b-523986131536 does not exist. Creating ...
2020-06-09 10:47:29,460 [Listener at 127.0.0.1/11526] INFO  om.OzoneManager (OzoneManager.java:initializeRatisServer(1226)) - OzoneManager Ratis server initialized at port 11536
2020-06-09 10:47:29,460 [Listener at 127.0.0.1/11526] WARN  server.ServerUtils (ServerUtils.java:getDefaultRatisDirectory(237)) - Storage directory for Ratis is not configured. It is a good idea to map this to an SSD disk. Falling back to ozone.metadata.dirs
2020-06-09 10:47:29,460 [Listener at 127.0.0.1/11526] WARN  server.ServerUtils (ServerUtils.java:getDefaultRatisDirectory(237)) - Storage directory for Ratis is not configured. It is a good idea to map this to an SSD disk. Falling back to ozone.metadata.dirs
2020-06-09 10:47:29,460 [Listener at 127.0.0.1/11526] INFO  snapshot.OzoneManagerSnapshotProvider (OzoneManagerSnapshotProvider.java:<init>(77)) - Initializing OM Snapshot Provider
2020-06-09 10:47:29,461 [Listener at 127.0.0.1/11526] INFO  ipc.CallQueueManager (CallQueueManager.java:<init>(84)) - Using callQueue: class java.util.concurrent.LinkedBlockingQueue, queueCapacity: 2000, scheduler: class org.apache.hadoop.ipc.DefaultRpcScheduler, ipcBackoff: false.
2020-06-09 10:47:29,462 [Socket Reader #1 for port 11532] INFO  ipc.Server (Server.java:run(1219)) - Starting Socket Reader #1 for port 11532
2020-06-09 10:47:29,463 [pool-1076-thread-1] INFO  storage.RaftStorageDirectory (RaftStorageDirectory.java:tryLock(343)) - Lock on /github/workspace/mnt/ozone/hadoop-ozone/integration-test/target/test-dir/MiniOzoneClusterImpl-428de9cd-98e2-485e-b164-55ba4e728ea0/omNode-3/ratis/c9bc4cf4-3bc3-3c60-a66b-523986131536/in_use.lock acquired by nodename 24425@6db717622624
2020-06-09 10:47:29,464 [pool-1076-thread-1] INFO  storage.RaftStorage (RaftStorage.java:format(84)) - Storage directory /github/workspace/mnt/ozone/hadoop-ozone/integration-test/target/test-dir/MiniOzoneClusterImpl-428de9cd-98e2-485e-b164-55ba4e728ea0/omNode-3/ratis/c9bc4cf4-3bc3-3c60-a66b-523986131536 has been successfully formatted.
2020-06-09 10:47:29,464 [pool-1076-thread-1] INFO  server.RaftServerConfigKeys (ConfUtils.java:logGet(44)) - raft.server.notification.no-leader.timeout = 2s (custom)
2020-06-09 10:47:29,464 [pool-1076-thread-1] INFO  server.RaftServerConfigKeys (ConfUtils.java:logGet(44)) - raft.server.log.use.memory = false (default)
2020-06-09 10:47:29,465 [pool-1076-thread-1] INFO  server.RaftServerConfigKeys (ConfUtils.java:logGet(44)) - raft.server.log.purge.gap = 50 (custom)
2020-06-09 10:47:29,465 [pool-1076-thread-1] INFO  server.RaftServerConfigKeys (ConfUtils.java:logGet(44)) - raft.server.log.appender.buffer.byte-limit = 33554432 (custom)
2020-06-09 10:47:29,465 [pool-1076-thread-1] INFO  server.RaftServerConfigKeys (ConfUtils.java:logGet(44)) - raft.server.log.segment.size.max = 16384 (custom)
2020-06-09 10:47:29,465 [pool-1076-thread-1] INFO  metrics.RatisMetrics (RatisMetrics.java:lambda$create$0(36)) - Creating Metrics Registry : ratis.log_worker.omNode-3@group-523986131536
2020-06-09 10:47:29,465 [pool-1076-thread-1] INFO  server.RaftServerConfigKeys (ConfUtils.java:logGet(44)) - raft.server.log.segment.cache.num.max = 2 (custom)
2020-06-09 10:47:29,465 [pool-1076-thread-1] INFO  segmented.SegmentedRaftLogWorker (SegmentedRaftLogWorker.java:<init>(180)) - new omNode-3@group-523986131536-SegmentedRaftLogWorker for RaftStorage:Storage Directory /github/workspace/mnt/ozone/hadoop-ozone/integration-test/target/test-dir/MiniOzoneClusterImpl-428de9cd-98e2-485e-b164-55ba4e728ea0/omNode-3/ratis/c9bc4cf4-3bc3-3c60-a66b-523986131536
2020-06-09 10:47:29,465 [pool-1076-thread-1] INFO  server.RaftServerConfigKeys (ConfUtils.java:logGet(44)) - raft.server.log.queue.byte-limit = 64MB (=67108864) (default)
2020-06-09 10:47:29,465 [pool-1076-thread-1] INFO  server.RaftServerConfigKeys (ConfUtils.java:logGet(44)) - raft.server.log.queue.element-limit = 4096 (default)
2020-06-09 10:47:29,465 [pool-1076-thread-1] INFO  server.RaftServerConfigKeys (ConfUtils.java:logGet(44)) - raft.server.log.segment.size.max = 16384 (custom)
2020-06-09 10:47:29,465 [pool-1076-thread-1] INFO  server.RaftServerConfigKeys (ConfUtils.java:logGet(44)) - raft.server.log.preallocated.size = 16384 (custom)
2020-06-09 10:47:29,465 [pool-1076-thread-1] INFO  server.RaftServerConfigKeys (ConfUtils.java:logGet(44)) - raft.server.log.write.buffer.size = 64KB (=65536) (default)
2020-06-09 10:47:29,465 [pool-1076-thread-1] INFO  server.RaftServerConfigKeys (ConfUtils.java:logGet(44)) - raft.server.log.force.sync.num = 128 (default)
2020-06-09 10:47:29,465 [pool-1076-thread-1] INFO  server.RaftServerConfigKeys (ConfUtils.java:logGet(44)) - raft.server.log.statemachine.data.sync = true (default)
2020-06-09 10:47:29,465 [pool-1076-thread-1] INFO  server.RaftServerConfigKeys (ConfUtils.java:logGet(44)) - raft.server.log.statemachine.data.sync.timeout = 10s (default)
2020-06-09 10:47:29,465 [pool-1076-thread-1] INFO  server.RaftServerConfigKeys (ConfUtils.java:logGet(44)) - raft.server.log.statemachine.data.sync.timeout.retry = -1 (default)
2020-06-09 10:47:29,468 [pool-1076-thread-1] INFO  server.RaftServerConfigKeys (ConfUtils.java:logGet(44)) - raft.server.log.statemachine.data.caching.enabled = false (default)
2020-06-09 10:47:29,468 [pool-1076-thread-1] INFO  segmented.SegmentedRaftLogWorker (SegmentedRaftLogWorker.java:lambda$new$0(129)) - omNode-3@group-523986131536-SegmentedRaftLogWorker: flushIndex: setUnconditionally 0 -> -1
2020-06-09 10:47:29,468 [pool-1076-thread-1] INFO  segmented.SegmentedRaftLogWorker (SegmentedRaftLogWorker.java:lambda$new$0(129)) - omNode-3@group-523986131536-SegmentedRaftLogWorker: safeCacheEvictIndex: setUnconditionally 0 -> -1
2020-06-09 10:47:29,468 [pool-1076-thread-1] INFO  server.RaftServerConfigKeys (ConfUtils.java:logGet(44)) - raft.server.snapshot.auto.trigger.enabled = true (custom)
2020-06-09 10:47:29,468 [pool-1076-thread-1] INFO  server.RaftServerConfigKeys (ConfUtils.java:logGet(44)) - raft.server.snapshot.auto.trigger.threshold = 50 (custom)
2020-06-09 10:47:29,468 [pool-1076-thread-1] INFO  server.RaftServerConfigKeys (ConfUtils.java:logGet(44)) - raft.server.snapshot.retention.file.num = -1 (default)
2020-06-09 10:47:29,468 [pool-1076-thread-1] INFO  server.RaftServerConfigKeys (ConfUtils.java:logGet(44)) - raft.server.log.purge.upto.snapshot.index = false (default)
2020-06-09 10:47:29,468 [pool-1076-thread-1] INFO  server.RaftServerConfigKeys (ConfUtils.java:logGet(44)) - raft.server.retrycache.expirytime = 600000ms (custom)
2020-06-09 10:47:29,468 [pool-1076-thread-1] INFO  metrics.RatisMetrics (RatisMetrics.java:lambda$create$0(36)) - Creating Metrics Registry : ratis.leader_election.omNode-3@group-523986131536
2020-06-09 10:47:29,469 [pool-1076-thread-1] INFO  metrics.RatisMetrics (RatisMetrics.java:lambda$create$0(36)) - Creating Metrics Registry : ratis.server.omNode-3@group-523986131536
2020-06-09 10:47:29,479 [Listener at 127.0.0.1/11532] INFO  impl.MetricsSystemImpl (MetricsSystemImpl.java:init(158)) - OzoneManager metrics system started (again)
2020-06-09 10:47:29,481 [Listener at 127.0.0.1/11532] INFO  om.OzoneManager (OzoneManager.java:start(1085)) - OzoneManager RPC server is listening at localhost/127.0.0.1:11532
2020-06-09 10:47:29,481 [Listener at 127.0.0.1/11532] INFO  ratis.OzoneManagerRatisServer (OzoneManagerRatisServer.java:start(364)) - Starting OzoneManagerRatisServer omNode-3 at port 11536
2020-06-09 10:47:29,482 [Listener at 127.0.0.1/11532] INFO  impl.RaftServerImpl (RaftServerImpl.java:start(186)) - omNode-3@group-523986131536: start as a follower, conf=-1: [omNode-3:localhost:11536, omNode-1:localhost:11524, omNode-2:localhost:11530], old=null
2020-06-09 10:47:29,482 [Listener at 127.0.0.1/11532] INFO  impl.RaftServerImpl (RaftServerImpl.java:setRole(175)) - omNode-3@group-523986131536: changes role from      null to FOLLOWER at term 0 for startAsFollower
2020-06-09 10:47:29,482 [Listener at 127.0.0.1/11532] INFO  impl.RoleInfo (RoleInfo.java:updateAndGet(143)) - omNode-3: start FollowerState
2020-06-09 10:47:29,483 [Listener at 127.0.0.1/11532] INFO  util.JmxRegister (JmxRegister.java:tryRegister(44)) - Successfully registered JMX Bean with object name Ratis:service=RaftServer,group=group-523986131536,id=omNode-3
2020-06-09 10:47:29,483 [Listener at 127.0.0.1/11532] INFO  metrics.RatisMetrics (RatisMetrics.java:lambda$create$0(36)) - Creating Metrics Registry : ratis.state_machine.omNode-3@group-523986131536
2020-06-09 10:47:29,484 [Listener at 127.0.0.1/11532] INFO  impl.RaftServerProxy (RaftServerProxy.java:lambda$start$3(304)) - omNode-3: start RPC server
2020-06-09 10:47:29,485 [Listener at 127.0.0.1/11532] INFO  server.GrpcService (GrpcService.java:startImpl(160)) - omNode-3: GrpcService started, listening on 0.0.0.0/0.0.0.0:11536
2020-06-09 10:47:29,486 [IPC Server Responder] INFO  ipc.Server (Server.java:run(1460)) - IPC Server Responder: starting
2020-06-09 10:47:29,491 [IPC Server listener on 11532] INFO  ipc.Server (Server.java:run(1298)) - IPC Server listener on 11532: starting
2020-06-09 10:47:29,497 [Listener at 127.0.0.1/11532] INFO  http.BaseHttpServer (BaseHttpServer.java:newHttpServer2BuilderForOzone(205)) - Starting Web-server for ozoneManager at: http://0.0.0.0:11534
2020-06-09 10:47:29,497 [Listener at 127.0.0.1/11532] INFO  http.BaseHttpServer (BaseHttpServer.java:<init>(106)) - Hadoop Security Enabled: false Ozone Security Enabled: false Ozone HTTP Security Enabled: false 
2020-06-09 10:47:29,498 [Listener at 127.0.0.1/11532] INFO  server.AuthenticationFilter (AuthenticationFilter.java:constructSecretProvider(240)) - Unable to initialize FileSignerSecretProvider, falling back to use random secrets.
2020-06-09 10:47:29,498 [Listener at 127.0.0.1/11532] WARN  http.HttpRequestLog (HttpRequestLog.java:getRequestLog(103)) - Jetty request log can only be enabled using Log4j
2020-06-09 10:47:29,498 [Listener at 127.0.0.1/11532] INFO  http.HttpServer2 (HttpServer2.java:addGlobalFilter(993)) - Added global filter 'safety' (class=org.apache.hadoop.hdds.server.http.HttpServer2$QuotingInputFilter)
2020-06-09 10:47:29,499 [Listener at 127.0.0.1/11532] INFO  http.HttpServer2 (HttpServer2.java:addFilter(969)) - Added filter authentication (class=org.apache.hadoop.security.authentication.server.AuthenticationFilter) to context ozoneManager
2020-06-09 10:47:29,499 [Listener at 127.0.0.1/11532] INFO  http.HttpServer2 (HttpServer2.java:addFilter(977)) - Added filter authentication (class=org.apache.hadoop.security.authentication.server.AuthenticationFilter) to context logs
2020-06-09 10:47:29,499 [Listener at 127.0.0.1/11532] INFO  http.HttpServer2 (HttpServer2.java:addFilter(977)) - Added filter authentication (class=org.apache.hadoop.security.authentication.server.AuthenticationFilter) to context static
2020-06-09 10:47:29,499 [Listener at 127.0.0.1/11532] INFO  http.HttpServer2 (HttpServer2.java:bindListener(1211)) - Jetty bound to port 11534
2020-06-09 10:47:29,499 [Listener at 127.0.0.1/11532] INFO  server.Server (Server.java:doStart(359)) - jetty-9.4.26.v20200117; built: 2020-01-17T12:35:33.676Z; git: 7b38981d25d14afb4a12ff1f2596756144edf695; jvm 1.8.0_232-b09
2020-06-09 10:47:29,502 [Listener at 127.0.0.1/11532] INFO  server.session (DefaultSessionIdManager.java:doStart(333)) - DefaultSessionIdManager workerName=node0
2020-06-09 10:47:29,502 [Listener at 127.0.0.1/11532] INFO  server.session (DefaultSessionIdManager.java:doStart(338)) - No SessionScavenger set, using defaults
2020-06-09 10:47:29,502 [Listener at 127.0.0.1/11532] INFO  server.session (HouseKeeper.java:startScavenging(140)) - node0 Scavenging every 660000ms
2020-06-09 10:47:29,503 [Listener at 127.0.0.1/11532] INFO  server.AuthenticationFilter (AuthenticationFilter.java:constructSecretProvider(240)) - Unable to initialize FileSignerSecretProvider, falling back to use random secrets.
2020-06-09 10:47:29,503 [Listener at 127.0.0.1/11532] INFO  handler.ContextHandler (ContextHandler.java:doStart(825)) - Started o.e.j.s.ServletContextHandler@180510fd{logs,/logs,file:///github/workspace/mnt/ozone/hadoop-ozone/integration-test/target/log,AVAILABLE}
2020-06-09 10:47:29,503 [Listener at 127.0.0.1/11532] INFO  handler.ContextHandler (ContextHandler.java:doStart(825)) - Started o.e.j.s.ServletContextHandler@27dccff1{static,/static,file:///github/workspace/mnt/ozone/hadoop-ozone/integration-test/target/test-classes/webapps/static,AVAILABLE}
2020-06-09 10:47:29,505 [Listener at 127.0.0.1/11532] INFO  handler.ContextHandler (ContextHandler.java:doStart(825)) - Started o.e.j.w.WebAppContext@7ccf185f{ozoneManager,/,file:///github/workspace/mnt/ozone/hadoop-ozone/integration-test/target/test-classes/webapps/ozoneManager/,AVAILABLE}{file:/github/workspace/mnt/ozone/hadoop-ozone/integration-test/target/test-classes/webapps/ozoneManager}
2020-06-09 10:47:29,506 [Listener at 127.0.0.1/11532] INFO  server.AbstractConnector (AbstractConnector.java:doStart(330)) - Started ServerConnector@f22718a{HTTP/1.1,[http/1.1]}{0.0.0.0:11534}
2020-06-09 10:47:29,506 [Listener at 127.0.0.1/11532] INFO  server.Server (Server.java:doStart(399)) - Started @238846ms
2020-06-09 10:47:29,506 [Listener at 127.0.0.1/11532] WARN  impl.MetricsSystemImpl (MetricsSystemImpl.java:register(276)) - Sink prometheus already exists!
2020-06-09 10:47:29,509 [Listener at 127.0.0.1/11532] INFO  http.BaseHttpServer (BaseHttpServer.java:updateConnectorAddress(325)) - HTTP server of ozoneManager listening at http://0.0.0.0:11534
2020-06-09 10:47:29,509 [Listener at 127.0.0.1/11532] INFO  ozone.MiniOzoneHAClusterImpl (MiniOzoneHAClusterImpl.java:createOMService(380)) - Started OzoneManager RPC server at localhost/127.0.0.1:11532
2020-06-09 10:47:29,509 [org.apache.hadoop.util.JvmPauseMonitor$Monitor@6249f3b2] INFO  util.JvmPauseMonitor (JvmPauseMonitor.java:run(188)) - Starting JVM pause monitor
2020-06-09 10:47:29,513 [Listener at 127.0.0.1/11532] INFO  impl.MetricsSystemImpl (MetricsSystemImpl.java:init(158)) - HddsDatanode metrics system started (again)
2020-06-09 10:47:29,516 [Listener at 127.0.0.1/11532] INFO  ozone.HddsDatanodeService (HddsDatanodeService.java:start(197)) - HddsDatanodeService host:6db717622624 ip:172.17.0.2
2020-06-09 10:47:29,518 [Listener at 127.0.0.1/11532] INFO  volume.HddsVolume (HddsVolume.java:<init>(176)) - Creating Volume: /github/workspace/mnt/ozone/hadoop-ozone/integration-test/target/test-dir/MiniOzoneClusterImpl-428de9cd-98e2-485e-b164-55ba4e728ea0/datanode-0/data-0/containers/hdds of storage type : DISK and capacity : 9223372036854775807
2020-06-09 10:47:29,518 [Listener at 127.0.0.1/11532] INFO  volume.MutableVolumeSet (MutableVolumeSet.java:initializeVolumeSet(181)) - Added Volume : /github/workspace/mnt/ozone/hadoop-ozone/integration-test/target/test-dir/MiniOzoneClusterImpl-428de9cd-98e2-485e-b164-55ba4e728ea0/datanode-0/data-0/containers/hdds to VolumeSet
2020-06-09 10:47:29,518 [Listener at 127.0.0.1/11532] INFO  volume.ThrottledAsyncChecker (ThrottledAsyncChecker.java:schedule(141)) - Scheduling a check for /github/workspace/mnt/ozone/hadoop-ozone/integration-test/target/test-dir/MiniOzoneClusterImpl-428de9cd-98e2-485e-b164-55ba4e728ea0/datanode-0/data-0/containers/hdds
2020-06-09 10:47:29,519 [Listener at 127.0.0.1/11532] INFO  volume.HddsVolumeChecker (HddsVolumeChecker.java:checkAllVolumes(200)) - Scheduled health check for volume /github/workspace/mnt/ozone/hadoop-ozone/integration-test/target/test-dir/MiniOzoneClusterImpl-428de9cd-98e2-485e-b164-55ba4e728ea0/datanode-0/data-0/containers/hdds
2020-06-09 10:47:29,532 [Listener at 127.0.0.1/11532] INFO  impl.RaftServerProxy (ConfUtils.java:logGet(44)) - raft.rpc.type = GRPC (default)
2020-06-09 10:47:29,532 [Listener at 127.0.0.1/11532] INFO  grpc.GrpcFactory (GrpcFactory.java:checkPooledByteBufAllocatorUseCacheForAllThreads(45)) - PERFORMANCE WARNING: useCacheForAllThreads is true that may cause Netty to create a lot garbage objects and, as a result, trigger GC.
	It is recommended to disable useCacheForAllThreads by setting -Dorg.apache.ratis.thirdparty.io.netty.allocator.useCacheForAllThreads=false in command line.
2020-06-09 10:47:29,532 [Listener at 127.0.0.1/11532] INFO  grpc.GrpcConfigKeys (ConfUtils.java:logGet(44)) - raft.grpc.server.port = 0 (default)
2020-06-09 10:47:29,532 [Listener at 127.0.0.1/11532] INFO  server.GrpcService (ConfUtils.java:logGet(44)) - raft.grpc.message.size.max = 32MB (=33554432) (custom)
2020-06-09 10:47:29,532 [Listener at 127.0.0.1/11532] INFO  server.RaftServerConfigKeys (ConfUtils.java:logGet(44)) - raft.server.log.appender.buffer.byte-limit = 33554432 (custom)
2020-06-09 10:47:29,532 [Listener at 127.0.0.1/11532] INFO  server.GrpcService (ConfUtils.java:logGet(44)) - raft.grpc.flow.control.window = 5MB (=5242880) (custom)
2020-06-09 10:47:29,532 [Listener at 127.0.0.1/11532] INFO  server.RaftServerConfigKeys (ConfUtils.java:logGet(44)) - raft.server.rpc.request.timeout = 60s (custom)
2020-06-09 10:47:29,533 [Listener at 127.0.0.1/11532] INFO  server.RaftServerConfigKeys (ConfUtils.java:logGet(44)) - raft.server.storage.dir = [/github/workspace/mnt/ozone/hadoop-ozone/integration-test/target/test-dir/MiniOzoneClusterImpl-428de9cd-98e2-485e-b164-55ba4e728ea0/datanode-0/data/ratis] (custom)
2020-06-09 10:47:29,537 [Listener at 127.0.0.1/11532] INFO  http.BaseHttpServer (BaseHttpServer.java:newHttpServer2BuilderForOzone(205)) - Starting Web-server for hddsDatanode at: http://0.0.0.0:0
2020-06-09 10:47:29,537 [Listener at 127.0.0.1/11532] INFO  http.BaseHttpServer (BaseHttpServer.java:<init>(106)) - Hadoop Security Enabled: false Ozone Security Enabled: false Ozone HTTP Security Enabled: false 
2020-06-09 10:47:29,538 [Listener at 127.0.0.1/11532] INFO  server.AuthenticationFilter (AuthenticationFilter.java:constructSecretProvider(240)) - Unable to initialize FileSignerSecretProvider, falling back to use random secrets.
2020-06-09 10:47:29,542 [Listener at 127.0.0.1/11532] WARN  http.HttpRequestLog (HttpRequestLog.java:getRequestLog(103)) - Jetty request log can only be enabled using Log4j
2020-06-09 10:47:29,542 [Listener at 127.0.0.1/11532] INFO  http.HttpServer2 (HttpServer2.java:addGlobalFilter(993)) - Added global filter 'safety' (class=org.apache.hadoop.hdds.server.http.HttpServer2$QuotingInputFilter)
2020-06-09 10:47:29,543 [Listener at 127.0.0.1/11532] INFO  http.HttpServer2 (HttpServer2.java:addFilter(969)) - Added filter authentication (class=org.apache.hadoop.security.authentication.server.AuthenticationFilter) to context hddsDatanode
2020-06-09 10:47:29,543 [Listener at 127.0.0.1/11532] INFO  http.HttpServer2 (HttpServer2.java:addFilter(977)) - Added filter authentication (class=org.apache.hadoop.security.authentication.server.AuthenticationFilter) to context static
2020-06-09 10:47:29,543 [Listener at 127.0.0.1/11532] INFO  http.HttpServer2 (HttpServer2.java:addFilter(977)) - Added filter authentication (class=org.apache.hadoop.security.authentication.server.AuthenticationFilter) to context logs
2020-06-09 10:47:29,543 [Listener at 127.0.0.1/11532] INFO  http.HttpServer2 (HttpServer2.java:bindListener(1211)) - Jetty bound to port 46501
2020-06-09 10:47:29,543 [Listener at 127.0.0.1/11532] INFO  server.Server (Server.java:doStart(359)) - jetty-9.4.26.v20200117; built: 2020-01-17T12:35:33.676Z; git: 7b38981d25d14afb4a12ff1f2596756144edf695; jvm 1.8.0_232-b09
2020-06-09 10:47:29,548 [Listener at 127.0.0.1/11532] INFO  server.session (DefaultSessionIdManager.java:doStart(333)) - DefaultSessionIdManager workerName=node0
2020-06-09 10:47:29,548 [Listener at 127.0.0.1/11532] INFO  server.session (DefaultSessionIdManager.java:doStart(338)) - No SessionScavenger set, using defaults
2020-06-09 10:47:29,548 [Listener at 127.0.0.1/11532] INFO  server.session (HouseKeeper.java:startScavenging(140)) - node0 Scavenging every 660000ms
2020-06-09 10:47:29,548 [Listener at 127.0.0.1/11532] INFO  server.AuthenticationFilter (AuthenticationFilter.java:constructSecretProvider(240)) - Unable to initialize FileSignerSecretProvider, falling back to use random secrets.
2020-06-09 10:47:29,551 [Listener at 127.0.0.1/11532] INFO  handler.ContextHandler (ContextHandler.java:doStart(825)) - Started o.e.j.s.ServletContextHandler@667dcb13{logs,/logs,file:///github/workspace/mnt/ozone/hadoop-ozone/integration-test/target/log,AVAILABLE}
2020-06-09 10:47:29,551 [Listener at 127.0.0.1/11532] INFO  handler.ContextHandler (ContextHandler.java:doStart(825)) - Started o.e.j.s.ServletContextHandler@2fa304d0{static,/static,jar:file:/home/user/.m2/repository/org/apache/hadoop/hadoop-hdds-container-service/0.6.0-SNAPSHOT/hadoop-hdds-container-service-0.6.0-SNAPSHOT.jar!/webapps/static,AVAILABLE}
2020-06-09 10:47:29,567 [Listener at 127.0.0.1/11532] INFO  handler.ContextHandler (ContextHandler.java:doStart(825)) - Started o.e.j.w.WebAppContext@754c5523{hddsDatanode,/,file:///tmp/jetty-0_0_0_0-46501-hadoop-hdds-container-service-0_6_0-SNAPSHOT_jar-_-any-4743650858236609488.dir/webapp/,AVAILABLE}{jar:file:/home/user/.m2/repository/org/apache/hadoop/hadoop-hdds-container-service/0.6.0-SNAPSHOT/hadoop-hdds-container-service-0.6.0-SNAPSHOT.jar!/webapps/hddsDatanode}
2020-06-09 10:47:29,569 [Listener at 127.0.0.1/11532] INFO  server.AbstractConnector (AbstractConnector.java:doStart(330)) - Started ServerConnector@2a50c1de{HTTP/1.1,[http/1.1]}{0.0.0.0:46501}
2020-06-09 10:47:29,569 [Listener at 127.0.0.1/11532] INFO  server.Server (Server.java:doStart(399)) - Started @238909ms
2020-06-09 10:47:29,569 [Listener at 127.0.0.1/11532] WARN  impl.MetricsSystemImpl (MetricsSystemImpl.java:register(276)) - Sink prometheus already exists!
2020-06-09 10:47:29,573 [Listener at 127.0.0.1/11532] INFO  http.BaseHttpServer (BaseHttpServer.java:updateConnectorAddress(325)) - HTTP server of hddsDatanode listening at http://0.0.0.0:46501
2020-06-09 10:47:29,573 [Listener at 127.0.0.1/11532] INFO  impl.MetricsSystemImpl (MetricsSystemImpl.java:init(158)) - HddsDatanode metrics system started (again)
2020-06-09 10:47:29,577 [Listener at 127.0.0.1/11532] INFO  ozone.HddsDatanodeService (HddsDatanodeService.java:start(197)) - HddsDatanodeService host:6db717622624 ip:172.17.0.2
2020-06-09 10:47:29,578 [Listener at 127.0.0.1/11532] INFO  volume.HddsVolume (HddsVolume.java:<init>(176)) - Creating Volume: /github/workspace/mnt/ozone/hadoop-ozone/integration-test/target/test-dir/MiniOzoneClusterImpl-428de9cd-98e2-485e-b164-55ba4e728ea0/datanode-1/data-0/containers/hdds of storage type : DISK and capacity : 9223372036854775807
2020-06-09 10:47:29,578 [Listener at 127.0.0.1/11532] INFO  volume.MutableVolumeSet (MutableVolumeSet.java:initializeVolumeSet(181)) - Added Volume : /github/workspace/mnt/ozone/hadoop-ozone/integration-test/target/test-dir/MiniOzoneClusterImpl-428de9cd-98e2-485e-b164-55ba4e728ea0/datanode-1/data-0/containers/hdds to VolumeSet
2020-06-09 10:47:29,578 [Listener at 127.0.0.1/11532] INFO  volume.ThrottledAsyncChecker (ThrottledAsyncChecker.java:schedule(141)) - Scheduling a check for /github/workspace/mnt/ozone/hadoop-ozone/integration-test/target/test-dir/MiniOzoneClusterImpl-428de9cd-98e2-485e-b164-55ba4e728ea0/datanode-1/data-0/containers/hdds
2020-06-09 10:47:29,579 [Listener at 127.0.0.1/11532] INFO  volume.HddsVolumeChecker (HddsVolumeChecker.java:checkAllVolumes(200)) - Scheduled health check for volume /github/workspace/mnt/ozone/hadoop-ozone/integration-test/target/test-dir/MiniOzoneClusterImpl-428de9cd-98e2-485e-b164-55ba4e728ea0/datanode-1/data-0/containers/hdds
2020-06-09 10:47:29,592 [Listener at 127.0.0.1/11532] INFO  impl.RaftServerProxy (ConfUtils.java:logGet(44)) - raft.rpc.type = GRPC (default)
2020-06-09 10:47:29,592 [Listener at 127.0.0.1/11532] INFO  grpc.GrpcFactory (GrpcFactory.java:checkPooledByteBufAllocatorUseCacheForAllThreads(45)) - PERFORMANCE WARNING: useCacheForAllThreads is true that may cause Netty to create a lot garbage objects and, as a result, trigger GC.
	It is recommended to disable useCacheForAllThreads by setting -Dorg.apache.ratis.thirdparty.io.netty.allocator.useCacheForAllThreads=false in command line.
2020-06-09 10:47:29,592 [Listener at 127.0.0.1/11532] INFO  grpc.GrpcConfigKeys (ConfUtils.java:logGet(44)) - raft.grpc.server.port = 0 (default)
2020-06-09 10:47:29,592 [Listener at 127.0.0.1/11532] INFO  server.GrpcService (ConfUtils.java:logGet(44)) - raft.grpc.message.size.max = 32MB (=33554432) (custom)
2020-06-09 10:47:29,593 [Listener at 127.0.0.1/11532] INFO  server.RaftServerConfigKeys (ConfUtils.java:logGet(44)) - raft.server.log.appender.buffer.byte-limit = 33554432 (custom)
2020-06-09 10:47:29,593 [Listener at 127.0.0.1/11532] INFO  server.GrpcService (ConfUtils.java:logGet(44)) - raft.grpc.flow.control.window = 5MB (=5242880) (custom)
2020-06-09 10:47:29,593 [Listener at 127.0.0.1/11532] INFO  server.RaftServerConfigKeys (ConfUtils.java:logGet(44)) - raft.server.rpc.request.timeout = 60s (custom)
2020-06-09 10:47:29,594 [Listener at 127.0.0.1/11532] INFO  server.RaftServerConfigKeys (ConfUtils.java:logGet(44)) - raft.server.storage.dir = [/github/workspace/mnt/ozone/hadoop-ozone/integration-test/target/test-dir/MiniOzoneClusterImpl-428de9cd-98e2-485e-b164-55ba4e728ea0/datanode-1/data/ratis] (custom)
2020-06-09 10:47:29,599 [Listener at 127.0.0.1/11532] INFO  http.BaseHttpServer (BaseHttpServer.java:newHttpServer2BuilderForOzone(205)) - Starting Web-server for hddsDatanode at: http://0.0.0.0:0
2020-06-09 10:47:29,599 [Listener at 127.0.0.1/11532] INFO  http.BaseHttpServer (BaseHttpServer.java:<init>(106)) - Hadoop Security Enabled: false Ozone Security Enabled: false Ozone HTTP Security Enabled: false 
2020-06-09 10:47:29,609 [org.apache.hadoop.util.JvmPauseMonitor$Monitor@22dbc32] INFO  util.JvmPauseMonitor (JvmPauseMonitor.java:run(188)) - Starting JVM pause monitor
2020-06-09 10:47:29,609 [Listener at 127.0.0.1/11532] INFO  server.AuthenticationFilter (AuthenticationFilter.java:constructSecretProvider(240)) - Unable to initialize FileSignerSecretProvider, falling back to use random secrets.
2020-06-09 10:47:29,610 [Datanode State Machine Thread - 0] INFO  datanode.InitDatanodeState (InitDatanodeState.java:persistContainerDatanodeDetails(145)) - DatanodeDetails is persisted to /github/workspace/mnt/ozone/hadoop-ozone/integration-test/target/test-dir/MiniOzoneClusterImpl-428de9cd-98e2-485e-b164-55ba4e728ea0/datanode-0/meta/datanode.id
2020-06-09 10:47:29,614 [Listener at 127.0.0.1/11532] WARN  http.HttpRequestLog (HttpRequestLog.java:getRequestLog(103)) - Jetty request log can only be enabled using Log4j
2020-06-09 10:47:29,614 [Listener at 127.0.0.1/11532] INFO  http.HttpServer2 (HttpServer2.java:addGlobalFilter(993)) - Added global filter 'safety' (class=org.apache.hadoop.hdds.server.http.HttpServer2$QuotingInputFilter)
2020-06-09 10:47:29,615 [Listener at 127.0.0.1/11532] INFO  http.HttpServer2 (HttpServer2.java:addFilter(969)) - Added filter authentication (class=org.apache.hadoop.security.authentication.server.AuthenticationFilter) to context hddsDatanode
2020-06-09 10:47:29,615 [Listener at 127.0.0.1/11532] INFO  http.HttpServer2 (HttpServer2.java:addFilter(977)) - Added filter authentication (class=org.apache.hadoop.security.authentication.server.AuthenticationFilter) to context logs
2020-06-09 10:47:29,615 [Listener at 127.0.0.1/11532] INFO  http.HttpServer2 (HttpServer2.java:addFilter(977)) - Added filter authentication (class=org.apache.hadoop.security.authentication.server.AuthenticationFilter) to context static
2020-06-09 10:47:29,615 [Listener at 127.0.0.1/11532] INFO  http.HttpServer2 (HttpServer2.java:bindListener(1211)) - Jetty bound to port 34717
2020-06-09 10:47:29,615 [Listener at 127.0.0.1/11532] INFO  server.Server (Server.java:doStart(359)) - jetty-9.4.26.v20200117; built: 2020-01-17T12:35:33.676Z; git: 7b38981d25d14afb4a12ff1f2596756144edf695; jvm 1.8.0_232-b09
2020-06-09 10:47:29,616 [Listener at 127.0.0.1/11532] INFO  server.session (DefaultSessionIdManager.java:doStart(333)) - DefaultSessionIdManager workerName=node0
2020-06-09 10:47:29,616 [Listener at 127.0.0.1/11532] INFO  server.session (DefaultSessionIdManager.java:doStart(338)) - No SessionScavenger set, using defaults
2020-06-09 10:47:29,617 [Listener at 127.0.0.1/11532] INFO  server.session (HouseKeeper.java:startScavenging(140)) - node0 Scavenging every 600000ms
2020-06-09 10:47:29,617 [Listener at 127.0.0.1/11532] INFO  server.AuthenticationFilter (AuthenticationFilter.java:constructSecretProvider(240)) - Unable to initialize FileSignerSecretProvider, falling back to use random secrets.
2020-06-09 10:47:29,617 [Listener at 127.0.0.1/11532] INFO  handler.ContextHandler (ContextHandler.java:doStart(825)) - Started o.e.j.s.ServletContextHandler@69d1d839{logs,/logs,file:///github/workspace/mnt/ozone/hadoop-ozone/integration-test/target/log,AVAILABLE}
2020-06-09 10:47:29,618 [Listener at 127.0.0.1/11532] INFO  handler.ContextHandler (ContextHandler.java:doStart(825)) - Started o.e.j.s.ServletContextHandler@23f15c29{static,/static,jar:file:/home/user/.m2/repository/org/apache/hadoop/hadoop-hdds-container-service/0.6.0-SNAPSHOT/hadoop-hdds-container-service-0.6.0-SNAPSHOT.jar!/webapps/static,AVAILABLE}
2020-06-09 10:47:29,632 [Listener at 127.0.0.1/11532] INFO  handler.ContextHandler (ContextHandler.java:doStart(825)) - Started o.e.j.w.WebAppContext@3e967d0f{hddsDatanode,/,file:///tmp/jetty-0_0_0_0-34717-hadoop-hdds-container-service-0_6_0-SNAPSHOT_jar-_-any-7086142803080745633.dir/webapp/,AVAILABLE}{jar:file:/home/user/.m2/repository/org/apache/hadoop/hadoop-hdds-container-service/0.6.0-SNAPSHOT/hadoop-hdds-container-service-0.6.0-SNAPSHOT.jar!/webapps/hddsDatanode}
2020-06-09 10:47:29,643 [Listener at 127.0.0.1/11532] INFO  server.AbstractConnector (AbstractConnector.java:doStart(330)) - Started ServerConnector@676d2c93{HTTP/1.1,[http/1.1]}{0.0.0.0:34717}
2020-06-09 10:47:29,643 [Listener at 127.0.0.1/11532] INFO  server.Server (Server.java:doStart(399)) - Started @238983ms
2020-06-09 10:47:29,643 [Listener at 127.0.0.1/11532] WARN  impl.MetricsSystemImpl (MetricsSystemImpl.java:register(276)) - Sink prometheus already exists!
2020-06-09 10:47:29,646 [Listener at 127.0.0.1/11532] INFO  http.BaseHttpServer (BaseHttpServer.java:updateConnectorAddress(325)) - HTTP server of hddsDatanode listening at http://0.0.0.0:34717
2020-06-09 10:47:29,646 [Listener at 127.0.0.1/11532] INFO  impl.MetricsSystemImpl (MetricsSystemImpl.java:init(158)) - HddsDatanode metrics system started (again)
2020-06-09 10:47:29,650 [Listener at 127.0.0.1/11532] INFO  ozone.HddsDatanodeService (HddsDatanodeService.java:start(197)) - HddsDatanodeService host:6db717622624 ip:172.17.0.2
2020-06-09 10:47:29,650 [org.apache.hadoop.util.JvmPauseMonitor$Monitor@284038db] INFO  util.JvmPauseMonitor (JvmPauseMonitor.java:run(188)) - Starting JVM pause monitor
2020-06-09 10:47:29,651 [Listener at 127.0.0.1/11532] INFO  volume.HddsVolume (HddsVolume.java:<init>(176)) - Creating Volume: /github/workspace/mnt/ozone/hadoop-ozone/integration-test/target/test-dir/MiniOzoneClusterImpl-428de9cd-98e2-485e-b164-55ba4e728ea0/datanode-2/data-0/containers/hdds of storage type : DISK and capacity : 9223372036854775807
2020-06-09 10:47:29,651 [Listener at 127.0.0.1/11532] INFO  volume.MutableVolumeSet (MutableVolumeSet.java:initializeVolumeSet(181)) - Added Volume : /github/workspace/mnt/ozone/hadoop-ozone/integration-test/target/test-dir/MiniOzoneClusterImpl-428de9cd-98e2-485e-b164-55ba4e728ea0/datanode-2/data-0/containers/hdds to VolumeSet
2020-06-09 10:47:29,651 [Listener at 127.0.0.1/11532] INFO  volume.ThrottledAsyncChecker (ThrottledAsyncChecker.java:schedule(141)) - Scheduling a check for /github/workspace/mnt/ozone/hadoop-ozone/integration-test/target/test-dir/MiniOzoneClusterImpl-428de9cd-98e2-485e-b164-55ba4e728ea0/datanode-2/data-0/containers/hdds
2020-06-09 10:47:29,651 [Datanode State Machine Thread - 0] INFO  datanode.InitDatanodeState (InitDatanodeState.java:persistContainerDatanodeDetails(145)) - DatanodeDetails is persisted to /github/workspace/mnt/ozone/hadoop-ozone/integration-test/target/test-dir/MiniOzoneClusterImpl-428de9cd-98e2-485e-b164-55ba4e728ea0/datanode-1/meta/datanode.id
2020-06-09 10:47:29,651 [Listener at 127.0.0.1/11532] INFO  volume.HddsVolumeChecker (HddsVolumeChecker.java:checkAllVolumes(200)) - Scheduled health check for volume /github/workspace/mnt/ozone/hadoop-ozone/integration-test/target/test-dir/MiniOzoneClusterImpl-428de9cd-98e2-485e-b164-55ba4e728ea0/datanode-2/data-0/containers/hdds
2020-06-09 10:47:29,665 [Listener at 127.0.0.1/11532] INFO  impl.RaftServerProxy (ConfUtils.java:logGet(44)) - raft.rpc.type = GRPC (default)
2020-06-09 10:47:29,665 [Listener at 127.0.0.1/11532] INFO  grpc.GrpcFactory (GrpcFactory.java:checkPooledByteBufAllocatorUseCacheForAllThreads(45)) - PERFORMANCE WARNING: useCacheForAllThreads is true that may cause Netty to create a lot garbage objects and, as a result, trigger GC.
	It is recommended to disable useCacheForAllThreads by setting -Dorg.apache.ratis.thirdparty.io.netty.allocator.useCacheForAllThreads=false in command line.
2020-06-09 10:47:29,665 [Listener at 127.0.0.1/11532] INFO  grpc.GrpcConfigKeys (ConfUtils.java:logGet(44)) - raft.grpc.server.port = 0 (default)
2020-06-09 10:47:29,665 [Listener at 127.0.0.1/11532] INFO  server.GrpcService (ConfUtils.java:logGet(44)) - raft.grpc.message.size.max = 32MB (=33554432) (custom)
2020-06-09 10:47:29,665 [Listener at 127.0.0.1/11532] INFO  server.RaftServerConfigKeys (ConfUtils.java:logGet(44)) - raft.server.log.appender.buffer.byte-limit = 33554432 (custom)
2020-06-09 10:47:29,665 [Listener at 127.0.0.1/11532] INFO  server.GrpcService (ConfUtils.java:logGet(44)) - raft.grpc.flow.control.window = 5MB (=5242880) (custom)
2020-06-09 10:47:29,666 [Listener at 127.0.0.1/11532] INFO  server.RaftServerConfigKeys (ConfUtils.java:logGet(44)) - raft.server.rpc.request.timeout = 60s (custom)
2020-06-09 10:47:29,666 [Listener at 127.0.0.1/11532] INFO  server.RaftServerConfigKeys (ConfUtils.java:logGet(44)) - raft.server.storage.dir = [/github/workspace/mnt/ozone/hadoop-ozone/integration-test/target/test-dir/MiniOzoneClusterImpl-428de9cd-98e2-485e-b164-55ba4e728ea0/datanode-2/data/ratis] (custom)
2020-06-09 10:47:29,671 [Listener at 127.0.0.1/11532] INFO  http.BaseHttpServer (BaseHttpServer.java:newHttpServer2BuilderForOzone(205)) - Starting Web-server for hddsDatanode at: http://0.0.0.0:0
2020-06-09 10:47:29,672 [Listener at 127.0.0.1/11532] INFO  http.BaseHttpServer (BaseHttpServer.java:<init>(106)) - Hadoop Security Enabled: false Ozone Security Enabled: false Ozone HTTP Security Enabled: false 
2020-06-09 10:47:29,672 [Listener at 127.0.0.1/11532] INFO  server.AuthenticationFilter (AuthenticationFilter.java:constructSecretProvider(240)) - Unable to initialize FileSignerSecretProvider, falling back to use random secrets.
2020-06-09 10:47:29,673 [Listener at 127.0.0.1/11532] WARN  http.HttpRequestLog (HttpRequestLog.java:getRequestLog(103)) - Jetty request log can only be enabled using Log4j
2020-06-09 10:47:29,673 [Listener at 127.0.0.1/11532] INFO  http.HttpServer2 (HttpServer2.java:addGlobalFilter(993)) - Added global filter 'safety' (class=org.apache.hadoop.hdds.server.http.HttpServer2$QuotingInputFilter)
2020-06-09 10:47:29,674 [Listener at 127.0.0.1/11532] INFO  http.HttpServer2 (HttpServer2.java:addFilter(969)) - Added filter authentication (class=org.apache.hadoop.security.authentication.server.AuthenticationFilter) to context hddsDatanode
2020-06-09 10:47:29,674 [Listener at 127.0.0.1/11532] INFO  http.HttpServer2 (HttpServer2.java:addFilter(977)) - Added filter authentication (class=org.apache.hadoop.security.authentication.server.AuthenticationFilter) to context logs
2020-06-09 10:47:29,674 [Listener at 127.0.0.1/11532] INFO  http.HttpServer2 (HttpServer2.java:addFilter(977)) - Added filter authentication (class=org.apache.hadoop.security.authentication.server.AuthenticationFilter) to context static
2020-06-09 10:47:29,674 [Listener at 127.0.0.1/11532] INFO  http.HttpServer2 (HttpServer2.java:bindListener(1211)) - Jetty bound to port 43467
2020-06-09 10:47:29,674 [Listener at 127.0.0.1/11532] INFO  server.Server (Server.java:doStart(359)) - jetty-9.4.26.v20200117; built: 2020-01-17T12:35:33.676Z; git: 7b38981d25d14afb4a12ff1f2596756144edf695; jvm 1.8.0_232-b09
2020-06-09 10:47:29,675 [Listener at 127.0.0.1/11532] INFO  server.session (DefaultSessionIdManager.java:doStart(333)) - DefaultSessionIdManager workerName=node0
2020-06-09 10:47:29,675 [Listener at 127.0.0.1/11532] INFO  server.session (DefaultSessionIdManager.java:doStart(338)) - No SessionScavenger set, using defaults
2020-06-09 10:47:29,676 [Listener at 127.0.0.1/11532] INFO  server.session (HouseKeeper.java:startScavenging(140)) - node0 Scavenging every 600000ms
2020-06-09 10:47:29,676 [Listener at 127.0.0.1/11532] INFO  server.AuthenticationFilter (AuthenticationFilter.java:constructSecretProvider(240)) - Unable to initialize FileSignerSecretProvider, falling back to use random secrets.
2020-06-09 10:47:29,676 [Listener at 127.0.0.1/11532] INFO  handler.ContextHandler (ContextHandler.java:doStart(825)) - Started o.e.j.s.ServletContextHandler@7abe9efe{logs,/logs,file:///github/workspace/mnt/ozone/hadoop-ozone/integration-test/target/log,AVAILABLE}
2020-06-09 10:47:29,677 [Listener at 127.0.0.1/11532] INFO  handler.ContextHandler (ContextHandler.java:doStart(825)) - Started o.e.j.s.ServletContextHandler@7a8daadf{static,/static,jar:file:/home/user/.m2/repository/org/apache/hadoop/hadoop-hdds-container-service/0.6.0-SNAPSHOT/hadoop-hdds-container-service-0.6.0-SNAPSHOT.jar!/webapps/static,AVAILABLE}
2020-06-09 10:47:29,691 [Listener at 127.0.0.1/11532] INFO  handler.ContextHandler (ContextHandler.java:doStart(825)) - Started o.e.j.w.WebAppContext@669f95b7{hddsDatanode,/,file:///tmp/jetty-0_0_0_0-43467-hadoop-hdds-container-service-0_6_0-SNAPSHOT_jar-_-any-5077849145807416491.dir/webapp/,AVAILABLE}{jar:file:/home/user/.m2/repository/org/apache/hadoop/hadoop-hdds-container-service/0.6.0-SNAPSHOT/hadoop-hdds-container-service-0.6.0-SNAPSHOT.jar!/webapps/hddsDatanode}
2020-06-09 10:47:29,695 [Listener at 127.0.0.1/11532] INFO  server.AbstractConnector (AbstractConnector.java:doStart(330)) - Started ServerConnector@2118f453{HTTP/1.1,[http/1.1]}{0.0.0.0:43467}
2020-06-09 10:47:29,695 [Listener at 127.0.0.1/11532] INFO  server.Server (Server.java:doStart(399)) - Started @239035ms
2020-06-09 10:47:29,695 [Listener at 127.0.0.1/11532] WARN  impl.MetricsSystemImpl (MetricsSystemImpl.java:register(276)) - Sink prometheus already exists!
2020-06-09 10:47:29,698 [Listener at 127.0.0.1/11532] INFO  http.BaseHttpServer (BaseHttpServer.java:updateConnectorAddress(325)) - HTTP server of hddsDatanode listening at http://0.0.0.0:43467
2020-06-09 10:47:29,698 [Listener at 127.0.0.1/11532] INFO  ozone.MiniOzoneClusterImpl (MiniOzoneClusterImpl.java:lambda$waitForClusterToBeReady$0(177)) - Waiting for nodes to be ready. Got 0 of 3 DN Heartbeats.
2020-06-09 10:47:29,698 [Listener at 127.0.0.1/11532] INFO  ozone.MiniOzoneClusterImpl (MiniOzoneClusterImpl.java:lambda$waitForClusterToBeReady$0(180)) - Waiting for cluster to exit safe mode
2020-06-09 10:47:29,702 [org.apache.hadoop.util.JvmPauseMonitor$Monitor@2caa4cea] INFO  util.JvmPauseMonitor (JvmPauseMonitor.java:run(188)) - Starting JVM pause monitor
2020-06-09 10:47:29,703 [Datanode State Machine Thread - 0] INFO  datanode.InitDatanodeState (InitDatanodeState.java:persistContainerDatanodeDetails(145)) - DatanodeDetails is persisted to /github/workspace/mnt/ozone/hadoop-ozone/integration-test/target/test-dir/MiniOzoneClusterImpl-428de9cd-98e2-485e-b164-55ba4e728ea0/datanode-2/meta/datanode.id
2020-06-09 10:47:30,370 [Thread-4070] INFO  impl.FollowerState (FollowerState.java:run(108)) - omNode-1@group-523986131536-FollowerState: change to CANDIDATE, lastRpcTime:1151ms, electionTimeout:1151ms
2020-06-09 10:47:30,371 [Thread-4070] INFO  impl.RoleInfo (RoleInfo.java:shutdownFollowerState(121)) - omNode-1: shutdown FollowerState
2020-06-09 10:47:30,371 [Thread-4070] INFO  impl.RaftServerImpl (RaftServerImpl.java:setRole(175)) - omNode-1@group-523986131536: changes role from  FOLLOWER to CANDIDATE at term 0 for changeToCandidate
2020-06-09 10:47:30,371 [Thread-4070] INFO  impl.RoleInfo (RoleInfo.java:updateAndGet(143)) - omNode-1: start LeaderElection
2020-06-09 10:47:30,378 [Thread-4109] INFO  impl.FollowerState (FollowerState.java:run(108)) - omNode-2@group-523986131536-FollowerState: change to CANDIDATE, lastRpcTime:1032ms, electionTimeout:1025ms
2020-06-09 10:47:30,378 [Thread-4109] INFO  impl.RoleInfo (RoleInfo.java:shutdownFollowerState(121)) - omNode-2: shutdown FollowerState
2020-06-09 10:47:30,378 [Thread-4109] INFO  impl.RaftServerImpl (RaftServerImpl.java:setRole(175)) - omNode-2@group-523986131536: changes role from  FOLLOWER to CANDIDATE at term 0 for changeToCandidate
2020-06-09 10:47:30,378 [Thread-4109] INFO  impl.RoleInfo (RoleInfo.java:updateAndGet(143)) - omNode-2: start LeaderElection
2020-06-09 10:47:30,380 [omNode-1@group-523986131536-LeaderElection59] INFO  impl.LeaderElection (LeaderElection.java:askForVotes(206)) - omNode-1@group-523986131536-LeaderElection59: begin an election at term 1 for -1: [omNode-3:localhost:11536, omNode-1:localhost:11524, omNode-2:localhost:11530], old=null
2020-06-09 10:47:30,390 [grpc-default-executor-5] INFO  impl.RaftServerImpl (RaftServerImpl.java:setRole(175)) - omNode-3@group-523986131536: changes role from  FOLLOWER to FOLLOWER at term 1 for recognizeCandidate:omNode-1
2020-06-09 10:47:30,390 [grpc-default-executor-5] INFO  impl.RoleInfo (RoleInfo.java:shutdownFollowerState(121)) - omNode-3: shutdown FollowerState
2020-06-09 10:47:30,390 [grpc-default-executor-5] INFO  impl.RoleInfo (RoleInfo.java:updateAndGet(143)) - omNode-3: start FollowerState
2020-06-09 10:47:30,390 [Thread-4148] INFO  impl.FollowerState (FollowerState.java:run(117)) - omNode-3@group-523986131536-FollowerState was interrupted: java.lang.InterruptedException: sleep interrupted
2020-06-09 10:47:30,392 [omNode-2@group-523986131536-LeaderElection60] INFO  impl.LeaderElection (LeaderElection.java:askForVotes(206)) - omNode-2@group-523986131536-LeaderElection60: begin an election at term 1 for -1: [omNode-3:localhost:11536, omNode-1:localhost:11524, omNode-2:localhost:11530], old=null
2020-06-09 10:47:30,404 [omNode-1@group-523986131536-LeaderElection59] INFO  impl.LeaderElection (LeaderElection.java:logAndReturn(61)) - omNode-1@group-523986131536-LeaderElection59: Election PASSED; received 1 response(s) [omNode-1<-omNode-3#0:OK-t1] and 0 exception(s); omNode-1@group-523986131536:t1, leader=null, voted=omNode-1, raftlog=omNode-1@group-523986131536-SegmentedRaftLog:OPENED:c-1,f-1,i0, conf=-1: [omNode-3:localhost:11536, omNode-1:localhost:11524, omNode-2:localhost:11530], old=null
2020-06-09 10:47:30,404 [omNode-1@group-523986131536-LeaderElection59] INFO  impl.RoleInfo (RoleInfo.java:shutdownLeaderElection(134)) - omNode-1: shutdown LeaderElection
2020-06-09 10:47:30,404 [omNode-1@group-523986131536-LeaderElection59] INFO  impl.RaftServerImpl (RaftServerImpl.java:setRole(175)) - omNode-1@group-523986131536: changes role from CANDIDATE to LEADER at term 1 for changeToLeader
2020-06-09 10:47:30,404 [omNode-1@group-523986131536-LeaderElection59] INFO  impl.RaftServerImpl (ServerState.java:setLeader(255)) - omNode-1@group-523986131536: change Leader from null to omNode-1 at term 1 for becomeLeader, leader elected after 1208ms
2020-06-09 10:47:30,404 [omNode-1@group-523986131536-LeaderElection59] INFO  server.RaftServerConfigKeys (ConfUtils.java:logGet(44)) - raft.server.staging.catchup.gap = 1000 (default)
2020-06-09 10:47:30,404 [omNode-1@group-523986131536-LeaderElection59] INFO  server.RaftServerConfigKeys (ConfUtils.java:logGet(44)) - raft.server.rpc.sleep.time = 25ms (default)
2020-06-09 10:47:30,404 [omNode-1@group-523986131536-LeaderElection59] INFO  metrics.RatisMetrics (RatisMetrics.java:lambda$create$0(36)) - Creating Metrics Registry : ratis.log_appender.omNode-1@group-523986131536
2020-06-09 10:47:30,405 [omNode-1@group-523986131536-LeaderElection59] INFO  server.RaftServerConfigKeys (ConfUtils.java:logGet(44)) - raft.server.write.element-limit = 4096 (default)
2020-06-09 10:47:30,405 [omNode-1@group-523986131536-LeaderElection59] INFO  server.RaftServerConfigKeys (ConfUtils.java:logGet(44)) - raft.server.write.byte-limit = 64MB (=67108864) (default)
2020-06-09 10:47:30,407 [omNode-1@group-523986131536-LeaderElection59] INFO  server.RaftServerConfigKeys (ConfUtils.java:logGet(44)) - raft.server.watch.timeout = 10s (default)
2020-06-09 10:47:30,407 [omNode-1@group-523986131536-LeaderElection59] INFO  server.RaftServerConfigKeys (ConfUtils.java:logGet(44)) - raft.server.watch.timeout.denomination = 1s (default)
2020-06-09 10:47:30,407 [omNode-1@group-523986131536-LeaderElection59] INFO  server.RaftServerConfigKeys (ConfUtils.java:logGet(44)) - raft.server.watch.element-limit = 65536 (default)
2020-06-09 10:47:30,407 [omNode-1@group-523986131536-LeaderElection59] INFO  server.RaftServerConfigKeys (ConfUtils.java:logGet(44)) - raft.server.log.appender.snapshot.chunk.size.max = 16MB (=16777216) (default)
2020-06-09 10:47:30,407 [omNode-1@group-523986131536-LeaderElection59] INFO  server.RaftServerConfigKeys (ConfUtils.java:logGet(44)) - raft.server.log.appender.buffer.byte-limit = 33554432 (custom)
2020-06-09 10:47:30,407 [omNode-1@group-523986131536-LeaderElection59] INFO  server.RaftServerConfigKeys (ConfUtils.java:logGet(44)) - raft.server.log.appender.buffer.element-limit = 1024 (custom)
2020-06-09 10:47:30,407 [omNode-1@group-523986131536-LeaderElection59] INFO  grpc.GrpcConfigKeys (ConfUtils.java:logGet(44)) - raft.grpc.server.leader.outstanding.appends.max = 128 (default)
2020-06-09 10:47:30,407 [omNode-1@group-523986131536-LeaderElection59] INFO  server.RaftServerConfigKeys (ConfUtils.java:logGet(44)) - raft.server.rpc.request.timeout = 3000ms (default)
2020-06-09 10:47:30,407 [omNode-1@group-523986131536-LeaderElection59] INFO  server.RaftServerConfigKeys (ConfUtils.java:logGet(44)) - raft.server.log.appender.install.snapshot.enabled = false (custom)
2020-06-09 10:47:30,407 [omNode-1@group-523986131536-LeaderElection59] INFO  metrics.RatisMetrics (RatisMetrics.java:lambda$create$0(36)) - Creating Metrics Registry : ratis_grpc.log_appender.omNode-1@group-523986131536
2020-06-09 10:47:30,410 [omNode-1@group-523986131536-LeaderElection59] INFO  server.RaftServerConfigKeys (ConfUtils.java:logGet(44)) - raft.server.log.appender.snapshot.chunk.size.max = 16MB (=16777216) (default)
2020-06-09 10:47:30,411 [omNode-1@group-523986131536-LeaderElection59] INFO  server.RaftServerConfigKeys (ConfUtils.java:logGet(44)) - raft.server.log.appender.buffer.byte-limit = 33554432 (custom)
2020-06-09 10:47:30,411 [omNode-1@group-523986131536-LeaderElection59] INFO  server.RaftServerConfigKeys (ConfUtils.java:logGet(44)) - raft.server.log.appender.buffer.element-limit = 1024 (custom)
2020-06-09 10:47:30,411 [omNode-1@group-523986131536-LeaderElection59] INFO  grpc.GrpcConfigKeys (ConfUtils.java:logGet(44)) - raft.grpc.server.leader.outstanding.appends.max = 128 (default)
2020-06-09 10:47:30,411 [omNode-1@group-523986131536-LeaderElection59] INFO  server.RaftServerConfigKeys (ConfUtils.java:logGet(44)) - raft.server.rpc.request.timeout = 3000ms (default)
2020-06-09 10:47:30,411 [omNode-1@group-523986131536-LeaderElection59] INFO  server.RaftServerConfigKeys (ConfUtils.java:logGet(44)) - raft.server.log.appender.install.snapshot.enabled = false (custom)
2020-06-09 10:47:30,413 [omNode-1@group-523986131536-LeaderElection59] INFO  impl.RoleInfo (RoleInfo.java:updateAndGet(143)) - omNode-1: start LeaderState
2020-06-09 10:47:30,413 [omNode-1@group-523986131536-LeaderElection59] INFO  segmented.SegmentedRaftLogWorker (SegmentedRaftLogWorker.java:startLogSegment(397)) - omNode-1@group-523986131536-SegmentedRaftLogWorker: Starting segment from index:0
2020-06-09 10:47:30,415 [omNode-1@group-523986131536-LeaderElection59] INFO  impl.RaftServerImpl (ServerState.java:setRaftConf(356)) - omNode-1@group-523986131536: set configuration 0: [omNode-3:localhost:11536, omNode-1:localhost:11524, omNode-2:localhost:11530], old=null at 0
2020-06-09 10:47:30,416 [grpc-default-executor-5] INFO  impl.RaftServerImpl (RaftServerImpl.java:requestVote(832)) - omNode-1@group-523986131536-   LEADER: Withhold vote from candidate omNode-2 with term 1. State: leader=omNode-1, term=1, lastRpcElapsed=null
2020-06-09 10:47:30,416 [omNode-1@group-523986131536-SegmentedRaftLogWorker] INFO  segmented.SegmentedRaftLogWorker (SegmentedRaftLogWorker.java:execute(596)) - omNode-1@group-523986131536-SegmentedRaftLogWorker: created new log segment /github/workspace/mnt/ozone/hadoop-ozone/integration-test/target/test-dir/MiniOzoneClusterImpl-428de9cd-98e2-485e-b164-55ba4e728ea0/omNode-1/ratis/c9bc4cf4-3bc3-3c60-a66b-523986131536/current/log_inprogress_0
2020-06-09 10:47:30,416 [omNode-2@group-523986131536-LeaderElection60] INFO  impl.LeaderElection (LeaderElection.java:logAndReturn(61)) - omNode-2@group-523986131536-LeaderElection60: Election REJECTED; received 2 response(s) [omNode-2<-omNode-3#0:FAIL-t1, omNode-2<-omNode-1#0:FAIL-t1] and 0 exception(s); omNode-2@group-523986131536:t1, leader=null, voted=omNode-2, raftlog=omNode-2@group-523986131536-SegmentedRaftLog:OPENED:c-1,f-1,i0, conf=-1: [omNode-3:localhost:11536, omNode-1:localhost:11524, omNode-2:localhost:11530], old=null
2020-06-09 10:47:30,416 [omNode-2@group-523986131536-LeaderElection60] INFO  impl.RaftServerImpl (RaftServerImpl.java:setRole(175)) - omNode-2@group-523986131536: changes role from CANDIDATE to FOLLOWER at term 1 for DISCOVERED_A_NEW_TERM
2020-06-09 10:47:30,416 [omNode-2@group-523986131536-LeaderElection60] INFO  impl.RoleInfo (RoleInfo.java:shutdownLeaderElection(134)) - omNode-2: shutdown LeaderElection
2020-06-09 10:47:30,416 [omNode-2@group-523986131536-LeaderElection60] INFO  impl.RoleInfo (RoleInfo.java:updateAndGet(143)) - omNode-2: start FollowerState
2020-06-09 10:47:30,420 [grpc-default-executor-5] INFO  impl.RaftServerImpl (ServerState.java:setLeader(255)) - omNode-3@group-523986131536: change Leader from null to omNode-1 at term 1 for appendEntries, leader elected after 955ms
2020-06-09 10:47:30,427 [grpc-default-executor-5] INFO  impl.RaftServerImpl (ServerState.java:setLeader(255)) - omNode-2@group-523986131536: change Leader from null to omNode-1 at term 1 for appendEntries, leader elected after 1106ms
2020-06-09 10:47:30,428 [grpc-default-executor-4] INFO  impl.RaftServerImpl (ServerState.java:setRaftConf(356)) - omNode-3@group-523986131536: set configuration 0: [omNode-3:localhost:11536, omNode-1:localhost:11524, omNode-2:localhost:11530], old=null at 0
2020-06-09 10:47:30,428 [grpc-default-executor-4] INFO  segmented.SegmentedRaftLogWorker (SegmentedRaftLogWorker.java:startLogSegment(397)) - omNode-3@group-523986131536-SegmentedRaftLogWorker: Starting segment from index:0
2020-06-09 10:47:30,435 [grpc-default-executor-5] INFO  impl.RaftServerImpl (ServerState.java:setRaftConf(356)) - omNode-2@group-523986131536: set configuration 0: [omNode-3:localhost:11536, omNode-1:localhost:11524, omNode-2:localhost:11530], old=null at 0
2020-06-09 10:47:30,436 [omNode-3@group-523986131536-SegmentedRaftLogWorker] INFO  segmented.SegmentedRaftLogWorker (SegmentedRaftLogWorker.java:execute(596)) - omNode-3@group-523986131536-SegmentedRaftLogWorker: created new log segment /github/workspace/mnt/ozone/hadoop-ozone/integration-test/target/test-dir/MiniOzoneClusterImpl-428de9cd-98e2-485e-b164-55ba4e728ea0/omNode-3/ratis/c9bc4cf4-3bc3-3c60-a66b-523986131536/current/log_inprogress_0
2020-06-09 10:47:30,437 [grpc-default-executor-5] INFO  segmented.SegmentedRaftLogWorker (SegmentedRaftLogWorker.java:startLogSegment(397)) - omNode-2@group-523986131536-SegmentedRaftLogWorker: Starting segment from index:0
2020-06-09 10:47:30,439 [omNode-2@group-523986131536-SegmentedRaftLogWorker] INFO  segmented.SegmentedRaftLogWorker (SegmentedRaftLogWorker.java:execute(596)) - omNode-2@group-523986131536-SegmentedRaftLogWorker: created new log segment /github/workspace/mnt/ozone/hadoop-ozone/integration-test/target/test-dir/MiniOzoneClusterImpl-428de9cd-98e2-485e-b164-55ba4e728ea0/omNode-2/ratis/c9bc4cf4-3bc3-3c60-a66b-523986131536/current/log_inprogress_0
2020-06-09 10:47:30,699 [Listener at 127.0.0.1/11532] INFO  ozone.MiniOzoneClusterImpl (MiniOzoneClusterImpl.java:lambda$waitForClusterToBeReady$0(177)) - Waiting for nodes to be ready. Got 0 of 3 DN Heartbeats.
2020-06-09 10:47:30,699 [Listener at 127.0.0.1/11532] INFO  ozone.MiniOzoneClusterImpl (MiniOzoneClusterImpl.java:lambda$waitForClusterToBeReady$0(180)) - Waiting for cluster to exit safe mode
2020-06-09 10:47:31,606 [Datanode State Machine Thread - 0] INFO  ozoneimpl.OzoneContainer (OzoneContainer.java:start(232)) - Attempting to start container services.
2020-06-09 10:47:31,607 [Datanode State Machine Thread - 0] INFO  ozoneimpl.OzoneContainer (OzoneContainer.java:startContainerScrub(196)) - Background container scanner has been disabled.
2020-06-09 10:47:31,607 [Datanode State Machine Thread - 0] INFO  ratis.XceiverServerRatis (XceiverServerRatis.java:start(425)) - Starting XceiverServerRatis 05386be6-5dc2-4792-913d-6d8439b86153 at port 0
2020-06-09 10:47:31,608 [Datanode State Machine Thread - 0] INFO  impl.RaftServerProxy (RaftServerProxy.java:lambda$start$3(304)) - 05386be6-5dc2-4792-913d-6d8439b86153: start RPC server
2020-06-09 10:47:31,608 [Datanode State Machine Thread - 0] INFO  server.GrpcService (GrpcService.java:startImpl(160)) - 05386be6-5dc2-4792-913d-6d8439b86153: GrpcService started, listening on 0.0.0.0/0.0.0.0:36487
2020-06-09 10:47:31,608 [Datanode State Machine Thread - 0] INFO  ratis.XceiverServerRatis (XceiverServerRatis.java:start(437)) - XceiverServerRatis 05386be6-5dc2-4792-913d-6d8439b86153 is started using port 36487
2020-06-09 10:47:31,609 [Datanode State Machine Thread - 0] INFO  server.XceiverServerGrpc (XceiverServerGrpc.java:start(145)) - XceiverServerGrpc 05386be6-5dc2-4792-913d-6d8439b86153 is started using port 33915
2020-06-09 10:47:31,655 [Datanode State Machine Thread - 0] INFO  ozoneimpl.OzoneContainer (OzoneContainer.java:start(232)) - Attempting to start container services.
2020-06-09 10:47:31,655 [Datanode State Machine Thread - 0] INFO  ozoneimpl.OzoneContainer (OzoneContainer.java:startContainerScrub(196)) - Background container scanner has been disabled.
2020-06-09 10:47:31,655 [Datanode State Machine Thread - 0] INFO  ratis.XceiverServerRatis (XceiverServerRatis.java:start(425)) - Starting XceiverServerRatis 95b41f0e-be9c-42c7-a4a1-bcd4e1253490 at port 0
2020-06-09 10:47:31,656 [Datanode State Machine Thread - 0] INFO  impl.RaftServerProxy (RaftServerProxy.java:lambda$start$3(304)) - 95b41f0e-be9c-42c7-a4a1-bcd4e1253490: start RPC server
2020-06-09 10:47:31,657 [Datanode State Machine Thread - 0] INFO  server.GrpcService (GrpcService.java:startImpl(160)) - 95b41f0e-be9c-42c7-a4a1-bcd4e1253490: GrpcService started, listening on 0.0.0.0/0.0.0.0:38781
2020-06-09 10:47:31,657 [Datanode State Machine Thread - 0] INFO  ratis.XceiverServerRatis (XceiverServerRatis.java:start(437)) - XceiverServerRatis 95b41f0e-be9c-42c7-a4a1-bcd4e1253490 is started using port 38781
2020-06-09 10:47:31,657 [Datanode State Machine Thread - 0] INFO  server.XceiverServerGrpc (XceiverServerGrpc.java:start(145)) - XceiverServerGrpc 95b41f0e-be9c-42c7-a4a1-bcd4e1253490 is started using port 40701
2020-06-09 10:47:31,699 [Listener at 127.0.0.1/11532] INFO  ozone.MiniOzoneClusterImpl (MiniOzoneClusterImpl.java:lambda$waitForClusterToBeReady$0(177)) - Waiting for nodes to be ready. Got 0 of 3 DN Heartbeats.
2020-06-09 10:47:31,699 [Listener at 127.0.0.1/11532] INFO  ozone.MiniOzoneClusterImpl (MiniOzoneClusterImpl.java:lambda$waitForClusterToBeReady$0(180)) - Waiting for cluster to exit safe mode
2020-06-09 10:47:31,705 [Datanode State Machine Thread - 0] INFO  ozoneimpl.OzoneContainer (OzoneContainer.java:start(232)) - Attempting to start container services.
2020-06-09 10:47:31,705 [Datanode State Machine Thread - 0] INFO  ozoneimpl.OzoneContainer (OzoneContainer.java:startContainerScrub(196)) - Background container scanner has been disabled.
2020-06-09 10:47:31,705 [Datanode State Machine Thread - 0] INFO  ratis.XceiverServerRatis (XceiverServerRatis.java:start(425)) - Starting XceiverServerRatis 25a3501a-3b9a-4b43-a901-462da60c5d5f at port 0
2020-06-09 10:47:31,706 [Datanode State Machine Thread - 0] INFO  impl.RaftServerProxy (RaftServerProxy.java:lambda$start$3(304)) - 25a3501a-3b9a-4b43-a901-462da60c5d5f: start RPC server
2020-06-09 10:47:31,707 [Datanode State Machine Thread - 0] INFO  server.GrpcService (GrpcService.java:startImpl(160)) - 25a3501a-3b9a-4b43-a901-462da60c5d5f: GrpcService started, listening on 0.0.0.0/0.0.0.0:37683
2020-06-09 10:47:31,707 [Datanode State Machine Thread - 0] INFO  ratis.XceiverServerRatis (XceiverServerRatis.java:start(437)) - XceiverServerRatis 25a3501a-3b9a-4b43-a901-462da60c5d5f is started using port 37683
2020-06-09 10:47:31,710 [Datanode State Machine Thread - 0] INFO  server.XceiverServerGrpc (XceiverServerGrpc.java:start(145)) - XceiverServerGrpc 25a3501a-3b9a-4b43-a901-462da60c5d5f is started using port 33479
2020-06-09 10:47:32,700 [Listener at 127.0.0.1/11532] INFO  ozone.MiniOzoneClusterImpl (MiniOzoneClusterImpl.java:lambda$waitForClusterToBeReady$0(177)) - Waiting for nodes to be ready. Got 0 of 3 DN Heartbeats.
2020-06-09 10:47:32,700 [Listener at 127.0.0.1/11532] INFO  ozone.MiniOzoneClusterImpl (MiniOzoneClusterImpl.java:lambda$waitForClusterToBeReady$0(180)) - Waiting for cluster to exit safe mode
2020-06-09 10:47:33,604 [IPC Server handler 0 on default port 34481] INFO  net.NetworkTopology (NetworkTopologyImpl.java:add(111)) - Added a new node: /default-rack/05386be6-5dc2-4792-913d-6d8439b86153
2020-06-09 10:47:33,604 [IPC Server handler 0 on default port 34481] INFO  node.SCMNodeManager (SCMNodeManager.java:register(268)) - Registered Data node : 05386be6-5dc2-4792-913d-6d8439b86153{ip: 172.17.0.2, host: 6db717622624, networkLocation: /default-rack, certSerialId: null}
2020-06-09 10:47:33,606 [EventQueue-NodeRegistrationContainerReportForDataNodeSafeModeRule] INFO  safemode.SCMSafeModeManager (DataNodeSafeModeRule.java:process(71)) - SCM in safe mode. 1 DataNodes registered, 1 required.
2020-06-09 10:47:33,606 [EventQueue-NodeRegistrationContainerReportForDataNodeSafeModeRule] INFO  safemode.SCMSafeModeManager (SCMSafeModeManager.java:validateSafeModeExitRules(213)) - DataNodeSafeModeRule rule is successfully validated
2020-06-09 10:47:33,607 [EventQueue-NodeRegistrationContainerReportForDataNodeSafeModeRule] INFO  safemode.SCMSafeModeManager (SCMSafeModeManager.java:completePreCheck(241)) - All SCM safe mode pre check rules have passed
2020-06-09 10:47:33,609 [RatisPipelineUtilsThread] INFO  pipeline.RatisPipelineProvider (RatisPipelineProvider.java:lambda$create$0(138)) - Sending CreatePipelineCommand for pipeline:PipelineID=43430495-dbe1-4bfb-b831-348fb567202f to datanode:05386be6-5dc2-4792-913d-6d8439b86153
2020-06-09 10:47:33,611 [EventQueue-NodeRegistrationContainerReportForContainerSafeModeRule] INFO  safemode.SCMSafeModeManager (SCMSafeModeManager.java:validateSafeModeExitRules(213)) - ContainerSafeModeRule rule is successfully validated
2020-06-09 10:47:33,612 [RatisPipelineUtilsThread] INFO  pipeline.PipelineStateManager (PipelineStateManager.java:addPipeline(54)) - Created pipeline Pipeline[ Id: 43430495-dbe1-4bfb-b831-348fb567202f, Nodes: 05386be6-5dc2-4792-913d-6d8439b86153{ip: 172.17.0.2, host: 6db717622624, networkLocation: /default-rack, certSerialId: null}, Type:RATIS, Factor:ONE, State:ALLOCATED, leaderId:null, CreationTimestamp2020-06-09T10:47:33.608Z]
2020-06-09 10:47:33,612 [RatisPipelineUtilsThread] ERROR pipeline.SCMPipelineManager (SCMPipelineManager.java:createPipeline(222)) - Failed to create pipeline of type RATIS and factor ONE. Exception: Cannot create pipeline of factor 1 using 0 nodes. Used 1 nodes. Healthy nodes 1
2020-06-09 10:47:33,612 [RatisPipelineUtilsThread] WARN  pipeline.PipelinePlacementPolicy (PipelinePlacementPolicy.java:filterViableNodes(133)) - Pipeline creation failed due to no sufficient healthy datanodes. Required 3. Found 1.
2020-06-09 10:47:33,612 [RatisPipelineUtilsThread] ERROR pipeline.SCMPipelineManager (SCMPipelineManager.java:createPipeline(222)) - Failed to create pipeline of type RATIS and factor THREE. Exception: Pipeline creation failed due to no sufficient healthy datanodes. Required 3. Found 1.
2020-06-09 10:47:33,652 [IPC Server handler 1 on default port 34481] INFO  net.NetworkTopology (NetworkTopologyImpl.java:add(111)) - Added a new node: /default-rack/95b41f0e-be9c-42c7-a4a1-bcd4e1253490
2020-06-09 10:47:33,652 [IPC Server handler 1 on default port 34481] INFO  node.SCMNodeManager (SCMNodeManager.java:register(268)) - Registered Data node : 95b41f0e-be9c-42c7-a4a1-bcd4e1253490{ip: 172.17.0.2, host: 6db717622624, networkLocation: /default-rack, certSerialId: null}
2020-06-09 10:47:33,654 [EventQueue-NodeRegistrationContainerReportForDataNodeSafeModeRule] INFO  safemode.SCMSafeModeManager (SCMSafeModeManager.java:validateSafeModeExitRules(213)) - DataNodeSafeModeRule rule is successfully validated
2020-06-09 10:47:33,654 [RatisPipelineUtilsThread] INFO  pipeline.RatisPipelineProvider (RatisPipelineProvider.java:lambda$create$0(138)) - Sending CreatePipelineCommand for pipeline:PipelineID=a0a0b1c9-bdc3-43f1-8232-4ff2ddbe0dde to datanode:95b41f0e-be9c-42c7-a4a1-bcd4e1253490
2020-06-09 10:47:33,654 [RatisPipelineUtilsThread] INFO  pipeline.PipelineStateManager (PipelineStateManager.java:addPipeline(54)) - Created pipeline Pipeline[ Id: a0a0b1c9-bdc3-43f1-8232-4ff2ddbe0dde, Nodes: 95b41f0e-be9c-42c7-a4a1-bcd4e1253490{ip: 172.17.0.2, host: 6db717622624, networkLocation: /default-rack, certSerialId: null}, Type:RATIS, Factor:ONE, State:ALLOCATED, leaderId:null, CreationTimestamp2020-06-09T10:47:33.654Z]
2020-06-09 10:47:33,654 [RatisPipelineUtilsThread] ERROR pipeline.SCMPipelineManager (SCMPipelineManager.java:createPipeline(222)) - Failed to create pipeline of type RATIS and factor ONE. Exception: Cannot create pipeline of factor 1 using 0 nodes. Used 2 nodes. Healthy nodes 2
2020-06-09 10:47:33,654 [RatisPipelineUtilsThread] WARN  pipeline.PipelinePlacementPolicy (PipelinePlacementPolicy.java:filterViableNodes(133)) - Pipeline creation failed due to no sufficient healthy datanodes. Required 3. Found 2.
2020-06-09 10:47:33,655 [RatisPipelineUtilsThread] ERROR pipeline.SCMPipelineManager (SCMPipelineManager.java:createPipeline(222)) - Failed to create pipeline of type RATIS and factor THREE. Exception: Pipeline creation failed due to no sufficient healthy datanodes. Required 3. Found 2.
2020-06-09 10:47:33,655 [EventQueue-NodeRegistrationContainerReportForContainerSafeModeRule] INFO  safemode.SCMSafeModeManager (SCMSafeModeManager.java:validateSafeModeExitRules(213)) - ContainerSafeModeRule rule is successfully validated
2020-06-09 10:47:33,700 [Listener at 127.0.0.1/11532] INFO  ozone.MiniOzoneClusterImpl (MiniOzoneClusterImpl.java:lambda$waitForClusterToBeReady$0(177)) - Waiting for nodes to be ready. Got 2 of 3 DN Heartbeats.
2020-06-09 10:47:33,700 [Listener at 127.0.0.1/11532] INFO  ozone.MiniOzoneClusterImpl (MiniOzoneClusterImpl.java:lambda$waitForClusterToBeReady$0(180)) - Waiting for cluster to exit safe mode
2020-06-09 10:47:33,704 [IPC Server handler 4 on default port 34481] INFO  net.NetworkTopology (NetworkTopologyImpl.java:add(111)) - Added a new node: /default-rack/25a3501a-3b9a-4b43-a901-462da60c5d5f
2020-06-09 10:47:33,704 [IPC Server handler 4 on default port 34481] INFO  node.SCMNodeManager (SCMNodeManager.java:register(268)) - Registered Data node : 25a3501a-3b9a-4b43-a901-462da60c5d5f{ip: 172.17.0.2, host: 6db717622624, networkLocation: /default-rack, certSerialId: null}
2020-06-09 10:47:33,705 [RatisPipelineUtilsThread] INFO  pipeline.RatisPipelineProvider (RatisPipelineProvider.java:lambda$create$0(138)) - Sending CreatePipelineCommand for pipeline:PipelineID=d2955f8c-7431-48c7-aab6-338e02823820 to datanode:25a3501a-3b9a-4b43-a901-462da60c5d5f
2020-06-09 10:47:33,705 [EventQueue-NodeRegistrationContainerReportForDataNodeSafeModeRule] INFO  safemode.SCMSafeModeManager (SCMSafeModeManager.java:validateSafeModeExitRules(213)) - DataNodeSafeModeRule rule is successfully validated
2020-06-09 10:47:33,705 [RatisPipelineUtilsThread] INFO  pipeline.PipelineStateManager (PipelineStateManager.java:addPipeline(54)) - Created pipeline Pipeline[ Id: d2955f8c-7431-48c7-aab6-338e02823820, Nodes: 25a3501a-3b9a-4b43-a901-462da60c5d5f{ip: 172.17.0.2, host: 6db717622624, networkLocation: /default-rack, certSerialId: null}, Type:RATIS, Factor:ONE, State:ALLOCATED, leaderId:null, CreationTimestamp2020-06-09T10:47:33.705Z]
2020-06-09 10:47:33,706 [EventQueue-NodeRegistrationContainerReportForContainerSafeModeRule] INFO  safemode.SCMSafeModeManager (SCMSafeModeManager.java:validateSafeModeExitRules(213)) - ContainerSafeModeRule rule is successfully validated
2020-06-09 10:47:33,706 [RatisPipelineUtilsThread] ERROR pipeline.SCMPipelineManager (SCMPipelineManager.java:createPipeline(222)) - Failed to create pipeline of type RATIS and factor ONE. Exception: Cannot create pipeline of factor 1 using 0 nodes. Used 3 nodes. Healthy nodes 3
2020-06-09 10:47:33,706 [RatisPipelineUtilsThread] INFO  pipeline.RatisPipelineProvider (RatisPipelineProvider.java:lambda$create$0(138)) - Sending CreatePipelineCommand for pipeline:PipelineID=43d97006-414d-4f93-a396-aaaa730c07d5 to datanode:95b41f0e-be9c-42c7-a4a1-bcd4e1253490
2020-06-09 10:47:33,706 [RatisPipelineUtilsThread] INFO  pipeline.RatisPipelineProvider (RatisPipelineProvider.java:lambda$create$0(138)) - Sending CreatePipelineCommand for pipeline:PipelineID=43d97006-414d-4f93-a396-aaaa730c07d5 to datanode:05386be6-5dc2-4792-913d-6d8439b86153
2020-06-09 10:47:33,706 [RatisPipelineUtilsThread] INFO  pipeline.RatisPipelineProvider (RatisPipelineProvider.java:lambda$create$0(138)) - Sending CreatePipelineCommand for pipeline:PipelineID=43d97006-414d-4f93-a396-aaaa730c07d5 to datanode:25a3501a-3b9a-4b43-a901-462da60c5d5f
2020-06-09 10:47:33,707 [RatisPipelineUtilsThread] INFO  pipeline.PipelineStateManager (PipelineStateManager.java:addPipeline(54)) - Created pipeline Pipeline[ Id: 43d97006-414d-4f93-a396-aaaa730c07d5, Nodes: 95b41f0e-be9c-42c7-a4a1-bcd4e1253490{ip: 172.17.0.2, host: 6db717622624, networkLocation: /default-rack, certSerialId: null}05386be6-5dc2-4792-913d-6d8439b86153{ip: 172.17.0.2, host: 6db717622624, networkLocation: /default-rack, certSerialId: null}25a3501a-3b9a-4b43-a901-462da60c5d5f{ip: 172.17.0.2, host: 6db717622624, networkLocation: /default-rack, certSerialId: null}, Type:RATIS, Factor:THREE, State:ALLOCATED, leaderId:null, CreationTimestamp2020-06-09T10:47:33.706Z]
2020-06-09 10:47:33,707 [RatisPipelineUtilsThread] ERROR pipeline.SCMPipelineManager (SCMPipelineManager.java:createPipeline(222)) - Failed to create pipeline of type RATIS and factor THREE. Exception: Pipeline creation failed because nodes are engaged in other pipelines and every node can only be engaged in max 2 pipelines. Required 3. Found 0
2020-06-09 10:47:34,700 [Listener at 127.0.0.1/11532] INFO  ozone.MiniOzoneClusterImpl (MiniOzoneClusterImpl.java:lambda$waitForClusterToBeReady$0(177)) - Nodes are ready. Got 3 of 3 DN Heartbeats.
2020-06-09 10:47:34,702 [Listener at 127.0.0.1/11532] INFO  ozone.MiniOzoneClusterImpl (MiniOzoneClusterImpl.java:lambda$waitForClusterToBeReady$0(180)) - Waiting for cluster to exit safe mode
2020-06-09 10:47:35,702 [Listener at 127.0.0.1/11532] INFO  ozone.MiniOzoneClusterImpl (MiniOzoneClusterImpl.java:lambda$waitForClusterToBeReady$0(177)) - Nodes are ready. Got 3 of 3 DN Heartbeats.
2020-06-09 10:47:35,703 [Listener at 127.0.0.1/11532] INFO  ozone.MiniOzoneClusterImpl (MiniOzoneClusterImpl.java:lambda$waitForClusterToBeReady$0(180)) - Waiting for cluster to exit safe mode
2020-06-09 10:47:36,603 [Command processor thread] INFO  impl.RaftServerProxy (RaftServerProxy.java:addNew(89)) - 05386be6-5dc2-4792-913d-6d8439b86153: addNew group-348FB567202F:[05386be6-5dc2-4792-913d-6d8439b86153:172.17.0.2:36487] returns group-348FB567202F:java.util.concurrent.CompletableFuture@6f2fe8ca[Not completed]
2020-06-09 10:47:36,604 [pool-1089-thread-1] INFO  impl.RaftServerImpl (RaftServerImpl.java:<init>(99)) - 05386be6-5dc2-4792-913d-6d8439b86153: new RaftServerImpl for group-348FB567202F:[05386be6-5dc2-4792-913d-6d8439b86153:172.17.0.2:36487] with ContainerStateMachine:uninitialized
2020-06-09 10:47:36,604 [pool-1089-thread-1] INFO  server.RaftServerConfigKeys (ConfUtils.java:logGet(44)) - raft.server.rpc.timeout.min = 5s (custom)
2020-06-09 10:47:36,604 [pool-1089-thread-1] INFO  server.RaftServerConfigKeys (ConfUtils.java:logGet(44)) - raft.server.rpc.timeout.max = 5200ms (custom)
2020-06-09 10:47:36,604 [pool-1089-thread-1] INFO  server.RaftServerConfigKeys (ConfUtils.java:logGet(44)) - raft.server.rpcslowness.timeout = 300s (custom)
2020-06-09 10:47:36,604 [pool-1089-thread-1] INFO  server.RaftServerConfigKeys (ConfUtils.java:logGet(44)) - raft.server.sleep.deviation.threshold = 300 (default)
2020-06-09 10:47:36,604 [pool-1089-thread-1] INFO  server.RaftServerConfigKeys (ConfUtils.java:logGet(44)) - raft.server.log.appender.install.snapshot.enabled = false (custom)
2020-06-09 10:47:36,604 [pool-1089-thread-1] INFO  impl.RaftServerImpl (ServerState.java:<init>(103)) - 05386be6-5dc2-4792-913d-6d8439b86153@group-348FB567202F: ConfigurationManager, init=-1: [05386be6-5dc2-4792-913d-6d8439b86153:172.17.0.2:36487], old=null, confs=<EMPTY_MAP>
2020-06-09 10:47:36,604 [pool-1089-thread-1] INFO  server.RaftServerConfigKeys (ConfUtils.java:logGet(44)) - raft.server.storage.dir = [/github/workspace/mnt/ozone/hadoop-ozone/integration-test/target/test-dir/MiniOzoneClusterImpl-428de9cd-98e2-485e-b164-55ba4e728ea0/datanode-0/data/ratis] (custom)
2020-06-09 10:47:36,605 [pool-1089-thread-1] INFO  server.RaftServerConfigKeys (ConfUtils.java:logGet(44)) - raft.server.log.corruption.policy = EXCEPTION (default)
2020-06-09 10:47:36,605 [pool-1089-thread-1] INFO  storage.RaftStorageDirectory (RaftStorageDirectory.java:analyzeStorage(261)) - The storage directory /github/workspace/mnt/ozone/hadoop-ozone/integration-test/target/test-dir/MiniOzoneClusterImpl-428de9cd-98e2-485e-b164-55ba4e728ea0/datanode-0/data/ratis/43430495-dbe1-4bfb-b831-348fb567202f does not exist. Creating ...
2020-06-09 10:47:36,606 [pool-1089-thread-1] INFO  storage.RaftStorageDirectory (RaftStorageDirectory.java:tryLock(343)) - Lock on /github/workspace/mnt/ozone/hadoop-ozone/integration-test/target/test-dir/MiniOzoneClusterImpl-428de9cd-98e2-485e-b164-55ba4e728ea0/datanode-0/data/ratis/43430495-dbe1-4bfb-b831-348fb567202f/in_use.lock acquired by nodename 24425@6db717622624
2020-06-09 10:47:36,607 [pool-1089-thread-1] INFO  storage.RaftStorage (RaftStorage.java:format(84)) - Storage directory /github/workspace/mnt/ozone/hadoop-ozone/integration-test/target/test-dir/MiniOzoneClusterImpl-428de9cd-98e2-485e-b164-55ba4e728ea0/datanode-0/data/ratis/43430495-dbe1-4bfb-b831-348fb567202f has been successfully formatted.
2020-06-09 10:47:36,608 [pool-1089-thread-1] INFO  ratis.ContainerStateMachine (ContainerStateMachine.java:loadSnapshot(226)) - group-348FB567202F: The snapshot info is null. Setting the last applied indexto:(t:0, i:~)
2020-06-09 10:47:36,609 [pool-1089-thread-1] INFO  server.RaftServerConfigKeys (ConfUtils.java:logGet(44)) - raft.server.notification.no-leader.timeout = 60s (default)
2020-06-09 10:47:36,609 [pool-1089-thread-1] INFO  server.RaftServerConfigKeys (ConfUtils.java:logGet(44)) - raft.server.log.use.memory = false (default)
2020-06-09 10:47:36,609 [pool-1089-thread-1] INFO  server.RaftServerConfigKeys (ConfUtils.java:logGet(44)) - raft.server.log.purge.gap = 1000000 (custom)
2020-06-09 10:47:36,609 [pool-1089-thread-1] INFO  server.RaftServerConfigKeys (ConfUtils.java:logGet(44)) - raft.server.log.appender.buffer.byte-limit = 33554432 (custom)
2020-06-09 10:47:36,609 [pool-1089-thread-1] INFO  server.RaftServerConfigKeys (ConfUtils.java:logGet(44)) - raft.server.log.segment.size.max = 1048576 (custom)
2020-06-09 10:47:36,609 [pool-1089-thread-1] INFO  metrics.RatisMetrics (RatisMetrics.java:lambda$create$0(36)) - Creating Metrics Registry : ratis.log_worker.05386be6-5dc2-4792-913d-6d8439b86153@group-348FB567202F
2020-06-09 10:47:36,609 [EventQueue-PipelineReportForPipelineReportHandler] INFO  pipeline.PipelineStateManager (PipelineStateManager.java:openPipeline(131)) - Pipeline Pipeline[ Id: 43430495-dbe1-4bfb-b831-348fb567202f, Nodes: 05386be6-5dc2-4792-913d-6d8439b86153{ip: 172.17.0.2, host: 6db717622624, networkLocation: /default-rack, certSerialId: null}, Type:RATIS, Factor:ONE, State:ALLOCATED, leaderId:05386be6-5dc2-4792-913d-6d8439b86153, CreationTimestamp2020-06-09T10:47:33.608Z] moved to OPEN state
2020-06-09 10:47:36,609 [pool-1089-thread-1] INFO  server.RaftServerConfigKeys (ConfUtils.java:logGet(44)) - raft.server.log.segment.cache.num.max = 2 (custom)
2020-06-09 10:47:36,609 [pool-1089-thread-1] INFO  segmented.SegmentedRaftLogWorker (SegmentedRaftLogWorker.java:<init>(180)) - new 05386be6-5dc2-4792-913d-6d8439b86153@group-348FB567202F-SegmentedRaftLogWorker for RaftStorage:Storage Directory /github/workspace/mnt/ozone/hadoop-ozone/integration-test/target/test-dir/MiniOzoneClusterImpl-428de9cd-98e2-485e-b164-55ba4e728ea0/datanode-0/data/ratis/43430495-dbe1-4bfb-b831-348fb567202f
2020-06-09 10:47:36,609 [pool-1089-thread-1] INFO  server.RaftServerConfigKeys (ConfUtils.java:logGet(44)) - raft.server.log.queue.byte-limit = 2147483647 (custom)
2020-06-09 10:47:36,609 [pool-1089-thread-1] INFO  server.RaftServerConfigKeys (ConfUtils.java:logGet(44)) - raft.server.log.queue.element-limit = 1024 (custom)
2020-06-09 10:47:36,609 [pool-1089-thread-1] INFO  server.RaftServerConfigKeys (ConfUtils.java:logGet(44)) - raft.server.log.segment.size.max = 1048576 (custom)
2020-06-09 10:47:36,610 [pool-1089-thread-1] INFO  server.RaftServerConfigKeys (ConfUtils.java:logGet(44)) - raft.server.log.preallocated.size = 16384 (custom)
2020-06-09 10:47:36,610 [pool-1089-thread-1] INFO  server.RaftServerConfigKeys (ConfUtils.java:logGet(44)) - raft.server.log.write.buffer.size = 1048576 (custom)
2020-06-09 10:47:36,610 [pool-1089-thread-1] INFO  server.RaftServerConfigKeys (ConfUtils.java:logGet(44)) - raft.server.log.force.sync.num = 128 (default)
2020-06-09 10:47:36,611 [pool-1089-thread-1] INFO  server.RaftServerConfigKeys (ConfUtils.java:logGet(44)) - raft.server.log.statemachine.data.sync = true (default)
2020-06-09 10:47:36,611 [EventQueue-OpenPipelineForOneReplicaPipelineSafeModeRule] INFO  safemode.SCMSafeModeManager (SCMSafeModeManager.java:validateSafeModeExitRules(213)) - AtleastOneDatanodeReportedRule rule is successfully validated
2020-06-09 10:47:36,611 [pool-1089-thread-1] INFO  server.RaftServerConfigKeys (ConfUtils.java:logGet(44)) - raft.server.log.statemachine.data.sync.timeout = 10s (default)
2020-06-09 10:47:36,611 [pool-1089-thread-1] INFO  server.RaftServerConfigKeys (ConfUtils.java:logGet(44)) - raft.server.log.statemachine.data.sync.timeout.retry = -1 (default)
2020-06-09 10:47:36,614 [pool-1089-thread-1] INFO  server.RaftServerConfigKeys (ConfUtils.java:logGet(44)) - raft.server.log.statemachine.data.caching.enabled = true (custom)
2020-06-09 10:47:36,614 [pool-1089-thread-1] INFO  segmented.SegmentedRaftLogWorker (SegmentedRaftLogWorker.java:lambda$new$0(129)) - 05386be6-5dc2-4792-913d-6d8439b86153@group-348FB567202F-SegmentedRaftLogWorker: flushIndex: setUnconditionally 0 -> -1
2020-06-09 10:47:36,614 [pool-1089-thread-1] INFO  segmented.SegmentedRaftLogWorker (SegmentedRaftLogWorker.java:lambda$new$0(129)) - 05386be6-5dc2-4792-913d-6d8439b86153@group-348FB567202F-SegmentedRaftLogWorker: safeCacheEvictIndex: setUnconditionally 0 -> -1
2020-06-09 10:47:36,614 [EventQueue-OpenPipelineForHealthyPipelineSafeModeRule] INFO  safemode.SCMSafeModeManager (HealthyPipelineSafeModeRule.java:process(132)) - SCM in safe mode. Healthy pipelines reported count is 0, required healthy pipeline reported count is 1
2020-06-09 10:47:36,614 [pool-1089-thread-1] INFO  server.RaftServerConfigKeys (ConfUtils.java:logGet(44)) - raft.server.snapshot.auto.trigger.enabled = true (custom)
2020-06-09 10:47:36,614 [pool-1089-thread-1] INFO  server.RaftServerConfigKeys (ConfUtils.java:logGet(44)) - raft.server.snapshot.auto.trigger.threshold = 10000 (custom)
2020-06-09 10:47:36,614 [pool-1089-thread-1] INFO  server.RaftServerConfigKeys (ConfUtils.java:logGet(44)) - raft.server.snapshot.retention.file.num = 5 (custom)
2020-06-09 10:47:36,614 [pool-1089-thread-1] INFO  server.RaftServerConfigKeys (ConfUtils.java:logGet(44)) - raft.server.log.purge.upto.snapshot.index = false (default)
2020-06-09 10:47:36,614 [pool-1089-thread-1] INFO  server.RaftServerConfigKeys (ConfUtils.java:logGet(44)) - raft.server.retrycache.expirytime = 600000ms (custom)
2020-06-09 10:47:36,614 [pool-1089-thread-1] INFO  metrics.RatisMetrics (RatisMetrics.java:lambda$create$0(36)) - Creating Metrics Registry : ratis.leader_election.05386be6-5dc2-4792-913d-6d8439b86153@group-348FB567202F
2020-06-09 10:47:36,615 [pool-1089-thread-1] INFO  metrics.RatisMetrics (RatisMetrics.java:lambda$create$0(36)) - Creating Metrics Registry : ratis.server.05386be6-5dc2-4792-913d-6d8439b86153@group-348FB567202F
2020-06-09 10:47:36,617 [pool-1089-thread-1] INFO  impl.RaftServerImpl (RaftServerImpl.java:start(186)) - 05386be6-5dc2-4792-913d-6d8439b86153@group-348FB567202F: start as a follower, conf=-1: [05386be6-5dc2-4792-913d-6d8439b86153:172.17.0.2:36487], old=null
2020-06-09 10:47:36,618 [pool-1089-thread-1] INFO  impl.RaftServerImpl (RaftServerImpl.java:setRole(175)) - 05386be6-5dc2-4792-913d-6d8439b86153@group-348FB567202F: changes role from      null to FOLLOWER at term 0 for startAsFollower
2020-06-09 10:47:36,618 [pool-1089-thread-1] INFO  impl.RoleInfo (RoleInfo.java:updateAndGet(143)) - 05386be6-5dc2-4792-913d-6d8439b86153: start FollowerState
2020-06-09 10:47:36,618 [pool-1089-thread-1] INFO  util.JmxRegister (JmxRegister.java:tryRegister(44)) - Successfully registered JMX Bean with object name Ratis:service=RaftServer,group=group-348FB567202F,id=05386be6-5dc2-4792-913d-6d8439b86153
2020-06-09 10:47:36,618 [pool-1089-thread-1] INFO  metrics.RatisMetrics (RatisMetrics.java:lambda$create$0(36)) - Creating Metrics Registry : ratis.state_machine.05386be6-5dc2-4792-913d-6d8439b86153@group-348FB567202F
2020-06-09 10:47:36,619 [Command processor thread] INFO  commandhandler.CreatePipelineCommandHandler (CreatePipelineCommandHandler.java:handle(109)) - Created Pipeline RATIS ONE #id: "43430495-dbe1-4bfb-b831-348fb567202f"
.
2020-06-09 10:47:36,619 [Command processor thread] INFO  impl.RaftServerProxy (RaftServerProxy.java:addNew(89)) - 05386be6-5dc2-4792-913d-6d8439b86153: addNew group-AAAA730C07D5:[05386be6-5dc2-4792-913d-6d8439b86153:172.17.0.2:36487, 25a3501a-3b9a-4b43-a901-462da60c5d5f:172.17.0.2:37683, 95b41f0e-be9c-42c7-a4a1-bcd4e1253490:172.17.0.2:38781] returns group-AAAA730C07D5:java.util.concurrent.CompletableFuture@6b1071f7[Not completed]
2020-06-09 10:47:36,620 [pool-1089-thread-1] INFO  impl.RaftServerImpl (RaftServerImpl.java:<init>(99)) - 05386be6-5dc2-4792-913d-6d8439b86153: new RaftServerImpl for group-AAAA730C07D5:[05386be6-5dc2-4792-913d-6d8439b86153:172.17.0.2:36487, 25a3501a-3b9a-4b43-a901-462da60c5d5f:172.17.0.2:37683, 95b41f0e-be9c-42c7-a4a1-bcd4e1253490:172.17.0.2:38781] with ContainerStateMachine:uninitialized
2020-06-09 10:47:36,620 [pool-1089-thread-1] INFO  server.RaftServerConfigKeys (ConfUtils.java:logGet(44)) - raft.server.rpc.timeout.min = 5s (custom)
2020-06-09 10:47:36,620 [pool-1089-thread-1] INFO  server.RaftServerConfigKeys (ConfUtils.java:logGet(44)) - raft.server.rpc.timeout.max = 5200ms (custom)
2020-06-09 10:47:36,620 [pool-1089-thread-1] INFO  server.RaftServerConfigKeys (ConfUtils.java:logGet(44)) - raft.server.rpcslowness.timeout = 300s (custom)
2020-06-09 10:47:36,620 [pool-1089-thread-1] INFO  server.RaftServerConfigKeys (ConfUtils.java:logGet(44)) - raft.server.sleep.deviation.threshold = 300 (default)
2020-06-09 10:47:36,620 [pool-1089-thread-1] INFO  server.RaftServerConfigKeys (ConfUtils.java:logGet(44)) - raft.server.log.appender.install.snapshot.enabled = false (custom)
2020-06-09 10:47:36,620 [pool-1089-thread-1] INFO  impl.RaftServerImpl (ServerState.java:<init>(103)) - 05386be6-5dc2-4792-913d-6d8439b86153@group-AAAA730C07D5: ConfigurationManager, init=-1: [05386be6-5dc2-4792-913d-6d8439b86153:172.17.0.2:36487, 25a3501a-3b9a-4b43-a901-462da60c5d5f:172.17.0.2:37683, 95b41f0e-be9c-42c7-a4a1-bcd4e1253490:172.17.0.2:38781], old=null, confs=<EMPTY_MAP>
2020-06-09 10:47:36,620 [pool-1089-thread-1] INFO  server.RaftServerConfigKeys (ConfUtils.java:logGet(44)) - raft.server.storage.dir = [/github/workspace/mnt/ozone/hadoop-ozone/integration-test/target/test-dir/MiniOzoneClusterImpl-428de9cd-98e2-485e-b164-55ba4e728ea0/datanode-0/data/ratis] (custom)
2020-06-09 10:47:36,620 [pool-1089-thread-1] INFO  server.RaftServerConfigKeys (ConfUtils.java:logGet(44)) - raft.server.log.corruption.policy = EXCEPTION (default)
2020-06-09 10:47:36,620 [pool-1089-thread-1] INFO  storage.RaftStorageDirectory (RaftStorageDirectory.java:analyzeStorage(261)) - The storage directory /github/workspace/mnt/ozone/hadoop-ozone/integration-test/target/test-dir/MiniOzoneClusterImpl-428de9cd-98e2-485e-b164-55ba4e728ea0/datanode-0/data/ratis/43d97006-414d-4f93-a396-aaaa730c07d5 does not exist. Creating ...
2020-06-09 10:47:36,622 [pool-1089-thread-1] INFO  storage.RaftStorageDirectory (RaftStorageDirectory.java:tryLock(343)) - Lock on /github/workspace/mnt/ozone/hadoop-ozone/integration-test/target/test-dir/MiniOzoneClusterImpl-428de9cd-98e2-485e-b164-55ba4e728ea0/datanode-0/data/ratis/43d97006-414d-4f93-a396-aaaa730c07d5/in_use.lock acquired by nodename 24425@6db717622624
2020-06-09 10:47:36,623 [pool-1089-thread-1] INFO  storage.RaftStorage (RaftStorage.java:format(84)) - Storage directory /github/workspace/mnt/ozone/hadoop-ozone/integration-test/target/test-dir/MiniOzoneClusterImpl-428de9cd-98e2-485e-b164-55ba4e728ea0/datanode-0/data/ratis/43d97006-414d-4f93-a396-aaaa730c07d5 has been successfully formatted.
2020-06-09 10:47:36,623 [pool-1089-thread-1] INFO  ratis.ContainerStateMachine (ContainerStateMachine.java:loadSnapshot(226)) - group-AAAA730C07D5: The snapshot info is null. Setting the last applied indexto:(t:0, i:~)
2020-06-09 10:47:36,623 [pool-1089-thread-1] INFO  server.RaftServerConfigKeys (ConfUtils.java:logGet(44)) - raft.server.notification.no-leader.timeout = 60s (default)
2020-06-09 10:47:36,623 [pool-1089-thread-1] INFO  server.RaftServerConfigKeys (ConfUtils.java:logGet(44)) - raft.server.log.use.memory = false (default)
2020-06-09 10:47:36,623 [pool-1089-thread-1] INFO  server.RaftServerConfigKeys (ConfUtils.java:logGet(44)) - raft.server.log.purge.gap = 1000000 (custom)
2020-06-09 10:47:36,623 [pool-1089-thread-1] INFO  server.RaftServerConfigKeys (ConfUtils.java:logGet(44)) - raft.server.log.appender.buffer.byte-limit = 33554432 (custom)
2020-06-09 10:47:36,623 [pool-1089-thread-1] INFO  server.RaftServerConfigKeys (ConfUtils.java:logGet(44)) - raft.server.log.segment.size.max = 1048576 (custom)
2020-06-09 10:47:36,623 [pool-1089-thread-1] INFO  metrics.RatisMetrics (RatisMetrics.java:lambda$create$0(36)) - Creating Metrics Registry : ratis.log_worker.05386be6-5dc2-4792-913d-6d8439b86153@group-AAAA730C07D5
2020-06-09 10:47:36,623 [pool-1089-thread-1] INFO  server.RaftServerConfigKeys (ConfUtils.java:logGet(44)) - raft.server.log.segment.cache.num.max = 2 (custom)
2020-06-09 10:47:36,623 [pool-1089-thread-1] INFO  segmented.SegmentedRaftLogWorker (SegmentedRaftLogWorker.java:<init>(180)) - new 05386be6-5dc2-4792-913d-6d8439b86153@group-AAAA730C07D5-SegmentedRaftLogWorker for RaftStorage:Storage Directory /github/workspace/mnt/ozone/hadoop-ozone/integration-test/target/test-dir/MiniOzoneClusterImpl-428de9cd-98e2-485e-b164-55ba4e728ea0/datanode-0/data/ratis/43d97006-414d-4f93-a396-aaaa730c07d5
2020-06-09 10:47:36,624 [pool-1089-thread-1] INFO  server.RaftServerConfigKeys (ConfUtils.java:logGet(44)) - raft.server.log.queue.byte-limit = 2147483647 (custom)
2020-06-09 10:47:36,624 [pool-1089-thread-1] INFO  server.RaftServerConfigKeys (ConfUtils.java:logGet(44)) - raft.server.log.queue.element-limit = 1024 (custom)
2020-06-09 10:47:36,624 [pool-1089-thread-1] INFO  server.RaftServerConfigKeys (ConfUtils.java:logGet(44)) - raft.server.log.segment.size.max = 1048576 (custom)
2020-06-09 10:47:36,624 [pool-1089-thread-1] INFO  server.RaftServerConfigKeys (ConfUtils.java:logGet(44)) - raft.server.log.preallocated.size = 16384 (custom)
2020-06-09 10:47:36,624 [pool-1089-thread-1] INFO  server.RaftServerConfigKeys (ConfUtils.java:logGet(44)) - raft.server.log.write.buffer.size = 1048576 (custom)
2020-06-09 10:47:36,624 [pool-1089-thread-1] INFO  server.RaftServerConfigKeys (ConfUtils.java:logGet(44)) - raft.server.log.force.sync.num = 128 (default)
2020-06-09 10:47:36,624 [pool-1089-thread-1] INFO  server.RaftServerConfigKeys (ConfUtils.java:logGet(44)) - raft.server.log.statemachine.data.sync = true (default)
2020-06-09 10:47:36,624 [pool-1089-thread-1] INFO  server.RaftServerConfigKeys (ConfUtils.java:logGet(44)) - raft.server.log.statemachine.data.sync.timeout = 10s (default)
2020-06-09 10:47:36,624 [pool-1089-thread-1] INFO  server.RaftServerConfigKeys (ConfUtils.java:logGet(44)) - raft.server.log.statemachine.data.sync.timeout.retry = -1 (default)
2020-06-09 10:47:36,627 [pool-1089-thread-1] INFO  server.RaftServerConfigKeys (ConfUtils.java:logGet(44)) - raft.server.log.statemachine.data.caching.enabled = true (custom)
2020-06-09 10:47:36,628 [pool-1089-thread-1] INFO  segmented.SegmentedRaftLogWorker (SegmentedRaftLogWorker.java:lambda$new$0(129)) - 05386be6-5dc2-4792-913d-6d8439b86153@group-AAAA730C07D5-SegmentedRaftLogWorker: flushIndex: setUnconditionally 0 -> -1
2020-06-09 10:47:36,628 [pool-1089-thread-1] INFO  segmented.SegmentedRaftLogWorker (SegmentedRaftLogWorker.java:lambda$new$0(129)) - 05386be6-5dc2-4792-913d-6d8439b86153@group-AAAA730C07D5-SegmentedRaftLogWorker: safeCacheEvictIndex: setUnconditionally 0 -> -1
2020-06-09 10:47:36,628 [pool-1089-thread-1] INFO  server.RaftServerConfigKeys (ConfUtils.java:logGet(44)) - raft.server.snapshot.auto.trigger.enabled = true (custom)
2020-06-09 10:47:36,628 [pool-1089-thread-1] INFO  server.RaftServerConfigKeys (ConfUtils.java:logGet(44)) - raft.server.snapshot.auto.trigger.threshold = 10000 (custom)
2020-06-09 10:47:36,628 [pool-1089-thread-1] INFO  server.RaftServerConfigKeys (ConfUtils.java:logGet(44)) - raft.server.snapshot.retention.file.num = 5 (custom)
2020-06-09 10:47:36,628 [pool-1089-thread-1] INFO  server.RaftServerConfigKeys (ConfUtils.java:logGet(44)) - raft.server.log.purge.upto.snapshot.index = false (default)
2020-06-09 10:47:36,628 [pool-1089-thread-1] INFO  server.RaftServerConfigKeys (ConfUtils.java:logGet(44)) - raft.server.retrycache.expirytime = 600000ms (custom)
2020-06-09 10:47:36,628 [pool-1089-thread-1] INFO  metrics.RatisMetrics (RatisMetrics.java:lambda$create$0(36)) - Creating Metrics Registry : ratis.leader_election.05386be6-5dc2-4792-913d-6d8439b86153@group-AAAA730C07D5
2020-06-09 10:47:36,629 [pool-1089-thread-1] INFO  metrics.RatisMetrics (RatisMetrics.java:lambda$create$0(36)) - Creating Metrics Registry : ratis.server.05386be6-5dc2-4792-913d-6d8439b86153@group-AAAA730C07D5
2020-06-09 10:47:36,631 [pool-1089-thread-1] INFO  impl.RaftServerImpl (RaftServerImpl.java:start(186)) - 05386be6-5dc2-4792-913d-6d8439b86153@group-AAAA730C07D5: start as a follower, conf=-1: [05386be6-5dc2-4792-913d-6d8439b86153:172.17.0.2:36487, 25a3501a-3b9a-4b43-a901-462da60c5d5f:172.17.0.2:37683, 95b41f0e-be9c-42c7-a4a1-bcd4e1253490:172.17.0.2:38781], old=null
2020-06-09 10:47:36,631 [pool-1089-thread-1] INFO  impl.RaftServerImpl (RaftServerImpl.java:setRole(175)) - 05386be6-5dc2-4792-913d-6d8439b86153@group-AAAA730C07D5: changes role from      null to FOLLOWER at term 0 for startAsFollower
2020-06-09 10:47:36,631 [pool-1089-thread-1] INFO  impl.RoleInfo (RoleInfo.java:updateAndGet(143)) - 05386be6-5dc2-4792-913d-6d8439b86153: start FollowerState
2020-06-09 10:47:36,631 [pool-1089-thread-1] INFO  util.JmxRegister (JmxRegister.java:tryRegister(44)) - Successfully registered JMX Bean with object name Ratis:service=RaftServer,group=group-AAAA730C07D5,id=05386be6-5dc2-4792-913d-6d8439b86153
2020-06-09 10:47:36,631 [pool-1089-thread-1] INFO  metrics.RatisMetrics (RatisMetrics.java:lambda$create$0(36)) - Creating Metrics Registry : ratis.state_machine.05386be6-5dc2-4792-913d-6d8439b86153@group-AAAA730C07D5
2020-06-09 10:47:36,638 [grpc-default-executor-4] INFO  impl.RaftServerProxy (RaftServerProxy.java:addNew(89)) - 95b41f0e-be9c-42c7-a4a1-bcd4e1253490: addNew group-AAAA730C07D5:[05386be6-5dc2-4792-913d-6d8439b86153:172.17.0.2:36487, 25a3501a-3b9a-4b43-a901-462da60c5d5f:172.17.0.2:37683, 95b41f0e-be9c-42c7-a4a1-bcd4e1253490:172.17.0.2:38781] returns group-AAAA730C07D5:java.util.concurrent.CompletableFuture@48804e9[Not completed]
2020-06-09 10:47:36,639 [pool-1105-thread-1] INFO  impl.RaftServerImpl (RaftServerImpl.java:<init>(99)) - 95b41f0e-be9c-42c7-a4a1-bcd4e1253490: new RaftServerImpl for group-AAAA730C07D5:[05386be6-5dc2-4792-913d-6d8439b86153:172.17.0.2:36487, 25a3501a-3b9a-4b43-a901-462da60c5d5f:172.17.0.2:37683, 95b41f0e-be9c-42c7-a4a1-bcd4e1253490:172.17.0.2:38781] with ContainerStateMachine:uninitialized
2020-06-09 10:47:36,639 [pool-1105-thread-1] INFO  server.RaftServerConfigKeys (ConfUtils.java:logGet(44)) - raft.server.rpc.timeout.min = 5s (custom)
2020-06-09 10:47:36,639 [pool-1105-thread-1] INFO  server.RaftServerConfigKeys (ConfUtils.java:logGet(44)) - raft.server.rpc.timeout.max = 5200ms (custom)
2020-06-09 10:47:36,639 [pool-1105-thread-1] INFO  server.RaftServerConfigKeys (ConfUtils.java:logGet(44)) - raft.server.rpcslowness.timeout = 300s (custom)
2020-06-09 10:47:36,639 [pool-1105-thread-1] INFO  server.RaftServerConfigKeys (ConfUtils.java:logGet(44)) - raft.server.sleep.deviation.threshold = 300 (default)
2020-06-09 10:47:36,639 [pool-1105-thread-1] INFO  server.RaftServerConfigKeys (ConfUtils.java:logGet(44)) - raft.server.log.appender.install.snapshot.enabled = false (custom)
2020-06-09 10:47:36,639 [pool-1105-thread-1] INFO  impl.RaftServerImpl (ServerState.java:<init>(103)) - 95b41f0e-be9c-42c7-a4a1-bcd4e1253490@group-AAAA730C07D5: ConfigurationManager, init=-1: [05386be6-5dc2-4792-913d-6d8439b86153:172.17.0.2:36487, 25a3501a-3b9a-4b43-a901-462da60c5d5f:172.17.0.2:37683, 95b41f0e-be9c-42c7-a4a1-bcd4e1253490:172.17.0.2:38781], old=null, confs=<EMPTY_MAP>
2020-06-09 10:47:36,639 [pool-1105-thread-1] INFO  server.RaftServerConfigKeys (ConfUtils.java:logGet(44)) - raft.server.storage.dir = [/github/workspace/mnt/ozone/hadoop-ozone/integration-test/target/test-dir/MiniOzoneClusterImpl-428de9cd-98e2-485e-b164-55ba4e728ea0/datanode-1/data/ratis] (custom)
2020-06-09 10:47:36,639 [pool-1105-thread-1] INFO  server.RaftServerConfigKeys (ConfUtils.java:logGet(44)) - raft.server.log.corruption.policy = EXCEPTION (default)
2020-06-09 10:47:36,639 [pool-1105-thread-1] INFO  storage.RaftStorageDirectory (RaftStorageDirectory.java:analyzeStorage(261)) - The storage directory /github/workspace/mnt/ozone/hadoop-ozone/integration-test/target/test-dir/MiniOzoneClusterImpl-428de9cd-98e2-485e-b164-55ba4e728ea0/datanode-1/data/ratis/43d97006-414d-4f93-a396-aaaa730c07d5 does not exist. Creating ...
2020-06-09 10:47:36,641 [pool-1105-thread-1] INFO  storage.RaftStorageDirectory (RaftStorageDirectory.java:tryLock(343)) - Lock on /github/workspace/mnt/ozone/hadoop-ozone/integration-test/target/test-dir/MiniOzoneClusterImpl-428de9cd-98e2-485e-b164-55ba4e728ea0/datanode-1/data/ratis/43d97006-414d-4f93-a396-aaaa730c07d5/in_use.lock acquired by nodename 24425@6db717622624
2020-06-09 10:47:36,642 [pool-1105-thread-1] INFO  storage.RaftStorage (RaftStorage.java:format(84)) - Storage directory /github/workspace/mnt/ozone/hadoop-ozone/integration-test/target/test-dir/MiniOzoneClusterImpl-428de9cd-98e2-485e-b164-55ba4e728ea0/datanode-1/data/ratis/43d97006-414d-4f93-a396-aaaa730c07d5 has been successfully formatted.
2020-06-09 10:47:36,643 [pool-1105-thread-1] INFO  ratis.ContainerStateMachine (ContainerStateMachine.java:loadSnapshot(226)) - group-AAAA730C07D5: The snapshot info is null. Setting the last applied indexto:(t:0, i:~)
2020-06-09 10:47:36,643 [pool-1105-thread-1] INFO  server.RaftServerConfigKeys (ConfUtils.java:logGet(44)) - raft.server.notification.no-leader.timeout = 60s (default)
2020-06-09 10:47:36,643 [pool-1105-thread-1] INFO  server.RaftServerConfigKeys (ConfUtils.java:logGet(44)) - raft.server.log.use.memory = false (default)
2020-06-09 10:47:36,643 [pool-1105-thread-1] INFO  server.RaftServerConfigKeys (ConfUtils.java:logGet(44)) - raft.server.log.purge.gap = 1000000 (custom)
2020-06-09 10:47:36,643 [pool-1105-thread-1] INFO  server.RaftServerConfigKeys (ConfUtils.java:logGet(44)) - raft.server.log.appender.buffer.byte-limit = 33554432 (custom)
2020-06-09 10:47:36,643 [pool-1105-thread-1] INFO  server.RaftServerConfigKeys (ConfUtils.java:logGet(44)) - raft.server.log.segment.size.max = 1048576 (custom)
2020-06-09 10:47:36,643 [pool-1105-thread-1] INFO  metrics.RatisMetrics (RatisMetrics.java:lambda$create$0(36)) - Creating Metrics Registry : ratis.log_worker.95b41f0e-be9c-42c7-a4a1-bcd4e1253490@group-AAAA730C07D5
2020-06-09 10:47:36,643 [pool-1105-thread-1] INFO  server.RaftServerConfigKeys (ConfUtils.java:logGet(44)) - raft.server.log.segment.cache.num.max = 2 (custom)
2020-06-09 10:47:36,643 [pool-1105-thread-1] INFO  segmented.SegmentedRaftLogWorker (SegmentedRaftLogWorker.java:<init>(180)) - new 95b41f0e-be9c-42c7-a4a1-bcd4e1253490@group-AAAA730C07D5-SegmentedRaftLogWorker for RaftStorage:Storage Directory /github/workspace/mnt/ozone/hadoop-ozone/integration-test/target/test-dir/MiniOzoneClusterImpl-428de9cd-98e2-485e-b164-55ba4e728ea0/datanode-1/data/ratis/43d97006-414d-4f93-a396-aaaa730c07d5
2020-06-09 10:47:36,644 [pool-1105-thread-1] INFO  server.RaftServerConfigKeys (ConfUtils.java:logGet(44)) - raft.server.log.queue.byte-limit = 2147483647 (custom)
2020-06-09 10:47:36,644 [pool-1105-thread-1] INFO  server.RaftServerConfigKeys (ConfUtils.java:logGet(44)) - raft.server.log.queue.element-limit = 1024 (custom)
2020-06-09 10:47:36,644 [pool-1105-thread-1] INFO  server.RaftServerConfigKeys (ConfUtils.java:logGet(44)) - raft.server.log.segment.size.max = 1048576 (custom)
2020-06-09 10:47:36,644 [pool-1105-thread-1] INFO  server.RaftServerConfigKeys (ConfUtils.java:logGet(44)) - raft.server.log.preallocated.size = 16384 (custom)
2020-06-09 10:47:36,644 [pool-1105-thread-1] INFO  server.RaftServerConfigKeys (ConfUtils.java:logGet(44)) - raft.server.log.write.buffer.size = 1048576 (custom)
2020-06-09 10:47:36,644 [pool-1105-thread-1] INFO  server.RaftServerConfigKeys (ConfUtils.java:logGet(44)) - raft.server.log.force.sync.num = 128 (default)
2020-06-09 10:47:36,644 [pool-1105-thread-1] INFO  server.RaftServerConfigKeys (ConfUtils.java:logGet(44)) - raft.server.log.statemachine.data.sync = true (default)
2020-06-09 10:47:36,644 [pool-1105-thread-1] INFO  server.RaftServerConfigKeys (ConfUtils.java:logGet(44)) - raft.server.log.statemachine.data.sync.timeout = 10s (default)
2020-06-09 10:47:36,644 [pool-1105-thread-1] INFO  server.RaftServerConfigKeys (ConfUtils.java:logGet(44)) - raft.server.log.statemachine.data.sync.timeout.retry = -1 (default)
2020-06-09 10:47:36,647 [pool-1105-thread-1] INFO  server.RaftServerConfigKeys (ConfUtils.java:logGet(44)) - raft.server.log.statemachine.data.caching.enabled = true (custom)
2020-06-09 10:47:36,647 [pool-1105-thread-1] INFO  segmented.SegmentedRaftLogWorker (SegmentedRaftLogWorker.java:lambda$new$0(129)) - 95b41f0e-be9c-42c7-a4a1-bcd4e1253490@group-AAAA730C07D5-SegmentedRaftLogWorker: flushIndex: setUnconditionally 0 -> -1
2020-06-09 10:47:36,647 [pool-1105-thread-1] INFO  segmented.SegmentedRaftLogWorker (SegmentedRaftLogWorker.java:lambda$new$0(129)) - 95b41f0e-be9c-42c7-a4a1-bcd4e1253490@group-AAAA730C07D5-SegmentedRaftLogWorker: safeCacheEvictIndex: setUnconditionally 0 -> -1
2020-06-09 10:47:36,647 [pool-1105-thread-1] INFO  server.RaftServerConfigKeys (ConfUtils.java:logGet(44)) - raft.server.snapshot.auto.trigger.enabled = true (custom)
2020-06-09 10:47:36,647 [pool-1105-thread-1] INFO  server.RaftServerConfigKeys (ConfUtils.java:logGet(44)) - raft.server.snapshot.auto.trigger.threshold = 10000 (custom)
2020-06-09 10:47:36,647 [pool-1105-thread-1] INFO  server.RaftServerConfigKeys (ConfUtils.java:logGet(44)) - raft.server.snapshot.retention.file.num = 5 (custom)
2020-06-09 10:47:36,647 [pool-1105-thread-1] INFO  server.RaftServerConfigKeys (ConfUtils.java:logGet(44)) - raft.server.log.purge.upto.snapshot.index = false (default)
2020-06-09 10:47:36,647 [pool-1105-thread-1] INFO  server.RaftServerConfigKeys (ConfUtils.java:logGet(44)) - raft.server.retrycache.expirytime = 600000ms (custom)
2020-06-09 10:47:36,647 [pool-1105-thread-1] INFO  metrics.RatisMetrics (RatisMetrics.java:lambda$create$0(36)) - Creating Metrics Registry : ratis.leader_election.95b41f0e-be9c-42c7-a4a1-bcd4e1253490@group-AAAA730C07D5
2020-06-09 10:47:36,648 [pool-1105-thread-1] INFO  metrics.RatisMetrics (RatisMetrics.java:lambda$create$0(36)) - Creating Metrics Registry : ratis.server.95b41f0e-be9c-42c7-a4a1-bcd4e1253490@group-AAAA730C07D5
2020-06-09 10:47:36,650 [pool-1105-thread-1] INFO  impl.RaftServerImpl (RaftServerImpl.java:start(186)) - 95b41f0e-be9c-42c7-a4a1-bcd4e1253490@group-AAAA730C07D5: start as a follower, conf=-1: [05386be6-5dc2-4792-913d-6d8439b86153:172.17.0.2:36487, 25a3501a-3b9a-4b43-a901-462da60c5d5f:172.17.0.2:37683, 95b41f0e-be9c-42c7-a4a1-bcd4e1253490:172.17.0.2:38781], old=null
2020-06-09 10:47:36,650 [pool-1105-thread-1] INFO  impl.RaftServerImpl (RaftServerImpl.java:setRole(175)) - 95b41f0e-be9c-42c7-a4a1-bcd4e1253490@group-AAAA730C07D5: changes role from      null to FOLLOWER at term 0 for startAsFollower
2020-06-09 10:47:36,650 [pool-1105-thread-1] INFO  impl.RoleInfo (RoleInfo.java:updateAndGet(143)) - 95b41f0e-be9c-42c7-a4a1-bcd4e1253490: start FollowerState
2020-06-09 10:47:36,651 [pool-1105-thread-1] INFO  util.JmxRegister (JmxRegister.java:tryRegister(44)) - Successfully registered JMX Bean with object name Ratis:service=RaftServer,group=group-AAAA730C07D5,id=95b41f0e-be9c-42c7-a4a1-bcd4e1253490
2020-06-09 10:47:36,651 [pool-1105-thread-1] INFO  metrics.RatisMetrics (RatisMetrics.java:lambda$create$0(36)) - Creating Metrics Registry : ratis.state_machine.95b41f0e-be9c-42c7-a4a1-bcd4e1253490@group-AAAA730C07D5
2020-06-09 10:47:36,652 [Command processor thread] INFO  impl.RaftServerProxy (RaftServerProxy.java:addNew(89)) - 95b41f0e-be9c-42c7-a4a1-bcd4e1253490: addNew group-4FF2DDBE0DDE:[95b41f0e-be9c-42c7-a4a1-bcd4e1253490:172.17.0.2:38781] returns group-4FF2DDBE0DDE:java.util.concurrent.CompletableFuture@3c902725[Not completed]
2020-06-09 10:47:36,653 [pool-1105-thread-1] INFO  impl.RaftServerImpl (RaftServerImpl.java:<init>(99)) - 95b41f0e-be9c-42c7-a4a1-bcd4e1253490: new RaftServerImpl for group-4FF2DDBE0DDE:[95b41f0e-be9c-42c7-a4a1-bcd4e1253490:172.17.0.2:38781] with ContainerStateMachine:uninitialized
2020-06-09 10:47:36,653 [pool-1105-thread-1] INFO  server.RaftServerConfigKeys (ConfUtils.java:logGet(44)) - raft.server.rpc.timeout.min = 5s (custom)
2020-06-09 10:47:36,653 [pool-1105-thread-1] INFO  server.RaftServerConfigKeys (ConfUtils.java:logGet(44)) - raft.server.rpc.timeout.max = 5200ms (custom)
2020-06-09 10:47:36,653 [pool-1105-thread-1] INFO  server.RaftServerConfigKeys (ConfUtils.java:logGet(44)) - raft.server.rpcslowness.timeout = 300s (custom)
2020-06-09 10:47:36,653 [pool-1105-thread-1] INFO  server.RaftServerConfigKeys (ConfUtils.java:logGet(44)) - raft.server.sleep.deviation.threshold = 300 (default)
2020-06-09 10:47:36,653 [pool-1105-thread-1] INFO  server.RaftServerConfigKeys (ConfUtils.java:logGet(44)) - raft.server.log.appender.install.snapshot.enabled = false (custom)
2020-06-09 10:47:36,653 [pool-1105-thread-1] INFO  impl.RaftServerImpl (ServerState.java:<init>(103)) - 95b41f0e-be9c-42c7-a4a1-bcd4e1253490@group-4FF2DDBE0DDE: ConfigurationManager, init=-1: [95b41f0e-be9c-42c7-a4a1-bcd4e1253490:172.17.0.2:38781], old=null, confs=<EMPTY_MAP>
2020-06-09 10:47:36,653 [pool-1105-thread-1] INFO  server.RaftServerConfigKeys (ConfUtils.java:logGet(44)) - raft.server.storage.dir = [/github/workspace/mnt/ozone/hadoop-ozone/integration-test/target/test-dir/MiniOzoneClusterImpl-428de9cd-98e2-485e-b164-55ba4e728ea0/datanode-1/data/ratis] (custom)
2020-06-09 10:47:36,653 [pool-1105-thread-1] INFO  server.RaftServerConfigKeys (ConfUtils.java:logGet(44)) - raft.server.log.corruption.policy = EXCEPTION (default)
2020-06-09 10:47:36,653 [pool-1105-thread-1] INFO  storage.RaftStorageDirectory (RaftStorageDirectory.java:analyzeStorage(261)) - The storage directory /github/workspace/mnt/ozone/hadoop-ozone/integration-test/target/test-dir/MiniOzoneClusterImpl-428de9cd-98e2-485e-b164-55ba4e728ea0/datanode-1/data/ratis/a0a0b1c9-bdc3-43f1-8232-4ff2ddbe0dde does not exist. Creating ...
2020-06-09 10:47:36,655 [pool-1105-thread-1] INFO  storage.RaftStorageDirectory (RaftStorageDirectory.java:tryLock(343)) - Lock on /github/workspace/mnt/ozone/hadoop-ozone/integration-test/target/test-dir/MiniOzoneClusterImpl-428de9cd-98e2-485e-b164-55ba4e728ea0/datanode-1/data/ratis/a0a0b1c9-bdc3-43f1-8232-4ff2ddbe0dde/in_use.lock acquired by nodename 24425@6db717622624
2020-06-09 10:47:36,656 [pool-1105-thread-1] INFO  storage.RaftStorage (RaftStorage.java:format(84)) - Storage directory /github/workspace/mnt/ozone/hadoop-ozone/integration-test/target/test-dir/MiniOzoneClusterImpl-428de9cd-98e2-485e-b164-55ba4e728ea0/datanode-1/data/ratis/a0a0b1c9-bdc3-43f1-8232-4ff2ddbe0dde has been successfully formatted.
2020-06-09 10:47:36,656 [pool-1105-thread-1] INFO  ratis.ContainerStateMachine (ContainerStateMachine.java:loadSnapshot(226)) - group-4FF2DDBE0DDE: The snapshot info is null. Setting the last applied indexto:(t:0, i:~)
2020-06-09 10:47:36,656 [pool-1105-thread-1] INFO  server.RaftServerConfigKeys (ConfUtils.java:logGet(44)) - raft.server.notification.no-leader.timeout = 60s (default)
2020-06-09 10:47:36,656 [pool-1105-thread-1] INFO  server.RaftServerConfigKeys (ConfUtils.java:logGet(44)) - raft.server.log.use.memory = false (default)
2020-06-09 10:47:36,656 [pool-1105-thread-1] INFO  server.RaftServerConfigKeys (ConfUtils.java:logGet(44)) - raft.server.log.purge.gap = 1000000 (custom)
2020-06-09 10:47:36,657 [pool-1105-thread-1] INFO  server.RaftServerConfigKeys (ConfUtils.java:logGet(44)) - raft.server.log.appender.buffer.byte-limit = 33554432 (custom)
2020-06-09 10:47:36,657 [pool-1105-thread-1] INFO  server.RaftServerConfigKeys (ConfUtils.java:logGet(44)) - raft.server.log.segment.size.max = 1048576 (custom)
2020-06-09 10:47:36,657 [pool-1105-thread-1] INFO  metrics.RatisMetrics (RatisMetrics.java:lambda$create$0(36)) - Creating Metrics Registry : ratis.log_worker.95b41f0e-be9c-42c7-a4a1-bcd4e1253490@group-4FF2DDBE0DDE
2020-06-09 10:47:36,657 [pool-1105-thread-1] INFO  server.RaftServerConfigKeys (ConfUtils.java:logGet(44)) - raft.server.log.segment.cache.num.max = 2 (custom)
2020-06-09 10:47:36,657 [pool-1105-thread-1] INFO  segmented.SegmentedRaftLogWorker (SegmentedRaftLogWorker.java:<init>(180)) - new 95b41f0e-be9c-42c7-a4a1-bcd4e1253490@group-4FF2DDBE0DDE-SegmentedRaftLogWorker for RaftStorage:Storage Directory /github/workspace/mnt/ozone/hadoop-ozone/integration-test/target/test-dir/MiniOzoneClusterImpl-428de9cd-98e2-485e-b164-55ba4e728ea0/datanode-1/data/ratis/a0a0b1c9-bdc3-43f1-8232-4ff2ddbe0dde
2020-06-09 10:47:36,657 [pool-1105-thread-1] INFO  server.RaftServerConfigKeys (ConfUtils.java:logGet(44)) - raft.server.log.queue.byte-limit = 2147483647 (custom)
2020-06-09 10:47:36,657 [pool-1105-thread-1] INFO  server.RaftServerConfigKeys (ConfUtils.java:logGet(44)) - raft.server.log.queue.element-limit = 1024 (custom)
2020-06-09 10:47:36,658 [pool-1105-thread-1] INFO  server.RaftServerConfigKeys (ConfUtils.java:logGet(44)) - raft.server.log.segment.size.max = 1048576 (custom)
2020-06-09 10:47:36,658 [pool-1105-thread-1] INFO  server.RaftServerConfigKeys (ConfUtils.java:logGet(44)) - raft.server.log.preallocated.size = 16384 (custom)
2020-06-09 10:47:36,658 [pool-1105-thread-1] INFO  server.RaftServerConfigKeys (ConfUtils.java:logGet(44)) - raft.server.log.write.buffer.size = 1048576 (custom)
2020-06-09 10:47:36,658 [pool-1105-thread-1] INFO  server.RaftServerConfigKeys (ConfUtils.java:logGet(44)) - raft.server.log.force.sync.num = 128 (default)
2020-06-09 10:47:36,658 [pool-1105-thread-1] INFO  server.RaftServerConfigKeys (ConfUtils.java:logGet(44)) - raft.server.log.statemachine.data.sync = true (default)
2020-06-09 10:47:36,658 [EventQueue-PipelineReportForPipelineReportHandler] INFO  pipeline.PipelineStateManager (PipelineStateManager.java:openPipeline(131)) - Pipeline Pipeline[ Id: a0a0b1c9-bdc3-43f1-8232-4ff2ddbe0dde, Nodes: 95b41f0e-be9c-42c7-a4a1-bcd4e1253490{ip: 172.17.0.2, host: 6db717622624, networkLocation: /default-rack, certSerialId: null}, Type:RATIS, Factor:ONE, State:ALLOCATED, leaderId:95b41f0e-be9c-42c7-a4a1-bcd4e1253490, CreationTimestamp2020-06-09T10:47:33.654Z] moved to OPEN state
2020-06-09 10:47:36,658 [pool-1105-thread-1] INFO  server.RaftServerConfigKeys (ConfUtils.java:logGet(44)) - raft.server.log.statemachine.data.sync.timeout = 10s (default)
2020-06-09 10:47:36,658 [EventQueue-OpenPipelineForOneReplicaPipelineSafeModeRule] INFO  safemode.SCMSafeModeManager (SCMSafeModeManager.java:validateSafeModeExitRules(213)) - AtleastOneDatanodeReportedRule rule is successfully validated
2020-06-09 10:47:36,658 [EventQueue-OpenPipelineForHealthyPipelineSafeModeRule] INFO  safemode.SCMSafeModeManager (HealthyPipelineSafeModeRule.java:process(132)) - SCM in safe mode. Healthy pipelines reported count is 0, required healthy pipeline reported count is 1
2020-06-09 10:47:36,658 [pool-1105-thread-1] INFO  server.RaftServerConfigKeys (ConfUtils.java:logGet(44)) - raft.server.log.statemachine.data.sync.timeout.retry = -1 (default)
2020-06-09 10:47:36,661 [grpc-default-executor-4] INFO  impl.RaftServerProxy (RaftServerProxy.java:addNew(89)) - 25a3501a-3b9a-4b43-a901-462da60c5d5f: addNew group-AAAA730C07D5:[05386be6-5dc2-4792-913d-6d8439b86153:172.17.0.2:36487, 25a3501a-3b9a-4b43-a901-462da60c5d5f:172.17.0.2:37683, 95b41f0e-be9c-42c7-a4a1-bcd4e1253490:172.17.0.2:38781] returns group-AAAA730C07D5:java.util.concurrent.CompletableFuture@3f8a93d3[Not completed]
2020-06-09 10:47:36,662 [pool-1121-thread-1] INFO  impl.RaftServerImpl (RaftServerImpl.java:<init>(99)) - 25a3501a-3b9a-4b43-a901-462da60c5d5f: new RaftServerImpl for group-AAAA730C07D5:[05386be6-5dc2-4792-913d-6d8439b86153:172.17.0.2:36487, 25a3501a-3b9a-4b43-a901-462da60c5d5f:172.17.0.2:37683, 95b41f0e-be9c-42c7-a4a1-bcd4e1253490:172.17.0.2:38781] with ContainerStateMachine:uninitialized
2020-06-09 10:47:36,662 [pool-1121-thread-1] INFO  server.RaftServerConfigKeys (ConfUtils.java:logGet(44)) - raft.server.rpc.timeout.min = 5s (custom)
2020-06-09 10:47:36,662 [pool-1121-thread-1] INFO  server.RaftServerConfigKeys (ConfUtils.java:logGet(44)) - raft.server.rpc.timeout.max = 5200ms (custom)
2020-06-09 10:47:36,662 [pool-1121-thread-1] INFO  server.RaftServerConfigKeys (ConfUtils.java:logGet(44)) - raft.server.rpcslowness.timeout = 300s (custom)
2020-06-09 10:47:36,662 [pool-1121-thread-1] INFO  server.RaftServerConfigKeys (ConfUtils.java:logGet(44)) - raft.server.sleep.deviation.threshold = 300 (default)
2020-06-09 10:47:36,662 [pool-1121-thread-1] INFO  server.RaftServerConfigKeys (ConfUtils.java:logGet(44)) - raft.server.log.appender.install.snapshot.enabled = false (custom)
2020-06-09 10:47:36,662 [pool-1121-thread-1] INFO  impl.RaftServerImpl (ServerState.java:<init>(103)) - 25a3501a-3b9a-4b43-a901-462da60c5d5f@group-AAAA730C07D5: ConfigurationManager, init=-1: [05386be6-5dc2-4792-913d-6d8439b86153:172.17.0.2:36487, 25a3501a-3b9a-4b43-a901-462da60c5d5f:172.17.0.2:37683, 95b41f0e-be9c-42c7-a4a1-bcd4e1253490:172.17.0.2:38781], old=null, confs=<EMPTY_MAP>
2020-06-09 10:47:36,662 [pool-1121-thread-1] INFO  server.RaftServerConfigKeys (ConfUtils.java:logGet(44)) - raft.server.storage.dir = [/github/workspace/mnt/ozone/hadoop-ozone/integration-test/target/test-dir/MiniOzoneClusterImpl-428de9cd-98e2-485e-b164-55ba4e728ea0/datanode-2/data/ratis] (custom)
2020-06-09 10:47:36,662 [pool-1121-thread-1] INFO  server.RaftServerConfigKeys (ConfUtils.java:logGet(44)) - raft.server.log.corruption.policy = EXCEPTION (default)
2020-06-09 10:47:36,663 [pool-1121-thread-1] INFO  storage.RaftStorageDirectory (RaftStorageDirectory.java:analyzeStorage(261)) - The storage directory /github/workspace/mnt/ozone/hadoop-ozone/integration-test/target/test-dir/MiniOzoneClusterImpl-428de9cd-98e2-485e-b164-55ba4e728ea0/datanode-2/data/ratis/43d97006-414d-4f93-a396-aaaa730c07d5 does not exist. Creating ...
2020-06-09 10:47:36,664 [pool-1121-thread-1] INFO  storage.RaftStorageDirectory (RaftStorageDirectory.java:tryLock(343)) - Lock on /github/workspace/mnt/ozone/hadoop-ozone/integration-test/target/test-dir/MiniOzoneClusterImpl-428de9cd-98e2-485e-b164-55ba4e728ea0/datanode-2/data/ratis/43d97006-414d-4f93-a396-aaaa730c07d5/in_use.lock acquired by nodename 24425@6db717622624
2020-06-09 10:47:36,665 [pool-1121-thread-1] INFO  storage.RaftStorage (RaftStorage.java:format(84)) - Storage directory /github/workspace/mnt/ozone/hadoop-ozone/integration-test/target/test-dir/MiniOzoneClusterImpl-428de9cd-98e2-485e-b164-55ba4e728ea0/datanode-2/data/ratis/43d97006-414d-4f93-a396-aaaa730c07d5 has been successfully formatted.
2020-06-09 10:47:36,666 [pool-1105-thread-1] INFO  server.RaftServerConfigKeys (ConfUtils.java:logGet(44)) - raft.server.log.statemachine.data.caching.enabled = true (custom)
2020-06-09 10:47:36,666 [pool-1105-thread-1] INFO  segmented.SegmentedRaftLogWorker (SegmentedRaftLogWorker.java:lambda$new$0(129)) - 95b41f0e-be9c-42c7-a4a1-bcd4e1253490@group-4FF2DDBE0DDE-SegmentedRaftLogWorker: flushIndex: setUnconditionally 0 -> -1
2020-06-09 10:47:36,667 [pool-1105-thread-1] INFO  segmented.SegmentedRaftLogWorker (SegmentedRaftLogWorker.java:lambda$new$0(129)) - 95b41f0e-be9c-42c7-a4a1-bcd4e1253490@group-4FF2DDBE0DDE-SegmentedRaftLogWorker: safeCacheEvictIndex: setUnconditionally 0 -> -1
2020-06-09 10:47:36,667 [pool-1105-thread-1] INFO  server.RaftServerConfigKeys (ConfUtils.java:logGet(44)) - raft.server.snapshot.auto.trigger.enabled = true (custom)
2020-06-09 10:47:36,667 [pool-1105-thread-1] INFO  server.RaftServerConfigKeys (ConfUtils.java:logGet(44)) - raft.server.snapshot.auto.trigger.threshold = 10000 (custom)
2020-06-09 10:47:36,666 [pool-1121-thread-1] INFO  ratis.ContainerStateMachine (ContainerStateMachine.java:loadSnapshot(226)) - group-AAAA730C07D5: The snapshot info is null. Setting the last applied indexto:(t:0, i:~)
2020-06-09 10:47:36,667 [pool-1105-thread-1] INFO  server.RaftServerConfigKeys (ConfUtils.java:logGet(44)) - raft.server.snapshot.retention.file.num = 5 (custom)
2020-06-09 10:47:36,667 [pool-1105-thread-1] INFO  server.RaftServerConfigKeys (ConfUtils.java:logGet(44)) - raft.server.log.purge.upto.snapshot.index = false (default)
2020-06-09 10:47:36,667 [pool-1105-thread-1] INFO  server.RaftServerConfigKeys (ConfUtils.java:logGet(44)) - raft.server.retrycache.expirytime = 600000ms (custom)
2020-06-09 10:47:36,667 [pool-1105-thread-1] INFO  metrics.RatisMetrics (RatisMetrics.java:lambda$create$0(36)) - Creating Metrics Registry : ratis.leader_election.95b41f0e-be9c-42c7-a4a1-bcd4e1253490@group-4FF2DDBE0DDE
2020-06-09 10:47:36,668 [pool-1105-thread-1] INFO  metrics.RatisMetrics (RatisMetrics.java:lambda$create$0(36)) - Creating Metrics Registry : ratis.server.95b41f0e-be9c-42c7-a4a1-bcd4e1253490@group-4FF2DDBE0DDE
2020-06-09 10:47:36,671 [pool-1105-thread-1] INFO  impl.RaftServerImpl (RaftServerImpl.java:start(186)) - 95b41f0e-be9c-42c7-a4a1-bcd4e1253490@group-4FF2DDBE0DDE: start as a follower, conf=-1: [95b41f0e-be9c-42c7-a4a1-bcd4e1253490:172.17.0.2:38781], old=null
2020-06-09 10:47:36,671 [pool-1105-thread-1] INFO  impl.RaftServerImpl (RaftServerImpl.java:setRole(175)) - 95b41f0e-be9c-42c7-a4a1-bcd4e1253490@group-4FF2DDBE0DDE: changes role from      null to FOLLOWER at term 0 for startAsFollower
2020-06-09 10:47:36,671 [pool-1105-thread-1] INFO  impl.RoleInfo (RoleInfo.java:updateAndGet(143)) - 95b41f0e-be9c-42c7-a4a1-bcd4e1253490: start FollowerState
2020-06-09 10:47:36,671 [pool-1121-thread-1] INFO  server.RaftServerConfigKeys (ConfUtils.java:logGet(44)) - raft.server.notification.no-leader.timeout = 60s (default)
2020-06-09 10:47:36,671 [pool-1121-thread-1] INFO  server.RaftServerConfigKeys (ConfUtils.java:logGet(44)) - raft.server.log.use.memory = false (default)
2020-06-09 10:47:36,671 [pool-1121-thread-1] INFO  server.RaftServerConfigKeys (ConfUtils.java:logGet(44)) - raft.server.log.purge.gap = 1000000 (custom)
2020-06-09 10:47:36,671 [pool-1121-thread-1] INFO  server.RaftServerConfigKeys (ConfUtils.java:logGet(44)) - raft.server.log.appender.buffer.byte-limit = 33554432 (custom)
2020-06-09 10:47:36,671 [pool-1121-thread-1] INFO  server.RaftServerConfigKeys (ConfUtils.java:logGet(44)) - raft.server.log.segment.size.max = 1048576 (custom)
2020-06-09 10:47:36,671 [pool-1121-thread-1] INFO  metrics.RatisMetrics (RatisMetrics.java:lambda$create$0(36)) - Creating Metrics Registry : ratis.log_worker.25a3501a-3b9a-4b43-a901-462da60c5d5f@group-AAAA730C07D5
2020-06-09 10:47:36,671 [pool-1121-thread-1] INFO  server.RaftServerConfigKeys (ConfUtils.java:logGet(44)) - raft.server.log.segment.cache.num.max = 2 (custom)
2020-06-09 10:47:36,671 [pool-1121-thread-1] INFO  segmented.SegmentedRaftLogWorker (SegmentedRaftLogWorker.java:<init>(180)) - new 25a3501a-3b9a-4b43-a901-462da60c5d5f@group-AAAA730C07D5-SegmentedRaftLogWorker for RaftStorage:Storage Directory /github/workspace/mnt/ozone/hadoop-ozone/integration-test/target/test-dir/MiniOzoneClusterImpl-428de9cd-98e2-485e-b164-55ba4e728ea0/datanode-2/data/ratis/43d97006-414d-4f93-a396-aaaa730c07d5
2020-06-09 10:47:36,671 [pool-1121-thread-1] INFO  server.RaftServerConfigKeys (ConfUtils.java:logGet(44)) - raft.server.log.queue.byte-limit = 2147483647 (custom)
2020-06-09 10:47:36,671 [pool-1121-thread-1] INFO  server.RaftServerConfigKeys (ConfUtils.java:logGet(44)) - raft.server.log.queue.element-limit = 1024 (custom)
2020-06-09 10:47:36,671 [pool-1121-thread-1] INFO  server.RaftServerConfigKeys (ConfUtils.java:logGet(44)) - raft.server.log.segment.size.max = 1048576 (custom)
2020-06-09 10:47:36,672 [pool-1121-thread-1] INFO  server.RaftServerConfigKeys (ConfUtils.java:logGet(44)) - raft.server.log.preallocated.size = 16384 (custom)
2020-06-09 10:47:36,672 [pool-1121-thread-1] INFO  server.RaftServerConfigKeys (ConfUtils.java:logGet(44)) - raft.server.log.write.buffer.size = 1048576 (custom)
2020-06-09 10:47:36,672 [pool-1105-thread-1] INFO  util.JmxRegister (JmxRegister.java:tryRegister(44)) - Successfully registered JMX Bean with object name Ratis:service=RaftServer,group=group-4FF2DDBE0DDE,id=95b41f0e-be9c-42c7-a4a1-bcd4e1253490
2020-06-09 10:47:36,672 [pool-1105-thread-1] INFO  metrics.RatisMetrics (RatisMetrics.java:lambda$create$0(36)) - Creating Metrics Registry : ratis.state_machine.95b41f0e-be9c-42c7-a4a1-bcd4e1253490@group-4FF2DDBE0DDE
2020-06-09 10:47:36,673 [pool-1121-thread-1] INFO  server.RaftServerConfigKeys (ConfUtils.java:logGet(44)) - raft.server.log.force.sync.num = 128 (default)
2020-06-09 10:47:36,673 [pool-1121-thread-1] INFO  server.RaftServerConfigKeys (ConfUtils.java:logGet(44)) - raft.server.log.statemachine.data.sync = true (default)
2020-06-09 10:47:36,673 [pool-1121-thread-1] INFO  server.RaftServerConfigKeys (ConfUtils.java:logGet(44)) - raft.server.log.statemachine.data.sync.timeout = 10s (default)
2020-06-09 10:47:36,673 [pool-1121-thread-1] INFO  server.RaftServerConfigKeys (ConfUtils.java:logGet(44)) - raft.server.log.statemachine.data.sync.timeout.retry = -1 (default)
2020-06-09 10:47:36,673 [Command processor thread] INFO  commandhandler.CreatePipelineCommandHandler (CreatePipelineCommandHandler.java:handle(109)) - Created Pipeline RATIS ONE #id: "a0a0b1c9-bdc3-43f1-8232-4ff2ddbe0dde"
.
2020-06-09 10:47:36,676 [pool-1121-thread-1] INFO  server.RaftServerConfigKeys (ConfUtils.java:logGet(44)) - raft.server.log.statemachine.data.caching.enabled = true (custom)
2020-06-09 10:47:36,677 [pool-1121-thread-1] INFO  segmented.SegmentedRaftLogWorker (SegmentedRaftLogWorker.java:lambda$new$0(129)) - 25a3501a-3b9a-4b43-a901-462da60c5d5f@group-AAAA730C07D5-SegmentedRaftLogWorker: flushIndex: setUnconditionally 0 -> -1
2020-06-09 10:47:36,677 [pool-1121-thread-1] INFO  segmented.SegmentedRaftLogWorker (SegmentedRaftLogWorker.java:lambda$new$0(129)) - 25a3501a-3b9a-4b43-a901-462da60c5d5f@group-AAAA730C07D5-SegmentedRaftLogWorker: safeCacheEvictIndex: setUnconditionally 0 -> -1
2020-06-09 10:47:36,677 [pool-1121-thread-1] INFO  server.RaftServerConfigKeys (ConfUtils.java:logGet(44)) - raft.server.snapshot.auto.trigger.enabled = true (custom)
2020-06-09 10:47:36,677 [pool-1121-thread-1] INFO  server.RaftServerConfigKeys (ConfUtils.java:logGet(44)) - raft.server.snapshot.auto.trigger.threshold = 10000 (custom)
2020-06-09 10:47:36,677 [pool-1121-thread-1] INFO  server.RaftServerConfigKeys (ConfUtils.java:logGet(44)) - raft.server.snapshot.retention.file.num = 5 (custom)
2020-06-09 10:47:36,677 [pool-1121-thread-1] INFO  server.RaftServerConfigKeys (ConfUtils.java:logGet(44)) - raft.server.log.purge.upto.snapshot.index = false (default)
2020-06-09 10:47:36,677 [pool-1121-thread-1] INFO  server.RaftServerConfigKeys (ConfUtils.java:logGet(44)) - raft.server.retrycache.expirytime = 600000ms (custom)
2020-06-09 10:47:36,677 [pool-1121-thread-1] INFO  metrics.RatisMetrics (RatisMetrics.java:lambda$create$0(36)) - Creating Metrics Registry : ratis.leader_election.25a3501a-3b9a-4b43-a901-462da60c5d5f@group-AAAA730C07D5
2020-06-09 10:47:36,678 [pool-1121-thread-1] INFO  metrics.RatisMetrics (RatisMetrics.java:lambda$create$0(36)) - Creating Metrics Registry : ratis.server.25a3501a-3b9a-4b43-a901-462da60c5d5f@group-AAAA730C07D5
2020-06-09 10:47:36,680 [pool-1121-thread-1] INFO  impl.RaftServerImpl (RaftServerImpl.java:start(186)) - 25a3501a-3b9a-4b43-a901-462da60c5d5f@group-AAAA730C07D5: start as a follower, conf=-1: [05386be6-5dc2-4792-913d-6d8439b86153:172.17.0.2:36487, 25a3501a-3b9a-4b43-a901-462da60c5d5f:172.17.0.2:37683, 95b41f0e-be9c-42c7-a4a1-bcd4e1253490:172.17.0.2:38781], old=null
2020-06-09 10:47:36,680 [pool-1121-thread-1] INFO  impl.RaftServerImpl (RaftServerImpl.java:setRole(175)) - 25a3501a-3b9a-4b43-a901-462da60c5d5f@group-AAAA730C07D5: changes role from      null to FOLLOWER at term 0 for startAsFollower
2020-06-09 10:47:36,680 [pool-1121-thread-1] INFO  impl.RoleInfo (RoleInfo.java:updateAndGet(143)) - 25a3501a-3b9a-4b43-a901-462da60c5d5f: start FollowerState
2020-06-09 10:47:36,680 [pool-1121-thread-1] INFO  util.JmxRegister (JmxRegister.java:tryRegister(44)) - Successfully registered JMX Bean with object name Ratis:service=RaftServer,group=group-AAAA730C07D5,id=25a3501a-3b9a-4b43-a901-462da60c5d5f
2020-06-09 10:47:36,681 [pool-1121-thread-1] INFO  metrics.RatisMetrics (RatisMetrics.java:lambda$create$0(36)) - Creating Metrics Registry : ratis.state_machine.25a3501a-3b9a-4b43-a901-462da60c5d5f@group-AAAA730C07D5
2020-06-09 10:47:36,684 [Command processor thread] INFO  commandhandler.CreatePipelineCommandHandler (CreatePipelineCommandHandler.java:handle(109)) - Created Pipeline RATIS THREE #id: "43d97006-414d-4f93-a396-aaaa730c07d5"
.
2020-06-09 10:47:36,703 [Listener at 127.0.0.1/11532] INFO  ozone.MiniOzoneClusterImpl (MiniOzoneClusterImpl.java:lambda$waitForClusterToBeReady$0(177)) - Nodes are ready. Got 3 of 3 DN Heartbeats.
2020-06-09 10:47:36,703 [Listener at 127.0.0.1/11532] INFO  ozone.MiniOzoneClusterImpl (MiniOzoneClusterImpl.java:lambda$waitForClusterToBeReady$0(180)) - Waiting for cluster to exit safe mode
2020-06-09 10:47:36,703 [Command processor thread] INFO  impl.RaftServerProxy (RaftServerProxy.java:addNew(89)) - 25a3501a-3b9a-4b43-a901-462da60c5d5f: addNew group-338E02823820:[25a3501a-3b9a-4b43-a901-462da60c5d5f:172.17.0.2:37683] returns group-338E02823820:java.util.concurrent.CompletableFuture@7ea7259d[Not completed]
2020-06-09 10:47:36,704 [pool-1121-thread-1] INFO  impl.RaftServerImpl (RaftServerImpl.java:<init>(99)) - 25a3501a-3b9a-4b43-a901-462da60c5d5f: new RaftServerImpl for group-338E02823820:[25a3501a-3b9a-4b43-a901-462da60c5d5f:172.17.0.2:37683] with ContainerStateMachine:uninitialized
2020-06-09 10:47:36,704 [pool-1121-thread-1] INFO  server.RaftServerConfigKeys (ConfUtils.java:logGet(44)) - raft.server.rpc.timeout.min = 5s (custom)
2020-06-09 10:47:36,704 [pool-1121-thread-1] INFO  server.RaftServerConfigKeys (ConfUtils.java:logGet(44)) - raft.server.rpc.timeout.max = 5200ms (custom)
2020-06-09 10:47:36,704 [pool-1121-thread-1] INFO  server.RaftServerConfigKeys (ConfUtils.java:logGet(44)) - raft.server.rpcslowness.timeout = 300s (custom)
2020-06-09 10:47:36,704 [pool-1121-thread-1] INFO  server.RaftServerConfigKeys (ConfUtils.java:logGet(44)) - raft.server.sleep.deviation.threshold = 300 (default)
2020-06-09 10:47:36,704 [pool-1121-thread-1] INFO  server.RaftServerConfigKeys (ConfUtils.java:logGet(44)) - raft.server.log.appender.install.snapshot.enabled = false (custom)
2020-06-09 10:47:36,704 [pool-1121-thread-1] INFO  impl.RaftServerImpl (ServerState.java:<init>(103)) - 25a3501a-3b9a-4b43-a901-462da60c5d5f@group-338E02823820: ConfigurationManager, init=-1: [25a3501a-3b9a-4b43-a901-462da60c5d5f:172.17.0.2:37683], old=null, confs=<EMPTY_MAP>
2020-06-09 10:47:36,704 [pool-1121-thread-1] INFO  server.RaftServerConfigKeys (ConfUtils.java:logGet(44)) - raft.server.storage.dir = [/github/workspace/mnt/ozone/hadoop-ozone/integration-test/target/test-dir/MiniOzoneClusterImpl-428de9cd-98e2-485e-b164-55ba4e728ea0/datanode-2/data/ratis] (custom)
2020-06-09 10:47:36,705 [pool-1121-thread-1] INFO  server.RaftServerConfigKeys (ConfUtils.java:logGet(44)) - raft.server.log.corruption.policy = EXCEPTION (default)
2020-06-09 10:47:36,705 [pool-1121-thread-1] INFO  storage.RaftStorageDirectory (RaftStorageDirectory.java:analyzeStorage(261)) - The storage directory /github/workspace/mnt/ozone/hadoop-ozone/integration-test/target/test-dir/MiniOzoneClusterImpl-428de9cd-98e2-485e-b164-55ba4e728ea0/datanode-2/data/ratis/d2955f8c-7431-48c7-aab6-338e02823820 does not exist. Creating ...
2020-06-09 10:47:36,706 [pool-1121-thread-1] INFO  storage.RaftStorageDirectory (RaftStorageDirectory.java:tryLock(343)) - Lock on /github/workspace/mnt/ozone/hadoop-ozone/integration-test/target/test-dir/MiniOzoneClusterImpl-428de9cd-98e2-485e-b164-55ba4e728ea0/datanode-2/data/ratis/d2955f8c-7431-48c7-aab6-338e02823820/in_use.lock acquired by nodename 24425@6db717622624
2020-06-09 10:47:36,707 [pool-1121-thread-1] INFO  storage.RaftStorage (RaftStorage.java:format(84)) - Storage directory /github/workspace/mnt/ozone/hadoop-ozone/integration-test/target/test-dir/MiniOzoneClusterImpl-428de9cd-98e2-485e-b164-55ba4e728ea0/datanode-2/data/ratis/d2955f8c-7431-48c7-aab6-338e02823820 has been successfully formatted.
2020-06-09 10:47:36,707 [pool-1121-thread-1] INFO  ratis.ContainerStateMachine (ContainerStateMachine.java:loadSnapshot(226)) - group-338E02823820: The snapshot info is null. Setting the last applied indexto:(t:0, i:~)
2020-06-09 10:47:36,708 [pool-1121-thread-1] INFO  server.RaftServerConfigKeys (ConfUtils.java:logGet(44)) - raft.server.notification.no-leader.timeout = 60s (default)
2020-06-09 10:47:36,708 [pool-1121-thread-1] INFO  server.RaftServerConfigKeys (ConfUtils.java:logGet(44)) - raft.server.log.use.memory = false (default)
2020-06-09 10:47:36,708 [EventQueue-PipelineReportForPipelineReportHandler] INFO  pipeline.PipelineStateManager (PipelineStateManager.java:openPipeline(131)) - Pipeline Pipeline[ Id: d2955f8c-7431-48c7-aab6-338e02823820, Nodes: 25a3501a-3b9a-4b43-a901-462da60c5d5f{ip: 172.17.0.2, host: 6db717622624, networkLocation: /default-rack, certSerialId: null}, Type:RATIS, Factor:ONE, State:ALLOCATED, leaderId:25a3501a-3b9a-4b43-a901-462da60c5d5f, CreationTimestamp2020-06-09T10:47:33.705Z] moved to OPEN state
2020-06-09 10:47:36,708 [EventQueue-OpenPipelineForOneReplicaPipelineSafeModeRule] INFO  safemode.SCMSafeModeManager (SCMSafeModeManager.java:validateSafeModeExitRules(213)) - AtleastOneDatanodeReportedRule rule is successfully validated
2020-06-09 10:47:36,708 [pool-1121-thread-1] INFO  server.RaftServerConfigKeys (ConfUtils.java:logGet(44)) - raft.server.log.purge.gap = 1000000 (custom)
2020-06-09 10:47:36,708 [EventQueue-OpenPipelineForHealthyPipelineSafeModeRule] INFO  safemode.SCMSafeModeManager (HealthyPipelineSafeModeRule.java:process(132)) - SCM in safe mode. Healthy pipelines reported count is 0, required healthy pipeline reported count is 1
2020-06-09 10:47:36,709 [pool-1121-thread-1] INFO  server.RaftServerConfigKeys (ConfUtils.java:logGet(44)) - raft.server.log.appender.buffer.byte-limit = 33554432 (custom)
2020-06-09 10:47:36,709 [pool-1121-thread-1] INFO  server.RaftServerConfigKeys (ConfUtils.java:logGet(44)) - raft.server.log.segment.size.max = 1048576 (custom)
2020-06-09 10:47:36,709 [pool-1121-thread-1] INFO  metrics.RatisMetrics (RatisMetrics.java:lambda$create$0(36)) - Creating Metrics Registry : ratis.log_worker.25a3501a-3b9a-4b43-a901-462da60c5d5f@group-338E02823820
2020-06-09 10:47:36,709 [pool-1121-thread-1] INFO  server.RaftServerConfigKeys (ConfUtils.java:logGet(44)) - raft.server.log.segment.cache.num.max = 2 (custom)
2020-06-09 10:47:36,709 [pool-1121-thread-1] INFO  segmented.SegmentedRaftLogWorker (SegmentedRaftLogWorker.java:<init>(180)) - new 25a3501a-3b9a-4b43-a901-462da60c5d5f@group-338E02823820-SegmentedRaftLogWorker for RaftStorage:Storage Directory /github/workspace/mnt/ozone/hadoop-ozone/integration-test/target/test-dir/MiniOzoneClusterImpl-428de9cd-98e2-485e-b164-55ba4e728ea0/datanode-2/data/ratis/d2955f8c-7431-48c7-aab6-338e02823820
2020-06-09 10:47:36,709 [pool-1121-thread-1] INFO  server.RaftServerConfigKeys (ConfUtils.java:logGet(44)) - raft.server.log.queue.byte-limit = 2147483647 (custom)
2020-06-09 10:47:36,709 [pool-1121-thread-1] INFO  server.RaftServerConfigKeys (ConfUtils.java:logGet(44)) - raft.server.log.queue.element-limit = 1024 (custom)
2020-06-09 10:47:36,709 [pool-1121-thread-1] INFO  server.RaftServerConfigKeys (ConfUtils.java:logGet(44)) - raft.server.log.segment.size.max = 1048576 (custom)
2020-06-09 10:47:36,709 [pool-1121-thread-1] INFO  server.RaftServerConfigKeys (ConfUtils.java:logGet(44)) - raft.server.log.preallocated.size = 16384 (custom)
2020-06-09 10:47:36,709 [pool-1121-thread-1] INFO  server.RaftServerConfigKeys (ConfUtils.java:logGet(44)) - raft.server.log.write.buffer.size = 1048576 (custom)
2020-06-09 10:47:36,709 [pool-1121-thread-1] INFO  server.RaftServerConfigKeys (ConfUtils.java:logGet(44)) - raft.server.log.force.sync.num = 128 (default)
2020-06-09 10:47:36,709 [pool-1121-thread-1] INFO  server.RaftServerConfigKeys (ConfUtils.java:logGet(44)) - raft.server.log.statemachine.data.sync = true (default)
2020-06-09 10:47:36,709 [pool-1121-thread-1] INFO  server.RaftServerConfigKeys (ConfUtils.java:logGet(44)) - raft.server.log.statemachine.data.sync.timeout = 10s (default)
2020-06-09 10:47:36,709 [pool-1121-thread-1] INFO  server.RaftServerConfigKeys (ConfUtils.java:logGet(44)) - raft.server.log.statemachine.data.sync.timeout.retry = -1 (default)
2020-06-09 10:47:36,713 [pool-1121-thread-1] INFO  server.RaftServerConfigKeys (ConfUtils.java:logGet(44)) - raft.server.log.statemachine.data.caching.enabled = true (custom)
2020-06-09 10:47:36,713 [pool-1121-thread-1] INFO  segmented.SegmentedRaftLogWorker (SegmentedRaftLogWorker.java:lambda$new$0(129)) - 25a3501a-3b9a-4b43-a901-462da60c5d5f@group-338E02823820-SegmentedRaftLogWorker: flushIndex: setUnconditionally 0 -> -1
2020-06-09 10:47:36,713 [pool-1121-thread-1] INFO  segmented.SegmentedRaftLogWorker (SegmentedRaftLogWorker.java:lambda$new$0(129)) - 25a3501a-3b9a-4b43-a901-462da60c5d5f@group-338E02823820-SegmentedRaftLogWorker: safeCacheEvictIndex: setUnconditionally 0 -> -1
2020-06-09 10:47:36,713 [pool-1121-thread-1] INFO  server.RaftServerConfigKeys (ConfUtils.java:logGet(44)) - raft.server.snapshot.auto.trigger.enabled = true (custom)
2020-06-09 10:47:36,713 [pool-1121-thread-1] INFO  server.RaftServerConfigKeys (ConfUtils.java:logGet(44)) - raft.server.snapshot.auto.trigger.threshold = 10000 (custom)
2020-06-09 10:47:36,713 [pool-1121-thread-1] INFO  server.RaftServerConfigKeys (ConfUtils.java:logGet(44)) - raft.server.snapshot.retention.file.num = 5 (custom)
2020-06-09 10:47:36,713 [pool-1121-thread-1] INFO  server.RaftServerConfigKeys (ConfUtils.java:logGet(44)) - raft.server.log.purge.upto.snapshot.index = false (default)
2020-06-09 10:47:36,713 [pool-1121-thread-1] INFO  server.RaftServerConfigKeys (ConfUtils.java:logGet(44)) - raft.server.retrycache.expirytime = 600000ms (custom)
2020-06-09 10:47:36,713 [pool-1121-thread-1] INFO  metrics.RatisMetrics (RatisMetrics.java:lambda$create$0(36)) - Creating Metrics Registry : ratis.leader_election.25a3501a-3b9a-4b43-a901-462da60c5d5f@group-338E02823820
2020-06-09 10:47:36,714 [pool-1121-thread-1] INFO  metrics.RatisMetrics (RatisMetrics.java:lambda$create$0(36)) - Creating Metrics Registry : ratis.server.25a3501a-3b9a-4b43-a901-462da60c5d5f@group-338E02823820
2020-06-09 10:47:36,717 [pool-1121-thread-1] INFO  impl.RaftServerImpl (RaftServerImpl.java:start(186)) - 25a3501a-3b9a-4b43-a901-462da60c5d5f@group-338E02823820: start as a follower, conf=-1: [25a3501a-3b9a-4b43-a901-462da60c5d5f:172.17.0.2:37683], old=null
2020-06-09 10:47:36,717 [pool-1121-thread-1] INFO  impl.RaftServerImpl (RaftServerImpl.java:setRole(175)) - 25a3501a-3b9a-4b43-a901-462da60c5d5f@group-338E02823820: changes role from      null to FOLLOWER at term 0 for startAsFollower
2020-06-09 10:47:36,717 [pool-1121-thread-1] INFO  impl.RoleInfo (RoleInfo.java:updateAndGet(143)) - 25a3501a-3b9a-4b43-a901-462da60c5d5f: start FollowerState
2020-06-09 10:47:36,717 [pool-1121-thread-1] INFO  util.JmxRegister (JmxRegister.java:tryRegister(44)) - Successfully registered JMX Bean with object name Ratis:service=RaftServer,group=group-338E02823820,id=25a3501a-3b9a-4b43-a901-462da60c5d5f
2020-06-09 10:47:36,717 [pool-1121-thread-1] INFO  metrics.RatisMetrics (RatisMetrics.java:lambda$create$0(36)) - Creating Metrics Registry : ratis.state_machine.25a3501a-3b9a-4b43-a901-462da60c5d5f@group-338E02823820
2020-06-09 10:47:36,719 [Command processor thread] INFO  commandhandler.CreatePipelineCommandHandler (CreatePipelineCommandHandler.java:handle(109)) - Created Pipeline RATIS ONE #id: "d2955f8c-7431-48c7-aab6-338e02823820"
.
2020-06-09 10:47:37,703 [Listener at 127.0.0.1/11532] INFO  ozone.MiniOzoneClusterImpl (MiniOzoneClusterImpl.java:lambda$waitForClusterToBeReady$0(177)) - Nodes are ready. Got 3 of 3 DN Heartbeats.
2020-06-09 10:47:37,703 [Listener at 127.0.0.1/11532] INFO  ozone.MiniOzoneClusterImpl (MiniOzoneClusterImpl.java:lambda$waitForClusterToBeReady$0(180)) - Waiting for cluster to exit safe mode
2020-06-09 10:47:38,704 [Listener at 127.0.0.1/11532] INFO  ozone.MiniOzoneClusterImpl (MiniOzoneClusterImpl.java:lambda$waitForClusterToBeReady$0(177)) - Nodes are ready. Got 3 of 3 DN Heartbeats.
2020-06-09 10:47:38,704 [Listener at 127.0.0.1/11532] INFO  ozone.MiniOzoneClusterImpl (MiniOzoneClusterImpl.java:lambda$waitForClusterToBeReady$0(180)) - Waiting for cluster to exit safe mode
2020-06-09 10:47:39,704 [Listener at 127.0.0.1/11532] INFO  ozone.MiniOzoneClusterImpl (MiniOzoneClusterImpl.java:lambda$waitForClusterToBeReady$0(177)) - Nodes are ready. Got 3 of 3 DN Heartbeats.
2020-06-09 10:47:39,704 [Listener at 127.0.0.1/11532] INFO  ozone.MiniOzoneClusterImpl (MiniOzoneClusterImpl.java:lambda$waitForClusterToBeReady$0(180)) - Waiting for cluster to exit safe mode
2020-06-09 10:47:40,705 [Listener at 127.0.0.1/11532] INFO  ozone.MiniOzoneClusterImpl (MiniOzoneClusterImpl.java:lambda$waitForClusterToBeReady$0(177)) - Nodes are ready. Got 3 of 3 DN Heartbeats.
2020-06-09 10:47:40,705 [Listener at 127.0.0.1/11532] INFO  ozone.MiniOzoneClusterImpl (MiniOzoneClusterImpl.java:lambda$waitForClusterToBeReady$0(180)) - Waiting for cluster to exit safe mode
2020-06-09 10:47:41,705 [Listener at 127.0.0.1/11532] INFO  ozone.MiniOzoneClusterImpl (MiniOzoneClusterImpl.java:lambda$waitForClusterToBeReady$0(177)) - Nodes are ready. Got 3 of 3 DN Heartbeats.
2020-06-09 10:47:41,705 [Listener at 127.0.0.1/11532] INFO  ozone.MiniOzoneClusterImpl (MiniOzoneClusterImpl.java:lambda$waitForClusterToBeReady$0(180)) - Waiting for cluster to exit safe mode
2020-06-09 10:47:41,730 [Thread-4277] INFO  impl.FollowerState (FollowerState.java:run(108)) - 05386be6-5dc2-4792-913d-6d8439b86153@group-348FB567202F-FollowerState: change to CANDIDATE, lastRpcTime:5112ms, electionTimeout:5112ms
2020-06-09 10:47:41,731 [Thread-4277] INFO  impl.RoleInfo (RoleInfo.java:shutdownFollowerState(121)) - 05386be6-5dc2-4792-913d-6d8439b86153: shutdown FollowerState
2020-06-09 10:47:41,731 [Thread-4277] INFO  impl.RaftServerImpl (RaftServerImpl.java:setRole(175)) - 05386be6-5dc2-4792-913d-6d8439b86153@group-348FB567202F: changes role from  FOLLOWER to CANDIDATE at term 0 for changeToCandidate
2020-06-09 10:47:41,731 [Thread-4277] INFO  impl.RoleInfo (RoleInfo.java:updateAndGet(143)) - 05386be6-5dc2-4792-913d-6d8439b86153: start LeaderElection
2020-06-09 10:47:41,736 [05386be6-5dc2-4792-913d-6d8439b86153@group-348FB567202F-LeaderElection61] INFO  impl.LeaderElection (LeaderElection.java:askForVotes(206)) - 05386be6-5dc2-4792-913d-6d8439b86153@group-348FB567202F-LeaderElection61: begin an election at term 1 for -1: [05386be6-5dc2-4792-913d-6d8439b86153:172.17.0.2:36487], old=null
2020-06-09 10:47:41,736 [05386be6-5dc2-4792-913d-6d8439b86153@group-348FB567202F-LeaderElection61] INFO  impl.RoleInfo (RoleInfo.java:shutdownLeaderElection(134)) - 05386be6-5dc2-4792-913d-6d8439b86153: shutdown LeaderElection
2020-06-09 10:47:41,736 [05386be6-5dc2-4792-913d-6d8439b86153@group-348FB567202F-LeaderElection61] INFO  impl.RaftServerImpl (RaftServerImpl.java:setRole(175)) - 05386be6-5dc2-4792-913d-6d8439b86153@group-348FB567202F: changes role from CANDIDATE to LEADER at term 1 for changeToLeader
2020-06-09 10:47:41,736 [05386be6-5dc2-4792-913d-6d8439b86153@group-348FB567202F-LeaderElection61] INFO  ratis.XceiverServerRatis (XceiverServerRatis.java:handleLeaderChangedNotification(762)) - Leader change notification received for group: group-348FB567202F with new leaderId: 05386be6-5dc2-4792-913d-6d8439b86153
2020-06-09 10:47:41,736 [05386be6-5dc2-4792-913d-6d8439b86153@group-348FB567202F-LeaderElection61] INFO  impl.RaftServerImpl (ServerState.java:setLeader(255)) - 05386be6-5dc2-4792-913d-6d8439b86153@group-348FB567202F: change Leader from null to 05386be6-5dc2-4792-913d-6d8439b86153 at term 1 for becomeLeader, leader elected after 5127ms
2020-06-09 10:47:41,737 [05386be6-5dc2-4792-913d-6d8439b86153@group-348FB567202F-LeaderElection61] INFO  server.RaftServerConfigKeys (ConfUtils.java:logGet(44)) - raft.server.staging.catchup.gap = 1000 (default)
2020-06-09 10:47:41,737 [05386be6-5dc2-4792-913d-6d8439b86153@group-348FB567202F-LeaderElection61] INFO  server.RaftServerConfigKeys (ConfUtils.java:logGet(44)) - raft.server.rpc.sleep.time = 25ms (default)
2020-06-09 10:47:41,737 [05386be6-5dc2-4792-913d-6d8439b86153@group-348FB567202F-LeaderElection61] INFO  metrics.RatisMetrics (RatisMetrics.java:lambda$create$0(36)) - Creating Metrics Registry : ratis.log_appender.05386be6-5dc2-4792-913d-6d8439b86153@group-348FB567202F
2020-06-09 10:47:41,737 [05386be6-5dc2-4792-913d-6d8439b86153@group-348FB567202F-LeaderElection61] INFO  server.RaftServerConfigKeys (ConfUtils.java:logGet(44)) - raft.server.write.element-limit = 1024 (custom)
2020-06-09 10:47:41,737 [05386be6-5dc2-4792-913d-6d8439b86153@group-348FB567202F-LeaderElection61] INFO  server.RaftServerConfigKeys (ConfUtils.java:logGet(44)) - raft.server.write.byte-limit = 1073741824 (custom)
2020-06-09 10:47:41,739 [05386be6-5dc2-4792-913d-6d8439b86153@group-348FB567202F-LeaderElection61] INFO  server.RaftServerConfigKeys (ConfUtils.java:logGet(44)) - raft.server.watch.timeout = 180s (custom)
2020-06-09 10:47:41,739 [05386be6-5dc2-4792-913d-6d8439b86153@group-348FB567202F-LeaderElection61] INFO  server.RaftServerConfigKeys (ConfUtils.java:logGet(44)) - raft.server.watch.timeout.denomination = 1s (default)
2020-06-09 10:47:41,739 [Thread-4284] INFO  impl.FollowerState (FollowerState.java:run(108)) - 95b41f0e-be9c-42c7-a4a1-bcd4e1253490@group-4FF2DDBE0DDE-FollowerState: change to CANDIDATE, lastRpcTime:5068ms, electionTimeout:5067ms
2020-06-09 10:47:41,739 [05386be6-5dc2-4792-913d-6d8439b86153@group-348FB567202F-LeaderElection61] INFO  server.RaftServerConfigKeys (ConfUtils.java:logGet(44)) - raft.server.watch.element-limit = 65536 (default)
2020-06-09 10:47:41,739 [05386be6-5dc2-4792-913d-6d8439b86153@group-348FB567202F-LeaderElection61] INFO  impl.RoleInfo (RoleInfo.java:updateAndGet(143)) - 05386be6-5dc2-4792-913d-6d8439b86153: start LeaderState
2020-06-09 10:47:41,741 [Thread-4284] INFO  impl.RoleInfo (RoleInfo.java:shutdownFollowerState(121)) - 95b41f0e-be9c-42c7-a4a1-bcd4e1253490: shutdown FollowerState
2020-06-09 10:47:41,741 [Thread-4284] INFO  impl.RaftServerImpl (RaftServerImpl.java:setRole(175)) - 95b41f0e-be9c-42c7-a4a1-bcd4e1253490@group-4FF2DDBE0DDE: changes role from  FOLLOWER to CANDIDATE at term 0 for changeToCandidate
2020-06-09 10:47:41,741 [Thread-4284] INFO  impl.RoleInfo (RoleInfo.java:updateAndGet(143)) - 95b41f0e-be9c-42c7-a4a1-bcd4e1253490: start LeaderElection
2020-06-09 10:47:41,744 [05386be6-5dc2-4792-913d-6d8439b86153@group-348FB567202F-LeaderElection61] INFO  segmented.SegmentedRaftLogWorker (SegmentedRaftLogWorker.java:startLogSegment(397)) - 05386be6-5dc2-4792-913d-6d8439b86153@group-348FB567202F-SegmentedRaftLogWorker: Starting segment from index:0
2020-06-09 10:47:41,746 [05386be6-5dc2-4792-913d-6d8439b86153@group-348FB567202F-LeaderElection61] INFO  impl.RaftServerImpl (ServerState.java:setRaftConf(356)) - 05386be6-5dc2-4792-913d-6d8439b86153@group-348FB567202F: set configuration 0: [05386be6-5dc2-4792-913d-6d8439b86153:172.17.0.2:36487], old=null at 0
2020-06-09 10:47:41,746 [05386be6-5dc2-4792-913d-6d8439b86153@group-348FB567202F-SegmentedRaftLogWorker] INFO  segmented.SegmentedRaftLogWorker (SegmentedRaftLogWorker.java:execute(596)) - 05386be6-5dc2-4792-913d-6d8439b86153@group-348FB567202F-SegmentedRaftLogWorker: created new log segment /github/workspace/mnt/ozone/hadoop-ozone/integration-test/target/test-dir/MiniOzoneClusterImpl-428de9cd-98e2-485e-b164-55ba4e728ea0/datanode-0/data/ratis/43430495-dbe1-4bfb-b831-348fb567202f/current/log_inprogress_0
2020-06-09 10:47:41,748 [95b41f0e-be9c-42c7-a4a1-bcd4e1253490@group-4FF2DDBE0DDE-LeaderElection62] INFO  impl.LeaderElection (LeaderElection.java:askForVotes(206)) - 95b41f0e-be9c-42c7-a4a1-bcd4e1253490@group-4FF2DDBE0DDE-LeaderElection62: begin an election at term 1 for -1: [95b41f0e-be9c-42c7-a4a1-bcd4e1253490:172.17.0.2:38781], old=null
2020-06-09 10:47:41,748 [95b41f0e-be9c-42c7-a4a1-bcd4e1253490@group-4FF2DDBE0DDE-LeaderElection62] INFO  impl.RoleInfo (RoleInfo.java:shutdownLeaderElection(134)) - 95b41f0e-be9c-42c7-a4a1-bcd4e1253490: shutdown LeaderElection
2020-06-09 10:47:41,748 [95b41f0e-be9c-42c7-a4a1-bcd4e1253490@group-4FF2DDBE0DDE-LeaderElection62] INFO  impl.RaftServerImpl (RaftServerImpl.java:setRole(175)) - 95b41f0e-be9c-42c7-a4a1-bcd4e1253490@group-4FF2DDBE0DDE: changes role from CANDIDATE to LEADER at term 1 for changeToLeader
2020-06-09 10:47:41,748 [95b41f0e-be9c-42c7-a4a1-bcd4e1253490@group-4FF2DDBE0DDE-LeaderElection62] INFO  ratis.XceiverServerRatis (XceiverServerRatis.java:handleLeaderChangedNotification(762)) - Leader change notification received for group: group-4FF2DDBE0DDE with new leaderId: 95b41f0e-be9c-42c7-a4a1-bcd4e1253490
2020-06-09 10:47:41,748 [95b41f0e-be9c-42c7-a4a1-bcd4e1253490@group-4FF2DDBE0DDE-LeaderElection62] INFO  impl.RaftServerImpl (ServerState.java:setLeader(255)) - 95b41f0e-be9c-42c7-a4a1-bcd4e1253490@group-4FF2DDBE0DDE: change Leader from null to 95b41f0e-be9c-42c7-a4a1-bcd4e1253490 at term 1 for becomeLeader, leader elected after 5091ms
2020-06-09 10:47:41,748 [95b41f0e-be9c-42c7-a4a1-bcd4e1253490@group-4FF2DDBE0DDE-LeaderElection62] INFO  server.RaftServerConfigKeys (ConfUtils.java:logGet(44)) - raft.server.staging.catchup.gap = 1000 (default)
2020-06-09 10:47:41,748 [95b41f0e-be9c-42c7-a4a1-bcd4e1253490@group-4FF2DDBE0DDE-LeaderElection62] INFO  server.RaftServerConfigKeys (ConfUtils.java:logGet(44)) - raft.server.rpc.sleep.time = 25ms (default)
2020-06-09 10:47:41,751 [95b41f0e-be9c-42c7-a4a1-bcd4e1253490@group-4FF2DDBE0DDE-LeaderElection62] INFO  metrics.RatisMetrics (RatisMetrics.java:lambda$create$0(36)) - Creating Metrics Registry : ratis.log_appender.95b41f0e-be9c-42c7-a4a1-bcd4e1253490@group-4FF2DDBE0DDE
2020-06-09 10:47:41,752 [95b41f0e-be9c-42c7-a4a1-bcd4e1253490@group-4FF2DDBE0DDE-LeaderElection62] INFO  server.RaftServerConfigKeys (ConfUtils.java:logGet(44)) - raft.server.write.element-limit = 1024 (custom)
2020-06-09 10:47:41,752 [95b41f0e-be9c-42c7-a4a1-bcd4e1253490@group-4FF2DDBE0DDE-LeaderElection62] INFO  server.RaftServerConfigKeys (ConfUtils.java:logGet(44)) - raft.server.write.byte-limit = 1073741824 (custom)
2020-06-09 10:47:41,752 [95b41f0e-be9c-42c7-a4a1-bcd4e1253490@group-4FF2DDBE0DDE-LeaderElection62] INFO  server.RaftServerConfigKeys (ConfUtils.java:logGet(44)) - raft.server.watch.timeout = 180s (custom)
2020-06-09 10:47:41,752 [95b41f0e-be9c-42c7-a4a1-bcd4e1253490@group-4FF2DDBE0DDE-LeaderElection62] INFO  server.RaftServerConfigKeys (ConfUtils.java:logGet(44)) - raft.server.watch.timeout.denomination = 1s (default)
2020-06-09 10:47:41,752 [95b41f0e-be9c-42c7-a4a1-bcd4e1253490@group-4FF2DDBE0DDE-LeaderElection62] INFO  server.RaftServerConfigKeys (ConfUtils.java:logGet(44)) - raft.server.watch.element-limit = 65536 (default)
2020-06-09 10:47:41,753 [95b41f0e-be9c-42c7-a4a1-bcd4e1253490@group-4FF2DDBE0DDE-LeaderElection62] INFO  impl.RoleInfo (RoleInfo.java:updateAndGet(143)) - 95b41f0e-be9c-42c7-a4a1-bcd4e1253490: start LeaderState
2020-06-09 10:47:41,753 [95b41f0e-be9c-42c7-a4a1-bcd4e1253490@group-4FF2DDBE0DDE-LeaderElection62] INFO  segmented.SegmentedRaftLogWorker (SegmentedRaftLogWorker.java:startLogSegment(397)) - 95b41f0e-be9c-42c7-a4a1-bcd4e1253490@group-4FF2DDBE0DDE-SegmentedRaftLogWorker: Starting segment from index:0
2020-06-09 10:47:41,754 [95b41f0e-be9c-42c7-a4a1-bcd4e1253490@group-4FF2DDBE0DDE-LeaderElection62] INFO  impl.RaftServerImpl (ServerState.java:setRaftConf(356)) - 95b41f0e-be9c-42c7-a4a1-bcd4e1253490@group-4FF2DDBE0DDE: set configuration 0: [95b41f0e-be9c-42c7-a4a1-bcd4e1253490:172.17.0.2:38781], old=null at 0
2020-06-09 10:47:41,755 [95b41f0e-be9c-42c7-a4a1-bcd4e1253490@group-4FF2DDBE0DDE-SegmentedRaftLogWorker] INFO  segmented.SegmentedRaftLogWorker (SegmentedRaftLogWorker.java:execute(596)) - 95b41f0e-be9c-42c7-a4a1-bcd4e1253490@group-4FF2DDBE0DDE-SegmentedRaftLogWorker: created new log segment /github/workspace/mnt/ozone/hadoop-ozone/integration-test/target/test-dir/MiniOzoneClusterImpl-428de9cd-98e2-485e-b164-55ba4e728ea0/datanode-1/data/ratis/a0a0b1c9-bdc3-43f1-8232-4ff2ddbe0dde/current/log_inprogress_0
2020-06-09 10:47:41,771 [Thread-4286] INFO  impl.FollowerState (FollowerState.java:run(108)) - 25a3501a-3b9a-4b43-a901-462da60c5d5f@group-AAAA730C07D5-FollowerState: change to CANDIDATE, lastRpcTime:5090ms, electionTimeout:5090ms
2020-06-09 10:47:41,771 [Thread-4286] INFO  impl.RoleInfo (RoleInfo.java:shutdownFollowerState(121)) - 25a3501a-3b9a-4b43-a901-462da60c5d5f: shutdown FollowerState
2020-06-09 10:47:41,771 [Thread-4286] INFO  impl.RaftServerImpl (RaftServerImpl.java:setRole(175)) - 25a3501a-3b9a-4b43-a901-462da60c5d5f@group-AAAA730C07D5: changes role from  FOLLOWER to CANDIDATE at term 0 for changeToCandidate
2020-06-09 10:47:41,771 [Thread-4286] INFO  impl.RoleInfo (RoleInfo.java:updateAndGet(143)) - 25a3501a-3b9a-4b43-a901-462da60c5d5f: start LeaderElection
2020-06-09 10:47:41,774 [25a3501a-3b9a-4b43-a901-462da60c5d5f@group-AAAA730C07D5-LeaderElection63] INFO  impl.LeaderElection (LeaderElection.java:askForVotes(206)) - 25a3501a-3b9a-4b43-a901-462da60c5d5f@group-AAAA730C07D5-LeaderElection63: begin an election at term 1 for -1: [05386be6-5dc2-4792-913d-6d8439b86153:172.17.0.2:36487, 25a3501a-3b9a-4b43-a901-462da60c5d5f:172.17.0.2:37683, 95b41f0e-be9c-42c7-a4a1-bcd4e1253490:172.17.0.2:38781], old=null
2020-06-09 10:47:41,781 [grpc-default-executor-4] INFO  impl.RaftServerImpl (RaftServerImpl.java:setRole(175)) - 05386be6-5dc2-4792-913d-6d8439b86153@group-AAAA730C07D5: changes role from  FOLLOWER to FOLLOWER at term 1 for recognizeCandidate:25a3501a-3b9a-4b43-a901-462da60c5d5f
2020-06-09 10:47:41,781 [grpc-default-executor-4] INFO  impl.RoleInfo (RoleInfo.java:shutdownFollowerState(121)) - 05386be6-5dc2-4792-913d-6d8439b86153: shutdown FollowerState
2020-06-09 10:47:41,782 [grpc-default-executor-4] INFO  impl.RoleInfo (RoleInfo.java:updateAndGet(143)) - 05386be6-5dc2-4792-913d-6d8439b86153: start FollowerState
2020-06-09 10:47:41,782 [Thread-4279] INFO  impl.FollowerState (FollowerState.java:run(117)) - 05386be6-5dc2-4792-913d-6d8439b86153@group-AAAA730C07D5-FollowerState was interrupted: java.lang.InterruptedException: sleep interrupted
2020-06-09 10:47:41,788 [grpc-default-executor-5] INFO  impl.RaftServerImpl (RaftServerImpl.java:setRole(175)) - 95b41f0e-be9c-42c7-a4a1-bcd4e1253490@group-AAAA730C07D5: changes role from  FOLLOWER to FOLLOWER at term 1 for recognizeCandidate:25a3501a-3b9a-4b43-a901-462da60c5d5f
2020-06-09 10:47:41,788 [grpc-default-executor-5] INFO  impl.RoleInfo (RoleInfo.java:shutdownFollowerState(121)) - 95b41f0e-be9c-42c7-a4a1-bcd4e1253490: shutdown FollowerState
2020-06-09 10:47:41,788 [grpc-default-executor-5] INFO  impl.RoleInfo (RoleInfo.java:updateAndGet(143)) - 95b41f0e-be9c-42c7-a4a1-bcd4e1253490: start FollowerState
2020-06-09 10:47:41,788 [Thread-4281] INFO  impl.FollowerState (FollowerState.java:run(117)) - 95b41f0e-be9c-42c7-a4a1-bcd4e1253490@group-AAAA730C07D5-FollowerState was interrupted: java.lang.InterruptedException: sleep interrupted
2020-06-09 10:47:41,800 [25a3501a-3b9a-4b43-a901-462da60c5d5f@group-AAAA730C07D5-LeaderElection63] INFO  impl.LeaderElection (LeaderElection.java:logAndReturn(61)) - 25a3501a-3b9a-4b43-a901-462da60c5d5f@group-AAAA730C07D5-LeaderElection63: Election PASSED; received 1 response(s) [25a3501a-3b9a-4b43-a901-462da60c5d5f<-95b41f0e-be9c-42c7-a4a1-bcd4e1253490#0:OK-t1] and 0 exception(s); 25a3501a-3b9a-4b43-a901-462da60c5d5f@group-AAAA730C07D5:t1, leader=null, voted=25a3501a-3b9a-4b43-a901-462da60c5d5f, raftlog=25a3501a-3b9a-4b43-a901-462da60c5d5f@group-AAAA730C07D5-SegmentedRaftLog:OPENED:c-1,f-1,i0, conf=-1: [05386be6-5dc2-4792-913d-6d8439b86153:172.17.0.2:36487, 25a3501a-3b9a-4b43-a901-462da60c5d5f:172.17.0.2:37683, 95b41f0e-be9c-42c7-a4a1-bcd4e1253490:172.17.0.2:38781], old=null
2020-06-09 10:47:41,801 [25a3501a-3b9a-4b43-a901-462da60c5d5f@group-AAAA730C07D5-LeaderElection63] INFO  impl.RoleInfo (RoleInfo.java:shutdownLeaderElection(134)) - 25a3501a-3b9a-4b43-a901-462da60c5d5f: shutdown LeaderElection
2020-06-09 10:47:41,801 [25a3501a-3b9a-4b43-a901-462da60c5d5f@group-AAAA730C07D5-LeaderElection63] INFO  impl.RaftServerImpl (RaftServerImpl.java:setRole(175)) - 25a3501a-3b9a-4b43-a901-462da60c5d5f@group-AAAA730C07D5: changes role from CANDIDATE to LEADER at term 1 for changeToLeader
2020-06-09 10:47:41,801 [25a3501a-3b9a-4b43-a901-462da60c5d5f@group-AAAA730C07D5-LeaderElection63] INFO  ratis.XceiverServerRatis (XceiverServerRatis.java:handleLeaderChangedNotification(762)) - Leader change notification received for group: group-AAAA730C07D5 with new leaderId: 25a3501a-3b9a-4b43-a901-462da60c5d5f
2020-06-09 10:47:41,801 [25a3501a-3b9a-4b43-a901-462da60c5d5f@group-AAAA730C07D5-LeaderElection63] INFO  impl.RaftServerImpl (ServerState.java:setLeader(255)) - 25a3501a-3b9a-4b43-a901-462da60c5d5f@group-AAAA730C07D5: change Leader from null to 25a3501a-3b9a-4b43-a901-462da60c5d5f at term 1 for becomeLeader, leader elected after 5129ms
2020-06-09 10:47:41,801 [25a3501a-3b9a-4b43-a901-462da60c5d5f@group-AAAA730C07D5-LeaderElection63] INFO  server.RaftServerConfigKeys (ConfUtils.java:logGet(44)) - raft.server.staging.catchup.gap = 1000 (default)
2020-06-09 10:47:41,801 [25a3501a-3b9a-4b43-a901-462da60c5d5f@group-AAAA730C07D5-LeaderElection63] INFO  server.RaftServerConfigKeys (ConfUtils.java:logGet(44)) - raft.server.rpc.sleep.time = 25ms (default)
2020-06-09 10:47:41,801 [25a3501a-3b9a-4b43-a901-462da60c5d5f@group-AAAA730C07D5-LeaderElection63] INFO  metrics.RatisMetrics (RatisMetrics.java:lambda$create$0(36)) - Creating Metrics Registry : ratis.log_appender.25a3501a-3b9a-4b43-a901-462da60c5d5f@group-AAAA730C07D5
2020-06-09 10:47:41,801 [25a3501a-3b9a-4b43-a901-462da60c5d5f@group-AAAA730C07D5-LeaderElection63] INFO  server.RaftServerConfigKeys (ConfUtils.java:logGet(44)) - raft.server.write.element-limit = 1024 (custom)
2020-06-09 10:47:41,801 [25a3501a-3b9a-4b43-a901-462da60c5d5f@group-AAAA730C07D5-LeaderElection63] INFO  server.RaftServerConfigKeys (ConfUtils.java:logGet(44)) - raft.server.write.byte-limit = 1073741824 (custom)
2020-06-09 10:47:41,802 [EventQueue-PipelineReportForPipelineReportHandler] INFO  pipeline.PipelineStateManager (PipelineStateManager.java:openPipeline(131)) - Pipeline Pipeline[ Id: 43d97006-414d-4f93-a396-aaaa730c07d5, Nodes: 95b41f0e-be9c-42c7-a4a1-bcd4e1253490{ip: 172.17.0.2, host: 6db717622624, networkLocation: /default-rack, certSerialId: null}05386be6-5dc2-4792-913d-6d8439b86153{ip: 172.17.0.2, host: 6db717622624, networkLocation: /default-rack, certSerialId: null}25a3501a-3b9a-4b43-a901-462da60c5d5f{ip: 172.17.0.2, host: 6db717622624, networkLocation: /default-rack, certSerialId: null}, Type:RATIS, Factor:THREE, State:ALLOCATED, leaderId:25a3501a-3b9a-4b43-a901-462da60c5d5f, CreationTimestamp2020-06-09T10:47:33.706Z] moved to OPEN state
2020-06-09 10:47:41,802 [25a3501a-3b9a-4b43-a901-462da60c5d5f@group-AAAA730C07D5-LeaderElection63] INFO  server.RaftServerConfigKeys (ConfUtils.java:logGet(44)) - raft.server.watch.timeout = 180s (custom)
2020-06-09 10:47:41,803 [EventQueue-OpenPipelineForHealthyPipelineSafeModeRule] INFO  safemode.SCMSafeModeManager (HealthyPipelineSafeModeRule.java:process(132)) - SCM in safe mode. Healthy pipelines reported count is 1, required healthy pipeline reported count is 1
2020-06-09 10:47:41,803 [EventQueue-OpenPipelineForOneReplicaPipelineSafeModeRule] INFO  safemode.SCMSafeModeManager (SCMSafeModeManager.java:validateSafeModeExitRules(213)) - AtleastOneDatanodeReportedRule rule is successfully validated
2020-06-09 10:47:41,803 [25a3501a-3b9a-4b43-a901-462da60c5d5f@group-AAAA730C07D5-LeaderElection63] INFO  server.RaftServerConfigKeys (ConfUtils.java:logGet(44)) - raft.server.watch.timeout.denomination = 1s (default)
2020-06-09 10:47:41,804 [25a3501a-3b9a-4b43-a901-462da60c5d5f@group-AAAA730C07D5-LeaderElection63] INFO  server.RaftServerConfigKeys (ConfUtils.java:logGet(44)) - raft.server.watch.element-limit = 65536 (default)
2020-06-09 10:47:41,804 [EventQueue-OpenPipelineForHealthyPipelineSafeModeRule] INFO  safemode.SCMSafeModeManager (SCMSafeModeManager.java:validateSafeModeExitRules(213)) - HealthyPipelineSafeModeRule rule is successfully validated
2020-06-09 10:47:41,804 [EventQueue-OpenPipelineForHealthyPipelineSafeModeRule] INFO  safemode.SCMSafeModeManager (SCMSafeModeManager.java:validateSafeModeExitRules(227)) - ScmSafeModeManager, all rules are successfully validated
2020-06-09 10:47:41,804 [EventQueue-OpenPipelineForHealthyPipelineSafeModeRule] INFO  safemode.SCMSafeModeManager (SCMSafeModeManager.java:exitSafeMode(256)) - SCM exiting safe mode.
2020-06-09 10:47:41,804 [Thread-4289] INFO  impl.FollowerState (FollowerState.java:run(108)) - 25a3501a-3b9a-4b43-a901-462da60c5d5f@group-338E02823820-FollowerState: change to CANDIDATE, lastRpcTime:5087ms, electionTimeout:5086ms
2020-06-09 10:47:41,804 [25a3501a-3b9a-4b43-a901-462da60c5d5f@group-AAAA730C07D5-LeaderElection63] INFO  server.RaftServerConfigKeys (ConfUtils.java:logGet(44)) - raft.server.log.appender.snapshot.chunk.size.max = 16MB (=16777216) (default)
2020-06-09 10:47:41,805 [25a3501a-3b9a-4b43-a901-462da60c5d5f@group-AAAA730C07D5-LeaderElection63] INFO  server.RaftServerConfigKeys (ConfUtils.java:logGet(44)) - raft.server.log.appender.buffer.byte-limit = 33554432 (custom)
2020-06-09 10:47:41,805 [25a3501a-3b9a-4b43-a901-462da60c5d5f@group-AAAA730C07D5-LeaderElection63] INFO  server.RaftServerConfigKeys (ConfUtils.java:logGet(44)) - raft.server.log.appender.buffer.element-limit = 1 (custom)
2020-06-09 10:47:41,805 [25a3501a-3b9a-4b43-a901-462da60c5d5f@group-AAAA730C07D5-LeaderElection63] INFO  grpc.GrpcConfigKeys (ConfUtils.java:logGet(44)) - raft.grpc.server.leader.outstanding.appends.max = 128 (default)
2020-06-09 10:47:41,805 [25a3501a-3b9a-4b43-a901-462da60c5d5f@group-AAAA730C07D5-LeaderElection63] INFO  server.RaftServerConfigKeys (ConfUtils.java:logGet(44)) - raft.server.rpc.request.timeout = 60s (custom)
2020-06-09 10:47:41,805 [25a3501a-3b9a-4b43-a901-462da60c5d5f@group-AAAA730C07D5-LeaderElection63] INFO  server.RaftServerConfigKeys (ConfUtils.java:logGet(44)) - raft.server.log.appender.install.snapshot.enabled = false (custom)
2020-06-09 10:47:41,805 [25a3501a-3b9a-4b43-a901-462da60c5d5f@group-AAAA730C07D5-LeaderElection63] INFO  metrics.RatisMetrics (RatisMetrics.java:lambda$create$0(36)) - Creating Metrics Registry : ratis_grpc.log_appender.25a3501a-3b9a-4b43-a901-462da60c5d5f@group-AAAA730C07D5
2020-06-09 10:47:41,805 [Thread-4289] INFO  impl.RoleInfo (RoleInfo.java:shutdownFollowerState(121)) - 25a3501a-3b9a-4b43-a901-462da60c5d5f: shutdown FollowerState
2020-06-09 10:47:41,805 [Thread-4289] INFO  impl.RaftServerImpl (RaftServerImpl.java:setRole(175)) - 25a3501a-3b9a-4b43-a901-462da60c5d5f@group-338E02823820: changes role from  FOLLOWER to CANDIDATE at term 0 for changeToCandidate
2020-06-09 10:47:41,805 [Thread-4289] INFO  impl.RoleInfo (RoleInfo.java:updateAndGet(143)) - 25a3501a-3b9a-4b43-a901-462da60c5d5f: start LeaderElection
2020-06-09 10:47:41,811 [25a3501a-3b9a-4b43-a901-462da60c5d5f@group-AAAA730C07D5-LeaderElection63] INFO  server.RaftServerConfigKeys (ConfUtils.java:logGet(44)) - raft.server.log.appender.snapshot.chunk.size.max = 16MB (=16777216) (default)
2020-06-09 10:47:41,811 [25a3501a-3b9a-4b43-a901-462da60c5d5f@group-AAAA730C07D5-LeaderElection63] INFO  server.RaftServerConfigKeys (ConfUtils.java:logGet(44)) - raft.server.log.appender.buffer.byte-limit = 33554432 (custom)
2020-06-09 10:47:41,811 [25a3501a-3b9a-4b43-a901-462da60c5d5f@group-AAAA730C07D5-LeaderElection63] INFO  server.RaftServerConfigKeys (ConfUtils.java:logGet(44)) - raft.server.log.appender.buffer.element-limit = 1 (custom)
2020-06-09 10:47:41,811 [25a3501a-3b9a-4b43-a901-462da60c5d5f@group-AAAA730C07D5-LeaderElection63] INFO  grpc.GrpcConfigKeys (ConfUtils.java:logGet(44)) - raft.grpc.server.leader.outstanding.appends.max = 128 (default)
2020-06-09 10:47:41,811 [25a3501a-3b9a-4b43-a901-462da60c5d5f@group-AAAA730C07D5-LeaderElection63] INFO  server.RaftServerConfigKeys (ConfUtils.java:logGet(44)) - raft.server.rpc.request.timeout = 60s (custom)
2020-06-09 10:47:41,811 [25a3501a-3b9a-4b43-a901-462da60c5d5f@group-AAAA730C07D5-LeaderElection63] INFO  server.RaftServerConfigKeys (ConfUtils.java:logGet(44)) - raft.server.log.appender.install.snapshot.enabled = false (custom)
2020-06-09 10:47:41,814 [25a3501a-3b9a-4b43-a901-462da60c5d5f@group-AAAA730C07D5-LeaderElection63] INFO  impl.RoleInfo (RoleInfo.java:updateAndGet(143)) - 25a3501a-3b9a-4b43-a901-462da60c5d5f: start LeaderState
2020-06-09 10:47:41,814 [25a3501a-3b9a-4b43-a901-462da60c5d5f@group-AAAA730C07D5-LeaderElection63] INFO  segmented.SegmentedRaftLogWorker (SegmentedRaftLogWorker.java:startLogSegment(397)) - 25a3501a-3b9a-4b43-a901-462da60c5d5f@group-AAAA730C07D5-SegmentedRaftLogWorker: Starting segment from index:0
2020-06-09 10:47:41,816 [25a3501a-3b9a-4b43-a901-462da60c5d5f@group-AAAA730C07D5-SegmentedRaftLogWorker] INFO  segmented.SegmentedRaftLogWorker (SegmentedRaftLogWorker.java:execute(596)) - 25a3501a-3b9a-4b43-a901-462da60c5d5f@group-AAAA730C07D5-SegmentedRaftLogWorker: created new log segment /github/workspace/mnt/ozone/hadoop-ozone/integration-test/target/test-dir/MiniOzoneClusterImpl-428de9cd-98e2-485e-b164-55ba4e728ea0/datanode-2/data/ratis/43d97006-414d-4f93-a396-aaaa730c07d5/current/log_inprogress_0
2020-06-09 10:47:41,816 [25a3501a-3b9a-4b43-a901-462da60c5d5f@group-AAAA730C07D5-LeaderElection63] INFO  impl.RaftServerImpl (ServerState.java:setRaftConf(356)) - 25a3501a-3b9a-4b43-a901-462da60c5d5f@group-AAAA730C07D5: set configuration 0: [05386be6-5dc2-4792-913d-6d8439b86153:172.17.0.2:36487, 25a3501a-3b9a-4b43-a901-462da60c5d5f:172.17.0.2:37683, 95b41f0e-be9c-42c7-a4a1-bcd4e1253490:172.17.0.2:38781], old=null at 0
2020-06-09 10:47:41,817 [25a3501a-3b9a-4b43-a901-462da60c5d5f@group-338E02823820-LeaderElection64] INFO  impl.LeaderElection (LeaderElection.java:askForVotes(206)) - 25a3501a-3b9a-4b43-a901-462da60c5d5f@group-338E02823820-LeaderElection64: begin an election at term 1 for -1: [25a3501a-3b9a-4b43-a901-462da60c5d5f:172.17.0.2:37683], old=null
2020-06-09 10:47:41,817 [25a3501a-3b9a-4b43-a901-462da60c5d5f@group-338E02823820-LeaderElection64] INFO  impl.RoleInfo (RoleInfo.java:shutdownLeaderElection(134)) - 25a3501a-3b9a-4b43-a901-462da60c5d5f: shutdown LeaderElection
2020-06-09 10:47:41,817 [25a3501a-3b9a-4b43-a901-462da60c5d5f@group-338E02823820-LeaderElection64] INFO  impl.RaftServerImpl (RaftServerImpl.java:setRole(175)) - 25a3501a-3b9a-4b43-a901-462da60c5d5f@group-338E02823820: changes role from CANDIDATE to LEADER at term 1 for changeToLeader
2020-06-09 10:47:41,817 [25a3501a-3b9a-4b43-a901-462da60c5d5f@group-338E02823820-LeaderElection64] INFO  ratis.XceiverServerRatis (XceiverServerRatis.java:handleLeaderChangedNotification(762)) - Leader change notification received for group: group-338E02823820 with new leaderId: 25a3501a-3b9a-4b43-a901-462da60c5d5f
2020-06-09 10:47:41,818 [25a3501a-3b9a-4b43-a901-462da60c5d5f@group-338E02823820-LeaderElection64] INFO  impl.RaftServerImpl (ServerState.java:setLeader(255)) - 25a3501a-3b9a-4b43-a901-462da60c5d5f@group-338E02823820: change Leader from null to 25a3501a-3b9a-4b43-a901-462da60c5d5f at term 1 for becomeLeader, leader elected after 5109ms
2020-06-09 10:47:41,818 [25a3501a-3b9a-4b43-a901-462da60c5d5f@group-338E02823820-LeaderElection64] INFO  server.RaftServerConfigKeys (ConfUtils.java:logGet(44)) - raft.server.staging.catchup.gap = 1000 (default)
2020-06-09 10:47:41,818 [25a3501a-3b9a-4b43-a901-462da60c5d5f@group-338E02823820-LeaderElection64] INFO  server.RaftServerConfigKeys (ConfUtils.java:logGet(44)) - raft.server.rpc.sleep.time = 25ms (default)
2020-06-09 10:47:41,818 [25a3501a-3b9a-4b43-a901-462da60c5d5f@group-338E02823820-LeaderElection64] INFO  metrics.RatisMetrics (RatisMetrics.java:lambda$create$0(36)) - Creating Metrics Registry : ratis.log_appender.25a3501a-3b9a-4b43-a901-462da60c5d5f@group-338E02823820
2020-06-09 10:47:41,818 [25a3501a-3b9a-4b43-a901-462da60c5d5f@group-338E02823820-LeaderElection64] INFO  server.RaftServerConfigKeys (ConfUtils.java:logGet(44)) - raft.server.write.element-limit = 1024 (custom)
2020-06-09 10:47:41,818 [25a3501a-3b9a-4b43-a901-462da60c5d5f@group-338E02823820-LeaderElection64] INFO  server.RaftServerConfigKeys (ConfUtils.java:logGet(44)) - raft.server.write.byte-limit = 1073741824 (custom)
2020-06-09 10:47:41,830 [grpc-default-executor-5] INFO  ratis.XceiverServerRatis (XceiverServerRatis.java:handleLeaderChangedNotification(762)) - Leader change notification received for group: group-AAAA730C07D5 with new leaderId: 25a3501a-3b9a-4b43-a901-462da60c5d5f
2020-06-09 10:47:41,831 [grpc-default-executor-5] INFO  impl.RaftServerImpl (ServerState.java:setLeader(255)) - 05386be6-5dc2-4792-913d-6d8439b86153@group-AAAA730C07D5: change Leader from null to 25a3501a-3b9a-4b43-a901-462da60c5d5f at term 1 for appendEntries, leader elected after 5207ms
2020-06-09 10:47:41,835 [grpc-default-executor-4] INFO  ratis.XceiverServerRatis (XceiverServerRatis.java:handleLeaderChangedNotification(762)) - Leader change notification received for group: group-AAAA730C07D5 with new leaderId: 25a3501a-3b9a-4b43-a901-462da60c5d5f
2020-06-09 10:47:41,835 [grpc-default-executor-4] INFO  impl.RaftServerImpl (ServerState.java:setLeader(255)) - 95b41f0e-be9c-42c7-a4a1-bcd4e1253490@group-AAAA730C07D5: change Leader from null to 25a3501a-3b9a-4b43-a901-462da60c5d5f at term 1 for appendEntries, leader elected after 5191ms
2020-06-09 10:47:41,835 [25a3501a-3b9a-4b43-a901-462da60c5d5f@group-338E02823820-LeaderElection64] INFO  server.RaftServerConfigKeys (ConfUtils.java:logGet(44)) - raft.server.watch.timeout = 180s (custom)
2020-06-09 10:47:41,836 [25a3501a-3b9a-4b43-a901-462da60c5d5f@group-338E02823820-LeaderElection64] INFO  server.RaftServerConfigKeys (ConfUtils.java:logGet(44)) - raft.server.watch.timeout.denomination = 1s (default)
2020-06-09 10:47:41,836 [25a3501a-3b9a-4b43-a901-462da60c5d5f@group-338E02823820-LeaderElection64] INFO  server.RaftServerConfigKeys (ConfUtils.java:logGet(44)) - raft.server.watch.element-limit = 65536 (default)
2020-06-09 10:47:41,836 [25a3501a-3b9a-4b43-a901-462da60c5d5f@group-338E02823820-LeaderElection64] INFO  impl.RoleInfo (RoleInfo.java:updateAndGet(143)) - 25a3501a-3b9a-4b43-a901-462da60c5d5f: start LeaderState
2020-06-09 10:47:41,844 [25a3501a-3b9a-4b43-a901-462da60c5d5f@group-338E02823820-LeaderElection64] INFO  segmented.SegmentedRaftLogWorker (SegmentedRaftLogWorker.java:startLogSegment(397)) - 25a3501a-3b9a-4b43-a901-462da60c5d5f@group-338E02823820-SegmentedRaftLogWorker: Starting segment from index:0
2020-06-09 10:47:41,845 [25a3501a-3b9a-4b43-a901-462da60c5d5f@group-338E02823820-LeaderElection64] INFO  impl.RaftServerImpl (ServerState.java:setRaftConf(356)) - 25a3501a-3b9a-4b43-a901-462da60c5d5f@group-338E02823820: set configuration 0: [25a3501a-3b9a-4b43-a901-462da60c5d5f:172.17.0.2:37683], old=null at 0
2020-06-09 10:47:41,846 [grpc-default-executor-2] INFO  impl.RaftServerImpl (ServerState.java:setRaftConf(356)) - 05386be6-5dc2-4792-913d-6d8439b86153@group-AAAA730C07D5: set configuration 0: [05386be6-5dc2-4792-913d-6d8439b86153:172.17.0.2:36487, 25a3501a-3b9a-4b43-a901-462da60c5d5f:172.17.0.2:37683, 95b41f0e-be9c-42c7-a4a1-bcd4e1253490:172.17.0.2:38781], old=null at 0
2020-06-09 10:47:41,848 [grpc-default-executor-5] INFO  impl.RaftServerImpl (ServerState.java:setRaftConf(356)) - 95b41f0e-be9c-42c7-a4a1-bcd4e1253490@group-AAAA730C07D5: set configuration 0: [05386be6-5dc2-4792-913d-6d8439b86153:172.17.0.2:36487, 25a3501a-3b9a-4b43-a901-462da60c5d5f:172.17.0.2:37683, 95b41f0e-be9c-42c7-a4a1-bcd4e1253490:172.17.0.2:38781], old=null at 0
2020-06-09 10:47:41,849 [25a3501a-3b9a-4b43-a901-462da60c5d5f@group-338E02823820-SegmentedRaftLogWorker] INFO  segmented.SegmentedRaftLogWorker (SegmentedRaftLogWorker.java:execute(596)) - 25a3501a-3b9a-4b43-a901-462da60c5d5f@group-338E02823820-SegmentedRaftLogWorker: created new log segment /github/workspace/mnt/ozone/hadoop-ozone/integration-test/target/test-dir/MiniOzoneClusterImpl-428de9cd-98e2-485e-b164-55ba4e728ea0/datanode-2/data/ratis/d2955f8c-7431-48c7-aab6-338e02823820/current/log_inprogress_0
2020-06-09 10:47:41,851 [grpc-default-executor-2] INFO  segmented.SegmentedRaftLogWorker (SegmentedRaftLogWorker.java:startLogSegment(397)) - 05386be6-5dc2-4792-913d-6d8439b86153@group-AAAA730C07D5-SegmentedRaftLogWorker: Starting segment from index:0
2020-06-09 10:47:41,852 [grpc-default-executor-5] INFO  segmented.SegmentedRaftLogWorker (SegmentedRaftLogWorker.java:startLogSegment(397)) - 95b41f0e-be9c-42c7-a4a1-bcd4e1253490@group-AAAA730C07D5-SegmentedRaftLogWorker: Starting segment from index:0
2020-06-09 10:47:41,855 [05386be6-5dc2-4792-913d-6d8439b86153@group-AAAA730C07D5-SegmentedRaftLogWorker] INFO  segmented.SegmentedRaftLogWorker (SegmentedRaftLogWorker.java:execute(596)) - 05386be6-5dc2-4792-913d-6d8439b86153@group-AAAA730C07D5-SegmentedRaftLogWorker: created new log segment /github/workspace/mnt/ozone/hadoop-ozone/integration-test/target/test-dir/MiniOzoneClusterImpl-428de9cd-98e2-485e-b164-55ba4e728ea0/datanode-0/data/ratis/43d97006-414d-4f93-a396-aaaa730c07d5/current/log_inprogress_0
2020-06-09 10:47:41,855 [95b41f0e-be9c-42c7-a4a1-bcd4e1253490@group-AAAA730C07D5-SegmentedRaftLogWorker] INFO  segmented.SegmentedRaftLogWorker (SegmentedRaftLogWorker.java:execute(596)) - 95b41f0e-be9c-42c7-a4a1-bcd4e1253490@group-AAAA730C07D5-SegmentedRaftLogWorker: created new log segment /github/workspace/mnt/ozone/hadoop-ozone/integration-test/target/test-dir/MiniOzoneClusterImpl-428de9cd-98e2-485e-b164-55ba4e728ea0/datanode-1/data/ratis/43d97006-414d-4f93-a396-aaaa730c07d5/current/log_inprogress_0
2020-06-09 10:47:42,706 [Listener at 127.0.0.1/11532] INFO  ozone.MiniOzoneClusterImpl (MiniOzoneClusterImpl.java:lambda$waitForClusterToBeReady$0(177)) - Nodes are ready. Got 3 of 3 DN Heartbeats.
2020-06-09 10:47:42,706 [Listener at 127.0.0.1/11532] INFO  ozone.MiniOzoneClusterImpl (MiniOzoneClusterImpl.java:lambda$waitForClusterToBeReady$0(180)) - Cluster exits safe mode
2020-06-09 10:47:42,744 [Listener at 127.0.0.1/11532] INFO  rpc.RpcClient (RpcClient.java:createVolume(310)) - Creating Volume: volume41360, with user07956 as owner.
2020-06-09 10:47:42,754 [OM StateMachine ApplyTransaction Thread - 0] INFO  volume.OMVolumeCreateRequest (OMVolumeCreateRequest.java:validateAndUpdateCache(204)) - created volume:volume41360 for user:user07956
2020-06-09 10:47:42,772 [Listener at 127.0.0.1/11532] INFO  rpc.RpcClient (RpcClient.java:createBucket(450)) - Creating Bucket: volume41360/bucket09309, with Versioning false and Storage Type set to DISK and Encryption set to false 
2020-06-09 10:47:42,773 [OM StateMachine ApplyTransaction Thread - 0] INFO  volume.OMVolumeCreateRequest (OMVolumeCreateRequest.java:validateAndUpdateCache(204)) - created volume:volume41360 for user:user07956
2020-06-09 10:47:42,773 [OM StateMachine ApplyTransaction Thread - 0] INFO  volume.OMVolumeCreateRequest (OMVolumeCreateRequest.java:validateAndUpdateCache(204)) - created volume:volume41360 for user:user07956
2020-06-09 10:47:42,805 [IPC Server handler 3 on default port 40741] INFO  pipeline.PipelineStateManager (PipelineStateManager.java:addPipeline(54)) - Created pipeline Pipeline[ Id: f5ef43b1-1e36-49a5-b6bb-81dcc55d10ba, Nodes: 95b41f0e-be9c-42c7-a4a1-bcd4e1253490{ip: 172.17.0.2, host: 6db717622624, networkLocation: /default-rack, certSerialId: null}, Type:STAND_ALONE, Factor:ONE, State:OPEN, leaderId:null, CreationTimestamp2020-06-09T10:47:42.805Z]
2020-06-09 10:47:43,115 [Listener at 127.0.0.1/11532] INFO  ipc.Server (Server.java:stop(3359)) - Stopping server on 11526
2020-06-09 10:47:43,121 [IPC Server listener on 11526] INFO  ipc.Server (Server.java:run(1330)) - Stopping IPC Server listener on 11526
2020-06-09 10:47:43,121 [IPC Server Responder] INFO  ipc.Server (Server.java:run(1465)) - Stopping IPC Server Responder
2020-06-09 10:47:43,121 [Listener at 127.0.0.1/11532] INFO  impl.RaftServerProxy (RaftServerProxy.java:lambda$close$4(319)) - omNode-2: close
2020-06-09 10:47:43,121 [Listener at 127.0.0.1/11532] INFO  impl.RaftServerImpl (RaftServerImpl.java:lambda$shutdown$3(252)) - omNode-2@group-523986131536: shutdown
2020-06-09 10:47:43,122 [Listener at 127.0.0.1/11532] INFO  util.JmxRegister (JmxRegister.java:unregister(73)) - Successfully un-registered JMX Bean with object name Ratis:service=RaftServer,group=group-523986131536,id=omNode-2
2020-06-09 10:47:43,122 [Listener at 127.0.0.1/11532] INFO  impl.RoleInfo (RoleInfo.java:shutdownFollowerState(121)) - omNode-2: shutdown FollowerState
2020-06-09 10:47:43,122 [Listener at 127.0.0.1/11532] INFO  impl.StateMachineUpdater (StateMachineUpdater.java:stopAndJoin(142)) - omNode-2@group-523986131536-StateMachineUpdater: set stopIndex = 43
2020-06-09 10:47:43,122 [Thread-4225] INFO  impl.FollowerState (FollowerState.java:run(117)) - omNode-2@group-523986131536-FollowerState was interrupted: java.lang.InterruptedException: sleep interrupted
2020-06-09 10:47:43,124 [omNode-2@group-523986131536-StateMachineUpdater] INFO  ratis.OzoneManagerStateMachine (OzoneManagerStateMachine.java:takeSnapshot(350)) - Saving Ratis snapshot on the OM.
2020-06-09 10:47:43,124 [omNode-2@group-523986131536-StateMachineUpdater] INFO  ratis.OMRatisSnapshotInfo (OMRatisSnapshotInfo.java:saveRatisSnapshotToDisk(105)) - Saved Ratis Snapshot on the OM with snapshotIndex (t:1, i:43)
2020-06-09 10:47:43,124 [omNode-2@group-523986131536-StateMachineUpdater] INFO  impl.StateMachineUpdater (StateMachineUpdater.java:takeSnapshot(277)) - omNode-2@group-523986131536-StateMachineUpdater: Took a snapshot at index 43
2020-06-09 10:47:43,125 [omNode-2@group-523986131536-StateMachineUpdater] INFO  impl.StateMachineUpdater (StateMachineUpdater.java:lambda$new$0(87)) - omNode-2@group-523986131536-StateMachineUpdater: snapshotIndex: updateIncreasingly -1 -> 43
2020-06-09 10:47:43,125 [omNode-2@group-523986131536-StateMachineUpdater] INFO  metrics.RatisMetrics (RatisMetrics.java:unregister(43)) - Unregistering Metrics Registry : ratis.state_machine.omNode-2@group-523986131536
2020-06-09 10:47:43,125 [Listener at 127.0.0.1/11532] INFO  impl.RaftServerImpl (ServerState.java:close(387)) - omNode-2@group-523986131536: closes. applyIndex: 43
2020-06-09 10:47:43,125 [omNode-2@group-523986131536-SegmentedRaftLogWorker] INFO  segmented.SegmentedRaftLogWorker (SegmentedRaftLogWorker.java:run(327)) - omNode-2@group-523986131536-SegmentedRaftLogWorker was interrupted, exiting. There are 0 tasks remaining in the queue.
2020-06-09 10:47:43,125 [Listener at 127.0.0.1/11532] INFO  segmented.SegmentedRaftLogWorker (SegmentedRaftLogWorker.java:close(234)) - omNode-2@group-523986131536-SegmentedRaftLogWorker close()
2020-06-09 10:47:43,127 [Listener at 127.0.0.1/11532] INFO  metrics.RatisMetrics (RatisMetrics.java:unregister(43)) - Unregistering Metrics Registry : ratis.log_worker.omNode-2@group-523986131536
2020-06-09 10:47:43,127 [Listener at 127.0.0.1/11532] INFO  metrics.RatisMetrics (RatisMetrics.java:unregister(43)) - Unregistering Metrics Registry : ratis.leader_election.omNode-2@group-523986131536
2020-06-09 10:47:43,127 [Listener at 127.0.0.1/11532] INFO  metrics.RatisMetrics (RatisMetrics.java:unregister(43)) - Unregistering Metrics Registry : ratis.server.omNode-2@group-523986131536
2020-06-09 10:47:43,127 [Listener at 127.0.0.1/11532] INFO  server.GrpcService (GrpcService.java:closeImpl(166)) - omNode-2: shutdown server with port 11530 now
2020-06-09 10:47:43,129 [grpc-default-executor-4] WARN  server.GrpcServerProtocolService (LogUtils.java:warn(122)) - omNode-2: installSnapshot onError, lastRequest: omNode-1->omNode-2#69-t1, previous=(t:1, i:43), leaderCommit=43, initializing? false, entries: size=1, first=(t:1, i:44), METADATAENTRY(c:43): org.apache.ratis.thirdparty.io.grpc.StatusRuntimeException: CANCELLED: cancelled before receiving half close
2020-06-09 10:47:43,129 [grpc-default-executor-4] WARN  server.GrpcLogAppender (LogUtils.java:warn(122)) - omNode-1@group-523986131536->omNode-2-AppendLogResponseHandler: Failed appendEntries: org.apache.ratis.thirdparty.io.grpc.StatusRuntimeException: CANCELLED: HTTP/2 error code: CANCEL
Received Rst Stream
2020-06-09 10:47:43,129 [grpc-default-executor-4] INFO  impl.FollowerInfo (FollowerInfo.java:lambda$new$0(51)) - omNode-1@group-523986131536->omNode-2: nextIndex: updateUnconditionally 45 -> 44
2020-06-09 10:47:43,130 [Listener at 127.0.0.1/11532] INFO  server.GrpcService (GrpcService.java:closeImpl(174)) - omNode-2: shutdown server with port 11530 successfully
2020-06-09 10:47:43,130 [Listener at 127.0.0.1/11532] INFO  ratis.OzoneManagerDoubleBuffer (OzoneManagerDoubleBuffer.java:stop(410)) - Stopping OMDoubleBuffer flush thread
2020-06-09 10:47:43,130 [OMDoubleBufferFlushThread] INFO  ratis.OzoneManagerDoubleBuffer (OzoneManagerDoubleBuffer.java:flushTransactions(342)) - OMDoubleBuffer flush thread OMDoubleBufferFlushThread is interrupted and will exit. OMDoubleBufferFlushThread
2020-06-09 10:47:43,130 [Listener at 127.0.0.1/11532] INFO  ratis.OzoneManagerStateMachine (HadoopExecutors.java:shutdown(118)) - Gracefully shutting down executor service. Waiting max 5 SECONDS
2020-06-09 10:47:43,130 [Listener at 127.0.0.1/11532] INFO  ratis.OzoneManagerStateMachine (HadoopExecutors.java:shutdown(129)) - Succesfully shutdown executor service
2020-06-09 10:47:43,130 [Listener at 127.0.0.1/11532] INFO  ratis.OzoneManagerStateMachine (HadoopExecutors.java:shutdown(118)) - Gracefully shutting down executor service. Waiting max 5 SECONDS
2020-06-09 10:47:43,130 [Listener at 127.0.0.1/11532] INFO  ratis.OzoneManagerStateMachine (HadoopExecutors.java:shutdown(129)) - Succesfully shutdown executor service
2020-06-09 10:47:43,131 [Listener at 127.0.0.1/11532] INFO  utils.BackgroundService (BackgroundService.java:shutdown(157)) - Shutting down service KeyDeletingService
2020-06-09 10:47:43,131 [Listener at 127.0.0.1/11532] INFO  handler.ContextHandler (ContextHandler.java:doStop(1016)) - Stopped o.e.j.w.WebAppContext@718737dc{ozoneManager,/,null,UNAVAILABLE}{file:/github/workspace/mnt/ozone/hadoop-ozone/integration-test/target/test-classes/webapps/ozoneManager}
2020-06-09 10:47:43,132 [Listener at 127.0.0.1/11532] INFO  server.AbstractConnector (AbstractConnector.java:doStop(380)) - Stopped ServerConnector@6eba0cd7{HTTP/1.1,[http/1.1]}{0.0.0.0:11528}
2020-06-09 10:47:43,132 [Listener at 127.0.0.1/11532] INFO  server.session (HouseKeeper.java:stopScavenging(158)) - node0 Stopped scavenging
2020-06-09 10:47:43,132 [Listener at 127.0.0.1/11532] INFO  handler.ContextHandler (ContextHandler.java:doStop(1016)) - Stopped o.e.j.s.ServletContextHandler@263813e6{static,/static,file:///github/workspace/mnt/ozone/hadoop-ozone/integration-test/target/test-classes/webapps/static,UNAVAILABLE}
2020-06-09 10:47:43,134 [Listener at 127.0.0.1/11532] INFO  handler.ContextHandler (ContextHandler.java:doStop(1016)) - Stopped o.e.j.s.ServletContextHandler@368381cd{logs,/logs,file:///github/workspace/mnt/ozone/hadoop-ozone/integration-test/target/log,UNAVAILABLE}
2020-06-09 10:47:43,144 [grpc-default-executor-5] WARN  server.GrpcLogAppender (LogUtils.java:warn(122)) - omNode-1@group-523986131536->omNode-2-AppendLogResponseHandler: Failed appendEntries: org.apache.ratis.thirdparty.io.grpc.StatusRuntimeException: UNAVAILABLE: io exception
2020-06-09 10:47:43,145 [grpc-default-executor-5] INFO  impl.FollowerInfo (FollowerInfo.java:lambda$new$0(51)) - omNode-1@group-523986131536->omNode-2: nextIndex: updateUnconditionally 46 -> 45
2020-06-09 10:47:43,149 [grpc-default-executor-4] WARN  server.GrpcLogAppender (LogUtils.java:warn(122)) - omNode-1@group-523986131536->omNode-2-AppendLogResponseHandler: Failed appendEntries: org.apache.ratis.thirdparty.io.grpc.StatusRuntimeException: UNAVAILABLE: io exception
2020-06-09 10:47:43,149 [grpc-default-executor-4] INFO  impl.FollowerInfo (FollowerInfo.java:lambda$new$0(51)) - omNode-1@group-523986131536->omNode-2: nextIndex: updateUnconditionally 47 -> 45
2020-06-09 10:47:43,151 [grpc-default-executor-5] WARN  server.GrpcLogAppender (LogUtils.java:warn(122)) - omNode-1@group-523986131536->omNode-2-AppendLogResponseHandler: Failed appendEntries: org.apache.ratis.thirdparty.io.grpc.StatusRuntimeException: UNAVAILABLE: io exception
2020-06-09 10:47:43,152 [grpc-default-executor-5] INFO  impl.FollowerInfo (FollowerInfo.java:lambda$new$0(51)) - omNode-1@group-523986131536->omNode-2: nextIndex: updateUnconditionally 47 -> 45
2020-06-09 10:47:43,159 [grpc-default-executor-5] WARN  server.GrpcLogAppender (LogUtils.java:warn(122)) - omNode-1@group-523986131536->omNode-2-AppendLogResponseHandler: Failed appendEntries: org.apache.ratis.thirdparty.io.grpc.StatusRuntimeException: UNAVAILABLE: io exception
2020-06-09 10:47:43,159 [grpc-default-executor-5] INFO  impl.FollowerInfo (FollowerInfo.java:lambda$new$0(51)) - omNode-1@group-523986131536->omNode-2: nextIndex: updateUnconditionally 48 -> 45
2020-06-09 10:47:43,161 [grpc-default-executor-4] WARN  server.GrpcLogAppender (LogUtils.java:warn(122)) - omNode-1@group-523986131536->omNode-2-AppendLogResponseHandler: Failed appendEntries: org.apache.ratis.thirdparty.io.grpc.StatusRuntimeException: UNAVAILABLE: io exception
2020-06-09 10:47:43,161 [grpc-default-executor-4] INFO  impl.FollowerInfo (FollowerInfo.java:lambda$new$0(51)) - omNode-1@group-523986131536->omNode-2: nextIndex: updateUnconditionally 49 -> 45
2020-06-09 10:47:43,164 [grpc-default-executor-5] WARN  server.GrpcLogAppender (LogUtils.java:warn(122)) - omNode-1@group-523986131536->omNode-2-AppendLogResponseHandler: Failed appendEntries: org.apache.ratis.thirdparty.io.grpc.StatusRuntimeException: UNAVAILABLE: io exception
2020-06-09 10:47:43,165 [grpc-default-executor-5] INFO  impl.FollowerInfo (FollowerInfo.java:lambda$new$0(51)) - omNode-1@group-523986131536->omNode-2: nextIndex: updateUnconditionally 50 -> 45
2020-06-09 10:47:43,167 [grpc-default-executor-2] WARN  server.GrpcLogAppender (LogUtils.java:warn(122)) - omNode-1@group-523986131536->omNode-2-AppendLogResponseHandler: Failed appendEntries: org.apache.ratis.thirdparty.io.grpc.StatusRuntimeException: UNAVAILABLE: io exception
2020-06-09 10:47:43,168 [grpc-default-executor-2] INFO  impl.FollowerInfo (FollowerInfo.java:lambda$new$0(51)) - omNode-1@group-523986131536->omNode-2: nextIndex: updateUnconditionally 50 -> 45
2020-06-09 10:47:43,168 [omNode-1@group-523986131536-StateMachineUpdater] INFO  ratis.OzoneManagerStateMachine (OzoneManagerStateMachine.java:takeSnapshot(350)) - Saving Ratis snapshot on the OM.
2020-06-09 10:47:43,169 [omNode-1@group-523986131536-StateMachineUpdater] INFO  ratis.OMRatisSnapshotInfo (OMRatisSnapshotInfo.java:saveRatisSnapshotToDisk(105)) - Saved Ratis Snapshot on the OM with snapshotIndex (t:1, i:48)
2020-06-09 10:47:43,169 [omNode-1@group-523986131536-StateMachineUpdater] INFO  impl.StateMachineUpdater (StateMachineUpdater.java:takeSnapshot(277)) - omNode-1@group-523986131536-StateMachineUpdater: Took a snapshot at index 48
2020-06-09 10:47:43,169 [omNode-1@group-523986131536-StateMachineUpdater] INFO  impl.StateMachineUpdater (StateMachineUpdater.java:lambda$new$0(87)) - omNode-1@group-523986131536-StateMachineUpdater: snapshotIndex: updateIncreasingly -1 -> 48
2020-06-09 10:47:43,170 [grpc-default-executor-4] WARN  server.GrpcLogAppender (LogUtils.java:warn(122)) - omNode-1@group-523986131536->omNode-2-AppendLogResponseHandler: Failed appendEntries: org.apache.ratis.thirdparty.io.grpc.StatusRuntimeException: UNAVAILABLE: io exception
2020-06-09 10:47:43,170 [grpc-default-executor-4] INFO  impl.FollowerInfo (FollowerInfo.java:lambda$new$0(51)) - omNode-1@group-523986131536->omNode-2: nextIndex: updateUnconditionally 51 -> 45
2020-06-09 10:47:43,174 [grpc-default-executor-4] WARN  server.GrpcLogAppender (LogUtils.java:warn(122)) - omNode-1@group-523986131536->omNode-2-AppendLogResponseHandler: Failed appendEntries: org.apache.ratis.thirdparty.io.grpc.StatusRuntimeException: UNAVAILABLE: io exception
2020-06-09 10:47:43,175 [grpc-default-executor-4] INFO  impl.FollowerInfo (FollowerInfo.java:lambda$new$0(51)) - omNode-1@group-523986131536->omNode-2: nextIndex: updateUnconditionally 51 -> 45
2020-06-09 10:47:43,177 [omNode-3@group-523986131536-StateMachineUpdater] INFO  ratis.OzoneManagerStateMachine (OzoneManagerStateMachine.java:takeSnapshot(350)) - Saving Ratis snapshot on the OM.
2020-06-09 10:47:43,177 [omNode-3@group-523986131536-StateMachineUpdater] INFO  ratis.OMRatisSnapshotInfo (OMRatisSnapshotInfo.java:saveRatisSnapshotToDisk(105)) - Saved Ratis Snapshot on the OM with snapshotIndex (t:1, i:49)
2020-06-09 10:47:43,177 [omNode-3@group-523986131536-StateMachineUpdater] INFO  impl.StateMachineUpdater (StateMachineUpdater.java:takeSnapshot(277)) - omNode-3@group-523986131536-StateMachineUpdater: Took a snapshot at index 49
2020-06-09 10:47:43,177 [omNode-3@group-523986131536-StateMachineUpdater] INFO  impl.StateMachineUpdater (StateMachineUpdater.java:lambda$new$0(87)) - omNode-3@group-523986131536-StateMachineUpdater: snapshotIndex: updateIncreasingly -1 -> 49
2020-06-09 10:47:43,181 [grpc-default-executor-4] WARN  server.GrpcLogAppender (LogUtils.java:warn(122)) - omNode-1@group-523986131536->omNode-2-AppendLogResponseHandler: Failed appendEntries: org.apache.ratis.thirdparty.io.grpc.StatusRuntimeException: UNAVAILABLE: io exception
2020-06-09 10:47:43,181 [grpc-default-executor-4] INFO  impl.FollowerInfo (FollowerInfo.java:lambda$new$0(51)) - omNode-1@group-523986131536->omNode-2: nextIndex: updateUnconditionally 52 -> 45
2020-06-09 10:47:43,185 [grpc-default-executor-5] WARN  server.GrpcLogAppender (LogUtils.java:warn(122)) - omNode-1@group-523986131536->omNode-2-AppendLogResponseHandler: Failed appendEntries: org.apache.ratis.thirdparty.io.grpc.StatusRuntimeException: UNAVAILABLE: io exception
2020-06-09 10:47:43,185 [grpc-default-executor-5] INFO  impl.FollowerInfo (FollowerInfo.java:lambda$new$0(51)) - omNode-1@group-523986131536->omNode-2: nextIndex: updateUnconditionally 53 -> 45
2020-06-09 10:47:43,188 [grpc-default-executor-2] WARN  server.GrpcLogAppender (LogUtils.java:warn(122)) - omNode-1@group-523986131536->omNode-2-AppendLogResponseHandler: Failed appendEntries: org.apache.ratis.thirdparty.io.grpc.StatusRuntimeException: UNAVAILABLE: io exception
2020-06-09 10:47:43,189 [grpc-default-executor-2] INFO  impl.FollowerInfo (FollowerInfo.java:lambda$new$0(51)) - omNode-1@group-523986131536->omNode-2: nextIndex: updateUnconditionally 54 -> 45
2020-06-09 10:47:43,191 [grpc-default-executor-2] WARN  server.GrpcLogAppender (LogUtils.java:warn(122)) - omNode-1@group-523986131536->omNode-2-AppendLogResponseHandler: Failed appendEntries: org.apache.ratis.thirdparty.io.grpc.StatusRuntimeException: UNAVAILABLE: io exception
2020-06-09 10:47:43,191 [grpc-default-executor-2] INFO  impl.FollowerInfo (FollowerInfo.java:lambda$new$0(51)) - omNode-1@group-523986131536->omNode-2: nextIndex: updateUnconditionally 54 -> 45
2020-06-09 10:47:43,195 [grpc-default-executor-5] WARN  server.GrpcLogAppender (LogUtils.java:warn(122)) - omNode-1@group-523986131536->omNode-2-AppendLogResponseHandler: Failed appendEntries: org.apache.ratis.thirdparty.io.grpc.StatusRuntimeException: UNAVAILABLE: io exception
2020-06-09 10:47:43,195 [grpc-default-executor-5] INFO  impl.FollowerInfo (FollowerInfo.java:lambda$new$0(51)) - omNode-1@group-523986131536->omNode-2: nextIndex: updateUnconditionally 55 -> 45
2020-06-09 10:47:43,203 [grpc-default-executor-2] WARN  server.GrpcLogAppender (LogUtils.java:warn(122)) - omNode-1@group-523986131536->omNode-2-AppendLogResponseHandler: Failed appendEntries: org.apache.ratis.thirdparty.io.grpc.StatusRuntimeException: UNAVAILABLE: io exception
2020-06-09 10:47:43,203 [grpc-default-executor-2] INFO  impl.FollowerInfo (FollowerInfo.java:lambda$new$0(51)) - omNode-1@group-523986131536->omNode-2: nextIndex: updateUnconditionally 55 -> 45
2020-06-09 10:47:43,211 [grpc-default-executor-4] WARN  server.GrpcLogAppender (LogUtils.java:warn(122)) - omNode-1@group-523986131536->omNode-2-AppendLogResponseHandler: Failed appendEntries: org.apache.ratis.thirdparty.io.grpc.StatusRuntimeException: UNAVAILABLE: io exception
2020-06-09 10:47:43,211 [grpc-default-executor-4] INFO  impl.FollowerInfo (FollowerInfo.java:lambda$new$0(51)) - omNode-1@group-523986131536->omNode-2: nextIndex: updateUnconditionally 56 -> 45
2020-06-09 10:47:43,216 [grpc-default-executor-2] WARN  server.GrpcLogAppender (LogUtils.java:warn(122)) - omNode-1@group-523986131536->omNode-2-AppendLogResponseHandler: Failed appendEntries: org.apache.ratis.thirdparty.io.grpc.StatusRuntimeException: UNAVAILABLE: io exception
2020-06-09 10:47:43,217 [grpc-default-executor-2] INFO  impl.FollowerInfo (FollowerInfo.java:lambda$new$0(51)) - omNode-1@group-523986131536->omNode-2: nextIndex: updateUnconditionally 57 -> 45
2020-06-09 10:47:43,221 [grpc-default-executor-4] WARN  server.GrpcLogAppender (LogUtils.java:warn(122)) - omNode-1@group-523986131536->omNode-2-AppendLogResponseHandler: Failed appendEntries: org.apache.ratis.thirdparty.io.grpc.StatusRuntimeException: UNAVAILABLE: io exception
2020-06-09 10:47:43,221 [grpc-default-executor-4] INFO  impl.FollowerInfo (FollowerInfo.java:lambda$new$0(51)) - omNode-1@group-523986131536->omNode-2: nextIndex: updateUnconditionally 58 -> 45
2020-06-09 10:47:43,232 [grpc-default-executor-5] WARN  server.GrpcLogAppender (LogUtils.java:warn(122)) - omNode-1@group-523986131536->omNode-2-AppendLogResponseHandler: Failed appendEntries: org.apache.ratis.thirdparty.io.grpc.StatusRuntimeException: UNAVAILABLE: io exception
2020-06-09 10:47:43,232 [grpc-default-executor-5] INFO  impl.FollowerInfo (FollowerInfo.java:lambda$new$0(51)) - omNode-1@group-523986131536->omNode-2: nextIndex: updateUnconditionally 58 -> 45
2020-06-09 10:47:43,255 [grpc-default-executor-4] WARN  server.GrpcLogAppender (LogUtils.java:warn(122)) - omNode-1@group-523986131536->omNode-2-AppendLogResponseHandler: Failed appendEntries: org.apache.ratis.thirdparty.io.grpc.StatusRuntimeException: UNAVAILABLE: io exception
2020-06-09 10:47:43,255 [grpc-default-executor-4] INFO  impl.FollowerInfo (FollowerInfo.java:lambda$new$0(51)) - omNode-1@group-523986131536->omNode-2: nextIndex: updateUnconditionally 59 -> 45
2020-06-09 10:47:43,263 [grpc-default-executor-4] WARN  server.GrpcLogAppender (LogUtils.java:warn(122)) - omNode-1@group-523986131536->omNode-2-AppendLogResponseHandler: Failed appendEntries: org.apache.ratis.thirdparty.io.grpc.StatusRuntimeException: UNAVAILABLE: io exception
2020-06-09 10:47:43,263 [grpc-default-executor-4] INFO  impl.FollowerInfo (FollowerInfo.java:lambda$new$0(51)) - omNode-1@group-523986131536->omNode-2: nextIndex: updateUnconditionally 60 -> 45
2020-06-09 10:47:43,266 [grpc-default-executor-2] WARN  server.GrpcLogAppender (LogUtils.java:warn(122)) - omNode-1@group-523986131536->omNode-2-AppendLogResponseHandler: Failed appendEntries: org.apache.ratis.thirdparty.io.grpc.StatusRuntimeException: UNAVAILABLE: io exception
2020-06-09 10:47:43,266 [grpc-default-executor-2] INFO  impl.FollowerInfo (FollowerInfo.java:lambda$new$0(51)) - omNode-1@group-523986131536->omNode-2: nextIndex: updateUnconditionally 62 -> 45
2020-06-09 10:47:43,268 [grpc-default-executor-4] WARN  server.GrpcLogAppender (LogUtils.java:warn(122)) - omNode-1@group-523986131536->omNode-2-AppendLogResponseHandler: Failed appendEntries: org.apache.ratis.thirdparty.io.grpc.StatusRuntimeException: UNAVAILABLE: io exception
2020-06-09 10:47:43,268 [grpc-default-executor-4] INFO  impl.FollowerInfo (FollowerInfo.java:lambda$new$0(51)) - omNode-1@group-523986131536->omNode-2: nextIndex: updateUnconditionally 63 -> 45
2020-06-09 10:47:43,273 [grpc-default-executor-3] WARN  server.GrpcLogAppender (LogUtils.java:warn(122)) - omNode-1@group-523986131536->omNode-2-AppendLogResponseHandler: Failed appendEntries: org.apache.ratis.thirdparty.io.grpc.StatusRuntimeException: UNAVAILABLE: io exception
2020-06-09 10:47:43,273 [grpc-default-executor-3] INFO  impl.FollowerInfo (FollowerInfo.java:lambda$new$0(51)) - omNode-1@group-523986131536->omNode-2: nextIndex: updateUnconditionally 63 -> 45
2020-06-09 10:47:43,278 [grpc-default-executor-2] WARN  server.GrpcLogAppender (LogUtils.java:warn(122)) - omNode-1@group-523986131536->omNode-2-AppendLogResponseHandler: Failed appendEntries: org.apache.ratis.thirdparty.io.grpc.StatusRuntimeException: UNAVAILABLE: io exception
2020-06-09 10:47:43,278 [grpc-default-executor-2] INFO  impl.FollowerInfo (FollowerInfo.java:lambda$new$0(51)) - omNode-1@group-523986131536->omNode-2: nextIndex: updateUnconditionally 64 -> 45
2020-06-09 10:47:43,282 [grpc-default-executor-4] WARN  server.GrpcLogAppender (LogUtils.java:warn(122)) - omNode-1@group-523986131536->omNode-2-AppendLogResponseHandler: Failed appendEntries: org.apache.ratis.thirdparty.io.grpc.StatusRuntimeException: UNAVAILABLE: io exception
2020-06-09 10:47:43,282 [grpc-default-executor-4] INFO  impl.FollowerInfo (FollowerInfo.java:lambda$new$0(51)) - omNode-1@group-523986131536->omNode-2: nextIndex: updateUnconditionally 66 -> 45
2020-06-09 10:47:43,284 [grpc-default-executor-4] WARN  server.GrpcLogAppender (LogUtils.java:warn(122)) - omNode-1@group-523986131536->omNode-2-AppendLogResponseHandler: Failed appendEntries: org.apache.ratis.thirdparty.io.grpc.StatusRuntimeException: UNAVAILABLE: io exception
2020-06-09 10:47:43,284 [grpc-default-executor-4] INFO  impl.FollowerInfo (FollowerInfo.java:lambda$new$0(51)) - omNode-1@group-523986131536->omNode-2: nextIndex: updateUnconditionally 66 -> 45
2020-06-09 10:47:43,288 [grpc-default-executor-3] WARN  server.GrpcLogAppender (LogUtils.java:warn(122)) - omNode-1@group-523986131536->omNode-2-AppendLogResponseHandler: Failed appendEntries: org.apache.ratis.thirdparty.io.grpc.StatusRuntimeException: UNAVAILABLE: io exception
2020-06-09 10:47:43,288 [grpc-default-executor-3] INFO  impl.FollowerInfo (FollowerInfo.java:lambda$new$0(51)) - omNode-1@group-523986131536->omNode-2: nextIndex: updateUnconditionally 67 -> 45
2020-06-09 10:47:43,292 [grpc-default-executor-4] WARN  server.GrpcLogAppender (LogUtils.java:warn(122)) - omNode-1@group-523986131536->omNode-2-AppendLogResponseHandler: Failed appendEntries: org.apache.ratis.thirdparty.io.grpc.StatusRuntimeException: UNAVAILABLE: io exception
2020-06-09 10:47:43,292 [grpc-default-executor-4] INFO  impl.FollowerInfo (FollowerInfo.java:lambda$new$0(51)) - omNode-1@group-523986131536->omNode-2: nextIndex: updateUnconditionally 67 -> 45
2020-06-09 10:47:43,302 [grpc-default-executor-3] WARN  server.GrpcLogAppender (LogUtils.java:warn(122)) - omNode-1@group-523986131536->omNode-2-AppendLogResponseHandler: Failed appendEntries: org.apache.ratis.thirdparty.io.grpc.StatusRuntimeException: UNAVAILABLE: io exception
2020-06-09 10:47:43,302 [grpc-default-executor-3] INFO  impl.FollowerInfo (FollowerInfo.java:lambda$new$0(51)) - omNode-1@group-523986131536->omNode-2: nextIndex: updateUnconditionally 68 -> 45
2020-06-09 10:47:43,306 [grpc-default-executor-4] WARN  server.GrpcLogAppender (LogUtils.java:warn(122)) - omNode-1@group-523986131536->omNode-2-AppendLogResponseHandler: Failed appendEntries: org.apache.ratis.thirdparty.io.grpc.StatusRuntimeException: UNAVAILABLE: io exception
2020-06-09 10:47:43,307 [grpc-default-executor-4] INFO  impl.FollowerInfo (FollowerInfo.java:lambda$new$0(51)) - omNode-1@group-523986131536->omNode-2: nextIndex: updateUnconditionally 69 -> 45
2020-06-09 10:47:43,309 [grpc-default-executor-3] WARN  server.GrpcLogAppender (LogUtils.java:warn(122)) - omNode-1@group-523986131536->omNode-2-AppendLogResponseHandler: Failed appendEntries: org.apache.ratis.thirdparty.io.grpc.StatusRuntimeException: UNAVAILABLE: io exception
2020-06-09 10:47:43,310 [grpc-default-executor-3] INFO  impl.FollowerInfo (FollowerInfo.java:lambda$new$0(51)) - omNode-1@group-523986131536->omNode-2: nextIndex: updateUnconditionally 70 -> 45
2020-06-09 10:47:43,313 [grpc-default-executor-2] WARN  server.GrpcLogAppender (LogUtils.java:warn(122)) - omNode-1@group-523986131536->omNode-2-AppendLogResponseHandler: Failed appendEntries: org.apache.ratis.thirdparty.io.grpc.StatusRuntimeException: UNAVAILABLE: io exception
2020-06-09 10:47:43,313 [grpc-default-executor-2] INFO  impl.FollowerInfo (FollowerInfo.java:lambda$new$0(51)) - omNode-1@group-523986131536->omNode-2: nextIndex: updateUnconditionally 71 -> 45
2020-06-09 10:47:43,317 [grpc-default-executor-2] WARN  server.GrpcLogAppender (LogUtils.java:warn(122)) - omNode-1@group-523986131536->omNode-2-AppendLogResponseHandler: Failed appendEntries: org.apache.ratis.thirdparty.io.grpc.StatusRuntimeException: UNAVAILABLE: io exception
2020-06-09 10:47:43,317 [grpc-default-executor-2] INFO  impl.FollowerInfo (FollowerInfo.java:lambda$new$0(51)) - omNode-1@group-523986131536->omNode-2: nextIndex: updateUnconditionally 71 -> 45
2020-06-09 10:47:43,320 [grpc-default-executor-2] WARN  server.GrpcLogAppender (LogUtils.java:warn(122)) - omNode-1@group-523986131536->omNode-2-AppendLogResponseHandler: Failed appendEntries: org.apache.ratis.thirdparty.io.grpc.StatusRuntimeException: UNAVAILABLE: io exception
2020-06-09 10:47:43,320 [grpc-default-executor-2] INFO  impl.FollowerInfo (FollowerInfo.java:lambda$new$0(51)) - omNode-1@group-523986131536->omNode-2: nextIndex: updateUnconditionally 72 -> 45
2020-06-09 10:47:43,326 [grpc-default-executor-4] WARN  server.GrpcLogAppender (LogUtils.java:warn(122)) - omNode-1@group-523986131536->omNode-2-AppendLogResponseHandler: Failed appendEntries: org.apache.ratis.thirdparty.io.grpc.StatusRuntimeException: UNAVAILABLE: io exception
2020-06-09 10:47:43,327 [grpc-default-executor-4] INFO  impl.FollowerInfo (FollowerInfo.java:lambda$new$0(51)) - omNode-1@group-523986131536->omNode-2: nextIndex: updateUnconditionally 73 -> 45
2020-06-09 10:47:43,334 [grpc-default-executor-3] WARN  server.GrpcLogAppender (LogUtils.java:warn(122)) - omNode-1@group-523986131536->omNode-2-AppendLogResponseHandler: Failed appendEntries: org.apache.ratis.thirdparty.io.grpc.StatusRuntimeException: UNAVAILABLE: io exception
2020-06-09 10:47:43,334 [grpc-default-executor-3] INFO  impl.FollowerInfo (FollowerInfo.java:lambda$new$0(51)) - omNode-1@group-523986131536->omNode-2: nextIndex: updateUnconditionally 74 -> 45
2020-06-09 10:47:43,341 [grpc-default-executor-2] WARN  server.GrpcLogAppender (LogUtils.java:warn(122)) - omNode-1@group-523986131536->omNode-2-AppendLogResponseHandler: Failed appendEntries: org.apache.ratis.thirdparty.io.grpc.StatusRuntimeException: UNAVAILABLE: io exception
2020-06-09 10:47:43,341 [grpc-default-executor-2] INFO  impl.FollowerInfo (FollowerInfo.java:lambda$new$0(51)) - omNode-1@group-523986131536->omNode-2: nextIndex: updateUnconditionally 76 -> 45
2020-06-09 10:47:43,345 [IPC Server handler 10 on default port 11520] INFO  segmented.SegmentedRaftLogWorker (SegmentedRaftLogWorker.java:rollLogSegment(402)) - omNode-1@group-523986131536-SegmentedRaftLogWorker: Rolling segment log-0_76 to index:76
2020-06-09 10:47:43,346 [grpc-default-executor-3] WARN  server.GrpcLogAppender (LogUtils.java:warn(122)) - omNode-1@group-523986131536->omNode-2-AppendLogResponseHandler: Failed appendEntries: org.apache.ratis.thirdparty.io.grpc.StatusRuntimeException: UNAVAILABLE: io exception
2020-06-09 10:47:43,346 [grpc-default-executor-3] INFO  impl.FollowerInfo (FollowerInfo.java:lambda$new$0(51)) - omNode-1@group-523986131536->omNode-2: nextIndex: updateUnconditionally 77 -> 45
2020-06-09 10:47:43,350 [omNode-1@group-523986131536-SegmentedRaftLogWorker] INFO  segmented.SegmentedRaftLogWorker (SegmentedRaftLogWorker.java:execute(553)) - omNode-1@group-523986131536-SegmentedRaftLogWorker: Rolled log segment from /github/workspace/mnt/ozone/hadoop-ozone/integration-test/target/test-dir/MiniOzoneClusterImpl-428de9cd-98e2-485e-b164-55ba4e728ea0/omNode-1/ratis/c9bc4cf4-3bc3-3c60-a66b-523986131536/current/log_inprogress_0 to /github/workspace/mnt/ozone/hadoop-ozone/integration-test/target/test-dir/MiniOzoneClusterImpl-428de9cd-98e2-485e-b164-55ba4e728ea0/omNode-1/ratis/c9bc4cf4-3bc3-3c60-a66b-523986131536/current/log_0-76
2020-06-09 10:47:43,351 [grpc-default-executor-3] INFO  segmented.SegmentedRaftLogWorker (SegmentedRaftLogWorker.java:rollLogSegment(402)) - omNode-3@group-523986131536-SegmentedRaftLogWorker: Rolling segment log-0_76 to index:76
2020-06-09 10:47:43,351 [omNode-1@group-523986131536-SegmentedRaftLogWorker] INFO  segmented.SegmentedRaftLogWorker (SegmentedRaftLogWorker.java:execute(596)) - omNode-1@group-523986131536-SegmentedRaftLogWorker: created new log segment /github/workspace/mnt/ozone/hadoop-ozone/integration-test/target/test-dir/MiniOzoneClusterImpl-428de9cd-98e2-485e-b164-55ba4e728ea0/omNode-1/ratis/c9bc4cf4-3bc3-3c60-a66b-523986131536/current/log_inprogress_77
2020-06-09 10:47:43,352 [omNode-3@group-523986131536-SegmentedRaftLogWorker] INFO  segmented.SegmentedRaftLogWorker (SegmentedRaftLogWorker.java:execute(553)) - omNode-3@group-523986131536-SegmentedRaftLogWorker: Rolled log segment from /github/workspace/mnt/ozone/hadoop-ozone/integration-test/target/test-dir/MiniOzoneClusterImpl-428de9cd-98e2-485e-b164-55ba4e728ea0/omNode-3/ratis/c9bc4cf4-3bc3-3c60-a66b-523986131536/current/log_inprogress_0 to /github/workspace/mnt/ozone/hadoop-ozone/integration-test/target/test-dir/MiniOzoneClusterImpl-428de9cd-98e2-485e-b164-55ba4e728ea0/omNode-3/ratis/c9bc4cf4-3bc3-3c60-a66b-523986131536/current/log_0-76
2020-06-09 10:47:43,354 [omNode-3@group-523986131536-SegmentedRaftLogWorker] INFO  segmented.SegmentedRaftLogWorker (SegmentedRaftLogWorker.java:execute(596)) - omNode-3@group-523986131536-SegmentedRaftLogWorker: created new log segment /github/workspace/mnt/ozone/hadoop-ozone/integration-test/target/test-dir/MiniOzoneClusterImpl-428de9cd-98e2-485e-b164-55ba4e728ea0/omNode-3/ratis/c9bc4cf4-3bc3-3c60-a66b-523986131536/current/log_inprogress_77
2020-06-09 10:47:43,364 [grpc-default-executor-3] WARN  server.GrpcLogAppender (LogUtils.java:warn(122)) - omNode-1@group-523986131536->omNode-2-AppendLogResponseHandler: Failed appendEntries: org.apache.ratis.thirdparty.io.grpc.StatusRuntimeException: UNAVAILABLE: io exception
2020-06-09 10:47:43,364 [grpc-default-executor-3] INFO  impl.FollowerInfo (FollowerInfo.java:lambda$new$0(51)) - omNode-1@group-523986131536->omNode-2: nextIndex: updateUnconditionally 78 -> 45
2020-06-09 10:47:43,368 [grpc-default-executor-2] WARN  server.GrpcLogAppender (LogUtils.java:warn(122)) - omNode-1@group-523986131536->omNode-2-AppendLogResponseHandler: Failed appendEntries: org.apache.ratis.thirdparty.io.grpc.StatusRuntimeException: UNAVAILABLE: io exception
2020-06-09 10:47:43,368 [grpc-default-executor-2] INFO  impl.FollowerInfo (FollowerInfo.java:lambda$new$0(51)) - omNode-1@group-523986131536->omNode-2: nextIndex: updateUnconditionally 79 -> 45
2020-06-09 10:47:43,372 [grpc-default-executor-3] WARN  server.GrpcLogAppender (LogUtils.java:warn(122)) - omNode-1@group-523986131536->omNode-2-AppendLogResponseHandler: Failed appendEntries: org.apache.ratis.thirdparty.io.grpc.StatusRuntimeException: UNAVAILABLE: io exception
2020-06-09 10:47:43,372 [grpc-default-executor-3] INFO  impl.FollowerInfo (FollowerInfo.java:lambda$new$0(51)) - omNode-1@group-523986131536->omNode-2: nextIndex: updateUnconditionally 79 -> 45
2020-06-09 10:47:43,385 [grpc-default-executor-3] WARN  server.GrpcLogAppender (LogUtils.java:warn(122)) - omNode-1@group-523986131536->omNode-2-AppendLogResponseHandler: Failed appendEntries: org.apache.ratis.thirdparty.io.grpc.StatusRuntimeException: UNAVAILABLE: io exception
2020-06-09 10:47:43,385 [grpc-default-executor-3] INFO  impl.FollowerInfo (FollowerInfo.java:lambda$new$0(51)) - omNode-1@group-523986131536->omNode-2: nextIndex: updateUnconditionally 80 -> 45
2020-06-09 10:47:43,389 [grpc-default-executor-2] WARN  server.GrpcLogAppender (LogUtils.java:warn(122)) - omNode-1@group-523986131536->omNode-2-AppendLogResponseHandler: Failed appendEntries: org.apache.ratis.thirdparty.io.grpc.StatusRuntimeException: UNAVAILABLE: io exception
2020-06-09 10:47:43,389 [grpc-default-executor-2] INFO  impl.FollowerInfo (FollowerInfo.java:lambda$new$0(51)) - omNode-1@group-523986131536->omNode-2: nextIndex: updateUnconditionally 81 -> 45
2020-06-09 10:47:43,391 [grpc-default-executor-3] WARN  server.GrpcLogAppender (LogUtils.java:warn(122)) - omNode-1@group-523986131536->omNode-2-AppendLogResponseHandler: Failed appendEntries: org.apache.ratis.thirdparty.io.grpc.StatusRuntimeException: UNAVAILABLE: io exception
2020-06-09 10:47:43,392 [grpc-default-executor-3] INFO  impl.FollowerInfo (FollowerInfo.java:lambda$new$0(51)) - omNode-1@group-523986131536->omNode-2: nextIndex: updateUnconditionally 82 -> 45
2020-06-09 10:47:43,394 [grpc-default-executor-2] WARN  server.GrpcLogAppender (LogUtils.java:warn(122)) - omNode-1@group-523986131536->omNode-2-AppendLogResponseHandler: Failed appendEntries: org.apache.ratis.thirdparty.io.grpc.StatusRuntimeException: UNAVAILABLE: io exception
2020-06-09 10:47:43,395 [grpc-default-executor-2] INFO  impl.FollowerInfo (FollowerInfo.java:lambda$new$0(51)) - omNode-1@group-523986131536->omNode-2: nextIndex: updateUnconditionally 82 -> 45
2020-06-09 10:47:43,398 [grpc-default-executor-3] WARN  server.GrpcLogAppender (LogUtils.java:warn(122)) - omNode-1@group-523986131536->omNode-2-AppendLogResponseHandler: Failed appendEntries: org.apache.ratis.thirdparty.io.grpc.StatusRuntimeException: UNAVAILABLE: io exception
2020-06-09 10:47:43,398 [grpc-default-executor-3] INFO  impl.FollowerInfo (FollowerInfo.java:lambda$new$0(51)) - omNode-1@group-523986131536->omNode-2: nextIndex: updateUnconditionally 83 -> 45
2020-06-09 10:47:43,402 [grpc-default-executor-3] WARN  server.GrpcLogAppender (LogUtils.java:warn(122)) - omNode-1@group-523986131536->omNode-2-AppendLogResponseHandler: Failed appendEntries: org.apache.ratis.thirdparty.io.grpc.StatusRuntimeException: UNAVAILABLE: io exception
2020-06-09 10:47:43,402 [grpc-default-executor-3] INFO  impl.FollowerInfo (FollowerInfo.java:lambda$new$0(51)) - omNode-1@group-523986131536->omNode-2: nextIndex: updateUnconditionally 83 -> 45
2020-06-09 10:47:43,407 [grpc-default-executor-3] WARN  server.GrpcLogAppender (LogUtils.java:warn(122)) - omNode-1@group-523986131536->omNode-2-AppendLogResponseHandler: Failed appendEntries: org.apache.ratis.thirdparty.io.grpc.StatusRuntimeException: UNAVAILABLE: io exception
2020-06-09 10:47:43,407 [grpc-default-executor-3] INFO  impl.FollowerInfo (FollowerInfo.java:lambda$new$0(51)) - omNode-1@group-523986131536->omNode-2: nextIndex: updateUnconditionally 84 -> 45
2020-06-09 10:47:43,410 [grpc-default-executor-4] WARN  server.GrpcLogAppender (LogUtils.java:warn(122)) - omNode-1@group-523986131536->omNode-2-AppendLogResponseHandler: Failed appendEntries: org.apache.ratis.thirdparty.io.grpc.StatusRuntimeException: UNAVAILABLE: io exception
2020-06-09 10:47:43,410 [grpc-default-executor-4] INFO  impl.FollowerInfo (FollowerInfo.java:lambda$new$0(51)) - omNode-1@group-523986131536->omNode-2: nextIndex: updateUnconditionally 85 -> 45
2020-06-09 10:47:43,412 [grpc-default-executor-4] WARN  server.GrpcLogAppender (LogUtils.java:warn(122)) - omNode-1@group-523986131536->omNode-2-AppendLogResponseHandler: Failed appendEntries: org.apache.ratis.thirdparty.io.grpc.StatusRuntimeException: UNAVAILABLE: io exception
2020-06-09 10:47:43,412 [grpc-default-executor-4] INFO  impl.FollowerInfo (FollowerInfo.java:lambda$new$0(51)) - omNode-1@group-523986131536->omNode-2: nextIndex: updateUnconditionally 86 -> 45
2020-06-09 10:47:43,421 [grpc-default-executor-3] WARN  server.GrpcLogAppender (LogUtils.java:warn(122)) - omNode-1@group-523986131536->omNode-2-AppendLogResponseHandler: Failed appendEntries: org.apache.ratis.thirdparty.io.grpc.StatusRuntimeException: UNAVAILABLE: io exception
2020-06-09 10:47:43,422 [grpc-default-executor-3] INFO  impl.FollowerInfo (FollowerInfo.java:lambda$new$0(51)) - omNode-1@group-523986131536->omNode-2: nextIndex: updateUnconditionally 86 -> 45
2020-06-09 10:47:43,424 [grpc-default-executor-2] WARN  server.GrpcLogAppender (LogUtils.java:warn(122)) - omNode-1@group-523986131536->omNode-2-AppendLogResponseHandler: Failed appendEntries: org.apache.ratis.thirdparty.io.grpc.StatusRuntimeException: UNAVAILABLE: io exception
2020-06-09 10:47:43,424 [grpc-default-executor-2] INFO  impl.FollowerInfo (FollowerInfo.java:lambda$new$0(51)) - omNode-1@group-523986131536->omNode-2: nextIndex: updateUnconditionally 87 -> 45
2020-06-09 10:47:43,433 [grpc-default-executor-2] WARN  server.GrpcLogAppender (LogUtils.java:warn(122)) - omNode-1@group-523986131536->omNode-2-AppendLogResponseHandler: Failed appendEntries: org.apache.ratis.thirdparty.io.grpc.StatusRuntimeException: UNAVAILABLE: io exception
2020-06-09 10:47:43,433 [grpc-default-executor-2] INFO  impl.FollowerInfo (FollowerInfo.java:lambda$new$0(51)) - omNode-1@group-523986131536->omNode-2: nextIndex: updateUnconditionally 88 -> 45
2020-06-09 10:47:43,436 [grpc-default-executor-4] WARN  server.GrpcLogAppender (LogUtils.java:warn(122)) - omNode-1@group-523986131536->omNode-2-AppendLogResponseHandler: Failed appendEntries: org.apache.ratis.thirdparty.io.grpc.StatusRuntimeException: UNAVAILABLE: io exception
2020-06-09 10:47:43,436 [grpc-default-executor-4] INFO  impl.FollowerInfo (FollowerInfo.java:lambda$new$0(51)) - omNode-1@group-523986131536->omNode-2: nextIndex: updateUnconditionally 89 -> 45
2020-06-09 10:47:43,438 [grpc-default-executor-3] WARN  server.GrpcLogAppender (LogUtils.java:warn(122)) - omNode-1@group-523986131536->omNode-2-AppendLogResponseHandler: Failed appendEntries: org.apache.ratis.thirdparty.io.grpc.StatusRuntimeException: UNAVAILABLE: io exception
2020-06-09 10:47:43,439 [grpc-default-executor-3] INFO  impl.FollowerInfo (FollowerInfo.java:lambda$new$0(51)) - omNode-1@group-523986131536->omNode-2: nextIndex: updateUnconditionally 90 -> 45
2020-06-09 10:47:43,442 [grpc-default-executor-2] WARN  server.GrpcLogAppender (LogUtils.java:warn(122)) - omNode-1@group-523986131536->omNode-2-AppendLogResponseHandler: Failed appendEntries: org.apache.ratis.thirdparty.io.grpc.StatusRuntimeException: UNAVAILABLE: io exception
2020-06-09 10:47:43,442 [grpc-default-executor-2] INFO  impl.FollowerInfo (FollowerInfo.java:lambda$new$0(51)) - omNode-1@group-523986131536->omNode-2: nextIndex: updateUnconditionally 90 -> 45
2020-06-09 10:47:43,446 [grpc-default-executor-5] WARN  server.GrpcLogAppender (LogUtils.java:warn(122)) - omNode-1@group-523986131536->omNode-2-AppendLogResponseHandler: Failed appendEntries: org.apache.ratis.thirdparty.io.grpc.StatusRuntimeException: UNAVAILABLE: io exception
2020-06-09 10:47:43,446 [grpc-default-executor-5] INFO  impl.FollowerInfo (FollowerInfo.java:lambda$new$0(51)) - omNode-1@group-523986131536->omNode-2: nextIndex: updateUnconditionally 91 -> 45
2020-06-09 10:47:43,451 [grpc-default-executor-4] WARN  server.GrpcLogAppender (LogUtils.java:warn(122)) - omNode-1@group-523986131536->omNode-2-AppendLogResponseHandler: Failed appendEntries: org.apache.ratis.thirdparty.io.grpc.StatusRuntimeException: UNAVAILABLE: io exception
2020-06-09 10:47:43,451 [grpc-default-executor-4] INFO  impl.FollowerInfo (FollowerInfo.java:lambda$new$0(51)) - omNode-1@group-523986131536->omNode-2: nextIndex: updateUnconditionally 92 -> 45
2020-06-09 10:47:43,454 [grpc-default-executor-5] WARN  server.GrpcLogAppender (LogUtils.java:warn(122)) - omNode-1@group-523986131536->omNode-2-AppendLogResponseHandler: Failed appendEntries: org.apache.ratis.thirdparty.io.grpc.StatusRuntimeException: UNAVAILABLE: io exception
2020-06-09 10:47:43,454 [grpc-default-executor-5] INFO  impl.FollowerInfo (FollowerInfo.java:lambda$new$0(51)) - omNode-1@group-523986131536->omNode-2: nextIndex: updateUnconditionally 92 -> 45
2020-06-09 10:47:43,456 [grpc-default-executor-5] WARN  server.GrpcLogAppender (LogUtils.java:warn(122)) - omNode-1@group-523986131536->omNode-2-AppendLogResponseHandler: Failed appendEntries: org.apache.ratis.thirdparty.io.grpc.StatusRuntimeException: UNAVAILABLE: io exception
2020-06-09 10:47:43,456 [grpc-default-executor-5] INFO  impl.FollowerInfo (FollowerInfo.java:lambda$new$0(51)) - omNode-1@group-523986131536->omNode-2: nextIndex: updateUnconditionally 93 -> 45
2020-06-09 10:47:43,461 [grpc-default-executor-4] WARN  server.GrpcLogAppender (LogUtils.java:warn(122)) - omNode-1@group-523986131536->omNode-2-AppendLogResponseHandler: Failed appendEntries: org.apache.ratis.thirdparty.io.grpc.StatusRuntimeException: UNAVAILABLE: io exception
2020-06-09 10:47:43,461 [grpc-default-executor-4] INFO  impl.FollowerInfo (FollowerInfo.java:lambda$new$0(51)) - omNode-1@group-523986131536->omNode-2: nextIndex: updateUnconditionally 94 -> 45
2020-06-09 10:47:43,463 [grpc-default-executor-5] WARN  server.GrpcLogAppender (LogUtils.java:warn(122)) - omNode-1@group-523986131536->omNode-2-AppendLogResponseHandler: Failed appendEntries: org.apache.ratis.thirdparty.io.grpc.StatusRuntimeException: UNAVAILABLE: io exception
2020-06-09 10:47:43,463 [grpc-default-executor-5] INFO  impl.FollowerInfo (FollowerInfo.java:lambda$new$0(51)) - omNode-1@group-523986131536->omNode-2: nextIndex: updateUnconditionally 94 -> 45
2020-06-09 10:47:43,471 [grpc-default-executor-5] WARN  server.GrpcLogAppender (LogUtils.java:warn(122)) - omNode-1@group-523986131536->omNode-2-AppendLogResponseHandler: Failed appendEntries: org.apache.ratis.thirdparty.io.grpc.StatusRuntimeException: UNAVAILABLE: io exception
2020-06-09 10:47:43,471 [grpc-default-executor-5] INFO  impl.FollowerInfo (FollowerInfo.java:lambda$new$0(51)) - omNode-1@group-523986131536->omNode-2: nextIndex: updateUnconditionally 95 -> 45
2020-06-09 10:47:43,481 [grpc-default-executor-4] WARN  server.GrpcLogAppender (LogUtils.java:warn(122)) - omNode-1@group-523986131536->omNode-2-AppendLogResponseHandler: Failed appendEntries: org.apache.ratis.thirdparty.io.grpc.StatusRuntimeException: UNAVAILABLE: io exception
2020-06-09 10:47:43,482 [grpc-default-executor-4] INFO  impl.FollowerInfo (FollowerInfo.java:lambda$new$0(51)) - omNode-1@group-523986131536->omNode-2: nextIndex: updateUnconditionally 96 -> 45
2020-06-09 10:47:43,485 [grpc-default-executor-2] WARN  server.GrpcLogAppender (LogUtils.java:warn(122)) - omNode-1@group-523986131536->omNode-2-AppendLogResponseHandler: Failed appendEntries: org.apache.ratis.thirdparty.io.grpc.StatusRuntimeException: UNAVAILABLE: io exception
2020-06-09 10:47:43,485 [grpc-default-executor-2] INFO  impl.FollowerInfo (FollowerInfo.java:lambda$new$0(51)) - omNode-1@group-523986131536->omNode-2: nextIndex: updateUnconditionally 97 -> 45
2020-06-09 10:47:43,487 [grpc-default-executor-2] WARN  server.GrpcLogAppender (LogUtils.java:warn(122)) - omNode-1@group-523986131536->omNode-2-AppendLogResponseHandler: Failed appendEntries: org.apache.ratis.thirdparty.io.grpc.StatusRuntimeException: UNAVAILABLE: io exception
2020-06-09 10:47:43,488 [grpc-default-executor-2] INFO  impl.FollowerInfo (FollowerInfo.java:lambda$new$0(51)) - omNode-1@group-523986131536->omNode-2: nextIndex: updateUnconditionally 98 -> 45
2020-06-09 10:47:43,492 [grpc-default-executor-4] WARN  server.GrpcLogAppender (LogUtils.java:warn(122)) - omNode-1@group-523986131536->omNode-2-AppendLogResponseHandler: Failed appendEntries: org.apache.ratis.thirdparty.io.grpc.StatusRuntimeException: UNAVAILABLE: io exception
2020-06-09 10:47:43,493 [grpc-default-executor-4] INFO  impl.FollowerInfo (FollowerInfo.java:lambda$new$0(51)) - omNode-1@group-523986131536->omNode-2: nextIndex: updateUnconditionally 98 -> 45
2020-06-09 10:47:43,497 [grpc-default-executor-5] WARN  server.GrpcLogAppender (LogUtils.java:warn(122)) - omNode-1@group-523986131536->omNode-2-AppendLogResponseHandler: Failed appendEntries: org.apache.ratis.thirdparty.io.grpc.StatusRuntimeException: UNAVAILABLE: io exception
2020-06-09 10:47:43,497 [grpc-default-executor-5] INFO  impl.FollowerInfo (FollowerInfo.java:lambda$new$0(51)) - omNode-1@group-523986131536->omNode-2: nextIndex: updateUnconditionally 99 -> 45
2020-06-09 10:47:43,500 [omNode-1@group-523986131536-StateMachineUpdater] INFO  ratis.OzoneManagerStateMachine (OzoneManagerStateMachine.java:takeSnapshot(350)) - Saving Ratis snapshot on the OM.
2020-06-09 10:47:43,501 [omNode-1@group-523986131536-StateMachineUpdater] INFO  ratis.OMRatisSnapshotInfo (OMRatisSnapshotInfo.java:saveRatisSnapshotToDisk(105)) - Saved Ratis Snapshot on the OM with snapshotIndex (t:1, i:98)
2020-06-09 10:47:43,501 [omNode-1@group-523986131536-StateMachineUpdater] INFO  impl.StateMachineUpdater (StateMachineUpdater.java:takeSnapshot(277)) - omNode-1@group-523986131536-StateMachineUpdater: Took a snapshot at index 98
2020-06-09 10:47:43,501 [omNode-1@group-523986131536-StateMachineUpdater] INFO  impl.StateMachineUpdater (StateMachineUpdater.java:lambda$new$0(87)) - omNode-1@group-523986131536-StateMachineUpdater: snapshotIndex: updateIncreasingly 48 -> 98
2020-06-09 10:47:43,503 [grpc-default-executor-4] WARN  server.GrpcLogAppender (LogUtils.java:warn(122)) - omNode-1@group-523986131536->omNode-2-AppendLogResponseHandler: Failed appendEntries: org.apache.ratis.thirdparty.io.grpc.StatusRuntimeException: UNAVAILABLE: io exception
2020-06-09 10:47:43,503 [grpc-default-executor-4] INFO  impl.FollowerInfo (FollowerInfo.java:lambda$new$0(51)) - omNode-1@group-523986131536->omNode-2: nextIndex: updateUnconditionally 99 -> 45
2020-06-09 10:47:43,509 [grpc-default-executor-4] WARN  server.GrpcLogAppender (LogUtils.java:warn(122)) - omNode-1@group-523986131536->omNode-2-AppendLogResponseHandler: Failed appendEntries: org.apache.ratis.thirdparty.io.grpc.StatusRuntimeException: UNAVAILABLE: io exception
2020-06-09 10:47:43,509 [grpc-default-executor-4] INFO  impl.FollowerInfo (FollowerInfo.java:lambda$new$0(51)) - omNode-1@group-523986131536->omNode-2: nextIndex: updateUnconditionally 100 -> 45
2020-06-09 10:47:43,514 [grpc-default-executor-2] WARN  server.GrpcLogAppender (LogUtils.java:warn(122)) - omNode-1@group-523986131536->omNode-2-AppendLogResponseHandler: Failed appendEntries: org.apache.ratis.thirdparty.io.grpc.StatusRuntimeException: UNAVAILABLE: io exception
2020-06-09 10:47:43,514 [grpc-default-executor-2] INFO  impl.FollowerInfo (FollowerInfo.java:lambda$new$0(51)) - omNode-1@group-523986131536->omNode-2: nextIndex: updateUnconditionally 101 -> 45
2020-06-09 10:47:43,518 [grpc-default-executor-5] WARN  server.GrpcLogAppender (LogUtils.java:warn(122)) - omNode-1@group-523986131536->omNode-2-AppendLogResponseHandler: Failed appendEntries: org.apache.ratis.thirdparty.io.grpc.StatusRuntimeException: UNAVAILABLE: io exception
2020-06-09 10:47:43,518 [grpc-default-executor-5] INFO  impl.FollowerInfo (FollowerInfo.java:lambda$new$0(51)) - omNode-1@group-523986131536->omNode-2: nextIndex: updateUnconditionally 102 -> 45
2020-06-09 10:47:43,518 [omNode-3@group-523986131536-StateMachineUpdater] INFO  ratis.OzoneManagerStateMachine (OzoneManagerStateMachine.java:takeSnapshot(350)) - Saving Ratis snapshot on the OM.
2020-06-09 10:47:43,519 [omNode-3@group-523986131536-StateMachineUpdater] INFO  ratis.OMRatisSnapshotInfo (OMRatisSnapshotInfo.java:saveRatisSnapshotToDisk(105)) - Saved Ratis Snapshot on the OM with snapshotIndex (t:1, i:99)
2020-06-09 10:47:43,519 [omNode-3@group-523986131536-StateMachineUpdater] INFO  impl.StateMachineUpdater (StateMachineUpdater.java:takeSnapshot(277)) - omNode-3@group-523986131536-StateMachineUpdater: Took a snapshot at index 99
2020-06-09 10:47:43,519 [omNode-3@group-523986131536-StateMachineUpdater] INFO  impl.StateMachineUpdater (StateMachineUpdater.java:lambda$new$0(87)) - omNode-3@group-523986131536-StateMachineUpdater: snapshotIndex: updateIncreasingly 49 -> 99
2020-06-09 10:47:43,521 [grpc-default-executor-5] WARN  server.GrpcLogAppender (LogUtils.java:warn(122)) - omNode-1@group-523986131536->omNode-2-AppendLogResponseHandler: Failed appendEntries: org.apache.ratis.thirdparty.io.grpc.StatusRuntimeException: UNAVAILABLE: io exception
2020-06-09 10:47:43,521 [grpc-default-executor-5] INFO  impl.FollowerInfo (FollowerInfo.java:lambda$new$0(51)) - omNode-1@group-523986131536->omNode-2: nextIndex: updateUnconditionally 102 -> 45
2020-06-09 10:47:43,530 [grpc-default-executor-5] WARN  server.GrpcLogAppender (LogUtils.java:warn(122)) - omNode-1@group-523986131536->omNode-2-AppendLogResponseHandler: Failed appendEntries: org.apache.ratis.thirdparty.io.grpc.StatusRuntimeException: UNAVAILABLE: io exception
2020-06-09 10:47:43,532 [grpc-default-executor-5] INFO  impl.FollowerInfo (FollowerInfo.java:lambda$new$0(51)) - omNode-1@group-523986131536->omNode-2: nextIndex: updateUnconditionally 103 -> 45
2020-06-09 10:47:43,534 [grpc-default-executor-5] WARN  server.GrpcLogAppender (LogUtils.java:warn(122)) - omNode-1@group-523986131536->omNode-2-AppendLogResponseHandler: Failed appendEntries: org.apache.ratis.thirdparty.io.grpc.StatusRuntimeException: UNAVAILABLE: io exception
2020-06-09 10:47:43,534 [grpc-default-executor-5] INFO  impl.FollowerInfo (FollowerInfo.java:lambda$new$0(51)) - omNode-1@group-523986131536->omNode-2: nextIndex: updateUnconditionally 103 -> 45
2020-06-09 10:47:43,536 [grpc-default-executor-5] WARN  server.GrpcLogAppender (LogUtils.java:warn(122)) - omNode-1@group-523986131536->omNode-2-AppendLogResponseHandler: Failed appendEntries: org.apache.ratis.thirdparty.io.grpc.StatusRuntimeException: UNAVAILABLE: io exception
2020-06-09 10:47:43,536 [grpc-default-executor-5] INFO  impl.FollowerInfo (FollowerInfo.java:lambda$new$0(51)) - omNode-1@group-523986131536->omNode-2: nextIndex: updateUnconditionally 103 -> 45
2020-06-09 10:47:43,539 [grpc-default-executor-5] WARN  server.GrpcLogAppender (LogUtils.java:warn(122)) - omNode-1@group-523986131536->omNode-2-AppendLogResponseHandler: Failed appendEntries: org.apache.ratis.thirdparty.io.grpc.StatusRuntimeException: UNAVAILABLE: io exception
2020-06-09 10:47:43,539 [grpc-default-executor-5] INFO  impl.FollowerInfo (FollowerInfo.java:lambda$new$0(51)) - omNode-1@group-523986131536->omNode-2: nextIndex: updateUnconditionally 103 -> 45
2020-06-09 10:47:43,541 [grpc-default-executor-4] WARN  server.GrpcLogAppender (LogUtils.java:warn(122)) - omNode-1@group-523986131536->omNode-2-AppendLogResponseHandler: Failed appendEntries: org.apache.ratis.thirdparty.io.grpc.StatusRuntimeException: UNAVAILABLE: io exception
2020-06-09 10:47:43,541 [grpc-default-executor-4] INFO  impl.FollowerInfo (FollowerInfo.java:lambda$new$0(51)) - omNode-1@group-523986131536->omNode-2: nextIndex: updateUnconditionally 103 -> 45
2020-06-09 10:47:43,544 [grpc-default-executor-4] WARN  server.GrpcLogAppender (LogUtils.java:warn(122)) - omNode-1@group-523986131536->omNode-2-AppendLogResponseHandler: Failed appendEntries: org.apache.ratis.thirdparty.io.grpc.StatusRuntimeException: UNAVAILABLE: io exception
2020-06-09 10:47:43,544 [grpc-default-executor-4] INFO  impl.FollowerInfo (FollowerInfo.java:lambda$new$0(51)) - omNode-1@group-523986131536->omNode-2: nextIndex: updateUnconditionally 103 -> 45
2020-06-09 10:47:43,546 [grpc-default-executor-4] WARN  server.GrpcLogAppender (LogUtils.java:warn(122)) - omNode-1@group-523986131536->omNode-2-AppendLogResponseHandler: Failed appendEntries: org.apache.ratis.thirdparty.io.grpc.StatusRuntimeException: UNAVAILABLE: io exception
2020-06-09 10:47:43,546 [grpc-default-executor-4] INFO  impl.FollowerInfo (FollowerInfo.java:lambda$new$0(51)) - omNode-1@group-523986131536->omNode-2: nextIndex: updateUnconditionally 103 -> 45
2020-06-09 10:47:43,547 [grpc-default-executor-4] WARN  server.GrpcLogAppender (LogUtils.java:warn(122)) - omNode-1@group-523986131536->omNode-2-AppendLogResponseHandler: Failed appendEntries: org.apache.ratis.thirdparty.io.grpc.StatusRuntimeException: UNAVAILABLE: io exception
2020-06-09 10:47:43,548 [grpc-default-executor-4] INFO  impl.FollowerInfo (FollowerInfo.java:lambda$new$0(51)) - omNode-1@group-523986131536->omNode-2: nextIndex: updateUnconditionally 103 -> 45
2020-06-09 10:47:43,549 [grpc-default-executor-4] WARN  server.GrpcLogAppender (LogUtils.java:warn(122)) - omNode-1@group-523986131536->omNode-2-AppendLogResponseHandler: Failed appendEntries: org.apache.ratis.thirdparty.io.grpc.StatusRuntimeException: UNAVAILABLE: io exception
2020-06-09 10:47:43,549 [grpc-default-executor-4] INFO  impl.FollowerInfo (FollowerInfo.java:lambda$new$0(51)) - omNode-1@group-523986131536->omNode-2: nextIndex: updateUnconditionally 103 -> 45
2020-06-09 10:47:43,555 [grpc-default-executor-4] WARN  server.GrpcLogAppender (LogUtils.java:warn(122)) - omNode-1@group-523986131536->omNode-2-AppendLogResponseHandler: Failed appendEntries: org.apache.ratis.thirdparty.io.grpc.StatusRuntimeException: UNAVAILABLE: io exception
2020-06-09 10:47:43,555 [grpc-default-executor-4] INFO  impl.FollowerInfo (FollowerInfo.java:lambda$new$0(51)) - omNode-1@group-523986131536->omNode-2: nextIndex: updateUnconditionally 103 -> 45
2020-06-09 10:47:43,557 [grpc-default-executor-4] WARN  server.GrpcLogAppender (LogUtils.java:warn(122)) - omNode-1@group-523986131536->omNode-2-AppendLogResponseHandler: Failed appendEntries: org.apache.ratis.thirdparty.io.grpc.StatusRuntimeException: UNAVAILABLE: io exception
2020-06-09 10:47:43,557 [grpc-default-executor-4] INFO  impl.FollowerInfo (FollowerInfo.java:lambda$new$0(51)) - omNode-1@group-523986131536->omNode-2: nextIndex: updateUnconditionally 104 -> 45
2020-06-09 10:47:43,559 [grpc-default-executor-4] WARN  server.GrpcLogAppender (LogUtils.java:warn(122)) - omNode-1@group-523986131536->omNode-2-AppendLogResponseHandler: Failed appendEntries: org.apache.ratis.thirdparty.io.grpc.StatusRuntimeException: UNAVAILABLE: io exception
2020-06-09 10:47:43,559 [grpc-default-executor-4] INFO  impl.FollowerInfo (FollowerInfo.java:lambda$new$0(51)) - omNode-1@group-523986131536->omNode-2: nextIndex: updateUnconditionally 104 -> 45
2020-06-09 10:47:43,563 [grpc-default-executor-4] WARN  server.GrpcLogAppender (LogUtils.java:warn(122)) - omNode-1@group-523986131536->omNode-2-AppendLogResponseHandler: Failed appendEntries: org.apache.ratis.thirdparty.io.grpc.StatusRuntimeException: UNAVAILABLE: io exception
2020-06-09 10:47:43,563 [grpc-default-executor-4] INFO  impl.FollowerInfo (FollowerInfo.java:lambda$new$0(51)) - omNode-1@group-523986131536->omNode-2: nextIndex: updateUnconditionally 105 -> 45
2020-06-09 10:47:43,565 [grpc-default-executor-4] WARN  server.GrpcLogAppender (LogUtils.java:warn(122)) - omNode-1@group-523986131536->omNode-2-AppendLogResponseHandler: Failed appendEntries: org.apache.ratis.thirdparty.io.grpc.StatusRuntimeException: UNAVAILABLE: io exception
2020-06-09 10:47:43,565 [grpc-default-executor-4] INFO  impl.FollowerInfo (FollowerInfo.java:lambda$new$0(51)) - omNode-1@group-523986131536->omNode-2: nextIndex: updateUnconditionally 106 -> 45
2020-06-09 10:47:43,567 [grpc-default-executor-4] WARN  server.GrpcLogAppender (LogUtils.java:warn(122)) - omNode-1@group-523986131536->omNode-2-AppendLogResponseHandler: Failed appendEntries: org.apache.ratis.thirdparty.io.grpc.StatusRuntimeException: UNAVAILABLE: io exception
2020-06-09 10:47:43,567 [grpc-default-executor-4] INFO  impl.FollowerInfo (FollowerInfo.java:lambda$new$0(51)) - omNode-1@group-523986131536->omNode-2: nextIndex: updateUnconditionally 106 -> 45
2020-06-09 10:47:43,569 [grpc-default-executor-4] WARN  server.GrpcLogAppender (LogUtils.java:warn(122)) - omNode-1@group-523986131536->omNode-2-AppendLogResponseHandler: Failed appendEntries: org.apache.ratis.thirdparty.io.grpc.StatusRuntimeException: UNAVAILABLE: io exception
2020-06-09 10:47:43,570 [grpc-default-executor-4] INFO  impl.FollowerInfo (FollowerInfo.java:lambda$new$0(51)) - omNode-1@group-523986131536->omNode-2: nextIndex: updateUnconditionally 106 -> 45
2020-06-09 10:47:43,571 [grpc-default-executor-4] WARN  server.GrpcLogAppender (LogUtils.java:warn(122)) - omNode-1@group-523986131536->omNode-2-AppendLogResponseHandler: Failed appendEntries: org.apache.ratis.thirdparty.io.grpc.StatusRuntimeException: UNAVAILABLE: io exception
2020-06-09 10:47:43,571 [grpc-default-executor-4] INFO  impl.FollowerInfo (FollowerInfo.java:lambda$new$0(51)) - omNode-1@group-523986131536->omNode-2: nextIndex: updateUnconditionally 106 -> 45
2020-06-09 10:47:43,573 [grpc-default-executor-4] WARN  server.GrpcLogAppender (LogUtils.java:warn(122)) - omNode-1@group-523986131536->omNode-2-AppendLogResponseHandler: Failed appendEntries: org.apache.ratis.thirdparty.io.grpc.StatusRuntimeException: UNAVAILABLE: io exception
2020-06-09 10:47:43,573 [grpc-default-executor-4] INFO  impl.FollowerInfo (FollowerInfo.java:lambda$new$0(51)) - omNode-1@group-523986131536->omNode-2: nextIndex: updateUnconditionally 106 -> 45
2020-06-09 10:47:43,576 [grpc-default-executor-4] WARN  server.GrpcLogAppender (LogUtils.java:warn(122)) - omNode-1@group-523986131536->omNode-2-AppendLogResponseHandler: Failed appendEntries: org.apache.ratis.thirdparty.io.grpc.StatusRuntimeException: UNAVAILABLE: io exception
2020-06-09 10:47:43,576 [grpc-default-executor-4] INFO  impl.FollowerInfo (FollowerInfo.java:lambda$new$0(51)) - omNode-1@group-523986131536->omNode-2: nextIndex: updateUnconditionally 106 -> 45
2020-06-09 10:47:43,579 [grpc-default-executor-5] WARN  server.GrpcLogAppender (LogUtils.java:warn(122)) - omNode-1@group-523986131536->omNode-2-AppendLogResponseHandler: Failed appendEntries: org.apache.ratis.thirdparty.io.grpc.StatusRuntimeException: UNAVAILABLE: io exception
2020-06-09 10:47:43,579 [grpc-default-executor-5] INFO  impl.FollowerInfo (FollowerInfo.java:lambda$new$0(51)) - omNode-1@group-523986131536->omNode-2: nextIndex: updateUnconditionally 107 -> 45
2020-06-09 10:47:43,583 [grpc-default-executor-5] WARN  server.GrpcLogAppender (LogUtils.java:warn(122)) - omNode-1@group-523986131536->omNode-2-AppendLogResponseHandler: Failed appendEntries: org.apache.ratis.thirdparty.io.grpc.StatusRuntimeException: UNAVAILABLE: io exception
2020-06-09 10:47:43,583 [grpc-default-executor-5] INFO  impl.FollowerInfo (FollowerInfo.java:lambda$new$0(51)) - omNode-1@group-523986131536->omNode-2: nextIndex: updateUnconditionally 107 -> 45
2020-06-09 10:47:43,587 [grpc-default-executor-5] WARN  server.GrpcLogAppender (LogUtils.java:warn(122)) - omNode-1@group-523986131536->omNode-2-AppendLogResponseHandler: Failed appendEntries: org.apache.ratis.thirdparty.io.grpc.StatusRuntimeException: UNAVAILABLE: io exception
2020-06-09 10:47:43,587 [grpc-default-executor-5] INFO  impl.FollowerInfo (FollowerInfo.java:lambda$new$0(51)) - omNode-1@group-523986131536->omNode-2: nextIndex: updateUnconditionally 107 -> 45
2020-06-09 10:47:43,592 [grpc-default-executor-4] WARN  server.GrpcLogAppender (LogUtils.java:warn(122)) - omNode-1@group-523986131536->omNode-2-AppendLogResponseHandler: Failed appendEntries: org.apache.ratis.thirdparty.io.grpc.StatusRuntimeException: UNAVAILABLE: io exception
2020-06-09 10:47:43,592 [grpc-default-executor-4] INFO  impl.FollowerInfo (FollowerInfo.java:lambda$new$0(51)) - omNode-1@group-523986131536->omNode-2: nextIndex: updateUnconditionally 109 -> 45
2020-06-09 10:47:43,596 [grpc-default-executor-5] WARN  server.GrpcLogAppender (LogUtils.java:warn(122)) - omNode-1@group-523986131536->omNode-2-AppendLogResponseHandler: Failed appendEntries: org.apache.ratis.thirdparty.io.grpc.StatusRuntimeException: UNAVAILABLE: io exception
2020-06-09 10:47:43,596 [grpc-default-executor-5] INFO  impl.FollowerInfo (FollowerInfo.java:lambda$new$0(51)) - omNode-1@group-523986131536->omNode-2: nextIndex: updateUnconditionally 110 -> 45
2020-06-09 10:47:43,600 [grpc-default-executor-2] WARN  server.GrpcLogAppender (LogUtils.java:warn(122)) - omNode-1@group-523986131536->omNode-2-AppendLogResponseHandler: Failed appendEntries: org.apache.ratis.thirdparty.io.grpc.StatusRuntimeException: UNAVAILABLE: io exception
2020-06-09 10:47:43,600 [grpc-default-executor-2] INFO  impl.FollowerInfo (FollowerInfo.java:lambda$new$0(51)) - omNode-1@group-523986131536->omNode-2: nextIndex: updateUnconditionally 110 -> 45
2020-06-09 10:47:43,602 [grpc-default-executor-2] WARN  server.GrpcLogAppender (LogUtils.java:warn(122)) - omNode-1@group-523986131536->omNode-2-AppendLogResponseHandler: Failed appendEntries: org.apache.ratis.thirdparty.io.grpc.StatusRuntimeException: UNAVAILABLE: io exception
2020-06-09 10:47:43,602 [grpc-default-executor-2] INFO  impl.FollowerInfo (FollowerInfo.java:lambda$new$0(51)) - omNode-1@group-523986131536->omNode-2: nextIndex: updateUnconditionally 111 -> 45
2020-06-09 10:47:43,609 [grpc-default-executor-5] WARN  server.GrpcLogAppender (LogUtils.java:warn(122)) - omNode-1@group-523986131536->omNode-2-AppendLogResponseHandler: Failed appendEntries: org.apache.ratis.thirdparty.io.grpc.StatusRuntimeException: UNAVAILABLE: io exception
2020-06-09 10:47:43,609 [grpc-default-executor-5] INFO  impl.FollowerInfo (FollowerInfo.java:lambda$new$0(51)) - omNode-1@group-523986131536->omNode-2: nextIndex: updateUnconditionally 111 -> 45
2020-06-09 10:47:43,612 [grpc-default-executor-5] WARN  server.GrpcLogAppender (LogUtils.java:warn(122)) - omNode-1@group-523986131536->omNode-2-AppendLogResponseHandler: Failed appendEntries: org.apache.ratis.thirdparty.io.grpc.StatusRuntimeException: UNAVAILABLE: io exception
2020-06-09 10:47:43,612 [grpc-default-executor-5] INFO  impl.FollowerInfo (FollowerInfo.java:lambda$new$0(51)) - omNode-1@group-523986131536->omNode-2: nextIndex: updateUnconditionally 112 -> 45
2020-06-09 10:47:43,618 [grpc-default-executor-5] WARN  server.GrpcLogAppender (LogUtils.java:warn(122)) - omNode-1@group-523986131536->omNode-2-AppendLogResponseHandler: Failed appendEntries: org.apache.ratis.thirdparty.io.grpc.StatusRuntimeException: UNAVAILABLE: io exception
2020-06-09 10:47:43,618 [grpc-default-executor-5] INFO  impl.FollowerInfo (FollowerInfo.java:lambda$new$0(51)) - omNode-1@group-523986131536->omNode-2: nextIndex: updateUnconditionally 113 -> 45
2020-06-09 10:47:43,624 [grpc-default-executor-2] WARN  server.GrpcLogAppender (LogUtils.java:warn(122)) - omNode-1@group-523986131536->omNode-2-AppendLogResponseHandler: Failed appendEntries: org.apache.ratis.thirdparty.io.grpc.StatusRuntimeException: UNAVAILABLE: io exception
2020-06-09 10:47:43,625 [grpc-default-executor-2] INFO  impl.FollowerInfo (FollowerInfo.java:lambda$new$0(51)) - omNode-1@group-523986131536->omNode-2: nextIndex: updateUnconditionally 114 -> 45
2020-06-09 10:47:43,629 [grpc-default-executor-4] WARN  server.GrpcLogAppender (LogUtils.java:warn(122)) - omNode-1@group-523986131536->omNode-2-AppendLogResponseHandler: Failed appendEntries: org.apache.ratis.thirdparty.io.grpc.StatusRuntimeException: UNAVAILABLE: io exception
2020-06-09 10:47:43,629 [grpc-default-executor-4] INFO  impl.FollowerInfo (FollowerInfo.java:lambda$new$0(51)) - omNode-1@group-523986131536->omNode-2: nextIndex: updateUnconditionally 115 -> 45
2020-06-09 10:47:43,636 [grpc-default-executor-4] WARN  server.GrpcLogAppender (LogUtils.java:warn(122)) - omNode-1@group-523986131536->omNode-2-AppendLogResponseHandler: Failed appendEntries: org.apache.ratis.thirdparty.io.grpc.StatusRuntimeException: UNAVAILABLE: io exception
2020-06-09 10:47:43,636 [grpc-default-executor-4] INFO  impl.FollowerInfo (FollowerInfo.java:lambda$new$0(51)) - omNode-1@group-523986131536->omNode-2: nextIndex: updateUnconditionally 115 -> 45
2020-06-09 10:47:43,639 [grpc-default-executor-4] WARN  server.GrpcLogAppender (LogUtils.java:warn(122)) - omNode-1@group-523986131536->omNode-2-AppendLogResponseHandler: Failed appendEntries: org.apache.ratis.thirdparty.io.grpc.StatusRuntimeException: UNAVAILABLE: io exception
2020-06-09 10:47:43,639 [grpc-default-executor-4] INFO  impl.FollowerInfo (FollowerInfo.java:lambda$new$0(51)) - omNode-1@group-523986131536->omNode-2: nextIndex: updateUnconditionally 116 -> 45
2020-06-09 10:47:43,642 [grpc-default-executor-2] WARN  server.GrpcLogAppender (LogUtils.java:warn(122)) - omNode-1@group-523986131536->omNode-2-AppendLogResponseHandler: Failed appendEntries: org.apache.ratis.thirdparty.io.grpc.StatusRuntimeException: UNAVAILABLE: io exception
2020-06-09 10:47:43,642 [grpc-default-executor-2] INFO  impl.FollowerInfo (FollowerInfo.java:lambda$new$0(51)) - omNode-1@group-523986131536->omNode-2: nextIndex: updateUnconditionally 117 -> 45
2020-06-09 10:47:43,647 [grpc-default-executor-4] WARN  server.GrpcLogAppender (LogUtils.java:warn(122)) - omNode-1@group-523986131536->omNode-2-AppendLogResponseHandler: Failed appendEntries: org.apache.ratis.thirdparty.io.grpc.StatusRuntimeException: UNAVAILABLE: io exception
2020-06-09 10:47:43,647 [grpc-default-executor-4] INFO  impl.FollowerInfo (FollowerInfo.java:lambda$new$0(51)) - omNode-1@group-523986131536->omNode-2: nextIndex: updateUnconditionally 117 -> 45
2020-06-09 10:47:43,650 [grpc-default-executor-5] WARN  server.GrpcLogAppender (LogUtils.java:warn(122)) - omNode-1@group-523986131536->omNode-2-AppendLogResponseHandler: Failed appendEntries: org.apache.ratis.thirdparty.io.grpc.StatusRuntimeException: UNAVAILABLE: io exception
2020-06-09 10:47:43,650 [grpc-default-executor-5] INFO  impl.FollowerInfo (FollowerInfo.java:lambda$new$0(51)) - omNode-1@group-523986131536->omNode-2: nextIndex: updateUnconditionally 119 -> 45
2020-06-09 10:47:43,657 [grpc-default-executor-2] WARN  server.GrpcLogAppender (LogUtils.java:warn(122)) - omNode-1@group-523986131536->omNode-2-AppendLogResponseHandler: Failed appendEntries: org.apache.ratis.thirdparty.io.grpc.StatusRuntimeException: UNAVAILABLE: io exception
2020-06-09 10:47:43,657 [grpc-default-executor-2] INFO  impl.FollowerInfo (FollowerInfo.java:lambda$new$0(51)) - omNode-1@group-523986131536->omNode-2: nextIndex: updateUnconditionally 119 -> 45
2020-06-09 10:47:43,660 [grpc-default-executor-2] WARN  server.GrpcLogAppender (LogUtils.java:warn(122)) - omNode-1@group-523986131536->omNode-2-AppendLogResponseHandler: Failed appendEntries: org.apache.ratis.thirdparty.io.grpc.StatusRuntimeException: UNAVAILABLE: io exception
2020-06-09 10:47:43,660 [grpc-default-executor-2] INFO  impl.FollowerInfo (FollowerInfo.java:lambda$new$0(51)) - omNode-1@group-523986131536->omNode-2: nextIndex: updateUnconditionally 120 -> 45
2020-06-09 10:47:43,664 [grpc-default-executor-5] WARN  server.GrpcLogAppender (LogUtils.java:warn(122)) - omNode-1@group-523986131536->omNode-2-AppendLogResponseHandler: Failed appendEntries: org.apache.ratis.thirdparty.io.grpc.StatusRuntimeException: UNAVAILABLE: io exception
2020-06-09 10:47:43,664 [grpc-default-executor-5] INFO  impl.FollowerInfo (FollowerInfo.java:lambda$new$0(51)) - omNode-1@group-523986131536->omNode-2: nextIndex: updateUnconditionally 121 -> 45
2020-06-09 10:47:43,667 [grpc-default-executor-4] WARN  server.GrpcLogAppender (LogUtils.java:warn(122)) - omNode-1@group-523986131536->omNode-2-AppendLogResponseHandler: Failed appendEntries: org.apache.ratis.thirdparty.io.grpc.StatusRuntimeException: UNAVAILABLE: io exception
2020-06-09 10:47:43,667 [grpc-default-executor-4] INFO  impl.FollowerInfo (FollowerInfo.java:lambda$new$0(51)) - omNode-1@group-523986131536->omNode-2: nextIndex: updateUnconditionally 122 -> 45
2020-06-09 10:47:43,670 [grpc-default-executor-5] WARN  server.GrpcLogAppender (LogUtils.java:warn(122)) - omNode-1@group-523986131536->omNode-2-AppendLogResponseHandler: Failed appendEntries: org.apache.ratis.thirdparty.io.grpc.StatusRuntimeException: UNAVAILABLE: io exception
2020-06-09 10:47:43,670 [grpc-default-executor-5] INFO  impl.FollowerInfo (FollowerInfo.java:lambda$new$0(51)) - omNode-1@group-523986131536->omNode-2: nextIndex: updateUnconditionally 122 -> 45
2020-06-09 10:47:43,673 [grpc-default-executor-4] WARN  server.GrpcLogAppender (LogUtils.java:warn(122)) - omNode-1@group-523986131536->omNode-2-AppendLogResponseHandler: Failed appendEntries: org.apache.ratis.thirdparty.io.grpc.StatusRuntimeException: UNAVAILABLE: io exception
2020-06-09 10:47:43,673 [grpc-default-executor-4] INFO  impl.FollowerInfo (FollowerInfo.java:lambda$new$0(51)) - omNode-1@group-523986131536->omNode-2: nextIndex: updateUnconditionally 123 -> 45
2020-06-09 10:47:43,676 [grpc-default-executor-2] WARN  server.GrpcLogAppender (LogUtils.java:warn(122)) - omNode-1@group-523986131536->omNode-2-AppendLogResponseHandler: Failed appendEntries: org.apache.ratis.thirdparty.io.grpc.StatusRuntimeException: UNAVAILABLE: io exception
2020-06-09 10:47:43,676 [grpc-default-executor-2] INFO  impl.FollowerInfo (FollowerInfo.java:lambda$new$0(51)) - omNode-1@group-523986131536->omNode-2: nextIndex: updateUnconditionally 123 -> 45
2020-06-09 10:47:43,680 [grpc-default-executor-5] WARN  server.GrpcLogAppender (LogUtils.java:warn(122)) - omNode-1@group-523986131536->omNode-2-AppendLogResponseHandler: Failed appendEntries: org.apache.ratis.thirdparty.io.grpc.StatusRuntimeException: UNAVAILABLE: io exception
2020-06-09 10:47:43,681 [grpc-default-executor-5] INFO  impl.FollowerInfo (FollowerInfo.java:lambda$new$0(51)) - omNode-1@group-523986131536->omNode-2: nextIndex: updateUnconditionally 124 -> 45
2020-06-09 10:47:43,685 [grpc-default-executor-4] WARN  server.GrpcLogAppender (LogUtils.java:warn(122)) - omNode-1@group-523986131536->omNode-2-AppendLogResponseHandler: Failed appendEntries: org.apache.ratis.thirdparty.io.grpc.StatusRuntimeException: UNAVAILABLE: io exception
2020-06-09 10:47:43,685 [grpc-default-executor-4] INFO  impl.FollowerInfo (FollowerInfo.java:lambda$new$0(51)) - omNode-1@group-523986131536->omNode-2: nextIndex: updateUnconditionally 125 -> 45
2020-06-09 10:47:43,688 [grpc-default-executor-5] WARN  server.GrpcLogAppender (LogUtils.java:warn(122)) - omNode-1@group-523986131536->omNode-2-AppendLogResponseHandler: Failed appendEntries: org.apache.ratis.thirdparty.io.grpc.StatusRuntimeException: UNAVAILABLE: io exception
2020-06-09 10:47:43,688 [grpc-default-executor-5] INFO  impl.FollowerInfo (FollowerInfo.java:lambda$new$0(51)) - omNode-1@group-523986131536->omNode-2: nextIndex: updateUnconditionally 126 -> 45
2020-06-09 10:47:43,690 [grpc-default-executor-4] WARN  server.GrpcLogAppender (LogUtils.java:warn(122)) - omNode-1@group-523986131536->omNode-2-AppendLogResponseHandler: Failed appendEntries: org.apache.ratis.thirdparty.io.grpc.StatusRuntimeException: UNAVAILABLE: io exception
2020-06-09 10:47:43,690 [grpc-default-executor-4] INFO  impl.FollowerInfo (FollowerInfo.java:lambda$new$0(51)) - omNode-1@group-523986131536->omNode-2: nextIndex: updateUnconditionally 126 -> 45
2020-06-09 10:47:43,699 [grpc-default-executor-5] WARN  server.GrpcLogAppender (LogUtils.java:warn(122)) - omNode-1@group-523986131536->omNode-2-AppendLogResponseHandler: Failed appendEntries: org.apache.ratis.thirdparty.io.grpc.StatusRuntimeException: UNAVAILABLE: io exception
2020-06-09 10:47:43,699 [grpc-default-executor-5] INFO  impl.FollowerInfo (FollowerInfo.java:lambda$new$0(51)) - omNode-1@group-523986131536->omNode-2: nextIndex: updateUnconditionally 128 -> 45
2020-06-09 10:47:43,703 [grpc-default-executor-4] WARN  server.GrpcLogAppender (LogUtils.java:warn(122)) - omNode-1@group-523986131536->omNode-2-AppendLogResponseHandler: Failed appendEntries: org.apache.ratis.thirdparty.io.grpc.StatusRuntimeException: UNAVAILABLE: io exception
2020-06-09 10:47:43,703 [grpc-default-executor-4] INFO  impl.FollowerInfo (FollowerInfo.java:lambda$new$0(51)) - omNode-1@group-523986131536->omNode-2: nextIndex: updateUnconditionally 128 -> 45
2020-06-09 10:47:43,705 [grpc-default-executor-5] WARN  server.GrpcLogAppender (LogUtils.java:warn(122)) - omNode-1@group-523986131536->omNode-2-AppendLogResponseHandler: Failed appendEntries: org.apache.ratis.thirdparty.io.grpc.StatusRuntimeException: UNAVAILABLE: io exception
2020-06-09 10:47:43,705 [grpc-default-executor-5] INFO  impl.FollowerInfo (FollowerInfo.java:lambda$new$0(51)) - omNode-1@group-523986131536->omNode-2: nextIndex: updateUnconditionally 130 -> 45
2020-06-09 10:47:43,709 [grpc-default-executor-4] WARN  server.GrpcLogAppender (LogUtils.java:warn(122)) - omNode-1@group-523986131536->omNode-2-AppendLogResponseHandler: Failed appendEntries: org.apache.ratis.thirdparty.io.grpc.StatusRuntimeException: UNAVAILABLE: io exception
2020-06-09 10:47:43,709 [grpc-default-executor-4] INFO  impl.FollowerInfo (FollowerInfo.java:lambda$new$0(51)) - omNode-1@group-523986131536->omNode-2: nextIndex: updateUnconditionally 130 -> 45
2020-06-09 10:47:43,713 [grpc-default-executor-2] WARN  server.GrpcLogAppender (LogUtils.java:warn(122)) - omNode-1@group-523986131536->omNode-2-AppendLogResponseHandler: Failed appendEntries: org.apache.ratis.thirdparty.io.grpc.StatusRuntimeException: UNAVAILABLE: io exception
2020-06-09 10:47:43,714 [grpc-default-executor-2] INFO  impl.FollowerInfo (FollowerInfo.java:lambda$new$0(51)) - omNode-1@group-523986131536->omNode-2: nextIndex: updateUnconditionally 131 -> 45
2020-06-09 10:47:43,723 [grpc-default-executor-5] WARN  server.GrpcLogAppender (LogUtils.java:warn(122)) - omNode-1@group-523986131536->omNode-2-AppendLogResponseHandler: Failed appendEntries: org.apache.ratis.thirdparty.io.grpc.StatusRuntimeException: UNAVAILABLE: io exception
2020-06-09 10:47:43,723 [grpc-default-executor-5] INFO  impl.FollowerInfo (FollowerInfo.java:lambda$new$0(51)) - omNode-1@group-523986131536->omNode-2: nextIndex: updateUnconditionally 131 -> 45
2020-06-09 10:47:43,725 [grpc-default-executor-4] WARN  server.GrpcLogAppender (LogUtils.java:warn(122)) - omNode-1@group-523986131536->omNode-2-AppendLogResponseHandler: Failed appendEntries: org.apache.ratis.thirdparty.io.grpc.StatusRuntimeException: UNAVAILABLE: io exception
2020-06-09 10:47:43,725 [grpc-default-executor-4] INFO  impl.FollowerInfo (FollowerInfo.java:lambda$new$0(51)) - omNode-1@group-523986131536->omNode-2: nextIndex: updateUnconditionally 133 -> 45
2020-06-09 10:47:43,728 [grpc-default-executor-5] WARN  server.GrpcLogAppender (LogUtils.java:warn(122)) - omNode-1@group-523986131536->omNode-2-AppendLogResponseHandler: Failed appendEntries: org.apache.ratis.thirdparty.io.grpc.StatusRuntimeException: UNAVAILABLE: io exception
2020-06-09 10:47:43,728 [grpc-default-executor-5] INFO  impl.FollowerInfo (FollowerInfo.java:lambda$new$0(51)) - omNode-1@group-523986131536->omNode-2: nextIndex: updateUnconditionally 133 -> 45
2020-06-09 10:47:43,734 [grpc-default-executor-5] WARN  server.GrpcLogAppender (LogUtils.java:warn(122)) - omNode-1@group-523986131536->omNode-2-AppendLogResponseHandler: Failed appendEntries: org.apache.ratis.thirdparty.io.grpc.StatusRuntimeException: UNAVAILABLE: io exception
2020-06-09 10:47:43,734 [grpc-default-executor-5] INFO  impl.FollowerInfo (FollowerInfo.java:lambda$new$0(51)) - omNode-1@group-523986131536->omNode-2: nextIndex: updateUnconditionally 135 -> 45
2020-06-09 10:47:43,745 [grpc-default-executor-4] WARN  server.GrpcLogAppender (LogUtils.java:warn(122)) - omNode-1@group-523986131536->omNode-2-AppendLogResponseHandler: Failed appendEntries: org.apache.ratis.thirdparty.io.grpc.StatusRuntimeException: UNAVAILABLE: io exception
2020-06-09 10:47:43,745 [grpc-default-executor-4] INFO  impl.FollowerInfo (FollowerInfo.java:lambda$new$0(51)) - omNode-1@group-523986131536->omNode-2: nextIndex: updateUnconditionally 136 -> 45
2020-06-09 10:47:43,751 [grpc-default-executor-4] WARN  server.GrpcLogAppender (LogUtils.java:warn(122)) - omNode-1@group-523986131536->omNode-2-AppendLogResponseHandler: Failed appendEntries: org.apache.ratis.thirdparty.io.grpc.StatusRuntimeException: UNAVAILABLE: io exception
2020-06-09 10:47:43,751 [grpc-default-executor-4] INFO  impl.FollowerInfo (FollowerInfo.java:lambda$new$0(51)) - omNode-1@group-523986131536->omNode-2: nextIndex: updateUnconditionally 137 -> 45
2020-06-09 10:47:43,753 [grpc-default-executor-4] WARN  server.GrpcLogAppender (LogUtils.java:warn(122)) - omNode-1@group-523986131536->omNode-2-AppendLogResponseHandler: Failed appendEntries: org.apache.ratis.thirdparty.io.grpc.StatusRuntimeException: UNAVAILABLE: io exception
2020-06-09 10:47:43,753 [grpc-default-executor-4] INFO  impl.FollowerInfo (FollowerInfo.java:lambda$new$0(51)) - omNode-1@group-523986131536->omNode-2: nextIndex: updateUnconditionally 138 -> 45
2020-06-09 10:47:43,755 [grpc-default-executor-4] WARN  server.GrpcLogAppender (LogUtils.java:warn(122)) - omNode-1@group-523986131536->omNode-2-AppendLogResponseHandler: Failed appendEntries: org.apache.ratis.thirdparty.io.grpc.StatusRuntimeException: UNAVAILABLE: io exception
2020-06-09 10:47:43,755 [grpc-default-executor-4] INFO  impl.FollowerInfo (FollowerInfo.java:lambda$new$0(51)) - omNode-1@group-523986131536->omNode-2: nextIndex: updateUnconditionally 138 -> 45
2020-06-09 10:47:43,757 [grpc-default-executor-4] WARN  server.GrpcLogAppender (LogUtils.java:warn(122)) - omNode-1@group-523986131536->omNode-2-AppendLogResponseHandler: Failed appendEntries: org.apache.ratis.thirdparty.io.grpc.StatusRuntimeException: UNAVAILABLE: io exception
2020-06-09 10:47:43,757 [grpc-default-executor-4] INFO  impl.FollowerInfo (FollowerInfo.java:lambda$new$0(51)) - omNode-1@group-523986131536->omNode-2: nextIndex: updateUnconditionally 138 -> 45
2020-06-09 10:47:43,758 [grpc-default-executor-4] WARN  server.GrpcLogAppender (LogUtils.java:warn(122)) - omNode-1@group-523986131536->omNode-2-AppendLogResponseHandler: Failed appendEntries: org.apache.ratis.thirdparty.io.grpc.StatusRuntimeException: UNAVAILABLE: io exception
2020-06-09 10:47:43,758 [grpc-default-executor-4] INFO  impl.FollowerInfo (FollowerInfo.java:lambda$new$0(51)) - omNode-1@group-523986131536->omNode-2: nextIndex: updateUnconditionally 138 -> 45
2020-06-09 10:47:43,760 [grpc-default-executor-4] WARN  server.GrpcLogAppender (LogUtils.java:warn(122)) - omNode-1@group-523986131536->omNode-2-AppendLogResponseHandler: Failed appendEntries: org.apache.ratis.thirdparty.io.grpc.StatusRuntimeException: UNAVAILABLE: io exception
2020-06-09 10:47:43,760 [grpc-default-executor-4] INFO  impl.FollowerInfo (FollowerInfo.java:lambda$new$0(51)) - omNode-1@group-523986131536->omNode-2: nextIndex: updateUnconditionally 138 -> 45
2020-06-09 10:47:43,762 [grpc-default-executor-2] WARN  server.GrpcLogAppender (LogUtils.java:warn(122)) - omNode-1@group-523986131536->omNode-2-AppendLogResponseHandler: Failed appendEntries: org.apache.ratis.thirdparty.io.grpc.StatusRuntimeException: UNAVAILABLE: io exception
2020-06-09 10:47:43,762 [grpc-default-executor-2] INFO  impl.FollowerInfo (FollowerInfo.java:lambda$new$0(51)) - omNode-1@group-523986131536->omNode-2: nextIndex: updateUnconditionally 138 -> 45
2020-06-09 10:47:43,769 [grpc-default-executor-5] WARN  server.GrpcLogAppender (LogUtils.java:warn(122)) - omNode-1@group-523986131536->omNode-2-AppendLogResponseHandler: Failed appendEntries: org.apache.ratis.thirdparty.io.grpc.StatusRuntimeException: UNAVAILABLE: io exception
2020-06-09 10:47:43,769 [grpc-default-executor-5] INFO  impl.FollowerInfo (FollowerInfo.java:lambda$new$0(51)) - omNode-1@group-523986131536->omNode-2: nextIndex: updateUnconditionally 139 -> 45
2020-06-09 10:47:43,772 [grpc-default-executor-5] WARN  server.GrpcLogAppender (LogUtils.java:warn(122)) - omNode-1@group-523986131536->omNode-2-AppendLogResponseHandler: Failed appendEntries: org.apache.ratis.thirdparty.io.grpc.StatusRuntimeException: UNAVAILABLE: io exception
2020-06-09 10:47:43,772 [grpc-default-executor-5] INFO  impl.FollowerInfo (FollowerInfo.java:lambda$new$0(51)) - omNode-1@group-523986131536->omNode-2: nextIndex: updateUnconditionally 140 -> 45
2020-06-09 10:47:43,774 [grpc-default-executor-5] WARN  server.GrpcLogAppender (LogUtils.java:warn(122)) - omNode-1@group-523986131536->omNode-2-AppendLogResponseHandler: Failed appendEntries: org.apache.ratis.thirdparty.io.grpc.StatusRuntimeException: UNAVAILABLE: io exception
2020-06-09 10:47:43,774 [grpc-default-executor-5] INFO  impl.FollowerInfo (FollowerInfo.java:lambda$new$0(51)) - omNode-1@group-523986131536->omNode-2: nextIndex: updateUnconditionally 140 -> 45
2020-06-09 10:47:43,775 [grpc-default-executor-5] WARN  server.GrpcLogAppender (LogUtils.java:warn(122)) - omNode-1@group-523986131536->omNode-2-AppendLogResponseHandler: Failed appendEntries: org.apache.ratis.thirdparty.io.grpc.StatusRuntimeException: UNAVAILABLE: io exception
2020-06-09 10:47:43,776 [grpc-default-executor-5] INFO  impl.FollowerInfo (FollowerInfo.java:lambda$new$0(51)) - omNode-1@group-523986131536->omNode-2: nextIndex: updateUnconditionally 140 -> 45
2020-06-09 10:47:43,781 [grpc-default-executor-5] WARN  server.GrpcLogAppender (LogUtils.java:warn(122)) - omNode-1@group-523986131536->omNode-2-AppendLogResponseHandler: Failed appendEntries: org.apache.ratis.thirdparty.io.grpc.StatusRuntimeException: UNAVAILABLE: io exception
2020-06-09 10:47:43,781 [grpc-default-executor-5] INFO  impl.FollowerInfo (FollowerInfo.java:lambda$new$0(51)) - omNode-1@group-523986131536->omNode-2: nextIndex: updateUnconditionally 140 -> 45
2020-06-09 10:47:43,785 [grpc-default-executor-5] WARN  server.GrpcLogAppender (LogUtils.java:warn(122)) - omNode-1@group-523986131536->omNode-2-AppendLogResponseHandler: Failed appendEntries: org.apache.ratis.thirdparty.io.grpc.StatusRuntimeException: UNAVAILABLE: io exception
2020-06-09 10:47:43,786 [grpc-default-executor-5] INFO  impl.FollowerInfo (FollowerInfo.java:lambda$new$0(51)) - omNode-1@group-523986131536->omNode-2: nextIndex: updateUnconditionally 141 -> 45
2020-06-09 10:47:43,791 [grpc-default-executor-5] WARN  server.GrpcLogAppender (LogUtils.java:warn(122)) - omNode-1@group-523986131536->omNode-2-AppendLogResponseHandler: Failed appendEntries: org.apache.ratis.thirdparty.io.grpc.StatusRuntimeException: UNAVAILABLE: io exception
2020-06-09 10:47:43,792 [grpc-default-executor-5] INFO  impl.FollowerInfo (FollowerInfo.java:lambda$new$0(51)) - omNode-1@group-523986131536->omNode-2: nextIndex: updateUnconditionally 142 -> 45
2020-06-09 10:47:43,797 [grpc-default-executor-5] WARN  server.GrpcLogAppender (LogUtils.java:warn(122)) - omNode-1@group-523986131536->omNode-2-AppendLogResponseHandler: Failed appendEntries: org.apache.ratis.thirdparty.io.grpc.StatusRuntimeException: UNAVAILABLE: io exception
2020-06-09 10:47:43,797 [grpc-default-executor-5] INFO  impl.FollowerInfo (FollowerInfo.java:lambda$new$0(51)) - omNode-1@group-523986131536->omNode-2: nextIndex: updateUnconditionally 142 -> 45
2020-06-09 10:47:43,801 [grpc-default-executor-5] WARN  server.GrpcLogAppender (LogUtils.java:warn(122)) - omNode-1@group-523986131536->omNode-2-AppendLogResponseHandler: Failed appendEntries: org.apache.ratis.thirdparty.io.grpc.StatusRuntimeException: UNAVAILABLE: io exception
2020-06-09 10:47:43,801 [grpc-default-executor-5] INFO  impl.FollowerInfo (FollowerInfo.java:lambda$new$0(51)) - omNode-1@group-523986131536->omNode-2: nextIndex: updateUnconditionally 143 -> 45
2020-06-09 10:47:43,803 [grpc-default-executor-5] WARN  server.GrpcLogAppender (LogUtils.java:warn(122)) - omNode-1@group-523986131536->omNode-2-AppendLogResponseHandler: Failed appendEntries: org.apache.ratis.thirdparty.io.grpc.StatusRuntimeException: UNAVAILABLE: io exception
2020-06-09 10:47:43,803 [grpc-default-executor-5] INFO  impl.FollowerInfo (FollowerInfo.java:lambda$new$0(51)) - omNode-1@group-523986131536->omNode-2: nextIndex: updateUnconditionally 143 -> 45
2020-06-09 10:47:43,806 [grpc-default-executor-5] WARN  server.GrpcLogAppender (LogUtils.java:warn(122)) - omNode-1@group-523986131536->omNode-2-AppendLogResponseHandler: Failed appendEntries: org.apache.ratis.thirdparty.io.grpc.StatusRuntimeException: UNAVAILABLE: io exception
2020-06-09 10:47:43,806 [grpc-default-executor-5] INFO  impl.FollowerInfo (FollowerInfo.java:lambda$new$0(51)) - omNode-1@group-523986131536->omNode-2: nextIndex: updateUnconditionally 143 -> 45
2020-06-09 10:47:43,807 [grpc-default-executor-5] WARN  server.GrpcLogAppender (LogUtils.java:warn(122)) - omNode-1@group-523986131536->omNode-2-AppendLogResponseHandler: Failed appendEntries: org.apache.ratis.thirdparty.io.grpc.StatusRuntimeException: UNAVAILABLE: io exception
2020-06-09 10:47:43,808 [grpc-default-executor-5] INFO  impl.FollowerInfo (FollowerInfo.java:lambda$new$0(51)) - omNode-1@group-523986131536->omNode-2: nextIndex: updateUnconditionally 143 -> 45
2020-06-09 10:47:43,809 [grpc-default-executor-5] WARN  server.GrpcLogAppender (LogUtils.java:warn(122)) - omNode-1@group-523986131536->omNode-2-AppendLogResponseHandler: Failed appendEntries: org.apache.ratis.thirdparty.io.grpc.StatusRuntimeException: UNAVAILABLE: io exception
2020-06-09 10:47:43,809 [grpc-default-executor-5] INFO  impl.FollowerInfo (FollowerInfo.java:lambda$new$0(51)) - omNode-1@group-523986131536->omNode-2: nextIndex: updateUnconditionally 143 -> 45
2020-06-09 10:47:43,811 [grpc-default-executor-5] WARN  server.GrpcLogAppender (LogUtils.java:warn(122)) - omNode-1@group-523986131536->omNode-2-AppendLogResponseHandler: Failed appendEntries: org.apache.ratis.thirdparty.io.grpc.StatusRuntimeException: UNAVAILABLE: io exception
2020-06-09 10:47:43,811 [grpc-default-executor-5] INFO  impl.FollowerInfo (FollowerInfo.java:lambda$new$0(51)) - omNode-1@group-523986131536->omNode-2: nextIndex: updateUnconditionally 143 -> 45
2020-06-09 10:47:43,813 [grpc-default-executor-5] WARN  server.GrpcLogAppender (LogUtils.java:warn(122)) - omNode-1@group-523986131536->omNode-2-AppendLogResponseHandler: Failed appendEntries: org.apache.ratis.thirdparty.io.grpc.StatusRuntimeException: UNAVAILABLE: io exception
2020-06-09 10:47:43,813 [grpc-default-executor-5] INFO  impl.FollowerInfo (FollowerInfo.java:lambda$new$0(51)) - omNode-1@group-523986131536->omNode-2: nextIndex: updateUnconditionally 143 -> 45
2020-06-09 10:47:43,818 [grpc-default-executor-5] WARN  server.GrpcLogAppender (LogUtils.java:warn(122)) - omNode-1@group-523986131536->omNode-2-AppendLogResponseHandler: Failed appendEntries: org.apache.ratis.thirdparty.io.grpc.StatusRuntimeException: UNAVAILABLE: io exception
2020-06-09 10:47:43,818 [grpc-default-executor-5] INFO  impl.FollowerInfo (FollowerInfo.java:lambda$new$0(51)) - omNode-1@group-523986131536->omNode-2: nextIndex: updateUnconditionally 144 -> 45
2020-06-09 10:47:43,820 [grpc-default-executor-5] WARN  server.GrpcLogAppender (LogUtils.java:warn(122)) - omNode-1@group-523986131536->omNode-2-AppendLogResponseHandler: Failed appendEntries: org.apache.ratis.thirdparty.io.grpc.StatusRuntimeException: UNAVAILABLE: io exception
2020-06-09 10:47:43,821 [grpc-default-executor-5] INFO  impl.FollowerInfo (FollowerInfo.java:lambda$new$0(51)) - omNode-1@group-523986131536->omNode-2: nextIndex: updateUnconditionally 144 -> 45
2020-06-09 10:47:43,822 [grpc-default-executor-5] WARN  server.GrpcLogAppender (LogUtils.java:warn(122)) - omNode-1@group-523986131536->omNode-2-AppendLogResponseHandler: Failed appendEntries: org.apache.ratis.thirdparty.io.grpc.StatusRuntimeException: UNAVAILABLE: io exception
2020-06-09 10:47:43,823 [grpc-default-executor-5] INFO  impl.FollowerInfo (FollowerInfo.java:lambda$new$0(51)) - omNode-1@group-523986131536->omNode-2: nextIndex: updateUnconditionally 144 -> 45
2020-06-09 10:47:43,826 [grpc-default-executor-5] WARN  server.GrpcLogAppender (LogUtils.java:warn(122)) - omNode-1@group-523986131536->omNode-2-AppendLogResponseHandler: Failed appendEntries: org.apache.ratis.thirdparty.io.grpc.StatusRuntimeException: UNAVAILABLE: io exception
2020-06-09 10:47:43,826 [grpc-default-executor-5] INFO  impl.FollowerInfo (FollowerInfo.java:lambda$new$0(51)) - omNode-1@group-523986131536->omNode-2: nextIndex: updateUnconditionally 144 -> 45
2020-06-09 10:47:43,830 [grpc-default-executor-5] WARN  server.GrpcLogAppender (LogUtils.java:warn(122)) - omNode-1@group-523986131536->omNode-2-AppendLogResponseHandler: Failed appendEntries: org.apache.ratis.thirdparty.io.grpc.StatusRuntimeException: UNAVAILABLE: io exception
2020-06-09 10:47:43,831 [grpc-default-executor-5] INFO  impl.FollowerInfo (FollowerInfo.java:lambda$new$0(51)) - omNode-1@group-523986131536->omNode-2: nextIndex: updateUnconditionally 145 -> 45
2020-06-09 10:47:43,832 [grpc-default-executor-5] WARN  server.GrpcLogAppender (LogUtils.java:warn(122)) - omNode-1@group-523986131536->omNode-2-AppendLogResponseHandler: Failed appendEntries: org.apache.ratis.thirdparty.io.grpc.StatusRuntimeException: UNAVAILABLE: io exception
2020-06-09 10:47:43,833 [grpc-default-executor-5] INFO  impl.FollowerInfo (FollowerInfo.java:lambda$new$0(51)) - omNode-1@group-523986131536->omNode-2: nextIndex: updateUnconditionally 146 -> 45
2020-06-09 10:47:43,837 [grpc-default-executor-5] WARN  server.GrpcLogAppender (LogUtils.java:warn(122)) - omNode-1@group-523986131536->omNode-2-AppendLogResponseHandler: Failed appendEntries: org.apache.ratis.thirdparty.io.grpc.StatusRuntimeException: UNAVAILABLE: io exception
2020-06-09 10:47:43,837 [grpc-default-executor-5] INFO  impl.FollowerInfo (FollowerInfo.java:lambda$new$0(51)) - omNode-1@group-523986131536->omNode-2: nextIndex: updateUnconditionally 146 -> 45
2020-06-09 10:47:43,838 [grpc-default-executor-5] WARN  server.GrpcLogAppender (LogUtils.java:warn(122)) - omNode-1@group-523986131536->omNode-2-AppendLogResponseHandler: Failed appendEntries: org.apache.ratis.thirdparty.io.grpc.StatusRuntimeException: UNAVAILABLE: io exception
2020-06-09 10:47:43,839 [grpc-default-executor-5] INFO  impl.FollowerInfo (FollowerInfo.java:lambda$new$0(51)) - omNode-1@group-523986131536->omNode-2: nextIndex: updateUnconditionally 146 -> 45
2020-06-09 10:47:43,840 [grpc-default-executor-5] WARN  server.GrpcLogAppender (LogUtils.java:warn(122)) - omNode-1@group-523986131536->omNode-2-AppendLogResponseHandler: Failed appendEntries: org.apache.ratis.thirdparty.io.grpc.StatusRuntimeException: UNAVAILABLE: io exception
2020-06-09 10:47:43,840 [grpc-default-executor-5] INFO  impl.FollowerInfo (FollowerInfo.java:lambda$new$0(51)) - omNode-1@group-523986131536->omNode-2: nextIndex: updateUnconditionally 146 -> 45
2020-06-09 10:47:43,842 [grpc-default-executor-5] WARN  server.GrpcLogAppender (LogUtils.java:warn(122)) - omNode-1@group-523986131536->omNode-2-AppendLogResponseHandler: Failed appendEntries: org.apache.ratis.thirdparty.io.grpc.StatusRuntimeException: UNAVAILABLE: io exception
2020-06-09 10:47:43,842 [grpc-default-executor-5] INFO  impl.FollowerInfo (FollowerInfo.java:lambda$new$0(51)) - omNode-1@group-523986131536->omNode-2: nextIndex: updateUnconditionally 146 -> 45
2020-06-09 10:47:43,844 [grpc-default-executor-5] WARN  server.GrpcLogAppender (LogUtils.java:warn(122)) - omNode-1@group-523986131536->omNode-2-AppendLogResponseHandler: Failed appendEntries: org.apache.ratis.thirdparty.io.grpc.StatusRuntimeException: UNAVAILABLE: io exception
2020-06-09 10:47:43,844 [grpc-default-executor-5] INFO  impl.FollowerInfo (FollowerInfo.java:lambda$new$0(51)) - omNode-1@group-523986131536->omNode-2: nextIndex: updateUnconditionally 146 -> 45
2020-06-09 10:47:43,847 [grpc-default-executor-5] WARN  server.GrpcLogAppender (LogUtils.java:warn(122)) - omNode-1@group-523986131536->omNode-2-AppendLogResponseHandler: Failed appendEntries: org.apache.ratis.thirdparty.io.grpc.StatusRuntimeException: UNAVAILABLE: io exception
2020-06-09 10:47:43,847 [grpc-default-executor-5] INFO  impl.FollowerInfo (FollowerInfo.java:lambda$new$0(51)) - omNode-1@group-523986131536->omNode-2: nextIndex: updateUnconditionally 146 -> 45
2020-06-09 10:47:43,851 [grpc-default-executor-4] WARN  server.GrpcLogAppender (LogUtils.java:warn(122)) - omNode-1@group-523986131536->omNode-2-AppendLogResponseHandler: Failed appendEntries: org.apache.ratis.thirdparty.io.grpc.StatusRuntimeException: UNAVAILABLE: io exception
2020-06-09 10:47:43,851 [grpc-default-executor-4] INFO  impl.FollowerInfo (FollowerInfo.java:lambda$new$0(51)) - omNode-1@group-523986131536->omNode-2: nextIndex: updateUnconditionally 147 -> 45
2020-06-09 10:47:43,852 [grpc-default-executor-4] WARN  server.GrpcLogAppender (LogUtils.java:warn(122)) - omNode-1@group-523986131536->omNode-2-AppendLogResponseHandler: Failed appendEntries: org.apache.ratis.thirdparty.io.grpc.StatusRuntimeException: UNAVAILABLE: io exception
2020-06-09 10:47:43,853 [grpc-default-executor-4] INFO  impl.FollowerInfo (FollowerInfo.java:lambda$new$0(51)) - omNode-1@group-523986131536->omNode-2: nextIndex: updateUnconditionally 147 -> 45
2020-06-09 10:47:43,854 [grpc-default-executor-4] WARN  server.GrpcLogAppender (LogUtils.java:warn(122)) - omNode-1@group-523986131536->omNode-2-AppendLogResponseHandler: Failed appendEntries: org.apache.ratis.thirdparty.io.grpc.StatusRuntimeException: UNAVAILABLE: io exception
2020-06-09 10:47:43,854 [grpc-default-executor-4] INFO  impl.FollowerInfo (FollowerInfo.java:lambda$new$0(51)) - omNode-1@group-523986131536->omNode-2: nextIndex: updateUnconditionally 147 -> 45
2020-06-09 10:47:43,856 [grpc-default-executor-4] WARN  server.GrpcLogAppender (LogUtils.java:warn(122)) - omNode-1@group-523986131536->omNode-2-AppendLogResponseHandler: Failed appendEntries: org.apache.ratis.thirdparty.io.grpc.StatusRuntimeException: UNAVAILABLE: io exception
2020-06-09 10:47:43,857 [grpc-default-executor-4] INFO  impl.FollowerInfo (FollowerInfo.java:lambda$new$0(51)) - omNode-1@group-523986131536->omNode-2: nextIndex: updateUnconditionally 147 -> 45
2020-06-09 10:47:43,859 [grpc-default-executor-5] WARN  server.GrpcLogAppender (LogUtils.java:warn(122)) - omNode-1@group-523986131536->omNode-2-AppendLogResponseHandler: Failed appendEntries: org.apache.ratis.thirdparty.io.grpc.StatusRuntimeException: UNAVAILABLE: io exception
2020-06-09 10:47:43,859 [grpc-default-executor-5] INFO  impl.FollowerInfo (FollowerInfo.java:lambda$new$0(51)) - omNode-1@group-523986131536->omNode-2: nextIndex: updateUnconditionally 147 -> 45
2020-06-09 10:47:43,862 [grpc-default-executor-5] WARN  server.GrpcLogAppender (LogUtils.java:warn(122)) - omNode-1@group-523986131536->omNode-2-AppendLogResponseHandler: Failed appendEntries: org.apache.ratis.thirdparty.io.grpc.StatusRuntimeException: UNAVAILABLE: io exception
2020-06-09 10:47:43,863 [grpc-default-executor-5] INFO  impl.FollowerInfo (FollowerInfo.java:lambda$new$0(51)) - omNode-1@group-523986131536->omNode-2: nextIndex: updateUnconditionally 148 -> 45
2020-06-09 10:47:43,864 [grpc-default-executor-2] WARN  server.GrpcLogAppender (LogUtils.java:warn(122)) - omNode-1@group-523986131536->omNode-2-AppendLogResponseHandler: Failed appendEntries: org.apache.ratis.thirdparty.io.grpc.StatusRuntimeException: UNAVAILABLE: io exception
2020-06-09 10:47:43,864 [grpc-default-executor-2] INFO  impl.FollowerInfo (FollowerInfo.java:lambda$new$0(51)) - omNode-1@group-523986131536->omNode-2: nextIndex: updateUnconditionally 149 -> 45
2020-06-09 10:47:43,868 [grpc-default-executor-2] WARN  server.GrpcLogAppender (LogUtils.java:warn(122)) - omNode-1@group-523986131536->omNode-2-AppendLogResponseHandler: Failed appendEntries: org.apache.ratis.thirdparty.io.grpc.StatusRuntimeException: UNAVAILABLE: io exception
2020-06-09 10:47:43,868 [grpc-default-executor-2] INFO  impl.FollowerInfo (FollowerInfo.java:lambda$new$0(51)) - omNode-1@group-523986131536->omNode-2: nextIndex: updateUnconditionally 149 -> 45
2020-06-09 10:47:43,870 [grpc-default-executor-2] WARN  server.GrpcLogAppender (LogUtils.java:warn(122)) - omNode-1@group-523986131536->omNode-2-AppendLogResponseHandler: Failed appendEntries: org.apache.ratis.thirdparty.io.grpc.StatusRuntimeException: UNAVAILABLE: io exception
2020-06-09 10:47:43,870 [grpc-default-executor-2] INFO  impl.FollowerInfo (FollowerInfo.java:lambda$new$0(51)) - omNode-1@group-523986131536->omNode-2: nextIndex: updateUnconditionally 150 -> 45
2020-06-09 10:47:43,872 [grpc-default-executor-2] WARN  server.GrpcLogAppender (LogUtils.java:warn(122)) - omNode-1@group-523986131536->omNode-2-AppendLogResponseHandler: Failed appendEntries: org.apache.ratis.thirdparty.io.grpc.StatusRuntimeException: UNAVAILABLE: io exception
2020-06-09 10:47:43,873 [grpc-default-executor-2] INFO  impl.FollowerInfo (FollowerInfo.java:lambda$new$0(51)) - omNode-1@group-523986131536->omNode-2: nextIndex: updateUnconditionally 150 -> 45
2020-06-09 10:47:43,875 [grpc-default-executor-2] WARN  server.GrpcLogAppender (LogUtils.java:warn(122)) - omNode-1@group-523986131536->omNode-2-AppendLogResponseHandler: Failed appendEntries: org.apache.ratis.thirdparty.io.grpc.StatusRuntimeException: UNAVAILABLE: io exception
2020-06-09 10:47:43,875 [grpc-default-executor-2] INFO  impl.FollowerInfo (FollowerInfo.java:lambda$new$0(51)) - omNode-1@group-523986131536->omNode-2: nextIndex: updateUnconditionally 150 -> 45
2020-06-09 10:47:43,877 [grpc-default-executor-2] WARN  server.GrpcLogAppender (LogUtils.java:warn(122)) - omNode-1@group-523986131536->omNode-2-AppendLogResponseHandler: Failed appendEntries: org.apache.ratis.thirdparty.io.grpc.StatusRuntimeException: UNAVAILABLE: io exception
2020-06-09 10:47:43,877 [grpc-default-executor-2] INFO  impl.FollowerInfo (FollowerInfo.java:lambda$new$0(51)) - omNode-1@group-523986131536->omNode-2: nextIndex: updateUnconditionally 150 -> 45
2020-06-09 10:47:43,879 [omNode-1@group-523986131536-StateMachineUpdater] INFO  ratis.OzoneManagerStateMachine (OzoneManagerStateMachine.java:takeSnapshot(350)) - Saving Ratis snapshot on the OM.
2020-06-09 10:47:43,880 [omNode-1@group-523986131536-StateMachineUpdater] INFO  ratis.OMRatisSnapshotInfo (OMRatisSnapshotInfo.java:saveRatisSnapshotToDisk(105)) - Saved Ratis Snapshot on the OM with snapshotIndex (t:1, i:148)
2020-06-09 10:47:43,880 [omNode-1@group-523986131536-StateMachineUpdater] INFO  impl.StateMachineUpdater (StateMachineUpdater.java:takeSnapshot(277)) - omNode-1@group-523986131536-StateMachineUpdater: Took a snapshot at index 148
2020-06-09 10:47:43,880 [omNode-1@group-523986131536-StateMachineUpdater] INFO  impl.StateMachineUpdater (StateMachineUpdater.java:lambda$new$0(87)) - omNode-1@group-523986131536-StateMachineUpdater: snapshotIndex: updateIncreasingly 98 -> 148
2020-06-09 10:47:43,880 [grpc-default-executor-2] WARN  server.GrpcLogAppender (LogUtils.java:warn(122)) - omNode-1@group-523986131536->omNode-2-AppendLogResponseHandler: Failed appendEntries: org.apache.ratis.thirdparty.io.grpc.StatusRuntimeException: UNAVAILABLE: io exception
2020-06-09 10:47:43,880 [grpc-default-executor-2] INFO  impl.FollowerInfo (FollowerInfo.java:lambda$new$0(51)) - omNode-1@group-523986131536->omNode-2: nextIndex: updateUnconditionally 150 -> 45
2020-06-09 10:47:43,882 [grpc-default-executor-2] WARN  server.GrpcLogAppender (LogUtils.java:warn(122)) - omNode-1@group-523986131536->omNode-2-AppendLogResponseHandler: Failed appendEntries: org.apache.ratis.thirdparty.io.grpc.StatusRuntimeException: UNAVAILABLE: io exception
2020-06-09 10:47:43,882 [grpc-default-executor-2] INFO  impl.FollowerInfo (FollowerInfo.java:lambda$new$0(51)) - omNode-1@group-523986131536->omNode-2: nextIndex: updateUnconditionally 150 -> 45
2020-06-09 10:47:43,884 [grpc-default-executor-2] WARN  server.GrpcLogAppender (LogUtils.java:warn(122)) - omNode-1@group-523986131536->omNode-2-AppendLogResponseHandler: Failed appendEntries: org.apache.ratis.thirdparty.io.grpc.StatusRuntimeException: UNAVAILABLE: io exception
2020-06-09 10:47:43,884 [grpc-default-executor-2] INFO  impl.FollowerInfo (FollowerInfo.java:lambda$new$0(51)) - omNode-1@group-523986131536->omNode-2: nextIndex: updateUnconditionally 150 -> 45
2020-06-09 10:47:43,886 [grpc-default-executor-2] WARN  server.GrpcLogAppender (LogUtils.java:warn(122)) - omNode-1@group-523986131536->omNode-2-AppendLogResponseHandler: Failed appendEntries: org.apache.ratis.thirdparty.io.grpc.StatusRuntimeException: UNAVAILABLE: io exception
2020-06-09 10:47:43,887 [grpc-default-executor-2] INFO  impl.FollowerInfo (FollowerInfo.java:lambda$new$0(51)) - omNode-1@group-523986131536->omNode-2: nextIndex: updateUnconditionally 150 -> 45
2020-06-09 10:47:43,891 [grpc-default-executor-5] WARN  server.GrpcLogAppender (LogUtils.java:warn(122)) - omNode-1@group-523986131536->omNode-2-AppendLogResponseHandler: Failed appendEntries: org.apache.ratis.thirdparty.io.grpc.StatusRuntimeException: UNAVAILABLE: io exception
2020-06-09 10:47:43,892 [grpc-default-executor-5] INFO  impl.FollowerInfo (FollowerInfo.java:lambda$new$0(51)) - omNode-1@group-523986131536->omNode-2: nextIndex: updateUnconditionally 151 -> 45
2020-06-09 10:47:43,893 [grpc-default-executor-5] WARN  server.GrpcLogAppender (LogUtils.java:warn(122)) - omNode-1@group-523986131536->omNode-2-AppendLogResponseHandler: Failed appendEntries: org.apache.ratis.thirdparty.io.grpc.StatusRuntimeException: UNAVAILABLE: io exception
2020-06-09 10:47:43,893 [grpc-default-executor-5] INFO  impl.FollowerInfo (FollowerInfo.java:lambda$new$0(51)) - omNode-1@group-523986131536->omNode-2: nextIndex: updateUnconditionally 151 -> 45
2020-06-09 10:47:43,894 [omNode-3@group-523986131536-StateMachineUpdater] INFO  ratis.OzoneManagerStateMachine (OzoneManagerStateMachine.java:takeSnapshot(350)) - Saving Ratis snapshot on the OM.
2020-06-09 10:47:43,894 [omNode-3@group-523986131536-StateMachineUpdater] INFO  ratis.OMRatisSnapshotInfo (OMRatisSnapshotInfo.java:saveRatisSnapshotToDisk(105)) - Saved Ratis Snapshot on the OM with snapshotIndex (t:1, i:148)
2020-06-09 10:47:43,894 [omNode-3@group-523986131536-StateMachineUpdater] INFO  impl.StateMachineUpdater (StateMachineUpdater.java:takeSnapshot(277)) - omNode-3@group-523986131536-StateMachineUpdater: Took a snapshot at index 148
2020-06-09 10:47:43,894 [omNode-3@group-523986131536-StateMachineUpdater] INFO  impl.StateMachineUpdater (StateMachineUpdater.java:lambda$new$0(87)) - omNode-3@group-523986131536-StateMachineUpdater: snapshotIndex: updateIncreasingly 99 -> 148
2020-06-09 10:47:43,896 [grpc-default-executor-5] WARN  server.GrpcLogAppender (LogUtils.java:warn(122)) - omNode-1@group-523986131536->omNode-2-AppendLogResponseHandler: Failed appendEntries: org.apache.ratis.thirdparty.io.grpc.StatusRuntimeException: UNAVAILABLE: io exception
2020-06-09 10:47:43,896 [grpc-default-executor-5] INFO  impl.FollowerInfo (FollowerInfo.java:lambda$new$0(51)) - omNode-1@group-523986131536->omNode-2: nextIndex: updateUnconditionally 151 -> 45
2020-06-09 10:47:43,898 [grpc-default-executor-5] WARN  server.GrpcLogAppender (LogUtils.java:warn(122)) - omNode-1@group-523986131536->omNode-2-AppendLogResponseHandler: Failed appendEntries: org.apache.ratis.thirdparty.io.grpc.StatusRuntimeException: UNAVAILABLE: io exception
2020-06-09 10:47:43,898 [grpc-default-executor-5] INFO  impl.FollowerInfo (FollowerInfo.java:lambda$new$0(51)) - omNode-1@group-523986131536->omNode-2: nextIndex: updateUnconditionally 151 -> 45
2020-06-09 10:47:43,900 [IPC Server handler 18 on default port 11520] INFO  segmented.SegmentedRaftLogWorker (SegmentedRaftLogWorker.java:rollLogSegment(402)) - omNode-1@group-523986131536-SegmentedRaftLogWorker: Rolling segment log-77_150 to index:150
2020-06-09 10:47:43,902 [grpc-default-executor-5] WARN  server.GrpcLogAppender (LogUtils.java:warn(122)) - omNode-1@group-523986131536->omNode-2-AppendLogResponseHandler: Failed appendEntries: org.apache.ratis.thirdparty.io.grpc.StatusRuntimeException: UNAVAILABLE: io exception
2020-06-09 10:47:43,905 [omNode-1@group-523986131536-SegmentedRaftLogWorker] INFO  segmented.SegmentedRaftLogWorker (SegmentedRaftLogWorker.java:execute(553)) - omNode-1@group-523986131536-SegmentedRaftLogWorker: Rolled log segment from /github/workspace/mnt/ozone/hadoop-ozone/integration-test/target/test-dir/MiniOzoneClusterImpl-428de9cd-98e2-485e-b164-55ba4e728ea0/omNode-1/ratis/c9bc4cf4-3bc3-3c60-a66b-523986131536/current/log_inprogress_77 to /github/workspace/mnt/ozone/hadoop-ozone/integration-test/target/test-dir/MiniOzoneClusterImpl-428de9cd-98e2-485e-b164-55ba4e728ea0/omNode-1/ratis/c9bc4cf4-3bc3-3c60-a66b-523986131536/current/log_77-150
2020-06-09 10:47:43,905 [grpc-default-executor-5] INFO  impl.FollowerInfo (FollowerInfo.java:lambda$new$0(51)) - omNode-1@group-523986131536->omNode-2: nextIndex: updateUnconditionally 151 -> 45
2020-06-09 10:47:43,906 [grpc-default-executor-5] INFO  segmented.SegmentedRaftLogWorker (SegmentedRaftLogWorker.java:rollLogSegment(402)) - omNode-3@group-523986131536-SegmentedRaftLogWorker: Rolling segment log-77_150 to index:150
2020-06-09 10:47:43,906 [omNode-1@group-523986131536-SegmentedRaftLogWorker] INFO  segmented.SegmentedRaftLogWorker (SegmentedRaftLogWorker.java:execute(596)) - omNode-1@group-523986131536-SegmentedRaftLogWorker: created new log segment /github/workspace/mnt/ozone/hadoop-ozone/integration-test/target/test-dir/MiniOzoneClusterImpl-428de9cd-98e2-485e-b164-55ba4e728ea0/omNode-1/ratis/c9bc4cf4-3bc3-3c60-a66b-523986131536/current/log_inprogress_151
2020-06-09 10:47:43,913 [omNode-3@group-523986131536-SegmentedRaftLogWorker] INFO  segmented.SegmentedRaftLogWorker (SegmentedRaftLogWorker.java:execute(553)) - omNode-3@group-523986131536-SegmentedRaftLogWorker: Rolled log segment from /github/workspace/mnt/ozone/hadoop-ozone/integration-test/target/test-dir/MiniOzoneClusterImpl-428de9cd-98e2-485e-b164-55ba4e728ea0/omNode-3/ratis/c9bc4cf4-3bc3-3c60-a66b-523986131536/current/log_inprogress_77 to /github/workspace/mnt/ozone/hadoop-ozone/integration-test/target/test-dir/MiniOzoneClusterImpl-428de9cd-98e2-485e-b164-55ba4e728ea0/omNode-3/ratis/c9bc4cf4-3bc3-3c60-a66b-523986131536/current/log_77-150
2020-06-09 10:47:43,915 [grpc-default-executor-2] WARN  server.GrpcLogAppender (LogUtils.java:warn(122)) - omNode-1@group-523986131536->omNode-2-AppendLogResponseHandler: Failed appendEntries: org.apache.ratis.thirdparty.io.grpc.StatusRuntimeException: UNAVAILABLE: io exception
2020-06-09 10:47:43,915 [grpc-default-executor-2] INFO  impl.FollowerInfo (FollowerInfo.java:lambda$new$0(51)) - omNode-1@group-523986131536->omNode-2: nextIndex: updateUnconditionally 152 -> 45
2020-06-09 10:47:43,915 [omNode-3@group-523986131536-SegmentedRaftLogWorker] INFO  segmented.SegmentedRaftLogWorker (SegmentedRaftLogWorker.java:execute(596)) - omNode-3@group-523986131536-SegmentedRaftLogWorker: created new log segment /github/workspace/mnt/ozone/hadoop-ozone/integration-test/target/test-dir/MiniOzoneClusterImpl-428de9cd-98e2-485e-b164-55ba4e728ea0/omNode-3/ratis/c9bc4cf4-3bc3-3c60-a66b-523986131536/current/log_inprogress_151
2020-06-09 10:47:43,923 [grpc-default-executor-5] WARN  server.GrpcLogAppender (LogUtils.java:warn(122)) - omNode-1@group-523986131536->omNode-2-AppendLogResponseHandler: Failed appendEntries: org.apache.ratis.thirdparty.io.grpc.StatusRuntimeException: UNAVAILABLE: io exception
2020-06-09 10:47:43,923 [grpc-default-executor-5] INFO  impl.FollowerInfo (FollowerInfo.java:lambda$new$0(51)) - omNode-1@group-523986131536->omNode-2: nextIndex: updateUnconditionally 153 -> 45
2020-06-09 10:47:43,930 [grpc-default-executor-2] WARN  server.GrpcLogAppender (LogUtils.java:warn(122)) - omNode-1@group-523986131536->omNode-2-AppendLogResponseHandler: Failed appendEntries: org.apache.ratis.thirdparty.io.grpc.StatusRuntimeException: UNAVAILABLE: io exception
2020-06-09 10:47:43,930 [grpc-default-executor-2] INFO  impl.FollowerInfo (FollowerInfo.java:lambda$new$0(51)) - omNode-1@group-523986131536->omNode-2: nextIndex: updateUnconditionally 153 -> 45
2020-06-09 10:47:43,933 [grpc-default-executor-2] WARN  server.GrpcLogAppender (LogUtils.java:warn(122)) - omNode-1@group-523986131536->omNode-2-AppendLogResponseHandler: Failed appendEntries: org.apache.ratis.thirdparty.io.grpc.StatusRuntimeException: UNAVAILABLE: io exception
2020-06-09 10:47:43,933 [grpc-default-executor-2] INFO  impl.FollowerInfo (FollowerInfo.java:lambda$new$0(51)) - omNode-1@group-523986131536->omNode-2: nextIndex: updateUnconditionally 154 -> 45
2020-06-09 10:47:43,936 [grpc-default-executor-5] WARN  server.GrpcLogAppender (LogUtils.java:warn(122)) - omNode-1@group-523986131536->omNode-2-AppendLogResponseHandler: Failed appendEntries: org.apache.ratis.thirdparty.io.grpc.StatusRuntimeException: UNAVAILABLE: io exception
2020-06-09 10:47:43,936 [grpc-default-executor-5] INFO  impl.FollowerInfo (FollowerInfo.java:lambda$new$0(51)) - omNode-1@group-523986131536->omNode-2: nextIndex: updateUnconditionally 155 -> 45
2020-06-09 10:47:43,942 [grpc-default-executor-5] WARN  server.GrpcLogAppender (LogUtils.java:warn(122)) - omNode-1@group-523986131536->omNode-2-AppendLogResponseHandler: Failed appendEntries: org.apache.ratis.thirdparty.io.grpc.StatusRuntimeException: UNAVAILABLE: io exception
2020-06-09 10:47:43,942 [grpc-default-executor-5] INFO  impl.FollowerInfo (FollowerInfo.java:lambda$new$0(51)) - omNode-1@group-523986131536->omNode-2: nextIndex: updateUnconditionally 155 -> 45
2020-06-09 10:47:43,945 [grpc-default-executor-5] WARN  server.GrpcLogAppender (LogUtils.java:warn(122)) - omNode-1@group-523986131536->omNode-2-AppendLogResponseHandler: Failed appendEntries: org.apache.ratis.thirdparty.io.grpc.StatusRuntimeException: UNAVAILABLE: io exception
2020-06-09 10:47:43,945 [grpc-default-executor-5] INFO  impl.FollowerInfo (FollowerInfo.java:lambda$new$0(51)) - omNode-1@group-523986131536->omNode-2: nextIndex: updateUnconditionally 156 -> 45
2020-06-09 10:47:43,954 [grpc-default-executor-4] WARN  server.GrpcLogAppender (LogUtils.java:warn(122)) - omNode-1@group-523986131536->omNode-2-AppendLogResponseHandler: Failed appendEntries: org.apache.ratis.thirdparty.io.grpc.StatusRuntimeException: UNAVAILABLE: io exception
2020-06-09 10:47:43,954 [grpc-default-executor-4] INFO  impl.FollowerInfo (FollowerInfo.java:lambda$new$0(51)) - omNode-1@group-523986131536->omNode-2: nextIndex: updateUnconditionally 157 -> 45
2020-06-09 10:47:43,957 [grpc-default-executor-5] WARN  server.GrpcLogAppender (LogUtils.java:warn(122)) - omNode-1@group-523986131536->omNode-2-AppendLogResponseHandler: Failed appendEntries: org.apache.ratis.thirdparty.io.grpc.StatusRuntimeException: UNAVAILABLE: io exception
2020-06-09 10:47:43,957 [grpc-default-executor-5] INFO  impl.FollowerInfo (FollowerInfo.java:lambda$new$0(51)) - omNode-1@group-523986131536->omNode-2: nextIndex: updateUnconditionally 158 -> 45
2020-06-09 10:47:43,959 [grpc-default-executor-4] WARN  server.GrpcLogAppender (LogUtils.java:warn(122)) - omNode-1@group-523986131536->omNode-2-AppendLogResponseHandler: Failed appendEntries: org.apache.ratis.thirdparty.io.grpc.StatusRuntimeException: UNAVAILABLE: io exception
2020-06-09 10:47:43,959 [grpc-default-executor-4] INFO  impl.FollowerInfo (FollowerInfo.java:lambda$new$0(51)) - omNode-1@group-523986131536->omNode-2: nextIndex: updateUnconditionally 158 -> 45
2020-06-09 10:47:43,968 [grpc-default-executor-3] WARN  server.GrpcLogAppender (LogUtils.java:warn(122)) - omNode-1@group-523986131536->omNode-2-AppendLogResponseHandler: Failed appendEntries: org.apache.ratis.thirdparty.io.grpc.StatusRuntimeException: UNAVAILABLE: io exception
2020-06-09 10:47:43,968 [grpc-default-executor-3] INFO  impl.FollowerInfo (FollowerInfo.java:lambda$new$0(51)) - omNode-1@group-523986131536->omNode-2: nextIndex: updateUnconditionally 159 -> 45
2020-06-09 10:47:43,979 [grpc-default-executor-2] WARN  server.GrpcLogAppender (LogUtils.java:warn(122)) - omNode-1@group-523986131536->omNode-2-AppendLogResponseHandler: Failed appendEntries: org.apache.ratis.thirdparty.io.grpc.StatusRuntimeException: UNAVAILABLE: io exception
2020-06-09 10:47:43,979 [grpc-default-executor-2] INFO  impl.FollowerInfo (FollowerInfo.java:lambda$new$0(51)) - omNode-1@group-523986131536->omNode-2: nextIndex: updateUnconditionally 159 -> 45
2020-06-09 10:47:43,980 [grpc-default-executor-4] WARN  server.GrpcLogAppender (LogUtils.java:warn(122)) - omNode-1@group-523986131536->omNode-2-AppendLogResponseHandler: Failed appendEntries: org.apache.ratis.thirdparty.io.grpc.StatusRuntimeException: UNAVAILABLE: io exception
2020-06-09 10:47:43,980 [grpc-default-executor-4] INFO  impl.FollowerInfo (FollowerInfo.java:lambda$new$0(51)) - omNode-1@group-523986131536->omNode-2: nextIndex: updateUnconditionally 160 -> 45
2020-06-09 10:47:43,985 [grpc-default-executor-2] WARN  server.GrpcLogAppender (LogUtils.java:warn(122)) - omNode-1@group-523986131536->omNode-2-AppendLogResponseHandler: Failed appendEntries: org.apache.ratis.thirdparty.io.grpc.StatusRuntimeException: UNAVAILABLE: io exception
2020-06-09 10:47:43,985 [grpc-default-executor-2] INFO  impl.FollowerInfo (FollowerInfo.java:lambda$new$0(51)) - omNode-1@group-523986131536->omNode-2: nextIndex: updateUnconditionally 161 -> 45
2020-06-09 10:47:43,987 [grpc-default-executor-2] WARN  server.GrpcLogAppender (LogUtils.java:warn(122)) - omNode-1@group-523986131536->omNode-2-AppendLogResponseHandler: Failed appendEntries: org.apache.ratis.thirdparty.io.grpc.StatusRuntimeException: UNAVAILABLE: io exception
2020-06-09 10:47:43,988 [grpc-default-executor-2] INFO  impl.FollowerInfo (FollowerInfo.java:lambda$new$0(51)) - omNode-1@group-523986131536->omNode-2: nextIndex: updateUnconditionally 162 -> 45
2020-06-09 10:47:43,994 [grpc-default-executor-4] WARN  server.GrpcLogAppender (LogUtils.java:warn(122)) - omNode-1@group-523986131536->omNode-2-AppendLogResponseHandler: Failed appendEntries: org.apache.ratis.thirdparty.io.grpc.StatusRuntimeException: UNAVAILABLE: io exception
2020-06-09 10:47:43,995 [grpc-default-executor-4] INFO  impl.FollowerInfo (FollowerInfo.java:lambda$new$0(51)) - omNode-1@group-523986131536->omNode-2: nextIndex: updateUnconditionally 162 -> 45
2020-06-09 10:47:44,002 [grpc-default-executor-2] WARN  server.GrpcLogAppender (LogUtils.java:warn(122)) - omNode-1@group-523986131536->omNode-2-AppendLogResponseHandler: Failed appendEntries: org.apache.ratis.thirdparty.io.grpc.StatusRuntimeException: UNAVAILABLE: io exception
2020-06-09 10:47:44,002 [grpc-default-executor-2] INFO  impl.FollowerInfo (FollowerInfo.java:lambda$new$0(51)) - omNode-1@group-523986131536->omNode-2: nextIndex: updateUnconditionally 163 -> 45
2020-06-09 10:47:44,005 [grpc-default-executor-3] WARN  server.GrpcLogAppender (LogUtils.java:warn(122)) - omNode-1@group-523986131536->omNode-2-AppendLogResponseHandler: Failed appendEntries: org.apache.ratis.thirdparty.io.grpc.StatusRuntimeException: UNAVAILABLE: io exception
2020-06-09 10:47:44,005 [grpc-default-executor-3] INFO  impl.FollowerInfo (FollowerInfo.java:lambda$new$0(51)) - omNode-1@group-523986131536->omNode-2: nextIndex: updateUnconditionally 163 -> 45
2020-06-09 10:47:44,013 [grpc-default-executor-2] WARN  server.GrpcLogAppender (LogUtils.java:warn(122)) - omNode-1@group-523986131536->omNode-2-AppendLogResponseHandler: Failed appendEntries: org.apache.ratis.thirdparty.io.grpc.StatusRuntimeException: UNAVAILABLE: io exception
2020-06-09 10:47:44,014 [grpc-default-executor-2] INFO  impl.FollowerInfo (FollowerInfo.java:lambda$new$0(51)) - omNode-1@group-523986131536->omNode-2: nextIndex: updateUnconditionally 164 -> 45
2020-06-09 10:47:44,023 [grpc-default-executor-3] WARN  server.GrpcLogAppender (LogUtils.java:warn(122)) - omNode-1@group-523986131536->omNode-2-AppendLogResponseHandler: Failed appendEntries: org.apache.ratis.thirdparty.io.grpc.StatusRuntimeException: UNAVAILABLE: io exception
2020-06-09 10:47:44,023 [grpc-default-executor-3] INFO  impl.FollowerInfo (FollowerInfo.java:lambda$new$0(51)) - omNode-1@group-523986131536->omNode-2: nextIndex: updateUnconditionally 165 -> 45
2020-06-09 10:47:44,026 [grpc-default-executor-4] WARN  server.GrpcLogAppender (LogUtils.java:warn(122)) - omNode-1@group-523986131536->omNode-2-AppendLogResponseHandler: Failed appendEntries: org.apache.ratis.thirdparty.io.grpc.StatusRuntimeException: UNAVAILABLE: io exception
2020-06-09 10:47:44,026 [grpc-default-executor-4] INFO  impl.FollowerInfo (FollowerInfo.java:lambda$new$0(51)) - omNode-1@group-523986131536->omNode-2: nextIndex: updateUnconditionally 166 -> 45
2020-06-09 10:47:44,040 [grpc-default-executor-4] WARN  server.GrpcLogAppender (LogUtils.java:warn(122)) - omNode-1@group-523986131536->omNode-2-AppendLogResponseHandler: Failed appendEntries: org.apache.ratis.thirdparty.io.grpc.StatusRuntimeException: UNAVAILABLE: io exception
2020-06-09 10:47:44,040 [grpc-default-executor-4] INFO  impl.FollowerInfo (FollowerInfo.java:lambda$new$0(51)) - omNode-1@group-523986131536->omNode-2: nextIndex: updateUnconditionally 166 -> 45
2020-06-09 10:47:44,044 [grpc-default-executor-2] WARN  server.GrpcLogAppender (LogUtils.java:warn(122)) - omNode-1@group-523986131536->omNode-2-AppendLogResponseHandler: Failed appendEntries: org.apache.ratis.thirdparty.io.grpc.StatusRuntimeException: UNAVAILABLE: io exception
2020-06-09 10:47:44,045 [grpc-default-executor-2] INFO  impl.FollowerInfo (FollowerInfo.java:lambda$new$0(51)) - omNode-1@group-523986131536->omNode-2: nextIndex: updateUnconditionally 167 -> 45
2020-06-09 10:47:44,050 [grpc-default-executor-2] WARN  server.GrpcLogAppender (LogUtils.java:warn(122)) - omNode-1@group-523986131536->omNode-2-AppendLogResponseHandler: Failed appendEntries: org.apache.ratis.thirdparty.io.grpc.StatusRuntimeException: UNAVAILABLE: io exception
2020-06-09 10:47:44,050 [grpc-default-executor-2] INFO  impl.FollowerInfo (FollowerInfo.java:lambda$new$0(51)) - omNode-1@group-523986131536->omNode-2: nextIndex: updateUnconditionally 168 -> 45
2020-06-09 10:47:44,053 [grpc-default-executor-4] WARN  server.GrpcLogAppender (LogUtils.java:warn(122)) - omNode-1@group-523986131536->omNode-2-AppendLogResponseHandler: Failed appendEntries: org.apache.ratis.thirdparty.io.grpc.StatusRuntimeException: UNAVAILABLE: io exception
2020-06-09 10:47:44,053 [grpc-default-executor-4] INFO  impl.FollowerInfo (FollowerInfo.java:lambda$new$0(51)) - omNode-1@group-523986131536->omNode-2: nextIndex: updateUnconditionally 169 -> 45
2020-06-09 10:47:44,057 [grpc-default-executor-3] WARN  server.GrpcLogAppender (LogUtils.java:warn(122)) - omNode-1@group-523986131536->omNode-2-AppendLogResponseHandler: Failed appendEntries: org.apache.ratis.thirdparty.io.grpc.StatusRuntimeException: UNAVAILABLE: io exception
2020-06-09 10:47:44,057 [grpc-default-executor-3] INFO  impl.FollowerInfo (FollowerInfo.java:lambda$new$0(51)) - omNode-1@group-523986131536->omNode-2: nextIndex: updateUnconditionally 170 -> 45
2020-06-09 10:47:44,059 [grpc-default-executor-3] WARN  server.GrpcLogAppender (LogUtils.java:warn(122)) - omNode-1@group-523986131536->omNode-2-AppendLogResponseHandler: Failed appendEntries: org.apache.ratis.thirdparty.io.grpc.StatusRuntimeException: UNAVAILABLE: io exception
2020-06-09 10:47:44,059 [grpc-default-executor-3] INFO  impl.FollowerInfo (FollowerInfo.java:lambda$new$0(51)) - omNode-1@group-523986131536->omNode-2: nextIndex: updateUnconditionally 170 -> 45
2020-06-09 10:47:44,063 [grpc-default-executor-4] WARN  server.GrpcLogAppender (LogUtils.java:warn(122)) - omNode-1@group-523986131536->omNode-2-AppendLogResponseHandler: Failed appendEntries: org.apache.ratis.thirdparty.io.grpc.StatusRuntimeException: UNAVAILABLE: io exception
2020-06-09 10:47:44,063 [grpc-default-executor-4] INFO  impl.FollowerInfo (FollowerInfo.java:lambda$new$0(51)) - omNode-1@group-523986131536->omNode-2: nextIndex: updateUnconditionally 171 -> 45
2020-06-09 10:47:44,068 [grpc-default-executor-4] WARN  server.GrpcLogAppender (LogUtils.java:warn(122)) - omNode-1@group-523986131536->omNode-2-AppendLogResponseHandler: Failed appendEntries: org.apache.ratis.thirdparty.io.grpc.StatusRuntimeException: UNAVAILABLE: io exception
2020-06-09 10:47:44,068 [grpc-default-executor-4] INFO  impl.FollowerInfo (FollowerInfo.java:lambda$new$0(51)) - omNode-1@group-523986131536->omNode-2: nextIndex: updateUnconditionally 171 -> 45
2020-06-09 10:47:44,074 [grpc-default-executor-3] WARN  server.GrpcLogAppender (LogUtils.java:warn(122)) - omNode-1@group-523986131536->omNode-2-AppendLogResponseHandler: Failed appendEntries: org.apache.ratis.thirdparty.io.grpc.StatusRuntimeException: UNAVAILABLE: io exception
2020-06-09 10:47:44,074 [grpc-default-executor-3] INFO  impl.FollowerInfo (FollowerInfo.java:lambda$new$0(51)) - omNode-1@group-523986131536->omNode-2: nextIndex: updateUnconditionally 172 -> 45
2020-06-09 10:47:44,084 [grpc-default-executor-4] WARN  server.GrpcLogAppender (LogUtils.java:warn(122)) - omNode-1@group-523986131536->omNode-2-AppendLogResponseHandler: Failed appendEntries: org.apache.ratis.thirdparty.io.grpc.StatusRuntimeException: UNAVAILABLE: io exception
2020-06-09 10:47:44,084 [grpc-default-executor-4] INFO  impl.FollowerInfo (FollowerInfo.java:lambda$new$0(51)) - omNode-1@group-523986131536->omNode-2: nextIndex: updateUnconditionally 173 -> 45
2020-06-09 10:47:44,088 [grpc-default-executor-2] WARN  server.GrpcLogAppender (LogUtils.java:warn(122)) - omNode-1@group-523986131536->omNode-2-AppendLogResponseHandler: Failed appendEntries: org.apache.ratis.thirdparty.io.grpc.StatusRuntimeException: UNAVAILABLE: io exception
2020-06-09 10:47:44,088 [grpc-default-executor-2] INFO  impl.FollowerInfo (FollowerInfo.java:lambda$new$0(51)) - omNode-1@group-523986131536->omNode-2: nextIndex: updateUnconditionally 174 -> 45
2020-06-09 10:47:44,093 [grpc-default-executor-3] WARN  server.GrpcLogAppender (LogUtils.java:warn(122)) - omNode-1@group-523986131536->omNode-2-AppendLogResponseHandler: Failed appendEntries: org.apache.ratis.thirdparty.io.grpc.StatusRuntimeException: UNAVAILABLE: io exception
2020-06-09 10:47:44,093 [grpc-default-executor-3] INFO  impl.FollowerInfo (FollowerInfo.java:lambda$new$0(51)) - omNode-1@group-523986131536->omNode-2: nextIndex: updateUnconditionally 175 -> 45
2020-06-09 10:47:44,098 [grpc-default-executor-3] WARN  server.GrpcLogAppender (LogUtils.java:warn(122)) - omNode-1@group-523986131536->omNode-2-AppendLogResponseHandler: Failed appendEntries: org.apache.ratis.thirdparty.io.grpc.StatusRuntimeException: UNAVAILABLE: io exception
2020-06-09 10:47:44,098 [grpc-default-executor-3] INFO  impl.FollowerInfo (FollowerInfo.java:lambda$new$0(51)) - omNode-1@group-523986131536->omNode-2: nextIndex: updateUnconditionally 175 -> 45
2020-06-09 10:47:44,105 [grpc-default-executor-3] WARN  server.GrpcLogAppender (LogUtils.java:warn(122)) - omNode-1@group-523986131536->omNode-2-AppendLogResponseHandler: Failed appendEntries: org.apache.ratis.thirdparty.io.grpc.StatusRuntimeException: UNAVAILABLE: io exception
2020-06-09 10:47:44,105 [grpc-default-executor-3] INFO  impl.FollowerInfo (FollowerInfo.java:lambda$new$0(51)) - omNode-1@group-523986131536->omNode-2: nextIndex: updateUnconditionally 176 -> 45
2020-06-09 10:47:44,110 [grpc-default-executor-3] WARN  server.GrpcLogAppender (LogUtils.java:warn(122)) - omNode-1@group-523986131536->omNode-2-AppendLogResponseHandler: Failed appendEntries: org.apache.ratis.thirdparty.io.grpc.StatusRuntimeException: UNAVAILABLE: io exception
2020-06-09 10:47:44,110 [grpc-default-executor-3] INFO  impl.FollowerInfo (FollowerInfo.java:lambda$new$0(51)) - omNode-1@group-523986131536->omNode-2: nextIndex: updateUnconditionally 177 -> 45
2020-06-09 10:47:44,113 [grpc-default-executor-3] WARN  server.GrpcLogAppender (LogUtils.java:warn(122)) - omNode-1@group-523986131536->omNode-2-AppendLogResponseHandler: Failed appendEntries: org.apache.ratis.thirdparty.io.grpc.StatusRuntimeException: UNAVAILABLE: io exception
2020-06-09 10:47:44,113 [grpc-default-executor-3] INFO  impl.FollowerInfo (FollowerInfo.java:lambda$new$0(51)) - omNode-1@group-523986131536->omNode-2: nextIndex: updateUnconditionally 178 -> 45
2020-06-09 10:47:44,116 [grpc-default-executor-3] WARN  server.GrpcLogAppender (LogUtils.java:warn(122)) - omNode-1@group-523986131536->omNode-2-AppendLogResponseHandler: Failed appendEntries: org.apache.ratis.thirdparty.io.grpc.StatusRuntimeException: UNAVAILABLE: io exception
2020-06-09 10:47:44,116 [grpc-default-executor-3] INFO  impl.FollowerInfo (FollowerInfo.java:lambda$new$0(51)) - omNode-1@group-523986131536->omNode-2: nextIndex: updateUnconditionally 178 -> 45
2020-06-09 10:47:44,117 [grpc-default-executor-3] WARN  server.GrpcLogAppender (LogUtils.java:warn(122)) - omNode-1@group-523986131536->omNode-2-AppendLogResponseHandler: Failed appendEntries: org.apache.ratis.thirdparty.io.grpc.StatusRuntimeException: UNAVAILABLE: io exception
2020-06-09 10:47:44,118 [grpc-default-executor-3] INFO  impl.FollowerInfo (FollowerInfo.java:lambda$new$0(51)) - omNode-1@group-523986131536->omNode-2: nextIndex: updateUnconditionally 178 -> 45
2020-06-09 10:47:44,119 [grpc-default-executor-3] WARN  server.GrpcLogAppender (LogUtils.java:warn(122)) - omNode-1@group-523986131536->omNode-2-AppendLogResponseHandler: Failed appendEntries: org.apache.ratis.thirdparty.io.grpc.StatusRuntimeException: UNAVAILABLE: io exception
2020-06-09 10:47:44,119 [grpc-default-executor-3] INFO  impl.FollowerInfo (FollowerInfo.java:lambda$new$0(51)) - omNode-1@group-523986131536->omNode-2: nextIndex: updateUnconditionally 178 -> 45
2020-06-09 10:47:44,122 [grpc-default-executor-3] WARN  server.GrpcLogAppender (LogUtils.java:warn(122)) - omNode-1@group-523986131536->omNode-2-AppendLogResponseHandler: Failed appendEntries: org.apache.ratis.thirdparty.io.grpc.StatusRuntimeException: UNAVAILABLE: io exception
2020-06-09 10:47:44,122 [grpc-default-executor-3] INFO  impl.FollowerInfo (FollowerInfo.java:lambda$new$0(51)) - omNode-1@group-523986131536->omNode-2: nextIndex: updateUnconditionally 178 -> 45
2020-06-09 10:47:44,125 [grpc-default-executor-4] WARN  server.GrpcLogAppender (LogUtils.java:warn(122)) - omNode-1@group-523986131536->omNode-2-AppendLogResponseHandler: Failed appendEntries: org.apache.ratis.thirdparty.io.grpc.StatusRuntimeException: UNAVAILABLE: io exception
2020-06-09 10:47:44,125 [grpc-default-executor-4] INFO  impl.FollowerInfo (FollowerInfo.java:lambda$new$0(51)) - omNode-1@group-523986131536->omNode-2: nextIndex: updateUnconditionally 179 -> 45
2020-06-09 10:47:44,128 [grpc-default-executor-4] WARN  server.GrpcLogAppender (LogUtils.java:warn(122)) - omNode-1@group-523986131536->omNode-2-AppendLogResponseHandler: Failed appendEntries: org.apache.ratis.thirdparty.io.grpc.StatusRuntimeException: UNAVAILABLE: io exception
2020-06-09 10:47:44,128 [grpc-default-executor-4] INFO  impl.FollowerInfo (FollowerInfo.java:lambda$new$0(51)) - omNode-1@group-523986131536->omNode-2: nextIndex: updateUnconditionally 179 -> 45
2020-06-09 10:47:44,130 [grpc-default-executor-2] WARN  server.GrpcLogAppender (LogUtils.java:warn(122)) - omNode-1@group-523986131536->omNode-2-AppendLogResponseHandler: Failed appendEntries: org.apache.ratis.thirdparty.io.grpc.StatusRuntimeException: UNAVAILABLE: io exception
2020-06-09 10:47:44,130 [grpc-default-executor-2] INFO  impl.FollowerInfo (FollowerInfo.java:lambda$new$0(51)) - omNode-1@group-523986131536->omNode-2: nextIndex: updateUnconditionally 180 -> 45
2020-06-09 10:47:44,136 [grpc-default-executor-4] WARN  server.GrpcLogAppender (LogUtils.java:warn(122)) - omNode-1@group-523986131536->omNode-2-AppendLogResponseHandler: Failed appendEntries: org.apache.ratis.thirdparty.io.grpc.StatusRuntimeException: UNAVAILABLE: io exception
2020-06-09 10:47:44,137 [grpc-default-executor-4] INFO  impl.FollowerInfo (FollowerInfo.java:lambda$new$0(51)) - omNode-1@group-523986131536->omNode-2: nextIndex: updateUnconditionally 181 -> 45
2020-06-09 10:47:44,142 [grpc-default-executor-4] WARN  server.GrpcLogAppender (LogUtils.java:warn(122)) - omNode-1@group-523986131536->omNode-2-AppendLogResponseHandler: Failed appendEntries: org.apache.ratis.thirdparty.io.grpc.StatusRuntimeException: UNAVAILABLE: io exception
2020-06-09 10:47:44,142 [grpc-default-executor-4] INFO  impl.FollowerInfo (FollowerInfo.java:lambda$new$0(51)) - omNode-1@group-523986131536->omNode-2: nextIndex: updateUnconditionally 182 -> 45
2020-06-09 10:47:44,144 [grpc-default-executor-2] WARN  server.GrpcLogAppender (LogUtils.java:warn(122)) - omNode-1@group-523986131536->omNode-2-AppendLogResponseHandler: Failed appendEntries: org.apache.ratis.thirdparty.io.grpc.StatusRuntimeException: UNAVAILABLE: io exception
2020-06-09 10:47:44,144 [grpc-default-executor-2] INFO  impl.FollowerInfo (FollowerInfo.java:lambda$new$0(51)) - omNode-1@group-523986131536->omNode-2: nextIndex: updateUnconditionally 182 -> 45
2020-06-09 10:47:44,147 [grpc-default-executor-3] WARN  server.GrpcLogAppender (LogUtils.java:warn(122)) - omNode-1@group-523986131536->omNode-2-AppendLogResponseHandler: Failed appendEntries: org.apache.ratis.thirdparty.io.grpc.StatusRuntimeException: UNAVAILABLE: io exception
2020-06-09 10:47:44,147 [grpc-default-executor-3] INFO  impl.FollowerInfo (FollowerInfo.java:lambda$new$0(51)) - omNode-1@group-523986131536->omNode-2: nextIndex: updateUnconditionally 183 -> 45
2020-06-09 10:47:44,151 [grpc-default-executor-3] WARN  server.GrpcLogAppender (LogUtils.java:warn(122)) - omNode-1@group-523986131536->omNode-2-AppendLogResponseHandler: Failed appendEntries: org.apache.ratis.thirdparty.io.grpc.StatusRuntimeException: UNAVAILABLE: io exception
2020-06-09 10:47:44,151 [grpc-default-executor-3] INFO  impl.FollowerInfo (FollowerInfo.java:lambda$new$0(51)) - omNode-1@group-523986131536->omNode-2: nextIndex: updateUnconditionally 183 -> 45
2020-06-09 10:47:44,156 [grpc-default-executor-2] WARN  server.GrpcLogAppender (LogUtils.java:warn(122)) - omNode-1@group-523986131536->omNode-2-AppendLogResponseHandler: Failed appendEntries: org.apache.ratis.thirdparty.io.grpc.StatusRuntimeException: UNAVAILABLE: io exception
2020-06-09 10:47:44,157 [grpc-default-executor-2] INFO  impl.FollowerInfo (FollowerInfo.java:lambda$new$0(51)) - omNode-1@group-523986131536->omNode-2: nextIndex: updateUnconditionally 184 -> 45
2020-06-09 10:47:44,161 [grpc-default-executor-3] WARN  server.GrpcLogAppender (LogUtils.java:warn(122)) - omNode-1@group-523986131536->omNode-2-AppendLogResponseHandler: Failed appendEntries: org.apache.ratis.thirdparty.io.grpc.StatusRuntimeException: UNAVAILABLE: io exception
2020-06-09 10:47:44,161 [grpc-default-executor-3] INFO  impl.FollowerInfo (FollowerInfo.java:lambda$new$0(51)) - omNode-1@group-523986131536->omNode-2: nextIndex: updateUnconditionally 185 -> 45
2020-06-09 10:47:44,163 [grpc-default-executor-2] WARN  server.GrpcLogAppender (LogUtils.java:warn(122)) - omNode-1@group-523986131536->omNode-2-AppendLogResponseHandler: Failed appendEntries: org.apache.ratis.thirdparty.io.grpc.StatusRuntimeException: UNAVAILABLE: io exception
2020-06-09 10:47:44,163 [grpc-default-executor-2] INFO  impl.FollowerInfo (FollowerInfo.java:lambda$new$0(51)) - omNode-1@group-523986131536->omNode-2: nextIndex: updateUnconditionally 186 -> 45
2020-06-09 10:47:44,171 [grpc-default-executor-3] WARN  server.GrpcLogAppender (LogUtils.java:warn(122)) - omNode-1@group-523986131536->omNode-2-AppendLogResponseHandler: Failed appendEntries: org.apache.ratis.thirdparty.io.grpc.StatusRuntimeException: UNAVAILABLE: io exception
2020-06-09 10:47:44,171 [grpc-default-executor-3] INFO  impl.FollowerInfo (FollowerInfo.java:lambda$new$0(51)) - omNode-1@group-523986131536->omNode-2: nextIndex: updateUnconditionally 186 -> 45
2020-06-09 10:47:44,175 [grpc-default-executor-4] WARN  server.GrpcLogAppender (LogUtils.java:warn(122)) - omNode-1@group-523986131536->omNode-2-AppendLogResponseHandler: Failed appendEntries: org.apache.ratis.thirdparty.io.grpc.StatusRuntimeException: UNAVAILABLE: io exception
2020-06-09 10:47:44,176 [grpc-default-executor-4] INFO  impl.FollowerInfo (FollowerInfo.java:lambda$new$0(51)) - omNode-1@group-523986131536->omNode-2: nextIndex: updateUnconditionally 187 -> 45
2020-06-09 10:47:44,183 [grpc-default-executor-4] WARN  server.GrpcLogAppender (LogUtils.java:warn(122)) - omNode-1@group-523986131536->omNode-2-AppendLogResponseHandler: Failed appendEntries: org.apache.ratis.thirdparty.io.grpc.StatusRuntimeException: UNAVAILABLE: io exception
2020-06-09 10:47:44,183 [grpc-default-executor-4] INFO  impl.FollowerInfo (FollowerInfo.java:lambda$new$0(51)) - omNode-1@group-523986131536->omNode-2: nextIndex: updateUnconditionally 187 -> 45
2020-06-09 10:47:44,185 [grpc-default-executor-2] WARN  server.GrpcLogAppender (LogUtils.java:warn(122)) - omNode-1@group-523986131536->omNode-2-AppendLogResponseHandler: Failed appendEntries: org.apache.ratis.thirdparty.io.grpc.StatusRuntimeException: UNAVAILABLE: io exception
2020-06-09 10:47:44,185 [grpc-default-executor-2] INFO  impl.FollowerInfo (FollowerInfo.java:lambda$new$0(51)) - omNode-1@group-523986131536->omNode-2: nextIndex: updateUnconditionally 189 -> 45
2020-06-09 10:47:44,190 [grpc-default-executor-3] WARN  server.GrpcLogAppender (LogUtils.java:warn(122)) - omNode-1@group-523986131536->omNode-2-AppendLogResponseHandler: Failed appendEntries: org.apache.ratis.thirdparty.io.grpc.StatusRuntimeException: UNAVAILABLE: io exception
2020-06-09 10:47:44,190 [grpc-default-executor-3] INFO  impl.FollowerInfo (FollowerInfo.java:lambda$new$0(51)) - omNode-1@group-523986131536->omNode-2: nextIndex: updateUnconditionally 189 -> 45
2020-06-09 10:47:44,193 [grpc-default-executor-4] WARN  server.GrpcLogAppender (LogUtils.java:warn(122)) - omNode-1@group-523986131536->omNode-2-AppendLogResponseHandler: Failed appendEntries: org.apache.ratis.thirdparty.io.grpc.StatusRuntimeException: UNAVAILABLE: io exception
2020-06-09 10:47:44,193 [grpc-default-executor-4] INFO  impl.FollowerInfo (FollowerInfo.java:lambda$new$0(51)) - omNode-1@group-523986131536->omNode-2: nextIndex: updateUnconditionally 191 -> 45
2020-06-09 10:47:44,199 [grpc-default-executor-3] WARN  server.GrpcLogAppender (LogUtils.java:warn(122)) - omNode-1@group-523986131536->omNode-2-AppendLogResponseHandler: Failed appendEntries: org.apache.ratis.thirdparty.io.grpc.StatusRuntimeException: UNAVAILABLE: io exception
2020-06-09 10:47:44,199 [grpc-default-executor-3] INFO  impl.FollowerInfo (FollowerInfo.java:lambda$new$0(51)) - omNode-1@group-523986131536->omNode-2: nextIndex: updateUnconditionally 191 -> 45
2020-06-09 10:47:44,203 [grpc-default-executor-2] WARN  server.GrpcLogAppender (LogUtils.java:warn(122)) - omNode-1@group-523986131536->omNode-2-AppendLogResponseHandler: Failed appendEntries: org.apache.ratis.thirdparty.io.grpc.StatusRuntimeException: UNAVAILABLE: io exception
2020-06-09 10:47:44,203 [grpc-default-executor-2] INFO  impl.FollowerInfo (FollowerInfo.java:lambda$new$0(51)) - omNode-1@group-523986131536->omNode-2: nextIndex: updateUnconditionally 192 -> 45
2020-06-09 10:47:44,211 [grpc-default-executor-4] WARN  server.GrpcLogAppender (LogUtils.java:warn(122)) - omNode-1@group-523986131536->omNode-2-AppendLogResponseHandler: Failed appendEntries: org.apache.ratis.thirdparty.io.grpc.StatusRuntimeException: UNAVAILABLE: io exception
2020-06-09 10:47:44,211 [grpc-default-executor-4] INFO  impl.FollowerInfo (FollowerInfo.java:lambda$new$0(51)) - omNode-1@group-523986131536->omNode-2: nextIndex: updateUnconditionally 193 -> 45
2020-06-09 10:47:44,214 [grpc-default-executor-4] WARN  server.GrpcLogAppender (LogUtils.java:warn(122)) - omNode-1@group-523986131536->omNode-2-AppendLogResponseHandler: Failed appendEntries: org.apache.ratis.thirdparty.io.grpc.StatusRuntimeException: UNAVAILABLE: io exception
2020-06-09 10:47:44,214 [grpc-default-executor-4] INFO  impl.FollowerInfo (FollowerInfo.java:lambda$new$0(51)) - omNode-1@group-523986131536->omNode-2: nextIndex: updateUnconditionally 194 -> 45
2020-06-09 10:47:44,225 [grpc-default-executor-2] WARN  server.GrpcLogAppender (LogUtils.java:warn(122)) - omNode-1@group-523986131536->omNode-2-AppendLogResponseHandler: Failed appendEntries: org.apache.ratis.thirdparty.io.grpc.StatusRuntimeException: UNAVAILABLE: io exception
2020-06-09 10:47:44,225 [grpc-default-executor-2] INFO  impl.FollowerInfo (FollowerInfo.java:lambda$new$0(51)) - omNode-1@group-523986131536->omNode-2: nextIndex: updateUnconditionally 195 -> 45
2020-06-09 10:47:44,229 [grpc-default-executor-2] WARN  server.GrpcLogAppender (LogUtils.java:warn(122)) - omNode-1@group-523986131536->omNode-2-AppendLogResponseHandler: Failed appendEntries: org.apache.ratis.thirdparty.io.grpc.StatusRuntimeException: UNAVAILABLE: io exception
2020-06-09 10:47:44,229 [grpc-default-executor-2] INFO  impl.FollowerInfo (FollowerInfo.java:lambda$new$0(51)) - omNode-1@group-523986131536->omNode-2: nextIndex: updateUnconditionally 195 -> 45
2020-06-09 10:47:44,233 [grpc-default-executor-2] WARN  server.GrpcLogAppender (LogUtils.java:warn(122)) - omNode-1@group-523986131536->omNode-2-AppendLogResponseHandler: Failed appendEntries: org.apache.ratis.thirdparty.io.grpc.StatusRuntimeException: UNAVAILABLE: io exception
2020-06-09 10:47:44,233 [grpc-default-executor-2] INFO  impl.FollowerInfo (FollowerInfo.java:lambda$new$0(51)) - omNode-1@group-523986131536->omNode-2: nextIndex: updateUnconditionally 196 -> 45
2020-06-09 10:47:44,243 [grpc-default-executor-3] WARN  server.GrpcLogAppender (LogUtils.java:warn(122)) - omNode-1@group-523986131536->omNode-2-AppendLogResponseHandler: Failed appendEntries: org.apache.ratis.thirdparty.io.grpc.StatusRuntimeException: UNAVAILABLE: io exception
2020-06-09 10:47:44,243 [grpc-default-executor-3] INFO  impl.FollowerInfo (FollowerInfo.java:lambda$new$0(51)) - omNode-1@group-523986131536->omNode-2: nextIndex: updateUnconditionally 197 -> 45
2020-06-09 10:47:44,245 [grpc-default-executor-3] WARN  server.GrpcLogAppender (LogUtils.java:warn(122)) - omNode-1@group-523986131536->omNode-2-AppendLogResponseHandler: Failed appendEntries: org.apache.ratis.thirdparty.io.grpc.StatusRuntimeException: UNAVAILABLE: io exception
2020-06-09 10:47:44,246 [grpc-default-executor-3] INFO  impl.FollowerInfo (FollowerInfo.java:lambda$new$0(51)) - omNode-1@group-523986131536->omNode-2: nextIndex: updateUnconditionally 198 -> 45
2020-06-09 10:47:44,251 [grpc-default-executor-4] WARN  server.GrpcLogAppender (LogUtils.java:warn(122)) - omNode-1@group-523986131536->omNode-2-AppendLogResponseHandler: Failed appendEntries: org.apache.ratis.thirdparty.io.grpc.StatusRuntimeException: UNAVAILABLE: io exception
2020-06-09 10:47:44,251 [omNode-1@group-523986131536-StateMachineUpdater] INFO  ratis.OzoneManagerStateMachine (OzoneManagerStateMachine.java:takeSnapshot(350)) - Saving Ratis snapshot on the OM.
2020-06-09 10:47:44,251 [grpc-default-executor-4] INFO  impl.FollowerInfo (FollowerInfo.java:lambda$new$0(51)) - omNode-1@group-523986131536->omNode-2: nextIndex: updateUnconditionally 199 -> 45
2020-06-09 10:47:44,252 [omNode-1@group-523986131536-StateMachineUpdater] INFO  ratis.OMRatisSnapshotInfo (OMRatisSnapshotInfo.java:saveRatisSnapshotToDisk(105)) - Saved Ratis Snapshot on the OM with snapshotIndex (t:1, i:198)
2020-06-09 10:47:44,252 [omNode-1@group-523986131536-StateMachineUpdater] INFO  impl.StateMachineUpdater (StateMachineUpdater.java:takeSnapshot(277)) - omNode-1@group-523986131536-StateMachineUpdater: Took a snapshot at index 198
2020-06-09 10:47:44,252 [omNode-1@group-523986131536-StateMachineUpdater] INFO  impl.StateMachineUpdater (StateMachineUpdater.java:lambda$new$0(87)) - omNode-1@group-523986131536-StateMachineUpdater: snapshotIndex: updateIncreasingly 148 -> 198
2020-06-09 10:47:44,254 [grpc-default-executor-3] WARN  server.GrpcLogAppender (LogUtils.java:warn(122)) - omNode-1@group-523986131536->omNode-2-AppendLogResponseHandler: Failed appendEntries: org.apache.ratis.thirdparty.io.grpc.StatusRuntimeException: UNAVAILABLE: io exception
2020-06-09 10:47:44,254 [grpc-default-executor-3] INFO  impl.FollowerInfo (FollowerInfo.java:lambda$new$0(51)) - omNode-1@group-523986131536->omNode-2: nextIndex: updateUnconditionally 199 -> 45
2020-06-09 10:47:44,257 [grpc-default-executor-4] WARN  server.GrpcLogAppender (LogUtils.java:warn(122)) - omNode-1@group-523986131536->omNode-2-AppendLogResponseHandler: Failed appendEntries: org.apache.ratis.thirdparty.io.grpc.StatusRuntimeException: UNAVAILABLE: io exception
2020-06-09 10:47:44,257 [omNode-3@group-523986131536-StateMachineUpdater] INFO  ratis.OzoneManagerStateMachine (OzoneManagerStateMachine.java:takeSnapshot(350)) - Saving Ratis snapshot on the OM.
2020-06-09 10:47:44,257 [grpc-default-executor-4] INFO  impl.FollowerInfo (FollowerInfo.java:lambda$new$0(51)) - omNode-1@group-523986131536->omNode-2: nextIndex: updateUnconditionally 200 -> 45
2020-06-09 10:47:44,258 [omNode-3@group-523986131536-StateMachineUpdater] INFO  ratis.OMRatisSnapshotInfo (OMRatisSnapshotInfo.java:saveRatisSnapshotToDisk(105)) - Saved Ratis Snapshot on the OM with snapshotIndex (t:1, i:198)
2020-06-09 10:47:44,258 [omNode-3@group-523986131536-StateMachineUpdater] INFO  impl.StateMachineUpdater (StateMachineUpdater.java:takeSnapshot(277)) - omNode-3@group-523986131536-StateMachineUpdater: Took a snapshot at index 198
2020-06-09 10:47:44,258 [omNode-3@group-523986131536-StateMachineUpdater] INFO  impl.StateMachineUpdater (StateMachineUpdater.java:lambda$new$0(87)) - omNode-3@group-523986131536-StateMachineUpdater: snapshotIndex: updateIncreasingly 148 -> 198
2020-06-09 10:47:44,263 [grpc-default-executor-3] WARN  server.GrpcLogAppender (LogUtils.java:warn(122)) - omNode-1@group-523986131536->omNode-2-AppendLogResponseHandler: Failed appendEntries: org.apache.ratis.thirdparty.io.grpc.StatusRuntimeException: UNAVAILABLE: io exception
2020-06-09 10:47:44,263 [grpc-default-executor-3] INFO  impl.FollowerInfo (FollowerInfo.java:lambda$new$0(51)) - omNode-1@group-523986131536->omNode-2: nextIndex: updateUnconditionally 201 -> 45
2020-06-09 10:47:44,265 [grpc-default-executor-4] WARN  server.GrpcLogAppender (LogUtils.java:warn(122)) - omNode-1@group-523986131536->omNode-2-AppendLogResponseHandler: Failed appendEntries: org.apache.ratis.thirdparty.io.grpc.StatusRuntimeException: UNAVAILABLE: io exception
2020-06-09 10:47:44,265 [grpc-default-executor-4] INFO  impl.FollowerInfo (FollowerInfo.java:lambda$new$0(51)) - omNode-1@group-523986131536->omNode-2: nextIndex: updateUnconditionally 203 -> 45
2020-06-09 10:47:44,269 [grpc-default-executor-2] WARN  server.GrpcLogAppender (LogUtils.java:warn(122)) - omNode-1@group-523986131536->omNode-2-AppendLogResponseHandler: Failed appendEntries: org.apache.ratis.thirdparty.io.grpc.StatusRuntimeException: UNAVAILABLE: io exception
2020-06-09 10:47:44,269 [grpc-default-executor-2] INFO  impl.FollowerInfo (FollowerInfo.java:lambda$new$0(51)) - omNode-1@group-523986131536->omNode-2: nextIndex: updateUnconditionally 203 -> 45
2020-06-09 10:47:44,273 [grpc-default-executor-4] WARN  server.GrpcLogAppender (LogUtils.java:warn(122)) - omNode-1@group-523986131536->omNode-2-AppendLogResponseHandler: Failed appendEntries: org.apache.ratis.thirdparty.io.grpc.StatusRuntimeException: UNAVAILABLE: io exception
2020-06-09 10:47:44,273 [grpc-default-executor-4] INFO  impl.FollowerInfo (FollowerInfo.java:lambda$new$0(51)) - omNode-1@group-523986131536->omNode-2: nextIndex: updateUnconditionally 204 -> 45
2020-06-09 10:47:44,276 [grpc-default-executor-3] WARN  server.GrpcLogAppender (LogUtils.java:warn(122)) - omNode-1@group-523986131536->omNode-2-AppendLogResponseHandler: Failed appendEntries: org.apache.ratis.thirdparty.io.grpc.StatusRuntimeException: UNAVAILABLE: io exception
2020-06-09 10:47:44,276 [grpc-default-executor-3] INFO  impl.FollowerInfo (FollowerInfo.java:lambda$new$0(51)) - omNode-1@group-523986131536->omNode-2: nextIndex: updateUnconditionally 205 -> 45
2020-06-09 10:47:44,279 [grpc-default-executor-4] WARN  server.GrpcLogAppender (LogUtils.java:warn(122)) - omNode-1@group-523986131536->omNode-2-AppendLogResponseHandler: Failed appendEntries: org.apache.ratis.thirdparty.io.grpc.StatusRuntimeException: UNAVAILABLE: io exception
2020-06-09 10:47:44,279 [grpc-default-executor-4] INFO  impl.FollowerInfo (FollowerInfo.java:lambda$new$0(51)) - omNode-1@group-523986131536->omNode-2: nextIndex: updateUnconditionally 206 -> 45
2020-06-09 10:47:44,283 [grpc-default-executor-3] WARN  server.GrpcLogAppender (LogUtils.java:warn(122)) - omNode-1@group-523986131536->omNode-2-AppendLogResponseHandler: Failed appendEntries: org.apache.ratis.thirdparty.io.grpc.StatusRuntimeException: UNAVAILABLE: io exception
2020-06-09 10:47:44,283 [grpc-default-executor-3] INFO  impl.FollowerInfo (FollowerInfo.java:lambda$new$0(51)) - omNode-1@group-523986131536->omNode-2: nextIndex: updateUnconditionally 206 -> 45
2020-06-09 10:47:44,291 [grpc-default-executor-4] WARN  server.GrpcLogAppender (LogUtils.java:warn(122)) - omNode-1@group-523986131536->omNode-2-AppendLogResponseHandler: Failed appendEntries: org.apache.ratis.thirdparty.io.grpc.StatusRuntimeException: UNAVAILABLE: io exception
2020-06-09 10:47:44,291 [grpc-default-executor-4] INFO  impl.FollowerInfo (FollowerInfo.java:lambda$new$0(51)) - omNode-1@group-523986131536->omNode-2: nextIndex: updateUnconditionally 207 -> 45
2020-06-09 10:47:44,296 [grpc-default-executor-3] WARN  server.GrpcLogAppender (LogUtils.java:warn(122)) - omNode-1@group-523986131536->omNode-2-AppendLogResponseHandler: Failed appendEntries: org.apache.ratis.thirdparty.io.grpc.StatusRuntimeException: UNAVAILABLE: io exception
2020-06-09 10:47:44,297 [grpc-default-executor-3] INFO  impl.FollowerInfo (FollowerInfo.java:lambda$new$0(51)) - omNode-1@group-523986131536->omNode-2: nextIndex: updateUnconditionally 208 -> 45
2020-06-09 10:47:44,300 [grpc-default-executor-4] WARN  server.GrpcLogAppender (LogUtils.java:warn(122)) - omNode-1@group-523986131536->omNode-2-AppendLogResponseHandler: Failed appendEntries: org.apache.ratis.thirdparty.io.grpc.StatusRuntimeException: UNAVAILABLE: io exception
2020-06-09 10:47:44,300 [grpc-default-executor-4] INFO  impl.FollowerInfo (FollowerInfo.java:lambda$new$0(51)) - omNode-1@group-523986131536->omNode-2: nextIndex: updateUnconditionally 210 -> 45
2020-06-09 10:47:44,305 [grpc-default-executor-4] WARN  server.GrpcLogAppender (LogUtils.java:warn(122)) - omNode-1@group-523986131536->omNode-2-AppendLogResponseHandler: Failed appendEntries: org.apache.ratis.thirdparty.io.grpc.StatusRuntimeException: UNAVAILABLE: io exception
2020-06-09 10:47:44,305 [grpc-default-executor-4] INFO  impl.FollowerInfo (FollowerInfo.java:lambda$new$0(51)) - omNode-1@group-523986131536->omNode-2: nextIndex: updateUnconditionally 210 -> 45
2020-06-09 10:47:44,316 [grpc-default-executor-4] WARN  server.GrpcLogAppender (LogUtils.java:warn(122)) - omNode-1@group-523986131536->omNode-2-AppendLogResponseHandler: Failed appendEntries: org.apache.ratis.thirdparty.io.grpc.StatusRuntimeException: UNAVAILABLE: io exception
2020-06-09 10:47:44,317 [grpc-default-executor-4] INFO  impl.FollowerInfo (FollowerInfo.java:lambda$new$0(51)) - omNode-1@group-523986131536->omNode-2: nextIndex: updateUnconditionally 212 -> 45
2020-06-09 10:47:44,320 [grpc-default-executor-2] WARN  server.GrpcLogAppender (LogUtils.java:warn(122)) - omNode-1@group-523986131536->omNode-2-AppendLogResponseHandler: Failed appendEntries: org.apache.ratis.thirdparty.io.grpc.StatusRuntimeException: UNAVAILABLE: io exception
2020-06-09 10:47:44,320 [grpc-default-executor-2] INFO  impl.FollowerInfo (FollowerInfo.java:lambda$new$0(51)) - omNode-1@group-523986131536->omNode-2: nextIndex: updateUnconditionally 213 -> 45
2020-06-09 10:47:44,322 [grpc-default-executor-2] WARN  server.GrpcLogAppender (LogUtils.java:warn(122)) - omNode-1@group-523986131536->omNode-2-AppendLogResponseHandler: Failed appendEntries: org.apache.ratis.thirdparty.io.grpc.StatusRuntimeException: UNAVAILABLE: io exception
2020-06-09 10:47:44,322 [grpc-default-executor-2] INFO  impl.FollowerInfo (FollowerInfo.java:lambda$new$0(51)) - omNode-1@group-523986131536->omNode-2: nextIndex: updateUnconditionally 214 -> 45
2020-06-09 10:47:44,330 [grpc-default-executor-4] WARN  server.GrpcLogAppender (LogUtils.java:warn(122)) - omNode-1@group-523986131536->omNode-2-AppendLogResponseHandler: Failed appendEntries: org.apache.ratis.thirdparty.io.grpc.StatusRuntimeException: UNAVAILABLE: io exception
2020-06-09 10:47:44,330 [grpc-default-executor-4] INFO  impl.FollowerInfo (FollowerInfo.java:lambda$new$0(51)) - omNode-1@group-523986131536->omNode-2: nextIndex: updateUnconditionally 214 -> 45
2020-06-09 10:47:44,339 [grpc-default-executor-3] WARN  server.GrpcLogAppender (LogUtils.java:warn(122)) - omNode-1@group-523986131536->omNode-2-AppendLogResponseHandler: Failed appendEntries: org.apache.ratis.thirdparty.io.grpc.StatusRuntimeException: UNAVAILABLE: io exception
2020-06-09 10:47:44,339 [grpc-default-executor-3] INFO  impl.FollowerInfo (FollowerInfo.java:lambda$new$0(51)) - omNode-1@group-523986131536->omNode-2: nextIndex: updateUnconditionally 215 -> 45
2020-06-09 10:47:44,342 [grpc-default-executor-4] WARN  server.GrpcLogAppender (LogUtils.java:warn(122)) - omNode-1@group-523986131536->omNode-2-AppendLogResponseHandler: Failed appendEntries: org.apache.ratis.thirdparty.io.grpc.StatusRuntimeException: UNAVAILABLE: io exception
2020-06-09 10:47:44,342 [grpc-default-executor-4] INFO  impl.FollowerInfo (FollowerInfo.java:lambda$new$0(51)) - omNode-1@group-523986131536->omNode-2: nextIndex: updateUnconditionally 215 -> 45
2020-06-09 10:47:44,349 [grpc-default-executor-2] WARN  server.GrpcLogAppender (LogUtils.java:warn(122)) - omNode-1@group-523986131536->omNode-2-AppendLogResponseHandler: Failed appendEntries: org.apache.ratis.thirdparty.io.grpc.StatusRuntimeException: UNAVAILABLE: io exception
2020-06-09 10:47:44,349 [grpc-default-executor-2] INFO  impl.FollowerInfo (FollowerInfo.java:lambda$new$0(51)) - omNode-1@group-523986131536->omNode-2: nextIndex: updateUnconditionally 216 -> 45
2020-06-09 10:47:44,352 [grpc-default-executor-3] WARN  server.GrpcLogAppender (LogUtils.java:warn(122)) - omNode-1@group-523986131536->omNode-2-AppendLogResponseHandler: Failed appendEntries: org.apache.ratis.thirdparty.io.grpc.StatusRuntimeException: UNAVAILABLE: io exception
2020-06-09 10:47:44,353 [grpc-default-executor-3] INFO  impl.FollowerInfo (FollowerInfo.java:lambda$new$0(51)) - omNode-1@group-523986131536->omNode-2: nextIndex: updateUnconditionally 217 -> 45
2020-06-09 10:47:44,354 [grpc-default-executor-3] WARN  server.GrpcLogAppender (LogUtils.java:warn(122)) - omNode-1@group-523986131536->omNode-2-AppendLogResponseHandler: Failed appendEntries: org.apache.ratis.thirdparty.io.grpc.StatusRuntimeException: UNAVAILABLE: io exception
2020-06-09 10:47:44,354 [grpc-default-executor-3] INFO  impl.FollowerInfo (FollowerInfo.java:lambda$new$0(51)) - omNode-1@group-523986131536->omNode-2: nextIndex: updateUnconditionally 218 -> 45
2020-06-09 10:47:44,357 [grpc-default-executor-2] WARN  server.GrpcLogAppender (LogUtils.java:warn(122)) - omNode-1@group-523986131536->omNode-2-AppendLogResponseHandler: Failed appendEntries: org.apache.ratis.thirdparty.io.grpc.StatusRuntimeException: UNAVAILABLE: io exception
2020-06-09 10:47:44,357 [grpc-default-executor-2] INFO  impl.FollowerInfo (FollowerInfo.java:lambda$new$0(51)) - omNode-1@group-523986131536->omNode-2: nextIndex: updateUnconditionally 218 -> 45
2020-06-09 10:47:44,360 [grpc-default-executor-4] WARN  server.GrpcLogAppender (LogUtils.java:warn(122)) - omNode-1@group-523986131536->omNode-2-AppendLogResponseHandler: Failed appendEntries: org.apache.ratis.thirdparty.io.grpc.StatusRuntimeException: UNAVAILABLE: io exception
2020-06-09 10:47:44,360 [grpc-default-executor-4] INFO  impl.FollowerInfo (FollowerInfo.java:lambda$new$0(51)) - omNode-1@group-523986131536->omNode-2: nextIndex: updateUnconditionally 219 -> 45
2020-06-09 10:47:44,364 [grpc-default-executor-4] WARN  server.GrpcLogAppender (LogUtils.java:warn(122)) - omNode-1@group-523986131536->omNode-2-AppendLogResponseHandler: Failed appendEntries: org.apache.ratis.thirdparty.io.grpc.StatusRuntimeException: UNAVAILABLE: io exception
2020-06-09 10:47:44,364 [grpc-default-executor-4] INFO  impl.FollowerInfo (FollowerInfo.java:lambda$new$0(51)) - omNode-1@group-523986131536->omNode-2: nextIndex: updateUnconditionally 219 -> 45
2020-06-09 10:47:44,373 [grpc-default-executor-5] WARN  server.GrpcLogAppender (LogUtils.java:warn(122)) - omNode-1@group-523986131536->omNode-2-AppendLogResponseHandler: Failed appendEntries: org.apache.ratis.thirdparty.io.grpc.StatusRuntimeException: UNAVAILABLE: io exception
2020-06-09 10:47:44,373 [grpc-default-executor-5] INFO  impl.FollowerInfo (FollowerInfo.java:lambda$new$0(51)) - omNode-1@group-523986131536->omNode-2: nextIndex: updateUnconditionally 220 -> 45
2020-06-09 10:47:44,377 [grpc-default-executor-3] WARN  server.GrpcLogAppender (LogUtils.java:warn(122)) - omNode-1@group-523986131536->omNode-2-AppendLogResponseHandler: Failed appendEntries: org.apache.ratis.thirdparty.io.grpc.StatusRuntimeException: UNAVAILABLE: io exception
2020-06-09 10:47:44,377 [grpc-default-executor-3] INFO  impl.FollowerInfo (FollowerInfo.java:lambda$new$0(51)) - omNode-1@group-523986131536->omNode-2: nextIndex: updateUnconditionally 221 -> 45
2020-06-09 10:47:44,378 [grpc-default-executor-3] WARN  server.GrpcLogAppender (LogUtils.java:warn(122)) - omNode-1@group-523986131536->omNode-2-AppendLogResponseHandler: Failed appendEntries: org.apache.ratis.thirdparty.io.grpc.StatusRuntimeException: UNAVAILABLE: io exception
2020-06-09 10:47:44,378 [grpc-default-executor-3] INFO  impl.FollowerInfo (FollowerInfo.java:lambda$new$0(51)) - omNode-1@group-523986131536->omNode-2: nextIndex: updateUnconditionally 222 -> 45
2020-06-09 10:47:44,381 [grpc-default-executor-2] WARN  server.GrpcLogAppender (LogUtils.java:warn(122)) - omNode-1@group-523986131536->omNode-2-AppendLogResponseHandler: Failed appendEntries: org.apache.ratis.thirdparty.io.grpc.StatusRuntimeException: UNAVAILABLE: io exception
2020-06-09 10:47:44,381 [grpc-default-executor-2] INFO  impl.FollowerInfo (FollowerInfo.java:lambda$new$0(51)) - omNode-1@group-523986131536->omNode-2: nextIndex: updateUnconditionally 222 -> 45
2020-06-09 10:47:44,384 [grpc-default-executor-5] WARN  server.GrpcLogAppender (LogUtils.java:warn(122)) - omNode-1@group-523986131536->omNode-2-AppendLogResponseHandler: Failed appendEntries: org.apache.ratis.thirdparty.io.grpc.StatusRuntimeException: UNAVAILABLE: io exception
2020-06-09 10:47:44,384 [grpc-default-executor-5] INFO  impl.FollowerInfo (FollowerInfo.java:lambda$new$0(51)) - omNode-1@group-523986131536->omNode-2: nextIndex: updateUnconditionally 223 -> 45
2020-06-09 10:47:44,387 [grpc-default-executor-2] WARN  server.GrpcLogAppender (LogUtils.java:warn(122)) - omNode-1@group-523986131536->omNode-2-AppendLogResponseHandler: Failed appendEntries: org.apache.ratis.thirdparty.io.grpc.StatusRuntimeException: UNAVAILABLE: io exception
2020-06-09 10:47:44,388 [grpc-default-executor-2] INFO  impl.FollowerInfo (FollowerInfo.java:lambda$new$0(51)) - omNode-1@group-523986131536->omNode-2: nextIndex: updateUnconditionally 223 -> 45
2020-06-09 10:47:44,392 [grpc-default-executor-2] WARN  server.GrpcLogAppender (LogUtils.java:warn(122)) - omNode-1@group-523986131536->omNode-2-AppendLogResponseHandler: Failed appendEntries: org.apache.ratis.thirdparty.io.grpc.StatusRuntimeException: UNAVAILABLE: io exception
2020-06-09 10:47:44,392 [grpc-default-executor-2] INFO  impl.FollowerInfo (FollowerInfo.java:lambda$new$0(51)) - omNode-1@group-523986131536->omNode-2: nextIndex: updateUnconditionally 224 -> 45
2020-06-09 10:47:44,395 [IPC Server handler 15 on default port 11520] INFO  segmented.SegmentedRaftLogWorker (SegmentedRaftLogWorker.java:rollLogSegment(402)) - omNode-1@group-523986131536-SegmentedRaftLogWorker: Rolling segment log-151_224 to index:224
2020-06-09 10:47:44,395 [grpc-default-executor-3] WARN  server.GrpcLogAppender (LogUtils.java:warn(122)) - omNode-1@group-523986131536->omNode-2-AppendLogResponseHandler: Failed appendEntries: org.apache.ratis.thirdparty.io.grpc.StatusRuntimeException: UNAVAILABLE: io exception
2020-06-09 10:47:44,395 [grpc-default-executor-3] INFO  impl.FollowerInfo (FollowerInfo.java:lambda$new$0(51)) - omNode-1@group-523986131536->omNode-2: nextIndex: updateUnconditionally 225 -> 45
2020-06-09 10:47:44,395 [omNode-1@group-523986131536-SegmentedRaftLogWorker] INFO  segmented.SegmentedRaftLogWorker (SegmentedRaftLogWorker.java:execute(553)) - omNode-1@group-523986131536-SegmentedRaftLogWorker: Rolled log segment from /github/workspace/mnt/ozone/hadoop-ozone/integration-test/target/test-dir/MiniOzoneClusterImpl-428de9cd-98e2-485e-b164-55ba4e728ea0/omNode-1/ratis/c9bc4cf4-3bc3-3c60-a66b-523986131536/current/log_inprogress_151 to /github/workspace/mnt/ozone/hadoop-ozone/integration-test/target/test-dir/MiniOzoneClusterImpl-428de9cd-98e2-485e-b164-55ba4e728ea0/omNode-1/ratis/c9bc4cf4-3bc3-3c60-a66b-523986131536/current/log_151-224
2020-06-09 10:47:44,396 [omNode-1@group-523986131536-SegmentedRaftLogWorker] INFO  segmented.SegmentedRaftLogWorker (SegmentedRaftLogWorker.java:execute(596)) - omNode-1@group-523986131536-SegmentedRaftLogWorker: created new log segment /github/workspace/mnt/ozone/hadoop-ozone/integration-test/target/test-dir/MiniOzoneClusterImpl-428de9cd-98e2-485e-b164-55ba4e728ea0/omNode-1/ratis/c9bc4cf4-3bc3-3c60-a66b-523986131536/current/log_inprogress_225
2020-06-09 10:47:44,401 [grpc-default-executor-3] INFO  segmented.SegmentedRaftLogWorker (SegmentedRaftLogWorker.java:rollLogSegment(402)) - omNode-3@group-523986131536-SegmentedRaftLogWorker: Rolling segment log-151_224 to index:224
2020-06-09 10:47:44,407 [omNode-3@group-523986131536-SegmentedRaftLogWorker] INFO  segmented.SegmentedRaftLogWorker (SegmentedRaftLogWorker.java:execute(553)) - omNode-3@group-523986131536-SegmentedRaftLogWorker: Rolled log segment from /github/workspace/mnt/ozone/hadoop-ozone/integration-test/target/test-dir/MiniOzoneClusterImpl-428de9cd-98e2-485e-b164-55ba4e728ea0/omNode-3/ratis/c9bc4cf4-3bc3-3c60-a66b-523986131536/current/log_inprogress_151 to /github/workspace/mnt/ozone/hadoop-ozone/integration-test/target/test-dir/MiniOzoneClusterImpl-428de9cd-98e2-485e-b164-55ba4e728ea0/omNode-3/ratis/c9bc4cf4-3bc3-3c60-a66b-523986131536/current/log_151-224
2020-06-09 10:47:44,414 [omNode-3@group-523986131536-SegmentedRaftLogWorker] INFO  segmented.SegmentedRaftLogWorker (SegmentedRaftLogWorker.java:execute(596)) - omNode-3@group-523986131536-SegmentedRaftLogWorker: created new log segment /github/workspace/mnt/ozone/hadoop-ozone/integration-test/target/test-dir/MiniOzoneClusterImpl-428de9cd-98e2-485e-b164-55ba4e728ea0/omNode-3/ratis/c9bc4cf4-3bc3-3c60-a66b-523986131536/current/log_inprogress_225
2020-06-09 10:47:44,414 [grpc-default-executor-3] WARN  server.GrpcLogAppender (LogUtils.java:warn(122)) - omNode-1@group-523986131536->omNode-2-AppendLogResponseHandler: Failed appendEntries: org.apache.ratis.thirdparty.io.grpc.StatusRuntimeException: UNAVAILABLE: io exception
2020-06-09 10:47:44,415 [grpc-default-executor-3] INFO  impl.FollowerInfo (FollowerInfo.java:lambda$new$0(51)) - omNode-1@group-523986131536->omNode-2: nextIndex: updateUnconditionally 226 -> 45
2020-06-09 10:47:44,421 [grpc-default-executor-3] WARN  server.GrpcLogAppender (LogUtils.java:warn(122)) - omNode-1@group-523986131536->omNode-2-AppendLogResponseHandler: Failed appendEntries: org.apache.ratis.thirdparty.io.grpc.StatusRuntimeException: UNAVAILABLE: io exception
2020-06-09 10:47:44,421 [grpc-default-executor-3] INFO  impl.FollowerInfo (FollowerInfo.java:lambda$new$0(51)) - omNode-1@group-523986131536->omNode-2: nextIndex: updateUnconditionally 227 -> 45
2020-06-09 10:47:44,427 [grpc-default-executor-2] WARN  server.GrpcLogAppender (LogUtils.java:warn(122)) - omNode-1@group-523986131536->omNode-2-AppendLogResponseHandler: Failed appendEntries: org.apache.ratis.thirdparty.io.grpc.StatusRuntimeException: UNAVAILABLE: io exception
2020-06-09 10:47:44,427 [grpc-default-executor-2] INFO  impl.FollowerInfo (FollowerInfo.java:lambda$new$0(51)) - omNode-1@group-523986131536->omNode-2: nextIndex: updateUnconditionally 227 -> 45
2020-06-09 10:47:44,429 [grpc-default-executor-2] WARN  server.GrpcLogAppender (LogUtils.java:warn(122)) - omNode-1@group-523986131536->omNode-2-AppendLogResponseHandler: Failed appendEntries: org.apache.ratis.thirdparty.io.grpc.StatusRuntimeException: UNAVAILABLE: io exception
2020-06-09 10:47:44,429 [grpc-default-executor-2] INFO  impl.FollowerInfo (FollowerInfo.java:lambda$new$0(51)) - omNode-1@group-523986131536->omNode-2: nextIndex: updateUnconditionally 228 -> 45
2020-06-09 10:47:44,431 [grpc-default-executor-2] WARN  server.GrpcLogAppender (LogUtils.java:warn(122)) - omNode-1@group-523986131536->omNode-2-AppendLogResponseHandler: Failed appendEntries: org.apache.ratis.thirdparty.io.grpc.StatusRuntimeException: UNAVAILABLE: io exception
2020-06-09 10:47:44,431 [grpc-default-executor-2] INFO  impl.FollowerInfo (FollowerInfo.java:lambda$new$0(51)) - omNode-1@group-523986131536->omNode-2: nextIndex: updateUnconditionally 228 -> 45
2020-06-09 10:47:44,432 [grpc-default-executor-2] WARN  server.GrpcLogAppender (LogUtils.java:warn(122)) - omNode-1@group-523986131536->omNode-2-AppendLogResponseHandler: Failed appendEntries: org.apache.ratis.thirdparty.io.grpc.StatusRuntimeException: UNAVAILABLE: io exception
2020-06-09 10:47:44,432 [grpc-default-executor-2] INFO  impl.FollowerInfo (FollowerInfo.java:lambda$new$0(51)) - omNode-1@group-523986131536->omNode-2: nextIndex: updateUnconditionally 228 -> 45
2020-06-09 10:47:44,434 [grpc-default-executor-2] WARN  server.GrpcLogAppender (LogUtils.java:warn(122)) - omNode-1@group-523986131536->omNode-2-AppendLogResponseHandler: Failed appendEntries: org.apache.ratis.thirdparty.io.grpc.StatusRuntimeException: UNAVAILABLE: io exception
2020-06-09 10:47:44,434 [grpc-default-executor-2] INFO  impl.FollowerInfo (FollowerInfo.java:lambda$new$0(51)) - omNode-1@group-523986131536->omNode-2: nextIndex: updateUnconditionally 228 -> 45
2020-06-09 10:47:44,436 [grpc-default-executor-2] WARN  server.GrpcLogAppender (LogUtils.java:warn(122)) - omNode-1@group-523986131536->omNode-2-AppendLogResponseHandler: Failed appendEntries: org.apache.ratis.thirdparty.io.grpc.StatusRuntimeException: UNAVAILABLE: io exception
2020-06-09 10:47:44,436 [grpc-default-executor-2] INFO  impl.FollowerInfo (FollowerInfo.java:lambda$new$0(51)) - omNode-1@group-523986131536->omNode-2: nextIndex: updateUnconditionally 228 -> 45
2020-06-09 10:47:44,438 [grpc-default-executor-2] WARN  server.GrpcLogAppender (LogUtils.java:warn(122)) - omNode-1@group-523986131536->omNode-2-AppendLogResponseHandler: Failed appendEntries: org.apache.ratis.thirdparty.io.grpc.StatusRuntimeException: UNAVAILABLE: io exception
2020-06-09 10:47:44,438 [grpc-default-executor-2] INFO  impl.FollowerInfo (FollowerInfo.java:lambda$new$0(51)) - omNode-1@group-523986131536->omNode-2: nextIndex: updateUnconditionally 228 -> 45
2020-06-09 10:47:44,441 [grpc-default-executor-2] WARN  server.GrpcLogAppender (LogUtils.java:warn(122)) - omNode-1@group-523986131536->omNode-2-AppendLogResponseHandler: Failed appendEntries: org.apache.ratis.thirdparty.io.grpc.StatusRuntimeException: UNAVAILABLE: io exception
2020-06-09 10:47:44,441 [grpc-default-executor-2] INFO  impl.FollowerInfo (FollowerInfo.java:lambda$new$0(51)) - omNode-1@group-523986131536->omNode-2: nextIndex: updateUnconditionally 229 -> 45
2020-06-09 10:47:44,443 [grpc-default-executor-2] WARN  server.GrpcLogAppender (LogUtils.java:warn(122)) - omNode-1@group-523986131536->omNode-2-AppendLogResponseHandler: Failed appendEntries: org.apache.ratis.thirdparty.io.grpc.StatusRuntimeException: UNAVAILABLE: io exception
2020-06-09 10:47:44,443 [grpc-default-executor-2] INFO  impl.FollowerInfo (FollowerInfo.java:lambda$new$0(51)) - omNode-1@group-523986131536->omNode-2: nextIndex: updateUnconditionally 230 -> 45
2020-06-09 10:47:44,445 [grpc-default-executor-2] WARN  server.GrpcLogAppender (LogUtils.java:warn(122)) - omNode-1@group-523986131536->omNode-2-AppendLogResponseHandler: Failed appendEntries: org.apache.ratis.thirdparty.io.grpc.StatusRuntimeException: UNAVAILABLE: io exception
2020-06-09 10:47:44,446 [grpc-default-executor-2] INFO  impl.FollowerInfo (FollowerInfo.java:lambda$new$0(51)) - omNode-1@group-523986131536->omNode-2: nextIndex: updateUnconditionally 230 -> 45
2020-06-09 10:47:44,447 [grpc-default-executor-2] WARN  server.GrpcLogAppender (LogUtils.java:warn(122)) - omNode-1@group-523986131536->omNode-2-AppendLogResponseHandler: Failed appendEntries: org.apache.ratis.thirdparty.io.grpc.StatusRuntimeException: UNAVAILABLE: io exception
2020-06-09 10:47:44,447 [grpc-default-executor-2] INFO  impl.FollowerInfo (FollowerInfo.java:lambda$new$0(51)) - omNode-1@group-523986131536->omNode-2: nextIndex: updateUnconditionally 230 -> 45
2020-06-09 10:47:44,449 [grpc-default-executor-2] WARN  server.GrpcLogAppender (LogUtils.java:warn(122)) - omNode-1@group-523986131536->omNode-2-AppendLogResponseHandler: Failed appendEntries: org.apache.ratis.thirdparty.io.grpc.StatusRuntimeException: UNAVAILABLE: io exception
2020-06-09 10:47:44,449 [grpc-default-executor-2] INFO  impl.FollowerInfo (FollowerInfo.java:lambda$new$0(51)) - omNode-1@group-523986131536->omNode-2: nextIndex: updateUnconditionally 230 -> 45
2020-06-09 10:47:44,451 [grpc-default-executor-2] WARN  server.GrpcLogAppender (LogUtils.java:warn(122)) - omNode-1@group-523986131536->omNode-2-AppendLogResponseHandler: Failed appendEntries: org.apache.ratis.thirdparty.io.grpc.StatusRuntimeException: UNAVAILABLE: io exception
2020-06-09 10:47:44,451 [grpc-default-executor-2] INFO  impl.FollowerInfo (FollowerInfo.java:lambda$new$0(51)) - omNode-1@group-523986131536->omNode-2: nextIndex: updateUnconditionally 230 -> 45
2020-06-09 10:47:44,452 [grpc-default-executor-2] WARN  server.GrpcLogAppender (LogUtils.java:warn(122)) - omNode-1@group-523986131536->omNode-2-AppendLogResponseHandler: Failed appendEntries: org.apache.ratis.thirdparty.io.grpc.StatusRuntimeException: UNAVAILABLE: io exception
2020-06-09 10:47:44,452 [grpc-default-executor-2] INFO  impl.FollowerInfo (FollowerInfo.java:lambda$new$0(51)) - omNode-1@group-523986131536->omNode-2: nextIndex: updateUnconditionally 230 -> 45
2020-06-09 10:47:44,457 [grpc-default-executor-5] WARN  server.GrpcLogAppender (LogUtils.java:warn(122)) - omNode-1@group-523986131536->omNode-2-AppendLogResponseHandler: Failed appendEntries: org.apache.ratis.thirdparty.io.grpc.StatusRuntimeException: UNAVAILABLE: io exception
2020-06-09 10:47:44,457 [grpc-default-executor-5] INFO  impl.FollowerInfo (FollowerInfo.java:lambda$new$0(51)) - omNode-1@group-523986131536->omNode-2: nextIndex: updateUnconditionally 231 -> 45
2020-06-09 10:47:44,459 [grpc-default-executor-5] WARN  server.GrpcLogAppender (LogUtils.java:warn(122)) - omNode-1@group-523986131536->omNode-2-AppendLogResponseHandler: Failed appendEntries: org.apache.ratis.thirdparty.io.grpc.StatusRuntimeException: UNAVAILABLE: io exception
2020-06-09 10:47:44,459 [grpc-default-executor-5] INFO  impl.FollowerInfo (FollowerInfo.java:lambda$new$0(51)) - omNode-1@group-523986131536->omNode-2: nextIndex: updateUnconditionally 231 -> 45
2020-06-09 10:47:44,461 [grpc-default-executor-5] WARN  server.GrpcLogAppender (LogUtils.java:warn(122)) - omNode-1@group-523986131536->omNode-2-AppendLogResponseHandler: Failed appendEntries: org.apache.ratis.thirdparty.io.grpc.StatusRuntimeException: UNAVAILABLE: io exception
2020-06-09 10:47:44,461 [grpc-default-executor-5] INFO  impl.FollowerInfo (FollowerInfo.java:lambda$new$0(51)) - omNode-1@group-523986131536->omNode-2: nextIndex: updateUnconditionally 231 -> 45
2020-06-09 10:47:44,462 [grpc-default-executor-5] WARN  server.GrpcLogAppender (LogUtils.java:warn(122)) - omNode-1@group-523986131536->omNode-2-AppendLogResponseHandler: Failed appendEntries: org.apache.ratis.thirdparty.io.grpc.StatusRuntimeException: UNAVAILABLE: io exception
2020-06-09 10:47:44,462 [grpc-default-executor-5] INFO  impl.FollowerInfo (FollowerInfo.java:lambda$new$0(51)) - omNode-1@group-523986131536->omNode-2: nextIndex: updateUnconditionally 231 -> 45
2020-06-09 10:47:44,464 [grpc-default-executor-5] WARN  server.GrpcLogAppender (LogUtils.java:warn(122)) - omNode-1@group-523986131536->omNode-2-AppendLogResponseHandler: Failed appendEntries: org.apache.ratis.thirdparty.io.grpc.StatusRuntimeException: UNAVAILABLE: io exception
2020-06-09 10:47:44,464 [grpc-default-executor-5] INFO  impl.FollowerInfo (FollowerInfo.java:lambda$new$0(51)) - omNode-1@group-523986131536->omNode-2: nextIndex: updateUnconditionally 231 -> 45
2020-06-09 10:47:44,468 [grpc-default-executor-5] WARN  server.GrpcLogAppender (LogUtils.java:warn(122)) - omNode-1@group-523986131536->omNode-2-AppendLogResponseHandler: Failed appendEntries: org.apache.ratis.thirdparty.io.grpc.StatusRuntimeException: UNAVAILABLE: io exception
2020-06-09 10:47:44,468 [grpc-default-executor-5] INFO  impl.FollowerInfo (FollowerInfo.java:lambda$new$0(51)) - omNode-1@group-523986131536->omNode-2: nextIndex: updateUnconditionally 231 -> 45
2020-06-09 10:47:44,469 [grpc-default-executor-5] WARN  server.GrpcLogAppender (LogUtils.java:warn(122)) - omNode-1@group-523986131536->omNode-2-AppendLogResponseHandler: Failed appendEntries: org.apache.ratis.thirdparty.io.grpc.StatusRuntimeException: UNAVAILABLE: io exception
2020-06-09 10:47:44,470 [grpc-default-executor-5] INFO  impl.FollowerInfo (FollowerInfo.java:lambda$new$0(51)) - omNode-1@group-523986131536->omNode-2: nextIndex: updateUnconditionally 232 -> 45
2020-06-09 10:47:44,471 [grpc-default-executor-5] WARN  server.GrpcLogAppender (LogUtils.java:warn(122)) - omNode-1@group-523986131536->omNode-2-AppendLogResponseHandler: Failed appendEntries: org.apache.ratis.thirdparty.io.grpc.StatusRuntimeException: UNAVAILABLE: io exception
2020-06-09 10:47:44,471 [grpc-default-executor-5] INFO  impl.FollowerInfo (FollowerInfo.java:lambda$new$0(51)) - omNode-1@group-523986131536->omNode-2: nextIndex: updateUnconditionally 232 -> 45
2020-06-09 10:47:44,472 [grpc-default-executor-5] WARN  server.GrpcLogAppender (LogUtils.java:warn(122)) - omNode-1@group-523986131536->omNode-2-AppendLogResponseHandler: Failed appendEntries: org.apache.ratis.thirdparty.io.grpc.StatusRuntimeException: UNAVAILABLE: io exception
2020-06-09 10:47:44,473 [grpc-default-executor-5] INFO  impl.FollowerInfo (FollowerInfo.java:lambda$new$0(51)) - omNode-1@group-523986131536->omNode-2: nextIndex: updateUnconditionally 232 -> 45
2020-06-09 10:47:44,475 [grpc-default-executor-5] WARN  server.GrpcLogAppender (LogUtils.java:warn(122)) - omNode-1@group-523986131536->omNode-2-AppendLogResponseHandler: Failed appendEntries: org.apache.ratis.thirdparty.io.grpc.StatusRuntimeException: UNAVAILABLE: io exception
2020-06-09 10:47:44,475 [grpc-default-executor-5] INFO  impl.FollowerInfo (FollowerInfo.java:lambda$new$0(51)) - omNode-1@group-523986131536->omNode-2: nextIndex: updateUnconditionally 232 -> 45
2020-06-09 10:47:44,477 [grpc-default-executor-5] WARN  server.GrpcLogAppender (LogUtils.java:warn(122)) - omNode-1@group-523986131536->omNode-2-AppendLogResponseHandler: Failed appendEntries: org.apache.ratis.thirdparty.io.grpc.StatusRuntimeException: UNAVAILABLE: io exception
2020-06-09 10:47:44,478 [grpc-default-executor-5] INFO  impl.FollowerInfo (FollowerInfo.java:lambda$new$0(51)) - omNode-1@group-523986131536->omNode-2: nextIndex: updateUnconditionally 233 -> 45
2020-06-09 10:47:44,479 [grpc-default-executor-5] WARN  server.GrpcLogAppender (LogUtils.java:warn(122)) - omNode-1@group-523986131536->omNode-2-AppendLogResponseHandler: Failed appendEntries: org.apache.ratis.thirdparty.io.grpc.StatusRuntimeException: UNAVAILABLE: io exception
2020-06-09 10:47:44,479 [grpc-default-executor-5] INFO  impl.FollowerInfo (FollowerInfo.java:lambda$new$0(51)) - omNode-1@group-523986131536->omNode-2: nextIndex: updateUnconditionally 234 -> 45
2020-06-09 10:47:44,481 [grpc-default-executor-5] WARN  server.GrpcLogAppender (LogUtils.java:warn(122)) - omNode-1@group-523986131536->omNode-2-AppendLogResponseHandler: Failed appendEntries: org.apache.ratis.thirdparty.io.grpc.StatusRuntimeException: UNAVAILABLE: io exception
2020-06-09 10:47:44,481 [grpc-default-executor-5] INFO  impl.FollowerInfo (FollowerInfo.java:lambda$new$0(51)) - omNode-1@group-523986131536->omNode-2: nextIndex: updateUnconditionally 234 -> 45
2020-06-09 10:47:44,483 [grpc-default-executor-5] WARN  server.GrpcLogAppender (LogUtils.java:warn(122)) - omNode-1@group-523986131536->omNode-2-AppendLogResponseHandler: Failed appendEntries: org.apache.ratis.thirdparty.io.grpc.StatusRuntimeException: UNAVAILABLE: io exception
2020-06-09 10:47:44,483 [grpc-default-executor-5] INFO  impl.FollowerInfo (FollowerInfo.java:lambda$new$0(51)) - omNode-1@group-523986131536->omNode-2: nextIndex: updateUnconditionally 234 -> 45
2020-06-09 10:47:44,485 [grpc-default-executor-5] WARN  server.GrpcLogAppender (LogUtils.java:warn(122)) - omNode-1@group-523986131536->omNode-2-AppendLogResponseHandler: Failed appendEntries: org.apache.ratis.thirdparty.io.grpc.StatusRuntimeException: UNAVAILABLE: io exception
2020-06-09 10:47:44,485 [grpc-default-executor-5] INFO  impl.FollowerInfo (FollowerInfo.java:lambda$new$0(51)) - omNode-1@group-523986131536->omNode-2: nextIndex: updateUnconditionally 234 -> 45
2020-06-09 10:47:44,490 [grpc-default-executor-5] WARN  server.GrpcLogAppender (LogUtils.java:warn(122)) - omNode-1@group-523986131536->omNode-2-AppendLogResponseHandler: Failed appendEntries: org.apache.ratis.thirdparty.io.grpc.StatusRuntimeException: UNAVAILABLE: io exception
2020-06-09 10:47:44,490 [grpc-default-executor-5] INFO  impl.FollowerInfo (FollowerInfo.java:lambda$new$0(51)) - omNode-1@group-523986131536->omNode-2: nextIndex: updateUnconditionally 235 -> 45
2020-06-09 10:47:44,491 [grpc-default-executor-5] WARN  server.GrpcLogAppender (LogUtils.java:warn(122)) - omNode-1@group-523986131536->omNode-2-AppendLogResponseHandler: Failed appendEntries: org.apache.ratis.thirdparty.io.grpc.StatusRuntimeException: UNAVAILABLE: io exception
2020-06-09 10:47:44,492 [grpc-default-executor-5] INFO  impl.FollowerInfo (FollowerInfo.java:lambda$new$0(51)) - omNode-1@group-523986131536->omNode-2: nextIndex: updateUnconditionally 235 -> 45
2020-06-09 10:47:44,494 [grpc-default-executor-5] WARN  server.GrpcLogAppender (LogUtils.java:warn(122)) - omNode-1@group-523986131536->omNode-2-AppendLogResponseHandler: Failed appendEntries: org.apache.ratis.thirdparty.io.grpc.StatusRuntimeException: UNAVAILABLE: io exception
2020-06-09 10:47:44,494 [grpc-default-executor-5] INFO  impl.FollowerInfo (FollowerInfo.java:lambda$new$0(51)) - omNode-1@group-523986131536->omNode-2: nextIndex: updateUnconditionally 235 -> 45
2020-06-09 10:47:44,495 [grpc-default-executor-5] WARN  server.GrpcLogAppender (LogUtils.java:warn(122)) - omNode-1@group-523986131536->omNode-2-AppendLogResponseHandler: Failed appendEntries: org.apache.ratis.thirdparty.io.grpc.StatusRuntimeException: UNAVAILABLE: io exception
2020-06-09 10:47:44,496 [grpc-default-executor-5] INFO  impl.FollowerInfo (FollowerInfo.java:lambda$new$0(51)) - omNode-1@group-523986131536->omNode-2: nextIndex: updateUnconditionally 235 -> 45
2020-06-09 10:47:44,497 [grpc-default-executor-5] WARN  server.GrpcLogAppender (LogUtils.java:warn(122)) - omNode-1@group-523986131536->omNode-2-AppendLogResponseHandler: Failed appendEntries: org.apache.ratis.thirdparty.io.grpc.StatusRuntimeException: UNAVAILABLE: io exception
2020-06-09 10:47:44,497 [grpc-default-executor-5] INFO  impl.FollowerInfo (FollowerInfo.java:lambda$new$0(51)) - omNode-1@group-523986131536->omNode-2: nextIndex: updateUnconditionally 235 -> 45
2020-06-09 10:47:44,501 [grpc-default-executor-3] WARN  server.GrpcLogAppender (LogUtils.java:warn(122)) - omNode-1@group-523986131536->omNode-2-AppendLogResponseHandler: Failed appendEntries: org.apache.ratis.thirdparty.io.grpc.StatusRuntimeException: UNAVAILABLE: io exception
2020-06-09 10:47:44,501 [grpc-default-executor-3] INFO  impl.FollowerInfo (FollowerInfo.java:lambda$new$0(51)) - omNode-1@group-523986131536->omNode-2: nextIndex: updateUnconditionally 235 -> 45
2020-06-09 10:47:44,504 [grpc-default-executor-3] WARN  server.GrpcLogAppender (LogUtils.java:warn(122)) - omNode-1@group-523986131536->omNode-2-AppendLogResponseHandler: Failed appendEntries: org.apache.ratis.thirdparty.io.grpc.StatusRuntimeException: UNAVAILABLE: io exception
2020-06-09 10:47:44,505 [grpc-default-executor-3] INFO  impl.FollowerInfo (FollowerInfo.java:lambda$new$0(51)) - omNode-1@group-523986131536->omNode-2: nextIndex: updateUnconditionally 237 -> 45
2020-06-09 10:47:44,507 [grpc-default-executor-3] WARN  server.GrpcLogAppender (LogUtils.java:warn(122)) - omNode-1@group-523986131536->omNode-2-AppendLogResponseHandler: Failed appendEntries: org.apache.ratis.thirdparty.io.grpc.StatusRuntimeException: UNAVAILABLE: io exception
2020-06-09 10:47:44,507 [grpc-default-executor-3] INFO  impl.FollowerInfo (FollowerInfo.java:lambda$new$0(51)) - omNode-1@group-523986131536->omNode-2: nextIndex: updateUnconditionally 238 -> 45
2020-06-09 10:47:44,508 [grpc-default-executor-3] WARN  server.GrpcLogAppender (LogUtils.java:warn(122)) - omNode-1@group-523986131536->omNode-2-AppendLogResponseHandler: Failed appendEntries: org.apache.ratis.thirdparty.io.grpc.StatusRuntimeException: UNAVAILABLE: io exception
2020-06-09 10:47:44,508 [grpc-default-executor-3] INFO  impl.FollowerInfo (FollowerInfo.java:lambda$new$0(51)) - omNode-1@group-523986131536->omNode-2: nextIndex: updateUnconditionally 238 -> 45
2020-06-09 10:47:44,510 [grpc-default-executor-3] WARN  server.GrpcLogAppender (LogUtils.java:warn(122)) - omNode-1@group-523986131536->omNode-2-AppendLogResponseHandler: Failed appendEntries: org.apache.ratis.thirdparty.io.grpc.StatusRuntimeException: UNAVAILABLE: io exception
2020-06-09 10:47:44,510 [grpc-default-executor-3] INFO  impl.FollowerInfo (FollowerInfo.java:lambda$new$0(51)) - omNode-1@group-523986131536->omNode-2: nextIndex: updateUnconditionally 238 -> 45
2020-06-09 10:47:44,511 [grpc-default-executor-3] WARN  server.GrpcLogAppender (LogUtils.java:warn(122)) - omNode-1@group-523986131536->omNode-2-AppendLogResponseHandler: Failed appendEntries: org.apache.ratis.thirdparty.io.grpc.StatusRuntimeException: UNAVAILABLE: io exception
2020-06-09 10:47:44,511 [grpc-default-executor-3] INFO  impl.FollowerInfo (FollowerInfo.java:lambda$new$0(51)) - omNode-1@group-523986131536->omNode-2: nextIndex: updateUnconditionally 238 -> 45
2020-06-09 10:47:44,513 [grpc-default-executor-3] WARN  server.GrpcLogAppender (LogUtils.java:warn(122)) - omNode-1@group-523986131536->omNode-2-AppendLogResponseHandler: Failed appendEntries: org.apache.ratis.thirdparty.io.grpc.StatusRuntimeException: UNAVAILABLE: io exception
2020-06-09 10:47:44,513 [grpc-default-executor-3] INFO  impl.FollowerInfo (FollowerInfo.java:lambda$new$0(51)) - omNode-1@group-523986131536->omNode-2: nextIndex: updateUnconditionally 238 -> 45
2020-06-09 10:47:44,515 [grpc-default-executor-3] WARN  server.GrpcLogAppender (LogUtils.java:warn(122)) - omNode-1@group-523986131536->omNode-2-AppendLogResponseHandler: Failed appendEntries: org.apache.ratis.thirdparty.io.grpc.StatusRuntimeException: UNAVAILABLE: io exception
2020-06-09 10:47:44,515 [grpc-default-executor-3] INFO  impl.FollowerInfo (FollowerInfo.java:lambda$new$0(51)) - omNode-1@group-523986131536->omNode-2: nextIndex: updateUnconditionally 238 -> 45
2020-06-09 10:47:44,517 [grpc-default-executor-3] WARN  server.GrpcLogAppender (LogUtils.java:warn(122)) - omNode-1@group-523986131536->omNode-2-AppendLogResponseHandler: Failed appendEntries: org.apache.ratis.thirdparty.io.grpc.StatusRuntimeException: UNAVAILABLE: io exception
2020-06-09 10:47:44,517 [grpc-default-executor-3] INFO  impl.FollowerInfo (FollowerInfo.java:lambda$new$0(51)) - omNode-1@group-523986131536->omNode-2: nextIndex: updateUnconditionally 238 -> 45
2020-06-09 10:47:44,519 [grpc-default-executor-3] WARN  server.GrpcLogAppender (LogUtils.java:warn(122)) - omNode-1@group-523986131536->omNode-2-AppendLogResponseHandler: Failed appendEntries: org.apache.ratis.thirdparty.io.grpc.StatusRuntimeException: UNAVAILABLE: io exception
2020-06-09 10:47:44,519 [grpc-default-executor-3] INFO  impl.FollowerInfo (FollowerInfo.java:lambda$new$0(51)) - omNode-1@group-523986131536->omNode-2: nextIndex: updateUnconditionally 238 -> 45
2020-06-09 10:47:44,521 [grpc-default-executor-3] WARN  server.GrpcLogAppender (LogUtils.java:warn(122)) - omNode-1@group-523986131536->omNode-2-AppendLogResponseHandler: Failed appendEntries: org.apache.ratis.thirdparty.io.grpc.StatusRuntimeException: UNAVAILABLE: io exception
2020-06-09 10:47:44,521 [grpc-default-executor-3] INFO  impl.FollowerInfo (FollowerInfo.java:lambda$new$0(51)) - omNode-1@group-523986131536->omNode-2: nextIndex: updateUnconditionally 238 -> 45
2020-06-09 10:47:44,524 [grpc-default-executor-3] WARN  server.GrpcLogAppender (LogUtils.java:warn(122)) - omNode-1@group-523986131536->omNode-2-AppendLogResponseHandler: Failed appendEntries: org.apache.ratis.thirdparty.io.grpc.StatusRuntimeException: UNAVAILABLE: io exception
2020-06-09 10:47:44,524 [grpc-default-executor-3] INFO  impl.FollowerInfo (FollowerInfo.java:lambda$new$0(51)) - omNode-1@group-523986131536->omNode-2: nextIndex: updateUnconditionally 238 -> 45
2020-06-09 10:47:44,528 [grpc-default-executor-3] WARN  server.GrpcLogAppender (LogUtils.java:warn(122)) - omNode-1@group-523986131536->omNode-2-AppendLogResponseHandler: Failed appendEntries: org.apache.ratis.thirdparty.io.grpc.StatusRuntimeException: UNAVAILABLE: io exception
2020-06-09 10:47:44,528 [grpc-default-executor-3] INFO  impl.FollowerInfo (FollowerInfo.java:lambda$new$0(51)) - omNode-1@group-523986131536->omNode-2: nextIndex: updateUnconditionally 239 -> 45
2020-06-09 10:47:44,530 [grpc-default-executor-3] WARN  server.GrpcLogAppender (LogUtils.java:warn(122)) - omNode-1@group-523986131536->omNode-2-AppendLogResponseHandler: Failed appendEntries: org.apache.ratis.thirdparty.io.grpc.StatusRuntimeException: UNAVAILABLE: io exception
2020-06-09 10:47:44,530 [grpc-default-executor-3] INFO  impl.FollowerInfo (FollowerInfo.java:lambda$new$0(51)) - omNode-1@group-523986131536->omNode-2: nextIndex: updateUnconditionally 239 -> 45
2020-06-09 10:47:44,531 [grpc-default-executor-3] WARN  server.GrpcLogAppender (LogUtils.java:warn(122)) - omNode-1@group-523986131536->omNode-2-AppendLogResponseHandler: Failed appendEntries: org.apache.ratis.thirdparty.io.grpc.StatusRuntimeException: UNAVAILABLE: io exception
2020-06-09 10:47:44,531 [grpc-default-executor-3] INFO  impl.FollowerInfo (FollowerInfo.java:lambda$new$0(51)) - omNode-1@group-523986131536->omNode-2: nextIndex: updateUnconditionally 239 -> 45
2020-06-09 10:47:44,533 [grpc-default-executor-3] WARN  server.GrpcLogAppender (LogUtils.java:warn(122)) - omNode-1@group-523986131536->omNode-2-AppendLogResponseHandler: Failed appendEntries: org.apache.ratis.thirdparty.io.grpc.StatusRuntimeException: UNAVAILABLE: io exception
2020-06-09 10:47:44,533 [grpc-default-executor-3] INFO  impl.FollowerInfo (FollowerInfo.java:lambda$new$0(51)) - omNode-1@group-523986131536->omNode-2: nextIndex: updateUnconditionally 239 -> 45
2020-06-09 10:47:44,534 [grpc-default-executor-3] WARN  server.GrpcLogAppender (LogUtils.java:warn(122)) - omNode-1@group-523986131536->omNode-2-AppendLogResponseHandler: Failed appendEntries: org.apache.ratis.thirdparty.io.grpc.StatusRuntimeException: UNAVAILABLE: io exception
2020-06-09 10:47:44,535 [grpc-default-executor-3] INFO  impl.FollowerInfo (FollowerInfo.java:lambda$new$0(51)) - omNode-1@group-523986131536->omNode-2: nextIndex: updateUnconditionally 239 -> 45
2020-06-09 10:47:44,537 [grpc-default-executor-3] WARN  server.GrpcLogAppender (LogUtils.java:warn(122)) - omNode-1@group-523986131536->omNode-2-AppendLogResponseHandler: Failed appendEntries: org.apache.ratis.thirdparty.io.grpc.StatusRuntimeException: UNAVAILABLE: io exception
2020-06-09 10:47:44,537 [grpc-default-executor-3] INFO  impl.FollowerInfo (FollowerInfo.java:lambda$new$0(51)) - omNode-1@group-523986131536->omNode-2: nextIndex: updateUnconditionally 239 -> 45
2020-06-09 10:47:44,538 [grpc-default-executor-3] WARN  server.GrpcLogAppender (LogUtils.java:warn(122)) - omNode-1@group-523986131536->omNode-2-AppendLogResponseHandler: Failed appendEntries: org.apache.ratis.thirdparty.io.grpc.StatusRuntimeException: UNAVAILABLE: io exception
2020-06-09 10:47:44,538 [grpc-default-executor-3] INFO  impl.FollowerInfo (FollowerInfo.java:lambda$new$0(51)) - omNode-1@group-523986131536->omNode-2: nextIndex: updateUnconditionally 239 -> 45
2020-06-09 10:47:44,543 [grpc-default-executor-3] WARN  server.GrpcLogAppender (LogUtils.java:warn(122)) - omNode-1@group-523986131536->omNode-2-AppendLogResponseHandler: Failed appendEntries: org.apache.ratis.thirdparty.io.grpc.StatusRuntimeException: UNAVAILABLE: io exception
2020-06-09 10:47:44,543 [grpc-default-executor-3] INFO  impl.FollowerInfo (FollowerInfo.java:lambda$new$0(51)) - omNode-1@group-523986131536->omNode-2: nextIndex: updateUnconditionally 239 -> 45
2020-06-09 10:47:44,545 [grpc-default-executor-3] WARN  server.GrpcLogAppender (LogUtils.java:warn(122)) - omNode-1@group-523986131536->omNode-2-AppendLogResponseHandler: Failed appendEntries: org.apache.ratis.thirdparty.io.grpc.StatusRuntimeException: UNAVAILABLE: io exception
2020-06-09 10:47:44,545 [grpc-default-executor-3] INFO  impl.FollowerInfo (FollowerInfo.java:lambda$new$0(51)) - omNode-1@group-523986131536->omNode-2: nextIndex: updateUnconditionally 240 -> 45
2020-06-09 10:47:44,546 [grpc-default-executor-3] WARN  server.GrpcLogAppender (LogUtils.java:warn(122)) - omNode-1@group-523986131536->omNode-2-AppendLogResponseHandler: Failed appendEntries: org.apache.ratis.thirdparty.io.grpc.StatusRuntimeException: UNAVAILABLE: io exception
2020-06-09 10:47:44,547 [grpc-default-executor-3] INFO  impl.FollowerInfo (FollowerInfo.java:lambda$new$0(51)) - omNode-1@group-523986131536->omNode-2: nextIndex: updateUnconditionally 240 -> 45
2020-06-09 10:47:44,549 [grpc-default-executor-3] WARN  server.GrpcLogAppender (LogUtils.java:warn(122)) - omNode-1@group-523986131536->omNode-2-AppendLogResponseHandler: Failed appendEntries: org.apache.ratis.thirdparty.io.grpc.StatusRuntimeException: UNAVAILABLE: io exception
2020-06-09 10:47:44,549 [grpc-default-executor-3] INFO  impl.FollowerInfo (FollowerInfo.java:lambda$new$0(51)) - omNode-1@group-523986131536->omNode-2: nextIndex: updateUnconditionally 240 -> 45
2020-06-09 10:47:44,552 [grpc-default-executor-3] WARN  server.GrpcLogAppender (LogUtils.java:warn(122)) - omNode-1@group-523986131536->omNode-2-AppendLogResponseHandler: Failed appendEntries: org.apache.ratis.thirdparty.io.grpc.StatusRuntimeException: UNAVAILABLE: io exception
2020-06-09 10:47:44,552 [grpc-default-executor-3] INFO  impl.FollowerInfo (FollowerInfo.java:lambda$new$0(51)) - omNode-1@group-523986131536->omNode-2: nextIndex: updateUnconditionally 241 -> 45
2020-06-09 10:47:44,554 [grpc-default-executor-3] WARN  server.GrpcLogAppender (LogUtils.java:warn(122)) - omNode-1@group-523986131536->omNode-2-AppendLogResponseHandler: Failed appendEntries: org.apache.ratis.thirdparty.io.grpc.StatusRuntimeException: UNAVAILABLE: io exception
2020-06-09 10:47:44,554 [grpc-default-executor-3] INFO  impl.FollowerInfo (FollowerInfo.java:lambda$new$0(51)) - omNode-1@group-523986131536->omNode-2: nextIndex: updateUnconditionally 242 -> 45
2020-06-09 10:47:44,556 [grpc-default-executor-3] WARN  server.GrpcLogAppender (LogUtils.java:warn(122)) - omNode-1@group-523986131536->omNode-2-AppendLogResponseHandler: Failed appendEntries: org.apache.ratis.thirdparty.io.grpc.StatusRuntimeException: UNAVAILABLE: io exception
2020-06-09 10:47:44,556 [grpc-default-executor-3] INFO  impl.FollowerInfo (FollowerInfo.java:lambda$new$0(51)) - omNode-1@group-523986131536->omNode-2: nextIndex: updateUnconditionally 242 -> 45
2020-06-09 10:47:44,557 [grpc-default-executor-3] WARN  server.GrpcLogAppender (LogUtils.java:warn(122)) - omNode-1@group-523986131536->omNode-2-AppendLogResponseHandler: Failed appendEntries: org.apache.ratis.thirdparty.io.grpc.StatusRuntimeException: UNAVAILABLE: io exception
2020-06-09 10:47:44,558 [grpc-default-executor-3] INFO  impl.FollowerInfo (FollowerInfo.java:lambda$new$0(51)) - omNode-1@group-523986131536->omNode-2: nextIndex: updateUnconditionally 242 -> 45
2020-06-09 10:47:44,559 [grpc-default-executor-3] WARN  server.GrpcLogAppender (LogUtils.java:warn(122)) - omNode-1@group-523986131536->omNode-2-AppendLogResponseHandler: Failed appendEntries: org.apache.ratis.thirdparty.io.grpc.StatusRuntimeException: UNAVAILABLE: io exception
2020-06-09 10:47:44,559 [grpc-default-executor-3] INFO  impl.FollowerInfo (FollowerInfo.java:lambda$new$0(51)) - omNode-1@group-523986131536->omNode-2: nextIndex: updateUnconditionally 242 -> 45
2020-06-09 10:47:44,564 [grpc-default-executor-2] WARN  server.GrpcLogAppender (LogUtils.java:warn(122)) - omNode-1@group-523986131536->omNode-2-AppendLogResponseHandler: Failed appendEntries: org.apache.ratis.thirdparty.io.grpc.StatusRuntimeException: UNAVAILABLE: io exception
2020-06-09 10:47:44,565 [grpc-default-executor-2] INFO  impl.FollowerInfo (FollowerInfo.java:lambda$new$0(51)) - omNode-1@group-523986131536->omNode-2: nextIndex: updateUnconditionally 243 -> 45
2020-06-09 10:47:44,566 [grpc-default-executor-2] WARN  server.GrpcLogAppender (LogUtils.java:warn(122)) - omNode-1@group-523986131536->omNode-2-AppendLogResponseHandler: Failed appendEntries: org.apache.ratis.thirdparty.io.grpc.StatusRuntimeException: UNAVAILABLE: io exception
2020-06-09 10:47:44,566 [grpc-default-executor-2] INFO  impl.FollowerInfo (FollowerInfo.java:lambda$new$0(51)) - omNode-1@group-523986131536->omNode-2: nextIndex: updateUnconditionally 243 -> 45
2020-06-09 10:47:44,567 [grpc-default-executor-2] WARN  server.GrpcLogAppender (LogUtils.java:warn(122)) - omNode-1@group-523986131536->omNode-2-AppendLogResponseHandler: Failed appendEntries: org.apache.ratis.thirdparty.io.grpc.StatusRuntimeException: UNAVAILABLE: io exception
2020-06-09 10:47:44,569 [grpc-default-executor-2] INFO  impl.FollowerInfo (FollowerInfo.java:lambda$new$0(51)) - omNode-1@group-523986131536->omNode-2: nextIndex: updateUnconditionally 243 -> 45
2020-06-09 10:47:44,571 [grpc-default-executor-2] WARN  server.GrpcLogAppender (LogUtils.java:warn(122)) - omNode-1@group-523986131536->omNode-2-AppendLogResponseHandler: Failed appendEntries: org.apache.ratis.thirdparty.io.grpc.StatusRuntimeException: UNAVAILABLE: io exception
2020-06-09 10:47:44,571 [grpc-default-executor-2] INFO  impl.FollowerInfo (FollowerInfo.java:lambda$new$0(51)) - omNode-1@group-523986131536->omNode-2: nextIndex: updateUnconditionally 243 -> 45
2020-06-09 10:47:44,572 [grpc-default-executor-2] WARN  server.GrpcLogAppender (LogUtils.java:warn(122)) - omNode-1@group-523986131536->omNode-2-AppendLogResponseHandler: Failed appendEntries: org.apache.ratis.thirdparty.io.grpc.StatusRuntimeException: UNAVAILABLE: io exception
2020-06-09 10:47:44,572 [grpc-default-executor-2] INFO  impl.FollowerInfo (FollowerInfo.java:lambda$new$0(51)) - omNode-1@group-523986131536->omNode-2: nextIndex: updateUnconditionally 243 -> 45
2020-06-09 10:47:44,575 [grpc-default-executor-2] WARN  server.GrpcLogAppender (LogUtils.java:warn(122)) - omNode-1@group-523986131536->omNode-2-AppendLogResponseHandler: Failed appendEntries: org.apache.ratis.thirdparty.io.grpc.StatusRuntimeException: UNAVAILABLE: io exception
2020-06-09 10:47:44,576 [grpc-default-executor-2] INFO  impl.FollowerInfo (FollowerInfo.java:lambda$new$0(51)) - omNode-1@group-523986131536->omNode-2: nextIndex: updateUnconditionally 243 -> 45
2020-06-09 10:47:44,578 [grpc-default-executor-2] WARN  server.GrpcLogAppender (LogUtils.java:warn(122)) - omNode-1@group-523986131536->omNode-2-AppendLogResponseHandler: Failed appendEntries: org.apache.ratis.thirdparty.io.grpc.StatusRuntimeException: UNAVAILABLE: io exception
2020-06-09 10:47:44,578 [grpc-default-executor-2] INFO  impl.FollowerInfo (FollowerInfo.java:lambda$new$0(51)) - omNode-1@group-523986131536->omNode-2: nextIndex: updateUnconditionally 244 -> 45
2020-06-09 10:47:44,579 [grpc-default-executor-2] WARN  server.GrpcLogAppender (LogUtils.java:warn(122)) - omNode-1@group-523986131536->omNode-2-AppendLogResponseHandler: Failed appendEntries: org.apache.ratis.thirdparty.io.grpc.StatusRuntimeException: UNAVAILABLE: io exception
2020-06-09 10:47:44,580 [grpc-default-executor-2] INFO  impl.FollowerInfo (FollowerInfo.java:lambda$new$0(51)) - omNode-1@group-523986131536->omNode-2: nextIndex: updateUnconditionally 244 -> 45
2020-06-09 10:47:44,581 [grpc-default-executor-2] WARN  server.GrpcLogAppender (LogUtils.java:warn(122)) - omNode-1@group-523986131536->omNode-2-AppendLogResponseHandler: Failed appendEntries: org.apache.ratis.thirdparty.io.grpc.StatusRuntimeException: UNAVAILABLE: io exception
2020-06-09 10:47:44,581 [grpc-default-executor-2] INFO  impl.FollowerInfo (FollowerInfo.java:lambda$new$0(51)) - omNode-1@group-523986131536->omNode-2: nextIndex: updateUnconditionally 244 -> 45
2020-06-09 10:47:44,584 [grpc-default-executor-2] WARN  server.GrpcLogAppender (LogUtils.java:warn(122)) - omNode-1@group-523986131536->omNode-2-AppendLogResponseHandler: Failed appendEntries: org.apache.ratis.thirdparty.io.grpc.StatusRuntimeException: UNAVAILABLE: io exception
2020-06-09 10:47:44,584 [grpc-default-executor-2] INFO  impl.FollowerInfo (FollowerInfo.java:lambda$new$0(51)) - omNode-1@group-523986131536->omNode-2: nextIndex: updateUnconditionally 244 -> 45
2020-06-09 10:47:44,587 [grpc-default-executor-2] WARN  server.GrpcLogAppender (LogUtils.java:warn(122)) - omNode-1@group-523986131536->omNode-2-AppendLogResponseHandler: Failed appendEntries: org.apache.ratis.thirdparty.io.grpc.StatusRuntimeException: UNAVAILABLE: io exception
2020-06-09 10:47:44,588 [grpc-default-executor-2] INFO  impl.FollowerInfo (FollowerInfo.java:lambda$new$0(51)) - omNode-1@group-523986131536->omNode-2: nextIndex: updateUnconditionally 245 -> 45
2020-06-09 10:47:44,590 [grpc-default-executor-2] WARN  server.GrpcLogAppender (LogUtils.java:warn(122)) - omNode-1@group-523986131536->omNode-2-AppendLogResponseHandler: Failed appendEntries: org.apache.ratis.thirdparty.io.grpc.StatusRuntimeException: UNAVAILABLE: io exception
2020-06-09 10:47:44,590 [grpc-default-executor-2] INFO  impl.FollowerInfo (FollowerInfo.java:lambda$new$0(51)) - omNode-1@group-523986131536->omNode-2: nextIndex: updateUnconditionally 246 -> 45
2020-06-09 10:47:44,591 [grpc-default-executor-2] WARN  server.GrpcLogAppender (LogUtils.java:warn(122)) - omNode-1@group-523986131536->omNode-2-AppendLogResponseHandler: Failed appendEntries: org.apache.ratis.thirdparty.io.grpc.StatusRuntimeException: UNAVAILABLE: io exception
2020-06-09 10:47:44,592 [grpc-default-executor-2] INFO  impl.FollowerInfo (FollowerInfo.java:lambda$new$0(51)) - omNode-1@group-523986131536->omNode-2: nextIndex: updateUnconditionally 246 -> 45
2020-06-09 10:47:44,593 [grpc-default-executor-2] WARN  server.GrpcLogAppender (LogUtils.java:warn(122)) - omNode-1@group-523986131536->omNode-2-AppendLogResponseHandler: Failed appendEntries: org.apache.ratis.thirdparty.io.grpc.StatusRuntimeException: UNAVAILABLE: io exception
2020-06-09 10:47:44,593 [grpc-default-executor-2] INFO  impl.FollowerInfo (FollowerInfo.java:lambda$new$0(51)) - omNode-1@group-523986131536->omNode-2: nextIndex: updateUnconditionally 246 -> 45
2020-06-09 10:47:44,595 [grpc-default-executor-3] WARN  server.GrpcLogAppender (LogUtils.java:warn(122)) - omNode-1@group-523986131536->omNode-2-AppendLogResponseHandler: Failed appendEntries: org.apache.ratis.thirdparty.io.grpc.StatusRuntimeException: UNAVAILABLE: io exception
2020-06-09 10:47:44,595 [grpc-default-executor-3] INFO  impl.FollowerInfo (FollowerInfo.java:lambda$new$0(51)) - omNode-1@group-523986131536->omNode-2: nextIndex: updateUnconditionally 246 -> 45
2020-06-09 10:47:44,600 [grpc-default-executor-3] WARN  server.GrpcLogAppender (LogUtils.java:warn(122)) - omNode-1@group-523986131536->omNode-2-AppendLogResponseHandler: Failed appendEntries: org.apache.ratis.thirdparty.io.grpc.StatusRuntimeException: UNAVAILABLE: io exception
2020-06-09 10:47:44,600 [grpc-default-executor-3] INFO  impl.FollowerInfo (FollowerInfo.java:lambda$new$0(51)) - omNode-1@group-523986131536->omNode-2: nextIndex: updateUnconditionally 247 -> 45
2020-06-09 10:47:44,602 [grpc-default-executor-3] WARN  server.GrpcLogAppender (LogUtils.java:warn(122)) - omNode-1@group-523986131536->omNode-2-AppendLogResponseHandler: Failed appendEntries: org.apache.ratis.thirdparty.io.grpc.StatusRuntimeException: UNAVAILABLE: io exception
2020-06-09 10:47:44,602 [grpc-default-executor-3] INFO  impl.FollowerInfo (FollowerInfo.java:lambda$new$0(51)) - omNode-1@group-523986131536->omNode-2: nextIndex: updateUnconditionally 247 -> 45
2020-06-09 10:47:44,604 [grpc-default-executor-3] WARN  server.GrpcLogAppender (LogUtils.java:warn(122)) - omNode-1@group-523986131536->omNode-2-AppendLogResponseHandler: Failed appendEntries: org.apache.ratis.thirdparty.io.grpc.StatusRuntimeException: UNAVAILABLE: io exception
2020-06-09 10:47:44,604 [grpc-default-executor-3] INFO  impl.FollowerInfo (FollowerInfo.java:lambda$new$0(51)) - omNode-1@group-523986131536->omNode-2: nextIndex: updateUnconditionally 247 -> 45
2020-06-09 10:47:44,605 [grpc-default-executor-3] WARN  server.GrpcLogAppender (LogUtils.java:warn(122)) - omNode-1@group-523986131536->omNode-2-AppendLogResponseHandler: Failed appendEntries: org.apache.ratis.thirdparty.io.grpc.StatusRuntimeException: UNAVAILABLE: io exception
2020-06-09 10:47:44,606 [grpc-default-executor-3] INFO  impl.FollowerInfo (FollowerInfo.java:lambda$new$0(51)) - omNode-1@group-523986131536->omNode-2: nextIndex: updateUnconditionally 247 -> 45
2020-06-09 10:47:44,609 [grpc-default-executor-3] WARN  server.GrpcLogAppender (LogUtils.java:warn(122)) - omNode-1@group-523986131536->omNode-2-AppendLogResponseHandler: Failed appendEntries: org.apache.ratis.thirdparty.io.grpc.StatusRuntimeException: UNAVAILABLE: io exception
2020-06-09 10:47:44,609 [grpc-default-executor-3] INFO  impl.FollowerInfo (FollowerInfo.java:lambda$new$0(51)) - omNode-1@group-523986131536->omNode-2: nextIndex: updateUnconditionally 247 -> 45
2020-06-09 10:47:44,612 [grpc-default-executor-3] WARN  server.GrpcLogAppender (LogUtils.java:warn(122)) - omNode-1@group-523986131536->omNode-2-AppendLogResponseHandler: Failed appendEntries: org.apache.ratis.thirdparty.io.grpc.StatusRuntimeException: UNAVAILABLE: io exception
2020-06-09 10:47:44,612 [grpc-default-executor-3] INFO  impl.FollowerInfo (FollowerInfo.java:lambda$new$0(51)) - omNode-1@group-523986131536->omNode-2: nextIndex: updateUnconditionally 247 -> 45
2020-06-09 10:47:44,613 [grpc-default-executor-3] WARN  server.GrpcLogAppender (LogUtils.java:warn(122)) - omNode-1@group-523986131536->omNode-2-AppendLogResponseHandler: Failed appendEntries: org.apache.ratis.thirdparty.io.grpc.StatusRuntimeException: UNAVAILABLE: io exception
2020-06-09 10:47:44,613 [grpc-default-executor-3] INFO  impl.FollowerInfo (FollowerInfo.java:lambda$new$0(51)) - omNode-1@group-523986131536->omNode-2: nextIndex: updateUnconditionally 248 -> 45
2020-06-09 10:47:44,615 [grpc-default-executor-3] WARN  server.GrpcLogAppender (LogUtils.java:warn(122)) - omNode-1@group-523986131536->omNode-2-AppendLogResponseHandler: Failed appendEntries: org.apache.ratis.thirdparty.io.grpc.StatusRuntimeException: UNAVAILABLE: io exception
2020-06-09 10:47:44,615 [grpc-default-executor-3] INFO  impl.FollowerInfo (FollowerInfo.java:lambda$new$0(51)) - omNode-1@group-523986131536->omNode-2: nextIndex: updateUnconditionally 248 -> 45
2020-06-09 10:47:44,617 [grpc-default-executor-3] WARN  server.GrpcLogAppender (LogUtils.java:warn(122)) - omNode-1@group-523986131536->omNode-2-AppendLogResponseHandler: Failed appendEntries: org.apache.ratis.thirdparty.io.grpc.StatusRuntimeException: UNAVAILABLE: io exception
2020-06-09 10:47:44,617 [grpc-default-executor-3] INFO  impl.FollowerInfo (FollowerInfo.java:lambda$new$0(51)) - omNode-1@group-523986131536->omNode-2: nextIndex: updateUnconditionally 248 -> 45
2020-06-09 10:47:44,752 [grpc-default-executor-2] WARN  server.GrpcLogAppender (LogUtils.java:warn(122)) - omNode-1@group-523986131536->omNode-2-AppendLogResponseHandler: Failed appendEntries: org.apache.ratis.thirdparty.io.grpc.StatusRuntimeException: UNAVAILABLE: io exception
2020-06-09 10:47:44,753 [grpc-default-executor-2] INFO  impl.FollowerInfo (FollowerInfo.java:lambda$new$0(51)) - omNode-1@group-523986131536->omNode-2: nextIndex: updateUnconditionally 248 -> 45
2020-06-09 10:47:44,755 [grpc-default-executor-3] WARN  server.GrpcLogAppender (LogUtils.java:warn(122)) - omNode-1@group-523986131536->omNode-2-AppendLogResponseHandler: Failed appendEntries: org.apache.ratis.thirdparty.io.grpc.StatusRuntimeException: UNAVAILABLE: io exception
2020-06-09 10:47:44,755 [grpc-default-executor-3] INFO  impl.FollowerInfo (FollowerInfo.java:lambda$new$0(51)) - omNode-1@group-523986131536->omNode-2: nextIndex: updateUnconditionally 249 -> 45
2020-06-09 10:47:44,763 [omNode-1@group-523986131536-StateMachineUpdater] INFO  ratis.OzoneManagerStateMachine (OzoneManagerStateMachine.java:takeSnapshot(350)) - Saving Ratis snapshot on the OM.
2020-06-09 10:47:44,764 [omNode-1@group-523986131536-StateMachineUpdater] INFO  ratis.OMRatisSnapshotInfo (OMRatisSnapshotInfo.java:saveRatisSnapshotToDisk(105)) - Saved Ratis Snapshot on the OM with snapshotIndex (t:1, i:248)
2020-06-09 10:47:44,764 [omNode-1@group-523986131536-StateMachineUpdater] INFO  impl.StateMachineUpdater (StateMachineUpdater.java:takeSnapshot(277)) - omNode-1@group-523986131536-StateMachineUpdater: Took a snapshot at index 248
2020-06-09 10:47:44,764 [omNode-1@group-523986131536-StateMachineUpdater] INFO  impl.StateMachineUpdater (StateMachineUpdater.java:lambda$new$0(87)) - omNode-1@group-523986131536-StateMachineUpdater: snapshotIndex: updateIncreasingly 198 -> 248
2020-06-09 10:47:44,765 [grpc-default-executor-3] WARN  server.GrpcLogAppender (LogUtils.java:warn(122)) - omNode-1@group-523986131536->omNode-2-AppendLogResponseHandler: Failed appendEntries: org.apache.ratis.thirdparty.io.grpc.StatusRuntimeException: UNAVAILABLE: io exception
2020-06-09 10:47:44,765 [grpc-default-executor-3] INFO  impl.FollowerInfo (FollowerInfo.java:lambda$new$0(51)) - omNode-1@group-523986131536->omNode-2: nextIndex: updateUnconditionally 250 -> 45
2020-06-09 10:47:44,767 [grpc-default-executor-3] WARN  server.GrpcLogAppender (LogUtils.java:warn(122)) - omNode-1@group-523986131536->omNode-2-AppendLogResponseHandler: Failed appendEntries: org.apache.ratis.thirdparty.io.grpc.StatusRuntimeException: UNAVAILABLE: io exception
2020-06-09 10:47:44,767 [grpc-default-executor-3] INFO  impl.FollowerInfo (FollowerInfo.java:lambda$new$0(51)) - omNode-1@group-523986131536->omNode-2: nextIndex: updateUnconditionally 250 -> 45
2020-06-09 10:47:44,769 [grpc-default-executor-3] WARN  server.GrpcLogAppender (LogUtils.java:warn(122)) - omNode-1@group-523986131536->omNode-2-AppendLogResponseHandler: Failed appendEntries: org.apache.ratis.thirdparty.io.grpc.StatusRuntimeException: UNAVAILABLE: io exception
2020-06-09 10:47:44,769 [grpc-default-executor-3] INFO  impl.FollowerInfo (FollowerInfo.java:lambda$new$0(51)) - omNode-1@group-523986131536->omNode-2: nextIndex: updateUnconditionally 250 -> 45
2020-06-09 10:47:44,770 [grpc-default-executor-3] WARN  server.GrpcLogAppender (LogUtils.java:warn(122)) - omNode-1@group-523986131536->omNode-2-AppendLogResponseHandler: Failed appendEntries: org.apache.ratis.thirdparty.io.grpc.StatusRuntimeException: UNAVAILABLE: io exception
2020-06-09 10:47:44,770 [grpc-default-executor-3] INFO  impl.FollowerInfo (FollowerInfo.java:lambda$new$0(51)) - omNode-1@group-523986131536->omNode-2: nextIndex: updateUnconditionally 250 -> 45
2020-06-09 10:47:44,772 [grpc-default-executor-3] WARN  server.GrpcLogAppender (LogUtils.java:warn(122)) - omNode-1@group-523986131536->omNode-2-AppendLogResponseHandler: Failed appendEntries: org.apache.ratis.thirdparty.io.grpc.StatusRuntimeException: UNAVAILABLE: io exception
2020-06-09 10:47:44,772 [grpc-default-executor-3] INFO  impl.FollowerInfo (FollowerInfo.java:lambda$new$0(51)) - omNode-1@group-523986131536->omNode-2: nextIndex: updateUnconditionally 250 -> 45
2020-06-09 10:47:44,776 [grpc-default-executor-3] WARN  server.GrpcLogAppender (LogUtils.java:warn(122)) - omNode-1@group-523986131536->omNode-2-AppendLogResponseHandler: Failed appendEntries: org.apache.ratis.thirdparty.io.grpc.StatusRuntimeException: UNAVAILABLE: io exception
2020-06-09 10:47:44,776 [grpc-default-executor-3] INFO  impl.FollowerInfo (FollowerInfo.java:lambda$new$0(51)) - omNode-1@group-523986131536->omNode-2: nextIndex: updateUnconditionally 250 -> 45
2020-06-09 10:47:44,780 [grpc-default-executor-2] WARN  server.GrpcLogAppender (LogUtils.java:warn(122)) - omNode-1@group-523986131536->omNode-2-AppendLogResponseHandler: Failed appendEntries: org.apache.ratis.thirdparty.io.grpc.StatusRuntimeException: UNAVAILABLE: io exception
2020-06-09 10:47:44,780 [grpc-default-executor-2] INFO  impl.FollowerInfo (FollowerInfo.java:lambda$new$0(51)) - omNode-1@group-523986131536->omNode-2: nextIndex: updateUnconditionally 251 -> 45
2020-06-09 10:47:44,781 [grpc-default-executor-2] WARN  server.GrpcLogAppender (LogUtils.java:warn(122)) - omNode-1@group-523986131536->omNode-2-AppendLogResponseHandler: Failed appendEntries: org.apache.ratis.thirdparty.io.grpc.StatusRuntimeException: UNAVAILABLE: io exception
2020-06-09 10:47:44,782 [grpc-default-executor-2] INFO  impl.FollowerInfo (FollowerInfo.java:lambda$new$0(51)) - omNode-1@group-523986131536->omNode-2: nextIndex: updateUnconditionally 251 -> 45
2020-06-09 10:47:44,782 [omNode-3@group-523986131536-StateMachineUpdater] INFO  ratis.OzoneManagerStateMachine (OzoneManagerStateMachine.java:takeSnapshot(350)) - Saving Ratis snapshot on the OM.
2020-06-09 10:47:44,783 [omNode-3@group-523986131536-StateMachineUpdater] INFO  ratis.OMRatisSnapshotInfo (OMRatisSnapshotInfo.java:saveRatisSnapshotToDisk(105)) - Saved Ratis Snapshot on the OM with snapshotIndex (t:1, i:248)
2020-06-09 10:47:44,783 [omNode-3@group-523986131536-StateMachineUpdater] INFO  impl.StateMachineUpdater (StateMachineUpdater.java:takeSnapshot(277)) - omNode-3@group-523986131536-StateMachineUpdater: Took a snapshot at index 248
2020-06-09 10:47:44,783 [omNode-3@group-523986131536-StateMachineUpdater] INFO  impl.StateMachineUpdater (StateMachineUpdater.java:lambda$new$0(87)) - omNode-3@group-523986131536-StateMachineUpdater: snapshotIndex: updateIncreasingly 198 -> 248
2020-06-09 10:47:44,784 [grpc-default-executor-2] WARN  server.GrpcLogAppender (LogUtils.java:warn(122)) - omNode-1@group-523986131536->omNode-2-AppendLogResponseHandler: Failed appendEntries: org.apache.ratis.thirdparty.io.grpc.StatusRuntimeException: UNAVAILABLE: io exception
2020-06-09 10:47:44,784 [grpc-default-executor-2] INFO  impl.FollowerInfo (FollowerInfo.java:lambda$new$0(51)) - omNode-1@group-523986131536->omNode-2: nextIndex: updateUnconditionally 251 -> 45
2020-06-09 10:47:44,791 [grpc-default-executor-2] WARN  server.GrpcLogAppender (LogUtils.java:warn(122)) - omNode-1@group-523986131536->omNode-2-AppendLogResponseHandler: Failed appendEntries: org.apache.ratis.thirdparty.io.grpc.StatusRuntimeException: UNAVAILABLE: io exception
2020-06-09 10:47:44,792 [grpc-default-executor-2] INFO  impl.FollowerInfo (FollowerInfo.java:lambda$new$0(51)) - omNode-1@group-523986131536->omNode-2: nextIndex: updateUnconditionally 251 -> 45
2020-06-09 10:47:44,794 [grpc-default-executor-2] WARN  server.GrpcLogAppender (LogUtils.java:warn(122)) - omNode-1@group-523986131536->omNode-2-AppendLogResponseHandler: Failed appendEntries: org.apache.ratis.thirdparty.io.grpc.StatusRuntimeException: UNAVAILABLE: io exception
2020-06-09 10:47:44,794 [grpc-default-executor-2] INFO  impl.FollowerInfo (FollowerInfo.java:lambda$new$0(51)) - omNode-1@group-523986131536->omNode-2: nextIndex: updateUnconditionally 252 -> 45
2020-06-09 10:47:44,795 [grpc-default-executor-2] WARN  server.GrpcLogAppender (LogUtils.java:warn(122)) - omNode-1@group-523986131536->omNode-2-AppendLogResponseHandler: Failed appendEntries: org.apache.ratis.thirdparty.io.grpc.StatusRuntimeException: UNAVAILABLE: io exception
2020-06-09 10:47:44,796 [grpc-default-executor-2] INFO  impl.FollowerInfo (FollowerInfo.java:lambda$new$0(51)) - omNode-1@group-523986131536->omNode-2: nextIndex: updateUnconditionally 252 -> 45
2020-06-09 10:47:44,797 [grpc-default-executor-2] WARN  server.GrpcLogAppender (LogUtils.java:warn(122)) - omNode-1@group-523986131536->omNode-2-AppendLogResponseHandler: Failed appendEntries: org.apache.ratis.thirdparty.io.grpc.StatusRuntimeException: UNAVAILABLE: io exception
2020-06-09 10:47:44,797 [grpc-default-executor-2] INFO  impl.FollowerInfo (FollowerInfo.java:lambda$new$0(51)) - omNode-1@group-523986131536->omNode-2: nextIndex: updateUnconditionally 252 -> 45
2020-06-09 10:47:44,800 [grpc-default-executor-2] WARN  server.GrpcLogAppender (LogUtils.java:warn(122)) - omNode-1@group-523986131536->omNode-2-AppendLogResponseHandler: Failed appendEntries: org.apache.ratis.thirdparty.io.grpc.StatusRuntimeException: UNAVAILABLE: io exception
2020-06-09 10:47:44,800 [grpc-default-executor-2] INFO  impl.FollowerInfo (FollowerInfo.java:lambda$new$0(51)) - omNode-1@group-523986131536->omNode-2: nextIndex: updateUnconditionally 252 -> 45
2020-06-09 10:47:44,804 [grpc-default-executor-2] WARN  server.GrpcLogAppender (LogUtils.java:warn(122)) - omNode-1@group-523986131536->omNode-2-AppendLogResponseHandler: Failed appendEntries: org.apache.ratis.thirdparty.io.grpc.StatusRuntimeException: UNAVAILABLE: io exception
2020-06-09 10:47:44,804 [grpc-default-executor-2] INFO  impl.FollowerInfo (FollowerInfo.java:lambda$new$0(51)) - omNode-1@group-523986131536->omNode-2: nextIndex: updateUnconditionally 253 -> 45
2020-06-09 10:47:44,805 [grpc-default-executor-2] WARN  server.GrpcLogAppender (LogUtils.java:warn(122)) - omNode-1@group-523986131536->omNode-2-AppendLogResponseHandler: Failed appendEntries: org.apache.ratis.thirdparty.io.grpc.StatusRuntimeException: UNAVAILABLE: io exception
2020-06-09 10:47:44,806 [grpc-default-executor-2] INFO  impl.FollowerInfo (FollowerInfo.java:lambda$new$0(51)) - omNode-1@group-523986131536->omNode-2: nextIndex: updateUnconditionally 254 -> 45
2020-06-09 10:47:44,807 [EventQueue-Delayed safe mode statusForReplicationManager] INFO  container.ReplicationManager (ReplicationManager.java:start(167)) - Starting Replication Monitor Thread.
2020-06-09 10:47:44,808 [grpc-default-executor-2] WARN  server.GrpcLogAppender (LogUtils.java:warn(122)) - omNode-1@group-523986131536->omNode-2-AppendLogResponseHandler: Failed appendEntries: org.apache.ratis.thirdparty.io.grpc.StatusRuntimeException: UNAVAILABLE: io exception
2020-06-09 10:47:44,808 [grpc-default-executor-2] INFO  impl.FollowerInfo (FollowerInfo.java:lambda$new$0(51)) - omNode-1@group-523986131536->omNode-2: nextIndex: updateUnconditionally 254 -> 45
2020-06-09 10:47:44,810 [grpc-default-executor-2] WARN  server.GrpcLogAppender (LogUtils.java:warn(122)) - omNode-1@group-523986131536->omNode-2-AppendLogResponseHandler: Failed appendEntries: org.apache.ratis.thirdparty.io.grpc.StatusRuntimeException: UNAVAILABLE: io exception
2020-06-09 10:47:44,810 [grpc-default-executor-2] INFO  impl.FollowerInfo (FollowerInfo.java:lambda$new$0(51)) - omNode-1@group-523986131536->omNode-2: nextIndex: updateUnconditionally 254 -> 45
2020-06-09 10:47:44,819 [ReplicationMonitor] INFO  container.ReplicationManager (ReplicationManager.java:run(231)) - Replication Monitor Thread took 1 milliseconds for processing 3 containers.
2020-06-09 10:47:44,821 [grpc-default-executor-5] WARN  server.GrpcLogAppender (LogUtils.java:warn(122)) - omNode-1@group-523986131536->omNode-2-AppendLogResponseHandler: Failed appendEntries: org.apache.ratis.thirdparty.io.grpc.StatusRuntimeException: UNAVAILABLE: io exception
2020-06-09 10:47:44,821 [grpc-default-executor-5] INFO  impl.FollowerInfo (FollowerInfo.java:lambda$new$0(51)) - omNode-1@group-523986131536->omNode-2: nextIndex: updateUnconditionally 254 -> 45
2020-06-09 10:47:44,828 [grpc-default-executor-2] WARN  server.GrpcLogAppender (LogUtils.java:warn(122)) - omNode-1@group-523986131536->omNode-2-AppendLogResponseHandler: Failed appendEntries: org.apache.ratis.thirdparty.io.grpc.StatusRuntimeException: UNAVAILABLE: io exception
2020-06-09 10:47:44,828 [grpc-default-executor-2] INFO  impl.FollowerInfo (FollowerInfo.java:lambda$new$0(51)) - omNode-1@group-523986131536->omNode-2: nextIndex: updateUnconditionally 255 -> 45
2020-06-09 10:47:44,831 [grpc-default-executor-5] WARN  server.GrpcLogAppender (LogUtils.java:warn(122)) - omNode-1@group-523986131536->omNode-2-AppendLogResponseHandler: Failed appendEntries: org.apache.ratis.thirdparty.io.grpc.StatusRuntimeException: UNAVAILABLE: io exception
2020-06-09 10:47:44,831 [grpc-default-executor-5] INFO  impl.FollowerInfo (FollowerInfo.java:lambda$new$0(51)) - omNode-1@group-523986131536->omNode-2: nextIndex: updateUnconditionally 257 -> 45
2020-06-09 10:47:44,836 [grpc-default-executor-3] WARN  server.GrpcLogAppender (LogUtils.java:warn(122)) - omNode-1@group-523986131536->omNode-2-AppendLogResponseHandler: Failed appendEntries: org.apache.ratis.thirdparty.io.grpc.StatusRuntimeException: UNAVAILABLE: io exception
2020-06-09 10:47:44,836 [grpc-default-executor-3] INFO  impl.FollowerInfo (FollowerInfo.java:lambda$new$0(51)) - omNode-1@group-523986131536->omNode-2: nextIndex: updateUnconditionally 258 -> 45
2020-06-09 10:47:44,842 [grpc-default-executor-2] WARN  server.GrpcLogAppender (LogUtils.java:warn(122)) - omNode-1@group-523986131536->omNode-2-AppendLogResponseHandler: Failed appendEntries: org.apache.ratis.thirdparty.io.grpc.StatusRuntimeException: UNAVAILABLE: io exception
2020-06-09 10:47:44,842 [grpc-default-executor-2] INFO  impl.FollowerInfo (FollowerInfo.java:lambda$new$0(51)) - omNode-1@group-523986131536->omNode-2: nextIndex: updateUnconditionally 259 -> 45
2020-06-09 10:47:44,845 [grpc-default-executor-3] WARN  server.GrpcLogAppender (LogUtils.java:warn(122)) - omNode-1@group-523986131536->omNode-2-AppendLogResponseHandler: Failed appendEntries: org.apache.ratis.thirdparty.io.grpc.StatusRuntimeException: UNAVAILABLE: io exception
2020-06-09 10:47:44,846 [grpc-default-executor-3] INFO  impl.FollowerInfo (FollowerInfo.java:lambda$new$0(51)) - omNode-1@group-523986131536->omNode-2: nextIndex: updateUnconditionally 260 -> 45
2020-06-09 10:47:44,847 [grpc-default-executor-2] WARN  server.GrpcLogAppender (LogUtils.java:warn(122)) - omNode-1@group-523986131536->omNode-2-AppendLogResponseHandler: Failed appendEntries: org.apache.ratis.thirdparty.io.grpc.StatusRuntimeException: UNAVAILABLE: io exception
2020-06-09 10:47:44,847 [grpc-default-executor-2] INFO  impl.FollowerInfo (FollowerInfo.java:lambda$new$0(51)) - omNode-1@group-523986131536->omNode-2: nextIndex: updateUnconditionally 261 -> 45
2020-06-09 10:47:44,851 [grpc-default-executor-3] WARN  server.GrpcLogAppender (LogUtils.java:warn(122)) - omNode-1@group-523986131536->omNode-2-AppendLogResponseHandler: Failed appendEntries: org.apache.ratis.thirdparty.io.grpc.StatusRuntimeException: UNAVAILABLE: io exception
2020-06-09 10:47:44,851 [grpc-default-executor-3] INFO  impl.FollowerInfo (FollowerInfo.java:lambda$new$0(51)) - omNode-1@group-523986131536->omNode-2: nextIndex: updateUnconditionally 262 -> 45
2020-06-09 10:47:44,856 [grpc-default-executor-2] WARN  server.GrpcLogAppender (LogUtils.java:warn(122)) - omNode-1@group-523986131536->omNode-2-AppendLogResponseHandler: Failed appendEntries: org.apache.ratis.thirdparty.io.grpc.StatusRuntimeException: UNAVAILABLE: io exception
2020-06-09 10:47:44,856 [grpc-default-executor-2] INFO  impl.FollowerInfo (FollowerInfo.java:lambda$new$0(51)) - omNode-1@group-523986131536->omNode-2: nextIndex: updateUnconditionally 262 -> 45
2020-06-09 10:47:44,861 [grpc-default-executor-4] WARN  server.GrpcLogAppender (LogUtils.java:warn(122)) - omNode-1@group-523986131536->omNode-2-AppendLogResponseHandler: Failed appendEntries: org.apache.ratis.thirdparty.io.grpc.StatusRuntimeException: UNAVAILABLE: io exception
2020-06-09 10:47:44,861 [grpc-default-executor-4] INFO  impl.FollowerInfo (FollowerInfo.java:lambda$new$0(51)) - omNode-1@group-523986131536->omNode-2: nextIndex: updateUnconditionally 263 -> 45
2020-06-09 10:47:44,867 [grpc-default-executor-2] WARN  server.GrpcLogAppender (LogUtils.java:warn(122)) - omNode-1@group-523986131536->omNode-2-AppendLogResponseHandler: Failed appendEntries: org.apache.ratis.thirdparty.io.grpc.StatusRuntimeException: UNAVAILABLE: io exception
2020-06-09 10:47:44,867 [grpc-default-executor-2] INFO  impl.FollowerInfo (FollowerInfo.java:lambda$new$0(51)) - omNode-1@group-523986131536->omNode-2: nextIndex: updateUnconditionally 263 -> 45
2020-06-09 10:47:44,871 [grpc-default-executor-2] WARN  server.GrpcLogAppender (LogUtils.java:warn(122)) - omNode-1@group-523986131536->omNode-2-AppendLogResponseHandler: Failed appendEntries: org.apache.ratis.thirdparty.io.grpc.StatusRuntimeException: UNAVAILABLE: io exception
2020-06-09 10:47:44,871 [grpc-default-executor-2] INFO  impl.FollowerInfo (FollowerInfo.java:lambda$new$0(51)) - omNode-1@group-523986131536->omNode-2: nextIndex: updateUnconditionally 264 -> 45
2020-06-09 10:47:44,874 [grpc-default-executor-3] WARN  server.GrpcLogAppender (LogUtils.java:warn(122)) - omNode-1@group-523986131536->omNode-2-AppendLogResponseHandler: Failed appendEntries: org.apache.ratis.thirdparty.io.grpc.StatusRuntimeException: UNAVAILABLE: io exception
2020-06-09 10:47:44,874 [grpc-default-executor-3] INFO  impl.FollowerInfo (FollowerInfo.java:lambda$new$0(51)) - omNode-1@group-523986131536->omNode-2: nextIndex: updateUnconditionally 265 -> 45
2020-06-09 10:47:44,876 [grpc-default-executor-3] WARN  server.GrpcLogAppender (LogUtils.java:warn(122)) - omNode-1@group-523986131536->omNode-2-AppendLogResponseHandler: Failed appendEntries: org.apache.ratis.thirdparty.io.grpc.StatusRuntimeException: UNAVAILABLE: io exception
2020-06-09 10:47:44,876 [grpc-default-executor-3] INFO  impl.FollowerInfo (FollowerInfo.java:lambda$new$0(51)) - omNode-1@group-523986131536->omNode-2: nextIndex: updateUnconditionally 266 -> 45
2020-06-09 10:47:44,883 [grpc-default-executor-4] WARN  server.GrpcLogAppender (LogUtils.java:warn(122)) - omNode-1@group-523986131536->omNode-2-AppendLogResponseHandler: Failed appendEntries: org.apache.ratis.thirdparty.io.grpc.StatusRuntimeException: UNAVAILABLE: io exception
2020-06-09 10:47:44,883 [grpc-default-executor-4] INFO  impl.FollowerInfo (FollowerInfo.java:lambda$new$0(51)) - omNode-1@group-523986131536->omNode-2: nextIndex: updateUnconditionally 266 -> 45
2020-06-09 10:47:44,886 [grpc-default-executor-2] WARN  server.GrpcLogAppender (LogUtils.java:warn(122)) - omNode-1@group-523986131536->omNode-2-AppendLogResponseHandler: Failed appendEntries: org.apache.ratis.thirdparty.io.grpc.StatusRuntimeException: UNAVAILABLE: io exception
2020-06-09 10:47:44,886 [grpc-default-executor-2] INFO  impl.FollowerInfo (FollowerInfo.java:lambda$new$0(51)) - omNode-1@group-523986131536->omNode-2: nextIndex: updateUnconditionally 267 -> 45
2020-06-09 10:47:44,890 [grpc-default-executor-4] WARN  server.GrpcLogAppender (LogUtils.java:warn(122)) - omNode-1@group-523986131536->omNode-2-AppendLogResponseHandler: Failed appendEntries: org.apache.ratis.thirdparty.io.grpc.StatusRuntimeException: UNAVAILABLE: io exception
2020-06-09 10:47:44,890 [grpc-default-executor-4] INFO  impl.FollowerInfo (FollowerInfo.java:lambda$new$0(51)) - omNode-1@group-523986131536->omNode-2: nextIndex: updateUnconditionally 268 -> 45
2020-06-09 10:47:44,893 [grpc-default-executor-2] WARN  server.GrpcLogAppender (LogUtils.java:warn(122)) - omNode-1@group-523986131536->omNode-2-AppendLogResponseHandler: Failed appendEntries: org.apache.ratis.thirdparty.io.grpc.StatusRuntimeException: UNAVAILABLE: io exception
2020-06-09 10:47:44,893 [grpc-default-executor-2] INFO  impl.FollowerInfo (FollowerInfo.java:lambda$new$0(51)) - omNode-1@group-523986131536->omNode-2: nextIndex: updateUnconditionally 269 -> 45
2020-06-09 10:47:44,896 [grpc-default-executor-5] WARN  server.GrpcLogAppender (LogUtils.java:warn(122)) - omNode-1@group-523986131536->omNode-2-AppendLogResponseHandler: Failed appendEntries: org.apache.ratis.thirdparty.io.grpc.StatusRuntimeException: UNAVAILABLE: io exception
2020-06-09 10:47:44,896 [grpc-default-executor-5] INFO  impl.FollowerInfo (FollowerInfo.java:lambda$new$0(51)) - omNode-1@group-523986131536->omNode-2: nextIndex: updateUnconditionally 270 -> 45
2020-06-09 10:47:44,904 [grpc-default-executor-2] WARN  server.GrpcLogAppender (LogUtils.java:warn(122)) - omNode-1@group-523986131536->omNode-2-AppendLogResponseHandler: Failed appendEntries: org.apache.ratis.thirdparty.io.grpc.StatusRuntimeException: UNAVAILABLE: io exception
2020-06-09 10:47:44,904 [grpc-default-executor-2] INFO  impl.FollowerInfo (FollowerInfo.java:lambda$new$0(51)) - omNode-1@group-523986131536->omNode-2: nextIndex: updateUnconditionally 270 -> 45
2020-06-09 10:47:44,909 [grpc-default-executor-2] WARN  server.GrpcLogAppender (LogUtils.java:warn(122)) - omNode-1@group-523986131536->omNode-2-AppendLogResponseHandler: Failed appendEntries: org.apache.ratis.thirdparty.io.grpc.StatusRuntimeException: UNAVAILABLE: io exception
2020-06-09 10:47:44,910 [grpc-default-executor-2] INFO  impl.FollowerInfo (FollowerInfo.java:lambda$new$0(51)) - omNode-1@group-523986131536->omNode-2: nextIndex: updateUnconditionally 272 -> 45
2020-06-09 10:47:44,912 [grpc-default-executor-2] WARN  server.GrpcLogAppender (LogUtils.java:warn(122)) - omNode-1@group-523986131536->omNode-2-AppendLogResponseHandler: Failed appendEntries: org.apache.ratis.thirdparty.io.grpc.StatusRuntimeException: UNAVAILABLE: io exception
2020-06-09 10:47:44,912 [grpc-default-executor-2] INFO  impl.FollowerInfo (FollowerInfo.java:lambda$new$0(51)) - omNode-1@group-523986131536->omNode-2: nextIndex: updateUnconditionally 272 -> 45
2020-06-09 10:47:44,919 [grpc-default-executor-4] WARN  server.GrpcLogAppender (LogUtils.java:warn(122)) - omNode-1@group-523986131536->omNode-2-AppendLogResponseHandler: Failed appendEntries: org.apache.ratis.thirdparty.io.grpc.StatusRuntimeException: UNAVAILABLE: io exception
2020-06-09 10:47:44,919 [grpc-default-executor-4] INFO  impl.FollowerInfo (FollowerInfo.java:lambda$new$0(51)) - omNode-1@group-523986131536->omNode-2: nextIndex: updateUnconditionally 273 -> 45
2020-06-09 10:47:44,922 [grpc-default-executor-4] WARN  server.GrpcLogAppender (LogUtils.java:warn(122)) - omNode-1@group-523986131536->omNode-2-AppendLogResponseHandler: Failed appendEntries: org.apache.ratis.thirdparty.io.grpc.StatusRuntimeException: UNAVAILABLE: io exception
2020-06-09 10:47:44,922 [grpc-default-executor-4] INFO  impl.FollowerInfo (FollowerInfo.java:lambda$new$0(51)) - omNode-1@group-523986131536->omNode-2: nextIndex: updateUnconditionally 274 -> 45
2020-06-09 10:47:44,927 [grpc-default-executor-4] WARN  server.GrpcLogAppender (LogUtils.java:warn(122)) - omNode-1@group-523986131536->omNode-2-AppendLogResponseHandler: Failed appendEntries: org.apache.ratis.thirdparty.io.grpc.StatusRuntimeException: UNAVAILABLE: io exception
2020-06-09 10:47:44,927 [grpc-default-executor-4] INFO  impl.FollowerInfo (FollowerInfo.java:lambda$new$0(51)) - omNode-1@group-523986131536->omNode-2: nextIndex: updateUnconditionally 274 -> 45
2020-06-09 10:47:44,930 [grpc-default-executor-5] WARN  server.GrpcLogAppender (LogUtils.java:warn(122)) - omNode-1@group-523986131536->omNode-2-AppendLogResponseHandler: Failed appendEntries: org.apache.ratis.thirdparty.io.grpc.StatusRuntimeException: UNAVAILABLE: io exception
2020-06-09 10:47:44,930 [grpc-default-executor-5] INFO  impl.FollowerInfo (FollowerInfo.java:lambda$new$0(51)) - omNode-1@group-523986131536->omNode-2: nextIndex: updateUnconditionally 275 -> 45
2020-06-09 10:47:44,934 [grpc-default-executor-2] WARN  server.GrpcLogAppender (LogUtils.java:warn(122)) - omNode-1@group-523986131536->omNode-2-AppendLogResponseHandler: Failed appendEntries: org.apache.ratis.thirdparty.io.grpc.StatusRuntimeException: UNAVAILABLE: io exception
2020-06-09 10:47:44,934 [grpc-default-executor-2] INFO  impl.FollowerInfo (FollowerInfo.java:lambda$new$0(51)) - omNode-1@group-523986131536->omNode-2: nextIndex: updateUnconditionally 276 -> 45
2020-06-09 10:47:44,937 [grpc-default-executor-2] WARN  server.GrpcLogAppender (LogUtils.java:warn(122)) - omNode-1@group-523986131536->omNode-2-AppendLogResponseHandler: Failed appendEntries: org.apache.ratis.thirdparty.io.grpc.StatusRuntimeException: UNAVAILABLE: io exception
2020-06-09 10:47:44,937 [grpc-default-executor-2] INFO  impl.FollowerInfo (FollowerInfo.java:lambda$new$0(51)) - omNode-1@group-523986131536->omNode-2: nextIndex: updateUnconditionally 277 -> 45
2020-06-09 10:47:44,939 [grpc-default-executor-2] WARN  server.GrpcLogAppender (LogUtils.java:warn(122)) - omNode-1@group-523986131536->omNode-2-AppendLogResponseHandler: Failed appendEntries: org.apache.ratis.thirdparty.io.grpc.StatusRuntimeException: UNAVAILABLE: io exception
2020-06-09 10:47:44,939 [grpc-default-executor-2] INFO  impl.FollowerInfo (FollowerInfo.java:lambda$new$0(51)) - omNode-1@group-523986131536->omNode-2: nextIndex: updateUnconditionally 277 -> 45
2020-06-09 10:47:44,944 [grpc-default-executor-5] WARN  server.GrpcLogAppender (LogUtils.java:warn(122)) - omNode-1@group-523986131536->omNode-2-AppendLogResponseHandler: Failed appendEntries: org.apache.ratis.thirdparty.io.grpc.StatusRuntimeException: UNAVAILABLE: io exception
2020-06-09 10:47:44,944 [grpc-default-executor-5] INFO  impl.FollowerInfo (FollowerInfo.java:lambda$new$0(51)) - omNode-1@group-523986131536->omNode-2: nextIndex: updateUnconditionally 279 -> 45
2020-06-09 10:47:44,953 [grpc-default-executor-4] WARN  server.GrpcLogAppender (LogUtils.java:warn(122)) - omNode-1@group-523986131536->omNode-2-AppendLogResponseHandler: Failed appendEntries: org.apache.ratis.thirdparty.io.grpc.StatusRuntimeException: UNAVAILABLE: io exception
2020-06-09 10:47:44,954 [grpc-default-executor-4] INFO  impl.FollowerInfo (FollowerInfo.java:lambda$new$0(51)) - omNode-1@group-523986131536->omNode-2: nextIndex: updateUnconditionally 279 -> 45
2020-06-09 10:47:44,957 [grpc-default-executor-5] WARN  server.GrpcLogAppender (LogUtils.java:warn(122)) - omNode-1@group-523986131536->omNode-2-AppendLogResponseHandler: Failed appendEntries: org.apache.ratis.thirdparty.io.grpc.StatusRuntimeException: UNAVAILABLE: io exception
2020-06-09 10:47:44,957 [grpc-default-executor-5] INFO  impl.FollowerInfo (FollowerInfo.java:lambda$new$0(51)) - omNode-1@group-523986131536->omNode-2: nextIndex: updateUnconditionally 280 -> 45
2020-06-09 10:47:44,959 [grpc-default-executor-2] WARN  server.GrpcLogAppender (LogUtils.java:warn(122)) - omNode-1@group-523986131536->omNode-2-AppendLogResponseHandler: Failed appendEntries: org.apache.ratis.thirdparty.io.grpc.StatusRuntimeException: UNAVAILABLE: io exception
2020-06-09 10:47:44,959 [grpc-default-executor-2] INFO  impl.FollowerInfo (FollowerInfo.java:lambda$new$0(51)) - omNode-1@group-523986131536->omNode-2: nextIndex: updateUnconditionally 281 -> 45
2020-06-09 10:47:44,965 [grpc-default-executor-4] WARN  server.GrpcLogAppender (LogUtils.java:warn(122)) - omNode-1@group-523986131536->omNode-2-AppendLogResponseHandler: Failed appendEntries: org.apache.ratis.thirdparty.io.grpc.StatusRuntimeException: UNAVAILABLE: io exception
2020-06-09 10:47:44,965 [grpc-default-executor-4] INFO  impl.FollowerInfo (FollowerInfo.java:lambda$new$0(51)) - omNode-1@group-523986131536->omNode-2: nextIndex: updateUnconditionally 282 -> 45
2020-06-09 10:47:44,970 [grpc-default-executor-4] WARN  server.GrpcLogAppender (LogUtils.java:warn(122)) - omNode-1@group-523986131536->omNode-2-AppendLogResponseHandler: Failed appendEntries: org.apache.ratis.thirdparty.io.grpc.StatusRuntimeException: UNAVAILABLE: io exception
2020-06-09 10:47:44,970 [grpc-default-executor-4] INFO  impl.FollowerInfo (FollowerInfo.java:lambda$new$0(51)) - omNode-1@group-523986131536->omNode-2: nextIndex: updateUnconditionally 282 -> 45
2020-06-09 10:47:44,974 [grpc-default-executor-2] WARN  server.GrpcLogAppender (LogUtils.java:warn(122)) - omNode-1@group-523986131536->omNode-2-AppendLogResponseHandler: Failed appendEntries: org.apache.ratis.thirdparty.io.grpc.StatusRuntimeException: UNAVAILABLE: io exception
2020-06-09 10:47:44,974 [grpc-default-executor-2] INFO  impl.FollowerInfo (FollowerInfo.java:lambda$new$0(51)) - omNode-1@group-523986131536->omNode-2: nextIndex: updateUnconditionally 283 -> 45
2020-06-09 10:47:44,981 [grpc-default-executor-2] WARN  server.GrpcLogAppender (LogUtils.java:warn(122)) - omNode-1@group-523986131536->omNode-2-AppendLogResponseHandler: Failed appendEntries: org.apache.ratis.thirdparty.io.grpc.StatusRuntimeException: UNAVAILABLE: io exception
2020-06-09 10:47:44,982 [grpc-default-executor-2] INFO  impl.FollowerInfo (FollowerInfo.java:lambda$new$0(51)) - omNode-1@group-523986131536->omNode-2: nextIndex: updateUnconditionally 283 -> 45
2020-06-09 10:47:44,985 [grpc-default-executor-4] WARN  server.GrpcLogAppender (LogUtils.java:warn(122)) - omNode-1@group-523986131536->omNode-2-AppendLogResponseHandler: Failed appendEntries: org.apache.ratis.thirdparty.io.grpc.StatusRuntimeException: UNAVAILABLE: io exception
2020-06-09 10:47:44,985 [grpc-default-executor-4] INFO  impl.FollowerInfo (FollowerInfo.java:lambda$new$0(51)) - omNode-1@group-523986131536->omNode-2: nextIndex: updateUnconditionally 284 -> 45
2020-06-09 10:47:44,989 [grpc-default-executor-2] WARN  server.GrpcLogAppender (LogUtils.java:warn(122)) - omNode-1@group-523986131536->omNode-2-AppendLogResponseHandler: Failed appendEntries: org.apache.ratis.thirdparty.io.grpc.StatusRuntimeException: UNAVAILABLE: io exception
2020-06-09 10:47:44,989 [grpc-default-executor-2] INFO  impl.FollowerInfo (FollowerInfo.java:lambda$new$0(51)) - omNode-1@group-523986131536->omNode-2: nextIndex: updateUnconditionally 285 -> 45
2020-06-09 10:47:44,991 [grpc-default-executor-4] WARN  server.GrpcLogAppender (LogUtils.java:warn(122)) - omNode-1@group-523986131536->omNode-2-AppendLogResponseHandler: Failed appendEntries: org.apache.ratis.thirdparty.io.grpc.StatusRuntimeException: UNAVAILABLE: io exception
2020-06-09 10:47:44,991 [grpc-default-executor-4] INFO  impl.FollowerInfo (FollowerInfo.java:lambda$new$0(51)) - omNode-1@group-523986131536->omNode-2: nextIndex: updateUnconditionally 286 -> 45
2020-06-09 10:47:44,996 [grpc-default-executor-5] WARN  server.GrpcLogAppender (LogUtils.java:warn(122)) - omNode-1@group-523986131536->omNode-2-AppendLogResponseHandler: Failed appendEntries: org.apache.ratis.thirdparty.io.grpc.StatusRuntimeException: UNAVAILABLE: io exception
2020-06-09 10:47:44,996 [grpc-default-executor-5] INFO  impl.FollowerInfo (FollowerInfo.java:lambda$new$0(51)) - omNode-1@group-523986131536->omNode-2: nextIndex: updateUnconditionally 287 -> 45
2020-06-09 10:47:45,001 [grpc-default-executor-4] WARN  server.GrpcLogAppender (LogUtils.java:warn(122)) - omNode-1@group-523986131536->omNode-2-AppendLogResponseHandler: Failed appendEntries: org.apache.ratis.thirdparty.io.grpc.StatusRuntimeException: UNAVAILABLE: io exception
2020-06-09 10:47:45,001 [grpc-default-executor-4] INFO  impl.FollowerInfo (FollowerInfo.java:lambda$new$0(51)) - omNode-1@group-523986131536->omNode-2: nextIndex: updateUnconditionally 287 -> 45
2020-06-09 10:47:45,003 [grpc-default-executor-4] WARN  server.GrpcLogAppender (LogUtils.java:warn(122)) - omNode-1@group-523986131536->omNode-2-AppendLogResponseHandler: Failed appendEntries: org.apache.ratis.thirdparty.io.grpc.StatusRuntimeException: UNAVAILABLE: io exception
2020-06-09 10:47:45,003 [grpc-default-executor-4] INFO  impl.FollowerInfo (FollowerInfo.java:lambda$new$0(51)) - omNode-1@group-523986131536->omNode-2: nextIndex: updateUnconditionally 288 -> 45
2020-06-09 10:47:45,006 [grpc-default-executor-5] WARN  server.GrpcLogAppender (LogUtils.java:warn(122)) - omNode-1@group-523986131536->omNode-2-AppendLogResponseHandler: Failed appendEntries: org.apache.ratis.thirdparty.io.grpc.StatusRuntimeException: UNAVAILABLE: io exception
2020-06-09 10:47:45,006 [grpc-default-executor-5] INFO  impl.FollowerInfo (FollowerInfo.java:lambda$new$0(51)) - omNode-1@group-523986131536->omNode-2: nextIndex: updateUnconditionally 289 -> 45
2020-06-09 10:47:45,009 [grpc-default-executor-4] WARN  server.GrpcLogAppender (LogUtils.java:warn(122)) - omNode-1@group-523986131536->omNode-2-AppendLogResponseHandler: Failed appendEntries: org.apache.ratis.thirdparty.io.grpc.StatusRuntimeException: UNAVAILABLE: io exception
2020-06-09 10:47:45,009 [grpc-default-executor-4] INFO  impl.FollowerInfo (FollowerInfo.java:lambda$new$0(51)) - omNode-1@group-523986131536->omNode-2: nextIndex: updateUnconditionally 290 -> 45
2020-06-09 10:47:45,012 [grpc-default-executor-5] WARN  server.GrpcLogAppender (LogUtils.java:warn(122)) - omNode-1@group-523986131536->omNode-2-AppendLogResponseHandler: Failed appendEntries: org.apache.ratis.thirdparty.io.grpc.StatusRuntimeException: UNAVAILABLE: io exception
2020-06-09 10:47:45,012 [grpc-default-executor-5] INFO  impl.FollowerInfo (FollowerInfo.java:lambda$new$0(51)) - omNode-1@group-523986131536->omNode-2: nextIndex: updateUnconditionally 290 -> 45
2020-06-09 10:47:45,017 [grpc-default-executor-4] WARN  server.GrpcLogAppender (LogUtils.java:warn(122)) - omNode-1@group-523986131536->omNode-2-AppendLogResponseHandler: Failed appendEntries: org.apache.ratis.thirdparty.io.grpc.StatusRuntimeException: UNAVAILABLE: io exception
2020-06-09 10:47:45,017 [grpc-default-executor-4] INFO  impl.FollowerInfo (FollowerInfo.java:lambda$new$0(51)) - omNode-1@group-523986131536->omNode-2: nextIndex: updateUnconditionally 291 -> 45
2020-06-09 10:47:45,022 [grpc-default-executor-4] WARN  server.GrpcLogAppender (LogUtils.java:warn(122)) - omNode-1@group-523986131536->omNode-2-AppendLogResponseHandler: Failed appendEntries: org.apache.ratis.thirdparty.io.grpc.StatusRuntimeException: UNAVAILABLE: io exception
2020-06-09 10:47:45,022 [grpc-default-executor-4] INFO  impl.FollowerInfo (FollowerInfo.java:lambda$new$0(51)) - omNode-1@group-523986131536->omNode-2: nextIndex: updateUnconditionally 291 -> 45
2020-06-09 10:47:45,025 [grpc-default-executor-4] WARN  server.GrpcLogAppender (LogUtils.java:warn(122)) - omNode-1@group-523986131536->omNode-2-AppendLogResponseHandler: Failed appendEntries: org.apache.ratis.thirdparty.io.grpc.StatusRuntimeException: UNAVAILABLE: io exception
2020-06-09 10:47:45,025 [grpc-default-executor-4] INFO  impl.FollowerInfo (FollowerInfo.java:lambda$new$0(51)) - omNode-1@group-523986131536->omNode-2: nextIndex: updateUnconditionally 292 -> 45
2020-06-09 10:47:45,028 [grpc-default-executor-5] WARN  server.GrpcLogAppender (LogUtils.java:warn(122)) - omNode-1@group-523986131536->omNode-2-AppendLogResponseHandler: Failed appendEntries: org.apache.ratis.thirdparty.io.grpc.StatusRuntimeException: UNAVAILABLE: io exception
2020-06-09 10:47:45,028 [grpc-default-executor-5] INFO  impl.FollowerInfo (FollowerInfo.java:lambda$new$0(51)) - omNode-1@group-523986131536->omNode-2: nextIndex: updateUnconditionally 293 -> 45
2020-06-09 10:47:45,031 [grpc-default-executor-4] WARN  server.GrpcLogAppender (LogUtils.java:warn(122)) - omNode-1@group-523986131536->omNode-2-AppendLogResponseHandler: Failed appendEntries: org.apache.ratis.thirdparty.io.grpc.StatusRuntimeException: UNAVAILABLE: io exception
2020-06-09 10:47:45,031 [grpc-default-executor-4] INFO  impl.FollowerInfo (FollowerInfo.java:lambda$new$0(51)) - omNode-1@group-523986131536->omNode-2: nextIndex: updateUnconditionally 295 -> 45
2020-06-09 10:47:45,034 [grpc-default-executor-3] WARN  server.GrpcLogAppender (LogUtils.java:warn(122)) - omNode-1@group-523986131536->omNode-2-AppendLogResponseHandler: Failed appendEntries: org.apache.ratis.thirdparty.io.grpc.StatusRuntimeException: UNAVAILABLE: io exception
2020-06-09 10:47:45,034 [grpc-default-executor-3] INFO  impl.FollowerInfo (FollowerInfo.java:lambda$new$0(51)) - omNode-1@group-523986131536->omNode-2: nextIndex: updateUnconditionally 295 -> 45
2020-06-09 10:47:45,038 [grpc-default-executor-4] WARN  server.GrpcLogAppender (LogUtils.java:warn(122)) - omNode-1@group-523986131536->omNode-2-AppendLogResponseHandler: Failed appendEntries: org.apache.ratis.thirdparty.io.grpc.StatusRuntimeException: UNAVAILABLE: io exception
2020-06-09 10:47:45,038 [grpc-default-executor-4] INFO  impl.FollowerInfo (FollowerInfo.java:lambda$new$0(51)) - omNode-1@group-523986131536->omNode-2: nextIndex: updateUnconditionally 296 -> 45
2020-06-09 10:47:45,041 [grpc-default-executor-3] WARN  server.GrpcLogAppender (LogUtils.java:warn(122)) - omNode-1@group-523986131536->omNode-2-AppendLogResponseHandler: Failed appendEntries: org.apache.ratis.thirdparty.io.grpc.StatusRuntimeException: UNAVAILABLE: io exception
2020-06-09 10:47:45,041 [grpc-default-executor-3] INFO  impl.FollowerInfo (FollowerInfo.java:lambda$new$0(51)) - omNode-1@group-523986131536->omNode-2: nextIndex: updateUnconditionally 297 -> 45
2020-06-09 10:47:45,044 [grpc-default-executor-3] WARN  server.GrpcLogAppender (LogUtils.java:warn(122)) - omNode-1@group-523986131536->omNode-2-AppendLogResponseHandler: Failed appendEntries: org.apache.ratis.thirdparty.io.grpc.StatusRuntimeException: UNAVAILABLE: io exception
2020-06-09 10:47:45,044 [grpc-default-executor-3] INFO  impl.FollowerInfo (FollowerInfo.java:lambda$new$0(51)) - omNode-1@group-523986131536->omNode-2: nextIndex: updateUnconditionally 297 -> 45
2020-06-09 10:47:45,046 [grpc-default-executor-4] WARN  server.GrpcLogAppender (LogUtils.java:warn(122)) - omNode-1@group-523986131536->omNode-2-AppendLogResponseHandler: Failed appendEntries: org.apache.ratis.thirdparty.io.grpc.StatusRuntimeException: UNAVAILABLE: io exception
2020-06-09 10:47:45,046 [grpc-default-executor-4] INFO  impl.FollowerInfo (FollowerInfo.java:lambda$new$0(51)) - omNode-1@group-523986131536->omNode-2: nextIndex: updateUnconditionally 299 -> 45
2020-06-09 10:47:45,049 [omNode-1@group-523986131536-StateMachineUpdater] INFO  ratis.OzoneManagerStateMachine (OzoneManagerStateMachine.java:takeSnapshot(350)) - Saving Ratis snapshot on the OM.
2020-06-09 10:47:45,050 [omNode-1@group-523986131536-StateMachineUpdater] INFO  ratis.OMRatisSnapshotInfo (OMRatisSnapshotInfo.java:saveRatisSnapshotToDisk(105)) - Saved Ratis Snapshot on the OM with snapshotIndex (t:1, i:298)
2020-06-09 10:47:45,050 [omNode-1@group-523986131536-StateMachineUpdater] INFO  impl.StateMachineUpdater (StateMachineUpdater.java:takeSnapshot(277)) - omNode-1@group-523986131536-StateMachineUpdater: Took a snapshot at index 298
2020-06-09 10:47:45,050 [omNode-1@group-523986131536-StateMachineUpdater] INFO  impl.StateMachineUpdater (StateMachineUpdater.java:lambda$new$0(87)) - omNode-1@group-523986131536-StateMachineUpdater: snapshotIndex: updateIncreasingly 248 -> 298
2020-06-09 10:47:45,050 [grpc-default-executor-3] WARN  server.GrpcLogAppender (LogUtils.java:warn(122)) - omNode-1@group-523986131536->omNode-2-AppendLogResponseHandler: Failed appendEntries: org.apache.ratis.thirdparty.io.grpc.StatusRuntimeException: UNAVAILABLE: io exception
2020-06-09 10:47:45,050 [grpc-default-executor-3] INFO  impl.FollowerInfo (FollowerInfo.java:lambda$new$0(51)) - omNode-1@group-523986131536->omNode-2: nextIndex: updateUnconditionally 299 -> 45
2020-06-09 10:47:45,051 [IPC Server handler 1 on default port 11520] INFO  segmented.SegmentedRaftLogWorker (SegmentedRaftLogWorker.java:rollLogSegment(402)) - omNode-1@group-523986131536-SegmentedRaftLogWorker: Rolling segment log-225_298 to index:298
2020-06-09 10:47:45,052 [omNode-1@group-523986131536-SegmentedRaftLogWorker] INFO  segmented.SegmentedRaftLogWorker (SegmentedRaftLogWorker.java:execute(553)) - omNode-1@group-523986131536-SegmentedRaftLogWorker: Rolled log segment from /github/workspace/mnt/ozone/hadoop-ozone/integration-test/target/test-dir/MiniOzoneClusterImpl-428de9cd-98e2-485e-b164-55ba4e728ea0/omNode-1/ratis/c9bc4cf4-3bc3-3c60-a66b-523986131536/current/log_inprogress_225 to /github/workspace/mnt/ozone/hadoop-ozone/integration-test/target/test-dir/MiniOzoneClusterImpl-428de9cd-98e2-485e-b164-55ba4e728ea0/omNode-1/ratis/c9bc4cf4-3bc3-3c60-a66b-523986131536/current/log_225-298
2020-06-09 10:47:45,052 [grpc-default-executor-3] INFO  segmented.SegmentedRaftLogWorker (SegmentedRaftLogWorker.java:rollLogSegment(402)) - omNode-3@group-523986131536-SegmentedRaftLogWorker: Rolling segment log-225_298 to index:298
2020-06-09 10:47:45,052 [omNode-3@group-523986131536-SegmentedRaftLogWorker] INFO  segmented.SegmentedRaftLogWorker (SegmentedRaftLogWorker.java:execute(553)) - omNode-3@group-523986131536-SegmentedRaftLogWorker: Rolled log segment from /github/workspace/mnt/ozone/hadoop-ozone/integration-test/target/test-dir/MiniOzoneClusterImpl-428de9cd-98e2-485e-b164-55ba4e728ea0/omNode-3/ratis/c9bc4cf4-3bc3-3c60-a66b-523986131536/current/log_inprogress_225 to /github/workspace/mnt/ozone/hadoop-ozone/integration-test/target/test-dir/MiniOzoneClusterImpl-428de9cd-98e2-485e-b164-55ba4e728ea0/omNode-3/ratis/c9bc4cf4-3bc3-3c60-a66b-523986131536/current/log_225-298
2020-06-09 10:47:45,054 [omNode-1@group-523986131536-SegmentedRaftLogWorker] INFO  segmented.SegmentedRaftLogWorker (SegmentedRaftLogWorker.java:execute(596)) - omNode-1@group-523986131536-SegmentedRaftLogWorker: created new log segment /github/workspace/mnt/ozone/hadoop-ozone/integration-test/target/test-dir/MiniOzoneClusterImpl-428de9cd-98e2-485e-b164-55ba4e728ea0/omNode-1/ratis/c9bc4cf4-3bc3-3c60-a66b-523986131536/current/log_inprogress_299
2020-06-09 10:47:45,056 [omNode-3@group-523986131536-SegmentedRaftLogWorker] INFO  segmented.SegmentedRaftLogWorker (SegmentedRaftLogWorker.java:execute(596)) - omNode-3@group-523986131536-SegmentedRaftLogWorker: created new log segment /github/workspace/mnt/ozone/hadoop-ozone/integration-test/target/test-dir/MiniOzoneClusterImpl-428de9cd-98e2-485e-b164-55ba4e728ea0/omNode-3/ratis/c9bc4cf4-3bc3-3c60-a66b-523986131536/current/log_inprogress_299
2020-06-09 10:47:45,058 [grpc-default-executor-3] WARN  server.GrpcLogAppender (LogUtils.java:warn(122)) - omNode-1@group-523986131536->omNode-2-AppendLogResponseHandler: Failed appendEntries: org.apache.ratis.thirdparty.io.grpc.StatusRuntimeException: UNAVAILABLE: io exception
2020-06-09 10:47:45,059 [grpc-default-executor-3] INFO  impl.FollowerInfo (FollowerInfo.java:lambda$new$0(51)) - omNode-1@group-523986131536->omNode-2: nextIndex: updateUnconditionally 300 -> 45
2020-06-09 10:47:45,061 [grpc-default-executor-3] WARN  server.GrpcLogAppender (LogUtils.java:warn(122)) - omNode-1@group-523986131536->omNode-2-AppendLogResponseHandler: Failed appendEntries: org.apache.ratis.thirdparty.io.grpc.StatusRuntimeException: UNAVAILABLE: io exception
2020-06-09 10:47:45,061 [grpc-default-executor-3] INFO  impl.FollowerInfo (FollowerInfo.java:lambda$new$0(51)) - omNode-1@group-523986131536->omNode-2: nextIndex: updateUnconditionally 300 -> 45
2020-06-09 10:47:45,064 [grpc-default-executor-3] WARN  server.GrpcLogAppender (LogUtils.java:warn(122)) - omNode-1@group-523986131536->omNode-2-AppendLogResponseHandler: Failed appendEntries: org.apache.ratis.thirdparty.io.grpc.StatusRuntimeException: UNAVAILABLE: io exception
2020-06-09 10:47:45,064 [grpc-default-executor-3] INFO  impl.FollowerInfo (FollowerInfo.java:lambda$new$0(51)) - omNode-1@group-523986131536->omNode-2: nextIndex: updateUnconditionally 300 -> 45
2020-06-09 10:47:45,067 [grpc-default-executor-3] WARN  server.GrpcLogAppender (LogUtils.java:warn(122)) - omNode-1@group-523986131536->omNode-2-AppendLogResponseHandler: Failed appendEntries: org.apache.ratis.thirdparty.io.grpc.StatusRuntimeException: UNAVAILABLE: io exception
2020-06-09 10:47:45,067 [grpc-default-executor-3] INFO  impl.FollowerInfo (FollowerInfo.java:lambda$new$0(51)) - omNode-1@group-523986131536->omNode-2: nextIndex: updateUnconditionally 300 -> 45
2020-06-09 10:47:45,069 [grpc-default-executor-3] WARN  server.GrpcLogAppender (LogUtils.java:warn(122)) - omNode-1@group-523986131536->omNode-2-AppendLogResponseHandler: Failed appendEntries: org.apache.ratis.thirdparty.io.grpc.StatusRuntimeException: UNAVAILABLE: io exception
2020-06-09 10:47:45,070 [grpc-default-executor-3] INFO  impl.FollowerInfo (FollowerInfo.java:lambda$new$0(51)) - omNode-1@group-523986131536->omNode-2: nextIndex: updateUnconditionally 300 -> 45
2020-06-09 10:47:45,070 [omNode-3@group-523986131536-StateMachineUpdater] INFO  ratis.OzoneManagerStateMachine (OzoneManagerStateMachine.java:takeSnapshot(350)) - Saving Ratis snapshot on the OM.
2020-06-09 10:47:45,070 [omNode-3@group-523986131536-StateMachineUpdater] INFO  ratis.OMRatisSnapshotInfo (OMRatisSnapshotInfo.java:saveRatisSnapshotToDisk(105)) - Saved Ratis Snapshot on the OM with snapshotIndex (t:1, i:298)
2020-06-09 10:47:45,071 [omNode-3@group-523986131536-StateMachineUpdater] INFO  impl.StateMachineUpdater (StateMachineUpdater.java:takeSnapshot(277)) - omNode-3@group-523986131536-StateMachineUpdater: Took a snapshot at index 298
2020-06-09 10:47:45,071 [omNode-3@group-523986131536-StateMachineUpdater] INFO  impl.StateMachineUpdater (StateMachineUpdater.java:lambda$new$0(87)) - omNode-3@group-523986131536-StateMachineUpdater: snapshotIndex: updateIncreasingly 248 -> 298
2020-06-09 10:47:45,081 [grpc-default-executor-3] WARN  server.GrpcLogAppender (LogUtils.java:warn(122)) - omNode-1@group-523986131536->omNode-2-AppendLogResponseHandler: Failed appendEntries: org.apache.ratis.thirdparty.io.grpc.StatusRuntimeException: UNAVAILABLE: io exception
2020-06-09 10:47:45,081 [grpc-default-executor-3] INFO  impl.FollowerInfo (FollowerInfo.java:lambda$new$0(51)) - omNode-1@group-523986131536->omNode-2: nextIndex: updateUnconditionally 300 -> 45
2020-06-09 10:47:45,086 [grpc-default-executor-3] WARN  server.GrpcLogAppender (LogUtils.java:warn(122)) - omNode-1@group-523986131536->omNode-2-AppendLogResponseHandler: Failed appendEntries: org.apache.ratis.thirdparty.io.grpc.StatusRuntimeException: UNAVAILABLE: io exception
2020-06-09 10:47:45,086 [grpc-default-executor-3] INFO  impl.FollowerInfo (FollowerInfo.java:lambda$new$0(51)) - omNode-1@group-523986131536->omNode-2: nextIndex: updateUnconditionally 301 -> 45
2020-06-09 10:47:45,092 [grpc-default-executor-4] WARN  server.GrpcLogAppender (LogUtils.java:warn(122)) - omNode-1@group-523986131536->omNode-2-AppendLogResponseHandler: Failed appendEntries: org.apache.ratis.thirdparty.io.grpc.StatusRuntimeException: UNAVAILABLE: io exception
2020-06-09 10:47:45,092 [grpc-default-executor-4] INFO  impl.FollowerInfo (FollowerInfo.java:lambda$new$0(51)) - omNode-1@group-523986131536->omNode-2: nextIndex: updateUnconditionally 302 -> 45
2020-06-09 10:47:45,101 [grpc-default-executor-4] WARN  server.GrpcLogAppender (LogUtils.java:warn(122)) - omNode-1@group-523986131536->omNode-2-AppendLogResponseHandler: Failed appendEntries: org.apache.ratis.thirdparty.io.grpc.StatusRuntimeException: UNAVAILABLE: io exception
2020-06-09 10:47:45,101 [grpc-default-executor-4] INFO  impl.FollowerInfo (FollowerInfo.java:lambda$new$0(51)) - omNode-1@group-523986131536->omNode-2: nextIndex: updateUnconditionally 303 -> 45
2020-06-09 10:47:45,105 [grpc-default-executor-3] WARN  server.GrpcLogAppender (LogUtils.java:warn(122)) - omNode-1@group-523986131536->omNode-2-AppendLogResponseHandler: Failed appendEntries: org.apache.ratis.thirdparty.io.grpc.StatusRuntimeException: UNAVAILABLE: io exception
2020-06-09 10:47:45,105 [grpc-default-executor-3] INFO  impl.FollowerInfo (FollowerInfo.java:lambda$new$0(51)) - omNode-1@group-523986131536->omNode-2: nextIndex: updateUnconditionally 303 -> 45
2020-06-09 10:47:45,107 [grpc-default-executor-3] WARN  server.GrpcLogAppender (LogUtils.java:warn(122)) - omNode-1@group-523986131536->omNode-2-AppendLogResponseHandler: Failed appendEntries: org.apache.ratis.thirdparty.io.grpc.StatusRuntimeException: UNAVAILABLE: io exception
2020-06-09 10:47:45,107 [grpc-default-executor-3] INFO  impl.FollowerInfo (FollowerInfo.java:lambda$new$0(51)) - omNode-1@group-523986131536->omNode-2: nextIndex: updateUnconditionally 303 -> 45
2020-06-09 10:47:45,117 [grpc-default-executor-3] WARN  server.GrpcLogAppender (LogUtils.java:warn(122)) - omNode-1@group-523986131536->omNode-2-AppendLogResponseHandler: Failed appendEntries: org.apache.ratis.thirdparty.io.grpc.StatusRuntimeException: UNAVAILABLE: io exception
2020-06-09 10:47:45,117 [grpc-default-executor-3] INFO  impl.FollowerInfo (FollowerInfo.java:lambda$new$0(51)) - omNode-1@group-523986131536->omNode-2: nextIndex: updateUnconditionally 303 -> 45
2020-06-09 10:47:45,121 [grpc-default-executor-3] WARN  server.GrpcLogAppender (LogUtils.java:warn(122)) - omNode-1@group-523986131536->omNode-2-AppendLogResponseHandler: Failed appendEntries: org.apache.ratis.thirdparty.io.grpc.StatusRuntimeException: UNAVAILABLE: io exception
2020-06-09 10:47:45,121 [grpc-default-executor-3] INFO  impl.FollowerInfo (FollowerInfo.java:lambda$new$0(51)) - omNode-1@group-523986131536->omNode-2: nextIndex: updateUnconditionally 304 -> 45
2020-06-09 10:47:45,125 [grpc-default-executor-3] WARN  server.GrpcLogAppender (LogUtils.java:warn(122)) - omNode-1@group-523986131536->omNode-2-AppendLogResponseHandler: Failed appendEntries: org.apache.ratis.thirdparty.io.grpc.StatusRuntimeException: UNAVAILABLE: io exception
2020-06-09 10:47:45,125 [grpc-default-executor-3] INFO  impl.FollowerInfo (FollowerInfo.java:lambda$new$0(51)) - omNode-1@group-523986131536->omNode-2: nextIndex: updateUnconditionally 305 -> 45
2020-06-09 10:47:45,131 [grpc-default-executor-4] WARN  server.GrpcLogAppender (LogUtils.java:warn(122)) - omNode-1@group-523986131536->omNode-2-AppendLogResponseHandler: Failed appendEntries: org.apache.ratis.thirdparty.io.grpc.StatusRuntimeException: UNAVAILABLE: io exception
2020-06-09 10:47:45,132 [grpc-default-executor-4] INFO  impl.FollowerInfo (FollowerInfo.java:lambda$new$0(51)) - omNode-1@group-523986131536->omNode-2: nextIndex: updateUnconditionally 307 -> 45
2020-06-09 10:47:45,143 [grpc-default-executor-4] WARN  server.GrpcLogAppender (LogUtils.java:warn(122)) - omNode-1@group-523986131536->omNode-2-AppendLogResponseHandler: Failed appendEntries: org.apache.ratis.thirdparty.io.grpc.StatusRuntimeException: UNAVAILABLE: io exception
2020-06-09 10:47:45,144 [grpc-default-executor-4] INFO  impl.FollowerInfo (FollowerInfo.java:lambda$new$0(51)) - omNode-1@group-523986131536->omNode-2: nextIndex: updateUnconditionally 309 -> 45
2020-06-09 10:47:45,149 [grpc-default-executor-3] WARN  server.GrpcLogAppender (LogUtils.java:warn(122)) - omNode-1@group-523986131536->omNode-2-AppendLogResponseHandler: Failed appendEntries: org.apache.ratis.thirdparty.io.grpc.StatusRuntimeException: UNAVAILABLE: io exception
2020-06-09 10:47:45,149 [grpc-default-executor-3] INFO  impl.FollowerInfo (FollowerInfo.java:lambda$new$0(51)) - omNode-1@group-523986131536->omNode-2: nextIndex: updateUnconditionally 311 -> 45
2020-06-09 10:47:45,151 [grpc-default-executor-3] WARN  server.GrpcLogAppender (LogUtils.java:warn(122)) - omNode-1@group-523986131536->omNode-2-AppendLogResponseHandler: Failed appendEntries: org.apache.ratis.thirdparty.io.grpc.StatusRuntimeException: UNAVAILABLE: io exception
2020-06-09 10:47:45,151 [grpc-default-executor-3] INFO  impl.FollowerInfo (FollowerInfo.java:lambda$new$0(51)) - omNode-1@group-523986131536->omNode-2: nextIndex: updateUnconditionally 311 -> 45
2020-06-09 10:47:45,153 [grpc-default-executor-3] WARN  server.GrpcLogAppender (LogUtils.java:warn(122)) - omNode-1@group-523986131536->omNode-2-AppendLogResponseHandler: Failed appendEntries: org.apache.ratis.thirdparty.io.grpc.StatusRuntimeException: UNAVAILABLE: io exception
2020-06-09 10:47:45,153 [grpc-default-executor-3] INFO  impl.FollowerInfo (FollowerInfo.java:lambda$new$0(51)) - omNode-1@group-523986131536->omNode-2: nextIndex: updateUnconditionally 311 -> 45
2020-06-09 10:47:45,155 [grpc-default-executor-3] WARN  server.GrpcLogAppender (LogUtils.java:warn(122)) - omNode-1@group-523986131536->omNode-2-AppendLogResponseHandler: Failed appendEntries: org.apache.ratis.thirdparty.io.grpc.StatusRuntimeException: UNAVAILABLE: io exception
2020-06-09 10:47:45,155 [grpc-default-executor-3] INFO  impl.FollowerInfo (FollowerInfo.java:lambda$new$0(51)) - omNode-1@group-523986131536->omNode-2: nextIndex: updateUnconditionally 311 -> 45
2020-06-09 10:47:45,157 [grpc-default-executor-3] WARN  server.GrpcLogAppender (LogUtils.java:warn(122)) - omNode-1@group-523986131536->omNode-2-AppendLogResponseHandler: Failed appendEntries: org.apache.ratis.thirdparty.io.grpc.StatusRuntimeException: UNAVAILABLE: io exception
2020-06-09 10:47:45,158 [grpc-default-executor-3] INFO  impl.FollowerInfo (FollowerInfo.java:lambda$new$0(51)) - omNode-1@group-523986131536->omNode-2: nextIndex: updateUnconditionally 311 -> 45
2020-06-09 10:47:45,159 [grpc-default-executor-3] WARN  server.GrpcLogAppender (LogUtils.java:warn(122)) - omNode-1@group-523986131536->omNode-2-AppendLogResponseHandler: Failed appendEntries: org.apache.ratis.thirdparty.io.grpc.StatusRuntimeException: UNAVAILABLE: io exception
2020-06-09 10:47:45,159 [grpc-default-executor-3] INFO  impl.FollowerInfo (FollowerInfo.java:lambda$new$0(51)) - omNode-1@group-523986131536->omNode-2: nextIndex: updateUnconditionally 311 -> 45
2020-06-09 10:47:45,161 [grpc-default-executor-3] WARN  server.GrpcLogAppender (LogUtils.java:warn(122)) - omNode-1@group-523986131536->omNode-2-AppendLogResponseHandler: Failed appendEntries: org.apache.ratis.thirdparty.io.grpc.StatusRuntimeException: UNAVAILABLE: io exception
2020-06-09 10:47:45,161 [grpc-default-executor-3] INFO  impl.FollowerInfo (FollowerInfo.java:lambda$new$0(51)) - omNode-1@group-523986131536->omNode-2: nextIndex: updateUnconditionally 311 -> 45
2020-06-09 10:47:45,164 [grpc-default-executor-4] WARN  server.GrpcLogAppender (LogUtils.java:warn(122)) - omNode-1@group-523986131536->omNode-2-AppendLogResponseHandler: Failed appendEntries: org.apache.ratis.thirdparty.io.grpc.StatusRuntimeException: UNAVAILABLE: io exception
2020-06-09 10:47:45,164 [grpc-default-executor-4] INFO  impl.FollowerInfo (FollowerInfo.java:lambda$new$0(51)) - omNode-1@group-523986131536->omNode-2: nextIndex: updateUnconditionally 311 -> 45
2020-06-09 10:47:45,167 [grpc-default-executor-4] WARN  server.GrpcLogAppender (LogUtils.java:warn(122)) - omNode-1@group-523986131536->omNode-2-AppendLogResponseHandler: Failed appendEntries: org.apache.ratis.thirdparty.io.grpc.StatusRuntimeException: UNAVAILABLE: io exception
2020-06-09 10:47:45,168 [grpc-default-executor-4] INFO  impl.FollowerInfo (FollowerInfo.java:lambda$new$0(51)) - omNode-1@group-523986131536->omNode-2: nextIndex: updateUnconditionally 312 -> 45
2020-06-09 10:47:45,170 [grpc-default-executor-4] WARN  server.GrpcLogAppender (LogUtils.java:warn(122)) - omNode-1@group-523986131536->omNode-2-AppendLogResponseHandler: Failed appendEntries: org.apache.ratis.thirdparty.io.grpc.StatusRuntimeException: UNAVAILABLE: io exception
2020-06-09 10:47:45,170 [grpc-default-executor-4] INFO  impl.FollowerInfo (FollowerInfo.java:lambda$new$0(51)) - omNode-1@group-523986131536->omNode-2: nextIndex: updateUnconditionally 312 -> 45
2020-06-09 10:47:45,172 [grpc-default-executor-4] WARN  server.GrpcLogAppender (LogUtils.java:warn(122)) - omNode-1@group-523986131536->omNode-2-AppendLogResponseHandler: Failed appendEntries: org.apache.ratis.thirdparty.io.grpc.StatusRuntimeException: UNAVAILABLE: io exception
2020-06-09 10:47:45,172 [grpc-default-executor-4] INFO  impl.FollowerInfo (FollowerInfo.java:lambda$new$0(51)) - omNode-1@group-523986131536->omNode-2: nextIndex: updateUnconditionally 312 -> 45
2020-06-09 10:47:45,175 [grpc-default-executor-4] WARN  server.GrpcLogAppender (LogUtils.java:warn(122)) - omNode-1@group-523986131536->omNode-2-AppendLogResponseHandler: Failed appendEntries: org.apache.ratis.thirdparty.io.grpc.StatusRuntimeException: UNAVAILABLE: io exception
2020-06-09 10:47:45,175 [grpc-default-executor-4] INFO  impl.FollowerInfo (FollowerInfo.java:lambda$new$0(51)) - omNode-1@group-523986131536->omNode-2: nextIndex: updateUnconditionally 312 -> 45
2020-06-09 10:47:45,177 [grpc-default-executor-4] WARN  server.GrpcLogAppender (LogUtils.java:warn(122)) - omNode-1@group-523986131536->omNode-2-AppendLogResponseHandler: Failed appendEntries: org.apache.ratis.thirdparty.io.grpc.StatusRuntimeException: UNAVAILABLE: io exception
2020-06-09 10:47:45,178 [grpc-default-executor-4] INFO  impl.FollowerInfo (FollowerInfo.java:lambda$new$0(51)) - omNode-1@group-523986131536->omNode-2: nextIndex: updateUnconditionally 313 -> 45
2020-06-09 10:47:45,180 [grpc-default-executor-4] WARN  server.GrpcLogAppender (LogUtils.java:warn(122)) - omNode-1@group-523986131536->omNode-2-AppendLogResponseHandler: Failed appendEntries: org.apache.ratis.thirdparty.io.grpc.StatusRuntimeException: UNAVAILABLE: io exception
2020-06-09 10:47:45,180 [grpc-default-executor-4] INFO  impl.FollowerInfo (FollowerInfo.java:lambda$new$0(51)) - omNode-1@group-523986131536->omNode-2: nextIndex: updateUnconditionally 314 -> 45
2020-06-09 10:47:45,182 [grpc-default-executor-4] WARN  server.GrpcLogAppender (LogUtils.java:warn(122)) - omNode-1@group-523986131536->omNode-2-AppendLogResponseHandler: Failed appendEntries: org.apache.ratis.thirdparty.io.grpc.StatusRuntimeException: UNAVAILABLE: io exception
2020-06-09 10:47:45,182 [grpc-default-executor-4] INFO  impl.FollowerInfo (FollowerInfo.java:lambda$new$0(51)) - omNode-1@group-523986131536->omNode-2: nextIndex: updateUnconditionally 314 -> 45
2020-06-09 10:47:45,184 [grpc-default-executor-4] WARN  server.GrpcLogAppender (LogUtils.java:warn(122)) - omNode-1@group-523986131536->omNode-2-AppendLogResponseHandler: Failed appendEntries: org.apache.ratis.thirdparty.io.grpc.StatusRuntimeException: UNAVAILABLE: io exception
2020-06-09 10:47:45,184 [grpc-default-executor-4] INFO  impl.FollowerInfo (FollowerInfo.java:lambda$new$0(51)) - omNode-1@group-523986131536->omNode-2: nextIndex: updateUnconditionally 314 -> 45
2020-06-09 10:47:45,188 [grpc-default-executor-4] WARN  server.GrpcLogAppender (LogUtils.java:warn(122)) - omNode-1@group-523986131536->omNode-2-AppendLogResponseHandler: Failed appendEntries: org.apache.ratis.thirdparty.io.grpc.StatusRuntimeException: UNAVAILABLE: io exception
2020-06-09 10:47:45,188 [grpc-default-executor-4] INFO  impl.FollowerInfo (FollowerInfo.java:lambda$new$0(51)) - omNode-1@group-523986131536->omNode-2: nextIndex: updateUnconditionally 314 -> 45
2020-06-09 10:47:45,192 [grpc-default-executor-4] WARN  server.GrpcLogAppender (LogUtils.java:warn(122)) - omNode-1@group-523986131536->omNode-2-AppendLogResponseHandler: Failed appendEntries: org.apache.ratis.thirdparty.io.grpc.StatusRuntimeException: UNAVAILABLE: io exception
2020-06-09 10:47:45,192 [grpc-default-executor-4] INFO  impl.FollowerInfo (FollowerInfo.java:lambda$new$0(51)) - omNode-1@group-523986131536->omNode-2: nextIndex: updateUnconditionally 315 -> 45
2020-06-09 10:47:45,195 [grpc-default-executor-3] WARN  server.GrpcLogAppender (LogUtils.java:warn(122)) - omNode-1@group-523986131536->omNode-2-AppendLogResponseHandler: Failed appendEntries: org.apache.ratis.thirdparty.io.grpc.StatusRuntimeException: UNAVAILABLE: io exception
2020-06-09 10:47:45,195 [grpc-default-executor-3] INFO  impl.FollowerInfo (FollowerInfo.java:lambda$new$0(51)) - omNode-1@group-523986131536->omNode-2: nextIndex: updateUnconditionally 315 -> 45
2020-06-09 10:47:45,197 [grpc-default-executor-3] WARN  server.GrpcLogAppender (LogUtils.java:warn(122)) - omNode-1@group-523986131536->omNode-2-AppendLogResponseHandler: Failed appendEntries: org.apache.ratis.thirdparty.io.grpc.StatusRuntimeException: UNAVAILABLE: io exception
2020-06-09 10:47:45,197 [grpc-default-executor-3] INFO  impl.FollowerInfo (FollowerInfo.java:lambda$new$0(51)) - omNode-1@group-523986131536->omNode-2: nextIndex: updateUnconditionally 315 -> 45
2020-06-09 10:47:45,199 [grpc-default-executor-3] WARN  server.GrpcLogAppender (LogUtils.java:warn(122)) - omNode-1@group-523986131536->omNode-2-AppendLogResponseHandler: Failed appendEntries: org.apache.ratis.thirdparty.io.grpc.StatusRuntimeException: UNAVAILABLE: io exception
2020-06-09 10:47:45,200 [grpc-default-executor-3] INFO  impl.FollowerInfo (FollowerInfo.java:lambda$new$0(51)) - omNode-1@group-523986131536->omNode-2: nextIndex: updateUnconditionally 315 -> 45
2020-06-09 10:47:45,203 [grpc-default-executor-3] WARN  server.GrpcLogAppender (LogUtils.java:warn(122)) - omNode-1@group-523986131536->omNode-2-AppendLogResponseHandler: Failed appendEntries: org.apache.ratis.thirdparty.io.grpc.StatusRuntimeException: UNAVAILABLE: io exception
2020-06-09 10:47:45,204 [grpc-default-executor-3] INFO  impl.FollowerInfo (FollowerInfo.java:lambda$new$0(51)) - omNode-1@group-523986131536->omNode-2: nextIndex: updateUnconditionally 315 -> 45
2020-06-09 10:47:45,206 [grpc-default-executor-3] WARN  server.GrpcLogAppender (LogUtils.java:warn(122)) - omNode-1@group-523986131536->omNode-2-AppendLogResponseHandler: Failed appendEntries: org.apache.ratis.thirdparty.io.grpc.StatusRuntimeException: UNAVAILABLE: io exception
2020-06-09 10:47:45,206 [grpc-default-executor-3] INFO  impl.FollowerInfo (FollowerInfo.java:lambda$new$0(51)) - omNode-1@group-523986131536->omNode-2: nextIndex: updateUnconditionally 316 -> 45
2020-06-09 10:47:45,208 [grpc-default-executor-5] WARN  server.GrpcLogAppender (LogUtils.java:warn(122)) - omNode-1@group-523986131536->omNode-2-AppendLogResponseHandler: Failed appendEntries: org.apache.ratis.thirdparty.io.grpc.StatusRuntimeException: UNAVAILABLE: io exception
2020-06-09 10:47:45,209 [grpc-default-executor-5] INFO  impl.FollowerInfo (FollowerInfo.java:lambda$new$0(51)) - omNode-1@group-523986131536->omNode-2: nextIndex: updateUnconditionally 316 -> 45
2020-06-09 10:47:45,212 [grpc-default-executor-5] WARN  server.GrpcLogAppender (LogUtils.java:warn(122)) - omNode-1@group-523986131536->omNode-2-AppendLogResponseHandler: Failed appendEntries: org.apache.ratis.thirdparty.io.grpc.StatusRuntimeException: UNAVAILABLE: io exception
2020-06-09 10:47:45,212 [grpc-default-executor-5] INFO  impl.FollowerInfo (FollowerInfo.java:lambda$new$0(51)) - omNode-1@group-523986131536->omNode-2: nextIndex: updateUnconditionally 317 -> 45
2020-06-09 10:47:45,214 [grpc-default-executor-4] WARN  server.GrpcLogAppender (LogUtils.java:warn(122)) - omNode-1@group-523986131536->omNode-2-AppendLogResponseHandler: Failed appendEntries: org.apache.ratis.thirdparty.io.grpc.StatusRuntimeException: UNAVAILABLE: io exception
2020-06-09 10:47:45,215 [grpc-default-executor-4] INFO  impl.FollowerInfo (FollowerInfo.java:lambda$new$0(51)) - omNode-1@group-523986131536->omNode-2: nextIndex: updateUnconditionally 318 -> 45
2020-06-09 10:47:45,217 [grpc-default-executor-4] WARN  server.GrpcLogAppender (LogUtils.java:warn(122)) - omNode-1@group-523986131536->omNode-2-AppendLogResponseHandler: Failed appendEntries: org.apache.ratis.thirdparty.io.grpc.StatusRuntimeException: UNAVAILABLE: io exception
2020-06-09 10:47:45,217 [grpc-default-executor-4] INFO  impl.FollowerInfo (FollowerInfo.java:lambda$new$0(51)) - omNode-1@group-523986131536->omNode-2: nextIndex: updateUnconditionally 318 -> 45
2020-06-09 10:47:45,219 [grpc-default-executor-4] WARN  server.GrpcLogAppender (LogUtils.java:warn(122)) - omNode-1@group-523986131536->omNode-2-AppendLogResponseHandler: Failed appendEntries: org.apache.ratis.thirdparty.io.grpc.StatusRuntimeException: UNAVAILABLE: io exception
2020-06-09 10:47:45,219 [grpc-default-executor-4] INFO  impl.FollowerInfo (FollowerInfo.java:lambda$new$0(51)) - omNode-1@group-523986131536->omNode-2: nextIndex: updateUnconditionally 318 -> 45
2020-06-09 10:47:45,222 [grpc-default-executor-4] WARN  server.GrpcLogAppender (LogUtils.java:warn(122)) - omNode-1@group-523986131536->omNode-2-AppendLogResponseHandler: Failed appendEntries: org.apache.ratis.thirdparty.io.grpc.StatusRuntimeException: UNAVAILABLE: io exception
2020-06-09 10:47:45,222 [grpc-default-executor-4] INFO  impl.FollowerInfo (FollowerInfo.java:lambda$new$0(51)) - omNode-1@group-523986131536->omNode-2: nextIndex: updateUnconditionally 318 -> 45
2020-06-09 10:47:45,228 [grpc-default-executor-5] WARN  server.GrpcLogAppender (LogUtils.java:warn(122)) - omNode-1@group-523986131536->omNode-2-AppendLogResponseHandler: Failed appendEntries: org.apache.ratis.thirdparty.io.grpc.StatusRuntimeException: UNAVAILABLE: io exception
2020-06-09 10:47:45,228 [grpc-default-executor-5] INFO  impl.FollowerInfo (FollowerInfo.java:lambda$new$0(51)) - omNode-1@group-523986131536->omNode-2: nextIndex: updateUnconditionally 319 -> 45
2020-06-09 10:47:45,232 [grpc-default-executor-5] WARN  server.GrpcLogAppender (LogUtils.java:warn(122)) - omNode-1@group-523986131536->omNode-2-AppendLogResponseHandler: Failed appendEntries: org.apache.ratis.thirdparty.io.grpc.StatusRuntimeException: UNAVAILABLE: io exception
2020-06-09 10:47:45,233 [grpc-default-executor-5] INFO  impl.FollowerInfo (FollowerInfo.java:lambda$new$0(51)) - omNode-1@group-523986131536->omNode-2: nextIndex: updateUnconditionally 319 -> 45
2020-06-09 10:47:45,235 [grpc-default-executor-5] WARN  server.GrpcLogAppender (LogUtils.java:warn(122)) - omNode-1@group-523986131536->omNode-2-AppendLogResponseHandler: Failed appendEntries: org.apache.ratis.thirdparty.io.grpc.StatusRuntimeException: UNAVAILABLE: io exception
2020-06-09 10:47:45,235 [grpc-default-executor-5] INFO  impl.FollowerInfo (FollowerInfo.java:lambda$new$0(51)) - omNode-1@group-523986131536->omNode-2: nextIndex: updateUnconditionally 319 -> 45
2020-06-09 10:47:45,242 [grpc-default-executor-5] WARN  server.GrpcLogAppender (LogUtils.java:warn(122)) - omNode-1@group-523986131536->omNode-2-AppendLogResponseHandler: Failed appendEntries: org.apache.ratis.thirdparty.io.grpc.StatusRuntimeException: UNAVAILABLE: io exception
2020-06-09 10:47:45,242 [grpc-default-executor-5] INFO  impl.FollowerInfo (FollowerInfo.java:lambda$new$0(51)) - omNode-1@group-523986131536->omNode-2: nextIndex: updateUnconditionally 319 -> 45
2020-06-09 10:47:45,245 [grpc-default-executor-5] WARN  server.GrpcLogAppender (LogUtils.java:warn(122)) - omNode-1@group-523986131536->omNode-2-AppendLogResponseHandler: Failed appendEntries: org.apache.ratis.thirdparty.io.grpc.StatusRuntimeException: UNAVAILABLE: io exception
2020-06-09 10:47:45,245 [grpc-default-executor-5] INFO  impl.FollowerInfo (FollowerInfo.java:lambda$new$0(51)) - omNode-1@group-523986131536->omNode-2: nextIndex: updateUnconditionally 319 -> 45
2020-06-09 10:47:45,249 [grpc-default-executor-5] WARN  server.GrpcLogAppender (LogUtils.java:warn(122)) - omNode-1@group-523986131536->omNode-2-AppendLogResponseHandler: Failed appendEntries: org.apache.ratis.thirdparty.io.grpc.StatusRuntimeException: UNAVAILABLE: io exception
2020-06-09 10:47:45,250 [grpc-default-executor-5] INFO  impl.FollowerInfo (FollowerInfo.java:lambda$new$0(51)) - omNode-1@group-523986131536->omNode-2: nextIndex: updateUnconditionally 320 -> 45
2020-06-09 10:47:45,253 [grpc-default-executor-5] WARN  server.GrpcLogAppender (LogUtils.java:warn(122)) - omNode-1@group-523986131536->omNode-2-AppendLogResponseHandler: Failed appendEntries: org.apache.ratis.thirdparty.io.grpc.StatusRuntimeException: UNAVAILABLE: io exception
2020-06-09 10:47:45,253 [grpc-default-executor-5] INFO  impl.FollowerInfo (FollowerInfo.java:lambda$new$0(51)) - omNode-1@group-523986131536->omNode-2: nextIndex: updateUnconditionally 320 -> 45
2020-06-09 10:47:45,257 [grpc-default-executor-4] WARN  server.GrpcLogAppender (LogUtils.java:warn(122)) - omNode-1@group-523986131536->omNode-2-AppendLogResponseHandler: Failed appendEntries: org.apache.ratis.thirdparty.io.grpc.StatusRuntimeException: UNAVAILABLE: io exception
2020-06-09 10:47:45,257 [grpc-default-executor-4] INFO  impl.FollowerInfo (FollowerInfo.java:lambda$new$0(51)) - omNode-1@group-523986131536->omNode-2: nextIndex: updateUnconditionally 321 -> 45
2020-06-09 10:47:45,260 [grpc-default-executor-4] WARN  server.GrpcLogAppender (LogUtils.java:warn(122)) - omNode-1@group-523986131536->omNode-2-AppendLogResponseHandler: Failed appendEntries: org.apache.ratis.thirdparty.io.grpc.StatusRuntimeException: UNAVAILABLE: io exception
2020-06-09 10:47:45,260 [grpc-default-executor-4] INFO  impl.FollowerInfo (FollowerInfo.java:lambda$new$0(51)) - omNode-1@group-523986131536->omNode-2: nextIndex: updateUnconditionally 322 -> 45
2020-06-09 10:47:45,264 [grpc-default-executor-4] WARN  server.GrpcLogAppender (LogUtils.java:warn(122)) - omNode-1@group-523986131536->omNode-2-AppendLogResponseHandler: Failed appendEntries: org.apache.ratis.thirdparty.io.grpc.StatusRuntimeException: UNAVAILABLE: io exception
2020-06-09 10:47:45,264 [grpc-default-executor-4] INFO  impl.FollowerInfo (FollowerInfo.java:lambda$new$0(51)) - omNode-1@group-523986131536->omNode-2: nextIndex: updateUnconditionally 323 -> 45
2020-06-09 10:47:45,266 [grpc-default-executor-2] WARN  server.GrpcLogAppender (LogUtils.java:warn(122)) - omNode-1@group-523986131536->omNode-2-AppendLogResponseHandler: Failed appendEntries: org.apache.ratis.thirdparty.io.grpc.StatusRuntimeException: UNAVAILABLE: io exception
2020-06-09 10:47:45,266 [grpc-default-executor-2] INFO  impl.FollowerInfo (FollowerInfo.java:lambda$new$0(51)) - omNode-1@group-523986131536->omNode-2: nextIndex: updateUnconditionally 323 -> 45
2020-06-09 10:47:45,270 [grpc-default-executor-4] WARN  server.GrpcLogAppender (LogUtils.java:warn(122)) - omNode-1@group-523986131536->omNode-2-AppendLogResponseHandler: Failed appendEntries: org.apache.ratis.thirdparty.io.grpc.StatusRuntimeException: UNAVAILABLE: io exception
2020-06-09 10:47:45,270 [grpc-default-executor-4] INFO  impl.FollowerInfo (FollowerInfo.java:lambda$new$0(51)) - omNode-1@group-523986131536->omNode-2: nextIndex: updateUnconditionally 324 -> 45
2020-06-09 10:47:45,273 [grpc-default-executor-2] WARN  server.GrpcLogAppender (LogUtils.java:warn(122)) - omNode-1@group-523986131536->omNode-2-AppendLogResponseHandler: Failed appendEntries: org.apache.ratis.thirdparty.io.grpc.StatusRuntimeException: UNAVAILABLE: io exception
2020-06-09 10:47:45,273 [grpc-default-executor-2] INFO  impl.FollowerInfo (FollowerInfo.java:lambda$new$0(51)) - omNode-1@group-523986131536->omNode-2: nextIndex: updateUnconditionally 325 -> 45
2020-06-09 10:47:45,277 [grpc-default-executor-2] WARN  server.GrpcLogAppender (LogUtils.java:warn(122)) - omNode-1@group-523986131536->omNode-2-AppendLogResponseHandler: Failed appendEntries: org.apache.ratis.thirdparty.io.grpc.StatusRuntimeException: UNAVAILABLE: io exception
2020-06-09 10:47:45,277 [grpc-default-executor-2] INFO  impl.FollowerInfo (FollowerInfo.java:lambda$new$0(51)) - omNode-1@group-523986131536->omNode-2: nextIndex: updateUnconditionally 326 -> 45
2020-06-09 10:47:45,283 [grpc-default-executor-4] WARN  server.GrpcLogAppender (LogUtils.java:warn(122)) - omNode-1@group-523986131536->omNode-2-AppendLogResponseHandler: Failed appendEntries: org.apache.ratis.thirdparty.io.grpc.StatusRuntimeException: UNAVAILABLE: io exception
2020-06-09 10:47:45,283 [grpc-default-executor-4] INFO  impl.FollowerInfo (FollowerInfo.java:lambda$new$0(51)) - omNode-1@group-523986131536->omNode-2: nextIndex: updateUnconditionally 326 -> 45
2020-06-09 10:47:45,289 [grpc-default-executor-2] WARN  server.GrpcLogAppender (LogUtils.java:warn(122)) - omNode-1@group-523986131536->omNode-2-AppendLogResponseHandler: Failed appendEntries: org.apache.ratis.thirdparty.io.grpc.StatusRuntimeException: UNAVAILABLE: io exception
2020-06-09 10:47:45,289 [grpc-default-executor-2] INFO  impl.FollowerInfo (FollowerInfo.java:lambda$new$0(51)) - omNode-1@group-523986131536->omNode-2: nextIndex: updateUnconditionally 327 -> 45
2020-06-09 10:47:45,295 [grpc-default-executor-2] WARN  server.GrpcLogAppender (LogUtils.java:warn(122)) - omNode-1@group-523986131536->omNode-2-AppendLogResponseHandler: Failed appendEntries: org.apache.ratis.thirdparty.io.grpc.StatusRuntimeException: UNAVAILABLE: io exception
2020-06-09 10:47:45,295 [grpc-default-executor-2] INFO  impl.FollowerInfo (FollowerInfo.java:lambda$new$0(51)) - omNode-1@group-523986131536->omNode-2: nextIndex: updateUnconditionally 327 -> 45
2020-06-09 10:47:45,303 [grpc-default-executor-5] WARN  server.GrpcLogAppender (LogUtils.java:warn(122)) - omNode-1@group-523986131536->omNode-2-AppendLogResponseHandler: Failed appendEntries: org.apache.ratis.thirdparty.io.grpc.StatusRuntimeException: UNAVAILABLE: io exception
2020-06-09 10:47:45,303 [grpc-default-executor-5] INFO  impl.FollowerInfo (FollowerInfo.java:lambda$new$0(51)) - omNode-1@group-523986131536->omNode-2: nextIndex: updateUnconditionally 328 -> 45
2020-06-09 10:47:45,309 [grpc-default-executor-2] WARN  server.GrpcLogAppender (LogUtils.java:warn(122)) - omNode-1@group-523986131536->omNode-2-AppendLogResponseHandler: Failed appendEntries: org.apache.ratis.thirdparty.io.grpc.StatusRuntimeException: UNAVAILABLE: io exception
2020-06-09 10:47:45,309 [grpc-default-executor-2] INFO  impl.FollowerInfo (FollowerInfo.java:lambda$new$0(51)) - omNode-1@group-523986131536->omNode-2: nextIndex: updateUnconditionally 329 -> 45
2020-06-09 10:47:45,313 [grpc-default-executor-5] WARN  server.GrpcLogAppender (LogUtils.java:warn(122)) - omNode-1@group-523986131536->omNode-2-AppendLogResponseHandler: Failed appendEntries: org.apache.ratis.thirdparty.io.grpc.StatusRuntimeException: UNAVAILABLE: io exception
2020-06-09 10:47:45,313 [grpc-default-executor-5] INFO  impl.FollowerInfo (FollowerInfo.java:lambda$new$0(51)) - omNode-1@group-523986131536->omNode-2: nextIndex: updateUnconditionally 330 -> 45
2020-06-09 10:47:45,316 [grpc-default-executor-2] WARN  server.GrpcLogAppender (LogUtils.java:warn(122)) - omNode-1@group-523986131536->omNode-2-AppendLogResponseHandler: Failed appendEntries: org.apache.ratis.thirdparty.io.grpc.StatusRuntimeException: UNAVAILABLE: io exception
2020-06-09 10:47:45,316 [grpc-default-executor-2] INFO  impl.FollowerInfo (FollowerInfo.java:lambda$new$0(51)) - omNode-1@group-523986131536->omNode-2: nextIndex: updateUnconditionally 331 -> 45
2020-06-09 10:47:45,322 [grpc-default-executor-5] WARN  server.GrpcLogAppender (LogUtils.java:warn(122)) - omNode-1@group-523986131536->omNode-2-AppendLogResponseHandler: Failed appendEntries: org.apache.ratis.thirdparty.io.grpc.StatusRuntimeException: UNAVAILABLE: io exception
2020-06-09 10:47:45,322 [grpc-default-executor-5] INFO  impl.FollowerInfo (FollowerInfo.java:lambda$new$0(51)) - omNode-1@group-523986131536->omNode-2: nextIndex: updateUnconditionally 331 -> 45
2020-06-09 10:47:45,326 [grpc-default-executor-2] WARN  server.GrpcLogAppender (LogUtils.java:warn(122)) - omNode-1@group-523986131536->omNode-2-AppendLogResponseHandler: Failed appendEntries: org.apache.ratis.thirdparty.io.grpc.StatusRuntimeException: UNAVAILABLE: io exception
2020-06-09 10:47:45,326 [grpc-default-executor-2] INFO  impl.FollowerInfo (FollowerInfo.java:lambda$new$0(51)) - omNode-1@group-523986131536->omNode-2: nextIndex: updateUnconditionally 332 -> 45
2020-06-09 10:47:45,339 [grpc-default-executor-2] WARN  server.GrpcLogAppender (LogUtils.java:warn(122)) - omNode-1@group-523986131536->omNode-2-AppendLogResponseHandler: Failed appendEntries: org.apache.ratis.thirdparty.io.grpc.StatusRuntimeException: UNAVAILABLE: io exception
2020-06-09 10:47:45,339 [grpc-default-executor-2] INFO  impl.FollowerInfo (FollowerInfo.java:lambda$new$0(51)) - omNode-1@group-523986131536->omNode-2: nextIndex: updateUnconditionally 333 -> 45
2020-06-09 10:47:45,341 [grpc-default-executor-2] WARN  server.GrpcLogAppender (LogUtils.java:warn(122)) - omNode-1@group-523986131536->omNode-2-AppendLogResponseHandler: Failed appendEntries: org.apache.ratis.thirdparty.io.grpc.StatusRuntimeException: UNAVAILABLE: io exception
2020-06-09 10:47:45,343 [grpc-default-executor-2] INFO  impl.FollowerInfo (FollowerInfo.java:lambda$new$0(51)) - omNode-1@group-523986131536->omNode-2: nextIndex: updateUnconditionally 334 -> 45
2020-06-09 10:47:45,345 [grpc-default-executor-2] WARN  server.GrpcLogAppender (LogUtils.java:warn(122)) - omNode-1@group-523986131536->omNode-2-AppendLogResponseHandler: Failed appendEntries: org.apache.ratis.thirdparty.io.grpc.StatusRuntimeException: UNAVAILABLE: io exception
2020-06-09 10:47:45,345 [grpc-default-executor-2] INFO  impl.FollowerInfo (FollowerInfo.java:lambda$new$0(51)) - omNode-1@group-523986131536->omNode-2: nextIndex: updateUnconditionally 334 -> 45
2020-06-09 10:47:45,348 [grpc-default-executor-2] WARN  server.GrpcLogAppender (LogUtils.java:warn(122)) - omNode-1@group-523986131536->omNode-2-AppendLogResponseHandler: Failed appendEntries: org.apache.ratis.thirdparty.io.grpc.StatusRuntimeException: UNAVAILABLE: io exception
2020-06-09 10:47:45,348 [grpc-default-executor-2] INFO  impl.FollowerInfo (FollowerInfo.java:lambda$new$0(51)) - omNode-1@group-523986131536->omNode-2: nextIndex: updateUnconditionally 334 -> 45
2020-06-09 10:47:45,352 [grpc-default-executor-2] WARN  server.GrpcLogAppender (LogUtils.java:warn(122)) - omNode-1@group-523986131536->omNode-2-AppendLogResponseHandler: Failed appendEntries: org.apache.ratis.thirdparty.io.grpc.StatusRuntimeException: UNAVAILABLE: io exception
2020-06-09 10:47:45,352 [grpc-default-executor-2] INFO  impl.FollowerInfo (FollowerInfo.java:lambda$new$0(51)) - omNode-1@group-523986131536->omNode-2: nextIndex: updateUnconditionally 334 -> 45
2020-06-09 10:47:45,364 [grpc-default-executor-5] WARN  server.GrpcLogAppender (LogUtils.java:warn(122)) - omNode-1@group-523986131536->omNode-2-AppendLogResponseHandler: Failed appendEntries: org.apache.ratis.thirdparty.io.grpc.StatusRuntimeException: UNAVAILABLE: io exception
2020-06-09 10:47:45,364 [grpc-default-executor-5] INFO  impl.FollowerInfo (FollowerInfo.java:lambda$new$0(51)) - omNode-1@group-523986131536->omNode-2: nextIndex: updateUnconditionally 335 -> 45
2020-06-09 10:47:45,366 [grpc-default-executor-5] WARN  server.GrpcLogAppender (LogUtils.java:warn(122)) - omNode-1@group-523986131536->omNode-2-AppendLogResponseHandler: Failed appendEntries: org.apache.ratis.thirdparty.io.grpc.StatusRuntimeException: UNAVAILABLE: io exception
2020-06-09 10:47:45,367 [grpc-default-executor-5] INFO  impl.FollowerInfo (FollowerInfo.java:lambda$new$0(51)) - omNode-1@group-523986131536->omNode-2: nextIndex: updateUnconditionally 336 -> 45
2020-06-09 10:47:45,368 [grpc-default-executor-2] WARN  server.GrpcLogAppender (LogUtils.java:warn(122)) - omNode-1@group-523986131536->omNode-2-AppendLogResponseHandler: Failed appendEntries: org.apache.ratis.thirdparty.io.grpc.StatusRuntimeException: UNAVAILABLE: io exception
2020-06-09 10:47:45,368 [grpc-default-executor-2] INFO  impl.FollowerInfo (FollowerInfo.java:lambda$new$0(51)) - omNode-1@group-523986131536->omNode-2: nextIndex: updateUnconditionally 336 -> 45
2020-06-09 10:47:45,373 [grpc-default-executor-5] WARN  server.GrpcLogAppender (LogUtils.java:warn(122)) - omNode-1@group-523986131536->omNode-2-AppendLogResponseHandler: Failed appendEntries: org.apache.ratis.thirdparty.io.grpc.StatusRuntimeException: UNAVAILABLE: io exception
2020-06-09 10:47:45,373 [grpc-default-executor-5] INFO  impl.FollowerInfo (FollowerInfo.java:lambda$new$0(51)) - omNode-1@group-523986131536->omNode-2: nextIndex: updateUnconditionally 337 -> 45
2020-06-09 10:47:45,376 [grpc-default-executor-2] WARN  server.GrpcLogAppender (LogUtils.java:warn(122)) - omNode-1@group-523986131536->omNode-2-AppendLogResponseHandler: Failed appendEntries: org.apache.ratis.thirdparty.io.grpc.StatusRuntimeException: UNAVAILABLE: io exception
2020-06-09 10:47:45,376 [grpc-default-executor-2] INFO  impl.FollowerInfo (FollowerInfo.java:lambda$new$0(51)) - omNode-1@group-523986131536->omNode-2: nextIndex: updateUnconditionally 338 -> 45
2020-06-09 10:47:45,380 [grpc-default-executor-4] WARN  server.GrpcLogAppender (LogUtils.java:warn(122)) - omNode-1@group-523986131536->omNode-2-AppendLogResponseHandler: Failed appendEntries: org.apache.ratis.thirdparty.io.grpc.StatusRuntimeException: UNAVAILABLE: io exception
2020-06-09 10:47:45,380 [grpc-default-executor-4] INFO  impl.FollowerInfo (FollowerInfo.java:lambda$new$0(51)) - omNode-1@group-523986131536->omNode-2: nextIndex: updateUnconditionally 339 -> 45
2020-06-09 10:47:45,384 [grpc-default-executor-4] WARN  server.GrpcLogAppender (LogUtils.java:warn(122)) - omNode-1@group-523986131536->omNode-2-AppendLogResponseHandler: Failed appendEntries: org.apache.ratis.thirdparty.io.grpc.StatusRuntimeException: UNAVAILABLE: io exception
2020-06-09 10:47:45,384 [grpc-default-executor-4] INFO  impl.FollowerInfo (FollowerInfo.java:lambda$new$0(51)) - omNode-1@group-523986131536->omNode-2: nextIndex: updateUnconditionally 339 -> 45
2020-06-09 10:47:45,387 [grpc-default-executor-5] WARN  server.GrpcLogAppender (LogUtils.java:warn(122)) - omNode-1@group-523986131536->omNode-2-AppendLogResponseHandler: Failed appendEntries: org.apache.ratis.thirdparty.io.grpc.StatusRuntimeException: UNAVAILABLE: io exception
2020-06-09 10:47:45,387 [grpc-default-executor-5] INFO  impl.FollowerInfo (FollowerInfo.java:lambda$new$0(51)) - omNode-1@group-523986131536->omNode-2: nextIndex: updateUnconditionally 340 -> 45
2020-06-09 10:47:45,391 [grpc-default-executor-4] WARN  server.GrpcLogAppender (LogUtils.java:warn(122)) - omNode-1@group-523986131536->omNode-2-AppendLogResponseHandler: Failed appendEntries: org.apache.ratis.thirdparty.io.grpc.StatusRuntimeException: UNAVAILABLE: io exception
2020-06-09 10:47:45,391 [grpc-default-executor-4] INFO  impl.FollowerInfo (FollowerInfo.java:lambda$new$0(51)) - omNode-1@group-523986131536->omNode-2: nextIndex: updateUnconditionally 341 -> 45
2020-06-09 10:47:45,394 [grpc-default-executor-5] WARN  server.GrpcLogAppender (LogUtils.java:warn(122)) - omNode-1@group-523986131536->omNode-2-AppendLogResponseHandler: Failed appendEntries: org.apache.ratis.thirdparty.io.grpc.StatusRuntimeException: UNAVAILABLE: io exception
2020-06-09 10:47:45,395 [grpc-default-executor-5] INFO  impl.FollowerInfo (FollowerInfo.java:lambda$new$0(51)) - omNode-1@group-523986131536->omNode-2: nextIndex: updateUnconditionally 342 -> 45
2020-06-09 10:47:45,397 [grpc-default-executor-5] WARN  server.GrpcLogAppender (LogUtils.java:warn(122)) - omNode-1@group-523986131536->omNode-2-AppendLogResponseHandler: Failed appendEntries: org.apache.ratis.thirdparty.io.grpc.StatusRuntimeException: UNAVAILABLE: io exception
2020-06-09 10:47:45,397 [grpc-default-executor-5] INFO  impl.FollowerInfo (FollowerInfo.java:lambda$new$0(51)) - omNode-1@group-523986131536->omNode-2: nextIndex: updateUnconditionally 342 -> 45
2020-06-09 10:47:45,401 [grpc-default-executor-4] WARN  server.GrpcLogAppender (LogUtils.java:warn(122)) - omNode-1@group-523986131536->omNode-2-AppendLogResponseHandler: Failed appendEntries: org.apache.ratis.thirdparty.io.grpc.StatusRuntimeException: UNAVAILABLE: io exception
2020-06-09 10:47:45,401 [grpc-default-executor-4] INFO  impl.FollowerInfo (FollowerInfo.java:lambda$new$0(51)) - omNode-1@group-523986131536->omNode-2: nextIndex: updateUnconditionally 343 -> 45
2020-06-09 10:47:45,409 [grpc-default-executor-5] WARN  server.GrpcLogAppender (LogUtils.java:warn(122)) - omNode-1@group-523986131536->omNode-2-AppendLogResponseHandler: Failed appendEntries: org.apache.ratis.thirdparty.io.grpc.StatusRuntimeException: UNAVAILABLE: io exception
2020-06-09 10:47:45,409 [grpc-default-executor-5] INFO  impl.FollowerInfo (FollowerInfo.java:lambda$new$0(51)) - omNode-1@group-523986131536->omNode-2: nextIndex: updateUnconditionally 343 -> 45
2020-06-09 10:47:45,412 [grpc-default-executor-4] WARN  server.GrpcLogAppender (LogUtils.java:warn(122)) - omNode-1@group-523986131536->omNode-2-AppendLogResponseHandler: Failed appendEntries: org.apache.ratis.thirdparty.io.grpc.StatusRuntimeException: UNAVAILABLE: io exception
2020-06-09 10:47:45,412 [grpc-default-executor-4] INFO  impl.FollowerInfo (FollowerInfo.java:lambda$new$0(51)) - omNode-1@group-523986131536->omNode-2: nextIndex: updateUnconditionally 344 -> 45
2020-06-09 10:47:45,415 [grpc-default-executor-5] WARN  server.GrpcLogAppender (LogUtils.java:warn(122)) - omNode-1@group-523986131536->omNode-2-AppendLogResponseHandler: Failed appendEntries: org.apache.ratis.thirdparty.io.grpc.StatusRuntimeException: UNAVAILABLE: io exception
2020-06-09 10:47:45,415 [grpc-default-executor-5] INFO  impl.FollowerInfo (FollowerInfo.java:lambda$new$0(51)) - omNode-1@group-523986131536->omNode-2: nextIndex: updateUnconditionally 345 -> 45
2020-06-09 10:47:45,417 [grpc-default-executor-4] WARN  server.GrpcLogAppender (LogUtils.java:warn(122)) - omNode-1@group-523986131536->omNode-2-AppendLogResponseHandler: Failed appendEntries: org.apache.ratis.thirdparty.io.grpc.StatusRuntimeException: UNAVAILABLE: io exception
2020-06-09 10:47:45,417 [grpc-default-executor-4] INFO  impl.FollowerInfo (FollowerInfo.java:lambda$new$0(51)) - omNode-1@group-523986131536->omNode-2: nextIndex: updateUnconditionally 346 -> 45
2020-06-09 10:47:45,422 [grpc-default-executor-3] WARN  server.GrpcLogAppender (LogUtils.java:warn(122)) - omNode-1@group-523986131536->omNode-2-AppendLogResponseHandler: Failed appendEntries: org.apache.ratis.thirdparty.io.grpc.StatusRuntimeException: UNAVAILABLE: io exception
2020-06-09 10:47:45,422 [grpc-default-executor-3] INFO  impl.FollowerInfo (FollowerInfo.java:lambda$new$0(51)) - omNode-1@group-523986131536->omNode-2: nextIndex: updateUnconditionally 347 -> 45
2020-06-09 10:47:45,427 [grpc-default-executor-5] WARN  server.GrpcLogAppender (LogUtils.java:warn(122)) - omNode-1@group-523986131536->omNode-2-AppendLogResponseHandler: Failed appendEntries: org.apache.ratis.thirdparty.io.grpc.StatusRuntimeException: UNAVAILABLE: io exception
2020-06-09 10:47:45,427 [grpc-default-executor-5] INFO  impl.FollowerInfo (FollowerInfo.java:lambda$new$0(51)) - omNode-1@group-523986131536->omNode-2: nextIndex: updateUnconditionally 348 -> 45
2020-06-09 10:47:45,433 [grpc-default-executor-5] WARN  server.GrpcLogAppender (LogUtils.java:warn(122)) - omNode-1@group-523986131536->omNode-2-AppendLogResponseHandler: Failed appendEntries: org.apache.ratis.thirdparty.io.grpc.StatusRuntimeException: UNAVAILABLE: io exception
2020-06-09 10:47:45,433 [grpc-default-executor-5] INFO  impl.FollowerInfo (FollowerInfo.java:lambda$new$0(51)) - omNode-1@group-523986131536->omNode-2: nextIndex: updateUnconditionally 349 -> 45
2020-06-09 10:47:45,436 [grpc-default-executor-4] WARN  server.GrpcLogAppender (LogUtils.java:warn(122)) - omNode-1@group-523986131536->omNode-2-AppendLogResponseHandler: Failed appendEntries: org.apache.ratis.thirdparty.io.grpc.StatusRuntimeException: UNAVAILABLE: io exception
2020-06-09 10:47:45,436 [grpc-default-executor-4] INFO  impl.FollowerInfo (FollowerInfo.java:lambda$new$0(51)) - omNode-1@group-523986131536->omNode-2: nextIndex: updateUnconditionally 350 -> 45
2020-06-09 10:47:45,438 [grpc-default-executor-5] WARN  server.GrpcLogAppender (LogUtils.java:warn(122)) - omNode-1@group-523986131536->omNode-2-AppendLogResponseHandler: Failed appendEntries: org.apache.ratis.thirdparty.io.grpc.StatusRuntimeException: UNAVAILABLE: io exception
2020-06-09 10:47:45,438 [omNode-1@group-523986131536-StateMachineUpdater] INFO  ratis.OzoneManagerStateMachine (OzoneManagerStateMachine.java:takeSnapshot(350)) - Saving Ratis snapshot on the OM.
2020-06-09 10:47:45,438 [grpc-default-executor-5] INFO  impl.FollowerInfo (FollowerInfo.java:lambda$new$0(51)) - omNode-1@group-523986131536->omNode-2: nextIndex: updateUnconditionally 350 -> 45
2020-06-09 10:47:45,438 [omNode-1@group-523986131536-StateMachineUpdater] INFO  ratis.OMRatisSnapshotInfo (OMRatisSnapshotInfo.java:saveRatisSnapshotToDisk(105)) - Saved Ratis Snapshot on the OM with snapshotIndex (t:1, i:348)
2020-06-09 10:47:45,439 [omNode-1@group-523986131536-StateMachineUpdater] INFO  impl.StateMachineUpdater (StateMachineUpdater.java:takeSnapshot(277)) - omNode-1@group-523986131536-StateMachineUpdater: Took a snapshot at index 348
2020-06-09 10:47:45,439 [omNode-1@group-523986131536-StateMachineUpdater] INFO  impl.StateMachineUpdater (StateMachineUpdater.java:lambda$new$0(87)) - omNode-1@group-523986131536-StateMachineUpdater: snapshotIndex: updateIncreasingly 298 -> 348
2020-06-09 10:47:45,440 [grpc-default-executor-4] WARN  server.GrpcLogAppender (LogUtils.java:warn(122)) - omNode-1@group-523986131536->omNode-2-AppendLogResponseHandler: Failed appendEntries: org.apache.ratis.thirdparty.io.grpc.StatusRuntimeException: UNAVAILABLE: io exception
2020-06-09 10:47:45,440 [grpc-default-executor-4] INFO  impl.FollowerInfo (FollowerInfo.java:lambda$new$0(51)) - omNode-1@group-523986131536->omNode-2: nextIndex: updateUnconditionally 350 -> 45
2020-06-09 10:47:45,443 [omNode-3@group-523986131536-StateMachineUpdater] INFO  ratis.OzoneManagerStateMachine (OzoneManagerStateMachine.java:takeSnapshot(350)) - Saving Ratis snapshot on the OM.
2020-06-09 10:47:45,443 [omNode-3@group-523986131536-StateMachineUpdater] INFO  ratis.OMRatisSnapshotInfo (OMRatisSnapshotInfo.java:saveRatisSnapshotToDisk(105)) - Saved Ratis Snapshot on the OM with snapshotIndex (t:1, i:349)
2020-06-09 10:47:45,443 [omNode-3@group-523986131536-StateMachineUpdater] INFO  impl.StateMachineUpdater (StateMachineUpdater.java:takeSnapshot(277)) - omNode-3@group-523986131536-StateMachineUpdater: Took a snapshot at index 349
2020-06-09 10:47:45,443 [omNode-3@group-523986131536-StateMachineUpdater] INFO  impl.StateMachineUpdater (StateMachineUpdater.java:lambda$new$0(87)) - omNode-3@group-523986131536-StateMachineUpdater: snapshotIndex: updateIncreasingly 298 -> 349
2020-06-09 10:47:45,445 [grpc-default-executor-5] WARN  server.GrpcLogAppender (LogUtils.java:warn(122)) - omNode-1@group-523986131536->omNode-2-AppendLogResponseHandler: Failed appendEntries: org.apache.ratis.thirdparty.io.grpc.StatusRuntimeException: UNAVAILABLE: io exception
2020-06-09 10:47:45,446 [grpc-default-executor-5] INFO  impl.FollowerInfo (FollowerInfo.java:lambda$new$0(51)) - omNode-1@group-523986131536->omNode-2: nextIndex: updateUnconditionally 351 -> 45
2020-06-09 10:47:45,451 [grpc-default-executor-5] WARN  server.GrpcLogAppender (LogUtils.java:warn(122)) - omNode-1@group-523986131536->omNode-2-AppendLogResponseHandler: Failed appendEntries: org.apache.ratis.thirdparty.io.grpc.StatusRuntimeException: UNAVAILABLE: io exception
2020-06-09 10:47:45,451 [grpc-default-executor-5] INFO  impl.FollowerInfo (FollowerInfo.java:lambda$new$0(51)) - omNode-1@group-523986131536->omNode-2: nextIndex: updateUnconditionally 351 -> 45
2020-06-09 10:47:45,459 [grpc-default-executor-5] WARN  server.GrpcLogAppender (LogUtils.java:warn(122)) - omNode-1@group-523986131536->omNode-2-AppendLogResponseHandler: Failed appendEntries: org.apache.ratis.thirdparty.io.grpc.StatusRuntimeException: UNAVAILABLE: io exception
2020-06-09 10:47:45,459 [grpc-default-executor-5] INFO  impl.FollowerInfo (FollowerInfo.java:lambda$new$0(51)) - omNode-1@group-523986131536->omNode-2: nextIndex: updateUnconditionally 352 -> 45
2020-06-09 10:47:45,463 [grpc-default-executor-5] WARN  server.GrpcLogAppender (LogUtils.java:warn(122)) - omNode-1@group-523986131536->omNode-2-AppendLogResponseHandler: Failed appendEntries: org.apache.ratis.thirdparty.io.grpc.StatusRuntimeException: UNAVAILABLE: io exception
2020-06-09 10:47:45,463 [grpc-default-executor-5] INFO  impl.FollowerInfo (FollowerInfo.java:lambda$new$0(51)) - omNode-1@group-523986131536->omNode-2: nextIndex: updateUnconditionally 353 -> 45
2020-06-09 10:47:45,465 [grpc-default-executor-5] WARN  server.GrpcLogAppender (LogUtils.java:warn(122)) - omNode-1@group-523986131536->omNode-2-AppendLogResponseHandler: Failed appendEntries: org.apache.ratis.thirdparty.io.grpc.StatusRuntimeException: UNAVAILABLE: io exception
2020-06-09 10:47:45,465 [grpc-default-executor-5] INFO  impl.FollowerInfo (FollowerInfo.java:lambda$new$0(51)) - omNode-1@group-523986131536->omNode-2: nextIndex: updateUnconditionally 354 -> 45
2020-06-09 10:47:45,467 [grpc-default-executor-5] WARN  server.GrpcLogAppender (LogUtils.java:warn(122)) - omNode-1@group-523986131536->omNode-2-AppendLogResponseHandler: Failed appendEntries: org.apache.ratis.thirdparty.io.grpc.StatusRuntimeException: UNAVAILABLE: io exception
2020-06-09 10:47:45,468 [grpc-default-executor-5] INFO  impl.FollowerInfo (FollowerInfo.java:lambda$new$0(51)) - omNode-1@group-523986131536->omNode-2: nextIndex: updateUnconditionally 354 -> 45
2020-06-09 10:47:45,470 [grpc-default-executor-3] WARN  server.GrpcLogAppender (LogUtils.java:warn(122)) - omNode-1@group-523986131536->omNode-2-AppendLogResponseHandler: Failed appendEntries: org.apache.ratis.thirdparty.io.grpc.StatusRuntimeException: UNAVAILABLE: io exception
2020-06-09 10:47:45,470 [grpc-default-executor-3] INFO  impl.FollowerInfo (FollowerInfo.java:lambda$new$0(51)) - omNode-1@group-523986131536->omNode-2: nextIndex: updateUnconditionally 354 -> 45
2020-06-09 10:47:45,474 [grpc-default-executor-5] WARN  server.GrpcLogAppender (LogUtils.java:warn(122)) - omNode-1@group-523986131536->omNode-2-AppendLogResponseHandler: Failed appendEntries: org.apache.ratis.thirdparty.io.grpc.StatusRuntimeException: UNAVAILABLE: io exception
2020-06-09 10:47:45,474 [grpc-default-executor-5] INFO  impl.FollowerInfo (FollowerInfo.java:lambda$new$0(51)) - omNode-1@group-523986131536->omNode-2: nextIndex: updateUnconditionally 355 -> 45
2020-06-09 10:47:45,478 [grpc-default-executor-4] WARN  server.GrpcLogAppender (LogUtils.java:warn(122)) - omNode-1@group-523986131536->omNode-2-AppendLogResponseHandler: Failed appendEntries: org.apache.ratis.thirdparty.io.grpc.StatusRuntimeException: UNAVAILABLE: io exception
2020-06-09 10:47:45,478 [grpc-default-executor-4] INFO  impl.FollowerInfo (FollowerInfo.java:lambda$new$0(51)) - omNode-1@group-523986131536->omNode-2: nextIndex: updateUnconditionally 356 -> 45
2020-06-09 10:47:45,483 [grpc-default-executor-4] WARN  server.GrpcLogAppender (LogUtils.java:warn(122)) - omNode-1@group-523986131536->omNode-2-AppendLogResponseHandler: Failed appendEntries: org.apache.ratis.thirdparty.io.grpc.StatusRuntimeException: UNAVAILABLE: io exception
2020-06-09 10:47:45,483 [grpc-default-executor-4] INFO  impl.FollowerInfo (FollowerInfo.java:lambda$new$0(51)) - omNode-1@group-523986131536->omNode-2: nextIndex: updateUnconditionally 357 -> 45
2020-06-09 10:47:45,486 [grpc-default-executor-5] WARN  server.GrpcLogAppender (LogUtils.java:warn(122)) - omNode-1@group-523986131536->omNode-2-AppendLogResponseHandler: Failed appendEntries: org.apache.ratis.thirdparty.io.grpc.StatusRuntimeException: UNAVAILABLE: io exception
2020-06-09 10:47:45,486 [grpc-default-executor-5] INFO  impl.FollowerInfo (FollowerInfo.java:lambda$new$0(51)) - omNode-1@group-523986131536->omNode-2: nextIndex: updateUnconditionally 359 -> 45
2020-06-09 10:47:45,492 [grpc-default-executor-5] WARN  server.GrpcLogAppender (LogUtils.java:warn(122)) - omNode-1@group-523986131536->omNode-2-AppendLogResponseHandler: Failed appendEntries: org.apache.ratis.thirdparty.io.grpc.StatusRuntimeException: UNAVAILABLE: io exception
2020-06-09 10:47:45,492 [grpc-default-executor-5] INFO  impl.FollowerInfo (FollowerInfo.java:lambda$new$0(51)) - omNode-1@group-523986131536->omNode-2: nextIndex: updateUnconditionally 359 -> 45
2020-06-09 10:47:45,496 [grpc-default-executor-5] WARN  server.GrpcLogAppender (LogUtils.java:warn(122)) - omNode-1@group-523986131536->omNode-2-AppendLogResponseHandler: Failed appendEntries: org.apache.ratis.thirdparty.io.grpc.StatusRuntimeException: UNAVAILABLE: io exception
2020-06-09 10:47:45,496 [grpc-default-executor-5] INFO  impl.FollowerInfo (FollowerInfo.java:lambda$new$0(51)) - omNode-1@group-523986131536->omNode-2: nextIndex: updateUnconditionally 360 -> 45
2020-06-09 10:47:45,500 [grpc-default-executor-4] WARN  server.GrpcLogAppender (LogUtils.java:warn(122)) - omNode-1@group-523986131536->omNode-2-AppendLogResponseHandler: Failed appendEntries: org.apache.ratis.thirdparty.io.grpc.StatusRuntimeException: UNAVAILABLE: io exception
2020-06-09 10:47:45,500 [grpc-default-executor-4] INFO  impl.FollowerInfo (FollowerInfo.java:lambda$new$0(51)) - omNode-1@group-523986131536->omNode-2: nextIndex: updateUnconditionally 362 -> 45
2020-06-09 10:47:45,504 [grpc-default-executor-4] WARN  server.GrpcLogAppender (LogUtils.java:warn(122)) - omNode-1@group-523986131536->omNode-2-AppendLogResponseHandler: Failed appendEntries: org.apache.ratis.thirdparty.io.grpc.StatusRuntimeException: UNAVAILABLE: io exception
2020-06-09 10:47:45,504 [grpc-default-executor-4] INFO  impl.FollowerInfo (FollowerInfo.java:lambda$new$0(51)) - omNode-1@group-523986131536->omNode-2: nextIndex: updateUnconditionally 363 -> 45
2020-06-09 10:47:45,508 [grpc-default-executor-5] WARN  server.GrpcLogAppender (LogUtils.java:warn(122)) - omNode-1@group-523986131536->omNode-2-AppendLogResponseHandler: Failed appendEntries: org.apache.ratis.thirdparty.io.grpc.StatusRuntimeException: UNAVAILABLE: io exception
2020-06-09 10:47:45,508 [grpc-default-executor-5] INFO  impl.FollowerInfo (FollowerInfo.java:lambda$new$0(51)) - omNode-1@group-523986131536->omNode-2: nextIndex: updateUnconditionally 363 -> 45
2020-06-09 10:47:45,516 [grpc-default-executor-3] WARN  server.GrpcLogAppender (LogUtils.java:warn(122)) - omNode-1@group-523986131536->omNode-2-AppendLogResponseHandler: Failed appendEntries: org.apache.ratis.thirdparty.io.grpc.StatusRuntimeException: UNAVAILABLE: io exception
2020-06-09 10:47:45,516 [grpc-default-executor-3] INFO  impl.FollowerInfo (FollowerInfo.java:lambda$new$0(51)) - omNode-1@group-523986131536->omNode-2: nextIndex: updateUnconditionally 364 -> 45
2020-06-09 10:47:45,519 [grpc-default-executor-3] WARN  server.GrpcLogAppender (LogUtils.java:warn(122)) - omNode-1@group-523986131536->omNode-2-AppendLogResponseHandler: Failed appendEntries: org.apache.ratis.thirdparty.io.grpc.StatusRuntimeException: UNAVAILABLE: io exception
2020-06-09 10:47:45,519 [grpc-default-executor-3] INFO  impl.FollowerInfo (FollowerInfo.java:lambda$new$0(51)) - omNode-1@group-523986131536->omNode-2: nextIndex: updateUnconditionally 365 -> 45
2020-06-09 10:47:45,523 [grpc-default-executor-4] WARN  server.GrpcLogAppender (LogUtils.java:warn(122)) - omNode-1@group-523986131536->omNode-2-AppendLogResponseHandler: Failed appendEntries: org.apache.ratis.thirdparty.io.grpc.StatusRuntimeException: UNAVAILABLE: io exception
2020-06-09 10:47:45,523 [grpc-default-executor-4] INFO  impl.FollowerInfo (FollowerInfo.java:lambda$new$0(51)) - omNode-1@group-523986131536->omNode-2: nextIndex: updateUnconditionally 366 -> 45
2020-06-09 10:47:45,532 [grpc-default-executor-4] WARN  server.GrpcLogAppender (LogUtils.java:warn(122)) - omNode-1@group-523986131536->omNode-2-AppendLogResponseHandler: Failed appendEntries: org.apache.ratis.thirdparty.io.grpc.StatusRuntimeException: UNAVAILABLE: io exception
2020-06-09 10:47:45,532 [grpc-default-executor-4] INFO  impl.FollowerInfo (FollowerInfo.java:lambda$new$0(51)) - omNode-1@group-523986131536->omNode-2: nextIndex: updateUnconditionally 367 -> 45
2020-06-09 10:47:45,538 [grpc-default-executor-5] WARN  server.GrpcLogAppender (LogUtils.java:warn(122)) - omNode-1@group-523986131536->omNode-2-AppendLogResponseHandler: Failed appendEntries: org.apache.ratis.thirdparty.io.grpc.StatusRuntimeException: UNAVAILABLE: io exception
2020-06-09 10:47:45,538 [grpc-default-executor-5] INFO  impl.FollowerInfo (FollowerInfo.java:lambda$new$0(51)) - omNode-1@group-523986131536->omNode-2: nextIndex: updateUnconditionally 369 -> 45
2020-06-09 10:47:45,542 [grpc-default-executor-4] WARN  server.GrpcLogAppender (LogUtils.java:warn(122)) - omNode-1@group-523986131536->omNode-2-AppendLogResponseHandler: Failed appendEntries: org.apache.ratis.thirdparty.io.grpc.StatusRuntimeException: UNAVAILABLE: io exception
2020-06-09 10:47:45,542 [grpc-default-executor-4] INFO  impl.FollowerInfo (FollowerInfo.java:lambda$new$0(51)) - omNode-1@group-523986131536->omNode-2: nextIndex: updateUnconditionally 371 -> 45
2020-06-09 10:47:45,546 [grpc-default-executor-3] WARN  server.GrpcLogAppender (LogUtils.java:warn(122)) - omNode-1@group-523986131536->omNode-2-AppendLogResponseHandler: Failed appendEntries: org.apache.ratis.thirdparty.io.grpc.StatusRuntimeException: UNAVAILABLE: io exception
2020-06-09 10:47:45,546 [grpc-default-executor-3] INFO  impl.FollowerInfo (FollowerInfo.java:lambda$new$0(51)) - omNode-1@group-523986131536->omNode-2: nextIndex: updateUnconditionally 371 -> 45
2020-06-09 10:47:45,550 [grpc-default-executor-4] WARN  server.GrpcLogAppender (LogUtils.java:warn(122)) - omNode-1@group-523986131536->omNode-2-AppendLogResponseHandler: Failed appendEntries: org.apache.ratis.thirdparty.io.grpc.StatusRuntimeException: UNAVAILABLE: io exception
2020-06-09 10:47:45,550 [grpc-default-executor-4] INFO  impl.FollowerInfo (FollowerInfo.java:lambda$new$0(51)) - omNode-1@group-523986131536->omNode-2: nextIndex: updateUnconditionally 372 -> 45
2020-06-09 10:47:45,550 [IPC Server handler 3 on default port 11520] INFO  segmented.SegmentedRaftLogWorker (SegmentedRaftLogWorker.java:rollLogSegment(402)) - omNode-1@group-523986131536-SegmentedRaftLogWorker: Rolling segment log-299_372 to index:372
2020-06-09 10:47:45,552 [omNode-1@group-523986131536-SegmentedRaftLogWorker] INFO  segmented.SegmentedRaftLogWorker (SegmentedRaftLogWorker.java:execute(553)) - omNode-1@group-523986131536-SegmentedRaftLogWorker: Rolled log segment from /github/workspace/mnt/ozone/hadoop-ozone/integration-test/target/test-dir/MiniOzoneClusterImpl-428de9cd-98e2-485e-b164-55ba4e728ea0/omNode-1/ratis/c9bc4cf4-3bc3-3c60-a66b-523986131536/current/log_inprogress_299 to /github/workspace/mnt/ozone/hadoop-ozone/integration-test/target/test-dir/MiniOzoneClusterImpl-428de9cd-98e2-485e-b164-55ba4e728ea0/omNode-1/ratis/c9bc4cf4-3bc3-3c60-a66b-523986131536/current/log_299-372
2020-06-09 10:47:45,553 [grpc-default-executor-4] INFO  segmented.SegmentedRaftLogWorker (SegmentedRaftLogWorker.java:rollLogSegment(402)) - omNode-3@group-523986131536-SegmentedRaftLogWorker: Rolling segment log-299_372 to index:372
2020-06-09 10:47:45,553 [omNode-3@group-523986131536-SegmentedRaftLogWorker] INFO  segmented.SegmentedRaftLogWorker (SegmentedRaftLogWorker.java:execute(553)) - omNode-3@group-523986131536-SegmentedRaftLogWorker: Rolled log segment from /github/workspace/mnt/ozone/hadoop-ozone/integration-test/target/test-dir/MiniOzoneClusterImpl-428de9cd-98e2-485e-b164-55ba4e728ea0/omNode-3/ratis/c9bc4cf4-3bc3-3c60-a66b-523986131536/current/log_inprogress_299 to /github/workspace/mnt/ozone/hadoop-ozone/integration-test/target/test-dir/MiniOzoneClusterImpl-428de9cd-98e2-485e-b164-55ba4e728ea0/omNode-3/ratis/c9bc4cf4-3bc3-3c60-a66b-523986131536/current/log_299-372
2020-06-09 10:47:45,555 [omNode-1@group-523986131536-SegmentedRaftLogWorker] INFO  segmented.SegmentedRaftLogWorker (SegmentedRaftLogWorker.java:execute(596)) - omNode-1@group-523986131536-SegmentedRaftLogWorker: created new log segment /github/workspace/mnt/ozone/hadoop-ozone/integration-test/target/test-dir/MiniOzoneClusterImpl-428de9cd-98e2-485e-b164-55ba4e728ea0/omNode-1/ratis/c9bc4cf4-3bc3-3c60-a66b-523986131536/current/log_inprogress_373
2020-06-09 10:47:45,555 [grpc-default-executor-3] WARN  server.GrpcLogAppender (LogUtils.java:warn(122)) - omNode-1@group-523986131536->omNode-2-AppendLogResponseHandler: Failed appendEntries: org.apache.ratis.thirdparty.io.grpc.StatusRuntimeException: UNAVAILABLE: io exception
2020-06-09 10:47:45,556 [grpc-default-executor-3] INFO  impl.FollowerInfo (FollowerInfo.java:lambda$new$0(51)) - omNode-1@group-523986131536->omNode-2: nextIndex: updateUnconditionally 374 -> 45
2020-06-09 10:47:45,556 [omNode-3@group-523986131536-SegmentedRaftLogWorker] INFO  segmented.SegmentedRaftLogWorker (SegmentedRaftLogWorker.java:execute(596)) - omNode-3@group-523986131536-SegmentedRaftLogWorker: created new log segment /github/workspace/mnt/ozone/hadoop-ozone/integration-test/target/test-dir/MiniOzoneClusterImpl-428de9cd-98e2-485e-b164-55ba4e728ea0/omNode-3/ratis/c9bc4cf4-3bc3-3c60-a66b-523986131536/current/log_inprogress_373
2020-06-09 10:47:45,560 [grpc-default-executor-5] WARN  server.GrpcLogAppender (LogUtils.java:warn(122)) - omNode-1@group-523986131536->omNode-2-AppendLogResponseHandler: Failed appendEntries: org.apache.ratis.thirdparty.io.grpc.StatusRuntimeException: UNAVAILABLE: io exception
2020-06-09 10:47:45,561 [grpc-default-executor-5] INFO  impl.FollowerInfo (FollowerInfo.java:lambda$new$0(51)) - omNode-1@group-523986131536->omNode-2: nextIndex: updateUnconditionally 375 -> 45
2020-06-09 10:47:45,565 [grpc-default-executor-5] WARN  server.GrpcLogAppender (LogUtils.java:warn(122)) - omNode-1@group-523986131536->omNode-2-AppendLogResponseHandler: Failed appendEntries: org.apache.ratis.thirdparty.io.grpc.StatusRuntimeException: UNAVAILABLE: io exception
2020-06-09 10:47:45,565 [grpc-default-executor-5] INFO  impl.FollowerInfo (FollowerInfo.java:lambda$new$0(51)) - omNode-1@group-523986131536->omNode-2: nextIndex: updateUnconditionally 375 -> 45
2020-06-09 10:47:45,569 [grpc-default-executor-5] WARN  server.GrpcLogAppender (LogUtils.java:warn(122)) - omNode-1@group-523986131536->omNode-2-AppendLogResponseHandler: Failed appendEntries: org.apache.ratis.thirdparty.io.grpc.StatusRuntimeException: UNAVAILABLE: io exception
2020-06-09 10:47:45,569 [grpc-default-executor-5] INFO  impl.FollowerInfo (FollowerInfo.java:lambda$new$0(51)) - omNode-1@group-523986131536->omNode-2: nextIndex: updateUnconditionally 376 -> 45
2020-06-09 10:47:45,577 [grpc-default-executor-5] WARN  server.GrpcLogAppender (LogUtils.java:warn(122)) - omNode-1@group-523986131536->omNode-2-AppendLogResponseHandler: Failed appendEntries: org.apache.ratis.thirdparty.io.grpc.StatusRuntimeException: UNAVAILABLE: io exception
2020-06-09 10:47:45,577 [grpc-default-executor-5] INFO  impl.FollowerInfo (FollowerInfo.java:lambda$new$0(51)) - omNode-1@group-523986131536->omNode-2: nextIndex: updateUnconditionally 377 -> 45
2020-06-09 10:47:45,582 [grpc-default-executor-5] WARN  server.GrpcLogAppender (LogUtils.java:warn(122)) - omNode-1@group-523986131536->omNode-2-AppendLogResponseHandler: Failed appendEntries: org.apache.ratis.thirdparty.io.grpc.StatusRuntimeException: UNAVAILABLE: io exception
2020-06-09 10:47:45,583 [grpc-default-executor-5] INFO  impl.FollowerInfo (FollowerInfo.java:lambda$new$0(51)) - omNode-1@group-523986131536->omNode-2: nextIndex: updateUnconditionally 377 -> 45
2020-06-09 10:47:45,586 [grpc-default-executor-3] WARN  server.GrpcLogAppender (LogUtils.java:warn(122)) - omNode-1@group-523986131536->omNode-2-AppendLogResponseHandler: Failed appendEntries: org.apache.ratis.thirdparty.io.grpc.StatusRuntimeException: UNAVAILABLE: io exception
2020-06-09 10:47:45,586 [grpc-default-executor-3] INFO  impl.FollowerInfo (FollowerInfo.java:lambda$new$0(51)) - omNode-1@group-523986131536->omNode-2: nextIndex: updateUnconditionally 378 -> 45
2020-06-09 10:47:45,590 [grpc-default-executor-5] WARN  server.GrpcLogAppender (LogUtils.java:warn(122)) - omNode-1@group-523986131536->omNode-2-AppendLogResponseHandler: Failed appendEntries: org.apache.ratis.thirdparty.io.grpc.StatusRuntimeException: UNAVAILABLE: io exception
2020-06-09 10:47:45,590 [grpc-default-executor-5] INFO  impl.FollowerInfo (FollowerInfo.java:lambda$new$0(51)) - omNode-1@group-523986131536->omNode-2: nextIndex: updateUnconditionally 379 -> 45
2020-06-09 10:47:45,600 [grpc-default-executor-3] WARN  server.GrpcLogAppender (LogUtils.java:warn(122)) - omNode-1@group-523986131536->omNode-2-AppendLogResponseHandler: Failed appendEntries: org.apache.ratis.thirdparty.io.grpc.StatusRuntimeException: UNAVAILABLE: io exception
2020-06-09 10:47:45,600 [grpc-default-executor-3] INFO  impl.FollowerInfo (FollowerInfo.java:lambda$new$0(51)) - omNode-1@group-523986131536->omNode-2: nextIndex: updateUnconditionally 379 -> 45
2020-06-09 10:47:45,610 [grpc-default-executor-3] WARN  server.GrpcLogAppender (LogUtils.java:warn(122)) - omNode-1@group-523986131536->omNode-2-AppendLogResponseHandler: Failed appendEntries: org.apache.ratis.thirdparty.io.grpc.StatusRuntimeException: UNAVAILABLE: io exception
2020-06-09 10:47:45,610 [grpc-default-executor-3] INFO  impl.FollowerInfo (FollowerInfo.java:lambda$new$0(51)) - omNode-1@group-523986131536->omNode-2: nextIndex: updateUnconditionally 380 -> 45
2020-06-09 10:47:45,615 [grpc-default-executor-5] WARN  server.GrpcLogAppender (LogUtils.java:warn(122)) - omNode-1@group-523986131536->omNode-2-AppendLogResponseHandler: Failed appendEntries: org.apache.ratis.thirdparty.io.grpc.StatusRuntimeException: UNAVAILABLE: io exception
2020-06-09 10:47:45,615 [grpc-default-executor-5] INFO  impl.FollowerInfo (FollowerInfo.java:lambda$new$0(51)) - omNode-1@group-523986131536->omNode-2: nextIndex: updateUnconditionally 381 -> 45
2020-06-09 10:47:45,619 [grpc-default-executor-3] WARN  server.GrpcLogAppender (LogUtils.java:warn(122)) - omNode-1@group-523986131536->omNode-2-AppendLogResponseHandler: Failed appendEntries: org.apache.ratis.thirdparty.io.grpc.StatusRuntimeException: UNAVAILABLE: io exception
2020-06-09 10:47:45,619 [grpc-default-executor-3] INFO  impl.FollowerInfo (FollowerInfo.java:lambda$new$0(51)) - omNode-1@group-523986131536->omNode-2: nextIndex: updateUnconditionally 382 -> 45
2020-06-09 10:47:45,624 [grpc-default-executor-2] WARN  server.GrpcLogAppender (LogUtils.java:warn(122)) - omNode-1@group-523986131536->omNode-2-AppendLogResponseHandler: Failed appendEntries: org.apache.ratis.thirdparty.io.grpc.StatusRuntimeException: UNAVAILABLE: io exception
2020-06-09 10:47:45,624 [grpc-default-executor-2] INFO  impl.FollowerInfo (FollowerInfo.java:lambda$new$0(51)) - omNode-1@group-523986131536->omNode-2: nextIndex: updateUnconditionally 383 -> 45
2020-06-09 10:47:45,627 [grpc-default-executor-3] WARN  server.GrpcLogAppender (LogUtils.java:warn(122)) - omNode-1@group-523986131536->omNode-2-AppendLogResponseHandler: Failed appendEntries: org.apache.ratis.thirdparty.io.grpc.StatusRuntimeException: UNAVAILABLE: io exception
2020-06-09 10:47:45,627 [grpc-default-executor-3] INFO  impl.FollowerInfo (FollowerInfo.java:lambda$new$0(51)) - omNode-1@group-523986131536->omNode-2: nextIndex: updateUnconditionally 384 -> 45
2020-06-09 10:47:45,634 [grpc-default-executor-5] WARN  server.GrpcLogAppender (LogUtils.java:warn(122)) - omNode-1@group-523986131536->omNode-2-AppendLogResponseHandler: Failed appendEntries: org.apache.ratis.thirdparty.io.grpc.StatusRuntimeException: UNAVAILABLE: io exception
2020-06-09 10:47:45,634 [grpc-default-executor-5] INFO  impl.FollowerInfo (FollowerInfo.java:lambda$new$0(51)) - omNode-1@group-523986131536->omNode-2: nextIndex: updateUnconditionally 385 -> 45
2020-06-09 10:47:45,641 [grpc-default-executor-5] WARN  server.GrpcLogAppender (LogUtils.java:warn(122)) - omNode-1@group-523986131536->omNode-2-AppendLogResponseHandler: Failed appendEntries: org.apache.ratis.thirdparty.io.grpc.StatusRuntimeException: UNAVAILABLE: io exception
2020-06-09 10:47:45,641 [grpc-default-executor-5] INFO  impl.FollowerInfo (FollowerInfo.java:lambda$new$0(51)) - omNode-1@group-523986131536->omNode-2: nextIndex: updateUnconditionally 386 -> 45
2020-06-09 10:47:45,647 [grpc-default-executor-3] WARN  server.GrpcLogAppender (LogUtils.java:warn(122)) - omNode-1@group-523986131536->omNode-2-AppendLogResponseHandler: Failed appendEntries: org.apache.ratis.thirdparty.io.grpc.StatusRuntimeException: UNAVAILABLE: io exception
2020-06-09 10:47:45,647 [grpc-default-executor-3] INFO  impl.FollowerInfo (FollowerInfo.java:lambda$new$0(51)) - omNode-1@group-523986131536->omNode-2: nextIndex: updateUnconditionally 387 -> 45
2020-06-09 10:47:45,651 [grpc-default-executor-2] WARN  server.GrpcLogAppender (LogUtils.java:warn(122)) - omNode-1@group-523986131536->omNode-2-AppendLogResponseHandler: Failed appendEntries: org.apache.ratis.thirdparty.io.grpc.StatusRuntimeException: UNAVAILABLE: io exception
2020-06-09 10:47:45,651 [grpc-default-executor-2] INFO  impl.FollowerInfo (FollowerInfo.java:lambda$new$0(51)) - omNode-1@group-523986131536->omNode-2: nextIndex: updateUnconditionally 387 -> 45
2020-06-09 10:47:45,654 [grpc-default-executor-5] WARN  server.GrpcLogAppender (LogUtils.java:warn(122)) - omNode-1@group-523986131536->omNode-2-AppendLogResponseHandler: Failed appendEntries: org.apache.ratis.thirdparty.io.grpc.StatusRuntimeException: UNAVAILABLE: io exception
2020-06-09 10:47:45,654 [grpc-default-executor-5] INFO  impl.FollowerInfo (FollowerInfo.java:lambda$new$0(51)) - omNode-1@group-523986131536->omNode-2: nextIndex: updateUnconditionally 388 -> 45
2020-06-09 10:47:45,657 [grpc-default-executor-2] WARN  server.GrpcLogAppender (LogUtils.java:warn(122)) - omNode-1@group-523986131536->omNode-2-AppendLogResponseHandler: Failed appendEntries: org.apache.ratis.thirdparty.io.grpc.StatusRuntimeException: UNAVAILABLE: io exception
2020-06-09 10:47:45,657 [grpc-default-executor-2] INFO  impl.FollowerInfo (FollowerInfo.java:lambda$new$0(51)) - omNode-1@group-523986131536->omNode-2: nextIndex: updateUnconditionally 389 -> 45
2020-06-09 10:47:45,660 [grpc-default-executor-2] WARN  server.GrpcLogAppender (LogUtils.java:warn(122)) - omNode-1@group-523986131536->omNode-2-AppendLogResponseHandler: Failed appendEntries: org.apache.ratis.thirdparty.io.grpc.StatusRuntimeException: UNAVAILABLE: io exception
2020-06-09 10:47:45,660 [grpc-default-executor-2] INFO  impl.FollowerInfo (FollowerInfo.java:lambda$new$0(51)) - omNode-1@group-523986131536->omNode-2: nextIndex: updateUnconditionally 390 -> 45
2020-06-09 10:47:45,662 [grpc-default-executor-2] WARN  server.GrpcLogAppender (LogUtils.java:warn(122)) - omNode-1@group-523986131536->omNode-2-AppendLogResponseHandler: Failed appendEntries: org.apache.ratis.thirdparty.io.grpc.StatusRuntimeException: UNAVAILABLE: io exception
2020-06-09 10:47:45,663 [grpc-default-executor-2] INFO  impl.FollowerInfo (FollowerInfo.java:lambda$new$0(51)) - omNode-1@group-523986131536->omNode-2: nextIndex: updateUnconditionally 390 -> 45
2020-06-09 10:47:45,664 [grpc-default-executor-2] WARN  server.GrpcLogAppender (LogUtils.java:warn(122)) - omNode-1@group-523986131536->omNode-2-AppendLogResponseHandler: Failed appendEntries: org.apache.ratis.thirdparty.io.grpc.StatusRuntimeException: UNAVAILABLE: io exception
2020-06-09 10:47:45,665 [grpc-default-executor-2] INFO  impl.FollowerInfo (FollowerInfo.java:lambda$new$0(51)) - omNode-1@group-523986131536->omNode-2: nextIndex: updateUnconditionally 390 -> 45
2020-06-09 10:47:45,668 [grpc-default-executor-2] WARN  server.GrpcLogAppender (LogUtils.java:warn(122)) - omNode-1@group-523986131536->omNode-2-AppendLogResponseHandler: Failed appendEntries: org.apache.ratis.thirdparty.io.grpc.StatusRuntimeException: UNAVAILABLE: io exception
2020-06-09 10:47:45,668 [grpc-default-executor-2] INFO  impl.FollowerInfo (FollowerInfo.java:lambda$new$0(51)) - omNode-1@group-523986131536->omNode-2: nextIndex: updateUnconditionally 390 -> 45
2020-06-09 10:47:45,670 [grpc-default-executor-3] WARN  server.GrpcLogAppender (LogUtils.java:warn(122)) - omNode-1@group-523986131536->omNode-2-AppendLogResponseHandler: Failed appendEntries: org.apache.ratis.thirdparty.io.grpc.StatusRuntimeException: UNAVAILABLE: io exception
2020-06-09 10:47:45,670 [grpc-default-executor-3] INFO  impl.FollowerInfo (FollowerInfo.java:lambda$new$0(51)) - omNode-1@group-523986131536->omNode-2: nextIndex: updateUnconditionally 390 -> 45
2020-06-09 10:47:45,674 [grpc-default-executor-3] WARN  server.GrpcLogAppender (LogUtils.java:warn(122)) - omNode-1@group-523986131536->omNode-2-AppendLogResponseHandler: Failed appendEntries: org.apache.ratis.thirdparty.io.grpc.StatusRuntimeException: UNAVAILABLE: io exception
2020-06-09 10:47:45,675 [grpc-default-executor-3] INFO  impl.FollowerInfo (FollowerInfo.java:lambda$new$0(51)) - omNode-1@group-523986131536->omNode-2: nextIndex: updateUnconditionally 391 -> 45
2020-06-09 10:47:45,677 [grpc-default-executor-5] WARN  server.GrpcLogAppender (LogUtils.java:warn(122)) - omNode-1@group-523986131536->omNode-2-AppendLogResponseHandler: Failed appendEntries: org.apache.ratis.thirdparty.io.grpc.StatusRuntimeException: UNAVAILABLE: io exception
2020-06-09 10:47:45,677 [grpc-default-executor-5] INFO  impl.FollowerInfo (FollowerInfo.java:lambda$new$0(51)) - omNode-1@group-523986131536->omNode-2: nextIndex: updateUnconditionally 391 -> 45
2020-06-09 10:47:45,683 [grpc-default-executor-5] WARN  server.GrpcLogAppender (LogUtils.java:warn(122)) - omNode-1@group-523986131536->omNode-2-AppendLogResponseHandler: Failed appendEntries: org.apache.ratis.thirdparty.io.grpc.StatusRuntimeException: UNAVAILABLE: io exception
2020-06-09 10:47:45,683 [grpc-default-executor-5] INFO  impl.FollowerInfo (FollowerInfo.java:lambda$new$0(51)) - omNode-1@group-523986131536->omNode-2: nextIndex: updateUnconditionally 392 -> 45
2020-06-09 10:47:45,690 [grpc-default-executor-5] WARN  server.GrpcLogAppender (LogUtils.java:warn(122)) - omNode-1@group-523986131536->omNode-2-AppendLogResponseHandler: Failed appendEntries: org.apache.ratis.thirdparty.io.grpc.StatusRuntimeException: UNAVAILABLE: io exception
2020-06-09 10:47:45,690 [grpc-default-executor-5] INFO  impl.FollowerInfo (FollowerInfo.java:lambda$new$0(51)) - omNode-1@group-523986131536->omNode-2: nextIndex: updateUnconditionally 393 -> 45
2020-06-09 10:47:45,695 [grpc-default-executor-4] WARN  server.GrpcLogAppender (LogUtils.java:warn(122)) - omNode-1@group-523986131536->omNode-2-AppendLogResponseHandler: Failed appendEntries: org.apache.ratis.thirdparty.io.grpc.StatusRuntimeException: UNAVAILABLE: io exception
2020-06-09 10:47:45,695 [grpc-default-executor-4] INFO  impl.FollowerInfo (FollowerInfo.java:lambda$new$0(51)) - omNode-1@group-523986131536->omNode-2: nextIndex: updateUnconditionally 395 -> 45
2020-06-09 10:47:45,700 [grpc-default-executor-3] WARN  server.GrpcLogAppender (LogUtils.java:warn(122)) - omNode-1@group-523986131536->omNode-2-AppendLogResponseHandler: Failed appendEntries: org.apache.ratis.thirdparty.io.grpc.StatusRuntimeException: UNAVAILABLE: io exception
2020-06-09 10:47:45,700 [grpc-default-executor-3] INFO  impl.FollowerInfo (FollowerInfo.java:lambda$new$0(51)) - omNode-1@group-523986131536->omNode-2: nextIndex: updateUnconditionally 396 -> 45
2020-06-09 10:47:45,710 [grpc-default-executor-5] WARN  server.GrpcLogAppender (LogUtils.java:warn(122)) - omNode-1@group-523986131536->omNode-2-AppendLogResponseHandler: Failed appendEntries: org.apache.ratis.thirdparty.io.grpc.StatusRuntimeException: UNAVAILABLE: io exception
2020-06-09 10:47:45,711 [grpc-default-executor-5] INFO  impl.FollowerInfo (FollowerInfo.java:lambda$new$0(51)) - omNode-1@group-523986131536->omNode-2: nextIndex: updateUnconditionally 397 -> 45
2020-06-09 10:47:45,714 [grpc-default-executor-3] WARN  server.GrpcLogAppender (LogUtils.java:warn(122)) - omNode-1@group-523986131536->omNode-2-AppendLogResponseHandler: Failed appendEntries: org.apache.ratis.thirdparty.io.grpc.StatusRuntimeException: UNAVAILABLE: io exception
2020-06-09 10:47:45,714 [grpc-default-executor-3] INFO  impl.FollowerInfo (FollowerInfo.java:lambda$new$0(51)) - omNode-1@group-523986131536->omNode-2: nextIndex: updateUnconditionally 398 -> 45
2020-06-09 10:47:45,717 [grpc-default-executor-3] WARN  server.GrpcLogAppender (LogUtils.java:warn(122)) - omNode-1@group-523986131536->omNode-2-AppendLogResponseHandler: Failed appendEntries: org.apache.ratis.thirdparty.io.grpc.StatusRuntimeException: UNAVAILABLE: io exception
2020-06-09 10:47:45,717 [grpc-default-executor-3] INFO  impl.FollowerInfo (FollowerInfo.java:lambda$new$0(51)) - omNode-1@group-523986131536->omNode-2: nextIndex: updateUnconditionally 399 -> 45
2020-06-09 10:47:45,719 [grpc-default-executor-3] WARN  server.GrpcLogAppender (LogUtils.java:warn(122)) - omNode-1@group-523986131536->omNode-2-AppendLogResponseHandler: Failed appendEntries: org.apache.ratis.thirdparty.io.grpc.StatusRuntimeException: UNAVAILABLE: io exception
2020-06-09 10:47:45,719 [grpc-default-executor-3] INFO  impl.FollowerInfo (FollowerInfo.java:lambda$new$0(51)) - omNode-1@group-523986131536->omNode-2: nextIndex: updateUnconditionally 399 -> 45
2020-06-09 10:47:45,722 [omNode-1@group-523986131536-StateMachineUpdater] INFO  ratis.OzoneManagerStateMachine (OzoneManagerStateMachine.java:takeSnapshot(350)) - Saving Ratis snapshot on the OM.
2020-06-09 10:47:45,722 [grpc-default-executor-3] WARN  server.GrpcLogAppender (LogUtils.java:warn(122)) - omNode-1@group-523986131536->omNode-2-AppendLogResponseHandler: Failed appendEntries: org.apache.ratis.thirdparty.io.grpc.StatusRuntimeException: UNAVAILABLE: io exception
2020-06-09 10:47:45,722 [grpc-default-executor-3] INFO  impl.FollowerInfo (FollowerInfo.java:lambda$new$0(51)) - omNode-1@group-523986131536->omNode-2: nextIndex: updateUnconditionally 399 -> 45
2020-06-09 10:47:45,722 [omNode-1@group-523986131536-StateMachineUpdater] INFO  ratis.OMRatisSnapshotInfo (OMRatisSnapshotInfo.java:saveRatisSnapshotToDisk(105)) - Saved Ratis Snapshot on the OM with snapshotIndex (t:1, i:398)
2020-06-09 10:47:45,722 [omNode-1@group-523986131536-StateMachineUpdater] INFO  impl.StateMachineUpdater (StateMachineUpdater.java:takeSnapshot(277)) - omNode-1@group-523986131536-StateMachineUpdater: Took a snapshot at index 398
2020-06-09 10:47:45,722 [omNode-1@group-523986131536-StateMachineUpdater] INFO  impl.StateMachineUpdater (StateMachineUpdater.java:lambda$new$0(87)) - omNode-1@group-523986131536-StateMachineUpdater: snapshotIndex: updateIncreasingly 348 -> 398
2020-06-09 10:47:45,724 [grpc-default-executor-3] WARN  server.GrpcLogAppender (LogUtils.java:warn(122)) - omNode-1@group-523986131536->omNode-2-AppendLogResponseHandler: Failed appendEntries: org.apache.ratis.thirdparty.io.grpc.StatusRuntimeException: UNAVAILABLE: io exception
2020-06-09 10:47:45,724 [grpc-default-executor-3] INFO  impl.FollowerInfo (FollowerInfo.java:lambda$new$0(51)) - omNode-1@group-523986131536->omNode-2: nextIndex: updateUnconditionally 399 -> 45
2020-06-09 10:47:45,726 [grpc-default-executor-3] WARN  server.GrpcLogAppender (LogUtils.java:warn(122)) - omNode-1@group-523986131536->omNode-2-AppendLogResponseHandler: Failed appendEntries: org.apache.ratis.thirdparty.io.grpc.StatusRuntimeException: UNAVAILABLE: io exception
2020-06-09 10:47:45,726 [grpc-default-executor-3] INFO  impl.FollowerInfo (FollowerInfo.java:lambda$new$0(51)) - omNode-1@group-523986131536->omNode-2: nextIndex: updateUnconditionally 399 -> 45
2020-06-09 10:47:45,729 [grpc-default-executor-3] WARN  server.GrpcLogAppender (LogUtils.java:warn(122)) - omNode-1@group-523986131536->omNode-2-AppendLogResponseHandler: Failed appendEntries: org.apache.ratis.thirdparty.io.grpc.StatusRuntimeException: UNAVAILABLE: io exception
2020-06-09 10:47:45,729 [grpc-default-executor-3] INFO  impl.FollowerInfo (FollowerInfo.java:lambda$new$0(51)) - omNode-1@group-523986131536->omNode-2: nextIndex: updateUnconditionally 399 -> 45
2020-06-09 10:47:45,732 [grpc-default-executor-5] WARN  server.GrpcLogAppender (LogUtils.java:warn(122)) - omNode-1@group-523986131536->omNode-2-AppendLogResponseHandler: Failed appendEntries: org.apache.ratis.thirdparty.io.grpc.StatusRuntimeException: UNAVAILABLE: io exception
2020-06-09 10:47:45,732 [grpc-default-executor-5] INFO  impl.FollowerInfo (FollowerInfo.java:lambda$new$0(51)) - omNode-1@group-523986131536->omNode-2: nextIndex: updateUnconditionally 399 -> 45
2020-06-09 10:47:45,734 [grpc-default-executor-5] WARN  server.GrpcLogAppender (LogUtils.java:warn(122)) - omNode-1@group-523986131536->omNode-2-AppendLogResponseHandler: Failed appendEntries: org.apache.ratis.thirdparty.io.grpc.StatusRuntimeException: UNAVAILABLE: io exception
2020-06-09 10:47:45,734 [grpc-default-executor-5] INFO  impl.FollowerInfo (FollowerInfo.java:lambda$new$0(51)) - omNode-1@group-523986131536->omNode-2: nextIndex: updateUnconditionally 400 -> 45
2020-06-09 10:47:45,738 [grpc-default-executor-5] WARN  server.GrpcLogAppender (LogUtils.java:warn(122)) - omNode-1@group-523986131536->omNode-2-AppendLogResponseHandler: Failed appendEntries: org.apache.ratis.thirdparty.io.grpc.StatusRuntimeException: UNAVAILABLE: io exception
2020-06-09 10:47:45,738 [grpc-default-executor-5] INFO  impl.FollowerInfo (FollowerInfo.java:lambda$new$0(51)) - omNode-1@group-523986131536->omNode-2: nextIndex: updateUnconditionally 401 -> 45
2020-06-09 10:47:45,740 [omNode-3@group-523986131536-StateMachineUpdater] INFO  ratis.OzoneManagerStateMachine (OzoneManagerStateMachine.java:takeSnapshot(350)) - Saving Ratis snapshot on the OM.
2020-06-09 10:47:45,740 [omNode-3@group-523986131536-StateMachineUpdater] INFO  ratis.OMRatisSnapshotInfo (OMRatisSnapshotInfo.java:saveRatisSnapshotToDisk(105)) - Saved Ratis Snapshot on the OM with snapshotIndex (t:1, i:398)
2020-06-09 10:47:45,740 [omNode-3@group-523986131536-StateMachineUpdater] INFO  impl.StateMachineUpdater (StateMachineUpdater.java:takeSnapshot(277)) - omNode-3@group-523986131536-StateMachineUpdater: Took a snapshot at index 398
2020-06-09 10:47:45,740 [omNode-3@group-523986131536-StateMachineUpdater] INFO  impl.StateMachineUpdater (StateMachineUpdater.java:lambda$new$0(87)) - omNode-3@group-523986131536-StateMachineUpdater: snapshotIndex: updateIncreasingly 349 -> 398
2020-06-09 10:47:45,742 [grpc-default-executor-3] WARN  server.GrpcLogAppender (LogUtils.java:warn(122)) - omNode-1@group-523986131536->omNode-2-AppendLogResponseHandler: Failed appendEntries: org.apache.ratis.thirdparty.io.grpc.StatusRuntimeException: UNAVAILABLE: io exception
2020-06-09 10:47:45,742 [grpc-default-executor-3] INFO  impl.FollowerInfo (FollowerInfo.java:lambda$new$0(51)) - omNode-1@group-523986131536->omNode-2: nextIndex: updateUnconditionally 402 -> 45
2020-06-09 10:47:45,750 [grpc-default-executor-2] WARN  server.GrpcLogAppender (LogUtils.java:warn(122)) - omNode-1@group-523986131536->omNode-2-AppendLogResponseHandler: Failed appendEntries: org.apache.ratis.thirdparty.io.grpc.StatusRuntimeException: UNAVAILABLE: io exception
2020-06-09 10:47:45,750 [grpc-default-executor-2] INFO  impl.FollowerInfo (FollowerInfo.java:lambda$new$0(51)) - omNode-1@group-523986131536->omNode-2: nextIndex: updateUnconditionally 403 -> 45
2020-06-09 10:47:45,754 [grpc-default-executor-5] WARN  server.GrpcLogAppender (LogUtils.java:warn(122)) - omNode-1@group-523986131536->omNode-2-AppendLogResponseHandler: Failed appendEntries: org.apache.ratis.thirdparty.io.grpc.StatusRuntimeException: UNAVAILABLE: io exception
2020-06-09 10:47:45,755 [grpc-default-executor-5] INFO  impl.FollowerInfo (FollowerInfo.java:lambda$new$0(51)) - omNode-1@group-523986131536->omNode-2: nextIndex: updateUnconditionally 404 -> 45
2020-06-09 10:47:45,759 [grpc-default-executor-2] WARN  server.GrpcLogAppender (LogUtils.java:warn(122)) - omNode-1@group-523986131536->omNode-2-AppendLogResponseHandler: Failed appendEntries: org.apache.ratis.thirdparty.io.grpc.StatusRuntimeException: UNAVAILABLE: io exception
2020-06-09 10:47:45,759 [grpc-default-executor-2] INFO  impl.FollowerInfo (FollowerInfo.java:lambda$new$0(51)) - omNode-1@group-523986131536->omNode-2: nextIndex: updateUnconditionally 405 -> 45
2020-06-09 10:47:45,761 [grpc-default-executor-3] WARN  server.GrpcLogAppender (LogUtils.java:warn(122)) - omNode-1@group-523986131536->omNode-2-AppendLogResponseHandler: Failed appendEntries: org.apache.ratis.thirdparty.io.grpc.StatusRuntimeException: UNAVAILABLE: io exception
2020-06-09 10:47:45,761 [grpc-default-executor-3] INFO  impl.FollowerInfo (FollowerInfo.java:lambda$new$0(51)) - omNode-1@group-523986131536->omNode-2: nextIndex: updateUnconditionally 406 -> 45
2020-06-09 10:47:45,765 [grpc-default-executor-3] WARN  server.GrpcLogAppender (LogUtils.java:warn(122)) - omNode-1@group-523986131536->omNode-2-AppendLogResponseHandler: Failed appendEntries: org.apache.ratis.thirdparty.io.grpc.StatusRuntimeException: UNAVAILABLE: io exception
2020-06-09 10:47:45,765 [grpc-default-executor-3] INFO  impl.FollowerInfo (FollowerInfo.java:lambda$new$0(51)) - omNode-1@group-523986131536->omNode-2: nextIndex: updateUnconditionally 406 -> 45
2020-06-09 10:47:45,770 [grpc-default-executor-5] WARN  server.GrpcLogAppender (LogUtils.java:warn(122)) - omNode-1@group-523986131536->omNode-2-AppendLogResponseHandler: Failed appendEntries: org.apache.ratis.thirdparty.io.grpc.StatusRuntimeException: UNAVAILABLE: io exception
2020-06-09 10:47:45,770 [grpc-default-executor-5] INFO  impl.FollowerInfo (FollowerInfo.java:lambda$new$0(51)) - omNode-1@group-523986131536->omNode-2: nextIndex: updateUnconditionally 407 -> 45
2020-06-09 10:47:45,778 [grpc-default-executor-2] WARN  server.GrpcLogAppender (LogUtils.java:warn(122)) - omNode-1@group-523986131536->omNode-2-AppendLogResponseHandler: Failed appendEntries: org.apache.ratis.thirdparty.io.grpc.StatusRuntimeException: UNAVAILABLE: io exception
2020-06-09 10:47:45,778 [grpc-default-executor-2] INFO  impl.FollowerInfo (FollowerInfo.java:lambda$new$0(51)) - omNode-1@group-523986131536->omNode-2: nextIndex: updateUnconditionally 407 -> 45
2020-06-09 10:47:45,781 [grpc-default-executor-2] WARN  server.GrpcLogAppender (LogUtils.java:warn(122)) - omNode-1@group-523986131536->omNode-2-AppendLogResponseHandler: Failed appendEntries: org.apache.ratis.thirdparty.io.grpc.StatusRuntimeException: UNAVAILABLE: io exception
2020-06-09 10:47:45,781 [grpc-default-executor-2] INFO  impl.FollowerInfo (FollowerInfo.java:lambda$new$0(51)) - omNode-1@group-523986131536->omNode-2: nextIndex: updateUnconditionally 407 -> 45
2020-06-09 10:47:45,783 [grpc-default-executor-2] WARN  server.GrpcLogAppender (LogUtils.java:warn(122)) - omNode-1@group-523986131536->omNode-2-AppendLogResponseHandler: Failed appendEntries: org.apache.ratis.thirdparty.io.grpc.StatusRuntimeException: UNAVAILABLE: io exception
2020-06-09 10:47:45,783 [grpc-default-executor-2] INFO  impl.FollowerInfo (FollowerInfo.java:lambda$new$0(51)) - omNode-1@group-523986131536->omNode-2: nextIndex: updateUnconditionally 408 -> 45
2020-06-09 10:47:45,785 [grpc-default-executor-2] WARN  server.GrpcLogAppender (LogUtils.java:warn(122)) - omNode-1@group-523986131536->omNode-2-AppendLogResponseHandler: Failed appendEntries: org.apache.ratis.thirdparty.io.grpc.StatusRuntimeException: UNAVAILABLE: io exception
2020-06-09 10:47:45,786 [grpc-default-executor-2] INFO  impl.FollowerInfo (FollowerInfo.java:lambda$new$0(51)) - omNode-1@group-523986131536->omNode-2: nextIndex: updateUnconditionally 408 -> 45
2020-06-09 10:47:45,790 [grpc-default-executor-2] WARN  server.GrpcLogAppender (LogUtils.java:warn(122)) - omNode-1@group-523986131536->omNode-2-AppendLogResponseHandler: Failed appendEntries: org.apache.ratis.thirdparty.io.grpc.StatusRuntimeException: UNAVAILABLE: io exception
2020-06-09 10:47:45,790 [grpc-default-executor-2] INFO  impl.FollowerInfo (FollowerInfo.java:lambda$new$0(51)) - omNode-1@group-523986131536->omNode-2: nextIndex: updateUnconditionally 408 -> 45
2020-06-09 10:47:45,795 [grpc-default-executor-5] WARN  server.GrpcLogAppender (LogUtils.java:warn(122)) - omNode-1@group-523986131536->omNode-2-AppendLogResponseHandler: Failed appendEntries: org.apache.ratis.thirdparty.io.grpc.StatusRuntimeException: UNAVAILABLE: io exception
2020-06-09 10:47:45,795 [grpc-default-executor-5] INFO  impl.FollowerInfo (FollowerInfo.java:lambda$new$0(51)) - omNode-1@group-523986131536->omNode-2: nextIndex: updateUnconditionally 409 -> 45
2020-06-09 10:47:45,800 [grpc-default-executor-5] WARN  server.GrpcLogAppender (LogUtils.java:warn(122)) - omNode-1@group-523986131536->omNode-2-AppendLogResponseHandler: Failed appendEntries: org.apache.ratis.thirdparty.io.grpc.StatusRuntimeException: UNAVAILABLE: io exception
2020-06-09 10:47:45,800 [grpc-default-executor-5] INFO  impl.FollowerInfo (FollowerInfo.java:lambda$new$0(51)) - omNode-1@group-523986131536->omNode-2: nextIndex: updateUnconditionally 411 -> 45
2020-06-09 10:47:45,807 [grpc-default-executor-2] WARN  server.GrpcLogAppender (LogUtils.java:warn(122)) - omNode-1@group-523986131536->omNode-2-AppendLogResponseHandler: Failed appendEntries: org.apache.ratis.thirdparty.io.grpc.StatusRuntimeException: UNAVAILABLE: io exception
2020-06-09 10:47:45,807 [grpc-default-executor-2] INFO  impl.FollowerInfo (FollowerInfo.java:lambda$new$0(51)) - omNode-1@group-523986131536->omNode-2: nextIndex: updateUnconditionally 412 -> 45
2020-06-09 10:47:45,811 [grpc-default-executor-2] WARN  server.GrpcLogAppender (LogUtils.java:warn(122)) - omNode-1@group-523986131536->omNode-2-AppendLogResponseHandler: Failed appendEntries: org.apache.ratis.thirdparty.io.grpc.StatusRuntimeException: UNAVAILABLE: io exception
2020-06-09 10:47:45,812 [grpc-default-executor-2] INFO  impl.FollowerInfo (FollowerInfo.java:lambda$new$0(51)) - omNode-1@group-523986131536->omNode-2: nextIndex: updateUnconditionally 413 -> 45
2020-06-09 10:47:45,815 [grpc-default-executor-5] WARN  server.GrpcLogAppender (LogUtils.java:warn(122)) - omNode-1@group-523986131536->omNode-2-AppendLogResponseHandler: Failed appendEntries: org.apache.ratis.thirdparty.io.grpc.StatusRuntimeException: UNAVAILABLE: io exception
2020-06-09 10:47:45,815 [grpc-default-executor-5] INFO  impl.FollowerInfo (FollowerInfo.java:lambda$new$0(51)) - omNode-1@group-523986131536->omNode-2: nextIndex: updateUnconditionally 415 -> 45
2020-06-09 10:47:45,818 [grpc-default-executor-5] WARN  server.GrpcLogAppender (LogUtils.java:warn(122)) - omNode-1@group-523986131536->omNode-2-AppendLogResponseHandler: Failed appendEntries: org.apache.ratis.thirdparty.io.grpc.StatusRuntimeException: UNAVAILABLE: io exception
2020-06-09 10:47:45,819 [grpc-default-executor-5] INFO  impl.FollowerInfo (FollowerInfo.java:lambda$new$0(51)) - omNode-1@group-523986131536->omNode-2: nextIndex: updateUnconditionally 415 -> 45
2020-06-09 10:47:45,821 [grpc-default-executor-5] WARN  server.GrpcLogAppender (LogUtils.java:warn(122)) - omNode-1@group-523986131536->omNode-2-AppendLogResponseHandler: Failed appendEntries: org.apache.ratis.thirdparty.io.grpc.StatusRuntimeException: UNAVAILABLE: io exception
2020-06-09 10:47:45,821 [grpc-default-executor-5] INFO  impl.FollowerInfo (FollowerInfo.java:lambda$new$0(51)) - omNode-1@group-523986131536->omNode-2: nextIndex: updateUnconditionally 415 -> 45
2020-06-09 10:47:45,823 [grpc-default-executor-5] WARN  server.GrpcLogAppender (LogUtils.java:warn(122)) - omNode-1@group-523986131536->omNode-2-AppendLogResponseHandler: Failed appendEntries: org.apache.ratis.thirdparty.io.grpc.StatusRuntimeException: UNAVAILABLE: io exception
2020-06-09 10:47:45,823 [grpc-default-executor-5] INFO  impl.FollowerInfo (FollowerInfo.java:lambda$new$0(51)) - omNode-1@group-523986131536->omNode-2: nextIndex: updateUnconditionally 415 -> 45
2020-06-09 10:47:45,825 [grpc-default-executor-5] WARN  server.GrpcLogAppender (LogUtils.java:warn(122)) - omNode-1@group-523986131536->omNode-2-AppendLogResponseHandler: Failed appendEntries: org.apache.ratis.thirdparty.io.grpc.StatusRuntimeException: UNAVAILABLE: io exception
2020-06-09 10:47:45,825 [grpc-default-executor-5] INFO  impl.FollowerInfo (FollowerInfo.java:lambda$new$0(51)) - omNode-1@group-523986131536->omNode-2: nextIndex: updateUnconditionally 415 -> 45
2020-06-09 10:47:45,827 [grpc-default-executor-5] WARN  server.GrpcLogAppender (LogUtils.java:warn(122)) - omNode-1@group-523986131536->omNode-2-AppendLogResponseHandler: Failed appendEntries: org.apache.ratis.thirdparty.io.grpc.StatusRuntimeException: UNAVAILABLE: io exception
2020-06-09 10:47:45,827 [grpc-default-executor-5] INFO  impl.FollowerInfo (FollowerInfo.java:lambda$new$0(51)) - omNode-1@group-523986131536->omNode-2: nextIndex: updateUnconditionally 415 -> 45
2020-06-09 10:47:45,829 [grpc-default-executor-5] WARN  server.GrpcLogAppender (LogUtils.java:warn(122)) - omNode-1@group-523986131536->omNode-2-AppendLogResponseHandler: Failed appendEntries: org.apache.ratis.thirdparty.io.grpc.StatusRuntimeException: UNAVAILABLE: io exception
2020-06-09 10:47:45,829 [grpc-default-executor-5] INFO  impl.FollowerInfo (FollowerInfo.java:lambda$new$0(51)) - omNode-1@group-523986131536->omNode-2: nextIndex: updateUnconditionally 415 -> 45
2020-06-09 10:47:45,834 [grpc-default-executor-5] WARN  server.GrpcLogAppender (LogUtils.java:warn(122)) - omNode-1@group-523986131536->omNode-2-AppendLogResponseHandler: Failed appendEntries: org.apache.ratis.thirdparty.io.grpc.StatusRuntimeException: UNAVAILABLE: io exception
2020-06-09 10:47:45,834 [grpc-default-executor-5] INFO  impl.FollowerInfo (FollowerInfo.java:lambda$new$0(51)) - omNode-1@group-523986131536->omNode-2: nextIndex: updateUnconditionally 415 -> 45
2020-06-09 10:47:45,837 [grpc-default-executor-5] WARN  server.GrpcLogAppender (LogUtils.java:warn(122)) - omNode-1@group-523986131536->omNode-2-AppendLogResponseHandler: Failed appendEntries: org.apache.ratis.thirdparty.io.grpc.StatusRuntimeException: UNAVAILABLE: io exception
2020-06-09 10:47:45,837 [grpc-default-executor-5] INFO  impl.FollowerInfo (FollowerInfo.java:lambda$new$0(51)) - omNode-1@group-523986131536->omNode-2: nextIndex: updateUnconditionally 416 -> 45
2020-06-09 10:47:45,839 [grpc-default-executor-5] WARN  server.GrpcLogAppender (LogUtils.java:warn(122)) - omNode-1@group-523986131536->omNode-2-AppendLogResponseHandler: Failed appendEntries: org.apache.ratis.thirdparty.io.grpc.StatusRuntimeException: UNAVAILABLE: io exception
2020-06-09 10:47:45,839 [grpc-default-executor-5] INFO  impl.FollowerInfo (FollowerInfo.java:lambda$new$0(51)) - omNode-1@group-523986131536->omNode-2: nextIndex: updateUnconditionally 416 -> 45
2020-06-09 10:47:45,843 [grpc-default-executor-5] WARN  server.GrpcLogAppender (LogUtils.java:warn(122)) - omNode-1@group-523986131536->omNode-2-AppendLogResponseHandler: Failed appendEntries: org.apache.ratis.thirdparty.io.grpc.StatusRuntimeException: UNAVAILABLE: io exception
2020-06-09 10:47:45,843 [grpc-default-executor-5] INFO  impl.FollowerInfo (FollowerInfo.java:lambda$new$0(51)) - omNode-1@group-523986131536->omNode-2: nextIndex: updateUnconditionally 416 -> 45
2020-06-09 10:47:45,847 [grpc-default-executor-5] WARN  server.GrpcLogAppender (LogUtils.java:warn(122)) - omNode-1@group-523986131536->omNode-2-AppendLogResponseHandler: Failed appendEntries: org.apache.ratis.thirdparty.io.grpc.StatusRuntimeException: UNAVAILABLE: io exception
2020-06-09 10:47:45,847 [grpc-default-executor-5] INFO  impl.FollowerInfo (FollowerInfo.java:lambda$new$0(51)) - omNode-1@group-523986131536->omNode-2: nextIndex: updateUnconditionally 417 -> 45
2020-06-09 10:47:45,850 [grpc-default-executor-5] WARN  server.GrpcLogAppender (LogUtils.java:warn(122)) - omNode-1@group-523986131536->omNode-2-AppendLogResponseHandler: Failed appendEntries: org.apache.ratis.thirdparty.io.grpc.StatusRuntimeException: UNAVAILABLE: io exception
2020-06-09 10:47:45,850 [grpc-default-executor-5] INFO  impl.FollowerInfo (FollowerInfo.java:lambda$new$0(51)) - omNode-1@group-523986131536->omNode-2: nextIndex: updateUnconditionally 418 -> 45
2020-06-09 10:47:45,852 [grpc-default-executor-5] WARN  server.GrpcLogAppender (LogUtils.java:warn(122)) - omNode-1@group-523986131536->omNode-2-AppendLogResponseHandler: Failed appendEntries: org.apache.ratis.thirdparty.io.grpc.StatusRuntimeException: UNAVAILABLE: io exception
2020-06-09 10:47:45,852 [grpc-default-executor-5] INFO  impl.FollowerInfo (FollowerInfo.java:lambda$new$0(51)) - omNode-1@group-523986131536->omNode-2: nextIndex: updateUnconditionally 418 -> 45
2020-06-09 10:47:45,855 [grpc-default-executor-5] WARN  server.GrpcLogAppender (LogUtils.java:warn(122)) - omNode-1@group-523986131536->omNode-2-AppendLogResponseHandler: Failed appendEntries: org.apache.ratis.thirdparty.io.grpc.StatusRuntimeException: UNAVAILABLE: io exception
2020-06-09 10:47:45,855 [grpc-default-executor-5] INFO  impl.FollowerInfo (FollowerInfo.java:lambda$new$0(51)) - omNode-1@group-523986131536->omNode-2: nextIndex: updateUnconditionally 418 -> 45
2020-06-09 10:47:45,859 [grpc-default-executor-2] WARN  server.GrpcLogAppender (LogUtils.java:warn(122)) - omNode-1@group-523986131536->omNode-2-AppendLogResponseHandler: Failed appendEntries: org.apache.ratis.thirdparty.io.grpc.StatusRuntimeException: UNAVAILABLE: io exception
2020-06-09 10:47:45,859 [grpc-default-executor-2] INFO  impl.FollowerInfo (FollowerInfo.java:lambda$new$0(51)) - omNode-1@group-523986131536->omNode-2: nextIndex: updateUnconditionally 419 -> 45
2020-06-09 10:47:45,861 [grpc-default-executor-2] WARN  server.GrpcLogAppender (LogUtils.java:warn(122)) - omNode-1@group-523986131536->omNode-2-AppendLogResponseHandler: Failed appendEntries: org.apache.ratis.thirdparty.io.grpc.StatusRuntimeException: UNAVAILABLE: io exception
2020-06-09 10:47:45,861 [grpc-default-executor-2] INFO  impl.FollowerInfo (FollowerInfo.java:lambda$new$0(51)) - omNode-1@group-523986131536->omNode-2: nextIndex: updateUnconditionally 419 -> 45
2020-06-09 10:47:45,863 [grpc-default-executor-2] WARN  server.GrpcLogAppender (LogUtils.java:warn(122)) - omNode-1@group-523986131536->omNode-2-AppendLogResponseHandler: Failed appendEntries: org.apache.ratis.thirdparty.io.grpc.StatusRuntimeException: UNAVAILABLE: io exception
2020-06-09 10:47:45,863 [grpc-default-executor-2] INFO  impl.FollowerInfo (FollowerInfo.java:lambda$new$0(51)) - omNode-1@group-523986131536->omNode-2: nextIndex: updateUnconditionally 419 -> 45
2020-06-09 10:47:45,866 [grpc-default-executor-2] WARN  server.GrpcLogAppender (LogUtils.java:warn(122)) - omNode-1@group-523986131536->omNode-2-AppendLogResponseHandler: Failed appendEntries: org.apache.ratis.thirdparty.io.grpc.StatusRuntimeException: UNAVAILABLE: io exception
2020-06-09 10:47:45,866 [grpc-default-executor-2] INFO  impl.FollowerInfo (FollowerInfo.java:lambda$new$0(51)) - omNode-1@group-523986131536->omNode-2: nextIndex: updateUnconditionally 419 -> 45
2020-06-09 10:47:45,868 [grpc-default-executor-2] WARN  server.GrpcLogAppender (LogUtils.java:warn(122)) - omNode-1@group-523986131536->omNode-2-AppendLogResponseHandler: Failed appendEntries: org.apache.ratis.thirdparty.io.grpc.StatusRuntimeException: UNAVAILABLE: io exception
2020-06-09 10:47:45,868 [grpc-default-executor-2] INFO  impl.FollowerInfo (FollowerInfo.java:lambda$new$0(51)) - omNode-1@group-523986131536->omNode-2: nextIndex: updateUnconditionally 419 -> 45
2020-06-09 10:47:45,872 [grpc-default-executor-2] WARN  server.GrpcLogAppender (LogUtils.java:warn(122)) - omNode-1@group-523986131536->omNode-2-AppendLogResponseHandler: Failed appendEntries: org.apache.ratis.thirdparty.io.grpc.StatusRuntimeException: UNAVAILABLE: io exception
2020-06-09 10:47:45,873 [grpc-default-executor-2] INFO  impl.FollowerInfo (FollowerInfo.java:lambda$new$0(51)) - omNode-1@group-523986131536->omNode-2: nextIndex: updateUnconditionally 419 -> 45
2020-06-09 10:47:45,875 [grpc-default-executor-2] WARN  server.GrpcLogAppender (LogUtils.java:warn(122)) - omNode-1@group-523986131536->omNode-2-AppendLogResponseHandler: Failed appendEntries: org.apache.ratis.thirdparty.io.grpc.StatusRuntimeException: UNAVAILABLE: io exception
2020-06-09 10:47:45,875 [grpc-default-executor-2] INFO  impl.FollowerInfo (FollowerInfo.java:lambda$new$0(51)) - omNode-1@group-523986131536->omNode-2: nextIndex: updateUnconditionally 420 -> 45
2020-06-09 10:47:45,876 [grpc-default-executor-2] WARN  server.GrpcLogAppender (LogUtils.java:warn(122)) - omNode-1@group-523986131536->omNode-2-AppendLogResponseHandler: Failed appendEntries: org.apache.ratis.thirdparty.io.grpc.StatusRuntimeException: UNAVAILABLE: io exception
2020-06-09 10:47:45,877 [grpc-default-executor-2] INFO  impl.FollowerInfo (FollowerInfo.java:lambda$new$0(51)) - omNode-1@group-523986131536->omNode-2: nextIndex: updateUnconditionally 420 -> 45
2020-06-09 10:47:45,879 [grpc-default-executor-2] WARN  server.GrpcLogAppender (LogUtils.java:warn(122)) - omNode-1@group-523986131536->omNode-2-AppendLogResponseHandler: Failed appendEntries: org.apache.ratis.thirdparty.io.grpc.StatusRuntimeException: UNAVAILABLE: io exception
2020-06-09 10:47:45,879 [grpc-default-executor-2] INFO  impl.FollowerInfo (FollowerInfo.java:lambda$new$0(51)) - omNode-1@group-523986131536->omNode-2: nextIndex: updateUnconditionally 420 -> 45
2020-06-09 10:47:45,881 [grpc-default-executor-2] WARN  server.GrpcLogAppender (LogUtils.java:warn(122)) - omNode-1@group-523986131536->omNode-2-AppendLogResponseHandler: Failed appendEntries: org.apache.ratis.thirdparty.io.grpc.StatusRuntimeException: UNAVAILABLE: io exception
2020-06-09 10:47:45,881 [grpc-default-executor-2] INFO  impl.FollowerInfo (FollowerInfo.java:lambda$new$0(51)) - omNode-1@group-523986131536->omNode-2: nextIndex: updateUnconditionally 420 -> 45
2020-06-09 10:47:45,884 [grpc-default-executor-2] WARN  server.GrpcLogAppender (LogUtils.java:warn(122)) - omNode-1@group-523986131536->omNode-2-AppendLogResponseHandler: Failed appendEntries: org.apache.ratis.thirdparty.io.grpc.StatusRuntimeException: UNAVAILABLE: io exception
2020-06-09 10:47:45,884 [grpc-default-executor-2] INFO  impl.FollowerInfo (FollowerInfo.java:lambda$new$0(51)) - omNode-1@group-523986131536->omNode-2: nextIndex: updateUnconditionally 420 -> 45
2020-06-09 10:47:45,888 [grpc-default-executor-2] WARN  server.GrpcLogAppender (LogUtils.java:warn(122)) - omNode-1@group-523986131536->omNode-2-AppendLogResponseHandler: Failed appendEntries: org.apache.ratis.thirdparty.io.grpc.StatusRuntimeException: UNAVAILABLE: io exception
2020-06-09 10:47:45,888 [grpc-default-executor-2] INFO  impl.FollowerInfo (FollowerInfo.java:lambda$new$0(51)) - omNode-1@group-523986131536->omNode-2: nextIndex: updateUnconditionally 421 -> 45
2020-06-09 10:47:45,890 [grpc-default-executor-2] WARN  server.GrpcLogAppender (LogUtils.java:warn(122)) - omNode-1@group-523986131536->omNode-2-AppendLogResponseHandler: Failed appendEntries: org.apache.ratis.thirdparty.io.grpc.StatusRuntimeException: UNAVAILABLE: io exception
2020-06-09 10:47:45,890 [grpc-default-executor-2] INFO  impl.FollowerInfo (FollowerInfo.java:lambda$new$0(51)) - omNode-1@group-523986131536->omNode-2: nextIndex: updateUnconditionally 422 -> 45
2020-06-09 10:47:45,892 [grpc-default-executor-2] WARN  server.GrpcLogAppender (LogUtils.java:warn(122)) - omNode-1@group-523986131536->omNode-2-AppendLogResponseHandler: Failed appendEntries: org.apache.ratis.thirdparty.io.grpc.StatusRuntimeException: UNAVAILABLE: io exception
2020-06-09 10:47:45,892 [grpc-default-executor-2] INFO  impl.FollowerInfo (FollowerInfo.java:lambda$new$0(51)) - omNode-1@group-523986131536->omNode-2: nextIndex: updateUnconditionally 422 -> 45
2020-06-09 10:47:45,895 [grpc-default-executor-2] WARN  server.GrpcLogAppender (LogUtils.java:warn(122)) - omNode-1@group-523986131536->omNode-2-AppendLogResponseHandler: Failed appendEntries: org.apache.ratis.thirdparty.io.grpc.StatusRuntimeException: UNAVAILABLE: io exception
2020-06-09 10:47:45,895 [grpc-default-executor-2] INFO  impl.FollowerInfo (FollowerInfo.java:lambda$new$0(51)) - omNode-1@group-523986131536->omNode-2: nextIndex: updateUnconditionally 422 -> 45
2020-06-09 10:47:45,896 [grpc-default-executor-2] WARN  server.GrpcLogAppender (LogUtils.java:warn(122)) - omNode-1@group-523986131536->omNode-2-AppendLogResponseHandler: Failed appendEntries: org.apache.ratis.thirdparty.io.grpc.StatusRuntimeException: UNAVAILABLE: io exception
2020-06-09 10:47:45,897 [grpc-default-executor-2] INFO  impl.FollowerInfo (FollowerInfo.java:lambda$new$0(51)) - omNode-1@group-523986131536->omNode-2: nextIndex: updateUnconditionally 422 -> 45
2020-06-09 10:47:45,899 [grpc-default-executor-2] WARN  server.GrpcLogAppender (LogUtils.java:warn(122)) - omNode-1@group-523986131536->omNode-2-AppendLogResponseHandler: Failed appendEntries: org.apache.ratis.thirdparty.io.grpc.StatusRuntimeException: UNAVAILABLE: io exception
2020-06-09 10:47:45,899 [grpc-default-executor-2] INFO  impl.FollowerInfo (FollowerInfo.java:lambda$new$0(51)) - omNode-1@group-523986131536->omNode-2: nextIndex: updateUnconditionally 422 -> 45
2020-06-09 10:47:45,908 [grpc-default-executor-2] WARN  server.GrpcLogAppender (LogUtils.java:warn(122)) - omNode-1@group-523986131536->omNode-2-AppendLogResponseHandler: Failed appendEntries: org.apache.ratis.thirdparty.io.grpc.StatusRuntimeException: UNAVAILABLE: io exception
2020-06-09 10:47:45,908 [grpc-default-executor-2] INFO  impl.FollowerInfo (FollowerInfo.java:lambda$new$0(51)) - omNode-1@group-523986131536->omNode-2: nextIndex: updateUnconditionally 422 -> 45
2020-06-09 10:47:45,911 [grpc-default-executor-2] WARN  server.GrpcLogAppender (LogUtils.java:warn(122)) - omNode-1@group-523986131536->omNode-2-AppendLogResponseHandler: Failed appendEntries: org.apache.ratis.thirdparty.io.grpc.StatusRuntimeException: UNAVAILABLE: io exception
2020-06-09 10:47:45,911 [grpc-default-executor-2] INFO  impl.FollowerInfo (FollowerInfo.java:lambda$new$0(51)) - omNode-1@group-523986131536->omNode-2: nextIndex: updateUnconditionally 423 -> 45
2020-06-09 10:47:45,916 [grpc-default-executor-2] WARN  server.GrpcLogAppender (LogUtils.java:warn(122)) - omNode-1@group-523986131536->omNode-2-AppendLogResponseHandler: Failed appendEntries: org.apache.ratis.thirdparty.io.grpc.StatusRuntimeException: UNAVAILABLE: io exception
2020-06-09 10:47:45,916 [grpc-default-executor-2] INFO  impl.FollowerInfo (FollowerInfo.java:lambda$new$0(51)) - omNode-1@group-523986131536->omNode-2: nextIndex: updateUnconditionally 424 -> 45
2020-06-09 10:47:45,920 [grpc-default-executor-5] WARN  server.GrpcLogAppender (LogUtils.java:warn(122)) - omNode-1@group-523986131536->omNode-2-AppendLogResponseHandler: Failed appendEntries: org.apache.ratis.thirdparty.io.grpc.StatusRuntimeException: UNAVAILABLE: io exception
2020-06-09 10:47:45,920 [grpc-default-executor-5] INFO  impl.FollowerInfo (FollowerInfo.java:lambda$new$0(51)) - omNode-1@group-523986131536->omNode-2: nextIndex: updateUnconditionally 426 -> 45
2020-06-09 10:47:45,922 [grpc-default-executor-2] WARN  server.GrpcLogAppender (LogUtils.java:warn(122)) - omNode-1@group-523986131536->omNode-2-AppendLogResponseHandler: Failed appendEntries: org.apache.ratis.thirdparty.io.grpc.StatusRuntimeException: UNAVAILABLE: io exception
2020-06-09 10:47:45,922 [grpc-default-executor-2] INFO  impl.FollowerInfo (FollowerInfo.java:lambda$new$0(51)) - omNode-1@group-523986131536->omNode-2: nextIndex: updateUnconditionally 427 -> 45
2020-06-09 10:47:45,929 [grpc-default-executor-3] WARN  server.GrpcLogAppender (LogUtils.java:warn(122)) - omNode-1@group-523986131536->omNode-2-AppendLogResponseHandler: Failed appendEntries: org.apache.ratis.thirdparty.io.grpc.StatusRuntimeException: UNAVAILABLE: io exception
2020-06-09 10:47:45,929 [grpc-default-executor-3] INFO  impl.FollowerInfo (FollowerInfo.java:lambda$new$0(51)) - omNode-1@group-523986131536->omNode-2: nextIndex: updateUnconditionally 427 -> 45
2020-06-09 10:47:45,934 [grpc-default-executor-3] WARN  server.GrpcLogAppender (LogUtils.java:warn(122)) - omNode-1@group-523986131536->omNode-2-AppendLogResponseHandler: Failed appendEntries: org.apache.ratis.thirdparty.io.grpc.StatusRuntimeException: UNAVAILABLE: io exception
2020-06-09 10:47:45,934 [grpc-default-executor-3] INFO  impl.FollowerInfo (FollowerInfo.java:lambda$new$0(51)) - omNode-1@group-523986131536->omNode-2: nextIndex: updateUnconditionally 428 -> 45
2020-06-09 10:47:45,939 [grpc-default-executor-2] WARN  server.GrpcLogAppender (LogUtils.java:warn(122)) - omNode-1@group-523986131536->omNode-2-AppendLogResponseHandler: Failed appendEntries: org.apache.ratis.thirdparty.io.grpc.StatusRuntimeException: UNAVAILABLE: io exception
2020-06-09 10:47:45,939 [grpc-default-executor-2] INFO  impl.FollowerInfo (FollowerInfo.java:lambda$new$0(51)) - omNode-1@group-523986131536->omNode-2: nextIndex: updateUnconditionally 430 -> 45
2020-06-09 10:47:45,944 [grpc-default-executor-3] WARN  server.GrpcLogAppender (LogUtils.java:warn(122)) - omNode-1@group-523986131536->omNode-2-AppendLogResponseHandler: Failed appendEntries: org.apache.ratis.thirdparty.io.grpc.StatusRuntimeException: UNAVAILABLE: io exception
2020-06-09 10:47:45,944 [grpc-default-executor-3] INFO  impl.FollowerInfo (FollowerInfo.java:lambda$new$0(51)) - omNode-1@group-523986131536->omNode-2: nextIndex: updateUnconditionally 431 -> 45
2020-06-09 10:47:45,948 [grpc-default-executor-3] WARN  server.GrpcLogAppender (LogUtils.java:warn(122)) - omNode-1@group-523986131536->omNode-2-AppendLogResponseHandler: Failed appendEntries: org.apache.ratis.thirdparty.io.grpc.StatusRuntimeException: UNAVAILABLE: io exception
2020-06-09 10:47:45,948 [grpc-default-executor-3] INFO  impl.FollowerInfo (FollowerInfo.java:lambda$new$0(51)) - omNode-1@group-523986131536->omNode-2: nextIndex: updateUnconditionally 432 -> 45
2020-06-09 10:47:45,951 [grpc-default-executor-5] WARN  server.GrpcLogAppender (LogUtils.java:warn(122)) - omNode-1@group-523986131536->omNode-2-AppendLogResponseHandler: Failed appendEntries: org.apache.ratis.thirdparty.io.grpc.StatusRuntimeException: UNAVAILABLE: io exception
2020-06-09 10:47:45,951 [grpc-default-executor-5] INFO  impl.FollowerInfo (FollowerInfo.java:lambda$new$0(51)) - omNode-1@group-523986131536->omNode-2: nextIndex: updateUnconditionally 434 -> 45
2020-06-09 10:47:45,957 [grpc-default-executor-5] WARN  server.GrpcLogAppender (LogUtils.java:warn(122)) - omNode-1@group-523986131536->omNode-2-AppendLogResponseHandler: Failed appendEntries: org.apache.ratis.thirdparty.io.grpc.StatusRuntimeException: UNAVAILABLE: io exception
2020-06-09 10:47:45,957 [grpc-default-executor-5] INFO  impl.FollowerInfo (FollowerInfo.java:lambda$new$0(51)) - omNode-1@group-523986131536->omNode-2: nextIndex: updateUnconditionally 435 -> 45
2020-06-09 10:47:45,960 [grpc-default-executor-4] WARN  server.GrpcLogAppender (LogUtils.java:warn(122)) - omNode-1@group-523986131536->omNode-2-AppendLogResponseHandler: Failed appendEntries: org.apache.ratis.thirdparty.io.grpc.StatusRuntimeException: UNAVAILABLE: io exception
2020-06-09 10:47:45,960 [grpc-default-executor-4] INFO  impl.FollowerInfo (FollowerInfo.java:lambda$new$0(51)) - omNode-1@group-523986131536->omNode-2: nextIndex: updateUnconditionally 435 -> 45
2020-06-09 10:47:45,963 [grpc-default-executor-5] WARN  server.GrpcLogAppender (LogUtils.java:warn(122)) - omNode-1@group-523986131536->omNode-2-AppendLogResponseHandler: Failed appendEntries: org.apache.ratis.thirdparty.io.grpc.StatusRuntimeException: UNAVAILABLE: io exception
2020-06-09 10:47:45,963 [grpc-default-executor-5] INFO  impl.FollowerInfo (FollowerInfo.java:lambda$new$0(51)) - omNode-1@group-523986131536->omNode-2: nextIndex: updateUnconditionally 436 -> 45
2020-06-09 10:47:45,968 [grpc-default-executor-4] WARN  server.GrpcLogAppender (LogUtils.java:warn(122)) - omNode-1@group-523986131536->omNode-2-AppendLogResponseHandler: Failed appendEntries: org.apache.ratis.thirdparty.io.grpc.StatusRuntimeException: UNAVAILABLE: io exception
2020-06-09 10:47:45,968 [grpc-default-executor-4] INFO  impl.FollowerInfo (FollowerInfo.java:lambda$new$0(51)) - omNode-1@group-523986131536->omNode-2: nextIndex: updateUnconditionally 437 -> 45
2020-06-09 10:47:45,971 [grpc-default-executor-4] WARN  server.GrpcLogAppender (LogUtils.java:warn(122)) - omNode-1@group-523986131536->omNode-2-AppendLogResponseHandler: Failed appendEntries: org.apache.ratis.thirdparty.io.grpc.StatusRuntimeException: UNAVAILABLE: io exception
2020-06-09 10:47:45,971 [grpc-default-executor-4] INFO  impl.FollowerInfo (FollowerInfo.java:lambda$new$0(51)) - omNode-1@group-523986131536->omNode-2: nextIndex: updateUnconditionally 438 -> 45
2020-06-09 10:47:45,973 [grpc-default-executor-4] WARN  server.GrpcLogAppender (LogUtils.java:warn(122)) - omNode-1@group-523986131536->omNode-2-AppendLogResponseHandler: Failed appendEntries: org.apache.ratis.thirdparty.io.grpc.StatusRuntimeException: UNAVAILABLE: io exception
2020-06-09 10:47:45,973 [grpc-default-executor-4] INFO  impl.FollowerInfo (FollowerInfo.java:lambda$new$0(51)) - omNode-1@group-523986131536->omNode-2: nextIndex: updateUnconditionally 438 -> 45
2020-06-09 10:47:45,975 [grpc-default-executor-4] WARN  server.GrpcLogAppender (LogUtils.java:warn(122)) - omNode-1@group-523986131536->omNode-2-AppendLogResponseHandler: Failed appendEntries: org.apache.ratis.thirdparty.io.grpc.StatusRuntimeException: UNAVAILABLE: io exception
2020-06-09 10:47:45,975 [grpc-default-executor-4] INFO  impl.FollowerInfo (FollowerInfo.java:lambda$new$0(51)) - omNode-1@group-523986131536->omNode-2: nextIndex: updateUnconditionally 438 -> 45
2020-06-09 10:47:45,977 [grpc-default-executor-4] WARN  server.GrpcLogAppender (LogUtils.java:warn(122)) - omNode-1@group-523986131536->omNode-2-AppendLogResponseHandler: Failed appendEntries: org.apache.ratis.thirdparty.io.grpc.StatusRuntimeException: UNAVAILABLE: io exception
2020-06-09 10:47:45,978 [grpc-default-executor-4] INFO  impl.FollowerInfo (FollowerInfo.java:lambda$new$0(51)) - omNode-1@group-523986131536->omNode-2: nextIndex: updateUnconditionally 438 -> 45
2020-06-09 10:47:45,979 [grpc-default-executor-4] WARN  server.GrpcLogAppender (LogUtils.java:warn(122)) - omNode-1@group-523986131536->omNode-2-AppendLogResponseHandler: Failed appendEntries: org.apache.ratis.thirdparty.io.grpc.StatusRuntimeException: UNAVAILABLE: io exception
2020-06-09 10:47:45,979 [grpc-default-executor-4] INFO  impl.FollowerInfo (FollowerInfo.java:lambda$new$0(51)) - omNode-1@group-523986131536->omNode-2: nextIndex: updateUnconditionally 438 -> 45
2020-06-09 10:47:45,982 [grpc-default-executor-4] WARN  server.GrpcLogAppender (LogUtils.java:warn(122)) - omNode-1@group-523986131536->omNode-2-AppendLogResponseHandler: Failed appendEntries: org.apache.ratis.thirdparty.io.grpc.StatusRuntimeException: UNAVAILABLE: io exception
2020-06-09 10:47:45,982 [grpc-default-executor-4] INFO  impl.FollowerInfo (FollowerInfo.java:lambda$new$0(51)) - omNode-1@group-523986131536->omNode-2: nextIndex: updateUnconditionally 438 -> 45
2020-06-09 10:47:45,986 [grpc-default-executor-5] WARN  server.GrpcLogAppender (LogUtils.java:warn(122)) - omNode-1@group-523986131536->omNode-2-AppendLogResponseHandler: Failed appendEntries: org.apache.ratis.thirdparty.io.grpc.StatusRuntimeException: UNAVAILABLE: io exception
2020-06-09 10:47:45,986 [grpc-default-executor-5] INFO  impl.FollowerInfo (FollowerInfo.java:lambda$new$0(51)) - omNode-1@group-523986131536->omNode-2: nextIndex: updateUnconditionally 439 -> 45
2020-06-09 10:47:45,989 [grpc-default-executor-4] WARN  server.GrpcLogAppender (LogUtils.java:warn(122)) - omNode-1@group-523986131536->omNode-2-AppendLogResponseHandler: Failed appendEntries: org.apache.ratis.thirdparty.io.grpc.StatusRuntimeException: UNAVAILABLE: io exception
2020-06-09 10:47:45,989 [grpc-default-executor-4] INFO  impl.FollowerInfo (FollowerInfo.java:lambda$new$0(51)) - omNode-1@group-523986131536->omNode-2: nextIndex: updateUnconditionally 439 -> 45
2020-06-09 10:47:45,993 [grpc-default-executor-4] WARN  server.GrpcLogAppender (LogUtils.java:warn(122)) - omNode-1@group-523986131536->omNode-2-AppendLogResponseHandler: Failed appendEntries: org.apache.ratis.thirdparty.io.grpc.StatusRuntimeException: UNAVAILABLE: io exception
2020-06-09 10:47:45,993 [grpc-default-executor-4] INFO  impl.FollowerInfo (FollowerInfo.java:lambda$new$0(51)) - omNode-1@group-523986131536->omNode-2: nextIndex: updateUnconditionally 440 -> 45
2020-06-09 10:47:45,999 [grpc-default-executor-5] WARN  server.GrpcLogAppender (LogUtils.java:warn(122)) - omNode-1@group-523986131536->omNode-2-AppendLogResponseHandler: Failed appendEntries: org.apache.ratis.thirdparty.io.grpc.StatusRuntimeException: UNAVAILABLE: io exception
2020-06-09 10:47:45,999 [grpc-default-executor-5] INFO  impl.FollowerInfo (FollowerInfo.java:lambda$new$0(51)) - omNode-1@group-523986131536->omNode-2: nextIndex: updateUnconditionally 442 -> 45
2020-06-09 10:47:46,005 [grpc-default-executor-5] WARN  server.GrpcLogAppender (LogUtils.java:warn(122)) - omNode-1@group-523986131536->omNode-2-AppendLogResponseHandler: Failed appendEntries: org.apache.ratis.thirdparty.io.grpc.StatusRuntimeException: UNAVAILABLE: io exception
2020-06-09 10:47:46,005 [grpc-default-executor-5] INFO  impl.FollowerInfo (FollowerInfo.java:lambda$new$0(51)) - omNode-1@group-523986131536->omNode-2: nextIndex: updateUnconditionally 442 -> 45
2020-06-09 10:47:46,007 [grpc-default-executor-5] WARN  server.GrpcLogAppender (LogUtils.java:warn(122)) - omNode-1@group-523986131536->omNode-2-AppendLogResponseHandler: Failed appendEntries: org.apache.ratis.thirdparty.io.grpc.StatusRuntimeException: UNAVAILABLE: io exception
2020-06-09 10:47:46,007 [grpc-default-executor-5] INFO  impl.FollowerInfo (FollowerInfo.java:lambda$new$0(51)) - omNode-1@group-523986131536->omNode-2: nextIndex: updateUnconditionally 442 -> 45
2020-06-09 10:47:46,010 [grpc-default-executor-5] WARN  server.GrpcLogAppender (LogUtils.java:warn(122)) - omNode-1@group-523986131536->omNode-2-AppendLogResponseHandler: Failed appendEntries: org.apache.ratis.thirdparty.io.grpc.StatusRuntimeException: UNAVAILABLE: io exception
2020-06-09 10:47:46,010 [grpc-default-executor-5] INFO  impl.FollowerInfo (FollowerInfo.java:lambda$new$0(51)) - omNode-1@group-523986131536->omNode-2: nextIndex: updateUnconditionally 442 -> 45
2020-06-09 10:47:46,014 [grpc-default-executor-5] WARN  server.GrpcLogAppender (LogUtils.java:warn(122)) - omNode-1@group-523986131536->omNode-2-AppendLogResponseHandler: Failed appendEntries: org.apache.ratis.thirdparty.io.grpc.StatusRuntimeException: UNAVAILABLE: io exception
2020-06-09 10:47:46,014 [grpc-default-executor-5] INFO  impl.FollowerInfo (FollowerInfo.java:lambda$new$0(51)) - omNode-1@group-523986131536->omNode-2: nextIndex: updateUnconditionally 443 -> 45
2020-06-09 10:47:46,017 [grpc-default-executor-5] WARN  server.GrpcLogAppender (LogUtils.java:warn(122)) - omNode-1@group-523986131536->omNode-2-AppendLogResponseHandler: Failed appendEntries: org.apache.ratis.thirdparty.io.grpc.StatusRuntimeException: UNAVAILABLE: io exception
2020-06-09 10:47:46,017 [grpc-default-executor-5] INFO  impl.FollowerInfo (FollowerInfo.java:lambda$new$0(51)) - omNode-1@group-523986131536->omNode-2: nextIndex: updateUnconditionally 443 -> 45
2020-06-09 10:47:46,019 [grpc-default-executor-5] WARN  server.GrpcLogAppender (LogUtils.java:warn(122)) - omNode-1@group-523986131536->omNode-2-AppendLogResponseHandler: Failed appendEntries: org.apache.ratis.thirdparty.io.grpc.StatusRuntimeException: UNAVAILABLE: io exception
2020-06-09 10:47:46,019 [grpc-default-executor-5] INFO  impl.FollowerInfo (FollowerInfo.java:lambda$new$0(51)) - omNode-1@group-523986131536->omNode-2: nextIndex: updateUnconditionally 443 -> 45
2020-06-09 10:47:46,021 [grpc-default-executor-5] WARN  server.GrpcLogAppender (LogUtils.java:warn(122)) - omNode-1@group-523986131536->omNode-2-AppendLogResponseHandler: Failed appendEntries: org.apache.ratis.thirdparty.io.grpc.StatusRuntimeException: UNAVAILABLE: io exception
2020-06-09 10:47:46,022 [grpc-default-executor-5] INFO  impl.FollowerInfo (FollowerInfo.java:lambda$new$0(51)) - omNode-1@group-523986131536->omNode-2: nextIndex: updateUnconditionally 443 -> 45
2020-06-09 10:47:46,023 [grpc-default-executor-5] WARN  server.GrpcLogAppender (LogUtils.java:warn(122)) - omNode-1@group-523986131536->omNode-2-AppendLogResponseHandler: Failed appendEntries: org.apache.ratis.thirdparty.io.grpc.StatusRuntimeException: UNAVAILABLE: io exception
2020-06-09 10:47:46,023 [grpc-default-executor-5] INFO  impl.FollowerInfo (FollowerInfo.java:lambda$new$0(51)) - omNode-1@group-523986131536->omNode-2: nextIndex: updateUnconditionally 443 -> 45
2020-06-09 10:47:46,026 [grpc-default-executor-5] WARN  server.GrpcLogAppender (LogUtils.java:warn(122)) - omNode-1@group-523986131536->omNode-2-AppendLogResponseHandler: Failed appendEntries: org.apache.ratis.thirdparty.io.grpc.StatusRuntimeException: UNAVAILABLE: io exception
2020-06-09 10:47:46,026 [grpc-default-executor-5] INFO  impl.FollowerInfo (FollowerInfo.java:lambda$new$0(51)) - omNode-1@group-523986131536->omNode-2: nextIndex: updateUnconditionally 443 -> 45
2020-06-09 10:47:46,031 [grpc-default-executor-5] WARN  server.GrpcLogAppender (LogUtils.java:warn(122)) - omNode-1@group-523986131536->omNode-2-AppendLogResponseHandler: Failed appendEntries: org.apache.ratis.thirdparty.io.grpc.StatusRuntimeException: UNAVAILABLE: io exception
2020-06-09 10:47:46,031 [grpc-default-executor-5] INFO  impl.FollowerInfo (FollowerInfo.java:lambda$new$0(51)) - omNode-1@group-523986131536->omNode-2: nextIndex: updateUnconditionally 445 -> 45
2020-06-09 10:47:46,033 [grpc-default-executor-5] WARN  server.GrpcLogAppender (LogUtils.java:warn(122)) - omNode-1@group-523986131536->omNode-2-AppendLogResponseHandler: Failed appendEntries: org.apache.ratis.thirdparty.io.grpc.StatusRuntimeException: UNAVAILABLE: io exception
2020-06-09 10:47:46,033 [grpc-default-executor-5] INFO  impl.FollowerInfo (FollowerInfo.java:lambda$new$0(51)) - omNode-1@group-523986131536->omNode-2: nextIndex: updateUnconditionally 446 -> 45
2020-06-09 10:47:46,036 [grpc-default-executor-5] WARN  server.GrpcLogAppender (LogUtils.java:warn(122)) - omNode-1@group-523986131536->omNode-2-AppendLogResponseHandler: Failed appendEntries: org.apache.ratis.thirdparty.io.grpc.StatusRuntimeException: UNAVAILABLE: io exception
2020-06-09 10:47:46,036 [grpc-default-executor-5] INFO  impl.FollowerInfo (FollowerInfo.java:lambda$new$0(51)) - omNode-1@group-523986131536->omNode-2: nextIndex: updateUnconditionally 446 -> 45
2020-06-09 10:47:46,038 [grpc-default-executor-5] WARN  server.GrpcLogAppender (LogUtils.java:warn(122)) - omNode-1@group-523986131536->omNode-2-AppendLogResponseHandler: Failed appendEntries: org.apache.ratis.thirdparty.io.grpc.StatusRuntimeException: UNAVAILABLE: io exception
2020-06-09 10:47:46,038 [grpc-default-executor-5] INFO  impl.FollowerInfo (FollowerInfo.java:lambda$new$0(51)) - omNode-1@group-523986131536->omNode-2: nextIndex: updateUnconditionally 446 -> 45
2020-06-09 10:47:46,042 [grpc-default-executor-5] WARN  server.GrpcLogAppender (LogUtils.java:warn(122)) - omNode-1@group-523986131536->omNode-2-AppendLogResponseHandler: Failed appendEntries: org.apache.ratis.thirdparty.io.grpc.StatusRuntimeException: UNAVAILABLE: io exception
2020-06-09 10:47:46,042 [grpc-default-executor-5] INFO  impl.FollowerInfo (FollowerInfo.java:lambda$new$0(51)) - omNode-1@group-523986131536->omNode-2: nextIndex: updateUnconditionally 446 -> 45
2020-06-09 10:47:46,046 [grpc-default-executor-3] WARN  server.GrpcLogAppender (LogUtils.java:warn(122)) - omNode-1@group-523986131536->omNode-2-AppendLogResponseHandler: Failed appendEntries: org.apache.ratis.thirdparty.io.grpc.StatusRuntimeException: UNAVAILABLE: io exception
2020-06-09 10:47:46,046 [grpc-default-executor-3] INFO  impl.FollowerInfo (FollowerInfo.java:lambda$new$0(51)) - omNode-1@group-523986131536->omNode-2: nextIndex: updateUnconditionally 447 -> 45
2020-06-09 10:47:46,048 [grpc-default-executor-3] WARN  server.GrpcLogAppender (LogUtils.java:warn(122)) - omNode-1@group-523986131536->omNode-2-AppendLogResponseHandler: Failed appendEntries: org.apache.ratis.thirdparty.io.grpc.StatusRuntimeException: UNAVAILABLE: io exception
2020-06-09 10:47:46,048 [grpc-default-executor-3] INFO  impl.FollowerInfo (FollowerInfo.java:lambda$new$0(51)) - omNode-1@group-523986131536->omNode-2: nextIndex: updateUnconditionally 447 -> 45
2020-06-09 10:47:46,116 [grpc-default-executor-5] WARN  server.GrpcLogAppender (LogUtils.java:warn(122)) - omNode-1@group-523986131536->omNode-2-AppendLogResponseHandler: Failed appendEntries: org.apache.ratis.thirdparty.io.grpc.StatusRuntimeException: UNAVAILABLE: io exception
2020-06-09 10:47:46,116 [grpc-default-executor-5] INFO  impl.FollowerInfo (FollowerInfo.java:lambda$new$0(51)) - omNode-1@group-523986131536->omNode-2: nextIndex: updateUnconditionally 447 -> 45
2020-06-09 10:47:46,118 [IPC Server handler 9 on default port 11520] INFO  segmented.SegmentedRaftLogWorker (SegmentedRaftLogWorker.java:rollLogSegment(402)) - omNode-1@group-523986131536-SegmentedRaftLogWorker: Rolling segment log-373_446 to index:446
2020-06-09 10:47:46,119 [omNode-1@group-523986131536-SegmentedRaftLogWorker] INFO  segmented.SegmentedRaftLogWorker (SegmentedRaftLogWorker.java:execute(553)) - omNode-1@group-523986131536-SegmentedRaftLogWorker: Rolled log segment from /github/workspace/mnt/ozone/hadoop-ozone/integration-test/target/test-dir/MiniOzoneClusterImpl-428de9cd-98e2-485e-b164-55ba4e728ea0/omNode-1/ratis/c9bc4cf4-3bc3-3c60-a66b-523986131536/current/log_inprogress_373 to /github/workspace/mnt/ozone/hadoop-ozone/integration-test/target/test-dir/MiniOzoneClusterImpl-428de9cd-98e2-485e-b164-55ba4e728ea0/omNode-1/ratis/c9bc4cf4-3bc3-3c60-a66b-523986131536/current/log_373-446
2020-06-09 10:47:46,121 [omNode-1@group-523986131536-SegmentedRaftLogWorker] INFO  segmented.SegmentedRaftLogWorker (SegmentedRaftLogWorker.java:execute(596)) - omNode-1@group-523986131536-SegmentedRaftLogWorker: created new log segment /github/workspace/mnt/ozone/hadoop-ozone/integration-test/target/test-dir/MiniOzoneClusterImpl-428de9cd-98e2-485e-b164-55ba4e728ea0/omNode-1/ratis/c9bc4cf4-3bc3-3c60-a66b-523986131536/current/log_inprogress_447
2020-06-09 10:47:46,128 [grpc-default-executor-3] INFO  segmented.SegmentedRaftLogWorker (SegmentedRaftLogWorker.java:rollLogSegment(402)) - omNode-3@group-523986131536-SegmentedRaftLogWorker: Rolling segment log-373_446 to index:446
2020-06-09 10:47:46,128 [grpc-default-executor-4] WARN  server.GrpcLogAppender (LogUtils.java:warn(122)) - omNode-1@group-523986131536->omNode-2-AppendLogResponseHandler: Failed appendEntries: org.apache.ratis.thirdparty.io.grpc.StatusRuntimeException: UNAVAILABLE: io exception
2020-06-09 10:47:46,135 [grpc-default-executor-4] INFO  impl.FollowerInfo (FollowerInfo.java:lambda$new$0(51)) - omNode-1@group-523986131536->omNode-2: nextIndex: updateUnconditionally 448 -> 45
2020-06-09 10:47:46,135 [omNode-3@group-523986131536-SegmentedRaftLogWorker] INFO  segmented.SegmentedRaftLogWorker (SegmentedRaftLogWorker.java:execute(553)) - omNode-3@group-523986131536-SegmentedRaftLogWorker: Rolled log segment from /github/workspace/mnt/ozone/hadoop-ozone/integration-test/target/test-dir/MiniOzoneClusterImpl-428de9cd-98e2-485e-b164-55ba4e728ea0/omNode-3/ratis/c9bc4cf4-3bc3-3c60-a66b-523986131536/current/log_inprogress_373 to /github/workspace/mnt/ozone/hadoop-ozone/integration-test/target/test-dir/MiniOzoneClusterImpl-428de9cd-98e2-485e-b164-55ba4e728ea0/omNode-3/ratis/c9bc4cf4-3bc3-3c60-a66b-523986131536/current/log_373-446
2020-06-09 10:47:46,137 [omNode-3@group-523986131536-SegmentedRaftLogWorker] INFO  segmented.SegmentedRaftLogWorker (SegmentedRaftLogWorker.java:execute(596)) - omNode-3@group-523986131536-SegmentedRaftLogWorker: created new log segment /github/workspace/mnt/ozone/hadoop-ozone/integration-test/target/test-dir/MiniOzoneClusterImpl-428de9cd-98e2-485e-b164-55ba4e728ea0/omNode-3/ratis/c9bc4cf4-3bc3-3c60-a66b-523986131536/current/log_inprogress_447
2020-06-09 10:47:46,145 [grpc-default-executor-3] WARN  server.GrpcLogAppender (LogUtils.java:warn(122)) - omNode-1@group-523986131536->omNode-2-AppendLogResponseHandler: Failed appendEntries: org.apache.ratis.thirdparty.io.grpc.StatusRuntimeException: UNAVAILABLE: io exception
2020-06-09 10:47:46,147 [grpc-default-executor-3] INFO  impl.FollowerInfo (FollowerInfo.java:lambda$new$0(51)) - omNode-1@group-523986131536->omNode-2: nextIndex: updateUnconditionally 449 -> 45
2020-06-09 10:47:46,148 [omNode-1@group-523986131536-StateMachineUpdater] INFO  ratis.OzoneManagerStateMachine (OzoneManagerStateMachine.java:takeSnapshot(350)) - Saving Ratis snapshot on the OM.
2020-06-09 10:47:46,149 [omNode-1@group-523986131536-StateMachineUpdater] INFO  ratis.OMRatisSnapshotInfo (OMRatisSnapshotInfo.java:saveRatisSnapshotToDisk(105)) - Saved Ratis Snapshot on the OM with snapshotIndex (t:1, i:448)
2020-06-09 10:47:46,149 [omNode-1@group-523986131536-StateMachineUpdater] INFO  impl.StateMachineUpdater (StateMachineUpdater.java:takeSnapshot(277)) - omNode-1@group-523986131536-StateMachineUpdater: Took a snapshot at index 448
2020-06-09 10:47:46,149 [omNode-1@group-523986131536-StateMachineUpdater] INFO  impl.StateMachineUpdater (StateMachineUpdater.java:lambda$new$0(87)) - omNode-1@group-523986131536-StateMachineUpdater: snapshotIndex: updateIncreasingly 398 -> 448
2020-06-09 10:47:46,153 [grpc-default-executor-5] WARN  server.GrpcLogAppender (LogUtils.java:warn(122)) - omNode-1@group-523986131536->omNode-2-AppendLogResponseHandler: Failed appendEntries: org.apache.ratis.thirdparty.io.grpc.StatusRuntimeException: UNAVAILABLE: io exception
2020-06-09 10:47:46,153 [grpc-default-executor-5] INFO  impl.FollowerInfo (FollowerInfo.java:lambda$new$0(51)) - omNode-1@group-523986131536->omNode-2: nextIndex: updateUnconditionally 451 -> 45
2020-06-09 10:47:46,154 [omNode-3@group-523986131536-StateMachineUpdater] INFO  ratis.OzoneManagerStateMachine (OzoneManagerStateMachine.java:takeSnapshot(350)) - Saving Ratis snapshot on the OM.
2020-06-09 10:47:46,154 [omNode-3@group-523986131536-StateMachineUpdater] INFO  ratis.OMRatisSnapshotInfo (OMRatisSnapshotInfo.java:saveRatisSnapshotToDisk(105)) - Saved Ratis Snapshot on the OM with snapshotIndex (t:1, i:449)
2020-06-09 10:47:46,154 [omNode-3@group-523986131536-StateMachineUpdater] INFO  impl.StateMachineUpdater (StateMachineUpdater.java:takeSnapshot(277)) - omNode-3@group-523986131536-StateMachineUpdater: Took a snapshot at index 449
2020-06-09 10:47:46,154 [omNode-3@group-523986131536-StateMachineUpdater] INFO  impl.StateMachineUpdater (StateMachineUpdater.java:lambda$new$0(87)) - omNode-3@group-523986131536-StateMachineUpdater: snapshotIndex: updateIncreasingly 398 -> 449
2020-06-09 10:47:46,157 [grpc-default-executor-4] WARN  server.GrpcLogAppender (LogUtils.java:warn(122)) - omNode-1@group-523986131536->omNode-2-AppendLogResponseHandler: Failed appendEntries: org.apache.ratis.thirdparty.io.grpc.StatusRuntimeException: UNAVAILABLE: io exception
2020-06-09 10:47:46,157 [grpc-default-executor-4] INFO  impl.FollowerInfo (FollowerInfo.java:lambda$new$0(51)) - omNode-1@group-523986131536->omNode-2: nextIndex: updateUnconditionally 451 -> 45
2020-06-09 10:47:46,164 [grpc-default-executor-4] WARN  server.GrpcLogAppender (LogUtils.java:warn(122)) - omNode-1@group-523986131536->omNode-2-AppendLogResponseHandler: Failed appendEntries: org.apache.ratis.thirdparty.io.grpc.StatusRuntimeException: UNAVAILABLE: io exception
2020-06-09 10:47:46,164 [grpc-default-executor-4] INFO  impl.FollowerInfo (FollowerInfo.java:lambda$new$0(51)) - omNode-1@group-523986131536->omNode-2: nextIndex: updateUnconditionally 452 -> 45
2020-06-09 10:47:46,177 [grpc-default-executor-3] WARN  server.GrpcLogAppender (LogUtils.java:warn(122)) - omNode-1@group-523986131536->omNode-2-AppendLogResponseHandler: Failed appendEntries: org.apache.ratis.thirdparty.io.grpc.StatusRuntimeException: UNAVAILABLE: io exception
2020-06-09 10:47:46,177 [grpc-default-executor-3] INFO  impl.FollowerInfo (FollowerInfo.java:lambda$new$0(51)) - omNode-1@group-523986131536->omNode-2: nextIndex: updateUnconditionally 453 -> 45
2020-06-09 10:47:46,180 [grpc-default-executor-3] WARN  server.GrpcLogAppender (LogUtils.java:warn(122)) - omNode-1@group-523986131536->omNode-2-AppendLogResponseHandler: Failed appendEntries: org.apache.ratis.thirdparty.io.grpc.StatusRuntimeException: UNAVAILABLE: io exception
2020-06-09 10:47:46,180 [grpc-default-executor-3] INFO  impl.FollowerInfo (FollowerInfo.java:lambda$new$0(51)) - omNode-1@group-523986131536->omNode-2: nextIndex: updateUnconditionally 454 -> 45
2020-06-09 10:47:46,185 [grpc-default-executor-4] WARN  server.GrpcLogAppender (LogUtils.java:warn(122)) - omNode-1@group-523986131536->omNode-2-AppendLogResponseHandler: Failed appendEntries: org.apache.ratis.thirdparty.io.grpc.StatusRuntimeException: UNAVAILABLE: io exception
2020-06-09 10:47:46,185 [grpc-default-executor-4] INFO  impl.FollowerInfo (FollowerInfo.java:lambda$new$0(51)) - omNode-1@group-523986131536->omNode-2: nextIndex: updateUnconditionally 454 -> 45
2020-06-09 10:47:46,191 [grpc-default-executor-3] WARN  server.GrpcLogAppender (LogUtils.java:warn(122)) - omNode-1@group-523986131536->omNode-2-AppendLogResponseHandler: Failed appendEntries: org.apache.ratis.thirdparty.io.grpc.StatusRuntimeException: UNAVAILABLE: io exception
2020-06-09 10:47:46,191 [grpc-default-executor-3] INFO  impl.FollowerInfo (FollowerInfo.java:lambda$new$0(51)) - omNode-1@group-523986131536->omNode-2: nextIndex: updateUnconditionally 455 -> 45
2020-06-09 10:47:46,197 [grpc-default-executor-3] WARN  server.GrpcLogAppender (LogUtils.java:warn(122)) - omNode-1@group-523986131536->omNode-2-AppendLogResponseHandler: Failed appendEntries: org.apache.ratis.thirdparty.io.grpc.StatusRuntimeException: UNAVAILABLE: io exception
2020-06-09 10:47:46,197 [grpc-default-executor-3] INFO  impl.FollowerInfo (FollowerInfo.java:lambda$new$0(51)) - omNode-1@group-523986131536->omNode-2: nextIndex: updateUnconditionally 455 -> 45
2020-06-09 10:47:46,204 [grpc-default-executor-3] WARN  server.GrpcLogAppender (LogUtils.java:warn(122)) - omNode-1@group-523986131536->omNode-2-AppendLogResponseHandler: Failed appendEntries: org.apache.ratis.thirdparty.io.grpc.StatusRuntimeException: UNAVAILABLE: io exception
2020-06-09 10:47:46,204 [grpc-default-executor-3] INFO  impl.FollowerInfo (FollowerInfo.java:lambda$new$0(51)) - omNode-1@group-523986131536->omNode-2: nextIndex: updateUnconditionally 456 -> 45
2020-06-09 10:47:46,206 [grpc-default-executor-3] WARN  server.GrpcLogAppender (LogUtils.java:warn(122)) - omNode-1@group-523986131536->omNode-2-AppendLogResponseHandler: Failed appendEntries: org.apache.ratis.thirdparty.io.grpc.StatusRuntimeException: UNAVAILABLE: io exception
2020-06-09 10:47:46,206 [grpc-default-executor-3] INFO  impl.FollowerInfo (FollowerInfo.java:lambda$new$0(51)) - omNode-1@group-523986131536->omNode-2: nextIndex: updateUnconditionally 456 -> 45
2020-06-09 10:47:46,208 [grpc-default-executor-3] WARN  server.GrpcLogAppender (LogUtils.java:warn(122)) - omNode-1@group-523986131536->omNode-2-AppendLogResponseHandler: Failed appendEntries: org.apache.ratis.thirdparty.io.grpc.StatusRuntimeException: UNAVAILABLE: io exception
2020-06-09 10:47:46,208 [grpc-default-executor-3] INFO  impl.FollowerInfo (FollowerInfo.java:lambda$new$0(51)) - omNode-1@group-523986131536->omNode-2: nextIndex: updateUnconditionally 456 -> 45
2020-06-09 10:47:46,210 [grpc-default-executor-3] WARN  server.GrpcLogAppender (LogUtils.java:warn(122)) - omNode-1@group-523986131536->omNode-2-AppendLogResponseHandler: Failed appendEntries: org.apache.ratis.thirdparty.io.grpc.StatusRuntimeException: UNAVAILABLE: io exception
2020-06-09 10:47:46,211 [grpc-default-executor-3] INFO  impl.FollowerInfo (FollowerInfo.java:lambda$new$0(51)) - omNode-1@group-523986131536->omNode-2: nextIndex: updateUnconditionally 456 -> 45
2020-06-09 10:47:46,221 [grpc-default-executor-3] WARN  server.GrpcLogAppender (LogUtils.java:warn(122)) - omNode-1@group-523986131536->omNode-2-AppendLogResponseHandler: Failed appendEntries: org.apache.ratis.thirdparty.io.grpc.StatusRuntimeException: UNAVAILABLE: io exception
2020-06-09 10:47:46,221 [grpc-default-executor-3] INFO  impl.FollowerInfo (FollowerInfo.java:lambda$new$0(51)) - omNode-1@group-523986131536->omNode-2: nextIndex: updateUnconditionally 457 -> 45
2020-06-09 10:47:46,225 [grpc-default-executor-3] WARN  server.GrpcLogAppender (LogUtils.java:warn(122)) - omNode-1@group-523986131536->omNode-2-AppendLogResponseHandler: Failed appendEntries: org.apache.ratis.thirdparty.io.grpc.StatusRuntimeException: UNAVAILABLE: io exception
2020-06-09 10:47:46,225 [grpc-default-executor-3] INFO  impl.FollowerInfo (FollowerInfo.java:lambda$new$0(51)) - omNode-1@group-523986131536->omNode-2: nextIndex: updateUnconditionally 458 -> 45
2020-06-09 10:47:46,232 [grpc-default-executor-4] WARN  server.GrpcLogAppender (LogUtils.java:warn(122)) - omNode-1@group-523986131536->omNode-2-AppendLogResponseHandler: Failed appendEntries: org.apache.ratis.thirdparty.io.grpc.StatusRuntimeException: UNAVAILABLE: io exception
2020-06-09 10:47:46,232 [grpc-default-executor-4] INFO  impl.FollowerInfo (FollowerInfo.java:lambda$new$0(51)) - omNode-1@group-523986131536->omNode-2: nextIndex: updateUnconditionally 459 -> 45
2020-06-09 10:47:46,235 [grpc-default-executor-4] WARN  server.GrpcLogAppender (LogUtils.java:warn(122)) - omNode-1@group-523986131536->omNode-2-AppendLogResponseHandler: Failed appendEntries: org.apache.ratis.thirdparty.io.grpc.StatusRuntimeException: UNAVAILABLE: io exception
2020-06-09 10:47:46,235 [grpc-default-executor-4] INFO  impl.FollowerInfo (FollowerInfo.java:lambda$new$0(51)) - omNode-1@group-523986131536->omNode-2: nextIndex: updateUnconditionally 459 -> 45
2020-06-09 10:47:46,244 [grpc-default-executor-4] WARN  server.GrpcLogAppender (LogUtils.java:warn(122)) - omNode-1@group-523986131536->omNode-2-AppendLogResponseHandler: Failed appendEntries: org.apache.ratis.thirdparty.io.grpc.StatusRuntimeException: UNAVAILABLE: io exception
2020-06-09 10:47:46,244 [grpc-default-executor-4] INFO  impl.FollowerInfo (FollowerInfo.java:lambda$new$0(51)) - omNode-1@group-523986131536->omNode-2: nextIndex: updateUnconditionally 459 -> 45
2020-06-09 10:47:46,246 [grpc-default-executor-4] WARN  server.GrpcLogAppender (LogUtils.java:warn(122)) - omNode-1@group-523986131536->omNode-2-AppendLogResponseHandler: Failed appendEntries: org.apache.ratis.thirdparty.io.grpc.StatusRuntimeException: UNAVAILABLE: io exception
2020-06-09 10:47:46,246 [grpc-default-executor-4] INFO  impl.FollowerInfo (FollowerInfo.java:lambda$new$0(51)) - omNode-1@group-523986131536->omNode-2: nextIndex: updateUnconditionally 460 -> 45
2020-06-09 10:47:46,255 [grpc-default-executor-4] WARN  server.GrpcLogAppender (LogUtils.java:warn(122)) - omNode-1@group-523986131536->omNode-2-AppendLogResponseHandler: Failed appendEntries: org.apache.ratis.thirdparty.io.grpc.StatusRuntimeException: UNAVAILABLE: io exception
2020-06-09 10:47:46,255 [grpc-default-executor-4] INFO  impl.FollowerInfo (FollowerInfo.java:lambda$new$0(51)) - omNode-1@group-523986131536->omNode-2: nextIndex: updateUnconditionally 460 -> 45
2020-06-09 10:47:46,263 [grpc-default-executor-4] WARN  server.GrpcLogAppender (LogUtils.java:warn(122)) - omNode-1@group-523986131536->omNode-2-AppendLogResponseHandler: Failed appendEntries: org.apache.ratis.thirdparty.io.grpc.StatusRuntimeException: UNAVAILABLE: io exception
2020-06-09 10:47:46,264 [grpc-default-executor-4] INFO  impl.FollowerInfo (FollowerInfo.java:lambda$new$0(51)) - omNode-1@group-523986131536->omNode-2: nextIndex: updateUnconditionally 461 -> 45
2020-06-09 10:47:46,268 [grpc-default-executor-4] WARN  server.GrpcLogAppender (LogUtils.java:warn(122)) - omNode-1@group-523986131536->omNode-2-AppendLogResponseHandler: Failed appendEntries: org.apache.ratis.thirdparty.io.grpc.StatusRuntimeException: UNAVAILABLE: io exception
2020-06-09 10:47:46,268 [grpc-default-executor-4] INFO  impl.FollowerInfo (FollowerInfo.java:lambda$new$0(51)) - omNode-1@group-523986131536->omNode-2: nextIndex: updateUnconditionally 462 -> 45
2020-06-09 10:47:46,275 [grpc-default-executor-3] WARN  server.GrpcLogAppender (LogUtils.java:warn(122)) - omNode-1@group-523986131536->omNode-2-AppendLogResponseHandler: Failed appendEntries: org.apache.ratis.thirdparty.io.grpc.StatusRuntimeException: UNAVAILABLE: io exception
2020-06-09 10:47:46,275 [grpc-default-executor-3] INFO  impl.FollowerInfo (FollowerInfo.java:lambda$new$0(51)) - omNode-1@group-523986131536->omNode-2: nextIndex: updateUnconditionally 463 -> 45
2020-06-09 10:47:46,277 [grpc-default-executor-3] WARN  server.GrpcLogAppender (LogUtils.java:warn(122)) - omNode-1@group-523986131536->omNode-2-AppendLogResponseHandler: Failed appendEntries: org.apache.ratis.thirdparty.io.grpc.StatusRuntimeException: UNAVAILABLE: io exception
2020-06-09 10:47:46,277 [grpc-default-executor-3] INFO  impl.FollowerInfo (FollowerInfo.java:lambda$new$0(51)) - omNode-1@group-523986131536->omNode-2: nextIndex: updateUnconditionally 463 -> 45
2020-06-09 10:47:46,283 [grpc-default-executor-4] WARN  server.GrpcLogAppender (LogUtils.java:warn(122)) - omNode-1@group-523986131536->omNode-2-AppendLogResponseHandler: Failed appendEntries: org.apache.ratis.thirdparty.io.grpc.StatusRuntimeException: UNAVAILABLE: io exception
2020-06-09 10:47:46,283 [grpc-default-executor-4] INFO  impl.FollowerInfo (FollowerInfo.java:lambda$new$0(51)) - omNode-1@group-523986131536->omNode-2: nextIndex: updateUnconditionally 463 -> 45
2020-06-09 10:47:46,285 [grpc-default-executor-4] WARN  server.GrpcLogAppender (LogUtils.java:warn(122)) - omNode-1@group-523986131536->omNode-2-AppendLogResponseHandler: Failed appendEntries: org.apache.ratis.thirdparty.io.grpc.StatusRuntimeException: UNAVAILABLE: io exception
2020-06-09 10:47:46,285 [grpc-default-executor-4] INFO  impl.FollowerInfo (FollowerInfo.java:lambda$new$0(51)) - omNode-1@group-523986131536->omNode-2: nextIndex: updateUnconditionally 464 -> 45
2020-06-09 10:47:46,287 [grpc-default-executor-4] WARN  server.GrpcLogAppender (LogUtils.java:warn(122)) - omNode-1@group-523986131536->omNode-2-AppendLogResponseHandler: Failed appendEntries: org.apache.ratis.thirdparty.io.grpc.StatusRuntimeException: UNAVAILABLE: io exception
2020-06-09 10:47:46,287 [grpc-default-executor-4] INFO  impl.FollowerInfo (FollowerInfo.java:lambda$new$0(51)) - omNode-1@group-523986131536->omNode-2: nextIndex: updateUnconditionally 464 -> 45
2020-06-09 10:47:46,290 [grpc-default-executor-4] WARN  server.GrpcLogAppender (LogUtils.java:warn(122)) - omNode-1@group-523986131536->omNode-2-AppendLogResponseHandler: Failed appendEntries: org.apache.ratis.thirdparty.io.grpc.StatusRuntimeException: UNAVAILABLE: io exception
2020-06-09 10:47:46,291 [grpc-default-executor-4] INFO  impl.FollowerInfo (FollowerInfo.java:lambda$new$0(51)) - omNode-1@group-523986131536->omNode-2: nextIndex: updateUnconditionally 464 -> 45
2020-06-09 10:47:46,293 [grpc-default-executor-4] WARN  server.GrpcLogAppender (LogUtils.java:warn(122)) - omNode-1@group-523986131536->omNode-2-AppendLogResponseHandler: Failed appendEntries: org.apache.ratis.thirdparty.io.grpc.StatusRuntimeException: UNAVAILABLE: io exception
2020-06-09 10:47:46,293 [grpc-default-executor-4] INFO  impl.FollowerInfo (FollowerInfo.java:lambda$new$0(51)) - omNode-1@group-523986131536->omNode-2: nextIndex: updateUnconditionally 464 -> 45
2020-06-09 10:47:46,297 [grpc-default-executor-4] WARN  server.GrpcLogAppender (LogUtils.java:warn(122)) - omNode-1@group-523986131536->omNode-2-AppendLogResponseHandler: Failed appendEntries: org.apache.ratis.thirdparty.io.grpc.StatusRuntimeException: UNAVAILABLE: io exception
2020-06-09 10:47:46,297 [grpc-default-executor-4] INFO  impl.FollowerInfo (FollowerInfo.java:lambda$new$0(51)) - omNode-1@group-523986131536->omNode-2: nextIndex: updateUnconditionally 464 -> 45
2020-06-09 10:47:46,302 [grpc-default-executor-4] WARN  server.GrpcLogAppender (LogUtils.java:warn(122)) - omNode-1@group-523986131536->omNode-2-AppendLogResponseHandler: Failed appendEntries: org.apache.ratis.thirdparty.io.grpc.StatusRuntimeException: UNAVAILABLE: io exception
2020-06-09 10:47:46,302 [grpc-default-executor-4] INFO  impl.FollowerInfo (FollowerInfo.java:lambda$new$0(51)) - omNode-1@group-523986131536->omNode-2: nextIndex: updateUnconditionally 465 -> 45
2020-06-09 10:47:46,306 [grpc-default-executor-4] WARN  server.GrpcLogAppender (LogUtils.java:warn(122)) - omNode-1@group-523986131536->omNode-2-AppendLogResponseHandler: Failed appendEntries: org.apache.ratis.thirdparty.io.grpc.StatusRuntimeException: UNAVAILABLE: io exception
2020-06-09 10:47:46,306 [grpc-default-executor-4] INFO  impl.FollowerInfo (FollowerInfo.java:lambda$new$0(51)) - omNode-1@group-523986131536->omNode-2: nextIndex: updateUnconditionally 466 -> 45
2020-06-09 10:47:46,308 [grpc-default-executor-4] WARN  server.GrpcLogAppender (LogUtils.java:warn(122)) - omNode-1@group-523986131536->omNode-2-AppendLogResponseHandler: Failed appendEntries: org.apache.ratis.thirdparty.io.grpc.StatusRuntimeException: UNAVAILABLE: io exception
2020-06-09 10:47:46,308 [grpc-default-executor-4] INFO  impl.FollowerInfo (FollowerInfo.java:lambda$new$0(51)) - omNode-1@group-523986131536->omNode-2: nextIndex: updateUnconditionally 466 -> 45
2020-06-09 10:47:46,310 [grpc-default-executor-4] WARN  server.GrpcLogAppender (LogUtils.java:warn(122)) - omNode-1@group-523986131536->omNode-2-AppendLogResponseHandler: Failed appendEntries: org.apache.ratis.thirdparty.io.grpc.StatusRuntimeException: UNAVAILABLE: io exception
2020-06-09 10:47:46,310 [grpc-default-executor-4] INFO  impl.FollowerInfo (FollowerInfo.java:lambda$new$0(51)) - omNode-1@group-523986131536->omNode-2: nextIndex: updateUnconditionally 466 -> 45
2020-06-09 10:47:46,312 [grpc-default-executor-4] WARN  server.GrpcLogAppender (LogUtils.java:warn(122)) - omNode-1@group-523986131536->omNode-2-AppendLogResponseHandler: Failed appendEntries: org.apache.ratis.thirdparty.io.grpc.StatusRuntimeException: UNAVAILABLE: io exception
2020-06-09 10:47:46,312 [grpc-default-executor-4] INFO  impl.FollowerInfo (FollowerInfo.java:lambda$new$0(51)) - omNode-1@group-523986131536->omNode-2: nextIndex: updateUnconditionally 466 -> 45
2020-06-09 10:47:46,315 [grpc-default-executor-4] WARN  server.GrpcLogAppender (LogUtils.java:warn(122)) - omNode-1@group-523986131536->omNode-2-AppendLogResponseHandler: Failed appendEntries: org.apache.ratis.thirdparty.io.grpc.StatusRuntimeException: UNAVAILABLE: io exception
2020-06-09 10:47:46,315 [grpc-default-executor-4] INFO  impl.FollowerInfo (FollowerInfo.java:lambda$new$0(51)) - omNode-1@group-523986131536->omNode-2: nextIndex: updateUnconditionally 466 -> 45
2020-06-09 10:47:46,318 [grpc-default-executor-3] WARN  server.GrpcLogAppender (LogUtils.java:warn(122)) - omNode-1@group-523986131536->omNode-2-AppendLogResponseHandler: Failed appendEntries: org.apache.ratis.thirdparty.io.grpc.StatusRuntimeException: UNAVAILABLE: io exception
2020-06-09 10:47:46,319 [grpc-default-executor-3] INFO  impl.FollowerInfo (FollowerInfo.java:lambda$new$0(51)) - omNode-1@group-523986131536->omNode-2: nextIndex: updateUnconditionally 467 -> 45
2020-06-09 10:47:46,320 [grpc-default-executor-3] WARN  server.GrpcLogAppender (LogUtils.java:warn(122)) - omNode-1@group-523986131536->omNode-2-AppendLogResponseHandler: Failed appendEntries: org.apache.ratis.thirdparty.io.grpc.StatusRuntimeException: UNAVAILABLE: io exception
2020-06-09 10:47:46,320 [grpc-default-executor-3] INFO  impl.FollowerInfo (FollowerInfo.java:lambda$new$0(51)) - omNode-1@group-523986131536->omNode-2: nextIndex: updateUnconditionally 467 -> 45
2020-06-09 10:47:46,329 [grpc-default-executor-3] WARN  server.GrpcLogAppender (LogUtils.java:warn(122)) - omNode-1@group-523986131536->omNode-2-AppendLogResponseHandler: Failed appendEntries: org.apache.ratis.thirdparty.io.grpc.StatusRuntimeException: UNAVAILABLE: io exception
2020-06-09 10:47:46,329 [grpc-default-executor-3] INFO  impl.FollowerInfo (FollowerInfo.java:lambda$new$0(51)) - omNode-1@group-523986131536->omNode-2: nextIndex: updateUnconditionally 467 -> 45
2020-06-09 10:47:46,331 [grpc-default-executor-3] WARN  server.GrpcLogAppender (LogUtils.java:warn(122)) - omNode-1@group-523986131536->omNode-2-AppendLogResponseHandler: Failed appendEntries: org.apache.ratis.thirdparty.io.grpc.StatusRuntimeException: UNAVAILABLE: io exception
2020-06-09 10:47:46,331 [grpc-default-executor-3] INFO  impl.FollowerInfo (FollowerInfo.java:lambda$new$0(51)) - omNode-1@group-523986131536->omNode-2: nextIndex: updateUnconditionally 467 -> 45
2020-06-09 10:47:46,333 [grpc-default-executor-3] WARN  server.GrpcLogAppender (LogUtils.java:warn(122)) - omNode-1@group-523986131536->omNode-2-AppendLogResponseHandler: Failed appendEntries: org.apache.ratis.thirdparty.io.grpc.StatusRuntimeException: UNAVAILABLE: io exception
2020-06-09 10:47:46,333 [grpc-default-executor-3] INFO  impl.FollowerInfo (FollowerInfo.java:lambda$new$0(51)) - omNode-1@group-523986131536->omNode-2: nextIndex: updateUnconditionally 467 -> 45
2020-06-09 10:47:46,335 [grpc-default-executor-3] WARN  server.GrpcLogAppender (LogUtils.java:warn(122)) - omNode-1@group-523986131536->omNode-2-AppendLogResponseHandler: Failed appendEntries: org.apache.ratis.thirdparty.io.grpc.StatusRuntimeException: UNAVAILABLE: io exception
2020-06-09 10:47:46,335 [grpc-default-executor-3] INFO  impl.FollowerInfo (FollowerInfo.java:lambda$new$0(51)) - omNode-1@group-523986131536->omNode-2: nextIndex: updateUnconditionally 467 -> 45
2020-06-09 10:47:46,337 [grpc-default-executor-3] WARN  server.GrpcLogAppender (LogUtils.java:warn(122)) - omNode-1@group-523986131536->omNode-2-AppendLogResponseHandler: Failed appendEntries: org.apache.ratis.thirdparty.io.grpc.StatusRuntimeException: UNAVAILABLE: io exception
2020-06-09 10:47:46,337 [grpc-default-executor-3] INFO  impl.FollowerInfo (FollowerInfo.java:lambda$new$0(51)) - omNode-1@group-523986131536->omNode-2: nextIndex: updateUnconditionally 467 -> 45
2020-06-09 10:47:46,344 [grpc-default-executor-4] WARN  server.GrpcLogAppender (LogUtils.java:warn(122)) - omNode-1@group-523986131536->omNode-2-AppendLogResponseHandler: Failed appendEntries: org.apache.ratis.thirdparty.io.grpc.StatusRuntimeException: UNAVAILABLE: io exception
2020-06-09 10:47:46,344 [grpc-default-executor-4] INFO  impl.FollowerInfo (FollowerInfo.java:lambda$new$0(51)) - omNode-1@group-523986131536->omNode-2: nextIndex: updateUnconditionally 467 -> 45
2020-06-09 10:47:46,346 [grpc-default-executor-4] WARN  server.GrpcLogAppender (LogUtils.java:warn(122)) - omNode-1@group-523986131536->omNode-2-AppendLogResponseHandler: Failed appendEntries: org.apache.ratis.thirdparty.io.grpc.StatusRuntimeException: UNAVAILABLE: io exception
2020-06-09 10:47:46,346 [grpc-default-executor-4] INFO  impl.FollowerInfo (FollowerInfo.java:lambda$new$0(51)) - omNode-1@group-523986131536->omNode-2: nextIndex: updateUnconditionally 468 -> 45
2020-06-09 10:47:46,348 [grpc-default-executor-4] WARN  server.GrpcLogAppender (LogUtils.java:warn(122)) - omNode-1@group-523986131536->omNode-2-AppendLogResponseHandler: Failed appendEntries: org.apache.ratis.thirdparty.io.grpc.StatusRuntimeException: UNAVAILABLE: io exception
2020-06-09 10:47:46,348 [grpc-default-executor-4] INFO  impl.FollowerInfo (FollowerInfo.java:lambda$new$0(51)) - omNode-1@group-523986131536->omNode-2: nextIndex: updateUnconditionally 468 -> 45
2020-06-09 10:47:46,351 [grpc-default-executor-4] WARN  server.GrpcLogAppender (LogUtils.java:warn(122)) - omNode-1@group-523986131536->omNode-2-AppendLogResponseHandler: Failed appendEntries: org.apache.ratis.thirdparty.io.grpc.StatusRuntimeException: UNAVAILABLE: io exception
2020-06-09 10:47:46,352 [grpc-default-executor-4] INFO  impl.FollowerInfo (FollowerInfo.java:lambda$new$0(51)) - omNode-1@group-523986131536->omNode-2: nextIndex: updateUnconditionally 468 -> 45
2020-06-09 10:47:46,359 [grpc-default-executor-4] WARN  server.GrpcLogAppender (LogUtils.java:warn(122)) - omNode-1@group-523986131536->omNode-2-AppendLogResponseHandler: Failed appendEntries: org.apache.ratis.thirdparty.io.grpc.StatusRuntimeException: UNAVAILABLE: io exception
2020-06-09 10:47:46,359 [grpc-default-executor-4] INFO  impl.FollowerInfo (FollowerInfo.java:lambda$new$0(51)) - omNode-1@group-523986131536->omNode-2: nextIndex: updateUnconditionally 469 -> 45
2020-06-09 10:47:46,361 [grpc-default-executor-4] WARN  server.GrpcLogAppender (LogUtils.java:warn(122)) - omNode-1@group-523986131536->omNode-2-AppendLogResponseHandler: Failed appendEntries: org.apache.ratis.thirdparty.io.grpc.StatusRuntimeException: UNAVAILABLE: io exception
2020-06-09 10:47:46,361 [grpc-default-executor-4] INFO  impl.FollowerInfo (FollowerInfo.java:lambda$new$0(51)) - omNode-1@group-523986131536->omNode-2: nextIndex: updateUnconditionally 470 -> 45
2020-06-09 10:47:46,365 [grpc-default-executor-4] WARN  server.GrpcLogAppender (LogUtils.java:warn(122)) - omNode-1@group-523986131536->omNode-2-AppendLogResponseHandler: Failed appendEntries: org.apache.ratis.thirdparty.io.grpc.StatusRuntimeException: UNAVAILABLE: io exception
2020-06-09 10:47:46,365 [grpc-default-executor-4] INFO  impl.FollowerInfo (FollowerInfo.java:lambda$new$0(51)) - omNode-1@group-523986131536->omNode-2: nextIndex: updateUnconditionally 470 -> 45
2020-06-09 10:47:46,367 [grpc-default-executor-4] WARN  server.GrpcLogAppender (LogUtils.java:warn(122)) - omNode-1@group-523986131536->omNode-2-AppendLogResponseHandler: Failed appendEntries: org.apache.ratis.thirdparty.io.grpc.StatusRuntimeException: UNAVAILABLE: io exception
2020-06-09 10:47:46,367 [grpc-default-executor-4] INFO  impl.FollowerInfo (FollowerInfo.java:lambda$new$0(51)) - omNode-1@group-523986131536->omNode-2: nextIndex: updateUnconditionally 470 -> 45
2020-06-09 10:47:46,368 [grpc-default-executor-4] WARN  server.GrpcLogAppender (LogUtils.java:warn(122)) - omNode-1@group-523986131536->omNode-2-AppendLogResponseHandler: Failed appendEntries: org.apache.ratis.thirdparty.io.grpc.StatusRuntimeException: UNAVAILABLE: io exception
2020-06-09 10:47:46,369 [grpc-default-executor-4] INFO  impl.FollowerInfo (FollowerInfo.java:lambda$new$0(51)) - omNode-1@group-523986131536->omNode-2: nextIndex: updateUnconditionally 470 -> 45
2020-06-09 10:47:46,372 [grpc-default-executor-4] WARN  server.GrpcLogAppender (LogUtils.java:warn(122)) - omNode-1@group-523986131536->omNode-2-AppendLogResponseHandler: Failed appendEntries: org.apache.ratis.thirdparty.io.grpc.StatusRuntimeException: UNAVAILABLE: io exception
2020-06-09 10:47:46,372 [grpc-default-executor-4] INFO  impl.FollowerInfo (FollowerInfo.java:lambda$new$0(51)) - omNode-1@group-523986131536->omNode-2: nextIndex: updateUnconditionally 470 -> 45
2020-06-09 10:47:46,379 [grpc-default-executor-3] WARN  server.GrpcLogAppender (LogUtils.java:warn(122)) - omNode-1@group-523986131536->omNode-2-AppendLogResponseHandler: Failed appendEntries: org.apache.ratis.thirdparty.io.grpc.StatusRuntimeException: UNAVAILABLE: io exception
2020-06-09 10:47:46,379 [grpc-default-executor-3] INFO  impl.FollowerInfo (FollowerInfo.java:lambda$new$0(51)) - omNode-1@group-523986131536->omNode-2: nextIndex: updateUnconditionally 471 -> 45
2020-06-09 10:47:46,381 [grpc-default-executor-3] WARN  server.GrpcLogAppender (LogUtils.java:warn(122)) - omNode-1@group-523986131536->omNode-2-AppendLogResponseHandler: Failed appendEntries: org.apache.ratis.thirdparty.io.grpc.StatusRuntimeException: UNAVAILABLE: io exception
2020-06-09 10:47:46,381 [grpc-default-executor-3] INFO  impl.FollowerInfo (FollowerInfo.java:lambda$new$0(51)) - omNode-1@group-523986131536->omNode-2: nextIndex: updateUnconditionally 471 -> 45
2020-06-09 10:47:46,384 [grpc-default-executor-3] WARN  server.GrpcLogAppender (LogUtils.java:warn(122)) - omNode-1@group-523986131536->omNode-2-AppendLogResponseHandler: Failed appendEntries: org.apache.ratis.thirdparty.io.grpc.StatusRuntimeException: UNAVAILABLE: io exception
2020-06-09 10:47:46,384 [grpc-default-executor-3] INFO  impl.FollowerInfo (FollowerInfo.java:lambda$new$0(51)) - omNode-1@group-523986131536->omNode-2: nextIndex: updateUnconditionally 471 -> 45
2020-06-09 10:47:46,386 [grpc-default-executor-3] WARN  server.GrpcLogAppender (LogUtils.java:warn(122)) - omNode-1@group-523986131536->omNode-2-AppendLogResponseHandler: Failed appendEntries: org.apache.ratis.thirdparty.io.grpc.StatusRuntimeException: UNAVAILABLE: io exception
2020-06-09 10:47:46,386 [grpc-default-executor-3] INFO  impl.FollowerInfo (FollowerInfo.java:lambda$new$0(51)) - omNode-1@group-523986131536->omNode-2: nextIndex: updateUnconditionally 471 -> 45
2020-06-09 10:47:46,388 [grpc-default-executor-3] WARN  server.GrpcLogAppender (LogUtils.java:warn(122)) - omNode-1@group-523986131536->omNode-2-AppendLogResponseHandler: Failed appendEntries: org.apache.ratis.thirdparty.io.grpc.StatusRuntimeException: UNAVAILABLE: io exception
2020-06-09 10:47:46,388 [grpc-default-executor-3] INFO  impl.FollowerInfo (FollowerInfo.java:lambda$new$0(51)) - omNode-1@group-523986131536->omNode-2: nextIndex: updateUnconditionally 471 -> 45
2020-06-09 10:47:46,392 [grpc-default-executor-3] WARN  server.GrpcLogAppender (LogUtils.java:warn(122)) - omNode-1@group-523986131536->omNode-2-AppendLogResponseHandler: Failed appendEntries: org.apache.ratis.thirdparty.io.grpc.StatusRuntimeException: UNAVAILABLE: io exception
2020-06-09 10:47:46,392 [grpc-default-executor-3] INFO  impl.FollowerInfo (FollowerInfo.java:lambda$new$0(51)) - omNode-1@group-523986131536->omNode-2: nextIndex: updateUnconditionally 471 -> 45
2020-06-09 10:47:46,394 [grpc-default-executor-3] WARN  server.GrpcLogAppender (LogUtils.java:warn(122)) - omNode-1@group-523986131536->omNode-2-AppendLogResponseHandler: Failed appendEntries: org.apache.ratis.thirdparty.io.grpc.StatusRuntimeException: UNAVAILABLE: io exception
2020-06-09 10:47:46,394 [grpc-default-executor-3] INFO  impl.FollowerInfo (FollowerInfo.java:lambda$new$0(51)) - omNode-1@group-523986131536->omNode-2: nextIndex: updateUnconditionally 471 -> 45
2020-06-09 10:47:46,396 [grpc-default-executor-3] WARN  server.GrpcLogAppender (LogUtils.java:warn(122)) - omNode-1@group-523986131536->omNode-2-AppendLogResponseHandler: Failed appendEntries: org.apache.ratis.thirdparty.io.grpc.StatusRuntimeException: UNAVAILABLE: io exception
2020-06-09 10:47:46,396 [grpc-default-executor-3] INFO  impl.FollowerInfo (FollowerInfo.java:lambda$new$0(51)) - omNode-1@group-523986131536->omNode-2: nextIndex: updateUnconditionally 472 -> 45
2020-06-09 10:47:46,398 [grpc-default-executor-3] WARN  server.GrpcLogAppender (LogUtils.java:warn(122)) - omNode-1@group-523986131536->omNode-2-AppendLogResponseHandler: Failed appendEntries: org.apache.ratis.thirdparty.io.grpc.StatusRuntimeException: UNAVAILABLE: io exception
2020-06-09 10:47:46,398 [grpc-default-executor-3] INFO  impl.FollowerInfo (FollowerInfo.java:lambda$new$0(51)) - omNode-1@group-523986131536->omNode-2: nextIndex: updateUnconditionally 472 -> 45
2020-06-09 10:47:46,401 [grpc-default-executor-3] WARN  server.GrpcLogAppender (LogUtils.java:warn(122)) - omNode-1@group-523986131536->omNode-2-AppendLogResponseHandler: Failed appendEntries: org.apache.ratis.thirdparty.io.grpc.StatusRuntimeException: UNAVAILABLE: io exception
2020-06-09 10:47:46,401 [grpc-default-executor-3] INFO  impl.FollowerInfo (FollowerInfo.java:lambda$new$0(51)) - omNode-1@group-523986131536->omNode-2: nextIndex: updateUnconditionally 472 -> 45
2020-06-09 10:47:46,405 [grpc-default-executor-3] WARN  server.GrpcLogAppender (LogUtils.java:warn(122)) - omNode-1@group-523986131536->omNode-2-AppendLogResponseHandler: Failed appendEntries: org.apache.ratis.thirdparty.io.grpc.StatusRuntimeException: UNAVAILABLE: io exception
2020-06-09 10:47:46,405 [grpc-default-executor-3] INFO  impl.FollowerInfo (FollowerInfo.java:lambda$new$0(51)) - omNode-1@group-523986131536->omNode-2: nextIndex: updateUnconditionally 473 -> 45
2020-06-09 10:47:46,407 [grpc-default-executor-3] WARN  server.GrpcLogAppender (LogUtils.java:warn(122)) - omNode-1@group-523986131536->omNode-2-AppendLogResponseHandler: Failed appendEntries: org.apache.ratis.thirdparty.io.grpc.StatusRuntimeException: UNAVAILABLE: io exception
2020-06-09 10:47:46,407 [grpc-default-executor-3] INFO  impl.FollowerInfo (FollowerInfo.java:lambda$new$0(51)) - omNode-1@group-523986131536->omNode-2: nextIndex: updateUnconditionally 474 -> 45
2020-06-09 10:47:46,409 [grpc-default-executor-3] WARN  server.GrpcLogAppender (LogUtils.java:warn(122)) - omNode-1@group-523986131536->omNode-2-AppendLogResponseHandler: Failed appendEntries: org.apache.ratis.thirdparty.io.grpc.StatusRuntimeException: UNAVAILABLE: io exception
2020-06-09 10:47:46,409 [grpc-default-executor-3] INFO  impl.FollowerInfo (FollowerInfo.java:lambda$new$0(51)) - omNode-1@group-523986131536->omNode-2: nextIndex: updateUnconditionally 474 -> 45
2020-06-09 10:47:46,411 [grpc-default-executor-3] WARN  server.GrpcLogAppender (LogUtils.java:warn(122)) - omNode-1@group-523986131536->omNode-2-AppendLogResponseHandler: Failed appendEntries: org.apache.ratis.thirdparty.io.grpc.StatusRuntimeException: UNAVAILABLE: io exception
2020-06-09 10:47:46,411 [grpc-default-executor-3] INFO  impl.FollowerInfo (FollowerInfo.java:lambda$new$0(51)) - omNode-1@group-523986131536->omNode-2: nextIndex: updateUnconditionally 474 -> 45
2020-06-09 10:47:46,413 [grpc-default-executor-3] WARN  server.GrpcLogAppender (LogUtils.java:warn(122)) - omNode-1@group-523986131536->omNode-2-AppendLogResponseHandler: Failed appendEntries: org.apache.ratis.thirdparty.io.grpc.StatusRuntimeException: UNAVAILABLE: io exception
2020-06-09 10:47:46,413 [grpc-default-executor-3] INFO  impl.FollowerInfo (FollowerInfo.java:lambda$new$0(51)) - omNode-1@group-523986131536->omNode-2: nextIndex: updateUnconditionally 474 -> 45
2020-06-09 10:47:46,416 [grpc-default-executor-3] WARN  server.GrpcLogAppender (LogUtils.java:warn(122)) - omNode-1@group-523986131536->omNode-2-AppendLogResponseHandler: Failed appendEntries: org.apache.ratis.thirdparty.io.grpc.StatusRuntimeException: UNAVAILABLE: io exception
2020-06-09 10:47:46,416 [grpc-default-executor-3] INFO  impl.FollowerInfo (FollowerInfo.java:lambda$new$0(51)) - omNode-1@group-523986131536->omNode-2: nextIndex: updateUnconditionally 474 -> 45
2020-06-09 10:47:46,418 [grpc-default-executor-3] WARN  server.GrpcLogAppender (LogUtils.java:warn(122)) - omNode-1@group-523986131536->omNode-2-AppendLogResponseHandler: Failed appendEntries: org.apache.ratis.thirdparty.io.grpc.StatusRuntimeException: UNAVAILABLE: io exception
2020-06-09 10:47:46,418 [grpc-default-executor-3] INFO  impl.FollowerInfo (FollowerInfo.java:lambda$new$0(51)) - omNode-1@group-523986131536->omNode-2: nextIndex: updateUnconditionally 474 -> 45
2020-06-09 10:47:46,421 [grpc-default-executor-3] WARN  server.GrpcLogAppender (LogUtils.java:warn(122)) - omNode-1@group-523986131536->omNode-2-AppendLogResponseHandler: Failed appendEntries: org.apache.ratis.thirdparty.io.grpc.StatusRuntimeException: UNAVAILABLE: io exception
2020-06-09 10:47:46,421 [grpc-default-executor-3] INFO  impl.FollowerInfo (FollowerInfo.java:lambda$new$0(51)) - omNode-1@group-523986131536->omNode-2: nextIndex: updateUnconditionally 474 -> 45
2020-06-09 10:47:46,434 [grpc-default-executor-4] WARN  server.GrpcLogAppender (LogUtils.java:warn(122)) - omNode-1@group-523986131536->omNode-2-AppendLogResponseHandler: Failed appendEntries: org.apache.ratis.thirdparty.io.grpc.StatusRuntimeException: UNAVAILABLE: io exception
2020-06-09 10:47:46,434 [grpc-default-executor-4] INFO  impl.FollowerInfo (FollowerInfo.java:lambda$new$0(51)) - omNode-1@group-523986131536->omNode-2: nextIndex: updateUnconditionally 475 -> 45
2020-06-09 10:47:46,436 [grpc-default-executor-4] WARN  server.GrpcLogAppender (LogUtils.java:warn(122)) - omNode-1@group-523986131536->omNode-2-AppendLogResponseHandler: Failed appendEntries: org.apache.ratis.thirdparty.io.grpc.StatusRuntimeException: UNAVAILABLE: io exception
2020-06-09 10:47:46,436 [grpc-default-executor-4] INFO  impl.FollowerInfo (FollowerInfo.java:lambda$new$0(51)) - omNode-1@group-523986131536->omNode-2: nextIndex: updateUnconditionally 475 -> 45
2020-06-09 10:47:46,441 [grpc-default-executor-5] WARN  server.GrpcLogAppender (LogUtils.java:warn(122)) - omNode-1@group-523986131536->omNode-2-AppendLogResponseHandler: Failed appendEntries: org.apache.ratis.thirdparty.io.grpc.StatusRuntimeException: UNAVAILABLE: io exception
2020-06-09 10:47:46,441 [grpc-default-executor-5] INFO  impl.FollowerInfo (FollowerInfo.java:lambda$new$0(51)) - omNode-1@group-523986131536->omNode-2: nextIndex: updateUnconditionally 475 -> 45
2020-06-09 10:47:46,444 [grpc-default-executor-5] WARN  server.GrpcLogAppender (LogUtils.java:warn(122)) - omNode-1@group-523986131536->omNode-2-AppendLogResponseHandler: Failed appendEntries: org.apache.ratis.thirdparty.io.grpc.StatusRuntimeException: UNAVAILABLE: io exception
2020-06-09 10:47:46,444 [grpc-default-executor-5] INFO  impl.FollowerInfo (FollowerInfo.java:lambda$new$0(51)) - omNode-1@group-523986131536->omNode-2: nextIndex: updateUnconditionally 476 -> 45
2020-06-09 10:47:46,447 [grpc-default-executor-3] WARN  server.GrpcLogAppender (LogUtils.java:warn(122)) - omNode-1@group-523986131536->omNode-2-AppendLogResponseHandler: Failed appendEntries: org.apache.ratis.thirdparty.io.grpc.StatusRuntimeException: UNAVAILABLE: io exception
2020-06-09 10:47:46,447 [grpc-default-executor-3] INFO  impl.FollowerInfo (FollowerInfo.java:lambda$new$0(51)) - omNode-1@group-523986131536->omNode-2: nextIndex: updateUnconditionally 477 -> 45
2020-06-09 10:47:46,451 [grpc-default-executor-3] WARN  server.GrpcLogAppender (LogUtils.java:warn(122)) - omNode-1@group-523986131536->omNode-2-AppendLogResponseHandler: Failed appendEntries: org.apache.ratis.thirdparty.io.grpc.StatusRuntimeException: UNAVAILABLE: io exception
2020-06-09 10:47:46,451 [grpc-default-executor-3] INFO  impl.FollowerInfo (FollowerInfo.java:lambda$new$0(51)) - omNode-1@group-523986131536->omNode-2: nextIndex: updateUnconditionally 478 -> 45
2020-06-09 10:47:46,455 [grpc-default-executor-5] WARN  server.GrpcLogAppender (LogUtils.java:warn(122)) - omNode-1@group-523986131536->omNode-2-AppendLogResponseHandler: Failed appendEntries: org.apache.ratis.thirdparty.io.grpc.StatusRuntimeException: UNAVAILABLE: io exception
2020-06-09 10:47:46,455 [grpc-default-executor-5] INFO  impl.FollowerInfo (FollowerInfo.java:lambda$new$0(51)) - omNode-1@group-523986131536->omNode-2: nextIndex: updateUnconditionally 479 -> 45
2020-06-09 10:47:46,456 [grpc-default-executor-5] WARN  server.GrpcLogAppender (LogUtils.java:warn(122)) - omNode-1@group-523986131536->omNode-2-AppendLogResponseHandler: Failed appendEntries: org.apache.ratis.thirdparty.io.grpc.StatusRuntimeException: UNAVAILABLE: io exception
2020-06-09 10:47:46,457 [grpc-default-executor-5] INFO  impl.FollowerInfo (FollowerInfo.java:lambda$new$0(51)) - omNode-1@group-523986131536->omNode-2: nextIndex: updateUnconditionally 479 -> 45
2020-06-09 10:47:46,458 [grpc-default-executor-5] WARN  server.GrpcLogAppender (LogUtils.java:warn(122)) - omNode-1@group-523986131536->omNode-2-AppendLogResponseHandler: Failed appendEntries: org.apache.ratis.thirdparty.io.grpc.StatusRuntimeException: UNAVAILABLE: io exception
2020-06-09 10:47:46,458 [grpc-default-executor-5] INFO  impl.FollowerInfo (FollowerInfo.java:lambda$new$0(51)) - omNode-1@group-523986131536->omNode-2: nextIndex: updateUnconditionally 479 -> 45
2020-06-09 10:47:46,460 [grpc-default-executor-5] WARN  server.GrpcLogAppender (LogUtils.java:warn(122)) - omNode-1@group-523986131536->omNode-2-AppendLogResponseHandler: Failed appendEntries: org.apache.ratis.thirdparty.io.grpc.StatusRuntimeException: UNAVAILABLE: io exception
2020-06-09 10:47:46,460 [grpc-default-executor-5] INFO  impl.FollowerInfo (FollowerInfo.java:lambda$new$0(51)) - omNode-1@group-523986131536->omNode-2: nextIndex: updateUnconditionally 479 -> 45
2020-06-09 10:47:46,463 [grpc-default-executor-5] WARN  server.GrpcLogAppender (LogUtils.java:warn(122)) - omNode-1@group-523986131536->omNode-2-AppendLogResponseHandler: Failed appendEntries: org.apache.ratis.thirdparty.io.grpc.StatusRuntimeException: UNAVAILABLE: io exception
2020-06-09 10:47:46,463 [grpc-default-executor-5] INFO  impl.FollowerInfo (FollowerInfo.java:lambda$new$0(51)) - omNode-1@group-523986131536->omNode-2: nextIndex: updateUnconditionally 479 -> 45
2020-06-09 10:47:46,465 [grpc-default-executor-5] WARN  server.GrpcLogAppender (LogUtils.java:warn(122)) - omNode-1@group-523986131536->omNode-2-AppendLogResponseHandler: Failed appendEntries: org.apache.ratis.thirdparty.io.grpc.StatusRuntimeException: UNAVAILABLE: io exception
2020-06-09 10:47:46,465 [grpc-default-executor-5] INFO  impl.FollowerInfo (FollowerInfo.java:lambda$new$0(51)) - omNode-1@group-523986131536->omNode-2: nextIndex: updateUnconditionally 479 -> 45
2020-06-09 10:47:46,467 [grpc-default-executor-5] WARN  server.GrpcLogAppender (LogUtils.java:warn(122)) - omNode-1@group-523986131536->omNode-2-AppendLogResponseHandler: Failed appendEntries: org.apache.ratis.thirdparty.io.grpc.StatusRuntimeException: UNAVAILABLE: io exception
2020-06-09 10:47:46,467 [grpc-default-executor-5] INFO  impl.FollowerInfo (FollowerInfo.java:lambda$new$0(51)) - omNode-1@group-523986131536->omNode-2: nextIndex: updateUnconditionally 479 -> 45
2020-06-09 10:47:46,469 [grpc-default-executor-5] WARN  server.GrpcLogAppender (LogUtils.java:warn(122)) - omNode-1@group-523986131536->omNode-2-AppendLogResponseHandler: Failed appendEntries: org.apache.ratis.thirdparty.io.grpc.StatusRuntimeException: UNAVAILABLE: io exception
2020-06-09 10:47:46,469 [grpc-default-executor-5] INFO  impl.FollowerInfo (FollowerInfo.java:lambda$new$0(51)) - omNode-1@group-523986131536->omNode-2: nextIndex: updateUnconditionally 479 -> 45
2020-06-09 10:47:46,474 [grpc-default-executor-3] WARN  server.GrpcLogAppender (LogUtils.java:warn(122)) - omNode-1@group-523986131536->omNode-2-AppendLogResponseHandler: Failed appendEntries: org.apache.ratis.thirdparty.io.grpc.StatusRuntimeException: UNAVAILABLE: io exception
2020-06-09 10:47:46,474 [grpc-default-executor-3] INFO  impl.FollowerInfo (FollowerInfo.java:lambda$new$0(51)) - omNode-1@group-523986131536->omNode-2: nextIndex: updateUnconditionally 479 -> 45
2020-06-09 10:47:46,476 [grpc-default-executor-3] WARN  server.GrpcLogAppender (LogUtils.java:warn(122)) - omNode-1@group-523986131536->omNode-2-AppendLogResponseHandler: Failed appendEntries: org.apache.ratis.thirdparty.io.grpc.StatusRuntimeException: UNAVAILABLE: io exception
2020-06-09 10:47:46,476 [grpc-default-executor-3] INFO  impl.FollowerInfo (FollowerInfo.java:lambda$new$0(51)) - omNode-1@group-523986131536->omNode-2: nextIndex: updateUnconditionally 480 -> 45
2020-06-09 10:47:46,477 [grpc-default-executor-3] WARN  server.GrpcLogAppender (LogUtils.java:warn(122)) - omNode-1@group-523986131536->omNode-2-AppendLogResponseHandler: Failed appendEntries: org.apache.ratis.thirdparty.io.grpc.StatusRuntimeException: UNAVAILABLE: io exception
2020-06-09 10:47:46,477 [grpc-default-executor-3] INFO  impl.FollowerInfo (FollowerInfo.java:lambda$new$0(51)) - omNode-1@group-523986131536->omNode-2: nextIndex: updateUnconditionally 480 -> 45
2020-06-09 10:47:46,480 [grpc-default-executor-3] WARN  server.GrpcLogAppender (LogUtils.java:warn(122)) - omNode-1@group-523986131536->omNode-2-AppendLogResponseHandler: Failed appendEntries: org.apache.ratis.thirdparty.io.grpc.StatusRuntimeException: UNAVAILABLE: io exception
2020-06-09 10:47:46,480 [grpc-default-executor-3] INFO  impl.FollowerInfo (FollowerInfo.java:lambda$new$0(51)) - omNode-1@group-523986131536->omNode-2: nextIndex: updateUnconditionally 480 -> 45
2020-06-09 10:47:46,485 [grpc-default-executor-3] WARN  server.GrpcLogAppender (LogUtils.java:warn(122)) - omNode-1@group-523986131536->omNode-2-AppendLogResponseHandler: Failed appendEntries: org.apache.ratis.thirdparty.io.grpc.StatusRuntimeException: UNAVAILABLE: io exception
2020-06-09 10:47:46,486 [grpc-default-executor-3] INFO  impl.FollowerInfo (FollowerInfo.java:lambda$new$0(51)) - omNode-1@group-523986131536->omNode-2: nextIndex: updateUnconditionally 481 -> 45
2020-06-09 10:47:46,489 [grpc-default-executor-3] WARN  server.GrpcLogAppender (LogUtils.java:warn(122)) - omNode-1@group-523986131536->omNode-2-AppendLogResponseHandler: Failed appendEntries: org.apache.ratis.thirdparty.io.grpc.StatusRuntimeException: UNAVAILABLE: io exception
2020-06-09 10:47:46,489 [grpc-default-executor-3] INFO  impl.FollowerInfo (FollowerInfo.java:lambda$new$0(51)) - omNode-1@group-523986131536->omNode-2: nextIndex: updateUnconditionally 482 -> 45
2020-06-09 10:47:46,491 [grpc-default-executor-3] WARN  server.GrpcLogAppender (LogUtils.java:warn(122)) - omNode-1@group-523986131536->omNode-2-AppendLogResponseHandler: Failed appendEntries: org.apache.ratis.thirdparty.io.grpc.StatusRuntimeException: UNAVAILABLE: io exception
2020-06-09 10:47:46,491 [grpc-default-executor-3] INFO  impl.FollowerInfo (FollowerInfo.java:lambda$new$0(51)) - omNode-1@group-523986131536->omNode-2: nextIndex: updateUnconditionally 482 -> 45
2020-06-09 10:47:46,493 [grpc-default-executor-3] WARN  server.GrpcLogAppender (LogUtils.java:warn(122)) - omNode-1@group-523986131536->omNode-2-AppendLogResponseHandler: Failed appendEntries: org.apache.ratis.thirdparty.io.grpc.StatusRuntimeException: UNAVAILABLE: io exception
2020-06-09 10:47:46,493 [grpc-default-executor-3] INFO  impl.FollowerInfo (FollowerInfo.java:lambda$new$0(51)) - omNode-1@group-523986131536->omNode-2: nextIndex: updateUnconditionally 482 -> 45
2020-06-09 10:47:46,496 [grpc-default-executor-3] WARN  server.GrpcLogAppender (LogUtils.java:warn(122)) - omNode-1@group-523986131536->omNode-2-AppendLogResponseHandler: Failed appendEntries: org.apache.ratis.thirdparty.io.grpc.StatusRuntimeException: UNAVAILABLE: io exception
2020-06-09 10:47:46,496 [grpc-default-executor-3] INFO  impl.FollowerInfo (FollowerInfo.java:lambda$new$0(51)) - omNode-1@group-523986131536->omNode-2: nextIndex: updateUnconditionally 482 -> 45
2020-06-09 10:47:46,503 [grpc-default-executor-3] WARN  server.GrpcLogAppender (LogUtils.java:warn(122)) - omNode-1@group-523986131536->omNode-2-AppendLogResponseHandler: Failed appendEntries: org.apache.ratis.thirdparty.io.grpc.StatusRuntimeException: UNAVAILABLE: io exception
2020-06-09 10:47:46,503 [grpc-default-executor-3] INFO  impl.FollowerInfo (FollowerInfo.java:lambda$new$0(51)) - omNode-1@group-523986131536->omNode-2: nextIndex: updateUnconditionally 483 -> 45
2020-06-09 10:47:46,505 [grpc-default-executor-3] WARN  server.GrpcLogAppender (LogUtils.java:warn(122)) - omNode-1@group-523986131536->omNode-2-AppendLogResponseHandler: Failed appendEntries: org.apache.ratis.thirdparty.io.grpc.StatusRuntimeException: UNAVAILABLE: io exception
2020-06-09 10:47:46,505 [grpc-default-executor-3] INFO  impl.FollowerInfo (FollowerInfo.java:lambda$new$0(51)) - omNode-1@group-523986131536->omNode-2: nextIndex: updateUnconditionally 483 -> 45
2020-06-09 10:47:46,508 [grpc-default-executor-3] WARN  server.GrpcLogAppender (LogUtils.java:warn(122)) - omNode-1@group-523986131536->omNode-2-AppendLogResponseHandler: Failed appendEntries: org.apache.ratis.thirdparty.io.grpc.StatusRuntimeException: UNAVAILABLE: io exception
2020-06-09 10:47:46,508 [grpc-default-executor-3] INFO  impl.FollowerInfo (FollowerInfo.java:lambda$new$0(51)) - omNode-1@group-523986131536->omNode-2: nextIndex: updateUnconditionally 483 -> 45
2020-06-09 10:47:46,510 [grpc-default-executor-3] WARN  server.GrpcLogAppender (LogUtils.java:warn(122)) - omNode-1@group-523986131536->omNode-2-AppendLogResponseHandler: Failed appendEntries: org.apache.ratis.thirdparty.io.grpc.StatusRuntimeException: UNAVAILABLE: io exception
2020-06-09 10:47:46,510 [grpc-default-executor-3] INFO  impl.FollowerInfo (FollowerInfo.java:lambda$new$0(51)) - omNode-1@group-523986131536->omNode-2: nextIndex: updateUnconditionally 483 -> 45
2020-06-09 10:47:46,512 [grpc-default-executor-3] WARN  server.GrpcLogAppender (LogUtils.java:warn(122)) - omNode-1@group-523986131536->omNode-2-AppendLogResponseHandler: Failed appendEntries: org.apache.ratis.thirdparty.io.grpc.StatusRuntimeException: UNAVAILABLE: io exception
2020-06-09 10:47:46,512 [grpc-default-executor-3] INFO  impl.FollowerInfo (FollowerInfo.java:lambda$new$0(51)) - omNode-1@group-523986131536->omNode-2: nextIndex: updateUnconditionally 483 -> 45
2020-06-09 10:47:46,515 [grpc-default-executor-4] WARN  server.GrpcLogAppender (LogUtils.java:warn(122)) - omNode-1@group-523986131536->omNode-2-AppendLogResponseHandler: Failed appendEntries: org.apache.ratis.thirdparty.io.grpc.StatusRuntimeException: UNAVAILABLE: io exception
2020-06-09 10:47:46,516 [grpc-default-executor-4] INFO  impl.FollowerInfo (FollowerInfo.java:lambda$new$0(51)) - omNode-1@group-523986131536->omNode-2: nextIndex: updateUnconditionally 483 -> 45
2020-06-09 10:47:46,519 [grpc-default-executor-4] WARN  server.GrpcLogAppender (LogUtils.java:warn(122)) - omNode-1@group-523986131536->omNode-2-AppendLogResponseHandler: Failed appendEntries: org.apache.ratis.thirdparty.io.grpc.StatusRuntimeException: UNAVAILABLE: io exception
2020-06-09 10:47:46,519 [grpc-default-executor-4] INFO  impl.FollowerInfo (FollowerInfo.java:lambda$new$0(51)) - omNode-1@group-523986131536->omNode-2: nextIndex: updateUnconditionally 484 -> 45
2020-06-09 10:47:46,521 [grpc-default-executor-4] WARN  server.GrpcLogAppender (LogUtils.java:warn(122)) - omNode-1@group-523986131536->omNode-2-AppendLogResponseHandler: Failed appendEntries: org.apache.ratis.thirdparty.io.grpc.StatusRuntimeException: UNAVAILABLE: io exception
2020-06-09 10:47:46,521 [grpc-default-executor-4] INFO  impl.FollowerInfo (FollowerInfo.java:lambda$new$0(51)) - omNode-1@group-523986131536->omNode-2: nextIndex: updateUnconditionally 484 -> 45
2020-06-09 10:47:46,523 [grpc-default-executor-4] WARN  server.GrpcLogAppender (LogUtils.java:warn(122)) - omNode-1@group-523986131536->omNode-2-AppendLogResponseHandler: Failed appendEntries: org.apache.ratis.thirdparty.io.grpc.StatusRuntimeException: UNAVAILABLE: io exception
2020-06-09 10:47:46,523 [grpc-default-executor-4] INFO  impl.FollowerInfo (FollowerInfo.java:lambda$new$0(51)) - omNode-1@group-523986131536->omNode-2: nextIndex: updateUnconditionally 484 -> 45
2020-06-09 10:47:46,525 [grpc-default-executor-4] WARN  server.GrpcLogAppender (LogUtils.java:warn(122)) - omNode-1@group-523986131536->omNode-2-AppendLogResponseHandler: Failed appendEntries: org.apache.ratis.thirdparty.io.grpc.StatusRuntimeException: UNAVAILABLE: io exception
2020-06-09 10:47:46,525 [grpc-default-executor-4] INFO  impl.FollowerInfo (FollowerInfo.java:lambda$new$0(51)) - omNode-1@group-523986131536->omNode-2: nextIndex: updateUnconditionally 484 -> 45
2020-06-09 10:47:46,529 [grpc-default-executor-4] WARN  server.GrpcLogAppender (LogUtils.java:warn(122)) - omNode-1@group-523986131536->omNode-2-AppendLogResponseHandler: Failed appendEntries: org.apache.ratis.thirdparty.io.grpc.StatusRuntimeException: UNAVAILABLE: io exception
2020-06-09 10:47:46,529 [grpc-default-executor-4] INFO  impl.FollowerInfo (FollowerInfo.java:lambda$new$0(51)) - omNode-1@group-523986131536->omNode-2: nextIndex: updateUnconditionally 484 -> 45
2020-06-09 10:47:46,533 [grpc-default-executor-4] WARN  server.GrpcLogAppender (LogUtils.java:warn(122)) - omNode-1@group-523986131536->omNode-2-AppendLogResponseHandler: Failed appendEntries: org.apache.ratis.thirdparty.io.grpc.StatusRuntimeException: UNAVAILABLE: io exception
2020-06-09 10:47:46,534 [grpc-default-executor-4] INFO  impl.FollowerInfo (FollowerInfo.java:lambda$new$0(51)) - omNode-1@group-523986131536->omNode-2: nextIndex: updateUnconditionally 485 -> 45
2020-06-09 10:47:46,537 [grpc-default-executor-4] WARN  server.GrpcLogAppender (LogUtils.java:warn(122)) - omNode-1@group-523986131536->omNode-2-AppendLogResponseHandler: Failed appendEntries: org.apache.ratis.thirdparty.io.grpc.StatusRuntimeException: UNAVAILABLE: io exception
2020-06-09 10:47:46,537 [grpc-default-executor-4] INFO  impl.FollowerInfo (FollowerInfo.java:lambda$new$0(51)) - omNode-1@group-523986131536->omNode-2: nextIndex: updateUnconditionally 486 -> 45
2020-06-09 10:47:46,539 [grpc-default-executor-4] WARN  server.GrpcLogAppender (LogUtils.java:warn(122)) - omNode-1@group-523986131536->omNode-2-AppendLogResponseHandler: Failed appendEntries: org.apache.ratis.thirdparty.io.grpc.StatusRuntimeException: UNAVAILABLE: io exception
2020-06-09 10:47:46,539 [grpc-default-executor-4] INFO  impl.FollowerInfo (FollowerInfo.java:lambda$new$0(51)) - omNode-1@group-523986131536->omNode-2: nextIndex: updateUnconditionally 486 -> 45
2020-06-09 10:47:46,541 [grpc-default-executor-4] WARN  server.GrpcLogAppender (LogUtils.java:warn(122)) - omNode-1@group-523986131536->omNode-2-AppendLogResponseHandler: Failed appendEntries: org.apache.ratis.thirdparty.io.grpc.StatusRuntimeException: UNAVAILABLE: io exception
2020-06-09 10:47:46,541 [grpc-default-executor-4] INFO  impl.FollowerInfo (FollowerInfo.java:lambda$new$0(51)) - omNode-1@group-523986131536->omNode-2: nextIndex: updateUnconditionally 486 -> 45
2020-06-09 10:47:46,544 [grpc-default-executor-4] WARN  server.GrpcLogAppender (LogUtils.java:warn(122)) - omNode-1@group-523986131536->omNode-2-AppendLogResponseHandler: Failed appendEntries: org.apache.ratis.thirdparty.io.grpc.StatusRuntimeException: UNAVAILABLE: io exception
2020-06-09 10:47:46,544 [grpc-default-executor-4] INFO  impl.FollowerInfo (FollowerInfo.java:lambda$new$0(51)) - omNode-1@group-523986131536->omNode-2: nextIndex: updateUnconditionally 486 -> 45
2020-06-09 10:47:46,547 [grpc-default-executor-4] WARN  server.GrpcLogAppender (LogUtils.java:warn(122)) - omNode-1@group-523986131536->omNode-2-AppendLogResponseHandler: Failed appendEntries: org.apache.ratis.thirdparty.io.grpc.StatusRuntimeException: UNAVAILABLE: io exception
2020-06-09 10:47:46,547 [grpc-default-executor-4] INFO  impl.FollowerInfo (FollowerInfo.java:lambda$new$0(51)) - omNode-1@group-523986131536->omNode-2: nextIndex: updateUnconditionally 487 -> 45
2020-06-09 10:47:46,550 [grpc-default-executor-3] WARN  server.GrpcLogAppender (LogUtils.java:warn(122)) - omNode-1@group-523986131536->omNode-2-AppendLogResponseHandler: Failed appendEntries: org.apache.ratis.thirdparty.io.grpc.StatusRuntimeException: UNAVAILABLE: io exception
2020-06-09 10:47:46,550 [grpc-default-executor-3] INFO  impl.FollowerInfo (FollowerInfo.java:lambda$new$0(51)) - omNode-1@group-523986131536->omNode-2: nextIndex: updateUnconditionally 487 -> 45
2020-06-09 10:47:46,553 [grpc-default-executor-4] WARN  server.GrpcLogAppender (LogUtils.java:warn(122)) - omNode-1@group-523986131536->omNode-2-AppendLogResponseHandler: Failed appendEntries: org.apache.ratis.thirdparty.io.grpc.StatusRuntimeException: UNAVAILABLE: io exception
2020-06-09 10:47:46,553 [grpc-default-executor-4] INFO  impl.FollowerInfo (FollowerInfo.java:lambda$new$0(51)) - omNode-1@group-523986131536->omNode-2: nextIndex: updateUnconditionally 488 -> 45
2020-06-09 10:47:46,555 [grpc-default-executor-3] WARN  server.GrpcLogAppender (LogUtils.java:warn(122)) - omNode-1@group-523986131536->omNode-2-AppendLogResponseHandler: Failed appendEntries: org.apache.ratis.thirdparty.io.grpc.StatusRuntimeException: UNAVAILABLE: io exception
2020-06-09 10:47:46,555 [grpc-default-executor-3] INFO  impl.FollowerInfo (FollowerInfo.java:lambda$new$0(51)) - omNode-1@group-523986131536->omNode-2: nextIndex: updateUnconditionally 489 -> 45
2020-06-09 10:47:46,560 [grpc-default-executor-4] WARN  server.GrpcLogAppender (LogUtils.java:warn(122)) - omNode-1@group-523986131536->omNode-2-AppendLogResponseHandler: Failed appendEntries: org.apache.ratis.thirdparty.io.grpc.StatusRuntimeException: UNAVAILABLE: io exception
2020-06-09 10:47:46,560 [grpc-default-executor-4] INFO  impl.FollowerInfo (FollowerInfo.java:lambda$new$0(51)) - omNode-1@group-523986131536->omNode-2: nextIndex: updateUnconditionally 490 -> 45
2020-06-09 10:47:46,565 [grpc-default-executor-4] WARN  server.GrpcLogAppender (LogUtils.java:warn(122)) - omNode-1@group-523986131536->omNode-2-AppendLogResponseHandler: Failed appendEntries: org.apache.ratis.thirdparty.io.grpc.StatusRuntimeException: UNAVAILABLE: io exception
2020-06-09 10:47:46,565 [grpc-default-executor-4] INFO  impl.FollowerInfo (FollowerInfo.java:lambda$new$0(51)) - omNode-1@group-523986131536->omNode-2: nextIndex: updateUnconditionally 490 -> 45
2020-06-09 10:47:46,567 [grpc-default-executor-4] WARN  server.GrpcLogAppender (LogUtils.java:warn(122)) - omNode-1@group-523986131536->omNode-2-AppendLogResponseHandler: Failed appendEntries: org.apache.ratis.thirdparty.io.grpc.StatusRuntimeException: UNAVAILABLE: io exception
2020-06-09 10:47:46,567 [grpc-default-executor-4] INFO  impl.FollowerInfo (FollowerInfo.java:lambda$new$0(51)) - omNode-1@group-523986131536->omNode-2: nextIndex: updateUnconditionally 490 -> 45
2020-06-09 10:47:46,569 [grpc-default-executor-4] WARN  server.GrpcLogAppender (LogUtils.java:warn(122)) - omNode-1@group-523986131536->omNode-2-AppendLogResponseHandler: Failed appendEntries: org.apache.ratis.thirdparty.io.grpc.StatusRuntimeException: UNAVAILABLE: io exception
2020-06-09 10:47:46,569 [grpc-default-executor-4] INFO  impl.FollowerInfo (FollowerInfo.java:lambda$new$0(51)) - omNode-1@group-523986131536->omNode-2: nextIndex: updateUnconditionally 490 -> 45
2020-06-09 10:47:46,573 [grpc-default-executor-4] WARN  server.GrpcLogAppender (LogUtils.java:warn(122)) - omNode-1@group-523986131536->omNode-2-AppendLogResponseHandler: Failed appendEntries: org.apache.ratis.thirdparty.io.grpc.StatusRuntimeException: UNAVAILABLE: io exception
2020-06-09 10:47:46,573 [grpc-default-executor-4] INFO  impl.FollowerInfo (FollowerInfo.java:lambda$new$0(51)) - omNode-1@group-523986131536->omNode-2: nextIndex: updateUnconditionally 490 -> 45
2020-06-09 10:47:46,578 [grpc-default-executor-4] WARN  server.GrpcLogAppender (LogUtils.java:warn(122)) - omNode-1@group-523986131536->omNode-2-AppendLogResponseHandler: Failed appendEntries: org.apache.ratis.thirdparty.io.grpc.StatusRuntimeException: UNAVAILABLE: io exception
2020-06-09 10:47:46,579 [grpc-default-executor-4] INFO  impl.FollowerInfo (FollowerInfo.java:lambda$new$0(51)) - omNode-1@group-523986131536->omNode-2: nextIndex: updateUnconditionally 491 -> 45
2020-06-09 10:47:46,581 [grpc-default-executor-4] WARN  server.GrpcLogAppender (LogUtils.java:warn(122)) - omNode-1@group-523986131536->omNode-2-AppendLogResponseHandler: Failed appendEntries: org.apache.ratis.thirdparty.io.grpc.StatusRuntimeException: UNAVAILABLE: io exception
2020-06-09 10:47:46,581 [grpc-default-executor-4] INFO  impl.FollowerInfo (FollowerInfo.java:lambda$new$0(51)) - omNode-1@group-523986131536->omNode-2: nextIndex: updateUnconditionally 491 -> 45
2020-06-09 10:47:46,583 [grpc-default-executor-4] WARN  server.GrpcLogAppender (LogUtils.java:warn(122)) - omNode-1@group-523986131536->omNode-2-AppendLogResponseHandler: Failed appendEntries: org.apache.ratis.thirdparty.io.grpc.StatusRuntimeException: UNAVAILABLE: io exception
2020-06-09 10:47:46,583 [grpc-default-executor-4] INFO  impl.FollowerInfo (FollowerInfo.java:lambda$new$0(51)) - omNode-1@group-523986131536->omNode-2: nextIndex: updateUnconditionally 491 -> 45
2020-06-09 10:47:46,585 [grpc-default-executor-4] WARN  server.GrpcLogAppender (LogUtils.java:warn(122)) - omNode-1@group-523986131536->omNode-2-AppendLogResponseHandler: Failed appendEntries: org.apache.ratis.thirdparty.io.grpc.StatusRuntimeException: UNAVAILABLE: io exception
2020-06-09 10:47:46,585 [grpc-default-executor-4] INFO  impl.FollowerInfo (FollowerInfo.java:lambda$new$0(51)) - omNode-1@group-523986131536->omNode-2: nextIndex: updateUnconditionally 491 -> 45
2020-06-09 10:47:46,589 [grpc-default-executor-3] WARN  server.GrpcLogAppender (LogUtils.java:warn(122)) - omNode-1@group-523986131536->omNode-2-AppendLogResponseHandler: Failed appendEntries: org.apache.ratis.thirdparty.io.grpc.StatusRuntimeException: UNAVAILABLE: io exception
2020-06-09 10:47:46,589 [grpc-default-executor-3] INFO  impl.FollowerInfo (FollowerInfo.java:lambda$new$0(51)) - omNode-1@group-523986131536->omNode-2: nextIndex: updateUnconditionally 491 -> 45
2020-06-09 10:47:46,591 [grpc-default-executor-3] WARN  server.GrpcLogAppender (LogUtils.java:warn(122)) - omNode-1@group-523986131536->omNode-2-AppendLogResponseHandler: Failed appendEntries: org.apache.ratis.thirdparty.io.grpc.StatusRuntimeException: UNAVAILABLE: io exception
2020-06-09 10:47:46,591 [grpc-default-executor-3] INFO  impl.FollowerInfo (FollowerInfo.java:lambda$new$0(51)) - omNode-1@group-523986131536->omNode-2: nextIndex: updateUnconditionally 492 -> 45
2020-06-09 10:47:46,593 [grpc-default-executor-3] WARN  server.GrpcLogAppender (LogUtils.java:warn(122)) - omNode-1@group-523986131536->omNode-2-AppendLogResponseHandler: Failed appendEntries: org.apache.ratis.thirdparty.io.grpc.StatusRuntimeException: UNAVAILABLE: io exception
2020-06-09 10:47:46,593 [grpc-default-executor-3] INFO  impl.FollowerInfo (FollowerInfo.java:lambda$new$0(51)) - omNode-1@group-523986131536->omNode-2: nextIndex: updateUnconditionally 492 -> 45
2020-06-09 10:47:46,595 [grpc-default-executor-3] WARN  server.GrpcLogAppender (LogUtils.java:warn(122)) - omNode-1@group-523986131536->omNode-2-AppendLogResponseHandler: Failed appendEntries: org.apache.ratis.thirdparty.io.grpc.StatusRuntimeException: UNAVAILABLE: io exception
2020-06-09 10:47:46,595 [grpc-default-executor-3] INFO  impl.FollowerInfo (FollowerInfo.java:lambda$new$0(51)) - omNode-1@group-523986131536->omNode-2: nextIndex: updateUnconditionally 492 -> 45
2020-06-09 10:47:46,597 [grpc-default-executor-3] WARN  server.GrpcLogAppender (LogUtils.java:warn(122)) - omNode-1@group-523986131536->omNode-2-AppendLogResponseHandler: Failed appendEntries: org.apache.ratis.thirdparty.io.grpc.StatusRuntimeException: UNAVAILABLE: io exception
2020-06-09 10:47:46,597 [grpc-default-executor-3] INFO  impl.FollowerInfo (FollowerInfo.java:lambda$new$0(51)) - omNode-1@group-523986131536->omNode-2: nextIndex: updateUnconditionally 492 -> 45
2020-06-09 10:47:46,600 [grpc-default-executor-3] WARN  server.GrpcLogAppender (LogUtils.java:warn(122)) - omNode-1@group-523986131536->omNode-2-AppendLogResponseHandler: Failed appendEntries: org.apache.ratis.thirdparty.io.grpc.StatusRuntimeException: UNAVAILABLE: io exception
2020-06-09 10:47:46,600 [grpc-default-executor-3] INFO  impl.FollowerInfo (FollowerInfo.java:lambda$new$0(51)) - omNode-1@group-523986131536->omNode-2: nextIndex: updateUnconditionally 492 -> 45
2020-06-09 10:47:46,603 [grpc-default-executor-3] WARN  server.GrpcLogAppender (LogUtils.java:warn(122)) - omNode-1@group-523986131536->omNode-2-AppendLogResponseHandler: Failed appendEntries: org.apache.ratis.thirdparty.io.grpc.StatusRuntimeException: UNAVAILABLE: io exception
2020-06-09 10:47:46,604 [grpc-default-executor-3] INFO  impl.FollowerInfo (FollowerInfo.java:lambda$new$0(51)) - omNode-1@group-523986131536->omNode-2: nextIndex: updateUnconditionally 493 -> 45
2020-06-09 10:47:46,605 [grpc-default-executor-3] WARN  server.GrpcLogAppender (LogUtils.java:warn(122)) - omNode-1@group-523986131536->omNode-2-AppendLogResponseHandler: Failed appendEntries: org.apache.ratis.thirdparty.io.grpc.StatusRuntimeException: UNAVAILABLE: io exception
2020-06-09 10:47:46,605 [grpc-default-executor-3] INFO  impl.FollowerInfo (FollowerInfo.java:lambda$new$0(51)) - omNode-1@group-523986131536->omNode-2: nextIndex: updateUnconditionally 494 -> 45
2020-06-09 10:47:46,607 [grpc-default-executor-3] WARN  server.GrpcLogAppender (LogUtils.java:warn(122)) - omNode-1@group-523986131536->omNode-2-AppendLogResponseHandler: Failed appendEntries: org.apache.ratis.thirdparty.io.grpc.StatusRuntimeException: UNAVAILABLE: io exception
2020-06-09 10:47:46,608 [grpc-default-executor-3] INFO  impl.FollowerInfo (FollowerInfo.java:lambda$new$0(51)) - omNode-1@group-523986131536->omNode-2: nextIndex: updateUnconditionally 494 -> 45
2020-06-09 10:47:46,609 [grpc-default-executor-3] WARN  server.GrpcLogAppender (LogUtils.java:warn(122)) - omNode-1@group-523986131536->omNode-2-AppendLogResponseHandler: Failed appendEntries: org.apache.ratis.thirdparty.io.grpc.StatusRuntimeException: UNAVAILABLE: io exception
2020-06-09 10:47:46,610 [grpc-default-executor-3] INFO  impl.FollowerInfo (FollowerInfo.java:lambda$new$0(51)) - omNode-1@group-523986131536->omNode-2: nextIndex: updateUnconditionally 494 -> 45
2020-06-09 10:47:46,613 [grpc-default-executor-3] WARN  server.GrpcLogAppender (LogUtils.java:warn(122)) - omNode-1@group-523986131536->omNode-2-AppendLogResponseHandler: Failed appendEntries: org.apache.ratis.thirdparty.io.grpc.StatusRuntimeException: UNAVAILABLE: io exception
2020-06-09 10:47:46,613 [grpc-default-executor-3] INFO  impl.FollowerInfo (FollowerInfo.java:lambda$new$0(51)) - omNode-1@group-523986131536->omNode-2: nextIndex: updateUnconditionally 494 -> 45
2020-06-09 10:47:46,615 [grpc-default-executor-3] WARN  server.GrpcLogAppender (LogUtils.java:warn(122)) - omNode-1@group-523986131536->omNode-2-AppendLogResponseHandler: Failed appendEntries: org.apache.ratis.thirdparty.io.grpc.StatusRuntimeException: UNAVAILABLE: io exception
2020-06-09 10:47:46,615 [grpc-default-executor-3] INFO  impl.FollowerInfo (FollowerInfo.java:lambda$new$0(51)) - omNode-1@group-523986131536->omNode-2: nextIndex: updateUnconditionally 494 -> 45
2020-06-09 10:47:46,617 [grpc-default-executor-3] WARN  server.GrpcLogAppender (LogUtils.java:warn(122)) - omNode-1@group-523986131536->omNode-2-AppendLogResponseHandler: Failed appendEntries: org.apache.ratis.thirdparty.io.grpc.StatusRuntimeException: UNAVAILABLE: io exception
2020-06-09 10:47:46,617 [grpc-default-executor-3] INFO  impl.FollowerInfo (FollowerInfo.java:lambda$new$0(51)) - omNode-1@group-523986131536->omNode-2: nextIndex: updateUnconditionally 494 -> 45
2020-06-09 10:47:46,620 [grpc-default-executor-3] WARN  server.GrpcLogAppender (LogUtils.java:warn(122)) - omNode-1@group-523986131536->omNode-2-AppendLogResponseHandler: Failed appendEntries: org.apache.ratis.thirdparty.io.grpc.StatusRuntimeException: UNAVAILABLE: io exception
2020-06-09 10:47:46,620 [grpc-default-executor-3] INFO  impl.FollowerInfo (FollowerInfo.java:lambda$new$0(51)) - omNode-1@group-523986131536->omNode-2: nextIndex: updateUnconditionally 494 -> 45
2020-06-09 10:47:46,626 [grpc-default-executor-4] WARN  server.GrpcLogAppender (LogUtils.java:warn(122)) - omNode-1@group-523986131536->omNode-2-AppendLogResponseHandler: Failed appendEntries: org.apache.ratis.thirdparty.io.grpc.StatusRuntimeException: UNAVAILABLE: io exception
2020-06-09 10:47:46,626 [grpc-default-executor-4] INFO  impl.FollowerInfo (FollowerInfo.java:lambda$new$0(51)) - omNode-1@group-523986131536->omNode-2: nextIndex: updateUnconditionally 495 -> 45
2020-06-09 10:47:46,628 [grpc-default-executor-4] WARN  server.GrpcLogAppender (LogUtils.java:warn(122)) - omNode-1@group-523986131536->omNode-2-AppendLogResponseHandler: Failed appendEntries: org.apache.ratis.thirdparty.io.grpc.StatusRuntimeException: UNAVAILABLE: io exception
2020-06-09 10:47:46,628 [grpc-default-executor-4] INFO  impl.FollowerInfo (FollowerInfo.java:lambda$new$0(51)) - omNode-1@group-523986131536->omNode-2: nextIndex: updateUnconditionally 495 -> 45
2020-06-09 10:47:46,631 [grpc-default-executor-4] WARN  server.GrpcLogAppender (LogUtils.java:warn(122)) - omNode-1@group-523986131536->omNode-2-AppendLogResponseHandler: Failed appendEntries: org.apache.ratis.thirdparty.io.grpc.StatusRuntimeException: UNAVAILABLE: io exception
2020-06-09 10:47:46,631 [grpc-default-executor-4] INFO  impl.FollowerInfo (FollowerInfo.java:lambda$new$0(51)) - omNode-1@group-523986131536->omNode-2: nextIndex: updateUnconditionally 495 -> 45
2020-06-09 10:47:46,633 [grpc-default-executor-4] WARN  server.GrpcLogAppender (LogUtils.java:warn(122)) - omNode-1@group-523986131536->omNode-2-AppendLogResponseHandler: Failed appendEntries: org.apache.ratis.thirdparty.io.grpc.StatusRuntimeException: UNAVAILABLE: io exception
2020-06-09 10:47:46,633 [grpc-default-executor-4] INFO  impl.FollowerInfo (FollowerInfo.java:lambda$new$0(51)) - omNode-1@group-523986131536->omNode-2: nextIndex: updateUnconditionally 495 -> 45
2020-06-09 10:47:46,645 [grpc-default-executor-3] WARN  server.GrpcLogAppender (LogUtils.java:warn(122)) - omNode-1@group-523986131536->omNode-2-AppendLogResponseHandler: Failed appendEntries: org.apache.ratis.thirdparty.io.grpc.StatusRuntimeException: UNAVAILABLE: io exception
2020-06-09 10:47:46,645 [grpc-default-executor-3] INFO  impl.FollowerInfo (FollowerInfo.java:lambda$new$0(51)) - omNode-1@group-523986131536->omNode-2: nextIndex: updateUnconditionally 495 -> 45
2020-06-09 10:47:46,649 [grpc-default-executor-3] WARN  server.GrpcLogAppender (LogUtils.java:warn(122)) - omNode-1@group-523986131536->omNode-2-AppendLogResponseHandler: Failed appendEntries: org.apache.ratis.thirdparty.io.grpc.StatusRuntimeException: UNAVAILABLE: io exception
2020-06-09 10:47:46,650 [grpc-default-executor-3] INFO  impl.FollowerInfo (FollowerInfo.java:lambda$new$0(51)) - omNode-1@group-523986131536->omNode-2: nextIndex: updateUnconditionally 496 -> 45
2020-06-09 10:47:46,656 [grpc-default-executor-3] WARN  server.GrpcLogAppender (LogUtils.java:warn(122)) - omNode-1@group-523986131536->omNode-2-AppendLogResponseHandler: Failed appendEntries: org.apache.ratis.thirdparty.io.grpc.StatusRuntimeException: UNAVAILABLE: io exception
2020-06-09 10:47:46,657 [grpc-default-executor-3] INFO  impl.FollowerInfo (FollowerInfo.java:lambda$new$0(51)) - omNode-1@group-523986131536->omNode-2: nextIndex: updateUnconditionally 497 -> 45
2020-06-09 10:47:46,661 [grpc-default-executor-3] WARN  server.GrpcLogAppender (LogUtils.java:warn(122)) - omNode-1@group-523986131536->omNode-2-AppendLogResponseHandler: Failed appendEntries: org.apache.ratis.thirdparty.io.grpc.StatusRuntimeException: UNAVAILABLE: io exception
2020-06-09 10:47:46,661 [grpc-default-executor-3] INFO  impl.FollowerInfo (FollowerInfo.java:lambda$new$0(51)) - omNode-1@group-523986131536->omNode-2: nextIndex: updateUnconditionally 498 -> 45
2020-06-09 10:47:46,666 [grpc-default-executor-3] WARN  server.GrpcLogAppender (LogUtils.java:warn(122)) - omNode-1@group-523986131536->omNode-2-AppendLogResponseHandler: Failed appendEntries: org.apache.ratis.thirdparty.io.grpc.StatusRuntimeException: UNAVAILABLE: io exception
2020-06-09 10:47:46,666 [grpc-default-executor-3] INFO  impl.FollowerInfo (FollowerInfo.java:lambda$new$0(51)) - omNode-1@group-523986131536->omNode-2: nextIndex: updateUnconditionally 498 -> 45
2020-06-09 10:47:46,669 [omNode-1@group-523986131536-StateMachineUpdater] INFO  ratis.OzoneManagerStateMachine (OzoneManagerStateMachine.java:takeSnapshot(350)) - Saving Ratis snapshot on the OM.
2020-06-09 10:47:46,670 [omNode-1@group-523986131536-StateMachineUpdater] INFO  ratis.OMRatisSnapshotInfo (OMRatisSnapshotInfo.java:saveRatisSnapshotToDisk(105)) - Saved Ratis Snapshot on the OM with snapshotIndex (t:1, i:498)
2020-06-09 10:47:46,670 [omNode-1@group-523986131536-StateMachineUpdater] INFO  impl.StateMachineUpdater (StateMachineUpdater.java:takeSnapshot(277)) - omNode-1@group-523986131536-StateMachineUpdater: Took a snapshot at index 498
2020-06-09 10:47:46,670 [omNode-1@group-523986131536-StateMachineUpdater] INFO  impl.StateMachineUpdater (StateMachineUpdater.java:lambda$new$0(87)) - omNode-1@group-523986131536-StateMachineUpdater: snapshotIndex: updateIncreasingly 448 -> 498
2020-06-09 10:47:46,673 [grpc-default-executor-4] WARN  server.GrpcLogAppender (LogUtils.java:warn(122)) - omNode-1@group-523986131536->omNode-2-AppendLogResponseHandler: Failed appendEntries: org.apache.ratis.thirdparty.io.grpc.StatusRuntimeException: UNAVAILABLE: io exception
2020-06-09 10:47:46,673 [grpc-default-executor-4] INFO  impl.FollowerInfo (FollowerInfo.java:lambda$new$0(51)) - omNode-1@group-523986131536->omNode-2: nextIndex: updateUnconditionally 499 -> 45
2020-06-09 10:47:46,678 [grpc-default-executor-4] WARN  server.GrpcLogAppender (LogUtils.java:warn(122)) - omNode-1@group-523986131536->omNode-2-AppendLogResponseHandler: Failed appendEntries: org.apache.ratis.thirdparty.io.grpc.StatusRuntimeException: UNAVAILABLE: io exception
2020-06-09 10:47:46,679 [grpc-default-executor-4] INFO  impl.FollowerInfo (FollowerInfo.java:lambda$new$0(51)) - omNode-1@group-523986131536->omNode-2: nextIndex: updateUnconditionally 499 -> 45
2020-06-09 10:47:46,681 [grpc-default-executor-4] WARN  server.GrpcLogAppender (LogUtils.java:warn(122)) - omNode-1@group-523986131536->omNode-2-AppendLogResponseHandler: Failed appendEntries: org.apache.ratis.thirdparty.io.grpc.StatusRuntimeException: UNAVAILABLE: io exception
2020-06-09 10:47:46,681 [grpc-default-executor-4] INFO  impl.FollowerInfo (FollowerInfo.java:lambda$new$0(51)) - omNode-1@group-523986131536->omNode-2: nextIndex: updateUnconditionally 500 -> 45
2020-06-09 10:47:46,684 [grpc-default-executor-4] WARN  server.GrpcLogAppender (LogUtils.java:warn(122)) - omNode-1@group-523986131536->omNode-2-AppendLogResponseHandler: Failed appendEntries: org.apache.ratis.thirdparty.io.grpc.StatusRuntimeException: UNAVAILABLE: io exception
2020-06-09 10:47:46,684 [grpc-default-executor-4] INFO  impl.FollowerInfo (FollowerInfo.java:lambda$new$0(51)) - omNode-1@group-523986131536->omNode-2: nextIndex: updateUnconditionally 500 -> 45
2020-06-09 10:47:46,688 [grpc-default-executor-4] WARN  server.GrpcLogAppender (LogUtils.java:warn(122)) - omNode-1@group-523986131536->omNode-2-AppendLogResponseHandler: Failed appendEntries: org.apache.ratis.thirdparty.io.grpc.StatusRuntimeException: UNAVAILABLE: io exception
2020-06-09 10:47:46,688 [grpc-default-executor-4] INFO  impl.FollowerInfo (FollowerInfo.java:lambda$new$0(51)) - omNode-1@group-523986131536->omNode-2: nextIndex: updateUnconditionally 501 -> 45
2020-06-09 10:47:46,690 [grpc-default-executor-4] WARN  server.GrpcLogAppender (LogUtils.java:warn(122)) - omNode-1@group-523986131536->omNode-2-AppendLogResponseHandler: Failed appendEntries: org.apache.ratis.thirdparty.io.grpc.StatusRuntimeException: UNAVAILABLE: io exception
2020-06-09 10:47:46,690 [grpc-default-executor-4] INFO  impl.FollowerInfo (FollowerInfo.java:lambda$new$0(51)) - omNode-1@group-523986131536->omNode-2: nextIndex: updateUnconditionally 502 -> 45
2020-06-09 10:47:46,692 [grpc-default-executor-4] WARN  server.GrpcLogAppender (LogUtils.java:warn(122)) - omNode-1@group-523986131536->omNode-2-AppendLogResponseHandler: Failed appendEntries: org.apache.ratis.thirdparty.io.grpc.StatusRuntimeException: UNAVAILABLE: io exception
2020-06-09 10:47:46,692 [grpc-default-executor-4] INFO  impl.FollowerInfo (FollowerInfo.java:lambda$new$0(51)) - omNode-1@group-523986131536->omNode-2: nextIndex: updateUnconditionally 502 -> 45
2020-06-09 10:47:46,695 [omNode-3@group-523986131536-StateMachineUpdater] INFO  ratis.OzoneManagerStateMachine (OzoneManagerStateMachine.java:takeSnapshot(350)) - Saving Ratis snapshot on the OM.
2020-06-09 10:47:46,695 [omNode-3@group-523986131536-StateMachineUpdater] INFO  ratis.OMRatisSnapshotInfo (OMRatisSnapshotInfo.java:saveRatisSnapshotToDisk(105)) - Saved Ratis Snapshot on the OM with snapshotIndex (t:1, i:499)
2020-06-09 10:47:46,696 [omNode-3@group-523986131536-StateMachineUpdater] INFO  impl.StateMachineUpdater (StateMachineUpdater.java:takeSnapshot(277)) - omNode-3@group-523986131536-StateMachineUpdater: Took a snapshot at index 499
2020-06-09 10:47:46,696 [omNode-3@group-523986131536-StateMachineUpdater] INFO  impl.StateMachineUpdater (StateMachineUpdater.java:lambda$new$0(87)) - omNode-3@group-523986131536-StateMachineUpdater: snapshotIndex: updateIncreasingly 449 -> 499
2020-06-09 10:47:46,697 [grpc-default-executor-4] WARN  server.GrpcLogAppender (LogUtils.java:warn(122)) - omNode-1@group-523986131536->omNode-2-AppendLogResponseHandler: Failed appendEntries: org.apache.ratis.thirdparty.io.grpc.StatusRuntimeException: UNAVAILABLE: io exception
2020-06-09 10:47:46,697 [grpc-default-executor-4] INFO  impl.FollowerInfo (FollowerInfo.java:lambda$new$0(51)) - omNode-1@group-523986131536->omNode-2: nextIndex: updateUnconditionally 502 -> 45
2020-06-09 10:47:46,699 [grpc-default-executor-4] WARN  server.GrpcLogAppender (LogUtils.java:warn(122)) - omNode-1@group-523986131536->omNode-2-AppendLogResponseHandler: Failed appendEntries: org.apache.ratis.thirdparty.io.grpc.StatusRuntimeException: UNAVAILABLE: io exception
2020-06-09 10:47:46,699 [grpc-default-executor-4] INFO  impl.FollowerInfo (FollowerInfo.java:lambda$new$0(51)) - omNode-1@group-523986131536->omNode-2: nextIndex: updateUnconditionally 502 -> 45
2020-06-09 10:47:46,702 [grpc-default-executor-4] WARN  server.GrpcLogAppender (LogUtils.java:warn(122)) - omNode-1@group-523986131536->omNode-2-AppendLogResponseHandler: Failed appendEntries: org.apache.ratis.thirdparty.io.grpc.StatusRuntimeException: UNAVAILABLE: io exception
2020-06-09 10:47:46,702 [grpc-default-executor-4] INFO  impl.FollowerInfo (FollowerInfo.java:lambda$new$0(51)) - omNode-1@group-523986131536->omNode-2: nextIndex: updateUnconditionally 502 -> 45
2020-06-09 10:47:46,704 [grpc-default-executor-4] WARN  server.GrpcLogAppender (LogUtils.java:warn(122)) - omNode-1@group-523986131536->omNode-2-AppendLogResponseHandler: Failed appendEntries: org.apache.ratis.thirdparty.io.grpc.StatusRuntimeException: UNAVAILABLE: io exception
2020-06-09 10:47:46,704 [grpc-default-executor-4] INFO  impl.FollowerInfo (FollowerInfo.java:lambda$new$0(51)) - omNode-1@group-523986131536->omNode-2: nextIndex: updateUnconditionally 502 -> 45
2020-06-09 10:47:46,707 [grpc-default-executor-4] WARN  server.GrpcLogAppender (LogUtils.java:warn(122)) - omNode-1@group-523986131536->omNode-2-AppendLogResponseHandler: Failed appendEntries: org.apache.ratis.thirdparty.io.grpc.StatusRuntimeException: UNAVAILABLE: io exception
2020-06-09 10:47:46,707 [grpc-default-executor-4] INFO  impl.FollowerInfo (FollowerInfo.java:lambda$new$0(51)) - omNode-1@group-523986131536->omNode-2: nextIndex: updateUnconditionally 502 -> 45
2020-06-09 10:47:46,713 [grpc-default-executor-4] WARN  server.GrpcLogAppender (LogUtils.java:warn(122)) - omNode-1@group-523986131536->omNode-2-AppendLogResponseHandler: Failed appendEntries: org.apache.ratis.thirdparty.io.grpc.StatusRuntimeException: UNAVAILABLE: io exception
2020-06-09 10:47:46,713 [grpc-default-executor-4] INFO  impl.FollowerInfo (FollowerInfo.java:lambda$new$0(51)) - omNode-1@group-523986131536->omNode-2: nextIndex: updateUnconditionally 503 -> 45
2020-06-09 10:47:46,715 [grpc-default-executor-4] WARN  server.GrpcLogAppender (LogUtils.java:warn(122)) - omNode-1@group-523986131536->omNode-2-AppendLogResponseHandler: Failed appendEntries: org.apache.ratis.thirdparty.io.grpc.StatusRuntimeException: UNAVAILABLE: io exception
2020-06-09 10:47:46,715 [grpc-default-executor-4] INFO  impl.FollowerInfo (FollowerInfo.java:lambda$new$0(51)) - omNode-1@group-523986131536->omNode-2: nextIndex: updateUnconditionally 503 -> 45
2020-06-09 10:47:46,717 [grpc-default-executor-4] WARN  server.GrpcLogAppender (LogUtils.java:warn(122)) - omNode-1@group-523986131536->omNode-2-AppendLogResponseHandler: Failed appendEntries: org.apache.ratis.thirdparty.io.grpc.StatusRuntimeException: UNAVAILABLE: io exception
2020-06-09 10:47:46,717 [grpc-default-executor-4] INFO  impl.FollowerInfo (FollowerInfo.java:lambda$new$0(51)) - omNode-1@group-523986131536->omNode-2: nextIndex: updateUnconditionally 503 -> 45
2020-06-09 10:47:46,720 [grpc-default-executor-4] WARN  server.GrpcLogAppender (LogUtils.java:warn(122)) - omNode-1@group-523986131536->omNode-2-AppendLogResponseHandler: Failed appendEntries: org.apache.ratis.thirdparty.io.grpc.StatusRuntimeException: UNAVAILABLE: io exception
2020-06-09 10:47:46,720 [grpc-default-executor-4] INFO  impl.FollowerInfo (FollowerInfo.java:lambda$new$0(51)) - omNode-1@group-523986131536->omNode-2: nextIndex: updateUnconditionally 503 -> 45
2020-06-09 10:47:46,722 [grpc-default-executor-4] WARN  server.GrpcLogAppender (LogUtils.java:warn(122)) - omNode-1@group-523986131536->omNode-2-AppendLogResponseHandler: Failed appendEntries: org.apache.ratis.thirdparty.io.grpc.StatusRuntimeException: UNAVAILABLE: io exception
2020-06-09 10:47:46,722 [grpc-default-executor-4] INFO  impl.FollowerInfo (FollowerInfo.java:lambda$new$0(51)) - omNode-1@group-523986131536->omNode-2: nextIndex: updateUnconditionally 503 -> 45
2020-06-09 10:47:46,730 [grpc-default-executor-4] WARN  server.GrpcLogAppender (LogUtils.java:warn(122)) - omNode-1@group-523986131536->omNode-2-AppendLogResponseHandler: Failed appendEntries: org.apache.ratis.thirdparty.io.grpc.StatusRuntimeException: UNAVAILABLE: io exception
2020-06-09 10:47:46,730 [grpc-default-executor-4] INFO  impl.FollowerInfo (FollowerInfo.java:lambda$new$0(51)) - omNode-1@group-523986131536->omNode-2: nextIndex: updateUnconditionally 503 -> 45
2020-06-09 10:47:46,735 [grpc-default-executor-3] WARN  server.GrpcLogAppender (LogUtils.java:warn(122)) - omNode-1@group-523986131536->omNode-2-AppendLogResponseHandler: Failed appendEntries: org.apache.ratis.thirdparty.io.grpc.StatusRuntimeException: UNAVAILABLE: io exception
2020-06-09 10:47:46,735 [grpc-default-executor-3] INFO  impl.FollowerInfo (FollowerInfo.java:lambda$new$0(51)) - omNode-1@group-523986131536->omNode-2: nextIndex: updateUnconditionally 505 -> 45
2020-06-09 10:47:46,738 [grpc-default-executor-4] WARN  server.GrpcLogAppender (LogUtils.java:warn(122)) - omNode-1@group-523986131536->omNode-2-AppendLogResponseHandler: Failed appendEntries: org.apache.ratis.thirdparty.io.grpc.StatusRuntimeException: UNAVAILABLE: io exception
2020-06-09 10:47:46,738 [grpc-default-executor-4] INFO  impl.FollowerInfo (FollowerInfo.java:lambda$new$0(51)) - omNode-1@group-523986131536->omNode-2: nextIndex: updateUnconditionally 506 -> 45
2020-06-09 10:47:46,747 [grpc-default-executor-3] WARN  server.GrpcLogAppender (LogUtils.java:warn(122)) - omNode-1@group-523986131536->omNode-2-AppendLogResponseHandler: Failed appendEntries: org.apache.ratis.thirdparty.io.grpc.StatusRuntimeException: UNAVAILABLE: io exception
2020-06-09 10:47:46,747 [grpc-default-executor-3] INFO  impl.FollowerInfo (FollowerInfo.java:lambda$new$0(51)) - omNode-1@group-523986131536->omNode-2: nextIndex: updateUnconditionally 507 -> 45
2020-06-09 10:47:46,751 [grpc-default-executor-4] WARN  server.GrpcLogAppender (LogUtils.java:warn(122)) - omNode-1@group-523986131536->omNode-2-AppendLogResponseHandler: Failed appendEntries: org.apache.ratis.thirdparty.io.grpc.StatusRuntimeException: UNAVAILABLE: io exception
2020-06-09 10:47:46,751 [grpc-default-executor-4] INFO  impl.FollowerInfo (FollowerInfo.java:lambda$new$0(51)) - omNode-1@group-523986131536->omNode-2: nextIndex: updateUnconditionally 507 -> 45
2020-06-09 10:47:46,755 [grpc-default-executor-3] WARN  server.GrpcLogAppender (LogUtils.java:warn(122)) - omNode-1@group-523986131536->omNode-2-AppendLogResponseHandler: Failed appendEntries: org.apache.ratis.thirdparty.io.grpc.StatusRuntimeException: UNAVAILABLE: io exception
2020-06-09 10:47:46,756 [grpc-default-executor-3] INFO  impl.FollowerInfo (FollowerInfo.java:lambda$new$0(51)) - omNode-1@group-523986131536->omNode-2: nextIndex: updateUnconditionally 508 -> 45
2020-06-09 10:47:46,758 [grpc-default-executor-3] WARN  server.GrpcLogAppender (LogUtils.java:warn(122)) - omNode-1@group-523986131536->omNode-2-AppendLogResponseHandler: Failed appendEntries: org.apache.ratis.thirdparty.io.grpc.StatusRuntimeException: UNAVAILABLE: io exception
2020-06-09 10:47:46,758 [grpc-default-executor-3] INFO  impl.FollowerInfo (FollowerInfo.java:lambda$new$0(51)) - omNode-1@group-523986131536->omNode-2: nextIndex: updateUnconditionally 508 -> 45
2020-06-09 10:47:46,760 [grpc-default-executor-3] WARN  server.GrpcLogAppender (LogUtils.java:warn(122)) - omNode-1@group-523986131536->omNode-2-AppendLogResponseHandler: Failed appendEntries: org.apache.ratis.thirdparty.io.grpc.StatusRuntimeException: UNAVAILABLE: io exception
2020-06-09 10:47:46,760 [grpc-default-executor-3] INFO  impl.FollowerInfo (FollowerInfo.java:lambda$new$0(51)) - omNode-1@group-523986131536->omNode-2: nextIndex: updateUnconditionally 508 -> 45
2020-06-09 10:47:46,762 [grpc-default-executor-3] WARN  server.GrpcLogAppender (LogUtils.java:warn(122)) - omNode-1@group-523986131536->omNode-2-AppendLogResponseHandler: Failed appendEntries: org.apache.ratis.thirdparty.io.grpc.StatusRuntimeException: UNAVAILABLE: io exception
2020-06-09 10:47:46,762 [grpc-default-executor-3] INFO  impl.FollowerInfo (FollowerInfo.java:lambda$new$0(51)) - omNode-1@group-523986131536->omNode-2: nextIndex: updateUnconditionally 508 -> 45
2020-06-09 10:47:46,765 [grpc-default-executor-3] WARN  server.GrpcLogAppender (LogUtils.java:warn(122)) - omNode-1@group-523986131536->omNode-2-AppendLogResponseHandler: Failed appendEntries: org.apache.ratis.thirdparty.io.grpc.StatusRuntimeException: UNAVAILABLE: io exception
2020-06-09 10:47:46,765 [grpc-default-executor-3] INFO  impl.FollowerInfo (FollowerInfo.java:lambda$new$0(51)) - omNode-1@group-523986131536->omNode-2: nextIndex: updateUnconditionally 508 -> 45
2020-06-09 10:47:46,768 [grpc-default-executor-3] WARN  server.GrpcLogAppender (LogUtils.java:warn(122)) - omNode-1@group-523986131536->omNode-2-AppendLogResponseHandler: Failed appendEntries: org.apache.ratis.thirdparty.io.grpc.StatusRuntimeException: UNAVAILABLE: io exception
2020-06-09 10:47:46,768 [grpc-default-executor-3] INFO  impl.FollowerInfo (FollowerInfo.java:lambda$new$0(51)) - omNode-1@group-523986131536->omNode-2: nextIndex: updateUnconditionally 508 -> 45
2020-06-09 10:47:46,771 [grpc-default-executor-3] WARN  server.GrpcLogAppender (LogUtils.java:warn(122)) - omNode-1@group-523986131536->omNode-2-AppendLogResponseHandler: Failed appendEntries: org.apache.ratis.thirdparty.io.grpc.StatusRuntimeException: UNAVAILABLE: io exception
2020-06-09 10:47:46,772 [grpc-default-executor-3] INFO  impl.FollowerInfo (FollowerInfo.java:lambda$new$0(51)) - omNode-1@group-523986131536->omNode-2: nextIndex: updateUnconditionally 510 -> 45
2020-06-09 10:47:46,773 [grpc-default-executor-3] WARN  server.GrpcLogAppender (LogUtils.java:warn(122)) - omNode-1@group-523986131536->omNode-2-AppendLogResponseHandler: Failed appendEntries: org.apache.ratis.thirdparty.io.grpc.StatusRuntimeException: UNAVAILABLE: io exception
2020-06-09 10:47:46,774 [grpc-default-executor-3] INFO  impl.FollowerInfo (FollowerInfo.java:lambda$new$0(51)) - omNode-1@group-523986131536->omNode-2: nextIndex: updateUnconditionally 510 -> 45
2020-06-09 10:47:46,777 [grpc-default-executor-3] WARN  server.GrpcLogAppender (LogUtils.java:warn(122)) - omNode-1@group-523986131536->omNode-2-AppendLogResponseHandler: Failed appendEntries: org.apache.ratis.thirdparty.io.grpc.StatusRuntimeException: UNAVAILABLE: io exception
2020-06-09 10:47:46,777 [grpc-default-executor-3] INFO  impl.FollowerInfo (FollowerInfo.java:lambda$new$0(51)) - omNode-1@group-523986131536->omNode-2: nextIndex: updateUnconditionally 510 -> 45
2020-06-09 10:47:46,779 [grpc-default-executor-3] WARN  server.GrpcLogAppender (LogUtils.java:warn(122)) - omNode-1@group-523986131536->omNode-2-AppendLogResponseHandler: Failed appendEntries: org.apache.ratis.thirdparty.io.grpc.StatusRuntimeException: UNAVAILABLE: io exception
2020-06-09 10:47:46,779 [grpc-default-executor-3] INFO  impl.FollowerInfo (FollowerInfo.java:lambda$new$0(51)) - omNode-1@group-523986131536->omNode-2: nextIndex: updateUnconditionally 510 -> 45
2020-06-09 10:47:46,781 [grpc-default-executor-3] WARN  server.GrpcLogAppender (LogUtils.java:warn(122)) - omNode-1@group-523986131536->omNode-2-AppendLogResponseHandler: Failed appendEntries: org.apache.ratis.thirdparty.io.grpc.StatusRuntimeException: UNAVAILABLE: io exception
2020-06-09 10:47:46,781 [grpc-default-executor-3] INFO  impl.FollowerInfo (FollowerInfo.java:lambda$new$0(51)) - omNode-1@group-523986131536->omNode-2: nextIndex: updateUnconditionally 510 -> 45
2020-06-09 10:47:46,783 [grpc-default-executor-3] WARN  server.GrpcLogAppender (LogUtils.java:warn(122)) - omNode-1@group-523986131536->omNode-2-AppendLogResponseHandler: Failed appendEntries: org.apache.ratis.thirdparty.io.grpc.StatusRuntimeException: UNAVAILABLE: io exception
2020-06-09 10:47:46,783 [grpc-default-executor-3] INFO  impl.FollowerInfo (FollowerInfo.java:lambda$new$0(51)) - omNode-1@group-523986131536->omNode-2: nextIndex: updateUnconditionally 510 -> 45
2020-06-09 10:47:46,785 [grpc-default-executor-3] WARN  server.GrpcLogAppender (LogUtils.java:warn(122)) - omNode-1@group-523986131536->omNode-2-AppendLogResponseHandler: Failed appendEntries: org.apache.ratis.thirdparty.io.grpc.StatusRuntimeException: UNAVAILABLE: io exception
2020-06-09 10:47:46,785 [grpc-default-executor-3] INFO  impl.FollowerInfo (FollowerInfo.java:lambda$new$0(51)) - omNode-1@group-523986131536->omNode-2: nextIndex: updateUnconditionally 510 -> 45
2020-06-09 10:47:46,788 [grpc-default-executor-3] WARN  server.GrpcLogAppender (LogUtils.java:warn(122)) - omNode-1@group-523986131536->omNode-2-AppendLogResponseHandler: Failed appendEntries: org.apache.ratis.thirdparty.io.grpc.StatusRuntimeException: UNAVAILABLE: io exception
2020-06-09 10:47:46,788 [grpc-default-executor-3] INFO  impl.FollowerInfo (FollowerInfo.java:lambda$new$0(51)) - omNode-1@group-523986131536->omNode-2: nextIndex: updateUnconditionally 510 -> 45
2020-06-09 10:47:46,793 [grpc-default-executor-3] WARN  server.GrpcLogAppender (LogUtils.java:warn(122)) - omNode-1@group-523986131536->omNode-2-AppendLogResponseHandler: Failed appendEntries: org.apache.ratis.thirdparty.io.grpc.StatusRuntimeException: UNAVAILABLE: io exception
2020-06-09 10:47:46,793 [grpc-default-executor-3] INFO  impl.FollowerInfo (FollowerInfo.java:lambda$new$0(51)) - omNode-1@group-523986131536->omNode-2: nextIndex: updateUnconditionally 511 -> 45
2020-06-09 10:47:46,797 [grpc-default-executor-3] WARN  server.GrpcLogAppender (LogUtils.java:warn(122)) - omNode-1@group-523986131536->omNode-2-AppendLogResponseHandler: Failed appendEntries: org.apache.ratis.thirdparty.io.grpc.StatusRuntimeException: UNAVAILABLE: io exception
2020-06-09 10:47:46,797 [grpc-default-executor-3] INFO  impl.FollowerInfo (FollowerInfo.java:lambda$new$0(51)) - omNode-1@group-523986131536->omNode-2: nextIndex: updateUnconditionally 511 -> 45
2020-06-09 10:47:46,799 [grpc-default-executor-3] WARN  server.GrpcLogAppender (LogUtils.java:warn(122)) - omNode-1@group-523986131536->omNode-2-AppendLogResponseHandler: Failed appendEntries: org.apache.ratis.thirdparty.io.grpc.StatusRuntimeException: UNAVAILABLE: io exception
2020-06-09 10:47:46,799 [grpc-default-executor-3] INFO  impl.FollowerInfo (FollowerInfo.java:lambda$new$0(51)) - omNode-1@group-523986131536->omNode-2: nextIndex: updateUnconditionally 511 -> 45
2020-06-09 10:47:46,801 [grpc-default-executor-3] WARN  server.GrpcLogAppender (LogUtils.java:warn(122)) - omNode-1@group-523986131536->omNode-2-AppendLogResponseHandler: Failed appendEntries: org.apache.ratis.thirdparty.io.grpc.StatusRuntimeException: UNAVAILABLE: io exception
2020-06-09 10:47:46,801 [grpc-default-executor-3] INFO  impl.FollowerInfo (FollowerInfo.java:lambda$new$0(51)) - omNode-1@group-523986131536->omNode-2: nextIndex: updateUnconditionally 511 -> 45
2020-06-09 10:47:46,806 [grpc-default-executor-4] WARN  server.GrpcLogAppender (LogUtils.java:warn(122)) - omNode-1@group-523986131536->omNode-2-AppendLogResponseHandler: Failed appendEntries: org.apache.ratis.thirdparty.io.grpc.StatusRuntimeException: UNAVAILABLE: io exception
2020-06-09 10:47:46,806 [grpc-default-executor-4] INFO  impl.FollowerInfo (FollowerInfo.java:lambda$new$0(51)) - omNode-1@group-523986131536->omNode-2: nextIndex: updateUnconditionally 511 -> 45
2020-06-09 10:47:46,808 [grpc-default-executor-4] WARN  server.GrpcLogAppender (LogUtils.java:warn(122)) - omNode-1@group-523986131536->omNode-2-AppendLogResponseHandler: Failed appendEntries: org.apache.ratis.thirdparty.io.grpc.StatusRuntimeException: UNAVAILABLE: io exception
2020-06-09 10:47:46,808 [grpc-default-executor-4] INFO  impl.FollowerInfo (FollowerInfo.java:lambda$new$0(51)) - omNode-1@group-523986131536->omNode-2: nextIndex: updateUnconditionally 512 -> 45
2020-06-09 10:47:46,811 [grpc-default-executor-4] WARN  server.GrpcLogAppender (LogUtils.java:warn(122)) - omNode-1@group-523986131536->omNode-2-AppendLogResponseHandler: Failed appendEntries: org.apache.ratis.thirdparty.io.grpc.StatusRuntimeException: UNAVAILABLE: io exception
2020-06-09 10:47:46,811 [grpc-default-executor-4] INFO  impl.FollowerInfo (FollowerInfo.java:lambda$new$0(51)) - omNode-1@group-523986131536->omNode-2: nextIndex: updateUnconditionally 512 -> 45
2020-06-09 10:47:46,814 [grpc-default-executor-4] WARN  server.GrpcLogAppender (LogUtils.java:warn(122)) - omNode-1@group-523986131536->omNode-2-AppendLogResponseHandler: Failed appendEntries: org.apache.ratis.thirdparty.io.grpc.StatusRuntimeException: UNAVAILABLE: io exception
2020-06-09 10:47:46,814 [grpc-default-executor-4] INFO  impl.FollowerInfo (FollowerInfo.java:lambda$new$0(51)) - omNode-1@group-523986131536->omNode-2: nextIndex: updateUnconditionally 512 -> 45
2020-06-09 10:47:46,819 [grpc-default-executor-4] WARN  server.GrpcLogAppender (LogUtils.java:warn(122)) - omNode-1@group-523986131536->omNode-2-AppendLogResponseHandler: Failed appendEntries: org.apache.ratis.thirdparty.io.grpc.StatusRuntimeException: UNAVAILABLE: io exception
2020-06-09 10:47:46,819 [grpc-default-executor-4] INFO  impl.FollowerInfo (FollowerInfo.java:lambda$new$0(51)) - omNode-1@group-523986131536->omNode-2: nextIndex: updateUnconditionally 513 -> 45
2020-06-09 10:47:46,823 [grpc-default-executor-4] WARN  server.GrpcLogAppender (LogUtils.java:warn(122)) - omNode-1@group-523986131536->omNode-2-AppendLogResponseHandler: Failed appendEntries: org.apache.ratis.thirdparty.io.grpc.StatusRuntimeException: UNAVAILABLE: io exception
2020-06-09 10:47:46,823 [grpc-default-executor-4] INFO  impl.FollowerInfo (FollowerInfo.java:lambda$new$0(51)) - omNode-1@group-523986131536->omNode-2: nextIndex: updateUnconditionally 514 -> 45
2020-06-09 10:47:46,825 [grpc-default-executor-4] WARN  server.GrpcLogAppender (LogUtils.java:warn(122)) - omNode-1@group-523986131536->omNode-2-AppendLogResponseHandler: Failed appendEntries: org.apache.ratis.thirdparty.io.grpc.StatusRuntimeException: UNAVAILABLE: io exception
2020-06-09 10:47:46,825 [grpc-default-executor-4] INFO  impl.FollowerInfo (FollowerInfo.java:lambda$new$0(51)) - omNode-1@group-523986131536->omNode-2: nextIndex: updateUnconditionally 514 -> 45
2020-06-09 10:47:46,827 [grpc-default-executor-4] WARN  server.GrpcLogAppender (LogUtils.java:warn(122)) - omNode-1@group-523986131536->omNode-2-AppendLogResponseHandler: Failed appendEntries: org.apache.ratis.thirdparty.io.grpc.StatusRuntimeException: UNAVAILABLE: io exception
2020-06-09 10:47:46,827 [grpc-default-executor-4] INFO  impl.FollowerInfo (FollowerInfo.java:lambda$new$0(51)) - omNode-1@group-523986131536->omNode-2: nextIndex: updateUnconditionally 514 -> 45
2020-06-09 10:47:46,829 [grpc-default-executor-4] WARN  server.GrpcLogAppender (LogUtils.java:warn(122)) - omNode-1@group-523986131536->omNode-2-AppendLogResponseHandler: Failed appendEntries: org.apache.ratis.thirdparty.io.grpc.StatusRuntimeException: UNAVAILABLE: io exception
2020-06-09 10:47:46,829 [grpc-default-executor-4] INFO  impl.FollowerInfo (FollowerInfo.java:lambda$new$0(51)) - omNode-1@group-523986131536->omNode-2: nextIndex: updateUnconditionally 514 -> 45
2020-06-09 10:47:46,832 [grpc-default-executor-4] WARN  server.GrpcLogAppender (LogUtils.java:warn(122)) - omNode-1@group-523986131536->omNode-2-AppendLogResponseHandler: Failed appendEntries: org.apache.ratis.thirdparty.io.grpc.StatusRuntimeException: UNAVAILABLE: io exception
2020-06-09 10:47:46,832 [grpc-default-executor-4] INFO  impl.FollowerInfo (FollowerInfo.java:lambda$new$0(51)) - omNode-1@group-523986131536->omNode-2: nextIndex: updateUnconditionally 514 -> 45
2020-06-09 10:47:46,836 [grpc-default-executor-5] WARN  server.GrpcLogAppender (LogUtils.java:warn(122)) - omNode-1@group-523986131536->omNode-2-AppendLogResponseHandler: Failed appendEntries: org.apache.ratis.thirdparty.io.grpc.StatusRuntimeException: UNAVAILABLE: io exception
2020-06-09 10:47:46,836 [grpc-default-executor-5] INFO  impl.FollowerInfo (FollowerInfo.java:lambda$new$0(51)) - omNode-1@group-523986131536->omNode-2: nextIndex: updateUnconditionally 515 -> 45
2020-06-09 10:47:46,838 [grpc-default-executor-5] WARN  server.GrpcLogAppender (LogUtils.java:warn(122)) - omNode-1@group-523986131536->omNode-2-AppendLogResponseHandler: Failed appendEntries: org.apache.ratis.thirdparty.io.grpc.StatusRuntimeException: UNAVAILABLE: io exception
2020-06-09 10:47:46,838 [grpc-default-executor-5] INFO  impl.FollowerInfo (FollowerInfo.java:lambda$new$0(51)) - omNode-1@group-523986131536->omNode-2: nextIndex: updateUnconditionally 515 -> 45
2020-06-09 10:47:46,842 [grpc-default-executor-5] WARN  server.GrpcLogAppender (LogUtils.java:warn(122)) - omNode-1@group-523986131536->omNode-2-AppendLogResponseHandler: Failed appendEntries: org.apache.ratis.thirdparty.io.grpc.StatusRuntimeException: UNAVAILABLE: io exception
2020-06-09 10:47:46,842 [grpc-default-executor-5] INFO  impl.FollowerInfo (FollowerInfo.java:lambda$new$0(51)) - omNode-1@group-523986131536->omNode-2: nextIndex: updateUnconditionally 515 -> 45
2020-06-09 10:47:46,844 [grpc-default-executor-5] WARN  server.GrpcLogAppender (LogUtils.java:warn(122)) - omNode-1@group-523986131536->omNode-2-AppendLogResponseHandler: Failed appendEntries: org.apache.ratis.thirdparty.io.grpc.StatusRuntimeException: UNAVAILABLE: io exception
2020-06-09 10:47:46,844 [grpc-default-executor-5] INFO  impl.FollowerInfo (FollowerInfo.java:lambda$new$0(51)) - omNode-1@group-523986131536->omNode-2: nextIndex: updateUnconditionally 515 -> 45
2020-06-09 10:47:46,847 [grpc-default-executor-3] WARN  server.GrpcLogAppender (LogUtils.java:warn(122)) - omNode-1@group-523986131536->omNode-2-AppendLogResponseHandler: Failed appendEntries: org.apache.ratis.thirdparty.io.grpc.StatusRuntimeException: UNAVAILABLE: io exception
2020-06-09 10:47:46,847 [grpc-default-executor-3] INFO  impl.FollowerInfo (FollowerInfo.java:lambda$new$0(51)) - omNode-1@group-523986131536->omNode-2: nextIndex: updateUnconditionally 515 -> 45
2020-06-09 10:47:46,853 [grpc-default-executor-5] WARN  server.GrpcLogAppender (LogUtils.java:warn(122)) - omNode-1@group-523986131536->omNode-2-AppendLogResponseHandler: Failed appendEntries: org.apache.ratis.thirdparty.io.grpc.StatusRuntimeException: UNAVAILABLE: io exception
2020-06-09 10:47:46,853 [grpc-default-executor-5] INFO  impl.FollowerInfo (FollowerInfo.java:lambda$new$0(51)) - omNode-1@group-523986131536->omNode-2: nextIndex: updateUnconditionally 516 -> 45
2020-06-09 10:47:46,860 [grpc-default-executor-3] WARN  server.GrpcLogAppender (LogUtils.java:warn(122)) - omNode-1@group-523986131536->omNode-2-AppendLogResponseHandler: Failed appendEntries: org.apache.ratis.thirdparty.io.grpc.StatusRuntimeException: UNAVAILABLE: io exception
2020-06-09 10:47:46,860 [grpc-default-executor-3] INFO  impl.FollowerInfo (FollowerInfo.java:lambda$new$0(51)) - omNode-1@group-523986131536->omNode-2: nextIndex: updateUnconditionally 518 -> 45
2020-06-09 10:47:46,870 [grpc-default-executor-5] WARN  server.GrpcLogAppender (LogUtils.java:warn(122)) - omNode-1@group-523986131536->omNode-2-AppendLogResponseHandler: Failed appendEntries: org.apache.ratis.thirdparty.io.grpc.StatusRuntimeException: UNAVAILABLE: io exception
2020-06-09 10:47:46,870 [grpc-default-executor-5] INFO  impl.FollowerInfo (FollowerInfo.java:lambda$new$0(51)) - omNode-1@group-523986131536->omNode-2: nextIndex: updateUnconditionally 519 -> 45
2020-06-09 10:47:46,875 [grpc-default-executor-4] WARN  server.GrpcLogAppender (LogUtils.java:warn(122)) - omNode-1@group-523986131536->omNode-2-AppendLogResponseHandler: Failed appendEntries: org.apache.ratis.thirdparty.io.grpc.StatusRuntimeException: UNAVAILABLE: io exception
2020-06-09 10:47:46,875 [grpc-default-executor-4] INFO  impl.FollowerInfo (FollowerInfo.java:lambda$new$0(51)) - omNode-1@group-523986131536->omNode-2: nextIndex: updateUnconditionally 520 -> 45
2020-06-09 10:47:46,880 [grpc-default-executor-5] WARN  server.GrpcLogAppender (LogUtils.java:warn(122)) - omNode-1@group-523986131536->omNode-2-AppendLogResponseHandler: Failed appendEntries: org.apache.ratis.thirdparty.io.grpc.StatusRuntimeException: UNAVAILABLE: io exception
2020-06-09 10:47:46,880 [grpc-default-executor-5] INFO  impl.FollowerInfo (FollowerInfo.java:lambda$new$0(51)) - omNode-1@group-523986131536->omNode-2: nextIndex: updateUnconditionally 521 -> 45
2020-06-09 10:47:46,881 [IPC Server handler 6 on default port 11520] INFO  segmented.SegmentedRaftLogWorker (SegmentedRaftLogWorker.java:rollLogSegment(402)) - omNode-1@group-523986131536-SegmentedRaftLogWorker: Rolling segment log-447_520 to index:520
2020-06-09 10:47:46,881 [omNode-1@group-523986131536-SegmentedRaftLogWorker] INFO  segmented.SegmentedRaftLogWorker (SegmentedRaftLogWorker.java:execute(553)) - omNode-1@group-523986131536-SegmentedRaftLogWorker: Rolled log segment from /github/workspace/mnt/ozone/hadoop-ozone/integration-test/target/test-dir/MiniOzoneClusterImpl-428de9cd-98e2-485e-b164-55ba4e728ea0/omNode-1/ratis/c9bc4cf4-3bc3-3c60-a66b-523986131536/current/log_inprogress_447 to /github/workspace/mnt/ozone/hadoop-ozone/integration-test/target/test-dir/MiniOzoneClusterImpl-428de9cd-98e2-485e-b164-55ba4e728ea0/omNode-1/ratis/c9bc4cf4-3bc3-3c60-a66b-523986131536/current/log_447-520
2020-06-09 10:47:46,883 [grpc-default-executor-5] INFO  segmented.SegmentedRaftLogWorker (SegmentedRaftLogWorker.java:rollLogSegment(402)) - omNode-3@group-523986131536-SegmentedRaftLogWorker: Rolling segment log-447_520 to index:520
2020-06-09 10:47:46,883 [omNode-3@group-523986131536-SegmentedRaftLogWorker] INFO  segmented.SegmentedRaftLogWorker (SegmentedRaftLogWorker.java:execute(553)) - omNode-3@group-523986131536-SegmentedRaftLogWorker: Rolled log segment from /github/workspace/mnt/ozone/hadoop-ozone/integration-test/target/test-dir/MiniOzoneClusterImpl-428de9cd-98e2-485e-b164-55ba4e728ea0/omNode-3/ratis/c9bc4cf4-3bc3-3c60-a66b-523986131536/current/log_inprogress_447 to /github/workspace/mnt/ozone/hadoop-ozone/integration-test/target/test-dir/MiniOzoneClusterImpl-428de9cd-98e2-485e-b164-55ba4e728ea0/omNode-3/ratis/c9bc4cf4-3bc3-3c60-a66b-523986131536/current/log_447-520
2020-06-09 10:47:46,883 [omNode-1@group-523986131536-SegmentedRaftLogWorker] INFO  segmented.SegmentedRaftLogWorker (SegmentedRaftLogWorker.java:execute(596)) - omNode-1@group-523986131536-SegmentedRaftLogWorker: created new log segment /github/workspace/mnt/ozone/hadoop-ozone/integration-test/target/test-dir/MiniOzoneClusterImpl-428de9cd-98e2-485e-b164-55ba4e728ea0/omNode-1/ratis/c9bc4cf4-3bc3-3c60-a66b-523986131536/current/log_inprogress_521
2020-06-09 10:47:46,886 [omNode-3@group-523986131536-SegmentedRaftLogWorker] INFO  segmented.SegmentedRaftLogWorker (SegmentedRaftLogWorker.java:execute(596)) - omNode-3@group-523986131536-SegmentedRaftLogWorker: created new log segment /github/workspace/mnt/ozone/hadoop-ozone/integration-test/target/test-dir/MiniOzoneClusterImpl-428de9cd-98e2-485e-b164-55ba4e728ea0/omNode-3/ratis/c9bc4cf4-3bc3-3c60-a66b-523986131536/current/log_inprogress_521
2020-06-09 10:47:46,886 [grpc-default-executor-4] WARN  server.GrpcLogAppender (LogUtils.java:warn(122)) - omNode-1@group-523986131536->omNode-2-AppendLogResponseHandler: Failed appendEntries: org.apache.ratis.thirdparty.io.grpc.StatusRuntimeException: UNAVAILABLE: io exception
2020-06-09 10:47:46,887 [grpc-default-executor-4] INFO  impl.FollowerInfo (FollowerInfo.java:lambda$new$0(51)) - omNode-1@group-523986131536->omNode-2: nextIndex: updateUnconditionally 522 -> 45
2020-06-09 10:47:46,891 [grpc-default-executor-5] WARN  server.GrpcLogAppender (LogUtils.java:warn(122)) - omNode-1@group-523986131536->omNode-2-AppendLogResponseHandler: Failed appendEntries: org.apache.ratis.thirdparty.io.grpc.StatusRuntimeException: UNAVAILABLE: io exception
2020-06-09 10:47:46,891 [grpc-default-executor-5] INFO  impl.FollowerInfo (FollowerInfo.java:lambda$new$0(51)) - omNode-1@group-523986131536->omNode-2: nextIndex: updateUnconditionally 523 -> 45
2020-06-09 10:47:46,896 [grpc-default-executor-5] WARN  server.GrpcLogAppender (LogUtils.java:warn(122)) - omNode-1@group-523986131536->omNode-2-AppendLogResponseHandler: Failed appendEntries: org.apache.ratis.thirdparty.io.grpc.StatusRuntimeException: UNAVAILABLE: io exception
2020-06-09 10:47:46,896 [grpc-default-executor-5] INFO  impl.FollowerInfo (FollowerInfo.java:lambda$new$0(51)) - omNode-1@group-523986131536->omNode-2: nextIndex: updateUnconditionally 523 -> 45
2020-06-09 10:47:46,903 [grpc-default-executor-4] WARN  server.GrpcLogAppender (LogUtils.java:warn(122)) - omNode-1@group-523986131536->omNode-2-AppendLogResponseHandler: Failed appendEntries: org.apache.ratis.thirdparty.io.grpc.StatusRuntimeException: UNAVAILABLE: io exception
2020-06-09 10:47:46,903 [grpc-default-executor-4] INFO  impl.FollowerInfo (FollowerInfo.java:lambda$new$0(51)) - omNode-1@group-523986131536->omNode-2: nextIndex: updateUnconditionally 524 -> 45
2020-06-09 10:47:46,907 [grpc-default-executor-5] WARN  server.GrpcLogAppender (LogUtils.java:warn(122)) - omNode-1@group-523986131536->omNode-2-AppendLogResponseHandler: Failed appendEntries: org.apache.ratis.thirdparty.io.grpc.StatusRuntimeException: UNAVAILABLE: io exception
2020-06-09 10:47:46,907 [grpc-default-executor-5] INFO  impl.FollowerInfo (FollowerInfo.java:lambda$new$0(51)) - omNode-1@group-523986131536->omNode-2: nextIndex: updateUnconditionally 526 -> 45
2020-06-09 10:47:46,922 [grpc-default-executor-4] WARN  server.GrpcLogAppender (LogUtils.java:warn(122)) - omNode-1@group-523986131536->omNode-2-AppendLogResponseHandler: Failed appendEntries: org.apache.ratis.thirdparty.io.grpc.StatusRuntimeException: UNAVAILABLE: io exception
2020-06-09 10:47:46,922 [grpc-default-executor-4] INFO  impl.FollowerInfo (FollowerInfo.java:lambda$new$0(51)) - omNode-1@group-523986131536->omNode-2: nextIndex: updateUnconditionally 528 -> 45
2020-06-09 10:47:46,926 [grpc-default-executor-5] WARN  server.GrpcLogAppender (LogUtils.java:warn(122)) - omNode-1@group-523986131536->omNode-2-AppendLogResponseHandler: Failed appendEntries: org.apache.ratis.thirdparty.io.grpc.StatusRuntimeException: UNAVAILABLE: io exception
2020-06-09 10:47:46,926 [grpc-default-executor-5] INFO  impl.FollowerInfo (FollowerInfo.java:lambda$new$0(51)) - omNode-1@group-523986131536->omNode-2: nextIndex: updateUnconditionally 530 -> 45
2020-06-09 10:47:46,930 [grpc-default-executor-4] WARN  server.GrpcLogAppender (LogUtils.java:warn(122)) - omNode-1@group-523986131536->omNode-2-AppendLogResponseHandler: Failed appendEntries: org.apache.ratis.thirdparty.io.grpc.StatusRuntimeException: UNAVAILABLE: io exception
2020-06-09 10:47:46,930 [grpc-default-executor-4] INFO  impl.FollowerInfo (FollowerInfo.java:lambda$new$0(51)) - omNode-1@group-523986131536->omNode-2: nextIndex: updateUnconditionally 531 -> 45
2020-06-09 10:47:46,939 [grpc-default-executor-5] WARN  server.GrpcLogAppender (LogUtils.java:warn(122)) - omNode-1@group-523986131536->omNode-2-AppendLogResponseHandler: Failed appendEntries: org.apache.ratis.thirdparty.io.grpc.StatusRuntimeException: UNAVAILABLE: io exception
2020-06-09 10:47:46,939 [grpc-default-executor-5] INFO  impl.FollowerInfo (FollowerInfo.java:lambda$new$0(51)) - omNode-1@group-523986131536->omNode-2: nextIndex: updateUnconditionally 532 -> 45
2020-06-09 10:47:46,945 [grpc-default-executor-4] WARN  server.GrpcLogAppender (LogUtils.java:warn(122)) - omNode-1@group-523986131536->omNode-2-AppendLogResponseHandler: Failed appendEntries: org.apache.ratis.thirdparty.io.grpc.StatusRuntimeException: UNAVAILABLE: io exception
2020-06-09 10:47:46,945 [grpc-default-executor-4] INFO  impl.FollowerInfo (FollowerInfo.java:lambda$new$0(51)) - omNode-1@group-523986131536->omNode-2: nextIndex: updateUnconditionally 533 -> 45
2020-06-09 10:47:46,947 [grpc-default-executor-5] WARN  server.GrpcLogAppender (LogUtils.java:warn(122)) - omNode-1@group-523986131536->omNode-2-AppendLogResponseHandler: Failed appendEntries: org.apache.ratis.thirdparty.io.grpc.StatusRuntimeException: UNAVAILABLE: io exception
2020-06-09 10:47:46,947 [grpc-default-executor-5] INFO  impl.FollowerInfo (FollowerInfo.java:lambda$new$0(51)) - omNode-1@group-523986131536->omNode-2: nextIndex: updateUnconditionally 534 -> 45
2020-06-09 10:47:46,950 [grpc-default-executor-4] WARN  server.GrpcLogAppender (LogUtils.java:warn(122)) - omNode-1@group-523986131536->omNode-2-AppendLogResponseHandler: Failed appendEntries: org.apache.ratis.thirdparty.io.grpc.StatusRuntimeException: UNAVAILABLE: io exception
2020-06-09 10:47:46,950 [grpc-default-executor-4] INFO  impl.FollowerInfo (FollowerInfo.java:lambda$new$0(51)) - omNode-1@group-523986131536->omNode-2: nextIndex: updateUnconditionally 534 -> 45
2020-06-09 10:47:46,955 [grpc-default-executor-4] WARN  server.GrpcLogAppender (LogUtils.java:warn(122)) - omNode-1@group-523986131536->omNode-2-AppendLogResponseHandler: Failed appendEntries: org.apache.ratis.thirdparty.io.grpc.StatusRuntimeException: UNAVAILABLE: io exception
2020-06-09 10:47:46,955 [grpc-default-executor-4] INFO  impl.FollowerInfo (FollowerInfo.java:lambda$new$0(51)) - omNode-1@group-523986131536->omNode-2: nextIndex: updateUnconditionally 535 -> 45
2020-06-09 10:47:46,959 [grpc-default-executor-5] WARN  server.GrpcLogAppender (LogUtils.java:warn(122)) - omNode-1@group-523986131536->omNode-2-AppendLogResponseHandler: Failed appendEntries: org.apache.ratis.thirdparty.io.grpc.StatusRuntimeException: UNAVAILABLE: io exception
2020-06-09 10:47:46,959 [grpc-default-executor-5] INFO  impl.FollowerInfo (FollowerInfo.java:lambda$new$0(51)) - omNode-1@group-523986131536->omNode-2: nextIndex: updateUnconditionally 535 -> 45
2020-06-09 10:47:46,963 [grpc-default-executor-3] WARN  server.GrpcLogAppender (LogUtils.java:warn(122)) - omNode-1@group-523986131536->omNode-2-AppendLogResponseHandler: Failed appendEntries: org.apache.ratis.thirdparty.io.grpc.StatusRuntimeException: UNAVAILABLE: io exception
2020-06-09 10:47:46,963 [grpc-default-executor-3] INFO  impl.FollowerInfo (FollowerInfo.java:lambda$new$0(51)) - omNode-1@group-523986131536->omNode-2: nextIndex: updateUnconditionally 536 -> 45
2020-06-09 10:47:46,969 [grpc-default-executor-4] WARN  server.GrpcLogAppender (LogUtils.java:warn(122)) - omNode-1@group-523986131536->omNode-2-AppendLogResponseHandler: Failed appendEntries: org.apache.ratis.thirdparty.io.grpc.StatusRuntimeException: UNAVAILABLE: io exception
2020-06-09 10:47:46,969 [grpc-default-executor-4] INFO  impl.FollowerInfo (FollowerInfo.java:lambda$new$0(51)) - omNode-1@group-523986131536->omNode-2: nextIndex: updateUnconditionally 537 -> 45
2020-06-09 10:47:46,973 [grpc-default-executor-4] WARN  server.GrpcLogAppender (LogUtils.java:warn(122)) - omNode-1@group-523986131536->omNode-2-AppendLogResponseHandler: Failed appendEntries: org.apache.ratis.thirdparty.io.grpc.StatusRuntimeException: UNAVAILABLE: io exception
2020-06-09 10:47:46,973 [grpc-default-executor-4] INFO  impl.FollowerInfo (FollowerInfo.java:lambda$new$0(51)) - omNode-1@group-523986131536->omNode-2: nextIndex: updateUnconditionally 538 -> 45
2020-06-09 10:47:46,977 [grpc-default-executor-3] WARN  server.GrpcLogAppender (LogUtils.java:warn(122)) - omNode-1@group-523986131536->omNode-2-AppendLogResponseHandler: Failed appendEntries: org.apache.ratis.thirdparty.io.grpc.StatusRuntimeException: UNAVAILABLE: io exception
2020-06-09 10:47:46,977 [grpc-default-executor-3] INFO  impl.FollowerInfo (FollowerInfo.java:lambda$new$0(51)) - omNode-1@group-523986131536->omNode-2: nextIndex: updateUnconditionally 539 -> 45
2020-06-09 10:47:46,981 [grpc-default-executor-3] WARN  server.GrpcLogAppender (LogUtils.java:warn(122)) - omNode-1@group-523986131536->omNode-2-AppendLogResponseHandler: Failed appendEntries: org.apache.ratis.thirdparty.io.grpc.StatusRuntimeException: UNAVAILABLE: io exception
2020-06-09 10:47:46,981 [grpc-default-executor-3] INFO  impl.FollowerInfo (FollowerInfo.java:lambda$new$0(51)) - omNode-1@group-523986131536->omNode-2: nextIndex: updateUnconditionally 540 -> 45
2020-06-09 10:47:46,984 [grpc-default-executor-5] WARN  server.GrpcLogAppender (LogUtils.java:warn(122)) - omNode-1@group-523986131536->omNode-2-AppendLogResponseHandler: Failed appendEntries: org.apache.ratis.thirdparty.io.grpc.StatusRuntimeException: UNAVAILABLE: io exception
2020-06-09 10:47:46,984 [grpc-default-executor-5] INFO  impl.FollowerInfo (FollowerInfo.java:lambda$new$0(51)) - omNode-1@group-523986131536->omNode-2: nextIndex: updateUnconditionally 542 -> 45
2020-06-09 10:47:46,990 [grpc-default-executor-3] WARN  server.GrpcLogAppender (LogUtils.java:warn(122)) - omNode-1@group-523986131536->omNode-2-AppendLogResponseHandler: Failed appendEntries: org.apache.ratis.thirdparty.io.grpc.StatusRuntimeException: UNAVAILABLE: io exception
2020-06-09 10:47:46,990 [grpc-default-executor-3] INFO  impl.FollowerInfo (FollowerInfo.java:lambda$new$0(51)) - omNode-1@group-523986131536->omNode-2: nextIndex: updateUnconditionally 542 -> 45
2020-06-09 10:47:46,996 [grpc-default-executor-5] WARN  server.GrpcLogAppender (LogUtils.java:warn(122)) - omNode-1@group-523986131536->omNode-2-AppendLogResponseHandler: Failed appendEntries: org.apache.ratis.thirdparty.io.grpc.StatusRuntimeException: UNAVAILABLE: io exception
2020-06-09 10:47:46,996 [grpc-default-executor-5] INFO  impl.FollowerInfo (FollowerInfo.java:lambda$new$0(51)) - omNode-1@group-523986131536->omNode-2: nextIndex: updateUnconditionally 544 -> 45
2020-06-09 10:47:46,996 [Listener at 127.0.0.1/11532] INFO  om.OzoneManager (OzoneManager.java:restart(1139)) - OzoneManager RPC server is listening at localhost/127.0.0.1:11526
2020-06-09 10:47:46,996 [Listener at 127.0.0.1/11532] INFO  impl.MetricsSystemImpl (MetricsSystemImpl.java:init(158)) - OzoneManager metrics system started (again)
2020-06-09 10:47:47,002 [Listener at 127.0.0.1/11532] WARN  server.ServerUtils (ServerUtils.java:getDBPath(225)) - ozone.om.db.dirs is not configured. We recommend adding this setting. Falling back to ozone.metadata.dirs instead.
2020-06-09 10:47:47,006 [grpc-default-executor-3] WARN  server.GrpcLogAppender (LogUtils.java:warn(122)) - omNode-1@group-523986131536->omNode-2-AppendLogResponseHandler: Failed appendEntries: org.apache.ratis.thirdparty.io.grpc.StatusRuntimeException: UNAVAILABLE: io exception
2020-06-09 10:47:47,006 [grpc-default-executor-3] INFO  impl.FollowerInfo (FollowerInfo.java:lambda$new$0(51)) - omNode-1@group-523986131536->omNode-2: nextIndex: updateUnconditionally 545 -> 45
2020-06-09 10:47:47,048 [Listener at 127.0.0.1/11532] WARN  server.ServerUtils (ServerUtils.java:getDefaultRatisDirectory(237)) - Storage directory for Ratis is not configured. It is a good idea to map this to an SSD disk. Falling back to ozone.metadata.dirs
2020-06-09 10:47:47,048 [Listener at 127.0.0.1/11532] INFO  ratis.OzoneManagerRatisServer (OzoneManagerRatisServer.java:<init>(268)) - Instantiating OM Ratis server with GroupID: om-service-test1 and Raft Peers: localhost:11530, localhost:11524, localhost:11536
2020-06-09 10:47:47,048 [Listener at 127.0.0.1/11532] INFO  ratis.OzoneManagerStateMachine (OzoneManagerStateMachine.java:updateLastAppliedIndexWithSnaphsotIndex(524)) - LastAppliedIndex set from SnapShotInfo (t:1, i:43)
2020-06-09 10:47:47,049 [Listener at 127.0.0.1/11532] INFO  impl.RaftServerProxy (ConfUtils.java:logGet(44)) - raft.rpc.type = GRPC (default)
2020-06-09 10:47:47,049 [Listener at 127.0.0.1/11532] INFO  grpc.GrpcFactory (GrpcFactory.java:checkPooledByteBufAllocatorUseCacheForAllThreads(45)) - PERFORMANCE WARNING: useCacheForAllThreads is true that may cause Netty to create a lot garbage objects and, as a result, trigger GC.
	It is recommended to disable useCacheForAllThreads by setting -Dorg.apache.ratis.thirdparty.io.netty.allocator.useCacheForAllThreads=false in command line.
2020-06-09 10:47:47,049 [Listener at 127.0.0.1/11532] INFO  grpc.GrpcConfigKeys (ConfUtils.java:logGet(44)) - raft.grpc.server.port = 11530 (custom)
2020-06-09 10:47:47,049 [Listener at 127.0.0.1/11532] INFO  server.GrpcService (ConfUtils.java:logGet(44)) - raft.grpc.message.size.max = 33554432 (custom)
2020-06-09 10:47:47,049 [Listener at 127.0.0.1/11532] INFO  server.RaftServerConfigKeys (ConfUtils.java:logGet(44)) - raft.server.log.appender.buffer.byte-limit = 33554432 (custom)
2020-06-09 10:47:47,049 [Listener at 127.0.0.1/11532] INFO  server.GrpcService (ConfUtils.java:logGet(44)) - raft.grpc.flow.control.window = 1MB (=1048576) (default)
2020-06-09 10:47:47,050 [Listener at 127.0.0.1/11532] INFO  server.RaftServerConfigKeys (ConfUtils.java:logGet(44)) - raft.server.rpc.request.timeout = 3000ms (default)
2020-06-09 10:47:47,050 [Listener at 127.0.0.1/11532] INFO  server.RaftServerConfigKeys (ConfUtils.java:logGet(44)) - raft.server.storage.dir = [/github/workspace/mnt/ozone/hadoop-ozone/integration-test/target/test-dir/MiniOzoneClusterImpl-428de9cd-98e2-485e-b164-55ba4e728ea0/omNode-2/ratis] (custom)
2020-06-09 10:47:47,051 [Listener at 127.0.0.1/11532] INFO  impl.RaftServerProxy (RaftServerProxy.java:lambda$null$0(196)) - omNode-2: found a subdirectory /github/workspace/mnt/ozone/hadoop-ozone/integration-test/target/test-dir/MiniOzoneClusterImpl-428de9cd-98e2-485e-b164-55ba4e728ea0/omNode-2/ratis/snapshot
2020-06-09 10:47:47,051 [Listener at 127.0.0.1/11532] WARN  impl.RaftServerProxy (RaftServerProxy.java:lambda$null$0(202)) - omNode-2: Failed to initialize the group directory /github/workspace/mnt/ozone/hadoop-ozone/integration-test/target/test-dir/MiniOzoneClusterImpl-428de9cd-98e2-485e-b164-55ba4e728ea0/omNode-2/ratis/snapshot.  Ignoring it
java.lang.IllegalArgumentException: Invalid UUID string: snapshot
	at java.util.UUID.fromString(UUID.java:194)
	at org.apache.ratis.server.impl.RaftServerProxy.lambda$null$0(RaftServerProxy.java:197)
	at java.util.stream.ForEachOps$ForEachOp$OfRef.accept(ForEachOps.java:183)
	at java.util.stream.ReferencePipeline$2$1.accept(ReferencePipeline.java:175)
	at java.util.Spliterators$ArraySpliterator.forEachRemaining(Spliterators.java:948)
	at java.util.stream.AbstractPipeline.copyInto(AbstractPipeline.java:482)
	at java.util.stream.AbstractPipeline.wrapAndCopyInto(AbstractPipeline.java:472)
	at java.util.stream.ForEachOps$ForEachOp.evaluateSequential(ForEachOps.java:150)
	at java.util.stream.ForEachOps$ForEachOp$OfRef.evaluateSequential(ForEachOps.java:173)
	at java.util.stream.AbstractPipeline.evaluate(AbstractPipeline.java:234)
	at java.util.stream.ReferencePipeline.forEach(ReferencePipeline.java:485)
	at org.apache.ratis.server.impl.RaftServerProxy.lambda$initGroups$1(RaftServerProxy.java:194)
	at java.util.stream.ForEachOps$ForEachOp$OfRef.accept(ForEachOps.java:183)
	at java.util.ArrayList$ArrayListSpliterator.forEachRemaining(ArrayList.java:1382)
	at java.util.stream.AbstractPipeline.copyInto(AbstractPipeline.java:482)
	at java.util.stream.ForEachOps$ForEachTask.compute(ForEachOps.java:290)
	at java.util.concurrent.CountedCompleter.exec(CountedCompleter.java:731)
	at java.util.concurrent.ForkJoinTask.doExec(ForkJoinTask.java:289)
	at java.util.concurrent.ForkJoinTask.doInvoke(ForkJoinTask.java:401)
	at java.util.concurrent.ForkJoinTask.invoke(ForkJoinTask.java:734)
	at java.util.stream.ForEachOps$ForEachOp.evaluateParallel(ForEachOps.java:159)
	at java.util.stream.ForEachOps$ForEachOp$OfRef.evaluateParallel(ForEachOps.java:173)
	at java.util.stream.AbstractPipeline.evaluate(AbstractPipeline.java:233)
	at java.util.stream.ReferencePipeline.forEach(ReferencePipeline.java:485)
	at java.util.stream.ReferencePipeline$Head.forEach(ReferencePipeline.java:650)
	at org.apache.ratis.server.impl.RaftServerProxy.initGroups(RaftServerProxy.java:191)
	at org.apache.ratis.server.impl.ServerImplUtils.newRaftServer(ServerImplUtils.java:44)
	at org.apache.ratis.server.RaftServer$Builder.build(RaftServer.java:76)
	at org.apache.hadoop.ozone.om.ratis.OzoneManagerRatisServer.<init>(OzoneManagerRatisServer.java:278)
	at org.apache.hadoop.ozone.om.ratis.OzoneManagerRatisServer.newOMRatisServer(OzoneManagerRatisServer.java:334)
	at org.apache.hadoop.ozone.om.OzoneManager.initializeRatisServer(OzoneManager.java:1223)
	at org.apache.hadoop.ozone.om.OzoneManager.restart(OzoneManager.java:1166)
	at org.apache.hadoop.ozone.om.TestOzoneManagerHAWithData.testOMRestart(TestOzoneManagerHAWithData.java:541)
	at sun.reflect.NativeMethodAccessorImpl.invoke0(Native Method)
	at sun.reflect.NativeMethodAccessorImpl.invoke(NativeMethodAccessorImpl.java:62)
	at sun.reflect.DelegatingMethodAccessorImpl.invoke(DelegatingMethodAccessorImpl.java:43)
	at java.lang.reflect.Method.invoke(Method.java:498)
	at org.junit.runners.model.FrameworkMethod$1.runReflectiveCall(FrameworkMethod.java:47)
	at org.junit.internal.runners.model.ReflectiveCallable.run(ReflectiveCallable.java:12)
	at org.junit.runners.model.FrameworkMethod.invokeExplosively(FrameworkMethod.java:44)
	at org.junit.internal.runners.statements.InvokeMethod.evaluate(InvokeMethod.java:17)
	at org.junit.internal.runners.statements.RunBefores.evaluate(RunBefores.java:26)
	at org.junit.internal.runners.statements.RunAfters.evaluate(RunAfters.java:27)
	at org.junit.rules.ExpectedException$ExpectedExceptionStatement.evaluate(ExpectedException.java:168)
	at org.junit.internal.runners.statements.FailOnTimeout$StatementThread.run(FailOnTimeout.java:74)
2020-06-09 10:47:47,051 [Listener at 127.0.0.1/11532] INFO  impl.RaftServerProxy (RaftServerProxy.java:lambda$null$0(196)) - omNode-2: found a subdirectory /github/workspace/mnt/ozone/hadoop-ozone/integration-test/target/test-dir/MiniOzoneClusterImpl-428de9cd-98e2-485e-b164-55ba4e728ea0/omNode-2/ratis/c9bc4cf4-3bc3-3c60-a66b-523986131536
2020-06-09 10:47:47,058 [Listener at 127.0.0.1/11532] INFO  impl.RaftServerProxy (RaftServerProxy.java:addNew(89)) - omNode-2: addNew group-523986131536:[omNode-3:localhost:11536, omNode-1:localhost:11524, omNode-2:localhost:11530] returns group-523986131536:java.util.concurrent.CompletableFuture@7f3d7f56[Not completed]
2020-06-09 10:47:47,058 [pool-1276-thread-1] INFO  impl.RaftServerImpl (RaftServerImpl.java:<init>(99)) - omNode-2: new RaftServerImpl for group-523986131536:[omNode-3:localhost:11536, omNode-1:localhost:11524, omNode-2:localhost:11530] with OzoneManagerStateMachine:uninitialized
2020-06-09 10:47:47,058 [pool-1276-thread-1] INFO  server.RaftServerConfigKeys (ConfUtils.java:logGet(44)) - raft.server.rpc.timeout.min = 1s (custom)
2020-06-09 10:47:47,058 [pool-1276-thread-1] INFO  server.RaftServerConfigKeys (ConfUtils.java:logGet(44)) - raft.server.rpc.timeout.max = 1200ms (custom)
2020-06-09 10:47:47,058 [pool-1276-thread-1] INFO  server.RaftServerConfigKeys (ConfUtils.java:logGet(44)) - raft.server.rpcslowness.timeout = 2s (custom)
2020-06-09 10:47:47,058 [pool-1276-thread-1] INFO  server.RaftServerConfigKeys (ConfUtils.java:logGet(44)) - raft.server.sleep.deviation.threshold = 300 (default)
2020-06-09 10:47:47,059 [pool-1276-thread-1] INFO  server.RaftServerConfigKeys (ConfUtils.java:logGet(44)) - raft.server.log.appender.install.snapshot.enabled = false (custom)
2020-06-09 10:47:47,059 [pool-1276-thread-1] INFO  impl.RaftServerImpl (ServerState.java:<init>(103)) - omNode-2@group-523986131536: ConfigurationManager, init=-1: [omNode-3:localhost:11536, omNode-1:localhost:11524, omNode-2:localhost:11530], old=null, confs=<EMPTY_MAP>
2020-06-09 10:47:47,059 [pool-1276-thread-1] INFO  server.RaftServerConfigKeys (ConfUtils.java:logGet(44)) - raft.server.storage.dir = [/github/workspace/mnt/ozone/hadoop-ozone/integration-test/target/test-dir/MiniOzoneClusterImpl-428de9cd-98e2-485e-b164-55ba4e728ea0/omNode-2/ratis] (custom)
2020-06-09 10:47:47,059 [pool-1276-thread-1] INFO  server.RaftServerConfigKeys (ConfUtils.java:logGet(44)) - raft.server.log.corruption.policy = EXCEPTION (default)
2020-06-09 10:47:47,060 [pool-1276-thread-1] INFO  storage.RaftStorageDirectory (RaftStorageDirectory.java:tryLock(343)) - Lock on /github/workspace/mnt/ozone/hadoop-ozone/integration-test/target/test-dir/MiniOzoneClusterImpl-428de9cd-98e2-485e-b164-55ba4e728ea0/omNode-2/ratis/c9bc4cf4-3bc3-3c60-a66b-523986131536/in_use.lock acquired by nodename 24425@6db717622624
2020-06-09 10:47:47,062 [pool-1276-thread-1] INFO  impl.RaftServerImpl (ServerState.java:setRaftConf(356)) - omNode-2@group-523986131536: set configuration 0: [omNode-3:localhost:11536, omNode-1:localhost:11524, omNode-2:localhost:11530], old=null at 0
2020-06-09 10:47:47,062 [pool-1276-thread-1] INFO  server.RaftServerConfigKeys (ConfUtils.java:logGet(44)) - raft.server.notification.no-leader.timeout = 2s (custom)
2020-06-09 10:47:47,062 [Listener at 127.0.0.1/11532] INFO  om.OzoneManager (OzoneManager.java:initializeRatisServer(1226)) - OzoneManager Ratis server initialized at port 11530
2020-06-09 10:47:47,063 [Listener at 127.0.0.1/11532] INFO  ratis.OzoneManagerRatisServer (OzoneManagerRatisServer.java:start(364)) - Starting OzoneManagerRatisServer omNode-2 at port 11530
2020-06-09 10:47:47,063 [pool-1276-thread-1] INFO  server.RaftServerConfigKeys (ConfUtils.java:logGet(44)) - raft.server.log.use.memory = false (default)
2020-06-09 10:47:47,063 [pool-1276-thread-1] INFO  server.RaftServerConfigKeys (ConfUtils.java:logGet(44)) - raft.server.log.purge.gap = 50 (custom)
2020-06-09 10:47:47,063 [pool-1276-thread-1] INFO  server.RaftServerConfigKeys (ConfUtils.java:logGet(44)) - raft.server.log.appender.buffer.byte-limit = 33554432 (custom)
2020-06-09 10:47:47,063 [pool-1276-thread-1] INFO  server.RaftServerConfigKeys (ConfUtils.java:logGet(44)) - raft.server.log.segment.size.max = 16384 (custom)
2020-06-09 10:47:47,063 [pool-1276-thread-1] INFO  metrics.RatisMetrics (RatisMetrics.java:lambda$create$0(36)) - Creating Metrics Registry : ratis.log_worker.omNode-2@group-523986131536
2020-06-09 10:47:47,063 [pool-1276-thread-1] INFO  server.RaftServerConfigKeys (ConfUtils.java:logGet(44)) - raft.server.log.segment.cache.num.max = 2 (custom)
2020-06-09 10:47:47,063 [pool-1276-thread-1] INFO  segmented.SegmentedRaftLogWorker (SegmentedRaftLogWorker.java:<init>(180)) - new omNode-2@group-523986131536-SegmentedRaftLogWorker for RaftStorage:Storage Directory /github/workspace/mnt/ozone/hadoop-ozone/integration-test/target/test-dir/MiniOzoneClusterImpl-428de9cd-98e2-485e-b164-55ba4e728ea0/omNode-2/ratis/c9bc4cf4-3bc3-3c60-a66b-523986131536
2020-06-09 10:47:47,064 [pool-1276-thread-1] INFO  server.RaftServerConfigKeys (ConfUtils.java:logGet(44)) - raft.server.log.queue.byte-limit = 64MB (=67108864) (default)
2020-06-09 10:47:47,064 [pool-1276-thread-1] INFO  server.RaftServerConfigKeys (ConfUtils.java:logGet(44)) - raft.server.log.queue.element-limit = 4096 (default)
2020-06-09 10:47:47,064 [pool-1276-thread-1] INFO  server.RaftServerConfigKeys (ConfUtils.java:logGet(44)) - raft.server.log.segment.size.max = 16384 (custom)
2020-06-09 10:47:47,064 [pool-1276-thread-1] INFO  server.RaftServerConfigKeys (ConfUtils.java:logGet(44)) - raft.server.log.preallocated.size = 16384 (custom)
2020-06-09 10:47:47,064 [pool-1276-thread-1] INFO  server.RaftServerConfigKeys (ConfUtils.java:logGet(44)) - raft.server.log.write.buffer.size = 64KB (=65536) (default)
2020-06-09 10:47:47,064 [pool-1276-thread-1] INFO  server.RaftServerConfigKeys (ConfUtils.java:logGet(44)) - raft.server.log.force.sync.num = 128 (default)
2020-06-09 10:47:47,064 [pool-1276-thread-1] INFO  server.RaftServerConfigKeys (ConfUtils.java:logGet(44)) - raft.server.log.statemachine.data.sync = true (default)
2020-06-09 10:47:47,064 [pool-1276-thread-1] INFO  server.RaftServerConfigKeys (ConfUtils.java:logGet(44)) - raft.server.log.statemachine.data.sync.timeout = 10s (default)
2020-06-09 10:47:47,065 [pool-1276-thread-1] INFO  server.RaftServerConfigKeys (ConfUtils.java:logGet(44)) - raft.server.log.statemachine.data.sync.timeout.retry = -1 (default)
2020-06-09 10:47:47,067 [pool-1276-thread-1] INFO  server.RaftServerConfigKeys (ConfUtils.java:logGet(44)) - raft.server.log.statemachine.data.caching.enabled = false (default)
2020-06-09 10:47:47,070 [pool-1276-thread-1] INFO  impl.RaftServerImpl (ServerState.java:setRaftConf(356)) - omNode-2@group-523986131536: set configuration 0: [omNode-3:localhost:11536, omNode-1:localhost:11524, omNode-2:localhost:11530], old=null at 0
2020-06-09 10:47:47,075 [pool-1276-thread-1] INFO  segmented.LogSegment (LogSegment.java:loadSegment(147)) - Successfully read 45 entries from segment file /github/workspace/mnt/ozone/hadoop-ozone/integration-test/target/test-dir/MiniOzoneClusterImpl-428de9cd-98e2-485e-b164-55ba4e728ea0/omNode-2/ratis/c9bc4cf4-3bc3-3c60-a66b-523986131536/current/log_inprogress_0
2020-06-09 10:47:47,075 [pool-1276-thread-1] INFO  segmented.SegmentedRaftLogWorker (SegmentedRaftLogWorker.java:lambda$new$0(129)) - omNode-2@group-523986131536-SegmentedRaftLogWorker: flushIndex: setUnconditionally 0 -> 44
2020-06-09 10:47:47,075 [pool-1276-thread-1] INFO  segmented.SegmentedRaftLogWorker (SegmentedRaftLogWorker.java:lambda$new$0(129)) - omNode-2@group-523986131536-SegmentedRaftLogWorker: safeCacheEvictIndex: setUnconditionally 0 -> -1
2020-06-09 10:47:47,078 [pool-1276-thread-1] INFO  raftlog.RaftLog (RaftLog.java:lambda$new$0(61)) - omNode-2@group-523986131536-SegmentedRaftLog: commitIndex: updateToMax old=43, new=43, updated? false
2020-06-09 10:47:47,078 [pool-1276-thread-1] INFO  server.RaftServerConfigKeys (ConfUtils.java:logGet(44)) - raft.server.snapshot.auto.trigger.enabled = true (custom)
2020-06-09 10:47:47,078 [pool-1276-thread-1] INFO  server.RaftServerConfigKeys (ConfUtils.java:logGet(44)) - raft.server.snapshot.auto.trigger.threshold = 50 (custom)
2020-06-09 10:47:47,078 [pool-1276-thread-1] INFO  server.RaftServerConfigKeys (ConfUtils.java:logGet(44)) - raft.server.snapshot.retention.file.num = -1 (default)
2020-06-09 10:47:47,078 [pool-1276-thread-1] INFO  server.RaftServerConfigKeys (ConfUtils.java:logGet(44)) - raft.server.log.purge.upto.snapshot.index = false (default)
2020-06-09 10:47:47,078 [pool-1276-thread-1] INFO  server.RaftServerConfigKeys (ConfUtils.java:logGet(44)) - raft.server.retrycache.expirytime = 600000ms (custom)
2020-06-09 10:47:47,079 [pool-1276-thread-1] INFO  metrics.RatisMetrics (RatisMetrics.java:lambda$create$0(36)) - Creating Metrics Registry : ratis.leader_election.omNode-2@group-523986131536
2020-06-09 10:47:47,080 [pool-1276-thread-1] INFO  metrics.RatisMetrics (RatisMetrics.java:lambda$create$0(36)) - Creating Metrics Registry : ratis.server.omNode-2@group-523986131536
2020-06-09 10:47:47,083 [Listener at 127.0.0.1/11532] INFO  impl.RaftServerImpl (RaftServerImpl.java:start(186)) - omNode-2@group-523986131536: start as a follower, conf=0: [omNode-3:localhost:11536, omNode-1:localhost:11524, omNode-2:localhost:11530], old=null
2020-06-09 10:47:47,084 [Listener at 127.0.0.1/11532] INFO  impl.RaftServerImpl (RaftServerImpl.java:setRole(175)) - omNode-2@group-523986131536: changes role from      null to FOLLOWER at term 1 for startAsFollower
2020-06-09 10:47:47,084 [Listener at 127.0.0.1/11532] INFO  impl.RoleInfo (RoleInfo.java:updateAndGet(143)) - omNode-2: start FollowerState
2020-06-09 10:47:47,084 [Listener at 127.0.0.1/11532] INFO  util.JmxRegister (JmxRegister.java:tryRegister(44)) - Successfully registered JMX Bean with object name Ratis:service=RaftServer,group=group-523986131536,id=omNode-2
2020-06-09 10:47:47,084 [Listener at 127.0.0.1/11532] INFO  metrics.RatisMetrics (RatisMetrics.java:lambda$create$0(36)) - Creating Metrics Registry : ratis.state_machine.omNode-2@group-523986131536
2020-06-09 10:47:47,086 [Listener at 127.0.0.1/11532] INFO  impl.RaftServerProxy (RaftServerProxy.java:lambda$start$3(304)) - omNode-2: start RPC server
2020-06-09 10:47:47,086 [Listener at 127.0.0.1/11532] INFO  server.GrpcService (GrpcService.java:startImpl(160)) - omNode-2: GrpcService started, listening on 0.0.0.0/0.0.0.0:11530
2020-06-09 10:47:47,086 [Listener at 127.0.0.1/11532] INFO  ipc.CallQueueManager (CallQueueManager.java:<init>(84)) - Using callQueue: class java.util.concurrent.LinkedBlockingQueue, queueCapacity: 2000, scheduler: class org.apache.hadoop.ipc.DefaultRpcScheduler, ipcBackoff: false.
2020-06-09 10:47:47,087 [Socket Reader #1 for port 11526] INFO  ipc.Server (Server.java:run(1219)) - Starting Socket Reader #1 for port 11526
2020-06-09 10:47:47,098 [IPC Server Responder] INFO  ipc.Server (Server.java:run(1460)) - IPC Server Responder: starting
2020-06-09 10:47:47,098 [IPC Server listener on 11526] INFO  ipc.Server (Server.java:run(1298)) - IPC Server listener on 11526: starting
2020-06-09 10:47:47,113 [Listener at localhost/11526] INFO  http.BaseHttpServer (BaseHttpServer.java:newHttpServer2BuilderForOzone(205)) - Starting Web-server for ozoneManager at: http://0.0.0.0:11528
2020-06-09 10:47:47,113 [Listener at localhost/11526] INFO  http.BaseHttpServer (BaseHttpServer.java:<init>(106)) - Hadoop Security Enabled: false Ozone Security Enabled: false Ozone HTTP Security Enabled: false 
2020-06-09 10:47:47,114 [Listener at localhost/11526] INFO  server.AuthenticationFilter (AuthenticationFilter.java:constructSecretProvider(240)) - Unable to initialize FileSignerSecretProvider, falling back to use random secrets.
2020-06-09 10:47:47,114 [Listener at localhost/11526] WARN  http.HttpRequestLog (HttpRequestLog.java:getRequestLog(103)) - Jetty request log can only be enabled using Log4j
2020-06-09 10:47:47,114 [Listener at localhost/11526] INFO  http.HttpServer2 (HttpServer2.java:addGlobalFilter(993)) - Added global filter 'safety' (class=org.apache.hadoop.hdds.server.http.HttpServer2$QuotingInputFilter)
2020-06-09 10:47:47,115 [Listener at localhost/11526] INFO  http.HttpServer2 (HttpServer2.java:addFilter(969)) - Added filter authentication (class=org.apache.hadoop.security.authentication.server.AuthenticationFilter) to context ozoneManager
2020-06-09 10:47:47,115 [Listener at localhost/11526] INFO  http.HttpServer2 (HttpServer2.java:addFilter(977)) - Added filter authentication (class=org.apache.hadoop.security.authentication.server.AuthenticationFilter) to context static
2020-06-09 10:47:47,115 [Listener at localhost/11526] INFO  http.HttpServer2 (HttpServer2.java:addFilter(977)) - Added filter authentication (class=org.apache.hadoop.security.authentication.server.AuthenticationFilter) to context logs
2020-06-09 10:47:47,115 [Listener at localhost/11526] INFO  http.HttpServer2 (HttpServer2.java:bindListener(1211)) - Jetty bound to port 11528
2020-06-09 10:47:47,115 [Listener at localhost/11526] INFO  server.Server (Server.java:doStart(359)) - jetty-9.4.26.v20200117; built: 2020-01-17T12:35:33.676Z; git: 7b38981d25d14afb4a12ff1f2596756144edf695; jvm 1.8.0_232-b09
2020-06-09 10:47:47,116 [Listener at localhost/11526] INFO  server.session (DefaultSessionIdManager.java:doStart(333)) - DefaultSessionIdManager workerName=node0
2020-06-09 10:47:47,116 [Listener at localhost/11526] INFO  server.session (DefaultSessionIdManager.java:doStart(338)) - No SessionScavenger set, using defaults
2020-06-09 10:47:47,117 [Listener at localhost/11526] INFO  server.session (HouseKeeper.java:startScavenging(140)) - node0 Scavenging every 600000ms
2020-06-09 10:47:47,117 [Listener at localhost/11526] INFO  server.AuthenticationFilter (AuthenticationFilter.java:constructSecretProvider(240)) - Unable to initialize FileSignerSecretProvider, falling back to use random secrets.
2020-06-09 10:47:47,118 [Listener at localhost/11526] INFO  handler.ContextHandler (ContextHandler.java:doStart(825)) - Started o.e.j.s.ServletContextHandler@1699a415{logs,/logs,file:///github/workspace/mnt/ozone/hadoop-ozone/integration-test/target/log,AVAILABLE}
2020-06-09 10:47:47,118 [Listener at localhost/11526] INFO  handler.ContextHandler (ContextHandler.java:doStart(825)) - Started o.e.j.s.ServletContextHandler@6c40b217{static,/static,file:///github/workspace/mnt/ozone/hadoop-ozone/integration-test/target/test-classes/webapps/static,AVAILABLE}
2020-06-09 10:47:47,120 [Listener at localhost/11526] INFO  handler.ContextHandler (ContextHandler.java:doStart(825)) - Started o.e.j.w.WebAppContext@24bb6343{ozoneManager,/,file:///github/workspace/mnt/ozone/hadoop-ozone/integration-test/target/test-classes/webapps/ozoneManager/,AVAILABLE}{file:/github/workspace/mnt/ozone/hadoop-ozone/integration-test/target/test-classes/webapps/ozoneManager}
2020-06-09 10:47:47,135 [Listener at localhost/11526] INFO  server.AbstractConnector (AbstractConnector.java:doStart(330)) - Started ServerConnector@74b60925{HTTP/1.1,[http/1.1]}{0.0.0.0:11528}
2020-06-09 10:47:47,135 [Listener at localhost/11526] INFO  server.Server (Server.java:doStart(399)) - Started @256475ms
2020-06-09 10:47:47,135 [Listener at localhost/11526] WARN  impl.MetricsSystemImpl (MetricsSystemImpl.java:register(276)) - Sink prometheus already exists!
2020-06-09 10:47:47,138 [Listener at localhost/11526] INFO  http.BaseHttpServer (BaseHttpServer.java:updateConnectorAddress(325)) - HTTP server of ozoneManager listening at http://0.0.0.0:11528
2020-06-09 10:47:47,139 [Listener at localhost/11526] INFO  ratis.OMRatisSnapshotInfo (OMRatisSnapshotInfo.java:saveRatisSnapshotToDisk(105)) - Saved Ratis Snapshot on the OM with snapshotIndex (t:1, i:544)
2020-06-09 10:47:47,139 [org.apache.hadoop.util.JvmPauseMonitor$Monitor@13abecc6] INFO  util.JvmPauseMonitor (JvmPauseMonitor.java:run(188)) - Starting JVM pause monitor
2020-06-09 10:47:47,511 [grpc-default-executor-3] INFO  impl.RaftServerImpl (ServerState.java:setLeader(255)) - omNode-2@group-523986131536: change Leader from null to omNode-1 at term 1 for appendEntries, leader elected after 448ms
2020-06-09 10:47:47,517 [grpc-default-executor-3] INFO  segmented.SegmentedRaftLogWorker (SegmentedRaftLogWorker.java:rollLogSegment(402)) - omNode-2@group-523986131536-SegmentedRaftLogWorker: Rolling segment log-0_76 to index:76
2020-06-09 10:47:47,518 [grpc-default-executor-3] INFO  segmented.SegmentedRaftLogWorker (SegmentedRaftLogWorker.java:rollLogSegment(402)) - omNode-2@group-523986131536-SegmentedRaftLogWorker: Rolling segment log-77_150 to index:150
2020-06-09 10:47:47,518 [grpc-default-executor-3] INFO  segmented.SegmentedRaftLogWorker (SegmentedRaftLogWorker.java:rollLogSegment(402)) - omNode-2@group-523986131536-SegmentedRaftLogWorker: Rolling segment log-151_224 to index:224
2020-06-09 10:47:47,518 [grpc-default-executor-3] INFO  segmented.SegmentedRaftLogWorker (SegmentedRaftLogWorker.java:rollLogSegment(402)) - omNode-2@group-523986131536-SegmentedRaftLogWorker: Rolling segment log-225_298 to index:298
2020-06-09 10:47:47,519 [grpc-default-executor-3] INFO  segmented.SegmentedRaftLogWorker (SegmentedRaftLogWorker.java:rollLogSegment(402)) - omNode-2@group-523986131536-SegmentedRaftLogWorker: Rolling segment log-299_372 to index:372
2020-06-09 10:47:47,519 [grpc-default-executor-3] INFO  segmented.SegmentedRaftLogWorker (SegmentedRaftLogWorker.java:rollLogSegment(402)) - omNode-2@group-523986131536-SegmentedRaftLogWorker: Rolling segment log-373_446 to index:446
2020-06-09 10:47:47,519 [grpc-default-executor-3] INFO  segmented.SegmentedRaftLogWorker (SegmentedRaftLogWorker.java:rollLogSegment(402)) - omNode-2@group-523986131536-SegmentedRaftLogWorker: Rolling segment log-447_520 to index:520
2020-06-09 10:47:47,519 [omNode-2@group-523986131536-SegmentedRaftLogWorker] INFO  segmented.SegmentedRaftLogWorker (SegmentedRaftLogWorker.java:execute(553)) - omNode-2@group-523986131536-SegmentedRaftLogWorker: Rolled log segment from /github/workspace/mnt/ozone/hadoop-ozone/integration-test/target/test-dir/MiniOzoneClusterImpl-428de9cd-98e2-485e-b164-55ba4e728ea0/omNode-2/ratis/c9bc4cf4-3bc3-3c60-a66b-523986131536/current/log_inprogress_0 to /github/workspace/mnt/ozone/hadoop-ozone/integration-test/target/test-dir/MiniOzoneClusterImpl-428de9cd-98e2-485e-b164-55ba4e728ea0/omNode-2/ratis/c9bc4cf4-3bc3-3c60-a66b-523986131536/current/log_0-76
2020-06-09 10:47:47,522 [omNode-2@group-523986131536-SegmentedRaftLogWorker] INFO  segmented.SegmentedRaftLogWorker (SegmentedRaftLogWorker.java:execute(596)) - omNode-2@group-523986131536-SegmentedRaftLogWorker: created new log segment /github/workspace/mnt/ozone/hadoop-ozone/integration-test/target/test-dir/MiniOzoneClusterImpl-428de9cd-98e2-485e-b164-55ba4e728ea0/omNode-2/ratis/c9bc4cf4-3bc3-3c60-a66b-523986131536/current/log_inprogress_77
2020-06-09 10:47:47,526 [omNode-2@group-523986131536-SegmentedRaftLogWorker] INFO  segmented.SegmentedRaftLogWorker (SegmentedRaftLogWorker.java:execute(553)) - omNode-2@group-523986131536-SegmentedRaftLogWorker: Rolled log segment from /github/workspace/mnt/ozone/hadoop-ozone/integration-test/target/test-dir/MiniOzoneClusterImpl-428de9cd-98e2-485e-b164-55ba4e728ea0/omNode-2/ratis/c9bc4cf4-3bc3-3c60-a66b-523986131536/current/log_inprogress_77 to /github/workspace/mnt/ozone/hadoop-ozone/integration-test/target/test-dir/MiniOzoneClusterImpl-428de9cd-98e2-485e-b164-55ba4e728ea0/omNode-2/ratis/c9bc4cf4-3bc3-3c60-a66b-523986131536/current/log_77-150
2020-06-09 10:47:47,527 [omNode-2@group-523986131536-SegmentedRaftLogWorker] INFO  segmented.SegmentedRaftLogWorker (SegmentedRaftLogWorker.java:execute(596)) - omNode-2@group-523986131536-SegmentedRaftLogWorker: created new log segment /github/workspace/mnt/ozone/hadoop-ozone/integration-test/target/test-dir/MiniOzoneClusterImpl-428de9cd-98e2-485e-b164-55ba4e728ea0/omNode-2/ratis/c9bc4cf4-3bc3-3c60-a66b-523986131536/current/log_inprogress_151
2020-06-09 10:47:47,528 [omNode-2@group-523986131536-SegmentedRaftLogWorker] INFO  segmented.SegmentedRaftLogWorker (SegmentedRaftLogWorker.java:execute(553)) - omNode-2@group-523986131536-SegmentedRaftLogWorker: Rolled log segment from /github/workspace/mnt/ozone/hadoop-ozone/integration-test/target/test-dir/MiniOzoneClusterImpl-428de9cd-98e2-485e-b164-55ba4e728ea0/omNode-2/ratis/c9bc4cf4-3bc3-3c60-a66b-523986131536/current/log_inprogress_151 to /github/workspace/mnt/ozone/hadoop-ozone/integration-test/target/test-dir/MiniOzoneClusterImpl-428de9cd-98e2-485e-b164-55ba4e728ea0/omNode-2/ratis/c9bc4cf4-3bc3-3c60-a66b-523986131536/current/log_151-224
2020-06-09 10:47:47,529 [omNode-2@group-523986131536-SegmentedRaftLogWorker] INFO  segmented.SegmentedRaftLogWorker (SegmentedRaftLogWorker.java:execute(596)) - omNode-2@group-523986131536-SegmentedRaftLogWorker: created new log segment /github/workspace/mnt/ozone/hadoop-ozone/integration-test/target/test-dir/MiniOzoneClusterImpl-428de9cd-98e2-485e-b164-55ba4e728ea0/omNode-2/ratis/c9bc4cf4-3bc3-3c60-a66b-523986131536/current/log_inprogress_225
2020-06-09 10:47:47,530 [omNode-2@group-523986131536-SegmentedRaftLogWorker] INFO  segmented.SegmentedRaftLogWorker (SegmentedRaftLogWorker.java:execute(553)) - omNode-2@group-523986131536-SegmentedRaftLogWorker: Rolled log segment from /github/workspace/mnt/ozone/hadoop-ozone/integration-test/target/test-dir/MiniOzoneClusterImpl-428de9cd-98e2-485e-b164-55ba4e728ea0/omNode-2/ratis/c9bc4cf4-3bc3-3c60-a66b-523986131536/current/log_inprogress_225 to /github/workspace/mnt/ozone/hadoop-ozone/integration-test/target/test-dir/MiniOzoneClusterImpl-428de9cd-98e2-485e-b164-55ba4e728ea0/omNode-2/ratis/c9bc4cf4-3bc3-3c60-a66b-523986131536/current/log_225-298
2020-06-09 10:47:47,530 [omNode-2@group-523986131536-SegmentedRaftLogWorker] INFO  segmented.SegmentedRaftLogWorker (SegmentedRaftLogWorker.java:execute(596)) - omNode-2@group-523986131536-SegmentedRaftLogWorker: created new log segment /github/workspace/mnt/ozone/hadoop-ozone/integration-test/target/test-dir/MiniOzoneClusterImpl-428de9cd-98e2-485e-b164-55ba4e728ea0/omNode-2/ratis/c9bc4cf4-3bc3-3c60-a66b-523986131536/current/log_inprogress_299
2020-06-09 10:47:47,532 [omNode-2@group-523986131536-SegmentedRaftLogWorker] INFO  segmented.SegmentedRaftLogWorker (SegmentedRaftLogWorker.java:execute(553)) - omNode-2@group-523986131536-SegmentedRaftLogWorker: Rolled log segment from /github/workspace/mnt/ozone/hadoop-ozone/integration-test/target/test-dir/MiniOzoneClusterImpl-428de9cd-98e2-485e-b164-55ba4e728ea0/omNode-2/ratis/c9bc4cf4-3bc3-3c60-a66b-523986131536/current/log_inprogress_299 to /github/workspace/mnt/ozone/hadoop-ozone/integration-test/target/test-dir/MiniOzoneClusterImpl-428de9cd-98e2-485e-b164-55ba4e728ea0/omNode-2/ratis/c9bc4cf4-3bc3-3c60-a66b-523986131536/current/log_299-372
2020-06-09 10:47:47,533 [omNode-2@group-523986131536-SegmentedRaftLogWorker] INFO  segmented.SegmentedRaftLogWorker (SegmentedRaftLogWorker.java:execute(596)) - omNode-2@group-523986131536-SegmentedRaftLogWorker: created new log segment /github/workspace/mnt/ozone/hadoop-ozone/integration-test/target/test-dir/MiniOzoneClusterImpl-428de9cd-98e2-485e-b164-55ba4e728ea0/omNode-2/ratis/c9bc4cf4-3bc3-3c60-a66b-523986131536/current/log_inprogress_373
2020-06-09 10:47:47,534 [omNode-2@group-523986131536-SegmentedRaftLogWorker] INFO  segmented.SegmentedRaftLogWorker (SegmentedRaftLogWorker.java:execute(553)) - omNode-2@group-523986131536-SegmentedRaftLogWorker: Rolled log segment from /github/workspace/mnt/ozone/hadoop-ozone/integration-test/target/test-dir/MiniOzoneClusterImpl-428de9cd-98e2-485e-b164-55ba4e728ea0/omNode-2/ratis/c9bc4cf4-3bc3-3c60-a66b-523986131536/current/log_inprogress_373 to /github/workspace/mnt/ozone/hadoop-ozone/integration-test/target/test-dir/MiniOzoneClusterImpl-428de9cd-98e2-485e-b164-55ba4e728ea0/omNode-2/ratis/c9bc4cf4-3bc3-3c60-a66b-523986131536/current/log_373-446
2020-06-09 10:47:47,535 [omNode-2@group-523986131536-SegmentedRaftLogWorker] INFO  segmented.SegmentedRaftLogWorker (SegmentedRaftLogWorker.java:execute(596)) - omNode-2@group-523986131536-SegmentedRaftLogWorker: created new log segment /github/workspace/mnt/ozone/hadoop-ozone/integration-test/target/test-dir/MiniOzoneClusterImpl-428de9cd-98e2-485e-b164-55ba4e728ea0/omNode-2/ratis/c9bc4cf4-3bc3-3c60-a66b-523986131536/current/log_inprogress_447
2020-06-09 10:47:47,536 [omNode-2@group-523986131536-SegmentedRaftLogWorker] INFO  segmented.SegmentedRaftLogWorker (SegmentedRaftLogWorker.java:execute(553)) - omNode-2@group-523986131536-SegmentedRaftLogWorker: Rolled log segment from /github/workspace/mnt/ozone/hadoop-ozone/integration-test/target/test-dir/MiniOzoneClusterImpl-428de9cd-98e2-485e-b164-55ba4e728ea0/omNode-2/ratis/c9bc4cf4-3bc3-3c60-a66b-523986131536/current/log_inprogress_447 to /github/workspace/mnt/ozone/hadoop-ozone/integration-test/target/test-dir/MiniOzoneClusterImpl-428de9cd-98e2-485e-b164-55ba4e728ea0/omNode-2/ratis/c9bc4cf4-3bc3-3c60-a66b-523986131536/current/log_447-520
2020-06-09 10:47:47,536 [omNode-2@group-523986131536-SegmentedRaftLogWorker] INFO  segmented.SegmentedRaftLogWorker (SegmentedRaftLogWorker.java:execute(596)) - omNode-2@group-523986131536-SegmentedRaftLogWorker: created new log segment /github/workspace/mnt/ozone/hadoop-ozone/integration-test/target/test-dir/MiniOzoneClusterImpl-428de9cd-98e2-485e-b164-55ba4e728ea0/omNode-2/ratis/c9bc4cf4-3bc3-3c60-a66b-523986131536/current/log_inprogress_521
2020-06-09 10:47:47,622 [omNode-2@group-523986131536-StateMachineUpdater] INFO  ratis.OzoneManagerStateMachine (OzoneManagerStateMachine.java:takeSnapshot(350)) - Saving Ratis snapshot on the OM.
2020-06-09 10:47:47,624 [omNode-2@group-523986131536-StateMachineUpdater] INFO  ratis.OMRatisSnapshotInfo (OMRatisSnapshotInfo.java:saveRatisSnapshotToDisk(105)) - Saved Ratis Snapshot on the OM with snapshotIndex (t:1, i:544)
2020-06-09 10:47:47,624 [omNode-2@group-523986131536-StateMachineUpdater] INFO  impl.StateMachineUpdater (StateMachineUpdater.java:takeSnapshot(277)) - omNode-2@group-523986131536-StateMachineUpdater: Took a snapshot at index 544
2020-06-09 10:47:47,624 [omNode-2@group-523986131536-StateMachineUpdater] INFO  impl.StateMachineUpdater (StateMachineUpdater.java:lambda$new$0(87)) - omNode-2@group-523986131536-StateMachineUpdater: snapshotIndex: updateIncreasingly 43 -> 544
2020-06-09 10:47:47,624 [omNode-2@group-523986131536-StateMachineUpdater] INFO  raftlog.RaftLog (RaftLog.java:purge(377)) - omNode-2@group-523986131536-SegmentedRaftLog: purge 544
2020-06-09 10:47:47,625 [omNode-2@group-523986131536-SegmentedRaftLogWorker] INFO  raftlog.RaftLog (RaftLog.java:lambda$new$0(61)) - omNode-2@group-523986131536-SegmentedRaftLog: purgeIndex: updateToMax old=-1, new=520, updated? true
2020-06-09 10:47:47,660 [omNode-1@group-523986131536-StateMachineUpdater] INFO  ratis.OzoneManagerStateMachine (OzoneManagerStateMachine.java:takeSnapshot(350)) - Saving Ratis snapshot on the OM.
2020-06-09 10:47:47,660 [omNode-1@group-523986131536-StateMachineUpdater] INFO  ratis.OMRatisSnapshotInfo (OMRatisSnapshotInfo.java:saveRatisSnapshotToDisk(105)) - Saved Ratis Snapshot on the OM with snapshotIndex (t:1, i:548)
2020-06-09 10:47:47,660 [omNode-1@group-523986131536-StateMachineUpdater] INFO  impl.StateMachineUpdater (StateMachineUpdater.java:takeSnapshot(277)) - omNode-1@group-523986131536-StateMachineUpdater: Took a snapshot at index 548
2020-06-09 10:47:47,660 [omNode-1@group-523986131536-StateMachineUpdater] INFO  impl.StateMachineUpdater (StateMachineUpdater.java:lambda$new$0(87)) - omNode-1@group-523986131536-StateMachineUpdater: snapshotIndex: updateIncreasingly 498 -> 548
2020-06-09 10:47:47,661 [omNode-1@group-523986131536-StateMachineUpdater] INFO  raftlog.RaftLog (RaftLog.java:purge(377)) - omNode-1@group-523986131536-SegmentedRaftLog: purge 546
2020-06-09 10:47:47,662 [omNode-1@group-523986131536-SegmentedRaftLogWorker] INFO  raftlog.RaftLog (RaftLog.java:lambda$new$0(61)) - omNode-1@group-523986131536-SegmentedRaftLog: purgeIndex: updateToMax old=-1, new=520, updated? true
2020-06-09 10:49:28,957 [RatisPipelineUtilsThread] ERROR pipeline.SCMPipelineManager (SCMPipelineManager.java:createPipeline(222)) - Failed to create pipeline of type RATIS and factor ONE. Exception: Cannot create pipeline of factor 1 using 0 nodes. Used 3 nodes. Healthy nodes 3
2020-06-09 10:49:28,958 [RatisPipelineUtilsThread] ERROR pipeline.SCMPipelineManager (SCMPipelineManager.java:createPipeline(222)) - Failed to create pipeline of type RATIS and factor THREE. Exception: Pipeline creation failed because nodes are engaged in other pipelines and every node can only be engaged in max 2 pipelines. Required 3. Found 0
2020-06-09 10:51:28,959 [RatisPipelineUtilsThread] ERROR pipeline.SCMPipelineManager (SCMPipelineManager.java:createPipeline(222)) - Failed to create pipeline of type RATIS and factor ONE. Exception: Cannot create pipeline of factor 1 using 0 nodes. Used 3 nodes. Healthy nodes 3
2020-06-09 10:51:28,959 [RatisPipelineUtilsThread] ERROR pipeline.SCMPipelineManager (SCMPipelineManager.java:createPipeline(222)) - Failed to create pipeline of type RATIS and factor THREE. Exception: Pipeline creation failed because nodes are engaged in other pipelines and every node can only be engaged in max 2 pipelines. Required 3. Found 0
2020-06-09 10:52:28,902 [Listener at localhost/11526] INFO  ozone.MiniOzoneClusterImpl (MiniOzoneClusterImpl.java:shutdown(387)) - Shutting down the Mini Ozone Cluster
2020-06-09 10:52:28,902 [Listener at localhost/11526] INFO  ozone.MiniOzoneHAClusterImpl (MiniOzoneHAClusterImpl.java:stop(230)) - Stopping the OzoneManager omNode-3
2020-06-09 10:52:28,903 [Listener at localhost/11526] INFO  ipc.Server (Server.java:stop(3359)) - Stopping server on 11532
2020-06-09 10:52:28,905 [IPC Server Responder] INFO  ipc.Server (Server.java:run(1465)) - Stopping IPC Server Responder
2020-06-09 10:52:28,905 [IPC Server listener on 11532] INFO  ipc.Server (Server.java:run(1330)) - Stopping IPC Server listener on 11532
2020-06-09 10:52:28,905 [Listener at localhost/11526] WARN  impl.RaftServerProxy (RaftServerProxy.java:close(315)) - omNode-3: Failed to shutdown GRPC server
2020-06-09 10:52:28,906 [Listener at localhost/11526] INFO  impl.RaftServerProxy (RaftServerProxy.java:lambda$close$4(319)) - omNode-3: close
2020-06-09 10:52:28,906 [Listener at localhost/11526] INFO  impl.RaftServerImpl (RaftServerImpl.java:lambda$shutdown$3(252)) - omNode-3@group-523986131536: shutdown
2020-06-09 10:52:28,907 [Listener at localhost/11526] INFO  util.JmxRegister (JmxRegister.java:unregister(73)) - Successfully un-registered JMX Bean with object name Ratis:service=RaftServer,group=group-523986131536,id=omNode-3
2020-06-09 10:52:28,907 [Listener at localhost/11526] INFO  impl.RoleInfo (RoleInfo.java:shutdownFollowerState(121)) - omNode-3: shutdown FollowerState
2020-06-09 10:52:28,907 [Thread-4219] INFO  impl.FollowerState (FollowerState.java:run(117)) - omNode-3@group-523986131536-FollowerState was interrupted: java.lang.InterruptedException: sleep interrupted
2020-06-09 10:52:28,907 [Listener at localhost/11526] INFO  impl.StateMachineUpdater (StateMachineUpdater.java:stopAndJoin(142)) - omNode-3@group-523986131536-StateMachineUpdater: set stopIndex = 548
2020-06-09 10:52:28,907 [omNode-3@group-523986131536-StateMachineUpdater] INFO  ratis.OzoneManagerStateMachine (OzoneManagerStateMachine.java:takeSnapshot(350)) - Saving Ratis snapshot on the OM.
2020-06-09 10:52:28,908 [omNode-3@group-523986131536-StateMachineUpdater] INFO  ratis.OMRatisSnapshotInfo (OMRatisSnapshotInfo.java:saveRatisSnapshotToDisk(105)) - Saved Ratis Snapshot on the OM with snapshotIndex (t:1, i:548)
2020-06-09 10:52:28,908 [omNode-3@group-523986131536-StateMachineUpdater] INFO  impl.StateMachineUpdater (StateMachineUpdater.java:takeSnapshot(277)) - omNode-3@group-523986131536-StateMachineUpdater: Took a snapshot at index 548
2020-06-09 10:52:28,908 [omNode-3@group-523986131536-StateMachineUpdater] INFO  impl.StateMachineUpdater (StateMachineUpdater.java:lambda$new$0(87)) - omNode-3@group-523986131536-StateMachineUpdater: snapshotIndex: updateIncreasingly 499 -> 548
2020-06-09 10:52:28,908 [omNode-3@group-523986131536-StateMachineUpdater] INFO  raftlog.RaftLog (RaftLog.java:purge(377)) - omNode-3@group-523986131536-SegmentedRaftLog: purge 548
2020-06-09 10:52:28,908 [omNode-3@group-523986131536-StateMachineUpdater] INFO  metrics.RatisMetrics (RatisMetrics.java:unregister(43)) - Unregistering Metrics Registry : ratis.state_machine.omNode-3@group-523986131536
2020-06-09 10:52:28,908 [Listener at localhost/11526] INFO  impl.RaftServerImpl (ServerState.java:close(387)) - omNode-3@group-523986131536: closes. applyIndex: 548
2020-06-09 10:52:28,910 [omNode-3@group-523986131536-SegmentedRaftLogWorker] INFO  raftlog.RaftLog (RaftLog.java:lambda$new$0(61)) - omNode-3@group-523986131536-SegmentedRaftLog: purgeIndex: updateToMax old=-1, new=520, updated? true
2020-06-09 10:52:28,910 [Listener at localhost/11526] INFO  segmented.SegmentedRaftLogWorker (SegmentedRaftLogWorker.java:close(234)) - omNode-3@group-523986131536-SegmentedRaftLogWorker close()
2020-06-09 10:52:28,911 [Listener at localhost/11526] INFO  metrics.RatisMetrics (RatisMetrics.java:unregister(43)) - Unregistering Metrics Registry : ratis.log_worker.omNode-3@group-523986131536
2020-06-09 10:52:28,911 [Listener at localhost/11526] INFO  metrics.RatisMetrics (RatisMetrics.java:unregister(43)) - Unregistering Metrics Registry : ratis.leader_election.omNode-3@group-523986131536
2020-06-09 10:52:28,911 [Listener at localhost/11526] INFO  metrics.RatisMetrics (RatisMetrics.java:unregister(43)) - Unregistering Metrics Registry : ratis.server.omNode-3@group-523986131536
2020-06-09 10:52:28,911 [Listener at localhost/11526] INFO  server.GrpcService (GrpcService.java:closeImpl(166)) - omNode-3: shutdown server with port 11536 now
]]></system-out>
    <system-err><![CDATA[Jun 09, 2020 10:47:42 AM org.apache.ratis.thirdparty.io.grpc.internal.ManagedChannelOrphanWrapper$ManagedChannelReference cleanQueue
SEVERE: *~*~*~ Channel ManagedChannelImpl{logId=993, target=172.17.0.2:33069} was not shutdown properly!!! ~*~*~*
    Make sure to call shutdown()/shutdownNow() and wait until awaitTermination() returns true.
java.lang.RuntimeException: ManagedChannel allocation site
	at org.apache.ratis.thirdparty.io.grpc.internal.ManagedChannelOrphanWrapper$ManagedChannelReference.<init>(ManagedChannelOrphanWrapper.java:94)
	at org.apache.ratis.thirdparty.io.grpc.internal.ManagedChannelOrphanWrapper.<init>(ManagedChannelOrphanWrapper.java:52)
	at org.apache.ratis.thirdparty.io.grpc.internal.ManagedChannelOrphanWrapper.<init>(ManagedChannelOrphanWrapper.java:43)
	at org.apache.ratis.thirdparty.io.grpc.internal.AbstractManagedChannelImplBuilder.build(AbstractManagedChannelImplBuilder.java:518)
	at org.apache.hadoop.hdds.scm.XceiverClientGrpc.connectToDatanode(XceiverClientGrpc.java:194)
	at org.apache.hadoop.hdds.scm.XceiverClientGrpc.connect(XceiverClientGrpc.java:143)
	at org.apache.hadoop.hdds.scm.XceiverClientManager$2.call(XceiverClientManager.java:246)
	at org.apache.hadoop.hdds.scm.XceiverClientManager$2.call(XceiverClientManager.java:230)
	at com.google.common.cache.LocalCache$LocalManualCache$1.load(LocalCache.java:4876)
	at com.google.common.cache.LocalCache$LoadingValueReference.loadFuture(LocalCache.java:3529)
	at com.google.common.cache.LocalCache$Segment.loadSync(LocalCache.java:2278)
	at com.google.common.cache.LocalCache$Segment.lockedGetOrLoad(LocalCache.java:2155)
	at com.google.common.cache.LocalCache$Segment.get(LocalCache.java:2045)
	at com.google.common.cache.LocalCache.get(LocalCache.java:3951)
	at com.google.common.cache.LocalCache$LocalManualCache.get(LocalCache.java:4871)
	at org.apache.hadoop.hdds.scm.XceiverClientManager.getClient(XceiverClientManager.java:230)
	at org.apache.hadoop.hdds.scm.XceiverClientManager.acquireClient(XceiverClientManager.java:176)
	at org.apache.hadoop.hdds.scm.XceiverClientManager.acquireClient(XceiverClientManager.java:150)
	at org.apache.hadoop.hdds.scm.storage.BlockOutputStream.<init>(BlockOutputStream.java:149)
	at org.apache.hadoop.ozone.client.io.BlockOutputStreamEntry.checkStream(BlockOutputStreamEntry.java:116)
	at org.apache.hadoop.ozone.client.io.BlockOutputStreamEntry.write(BlockOutputStreamEntry.java:134)
	at org.apache.hadoop.ozone.client.io.KeyOutputStream.writeToOutputStream(KeyOutputStream.java:242)
	at org.apache.hadoop.ozone.client.io.KeyOutputStream.handleWrite(KeyOutputStream.java:220)
	at org.apache.hadoop.ozone.client.io.KeyOutputStream.write(KeyOutputStream.java:200)
	at org.apache.hadoop.ozone.client.io.OzoneOutputStream.write(OzoneOutputStream.java:49)
	at org.apache.hadoop.ozone.om.TestOzoneManagerHAWithData.createKeyTest(TestOzoneManagerHAWithData.java:385)
	at org.apache.hadoop.ozone.om.TestOzoneManagerHAWithData.testOneOMNodeDown(TestOzoneManagerHAWithData.java:80)
	at sun.reflect.NativeMethodAccessorImpl.invoke0(Native Method)
	at sun.reflect.NativeMethodAccessorImpl.invoke(NativeMethodAccessorImpl.java:62)
	at sun.reflect.DelegatingMethodAccessorImpl.invoke(DelegatingMethodAccessorImpl.java:43)
	at java.lang.reflect.Method.invoke(Method.java:498)
	at org.junit.runners.model.FrameworkMethod$1.runReflectiveCall(FrameworkMethod.java:47)
	at org.junit.internal.runners.model.ReflectiveCallable.run(ReflectiveCallable.java:12)
	at org.junit.runners.model.FrameworkMethod.invokeExplosively(FrameworkMethod.java:44)
	at org.junit.internal.runners.statements.InvokeMethod.evaluate(InvokeMethod.java:17)
	at org.junit.internal.runners.statements.RunBefores.evaluate(RunBefores.java:26)
	at org.junit.internal.runners.statements.RunAfters.evaluate(RunAfters.java:27)
	at org.junit.rules.ExpectedException$ExpectedExceptionStatement.evaluate(ExpectedException.java:168)
	at org.junit.internal.runners.statements.FailOnTimeout$StatementThread.run(FailOnTimeout.java:74)

]]></system-err>
  </testcase>
</testsuite>