<?xml version="1.0" encoding="UTF-8"?>
<testsuite xmlns:xsi="http://www.w3.org/2001/XMLSchema-instance" xsi:noNamespaceSchemaLocation="https://maven.apache.org/surefire/maven-surefire-plugin/xsd/surefire-test-report.xsd" name="org.apache.hadoop.ozone.client.rpc.Test2WayCommitInRatis" time="90.966" tests="1" errors="1" skipped="0" failures="0">
  <properties>
    <property name="awt.toolkit" value="sun.awt.X11.XToolkit"/>
    <property name="file.encoding.pkg" value="sun.io"/>
    <property name="java.specification.version" value="1.8"/>
    <property name="sun.cpu.isalist" value=""/>
    <property name="sun.jnu.encoding" value="ANSI_X3.4-1968"/>
    <property name="java.class.path" value="/github/workspace/mnt/ozone/hadoop-ozone/integration-test/target/test-classes:/github/workspace/mnt/ozone/hadoop-ozone/integration-test/target/classes:/home/user/.m2/repository/org/apache/hadoop/hadoop-ozone-common/0.6.0-SNAPSHOT/hadoop-ozone-common-0.6.0-SNAPSHOT.jar:/home/user/.m2/repository/org/apache/commons/commons-compress/1.4.1/commons-compress-1.4.1.jar:/home/user/.m2/repository/org/tukaani/xz/1.0/xz-1.0.jar:/home/user/.m2/repository/org/apache/hadoop/hadoop-hdds-common/0.6.0-SNAPSHOT/hadoop-hdds-common-0.6.0-SNAPSHOT.jar:/home/user/.m2/repository/info/picocli/picocli/3.9.6/picocli-3.9.6.jar:/home/user/.m2/repository/com/fasterxml/jackson/core/jackson-annotations/2.10.3/jackson-annotations-2.10.3.jar:/home/user/.m2/repository/javax/annotation/javax.annotation-api/1.2/javax.annotation-api-1.2.jar:/home/user/.m2/repository/org/apache/ratis/ratis-server/0.6.0-490b689-SNAPSHOT/ratis-server-0.6.0-490b689-SNAPSHOT.jar:/home/user/.m2/repository/org/apache/ratis/ratis-thirdparty-misc/0.3.0/ratis-thirdparty-misc-0.3.0.jar:/home/user/.m2/repository/org/apache/ratis/ratis-client/0.6.0-490b689-SNAPSHOT/ratis-client-0.6.0-490b689-SNAPSHOT.jar:/home/user/.m2/repository/org/apache/ratis/ratis-metrics/0.6.0-490b689-SNAPSHOT/ratis-metrics-0.6.0-490b689-SNAPSHOT.jar:/home/user/.m2/repository/org/apache/ratis/ratis-netty/0.6.0-490b689-SNAPSHOT/ratis-netty-0.6.0-490b689-SNAPSHOT.jar:/home/user/.m2/repository/org/apache/ratis/ratis-grpc/0.6.0-490b689-SNAPSHOT/ratis-grpc-0.6.0-490b689-SNAPSHOT.jar:/home/user/.m2/repository/org/apache/logging/log4j/log4j-api/2.11.0/log4j-api-2.11.0.jar:/home/user/.m2/repository/org/apache/logging/log4j/log4j-core/2.11.0/log4j-core-2.11.0.jar:/home/user/.m2/repository/com/lmax/disruptor/3.4.2/disruptor-3.4.2.jar:/home/user/.m2/repository/org/apache/commons/commons-pool2/2.6.0/commons-pool2-2.6.0.jar:/home/user/.m2/repository/org/bouncycastle/bcpkix-jdk15on/1.60/bcpkix-jdk15on-1.60.jar:/home/user/.m2/repository/commons-validator/commons-validator/1.6/commons-validator-1.6.jar:/home/user/.m2/repository/commons-digester/commons-digester/1.8.1/commons-digester-1.8.1.jar:/home/user/.m2/repository/io/jaegertracing/jaeger-client/1.2.0/jaeger-client-1.2.0.jar:/home/user/.m2/repository/io/jaegertracing/jaeger-thrift/1.2.0/jaeger-thrift-1.2.0.jar:/home/user/.m2/repository/org/apache/thrift/libthrift/0.13.0/libthrift-0.13.0.jar:/home/user/.m2/repository/com/squareup/okhttp3/okhttp/4.2.2/okhttp-4.2.2.jar:/home/user/.m2/repository/com/squareup/okio/okio/2.2.2/okio-2.2.2.jar:/home/user/.m2/repository/org/jetbrains/kotlin/kotlin-stdlib/1.3.50/kotlin-stdlib-1.3.50.jar:/home/user/.m2/repository/org/jetbrains/kotlin/kotlin-stdlib-common/1.3.50/kotlin-stdlib-common-1.3.50.jar:/home/user/.m2/repository/org/jetbrains/annotations/13.0/annotations-13.0.jar:/home/user/.m2/repository/io/jaegertracing/jaeger-core/1.2.0/jaeger-core-1.2.0.jar:/home/user/.m2/repository/io/jaegertracing/jaeger-tracerresolver/1.2.0/jaeger-tracerresolver-1.2.0.jar:/home/user/.m2/repository/io/opentracing/contrib/opentracing-tracerresolver/0.1.8/opentracing-tracerresolver-0.1.8.jar:/home/user/.m2/repository/io/opentracing/opentracing-util/0.33.0/opentracing-util-0.33.0.jar:/home/user/.m2/repository/io/opentracing/opentracing-api/0.33.0/opentracing-api-0.33.0.jar:/home/user/.m2/repository/io/opentracing/opentracing-noop/0.33.0/opentracing-noop-0.33.0.jar:/home/user/.m2/repository/org/apache/hadoop/hadoop-hdds-client/0.6.0-SNAPSHOT/hadoop-hdds-client-0.6.0-SNAPSHOT.jar:/home/user/.m2/repository/org/apache/hadoop/hadoop-hdds-test-utils/0.6.0-SNAPSHOT/hadoop-hdds-test-utils-0.6.0-SNAPSHOT.jar:/home/user/.m2/repository/com/google/guava/guava/28.2-jre/guava-28.2-jre.jar:/home/user/.m2/repository/com/google/guava/failureaccess/1.0.1/failureaccess-1.0.1.jar:/home/user/.m2/repository/com/google/guava/listenablefuture/9999.0-empty-to-avoid-conflict-with-guava/listenablefuture-9999.0-empty-to-avoid-conflict-with-guava.jar:/home/user/.m2/repository/com/google/code/findbugs/jsr305/3.0.0/jsr305-3.0.0.jar:/home/user/.m2/repository/org/checkerframework/checker-qual/2.10.0/checker-qual-2.10.0.jar:/home/user/.m2/repository/com/google/errorprone/error_prone_annotations/2.3.4/error_prone_annotations-2.3.4.jar:/home/user/.m2/repository/com/google/j2objc/j2objc-annotations/1.3/j2objc-annotations-1.3.jar:/home/user/.m2/repository/commons-io/commons-io/2.5/commons-io-2.5.jar:/home/user/.m2/repository/commons-logging/commons-logging/1.1.3/commons-logging-1.1.3.jar:/home/user/.m2/repository/log4j/log4j/1.2.17/log4j-1.2.17.jar:/home/user/.m2/repository/org/apache/commons/commons-lang3/3.7/commons-lang3-3.7.jar:/home/user/.m2/repository/org/slf4j/slf4j-api/1.7.25/slf4j-api-1.7.25.jar:/home/user/.m2/repository/org/apache/hadoop/hadoop-hdds-server-scm/0.6.0-SNAPSHOT/hadoop-hdds-server-scm-0.6.0-SNAPSHOT.jar:/home/user/.m2/repository/org/apache/hadoop/hadoop-hdds-container-service/0.6.0-SNAPSHOT/hadoop-hdds-container-service-0.6.0-SNAPSHOT.jar:/home/user/.m2/repository/org/apache/hadoop/hadoop-hdds-hadoop-dependency-server/0.6.0-SNAPSHOT/hadoop-hdds-hadoop-dependency-server-0.6.0-SNAPSHOT.jar:/home/user/.m2/repository/org/apache/hadoop/hadoop-hdds-server-framework/0.6.0-SNAPSHOT/hadoop-hdds-server-framework-0.6.0-SNAPSHOT.jar:/home/user/.m2/repository/org/rocksdb/rocksdbjni/6.6.4/rocksdbjni-6.6.4.jar:/home/user/.m2/repository/io/prometheus/simpleclient_dropwizard/0.7.0/simpleclient_dropwizard-0.7.0.jar:/home/user/.m2/repository/io/prometheus/simpleclient/0.7.0/simpleclient-0.7.0.jar:/home/user/.m2/repository/io/prometheus/simpleclient_common/0.7.0/simpleclient_common-0.7.0.jar:/home/user/.m2/repository/com/fasterxml/jackson/datatype/jackson-datatype-jsr310/2.10.3/jackson-datatype-jsr310-2.10.3.jar:/home/user/.m2/repository/org/apache/hadoop/hadoop-hdds-docs/0.6.0-SNAPSHOT/hadoop-hdds-docs-0.6.0-SNAPSHOT.jar:/home/user/.m2/repository/io/dropwizard/metrics/metrics-core/3.2.4/metrics-core-3.2.4.jar:/home/user/.m2/repository/org/apache/hadoop/hadoop-hdfs-client/3.2.0/hadoop-hdfs-client-3.2.0.jar:/home/user/.m2/repository/org/bouncycastle/bcprov-jdk15on/1.60/bcprov-jdk15on-1.60.jar:/home/user/.m2/repository/org/apache/hadoop/hadoop-ozone-ozone-manager/0.6.0-SNAPSHOT/hadoop-ozone-ozone-manager-0.6.0-SNAPSHOT.jar:/home/user/.m2/repository/org/apache/hadoop/hadoop-minikdc/3.2.0/hadoop-minikdc-3.2.0.jar:/home/user/.m2/repository/org/apache/kerby/kerb-simplekdc/1.0.1/kerb-simplekdc-1.0.1.jar:/home/user/.m2/repository/org/apache/kerby/kerb-client/1.0.1/kerb-client-1.0.1.jar:/home/user/.m2/repository/org/apache/kerby/kerby-config/1.0.1/kerby-config-1.0.1.jar:/home/user/.m2/repository/org/apache/kerby/kerb-core/1.0.1/kerb-core-1.0.1.jar:/home/user/.m2/repository/org/apache/kerby/kerby-pkix/1.0.1/kerby-pkix-1.0.1.jar:/home/user/.m2/repository/org/apache/kerby/kerby-asn1/1.0.1/kerby-asn1-1.0.1.jar:/home/user/.m2/repository/org/apache/kerby/kerby-util/1.0.1/kerby-util-1.0.1.jar:/home/user/.m2/repository/org/apache/kerby/kerb-common/1.0.1/kerb-common-1.0.1.jar:/home/user/.m2/repository/org/apache/kerby/kerb-crypto/1.0.1/kerb-crypto-1.0.1.jar:/home/user/.m2/repository/org/apache/kerby/kerb-util/1.0.1/kerb-util-1.0.1.jar:/home/user/.m2/repository/org/apache/kerby/token-provider/1.0.1/token-provider-1.0.1.jar:/home/user/.m2/repository/org/apache/kerby/kerb-admin/1.0.1/kerb-admin-1.0.1.jar:/home/user/.m2/repository/org/apache/kerby/kerb-server/1.0.1/kerb-server-1.0.1.jar:/home/user/.m2/repository/org/apache/kerby/kerb-identity/1.0.1/kerb-identity-1.0.1.jar:/home/user/.m2/repository/org/apache/kerby/kerby-xdr/1.0.1/kerby-xdr-1.0.1.jar:/home/user/.m2/repository/org/slf4j/slf4j-log4j12/1.7.25/slf4j-log4j12-1.7.25.jar:/home/user/.m2/repository/org/apache/hadoop/hadoop-ozone-s3gateway/0.6.0-SNAPSHOT/hadoop-ozone-s3gateway-0.6.0-SNAPSHOT.jar:/home/user/.m2/repository/org/jboss/weld/servlet/weld-servlet/2.4.7.Final/weld-servlet-2.4.7.Final.jar:/home/user/.m2/repository/org/glassfish/jersey/containers/jersey-container-servlet-core/2.27/jersey-container-servlet-core-2.27.jar:/home/user/.m2/repository/org/glassfish/hk2/external/javax.inject/2.5.0-b42/javax.inject-2.5.0-b42.jar:/home/user/.m2/repository/org/glassfish/jersey/core/jersey-common/2.27/jersey-common-2.27.jar:/home/user/.m2/repository/org/glassfish/hk2/osgi-resource-locator/1.0.1/osgi-resource-locator-1.0.1.jar:/home/user/.m2/repository/javax/ws/rs/javax.ws.rs-api/2.1/javax.ws.rs-api-2.1.jar:/home/user/.m2/repository/org/glassfish/jersey/ext/cdi/jersey-cdi1x/2.27/jersey-cdi1x-2.27.jar:/home/user/.m2/repository/org/glassfish/jersey/inject/jersey-hk2/2.27/jersey-hk2-2.27.jar:/home/user/.m2/repository/org/glassfish/hk2/hk2-locator/2.5.0-b42/hk2-locator-2.5.0-b42.jar:/home/user/.m2/repository/org/javassist/javassist/3.22.0-CR2/javassist-3.22.0-CR2.jar:/home/user/.m2/repository/org/glassfish/hk2/hk2-api/2.5.0/hk2-api-2.5.0.jar:/home/user/.m2/repository/org/glassfish/hk2/external/jakarta.inject/2.5.0/jakarta.inject-2.5.0.jar:/home/user/.m2/repository/org/glassfish/hk2/hk2-utils/2.5.0/hk2-utils-2.5.0.jar:/home/user/.m2/repository/jakarta/annotation/jakarta.annotation-api/1.3.4/jakarta.annotation-api-1.3.4.jar:/home/user/.m2/repository/org/glassfish/hk2/external/aopalliance-repackaged/2.5.0/aopalliance-repackaged-2.5.0.jar:/home/user/.m2/repository/com/fasterxml/jackson/dataformat/jackson-dataformat-xml/2.9.0/jackson-dataformat-xml-2.9.0.jar:/home/user/.m2/repository/com/fasterxml/jackson/core/jackson-core/2.10.3/jackson-core-2.10.3.jar:/home/user/.m2/repository/com/fasterxml/jackson/module/jackson-module-jaxb-annotations/2.10.3/jackson-module-jaxb-annotations-2.10.3.jar:/home/user/.m2/repository/jakarta/xml/bind/jakarta.xml.bind-api/2.3.2/jakarta.xml.bind-api-2.3.2.jar:/home/user/.m2/repository/jakarta/activation/jakarta.activation-api/1.2.1/jakarta.activation-api-1.2.1.jar:/home/user/.m2/repository/org/codehaus/woodstox/stax2-api/3.1.4/stax2-api-3.1.4.jar:/home/user/.m2/repository/com/fasterxml/woodstox/woodstox-core/5.0.3/woodstox-core-5.0.3.jar:/home/user/.m2/repository/javax/enterprise/cdi-api/1.2/cdi-api-1.2.jar:/home/user/.m2/repository/javax/el/javax.el-api/3.0.0/javax.el-api-3.0.0.jar:/home/user/.m2/repository/javax/interceptor/javax.interceptor-api/1.2/javax.interceptor-api-1.2.jar:/home/user/.m2/repository/javax/inject/javax.inject/1/javax.inject-1.jar:/home/user/.m2/repository/com/sun/xml/bind/jaxb-impl/2.3.0.1/jaxb-impl-2.3.0.1.jar:/home/user/.m2/repository/com/sun/xml/bind/jaxb-core/2.3.0.1/jaxb-core-2.3.0.1.jar:/home/user/.m2/repository/javax/xml/bind/jaxb-api/2.3.0/jaxb-api-2.3.0.jar:/home/user/.m2/repository/javax/activation/activation/1.1.1/activation-1.1.1.jar:/home/user/.m2/repository/org/apache/hadoop/hadoop-ozone-csi/0.6.0-SNAPSHOT/hadoop-ozone-csi-0.6.0-SNAPSHOT.jar:/home/user/.m2/repository/com/google/protobuf/protobuf-java-util/3.5.1/protobuf-java-util-3.5.1.jar:/home/user/.m2/repository/com/google/code/gson/gson/2.2.4/gson-2.2.4.jar:/home/user/.m2/repository/org/apache/hadoop/hadoop-hdds-config/0.6.0-SNAPSHOT/hadoop-hdds-config-0.6.0-SNAPSHOT.jar:/home/user/.m2/repository/com/google/protobuf/protobuf-java/2.5.0/protobuf-java-2.5.0.jar:/home/user/.m2/repository/io/grpc/grpc-netty/1.17.1/grpc-netty-1.17.1.jar:/home/user/.m2/repository/io/grpc/grpc-core/1.17.1/grpc-core-1.17.1.jar:/home/user/.m2/repository/io/grpc/grpc-context/1.17.1/grpc-context-1.17.1.jar:/home/user/.m2/repository/org/codehaus/mojo/animal-sniffer-annotations/1.17/animal-sniffer-annotations-1.17.jar:/home/user/.m2/repository/io/opencensus/opencensus-api/0.17.0/opencensus-api-0.17.0.jar:/home/user/.m2/repository/io/opencensus/opencensus-contrib-grpc-metrics/0.17.0/opencensus-contrib-grpc-metrics-0.17.0.jar:/home/user/.m2/repository/io/netty/netty-codec-http2/4.1.30.Final/netty-codec-http2-4.1.30.Final.jar:/home/user/.m2/repository/io/netty/netty-codec-http/4.1.30.Final/netty-codec-http-4.1.30.Final.jar:/home/user/.m2/repository/io/netty/netty-codec/4.1.30.Final/netty-codec-4.1.30.Final.jar:/home/user/.m2/repository/io/netty/netty-handler/4.1.30.Final/netty-handler-4.1.30.Final.jar:/home/user/.m2/repository/io/netty/netty-handler-proxy/4.1.30.Final/netty-handler-proxy-4.1.30.Final.jar:/home/user/.m2/repository/io/netty/netty-codec-socks/4.1.30.Final/netty-codec-socks-4.1.30.Final.jar:/home/user/.m2/repository/io/netty/netty-transport-native-epoll/4.1.30.Final/netty-transport-native-epoll-4.1.30.Final.jar:/home/user/.m2/repository/io/netty/netty-common/4.1.30.Final/netty-common-4.1.30.Final.jar:/home/user/.m2/repository/io/netty/netty-buffer/4.1.30.Final/netty-buffer-4.1.30.Final.jar:/home/user/.m2/repository/io/netty/netty-transport/4.1.30.Final/netty-transport-4.1.30.Final.jar:/home/user/.m2/repository/io/netty/netty-resolver/4.1.30.Final/netty-resolver-4.1.30.Final.jar:/home/user/.m2/repository/io/netty/netty-transport-native-unix-common/4.1.30.Final/netty-transport-native-unix-common-4.1.30.Final.jar:/home/user/.m2/repository/io/grpc/grpc-protobuf/1.17.1/grpc-protobuf-1.17.1.jar:/home/user/.m2/repository/com/google/api/grpc/proto-google-common-protos/1.0.0/proto-google-common-protos-1.0.0.jar:/home/user/.m2/repository/io/grpc/grpc-protobuf-lite/1.17.1/grpc-protobuf-lite-1.17.1.jar:/home/user/.m2/repository/io/grpc/grpc-stub/1.17.1/grpc-stub-1.17.1.jar:/home/user/.m2/repository/org/apache/hadoop/hadoop-ozone-recon/0.6.0-SNAPSHOT/hadoop-ozone-recon-0.6.0-SNAPSHOT.jar:/home/user/.m2/repository/org/apache/hadoop/hadoop-ozone-reconcodegen/0.6.0-SNAPSHOT/hadoop-ozone-reconcodegen-0.6.0-SNAPSHOT.jar:/home/user/.m2/repository/com/google/inject/extensions/guice-multibindings/4.0/guice-multibindings-4.0.jar:/home/user/.m2/repository/com/google/inject/guice/4.0/guice-4.0.jar:/home/user/.m2/repository/aopalliance/aopalliance/1.0/aopalliance-1.0.jar:/home/user/.m2/repository/com/google/inject/extensions/guice-servlet/4.0/guice-servlet-4.0.jar:/home/user/.m2/repository/org/glassfish/jersey/containers/jersey-container-servlet/2.27/jersey-container-servlet-2.27.jar:/home/user/.m2/repository/org/glassfish/hk2/guice-bridge/2.5.0/guice-bridge-2.5.0.jar:/home/user/.m2/repository/org/glassfish/jersey/core/jersey-server/2.27/jersey-server-2.27.jar:/home/user/.m2/repository/org/glassfish/jersey/core/jersey-client/2.27/jersey-client-2.27.jar:/home/user/.m2/repository/org/glassfish/jersey/media/jersey-media-jaxb/2.27/jersey-media-jaxb-2.27.jar:/home/user/.m2/repository/javax/validation/validation-api/1.1.0.Final/validation-api-1.1.0.Final.jar:/home/user/.m2/repository/org/glassfish/jersey/media/jersey-media-json-jackson/2.27/jersey-media-json-jackson-2.27.jar:/home/user/.m2/repository/org/glassfish/jersey/ext/jersey-entity-filtering/2.27/jersey-entity-filtering-2.27.jar:/home/user/.m2/repository/com/google/inject/extensions/guice-assistedinject/4.0/guice-assistedinject-4.0.jar:/home/user/.m2/repository/org/jooq/jooq/3.11.10/jooq-3.11.10.jar:/home/user/.m2/repository/org/jooq/jooq-meta/3.11.10/jooq-meta-3.11.10.jar:/home/user/.m2/repository/org/jooq/jooq-codegen/3.11.10/jooq-codegen-3.11.10.jar:/home/user/.m2/repository/com/jolbox/bonecp/0.8.0.RELEASE/bonecp-0.8.0.RELEASE.jar:/home/user/.m2/repository/org/xerial/sqlite-jdbc/3.25.2/sqlite-jdbc-3.25.2.jar:/home/user/.m2/repository/org/springframework/spring-jdbc/5.2.5.RELEASE/spring-jdbc-5.2.5.RELEASE.jar:/home/user/.m2/repository/org/springframework/spring-beans/5.2.5.RELEASE/spring-beans-5.2.5.RELEASE.jar:/home/user/.m2/repository/org/springframework/spring-core/5.2.5.RELEASE/spring-core-5.2.5.RELEASE.jar:/home/user/.m2/repository/org/springframework/spring-jcl/5.2.5.RELEASE/spring-jcl-5.2.5.RELEASE.jar:/home/user/.m2/repository/org/springframework/spring-tx/5.2.5.RELEASE/spring-tx-5.2.5.RELEASE.jar:/home/user/.m2/repository/org/apache/hadoop/hadoop-ozone-client/0.6.0-SNAPSHOT/hadoop-ozone-client-0.6.0-SNAPSHOT.jar:/home/user/.m2/repository/org/apache/hadoop/hadoop-ozone-filesystem/0.6.0-SNAPSHOT/hadoop-ozone-filesystem-0.6.0-SNAPSHOT.jar:/home/user/.m2/repository/org/apache/hadoop/hadoop-hdds-hadoop-dependency-client/0.6.0-SNAPSHOT/hadoop-hdds-hadoop-dependency-client-0.6.0-SNAPSHOT.jar:/home/user/.m2/repository/org/apache/hadoop/hadoop-ozone-tools/0.6.0-SNAPSHOT/hadoop-ozone-tools-0.6.0-SNAPSHOT.jar:/home/user/.m2/repository/org/apache/hadoop/hadoop-hdfs/3.2.0/hadoop-hdfs-3.2.0.jar:/home/user/.m2/repository/org/apache/ratis/ratis-tools/0.6.0-490b689-SNAPSHOT/ratis-tools-0.6.0-490b689-SNAPSHOT.jar:/home/user/.m2/repository/org/apache/ratis/ratis-proto/0.6.0-490b689-SNAPSHOT/ratis-proto-0.6.0-490b689-SNAPSHOT.jar:/home/user/.m2/repository/org/apache/ratis/ratis-common/0.6.0-490b689-SNAPSHOT/ratis-common-0.6.0-490b689-SNAPSHOT.jar:/home/user/.m2/repository/com/amazonaws/aws-java-sdk-core/1.11.615/aws-java-sdk-core-1.11.615.jar:/home/user/.m2/repository/org/apache/httpcomponents/httpclient/4.5.2/httpclient-4.5.2.jar:/home/user/.m2/repository/org/apache/httpcomponents/httpcore/4.4.4/httpcore-4.4.4.jar:/home/user/.m2/repository/software/amazon/ion/ion-java/1.0.2/ion-java-1.0.2.jar:/home/user/.m2/repository/com/fasterxml/jackson/dataformat/jackson-dataformat-cbor/2.10.3/jackson-dataformat-cbor-2.10.3.jar:/home/user/.m2/repository/joda-time/joda-time/2.9.9/joda-time-2.9.9.jar:/home/user/.m2/repository/com/amazonaws/aws-java-sdk-s3/1.11.615/aws-java-sdk-s3-1.11.615.jar:/home/user/.m2/repository/com/amazonaws/aws-java-sdk-kms/1.11.615/aws-java-sdk-kms-1.11.615.jar:/home/user/.m2/repository/com/amazonaws/jmespath-java/1.11.615/jmespath-java-1.11.615.jar:/home/user/.m2/repository/org/apache/hadoop/hadoop-hdds-tools/0.6.0-SNAPSHOT/hadoop-hdds-tools-0.6.0-SNAPSHOT.jar:/home/user/.m2/repository/commons-cli/commons-cli/1.2/commons-cli-1.2.jar:/home/user/.m2/repository/commons-lang/commons-lang/2.6/commons-lang-2.6.jar:/home/user/.m2/repository/org/apache/hadoop/hadoop-ozone-ozone-manager/0.6.0-SNAPSHOT/hadoop-ozone-ozone-manager-0.6.0-SNAPSHOT-tests.jar:/home/user/.m2/repository/junit/junit/4.11/junit-4.11.jar:/home/user/.m2/repository/org/hamcrest/hamcrest-core/1.3/hamcrest-core-1.3.jar:/home/user/.m2/repository/org/openjdk/jmh/jmh-core/1.19/jmh-core-1.19.jar:/home/user/.m2/repository/net/sf/jopt-simple/jopt-simple/4.6/jopt-simple-4.6.jar:/home/user/.m2/repository/org/apache/commons/commons-math3/3.1.1/commons-math3-3.1.1.jar:/home/user/.m2/repository/org/openjdk/jmh/jmh-generator-annprocess/1.19/jmh-generator-annprocess-1.19.jar:/home/user/.m2/repository/org/mockito/mockito-all/1.8.5/mockito-all-1.8.5.jar:/home/user/.m2/repository/org/apache/hadoop/hadoop-kms/3.2.0/hadoop-kms-3.2.0.jar:/home/user/.m2/repository/org/apache/hadoop/hadoop-auth/3.2.0/hadoop-auth-3.2.0.jar:/home/user/.m2/repository/com/nimbusds/nimbus-jose-jwt/7.9/nimbus-jose-jwt-7.9.jar:/home/user/.m2/repository/com/github/stephenc/jcip/jcip-annotations/1.0-1/jcip-annotations-1.0-1.jar:/home/user/.m2/repository/net/minidev/json-smart/2.3/json-smart-2.3.jar:/home/user/.m2/repository/net/minidev/accessors-smart/1.2/accessors-smart-1.2.jar:/home/user/.m2/repository/org/ow2/asm/asm/5.0.4/asm-5.0.4.jar:/home/user/.m2/repository/org/apache/zookeeper/zookeeper/3.4.13/zookeeper-3.4.13.jar:/home/user/.m2/repository/org/apache/yetus/audience-annotations/0.5.0/audience-annotations-0.5.0.jar:/home/user/.m2/repository/org/apache/curator/curator-framework/2.12.0/curator-framework-2.12.0.jar:/home/user/.m2/repository/com/sun/jersey/jersey-core/1.19/jersey-core-1.19.jar:/home/user/.m2/repository/javax/ws/rs/jsr311-api/1.1.1/jsr311-api-1.1.1.jar:/home/user/.m2/repository/com/sun/jersey/jersey-server/1.19/jersey-server-1.19.jar:/home/user/.m2/repository/javax/servlet/javax.servlet-api/3.1.0/javax.servlet-api-3.1.0.jar:/home/user/.m2/repository/org/eclipse/jetty/jetty-server/9.4.26.v20200117/jetty-server-9.4.26.v20200117.jar:/home/user/.m2/repository/org/eclipse/jetty/jetty-http/9.4.26.v20200117/jetty-http-9.4.26.v20200117.jar:/home/user/.m2/repository/org/eclipse/jetty/jetty-io/9.4.26.v20200117/jetty-io-9.4.26.v20200117.jar:/home/user/.m2/repository/org/eclipse/jetty/jetty-webapp/9.4.26.v20200117/jetty-webapp-9.4.26.v20200117.jar:/home/user/.m2/repository/org/eclipse/jetty/jetty-xml/9.4.26.v20200117/jetty-xml-9.4.26.v20200117.jar:/home/user/.m2/repository/org/eclipse/jetty/jetty-servlet/9.4.26.v20200117/jetty-servlet-9.4.26.v20200117.jar:/home/user/.m2/repository/org/eclipse/jetty/jetty-security/9.4.26.v20200117/jetty-security-9.4.26.v20200117.jar:/home/user/.m2/repository/org/apache/hadoop/hadoop-common/3.2.0/hadoop-common-3.2.0.jar:/home/user/.m2/repository/commons-net/commons-net/3.6/commons-net-3.6.jar:/home/user/.m2/repository/commons-collections/commons-collections/3.2.2/commons-collections-3.2.2.jar:/home/user/.m2/repository/com/sun/jersey/jersey-servlet/1.19/jersey-servlet-1.19.jar:/home/user/.m2/repository/com/sun/jersey/jersey-json/1.19/jersey-json-1.19.jar:/home/user/.m2/repository/org/codehaus/jettison/jettison/1.1/jettison-1.1.jar:/home/user/.m2/repository/org/codehaus/jackson/jackson-jaxrs/1.9.13/jackson-jaxrs-1.9.13.jar:/home/user/.m2/repository/org/codehaus/jackson/jackson-xc/1.9.13/jackson-xc-1.9.13.jar:/home/user/.m2/repository/commons-beanutils/commons-beanutils/1.9.4/commons-beanutils-1.9.4.jar:/home/user/.m2/repository/org/apache/commons/commons-configuration2/2.1.1/commons-configuration2-2.1.1.jar:/home/user/.m2/repository/org/apache/commons/commons-text/1.4/commons-text-1.4.jar:/home/user/.m2/repository/com/google/re2j/re2j/1.1/re2j-1.1.jar:/home/user/.m2/repository/com/jcraft/jsch/0.1.54/jsch-0.1.54.jar:/home/user/.m2/repository/org/apache/curator/curator-client/2.12.0/curator-client-2.12.0.jar:/home/user/.m2/repository/org/apache/curator/curator-recipes/2.12.0/curator-recipes-2.12.0.jar:/home/user/.m2/repository/dnsjava/dnsjava/2.1.7/dnsjava-2.1.7.jar:/home/user/.m2/repository/org/slf4j/jul-to-slf4j/1.7.25/jul-to-slf4j-1.7.25.jar:/home/user/.m2/repository/org/eclipse/jetty/jetty-util/9.4.26.v20200117/jetty-util-9.4.26.v20200117.jar:/home/user/.m2/repository/com/fasterxml/jackson/core/jackson-databind/2.10.3/jackson-databind-2.10.3.jar:/home/user/.m2/repository/org/apache/hadoop/hadoop-kms/3.2.0/hadoop-kms-3.2.0-tests.jar:/home/user/.m2/repository/org/apache/hadoop/hadoop-hdds-server-scm/0.6.0-SNAPSHOT/hadoop-hdds-server-scm-0.6.0-SNAPSHOT-tests.jar:/home/user/.m2/repository/org/apache/hadoop/hadoop-hdds-container-service/0.6.0-SNAPSHOT/hadoop-hdds-container-service-0.6.0-SNAPSHOT-tests.jar:/home/user/.m2/repository/org/apache/hadoop/hadoop-hdds-common/0.6.0-SNAPSHOT/hadoop-hdds-common-0.6.0-SNAPSHOT-tests.jar:/home/user/.m2/repository/org/yaml/snakeyaml/1.16/snakeyaml-1.16.jar:/home/user/.m2/repository/org/apache/hadoop/hadoop-hdds-hadoop-dependency-test/0.6.0-SNAPSHOT/hadoop-hdds-hadoop-dependency-test-0.6.0-SNAPSHOT.jar:/home/user/.m2/repository/org/apache/hadoop/hadoop-common/3.2.0/hadoop-common-3.2.0-tests.jar:/home/user/.m2/repository/javax/servlet/jsp/jsp-api/2.1/jsp-api-2.1.jar:/home/user/.m2/repository/org/apache/hadoop/hadoop-hdfs/3.2.0/hadoop-hdfs-3.2.0-tests.jar:/home/user/.m2/repository/org/eclipse/jetty/jetty-util-ajax/9.4.26.v20200117/jetty-util-ajax-9.4.26.v20200117.jar:/home/user/.m2/repository/commons-codec/commons-codec/1.11/commons-codec-1.11.jar:/home/user/.m2/repository/commons-daemon/commons-daemon/1.0.13/commons-daemon-1.0.13.jar:/home/user/.m2/repository/io/netty/netty/3.10.5.Final/netty-3.10.5.Final.jar:/home/user/.m2/repository/io/netty/netty-all/4.1.47.Final/netty-all-4.1.47.Final.jar:/home/user/.m2/repository/org/apache/htrace/htrace-core4/4.1.0-incubating/htrace-core4-4.1.0-incubating.jar:/home/user/.m2/repository/org/fusesource/leveldbjni/leveldbjni-all/1.8/leveldbjni-all-1.8.jar:/home/user/.m2/repository/org/apache/hadoop/hadoop-distcp/3.2.0/hadoop-distcp-3.2.0.jar:/home/user/.m2/repository/org/apache/hadoop/hadoop-mapreduce-client-jobclient/3.2.0/hadoop-mapreduce-client-jobclient-3.2.0.jar:/home/user/.m2/repository/org/apache/hadoop/hadoop-mapreduce-client-common/3.2.0/hadoop-mapreduce-client-common-3.2.0.jar:/home/user/.m2/repository/org/apache/hadoop/hadoop-yarn-common/3.2.0/hadoop-yarn-common-3.2.0.jar:/home/user/.m2/repository/org/apache/hadoop/hadoop-yarn-api/3.2.0/hadoop-yarn-api-3.2.0.jar:/home/user/.m2/repository/com/sun/jersey/jersey-client/1.19/jersey-client-1.19.jar:/home/user/.m2/repository/com/sun/jersey/contribs/jersey-guice/1.19/jersey-guice-1.19.jar:/home/user/.m2/repository/com/fasterxml/jackson/jaxrs/jackson-jaxrs-json-provider/2.10.3/jackson-jaxrs-json-provider-2.10.3.jar:/home/user/.m2/repository/com/fasterxml/jackson/jaxrs/jackson-jaxrs-base/2.10.3/jackson-jaxrs-base-2.10.3.jar:/home/user/.m2/repository/org/apache/hadoop/hadoop-yarn-client/3.2.0/hadoop-yarn-client-3.2.0.jar:/home/user/.m2/repository/org/apache/hadoop/hadoop-mapreduce-client-core/3.2.0/hadoop-mapreduce-client-core-3.2.0.jar:/home/user/.m2/repository/org/apache/avro/avro/1.7.7/avro-1.7.7.jar:/home/user/.m2/repository/org/codehaus/jackson/jackson-core-asl/1.9.13/jackson-core-asl-1.9.13.jar:/home/user/.m2/repository/org/codehaus/jackson/jackson-mapper-asl/1.9.13/jackson-mapper-asl-1.9.13.jar:/home/user/.m2/repository/com/thoughtworks/paranamer/paranamer/2.3/paranamer-2.3.jar:/home/user/.m2/repository/org/xerial/snappy/snappy-java/1.0.5/snappy-java-1.0.5.jar:/home/user/.m2/repository/org/apache/hadoop/hadoop-annotations/3.2.0/hadoop-annotations-3.2.0.jar:/usr/lib/jvm/java-1.8.0-openjdk-1.8.0.232.b09-0.el7_7.x86_64/jre/../lib/tools.jar:/home/user/.m2/repository/org/apache/hadoop/hadoop-distcp/3.2.0/hadoop-distcp-3.2.0-tests.jar:"/>
    <property name="java.vm.vendor" value="Oracle Corporation"/>
    <property name="sun.arch.data.model" value="64"/>
    <property name="test.build.dir" value="/github/workspace/mnt/ozone/hadoop-ozone/integration-test/target/test-dir"/>
    <property name="test.cache.data" value=""/>
    <property name="java.vendor.url" value="http://java.oracle.com/"/>
    <property name="user.timezone" value=""/>
    <property name="java.vm.specification.version" value="1.8"/>
    <property name="os.name" value="Linux"/>
    <property name="test.build.data" value="/github/workspace/mnt/ozone/hadoop-ozone/integration-test/target/test-dir"/>
    <property name="user.country" value="US"/>
    <property name="sun.java.launcher" value="SUN_STANDARD"/>
    <property name="sun.boot.library.path" value="/usr/lib/jvm/java-1.8.0-openjdk-1.8.0.232.b09-0.el7_7.x86_64/jre/lib/amd64"/>
    <property name="sun.java.command" value="/github/workspace/mnt/ozone/hadoop-ozone/integration-test/target/surefire/surefirebooter3548519693248847655.jar /github/workspace/mnt/ozone/hadoop-ozone/integration-test/target/surefire 2020-04-24T20-24-16_677-jvmRun1 surefire671715301739034434tmp surefire_5962358074889983328tmp"/>
    <property name="surefire.test.class.path" value="/github/workspace/mnt/ozone/hadoop-ozone/integration-test/target/test-classes:/github/workspace/mnt/ozone/hadoop-ozone/integration-test/target/classes:/home/user/.m2/repository/org/apache/hadoop/hadoop-ozone-common/0.6.0-SNAPSHOT/hadoop-ozone-common-0.6.0-SNAPSHOT.jar:/home/user/.m2/repository/org/apache/commons/commons-compress/1.4.1/commons-compress-1.4.1.jar:/home/user/.m2/repository/org/tukaani/xz/1.0/xz-1.0.jar:/home/user/.m2/repository/org/apache/hadoop/hadoop-hdds-common/0.6.0-SNAPSHOT/hadoop-hdds-common-0.6.0-SNAPSHOT.jar:/home/user/.m2/repository/info/picocli/picocli/3.9.6/picocli-3.9.6.jar:/home/user/.m2/repository/com/fasterxml/jackson/core/jackson-annotations/2.10.3/jackson-annotations-2.10.3.jar:/home/user/.m2/repository/javax/annotation/javax.annotation-api/1.2/javax.annotation-api-1.2.jar:/home/user/.m2/repository/org/apache/ratis/ratis-server/0.6.0-490b689-SNAPSHOT/ratis-server-0.6.0-490b689-SNAPSHOT.jar:/home/user/.m2/repository/org/apache/ratis/ratis-thirdparty-misc/0.3.0/ratis-thirdparty-misc-0.3.0.jar:/home/user/.m2/repository/org/apache/ratis/ratis-client/0.6.0-490b689-SNAPSHOT/ratis-client-0.6.0-490b689-SNAPSHOT.jar:/home/user/.m2/repository/org/apache/ratis/ratis-metrics/0.6.0-490b689-SNAPSHOT/ratis-metrics-0.6.0-490b689-SNAPSHOT.jar:/home/user/.m2/repository/org/apache/ratis/ratis-netty/0.6.0-490b689-SNAPSHOT/ratis-netty-0.6.0-490b689-SNAPSHOT.jar:/home/user/.m2/repository/org/apache/ratis/ratis-grpc/0.6.0-490b689-SNAPSHOT/ratis-grpc-0.6.0-490b689-SNAPSHOT.jar:/home/user/.m2/repository/org/apache/logging/log4j/log4j-api/2.11.0/log4j-api-2.11.0.jar:/home/user/.m2/repository/org/apache/logging/log4j/log4j-core/2.11.0/log4j-core-2.11.0.jar:/home/user/.m2/repository/com/lmax/disruptor/3.4.2/disruptor-3.4.2.jar:/home/user/.m2/repository/org/apache/commons/commons-pool2/2.6.0/commons-pool2-2.6.0.jar:/home/user/.m2/repository/org/bouncycastle/bcpkix-jdk15on/1.60/bcpkix-jdk15on-1.60.jar:/home/user/.m2/repository/commons-validator/commons-validator/1.6/commons-validator-1.6.jar:/home/user/.m2/repository/commons-digester/commons-digester/1.8.1/commons-digester-1.8.1.jar:/home/user/.m2/repository/io/jaegertracing/jaeger-client/1.2.0/jaeger-client-1.2.0.jar:/home/user/.m2/repository/io/jaegertracing/jaeger-thrift/1.2.0/jaeger-thrift-1.2.0.jar:/home/user/.m2/repository/org/apache/thrift/libthrift/0.13.0/libthrift-0.13.0.jar:/home/user/.m2/repository/com/squareup/okhttp3/okhttp/4.2.2/okhttp-4.2.2.jar:/home/user/.m2/repository/com/squareup/okio/okio/2.2.2/okio-2.2.2.jar:/home/user/.m2/repository/org/jetbrains/kotlin/kotlin-stdlib/1.3.50/kotlin-stdlib-1.3.50.jar:/home/user/.m2/repository/org/jetbrains/kotlin/kotlin-stdlib-common/1.3.50/kotlin-stdlib-common-1.3.50.jar:/home/user/.m2/repository/org/jetbrains/annotations/13.0/annotations-13.0.jar:/home/user/.m2/repository/io/jaegertracing/jaeger-core/1.2.0/jaeger-core-1.2.0.jar:/home/user/.m2/repository/io/jaegertracing/jaeger-tracerresolver/1.2.0/jaeger-tracerresolver-1.2.0.jar:/home/user/.m2/repository/io/opentracing/contrib/opentracing-tracerresolver/0.1.8/opentracing-tracerresolver-0.1.8.jar:/home/user/.m2/repository/io/opentracing/opentracing-util/0.33.0/opentracing-util-0.33.0.jar:/home/user/.m2/repository/io/opentracing/opentracing-api/0.33.0/opentracing-api-0.33.0.jar:/home/user/.m2/repository/io/opentracing/opentracing-noop/0.33.0/opentracing-noop-0.33.0.jar:/home/user/.m2/repository/org/apache/hadoop/hadoop-hdds-client/0.6.0-SNAPSHOT/hadoop-hdds-client-0.6.0-SNAPSHOT.jar:/home/user/.m2/repository/org/apache/hadoop/hadoop-hdds-test-utils/0.6.0-SNAPSHOT/hadoop-hdds-test-utils-0.6.0-SNAPSHOT.jar:/home/user/.m2/repository/com/google/guava/guava/28.2-jre/guava-28.2-jre.jar:/home/user/.m2/repository/com/google/guava/failureaccess/1.0.1/failureaccess-1.0.1.jar:/home/user/.m2/repository/com/google/guava/listenablefuture/9999.0-empty-to-avoid-conflict-with-guava/listenablefuture-9999.0-empty-to-avoid-conflict-with-guava.jar:/home/user/.m2/repository/com/google/code/findbugs/jsr305/3.0.0/jsr305-3.0.0.jar:/home/user/.m2/repository/org/checkerframework/checker-qual/2.10.0/checker-qual-2.10.0.jar:/home/user/.m2/repository/com/google/errorprone/error_prone_annotations/2.3.4/error_prone_annotations-2.3.4.jar:/home/user/.m2/repository/com/google/j2objc/j2objc-annotations/1.3/j2objc-annotations-1.3.jar:/home/user/.m2/repository/commons-io/commons-io/2.5/commons-io-2.5.jar:/home/user/.m2/repository/commons-logging/commons-logging/1.1.3/commons-logging-1.1.3.jar:/home/user/.m2/repository/log4j/log4j/1.2.17/log4j-1.2.17.jar:/home/user/.m2/repository/org/apache/commons/commons-lang3/3.7/commons-lang3-3.7.jar:/home/user/.m2/repository/org/slf4j/slf4j-api/1.7.25/slf4j-api-1.7.25.jar:/home/user/.m2/repository/org/apache/hadoop/hadoop-hdds-server-scm/0.6.0-SNAPSHOT/hadoop-hdds-server-scm-0.6.0-SNAPSHOT.jar:/home/user/.m2/repository/org/apache/hadoop/hadoop-hdds-container-service/0.6.0-SNAPSHOT/hadoop-hdds-container-service-0.6.0-SNAPSHOT.jar:/home/user/.m2/repository/org/apache/hadoop/hadoop-hdds-hadoop-dependency-server/0.6.0-SNAPSHOT/hadoop-hdds-hadoop-dependency-server-0.6.0-SNAPSHOT.jar:/home/user/.m2/repository/org/apache/hadoop/hadoop-hdds-server-framework/0.6.0-SNAPSHOT/hadoop-hdds-server-framework-0.6.0-SNAPSHOT.jar:/home/user/.m2/repository/org/rocksdb/rocksdbjni/6.6.4/rocksdbjni-6.6.4.jar:/home/user/.m2/repository/io/prometheus/simpleclient_dropwizard/0.7.0/simpleclient_dropwizard-0.7.0.jar:/home/user/.m2/repository/io/prometheus/simpleclient/0.7.0/simpleclient-0.7.0.jar:/home/user/.m2/repository/io/prometheus/simpleclient_common/0.7.0/simpleclient_common-0.7.0.jar:/home/user/.m2/repository/com/fasterxml/jackson/datatype/jackson-datatype-jsr310/2.10.3/jackson-datatype-jsr310-2.10.3.jar:/home/user/.m2/repository/org/apache/hadoop/hadoop-hdds-docs/0.6.0-SNAPSHOT/hadoop-hdds-docs-0.6.0-SNAPSHOT.jar:/home/user/.m2/repository/io/dropwizard/metrics/metrics-core/3.2.4/metrics-core-3.2.4.jar:/home/user/.m2/repository/org/apache/hadoop/hadoop-hdfs-client/3.2.0/hadoop-hdfs-client-3.2.0.jar:/home/user/.m2/repository/org/bouncycastle/bcprov-jdk15on/1.60/bcprov-jdk15on-1.60.jar:/home/user/.m2/repository/org/apache/hadoop/hadoop-ozone-ozone-manager/0.6.0-SNAPSHOT/hadoop-ozone-ozone-manager-0.6.0-SNAPSHOT.jar:/home/user/.m2/repository/org/apache/hadoop/hadoop-minikdc/3.2.0/hadoop-minikdc-3.2.0.jar:/home/user/.m2/repository/org/apache/kerby/kerb-simplekdc/1.0.1/kerb-simplekdc-1.0.1.jar:/home/user/.m2/repository/org/apache/kerby/kerb-client/1.0.1/kerb-client-1.0.1.jar:/home/user/.m2/repository/org/apache/kerby/kerby-config/1.0.1/kerby-config-1.0.1.jar:/home/user/.m2/repository/org/apache/kerby/kerb-core/1.0.1/kerb-core-1.0.1.jar:/home/user/.m2/repository/org/apache/kerby/kerby-pkix/1.0.1/kerby-pkix-1.0.1.jar:/home/user/.m2/repository/org/apache/kerby/kerby-asn1/1.0.1/kerby-asn1-1.0.1.jar:/home/user/.m2/repository/org/apache/kerby/kerby-util/1.0.1/kerby-util-1.0.1.jar:/home/user/.m2/repository/org/apache/kerby/kerb-common/1.0.1/kerb-common-1.0.1.jar:/home/user/.m2/repository/org/apache/kerby/kerb-crypto/1.0.1/kerb-crypto-1.0.1.jar:/home/user/.m2/repository/org/apache/kerby/kerb-util/1.0.1/kerb-util-1.0.1.jar:/home/user/.m2/repository/org/apache/kerby/token-provider/1.0.1/token-provider-1.0.1.jar:/home/user/.m2/repository/org/apache/kerby/kerb-admin/1.0.1/kerb-admin-1.0.1.jar:/home/user/.m2/repository/org/apache/kerby/kerb-server/1.0.1/kerb-server-1.0.1.jar:/home/user/.m2/repository/org/apache/kerby/kerb-identity/1.0.1/kerb-identity-1.0.1.jar:/home/user/.m2/repository/org/apache/kerby/kerby-xdr/1.0.1/kerby-xdr-1.0.1.jar:/home/user/.m2/repository/org/slf4j/slf4j-log4j12/1.7.25/slf4j-log4j12-1.7.25.jar:/home/user/.m2/repository/org/apache/hadoop/hadoop-ozone-s3gateway/0.6.0-SNAPSHOT/hadoop-ozone-s3gateway-0.6.0-SNAPSHOT.jar:/home/user/.m2/repository/org/jboss/weld/servlet/weld-servlet/2.4.7.Final/weld-servlet-2.4.7.Final.jar:/home/user/.m2/repository/org/glassfish/jersey/containers/jersey-container-servlet-core/2.27/jersey-container-servlet-core-2.27.jar:/home/user/.m2/repository/org/glassfish/hk2/external/javax.inject/2.5.0-b42/javax.inject-2.5.0-b42.jar:/home/user/.m2/repository/org/glassfish/jersey/core/jersey-common/2.27/jersey-common-2.27.jar:/home/user/.m2/repository/org/glassfish/hk2/osgi-resource-locator/1.0.1/osgi-resource-locator-1.0.1.jar:/home/user/.m2/repository/javax/ws/rs/javax.ws.rs-api/2.1/javax.ws.rs-api-2.1.jar:/home/user/.m2/repository/org/glassfish/jersey/ext/cdi/jersey-cdi1x/2.27/jersey-cdi1x-2.27.jar:/home/user/.m2/repository/org/glassfish/jersey/inject/jersey-hk2/2.27/jersey-hk2-2.27.jar:/home/user/.m2/repository/org/glassfish/hk2/hk2-locator/2.5.0-b42/hk2-locator-2.5.0-b42.jar:/home/user/.m2/repository/org/javassist/javassist/3.22.0-CR2/javassist-3.22.0-CR2.jar:/home/user/.m2/repository/org/glassfish/hk2/hk2-api/2.5.0/hk2-api-2.5.0.jar:/home/user/.m2/repository/org/glassfish/hk2/external/jakarta.inject/2.5.0/jakarta.inject-2.5.0.jar:/home/user/.m2/repository/org/glassfish/hk2/hk2-utils/2.5.0/hk2-utils-2.5.0.jar:/home/user/.m2/repository/jakarta/annotation/jakarta.annotation-api/1.3.4/jakarta.annotation-api-1.3.4.jar:/home/user/.m2/repository/org/glassfish/hk2/external/aopalliance-repackaged/2.5.0/aopalliance-repackaged-2.5.0.jar:/home/user/.m2/repository/com/fasterxml/jackson/dataformat/jackson-dataformat-xml/2.9.0/jackson-dataformat-xml-2.9.0.jar:/home/user/.m2/repository/com/fasterxml/jackson/core/jackson-core/2.10.3/jackson-core-2.10.3.jar:/home/user/.m2/repository/com/fasterxml/jackson/module/jackson-module-jaxb-annotations/2.10.3/jackson-module-jaxb-annotations-2.10.3.jar:/home/user/.m2/repository/jakarta/xml/bind/jakarta.xml.bind-api/2.3.2/jakarta.xml.bind-api-2.3.2.jar:/home/user/.m2/repository/jakarta/activation/jakarta.activation-api/1.2.1/jakarta.activation-api-1.2.1.jar:/home/user/.m2/repository/org/codehaus/woodstox/stax2-api/3.1.4/stax2-api-3.1.4.jar:/home/user/.m2/repository/com/fasterxml/woodstox/woodstox-core/5.0.3/woodstox-core-5.0.3.jar:/home/user/.m2/repository/javax/enterprise/cdi-api/1.2/cdi-api-1.2.jar:/home/user/.m2/repository/javax/el/javax.el-api/3.0.0/javax.el-api-3.0.0.jar:/home/user/.m2/repository/javax/interceptor/javax.interceptor-api/1.2/javax.interceptor-api-1.2.jar:/home/user/.m2/repository/javax/inject/javax.inject/1/javax.inject-1.jar:/home/user/.m2/repository/com/sun/xml/bind/jaxb-impl/2.3.0.1/jaxb-impl-2.3.0.1.jar:/home/user/.m2/repository/com/sun/xml/bind/jaxb-core/2.3.0.1/jaxb-core-2.3.0.1.jar:/home/user/.m2/repository/javax/xml/bind/jaxb-api/2.3.0/jaxb-api-2.3.0.jar:/home/user/.m2/repository/javax/activation/activation/1.1.1/activation-1.1.1.jar:/home/user/.m2/repository/org/apache/hadoop/hadoop-ozone-csi/0.6.0-SNAPSHOT/hadoop-ozone-csi-0.6.0-SNAPSHOT.jar:/home/user/.m2/repository/com/google/protobuf/protobuf-java-util/3.5.1/protobuf-java-util-3.5.1.jar:/home/user/.m2/repository/com/google/code/gson/gson/2.2.4/gson-2.2.4.jar:/home/user/.m2/repository/org/apache/hadoop/hadoop-hdds-config/0.6.0-SNAPSHOT/hadoop-hdds-config-0.6.0-SNAPSHOT.jar:/home/user/.m2/repository/com/google/protobuf/protobuf-java/2.5.0/protobuf-java-2.5.0.jar:/home/user/.m2/repository/io/grpc/grpc-netty/1.17.1/grpc-netty-1.17.1.jar:/home/user/.m2/repository/io/grpc/grpc-core/1.17.1/grpc-core-1.17.1.jar:/home/user/.m2/repository/io/grpc/grpc-context/1.17.1/grpc-context-1.17.1.jar:/home/user/.m2/repository/org/codehaus/mojo/animal-sniffer-annotations/1.17/animal-sniffer-annotations-1.17.jar:/home/user/.m2/repository/io/opencensus/opencensus-api/0.17.0/opencensus-api-0.17.0.jar:/home/user/.m2/repository/io/opencensus/opencensus-contrib-grpc-metrics/0.17.0/opencensus-contrib-grpc-metrics-0.17.0.jar:/home/user/.m2/repository/io/netty/netty-codec-http2/4.1.30.Final/netty-codec-http2-4.1.30.Final.jar:/home/user/.m2/repository/io/netty/netty-codec-http/4.1.30.Final/netty-codec-http-4.1.30.Final.jar:/home/user/.m2/repository/io/netty/netty-codec/4.1.30.Final/netty-codec-4.1.30.Final.jar:/home/user/.m2/repository/io/netty/netty-handler/4.1.30.Final/netty-handler-4.1.30.Final.jar:/home/user/.m2/repository/io/netty/netty-handler-proxy/4.1.30.Final/netty-handler-proxy-4.1.30.Final.jar:/home/user/.m2/repository/io/netty/netty-codec-socks/4.1.30.Final/netty-codec-socks-4.1.30.Final.jar:/home/user/.m2/repository/io/netty/netty-transport-native-epoll/4.1.30.Final/netty-transport-native-epoll-4.1.30.Final.jar:/home/user/.m2/repository/io/netty/netty-common/4.1.30.Final/netty-common-4.1.30.Final.jar:/home/user/.m2/repository/io/netty/netty-buffer/4.1.30.Final/netty-buffer-4.1.30.Final.jar:/home/user/.m2/repository/io/netty/netty-transport/4.1.30.Final/netty-transport-4.1.30.Final.jar:/home/user/.m2/repository/io/netty/netty-resolver/4.1.30.Final/netty-resolver-4.1.30.Final.jar:/home/user/.m2/repository/io/netty/netty-transport-native-unix-common/4.1.30.Final/netty-transport-native-unix-common-4.1.30.Final.jar:/home/user/.m2/repository/io/grpc/grpc-protobuf/1.17.1/grpc-protobuf-1.17.1.jar:/home/user/.m2/repository/com/google/api/grpc/proto-google-common-protos/1.0.0/proto-google-common-protos-1.0.0.jar:/home/user/.m2/repository/io/grpc/grpc-protobuf-lite/1.17.1/grpc-protobuf-lite-1.17.1.jar:/home/user/.m2/repository/io/grpc/grpc-stub/1.17.1/grpc-stub-1.17.1.jar:/home/user/.m2/repository/org/apache/hadoop/hadoop-ozone-recon/0.6.0-SNAPSHOT/hadoop-ozone-recon-0.6.0-SNAPSHOT.jar:/home/user/.m2/repository/org/apache/hadoop/hadoop-ozone-reconcodegen/0.6.0-SNAPSHOT/hadoop-ozone-reconcodegen-0.6.0-SNAPSHOT.jar:/home/user/.m2/repository/com/google/inject/extensions/guice-multibindings/4.0/guice-multibindings-4.0.jar:/home/user/.m2/repository/com/google/inject/guice/4.0/guice-4.0.jar:/home/user/.m2/repository/aopalliance/aopalliance/1.0/aopalliance-1.0.jar:/home/user/.m2/repository/com/google/inject/extensions/guice-servlet/4.0/guice-servlet-4.0.jar:/home/user/.m2/repository/org/glassfish/jersey/containers/jersey-container-servlet/2.27/jersey-container-servlet-2.27.jar:/home/user/.m2/repository/org/glassfish/hk2/guice-bridge/2.5.0/guice-bridge-2.5.0.jar:/home/user/.m2/repository/org/glassfish/jersey/core/jersey-server/2.27/jersey-server-2.27.jar:/home/user/.m2/repository/org/glassfish/jersey/core/jersey-client/2.27/jersey-client-2.27.jar:/home/user/.m2/repository/org/glassfish/jersey/media/jersey-media-jaxb/2.27/jersey-media-jaxb-2.27.jar:/home/user/.m2/repository/javax/validation/validation-api/1.1.0.Final/validation-api-1.1.0.Final.jar:/home/user/.m2/repository/org/glassfish/jersey/media/jersey-media-json-jackson/2.27/jersey-media-json-jackson-2.27.jar:/home/user/.m2/repository/org/glassfish/jersey/ext/jersey-entity-filtering/2.27/jersey-entity-filtering-2.27.jar:/home/user/.m2/repository/com/google/inject/extensions/guice-assistedinject/4.0/guice-assistedinject-4.0.jar:/home/user/.m2/repository/org/jooq/jooq/3.11.10/jooq-3.11.10.jar:/home/user/.m2/repository/org/jooq/jooq-meta/3.11.10/jooq-meta-3.11.10.jar:/home/user/.m2/repository/org/jooq/jooq-codegen/3.11.10/jooq-codegen-3.11.10.jar:/home/user/.m2/repository/com/jolbox/bonecp/0.8.0.RELEASE/bonecp-0.8.0.RELEASE.jar:/home/user/.m2/repository/org/xerial/sqlite-jdbc/3.25.2/sqlite-jdbc-3.25.2.jar:/home/user/.m2/repository/org/springframework/spring-jdbc/5.2.5.RELEASE/spring-jdbc-5.2.5.RELEASE.jar:/home/user/.m2/repository/org/springframework/spring-beans/5.2.5.RELEASE/spring-beans-5.2.5.RELEASE.jar:/home/user/.m2/repository/org/springframework/spring-core/5.2.5.RELEASE/spring-core-5.2.5.RELEASE.jar:/home/user/.m2/repository/org/springframework/spring-jcl/5.2.5.RELEASE/spring-jcl-5.2.5.RELEASE.jar:/home/user/.m2/repository/org/springframework/spring-tx/5.2.5.RELEASE/spring-tx-5.2.5.RELEASE.jar:/home/user/.m2/repository/org/apache/hadoop/hadoop-ozone-client/0.6.0-SNAPSHOT/hadoop-ozone-client-0.6.0-SNAPSHOT.jar:/home/user/.m2/repository/org/apache/hadoop/hadoop-ozone-filesystem/0.6.0-SNAPSHOT/hadoop-ozone-filesystem-0.6.0-SNAPSHOT.jar:/home/user/.m2/repository/org/apache/hadoop/hadoop-hdds-hadoop-dependency-client/0.6.0-SNAPSHOT/hadoop-hdds-hadoop-dependency-client-0.6.0-SNAPSHOT.jar:/home/user/.m2/repository/org/apache/hadoop/hadoop-ozone-tools/0.6.0-SNAPSHOT/hadoop-ozone-tools-0.6.0-SNAPSHOT.jar:/home/user/.m2/repository/org/apache/hadoop/hadoop-hdfs/3.2.0/hadoop-hdfs-3.2.0.jar:/home/user/.m2/repository/org/apache/ratis/ratis-tools/0.6.0-490b689-SNAPSHOT/ratis-tools-0.6.0-490b689-SNAPSHOT.jar:/home/user/.m2/repository/org/apache/ratis/ratis-proto/0.6.0-490b689-SNAPSHOT/ratis-proto-0.6.0-490b689-SNAPSHOT.jar:/home/user/.m2/repository/org/apache/ratis/ratis-common/0.6.0-490b689-SNAPSHOT/ratis-common-0.6.0-490b689-SNAPSHOT.jar:/home/user/.m2/repository/com/amazonaws/aws-java-sdk-core/1.11.615/aws-java-sdk-core-1.11.615.jar:/home/user/.m2/repository/org/apache/httpcomponents/httpclient/4.5.2/httpclient-4.5.2.jar:/home/user/.m2/repository/org/apache/httpcomponents/httpcore/4.4.4/httpcore-4.4.4.jar:/home/user/.m2/repository/software/amazon/ion/ion-java/1.0.2/ion-java-1.0.2.jar:/home/user/.m2/repository/com/fasterxml/jackson/dataformat/jackson-dataformat-cbor/2.10.3/jackson-dataformat-cbor-2.10.3.jar:/home/user/.m2/repository/joda-time/joda-time/2.9.9/joda-time-2.9.9.jar:/home/user/.m2/repository/com/amazonaws/aws-java-sdk-s3/1.11.615/aws-java-sdk-s3-1.11.615.jar:/home/user/.m2/repository/com/amazonaws/aws-java-sdk-kms/1.11.615/aws-java-sdk-kms-1.11.615.jar:/home/user/.m2/repository/com/amazonaws/jmespath-java/1.11.615/jmespath-java-1.11.615.jar:/home/user/.m2/repository/org/apache/hadoop/hadoop-hdds-tools/0.6.0-SNAPSHOT/hadoop-hdds-tools-0.6.0-SNAPSHOT.jar:/home/user/.m2/repository/commons-cli/commons-cli/1.2/commons-cli-1.2.jar:/home/user/.m2/repository/commons-lang/commons-lang/2.6/commons-lang-2.6.jar:/home/user/.m2/repository/org/apache/hadoop/hadoop-ozone-ozone-manager/0.6.0-SNAPSHOT/hadoop-ozone-ozone-manager-0.6.0-SNAPSHOT-tests.jar:/home/user/.m2/repository/junit/junit/4.11/junit-4.11.jar:/home/user/.m2/repository/org/hamcrest/hamcrest-core/1.3/hamcrest-core-1.3.jar:/home/user/.m2/repository/org/openjdk/jmh/jmh-core/1.19/jmh-core-1.19.jar:/home/user/.m2/repository/net/sf/jopt-simple/jopt-simple/4.6/jopt-simple-4.6.jar:/home/user/.m2/repository/org/apache/commons/commons-math3/3.1.1/commons-math3-3.1.1.jar:/home/user/.m2/repository/org/openjdk/jmh/jmh-generator-annprocess/1.19/jmh-generator-annprocess-1.19.jar:/home/user/.m2/repository/org/mockito/mockito-all/1.8.5/mockito-all-1.8.5.jar:/home/user/.m2/repository/org/apache/hadoop/hadoop-kms/3.2.0/hadoop-kms-3.2.0.jar:/home/user/.m2/repository/org/apache/hadoop/hadoop-auth/3.2.0/hadoop-auth-3.2.0.jar:/home/user/.m2/repository/com/nimbusds/nimbus-jose-jwt/7.9/nimbus-jose-jwt-7.9.jar:/home/user/.m2/repository/com/github/stephenc/jcip/jcip-annotations/1.0-1/jcip-annotations-1.0-1.jar:/home/user/.m2/repository/net/minidev/json-smart/2.3/json-smart-2.3.jar:/home/user/.m2/repository/net/minidev/accessors-smart/1.2/accessors-smart-1.2.jar:/home/user/.m2/repository/org/ow2/asm/asm/5.0.4/asm-5.0.4.jar:/home/user/.m2/repository/org/apache/zookeeper/zookeeper/3.4.13/zookeeper-3.4.13.jar:/home/user/.m2/repository/org/apache/yetus/audience-annotations/0.5.0/audience-annotations-0.5.0.jar:/home/user/.m2/repository/org/apache/curator/curator-framework/2.12.0/curator-framework-2.12.0.jar:/home/user/.m2/repository/com/sun/jersey/jersey-core/1.19/jersey-core-1.19.jar:/home/user/.m2/repository/javax/ws/rs/jsr311-api/1.1.1/jsr311-api-1.1.1.jar:/home/user/.m2/repository/com/sun/jersey/jersey-server/1.19/jersey-server-1.19.jar:/home/user/.m2/repository/javax/servlet/javax.servlet-api/3.1.0/javax.servlet-api-3.1.0.jar:/home/user/.m2/repository/org/eclipse/jetty/jetty-server/9.4.26.v20200117/jetty-server-9.4.26.v20200117.jar:/home/user/.m2/repository/org/eclipse/jetty/jetty-http/9.4.26.v20200117/jetty-http-9.4.26.v20200117.jar:/home/user/.m2/repository/org/eclipse/jetty/jetty-io/9.4.26.v20200117/jetty-io-9.4.26.v20200117.jar:/home/user/.m2/repository/org/eclipse/jetty/jetty-webapp/9.4.26.v20200117/jetty-webapp-9.4.26.v20200117.jar:/home/user/.m2/repository/org/eclipse/jetty/jetty-xml/9.4.26.v20200117/jetty-xml-9.4.26.v20200117.jar:/home/user/.m2/repository/org/eclipse/jetty/jetty-servlet/9.4.26.v20200117/jetty-servlet-9.4.26.v20200117.jar:/home/user/.m2/repository/org/eclipse/jetty/jetty-security/9.4.26.v20200117/jetty-security-9.4.26.v20200117.jar:/home/user/.m2/repository/org/apache/hadoop/hadoop-common/3.2.0/hadoop-common-3.2.0.jar:/home/user/.m2/repository/commons-net/commons-net/3.6/commons-net-3.6.jar:/home/user/.m2/repository/commons-collections/commons-collections/3.2.2/commons-collections-3.2.2.jar:/home/user/.m2/repository/com/sun/jersey/jersey-servlet/1.19/jersey-servlet-1.19.jar:/home/user/.m2/repository/com/sun/jersey/jersey-json/1.19/jersey-json-1.19.jar:/home/user/.m2/repository/org/codehaus/jettison/jettison/1.1/jettison-1.1.jar:/home/user/.m2/repository/org/codehaus/jackson/jackson-jaxrs/1.9.13/jackson-jaxrs-1.9.13.jar:/home/user/.m2/repository/org/codehaus/jackson/jackson-xc/1.9.13/jackson-xc-1.9.13.jar:/home/user/.m2/repository/commons-beanutils/commons-beanutils/1.9.4/commons-beanutils-1.9.4.jar:/home/user/.m2/repository/org/apache/commons/commons-configuration2/2.1.1/commons-configuration2-2.1.1.jar:/home/user/.m2/repository/org/apache/commons/commons-text/1.4/commons-text-1.4.jar:/home/user/.m2/repository/com/google/re2j/re2j/1.1/re2j-1.1.jar:/home/user/.m2/repository/com/jcraft/jsch/0.1.54/jsch-0.1.54.jar:/home/user/.m2/repository/org/apache/curator/curator-client/2.12.0/curator-client-2.12.0.jar:/home/user/.m2/repository/org/apache/curator/curator-recipes/2.12.0/curator-recipes-2.12.0.jar:/home/user/.m2/repository/dnsjava/dnsjava/2.1.7/dnsjava-2.1.7.jar:/home/user/.m2/repository/org/slf4j/jul-to-slf4j/1.7.25/jul-to-slf4j-1.7.25.jar:/home/user/.m2/repository/org/eclipse/jetty/jetty-util/9.4.26.v20200117/jetty-util-9.4.26.v20200117.jar:/home/user/.m2/repository/com/fasterxml/jackson/core/jackson-databind/2.10.3/jackson-databind-2.10.3.jar:/home/user/.m2/repository/org/apache/hadoop/hadoop-kms/3.2.0/hadoop-kms-3.2.0-tests.jar:/home/user/.m2/repository/org/apache/hadoop/hadoop-hdds-server-scm/0.6.0-SNAPSHOT/hadoop-hdds-server-scm-0.6.0-SNAPSHOT-tests.jar:/home/user/.m2/repository/org/apache/hadoop/hadoop-hdds-container-service/0.6.0-SNAPSHOT/hadoop-hdds-container-service-0.6.0-SNAPSHOT-tests.jar:/home/user/.m2/repository/org/apache/hadoop/hadoop-hdds-common/0.6.0-SNAPSHOT/hadoop-hdds-common-0.6.0-SNAPSHOT-tests.jar:/home/user/.m2/repository/org/yaml/snakeyaml/1.16/snakeyaml-1.16.jar:/home/user/.m2/repository/org/apache/hadoop/hadoop-hdds-hadoop-dependency-test/0.6.0-SNAPSHOT/hadoop-hdds-hadoop-dependency-test-0.6.0-SNAPSHOT.jar:/home/user/.m2/repository/org/apache/hadoop/hadoop-common/3.2.0/hadoop-common-3.2.0-tests.jar:/home/user/.m2/repository/javax/servlet/jsp/jsp-api/2.1/jsp-api-2.1.jar:/home/user/.m2/repository/org/apache/hadoop/hadoop-hdfs/3.2.0/hadoop-hdfs-3.2.0-tests.jar:/home/user/.m2/repository/org/eclipse/jetty/jetty-util-ajax/9.4.26.v20200117/jetty-util-ajax-9.4.26.v20200117.jar:/home/user/.m2/repository/commons-codec/commons-codec/1.11/commons-codec-1.11.jar:/home/user/.m2/repository/commons-daemon/commons-daemon/1.0.13/commons-daemon-1.0.13.jar:/home/user/.m2/repository/io/netty/netty/3.10.5.Final/netty-3.10.5.Final.jar:/home/user/.m2/repository/io/netty/netty-all/4.1.47.Final/netty-all-4.1.47.Final.jar:/home/user/.m2/repository/org/apache/htrace/htrace-core4/4.1.0-incubating/htrace-core4-4.1.0-incubating.jar:/home/user/.m2/repository/org/fusesource/leveldbjni/leveldbjni-all/1.8/leveldbjni-all-1.8.jar:/home/user/.m2/repository/org/apache/hadoop/hadoop-distcp/3.2.0/hadoop-distcp-3.2.0.jar:/home/user/.m2/repository/org/apache/hadoop/hadoop-mapreduce-client-jobclient/3.2.0/hadoop-mapreduce-client-jobclient-3.2.0.jar:/home/user/.m2/repository/org/apache/hadoop/hadoop-mapreduce-client-common/3.2.0/hadoop-mapreduce-client-common-3.2.0.jar:/home/user/.m2/repository/org/apache/hadoop/hadoop-yarn-common/3.2.0/hadoop-yarn-common-3.2.0.jar:/home/user/.m2/repository/org/apache/hadoop/hadoop-yarn-api/3.2.0/hadoop-yarn-api-3.2.0.jar:/home/user/.m2/repository/com/sun/jersey/jersey-client/1.19/jersey-client-1.19.jar:/home/user/.m2/repository/com/sun/jersey/contribs/jersey-guice/1.19/jersey-guice-1.19.jar:/home/user/.m2/repository/com/fasterxml/jackson/jaxrs/jackson-jaxrs-json-provider/2.10.3/jackson-jaxrs-json-provider-2.10.3.jar:/home/user/.m2/repository/com/fasterxml/jackson/jaxrs/jackson-jaxrs-base/2.10.3/jackson-jaxrs-base-2.10.3.jar:/home/user/.m2/repository/org/apache/hadoop/hadoop-yarn-client/3.2.0/hadoop-yarn-client-3.2.0.jar:/home/user/.m2/repository/org/apache/hadoop/hadoop-mapreduce-client-core/3.2.0/hadoop-mapreduce-client-core-3.2.0.jar:/home/user/.m2/repository/org/apache/avro/avro/1.7.7/avro-1.7.7.jar:/home/user/.m2/repository/org/codehaus/jackson/jackson-core-asl/1.9.13/jackson-core-asl-1.9.13.jar:/home/user/.m2/repository/org/codehaus/jackson/jackson-mapper-asl/1.9.13/jackson-mapper-asl-1.9.13.jar:/home/user/.m2/repository/com/thoughtworks/paranamer/paranamer/2.3/paranamer-2.3.jar:/home/user/.m2/repository/org/xerial/snappy/snappy-java/1.0.5/snappy-java-1.0.5.jar:/home/user/.m2/repository/org/apache/hadoop/hadoop-annotations/3.2.0/hadoop-annotations-3.2.0.jar:/usr/lib/jvm/java-1.8.0-openjdk-1.8.0.232.b09-0.el7_7.x86_64/jre/../lib/tools.jar:/home/user/.m2/repository/org/apache/hadoop/hadoop-distcp/3.2.0/hadoop-distcp-3.2.0-tests.jar:"/>
    <property name="sun.cpu.endian" value="little"/>
    <property name="user.home" value="/home/user"/>
    <property name="user.language" value="en"/>
    <property name="java.specification.vendor" value="Oracle Corporation"/>
    <property name="java.home" value="/usr/lib/jvm/java-1.8.0-openjdk-1.8.0.232.b09-0.el7_7.x86_64/jre"/>
    <property name="java.security.krb5.conf" value="/github/workspace/mnt/ozone/hadoop-ozone/integration-test/target/test-classes/krb5.conf"/>
    <property name="basedir" value="/github/workspace/mnt/ozone/hadoop-ozone/integration-test"/>
    <property name="file.separator" value="/"/>
    <property name="line.separator" value="&#10;"/>
    <property name="java.vm.specification.vendor" value="Oracle Corporation"/>
    <property name="java.specification.name" value="Java Platform API Specification"/>
    <property name="java.awt.graphicsenv" value="sun.awt.X11GraphicsEnvironment"/>
    <property name="surefire.real.class.path" value="/github/workspace/mnt/ozone/hadoop-ozone/integration-test/target/surefire/surefirebooter3548519693248847655.jar:/home/user/.m2/repository/org/jacoco/org.jacoco.agent/0.8.3/org.jacoco.agent-0.8.3-runtime.jar"/>
    <property name="hadoop.log.dir" value="/github/workspace/mnt/ozone/hadoop-ozone/integration-test/target/log"/>
    <property name="sun.boot.class.path" value="/usr/lib/jvm/java-1.8.0-openjdk-1.8.0.232.b09-0.el7_7.x86_64/jre/lib/resources.jar:/usr/lib/jvm/java-1.8.0-openjdk-1.8.0.232.b09-0.el7_7.x86_64/jre/lib/rt.jar:/usr/lib/jvm/java-1.8.0-openjdk-1.8.0.232.b09-0.el7_7.x86_64/jre/lib/sunrsasign.jar:/usr/lib/jvm/java-1.8.0-openjdk-1.8.0.232.b09-0.el7_7.x86_64/jre/lib/jsse.jar:/usr/lib/jvm/java-1.8.0-openjdk-1.8.0.232.b09-0.el7_7.x86_64/jre/lib/jce.jar:/usr/lib/jvm/java-1.8.0-openjdk-1.8.0.232.b09-0.el7_7.x86_64/jre/lib/charsets.jar:/usr/lib/jvm/java-1.8.0-openjdk-1.8.0.232.b09-0.el7_7.x86_64/jre/lib/jfr.jar:/usr/lib/jvm/java-1.8.0-openjdk-1.8.0.232.b09-0.el7_7.x86_64/jre/classes"/>
    <property name="sun.management.compiler" value="HotSpot 64-Bit Tiered Compilers"/>
    <property name="java.runtime.version" value="1.8.0_232-b09"/>
    <property name="java.net.preferIPv4Stack" value="true"/>
    <property name="user.name" value="jenkins1001"/>
    <property name="path.separator" value=":"/>
    <property name="java.security.egd" value="file:///dev/urandom"/>
    <property name="os.version" value="5.0.0-1035-azure"/>
    <property name="java.endorsed.dirs" value="/usr/lib/jvm/java-1.8.0-openjdk-1.8.0.232.b09-0.el7_7.x86_64/jre/lib/endorsed"/>
    <property name="java.runtime.name" value="OpenJDK Runtime Environment"/>
    <property name="file.encoding" value="ANSI_X3.4-1968"/>
    <property name="java.vm.name" value="OpenJDK 64-Bit Server VM"/>
    <property name="test.build.webapps" value=""/>
    <property name="localRepository" value="/home/user/.m2/repository"/>
    <property name="java.vendor.url.bug" value="http://bugreport.sun.com/bugreport/"/>
    <property name="java.io.tmpdir" value="/tmp"/>
    <property name="require.test.libhadoop" value=""/>
    <property name="java.version" value="1.8.0_232"/>
    <property name="user.dir" value="/github/workspace/mnt/ozone/hadoop-ozone/integration-test"/>
    <property name="os.arch" value="amd64"/>
    <property name="java.vm.specification.name" value="Java Virtual Machine Specification"/>
    <property name="test.build.classes" value="/github/workspace/mnt/ozone/hadoop-ozone/integration-test/target/test-classes"/>
    <property name="java.awt.printerjob" value="sun.print.PSPrinterJob"/>
    <property name="sun.os.patch.level" value="unknown"/>
    <property name="hadoop.tmp.dir" value="/github/workspace/mnt/ozone/hadoop-ozone/integration-test/target/tmp"/>
    <property name="java.library.path" value="/usr/lib:/usr/java/packages/lib/amd64:/usr/lib64:/lib64:/lib:/usr/lib"/>
    <property name="java.vm.info" value="mixed mode"/>
    <property name="java.vendor" value="Oracle Corporation"/>
    <property name="java.vm.version" value="25.232-b09"/>
    <property name="java.ext.dirs" value="/usr/lib/jvm/java-1.8.0-openjdk-1.8.0.232.b09-0.el7_7.x86_64/jre/lib/ext:/usr/java/packages/lib/ext"/>
    <property name="sun.io.unicode.encoding" value="UnicodeLittle"/>
    <property name="java.class.version" value="52.0"/>
  </properties>
  <testcase name="test2WayCommitForRetryfailure" classname="org.apache.hadoop.ozone.client.rpc.Test2WayCommitInRatis" time="90.844">
    <error message="org.apache.ratis.protocol.RaftRetryFailureException: Failed RaftClientRequest:client-A35456B32733-&gt;31449f8f-ec1f-4ac2-83ad-66a60b16ee32@group-0A20FCA87539, cid=9, seq=3*, RW, cmdType: CloseContainer&#10;traceID: &quot;dd4c2d9dd83a9be9:dd4c2d9dd83a9be9:0:0&quot;&#10;containerID: 1&#10;datanodeUuid: &quot;e6a39719-41af-45a0-9aba-12a9942a83ed&quot;&#10;closeContainer {&#10;}&#10;, data.size=0 for 15 attempts with RetryLimited(maxAttempts=15, sleepTime=1000ms)" type="java.util.concurrent.ExecutionException">java.util.concurrent.ExecutionException: 
org.apache.ratis.protocol.RaftRetryFailureException: Failed RaftClientRequest:client-A35456B32733->31449f8f-ec1f-4ac2-83ad-66a60b16ee32@group-0A20FCA87539, cid=9, seq=3*, RW, cmdType: CloseContainer
traceID: "dd4c2d9dd83a9be9:dd4c2d9dd83a9be9:0:0"
containerID: 1
datanodeUuid: "e6a39719-41af-45a0-9aba-12a9942a83ed"
closeContainer {
}
, data.size=0 for 15 attempts with RetryLimited(maxAttempts=15, sleepTime=1000ms)
	at java.util.concurrent.CompletableFuture.reportGet(CompletableFuture.java:357)
	at java.util.concurrent.CompletableFuture.get(CompletableFuture.java:1908)
	at org.apache.hadoop.ozone.client.rpc.Test2WayCommitInRatis.test2WayCommitForRetryfailure(Test2WayCommitInRatis.java:178)
	at sun.reflect.NativeMethodAccessorImpl.invoke0(Native Method)
	at sun.reflect.NativeMethodAccessorImpl.invoke(NativeMethodAccessorImpl.java:62)
	at sun.reflect.DelegatingMethodAccessorImpl.invoke(DelegatingMethodAccessorImpl.java:43)
	at java.lang.reflect.Method.invoke(Method.java:498)
	at org.junit.runners.model.FrameworkMethod$1.runReflectiveCall(FrameworkMethod.java:47)
	at org.junit.internal.runners.model.ReflectiveCallable.run(ReflectiveCallable.java:12)
	at org.junit.runners.model.FrameworkMethod.invokeExplosively(FrameworkMethod.java:44)
	at org.junit.internal.runners.statements.InvokeMethod.evaluate(InvokeMethod.java:17)
	at org.junit.runners.ParentRunner.runLeaf(ParentRunner.java:271)
	at org.junit.runners.BlockJUnit4ClassRunner.runChild(BlockJUnit4ClassRunner.java:70)
	at org.junit.runners.BlockJUnit4ClassRunner.runChild(BlockJUnit4ClassRunner.java:50)
	at org.junit.runners.ParentRunner$3.run(ParentRunner.java:238)
	at org.junit.runners.ParentRunner$1.schedule(ParentRunner.java:63)
	at org.junit.runners.ParentRunner.runChildren(ParentRunner.java:236)
	at org.junit.runners.ParentRunner.access$000(ParentRunner.java:53)
	at org.junit.runners.ParentRunner$2.evaluate(ParentRunner.java:229)
	at org.junit.runners.ParentRunner.run(ParentRunner.java:309)
	at org.apache.maven.surefire.junit4.JUnit4Provider.execute(JUnit4Provider.java:365)
	at org.apache.maven.surefire.junit4.JUnit4Provider.executeWithRerun(JUnit4Provider.java:273)
	at org.apache.maven.surefire.junit4.JUnit4Provider.executeTestSet(JUnit4Provider.java:238)
	at org.apache.maven.surefire.junit4.JUnit4Provider.invoke(JUnit4Provider.java:159)
	at org.apache.maven.surefire.booter.ForkedBooter.invokeProviderInSameClassLoader(ForkedBooter.java:384)
	at org.apache.maven.surefire.booter.ForkedBooter.runSuitesInProcess(ForkedBooter.java:345)
	at org.apache.maven.surefire.booter.ForkedBooter.execute(ForkedBooter.java:126)
	at org.apache.maven.surefire.booter.ForkedBooter.main(ForkedBooter.java:418)
Caused by: org.apache.ratis.protocol.RaftRetryFailureException: Failed RaftClientRequest:client-A35456B32733->31449f8f-ec1f-4ac2-83ad-66a60b16ee32@group-0A20FCA87539, cid=9, seq=3*, RW, cmdType: CloseContainer
traceID: "dd4c2d9dd83a9be9:dd4c2d9dd83a9be9:0:0"
containerID: 1
datanodeUuid: "e6a39719-41af-45a0-9aba-12a9942a83ed"
closeContainer {
}
, data.size=0 for 15 attempts with RetryLimited(maxAttempts=15, sleepTime=1000ms)
	at org.apache.ratis.client.impl.RaftClientImpl.noMoreRetries(RaftClientImpl.java:312)
	at org.apache.ratis.client.impl.OrderedAsync.handleAsyncRetryFailure(OrderedAsync.java:153)
	at org.apache.ratis.client.impl.OrderedAsync.lambda$sendRequest$10(OrderedAsync.java:268)
	at java.util.concurrent.CompletableFuture.uniExceptionally(CompletableFuture.java:884)
	at java.util.concurrent.CompletableFuture$UniExceptionally.tryFire(CompletableFuture.java:866)
	at java.util.concurrent.CompletableFuture.postComplete(CompletableFuture.java:488)
	at java.util.concurrent.CompletableFuture.completeExceptionally(CompletableFuture.java:1990)
	at org.apache.ratis.grpc.client.GrpcClientProtocolClient$AsyncStreamObservers.completeReplyExceptionally(GrpcClientProtocolClient.java:358)
	at org.apache.ratis.grpc.client.GrpcClientProtocolClient$AsyncStreamObservers.access$000(GrpcClientProtocolClient.java:264)
	at org.apache.ratis.grpc.client.GrpcClientProtocolClient$AsyncStreamObservers$1.onNext(GrpcClientProtocolClient.java:278)
	at org.apache.ratis.grpc.client.GrpcClientProtocolClient$AsyncStreamObservers$1.onNext(GrpcClientProtocolClient.java:269)
	at org.apache.ratis.thirdparty.io.grpc.stub.ClientCalls$StreamObserverToCallListenerAdapter.onMessage(ClientCalls.java:429)
	at org.apache.ratis.thirdparty.io.grpc.ForwardingClientCallListener.onMessage(ForwardingClientCallListener.java:33)
	at org.apache.ratis.thirdparty.io.grpc.ForwardingClientCallListener.onMessage(ForwardingClientCallListener.java:33)
	at org.apache.ratis.thirdparty.io.grpc.internal.ClientCallImpl$ClientStreamListenerImpl$1MessagesAvailable.runInternal(ClientCallImpl.java:599)
	at org.apache.ratis.thirdparty.io.grpc.internal.ClientCallImpl$ClientStreamListenerImpl$1MessagesAvailable.runInContext(ClientCallImpl.java:584)
	at org.apache.ratis.thirdparty.io.grpc.internal.ContextRunnable.run(ContextRunnable.java:37)
	at org.apache.ratis.thirdparty.io.grpc.internal.SerializingExecutor.run(SerializingExecutor.java:123)
	at java.util.concurrent.ThreadPoolExecutor.runWorker(ThreadPoolExecutor.java:1149)
	at java.util.concurrent.ThreadPoolExecutor$Worker.run(ThreadPoolExecutor.java:624)
	at java.lang.Thread.run(Thread.java:748)
Caused by: org.apache.ratis.protocol.NotLeaderException: Server 31449f8f-ec1f-4ac2-83ad-66a60b16ee32@group-0A20FCA87539 is not the leader e6a39719-41af-45a0-9aba-12a9942a83ed:172.17.0.2:41865
	at org.apache.ratis.client.impl.ClientProtoUtils.toRaftClientReply(ClientProtoUtils.java:271)
	at org.apache.ratis.grpc.client.GrpcClientProtocolClient$AsyncStreamObservers$1.onNext(GrpcClientProtocolClient.java:274)
	... 11 more
</error>
    <system-out><![CDATA[2020-04-24 20:27:08,903 [main] WARN  server.ServerUtils (ServerUtils.java:getScmDbDir(148)) - ozone.scm.db.dirs is not configured. We recommend adding this setting. Falling back to ozone.metadata.dirs instead.
2020-04-24 20:27:09,026 [main] WARN  server.ServerUtils (ServerUtils.java:getScmDbDir(148)) - ozone.scm.db.dirs is not configured. We recommend adding this setting. Falling back to ozone.metadata.dirs instead.
2020-04-24 20:27:09,164 [main] WARN  db.DBStoreBuilder (DBStoreBuilder.java:createDBStoreBuilder(277)) - ozone.scm.db.dirs is not configured. We recommend adding this setting. Falling back to ozone.metadata.dirs instead.
2020-04-24 20:27:09,350 [main] INFO  net.NodeSchemaLoader (NodeSchemaLoader.java:loadSchemaFromFile(126)) - Loading file from sun.misc.CompoundEnumeration@7b2d58e6
2020-04-24 20:27:09,353 [main] INFO  net.NodeSchemaLoader (NodeSchemaLoader.java:loadSchema(172)) - Loading network topology layer schema file
2020-04-24 20:27:09,456 [main] WARN  server.ServerUtils (ServerUtils.java:sanitizeUserArgs(73)) - ozone.scm.stale.node.interval value = 60000000 is larger than max = 100000 based on the key value of ozone.scm.heartbeat.thread.interval, reset to the max value 100000.
2020-04-24 20:27:09,457 [main] WARN  server.ServerUtils (ServerUtils.java:sanitizeUserArgs(73)) - ozone.scm.stale.node.interval value = 60000000 is larger than max = 100000 based on the key value of ozone.scm.heartbeat.thread.interval, reset to the max value 100000.
2020-04-24 20:27:09,464 [main] INFO  node.SCMNodeManager (SCMNodeManager.java:<init>(116)) - Entering startup safe mode.
2020-04-24 20:27:09,669 [main] INFO  algorithms.ContainerPlacementPolicyFactory (ContainerPlacementPolicyFactory.java:getPolicy(60)) - Create container placement policy of type org.apache.hadoop.hdds.scm.container.placement.algorithms.SCMContainerPlacementRandom
2020-04-24 20:27:09,705 [main] INFO  pipeline.SCMPipelineManager (SCMPipelineManager.java:initializePipelineState(158)) - No pipeline exists in current db
2020-04-24 20:27:09,797 [main] INFO  safemode.HealthyPipelineSafeModeRule (HealthyPipelineSafeModeRule.java:<init>(89)) - Total pipeline count is 0, healthy pipeline threshold count is 0
2020-04-24 20:27:09,802 [main] INFO  safemode.OneReplicaPipelineSafeModeRule (OneReplicaPipelineSafeModeRule.java:<init>(79)) - Total pipeline count is 0, pipeline's with at least one datanode reported threshold count is 0
2020-04-24 20:27:09,856 [RatisPipelineUtilsThread] ERROR pipeline.SCMPipelineManager (SCMPipelineManager.java:createPipeline(222)) - Failed to create pipeline of type RATIS and factor ONE. Exception: Cannot create pipeline of factor 1 using 0 nodes. Used 0 nodes. Healthy nodes 0
2020-04-24 20:27:10,464 [main] INFO  ipc.CallQueueManager (CallQueueManager.java:<init>(84)) - Using callQueue: class java.util.concurrent.LinkedBlockingQueue, queueCapacity: 2000, scheduler: class org.apache.hadoop.ipc.DefaultRpcScheduler, ipcBackoff: false.
2020-04-24 20:27:10,504 [Socket Reader #1 for port 39263] INFO  ipc.Server (Server.java:run(1074)) - Starting Socket Reader #1 for port 39263
2020-04-24 20:27:10,556 [main] INFO  ipc.CallQueueManager (CallQueueManager.java:<init>(84)) - Using callQueue: class java.util.concurrent.LinkedBlockingQueue, queueCapacity: 2000, scheduler: class org.apache.hadoop.ipc.DefaultRpcScheduler, ipcBackoff: false.
2020-04-24 20:27:10,559 [Socket Reader #1 for port 44717] INFO  ipc.Server (Server.java:run(1074)) - Starting Socket Reader #1 for port 44717
2020-04-24 20:27:10,572 [main] INFO  ipc.CallQueueManager (CallQueueManager.java:<init>(84)) - Using callQueue: class java.util.concurrent.LinkedBlockingQueue, queueCapacity: 2000, scheduler: class org.apache.hadoop.ipc.DefaultRpcScheduler, ipcBackoff: false.
2020-04-24 20:27:10,576 [Socket Reader #1 for port 44187] INFO  ipc.Server (Server.java:run(1074)) - Starting Socket Reader #1 for port 44187
2020-04-24 20:27:10,608 [main] INFO  http.BaseHttpServer (BaseHttpServer.java:newHttpServer2BuilderForOzone(174)) - Starting Web-server for scm at: http://0.0.0.0:0
2020-04-24 20:27:10,662 [main] INFO  util.log (Log.java:initialized(169)) - Logging initialized @3451ms to org.eclipse.jetty.util.log.Slf4jLog
2020-04-24 20:27:10,893 [main] INFO  server.AuthenticationFilter (AuthenticationFilter.java:constructSecretProvider(240)) - Unable to initialize FileSignerSecretProvider, falling back to use random secrets.
2020-04-24 20:27:10,933 [main] WARN  http.HttpRequestLog (HttpRequestLog.java:getRequestLog(103)) - Jetty request log can only be enabled using Log4j
2020-04-24 20:27:10,940 [main] INFO  http.HttpServer2 (HttpServer2.java:addGlobalFilter(979)) - Added global filter 'safety' (class=org.apache.hadoop.hdds.server.http.HttpServer2$QuotingInputFilter)
2020-04-24 20:27:10,941 [main] INFO  http.HttpServer2 (HttpServer2.java:addFilter(955)) - Added filter static_user_filter (class=org.apache.hadoop.hdds.server.http.StaticUserWebFilter$StaticUserFilter) to context scm
2020-04-24 20:27:10,942 [main] INFO  http.HttpServer2 (HttpServer2.java:addFilter(963)) - Added filter static_user_filter (class=org.apache.hadoop.hdds.server.http.StaticUserWebFilter$StaticUserFilter) to context static
2020-04-24 20:27:10,942 [main] INFO  http.HttpServer2 (HttpServer2.java:addFilter(963)) - Added filter static_user_filter (class=org.apache.hadoop.hdds.server.http.StaticUserWebFilter$StaticUserFilter) to context logs
2020-04-24 20:27:11,073 [main] INFO  server.StorageContainerManager (StorageContainerManager.java:start(781)) - StorageContainerLocationProtocol RPC server is listening at /0.0.0.0:44187
2020-04-24 20:27:11,185 [main] WARN  impl.MetricsConfig (MetricsConfig.java:loadFirst(134)) - Cannot locate configuration: tried hadoop-metrics2-storagecontainermanager.properties,hadoop-metrics2.properties
2020-04-24 20:27:11,206 [main] INFO  impl.MetricsSystemImpl (MetricsSystemImpl.java:startTimer(374)) - Scheduled Metric snapshot period at 10 second(s).
2020-04-24 20:27:11,207 [main] INFO  impl.MetricsSystemImpl (MetricsSystemImpl.java:start(191)) - StorageContainerManager metrics system started
2020-04-24 20:27:11,674 [main] INFO  server.SCMClientProtocolServer (SCMClientProtocolServer.java:start(155)) - RPC server for Client  is listening at /0.0.0.0:44187
2020-04-24 20:27:11,676 [IPC Server Responder] INFO  ipc.Server (Server.java:run(1314)) - IPC Server Responder: starting
2020-04-24 20:27:11,677 [IPC Server listener on 44187] INFO  ipc.Server (Server.java:run(1153)) - IPC Server listener on 44187: starting
2020-04-24 20:27:11,685 [main] INFO  server.StorageContainerManager (StorageContainerManager.java:start(793)) - ScmBlockLocationProtocol RPC server is listening at /0.0.0.0:44717
2020-04-24 20:27:11,686 [main] INFO  server.SCMBlockProtocolServer (SCMBlockProtocolServer.java:start(149)) - RPC server for Block Protocol is listening at /0.0.0.0:44717
2020-04-24 20:27:11,689 [IPC Server Responder] INFO  ipc.Server (Server.java:run(1314)) - IPC Server Responder: starting
2020-04-24 20:27:11,689 [IPC Server listener on 44717] INFO  ipc.Server (Server.java:run(1153)) - IPC Server listener on 44717: starting
2020-04-24 20:27:11,694 [main] INFO  server.StorageContainerManager (StorageContainerManager.java:start(799)) - ScmDatanodeProtocl RPC server is listening at /0.0.0.0:39263
2020-04-24 20:27:11,694 [main] INFO  server.SCMDatanodeProtocolServer (SCMDatanodeProtocolServer.java:start(172)) - RPC server for DataNodes is listening at /0.0.0.0:39263
2020-04-24 20:27:11,695 [IPC Server Responder] INFO  ipc.Server (Server.java:run(1314)) - IPC Server Responder: starting
2020-04-24 20:27:11,695 [IPC Server listener on 39263] INFO  ipc.Server (Server.java:run(1153)) - IPC Server listener on 39263: starting
2020-04-24 20:27:11,701 [main] INFO  http.HttpServer2 (HttpServer2.java:bindListener(1197)) - Jetty bound to port 36915
2020-04-24 20:27:11,704 [main] INFO  server.Server (Server.java:doStart(359)) - jetty-9.4.26.v20200117; built: 2020-01-17T12:35:33.676Z; git: 7b38981d25d14afb4a12ff1f2596756144edf695; jvm 1.8.0_232-b09
2020-04-24 20:27:11,757 [main] INFO  server.session (DefaultSessionIdManager.java:doStart(333)) - DefaultSessionIdManager workerName=node0
2020-04-24 20:27:11,758 [main] INFO  server.session (DefaultSessionIdManager.java:doStart(338)) - No SessionScavenger set, using defaults
2020-04-24 20:27:11,761 [main] INFO  server.session (HouseKeeper.java:startScavenging(140)) - node0 Scavenging every 600000ms
2020-04-24 20:27:11,779 [main] INFO  handler.ContextHandler (ContextHandler.java:doStart(825)) - Started o.e.j.s.ServletContextHandler@44ee788f{logs,/logs,file:///github/workspace/mnt/ozone/hadoop-ozone/integration-test/target/log,AVAILABLE}
2020-04-24 20:27:11,780 [main] INFO  handler.ContextHandler (ContextHandler.java:doStart(825)) - Started o.e.j.s.ServletContextHandler@6ae67bf6{static,/static,file:///github/workspace/mnt/ozone/hadoop-ozone/integration-test/target/test-classes/webapps/static,AVAILABLE}
2020-04-24 20:27:11,857 [main] INFO  handler.ContextHandler (ContextHandler.java:doStart(825)) - Started o.e.j.w.WebAppContext@9069115{scm,/,file:///github/workspace/mnt/ozone/hadoop-ozone/integration-test/target/test-classes/webapps/scm/,AVAILABLE}{file:/github/workspace/mnt/ozone/hadoop-ozone/integration-test/target/test-classes/webapps/scm}
2020-04-24 20:27:11,874 [main] INFO  server.AbstractConnector (AbstractConnector.java:doStart(330)) - Started ServerConnector@4b10e470{HTTP/1.1,[http/1.1]}{0.0.0.0:36915}
2020-04-24 20:27:11,875 [main] INFO  server.Server (Server.java:doStart(399)) - Started @4664ms
2020-04-24 20:27:11,879 [main] INFO  impl.MetricsSinkAdapter (MetricsSinkAdapter.java:start(204)) - Sink prometheus started
2020-04-24 20:27:11,879 [main] INFO  impl.MetricsSystemImpl (MetricsSystemImpl.java:registerSink(301)) - Registered sink prometheus
2020-04-24 20:27:11,885 [main] INFO  http.BaseHttpServer (BaseHttpServer.java:updateConnectorAddress(288)) - HTTP server of scm listening at http://0.0.0.0:36915
2020-04-24 20:27:11,897 [main] WARN  server.ServerUtils (ServerUtils.java:getDBPath(225)) - ozone.om.db.dirs is not configured. We recommend adding this setting. Falling back to ozone.metadata.dirs instead.
2020-04-24 20:27:11,909 [org.apache.hadoop.util.JvmPauseMonitor$Monitor@128f4b59] INFO  util.JvmPauseMonitor (JvmPauseMonitor.java:run(188)) - Starting JVM pause monitor
2020-04-24 20:27:12,081 [main] INFO  ha.OMHANodeDetails (OMHANodeDetails.java:loadOMHAConfig(104)) - ozone.om.internal.service.id is not defined, falling back to ozone.om.service.ids to find serviceID for OzoneManager if it is HA enabled cluster
2020-04-24 20:27:12,084 [main] INFO  ha.OMHANodeDetails (OMHANodeDetails.java:loadOMHAConfig(207)) - Configuration either no ozone.om.address set. Falling back to the default OM address /127.0.0.1:0
2020-04-24 20:27:12,084 [main] INFO  ha.OMHANodeDetails (OMHANodeDetails.java:getOMNodeDetails(237)) - OM Service ID is not set. Setting it to the default ID: omServiceIdDefault
2020-04-24 20:27:12,089 [main] WARN  server.ServerUtils (ServerUtils.java:getDBPath(225)) - ozone.om.db.dirs is not configured. We recommend adding this setting. Falling back to ozone.metadata.dirs instead.
2020-04-24 20:27:12,090 [main] WARN  server.ServerUtils (ServerUtils.java:getDBPath(225)) - ozone.om.db.dirs is not configured. We recommend adding this setting. Falling back to ozone.metadata.dirs instead.
2020-04-24 20:27:13,055 [main] WARN  server.ServerUtils (ServerUtils.java:getDBPath(225)) - ozone.om.db.dirs is not configured. We recommend adding this setting. Falling back to ozone.metadata.dirs instead.
2020-04-24 20:27:13,211 [main] INFO  ipc.CallQueueManager (CallQueueManager.java:<init>(84)) - Using callQueue: class java.util.concurrent.LinkedBlockingQueue, queueCapacity: 2000, scheduler: class org.apache.hadoop.ipc.DefaultRpcScheduler, ipcBackoff: false.
2020-04-24 20:27:13,220 [Socket Reader #1 for port 42641] INFO  ipc.Server (Server.java:run(1074)) - Starting Socket Reader #1 for port 42641
2020-04-24 20:27:13,269 [main] INFO  impl.MetricsSystemImpl (MetricsSystemImpl.java:init(158)) - OzoneManager metrics system started (again)
2020-04-24 20:27:13,271 [main] INFO  om.OzoneManager (OzoneManager.java:start(1113)) - OzoneManager RPC server is listening at localhost/127.0.0.1:42641
2020-04-24 20:27:13,300 [IPC Server Responder] INFO  ipc.Server (Server.java:run(1314)) - IPC Server Responder: starting
2020-04-24 20:27:13,318 [IPC Server listener on 42641] INFO  ipc.Server (Server.java:run(1153)) - IPC Server listener on 42641: starting
2020-04-24 20:27:13,326 [main] INFO  http.BaseHttpServer (BaseHttpServer.java:newHttpServer2BuilderForOzone(174)) - Starting Web-server for ozoneManager at: http://0.0.0.0:0
2020-04-24 20:27:13,329 [main] INFO  server.AuthenticationFilter (AuthenticationFilter.java:constructSecretProvider(240)) - Unable to initialize FileSignerSecretProvider, falling back to use random secrets.
2020-04-24 20:27:13,330 [main] WARN  http.HttpRequestLog (HttpRequestLog.java:getRequestLog(103)) - Jetty request log can only be enabled using Log4j
2020-04-24 20:27:13,331 [main] INFO  http.HttpServer2 (HttpServer2.java:addGlobalFilter(979)) - Added global filter 'safety' (class=org.apache.hadoop.hdds.server.http.HttpServer2$QuotingInputFilter)
2020-04-24 20:27:13,332 [main] INFO  http.HttpServer2 (HttpServer2.java:addFilter(955)) - Added filter static_user_filter (class=org.apache.hadoop.hdds.server.http.StaticUserWebFilter$StaticUserFilter) to context ozoneManager
2020-04-24 20:27:13,332 [main] INFO  http.HttpServer2 (HttpServer2.java:addFilter(963)) - Added filter static_user_filter (class=org.apache.hadoop.hdds.server.http.StaticUserWebFilter$StaticUserFilter) to context logs
2020-04-24 20:27:13,332 [main] INFO  http.HttpServer2 (HttpServer2.java:addFilter(963)) - Added filter static_user_filter (class=org.apache.hadoop.hdds.server.http.StaticUserWebFilter$StaticUserFilter) to context static
2020-04-24 20:27:13,335 [main] INFO  http.HttpServer2 (HttpServer2.java:bindListener(1197)) - Jetty bound to port 33871
2020-04-24 20:27:13,342 [main] INFO  server.Server (Server.java:doStart(359)) - jetty-9.4.26.v20200117; built: 2020-01-17T12:35:33.676Z; git: 7b38981d25d14afb4a12ff1f2596756144edf695; jvm 1.8.0_232-b09
2020-04-24 20:27:13,353 [main] INFO  server.session (DefaultSessionIdManager.java:doStart(333)) - DefaultSessionIdManager workerName=node0
2020-04-24 20:27:13,353 [main] INFO  server.session (DefaultSessionIdManager.java:doStart(338)) - No SessionScavenger set, using defaults
2020-04-24 20:27:13,353 [main] INFO  server.session (HouseKeeper.java:startScavenging(140)) - node0 Scavenging every 600000ms
2020-04-24 20:27:13,356 [main] INFO  handler.ContextHandler (ContextHandler.java:doStart(825)) - Started o.e.j.s.ServletContextHandler@667e412a{logs,/logs,file:///github/workspace/mnt/ozone/hadoop-ozone/integration-test/target/log,AVAILABLE}
2020-04-24 20:27:13,356 [main] INFO  handler.ContextHandler (ContextHandler.java:doStart(825)) - Started o.e.j.s.ServletContextHandler@1fb6a13a{static,/static,file:///github/workspace/mnt/ozone/hadoop-ozone/integration-test/target/test-classes/webapps/static,AVAILABLE}
2020-04-24 20:27:13,364 [main] INFO  handler.ContextHandler (ContextHandler.java:doStart(825)) - Started o.e.j.w.WebAppContext@2d388ef6{ozoneManager,/,file:///github/workspace/mnt/ozone/hadoop-ozone/integration-test/target/test-classes/webapps/ozoneManager/,AVAILABLE}{file:/github/workspace/mnt/ozone/hadoop-ozone/integration-test/target/test-classes/webapps/ozoneManager}
2020-04-24 20:27:13,367 [main] INFO  server.AbstractConnector (AbstractConnector.java:doStart(330)) - Started ServerConnector@874b453{HTTP/1.1,[http/1.1]}{0.0.0.0:33871}
2020-04-24 20:27:13,368 [main] INFO  server.Server (Server.java:doStart(399)) - Started @6157ms
2020-04-24 20:27:13,369 [main] WARN  impl.MetricsSystemImpl (MetricsSystemImpl.java:register(276)) - Sink prometheus already exists!
2020-04-24 20:27:13,374 [main] INFO  http.BaseHttpServer (BaseHttpServer.java:updateConnectorAddress(288)) - HTTP server of ozoneManager listening at http://0.0.0.0:33871
2020-04-24 20:27:13,550 [main] INFO  metrics.MetricRegistries (MetricRegistriesLoader.java:load(64)) - Loaded MetricRegistries class org.apache.ratis.metrics.impl.MetricRegistriesImpl
2020-04-24 20:27:13,552 [main] INFO  impl.MetricsSystemImpl (MetricsSystemImpl.java:init(158)) - HddsDatanode metrics system started (again)
2020-04-24 20:27:13,642 [main] INFO  ozone.HddsDatanodeService (HddsDatanodeService.java:start(204)) - HddsDatanodeService host:7f15249d6341 ip:172.17.0.2
2020-04-24 20:27:13,692 [main] INFO  volume.HddsVolume (HddsVolume.java:<init>(176)) - Creating Volume: /github/workspace/mnt/ozone/hadoop-ozone/integration-test/target/test-dir/MiniOzoneClusterImpl-d6dadc52-2dce-4330-b064-6fa024a66247/datanode-0/data-0/containers/hdds of storage type : DISK and capacity : 9223372036854775807
2020-04-24 20:27:13,696 [main] INFO  volume.MutableVolumeSet (MutableVolumeSet.java:initializeVolumeSet(189)) - Added Volume : /github/workspace/mnt/ozone/hadoop-ozone/integration-test/target/test-dir/MiniOzoneClusterImpl-d6dadc52-2dce-4330-b064-6fa024a66247/datanode-0/data-0/containers/hdds to VolumeSet
2020-04-24 20:27:13,699 [main] INFO  volume.ThrottledAsyncChecker (ThrottledAsyncChecker.java:schedule(141)) - Scheduling a check for /github/workspace/mnt/ozone/hadoop-ozone/integration-test/target/test-dir/MiniOzoneClusterImpl-d6dadc52-2dce-4330-b064-6fa024a66247/datanode-0/data-0/containers/hdds
2020-04-24 20:27:13,726 [main] INFO  volume.HddsVolumeChecker (HddsVolumeChecker.java:checkAllVolumes(200)) - Scheduled health check for volume /github/workspace/mnt/ozone/hadoop-ozone/integration-test/target/test-dir/MiniOzoneClusterImpl-d6dadc52-2dce-4330-b064-6fa024a66247/datanode-0/data-0/containers/hdds
2020-04-24 20:27:14,000 [main] INFO  impl.RaftServerProxy (ConfUtils.java:logGet(44)) - raft.rpc.type = GRPC (default)
2020-04-24 20:27:14,122 [main] INFO  grpc.GrpcFactory (GrpcFactory.java:checkPooledByteBufAllocatorUseCacheForAllThreads(45)) - PERFORMANCE WARNING: useCacheForAllThreads is true that may cause Netty to create a lot garbage objects and, as a result, trigger GC.
	It is recommended to disable useCacheForAllThreads by setting -Dorg.apache.ratis.thirdparty.io.netty.allocator.useCacheForAllThreads=false in command line.
2020-04-24 20:27:14,128 [main] INFO  grpc.GrpcConfigKeys (ConfUtils.java:logGet(44)) - raft.grpc.server.port = 0 (default)
2020-04-24 20:27:14,130 [main] INFO  server.GrpcService (ConfUtils.java:logGet(44)) - raft.grpc.message.size.max = 32MB (=33554432) (custom)
2020-04-24 20:27:14,132 [main] INFO  server.RaftServerConfigKeys (ConfUtils.java:logGet(44)) - raft.server.log.appender.buffer.byte-limit = 33554432 (custom)
2020-04-24 20:27:14,133 [main] INFO  server.GrpcService (ConfUtils.java:logGet(44)) - raft.grpc.flow.control.window = 5MB (=5242880) (custom)
2020-04-24 20:27:14,134 [main] INFO  server.RaftServerConfigKeys (ConfUtils.java:logGet(44)) - raft.server.rpc.request.timeout = 3s (default)
2020-04-24 20:27:14,505 [main] INFO  server.RaftServerConfigKeys (ConfUtils.java:logGet(44)) - raft.server.storage.dir = [/github/workspace/mnt/ozone/hadoop-ozone/integration-test/target/test-dir/MiniOzoneClusterImpl-d6dadc52-2dce-4330-b064-6fa024a66247/datanode-0/data/ratis] (custom)
2020-04-24 20:27:14,601 [main] INFO  http.BaseHttpServer (BaseHttpServer.java:newHttpServer2BuilderForOzone(174)) - Starting Web-server for hddsDatanode at: http://0.0.0.0:0
2020-04-24 20:27:14,611 [main] INFO  server.AuthenticationFilter (AuthenticationFilter.java:constructSecretProvider(240)) - Unable to initialize FileSignerSecretProvider, falling back to use random secrets.
2020-04-24 20:27:14,612 [main] WARN  http.HttpRequestLog (HttpRequestLog.java:getRequestLog(103)) - Jetty request log can only be enabled using Log4j
2020-04-24 20:27:14,613 [main] INFO  http.HttpServer2 (HttpServer2.java:addGlobalFilter(979)) - Added global filter 'safety' (class=org.apache.hadoop.hdds.server.http.HttpServer2$QuotingInputFilter)
2020-04-24 20:27:14,614 [main] INFO  http.HttpServer2 (HttpServer2.java:addFilter(955)) - Added filter static_user_filter (class=org.apache.hadoop.hdds.server.http.StaticUserWebFilter$StaticUserFilter) to context hddsDatanode
2020-04-24 20:27:14,614 [main] INFO  http.HttpServer2 (HttpServer2.java:addFilter(963)) - Added filter static_user_filter (class=org.apache.hadoop.hdds.server.http.StaticUserWebFilter$StaticUserFilter) to context static
2020-04-24 20:27:14,614 [main] INFO  http.HttpServer2 (HttpServer2.java:addFilter(963)) - Added filter static_user_filter (class=org.apache.hadoop.hdds.server.http.StaticUserWebFilter$StaticUserFilter) to context logs
2020-04-24 20:27:14,615 [main] INFO  http.HttpServer2 (HttpServer2.java:bindListener(1197)) - Jetty bound to port 37351
2020-04-24 20:27:14,615 [main] INFO  server.Server (Server.java:doStart(359)) - jetty-9.4.26.v20200117; built: 2020-01-17T12:35:33.676Z; git: 7b38981d25d14afb4a12ff1f2596756144edf695; jvm 1.8.0_232-b09
2020-04-24 20:27:14,620 [main] INFO  server.session (DefaultSessionIdManager.java:doStart(333)) - DefaultSessionIdManager workerName=node0
2020-04-24 20:27:14,620 [main] INFO  server.session (DefaultSessionIdManager.java:doStart(338)) - No SessionScavenger set, using defaults
2020-04-24 20:27:14,621 [main] INFO  server.session (HouseKeeper.java:startScavenging(140)) - node0 Scavenging every 600000ms
2020-04-24 20:27:14,621 [main] INFO  handler.ContextHandler (ContextHandler.java:doStart(825)) - Started o.e.j.s.ServletContextHandler@3f049669{logs,/logs,file:///github/workspace/mnt/ozone/hadoop-ozone/integration-test/target/log,AVAILABLE}
2020-04-24 20:27:14,622 [main] INFO  handler.ContextHandler (ContextHandler.java:doStart(825)) - Started o.e.j.s.ServletContextHandler@21117f10{static,/static,jar:file:/home/user/.m2/repository/org/apache/hadoop/hadoop-hdds-container-service/0.6.0-SNAPSHOT/hadoop-hdds-container-service-0.6.0-SNAPSHOT.jar!/webapps/static,AVAILABLE}
2020-04-24 20:27:14,658 [main] INFO  handler.ContextHandler (ContextHandler.java:doStart(825)) - Started o.e.j.w.WebAppContext@3a0b81da{hddsDatanode,/,file:///tmp/jetty-0_0_0_0-37351-hadoop-hdds-container-service-0_6_0-SNAPSHOT_jar-_-any-518814893552882067.dir/webapp/,AVAILABLE}{jar:file:/home/user/.m2/repository/org/apache/hadoop/hadoop-hdds-container-service/0.6.0-SNAPSHOT/hadoop-hdds-container-service-0.6.0-SNAPSHOT.jar!/webapps/hddsDatanode}
2020-04-24 20:27:14,660 [main] INFO  server.AbstractConnector (AbstractConnector.java:doStart(330)) - Started ServerConnector@3fe5026{HTTP/1.1,[http/1.1]}{0.0.0.0:37351}
2020-04-24 20:27:14,660 [main] INFO  server.Server (Server.java:doStart(399)) - Started @7450ms
2020-04-24 20:27:14,661 [main] WARN  impl.MetricsSystemImpl (MetricsSystemImpl.java:register(276)) - Sink prometheus already exists!
2020-04-24 20:27:14,665 [main] INFO  http.BaseHttpServer (BaseHttpServer.java:updateConnectorAddress(288)) - HTTP server of hddsDatanode listening at http://0.0.0.0:37351
2020-04-24 20:27:14,666 [main] INFO  impl.MetricsSystemImpl (MetricsSystemImpl.java:init(158)) - HddsDatanode metrics system started (again)
2020-04-24 20:27:14,668 [main] INFO  ozone.HddsDatanodeService (HddsDatanodeService.java:start(204)) - HddsDatanodeService host:7f15249d6341 ip:172.17.0.2
2020-04-24 20:27:14,670 [main] INFO  volume.HddsVolume (HddsVolume.java:<init>(176)) - Creating Volume: /github/workspace/mnt/ozone/hadoop-ozone/integration-test/target/test-dir/MiniOzoneClusterImpl-d6dadc52-2dce-4330-b064-6fa024a66247/datanode-1/data-0/containers/hdds of storage type : DISK and capacity : 9223372036854775807
2020-04-24 20:27:14,670 [main] INFO  volume.MutableVolumeSet (MutableVolumeSet.java:initializeVolumeSet(189)) - Added Volume : /github/workspace/mnt/ozone/hadoop-ozone/integration-test/target/test-dir/MiniOzoneClusterImpl-d6dadc52-2dce-4330-b064-6fa024a66247/datanode-1/data-0/containers/hdds to VolumeSet
2020-04-24 20:27:14,670 [main] INFO  volume.ThrottledAsyncChecker (ThrottledAsyncChecker.java:schedule(141)) - Scheduling a check for /github/workspace/mnt/ozone/hadoop-ozone/integration-test/target/test-dir/MiniOzoneClusterImpl-d6dadc52-2dce-4330-b064-6fa024a66247/datanode-1/data-0/containers/hdds
2020-04-24 20:27:14,671 [main] INFO  volume.HddsVolumeChecker (HddsVolumeChecker.java:checkAllVolumes(200)) - Scheduled health check for volume /github/workspace/mnt/ozone/hadoop-ozone/integration-test/target/test-dir/MiniOzoneClusterImpl-d6dadc52-2dce-4330-b064-6fa024a66247/datanode-1/data-0/containers/hdds
2020-04-24 20:27:14,714 [main] INFO  impl.RaftServerProxy (ConfUtils.java:logGet(44)) - raft.rpc.type = GRPC (default)
2020-04-24 20:27:14,714 [main] INFO  grpc.GrpcFactory (GrpcFactory.java:checkPooledByteBufAllocatorUseCacheForAllThreads(45)) - PERFORMANCE WARNING: useCacheForAllThreads is true that may cause Netty to create a lot garbage objects and, as a result, trigger GC.
	It is recommended to disable useCacheForAllThreads by setting -Dorg.apache.ratis.thirdparty.io.netty.allocator.useCacheForAllThreads=false in command line.
2020-04-24 20:27:14,723 [main] INFO  grpc.GrpcConfigKeys (ConfUtils.java:logGet(44)) - raft.grpc.server.port = 0 (default)
2020-04-24 20:27:14,723 [main] INFO  server.GrpcService (ConfUtils.java:logGet(44)) - raft.grpc.message.size.max = 32MB (=33554432) (custom)
2020-04-24 20:27:14,723 [main] INFO  server.RaftServerConfigKeys (ConfUtils.java:logGet(44)) - raft.server.log.appender.buffer.byte-limit = 33554432 (custom)
2020-04-24 20:27:14,723 [main] INFO  server.GrpcService (ConfUtils.java:logGet(44)) - raft.grpc.flow.control.window = 5MB (=5242880) (custom)
2020-04-24 20:27:14,724 [main] INFO  server.RaftServerConfigKeys (ConfUtils.java:logGet(44)) - raft.server.rpc.request.timeout = 3s (default)
2020-04-24 20:27:14,724 [main] INFO  server.RaftServerConfigKeys (ConfUtils.java:logGet(44)) - raft.server.storage.dir = [/github/workspace/mnt/ozone/hadoop-ozone/integration-test/target/test-dir/MiniOzoneClusterImpl-d6dadc52-2dce-4330-b064-6fa024a66247/datanode-1/data/ratis] (custom)
2020-04-24 20:27:14,725 [org.apache.hadoop.util.JvmPauseMonitor$Monitor@fcb14c] INFO  util.JvmPauseMonitor (JvmPauseMonitor.java:run(188)) - Starting JVM pause monitor
2020-04-24 20:27:14,730 [main] INFO  http.BaseHttpServer (BaseHttpServer.java:newHttpServer2BuilderForOzone(174)) - Starting Web-server for hddsDatanode at: http://0.0.0.0:0
2020-04-24 20:27:14,732 [main] INFO  server.AuthenticationFilter (AuthenticationFilter.java:constructSecretProvider(240)) - Unable to initialize FileSignerSecretProvider, falling back to use random secrets.
2020-04-24 20:27:14,739 [main] WARN  http.HttpRequestLog (HttpRequestLog.java:getRequestLog(103)) - Jetty request log can only be enabled using Log4j
2020-04-24 20:27:14,740 [main] INFO  http.HttpServer2 (HttpServer2.java:addGlobalFilter(979)) - Added global filter 'safety' (class=org.apache.hadoop.hdds.server.http.HttpServer2$QuotingInputFilter)
2020-04-24 20:27:14,741 [main] INFO  http.HttpServer2 (HttpServer2.java:addFilter(955)) - Added filter static_user_filter (class=org.apache.hadoop.hdds.server.http.StaticUserWebFilter$StaticUserFilter) to context hddsDatanode
2020-04-24 20:27:14,741 [main] INFO  http.HttpServer2 (HttpServer2.java:addFilter(963)) - Added filter static_user_filter (class=org.apache.hadoop.hdds.server.http.StaticUserWebFilter$StaticUserFilter) to context logs
2020-04-24 20:27:14,741 [main] INFO  http.HttpServer2 (HttpServer2.java:addFilter(963)) - Added filter static_user_filter (class=org.apache.hadoop.hdds.server.http.StaticUserWebFilter$StaticUserFilter) to context static
2020-04-24 20:27:14,742 [main] INFO  http.HttpServer2 (HttpServer2.java:bindListener(1197)) - Jetty bound to port 38109
2020-04-24 20:27:14,742 [main] INFO  server.Server (Server.java:doStart(359)) - jetty-9.4.26.v20200117; built: 2020-01-17T12:35:33.676Z; git: 7b38981d25d14afb4a12ff1f2596756144edf695; jvm 1.8.0_232-b09
2020-04-24 20:27:14,772 [main] INFO  server.session (DefaultSessionIdManager.java:doStart(333)) - DefaultSessionIdManager workerName=node0
2020-04-24 20:27:14,772 [main] INFO  server.session (DefaultSessionIdManager.java:doStart(338)) - No SessionScavenger set, using defaults
2020-04-24 20:27:14,773 [main] INFO  server.session (HouseKeeper.java:startScavenging(140)) - node0 Scavenging every 600000ms
2020-04-24 20:27:14,776 [main] INFO  handler.ContextHandler (ContextHandler.java:doStart(825)) - Started o.e.j.s.ServletContextHandler@29d4dea2{logs,/logs,file:///github/workspace/mnt/ozone/hadoop-ozone/integration-test/target/log,AVAILABLE}
2020-04-24 20:27:14,776 [main] INFO  handler.ContextHandler (ContextHandler.java:doStart(825)) - Started o.e.j.s.ServletContextHandler@4f6dbb7a{static,/static,jar:file:/home/user/.m2/repository/org/apache/hadoop/hadoop-hdds-container-service/0.6.0-SNAPSHOT/hadoop-hdds-container-service-0.6.0-SNAPSHOT.jar!/webapps/static,AVAILABLE}
2020-04-24 20:27:14,843 [main] INFO  handler.ContextHandler (ContextHandler.java:doStart(825)) - Started o.e.j.w.WebAppContext@1f7fe2ec{hddsDatanode,/,file:///tmp/jetty-0_0_0_0-38109-hadoop-hdds-container-service-0_6_0-SNAPSHOT_jar-_-any-4882797595784735941.dir/webapp/,AVAILABLE}{jar:file:/home/user/.m2/repository/org/apache/hadoop/hadoop-hdds-container-service/0.6.0-SNAPSHOT/hadoop-hdds-container-service-0.6.0-SNAPSHOT.jar!/webapps/hddsDatanode}
2020-04-24 20:27:14,848 [main] INFO  server.AbstractConnector (AbstractConnector.java:doStart(330)) - Started ServerConnector@4ae0efcc{HTTP/1.1,[http/1.1]}{0.0.0.0:38109}
2020-04-24 20:27:14,848 [main] INFO  server.Server (Server.java:doStart(399)) - Started @7637ms
2020-04-24 20:27:14,848 [main] WARN  impl.MetricsSystemImpl (MetricsSystemImpl.java:register(276)) - Sink prometheus already exists!
2020-04-24 20:27:14,853 [main] INFO  http.BaseHttpServer (BaseHttpServer.java:updateConnectorAddress(288)) - HTTP server of hddsDatanode listening at http://0.0.0.0:38109
2020-04-24 20:27:14,863 [main] INFO  impl.MetricsSystemImpl (MetricsSystemImpl.java:init(158)) - HddsDatanode metrics system started (again)
2020-04-24 20:27:14,865 [main] INFO  ozone.HddsDatanodeService (HddsDatanodeService.java:start(204)) - HddsDatanodeService host:7f15249d6341 ip:172.17.0.2
2020-04-24 20:27:14,867 [main] INFO  volume.HddsVolume (HddsVolume.java:<init>(176)) - Creating Volume: /github/workspace/mnt/ozone/hadoop-ozone/integration-test/target/test-dir/MiniOzoneClusterImpl-d6dadc52-2dce-4330-b064-6fa024a66247/datanode-2/data-0/containers/hdds of storage type : DISK and capacity : 9223372036854775807
2020-04-24 20:27:14,867 [main] INFO  volume.MutableVolumeSet (MutableVolumeSet.java:initializeVolumeSet(189)) - Added Volume : /github/workspace/mnt/ozone/hadoop-ozone/integration-test/target/test-dir/MiniOzoneClusterImpl-d6dadc52-2dce-4330-b064-6fa024a66247/datanode-2/data-0/containers/hdds to VolumeSet
2020-04-24 20:27:14,867 [main] INFO  volume.ThrottledAsyncChecker (ThrottledAsyncChecker.java:schedule(141)) - Scheduling a check for /github/workspace/mnt/ozone/hadoop-ozone/integration-test/target/test-dir/MiniOzoneClusterImpl-d6dadc52-2dce-4330-b064-6fa024a66247/datanode-2/data-0/containers/hdds
2020-04-24 20:27:14,872 [main] INFO  volume.HddsVolumeChecker (HddsVolumeChecker.java:checkAllVolumes(200)) - Scheduled health check for volume /github/workspace/mnt/ozone/hadoop-ozone/integration-test/target/test-dir/MiniOzoneClusterImpl-d6dadc52-2dce-4330-b064-6fa024a66247/datanode-2/data-0/containers/hdds
2020-04-24 20:27:14,934 [org.apache.hadoop.util.JvmPauseMonitor$Monitor@3111e408] INFO  util.JvmPauseMonitor (JvmPauseMonitor.java:run(188)) - Starting JVM pause monitor
2020-04-24 20:27:14,957 [main] INFO  impl.RaftServerProxy (ConfUtils.java:logGet(44)) - raft.rpc.type = GRPC (default)
2020-04-24 20:27:14,957 [main] INFO  grpc.GrpcFactory (GrpcFactory.java:checkPooledByteBufAllocatorUseCacheForAllThreads(45)) - PERFORMANCE WARNING: useCacheForAllThreads is true that may cause Netty to create a lot garbage objects and, as a result, trigger GC.
	It is recommended to disable useCacheForAllThreads by setting -Dorg.apache.ratis.thirdparty.io.netty.allocator.useCacheForAllThreads=false in command line.
2020-04-24 20:27:14,958 [main] INFO  grpc.GrpcConfigKeys (ConfUtils.java:logGet(44)) - raft.grpc.server.port = 0 (default)
2020-04-24 20:27:14,959 [main] INFO  server.GrpcService (ConfUtils.java:logGet(44)) - raft.grpc.message.size.max = 32MB (=33554432) (custom)
2020-04-24 20:27:14,959 [main] INFO  server.RaftServerConfigKeys (ConfUtils.java:logGet(44)) - raft.server.log.appender.buffer.byte-limit = 33554432 (custom)
2020-04-24 20:27:14,959 [main] INFO  server.GrpcService (ConfUtils.java:logGet(44)) - raft.grpc.flow.control.window = 5MB (=5242880) (custom)
2020-04-24 20:27:14,960 [main] INFO  server.RaftServerConfigKeys (ConfUtils.java:logGet(44)) - raft.server.rpc.request.timeout = 3s (default)
2020-04-24 20:27:14,960 [main] INFO  server.RaftServerConfigKeys (ConfUtils.java:logGet(44)) - raft.server.storage.dir = [/github/workspace/mnt/ozone/hadoop-ozone/integration-test/target/test-dir/MiniOzoneClusterImpl-d6dadc52-2dce-4330-b064-6fa024a66247/datanode-2/data/ratis] (custom)
2020-04-24 20:27:14,969 [main] INFO  http.BaseHttpServer (BaseHttpServer.java:newHttpServer2BuilderForOzone(174)) - Starting Web-server for hddsDatanode at: http://0.0.0.0:0
2020-04-24 20:27:14,972 [main] INFO  server.AuthenticationFilter (AuthenticationFilter.java:constructSecretProvider(240)) - Unable to initialize FileSignerSecretProvider, falling back to use random secrets.
2020-04-24 20:27:14,976 [Datanode State Machine Thread - 0] INFO  datanode.InitDatanodeState (InitDatanodeState.java:persistContainerDatanodeDetails(145)) - DatanodeDetails is persisted to /github/workspace/mnt/ozone/hadoop-ozone/integration-test/target/test-dir/MiniOzoneClusterImpl-d6dadc52-2dce-4330-b064-6fa024a66247/datanode-0/meta/datanode.id
2020-04-24 20:27:14,976 [main] WARN  http.HttpRequestLog (HttpRequestLog.java:getRequestLog(103)) - Jetty request log can only be enabled using Log4j
2020-04-24 20:27:14,980 [Datanode State Machine Thread - 0] INFO  datanode.InitDatanodeState (InitDatanodeState.java:persistContainerDatanodeDetails(145)) - DatanodeDetails is persisted to /github/workspace/mnt/ozone/hadoop-ozone/integration-test/target/test-dir/MiniOzoneClusterImpl-d6dadc52-2dce-4330-b064-6fa024a66247/datanode-1/meta/datanode.id
2020-04-24 20:27:14,982 [main] INFO  http.HttpServer2 (HttpServer2.java:addGlobalFilter(979)) - Added global filter 'safety' (class=org.apache.hadoop.hdds.server.http.HttpServer2$QuotingInputFilter)
2020-04-24 20:27:14,983 [main] INFO  http.HttpServer2 (HttpServer2.java:addFilter(955)) - Added filter static_user_filter (class=org.apache.hadoop.hdds.server.http.StaticUserWebFilter$StaticUserFilter) to context hddsDatanode
2020-04-24 20:27:14,983 [main] INFO  http.HttpServer2 (HttpServer2.java:addFilter(963)) - Added filter static_user_filter (class=org.apache.hadoop.hdds.server.http.StaticUserWebFilter$StaticUserFilter) to context logs
2020-04-24 20:27:14,983 [main] INFO  http.HttpServer2 (HttpServer2.java:addFilter(963)) - Added filter static_user_filter (class=org.apache.hadoop.hdds.server.http.StaticUserWebFilter$StaticUserFilter) to context static
2020-04-24 20:27:14,984 [main] INFO  http.HttpServer2 (HttpServer2.java:bindListener(1197)) - Jetty bound to port 33949
2020-04-24 20:27:14,984 [main] INFO  server.Server (Server.java:doStart(359)) - jetty-9.4.26.v20200117; built: 2020-01-17T12:35:33.676Z; git: 7b38981d25d14afb4a12ff1f2596756144edf695; jvm 1.8.0_232-b09
2020-04-24 20:27:15,000 [main] INFO  server.session (DefaultSessionIdManager.java:doStart(333)) - DefaultSessionIdManager workerName=node0
2020-04-24 20:27:15,000 [main] INFO  server.session (DefaultSessionIdManager.java:doStart(338)) - No SessionScavenger set, using defaults
2020-04-24 20:27:15,001 [main] INFO  server.session (HouseKeeper.java:startScavenging(140)) - node0 Scavenging every 600000ms
2020-04-24 20:27:15,003 [main] INFO  handler.ContextHandler (ContextHandler.java:doStart(825)) - Started o.e.j.s.ServletContextHandler@69ab1ec8{logs,/logs,file:///github/workspace/mnt/ozone/hadoop-ozone/integration-test/target/log,AVAILABLE}
2020-04-24 20:27:15,003 [main] INFO  handler.ContextHandler (ContextHandler.java:doStart(825)) - Started o.e.j.s.ServletContextHandler@308c64f2{static,/static,jar:file:/home/user/.m2/repository/org/apache/hadoop/hadoop-hdds-container-service/0.6.0-SNAPSHOT/hadoop-hdds-container-service-0.6.0-SNAPSHOT.jar!/webapps/static,AVAILABLE}
2020-04-24 20:27:15,038 [main] INFO  handler.ContextHandler (ContextHandler.java:doStart(825)) - Started o.e.j.w.WebAppContext@14e6dbb6{hddsDatanode,/,file:///tmp/jetty-0_0_0_0-33949-hadoop-hdds-container-service-0_6_0-SNAPSHOT_jar-_-any-2120493865472521408.dir/webapp/,AVAILABLE}{jar:file:/home/user/.m2/repository/org/apache/hadoop/hadoop-hdds-container-service/0.6.0-SNAPSHOT/hadoop-hdds-container-service-0.6.0-SNAPSHOT.jar!/webapps/hddsDatanode}
2020-04-24 20:27:15,040 [main] INFO  server.AbstractConnector (AbstractConnector.java:doStart(330)) - Started ServerConnector@74196470{HTTP/1.1,[http/1.1]}{0.0.0.0:33949}
2020-04-24 20:27:15,041 [main] INFO  server.Server (Server.java:doStart(399)) - Started @7830ms
2020-04-24 20:27:15,041 [main] WARN  impl.MetricsSystemImpl (MetricsSystemImpl.java:register(276)) - Sink prometheus already exists!
2020-04-24 20:27:15,046 [main] INFO  http.BaseHttpServer (BaseHttpServer.java:updateConnectorAddress(288)) - HTTP server of hddsDatanode listening at http://0.0.0.0:33949
2020-04-24 20:27:15,047 [main] INFO  ozone.MiniOzoneClusterImpl (MiniOzoneClusterImpl.java:lambda$waitForClusterToBeReady$0(177)) - Waiting for nodes to be ready. Got 0 of 3 DN Heartbeats.
2020-04-24 20:27:15,047 [main] INFO  ozone.MiniOzoneClusterImpl (MiniOzoneClusterImpl.java:lambda$waitForClusterToBeReady$0(180)) - Waiting for cluster to exit safe mode
2020-04-24 20:27:15,067 [org.apache.hadoop.util.JvmPauseMonitor$Monitor@5fbf40ad] INFO  util.JvmPauseMonitor (JvmPauseMonitor.java:run(188)) - Starting JVM pause monitor
2020-04-24 20:27:15,068 [Datanode State Machine Thread - 0] INFO  datanode.InitDatanodeState (InitDatanodeState.java:persistContainerDatanodeDetails(145)) - DatanodeDetails is persisted to /github/workspace/mnt/ozone/hadoop-ozone/integration-test/target/test-dir/MiniOzoneClusterImpl-d6dadc52-2dce-4330-b064-6fa024a66247/datanode-2/meta/datanode.id
2020-04-24 20:27:16,048 [main] INFO  ozone.MiniOzoneClusterImpl (MiniOzoneClusterImpl.java:lambda$waitForClusterToBeReady$0(177)) - Waiting for nodes to be ready. Got 0 of 3 DN Heartbeats.
2020-04-24 20:27:16,048 [main] INFO  ozone.MiniOzoneClusterImpl (MiniOzoneClusterImpl.java:lambda$waitForClusterToBeReady$0(180)) - Waiting for cluster to exit safe mode
2020-04-24 20:27:16,797 [Datanode State Machine Thread - 0] INFO  ozoneimpl.OzoneContainer (OzoneContainer.java:start(232)) - Attempting to start container services.
2020-04-24 20:27:16,798 [Datanode State Machine Thread - 0] INFO  ozoneimpl.OzoneContainer (OzoneContainer.java:startContainerScrub(196)) - Background container scanner has been disabled.
2020-04-24 20:27:16,798 [Datanode State Machine Thread - 0] INFO  ratis.XceiverServerRatis (XceiverServerRatis.java:start(424)) - Starting XceiverServerRatis e6a39719-41af-45a0-9aba-12a9942a83ed at port 0
2020-04-24 20:27:16,822 [Datanode State Machine Thread - 0] INFO  impl.RaftServerProxy (RaftServerProxy.java:lambda$start$3(299)) - e6a39719-41af-45a0-9aba-12a9942a83ed: start RPC server
2020-04-24 20:27:16,949 [Datanode State Machine Thread - 0] INFO  server.GrpcService (GrpcService.java:startImpl(159)) - e6a39719-41af-45a0-9aba-12a9942a83ed: GrpcService started, listening on 0.0.0.0/0.0.0.0:41865
2020-04-24 20:27:16,950 [Datanode State Machine Thread - 0] INFO  ratis.XceiverServerRatis (XceiverServerRatis.java:start(436)) - XceiverServerRatis e6a39719-41af-45a0-9aba-12a9942a83ed is started using port 41865
2020-04-24 20:27:16,953 [Datanode State Machine Thread - 0] INFO  server.XceiverServerGrpc (XceiverServerGrpc.java:start(145)) - XceiverServerGrpc e6a39719-41af-45a0-9aba-12a9942a83ed is started using port 43549
2020-04-24 20:27:16,959 [Datanode State Machine Thread - 0] INFO  ozoneimpl.OzoneContainer (OzoneContainer.java:start(232)) - Attempting to start container services.
2020-04-24 20:27:16,974 [Datanode State Machine Thread - 0] INFO  ozoneimpl.OzoneContainer (OzoneContainer.java:startContainerScrub(196)) - Background container scanner has been disabled.
2020-04-24 20:27:16,975 [Datanode State Machine Thread - 0] INFO  ratis.XceiverServerRatis (XceiverServerRatis.java:start(424)) - Starting XceiverServerRatis eb380d38-0563-4e7d-87d8-298c42025015 at port 0
2020-04-24 20:27:16,977 [Datanode State Machine Thread - 0] INFO  impl.RaftServerProxy (RaftServerProxy.java:lambda$start$3(299)) - eb380d38-0563-4e7d-87d8-298c42025015: start RPC server
2020-04-24 20:27:16,979 [Datanode State Machine Thread - 0] INFO  server.GrpcService (GrpcService.java:startImpl(159)) - eb380d38-0563-4e7d-87d8-298c42025015: GrpcService started, listening on 0.0.0.0/0.0.0.0:33061
2020-04-24 20:27:16,979 [Datanode State Machine Thread - 0] INFO  ratis.XceiverServerRatis (XceiverServerRatis.java:start(436)) - XceiverServerRatis eb380d38-0563-4e7d-87d8-298c42025015 is started using port 33061
2020-04-24 20:27:16,980 [Datanode State Machine Thread - 0] INFO  server.XceiverServerGrpc (XceiverServerGrpc.java:start(145)) - XceiverServerGrpc eb380d38-0563-4e7d-87d8-298c42025015 is started using port 35451
2020-04-24 20:27:17,048 [main] INFO  ozone.MiniOzoneClusterImpl (MiniOzoneClusterImpl.java:lambda$waitForClusterToBeReady$0(177)) - Waiting for nodes to be ready. Got 0 of 3 DN Heartbeats.
2020-04-24 20:27:17,049 [main] INFO  ozone.MiniOzoneClusterImpl (MiniOzoneClusterImpl.java:lambda$waitForClusterToBeReady$0(180)) - Waiting for cluster to exit safe mode
2020-04-24 20:27:17,064 [Datanode State Machine Thread - 0] INFO  ozoneimpl.OzoneContainer (OzoneContainer.java:start(232)) - Attempting to start container services.
2020-04-24 20:27:17,065 [Datanode State Machine Thread - 0] INFO  ozoneimpl.OzoneContainer (OzoneContainer.java:startContainerScrub(196)) - Background container scanner has been disabled.
2020-04-24 20:27:17,065 [Datanode State Machine Thread - 0] INFO  ratis.XceiverServerRatis (XceiverServerRatis.java:start(424)) - Starting XceiverServerRatis 31449f8f-ec1f-4ac2-83ad-66a60b16ee32 at port 0
2020-04-24 20:27:17,067 [Datanode State Machine Thread - 0] INFO  impl.RaftServerProxy (RaftServerProxy.java:lambda$start$3(299)) - 31449f8f-ec1f-4ac2-83ad-66a60b16ee32: start RPC server
2020-04-24 20:27:17,096 [Datanode State Machine Thread - 0] INFO  server.GrpcService (GrpcService.java:startImpl(159)) - 31449f8f-ec1f-4ac2-83ad-66a60b16ee32: GrpcService started, listening on 0.0.0.0/0.0.0.0:44567
2020-04-24 20:27:17,097 [Datanode State Machine Thread - 0] INFO  ratis.XceiverServerRatis (XceiverServerRatis.java:start(436)) - XceiverServerRatis 31449f8f-ec1f-4ac2-83ad-66a60b16ee32 is started using port 44567
2020-04-24 20:27:17,101 [Datanode State Machine Thread - 0] INFO  server.XceiverServerGrpc (XceiverServerGrpc.java:start(145)) - XceiverServerGrpc 31449f8f-ec1f-4ac2-83ad-66a60b16ee32 is started using port 37887
2020-04-24 20:27:18,049 [main] INFO  ozone.MiniOzoneClusterImpl (MiniOzoneClusterImpl.java:lambda$waitForClusterToBeReady$0(177)) - Waiting for nodes to be ready. Got 0 of 3 DN Heartbeats.
2020-04-24 20:27:18,049 [main] INFO  ozone.MiniOzoneClusterImpl (MiniOzoneClusterImpl.java:lambda$waitForClusterToBeReady$0(180)) - Waiting for cluster to exit safe mode
2020-04-24 20:27:18,742 [IPC Server handler 0 on 39263] INFO  net.NetworkTopology (NetworkTopologyImpl.java:add(111)) - Added a new node: /default-rack/e6a39719-41af-45a0-9aba-12a9942a83ed
2020-04-24 20:27:18,743 [IPC Server handler 0 on 39263] INFO  node.SCMNodeManager (SCMNodeManager.java:register(268)) - Registered Data node : e6a39719-41af-45a0-9aba-12a9942a83ed{ip: 172.17.0.2, host: 7f15249d6341, networkLocation: /default-rack, certSerialId: null}
2020-04-24 20:27:18,752 [EventQueue-NodeRegistrationContainerReportForContainerSafeModeRule] INFO  safemode.SCMSafeModeManager (SCMSafeModeManager.java:validateSafeModeExitRules(183)) - ContainerSafeModeRule rule is successfully validated
2020-04-24 20:27:18,754 [EventQueue-NodeRegistrationContainerReportForDataNodeSafeModeRule] INFO  safemode.SCMSafeModeManager (DataNodeSafeModeRule.java:process(71)) - SCM in safe mode. 1 DataNodes registered, 1 required.
2020-04-24 20:27:18,754 [EventQueue-NodeRegistrationContainerReportForDataNodeSafeModeRule] INFO  safemode.SCMSafeModeManager (SCMSafeModeManager.java:validateSafeModeExitRules(183)) - DataNodeSafeModeRule rule is successfully validated
2020-04-24 20:27:18,754 [EventQueue-NodeRegistrationContainerReportForDataNodeSafeModeRule] INFO  safemode.SCMSafeModeManager (SCMSafeModeManager.java:completePreCheck(211)) - All SCM safe mode pre check rules have passed
2020-04-24 20:27:18,762 [RatisPipelineUtilsThread] INFO  pipeline.RatisPipelineProvider (RatisPipelineProvider.java:lambda$create$0(138)) - Sending CreatePipelineCommand for pipeline:PipelineID=27d28a1c-0426-4cce-8a2d-fd91f710cc7f to datanode:e6a39719-41af-45a0-9aba-12a9942a83ed
2020-04-24 20:27:18,780 [RatisPipelineUtilsThread] INFO  pipeline.PipelineStateManager (PipelineStateManager.java:addPipeline(54)) - Created pipeline Pipeline[ Id: 27d28a1c-0426-4cce-8a2d-fd91f710cc7f, Nodes: e6a39719-41af-45a0-9aba-12a9942a83ed{ip: 172.17.0.2, host: 7f15249d6341, networkLocation: /default-rack, certSerialId: null}, Type:RATIS, Factor:ONE, State:ALLOCATED, leaderId:null, CreationTimestamp2020-04-24T20:27:18.756Z]
2020-04-24 20:27:18,784 [RatisPipelineUtilsThread] ERROR pipeline.SCMPipelineManager (SCMPipelineManager.java:createPipeline(222)) - Failed to create pipeline of type RATIS and factor ONE. Exception: Cannot create pipeline of factor 1 using 0 nodes. Used 1 nodes. Healthy nodes 1
2020-04-24 20:27:18,784 [RatisPipelineUtilsThread] ERROR pipeline.SCMPipelineManager (SCMPipelineManager.java:createPipeline(222)) - Failed to create pipeline of type RATIS and factor ONE. Exception: Cannot create pipeline of factor 1 using 0 nodes. Used 1 nodes. Healthy nodes 1
2020-04-24 20:27:18,784 [RatisPipelineUtilsThread] WARN  pipeline.PipelinePlacementPolicy (PipelinePlacementPolicy.java:filterViableNodes(132)) - Pipeline creation failed due to no sufficient healthy datanodes. Required 3. Found 1.
2020-04-24 20:27:18,785 [RatisPipelineUtilsThread] ERROR pipeline.SCMPipelineManager (SCMPipelineManager.java:createPipeline(222)) - Failed to create pipeline of type RATIS and factor THREE. Exception: Pipeline creation failed due to no sufficient healthy datanodes. Required 3. Found 1.
2020-04-24 20:27:18,950 [IPC Server handler 1 on 39263] INFO  net.NetworkTopology (NetworkTopologyImpl.java:add(111)) - Added a new node: /default-rack/eb380d38-0563-4e7d-87d8-298c42025015
2020-04-24 20:27:18,950 [IPC Server handler 1 on 39263] INFO  node.SCMNodeManager (SCMNodeManager.java:register(268)) - Registered Data node : eb380d38-0563-4e7d-87d8-298c42025015{ip: 172.17.0.2, host: 7f15249d6341, networkLocation: /default-rack, certSerialId: null}
2020-04-24 20:27:18,950 [EventQueue-NodeRegistrationContainerReportForDataNodeSafeModeRule] INFO  safemode.SCMSafeModeManager (SCMSafeModeManager.java:validateSafeModeExitRules(183)) - DataNodeSafeModeRule rule is successfully validated
2020-04-24 20:27:18,951 [EventQueue-NodeRegistrationContainerReportForContainerSafeModeRule] INFO  safemode.SCMSafeModeManager (SCMSafeModeManager.java:validateSafeModeExitRules(183)) - ContainerSafeModeRule rule is successfully validated
2020-04-24 20:27:18,952 [RatisPipelineUtilsThread] INFO  pipeline.RatisPipelineProvider (RatisPipelineProvider.java:lambda$create$0(138)) - Sending CreatePipelineCommand for pipeline:PipelineID=9e0bf22a-17e7-4691-8ba5-36f075596b20 to datanode:eb380d38-0563-4e7d-87d8-298c42025015
2020-04-24 20:27:18,953 [RatisPipelineUtilsThread] INFO  pipeline.PipelineStateManager (PipelineStateManager.java:addPipeline(54)) - Created pipeline Pipeline[ Id: 9e0bf22a-17e7-4691-8ba5-36f075596b20, Nodes: eb380d38-0563-4e7d-87d8-298c42025015{ip: 172.17.0.2, host: 7f15249d6341, networkLocation: /default-rack, certSerialId: null}, Type:RATIS, Factor:ONE, State:ALLOCATED, leaderId:null, CreationTimestamp2020-04-24T20:27:18.952Z]
2020-04-24 20:27:18,953 [RatisPipelineUtilsThread] ERROR pipeline.SCMPipelineManager (SCMPipelineManager.java:createPipeline(222)) - Failed to create pipeline of type RATIS and factor ONE. Exception: Cannot create pipeline of factor 1 using 0 nodes. Used 2 nodes. Healthy nodes 2
2020-04-24 20:27:18,954 [RatisPipelineUtilsThread] WARN  pipeline.PipelinePlacementPolicy (PipelinePlacementPolicy.java:filterViableNodes(132)) - Pipeline creation failed due to no sufficient healthy datanodes. Required 3. Found 2.
2020-04-24 20:27:18,954 [RatisPipelineUtilsThread] ERROR pipeline.SCMPipelineManager (SCMPipelineManager.java:createPipeline(222)) - Failed to create pipeline of type RATIS and factor THREE. Exception: Pipeline creation failed due to no sufficient healthy datanodes. Required 3. Found 2.
2020-04-24 20:27:19,050 [main] INFO  ozone.MiniOzoneClusterImpl (MiniOzoneClusterImpl.java:lambda$waitForClusterToBeReady$0(177)) - Waiting for nodes to be ready. Got 2 of 3 DN Heartbeats.
2020-04-24 20:27:19,050 [main] INFO  ozone.MiniOzoneClusterImpl (MiniOzoneClusterImpl.java:lambda$waitForClusterToBeReady$0(180)) - Waiting for cluster to exit safe mode
2020-04-24 20:27:19,062 [IPC Server handler 2 on 39263] INFO  net.NetworkTopology (NetworkTopologyImpl.java:add(111)) - Added a new node: /default-rack/31449f8f-ec1f-4ac2-83ad-66a60b16ee32
2020-04-24 20:27:19,062 [IPC Server handler 2 on 39263] INFO  node.SCMNodeManager (SCMNodeManager.java:register(268)) - Registered Data node : 31449f8f-ec1f-4ac2-83ad-66a60b16ee32{ip: 172.17.0.2, host: 7f15249d6341, networkLocation: /default-rack, certSerialId: null}
2020-04-24 20:27:19,062 [EventQueue-NodeRegistrationContainerReportForContainerSafeModeRule] INFO  safemode.SCMSafeModeManager (SCMSafeModeManager.java:validateSafeModeExitRules(183)) - ContainerSafeModeRule rule is successfully validated
2020-04-24 20:27:19,063 [EventQueue-NodeRegistrationContainerReportForDataNodeSafeModeRule] INFO  safemode.SCMSafeModeManager (SCMSafeModeManager.java:validateSafeModeExitRules(183)) - DataNodeSafeModeRule rule is successfully validated
2020-04-24 20:27:19,063 [RatisPipelineUtilsThread] INFO  pipeline.RatisPipelineProvider (RatisPipelineProvider.java:lambda$create$0(138)) - Sending CreatePipelineCommand for pipeline:PipelineID=05920762-c27b-4d4a-bd69-1ca70264d2aa to datanode:31449f8f-ec1f-4ac2-83ad-66a60b16ee32
2020-04-24 20:27:19,064 [RatisPipelineUtilsThread] INFO  pipeline.PipelineStateManager (PipelineStateManager.java:addPipeline(54)) - Created pipeline Pipeline[ Id: 05920762-c27b-4d4a-bd69-1ca70264d2aa, Nodes: 31449f8f-ec1f-4ac2-83ad-66a60b16ee32{ip: 172.17.0.2, host: 7f15249d6341, networkLocation: /default-rack, certSerialId: null}, Type:RATIS, Factor:ONE, State:ALLOCATED, leaderId:null, CreationTimestamp2020-04-24T20:27:19.063Z]
2020-04-24 20:27:19,065 [RatisPipelineUtilsThread] ERROR pipeline.SCMPipelineManager (SCMPipelineManager.java:createPipeline(222)) - Failed to create pipeline of type RATIS and factor ONE. Exception: Cannot create pipeline of factor 1 using 0 nodes. Used 3 nodes. Healthy nodes 3
2020-04-24 20:27:19,069 [RatisPipelineUtilsThread] INFO  pipeline.RatisPipelineProvider (RatisPipelineProvider.java:lambda$create$0(138)) - Sending CreatePipelineCommand for pipeline:PipelineID=44e8b8c5-2fb6-4cb8-aaea-0a20fca87539 to datanode:e6a39719-41af-45a0-9aba-12a9942a83ed
2020-04-24 20:27:19,069 [RatisPipelineUtilsThread] INFO  pipeline.RatisPipelineProvider (RatisPipelineProvider.java:lambda$create$0(138)) - Sending CreatePipelineCommand for pipeline:PipelineID=44e8b8c5-2fb6-4cb8-aaea-0a20fca87539 to datanode:31449f8f-ec1f-4ac2-83ad-66a60b16ee32
2020-04-24 20:27:19,069 [RatisPipelineUtilsThread] INFO  pipeline.RatisPipelineProvider (RatisPipelineProvider.java:lambda$create$0(138)) - Sending CreatePipelineCommand for pipeline:PipelineID=44e8b8c5-2fb6-4cb8-aaea-0a20fca87539 to datanode:eb380d38-0563-4e7d-87d8-298c42025015
2020-04-24 20:27:19,070 [RatisPipelineUtilsThread] INFO  pipeline.PipelineStateManager (PipelineStateManager.java:addPipeline(54)) - Created pipeline Pipeline[ Id: 44e8b8c5-2fb6-4cb8-aaea-0a20fca87539, Nodes: e6a39719-41af-45a0-9aba-12a9942a83ed{ip: 172.17.0.2, host: 7f15249d6341, networkLocation: /default-rack, certSerialId: null}31449f8f-ec1f-4ac2-83ad-66a60b16ee32{ip: 172.17.0.2, host: 7f15249d6341, networkLocation: /default-rack, certSerialId: null}eb380d38-0563-4e7d-87d8-298c42025015{ip: 172.17.0.2, host: 7f15249d6341, networkLocation: /default-rack, certSerialId: null}, Type:RATIS, Factor:THREE, State:ALLOCATED, leaderId:null, CreationTimestamp2020-04-24T20:27:19.069Z]
2020-04-24 20:27:19,070 [RatisPipelineUtilsThread] ERROR pipeline.SCMPipelineManager (SCMPipelineManager.java:createPipeline(222)) - Failed to create pipeline of type RATIS and factor THREE. Exception: Pipeline creation failed because nodes are engaged in other pipelines and every node can only be engaged in max 2 pipelines. Required 3. Found 0
2020-04-24 20:27:20,050 [main] INFO  ozone.MiniOzoneClusterImpl (MiniOzoneClusterImpl.java:lambda$waitForClusterToBeReady$0(177)) - Nodes are ready. Got 3 of 3 DN Heartbeats.
2020-04-24 20:27:20,051 [main] INFO  ozone.MiniOzoneClusterImpl (MiniOzoneClusterImpl.java:lambda$waitForClusterToBeReady$0(180)) - Waiting for cluster to exit safe mode
2020-04-24 20:27:21,052 [main] INFO  ozone.MiniOzoneClusterImpl (MiniOzoneClusterImpl.java:lambda$waitForClusterToBeReady$0(177)) - Nodes are ready. Got 3 of 3 DN Heartbeats.
2020-04-24 20:27:21,052 [main] INFO  ozone.MiniOzoneClusterImpl (MiniOzoneClusterImpl.java:lambda$waitForClusterToBeReady$0(180)) - Waiting for cluster to exit safe mode
2020-04-24 20:27:21,746 [Command processor thread] INFO  impl.RaftServerProxy (RaftServerProxy.java:addNew(89)) - e6a39719-41af-45a0-9aba-12a9942a83ed: addNew group-FD91F710CC7F:[e6a39719-41af-45a0-9aba-12a9942a83ed:172.17.0.2:41865] returns group-FD91F710CC7F:java.util.concurrent.CompletableFuture@42333202[Not completed]
2020-04-24 20:27:21,788 [pool-33-thread-1] INFO  impl.RaftServerImpl (RaftServerImpl.java:<init>(97)) - e6a39719-41af-45a0-9aba-12a9942a83ed: new RaftServerImpl for group-FD91F710CC7F:[e6a39719-41af-45a0-9aba-12a9942a83ed:172.17.0.2:41865] with ContainerStateMachine:uninitialized
2020-04-24 20:27:21,796 [pool-33-thread-1] INFO  server.RaftServerConfigKeys (ConfUtils.java:logGet(44)) - raft.server.rpc.timeout.min = 5s (custom)
2020-04-24 20:27:21,797 [pool-33-thread-1] INFO  server.RaftServerConfigKeys (ConfUtils.java:logGet(44)) - raft.server.rpc.timeout.max = 5200ms (custom)
2020-04-24 20:27:21,797 [pool-33-thread-1] INFO  server.RaftServerConfigKeys (ConfUtils.java:logGet(44)) - raft.server.rpcslowness.timeout = 300s (custom)
2020-04-24 20:27:21,798 [pool-33-thread-1] INFO  server.RaftServerConfigKeys (ConfUtils.java:logGet(44)) - raft.server.sleep.deviation.threshold = 300 (default)
2020-04-24 20:27:21,799 [pool-33-thread-1] INFO  server.RaftServerConfigKeys (ConfUtils.java:logGet(44)) - raft.server.log.appender.install.snapshot.enabled = false (custom)
2020-04-24 20:27:21,810 [pool-33-thread-1] INFO  impl.RaftServerImpl (ServerState.java:<init>(103)) - e6a39719-41af-45a0-9aba-12a9942a83ed@group-FD91F710CC7F: ConfigurationManager, init=-1: [e6a39719-41af-45a0-9aba-12a9942a83ed:172.17.0.2:41865], old=null, confs=<EMPTY_MAP>
2020-04-24 20:27:21,811 [pool-33-thread-1] INFO  server.RaftServerConfigKeys (ConfUtils.java:logGet(44)) - raft.server.storage.dir = [/github/workspace/mnt/ozone/hadoop-ozone/integration-test/target/test-dir/MiniOzoneClusterImpl-d6dadc52-2dce-4330-b064-6fa024a66247/datanode-0/data/ratis] (custom)
2020-04-24 20:27:21,817 [pool-33-thread-1] INFO  server.RaftServerConfigKeys (ConfUtils.java:logGet(44)) - raft.server.log.corruption.policy = EXCEPTION (default)
2020-04-24 20:27:21,819 [pool-33-thread-1] INFO  storage.RaftStorageDirectory (RaftStorageDirectory.java:analyzeStorage(253)) - The storage directory /github/workspace/mnt/ozone/hadoop-ozone/integration-test/target/test-dir/MiniOzoneClusterImpl-d6dadc52-2dce-4330-b064-6fa024a66247/datanode-0/data/ratis/27d28a1c-0426-4cce-8a2d-fd91f710cc7f does not exist. Creating ...
2020-04-24 20:27:21,825 [pool-33-thread-1] INFO  storage.RaftStorageDirectory (RaftStorageDirectory.java:tryLock(335)) - Lock on /github/workspace/mnt/ozone/hadoop-ozone/integration-test/target/test-dir/MiniOzoneClusterImpl-d6dadc52-2dce-4330-b064-6fa024a66247/datanode-0/data/ratis/27d28a1c-0426-4cce-8a2d-fd91f710cc7f/in_use.lock acquired by nodename 3261@7f15249d6341
2020-04-24 20:27:21,829 [pool-33-thread-1] INFO  storage.RaftStorage (RaftStorage.java:format(84)) - Storage directory /github/workspace/mnt/ozone/hadoop-ozone/integration-test/target/test-dir/MiniOzoneClusterImpl-d6dadc52-2dce-4330-b064-6fa024a66247/datanode-0/data/ratis/27d28a1c-0426-4cce-8a2d-fd91f710cc7f has been successfully formatted.
2020-04-24 20:27:21,834 [pool-33-thread-1] INFO  ratis.ContainerStateMachine (ContainerStateMachine.java:loadSnapshot(226)) - group-FD91F710CC7F: The snapshot info is null. Setting the last applied indexto:(t:0, i:~)
2020-04-24 20:27:21,840 [pool-33-thread-1] INFO  server.RaftServerConfigKeys (ConfUtils.java:logGet(44)) - raft.server.notification.no-leader.timeout = 60s (default)
2020-04-24 20:27:21,843 [pool-33-thread-1] INFO  server.RaftServerConfigKeys (ConfUtils.java:logGet(44)) - raft.server.log.use.memory = false (default)
2020-04-24 20:27:21,851 [EventQueue-PipelineReportForPipelineReportHandler] INFO  pipeline.PipelineStateManager (PipelineStateManager.java:openPipeline(131)) - Pipeline Pipeline[ Id: 27d28a1c-0426-4cce-8a2d-fd91f710cc7f, Nodes: e6a39719-41af-45a0-9aba-12a9942a83ed{ip: 172.17.0.2, host: 7f15249d6341, networkLocation: /default-rack, certSerialId: null}, Type:RATIS, Factor:ONE, State:ALLOCATED, leaderId:e6a39719-41af-45a0-9aba-12a9942a83ed, CreationTimestamp2020-04-24T20:27:18.756Z] moved to OPEN state
2020-04-24 20:27:21,853 [EventQueue-OpenPipelineForHealthyPipelineSafeModeRule] INFO  safemode.SCMSafeModeManager (HealthyPipelineSafeModeRule.java:process(132)) - SCM in safe mode. Healthy pipelines reported count is 0, required healthy pipeline reported count is 1
2020-04-24 20:27:21,853 [EventQueue-OpenPipelineForOneReplicaPipelineSafeModeRule] INFO  safemode.SCMSafeModeManager (SCMSafeModeManager.java:validateSafeModeExitRules(183)) - AtleastOneDatanodeReportedRule rule is successfully validated
2020-04-24 20:27:21,859 [pool-33-thread-1] INFO  server.RaftServerConfigKeys (ConfUtils.java:logGet(44)) - raft.server.log.purge.gap = 1000000 (custom)
2020-04-24 20:27:21,860 [pool-33-thread-1] INFO  server.RaftServerConfigKeys (ConfUtils.java:logGet(44)) - raft.server.log.appender.buffer.byte-limit = 33554432 (custom)
2020-04-24 20:27:21,863 [pool-33-thread-1] INFO  server.RaftServerConfigKeys (ConfUtils.java:logGet(44)) - raft.server.log.segment.size.max = 1048576 (custom)
2020-04-24 20:27:21,868 [pool-33-thread-1] INFO  metrics.RatisMetrics (RatisMetrics.java:lambda$create$0(39)) - Creating Metrics Registry : ratis.log_worker.e6a39719-41af-45a0-9aba-12a9942a83ed
2020-04-24 20:27:21,887 [pool-33-thread-1] INFO  server.RaftServerConfigKeys (ConfUtils.java:logGet(44)) - raft.server.log.segment.cache.num.max = 2 (custom)
2020-04-24 20:27:21,897 [pool-33-thread-1] INFO  segmented.SegmentedRaftLogWorker (SegmentedRaftLogWorker.java:<init>(176)) - new e6a39719-41af-45a0-9aba-12a9942a83ed@group-FD91F710CC7F-SegmentedRaftLogWorker for RaftStorage:Storage Directory /github/workspace/mnt/ozone/hadoop-ozone/integration-test/target/test-dir/MiniOzoneClusterImpl-d6dadc52-2dce-4330-b064-6fa024a66247/datanode-0/data/ratis/27d28a1c-0426-4cce-8a2d-fd91f710cc7f
2020-04-24 20:27:21,897 [pool-33-thread-1] INFO  server.RaftServerConfigKeys (ConfUtils.java:logGet(44)) - raft.server.log.queue.byte-limit = 2147483647 (custom)
2020-04-24 20:27:21,898 [pool-33-thread-1] INFO  server.RaftServerConfigKeys (ConfUtils.java:logGet(44)) - raft.server.log.queue.element-limit = 1024 (custom)
2020-04-24 20:27:21,899 [pool-33-thread-1] INFO  server.RaftServerConfigKeys (ConfUtils.java:logGet(44)) - raft.server.log.segment.size.max = 1048576 (custom)
2020-04-24 20:27:21,900 [pool-33-thread-1] INFO  server.RaftServerConfigKeys (ConfUtils.java:logGet(44)) - raft.server.log.preallocated.size = 16384 (custom)
2020-04-24 20:27:21,901 [pool-33-thread-1] INFO  server.RaftServerConfigKeys (ConfUtils.java:logGet(44)) - raft.server.log.write.buffer.size = 1048576 (custom)
2020-04-24 20:27:21,901 [pool-33-thread-1] INFO  server.RaftServerConfigKeys (ConfUtils.java:logGet(44)) - raft.server.log.force.sync.num = 128 (default)
2020-04-24 20:27:21,903 [pool-33-thread-1] INFO  server.RaftServerConfigKeys (ConfUtils.java:logGet(44)) - raft.server.log.statemachine.data.sync = true (default)
2020-04-24 20:27:21,903 [pool-33-thread-1] INFO  server.RaftServerConfigKeys (ConfUtils.java:logGet(44)) - raft.server.log.statemachine.data.sync.timeout = 10s (default)
2020-04-24 20:27:21,904 [pool-33-thread-1] INFO  server.RaftServerConfigKeys (ConfUtils.java:logGet(44)) - raft.server.log.statemachine.data.sync.timeout.retry = -1 (default)
2020-04-24 20:27:21,925 [pool-33-thread-1] INFO  server.RaftServerConfigKeys (ConfUtils.java:logGet(44)) - raft.server.log.statemachine.data.caching.enabled = true (custom)
2020-04-24 20:27:21,930 [pool-33-thread-1] INFO  segmented.SegmentedRaftLogWorker (SegmentedRaftLogWorker.java:lambda$new$0(129)) - e6a39719-41af-45a0-9aba-12a9942a83ed@group-FD91F710CC7F-SegmentedRaftLogWorker: flushIndex: setUnconditionally 0 -> -1
2020-04-24 20:27:21,935 [pool-33-thread-1] INFO  server.RaftServerConfigKeys (ConfUtils.java:logGet(44)) - raft.server.snapshot.auto.trigger.enabled = true (custom)
2020-04-24 20:27:21,936 [pool-33-thread-1] INFO  server.RaftServerConfigKeys (ConfUtils.java:logGet(44)) - raft.server.snapshot.auto.trigger.threshold = 10000 (custom)
2020-04-24 20:27:21,937 [pool-33-thread-1] INFO  server.RaftServerConfigKeys (ConfUtils.java:logGet(44)) - raft.server.snapshot.retention.file.num = 5 (custom)
2020-04-24 20:27:21,937 [pool-33-thread-1] INFO  server.RaftServerConfigKeys (ConfUtils.java:logGet(44)) - raft.server.retrycache.expirytime = 600000ms (custom)
2020-04-24 20:27:21,950 [Command processor thread] INFO  impl.RaftServerProxy (RaftServerProxy.java:addNew(89)) - eb380d38-0563-4e7d-87d8-298c42025015: addNew group-36F075596B20:[eb380d38-0563-4e7d-87d8-298c42025015:172.17.0.2:33061] returns group-36F075596B20:java.util.concurrent.CompletableFuture@9799294[Not completed]
2020-04-24 20:27:21,958 [pool-48-thread-1] INFO  impl.RaftServerImpl (RaftServerImpl.java:<init>(97)) - eb380d38-0563-4e7d-87d8-298c42025015: new RaftServerImpl for group-36F075596B20:[eb380d38-0563-4e7d-87d8-298c42025015:172.17.0.2:33061] with ContainerStateMachine:uninitialized
2020-04-24 20:27:21,959 [pool-48-thread-1] INFO  server.RaftServerConfigKeys (ConfUtils.java:logGet(44)) - raft.server.rpc.timeout.min = 5s (custom)
2020-04-24 20:27:21,959 [pool-48-thread-1] INFO  server.RaftServerConfigKeys (ConfUtils.java:logGet(44)) - raft.server.rpc.timeout.max = 5200ms (custom)
2020-04-24 20:27:21,959 [pool-48-thread-1] INFO  server.RaftServerConfigKeys (ConfUtils.java:logGet(44)) - raft.server.rpcslowness.timeout = 300s (custom)
2020-04-24 20:27:21,960 [pool-48-thread-1] INFO  server.RaftServerConfigKeys (ConfUtils.java:logGet(44)) - raft.server.sleep.deviation.threshold = 300 (default)
2020-04-24 20:27:21,960 [pool-48-thread-1] INFO  server.RaftServerConfigKeys (ConfUtils.java:logGet(44)) - raft.server.log.appender.install.snapshot.enabled = false (custom)
2020-04-24 20:27:21,960 [pool-48-thread-1] INFO  impl.RaftServerImpl (ServerState.java:<init>(103)) - eb380d38-0563-4e7d-87d8-298c42025015@group-36F075596B20: ConfigurationManager, init=-1: [eb380d38-0563-4e7d-87d8-298c42025015:172.17.0.2:33061], old=null, confs=<EMPTY_MAP>
2020-04-24 20:27:21,960 [pool-48-thread-1] INFO  server.RaftServerConfigKeys (ConfUtils.java:logGet(44)) - raft.server.storage.dir = [/github/workspace/mnt/ozone/hadoop-ozone/integration-test/target/test-dir/MiniOzoneClusterImpl-d6dadc52-2dce-4330-b064-6fa024a66247/datanode-1/data/ratis] (custom)
2020-04-24 20:27:21,960 [pool-48-thread-1] INFO  server.RaftServerConfigKeys (ConfUtils.java:logGet(44)) - raft.server.log.corruption.policy = EXCEPTION (default)
2020-04-24 20:27:21,960 [pool-48-thread-1] INFO  storage.RaftStorageDirectory (RaftStorageDirectory.java:analyzeStorage(253)) - The storage directory /github/workspace/mnt/ozone/hadoop-ozone/integration-test/target/test-dir/MiniOzoneClusterImpl-d6dadc52-2dce-4330-b064-6fa024a66247/datanode-1/data/ratis/9e0bf22a-17e7-4691-8ba5-36f075596b20 does not exist. Creating ...
2020-04-24 20:27:21,972 [pool-48-thread-1] INFO  storage.RaftStorageDirectory (RaftStorageDirectory.java:tryLock(335)) - Lock on /github/workspace/mnt/ozone/hadoop-ozone/integration-test/target/test-dir/MiniOzoneClusterImpl-d6dadc52-2dce-4330-b064-6fa024a66247/datanode-1/data/ratis/9e0bf22a-17e7-4691-8ba5-36f075596b20/in_use.lock acquired by nodename 3261@7f15249d6341
2020-04-24 20:27:21,973 [pool-48-thread-1] INFO  storage.RaftStorage (RaftStorage.java:format(84)) - Storage directory /github/workspace/mnt/ozone/hadoop-ozone/integration-test/target/test-dir/MiniOzoneClusterImpl-d6dadc52-2dce-4330-b064-6fa024a66247/datanode-1/data/ratis/9e0bf22a-17e7-4691-8ba5-36f075596b20 has been successfully formatted.
2020-04-24 20:27:21,975 [pool-48-thread-1] INFO  ratis.ContainerStateMachine (ContainerStateMachine.java:loadSnapshot(226)) - group-36F075596B20: The snapshot info is null. Setting the last applied indexto:(t:0, i:~)
2020-04-24 20:27:21,976 [pool-48-thread-1] INFO  server.RaftServerConfigKeys (ConfUtils.java:logGet(44)) - raft.server.notification.no-leader.timeout = 60s (default)
2020-04-24 20:27:21,976 [pool-48-thread-1] INFO  server.RaftServerConfigKeys (ConfUtils.java:logGet(44)) - raft.server.log.use.memory = false (default)
2020-04-24 20:27:21,976 [pool-48-thread-1] INFO  server.RaftServerConfigKeys (ConfUtils.java:logGet(44)) - raft.server.log.purge.gap = 1000000 (custom)
2020-04-24 20:27:21,976 [pool-48-thread-1] INFO  server.RaftServerConfigKeys (ConfUtils.java:logGet(44)) - raft.server.log.appender.buffer.byte-limit = 33554432 (custom)
2020-04-24 20:27:21,976 [pool-48-thread-1] INFO  server.RaftServerConfigKeys (ConfUtils.java:logGet(44)) - raft.server.log.segment.size.max = 1048576 (custom)
2020-04-24 20:27:21,977 [EventQueue-PipelineReportForPipelineReportHandler] INFO  pipeline.PipelineStateManager (PipelineStateManager.java:openPipeline(131)) - Pipeline Pipeline[ Id: 9e0bf22a-17e7-4691-8ba5-36f075596b20, Nodes: eb380d38-0563-4e7d-87d8-298c42025015{ip: 172.17.0.2, host: 7f15249d6341, networkLocation: /default-rack, certSerialId: null}, Type:RATIS, Factor:ONE, State:ALLOCATED, leaderId:eb380d38-0563-4e7d-87d8-298c42025015, CreationTimestamp2020-04-24T20:27:18.952Z] moved to OPEN state
2020-04-24 20:27:21,978 [EventQueue-OpenPipelineForHealthyPipelineSafeModeRule] INFO  safemode.SCMSafeModeManager (HealthyPipelineSafeModeRule.java:process(132)) - SCM in safe mode. Healthy pipelines reported count is 0, required healthy pipeline reported count is 1
2020-04-24 20:27:21,978 [EventQueue-OpenPipelineForOneReplicaPipelineSafeModeRule] INFO  safemode.SCMSafeModeManager (SCMSafeModeManager.java:validateSafeModeExitRules(183)) - AtleastOneDatanodeReportedRule rule is successfully validated
2020-04-24 20:27:21,976 [pool-48-thread-1] INFO  metrics.RatisMetrics (RatisMetrics.java:lambda$create$0(39)) - Creating Metrics Registry : ratis.log_worker.eb380d38-0563-4e7d-87d8-298c42025015
2020-04-24 20:27:21,980 [pool-48-thread-1] INFO  server.RaftServerConfigKeys (ConfUtils.java:logGet(44)) - raft.server.log.segment.cache.num.max = 2 (custom)
2020-04-24 20:27:21,980 [pool-48-thread-1] INFO  segmented.SegmentedRaftLogWorker (SegmentedRaftLogWorker.java:<init>(176)) - new eb380d38-0563-4e7d-87d8-298c42025015@group-36F075596B20-SegmentedRaftLogWorker for RaftStorage:Storage Directory /github/workspace/mnt/ozone/hadoop-ozone/integration-test/target/test-dir/MiniOzoneClusterImpl-d6dadc52-2dce-4330-b064-6fa024a66247/datanode-1/data/ratis/9e0bf22a-17e7-4691-8ba5-36f075596b20
2020-04-24 20:27:21,980 [pool-48-thread-1] INFO  server.RaftServerConfigKeys (ConfUtils.java:logGet(44)) - raft.server.log.queue.byte-limit = 2147483647 (custom)
2020-04-24 20:27:21,980 [pool-48-thread-1] INFO  server.RaftServerConfigKeys (ConfUtils.java:logGet(44)) - raft.server.log.queue.element-limit = 1024 (custom)
2020-04-24 20:27:21,980 [pool-48-thread-1] INFO  server.RaftServerConfigKeys (ConfUtils.java:logGet(44)) - raft.server.log.segment.size.max = 1048576 (custom)
2020-04-24 20:27:21,980 [pool-48-thread-1] INFO  server.RaftServerConfigKeys (ConfUtils.java:logGet(44)) - raft.server.log.preallocated.size = 16384 (custom)
2020-04-24 20:27:21,981 [pool-48-thread-1] INFO  server.RaftServerConfigKeys (ConfUtils.java:logGet(44)) - raft.server.log.write.buffer.size = 1048576 (custom)
2020-04-24 20:27:21,981 [pool-48-thread-1] INFO  server.RaftServerConfigKeys (ConfUtils.java:logGet(44)) - raft.server.log.force.sync.num = 128 (default)
2020-04-24 20:27:21,981 [pool-48-thread-1] INFO  server.RaftServerConfigKeys (ConfUtils.java:logGet(44)) - raft.server.log.statemachine.data.sync = true (default)
2020-04-24 20:27:21,981 [pool-48-thread-1] INFO  server.RaftServerConfigKeys (ConfUtils.java:logGet(44)) - raft.server.log.statemachine.data.sync.timeout = 10s (default)
2020-04-24 20:27:21,981 [pool-48-thread-1] INFO  server.RaftServerConfigKeys (ConfUtils.java:logGet(44)) - raft.server.log.statemachine.data.sync.timeout.retry = -1 (default)
2020-04-24 20:27:21,983 [pool-48-thread-1] INFO  server.RaftServerConfigKeys (ConfUtils.java:logGet(44)) - raft.server.log.statemachine.data.caching.enabled = true (custom)
2020-04-24 20:27:21,984 [pool-48-thread-1] INFO  segmented.SegmentedRaftLogWorker (SegmentedRaftLogWorker.java:lambda$new$0(129)) - eb380d38-0563-4e7d-87d8-298c42025015@group-36F075596B20-SegmentedRaftLogWorker: flushIndex: setUnconditionally 0 -> -1
2020-04-24 20:27:21,991 [pool-48-thread-1] INFO  server.RaftServerConfigKeys (ConfUtils.java:logGet(44)) - raft.server.snapshot.auto.trigger.enabled = true (custom)
2020-04-24 20:27:21,991 [pool-48-thread-1] INFO  server.RaftServerConfigKeys (ConfUtils.java:logGet(44)) - raft.server.snapshot.auto.trigger.threshold = 10000 (custom)
2020-04-24 20:27:21,991 [pool-48-thread-1] INFO  server.RaftServerConfigKeys (ConfUtils.java:logGet(44)) - raft.server.snapshot.retention.file.num = 5 (custom)
2020-04-24 20:27:21,992 [pool-48-thread-1] INFO  server.RaftServerConfigKeys (ConfUtils.java:logGet(44)) - raft.server.retrycache.expirytime = 600000ms (custom)
2020-04-24 20:27:21,994 [pool-48-thread-1] INFO  metrics.RatisMetrics (RatisMetrics.java:lambda$create$0(39)) - Creating Metrics Registry : ratis.leader_election.eb380d38-0563-4e7d-87d8-298c42025015@group-36F075596B20
2020-04-24 20:27:21,997 [pool-48-thread-1] INFO  metrics.RatisMetrics (RatisMetrics.java:lambda$create$0(39)) - Creating Metrics Registry : ratis.server.eb380d38-0563-4e7d-87d8-298c42025015@group-36F075596B20
2020-04-24 20:27:21,999 [pool-33-thread-1] INFO  metrics.RatisMetrics (RatisMetrics.java:lambda$create$0(39)) - Creating Metrics Registry : ratis.leader_election.e6a39719-41af-45a0-9aba-12a9942a83ed@group-FD91F710CC7F
2020-04-24 20:27:22,000 [pool-33-thread-1] INFO  metrics.RatisMetrics (RatisMetrics.java:lambda$create$0(39)) - Creating Metrics Registry : ratis.server.e6a39719-41af-45a0-9aba-12a9942a83ed@group-FD91F710CC7F
2020-04-24 20:27:22,004 [pool-48-thread-1] INFO  impl.RaftServerImpl (RaftServerImpl.java:start(183)) - eb380d38-0563-4e7d-87d8-298c42025015@group-36F075596B20: start as a follower, conf=-1: [eb380d38-0563-4e7d-87d8-298c42025015:172.17.0.2:33061], old=null
2020-04-24 20:27:22,006 [pool-48-thread-1] INFO  impl.RaftServerImpl (RaftServerImpl.java:setRole(172)) - eb380d38-0563-4e7d-87d8-298c42025015@group-36F075596B20: changes role from      null to FOLLOWER at term 0 for startAsFollower
2020-04-24 20:27:22,008 [pool-48-thread-1] INFO  impl.RoleInfo (RoleInfo.java:updateAndGet(143)) - eb380d38-0563-4e7d-87d8-298c42025015: start FollowerState
2020-04-24 20:27:22,006 [pool-33-thread-1] INFO  impl.RaftServerImpl (RaftServerImpl.java:start(183)) - e6a39719-41af-45a0-9aba-12a9942a83ed@group-FD91F710CC7F: start as a follower, conf=-1: [e6a39719-41af-45a0-9aba-12a9942a83ed:172.17.0.2:41865], old=null
2020-04-24 20:27:22,008 [pool-33-thread-1] INFO  impl.RaftServerImpl (RaftServerImpl.java:setRole(172)) - e6a39719-41af-45a0-9aba-12a9942a83ed@group-FD91F710CC7F: changes role from      null to FOLLOWER at term 0 for startAsFollower
2020-04-24 20:27:22,012 [pool-48-thread-1] INFO  util.JmxRegister (JmxRegister.java:tryRegister(44)) - Successfully registered JMX Bean with object name Ratis:service=RaftServer,group=group-36F075596B20,id=eb380d38-0563-4e7d-87d8-298c42025015
2020-04-24 20:27:22,012 [pool-33-thread-1] INFO  impl.RoleInfo (RoleInfo.java:updateAndGet(143)) - e6a39719-41af-45a0-9aba-12a9942a83ed: start FollowerState
2020-04-24 20:27:22,015 [pool-33-thread-1] INFO  util.JmxRegister (JmxRegister.java:tryRegister(44)) - Successfully registered JMX Bean with object name Ratis:service=RaftServer,group=group-FD91F710CC7F,id=e6a39719-41af-45a0-9aba-12a9942a83ed
2020-04-24 20:27:22,018 [pool-33-thread-1] INFO  metrics.RatisMetrics (RatisMetrics.java:lambda$create$0(39)) - Creating Metrics Registry : ratis.state_machine.e6a39719-41af-45a0-9aba-12a9942a83ed@group-FD91F710CC7F
2020-04-24 20:27:22,020 [pool-48-thread-1] INFO  metrics.RatisMetrics (RatisMetrics.java:lambda$create$0(39)) - Creating Metrics Registry : ratis.state_machine.eb380d38-0563-4e7d-87d8-298c42025015@group-36F075596B20
2020-04-24 20:27:22,040 [Command processor thread] INFO  commandhandler.CreatePipelineCommandHandler (CreatePipelineCommandHandler.java:handle(109)) - Created Pipeline RATIS ONE #id: "27d28a1c-0426-4cce-8a2d-fd91f710cc7f"
.
2020-04-24 20:27:22,041 [Command processor thread] INFO  impl.RaftServerProxy (RaftServerProxy.java:addNew(89)) - e6a39719-41af-45a0-9aba-12a9942a83ed: addNew group-0A20FCA87539:[31449f8f-ec1f-4ac2-83ad-66a60b16ee32:172.17.0.2:44567, e6a39719-41af-45a0-9aba-12a9942a83ed:172.17.0.2:41865, eb380d38-0563-4e7d-87d8-298c42025015:172.17.0.2:33061] returns group-0A20FCA87539:java.util.concurrent.CompletableFuture@69748857[Not completed]
2020-04-24 20:27:22,041 [Command processor thread] INFO  commandhandler.CreatePipelineCommandHandler (CreatePipelineCommandHandler.java:handle(109)) - Created Pipeline RATIS ONE #id: "9e0bf22a-17e7-4691-8ba5-36f075596b20"
.
2020-04-24 20:27:22,043 [Command processor thread] INFO  impl.RaftServerProxy (RaftServerProxy.java:addNew(89)) - eb380d38-0563-4e7d-87d8-298c42025015: addNew group-0A20FCA87539:[31449f8f-ec1f-4ac2-83ad-66a60b16ee32:172.17.0.2:44567, e6a39719-41af-45a0-9aba-12a9942a83ed:172.17.0.2:41865, eb380d38-0563-4e7d-87d8-298c42025015:172.17.0.2:33061] returns group-0A20FCA87539:java.util.concurrent.CompletableFuture@79c6736b[Not completed]
2020-04-24 20:27:22,056 [main] INFO  ozone.MiniOzoneClusterImpl (MiniOzoneClusterImpl.java:lambda$waitForClusterToBeReady$0(177)) - Nodes are ready. Got 3 of 3 DN Heartbeats.
2020-04-24 20:27:22,056 [main] INFO  ozone.MiniOzoneClusterImpl (MiniOzoneClusterImpl.java:lambda$waitForClusterToBeReady$0(180)) - Waiting for cluster to exit safe mode
2020-04-24 20:27:22,061 [pool-48-thread-1] INFO  impl.RaftServerImpl (RaftServerImpl.java:<init>(97)) - eb380d38-0563-4e7d-87d8-298c42025015: new RaftServerImpl for group-0A20FCA87539:[31449f8f-ec1f-4ac2-83ad-66a60b16ee32:172.17.0.2:44567, e6a39719-41af-45a0-9aba-12a9942a83ed:172.17.0.2:41865, eb380d38-0563-4e7d-87d8-298c42025015:172.17.0.2:33061] with ContainerStateMachine:uninitialized
2020-04-24 20:27:22,061 [pool-48-thread-1] INFO  server.RaftServerConfigKeys (ConfUtils.java:logGet(44)) - raft.server.rpc.timeout.min = 5s (custom)
2020-04-24 20:27:22,061 [pool-48-thread-1] INFO  server.RaftServerConfigKeys (ConfUtils.java:logGet(44)) - raft.server.rpc.timeout.max = 5200ms (custom)
2020-04-24 20:27:22,061 [pool-48-thread-1] INFO  server.RaftServerConfigKeys (ConfUtils.java:logGet(44)) - raft.server.rpcslowness.timeout = 300s (custom)
2020-04-24 20:27:22,062 [pool-48-thread-1] INFO  server.RaftServerConfigKeys (ConfUtils.java:logGet(44)) - raft.server.sleep.deviation.threshold = 300 (default)
2020-04-24 20:27:22,062 [pool-48-thread-1] INFO  server.RaftServerConfigKeys (ConfUtils.java:logGet(44)) - raft.server.log.appender.install.snapshot.enabled = false (custom)
2020-04-24 20:27:22,062 [pool-48-thread-1] INFO  impl.RaftServerImpl (ServerState.java:<init>(103)) - eb380d38-0563-4e7d-87d8-298c42025015@group-0A20FCA87539: ConfigurationManager, init=-1: [31449f8f-ec1f-4ac2-83ad-66a60b16ee32:172.17.0.2:44567, e6a39719-41af-45a0-9aba-12a9942a83ed:172.17.0.2:41865, eb380d38-0563-4e7d-87d8-298c42025015:172.17.0.2:33061], old=null, confs=<EMPTY_MAP>
2020-04-24 20:27:22,062 [pool-48-thread-1] INFO  server.RaftServerConfigKeys (ConfUtils.java:logGet(44)) - raft.server.storage.dir = [/github/workspace/mnt/ozone/hadoop-ozone/integration-test/target/test-dir/MiniOzoneClusterImpl-d6dadc52-2dce-4330-b064-6fa024a66247/datanode-1/data/ratis] (custom)
2020-04-24 20:27:22,062 [pool-48-thread-1] INFO  server.RaftServerConfigKeys (ConfUtils.java:logGet(44)) - raft.server.log.corruption.policy = EXCEPTION (default)
2020-04-24 20:27:22,062 [pool-48-thread-1] INFO  storage.RaftStorageDirectory (RaftStorageDirectory.java:analyzeStorage(253)) - The storage directory /github/workspace/mnt/ozone/hadoop-ozone/integration-test/target/test-dir/MiniOzoneClusterImpl-d6dadc52-2dce-4330-b064-6fa024a66247/datanode-1/data/ratis/44e8b8c5-2fb6-4cb8-aaea-0a20fca87539 does not exist. Creating ...
2020-04-24 20:27:22,063 [pool-33-thread-1] INFO  impl.RaftServerImpl (RaftServerImpl.java:<init>(97)) - e6a39719-41af-45a0-9aba-12a9942a83ed: new RaftServerImpl for group-0A20FCA87539:[31449f8f-ec1f-4ac2-83ad-66a60b16ee32:172.17.0.2:44567, e6a39719-41af-45a0-9aba-12a9942a83ed:172.17.0.2:41865, eb380d38-0563-4e7d-87d8-298c42025015:172.17.0.2:33061] with ContainerStateMachine:uninitialized
2020-04-24 20:27:22,064 [pool-33-thread-1] INFO  server.RaftServerConfigKeys (ConfUtils.java:logGet(44)) - raft.server.rpc.timeout.min = 5s (custom)
2020-04-24 20:27:22,064 [pool-48-thread-1] INFO  storage.RaftStorageDirectory (RaftStorageDirectory.java:tryLock(335)) - Lock on /github/workspace/mnt/ozone/hadoop-ozone/integration-test/target/test-dir/MiniOzoneClusterImpl-d6dadc52-2dce-4330-b064-6fa024a66247/datanode-1/data/ratis/44e8b8c5-2fb6-4cb8-aaea-0a20fca87539/in_use.lock acquired by nodename 3261@7f15249d6341
2020-04-24 20:27:22,064 [pool-33-thread-1] INFO  server.RaftServerConfigKeys (ConfUtils.java:logGet(44)) - raft.server.rpc.timeout.max = 5200ms (custom)
2020-04-24 20:27:22,065 [pool-33-thread-1] INFO  server.RaftServerConfigKeys (ConfUtils.java:logGet(44)) - raft.server.rpcslowness.timeout = 300s (custom)
2020-04-24 20:27:22,065 [pool-33-thread-1] INFO  server.RaftServerConfigKeys (ConfUtils.java:logGet(44)) - raft.server.sleep.deviation.threshold = 300 (default)
2020-04-24 20:27:22,065 [pool-33-thread-1] INFO  server.RaftServerConfigKeys (ConfUtils.java:logGet(44)) - raft.server.log.appender.install.snapshot.enabled = false (custom)
2020-04-24 20:27:22,065 [pool-48-thread-1] INFO  storage.RaftStorage (RaftStorage.java:format(84)) - Storage directory /github/workspace/mnt/ozone/hadoop-ozone/integration-test/target/test-dir/MiniOzoneClusterImpl-d6dadc52-2dce-4330-b064-6fa024a66247/datanode-1/data/ratis/44e8b8c5-2fb6-4cb8-aaea-0a20fca87539 has been successfully formatted.
2020-04-24 20:27:22,066 [pool-48-thread-1] INFO  ratis.ContainerStateMachine (ContainerStateMachine.java:loadSnapshot(226)) - group-0A20FCA87539: The snapshot info is null. Setting the last applied indexto:(t:0, i:~)
2020-04-24 20:27:22,067 [Command processor thread] INFO  impl.RaftServerProxy (RaftServerProxy.java:addNew(89)) - 31449f8f-ec1f-4ac2-83ad-66a60b16ee32: addNew group-1CA70264D2AA:[31449f8f-ec1f-4ac2-83ad-66a60b16ee32:172.17.0.2:44567] returns group-1CA70264D2AA:java.util.concurrent.CompletableFuture@78f0bedd[Not completed]
2020-04-24 20:27:22,067 [pool-33-thread-1] INFO  impl.RaftServerImpl (ServerState.java:<init>(103)) - e6a39719-41af-45a0-9aba-12a9942a83ed@group-0A20FCA87539: ConfigurationManager, init=-1: [31449f8f-ec1f-4ac2-83ad-66a60b16ee32:172.17.0.2:44567, e6a39719-41af-45a0-9aba-12a9942a83ed:172.17.0.2:41865, eb380d38-0563-4e7d-87d8-298c42025015:172.17.0.2:33061], old=null, confs=<EMPTY_MAP>
2020-04-24 20:27:22,067 [pool-33-thread-1] INFO  server.RaftServerConfigKeys (ConfUtils.java:logGet(44)) - raft.server.storage.dir = [/github/workspace/mnt/ozone/hadoop-ozone/integration-test/target/test-dir/MiniOzoneClusterImpl-d6dadc52-2dce-4330-b064-6fa024a66247/datanode-0/data/ratis] (custom)
2020-04-24 20:27:22,067 [pool-48-thread-1] INFO  server.RaftServerConfigKeys (ConfUtils.java:logGet(44)) - raft.server.notification.no-leader.timeout = 60s (default)
2020-04-24 20:27:22,068 [pool-48-thread-1] INFO  server.RaftServerConfigKeys (ConfUtils.java:logGet(44)) - raft.server.log.use.memory = false (default)
2020-04-24 20:27:22,068 [pool-48-thread-1] INFO  server.RaftServerConfigKeys (ConfUtils.java:logGet(44)) - raft.server.log.purge.gap = 1000000 (custom)
2020-04-24 20:27:22,068 [pool-48-thread-1] INFO  server.RaftServerConfigKeys (ConfUtils.java:logGet(44)) - raft.server.log.appender.buffer.byte-limit = 33554432 (custom)
2020-04-24 20:27:22,068 [pool-48-thread-1] INFO  server.RaftServerConfigKeys (ConfUtils.java:logGet(44)) - raft.server.log.segment.size.max = 1048576 (custom)
2020-04-24 20:27:22,068 [pool-48-thread-1] INFO  server.RaftServerConfigKeys (ConfUtils.java:logGet(44)) - raft.server.log.segment.cache.num.max = 2 (custom)
2020-04-24 20:27:22,068 [pool-48-thread-1] INFO  segmented.SegmentedRaftLogWorker (SegmentedRaftLogWorker.java:<init>(176)) - new eb380d38-0563-4e7d-87d8-298c42025015@group-0A20FCA87539-SegmentedRaftLogWorker for RaftStorage:Storage Directory /github/workspace/mnt/ozone/hadoop-ozone/integration-test/target/test-dir/MiniOzoneClusterImpl-d6dadc52-2dce-4330-b064-6fa024a66247/datanode-1/data/ratis/44e8b8c5-2fb6-4cb8-aaea-0a20fca87539
2020-04-24 20:27:22,068 [pool-48-thread-1] INFO  server.RaftServerConfigKeys (ConfUtils.java:logGet(44)) - raft.server.log.queue.byte-limit = 2147483647 (custom)
2020-04-24 20:27:22,068 [pool-48-thread-1] INFO  server.RaftServerConfigKeys (ConfUtils.java:logGet(44)) - raft.server.log.queue.element-limit = 1024 (custom)
2020-04-24 20:27:22,068 [pool-48-thread-1] INFO  server.RaftServerConfigKeys (ConfUtils.java:logGet(44)) - raft.server.log.segment.size.max = 1048576 (custom)
2020-04-24 20:27:22,069 [pool-48-thread-1] INFO  server.RaftServerConfigKeys (ConfUtils.java:logGet(44)) - raft.server.log.preallocated.size = 16384 (custom)
2020-04-24 20:27:22,069 [pool-48-thread-1] INFO  server.RaftServerConfigKeys (ConfUtils.java:logGet(44)) - raft.server.log.write.buffer.size = 1048576 (custom)
2020-04-24 20:27:22,069 [pool-48-thread-1] INFO  server.RaftServerConfigKeys (ConfUtils.java:logGet(44)) - raft.server.log.force.sync.num = 128 (default)
2020-04-24 20:27:22,069 [pool-48-thread-1] INFO  server.RaftServerConfigKeys (ConfUtils.java:logGet(44)) - raft.server.log.statemachine.data.sync = true (default)
2020-04-24 20:27:22,069 [pool-48-thread-1] INFO  server.RaftServerConfigKeys (ConfUtils.java:logGet(44)) - raft.server.log.statemachine.data.sync.timeout = 10s (default)
2020-04-24 20:27:22,069 [pool-48-thread-1] INFO  server.RaftServerConfigKeys (ConfUtils.java:logGet(44)) - raft.server.log.statemachine.data.sync.timeout.retry = -1 (default)
2020-04-24 20:27:22,070 [pool-48-thread-1] INFO  server.RaftServerConfigKeys (ConfUtils.java:logGet(44)) - raft.server.log.statemachine.data.caching.enabled = true (custom)
2020-04-24 20:27:22,070 [pool-48-thread-1] INFO  segmented.SegmentedRaftLogWorker (SegmentedRaftLogWorker.java:lambda$new$0(129)) - eb380d38-0563-4e7d-87d8-298c42025015@group-0A20FCA87539-SegmentedRaftLogWorker: flushIndex: setUnconditionally 0 -> -1
2020-04-24 20:27:22,071 [pool-33-thread-1] INFO  server.RaftServerConfigKeys (ConfUtils.java:logGet(44)) - raft.server.log.corruption.policy = EXCEPTION (default)
2020-04-24 20:27:22,071 [pool-33-thread-1] INFO  storage.RaftStorageDirectory (RaftStorageDirectory.java:analyzeStorage(253)) - The storage directory /github/workspace/mnt/ozone/hadoop-ozone/integration-test/target/test-dir/MiniOzoneClusterImpl-d6dadc52-2dce-4330-b064-6fa024a66247/datanode-0/data/ratis/44e8b8c5-2fb6-4cb8-aaea-0a20fca87539 does not exist. Creating ...
2020-04-24 20:27:22,072 [pool-33-thread-1] INFO  storage.RaftStorageDirectory (RaftStorageDirectory.java:tryLock(335)) - Lock on /github/workspace/mnt/ozone/hadoop-ozone/integration-test/target/test-dir/MiniOzoneClusterImpl-d6dadc52-2dce-4330-b064-6fa024a66247/datanode-0/data/ratis/44e8b8c5-2fb6-4cb8-aaea-0a20fca87539/in_use.lock acquired by nodename 3261@7f15249d6341
2020-04-24 20:27:22,073 [pool-33-thread-1] INFO  storage.RaftStorage (RaftStorage.java:format(84)) - Storage directory /github/workspace/mnt/ozone/hadoop-ozone/integration-test/target/test-dir/MiniOzoneClusterImpl-d6dadc52-2dce-4330-b064-6fa024a66247/datanode-0/data/ratis/44e8b8c5-2fb6-4cb8-aaea-0a20fca87539 has been successfully formatted.
2020-04-24 20:27:22,074 [pool-63-thread-1] INFO  impl.RaftServerImpl (RaftServerImpl.java:<init>(97)) - 31449f8f-ec1f-4ac2-83ad-66a60b16ee32: new RaftServerImpl for group-1CA70264D2AA:[31449f8f-ec1f-4ac2-83ad-66a60b16ee32:172.17.0.2:44567] with ContainerStateMachine:uninitialized
2020-04-24 20:27:22,076 [pool-63-thread-1] INFO  server.RaftServerConfigKeys (ConfUtils.java:logGet(44)) - raft.server.rpc.timeout.min = 5s (custom)
2020-04-24 20:27:22,076 [pool-63-thread-1] INFO  server.RaftServerConfigKeys (ConfUtils.java:logGet(44)) - raft.server.rpc.timeout.max = 5200ms (custom)
2020-04-24 20:27:22,076 [pool-63-thread-1] INFO  server.RaftServerConfigKeys (ConfUtils.java:logGet(44)) - raft.server.rpcslowness.timeout = 300s (custom)
2020-04-24 20:27:22,077 [pool-63-thread-1] INFO  server.RaftServerConfigKeys (ConfUtils.java:logGet(44)) - raft.server.sleep.deviation.threshold = 300 (default)
2020-04-24 20:27:22,077 [pool-63-thread-1] INFO  server.RaftServerConfigKeys (ConfUtils.java:logGet(44)) - raft.server.log.appender.install.snapshot.enabled = false (custom)
2020-04-24 20:27:22,077 [pool-63-thread-1] INFO  impl.RaftServerImpl (ServerState.java:<init>(103)) - 31449f8f-ec1f-4ac2-83ad-66a60b16ee32@group-1CA70264D2AA: ConfigurationManager, init=-1: [31449f8f-ec1f-4ac2-83ad-66a60b16ee32:172.17.0.2:44567], old=null, confs=<EMPTY_MAP>
2020-04-24 20:27:22,077 [pool-33-thread-1] INFO  ratis.ContainerStateMachine (ContainerStateMachine.java:loadSnapshot(226)) - group-0A20FCA87539: The snapshot info is null. Setting the last applied indexto:(t:0, i:~)
2020-04-24 20:27:22,078 [pool-33-thread-1] INFO  server.RaftServerConfigKeys (ConfUtils.java:logGet(44)) - raft.server.notification.no-leader.timeout = 60s (default)
2020-04-24 20:27:22,078 [pool-33-thread-1] INFO  server.RaftServerConfigKeys (ConfUtils.java:logGet(44)) - raft.server.log.use.memory = false (default)
2020-04-24 20:27:22,078 [pool-33-thread-1] INFO  server.RaftServerConfigKeys (ConfUtils.java:logGet(44)) - raft.server.log.purge.gap = 1000000 (custom)
2020-04-24 20:27:22,078 [pool-33-thread-1] INFO  server.RaftServerConfigKeys (ConfUtils.java:logGet(44)) - raft.server.log.appender.buffer.byte-limit = 33554432 (custom)
2020-04-24 20:27:22,078 [pool-33-thread-1] INFO  server.RaftServerConfigKeys (ConfUtils.java:logGet(44)) - raft.server.log.segment.size.max = 1048576 (custom)
2020-04-24 20:27:22,078 [pool-33-thread-1] INFO  server.RaftServerConfigKeys (ConfUtils.java:logGet(44)) - raft.server.log.segment.cache.num.max = 2 (custom)
2020-04-24 20:27:22,078 [pool-33-thread-1] INFO  segmented.SegmentedRaftLogWorker (SegmentedRaftLogWorker.java:<init>(176)) - new e6a39719-41af-45a0-9aba-12a9942a83ed@group-0A20FCA87539-SegmentedRaftLogWorker for RaftStorage:Storage Directory /github/workspace/mnt/ozone/hadoop-ozone/integration-test/target/test-dir/MiniOzoneClusterImpl-d6dadc52-2dce-4330-b064-6fa024a66247/datanode-0/data/ratis/44e8b8c5-2fb6-4cb8-aaea-0a20fca87539
2020-04-24 20:27:22,078 [pool-33-thread-1] INFO  server.RaftServerConfigKeys (ConfUtils.java:logGet(44)) - raft.server.log.queue.byte-limit = 2147483647 (custom)
2020-04-24 20:27:22,078 [pool-33-thread-1] INFO  server.RaftServerConfigKeys (ConfUtils.java:logGet(44)) - raft.server.log.queue.element-limit = 1024 (custom)
2020-04-24 20:27:22,078 [pool-33-thread-1] INFO  server.RaftServerConfigKeys (ConfUtils.java:logGet(44)) - raft.server.log.segment.size.max = 1048576 (custom)
2020-04-24 20:27:22,079 [pool-33-thread-1] INFO  server.RaftServerConfigKeys (ConfUtils.java:logGet(44)) - raft.server.log.preallocated.size = 16384 (custom)
2020-04-24 20:27:22,079 [pool-33-thread-1] INFO  server.RaftServerConfigKeys (ConfUtils.java:logGet(44)) - raft.server.log.write.buffer.size = 1048576 (custom)
2020-04-24 20:27:22,079 [pool-33-thread-1] INFO  server.RaftServerConfigKeys (ConfUtils.java:logGet(44)) - raft.server.log.force.sync.num = 128 (default)
2020-04-24 20:27:22,079 [pool-33-thread-1] INFO  server.RaftServerConfigKeys (ConfUtils.java:logGet(44)) - raft.server.log.statemachine.data.sync = true (default)
2020-04-24 20:27:22,079 [pool-33-thread-1] INFO  server.RaftServerConfigKeys (ConfUtils.java:logGet(44)) - raft.server.log.statemachine.data.sync.timeout = 10s (default)
2020-04-24 20:27:22,077 [pool-48-thread-1] INFO  server.RaftServerConfigKeys (ConfUtils.java:logGet(44)) - raft.server.snapshot.auto.trigger.enabled = true (custom)
2020-04-24 20:27:22,079 [pool-48-thread-1] INFO  server.RaftServerConfigKeys (ConfUtils.java:logGet(44)) - raft.server.snapshot.auto.trigger.threshold = 10000 (custom)
2020-04-24 20:27:22,079 [pool-48-thread-1] INFO  server.RaftServerConfigKeys (ConfUtils.java:logGet(44)) - raft.server.snapshot.retention.file.num = 5 (custom)
2020-04-24 20:27:22,080 [pool-48-thread-1] INFO  server.RaftServerConfigKeys (ConfUtils.java:logGet(44)) - raft.server.retrycache.expirytime = 600000ms (custom)
2020-04-24 20:27:22,080 [pool-48-thread-1] INFO  metrics.RatisMetrics (RatisMetrics.java:lambda$create$0(39)) - Creating Metrics Registry : ratis.leader_election.eb380d38-0563-4e7d-87d8-298c42025015@group-0A20FCA87539
2020-04-24 20:27:22,080 [pool-48-thread-1] INFO  metrics.RatisMetrics (RatisMetrics.java:lambda$create$0(39)) - Creating Metrics Registry : ratis.server.eb380d38-0563-4e7d-87d8-298c42025015@group-0A20FCA87539
2020-04-24 20:27:22,081 [pool-33-thread-1] INFO  server.RaftServerConfigKeys (ConfUtils.java:logGet(44)) - raft.server.log.statemachine.data.sync.timeout.retry = -1 (default)
2020-04-24 20:27:22,082 [pool-33-thread-1] INFO  server.RaftServerConfigKeys (ConfUtils.java:logGet(44)) - raft.server.log.statemachine.data.caching.enabled = true (custom)
2020-04-24 20:27:22,083 [pool-33-thread-1] INFO  segmented.SegmentedRaftLogWorker (SegmentedRaftLogWorker.java:lambda$new$0(129)) - e6a39719-41af-45a0-9aba-12a9942a83ed@group-0A20FCA87539-SegmentedRaftLogWorker: flushIndex: setUnconditionally 0 -> -1
2020-04-24 20:27:22,083 [pool-63-thread-1] INFO  server.RaftServerConfigKeys (ConfUtils.java:logGet(44)) - raft.server.storage.dir = [/github/workspace/mnt/ozone/hadoop-ozone/integration-test/target/test-dir/MiniOzoneClusterImpl-d6dadc52-2dce-4330-b064-6fa024a66247/datanode-2/data/ratis] (custom)
2020-04-24 20:27:22,083 [pool-63-thread-1] INFO  server.RaftServerConfigKeys (ConfUtils.java:logGet(44)) - raft.server.log.corruption.policy = EXCEPTION (default)
2020-04-24 20:27:22,083 [pool-63-thread-1] INFO  storage.RaftStorageDirectory (RaftStorageDirectory.java:analyzeStorage(253)) - The storage directory /github/workspace/mnt/ozone/hadoop-ozone/integration-test/target/test-dir/MiniOzoneClusterImpl-d6dadc52-2dce-4330-b064-6fa024a66247/datanode-2/data/ratis/05920762-c27b-4d4a-bd69-1ca70264d2aa does not exist. Creating ...
2020-04-24 20:27:22,084 [pool-48-thread-1] INFO  impl.RaftServerImpl (RaftServerImpl.java:start(183)) - eb380d38-0563-4e7d-87d8-298c42025015@group-0A20FCA87539: start as a follower, conf=-1: [31449f8f-ec1f-4ac2-83ad-66a60b16ee32:172.17.0.2:44567, e6a39719-41af-45a0-9aba-12a9942a83ed:172.17.0.2:41865, eb380d38-0563-4e7d-87d8-298c42025015:172.17.0.2:33061], old=null
2020-04-24 20:27:22,084 [pool-48-thread-1] INFO  impl.RaftServerImpl (RaftServerImpl.java:setRole(172)) - eb380d38-0563-4e7d-87d8-298c42025015@group-0A20FCA87539: changes role from      null to FOLLOWER at term 0 for startAsFollower
2020-04-24 20:27:22,085 [pool-63-thread-1] INFO  storage.RaftStorageDirectory (RaftStorageDirectory.java:tryLock(335)) - Lock on /github/workspace/mnt/ozone/hadoop-ozone/integration-test/target/test-dir/MiniOzoneClusterImpl-d6dadc52-2dce-4330-b064-6fa024a66247/datanode-2/data/ratis/05920762-c27b-4d4a-bd69-1ca70264d2aa/in_use.lock acquired by nodename 3261@7f15249d6341
2020-04-24 20:27:22,096 [pool-48-thread-1] INFO  impl.RoleInfo (RoleInfo.java:updateAndGet(143)) - eb380d38-0563-4e7d-87d8-298c42025015: start FollowerState
2020-04-24 20:27:22,096 [pool-48-thread-1] INFO  util.JmxRegister (JmxRegister.java:tryRegister(44)) - Successfully registered JMX Bean with object name Ratis:service=RaftServer,group=group-0A20FCA87539,id=eb380d38-0563-4e7d-87d8-298c42025015
2020-04-24 20:27:22,097 [pool-48-thread-1] INFO  metrics.RatisMetrics (RatisMetrics.java:lambda$create$0(39)) - Creating Metrics Registry : ratis.state_machine.eb380d38-0563-4e7d-87d8-298c42025015@group-0A20FCA87539
2020-04-24 20:27:22,107 [pool-63-thread-1] INFO  storage.RaftStorage (RaftStorage.java:format(84)) - Storage directory /github/workspace/mnt/ozone/hadoop-ozone/integration-test/target/test-dir/MiniOzoneClusterImpl-d6dadc52-2dce-4330-b064-6fa024a66247/datanode-2/data/ratis/05920762-c27b-4d4a-bd69-1ca70264d2aa has been successfully formatted.
2020-04-24 20:27:22,108 [pool-33-thread-1] INFO  server.RaftServerConfigKeys (ConfUtils.java:logGet(44)) - raft.server.snapshot.auto.trigger.enabled = true (custom)
2020-04-24 20:27:22,108 [pool-33-thread-1] INFO  server.RaftServerConfigKeys (ConfUtils.java:logGet(44)) - raft.server.snapshot.auto.trigger.threshold = 10000 (custom)
2020-04-24 20:27:22,108 [pool-33-thread-1] INFO  server.RaftServerConfigKeys (ConfUtils.java:logGet(44)) - raft.server.snapshot.retention.file.num = 5 (custom)
2020-04-24 20:27:22,108 [pool-33-thread-1] INFO  server.RaftServerConfigKeys (ConfUtils.java:logGet(44)) - raft.server.retrycache.expirytime = 600000ms (custom)
2020-04-24 20:27:22,108 [pool-33-thread-1] INFO  metrics.RatisMetrics (RatisMetrics.java:lambda$create$0(39)) - Creating Metrics Registry : ratis.leader_election.e6a39719-41af-45a0-9aba-12a9942a83ed@group-0A20FCA87539
2020-04-24 20:27:22,109 [pool-33-thread-1] INFO  metrics.RatisMetrics (RatisMetrics.java:lambda$create$0(39)) - Creating Metrics Registry : ratis.server.e6a39719-41af-45a0-9aba-12a9942a83ed@group-0A20FCA87539
2020-04-24 20:27:22,111 [pool-33-thread-1] INFO  impl.RaftServerImpl (RaftServerImpl.java:start(183)) - e6a39719-41af-45a0-9aba-12a9942a83ed@group-0A20FCA87539: start as a follower, conf=-1: [31449f8f-ec1f-4ac2-83ad-66a60b16ee32:172.17.0.2:44567, e6a39719-41af-45a0-9aba-12a9942a83ed:172.17.0.2:41865, eb380d38-0563-4e7d-87d8-298c42025015:172.17.0.2:33061], old=null
2020-04-24 20:27:22,111 [pool-33-thread-1] INFO  impl.RaftServerImpl (RaftServerImpl.java:setRole(172)) - e6a39719-41af-45a0-9aba-12a9942a83ed@group-0A20FCA87539: changes role from      null to FOLLOWER at term 0 for startAsFollower
2020-04-24 20:27:22,111 [pool-33-thread-1] INFO  impl.RoleInfo (RoleInfo.java:updateAndGet(143)) - e6a39719-41af-45a0-9aba-12a9942a83ed: start FollowerState
2020-04-24 20:27:22,111 [pool-33-thread-1] INFO  util.JmxRegister (JmxRegister.java:tryRegister(44)) - Successfully registered JMX Bean with object name Ratis:service=RaftServer,group=group-0A20FCA87539,id=e6a39719-41af-45a0-9aba-12a9942a83ed
2020-04-24 20:27:22,111 [pool-33-thread-1] INFO  metrics.RatisMetrics (RatisMetrics.java:lambda$create$0(39)) - Creating Metrics Registry : ratis.state_machine.e6a39719-41af-45a0-9aba-12a9942a83ed@group-0A20FCA87539
2020-04-24 20:27:22,126 [pool-63-thread-1] INFO  ratis.ContainerStateMachine (ContainerStateMachine.java:loadSnapshot(226)) - group-1CA70264D2AA: The snapshot info is null. Setting the last applied indexto:(t:0, i:~)
2020-04-24 20:27:22,126 [pool-63-thread-1] INFO  server.RaftServerConfigKeys (ConfUtils.java:logGet(44)) - raft.server.notification.no-leader.timeout = 60s (default)
2020-04-24 20:27:22,126 [pool-63-thread-1] INFO  server.RaftServerConfigKeys (ConfUtils.java:logGet(44)) - raft.server.log.use.memory = false (default)
2020-04-24 20:27:22,126 [pool-63-thread-1] INFO  server.RaftServerConfigKeys (ConfUtils.java:logGet(44)) - raft.server.log.purge.gap = 1000000 (custom)
2020-04-24 20:27:22,126 [pool-63-thread-1] INFO  server.RaftServerConfigKeys (ConfUtils.java:logGet(44)) - raft.server.log.appender.buffer.byte-limit = 33554432 (custom)
2020-04-24 20:27:22,126 [pool-63-thread-1] INFO  server.RaftServerConfigKeys (ConfUtils.java:logGet(44)) - raft.server.log.segment.size.max = 1048576 (custom)
2020-04-24 20:27:22,127 [pool-63-thread-1] INFO  metrics.RatisMetrics (RatisMetrics.java:lambda$create$0(39)) - Creating Metrics Registry : ratis.log_worker.31449f8f-ec1f-4ac2-83ad-66a60b16ee32
2020-04-24 20:27:22,127 [pool-63-thread-1] INFO  server.RaftServerConfigKeys (ConfUtils.java:logGet(44)) - raft.server.log.segment.cache.num.max = 2 (custom)
2020-04-24 20:27:22,127 [pool-63-thread-1] INFO  segmented.SegmentedRaftLogWorker (SegmentedRaftLogWorker.java:<init>(176)) - new 31449f8f-ec1f-4ac2-83ad-66a60b16ee32@group-1CA70264D2AA-SegmentedRaftLogWorker for RaftStorage:Storage Directory /github/workspace/mnt/ozone/hadoop-ozone/integration-test/target/test-dir/MiniOzoneClusterImpl-d6dadc52-2dce-4330-b064-6fa024a66247/datanode-2/data/ratis/05920762-c27b-4d4a-bd69-1ca70264d2aa
2020-04-24 20:27:22,127 [pool-63-thread-1] INFO  server.RaftServerConfigKeys (ConfUtils.java:logGet(44)) - raft.server.log.queue.byte-limit = 2147483647 (custom)
2020-04-24 20:27:22,127 [pool-63-thread-1] INFO  server.RaftServerConfigKeys (ConfUtils.java:logGet(44)) - raft.server.log.queue.element-limit = 1024 (custom)
2020-04-24 20:27:22,127 [pool-63-thread-1] INFO  server.RaftServerConfigKeys (ConfUtils.java:logGet(44)) - raft.server.log.segment.size.max = 1048576 (custom)
2020-04-24 20:27:22,127 [pool-63-thread-1] INFO  server.RaftServerConfigKeys (ConfUtils.java:logGet(44)) - raft.server.log.preallocated.size = 16384 (custom)
2020-04-24 20:27:22,127 [pool-63-thread-1] INFO  server.RaftServerConfigKeys (ConfUtils.java:logGet(44)) - raft.server.log.write.buffer.size = 1048576 (custom)
2020-04-24 20:27:22,127 [pool-63-thread-1] INFO  server.RaftServerConfigKeys (ConfUtils.java:logGet(44)) - raft.server.log.force.sync.num = 128 (default)
2020-04-24 20:27:22,128 [pool-63-thread-1] INFO  server.RaftServerConfigKeys (ConfUtils.java:logGet(44)) - raft.server.log.statemachine.data.sync = true (default)
2020-04-24 20:27:22,128 [pool-63-thread-1] INFO  server.RaftServerConfigKeys (ConfUtils.java:logGet(44)) - raft.server.log.statemachine.data.sync.timeout = 10s (default)
2020-04-24 20:27:22,128 [pool-63-thread-1] INFO  server.RaftServerConfigKeys (ConfUtils.java:logGet(44)) - raft.server.log.statemachine.data.sync.timeout.retry = -1 (default)
2020-04-24 20:27:22,129 [pool-63-thread-1] INFO  server.RaftServerConfigKeys (ConfUtils.java:logGet(44)) - raft.server.log.statemachine.data.caching.enabled = true (custom)
2020-04-24 20:27:22,130 [pool-63-thread-1] INFO  segmented.SegmentedRaftLogWorker (SegmentedRaftLogWorker.java:lambda$new$0(129)) - 31449f8f-ec1f-4ac2-83ad-66a60b16ee32@group-1CA70264D2AA-SegmentedRaftLogWorker: flushIndex: setUnconditionally 0 -> -1
2020-04-24 20:27:22,131 [pool-63-thread-1] INFO  server.RaftServerConfigKeys (ConfUtils.java:logGet(44)) - raft.server.snapshot.auto.trigger.enabled = true (custom)
2020-04-24 20:27:22,131 [pool-63-thread-1] INFO  server.RaftServerConfigKeys (ConfUtils.java:logGet(44)) - raft.server.snapshot.auto.trigger.threshold = 10000 (custom)
2020-04-24 20:27:22,131 [pool-63-thread-1] INFO  server.RaftServerConfigKeys (ConfUtils.java:logGet(44)) - raft.server.snapshot.retention.file.num = 5 (custom)
2020-04-24 20:27:22,131 [pool-63-thread-1] INFO  server.RaftServerConfigKeys (ConfUtils.java:logGet(44)) - raft.server.retrycache.expirytime = 600000ms (custom)
2020-04-24 20:27:22,131 [pool-63-thread-1] INFO  metrics.RatisMetrics (RatisMetrics.java:lambda$create$0(39)) - Creating Metrics Registry : ratis.leader_election.31449f8f-ec1f-4ac2-83ad-66a60b16ee32@group-1CA70264D2AA
2020-04-24 20:27:22,132 [pool-63-thread-1] INFO  metrics.RatisMetrics (RatisMetrics.java:lambda$create$0(39)) - Creating Metrics Registry : ratis.server.31449f8f-ec1f-4ac2-83ad-66a60b16ee32@group-1CA70264D2AA
2020-04-24 20:27:22,133 [pool-63-thread-1] INFO  impl.RaftServerImpl (RaftServerImpl.java:start(183)) - 31449f8f-ec1f-4ac2-83ad-66a60b16ee32@group-1CA70264D2AA: start as a follower, conf=-1: [31449f8f-ec1f-4ac2-83ad-66a60b16ee32:172.17.0.2:44567], old=null
2020-04-24 20:27:22,133 [pool-63-thread-1] INFO  impl.RaftServerImpl (RaftServerImpl.java:setRole(172)) - 31449f8f-ec1f-4ac2-83ad-66a60b16ee32@group-1CA70264D2AA: changes role from      null to FOLLOWER at term 0 for startAsFollower
2020-04-24 20:27:22,133 [pool-63-thread-1] INFO  impl.RoleInfo (RoleInfo.java:updateAndGet(143)) - 31449f8f-ec1f-4ac2-83ad-66a60b16ee32: start FollowerState
2020-04-24 20:27:22,134 [pool-63-thread-1] INFO  util.JmxRegister (JmxRegister.java:tryRegister(44)) - Successfully registered JMX Bean with object name Ratis:service=RaftServer,group=group-1CA70264D2AA,id=31449f8f-ec1f-4ac2-83ad-66a60b16ee32
2020-04-24 20:27:22,134 [pool-63-thread-1] INFO  metrics.RatisMetrics (RatisMetrics.java:lambda$create$0(39)) - Creating Metrics Registry : ratis.state_machine.31449f8f-ec1f-4ac2-83ad-66a60b16ee32@group-1CA70264D2AA
2020-04-24 20:27:22,147 [Command processor thread] INFO  commandhandler.CreatePipelineCommandHandler (CreatePipelineCommandHandler.java:handle(109)) - Created Pipeline RATIS ONE #id: "05920762-c27b-4d4a-bd69-1ca70264d2aa"
.
2020-04-24 20:27:22,148 [Command processor thread] INFO  impl.RaftServerProxy (RaftServerProxy.java:addNew(89)) - 31449f8f-ec1f-4ac2-83ad-66a60b16ee32: addNew group-0A20FCA87539:[31449f8f-ec1f-4ac2-83ad-66a60b16ee32:172.17.0.2:44567, e6a39719-41af-45a0-9aba-12a9942a83ed:172.17.0.2:41865, eb380d38-0563-4e7d-87d8-298c42025015:172.17.0.2:33061] returns group-0A20FCA87539:java.util.concurrent.CompletableFuture@7ccf251b[Not completed]
2020-04-24 20:27:22,149 [pool-63-thread-1] INFO  impl.RaftServerImpl (RaftServerImpl.java:<init>(97)) - 31449f8f-ec1f-4ac2-83ad-66a60b16ee32: new RaftServerImpl for group-0A20FCA87539:[31449f8f-ec1f-4ac2-83ad-66a60b16ee32:172.17.0.2:44567, e6a39719-41af-45a0-9aba-12a9942a83ed:172.17.0.2:41865, eb380d38-0563-4e7d-87d8-298c42025015:172.17.0.2:33061] with ContainerStateMachine:uninitialized
2020-04-24 20:27:22,149 [pool-63-thread-1] INFO  server.RaftServerConfigKeys (ConfUtils.java:logGet(44)) - raft.server.rpc.timeout.min = 5s (custom)
2020-04-24 20:27:22,149 [pool-63-thread-1] INFO  server.RaftServerConfigKeys (ConfUtils.java:logGet(44)) - raft.server.rpc.timeout.max = 5200ms (custom)
2020-04-24 20:27:22,150 [pool-63-thread-1] INFO  server.RaftServerConfigKeys (ConfUtils.java:logGet(44)) - raft.server.rpcslowness.timeout = 300s (custom)
2020-04-24 20:27:22,150 [pool-63-thread-1] INFO  server.RaftServerConfigKeys (ConfUtils.java:logGet(44)) - raft.server.sleep.deviation.threshold = 300 (default)
2020-04-24 20:27:22,150 [pool-63-thread-1] INFO  server.RaftServerConfigKeys (ConfUtils.java:logGet(44)) - raft.server.log.appender.install.snapshot.enabled = false (custom)
2020-04-24 20:27:22,150 [pool-63-thread-1] INFO  impl.RaftServerImpl (ServerState.java:<init>(103)) - 31449f8f-ec1f-4ac2-83ad-66a60b16ee32@group-0A20FCA87539: ConfigurationManager, init=-1: [31449f8f-ec1f-4ac2-83ad-66a60b16ee32:172.17.0.2:44567, e6a39719-41af-45a0-9aba-12a9942a83ed:172.17.0.2:41865, eb380d38-0563-4e7d-87d8-298c42025015:172.17.0.2:33061], old=null, confs=<EMPTY_MAP>
2020-04-24 20:27:22,150 [pool-63-thread-1] INFO  server.RaftServerConfigKeys (ConfUtils.java:logGet(44)) - raft.server.storage.dir = [/github/workspace/mnt/ozone/hadoop-ozone/integration-test/target/test-dir/MiniOzoneClusterImpl-d6dadc52-2dce-4330-b064-6fa024a66247/datanode-2/data/ratis] (custom)
2020-04-24 20:27:22,150 [pool-63-thread-1] INFO  server.RaftServerConfigKeys (ConfUtils.java:logGet(44)) - raft.server.log.corruption.policy = EXCEPTION (default)
2020-04-24 20:27:22,150 [pool-63-thread-1] INFO  storage.RaftStorageDirectory (RaftStorageDirectory.java:analyzeStorage(253)) - The storage directory /github/workspace/mnt/ozone/hadoop-ozone/integration-test/target/test-dir/MiniOzoneClusterImpl-d6dadc52-2dce-4330-b064-6fa024a66247/datanode-2/data/ratis/44e8b8c5-2fb6-4cb8-aaea-0a20fca87539 does not exist. Creating ...
2020-04-24 20:27:22,155 [pool-63-thread-1] INFO  storage.RaftStorageDirectory (RaftStorageDirectory.java:tryLock(335)) - Lock on /github/workspace/mnt/ozone/hadoop-ozone/integration-test/target/test-dir/MiniOzoneClusterImpl-d6dadc52-2dce-4330-b064-6fa024a66247/datanode-2/data/ratis/44e8b8c5-2fb6-4cb8-aaea-0a20fca87539/in_use.lock acquired by nodename 3261@7f15249d6341
2020-04-24 20:27:22,156 [EventQueue-PipelineReportForPipelineReportHandler] INFO  pipeline.PipelineStateManager (PipelineStateManager.java:openPipeline(131)) - Pipeline Pipeline[ Id: 05920762-c27b-4d4a-bd69-1ca70264d2aa, Nodes: 31449f8f-ec1f-4ac2-83ad-66a60b16ee32{ip: 172.17.0.2, host: 7f15249d6341, networkLocation: /default-rack, certSerialId: null}, Type:RATIS, Factor:ONE, State:ALLOCATED, leaderId:31449f8f-ec1f-4ac2-83ad-66a60b16ee32, CreationTimestamp2020-04-24T20:27:19.063Z] moved to OPEN state
2020-04-24 20:27:22,156 [EventQueue-OpenPipelineForHealthyPipelineSafeModeRule] INFO  safemode.SCMSafeModeManager (HealthyPipelineSafeModeRule.java:process(132)) - SCM in safe mode. Healthy pipelines reported count is 0, required healthy pipeline reported count is 1
2020-04-24 20:27:22,156 [EventQueue-OpenPipelineForOneReplicaPipelineSafeModeRule] INFO  safemode.SCMSafeModeManager (SCMSafeModeManager.java:validateSafeModeExitRules(183)) - AtleastOneDatanodeReportedRule rule is successfully validated
2020-04-24 20:27:22,158 [pool-63-thread-1] INFO  storage.RaftStorage (RaftStorage.java:format(84)) - Storage directory /github/workspace/mnt/ozone/hadoop-ozone/integration-test/target/test-dir/MiniOzoneClusterImpl-d6dadc52-2dce-4330-b064-6fa024a66247/datanode-2/data/ratis/44e8b8c5-2fb6-4cb8-aaea-0a20fca87539 has been successfully formatted.
2020-04-24 20:27:22,159 [pool-63-thread-1] INFO  ratis.ContainerStateMachine (ContainerStateMachine.java:loadSnapshot(226)) - group-0A20FCA87539: The snapshot info is null. Setting the last applied indexto:(t:0, i:~)
2020-04-24 20:27:22,159 [pool-63-thread-1] INFO  server.RaftServerConfigKeys (ConfUtils.java:logGet(44)) - raft.server.notification.no-leader.timeout = 60s (default)
2020-04-24 20:27:22,159 [pool-63-thread-1] INFO  server.RaftServerConfigKeys (ConfUtils.java:logGet(44)) - raft.server.log.use.memory = false (default)
2020-04-24 20:27:22,160 [pool-63-thread-1] INFO  server.RaftServerConfigKeys (ConfUtils.java:logGet(44)) - raft.server.log.purge.gap = 1000000 (custom)
2020-04-24 20:27:22,160 [pool-63-thread-1] INFO  server.RaftServerConfigKeys (ConfUtils.java:logGet(44)) - raft.server.log.appender.buffer.byte-limit = 33554432 (custom)
2020-04-24 20:27:22,160 [pool-63-thread-1] INFO  server.RaftServerConfigKeys (ConfUtils.java:logGet(44)) - raft.server.log.segment.size.max = 1048576 (custom)
2020-04-24 20:27:22,160 [pool-63-thread-1] INFO  server.RaftServerConfigKeys (ConfUtils.java:logGet(44)) - raft.server.log.segment.cache.num.max = 2 (custom)
2020-04-24 20:27:22,160 [pool-63-thread-1] INFO  segmented.SegmentedRaftLogWorker (SegmentedRaftLogWorker.java:<init>(176)) - new 31449f8f-ec1f-4ac2-83ad-66a60b16ee32@group-0A20FCA87539-SegmentedRaftLogWorker for RaftStorage:Storage Directory /github/workspace/mnt/ozone/hadoop-ozone/integration-test/target/test-dir/MiniOzoneClusterImpl-d6dadc52-2dce-4330-b064-6fa024a66247/datanode-2/data/ratis/44e8b8c5-2fb6-4cb8-aaea-0a20fca87539
2020-04-24 20:27:22,161 [pool-63-thread-1] INFO  server.RaftServerConfigKeys (ConfUtils.java:logGet(44)) - raft.server.log.queue.byte-limit = 2147483647 (custom)
2020-04-24 20:27:22,161 [pool-63-thread-1] INFO  server.RaftServerConfigKeys (ConfUtils.java:logGet(44)) - raft.server.log.queue.element-limit = 1024 (custom)
2020-04-24 20:27:22,161 [pool-63-thread-1] INFO  server.RaftServerConfigKeys (ConfUtils.java:logGet(44)) - raft.server.log.segment.size.max = 1048576 (custom)
2020-04-24 20:27:22,161 [pool-63-thread-1] INFO  server.RaftServerConfigKeys (ConfUtils.java:logGet(44)) - raft.server.log.preallocated.size = 16384 (custom)
2020-04-24 20:27:22,161 [pool-63-thread-1] INFO  server.RaftServerConfigKeys (ConfUtils.java:logGet(44)) - raft.server.log.write.buffer.size = 1048576 (custom)
2020-04-24 20:27:22,161 [pool-63-thread-1] INFO  server.RaftServerConfigKeys (ConfUtils.java:logGet(44)) - raft.server.log.force.sync.num = 128 (default)
2020-04-24 20:27:22,161 [pool-63-thread-1] INFO  server.RaftServerConfigKeys (ConfUtils.java:logGet(44)) - raft.server.log.statemachine.data.sync = true (default)
2020-04-24 20:27:22,161 [pool-63-thread-1] INFO  server.RaftServerConfigKeys (ConfUtils.java:logGet(44)) - raft.server.log.statemachine.data.sync.timeout = 10s (default)
2020-04-24 20:27:22,162 [pool-63-thread-1] INFO  server.RaftServerConfigKeys (ConfUtils.java:logGet(44)) - raft.server.log.statemachine.data.sync.timeout.retry = -1 (default)
2020-04-24 20:27:22,162 [pool-63-thread-1] INFO  server.RaftServerConfigKeys (ConfUtils.java:logGet(44)) - raft.server.log.statemachine.data.caching.enabled = true (custom)
2020-04-24 20:27:22,162 [pool-63-thread-1] INFO  segmented.SegmentedRaftLogWorker (SegmentedRaftLogWorker.java:lambda$new$0(129)) - 31449f8f-ec1f-4ac2-83ad-66a60b16ee32@group-0A20FCA87539-SegmentedRaftLogWorker: flushIndex: setUnconditionally 0 -> -1
2020-04-24 20:27:22,162 [pool-63-thread-1] INFO  server.RaftServerConfigKeys (ConfUtils.java:logGet(44)) - raft.server.snapshot.auto.trigger.enabled = true (custom)
2020-04-24 20:27:22,163 [pool-63-thread-1] INFO  server.RaftServerConfigKeys (ConfUtils.java:logGet(44)) - raft.server.snapshot.auto.trigger.threshold = 10000 (custom)
2020-04-24 20:27:22,163 [pool-63-thread-1] INFO  server.RaftServerConfigKeys (ConfUtils.java:logGet(44)) - raft.server.snapshot.retention.file.num = 5 (custom)
2020-04-24 20:27:22,163 [pool-63-thread-1] INFO  server.RaftServerConfigKeys (ConfUtils.java:logGet(44)) - raft.server.retrycache.expirytime = 600000ms (custom)
2020-04-24 20:27:22,163 [pool-63-thread-1] INFO  metrics.RatisMetrics (RatisMetrics.java:lambda$create$0(39)) - Creating Metrics Registry : ratis.leader_election.31449f8f-ec1f-4ac2-83ad-66a60b16ee32@group-0A20FCA87539
2020-04-24 20:27:22,164 [pool-63-thread-1] INFO  metrics.RatisMetrics (RatisMetrics.java:lambda$create$0(39)) - Creating Metrics Registry : ratis.server.31449f8f-ec1f-4ac2-83ad-66a60b16ee32@group-0A20FCA87539
2020-04-24 20:27:22,165 [pool-63-thread-1] INFO  impl.RaftServerImpl (RaftServerImpl.java:start(183)) - 31449f8f-ec1f-4ac2-83ad-66a60b16ee32@group-0A20FCA87539: start as a follower, conf=-1: [31449f8f-ec1f-4ac2-83ad-66a60b16ee32:172.17.0.2:44567, e6a39719-41af-45a0-9aba-12a9942a83ed:172.17.0.2:41865, eb380d38-0563-4e7d-87d8-298c42025015:172.17.0.2:33061], old=null
2020-04-24 20:27:22,165 [pool-63-thread-1] INFO  impl.RaftServerImpl (RaftServerImpl.java:setRole(172)) - 31449f8f-ec1f-4ac2-83ad-66a60b16ee32@group-0A20FCA87539: changes role from      null to FOLLOWER at term 0 for startAsFollower
2020-04-24 20:27:22,165 [pool-63-thread-1] INFO  impl.RoleInfo (RoleInfo.java:updateAndGet(143)) - 31449f8f-ec1f-4ac2-83ad-66a60b16ee32: start FollowerState
2020-04-24 20:27:22,166 [pool-63-thread-1] INFO  util.JmxRegister (JmxRegister.java:tryRegister(44)) - Successfully registered JMX Bean with object name Ratis:service=RaftServer,group=group-0A20FCA87539,id=31449f8f-ec1f-4ac2-83ad-66a60b16ee32
2020-04-24 20:27:22,166 [pool-63-thread-1] INFO  metrics.RatisMetrics (RatisMetrics.java:lambda$create$0(39)) - Creating Metrics Registry : ratis.state_machine.31449f8f-ec1f-4ac2-83ad-66a60b16ee32@group-0A20FCA87539
2020-04-24 20:27:23,057 [main] INFO  ozone.MiniOzoneClusterImpl (MiniOzoneClusterImpl.java:lambda$waitForClusterToBeReady$0(177)) - Nodes are ready. Got 3 of 3 DN Heartbeats.
2020-04-24 20:27:23,057 [main] INFO  ozone.MiniOzoneClusterImpl (MiniOzoneClusterImpl.java:lambda$waitForClusterToBeReady$0(180)) - Waiting for cluster to exit safe mode
2020-04-24 20:27:23,171 [Command processor thread] INFO  commandhandler.CreatePipelineCommandHandler (CreatePipelineCommandHandler.java:handle(109)) - Created Pipeline RATIS THREE #id: "44e8b8c5-2fb6-4cb8-aaea-0a20fca87539"
.
2020-04-24 20:27:23,172 [Command processor thread] INFO  commandhandler.CreatePipelineCommandHandler (CreatePipelineCommandHandler.java:handle(109)) - Created Pipeline RATIS THREE #id: "44e8b8c5-2fb6-4cb8-aaea-0a20fca87539"
.
2020-04-24 20:27:23,186 [Command processor thread] INFO  commandhandler.CreatePipelineCommandHandler (CreatePipelineCommandHandler.java:handle(109)) - Created Pipeline RATIS THREE #id: "44e8b8c5-2fb6-4cb8-aaea-0a20fca87539"
.
2020-04-24 20:27:24,057 [main] INFO  ozone.MiniOzoneClusterImpl (MiniOzoneClusterImpl.java:lambda$waitForClusterToBeReady$0(177)) - Nodes are ready. Got 3 of 3 DN Heartbeats.
2020-04-24 20:27:24,057 [main] INFO  ozone.MiniOzoneClusterImpl (MiniOzoneClusterImpl.java:lambda$waitForClusterToBeReady$0(180)) - Waiting for cluster to exit safe mode
2020-04-24 20:27:25,058 [main] INFO  ozone.MiniOzoneClusterImpl (MiniOzoneClusterImpl.java:lambda$waitForClusterToBeReady$0(177)) - Nodes are ready. Got 3 of 3 DN Heartbeats.
2020-04-24 20:27:25,058 [main] INFO  ozone.MiniOzoneClusterImpl (MiniOzoneClusterImpl.java:lambda$waitForClusterToBeReady$0(180)) - Waiting for cluster to exit safe mode
2020-04-24 20:27:26,058 [main] INFO  ozone.MiniOzoneClusterImpl (MiniOzoneClusterImpl.java:lambda$waitForClusterToBeReady$0(177)) - Nodes are ready. Got 3 of 3 DN Heartbeats.
2020-04-24 20:27:26,059 [main] INFO  ozone.MiniOzoneClusterImpl (MiniOzoneClusterImpl.java:lambda$waitForClusterToBeReady$0(180)) - Waiting for cluster to exit safe mode
2020-04-24 20:27:27,036 [Thread-179] INFO  impl.FollowerState (FollowerState.java:run(108)) - e6a39719-41af-45a0-9aba-12a9942a83ed@group-FD91F710CC7F-FollowerState: change to CANDIDATE, lastRpcTime:5024ms, electionTimeout:5005ms
2020-04-24 20:27:27,039 [Thread-179] INFO  impl.RoleInfo (RoleInfo.java:shutdownFollowerState(121)) - e6a39719-41af-45a0-9aba-12a9942a83ed: shutdown FollowerState
2020-04-24 20:27:27,039 [Thread-179] INFO  impl.RaftServerImpl (RaftServerImpl.java:setRole(172)) - e6a39719-41af-45a0-9aba-12a9942a83ed@group-FD91F710CC7F: changes role from  FOLLOWER to CANDIDATE at term 0 for changeToCandidate
2020-04-24 20:27:27,043 [Thread-179] INFO  impl.RoleInfo (RoleInfo.java:updateAndGet(143)) - e6a39719-41af-45a0-9aba-12a9942a83ed: start LeaderElection
2020-04-24 20:27:27,049 [e6a39719-41af-45a0-9aba-12a9942a83ed@group-FD91F710CC7F-LeaderElection1] INFO  impl.LeaderElection (LeaderElection.java:askForVotes(206)) - e6a39719-41af-45a0-9aba-12a9942a83ed@group-FD91F710CC7F-LeaderElection1: begin an election at term 1 for -1: [e6a39719-41af-45a0-9aba-12a9942a83ed:172.17.0.2:41865], old=null
2020-04-24 20:27:27,051 [e6a39719-41af-45a0-9aba-12a9942a83ed@group-FD91F710CC7F-LeaderElection1] INFO  impl.RoleInfo (RoleInfo.java:shutdownLeaderElection(134)) - e6a39719-41af-45a0-9aba-12a9942a83ed: shutdown LeaderElection
2020-04-24 20:27:27,051 [e6a39719-41af-45a0-9aba-12a9942a83ed@group-FD91F710CC7F-LeaderElection1] INFO  impl.RaftServerImpl (RaftServerImpl.java:setRole(172)) - e6a39719-41af-45a0-9aba-12a9942a83ed@group-FD91F710CC7F: changes role from CANDIDATE to LEADER at term 1 for changeToLeader
2020-04-24 20:27:27,051 [e6a39719-41af-45a0-9aba-12a9942a83ed@group-FD91F710CC7F-LeaderElection1] INFO  ratis.XceiverServerRatis (XceiverServerRatis.java:handleLeaderChangedNotification(761)) - Leader change notification received for group: group-FD91F710CC7F with new leaderId: e6a39719-41af-45a0-9aba-12a9942a83ed
2020-04-24 20:27:27,053 [e6a39719-41af-45a0-9aba-12a9942a83ed@group-FD91F710CC7F-LeaderElection1] INFO  impl.RaftServerImpl (ServerState.java:setLeader(255)) - e6a39719-41af-45a0-9aba-12a9942a83ed@group-FD91F710CC7F: change Leader from null to e6a39719-41af-45a0-9aba-12a9942a83ed at term 1 for becomeLeader, leader elected after 5217ms
2020-04-24 20:27:27,059 [main] INFO  ozone.MiniOzoneClusterImpl (MiniOzoneClusterImpl.java:lambda$waitForClusterToBeReady$0(177)) - Nodes are ready. Got 3 of 3 DN Heartbeats.
2020-04-24 20:27:27,059 [main] INFO  ozone.MiniOzoneClusterImpl (MiniOzoneClusterImpl.java:lambda$waitForClusterToBeReady$0(180)) - Waiting for cluster to exit safe mode
2020-04-24 20:27:27,059 [e6a39719-41af-45a0-9aba-12a9942a83ed@group-FD91F710CC7F-LeaderElection1] INFO  server.RaftServerConfigKeys (ConfUtils.java:logGet(44)) - raft.server.staging.catchup.gap = 1000 (default)
2020-04-24 20:27:27,060 [e6a39719-41af-45a0-9aba-12a9942a83ed@group-FD91F710CC7F-LeaderElection1] INFO  server.RaftServerConfigKeys (ConfUtils.java:logGet(44)) - raft.server.rpc.sleep.time = 25ms (default)
2020-04-24 20:27:27,063 [e6a39719-41af-45a0-9aba-12a9942a83ed@group-FD91F710CC7F-LeaderElection1] INFO  metrics.RatisMetrics (RatisMetrics.java:lambda$create$0(39)) - Creating Metrics Registry : ratis.log_appender.e6a39719-41af-45a0-9aba-12a9942a83ed@group-FD91F710CC7F
2020-04-24 20:27:27,065 [e6a39719-41af-45a0-9aba-12a9942a83ed@group-FD91F710CC7F-LeaderElection1] INFO  server.RaftServerConfigKeys (ConfUtils.java:logGet(44)) - raft.server.write.element-limit = 1024 (custom)
2020-04-24 20:27:27,066 [e6a39719-41af-45a0-9aba-12a9942a83ed@group-FD91F710CC7F-LeaderElection1] INFO  server.RaftServerConfigKeys (ConfUtils.java:logGet(44)) - raft.server.write.byte-limit = 1073741824 (custom)
2020-04-24 20:27:27,085 [e6a39719-41af-45a0-9aba-12a9942a83ed@group-FD91F710CC7F-LeaderElection1] INFO  server.RaftServerConfigKeys (ConfUtils.java:logGet(44)) - raft.server.watch.timeout = 10s (default)
2020-04-24 20:27:27,085 [e6a39719-41af-45a0-9aba-12a9942a83ed@group-FD91F710CC7F-LeaderElection1] INFO  server.RaftServerConfigKeys (ConfUtils.java:logGet(44)) - raft.server.watch.timeout.denomination = 1s (default)
2020-04-24 20:27:27,086 [e6a39719-41af-45a0-9aba-12a9942a83ed@group-FD91F710CC7F-LeaderElection1] INFO  server.RaftServerConfigKeys (ConfUtils.java:logGet(44)) - raft.server.watch.element-limit = 65536 (default)
2020-04-24 20:27:27,086 [Thread-178] INFO  impl.FollowerState (FollowerState.java:run(108)) - eb380d38-0563-4e7d-87d8-298c42025015@group-36F075596B20-FollowerState: change to CANDIDATE, lastRpcTime:5078ms, electionTimeout:5069ms
2020-04-24 20:27:27,087 [Thread-178] INFO  impl.RoleInfo (RoleInfo.java:shutdownFollowerState(121)) - eb380d38-0563-4e7d-87d8-298c42025015: shutdown FollowerState
2020-04-24 20:27:27,088 [Thread-178] INFO  impl.RaftServerImpl (RaftServerImpl.java:setRole(172)) - eb380d38-0563-4e7d-87d8-298c42025015@group-36F075596B20: changes role from  FOLLOWER to CANDIDATE at term 0 for changeToCandidate
2020-04-24 20:27:27,088 [Thread-178] INFO  impl.RoleInfo (RoleInfo.java:updateAndGet(143)) - eb380d38-0563-4e7d-87d8-298c42025015: start LeaderElection
2020-04-24 20:27:27,101 [e6a39719-41af-45a0-9aba-12a9942a83ed@group-FD91F710CC7F-LeaderElection1] INFO  impl.RoleInfo (RoleInfo.java:updateAndGet(143)) - e6a39719-41af-45a0-9aba-12a9942a83ed: start LeaderState
2020-04-24 20:27:27,101 [eb380d38-0563-4e7d-87d8-298c42025015@group-36F075596B20-LeaderElection2] INFO  impl.LeaderElection (LeaderElection.java:askForVotes(206)) - eb380d38-0563-4e7d-87d8-298c42025015@group-36F075596B20-LeaderElection2: begin an election at term 1 for -1: [eb380d38-0563-4e7d-87d8-298c42025015:172.17.0.2:33061], old=null
2020-04-24 20:27:27,102 [eb380d38-0563-4e7d-87d8-298c42025015@group-36F075596B20-LeaderElection2] INFO  impl.RoleInfo (RoleInfo.java:shutdownLeaderElection(134)) - eb380d38-0563-4e7d-87d8-298c42025015: shutdown LeaderElection
2020-04-24 20:27:27,102 [eb380d38-0563-4e7d-87d8-298c42025015@group-36F075596B20-LeaderElection2] INFO  impl.RaftServerImpl (RaftServerImpl.java:setRole(172)) - eb380d38-0563-4e7d-87d8-298c42025015@group-36F075596B20: changes role from CANDIDATE to LEADER at term 1 for changeToLeader
2020-04-24 20:27:27,102 [eb380d38-0563-4e7d-87d8-298c42025015@group-36F075596B20-LeaderElection2] INFO  ratis.XceiverServerRatis (XceiverServerRatis.java:handleLeaderChangedNotification(761)) - Leader change notification received for group: group-36F075596B20 with new leaderId: eb380d38-0563-4e7d-87d8-298c42025015
2020-04-24 20:27:27,102 [eb380d38-0563-4e7d-87d8-298c42025015@group-36F075596B20-LeaderElection2] INFO  impl.RaftServerImpl (ServerState.java:setLeader(255)) - eb380d38-0563-4e7d-87d8-298c42025015@group-36F075596B20: change Leader from null to eb380d38-0563-4e7d-87d8-298c42025015 at term 1 for becomeLeader, leader elected after 5126ms
2020-04-24 20:27:27,102 [eb380d38-0563-4e7d-87d8-298c42025015@group-36F075596B20-LeaderElection2] INFO  server.RaftServerConfigKeys (ConfUtils.java:logGet(44)) - raft.server.staging.catchup.gap = 1000 (default)
2020-04-24 20:27:27,103 [eb380d38-0563-4e7d-87d8-298c42025015@group-36F075596B20-LeaderElection2] INFO  server.RaftServerConfigKeys (ConfUtils.java:logGet(44)) - raft.server.rpc.sleep.time = 25ms (default)
2020-04-24 20:27:27,106 [eb380d38-0563-4e7d-87d8-298c42025015@group-36F075596B20-LeaderElection2] INFO  metrics.RatisMetrics (RatisMetrics.java:lambda$create$0(39)) - Creating Metrics Registry : ratis.log_appender.eb380d38-0563-4e7d-87d8-298c42025015@group-36F075596B20
2020-04-24 20:27:27,112 [eb380d38-0563-4e7d-87d8-298c42025015@group-36F075596B20-LeaderElection2] INFO  server.RaftServerConfigKeys (ConfUtils.java:logGet(44)) - raft.server.write.element-limit = 1024 (custom)
2020-04-24 20:27:27,112 [eb380d38-0563-4e7d-87d8-298c42025015@group-36F075596B20-LeaderElection2] INFO  server.RaftServerConfigKeys (ConfUtils.java:logGet(44)) - raft.server.write.byte-limit = 1073741824 (custom)
2020-04-24 20:27:27,113 [eb380d38-0563-4e7d-87d8-298c42025015@group-36F075596B20-LeaderElection2] INFO  server.RaftServerConfigKeys (ConfUtils.java:logGet(44)) - raft.server.watch.timeout = 10s (default)
2020-04-24 20:27:27,113 [eb380d38-0563-4e7d-87d8-298c42025015@group-36F075596B20-LeaderElection2] INFO  server.RaftServerConfigKeys (ConfUtils.java:logGet(44)) - raft.server.watch.timeout.denomination = 1s (default)
2020-04-24 20:27:27,113 [eb380d38-0563-4e7d-87d8-298c42025015@group-36F075596B20-LeaderElection2] INFO  server.RaftServerConfigKeys (ConfUtils.java:logGet(44)) - raft.server.watch.element-limit = 65536 (default)
2020-04-24 20:27:27,113 [eb380d38-0563-4e7d-87d8-298c42025015@group-36F075596B20-LeaderElection2] INFO  impl.RoleInfo (RoleInfo.java:updateAndGet(143)) - eb380d38-0563-4e7d-87d8-298c42025015: start LeaderState
2020-04-24 20:27:27,131 [eb380d38-0563-4e7d-87d8-298c42025015@group-36F075596B20-LeaderElection2] INFO  segmented.SegmentedRaftLogWorker (SegmentedRaftLogWorker.java:startLogSegment(391)) - eb380d38-0563-4e7d-87d8-298c42025015@group-36F075596B20-SegmentedRaftLogWorker: Starting segment from index:0
2020-04-24 20:27:27,131 [e6a39719-41af-45a0-9aba-12a9942a83ed@group-FD91F710CC7F-LeaderElection1] INFO  segmented.SegmentedRaftLogWorker (SegmentedRaftLogWorker.java:startLogSegment(391)) - e6a39719-41af-45a0-9aba-12a9942a83ed@group-FD91F710CC7F-SegmentedRaftLogWorker: Starting segment from index:0
2020-04-24 20:27:27,156 [eb380d38-0563-4e7d-87d8-298c42025015@group-36F075596B20-LeaderElection2] INFO  impl.RaftServerImpl (ServerState.java:setRaftConf(356)) - eb380d38-0563-4e7d-87d8-298c42025015@group-36F075596B20: set configuration 0: [eb380d38-0563-4e7d-87d8-298c42025015:172.17.0.2:33061], old=null at 0
2020-04-24 20:27:27,156 [e6a39719-41af-45a0-9aba-12a9942a83ed@group-FD91F710CC7F-LeaderElection1] INFO  impl.RaftServerImpl (ServerState.java:setRaftConf(356)) - e6a39719-41af-45a0-9aba-12a9942a83ed@group-FD91F710CC7F: set configuration 0: [e6a39719-41af-45a0-9aba-12a9942a83ed:172.17.0.2:41865], old=null at 0
2020-04-24 20:27:27,199 [Thread-183] INFO  impl.FollowerState (FollowerState.java:run(108)) - e6a39719-41af-45a0-9aba-12a9942a83ed@group-0A20FCA87539-FollowerState: change to CANDIDATE, lastRpcTime:5088ms, electionTimeout:5080ms
2020-04-24 20:27:27,200 [Thread-183] INFO  impl.RoleInfo (RoleInfo.java:shutdownFollowerState(121)) - e6a39719-41af-45a0-9aba-12a9942a83ed: shutdown FollowerState
2020-04-24 20:27:27,200 [Thread-183] INFO  impl.RaftServerImpl (RaftServerImpl.java:setRole(172)) - e6a39719-41af-45a0-9aba-12a9942a83ed@group-0A20FCA87539: changes role from  FOLLOWER to CANDIDATE at term 0 for changeToCandidate
2020-04-24 20:27:27,200 [Thread-183] INFO  impl.RoleInfo (RoleInfo.java:updateAndGet(143)) - e6a39719-41af-45a0-9aba-12a9942a83ed: start LeaderElection
2020-04-24 20:27:27,211 [Thread-181] INFO  impl.FollowerState (FollowerState.java:run(108)) - eb380d38-0563-4e7d-87d8-298c42025015@group-0A20FCA87539-FollowerState: change to CANDIDATE, lastRpcTime:5115ms, electionTimeout:5114ms
2020-04-24 20:27:27,212 [Thread-181] INFO  impl.RoleInfo (RoleInfo.java:shutdownFollowerState(121)) - eb380d38-0563-4e7d-87d8-298c42025015: shutdown FollowerState
2020-04-24 20:27:27,221 [Thread-187] INFO  impl.FollowerState (FollowerState.java:run(108)) - 31449f8f-ec1f-4ac2-83ad-66a60b16ee32@group-0A20FCA87539-FollowerState: change to CANDIDATE, lastRpcTime:5055ms, electionTimeout:5054ms
2020-04-24 20:27:27,221 [Thread-187] INFO  impl.RoleInfo (RoleInfo.java:shutdownFollowerState(121)) - 31449f8f-ec1f-4ac2-83ad-66a60b16ee32: shutdown FollowerState
2020-04-24 20:27:27,221 [Thread-187] INFO  impl.RaftServerImpl (RaftServerImpl.java:setRole(172)) - 31449f8f-ec1f-4ac2-83ad-66a60b16ee32@group-0A20FCA87539: changes role from  FOLLOWER to CANDIDATE at term 0 for changeToCandidate
2020-04-24 20:27:27,221 [Thread-187] INFO  impl.RoleInfo (RoleInfo.java:updateAndGet(143)) - 31449f8f-ec1f-4ac2-83ad-66a60b16ee32: start LeaderElection
2020-04-24 20:27:27,226 [Thread-185] INFO  impl.FollowerState (FollowerState.java:run(108)) - 31449f8f-ec1f-4ac2-83ad-66a60b16ee32@group-1CA70264D2AA-FollowerState: change to CANDIDATE, lastRpcTime:5092ms, electionTimeout:5091ms
2020-04-24 20:27:27,226 [Thread-185] INFO  impl.RoleInfo (RoleInfo.java:shutdownFollowerState(121)) - 31449f8f-ec1f-4ac2-83ad-66a60b16ee32: shutdown FollowerState
2020-04-24 20:27:27,226 [Thread-185] INFO  impl.RaftServerImpl (RaftServerImpl.java:setRole(172)) - 31449f8f-ec1f-4ac2-83ad-66a60b16ee32@group-1CA70264D2AA: changes role from  FOLLOWER to CANDIDATE at term 0 for changeToCandidate
2020-04-24 20:27:27,226 [Thread-181] INFO  impl.RaftServerImpl (RaftServerImpl.java:setRole(172)) - eb380d38-0563-4e7d-87d8-298c42025015@group-0A20FCA87539: changes role from  FOLLOWER to CANDIDATE at term 0 for changeToCandidate
2020-04-24 20:27:27,235 [Thread-181] INFO  impl.RoleInfo (RoleInfo.java:updateAndGet(143)) - eb380d38-0563-4e7d-87d8-298c42025015: start LeaderElection
2020-04-24 20:27:27,235 [Thread-185] INFO  impl.RoleInfo (RoleInfo.java:updateAndGet(143)) - 31449f8f-ec1f-4ac2-83ad-66a60b16ee32: start LeaderElection
2020-04-24 20:27:27,248 [e6a39719-41af-45a0-9aba-12a9942a83ed@group-0A20FCA87539-LeaderElection3] INFO  impl.LeaderElection (LeaderElection.java:askForVotes(206)) - e6a39719-41af-45a0-9aba-12a9942a83ed@group-0A20FCA87539-LeaderElection3: begin an election at term 1 for -1: [31449f8f-ec1f-4ac2-83ad-66a60b16ee32:172.17.0.2:44567, e6a39719-41af-45a0-9aba-12a9942a83ed:172.17.0.2:41865, eb380d38-0563-4e7d-87d8-298c42025015:172.17.0.2:33061], old=null
2020-04-24 20:27:27,251 [31449f8f-ec1f-4ac2-83ad-66a60b16ee32@group-0A20FCA87539-LeaderElection4] INFO  impl.LeaderElection (LeaderElection.java:askForVotes(206)) - 31449f8f-ec1f-4ac2-83ad-66a60b16ee32@group-0A20FCA87539-LeaderElection4: begin an election at term 1 for -1: [31449f8f-ec1f-4ac2-83ad-66a60b16ee32:172.17.0.2:44567, e6a39719-41af-45a0-9aba-12a9942a83ed:172.17.0.2:41865, eb380d38-0563-4e7d-87d8-298c42025015:172.17.0.2:33061], old=null
2020-04-24 20:27:27,338 [31449f8f-ec1f-4ac2-83ad-66a60b16ee32@group-1CA70264D2AA-LeaderElection5] INFO  impl.LeaderElection (LeaderElection.java:askForVotes(206)) - 31449f8f-ec1f-4ac2-83ad-66a60b16ee32@group-1CA70264D2AA-LeaderElection5: begin an election at term 1 for -1: [31449f8f-ec1f-4ac2-83ad-66a60b16ee32:172.17.0.2:44567], old=null
2020-04-24 20:27:27,338 [31449f8f-ec1f-4ac2-83ad-66a60b16ee32@group-1CA70264D2AA-LeaderElection5] INFO  impl.RoleInfo (RoleInfo.java:shutdownLeaderElection(134)) - 31449f8f-ec1f-4ac2-83ad-66a60b16ee32: shutdown LeaderElection
2020-04-24 20:27:27,338 [31449f8f-ec1f-4ac2-83ad-66a60b16ee32@group-1CA70264D2AA-LeaderElection5] INFO  impl.RaftServerImpl (RaftServerImpl.java:setRole(172)) - 31449f8f-ec1f-4ac2-83ad-66a60b16ee32@group-1CA70264D2AA: changes role from CANDIDATE to LEADER at term 1 for changeToLeader
2020-04-24 20:27:27,338 [31449f8f-ec1f-4ac2-83ad-66a60b16ee32@group-1CA70264D2AA-LeaderElection5] INFO  ratis.XceiverServerRatis (XceiverServerRatis.java:handleLeaderChangedNotification(761)) - Leader change notification received for group: group-1CA70264D2AA with new leaderId: 31449f8f-ec1f-4ac2-83ad-66a60b16ee32
2020-04-24 20:27:27,338 [31449f8f-ec1f-4ac2-83ad-66a60b16ee32@group-1CA70264D2AA-LeaderElection5] INFO  impl.RaftServerImpl (ServerState.java:setLeader(255)) - 31449f8f-ec1f-4ac2-83ad-66a60b16ee32@group-1CA70264D2AA: change Leader from null to 31449f8f-ec1f-4ac2-83ad-66a60b16ee32 at term 1 for becomeLeader, leader elected after 5212ms
2020-04-24 20:27:27,338 [31449f8f-ec1f-4ac2-83ad-66a60b16ee32@group-1CA70264D2AA-LeaderElection5] INFO  server.RaftServerConfigKeys (ConfUtils.java:logGet(44)) - raft.server.staging.catchup.gap = 1000 (default)
2020-04-24 20:27:27,338 [31449f8f-ec1f-4ac2-83ad-66a60b16ee32@group-1CA70264D2AA-LeaderElection5] INFO  server.RaftServerConfigKeys (ConfUtils.java:logGet(44)) - raft.server.rpc.sleep.time = 25ms (default)
2020-04-24 20:27:27,339 [31449f8f-ec1f-4ac2-83ad-66a60b16ee32@group-1CA70264D2AA-LeaderElection5] INFO  metrics.RatisMetrics (RatisMetrics.java:lambda$create$0(39)) - Creating Metrics Registry : ratis.log_appender.31449f8f-ec1f-4ac2-83ad-66a60b16ee32@group-1CA70264D2AA
2020-04-24 20:27:27,339 [31449f8f-ec1f-4ac2-83ad-66a60b16ee32@group-1CA70264D2AA-LeaderElection5] INFO  server.RaftServerConfigKeys (ConfUtils.java:logGet(44)) - raft.server.write.element-limit = 1024 (custom)
2020-04-24 20:27:27,339 [31449f8f-ec1f-4ac2-83ad-66a60b16ee32@group-1CA70264D2AA-LeaderElection5] INFO  server.RaftServerConfigKeys (ConfUtils.java:logGet(44)) - raft.server.write.byte-limit = 1073741824 (custom)
2020-04-24 20:27:27,339 [31449f8f-ec1f-4ac2-83ad-66a60b16ee32@group-1CA70264D2AA-LeaderElection5] INFO  server.RaftServerConfigKeys (ConfUtils.java:logGet(44)) - raft.server.watch.timeout = 10s (default)
2020-04-24 20:27:27,340 [31449f8f-ec1f-4ac2-83ad-66a60b16ee32@group-1CA70264D2AA-LeaderElection5] INFO  server.RaftServerConfigKeys (ConfUtils.java:logGet(44)) - raft.server.watch.timeout.denomination = 1s (default)
2020-04-24 20:27:27,340 [31449f8f-ec1f-4ac2-83ad-66a60b16ee32@group-1CA70264D2AA-LeaderElection5] INFO  server.RaftServerConfigKeys (ConfUtils.java:logGet(44)) - raft.server.watch.element-limit = 65536 (default)
2020-04-24 20:27:27,340 [31449f8f-ec1f-4ac2-83ad-66a60b16ee32@group-1CA70264D2AA-LeaderElection5] INFO  impl.RoleInfo (RoleInfo.java:updateAndGet(143)) - 31449f8f-ec1f-4ac2-83ad-66a60b16ee32: start LeaderState
2020-04-24 20:27:27,340 [31449f8f-ec1f-4ac2-83ad-66a60b16ee32@group-1CA70264D2AA-LeaderElection5] INFO  segmented.SegmentedRaftLogWorker (SegmentedRaftLogWorker.java:startLogSegment(391)) - 31449f8f-ec1f-4ac2-83ad-66a60b16ee32@group-1CA70264D2AA-SegmentedRaftLogWorker: Starting segment from index:0
2020-04-24 20:27:27,346 [e6a39719-41af-45a0-9aba-12a9942a83ed@group-FD91F710CC7F-SegmentedRaftLogWorker] INFO  segmented.SegmentedRaftLogWorker (SegmentedRaftLogWorker.java:execute(583)) - e6a39719-41af-45a0-9aba-12a9942a83ed@group-FD91F710CC7F-SegmentedRaftLogWorker: created new log segment /github/workspace/mnt/ozone/hadoop-ozone/integration-test/target/test-dir/MiniOzoneClusterImpl-d6dadc52-2dce-4330-b064-6fa024a66247/datanode-0/data/ratis/27d28a1c-0426-4cce-8a2d-fd91f710cc7f/current/log_inprogress_0
2020-04-24 20:27:27,347 [31449f8f-ec1f-4ac2-83ad-66a60b16ee32@group-1CA70264D2AA-LeaderElection5] INFO  impl.RaftServerImpl (ServerState.java:setRaftConf(356)) - 31449f8f-ec1f-4ac2-83ad-66a60b16ee32@group-1CA70264D2AA: set configuration 0: [31449f8f-ec1f-4ac2-83ad-66a60b16ee32:172.17.0.2:44567], old=null at 0
2020-04-24 20:27:27,350 [eb380d38-0563-4e7d-87d8-298c42025015@group-0A20FCA87539-LeaderElection6] INFO  impl.LeaderElection (LeaderElection.java:askForVotes(206)) - eb380d38-0563-4e7d-87d8-298c42025015@group-0A20FCA87539-LeaderElection6: begin an election at term 1 for -1: [31449f8f-ec1f-4ac2-83ad-66a60b16ee32:172.17.0.2:44567, e6a39719-41af-45a0-9aba-12a9942a83ed:172.17.0.2:41865, eb380d38-0563-4e7d-87d8-298c42025015:172.17.0.2:33061], old=null
2020-04-24 20:27:27,352 [31449f8f-ec1f-4ac2-83ad-66a60b16ee32@group-1CA70264D2AA-SegmentedRaftLogWorker] INFO  segmented.SegmentedRaftLogWorker (SegmentedRaftLogWorker.java:execute(583)) - 31449f8f-ec1f-4ac2-83ad-66a60b16ee32@group-1CA70264D2AA-SegmentedRaftLogWorker: created new log segment /github/workspace/mnt/ozone/hadoop-ozone/integration-test/target/test-dir/MiniOzoneClusterImpl-d6dadc52-2dce-4330-b064-6fa024a66247/datanode-2/data/ratis/05920762-c27b-4d4a-bd69-1ca70264d2aa/current/log_inprogress_0
2020-04-24 20:27:27,353 [eb380d38-0563-4e7d-87d8-298c42025015@group-36F075596B20-SegmentedRaftLogWorker] INFO  segmented.SegmentedRaftLogWorker (SegmentedRaftLogWorker.java:execute(583)) - eb380d38-0563-4e7d-87d8-298c42025015@group-36F075596B20-SegmentedRaftLogWorker: created new log segment /github/workspace/mnt/ozone/hadoop-ozone/integration-test/target/test-dir/MiniOzoneClusterImpl-d6dadc52-2dce-4330-b064-6fa024a66247/datanode-1/data/ratis/9e0bf22a-17e7-4691-8ba5-36f075596b20/current/log_inprogress_0
2020-04-24 20:27:27,423 [31449f8f-ec1f-4ac2-83ad-66a60b16ee32@group-0A20FCA87539-LeaderElection4] INFO  impl.LeaderElection (LeaderElection.java:logAndReturn(61)) - 31449f8f-ec1f-4ac2-83ad-66a60b16ee32@group-0A20FCA87539-LeaderElection4: Election REJECTED; received 2 response(s) [31449f8f-ec1f-4ac2-83ad-66a60b16ee32<-e6a39719-41af-45a0-9aba-12a9942a83ed#0:FAIL-t1, 31449f8f-ec1f-4ac2-83ad-66a60b16ee32<-eb380d38-0563-4e7d-87d8-298c42025015#0:FAIL-t1] and 0 exception(s); 31449f8f-ec1f-4ac2-83ad-66a60b16ee32@group-0A20FCA87539:t1, leader=null, voted=31449f8f-ec1f-4ac2-83ad-66a60b16ee32, raftlog=31449f8f-ec1f-4ac2-83ad-66a60b16ee32@group-0A20FCA87539-SegmentedRaftLog:OPENED:c-1,f-1,i0, conf=-1: [31449f8f-ec1f-4ac2-83ad-66a60b16ee32:172.17.0.2:44567, e6a39719-41af-45a0-9aba-12a9942a83ed:172.17.0.2:41865, eb380d38-0563-4e7d-87d8-298c42025015:172.17.0.2:33061], old=null
2020-04-24 20:27:27,424 [31449f8f-ec1f-4ac2-83ad-66a60b16ee32@group-0A20FCA87539-LeaderElection4] INFO  impl.RaftServerImpl (RaftServerImpl.java:setRole(172)) - 31449f8f-ec1f-4ac2-83ad-66a60b16ee32@group-0A20FCA87539: changes role from CANDIDATE to FOLLOWER at term 1 for DISCOVERED_A_NEW_TERM
2020-04-24 20:27:27,424 [31449f8f-ec1f-4ac2-83ad-66a60b16ee32@group-0A20FCA87539-LeaderElection4] INFO  impl.RoleInfo (RoleInfo.java:shutdownLeaderElection(134)) - 31449f8f-ec1f-4ac2-83ad-66a60b16ee32: shutdown LeaderElection
2020-04-24 20:27:27,424 [31449f8f-ec1f-4ac2-83ad-66a60b16ee32@group-0A20FCA87539-LeaderElection4] INFO  impl.RoleInfo (RoleInfo.java:updateAndGet(143)) - 31449f8f-ec1f-4ac2-83ad-66a60b16ee32: start FollowerState
2020-04-24 20:27:27,433 [e6a39719-41af-45a0-9aba-12a9942a83ed@group-0A20FCA87539-LeaderElection3] INFO  impl.LeaderElection (LeaderElection.java:logAndReturn(61)) - e6a39719-41af-45a0-9aba-12a9942a83ed@group-0A20FCA87539-LeaderElection3: Election REJECTED; received 2 response(s) [e6a39719-41af-45a0-9aba-12a9942a83ed<-31449f8f-ec1f-4ac2-83ad-66a60b16ee32#0:FAIL-t1, e6a39719-41af-45a0-9aba-12a9942a83ed<-eb380d38-0563-4e7d-87d8-298c42025015#0:FAIL-t1] and 0 exception(s); e6a39719-41af-45a0-9aba-12a9942a83ed@group-0A20FCA87539:t1, leader=null, voted=e6a39719-41af-45a0-9aba-12a9942a83ed, raftlog=e6a39719-41af-45a0-9aba-12a9942a83ed@group-0A20FCA87539-SegmentedRaftLog:OPENED:c-1,f-1,i0, conf=-1: [31449f8f-ec1f-4ac2-83ad-66a60b16ee32:172.17.0.2:44567, e6a39719-41af-45a0-9aba-12a9942a83ed:172.17.0.2:41865, eb380d38-0563-4e7d-87d8-298c42025015:172.17.0.2:33061], old=null
2020-04-24 20:27:27,433 [e6a39719-41af-45a0-9aba-12a9942a83ed@group-0A20FCA87539-LeaderElection3] INFO  impl.RaftServerImpl (RaftServerImpl.java:setRole(172)) - e6a39719-41af-45a0-9aba-12a9942a83ed@group-0A20FCA87539: changes role from CANDIDATE to FOLLOWER at term 1 for DISCOVERED_A_NEW_TERM
2020-04-24 20:27:27,433 [e6a39719-41af-45a0-9aba-12a9942a83ed@group-0A20FCA87539-LeaderElection3] INFO  impl.RoleInfo (RoleInfo.java:shutdownLeaderElection(134)) - e6a39719-41af-45a0-9aba-12a9942a83ed: shutdown LeaderElection
2020-04-24 20:27:27,433 [e6a39719-41af-45a0-9aba-12a9942a83ed@group-0A20FCA87539-LeaderElection3] INFO  impl.RoleInfo (RoleInfo.java:updateAndGet(143)) - e6a39719-41af-45a0-9aba-12a9942a83ed: start FollowerState
2020-04-24 20:27:27,439 [eb380d38-0563-4e7d-87d8-298c42025015@group-0A20FCA87539-LeaderElection6] INFO  impl.LeaderElection (LeaderElection.java:logAndReturn(61)) - eb380d38-0563-4e7d-87d8-298c42025015@group-0A20FCA87539-LeaderElection6: Election REJECTED; received 2 response(s) [eb380d38-0563-4e7d-87d8-298c42025015<-31449f8f-ec1f-4ac2-83ad-66a60b16ee32#0:FAIL-t1, eb380d38-0563-4e7d-87d8-298c42025015<-e6a39719-41af-45a0-9aba-12a9942a83ed#0:FAIL-t1] and 0 exception(s); eb380d38-0563-4e7d-87d8-298c42025015@group-0A20FCA87539:t1, leader=null, voted=eb380d38-0563-4e7d-87d8-298c42025015, raftlog=eb380d38-0563-4e7d-87d8-298c42025015@group-0A20FCA87539-SegmentedRaftLog:OPENED:c-1,f-1,i0, conf=-1: [31449f8f-ec1f-4ac2-83ad-66a60b16ee32:172.17.0.2:44567, e6a39719-41af-45a0-9aba-12a9942a83ed:172.17.0.2:41865, eb380d38-0563-4e7d-87d8-298c42025015:172.17.0.2:33061], old=null
2020-04-24 20:27:27,440 [eb380d38-0563-4e7d-87d8-298c42025015@group-0A20FCA87539-LeaderElection6] INFO  impl.RaftServerImpl (RaftServerImpl.java:setRole(172)) - eb380d38-0563-4e7d-87d8-298c42025015@group-0A20FCA87539: changes role from CANDIDATE to FOLLOWER at term 1 for DISCOVERED_A_NEW_TERM
2020-04-24 20:27:27,440 [eb380d38-0563-4e7d-87d8-298c42025015@group-0A20FCA87539-LeaderElection6] INFO  impl.RoleInfo (RoleInfo.java:shutdownLeaderElection(134)) - eb380d38-0563-4e7d-87d8-298c42025015: shutdown LeaderElection
2020-04-24 20:27:27,440 [eb380d38-0563-4e7d-87d8-298c42025015@group-0A20FCA87539-LeaderElection6] INFO  impl.RoleInfo (RoleInfo.java:updateAndGet(143)) - eb380d38-0563-4e7d-87d8-298c42025015: start FollowerState
2020-04-24 20:27:28,059 [main] INFO  ozone.MiniOzoneClusterImpl (MiniOzoneClusterImpl.java:lambda$waitForClusterToBeReady$0(177)) - Nodes are ready. Got 3 of 3 DN Heartbeats.
2020-04-24 20:27:28,060 [main] INFO  ozone.MiniOzoneClusterImpl (MiniOzoneClusterImpl.java:lambda$waitForClusterToBeReady$0(180)) - Waiting for cluster to exit safe mode
2020-04-24 20:27:29,060 [main] INFO  ozone.MiniOzoneClusterImpl (MiniOzoneClusterImpl.java:lambda$waitForClusterToBeReady$0(177)) - Nodes are ready. Got 3 of 3 DN Heartbeats.
2020-04-24 20:27:29,060 [main] INFO  ozone.MiniOzoneClusterImpl (MiniOzoneClusterImpl.java:lambda$waitForClusterToBeReady$0(180)) - Waiting for cluster to exit safe mode
2020-04-24 20:27:30,061 [main] INFO  ozone.MiniOzoneClusterImpl (MiniOzoneClusterImpl.java:lambda$waitForClusterToBeReady$0(177)) - Nodes are ready. Got 3 of 3 DN Heartbeats.
2020-04-24 20:27:30,061 [main] INFO  ozone.MiniOzoneClusterImpl (MiniOzoneClusterImpl.java:lambda$waitForClusterToBeReady$0(180)) - Waiting for cluster to exit safe mode
2020-04-24 20:27:31,061 [main] INFO  ozone.MiniOzoneClusterImpl (MiniOzoneClusterImpl.java:lambda$waitForClusterToBeReady$0(177)) - Nodes are ready. Got 3 of 3 DN Heartbeats.
2020-04-24 20:27:31,062 [main] INFO  ozone.MiniOzoneClusterImpl (MiniOzoneClusterImpl.java:lambda$waitForClusterToBeReady$0(180)) - Waiting for cluster to exit safe mode
2020-04-24 20:27:32,062 [main] INFO  ozone.MiniOzoneClusterImpl (MiniOzoneClusterImpl.java:lambda$waitForClusterToBeReady$0(177)) - Nodes are ready. Got 3 of 3 DN Heartbeats.
2020-04-24 20:27:32,062 [main] INFO  ozone.MiniOzoneClusterImpl (MiniOzoneClusterImpl.java:lambda$waitForClusterToBeReady$0(180)) - Waiting for cluster to exit safe mode
2020-04-24 20:27:32,479 [Thread-210] INFO  impl.FollowerState (FollowerState.java:run(108)) - e6a39719-41af-45a0-9aba-12a9942a83ed@group-0A20FCA87539-FollowerState: change to CANDIDATE, lastRpcTime:5045ms, electionTimeout:5043ms
2020-04-24 20:27:32,479 [Thread-210] INFO  impl.RoleInfo (RoleInfo.java:shutdownFollowerState(121)) - e6a39719-41af-45a0-9aba-12a9942a83ed: shutdown FollowerState
2020-04-24 20:27:32,479 [Thread-210] INFO  impl.RaftServerImpl (RaftServerImpl.java:setRole(172)) - e6a39719-41af-45a0-9aba-12a9942a83ed@group-0A20FCA87539: changes role from  FOLLOWER to CANDIDATE at term 1 for changeToCandidate
2020-04-24 20:27:32,479 [Thread-210] INFO  impl.RoleInfo (RoleInfo.java:updateAndGet(143)) - e6a39719-41af-45a0-9aba-12a9942a83ed: start LeaderElection
2020-04-24 20:27:32,482 [e6a39719-41af-45a0-9aba-12a9942a83ed@group-0A20FCA87539-LeaderElection7] INFO  impl.LeaderElection (LeaderElection.java:askForVotes(206)) - e6a39719-41af-45a0-9aba-12a9942a83ed@group-0A20FCA87539-LeaderElection7: begin an election at term 2 for -1: [31449f8f-ec1f-4ac2-83ad-66a60b16ee32:172.17.0.2:44567, e6a39719-41af-45a0-9aba-12a9942a83ed:172.17.0.2:41865, eb380d38-0563-4e7d-87d8-298c42025015:172.17.0.2:33061], old=null
2020-04-24 20:27:32,491 [Thread-211] INFO  impl.FollowerState (FollowerState.java:run(108)) - eb380d38-0563-4e7d-87d8-298c42025015@group-0A20FCA87539-FollowerState: change to CANDIDATE, lastRpcTime:5051ms, electionTimeout:5044ms
2020-04-24 20:27:32,491 [Thread-211] INFO  impl.RoleInfo (RoleInfo.java:shutdownFollowerState(121)) - eb380d38-0563-4e7d-87d8-298c42025015: shutdown FollowerState
2020-04-24 20:27:32,491 [Thread-211] INFO  impl.RaftServerImpl (RaftServerImpl.java:setRole(172)) - eb380d38-0563-4e7d-87d8-298c42025015@group-0A20FCA87539: changes role from  FOLLOWER to CANDIDATE at term 1 for changeToCandidate
2020-04-24 20:27:32,491 [Thread-211] INFO  impl.RoleInfo (RoleInfo.java:updateAndGet(143)) - eb380d38-0563-4e7d-87d8-298c42025015: start LeaderElection
2020-04-24 20:27:32,498 [grpc-default-executor-4] INFO  impl.RaftServerImpl (RaftServerImpl.java:setRole(172)) - 31449f8f-ec1f-4ac2-83ad-66a60b16ee32@group-0A20FCA87539: changes role from  FOLLOWER to FOLLOWER at term 2 for recognizeCandidate:e6a39719-41af-45a0-9aba-12a9942a83ed
2020-04-24 20:27:32,498 [grpc-default-executor-4] INFO  impl.RoleInfo (RoleInfo.java:shutdownFollowerState(121)) - 31449f8f-ec1f-4ac2-83ad-66a60b16ee32: shutdown FollowerState
2020-04-24 20:27:32,498 [grpc-default-executor-4] INFO  impl.RoleInfo (RoleInfo.java:updateAndGet(143)) - 31449f8f-ec1f-4ac2-83ad-66a60b16ee32: start FollowerState
2020-04-24 20:27:32,498 [Thread-209] INFO  impl.FollowerState (FollowerState.java:run(117)) - 31449f8f-ec1f-4ac2-83ad-66a60b16ee32@group-0A20FCA87539-FollowerState was interrupted: java.lang.InterruptedException: sleep interrupted
2020-04-24 20:27:32,500 [eb380d38-0563-4e7d-87d8-298c42025015@group-0A20FCA87539-LeaderElection8] INFO  impl.LeaderElection (LeaderElection.java:askForVotes(206)) - eb380d38-0563-4e7d-87d8-298c42025015@group-0A20FCA87539-LeaderElection8: begin an election at term 2 for -1: [31449f8f-ec1f-4ac2-83ad-66a60b16ee32:172.17.0.2:44567, e6a39719-41af-45a0-9aba-12a9942a83ed:172.17.0.2:41865, eb380d38-0563-4e7d-87d8-298c42025015:172.17.0.2:33061], old=null
2020-04-24 20:27:32,521 [e6a39719-41af-45a0-9aba-12a9942a83ed@group-0A20FCA87539-LeaderElection7] INFO  impl.LeaderElection (LeaderElection.java:logAndReturn(61)) - e6a39719-41af-45a0-9aba-12a9942a83ed@group-0A20FCA87539-LeaderElection7: Election PASSED; received 2 response(s) [e6a39719-41af-45a0-9aba-12a9942a83ed<-31449f8f-ec1f-4ac2-83ad-66a60b16ee32#0:OK-t2, e6a39719-41af-45a0-9aba-12a9942a83ed<-eb380d38-0563-4e7d-87d8-298c42025015#0:FAIL-t2] and 0 exception(s); e6a39719-41af-45a0-9aba-12a9942a83ed@group-0A20FCA87539:t2, leader=null, voted=e6a39719-41af-45a0-9aba-12a9942a83ed, raftlog=e6a39719-41af-45a0-9aba-12a9942a83ed@group-0A20FCA87539-SegmentedRaftLog:OPENED:c-1,f-1,i0, conf=-1: [31449f8f-ec1f-4ac2-83ad-66a60b16ee32:172.17.0.2:44567, e6a39719-41af-45a0-9aba-12a9942a83ed:172.17.0.2:41865, eb380d38-0563-4e7d-87d8-298c42025015:172.17.0.2:33061], old=null
2020-04-24 20:27:32,522 [e6a39719-41af-45a0-9aba-12a9942a83ed@group-0A20FCA87539-LeaderElection7] INFO  impl.RoleInfo (RoleInfo.java:shutdownLeaderElection(134)) - e6a39719-41af-45a0-9aba-12a9942a83ed: shutdown LeaderElection
2020-04-24 20:27:32,522 [e6a39719-41af-45a0-9aba-12a9942a83ed@group-0A20FCA87539-LeaderElection7] INFO  impl.RaftServerImpl (RaftServerImpl.java:setRole(172)) - e6a39719-41af-45a0-9aba-12a9942a83ed@group-0A20FCA87539: changes role from CANDIDATE to LEADER at term 2 for changeToLeader
2020-04-24 20:27:32,522 [e6a39719-41af-45a0-9aba-12a9942a83ed@group-0A20FCA87539-LeaderElection7] INFO  ratis.XceiverServerRatis (XceiverServerRatis.java:handleLeaderChangedNotification(761)) - Leader change notification received for group: group-0A20FCA87539 with new leaderId: e6a39719-41af-45a0-9aba-12a9942a83ed
2020-04-24 20:27:32,522 [e6a39719-41af-45a0-9aba-12a9942a83ed@group-0A20FCA87539-LeaderElection7] INFO  impl.RaftServerImpl (ServerState.java:setLeader(255)) - e6a39719-41af-45a0-9aba-12a9942a83ed@group-0A20FCA87539: change Leader from null to e6a39719-41af-45a0-9aba-12a9942a83ed at term 2 for becomeLeader, leader elected after 10444ms
2020-04-24 20:27:32,522 [e6a39719-41af-45a0-9aba-12a9942a83ed@group-0A20FCA87539-LeaderElection7] INFO  server.RaftServerConfigKeys (ConfUtils.java:logGet(44)) - raft.server.staging.catchup.gap = 1000 (default)
2020-04-24 20:27:32,522 [e6a39719-41af-45a0-9aba-12a9942a83ed@group-0A20FCA87539-LeaderElection7] INFO  server.RaftServerConfigKeys (ConfUtils.java:logGet(44)) - raft.server.rpc.sleep.time = 25ms (default)
2020-04-24 20:27:32,522 [e6a39719-41af-45a0-9aba-12a9942a83ed@group-0A20FCA87539-LeaderElection7] INFO  metrics.RatisMetrics (RatisMetrics.java:lambda$create$0(39)) - Creating Metrics Registry : ratis.log_appender.e6a39719-41af-45a0-9aba-12a9942a83ed@group-0A20FCA87539
2020-04-24 20:27:32,522 [e6a39719-41af-45a0-9aba-12a9942a83ed@group-0A20FCA87539-LeaderElection7] INFO  server.RaftServerConfigKeys (ConfUtils.java:logGet(44)) - raft.server.write.element-limit = 1024 (custom)
2020-04-24 20:27:32,523 [e6a39719-41af-45a0-9aba-12a9942a83ed@group-0A20FCA87539-LeaderElection7] INFO  server.RaftServerConfigKeys (ConfUtils.java:logGet(44)) - raft.server.write.byte-limit = 1073741824 (custom)
2020-04-24 20:27:32,523 [e6a39719-41af-45a0-9aba-12a9942a83ed@group-0A20FCA87539-LeaderElection7] INFO  server.RaftServerConfigKeys (ConfUtils.java:logGet(44)) - raft.server.watch.timeout = 10s (default)
2020-04-24 20:27:32,523 [e6a39719-41af-45a0-9aba-12a9942a83ed@group-0A20FCA87539-LeaderElection7] INFO  server.RaftServerConfigKeys (ConfUtils.java:logGet(44)) - raft.server.watch.timeout.denomination = 1s (default)
2020-04-24 20:27:32,523 [e6a39719-41af-45a0-9aba-12a9942a83ed@group-0A20FCA87539-LeaderElection7] INFO  server.RaftServerConfigKeys (ConfUtils.java:logGet(44)) - raft.server.watch.element-limit = 65536 (default)
2020-04-24 20:27:32,524 [EventQueue-PipelineReportForPipelineReportHandler] INFO  pipeline.PipelineStateManager (PipelineStateManager.java:openPipeline(131)) - Pipeline Pipeline[ Id: 44e8b8c5-2fb6-4cb8-aaea-0a20fca87539, Nodes: e6a39719-41af-45a0-9aba-12a9942a83ed{ip: 172.17.0.2, host: 7f15249d6341, networkLocation: /default-rack, certSerialId: null}31449f8f-ec1f-4ac2-83ad-66a60b16ee32{ip: 172.17.0.2, host: 7f15249d6341, networkLocation: /default-rack, certSerialId: null}eb380d38-0563-4e7d-87d8-298c42025015{ip: 172.17.0.2, host: 7f15249d6341, networkLocation: /default-rack, certSerialId: null}, Type:RATIS, Factor:THREE, State:ALLOCATED, leaderId:e6a39719-41af-45a0-9aba-12a9942a83ed, CreationTimestamp2020-04-24T20:27:19.069Z] moved to OPEN state
2020-04-24 20:27:32,525 [EventQueue-OpenPipelineForHealthyPipelineSafeModeRule] INFO  safemode.SCMSafeModeManager (HealthyPipelineSafeModeRule.java:process(132)) - SCM in safe mode. Healthy pipelines reported count is 1, required healthy pipeline reported count is 1
2020-04-24 20:27:32,525 [EventQueue-OpenPipelineForHealthyPipelineSafeModeRule] INFO  safemode.SCMSafeModeManager (SCMSafeModeManager.java:validateSafeModeExitRules(183)) - HealthyPipelineSafeModeRule rule is successfully validated
2020-04-24 20:27:32,525 [EventQueue-OpenPipelineForHealthyPipelineSafeModeRule] INFO  safemode.SCMSafeModeManager (SCMSafeModeManager.java:validateSafeModeExitRules(197)) - ScmSafeModeManager, all rules are successfully validated
2020-04-24 20:27:32,526 [EventQueue-OpenPipelineForHealthyPipelineSafeModeRule] INFO  safemode.SCMSafeModeManager (SCMSafeModeManager.java:exitSafeMode(226)) - SCM exiting safe mode.
2020-04-24 20:27:32,528 [EventQueue-OpenPipelineForOneReplicaPipelineSafeModeRule] INFO  safemode.SCMSafeModeManager (SCMSafeModeManager.java:validateSafeModeExitRules(183)) - AtleastOneDatanodeReportedRule rule is successfully validated
2020-04-24 20:27:32,536 [EventQueue-OpenPipelineForOneReplicaPipelineSafeModeRule] INFO  safemode.SCMSafeModeManager (SCMSafeModeManager.java:validateSafeModeExitRules(197)) - ScmSafeModeManager, all rules are successfully validated
2020-04-24 20:27:32,536 [EventQueue-OpenPipelineForOneReplicaPipelineSafeModeRule] INFO  safemode.SCMSafeModeManager (SCMSafeModeManager.java:exitSafeMode(226)) - SCM exiting safe mode.
2020-04-24 20:27:32,536 [e6a39719-41af-45a0-9aba-12a9942a83ed@group-0A20FCA87539-LeaderElection7] INFO  server.RaftServerConfigKeys (ConfUtils.java:logGet(44)) - raft.server.log.appender.snapshot.chunk.size.max = 16MB (=16777216) (default)
2020-04-24 20:27:32,537 [e6a39719-41af-45a0-9aba-12a9942a83ed@group-0A20FCA87539-LeaderElection7] INFO  server.RaftServerConfigKeys (ConfUtils.java:logGet(44)) - raft.server.log.appender.buffer.byte-limit = 33554432 (custom)
2020-04-24 20:27:32,537 [e6a39719-41af-45a0-9aba-12a9942a83ed@group-0A20FCA87539-LeaderElection7] INFO  server.RaftServerConfigKeys (ConfUtils.java:logGet(44)) - raft.server.log.appender.buffer.element-limit = 1 (custom)
2020-04-24 20:27:32,541 [e6a39719-41af-45a0-9aba-12a9942a83ed@group-0A20FCA87539-LeaderElection7] INFO  grpc.GrpcConfigKeys (ConfUtils.java:logGet(44)) - raft.grpc.server.leader.outstanding.appends.max = 128 (default)
2020-04-24 20:27:32,542 [e6a39719-41af-45a0-9aba-12a9942a83ed@group-0A20FCA87539-LeaderElection7] INFO  server.RaftServerConfigKeys (ConfUtils.java:logGet(44)) - raft.server.rpc.request.timeout = 3s (default)
2020-04-24 20:27:32,542 [e6a39719-41af-45a0-9aba-12a9942a83ed@group-0A20FCA87539-LeaderElection7] INFO  server.RaftServerConfigKeys (ConfUtils.java:logGet(44)) - raft.server.log.appender.install.snapshot.enabled = false (custom)
2020-04-24 20:27:32,547 [e6a39719-41af-45a0-9aba-12a9942a83ed@group-0A20FCA87539-LeaderElection7] INFO  server.RaftServerConfigKeys (ConfUtils.java:logGet(44)) - raft.server.log.appender.snapshot.chunk.size.max = 16MB (=16777216) (default)
2020-04-24 20:27:32,548 [e6a39719-41af-45a0-9aba-12a9942a83ed@group-0A20FCA87539-LeaderElection7] INFO  server.RaftServerConfigKeys (ConfUtils.java:logGet(44)) - raft.server.log.appender.buffer.byte-limit = 33554432 (custom)
2020-04-24 20:27:32,548 [e6a39719-41af-45a0-9aba-12a9942a83ed@group-0A20FCA87539-LeaderElection7] INFO  server.RaftServerConfigKeys (ConfUtils.java:logGet(44)) - raft.server.log.appender.buffer.element-limit = 1 (custom)
2020-04-24 20:27:32,548 [e6a39719-41af-45a0-9aba-12a9942a83ed@group-0A20FCA87539-LeaderElection7] INFO  grpc.GrpcConfigKeys (ConfUtils.java:logGet(44)) - raft.grpc.server.leader.outstanding.appends.max = 128 (default)
2020-04-24 20:27:32,548 [e6a39719-41af-45a0-9aba-12a9942a83ed@group-0A20FCA87539-LeaderElection7] INFO  server.RaftServerConfigKeys (ConfUtils.java:logGet(44)) - raft.server.rpc.request.timeout = 3s (default)
2020-04-24 20:27:32,548 [e6a39719-41af-45a0-9aba-12a9942a83ed@group-0A20FCA87539-LeaderElection7] INFO  server.RaftServerConfigKeys (ConfUtils.java:logGet(44)) - raft.server.log.appender.install.snapshot.enabled = false (custom)
2020-04-24 20:27:32,551 [e6a39719-41af-45a0-9aba-12a9942a83ed@group-0A20FCA87539-LeaderElection7] INFO  impl.RoleInfo (RoleInfo.java:updateAndGet(143)) - e6a39719-41af-45a0-9aba-12a9942a83ed: start LeaderState
2020-04-24 20:27:32,551 [e6a39719-41af-45a0-9aba-12a9942a83ed@group-0A20FCA87539-LeaderElection7] INFO  segmented.SegmentedRaftLogWorker (SegmentedRaftLogWorker.java:startLogSegment(391)) - e6a39719-41af-45a0-9aba-12a9942a83ed@group-0A20FCA87539-SegmentedRaftLogWorker: Starting segment from index:0
2020-04-24 20:27:32,553 [e6a39719-41af-45a0-9aba-12a9942a83ed@group-0A20FCA87539-SegmentedRaftLogWorker] INFO  segmented.SegmentedRaftLogWorker (SegmentedRaftLogWorker.java:execute(583)) - e6a39719-41af-45a0-9aba-12a9942a83ed@group-0A20FCA87539-SegmentedRaftLogWorker: created new log segment /github/workspace/mnt/ozone/hadoop-ozone/integration-test/target/test-dir/MiniOzoneClusterImpl-d6dadc52-2dce-4330-b064-6fa024a66247/datanode-0/data/ratis/44e8b8c5-2fb6-4cb8-aaea-0a20fca87539/current/log_inprogress_0
2020-04-24 20:27:32,557 [e6a39719-41af-45a0-9aba-12a9942a83ed@group-0A20FCA87539-LeaderElection7] INFO  impl.RaftServerImpl (ServerState.java:setRaftConf(356)) - e6a39719-41af-45a0-9aba-12a9942a83ed@group-0A20FCA87539: set configuration 0: [31449f8f-ec1f-4ac2-83ad-66a60b16ee32:172.17.0.2:44567, e6a39719-41af-45a0-9aba-12a9942a83ed:172.17.0.2:41865, eb380d38-0563-4e7d-87d8-298c42025015:172.17.0.2:33061], old=null at 0
2020-04-24 20:27:32,571 [grpc-default-executor-1] INFO  impl.RaftServerImpl (RaftServerImpl.java:requestVote(805)) - e6a39719-41af-45a0-9aba-12a9942a83ed@group-0A20FCA87539-   LEADER: Withhold vote from candidate eb380d38-0563-4e7d-87d8-298c42025015 with term 2. State: leader=e6a39719-41af-45a0-9aba-12a9942a83ed, term=2, lastRpcElapsed=null
2020-04-24 20:27:32,575 [eb380d38-0563-4e7d-87d8-298c42025015@group-0A20FCA87539-LeaderElection8] INFO  impl.LeaderElection (LeaderElection.java:logAndReturn(61)) - eb380d38-0563-4e7d-87d8-298c42025015@group-0A20FCA87539-LeaderElection8: Election REJECTED; received 2 response(s) [eb380d38-0563-4e7d-87d8-298c42025015<-31449f8f-ec1f-4ac2-83ad-66a60b16ee32#0:FAIL-t2, eb380d38-0563-4e7d-87d8-298c42025015<-e6a39719-41af-45a0-9aba-12a9942a83ed#0:FAIL-t2] and 0 exception(s); eb380d38-0563-4e7d-87d8-298c42025015@group-0A20FCA87539:t2, leader=null, voted=eb380d38-0563-4e7d-87d8-298c42025015, raftlog=eb380d38-0563-4e7d-87d8-298c42025015@group-0A20FCA87539-SegmentedRaftLog:OPENED:c-1,f-1,i0, conf=-1: [31449f8f-ec1f-4ac2-83ad-66a60b16ee32:172.17.0.2:44567, e6a39719-41af-45a0-9aba-12a9942a83ed:172.17.0.2:41865, eb380d38-0563-4e7d-87d8-298c42025015:172.17.0.2:33061], old=null
2020-04-24 20:27:32,575 [eb380d38-0563-4e7d-87d8-298c42025015@group-0A20FCA87539-LeaderElection8] INFO  impl.RaftServerImpl (RaftServerImpl.java:setRole(172)) - eb380d38-0563-4e7d-87d8-298c42025015@group-0A20FCA87539: changes role from CANDIDATE to FOLLOWER at term 2 for DISCOVERED_A_NEW_TERM
2020-04-24 20:27:32,582 [eb380d38-0563-4e7d-87d8-298c42025015@group-0A20FCA87539-LeaderElection8] INFO  impl.RoleInfo (RoleInfo.java:shutdownLeaderElection(134)) - eb380d38-0563-4e7d-87d8-298c42025015: shutdown LeaderElection
2020-04-24 20:27:32,582 [eb380d38-0563-4e7d-87d8-298c42025015@group-0A20FCA87539-LeaderElection8] INFO  impl.RoleInfo (RoleInfo.java:updateAndGet(143)) - eb380d38-0563-4e7d-87d8-298c42025015: start FollowerState
2020-04-24 20:27:32,589 [grpc-default-executor-4] INFO  ratis.XceiverServerRatis (XceiverServerRatis.java:handleLeaderChangedNotification(761)) - Leader change notification received for group: group-0A20FCA87539 with new leaderId: e6a39719-41af-45a0-9aba-12a9942a83ed
2020-04-24 20:27:32,590 [grpc-default-executor-4] INFO  impl.RaftServerImpl (ServerState.java:setLeader(255)) - 31449f8f-ec1f-4ac2-83ad-66a60b16ee32@group-0A20FCA87539: change Leader from null to e6a39719-41af-45a0-9aba-12a9942a83ed at term 2 for appendEntries, leader elected after 10429ms
2020-04-24 20:27:32,595 [grpc-default-executor-3] INFO  ratis.XceiverServerRatis (XceiverServerRatis.java:handleLeaderChangedNotification(761)) - Leader change notification received for group: group-0A20FCA87539 with new leaderId: e6a39719-41af-45a0-9aba-12a9942a83ed
2020-04-24 20:27:32,595 [grpc-default-executor-3] INFO  impl.RaftServerImpl (ServerState.java:setLeader(255)) - eb380d38-0563-4e7d-87d8-298c42025015@group-0A20FCA87539: change Leader from null to e6a39719-41af-45a0-9aba-12a9942a83ed at term 2 for appendEntries, leader elected after 10527ms
2020-04-24 20:27:32,598 [grpc-default-executor-4] INFO  impl.RaftServerImpl (ServerState.java:setRaftConf(356)) - 31449f8f-ec1f-4ac2-83ad-66a60b16ee32@group-0A20FCA87539: set configuration 0: [31449f8f-ec1f-4ac2-83ad-66a60b16ee32:172.17.0.2:44567, e6a39719-41af-45a0-9aba-12a9942a83ed:172.17.0.2:41865, eb380d38-0563-4e7d-87d8-298c42025015:172.17.0.2:33061], old=null at 0
2020-04-24 20:27:32,599 [grpc-default-executor-4] INFO  segmented.SegmentedRaftLogWorker (SegmentedRaftLogWorker.java:startLogSegment(391)) - 31449f8f-ec1f-4ac2-83ad-66a60b16ee32@group-0A20FCA87539-SegmentedRaftLogWorker: Starting segment from index:0
2020-04-24 20:27:32,600 [grpc-default-executor-3] INFO  impl.RaftServerImpl (ServerState.java:setRaftConf(356)) - eb380d38-0563-4e7d-87d8-298c42025015@group-0A20FCA87539: set configuration 0: [31449f8f-ec1f-4ac2-83ad-66a60b16ee32:172.17.0.2:44567, e6a39719-41af-45a0-9aba-12a9942a83ed:172.17.0.2:41865, eb380d38-0563-4e7d-87d8-298c42025015:172.17.0.2:33061], old=null at 0
2020-04-24 20:27:32,600 [grpc-default-executor-3] INFO  segmented.SegmentedRaftLogWorker (SegmentedRaftLogWorker.java:startLogSegment(391)) - eb380d38-0563-4e7d-87d8-298c42025015@group-0A20FCA87539-SegmentedRaftLogWorker: Starting segment from index:0
2020-04-24 20:27:32,601 [eb380d38-0563-4e7d-87d8-298c42025015@group-0A20FCA87539-SegmentedRaftLogWorker] INFO  segmented.SegmentedRaftLogWorker (SegmentedRaftLogWorker.java:execute(583)) - eb380d38-0563-4e7d-87d8-298c42025015@group-0A20FCA87539-SegmentedRaftLogWorker: created new log segment /github/workspace/mnt/ozone/hadoop-ozone/integration-test/target/test-dir/MiniOzoneClusterImpl-d6dadc52-2dce-4330-b064-6fa024a66247/datanode-1/data/ratis/44e8b8c5-2fb6-4cb8-aaea-0a20fca87539/current/log_inprogress_0
2020-04-24 20:27:32,601 [31449f8f-ec1f-4ac2-83ad-66a60b16ee32@group-0A20FCA87539-SegmentedRaftLogWorker] INFO  segmented.SegmentedRaftLogWorker (SegmentedRaftLogWorker.java:execute(583)) - 31449f8f-ec1f-4ac2-83ad-66a60b16ee32@group-0A20FCA87539-SegmentedRaftLogWorker: created new log segment /github/workspace/mnt/ozone/hadoop-ozone/integration-test/target/test-dir/MiniOzoneClusterImpl-d6dadc52-2dce-4330-b064-6fa024a66247/datanode-2/data/ratis/44e8b8c5-2fb6-4cb8-aaea-0a20fca87539/current/log_inprogress_0
2020-04-24 20:27:33,062 [main] INFO  ozone.MiniOzoneClusterImpl (MiniOzoneClusterImpl.java:lambda$waitForClusterToBeReady$0(177)) - Nodes are ready. Got 3 of 3 DN Heartbeats.
2020-04-24 20:27:33,063 [main] INFO  ozone.MiniOzoneClusterImpl (MiniOzoneClusterImpl.java:lambda$waitForClusterToBeReady$0(180)) - Cluster exits safe mode
2020-04-24 20:27:33,702 [main] INFO  rpc.RpcClient (RpcClient.java:createVolume(308)) - Creating Volume: watchforcommithandlingtest, with jenkins1001 as owner.
2020-04-24 20:27:33,787 [IPC Server handler 2 on 42641] INFO  volume.OMVolumeCreateRequest (OMVolumeCreateRequest.java:validateAndUpdateCache(209)) - created volume:watchforcommithandlingtest for user:jenkins1001
2020-04-24 20:27:33,817 [main] INFO  rpc.RpcClient (RpcClient.java:createBucket(447)) - Creating Bucket: watchforcommithandlingtest/watchforcommithandlingtest, with Versioning false and Storage Type set to DISK and Encryption set to false 
2020-04-24 20:27:33,834 [main] INFO  ozone.MiniOzoneClusterImpl (MiniOzoneClusterImpl.java:getStorageContainerLocationClient(289)) - Creating StorageContainerLocationProtocol RPC client with address /0.0.0.0:44187
2020-04-24 20:27:33,882 [main] INFO  impl.MetricsSystemImpl (MetricsSystemImpl.java:init(158)) - XceiverClientMetrics metrics system started (again)
2020-04-24 20:27:35,538 [Thread-220] INFO  container.ReplicationManager (ReplicationManager.java:start(165)) - Starting Replication Monitor Thread.
2020-04-24 20:27:35,542 [ReplicationMonitor] INFO  container.ReplicationManager (ReplicationManager.java:run(228)) - Replication Monitor Thread took 2 milliseconds for processing 1 containers.
2020-04-24 20:27:35,583 [java.util.concurrent.ThreadPoolExecutor$Worker@1fd3cd9[State = -1, empty queue]] WARN  server.GrpcLogAppender (GrpcLogAppender.java:timeoutAppendRequest(213)) - e6a39719-41af-45a0-9aba-12a9942a83ed@group-0A20FCA87539->31449f8f-ec1f-4ac2-83ad-66a60b16ee32-GrpcLogAppender:  appendEntries Timeout, request=AppendEntriesRequest:cid=1,entriesCount=1,lastEntry=(t:2, i:0)
2020-04-24 20:27:37,066 [java.util.concurrent.ThreadPoolExecutor$Worker@1fd3cd9[State = -1, empty queue]] WARN  server.GrpcLogAppender (GrpcLogAppender.java:timeoutAppendRequest(213)) - e6a39719-41af-45a0-9aba-12a9942a83ed@group-0A20FCA87539->31449f8f-ec1f-4ac2-83ad-66a60b16ee32-GrpcLogAppender:  appendEntries Timeout, request=AppendEntriesRequest:cid=2,entriesCount=1,lastEntry=(t:2, i:1)
2020-04-24 20:27:37,080 [java.util.concurrent.ThreadPoolExecutor$Worker@1fd3cd9[State = -1, empty queue]] WARN  server.GrpcLogAppender (GrpcLogAppender.java:timeoutAppendRequest(213)) - e6a39719-41af-45a0-9aba-12a9942a83ed@group-0A20FCA87539->31449f8f-ec1f-4ac2-83ad-66a60b16ee32-GrpcLogAppender:  appendEntries Timeout, request=AppendEntriesRequest:cid=3,entriesCount=1,lastEntry=(t:2, i:2)
2020-04-24 20:27:37,200 [Datanode State Machine Thread - 0] INFO  statemachine.DatanodeStateMachine (DatanodeStateMachine.java:lambda$startDaemon$0(376)) - Ozone container server started.
2020-04-24 20:27:41,593 [main] INFO  ozoneimpl.OzoneContainer (OzoneContainer.java:stop(246)) - Attempting to stop container services.
2020-04-24 20:27:41,594 [main] INFO  impl.RaftServerProxy (RaftServerProxy.java:lambda$close$4(314)) - eb380d38-0563-4e7d-87d8-298c42025015: close
2020-04-24 20:27:41,596 [main] INFO  impl.RaftServerImpl (RaftServerImpl.java:lambda$shutdown$3(249)) - eb380d38-0563-4e7d-87d8-298c42025015@group-0A20FCA87539: shutdown
2020-04-24 20:27:41,596 [main] INFO  util.JmxRegister (JmxRegister.java:unregister(73)) - Successfully un-registered JMX Bean with object name Ratis:service=RaftServer,group=group-0A20FCA87539,id=eb380d38-0563-4e7d-87d8-298c42025015
2020-04-24 20:27:41,596 [main] INFO  impl.RoleInfo (RoleInfo.java:shutdownFollowerState(121)) - eb380d38-0563-4e7d-87d8-298c42025015: shutdown FollowerState
2020-04-24 20:27:41,596 [main] INFO  impl.StateMachineUpdater (StateMachineUpdater.java:stopAndJoin(139)) - eb380d38-0563-4e7d-87d8-298c42025015@group-0A20FCA87539-StateMachineUpdater: set stopIndex = 2
2020-04-24 20:27:41,597 [Thread-225] INFO  impl.FollowerState (FollowerState.java:run(117)) - eb380d38-0563-4e7d-87d8-298c42025015@group-0A20FCA87539-FollowerState was interrupted: java.lang.InterruptedException: sleep interrupted
2020-04-24 20:27:41,597 [eb380d38-0563-4e7d-87d8-298c42025015@group-0A20FCA87539-StateMachineUpdater] INFO  ratis.ContainerStateMachine (ContainerStateMachine.java:takeSnapshot(288)) - group-0A20FCA87539: Taking a snapshot at:(t:2, i:2) file /github/workspace/mnt/ozone/hadoop-ozone/integration-test/target/test-dir/MiniOzoneClusterImpl-d6dadc52-2dce-4330-b064-6fa024a66247/datanode-1/data/ratis/44e8b8c5-2fb6-4cb8-aaea-0a20fca87539/sm/snapshot.2_2
2020-04-24 20:27:41,728 [eb380d38-0563-4e7d-87d8-298c42025015@group-0A20FCA87539-StateMachineUpdater] INFO  ratis.ContainerStateMachine (ContainerStateMachine.java:takeSnapshot(299)) - group-0A20FCA87539: Finished taking a snapshot at:(t:2, i:2) file:/github/workspace/mnt/ozone/hadoop-ozone/integration-test/target/test-dir/MiniOzoneClusterImpl-d6dadc52-2dce-4330-b064-6fa024a66247/datanode-1/data/ratis/44e8b8c5-2fb6-4cb8-aaea-0a20fca87539/sm/snapshot.2_2 time:131
2020-04-24 20:27:41,730 [eb380d38-0563-4e7d-87d8-298c42025015@group-0A20FCA87539-StateMachineUpdater] INFO  impl.StateMachineUpdater (StateMachineUpdater.java:takeSnapshot(274)) - eb380d38-0563-4e7d-87d8-298c42025015@group-0A20FCA87539-StateMachineUpdater: Took a snapshot at index 2
2020-04-24 20:27:41,731 [eb380d38-0563-4e7d-87d8-298c42025015@group-0A20FCA87539-StateMachineUpdater] INFO  impl.StateMachineUpdater (StateMachineUpdater.java:lambda$new$0(86)) - eb380d38-0563-4e7d-87d8-298c42025015@group-0A20FCA87539-StateMachineUpdater: snapshotIndex: updateIncreasingly -1 -> 2
2020-04-24 20:27:41,734 [eb380d38-0563-4e7d-87d8-298c42025015@group-0A20FCA87539-StateMachineUpdater] INFO  metrics.RatisMetrics (RatisMetrics.java:unregister(46)) - Unregistering Metrics Registry : ratis.state_machine.eb380d38-0563-4e7d-87d8-298c42025015@group-0A20FCA87539
2020-04-24 20:27:41,734 [main] INFO  impl.RaftServerImpl (ServerState.java:close(387)) - eb380d38-0563-4e7d-87d8-298c42025015@group-0A20FCA87539: closes. applyIndex: 2
2020-04-24 20:27:41,736 [eb380d38-0563-4e7d-87d8-298c42025015@group-0A20FCA87539-SegmentedRaftLogWorker] INFO  segmented.SegmentedRaftLogWorker (SegmentedRaftLogWorker.java:run(321)) - eb380d38-0563-4e7d-87d8-298c42025015@group-0A20FCA87539-SegmentedRaftLogWorker was interrupted, exiting. There are 0 tasks remaining in the queue.
2020-04-24 20:27:41,737 [main] INFO  segmented.SegmentedRaftLogWorker (SegmentedRaftLogWorker.java:close(229)) - eb380d38-0563-4e7d-87d8-298c42025015@group-0A20FCA87539-SegmentedRaftLogWorker close()
2020-04-24 20:27:41,738 [main] INFO  metrics.RatisMetrics (RatisMetrics.java:unregister(46)) - Unregistering Metrics Registry : ratis.log_worker.eb380d38-0563-4e7d-87d8-298c42025015
2020-04-24 20:27:41,738 [main] INFO  metrics.RatisMetrics (RatisMetrics.java:unregister(46)) - Unregistering Metrics Registry : ratis.leader_election.eb380d38-0563-4e7d-87d8-298c42025015@group-0A20FCA87539
2020-04-24 20:27:41,738 [main] INFO  metrics.RatisMetrics (RatisMetrics.java:unregister(46)) - Unregistering Metrics Registry : ratis.server.eb380d38-0563-4e7d-87d8-298c42025015@group-0A20FCA87539
2020-04-24 20:27:41,738 [main] INFO  impl.RaftServerImpl (RaftServerImpl.java:lambda$shutdown$3(249)) - eb380d38-0563-4e7d-87d8-298c42025015@group-36F075596B20: shutdown
2020-04-24 20:27:41,738 [main] INFO  util.JmxRegister (JmxRegister.java:unregister(73)) - Successfully un-registered JMX Bean with object name Ratis:service=RaftServer,group=group-36F075596B20,id=eb380d38-0563-4e7d-87d8-298c42025015
2020-04-24 20:27:41,739 [main] INFO  impl.RoleInfo (RoleInfo.java:shutdownLeaderState(104)) - eb380d38-0563-4e7d-87d8-298c42025015: shutdown LeaderState
2020-04-24 20:27:41,739 [main] INFO  impl.PendingRequests (PendingRequests.java:sendNotLeaderResponses(240)) - eb380d38-0563-4e7d-87d8-298c42025015@group-36F075596B20-PendingRequests: sendNotLeaderResponses
2020-04-24 20:27:41,741 [main] INFO  metrics.RatisMetrics (RatisMetrics.java:unregister(46)) - Unregistering Metrics Registry : ratis.log_appender.eb380d38-0563-4e7d-87d8-298c42025015@group-36F075596B20
2020-04-24 20:27:41,741 [main] INFO  impl.StateMachineUpdater (StateMachineUpdater.java:stopAndJoin(139)) - eb380d38-0563-4e7d-87d8-298c42025015@group-36F075596B20-StateMachineUpdater: set stopIndex = 0
2020-04-24 20:27:41,741 [eb380d38-0563-4e7d-87d8-298c42025015@group-36F075596B20-StateMachineUpdater] INFO  ratis.ContainerStateMachine (ContainerStateMachine.java:takeSnapshot(288)) - group-36F075596B20: Taking a snapshot at:(t:1, i:0) file /github/workspace/mnt/ozone/hadoop-ozone/integration-test/target/test-dir/MiniOzoneClusterImpl-d6dadc52-2dce-4330-b064-6fa024a66247/datanode-1/data/ratis/9e0bf22a-17e7-4691-8ba5-36f075596b20/sm/snapshot.1_0
2020-04-24 20:27:41,743 [eb380d38-0563-4e7d-87d8-298c42025015@group-36F075596B20-StateMachineUpdater] INFO  ratis.ContainerStateMachine (ContainerStateMachine.java:takeSnapshot(299)) - group-36F075596B20: Finished taking a snapshot at:(t:1, i:0) file:/github/workspace/mnt/ozone/hadoop-ozone/integration-test/target/test-dir/MiniOzoneClusterImpl-d6dadc52-2dce-4330-b064-6fa024a66247/datanode-1/data/ratis/9e0bf22a-17e7-4691-8ba5-36f075596b20/sm/snapshot.1_0 time:2
2020-04-24 20:27:41,744 [eb380d38-0563-4e7d-87d8-298c42025015@group-36F075596B20-StateMachineUpdater] INFO  impl.StateMachineUpdater (StateMachineUpdater.java:takeSnapshot(274)) - eb380d38-0563-4e7d-87d8-298c42025015@group-36F075596B20-StateMachineUpdater: Took a snapshot at index 0
2020-04-24 20:27:41,744 [eb380d38-0563-4e7d-87d8-298c42025015@group-36F075596B20-StateMachineUpdater] INFO  impl.StateMachineUpdater (StateMachineUpdater.java:lambda$new$0(86)) - eb380d38-0563-4e7d-87d8-298c42025015@group-36F075596B20-StateMachineUpdater: snapshotIndex: updateIncreasingly -1 -> 0
2020-04-24 20:27:41,744 [eb380d38-0563-4e7d-87d8-298c42025015@group-36F075596B20-StateMachineUpdater] INFO  metrics.RatisMetrics (RatisMetrics.java:unregister(46)) - Unregistering Metrics Registry : ratis.state_machine.eb380d38-0563-4e7d-87d8-298c42025015@group-36F075596B20
2020-04-24 20:27:41,745 [main] INFO  impl.RaftServerImpl (ServerState.java:close(387)) - eb380d38-0563-4e7d-87d8-298c42025015@group-36F075596B20: closes. applyIndex: 0
2020-04-24 20:27:41,745 [eb380d38-0563-4e7d-87d8-298c42025015@group-36F075596B20-SegmentedRaftLogWorker] INFO  segmented.SegmentedRaftLogWorker (SegmentedRaftLogWorker.java:run(321)) - eb380d38-0563-4e7d-87d8-298c42025015@group-36F075596B20-SegmentedRaftLogWorker was interrupted, exiting. There are 0 tasks remaining in the queue.
2020-04-24 20:27:41,745 [main] INFO  segmented.SegmentedRaftLogWorker (SegmentedRaftLogWorker.java:close(229)) - eb380d38-0563-4e7d-87d8-298c42025015@group-36F075596B20-SegmentedRaftLogWorker close()
2020-04-24 20:27:41,749 [main] INFO  metrics.RatisMetrics (RatisMetrics.java:unregister(46)) - Unregistering Metrics Registry : ratis.log_worker.eb380d38-0563-4e7d-87d8-298c42025015
2020-04-24 20:27:41,749 [main] INFO  metrics.RatisMetrics (RatisMetrics.java:unregister(46)) - Unregistering Metrics Registry : ratis.leader_election.eb380d38-0563-4e7d-87d8-298c42025015@group-36F075596B20
2020-04-24 20:27:41,749 [main] INFO  metrics.RatisMetrics (RatisMetrics.java:unregister(46)) - Unregistering Metrics Registry : ratis.server.eb380d38-0563-4e7d-87d8-298c42025015@group-36F075596B20
2020-04-24 20:27:41,750 [main] INFO  server.GrpcService (GrpcService.java:closeImpl(165)) - eb380d38-0563-4e7d-87d8-298c42025015: shutdown server with port 33061 now
2020-04-24 20:27:41,765 [grpc-default-executor-3] WARN  server.GrpcServerProtocolService (LogUtils.java:warn(122)) - eb380d38-0563-4e7d-87d8-298c42025015: installSnapshot onError, lastRequest: e6a39719-41af-45a0-9aba-12a9942a83ed->eb380d38-0563-4e7d-87d8-298c42025015#3-t2, previous=(t:2, i:1), leaderCommit=1, initializing? false, entries: size=1, first=(t:2, i:2), METADATAENTRY(c:1): org.apache.ratis.thirdparty.io.grpc.StatusRuntimeException: CANCELLED: cancelled before receiving half close
2020-04-24 20:27:41,772 [main] INFO  server.GrpcService (GrpcService.java:closeImpl(173)) - eb380d38-0563-4e7d-87d8-298c42025015: shutdown server with port 33061 successfully
2020-04-24 20:27:41,788 [grpc-default-executor-3] WARN  server.GrpcLogAppender (LogUtils.java:warn(122)) - e6a39719-41af-45a0-9aba-12a9942a83ed@group-0A20FCA87539->eb380d38-0563-4e7d-87d8-298c42025015-AppendLogResponseHandler: Failed appendEntries: org.apache.ratis.thirdparty.io.grpc.StatusRuntimeException: CANCELLED: HTTP/2 error code: CANCEL
Received Rst Stream
2020-04-24 20:27:41,793 [grpc-default-executor-3] INFO  impl.FollowerInfo (FollowerInfo.java:lambda$new$0(50)) - e6a39719-41af-45a0-9aba-12a9942a83ed@group-0A20FCA87539->eb380d38-0563-4e7d-87d8-298c42025015: nextIndex: updateUnconditionally 3 -> 2
2020-04-24 20:27:41,831 [main] INFO  utils.BackgroundService (BackgroundService.java:shutdown(157)) - Shutting down service BlockDeletingService
2020-04-24 20:27:41,834 [main] INFO  statemachine.DatanodeStateMachine (DatanodeStateMachine.java:stopDaemon(424)) - Ozone container server stopped.
2020-04-24 20:27:41,838 [main] INFO  handler.ContextHandler (ContextHandler.java:doStop(1016)) - Stopped o.e.j.w.WebAppContext@1f7fe2ec{hddsDatanode,/,null,UNAVAILABLE}{jar:file:/home/user/.m2/repository/org/apache/hadoop/hadoop-hdds-container-service/0.6.0-SNAPSHOT/hadoop-hdds-container-service-0.6.0-SNAPSHOT.jar!/webapps/hddsDatanode}
2020-04-24 20:27:41,843 [main] INFO  server.AbstractConnector (AbstractConnector.java:doStop(380)) - Stopped ServerConnector@4ae0efcc{HTTP/1.1,[http/1.1]}{0.0.0.0:0}
2020-04-24 20:27:41,843 [main] INFO  server.session (HouseKeeper.java:stopScavenging(158)) - node0 Stopped scavenging
2020-04-24 20:27:41,843 [main] INFO  handler.ContextHandler (ContextHandler.java:doStop(1016)) - Stopped o.e.j.s.ServletContextHandler@4f6dbb7a{static,/static,jar:file:/home/user/.m2/repository/org/apache/hadoop/hadoop-hdds-container-service/0.6.0-SNAPSHOT/hadoop-hdds-container-service-0.6.0-SNAPSHOT.jar!/webapps/static,UNAVAILABLE}
2020-04-24 20:27:41,844 [main] INFO  handler.ContextHandler (ContextHandler.java:doStop(1016)) - Stopped o.e.j.s.ServletContextHandler@29d4dea2{logs,/logs,file:///github/workspace/mnt/ozone/hadoop-ozone/integration-test/target/log,UNAVAILABLE}
2020-04-24 20:27:41,861 [grpc-default-executor-1] WARN  server.GrpcLogAppender (LogUtils.java:warn(122)) - e6a39719-41af-45a0-9aba-12a9942a83ed@group-0A20FCA87539->eb380d38-0563-4e7d-87d8-298c42025015-AppendLogResponseHandler: Failed appendEntries: org.apache.ratis.thirdparty.io.grpc.StatusRuntimeException: UNAVAILABLE: io exception
2020-04-24 20:27:41,862 [grpc-default-executor-1] INFO  impl.FollowerInfo (FollowerInfo.java:lambda$new$0(50)) - e6a39719-41af-45a0-9aba-12a9942a83ed@group-0A20FCA87539->eb380d38-0563-4e7d-87d8-298c42025015: nextIndex: updateUnconditionally 3 -> 2
2020-04-24 20:27:44,357 [grpc-default-executor-4] WARN  server.GrpcLogAppender (LogUtils.java:warn(122)) - e6a39719-41af-45a0-9aba-12a9942a83ed@group-0A20FCA87539->eb380d38-0563-4e7d-87d8-298c42025015-AppendLogResponseHandler: Failed appendEntries: org.apache.ratis.thirdparty.io.grpc.StatusRuntimeException: UNAVAILABLE: io exception
2020-04-24 20:27:44,358 [grpc-default-executor-4] INFO  impl.FollowerInfo (FollowerInfo.java:lambda$new$0(50)) - e6a39719-41af-45a0-9aba-12a9942a83ed@group-0A20FCA87539->eb380d38-0563-4e7d-87d8-298c42025015: nextIndex: updateUnconditionally 2 -> 1
2020-04-24 20:27:44,377 [grpc-default-executor-1] WARN  server.GrpcLogAppender (LogUtils.java:warn(122)) - e6a39719-41af-45a0-9aba-12a9942a83ed@group-0A20FCA87539->eb380d38-0563-4e7d-87d8-298c42025015-AppendLogResponseHandler: Failed appendEntries: org.apache.ratis.thirdparty.io.grpc.StatusRuntimeException: UNAVAILABLE: io exception
2020-04-24 20:27:44,379 [grpc-default-executor-1] INFO  impl.FollowerInfo (FollowerInfo.java:lambda$new$0(50)) - e6a39719-41af-45a0-9aba-12a9942a83ed@group-0A20FCA87539->eb380d38-0563-4e7d-87d8-298c42025015: nextIndex: updateUnconditionally 2 -> 1
2020-04-24 20:27:46,869 [grpc-default-executor-4] WARN  server.GrpcLogAppender (LogUtils.java:warn(122)) - e6a39719-41af-45a0-9aba-12a9942a83ed@group-0A20FCA87539->eb380d38-0563-4e7d-87d8-298c42025015-AppendLogResponseHandler: Failed appendEntries: org.apache.ratis.thirdparty.io.grpc.StatusRuntimeException: UNAVAILABLE: io exception
2020-04-24 20:27:46,871 [grpc-default-executor-4] INFO  impl.FollowerInfo (FollowerInfo.java:lambda$new$0(50)) - e6a39719-41af-45a0-9aba-12a9942a83ed@group-0A20FCA87539->eb380d38-0563-4e7d-87d8-298c42025015: nextIndex: updateUnconditionally 2 -> 1
2020-04-24 20:27:49,370 [grpc-default-executor-1] WARN  server.GrpcLogAppender (LogUtils.java:warn(122)) - e6a39719-41af-45a0-9aba-12a9942a83ed@group-0A20FCA87539->eb380d38-0563-4e7d-87d8-298c42025015-AppendLogResponseHandler: Failed appendEntries: org.apache.ratis.thirdparty.io.grpc.StatusRuntimeException: UNAVAILABLE: io exception
2020-04-24 20:27:49,372 [grpc-default-executor-1] INFO  impl.FollowerInfo (FollowerInfo.java:lambda$new$0(50)) - e6a39719-41af-45a0-9aba-12a9942a83ed@group-0A20FCA87539->eb380d38-0563-4e7d-87d8-298c42025015: nextIndex: updateUnconditionally 2 -> 1
2020-04-24 20:27:49,858 [java.util.concurrent.ThreadPoolExecutor$Worker@1fd3cd9[State = -1, empty queue]] WARN  server.GrpcLogAppender (GrpcLogAppender.java:timeoutAppendRequest(213)) - e6a39719-41af-45a0-9aba-12a9942a83ed@group-0A20FCA87539->31449f8f-ec1f-4ac2-83ad-66a60b16ee32-GrpcLogAppender:  appendEntries Timeout, request=AppendEntriesRequest:cid=7,entriesCount=1,lastEntry=(t:2, i:3)
2020-04-24 20:27:51,871 [grpc-default-executor-4] WARN  server.GrpcLogAppender (LogUtils.java:warn(122)) - e6a39719-41af-45a0-9aba-12a9942a83ed@group-0A20FCA87539->eb380d38-0563-4e7d-87d8-298c42025015-AppendLogResponseHandler: Failed appendEntries: org.apache.ratis.thirdparty.io.grpc.StatusRuntimeException: UNAVAILABLE: io exception
2020-04-24 20:27:51,872 [grpc-default-executor-4] INFO  impl.FollowerInfo (FollowerInfo.java:lambda$new$0(50)) - e6a39719-41af-45a0-9aba-12a9942a83ed@group-0A20FCA87539->eb380d38-0563-4e7d-87d8-298c42025015: nextIndex: updateUnconditionally 2 -> 1
2020-04-24 20:27:54,373 [grpc-default-executor-1] WARN  server.GrpcLogAppender (LogUtils.java:warn(122)) - e6a39719-41af-45a0-9aba-12a9942a83ed@group-0A20FCA87539->eb380d38-0563-4e7d-87d8-298c42025015-AppendLogResponseHandler: Failed appendEntries: org.apache.ratis.thirdparty.io.grpc.StatusRuntimeException: UNAVAILABLE: io exception
2020-04-24 20:27:54,374 [grpc-default-executor-1] INFO  impl.FollowerInfo (FollowerInfo.java:lambda$new$0(50)) - e6a39719-41af-45a0-9aba-12a9942a83ed@group-0A20FCA87539->eb380d38-0563-4e7d-87d8-298c42025015: nextIndex: updateUnconditionally 2 -> 1
2020-04-24 20:27:56,875 [grpc-default-executor-4] WARN  server.GrpcLogAppender (LogUtils.java:warn(122)) - e6a39719-41af-45a0-9aba-12a9942a83ed@group-0A20FCA87539->eb380d38-0563-4e7d-87d8-298c42025015-AppendLogResponseHandler: Failed appendEntries: org.apache.ratis.thirdparty.io.grpc.StatusRuntimeException: UNAVAILABLE: io exception
2020-04-24 20:27:56,876 [grpc-default-executor-4] INFO  impl.FollowerInfo (FollowerInfo.java:lambda$new$0(50)) - e6a39719-41af-45a0-9aba-12a9942a83ed@group-0A20FCA87539->eb380d38-0563-4e7d-87d8-298c42025015: nextIndex: updateUnconditionally 2 -> 1
2020-04-24 20:27:59,378 [grpc-default-executor-1] WARN  server.GrpcLogAppender (LogUtils.java:warn(122)) - e6a39719-41af-45a0-9aba-12a9942a83ed@group-0A20FCA87539->eb380d38-0563-4e7d-87d8-298c42025015-AppendLogResponseHandler: Failed appendEntries: org.apache.ratis.thirdparty.io.grpc.StatusRuntimeException: UNAVAILABLE: io exception
2020-04-24 20:27:59,379 [grpc-default-executor-1] INFO  impl.FollowerInfo (FollowerInfo.java:lambda$new$0(50)) - e6a39719-41af-45a0-9aba-12a9942a83ed@group-0A20FCA87539->eb380d38-0563-4e7d-87d8-298c42025015: nextIndex: updateUnconditionally 2 -> 1
2020-04-24 20:28:01,882 [grpc-default-executor-4] WARN  server.GrpcLogAppender (LogUtils.java:warn(122)) - e6a39719-41af-45a0-9aba-12a9942a83ed@group-0A20FCA87539->eb380d38-0563-4e7d-87d8-298c42025015-AppendLogResponseHandler: Failed appendEntries: org.apache.ratis.thirdparty.io.grpc.StatusRuntimeException: UNAVAILABLE: io exception
2020-04-24 20:28:01,883 [grpc-default-executor-4] INFO  impl.FollowerInfo (FollowerInfo.java:lambda$new$0(50)) - e6a39719-41af-45a0-9aba-12a9942a83ed@group-0A20FCA87539->eb380d38-0563-4e7d-87d8-298c42025015: nextIndex: updateUnconditionally 2 -> 1
2020-04-24 20:28:04,383 [grpc-default-executor-1] WARN  server.GrpcLogAppender (LogUtils.java:warn(122)) - e6a39719-41af-45a0-9aba-12a9942a83ed@group-0A20FCA87539->eb380d38-0563-4e7d-87d8-298c42025015-AppendLogResponseHandler: Failed appendEntries: org.apache.ratis.thirdparty.io.grpc.StatusRuntimeException: UNAVAILABLE: io exception
2020-04-24 20:28:04,385 [grpc-default-executor-1] INFO  impl.FollowerInfo (FollowerInfo.java:lambda$new$0(50)) - e6a39719-41af-45a0-9aba-12a9942a83ed@group-0A20FCA87539->eb380d38-0563-4e7d-87d8-298c42025015: nextIndex: updateUnconditionally 2 -> 1
2020-04-24 20:28:06,886 [grpc-default-executor-4] WARN  server.GrpcLogAppender (LogUtils.java:warn(122)) - e6a39719-41af-45a0-9aba-12a9942a83ed@group-0A20FCA87539->eb380d38-0563-4e7d-87d8-298c42025015-AppendLogResponseHandler: Failed appendEntries: org.apache.ratis.thirdparty.io.grpc.StatusRuntimeException: UNAVAILABLE: io exception
2020-04-24 20:28:06,887 [grpc-default-executor-4] INFO  impl.FollowerInfo (FollowerInfo.java:lambda$new$0(50)) - e6a39719-41af-45a0-9aba-12a9942a83ed@group-0A20FCA87539->eb380d38-0563-4e7d-87d8-298c42025015: nextIndex: updateUnconditionally 2 -> 1
2020-04-24 20:28:09,388 [grpc-default-executor-1] WARN  server.GrpcLogAppender (LogUtils.java:warn(122)) - e6a39719-41af-45a0-9aba-12a9942a83ed@group-0A20FCA87539->eb380d38-0563-4e7d-87d8-298c42025015-AppendLogResponseHandler: Failed appendEntries: org.apache.ratis.thirdparty.io.grpc.StatusRuntimeException: UNAVAILABLE: io exception
2020-04-24 20:28:09,389 [grpc-default-executor-1] INFO  impl.FollowerInfo (FollowerInfo.java:lambda$new$0(50)) - e6a39719-41af-45a0-9aba-12a9942a83ed@group-0A20FCA87539->eb380d38-0563-4e7d-87d8-298c42025015: nextIndex: updateUnconditionally 2 -> 1
2020-04-24 20:28:11,890 [grpc-default-executor-1] WARN  server.GrpcLogAppender (LogUtils.java:warn(122)) - e6a39719-41af-45a0-9aba-12a9942a83ed@group-0A20FCA87539->eb380d38-0563-4e7d-87d8-298c42025015-AppendLogResponseHandler: Failed appendEntries: org.apache.ratis.thirdparty.io.grpc.StatusRuntimeException: UNAVAILABLE: io exception
2020-04-24 20:28:11,891 [grpc-default-executor-1] INFO  impl.FollowerInfo (FollowerInfo.java:lambda$new$0(50)) - e6a39719-41af-45a0-9aba-12a9942a83ed@group-0A20FCA87539->eb380d38-0563-4e7d-87d8-298c42025015: nextIndex: updateUnconditionally 2 -> 1
2020-04-24 20:28:14,393 [grpc-default-executor-4] WARN  server.GrpcLogAppender (LogUtils.java:warn(122)) - e6a39719-41af-45a0-9aba-12a9942a83ed@group-0A20FCA87539->eb380d38-0563-4e7d-87d8-298c42025015-AppendLogResponseHandler: Failed appendEntries: org.apache.ratis.thirdparty.io.grpc.StatusRuntimeException: UNAVAILABLE: io exception
2020-04-24 20:28:14,394 [grpc-default-executor-4] INFO  impl.FollowerInfo (FollowerInfo.java:lambda$new$0(50)) - e6a39719-41af-45a0-9aba-12a9942a83ed@group-0A20FCA87539->eb380d38-0563-4e7d-87d8-298c42025015: nextIndex: updateUnconditionally 2 -> 1
2020-04-24 20:28:16,895 [grpc-default-executor-1] WARN  server.GrpcLogAppender (LogUtils.java:warn(122)) - e6a39719-41af-45a0-9aba-12a9942a83ed@group-0A20FCA87539->eb380d38-0563-4e7d-87d8-298c42025015-AppendLogResponseHandler: Failed appendEntries: org.apache.ratis.thirdparty.io.grpc.StatusRuntimeException: UNAVAILABLE: io exception
2020-04-24 20:28:16,896 [grpc-default-executor-1] INFO  impl.FollowerInfo (FollowerInfo.java:lambda$new$0(50)) - e6a39719-41af-45a0-9aba-12a9942a83ed@group-0A20FCA87539->eb380d38-0563-4e7d-87d8-298c42025015: nextIndex: updateUnconditionally 2 -> 1
2020-04-24 20:28:19,397 [grpc-default-executor-1] WARN  server.GrpcLogAppender (LogUtils.java:warn(122)) - e6a39719-41af-45a0-9aba-12a9942a83ed@group-0A20FCA87539->eb380d38-0563-4e7d-87d8-298c42025015-AppendLogResponseHandler: Failed appendEntries: org.apache.ratis.thirdparty.io.grpc.StatusRuntimeException: UNAVAILABLE: io exception
2020-04-24 20:28:19,398 [grpc-default-executor-1] INFO  impl.FollowerInfo (FollowerInfo.java:lambda$new$0(50)) - e6a39719-41af-45a0-9aba-12a9942a83ed@group-0A20FCA87539->eb380d38-0563-4e7d-87d8-298c42025015: nextIndex: updateUnconditionally 2 -> 1
2020-04-24 20:28:21,899 [grpc-default-executor-4] WARN  server.GrpcLogAppender (LogUtils.java:warn(122)) - e6a39719-41af-45a0-9aba-12a9942a83ed@group-0A20FCA87539->eb380d38-0563-4e7d-87d8-298c42025015-AppendLogResponseHandler: Failed appendEntries: org.apache.ratis.thirdparty.io.grpc.StatusRuntimeException: UNAVAILABLE: io exception
2020-04-24 20:28:21,900 [grpc-default-executor-4] INFO  impl.FollowerInfo (FollowerInfo.java:lambda$new$0(50)) - e6a39719-41af-45a0-9aba-12a9942a83ed@group-0A20FCA87539->eb380d38-0563-4e7d-87d8-298c42025015: nextIndex: updateUnconditionally 2 -> 1
2020-04-24 20:28:24,402 [grpc-default-executor-1] WARN  server.GrpcLogAppender (LogUtils.java:warn(122)) - e6a39719-41af-45a0-9aba-12a9942a83ed@group-0A20FCA87539->eb380d38-0563-4e7d-87d8-298c42025015-AppendLogResponseHandler: Failed appendEntries: org.apache.ratis.thirdparty.io.grpc.StatusRuntimeException: UNAVAILABLE: io exception
2020-04-24 20:28:24,404 [grpc-default-executor-1] INFO  impl.FollowerInfo (FollowerInfo.java:lambda$new$0(50)) - e6a39719-41af-45a0-9aba-12a9942a83ed@group-0A20FCA87539->eb380d38-0563-4e7d-87d8-298c42025015: nextIndex: updateUnconditionally 2 -> 1
2020-04-24 20:28:26,905 [grpc-default-executor-4] WARN  server.GrpcLogAppender (LogUtils.java:warn(122)) - e6a39719-41af-45a0-9aba-12a9942a83ed@group-0A20FCA87539->eb380d38-0563-4e7d-87d8-298c42025015-AppendLogResponseHandler: Failed appendEntries: org.apache.ratis.thirdparty.io.grpc.StatusRuntimeException: UNAVAILABLE: io exception
2020-04-24 20:28:26,906 [grpc-default-executor-4] INFO  impl.FollowerInfo (FollowerInfo.java:lambda$new$0(50)) - e6a39719-41af-45a0-9aba-12a9942a83ed@group-0A20FCA87539->eb380d38-0563-4e7d-87d8-298c42025015: nextIndex: updateUnconditionally 2 -> 1
2020-04-24 20:28:29,406 [grpc-default-executor-1] WARN  server.GrpcLogAppender (LogUtils.java:warn(122)) - e6a39719-41af-45a0-9aba-12a9942a83ed@group-0A20FCA87539->eb380d38-0563-4e7d-87d8-298c42025015-AppendLogResponseHandler: Failed appendEntries: org.apache.ratis.thirdparty.io.grpc.StatusRuntimeException: UNAVAILABLE: io exception
2020-04-24 20:28:29,408 [grpc-default-executor-1] INFO  impl.FollowerInfo (FollowerInfo.java:lambda$new$0(50)) - e6a39719-41af-45a0-9aba-12a9942a83ed@group-0A20FCA87539->eb380d38-0563-4e7d-87d8-298c42025015: nextIndex: updateUnconditionally 2 -> 1
2020-04-24 20:28:31,909 [grpc-default-executor-4] WARN  server.GrpcLogAppender (LogUtils.java:warn(122)) - e6a39719-41af-45a0-9aba-12a9942a83ed@group-0A20FCA87539->eb380d38-0563-4e7d-87d8-298c42025015-AppendLogResponseHandler: Failed appendEntries: org.apache.ratis.thirdparty.io.grpc.StatusRuntimeException: UNAVAILABLE: io exception
2020-04-24 20:28:31,910 [grpc-default-executor-4] INFO  impl.FollowerInfo (FollowerInfo.java:lambda$new$0(50)) - e6a39719-41af-45a0-9aba-12a9942a83ed@group-0A20FCA87539->eb380d38-0563-4e7d-87d8-298c42025015: nextIndex: updateUnconditionally 2 -> 1
2020-04-24 20:28:34,411 [grpc-default-executor-1] WARN  server.GrpcLogAppender (LogUtils.java:warn(122)) - e6a39719-41af-45a0-9aba-12a9942a83ed@group-0A20FCA87539->eb380d38-0563-4e7d-87d8-298c42025015-AppendLogResponseHandler: Failed appendEntries: org.apache.ratis.thirdparty.io.grpc.StatusRuntimeException: UNAVAILABLE: io exception
2020-04-24 20:28:34,412 [grpc-default-executor-1] INFO  impl.FollowerInfo (FollowerInfo.java:lambda$new$0(50)) - e6a39719-41af-45a0-9aba-12a9942a83ed@group-0A20FCA87539->eb380d38-0563-4e7d-87d8-298c42025015: nextIndex: updateUnconditionally 2 -> 1
2020-04-24 20:28:36,913 [grpc-default-executor-4] WARN  server.GrpcLogAppender (LogUtils.java:warn(122)) - e6a39719-41af-45a0-9aba-12a9942a83ed@group-0A20FCA87539->eb380d38-0563-4e7d-87d8-298c42025015-AppendLogResponseHandler: Failed appendEntries: org.apache.ratis.thirdparty.io.grpc.StatusRuntimeException: UNAVAILABLE: io exception
2020-04-24 20:28:36,914 [grpc-default-executor-4] INFO  impl.FollowerInfo (FollowerInfo.java:lambda$new$0(50)) - e6a39719-41af-45a0-9aba-12a9942a83ed@group-0A20FCA87539->eb380d38-0563-4e7d-87d8-298c42025015: nextIndex: updateUnconditionally 2 -> 1
]]></system-out>
    <system-err><![CDATA[ERROR StatusLogger No Log4j 2 configuration file found. Using default configuration (logging only errors to the console), or user programmatically provided configurations. Set system property 'log4j2.debug' to show Log4j 2 internal initialization logging. See https://logging.apache.org/log4j/2.x/manual/configuration.html for instructions on how to configure Log4j 2
Apr 24, 2020 8:27:41 PM org.apache.ratis.thirdparty.io.grpc.internal.SerializingExecutor run
SEVERE: Exception while executing runnable org.apache.ratis.thirdparty.io.grpc.internal.ServerImpl$JumpToApplicationThreadServerStreamListener$1Closed@c9b00a7
org.apache.ratis.thirdparty.io.grpc.StatusRuntimeException: CANCELLED: call already cancelled
	at org.apache.ratis.thirdparty.io.grpc.Status.asRuntimeException(Status.java:524)
	at org.apache.ratis.thirdparty.io.grpc.stub.ServerCalls$ServerCallStreamObserverImpl.onCompleted(ServerCalls.java:368)
	at org.apache.ratis.grpc.server.GrpcServerProtocolService$ServerRequestStreamObserver.onError(GrpcServerProtocolService.java:145)
	at org.apache.ratis.thirdparty.io.grpc.stub.ServerCalls$StreamingServerCallHandler$StreamingServerCallListener.onCancel(ServerCalls.java:272)
	at org.apache.ratis.thirdparty.io.grpc.internal.ServerCallImpl$ServerStreamListenerImpl.closedInternal(ServerCallImpl.java:353)
	at org.apache.ratis.thirdparty.io.grpc.internal.ServerCallImpl$ServerStreamListenerImpl.closed(ServerCallImpl.java:341)
	at org.apache.ratis.thirdparty.io.grpc.internal.ServerImpl$JumpToApplicationThreadServerStreamListener$1Closed.runInContext(ServerImpl.java:864)
	at org.apache.ratis.thirdparty.io.grpc.internal.ContextRunnable.run(ContextRunnable.java:37)
	at org.apache.ratis.thirdparty.io.grpc.internal.SerializingExecutor.run(SerializingExecutor.java:123)
	at java.util.concurrent.ThreadPoolExecutor.runWorker(ThreadPoolExecutor.java:1149)
	at java.util.concurrent.ThreadPoolExecutor$Worker.run(ThreadPoolExecutor.java:624)
	at java.lang.Thread.run(Thread.java:748)

]]></system-err>
  </testcase>
</testsuite>