<?xml version="1.0" encoding="UTF-8"?>
<testsuite xmlns:xsi="http://www.w3.org/2001/XMLSchema-instance" xsi:noNamespaceSchemaLocation="https://maven.apache.org/surefire/maven-surefire-plugin/xsd/surefire-test-report.xsd" name="org.apache.hadoop.ozone.scm.TestSCMInstallSnapshotWithHA" time="141.715" tests="3" errors="0" skipped="0" failures="1">
  <properties>
    <property name="awt.toolkit" value="sun.awt.X11.XToolkit"/>
    <property name="file.encoding.pkg" value="sun.io"/>
    <property name="java.specification.version" value="1.8"/>
    <property name="sun.cpu.isalist" value=""/>
    <property name="sun.jnu.encoding" value="UTF-8"/>
    <property name="java.class.path" value="/home/runner/work/ozone/ozone/mnt/ozone/hadoop-ozone/integration-test/target/test-classes:/home/runner/work/ozone/ozone/mnt/ozone/hadoop-ozone/integration-test/target/classes:/home/runner/.m2/repository/org/apache/ozone/ozone-common/1.2.0-SNAPSHOT/ozone-common-1.2.0-SNAPSHOT.jar:/home/runner/.m2/repository/org/apache/commons/commons-compress/1.20/commons-compress-1.20.jar:/home/runner/.m2/repository/org/apache/ozone/hdds-common/1.2.0-SNAPSHOT/hdds-common-1.2.0-SNAPSHOT.jar:/home/runner/.m2/repository/org/apache/ozone/hdds-client/1.2.0-SNAPSHOT/hdds-client-1.2.0-SNAPSHOT.jar:/home/runner/.m2/repository/org/apache/ozone/ozone-interface-client/1.2.0-SNAPSHOT/ozone-interface-client-1.2.0-SNAPSHOT.jar:/home/runner/.m2/repository/org/apache/ozone/hdds-test-utils/1.2.0-SNAPSHOT/hdds-test-utils-1.2.0-SNAPSHOT.jar:/home/runner/.m2/repository/com/google/guava/guava/30.1.1-jre/guava-30.1.1-jre.jar:/home/runner/.m2/repository/com/google/guava/failureaccess/1.0.1/failureaccess-1.0.1.jar:/home/runner/.m2/repository/com/google/guava/listenablefuture/9999.0-empty-to-avoid-conflict-with-guava/listenablefuture-9999.0-empty-to-avoid-conflict-with-guava.jar:/home/runner/.m2/repository/com/google/code/findbugs/jsr305/3.0.0/jsr305-3.0.0.jar:/home/runner/.m2/repository/org/checkerframework/checker-qual/3.8.0/checker-qual-3.8.0.jar:/home/runner/.m2/repository/com/google/errorprone/error_prone_annotations/2.2.0/error_prone_annotations-2.2.0.jar:/home/runner/.m2/repository/com/google/j2objc/j2objc-annotations/1.3/j2objc-annotations-1.3.jar:/home/runner/.m2/repository/commons-io/commons-io/2.8.0/commons-io-2.8.0.jar:/home/runner/.m2/repository/commons-logging/commons-logging/1.2/commons-logging-1.2.jar:/home/runner/.m2/repository/log4j/log4j/1.2.17/log4j-1.2.17.jar:/home/runner/.m2/repository/org/slf4j/slf4j-api/1.7.30/slf4j-api-1.7.30.jar:/home/runner/.m2/repository/org/apache/ozone/hdds-server-scm/1.2.0-SNAPSHOT/hdds-server-scm-1.2.0-SNAPSHOT.jar:/home/runner/.m2/repository/org/apache/ozone/hdds-container-service/1.2.0-SNAPSHOT/hdds-container-service-1.2.0-SNAPSHOT.jar:/home/runner/.m2/repository/org/apache/ozone/hdds-hadoop-dependency-server/1.2.0-SNAPSHOT/hdds-hadoop-dependency-server-1.2.0-SNAPSHOT.jar:/home/runner/.m2/repository/org/apache/hadoop/hadoop-hdfs/3.3.1/hadoop-hdfs-3.3.1.jar:/home/runner/.m2/repository/org/apache/ozone/hdds-server-framework/1.2.0-SNAPSHOT/hdds-server-framework-1.2.0-SNAPSHOT.jar:/home/runner/.m2/repository/org/apache/ozone/hdds-interface-server/1.2.0-SNAPSHOT/hdds-interface-server-1.2.0-SNAPSHOT.jar:/home/runner/.m2/repository/org/eclipse/jetty/jetty-servlet/9.4.35.v20201120/jetty-servlet-9.4.35.v20201120.jar:/home/runner/.m2/repository/org/eclipse/jetty/jetty-security/9.4.35.v20201120/jetty-security-9.4.35.v20201120.jar:/home/runner/.m2/repository/org/rocksdb/rocksdbjni/6.20.3/rocksdbjni-6.20.3.jar:/home/runner/.m2/repository/io/prometheus/simpleclient_dropwizard/0.7.0/simpleclient_dropwizard-0.7.0.jar:/home/runner/.m2/repository/io/prometheus/simpleclient/0.7.0/simpleclient-0.7.0.jar:/home/runner/.m2/repository/io/prometheus/simpleclient_common/0.7.0/simpleclient_common-0.7.0.jar:/home/runner/.m2/repository/com/fasterxml/jackson/datatype/jackson-datatype-jsr310/2.12.1/jackson-datatype-jsr310-2.12.1.jar:/home/runner/.m2/repository/io/dropwizard/metrics/metrics-core/3.2.4/metrics-core-3.2.4.jar:/home/runner/.m2/repository/org/apache/hadoop/hadoop-hdfs-client/3.3.1/hadoop-hdfs-client-3.3.1.jar:/home/runner/.m2/repository/org/bouncycastle/bcprov-jdk15on/1.67/bcprov-jdk15on-1.67.jar:/home/runner/.m2/repository/com/google/protobuf/protobuf-java/2.5.0/protobuf-java-2.5.0.jar:/home/runner/.m2/repository/org/apache/ozone/ozone-manager/1.2.0-SNAPSHOT/ozone-manager-1.2.0-SNAPSHOT.jar:/home/runner/.m2/repository/org/aspectj/aspectjrt/1.8.9/aspectjrt-1.8.9.jar:/home/runner/.m2/repository/org/aspectj/aspectjweaver/1.8.9/aspectjweaver-1.8.9.jar:/home/runner/.m2/repository/org/apache/ozone/hdds-interface-client/1.2.0-SNAPSHOT/hdds-interface-client-1.2.0-SNAPSHOT.jar:/home/runner/.m2/repository/org/apache/hadoop/thirdparty/hadoop-shaded-protobuf_3_7/1.1.1/hadoop-shaded-protobuf_3_7-1.1.1.jar:/home/runner/.m2/repository/org/apache/ratis/ratis-thirdparty-misc/0.7.0-a398b19-SNAPSHOT/ratis-thirdparty-misc-0.7.0-a398b19-SNAPSHOT.jar:/home/runner/.m2/repository/org/apache/ozone/ozone-interface-storage/1.2.0-SNAPSHOT/ozone-interface-storage-1.2.0-SNAPSHOT.jar:/home/runner/.m2/repository/org/reflections/reflections/0.9.11/reflections-0.9.11.jar:/home/runner/.m2/repository/org/apache/hadoop/hadoop-minikdc/3.3.1/hadoop-minikdc-3.3.1.jar:/home/runner/.m2/repository/org/apache/kerby/kerb-simplekdc/1.0.1/kerb-simplekdc-1.0.1.jar:/home/runner/.m2/repository/org/apache/kerby/kerb-client/1.0.1/kerb-client-1.0.1.jar:/home/runner/.m2/repository/org/apache/kerby/kerby-config/1.0.1/kerby-config-1.0.1.jar:/home/runner/.m2/repository/org/apache/kerby/kerb-common/1.0.1/kerb-common-1.0.1.jar:/home/runner/.m2/repository/org/apache/kerby/kerb-crypto/1.0.1/kerb-crypto-1.0.1.jar:/home/runner/.m2/repository/org/apache/kerby/kerb-util/1.0.1/kerb-util-1.0.1.jar:/home/runner/.m2/repository/org/apache/kerby/token-provider/1.0.1/token-provider-1.0.1.jar:/home/runner/.m2/repository/org/apache/kerby/kerb-admin/1.0.1/kerb-admin-1.0.1.jar:/home/runner/.m2/repository/org/apache/kerby/kerb-server/1.0.1/kerb-server-1.0.1.jar:/home/runner/.m2/repository/org/apache/kerby/kerb-identity/1.0.1/kerb-identity-1.0.1.jar:/home/runner/.m2/repository/org/apache/kerby/kerby-xdr/1.0.1/kerby-xdr-1.0.1.jar:/home/runner/.m2/repository/org/slf4j/slf4j-log4j12/1.7.30/slf4j-log4j12-1.7.30.jar:/home/runner/.m2/repository/org/apache/ozone/ozone-s3gateway/1.2.0-SNAPSHOT/ozone-s3gateway-1.2.0-SNAPSHOT.jar:/home/runner/.m2/repository/org/javassist/javassist/3.21.0-GA/javassist-3.21.0-GA.jar:/home/runner/.m2/repository/org/jboss/weld/servlet/weld-servlet/2.4.7.Final/weld-servlet-2.4.7.Final.jar:/home/runner/.m2/repository/org/glassfish/jersey/containers/jersey-container-servlet-core/2.33/jersey-container-servlet-core-2.33.jar:/home/runner/.m2/repository/org/glassfish/hk2/external/jakarta.inject/2.6.1/jakarta.inject-2.6.1.jar:/home/runner/.m2/repository/org/glassfish/jersey/core/jersey-common/2.33/jersey-common-2.33.jar:/home/runner/.m2/repository/jakarta/ws/rs/jakarta.ws.rs-api/2.1.6/jakarta.ws.rs-api-2.1.6.jar:/home/runner/.m2/repository/org/glassfish/jersey/ext/cdi/jersey-cdi1x/2.33/jersey-cdi1x-2.33.jar:/home/runner/.m2/repository/org/glassfish/jersey/inject/jersey-hk2/2.33/jersey-hk2-2.33.jar:/home/runner/.m2/repository/org/glassfish/hk2/hk2-locator/2.6.1/hk2-locator-2.6.1.jar:/home/runner/.m2/repository/org/glassfish/jersey/media/jersey-media-jaxb/2.33/jersey-media-jaxb-2.33.jar:/home/runner/.m2/repository/org/glassfish/hk2/osgi-resource-locator/1.0.3/osgi-resource-locator-1.0.3.jar:/home/runner/.m2/repository/org/glassfish/hk2/hk2-api/2.5.0/hk2-api-2.5.0.jar:/home/runner/.m2/repository/org/glassfish/hk2/hk2-utils/2.5.0/hk2-utils-2.5.0.jar:/home/runner/.m2/repository/org/glassfish/hk2/external/aopalliance-repackaged/2.5.0/aopalliance-repackaged-2.5.0.jar:/home/runner/.m2/repository/com/fasterxml/jackson/dataformat/jackson-dataformat-xml/2.12.1/jackson-dataformat-xml-2.12.1.jar:/home/runner/.m2/repository/com/fasterxml/jackson/core/jackson-core/2.12.1/jackson-core-2.12.1.jar:/home/runner/.m2/repository/com/fasterxml/jackson/module/jackson-module-jaxb-annotations/2.12.1/jackson-module-jaxb-annotations-2.12.1.jar:/home/runner/.m2/repository/jakarta/xml/bind/jakarta.xml.bind-api/2.3.2/jakarta.xml.bind-api-2.3.2.jar:/home/runner/.m2/repository/org/codehaus/woodstox/stax2-api/3.1.4/stax2-api-3.1.4.jar:/home/runner/.m2/repository/com/fasterxml/woodstox/woodstox-core/5.0.3/woodstox-core-5.0.3.jar:/home/runner/.m2/repository/javax/enterprise/cdi-api/1.2/cdi-api-1.2.jar:/home/runner/.m2/repository/javax/el/javax.el-api/3.0.0/javax.el-api-3.0.0.jar:/home/runner/.m2/repository/javax/interceptor/javax.interceptor-api/1.2/javax.interceptor-api-1.2.jar:/home/runner/.m2/repository/javax/inject/javax.inject/1/javax.inject-1.jar:/home/runner/.m2/repository/javax/xml/bind/jaxb-api/2.3.0/jaxb-api-2.3.0.jar:/home/runner/.m2/repository/org/glassfish/jaxb/jaxb-runtime/2.3.0.1/jaxb-runtime-2.3.0.1.jar:/home/runner/.m2/repository/org/glassfish/jaxb/jaxb-core/2.3.0.1/jaxb-core-2.3.0.1.jar:/home/runner/.m2/repository/org/glassfish/jaxb/txw2/2.3.0.1/txw2-2.3.0.1.jar:/home/runner/.m2/repository/com/sun/istack/istack-commons-runtime/3.0.5/istack-commons-runtime-3.0.5.jar:/home/runner/.m2/repository/org/jvnet/staxex/stax-ex/1.7.8/stax-ex-1.7.8.jar:/home/runner/.m2/repository/com/sun/xml/fastinfoset/FastInfoset/1.2.13/FastInfoset-1.2.13.jar:/home/runner/.m2/repository/javax/activation/activation/1.1.1/activation-1.1.1.jar:/home/runner/.m2/repository/org/apache/ozone/ozone-csi/1.2.0-SNAPSHOT/ozone-csi-1.2.0-SNAPSHOT.jar:/home/runner/.m2/repository/com/google/protobuf/protobuf-java-util/3.12.0/protobuf-java-util-3.12.0.jar:/home/runner/.m2/repository/com/google/code/gson/gson/2.2.4/gson-2.2.4.jar:/home/runner/.m2/repository/org/apache/ozone/hdds-config/1.2.0-SNAPSHOT/hdds-config-1.2.0-SNAPSHOT.jar:/home/runner/.m2/repository/io/grpc/grpc-netty/1.33.0/grpc-netty-1.33.0.jar:/home/runner/.m2/repository/io/grpc/grpc-core/1.33.0/grpc-core-1.33.0.jar:/home/runner/.m2/repository/com/google/android/annotations/4.1.1.4/annotations-4.1.1.4.jar:/home/runner/.m2/repository/io/netty/netty-codec-http2/4.1.63.Final/netty-codec-http2-4.1.63.Final.jar:/home/runner/.m2/repository/io/netty/netty-codec-http/4.1.63.Final/netty-codec-http-4.1.63.Final.jar:/home/runner/.m2/repository/io/netty/netty-handler-proxy/4.1.63.Final/netty-handler-proxy-4.1.63.Final.jar:/home/runner/.m2/repository/io/netty/netty-codec-socks/4.1.63.Final/netty-codec-socks-4.1.63.Final.jar:/home/runner/.m2/repository/io/perfmark/perfmark-api/0.19.0/perfmark-api-0.19.0.jar:/home/runner/.m2/repository/org/codehaus/mojo/animal-sniffer-annotations/1.18/animal-sniffer-annotations-1.18.jar:/home/runner/.m2/repository/io/netty/netty-transport-native-epoll/4.1.63.Final/netty-transport-native-epoll-4.1.63.Final.jar:/home/runner/.m2/repository/io/netty/netty-common/4.1.63.Final/netty-common-4.1.63.Final.jar:/home/runner/.m2/repository/io/netty/netty-buffer/4.1.63.Final/netty-buffer-4.1.63.Final.jar:/home/runner/.m2/repository/io/netty/netty-transport-native-unix-common/4.1.63.Final/netty-transport-native-unix-common-4.1.63.Final.jar:/home/runner/.m2/repository/io/grpc/grpc-protobuf/1.33.0/grpc-protobuf-1.33.0.jar:/home/runner/.m2/repository/io/grpc/grpc-api/1.33.0/grpc-api-1.33.0.jar:/home/runner/.m2/repository/io/grpc/grpc-context/1.33.0/grpc-context-1.33.0.jar:/home/runner/.m2/repository/com/google/api/grpc/proto-google-common-protos/1.17.0/proto-google-common-protos-1.17.0.jar:/home/runner/.m2/repository/io/grpc/grpc-protobuf-lite/1.33.0/grpc-protobuf-lite-1.33.0.jar:/home/runner/.m2/repository/io/grpc/grpc-stub/1.33.0/grpc-stub-1.33.0.jar:/home/runner/.m2/repository/org/apache/ozone/ozone-recon/1.2.0-SNAPSHOT/ozone-recon-1.2.0-SNAPSHOT.jar:/home/runner/.m2/repository/org/apache/ozone/ozone-reconcodegen/1.2.0-SNAPSHOT/ozone-reconcodegen-1.2.0-SNAPSHOT.jar:/home/runner/.m2/repository/com/google/inject/extensions/guice-multibindings/4.0/guice-multibindings-4.0.jar:/home/runner/.m2/repository/com/google/inject/guice/4.0/guice-4.0.jar:/home/runner/.m2/repository/aopalliance/aopalliance/1.0/aopalliance-1.0.jar:/home/runner/.m2/repository/com/google/inject/extensions/guice-assistedinject/4.0/guice-assistedinject-4.0.jar:/home/runner/.m2/repository/com/google/inject/extensions/guice-servlet/4.0/guice-servlet-4.0.jar:/home/runner/.m2/repository/org/glassfish/jersey/containers/jersey-container-servlet/2.33/jersey-container-servlet-2.33.jar:/home/runner/.m2/repository/org/glassfish/hk2/guice-bridge/2.5.0/guice-bridge-2.5.0.jar:/home/runner/.m2/repository/org/glassfish/jersey/core/jersey-server/2.33/jersey-server-2.33.jar:/home/runner/.m2/repository/org/glassfish/jersey/core/jersey-client/2.33/jersey-client-2.33.jar:/home/runner/.m2/repository/jakarta/annotation/jakarta.annotation-api/1.3.5/jakarta.annotation-api-1.3.5.jar:/home/runner/.m2/repository/jakarta/validation/jakarta.validation-api/2.0.2/jakarta.validation-api-2.0.2.jar:/home/runner/.m2/repository/org/glassfish/jersey/media/jersey-media-json-jackson/2.33/jersey-media-json-jackson-2.33.jar:/home/runner/.m2/repository/org/glassfish/jersey/ext/jersey-entity-filtering/2.33/jersey-entity-filtering-2.33.jar:/home/runner/.m2/repository/org/jooq/jooq/3.11.10/jooq-3.11.10.jar:/home/runner/.m2/repository/org/jooq/jooq-meta/3.11.10/jooq-meta-3.11.10.jar:/home/runner/.m2/repository/org/jooq/jooq-codegen/3.11.10/jooq-codegen-3.11.10.jar:/home/runner/.m2/repository/com/jolbox/bonecp/0.8.0.RELEASE/bonecp-0.8.0.RELEASE.jar:/home/runner/.m2/repository/org/apache/derby/derby/10.14.2.0/derby-10.14.2.0.jar:/home/runner/.m2/repository/org/xerial/sqlite-jdbc/3.25.2/sqlite-jdbc-3.25.2.jar:/home/runner/.m2/repository/org/springframework/spring-jdbc/5.2.11.RELEASE/spring-jdbc-5.2.11.RELEASE.jar:/home/runner/.m2/repository/org/springframework/spring-beans/5.2.11.RELEASE/spring-beans-5.2.11.RELEASE.jar:/home/runner/.m2/repository/org/springframework/spring-core/5.2.11.RELEASE/spring-core-5.2.11.RELEASE.jar:/home/runner/.m2/repository/org/springframework/spring-jcl/5.2.11.RELEASE/spring-jcl-5.2.11.RELEASE.jar:/home/runner/.m2/repository/org/springframework/spring-tx/5.2.11.RELEASE/spring-tx-5.2.11.RELEASE.jar:/home/runner/.m2/repository/org/apache/ozone/ozone-client/1.2.0-SNAPSHOT/ozone-client-1.2.0-SNAPSHOT.jar:/home/runner/.m2/repository/org/apache/ozone/ozone-filesystem/1.2.0-SNAPSHOT/ozone-filesystem-1.2.0-SNAPSHOT.jar:/home/runner/.m2/repository/org/apache/ozone/ozone-filesystem-common/1.2.0-SNAPSHOT/ozone-filesystem-common-1.2.0-SNAPSHOT.jar:/home/runner/.m2/repository/org/apache/ozone/ozone-tools/1.2.0-SNAPSHOT/ozone-tools-1.2.0-SNAPSHOT.jar:/home/runner/.m2/repository/org/apache/ratis/ratis-tools/2.1.0-ff8aa66-SNAPSHOT/ratis-tools-2.1.0-ff8aa66-SNAPSHOT.jar:/home/runner/.m2/repository/org/apache/ratis/ratis-proto/2.1.0-ff8aa66-SNAPSHOT/ratis-proto-2.1.0-ff8aa66-SNAPSHOT.jar:/home/runner/.m2/repository/org/apache/ratis/ratis-common/2.1.0-ff8aa66-SNAPSHOT/ratis-common-2.1.0-ff8aa66-SNAPSHOT.jar:/home/runner/.m2/repository/com/amazonaws/aws-java-sdk-core/1.11.901/aws-java-sdk-core-1.11.901.jar:/home/runner/.m2/repository/org/apache/httpcomponents/httpclient/4.5.13/httpclient-4.5.13.jar:/home/runner/.m2/repository/org/apache/httpcomponents/httpcore/4.4.13/httpcore-4.4.13.jar:/home/runner/.m2/repository/software/amazon/ion/ion-java/1.0.2/ion-java-1.0.2.jar:/home/runner/.m2/repository/com/fasterxml/jackson/dataformat/jackson-dataformat-cbor/2.12.1/jackson-dataformat-cbor-2.12.1.jar:/home/runner/.m2/repository/joda-time/joda-time/2.8.1/joda-time-2.8.1.jar:/home/runner/.m2/repository/com/amazonaws/aws-java-sdk-s3/1.11.901/aws-java-sdk-s3-1.11.901.jar:/home/runner/.m2/repository/com/amazonaws/aws-java-sdk-kms/1.11.901/aws-java-sdk-kms-1.11.901.jar:/home/runner/.m2/repository/com/amazonaws/jmespath-java/1.11.901/jmespath-java-1.11.901.jar:/home/runner/.m2/repository/org/kohsuke/metainf-services/metainf-services/1.8/metainf-services-1.8.jar:/home/runner/.m2/repository/org/apache/ozone/hdds-tools/1.2.0-SNAPSHOT/hdds-tools-1.2.0-SNAPSHOT.jar:/home/runner/.m2/repository/commons-cli/commons-cli/1.2/commons-cli-1.2.jar:/home/runner/.m2/repository/org/apache/commons/commons-lang3/3.7/commons-lang3-3.7.jar:/home/runner/.m2/repository/org/apache/ozone/ozone-manager/1.2.0-SNAPSHOT/ozone-manager-1.2.0-SNAPSHOT-tests.jar:/home/runner/.m2/repository/org/apache/ozone/hdds-common/1.2.0-SNAPSHOT/hdds-common-1.2.0-SNAPSHOT-tests.jar:/home/runner/.m2/repository/org/apache/ozone/hdds-hadoop-dependency-client/1.2.0-SNAPSHOT/hdds-hadoop-dependency-client-1.2.0-SNAPSHOT.jar:/home/runner/.m2/repository/info/picocli/picocli/4.4.0/picocli-4.4.0.jar:/home/runner/.m2/repository/com/fasterxml/jackson/core/jackson-annotations/2.12.1/jackson-annotations-2.12.1.jar:/home/runner/.m2/repository/javax/annotation/javax.annotation-api/1.2/javax.annotation-api-1.2.jar:/home/runner/.m2/repository/org/apache/ratis/ratis-server/2.1.0-ff8aa66-SNAPSHOT/ratis-server-2.1.0-ff8aa66-SNAPSHOT.jar:/home/runner/.m2/repository/org/apache/ratis/ratis-client/2.1.0-ff8aa66-SNAPSHOT/ratis-client-2.1.0-ff8aa66-SNAPSHOT.jar:/home/runner/.m2/repository/org/apache/ratis/ratis-server-api/2.1.0-ff8aa66-SNAPSHOT/ratis-server-api-2.1.0-ff8aa66-SNAPSHOT.jar:/home/runner/.m2/repository/org/apache/ratis/ratis-metrics/2.1.0-ff8aa66-SNAPSHOT/ratis-metrics-2.1.0-ff8aa66-SNAPSHOT.jar:/home/runner/.m2/repository/org/apache/ratis/ratis-netty/2.1.0-ff8aa66-SNAPSHOT/ratis-netty-2.1.0-ff8aa66-SNAPSHOT.jar:/home/runner/.m2/repository/org/apache/ratis/ratis-grpc/2.1.0-ff8aa66-SNAPSHOT/ratis-grpc-2.1.0-ff8aa66-SNAPSHOT.jar:/home/runner/.m2/repository/org/apache/logging/log4j/log4j-api/2.13.3/log4j-api-2.13.3.jar:/home/runner/.m2/repository/org/apache/logging/log4j/log4j-core/2.13.3/log4j-core-2.13.3.jar:/home/runner/.m2/repository/com/lmax/disruptor/3.4.2/disruptor-3.4.2.jar:/home/runner/.m2/repository/org/apache/commons/commons-pool2/2.6.0/commons-pool2-2.6.0.jar:/home/runner/.m2/repository/org/bouncycastle/bcpkix-jdk15on/1.67/bcpkix-jdk15on-1.67.jar:/home/runner/.m2/repository/commons-validator/commons-validator/1.6/commons-validator-1.6.jar:/home/runner/.m2/repository/commons-beanutils/commons-beanutils/1.9.4/commons-beanutils-1.9.4.jar:/home/runner/.m2/repository/commons-digester/commons-digester/1.8.1/commons-digester-1.8.1.jar:/home/runner/.m2/repository/commons-collections/commons-collections/3.2.2/commons-collections-3.2.2.jar:/home/runner/.m2/repository/io/jaegertracing/jaeger-client/1.6.0/jaeger-client-1.6.0.jar:/home/runner/.m2/repository/io/jaegertracing/jaeger-thrift/1.6.0/jaeger-thrift-1.6.0.jar:/home/runner/.m2/repository/org/apache/thrift/libthrift/0.14.1/libthrift-0.14.1.jar:/home/runner/.m2/repository/com/squareup/okhttp3/okhttp/4.9.0/okhttp-4.9.0.jar:/home/runner/.m2/repository/com/squareup/okio/okio/2.8.0/okio-2.8.0.jar:/home/runner/.m2/repository/io/jaegertracing/jaeger-core/1.6.0/jaeger-core-1.6.0.jar:/home/runner/.m2/repository/io/jaegertracing/jaeger-tracerresolver/1.6.0/jaeger-tracerresolver-1.6.0.jar:/home/runner/.m2/repository/io/opentracing/contrib/opentracing-tracerresolver/0.1.8/opentracing-tracerresolver-0.1.8.jar:/home/runner/.m2/repository/org/jetbrains/kotlin/kotlin-stdlib/1.4.31/kotlin-stdlib-1.4.31.jar:/home/runner/.m2/repository/org/jetbrains/kotlin/kotlin-stdlib-common/1.4.31/kotlin-stdlib-common-1.4.31.jar:/home/runner/.m2/repository/org/jetbrains/annotations/13.0/annotations-13.0.jar:/home/runner/.m2/repository/io/opentracing/opentracing-util/0.33.0/opentracing-util-0.33.0.jar:/home/runner/.m2/repository/io/opentracing/opentracing-api/0.33.0/opentracing-api-0.33.0.jar:/home/runner/.m2/repository/io/opentracing/opentracing-noop/0.33.0/opentracing-noop-0.33.0.jar:/home/runner/.m2/repository/org/yaml/snakeyaml/1.26/snakeyaml-1.26.jar:/home/runner/.m2/repository/org/apache/ozone/hdds-interface-admin/1.2.0-SNAPSHOT/hdds-interface-admin-1.2.0-SNAPSHOT.jar:/home/runner/.m2/repository/junit/junit/4.13.1/junit-4.13.1.jar:/home/runner/.m2/repository/org/hamcrest/hamcrest-core/1.3/hamcrest-core-1.3.jar:/home/runner/.m2/repository/org/junit/jupiter/junit-jupiter-api/5.7.0/junit-jupiter-api-5.7.0.jar:/home/runner/.m2/repository/org/apiguardian/apiguardian-api/1.1.0/apiguardian-api-1.1.0.jar:/home/runner/.m2/repository/org/opentest4j/opentest4j/1.2.0/opentest4j-1.2.0.jar:/home/runner/.m2/repository/org/junit/platform/junit-platform-commons/1.7.0/junit-platform-commons-1.7.0.jar:/home/runner/.m2/repository/org/junit/jupiter/junit-jupiter-engine/5.7.0/junit-jupiter-engine-5.7.0.jar:/home/runner/.m2/repository/org/junit/platform/junit-platform-engine/1.7.0/junit-platform-engine-1.7.0.jar:/home/runner/.m2/repository/org/junit/vintage/junit-vintage-engine/5.7.0/junit-vintage-engine-5.7.0.jar:/home/runner/.m2/repository/org/junit/platform/junit-platform-launcher/1.7.0/junit-platform-launcher-1.7.0.jar:/home/runner/.m2/repository/org/openjdk/jmh/jmh-core/1.19/jmh-core-1.19.jar:/home/runner/.m2/repository/net/sf/jopt-simple/jopt-simple/4.6/jopt-simple-4.6.jar:/home/runner/.m2/repository/org/apache/commons/commons-math3/3.1.1/commons-math3-3.1.1.jar:/home/runner/.m2/repository/org/openjdk/jmh/jmh-generator-annprocess/1.19/jmh-generator-annprocess-1.19.jar:/home/runner/.m2/repository/org/mockito/mockito-core/2.28.2/mockito-core-2.28.2.jar:/home/runner/.m2/repository/net/bytebuddy/byte-buddy/1.9.10/byte-buddy-1.9.10.jar:/home/runner/.m2/repository/net/bytebuddy/byte-buddy-agent/1.9.10/byte-buddy-agent-1.9.10.jar:/home/runner/.m2/repository/org/objenesis/objenesis/1.0/objenesis-1.0.jar:/home/runner/.m2/repository/org/apache/hadoop/hadoop-kms/3.3.1/hadoop-kms-3.3.1.jar:/home/runner/.m2/repository/org/apache/hadoop/hadoop-auth/3.3.1/hadoop-auth-3.3.1.jar:/home/runner/.m2/repository/com/nimbusds/nimbus-jose-jwt/7.9/nimbus-jose-jwt-7.9.jar:/home/runner/.m2/repository/com/github/stephenc/jcip/jcip-annotations/1.0-1/jcip-annotations-1.0-1.jar:/home/runner/.m2/repository/net/minidev/json-smart/2.3/json-smart-2.3.jar:/home/runner/.m2/repository/net/minidev/accessors-smart/1.2/accessors-smart-1.2.jar:/home/runner/.m2/repository/org/ow2/asm/asm/5.0.4/asm-5.0.4.jar:/home/runner/.m2/repository/org/apache/zookeeper/zookeeper/3.5.6/zookeeper-3.5.6.jar:/home/runner/.m2/repository/org/apache/zookeeper/zookeeper-jute/3.5.6/zookeeper-jute-3.5.6.jar:/home/runner/.m2/repository/org/apache/yetus/audience-annotations/0.5.0/audience-annotations-0.5.0.jar:/home/runner/.m2/repository/org/apache/curator/curator-framework/4.2.0/curator-framework-4.2.0.jar:/home/runner/.m2/repository/org/apache/hadoop/thirdparty/hadoop-shaded-guava/1.1.1/hadoop-shaded-guava-1.1.1.jar:/home/runner/.m2/repository/com/sun/jersey/jersey-core/1.19/jersey-core-1.19.jar:/home/runner/.m2/repository/javax/ws/rs/jsr311-api/1.1.1/jsr311-api-1.1.1.jar:/home/runner/.m2/repository/com/sun/jersey/jersey-server/1.19/jersey-server-1.19.jar:/home/runner/.m2/repository/javax/servlet/javax.servlet-api/3.1.0/javax.servlet-api-3.1.0.jar:/home/runner/.m2/repository/org/eclipse/jetty/jetty-server/9.4.35.v20201120/jetty-server-9.4.35.v20201120.jar:/home/runner/.m2/repository/org/eclipse/jetty/jetty-http/9.4.35.v20201120/jetty-http-9.4.35.v20201120.jar:/home/runner/.m2/repository/org/eclipse/jetty/jetty-io/9.4.35.v20201120/jetty-io-9.4.35.v20201120.jar:/home/runner/.m2/repository/org/eclipse/jetty/jetty-webapp/9.4.35.v20201120/jetty-webapp-9.4.35.v20201120.jar:/home/runner/.m2/repository/org/eclipse/jetty/jetty-xml/9.4.35.v20201120/jetty-xml-9.4.35.v20201120.jar:/home/runner/.m2/repository/org/apache/hadoop/hadoop-common/3.3.1/hadoop-common-3.3.1.jar:/home/runner/.m2/repository/commons-net/commons-net/3.6/commons-net-3.6.jar:/home/runner/.m2/repository/jakarta/activation/jakarta.activation-api/1.2.1/jakarta.activation-api-1.2.1.jar:/home/runner/.m2/repository/com/sun/jersey/jersey-servlet/1.19/jersey-servlet-1.19.jar:/home/runner/.m2/repository/com/sun/jersey/jersey-json/1.19/jersey-json-1.19.jar:/home/runner/.m2/repository/org/codehaus/jettison/jettison/1.1/jettison-1.1.jar:/home/runner/.m2/repository/com/sun/xml/bind/jaxb-impl/2.2.3-1/jaxb-impl-2.2.3-1.jar:/home/runner/.m2/repository/org/codehaus/jackson/jackson-jaxrs/1.9.2/jackson-jaxrs-1.9.2.jar:/home/runner/.m2/repository/org/codehaus/jackson/jackson-xc/1.9.2/jackson-xc-1.9.2.jar:/home/runner/.m2/repository/org/apache/commons/commons-configuration2/2.1.1/commons-configuration2-2.1.1.jar:/home/runner/.m2/repository/org/apache/commons/commons-text/1.4/commons-text-1.4.jar:/home/runner/.m2/repository/com/google/re2j/re2j/1.1/re2j-1.1.jar:/home/runner/.m2/repository/com/jcraft/jsch/0.1.54/jsch-0.1.54.jar:/home/runner/.m2/repository/org/apache/curator/curator-client/4.2.0/curator-client-4.2.0.jar:/home/runner/.m2/repository/org/apache/curator/curator-recipes/4.2.0/curator-recipes-4.2.0.jar:/home/runner/.m2/repository/org/apache/kerby/kerb-core/1.0.1/kerb-core-1.0.1.jar:/home/runner/.m2/repository/org/apache/kerby/kerby-pkix/1.0.1/kerby-pkix-1.0.1.jar:/home/runner/.m2/repository/org/apache/kerby/kerby-asn1/1.0.1/kerby-asn1-1.0.1.jar:/home/runner/.m2/repository/org/apache/kerby/kerby-util/1.0.1/kerby-util-1.0.1.jar:/home/runner/.m2/repository/dnsjava/dnsjava/2.1.7/dnsjava-2.1.7.jar:/home/runner/.m2/repository/org/xerial/snappy/snappy-java/1.1.8.2/snappy-java-1.1.8.2.jar:/home/runner/.m2/repository/org/slf4j/jul-to-slf4j/1.7.30/jul-to-slf4j-1.7.30.jar:/home/runner/.m2/repository/org/eclipse/jetty/jetty-util/9.4.35.v20201120/jetty-util-9.4.35.v20201120.jar:/home/runner/.m2/repository/com/fasterxml/jackson/core/jackson-databind/2.12.1/jackson-databind-2.12.1.jar:/home/runner/.m2/repository/org/apache/hadoop/hadoop-kms/3.3.1/hadoop-kms-3.3.1-tests.jar:/home/runner/.m2/repository/org/apache/ozone/hdds-server-scm/1.2.0-SNAPSHOT/hdds-server-scm-1.2.0-SNAPSHOT-tests.jar:/home/runner/.m2/repository/org/apache/ozone/hdds-container-service/1.2.0-SNAPSHOT/hdds-container-service-1.2.0-SNAPSHOT-tests.jar:/home/runner/.m2/repository/commons-codec/commons-codec/1.11/commons-codec-1.11.jar:/home/runner/.m2/repository/io/netty/netty-transport/4.1.63.Final/netty-transport-4.1.63.Final.jar:/home/runner/.m2/repository/io/netty/netty-resolver/4.1.63.Final/netty-resolver-4.1.63.Final.jar:/home/runner/.m2/repository/io/netty/netty-codec/4.1.63.Final/netty-codec-4.1.63.Final.jar:/home/runner/.m2/repository/io/netty/netty-handler/4.1.63.Final/netty-handler-4.1.63.Final.jar:/home/runner/.m2/repository/org/apache/ozone/hdds-hadoop-dependency-test/1.2.0-SNAPSHOT/hdds-hadoop-dependency-test-1.2.0-SNAPSHOT.jar:/home/runner/.m2/repository/org/apache/hadoop/hadoop-common/3.3.1/hadoop-common-3.3.1-tests.jar:/home/runner/.m2/repository/org/assertj/assertj-core/3.12.2/assertj-core-3.12.2.jar:/home/runner/.m2/repository/org/apache/hadoop/hadoop-hdfs/3.3.1/hadoop-hdfs-3.3.1-tests.jar:/home/runner/.m2/repository/org/eclipse/jetty/jetty-util-ajax/9.4.35.v20201120/jetty-util-ajax-9.4.35.v20201120.jar:/home/runner/.m2/repository/commons-daemon/commons-daemon/1.0.13/commons-daemon-1.0.13.jar:/home/runner/.m2/repository/io/netty/netty/3.10.6.Final/netty-3.10.6.Final.jar:/home/runner/.m2/repository/io/netty/netty-all/4.1.63.Final/netty-all-4.1.63.Final.jar:/home/runner/.m2/repository/org/apache/htrace/htrace-core4/4.1.0-incubating/htrace-core4-4.1.0-incubating.jar:/home/runner/.m2/repository/org/fusesource/leveldbjni/leveldbjni-all/1.8/leveldbjni-all-1.8.jar:/home/runner/.m2/repository/org/apache/hadoop/hadoop-distcp/3.3.1/hadoop-distcp-3.3.1.jar:/home/runner/.m2/repository/org/apache/hadoop/hadoop-mapreduce-client-jobclient/3.3.1/hadoop-mapreduce-client-jobclient-3.3.1.jar:/home/runner/.m2/repository/org/apache/hadoop/hadoop-mapreduce-client-common/3.3.1/hadoop-mapreduce-client-common-3.3.1.jar:/home/runner/.m2/repository/org/apache/hadoop/hadoop-yarn-common/3.3.1/hadoop-yarn-common-3.3.1.jar:/home/runner/.m2/repository/org/apache/hadoop/hadoop-yarn-api/3.3.1/hadoop-yarn-api-3.3.1.jar:/home/runner/.m2/repository/com/sun/jersey/jersey-client/1.19/jersey-client-1.19.jar:/home/runner/.m2/repository/com/sun/jersey/contribs/jersey-guice/1.19/jersey-guice-1.19.jar:/home/runner/.m2/repository/com/fasterxml/jackson/jaxrs/jackson-jaxrs-json-provider/2.12.1/jackson-jaxrs-json-provider-2.12.1.jar:/home/runner/.m2/repository/com/fasterxml/jackson/jaxrs/jackson-jaxrs-base/2.12.1/jackson-jaxrs-base-2.12.1.jar:/home/runner/.m2/repository/org/apache/hadoop/hadoop-yarn-client/3.3.1/hadoop-yarn-client-3.3.1.jar:/home/runner/.m2/repository/org/eclipse/jetty/websocket/websocket-client/9.4.40.v20210413/websocket-client-9.4.40.v20210413.jar:/home/runner/.m2/repository/org/eclipse/jetty/jetty-client/9.4.40.v20210413/jetty-client-9.4.40.v20210413.jar:/home/runner/.m2/repository/org/eclipse/jetty/websocket/websocket-common/9.4.40.v20210413/websocket-common-9.4.40.v20210413.jar:/home/runner/.m2/repository/org/eclipse/jetty/websocket/websocket-api/9.4.40.v20210413/websocket-api-9.4.40.v20210413.jar:/home/runner/.m2/repository/org/jline/jline/3.9.0/jline-3.9.0.jar:/home/runner/.m2/repository/org/apache/hadoop/hadoop-mapreduce-client-core/3.3.1/hadoop-mapreduce-client-core-3.3.1.jar:/home/runner/.m2/repository/org/apache/avro/avro/1.7.7/avro-1.7.7.jar:/home/runner/.m2/repository/org/codehaus/jackson/jackson-core-asl/1.9.13/jackson-core-asl-1.9.13.jar:/home/runner/.m2/repository/org/codehaus/jackson/jackson-mapper-asl/1.9.13/jackson-mapper-asl-1.9.13.jar:/home/runner/.m2/repository/com/thoughtworks/paranamer/paranamer/2.3/paranamer-2.3.jar:/home/runner/.m2/repository/org/apache/hadoop/hadoop-annotations/3.3.1/hadoop-annotations-3.3.1.jar:/usr/lib/jvm/adoptopenjdk-8-hotspot-amd64/jre/../lib/tools.jar:/home/runner/.m2/repository/org/apache/hadoop/hadoop-distcp/3.3.1/hadoop-distcp-3.3.1-tests.jar:"/>
    <property name="java.vm.vendor" value="AdoptOpenJDK"/>
    <property name="sun.arch.data.model" value="64"/>
    <property name="test.build.dir" value="/home/runner/work/ozone/ozone/mnt/ozone/hadoop-ozone/integration-test/target/test-dir"/>
    <property name="test.cache.data" value=""/>
    <property name="java.vendor.url" value="https://adoptopenjdk.net/"/>
    <property name="user.timezone" value=""/>
    <property name="java.vm.specification.version" value="1.8"/>
    <property name="os.name" value="Linux"/>
    <property name="test.build.data" value="/home/runner/work/ozone/ozone/mnt/ozone/hadoop-ozone/integration-test/target/test-dir"/>
    <property name="sun.java.launcher" value="SUN_STANDARD"/>
    <property name="sun.boot.library.path" value="/usr/lib/jvm/adoptopenjdk-8-hotspot-amd64/jre/lib/amd64"/>
    <property name="sun.java.command" value="/home/runner/work/ozone/ozone/mnt/ozone/hadoop-ozone/integration-test/target/surefire/surefirebooter2305627715165628822.jar /home/runner/work/ozone/ozone/mnt/ozone/hadoop-ozone/integration-test/target/surefire 2021-07-20T05-37-24_280-jvmRun1 surefire7634732295948565882tmp surefire_133748304386712502540tmp"/>
    <property name="surefire.test.class.path" value="/home/runner/work/ozone/ozone/mnt/ozone/hadoop-ozone/integration-test/target/test-classes:/home/runner/work/ozone/ozone/mnt/ozone/hadoop-ozone/integration-test/target/classes:/home/runner/.m2/repository/org/apache/ozone/ozone-common/1.2.0-SNAPSHOT/ozone-common-1.2.0-SNAPSHOT.jar:/home/runner/.m2/repository/org/apache/commons/commons-compress/1.20/commons-compress-1.20.jar:/home/runner/.m2/repository/org/apache/ozone/hdds-common/1.2.0-SNAPSHOT/hdds-common-1.2.0-SNAPSHOT.jar:/home/runner/.m2/repository/org/apache/ozone/hdds-client/1.2.0-SNAPSHOT/hdds-client-1.2.0-SNAPSHOT.jar:/home/runner/.m2/repository/org/apache/ozone/ozone-interface-client/1.2.0-SNAPSHOT/ozone-interface-client-1.2.0-SNAPSHOT.jar:/home/runner/.m2/repository/org/apache/ozone/hdds-test-utils/1.2.0-SNAPSHOT/hdds-test-utils-1.2.0-SNAPSHOT.jar:/home/runner/.m2/repository/com/google/guava/guava/30.1.1-jre/guava-30.1.1-jre.jar:/home/runner/.m2/repository/com/google/guava/failureaccess/1.0.1/failureaccess-1.0.1.jar:/home/runner/.m2/repository/com/google/guava/listenablefuture/9999.0-empty-to-avoid-conflict-with-guava/listenablefuture-9999.0-empty-to-avoid-conflict-with-guava.jar:/home/runner/.m2/repository/com/google/code/findbugs/jsr305/3.0.0/jsr305-3.0.0.jar:/home/runner/.m2/repository/org/checkerframework/checker-qual/3.8.0/checker-qual-3.8.0.jar:/home/runner/.m2/repository/com/google/errorprone/error_prone_annotations/2.2.0/error_prone_annotations-2.2.0.jar:/home/runner/.m2/repository/com/google/j2objc/j2objc-annotations/1.3/j2objc-annotations-1.3.jar:/home/runner/.m2/repository/commons-io/commons-io/2.8.0/commons-io-2.8.0.jar:/home/runner/.m2/repository/commons-logging/commons-logging/1.2/commons-logging-1.2.jar:/home/runner/.m2/repository/log4j/log4j/1.2.17/log4j-1.2.17.jar:/home/runner/.m2/repository/org/slf4j/slf4j-api/1.7.30/slf4j-api-1.7.30.jar:/home/runner/.m2/repository/org/apache/ozone/hdds-server-scm/1.2.0-SNAPSHOT/hdds-server-scm-1.2.0-SNAPSHOT.jar:/home/runner/.m2/repository/org/apache/ozone/hdds-container-service/1.2.0-SNAPSHOT/hdds-container-service-1.2.0-SNAPSHOT.jar:/home/runner/.m2/repository/org/apache/ozone/hdds-hadoop-dependency-server/1.2.0-SNAPSHOT/hdds-hadoop-dependency-server-1.2.0-SNAPSHOT.jar:/home/runner/.m2/repository/org/apache/hadoop/hadoop-hdfs/3.3.1/hadoop-hdfs-3.3.1.jar:/home/runner/.m2/repository/org/apache/ozone/hdds-server-framework/1.2.0-SNAPSHOT/hdds-server-framework-1.2.0-SNAPSHOT.jar:/home/runner/.m2/repository/org/apache/ozone/hdds-interface-server/1.2.0-SNAPSHOT/hdds-interface-server-1.2.0-SNAPSHOT.jar:/home/runner/.m2/repository/org/eclipse/jetty/jetty-servlet/9.4.35.v20201120/jetty-servlet-9.4.35.v20201120.jar:/home/runner/.m2/repository/org/eclipse/jetty/jetty-security/9.4.35.v20201120/jetty-security-9.4.35.v20201120.jar:/home/runner/.m2/repository/org/rocksdb/rocksdbjni/6.20.3/rocksdbjni-6.20.3.jar:/home/runner/.m2/repository/io/prometheus/simpleclient_dropwizard/0.7.0/simpleclient_dropwizard-0.7.0.jar:/home/runner/.m2/repository/io/prometheus/simpleclient/0.7.0/simpleclient-0.7.0.jar:/home/runner/.m2/repository/io/prometheus/simpleclient_common/0.7.0/simpleclient_common-0.7.0.jar:/home/runner/.m2/repository/com/fasterxml/jackson/datatype/jackson-datatype-jsr310/2.12.1/jackson-datatype-jsr310-2.12.1.jar:/home/runner/.m2/repository/io/dropwizard/metrics/metrics-core/3.2.4/metrics-core-3.2.4.jar:/home/runner/.m2/repository/org/apache/hadoop/hadoop-hdfs-client/3.3.1/hadoop-hdfs-client-3.3.1.jar:/home/runner/.m2/repository/org/bouncycastle/bcprov-jdk15on/1.67/bcprov-jdk15on-1.67.jar:/home/runner/.m2/repository/com/google/protobuf/protobuf-java/2.5.0/protobuf-java-2.5.0.jar:/home/runner/.m2/repository/org/apache/ozone/ozone-manager/1.2.0-SNAPSHOT/ozone-manager-1.2.0-SNAPSHOT.jar:/home/runner/.m2/repository/org/aspectj/aspectjrt/1.8.9/aspectjrt-1.8.9.jar:/home/runner/.m2/repository/org/aspectj/aspectjweaver/1.8.9/aspectjweaver-1.8.9.jar:/home/runner/.m2/repository/org/apache/ozone/hdds-interface-client/1.2.0-SNAPSHOT/hdds-interface-client-1.2.0-SNAPSHOT.jar:/home/runner/.m2/repository/org/apache/hadoop/thirdparty/hadoop-shaded-protobuf_3_7/1.1.1/hadoop-shaded-protobuf_3_7-1.1.1.jar:/home/runner/.m2/repository/org/apache/ratis/ratis-thirdparty-misc/0.7.0-a398b19-SNAPSHOT/ratis-thirdparty-misc-0.7.0-a398b19-SNAPSHOT.jar:/home/runner/.m2/repository/org/apache/ozone/ozone-interface-storage/1.2.0-SNAPSHOT/ozone-interface-storage-1.2.0-SNAPSHOT.jar:/home/runner/.m2/repository/org/reflections/reflections/0.9.11/reflections-0.9.11.jar:/home/runner/.m2/repository/org/apache/hadoop/hadoop-minikdc/3.3.1/hadoop-minikdc-3.3.1.jar:/home/runner/.m2/repository/org/apache/kerby/kerb-simplekdc/1.0.1/kerb-simplekdc-1.0.1.jar:/home/runner/.m2/repository/org/apache/kerby/kerb-client/1.0.1/kerb-client-1.0.1.jar:/home/runner/.m2/repository/org/apache/kerby/kerby-config/1.0.1/kerby-config-1.0.1.jar:/home/runner/.m2/repository/org/apache/kerby/kerb-common/1.0.1/kerb-common-1.0.1.jar:/home/runner/.m2/repository/org/apache/kerby/kerb-crypto/1.0.1/kerb-crypto-1.0.1.jar:/home/runner/.m2/repository/org/apache/kerby/kerb-util/1.0.1/kerb-util-1.0.1.jar:/home/runner/.m2/repository/org/apache/kerby/token-provider/1.0.1/token-provider-1.0.1.jar:/home/runner/.m2/repository/org/apache/kerby/kerb-admin/1.0.1/kerb-admin-1.0.1.jar:/home/runner/.m2/repository/org/apache/kerby/kerb-server/1.0.1/kerb-server-1.0.1.jar:/home/runner/.m2/repository/org/apache/kerby/kerb-identity/1.0.1/kerb-identity-1.0.1.jar:/home/runner/.m2/repository/org/apache/kerby/kerby-xdr/1.0.1/kerby-xdr-1.0.1.jar:/home/runner/.m2/repository/org/slf4j/slf4j-log4j12/1.7.30/slf4j-log4j12-1.7.30.jar:/home/runner/.m2/repository/org/apache/ozone/ozone-s3gateway/1.2.0-SNAPSHOT/ozone-s3gateway-1.2.0-SNAPSHOT.jar:/home/runner/.m2/repository/org/javassist/javassist/3.21.0-GA/javassist-3.21.0-GA.jar:/home/runner/.m2/repository/org/jboss/weld/servlet/weld-servlet/2.4.7.Final/weld-servlet-2.4.7.Final.jar:/home/runner/.m2/repository/org/glassfish/jersey/containers/jersey-container-servlet-core/2.33/jersey-container-servlet-core-2.33.jar:/home/runner/.m2/repository/org/glassfish/hk2/external/jakarta.inject/2.6.1/jakarta.inject-2.6.1.jar:/home/runner/.m2/repository/org/glassfish/jersey/core/jersey-common/2.33/jersey-common-2.33.jar:/home/runner/.m2/repository/jakarta/ws/rs/jakarta.ws.rs-api/2.1.6/jakarta.ws.rs-api-2.1.6.jar:/home/runner/.m2/repository/org/glassfish/jersey/ext/cdi/jersey-cdi1x/2.33/jersey-cdi1x-2.33.jar:/home/runner/.m2/repository/org/glassfish/jersey/inject/jersey-hk2/2.33/jersey-hk2-2.33.jar:/home/runner/.m2/repository/org/glassfish/hk2/hk2-locator/2.6.1/hk2-locator-2.6.1.jar:/home/runner/.m2/repository/org/glassfish/jersey/media/jersey-media-jaxb/2.33/jersey-media-jaxb-2.33.jar:/home/runner/.m2/repository/org/glassfish/hk2/osgi-resource-locator/1.0.3/osgi-resource-locator-1.0.3.jar:/home/runner/.m2/repository/org/glassfish/hk2/hk2-api/2.5.0/hk2-api-2.5.0.jar:/home/runner/.m2/repository/org/glassfish/hk2/hk2-utils/2.5.0/hk2-utils-2.5.0.jar:/home/runner/.m2/repository/org/glassfish/hk2/external/aopalliance-repackaged/2.5.0/aopalliance-repackaged-2.5.0.jar:/home/runner/.m2/repository/com/fasterxml/jackson/dataformat/jackson-dataformat-xml/2.12.1/jackson-dataformat-xml-2.12.1.jar:/home/runner/.m2/repository/com/fasterxml/jackson/core/jackson-core/2.12.1/jackson-core-2.12.1.jar:/home/runner/.m2/repository/com/fasterxml/jackson/module/jackson-module-jaxb-annotations/2.12.1/jackson-module-jaxb-annotations-2.12.1.jar:/home/runner/.m2/repository/jakarta/xml/bind/jakarta.xml.bind-api/2.3.2/jakarta.xml.bind-api-2.3.2.jar:/home/runner/.m2/repository/org/codehaus/woodstox/stax2-api/3.1.4/stax2-api-3.1.4.jar:/home/runner/.m2/repository/com/fasterxml/woodstox/woodstox-core/5.0.3/woodstox-core-5.0.3.jar:/home/runner/.m2/repository/javax/enterprise/cdi-api/1.2/cdi-api-1.2.jar:/home/runner/.m2/repository/javax/el/javax.el-api/3.0.0/javax.el-api-3.0.0.jar:/home/runner/.m2/repository/javax/interceptor/javax.interceptor-api/1.2/javax.interceptor-api-1.2.jar:/home/runner/.m2/repository/javax/inject/javax.inject/1/javax.inject-1.jar:/home/runner/.m2/repository/javax/xml/bind/jaxb-api/2.3.0/jaxb-api-2.3.0.jar:/home/runner/.m2/repository/org/glassfish/jaxb/jaxb-runtime/2.3.0.1/jaxb-runtime-2.3.0.1.jar:/home/runner/.m2/repository/org/glassfish/jaxb/jaxb-core/2.3.0.1/jaxb-core-2.3.0.1.jar:/home/runner/.m2/repository/org/glassfish/jaxb/txw2/2.3.0.1/txw2-2.3.0.1.jar:/home/runner/.m2/repository/com/sun/istack/istack-commons-runtime/3.0.5/istack-commons-runtime-3.0.5.jar:/home/runner/.m2/repository/org/jvnet/staxex/stax-ex/1.7.8/stax-ex-1.7.8.jar:/home/runner/.m2/repository/com/sun/xml/fastinfoset/FastInfoset/1.2.13/FastInfoset-1.2.13.jar:/home/runner/.m2/repository/javax/activation/activation/1.1.1/activation-1.1.1.jar:/home/runner/.m2/repository/org/apache/ozone/ozone-csi/1.2.0-SNAPSHOT/ozone-csi-1.2.0-SNAPSHOT.jar:/home/runner/.m2/repository/com/google/protobuf/protobuf-java-util/3.12.0/protobuf-java-util-3.12.0.jar:/home/runner/.m2/repository/com/google/code/gson/gson/2.2.4/gson-2.2.4.jar:/home/runner/.m2/repository/org/apache/ozone/hdds-config/1.2.0-SNAPSHOT/hdds-config-1.2.0-SNAPSHOT.jar:/home/runner/.m2/repository/io/grpc/grpc-netty/1.33.0/grpc-netty-1.33.0.jar:/home/runner/.m2/repository/io/grpc/grpc-core/1.33.0/grpc-core-1.33.0.jar:/home/runner/.m2/repository/com/google/android/annotations/4.1.1.4/annotations-4.1.1.4.jar:/home/runner/.m2/repository/io/netty/netty-codec-http2/4.1.63.Final/netty-codec-http2-4.1.63.Final.jar:/home/runner/.m2/repository/io/netty/netty-codec-http/4.1.63.Final/netty-codec-http-4.1.63.Final.jar:/home/runner/.m2/repository/io/netty/netty-handler-proxy/4.1.63.Final/netty-handler-proxy-4.1.63.Final.jar:/home/runner/.m2/repository/io/netty/netty-codec-socks/4.1.63.Final/netty-codec-socks-4.1.63.Final.jar:/home/runner/.m2/repository/io/perfmark/perfmark-api/0.19.0/perfmark-api-0.19.0.jar:/home/runner/.m2/repository/org/codehaus/mojo/animal-sniffer-annotations/1.18/animal-sniffer-annotations-1.18.jar:/home/runner/.m2/repository/io/netty/netty-transport-native-epoll/4.1.63.Final/netty-transport-native-epoll-4.1.63.Final.jar:/home/runner/.m2/repository/io/netty/netty-common/4.1.63.Final/netty-common-4.1.63.Final.jar:/home/runner/.m2/repository/io/netty/netty-buffer/4.1.63.Final/netty-buffer-4.1.63.Final.jar:/home/runner/.m2/repository/io/netty/netty-transport-native-unix-common/4.1.63.Final/netty-transport-native-unix-common-4.1.63.Final.jar:/home/runner/.m2/repository/io/grpc/grpc-protobuf/1.33.0/grpc-protobuf-1.33.0.jar:/home/runner/.m2/repository/io/grpc/grpc-api/1.33.0/grpc-api-1.33.0.jar:/home/runner/.m2/repository/io/grpc/grpc-context/1.33.0/grpc-context-1.33.0.jar:/home/runner/.m2/repository/com/google/api/grpc/proto-google-common-protos/1.17.0/proto-google-common-protos-1.17.0.jar:/home/runner/.m2/repository/io/grpc/grpc-protobuf-lite/1.33.0/grpc-protobuf-lite-1.33.0.jar:/home/runner/.m2/repository/io/grpc/grpc-stub/1.33.0/grpc-stub-1.33.0.jar:/home/runner/.m2/repository/org/apache/ozone/ozone-recon/1.2.0-SNAPSHOT/ozone-recon-1.2.0-SNAPSHOT.jar:/home/runner/.m2/repository/org/apache/ozone/ozone-reconcodegen/1.2.0-SNAPSHOT/ozone-reconcodegen-1.2.0-SNAPSHOT.jar:/home/runner/.m2/repository/com/google/inject/extensions/guice-multibindings/4.0/guice-multibindings-4.0.jar:/home/runner/.m2/repository/com/google/inject/guice/4.0/guice-4.0.jar:/home/runner/.m2/repository/aopalliance/aopalliance/1.0/aopalliance-1.0.jar:/home/runner/.m2/repository/com/google/inject/extensions/guice-assistedinject/4.0/guice-assistedinject-4.0.jar:/home/runner/.m2/repository/com/google/inject/extensions/guice-servlet/4.0/guice-servlet-4.0.jar:/home/runner/.m2/repository/org/glassfish/jersey/containers/jersey-container-servlet/2.33/jersey-container-servlet-2.33.jar:/home/runner/.m2/repository/org/glassfish/hk2/guice-bridge/2.5.0/guice-bridge-2.5.0.jar:/home/runner/.m2/repository/org/glassfish/jersey/core/jersey-server/2.33/jersey-server-2.33.jar:/home/runner/.m2/repository/org/glassfish/jersey/core/jersey-client/2.33/jersey-client-2.33.jar:/home/runner/.m2/repository/jakarta/annotation/jakarta.annotation-api/1.3.5/jakarta.annotation-api-1.3.5.jar:/home/runner/.m2/repository/jakarta/validation/jakarta.validation-api/2.0.2/jakarta.validation-api-2.0.2.jar:/home/runner/.m2/repository/org/glassfish/jersey/media/jersey-media-json-jackson/2.33/jersey-media-json-jackson-2.33.jar:/home/runner/.m2/repository/org/glassfish/jersey/ext/jersey-entity-filtering/2.33/jersey-entity-filtering-2.33.jar:/home/runner/.m2/repository/org/jooq/jooq/3.11.10/jooq-3.11.10.jar:/home/runner/.m2/repository/org/jooq/jooq-meta/3.11.10/jooq-meta-3.11.10.jar:/home/runner/.m2/repository/org/jooq/jooq-codegen/3.11.10/jooq-codegen-3.11.10.jar:/home/runner/.m2/repository/com/jolbox/bonecp/0.8.0.RELEASE/bonecp-0.8.0.RELEASE.jar:/home/runner/.m2/repository/org/apache/derby/derby/10.14.2.0/derby-10.14.2.0.jar:/home/runner/.m2/repository/org/xerial/sqlite-jdbc/3.25.2/sqlite-jdbc-3.25.2.jar:/home/runner/.m2/repository/org/springframework/spring-jdbc/5.2.11.RELEASE/spring-jdbc-5.2.11.RELEASE.jar:/home/runner/.m2/repository/org/springframework/spring-beans/5.2.11.RELEASE/spring-beans-5.2.11.RELEASE.jar:/home/runner/.m2/repository/org/springframework/spring-core/5.2.11.RELEASE/spring-core-5.2.11.RELEASE.jar:/home/runner/.m2/repository/org/springframework/spring-jcl/5.2.11.RELEASE/spring-jcl-5.2.11.RELEASE.jar:/home/runner/.m2/repository/org/springframework/spring-tx/5.2.11.RELEASE/spring-tx-5.2.11.RELEASE.jar:/home/runner/.m2/repository/org/apache/ozone/ozone-client/1.2.0-SNAPSHOT/ozone-client-1.2.0-SNAPSHOT.jar:/home/runner/.m2/repository/org/apache/ozone/ozone-filesystem/1.2.0-SNAPSHOT/ozone-filesystem-1.2.0-SNAPSHOT.jar:/home/runner/.m2/repository/org/apache/ozone/ozone-filesystem-common/1.2.0-SNAPSHOT/ozone-filesystem-common-1.2.0-SNAPSHOT.jar:/home/runner/.m2/repository/org/apache/ozone/ozone-tools/1.2.0-SNAPSHOT/ozone-tools-1.2.0-SNAPSHOT.jar:/home/runner/.m2/repository/org/apache/ratis/ratis-tools/2.1.0-ff8aa66-SNAPSHOT/ratis-tools-2.1.0-ff8aa66-SNAPSHOT.jar:/home/runner/.m2/repository/org/apache/ratis/ratis-proto/2.1.0-ff8aa66-SNAPSHOT/ratis-proto-2.1.0-ff8aa66-SNAPSHOT.jar:/home/runner/.m2/repository/org/apache/ratis/ratis-common/2.1.0-ff8aa66-SNAPSHOT/ratis-common-2.1.0-ff8aa66-SNAPSHOT.jar:/home/runner/.m2/repository/com/amazonaws/aws-java-sdk-core/1.11.901/aws-java-sdk-core-1.11.901.jar:/home/runner/.m2/repository/org/apache/httpcomponents/httpclient/4.5.13/httpclient-4.5.13.jar:/home/runner/.m2/repository/org/apache/httpcomponents/httpcore/4.4.13/httpcore-4.4.13.jar:/home/runner/.m2/repository/software/amazon/ion/ion-java/1.0.2/ion-java-1.0.2.jar:/home/runner/.m2/repository/com/fasterxml/jackson/dataformat/jackson-dataformat-cbor/2.12.1/jackson-dataformat-cbor-2.12.1.jar:/home/runner/.m2/repository/joda-time/joda-time/2.8.1/joda-time-2.8.1.jar:/home/runner/.m2/repository/com/amazonaws/aws-java-sdk-s3/1.11.901/aws-java-sdk-s3-1.11.901.jar:/home/runner/.m2/repository/com/amazonaws/aws-java-sdk-kms/1.11.901/aws-java-sdk-kms-1.11.901.jar:/home/runner/.m2/repository/com/amazonaws/jmespath-java/1.11.901/jmespath-java-1.11.901.jar:/home/runner/.m2/repository/org/kohsuke/metainf-services/metainf-services/1.8/metainf-services-1.8.jar:/home/runner/.m2/repository/org/apache/ozone/hdds-tools/1.2.0-SNAPSHOT/hdds-tools-1.2.0-SNAPSHOT.jar:/home/runner/.m2/repository/commons-cli/commons-cli/1.2/commons-cli-1.2.jar:/home/runner/.m2/repository/org/apache/commons/commons-lang3/3.7/commons-lang3-3.7.jar:/home/runner/.m2/repository/org/apache/ozone/ozone-manager/1.2.0-SNAPSHOT/ozone-manager-1.2.0-SNAPSHOT-tests.jar:/home/runner/.m2/repository/org/apache/ozone/hdds-common/1.2.0-SNAPSHOT/hdds-common-1.2.0-SNAPSHOT-tests.jar:/home/runner/.m2/repository/org/apache/ozone/hdds-hadoop-dependency-client/1.2.0-SNAPSHOT/hdds-hadoop-dependency-client-1.2.0-SNAPSHOT.jar:/home/runner/.m2/repository/info/picocli/picocli/4.4.0/picocli-4.4.0.jar:/home/runner/.m2/repository/com/fasterxml/jackson/core/jackson-annotations/2.12.1/jackson-annotations-2.12.1.jar:/home/runner/.m2/repository/javax/annotation/javax.annotation-api/1.2/javax.annotation-api-1.2.jar:/home/runner/.m2/repository/org/apache/ratis/ratis-server/2.1.0-ff8aa66-SNAPSHOT/ratis-server-2.1.0-ff8aa66-SNAPSHOT.jar:/home/runner/.m2/repository/org/apache/ratis/ratis-client/2.1.0-ff8aa66-SNAPSHOT/ratis-client-2.1.0-ff8aa66-SNAPSHOT.jar:/home/runner/.m2/repository/org/apache/ratis/ratis-server-api/2.1.0-ff8aa66-SNAPSHOT/ratis-server-api-2.1.0-ff8aa66-SNAPSHOT.jar:/home/runner/.m2/repository/org/apache/ratis/ratis-metrics/2.1.0-ff8aa66-SNAPSHOT/ratis-metrics-2.1.0-ff8aa66-SNAPSHOT.jar:/home/runner/.m2/repository/org/apache/ratis/ratis-netty/2.1.0-ff8aa66-SNAPSHOT/ratis-netty-2.1.0-ff8aa66-SNAPSHOT.jar:/home/runner/.m2/repository/org/apache/ratis/ratis-grpc/2.1.0-ff8aa66-SNAPSHOT/ratis-grpc-2.1.0-ff8aa66-SNAPSHOT.jar:/home/runner/.m2/repository/org/apache/logging/log4j/log4j-api/2.13.3/log4j-api-2.13.3.jar:/home/runner/.m2/repository/org/apache/logging/log4j/log4j-core/2.13.3/log4j-core-2.13.3.jar:/home/runner/.m2/repository/com/lmax/disruptor/3.4.2/disruptor-3.4.2.jar:/home/runner/.m2/repository/org/apache/commons/commons-pool2/2.6.0/commons-pool2-2.6.0.jar:/home/runner/.m2/repository/org/bouncycastle/bcpkix-jdk15on/1.67/bcpkix-jdk15on-1.67.jar:/home/runner/.m2/repository/commons-validator/commons-validator/1.6/commons-validator-1.6.jar:/home/runner/.m2/repository/commons-beanutils/commons-beanutils/1.9.4/commons-beanutils-1.9.4.jar:/home/runner/.m2/repository/commons-digester/commons-digester/1.8.1/commons-digester-1.8.1.jar:/home/runner/.m2/repository/commons-collections/commons-collections/3.2.2/commons-collections-3.2.2.jar:/home/runner/.m2/repository/io/jaegertracing/jaeger-client/1.6.0/jaeger-client-1.6.0.jar:/home/runner/.m2/repository/io/jaegertracing/jaeger-thrift/1.6.0/jaeger-thrift-1.6.0.jar:/home/runner/.m2/repository/org/apache/thrift/libthrift/0.14.1/libthrift-0.14.1.jar:/home/runner/.m2/repository/com/squareup/okhttp3/okhttp/4.9.0/okhttp-4.9.0.jar:/home/runner/.m2/repository/com/squareup/okio/okio/2.8.0/okio-2.8.0.jar:/home/runner/.m2/repository/io/jaegertracing/jaeger-core/1.6.0/jaeger-core-1.6.0.jar:/home/runner/.m2/repository/io/jaegertracing/jaeger-tracerresolver/1.6.0/jaeger-tracerresolver-1.6.0.jar:/home/runner/.m2/repository/io/opentracing/contrib/opentracing-tracerresolver/0.1.8/opentracing-tracerresolver-0.1.8.jar:/home/runner/.m2/repository/org/jetbrains/kotlin/kotlin-stdlib/1.4.31/kotlin-stdlib-1.4.31.jar:/home/runner/.m2/repository/org/jetbrains/kotlin/kotlin-stdlib-common/1.4.31/kotlin-stdlib-common-1.4.31.jar:/home/runner/.m2/repository/org/jetbrains/annotations/13.0/annotations-13.0.jar:/home/runner/.m2/repository/io/opentracing/opentracing-util/0.33.0/opentracing-util-0.33.0.jar:/home/runner/.m2/repository/io/opentracing/opentracing-api/0.33.0/opentracing-api-0.33.0.jar:/home/runner/.m2/repository/io/opentracing/opentracing-noop/0.33.0/opentracing-noop-0.33.0.jar:/home/runner/.m2/repository/org/yaml/snakeyaml/1.26/snakeyaml-1.26.jar:/home/runner/.m2/repository/org/apache/ozone/hdds-interface-admin/1.2.0-SNAPSHOT/hdds-interface-admin-1.2.0-SNAPSHOT.jar:/home/runner/.m2/repository/junit/junit/4.13.1/junit-4.13.1.jar:/home/runner/.m2/repository/org/hamcrest/hamcrest-core/1.3/hamcrest-core-1.3.jar:/home/runner/.m2/repository/org/junit/jupiter/junit-jupiter-api/5.7.0/junit-jupiter-api-5.7.0.jar:/home/runner/.m2/repository/org/apiguardian/apiguardian-api/1.1.0/apiguardian-api-1.1.0.jar:/home/runner/.m2/repository/org/opentest4j/opentest4j/1.2.0/opentest4j-1.2.0.jar:/home/runner/.m2/repository/org/junit/platform/junit-platform-commons/1.7.0/junit-platform-commons-1.7.0.jar:/home/runner/.m2/repository/org/junit/jupiter/junit-jupiter-engine/5.7.0/junit-jupiter-engine-5.7.0.jar:/home/runner/.m2/repository/org/junit/platform/junit-platform-engine/1.7.0/junit-platform-engine-1.7.0.jar:/home/runner/.m2/repository/org/junit/vintage/junit-vintage-engine/5.7.0/junit-vintage-engine-5.7.0.jar:/home/runner/.m2/repository/org/junit/platform/junit-platform-launcher/1.7.0/junit-platform-launcher-1.7.0.jar:/home/runner/.m2/repository/org/openjdk/jmh/jmh-core/1.19/jmh-core-1.19.jar:/home/runner/.m2/repository/net/sf/jopt-simple/jopt-simple/4.6/jopt-simple-4.6.jar:/home/runner/.m2/repository/org/apache/commons/commons-math3/3.1.1/commons-math3-3.1.1.jar:/home/runner/.m2/repository/org/openjdk/jmh/jmh-generator-annprocess/1.19/jmh-generator-annprocess-1.19.jar:/home/runner/.m2/repository/org/mockito/mockito-core/2.28.2/mockito-core-2.28.2.jar:/home/runner/.m2/repository/net/bytebuddy/byte-buddy/1.9.10/byte-buddy-1.9.10.jar:/home/runner/.m2/repository/net/bytebuddy/byte-buddy-agent/1.9.10/byte-buddy-agent-1.9.10.jar:/home/runner/.m2/repository/org/objenesis/objenesis/1.0/objenesis-1.0.jar:/home/runner/.m2/repository/org/apache/hadoop/hadoop-kms/3.3.1/hadoop-kms-3.3.1.jar:/home/runner/.m2/repository/org/apache/hadoop/hadoop-auth/3.3.1/hadoop-auth-3.3.1.jar:/home/runner/.m2/repository/com/nimbusds/nimbus-jose-jwt/7.9/nimbus-jose-jwt-7.9.jar:/home/runner/.m2/repository/com/github/stephenc/jcip/jcip-annotations/1.0-1/jcip-annotations-1.0-1.jar:/home/runner/.m2/repository/net/minidev/json-smart/2.3/json-smart-2.3.jar:/home/runner/.m2/repository/net/minidev/accessors-smart/1.2/accessors-smart-1.2.jar:/home/runner/.m2/repository/org/ow2/asm/asm/5.0.4/asm-5.0.4.jar:/home/runner/.m2/repository/org/apache/zookeeper/zookeeper/3.5.6/zookeeper-3.5.6.jar:/home/runner/.m2/repository/org/apache/zookeeper/zookeeper-jute/3.5.6/zookeeper-jute-3.5.6.jar:/home/runner/.m2/repository/org/apache/yetus/audience-annotations/0.5.0/audience-annotations-0.5.0.jar:/home/runner/.m2/repository/org/apache/curator/curator-framework/4.2.0/curator-framework-4.2.0.jar:/home/runner/.m2/repository/org/apache/hadoop/thirdparty/hadoop-shaded-guava/1.1.1/hadoop-shaded-guava-1.1.1.jar:/home/runner/.m2/repository/com/sun/jersey/jersey-core/1.19/jersey-core-1.19.jar:/home/runner/.m2/repository/javax/ws/rs/jsr311-api/1.1.1/jsr311-api-1.1.1.jar:/home/runner/.m2/repository/com/sun/jersey/jersey-server/1.19/jersey-server-1.19.jar:/home/runner/.m2/repository/javax/servlet/javax.servlet-api/3.1.0/javax.servlet-api-3.1.0.jar:/home/runner/.m2/repository/org/eclipse/jetty/jetty-server/9.4.35.v20201120/jetty-server-9.4.35.v20201120.jar:/home/runner/.m2/repository/org/eclipse/jetty/jetty-http/9.4.35.v20201120/jetty-http-9.4.35.v20201120.jar:/home/runner/.m2/repository/org/eclipse/jetty/jetty-io/9.4.35.v20201120/jetty-io-9.4.35.v20201120.jar:/home/runner/.m2/repository/org/eclipse/jetty/jetty-webapp/9.4.35.v20201120/jetty-webapp-9.4.35.v20201120.jar:/home/runner/.m2/repository/org/eclipse/jetty/jetty-xml/9.4.35.v20201120/jetty-xml-9.4.35.v20201120.jar:/home/runner/.m2/repository/org/apache/hadoop/hadoop-common/3.3.1/hadoop-common-3.3.1.jar:/home/runner/.m2/repository/commons-net/commons-net/3.6/commons-net-3.6.jar:/home/runner/.m2/repository/jakarta/activation/jakarta.activation-api/1.2.1/jakarta.activation-api-1.2.1.jar:/home/runner/.m2/repository/com/sun/jersey/jersey-servlet/1.19/jersey-servlet-1.19.jar:/home/runner/.m2/repository/com/sun/jersey/jersey-json/1.19/jersey-json-1.19.jar:/home/runner/.m2/repository/org/codehaus/jettison/jettison/1.1/jettison-1.1.jar:/home/runner/.m2/repository/com/sun/xml/bind/jaxb-impl/2.2.3-1/jaxb-impl-2.2.3-1.jar:/home/runner/.m2/repository/org/codehaus/jackson/jackson-jaxrs/1.9.2/jackson-jaxrs-1.9.2.jar:/home/runner/.m2/repository/org/codehaus/jackson/jackson-xc/1.9.2/jackson-xc-1.9.2.jar:/home/runner/.m2/repository/org/apache/commons/commons-configuration2/2.1.1/commons-configuration2-2.1.1.jar:/home/runner/.m2/repository/org/apache/commons/commons-text/1.4/commons-text-1.4.jar:/home/runner/.m2/repository/com/google/re2j/re2j/1.1/re2j-1.1.jar:/home/runner/.m2/repository/com/jcraft/jsch/0.1.54/jsch-0.1.54.jar:/home/runner/.m2/repository/org/apache/curator/curator-client/4.2.0/curator-client-4.2.0.jar:/home/runner/.m2/repository/org/apache/curator/curator-recipes/4.2.0/curator-recipes-4.2.0.jar:/home/runner/.m2/repository/org/apache/kerby/kerb-core/1.0.1/kerb-core-1.0.1.jar:/home/runner/.m2/repository/org/apache/kerby/kerby-pkix/1.0.1/kerby-pkix-1.0.1.jar:/home/runner/.m2/repository/org/apache/kerby/kerby-asn1/1.0.1/kerby-asn1-1.0.1.jar:/home/runner/.m2/repository/org/apache/kerby/kerby-util/1.0.1/kerby-util-1.0.1.jar:/home/runner/.m2/repository/dnsjava/dnsjava/2.1.7/dnsjava-2.1.7.jar:/home/runner/.m2/repository/org/xerial/snappy/snappy-java/1.1.8.2/snappy-java-1.1.8.2.jar:/home/runner/.m2/repository/org/slf4j/jul-to-slf4j/1.7.30/jul-to-slf4j-1.7.30.jar:/home/runner/.m2/repository/org/eclipse/jetty/jetty-util/9.4.35.v20201120/jetty-util-9.4.35.v20201120.jar:/home/runner/.m2/repository/com/fasterxml/jackson/core/jackson-databind/2.12.1/jackson-databind-2.12.1.jar:/home/runner/.m2/repository/org/apache/hadoop/hadoop-kms/3.3.1/hadoop-kms-3.3.1-tests.jar:/home/runner/.m2/repository/org/apache/ozone/hdds-server-scm/1.2.0-SNAPSHOT/hdds-server-scm-1.2.0-SNAPSHOT-tests.jar:/home/runner/.m2/repository/org/apache/ozone/hdds-container-service/1.2.0-SNAPSHOT/hdds-container-service-1.2.0-SNAPSHOT-tests.jar:/home/runner/.m2/repository/commons-codec/commons-codec/1.11/commons-codec-1.11.jar:/home/runner/.m2/repository/io/netty/netty-transport/4.1.63.Final/netty-transport-4.1.63.Final.jar:/home/runner/.m2/repository/io/netty/netty-resolver/4.1.63.Final/netty-resolver-4.1.63.Final.jar:/home/runner/.m2/repository/io/netty/netty-codec/4.1.63.Final/netty-codec-4.1.63.Final.jar:/home/runner/.m2/repository/io/netty/netty-handler/4.1.63.Final/netty-handler-4.1.63.Final.jar:/home/runner/.m2/repository/org/apache/ozone/hdds-hadoop-dependency-test/1.2.0-SNAPSHOT/hdds-hadoop-dependency-test-1.2.0-SNAPSHOT.jar:/home/runner/.m2/repository/org/apache/hadoop/hadoop-common/3.3.1/hadoop-common-3.3.1-tests.jar:/home/runner/.m2/repository/org/assertj/assertj-core/3.12.2/assertj-core-3.12.2.jar:/home/runner/.m2/repository/org/apache/hadoop/hadoop-hdfs/3.3.1/hadoop-hdfs-3.3.1-tests.jar:/home/runner/.m2/repository/org/eclipse/jetty/jetty-util-ajax/9.4.35.v20201120/jetty-util-ajax-9.4.35.v20201120.jar:/home/runner/.m2/repository/commons-daemon/commons-daemon/1.0.13/commons-daemon-1.0.13.jar:/home/runner/.m2/repository/io/netty/netty/3.10.6.Final/netty-3.10.6.Final.jar:/home/runner/.m2/repository/io/netty/netty-all/4.1.63.Final/netty-all-4.1.63.Final.jar:/home/runner/.m2/repository/org/apache/htrace/htrace-core4/4.1.0-incubating/htrace-core4-4.1.0-incubating.jar:/home/runner/.m2/repository/org/fusesource/leveldbjni/leveldbjni-all/1.8/leveldbjni-all-1.8.jar:/home/runner/.m2/repository/org/apache/hadoop/hadoop-distcp/3.3.1/hadoop-distcp-3.3.1.jar:/home/runner/.m2/repository/org/apache/hadoop/hadoop-mapreduce-client-jobclient/3.3.1/hadoop-mapreduce-client-jobclient-3.3.1.jar:/home/runner/.m2/repository/org/apache/hadoop/hadoop-mapreduce-client-common/3.3.1/hadoop-mapreduce-client-common-3.3.1.jar:/home/runner/.m2/repository/org/apache/hadoop/hadoop-yarn-common/3.3.1/hadoop-yarn-common-3.3.1.jar:/home/runner/.m2/repository/org/apache/hadoop/hadoop-yarn-api/3.3.1/hadoop-yarn-api-3.3.1.jar:/home/runner/.m2/repository/com/sun/jersey/jersey-client/1.19/jersey-client-1.19.jar:/home/runner/.m2/repository/com/sun/jersey/contribs/jersey-guice/1.19/jersey-guice-1.19.jar:/home/runner/.m2/repository/com/fasterxml/jackson/jaxrs/jackson-jaxrs-json-provider/2.12.1/jackson-jaxrs-json-provider-2.12.1.jar:/home/runner/.m2/repository/com/fasterxml/jackson/jaxrs/jackson-jaxrs-base/2.12.1/jackson-jaxrs-base-2.12.1.jar:/home/runner/.m2/repository/org/apache/hadoop/hadoop-yarn-client/3.3.1/hadoop-yarn-client-3.3.1.jar:/home/runner/.m2/repository/org/eclipse/jetty/websocket/websocket-client/9.4.40.v20210413/websocket-client-9.4.40.v20210413.jar:/home/runner/.m2/repository/org/eclipse/jetty/jetty-client/9.4.40.v20210413/jetty-client-9.4.40.v20210413.jar:/home/runner/.m2/repository/org/eclipse/jetty/websocket/websocket-common/9.4.40.v20210413/websocket-common-9.4.40.v20210413.jar:/home/runner/.m2/repository/org/eclipse/jetty/websocket/websocket-api/9.4.40.v20210413/websocket-api-9.4.40.v20210413.jar:/home/runner/.m2/repository/org/jline/jline/3.9.0/jline-3.9.0.jar:/home/runner/.m2/repository/org/apache/hadoop/hadoop-mapreduce-client-core/3.3.1/hadoop-mapreduce-client-core-3.3.1.jar:/home/runner/.m2/repository/org/apache/avro/avro/1.7.7/avro-1.7.7.jar:/home/runner/.m2/repository/org/codehaus/jackson/jackson-core-asl/1.9.13/jackson-core-asl-1.9.13.jar:/home/runner/.m2/repository/org/codehaus/jackson/jackson-mapper-asl/1.9.13/jackson-mapper-asl-1.9.13.jar:/home/runner/.m2/repository/com/thoughtworks/paranamer/paranamer/2.3/paranamer-2.3.jar:/home/runner/.m2/repository/org/apache/hadoop/hadoop-annotations/3.3.1/hadoop-annotations-3.3.1.jar:/usr/lib/jvm/adoptopenjdk-8-hotspot-amd64/jre/../lib/tools.jar:/home/runner/.m2/repository/org/apache/hadoop/hadoop-distcp/3.3.1/hadoop-distcp-3.3.1-tests.jar:"/>
    <property name="sun.cpu.endian" value="little"/>
    <property name="user.home" value="/home/runner"/>
    <property name="user.language" value="en"/>
    <property name="java.specification.vendor" value="Oracle Corporation"/>
    <property name="java.home" value="/usr/lib/jvm/adoptopenjdk-8-hotspot-amd64/jre"/>
    <property name="java.security.krb5.conf" value="/home/runner/work/ozone/ozone/mnt/ozone/hadoop-ozone/integration-test/target/test-classes/krb5.conf"/>
    <property name="basedir" value="/home/runner/work/ozone/ozone/mnt/ozone/hadoop-ozone/integration-test"/>
    <property name="file.separator" value="/"/>
    <property name="line.separator" value="&#10;"/>
    <property name="java.vm.specification.vendor" value="Oracle Corporation"/>
    <property name="java.specification.name" value="Java Platform API Specification"/>
    <property name="java.awt.graphicsenv" value="sun.awt.X11GraphicsEnvironment"/>
    <property name="skip.installnpx" value="true"/>
    <property name="surefire.real.class.path" value="/home/runner/work/ozone/ozone/mnt/ozone/hadoop-ozone/integration-test/target/surefire/surefirebooter2305627715165628822.jar:/home/runner/.m2/repository/org/jacoco/org.jacoco.agent/0.8.5/org.jacoco.agent-0.8.5-runtime.jar"/>
    <property name="hadoop.log.dir" value="/home/runner/work/ozone/ozone/mnt/ozone/hadoop-ozone/integration-test/target/log"/>
    <property name="sun.boot.class.path" value="/usr/lib/jvm/adoptopenjdk-8-hotspot-amd64/jre/lib/resources.jar:/usr/lib/jvm/adoptopenjdk-8-hotspot-amd64/jre/lib/rt.jar:/usr/lib/jvm/adoptopenjdk-8-hotspot-amd64/jre/lib/sunrsasign.jar:/usr/lib/jvm/adoptopenjdk-8-hotspot-amd64/jre/lib/jsse.jar:/usr/lib/jvm/adoptopenjdk-8-hotspot-amd64/jre/lib/jce.jar:/usr/lib/jvm/adoptopenjdk-8-hotspot-amd64/jre/lib/charsets.jar:/usr/lib/jvm/adoptopenjdk-8-hotspot-amd64/jre/lib/jfr.jar:/usr/lib/jvm/adoptopenjdk-8-hotspot-amd64/jre/classes"/>
    <property name="sun.management.compiler" value="HotSpot 64-Bit Tiered Compilers"/>
    <property name="skip.npx" value="true"/>
    <property name="java.runtime.version" value="1.8.0_292-b10"/>
    <property name="java.net.preferIPv4Stack" value="true"/>
    <property name="user.name" value="runner"/>
    <property name="path.separator" value=":"/>
    <property name="java.security.egd" value="file:///dev/urandom"/>
    <property name="os.version" value="5.4.0-1051-azure"/>
    <property name="java.endorsed.dirs" value="/usr/lib/jvm/adoptopenjdk-8-hotspot-amd64/jre/lib/endorsed"/>
    <property name="java.runtime.name" value="OpenJDK Runtime Environment"/>
    <property name="file.encoding" value="UTF-8"/>
    <property name="java.vm.name" value="OpenJDK 64-Bit Server VM"/>
    <property name="test.build.webapps" value=""/>
    <property name="localRepository" value="/home/runner/.m2/repository"/>
    <property name="java.vendor.url.bug" value="https://github.com/AdoptOpenJDK/openjdk-support/issues"/>
    <property name="java.io.tmpdir" value="/tmp"/>
    <property name="require.test.libhadoop" value=""/>
    <property name="java.version" value="1.8.0_292"/>
    <property name="user.dir" value="/home/runner/work/ozone/ozone/mnt/ozone/hadoop-ozone/integration-test"/>
    <property name="os.arch" value="amd64"/>
    <property name="java.vm.specification.name" value="Java Virtual Machine Specification"/>
    <property name="test.build.classes" value="/home/runner/work/ozone/ozone/mnt/ozone/hadoop-ozone/integration-test/target/test-classes"/>
    <property name="java.awt.printerjob" value="sun.print.PSPrinterJob"/>
    <property name="sun.os.patch.level" value="unknown"/>
    <property name="hadoop.tmp.dir" value="/home/runner/work/ozone/ozone/mnt/ozone/hadoop-ozone/integration-test/target/tmp"/>
    <property name="java.library.path" value="/usr/java/packages/lib/amd64:/usr/lib64:/lib64:/lib:/usr/lib"/>
    <property name="java.vm.info" value="mixed mode"/>
    <property name="java.vendor" value="AdoptOpenJDK"/>
    <property name="java.vm.version" value="25.292-b10"/>
    <property name="java.ext.dirs" value="/usr/lib/jvm/adoptopenjdk-8-hotspot-amd64/jre/lib/ext:/usr/java/packages/lib/ext"/>
    <property name="sun.io.unicode.encoding" value="UnicodeLittle"/>
    <property name="java.class.version" value="52.0"/>
  </properties>
  <testcase name="testInstallSnapshot" classname="org.apache.hadoop.ozone.scm.TestSCMInstallSnapshotWithHA" time="54.743">
    <failure type="java.lang.AssertionError">java.lang.AssertionError
	at org.junit.Assert.fail(Assert.java:87)
	at org.junit.Assert.assertTrue(Assert.java:42)
	at org.junit.Assert.assertTrue(Assert.java:53)
	at org.apache.hadoop.ozone.scm.TestSCMInstallSnapshotWithHA.testInstallSnapshot(TestSCMInstallSnapshotWithHA.java:141)
	at sun.reflect.NativeMethodAccessorImpl.invoke0(Native Method)
	at sun.reflect.NativeMethodAccessorImpl.invoke(NativeMethodAccessorImpl.java:62)
	at sun.reflect.DelegatingMethodAccessorImpl.invoke(DelegatingMethodAccessorImpl.java:43)
	at java.lang.reflect.Method.invoke(Method.java:498)
	at org.junit.platform.commons.util.ReflectionUtils.invokeMethod(ReflectionUtils.java:688)
	at org.junit.jupiter.engine.execution.MethodInvocation.proceed(MethodInvocation.java:60)
	at org.junit.jupiter.engine.execution.InvocationInterceptorChain$ValidatingInvocation.proceed(InvocationInterceptorChain.java:131)
	at org.junit.jupiter.engine.extension.TimeoutInvocation.proceed(TimeoutInvocation.java:46)
	at org.junit.jupiter.engine.extension.TimeoutExtension.intercept(TimeoutExtension.java:149)
	at org.junit.jupiter.engine.extension.TimeoutExtension.interceptTestableMethod(TimeoutExtension.java:140)
	at org.junit.jupiter.engine.extension.TimeoutExtension.interceptTestMethod(TimeoutExtension.java:84)
	at org.junit.jupiter.engine.execution.ExecutableInvoker$ReflectiveInterceptorCall.lambda$ofVoidMethod$0(ExecutableInvoker.java:115)
	at org.junit.jupiter.engine.execution.ExecutableInvoker.lambda$invoke$0(ExecutableInvoker.java:105)
	at org.junit.jupiter.engine.execution.InvocationInterceptorChain$InterceptedInvocation.proceed(InvocationInterceptorChain.java:106)
	at org.junit.jupiter.engine.execution.InvocationInterceptorChain.proceed(InvocationInterceptorChain.java:64)
	at org.junit.jupiter.engine.execution.InvocationInterceptorChain.chainAndInvoke(InvocationInterceptorChain.java:45)
	at org.junit.jupiter.engine.execution.InvocationInterceptorChain.invoke(InvocationInterceptorChain.java:37)
	at org.junit.jupiter.engine.execution.ExecutableInvoker.invoke(ExecutableInvoker.java:104)
	at org.junit.jupiter.engine.execution.ExecutableInvoker.invoke(ExecutableInvoker.java:98)
	at org.junit.jupiter.engine.descriptor.TestMethodTestDescriptor.lambda$invokeTestMethod$6(TestMethodTestDescriptor.java:210)
	at org.junit.platform.engine.support.hierarchical.ThrowableCollector.execute(ThrowableCollector.java:73)
	at org.junit.jupiter.engine.descriptor.TestMethodTestDescriptor.invokeTestMethod(TestMethodTestDescriptor.java:206)
	at org.junit.jupiter.engine.descriptor.TestMethodTestDescriptor.execute(TestMethodTestDescriptor.java:131)
	at org.junit.jupiter.engine.descriptor.TestMethodTestDescriptor.execute(TestMethodTestDescriptor.java:65)
	at org.junit.platform.engine.support.hierarchical.NodeTestTask.lambda$executeRecursively$5(NodeTestTask.java:139)
	at org.junit.platform.engine.support.hierarchical.ThrowableCollector.execute(ThrowableCollector.java:73)
	at org.junit.platform.engine.support.hierarchical.NodeTestTask.lambda$executeRecursively$7(NodeTestTask.java:129)
	at org.junit.platform.engine.support.hierarchical.Node.around(Node.java:137)
	at org.junit.platform.engine.support.hierarchical.NodeTestTask.lambda$executeRecursively$8(NodeTestTask.java:127)
	at org.junit.platform.engine.support.hierarchical.ThrowableCollector.execute(ThrowableCollector.java:73)
	at org.junit.platform.engine.support.hierarchical.NodeTestTask.executeRecursively(NodeTestTask.java:126)
	at org.junit.platform.engine.support.hierarchical.NodeTestTask.execute(NodeTestTask.java:84)
	at java.util.ArrayList.forEach(ArrayList.java:1259)
	at org.junit.platform.engine.support.hierarchical.SameThreadHierarchicalTestExecutorService.invokeAll(SameThreadHierarchicalTestExecutorService.java:38)
	at org.junit.platform.engine.support.hierarchical.NodeTestTask.lambda$executeRecursively$5(NodeTestTask.java:143)
	at org.junit.platform.engine.support.hierarchical.ThrowableCollector.execute(ThrowableCollector.java:73)
	at org.junit.platform.engine.support.hierarchical.NodeTestTask.lambda$executeRecursively$7(NodeTestTask.java:129)
	at org.junit.platform.engine.support.hierarchical.Node.around(Node.java:137)
	at org.junit.platform.engine.support.hierarchical.NodeTestTask.lambda$executeRecursively$8(NodeTestTask.java:127)
	at org.junit.platform.engine.support.hierarchical.ThrowableCollector.execute(ThrowableCollector.java:73)
	at org.junit.platform.engine.support.hierarchical.NodeTestTask.executeRecursively(NodeTestTask.java:126)
	at org.junit.platform.engine.support.hierarchical.NodeTestTask.execute(NodeTestTask.java:84)
	at java.util.ArrayList.forEach(ArrayList.java:1259)
	at org.junit.platform.engine.support.hierarchical.SameThreadHierarchicalTestExecutorService.invokeAll(SameThreadHierarchicalTestExecutorService.java:38)
	at org.junit.platform.engine.support.hierarchical.NodeTestTask.lambda$executeRecursively$5(NodeTestTask.java:143)
	at org.junit.platform.engine.support.hierarchical.ThrowableCollector.execute(ThrowableCollector.java:73)
	at org.junit.platform.engine.support.hierarchical.NodeTestTask.lambda$executeRecursively$7(NodeTestTask.java:129)
	at org.junit.platform.engine.support.hierarchical.Node.around(Node.java:137)
	at org.junit.platform.engine.support.hierarchical.NodeTestTask.lambda$executeRecursively$8(NodeTestTask.java:127)
	at org.junit.platform.engine.support.hierarchical.ThrowableCollector.execute(ThrowableCollector.java:73)
	at org.junit.platform.engine.support.hierarchical.NodeTestTask.executeRecursively(NodeTestTask.java:126)
	at org.junit.platform.engine.support.hierarchical.NodeTestTask.execute(NodeTestTask.java:84)
	at org.junit.platform.engine.support.hierarchical.SameThreadHierarchicalTestExecutorService.submit(SameThreadHierarchicalTestExecutorService.java:32)
	at org.junit.platform.engine.support.hierarchical.HierarchicalTestExecutor.execute(HierarchicalTestExecutor.java:57)
	at org.junit.platform.engine.support.hierarchical.HierarchicalTestEngine.execute(HierarchicalTestEngine.java:51)
	at org.junit.platform.launcher.core.EngineExecutionOrchestrator.execute(EngineExecutionOrchestrator.java:108)
	at org.junit.platform.launcher.core.EngineExecutionOrchestrator.execute(EngineExecutionOrchestrator.java:88)
	at org.junit.platform.launcher.core.EngineExecutionOrchestrator.lambda$execute$0(EngineExecutionOrchestrator.java:54)
	at org.junit.platform.launcher.core.EngineExecutionOrchestrator.withInterceptedStreams(EngineExecutionOrchestrator.java:67)
	at org.junit.platform.launcher.core.EngineExecutionOrchestrator.execute(EngineExecutionOrchestrator.java:52)
	at org.junit.platform.launcher.core.DefaultLauncher.execute(DefaultLauncher.java:96)
	at org.junit.platform.launcher.core.DefaultLauncher.execute(DefaultLauncher.java:75)
	at org.apache.maven.surefire.junitplatform.JUnitPlatformProvider.invokeAllTests(JUnitPlatformProvider.java:142)
	at org.apache.maven.surefire.junitplatform.JUnitPlatformProvider.invoke(JUnitPlatformProvider.java:113)
	at org.apache.maven.surefire.booter.ForkedBooter.invokeProviderInSameClassLoader(ForkedBooter.java:384)
	at org.apache.maven.surefire.booter.ForkedBooter.runSuitesInProcess(ForkedBooter.java:345)
	at org.apache.maven.surefire.booter.ForkedBooter.execute(ForkedBooter.java:126)
	at org.apache.maven.surefire.booter.ForkedBooter.main(ForkedBooter.java:418)
</failure>
    <system-out><![CDATA[2021-07-20 05:55:34,851 [main] WARN  server.ServerUtils (ServerUtils.java:getScmDbDir(148)) - ozone.scm.db.dirs is not configured. We recommend adding this setting. Falling back to ozone.metadata.dirs instead.
2021-07-20 05:55:34,874 [main] INFO  ha.SCMHANodeDetails (SCMHANodeDetails.java:loadSCMHAConfig(157)) - ServiceID for StorageContainerManager is scm-service-test1
2021-07-20 05:55:34,875 [main] INFO  ha.SCMHANodeDetails (SCMHANodeDetails.java:loadSCMHAConfig(168)) - ServiceID for StorageContainerManager is scm-service-test1
2021-07-20 05:55:34,968 [main] WARN  scm.ScmUtils (ScmUtils.java:logWarn(179)) - ConfigKey ozone.scm.block.client.address is deprecated, For configuring different ports for each SCM use PortConfigKey ozone.scm.block.client.port appended with serviceId and nodeId. If want to configure same port configure ozone.scm.block.client.port
2021-07-20 05:55:34,969 [main] WARN  scm.ScmUtils (ScmUtils.java:logWarn(179)) - ConfigKey ozone.scm.client.address is deprecated, For configuring different ports for each SCM use PortConfigKey ozone.scm.client.port appended with serviceId and nodeId. If want to configure same port configure ozone.scm.client.port
2021-07-20 05:55:34,970 [main] WARN  scm.ScmUtils (ScmUtils.java:logWarn(179)) - ConfigKey ozone.scm.datanode.address is deprecated, For configuring different ports for each SCM use PortConfigKey ozone.scm.datanode.port appended with serviceId and nodeId. If want to configure same port configure ozone.scm.datanode.port
2021-07-20 05:55:34,972 [main] WARN  scm.ScmUtils (ScmUtils.java:logWarn(179)) - ConfigKey ozone.scm.block.client.address is deprecated, For configuring different ports for each SCM use PortConfigKey ozone.scm.block.client.port appended with serviceId and nodeId. If want to configure same port configure ozone.scm.block.client.port
2021-07-20 05:55:34,973 [main] WARN  scm.ScmUtils (ScmUtils.java:logWarn(179)) - ConfigKey ozone.scm.client.address is deprecated, For configuring different ports for each SCM use PortConfigKey ozone.scm.client.port appended with serviceId and nodeId. If want to configure same port configure ozone.scm.client.port
2021-07-20 05:55:34,973 [main] WARN  scm.ScmUtils (ScmUtils.java:logWarn(179)) - ConfigKey ozone.scm.datanode.address is deprecated, For configuring different ports for each SCM use PortConfigKey ozone.scm.datanode.port appended with serviceId and nodeId. If want to configure same port configure ozone.scm.datanode.port
2021-07-20 05:55:34,974 [main] INFO  ha.SCMHANodeDetails (SCMHANodeDetails.java:loadSCMHAConfig(250)) - Found matching SCM address with SCMServiceId: scm-service-test1, SCMNodeId: scmNode-1, RPC Address: localhost:13252 and Ratis port: 13252
2021-07-20 05:55:34,974 [main] INFO  ha.SCMHANodeDetails (ConfUtils.java:setNodeSpecificConfigs(108)) - Setting configuration key ozone.scm.datanode.address with value of key ozone.scm.datanode.address.scm-service-test1.scmNode-1: 127.0.0.1:13253
2021-07-20 05:55:34,975 [main] INFO  ha.SCMHANodeDetails (ConfUtils.java:setNodeSpecificConfigs(108)) - Setting configuration key ozone.scm.block.client.address with value of key ozone.scm.block.client.address.scm-service-test1.scmNode-1: 127.0.0.1:13254
2021-07-20 05:55:34,975 [main] INFO  ha.SCMHANodeDetails (ConfUtils.java:setNodeSpecificConfigs(108)) - Setting configuration key ozone.scm.client.address with value of key ozone.scm.client.address.scm-service-test1.scmNode-1: 127.0.0.1:13255
2021-07-20 05:55:34,976 [main] INFO  ha.SCMHANodeDetails (ConfUtils.java:setNodeSpecificConfigs(108)) - Setting configuration key ozone.scm.ratis.port with value of key ozone.scm.ratis.port.scm-service-test1.scmNode-1: 13252
2021-07-20 05:55:34,976 [main] INFO  ha.SCMHANodeDetails (ConfUtils.java:setNodeSpecificConfigs(108)) - Setting configuration key ozone.scm.grpc.port with value of key ozone.scm.grpc.port.scm-service-test1.scmNode-1: 13256
2021-07-20 05:55:34,977 [main] INFO  ha.SCMHANodeDetails (ConfUtils.java:setNodeSpecificConfigs(108)) - Setting configuration key ozone.scm.http-address with value of key ozone.scm.http-address.scm-service-test1.scmNode-1: 127.0.0.1:13250
2021-07-20 05:55:34,979 [main] INFO  ha.SCMHANodeDetails (ConfUtils.java:setNodeSpecificConfigs(108)) - Setting configuration key ozone.scm.https-address with value of key ozone.scm.https-address.scm-service-test1.scmNode-1: 127.0.0.1:13251
2021-07-20 05:55:34,980 [main] INFO  ha.SCMHANodeDetails (ConfUtils.java:setNodeSpecificConfigs(108)) - Setting configuration key ozone.scm.address with value of key ozone.scm.address.scm-service-test1.scmNode-1: 127.0.0.1
2021-07-20 05:55:34,980 [main] WARN  scm.ScmUtils (ScmUtils.java:logWarn(179)) - ConfigKey ozone.scm.block.client.address is deprecated, For configuring different ports for each SCM use PortConfigKey ozone.scm.block.client.port appended with serviceId and nodeId. If want to configure same port configure ozone.scm.block.client.port
2021-07-20 05:55:34,981 [main] WARN  scm.ScmUtils (ScmUtils.java:logWarn(179)) - ConfigKey ozone.scm.client.address is deprecated, For configuring different ports for each SCM use PortConfigKey ozone.scm.client.port appended with serviceId and nodeId. If want to configure same port configure ozone.scm.client.port
2021-07-20 05:55:34,982 [main] WARN  scm.ScmUtils (ScmUtils.java:logWarn(179)) - ConfigKey ozone.scm.datanode.address is deprecated, For configuring different ports for each SCM use PortConfigKey ozone.scm.datanode.port appended with serviceId and nodeId. If want to configure same port configure ozone.scm.datanode.port
2021-07-20 05:55:35,070 [main] INFO  server.RaftServer (ConfUtils.java:logGet(44)) - raft.rpc.type = GRPC (default)
2021-07-20 05:55:35,127 [main] INFO  grpc.GrpcFactory (GrpcFactory.java:checkPooledByteBufAllocatorUseCacheForAllThreads(48)) - PERFORMANCE WARNING: useCacheForAllThreads is true that may cause Netty to create a lot garbage objects and, as a result, trigger GC.
	It is recommended to disable useCacheForAllThreads by setting -Dorg.apache.ratis.thirdparty.io.netty.allocator.useCacheForAllThreads=false in command line.
2021-07-20 05:55:35,132 [main] INFO  grpc.GrpcConfigKeys (ConfUtils.java:logGet(44)) - raft.grpc.admin.port = -1 (default)
2021-07-20 05:55:35,132 [main] INFO  grpc.GrpcConfigKeys (ConfUtils.java:logGet(44)) - raft.grpc.server.port = 13252 (custom)
2021-07-20 05:55:35,133 [main] INFO  grpc.GrpcConfigKeys (ConfUtils.java:logGet(44)) - raft.grpc.client.port = -1 (default)
2021-07-20 05:55:35,133 [main] INFO  grpc.GrpcConfigKeys (ConfUtils.java:logGet(44)) - raft.grpc.server.port = 13252 (custom)
2021-07-20 05:55:35,134 [main] INFO  grpc.GrpcConfigKeys (ConfUtils.java:logGet(44)) - raft.grpc.server.port = 13252 (custom)
2021-07-20 05:55:35,135 [main] INFO  server.GrpcService (ConfUtils.java:logGet(44)) - raft.grpc.message.size.max = 32m (=33554432) (custom)
2021-07-20 05:55:35,136 [main] INFO  server.RaftServerConfigKeys (ConfUtils.java:logGet(44)) - raft.server.log.appender.buffer.byte-limit = 33554432 (custom)
2021-07-20 05:55:35,137 [main] INFO  server.GrpcService (ConfUtils.java:logGet(44)) - raft.grpc.flow.control.window = 1MB (=1048576) (default)
2021-07-20 05:55:35,138 [main] INFO  server.RaftServerConfigKeys (ConfUtils.java:logGet(44)) - raft.server.rpc.request.timeout = 30000ms (custom)
2021-07-20 05:55:35,376 [main] INFO  impl.DataStreamServerImpl (ConfUtils.java:logGet(44)) - raft.datastream.type = DISABLED (default)
2021-07-20 05:55:35,378 [main] INFO  server.RaftServerConfigKeys (ConfUtils.java:logGet(44)) - raft.server.rpc.slowness.timeout = 120000ms (custom)
2021-07-20 05:55:35,379 [main] INFO  server.RaftServerConfigKeys (ConfUtils.java:logGet(44)) - raft.server.leaderelection.leader.step-down.wait-time = 10s (default)
2021-07-20 05:55:35,389 [main] INFO  server.RaftServerConfigKeys (ConfUtils.java:logGet(44)) - raft.server.storage.dir = [/home/runner/work/ozone/ozone/mnt/ozone/hadoop-ozone/integration-test/target/test-dir/MiniOzoneClusterImpl-b2c6a007-39d2-4e45-b76c-321c7ba85e11/scmNode-1/scm-ha] (custom)
2021-07-20 05:55:35,400 [main] INFO  server.RaftServer (RaftServerProxy.java:addNew(95)) - a3de057e-22ba-4f20-867a-3c0291662fe2: addNew group-321C7BA85E11:[a3de057e-22ba-4f20-867a-3c0291662fe2|rpc:localhost:13252|priority:0] returns group-321C7BA85E11:java.util.concurrent.CompletableFuture@cda0432[Not completed]
2021-07-20 05:55:35,418 [pool-1-thread-1] INFO  server.RaftServer$Division (RaftServerImpl.java:<init>(180)) - a3de057e-22ba-4f20-867a-3c0291662fe2: new RaftServerImpl for group-321C7BA85E11:[a3de057e-22ba-4f20-867a-3c0291662fe2|rpc:localhost:13252|priority:0] with SCMStateMachine:uninitialized
2021-07-20 05:55:35,420 [pool-1-thread-1] INFO  server.RaftServerConfigKeys (ConfUtils.java:logGet(44)) - raft.server.rpc.timeout.min = 5000ms (custom)
2021-07-20 05:55:35,420 [pool-1-thread-1] INFO  server.RaftServerConfigKeys (ConfUtils.java:logGet(44)) - raft.server.rpc.timeout.max = 5200ms (custom)
2021-07-20 05:55:35,420 [pool-1-thread-1] INFO  server.RaftServerConfigKeys (ConfUtils.java:logGet(44)) - raft.server.rpc.sleep.time = 25ms (default)
2021-07-20 05:55:35,421 [pool-1-thread-1] INFO  server.RaftServerConfigKeys (ConfUtils.java:logGet(44)) - raft.server.rpc.slowness.timeout = 120000ms (custom)
2021-07-20 05:55:35,421 [pool-1-thread-1] INFO  server.RaftServerConfigKeys (ConfUtils.java:logGet(44)) - raft.server.leaderelection.leader.step-down.wait-time = 10s (default)
2021-07-20 05:55:35,421 [pool-1-thread-1] INFO  server.RaftServerConfigKeys (ConfUtils.java:logGet(44)) - raft.server.sleep.deviation.threshold = 300ms (default)
2021-07-20 05:55:35,422 [pool-1-thread-1] INFO  server.RaftServerConfigKeys (ConfUtils.java:logGet(44)) - raft.server.log.appender.install.snapshot.enabled = false (custom)
2021-07-20 05:55:35,429 [pool-1-thread-1] INFO  server.RaftServer$Division (ServerState.java:<init>(105)) - a3de057e-22ba-4f20-867a-3c0291662fe2@group-321C7BA85E11: ConfigurationManager, init=-1: [a3de057e-22ba-4f20-867a-3c0291662fe2|rpc:localhost:13252|priority:0], old=null, confs=<EMPTY_MAP>
2021-07-20 05:55:35,430 [pool-1-thread-1] INFO  server.RaftServerConfigKeys (ConfUtils.java:logGet(44)) - raft.server.storage.dir = [/home/runner/work/ozone/ozone/mnt/ozone/hadoop-ozone/integration-test/target/test-dir/MiniOzoneClusterImpl-b2c6a007-39d2-4e45-b76c-321c7ba85e11/scmNode-1/scm-ha] (custom)
2021-07-20 05:55:35,434 [pool-1-thread-1] INFO  server.RaftServerConfigKeys (ConfUtils.java:logGet(44)) - raft.server.log.corruption.policy = EXCEPTION (default)
2021-07-20 05:55:35,436 [pool-1-thread-1] INFO  storage.RaftStorageDirectory (RaftStorageDirectoryImpl.java:analyzeStorage(132)) - The storage directory /home/runner/work/ozone/ozone/mnt/ozone/hadoop-ozone/integration-test/target/test-dir/MiniOzoneClusterImpl-b2c6a007-39d2-4e45-b76c-321c7ba85e11/scmNode-1/scm-ha/b2c6a007-39d2-4e45-b76c-321c7ba85e11 does not exist. Creating ...
2021-07-20 05:55:35,440 [pool-1-thread-1] INFO  storage.RaftStorageDirectory (RaftStorageDirectoryImpl.java:tryLock(215)) - Lock on /home/runner/work/ozone/ozone/mnt/ozone/hadoop-ozone/integration-test/target/test-dir/MiniOzoneClusterImpl-b2c6a007-39d2-4e45-b76c-321c7ba85e11/scmNode-1/scm-ha/b2c6a007-39d2-4e45-b76c-321c7ba85e11/in_use.lock acquired by nodename 3531@fv-az291-163
2021-07-20 05:55:35,446 [pool-1-thread-1] INFO  storage.RaftStorage (RaftStorageImpl.java:format(87)) - Storage directory /home/runner/work/ozone/ozone/mnt/ozone/hadoop-ozone/integration-test/target/test-dir/MiniOzoneClusterImpl-b2c6a007-39d2-4e45-b76c-321c7ba85e11/scmNode-1/scm-ha/b2c6a007-39d2-4e45-b76c-321c7ba85e11 has been successfully formatted.
2021-07-20 05:55:35,450 [pool-1-thread-1] INFO  server.RaftServerConfigKeys (ConfUtils.java:logGet(44)) - raft.server.notification.no-leader.timeout = 60s (default)
2021-07-20 05:55:35,451 [pool-1-thread-1] INFO  server.RaftServerConfigKeys (ConfUtils.java:logGet(44)) - raft.server.log.use.memory = false (default)
2021-07-20 05:55:35,458 [pool-1-thread-1] INFO  server.RaftServerConfigKeys (ConfUtils.java:logGet(44)) - raft.server.log.purge.gap = 5 (custom)
2021-07-20 05:55:35,459 [pool-1-thread-1] INFO  server.RaftServerConfigKeys (ConfUtils.java:logGet(44)) - raft.server.log.appender.buffer.byte-limit = 33554432 (custom)
2021-07-20 05:55:35,466 [pool-1-thread-1] INFO  metrics.MetricRegistries (MetricRegistriesLoader.java:load(64)) - Loaded MetricRegistries class org.apache.ratis.metrics.impl.MetricRegistriesImpl
2021-07-20 05:55:35,466 [pool-1-thread-1] INFO  metrics.RatisMetrics (RatisMetrics.java:lambda$create$0(36)) - Creating Metrics Registry : ratis.log_worker.a3de057e-22ba-4f20-867a-3c0291662fe2@group-321C7BA85E11
2021-07-20 05:55:35,467 [pool-1-thread-1] WARN  impl.MetricRegistriesImpl (MetricRegistriesImpl.java:lambda$create$1(65)) - First MetricRegistry has been created without registering reporters. You may need to call MetricRegistries.global().addReporterRegistration(...) before.
2021-07-20 05:55:35,469 [pool-1-thread-1] INFO  server.RaftServerConfigKeys (ConfUtils.java:logGet(44)) - raft.server.log.segment.size.max = 16384 (custom)
2021-07-20 05:55:35,474 [pool-1-thread-1] INFO  server.RaftServerConfigKeys (ConfUtils.java:logGet(44)) - raft.server.log.segment.cache.num.max = 2 (custom)
2021-07-20 05:55:35,475 [pool-1-thread-1] INFO  server.RaftServerConfigKeys (ConfUtils.java:logGet(44)) - raft.server.log.segment.cache.size.max = 200MB (=209715200) (default)
2021-07-20 05:55:35,480 [pool-1-thread-1] INFO  segmented.SegmentedRaftLogWorker (SegmentedRaftLogWorker.java:<init>(182)) - new a3de057e-22ba-4f20-867a-3c0291662fe2@group-321C7BA85E11-SegmentedRaftLogWorker for RaftStorageImpl:Storage Directory /home/runner/work/ozone/ozone/mnt/ozone/hadoop-ozone/integration-test/target/test-dir/MiniOzoneClusterImpl-b2c6a007-39d2-4e45-b76c-321c7ba85e11/scmNode-1/scm-ha/b2c6a007-39d2-4e45-b76c-321c7ba85e11
2021-07-20 05:55:35,480 [pool-1-thread-1] INFO  server.RaftServerConfigKeys (ConfUtils.java:logGet(44)) - raft.server.log.queue.byte-limit = 64MB (=67108864) (default)
2021-07-20 05:55:35,481 [pool-1-thread-1] INFO  server.RaftServerConfigKeys (ConfUtils.java:logGet(44)) - raft.server.log.queue.element-limit = 4096 (default)
2021-07-20 05:55:35,481 [pool-1-thread-1] INFO  server.RaftServerConfigKeys (ConfUtils.java:logGet(44)) - raft.server.log.segment.size.max = 16384 (custom)
2021-07-20 05:55:35,482 [pool-1-thread-1] INFO  server.RaftServerConfigKeys (ConfUtils.java:logGet(44)) - raft.server.log.preallocated.size = 16384 (custom)
2021-07-20 05:55:35,482 [pool-1-thread-1] INFO  server.RaftServerConfigKeys (ConfUtils.java:logGet(44)) - raft.server.log.force.sync.num = 128 (default)
2021-07-20 05:55:35,483 [pool-1-thread-1] INFO  server.RaftServerConfigKeys (ConfUtils.java:logGet(44)) - raft.server.log.statemachine.data.sync = true (default)
2021-07-20 05:55:35,484 [pool-1-thread-1] INFO  server.RaftServerConfigKeys (ConfUtils.java:logGet(44)) - raft.server.log.statemachine.data.sync.timeout = 10s (default)
2021-07-20 05:55:35,484 [pool-1-thread-1] INFO  server.RaftServerConfigKeys (ConfUtils.java:logGet(44)) - raft.server.log.statemachine.data.sync.timeout.retry = -1 (default)
2021-07-20 05:55:35,490 [pool-1-thread-1] INFO  server.RaftServerConfigKeys (ConfUtils.java:logGet(44)) - raft.server.log.write.buffer.size = 64KB (=65536) (default)
2021-07-20 05:55:35,490 [pool-1-thread-1] INFO  server.RaftServerConfigKeys (ConfUtils.java:logGet(44)) - raft.server.log.statemachine.data.caching.enabled = false (default)
2021-07-20 05:55:35,495 [pool-1-thread-1] INFO  segmented.SegmentedRaftLogWorker (SegmentedRaftLogWorker.java:lambda$new$0(133)) - a3de057e-22ba-4f20-867a-3c0291662fe2@group-321C7BA85E11-SegmentedRaftLogWorker: flushIndex: setUnconditionally 0 -> -1
2021-07-20 05:55:35,495 [pool-1-thread-1] INFO  segmented.SegmentedRaftLogWorker (SegmentedRaftLogWorker.java:lambda$new$0(133)) - a3de057e-22ba-4f20-867a-3c0291662fe2@group-321C7BA85E11-SegmentedRaftLogWorker: safeCacheEvictIndex: setUnconditionally 0 -> -1
2021-07-20 05:55:35,499 [pool-1-thread-1] INFO  server.RaftServerConfigKeys (ConfUtils.java:logGet(44)) - raft.server.snapshot.auto.trigger.enabled = true (custom)
2021-07-20 05:55:35,499 [pool-1-thread-1] INFO  server.RaftServerConfigKeys (ConfUtils.java:logGet(44)) - raft.server.snapshot.auto.trigger.threshold = 5 (custom)
2021-07-20 05:55:35,500 [pool-1-thread-1] INFO  server.RaftServerConfigKeys (ConfUtils.java:logGet(44)) - raft.server.snapshot.retention.file.num = -1 (default)
2021-07-20 05:55:35,500 [pool-1-thread-1] INFO  server.RaftServerConfigKeys (ConfUtils.java:logGet(44)) - raft.server.log.purge.upto.snapshot.index = true (custom)
2021-07-20 05:55:35,501 [pool-1-thread-1] INFO  server.RaftServerConfigKeys (ConfUtils.java:logGet(44)) - raft.server.retrycache.expirytime = 60000ms (default)
2021-07-20 05:55:35,502 [pool-1-thread-1] INFO  server.RaftServerConfigKeys (ConfUtils.java:logGet(44)) - raft.server.retrycache.statistics.expirytime = 100μs (default)
2021-07-20 05:55:35,518 [pool-1-thread-1] INFO  metrics.RatisMetrics (RatisMetrics.java:lambda$create$0(36)) - Creating Metrics Registry : ratis.leader_election.a3de057e-22ba-4f20-867a-3c0291662fe2@group-321C7BA85E11
2021-07-20 05:55:35,519 [pool-1-thread-1] WARN  impl.MetricRegistriesImpl (MetricRegistriesImpl.java:lambda$create$1(65)) - First MetricRegistry has been created without registering reporters. You may need to call MetricRegistries.global().addReporterRegistration(...) before.
2021-07-20 05:55:35,521 [pool-1-thread-1] INFO  metrics.RatisMetrics (RatisMetrics.java:lambda$create$0(36)) - Creating Metrics Registry : ratis.server.a3de057e-22ba-4f20-867a-3c0291662fe2@group-321C7BA85E11
2021-07-20 05:55:35,521 [pool-1-thread-1] WARN  impl.MetricRegistriesImpl (MetricRegistriesImpl.java:lambda$create$1(65)) - First MetricRegistry has been created without registering reporters. You may need to call MetricRegistries.global().addReporterRegistration(...) before.
2021-07-20 05:55:35,526 [main] INFO  server.RaftServer$Division (RaftServerImpl.java:start(295)) - a3de057e-22ba-4f20-867a-3c0291662fe2@group-321C7BA85E11: start as a follower, conf=-1: [a3de057e-22ba-4f20-867a-3c0291662fe2|rpc:localhost:13252|priority:0], old=null
2021-07-20 05:55:35,528 [main] INFO  server.RaftServer$Division (RaftServerImpl.java:setRole(284)) - a3de057e-22ba-4f20-867a-3c0291662fe2@group-321C7BA85E11: changes role from      null to FOLLOWER at term 0 for startAsFollower
2021-07-20 05:55:35,529 [main] INFO  impl.RoleInfo (RoleInfo.java:updateAndGet(130)) - a3de057e-22ba-4f20-867a-3c0291662fe2: start a3de057e-22ba-4f20-867a-3c0291662fe2@group-321C7BA85E11-FollowerState
2021-07-20 05:55:35,572 [main] INFO  util.JmxRegister (JmxRegister.java:tryRegister(44)) - Successfully registered JMX Bean with object name Ratis:service=RaftServer,group=group-321C7BA85E11,id=a3de057e-22ba-4f20-867a-3c0291662fe2
2021-07-20 05:55:35,573 [main] INFO  metrics.RatisMetrics (RatisMetrics.java:lambda$create$0(36)) - Creating Metrics Registry : ratis.state_machine.a3de057e-22ba-4f20-867a-3c0291662fe2@group-321C7BA85E11
2021-07-20 05:55:35,574 [main] WARN  impl.MetricRegistriesImpl (MetricRegistriesImpl.java:lambda$create$1(65)) - First MetricRegistry has been created without registering reporters. You may need to call MetricRegistries.global().addReporterRegistration(...) before.
2021-07-20 05:55:35,575 [main] INFO  server.RaftServer (RaftServerProxy.java:lambda$start$5(374)) - a3de057e-22ba-4f20-867a-3c0291662fe2: start RPC server
2021-07-20 05:55:35,615 [main] INFO  server.GrpcService (GrpcService.java:startImpl(253)) - a3de057e-22ba-4f20-867a-3c0291662fe2: GrpcService started, listening on 13252
2021-07-20 05:55:35,619 [org.apache.ratis.util.JvmPauseMonitor$$Lambda$496/1294139740@383f1975] INFO  util.JvmPauseMonitor (JvmPauseMonitor.java:run(103)) - JvmPauseMonitor-a3de057e-22ba-4f20-867a-3c0291662fe2: Started
2021-07-20 05:55:40,554 [a3de057e-22ba-4f20-867a-3c0291662fe2@group-321C7BA85E11-FollowerState] INFO  impl.FollowerState (FollowerState.java:run(134)) - a3de057e-22ba-4f20-867a-3c0291662fe2@group-321C7BA85E11-FollowerState: change to CANDIDATE, lastRpcElapsedTime:5025710341ns, electionTimeout:5023ms
2021-07-20 05:55:40,558 [a3de057e-22ba-4f20-867a-3c0291662fe2@group-321C7BA85E11-FollowerState] INFO  impl.RoleInfo (RoleInfo.java:shutdownFollowerState(108)) - a3de057e-22ba-4f20-867a-3c0291662fe2: shutdown a3de057e-22ba-4f20-867a-3c0291662fe2@group-321C7BA85E11-FollowerState
2021-07-20 05:55:40,558 [a3de057e-22ba-4f20-867a-3c0291662fe2@group-321C7BA85E11-FollowerState] INFO  server.RaftServer$Division (RaftServerImpl.java:setRole(284)) - a3de057e-22ba-4f20-867a-3c0291662fe2@group-321C7BA85E11: changes role from  FOLLOWER to CANDIDATE at term 0 for changeToCandidate
2021-07-20 05:55:40,562 [a3de057e-22ba-4f20-867a-3c0291662fe2@group-321C7BA85E11-FollowerState] INFO  server.RaftServerConfigKeys (ConfUtils.java:logGet(44)) - raft.server.leaderelection.pre-vote = false (custom)
2021-07-20 05:55:40,563 [a3de057e-22ba-4f20-867a-3c0291662fe2@group-321C7BA85E11-FollowerState] INFO  impl.RoleInfo (RoleInfo.java:updateAndGet(130)) - a3de057e-22ba-4f20-867a-3c0291662fe2: start a3de057e-22ba-4f20-867a-3c0291662fe2@group-321C7BA85E11-LeaderElection1
2021-07-20 05:55:40,568 [a3de057e-22ba-4f20-867a-3c0291662fe2@group-321C7BA85E11-LeaderElection1] INFO  impl.LeaderElection (LeaderElection.java:askForVotes(306)) - a3de057e-22ba-4f20-867a-3c0291662fe2@group-321C7BA85E11-LeaderElection1 ELECTION round 0: submit vote requests at term 1 for -1: [a3de057e-22ba-4f20-867a-3c0291662fe2|rpc:localhost:13252|priority:0], old=null
2021-07-20 05:55:40,569 [a3de057e-22ba-4f20-867a-3c0291662fe2@group-321C7BA85E11-LeaderElection1] INFO  impl.LeaderElection (LeaderElection.java:askForVotes(308)) - a3de057e-22ba-4f20-867a-3c0291662fe2@group-321C7BA85E11-LeaderElection1 ELECTION round 0: result PASSED (term=1)
2021-07-20 05:55:40,569 [a3de057e-22ba-4f20-867a-3c0291662fe2@group-321C7BA85E11-LeaderElection1] INFO  impl.RoleInfo (RoleInfo.java:shutdownLeaderElection(121)) - a3de057e-22ba-4f20-867a-3c0291662fe2: shutdown a3de057e-22ba-4f20-867a-3c0291662fe2@group-321C7BA85E11-LeaderElection1
2021-07-20 05:55:40,570 [a3de057e-22ba-4f20-867a-3c0291662fe2@group-321C7BA85E11-LeaderElection1] INFO  server.RaftServer$Division (RaftServerImpl.java:setRole(284)) - a3de057e-22ba-4f20-867a-3c0291662fe2@group-321C7BA85E11: changes role from CANDIDATE to LEADER at term 1 for changeToLeader
2021-07-20 05:55:40,570 [a3de057e-22ba-4f20-867a-3c0291662fe2@group-321C7BA85E11-LeaderElection1] INFO  server.RaftServer$Division (ServerState.java:setLeader(271)) - a3de057e-22ba-4f20-867a-3c0291662fe2@group-321C7BA85E11: change Leader from null to a3de057e-22ba-4f20-867a-3c0291662fe2 at term 1 for becomeLeader, leader elected after 5121ms
2021-07-20 05:55:40,577 [a3de057e-22ba-4f20-867a-3c0291662fe2@group-321C7BA85E11-LeaderElection1] INFO  server.RaftServerConfigKeys (ConfUtils.java:logGet(44)) - raft.server.staging.catchup.gap = 1000 (default)
2021-07-20 05:55:40,580 [a3de057e-22ba-4f20-867a-3c0291662fe2@group-321C7BA85E11-LeaderElection1] INFO  metrics.RatisMetrics (RatisMetrics.java:lambda$create$0(36)) - Creating Metrics Registry : ratis.log_appender.a3de057e-22ba-4f20-867a-3c0291662fe2@group-321C7BA85E11
2021-07-20 05:55:40,580 [a3de057e-22ba-4f20-867a-3c0291662fe2@group-321C7BA85E11-LeaderElection1] WARN  impl.MetricRegistriesImpl (MetricRegistriesImpl.java:lambda$create$1(65)) - First MetricRegistry has been created without registering reporters. You may need to call MetricRegistries.global().addReporterRegistration(...) before.
2021-07-20 05:55:40,582 [a3de057e-22ba-4f20-867a-3c0291662fe2@group-321C7BA85E11-LeaderElection1] INFO  server.RaftServerConfigKeys (ConfUtils.java:logGet(44)) - raft.server.write.element-limit = 4096 (default)
2021-07-20 05:55:40,582 [a3de057e-22ba-4f20-867a-3c0291662fe2@group-321C7BA85E11-LeaderElection1] INFO  server.RaftServerConfigKeys (ConfUtils.java:logGet(44)) - raft.server.write.byte-limit = 64MB (=67108864) (default)
2021-07-20 05:55:40,588 [a3de057e-22ba-4f20-867a-3c0291662fe2@group-321C7BA85E11-LeaderElection1] INFO  server.RaftServerConfigKeys (ConfUtils.java:logGet(44)) - raft.server.watch.timeout = 10s (default)
2021-07-20 05:55:40,588 [a3de057e-22ba-4f20-867a-3c0291662fe2@group-321C7BA85E11-LeaderElection1] INFO  server.RaftServerConfigKeys (ConfUtils.java:logGet(44)) - raft.server.watch.timeout.denomination = 1s (default)
2021-07-20 05:55:40,589 [a3de057e-22ba-4f20-867a-3c0291662fe2@group-321C7BA85E11-LeaderElection1] INFO  server.RaftServerConfigKeys (ConfUtils.java:logGet(44)) - raft.server.watch.element-limit = 65536 (default)
2021-07-20 05:55:40,594 [a3de057e-22ba-4f20-867a-3c0291662fe2@group-321C7BA85E11-LeaderElection1] INFO  impl.RoleInfo (RoleInfo.java:updateAndGet(130)) - a3de057e-22ba-4f20-867a-3c0291662fe2: start a3de057e-22ba-4f20-867a-3c0291662fe2@group-321C7BA85E11-LeaderStateImpl
2021-07-20 05:55:40,614 [a3de057e-22ba-4f20-867a-3c0291662fe2@group-321C7BA85E11-LeaderElection1] INFO  segmented.SegmentedRaftLogWorker (SegmentedRaftLogWorker.java:startLogSegment(394)) - a3de057e-22ba-4f20-867a-3c0291662fe2@group-321C7BA85E11-SegmentedRaftLogWorker: Starting segment from index:0
2021-07-20 05:55:40,646 [a3de057e-22ba-4f20-867a-3c0291662fe2@group-321C7BA85E11-LeaderElection1] INFO  server.RaftServer$Division (ServerState.java:setRaftConf(373)) - a3de057e-22ba-4f20-867a-3c0291662fe2@group-321C7BA85E11: set configuration 0: [a3de057e-22ba-4f20-867a-3c0291662fe2|rpc:localhost:13252|admin:|client:|dataStream:|priority:0], old=null
2021-07-20 05:55:40,704 [a3de057e-22ba-4f20-867a-3c0291662fe2@group-321C7BA85E11-SegmentedRaftLogWorker] INFO  segmented.SegmentedRaftLogWorker (SegmentedRaftLogWorker.java:execute(601)) - a3de057e-22ba-4f20-867a-3c0291662fe2@group-321C7BA85E11-SegmentedRaftLogWorker: created new log segment /home/runner/work/ozone/ozone/mnt/ozone/hadoop-ozone/integration-test/target/test-dir/MiniOzoneClusterImpl-b2c6a007-39d2-4e45-b76c-321c7ba85e11/scmNode-1/scm-ha/b2c6a007-39d2-4e45-b76c-321c7ba85e11/current/log_inprogress_0
2021-07-20 05:55:41,621 [main] INFO  server.RaftServer (RaftServerProxy.java:lambda$close$6(391)) - a3de057e-22ba-4f20-867a-3c0291662fe2: close
2021-07-20 05:55:41,622 [main] INFO  server.RaftServer$Division (RaftServerImpl.java:lambda$close$4(406)) - a3de057e-22ba-4f20-867a-3c0291662fe2@group-321C7BA85E11: shutdown
2021-07-20 05:55:41,622 [main] INFO  util.JmxRegister (JmxRegister.java:unregister(73)) - Successfully un-registered JMX Bean with object name Ratis:service=RaftServer,group=group-321C7BA85E11,id=a3de057e-22ba-4f20-867a-3c0291662fe2
2021-07-20 05:55:41,623 [main] INFO  impl.RoleInfo (RoleInfo.java:shutdownLeaderState(91)) - a3de057e-22ba-4f20-867a-3c0291662fe2: shutdown a3de057e-22ba-4f20-867a-3c0291662fe2@group-321C7BA85E11-LeaderStateImpl
2021-07-20 05:55:41,629 [main] INFO  impl.PendingRequests (PendingRequests.java:sendNotLeaderResponses(249)) - a3de057e-22ba-4f20-867a-3c0291662fe2@group-321C7BA85E11-PendingRequests: sendNotLeaderResponses
2021-07-20 05:55:41,631 [main] INFO  metrics.RatisMetrics (RatisMetrics.java:unregister(43)) - Unregistering Metrics Registry : ratis.log_appender.a3de057e-22ba-4f20-867a-3c0291662fe2@group-321C7BA85E11
2021-07-20 05:55:41,632 [main] INFO  metrics.RatisMetrics (RatisMetrics.java:unregister(43)) - Unregistering Metrics Registry : ratis.server.a3de057e-22ba-4f20-867a-3c0291662fe2@group-321C7BA85E11
2021-07-20 05:55:41,633 [a3de057e-22ba-4f20-867a-3c0291662fe2@group-321C7BA85E11-StateMachineUpdater] INFO  impl.StateMachineUpdater (StateMachineUpdater.java:takeSnapshot(281)) - a3de057e-22ba-4f20-867a-3c0291662fe2@group-321C7BA85E11-StateMachineUpdater: Took a snapshot at index 0
2021-07-20 05:55:41,633 [a3de057e-22ba-4f20-867a-3c0291662fe2@group-321C7BA85E11-StateMachineUpdater] INFO  impl.StateMachineUpdater (StateMachineUpdater.java:lambda$new$0(89)) - a3de057e-22ba-4f20-867a-3c0291662fe2@group-321C7BA85E11-StateMachineUpdater: snapshotIndex: updateIncreasingly -1 -> 0
2021-07-20 05:55:41,633 [a3de057e-22ba-4f20-867a-3c0291662fe2@group-321C7BA85E11-StateMachineUpdater] INFO  metrics.RatisMetrics (RatisMetrics.java:unregister(43)) - Unregistering Metrics Registry : ratis.state_machine.a3de057e-22ba-4f20-867a-3c0291662fe2@group-321C7BA85E11
2021-07-20 05:55:41,634 [main] INFO  impl.StateMachineUpdater (StateMachineUpdater.java:stopAndJoin(149)) - a3de057e-22ba-4f20-867a-3c0291662fe2@group-321C7BA85E11-StateMachineUpdater: set stopIndex = 0
2021-07-20 05:55:41,634 [main] INFO  server.RaftServer$Division (ServerState.java:close(405)) - a3de057e-22ba-4f20-867a-3c0291662fe2@group-321C7BA85E11: closes. applyIndex: 0
2021-07-20 05:55:41,635 [a3de057e-22ba-4f20-867a-3c0291662fe2@group-321C7BA85E11-SegmentedRaftLogWorker] INFO  segmented.SegmentedRaftLogWorker (SegmentedRaftLogWorker.java:run(327)) - a3de057e-22ba-4f20-867a-3c0291662fe2@group-321C7BA85E11-SegmentedRaftLogWorker was interrupted, exiting. There are 0 tasks remaining in the queue.
2021-07-20 05:55:41,637 [main] INFO  segmented.SegmentedRaftLogWorker (SegmentedRaftLogWorker.java:close(237)) - a3de057e-22ba-4f20-867a-3c0291662fe2@group-321C7BA85E11-SegmentedRaftLogWorker close()
2021-07-20 05:55:41,638 [main] INFO  metrics.RatisMetrics (RatisMetrics.java:unregister(43)) - Unregistering Metrics Registry : ratis.log_worker.a3de057e-22ba-4f20-867a-3c0291662fe2@group-321C7BA85E11
2021-07-20 05:55:41,638 [main] INFO  metrics.RatisMetrics (RatisMetrics.java:unregister(43)) - Unregistering Metrics Registry : ratis.leader_election.a3de057e-22ba-4f20-867a-3c0291662fe2@group-321C7BA85E11
2021-07-20 05:55:41,638 [main] INFO  metrics.RatisMetrics (RatisMetrics.java:unregister(43)) - Unregistering Metrics Registry : ratis.server.a3de057e-22ba-4f20-867a-3c0291662fe2@group-321C7BA85E11
2021-07-20 05:55:41,639 [main] INFO  server.GrpcService (GrpcService.java:closeImpl(262)) - a3de057e-22ba-4f20-867a-3c0291662fe2: shutdown server with port 13252 now
2021-07-20 05:55:41,644 [main] INFO  server.GrpcService (GrpcService.java:closeImpl(271)) - a3de057e-22ba-4f20-867a-3c0291662fe2: shutdown server with port 13252 successfully
2021-07-20 05:55:41,644 [org.apache.ratis.util.JvmPauseMonitor$$Lambda$496/1294139740@383f1975] INFO  util.JvmPauseMonitor (JvmPauseMonitor.java:run(109)) - JvmPauseMonitor-a3de057e-22ba-4f20-867a-3c0291662fe2: Stopped
2021-07-20 05:55:41,644 [main] WARN  server.ServerUtils (ServerUtils.java:getScmDbDir(148)) - ozone.scm.db.dirs is not configured. We recommend adding this setting. Falling back to ozone.metadata.dirs instead.
2021-07-20 05:55:41,647 [main] INFO  server.StorageContainerManager (StorageContainerManager.java:scmInit(1018)) - SCM initialization succeeded. Current cluster id for sd=/home/runner/work/ozone/ozone/mnt/ozone/hadoop-ozone/integration-test/target/test-dir/MiniOzoneClusterImpl-b2c6a007-39d2-4e45-b76c-321c7ba85e11/scmNode-1/scm; cid=b2c6a007-39d2-4e45-b76c-321c7ba85e11; layoutVersion=2; scmId=a3de057e-22ba-4f20-867a-3c0291662fe2
2021-07-20 05:55:41,657 [main] INFO  ha.SCMHANodeDetails (SCMHANodeDetails.java:loadSCMHAConfig(157)) - ServiceID for StorageContainerManager is scm-service-test1
2021-07-20 05:55:41,658 [main] INFO  ha.SCMHANodeDetails (SCMHANodeDetails.java:loadSCMHAConfig(168)) - ServiceID for StorageContainerManager is scm-service-test1
2021-07-20 05:55:41,658 [main] WARN  scm.ScmUtils (ScmUtils.java:logWarn(179)) - ConfigKey ozone.scm.block.client.address is deprecated, For configuring different ports for each SCM use PortConfigKey ozone.scm.block.client.port appended with serviceId and nodeId. If want to configure same port configure ozone.scm.block.client.port
2021-07-20 05:55:41,659 [main] WARN  scm.ScmUtils (ScmUtils.java:logWarn(179)) - ConfigKey ozone.scm.client.address is deprecated, For configuring different ports for each SCM use PortConfigKey ozone.scm.client.port appended with serviceId and nodeId. If want to configure same port configure ozone.scm.client.port
2021-07-20 05:55:41,659 [main] WARN  scm.ScmUtils (ScmUtils.java:logWarn(179)) - ConfigKey ozone.scm.datanode.address is deprecated, For configuring different ports for each SCM use PortConfigKey ozone.scm.datanode.port appended with serviceId and nodeId. If want to configure same port configure ozone.scm.datanode.port
2021-07-20 05:55:41,659 [main] WARN  scm.ScmUtils (ScmUtils.java:logWarn(179)) - ConfigKey ozone.scm.block.client.address is deprecated, For configuring different ports for each SCM use PortConfigKey ozone.scm.block.client.port appended with serviceId and nodeId. If want to configure same port configure ozone.scm.block.client.port
2021-07-20 05:55:41,659 [main] WARN  scm.ScmUtils (ScmUtils.java:logWarn(179)) - ConfigKey ozone.scm.client.address is deprecated, For configuring different ports for each SCM use PortConfigKey ozone.scm.client.port appended with serviceId and nodeId. If want to configure same port configure ozone.scm.client.port
2021-07-20 05:55:41,660 [main] WARN  scm.ScmUtils (ScmUtils.java:logWarn(179)) - ConfigKey ozone.scm.datanode.address is deprecated, For configuring different ports for each SCM use PortConfigKey ozone.scm.datanode.port appended with serviceId and nodeId. If want to configure same port configure ozone.scm.datanode.port
2021-07-20 05:55:41,661 [main] INFO  ha.SCMHANodeDetails (SCMHANodeDetails.java:loadSCMHAConfig(250)) - Found matching SCM address with SCMServiceId: scm-service-test1, SCMNodeId: scmNode-1, RPC Address: localhost:13252 and Ratis port: 13252
2021-07-20 05:55:41,661 [main] INFO  ha.SCMHANodeDetails (ConfUtils.java:setNodeSpecificConfigs(108)) - Setting configuration key ozone.scm.datanode.address with value of key ozone.scm.datanode.address.scm-service-test1.scmNode-1: 127.0.0.1:13253
2021-07-20 05:55:41,661 [main] INFO  ha.SCMHANodeDetails (ConfUtils.java:setNodeSpecificConfigs(108)) - Setting configuration key ozone.scm.block.client.address with value of key ozone.scm.block.client.address.scm-service-test1.scmNode-1: 127.0.0.1:13254
2021-07-20 05:55:41,661 [main] INFO  ha.SCMHANodeDetails (ConfUtils.java:setNodeSpecificConfigs(108)) - Setting configuration key ozone.scm.client.address with value of key ozone.scm.client.address.scm-service-test1.scmNode-1: 127.0.0.1:13255
2021-07-20 05:55:41,661 [main] INFO  ha.SCMHANodeDetails (ConfUtils.java:setNodeSpecificConfigs(108)) - Setting configuration key ozone.scm.ratis.port with value of key ozone.scm.ratis.port.scm-service-test1.scmNode-1: 13252
2021-07-20 05:55:41,661 [main] INFO  ha.SCMHANodeDetails (ConfUtils.java:setNodeSpecificConfigs(108)) - Setting configuration key ozone.scm.grpc.port with value of key ozone.scm.grpc.port.scm-service-test1.scmNode-1: 13256
2021-07-20 05:55:41,662 [main] INFO  ha.SCMHANodeDetails (ConfUtils.java:setNodeSpecificConfigs(108)) - Setting configuration key ozone.scm.http-address with value of key ozone.scm.http-address.scm-service-test1.scmNode-1: 127.0.0.1:13250
2021-07-20 05:55:41,662 [main] INFO  ha.SCMHANodeDetails (ConfUtils.java:setNodeSpecificConfigs(108)) - Setting configuration key ozone.scm.https-address with value of key ozone.scm.https-address.scm-service-test1.scmNode-1: 127.0.0.1:13251
2021-07-20 05:55:41,662 [main] INFO  ha.SCMHANodeDetails (ConfUtils.java:setNodeSpecificConfigs(108)) - Setting configuration key ozone.scm.address with value of key ozone.scm.address.scm-service-test1.scmNode-1: 127.0.0.1
2021-07-20 05:55:41,662 [main] WARN  scm.ScmUtils (ScmUtils.java:logWarn(179)) - ConfigKey ozone.scm.block.client.address is deprecated, For configuring different ports for each SCM use PortConfigKey ozone.scm.block.client.port appended with serviceId and nodeId. If want to configure same port configure ozone.scm.block.client.port
2021-07-20 05:55:41,663 [main] WARN  scm.ScmUtils (ScmUtils.java:logWarn(179)) - ConfigKey ozone.scm.client.address is deprecated, For configuring different ports for each SCM use PortConfigKey ozone.scm.client.port appended with serviceId and nodeId. If want to configure same port configure ozone.scm.client.port
2021-07-20 05:55:41,663 [main] WARN  scm.ScmUtils (ScmUtils.java:logWarn(179)) - ConfigKey ozone.scm.datanode.address is deprecated, For configuring different ports for each SCM use PortConfigKey ozone.scm.datanode.port appended with serviceId and nodeId. If want to configure same port configure ozone.scm.datanode.port
2021-07-20 05:55:41,685 [main] WARN  server.ServerUtils (ServerUtils.java:getScmDbDir(148)) - ozone.scm.db.dirs is not configured. We recommend adding this setting. Falling back to ozone.metadata.dirs instead.
2021-07-20 05:55:41,687 [main] INFO  upgrade.AbstractLayoutVersionManager (AbstractLayoutVersionManager.java:init(70)) - Initializing Layout version manager with metadata layout = SCM_HA (version = 2), software layout = SCM_HA (version = 2)
2021-07-20 05:55:41,821 [main] INFO  reflections.Reflections (Reflections.java:scan(232)) - Reflections took 110 ms to scan 7 urls, producing 119 keys and 271 values 
2021-07-20 05:55:42,253 [main] WARN  utils.HAUtils (HAUtils.java:getMetaDir(342)) - ozone.scm.db.dirs is not configured. We recommend adding this setting. Falling back to ozone.metadata.dirs instead.
2021-07-20 05:55:42,384 [main] WARN  db.DBStoreBuilder (DBStoreBuilder.java:applyDBDefinition(145)) - ozone.scm.db.dirs is not configured. We recommend adding this setting. Falling back to ozone.metadata.dirs instead.
2021-07-20 05:55:42,535 [main] INFO  net.NodeSchemaLoader (NodeSchemaLoader.java:loadSchemaFromFile(129)) - Loading schema from [jar:file:/home/runner/.m2/repository/org/apache/ozone/hdds-common/1.2.0-SNAPSHOT/hdds-common-1.2.0-SNAPSHOT.jar!/network-topology-default.xml]
2021-07-20 05:55:42,536 [main] INFO  net.NodeSchemaLoader (NodeSchemaLoader.java:loadSchema(176)) - Loading network topology layer schema file
2021-07-20 05:55:42,577 [main] INFO  ha.SCMRatisServerImpl (SCMRatisServerImpl.java:<init>(85)) - starting Raft server for scm:a3de057e-22ba-4f20-867a-3c0291662fe2
2021-07-20 05:55:42,581 [main] INFO  server.RaftServer (ConfUtils.java:logGet(44)) - raft.rpc.type = GRPC (default)
2021-07-20 05:55:42,582 [main] INFO  grpc.GrpcFactory (GrpcFactory.java:checkPooledByteBufAllocatorUseCacheForAllThreads(48)) - PERFORMANCE WARNING: useCacheForAllThreads is true that may cause Netty to create a lot garbage objects and, as a result, trigger GC.
	It is recommended to disable useCacheForAllThreads by setting -Dorg.apache.ratis.thirdparty.io.netty.allocator.useCacheForAllThreads=false in command line.
2021-07-20 05:55:42,582 [main] INFO  grpc.GrpcConfigKeys (ConfUtils.java:logGet(44)) - raft.grpc.admin.port = -1 (default)
2021-07-20 05:55:42,582 [main] INFO  grpc.GrpcConfigKeys (ConfUtils.java:logGet(44)) - raft.grpc.server.port = 13252 (custom)
2021-07-20 05:55:42,582 [main] INFO  grpc.GrpcConfigKeys (ConfUtils.java:logGet(44)) - raft.grpc.client.port = -1 (default)
2021-07-20 05:55:42,583 [main] INFO  grpc.GrpcConfigKeys (ConfUtils.java:logGet(44)) - raft.grpc.server.port = 13252 (custom)
2021-07-20 05:55:42,583 [main] INFO  grpc.GrpcConfigKeys (ConfUtils.java:logGet(44)) - raft.grpc.server.port = 13252 (custom)
2021-07-20 05:55:42,583 [main] INFO  server.GrpcService (ConfUtils.java:logGet(44)) - raft.grpc.message.size.max = 32m (=33554432) (custom)
2021-07-20 05:55:42,584 [main] INFO  server.RaftServerConfigKeys (ConfUtils.java:logGet(44)) - raft.server.log.appender.buffer.byte-limit = 33554432 (custom)
2021-07-20 05:55:42,584 [main] INFO  server.GrpcService (ConfUtils.java:logGet(44)) - raft.grpc.flow.control.window = 1MB (=1048576) (default)
2021-07-20 05:55:42,584 [main] INFO  server.RaftServerConfigKeys (ConfUtils.java:logGet(44)) - raft.server.rpc.request.timeout = 30000ms (custom)
2021-07-20 05:55:42,585 [main] INFO  impl.DataStreamServerImpl (ConfUtils.java:logGet(44)) - raft.datastream.type = DISABLED (default)
2021-07-20 05:55:42,586 [main] INFO  server.RaftServerConfigKeys (ConfUtils.java:logGet(44)) - raft.server.rpc.slowness.timeout = 120000ms (custom)
2021-07-20 05:55:42,586 [main] INFO  server.RaftServerConfigKeys (ConfUtils.java:logGet(44)) - raft.server.leaderelection.leader.step-down.wait-time = 10s (default)
2021-07-20 05:55:42,586 [main] INFO  server.RaftServerConfigKeys (ConfUtils.java:logGet(44)) - raft.server.storage.dir = [/home/runner/work/ozone/ozone/mnt/ozone/hadoop-ozone/integration-test/target/test-dir/MiniOzoneClusterImpl-b2c6a007-39d2-4e45-b76c-321c7ba85e11/scmNode-1/scm-ha] (custom)
2021-07-20 05:55:42,587 [main] INFO  server.RaftServer (RaftServerProxy.java:lambda$null$1(235)) - a3de057e-22ba-4f20-867a-3c0291662fe2: found a subdirectory /home/runner/work/ozone/ozone/mnt/ozone/hadoop-ozone/integration-test/target/test-dir/MiniOzoneClusterImpl-b2c6a007-39d2-4e45-b76c-321c7ba85e11/scmNode-1/scm-ha/b2c6a007-39d2-4e45-b76c-321c7ba85e11
2021-07-20 05:55:42,588 [main] INFO  server.RaftServer (RaftServerProxy.java:addNew(95)) - a3de057e-22ba-4f20-867a-3c0291662fe2: addNew group-321C7BA85E11:[] returns group-321C7BA85E11:java.util.concurrent.CompletableFuture@2eda4eeb[Not completed]
2021-07-20 05:55:42,590 [pool-15-thread-1] INFO  server.RaftServer$Division (RaftServerImpl.java:<init>(180)) - a3de057e-22ba-4f20-867a-3c0291662fe2: new RaftServerImpl for group-321C7BA85E11:[] with SCMStateMachine:uninitialized
2021-07-20 05:55:42,591 [pool-15-thread-1] INFO  server.RaftServerConfigKeys (ConfUtils.java:logGet(44)) - raft.server.rpc.timeout.min = 5000ms (custom)
2021-07-20 05:55:42,591 [pool-15-thread-1] INFO  server.RaftServerConfigKeys (ConfUtils.java:logGet(44)) - raft.server.rpc.timeout.max = 5200ms (custom)
2021-07-20 05:55:42,591 [pool-15-thread-1] INFO  server.RaftServerConfigKeys (ConfUtils.java:logGet(44)) - raft.server.rpc.sleep.time = 25ms (default)
2021-07-20 05:55:42,591 [pool-15-thread-1] INFO  server.RaftServerConfigKeys (ConfUtils.java:logGet(44)) - raft.server.rpc.slowness.timeout = 120000ms (custom)
2021-07-20 05:55:42,591 [pool-15-thread-1] INFO  server.RaftServerConfigKeys (ConfUtils.java:logGet(44)) - raft.server.leaderelection.leader.step-down.wait-time = 10s (default)
2021-07-20 05:55:42,591 [pool-15-thread-1] INFO  server.RaftServerConfigKeys (ConfUtils.java:logGet(44)) - raft.server.sleep.deviation.threshold = 300ms (default)
2021-07-20 05:55:42,591 [pool-15-thread-1] INFO  server.RaftServerConfigKeys (ConfUtils.java:logGet(44)) - raft.server.log.appender.install.snapshot.enabled = false (custom)
2021-07-20 05:55:42,592 [pool-15-thread-1] INFO  server.RaftServer$Division (ServerState.java:<init>(105)) - a3de057e-22ba-4f20-867a-3c0291662fe2@group-321C7BA85E11: ConfigurationManager, init=-1: [], old=null, confs=<EMPTY_MAP>
2021-07-20 05:55:42,592 [pool-15-thread-1] INFO  server.RaftServerConfigKeys (ConfUtils.java:logGet(44)) - raft.server.storage.dir = [/home/runner/work/ozone/ozone/mnt/ozone/hadoop-ozone/integration-test/target/test-dir/MiniOzoneClusterImpl-b2c6a007-39d2-4e45-b76c-321c7ba85e11/scmNode-1/scm-ha] (custom)
2021-07-20 05:55:42,592 [pool-15-thread-1] INFO  server.RaftServerConfigKeys (ConfUtils.java:logGet(44)) - raft.server.log.corruption.policy = EXCEPTION (default)
2021-07-20 05:55:42,593 [pool-15-thread-1] INFO  storage.RaftStorageDirectory (RaftStorageDirectoryImpl.java:tryLock(215)) - Lock on /home/runner/work/ozone/ozone/mnt/ozone/hadoop-ozone/integration-test/target/test-dir/MiniOzoneClusterImpl-b2c6a007-39d2-4e45-b76c-321c7ba85e11/scmNode-1/scm-ha/b2c6a007-39d2-4e45-b76c-321c7ba85e11/in_use.lock acquired by nodename 3531@fv-az291-163
2021-07-20 05:55:42,594 [pool-15-thread-1] INFO  storage.RaftStorage (RaftStorageImpl.java:analyzeAndRecoverStorage(108)) - Read RaftStorageMetadata{term=1, votedFor=a3de057e-22ba-4f20-867a-3c0291662fe2} from /home/runner/work/ozone/ozone/mnt/ozone/hadoop-ozone/integration-test/target/test-dir/MiniOzoneClusterImpl-b2c6a007-39d2-4e45-b76c-321c7ba85e11/scmNode-1/scm-ha/b2c6a007-39d2-4e45-b76c-321c7ba85e11/current/raft-meta
2021-07-20 05:55:42,602 [pool-15-thread-1] INFO  server.RaftServer$Division (ServerState.java:setRaftConf(373)) - a3de057e-22ba-4f20-867a-3c0291662fe2@group-321C7BA85E11: set configuration 0: [a3de057e-22ba-4f20-867a-3c0291662fe2|rpc:localhost:13252|admin:|client:|dataStream:|priority:0], old=null
2021-07-20 05:55:42,602 [pool-15-thread-1] INFO  server.RaftServerConfigKeys (ConfUtils.java:logGet(44)) - raft.server.notification.no-leader.timeout = 60s (default)
2021-07-20 05:55:42,602 [pool-15-thread-1] INFO  server.RaftServerConfigKeys (ConfUtils.java:logGet(44)) - raft.server.log.use.memory = false (default)
2021-07-20 05:55:42,602 [pool-15-thread-1] INFO  server.RaftServerConfigKeys (ConfUtils.java:logGet(44)) - raft.server.log.purge.gap = 5 (custom)
2021-07-20 05:55:42,602 [pool-15-thread-1] INFO  server.RaftServerConfigKeys (ConfUtils.java:logGet(44)) - raft.server.log.appender.buffer.byte-limit = 33554432 (custom)
2021-07-20 05:55:42,602 [pool-15-thread-1] INFO  metrics.RatisMetrics (RatisMetrics.java:lambda$create$0(36)) - Creating Metrics Registry : ratis.log_worker.a3de057e-22ba-4f20-867a-3c0291662fe2@group-321C7BA85E11
2021-07-20 05:55:42,602 [pool-15-thread-1] WARN  impl.MetricRegistriesImpl (MetricRegistriesImpl.java:lambda$create$1(65)) - First MetricRegistry has been created without registering reporters. You may need to call MetricRegistries.global().addReporterRegistration(...) before.
2021-07-20 05:55:42,602 [pool-15-thread-1] INFO  server.RaftServerConfigKeys (ConfUtils.java:logGet(44)) - raft.server.log.segment.size.max = 16384 (custom)
2021-07-20 05:55:42,603 [pool-15-thread-1] INFO  server.RaftServerConfigKeys (ConfUtils.java:logGet(44)) - raft.server.log.segment.cache.num.max = 2 (custom)
2021-07-20 05:55:42,603 [pool-15-thread-1] INFO  server.RaftServerConfigKeys (ConfUtils.java:logGet(44)) - raft.server.log.segment.cache.size.max = 200MB (=209715200) (default)
2021-07-20 05:55:42,603 [pool-15-thread-1] INFO  segmented.SegmentedRaftLogWorker (SegmentedRaftLogWorker.java:<init>(182)) - new a3de057e-22ba-4f20-867a-3c0291662fe2@group-321C7BA85E11-SegmentedRaftLogWorker for RaftStorageImpl:Storage Directory /home/runner/work/ozone/ozone/mnt/ozone/hadoop-ozone/integration-test/target/test-dir/MiniOzoneClusterImpl-b2c6a007-39d2-4e45-b76c-321c7ba85e11/scmNode-1/scm-ha/b2c6a007-39d2-4e45-b76c-321c7ba85e11
2021-07-20 05:55:42,603 [pool-15-thread-1] INFO  server.RaftServerConfigKeys (ConfUtils.java:logGet(44)) - raft.server.log.queue.byte-limit = 64MB (=67108864) (default)
2021-07-20 05:55:42,603 [pool-15-thread-1] INFO  server.RaftServerConfigKeys (ConfUtils.java:logGet(44)) - raft.server.log.queue.element-limit = 4096 (default)
2021-07-20 05:55:42,603 [pool-15-thread-1] INFO  server.RaftServerConfigKeys (ConfUtils.java:logGet(44)) - raft.server.log.segment.size.max = 16384 (custom)
2021-07-20 05:55:42,603 [pool-15-thread-1] INFO  server.RaftServerConfigKeys (ConfUtils.java:logGet(44)) - raft.server.log.preallocated.size = 16384 (custom)
2021-07-20 05:55:42,603 [pool-15-thread-1] INFO  server.RaftServerConfigKeys (ConfUtils.java:logGet(44)) - raft.server.log.force.sync.num = 128 (default)
2021-07-20 05:55:42,604 [pool-15-thread-1] INFO  server.RaftServerConfigKeys (ConfUtils.java:logGet(44)) - raft.server.log.statemachine.data.sync = true (default)
2021-07-20 05:55:42,604 [pool-15-thread-1] INFO  server.RaftServerConfigKeys (ConfUtils.java:logGet(44)) - raft.server.log.statemachine.data.sync.timeout = 10s (default)
2021-07-20 05:55:42,604 [pool-15-thread-1] INFO  server.RaftServerConfigKeys (ConfUtils.java:logGet(44)) - raft.server.log.statemachine.data.sync.timeout.retry = -1 (default)
2021-07-20 05:55:42,604 [pool-15-thread-1] INFO  server.RaftServerConfigKeys (ConfUtils.java:logGet(44)) - raft.server.log.write.buffer.size = 64KB (=65536) (default)
2021-07-20 05:55:42,604 [pool-15-thread-1] INFO  server.RaftServerConfigKeys (ConfUtils.java:logGet(44)) - raft.server.log.statemachine.data.caching.enabled = false (default)
2021-07-20 05:55:42,609 [pool-15-thread-1] INFO  server.RaftServer$Division (ServerState.java:setRaftConf(373)) - a3de057e-22ba-4f20-867a-3c0291662fe2@group-321C7BA85E11: set configuration 0: [a3de057e-22ba-4f20-867a-3c0291662fe2|rpc:localhost:13252|admin:|client:|dataStream:|priority:0], old=null
2021-07-20 05:55:42,610 [pool-15-thread-1] INFO  segmented.LogSegment (LogSegment.java:loadSegment(173)) - Successfully read 1 entries from segment file /home/runner/work/ozone/ozone/mnt/ozone/hadoop-ozone/integration-test/target/test-dir/MiniOzoneClusterImpl-b2c6a007-39d2-4e45-b76c-321c7ba85e11/scmNode-1/scm-ha/b2c6a007-39d2-4e45-b76c-321c7ba85e11/current/log_inprogress_0
2021-07-20 05:55:42,610 [pool-15-thread-1] INFO  segmented.SegmentedRaftLogWorker (SegmentedRaftLogWorker.java:lambda$new$0(133)) - a3de057e-22ba-4f20-867a-3c0291662fe2@group-321C7BA85E11-SegmentedRaftLogWorker: flushIndex: setUnconditionally 0 -> 0
2021-07-20 05:55:42,611 [pool-15-thread-1] INFO  segmented.SegmentedRaftLogWorker (SegmentedRaftLogWorker.java:lambda$new$0(133)) - a3de057e-22ba-4f20-867a-3c0291662fe2@group-321C7BA85E11-SegmentedRaftLogWorker: safeCacheEvictIndex: setUnconditionally 0 -> -1
2021-07-20 05:55:42,612 [pool-15-thread-1] INFO  server.RaftServerConfigKeys (ConfUtils.java:logGet(44)) - raft.server.snapshot.auto.trigger.enabled = true (custom)
2021-07-20 05:55:42,612 [pool-15-thread-1] INFO  server.RaftServerConfigKeys (ConfUtils.java:logGet(44)) - raft.server.snapshot.auto.trigger.threshold = 5 (custom)
2021-07-20 05:55:42,612 [pool-15-thread-1] INFO  server.RaftServerConfigKeys (ConfUtils.java:logGet(44)) - raft.server.snapshot.retention.file.num = -1 (default)
2021-07-20 05:55:42,612 [pool-15-thread-1] INFO  server.RaftServerConfigKeys (ConfUtils.java:logGet(44)) - raft.server.log.purge.upto.snapshot.index = true (custom)
2021-07-20 05:55:42,612 [pool-15-thread-1] INFO  server.RaftServerConfigKeys (ConfUtils.java:logGet(44)) - raft.server.retrycache.expirytime = 60000ms (default)
2021-07-20 05:55:42,612 [pool-15-thread-1] INFO  server.RaftServerConfigKeys (ConfUtils.java:logGet(44)) - raft.server.retrycache.statistics.expirytime = 100μs (default)
2021-07-20 05:55:42,613 [pool-15-thread-1] INFO  metrics.RatisMetrics (RatisMetrics.java:lambda$create$0(36)) - Creating Metrics Registry : ratis.leader_election.a3de057e-22ba-4f20-867a-3c0291662fe2@group-321C7BA85E11
2021-07-20 05:55:42,613 [pool-15-thread-1] WARN  impl.MetricRegistriesImpl (MetricRegistriesImpl.java:lambda$create$1(65)) - First MetricRegistry has been created without registering reporters. You may need to call MetricRegistries.global().addReporterRegistration(...) before.
2021-07-20 05:55:42,613 [pool-15-thread-1] INFO  metrics.RatisMetrics (RatisMetrics.java:lambda$create$0(36)) - Creating Metrics Registry : ratis.server.a3de057e-22ba-4f20-867a-3c0291662fe2@group-321C7BA85E11
2021-07-20 05:55:42,613 [pool-15-thread-1] WARN  impl.MetricRegistriesImpl (MetricRegistriesImpl.java:lambda$create$1(65)) - First MetricRegistry has been created without registering reporters. You may need to call MetricRegistries.global().addReporterRegistration(...) before.
2021-07-20 05:55:42,615 [main] INFO  ha.SCMSnapshotProvider (SCMSnapshotProvider.java:<init>(66)) - Initializing SCM Snapshot Provider
2021-07-20 05:55:42,615 [main] WARN  server.ServerUtils (ServerUtils.java:getDefaultRatisDirectory(237)) - Storage directory for Ratis is not configured. It is a good idea to map this to an SSD disk. Falling back to ozone.metadata.dirs
2021-07-20 05:55:42,616 [main] WARN  ha.SCMHAUtils (SCMHAUtils.java:getSCMRatisSnapshotDirectory(142)) - SCM snapshot dir is not configured. Falling back to ozone.metadata.dirs config
2021-07-20 05:55:42,639 [main] INFO  ha.SequenceIdGenerator (SequenceIdGenerator.java:upgradeToSequenceId(327)) - upgrade localId to 107544261427200000
2021-07-20 05:55:42,640 [main] INFO  ha.SequenceIdGenerator (SequenceIdGenerator.java:upgradeToSequenceId(337)) - upgrade delTxnId to 0
2021-07-20 05:55:42,643 [main] INFO  ha.SequenceIdGenerator (SequenceIdGenerator.java:upgradeToSequenceId(351)) - upgrade containerId to 0
2021-07-20 05:55:42,645 [main] INFO  ha.SequenceIdGenerator (SequenceIdGenerator.java:<init>(217)) - Init the HA SequenceIdGenerator.
2021-07-20 05:55:42,779 [main] INFO  node.SCMNodeManager (SCMNodeManager.java:<init>(141)) - Entering startup safe mode.
2021-07-20 05:55:42,831 [main] INFO  algorithms.ContainerPlacementPolicyFactory (ContainerPlacementPolicyFactory.java:getPolicy(60)) - Create container placement policy of type org.apache.hadoop.hdds.scm.container.placement.algorithms.SCMContainerPlacementRandom
2021-07-20 05:55:42,842 [main] INFO  pipeline.PipelineStateManager (PipelineStateManagerV2Impl.java:initialize(78)) - No pipeline exists in current db
2021-07-20 05:55:42,873 [main] INFO  algorithms.LeaderChoosePolicyFactory (LeaderChoosePolicyFactory.java:getPolicy(57)) - Create leader choose policy of type org.apache.hadoop.hdds.scm.pipeline.leader.choose.algorithms.MinLeaderCountChoosePolicy
2021-07-20 05:55:42,880 [main] INFO  ha.SCMServiceManager (SCMServiceManager.java:register(43)) - Registering service BackgroundPipelineCreator.
2021-07-20 05:55:42,880 [main] INFO  pipeline.BackgroundPipelineCreator (BackgroundPipelineCreatorV2.java:start(130)) - Starting RatisPipelineUtilsThread.
2021-07-20 05:55:42,911 [main] INFO  algorithms.PipelineChoosePolicyFactory (PipelineChoosePolicyFactory.java:createPipelineChoosePolicyFromClass(73)) - Create pipeline choose policy of type org.apache.hadoop.hdds.scm.pipeline.choose.algorithms.RandomPipelineChoosePolicy
2021-07-20 05:55:42,926 [main] INFO  ha.SCMServiceManager (SCMServiceManager.java:register(43)) - Registering service SCMBlockDeletingService.
2021-07-20 05:55:42,939 [main] INFO  ha.SCMServiceManager (SCMServiceManager.java:register(43)) - Registering service ReplicationManager.
2021-07-20 05:55:42,943 [main] INFO  container.ReplicationManager (ReplicationManager.java:start(288)) - Starting Replication Monitor Thread.
2021-07-20 05:55:42,960 [ReplicationMonitor] INFO  container.ReplicationManager (ReplicationManager.java:run(355)) - Replication Monitor Thread took 6 milliseconds for processing 0 containers.
2021-07-20 05:55:42,969 [main] INFO  safemode.ContainerSafeModeRule (ContainerSafeModeRule.java:<init>(89)) - containers with one replica threshold count 0
2021-07-20 05:55:42,972 [main] INFO  safemode.HealthyPipelineSafeModeRule (HealthyPipelineSafeModeRule.java:initializeRule(156)) - Total pipeline count is 0, healthy pipeline threshold count is 1
2021-07-20 05:55:42,974 [main] INFO  safemode.OneReplicaPipelineSafeModeRule (OneReplicaPipelineSafeModeRule.java:initializeRule(180)) - Total pipeline count is 0, pipeline's with at least one datanode reported threshold count is 0
2021-07-20 05:55:43,353 [main] INFO  ipc.CallQueueManager (CallQueueManager.java:<init>(90)) - Using callQueue: class java.util.concurrent.LinkedBlockingQueue, queueCapacity: 10000, scheduler: class org.apache.hadoop.ipc.DefaultRpcScheduler, ipcBackoff: false.
2021-07-20 05:55:43,391 [Socket Reader #1 for port 13253] INFO  ipc.Server (Server.java:run(1265)) - Starting Socket Reader #1 for port 13253
2021-07-20 05:55:43,443 [Listener at 0.0.0.0/13253] INFO  ipc.CallQueueManager (CallQueueManager.java:<init>(90)) - Using callQueue: class java.util.concurrent.LinkedBlockingQueue, queueCapacity: 10000, scheduler: class org.apache.hadoop.ipc.DefaultRpcScheduler, ipcBackoff: false.
2021-07-20 05:55:43,444 [Socket Reader #1 for port 13254] INFO  ipc.Server (Server.java:run(1265)) - Starting Socket Reader #1 for port 13254
2021-07-20 05:55:43,470 [Listener at 0.0.0.0/13254] INFO  ipc.CallQueueManager (CallQueueManager.java:<init>(90)) - Using callQueue: class java.util.concurrent.LinkedBlockingQueue, queueCapacity: 10000, scheduler: class org.apache.hadoop.ipc.DefaultRpcScheduler, ipcBackoff: false.
2021-07-20 05:55:43,478 [Socket Reader #1 for port 13255] INFO  ipc.Server (Server.java:run(1265)) - Starting Socket Reader #1 for port 13255
2021-07-20 05:55:43,551 [Listener at 0.0.0.0/13255] INFO  server.StorageContainerManager (StorageContainerManager.java:<init>(380)) - 
Container Balancer status:
Key                            Value
Running                        true
Container Balancer Configuration values:
Key                            Value
Threshold                      0.1
Max Datanodes to Balance       5
Max Size to Move               10737418240B

2021-07-20 05:55:43,551 [Listener at 0.0.0.0/13255] WARN  events.EventQueue (EventQueue.java:fireEvent(194)) - No event handler registered for event TypedEvent{payloadType=SafeModeStatus, name='Safe mode status'}
2021-07-20 05:55:43,552 [Listener at 0.0.0.0/13255] INFO  ha.SCMContext (SCMContext.java:updateSafeModeStatus(205)) - Update SafeModeStatus from SafeModeStatus{safeModeStatus=true, preCheckPassed=false} to SafeModeStatus{safeModeStatus=true, preCheckPassed=false}.
2021-07-20 05:55:43,554 [Listener at 0.0.0.0/13255] INFO  server.StorageContainerManager (StorageContainerManager.java:start(1245)) - StorageContainerLocationProtocol RPC server is listening at /0.0.0.0:13255
2021-07-20 05:55:43,557 [Listener at 0.0.0.0/13255] INFO  ha.SCMRatisServerImpl (SCMRatisServerImpl.java:start(170)) - starting ratis server 0.0.0.0:13252
2021-07-20 05:55:43,557 [Listener at 0.0.0.0/13255] INFO  server.RaftServer$Division (RaftServerImpl.java:start(295)) - a3de057e-22ba-4f20-867a-3c0291662fe2@group-321C7BA85E11: start as a follower, conf=0: [a3de057e-22ba-4f20-867a-3c0291662fe2|rpc:localhost:13252|admin:|client:|dataStream:|priority:0], old=null
2021-07-20 05:55:43,557 [Listener at 0.0.0.0/13255] INFO  server.RaftServer$Division (RaftServerImpl.java:setRole(284)) - a3de057e-22ba-4f20-867a-3c0291662fe2@group-321C7BA85E11: changes role from      null to FOLLOWER at term 1 for startAsFollower
2021-07-20 05:55:43,558 [Listener at 0.0.0.0/13255] INFO  impl.RoleInfo (RoleInfo.java:updateAndGet(130)) - a3de057e-22ba-4f20-867a-3c0291662fe2: start a3de057e-22ba-4f20-867a-3c0291662fe2@group-321C7BA85E11-FollowerState
2021-07-20 05:55:43,559 [Listener at 0.0.0.0/13255] INFO  util.JmxRegister (JmxRegister.java:tryRegister(44)) - Successfully registered JMX Bean with object name Ratis:service=RaftServer,group=group-321C7BA85E11,id=a3de057e-22ba-4f20-867a-3c0291662fe2
2021-07-20 05:55:43,559 [Listener at 0.0.0.0/13255] INFO  metrics.RatisMetrics (RatisMetrics.java:lambda$create$0(36)) - Creating Metrics Registry : ratis.state_machine.a3de057e-22ba-4f20-867a-3c0291662fe2@group-321C7BA85E11
2021-07-20 05:55:43,559 [Listener at 0.0.0.0/13255] WARN  impl.MetricRegistriesImpl (MetricRegistriesImpl.java:lambda$create$1(65)) - First MetricRegistry has been created without registering reporters. You may need to call MetricRegistries.global().addReporterRegistration(...) before.
2021-07-20 05:55:43,564 [Listener at 0.0.0.0/13255] INFO  server.RaftServer (RaftServerProxy.java:lambda$start$5(374)) - a3de057e-22ba-4f20-867a-3c0291662fe2: start RPC server
2021-07-20 05:55:43,565 [Listener at 0.0.0.0/13255] INFO  server.GrpcService (GrpcService.java:startImpl(253)) - a3de057e-22ba-4f20-867a-3c0291662fe2: GrpcService started, listening on 13252
2021-07-20 05:55:43,567 [Listener at 0.0.0.0/13255] INFO  ha.SCMHAManagerImpl (SCMHAManagerImpl.java:start(120)) -  scm role is FOLLOWER peers [a3de057e-22ba-4f20-867a-3c0291662fe2|rpc:localhost:13252|admin:|client:|dataStream:|priority:0]
2021-07-20 05:55:43,568 [Listener at 0.0.0.0/13255] INFO  ha.InterSCMGrpcService (InterSCMGrpcProtocolService.java:start(94)) - Starting SCM Grpc Service at port 13256
2021-07-20 05:55:43,579 [org.apache.ratis.util.JvmPauseMonitor$$Lambda$496/1294139740@73852720] INFO  util.JvmPauseMonitor (JvmPauseMonitor.java:run(103)) - JvmPauseMonitor-a3de057e-22ba-4f20-867a-3c0291662fe2: Started
2021-07-20 05:55:43,641 [Listener at 0.0.0.0/13255] WARN  impl.MetricsConfig (MetricsConfig.java:loadFirst(136)) - Cannot locate configuration: tried hadoop-metrics2-storagecontainermanager.properties,hadoop-metrics2.properties
2021-07-20 05:55:43,655 [Listener at 0.0.0.0/13255] INFO  impl.MetricsSystemImpl (MetricsSystemImpl.java:startTimer(378)) - Scheduled Metric snapshot period at 10 second(s).
2021-07-20 05:55:43,655 [Listener at 0.0.0.0/13255] INFO  impl.MetricsSystemImpl (MetricsSystemImpl.java:start(191)) - StorageContainerManager metrics system started
2021-07-20 05:55:43,933 [Listener at 0.0.0.0/13255] INFO  server.SCMClientProtocolServer (SCMClientProtocolServer.java:start(165)) - RPC server for Client  is listening at /0.0.0.0:13255
2021-07-20 05:55:43,935 [IPC Server Responder] INFO  ipc.Server (Server.java:run(1507)) - IPC Server Responder: starting
2021-07-20 05:55:43,961 [Listener at 0.0.0.0/13255] INFO  server.StorageContainerManager (StorageContainerManager.java:start(1260)) - ScmBlockLocationProtocol RPC server is listening at /0.0.0.0:13254
2021-07-20 05:55:43,962 [Listener at 0.0.0.0/13255] INFO  server.SCMBlockProtocolServer (SCMBlockProtocolServer.java:start(151)) - RPC server for Block Protocol is listening at /0.0.0.0:13254
2021-07-20 05:55:43,962 [IPC Server Responder] INFO  ipc.Server (Server.java:run(1507)) - IPC Server Responder: starting
2021-07-20 05:55:43,963 [IPC Server listener on 13254] INFO  ipc.Server (Server.java:run(1344)) - IPC Server listener on 13254: starting
2021-07-20 05:55:43,964 [IPC Server listener on 13255] INFO  ipc.Server (Server.java:run(1344)) - IPC Server listener on 13255: starting
2021-07-20 05:55:43,991 [Listener at 0.0.0.0/13255] INFO  server.StorageContainerManager (StorageContainerManager.java:start(1266)) - ScmDatanodeProtocl RPC server is listening at /0.0.0.0:13253
2021-07-20 05:55:44,027 [org.apache.hadoop.util.JvmPauseMonitor$Monitor@2568611c] INFO  util.JvmPauseMonitor (JvmPauseMonitor.java:run(188)) - Starting JVM pause monitor
2021-07-20 05:55:44,030 [Listener at 0.0.0.0/13255] INFO  http.BaseHttpServer (BaseHttpServer.java:newHttpServer2BuilderForOzone(209)) - Starting Web-server for scm at: http://0.0.0.0:13250
2021-07-20 05:55:44,030 [Listener at 0.0.0.0/13255] INFO  http.BaseHttpServer (BaseHttpServer.java:<init>(107)) - Hadoop Security Enabled: false Ozone Security Enabled: false Ozone HTTP Security Enabled: false 
2021-07-20 05:55:44,060 [Listener at 0.0.0.0/13255] INFO  util.log (Log.java:initialized(169)) - Logging initialized @10609ms to org.eclipse.jetty.util.log.Slf4jLog
2021-07-20 05:55:44,183 [Listener at 0.0.0.0/13255] INFO  server.AuthenticationFilter (AuthenticationFilter.java:constructSecretProvider(240)) - Unable to initialize FileSignerSecretProvider, falling back to use random secrets.
2021-07-20 05:55:44,193 [Listener at 0.0.0.0/13255] WARN  http.HttpRequestLog (HttpRequestLog.java:getRequestLog(103)) - Jetty request log can only be enabled using Log4j
2021-07-20 05:55:44,203 [Listener at 0.0.0.0/13255] INFO  http.HttpServer2 (HttpServer2.java:addGlobalFilter(1020)) - Added global filter 'safety' (class=org.apache.hadoop.hdds.server.http.HttpServer2$QuotingInputFilter)
2021-07-20 05:55:44,205 [Listener at 0.0.0.0/13255] INFO  http.HttpServer2 (HttpServer2.java:addFilter(996)) - Added filter static_user_filter (class=org.apache.hadoop.http.lib.StaticUserWebFilter$StaticUserFilter) to context scm
2021-07-20 05:55:44,205 [Listener at 0.0.0.0/13255] INFO  http.HttpServer2 (HttpServer2.java:addFilter(1004)) - Added filter static_user_filter (class=org.apache.hadoop.http.lib.StaticUserWebFilter$StaticUserFilter) to context logs
2021-07-20 05:55:44,206 [Listener at 0.0.0.0/13255] INFO  http.HttpServer2 (HttpServer2.java:addFilter(1004)) - Added filter static_user_filter (class=org.apache.hadoop.http.lib.StaticUserWebFilter$StaticUserFilter) to context static
2021-07-20 05:55:44,257 [Listener at 0.0.0.0/13255] INFO  http.HttpServer2 (HttpServer2.java:bindListener(1238)) - Jetty bound to port 13250
2021-07-20 05:55:44,259 [Listener at 0.0.0.0/13255] INFO  server.Server (Server.java:doStart(375)) - jetty-9.4.35.v20201120; built: 2020-11-20T21:17:03.964Z; git: bdc54f03a5e0a7e280fab27f55c3c75ee8da89fb; jvm 1.8.0_292-b10
2021-07-20 05:55:44,294 [Listener at 0.0.0.0/13255] INFO  server.session (DefaultSessionIdManager.java:doStart(334)) - DefaultSessionIdManager workerName=node0
2021-07-20 05:55:44,294 [Listener at 0.0.0.0/13255] INFO  server.session (DefaultSessionIdManager.java:doStart(339)) - No SessionScavenger set, using defaults
2021-07-20 05:55:44,296 [Listener at 0.0.0.0/13255] INFO  server.session (HouseKeeper.java:startScavenging(132)) - node0 Scavenging every 600000ms
2021-07-20 05:55:44,310 [Listener at 0.0.0.0/13255] INFO  handler.ContextHandler (ContextHandler.java:doStart(916)) - Started o.e.j.s.ServletContextHandler@2d02a066{logs,/logs,file:///home/runner/work/ozone/ozone/mnt/ozone/hadoop-ozone/integration-test/target/log,AVAILABLE}
2021-07-20 05:55:44,310 [Listener at 0.0.0.0/13255] INFO  handler.ContextHandler (ContextHandler.java:doStart(916)) - Started o.e.j.s.ServletContextHandler@2e09e367{static,/static,file:///home/runner/work/ozone/ozone/mnt/ozone/hadoop-ozone/integration-test/target/test-classes/webapps/static,AVAILABLE}
2021-07-20 05:55:44,369 [Listener at 0.0.0.0/13255] INFO  handler.ContextHandler (ContextHandler.java:doStart(916)) - Started o.e.j.w.WebAppContext@7fff419d{scm,/,file:///home/runner/work/ozone/ozone/mnt/ozone/hadoop-ozone/integration-test/target/test-classes/webapps/scm/,AVAILABLE}{file:/home/runner/work/ozone/ozone/mnt/ozone/hadoop-ozone/integration-test/target/test-classes/webapps/scm}
2021-07-20 05:55:44,379 [Listener at 0.0.0.0/13255] INFO  server.AbstractConnector (AbstractConnector.java:doStart(331)) - Started ServerConnector@2ec23ec3{HTTP/1.1, (http/1.1)}{0.0.0.0:13250}
2021-07-20 05:55:44,380 [Listener at 0.0.0.0/13255] INFO  server.Server (Server.java:doStart(415)) - Started @10929ms
2021-07-20 05:55:44,382 [Listener at 0.0.0.0/13255] INFO  impl.MetricsSinkAdapter (MetricsSinkAdapter.java:start(204)) - Sink prometheus started
2021-07-20 05:55:44,383 [Listener at 0.0.0.0/13255] INFO  impl.MetricsSystemImpl (MetricsSystemImpl.java:registerSink(305)) - Registered sink prometheus
2021-07-20 05:55:44,384 [Listener at 0.0.0.0/13255] INFO  http.BaseHttpServer (BaseHttpServer.java:updateConnectorAddress(329)) - HTTP server of scm listening at http://0.0.0.0:13250
2021-07-20 05:55:44,384 [Listener at 0.0.0.0/13255] INFO  ozone.MiniOzoneHAClusterImpl (MiniOzoneHAClusterImpl.java:createSCMService(548)) - Started SCM RPC server at org.apache.hadoop.hdds.scm.server.SCMClientProtocolServer@523f3c29
2021-07-20 05:55:44,403 [Listener at 0.0.0.0/13255] INFO  ha.SCMHANodeDetails (SCMHANodeDetails.java:loadSCMHAConfig(157)) - ServiceID for StorageContainerManager is scm-service-test1
2021-07-20 05:55:44,403 [Listener at 0.0.0.0/13255] INFO  ha.SCMHANodeDetails (SCMHANodeDetails.java:loadSCMHAConfig(168)) - ServiceID for StorageContainerManager is scm-service-test1
2021-07-20 05:55:44,403 [Listener at 0.0.0.0/13255] WARN  scm.ScmUtils (ScmUtils.java:logWarn(179)) - ConfigKey ozone.scm.block.client.address is deprecated, For configuring different ports for each SCM use PortConfigKey ozone.scm.block.client.port appended with serviceId and nodeId. If want to configure same port configure ozone.scm.block.client.port
2021-07-20 05:55:44,404 [Listener at 0.0.0.0/13255] WARN  scm.ScmUtils (ScmUtils.java:logWarn(179)) - ConfigKey ozone.scm.client.address is deprecated, For configuring different ports for each SCM use PortConfigKey ozone.scm.client.port appended with serviceId and nodeId. If want to configure same port configure ozone.scm.client.port
2021-07-20 05:55:44,404 [Listener at 0.0.0.0/13255] WARN  scm.ScmUtils (ScmUtils.java:logWarn(179)) - ConfigKey ozone.scm.datanode.address is deprecated, For configuring different ports for each SCM use PortConfigKey ozone.scm.datanode.port appended with serviceId and nodeId. If want to configure same port configure ozone.scm.datanode.port
2021-07-20 05:55:44,404 [Listener at 0.0.0.0/13255] WARN  scm.ScmUtils (ScmUtils.java:logWarn(179)) - ConfigKey ozone.scm.block.client.address is deprecated, For configuring different ports for each SCM use PortConfigKey ozone.scm.block.client.port appended with serviceId and nodeId. If want to configure same port configure ozone.scm.block.client.port
2021-07-20 05:55:44,404 [Listener at 0.0.0.0/13255] WARN  scm.ScmUtils (ScmUtils.java:logWarn(179)) - ConfigKey ozone.scm.client.address is deprecated, For configuring different ports for each SCM use PortConfigKey ozone.scm.client.port appended with serviceId and nodeId. If want to configure same port configure ozone.scm.client.port
2021-07-20 05:55:44,405 [Listener at 0.0.0.0/13255] WARN  scm.ScmUtils (ScmUtils.java:logWarn(179)) - ConfigKey ozone.scm.datanode.address is deprecated, For configuring different ports for each SCM use PortConfigKey ozone.scm.datanode.port appended with serviceId and nodeId. If want to configure same port configure ozone.scm.datanode.port
2021-07-20 05:55:44,405 [Listener at 0.0.0.0/13255] INFO  ha.SCMHANodeDetails (SCMHANodeDetails.java:loadSCMHAConfig(250)) - Found matching SCM address with SCMServiceId: scm-service-test1, SCMNodeId: scmNode-2, RPC Address: localhost:13262 and Ratis port: 13262
2021-07-20 05:55:44,405 [Listener at 0.0.0.0/13255] INFO  ha.SCMHANodeDetails (ConfUtils.java:setNodeSpecificConfigs(108)) - Setting configuration key ozone.scm.datanode.address with value of key ozone.scm.datanode.address.scm-service-test1.scmNode-2: 127.0.0.1:13263
2021-07-20 05:55:44,405 [Listener at 0.0.0.0/13255] INFO  ha.SCMHANodeDetails (ConfUtils.java:setNodeSpecificConfigs(108)) - Setting configuration key ozone.scm.block.client.address with value of key ozone.scm.block.client.address.scm-service-test1.scmNode-2: 127.0.0.1:13264
2021-07-20 05:55:44,405 [Listener at 0.0.0.0/13255] INFO  ha.SCMHANodeDetails (ConfUtils.java:setNodeSpecificConfigs(108)) - Setting configuration key ozone.scm.client.address with value of key ozone.scm.client.address.scm-service-test1.scmNode-2: 127.0.0.1:13265
2021-07-20 05:55:44,406 [Listener at 0.0.0.0/13255] INFO  ha.SCMHANodeDetails (ConfUtils.java:setNodeSpecificConfigs(108)) - Setting configuration key ozone.scm.ratis.port with value of key ozone.scm.ratis.port.scm-service-test1.scmNode-2: 13262
2021-07-20 05:55:44,406 [Listener at 0.0.0.0/13255] INFO  ha.SCMHANodeDetails (ConfUtils.java:setNodeSpecificConfigs(108)) - Setting configuration key ozone.scm.grpc.port with value of key ozone.scm.grpc.port.scm-service-test1.scmNode-2: 13266
2021-07-20 05:55:44,406 [Listener at 0.0.0.0/13255] INFO  ha.SCMHANodeDetails (ConfUtils.java:setNodeSpecificConfigs(108)) - Setting configuration key ozone.scm.http-address with value of key ozone.scm.http-address.scm-service-test1.scmNode-2: 127.0.0.1:13260
2021-07-20 05:55:44,406 [Listener at 0.0.0.0/13255] INFO  ha.SCMHANodeDetails (ConfUtils.java:setNodeSpecificConfigs(108)) - Setting configuration key ozone.scm.https-address with value of key ozone.scm.https-address.scm-service-test1.scmNode-2: 127.0.0.1:13261
2021-07-20 05:55:44,406 [Listener at 0.0.0.0/13255] INFO  ha.SCMHANodeDetails (ConfUtils.java:setNodeSpecificConfigs(108)) - Setting configuration key ozone.scm.address with value of key ozone.scm.address.scm-service-test1.scmNode-2: 127.0.0.1
2021-07-20 05:55:44,406 [Listener at 0.0.0.0/13255] WARN  scm.ScmUtils (ScmUtils.java:logWarn(179)) - ConfigKey ozone.scm.block.client.address is deprecated, For configuring different ports for each SCM use PortConfigKey ozone.scm.block.client.port appended with serviceId and nodeId. If want to configure same port configure ozone.scm.block.client.port
2021-07-20 05:55:44,407 [Listener at 0.0.0.0/13255] WARN  scm.ScmUtils (ScmUtils.java:logWarn(179)) - ConfigKey ozone.scm.client.address is deprecated, For configuring different ports for each SCM use PortConfigKey ozone.scm.client.port appended with serviceId and nodeId. If want to configure same port configure ozone.scm.client.port
2021-07-20 05:55:44,407 [Listener at 0.0.0.0/13255] WARN  scm.ScmUtils (ScmUtils.java:logWarn(179)) - ConfigKey ozone.scm.datanode.address is deprecated, For configuring different ports for each SCM use PortConfigKey ozone.scm.datanode.port appended with serviceId and nodeId. If want to configure same port configure ozone.scm.datanode.port
2021-07-20 05:55:44,407 [Listener at 0.0.0.0/13255] WARN  server.ServerUtils (ServerUtils.java:getScmDbDir(148)) - ozone.scm.db.dirs is not configured. We recommend adding this setting. Falling back to ozone.metadata.dirs instead.
2021-07-20 05:55:44,416 [Listener at 0.0.0.0/13255] INFO  ha.SCMNodeInfo (SCMNodeInfo.java:getPort(197)) - ConfigKey ozone.scm.client.address is deprecated, For configuring different ports for each SCM use PortConfigKey ozone.scm.client.port appended with serviceId and nodeId
2021-07-20 05:55:44,416 [Listener at 0.0.0.0/13255] INFO  ha.SCMNodeInfo (SCMNodeInfo.java:getPort(197)) - ConfigKey ozone.scm.block.client.address is deprecated, For configuring different ports for each SCM use PortConfigKey ozone.scm.block.client.port appended with serviceId and nodeId
2021-07-20 05:55:44,416 [Listener at 0.0.0.0/13255] INFO  ha.SCMNodeInfo (SCMNodeInfo.java:getPort(197)) - ConfigKey ozone.scm.datanode.address is deprecated, For configuring different ports for each SCM use PortConfigKey ozone.scm.datanode.port appended with serviceId and nodeId
2021-07-20 05:55:44,416 [Listener at 0.0.0.0/13255] INFO  ha.SCMNodeInfo (SCMNodeInfo.java:getPort(197)) - ConfigKey ozone.scm.client.address is deprecated, For configuring different ports for each SCM use PortConfigKey ozone.scm.client.port appended with serviceId and nodeId
2021-07-20 05:55:44,416 [Listener at 0.0.0.0/13255] INFO  ha.SCMNodeInfo (SCMNodeInfo.java:getPort(197)) - ConfigKey ozone.scm.block.client.address is deprecated, For configuring different ports for each SCM use PortConfigKey ozone.scm.block.client.port appended with serviceId and nodeId
2021-07-20 05:55:44,417 [Listener at 0.0.0.0/13255] INFO  ha.SCMNodeInfo (SCMNodeInfo.java:getPort(197)) - ConfigKey ozone.scm.datanode.address is deprecated, For configuring different ports for each SCM use PortConfigKey ozone.scm.datanode.port appended with serviceId and nodeId
2021-07-20 05:55:44,417 [Listener at 0.0.0.0/13255] INFO  ha.SCMNodeInfo (SCMNodeInfo.java:getPort(197)) - ConfigKey ozone.scm.client.address is deprecated, For configuring different ports for each SCM use PortConfigKey ozone.scm.client.port appended with serviceId and nodeId
2021-07-20 05:55:44,417 [Listener at 0.0.0.0/13255] INFO  ha.SCMNodeInfo (SCMNodeInfo.java:getPort(197)) - ConfigKey ozone.scm.block.client.address is deprecated, For configuring different ports for each SCM use PortConfigKey ozone.scm.block.client.port appended with serviceId and nodeId
2021-07-20 05:55:44,417 [Listener at 0.0.0.0/13255] INFO  ha.SCMNodeInfo (SCMNodeInfo.java:getPort(197)) - ConfigKey ozone.scm.datanode.address is deprecated, For configuring different ports for each SCM use PortConfigKey ozone.scm.datanode.port appended with serviceId and nodeId
2021-07-20 05:55:46,685 [Listener at 0.0.0.0/13255] INFO  retry.RetryInvocationHandler (RetryInvocationHandler.java:log(411)) - com.google.protobuf.ServiceException: java.net.ConnectException: Call From fv-az291-163/10.1.0.42 to localhost:13264 failed on connection exception: java.net.ConnectException: Connection refused; For more details see:  http://wiki.apache.org/hadoop/ConnectionRefused, while invoking $Proxy38.send over nodeId=scmNode-2,nodeAddress=/127.0.0.1:13264 after 1 failover attempts. Trying to failover after sleeping for 2000ms.
2021-07-20 05:55:48,687 [Listener at 0.0.0.0/13255] INFO  retry.RetryInvocationHandler (RetryInvocationHandler.java:log(411)) - com.google.protobuf.ServiceException: java.net.ConnectException: Call From fv-az291-163/10.1.0.42 to localhost:13274 failed on connection exception: java.net.ConnectException: Connection refused; For more details see:  http://wiki.apache.org/hadoop/ConnectionRefused, while invoking $Proxy38.send over nodeId=scmNode-3,nodeAddress=/127.0.0.1:13274 after 2 failover attempts. Trying to failover after sleeping for 2000ms.
2021-07-20 05:55:48,720 [a3de057e-22ba-4f20-867a-3c0291662fe2@group-321C7BA85E11-FollowerState] INFO  impl.FollowerState (FollowerState.java:run(134)) - a3de057e-22ba-4f20-867a-3c0291662fe2@group-321C7BA85E11-FollowerState: change to CANDIDATE, lastRpcElapsedTime:5162403761ns, electionTimeout:5155ms
2021-07-20 05:55:48,721 [a3de057e-22ba-4f20-867a-3c0291662fe2@group-321C7BA85E11-FollowerState] INFO  impl.RoleInfo (RoleInfo.java:shutdownFollowerState(108)) - a3de057e-22ba-4f20-867a-3c0291662fe2: shutdown a3de057e-22ba-4f20-867a-3c0291662fe2@group-321C7BA85E11-FollowerState
2021-07-20 05:55:48,721 [a3de057e-22ba-4f20-867a-3c0291662fe2@group-321C7BA85E11-FollowerState] INFO  server.RaftServer$Division (RaftServerImpl.java:setRole(284)) - a3de057e-22ba-4f20-867a-3c0291662fe2@group-321C7BA85E11: changes role from  FOLLOWER to CANDIDATE at term 1 for changeToCandidate
2021-07-20 05:55:48,721 [a3de057e-22ba-4f20-867a-3c0291662fe2@group-321C7BA85E11-FollowerState] INFO  server.RaftServerConfigKeys (ConfUtils.java:logGet(44)) - raft.server.leaderelection.pre-vote = false (custom)
2021-07-20 05:55:48,722 [a3de057e-22ba-4f20-867a-3c0291662fe2@group-321C7BA85E11-FollowerState] INFO  impl.RoleInfo (RoleInfo.java:updateAndGet(130)) - a3de057e-22ba-4f20-867a-3c0291662fe2: start a3de057e-22ba-4f20-867a-3c0291662fe2@group-321C7BA85E11-LeaderElection2
2021-07-20 05:55:48,724 [a3de057e-22ba-4f20-867a-3c0291662fe2@group-321C7BA85E11-LeaderElection2] INFO  impl.LeaderElection (LeaderElection.java:askForVotes(306)) - a3de057e-22ba-4f20-867a-3c0291662fe2@group-321C7BA85E11-LeaderElection2 ELECTION round 0: submit vote requests at term 2 for 0: [a3de057e-22ba-4f20-867a-3c0291662fe2|rpc:localhost:13252|admin:|client:|dataStream:|priority:0], old=null
2021-07-20 05:55:48,725 [a3de057e-22ba-4f20-867a-3c0291662fe2@group-321C7BA85E11-LeaderElection2] INFO  impl.LeaderElection (LeaderElection.java:askForVotes(308)) - a3de057e-22ba-4f20-867a-3c0291662fe2@group-321C7BA85E11-LeaderElection2 ELECTION round 0: result PASSED (term=2)
2021-07-20 05:55:48,725 [a3de057e-22ba-4f20-867a-3c0291662fe2@group-321C7BA85E11-LeaderElection2] INFO  impl.RoleInfo (RoleInfo.java:shutdownLeaderElection(121)) - a3de057e-22ba-4f20-867a-3c0291662fe2: shutdown a3de057e-22ba-4f20-867a-3c0291662fe2@group-321C7BA85E11-LeaderElection2
2021-07-20 05:55:48,725 [a3de057e-22ba-4f20-867a-3c0291662fe2@group-321C7BA85E11-LeaderElection2] INFO  server.RaftServer$Division (RaftServerImpl.java:setRole(284)) - a3de057e-22ba-4f20-867a-3c0291662fe2@group-321C7BA85E11: changes role from CANDIDATE to LEADER at term 2 for changeToLeader
2021-07-20 05:55:48,725 [a3de057e-22ba-4f20-867a-3c0291662fe2@group-321C7BA85E11-LeaderElection2] INFO  ha.SCMStateMachine (SCMStateMachine.java:notifyLeaderChanged(252)) - current SCM becomes leader of term 2.
2021-07-20 05:55:48,726 [a3de057e-22ba-4f20-867a-3c0291662fe2@group-321C7BA85E11-LeaderElection2] INFO  ha.SCMContext (SCMContext.java:updateLeaderAndTerm(88)) - update <isLeader,term> from <false,0> to <true,2>
2021-07-20 05:55:48,730 [a3de057e-22ba-4f20-867a-3c0291662fe2@group-321C7BA85E11-LeaderElection2] INFO  server.RaftServer$Division (ServerState.java:setLeader(271)) - a3de057e-22ba-4f20-867a-3c0291662fe2@group-321C7BA85E11: change Leader from null to a3de057e-22ba-4f20-867a-3c0291662fe2 at term 2 for becomeLeader, leader elected after 6123ms
2021-07-20 05:55:48,730 [a3de057e-22ba-4f20-867a-3c0291662fe2@group-321C7BA85E11-LeaderElection2] INFO  server.RaftServerConfigKeys (ConfUtils.java:logGet(44)) - raft.server.staging.catchup.gap = 1000 (default)
2021-07-20 05:55:48,730 [a3de057e-22ba-4f20-867a-3c0291662fe2@group-321C7BA85E11-LeaderElection2] INFO  metrics.RatisMetrics (RatisMetrics.java:lambda$create$0(36)) - Creating Metrics Registry : ratis.log_appender.a3de057e-22ba-4f20-867a-3c0291662fe2@group-321C7BA85E11
2021-07-20 05:55:48,730 [a3de057e-22ba-4f20-867a-3c0291662fe2@group-321C7BA85E11-LeaderElection2] WARN  impl.MetricRegistriesImpl (MetricRegistriesImpl.java:lambda$create$1(65)) - First MetricRegistry has been created without registering reporters. You may need to call MetricRegistries.global().addReporterRegistration(...) before.
2021-07-20 05:55:48,730 [a3de057e-22ba-4f20-867a-3c0291662fe2@group-321C7BA85E11-LeaderElection2] INFO  server.RaftServerConfigKeys (ConfUtils.java:logGet(44)) - raft.server.write.element-limit = 4096 (default)
2021-07-20 05:55:48,730 [a3de057e-22ba-4f20-867a-3c0291662fe2@group-321C7BA85E11-LeaderElection2] INFO  server.RaftServerConfigKeys (ConfUtils.java:logGet(44)) - raft.server.write.byte-limit = 64MB (=67108864) (default)
2021-07-20 05:55:48,731 [a3de057e-22ba-4f20-867a-3c0291662fe2@group-321C7BA85E11-LeaderElection2] INFO  server.RaftServerConfigKeys (ConfUtils.java:logGet(44)) - raft.server.watch.timeout = 10s (default)
2021-07-20 05:55:48,733 [a3de057e-22ba-4f20-867a-3c0291662fe2@group-321C7BA85E11-LeaderElection2] INFO  server.RaftServerConfigKeys (ConfUtils.java:logGet(44)) - raft.server.watch.timeout.denomination = 1s (default)
2021-07-20 05:55:48,733 [a3de057e-22ba-4f20-867a-3c0291662fe2@group-321C7BA85E11-LeaderElection2] INFO  server.RaftServerConfigKeys (ConfUtils.java:logGet(44)) - raft.server.watch.element-limit = 65536 (default)
2021-07-20 05:55:48,733 [a3de057e-22ba-4f20-867a-3c0291662fe2@group-321C7BA85E11-LeaderElection2] INFO  impl.RoleInfo (RoleInfo.java:updateAndGet(130)) - a3de057e-22ba-4f20-867a-3c0291662fe2: start a3de057e-22ba-4f20-867a-3c0291662fe2@group-321C7BA85E11-LeaderStateImpl
2021-07-20 05:55:48,734 [a3de057e-22ba-4f20-867a-3c0291662fe2@group-321C7BA85E11-LeaderElection2] INFO  segmented.SegmentedRaftLogWorker (SegmentedRaftLogWorker.java:rollLogSegment(399)) - a3de057e-22ba-4f20-867a-3c0291662fe2@group-321C7BA85E11-SegmentedRaftLogWorker: Rolling segment log-0_0 to index:0
2021-07-20 05:55:48,736 [a3de057e-22ba-4f20-867a-3c0291662fe2@group-321C7BA85E11-SegmentedRaftLogWorker] INFO  segmented.SegmentedRaftLogWorker (SegmentedRaftLogWorker.java:execute(558)) - a3de057e-22ba-4f20-867a-3c0291662fe2@group-321C7BA85E11-SegmentedRaftLogWorker: Rolled log segment from /home/runner/work/ozone/ozone/mnt/ozone/hadoop-ozone/integration-test/target/test-dir/MiniOzoneClusterImpl-b2c6a007-39d2-4e45-b76c-321c7ba85e11/scmNode-1/scm-ha/b2c6a007-39d2-4e45-b76c-321c7ba85e11/current/log_inprogress_0 to /home/runner/work/ozone/ozone/mnt/ozone/hadoop-ozone/integration-test/target/test-dir/MiniOzoneClusterImpl-b2c6a007-39d2-4e45-b76c-321c7ba85e11/scmNode-1/scm-ha/b2c6a007-39d2-4e45-b76c-321c7ba85e11/current/log_0-0
2021-07-20 05:55:48,740 [a3de057e-22ba-4f20-867a-3c0291662fe2@group-321C7BA85E11-SegmentedRaftLogWorker] INFO  segmented.SegmentedRaftLogWorker (SegmentedRaftLogWorker.java:execute(601)) - a3de057e-22ba-4f20-867a-3c0291662fe2@group-321C7BA85E11-SegmentedRaftLogWorker: created new log segment /home/runner/work/ozone/ozone/mnt/ozone/hadoop-ozone/integration-test/target/test-dir/MiniOzoneClusterImpl-b2c6a007-39d2-4e45-b76c-321c7ba85e11/scmNode-1/scm-ha/b2c6a007-39d2-4e45-b76c-321c7ba85e11/current/log_inprogress_1
2021-07-20 05:55:48,753 [a3de057e-22ba-4f20-867a-3c0291662fe2@group-321C7BA85E11-LeaderElection2] INFO  server.RaftServer$Division (ServerState.java:setRaftConf(373)) - a3de057e-22ba-4f20-867a-3c0291662fe2@group-321C7BA85E11: set configuration 1: [a3de057e-22ba-4f20-867a-3c0291662fe2|rpc:localhost:13252|admin:|client:|dataStream:|priority:0], old=null
2021-07-20 05:55:48,754 [a3de057e-22ba-4f20-867a-3c0291662fe2@group-321C7BA85E11-StateMachineUpdater] INFO  ha.SCMContext (SCMContext.java:setLeaderReady(115)) - update <isLeaderReady> from <false> to <true>
2021-07-20 05:55:48,755 [a3de057e-22ba-4f20-867a-3c0291662fe2@group-321C7BA85E11-StateMachineUpdater] INFO  pipeline.BackgroundPipelineCreator (BackgroundPipelineCreatorV2.java:notifyStatusChanged(264)) - Service BackgroundPipelineCreator transitions to RUNNING.
2021-07-20 05:55:48,756 [a3de057e-22ba-4f20-867a-3c0291662fe2@group-321C7BA85E11-StateMachineUpdater] INFO  safemode.HealthyPipelineSafeModeRule (HealthyPipelineSafeModeRule.java:initializeRule(152)) - Refreshed total pipeline count is 0, healthy pipeline threshold count is 1
2021-07-20 05:55:48,759 [a3de057e-22ba-4f20-867a-3c0291662fe2@group-321C7BA85E11-StateMachineUpdater] INFO  safemode.ContainerSafeModeRule (ContainerSafeModeRule.java:reInitializeRule(177)) - Refreshed one replica container threshold 0, currentThreshold 0
2021-07-20 05:55:48,759 [a3de057e-22ba-4f20-867a-3c0291662fe2@group-321C7BA85E11-StateMachineUpdater] INFO  safemode.OneReplicaPipelineSafeModeRule (OneReplicaPipelineSafeModeRule.java:initializeRule(176)) - Refreshed Total pipeline count is 0, pipeline's with at least one datanode reported threshold count is 0
2021-07-20 05:55:48,760 [a3de057e-22ba-4f20-867a-3c0291662fe2@group-321C7BA85E11-StateMachineUpdater] INFO  server.SCMDatanodeProtocolServer (SCMDatanodeProtocolServer.java:start(181)) - RPC server for DataNodes is listening at /0.0.0.0:13253
2021-07-20 05:55:48,764 [IPC Server listener on 13253] INFO  ipc.Server (Server.java:run(1344)) - IPC Server listener on 13253: starting
2021-07-20 05:55:48,767 [IPC Server Responder] INFO  ipc.Server (Server.java:run(1507)) - IPC Server Responder: starting
2021-07-20 05:55:50,720 [Listener at 0.0.0.0/13255] INFO  server.StorageContainerManager (StorageContainerManager.java:scmBootstrap(945)) - SCM BootStrap  is successful for ClusterID b2c6a007-39d2-4e45-b76c-321c7ba85e11, SCMID 5c2410e7-10a6-4620-b434-e19b0245711c
2021-07-20 05:55:50,720 [Listener at 0.0.0.0/13255] INFO  server.StorageContainerManager (StorageContainerManager.java:scmBootstrap(947)) - Primary SCM Node ID a3de057e-22ba-4f20-867a-3c0291662fe2
2021-07-20 05:55:50,720 [Listener at 0.0.0.0/13255] INFO  ha.SCMHANodeDetails (SCMHANodeDetails.java:loadSCMHAConfig(157)) - ServiceID for StorageContainerManager is scm-service-test1
2021-07-20 05:55:50,720 [Listener at 0.0.0.0/13255] INFO  ha.SCMHANodeDetails (SCMHANodeDetails.java:loadSCMHAConfig(168)) - ServiceID for StorageContainerManager is scm-service-test1
2021-07-20 05:55:50,720 [Listener at 0.0.0.0/13255] WARN  scm.ScmUtils (ScmUtils.java:logWarn(179)) - ConfigKey ozone.scm.block.client.address is deprecated, For configuring different ports for each SCM use PortConfigKey ozone.scm.block.client.port appended with serviceId and nodeId. If want to configure same port configure ozone.scm.block.client.port
2021-07-20 05:55:50,721 [Listener at 0.0.0.0/13255] WARN  scm.ScmUtils (ScmUtils.java:logWarn(179)) - ConfigKey ozone.scm.client.address is deprecated, For configuring different ports for each SCM use PortConfigKey ozone.scm.client.port appended with serviceId and nodeId. If want to configure same port configure ozone.scm.client.port
2021-07-20 05:55:50,721 [Listener at 0.0.0.0/13255] WARN  scm.ScmUtils (ScmUtils.java:logWarn(179)) - ConfigKey ozone.scm.datanode.address is deprecated, For configuring different ports for each SCM use PortConfigKey ozone.scm.datanode.port appended with serviceId and nodeId. If want to configure same port configure ozone.scm.datanode.port
2021-07-20 05:55:50,721 [Listener at 0.0.0.0/13255] WARN  scm.ScmUtils (ScmUtils.java:logWarn(179)) - ConfigKey ozone.scm.block.client.address is deprecated, For configuring different ports for each SCM use PortConfigKey ozone.scm.block.client.port appended with serviceId and nodeId. If want to configure same port configure ozone.scm.block.client.port
2021-07-20 05:55:50,721 [Listener at 0.0.0.0/13255] WARN  scm.ScmUtils (ScmUtils.java:logWarn(179)) - ConfigKey ozone.scm.client.address is deprecated, For configuring different ports for each SCM use PortConfigKey ozone.scm.client.port appended with serviceId and nodeId. If want to configure same port configure ozone.scm.client.port
2021-07-20 05:55:50,722 [Listener at 0.0.0.0/13255] WARN  scm.ScmUtils (ScmUtils.java:logWarn(179)) - ConfigKey ozone.scm.datanode.address is deprecated, For configuring different ports for each SCM use PortConfigKey ozone.scm.datanode.port appended with serviceId and nodeId. If want to configure same port configure ozone.scm.datanode.port
2021-07-20 05:55:50,722 [Listener at 0.0.0.0/13255] INFO  ha.SCMHANodeDetails (SCMHANodeDetails.java:loadSCMHAConfig(250)) - Found matching SCM address with SCMServiceId: scm-service-test1, SCMNodeId: scmNode-2, RPC Address: localhost:13262 and Ratis port: 13262
2021-07-20 05:55:50,722 [Listener at 0.0.0.0/13255] INFO  ha.SCMHANodeDetails (ConfUtils.java:setNodeSpecificConfigs(108)) - Setting configuration key ozone.scm.datanode.address with value of key ozone.scm.datanode.address.scm-service-test1.scmNode-2: 127.0.0.1:13263
2021-07-20 05:55:50,722 [Listener at 0.0.0.0/13255] INFO  ha.SCMHANodeDetails (ConfUtils.java:setNodeSpecificConfigs(108)) - Setting configuration key ozone.scm.block.client.address with value of key ozone.scm.block.client.address.scm-service-test1.scmNode-2: 127.0.0.1:13264
2021-07-20 05:55:50,722 [Listener at 0.0.0.0/13255] INFO  ha.SCMHANodeDetails (ConfUtils.java:setNodeSpecificConfigs(108)) - Setting configuration key ozone.scm.client.address with value of key ozone.scm.client.address.scm-service-test1.scmNode-2: 127.0.0.1:13265
2021-07-20 05:55:50,722 [Listener at 0.0.0.0/13255] INFO  ha.SCMHANodeDetails (ConfUtils.java:setNodeSpecificConfigs(108)) - Setting configuration key ozone.scm.ratis.port with value of key ozone.scm.ratis.port.scm-service-test1.scmNode-2: 13262
2021-07-20 05:55:50,723 [Listener at 0.0.0.0/13255] INFO  ha.SCMHANodeDetails (ConfUtils.java:setNodeSpecificConfigs(108)) - Setting configuration key ozone.scm.grpc.port with value of key ozone.scm.grpc.port.scm-service-test1.scmNode-2: 13266
2021-07-20 05:55:50,723 [Listener at 0.0.0.0/13255] INFO  ha.SCMHANodeDetails (ConfUtils.java:setNodeSpecificConfigs(108)) - Setting configuration key ozone.scm.http-address with value of key ozone.scm.http-address.scm-service-test1.scmNode-2: 127.0.0.1:13260
2021-07-20 05:55:50,723 [Listener at 0.0.0.0/13255] INFO  ha.SCMHANodeDetails (ConfUtils.java:setNodeSpecificConfigs(108)) - Setting configuration key ozone.scm.https-address with value of key ozone.scm.https-address.scm-service-test1.scmNode-2: 127.0.0.1:13261
2021-07-20 05:55:50,723 [Listener at 0.0.0.0/13255] INFO  ha.SCMHANodeDetails (ConfUtils.java:setNodeSpecificConfigs(108)) - Setting configuration key ozone.scm.address with value of key ozone.scm.address.scm-service-test1.scmNode-2: 127.0.0.1
2021-07-20 05:55:50,723 [Listener at 0.0.0.0/13255] WARN  scm.ScmUtils (ScmUtils.java:logWarn(179)) - ConfigKey ozone.scm.block.client.address is deprecated, For configuring different ports for each SCM use PortConfigKey ozone.scm.block.client.port appended with serviceId and nodeId. If want to configure same port configure ozone.scm.block.client.port
2021-07-20 05:55:50,724 [Listener at 0.0.0.0/13255] WARN  scm.ScmUtils (ScmUtils.java:logWarn(179)) - ConfigKey ozone.scm.client.address is deprecated, For configuring different ports for each SCM use PortConfigKey ozone.scm.client.port appended with serviceId and nodeId. If want to configure same port configure ozone.scm.client.port
2021-07-20 05:55:50,724 [Listener at 0.0.0.0/13255] WARN  scm.ScmUtils (ScmUtils.java:logWarn(179)) - ConfigKey ozone.scm.datanode.address is deprecated, For configuring different ports for each SCM use PortConfigKey ozone.scm.datanode.port appended with serviceId and nodeId. If want to configure same port configure ozone.scm.datanode.port
2021-07-20 05:55:50,725 [Listener at 0.0.0.0/13255] WARN  server.ServerUtils (ServerUtils.java:getScmDbDir(148)) - ozone.scm.db.dirs is not configured. We recommend adding this setting. Falling back to ozone.metadata.dirs instead.
2021-07-20 05:55:50,727 [Listener at 0.0.0.0/13255] INFO  upgrade.AbstractLayoutVersionManager (AbstractLayoutVersionManager.java:init(70)) - Initializing Layout version manager with metadata layout = SCM_HA (version = 2), software layout = SCM_HA (version = 2)
2021-07-20 05:55:50,781 [Listener at 0.0.0.0/13255] INFO  reflections.Reflections (Reflections.java:scan(232)) - Reflections took 52 ms to scan 7 urls, producing 119 keys and 271 values 
2021-07-20 05:55:50,786 [Listener at 0.0.0.0/13255] WARN  utils.HAUtils (HAUtils.java:getMetaDir(342)) - ozone.scm.db.dirs is not configured. We recommend adding this setting. Falling back to ozone.metadata.dirs instead.
2021-07-20 05:55:50,787 [Listener at 0.0.0.0/13255] WARN  db.DBStoreBuilder (DBStoreBuilder.java:applyDBDefinition(145)) - ozone.scm.db.dirs is not configured. We recommend adding this setting. Falling back to ozone.metadata.dirs instead.
2021-07-20 05:55:50,875 [Listener at 0.0.0.0/13255] INFO  net.NodeSchemaLoader (NodeSchemaLoader.java:loadSchemaFromFile(129)) - Loading schema from [jar:file:/home/runner/.m2/repository/org/apache/ozone/hdds-common/1.2.0-SNAPSHOT/hdds-common-1.2.0-SNAPSHOT.jar!/network-topology-default.xml]
2021-07-20 05:55:50,876 [Listener at 0.0.0.0/13255] INFO  net.NodeSchemaLoader (NodeSchemaLoader.java:loadSchema(176)) - Loading network topology layer schema file
2021-07-20 05:55:50,879 [Listener at 0.0.0.0/13255] INFO  ha.SCMRatisServerImpl (SCMRatisServerImpl.java:<init>(85)) - starting Raft server for scm:5c2410e7-10a6-4620-b434-e19b0245711c
2021-07-20 05:55:50,880 [Listener at 0.0.0.0/13255] INFO  server.RaftServer (ConfUtils.java:logGet(44)) - raft.rpc.type = GRPC (default)
2021-07-20 05:55:50,882 [Listener at 0.0.0.0/13255] INFO  grpc.GrpcFactory (GrpcFactory.java:checkPooledByteBufAllocatorUseCacheForAllThreads(48)) - PERFORMANCE WARNING: useCacheForAllThreads is true that may cause Netty to create a lot garbage objects and, as a result, trigger GC.
	It is recommended to disable useCacheForAllThreads by setting -Dorg.apache.ratis.thirdparty.io.netty.allocator.useCacheForAllThreads=false in command line.
2021-07-20 05:55:50,882 [Listener at 0.0.0.0/13255] INFO  grpc.GrpcConfigKeys (ConfUtils.java:logGet(44)) - raft.grpc.admin.port = -1 (default)
2021-07-20 05:55:50,882 [Listener at 0.0.0.0/13255] INFO  grpc.GrpcConfigKeys (ConfUtils.java:logGet(44)) - raft.grpc.server.port = 13262 (custom)
2021-07-20 05:55:50,883 [Listener at 0.0.0.0/13255] INFO  grpc.GrpcConfigKeys (ConfUtils.java:logGet(44)) - raft.grpc.client.port = -1 (default)
2021-07-20 05:55:50,883 [Listener at 0.0.0.0/13255] INFO  grpc.GrpcConfigKeys (ConfUtils.java:logGet(44)) - raft.grpc.server.port = 13262 (custom)
2021-07-20 05:55:50,883 [Listener at 0.0.0.0/13255] INFO  grpc.GrpcConfigKeys (ConfUtils.java:logGet(44)) - raft.grpc.server.port = 13262 (custom)
2021-07-20 05:55:50,883 [Listener at 0.0.0.0/13255] INFO  server.GrpcService (ConfUtils.java:logGet(44)) - raft.grpc.message.size.max = 32m (=33554432) (custom)
2021-07-20 05:55:50,883 [Listener at 0.0.0.0/13255] INFO  server.RaftServerConfigKeys (ConfUtils.java:logGet(44)) - raft.server.log.appender.buffer.byte-limit = 33554432 (custom)
2021-07-20 05:55:50,884 [Listener at 0.0.0.0/13255] INFO  server.GrpcService (ConfUtils.java:logGet(44)) - raft.grpc.flow.control.window = 1MB (=1048576) (default)
2021-07-20 05:55:50,884 [Listener at 0.0.0.0/13255] INFO  server.RaftServerConfigKeys (ConfUtils.java:logGet(44)) - raft.server.rpc.request.timeout = 30000ms (custom)
2021-07-20 05:55:50,885 [Listener at 0.0.0.0/13255] INFO  impl.DataStreamServerImpl (ConfUtils.java:logGet(44)) - raft.datastream.type = DISABLED (default)
2021-07-20 05:55:50,886 [Listener at 0.0.0.0/13255] INFO  server.RaftServerConfigKeys (ConfUtils.java:logGet(44)) - raft.server.rpc.slowness.timeout = 120000ms (custom)
2021-07-20 05:55:50,886 [Listener at 0.0.0.0/13255] INFO  server.RaftServerConfigKeys (ConfUtils.java:logGet(44)) - raft.server.leaderelection.leader.step-down.wait-time = 10s (default)
2021-07-20 05:55:50,886 [Listener at 0.0.0.0/13255] INFO  server.RaftServerConfigKeys (ConfUtils.java:logGet(44)) - raft.server.storage.dir = [/home/runner/work/ozone/ozone/mnt/ozone/hadoop-ozone/integration-test/target/test-dir/MiniOzoneClusterImpl-b2c6a007-39d2-4e45-b76c-321c7ba85e11/scmNode-2/scm-ha] (custom)
2021-07-20 05:55:50,887 [Listener at 0.0.0.0/13255] INFO  server.RaftServer (RaftServerProxy.java:addNew(95)) - 5c2410e7-10a6-4620-b434-e19b0245711c: addNew group-321C7BA85E11:[] returns group-321C7BA85E11:java.util.concurrent.CompletableFuture@485547ac[Not completed]
2021-07-20 05:55:50,888 [pool-36-thread-1] INFO  server.RaftServer$Division (RaftServerImpl.java:<init>(180)) - 5c2410e7-10a6-4620-b434-e19b0245711c: new RaftServerImpl for group-321C7BA85E11:[] with SCMStateMachine:uninitialized
2021-07-20 05:55:50,888 [pool-36-thread-1] INFO  server.RaftServerConfigKeys (ConfUtils.java:logGet(44)) - raft.server.rpc.timeout.min = 5000ms (custom)
2021-07-20 05:55:50,889 [pool-36-thread-1] INFO  server.RaftServerConfigKeys (ConfUtils.java:logGet(44)) - raft.server.rpc.timeout.max = 5200ms (custom)
2021-07-20 05:55:50,890 [pool-36-thread-1] INFO  server.RaftServerConfigKeys (ConfUtils.java:logGet(44)) - raft.server.rpc.sleep.time = 25ms (default)
2021-07-20 05:55:50,890 [pool-36-thread-1] INFO  server.RaftServerConfigKeys (ConfUtils.java:logGet(44)) - raft.server.rpc.slowness.timeout = 120000ms (custom)
2021-07-20 05:55:50,890 [pool-36-thread-1] INFO  server.RaftServerConfigKeys (ConfUtils.java:logGet(44)) - raft.server.leaderelection.leader.step-down.wait-time = 10s (default)
2021-07-20 05:55:50,890 [pool-36-thread-1] INFO  server.RaftServerConfigKeys (ConfUtils.java:logGet(44)) - raft.server.sleep.deviation.threshold = 300ms (default)
2021-07-20 05:55:50,890 [pool-36-thread-1] INFO  server.RaftServerConfigKeys (ConfUtils.java:logGet(44)) - raft.server.log.appender.install.snapshot.enabled = false (custom)
2021-07-20 05:55:50,890 [pool-36-thread-1] INFO  server.RaftServer$Division (ServerState.java:<init>(105)) - 5c2410e7-10a6-4620-b434-e19b0245711c@group-321C7BA85E11: ConfigurationManager, init=-1: [], old=null, confs=<EMPTY_MAP>
2021-07-20 05:55:50,890 [pool-36-thread-1] INFO  server.RaftServerConfigKeys (ConfUtils.java:logGet(44)) - raft.server.storage.dir = [/home/runner/work/ozone/ozone/mnt/ozone/hadoop-ozone/integration-test/target/test-dir/MiniOzoneClusterImpl-b2c6a007-39d2-4e45-b76c-321c7ba85e11/scmNode-2/scm-ha] (custom)
2021-07-20 05:55:50,891 [pool-36-thread-1] INFO  server.RaftServerConfigKeys (ConfUtils.java:logGet(44)) - raft.server.log.corruption.policy = EXCEPTION (default)
2021-07-20 05:55:50,891 [pool-36-thread-1] INFO  storage.RaftStorageDirectory (RaftStorageDirectoryImpl.java:analyzeStorage(132)) - The storage directory /home/runner/work/ozone/ozone/mnt/ozone/hadoop-ozone/integration-test/target/test-dir/MiniOzoneClusterImpl-b2c6a007-39d2-4e45-b76c-321c7ba85e11/scmNode-2/scm-ha/b2c6a007-39d2-4e45-b76c-321c7ba85e11 does not exist. Creating ...
2021-07-20 05:55:50,893 [pool-36-thread-1] INFO  storage.RaftStorageDirectory (RaftStorageDirectoryImpl.java:tryLock(215)) - Lock on /home/runner/work/ozone/ozone/mnt/ozone/hadoop-ozone/integration-test/target/test-dir/MiniOzoneClusterImpl-b2c6a007-39d2-4e45-b76c-321c7ba85e11/scmNode-2/scm-ha/b2c6a007-39d2-4e45-b76c-321c7ba85e11/in_use.lock acquired by nodename 3531@fv-az291-163
2021-07-20 05:55:50,895 [pool-36-thread-1] INFO  storage.RaftStorage (RaftStorageImpl.java:format(87)) - Storage directory /home/runner/work/ozone/ozone/mnt/ozone/hadoop-ozone/integration-test/target/test-dir/MiniOzoneClusterImpl-b2c6a007-39d2-4e45-b76c-321c7ba85e11/scmNode-2/scm-ha/b2c6a007-39d2-4e45-b76c-321c7ba85e11 has been successfully formatted.
2021-07-20 05:55:50,896 [pool-36-thread-1] INFO  server.RaftServerConfigKeys (ConfUtils.java:logGet(44)) - raft.server.notification.no-leader.timeout = 60s (default)
2021-07-20 05:55:50,896 [pool-36-thread-1] INFO  server.RaftServerConfigKeys (ConfUtils.java:logGet(44)) - raft.server.log.use.memory = false (default)
2021-07-20 05:55:50,896 [pool-36-thread-1] INFO  server.RaftServerConfigKeys (ConfUtils.java:logGet(44)) - raft.server.log.purge.gap = 5 (custom)
2021-07-20 05:55:50,896 [pool-36-thread-1] INFO  server.RaftServerConfigKeys (ConfUtils.java:logGet(44)) - raft.server.log.appender.buffer.byte-limit = 33554432 (custom)
2021-07-20 05:55:50,897 [pool-36-thread-1] INFO  metrics.RatisMetrics (RatisMetrics.java:lambda$create$0(36)) - Creating Metrics Registry : ratis.log_worker.5c2410e7-10a6-4620-b434-e19b0245711c@group-321C7BA85E11
2021-07-20 05:55:50,897 [pool-36-thread-1] WARN  impl.MetricRegistriesImpl (MetricRegistriesImpl.java:lambda$create$1(65)) - First MetricRegistry has been created without registering reporters. You may need to call MetricRegistries.global().addReporterRegistration(...) before.
2021-07-20 05:55:50,897 [pool-36-thread-1] INFO  server.RaftServerConfigKeys (ConfUtils.java:logGet(44)) - raft.server.log.segment.size.max = 16384 (custom)
2021-07-20 05:55:50,897 [pool-36-thread-1] INFO  server.RaftServerConfigKeys (ConfUtils.java:logGet(44)) - raft.server.log.segment.cache.num.max = 2 (custom)
2021-07-20 05:55:50,898 [pool-36-thread-1] INFO  server.RaftServerConfigKeys (ConfUtils.java:logGet(44)) - raft.server.log.segment.cache.size.max = 200MB (=209715200) (default)
2021-07-20 05:55:50,898 [pool-36-thread-1] INFO  segmented.SegmentedRaftLogWorker (SegmentedRaftLogWorker.java:<init>(182)) - new 5c2410e7-10a6-4620-b434-e19b0245711c@group-321C7BA85E11-SegmentedRaftLogWorker for RaftStorageImpl:Storage Directory /home/runner/work/ozone/ozone/mnt/ozone/hadoop-ozone/integration-test/target/test-dir/MiniOzoneClusterImpl-b2c6a007-39d2-4e45-b76c-321c7ba85e11/scmNode-2/scm-ha/b2c6a007-39d2-4e45-b76c-321c7ba85e11
2021-07-20 05:55:50,898 [pool-36-thread-1] INFO  server.RaftServerConfigKeys (ConfUtils.java:logGet(44)) - raft.server.log.queue.byte-limit = 64MB (=67108864) (default)
2021-07-20 05:55:50,898 [pool-36-thread-1] INFO  server.RaftServerConfigKeys (ConfUtils.java:logGet(44)) - raft.server.log.queue.element-limit = 4096 (default)
2021-07-20 05:55:50,898 [pool-36-thread-1] INFO  server.RaftServerConfigKeys (ConfUtils.java:logGet(44)) - raft.server.log.segment.size.max = 16384 (custom)
2021-07-20 05:55:50,898 [pool-36-thread-1] INFO  server.RaftServerConfigKeys (ConfUtils.java:logGet(44)) - raft.server.log.preallocated.size = 16384 (custom)
2021-07-20 05:55:50,898 [pool-36-thread-1] INFO  server.RaftServerConfigKeys (ConfUtils.java:logGet(44)) - raft.server.log.force.sync.num = 128 (default)
2021-07-20 05:55:50,898 [pool-36-thread-1] INFO  server.RaftServerConfigKeys (ConfUtils.java:logGet(44)) - raft.server.log.statemachine.data.sync = true (default)
2021-07-20 05:55:50,898 [pool-36-thread-1] INFO  server.RaftServerConfigKeys (ConfUtils.java:logGet(44)) - raft.server.log.statemachine.data.sync.timeout = 10s (default)
2021-07-20 05:55:50,898 [pool-36-thread-1] INFO  server.RaftServerConfigKeys (ConfUtils.java:logGet(44)) - raft.server.log.statemachine.data.sync.timeout.retry = -1 (default)
2021-07-20 05:55:50,899 [pool-36-thread-1] INFO  server.RaftServerConfigKeys (ConfUtils.java:logGet(44)) - raft.server.log.write.buffer.size = 64KB (=65536) (default)
2021-07-20 05:55:50,899 [pool-36-thread-1] INFO  server.RaftServerConfigKeys (ConfUtils.java:logGet(44)) - raft.server.log.statemachine.data.caching.enabled = false (default)
2021-07-20 05:55:50,899 [pool-36-thread-1] INFO  segmented.SegmentedRaftLogWorker (SegmentedRaftLogWorker.java:lambda$new$0(133)) - 5c2410e7-10a6-4620-b434-e19b0245711c@group-321C7BA85E11-SegmentedRaftLogWorker: flushIndex: setUnconditionally 0 -> -1
2021-07-20 05:55:50,899 [pool-36-thread-1] INFO  segmented.SegmentedRaftLogWorker (SegmentedRaftLogWorker.java:lambda$new$0(133)) - 5c2410e7-10a6-4620-b434-e19b0245711c@group-321C7BA85E11-SegmentedRaftLogWorker: safeCacheEvictIndex: setUnconditionally 0 -> -1
2021-07-20 05:55:50,903 [pool-36-thread-1] INFO  server.RaftServerConfigKeys (ConfUtils.java:logGet(44)) - raft.server.snapshot.auto.trigger.enabled = true (custom)
2021-07-20 05:55:50,903 [pool-36-thread-1] INFO  server.RaftServerConfigKeys (ConfUtils.java:logGet(44)) - raft.server.snapshot.auto.trigger.threshold = 5 (custom)
2021-07-20 05:55:50,903 [pool-36-thread-1] INFO  server.RaftServerConfigKeys (ConfUtils.java:logGet(44)) - raft.server.snapshot.retention.file.num = -1 (default)
2021-07-20 05:55:50,903 [pool-36-thread-1] INFO  server.RaftServerConfigKeys (ConfUtils.java:logGet(44)) - raft.server.log.purge.upto.snapshot.index = true (custom)
2021-07-20 05:55:50,904 [pool-36-thread-1] INFO  server.RaftServerConfigKeys (ConfUtils.java:logGet(44)) - raft.server.retrycache.expirytime = 60000ms (default)
2021-07-20 05:55:50,904 [pool-36-thread-1] INFO  server.RaftServerConfigKeys (ConfUtils.java:logGet(44)) - raft.server.retrycache.statistics.expirytime = 100μs (default)
2021-07-20 05:55:50,904 [pool-36-thread-1] INFO  metrics.RatisMetrics (RatisMetrics.java:lambda$create$0(36)) - Creating Metrics Registry : ratis.leader_election.5c2410e7-10a6-4620-b434-e19b0245711c@group-321C7BA85E11
2021-07-20 05:55:50,904 [pool-36-thread-1] WARN  impl.MetricRegistriesImpl (MetricRegistriesImpl.java:lambda$create$1(65)) - First MetricRegistry has been created without registering reporters. You may need to call MetricRegistries.global().addReporterRegistration(...) before.
2021-07-20 05:55:50,904 [pool-36-thread-1] INFO  metrics.RatisMetrics (RatisMetrics.java:lambda$create$0(36)) - Creating Metrics Registry : ratis.server.5c2410e7-10a6-4620-b434-e19b0245711c@group-321C7BA85E11
2021-07-20 05:55:50,904 [pool-36-thread-1] WARN  impl.MetricRegistriesImpl (MetricRegistriesImpl.java:lambda$create$1(65)) - First MetricRegistry has been created without registering reporters. You may need to call MetricRegistries.global().addReporterRegistration(...) before.
2021-07-20 05:55:50,904 [Listener at 0.0.0.0/13255] INFO  ha.SCMSnapshotProvider (SCMSnapshotProvider.java:<init>(66)) - Initializing SCM Snapshot Provider
2021-07-20 05:55:50,905 [Listener at 0.0.0.0/13255] WARN  server.ServerUtils (ServerUtils.java:getDefaultRatisDirectory(237)) - Storage directory for Ratis is not configured. It is a good idea to map this to an SSD disk. Falling back to ozone.metadata.dirs
2021-07-20 05:55:50,905 [Listener at 0.0.0.0/13255] WARN  ha.SCMHAUtils (SCMHAUtils.java:getSCMRatisSnapshotDirectory(142)) - SCM snapshot dir is not configured. Falling back to ozone.metadata.dirs config
2021-07-20 05:55:50,907 [Listener at 0.0.0.0/13255] INFO  ha.SequenceIdGenerator (SequenceIdGenerator.java:upgradeToSequenceId(327)) - upgrade localId to 107544261427200000
2021-07-20 05:55:50,907 [Listener at 0.0.0.0/13255] INFO  ha.SequenceIdGenerator (SequenceIdGenerator.java:upgradeToSequenceId(337)) - upgrade delTxnId to 0
2021-07-20 05:55:50,908 [Listener at 0.0.0.0/13255] INFO  ha.SequenceIdGenerator (SequenceIdGenerator.java:upgradeToSequenceId(351)) - upgrade containerId to 0
2021-07-20 05:55:50,908 [Listener at 0.0.0.0/13255] INFO  ha.SequenceIdGenerator (SequenceIdGenerator.java:<init>(217)) - Init the HA SequenceIdGenerator.
2021-07-20 05:55:50,909 [Listener at 0.0.0.0/13255] WARN  server.ServerUtils (ServerUtils.java:sanitizeUserArgs(73)) - ozone.scm.stale.node.interval value = 300000 is larger than max = 100000 based on the key value of ozone.scm.heartbeat.thread.interval, reset to the max value 100000.
2021-07-20 05:55:50,909 [Listener at 0.0.0.0/13255] WARN  server.ServerUtils (ServerUtils.java:sanitizeUserArgs(73)) - ozone.scm.stale.node.interval value = 300000 is larger than max = 100000 based on the key value of ozone.scm.heartbeat.thread.interval, reset to the max value 100000.
2021-07-20 05:55:50,909 [Listener at 0.0.0.0/13255] INFO  node.SCMNodeManager (SCMNodeManager.java:<init>(141)) - Entering startup safe mode.
2021-07-20 05:55:50,911 [Listener at 0.0.0.0/13255] INFO  algorithms.ContainerPlacementPolicyFactory (ContainerPlacementPolicyFactory.java:getPolicy(60)) - Create container placement policy of type org.apache.hadoop.hdds.scm.container.placement.algorithms.SCMContainerPlacementRandom
2021-07-20 05:55:50,911 [Listener at 0.0.0.0/13255] INFO  pipeline.PipelineStateManager (PipelineStateManagerV2Impl.java:initialize(78)) - No pipeline exists in current db
2021-07-20 05:55:50,913 [Listener at 0.0.0.0/13255] INFO  algorithms.LeaderChoosePolicyFactory (LeaderChoosePolicyFactory.java:getPolicy(57)) - Create leader choose policy of type org.apache.hadoop.hdds.scm.pipeline.leader.choose.algorithms.MinLeaderCountChoosePolicy
2021-07-20 05:55:50,913 [Listener at 0.0.0.0/13255] INFO  ha.SCMServiceManager (SCMServiceManager.java:register(43)) - Registering service BackgroundPipelineCreator.
2021-07-20 05:55:50,914 [Listener at 0.0.0.0/13255] INFO  pipeline.BackgroundPipelineCreator (BackgroundPipelineCreatorV2.java:start(130)) - Starting RatisPipelineUtilsThread.
2021-07-20 05:55:50,915 [Listener at 0.0.0.0/13255] INFO  algorithms.PipelineChoosePolicyFactory (PipelineChoosePolicyFactory.java:createPipelineChoosePolicyFromClass(73)) - Create pipeline choose policy of type org.apache.hadoop.hdds.scm.pipeline.choose.algorithms.RandomPipelineChoosePolicy
2021-07-20 05:55:50,915 [Listener at 0.0.0.0/13255] INFO  ha.SCMServiceManager (SCMServiceManager.java:register(43)) - Registering service SCMBlockDeletingService.
2021-07-20 05:55:50,916 [Listener at 0.0.0.0/13255] INFO  ha.SCMServiceManager (SCMServiceManager.java:register(43)) - Registering service ReplicationManager.
2021-07-20 05:55:50,916 [Listener at 0.0.0.0/13255] INFO  container.ReplicationManager (ReplicationManager.java:start(288)) - Starting Replication Monitor Thread.
2021-07-20 05:55:50,918 [Listener at 0.0.0.0/13255] INFO  safemode.ContainerSafeModeRule (ContainerSafeModeRule.java:<init>(89)) - containers with one replica threshold count 0
2021-07-20 05:55:50,918 [Listener at 0.0.0.0/13255] INFO  safemode.HealthyPipelineSafeModeRule (HealthyPipelineSafeModeRule.java:initializeRule(156)) - Total pipeline count is 0, healthy pipeline threshold count is 1
2021-07-20 05:55:50,919 [Listener at 0.0.0.0/13255] INFO  safemode.OneReplicaPipelineSafeModeRule (OneReplicaPipelineSafeModeRule.java:initializeRule(180)) - Total pipeline count is 0, pipeline's with at least one datanode reported threshold count is 0
2021-07-20 05:55:50,921 [Listener at 0.0.0.0/13255] INFO  ipc.CallQueueManager (CallQueueManager.java:<init>(90)) - Using callQueue: class java.util.concurrent.LinkedBlockingQueue, queueCapacity: 2000, scheduler: class org.apache.hadoop.ipc.DefaultRpcScheduler, ipcBackoff: false.
2021-07-20 05:55:50,921 [Socket Reader #1 for port 13263] INFO  ipc.Server (Server.java:run(1265)) - Starting Socket Reader #1 for port 13263
2021-07-20 05:55:50,923 [Listener at 0.0.0.0/13263] INFO  ipc.CallQueueManager (CallQueueManager.java:<init>(90)) - Using callQueue: class java.util.concurrent.LinkedBlockingQueue, queueCapacity: 2000, scheduler: class org.apache.hadoop.ipc.DefaultRpcScheduler, ipcBackoff: false.
2021-07-20 05:55:50,924 [Socket Reader #1 for port 13264] INFO  ipc.Server (Server.java:run(1265)) - Starting Socket Reader #1 for port 13264
2021-07-20 05:55:50,926 [Listener at 0.0.0.0/13264] INFO  ipc.CallQueueManager (CallQueueManager.java:<init>(90)) - Using callQueue: class java.util.concurrent.LinkedBlockingQueue, queueCapacity: 2000, scheduler: class org.apache.hadoop.ipc.DefaultRpcScheduler, ipcBackoff: false.
2021-07-20 05:55:50,927 [Socket Reader #1 for port 13265] INFO  ipc.Server (Server.java:run(1265)) - Starting Socket Reader #1 for port 13265
2021-07-20 05:55:50,948 [ReplicationMonitor] INFO  container.ReplicationManager (ReplicationManager.java:run(355)) - Replication Monitor Thread took 0 milliseconds for processing 0 containers.
2021-07-20 05:55:50,983 [Listener at 0.0.0.0/13265] INFO  server.StorageContainerManager (StorageContainerManager.java:<init>(380)) - 
Container Balancer status:
Key                            Value
Running                        true
Container Balancer Configuration values:
Key                            Value
Threshold                      0.1
Max Datanodes to Balance       5
Max Size to Move               10737418240B

2021-07-20 05:55:50,985 [Listener at 0.0.0.0/13265] WARN  events.EventQueue (EventQueue.java:fireEvent(194)) - No event handler registered for event TypedEvent{payloadType=SafeModeStatus, name='Safe mode status'}
2021-07-20 05:55:50,985 [Listener at 0.0.0.0/13265] INFO  ha.SCMContext (SCMContext.java:updateSafeModeStatus(205)) - Update SafeModeStatus from SafeModeStatus{safeModeStatus=true, preCheckPassed=false} to SafeModeStatus{safeModeStatus=true, preCheckPassed=false}.
2021-07-20 05:55:50,986 [Listener at 0.0.0.0/13265] INFO  server.StorageContainerManager (StorageContainerManager.java:start(1245)) - StorageContainerLocationProtocol RPC server is listening at /0.0.0.0:13265
2021-07-20 05:55:50,987 [Listener at 0.0.0.0/13265] INFO  ha.SCMRatisServerImpl (SCMRatisServerImpl.java:start(170)) - starting ratis server 0.0.0.0:13262
2021-07-20 05:55:50,987 [Listener at 0.0.0.0/13265] INFO  server.RaftServer$Division (RaftServerImpl.java:start(298)) - 5c2410e7-10a6-4620-b434-e19b0245711c@group-321C7BA85E11: start with initializing state, conf=-1: [], old=null
2021-07-20 05:55:50,988 [Listener at 0.0.0.0/13265] INFO  server.RaftServer$Division (RaftServerImpl.java:setRole(284)) - 5c2410e7-10a6-4620-b434-e19b0245711c@group-321C7BA85E11: changes role from      null to FOLLOWER at term 0 for startInitializing
2021-07-20 05:55:50,988 [Listener at 0.0.0.0/13265] INFO  util.JmxRegister (JmxRegister.java:tryRegister(44)) - Successfully registered JMX Bean with object name Ratis:service=RaftServer,group=group-321C7BA85E11,id=5c2410e7-10a6-4620-b434-e19b0245711c
2021-07-20 05:55:50,988 [Listener at 0.0.0.0/13265] INFO  metrics.RatisMetrics (RatisMetrics.java:lambda$create$0(36)) - Creating Metrics Registry : ratis.state_machine.5c2410e7-10a6-4620-b434-e19b0245711c@group-321C7BA85E11
2021-07-20 05:55:50,988 [Listener at 0.0.0.0/13265] WARN  impl.MetricRegistriesImpl (MetricRegistriesImpl.java:lambda$create$1(65)) - First MetricRegistry has been created without registering reporters. You may need to call MetricRegistries.global().addReporterRegistration(...) before.
2021-07-20 05:55:50,989 [Listener at 0.0.0.0/13265] INFO  server.RaftServer (RaftServerProxy.java:lambda$start$5(374)) - 5c2410e7-10a6-4620-b434-e19b0245711c: start RPC server
2021-07-20 05:55:51,000 [Listener at 0.0.0.0/13265] INFO  server.GrpcService (GrpcService.java:startImpl(253)) - 5c2410e7-10a6-4620-b434-e19b0245711c: GrpcService started, listening on 13262
2021-07-20 05:55:51,003 [Listener at 0.0.0.0/13265] INFO  ha.SCMNodeInfo (SCMNodeInfo.java:getPort(197)) - ConfigKey ozone.scm.client.address is deprecated, For configuring different ports for each SCM use PortConfigKey ozone.scm.client.port appended with serviceId and nodeId
2021-07-20 05:55:51,004 [Listener at 0.0.0.0/13265] INFO  ha.SCMNodeInfo (SCMNodeInfo.java:getPort(197)) - ConfigKey ozone.scm.block.client.address is deprecated, For configuring different ports for each SCM use PortConfigKey ozone.scm.block.client.port appended with serviceId and nodeId
2021-07-20 05:55:51,004 [Listener at 0.0.0.0/13265] INFO  ha.SCMNodeInfo (SCMNodeInfo.java:getPort(197)) - ConfigKey ozone.scm.datanode.address is deprecated, For configuring different ports for each SCM use PortConfigKey ozone.scm.datanode.port appended with serviceId and nodeId
2021-07-20 05:55:51,004 [Listener at 0.0.0.0/13265] INFO  ha.SCMNodeInfo (SCMNodeInfo.java:getPort(197)) - ConfigKey ozone.scm.client.address is deprecated, For configuring different ports for each SCM use PortConfigKey ozone.scm.client.port appended with serviceId and nodeId
2021-07-20 05:55:51,004 [Listener at 0.0.0.0/13265] INFO  ha.SCMNodeInfo (SCMNodeInfo.java:getPort(197)) - ConfigKey ozone.scm.block.client.address is deprecated, For configuring different ports for each SCM use PortConfigKey ozone.scm.block.client.port appended with serviceId and nodeId
2021-07-20 05:55:51,005 [Listener at 0.0.0.0/13265] INFO  ha.SCMNodeInfo (SCMNodeInfo.java:getPort(197)) - ConfigKey ozone.scm.datanode.address is deprecated, For configuring different ports for each SCM use PortConfigKey ozone.scm.datanode.port appended with serviceId and nodeId
2021-07-20 05:55:51,006 [Listener at 0.0.0.0/13265] INFO  ha.SCMNodeInfo (SCMNodeInfo.java:getPort(197)) - ConfigKey ozone.scm.client.address is deprecated, For configuring different ports for each SCM use PortConfigKey ozone.scm.client.port appended with serviceId and nodeId
2021-07-20 05:55:51,006 [Listener at 0.0.0.0/13265] INFO  ha.SCMNodeInfo (SCMNodeInfo.java:getPort(197)) - ConfigKey ozone.scm.block.client.address is deprecated, For configuring different ports for each SCM use PortConfigKey ozone.scm.block.client.port appended with serviceId and nodeId
2021-07-20 05:55:51,006 [Listener at 0.0.0.0/13265] INFO  ha.SCMNodeInfo (SCMNodeInfo.java:getPort(197)) - ConfigKey ozone.scm.datanode.address is deprecated, For configuring different ports for each SCM use PortConfigKey ozone.scm.datanode.port appended with serviceId and nodeId
2021-07-20 05:55:51,010 [org.apache.ratis.util.JvmPauseMonitor$$Lambda$496/1294139740@64836643] INFO  util.JvmPauseMonitor (JvmPauseMonitor.java:run(103)) - JvmPauseMonitor-5c2410e7-10a6-4620-b434-e19b0245711c: Started
2021-07-20 05:55:51,021 [IPC Server handler 0 on default port 13254] INFO  ha.SCMRatisServerImpl (SCMRatisServerImpl.java:addSCM(280)) - a3de057e-22ba-4f20-867a-3c0291662fe2: Submitting SetConfiguration request to Ratis server with new SCM peers list: [a3de057e-22ba-4f20-867a-3c0291662fe2|rpc:localhost:13252|admin:|client:|dataStream:|priority:0, 5c2410e7-10a6-4620-b434-e19b0245711c|rpc:localhost:13262|priority:0]
2021-07-20 05:55:51,033 [IPC Server handler 0 on default port 13254] INFO  server.RaftServer$Division (RaftServerImpl.java:setConfigurationAsync(970)) - a3de057e-22ba-4f20-867a-3c0291662fe2@group-321C7BA85E11: receive setConfiguration SetConfigurationRequest:client-CBF929FB6C7B->a3de057e-22ba-4f20-867a-3c0291662fe2@group-321C7BA85E11, cid=0, seq=0, RW, null, peers:[a3de057e-22ba-4f20-867a-3c0291662fe2|rpc:localhost:13252|admin:|client:|dataStream:|priority:0, 5c2410e7-10a6-4620-b434-e19b0245711c|rpc:localhost:13262|priority:0]
2021-07-20 05:55:51,036 [IPC Server handler 0 on default port 13254] INFO  server.RaftServer$Division (LeaderStateImpl.java:startSetConfiguration(345)) - a3de057e-22ba-4f20-867a-3c0291662fe2@group-321C7BA85E11-LeaderStateImpl: startSetConfiguration SetConfigurationRequest:client-CBF929FB6C7B->a3de057e-22ba-4f20-867a-3c0291662fe2@group-321C7BA85E11, cid=0, seq=0, RW, null, peers:[a3de057e-22ba-4f20-867a-3c0291662fe2|rpc:localhost:13252|admin:|client:|dataStream:|priority:0, 5c2410e7-10a6-4620-b434-e19b0245711c|rpc:localhost:13262|priority:0]
2021-07-20 05:55:51,042 [IPC Server handler 0 on default port 13254] INFO  server.RaftServerConfigKeys (ConfUtils.java:logGet(44)) - raft.server.log.appender.snapshot.chunk.size.max = 16MB (=16777216) (default)
2021-07-20 05:55:51,042 [IPC Server handler 0 on default port 13254] INFO  server.RaftServerConfigKeys (ConfUtils.java:logGet(44)) - raft.server.log.appender.buffer.byte-limit = 33554432 (custom)
2021-07-20 05:55:51,044 [IPC Server handler 0 on default port 13254] INFO  server.RaftServerConfigKeys (ConfUtils.java:logGet(44)) - raft.server.log.appender.buffer.element-limit = 33554432 (custom)
2021-07-20 05:55:51,136 [IPC Server handler 0 on default port 13254] INFO  grpc.GrpcConfigKeys (ConfUtils.java:logGet(44)) - raft.grpc.server.leader.outstanding.appends.max = 128 (default)
2021-07-20 05:55:51,136 [IPC Server handler 0 on default port 13254] INFO  server.RaftServerConfigKeys (ConfUtils.java:logGet(44)) - raft.server.rpc.request.timeout = 30000ms (custom)
2021-07-20 05:55:51,136 [IPC Server handler 0 on default port 13254] INFO  server.RaftServerConfigKeys (ConfUtils.java:logGet(44)) - raft.server.log.appender.install.snapshot.enabled = false (custom)
2021-07-20 05:55:51,137 [IPC Server handler 0 on default port 13254] INFO  metrics.RatisMetrics (RatisMetrics.java:lambda$create$0(36)) - Creating Metrics Registry : ratis_grpc.log_appender.a3de057e-22ba-4f20-867a-3c0291662fe2@group-321C7BA85E11
2021-07-20 05:55:51,137 [IPC Server handler 0 on default port 13254] WARN  impl.MetricRegistriesImpl (MetricRegistriesImpl.java:lambda$create$1(65)) - First MetricRegistry has been created without registering reporters. You may need to call MetricRegistries.global().addReporterRegistration(...) before.
2021-07-20 05:55:51,455 [grpc-default-executor-0] INFO  metrics.RatisMetrics (RatisMetrics.java:lambda$create$0(36)) - Creating Metrics Registry : ratis.server_message_metrics.5c2410e7-10a6-4620-b434-e19b0245711c
2021-07-20 05:55:51,456 [grpc-default-executor-0] WARN  impl.MetricRegistriesImpl (MetricRegistriesImpl.java:lambda$create$1(65)) - First MetricRegistry has been created without registering reporters. You may need to call MetricRegistries.global().addReporterRegistration(...) before.
2021-07-20 05:55:51,467 [grpc-default-executor-0] INFO  ha.SCMStateMachine (SCMStateMachine.java:notifyLeaderChanged(248)) - leader changed, yet current SCM is still follower.
2021-07-20 05:55:51,467 [grpc-default-executor-0] INFO  server.RaftServer$Division (ServerState.java:setLeader(271)) - 5c2410e7-10a6-4620-b434-e19b0245711c@group-321C7BA85E11: change Leader from null to a3de057e-22ba-4f20-867a-3c0291662fe2 at term 2 for appendEntries, leader elected after 571ms
2021-07-20 05:55:51,468 [grpc-default-executor-0] INFO  impl.RoleInfo (RoleInfo.java:updateAndGet(130)) - 5c2410e7-10a6-4620-b434-e19b0245711c: start 5c2410e7-10a6-4620-b434-e19b0245711c@group-321C7BA85E11-FollowerState
2021-07-20 05:55:51,484 [grpc-default-executor-0] INFO  server.RaftServer$Division (ServerState.java:setRaftConf(373)) - 5c2410e7-10a6-4620-b434-e19b0245711c@group-321C7BA85E11: set configuration 0: [a3de057e-22ba-4f20-867a-3c0291662fe2|rpc:localhost:13252|admin:|client:|dataStream:|priority:0], old=null
2021-07-20 05:55:51,484 [grpc-default-executor-0] INFO  server.RaftServer$Division (ServerState.java:setRaftConf(373)) - 5c2410e7-10a6-4620-b434-e19b0245711c@group-321C7BA85E11: set configuration 1: [a3de057e-22ba-4f20-867a-3c0291662fe2|rpc:localhost:13252|admin:|client:|dataStream:|priority:0], old=null
2021-07-20 05:55:51,484 [grpc-default-executor-0] INFO  segmented.SegmentedRaftLogWorker (SegmentedRaftLogWorker.java:startLogSegment(394)) - 5c2410e7-10a6-4620-b434-e19b0245711c@group-321C7BA85E11-SegmentedRaftLogWorker: Starting segment from index:0
2021-07-20 05:55:51,485 [grpc-default-executor-0] INFO  segmented.SegmentedRaftLogWorker (SegmentedRaftLogWorker.java:rollLogSegment(399)) - 5c2410e7-10a6-4620-b434-e19b0245711c@group-321C7BA85E11-SegmentedRaftLogWorker: Rolling segment log-0_0 to index:0
2021-07-20 05:55:51,488 [5c2410e7-10a6-4620-b434-e19b0245711c@group-321C7BA85E11-SegmentedRaftLogWorker] INFO  segmented.SegmentedRaftLogWorker (SegmentedRaftLogWorker.java:execute(601)) - 5c2410e7-10a6-4620-b434-e19b0245711c@group-321C7BA85E11-SegmentedRaftLogWorker: created new log segment /home/runner/work/ozone/ozone/mnt/ozone/hadoop-ozone/integration-test/target/test-dir/MiniOzoneClusterImpl-b2c6a007-39d2-4e45-b76c-321c7ba85e11/scmNode-2/scm-ha/b2c6a007-39d2-4e45-b76c-321c7ba85e11/current/log_inprogress_0
2021-07-20 05:55:51,489 [5c2410e7-10a6-4620-b434-e19b0245711c@group-321C7BA85E11-SegmentedRaftLogWorker] INFO  segmented.SegmentedRaftLogWorker (SegmentedRaftLogWorker.java:execute(558)) - 5c2410e7-10a6-4620-b434-e19b0245711c@group-321C7BA85E11-SegmentedRaftLogWorker: Rolled log segment from /home/runner/work/ozone/ozone/mnt/ozone/hadoop-ozone/integration-test/target/test-dir/MiniOzoneClusterImpl-b2c6a007-39d2-4e45-b76c-321c7ba85e11/scmNode-2/scm-ha/b2c6a007-39d2-4e45-b76c-321c7ba85e11/current/log_inprogress_0 to /home/runner/work/ozone/ozone/mnt/ozone/hadoop-ozone/integration-test/target/test-dir/MiniOzoneClusterImpl-b2c6a007-39d2-4e45-b76c-321c7ba85e11/scmNode-2/scm-ha/b2c6a007-39d2-4e45-b76c-321c7ba85e11/current/log_0-0
2021-07-20 05:55:51,491 [5c2410e7-10a6-4620-b434-e19b0245711c@group-321C7BA85E11-SegmentedRaftLogWorker] INFO  segmented.SegmentedRaftLogWorker (SegmentedRaftLogWorker.java:execute(601)) - 5c2410e7-10a6-4620-b434-e19b0245711c@group-321C7BA85E11-SegmentedRaftLogWorker: created new log segment /home/runner/work/ozone/ozone/mnt/ozone/hadoop-ozone/integration-test/target/test-dir/MiniOzoneClusterImpl-b2c6a007-39d2-4e45-b76c-321c7ba85e11/scmNode-2/scm-ha/b2c6a007-39d2-4e45-b76c-321c7ba85e11/current/log_inprogress_1
2021-07-20 05:55:51,501 [5c2410e7-10a6-4620-b434-e19b0245711c@group-321C7BA85E11-StateMachineUpdater] INFO  safemode.HealthyPipelineSafeModeRule (HealthyPipelineSafeModeRule.java:initializeRule(152)) - Refreshed total pipeline count is 0, healthy pipeline threshold count is 1
2021-07-20 05:55:51,502 [5c2410e7-10a6-4620-b434-e19b0245711c@group-321C7BA85E11-StateMachineUpdater] INFO  safemode.ContainerSafeModeRule (ContainerSafeModeRule.java:reInitializeRule(177)) - Refreshed one replica container threshold 0, currentThreshold 0
2021-07-20 05:55:51,502 [5c2410e7-10a6-4620-b434-e19b0245711c@group-321C7BA85E11-StateMachineUpdater] INFO  safemode.OneReplicaPipelineSafeModeRule (OneReplicaPipelineSafeModeRule.java:initializeRule(176)) - Refreshed Total pipeline count is 0, pipeline's with at least one datanode reported threshold count is 0
2021-07-20 05:55:51,502 [5c2410e7-10a6-4620-b434-e19b0245711c@group-321C7BA85E11-StateMachineUpdater] INFO  server.SCMDatanodeProtocolServer (SCMDatanodeProtocolServer.java:start(181)) - RPC server for DataNodes is listening at /0.0.0.0:13263
2021-07-20 05:55:51,508 [a3de057e-22ba-4f20-867a-3c0291662fe2@group-321C7BA85E11-LeaderStateImpl] INFO  server.RaftServer$Division (ServerState.java:setRaftConf(373)) - a3de057e-22ba-4f20-867a-3c0291662fe2@group-321C7BA85E11: set configuration 3: [a3de057e-22ba-4f20-867a-3c0291662fe2|rpc:localhost:13252|admin:|client:|dataStream:|priority:0, 5c2410e7-10a6-4620-b434-e19b0245711c|rpc:localhost:13262|priority:0], old=[a3de057e-22ba-4f20-867a-3c0291662fe2|rpc:localhost:13252|admin:|client:|dataStream:|priority:0]
2021-07-20 05:55:51,514 [grpc-default-executor-0] INFO  server.RaftServer$Division (ServerState.java:setRaftConf(373)) - 5c2410e7-10a6-4620-b434-e19b0245711c@group-321C7BA85E11: set configuration 3: [a3de057e-22ba-4f20-867a-3c0291662fe2|rpc:localhost:13252|admin:|client:|dataStream:|priority:0, 5c2410e7-10a6-4620-b434-e19b0245711c|rpc:localhost:13262|admin:|client:|dataStream:|priority:0], old=[a3de057e-22ba-4f20-867a-3c0291662fe2|rpc:localhost:13252|admin:|client:|dataStream:|priority:0]
2021-07-20 05:55:51,530 [IPC Server listener on 13263] INFO  ipc.Server (Server.java:run(1344)) - IPC Server listener on 13263: starting
2021-07-20 05:55:51,539 [IPC Server Responder] INFO  ipc.Server (Server.java:run(1507)) - IPC Server Responder: starting
2021-07-20 05:55:51,537 [a3de057e-22ba-4f20-867a-3c0291662fe2@group-321C7BA85E11-LeaderStateImpl] INFO  server.RaftServer$Division (ServerState.java:setRaftConf(373)) - a3de057e-22ba-4f20-867a-3c0291662fe2@group-321C7BA85E11: set configuration 5: [a3de057e-22ba-4f20-867a-3c0291662fe2|rpc:localhost:13252|admin:|client:|dataStream:|priority:0, 5c2410e7-10a6-4620-b434-e19b0245711c|rpc:localhost:13262|priority:0], old=null
2021-07-20 05:55:51,552 [grpc-default-executor-0] INFO  server.RaftServer$Division (ServerState.java:setRaftConf(373)) - 5c2410e7-10a6-4620-b434-e19b0245711c@group-321C7BA85E11: set configuration 5: [a3de057e-22ba-4f20-867a-3c0291662fe2|rpc:localhost:13252|admin:|client:|dataStream:|priority:0, 5c2410e7-10a6-4620-b434-e19b0245711c|rpc:localhost:13262|admin:|client:|dataStream:|priority:0], old=null
2021-07-20 05:55:51,565 [a3de057e-22ba-4f20-867a-3c0291662fe2@group-321C7BA85E11-StateMachineUpdater] INFO  ha.SCMStateMachine (SCMStateMachine.java:takeSnapshot(290)) - Current Snapshot Index 4, takeSnapshot took 0 ms
2021-07-20 05:55:51,565 [a3de057e-22ba-4f20-867a-3c0291662fe2@group-321C7BA85E11-StateMachineUpdater] INFO  impl.StateMachineUpdater (StateMachineUpdater.java:takeSnapshot(281)) - a3de057e-22ba-4f20-867a-3c0291662fe2@group-321C7BA85E11-StateMachineUpdater: Took a snapshot at index 4
2021-07-20 05:55:51,565 [a3de057e-22ba-4f20-867a-3c0291662fe2@group-321C7BA85E11-StateMachineUpdater] INFO  impl.StateMachineUpdater (StateMachineUpdater.java:lambda$new$0(89)) - a3de057e-22ba-4f20-867a-3c0291662fe2@group-321C7BA85E11-StateMachineUpdater: snapshotIndex: updateIncreasingly -1 -> 4
2021-07-20 05:55:51,565 [a3de057e-22ba-4f20-867a-3c0291662fe2@group-321C7BA85E11-StateMachineUpdater] INFO  raftlog.RaftLog (RaftLogBase.java:purge(306)) - a3de057e-22ba-4f20-867a-3c0291662fe2@group-321C7BA85E11-SegmentedRaftLog: purge 4
2021-07-20 05:55:51,566 [a3de057e-22ba-4f20-867a-3c0291662fe2@group-321C7BA85E11-StateMachineUpdater] INFO  raftlog.RaftLog (RaftLogBase.java:lambda$new$0(53)) - a3de057e-22ba-4f20-867a-3c0291662fe2@group-321C7BA85E11-SegmentedRaftLog: snapshotIndex: updateIncreasingly -1 -> 4
2021-07-20 05:55:51,569 [IPC Server handler 0 on default port 13254] INFO  ha.SCMRatisServerImpl (SCMRatisServerImpl.java:addSCM(291)) - Successfully added new SCM: 5c2410e7-10a6-4620-b434-e19b0245711c.
2021-07-20 05:55:51,571 [Listener at 0.0.0.0/13265] INFO  ha.SCMHAManagerImpl (SCMHAManagerImpl.java:start(116)) - Successfully added SCM scmNode-2 to group group-321C7BA85E11:[a3de057e-22ba-4f20-867a-3c0291662fe2|rpc:localhost:13252|admin:|client:|dataStream:|priority:0, 5c2410e7-10a6-4620-b434-e19b0245711c|rpc:localhost:13262|admin:|client:|dataStream:|priority:0]
2021-07-20 05:55:51,572 [Listener at 0.0.0.0/13265] INFO  ha.InterSCMGrpcService (InterSCMGrpcProtocolService.java:start(94)) - Starting SCM Grpc Service at port 13266
2021-07-20 05:55:51,573 [a3de057e-22ba-4f20-867a-3c0291662fe2@group-321C7BA85E11-StateMachineUpdater] INFO  raftlog.RaftLog (RaftLogBase.java:lambda$new$0(53)) - a3de057e-22ba-4f20-867a-3c0291662fe2@group-321C7BA85E11-SegmentedRaftLog: purgeIndex: updateToMax old=-1, new=0, updated? true
2021-07-20 05:55:51,580 [5c2410e7-10a6-4620-b434-e19b0245711c@group-321C7BA85E11-StateMachineUpdater] INFO  ha.SCMStateMachine (SCMStateMachine.java:takeSnapshot(290)) - Current Snapshot Index 5, takeSnapshot took 0 ms
2021-07-20 05:55:51,581 [5c2410e7-10a6-4620-b434-e19b0245711c@group-321C7BA85E11-StateMachineUpdater] INFO  impl.StateMachineUpdater (StateMachineUpdater.java:takeSnapshot(281)) - 5c2410e7-10a6-4620-b434-e19b0245711c@group-321C7BA85E11-StateMachineUpdater: Took a snapshot at index 5
2021-07-20 05:55:51,581 [5c2410e7-10a6-4620-b434-e19b0245711c@group-321C7BA85E11-StateMachineUpdater] INFO  impl.StateMachineUpdater (StateMachineUpdater.java:lambda$new$0(89)) - 5c2410e7-10a6-4620-b434-e19b0245711c@group-321C7BA85E11-StateMachineUpdater: snapshotIndex: updateIncreasingly -1 -> 5
2021-07-20 05:55:51,581 [5c2410e7-10a6-4620-b434-e19b0245711c@group-321C7BA85E11-StateMachineUpdater] INFO  raftlog.RaftLog (RaftLogBase.java:purge(306)) - 5c2410e7-10a6-4620-b434-e19b0245711c@group-321C7BA85E11-SegmentedRaftLog: purge 5
2021-07-20 05:55:51,581 [5c2410e7-10a6-4620-b434-e19b0245711c@group-321C7BA85E11-StateMachineUpdater] INFO  raftlog.RaftLog (RaftLogBase.java:lambda$new$0(53)) - 5c2410e7-10a6-4620-b434-e19b0245711c@group-321C7BA85E11-SegmentedRaftLog: snapshotIndex: updateIncreasingly -1 -> 5
2021-07-20 05:55:51,581 [5c2410e7-10a6-4620-b434-e19b0245711c@group-321C7BA85E11-SegmentedRaftLogWorker] INFO  raftlog.RaftLog (RaftLogBase.java:lambda$new$0(53)) - 5c2410e7-10a6-4620-b434-e19b0245711c@group-321C7BA85E11-SegmentedRaftLog: purgeIndex: updateToMax old=-1, new=0, updated? true
2021-07-20 05:55:51,582 [Listener at 0.0.0.0/13265] INFO  impl.MetricsSystemImpl (MetricsSystemImpl.java:init(158)) - StorageContainerManager metrics system started (again)
2021-07-20 05:55:51,612 [Listener at 0.0.0.0/13265] INFO  server.SCMClientProtocolServer (SCMClientProtocolServer.java:start(165)) - RPC server for Client  is listening at /0.0.0.0:13265
2021-07-20 05:55:51,615 [IPC Server Responder] INFO  ipc.Server (Server.java:run(1507)) - IPC Server Responder: starting
2021-07-20 05:55:51,616 [IPC Server listener on 13265] INFO  ipc.Server (Server.java:run(1344)) - IPC Server listener on 13265: starting
2021-07-20 05:55:51,620 [Listener at 0.0.0.0/13265] INFO  server.StorageContainerManager (StorageContainerManager.java:start(1260)) - ScmBlockLocationProtocol RPC server is listening at /0.0.0.0:13264
2021-07-20 05:55:51,621 [Listener at 0.0.0.0/13265] INFO  server.SCMBlockProtocolServer (SCMBlockProtocolServer.java:start(151)) - RPC server for Block Protocol is listening at /0.0.0.0:13264
2021-07-20 05:55:51,621 [IPC Server Responder] INFO  ipc.Server (Server.java:run(1507)) - IPC Server Responder: starting
2021-07-20 05:55:51,622 [IPC Server listener on 13264] INFO  ipc.Server (Server.java:run(1344)) - IPC Server listener on 13264: starting
2021-07-20 05:55:51,625 [Listener at 0.0.0.0/13265] INFO  server.StorageContainerManager (StorageContainerManager.java:start(1266)) - ScmDatanodeProtocl RPC server is listening at /0.0.0.0:13263
2021-07-20 05:55:51,636 [Listener at 0.0.0.0/13265] INFO  http.BaseHttpServer (BaseHttpServer.java:newHttpServer2BuilderForOzone(209)) - Starting Web-server for scm at: http://0.0.0.0:13260
2021-07-20 05:55:51,636 [Listener at 0.0.0.0/13265] INFO  http.BaseHttpServer (BaseHttpServer.java:<init>(107)) - Hadoop Security Enabled: false Ozone Security Enabled: false Ozone HTTP Security Enabled: false 
2021-07-20 05:55:51,638 [Listener at 0.0.0.0/13265] INFO  server.AuthenticationFilter (AuthenticationFilter.java:constructSecretProvider(240)) - Unable to initialize FileSignerSecretProvider, falling back to use random secrets.
2021-07-20 05:55:51,638 [Listener at 0.0.0.0/13265] WARN  http.HttpRequestLog (HttpRequestLog.java:getRequestLog(103)) - Jetty request log can only be enabled using Log4j
2021-07-20 05:55:51,640 [Listener at 0.0.0.0/13265] INFO  http.HttpServer2 (HttpServer2.java:addGlobalFilter(1020)) - Added global filter 'safety' (class=org.apache.hadoop.hdds.server.http.HttpServer2$QuotingInputFilter)
2021-07-20 05:55:51,641 [Listener at 0.0.0.0/13265] INFO  http.HttpServer2 (HttpServer2.java:addFilter(996)) - Added filter static_user_filter (class=org.apache.hadoop.http.lib.StaticUserWebFilter$StaticUserFilter) to context scm
2021-07-20 05:55:51,641 [Listener at 0.0.0.0/13265] INFO  http.HttpServer2 (HttpServer2.java:addFilter(1004)) - Added filter static_user_filter (class=org.apache.hadoop.http.lib.StaticUserWebFilter$StaticUserFilter) to context logs
2021-07-20 05:55:51,641 [Listener at 0.0.0.0/13265] INFO  http.HttpServer2 (HttpServer2.java:addFilter(1004)) - Added filter static_user_filter (class=org.apache.hadoop.http.lib.StaticUserWebFilter$StaticUserFilter) to context static
2021-07-20 05:55:51,642 [Listener at 0.0.0.0/13265] INFO  http.HttpServer2 (HttpServer2.java:bindListener(1238)) - Jetty bound to port 13260
2021-07-20 05:55:51,642 [Listener at 0.0.0.0/13265] INFO  server.Server (Server.java:doStart(375)) - jetty-9.4.35.v20201120; built: 2020-11-20T21:17:03.964Z; git: bdc54f03a5e0a7e280fab27f55c3c75ee8da89fb; jvm 1.8.0_292-b10
2021-07-20 05:55:51,638 [org.apache.hadoop.util.JvmPauseMonitor$Monitor@47cf922d] INFO  util.JvmPauseMonitor (JvmPauseMonitor.java:run(188)) - Starting JVM pause monitor
2021-07-20 05:55:51,654 [Listener at 0.0.0.0/13265] INFO  server.session (DefaultSessionIdManager.java:doStart(334)) - DefaultSessionIdManager workerName=node0
2021-07-20 05:55:51,654 [Listener at 0.0.0.0/13265] INFO  server.session (DefaultSessionIdManager.java:doStart(339)) - No SessionScavenger set, using defaults
2021-07-20 05:55:51,654 [Listener at 0.0.0.0/13265] INFO  server.session (HouseKeeper.java:startScavenging(132)) - node0 Scavenging every 660000ms
2021-07-20 05:55:51,655 [Listener at 0.0.0.0/13265] INFO  handler.ContextHandler (ContextHandler.java:doStart(916)) - Started o.e.j.s.ServletContextHandler@1a99744a{logs,/logs,file:///home/runner/work/ozone/ozone/mnt/ozone/hadoop-ozone/integration-test/target/log,AVAILABLE}
2021-07-20 05:55:51,655 [Listener at 0.0.0.0/13265] INFO  handler.ContextHandler (ContextHandler.java:doStart(916)) - Started o.e.j.s.ServletContextHandler@66d73e2d{static,/static,file:///home/runner/work/ozone/ozone/mnt/ozone/hadoop-ozone/integration-test/target/test-classes/webapps/static,AVAILABLE}
2021-07-20 05:55:51,659 [Listener at 0.0.0.0/13265] INFO  handler.ContextHandler (ContextHandler.java:doStart(916)) - Started o.e.j.w.WebAppContext@6b60d99c{scm,/,file:///home/runner/work/ozone/ozone/mnt/ozone/hadoop-ozone/integration-test/target/test-classes/webapps/scm/,AVAILABLE}{file:/home/runner/work/ozone/ozone/mnt/ozone/hadoop-ozone/integration-test/target/test-classes/webapps/scm}
2021-07-20 05:55:51,668 [Listener at 0.0.0.0/13265] INFO  server.AbstractConnector (AbstractConnector.java:doStart(331)) - Started ServerConnector@5b3c2a9f{HTTP/1.1, (http/1.1)}{0.0.0.0:13260}
2021-07-20 05:55:51,668 [Listener at 0.0.0.0/13265] INFO  server.Server (Server.java:doStart(415)) - Started @18217ms
2021-07-20 05:55:51,669 [Listener at 0.0.0.0/13265] WARN  impl.MetricsSystemImpl (MetricsSystemImpl.java:register(279)) - Sink prometheus already exists!
2021-07-20 05:55:51,669 [Listener at 0.0.0.0/13265] INFO  http.BaseHttpServer (BaseHttpServer.java:updateConnectorAddress(329)) - HTTP server of scm listening at http://0.0.0.0:13260
2021-07-20 05:55:51,669 [Listener at 0.0.0.0/13265] INFO  ozone.MiniOzoneHAClusterImpl (MiniOzoneHAClusterImpl.java:createSCMService(548)) - Started SCM RPC server at org.apache.hadoop.hdds.scm.server.SCMClientProtocolServer@543a7605
2021-07-20 05:55:51,670 [Listener at 0.0.0.0/13265] INFO  ha.SCMHANodeDetails (SCMHANodeDetails.java:loadSCMHAConfig(157)) - ServiceID for StorageContainerManager is scm-service-test1
2021-07-20 05:55:51,670 [Listener at 0.0.0.0/13265] INFO  ha.SCMHANodeDetails (SCMHANodeDetails.java:loadSCMHAConfig(168)) - ServiceID for StorageContainerManager is scm-service-test1
2021-07-20 05:55:51,671 [Listener at 0.0.0.0/13265] WARN  scm.ScmUtils (ScmUtils.java:logWarn(179)) - ConfigKey ozone.scm.block.client.address is deprecated, For configuring different ports for each SCM use PortConfigKey ozone.scm.block.client.port appended with serviceId and nodeId. If want to configure same port configure ozone.scm.block.client.port
2021-07-20 05:55:51,671 [Listener at 0.0.0.0/13265] WARN  scm.ScmUtils (ScmUtils.java:logWarn(179)) - ConfigKey ozone.scm.client.address is deprecated, For configuring different ports for each SCM use PortConfigKey ozone.scm.client.port appended with serviceId and nodeId. If want to configure same port configure ozone.scm.client.port
2021-07-20 05:55:51,671 [Listener at 0.0.0.0/13265] WARN  scm.ScmUtils (ScmUtils.java:logWarn(179)) - ConfigKey ozone.scm.datanode.address is deprecated, For configuring different ports for each SCM use PortConfigKey ozone.scm.datanode.port appended with serviceId and nodeId. If want to configure same port configure ozone.scm.datanode.port
2021-07-20 05:55:51,672 [Listener at 0.0.0.0/13265] WARN  scm.ScmUtils (ScmUtils.java:logWarn(179)) - ConfigKey ozone.scm.block.client.address is deprecated, For configuring different ports for each SCM use PortConfigKey ozone.scm.block.client.port appended with serviceId and nodeId. If want to configure same port configure ozone.scm.block.client.port
2021-07-20 05:55:51,672 [Listener at 0.0.0.0/13265] WARN  scm.ScmUtils (ScmUtils.java:logWarn(179)) - ConfigKey ozone.scm.client.address is deprecated, For configuring different ports for each SCM use PortConfigKey ozone.scm.client.port appended with serviceId and nodeId. If want to configure same port configure ozone.scm.client.port
2021-07-20 05:55:51,672 [Listener at 0.0.0.0/13265] WARN  scm.ScmUtils (ScmUtils.java:logWarn(179)) - ConfigKey ozone.scm.datanode.address is deprecated, For configuring different ports for each SCM use PortConfigKey ozone.scm.datanode.port appended with serviceId and nodeId. If want to configure same port configure ozone.scm.datanode.port
2021-07-20 05:55:51,673 [Listener at 0.0.0.0/13265] INFO  ha.SCMHANodeDetails (SCMHANodeDetails.java:loadSCMHAConfig(250)) - Found matching SCM address with SCMServiceId: scm-service-test1, SCMNodeId: scmNode-3, RPC Address: localhost:13272 and Ratis port: 13272
2021-07-20 05:55:51,674 [Listener at 0.0.0.0/13265] INFO  ha.SCMHANodeDetails (ConfUtils.java:setNodeSpecificConfigs(108)) - Setting configuration key ozone.scm.datanode.address with value of key ozone.scm.datanode.address.scm-service-test1.scmNode-3: 127.0.0.1:13273
2021-07-20 05:55:51,674 [Listener at 0.0.0.0/13265] INFO  ha.SCMHANodeDetails (ConfUtils.java:setNodeSpecificConfigs(108)) - Setting configuration key ozone.scm.block.client.address with value of key ozone.scm.block.client.address.scm-service-test1.scmNode-3: 127.0.0.1:13274
2021-07-20 05:55:51,675 [Listener at 0.0.0.0/13265] INFO  ha.SCMHANodeDetails (ConfUtils.java:setNodeSpecificConfigs(108)) - Setting configuration key ozone.scm.client.address with value of key ozone.scm.client.address.scm-service-test1.scmNode-3: 127.0.0.1:13275
2021-07-20 05:55:51,675 [Listener at 0.0.0.0/13265] INFO  ha.SCMHANodeDetails (ConfUtils.java:setNodeSpecificConfigs(108)) - Setting configuration key ozone.scm.ratis.port with value of key ozone.scm.ratis.port.scm-service-test1.scmNode-3: 13272
2021-07-20 05:55:51,675 [Listener at 0.0.0.0/13265] INFO  ha.SCMHANodeDetails (ConfUtils.java:setNodeSpecificConfigs(108)) - Setting configuration key ozone.scm.grpc.port with value of key ozone.scm.grpc.port.scm-service-test1.scmNode-3: 13276
2021-07-20 05:55:51,675 [Listener at 0.0.0.0/13265] INFO  ha.SCMHANodeDetails (ConfUtils.java:setNodeSpecificConfigs(108)) - Setting configuration key ozone.scm.http-address with value of key ozone.scm.http-address.scm-service-test1.scmNode-3: 127.0.0.1:13270
2021-07-20 05:55:51,675 [Listener at 0.0.0.0/13265] INFO  ha.SCMHANodeDetails (ConfUtils.java:setNodeSpecificConfigs(108)) - Setting configuration key ozone.scm.https-address with value of key ozone.scm.https-address.scm-service-test1.scmNode-3: 127.0.0.1:13271
2021-07-20 05:55:51,675 [Listener at 0.0.0.0/13265] INFO  ha.SCMHANodeDetails (ConfUtils.java:setNodeSpecificConfigs(108)) - Setting configuration key ozone.scm.address with value of key ozone.scm.address.scm-service-test1.scmNode-3: 127.0.0.1
2021-07-20 05:55:51,676 [Listener at 0.0.0.0/13265] WARN  scm.ScmUtils (ScmUtils.java:logWarn(179)) - ConfigKey ozone.scm.block.client.address is deprecated, For configuring different ports for each SCM use PortConfigKey ozone.scm.block.client.port appended with serviceId and nodeId. If want to configure same port configure ozone.scm.block.client.port
2021-07-20 05:55:51,676 [Listener at 0.0.0.0/13265] WARN  scm.ScmUtils (ScmUtils.java:logWarn(179)) - ConfigKey ozone.scm.client.address is deprecated, For configuring different ports for each SCM use PortConfigKey ozone.scm.client.port appended with serviceId and nodeId. If want to configure same port configure ozone.scm.client.port
2021-07-20 05:55:51,676 [Listener at 0.0.0.0/13265] WARN  scm.ScmUtils (ScmUtils.java:logWarn(179)) - ConfigKey ozone.scm.datanode.address is deprecated, For configuring different ports for each SCM use PortConfigKey ozone.scm.datanode.port appended with serviceId and nodeId. If want to configure same port configure ozone.scm.datanode.port
2021-07-20 05:55:51,677 [Listener at 0.0.0.0/13265] WARN  server.ServerUtils (ServerUtils.java:getScmDbDir(148)) - ozone.scm.db.dirs is not configured. We recommend adding this setting. Falling back to ozone.metadata.dirs instead.
2021-07-20 05:55:51,679 [Listener at 0.0.0.0/13265] INFO  ha.SCMNodeInfo (SCMNodeInfo.java:getPort(197)) - ConfigKey ozone.scm.client.address is deprecated, For configuring different ports for each SCM use PortConfigKey ozone.scm.client.port appended with serviceId and nodeId
2021-07-20 05:55:51,679 [Listener at 0.0.0.0/13265] INFO  ha.SCMNodeInfo (SCMNodeInfo.java:getPort(197)) - ConfigKey ozone.scm.block.client.address is deprecated, For configuring different ports for each SCM use PortConfigKey ozone.scm.block.client.port appended with serviceId and nodeId
2021-07-20 05:55:51,679 [Listener at 0.0.0.0/13265] INFO  ha.SCMNodeInfo (SCMNodeInfo.java:getPort(197)) - ConfigKey ozone.scm.datanode.address is deprecated, For configuring different ports for each SCM use PortConfigKey ozone.scm.datanode.port appended with serviceId and nodeId
2021-07-20 05:55:51,679 [Listener at 0.0.0.0/13265] INFO  ha.SCMNodeInfo (SCMNodeInfo.java:getPort(197)) - ConfigKey ozone.scm.client.address is deprecated, For configuring different ports for each SCM use PortConfigKey ozone.scm.client.port appended with serviceId and nodeId
2021-07-20 05:55:51,679 [Listener at 0.0.0.0/13265] INFO  ha.SCMNodeInfo (SCMNodeInfo.java:getPort(197)) - ConfigKey ozone.scm.block.client.address is deprecated, For configuring different ports for each SCM use PortConfigKey ozone.scm.block.client.port appended with serviceId and nodeId
2021-07-20 05:55:51,679 [Listener at 0.0.0.0/13265] INFO  ha.SCMNodeInfo (SCMNodeInfo.java:getPort(197)) - ConfigKey ozone.scm.datanode.address is deprecated, For configuring different ports for each SCM use PortConfigKey ozone.scm.datanode.port appended with serviceId and nodeId
2021-07-20 05:55:51,680 [Listener at 0.0.0.0/13265] INFO  ha.SCMNodeInfo (SCMNodeInfo.java:getPort(197)) - ConfigKey ozone.scm.client.address is deprecated, For configuring different ports for each SCM use PortConfigKey ozone.scm.client.port appended with serviceId and nodeId
2021-07-20 05:55:51,680 [Listener at 0.0.0.0/13265] INFO  ha.SCMNodeInfo (SCMNodeInfo.java:getPort(197)) - ConfigKey ozone.scm.block.client.address is deprecated, For configuring different ports for each SCM use PortConfigKey ozone.scm.block.client.port appended with serviceId and nodeId
2021-07-20 05:55:51,680 [Listener at 0.0.0.0/13265] INFO  ha.SCMNodeInfo (SCMNodeInfo.java:getPort(197)) - ConfigKey ozone.scm.datanode.address is deprecated, For configuring different ports for each SCM use PortConfigKey ozone.scm.datanode.port appended with serviceId and nodeId
2021-07-20 05:55:51,699 [Listener at 0.0.0.0/13265] INFO  server.StorageContainerManager (StorageContainerManager.java:scmBootstrap(945)) - SCM BootStrap  is successful for ClusterID b2c6a007-39d2-4e45-b76c-321c7ba85e11, SCMID 905d2630-d761-45f8-9e86-789d0a84fbcd
2021-07-20 05:55:51,699 [Listener at 0.0.0.0/13265] INFO  server.StorageContainerManager (StorageContainerManager.java:scmBootstrap(947)) - Primary SCM Node ID a3de057e-22ba-4f20-867a-3c0291662fe2
2021-07-20 05:55:51,700 [Listener at 0.0.0.0/13265] INFO  ha.SCMHANodeDetails (SCMHANodeDetails.java:loadSCMHAConfig(157)) - ServiceID for StorageContainerManager is scm-service-test1
2021-07-20 05:55:51,700 [Listener at 0.0.0.0/13265] INFO  ha.SCMHANodeDetails (SCMHANodeDetails.java:loadSCMHAConfig(168)) - ServiceID for StorageContainerManager is scm-service-test1
2021-07-20 05:55:51,700 [Listener at 0.0.0.0/13265] WARN  scm.ScmUtils (ScmUtils.java:logWarn(179)) - ConfigKey ozone.scm.block.client.address is deprecated, For configuring different ports for each SCM use PortConfigKey ozone.scm.block.client.port appended with serviceId and nodeId. If want to configure same port configure ozone.scm.block.client.port
2021-07-20 05:55:51,700 [Listener at 0.0.0.0/13265] WARN  scm.ScmUtils (ScmUtils.java:logWarn(179)) - ConfigKey ozone.scm.client.address is deprecated, For configuring different ports for each SCM use PortConfigKey ozone.scm.client.port appended with serviceId and nodeId. If want to configure same port configure ozone.scm.client.port
2021-07-20 05:55:51,700 [Listener at 0.0.0.0/13265] WARN  scm.ScmUtils (ScmUtils.java:logWarn(179)) - ConfigKey ozone.scm.datanode.address is deprecated, For configuring different ports for each SCM use PortConfigKey ozone.scm.datanode.port appended with serviceId and nodeId. If want to configure same port configure ozone.scm.datanode.port
2021-07-20 05:55:51,700 [Listener at 0.0.0.0/13265] WARN  scm.ScmUtils (ScmUtils.java:logWarn(179)) - ConfigKey ozone.scm.block.client.address is deprecated, For configuring different ports for each SCM use PortConfigKey ozone.scm.block.client.port appended with serviceId and nodeId. If want to configure same port configure ozone.scm.block.client.port
2021-07-20 05:55:51,701 [Listener at 0.0.0.0/13265] WARN  scm.ScmUtils (ScmUtils.java:logWarn(179)) - ConfigKey ozone.scm.client.address is deprecated, For configuring different ports for each SCM use PortConfigKey ozone.scm.client.port appended with serviceId and nodeId. If want to configure same port configure ozone.scm.client.port
2021-07-20 05:55:51,701 [Listener at 0.0.0.0/13265] WARN  scm.ScmUtils (ScmUtils.java:logWarn(179)) - ConfigKey ozone.scm.datanode.address is deprecated, For configuring different ports for each SCM use PortConfigKey ozone.scm.datanode.port appended with serviceId and nodeId. If want to configure same port configure ozone.scm.datanode.port
2021-07-20 05:55:51,701 [Listener at 0.0.0.0/13265] INFO  ha.SCMHANodeDetails (SCMHANodeDetails.java:loadSCMHAConfig(250)) - Found matching SCM address with SCMServiceId: scm-service-test1, SCMNodeId: scmNode-3, RPC Address: localhost:13272 and Ratis port: 13272
2021-07-20 05:55:51,701 [Listener at 0.0.0.0/13265] INFO  ha.SCMHANodeDetails (ConfUtils.java:setNodeSpecificConfigs(108)) - Setting configuration key ozone.scm.datanode.address with value of key ozone.scm.datanode.address.scm-service-test1.scmNode-3: 127.0.0.1:13273
2021-07-20 05:55:51,701 [Listener at 0.0.0.0/13265] INFO  ha.SCMHANodeDetails (ConfUtils.java:setNodeSpecificConfigs(108)) - Setting configuration key ozone.scm.block.client.address with value of key ozone.scm.block.client.address.scm-service-test1.scmNode-3: 127.0.0.1:13274
2021-07-20 05:55:51,701 [Listener at 0.0.0.0/13265] INFO  ha.SCMHANodeDetails (ConfUtils.java:setNodeSpecificConfigs(108)) - Setting configuration key ozone.scm.client.address with value of key ozone.scm.client.address.scm-service-test1.scmNode-3: 127.0.0.1:13275
2021-07-20 05:55:51,701 [Listener at 0.0.0.0/13265] INFO  ha.SCMHANodeDetails (ConfUtils.java:setNodeSpecificConfigs(108)) - Setting configuration key ozone.scm.ratis.port with value of key ozone.scm.ratis.port.scm-service-test1.scmNode-3: 13272
2021-07-20 05:55:51,702 [Listener at 0.0.0.0/13265] INFO  ha.SCMHANodeDetails (ConfUtils.java:setNodeSpecificConfigs(108)) - Setting configuration key ozone.scm.grpc.port with value of key ozone.scm.grpc.port.scm-service-test1.scmNode-3: 13276
2021-07-20 05:55:51,702 [Listener at 0.0.0.0/13265] INFO  ha.SCMHANodeDetails (ConfUtils.java:setNodeSpecificConfigs(108)) - Setting configuration key ozone.scm.http-address with value of key ozone.scm.http-address.scm-service-test1.scmNode-3: 127.0.0.1:13270
2021-07-20 05:55:51,702 [Listener at 0.0.0.0/13265] INFO  ha.SCMHANodeDetails (ConfUtils.java:setNodeSpecificConfigs(108)) - Setting configuration key ozone.scm.https-address with value of key ozone.scm.https-address.scm-service-test1.scmNode-3: 127.0.0.1:13271
2021-07-20 05:55:51,702 [Listener at 0.0.0.0/13265] INFO  ha.SCMHANodeDetails (ConfUtils.java:setNodeSpecificConfigs(108)) - Setting configuration key ozone.scm.address with value of key ozone.scm.address.scm-service-test1.scmNode-3: 127.0.0.1
2021-07-20 05:55:51,702 [Listener at 0.0.0.0/13265] WARN  scm.ScmUtils (ScmUtils.java:logWarn(179)) - ConfigKey ozone.scm.block.client.address is deprecated, For configuring different ports for each SCM use PortConfigKey ozone.scm.block.client.port appended with serviceId and nodeId. If want to configure same port configure ozone.scm.block.client.port
2021-07-20 05:55:51,702 [Listener at 0.0.0.0/13265] WARN  scm.ScmUtils (ScmUtils.java:logWarn(179)) - ConfigKey ozone.scm.client.address is deprecated, For configuring different ports for each SCM use PortConfigKey ozone.scm.client.port appended with serviceId and nodeId. If want to configure same port configure ozone.scm.client.port
2021-07-20 05:55:51,702 [Listener at 0.0.0.0/13265] WARN  scm.ScmUtils (ScmUtils.java:logWarn(179)) - ConfigKey ozone.scm.datanode.address is deprecated, For configuring different ports for each SCM use PortConfigKey ozone.scm.datanode.port appended with serviceId and nodeId. If want to configure same port configure ozone.scm.datanode.port
2021-07-20 05:55:51,707 [Listener at 0.0.0.0/13265] WARN  server.ServerUtils (ServerUtils.java:getScmDbDir(148)) - ozone.scm.db.dirs is not configured. We recommend adding this setting. Falling back to ozone.metadata.dirs instead.
2021-07-20 05:55:51,708 [Listener at 0.0.0.0/13265] INFO  upgrade.AbstractLayoutVersionManager (AbstractLayoutVersionManager.java:init(70)) - Initializing Layout version manager with metadata layout = SCM_HA (version = 2), software layout = SCM_HA (version = 2)
2021-07-20 05:55:51,757 [Listener at 0.0.0.0/13265] INFO  reflections.Reflections (Reflections.java:scan(232)) - Reflections took 48 ms to scan 7 urls, producing 119 keys and 271 values 
2021-07-20 05:55:51,764 [Listener at 0.0.0.0/13265] WARN  utils.HAUtils (HAUtils.java:getMetaDir(342)) - ozone.scm.db.dirs is not configured. We recommend adding this setting. Falling back to ozone.metadata.dirs instead.
2021-07-20 05:55:51,765 [Listener at 0.0.0.0/13265] WARN  db.DBStoreBuilder (DBStoreBuilder.java:applyDBDefinition(145)) - ozone.scm.db.dirs is not configured. We recommend adding this setting. Falling back to ozone.metadata.dirs instead.
2021-07-20 05:55:51,847 [Listener at 0.0.0.0/13265] INFO  net.NodeSchemaLoader (NodeSchemaLoader.java:loadSchemaFromFile(129)) - Loading schema from [jar:file:/home/runner/.m2/repository/org/apache/ozone/hdds-common/1.2.0-SNAPSHOT/hdds-common-1.2.0-SNAPSHOT.jar!/network-topology-default.xml]
2021-07-20 05:55:51,847 [Listener at 0.0.0.0/13265] INFO  net.NodeSchemaLoader (NodeSchemaLoader.java:loadSchema(176)) - Loading network topology layer schema file
2021-07-20 05:55:51,860 [Listener at 0.0.0.0/13265] INFO  ha.SCMRatisServerImpl (SCMRatisServerImpl.java:<init>(85)) - starting Raft server for scm:905d2630-d761-45f8-9e86-789d0a84fbcd
2021-07-20 05:55:51,861 [Listener at 0.0.0.0/13265] INFO  server.RaftServer (ConfUtils.java:logGet(44)) - raft.rpc.type = GRPC (default)
2021-07-20 05:55:51,862 [Listener at 0.0.0.0/13265] INFO  grpc.GrpcFactory (GrpcFactory.java:checkPooledByteBufAllocatorUseCacheForAllThreads(48)) - PERFORMANCE WARNING: useCacheForAllThreads is true that may cause Netty to create a lot garbage objects and, as a result, trigger GC.
	It is recommended to disable useCacheForAllThreads by setting -Dorg.apache.ratis.thirdparty.io.netty.allocator.useCacheForAllThreads=false in command line.
2021-07-20 05:55:51,862 [Listener at 0.0.0.0/13265] INFO  grpc.GrpcConfigKeys (ConfUtils.java:logGet(44)) - raft.grpc.admin.port = -1 (default)
2021-07-20 05:55:51,862 [Listener at 0.0.0.0/13265] INFO  grpc.GrpcConfigKeys (ConfUtils.java:logGet(44)) - raft.grpc.server.port = 13272 (custom)
2021-07-20 05:55:51,862 [Listener at 0.0.0.0/13265] INFO  grpc.GrpcConfigKeys (ConfUtils.java:logGet(44)) - raft.grpc.client.port = -1 (default)
2021-07-20 05:55:51,863 [Listener at 0.0.0.0/13265] INFO  grpc.GrpcConfigKeys (ConfUtils.java:logGet(44)) - raft.grpc.server.port = 13272 (custom)
2021-07-20 05:55:51,863 [Listener at 0.0.0.0/13265] INFO  grpc.GrpcConfigKeys (ConfUtils.java:logGet(44)) - raft.grpc.server.port = 13272 (custom)
2021-07-20 05:55:51,863 [Listener at 0.0.0.0/13265] INFO  server.GrpcService (ConfUtils.java:logGet(44)) - raft.grpc.message.size.max = 32m (=33554432) (custom)
2021-07-20 05:55:51,863 [Listener at 0.0.0.0/13265] INFO  server.RaftServerConfigKeys (ConfUtils.java:logGet(44)) - raft.server.log.appender.buffer.byte-limit = 33554432 (custom)
2021-07-20 05:55:51,863 [Listener at 0.0.0.0/13265] INFO  server.GrpcService (ConfUtils.java:logGet(44)) - raft.grpc.flow.control.window = 1MB (=1048576) (default)
2021-07-20 05:55:51,864 [Listener at 0.0.0.0/13265] INFO  server.RaftServerConfigKeys (ConfUtils.java:logGet(44)) - raft.server.rpc.request.timeout = 30000ms (custom)
2021-07-20 05:55:52,012 [Listener at 0.0.0.0/13265] INFO  impl.DataStreamServerImpl (ConfUtils.java:logGet(44)) - raft.datastream.type = DISABLED (default)
2021-07-20 05:55:52,013 [Listener at 0.0.0.0/13265] INFO  server.RaftServerConfigKeys (ConfUtils.java:logGet(44)) - raft.server.rpc.slowness.timeout = 120000ms (custom)
2021-07-20 05:55:52,013 [Listener at 0.0.0.0/13265] INFO  server.RaftServerConfigKeys (ConfUtils.java:logGet(44)) - raft.server.leaderelection.leader.step-down.wait-time = 10s (default)
2021-07-20 05:55:52,013 [Listener at 0.0.0.0/13265] INFO  server.RaftServerConfigKeys (ConfUtils.java:logGet(44)) - raft.server.storage.dir = [/home/runner/work/ozone/ozone/mnt/ozone/hadoop-ozone/integration-test/target/test-dir/MiniOzoneClusterImpl-b2c6a007-39d2-4e45-b76c-321c7ba85e11/scmNode-3/scm-ha] (custom)
2021-07-20 05:55:52,015 [Listener at 0.0.0.0/13265] INFO  server.RaftServer (RaftServerProxy.java:addNew(95)) - 905d2630-d761-45f8-9e86-789d0a84fbcd: addNew group-321C7BA85E11:[] returns group-321C7BA85E11:java.util.concurrent.CompletableFuture@402fdef1[Not completed]
2021-07-20 05:55:52,018 [pool-54-thread-1] INFO  server.RaftServer$Division (RaftServerImpl.java:<init>(180)) - 905d2630-d761-45f8-9e86-789d0a84fbcd: new RaftServerImpl for group-321C7BA85E11:[] with SCMStateMachine:uninitialized
2021-07-20 05:55:52,019 [pool-54-thread-1] INFO  server.RaftServerConfigKeys (ConfUtils.java:logGet(44)) - raft.server.rpc.timeout.min = 5000ms (custom)
2021-07-20 05:55:52,019 [pool-54-thread-1] INFO  server.RaftServerConfigKeys (ConfUtils.java:logGet(44)) - raft.server.rpc.timeout.max = 5200ms (custom)
2021-07-20 05:55:52,019 [pool-54-thread-1] INFO  server.RaftServerConfigKeys (ConfUtils.java:logGet(44)) - raft.server.rpc.sleep.time = 25ms (default)
2021-07-20 05:55:52,020 [pool-54-thread-1] INFO  server.RaftServerConfigKeys (ConfUtils.java:logGet(44)) - raft.server.rpc.slowness.timeout = 120000ms (custom)
2021-07-20 05:55:52,020 [pool-54-thread-1] INFO  server.RaftServerConfigKeys (ConfUtils.java:logGet(44)) - raft.server.leaderelection.leader.step-down.wait-time = 10s (default)
2021-07-20 05:55:52,020 [pool-54-thread-1] INFO  server.RaftServerConfigKeys (ConfUtils.java:logGet(44)) - raft.server.sleep.deviation.threshold = 300ms (default)
2021-07-20 05:55:52,020 [pool-54-thread-1] INFO  server.RaftServerConfigKeys (ConfUtils.java:logGet(44)) - raft.server.log.appender.install.snapshot.enabled = false (custom)
2021-07-20 05:55:52,020 [pool-54-thread-1] INFO  server.RaftServer$Division (ServerState.java:<init>(105)) - 905d2630-d761-45f8-9e86-789d0a84fbcd@group-321C7BA85E11: ConfigurationManager, init=-1: [], old=null, confs=<EMPTY_MAP>
2021-07-20 05:55:52,020 [pool-54-thread-1] INFO  server.RaftServerConfigKeys (ConfUtils.java:logGet(44)) - raft.server.storage.dir = [/home/runner/work/ozone/ozone/mnt/ozone/hadoop-ozone/integration-test/target/test-dir/MiniOzoneClusterImpl-b2c6a007-39d2-4e45-b76c-321c7ba85e11/scmNode-3/scm-ha] (custom)
2021-07-20 05:55:52,022 [pool-54-thread-1] INFO  server.RaftServerConfigKeys (ConfUtils.java:logGet(44)) - raft.server.log.corruption.policy = EXCEPTION (default)
2021-07-20 05:55:52,022 [pool-54-thread-1] INFO  storage.RaftStorageDirectory (RaftStorageDirectoryImpl.java:analyzeStorage(132)) - The storage directory /home/runner/work/ozone/ozone/mnt/ozone/hadoop-ozone/integration-test/target/test-dir/MiniOzoneClusterImpl-b2c6a007-39d2-4e45-b76c-321c7ba85e11/scmNode-3/scm-ha/b2c6a007-39d2-4e45-b76c-321c7ba85e11 does not exist. Creating ...
2021-07-20 05:55:52,024 [pool-54-thread-1] INFO  storage.RaftStorageDirectory (RaftStorageDirectoryImpl.java:tryLock(215)) - Lock on /home/runner/work/ozone/ozone/mnt/ozone/hadoop-ozone/integration-test/target/test-dir/MiniOzoneClusterImpl-b2c6a007-39d2-4e45-b76c-321c7ba85e11/scmNode-3/scm-ha/b2c6a007-39d2-4e45-b76c-321c7ba85e11/in_use.lock acquired by nodename 3531@fv-az291-163
2021-07-20 05:55:52,027 [pool-54-thread-1] INFO  storage.RaftStorage (RaftStorageImpl.java:format(87)) - Storage directory /home/runner/work/ozone/ozone/mnt/ozone/hadoop-ozone/integration-test/target/test-dir/MiniOzoneClusterImpl-b2c6a007-39d2-4e45-b76c-321c7ba85e11/scmNode-3/scm-ha/b2c6a007-39d2-4e45-b76c-321c7ba85e11 has been successfully formatted.
2021-07-20 05:55:52,028 [pool-54-thread-1] INFO  server.RaftServerConfigKeys (ConfUtils.java:logGet(44)) - raft.server.notification.no-leader.timeout = 60s (default)
2021-07-20 05:55:52,028 [pool-54-thread-1] INFO  server.RaftServerConfigKeys (ConfUtils.java:logGet(44)) - raft.server.log.use.memory = false (default)
2021-07-20 05:55:52,028 [pool-54-thread-1] INFO  server.RaftServerConfigKeys (ConfUtils.java:logGet(44)) - raft.server.log.purge.gap = 5 (custom)
2021-07-20 05:55:52,028 [pool-54-thread-1] INFO  server.RaftServerConfigKeys (ConfUtils.java:logGet(44)) - raft.server.log.appender.buffer.byte-limit = 33554432 (custom)
2021-07-20 05:55:52,028 [pool-54-thread-1] INFO  metrics.RatisMetrics (RatisMetrics.java:lambda$create$0(36)) - Creating Metrics Registry : ratis.log_worker.905d2630-d761-45f8-9e86-789d0a84fbcd@group-321C7BA85E11
2021-07-20 05:55:52,028 [pool-54-thread-1] WARN  impl.MetricRegistriesImpl (MetricRegistriesImpl.java:lambda$create$1(65)) - First MetricRegistry has been created without registering reporters. You may need to call MetricRegistries.global().addReporterRegistration(...) before.
2021-07-20 05:55:52,028 [pool-54-thread-1] INFO  server.RaftServerConfigKeys (ConfUtils.java:logGet(44)) - raft.server.log.segment.size.max = 16384 (custom)
2021-07-20 05:55:52,028 [pool-54-thread-1] INFO  server.RaftServerConfigKeys (ConfUtils.java:logGet(44)) - raft.server.log.segment.cache.num.max = 2 (custom)
2021-07-20 05:55:52,028 [pool-54-thread-1] INFO  server.RaftServerConfigKeys (ConfUtils.java:logGet(44)) - raft.server.log.segment.cache.size.max = 200MB (=209715200) (default)
2021-07-20 05:55:52,028 [pool-54-thread-1] INFO  segmented.SegmentedRaftLogWorker (SegmentedRaftLogWorker.java:<init>(182)) - new 905d2630-d761-45f8-9e86-789d0a84fbcd@group-321C7BA85E11-SegmentedRaftLogWorker for RaftStorageImpl:Storage Directory /home/runner/work/ozone/ozone/mnt/ozone/hadoop-ozone/integration-test/target/test-dir/MiniOzoneClusterImpl-b2c6a007-39d2-4e45-b76c-321c7ba85e11/scmNode-3/scm-ha/b2c6a007-39d2-4e45-b76c-321c7ba85e11
2021-07-20 05:55:52,028 [pool-54-thread-1] INFO  server.RaftServerConfigKeys (ConfUtils.java:logGet(44)) - raft.server.log.queue.byte-limit = 64MB (=67108864) (default)
2021-07-20 05:55:52,029 [pool-54-thread-1] INFO  server.RaftServerConfigKeys (ConfUtils.java:logGet(44)) - raft.server.log.queue.element-limit = 4096 (default)
2021-07-20 05:55:52,029 [pool-54-thread-1] INFO  server.RaftServerConfigKeys (ConfUtils.java:logGet(44)) - raft.server.log.segment.size.max = 16384 (custom)
2021-07-20 05:55:52,029 [pool-54-thread-1] INFO  server.RaftServerConfigKeys (ConfUtils.java:logGet(44)) - raft.server.log.preallocated.size = 16384 (custom)
2021-07-20 05:55:52,029 [pool-54-thread-1] INFO  server.RaftServerConfigKeys (ConfUtils.java:logGet(44)) - raft.server.log.force.sync.num = 128 (default)
2021-07-20 05:55:52,029 [pool-54-thread-1] INFO  server.RaftServerConfigKeys (ConfUtils.java:logGet(44)) - raft.server.log.statemachine.data.sync = true (default)
2021-07-20 05:55:52,029 [pool-54-thread-1] INFO  server.RaftServerConfigKeys (ConfUtils.java:logGet(44)) - raft.server.log.statemachine.data.sync.timeout = 10s (default)
2021-07-20 05:55:52,029 [pool-54-thread-1] INFO  server.RaftServerConfigKeys (ConfUtils.java:logGet(44)) - raft.server.log.statemachine.data.sync.timeout.retry = -1 (default)
2021-07-20 05:55:52,029 [pool-54-thread-1] INFO  server.RaftServerConfigKeys (ConfUtils.java:logGet(44)) - raft.server.log.write.buffer.size = 64KB (=65536) (default)
2021-07-20 05:55:52,031 [pool-54-thread-1] INFO  server.RaftServerConfigKeys (ConfUtils.java:logGet(44)) - raft.server.log.statemachine.data.caching.enabled = false (default)
2021-07-20 05:55:52,031 [pool-54-thread-1] INFO  segmented.SegmentedRaftLogWorker (SegmentedRaftLogWorker.java:lambda$new$0(133)) - 905d2630-d761-45f8-9e86-789d0a84fbcd@group-321C7BA85E11-SegmentedRaftLogWorker: flushIndex: setUnconditionally 0 -> -1
2021-07-20 05:55:52,032 [pool-54-thread-1] INFO  segmented.SegmentedRaftLogWorker (SegmentedRaftLogWorker.java:lambda$new$0(133)) - 905d2630-d761-45f8-9e86-789d0a84fbcd@group-321C7BA85E11-SegmentedRaftLogWorker: safeCacheEvictIndex: setUnconditionally 0 -> -1
2021-07-20 05:55:52,035 [pool-54-thread-1] INFO  server.RaftServerConfigKeys (ConfUtils.java:logGet(44)) - raft.server.snapshot.auto.trigger.enabled = true (custom)
2021-07-20 05:55:52,035 [pool-54-thread-1] INFO  server.RaftServerConfigKeys (ConfUtils.java:logGet(44)) - raft.server.snapshot.auto.trigger.threshold = 5 (custom)
2021-07-20 05:55:52,035 [pool-54-thread-1] INFO  server.RaftServerConfigKeys (ConfUtils.java:logGet(44)) - raft.server.snapshot.retention.file.num = -1 (default)
2021-07-20 05:55:52,035 [pool-54-thread-1] INFO  server.RaftServerConfigKeys (ConfUtils.java:logGet(44)) - raft.server.log.purge.upto.snapshot.index = true (custom)
2021-07-20 05:55:52,036 [pool-54-thread-1] INFO  server.RaftServerConfigKeys (ConfUtils.java:logGet(44)) - raft.server.retrycache.expirytime = 60000ms (default)
2021-07-20 05:55:52,036 [pool-54-thread-1] INFO  server.RaftServerConfigKeys (ConfUtils.java:logGet(44)) - raft.server.retrycache.statistics.expirytime = 100μs (default)
2021-07-20 05:55:52,036 [pool-54-thread-1] INFO  metrics.RatisMetrics (RatisMetrics.java:lambda$create$0(36)) - Creating Metrics Registry : ratis.leader_election.905d2630-d761-45f8-9e86-789d0a84fbcd@group-321C7BA85E11
2021-07-20 05:55:52,036 [pool-54-thread-1] WARN  impl.MetricRegistriesImpl (MetricRegistriesImpl.java:lambda$create$1(65)) - First MetricRegistry has been created without registering reporters. You may need to call MetricRegistries.global().addReporterRegistration(...) before.
2021-07-20 05:55:52,036 [pool-54-thread-1] INFO  metrics.RatisMetrics (RatisMetrics.java:lambda$create$0(36)) - Creating Metrics Registry : ratis.server.905d2630-d761-45f8-9e86-789d0a84fbcd@group-321C7BA85E11
2021-07-20 05:55:52,036 [pool-54-thread-1] WARN  impl.MetricRegistriesImpl (MetricRegistriesImpl.java:lambda$create$1(65)) - First MetricRegistry has been created without registering reporters. You may need to call MetricRegistries.global().addReporterRegistration(...) before.
2021-07-20 05:55:52,036 [Listener at 0.0.0.0/13265] INFO  ha.SCMSnapshotProvider (SCMSnapshotProvider.java:<init>(66)) - Initializing SCM Snapshot Provider
2021-07-20 05:55:52,036 [Listener at 0.0.0.0/13265] WARN  server.ServerUtils (ServerUtils.java:getDefaultRatisDirectory(237)) - Storage directory for Ratis is not configured. It is a good idea to map this to an SSD disk. Falling back to ozone.metadata.dirs
2021-07-20 05:55:52,037 [Listener at 0.0.0.0/13265] WARN  ha.SCMHAUtils (SCMHAUtils.java:getSCMRatisSnapshotDirectory(142)) - SCM snapshot dir is not configured. Falling back to ozone.metadata.dirs config
2021-07-20 05:55:52,038 [Listener at 0.0.0.0/13265] INFO  ha.SequenceIdGenerator (SequenceIdGenerator.java:upgradeToSequenceId(327)) - upgrade localId to 107544261427200000
2021-07-20 05:55:52,039 [Listener at 0.0.0.0/13265] INFO  ha.SequenceIdGenerator (SequenceIdGenerator.java:upgradeToSequenceId(337)) - upgrade delTxnId to 0
2021-07-20 05:55:52,040 [Listener at 0.0.0.0/13265] INFO  ha.SequenceIdGenerator (SequenceIdGenerator.java:upgradeToSequenceId(351)) - upgrade containerId to 0
2021-07-20 05:55:52,040 [Listener at 0.0.0.0/13265] INFO  ha.SequenceIdGenerator (SequenceIdGenerator.java:<init>(217)) - Init the HA SequenceIdGenerator.
2021-07-20 05:55:52,041 [Listener at 0.0.0.0/13265] WARN  server.ServerUtils (ServerUtils.java:sanitizeUserArgs(73)) - ozone.scm.stale.node.interval value = 300000 is larger than max = 100000 based on the key value of ozone.scm.heartbeat.thread.interval, reset to the max value 100000.
2021-07-20 05:55:52,041 [Listener at 0.0.0.0/13265] WARN  server.ServerUtils (ServerUtils.java:sanitizeUserArgs(73)) - ozone.scm.stale.node.interval value = 300000 is larger than max = 100000 based on the key value of ozone.scm.heartbeat.thread.interval, reset to the max value 100000.
2021-07-20 05:55:52,042 [Listener at 0.0.0.0/13265] INFO  node.SCMNodeManager (SCMNodeManager.java:<init>(141)) - Entering startup safe mode.
2021-07-20 05:55:52,043 [Listener at 0.0.0.0/13265] INFO  algorithms.ContainerPlacementPolicyFactory (ContainerPlacementPolicyFactory.java:getPolicy(60)) - Create container placement policy of type org.apache.hadoop.hdds.scm.container.placement.algorithms.SCMContainerPlacementRandom
2021-07-20 05:55:52,043 [Listener at 0.0.0.0/13265] INFO  pipeline.PipelineStateManager (PipelineStateManagerV2Impl.java:initialize(78)) - No pipeline exists in current db
2021-07-20 05:55:52,046 [Listener at 0.0.0.0/13265] INFO  algorithms.LeaderChoosePolicyFactory (LeaderChoosePolicyFactory.java:getPolicy(57)) - Create leader choose policy of type org.apache.hadoop.hdds.scm.pipeline.leader.choose.algorithms.MinLeaderCountChoosePolicy
2021-07-20 05:55:52,047 [Listener at 0.0.0.0/13265] INFO  ha.SCMServiceManager (SCMServiceManager.java:register(43)) - Registering service BackgroundPipelineCreator.
2021-07-20 05:55:52,047 [Listener at 0.0.0.0/13265] INFO  pipeline.BackgroundPipelineCreator (BackgroundPipelineCreatorV2.java:start(130)) - Starting RatisPipelineUtilsThread.
2021-07-20 05:55:52,048 [Listener at 0.0.0.0/13265] INFO  algorithms.PipelineChoosePolicyFactory (PipelineChoosePolicyFactory.java:createPipelineChoosePolicyFromClass(73)) - Create pipeline choose policy of type org.apache.hadoop.hdds.scm.pipeline.choose.algorithms.RandomPipelineChoosePolicy
2021-07-20 05:55:52,049 [Listener at 0.0.0.0/13265] INFO  ha.SCMServiceManager (SCMServiceManager.java:register(43)) - Registering service SCMBlockDeletingService.
2021-07-20 05:55:52,049 [Listener at 0.0.0.0/13265] INFO  ha.SCMServiceManager (SCMServiceManager.java:register(43)) - Registering service ReplicationManager.
2021-07-20 05:55:52,049 [Listener at 0.0.0.0/13265] INFO  container.ReplicationManager (ReplicationManager.java:start(288)) - Starting Replication Monitor Thread.
2021-07-20 05:55:52,052 [Listener at 0.0.0.0/13265] INFO  safemode.ContainerSafeModeRule (ContainerSafeModeRule.java:<init>(89)) - containers with one replica threshold count 0
2021-07-20 05:55:52,052 [Listener at 0.0.0.0/13265] INFO  safemode.HealthyPipelineSafeModeRule (HealthyPipelineSafeModeRule.java:initializeRule(156)) - Total pipeline count is 0, healthy pipeline threshold count is 1
2021-07-20 05:55:52,053 [Listener at 0.0.0.0/13265] INFO  safemode.OneReplicaPipelineSafeModeRule (OneReplicaPipelineSafeModeRule.java:initializeRule(180)) - Total pipeline count is 0, pipeline's with at least one datanode reported threshold count is 0
2021-07-20 05:55:52,064 [ReplicationMonitor] INFO  container.ReplicationManager (ReplicationManager.java:run(355)) - Replication Monitor Thread took 0 milliseconds for processing 0 containers.
2021-07-20 05:55:52,064 [Listener at 0.0.0.0/13265] INFO  ipc.CallQueueManager (CallQueueManager.java:<init>(90)) - Using callQueue: class java.util.concurrent.LinkedBlockingQueue, queueCapacity: 2000, scheduler: class org.apache.hadoop.ipc.DefaultRpcScheduler, ipcBackoff: false.
2021-07-20 05:55:52,065 [Socket Reader #1 for port 13273] INFO  ipc.Server (Server.java:run(1265)) - Starting Socket Reader #1 for port 13273
2021-07-20 05:55:52,067 [Listener at 0.0.0.0/13273] INFO  ipc.CallQueueManager (CallQueueManager.java:<init>(90)) - Using callQueue: class java.util.concurrent.LinkedBlockingQueue, queueCapacity: 2000, scheduler: class org.apache.hadoop.ipc.DefaultRpcScheduler, ipcBackoff: false.
2021-07-20 05:55:52,067 [Socket Reader #1 for port 13274] INFO  ipc.Server (Server.java:run(1265)) - Starting Socket Reader #1 for port 13274
2021-07-20 05:55:52,070 [Listener at 0.0.0.0/13274] INFO  ipc.CallQueueManager (CallQueueManager.java:<init>(90)) - Using callQueue: class java.util.concurrent.LinkedBlockingQueue, queueCapacity: 2000, scheduler: class org.apache.hadoop.ipc.DefaultRpcScheduler, ipcBackoff: false.
2021-07-20 05:55:52,070 [Socket Reader #1 for port 13275] INFO  ipc.Server (Server.java:run(1265)) - Starting Socket Reader #1 for port 13275
2021-07-20 05:55:52,093 [Listener at 0.0.0.0/13275] INFO  server.StorageContainerManager (StorageContainerManager.java:<init>(380)) - 
Container Balancer status:
Key                            Value
Running                        true
Container Balancer Configuration values:
Key                            Value
Threshold                      0.1
Max Datanodes to Balance       5
Max Size to Move               10737418240B

2021-07-20 05:55:52,094 [Listener at 0.0.0.0/13275] WARN  events.EventQueue (EventQueue.java:fireEvent(194)) - No event handler registered for event TypedEvent{payloadType=SafeModeStatus, name='Safe mode status'}
2021-07-20 05:55:52,094 [Listener at 0.0.0.0/13275] INFO  ha.SCMContext (SCMContext.java:updateSafeModeStatus(205)) - Update SafeModeStatus from SafeModeStatus{safeModeStatus=true, preCheckPassed=false} to SafeModeStatus{safeModeStatus=true, preCheckPassed=false}.
2021-07-20 05:55:52,095 [Listener at 0.0.0.0/13275] INFO  ozone.MiniOzoneHAClusterImpl (MiniOzoneHAClusterImpl.java:createSCMService(552)) - Intialized SCM at org.apache.hadoop.hdds.scm.server.SCMClientProtocolServer@3cdc5155. This SCM is currently inactive (not running).
2021-07-20 05:55:52,199 [Listener at 0.0.0.0/13275] INFO  ha.OMHANodeDetails (OMHANodeDetails.java:loadOMHAConfig(111)) - ServiceID for OzoneManager is om-service-test1
2021-07-20 05:55:52,202 [Listener at 0.0.0.0/13275] INFO  ha.OMHANodeDetails (OMHANodeDetails.java:loadOMHAConfig(187)) - Found matching OM address with OMServiceId: om-service-test1, OMNodeId: omNode-1, RPC Address: localhost:12232 and Ratis port: 12236
2021-07-20 05:55:52,202 [Listener at 0.0.0.0/13275] INFO  ha.OMHANodeDetails (ConfUtils.java:setNodeSpecificConfigs(108)) - Setting configuration key ozone.om.http-address with value of key ozone.om.http-address.om-service-test1.omNode-1: 127.0.0.1:12234
2021-07-20 05:55:52,202 [Listener at 0.0.0.0/13275] INFO  ha.OMHANodeDetails (ConfUtils.java:setNodeSpecificConfigs(108)) - Setting configuration key ozone.om.https-address with value of key ozone.om.https-address.om-service-test1.omNode-1: 127.0.0.1:12235
2021-07-20 05:55:52,202 [Listener at 0.0.0.0/13275] INFO  ha.OMHANodeDetails (ConfUtils.java:setNodeSpecificConfigs(108)) - Setting configuration key ozone.om.address with value of key ozone.om.address.om-service-test1.omNode-1: 127.0.0.1:12232
2021-07-20 05:55:52,204 [Listener at 0.0.0.0/13275] WARN  server.ServerUtils (ServerUtils.java:getDBPath(225)) - ozone.om.db.dirs is not configured. We recommend adding this setting. Falling back to ozone.metadata.dirs instead.
2021-07-20 05:55:52,209 [Listener at 0.0.0.0/13275] INFO  ha.SCMNodeInfo (SCMNodeInfo.java:getPort(197)) - ConfigKey ozone.scm.client.address is deprecated, For configuring different ports for each SCM use PortConfigKey ozone.scm.client.port appended with serviceId and nodeId
2021-07-20 05:55:52,209 [Listener at 0.0.0.0/13275] INFO  ha.SCMNodeInfo (SCMNodeInfo.java:getPort(197)) - ConfigKey ozone.scm.block.client.address is deprecated, For configuring different ports for each SCM use PortConfigKey ozone.scm.block.client.port appended with serviceId and nodeId
2021-07-20 05:55:52,209 [Listener at 0.0.0.0/13275] INFO  ha.SCMNodeInfo (SCMNodeInfo.java:getPort(197)) - ConfigKey ozone.scm.datanode.address is deprecated, For configuring different ports for each SCM use PortConfigKey ozone.scm.datanode.port appended with serviceId and nodeId
2021-07-20 05:55:52,209 [Listener at 0.0.0.0/13275] INFO  ha.SCMNodeInfo (SCMNodeInfo.java:getPort(197)) - ConfigKey ozone.scm.client.address is deprecated, For configuring different ports for each SCM use PortConfigKey ozone.scm.client.port appended with serviceId and nodeId
2021-07-20 05:55:52,209 [Listener at 0.0.0.0/13275] INFO  ha.SCMNodeInfo (SCMNodeInfo.java:getPort(197)) - ConfigKey ozone.scm.block.client.address is deprecated, For configuring different ports for each SCM use PortConfigKey ozone.scm.block.client.port appended with serviceId and nodeId
2021-07-20 05:55:52,209 [Listener at 0.0.0.0/13275] INFO  ha.SCMNodeInfo (SCMNodeInfo.java:getPort(197)) - ConfigKey ozone.scm.datanode.address is deprecated, For configuring different ports for each SCM use PortConfigKey ozone.scm.datanode.port appended with serviceId and nodeId
2021-07-20 05:55:52,210 [Listener at 0.0.0.0/13275] INFO  ha.SCMNodeInfo (SCMNodeInfo.java:getPort(197)) - ConfigKey ozone.scm.client.address is deprecated, For configuring different ports for each SCM use PortConfigKey ozone.scm.client.port appended with serviceId and nodeId
2021-07-20 05:55:52,210 [Listener at 0.0.0.0/13275] INFO  ha.SCMNodeInfo (SCMNodeInfo.java:getPort(197)) - ConfigKey ozone.scm.block.client.address is deprecated, For configuring different ports for each SCM use PortConfigKey ozone.scm.block.client.port appended with serviceId and nodeId
2021-07-20 05:55:52,210 [Listener at 0.0.0.0/13275] INFO  ha.SCMNodeInfo (SCMNodeInfo.java:getPort(197)) - ConfigKey ozone.scm.datanode.address is deprecated, For configuring different ports for each SCM use PortConfigKey ozone.scm.datanode.port appended with serviceId and nodeId
OM initialization succeeded.Current cluster id for sd=/home/runner/work/ozone/ozone/mnt/ozone/hadoop-ozone/integration-test/target/test-dir/MiniOzoneClusterImpl-b2c6a007-39d2-4e45-b76c-321c7ba85e11/omNode-1/om;cid=b2c6a007-39d2-4e45-b76c-321c7ba85e11;layoutVersion=0
2021-07-20 05:55:52,225 [Listener at 0.0.0.0/13275] INFO  ha.OMHANodeDetails (OMHANodeDetails.java:loadOMHAConfig(111)) - ServiceID for OzoneManager is om-service-test1
2021-07-20 05:55:52,227 [Listener at 0.0.0.0/13275] INFO  ha.OMHANodeDetails (OMHANodeDetails.java:loadOMHAConfig(187)) - Found matching OM address with OMServiceId: om-service-test1, OMNodeId: omNode-1, RPC Address: localhost:12232 and Ratis port: 12236
2021-07-20 05:55:52,227 [Listener at 0.0.0.0/13275] INFO  ha.OMHANodeDetails (ConfUtils.java:setNodeSpecificConfigs(108)) - Setting configuration key ozone.om.http-address with value of key ozone.om.http-address.om-service-test1.omNode-1: 127.0.0.1:12234
2021-07-20 05:55:52,227 [Listener at 0.0.0.0/13275] INFO  ha.OMHANodeDetails (ConfUtils.java:setNodeSpecificConfigs(108)) - Setting configuration key ozone.om.https-address with value of key ozone.om.https-address.om-service-test1.omNode-1: 127.0.0.1:12235
2021-07-20 05:55:52,228 [Listener at 0.0.0.0/13275] INFO  ha.OMHANodeDetails (ConfUtils.java:setNodeSpecificConfigs(108)) - Setting configuration key ozone.om.address with value of key ozone.om.address.om-service-test1.omNode-1: 127.0.0.1:12232
2021-07-20 05:55:52,228 [Listener at 0.0.0.0/13275] WARN  server.ServerUtils (ServerUtils.java:getDBPath(225)) - ozone.om.db.dirs is not configured. We recommend adding this setting. Falling back to ozone.metadata.dirs instead.
2021-07-20 05:55:52,230 [Listener at 0.0.0.0/13275] INFO  upgrade.AbstractLayoutVersionManager (AbstractLayoutVersionManager.java:init(70)) - Initializing Layout version manager with metadata layout = INITIAL_VERSION (version = 0), software layout = INITIAL_VERSION (version = 0)
2021-07-20 05:55:52,297 [Listener at 0.0.0.0/13275] INFO  reflections.Reflections (Reflections.java:scan(232)) - Reflections took 60 ms to scan 2 urls, producing 130 keys and 340 values [using 2 cores]
2021-07-20 05:55:52,302 [Listener at 0.0.0.0/13275] INFO  upgrade.OMLayoutVersionManager (OMLayoutVersionManager.java:lambda$0(116)) - Skipping Upgrade Action MockOmUpgradeAction since it has been finalized.
2021-07-20 05:55:52,303 [Listener at 0.0.0.0/13275] WARN  server.ServerUtils (ServerUtils.java:getDBPath(225)) - ozone.om.db.dirs is not configured. We recommend adding this setting. Falling back to ozone.metadata.dirs instead.
2021-07-20 05:55:52,321 [Listener at 0.0.0.0/13275] INFO  ha.SCMNodeInfo (SCMNodeInfo.java:getPort(197)) - ConfigKey ozone.scm.client.address is deprecated, For configuring different ports for each SCM use PortConfigKey ozone.scm.client.port appended with serviceId and nodeId
2021-07-20 05:55:52,321 [Listener at 0.0.0.0/13275] INFO  ha.SCMNodeInfo (SCMNodeInfo.java:getPort(197)) - ConfigKey ozone.scm.block.client.address is deprecated, For configuring different ports for each SCM use PortConfigKey ozone.scm.block.client.port appended with serviceId and nodeId
2021-07-20 05:55:52,321 [Listener at 0.0.0.0/13275] INFO  ha.SCMNodeInfo (SCMNodeInfo.java:getPort(197)) - ConfigKey ozone.scm.datanode.address is deprecated, For configuring different ports for each SCM use PortConfigKey ozone.scm.datanode.port appended with serviceId and nodeId
2021-07-20 05:55:52,322 [Listener at 0.0.0.0/13275] INFO  ha.SCMNodeInfo (SCMNodeInfo.java:getPort(197)) - ConfigKey ozone.scm.client.address is deprecated, For configuring different ports for each SCM use PortConfigKey ozone.scm.client.port appended with serviceId and nodeId
2021-07-20 05:55:52,322 [Listener at 0.0.0.0/13275] INFO  ha.SCMNodeInfo (SCMNodeInfo.java:getPort(197)) - ConfigKey ozone.scm.block.client.address is deprecated, For configuring different ports for each SCM use PortConfigKey ozone.scm.block.client.port appended with serviceId and nodeId
2021-07-20 05:55:52,322 [Listener at 0.0.0.0/13275] INFO  ha.SCMNodeInfo (SCMNodeInfo.java:getPort(197)) - ConfigKey ozone.scm.datanode.address is deprecated, For configuring different ports for each SCM use PortConfigKey ozone.scm.datanode.port appended with serviceId and nodeId
2021-07-20 05:55:52,322 [Listener at 0.0.0.0/13275] INFO  ha.SCMNodeInfo (SCMNodeInfo.java:getPort(197)) - ConfigKey ozone.scm.client.address is deprecated, For configuring different ports for each SCM use PortConfigKey ozone.scm.client.port appended with serviceId and nodeId
2021-07-20 05:55:52,322 [Listener at 0.0.0.0/13275] INFO  ha.SCMNodeInfo (SCMNodeInfo.java:getPort(197)) - ConfigKey ozone.scm.block.client.address is deprecated, For configuring different ports for each SCM use PortConfigKey ozone.scm.block.client.port appended with serviceId and nodeId
2021-07-20 05:55:52,322 [Listener at 0.0.0.0/13275] INFO  ha.SCMNodeInfo (SCMNodeInfo.java:getPort(197)) - ConfigKey ozone.scm.datanode.address is deprecated, For configuring different ports for each SCM use PortConfigKey ozone.scm.datanode.port appended with serviceId and nodeId
2021-07-20 05:55:52,639 [org.apache.ratis.util.JvmPauseMonitor$$Lambda$496/1294139740@64836643] WARN  util.JvmPauseMonitor (JvmPauseMonitor.java:detectPause(124)) - JvmPauseMonitor-5c2410e7-10a6-4620-b434-e19b0245711c: Detected pause in JVM or host machine (eg GC): pause of approximately 126247215ns.
GC pool 'PS MarkSweep' had collection(s): count=1 time=269ms
GC pool 'PS Scavenge' had collection(s): count=1 time=14ms
2021-07-20 05:55:52,734 [Listener at 0.0.0.0/13275] INFO  ha.SCMNodeInfo (SCMNodeInfo.java:getPort(197)) - ConfigKey ozone.scm.client.address is deprecated, For configuring different ports for each SCM use PortConfigKey ozone.scm.client.port appended with serviceId and nodeId
2021-07-20 05:55:52,734 [Listener at 0.0.0.0/13275] INFO  ha.SCMNodeInfo (SCMNodeInfo.java:getPort(197)) - ConfigKey ozone.scm.block.client.address is deprecated, For configuring different ports for each SCM use PortConfigKey ozone.scm.block.client.port appended with serviceId and nodeId
2021-07-20 05:55:52,734 [Listener at 0.0.0.0/13275] INFO  ha.SCMNodeInfo (SCMNodeInfo.java:getPort(197)) - ConfigKey ozone.scm.datanode.address is deprecated, For configuring different ports for each SCM use PortConfigKey ozone.scm.datanode.port appended with serviceId and nodeId
2021-07-20 05:55:52,734 [Listener at 0.0.0.0/13275] INFO  ha.SCMNodeInfo (SCMNodeInfo.java:getPort(197)) - ConfigKey ozone.scm.client.address is deprecated, For configuring different ports for each SCM use PortConfigKey ozone.scm.client.port appended with serviceId and nodeId
2021-07-20 05:55:52,734 [Listener at 0.0.0.0/13275] INFO  ha.SCMNodeInfo (SCMNodeInfo.java:getPort(197)) - ConfigKey ozone.scm.block.client.address is deprecated, For configuring different ports for each SCM use PortConfigKey ozone.scm.block.client.port appended with serviceId and nodeId
2021-07-20 05:55:52,735 [Listener at 0.0.0.0/13275] INFO  ha.SCMNodeInfo (SCMNodeInfo.java:getPort(197)) - ConfigKey ozone.scm.datanode.address is deprecated, For configuring different ports for each SCM use PortConfigKey ozone.scm.datanode.port appended with serviceId and nodeId
2021-07-20 05:55:52,735 [Listener at 0.0.0.0/13275] INFO  ha.SCMNodeInfo (SCMNodeInfo.java:getPort(197)) - ConfigKey ozone.scm.client.address is deprecated, For configuring different ports for each SCM use PortConfigKey ozone.scm.client.port appended with serviceId and nodeId
2021-07-20 05:55:52,735 [Listener at 0.0.0.0/13275] INFO  ha.SCMNodeInfo (SCMNodeInfo.java:getPort(197)) - ConfigKey ozone.scm.block.client.address is deprecated, For configuring different ports for each SCM use PortConfigKey ozone.scm.block.client.port appended with serviceId and nodeId
2021-07-20 05:55:52,735 [Listener at 0.0.0.0/13275] INFO  ha.SCMNodeInfo (SCMNodeInfo.java:getPort(197)) - ConfigKey ozone.scm.datanode.address is deprecated, For configuring different ports for each SCM use PortConfigKey ozone.scm.datanode.port appended with serviceId and nodeId
2021-07-20 05:55:52,738 [Listener at 0.0.0.0/13275] INFO  ha.SCMNodeInfo (SCMNodeInfo.java:getPort(197)) - ConfigKey ozone.scm.client.address is deprecated, For configuring different ports for each SCM use PortConfigKey ozone.scm.client.port appended with serviceId and nodeId
2021-07-20 05:55:52,738 [Listener at 0.0.0.0/13275] INFO  ha.SCMNodeInfo (SCMNodeInfo.java:getPort(197)) - ConfigKey ozone.scm.block.client.address is deprecated, For configuring different ports for each SCM use PortConfigKey ozone.scm.block.client.port appended with serviceId and nodeId
2021-07-20 05:55:52,739 [Listener at 0.0.0.0/13275] INFO  ha.SCMNodeInfo (SCMNodeInfo.java:getPort(197)) - ConfigKey ozone.scm.datanode.address is deprecated, For configuring different ports for each SCM use PortConfigKey ozone.scm.datanode.port appended with serviceId and nodeId
2021-07-20 05:55:52,739 [Listener at 0.0.0.0/13275] INFO  ha.SCMNodeInfo (SCMNodeInfo.java:getPort(197)) - ConfigKey ozone.scm.client.address is deprecated, For configuring different ports for each SCM use PortConfigKey ozone.scm.client.port appended with serviceId and nodeId
2021-07-20 05:55:52,739 [Listener at 0.0.0.0/13275] INFO  ha.SCMNodeInfo (SCMNodeInfo.java:getPort(197)) - ConfigKey ozone.scm.block.client.address is deprecated, For configuring different ports for each SCM use PortConfigKey ozone.scm.block.client.port appended with serviceId and nodeId
2021-07-20 05:55:52,739 [Listener at 0.0.0.0/13275] INFO  ha.SCMNodeInfo (SCMNodeInfo.java:getPort(197)) - ConfigKey ozone.scm.datanode.address is deprecated, For configuring different ports for each SCM use PortConfigKey ozone.scm.datanode.port appended with serviceId and nodeId
2021-07-20 05:55:52,739 [Listener at 0.0.0.0/13275] INFO  ha.SCMNodeInfo (SCMNodeInfo.java:getPort(197)) - ConfigKey ozone.scm.client.address is deprecated, For configuring different ports for each SCM use PortConfigKey ozone.scm.client.port appended with serviceId and nodeId
2021-07-20 05:55:52,739 [Listener at 0.0.0.0/13275] INFO  ha.SCMNodeInfo (SCMNodeInfo.java:getPort(197)) - ConfigKey ozone.scm.block.client.address is deprecated, For configuring different ports for each SCM use PortConfigKey ozone.scm.block.client.port appended with serviceId and nodeId
2021-07-20 05:55:52,739 [Listener at 0.0.0.0/13275] INFO  ha.SCMNodeInfo (SCMNodeInfo.java:getPort(197)) - ConfigKey ozone.scm.datanode.address is deprecated, For configuring different ports for each SCM use PortConfigKey ozone.scm.datanode.port appended with serviceId and nodeId
2021-07-20 05:55:52,785 [Listener at 0.0.0.0/13275] WARN  server.ServerUtils (ServerUtils.java:getDBPath(225)) - ozone.om.db.dirs is not configured. We recommend adding this setting. Falling back to ozone.metadata.dirs instead.
2021-07-20 05:55:52,793 [Listener at 0.0.0.0/13275] INFO  codec.OmKeyInfoCodec (OmKeyInfoCodec.java:<init>(51)) - OmKeyInfoCodec ignorePipeline = true
2021-07-20 05:55:52,794 [Listener at 0.0.0.0/13275] INFO  codec.RepeatedOmKeyInfoCodec (RepeatedOmKeyInfoCodec.java:<init>(42)) - RepeatedOmKeyInfoCodec ignorePipeline = true
2021-07-20 05:55:53,020 [Listener at 0.0.0.0/13275] INFO  om.OzoneManager (OzoneManager.java:addS3GVolumeToDB(3901)) - Created Volume s3v With Owner runner required for S3Gateway operations.
2021-07-20 05:55:53,024 [Listener at 0.0.0.0/13275] WARN  server.ServerUtils (ServerUtils.java:getDefaultRatisDirectory(237)) - Storage directory for Ratis is not configured. It is a good idea to map this to an SSD disk. Falling back to ozone.metadata.dirs
2021-07-20 05:55:53,025 [Listener at 0.0.0.0/13275] WARN  ratis.OzoneManagerRatisServer (OzoneManagerRatisServer.java:getOMRatisSnapshotDirectory(654)) - ozone.om.ratis.snapshot.dir is not configured. Falling back to ozone.metadata.dirs config
2021-07-20 05:55:53,030 [Listener at 0.0.0.0/13275] WARN  server.ServerUtils (ServerUtils.java:getDefaultRatisDirectory(237)) - Storage directory for Ratis is not configured. It is a good idea to map this to an SSD disk. Falling back to ozone.metadata.dirs
2021-07-20 05:55:53,032 [Listener at 0.0.0.0/13275] INFO  ratis.OzoneManagerRatisServer (OzoneManagerRatisServer.java:<init>(308)) - Instantiating OM Ratis server with GroupID: om-service-test1 and Raft Peers: localhost:12236
2021-07-20 05:55:53,037 [Listener at 0.0.0.0/13275] INFO  ratis.OzoneManagerStateMachine (OzoneManagerStateMachine.java:loadSnapshotInfoFromDB(575)) - LastAppliedIndex is set from TransactionInfo from OM DB as (t:0, i:~)
2021-07-20 05:55:53,050 [Listener at 0.0.0.0/13275] INFO  server.RaftServer (ConfUtils.java:logGet(44)) - raft.rpc.type = GRPC (default)
2021-07-20 05:55:53,051 [Listener at 0.0.0.0/13275] INFO  grpc.GrpcFactory (GrpcFactory.java:checkPooledByteBufAllocatorUseCacheForAllThreads(48)) - PERFORMANCE WARNING: useCacheForAllThreads is true that may cause Netty to create a lot garbage objects and, as a result, trigger GC.
	It is recommended to disable useCacheForAllThreads by setting -Dorg.apache.ratis.thirdparty.io.netty.allocator.useCacheForAllThreads=false in command line.
2021-07-20 05:55:53,051 [Listener at 0.0.0.0/13275] INFO  grpc.GrpcConfigKeys (ConfUtils.java:logGet(44)) - raft.grpc.admin.port = -1 (default)
2021-07-20 05:55:53,051 [Listener at 0.0.0.0/13275] INFO  grpc.GrpcConfigKeys (ConfUtils.java:logGet(44)) - raft.grpc.server.port = 12236 (custom)
2021-07-20 05:55:53,052 [Listener at 0.0.0.0/13275] INFO  grpc.GrpcConfigKeys (ConfUtils.java:logGet(44)) - raft.grpc.client.port = -1 (default)
2021-07-20 05:55:53,052 [Listener at 0.0.0.0/13275] INFO  grpc.GrpcConfigKeys (ConfUtils.java:logGet(44)) - raft.grpc.server.port = 12236 (custom)
2021-07-20 05:55:53,052 [Listener at 0.0.0.0/13275] INFO  grpc.GrpcConfigKeys (ConfUtils.java:logGet(44)) - raft.grpc.server.port = 12236 (custom)
2021-07-20 05:55:53,052 [Listener at 0.0.0.0/13275] INFO  server.GrpcService (ConfUtils.java:logGet(44)) - raft.grpc.message.size.max = 33554432 (custom)
2021-07-20 05:55:53,052 [Listener at 0.0.0.0/13275] INFO  server.RaftServerConfigKeys (ConfUtils.java:logGet(44)) - raft.server.log.appender.buffer.byte-limit = 33554432 (custom)
2021-07-20 05:55:53,052 [Listener at 0.0.0.0/13275] INFO  server.GrpcService (ConfUtils.java:logGet(44)) - raft.grpc.flow.control.window = 1MB (=1048576) (default)
2021-07-20 05:55:53,053 [Listener at 0.0.0.0/13275] INFO  server.RaftServerConfigKeys (ConfUtils.java:logGet(44)) - raft.server.rpc.request.timeout = 3000ms (default)
2021-07-20 05:55:53,054 [Listener at 0.0.0.0/13275] INFO  impl.DataStreamServerImpl (ConfUtils.java:logGet(44)) - raft.datastream.type = DISABLED (default)
2021-07-20 05:55:53,054 [Listener at 0.0.0.0/13275] INFO  server.RaftServerConfigKeys (ConfUtils.java:logGet(44)) - raft.server.rpc.slowness.timeout = 2s (custom)
2021-07-20 05:55:53,054 [Listener at 0.0.0.0/13275] INFO  server.RaftServerConfigKeys (ConfUtils.java:logGet(44)) - raft.server.leaderelection.leader.step-down.wait-time = 10s (default)
2021-07-20 05:55:53,054 [Listener at 0.0.0.0/13275] INFO  server.RaftServerConfigKeys (ConfUtils.java:logGet(44)) - raft.server.storage.dir = [/home/runner/work/ozone/ozone/mnt/ozone/hadoop-ozone/integration-test/target/test-dir/MiniOzoneClusterImpl-b2c6a007-39d2-4e45-b76c-321c7ba85e11/omNode-1/ratis] (custom)
2021-07-20 05:55:53,055 [Listener at 0.0.0.0/13275] INFO  server.RaftServer (RaftServerProxy.java:addNew(95)) - omNode-1: addNew group-523986131536:[omNode-1|rpc:localhost:12236|priority:0] returns group-523986131536:java.util.concurrent.CompletableFuture@7b7695f[Not completed]
2021-07-20 05:55:53,055 [Listener at 0.0.0.0/13275] INFO  om.OzoneManager (OzoneManager.java:initializeRatisServer(1366)) - OzoneManager Ratis server initialized at port 12236
2021-07-20 05:55:53,066 [pool-78-thread-1] INFO  server.RaftServer$Division (RaftServerImpl.java:<init>(180)) - omNode-1: new RaftServerImpl for group-523986131536:[omNode-1|rpc:localhost:12236|priority:0] with OzoneManagerStateMachine:uninitialized
2021-07-20 05:55:53,067 [pool-78-thread-1] INFO  server.RaftServerConfigKeys (ConfUtils.java:logGet(44)) - raft.server.rpc.timeout.min = 1s (custom)
2021-07-20 05:55:53,067 [pool-78-thread-1] INFO  server.RaftServerConfigKeys (ConfUtils.java:logGet(44)) - raft.server.rpc.timeout.max = 1200ms (custom)
2021-07-20 05:55:53,067 [pool-78-thread-1] INFO  server.RaftServerConfigKeys (ConfUtils.java:logGet(44)) - raft.server.rpc.sleep.time = 25ms (default)
2021-07-20 05:55:53,068 [pool-78-thread-1] INFO  server.RaftServerConfigKeys (ConfUtils.java:logGet(44)) - raft.server.rpc.slowness.timeout = 2s (custom)
2021-07-20 05:55:53,068 [pool-78-thread-1] INFO  server.RaftServerConfigKeys (ConfUtils.java:logGet(44)) - raft.server.leaderelection.leader.step-down.wait-time = 10s (default)
2021-07-20 05:55:53,068 [pool-78-thread-1] INFO  server.RaftServerConfigKeys (ConfUtils.java:logGet(44)) - raft.server.sleep.deviation.threshold = 300ms (default)
2021-07-20 05:55:53,068 [pool-78-thread-1] INFO  server.RaftServerConfigKeys (ConfUtils.java:logGet(44)) - raft.server.log.appender.install.snapshot.enabled = false (custom)
2021-07-20 05:55:53,068 [pool-78-thread-1] INFO  server.RaftServer$Division (ServerState.java:<init>(105)) - omNode-1@group-523986131536: ConfigurationManager, init=-1: [omNode-1|rpc:localhost:12236|priority:0], old=null, confs=<EMPTY_MAP>
2021-07-20 05:55:53,068 [pool-78-thread-1] INFO  server.RaftServerConfigKeys (ConfUtils.java:logGet(44)) - raft.server.storage.dir = [/home/runner/work/ozone/ozone/mnt/ozone/hadoop-ozone/integration-test/target/test-dir/MiniOzoneClusterImpl-b2c6a007-39d2-4e45-b76c-321c7ba85e11/omNode-1/ratis] (custom)
2021-07-20 05:55:53,069 [pool-78-thread-1] INFO  server.RaftServerConfigKeys (ConfUtils.java:logGet(44)) - raft.server.log.corruption.policy = EXCEPTION (default)
2021-07-20 05:55:53,069 [pool-78-thread-1] INFO  storage.RaftStorageDirectory (RaftStorageDirectoryImpl.java:analyzeStorage(132)) - The storage directory /home/runner/work/ozone/ozone/mnt/ozone/hadoop-ozone/integration-test/target/test-dir/MiniOzoneClusterImpl-b2c6a007-39d2-4e45-b76c-321c7ba85e11/omNode-1/ratis/c9bc4cf4-3bc3-3c60-a66b-523986131536 does not exist. Creating ...
2021-07-20 05:55:53,070 [pool-78-thread-1] INFO  storage.RaftStorageDirectory (RaftStorageDirectoryImpl.java:tryLock(215)) - Lock on /home/runner/work/ozone/ozone/mnt/ozone/hadoop-ozone/integration-test/target/test-dir/MiniOzoneClusterImpl-b2c6a007-39d2-4e45-b76c-321c7ba85e11/omNode-1/ratis/c9bc4cf4-3bc3-3c60-a66b-523986131536/in_use.lock acquired by nodename 3531@fv-az291-163
2021-07-20 05:55:53,073 [Listener at 0.0.0.0/13275] INFO  ipc.CallQueueManager (CallQueueManager.java:<init>(90)) - Using callQueue: class java.util.concurrent.LinkedBlockingQueue, queueCapacity: 2000, scheduler: class org.apache.hadoop.ipc.DefaultRpcScheduler, ipcBackoff: false.
2021-07-20 05:55:53,074 [Socket Reader #1 for port 12232] INFO  ipc.Server (Server.java:run(1265)) - Starting Socket Reader #1 for port 12232
2021-07-20 05:55:53,074 [pool-78-thread-1] INFO  storage.RaftStorage (RaftStorageImpl.java:format(87)) - Storage directory /home/runner/work/ozone/ozone/mnt/ozone/hadoop-ozone/integration-test/target/test-dir/MiniOzoneClusterImpl-b2c6a007-39d2-4e45-b76c-321c7ba85e11/omNode-1/ratis/c9bc4cf4-3bc3-3c60-a66b-523986131536 has been successfully formatted.
2021-07-20 05:55:53,075 [pool-78-thread-1] INFO  server.RaftServerConfigKeys (ConfUtils.java:logGet(44)) - raft.server.notification.no-leader.timeout = 2s (custom)
2021-07-20 05:55:53,075 [pool-78-thread-1] INFO  server.RaftServerConfigKeys (ConfUtils.java:logGet(44)) - raft.server.log.use.memory = false (default)
2021-07-20 05:55:53,075 [pool-78-thread-1] INFO  server.RaftServerConfigKeys (ConfUtils.java:logGet(44)) - raft.server.log.purge.gap = 1000000 (custom)
2021-07-20 05:55:53,075 [pool-78-thread-1] INFO  server.RaftServerConfigKeys (ConfUtils.java:logGet(44)) - raft.server.log.appender.buffer.byte-limit = 33554432 (custom)
2021-07-20 05:55:53,075 [pool-78-thread-1] INFO  metrics.RatisMetrics (RatisMetrics.java:lambda$create$0(36)) - Creating Metrics Registry : ratis.log_worker.omNode-1@group-523986131536
2021-07-20 05:55:53,096 [pool-78-thread-1] INFO  server.RaftServerConfigKeys (ConfUtils.java:logGet(44)) - raft.server.log.segment.size.max = 4194304 (custom)
2021-07-20 05:55:53,114 [pool-78-thread-1] INFO  server.RaftServerConfigKeys (ConfUtils.java:logGet(44)) - raft.server.log.segment.cache.num.max = 2 (custom)
2021-07-20 05:55:53,114 [pool-78-thread-1] INFO  server.RaftServerConfigKeys (ConfUtils.java:logGet(44)) - raft.server.log.segment.cache.size.max = 200MB (=209715200) (default)
2021-07-20 05:55:53,114 [pool-78-thread-1] INFO  segmented.SegmentedRaftLogWorker (SegmentedRaftLogWorker.java:<init>(182)) - new omNode-1@group-523986131536-SegmentedRaftLogWorker for RaftStorageImpl:Storage Directory /home/runner/work/ozone/ozone/mnt/ozone/hadoop-ozone/integration-test/target/test-dir/MiniOzoneClusterImpl-b2c6a007-39d2-4e45-b76c-321c7ba85e11/omNode-1/ratis/c9bc4cf4-3bc3-3c60-a66b-523986131536
2021-07-20 05:55:53,114 [pool-78-thread-1] INFO  server.RaftServerConfigKeys (ConfUtils.java:logGet(44)) - raft.server.log.queue.byte-limit = 64MB (=67108864) (default)
2021-07-20 05:55:53,114 [pool-78-thread-1] INFO  server.RaftServerConfigKeys (ConfUtils.java:logGet(44)) - raft.server.log.queue.element-limit = 4096 (default)
2021-07-20 05:55:53,114 [pool-78-thread-1] INFO  server.RaftServerConfigKeys (ConfUtils.java:logGet(44)) - raft.server.log.segment.size.max = 4194304 (custom)
2021-07-20 05:55:53,114 [pool-78-thread-1] INFO  server.RaftServerConfigKeys (ConfUtils.java:logGet(44)) - raft.server.log.preallocated.size = 4194304 (custom)
2021-07-20 05:55:53,114 [pool-78-thread-1] INFO  server.RaftServerConfigKeys (ConfUtils.java:logGet(44)) - raft.server.log.force.sync.num = 128 (default)
2021-07-20 05:55:53,114 [pool-78-thread-1] INFO  server.RaftServerConfigKeys (ConfUtils.java:logGet(44)) - raft.server.log.statemachine.data.sync = true (default)
2021-07-20 05:55:53,114 [pool-78-thread-1] INFO  server.RaftServerConfigKeys (ConfUtils.java:logGet(44)) - raft.server.log.statemachine.data.sync.timeout = 10s (default)
2021-07-20 05:55:53,114 [pool-78-thread-1] INFO  server.RaftServerConfigKeys (ConfUtils.java:logGet(44)) - raft.server.log.statemachine.data.sync.timeout.retry = -1 (default)
2021-07-20 05:55:53,116 [pool-78-thread-1] INFO  server.RaftServerConfigKeys (ConfUtils.java:logGet(44)) - raft.server.log.write.buffer.size = 64KB (=65536) (default)
2021-07-20 05:55:53,116 [pool-78-thread-1] INFO  server.RaftServerConfigKeys (ConfUtils.java:logGet(44)) - raft.server.log.statemachine.data.caching.enabled = false (default)
2021-07-20 05:55:53,117 [pool-78-thread-1] INFO  segmented.SegmentedRaftLogWorker (SegmentedRaftLogWorker.java:lambda$new$0(133)) - omNode-1@group-523986131536-SegmentedRaftLogWorker: flushIndex: setUnconditionally 0 -> -1
2021-07-20 05:55:53,117 [pool-78-thread-1] INFO  segmented.SegmentedRaftLogWorker (SegmentedRaftLogWorker.java:lambda$new$0(133)) - omNode-1@group-523986131536-SegmentedRaftLogWorker: safeCacheEvictIndex: setUnconditionally 0 -> -1
2021-07-20 05:55:53,117 [pool-78-thread-1] INFO  server.RaftServerConfigKeys (ConfUtils.java:logGet(44)) - raft.server.snapshot.auto.trigger.enabled = true (custom)
2021-07-20 05:55:53,117 [pool-78-thread-1] INFO  server.RaftServerConfigKeys (ConfUtils.java:logGet(44)) - raft.server.snapshot.auto.trigger.threshold = 400000 (default)
2021-07-20 05:55:53,117 [pool-78-thread-1] INFO  server.RaftServerConfigKeys (ConfUtils.java:logGet(44)) - raft.server.snapshot.retention.file.num = -1 (default)
2021-07-20 05:55:53,117 [pool-78-thread-1] INFO  server.RaftServerConfigKeys (ConfUtils.java:logGet(44)) - raft.server.log.purge.upto.snapshot.index = true (custom)
2021-07-20 05:55:53,117 [pool-78-thread-1] INFO  server.RaftServerConfigKeys (ConfUtils.java:logGet(44)) - raft.server.retrycache.expirytime = 300s (custom)
2021-07-20 05:55:53,117 [pool-78-thread-1] INFO  server.RaftServerConfigKeys (ConfUtils.java:logGet(44)) - raft.server.retrycache.statistics.expirytime = 100μs (default)
2021-07-20 05:55:53,117 [pool-78-thread-1] INFO  metrics.RatisMetrics (RatisMetrics.java:lambda$create$0(36)) - Creating Metrics Registry : ratis.leader_election.omNode-1@group-523986131536
2021-07-20 05:55:53,118 [pool-78-thread-1] INFO  metrics.RatisMetrics (RatisMetrics.java:lambda$create$0(36)) - Creating Metrics Registry : ratis.server.omNode-1@group-523986131536
2021-07-20 05:55:53,200 [Listener at 127.0.0.1/12232] INFO  om.OzoneManager (OzoneManager.java:initFSOLayout(4107)) - Configured ozone.om.metadata.layout=SIMPLE and disabled optimized OM FS operations
2021-07-20 05:55:53,201 [Listener at 127.0.0.1/12232] INFO  impl.MetricsSystemImpl (MetricsSystemImpl.java:init(158)) - OzoneManager metrics system started (again)
2021-07-20 05:55:53,216 [Listener at 127.0.0.1/12232] INFO  om.OzoneManager (OzoneManager.java:start(1157)) - OzoneManager RPC server is listening at localhost/127.0.0.1:12232
2021-07-20 05:55:53,217 [Listener at 127.0.0.1/12232] INFO  ratis.OzoneManagerRatisServer (OzoneManagerRatisServer.java:start(408)) - Starting OzoneManagerRatisServer omNode-1 at port 12236
2021-07-20 05:55:53,217 [Listener at 127.0.0.1/12232] INFO  server.RaftServer$Division (RaftServerImpl.java:start(295)) - omNode-1@group-523986131536: start as a follower, conf=-1: [omNode-1|rpc:localhost:12236|priority:0], old=null
2021-07-20 05:55:53,217 [Listener at 127.0.0.1/12232] INFO  server.RaftServer$Division (RaftServerImpl.java:setRole(284)) - omNode-1@group-523986131536: changes role from      null to FOLLOWER at term 0 for startAsFollower
2021-07-20 05:55:53,217 [Listener at 127.0.0.1/12232] INFO  impl.RoleInfo (RoleInfo.java:updateAndGet(130)) - omNode-1: start omNode-1@group-523986131536-FollowerState
2021-07-20 05:55:53,218 [Listener at 127.0.0.1/12232] INFO  util.JmxRegister (JmxRegister.java:tryRegister(44)) - Successfully registered JMX Bean with object name Ratis:service=RaftServer,group=group-523986131536,id=omNode-1
2021-07-20 05:55:53,218 [Listener at 127.0.0.1/12232] INFO  metrics.RatisMetrics (RatisMetrics.java:lambda$create$0(36)) - Creating Metrics Registry : ratis.state_machine.omNode-1@group-523986131536
2021-07-20 05:55:53,219 [Listener at 127.0.0.1/12232] INFO  server.RaftServer (RaftServerProxy.java:lambda$start$5(374)) - omNode-1: start RPC server
2021-07-20 05:55:53,221 [Listener at 127.0.0.1/12232] INFO  server.GrpcService (GrpcService.java:startImpl(253)) - omNode-1: GrpcService started, listening on 12236
2021-07-20 05:55:53,222 [org.apache.ratis.util.JvmPauseMonitor$$Lambda$496/1294139740@5191288e] INFO  util.JvmPauseMonitor (JvmPauseMonitor.java:run(103)) - JvmPauseMonitor-omNode-1: Started
2021-07-20 05:55:53,222 [Listener at 127.0.0.1/12232] INFO  om.OzoneManager (OzoneManager.java:start(1175)) - Version File has different layout version (0) than OM DB (null). That is expected if this OM has never been finalized to a newer layout version.
2021-07-20 05:55:53,232 [Listener at 127.0.0.1/12232] INFO  http.BaseHttpServer (BaseHttpServer.java:newHttpServer2BuilderForOzone(209)) - Starting Web-server for ozoneManager at: http://0.0.0.0:12234
2021-07-20 05:55:53,232 [Listener at 127.0.0.1/12232] INFO  http.BaseHttpServer (BaseHttpServer.java:<init>(107)) - Hadoop Security Enabled: false Ozone Security Enabled: false Ozone HTTP Security Enabled: false 
2021-07-20 05:55:53,234 [Listener at 127.0.0.1/12232] INFO  server.AuthenticationFilter (AuthenticationFilter.java:constructSecretProvider(240)) - Unable to initialize FileSignerSecretProvider, falling back to use random secrets.
2021-07-20 05:55:53,236 [Listener at 127.0.0.1/12232] WARN  http.HttpRequestLog (HttpRequestLog.java:getRequestLog(103)) - Jetty request log can only be enabled using Log4j
2021-07-20 05:55:53,237 [Listener at 127.0.0.1/12232] INFO  http.HttpServer2 (HttpServer2.java:addGlobalFilter(1020)) - Added global filter 'safety' (class=org.apache.hadoop.hdds.server.http.HttpServer2$QuotingInputFilter)
2021-07-20 05:55:53,238 [Listener at 127.0.0.1/12232] INFO  http.HttpServer2 (HttpServer2.java:addFilter(996)) - Added filter static_user_filter (class=org.apache.hadoop.http.lib.StaticUserWebFilter$StaticUserFilter) to context ozoneManager
2021-07-20 05:55:53,239 [Listener at 127.0.0.1/12232] INFO  http.HttpServer2 (HttpServer2.java:addFilter(1004)) - Added filter static_user_filter (class=org.apache.hadoop.http.lib.StaticUserWebFilter$StaticUserFilter) to context static
2021-07-20 05:55:53,239 [Listener at 127.0.0.1/12232] INFO  http.HttpServer2 (HttpServer2.java:addFilter(1004)) - Added filter static_user_filter (class=org.apache.hadoop.http.lib.StaticUserWebFilter$StaticUserFilter) to context logs
2021-07-20 05:55:53,240 [Listener at 127.0.0.1/12232] INFO  http.HttpServer2 (HttpServer2.java:bindListener(1238)) - Jetty bound to port 12234
2021-07-20 05:55:53,241 [Listener at 127.0.0.1/12232] INFO  server.Server (Server.java:doStart(375)) - jetty-9.4.35.v20201120; built: 2020-11-20T21:17:03.964Z; git: bdc54f03a5e0a7e280fab27f55c3c75ee8da89fb; jvm 1.8.0_292-b10
2021-07-20 05:55:53,252 [Listener at 127.0.0.1/12232] INFO  server.session (DefaultSessionIdManager.java:doStart(334)) - DefaultSessionIdManager workerName=node0
2021-07-20 05:55:53,252 [Listener at 127.0.0.1/12232] INFO  server.session (DefaultSessionIdManager.java:doStart(339)) - No SessionScavenger set, using defaults
2021-07-20 05:55:53,252 [Listener at 127.0.0.1/12232] INFO  server.session (HouseKeeper.java:startScavenging(132)) - node0 Scavenging every 660000ms
2021-07-20 05:55:53,253 [Listener at 127.0.0.1/12232] INFO  handler.ContextHandler (ContextHandler.java:doStart(916)) - Started o.e.j.s.ServletContextHandler@69c4bbfe{logs,/logs,file:///home/runner/work/ozone/ozone/mnt/ozone/hadoop-ozone/integration-test/target/log,AVAILABLE}
2021-07-20 05:55:53,254 [Listener at 127.0.0.1/12232] INFO  handler.ContextHandler (ContextHandler.java:doStart(916)) - Started o.e.j.s.ServletContextHandler@1c322b6a{static,/static,file:///home/runner/work/ozone/ozone/mnt/ozone/hadoop-ozone/integration-test/target/test-classes/webapps/static,AVAILABLE}
2021-07-20 05:55:53,257 [Listener at 127.0.0.1/12232] INFO  handler.ContextHandler (ContextHandler.java:doStart(916)) - Started o.e.j.w.WebAppContext@78e8594a{ozoneManager,/,file:///home/runner/work/ozone/ozone/mnt/ozone/hadoop-ozone/integration-test/target/test-classes/webapps/ozoneManager/,AVAILABLE}{file:/home/runner/work/ozone/ozone/mnt/ozone/hadoop-ozone/integration-test/target/test-classes/webapps/ozoneManager}
2021-07-20 05:55:53,259 [Listener at 127.0.0.1/12232] INFO  server.AbstractConnector (AbstractConnector.java:doStart(331)) - Started ServerConnector@54214c34{HTTP/1.1, (http/1.1)}{0.0.0.0:12234}
2021-07-20 05:55:53,259 [Listener at 127.0.0.1/12232] INFO  server.Server (Server.java:doStart(415)) - Started @19808ms
2021-07-20 05:55:53,259 [Listener at 127.0.0.1/12232] WARN  impl.MetricsSystemImpl (MetricsSystemImpl.java:register(279)) - Sink prometheus already exists!
2021-07-20 05:55:53,260 [Listener at 127.0.0.1/12232] INFO  http.BaseHttpServer (BaseHttpServer.java:updateConnectorAddress(329)) - HTTP server of ozoneManager listening at http://0.0.0.0:12234
2021-07-20 05:55:53,260 [IPC Server Responder] INFO  ipc.Server (Server.java:run(1507)) - IPC Server Responder: starting
2021-07-20 05:55:53,260 [IPC Server listener on 12232] INFO  ipc.Server (Server.java:run(1344)) - IPC Server listener on 12232: starting
2021-07-20 05:55:53,262 [Listener at 127.0.0.1/12232] INFO  om.OzoneManager (OzoneManager.java:startTrashEmptier(1306)) - Trash Interval set to 0. Files deleted will not move to trash
2021-07-20 05:55:53,272 [Listener at 127.0.0.1/12232] INFO  ozone.MiniOzoneHAClusterImpl (MiniOzoneHAClusterImpl.java:createOMService(469)) - Started OzoneManager RPC server at localhost/127.0.0.1:12232
2021-07-20 05:55:53,287 [org.apache.hadoop.util.JvmPauseMonitor$Monitor@1ab2f166] INFO  util.JvmPauseMonitor (JvmPauseMonitor.java:run(188)) - Starting JVM pause monitor
2021-07-20 05:55:53,444 [Listener at 127.0.0.1/12232] INFO  impl.MetricsSystemImpl (MetricsSystemImpl.java:init(158)) - HddsDatanode metrics system started (again)
2021-07-20 05:55:53,465 [Listener at 127.0.0.1/12232] INFO  ozone.HddsDatanodeService (HddsDatanodeService.java:start(234)) - HddsDatanodeService host:fv-az291-163.wgnan5asplgejimfprtllbpdch.jx.internal.cloudapp.net ip:10.1.0.42
2021-07-20 05:55:53,494 [Listener at 127.0.0.1/12232] INFO  upgrade.AbstractLayoutVersionManager (AbstractLayoutVersionManager.java:init(70)) - Initializing Layout version manager with metadata layout = SCM_HA (version = 2), software layout = SCM_HA (version = 2)
2021-07-20 05:55:53,539 [Listener at 127.0.0.1/12232] INFO  reflections.Reflections (Reflections.java:scan(232)) - Reflections took 44 ms to scan 7 urls, producing 119 keys and 271 values 
2021-07-20 05:55:53,544 [Listener at 127.0.0.1/12232] INFO  ha.SCMNodeInfo (SCMNodeInfo.java:getPort(197)) - ConfigKey ozone.scm.client.address is deprecated, For configuring different ports for each SCM use PortConfigKey ozone.scm.client.port appended with serviceId and nodeId
2021-07-20 05:55:53,544 [Listener at 127.0.0.1/12232] INFO  ha.SCMNodeInfo (SCMNodeInfo.java:getPort(197)) - ConfigKey ozone.scm.block.client.address is deprecated, For configuring different ports for each SCM use PortConfigKey ozone.scm.block.client.port appended with serviceId and nodeId
2021-07-20 05:55:53,544 [Listener at 127.0.0.1/12232] INFO  ha.SCMNodeInfo (SCMNodeInfo.java:getPort(197)) - ConfigKey ozone.scm.datanode.address is deprecated, For configuring different ports for each SCM use PortConfigKey ozone.scm.datanode.port appended with serviceId and nodeId
2021-07-20 05:55:53,544 [Listener at 127.0.0.1/12232] INFO  ha.SCMNodeInfo (SCMNodeInfo.java:getPort(197)) - ConfigKey ozone.scm.client.address is deprecated, For configuring different ports for each SCM use PortConfigKey ozone.scm.client.port appended with serviceId and nodeId
2021-07-20 05:55:53,544 [Listener at 127.0.0.1/12232] INFO  ha.SCMNodeInfo (SCMNodeInfo.java:getPort(197)) - ConfigKey ozone.scm.block.client.address is deprecated, For configuring different ports for each SCM use PortConfigKey ozone.scm.block.client.port appended with serviceId and nodeId
2021-07-20 05:55:53,545 [Listener at 127.0.0.1/12232] INFO  ha.SCMNodeInfo (SCMNodeInfo.java:getPort(197)) - ConfigKey ozone.scm.datanode.address is deprecated, For configuring different ports for each SCM use PortConfigKey ozone.scm.datanode.port appended with serviceId and nodeId
2021-07-20 05:55:53,545 [Listener at 127.0.0.1/12232] INFO  ha.SCMNodeInfo (SCMNodeInfo.java:getPort(197)) - ConfigKey ozone.scm.client.address is deprecated, For configuring different ports for each SCM use PortConfigKey ozone.scm.client.port appended with serviceId and nodeId
2021-07-20 05:55:53,547 [Listener at 127.0.0.1/12232] INFO  ha.SCMNodeInfo (SCMNodeInfo.java:getPort(197)) - ConfigKey ozone.scm.block.client.address is deprecated, For configuring different ports for each SCM use PortConfigKey ozone.scm.block.client.port appended with serviceId and nodeId
2021-07-20 05:55:53,547 [Listener at 127.0.0.1/12232] INFO  ha.SCMNodeInfo (SCMNodeInfo.java:getPort(197)) - ConfigKey ozone.scm.datanode.address is deprecated, For configuring different ports for each SCM use PortConfigKey ozone.scm.datanode.port appended with serviceId and nodeId
2021-07-20 05:55:53,622 [Listener at 127.0.0.1/12232] INFO  volume.HddsVolume (HddsVolume.java:<init>(120)) - Creating HddsVolume: /home/runner/work/ozone/ozone/mnt/ozone/hadoop-ozone/integration-test/target/test-dir/MiniOzoneClusterImpl-b2c6a007-39d2-4e45-b76c-321c7ba85e11/datanode-0/data-0/containers/hdds of storage type : DISK capacity : 9223372036854775807
2021-07-20 05:55:53,624 [Listener at 127.0.0.1/12232] INFO  volume.MutableVolumeSet (MutableVolumeSet.java:initializeVolumeSet(181)) - Added Volume : /home/runner/work/ozone/ozone/mnt/ozone/hadoop-ozone/integration-test/target/test-dir/MiniOzoneClusterImpl-b2c6a007-39d2-4e45-b76c-321c7ba85e11/datanode-0/data-0/containers/hdds to VolumeSet
2021-07-20 05:55:53,625 [Listener at 127.0.0.1/12232] INFO  volume.ThrottledAsyncChecker (ThrottledAsyncChecker.java:schedule(141)) - Scheduling a check for /home/runner/work/ozone/ozone/mnt/ozone/hadoop-ozone/integration-test/target/test-dir/MiniOzoneClusterImpl-b2c6a007-39d2-4e45-b76c-321c7ba85e11/datanode-0/data-0/containers/hdds
2021-07-20 05:55:53,645 [Listener at 127.0.0.1/12232] INFO  volume.StorageVolumeChecker (StorageVolumeChecker.java:checkAllVolumes(203)) - Scheduled health check for volume /home/runner/work/ozone/ozone/mnt/ozone/hadoop-ozone/integration-test/target/test-dir/MiniOzoneClusterImpl-b2c6a007-39d2-4e45-b76c-321c7ba85e11/datanode-0/data-0/containers/hdds
2021-07-20 05:55:53,699 [Listener at 127.0.0.1/12232] INFO  volume.MutableVolumeSet (MutableVolumeSet.java:initializeVolumeSet(181)) - Added Volume : /home/runner/work/ozone/ozone/mnt/ozone/hadoop-ozone/integration-test/target/test-dir/MiniOzoneClusterImpl-b2c6a007-39d2-4e45-b76c-321c7ba85e11/datanode-0/data/ratis to VolumeSet
2021-07-20 05:55:53,699 [Listener at 127.0.0.1/12232] INFO  volume.ThrottledAsyncChecker (ThrottledAsyncChecker.java:schedule(141)) - Scheduling a check for /home/runner/work/ozone/ozone/mnt/ozone/hadoop-ozone/integration-test/target/test-dir/MiniOzoneClusterImpl-b2c6a007-39d2-4e45-b76c-321c7ba85e11/datanode-0/data/ratis
2021-07-20 05:55:53,700 [Listener at 127.0.0.1/12232] INFO  volume.StorageVolumeChecker (StorageVolumeChecker.java:checkAllVolumes(203)) - Scheduled health check for volume /home/runner/work/ozone/ozone/mnt/ozone/hadoop-ozone/integration-test/target/test-dir/MiniOzoneClusterImpl-b2c6a007-39d2-4e45-b76c-321c7ba85e11/datanode-0/data/ratis
2021-07-20 05:55:53,748 [Listener at 127.0.0.1/12232] INFO  ozoneimpl.ContainerReader (ContainerReader.java:<init>(98)) - Running in upgrade mode:true
2021-07-20 05:55:53,755 [Thread-487] INFO  ozoneimpl.ContainerReader (ContainerReader.java:readVolume(142)) - Start to verify containers on volume /home/runner/work/ozone/ozone/mnt/ozone/hadoop-ozone/integration-test/target/test-dir/MiniOzoneClusterImpl-b2c6a007-39d2-4e45-b76c-321c7ba85e11/datanode-0/data-0/containers/hdds
2021-07-20 05:55:53,756 [Thread-487] INFO  ozoneimpl.ContainerReader (ContainerReader.java:readVolume(174)) - Finish verifying containers on volume /home/runner/work/ozone/ozone/mnt/ozone/hadoop-ozone/integration-test/target/test-dir/MiniOzoneClusterImpl-b2c6a007-39d2-4e45-b76c-321c7ba85e11/datanode-0/data-0/containers/hdds
2021-07-20 05:55:53,756 [Listener at 127.0.0.1/12232] INFO  ozoneimpl.OzoneContainer (OzoneContainer.java:buildContainerSet(237)) - Build ContainerSet costs 0s
2021-07-20 05:55:53,901 [Listener at 127.0.0.1/12232] INFO  server.RaftServer (ConfUtils.java:logGet(44)) - raft.rpc.type = GRPC (default)
2021-07-20 05:55:53,901 [Listener at 127.0.0.1/12232] INFO  grpc.GrpcFactory (GrpcFactory.java:checkPooledByteBufAllocatorUseCacheForAllThreads(48)) - PERFORMANCE WARNING: useCacheForAllThreads is true that may cause Netty to create a lot garbage objects and, as a result, trigger GC.
	It is recommended to disable useCacheForAllThreads by setting -Dorg.apache.ratis.thirdparty.io.netty.allocator.useCacheForAllThreads=false in command line.
2021-07-20 05:55:53,902 [Listener at 127.0.0.1/12232] INFO  grpc.GrpcConfigKeys (ConfUtils.java:logGet(44)) - raft.grpc.admin.port = 0 (custom)
2021-07-20 05:55:53,902 [Listener at 127.0.0.1/12232] INFO  grpc.GrpcConfigKeys (ConfUtils.java:logGet(44)) - raft.grpc.client.port = 0 (custom)
2021-07-20 05:55:53,903 [Listener at 127.0.0.1/12232] INFO  grpc.GrpcConfigKeys (ConfUtils.java:logGet(44)) - raft.grpc.server.port = 0 (default)
2021-07-20 05:55:53,903 [Listener at 127.0.0.1/12232] INFO  server.GrpcService (ConfUtils.java:logGet(44)) - raft.grpc.message.size.max = 32MB (=33554432) (custom)
2021-07-20 05:55:53,905 [Listener at 127.0.0.1/12232] INFO  server.RaftServerConfigKeys (ConfUtils.java:logGet(44)) - raft.server.log.appender.buffer.byte-limit = 33554432 (custom)
2021-07-20 05:55:53,906 [Listener at 127.0.0.1/12232] INFO  server.GrpcService (ConfUtils.java:logGet(44)) - raft.grpc.flow.control.window = 5MB (=5242880) (custom)
2021-07-20 05:55:53,906 [Listener at 127.0.0.1/12232] INFO  server.RaftServerConfigKeys (ConfUtils.java:logGet(44)) - raft.server.rpc.request.timeout = 60s (custom)
2021-07-20 05:55:53,908 [Listener at 127.0.0.1/12232] INFO  impl.DataStreamServerImpl (ConfUtils.java:logGet(44)) - raft.datastream.type = DISABLED (default)
2021-07-20 05:55:53,909 [Listener at 127.0.0.1/12232] INFO  server.RaftServerConfigKeys (ConfUtils.java:logGet(44)) - raft.server.rpc.slowness.timeout = 300s (custom)
2021-07-20 05:55:53,909 [Listener at 127.0.0.1/12232] INFO  server.RaftServerConfigKeys (ConfUtils.java:logGet(44)) - raft.server.leaderelection.leader.step-down.wait-time = 10s (default)
2021-07-20 05:55:53,909 [Listener at 127.0.0.1/12232] INFO  server.RaftServerConfigKeys (ConfUtils.java:logGet(44)) - raft.server.storage.dir = [/home/runner/work/ozone/ozone/mnt/ozone/hadoop-ozone/integration-test/target/test-dir/MiniOzoneClusterImpl-b2c6a007-39d2-4e45-b76c-321c7ba85e11/datanode-0/data/ratis] (custom)
2021-07-20 05:55:53,976 [Listener at 127.0.0.1/12232] INFO  http.BaseHttpServer (BaseHttpServer.java:newHttpServer2BuilderForOzone(209)) - Starting Web-server for hddsDatanode at: http://0.0.0.0:0
2021-07-20 05:55:53,976 [Listener at 127.0.0.1/12232] INFO  http.BaseHttpServer (BaseHttpServer.java:<init>(107)) - Hadoop Security Enabled: false Ozone Security Enabled: false Ozone HTTP Security Enabled: false 
2021-07-20 05:55:53,977 [Listener at 127.0.0.1/12232] INFO  server.AuthenticationFilter (AuthenticationFilter.java:constructSecretProvider(240)) - Unable to initialize FileSignerSecretProvider, falling back to use random secrets.
2021-07-20 05:55:53,979 [Listener at 127.0.0.1/12232] WARN  http.HttpRequestLog (HttpRequestLog.java:getRequestLog(103)) - Jetty request log can only be enabled using Log4j
2021-07-20 05:55:53,980 [Listener at 127.0.0.1/12232] INFO  http.HttpServer2 (HttpServer2.java:addGlobalFilter(1020)) - Added global filter 'safety' (class=org.apache.hadoop.hdds.server.http.HttpServer2$QuotingInputFilter)
2021-07-20 05:55:53,981 [Listener at 127.0.0.1/12232] INFO  http.HttpServer2 (HttpServer2.java:addFilter(996)) - Added filter static_user_filter (class=org.apache.hadoop.http.lib.StaticUserWebFilter$StaticUserFilter) to context hddsDatanode
2021-07-20 05:55:53,981 [Listener at 127.0.0.1/12232] INFO  http.HttpServer2 (HttpServer2.java:addFilter(1004)) - Added filter static_user_filter (class=org.apache.hadoop.http.lib.StaticUserWebFilter$StaticUserFilter) to context logs
2021-07-20 05:55:53,981 [Listener at 127.0.0.1/12232] INFO  http.HttpServer2 (HttpServer2.java:addFilter(1004)) - Added filter static_user_filter (class=org.apache.hadoop.http.lib.StaticUserWebFilter$StaticUserFilter) to context static
2021-07-20 05:55:53,982 [Listener at 127.0.0.1/12232] INFO  http.HttpServer2 (HttpServer2.java:bindListener(1238)) - Jetty bound to port 37815
2021-07-20 05:55:53,982 [Listener at 127.0.0.1/12232] INFO  server.Server (Server.java:doStart(375)) - jetty-9.4.35.v20201120; built: 2020-11-20T21:17:03.964Z; git: bdc54f03a5e0a7e280fab27f55c3c75ee8da89fb; jvm 1.8.0_292-b10
2021-07-20 05:55:53,990 [Listener at 127.0.0.1/12232] INFO  server.session (DefaultSessionIdManager.java:doStart(334)) - DefaultSessionIdManager workerName=node0
2021-07-20 05:55:53,990 [Listener at 127.0.0.1/12232] INFO  server.session (DefaultSessionIdManager.java:doStart(339)) - No SessionScavenger set, using defaults
2021-07-20 05:55:53,990 [Listener at 127.0.0.1/12232] INFO  server.session (HouseKeeper.java:startScavenging(132)) - node0 Scavenging every 660000ms
2021-07-20 05:55:53,991 [Listener at 127.0.0.1/12232] INFO  handler.ContextHandler (ContextHandler.java:doStart(916)) - Started o.e.j.s.ServletContextHandler@13da85f2{logs,/logs,file:///home/runner/work/ozone/ozone/mnt/ozone/hadoop-ozone/integration-test/target/log,AVAILABLE}
2021-07-20 05:55:53,991 [Listener at 127.0.0.1/12232] INFO  handler.ContextHandler (ContextHandler.java:doStart(916)) - Started o.e.j.s.ServletContextHandler@5a9fa35{static,/static,jar:file:/home/runner/.m2/repository/org/apache/ozone/hdds-container-service/1.2.0-SNAPSHOT/hdds-container-service-1.2.0-SNAPSHOT.jar!/webapps/static,AVAILABLE}
2021-07-20 05:55:54,057 [Listener at 127.0.0.1/12232] INFO  handler.ContextHandler (ContextHandler.java:doStart(916)) - Started o.e.j.w.WebAppContext@4bc40cb8{hddsDatanode,/,file:///tmp/jetty-0_0_0_0-37815-hdds-container-service-1_2_0-SNAPSHOT_jar-_-any-5839001871898563262/webapp/,AVAILABLE}{jar:file:/home/runner/.m2/repository/org/apache/ozone/hdds-container-service/1.2.0-SNAPSHOT/hdds-container-service-1.2.0-SNAPSHOT.jar!/webapps/hddsDatanode}
2021-07-20 05:55:54,059 [Listener at 127.0.0.1/12232] INFO  server.AbstractConnector (AbstractConnector.java:doStart(331)) - Started ServerConnector@78519d63{HTTP/1.1, (http/1.1)}{0.0.0.0:37815}
2021-07-20 05:55:54,059 [Listener at 127.0.0.1/12232] INFO  server.Server (Server.java:doStart(415)) - Started @20608ms
2021-07-20 05:55:54,059 [Listener at 127.0.0.1/12232] WARN  impl.MetricsSystemImpl (MetricsSystemImpl.java:register(279)) - Sink prometheus already exists!
2021-07-20 05:55:54,060 [Listener at 127.0.0.1/12232] INFO  http.BaseHttpServer (BaseHttpServer.java:updateConnectorAddress(329)) - HTTP server of hddsDatanode listening at http://0.0.0.0:37815
2021-07-20 05:55:54,061 [Listener at 127.0.0.1/12232] INFO  impl.MetricsSystemImpl (MetricsSystemImpl.java:init(158)) - HddsDatanode metrics system started (again)
2021-07-20 05:55:54,084 [Datanode State Machine Task Thread - 0] INFO  ha.SCMNodeInfo (SCMNodeInfo.java:getPort(197)) - ConfigKey ozone.scm.client.address is deprecated, For configuring different ports for each SCM use PortConfigKey ozone.scm.client.port appended with serviceId and nodeId
2021-07-20 05:55:54,085 [Datanode State Machine Task Thread - 0] INFO  ha.SCMNodeInfo (SCMNodeInfo.java:getPort(197)) - ConfigKey ozone.scm.block.client.address is deprecated, For configuring different ports for each SCM use PortConfigKey ozone.scm.block.client.port appended with serviceId and nodeId
2021-07-20 05:55:54,085 [Datanode State Machine Task Thread - 0] INFO  ha.SCMNodeInfo (SCMNodeInfo.java:getPort(197)) - ConfigKey ozone.scm.datanode.address is deprecated, For configuring different ports for each SCM use PortConfigKey ozone.scm.datanode.port appended with serviceId and nodeId
2021-07-20 05:55:54,085 [Datanode State Machine Task Thread - 0] INFO  ha.SCMNodeInfo (SCMNodeInfo.java:getPort(197)) - ConfigKey ozone.scm.client.address is deprecated, For configuring different ports for each SCM use PortConfigKey ozone.scm.client.port appended with serviceId and nodeId
2021-07-20 05:55:54,085 [Datanode State Machine Task Thread - 0] INFO  ha.SCMNodeInfo (SCMNodeInfo.java:getPort(197)) - ConfigKey ozone.scm.block.client.address is deprecated, For configuring different ports for each SCM use PortConfigKey ozone.scm.block.client.port appended with serviceId and nodeId
2021-07-20 05:55:54,085 [org.apache.hadoop.util.JvmPauseMonitor$Monitor@2a31b669] INFO  util.JvmPauseMonitor (JvmPauseMonitor.java:run(188)) - Starting JVM pause monitor
2021-07-20 05:55:54,086 [Datanode State Machine Task Thread - 0] INFO  ha.SCMNodeInfo (SCMNodeInfo.java:getPort(197)) - ConfigKey ozone.scm.datanode.address is deprecated, For configuring different ports for each SCM use PortConfigKey ozone.scm.datanode.port appended with serviceId and nodeId
2021-07-20 05:55:54,086 [Datanode State Machine Task Thread - 0] INFO  ha.SCMNodeInfo (SCMNodeInfo.java:getPort(197)) - ConfigKey ozone.scm.client.address is deprecated, For configuring different ports for each SCM use PortConfigKey ozone.scm.client.port appended with serviceId and nodeId
2021-07-20 05:55:54,088 [Datanode State Machine Task Thread - 0] INFO  ha.SCMNodeInfo (SCMNodeInfo.java:getPort(197)) - ConfigKey ozone.scm.block.client.address is deprecated, For configuring different ports for each SCM use PortConfigKey ozone.scm.block.client.port appended with serviceId and nodeId
2021-07-20 05:55:54,089 [Datanode State Machine Task Thread - 0] INFO  ha.SCMNodeInfo (SCMNodeInfo.java:getPort(197)) - ConfigKey ozone.scm.datanode.address is deprecated, For configuring different ports for each SCM use PortConfigKey ozone.scm.datanode.port appended with serviceId and nodeId
2021-07-20 05:55:54,112 [Listener at 127.0.0.1/12232] INFO  ozone.HddsDatanodeService (HddsDatanodeService.java:start(234)) - HddsDatanodeService host:fv-az291-163.wgnan5asplgejimfprtllbpdch.jx.internal.cloudapp.net ip:10.1.0.42
2021-07-20 05:55:54,158 [Listener at 127.0.0.1/12232] INFO  upgrade.AbstractLayoutVersionManager (AbstractLayoutVersionManager.java:init(70)) - Initializing Layout version manager with metadata layout = SCM_HA (version = 2), software layout = SCM_HA (version = 2)
2021-07-20 05:55:54,228 [Listener at 127.0.0.1/12232] INFO  reflections.Reflections (Reflections.java:scan(232)) - Reflections took 66 ms to scan 7 urls, producing 119 keys and 271 values 
2021-07-20 05:55:54,232 [Listener at 127.0.0.1/12232] INFO  ha.SCMNodeInfo (SCMNodeInfo.java:getPort(197)) - ConfigKey ozone.scm.client.address is deprecated, For configuring different ports for each SCM use PortConfigKey ozone.scm.client.port appended with serviceId and nodeId
2021-07-20 05:55:54,232 [Listener at 127.0.0.1/12232] INFO  ha.SCMNodeInfo (SCMNodeInfo.java:getPort(197)) - ConfigKey ozone.scm.block.client.address is deprecated, For configuring different ports for each SCM use PortConfigKey ozone.scm.block.client.port appended with serviceId and nodeId
2021-07-20 05:55:54,232 [Listener at 127.0.0.1/12232] INFO  ha.SCMNodeInfo (SCMNodeInfo.java:getPort(197)) - ConfigKey ozone.scm.datanode.address is deprecated, For configuring different ports for each SCM use PortConfigKey ozone.scm.datanode.port appended with serviceId and nodeId
2021-07-20 05:55:54,232 [Listener at 127.0.0.1/12232] INFO  ha.SCMNodeInfo (SCMNodeInfo.java:getPort(197)) - ConfigKey ozone.scm.client.address is deprecated, For configuring different ports for each SCM use PortConfigKey ozone.scm.client.port appended with serviceId and nodeId
2021-07-20 05:55:54,233 [Listener at 127.0.0.1/12232] INFO  ha.SCMNodeInfo (SCMNodeInfo.java:getPort(197)) - ConfigKey ozone.scm.block.client.address is deprecated, For configuring different ports for each SCM use PortConfigKey ozone.scm.block.client.port appended with serviceId and nodeId
2021-07-20 05:55:54,233 [Listener at 127.0.0.1/12232] INFO  ha.SCMNodeInfo (SCMNodeInfo.java:getPort(197)) - ConfigKey ozone.scm.datanode.address is deprecated, For configuring different ports for each SCM use PortConfigKey ozone.scm.datanode.port appended with serviceId and nodeId
2021-07-20 05:55:54,233 [Listener at 127.0.0.1/12232] INFO  ha.SCMNodeInfo (SCMNodeInfo.java:getPort(197)) - ConfigKey ozone.scm.client.address is deprecated, For configuring different ports for each SCM use PortConfigKey ozone.scm.client.port appended with serviceId and nodeId
2021-07-20 05:55:54,233 [Listener at 127.0.0.1/12232] INFO  ha.SCMNodeInfo (SCMNodeInfo.java:getPort(197)) - ConfigKey ozone.scm.block.client.address is deprecated, For configuring different ports for each SCM use PortConfigKey ozone.scm.block.client.port appended with serviceId and nodeId
2021-07-20 05:55:54,233 [Listener at 127.0.0.1/12232] INFO  ha.SCMNodeInfo (SCMNodeInfo.java:getPort(197)) - ConfigKey ozone.scm.datanode.address is deprecated, For configuring different ports for each SCM use PortConfigKey ozone.scm.datanode.port appended with serviceId and nodeId
2021-07-20 05:55:54,235 [Listener at 127.0.0.1/12232] INFO  volume.HddsVolume (HddsVolume.java:<init>(120)) - Creating HddsVolume: /home/runner/work/ozone/ozone/mnt/ozone/hadoop-ozone/integration-test/target/test-dir/MiniOzoneClusterImpl-b2c6a007-39d2-4e45-b76c-321c7ba85e11/datanode-1/data-0/containers/hdds of storage type : DISK capacity : 9223372036854775807
2021-07-20 05:55:54,235 [Listener at 127.0.0.1/12232] INFO  volume.MutableVolumeSet (MutableVolumeSet.java:initializeVolumeSet(181)) - Added Volume : /home/runner/work/ozone/ozone/mnt/ozone/hadoop-ozone/integration-test/target/test-dir/MiniOzoneClusterImpl-b2c6a007-39d2-4e45-b76c-321c7ba85e11/datanode-1/data-0/containers/hdds to VolumeSet
2021-07-20 05:55:54,235 [Listener at 127.0.0.1/12232] INFO  volume.ThrottledAsyncChecker (ThrottledAsyncChecker.java:schedule(141)) - Scheduling a check for /home/runner/work/ozone/ozone/mnt/ozone/hadoop-ozone/integration-test/target/test-dir/MiniOzoneClusterImpl-b2c6a007-39d2-4e45-b76c-321c7ba85e11/datanode-1/data-0/containers/hdds
2021-07-20 05:55:54,237 [Listener at 127.0.0.1/12232] INFO  volume.StorageVolumeChecker (StorageVolumeChecker.java:checkAllVolumes(203)) - Scheduled health check for volume /home/runner/work/ozone/ozone/mnt/ozone/hadoop-ozone/integration-test/target/test-dir/MiniOzoneClusterImpl-b2c6a007-39d2-4e45-b76c-321c7ba85e11/datanode-1/data-0/containers/hdds
2021-07-20 05:55:54,257 [Datanode State Machine Task Thread - 0] INFO  datanode.InitDatanodeState (InitDatanodeState.java:persistContainerDatanodeDetails(145)) - DatanodeDetails is persisted to /home/runner/work/ozone/ozone/mnt/ozone/hadoop-ozone/integration-test/target/test-dir/MiniOzoneClusterImpl-b2c6a007-39d2-4e45-b76c-321c7ba85e11/datanode-0/meta/datanode.id
2021-07-20 05:55:54,259 [Listener at 127.0.0.1/12232] INFO  volume.MutableVolumeSet (MutableVolumeSet.java:initializeVolumeSet(181)) - Added Volume : /home/runner/work/ozone/ozone/mnt/ozone/hadoop-ozone/integration-test/target/test-dir/MiniOzoneClusterImpl-b2c6a007-39d2-4e45-b76c-321c7ba85e11/datanode-1/data/ratis to VolumeSet
2021-07-20 05:55:54,260 [Listener at 127.0.0.1/12232] INFO  volume.ThrottledAsyncChecker (ThrottledAsyncChecker.java:schedule(141)) - Scheduling a check for /home/runner/work/ozone/ozone/mnt/ozone/hadoop-ozone/integration-test/target/test-dir/MiniOzoneClusterImpl-b2c6a007-39d2-4e45-b76c-321c7ba85e11/datanode-1/data/ratis
2021-07-20 05:55:54,260 [Listener at 127.0.0.1/12232] INFO  volume.StorageVolumeChecker (StorageVolumeChecker.java:checkAllVolumes(203)) - Scheduled health check for volume /home/runner/work/ozone/ozone/mnt/ozone/hadoop-ozone/integration-test/target/test-dir/MiniOzoneClusterImpl-b2c6a007-39d2-4e45-b76c-321c7ba85e11/datanode-1/data/ratis
2021-07-20 05:55:54,276 [Listener at 127.0.0.1/12232] INFO  ozoneimpl.ContainerReader (ContainerReader.java:<init>(98)) - Running in upgrade mode:true
2021-07-20 05:55:54,277 [Thread-499] INFO  ozoneimpl.ContainerReader (ContainerReader.java:readVolume(142)) - Start to verify containers on volume /home/runner/work/ozone/ozone/mnt/ozone/hadoop-ozone/integration-test/target/test-dir/MiniOzoneClusterImpl-b2c6a007-39d2-4e45-b76c-321c7ba85e11/datanode-1/data-0/containers/hdds
2021-07-20 05:55:54,277 [Thread-499] INFO  ozoneimpl.ContainerReader (ContainerReader.java:readVolume(174)) - Finish verifying containers on volume /home/runner/work/ozone/ozone/mnt/ozone/hadoop-ozone/integration-test/target/test-dir/MiniOzoneClusterImpl-b2c6a007-39d2-4e45-b76c-321c7ba85e11/datanode-1/data-0/containers/hdds
2021-07-20 05:55:54,277 [Listener at 127.0.0.1/12232] INFO  ozoneimpl.OzoneContainer (OzoneContainer.java:buildContainerSet(237)) - Build ContainerSet costs 0s
2021-07-20 05:55:54,281 [Listener at 127.0.0.1/12232] INFO  server.RaftServer (ConfUtils.java:logGet(44)) - raft.rpc.type = GRPC (default)
2021-07-20 05:55:54,281 [Listener at 127.0.0.1/12232] INFO  grpc.GrpcFactory (GrpcFactory.java:checkPooledByteBufAllocatorUseCacheForAllThreads(48)) - PERFORMANCE WARNING: useCacheForAllThreads is true that may cause Netty to create a lot garbage objects and, as a result, trigger GC.
	It is recommended to disable useCacheForAllThreads by setting -Dorg.apache.ratis.thirdparty.io.netty.allocator.useCacheForAllThreads=false in command line.
2021-07-20 05:55:54,281 [Listener at 127.0.0.1/12232] INFO  grpc.GrpcConfigKeys (ConfUtils.java:logGet(44)) - raft.grpc.admin.port = 0 (custom)
2021-07-20 05:55:54,282 [Listener at 127.0.0.1/12232] INFO  grpc.GrpcConfigKeys (ConfUtils.java:logGet(44)) - raft.grpc.client.port = 0 (custom)
2021-07-20 05:55:54,282 [Listener at 127.0.0.1/12232] INFO  grpc.GrpcConfigKeys (ConfUtils.java:logGet(44)) - raft.grpc.server.port = 0 (default)
2021-07-20 05:55:54,282 [Listener at 127.0.0.1/12232] INFO  server.GrpcService (ConfUtils.java:logGet(44)) - raft.grpc.message.size.max = 32MB (=33554432) (custom)
2021-07-20 05:55:54,282 [Listener at 127.0.0.1/12232] INFO  server.RaftServerConfigKeys (ConfUtils.java:logGet(44)) - raft.server.log.appender.buffer.byte-limit = 33554432 (custom)
2021-07-20 05:55:54,282 [Listener at 127.0.0.1/12232] INFO  server.GrpcService (ConfUtils.java:logGet(44)) - raft.grpc.flow.control.window = 5MB (=5242880) (custom)
2021-07-20 05:55:54,283 [Listener at 127.0.0.1/12232] INFO  server.RaftServerConfigKeys (ConfUtils.java:logGet(44)) - raft.server.rpc.request.timeout = 60s (custom)
2021-07-20 05:55:54,284 [Listener at 127.0.0.1/12232] INFO  impl.DataStreamServerImpl (ConfUtils.java:logGet(44)) - raft.datastream.type = DISABLED (default)
2021-07-20 05:55:54,284 [Listener at 127.0.0.1/12232] INFO  server.RaftServerConfigKeys (ConfUtils.java:logGet(44)) - raft.server.rpc.slowness.timeout = 300s (custom)
2021-07-20 05:55:54,284 [Listener at 127.0.0.1/12232] INFO  server.RaftServerConfigKeys (ConfUtils.java:logGet(44)) - raft.server.leaderelection.leader.step-down.wait-time = 10s (default)
2021-07-20 05:55:54,285 [Listener at 127.0.0.1/12232] INFO  server.RaftServerConfigKeys (ConfUtils.java:logGet(44)) - raft.server.storage.dir = [/home/runner/work/ozone/ozone/mnt/ozone/hadoop-ozone/integration-test/target/test-dir/MiniOzoneClusterImpl-b2c6a007-39d2-4e45-b76c-321c7ba85e11/datanode-1/data/ratis] (custom)
2021-07-20 05:55:54,288 [Listener at 127.0.0.1/12232] INFO  http.BaseHttpServer (BaseHttpServer.java:newHttpServer2BuilderForOzone(209)) - Starting Web-server for hddsDatanode at: http://0.0.0.0:0
2021-07-20 05:55:54,288 [Listener at 127.0.0.1/12232] INFO  http.BaseHttpServer (BaseHttpServer.java:<init>(107)) - Hadoop Security Enabled: false Ozone Security Enabled: false Ozone HTTP Security Enabled: false 
2021-07-20 05:55:54,290 [Listener at 127.0.0.1/12232] INFO  server.AuthenticationFilter (AuthenticationFilter.java:constructSecretProvider(240)) - Unable to initialize FileSignerSecretProvider, falling back to use random secrets.
2021-07-20 05:55:54,294 [Listener at 127.0.0.1/12232] WARN  http.HttpRequestLog (HttpRequestLog.java:getRequestLog(103)) - Jetty request log can only be enabled using Log4j
2021-07-20 05:55:54,295 [Listener at 127.0.0.1/12232] INFO  http.HttpServer2 (HttpServer2.java:addGlobalFilter(1020)) - Added global filter 'safety' (class=org.apache.hadoop.hdds.server.http.HttpServer2$QuotingInputFilter)
2021-07-20 05:55:54,296 [Listener at 127.0.0.1/12232] INFO  http.HttpServer2 (HttpServer2.java:addFilter(996)) - Added filter static_user_filter (class=org.apache.hadoop.http.lib.StaticUserWebFilter$StaticUserFilter) to context hddsDatanode
2021-07-20 05:55:54,296 [Listener at 127.0.0.1/12232] INFO  http.HttpServer2 (HttpServer2.java:addFilter(1004)) - Added filter static_user_filter (class=org.apache.hadoop.http.lib.StaticUserWebFilter$StaticUserFilter) to context static
2021-07-20 05:55:54,296 [Listener at 127.0.0.1/12232] INFO  http.HttpServer2 (HttpServer2.java:addFilter(1004)) - Added filter static_user_filter (class=org.apache.hadoop.http.lib.StaticUserWebFilter$StaticUserFilter) to context logs
2021-07-20 05:55:54,297 [omNode-1@group-523986131536-FollowerState] INFO  impl.FollowerState (FollowerState.java:run(134)) - omNode-1@group-523986131536-FollowerState: change to CANDIDATE, lastRpcElapsedTime:1080198601ns, electionTimeout:1078ms
2021-07-20 05:55:54,298 [Listener at 127.0.0.1/12232] INFO  http.HttpServer2 (HttpServer2.java:bindListener(1238)) - Jetty bound to port 40923
2021-07-20 05:55:54,298 [Listener at 127.0.0.1/12232] INFO  server.Server (Server.java:doStart(375)) - jetty-9.4.35.v20201120; built: 2020-11-20T21:17:03.964Z; git: bdc54f03a5e0a7e280fab27f55c3c75ee8da89fb; jvm 1.8.0_292-b10
2021-07-20 05:55:54,298 [omNode-1@group-523986131536-FollowerState] INFO  impl.RoleInfo (RoleInfo.java:shutdownFollowerState(108)) - omNode-1: shutdown omNode-1@group-523986131536-FollowerState
2021-07-20 05:55:54,298 [omNode-1@group-523986131536-FollowerState] INFO  server.RaftServer$Division (RaftServerImpl.java:setRole(284)) - omNode-1@group-523986131536: changes role from  FOLLOWER to CANDIDATE at term 0 for changeToCandidate
2021-07-20 05:55:54,299 [omNode-1@group-523986131536-FollowerState] INFO  server.RaftServerConfigKeys (ConfUtils.java:logGet(44)) - raft.server.leaderelection.pre-vote = false (custom)
2021-07-20 05:55:54,299 [omNode-1@group-523986131536-FollowerState] INFO  impl.RoleInfo (RoleInfo.java:updateAndGet(130)) - omNode-1: start omNode-1@group-523986131536-LeaderElection3
2021-07-20 05:55:54,307 [Listener at 127.0.0.1/12232] INFO  server.session (DefaultSessionIdManager.java:doStart(334)) - DefaultSessionIdManager workerName=node0
2021-07-20 05:55:54,307 [Listener at 127.0.0.1/12232] INFO  server.session (DefaultSessionIdManager.java:doStart(339)) - No SessionScavenger set, using defaults
2021-07-20 05:55:54,308 [Listener at 127.0.0.1/12232] INFO  server.session (HouseKeeper.java:startScavenging(132)) - node0 Scavenging every 660000ms
2021-07-20 05:55:54,308 [Listener at 127.0.0.1/12232] INFO  handler.ContextHandler (ContextHandler.java:doStart(916)) - Started o.e.j.s.ServletContextHandler@2d0d357b{logs,/logs,file:///home/runner/work/ozone/ozone/mnt/ozone/hadoop-ozone/integration-test/target/log,AVAILABLE}
2021-07-20 05:55:54,309 [Listener at 127.0.0.1/12232] INFO  handler.ContextHandler (ContextHandler.java:doStart(916)) - Started o.e.j.s.ServletContextHandler@7b16d337{static,/static,jar:file:/home/runner/.m2/repository/org/apache/ozone/hdds-container-service/1.2.0-SNAPSHOT/hdds-container-service-1.2.0-SNAPSHOT.jar!/webapps/static,AVAILABLE}
2021-07-20 05:55:54,319 [omNode-1@group-523986131536-LeaderElection3] INFO  impl.LeaderElection (LeaderElection.java:askForVotes(306)) - omNode-1@group-523986131536-LeaderElection3 ELECTION round 0: submit vote requests at term 1 for -1: [omNode-1|rpc:localhost:12236|priority:0], old=null
2021-07-20 05:55:54,319 [omNode-1@group-523986131536-LeaderElection3] INFO  impl.LeaderElection (LeaderElection.java:askForVotes(308)) - omNode-1@group-523986131536-LeaderElection3 ELECTION round 0: result PASSED (term=1)
2021-07-20 05:55:54,319 [omNode-1@group-523986131536-LeaderElection3] INFO  impl.RoleInfo (RoleInfo.java:shutdownLeaderElection(121)) - omNode-1: shutdown omNode-1@group-523986131536-LeaderElection3
2021-07-20 05:55:54,319 [omNode-1@group-523986131536-LeaderElection3] INFO  server.RaftServer$Division (RaftServerImpl.java:setRole(284)) - omNode-1@group-523986131536: changes role from CANDIDATE to LEADER at term 1 for changeToLeader
2021-07-20 05:55:54,319 [omNode-1@group-523986131536-LeaderElection3] INFO  server.RaftServer$Division (ServerState.java:setLeader(271)) - omNode-1@group-523986131536: change Leader from null to omNode-1 at term 1 for becomeLeader, leader elected after 1244ms
2021-07-20 05:55:54,319 [omNode-1@group-523986131536-LeaderElection3] INFO  server.RaftServerConfigKeys (ConfUtils.java:logGet(44)) - raft.server.staging.catchup.gap = 1000 (default)
2021-07-20 05:55:54,320 [omNode-1@group-523986131536-LeaderElection3] INFO  metrics.RatisMetrics (RatisMetrics.java:lambda$create$0(36)) - Creating Metrics Registry : ratis.log_appender.omNode-1@group-523986131536
2021-07-20 05:55:54,320 [omNode-1@group-523986131536-LeaderElection3] INFO  server.RaftServerConfigKeys (ConfUtils.java:logGet(44)) - raft.server.write.element-limit = 4096 (default)
2021-07-20 05:55:54,320 [omNode-1@group-523986131536-LeaderElection3] INFO  server.RaftServerConfigKeys (ConfUtils.java:logGet(44)) - raft.server.write.byte-limit = 64MB (=67108864) (default)
2021-07-20 05:55:54,320 [omNode-1@group-523986131536-LeaderElection3] INFO  server.RaftServerConfigKeys (ConfUtils.java:logGet(44)) - raft.server.watch.timeout = 10s (default)
2021-07-20 05:55:54,320 [omNode-1@group-523986131536-LeaderElection3] INFO  server.RaftServerConfigKeys (ConfUtils.java:logGet(44)) - raft.server.watch.timeout.denomination = 1s (default)
2021-07-20 05:55:54,320 [omNode-1@group-523986131536-LeaderElection3] INFO  server.RaftServerConfigKeys (ConfUtils.java:logGet(44)) - raft.server.watch.element-limit = 65536 (default)
2021-07-20 05:55:54,320 [omNode-1@group-523986131536-LeaderElection3] INFO  impl.RoleInfo (RoleInfo.java:updateAndGet(130)) - omNode-1: start omNode-1@group-523986131536-LeaderStateImpl
2021-07-20 05:55:54,320 [omNode-1@group-523986131536-LeaderElection3] INFO  segmented.SegmentedRaftLogWorker (SegmentedRaftLogWorker.java:startLogSegment(394)) - omNode-1@group-523986131536-SegmentedRaftLogWorker: Starting segment from index:0
2021-07-20 05:55:54,327 [omNode-1@group-523986131536-SegmentedRaftLogWorker] INFO  segmented.SegmentedRaftLogWorker (SegmentedRaftLogWorker.java:execute(601)) - omNode-1@group-523986131536-SegmentedRaftLogWorker: created new log segment /home/runner/work/ozone/ozone/mnt/ozone/hadoop-ozone/integration-test/target/test-dir/MiniOzoneClusterImpl-b2c6a007-39d2-4e45-b76c-321c7ba85e11/omNode-1/ratis/c9bc4cf4-3bc3-3c60-a66b-523986131536/current/log_inprogress_0
2021-07-20 05:55:54,332 [omNode-1@group-523986131536-LeaderElection3] INFO  server.RaftServer$Division (ServerState.java:setRaftConf(373)) - omNode-1@group-523986131536: set configuration 0: [omNode-1|rpc:localhost:12236|admin:|client:|dataStream:|priority:0], old=null
2021-07-20 05:55:54,373 [Listener at 127.0.0.1/12232] INFO  handler.ContextHandler (ContextHandler.java:doStart(916)) - Started o.e.j.w.WebAppContext@18f9bc99{hddsDatanode,/,file:///tmp/jetty-0_0_0_0-40923-hdds-container-service-1_2_0-SNAPSHOT_jar-_-any-7267900473367759840/webapp/,AVAILABLE}{jar:file:/home/runner/.m2/repository/org/apache/ozone/hdds-container-service/1.2.0-SNAPSHOT/hdds-container-service-1.2.0-SNAPSHOT.jar!/webapps/hddsDatanode}
2021-07-20 05:55:54,374 [Listener at 127.0.0.1/12232] INFO  server.AbstractConnector (AbstractConnector.java:doStart(331)) - Started ServerConnector@67205ec8{HTTP/1.1, (http/1.1)}{0.0.0.0:40923}
2021-07-20 05:55:54,375 [Listener at 127.0.0.1/12232] INFO  server.Server (Server.java:doStart(415)) - Started @20924ms
2021-07-20 05:55:54,375 [Listener at 127.0.0.1/12232] WARN  impl.MetricsSystemImpl (MetricsSystemImpl.java:register(279)) - Sink prometheus already exists!
2021-07-20 05:55:54,376 [Listener at 127.0.0.1/12232] INFO  http.BaseHttpServer (BaseHttpServer.java:updateConnectorAddress(329)) - HTTP server of hddsDatanode listening at http://0.0.0.0:40923
2021-07-20 05:55:54,376 [Listener at 127.0.0.1/12232] INFO  impl.MetricsSystemImpl (MetricsSystemImpl.java:init(158)) - HddsDatanode metrics system started (again)
2021-07-20 05:55:54,393 [Listener at 127.0.0.1/12232] INFO  ozone.HddsDatanodeService (HddsDatanodeService.java:start(234)) - HddsDatanodeService host:fv-az291-163.wgnan5asplgejimfprtllbpdch.jx.internal.cloudapp.net ip:10.1.0.42
2021-07-20 05:55:54,395 [org.apache.hadoop.util.JvmPauseMonitor$Monitor@5288a43d] INFO  util.JvmPauseMonitor (JvmPauseMonitor.java:run(188)) - Starting JVM pause monitor
2021-07-20 05:55:54,395 [Datanode State Machine Task Thread - 0] INFO  ha.SCMNodeInfo (SCMNodeInfo.java:getPort(197)) - ConfigKey ozone.scm.client.address is deprecated, For configuring different ports for each SCM use PortConfigKey ozone.scm.client.port appended with serviceId and nodeId
2021-07-20 05:55:54,397 [Datanode State Machine Task Thread - 0] INFO  ha.SCMNodeInfo (SCMNodeInfo.java:getPort(197)) - ConfigKey ozone.scm.block.client.address is deprecated, For configuring different ports for each SCM use PortConfigKey ozone.scm.block.client.port appended with serviceId and nodeId
2021-07-20 05:55:54,397 [Datanode State Machine Task Thread - 0] INFO  ha.SCMNodeInfo (SCMNodeInfo.java:getPort(197)) - ConfigKey ozone.scm.datanode.address is deprecated, For configuring different ports for each SCM use PortConfigKey ozone.scm.datanode.port appended with serviceId and nodeId
2021-07-20 05:55:54,397 [Datanode State Machine Task Thread - 0] INFO  ha.SCMNodeInfo (SCMNodeInfo.java:getPort(197)) - ConfigKey ozone.scm.client.address is deprecated, For configuring different ports for each SCM use PortConfigKey ozone.scm.client.port appended with serviceId and nodeId
2021-07-20 05:55:54,397 [Datanode State Machine Task Thread - 0] INFO  ha.SCMNodeInfo (SCMNodeInfo.java:getPort(197)) - ConfigKey ozone.scm.block.client.address is deprecated, For configuring different ports for each SCM use PortConfigKey ozone.scm.block.client.port appended with serviceId and nodeId
2021-07-20 05:55:54,397 [Datanode State Machine Task Thread - 0] INFO  ha.SCMNodeInfo (SCMNodeInfo.java:getPort(197)) - ConfigKey ozone.scm.datanode.address is deprecated, For configuring different ports for each SCM use PortConfigKey ozone.scm.datanode.port appended with serviceId and nodeId
2021-07-20 05:55:54,397 [Datanode State Machine Task Thread - 0] INFO  ha.SCMNodeInfo (SCMNodeInfo.java:getPort(197)) - ConfigKey ozone.scm.client.address is deprecated, For configuring different ports for each SCM use PortConfigKey ozone.scm.client.port appended with serviceId and nodeId
2021-07-20 05:55:54,397 [Datanode State Machine Task Thread - 0] INFO  ha.SCMNodeInfo (SCMNodeInfo.java:getPort(197)) - ConfigKey ozone.scm.block.client.address is deprecated, For configuring different ports for each SCM use PortConfigKey ozone.scm.block.client.port appended with serviceId and nodeId
2021-07-20 05:55:54,397 [Datanode State Machine Task Thread - 0] INFO  ha.SCMNodeInfo (SCMNodeInfo.java:getPort(197)) - ConfigKey ozone.scm.datanode.address is deprecated, For configuring different ports for each SCM use PortConfigKey ozone.scm.datanode.port appended with serviceId and nodeId
2021-07-20 05:55:54,408 [Datanode State Machine Task Thread - 0] INFO  datanode.InitDatanodeState (InitDatanodeState.java:persistContainerDatanodeDetails(145)) - DatanodeDetails is persisted to /home/runner/work/ozone/ozone/mnt/ozone/hadoop-ozone/integration-test/target/test-dir/MiniOzoneClusterImpl-b2c6a007-39d2-4e45-b76c-321c7ba85e11/datanode-1/meta/datanode.id
2021-07-20 05:55:54,420 [Listener at 127.0.0.1/12232] INFO  upgrade.AbstractLayoutVersionManager (AbstractLayoutVersionManager.java:init(70)) - Initializing Layout version manager with metadata layout = SCM_HA (version = 2), software layout = SCM_HA (version = 2)
2021-07-20 05:55:54,496 [Listener at 127.0.0.1/12232] INFO  reflections.Reflections (Reflections.java:scan(232)) - Reflections took 73 ms to scan 7 urls, producing 119 keys and 271 values 
2021-07-20 05:55:54,497 [Listener at 127.0.0.1/12232] INFO  ha.SCMNodeInfo (SCMNodeInfo.java:getPort(197)) - ConfigKey ozone.scm.client.address is deprecated, For configuring different ports for each SCM use PortConfigKey ozone.scm.client.port appended with serviceId and nodeId
2021-07-20 05:55:54,497 [Listener at 127.0.0.1/12232] INFO  ha.SCMNodeInfo (SCMNodeInfo.java:getPort(197)) - ConfigKey ozone.scm.block.client.address is deprecated, For configuring different ports for each SCM use PortConfigKey ozone.scm.block.client.port appended with serviceId and nodeId
2021-07-20 05:55:54,498 [Listener at 127.0.0.1/12232] INFO  ha.SCMNodeInfo (SCMNodeInfo.java:getPort(197)) - ConfigKey ozone.scm.datanode.address is deprecated, For configuring different ports for each SCM use PortConfigKey ozone.scm.datanode.port appended with serviceId and nodeId
2021-07-20 05:55:54,498 [Listener at 127.0.0.1/12232] INFO  ha.SCMNodeInfo (SCMNodeInfo.java:getPort(197)) - ConfigKey ozone.scm.client.address is deprecated, For configuring different ports for each SCM use PortConfigKey ozone.scm.client.port appended with serviceId and nodeId
2021-07-20 05:55:54,498 [Listener at 127.0.0.1/12232] INFO  ha.SCMNodeInfo (SCMNodeInfo.java:getPort(197)) - ConfigKey ozone.scm.block.client.address is deprecated, For configuring different ports for each SCM use PortConfigKey ozone.scm.block.client.port appended with serviceId and nodeId
2021-07-20 05:55:54,498 [Listener at 127.0.0.1/12232] INFO  ha.SCMNodeInfo (SCMNodeInfo.java:getPort(197)) - ConfigKey ozone.scm.datanode.address is deprecated, For configuring different ports for each SCM use PortConfigKey ozone.scm.datanode.port appended with serviceId and nodeId
2021-07-20 05:55:54,498 [Listener at 127.0.0.1/12232] INFO  ha.SCMNodeInfo (SCMNodeInfo.java:getPort(197)) - ConfigKey ozone.scm.client.address is deprecated, For configuring different ports for each SCM use PortConfigKey ozone.scm.client.port appended with serviceId and nodeId
2021-07-20 05:55:54,498 [Listener at 127.0.0.1/12232] INFO  ha.SCMNodeInfo (SCMNodeInfo.java:getPort(197)) - ConfigKey ozone.scm.block.client.address is deprecated, For configuring different ports for each SCM use PortConfigKey ozone.scm.block.client.port appended with serviceId and nodeId
2021-07-20 05:55:54,498 [Listener at 127.0.0.1/12232] INFO  ha.SCMNodeInfo (SCMNodeInfo.java:getPort(197)) - ConfigKey ozone.scm.datanode.address is deprecated, For configuring different ports for each SCM use PortConfigKey ozone.scm.datanode.port appended with serviceId and nodeId
2021-07-20 05:55:54,500 [Listener at 127.0.0.1/12232] INFO  volume.HddsVolume (HddsVolume.java:<init>(120)) - Creating HddsVolume: /home/runner/work/ozone/ozone/mnt/ozone/hadoop-ozone/integration-test/target/test-dir/MiniOzoneClusterImpl-b2c6a007-39d2-4e45-b76c-321c7ba85e11/datanode-2/data-0/containers/hdds of storage type : DISK capacity : 9223372036854775807
2021-07-20 05:55:54,500 [Listener at 127.0.0.1/12232] INFO  volume.MutableVolumeSet (MutableVolumeSet.java:initializeVolumeSet(181)) - Added Volume : /home/runner/work/ozone/ozone/mnt/ozone/hadoop-ozone/integration-test/target/test-dir/MiniOzoneClusterImpl-b2c6a007-39d2-4e45-b76c-321c7ba85e11/datanode-2/data-0/containers/hdds to VolumeSet
2021-07-20 05:55:54,501 [Listener at 127.0.0.1/12232] INFO  volume.ThrottledAsyncChecker (ThrottledAsyncChecker.java:schedule(141)) - Scheduling a check for /home/runner/work/ozone/ozone/mnt/ozone/hadoop-ozone/integration-test/target/test-dir/MiniOzoneClusterImpl-b2c6a007-39d2-4e45-b76c-321c7ba85e11/datanode-2/data-0/containers/hdds
2021-07-20 05:55:54,501 [Listener at 127.0.0.1/12232] INFO  volume.StorageVolumeChecker (StorageVolumeChecker.java:checkAllVolumes(203)) - Scheduled health check for volume /home/runner/work/ozone/ozone/mnt/ozone/hadoop-ozone/integration-test/target/test-dir/MiniOzoneClusterImpl-b2c6a007-39d2-4e45-b76c-321c7ba85e11/datanode-2/data-0/containers/hdds
2021-07-20 05:55:54,517 [Listener at 127.0.0.1/12232] INFO  volume.MutableVolumeSet (MutableVolumeSet.java:initializeVolumeSet(181)) - Added Volume : /home/runner/work/ozone/ozone/mnt/ozone/hadoop-ozone/integration-test/target/test-dir/MiniOzoneClusterImpl-b2c6a007-39d2-4e45-b76c-321c7ba85e11/datanode-2/data/ratis to VolumeSet
2021-07-20 05:55:54,517 [Listener at 127.0.0.1/12232] INFO  volume.ThrottledAsyncChecker (ThrottledAsyncChecker.java:schedule(141)) - Scheduling a check for /home/runner/work/ozone/ozone/mnt/ozone/hadoop-ozone/integration-test/target/test-dir/MiniOzoneClusterImpl-b2c6a007-39d2-4e45-b76c-321c7ba85e11/datanode-2/data/ratis
2021-07-20 05:55:54,517 [Listener at 127.0.0.1/12232] INFO  volume.StorageVolumeChecker (StorageVolumeChecker.java:checkAllVolumes(203)) - Scheduled health check for volume /home/runner/work/ozone/ozone/mnt/ozone/hadoop-ozone/integration-test/target/test-dir/MiniOzoneClusterImpl-b2c6a007-39d2-4e45-b76c-321c7ba85e11/datanode-2/data/ratis
2021-07-20 05:55:54,532 [Listener at 127.0.0.1/12232] INFO  ozoneimpl.ContainerReader (ContainerReader.java:<init>(98)) - Running in upgrade mode:true
2021-07-20 05:55:54,532 [Thread-512] INFO  ozoneimpl.ContainerReader (ContainerReader.java:readVolume(142)) - Start to verify containers on volume /home/runner/work/ozone/ozone/mnt/ozone/hadoop-ozone/integration-test/target/test-dir/MiniOzoneClusterImpl-b2c6a007-39d2-4e45-b76c-321c7ba85e11/datanode-2/data-0/containers/hdds
2021-07-20 05:55:54,532 [Thread-512] INFO  ozoneimpl.ContainerReader (ContainerReader.java:readVolume(174)) - Finish verifying containers on volume /home/runner/work/ozone/ozone/mnt/ozone/hadoop-ozone/integration-test/target/test-dir/MiniOzoneClusterImpl-b2c6a007-39d2-4e45-b76c-321c7ba85e11/datanode-2/data-0/containers/hdds
2021-07-20 05:55:54,532 [Listener at 127.0.0.1/12232] INFO  ozoneimpl.OzoneContainer (OzoneContainer.java:buildContainerSet(237)) - Build ContainerSet costs 0s
2021-07-20 05:55:54,535 [Listener at 127.0.0.1/12232] INFO  server.RaftServer (ConfUtils.java:logGet(44)) - raft.rpc.type = GRPC (default)
2021-07-20 05:55:54,535 [Listener at 127.0.0.1/12232] INFO  grpc.GrpcFactory (GrpcFactory.java:checkPooledByteBufAllocatorUseCacheForAllThreads(48)) - PERFORMANCE WARNING: useCacheForAllThreads is true that may cause Netty to create a lot garbage objects and, as a result, trigger GC.
	It is recommended to disable useCacheForAllThreads by setting -Dorg.apache.ratis.thirdparty.io.netty.allocator.useCacheForAllThreads=false in command line.
2021-07-20 05:55:54,536 [Listener at 127.0.0.1/12232] INFO  grpc.GrpcConfigKeys (ConfUtils.java:logGet(44)) - raft.grpc.admin.port = 0 (custom)
2021-07-20 05:55:54,536 [Listener at 127.0.0.1/12232] INFO  grpc.GrpcConfigKeys (ConfUtils.java:logGet(44)) - raft.grpc.client.port = 0 (custom)
2021-07-20 05:55:54,536 [Listener at 127.0.0.1/12232] INFO  grpc.GrpcConfigKeys (ConfUtils.java:logGet(44)) - raft.grpc.server.port = 0 (default)
2021-07-20 05:55:54,536 [Listener at 127.0.0.1/12232] INFO  server.GrpcService (ConfUtils.java:logGet(44)) - raft.grpc.message.size.max = 32MB (=33554432) (custom)
2021-07-20 05:55:54,536 [Listener at 127.0.0.1/12232] INFO  server.RaftServerConfigKeys (ConfUtils.java:logGet(44)) - raft.server.log.appender.buffer.byte-limit = 33554432 (custom)
2021-07-20 05:55:54,537 [Listener at 127.0.0.1/12232] INFO  server.GrpcService (ConfUtils.java:logGet(44)) - raft.grpc.flow.control.window = 5MB (=5242880) (custom)
2021-07-20 05:55:54,537 [Listener at 127.0.0.1/12232] INFO  server.RaftServerConfigKeys (ConfUtils.java:logGet(44)) - raft.server.rpc.request.timeout = 60s (custom)
2021-07-20 05:55:54,538 [Listener at 127.0.0.1/12232] INFO  impl.DataStreamServerImpl (ConfUtils.java:logGet(44)) - raft.datastream.type = DISABLED (default)
2021-07-20 05:55:54,538 [Listener at 127.0.0.1/12232] INFO  server.RaftServerConfigKeys (ConfUtils.java:logGet(44)) - raft.server.rpc.slowness.timeout = 300s (custom)
2021-07-20 05:55:54,538 [Listener at 127.0.0.1/12232] INFO  server.RaftServerConfigKeys (ConfUtils.java:logGet(44)) - raft.server.leaderelection.leader.step-down.wait-time = 10s (default)
2021-07-20 05:55:54,539 [Listener at 127.0.0.1/12232] INFO  server.RaftServerConfigKeys (ConfUtils.java:logGet(44)) - raft.server.storage.dir = [/home/runner/work/ozone/ozone/mnt/ozone/hadoop-ozone/integration-test/target/test-dir/MiniOzoneClusterImpl-b2c6a007-39d2-4e45-b76c-321c7ba85e11/datanode-2/data/ratis] (custom)
2021-07-20 05:55:54,541 [Listener at 127.0.0.1/12232] INFO  http.BaseHttpServer (BaseHttpServer.java:newHttpServer2BuilderForOzone(209)) - Starting Web-server for hddsDatanode at: http://0.0.0.0:0
2021-07-20 05:55:54,542 [Listener at 127.0.0.1/12232] INFO  http.BaseHttpServer (BaseHttpServer.java:<init>(107)) - Hadoop Security Enabled: false Ozone Security Enabled: false Ozone HTTP Security Enabled: false 
2021-07-20 05:55:54,543 [Listener at 127.0.0.1/12232] INFO  server.AuthenticationFilter (AuthenticationFilter.java:constructSecretProvider(240)) - Unable to initialize FileSignerSecretProvider, falling back to use random secrets.
2021-07-20 05:55:54,543 [Listener at 127.0.0.1/12232] WARN  http.HttpRequestLog (HttpRequestLog.java:getRequestLog(103)) - Jetty request log can only be enabled using Log4j
2021-07-20 05:55:54,544 [Listener at 127.0.0.1/12232] INFO  http.HttpServer2 (HttpServer2.java:addGlobalFilter(1020)) - Added global filter 'safety' (class=org.apache.hadoop.hdds.server.http.HttpServer2$QuotingInputFilter)
2021-07-20 05:55:54,545 [Listener at 127.0.0.1/12232] INFO  http.HttpServer2 (HttpServer2.java:addFilter(996)) - Added filter static_user_filter (class=org.apache.hadoop.http.lib.StaticUserWebFilter$StaticUserFilter) to context hddsDatanode
2021-07-20 05:55:54,545 [Listener at 127.0.0.1/12232] INFO  http.HttpServer2 (HttpServer2.java:addFilter(1004)) - Added filter static_user_filter (class=org.apache.hadoop.http.lib.StaticUserWebFilter$StaticUserFilter) to context static
2021-07-20 05:55:54,545 [Listener at 127.0.0.1/12232] INFO  http.HttpServer2 (HttpServer2.java:addFilter(1004)) - Added filter static_user_filter (class=org.apache.hadoop.http.lib.StaticUserWebFilter$StaticUserFilter) to context logs
2021-07-20 05:55:54,546 [Listener at 127.0.0.1/12232] INFO  http.HttpServer2 (HttpServer2.java:bindListener(1238)) - Jetty bound to port 33685
2021-07-20 05:55:54,546 [Listener at 127.0.0.1/12232] INFO  server.Server (Server.java:doStart(375)) - jetty-9.4.35.v20201120; built: 2020-11-20T21:17:03.964Z; git: bdc54f03a5e0a7e280fab27f55c3c75ee8da89fb; jvm 1.8.0_292-b10
2021-07-20 05:55:54,548 [Listener at 127.0.0.1/12232] INFO  server.session (DefaultSessionIdManager.java:doStart(334)) - DefaultSessionIdManager workerName=node0
2021-07-20 05:55:54,549 [Listener at 127.0.0.1/12232] INFO  server.session (DefaultSessionIdManager.java:doStart(339)) - No SessionScavenger set, using defaults
2021-07-20 05:55:54,549 [Listener at 127.0.0.1/12232] INFO  server.session (HouseKeeper.java:startScavenging(132)) - node0 Scavenging every 600000ms
2021-07-20 05:55:54,550 [Listener at 127.0.0.1/12232] INFO  handler.ContextHandler (ContextHandler.java:doStart(916)) - Started o.e.j.s.ServletContextHandler@35982083{logs,/logs,file:///home/runner/work/ozone/ozone/mnt/ozone/hadoop-ozone/integration-test/target/log,AVAILABLE}
2021-07-20 05:55:54,550 [Listener at 127.0.0.1/12232] INFO  handler.ContextHandler (ContextHandler.java:doStart(916)) - Started o.e.j.s.ServletContextHandler@6378d7a1{static,/static,jar:file:/home/runner/.m2/repository/org/apache/ozone/hdds-container-service/1.2.0-SNAPSHOT/hdds-container-service-1.2.0-SNAPSHOT.jar!/webapps/static,AVAILABLE}
2021-07-20 05:55:54,596 [Listener at 127.0.0.1/12232] INFO  handler.ContextHandler (ContextHandler.java:doStart(916)) - Started o.e.j.w.WebAppContext@5279a1ca{hddsDatanode,/,file:///tmp/jetty-0_0_0_0-33685-hdds-container-service-1_2_0-SNAPSHOT_jar-_-any-8853792020768393850/webapp/,AVAILABLE}{jar:file:/home/runner/.m2/repository/org/apache/ozone/hdds-container-service/1.2.0-SNAPSHOT/hdds-container-service-1.2.0-SNAPSHOT.jar!/webapps/hddsDatanode}
2021-07-20 05:55:54,598 [Listener at 127.0.0.1/12232] INFO  server.AbstractConnector (AbstractConnector.java:doStart(331)) - Started ServerConnector@6b102ccf{HTTP/1.1, (http/1.1)}{0.0.0.0:33685}
2021-07-20 05:55:54,598 [Listener at 127.0.0.1/12232] INFO  server.Server (Server.java:doStart(415)) - Started @21147ms
2021-07-20 05:55:54,598 [Listener at 127.0.0.1/12232] WARN  impl.MetricsSystemImpl (MetricsSystemImpl.java:register(279)) - Sink prometheus already exists!
2021-07-20 05:55:54,599 [Listener at 127.0.0.1/12232] INFO  http.BaseHttpServer (BaseHttpServer.java:updateConnectorAddress(329)) - HTTP server of hddsDatanode listening at http://0.0.0.0:33685
2021-07-20 05:55:54,605 [Listener at 127.0.0.1/12232] INFO  ozone.MiniOzoneClusterImpl (MiniOzoneClusterImpl.java:lambda$waitForClusterToBeReady$0(230)) - Waiting for nodes to be ready. Got 0 of 3 DN Heartbeats.
2021-07-20 05:55:54,605 [Listener at 127.0.0.1/12232] INFO  ozone.MiniOzoneClusterImpl (MiniOzoneClusterImpl.java:lambda$waitForClusterToBeReady$0(233)) - Waiting for cluster to exit safe mode
2021-07-20 05:55:54,605 [Listener at 127.0.0.1/12232] INFO  ozone.MiniOzoneClusterImpl (MiniOzoneClusterImpl.java:lambda$waitForClusterToBeReady$0(235)) - SCM became leader
2021-07-20 05:55:54,620 [org.apache.hadoop.util.JvmPauseMonitor$Monitor@7efa96a7] INFO  util.JvmPauseMonitor (JvmPauseMonitor.java:run(188)) - Starting JVM pause monitor
2021-07-20 05:55:54,620 [Datanode State Machine Task Thread - 0] INFO  ha.SCMNodeInfo (SCMNodeInfo.java:getPort(197)) - ConfigKey ozone.scm.client.address is deprecated, For configuring different ports for each SCM use PortConfigKey ozone.scm.client.port appended with serviceId and nodeId
2021-07-20 05:55:54,620 [Datanode State Machine Task Thread - 0] INFO  ha.SCMNodeInfo (SCMNodeInfo.java:getPort(197)) - ConfigKey ozone.scm.block.client.address is deprecated, For configuring different ports for each SCM use PortConfigKey ozone.scm.block.client.port appended with serviceId and nodeId
2021-07-20 05:55:54,620 [Datanode State Machine Task Thread - 0] INFO  ha.SCMNodeInfo (SCMNodeInfo.java:getPort(197)) - ConfigKey ozone.scm.datanode.address is deprecated, For configuring different ports for each SCM use PortConfigKey ozone.scm.datanode.port appended with serviceId and nodeId
2021-07-20 05:55:54,620 [Datanode State Machine Task Thread - 0] INFO  ha.SCMNodeInfo (SCMNodeInfo.java:getPort(197)) - ConfigKey ozone.scm.client.address is deprecated, For configuring different ports for each SCM use PortConfigKey ozone.scm.client.port appended with serviceId and nodeId
2021-07-20 05:55:54,620 [Datanode State Machine Task Thread - 0] INFO  ha.SCMNodeInfo (SCMNodeInfo.java:getPort(197)) - ConfigKey ozone.scm.block.client.address is deprecated, For configuring different ports for each SCM use PortConfigKey ozone.scm.block.client.port appended with serviceId and nodeId
2021-07-20 05:55:54,621 [Datanode State Machine Task Thread - 0] INFO  ha.SCMNodeInfo (SCMNodeInfo.java:getPort(197)) - ConfigKey ozone.scm.datanode.address is deprecated, For configuring different ports for each SCM use PortConfigKey ozone.scm.datanode.port appended with serviceId and nodeId
2021-07-20 05:55:54,621 [Datanode State Machine Task Thread - 0] INFO  ha.SCMNodeInfo (SCMNodeInfo.java:getPort(197)) - ConfigKey ozone.scm.client.address is deprecated, For configuring different ports for each SCM use PortConfigKey ozone.scm.client.port appended with serviceId and nodeId
2021-07-20 05:55:54,621 [Datanode State Machine Task Thread - 0] INFO  ha.SCMNodeInfo (SCMNodeInfo.java:getPort(197)) - ConfigKey ozone.scm.block.client.address is deprecated, For configuring different ports for each SCM use PortConfigKey ozone.scm.block.client.port appended with serviceId and nodeId
2021-07-20 05:55:54,621 [Datanode State Machine Task Thread - 0] INFO  ha.SCMNodeInfo (SCMNodeInfo.java:getPort(197)) - ConfigKey ozone.scm.datanode.address is deprecated, For configuring different ports for each SCM use PortConfigKey ozone.scm.datanode.port appended with serviceId and nodeId
2021-07-20 05:55:54,623 [Datanode State Machine Task Thread - 0] INFO  datanode.InitDatanodeState (InitDatanodeState.java:persistContainerDatanodeDetails(145)) - DatanodeDetails is persisted to /home/runner/work/ozone/ozone/mnt/ozone/hadoop-ozone/integration-test/target/test-dir/MiniOzoneClusterImpl-b2c6a007-39d2-4e45-b76c-321c7ba85e11/datanode-2/meta/datanode.id
2021-07-20 05:55:55,605 [Listener at 127.0.0.1/12232] INFO  ozone.MiniOzoneClusterImpl (MiniOzoneClusterImpl.java:lambda$waitForClusterToBeReady$0(230)) - Waiting for nodes to be ready. Got 0 of 3 DN Heartbeats.
2021-07-20 05:55:55,606 [Listener at 127.0.0.1/12232] INFO  ozone.MiniOzoneClusterImpl (MiniOzoneClusterImpl.java:lambda$waitForClusterToBeReady$0(233)) - Waiting for cluster to exit safe mode
2021-07-20 05:55:55,606 [Listener at 127.0.0.1/12232] INFO  ozone.MiniOzoneClusterImpl (MiniOzoneClusterImpl.java:lambda$waitForClusterToBeReady$0(235)) - SCM became leader
2021-07-20 05:55:56,168 [EndpointStateMachine task thread for /127.0.0.1:13263 - 0 ] INFO  ozoneimpl.OzoneContainer (OzoneContainer.java:start(305)) - Attempting to start container services.
2021-07-20 05:55:56,170 [EndpointStateMachine task thread for /127.0.0.1:13263 - 0 ] INFO  ozoneimpl.OzoneContainer (OzoneContainer.java:startContainerScrub(250)) - Background container scanner has been disabled.
2021-07-20 05:55:56,172 [EndpointStateMachine task thread for /127.0.0.1:13263 - 0 ] INFO  replication.ReplicationServer (ReplicationServer.java:start(106)) - ReplicationServer is started using port 34365
2021-07-20 05:55:56,176 [EndpointStateMachine task thread for /127.0.0.1:13263 - 0 ] INFO  ratis.XceiverServerRatis (XceiverServerRatis.java:start(478)) - Starting XceiverServerRatis 9faaa3cd-c518-4f7b-b785-ee74f85cb545
2021-07-20 05:55:56,179 [EndpointStateMachine task thread for /127.0.0.1:13263 - 0 ] INFO  server.RaftServer (RaftServerProxy.java:lambda$start$5(374)) - 9faaa3cd-c518-4f7b-b785-ee74f85cb545: start RPC server
2021-07-20 05:55:56,181 [EndpointStateMachine task thread for /127.0.0.1:13263 - 0 ] INFO  server.GrpcService (GrpcService.java:startImpl(253)) - 9faaa3cd-c518-4f7b-b785-ee74f85cb545: GrpcService started, listening on 34605
2021-07-20 05:55:56,183 [EndpointStateMachine task thread for /127.0.0.1:13263 - 0 ] INFO  ratis.XceiverServerRatis (XceiverServerRatis.java:getRealPort(499)) - XceiverServerRatis 9faaa3cd-c518-4f7b-b785-ee74f85cb545 is started using port 34605 for RATIS
2021-07-20 05:55:56,183 [EndpointStateMachine task thread for /127.0.0.1:13263 - 0 ] INFO  ratis.XceiverServerRatis (XceiverServerRatis.java:getRealPort(499)) - XceiverServerRatis 9faaa3cd-c518-4f7b-b785-ee74f85cb545 is started using port 34605 for RATIS_ADMIN
2021-07-20 05:55:56,183 [EndpointStateMachine task thread for /127.0.0.1:13263 - 0 ] INFO  ratis.XceiverServerRatis (XceiverServerRatis.java:getRealPort(499)) - XceiverServerRatis 9faaa3cd-c518-4f7b-b785-ee74f85cb545 is started using port 34605 for RATIS_SERVER
2021-07-20 05:55:56,185 [EndpointStateMachine task thread for /127.0.0.1:13263 - 0 ] INFO  server.XceiverServerGrpc (XceiverServerGrpc.java:start(135)) - XceiverServerGrpc 9faaa3cd-c518-4f7b-b785-ee74f85cb545 is started using port 38493
2021-07-20 05:55:56,187 [EndpointStateMachine task thread for /127.0.0.1:13253 - 0 ] INFO  ozoneimpl.OzoneContainer (OzoneContainer.java:start(301)) - Ignore. OzoneContainer already started.
2021-07-20 05:55:56,188 [org.apache.ratis.util.JvmPauseMonitor$$Lambda$496/1294139740@180a0624] INFO  util.JvmPauseMonitor (JvmPauseMonitor.java:run(103)) - JvmPauseMonitor-9faaa3cd-c518-4f7b-b785-ee74f85cb545: Started
2021-07-20 05:55:56,408 [EndpointStateMachine task thread for /127.0.0.1:13263 - 0 ] INFO  ozoneimpl.OzoneContainer (OzoneContainer.java:start(305)) - Attempting to start container services.
2021-07-20 05:55:56,409 [EndpointStateMachine task thread for /127.0.0.1:13263 - 0 ] INFO  ozoneimpl.OzoneContainer (OzoneContainer.java:startContainerScrub(250)) - Background container scanner has been disabled.
2021-07-20 05:55:56,410 [EndpointStateMachine task thread for /127.0.0.1:13263 - 0 ] INFO  replication.ReplicationServer (ReplicationServer.java:start(106)) - ReplicationServer is started using port 33091
2021-07-20 05:55:56,412 [EndpointStateMachine task thread for /127.0.0.1:13263 - 0 ] INFO  ratis.XceiverServerRatis (XceiverServerRatis.java:start(478)) - Starting XceiverServerRatis 06501cb2-b233-4740-8c26-b46265537cb4
2021-07-20 05:55:56,416 [EndpointStateMachine task thread for /127.0.0.1:13263 - 0 ] INFO  server.RaftServer (RaftServerProxy.java:lambda$start$5(374)) - 06501cb2-b233-4740-8c26-b46265537cb4: start RPC server
2021-07-20 05:55:56,418 [EndpointStateMachine task thread for /127.0.0.1:13263 - 0 ] INFO  server.GrpcService (GrpcService.java:startImpl(253)) - 06501cb2-b233-4740-8c26-b46265537cb4: GrpcService started, listening on 38707
2021-07-20 05:55:56,418 [EndpointStateMachine task thread for /127.0.0.1:13263 - 0 ] INFO  ratis.XceiverServerRatis (XceiverServerRatis.java:getRealPort(499)) - XceiverServerRatis 06501cb2-b233-4740-8c26-b46265537cb4 is started using port 38707 for RATIS
2021-07-20 05:55:56,418 [EndpointStateMachine task thread for /127.0.0.1:13263 - 0 ] INFO  ratis.XceiverServerRatis (XceiverServerRatis.java:getRealPort(499)) - XceiverServerRatis 06501cb2-b233-4740-8c26-b46265537cb4 is started using port 38707 for RATIS_ADMIN
2021-07-20 05:55:56,419 [EndpointStateMachine task thread for /127.0.0.1:13263 - 0 ] INFO  ratis.XceiverServerRatis (XceiverServerRatis.java:getRealPort(499)) - XceiverServerRatis 06501cb2-b233-4740-8c26-b46265537cb4 is started using port 38707 for RATIS_SERVER
2021-07-20 05:55:56,418 [org.apache.ratis.util.JvmPauseMonitor$$Lambda$496/1294139740@2b108c8f] INFO  util.JvmPauseMonitor (JvmPauseMonitor.java:run(103)) - JvmPauseMonitor-06501cb2-b233-4740-8c26-b46265537cb4: Started
2021-07-20 05:55:56,420 [EndpointStateMachine task thread for /127.0.0.1:13263 - 0 ] INFO  server.XceiverServerGrpc (XceiverServerGrpc.java:start(135)) - XceiverServerGrpc 06501cb2-b233-4740-8c26-b46265537cb4 is started using port 35679
2021-07-20 05:55:56,422 [EndpointStateMachine task thread for /127.0.0.1:13253 - 0 ] INFO  ozoneimpl.OzoneContainer (OzoneContainer.java:start(301)) - Ignore. OzoneContainer already started.
2021-07-20 05:55:56,606 [Listener at 127.0.0.1/12232] INFO  ozone.MiniOzoneClusterImpl (MiniOzoneClusterImpl.java:lambda$waitForClusterToBeReady$0(230)) - Waiting for nodes to be ready. Got 0 of 3 DN Heartbeats.
2021-07-20 05:55:56,606 [Listener at 127.0.0.1/12232] INFO  ozone.MiniOzoneClusterImpl (MiniOzoneClusterImpl.java:lambda$waitForClusterToBeReady$0(233)) - Waiting for cluster to exit safe mode
2021-07-20 05:55:56,607 [Listener at 127.0.0.1/12232] INFO  ozone.MiniOzoneClusterImpl (MiniOzoneClusterImpl.java:lambda$waitForClusterToBeReady$0(235)) - SCM became leader
2021-07-20 05:55:56,628 [EndpointStateMachine task thread for /127.0.0.1:13253 - 0 ] INFO  ozoneimpl.OzoneContainer (OzoneContainer.java:start(305)) - Attempting to start container services.
2021-07-20 05:55:56,628 [EndpointStateMachine task thread for /127.0.0.1:13253 - 0 ] INFO  ozoneimpl.OzoneContainer (OzoneContainer.java:startContainerScrub(250)) - Background container scanner has been disabled.
2021-07-20 05:55:56,630 [EndpointStateMachine task thread for /127.0.0.1:13253 - 0 ] INFO  replication.ReplicationServer (ReplicationServer.java:start(106)) - ReplicationServer is started using port 44849
2021-07-20 05:55:56,630 [EndpointStateMachine task thread for /127.0.0.1:13253 - 0 ] INFO  ratis.XceiverServerRatis (XceiverServerRatis.java:start(478)) - Starting XceiverServerRatis 577e6845-c807-4eb8-9332-2f265641e0df
2021-07-20 05:55:56,631 [EndpointStateMachine task thread for /127.0.0.1:13253 - 0 ] INFO  server.RaftServer (RaftServerProxy.java:lambda$start$5(374)) - 577e6845-c807-4eb8-9332-2f265641e0df: start RPC server
2021-07-20 05:55:56,634 [EndpointStateMachine task thread for /127.0.0.1:13253 - 0 ] INFO  server.GrpcService (GrpcService.java:startImpl(253)) - 577e6845-c807-4eb8-9332-2f265641e0df: GrpcService started, listening on 36047
2021-07-20 05:55:56,634 [EndpointStateMachine task thread for /127.0.0.1:13253 - 0 ] INFO  ratis.XceiverServerRatis (XceiverServerRatis.java:getRealPort(499)) - XceiverServerRatis 577e6845-c807-4eb8-9332-2f265641e0df is started using port 36047 for RATIS
2021-07-20 05:55:56,634 [EndpointStateMachine task thread for /127.0.0.1:13253 - 0 ] INFO  ratis.XceiverServerRatis (XceiverServerRatis.java:getRealPort(499)) - XceiverServerRatis 577e6845-c807-4eb8-9332-2f265641e0df is started using port 36047 for RATIS_ADMIN
2021-07-20 05:55:56,634 [org.apache.ratis.util.JvmPauseMonitor$$Lambda$496/1294139740@3f779d00] INFO  util.JvmPauseMonitor (JvmPauseMonitor.java:run(103)) - JvmPauseMonitor-577e6845-c807-4eb8-9332-2f265641e0df: Started
2021-07-20 05:55:56,634 [EndpointStateMachine task thread for /127.0.0.1:13253 - 0 ] INFO  ratis.XceiverServerRatis (XceiverServerRatis.java:getRealPort(499)) - XceiverServerRatis 577e6845-c807-4eb8-9332-2f265641e0df is started using port 36047 for RATIS_SERVER
2021-07-20 05:55:56,638 [EndpointStateMachine task thread for /127.0.0.1:13253 - 0 ] INFO  server.XceiverServerGrpc (XceiverServerGrpc.java:start(135)) - XceiverServerGrpc 577e6845-c807-4eb8-9332-2f265641e0df is started using port 46149
2021-07-20 05:55:56,643 [EndpointStateMachine task thread for /127.0.0.1:13263 - 0 ] INFO  ozoneimpl.OzoneContainer (OzoneContainer.java:start(301)) - Ignore. OzoneContainer already started.
2021-07-20 05:55:57,607 [Listener at 127.0.0.1/12232] INFO  ozone.MiniOzoneClusterImpl (MiniOzoneClusterImpl.java:lambda$waitForClusterToBeReady$0(230)) - Waiting for nodes to be ready. Got 0 of 3 DN Heartbeats.
2021-07-20 05:55:57,607 [Listener at 127.0.0.1/12232] INFO  ozone.MiniOzoneClusterImpl (MiniOzoneClusterImpl.java:lambda$waitForClusterToBeReady$0(233)) - Waiting for cluster to exit safe mode
2021-07-20 05:55:57,608 [Listener at 127.0.0.1/12232] INFO  ozone.MiniOzoneClusterImpl (MiniOzoneClusterImpl.java:lambda$waitForClusterToBeReady$0(235)) - SCM became leader
2021-07-20 05:55:58,144 [IPC Server handler 1 on default port 13253] INFO  net.NetworkTopologyImpl (NetworkTopologyImpl.java:add(112)) - Added a new node: /default-rack/9faaa3cd-c518-4f7b-b785-ee74f85cb545
2021-07-20 05:55:58,145 [IPC Server handler 1 on default port 13253] INFO  node.SCMNodeManager (SCMNodeManager.java:register(386)) - Registered Data node : 9faaa3cd-c518-4f7b-b785-ee74f85cb545{ip: 127.0.0.1, host: localhost, ports: [REPLICATION=34365, RATIS=34605, RATIS_ADMIN=34605, RATIS_SERVER=34605, STANDALONE=38493], networkLocation: /default-rack, certSerialId: null, persistedOpState: null, persistedOpStateExpiryEpochSec: 0}
2021-07-20 05:55:58,148 [IPC Server handler 16 on default port 13263] INFO  net.NetworkTopologyImpl (NetworkTopologyImpl.java:add(112)) - Added a new node: /default-rack/9faaa3cd-c518-4f7b-b785-ee74f85cb545
2021-07-20 05:55:58,149 [IPC Server handler 16 on default port 13263] INFO  node.SCMNodeManager (SCMNodeManager.java:register(386)) - Registered Data node : 9faaa3cd-c518-4f7b-b785-ee74f85cb545{ip: 127.0.0.1, host: localhost, ports: [REPLICATION=34365, RATIS=34605, RATIS_ADMIN=34605, RATIS_SERVER=34605, STANDALONE=38493], networkLocation: /default-rack, certSerialId: null, persistedOpState: null, persistedOpStateExpiryEpochSec: 0}
2021-07-20 05:55:58,152 [EventQueue-NewNodeForNewNodeHandler] INFO  pipeline.BackgroundPipelineCreator (BackgroundPipelineCreatorV2.java:notifyEventTriggered(279)) - ignore, not leader SCM.
2021-07-20 05:55:58,154 [EventQueue-NewNodeForNewNodeHandler] INFO  pipeline.BackgroundPipelineCreator (BackgroundPipelineCreatorV2.java:notifyEventTriggered(285)) - trigger a one-shot run on RatisPipelineUtilsThread.
2021-07-20 05:55:58,168 [RatisPipelineUtilsThread - 0] INFO  pipeline.RatisPipelineProvider (RatisPipelineProvider.java:lambda$create$0(183)) - Sending CreatePipelineCommand for pipeline:PipelineID=e087c57f-330f-4d9d-9148-8b3fc87223fc to datanode:9faaa3cd-c518-4f7b-b785-ee74f85cb545
2021-07-20 05:55:58,168 [EventQueue-NodeRegistrationContainerReportForDataNodeSafeModeRule] INFO  safemode.SCMSafeModeManager (DataNodeSafeModeRule.java:process(71)) - SCM in safe mode. 1 DataNodes registered, 3 required.
2021-07-20 05:55:58,175 [EventQueue-NodeRegistrationContainerReportForContainerSafeModeRule] INFO  safemode.SCMSafeModeManager (SCMSafeModeManager.java:validateSafeModeExitRules(204)) - ContainerSafeModeRule rule is successfully validated
2021-07-20 05:55:58,191 [EventQueue-PipelineReportForOneReplicaPipelineSafeModeRule] INFO  safemode.SCMSafeModeManager (SCMSafeModeManager.java:validateSafeModeExitRules(204)) - AtleastOneDatanodeReportedRule rule is successfully validated
2021-07-20 05:55:58,192 [EventQueue-NodeRegistrationContainerReportForDataNodeSafeModeRule] INFO  safemode.SCMSafeModeManager (DataNodeSafeModeRule.java:process(71)) - SCM in safe mode. 1 DataNodes registered, 3 required.
2021-07-20 05:55:58,208 [EventQueue-NodeRegistrationContainerReportForContainerSafeModeRule] INFO  safemode.SCMSafeModeManager (SCMSafeModeManager.java:validateSafeModeExitRules(204)) - ContainerSafeModeRule rule is successfully validated
2021-07-20 05:55:58,209 [EventQueue-PipelineReportForOneReplicaPipelineSafeModeRule] INFO  safemode.SCMSafeModeManager (SCMSafeModeManager.java:validateSafeModeExitRules(204)) - AtleastOneDatanodeReportedRule rule is successfully validated
2021-07-20 05:55:58,257 [a3de057e-22ba-4f20-867a-3c0291662fe2@group-321C7BA85E11-StateMachineUpdater] INFO  pipeline.PipelineStateManager (PipelineStateManagerV2Impl.java:addPipeline(101)) - Created pipeline Pipeline[ Id: e087c57f-330f-4d9d-9148-8b3fc87223fc, Nodes: 9faaa3cd-c518-4f7b-b785-ee74f85cb545{ip: 127.0.0.1, host: localhost, ports: [REPLICATION=34365, RATIS=34605, RATIS_ADMIN=34605, RATIS_SERVER=34605, STANDALONE=38493], networkLocation: /default-rack, certSerialId: null, persistedOpState: IN_SERVICE, persistedOpStateExpiryEpochSec: 0}, ReplicationConfig: RATIS/ONE, State:ALLOCATED, leaderId:, CreationTimestamp2021-07-20T05:55:58.162Z[Etc/UTC]].
2021-07-20 05:55:58,260 [a3de057e-22ba-4f20-867a-3c0291662fe2@group-321C7BA85E11-StateMachineUpdater] INFO  safemode.HealthyPipelineSafeModeRule (HealthyPipelineSafeModeRule.java:initializeRule(152)) - Refreshed total pipeline count is 0, healthy pipeline threshold count is 1
2021-07-20 05:55:58,264 [RatisPipelineUtilsThread - 0] INFO  ha.SCMHAInvocationHandler (SCMHAInvocationHandler.java:invokeRatis(113)) - Invoking method public abstract void org.apache.hadoop.hdds.scm.pipeline.StateManager.addPipeline(org.apache.hadoop.hdds.protocol.proto.HddsProtos$Pipeline) throws java.io.IOException on target org.apache.hadoop.hdds.scm.ha.SCMRatisServerImpl@1a07937d, cost 82144.895us
2021-07-20 05:55:58,272 [5c2410e7-10a6-4620-b434-e19b0245711c@group-321C7BA85E11-StateMachineUpdater] INFO  pipeline.PipelineStateManager (PipelineStateManagerV2Impl.java:addPipeline(101)) - Created pipeline Pipeline[ Id: e087c57f-330f-4d9d-9148-8b3fc87223fc, Nodes: 9faaa3cd-c518-4f7b-b785-ee74f85cb545{ip: 127.0.0.1, host: localhost, ports: [REPLICATION=34365, RATIS=34605, RATIS_ADMIN=34605, RATIS_SERVER=34605, STANDALONE=38493], networkLocation: /default-rack, certSerialId: null, persistedOpState: IN_SERVICE, persistedOpStateExpiryEpochSec: 0}, ReplicationConfig: RATIS/ONE, State:ALLOCATED, leaderId:, CreationTimestamp2021-07-20T05:55:58.162Z[Etc/UTC]].
2021-07-20 05:55:58,273 [5c2410e7-10a6-4620-b434-e19b0245711c@group-321C7BA85E11-StateMachineUpdater] INFO  safemode.HealthyPipelineSafeModeRule (HealthyPipelineSafeModeRule.java:initializeRule(152)) - Refreshed total pipeline count is 0, healthy pipeline threshold count is 1
2021-07-20 05:55:58,398 [Datanode State Machine Thread - 0] ERROR datanode.RunningDatanodeState (RunningDatanodeState.java:computeNextContainerState(199)) - Error in executing end point task.
java.util.concurrent.ExecutionException: java.util.concurrent.TimeoutException
	at java.util.concurrent.FutureTask.report(FutureTask.java:122)
	at java.util.concurrent.FutureTask.get(FutureTask.java:192)
	at org.apache.hadoop.ozone.container.common.states.datanode.RunningDatanodeState.computeNextContainerState(RunningDatanodeState.java:191)
	at org.apache.hadoop.ozone.container.common.states.datanode.RunningDatanodeState.await(RunningDatanodeState.java:231)
	at org.apache.hadoop.ozone.container.common.states.datanode.RunningDatanodeState.await(RunningDatanodeState.java:50)
	at org.apache.hadoop.ozone.container.common.statemachine.StateContext.execute(StateContext.java:629)
	at org.apache.hadoop.ozone.container.common.statemachine.DatanodeStateMachine.start(DatanodeStateMachine.java:269)
	at org.apache.hadoop.ozone.container.common.statemachine.DatanodeStateMachine.lambda$startDaemon$0(DatanodeStateMachine.java:455)
	at java.lang.Thread.run(Thread.java:748)
Caused by: java.util.concurrent.TimeoutException
	at java.util.concurrent.FutureTask.get(FutureTask.java:205)
	at org.apache.hadoop.ozone.container.common.states.datanode.RunningDatanodeState.lambda$execute$0(RunningDatanodeState.java:149)
	at java.util.concurrent.FutureTask.run(FutureTask.java:266)
	at java.util.concurrent.Executors$RunnableAdapter.call(Executors.java:511)
	at java.util.concurrent.FutureTask.run(FutureTask.java:266)
	at java.util.concurrent.ThreadPoolExecutor.runWorker(ThreadPoolExecutor.java:1149)
	at java.util.concurrent.ThreadPoolExecutor$Worker.run(ThreadPoolExecutor.java:624)
	... 1 more
2021-07-20 05:55:58,407 [IPC Server handler 17 on default port 13263] INFO  net.NetworkTopologyImpl (NetworkTopologyImpl.java:add(112)) - Added a new node: /default-rack/06501cb2-b233-4740-8c26-b46265537cb4
2021-07-20 05:55:58,408 [IPC Server handler 17 on default port 13263] INFO  node.SCMNodeManager (SCMNodeManager.java:register(386)) - Registered Data node : 06501cb2-b233-4740-8c26-b46265537cb4{ip: 127.0.0.1, host: localhost, ports: [REPLICATION=33091, RATIS=38707, RATIS_ADMIN=38707, RATIS_SERVER=38707, STANDALONE=35679], networkLocation: /default-rack, certSerialId: null, persistedOpState: null, persistedOpStateExpiryEpochSec: 0}
2021-07-20 05:55:58,408 [EventQueue-NewNodeForNewNodeHandler] INFO  pipeline.BackgroundPipelineCreator (BackgroundPipelineCreatorV2.java:notifyEventTriggered(279)) - ignore, not leader SCM.
2021-07-20 05:55:58,408 [IPC Server handler 7 on default port 13253] INFO  net.NetworkTopologyImpl (NetworkTopologyImpl.java:add(112)) - Added a new node: /default-rack/06501cb2-b233-4740-8c26-b46265537cb4
2021-07-20 05:55:58,408 [IPC Server handler 7 on default port 13253] INFO  node.SCMNodeManager (SCMNodeManager.java:register(386)) - Registered Data node : 06501cb2-b233-4740-8c26-b46265537cb4{ip: 127.0.0.1, host: localhost, ports: [REPLICATION=33091, RATIS=38707, RATIS_ADMIN=38707, RATIS_SERVER=38707, STANDALONE=35679], networkLocation: /default-rack, certSerialId: null, persistedOpState: null, persistedOpStateExpiryEpochSec: 0}
2021-07-20 05:55:58,408 [EventQueue-NodeRegistrationContainerReportForDataNodeSafeModeRule] INFO  safemode.SCMSafeModeManager (DataNodeSafeModeRule.java:process(71)) - SCM in safe mode. 2 DataNodes registered, 3 required.
2021-07-20 05:55:58,409 [EventQueue-NewNodeForNewNodeHandler] INFO  pipeline.BackgroundPipelineCreator (BackgroundPipelineCreatorV2.java:notifyEventTriggered(285)) - trigger a one-shot run on RatisPipelineUtilsThread.
2021-07-20 05:55:58,409 [EventQueue-NodeRegistrationContainerReportForDataNodeSafeModeRule] INFO  safemode.SCMSafeModeManager (DataNodeSafeModeRule.java:process(71)) - SCM in safe mode. 2 DataNodes registered, 3 required.
2021-07-20 05:55:58,410 [RatisPipelineUtilsThread - 0] INFO  pipeline.RatisPipelineProvider (RatisPipelineProvider.java:lambda$create$0(183)) - Sending CreatePipelineCommand for pipeline:PipelineID=0a9fe81c-ba3f-4f81-9976-d7289490aadc to datanode:06501cb2-b233-4740-8c26-b46265537cb4
2021-07-20 05:55:58,420 [a3de057e-22ba-4f20-867a-3c0291662fe2@group-321C7BA85E11-StateMachineUpdater] INFO  pipeline.PipelineStateManager (PipelineStateManagerV2Impl.java:addPipeline(101)) - Created pipeline Pipeline[ Id: 0a9fe81c-ba3f-4f81-9976-d7289490aadc, Nodes: 06501cb2-b233-4740-8c26-b46265537cb4{ip: 127.0.0.1, host: localhost, ports: [REPLICATION=33091, RATIS=38707, RATIS_ADMIN=38707, RATIS_SERVER=38707, STANDALONE=35679], networkLocation: /default-rack, certSerialId: null, persistedOpState: IN_SERVICE, persistedOpStateExpiryEpochSec: 0}, ReplicationConfig: RATIS/ONE, State:ALLOCATED, leaderId:, CreationTimestamp2021-07-20T05:55:58.410Z[Etc/UTC]].
2021-07-20 05:55:58,420 [a3de057e-22ba-4f20-867a-3c0291662fe2@group-321C7BA85E11-StateMachineUpdater] INFO  safemode.HealthyPipelineSafeModeRule (HealthyPipelineSafeModeRule.java:initializeRule(152)) - Refreshed total pipeline count is 0, healthy pipeline threshold count is 1
2021-07-20 05:55:58,420 [RatisPipelineUtilsThread - 0] INFO  ha.SCMHAInvocationHandler (SCMHAInvocationHandler.java:invokeRatis(113)) - Invoking method public abstract void org.apache.hadoop.hdds.scm.pipeline.StateManager.addPipeline(org.apache.hadoop.hdds.protocol.proto.HddsProtos$Pipeline) throws java.io.IOException on target org.apache.hadoop.hdds.scm.ha.SCMRatisServerImpl@1a07937d, cost 9554.269us
2021-07-20 05:55:58,420 [a3de057e-22ba-4f20-867a-3c0291662fe2@group-321C7BA85E11-StateMachineUpdater] INFO  ha.SCMStateMachine (SCMStateMachine.java:takeSnapshot(290)) - Current Snapshot Index 9, takeSnapshot took 0 ms
2021-07-20 05:55:58,426 [a3de057e-22ba-4f20-867a-3c0291662fe2@group-321C7BA85E11-StateMachineUpdater] INFO  impl.StateMachineUpdater (StateMachineUpdater.java:takeSnapshot(281)) - a3de057e-22ba-4f20-867a-3c0291662fe2@group-321C7BA85E11-StateMachineUpdater: Took a snapshot at index 9
2021-07-20 05:55:58,426 [a3de057e-22ba-4f20-867a-3c0291662fe2@group-321C7BA85E11-StateMachineUpdater] INFO  impl.StateMachineUpdater (StateMachineUpdater.java:lambda$new$0(89)) - a3de057e-22ba-4f20-867a-3c0291662fe2@group-321C7BA85E11-StateMachineUpdater: snapshotIndex: updateIncreasingly 4 -> 9
2021-07-20 05:55:58,426 [a3de057e-22ba-4f20-867a-3c0291662fe2@group-321C7BA85E11-StateMachineUpdater] INFO  raftlog.RaftLog (RaftLogBase.java:purge(306)) - a3de057e-22ba-4f20-867a-3c0291662fe2@group-321C7BA85E11-SegmentedRaftLog: purge 9
2021-07-20 05:55:58,426 [a3de057e-22ba-4f20-867a-3c0291662fe2@group-321C7BA85E11-StateMachineUpdater] INFO  raftlog.RaftLog (RaftLogBase.java:lambda$new$0(53)) - a3de057e-22ba-4f20-867a-3c0291662fe2@group-321C7BA85E11-SegmentedRaftLog: snapshotIndex: updateIncreasingly 4 -> 9
2021-07-20 05:55:58,427 [a3de057e-22ba-4f20-867a-3c0291662fe2@group-321C7BA85E11-StateMachineUpdater] INFO  raftlog.RaftLog (RaftLogBase.java:lambda$new$0(53)) - a3de057e-22ba-4f20-867a-3c0291662fe2@group-321C7BA85E11-SegmentedRaftLog: purgeIndex: updateToMax old=0, new=9, updated? true
2021-07-20 05:55:58,428 [5c2410e7-10a6-4620-b434-e19b0245711c@group-321C7BA85E11-StateMachineUpdater] INFO  pipeline.PipelineStateManager (PipelineStateManagerV2Impl.java:addPipeline(101)) - Created pipeline Pipeline[ Id: 0a9fe81c-ba3f-4f81-9976-d7289490aadc, Nodes: 06501cb2-b233-4740-8c26-b46265537cb4{ip: 127.0.0.1, host: localhost, ports: [REPLICATION=33091, RATIS=38707, RATIS_ADMIN=38707, RATIS_SERVER=38707, STANDALONE=35679], networkLocation: /default-rack, certSerialId: null, persistedOpState: IN_SERVICE, persistedOpStateExpiryEpochSec: 0}, ReplicationConfig: RATIS/ONE, State:ALLOCATED, leaderId:, CreationTimestamp2021-07-20T05:55:58.410Z[Etc/UTC]].
2021-07-20 05:55:58,428 [5c2410e7-10a6-4620-b434-e19b0245711c@group-321C7BA85E11-StateMachineUpdater] INFO  safemode.HealthyPipelineSafeModeRule (HealthyPipelineSafeModeRule.java:initializeRule(152)) - Refreshed total pipeline count is 0, healthy pipeline threshold count is 1
2021-07-20 05:55:58,608 [Listener at 127.0.0.1/12232] INFO  ozone.MiniOzoneClusterImpl (MiniOzoneClusterImpl.java:lambda$waitForClusterToBeReady$0(230)) - Waiting for nodes to be ready. Got 2 of 3 DN Heartbeats.
2021-07-20 05:55:58,610 [Listener at 127.0.0.1/12232] INFO  ozone.MiniOzoneClusterImpl (MiniOzoneClusterImpl.java:lambda$waitForClusterToBeReady$0(233)) - Waiting for cluster to exit safe mode
2021-07-20 05:55:58,610 [Listener at 127.0.0.1/12232] INFO  ozone.MiniOzoneClusterImpl (MiniOzoneClusterImpl.java:lambda$waitForClusterToBeReady$0(235)) - SCM became leader
2021-07-20 05:55:58,625 [IPC Server handler 19 on default port 13263] INFO  net.NetworkTopologyImpl (NetworkTopologyImpl.java:add(112)) - Added a new node: /default-rack/577e6845-c807-4eb8-9332-2f265641e0df
2021-07-20 05:55:58,625 [IPC Server handler 5 on default port 13253] INFO  net.NetworkTopologyImpl (NetworkTopologyImpl.java:add(112)) - Added a new node: /default-rack/577e6845-c807-4eb8-9332-2f265641e0df
2021-07-20 05:55:58,625 [IPC Server handler 19 on default port 13263] INFO  node.SCMNodeManager (SCMNodeManager.java:register(386)) - Registered Data node : 577e6845-c807-4eb8-9332-2f265641e0df{ip: 127.0.0.1, host: localhost, ports: [REPLICATION=44849, RATIS=36047, RATIS_ADMIN=36047, RATIS_SERVER=36047, STANDALONE=46149], networkLocation: /default-rack, certSerialId: null, persistedOpState: null, persistedOpStateExpiryEpochSec: 0}
2021-07-20 05:55:58,625 [IPC Server handler 5 on default port 13253] INFO  node.SCMNodeManager (SCMNodeManager.java:register(386)) - Registered Data node : 577e6845-c807-4eb8-9332-2f265641e0df{ip: 127.0.0.1, host: localhost, ports: [REPLICATION=44849, RATIS=36047, RATIS_ADMIN=36047, RATIS_SERVER=36047, STANDALONE=46149], networkLocation: /default-rack, certSerialId: null, persistedOpState: null, persistedOpStateExpiryEpochSec: 0}
2021-07-20 05:55:58,625 [EventQueue-NewNodeForNewNodeHandler] INFO  pipeline.BackgroundPipelineCreator (BackgroundPipelineCreatorV2.java:notifyEventTriggered(285)) - trigger a one-shot run on RatisPipelineUtilsThread.
2021-07-20 05:55:58,625 [EventQueue-NewNodeForNewNodeHandler] INFO  pipeline.BackgroundPipelineCreator (BackgroundPipelineCreatorV2.java:notifyEventTriggered(279)) - ignore, not leader SCM.
2021-07-20 05:55:58,626 [EventQueue-NodeRegistrationContainerReportForDataNodeSafeModeRule] INFO  safemode.SCMSafeModeManager (DataNodeSafeModeRule.java:process(71)) - SCM in safe mode. 3 DataNodes registered, 3 required.
2021-07-20 05:55:58,626 [EventQueue-NodeRegistrationContainerReportForDataNodeSafeModeRule] INFO  safemode.SCMSafeModeManager (SCMSafeModeManager.java:validateSafeModeExitRules(204)) - DataNodeSafeModeRule rule is successfully validated
2021-07-20 05:55:58,626 [EventQueue-NodeRegistrationContainerReportForDataNodeSafeModeRule] INFO  safemode.SCMSafeModeManager (SCMSafeModeManager.java:completePreCheck(233)) - All SCM safe mode pre check rules have passed
2021-07-20 05:55:58,626 [EventQueue-NodeRegistrationContainerReportForDataNodeSafeModeRule] WARN  events.EventQueue (EventQueue.java:fireEvent(194)) - No event handler registered for event TypedEvent{payloadType=SafeModeStatus, name='Safe mode status'}
2021-07-20 05:55:58,626 [EventQueue-NodeRegistrationContainerReportForDataNodeSafeModeRule] INFO  ha.SCMContext (SCMContext.java:updateSafeModeStatus(205)) - Update SafeModeStatus from SafeModeStatus{safeModeStatus=true, preCheckPassed=false} to SafeModeStatus{safeModeStatus=true, preCheckPassed=true}.
2021-07-20 05:55:58,626 [EventQueue-NodeRegistrationContainerReportForDataNodeSafeModeRule] INFO  pipeline.BackgroundPipelineCreator (BackgroundPipelineCreatorV2.java:notifyEventTriggered(279)) - ignore, not leader SCM.
2021-07-20 05:55:58,626 [RatisPipelineUtilsThread - 0] INFO  pipeline.RatisPipelineProvider (RatisPipelineProvider.java:lambda$create$0(183)) - Sending CreatePipelineCommand for pipeline:PipelineID=3c24f496-f95b-4179-a54b-d11f36815216 to datanode:577e6845-c807-4eb8-9332-2f265641e0df
2021-07-20 05:55:58,632 [EventQueue-NodeRegistrationContainerReportForDataNodeSafeModeRule] INFO  safemode.SCMSafeModeManager (DataNodeSafeModeRule.java:process(71)) - SCM in safe mode. 3 DataNodes registered, 3 required.
2021-07-20 05:55:58,632 [EventQueue-NodeRegistrationContainerReportForDataNodeSafeModeRule] INFO  safemode.SCMSafeModeManager (SCMSafeModeManager.java:validateSafeModeExitRules(204)) - DataNodeSafeModeRule rule is successfully validated
2021-07-20 05:55:58,632 [EventQueue-NodeRegistrationContainerReportForDataNodeSafeModeRule] INFO  safemode.SCMSafeModeManager (SCMSafeModeManager.java:completePreCheck(233)) - All SCM safe mode pre check rules have passed
2021-07-20 05:55:58,632 [EventQueue-NodeRegistrationContainerReportForDataNodeSafeModeRule] WARN  events.EventQueue (EventQueue.java:fireEvent(194)) - No event handler registered for event TypedEvent{payloadType=SafeModeStatus, name='Safe mode status'}
2021-07-20 05:55:58,638 [EventQueue-NodeRegistrationContainerReportForDataNodeSafeModeRule] INFO  ha.SCMContext (SCMContext.java:updateSafeModeStatus(205)) - Update SafeModeStatus from SafeModeStatus{safeModeStatus=true, preCheckPassed=false} to SafeModeStatus{safeModeStatus=true, preCheckPassed=true}.
2021-07-20 05:55:58,638 [EventQueue-NodeRegistrationContainerReportForDataNodeSafeModeRule] INFO  pipeline.BackgroundPipelineCreator (BackgroundPipelineCreatorV2.java:notifyEventTriggered(285)) - trigger a one-shot run on RatisPipelineUtilsThread.
2021-07-20 05:55:58,639 [5c2410e7-10a6-4620-b434-e19b0245711c@group-321C7BA85E11-StateMachineUpdater] INFO  ha.SCMStateMachine (SCMStateMachine.java:takeSnapshot(290)) - Current Snapshot Index 10, takeSnapshot took 0 ms
2021-07-20 05:55:58,639 [5c2410e7-10a6-4620-b434-e19b0245711c@group-321C7BA85E11-StateMachineUpdater] INFO  impl.StateMachineUpdater (StateMachineUpdater.java:takeSnapshot(281)) - 5c2410e7-10a6-4620-b434-e19b0245711c@group-321C7BA85E11-StateMachineUpdater: Took a snapshot at index 10
2021-07-20 05:55:58,639 [5c2410e7-10a6-4620-b434-e19b0245711c@group-321C7BA85E11-StateMachineUpdater] INFO  impl.StateMachineUpdater (StateMachineUpdater.java:lambda$new$0(89)) - 5c2410e7-10a6-4620-b434-e19b0245711c@group-321C7BA85E11-StateMachineUpdater: snapshotIndex: updateIncreasingly 5 -> 10
2021-07-20 05:55:58,639 [5c2410e7-10a6-4620-b434-e19b0245711c@group-321C7BA85E11-StateMachineUpdater] INFO  raftlog.RaftLog (RaftLogBase.java:purge(306)) - 5c2410e7-10a6-4620-b434-e19b0245711c@group-321C7BA85E11-SegmentedRaftLog: purge 10
2021-07-20 05:55:58,639 [5c2410e7-10a6-4620-b434-e19b0245711c@group-321C7BA85E11-StateMachineUpdater] INFO  raftlog.RaftLog (RaftLogBase.java:lambda$new$0(53)) - 5c2410e7-10a6-4620-b434-e19b0245711c@group-321C7BA85E11-SegmentedRaftLog: snapshotIndex: updateIncreasingly 5 -> 10
2021-07-20 05:55:58,639 [5c2410e7-10a6-4620-b434-e19b0245711c@group-321C7BA85E11-StateMachineUpdater] INFO  raftlog.RaftLog (RaftLogBase.java:lambda$new$0(53)) - 5c2410e7-10a6-4620-b434-e19b0245711c@group-321C7BA85E11-SegmentedRaftLog: purgeIndex: updateToMax old=0, new=10, updated? true
2021-07-20 05:55:58,641 [a3de057e-22ba-4f20-867a-3c0291662fe2@group-321C7BA85E11-StateMachineUpdater] INFO  pipeline.PipelineStateManager (PipelineStateManagerV2Impl.java:addPipeline(101)) - Created pipeline Pipeline[ Id: 3c24f496-f95b-4179-a54b-d11f36815216, Nodes: 577e6845-c807-4eb8-9332-2f265641e0df{ip: 127.0.0.1, host: localhost, ports: [REPLICATION=44849, RATIS=36047, RATIS_ADMIN=36047, RATIS_SERVER=36047, STANDALONE=46149], networkLocation: /default-rack, certSerialId: null, persistedOpState: IN_SERVICE, persistedOpStateExpiryEpochSec: 0}, ReplicationConfig: RATIS/ONE, State:ALLOCATED, leaderId:, CreationTimestamp2021-07-20T05:55:58.626Z[Etc/UTC]].
2021-07-20 05:55:58,643 [a3de057e-22ba-4f20-867a-3c0291662fe2@group-321C7BA85E11-StateMachineUpdater] INFO  safemode.HealthyPipelineSafeModeRule (HealthyPipelineSafeModeRule.java:initializeRule(152)) - Refreshed total pipeline count is 0, healthy pipeline threshold count is 1
2021-07-20 05:55:58,643 [RatisPipelineUtilsThread - 0] INFO  ha.SCMHAInvocationHandler (SCMHAInvocationHandler.java:invokeRatis(113)) - Invoking method public abstract void org.apache.hadoop.hdds.scm.pipeline.StateManager.addPipeline(org.apache.hadoop.hdds.protocol.proto.HddsProtos$Pipeline) throws java.io.IOException on target org.apache.hadoop.hdds.scm.ha.SCMRatisServerImpl@1a07937d, cost 16720.297us
2021-07-20 05:55:58,653 [5c2410e7-10a6-4620-b434-e19b0245711c@group-321C7BA85E11-StateMachineUpdater] INFO  pipeline.PipelineStateManager (PipelineStateManagerV2Impl.java:addPipeline(101)) - Created pipeline Pipeline[ Id: 3c24f496-f95b-4179-a54b-d11f36815216, Nodes: 577e6845-c807-4eb8-9332-2f265641e0df{ip: 127.0.0.1, host: localhost, ports: [REPLICATION=44849, RATIS=36047, RATIS_ADMIN=36047, RATIS_SERVER=36047, STANDALONE=46149], networkLocation: /default-rack, certSerialId: null, persistedOpState: IN_SERVICE, persistedOpStateExpiryEpochSec: 0}, ReplicationConfig: RATIS/ONE, State:ALLOCATED, leaderId:, CreationTimestamp2021-07-20T05:55:58.626Z[Etc/UTC]].
2021-07-20 05:55:58,654 [5c2410e7-10a6-4620-b434-e19b0245711c@group-321C7BA85E11-StateMachineUpdater] INFO  safemode.HealthyPipelineSafeModeRule (HealthyPipelineSafeModeRule.java:initializeRule(152)) - Refreshed total pipeline count is 0, healthy pipeline threshold count is 1
2021-07-20 05:55:58,659 [RatisPipelineUtilsThread - 0] INFO  pipeline.RatisPipelineProvider (RatisPipelineProvider.java:lambda$create$0(183)) - Sending CreatePipelineCommand for pipeline:PipelineID=8acf67c8-2638-45cc-a5e1-bf0ffbb7682e to datanode:9faaa3cd-c518-4f7b-b785-ee74f85cb545
2021-07-20 05:55:58,660 [RatisPipelineUtilsThread - 0] INFO  pipeline.RatisPipelineProvider (RatisPipelineProvider.java:lambda$create$0(183)) - Sending CreatePipelineCommand for pipeline:PipelineID=8acf67c8-2638-45cc-a5e1-bf0ffbb7682e to datanode:06501cb2-b233-4740-8c26-b46265537cb4
2021-07-20 05:55:58,660 [RatisPipelineUtilsThread - 0] INFO  pipeline.RatisPipelineProvider (RatisPipelineProvider.java:lambda$create$0(183)) - Sending CreatePipelineCommand for pipeline:PipelineID=8acf67c8-2638-45cc-a5e1-bf0ffbb7682e to datanode:577e6845-c807-4eb8-9332-2f265641e0df
2021-07-20 05:55:58,666 [a3de057e-22ba-4f20-867a-3c0291662fe2@group-321C7BA85E11-StateMachineUpdater] INFO  pipeline.PipelineStateManager (PipelineStateManagerV2Impl.java:addPipeline(101)) - Created pipeline Pipeline[ Id: 8acf67c8-2638-45cc-a5e1-bf0ffbb7682e, Nodes: 9faaa3cd-c518-4f7b-b785-ee74f85cb545{ip: 127.0.0.1, host: localhost, ports: [REPLICATION=34365, RATIS=34605, RATIS_ADMIN=34605, RATIS_SERVER=34605, STANDALONE=38493], networkLocation: /default-rack, certSerialId: null, persistedOpState: IN_SERVICE, persistedOpStateExpiryEpochSec: 0}06501cb2-b233-4740-8c26-b46265537cb4{ip: 127.0.0.1, host: localhost, ports: [REPLICATION=33091, RATIS=38707, RATIS_ADMIN=38707, RATIS_SERVER=38707, STANDALONE=35679], networkLocation: /default-rack, certSerialId: null, persistedOpState: IN_SERVICE, persistedOpStateExpiryEpochSec: 0}577e6845-c807-4eb8-9332-2f265641e0df{ip: 127.0.0.1, host: localhost, ports: [REPLICATION=44849, RATIS=36047, RATIS_ADMIN=36047, RATIS_SERVER=36047, STANDALONE=46149], networkLocation: /default-rack, certSerialId: null, persistedOpState: IN_SERVICE, persistedOpStateExpiryEpochSec: 0}, ReplicationConfig: RATIS/THREE, State:ALLOCATED, leaderId:, CreationTimestamp2021-07-20T05:55:58.659Z[Etc/UTC]].
2021-07-20 05:55:58,666 [a3de057e-22ba-4f20-867a-3c0291662fe2@group-321C7BA85E11-StateMachineUpdater] INFO  safemode.HealthyPipelineSafeModeRule (HealthyPipelineSafeModeRule.java:initializeRule(152)) - Refreshed total pipeline count is 0, healthy pipeline threshold count is 1
2021-07-20 05:55:58,666 [RatisPipelineUtilsThread - 0] INFO  ha.SCMHAInvocationHandler (SCMHAInvocationHandler.java:invokeRatis(113)) - Invoking method public abstract void org.apache.hadoop.hdds.scm.pipeline.StateManager.addPipeline(org.apache.hadoop.hdds.protocol.proto.HddsProtos$Pipeline) throws java.io.IOException on target org.apache.hadoop.hdds.scm.ha.SCMRatisServerImpl@1a07937d, cost 5769.644us
2021-07-20 05:55:58,668 [RatisPipelineUtilsThread - 0] INFO  pipeline.RatisPipelineProvider (RatisPipelineProvider.java:lambda$create$0(183)) - Sending CreatePipelineCommand for pipeline:PipelineID=0848a5c2-03b2-417e-bc69-ec3c46d17947 to datanode:577e6845-c807-4eb8-9332-2f265641e0df
2021-07-20 05:55:58,668 [RatisPipelineUtilsThread - 0] INFO  pipeline.RatisPipelineProvider (RatisPipelineProvider.java:lambda$create$0(183)) - Sending CreatePipelineCommand for pipeline:PipelineID=0848a5c2-03b2-417e-bc69-ec3c46d17947 to datanode:9faaa3cd-c518-4f7b-b785-ee74f85cb545
2021-07-20 05:55:58,668 [RatisPipelineUtilsThread - 0] INFO  pipeline.RatisPipelineProvider (RatisPipelineProvider.java:lambda$create$0(183)) - Sending CreatePipelineCommand for pipeline:PipelineID=0848a5c2-03b2-417e-bc69-ec3c46d17947 to datanode:06501cb2-b233-4740-8c26-b46265537cb4
2021-07-20 05:55:58,672 [5c2410e7-10a6-4620-b434-e19b0245711c@group-321C7BA85E11-StateMachineUpdater] INFO  pipeline.PipelineStateManager (PipelineStateManagerV2Impl.java:addPipeline(101)) - Created pipeline Pipeline[ Id: 8acf67c8-2638-45cc-a5e1-bf0ffbb7682e, Nodes: 9faaa3cd-c518-4f7b-b785-ee74f85cb545{ip: 127.0.0.1, host: localhost, ports: [REPLICATION=34365, RATIS=34605, RATIS_ADMIN=34605, RATIS_SERVER=34605, STANDALONE=38493], networkLocation: /default-rack, certSerialId: null, persistedOpState: IN_SERVICE, persistedOpStateExpiryEpochSec: 0}06501cb2-b233-4740-8c26-b46265537cb4{ip: 127.0.0.1, host: localhost, ports: [REPLICATION=33091, RATIS=38707, RATIS_ADMIN=38707, RATIS_SERVER=38707, STANDALONE=35679], networkLocation: /default-rack, certSerialId: null, persistedOpState: IN_SERVICE, persistedOpStateExpiryEpochSec: 0}577e6845-c807-4eb8-9332-2f265641e0df{ip: 127.0.0.1, host: localhost, ports: [REPLICATION=44849, RATIS=36047, RATIS_ADMIN=36047, RATIS_SERVER=36047, STANDALONE=46149], networkLocation: /default-rack, certSerialId: null, persistedOpState: IN_SERVICE, persistedOpStateExpiryEpochSec: 0}, ReplicationConfig: RATIS/THREE, State:ALLOCATED, leaderId:, CreationTimestamp2021-07-20T05:55:58.659Z[Etc/UTC]].
2021-07-20 05:55:58,672 [5c2410e7-10a6-4620-b434-e19b0245711c@group-321C7BA85E11-StateMachineUpdater] INFO  safemode.HealthyPipelineSafeModeRule (HealthyPipelineSafeModeRule.java:initializeRule(152)) - Refreshed total pipeline count is 0, healthy pipeline threshold count is 1
2021-07-20 05:55:58,674 [a3de057e-22ba-4f20-867a-3c0291662fe2@group-321C7BA85E11-StateMachineUpdater] INFO  ha.SCMStateMachine (SCMStateMachine.java:takeSnapshot(290)) - Current Snapshot Index 14, takeSnapshot took 0 ms
2021-07-20 05:55:58,675 [a3de057e-22ba-4f20-867a-3c0291662fe2@group-321C7BA85E11-StateMachineUpdater] INFO  impl.StateMachineUpdater (StateMachineUpdater.java:takeSnapshot(281)) - a3de057e-22ba-4f20-867a-3c0291662fe2@group-321C7BA85E11-StateMachineUpdater: Took a snapshot at index 14
2021-07-20 05:55:58,675 [a3de057e-22ba-4f20-867a-3c0291662fe2@group-321C7BA85E11-StateMachineUpdater] INFO  impl.StateMachineUpdater (StateMachineUpdater.java:lambda$new$0(89)) - a3de057e-22ba-4f20-867a-3c0291662fe2@group-321C7BA85E11-StateMachineUpdater: snapshotIndex: updateIncreasingly 9 -> 14
2021-07-20 05:55:58,675 [a3de057e-22ba-4f20-867a-3c0291662fe2@group-321C7BA85E11-StateMachineUpdater] INFO  raftlog.RaftLog (RaftLogBase.java:purge(306)) - a3de057e-22ba-4f20-867a-3c0291662fe2@group-321C7BA85E11-SegmentedRaftLog: purge 14
2021-07-20 05:55:58,675 [a3de057e-22ba-4f20-867a-3c0291662fe2@group-321C7BA85E11-StateMachineUpdater] INFO  raftlog.RaftLog (RaftLogBase.java:lambda$new$0(53)) - a3de057e-22ba-4f20-867a-3c0291662fe2@group-321C7BA85E11-SegmentedRaftLog: snapshotIndex: updateIncreasingly 9 -> 14
2021-07-20 05:55:58,675 [a3de057e-22ba-4f20-867a-3c0291662fe2@group-321C7BA85E11-StateMachineUpdater] INFO  raftlog.RaftLog (RaftLogBase.java:lambda$new$0(53)) - a3de057e-22ba-4f20-867a-3c0291662fe2@group-321C7BA85E11-SegmentedRaftLog: purgeIndex: updateToMax old=9, new=14, updated? true
2021-07-20 05:55:58,676 [a3de057e-22ba-4f20-867a-3c0291662fe2@group-321C7BA85E11-StateMachineUpdater] INFO  pipeline.PipelineStateManager (PipelineStateManagerV2Impl.java:addPipeline(101)) - Created pipeline Pipeline[ Id: 0848a5c2-03b2-417e-bc69-ec3c46d17947, Nodes: 577e6845-c807-4eb8-9332-2f265641e0df{ip: 127.0.0.1, host: localhost, ports: [REPLICATION=44849, RATIS=36047, RATIS_ADMIN=36047, RATIS_SERVER=36047, STANDALONE=46149], networkLocation: /default-rack, certSerialId: null, persistedOpState: IN_SERVICE, persistedOpStateExpiryEpochSec: 0}9faaa3cd-c518-4f7b-b785-ee74f85cb545{ip: 127.0.0.1, host: localhost, ports: [REPLICATION=34365, RATIS=34605, RATIS_ADMIN=34605, RATIS_SERVER=34605, STANDALONE=38493], networkLocation: /default-rack, certSerialId: null, persistedOpState: IN_SERVICE, persistedOpStateExpiryEpochSec: 0}06501cb2-b233-4740-8c26-b46265537cb4{ip: 127.0.0.1, host: localhost, ports: [REPLICATION=33091, RATIS=38707, RATIS_ADMIN=38707, RATIS_SERVER=38707, STANDALONE=35679], networkLocation: /default-rack, certSerialId: null, persistedOpState: IN_SERVICE, persistedOpStateExpiryEpochSec: 0}, ReplicationConfig: RATIS/THREE, State:ALLOCATED, leaderId:, CreationTimestamp2021-07-20T05:55:58.668Z[Etc/UTC]].
2021-07-20 05:55:58,677 [a3de057e-22ba-4f20-867a-3c0291662fe2@group-321C7BA85E11-StateMachineUpdater] INFO  safemode.HealthyPipelineSafeModeRule (HealthyPipelineSafeModeRule.java:initializeRule(152)) - Refreshed total pipeline count is 0, healthy pipeline threshold count is 1
2021-07-20 05:55:58,677 [RatisPipelineUtilsThread - 0] INFO  ha.SCMHAInvocationHandler (SCMHAInvocationHandler.java:invokeRatis(113)) - Invoking method public abstract void org.apache.hadoop.hdds.scm.pipeline.StateManager.addPipeline(org.apache.hadoop.hdds.protocol.proto.HddsProtos$Pipeline) throws java.io.IOException on target org.apache.hadoop.hdds.scm.ha.SCMRatisServerImpl@1a07937d, cost 8786.924us
2021-07-20 05:55:58,678 [RatisPipelineUtilsThread - 0] INFO  pipeline.PipelineManagerV2Impl (PipelineManagerV2Impl.java:recordMetricsForPipeline(614)) - Pipeline: PipelineID=0848a5c2-03b2-417e-bc69-ec3c46d17947 contains same datanodes as previous pipelines: PipelineID=8acf67c8-2638-45cc-a5e1-bf0ffbb7682e nodeIds: 577e6845-c807-4eb8-9332-2f265641e0df, 9faaa3cd-c518-4f7b-b785-ee74f85cb545, 06501cb2-b233-4740-8c26-b46265537cb4
2021-07-20 05:55:58,682 [5c2410e7-10a6-4620-b434-e19b0245711c@group-321C7BA85E11-StateMachineUpdater] INFO  pipeline.PipelineStateManager (PipelineStateManagerV2Impl.java:addPipeline(101)) - Created pipeline Pipeline[ Id: 0848a5c2-03b2-417e-bc69-ec3c46d17947, Nodes: 577e6845-c807-4eb8-9332-2f265641e0df{ip: 127.0.0.1, host: localhost, ports: [REPLICATION=44849, RATIS=36047, RATIS_ADMIN=36047, RATIS_SERVER=36047, STANDALONE=46149], networkLocation: /default-rack, certSerialId: null, persistedOpState: IN_SERVICE, persistedOpStateExpiryEpochSec: 0}9faaa3cd-c518-4f7b-b785-ee74f85cb545{ip: 127.0.0.1, host: localhost, ports: [REPLICATION=34365, RATIS=34605, RATIS_ADMIN=34605, RATIS_SERVER=34605, STANDALONE=38493], networkLocation: /default-rack, certSerialId: null, persistedOpState: IN_SERVICE, persistedOpStateExpiryEpochSec: 0}06501cb2-b233-4740-8c26-b46265537cb4{ip: 127.0.0.1, host: localhost, ports: [REPLICATION=33091, RATIS=38707, RATIS_ADMIN=38707, RATIS_SERVER=38707, STANDALONE=35679], networkLocation: /default-rack, certSerialId: null, persistedOpState: IN_SERVICE, persistedOpStateExpiryEpochSec: 0}, ReplicationConfig: RATIS/THREE, State:ALLOCATED, leaderId:, CreationTimestamp2021-07-20T05:55:58.668Z[Etc/UTC]].
2021-07-20 05:55:58,682 [5c2410e7-10a6-4620-b434-e19b0245711c@group-321C7BA85E11-StateMachineUpdater] INFO  safemode.HealthyPipelineSafeModeRule (HealthyPipelineSafeModeRule.java:initializeRule(152)) - Refreshed total pipeline count is 0, healthy pipeline threshold count is 1
2021-07-20 05:55:58,683 [5c2410e7-10a6-4620-b434-e19b0245711c@group-321C7BA85E11-StateMachineUpdater] INFO  ha.SCMStateMachine (SCMStateMachine.java:takeSnapshot(290)) - Current Snapshot Index 15, takeSnapshot took 0 ms
2021-07-20 05:55:58,683 [5c2410e7-10a6-4620-b434-e19b0245711c@group-321C7BA85E11-StateMachineUpdater] INFO  impl.StateMachineUpdater (StateMachineUpdater.java:takeSnapshot(281)) - 5c2410e7-10a6-4620-b434-e19b0245711c@group-321C7BA85E11-StateMachineUpdater: Took a snapshot at index 15
2021-07-20 05:55:58,683 [5c2410e7-10a6-4620-b434-e19b0245711c@group-321C7BA85E11-StateMachineUpdater] INFO  impl.StateMachineUpdater (StateMachineUpdater.java:lambda$new$0(89)) - 5c2410e7-10a6-4620-b434-e19b0245711c@group-321C7BA85E11-StateMachineUpdater: snapshotIndex: updateIncreasingly 10 -> 15
2021-07-20 05:55:58,683 [5c2410e7-10a6-4620-b434-e19b0245711c@group-321C7BA85E11-StateMachineUpdater] INFO  raftlog.RaftLog (RaftLogBase.java:purge(306)) - 5c2410e7-10a6-4620-b434-e19b0245711c@group-321C7BA85E11-SegmentedRaftLog: purge 15
2021-07-20 05:55:58,683 [5c2410e7-10a6-4620-b434-e19b0245711c@group-321C7BA85E11-StateMachineUpdater] INFO  raftlog.RaftLog (RaftLogBase.java:lambda$new$0(53)) - 5c2410e7-10a6-4620-b434-e19b0245711c@group-321C7BA85E11-SegmentedRaftLog: snapshotIndex: updateIncreasingly 10 -> 15
2021-07-20 05:55:58,683 [5c2410e7-10a6-4620-b434-e19b0245711c@group-321C7BA85E11-StateMachineUpdater] INFO  raftlog.RaftLog (RaftLogBase.java:lambda$new$0(53)) - 5c2410e7-10a6-4620-b434-e19b0245711c@group-321C7BA85E11-SegmentedRaftLog: purgeIndex: updateToMax old=10, new=15, updated? true
2021-07-20 05:55:59,610 [Listener at 127.0.0.1/12232] INFO  ozone.MiniOzoneClusterImpl (MiniOzoneClusterImpl.java:lambda$waitForClusterToBeReady$0(230)) - Nodes are ready. Got 3 of 3 DN Heartbeats.
2021-07-20 05:55:59,612 [Listener at 127.0.0.1/12232] INFO  ozone.MiniOzoneClusterImpl (MiniOzoneClusterImpl.java:lambda$waitForClusterToBeReady$0(233)) - Waiting for cluster to exit safe mode
2021-07-20 05:55:59,612 [Listener at 127.0.0.1/12232] INFO  ozone.MiniOzoneClusterImpl (MiniOzoneClusterImpl.java:lambda$waitForClusterToBeReady$0(235)) - SCM became leader
2021-07-20 05:56:00,403 [Datanode State Machine Thread - 0] ERROR datanode.RunningDatanodeState (RunningDatanodeState.java:computeNextContainerState(199)) - Error in executing end point task.
java.util.concurrent.ExecutionException: java.util.concurrent.TimeoutException
	at java.util.concurrent.FutureTask.report(FutureTask.java:122)
	at java.util.concurrent.FutureTask.get(FutureTask.java:192)
	at org.apache.hadoop.ozone.container.common.states.datanode.RunningDatanodeState.computeNextContainerState(RunningDatanodeState.java:191)
	at org.apache.hadoop.ozone.container.common.states.datanode.RunningDatanodeState.await(RunningDatanodeState.java:231)
	at org.apache.hadoop.ozone.container.common.states.datanode.RunningDatanodeState.await(RunningDatanodeState.java:50)
	at org.apache.hadoop.ozone.container.common.statemachine.StateContext.execute(StateContext.java:629)
	at org.apache.hadoop.ozone.container.common.statemachine.DatanodeStateMachine.start(DatanodeStateMachine.java:269)
	at org.apache.hadoop.ozone.container.common.statemachine.DatanodeStateMachine.lambda$startDaemon$0(DatanodeStateMachine.java:455)
	at java.lang.Thread.run(Thread.java:748)
Caused by: java.util.concurrent.TimeoutException
	at java.util.concurrent.FutureTask.get(FutureTask.java:205)
	at org.apache.hadoop.ozone.container.common.states.datanode.RunningDatanodeState.lambda$execute$0(RunningDatanodeState.java:149)
	at java.util.concurrent.FutureTask.run(FutureTask.java:266)
	at java.util.concurrent.Executors$RunnableAdapter.call(Executors.java:511)
	at java.util.concurrent.FutureTask.run(FutureTask.java:266)
	at java.util.concurrent.ThreadPoolExecutor.runWorker(ThreadPoolExecutor.java:1149)
	at java.util.concurrent.ThreadPoolExecutor$Worker.run(ThreadPoolExecutor.java:624)
	... 1 more
2021-07-20 05:56:00,613 [Listener at 127.0.0.1/12232] INFO  ozone.MiniOzoneClusterImpl (MiniOzoneClusterImpl.java:lambda$waitForClusterToBeReady$0(230)) - Nodes are ready. Got 3 of 3 DN Heartbeats.
2021-07-20 05:56:00,613 [Listener at 127.0.0.1/12232] INFO  ozone.MiniOzoneClusterImpl (MiniOzoneClusterImpl.java:lambda$waitForClusterToBeReady$0(233)) - Waiting for cluster to exit safe mode
2021-07-20 05:56:00,613 [Listener at 127.0.0.1/12232] INFO  ozone.MiniOzoneClusterImpl (MiniOzoneClusterImpl.java:lambda$waitForClusterToBeReady$0(235)) - SCM became leader
2021-07-20 05:56:00,620 [Datanode State Machine Thread - 0] ERROR datanode.RunningDatanodeState (RunningDatanodeState.java:computeNextContainerState(199)) - Error in executing end point task.
java.util.concurrent.ExecutionException: java.util.concurrent.TimeoutException
	at java.util.concurrent.FutureTask.report(FutureTask.java:122)
	at java.util.concurrent.FutureTask.get(FutureTask.java:192)
	at org.apache.hadoop.ozone.container.common.states.datanode.RunningDatanodeState.computeNextContainerState(RunningDatanodeState.java:191)
	at org.apache.hadoop.ozone.container.common.states.datanode.RunningDatanodeState.await(RunningDatanodeState.java:231)
	at org.apache.hadoop.ozone.container.common.states.datanode.RunningDatanodeState.await(RunningDatanodeState.java:50)
	at org.apache.hadoop.ozone.container.common.statemachine.StateContext.execute(StateContext.java:629)
	at org.apache.hadoop.ozone.container.common.statemachine.DatanodeStateMachine.start(DatanodeStateMachine.java:269)
	at org.apache.hadoop.ozone.container.common.statemachine.DatanodeStateMachine.lambda$startDaemon$0(DatanodeStateMachine.java:455)
	at java.lang.Thread.run(Thread.java:748)
Caused by: java.util.concurrent.TimeoutException
	at java.util.concurrent.FutureTask.get(FutureTask.java:205)
	at org.apache.hadoop.ozone.container.common.states.datanode.RunningDatanodeState.lambda$execute$0(RunningDatanodeState.java:149)
	at java.util.concurrent.FutureTask.run(FutureTask.java:266)
	at java.util.concurrent.Executors$RunnableAdapter.call(Executors.java:511)
	at java.util.concurrent.FutureTask.run(FutureTask.java:266)
	at java.util.concurrent.ThreadPoolExecutor.runWorker(ThreadPoolExecutor.java:1149)
	at java.util.concurrent.ThreadPoolExecutor$Worker.run(ThreadPoolExecutor.java:624)
	... 1 more
2021-07-20 05:56:01,105 [Command processor thread] INFO  server.RaftServer (RaftServerProxy.java:addNew(95)) - 9faaa3cd-c518-4f7b-b785-ee74f85cb545: addNew group-8B3FC87223FC:[9faaa3cd-c518-4f7b-b785-ee74f85cb545|rpc:127.0.0.1:34605|priority:1] returns group-8B3FC87223FC:java.util.concurrent.CompletableFuture@591bfdde[Not completed]
2021-07-20 05:56:01,121 [pool-93-thread-1] INFO  server.RaftServer$Division (RaftServerImpl.java:<init>(180)) - 9faaa3cd-c518-4f7b-b785-ee74f85cb545: new RaftServerImpl for group-8B3FC87223FC:[9faaa3cd-c518-4f7b-b785-ee74f85cb545|rpc:127.0.0.1:34605|priority:1] with ContainerStateMachine:uninitialized
2021-07-20 05:56:01,123 [pool-93-thread-1] INFO  server.RaftServerConfigKeys (ConfUtils.java:logGet(44)) - raft.server.rpc.timeout.min = 5s (custom)
2021-07-20 05:56:01,123 [pool-93-thread-1] INFO  server.RaftServerConfigKeys (ConfUtils.java:logGet(44)) - raft.server.rpc.timeout.max = 5200ms (custom)
2021-07-20 05:56:01,123 [pool-93-thread-1] INFO  server.RaftServerConfigKeys (ConfUtils.java:logGet(44)) - raft.server.rpc.sleep.time = 25ms (default)
2021-07-20 05:56:01,123 [pool-93-thread-1] INFO  server.RaftServerConfigKeys (ConfUtils.java:logGet(44)) - raft.server.rpc.slowness.timeout = 300s (custom)
2021-07-20 05:56:01,123 [pool-93-thread-1] INFO  server.RaftServerConfigKeys (ConfUtils.java:logGet(44)) - raft.server.leaderelection.leader.step-down.wait-time = 10s (default)
2021-07-20 05:56:01,123 [pool-93-thread-1] INFO  server.RaftServerConfigKeys (ConfUtils.java:logGet(44)) - raft.server.sleep.deviation.threshold = 300ms (default)
2021-07-20 05:56:01,124 [pool-93-thread-1] INFO  server.RaftServerConfigKeys (ConfUtils.java:logGet(44)) - raft.server.log.appender.install.snapshot.enabled = false (custom)
2021-07-20 05:56:01,124 [pool-93-thread-1] INFO  server.RaftServer$Division (ServerState.java:<init>(105)) - 9faaa3cd-c518-4f7b-b785-ee74f85cb545@group-8B3FC87223FC: ConfigurationManager, init=-1: [9faaa3cd-c518-4f7b-b785-ee74f85cb545|rpc:127.0.0.1:34605|priority:1], old=null, confs=<EMPTY_MAP>
2021-07-20 05:56:01,124 [pool-93-thread-1] INFO  server.RaftServerConfigKeys (ConfUtils.java:logGet(44)) - raft.server.storage.dir = [/home/runner/work/ozone/ozone/mnt/ozone/hadoop-ozone/integration-test/target/test-dir/MiniOzoneClusterImpl-b2c6a007-39d2-4e45-b76c-321c7ba85e11/datanode-0/data/ratis] (custom)
2021-07-20 05:56:01,124 [pool-93-thread-1] INFO  server.RaftServerConfigKeys (ConfUtils.java:logGet(44)) - raft.server.log.corruption.policy = EXCEPTION (default)
2021-07-20 05:56:01,124 [pool-93-thread-1] INFO  storage.RaftStorageDirectory (RaftStorageDirectoryImpl.java:analyzeStorage(132)) - The storage directory /home/runner/work/ozone/ozone/mnt/ozone/hadoop-ozone/integration-test/target/test-dir/MiniOzoneClusterImpl-b2c6a007-39d2-4e45-b76c-321c7ba85e11/datanode-0/data/ratis/e087c57f-330f-4d9d-9148-8b3fc87223fc does not exist. Creating ...
2021-07-20 05:56:01,125 [pool-93-thread-1] INFO  storage.RaftStorageDirectory (RaftStorageDirectoryImpl.java:tryLock(215)) - Lock on /home/runner/work/ozone/ozone/mnt/ozone/hadoop-ozone/integration-test/target/test-dir/MiniOzoneClusterImpl-b2c6a007-39d2-4e45-b76c-321c7ba85e11/datanode-0/data/ratis/e087c57f-330f-4d9d-9148-8b3fc87223fc/in_use.lock acquired by nodename 3531@fv-az291-163
2021-07-20 05:56:01,127 [pool-93-thread-1] INFO  storage.RaftStorage (RaftStorageImpl.java:format(87)) - Storage directory /home/runner/work/ozone/ozone/mnt/ozone/hadoop-ozone/integration-test/target/test-dir/MiniOzoneClusterImpl-b2c6a007-39d2-4e45-b76c-321c7ba85e11/datanode-0/data/ratis/e087c57f-330f-4d9d-9148-8b3fc87223fc has been successfully formatted.
2021-07-20 05:56:01,130 [pool-93-thread-1] INFO  ratis.ContainerStateMachine (ContainerStateMachine.java:loadSnapshot(223)) - group-8B3FC87223FC: The snapshot info is null. Setting the last applied indexto:(t:0, i:~)
2021-07-20 05:56:01,131 [pool-93-thread-1] INFO  server.RaftServerConfigKeys (ConfUtils.java:logGet(44)) - raft.server.notification.no-leader.timeout = 300s (custom)
2021-07-20 05:56:01,131 [pool-93-thread-1] INFO  server.RaftServerConfigKeys (ConfUtils.java:logGet(44)) - raft.server.log.use.memory = false (default)
2021-07-20 05:56:01,131 [pool-93-thread-1] INFO  server.RaftServerConfigKeys (ConfUtils.java:logGet(44)) - raft.server.log.purge.gap = 1000000 (custom)
2021-07-20 05:56:01,131 [pool-93-thread-1] INFO  server.RaftServerConfigKeys (ConfUtils.java:logGet(44)) - raft.server.log.appender.buffer.byte-limit = 33554432 (custom)
2021-07-20 05:56:01,131 [pool-93-thread-1] INFO  metrics.RatisMetrics (RatisMetrics.java:lambda$create$0(36)) - Creating Metrics Registry : ratis.log_worker.9faaa3cd-c518-4f7b-b785-ee74f85cb545@group-8B3FC87223FC
2021-07-20 05:56:01,133 [pool-93-thread-1] INFO  server.RaftServerConfigKeys (ConfUtils.java:logGet(44)) - raft.server.log.segment.size.max = 1048576 (custom)
2021-07-20 05:56:01,134 [pool-93-thread-1] INFO  server.RaftServerConfigKeys (ConfUtils.java:logGet(44)) - raft.server.log.segment.cache.num.max = 2 (custom)
2021-07-20 05:56:01,135 [pool-93-thread-1] INFO  server.RaftServerConfigKeys (ConfUtils.java:logGet(44)) - raft.server.log.segment.cache.size.max = 200MB (=209715200) (default)
2021-07-20 05:56:01,135 [pool-93-thread-1] INFO  segmented.SegmentedRaftLogWorker (SegmentedRaftLogWorker.java:<init>(182)) - new 9faaa3cd-c518-4f7b-b785-ee74f85cb545@group-8B3FC87223FC-SegmentedRaftLogWorker for RaftStorageImpl:Storage Directory /home/runner/work/ozone/ozone/mnt/ozone/hadoop-ozone/integration-test/target/test-dir/MiniOzoneClusterImpl-b2c6a007-39d2-4e45-b76c-321c7ba85e11/datanode-0/data/ratis/e087c57f-330f-4d9d-9148-8b3fc87223fc
2021-07-20 05:56:01,135 [pool-93-thread-1] INFO  server.RaftServerConfigKeys (ConfUtils.java:logGet(44)) - raft.server.log.queue.byte-limit = 2147483647 (custom)
2021-07-20 05:56:01,135 [pool-93-thread-1] INFO  server.RaftServerConfigKeys (ConfUtils.java:logGet(44)) - raft.server.log.queue.element-limit = 1024 (custom)
2021-07-20 05:56:01,135 [pool-93-thread-1] INFO  server.RaftServerConfigKeys (ConfUtils.java:logGet(44)) - raft.server.log.segment.size.max = 1048576 (custom)
2021-07-20 05:56:01,135 [pool-93-thread-1] INFO  server.RaftServerConfigKeys (ConfUtils.java:logGet(44)) - raft.server.log.preallocated.size = 16384 (custom)
2021-07-20 05:56:01,135 [pool-93-thread-1] INFO  server.RaftServerConfigKeys (ConfUtils.java:logGet(44)) - raft.server.log.force.sync.num = 128 (default)
2021-07-20 05:56:01,135 [pool-93-thread-1] INFO  server.RaftServerConfigKeys (ConfUtils.java:logGet(44)) - raft.server.log.statemachine.data.sync = true (default)
2021-07-20 05:56:01,135 [pool-93-thread-1] INFO  server.RaftServerConfigKeys (ConfUtils.java:logGet(44)) - raft.server.log.statemachine.data.sync.timeout = 10s (default)
2021-07-20 05:56:01,135 [pool-93-thread-1] INFO  server.RaftServerConfigKeys (ConfUtils.java:logGet(44)) - raft.server.log.statemachine.data.sync.timeout.retry = -1 (default)
2021-07-20 05:56:01,137 [pool-93-thread-1] INFO  server.RaftServerConfigKeys (ConfUtils.java:logGet(44)) - raft.server.log.write.buffer.size = 1048576 (custom)
2021-07-20 05:56:01,137 [pool-93-thread-1] INFO  server.RaftServerConfigKeys (ConfUtils.java:logGet(44)) - raft.server.log.statemachine.data.caching.enabled = true (custom)
2021-07-20 05:56:01,137 [pool-93-thread-1] INFO  segmented.SegmentedRaftLogWorker (SegmentedRaftLogWorker.java:lambda$new$0(133)) - 9faaa3cd-c518-4f7b-b785-ee74f85cb545@group-8B3FC87223FC-SegmentedRaftLogWorker: flushIndex: setUnconditionally 0 -> -1
2021-07-20 05:56:01,137 [pool-93-thread-1] INFO  segmented.SegmentedRaftLogWorker (SegmentedRaftLogWorker.java:lambda$new$0(133)) - 9faaa3cd-c518-4f7b-b785-ee74f85cb545@group-8B3FC87223FC-SegmentedRaftLogWorker: safeCacheEvictIndex: setUnconditionally 0 -> -1
2021-07-20 05:56:01,140 [EndpointStateMachine task thread for /127.0.0.1:13273 - 0 ] WARN  statemachine.EndpointStateMachine (EndpointStateMachine.java:logIfNeeded(236)) - Unable to communicate to SCM server at localhost:13273 for past 0 seconds.
java.net.SocketTimeoutException: Call From fv-az291-163/10.1.0.42 to localhost:13273 failed on socket timeout exception: java.net.SocketTimeoutException: 5000 millis timeout while waiting for channel to be ready for read. ch : java.nio.channels.SocketChannel[connected local=/127.0.0.1:58920 remote=/127.0.0.1:13273]; For more details see:  http://wiki.apache.org/hadoop/SocketTimeout
	at sun.reflect.NativeConstructorAccessorImpl.newInstance0(Native Method)
	at sun.reflect.NativeConstructorAccessorImpl.newInstance(NativeConstructorAccessorImpl.java:62)
	at sun.reflect.DelegatingConstructorAccessorImpl.newInstance(DelegatingConstructorAccessorImpl.java:45)
	at java.lang.reflect.Constructor.newInstance(Constructor.java:423)
	at org.apache.hadoop.net.NetUtils.wrapWithMessage(NetUtils.java:913)
	at org.apache.hadoop.net.NetUtils.wrapException(NetUtils.java:848)
	at org.apache.hadoop.ipc.Client.getRpcResponse(Client.java:1577)
	at org.apache.hadoop.ipc.Client.call(Client.java:1519)
	at org.apache.hadoop.ipc.Client.call(Client.java:1416)
	at org.apache.hadoop.ipc.ProtobufRpcEngine$Invoker.invoke(ProtobufRpcEngine.java:236)
	at org.apache.hadoop.ipc.ProtobufRpcEngine$Invoker.invoke(ProtobufRpcEngine.java:123)
	at com.sun.proxy.$Proxy47.submitRequest(Unknown Source)
	at org.apache.hadoop.ozone.protocolPB.StorageContainerDatanodeProtocolClientSideTranslatorPB.submitRequest(StorageContainerDatanodeProtocolClientSideTranslatorPB.java:117)
	at org.apache.hadoop.ozone.protocolPB.StorageContainerDatanodeProtocolClientSideTranslatorPB.getVersion(StorageContainerDatanodeProtocolClientSideTranslatorPB.java:133)
	at org.apache.hadoop.ozone.container.common.states.endpoint.VersionEndpointTask.call(VersionEndpointTask.java:71)
	at org.apache.hadoop.ozone.container.common.states.endpoint.VersionEndpointTask.call(VersionEndpointTask.java:42)
	at java.util.concurrent.FutureTask.run(FutureTask.java:266)
	at java.util.concurrent.ThreadPoolExecutor.runWorker(ThreadPoolExecutor.java:1149)
	at java.util.concurrent.ThreadPoolExecutor$Worker.run(ThreadPoolExecutor.java:624)
	at java.lang.Thread.run(Thread.java:748)
Caused by: java.net.SocketTimeoutException: 5000 millis timeout while waiting for channel to be ready for read. ch : java.nio.channels.SocketChannel[connected local=/127.0.0.1:58920 remote=/127.0.0.1:13273]
	at org.apache.hadoop.net.SocketIOWithTimeout.doIO(SocketIOWithTimeout.java:164)
	at org.apache.hadoop.net.SocketInputStream.read(SocketInputStream.java:161)
	at org.apache.hadoop.net.SocketInputStream.read(SocketInputStream.java:131)
	at java.io.FilterInputStream.read(FilterInputStream.java:133)
	at java.io.BufferedInputStream.fill(BufferedInputStream.java:246)
	at java.io.BufferedInputStream.read(BufferedInputStream.java:265)
	at java.io.FilterInputStream.read(FilterInputStream.java:83)
	at java.io.FilterInputStream.read(FilterInputStream.java:83)
	at org.apache.hadoop.ipc.Client$Connection$PingInputStream.read(Client.java:563)
	at java.io.DataInputStream.readInt(DataInputStream.java:387)
	at org.apache.hadoop.ipc.Client$IpcStreams.readResponse(Client.java:1892)
	at org.apache.hadoop.ipc.Client$Connection.receiveRpcResponse(Client.java:1202)
	at org.apache.hadoop.ipc.Client$Connection.run(Client.java:1098)
2021-07-20 05:56:01,159 [pool-93-thread-1] INFO  server.RaftServerConfigKeys (ConfUtils.java:logGet(44)) - raft.server.snapshot.auto.trigger.enabled = true (custom)
2021-07-20 05:56:01,159 [pool-93-thread-1] INFO  server.RaftServerConfigKeys (ConfUtils.java:logGet(44)) - raft.server.snapshot.auto.trigger.threshold = 10000 (custom)
2021-07-20 05:56:01,159 [pool-93-thread-1] INFO  server.RaftServerConfigKeys (ConfUtils.java:logGet(44)) - raft.server.snapshot.retention.file.num = 5 (custom)
2021-07-20 05:56:01,159 [pool-93-thread-1] INFO  server.RaftServerConfigKeys (ConfUtils.java:logGet(44)) - raft.server.log.purge.upto.snapshot.index = false (default)
2021-07-20 05:56:01,159 [pool-93-thread-1] INFO  server.RaftServerConfigKeys (ConfUtils.java:logGet(44)) - raft.server.retrycache.expirytime = 600000ms (custom)
2021-07-20 05:56:01,159 [pool-93-thread-1] INFO  server.RaftServerConfigKeys (ConfUtils.java:logGet(44)) - raft.server.retrycache.statistics.expirytime = 100μs (default)
2021-07-20 05:56:01,141 [EndpointStateMachine task thread for /127.0.0.1:13273 - 0 ] WARN  statemachine.EndpointStateMachine (EndpointStateMachine.java:logIfNeeded(236)) - Unable to communicate to SCM server at 127.0.0.1:13273 for past 0 seconds.
java.net.SocketTimeoutException: Call From fv-az291-163/10.1.0.42 to localhost:13273 failed on socket timeout exception: java.net.SocketTimeoutException: 5000 millis timeout while waiting for channel to be ready for read. ch : java.nio.channels.SocketChannel[connected local=/127.0.0.1:58920 remote=/127.0.0.1:13273]; For more details see:  http://wiki.apache.org/hadoop/SocketTimeout
	at sun.reflect.NativeConstructorAccessorImpl.newInstance0(Native Method)
	at sun.reflect.NativeConstructorAccessorImpl.newInstance(NativeConstructorAccessorImpl.java:62)
	at sun.reflect.DelegatingConstructorAccessorImpl.newInstance(DelegatingConstructorAccessorImpl.java:45)
	at java.lang.reflect.Constructor.newInstance(Constructor.java:423)
	at org.apache.hadoop.net.NetUtils.wrapWithMessage(NetUtils.java:913)
	at org.apache.hadoop.net.NetUtils.wrapException(NetUtils.java:848)
	at org.apache.hadoop.ipc.Client.getRpcResponse(Client.java:1577)
	at org.apache.hadoop.ipc.Client.call(Client.java:1519)
	at org.apache.hadoop.ipc.Client.call(Client.java:1416)
	at org.apache.hadoop.ipc.ProtobufRpcEngine$Invoker.invoke(ProtobufRpcEngine.java:236)
	at org.apache.hadoop.ipc.ProtobufRpcEngine$Invoker.invoke(ProtobufRpcEngine.java:123)
	at com.sun.proxy.$Proxy47.submitRequest(Unknown Source)
	at org.apache.hadoop.ozone.protocolPB.StorageContainerDatanodeProtocolClientSideTranslatorPB.submitRequest(StorageContainerDatanodeProtocolClientSideTranslatorPB.java:117)
	at org.apache.hadoop.ozone.protocolPB.StorageContainerDatanodeProtocolClientSideTranslatorPB.getVersion(StorageContainerDatanodeProtocolClientSideTranslatorPB.java:133)
	at org.apache.hadoop.ozone.container.common.states.endpoint.VersionEndpointTask.call(VersionEndpointTask.java:71)
	at org.apache.hadoop.ozone.container.common.states.endpoint.VersionEndpointTask.call(VersionEndpointTask.java:42)
	at java.util.concurrent.FutureTask.run(FutureTask.java:266)
	at java.util.concurrent.ThreadPoolExecutor.runWorker(ThreadPoolExecutor.java:1149)
	at java.util.concurrent.ThreadPoolExecutor$Worker.run(ThreadPoolExecutor.java:624)
	at java.lang.Thread.run(Thread.java:748)
Caused by: java.net.SocketTimeoutException: 5000 millis timeout while waiting for channel to be ready for read. ch : java.nio.channels.SocketChannel[connected local=/127.0.0.1:58920 remote=/127.0.0.1:13273]
	at org.apache.hadoop.net.SocketIOWithTimeout.doIO(SocketIOWithTimeout.java:164)
	at org.apache.hadoop.net.SocketInputStream.read(SocketInputStream.java:161)
	at org.apache.hadoop.net.SocketInputStream.read(SocketInputStream.java:131)
	at java.io.FilterInputStream.read(FilterInputStream.java:133)
	at java.io.BufferedInputStream.fill(BufferedInputStream.java:246)
	at java.io.BufferedInputStream.read(BufferedInputStream.java:265)
	at java.io.FilterInputStream.read(FilterInputStream.java:83)
	at java.io.FilterInputStream.read(FilterInputStream.java:83)
	at org.apache.hadoop.ipc.Client$Connection$PingInputStream.read(Client.java:563)
	at java.io.DataInputStream.readInt(DataInputStream.java:387)
	at org.apache.hadoop.ipc.Client$IpcStreams.readResponse(Client.java:1892)
	at org.apache.hadoop.ipc.Client$Connection.receiveRpcResponse(Client.java:1202)
	at org.apache.hadoop.ipc.Client$Connection.run(Client.java:1098)
2021-07-20 05:56:01,141 [EndpointStateMachine task thread for /127.0.0.1:13273 - 0 ] WARN  statemachine.EndpointStateMachine (EndpointStateMachine.java:logIfNeeded(236)) - Unable to communicate to SCM server at 127.0.0.1:13273 for past 0 seconds.
java.net.SocketTimeoutException: Call From fv-az291-163/10.1.0.42 to localhost:13273 failed on socket timeout exception: java.net.SocketTimeoutException: 5000 millis timeout while waiting for channel to be ready for read. ch : java.nio.channels.SocketChannel[connected local=/127.0.0.1:58920 remote=/127.0.0.1:13273]; For more details see:  http://wiki.apache.org/hadoop/SocketTimeout
	at sun.reflect.NativeConstructorAccessorImpl.newInstance0(Native Method)
	at sun.reflect.NativeConstructorAccessorImpl.newInstance(NativeConstructorAccessorImpl.java:62)
	at sun.reflect.DelegatingConstructorAccessorImpl.newInstance(DelegatingConstructorAccessorImpl.java:45)
	at java.lang.reflect.Constructor.newInstance(Constructor.java:423)
	at org.apache.hadoop.net.NetUtils.wrapWithMessage(NetUtils.java:913)
	at org.apache.hadoop.net.NetUtils.wrapException(NetUtils.java:848)
	at org.apache.hadoop.ipc.Client.getRpcResponse(Client.java:1577)
	at org.apache.hadoop.ipc.Client.call(Client.java:1519)
	at org.apache.hadoop.ipc.Client.call(Client.java:1416)
	at org.apache.hadoop.ipc.ProtobufRpcEngine$Invoker.invoke(ProtobufRpcEngine.java:236)
	at org.apache.hadoop.ipc.ProtobufRpcEngine$Invoker.invoke(ProtobufRpcEngine.java:123)
	at com.sun.proxy.$Proxy47.submitRequest(Unknown Source)
	at org.apache.hadoop.ozone.protocolPB.StorageContainerDatanodeProtocolClientSideTranslatorPB.submitRequest(StorageContainerDatanodeProtocolClientSideTranslatorPB.java:117)
	at org.apache.hadoop.ozone.protocolPB.StorageContainerDatanodeProtocolClientSideTranslatorPB.getVersion(StorageContainerDatanodeProtocolClientSideTranslatorPB.java:133)
	at org.apache.hadoop.ozone.container.common.states.endpoint.VersionEndpointTask.call(VersionEndpointTask.java:71)
	at org.apache.hadoop.ozone.container.common.states.endpoint.VersionEndpointTask.call(VersionEndpointTask.java:42)
	at java.util.concurrent.FutureTask.run(FutureTask.java:266)
	at java.util.concurrent.ThreadPoolExecutor.runWorker(ThreadPoolExecutor.java:1149)
	at java.util.concurrent.ThreadPoolExecutor$Worker.run(ThreadPoolExecutor.java:624)
	at java.lang.Thread.run(Thread.java:748)
Caused by: java.net.SocketTimeoutException: 5000 millis timeout while waiting for channel to be ready for read. ch : java.nio.channels.SocketChannel[connected local=/127.0.0.1:58920 remote=/127.0.0.1:13273]
	at org.apache.hadoop.net.SocketIOWithTimeout.doIO(SocketIOWithTimeout.java:164)
	at org.apache.hadoop.net.SocketInputStream.read(SocketInputStream.java:161)
	at org.apache.hadoop.net.SocketInputStream.read(SocketInputStream.java:131)
	at java.io.FilterInputStream.read(FilterInputStream.java:133)
	at java.io.BufferedInputStream.fill(BufferedInputStream.java:246)
	at java.io.BufferedInputStream.read(BufferedInputStream.java:265)
	at java.io.FilterInputStream.read(FilterInputStream.java:83)
	at java.io.FilterInputStream.read(FilterInputStream.java:83)
	at org.apache.hadoop.ipc.Client$Connection$PingInputStream.read(Client.java:563)
	at java.io.DataInputStream.readInt(DataInputStream.java:387)
	at org.apache.hadoop.ipc.Client$IpcStreams.readResponse(Client.java:1892)
	at org.apache.hadoop.ipc.Client$Connection.receiveRpcResponse(Client.java:1202)
	at org.apache.hadoop.ipc.Client$Connection.run(Client.java:1098)
2021-07-20 05:56:01,159 [pool-93-thread-1] INFO  metrics.RatisMetrics (RatisMetrics.java:lambda$create$0(36)) - Creating Metrics Registry : ratis.leader_election.9faaa3cd-c518-4f7b-b785-ee74f85cb545@group-8B3FC87223FC
2021-07-20 05:56:01,162 [pool-93-thread-1] INFO  metrics.RatisMetrics (RatisMetrics.java:lambda$create$0(36)) - Creating Metrics Registry : ratis.server.9faaa3cd-c518-4f7b-b785-ee74f85cb545@group-8B3FC87223FC
2021-07-20 05:56:01,163 [pool-93-thread-1] INFO  server.RaftServer$Division (RaftServerImpl.java:start(295)) - 9faaa3cd-c518-4f7b-b785-ee74f85cb545@group-8B3FC87223FC: start as a follower, conf=-1: [9faaa3cd-c518-4f7b-b785-ee74f85cb545|rpc:127.0.0.1:34605|priority:1], old=null
2021-07-20 05:56:01,163 [pool-93-thread-1] INFO  server.RaftServer$Division (RaftServerImpl.java:setRole(284)) - 9faaa3cd-c518-4f7b-b785-ee74f85cb545@group-8B3FC87223FC: changes role from      null to FOLLOWER at term 0 for startAsFollower
2021-07-20 05:56:01,163 [pool-93-thread-1] INFO  impl.RoleInfo (RoleInfo.java:updateAndGet(130)) - 9faaa3cd-c518-4f7b-b785-ee74f85cb545: start 9faaa3cd-c518-4f7b-b785-ee74f85cb545@group-8B3FC87223FC-FollowerState
2021-07-20 05:56:01,164 [pool-93-thread-1] INFO  util.JmxRegister (JmxRegister.java:tryRegister(44)) - Successfully registered JMX Bean with object name Ratis:service=RaftServer,group=group-8B3FC87223FC,id=9faaa3cd-c518-4f7b-b785-ee74f85cb545
2021-07-20 05:56:01,164 [pool-93-thread-1] INFO  metrics.RatisMetrics (RatisMetrics.java:lambda$create$0(36)) - Creating Metrics Registry : ratis.state_machine.9faaa3cd-c518-4f7b-b785-ee74f85cb545@group-8B3FC87223FC
2021-07-20 05:56:01,170 [Command processor thread] INFO  ratis.XceiverServerRatis (XceiverServerRatis.java:addGroup(759)) - Created group PipelineID=e087c57f-330f-4d9d-9148-8b3fc87223fc
2021-07-20 05:56:01,171 [Command processor thread] INFO  commandhandler.CreatePipelineCommandHandler (CreatePipelineCommandHandler.java:handle(106)) - Created Pipeline RATIS ONE PipelineID=e087c57f-330f-4d9d-9148-8b3fc87223fc.
2021-07-20 05:56:01,171 [Command processor thread] INFO  server.RaftServer (RaftServerProxy.java:addNew(95)) - 9faaa3cd-c518-4f7b-b785-ee74f85cb545: addNew group-BF0FFBB7682E:[9faaa3cd-c518-4f7b-b785-ee74f85cb545|rpc:127.0.0.1:34605|priority:0, 06501cb2-b233-4740-8c26-b46265537cb4|rpc:127.0.0.1:38707|priority:1, 577e6845-c807-4eb8-9332-2f265641e0df|rpc:127.0.0.1:36047|priority:0] returns group-BF0FFBB7682E:java.util.concurrent.CompletableFuture@5ec13310[Not completed]
2021-07-20 05:56:01,172 [pool-93-thread-1] INFO  server.RaftServer$Division (RaftServerImpl.java:<init>(180)) - 9faaa3cd-c518-4f7b-b785-ee74f85cb545: new RaftServerImpl for group-BF0FFBB7682E:[9faaa3cd-c518-4f7b-b785-ee74f85cb545|rpc:127.0.0.1:34605|priority:0, 06501cb2-b233-4740-8c26-b46265537cb4|rpc:127.0.0.1:38707|priority:1, 577e6845-c807-4eb8-9332-2f265641e0df|rpc:127.0.0.1:36047|priority:0] with ContainerStateMachine:uninitialized
2021-07-20 05:56:01,173 [pool-93-thread-1] INFO  server.RaftServerConfigKeys (ConfUtils.java:logGet(44)) - raft.server.rpc.timeout.min = 5s (custom)
2021-07-20 05:56:01,173 [pool-93-thread-1] INFO  server.RaftServerConfigKeys (ConfUtils.java:logGet(44)) - raft.server.rpc.timeout.max = 5200ms (custom)
2021-07-20 05:56:01,173 [pool-93-thread-1] INFO  server.RaftServerConfigKeys (ConfUtils.java:logGet(44)) - raft.server.rpc.sleep.time = 25ms (default)
2021-07-20 05:56:01,173 [pool-93-thread-1] INFO  server.RaftServerConfigKeys (ConfUtils.java:logGet(44)) - raft.server.rpc.slowness.timeout = 300s (custom)
2021-07-20 05:56:01,173 [pool-93-thread-1] INFO  server.RaftServerConfigKeys (ConfUtils.java:logGet(44)) - raft.server.leaderelection.leader.step-down.wait-time = 10s (default)
2021-07-20 05:56:01,173 [pool-93-thread-1] INFO  server.RaftServerConfigKeys (ConfUtils.java:logGet(44)) - raft.server.sleep.deviation.threshold = 300ms (default)
2021-07-20 05:56:01,173 [pool-93-thread-1] INFO  server.RaftServerConfigKeys (ConfUtils.java:logGet(44)) - raft.server.log.appender.install.snapshot.enabled = false (custom)
2021-07-20 05:56:01,173 [pool-93-thread-1] INFO  server.RaftServer$Division (ServerState.java:<init>(105)) - 9faaa3cd-c518-4f7b-b785-ee74f85cb545@group-BF0FFBB7682E: ConfigurationManager, init=-1: [9faaa3cd-c518-4f7b-b785-ee74f85cb545|rpc:127.0.0.1:34605|priority:0, 06501cb2-b233-4740-8c26-b46265537cb4|rpc:127.0.0.1:38707|priority:1, 577e6845-c807-4eb8-9332-2f265641e0df|rpc:127.0.0.1:36047|priority:0], old=null, confs=<EMPTY_MAP>
2021-07-20 05:56:01,173 [pool-93-thread-1] INFO  server.RaftServerConfigKeys (ConfUtils.java:logGet(44)) - raft.server.storage.dir = [/home/runner/work/ozone/ozone/mnt/ozone/hadoop-ozone/integration-test/target/test-dir/MiniOzoneClusterImpl-b2c6a007-39d2-4e45-b76c-321c7ba85e11/datanode-0/data/ratis] (custom)
2021-07-20 05:56:01,173 [pool-93-thread-1] INFO  server.RaftServerConfigKeys (ConfUtils.java:logGet(44)) - raft.server.log.corruption.policy = EXCEPTION (default)
2021-07-20 05:56:01,173 [pool-93-thread-1] INFO  storage.RaftStorageDirectory (RaftStorageDirectoryImpl.java:analyzeStorage(132)) - The storage directory /home/runner/work/ozone/ozone/mnt/ozone/hadoop-ozone/integration-test/target/test-dir/MiniOzoneClusterImpl-b2c6a007-39d2-4e45-b76c-321c7ba85e11/datanode-0/data/ratis/8acf67c8-2638-45cc-a5e1-bf0ffbb7682e does not exist. Creating ...
2021-07-20 05:56:01,175 [pool-93-thread-1] INFO  storage.RaftStorageDirectory (RaftStorageDirectoryImpl.java:tryLock(215)) - Lock on /home/runner/work/ozone/ozone/mnt/ozone/hadoop-ozone/integration-test/target/test-dir/MiniOzoneClusterImpl-b2c6a007-39d2-4e45-b76c-321c7ba85e11/datanode-0/data/ratis/8acf67c8-2638-45cc-a5e1-bf0ffbb7682e/in_use.lock acquired by nodename 3531@fv-az291-163
2021-07-20 05:56:01,172 [EventQueue-PipelineReportForPipelineReportHandler] INFO  pipeline.PipelineManagerV2Impl (PipelineManagerV2Impl.java:openPipeline(283)) - Pipeline Pipeline[ Id: e087c57f-330f-4d9d-9148-8b3fc87223fc, Nodes: 9faaa3cd-c518-4f7b-b785-ee74f85cb545{ip: 127.0.0.1, host: localhost, ports: [REPLICATION=34365, RATIS=34605, RATIS_ADMIN=34605, RATIS_SERVER=34605, STANDALONE=38493], networkLocation: /default-rack, certSerialId: null, persistedOpState: IN_SERVICE, persistedOpStateExpiryEpochSec: 0}, ReplicationConfig: RATIS/ONE, State:ALLOCATED, leaderId:9faaa3cd-c518-4f7b-b785-ee74f85cb545, CreationTimestamp2021-07-20T05:55:58.162Z[Etc/UTC]] moved to OPEN state
2021-07-20 05:56:01,171 [EventQueue-PipelineReportForPipelineReportHandler] INFO  pipeline.PipelineManagerV2Impl (PipelineManagerV2Impl.java:openPipeline(283)) - Pipeline Pipeline[ Id: e087c57f-330f-4d9d-9148-8b3fc87223fc, Nodes: 9faaa3cd-c518-4f7b-b785-ee74f85cb545{ip: 127.0.0.1, host: localhost, ports: [REPLICATION=34365, RATIS=34605, RATIS_ADMIN=34605, RATIS_SERVER=34605, STANDALONE=38493], networkLocation: /default-rack, certSerialId: null, persistedOpState: IN_SERVICE, persistedOpStateExpiryEpochSec: 0}, ReplicationConfig: RATIS/ONE, State:ALLOCATED, leaderId:9faaa3cd-c518-4f7b-b785-ee74f85cb545, CreationTimestamp2021-07-20T05:55:58.162Z[Etc/UTC]] moved to OPEN state
2021-07-20 05:56:01,176 [pool-93-thread-1] INFO  storage.RaftStorage (RaftStorageImpl.java:format(87)) - Storage directory /home/runner/work/ozone/ozone/mnt/ozone/hadoop-ozone/integration-test/target/test-dir/MiniOzoneClusterImpl-b2c6a007-39d2-4e45-b76c-321c7ba85e11/datanode-0/data/ratis/8acf67c8-2638-45cc-a5e1-bf0ffbb7682e has been successfully formatted.
2021-07-20 05:56:01,188 [pool-93-thread-1] INFO  ratis.ContainerStateMachine (ContainerStateMachine.java:loadSnapshot(223)) - group-BF0FFBB7682E: The snapshot info is null. Setting the last applied indexto:(t:0, i:~)
2021-07-20 05:56:01,188 [pool-93-thread-1] INFO  server.RaftServerConfigKeys (ConfUtils.java:logGet(44)) - raft.server.notification.no-leader.timeout = 300s (custom)
2021-07-20 05:56:01,188 [pool-93-thread-1] INFO  server.RaftServerConfigKeys (ConfUtils.java:logGet(44)) - raft.server.log.use.memory = false (default)
2021-07-20 05:56:01,188 [pool-93-thread-1] INFO  server.RaftServerConfigKeys (ConfUtils.java:logGet(44)) - raft.server.log.purge.gap = 1000000 (custom)
2021-07-20 05:56:01,188 [pool-93-thread-1] INFO  server.RaftServerConfigKeys (ConfUtils.java:logGet(44)) - raft.server.log.appender.buffer.byte-limit = 33554432 (custom)
2021-07-20 05:56:01,189 [pool-93-thread-1] INFO  metrics.RatisMetrics (RatisMetrics.java:lambda$create$0(36)) - Creating Metrics Registry : ratis.log_worker.9faaa3cd-c518-4f7b-b785-ee74f85cb545@group-BF0FFBB7682E
2021-07-20 05:56:01,189 [pool-93-thread-1] INFO  server.RaftServerConfigKeys (ConfUtils.java:logGet(44)) - raft.server.log.segment.size.max = 1048576 (custom)
2021-07-20 05:56:01,189 [pool-93-thread-1] INFO  server.RaftServerConfigKeys (ConfUtils.java:logGet(44)) - raft.server.log.segment.cache.num.max = 2 (custom)
2021-07-20 05:56:01,189 [pool-93-thread-1] INFO  server.RaftServerConfigKeys (ConfUtils.java:logGet(44)) - raft.server.log.segment.cache.size.max = 200MB (=209715200) (default)
2021-07-20 05:56:01,189 [pool-93-thread-1] INFO  segmented.SegmentedRaftLogWorker (SegmentedRaftLogWorker.java:<init>(182)) - new 9faaa3cd-c518-4f7b-b785-ee74f85cb545@group-BF0FFBB7682E-SegmentedRaftLogWorker for RaftStorageImpl:Storage Directory /home/runner/work/ozone/ozone/mnt/ozone/hadoop-ozone/integration-test/target/test-dir/MiniOzoneClusterImpl-b2c6a007-39d2-4e45-b76c-321c7ba85e11/datanode-0/data/ratis/8acf67c8-2638-45cc-a5e1-bf0ffbb7682e
2021-07-20 05:56:01,189 [pool-93-thread-1] INFO  server.RaftServerConfigKeys (ConfUtils.java:logGet(44)) - raft.server.log.queue.byte-limit = 2147483647 (custom)
2021-07-20 05:56:01,189 [pool-93-thread-1] INFO  server.RaftServerConfigKeys (ConfUtils.java:logGet(44)) - raft.server.log.queue.element-limit = 1024 (custom)
2021-07-20 05:56:01,189 [pool-93-thread-1] INFO  server.RaftServerConfigKeys (ConfUtils.java:logGet(44)) - raft.server.log.segment.size.max = 1048576 (custom)
2021-07-20 05:56:01,189 [pool-93-thread-1] INFO  server.RaftServerConfigKeys (ConfUtils.java:logGet(44)) - raft.server.log.preallocated.size = 16384 (custom)
2021-07-20 05:56:01,190 [pool-93-thread-1] INFO  server.RaftServerConfigKeys (ConfUtils.java:logGet(44)) - raft.server.log.force.sync.num = 128 (default)
2021-07-20 05:56:01,190 [pool-93-thread-1] INFO  server.RaftServerConfigKeys (ConfUtils.java:logGet(44)) - raft.server.log.statemachine.data.sync = true (default)
2021-07-20 05:56:01,190 [pool-93-thread-1] INFO  server.RaftServerConfigKeys (ConfUtils.java:logGet(44)) - raft.server.log.statemachine.data.sync.timeout = 10s (default)
2021-07-20 05:56:01,190 [pool-93-thread-1] INFO  server.RaftServerConfigKeys (ConfUtils.java:logGet(44)) - raft.server.log.statemachine.data.sync.timeout.retry = -1 (default)
2021-07-20 05:56:01,186 [EventQueue-PipelineReportForPipelineReportHandler] INFO  ha.SCMHAInvocationHandler (SCMHAInvocationHandler.java:invokeRatis(113)) - Invoking method public abstract void org.apache.hadoop.hdds.scm.pipeline.StateManager.updatePipelineState(org.apache.hadoop.hdds.protocol.proto.HddsProtos$PipelineID,org.apache.hadoop.hdds.protocol.proto.HddsProtos$PipelineState) throws java.io.IOException on target org.apache.hadoop.hdds.scm.ha.SCMRatisServerImpl@51f543ee, cost 11083.659us
2021-07-20 05:56:01,196 [pool-93-thread-1] INFO  server.RaftServerConfigKeys (ConfUtils.java:logGet(44)) - raft.server.log.write.buffer.size = 1048576 (custom)
2021-07-20 05:56:01,198 [pool-93-thread-1] INFO  server.RaftServerConfigKeys (ConfUtils.java:logGet(44)) - raft.server.log.statemachine.data.caching.enabled = true (custom)
2021-07-20 05:56:01,199 [pool-93-thread-1] INFO  segmented.SegmentedRaftLogWorker (SegmentedRaftLogWorker.java:lambda$new$0(133)) - 9faaa3cd-c518-4f7b-b785-ee74f85cb545@group-BF0FFBB7682E-SegmentedRaftLogWorker: flushIndex: setUnconditionally 0 -> -1
2021-07-20 05:56:01,199 [pool-93-thread-1] INFO  segmented.SegmentedRaftLogWorker (SegmentedRaftLogWorker.java:lambda$new$0(133)) - 9faaa3cd-c518-4f7b-b785-ee74f85cb545@group-BF0FFBB7682E-SegmentedRaftLogWorker: safeCacheEvictIndex: setUnconditionally 0 -> -1
2021-07-20 05:56:01,199 [EventQueue-PipelineReportForPipelineReportHandler] INFO  pipeline.PipelineManagerV2Impl (PipelineManagerV2Impl.java:openPipeline(283)) - Pipeline Pipeline[ Id: e087c57f-330f-4d9d-9148-8b3fc87223fc, Nodes: 9faaa3cd-c518-4f7b-b785-ee74f85cb545{ip: 127.0.0.1, host: localhost, ports: [REPLICATION=34365, RATIS=34605, RATIS_ADMIN=34605, RATIS_SERVER=34605, STANDALONE=38493], networkLocation: /default-rack, certSerialId: null, persistedOpState: IN_SERVICE, persistedOpStateExpiryEpochSec: 0}, ReplicationConfig: RATIS/ONE, State:ALLOCATED, leaderId:9faaa3cd-c518-4f7b-b785-ee74f85cb545, CreationTimestamp2021-07-20T05:55:58.162Z[Etc/UTC]] moved to OPEN state
2021-07-20 05:56:01,200 [EventQueue-PipelineReportForPipelineReportHandler] INFO  ha.SCMHAInvocationHandler (SCMHAInvocationHandler.java:invokeRatis(113)) - Invoking method public abstract void org.apache.hadoop.hdds.scm.pipeline.StateManager.updatePipelineState(org.apache.hadoop.hdds.protocol.proto.HddsProtos$PipelineID,org.apache.hadoop.hdds.protocol.proto.HddsProtos$PipelineState) throws java.io.IOException on target org.apache.hadoop.hdds.scm.ha.SCMRatisServerImpl@51f543ee, cost 418.125us
2021-07-20 05:56:01,208 [pool-93-thread-1] INFO  server.RaftServerConfigKeys (ConfUtils.java:logGet(44)) - raft.server.snapshot.auto.trigger.enabled = true (custom)
2021-07-20 05:56:01,216 [pool-93-thread-1] INFO  server.RaftServerConfigKeys (ConfUtils.java:logGet(44)) - raft.server.snapshot.auto.trigger.threshold = 10000 (custom)
2021-07-20 05:56:01,216 [pool-93-thread-1] INFO  server.RaftServerConfigKeys (ConfUtils.java:logGet(44)) - raft.server.snapshot.retention.file.num = 5 (custom)
2021-07-20 05:56:01,216 [pool-93-thread-1] INFO  server.RaftServerConfigKeys (ConfUtils.java:logGet(44)) - raft.server.log.purge.upto.snapshot.index = false (default)
2021-07-20 05:56:01,216 [pool-93-thread-1] INFO  server.RaftServerConfigKeys (ConfUtils.java:logGet(44)) - raft.server.retrycache.expirytime = 600000ms (custom)
2021-07-20 05:56:01,216 [pool-93-thread-1] INFO  server.RaftServerConfigKeys (ConfUtils.java:logGet(44)) - raft.server.retrycache.statistics.expirytime = 100μs (default)
2021-07-20 05:56:01,216 [pool-93-thread-1] INFO  metrics.RatisMetrics (RatisMetrics.java:lambda$create$0(36)) - Creating Metrics Registry : ratis.leader_election.9faaa3cd-c518-4f7b-b785-ee74f85cb545@group-BF0FFBB7682E
2021-07-20 05:56:01,217 [pool-93-thread-1] INFO  metrics.RatisMetrics (RatisMetrics.java:lambda$create$0(36)) - Creating Metrics Registry : ratis.server.9faaa3cd-c518-4f7b-b785-ee74f85cb545@group-BF0FFBB7682E
2021-07-20 05:56:01,218 [pool-93-thread-1] INFO  server.RaftServer$Division (RaftServerImpl.java:start(295)) - 9faaa3cd-c518-4f7b-b785-ee74f85cb545@group-BF0FFBB7682E: start as a follower, conf=-1: [9faaa3cd-c518-4f7b-b785-ee74f85cb545|rpc:127.0.0.1:34605|priority:0, 06501cb2-b233-4740-8c26-b46265537cb4|rpc:127.0.0.1:38707|priority:1, 577e6845-c807-4eb8-9332-2f265641e0df|rpc:127.0.0.1:36047|priority:0], old=null
2021-07-20 05:56:01,218 [pool-93-thread-1] INFO  server.RaftServer$Division (RaftServerImpl.java:setRole(284)) - 9faaa3cd-c518-4f7b-b785-ee74f85cb545@group-BF0FFBB7682E: changes role from      null to FOLLOWER at term 0 for startAsFollower
2021-07-20 05:56:01,218 [pool-93-thread-1] INFO  impl.RoleInfo (RoleInfo.java:updateAndGet(130)) - 9faaa3cd-c518-4f7b-b785-ee74f85cb545: start 9faaa3cd-c518-4f7b-b785-ee74f85cb545@group-BF0FFBB7682E-FollowerState
2021-07-20 05:56:01,218 [a3de057e-22ba-4f20-867a-3c0291662fe2@group-321C7BA85E11-StateMachineUpdater] INFO  safemode.HealthyPipelineSafeModeRule (HealthyPipelineSafeModeRule.java:initializeRule(152)) - Refreshed total pipeline count is 0, healthy pipeline threshold count is 1
2021-07-20 05:56:01,219 [EventQueue-PipelineReportForPipelineReportHandler] INFO  ha.SCMHAInvocationHandler (SCMHAInvocationHandler.java:invokeRatis(113)) - Invoking method public abstract void org.apache.hadoop.hdds.scm.pipeline.StateManager.updatePipelineState(org.apache.hadoop.hdds.protocol.proto.HddsProtos$PipelineID,org.apache.hadoop.hdds.protocol.proto.HddsProtos$PipelineState) throws java.io.IOException on target org.apache.hadoop.hdds.scm.ha.SCMRatisServerImpl@1a07937d, cost 43145.768us
2021-07-20 05:56:01,220 [pool-93-thread-1] INFO  util.JmxRegister (JmxRegister.java:tryRegister(44)) - Successfully registered JMX Bean with object name Ratis:service=RaftServer,group=group-BF0FFBB7682E,id=9faaa3cd-c518-4f7b-b785-ee74f85cb545
2021-07-20 05:56:01,220 [pool-93-thread-1] INFO  metrics.RatisMetrics (RatisMetrics.java:lambda$create$0(36)) - Creating Metrics Registry : ratis.state_machine.9faaa3cd-c518-4f7b-b785-ee74f85cb545@group-BF0FFBB7682E
2021-07-20 05:56:01,221 [Command processor thread] INFO  ratis.XceiverServerRatis (XceiverServerRatis.java:addGroup(759)) - Created group PipelineID=8acf67c8-2638-45cc-a5e1-bf0ffbb7682e
2021-07-20 05:56:01,244 [5c2410e7-10a6-4620-b434-e19b0245711c@group-321C7BA85E11-StateMachineUpdater] INFO  safemode.HealthyPipelineSafeModeRule (HealthyPipelineSafeModeRule.java:initializeRule(152)) - Refreshed total pipeline count is 0, healthy pipeline threshold count is 1
2021-07-20 05:56:01,245 [EventQueue-OpenPipelineForHealthyPipelineSafeModeRule] INFO  safemode.SCMSafeModeManager (HealthyPipelineSafeModeRule.java:process(124)) - SCM in safe mode. Healthy pipelines reported count is 0, required healthy pipeline reported count is 1
2021-07-20 05:56:01,245 [EventQueue-OpenPipelineForHealthyPipelineSafeModeRule] INFO  safemode.SCMSafeModeManager (HealthyPipelineSafeModeRule.java:process(124)) - SCM in safe mode. Healthy pipelines reported count is 0, required healthy pipeline reported count is 1
2021-07-20 05:56:01,250 [Command processor thread] INFO  metrics.RatisMetrics (RatisMetrics.java:lambda$create$0(36)) - Creating Metrics Registry : ratis.client_message_metrics.client-65C4F2E0F72A->06501cb2-b233-4740-8c26-b46265537cb4
2021-07-20 05:56:01,278 [grpc-default-executor-0] INFO  metrics.RatisMetrics (RatisMetrics.java:lambda$create$0(36)) - Creating Metrics Registry : ratis.server_message_metrics.06501cb2-b233-4740-8c26-b46265537cb4
2021-07-20 05:56:01,286 [grpc-default-executor-0] INFO  server.RaftServer (RaftServerProxy.java:addNew(95)) - 06501cb2-b233-4740-8c26-b46265537cb4: addNew group-BF0FFBB7682E:[9faaa3cd-c518-4f7b-b785-ee74f85cb545|rpc:127.0.0.1:34605|dataStream:|priority:0, 06501cb2-b233-4740-8c26-b46265537cb4|rpc:127.0.0.1:38707|dataStream:|priority:1, 577e6845-c807-4eb8-9332-2f265641e0df|rpc:127.0.0.1:36047|dataStream:|priority:0] returns group-BF0FFBB7682E:java.util.concurrent.CompletableFuture@73361b27[Not completed]
2021-07-20 05:56:01,287 [pool-113-thread-1] INFO  server.RaftServer$Division (RaftServerImpl.java:<init>(180)) - 06501cb2-b233-4740-8c26-b46265537cb4: new RaftServerImpl for group-BF0FFBB7682E:[9faaa3cd-c518-4f7b-b785-ee74f85cb545|rpc:127.0.0.1:34605|dataStream:|priority:0, 06501cb2-b233-4740-8c26-b46265537cb4|rpc:127.0.0.1:38707|dataStream:|priority:1, 577e6845-c807-4eb8-9332-2f265641e0df|rpc:127.0.0.1:36047|dataStream:|priority:0] with ContainerStateMachine:uninitialized
2021-07-20 05:56:01,288 [pool-113-thread-1] INFO  server.RaftServerConfigKeys (ConfUtils.java:logGet(44)) - raft.server.rpc.timeout.min = 5s (custom)
2021-07-20 05:56:01,288 [pool-113-thread-1] INFO  server.RaftServerConfigKeys (ConfUtils.java:logGet(44)) - raft.server.rpc.timeout.max = 5200ms (custom)
2021-07-20 05:56:01,289 [pool-113-thread-1] INFO  server.RaftServerConfigKeys (ConfUtils.java:logGet(44)) - raft.server.rpc.sleep.time = 25ms (default)
2021-07-20 05:56:01,289 [pool-113-thread-1] INFO  server.RaftServerConfigKeys (ConfUtils.java:logGet(44)) - raft.server.rpc.slowness.timeout = 300s (custom)
2021-07-20 05:56:01,289 [pool-113-thread-1] INFO  server.RaftServerConfigKeys (ConfUtils.java:logGet(44)) - raft.server.leaderelection.leader.step-down.wait-time = 10s (default)
2021-07-20 05:56:01,289 [pool-113-thread-1] INFO  server.RaftServerConfigKeys (ConfUtils.java:logGet(44)) - raft.server.sleep.deviation.threshold = 300ms (default)
2021-07-20 05:56:01,289 [pool-113-thread-1] INFO  server.RaftServerConfigKeys (ConfUtils.java:logGet(44)) - raft.server.log.appender.install.snapshot.enabled = false (custom)
2021-07-20 05:56:01,289 [pool-113-thread-1] INFO  server.RaftServer$Division (ServerState.java:<init>(105)) - 06501cb2-b233-4740-8c26-b46265537cb4@group-BF0FFBB7682E: ConfigurationManager, init=-1: [9faaa3cd-c518-4f7b-b785-ee74f85cb545|rpc:127.0.0.1:34605|dataStream:|priority:0, 06501cb2-b233-4740-8c26-b46265537cb4|rpc:127.0.0.1:38707|dataStream:|priority:1, 577e6845-c807-4eb8-9332-2f265641e0df|rpc:127.0.0.1:36047|dataStream:|priority:0], old=null, confs=<EMPTY_MAP>
2021-07-20 05:56:01,289 [pool-113-thread-1] INFO  server.RaftServerConfigKeys (ConfUtils.java:logGet(44)) - raft.server.storage.dir = [/home/runner/work/ozone/ozone/mnt/ozone/hadoop-ozone/integration-test/target/test-dir/MiniOzoneClusterImpl-b2c6a007-39d2-4e45-b76c-321c7ba85e11/datanode-1/data/ratis] (custom)
2021-07-20 05:56:01,289 [pool-113-thread-1] INFO  server.RaftServerConfigKeys (ConfUtils.java:logGet(44)) - raft.server.log.corruption.policy = EXCEPTION (default)
2021-07-20 05:56:01,290 [pool-113-thread-1] INFO  storage.RaftStorageDirectory (RaftStorageDirectoryImpl.java:analyzeStorage(132)) - The storage directory /home/runner/work/ozone/ozone/mnt/ozone/hadoop-ozone/integration-test/target/test-dir/MiniOzoneClusterImpl-b2c6a007-39d2-4e45-b76c-321c7ba85e11/datanode-1/data/ratis/8acf67c8-2638-45cc-a5e1-bf0ffbb7682e does not exist. Creating ...
2021-07-20 05:56:01,291 [pool-113-thread-1] INFO  storage.RaftStorageDirectory (RaftStorageDirectoryImpl.java:tryLock(215)) - Lock on /home/runner/work/ozone/ozone/mnt/ozone/hadoop-ozone/integration-test/target/test-dir/MiniOzoneClusterImpl-b2c6a007-39d2-4e45-b76c-321c7ba85e11/datanode-1/data/ratis/8acf67c8-2638-45cc-a5e1-bf0ffbb7682e/in_use.lock acquired by nodename 3531@fv-az291-163
2021-07-20 05:56:01,293 [pool-113-thread-1] INFO  storage.RaftStorage (RaftStorageImpl.java:format(87)) - Storage directory /home/runner/work/ozone/ozone/mnt/ozone/hadoop-ozone/integration-test/target/test-dir/MiniOzoneClusterImpl-b2c6a007-39d2-4e45-b76c-321c7ba85e11/datanode-1/data/ratis/8acf67c8-2638-45cc-a5e1-bf0ffbb7682e has been successfully formatted.
2021-07-20 05:56:01,300 [pool-113-thread-1] INFO  ratis.ContainerStateMachine (ContainerStateMachine.java:loadSnapshot(223)) - group-BF0FFBB7682E: The snapshot info is null. Setting the last applied indexto:(t:0, i:~)
2021-07-20 05:56:01,301 [pool-113-thread-1] INFO  server.RaftServerConfigKeys (ConfUtils.java:logGet(44)) - raft.server.notification.no-leader.timeout = 300s (custom)
2021-07-20 05:56:01,301 [pool-113-thread-1] INFO  server.RaftServerConfigKeys (ConfUtils.java:logGet(44)) - raft.server.log.use.memory = false (default)
2021-07-20 05:56:01,301 [pool-113-thread-1] INFO  server.RaftServerConfigKeys (ConfUtils.java:logGet(44)) - raft.server.log.purge.gap = 1000000 (custom)
2021-07-20 05:56:01,301 [pool-113-thread-1] INFO  server.RaftServerConfigKeys (ConfUtils.java:logGet(44)) - raft.server.log.appender.buffer.byte-limit = 33554432 (custom)
2021-07-20 05:56:01,301 [pool-113-thread-1] INFO  metrics.RatisMetrics (RatisMetrics.java:lambda$create$0(36)) - Creating Metrics Registry : ratis.log_worker.06501cb2-b233-4740-8c26-b46265537cb4@group-BF0FFBB7682E
2021-07-20 05:56:01,301 [pool-113-thread-1] INFO  server.RaftServerConfigKeys (ConfUtils.java:logGet(44)) - raft.server.log.segment.size.max = 1048576 (custom)
2021-07-20 05:56:01,302 [pool-113-thread-1] INFO  server.RaftServerConfigKeys (ConfUtils.java:logGet(44)) - raft.server.log.segment.cache.num.max = 2 (custom)
2021-07-20 05:56:01,302 [pool-113-thread-1] INFO  server.RaftServerConfigKeys (ConfUtils.java:logGet(44)) - raft.server.log.segment.cache.size.max = 200MB (=209715200) (default)
2021-07-20 05:56:01,303 [pool-113-thread-1] INFO  segmented.SegmentedRaftLogWorker (SegmentedRaftLogWorker.java:<init>(182)) - new 06501cb2-b233-4740-8c26-b46265537cb4@group-BF0FFBB7682E-SegmentedRaftLogWorker for RaftStorageImpl:Storage Directory /home/runner/work/ozone/ozone/mnt/ozone/hadoop-ozone/integration-test/target/test-dir/MiniOzoneClusterImpl-b2c6a007-39d2-4e45-b76c-321c7ba85e11/datanode-1/data/ratis/8acf67c8-2638-45cc-a5e1-bf0ffbb7682e
2021-07-20 05:56:01,303 [pool-113-thread-1] INFO  server.RaftServerConfigKeys (ConfUtils.java:logGet(44)) - raft.server.log.queue.byte-limit = 2147483647 (custom)
2021-07-20 05:56:01,303 [pool-113-thread-1] INFO  server.RaftServerConfigKeys (ConfUtils.java:logGet(44)) - raft.server.log.queue.element-limit = 1024 (custom)
2021-07-20 05:56:01,303 [pool-113-thread-1] INFO  server.RaftServerConfigKeys (ConfUtils.java:logGet(44)) - raft.server.log.segment.size.max = 1048576 (custom)
2021-07-20 05:56:01,303 [pool-113-thread-1] INFO  server.RaftServerConfigKeys (ConfUtils.java:logGet(44)) - raft.server.log.preallocated.size = 16384 (custom)
2021-07-20 05:56:01,304 [pool-113-thread-1] INFO  server.RaftServerConfigKeys (ConfUtils.java:logGet(44)) - raft.server.log.force.sync.num = 128 (default)
2021-07-20 05:56:01,304 [pool-113-thread-1] INFO  server.RaftServerConfigKeys (ConfUtils.java:logGet(44)) - raft.server.log.statemachine.data.sync = true (default)
2021-07-20 05:56:01,304 [pool-113-thread-1] INFO  server.RaftServerConfigKeys (ConfUtils.java:logGet(44)) - raft.server.log.statemachine.data.sync.timeout = 10s (default)
2021-07-20 05:56:01,304 [pool-113-thread-1] INFO  server.RaftServerConfigKeys (ConfUtils.java:logGet(44)) - raft.server.log.statemachine.data.sync.timeout.retry = -1 (default)
2021-07-20 05:56:01,306 [pool-113-thread-1] INFO  server.RaftServerConfigKeys (ConfUtils.java:logGet(44)) - raft.server.log.write.buffer.size = 1048576 (custom)
2021-07-20 05:56:01,306 [pool-113-thread-1] INFO  server.RaftServerConfigKeys (ConfUtils.java:logGet(44)) - raft.server.log.statemachine.data.caching.enabled = true (custom)
2021-07-20 05:56:01,307 [pool-113-thread-1] INFO  segmented.SegmentedRaftLogWorker (SegmentedRaftLogWorker.java:lambda$new$0(133)) - 06501cb2-b233-4740-8c26-b46265537cb4@group-BF0FFBB7682E-SegmentedRaftLogWorker: flushIndex: setUnconditionally 0 -> -1
2021-07-20 05:56:01,307 [pool-113-thread-1] INFO  segmented.SegmentedRaftLogWorker (SegmentedRaftLogWorker.java:lambda$new$0(133)) - 06501cb2-b233-4740-8c26-b46265537cb4@group-BF0FFBB7682E-SegmentedRaftLogWorker: safeCacheEvictIndex: setUnconditionally 0 -> -1
2021-07-20 05:56:01,307 [pool-113-thread-1] INFO  server.RaftServerConfigKeys (ConfUtils.java:logGet(44)) - raft.server.snapshot.auto.trigger.enabled = true (custom)
2021-07-20 05:56:01,307 [pool-113-thread-1] INFO  server.RaftServerConfigKeys (ConfUtils.java:logGet(44)) - raft.server.snapshot.auto.trigger.threshold = 10000 (custom)
2021-07-20 05:56:01,308 [pool-113-thread-1] INFO  server.RaftServerConfigKeys (ConfUtils.java:logGet(44)) - raft.server.snapshot.retention.file.num = 5 (custom)
2021-07-20 05:56:01,308 [pool-113-thread-1] INFO  server.RaftServerConfigKeys (ConfUtils.java:logGet(44)) - raft.server.log.purge.upto.snapshot.index = false (default)
2021-07-20 05:56:01,308 [pool-113-thread-1] INFO  server.RaftServerConfigKeys (ConfUtils.java:logGet(44)) - raft.server.retrycache.expirytime = 600000ms (custom)
2021-07-20 05:56:01,308 [pool-113-thread-1] INFO  server.RaftServerConfigKeys (ConfUtils.java:logGet(44)) - raft.server.retrycache.statistics.expirytime = 100μs (default)
2021-07-20 05:56:01,308 [pool-113-thread-1] INFO  metrics.RatisMetrics (RatisMetrics.java:lambda$create$0(36)) - Creating Metrics Registry : ratis.leader_election.06501cb2-b233-4740-8c26-b46265537cb4@group-BF0FFBB7682E
2021-07-20 05:56:01,309 [pool-113-thread-1] INFO  metrics.RatisMetrics (RatisMetrics.java:lambda$create$0(36)) - Creating Metrics Registry : ratis.server.06501cb2-b233-4740-8c26-b46265537cb4@group-BF0FFBB7682E
2021-07-20 05:56:01,313 [pool-113-thread-1] INFO  server.RaftServer$Division (RaftServerImpl.java:start(295)) - 06501cb2-b233-4740-8c26-b46265537cb4@group-BF0FFBB7682E: start as a follower, conf=-1: [9faaa3cd-c518-4f7b-b785-ee74f85cb545|rpc:127.0.0.1:34605|dataStream:|priority:0, 06501cb2-b233-4740-8c26-b46265537cb4|rpc:127.0.0.1:38707|dataStream:|priority:1, 577e6845-c807-4eb8-9332-2f265641e0df|rpc:127.0.0.1:36047|dataStream:|priority:0], old=null
2021-07-20 05:56:01,313 [pool-113-thread-1] INFO  server.RaftServer$Division (RaftServerImpl.java:setRole(284)) - 06501cb2-b233-4740-8c26-b46265537cb4@group-BF0FFBB7682E: changes role from      null to FOLLOWER at term 0 for startAsFollower
2021-07-20 05:56:01,313 [pool-113-thread-1] INFO  impl.RoleInfo (RoleInfo.java:updateAndGet(130)) - 06501cb2-b233-4740-8c26-b46265537cb4: start 06501cb2-b233-4740-8c26-b46265537cb4@group-BF0FFBB7682E-FollowerState
2021-07-20 05:56:01,314 [pool-113-thread-1] INFO  util.JmxRegister (JmxRegister.java:tryRegister(44)) - Successfully registered JMX Bean with object name Ratis:service=RaftServer,group=group-BF0FFBB7682E,id=06501cb2-b233-4740-8c26-b46265537cb4
2021-07-20 05:56:01,314 [pool-113-thread-1] INFO  metrics.RatisMetrics (RatisMetrics.java:lambda$create$0(36)) - Creating Metrics Registry : ratis.state_machine.06501cb2-b233-4740-8c26-b46265537cb4@group-BF0FFBB7682E
2021-07-20 05:56:01,346 [Command processor thread] INFO  metrics.RatisMetrics (RatisMetrics.java:lambda$create$0(36)) - Creating Metrics Registry : ratis.client_message_metrics.client-645B576E29C5->577e6845-c807-4eb8-9332-2f265641e0df
2021-07-20 05:56:01,356 [grpc-default-executor-0] INFO  metrics.RatisMetrics (RatisMetrics.java:lambda$create$0(36)) - Creating Metrics Registry : ratis.server_message_metrics.577e6845-c807-4eb8-9332-2f265641e0df
2021-07-20 05:56:01,360 [grpc-default-executor-0] INFO  server.RaftServer (RaftServerProxy.java:addNew(95)) - 577e6845-c807-4eb8-9332-2f265641e0df: addNew group-BF0FFBB7682E:[9faaa3cd-c518-4f7b-b785-ee74f85cb545|rpc:127.0.0.1:34605|dataStream:|priority:0, 06501cb2-b233-4740-8c26-b46265537cb4|rpc:127.0.0.1:38707|dataStream:|priority:1, 577e6845-c807-4eb8-9332-2f265641e0df|rpc:127.0.0.1:36047|dataStream:|priority:0] returns group-BF0FFBB7682E:java.util.concurrent.CompletableFuture@72923d73[Not completed]
2021-07-20 05:56:01,361 [pool-133-thread-1] INFO  server.RaftServer$Division (RaftServerImpl.java:<init>(180)) - 577e6845-c807-4eb8-9332-2f265641e0df: new RaftServerImpl for group-BF0FFBB7682E:[9faaa3cd-c518-4f7b-b785-ee74f85cb545|rpc:127.0.0.1:34605|dataStream:|priority:0, 06501cb2-b233-4740-8c26-b46265537cb4|rpc:127.0.0.1:38707|dataStream:|priority:1, 577e6845-c807-4eb8-9332-2f265641e0df|rpc:127.0.0.1:36047|dataStream:|priority:0] with ContainerStateMachine:uninitialized
2021-07-20 05:56:01,361 [pool-133-thread-1] INFO  server.RaftServerConfigKeys (ConfUtils.java:logGet(44)) - raft.server.rpc.timeout.min = 5s (custom)
2021-07-20 05:56:01,362 [pool-133-thread-1] INFO  server.RaftServerConfigKeys (ConfUtils.java:logGet(44)) - raft.server.rpc.timeout.max = 5200ms (custom)
2021-07-20 05:56:01,362 [pool-133-thread-1] INFO  server.RaftServerConfigKeys (ConfUtils.java:logGet(44)) - raft.server.rpc.sleep.time = 25ms (default)
2021-07-20 05:56:01,362 [pool-133-thread-1] INFO  server.RaftServerConfigKeys (ConfUtils.java:logGet(44)) - raft.server.rpc.slowness.timeout = 300s (custom)
2021-07-20 05:56:01,362 [pool-133-thread-1] INFO  server.RaftServerConfigKeys (ConfUtils.java:logGet(44)) - raft.server.leaderelection.leader.step-down.wait-time = 10s (default)
2021-07-20 05:56:01,363 [pool-133-thread-1] INFO  server.RaftServerConfigKeys (ConfUtils.java:logGet(44)) - raft.server.sleep.deviation.threshold = 300ms (default)
2021-07-20 05:56:01,363 [pool-133-thread-1] INFO  server.RaftServerConfigKeys (ConfUtils.java:logGet(44)) - raft.server.log.appender.install.snapshot.enabled = false (custom)
2021-07-20 05:56:01,363 [pool-133-thread-1] INFO  server.RaftServer$Division (ServerState.java:<init>(105)) - 577e6845-c807-4eb8-9332-2f265641e0df@group-BF0FFBB7682E: ConfigurationManager, init=-1: [9faaa3cd-c518-4f7b-b785-ee74f85cb545|rpc:127.0.0.1:34605|dataStream:|priority:0, 06501cb2-b233-4740-8c26-b46265537cb4|rpc:127.0.0.1:38707|dataStream:|priority:1, 577e6845-c807-4eb8-9332-2f265641e0df|rpc:127.0.0.1:36047|dataStream:|priority:0], old=null, confs=<EMPTY_MAP>
2021-07-20 05:56:01,363 [pool-133-thread-1] INFO  server.RaftServerConfigKeys (ConfUtils.java:logGet(44)) - raft.server.storage.dir = [/home/runner/work/ozone/ozone/mnt/ozone/hadoop-ozone/integration-test/target/test-dir/MiniOzoneClusterImpl-b2c6a007-39d2-4e45-b76c-321c7ba85e11/datanode-2/data/ratis] (custom)
2021-07-20 05:56:01,363 [pool-133-thread-1] INFO  server.RaftServerConfigKeys (ConfUtils.java:logGet(44)) - raft.server.log.corruption.policy = EXCEPTION (default)
2021-07-20 05:56:01,363 [pool-133-thread-1] INFO  storage.RaftStorageDirectory (RaftStorageDirectoryImpl.java:analyzeStorage(132)) - The storage directory /home/runner/work/ozone/ozone/mnt/ozone/hadoop-ozone/integration-test/target/test-dir/MiniOzoneClusterImpl-b2c6a007-39d2-4e45-b76c-321c7ba85e11/datanode-2/data/ratis/8acf67c8-2638-45cc-a5e1-bf0ffbb7682e does not exist. Creating ...
2021-07-20 05:56:01,364 [pool-133-thread-1] INFO  storage.RaftStorageDirectory (RaftStorageDirectoryImpl.java:tryLock(215)) - Lock on /home/runner/work/ozone/ozone/mnt/ozone/hadoop-ozone/integration-test/target/test-dir/MiniOzoneClusterImpl-b2c6a007-39d2-4e45-b76c-321c7ba85e11/datanode-2/data/ratis/8acf67c8-2638-45cc-a5e1-bf0ffbb7682e/in_use.lock acquired by nodename 3531@fv-az291-163
2021-07-20 05:56:01,365 [pool-133-thread-1] INFO  storage.RaftStorage (RaftStorageImpl.java:format(87)) - Storage directory /home/runner/work/ozone/ozone/mnt/ozone/hadoop-ozone/integration-test/target/test-dir/MiniOzoneClusterImpl-b2c6a007-39d2-4e45-b76c-321c7ba85e11/datanode-2/data/ratis/8acf67c8-2638-45cc-a5e1-bf0ffbb7682e has been successfully formatted.
2021-07-20 05:56:01,372 [pool-133-thread-1] INFO  ratis.ContainerStateMachine (ContainerStateMachine.java:loadSnapshot(223)) - group-BF0FFBB7682E: The snapshot info is null. Setting the last applied indexto:(t:0, i:~)
2021-07-20 05:56:01,372 [pool-133-thread-1] INFO  server.RaftServerConfigKeys (ConfUtils.java:logGet(44)) - raft.server.notification.no-leader.timeout = 300s (custom)
2021-07-20 05:56:01,372 [pool-133-thread-1] INFO  server.RaftServerConfigKeys (ConfUtils.java:logGet(44)) - raft.server.log.use.memory = false (default)
2021-07-20 05:56:01,372 [pool-133-thread-1] INFO  server.RaftServerConfigKeys (ConfUtils.java:logGet(44)) - raft.server.log.purge.gap = 1000000 (custom)
2021-07-20 05:56:01,372 [pool-133-thread-1] INFO  server.RaftServerConfigKeys (ConfUtils.java:logGet(44)) - raft.server.log.appender.buffer.byte-limit = 33554432 (custom)
2021-07-20 05:56:01,372 [pool-133-thread-1] INFO  metrics.RatisMetrics (RatisMetrics.java:lambda$create$0(36)) - Creating Metrics Registry : ratis.log_worker.577e6845-c807-4eb8-9332-2f265641e0df@group-BF0FFBB7682E
2021-07-20 05:56:01,372 [pool-133-thread-1] INFO  server.RaftServerConfigKeys (ConfUtils.java:logGet(44)) - raft.server.log.segment.size.max = 1048576 (custom)
2021-07-20 05:56:01,373 [pool-133-thread-1] INFO  server.RaftServerConfigKeys (ConfUtils.java:logGet(44)) - raft.server.log.segment.cache.num.max = 2 (custom)
2021-07-20 05:56:01,373 [pool-133-thread-1] INFO  server.RaftServerConfigKeys (ConfUtils.java:logGet(44)) - raft.server.log.segment.cache.size.max = 200MB (=209715200) (default)
2021-07-20 05:56:01,373 [pool-133-thread-1] INFO  segmented.SegmentedRaftLogWorker (SegmentedRaftLogWorker.java:<init>(182)) - new 577e6845-c807-4eb8-9332-2f265641e0df@group-BF0FFBB7682E-SegmentedRaftLogWorker for RaftStorageImpl:Storage Directory /home/runner/work/ozone/ozone/mnt/ozone/hadoop-ozone/integration-test/target/test-dir/MiniOzoneClusterImpl-b2c6a007-39d2-4e45-b76c-321c7ba85e11/datanode-2/data/ratis/8acf67c8-2638-45cc-a5e1-bf0ffbb7682e
2021-07-20 05:56:01,373 [pool-133-thread-1] INFO  server.RaftServerConfigKeys (ConfUtils.java:logGet(44)) - raft.server.log.queue.byte-limit = 2147483647 (custom)
2021-07-20 05:56:01,373 [pool-133-thread-1] INFO  server.RaftServerConfigKeys (ConfUtils.java:logGet(44)) - raft.server.log.queue.element-limit = 1024 (custom)
2021-07-20 05:56:01,373 [pool-133-thread-1] INFO  server.RaftServerConfigKeys (ConfUtils.java:logGet(44)) - raft.server.log.segment.size.max = 1048576 (custom)
2021-07-20 05:56:01,373 [pool-133-thread-1] INFO  server.RaftServerConfigKeys (ConfUtils.java:logGet(44)) - raft.server.log.preallocated.size = 16384 (custom)
2021-07-20 05:56:01,373 [pool-133-thread-1] INFO  server.RaftServerConfigKeys (ConfUtils.java:logGet(44)) - raft.server.log.force.sync.num = 128 (default)
2021-07-20 05:56:01,373 [pool-133-thread-1] INFO  server.RaftServerConfigKeys (ConfUtils.java:logGet(44)) - raft.server.log.statemachine.data.sync = true (default)
2021-07-20 05:56:01,373 [pool-133-thread-1] INFO  server.RaftServerConfigKeys (ConfUtils.java:logGet(44)) - raft.server.log.statemachine.data.sync.timeout = 10s (default)
2021-07-20 05:56:01,373 [pool-133-thread-1] INFO  server.RaftServerConfigKeys (ConfUtils.java:logGet(44)) - raft.server.log.statemachine.data.sync.timeout.retry = -1 (default)
2021-07-20 05:56:01,374 [pool-133-thread-1] INFO  server.RaftServerConfigKeys (ConfUtils.java:logGet(44)) - raft.server.log.write.buffer.size = 1048576 (custom)
2021-07-20 05:56:01,375 [pool-133-thread-1] INFO  server.RaftServerConfigKeys (ConfUtils.java:logGet(44)) - raft.server.log.statemachine.data.caching.enabled = true (custom)
2021-07-20 05:56:01,375 [pool-133-thread-1] INFO  segmented.SegmentedRaftLogWorker (SegmentedRaftLogWorker.java:lambda$new$0(133)) - 577e6845-c807-4eb8-9332-2f265641e0df@group-BF0FFBB7682E-SegmentedRaftLogWorker: flushIndex: setUnconditionally 0 -> -1
2021-07-20 05:56:01,375 [pool-133-thread-1] INFO  segmented.SegmentedRaftLogWorker (SegmentedRaftLogWorker.java:lambda$new$0(133)) - 577e6845-c807-4eb8-9332-2f265641e0df@group-BF0FFBB7682E-SegmentedRaftLogWorker: safeCacheEvictIndex: setUnconditionally 0 -> -1
2021-07-20 05:56:01,377 [pool-133-thread-1] INFO  server.RaftServerConfigKeys (ConfUtils.java:logGet(44)) - raft.server.snapshot.auto.trigger.enabled = true (custom)
2021-07-20 05:56:01,378 [pool-133-thread-1] INFO  server.RaftServerConfigKeys (ConfUtils.java:logGet(44)) - raft.server.snapshot.auto.trigger.threshold = 10000 (custom)
2021-07-20 05:56:01,378 [pool-133-thread-1] INFO  server.RaftServerConfigKeys (ConfUtils.java:logGet(44)) - raft.server.snapshot.retention.file.num = 5 (custom)
2021-07-20 05:56:01,378 [pool-133-thread-1] INFO  server.RaftServerConfigKeys (ConfUtils.java:logGet(44)) - raft.server.log.purge.upto.snapshot.index = false (default)
2021-07-20 05:56:01,380 [pool-133-thread-1] INFO  server.RaftServerConfigKeys (ConfUtils.java:logGet(44)) - raft.server.retrycache.expirytime = 600000ms (custom)
2021-07-20 05:56:01,380 [pool-133-thread-1] INFO  server.RaftServerConfigKeys (ConfUtils.java:logGet(44)) - raft.server.retrycache.statistics.expirytime = 100μs (default)
2021-07-20 05:56:01,380 [pool-133-thread-1] INFO  metrics.RatisMetrics (RatisMetrics.java:lambda$create$0(36)) - Creating Metrics Registry : ratis.leader_election.577e6845-c807-4eb8-9332-2f265641e0df@group-BF0FFBB7682E
2021-07-20 05:56:01,380 [pool-133-thread-1] INFO  metrics.RatisMetrics (RatisMetrics.java:lambda$create$0(36)) - Creating Metrics Registry : ratis.server.577e6845-c807-4eb8-9332-2f265641e0df@group-BF0FFBB7682E
2021-07-20 05:56:01,381 [pool-133-thread-1] INFO  server.RaftServer$Division (RaftServerImpl.java:start(295)) - 577e6845-c807-4eb8-9332-2f265641e0df@group-BF0FFBB7682E: start as a follower, conf=-1: [9faaa3cd-c518-4f7b-b785-ee74f85cb545|rpc:127.0.0.1:34605|dataStream:|priority:0, 06501cb2-b233-4740-8c26-b46265537cb4|rpc:127.0.0.1:38707|dataStream:|priority:1, 577e6845-c807-4eb8-9332-2f265641e0df|rpc:127.0.0.1:36047|dataStream:|priority:0], old=null
2021-07-20 05:56:01,381 [pool-133-thread-1] INFO  server.RaftServer$Division (RaftServerImpl.java:setRole(284)) - 577e6845-c807-4eb8-9332-2f265641e0df@group-BF0FFBB7682E: changes role from      null to FOLLOWER at term 0 for startAsFollower
2021-07-20 05:56:01,381 [pool-133-thread-1] INFO  impl.RoleInfo (RoleInfo.java:updateAndGet(130)) - 577e6845-c807-4eb8-9332-2f265641e0df: start 577e6845-c807-4eb8-9332-2f265641e0df@group-BF0FFBB7682E-FollowerState
2021-07-20 05:56:01,387 [pool-133-thread-1] INFO  util.JmxRegister (JmxRegister.java:tryRegister(44)) - Successfully registered JMX Bean with object name Ratis:service=RaftServer,group=group-BF0FFBB7682E,id=577e6845-c807-4eb8-9332-2f265641e0df
2021-07-20 05:56:01,388 [pool-133-thread-1] INFO  metrics.RatisMetrics (RatisMetrics.java:lambda$create$0(36)) - Creating Metrics Registry : ratis.state_machine.577e6845-c807-4eb8-9332-2f265641e0df@group-BF0FFBB7682E
2021-07-20 05:56:01,404 [Command processor thread] INFO  commandhandler.CreatePipelineCommandHandler (CreatePipelineCommandHandler.java:handle(106)) - Created Pipeline RATIS THREE PipelineID=8acf67c8-2638-45cc-a5e1-bf0ffbb7682e.
2021-07-20 05:56:01,404 [Command processor thread] INFO  server.RaftServer (RaftServerProxy.java:addNew(95)) - 9faaa3cd-c518-4f7b-b785-ee74f85cb545: addNew group-EC3C46D17947:[9faaa3cd-c518-4f7b-b785-ee74f85cb545|rpc:127.0.0.1:34605|priority:1, 06501cb2-b233-4740-8c26-b46265537cb4|rpc:127.0.0.1:38707|priority:0, 577e6845-c807-4eb8-9332-2f265641e0df|rpc:127.0.0.1:36047|priority:0] returns group-EC3C46D17947:java.util.concurrent.CompletableFuture@1b1d9adb[Not completed]
2021-07-20 05:56:01,404 [Command processor thread] INFO  server.RaftServer (RaftServerProxy.java:addNew(95)) - 06501cb2-b233-4740-8c26-b46265537cb4: addNew group-D7289490AADC:[06501cb2-b233-4740-8c26-b46265537cb4|rpc:127.0.0.1:38707|priority:1] returns group-D7289490AADC:java.util.concurrent.CompletableFuture@87258ef[Not completed]
2021-07-20 05:56:01,405 [pool-113-thread-1] INFO  server.RaftServer$Division (RaftServerImpl.java:<init>(180)) - 06501cb2-b233-4740-8c26-b46265537cb4: new RaftServerImpl for group-D7289490AADC:[06501cb2-b233-4740-8c26-b46265537cb4|rpc:127.0.0.1:38707|priority:1] with ContainerStateMachine:uninitialized
2021-07-20 05:56:01,405 [pool-113-thread-1] INFO  server.RaftServerConfigKeys (ConfUtils.java:logGet(44)) - raft.server.rpc.timeout.min = 5s (custom)
2021-07-20 05:56:01,405 [pool-113-thread-1] INFO  server.RaftServerConfigKeys (ConfUtils.java:logGet(44)) - raft.server.rpc.timeout.max = 5200ms (custom)
2021-07-20 05:56:01,405 [pool-113-thread-1] INFO  server.RaftServerConfigKeys (ConfUtils.java:logGet(44)) - raft.server.rpc.sleep.time = 25ms (default)
2021-07-20 05:56:01,405 [pool-113-thread-1] INFO  server.RaftServerConfigKeys (ConfUtils.java:logGet(44)) - raft.server.rpc.slowness.timeout = 300s (custom)
2021-07-20 05:56:01,405 [pool-113-thread-1] INFO  server.RaftServerConfigKeys (ConfUtils.java:logGet(44)) - raft.server.leaderelection.leader.step-down.wait-time = 10s (default)
2021-07-20 05:56:01,405 [pool-113-thread-1] INFO  server.RaftServerConfigKeys (ConfUtils.java:logGet(44)) - raft.server.sleep.deviation.threshold = 300ms (default)
2021-07-20 05:56:01,405 [pool-113-thread-1] INFO  server.RaftServerConfigKeys (ConfUtils.java:logGet(44)) - raft.server.log.appender.install.snapshot.enabled = false (custom)
2021-07-20 05:56:01,405 [pool-113-thread-1] INFO  server.RaftServer$Division (ServerState.java:<init>(105)) - 06501cb2-b233-4740-8c26-b46265537cb4@group-D7289490AADC: ConfigurationManager, init=-1: [06501cb2-b233-4740-8c26-b46265537cb4|rpc:127.0.0.1:38707|priority:1], old=null, confs=<EMPTY_MAP>
2021-07-20 05:56:01,405 [pool-113-thread-1] INFO  server.RaftServerConfigKeys (ConfUtils.java:logGet(44)) - raft.server.storage.dir = [/home/runner/work/ozone/ozone/mnt/ozone/hadoop-ozone/integration-test/target/test-dir/MiniOzoneClusterImpl-b2c6a007-39d2-4e45-b76c-321c7ba85e11/datanode-1/data/ratis] (custom)
2021-07-20 05:56:01,406 [pool-113-thread-1] INFO  server.RaftServerConfigKeys (ConfUtils.java:logGet(44)) - raft.server.log.corruption.policy = EXCEPTION (default)
2021-07-20 05:56:01,406 [pool-113-thread-1] INFO  storage.RaftStorageDirectory (RaftStorageDirectoryImpl.java:analyzeStorage(132)) - The storage directory /home/runner/work/ozone/ozone/mnt/ozone/hadoop-ozone/integration-test/target/test-dir/MiniOzoneClusterImpl-b2c6a007-39d2-4e45-b76c-321c7ba85e11/datanode-1/data/ratis/0a9fe81c-ba3f-4f81-9976-d7289490aadc does not exist. Creating ...
2021-07-20 05:56:01,407 [pool-93-thread-1] INFO  server.RaftServer$Division (RaftServerImpl.java:<init>(180)) - 9faaa3cd-c518-4f7b-b785-ee74f85cb545: new RaftServerImpl for group-EC3C46D17947:[9faaa3cd-c518-4f7b-b785-ee74f85cb545|rpc:127.0.0.1:34605|priority:1, 06501cb2-b233-4740-8c26-b46265537cb4|rpc:127.0.0.1:38707|priority:0, 577e6845-c807-4eb8-9332-2f265641e0df|rpc:127.0.0.1:36047|priority:0] with ContainerStateMachine:uninitialized
2021-07-20 05:56:01,407 [pool-93-thread-1] INFO  server.RaftServerConfigKeys (ConfUtils.java:logGet(44)) - raft.server.rpc.timeout.min = 5s (custom)
2021-07-20 05:56:01,407 [pool-93-thread-1] INFO  server.RaftServerConfigKeys (ConfUtils.java:logGet(44)) - raft.server.rpc.timeout.max = 5200ms (custom)
2021-07-20 05:56:01,407 [pool-93-thread-1] INFO  server.RaftServerConfigKeys (ConfUtils.java:logGet(44)) - raft.server.rpc.sleep.time = 25ms (default)
2021-07-20 05:56:01,407 [pool-113-thread-1] INFO  storage.RaftStorageDirectory (RaftStorageDirectoryImpl.java:tryLock(215)) - Lock on /home/runner/work/ozone/ozone/mnt/ozone/hadoop-ozone/integration-test/target/test-dir/MiniOzoneClusterImpl-b2c6a007-39d2-4e45-b76c-321c7ba85e11/datanode-1/data/ratis/0a9fe81c-ba3f-4f81-9976-d7289490aadc/in_use.lock acquired by nodename 3531@fv-az291-163
2021-07-20 05:56:01,407 [pool-93-thread-1] INFO  server.RaftServerConfigKeys (ConfUtils.java:logGet(44)) - raft.server.rpc.slowness.timeout = 300s (custom)
2021-07-20 05:56:01,407 [pool-93-thread-1] INFO  server.RaftServerConfigKeys (ConfUtils.java:logGet(44)) - raft.server.leaderelection.leader.step-down.wait-time = 10s (default)
2021-07-20 05:56:01,407 [pool-93-thread-1] INFO  server.RaftServerConfigKeys (ConfUtils.java:logGet(44)) - raft.server.sleep.deviation.threshold = 300ms (default)
2021-07-20 05:56:01,407 [pool-93-thread-1] INFO  server.RaftServerConfigKeys (ConfUtils.java:logGet(44)) - raft.server.log.appender.install.snapshot.enabled = false (custom)
2021-07-20 05:56:01,407 [pool-93-thread-1] INFO  server.RaftServer$Division (ServerState.java:<init>(105)) - 9faaa3cd-c518-4f7b-b785-ee74f85cb545@group-EC3C46D17947: ConfigurationManager, init=-1: [9faaa3cd-c518-4f7b-b785-ee74f85cb545|rpc:127.0.0.1:34605|priority:1, 06501cb2-b233-4740-8c26-b46265537cb4|rpc:127.0.0.1:38707|priority:0, 577e6845-c807-4eb8-9332-2f265641e0df|rpc:127.0.0.1:36047|priority:0], old=null, confs=<EMPTY_MAP>
2021-07-20 05:56:01,407 [pool-93-thread-1] INFO  server.RaftServerConfigKeys (ConfUtils.java:logGet(44)) - raft.server.storage.dir = [/home/runner/work/ozone/ozone/mnt/ozone/hadoop-ozone/integration-test/target/test-dir/MiniOzoneClusterImpl-b2c6a007-39d2-4e45-b76c-321c7ba85e11/datanode-0/data/ratis] (custom)
2021-07-20 05:56:01,407 [pool-93-thread-1] INFO  server.RaftServerConfigKeys (ConfUtils.java:logGet(44)) - raft.server.log.corruption.policy = EXCEPTION (default)
2021-07-20 05:56:01,408 [pool-93-thread-1] INFO  storage.RaftStorageDirectory (RaftStorageDirectoryImpl.java:analyzeStorage(132)) - The storage directory /home/runner/work/ozone/ozone/mnt/ozone/hadoop-ozone/integration-test/target/test-dir/MiniOzoneClusterImpl-b2c6a007-39d2-4e45-b76c-321c7ba85e11/datanode-0/data/ratis/0848a5c2-03b2-417e-bc69-ec3c46d17947 does not exist. Creating ...
2021-07-20 05:56:01,408 [pool-113-thread-1] INFO  storage.RaftStorage (RaftStorageImpl.java:format(87)) - Storage directory /home/runner/work/ozone/ozone/mnt/ozone/hadoop-ozone/integration-test/target/test-dir/MiniOzoneClusterImpl-b2c6a007-39d2-4e45-b76c-321c7ba85e11/datanode-1/data/ratis/0a9fe81c-ba3f-4f81-9976-d7289490aadc has been successfully formatted.
2021-07-20 05:56:01,410 [pool-93-thread-1] INFO  storage.RaftStorageDirectory (RaftStorageDirectoryImpl.java:tryLock(215)) - Lock on /home/runner/work/ozone/ozone/mnt/ozone/hadoop-ozone/integration-test/target/test-dir/MiniOzoneClusterImpl-b2c6a007-39d2-4e45-b76c-321c7ba85e11/datanode-0/data/ratis/0848a5c2-03b2-417e-bc69-ec3c46d17947/in_use.lock acquired by nodename 3531@fv-az291-163
2021-07-20 05:56:01,410 [EventQueue-PipelineReportForPipelineReportHandler] INFO  pipeline.PipelineManagerV2Impl (PipelineManagerV2Impl.java:openPipeline(283)) - Pipeline Pipeline[ Id: 0a9fe81c-ba3f-4f81-9976-d7289490aadc, Nodes: 06501cb2-b233-4740-8c26-b46265537cb4{ip: 127.0.0.1, host: localhost, ports: [REPLICATION=33091, RATIS=38707, RATIS_ADMIN=38707, RATIS_SERVER=38707, STANDALONE=35679], networkLocation: /default-rack, certSerialId: null, persistedOpState: IN_SERVICE, persistedOpStateExpiryEpochSec: 0}, ReplicationConfig: RATIS/ONE, State:ALLOCATED, leaderId:06501cb2-b233-4740-8c26-b46265537cb4, CreationTimestamp2021-07-20T05:55:58.410Z[Etc/UTC]] moved to OPEN state
2021-07-20 05:56:01,410 [pool-113-thread-1] INFO  ratis.ContainerStateMachine (ContainerStateMachine.java:loadSnapshot(223)) - group-D7289490AADC: The snapshot info is null. Setting the last applied indexto:(t:0, i:~)
2021-07-20 05:56:01,411 [pool-113-thread-1] INFO  server.RaftServerConfigKeys (ConfUtils.java:logGet(44)) - raft.server.notification.no-leader.timeout = 300s (custom)
2021-07-20 05:56:01,411 [pool-113-thread-1] INFO  server.RaftServerConfigKeys (ConfUtils.java:logGet(44)) - raft.server.log.use.memory = false (default)
2021-07-20 05:56:01,411 [pool-113-thread-1] INFO  server.RaftServerConfigKeys (ConfUtils.java:logGet(44)) - raft.server.log.purge.gap = 1000000 (custom)
2021-07-20 05:56:01,411 [pool-113-thread-1] INFO  server.RaftServerConfigKeys (ConfUtils.java:logGet(44)) - raft.server.log.appender.buffer.byte-limit = 33554432 (custom)
2021-07-20 05:56:01,411 [pool-113-thread-1] INFO  metrics.RatisMetrics (RatisMetrics.java:lambda$create$0(36)) - Creating Metrics Registry : ratis.log_worker.06501cb2-b233-4740-8c26-b46265537cb4@group-D7289490AADC
2021-07-20 05:56:01,411 [pool-113-thread-1] INFO  server.RaftServerConfigKeys (ConfUtils.java:logGet(44)) - raft.server.log.segment.size.max = 1048576 (custom)
2021-07-20 05:56:01,411 [pool-93-thread-1] INFO  storage.RaftStorage (RaftStorageImpl.java:format(87)) - Storage directory /home/runner/work/ozone/ozone/mnt/ozone/hadoop-ozone/integration-test/target/test-dir/MiniOzoneClusterImpl-b2c6a007-39d2-4e45-b76c-321c7ba85e11/datanode-0/data/ratis/0848a5c2-03b2-417e-bc69-ec3c46d17947 has been successfully formatted.
2021-07-20 05:56:01,411 [EventQueue-PipelineReportForPipelineReportHandler] INFO  ha.SCMHAInvocationHandler (SCMHAInvocationHandler.java:invokeRatis(113)) - Invoking method public abstract void org.apache.hadoop.hdds.scm.pipeline.StateManager.updatePipelineState(org.apache.hadoop.hdds.protocol.proto.HddsProtos$PipelineID,org.apache.hadoop.hdds.protocol.proto.HddsProtos$PipelineState) throws java.io.IOException on target org.apache.hadoop.hdds.scm.ha.SCMRatisServerImpl@51f543ee, cost 414.725us
2021-07-20 05:56:01,416 [pool-93-thread-1] INFO  ratis.ContainerStateMachine (ContainerStateMachine.java:loadSnapshot(223)) - group-EC3C46D17947: The snapshot info is null. Setting the last applied indexto:(t:0, i:~)
2021-07-20 05:56:01,416 [pool-93-thread-1] INFO  server.RaftServerConfigKeys (ConfUtils.java:logGet(44)) - raft.server.notification.no-leader.timeout = 300s (custom)
2021-07-20 05:56:01,416 [pool-93-thread-1] INFO  server.RaftServerConfigKeys (ConfUtils.java:logGet(44)) - raft.server.log.use.memory = false (default)
2021-07-20 05:56:01,417 [pool-93-thread-1] INFO  server.RaftServerConfigKeys (ConfUtils.java:logGet(44)) - raft.server.log.purge.gap = 1000000 (custom)
2021-07-20 05:56:01,417 [pool-93-thread-1] INFO  server.RaftServerConfigKeys (ConfUtils.java:logGet(44)) - raft.server.log.appender.buffer.byte-limit = 33554432 (custom)
2021-07-20 05:56:01,417 [pool-93-thread-1] INFO  metrics.RatisMetrics (RatisMetrics.java:lambda$create$0(36)) - Creating Metrics Registry : ratis.log_worker.9faaa3cd-c518-4f7b-b785-ee74f85cb545@group-EC3C46D17947
2021-07-20 05:56:01,417 [pool-93-thread-1] INFO  server.RaftServerConfigKeys (ConfUtils.java:logGet(44)) - raft.server.log.segment.size.max = 1048576 (custom)
2021-07-20 05:56:01,417 [pool-93-thread-1] INFO  server.RaftServerConfigKeys (ConfUtils.java:logGet(44)) - raft.server.log.segment.cache.num.max = 2 (custom)
2021-07-20 05:56:01,417 [pool-93-thread-1] INFO  server.RaftServerConfigKeys (ConfUtils.java:logGet(44)) - raft.server.log.segment.cache.size.max = 200MB (=209715200) (default)
2021-07-20 05:56:01,417 [pool-93-thread-1] INFO  segmented.SegmentedRaftLogWorker (SegmentedRaftLogWorker.java:<init>(182)) - new 9faaa3cd-c518-4f7b-b785-ee74f85cb545@group-EC3C46D17947-SegmentedRaftLogWorker for RaftStorageImpl:Storage Directory /home/runner/work/ozone/ozone/mnt/ozone/hadoop-ozone/integration-test/target/test-dir/MiniOzoneClusterImpl-b2c6a007-39d2-4e45-b76c-321c7ba85e11/datanode-0/data/ratis/0848a5c2-03b2-417e-bc69-ec3c46d17947
2021-07-20 05:56:01,418 [pool-93-thread-1] INFO  server.RaftServerConfigKeys (ConfUtils.java:logGet(44)) - raft.server.log.queue.byte-limit = 2147483647 (custom)
2021-07-20 05:56:01,418 [pool-93-thread-1] INFO  server.RaftServerConfigKeys (ConfUtils.java:logGet(44)) - raft.server.log.queue.element-limit = 1024 (custom)
2021-07-20 05:56:01,418 [pool-93-thread-1] INFO  server.RaftServerConfigKeys (ConfUtils.java:logGet(44)) - raft.server.log.segment.size.max = 1048576 (custom)
2021-07-20 05:56:01,418 [pool-93-thread-1] INFO  server.RaftServerConfigKeys (ConfUtils.java:logGet(44)) - raft.server.log.preallocated.size = 16384 (custom)
2021-07-20 05:56:01,418 [pool-93-thread-1] INFO  server.RaftServerConfigKeys (ConfUtils.java:logGet(44)) - raft.server.log.force.sync.num = 128 (default)
2021-07-20 05:56:01,418 [pool-93-thread-1] INFO  server.RaftServerConfigKeys (ConfUtils.java:logGet(44)) - raft.server.log.statemachine.data.sync = true (default)
2021-07-20 05:56:01,418 [pool-93-thread-1] INFO  server.RaftServerConfigKeys (ConfUtils.java:logGet(44)) - raft.server.log.statemachine.data.sync.timeout = 10s (default)
2021-07-20 05:56:01,418 [pool-93-thread-1] INFO  server.RaftServerConfigKeys (ConfUtils.java:logGet(44)) - raft.server.log.statemachine.data.sync.timeout.retry = -1 (default)
2021-07-20 05:56:01,419 [EventQueue-PipelineReportForPipelineReportHandler] INFO  pipeline.PipelineManagerV2Impl (PipelineManagerV2Impl.java:openPipeline(283)) - Pipeline Pipeline[ Id: 0a9fe81c-ba3f-4f81-9976-d7289490aadc, Nodes: 06501cb2-b233-4740-8c26-b46265537cb4{ip: 127.0.0.1, host: localhost, ports: [REPLICATION=33091, RATIS=38707, RATIS_ADMIN=38707, RATIS_SERVER=38707, STANDALONE=35679], networkLocation: /default-rack, certSerialId: null, persistedOpState: IN_SERVICE, persistedOpStateExpiryEpochSec: 0}, ReplicationConfig: RATIS/ONE, State:ALLOCATED, leaderId:06501cb2-b233-4740-8c26-b46265537cb4, CreationTimestamp2021-07-20T05:55:58.410Z[Etc/UTC]] moved to OPEN state
2021-07-20 05:56:01,419 [pool-113-thread-1] INFO  server.RaftServerConfigKeys (ConfUtils.java:logGet(44)) - raft.server.log.segment.cache.num.max = 2 (custom)
2021-07-20 05:56:01,419 [pool-113-thread-1] INFO  server.RaftServerConfigKeys (ConfUtils.java:logGet(44)) - raft.server.log.segment.cache.size.max = 200MB (=209715200) (default)
2021-07-20 05:56:01,419 [pool-113-thread-1] INFO  segmented.SegmentedRaftLogWorker (SegmentedRaftLogWorker.java:<init>(182)) - new 06501cb2-b233-4740-8c26-b46265537cb4@group-D7289490AADC-SegmentedRaftLogWorker for RaftStorageImpl:Storage Directory /home/runner/work/ozone/ozone/mnt/ozone/hadoop-ozone/integration-test/target/test-dir/MiniOzoneClusterImpl-b2c6a007-39d2-4e45-b76c-321c7ba85e11/datanode-1/data/ratis/0a9fe81c-ba3f-4f81-9976-d7289490aadc
2021-07-20 05:56:01,420 [pool-113-thread-1] INFO  server.RaftServerConfigKeys (ConfUtils.java:logGet(44)) - raft.server.log.queue.byte-limit = 2147483647 (custom)
2021-07-20 05:56:01,420 [pool-113-thread-1] INFO  server.RaftServerConfigKeys (ConfUtils.java:logGet(44)) - raft.server.log.queue.element-limit = 1024 (custom)
2021-07-20 05:56:01,420 [pool-113-thread-1] INFO  server.RaftServerConfigKeys (ConfUtils.java:logGet(44)) - raft.server.log.segment.size.max = 1048576 (custom)
2021-07-20 05:56:01,420 [pool-113-thread-1] INFO  server.RaftServerConfigKeys (ConfUtils.java:logGet(44)) - raft.server.log.preallocated.size = 16384 (custom)
2021-07-20 05:56:01,420 [pool-113-thread-1] INFO  server.RaftServerConfigKeys (ConfUtils.java:logGet(44)) - raft.server.log.force.sync.num = 128 (default)
2021-07-20 05:56:01,420 [pool-113-thread-1] INFO  server.RaftServerConfigKeys (ConfUtils.java:logGet(44)) - raft.server.log.statemachine.data.sync = true (default)
2021-07-20 05:56:01,420 [pool-113-thread-1] INFO  server.RaftServerConfigKeys (ConfUtils.java:logGet(44)) - raft.server.log.statemachine.data.sync.timeout = 10s (default)
2021-07-20 05:56:01,420 [pool-113-thread-1] INFO  server.RaftServerConfigKeys (ConfUtils.java:logGet(44)) - raft.server.log.statemachine.data.sync.timeout.retry = -1 (default)
2021-07-20 05:56:01,422 [pool-113-thread-1] INFO  server.RaftServerConfigKeys (ConfUtils.java:logGet(44)) - raft.server.log.write.buffer.size = 1048576 (custom)
2021-07-20 05:56:01,423 [pool-113-thread-1] INFO  server.RaftServerConfigKeys (ConfUtils.java:logGet(44)) - raft.server.log.statemachine.data.caching.enabled = true (custom)
2021-07-20 05:56:01,423 [pool-113-thread-1] INFO  segmented.SegmentedRaftLogWorker (SegmentedRaftLogWorker.java:lambda$new$0(133)) - 06501cb2-b233-4740-8c26-b46265537cb4@group-D7289490AADC-SegmentedRaftLogWorker: flushIndex: setUnconditionally 0 -> -1
2021-07-20 05:56:01,423 [pool-113-thread-1] INFO  segmented.SegmentedRaftLogWorker (SegmentedRaftLogWorker.java:lambda$new$0(133)) - 06501cb2-b233-4740-8c26-b46265537cb4@group-D7289490AADC-SegmentedRaftLogWorker: safeCacheEvictIndex: setUnconditionally 0 -> -1
2021-07-20 05:56:01,424 [pool-93-thread-1] INFO  server.RaftServerConfigKeys (ConfUtils.java:logGet(44)) - raft.server.log.write.buffer.size = 1048576 (custom)
2021-07-20 05:56:01,430 [pool-113-thread-1] INFO  server.RaftServerConfigKeys (ConfUtils.java:logGet(44)) - raft.server.snapshot.auto.trigger.enabled = true (custom)
2021-07-20 05:56:01,430 [pool-113-thread-1] INFO  server.RaftServerConfigKeys (ConfUtils.java:logGet(44)) - raft.server.snapshot.auto.trigger.threshold = 10000 (custom)
2021-07-20 05:56:01,430 [pool-113-thread-1] INFO  server.RaftServerConfigKeys (ConfUtils.java:logGet(44)) - raft.server.snapshot.retention.file.num = 5 (custom)
2021-07-20 05:56:01,430 [pool-113-thread-1] INFO  server.RaftServerConfigKeys (ConfUtils.java:logGet(44)) - raft.server.log.purge.upto.snapshot.index = false (default)
2021-07-20 05:56:01,430 [pool-113-thread-1] INFO  server.RaftServerConfigKeys (ConfUtils.java:logGet(44)) - raft.server.retrycache.expirytime = 600000ms (custom)
2021-07-20 05:56:01,430 [pool-113-thread-1] INFO  server.RaftServerConfigKeys (ConfUtils.java:logGet(44)) - raft.server.retrycache.statistics.expirytime = 100μs (default)
2021-07-20 05:56:01,430 [pool-113-thread-1] INFO  metrics.RatisMetrics (RatisMetrics.java:lambda$create$0(36)) - Creating Metrics Registry : ratis.leader_election.06501cb2-b233-4740-8c26-b46265537cb4@group-D7289490AADC
2021-07-20 05:56:01,430 [pool-93-thread-1] INFO  server.RaftServerConfigKeys (ConfUtils.java:logGet(44)) - raft.server.log.statemachine.data.caching.enabled = true (custom)
2021-07-20 05:56:01,430 [pool-113-thread-1] INFO  metrics.RatisMetrics (RatisMetrics.java:lambda$create$0(36)) - Creating Metrics Registry : ratis.server.06501cb2-b233-4740-8c26-b46265537cb4@group-D7289490AADC
2021-07-20 05:56:01,431 [pool-93-thread-1] INFO  segmented.SegmentedRaftLogWorker (SegmentedRaftLogWorker.java:lambda$new$0(133)) - 9faaa3cd-c518-4f7b-b785-ee74f85cb545@group-EC3C46D17947-SegmentedRaftLogWorker: flushIndex: setUnconditionally 0 -> -1
2021-07-20 05:56:01,431 [pool-93-thread-1] INFO  segmented.SegmentedRaftLogWorker (SegmentedRaftLogWorker.java:lambda$new$0(133)) - 9faaa3cd-c518-4f7b-b785-ee74f85cb545@group-EC3C46D17947-SegmentedRaftLogWorker: safeCacheEvictIndex: setUnconditionally 0 -> -1
2021-07-20 05:56:01,431 [pool-113-thread-1] INFO  server.RaftServer$Division (RaftServerImpl.java:start(295)) - 06501cb2-b233-4740-8c26-b46265537cb4@group-D7289490AADC: start as a follower, conf=-1: [06501cb2-b233-4740-8c26-b46265537cb4|rpc:127.0.0.1:38707|priority:1], old=null
2021-07-20 05:56:01,431 [pool-113-thread-1] INFO  server.RaftServer$Division (RaftServerImpl.java:setRole(284)) - 06501cb2-b233-4740-8c26-b46265537cb4@group-D7289490AADC: changes role from      null to FOLLOWER at term 0 for startAsFollower
2021-07-20 05:56:01,431 [pool-93-thread-1] INFO  server.RaftServerConfigKeys (ConfUtils.java:logGet(44)) - raft.server.snapshot.auto.trigger.enabled = true (custom)
2021-07-20 05:56:01,431 [pool-93-thread-1] INFO  server.RaftServerConfigKeys (ConfUtils.java:logGet(44)) - raft.server.snapshot.auto.trigger.threshold = 10000 (custom)
2021-07-20 05:56:01,431 [pool-113-thread-1] INFO  impl.RoleInfo (RoleInfo.java:updateAndGet(130)) - 06501cb2-b233-4740-8c26-b46265537cb4: start 06501cb2-b233-4740-8c26-b46265537cb4@group-D7289490AADC-FollowerState
2021-07-20 05:56:01,432 [pool-93-thread-1] INFO  server.RaftServerConfigKeys (ConfUtils.java:logGet(44)) - raft.server.snapshot.retention.file.num = 5 (custom)
2021-07-20 05:56:01,432 [pool-93-thread-1] INFO  server.RaftServerConfigKeys (ConfUtils.java:logGet(44)) - raft.server.log.purge.upto.snapshot.index = false (default)
2021-07-20 05:56:01,432 [pool-113-thread-1] INFO  util.JmxRegister (JmxRegister.java:tryRegister(44)) - Successfully registered JMX Bean with object name Ratis:service=RaftServer,group=group-D7289490AADC,id=06501cb2-b233-4740-8c26-b46265537cb4
2021-07-20 05:56:01,432 [pool-113-thread-1] INFO  metrics.RatisMetrics (RatisMetrics.java:lambda$create$0(36)) - Creating Metrics Registry : ratis.state_machine.06501cb2-b233-4740-8c26-b46265537cb4@group-D7289490AADC
2021-07-20 05:56:01,434 [Command processor thread] INFO  ratis.XceiverServerRatis (XceiverServerRatis.java:addGroup(759)) - Created group PipelineID=0a9fe81c-ba3f-4f81-9976-d7289490aadc
2021-07-20 05:56:01,436 [a3de057e-22ba-4f20-867a-3c0291662fe2@group-321C7BA85E11-StateMachineUpdater] INFO  safemode.HealthyPipelineSafeModeRule (HealthyPipelineSafeModeRule.java:initializeRule(152)) - Refreshed total pipeline count is 0, healthy pipeline threshold count is 1
2021-07-20 05:56:01,437 [a3de057e-22ba-4f20-867a-3c0291662fe2@group-321C7BA85E11-StateMachineUpdater] INFO  ha.SCMStateMachine (SCMStateMachine.java:takeSnapshot(290)) - Current Snapshot Index 19, takeSnapshot took 0 ms
2021-07-20 05:56:01,437 [a3de057e-22ba-4f20-867a-3c0291662fe2@group-321C7BA85E11-StateMachineUpdater] INFO  impl.StateMachineUpdater (StateMachineUpdater.java:takeSnapshot(281)) - a3de057e-22ba-4f20-867a-3c0291662fe2@group-321C7BA85E11-StateMachineUpdater: Took a snapshot at index 19
2021-07-20 05:56:01,437 [a3de057e-22ba-4f20-867a-3c0291662fe2@group-321C7BA85E11-StateMachineUpdater] INFO  impl.StateMachineUpdater (StateMachineUpdater.java:lambda$new$0(89)) - a3de057e-22ba-4f20-867a-3c0291662fe2@group-321C7BA85E11-StateMachineUpdater: snapshotIndex: updateIncreasingly 14 -> 19
2021-07-20 05:56:01,437 [a3de057e-22ba-4f20-867a-3c0291662fe2@group-321C7BA85E11-StateMachineUpdater] INFO  raftlog.RaftLog (RaftLogBase.java:purge(306)) - a3de057e-22ba-4f20-867a-3c0291662fe2@group-321C7BA85E11-SegmentedRaftLog: purge 19
2021-07-20 05:56:01,437 [a3de057e-22ba-4f20-867a-3c0291662fe2@group-321C7BA85E11-StateMachineUpdater] INFO  raftlog.RaftLog (RaftLogBase.java:lambda$new$0(53)) - a3de057e-22ba-4f20-867a-3c0291662fe2@group-321C7BA85E11-SegmentedRaftLog: snapshotIndex: updateIncreasingly 14 -> 19
2021-07-20 05:56:01,437 [a3de057e-22ba-4f20-867a-3c0291662fe2@group-321C7BA85E11-StateMachineUpdater] INFO  raftlog.RaftLog (RaftLogBase.java:lambda$new$0(53)) - a3de057e-22ba-4f20-867a-3c0291662fe2@group-321C7BA85E11-SegmentedRaftLog: purgeIndex: updateToMax old=14, new=19, updated? true
2021-07-20 05:56:01,437 [EventQueue-PipelineReportForPipelineReportHandler] INFO  ha.SCMHAInvocationHandler (SCMHAInvocationHandler.java:invokeRatis(113)) - Invoking method public abstract void org.apache.hadoop.hdds.scm.pipeline.StateManager.updatePipelineState(org.apache.hadoop.hdds.protocol.proto.HddsProtos$PipelineID,org.apache.hadoop.hdds.protocol.proto.HddsProtos$PipelineState) throws java.io.IOException on target org.apache.hadoop.hdds.scm.ha.SCMRatisServerImpl@1a07937d, cost 17703.454us
2021-07-20 05:56:01,437 [EventQueue-OpenPipelineForHealthyPipelineSafeModeRule] INFO  safemode.SCMSafeModeManager (HealthyPipelineSafeModeRule.java:process(124)) - SCM in safe mode. Healthy pipelines reported count is 0, required healthy pipeline reported count is 1
2021-07-20 05:56:01,434 [Command processor thread] INFO  commandhandler.CreatePipelineCommandHandler (CreatePipelineCommandHandler.java:handle(106)) - Created Pipeline RATIS ONE PipelineID=0a9fe81c-ba3f-4f81-9976-d7289490aadc.
2021-07-20 05:56:01,440 [EventQueue-OpenPipelineForHealthyPipelineSafeModeRule] INFO  safemode.SCMSafeModeManager (HealthyPipelineSafeModeRule.java:process(124)) - SCM in safe mode. Healthy pipelines reported count is 0, required healthy pipeline reported count is 1
2021-07-20 05:56:01,440 [Command processor thread] INFO  server.RaftServer (RaftServerProxy.java:addNew(95)) - 06501cb2-b233-4740-8c26-b46265537cb4: addNew group-EC3C46D17947:[9faaa3cd-c518-4f7b-b785-ee74f85cb545|rpc:127.0.0.1:34605|priority:1, 06501cb2-b233-4740-8c26-b46265537cb4|rpc:127.0.0.1:38707|priority:0, 577e6845-c807-4eb8-9332-2f265641e0df|rpc:127.0.0.1:36047|priority:0] returns group-EC3C46D17947:java.util.concurrent.CompletableFuture@6b5b791[Not completed]
2021-07-20 05:56:01,441 [pool-113-thread-1] INFO  server.RaftServer$Division (RaftServerImpl.java:<init>(180)) - 06501cb2-b233-4740-8c26-b46265537cb4: new RaftServerImpl for group-EC3C46D17947:[9faaa3cd-c518-4f7b-b785-ee74f85cb545|rpc:127.0.0.1:34605|priority:1, 06501cb2-b233-4740-8c26-b46265537cb4|rpc:127.0.0.1:38707|priority:0, 577e6845-c807-4eb8-9332-2f265641e0df|rpc:127.0.0.1:36047|priority:0] with ContainerStateMachine:uninitialized
2021-07-20 05:56:01,441 [pool-113-thread-1] INFO  server.RaftServerConfigKeys (ConfUtils.java:logGet(44)) - raft.server.rpc.timeout.min = 5s (custom)
2021-07-20 05:56:01,441 [pool-113-thread-1] INFO  server.RaftServerConfigKeys (ConfUtils.java:logGet(44)) - raft.server.rpc.timeout.max = 5200ms (custom)
2021-07-20 05:56:01,441 [pool-113-thread-1] INFO  server.RaftServerConfigKeys (ConfUtils.java:logGet(44)) - raft.server.rpc.sleep.time = 25ms (default)
2021-07-20 05:56:01,441 [pool-113-thread-1] INFO  server.RaftServerConfigKeys (ConfUtils.java:logGet(44)) - raft.server.rpc.slowness.timeout = 300s (custom)
2021-07-20 05:56:01,441 [pool-113-thread-1] INFO  server.RaftServerConfigKeys (ConfUtils.java:logGet(44)) - raft.server.leaderelection.leader.step-down.wait-time = 10s (default)
2021-07-20 05:56:01,441 [pool-113-thread-1] INFO  server.RaftServerConfigKeys (ConfUtils.java:logGet(44)) - raft.server.sleep.deviation.threshold = 300ms (default)
2021-07-20 05:56:01,441 [pool-113-thread-1] INFO  server.RaftServerConfigKeys (ConfUtils.java:logGet(44)) - raft.server.log.appender.install.snapshot.enabled = false (custom)
2021-07-20 05:56:01,441 [pool-113-thread-1] INFO  server.RaftServer$Division (ServerState.java:<init>(105)) - 06501cb2-b233-4740-8c26-b46265537cb4@group-EC3C46D17947: ConfigurationManager, init=-1: [9faaa3cd-c518-4f7b-b785-ee74f85cb545|rpc:127.0.0.1:34605|priority:1, 06501cb2-b233-4740-8c26-b46265537cb4|rpc:127.0.0.1:38707|priority:0, 577e6845-c807-4eb8-9332-2f265641e0df|rpc:127.0.0.1:36047|priority:0], old=null, confs=<EMPTY_MAP>
2021-07-20 05:56:01,441 [pool-113-thread-1] INFO  server.RaftServerConfigKeys (ConfUtils.java:logGet(44)) - raft.server.storage.dir = [/home/runner/work/ozone/ozone/mnt/ozone/hadoop-ozone/integration-test/target/test-dir/MiniOzoneClusterImpl-b2c6a007-39d2-4e45-b76c-321c7ba85e11/datanode-1/data/ratis] (custom)
2021-07-20 05:56:01,441 [pool-113-thread-1] INFO  server.RaftServerConfigKeys (ConfUtils.java:logGet(44)) - raft.server.log.corruption.policy = EXCEPTION (default)
2021-07-20 05:56:01,442 [pool-113-thread-1] INFO  storage.RaftStorageDirectory (RaftStorageDirectoryImpl.java:analyzeStorage(132)) - The storage directory /home/runner/work/ozone/ozone/mnt/ozone/hadoop-ozone/integration-test/target/test-dir/MiniOzoneClusterImpl-b2c6a007-39d2-4e45-b76c-321c7ba85e11/datanode-1/data/ratis/0848a5c2-03b2-417e-bc69-ec3c46d17947 does not exist. Creating ...
2021-07-20 05:56:01,443 [pool-113-thread-1] INFO  storage.RaftStorageDirectory (RaftStorageDirectoryImpl.java:tryLock(215)) - Lock on /home/runner/work/ozone/ozone/mnt/ozone/hadoop-ozone/integration-test/target/test-dir/MiniOzoneClusterImpl-b2c6a007-39d2-4e45-b76c-321c7ba85e11/datanode-1/data/ratis/0848a5c2-03b2-417e-bc69-ec3c46d17947/in_use.lock acquired by nodename 3531@fv-az291-163
2021-07-20 05:56:01,443 [EventQueue-OpenPipelineForHealthyPipelineSafeModeRule] INFO  safemode.SCMSafeModeManager (HealthyPipelineSafeModeRule.java:process(124)) - SCM in safe mode. Healthy pipelines reported count is 0, required healthy pipeline reported count is 1
2021-07-20 05:56:01,443 [pool-93-thread-1] INFO  server.RaftServerConfigKeys (ConfUtils.java:logGet(44)) - raft.server.retrycache.expirytime = 600000ms (custom)
2021-07-20 05:56:01,444 [pool-93-thread-1] INFO  server.RaftServerConfigKeys (ConfUtils.java:logGet(44)) - raft.server.retrycache.statistics.expirytime = 100μs (default)
2021-07-20 05:56:01,444 [pool-93-thread-1] INFO  metrics.RatisMetrics (RatisMetrics.java:lambda$create$0(36)) - Creating Metrics Registry : ratis.leader_election.9faaa3cd-c518-4f7b-b785-ee74f85cb545@group-EC3C46D17947
2021-07-20 05:56:01,444 [pool-113-thread-1] INFO  storage.RaftStorage (RaftStorageImpl.java:format(87)) - Storage directory /home/runner/work/ozone/ozone/mnt/ozone/hadoop-ozone/integration-test/target/test-dir/MiniOzoneClusterImpl-b2c6a007-39d2-4e45-b76c-321c7ba85e11/datanode-1/data/ratis/0848a5c2-03b2-417e-bc69-ec3c46d17947 has been successfully formatted.
2021-07-20 05:56:01,444 [pool-93-thread-1] INFO  metrics.RatisMetrics (RatisMetrics.java:lambda$create$0(36)) - Creating Metrics Registry : ratis.server.9faaa3cd-c518-4f7b-b785-ee74f85cb545@group-EC3C46D17947
2021-07-20 05:56:01,444 [pool-113-thread-1] INFO  ratis.ContainerStateMachine (ContainerStateMachine.java:loadSnapshot(223)) - group-EC3C46D17947: The snapshot info is null. Setting the last applied indexto:(t:0, i:~)
2021-07-20 05:56:01,444 [pool-113-thread-1] INFO  server.RaftServerConfigKeys (ConfUtils.java:logGet(44)) - raft.server.notification.no-leader.timeout = 300s (custom)
2021-07-20 05:56:01,444 [pool-113-thread-1] INFO  server.RaftServerConfigKeys (ConfUtils.java:logGet(44)) - raft.server.log.use.memory = false (default)
2021-07-20 05:56:01,444 [pool-113-thread-1] INFO  server.RaftServerConfigKeys (ConfUtils.java:logGet(44)) - raft.server.log.purge.gap = 1000000 (custom)
2021-07-20 05:56:01,444 [pool-113-thread-1] INFO  server.RaftServerConfigKeys (ConfUtils.java:logGet(44)) - raft.server.log.appender.buffer.byte-limit = 33554432 (custom)
2021-07-20 05:56:01,445 [pool-93-thread-1] INFO  server.RaftServer$Division (RaftServerImpl.java:start(295)) - 9faaa3cd-c518-4f7b-b785-ee74f85cb545@group-EC3C46D17947: start as a follower, conf=-1: [9faaa3cd-c518-4f7b-b785-ee74f85cb545|rpc:127.0.0.1:34605|priority:1, 06501cb2-b233-4740-8c26-b46265537cb4|rpc:127.0.0.1:38707|priority:0, 577e6845-c807-4eb8-9332-2f265641e0df|rpc:127.0.0.1:36047|priority:0], old=null
2021-07-20 05:56:01,445 [pool-113-thread-1] INFO  metrics.RatisMetrics (RatisMetrics.java:lambda$create$0(36)) - Creating Metrics Registry : ratis.log_worker.06501cb2-b233-4740-8c26-b46265537cb4@group-EC3C46D17947
2021-07-20 05:56:01,445 [pool-113-thread-1] INFO  server.RaftServerConfigKeys (ConfUtils.java:logGet(44)) - raft.server.log.segment.size.max = 1048576 (custom)
2021-07-20 05:56:01,446 [EventQueue-PipelineReportForPipelineReportHandler] INFO  pipeline.PipelineManagerV2Impl (PipelineManagerV2Impl.java:openPipeline(283)) - Pipeline Pipeline[ Id: 0a9fe81c-ba3f-4f81-9976-d7289490aadc, Nodes: 06501cb2-b233-4740-8c26-b46265537cb4{ip: 127.0.0.1, host: localhost, ports: [REPLICATION=33091, RATIS=38707, RATIS_ADMIN=38707, RATIS_SERVER=38707, STANDALONE=35679], networkLocation: /default-rack, certSerialId: null, persistedOpState: IN_SERVICE, persistedOpStateExpiryEpochSec: 0}, ReplicationConfig: RATIS/ONE, State:ALLOCATED, leaderId:06501cb2-b233-4740-8c26-b46265537cb4, CreationTimestamp2021-07-20T05:55:58.410Z[Etc/UTC]] moved to OPEN state
2021-07-20 05:56:01,446 [EventQueue-PipelineReportForPipelineReportHandler] INFO  ha.SCMHAInvocationHandler (SCMHAInvocationHandler.java:invokeRatis(113)) - Invoking method public abstract void org.apache.hadoop.hdds.scm.pipeline.StateManager.updatePipelineState(org.apache.hadoop.hdds.protocol.proto.HddsProtos$PipelineID,org.apache.hadoop.hdds.protocol.proto.HddsProtos$PipelineState) throws java.io.IOException on target org.apache.hadoop.hdds.scm.ha.SCMRatisServerImpl@51f543ee, cost 399.024us
2021-07-20 05:56:01,447 [EventQueue-OpenPipelineForHealthyPipelineSafeModeRule] INFO  safemode.SCMSafeModeManager (HealthyPipelineSafeModeRule.java:process(124)) - SCM in safe mode. Healthy pipelines reported count is 0, required healthy pipeline reported count is 1
2021-07-20 05:56:01,445 [pool-93-thread-1] INFO  server.RaftServer$Division (RaftServerImpl.java:setRole(284)) - 9faaa3cd-c518-4f7b-b785-ee74f85cb545@group-EC3C46D17947: changes role from      null to FOLLOWER at term 0 for startAsFollower
2021-07-20 05:56:01,447 [pool-113-thread-1] INFO  server.RaftServerConfigKeys (ConfUtils.java:logGet(44)) - raft.server.log.segment.cache.num.max = 2 (custom)
2021-07-20 05:56:01,448 [pool-113-thread-1] INFO  server.RaftServerConfigKeys (ConfUtils.java:logGet(44)) - raft.server.log.segment.cache.size.max = 200MB (=209715200) (default)
2021-07-20 05:56:01,448 [pool-113-thread-1] INFO  segmented.SegmentedRaftLogWorker (SegmentedRaftLogWorker.java:<init>(182)) - new 06501cb2-b233-4740-8c26-b46265537cb4@group-EC3C46D17947-SegmentedRaftLogWorker for RaftStorageImpl:Storage Directory /home/runner/work/ozone/ozone/mnt/ozone/hadoop-ozone/integration-test/target/test-dir/MiniOzoneClusterImpl-b2c6a007-39d2-4e45-b76c-321c7ba85e11/datanode-1/data/ratis/0848a5c2-03b2-417e-bc69-ec3c46d17947
2021-07-20 05:56:01,448 [pool-113-thread-1] INFO  server.RaftServerConfigKeys (ConfUtils.java:logGet(44)) - raft.server.log.queue.byte-limit = 2147483647 (custom)
2021-07-20 05:56:01,448 [pool-113-thread-1] INFO  server.RaftServerConfigKeys (ConfUtils.java:logGet(44)) - raft.server.log.queue.element-limit = 1024 (custom)
2021-07-20 05:56:01,448 [pool-113-thread-1] INFO  server.RaftServerConfigKeys (ConfUtils.java:logGet(44)) - raft.server.log.segment.size.max = 1048576 (custom)
2021-07-20 05:56:01,448 [pool-113-thread-1] INFO  server.RaftServerConfigKeys (ConfUtils.java:logGet(44)) - raft.server.log.preallocated.size = 16384 (custom)
2021-07-20 05:56:01,448 [pool-113-thread-1] INFO  server.RaftServerConfigKeys (ConfUtils.java:logGet(44)) - raft.server.log.force.sync.num = 128 (default)
2021-07-20 05:56:01,448 [pool-113-thread-1] INFO  server.RaftServerConfigKeys (ConfUtils.java:logGet(44)) - raft.server.log.statemachine.data.sync = true (default)
2021-07-20 05:56:01,449 [pool-113-thread-1] INFO  server.RaftServerConfigKeys (ConfUtils.java:logGet(44)) - raft.server.log.statemachine.data.sync.timeout = 10s (default)
2021-07-20 05:56:01,449 [pool-113-thread-1] INFO  server.RaftServerConfigKeys (ConfUtils.java:logGet(44)) - raft.server.log.statemachine.data.sync.timeout.retry = -1 (default)
2021-07-20 05:56:01,449 [pool-113-thread-1] INFO  server.RaftServerConfigKeys (ConfUtils.java:logGet(44)) - raft.server.log.write.buffer.size = 1048576 (custom)
2021-07-20 05:56:01,450 [pool-113-thread-1] INFO  server.RaftServerConfigKeys (ConfUtils.java:logGet(44)) - raft.server.log.statemachine.data.caching.enabled = true (custom)
2021-07-20 05:56:01,450 [pool-113-thread-1] INFO  segmented.SegmentedRaftLogWorker (SegmentedRaftLogWorker.java:lambda$new$0(133)) - 06501cb2-b233-4740-8c26-b46265537cb4@group-EC3C46D17947-SegmentedRaftLogWorker: flushIndex: setUnconditionally 0 -> -1
2021-07-20 05:56:01,450 [pool-113-thread-1] INFO  segmented.SegmentedRaftLogWorker (SegmentedRaftLogWorker.java:lambda$new$0(133)) - 06501cb2-b233-4740-8c26-b46265537cb4@group-EC3C46D17947-SegmentedRaftLogWorker: safeCacheEvictIndex: setUnconditionally 0 -> -1
2021-07-20 05:56:01,450 [pool-113-thread-1] INFO  server.RaftServerConfigKeys (ConfUtils.java:logGet(44)) - raft.server.snapshot.auto.trigger.enabled = true (custom)
2021-07-20 05:56:01,451 [pool-113-thread-1] INFO  server.RaftServerConfigKeys (ConfUtils.java:logGet(44)) - raft.server.snapshot.auto.trigger.threshold = 10000 (custom)
2021-07-20 05:56:01,451 [pool-113-thread-1] INFO  server.RaftServerConfigKeys (ConfUtils.java:logGet(44)) - raft.server.snapshot.retention.file.num = 5 (custom)
2021-07-20 05:56:01,451 [pool-113-thread-1] INFO  server.RaftServerConfigKeys (ConfUtils.java:logGet(44)) - raft.server.log.purge.upto.snapshot.index = false (default)
2021-07-20 05:56:01,451 [pool-113-thread-1] INFO  server.RaftServerConfigKeys (ConfUtils.java:logGet(44)) - raft.server.retrycache.expirytime = 600000ms (custom)
2021-07-20 05:56:01,451 [pool-113-thread-1] INFO  server.RaftServerConfigKeys (ConfUtils.java:logGet(44)) - raft.server.retrycache.statistics.expirytime = 100μs (default)
2021-07-20 05:56:01,451 [pool-113-thread-1] INFO  metrics.RatisMetrics (RatisMetrics.java:lambda$create$0(36)) - Creating Metrics Registry : ratis.leader_election.06501cb2-b233-4740-8c26-b46265537cb4@group-EC3C46D17947
2021-07-20 05:56:01,448 [pool-93-thread-1] INFO  impl.RoleInfo (RoleInfo.java:updateAndGet(130)) - 9faaa3cd-c518-4f7b-b785-ee74f85cb545: start 9faaa3cd-c518-4f7b-b785-ee74f85cb545@group-EC3C46D17947-FollowerState
2021-07-20 05:56:01,451 [pool-113-thread-1] INFO  metrics.RatisMetrics (RatisMetrics.java:lambda$create$0(36)) - Creating Metrics Registry : ratis.server.06501cb2-b233-4740-8c26-b46265537cb4@group-EC3C46D17947
2021-07-20 05:56:01,452 [5c2410e7-10a6-4620-b434-e19b0245711c@group-321C7BA85E11-StateMachineUpdater] INFO  safemode.HealthyPipelineSafeModeRule (HealthyPipelineSafeModeRule.java:initializeRule(152)) - Refreshed total pipeline count is 0, healthy pipeline threshold count is 1
2021-07-20 05:56:01,452 [pool-113-thread-1] INFO  server.RaftServer$Division (RaftServerImpl.java:start(295)) - 06501cb2-b233-4740-8c26-b46265537cb4@group-EC3C46D17947: start as a follower, conf=-1: [9faaa3cd-c518-4f7b-b785-ee74f85cb545|rpc:127.0.0.1:34605|priority:1, 06501cb2-b233-4740-8c26-b46265537cb4|rpc:127.0.0.1:38707|priority:0, 577e6845-c807-4eb8-9332-2f265641e0df|rpc:127.0.0.1:36047|priority:0], old=null
2021-07-20 05:56:01,452 [pool-113-thread-1] INFO  server.RaftServer$Division (RaftServerImpl.java:setRole(284)) - 06501cb2-b233-4740-8c26-b46265537cb4@group-EC3C46D17947: changes role from      null to FOLLOWER at term 0 for startAsFollower
2021-07-20 05:56:01,455 [pool-93-thread-1] INFO  util.JmxRegister (JmxRegister.java:tryRegister(44)) - Successfully registered JMX Bean with object name Ratis:service=RaftServer,group=group-EC3C46D17947,id=9faaa3cd-c518-4f7b-b785-ee74f85cb545
2021-07-20 05:56:01,455 [pool-93-thread-1] INFO  metrics.RatisMetrics (RatisMetrics.java:lambda$create$0(36)) - Creating Metrics Registry : ratis.state_machine.9faaa3cd-c518-4f7b-b785-ee74f85cb545@group-EC3C46D17947
2021-07-20 05:56:01,461 [pool-113-thread-1] INFO  impl.RoleInfo (RoleInfo.java:updateAndGet(130)) - 06501cb2-b233-4740-8c26-b46265537cb4: start 06501cb2-b233-4740-8c26-b46265537cb4@group-EC3C46D17947-FollowerState
2021-07-20 05:56:01,462 [Command processor thread] INFO  ratis.XceiverServerRatis (XceiverServerRatis.java:addGroup(759)) - Created group PipelineID=0848a5c2-03b2-417e-bc69-ec3c46d17947
2021-07-20 05:56:01,463 [Command processor thread] INFO  metrics.RatisMetrics (RatisMetrics.java:lambda$create$0(36)) - Creating Metrics Registry : ratis.client_message_metrics.client-68D8353AC3D1->577e6845-c807-4eb8-9332-2f265641e0df
2021-07-20 05:56:01,468 [pool-113-thread-1] INFO  util.JmxRegister (JmxRegister.java:tryRegister(44)) - Successfully registered JMX Bean with object name Ratis:service=RaftServer,group=group-EC3C46D17947,id=06501cb2-b233-4740-8c26-b46265537cb4
2021-07-20 05:56:01,468 [pool-113-thread-1] INFO  metrics.RatisMetrics (RatisMetrics.java:lambda$create$0(36)) - Creating Metrics Registry : ratis.state_machine.06501cb2-b233-4740-8c26-b46265537cb4@group-EC3C46D17947
2021-07-20 05:56:01,471 [Command processor thread] INFO  ratis.XceiverServerRatis (XceiverServerRatis.java:addGroup(759)) - Created group PipelineID=0848a5c2-03b2-417e-bc69-ec3c46d17947
2021-07-20 05:56:01,474 [Command processor thread] INFO  metrics.RatisMetrics (RatisMetrics.java:lambda$create$0(36)) - Creating Metrics Registry : ratis.client_message_metrics.client-D0AC95BE54D2->577e6845-c807-4eb8-9332-2f265641e0df
2021-07-20 05:56:01,484 [grpc-default-executor-0] INFO  server.RaftServer (RaftServerProxy.java:addNew(95)) - 577e6845-c807-4eb8-9332-2f265641e0df: addNew group-EC3C46D17947:[9faaa3cd-c518-4f7b-b785-ee74f85cb545|rpc:127.0.0.1:34605|dataStream:|priority:1, 06501cb2-b233-4740-8c26-b46265537cb4|rpc:127.0.0.1:38707|dataStream:|priority:0, 577e6845-c807-4eb8-9332-2f265641e0df|rpc:127.0.0.1:36047|dataStream:|priority:0] returns group-EC3C46D17947:java.util.concurrent.CompletableFuture@196e0c60[Not completed]
2021-07-20 05:56:01,485 [pool-133-thread-1] INFO  server.RaftServer$Division (RaftServerImpl.java:<init>(180)) - 577e6845-c807-4eb8-9332-2f265641e0df: new RaftServerImpl for group-EC3C46D17947:[9faaa3cd-c518-4f7b-b785-ee74f85cb545|rpc:127.0.0.1:34605|dataStream:|priority:1, 06501cb2-b233-4740-8c26-b46265537cb4|rpc:127.0.0.1:38707|dataStream:|priority:0, 577e6845-c807-4eb8-9332-2f265641e0df|rpc:127.0.0.1:36047|dataStream:|priority:0] with ContainerStateMachine:uninitialized
2021-07-20 05:56:01,487 [pool-133-thread-1] INFO  server.RaftServerConfigKeys (ConfUtils.java:logGet(44)) - raft.server.rpc.timeout.min = 5s (custom)
2021-07-20 05:56:01,491 [pool-133-thread-1] INFO  server.RaftServerConfigKeys (ConfUtils.java:logGet(44)) - raft.server.rpc.timeout.max = 5200ms (custom)
2021-07-20 05:56:01,491 [pool-133-thread-1] INFO  server.RaftServerConfigKeys (ConfUtils.java:logGet(44)) - raft.server.rpc.sleep.time = 25ms (default)
2021-07-20 05:56:01,491 [pool-133-thread-1] INFO  server.RaftServerConfigKeys (ConfUtils.java:logGet(44)) - raft.server.rpc.slowness.timeout = 300s (custom)
2021-07-20 05:56:01,491 [pool-133-thread-1] INFO  server.RaftServerConfigKeys (ConfUtils.java:logGet(44)) - raft.server.leaderelection.leader.step-down.wait-time = 10s (default)
2021-07-20 05:56:01,491 [pool-133-thread-1] INFO  server.RaftServerConfigKeys (ConfUtils.java:logGet(44)) - raft.server.sleep.deviation.threshold = 300ms (default)
2021-07-20 05:56:01,491 [pool-133-thread-1] INFO  server.RaftServerConfigKeys (ConfUtils.java:logGet(44)) - raft.server.log.appender.install.snapshot.enabled = false (custom)
2021-07-20 05:56:01,491 [pool-133-thread-1] INFO  server.RaftServer$Division (ServerState.java:<init>(105)) - 577e6845-c807-4eb8-9332-2f265641e0df@group-EC3C46D17947: ConfigurationManager, init=-1: [9faaa3cd-c518-4f7b-b785-ee74f85cb545|rpc:127.0.0.1:34605|dataStream:|priority:1, 06501cb2-b233-4740-8c26-b46265537cb4|rpc:127.0.0.1:38707|dataStream:|priority:0, 577e6845-c807-4eb8-9332-2f265641e0df|rpc:127.0.0.1:36047|dataStream:|priority:0], old=null, confs=<EMPTY_MAP>
2021-07-20 05:56:01,492 [pool-133-thread-1] INFO  server.RaftServerConfigKeys (ConfUtils.java:logGet(44)) - raft.server.storage.dir = [/home/runner/work/ozone/ozone/mnt/ozone/hadoop-ozone/integration-test/target/test-dir/MiniOzoneClusterImpl-b2c6a007-39d2-4e45-b76c-321c7ba85e11/datanode-2/data/ratis] (custom)
2021-07-20 05:56:01,492 [pool-133-thread-1] INFO  server.RaftServerConfigKeys (ConfUtils.java:logGet(44)) - raft.server.log.corruption.policy = EXCEPTION (default)
2021-07-20 05:56:01,492 [pool-133-thread-1] INFO  storage.RaftStorageDirectory (RaftStorageDirectoryImpl.java:analyzeStorage(132)) - The storage directory /home/runner/work/ozone/ozone/mnt/ozone/hadoop-ozone/integration-test/target/test-dir/MiniOzoneClusterImpl-b2c6a007-39d2-4e45-b76c-321c7ba85e11/datanode-2/data/ratis/0848a5c2-03b2-417e-bc69-ec3c46d17947 does not exist. Creating ...
2021-07-20 05:56:01,493 [pool-133-thread-1] INFO  storage.RaftStorageDirectory (RaftStorageDirectoryImpl.java:tryLock(215)) - Lock on /home/runner/work/ozone/ozone/mnt/ozone/hadoop-ozone/integration-test/target/test-dir/MiniOzoneClusterImpl-b2c6a007-39d2-4e45-b76c-321c7ba85e11/datanode-2/data/ratis/0848a5c2-03b2-417e-bc69-ec3c46d17947/in_use.lock acquired by nodename 3531@fv-az291-163
2021-07-20 05:56:01,495 [pool-133-thread-1] INFO  storage.RaftStorage (RaftStorageImpl.java:format(87)) - Storage directory /home/runner/work/ozone/ozone/mnt/ozone/hadoop-ozone/integration-test/target/test-dir/MiniOzoneClusterImpl-b2c6a007-39d2-4e45-b76c-321c7ba85e11/datanode-2/data/ratis/0848a5c2-03b2-417e-bc69-ec3c46d17947 has been successfully formatted.
2021-07-20 05:56:01,496 [pool-133-thread-1] INFO  ratis.ContainerStateMachine (ContainerStateMachine.java:loadSnapshot(223)) - group-EC3C46D17947: The snapshot info is null. Setting the last applied indexto:(t:0, i:~)
2021-07-20 05:56:01,498 [pool-133-thread-1] INFO  server.RaftServerConfigKeys (ConfUtils.java:logGet(44)) - raft.server.notification.no-leader.timeout = 300s (custom)
2021-07-20 05:56:01,498 [pool-133-thread-1] INFO  server.RaftServerConfigKeys (ConfUtils.java:logGet(44)) - raft.server.log.use.memory = false (default)
2021-07-20 05:56:01,498 [pool-133-thread-1] INFO  server.RaftServerConfigKeys (ConfUtils.java:logGet(44)) - raft.server.log.purge.gap = 1000000 (custom)
2021-07-20 05:56:01,498 [pool-133-thread-1] INFO  server.RaftServerConfigKeys (ConfUtils.java:logGet(44)) - raft.server.log.appender.buffer.byte-limit = 33554432 (custom)
2021-07-20 05:56:01,498 [pool-133-thread-1] INFO  metrics.RatisMetrics (RatisMetrics.java:lambda$create$0(36)) - Creating Metrics Registry : ratis.log_worker.577e6845-c807-4eb8-9332-2f265641e0df@group-EC3C46D17947
2021-07-20 05:56:01,498 [pool-133-thread-1] INFO  server.RaftServerConfigKeys (ConfUtils.java:logGet(44)) - raft.server.log.segment.size.max = 1048576 (custom)
2021-07-20 05:56:01,499 [pool-133-thread-1] INFO  server.RaftServerConfigKeys (ConfUtils.java:logGet(44)) - raft.server.log.segment.cache.num.max = 2 (custom)
2021-07-20 05:56:01,499 [pool-133-thread-1] INFO  server.RaftServerConfigKeys (ConfUtils.java:logGet(44)) - raft.server.log.segment.cache.size.max = 200MB (=209715200) (default)
2021-07-20 05:56:01,499 [pool-133-thread-1] INFO  segmented.SegmentedRaftLogWorker (SegmentedRaftLogWorker.java:<init>(182)) - new 577e6845-c807-4eb8-9332-2f265641e0df@group-EC3C46D17947-SegmentedRaftLogWorker for RaftStorageImpl:Storage Directory /home/runner/work/ozone/ozone/mnt/ozone/hadoop-ozone/integration-test/target/test-dir/MiniOzoneClusterImpl-b2c6a007-39d2-4e45-b76c-321c7ba85e11/datanode-2/data/ratis/0848a5c2-03b2-417e-bc69-ec3c46d17947
2021-07-20 05:56:01,499 [pool-133-thread-1] INFO  server.RaftServerConfigKeys (ConfUtils.java:logGet(44)) - raft.server.log.queue.byte-limit = 2147483647 (custom)
2021-07-20 05:56:01,499 [pool-133-thread-1] INFO  server.RaftServerConfigKeys (ConfUtils.java:logGet(44)) - raft.server.log.queue.element-limit = 1024 (custom)
2021-07-20 05:56:01,499 [pool-133-thread-1] INFO  server.RaftServerConfigKeys (ConfUtils.java:logGet(44)) - raft.server.log.segment.size.max = 1048576 (custom)
2021-07-20 05:56:01,499 [pool-133-thread-1] INFO  server.RaftServerConfigKeys (ConfUtils.java:logGet(44)) - raft.server.log.preallocated.size = 16384 (custom)
2021-07-20 05:56:01,499 [pool-133-thread-1] INFO  server.RaftServerConfigKeys (ConfUtils.java:logGet(44)) - raft.server.log.force.sync.num = 128 (default)
2021-07-20 05:56:01,499 [pool-133-thread-1] INFO  server.RaftServerConfigKeys (ConfUtils.java:logGet(44)) - raft.server.log.statemachine.data.sync = true (default)
2021-07-20 05:56:01,499 [pool-133-thread-1] INFO  server.RaftServerConfigKeys (ConfUtils.java:logGet(44)) - raft.server.log.statemachine.data.sync.timeout = 10s (default)
2021-07-20 05:56:01,499 [pool-133-thread-1] INFO  server.RaftServerConfigKeys (ConfUtils.java:logGet(44)) - raft.server.log.statemachine.data.sync.timeout.retry = -1 (default)
2021-07-20 05:56:01,500 [pool-133-thread-1] INFO  server.RaftServerConfigKeys (ConfUtils.java:logGet(44)) - raft.server.log.write.buffer.size = 1048576 (custom)
2021-07-20 05:56:01,501 [pool-133-thread-1] INFO  server.RaftServerConfigKeys (ConfUtils.java:logGet(44)) - raft.server.log.statemachine.data.caching.enabled = true (custom)
2021-07-20 05:56:01,503 [pool-133-thread-1] INFO  segmented.SegmentedRaftLogWorker (SegmentedRaftLogWorker.java:lambda$new$0(133)) - 577e6845-c807-4eb8-9332-2f265641e0df@group-EC3C46D17947-SegmentedRaftLogWorker: flushIndex: setUnconditionally 0 -> -1
2021-07-20 05:56:01,503 [pool-133-thread-1] INFO  segmented.SegmentedRaftLogWorker (SegmentedRaftLogWorker.java:lambda$new$0(133)) - 577e6845-c807-4eb8-9332-2f265641e0df@group-EC3C46D17947-SegmentedRaftLogWorker: safeCacheEvictIndex: setUnconditionally 0 -> -1
2021-07-20 05:56:01,505 [pool-133-thread-1] INFO  server.RaftServerConfigKeys (ConfUtils.java:logGet(44)) - raft.server.snapshot.auto.trigger.enabled = true (custom)
2021-07-20 05:56:01,505 [pool-133-thread-1] INFO  server.RaftServerConfigKeys (ConfUtils.java:logGet(44)) - raft.server.snapshot.auto.trigger.threshold = 10000 (custom)
2021-07-20 05:56:01,505 [pool-133-thread-1] INFO  server.RaftServerConfigKeys (ConfUtils.java:logGet(44)) - raft.server.snapshot.retention.file.num = 5 (custom)
2021-07-20 05:56:01,505 [pool-133-thread-1] INFO  server.RaftServerConfigKeys (ConfUtils.java:logGet(44)) - raft.server.log.purge.upto.snapshot.index = false (default)
2021-07-20 05:56:01,505 [pool-133-thread-1] INFO  server.RaftServerConfigKeys (ConfUtils.java:logGet(44)) - raft.server.retrycache.expirytime = 600000ms (custom)
2021-07-20 05:56:01,505 [pool-133-thread-1] INFO  server.RaftServerConfigKeys (ConfUtils.java:logGet(44)) - raft.server.retrycache.statistics.expirytime = 100μs (default)
2021-07-20 05:56:01,505 [pool-133-thread-1] INFO  metrics.RatisMetrics (RatisMetrics.java:lambda$create$0(36)) - Creating Metrics Registry : ratis.leader_election.577e6845-c807-4eb8-9332-2f265641e0df@group-EC3C46D17947
2021-07-20 05:56:01,505 [pool-133-thread-1] INFO  metrics.RatisMetrics (RatisMetrics.java:lambda$create$0(36)) - Creating Metrics Registry : ratis.server.577e6845-c807-4eb8-9332-2f265641e0df@group-EC3C46D17947
2021-07-20 05:56:01,506 [pool-133-thread-1] INFO  server.RaftServer$Division (RaftServerImpl.java:start(295)) - 577e6845-c807-4eb8-9332-2f265641e0df@group-EC3C46D17947: start as a follower, conf=-1: [9faaa3cd-c518-4f7b-b785-ee74f85cb545|rpc:127.0.0.1:34605|dataStream:|priority:1, 06501cb2-b233-4740-8c26-b46265537cb4|rpc:127.0.0.1:38707|dataStream:|priority:0, 577e6845-c807-4eb8-9332-2f265641e0df|rpc:127.0.0.1:36047|dataStream:|priority:0], old=null
2021-07-20 05:56:01,506 [pool-133-thread-1] INFO  server.RaftServer$Division (RaftServerImpl.java:setRole(284)) - 577e6845-c807-4eb8-9332-2f265641e0df@group-EC3C46D17947: changes role from      null to FOLLOWER at term 0 for startAsFollower
2021-07-20 05:56:01,506 [pool-133-thread-1] INFO  impl.RoleInfo (RoleInfo.java:updateAndGet(130)) - 577e6845-c807-4eb8-9332-2f265641e0df: start 577e6845-c807-4eb8-9332-2f265641e0df@group-EC3C46D17947-FollowerState
2021-07-20 05:56:01,506 [pool-133-thread-1] INFO  util.JmxRegister (JmxRegister.java:tryRegister(44)) - Successfully registered JMX Bean with object name Ratis:service=RaftServer,group=group-EC3C46D17947,id=577e6845-c807-4eb8-9332-2f265641e0df
2021-07-20 05:56:01,507 [pool-133-thread-1] INFO  metrics.RatisMetrics (RatisMetrics.java:lambda$create$0(36)) - Creating Metrics Registry : ratis.state_machine.577e6845-c807-4eb8-9332-2f265641e0df@group-EC3C46D17947
2021-07-20 05:56:01,527 [Command processor thread] INFO  metrics.RatisMetrics (RatisMetrics.java:lambda$create$0(36)) - Creating Metrics Registry : ratis.client_message_metrics.client-B6B53E344D30->06501cb2-b233-4740-8c26-b46265537cb4
2021-07-20 05:56:01,550 [Command processor thread] INFO  metrics.RatisMetrics (RatisMetrics.java:lambda$create$0(36)) - Creating Metrics Registry : ratis.client_message_metrics.client-BFB23F61B197->9faaa3cd-c518-4f7b-b785-ee74f85cb545
2021-07-20 05:56:01,559 [grpc-default-executor-2] INFO  metrics.RatisMetrics (RatisMetrics.java:lambda$create$0(36)) - Creating Metrics Registry : ratis.server_message_metrics.9faaa3cd-c518-4f7b-b785-ee74f85cb545
2021-07-20 05:56:01,576 [Command processor thread] INFO  commandhandler.CreatePipelineCommandHandler (CreatePipelineCommandHandler.java:handle(106)) - Created Pipeline RATIS THREE PipelineID=0848a5c2-03b2-417e-bc69-ec3c46d17947.
2021-07-20 05:56:01,581 [Command processor thread] INFO  commandhandler.CreatePipelineCommandHandler (CreatePipelineCommandHandler.java:handle(106)) - Created Pipeline RATIS THREE PipelineID=0848a5c2-03b2-417e-bc69-ec3c46d17947.
2021-07-20 05:56:01,614 [Listener at 127.0.0.1/12232] INFO  ozone.MiniOzoneClusterImpl (MiniOzoneClusterImpl.java:lambda$waitForClusterToBeReady$0(230)) - Nodes are ready. Got 3 of 3 DN Heartbeats.
2021-07-20 05:56:01,614 [Listener at 127.0.0.1/12232] INFO  ozone.MiniOzoneClusterImpl (MiniOzoneClusterImpl.java:lambda$waitForClusterToBeReady$0(233)) - Waiting for cluster to exit safe mode
2021-07-20 05:56:01,614 [Listener at 127.0.0.1/12232] INFO  ozone.MiniOzoneClusterImpl (MiniOzoneClusterImpl.java:lambda$waitForClusterToBeReady$0(235)) - SCM became leader
2021-07-20 05:56:01,620 [Command processor thread] INFO  server.RaftServer (RaftServerProxy.java:addNew(95)) - 577e6845-c807-4eb8-9332-2f265641e0df: addNew group-D11F36815216:[577e6845-c807-4eb8-9332-2f265641e0df|rpc:127.0.0.1:36047|priority:1] returns group-D11F36815216:java.util.concurrent.CompletableFuture@4edb5fe9[Not completed]
2021-07-20 05:56:01,622 [pool-133-thread-1] INFO  server.RaftServer$Division (RaftServerImpl.java:<init>(180)) - 577e6845-c807-4eb8-9332-2f265641e0df: new RaftServerImpl for group-D11F36815216:[577e6845-c807-4eb8-9332-2f265641e0df|rpc:127.0.0.1:36047|priority:1] with ContainerStateMachine:uninitialized
2021-07-20 05:56:01,623 [pool-133-thread-1] INFO  server.RaftServerConfigKeys (ConfUtils.java:logGet(44)) - raft.server.rpc.timeout.min = 5s (custom)
2021-07-20 05:56:01,623 [pool-133-thread-1] INFO  server.RaftServerConfigKeys (ConfUtils.java:logGet(44)) - raft.server.rpc.timeout.max = 5200ms (custom)
2021-07-20 05:56:01,623 [pool-133-thread-1] INFO  server.RaftServerConfigKeys (ConfUtils.java:logGet(44)) - raft.server.rpc.sleep.time = 25ms (default)
2021-07-20 05:56:01,623 [pool-133-thread-1] INFO  server.RaftServerConfigKeys (ConfUtils.java:logGet(44)) - raft.server.rpc.slowness.timeout = 300s (custom)
2021-07-20 05:56:01,623 [pool-133-thread-1] INFO  server.RaftServerConfigKeys (ConfUtils.java:logGet(44)) - raft.server.leaderelection.leader.step-down.wait-time = 10s (default)
2021-07-20 05:56:01,623 [pool-133-thread-1] INFO  server.RaftServerConfigKeys (ConfUtils.java:logGet(44)) - raft.server.sleep.deviation.threshold = 300ms (default)
2021-07-20 05:56:01,623 [pool-133-thread-1] INFO  server.RaftServerConfigKeys (ConfUtils.java:logGet(44)) - raft.server.log.appender.install.snapshot.enabled = false (custom)
2021-07-20 05:56:01,623 [pool-133-thread-1] INFO  server.RaftServer$Division (ServerState.java:<init>(105)) - 577e6845-c807-4eb8-9332-2f265641e0df@group-D11F36815216: ConfigurationManager, init=-1: [577e6845-c807-4eb8-9332-2f265641e0df|rpc:127.0.0.1:36047|priority:1], old=null, confs=<EMPTY_MAP>
2021-07-20 05:56:01,623 [pool-133-thread-1] INFO  server.RaftServerConfigKeys (ConfUtils.java:logGet(44)) - raft.server.storage.dir = [/home/runner/work/ozone/ozone/mnt/ozone/hadoop-ozone/integration-test/target/test-dir/MiniOzoneClusterImpl-b2c6a007-39d2-4e45-b76c-321c7ba85e11/datanode-2/data/ratis] (custom)
2021-07-20 05:56:01,624 [pool-133-thread-1] INFO  server.RaftServerConfigKeys (ConfUtils.java:logGet(44)) - raft.server.log.corruption.policy = EXCEPTION (default)
2021-07-20 05:56:01,624 [pool-133-thread-1] INFO  storage.RaftStorageDirectory (RaftStorageDirectoryImpl.java:analyzeStorage(132)) - The storage directory /home/runner/work/ozone/ozone/mnt/ozone/hadoop-ozone/integration-test/target/test-dir/MiniOzoneClusterImpl-b2c6a007-39d2-4e45-b76c-321c7ba85e11/datanode-2/data/ratis/3c24f496-f95b-4179-a54b-d11f36815216 does not exist. Creating ...
2021-07-20 05:56:01,625 [pool-133-thread-1] INFO  storage.RaftStorageDirectory (RaftStorageDirectoryImpl.java:tryLock(215)) - Lock on /home/runner/work/ozone/ozone/mnt/ozone/hadoop-ozone/integration-test/target/test-dir/MiniOzoneClusterImpl-b2c6a007-39d2-4e45-b76c-321c7ba85e11/datanode-2/data/ratis/3c24f496-f95b-4179-a54b-d11f36815216/in_use.lock acquired by nodename 3531@fv-az291-163
2021-07-20 05:56:01,626 [pool-133-thread-1] INFO  storage.RaftStorage (RaftStorageImpl.java:format(87)) - Storage directory /home/runner/work/ozone/ozone/mnt/ozone/hadoop-ozone/integration-test/target/test-dir/MiniOzoneClusterImpl-b2c6a007-39d2-4e45-b76c-321c7ba85e11/datanode-2/data/ratis/3c24f496-f95b-4179-a54b-d11f36815216 has been successfully formatted.
2021-07-20 05:56:01,626 [pool-133-thread-1] INFO  ratis.ContainerStateMachine (ContainerStateMachine.java:loadSnapshot(223)) - group-D11F36815216: The snapshot info is null. Setting the last applied indexto:(t:0, i:~)
2021-07-20 05:56:01,627 [pool-133-thread-1] INFO  server.RaftServerConfigKeys (ConfUtils.java:logGet(44)) - raft.server.notification.no-leader.timeout = 300s (custom)
2021-07-20 05:56:01,627 [pool-133-thread-1] INFO  server.RaftServerConfigKeys (ConfUtils.java:logGet(44)) - raft.server.log.use.memory = false (default)
2021-07-20 05:56:01,627 [pool-133-thread-1] INFO  server.RaftServerConfigKeys (ConfUtils.java:logGet(44)) - raft.server.log.purge.gap = 1000000 (custom)
2021-07-20 05:56:01,627 [pool-133-thread-1] INFO  server.RaftServerConfigKeys (ConfUtils.java:logGet(44)) - raft.server.log.appender.buffer.byte-limit = 33554432 (custom)
2021-07-20 05:56:01,628 [pool-133-thread-1] INFO  metrics.RatisMetrics (RatisMetrics.java:lambda$create$0(36)) - Creating Metrics Registry : ratis.log_worker.577e6845-c807-4eb8-9332-2f265641e0df@group-D11F36815216
2021-07-20 05:56:01,628 [pool-133-thread-1] INFO  server.RaftServerConfigKeys (ConfUtils.java:logGet(44)) - raft.server.log.segment.size.max = 1048576 (custom)
2021-07-20 05:56:01,628 [EventQueue-PipelineReportForPipelineReportHandler] INFO  pipeline.PipelineManagerV2Impl (PipelineManagerV2Impl.java:openPipeline(283)) - Pipeline Pipeline[ Id: 3c24f496-f95b-4179-a54b-d11f36815216, Nodes: 577e6845-c807-4eb8-9332-2f265641e0df{ip: 127.0.0.1, host: localhost, ports: [REPLICATION=44849, RATIS=36047, RATIS_ADMIN=36047, RATIS_SERVER=36047, STANDALONE=46149], networkLocation: /default-rack, certSerialId: null, persistedOpState: IN_SERVICE, persistedOpStateExpiryEpochSec: 0}, ReplicationConfig: RATIS/ONE, State:ALLOCATED, leaderId:577e6845-c807-4eb8-9332-2f265641e0df, CreationTimestamp2021-07-20T05:55:58.626Z[Etc/UTC]] moved to OPEN state
2021-07-20 05:56:01,628 [EventQueue-PipelineReportForPipelineReportHandler] INFO  ha.SCMHAInvocationHandler (SCMHAInvocationHandler.java:invokeRatis(113)) - Invoking method public abstract void org.apache.hadoop.hdds.scm.pipeline.StateManager.updatePipelineState(org.apache.hadoop.hdds.protocol.proto.HddsProtos$PipelineID,org.apache.hadoop.hdds.protocol.proto.HddsProtos$PipelineState) throws java.io.IOException on target org.apache.hadoop.hdds.scm.ha.SCMRatisServerImpl@51f543ee, cost 456.427us
2021-07-20 05:56:01,629 [EventQueue-PipelineReportForPipelineReportHandler] INFO  pipeline.PipelineManagerV2Impl (PipelineManagerV2Impl.java:openPipeline(283)) - Pipeline Pipeline[ Id: 3c24f496-f95b-4179-a54b-d11f36815216, Nodes: 577e6845-c807-4eb8-9332-2f265641e0df{ip: 127.0.0.1, host: localhost, ports: [REPLICATION=44849, RATIS=36047, RATIS_ADMIN=36047, RATIS_SERVER=36047, STANDALONE=46149], networkLocation: /default-rack, certSerialId: null, persistedOpState: IN_SERVICE, persistedOpStateExpiryEpochSec: 0}, ReplicationConfig: RATIS/ONE, State:ALLOCATED, leaderId:577e6845-c807-4eb8-9332-2f265641e0df, CreationTimestamp2021-07-20T05:55:58.626Z[Etc/UTC]] moved to OPEN state
2021-07-20 05:56:01,633 [pool-133-thread-1] INFO  server.RaftServerConfigKeys (ConfUtils.java:logGet(44)) - raft.server.log.segment.cache.num.max = 2 (custom)
2021-07-20 05:56:01,633 [pool-133-thread-1] INFO  server.RaftServerConfigKeys (ConfUtils.java:logGet(44)) - raft.server.log.segment.cache.size.max = 200MB (=209715200) (default)
2021-07-20 05:56:01,634 [pool-133-thread-1] INFO  segmented.SegmentedRaftLogWorker (SegmentedRaftLogWorker.java:<init>(182)) - new 577e6845-c807-4eb8-9332-2f265641e0df@group-D11F36815216-SegmentedRaftLogWorker for RaftStorageImpl:Storage Directory /home/runner/work/ozone/ozone/mnt/ozone/hadoop-ozone/integration-test/target/test-dir/MiniOzoneClusterImpl-b2c6a007-39d2-4e45-b76c-321c7ba85e11/datanode-2/data/ratis/3c24f496-f95b-4179-a54b-d11f36815216
2021-07-20 05:56:01,634 [pool-133-thread-1] INFO  server.RaftServerConfigKeys (ConfUtils.java:logGet(44)) - raft.server.log.queue.byte-limit = 2147483647 (custom)
2021-07-20 05:56:01,634 [pool-133-thread-1] INFO  server.RaftServerConfigKeys (ConfUtils.java:logGet(44)) - raft.server.log.queue.element-limit = 1024 (custom)
2021-07-20 05:56:01,634 [pool-133-thread-1] INFO  server.RaftServerConfigKeys (ConfUtils.java:logGet(44)) - raft.server.log.segment.size.max = 1048576 (custom)
2021-07-20 05:56:01,634 [pool-133-thread-1] INFO  server.RaftServerConfigKeys (ConfUtils.java:logGet(44)) - raft.server.log.preallocated.size = 16384 (custom)
2021-07-20 05:56:01,634 [pool-133-thread-1] INFO  server.RaftServerConfigKeys (ConfUtils.java:logGet(44)) - raft.server.log.force.sync.num = 128 (default)
2021-07-20 05:56:01,634 [pool-133-thread-1] INFO  server.RaftServerConfigKeys (ConfUtils.java:logGet(44)) - raft.server.log.statemachine.data.sync = true (default)
2021-07-20 05:56:01,634 [pool-133-thread-1] INFO  server.RaftServerConfigKeys (ConfUtils.java:logGet(44)) - raft.server.log.statemachine.data.sync.timeout = 10s (default)
2021-07-20 05:56:01,634 [pool-133-thread-1] INFO  server.RaftServerConfigKeys (ConfUtils.java:logGet(44)) - raft.server.log.statemachine.data.sync.timeout.retry = -1 (default)
2021-07-20 05:56:01,635 [pool-133-thread-1] INFO  server.RaftServerConfigKeys (ConfUtils.java:logGet(44)) - raft.server.log.write.buffer.size = 1048576 (custom)
2021-07-20 05:56:01,635 [pool-133-thread-1] INFO  server.RaftServerConfigKeys (ConfUtils.java:logGet(44)) - raft.server.log.statemachine.data.caching.enabled = true (custom)
2021-07-20 05:56:01,636 [pool-133-thread-1] INFO  segmented.SegmentedRaftLogWorker (SegmentedRaftLogWorker.java:lambda$new$0(133)) - 577e6845-c807-4eb8-9332-2f265641e0df@group-D11F36815216-SegmentedRaftLogWorker: flushIndex: setUnconditionally 0 -> -1
2021-07-20 05:56:01,636 [pool-133-thread-1] INFO  segmented.SegmentedRaftLogWorker (SegmentedRaftLogWorker.java:lambda$new$0(133)) - 577e6845-c807-4eb8-9332-2f265641e0df@group-D11F36815216-SegmentedRaftLogWorker: safeCacheEvictIndex: setUnconditionally 0 -> -1
2021-07-20 05:56:01,640 [5c2410e7-10a6-4620-b434-e19b0245711c@group-321C7BA85E11-StateMachineUpdater] INFO  ha.SCMStateMachine (SCMStateMachine.java:takeSnapshot(290)) - Current Snapshot Index 20, takeSnapshot took 1 ms
2021-07-20 05:56:01,645 [5c2410e7-10a6-4620-b434-e19b0245711c@group-321C7BA85E11-StateMachineUpdater] INFO  impl.StateMachineUpdater (StateMachineUpdater.java:takeSnapshot(281)) - 5c2410e7-10a6-4620-b434-e19b0245711c@group-321C7BA85E11-StateMachineUpdater: Took a snapshot at index 20
2021-07-20 05:56:01,645 [5c2410e7-10a6-4620-b434-e19b0245711c@group-321C7BA85E11-StateMachineUpdater] INFO  impl.StateMachineUpdater (StateMachineUpdater.java:lambda$new$0(89)) - 5c2410e7-10a6-4620-b434-e19b0245711c@group-321C7BA85E11-StateMachineUpdater: snapshotIndex: updateIncreasingly 15 -> 20
2021-07-20 05:56:01,645 [5c2410e7-10a6-4620-b434-e19b0245711c@group-321C7BA85E11-StateMachineUpdater] INFO  raftlog.RaftLog (RaftLogBase.java:purge(306)) - 5c2410e7-10a6-4620-b434-e19b0245711c@group-321C7BA85E11-SegmentedRaftLog: purge 20
2021-07-20 05:56:01,645 [5c2410e7-10a6-4620-b434-e19b0245711c@group-321C7BA85E11-StateMachineUpdater] INFO  raftlog.RaftLog (RaftLogBase.java:lambda$new$0(53)) - 5c2410e7-10a6-4620-b434-e19b0245711c@group-321C7BA85E11-SegmentedRaftLog: snapshotIndex: updateIncreasingly 15 -> 20
2021-07-20 05:56:01,645 [5c2410e7-10a6-4620-b434-e19b0245711c@group-321C7BA85E11-StateMachineUpdater] INFO  raftlog.RaftLog (RaftLogBase.java:lambda$new$0(53)) - 5c2410e7-10a6-4620-b434-e19b0245711c@group-321C7BA85E11-SegmentedRaftLog: purgeIndex: updateToMax old=15, new=20, updated? true
2021-07-20 05:56:01,646 [5c2410e7-10a6-4620-b434-e19b0245711c@group-321C7BA85E11-StateMachineUpdater] INFO  safemode.HealthyPipelineSafeModeRule (HealthyPipelineSafeModeRule.java:initializeRule(152)) - Refreshed total pipeline count is 0, healthy pipeline threshold count is 1
2021-07-20 05:56:01,644 [pool-133-thread-1] INFO  server.RaftServerConfigKeys (ConfUtils.java:logGet(44)) - raft.server.snapshot.auto.trigger.enabled = true (custom)
2021-07-20 05:56:01,646 [pool-133-thread-1] INFO  server.RaftServerConfigKeys (ConfUtils.java:logGet(44)) - raft.server.snapshot.auto.trigger.threshold = 10000 (custom)
2021-07-20 05:56:01,646 [pool-133-thread-1] INFO  server.RaftServerConfigKeys (ConfUtils.java:logGet(44)) - raft.server.snapshot.retention.file.num = 5 (custom)
2021-07-20 05:56:01,646 [pool-133-thread-1] INFO  server.RaftServerConfigKeys (ConfUtils.java:logGet(44)) - raft.server.log.purge.upto.snapshot.index = false (default)
2021-07-20 05:56:01,646 [pool-133-thread-1] INFO  server.RaftServerConfigKeys (ConfUtils.java:logGet(44)) - raft.server.retrycache.expirytime = 600000ms (custom)
2021-07-20 05:56:01,646 [pool-133-thread-1] INFO  server.RaftServerConfigKeys (ConfUtils.java:logGet(44)) - raft.server.retrycache.statistics.expirytime = 100μs (default)
2021-07-20 05:56:01,646 [pool-133-thread-1] INFO  metrics.RatisMetrics (RatisMetrics.java:lambda$create$0(36)) - Creating Metrics Registry : ratis.leader_election.577e6845-c807-4eb8-9332-2f265641e0df@group-D11F36815216
2021-07-20 05:56:01,647 [pool-133-thread-1] INFO  metrics.RatisMetrics (RatisMetrics.java:lambda$create$0(36)) - Creating Metrics Registry : ratis.server.577e6845-c807-4eb8-9332-2f265641e0df@group-D11F36815216
2021-07-20 05:56:01,641 [a3de057e-22ba-4f20-867a-3c0291662fe2@group-321C7BA85E11-StateMachineUpdater] INFO  safemode.HealthyPipelineSafeModeRule (HealthyPipelineSafeModeRule.java:initializeRule(152)) - Refreshed total pipeline count is 0, healthy pipeline threshold count is 1
2021-07-20 05:56:01,647 [EventQueue-PipelineReportForPipelineReportHandler] INFO  ha.SCMHAInvocationHandler (SCMHAInvocationHandler.java:invokeRatis(113)) - Invoking method public abstract void org.apache.hadoop.hdds.scm.pipeline.StateManager.updatePipelineState(org.apache.hadoop.hdds.protocol.proto.HddsProtos$PipelineID,org.apache.hadoop.hdds.protocol.proto.HddsProtos$PipelineState) throws java.io.IOException on target org.apache.hadoop.hdds.scm.ha.SCMRatisServerImpl@1a07937d, cost 16872.904us
2021-07-20 05:56:01,648 [pool-133-thread-1] INFO  server.RaftServer$Division (RaftServerImpl.java:start(295)) - 577e6845-c807-4eb8-9332-2f265641e0df@group-D11F36815216: start as a follower, conf=-1: [577e6845-c807-4eb8-9332-2f265641e0df|rpc:127.0.0.1:36047|priority:1], old=null
2021-07-20 05:56:01,649 [pool-133-thread-1] INFO  server.RaftServer$Division (RaftServerImpl.java:setRole(284)) - 577e6845-c807-4eb8-9332-2f265641e0df@group-D11F36815216: changes role from      null to FOLLOWER at term 0 for startAsFollower
2021-07-20 05:56:01,649 [pool-133-thread-1] INFO  impl.RoleInfo (RoleInfo.java:updateAndGet(130)) - 577e6845-c807-4eb8-9332-2f265641e0df: start 577e6845-c807-4eb8-9332-2f265641e0df@group-D11F36815216-FollowerState
2021-07-20 05:56:01,648 [EventQueue-OpenPipelineForHealthyPipelineSafeModeRule] INFO  safemode.SCMSafeModeManager (HealthyPipelineSafeModeRule.java:process(124)) - SCM in safe mode. Healthy pipelines reported count is 0, required healthy pipeline reported count is 1
2021-07-20 05:56:01,649 [pool-133-thread-1] INFO  util.JmxRegister (JmxRegister.java:tryRegister(44)) - Successfully registered JMX Bean with object name Ratis:service=RaftServer,group=group-D11F36815216,id=577e6845-c807-4eb8-9332-2f265641e0df
2021-07-20 05:56:01,649 [pool-133-thread-1] INFO  metrics.RatisMetrics (RatisMetrics.java:lambda$create$0(36)) - Creating Metrics Registry : ratis.state_machine.577e6845-c807-4eb8-9332-2f265641e0df@group-D11F36815216
2021-07-20 05:56:01,650 [Command processor thread] INFO  ratis.XceiverServerRatis (XceiverServerRatis.java:addGroup(759)) - Created group PipelineID=3c24f496-f95b-4179-a54b-d11f36815216
2021-07-20 05:56:01,650 [Command processor thread] INFO  commandhandler.CreatePipelineCommandHandler (CreatePipelineCommandHandler.java:handle(106)) - Created Pipeline RATIS ONE PipelineID=3c24f496-f95b-4179-a54b-d11f36815216.
2021-07-20 05:56:02,614 [Listener at 127.0.0.1/12232] INFO  ozone.MiniOzoneClusterImpl (MiniOzoneClusterImpl.java:lambda$waitForClusterToBeReady$0(230)) - Nodes are ready. Got 3 of 3 DN Heartbeats.
2021-07-20 05:56:02,615 [Listener at 127.0.0.1/12232] INFO  ozone.MiniOzoneClusterImpl (MiniOzoneClusterImpl.java:lambda$waitForClusterToBeReady$0(233)) - Waiting for cluster to exit safe mode
2021-07-20 05:56:02,615 [Listener at 127.0.0.1/12232] INFO  ozone.MiniOzoneClusterImpl (MiniOzoneClusterImpl.java:lambda$waitForClusterToBeReady$0(235)) - SCM became leader
2021-07-20 05:56:03,616 [Listener at 127.0.0.1/12232] INFO  ozone.MiniOzoneClusterImpl (MiniOzoneClusterImpl.java:lambda$waitForClusterToBeReady$0(230)) - Nodes are ready. Got 3 of 3 DN Heartbeats.
2021-07-20 05:56:03,616 [Listener at 127.0.0.1/12232] INFO  ozone.MiniOzoneClusterImpl (MiniOzoneClusterImpl.java:lambda$waitForClusterToBeReady$0(233)) - Waiting for cluster to exit safe mode
2021-07-20 05:56:03,616 [Listener at 127.0.0.1/12232] INFO  ozone.MiniOzoneClusterImpl (MiniOzoneClusterImpl.java:lambda$waitForClusterToBeReady$0(235)) - SCM became leader
2021-07-20 05:56:04,617 [Listener at 127.0.0.1/12232] INFO  ozone.MiniOzoneClusterImpl (MiniOzoneClusterImpl.java:lambda$waitForClusterToBeReady$0(230)) - Nodes are ready. Got 3 of 3 DN Heartbeats.
2021-07-20 05:56:04,617 [Listener at 127.0.0.1/12232] INFO  ozone.MiniOzoneClusterImpl (MiniOzoneClusterImpl.java:lambda$waitForClusterToBeReady$0(233)) - Waiting for cluster to exit safe mode
2021-07-20 05:56:04,617 [Listener at 127.0.0.1/12232] INFO  ozone.MiniOzoneClusterImpl (MiniOzoneClusterImpl.java:lambda$waitForClusterToBeReady$0(235)) - SCM became leader
2021-07-20 05:56:05,446 [Datanode State Machine Thread - 0] ERROR datanode.RunningDatanodeState (RunningDatanodeState.java:computeNextContainerState(199)) - Error in executing end point task.
java.util.concurrent.ExecutionException: java.util.concurrent.TimeoutException
	at java.util.concurrent.FutureTask.report(FutureTask.java:122)
	at java.util.concurrent.FutureTask.get(FutureTask.java:192)
	at org.apache.hadoop.ozone.container.common.states.datanode.RunningDatanodeState.computeNextContainerState(RunningDatanodeState.java:191)
	at org.apache.hadoop.ozone.container.common.states.datanode.RunningDatanodeState.await(RunningDatanodeState.java:231)
	at org.apache.hadoop.ozone.container.common.states.datanode.RunningDatanodeState.await(RunningDatanodeState.java:50)
	at org.apache.hadoop.ozone.container.common.statemachine.StateContext.execute(StateContext.java:629)
	at org.apache.hadoop.ozone.container.common.statemachine.DatanodeStateMachine.start(DatanodeStateMachine.java:269)
	at org.apache.hadoop.ozone.container.common.statemachine.DatanodeStateMachine.lambda$startDaemon$0(DatanodeStateMachine.java:455)
	at java.lang.Thread.run(Thread.java:748)
Caused by: java.util.concurrent.TimeoutException
	at java.util.concurrent.FutureTask.get(FutureTask.java:205)
	at org.apache.hadoop.ozone.container.common.states.datanode.RunningDatanodeState.lambda$execute$0(RunningDatanodeState.java:149)
	at java.util.concurrent.FutureTask.run(FutureTask.java:266)
	at java.util.concurrent.Executors$RunnableAdapter.call(Executors.java:511)
	at java.util.concurrent.FutureTask.run(FutureTask.java:266)
	at java.util.concurrent.ThreadPoolExecutor.runWorker(ThreadPoolExecutor.java:1149)
	at java.util.concurrent.ThreadPoolExecutor$Worker.run(ThreadPoolExecutor.java:624)
	... 1 more
2021-07-20 05:56:05,618 [Listener at 127.0.0.1/12232] INFO  ozone.MiniOzoneClusterImpl (MiniOzoneClusterImpl.java:lambda$waitForClusterToBeReady$0(230)) - Nodes are ready. Got 3 of 3 DN Heartbeats.
2021-07-20 05:56:05,618 [Listener at 127.0.0.1/12232] INFO  ozone.MiniOzoneClusterImpl (MiniOzoneClusterImpl.java:lambda$waitForClusterToBeReady$0(233)) - Waiting for cluster to exit safe mode
2021-07-20 05:56:05,618 [Listener at 127.0.0.1/12232] INFO  ozone.MiniOzoneClusterImpl (MiniOzoneClusterImpl.java:lambda$waitForClusterToBeReady$0(235)) - SCM became leader
2021-07-20 05:56:05,627 [Datanode State Machine Thread - 0] ERROR datanode.RunningDatanodeState (RunningDatanodeState.java:computeNextContainerState(199)) - Error in executing end point task.
java.util.concurrent.ExecutionException: java.util.concurrent.TimeoutException
	at java.util.concurrent.FutureTask.report(FutureTask.java:122)
	at java.util.concurrent.FutureTask.get(FutureTask.java:192)
	at org.apache.hadoop.ozone.container.common.states.datanode.RunningDatanodeState.computeNextContainerState(RunningDatanodeState.java:191)
	at org.apache.hadoop.ozone.container.common.states.datanode.RunningDatanodeState.await(RunningDatanodeState.java:231)
	at org.apache.hadoop.ozone.container.common.states.datanode.RunningDatanodeState.await(RunningDatanodeState.java:50)
	at org.apache.hadoop.ozone.container.common.statemachine.StateContext.execute(StateContext.java:629)
	at org.apache.hadoop.ozone.container.common.statemachine.DatanodeStateMachine.start(DatanodeStateMachine.java:269)
	at org.apache.hadoop.ozone.container.common.statemachine.DatanodeStateMachine.lambda$startDaemon$0(DatanodeStateMachine.java:455)
	at java.lang.Thread.run(Thread.java:748)
Caused by: java.util.concurrent.TimeoutException
	at java.util.concurrent.FutureTask.get(FutureTask.java:205)
	at org.apache.hadoop.ozone.container.common.states.datanode.RunningDatanodeState.lambda$execute$0(RunningDatanodeState.java:149)
	at java.util.concurrent.FutureTask.run(FutureTask.java:266)
	at java.util.concurrent.Executors$RunnableAdapter.call(Executors.java:511)
	at java.util.concurrent.FutureTask.run(FutureTask.java:266)
	at java.util.concurrent.ThreadPoolExecutor.runWorker(ThreadPoolExecutor.java:1149)
	at java.util.concurrent.ThreadPoolExecutor$Worker.run(ThreadPoolExecutor.java:624)
	... 1 more
2021-07-20 05:56:06,200 [9faaa3cd-c518-4f7b-b785-ee74f85cb545@group-8B3FC87223FC-FollowerState] INFO  impl.FollowerState (FollowerState.java:run(134)) - 9faaa3cd-c518-4f7b-b785-ee74f85cb545@group-8B3FC87223FC-FollowerState: change to CANDIDATE, lastRpcElapsedTime:5037056143ns, electionTimeout:5034ms
2021-07-20 05:56:06,201 [9faaa3cd-c518-4f7b-b785-ee74f85cb545@group-8B3FC87223FC-FollowerState] INFO  impl.RoleInfo (RoleInfo.java:shutdownFollowerState(108)) - 9faaa3cd-c518-4f7b-b785-ee74f85cb545: shutdown 9faaa3cd-c518-4f7b-b785-ee74f85cb545@group-8B3FC87223FC-FollowerState
2021-07-20 05:56:06,201 [9faaa3cd-c518-4f7b-b785-ee74f85cb545@group-8B3FC87223FC-FollowerState] INFO  server.RaftServer$Division (RaftServerImpl.java:setRole(284)) - 9faaa3cd-c518-4f7b-b785-ee74f85cb545@group-8B3FC87223FC: changes role from  FOLLOWER to CANDIDATE at term 0 for changeToCandidate
2021-07-20 05:56:06,201 [9faaa3cd-c518-4f7b-b785-ee74f85cb545@group-8B3FC87223FC-FollowerState] INFO  server.RaftServerConfigKeys (ConfUtils.java:logGet(44)) - raft.server.leaderelection.pre-vote = false (custom)
2021-07-20 05:56:06,201 [9faaa3cd-c518-4f7b-b785-ee74f85cb545@group-8B3FC87223FC-FollowerState] INFO  impl.RoleInfo (RoleInfo.java:updateAndGet(130)) - 9faaa3cd-c518-4f7b-b785-ee74f85cb545: start 9faaa3cd-c518-4f7b-b785-ee74f85cb545@group-8B3FC87223FC-LeaderElection4
2021-07-20 05:56:06,212 [9faaa3cd-c518-4f7b-b785-ee74f85cb545@group-8B3FC87223FC-LeaderElection4] INFO  impl.LeaderElection (LeaderElection.java:askForVotes(306)) - 9faaa3cd-c518-4f7b-b785-ee74f85cb545@group-8B3FC87223FC-LeaderElection4 ELECTION round 0: submit vote requests at term 1 for -1: [9faaa3cd-c518-4f7b-b785-ee74f85cb545|rpc:127.0.0.1:34605|priority:1], old=null
2021-07-20 05:56:06,212 [9faaa3cd-c518-4f7b-b785-ee74f85cb545@group-8B3FC87223FC-LeaderElection4] INFO  impl.LeaderElection (LeaderElection.java:askForVotes(308)) - 9faaa3cd-c518-4f7b-b785-ee74f85cb545@group-8B3FC87223FC-LeaderElection4 ELECTION round 0: result PASSED (term=1)
2021-07-20 05:56:06,212 [9faaa3cd-c518-4f7b-b785-ee74f85cb545@group-8B3FC87223FC-LeaderElection4] INFO  impl.RoleInfo (RoleInfo.java:shutdownLeaderElection(121)) - 9faaa3cd-c518-4f7b-b785-ee74f85cb545: shutdown 9faaa3cd-c518-4f7b-b785-ee74f85cb545@group-8B3FC87223FC-LeaderElection4
2021-07-20 05:56:06,213 [9faaa3cd-c518-4f7b-b785-ee74f85cb545@group-8B3FC87223FC-LeaderElection4] INFO  server.RaftServer$Division (RaftServerImpl.java:setRole(284)) - 9faaa3cd-c518-4f7b-b785-ee74f85cb545@group-8B3FC87223FC: changes role from CANDIDATE to LEADER at term 1 for changeToLeader
2021-07-20 05:56:06,213 [9faaa3cd-c518-4f7b-b785-ee74f85cb545@group-8B3FC87223FC-LeaderElection4] INFO  ratis.XceiverServerRatis (XceiverServerRatis.java:handleLeaderChangedNotification(857)) - Leader change notification received for group: group-8B3FC87223FC with new leaderId: 9faaa3cd-c518-4f7b-b785-ee74f85cb545
2021-07-20 05:56:06,213 [9faaa3cd-c518-4f7b-b785-ee74f85cb545@group-8B3FC87223FC-LeaderElection4] INFO  server.RaftServer$Division (ServerState.java:setLeader(271)) - 9faaa3cd-c518-4f7b-b785-ee74f85cb545@group-8B3FC87223FC: change Leader from null to 9faaa3cd-c518-4f7b-b785-ee74f85cb545 at term 1 for becomeLeader, leader elected after 5082ms
2021-07-20 05:56:06,213 [9faaa3cd-c518-4f7b-b785-ee74f85cb545@group-8B3FC87223FC-LeaderElection4] INFO  server.RaftServerConfigKeys (ConfUtils.java:logGet(44)) - raft.server.staging.catchup.gap = 1000 (default)
2021-07-20 05:56:06,213 [9faaa3cd-c518-4f7b-b785-ee74f85cb545@group-8B3FC87223FC-LeaderElection4] INFO  metrics.RatisMetrics (RatisMetrics.java:lambda$create$0(36)) - Creating Metrics Registry : ratis.log_appender.9faaa3cd-c518-4f7b-b785-ee74f85cb545@group-8B3FC87223FC
2021-07-20 05:56:06,213 [9faaa3cd-c518-4f7b-b785-ee74f85cb545@group-8B3FC87223FC-LeaderElection4] INFO  server.RaftServerConfigKeys (ConfUtils.java:logGet(44)) - raft.server.write.element-limit = 1024 (custom)
2021-07-20 05:56:06,213 [9faaa3cd-c518-4f7b-b785-ee74f85cb545@group-8B3FC87223FC-LeaderElection4] INFO  server.RaftServerConfigKeys (ConfUtils.java:logGet(44)) - raft.server.write.byte-limit = 1073741824 (custom)
2021-07-20 05:56:06,214 [9faaa3cd-c518-4f7b-b785-ee74f85cb545@group-8B3FC87223FC-LeaderElection4] INFO  server.RaftServerConfigKeys (ConfUtils.java:logGet(44)) - raft.server.watch.timeout = 180s (custom)
2021-07-20 05:56:06,214 [9faaa3cd-c518-4f7b-b785-ee74f85cb545@group-8B3FC87223FC-LeaderElection4] INFO  server.RaftServerConfigKeys (ConfUtils.java:logGet(44)) - raft.server.watch.timeout.denomination = 1s (default)
2021-07-20 05:56:06,214 [9faaa3cd-c518-4f7b-b785-ee74f85cb545@group-8B3FC87223FC-LeaderElection4] INFO  server.RaftServerConfigKeys (ConfUtils.java:logGet(44)) - raft.server.watch.element-limit = 65536 (default)
2021-07-20 05:56:06,214 [9faaa3cd-c518-4f7b-b785-ee74f85cb545@group-8B3FC87223FC-LeaderElection4] INFO  impl.RoleInfo (RoleInfo.java:updateAndGet(130)) - 9faaa3cd-c518-4f7b-b785-ee74f85cb545: start 9faaa3cd-c518-4f7b-b785-ee74f85cb545@group-8B3FC87223FC-LeaderStateImpl
2021-07-20 05:56:06,215 [EventQueue-OpenPipelineForHealthyPipelineSafeModeRule] INFO  safemode.SCMSafeModeManager (HealthyPipelineSafeModeRule.java:process(124)) - SCM in safe mode. Healthy pipelines reported count is 0, required healthy pipeline reported count is 1
2021-07-20 05:56:06,215 [EventQueue-OpenPipelineForHealthyPipelineSafeModeRule] INFO  safemode.SCMSafeModeManager (HealthyPipelineSafeModeRule.java:process(124)) - SCM in safe mode. Healthy pipelines reported count is 0, required healthy pipeline reported count is 1
2021-07-20 05:56:06,215 [9faaa3cd-c518-4f7b-b785-ee74f85cb545@group-8B3FC87223FC-LeaderElection4] INFO  segmented.SegmentedRaftLogWorker (SegmentedRaftLogWorker.java:startLogSegment(394)) - 9faaa3cd-c518-4f7b-b785-ee74f85cb545@group-8B3FC87223FC-SegmentedRaftLogWorker: Starting segment from index:0
2021-07-20 05:56:06,220 [9faaa3cd-c518-4f7b-b785-ee74f85cb545@group-8B3FC87223FC-SegmentedRaftLogWorker] INFO  segmented.SegmentedRaftLogWorker (SegmentedRaftLogWorker.java:execute(601)) - 9faaa3cd-c518-4f7b-b785-ee74f85cb545@group-8B3FC87223FC-SegmentedRaftLogWorker: created new log segment /home/runner/work/ozone/ozone/mnt/ozone/hadoop-ozone/integration-test/target/test-dir/MiniOzoneClusterImpl-b2c6a007-39d2-4e45-b76c-321c7ba85e11/datanode-0/data/ratis/e087c57f-330f-4d9d-9148-8b3fc87223fc/current/log_inprogress_0
2021-07-20 05:56:06,225 [9faaa3cd-c518-4f7b-b785-ee74f85cb545@group-8B3FC87223FC-LeaderElection4] INFO  server.RaftServer$Division (ServerState.java:setRaftConf(373)) - 9faaa3cd-c518-4f7b-b785-ee74f85cb545@group-8B3FC87223FC: set configuration 0: [9faaa3cd-c518-4f7b-b785-ee74f85cb545|rpc:127.0.0.1:34605|dataStream:|priority:1], old=null
2021-07-20 05:56:06,269 [9faaa3cd-c518-4f7b-b785-ee74f85cb545@group-BF0FFBB7682E-FollowerState] INFO  impl.FollowerState (FollowerState.java:run(134)) - 9faaa3cd-c518-4f7b-b785-ee74f85cb545@group-BF0FFBB7682E-FollowerState: change to CANDIDATE, lastRpcElapsedTime:5051036067ns, electionTimeout:5048ms
2021-07-20 05:56:06,270 [9faaa3cd-c518-4f7b-b785-ee74f85cb545@group-BF0FFBB7682E-FollowerState] INFO  impl.RoleInfo (RoleInfo.java:shutdownFollowerState(108)) - 9faaa3cd-c518-4f7b-b785-ee74f85cb545: shutdown 9faaa3cd-c518-4f7b-b785-ee74f85cb545@group-BF0FFBB7682E-FollowerState
2021-07-20 05:56:06,270 [9faaa3cd-c518-4f7b-b785-ee74f85cb545@group-BF0FFBB7682E-FollowerState] INFO  server.RaftServer$Division (RaftServerImpl.java:setRole(284)) - 9faaa3cd-c518-4f7b-b785-ee74f85cb545@group-BF0FFBB7682E: changes role from  FOLLOWER to CANDIDATE at term 0 for changeToCandidate
2021-07-20 05:56:06,270 [9faaa3cd-c518-4f7b-b785-ee74f85cb545@group-BF0FFBB7682E-FollowerState] INFO  server.RaftServerConfigKeys (ConfUtils.java:logGet(44)) - raft.server.leaderelection.pre-vote = false (custom)
2021-07-20 05:56:06,270 [9faaa3cd-c518-4f7b-b785-ee74f85cb545@group-BF0FFBB7682E-FollowerState] INFO  impl.RoleInfo (RoleInfo.java:updateAndGet(130)) - 9faaa3cd-c518-4f7b-b785-ee74f85cb545: start 9faaa3cd-c518-4f7b-b785-ee74f85cb545@group-BF0FFBB7682E-LeaderElection5
2021-07-20 05:56:06,274 [9faaa3cd-c518-4f7b-b785-ee74f85cb545@group-BF0FFBB7682E-LeaderElection5] INFO  impl.LeaderElection (LeaderElection.java:askForVotes(306)) - 9faaa3cd-c518-4f7b-b785-ee74f85cb545@group-BF0FFBB7682E-LeaderElection5 ELECTION round 0: submit vote requests at term 1 for -1: [9faaa3cd-c518-4f7b-b785-ee74f85cb545|rpc:127.0.0.1:34605|priority:0, 06501cb2-b233-4740-8c26-b46265537cb4|rpc:127.0.0.1:38707|priority:1, 577e6845-c807-4eb8-9332-2f265641e0df|rpc:127.0.0.1:36047|priority:0], old=null
2021-07-20 05:56:06,294 [grpc-default-executor-2] INFO  server.RaftServer$Division (RaftServerImpl.java:requestVote(1042)) - 06501cb2-b233-4740-8c26-b46265537cb4@group-BF0FFBB7682E: receive requestVote(ELECTION, 9faaa3cd-c518-4f7b-b785-ee74f85cb545, group-BF0FFBB7682E, 1, (t:0, i:0))
2021-07-20 05:56:06,295 [grpc-default-executor-2] INFO  impl.VoteContext (VoteContext.java:log(48)) - 06501cb2-b233-4740-8c26-b46265537cb4@group-BF0FFBB7682E-FOLLOWER: reject ELECTION from 9faaa3cd-c518-4f7b-b785-ee74f85cb545: our priority 1 > candidate's priority 0
2021-07-20 05:56:06,295 [grpc-default-executor-2] INFO  server.RaftServer$Division (RaftServerImpl.java:setRole(284)) - 06501cb2-b233-4740-8c26-b46265537cb4@group-BF0FFBB7682E: changes role from  FOLLOWER to FOLLOWER at term 1 for candidate:9faaa3cd-c518-4f7b-b785-ee74f85cb545
2021-07-20 05:56:06,295 [grpc-default-executor-2] INFO  impl.RoleInfo (RoleInfo.java:shutdownFollowerState(108)) - 06501cb2-b233-4740-8c26-b46265537cb4: shutdown 06501cb2-b233-4740-8c26-b46265537cb4@group-BF0FFBB7682E-FollowerState
2021-07-20 05:56:06,297 [06501cb2-b233-4740-8c26-b46265537cb4@group-BF0FFBB7682E-FollowerState] INFO  impl.FollowerState (FollowerState.java:run(143)) - 06501cb2-b233-4740-8c26-b46265537cb4@group-BF0FFBB7682E-FollowerState was interrupted: {}
java.lang.InterruptedException: sleep interrupted
	at java.lang.Thread.sleep(Native Method)
	at java.lang.Thread.sleep(Thread.java:340)
	at java.util.concurrent.TimeUnit.sleep(TimeUnit.java:386)
	at org.apache.ratis.util.TimeDuration.sleep(TimeDuration.java:324)
	at org.apache.ratis.util.TimeDuration.sleep(TimeDuration.java:309)
	at org.apache.ratis.server.impl.FollowerState.run(FollowerState.java:118)
2021-07-20 05:56:06,298 [grpc-default-executor-2] INFO  impl.RoleInfo (RoleInfo.java:updateAndGet(130)) - 06501cb2-b233-4740-8c26-b46265537cb4: start 06501cb2-b233-4740-8c26-b46265537cb4@group-BF0FFBB7682E-FollowerState
2021-07-20 05:56:06,298 [grpc-default-executor-0] INFO  server.RaftServer$Division (RaftServerImpl.java:requestVote(1042)) - 577e6845-c807-4eb8-9332-2f265641e0df@group-BF0FFBB7682E: receive requestVote(ELECTION, 9faaa3cd-c518-4f7b-b785-ee74f85cb545, group-BF0FFBB7682E, 1, (t:0, i:0))
2021-07-20 05:56:06,298 [grpc-default-executor-0] INFO  impl.VoteContext (VoteContext.java:log(48)) - 577e6845-c807-4eb8-9332-2f265641e0df@group-BF0FFBB7682E-FOLLOWER: accept ELECTION from 9faaa3cd-c518-4f7b-b785-ee74f85cb545: our priority 0 <= candidate's priority 0
2021-07-20 05:56:06,299 [grpc-default-executor-0] INFO  server.RaftServer$Division (RaftServerImpl.java:setRole(284)) - 577e6845-c807-4eb8-9332-2f265641e0df@group-BF0FFBB7682E: changes role from  FOLLOWER to FOLLOWER at term 1 for candidate:9faaa3cd-c518-4f7b-b785-ee74f85cb545
2021-07-20 05:56:06,299 [grpc-default-executor-0] INFO  impl.RoleInfo (RoleInfo.java:shutdownFollowerState(108)) - 577e6845-c807-4eb8-9332-2f265641e0df: shutdown 577e6845-c807-4eb8-9332-2f265641e0df@group-BF0FFBB7682E-FollowerState
2021-07-20 05:56:06,299 [577e6845-c807-4eb8-9332-2f265641e0df@group-BF0FFBB7682E-FollowerState] INFO  impl.FollowerState (FollowerState.java:run(143)) - 577e6845-c807-4eb8-9332-2f265641e0df@group-BF0FFBB7682E-FollowerState was interrupted: {}
java.lang.InterruptedException: sleep interrupted
	at java.lang.Thread.sleep(Native Method)
	at java.lang.Thread.sleep(Thread.java:340)
	at java.util.concurrent.TimeUnit.sleep(TimeUnit.java:386)
	at org.apache.ratis.util.TimeDuration.sleep(TimeDuration.java:324)
	at org.apache.ratis.util.TimeDuration.sleep(TimeDuration.java:309)
	at org.apache.ratis.server.impl.FollowerState.run(FollowerState.java:118)
2021-07-20 05:56:06,299 [grpc-default-executor-0] INFO  impl.RoleInfo (RoleInfo.java:updateAndGet(130)) - 577e6845-c807-4eb8-9332-2f265641e0df: start 577e6845-c807-4eb8-9332-2f265641e0df@group-BF0FFBB7682E-FollowerState
2021-07-20 05:56:06,306 [grpc-default-executor-2] INFO  server.RaftServer$Division (RaftServerImpl.java:requestVote(1074)) - 06501cb2-b233-4740-8c26-b46265537cb4@group-BF0FFBB7682E replies to ELECTION vote request: 9faaa3cd-c518-4f7b-b785-ee74f85cb545<-06501cb2-b233-4740-8c26-b46265537cb4#0:FAIL-t1. Peer's state: 06501cb2-b233-4740-8c26-b46265537cb4@group-BF0FFBB7682E:t1, leader=null, voted=null, raftlog=06501cb2-b233-4740-8c26-b46265537cb4@group-BF0FFBB7682E-SegmentedRaftLog:OPENED:c-1,f-1,i0, conf=-1: [9faaa3cd-c518-4f7b-b785-ee74f85cb545|rpc:127.0.0.1:34605|dataStream:|priority:0, 06501cb2-b233-4740-8c26-b46265537cb4|rpc:127.0.0.1:38707|dataStream:|priority:1, 577e6845-c807-4eb8-9332-2f265641e0df|rpc:127.0.0.1:36047|dataStream:|priority:0], old=null
2021-07-20 05:56:06,306 [grpc-default-executor-0] INFO  server.RaftServer$Division (RaftServerImpl.java:requestVote(1074)) - 577e6845-c807-4eb8-9332-2f265641e0df@group-BF0FFBB7682E replies to ELECTION vote request: 9faaa3cd-c518-4f7b-b785-ee74f85cb545<-577e6845-c807-4eb8-9332-2f265641e0df#0:OK-t1. Peer's state: 577e6845-c807-4eb8-9332-2f265641e0df@group-BF0FFBB7682E:t1, leader=null, voted=9faaa3cd-c518-4f7b-b785-ee74f85cb545, raftlog=577e6845-c807-4eb8-9332-2f265641e0df@group-BF0FFBB7682E-SegmentedRaftLog:OPENED:c-1,f-1,i0, conf=-1: [9faaa3cd-c518-4f7b-b785-ee74f85cb545|rpc:127.0.0.1:34605|dataStream:|priority:0, 06501cb2-b233-4740-8c26-b46265537cb4|rpc:127.0.0.1:38707|dataStream:|priority:1, 577e6845-c807-4eb8-9332-2f265641e0df|rpc:127.0.0.1:36047|dataStream:|priority:0], old=null
2021-07-20 05:56:06,309 [9faaa3cd-c518-4f7b-b785-ee74f85cb545@group-BF0FFBB7682E-LeaderElection5] INFO  impl.LeaderElection (LeaderElection.java:logAndReturn(89)) - 9faaa3cd-c518-4f7b-b785-ee74f85cb545@group-BF0FFBB7682E-LeaderElection5: ELECTION REJECTED received 1 response(s) and 0 exception(s):
2021-07-20 05:56:06,310 [9faaa3cd-c518-4f7b-b785-ee74f85cb545@group-BF0FFBB7682E-LeaderElection5] INFO  impl.LeaderElection (LeaderElection.java:logAndReturn(93)) -   Response 0: 9faaa3cd-c518-4f7b-b785-ee74f85cb545<-06501cb2-b233-4740-8c26-b46265537cb4#0:FAIL-t1
2021-07-20 05:56:06,310 [9faaa3cd-c518-4f7b-b785-ee74f85cb545@group-BF0FFBB7682E-LeaderElection5] INFO  impl.LeaderElection (LeaderElection.java:askForVotes(308)) - 9faaa3cd-c518-4f7b-b785-ee74f85cb545@group-BF0FFBB7682E-LeaderElection5 ELECTION round 0: result REJECTED
2021-07-20 05:56:06,310 [9faaa3cd-c518-4f7b-b785-ee74f85cb545@group-BF0FFBB7682E-LeaderElection5] INFO  server.RaftServer$Division (RaftServerImpl.java:setRole(284)) - 9faaa3cd-c518-4f7b-b785-ee74f85cb545@group-BF0FFBB7682E: changes role from CANDIDATE to FOLLOWER at term 1 for REJECTED
2021-07-20 05:56:06,310 [9faaa3cd-c518-4f7b-b785-ee74f85cb545@group-BF0FFBB7682E-LeaderElection5] INFO  impl.RoleInfo (RoleInfo.java:shutdownLeaderElection(121)) - 9faaa3cd-c518-4f7b-b785-ee74f85cb545: shutdown 9faaa3cd-c518-4f7b-b785-ee74f85cb545@group-BF0FFBB7682E-LeaderElection5
2021-07-20 05:56:06,311 [9faaa3cd-c518-4f7b-b785-ee74f85cb545@group-BF0FFBB7682E-LeaderElection5] INFO  impl.RoleInfo (RoleInfo.java:updateAndGet(130)) - 9faaa3cd-c518-4f7b-b785-ee74f85cb545: start 9faaa3cd-c518-4f7b-b785-ee74f85cb545@group-BF0FFBB7682E-FollowerState
2021-07-20 05:56:06,493 [9faaa3cd-c518-4f7b-b785-ee74f85cb545@group-EC3C46D17947-FollowerState] INFO  impl.FollowerState (FollowerState.java:run(134)) - 9faaa3cd-c518-4f7b-b785-ee74f85cb545@group-EC3C46D17947-FollowerState: change to CANDIDATE, lastRpcElapsedTime:5044919076ns, electionTimeout:5037ms
2021-07-20 05:56:06,494 [9faaa3cd-c518-4f7b-b785-ee74f85cb545@group-EC3C46D17947-FollowerState] INFO  impl.RoleInfo (RoleInfo.java:shutdownFollowerState(108)) - 9faaa3cd-c518-4f7b-b785-ee74f85cb545: shutdown 9faaa3cd-c518-4f7b-b785-ee74f85cb545@group-EC3C46D17947-FollowerState
2021-07-20 05:56:06,495 [9faaa3cd-c518-4f7b-b785-ee74f85cb545@group-EC3C46D17947-FollowerState] INFO  server.RaftServer$Division (RaftServerImpl.java:setRole(284)) - 9faaa3cd-c518-4f7b-b785-ee74f85cb545@group-EC3C46D17947: changes role from  FOLLOWER to CANDIDATE at term 0 for changeToCandidate
2021-07-20 05:56:06,495 [9faaa3cd-c518-4f7b-b785-ee74f85cb545@group-EC3C46D17947-FollowerState] INFO  server.RaftServerConfigKeys (ConfUtils.java:logGet(44)) - raft.server.leaderelection.pre-vote = false (custom)
2021-07-20 05:56:06,495 [9faaa3cd-c518-4f7b-b785-ee74f85cb545@group-EC3C46D17947-FollowerState] INFO  impl.RoleInfo (RoleInfo.java:updateAndGet(130)) - 9faaa3cd-c518-4f7b-b785-ee74f85cb545: start 9faaa3cd-c518-4f7b-b785-ee74f85cb545@group-EC3C46D17947-LeaderElection6
2021-07-20 05:56:06,498 [9faaa3cd-c518-4f7b-b785-ee74f85cb545@group-EC3C46D17947-LeaderElection6] INFO  impl.LeaderElection (LeaderElection.java:askForVotes(306)) - 9faaa3cd-c518-4f7b-b785-ee74f85cb545@group-EC3C46D17947-LeaderElection6 ELECTION round 0: submit vote requests at term 1 for -1: [9faaa3cd-c518-4f7b-b785-ee74f85cb545|rpc:127.0.0.1:34605|priority:1, 06501cb2-b233-4740-8c26-b46265537cb4|rpc:127.0.0.1:38707|priority:0, 577e6845-c807-4eb8-9332-2f265641e0df|rpc:127.0.0.1:36047|priority:0], old=null
2021-07-20 05:56:06,503 [grpc-default-executor-2] INFO  server.RaftServer$Division (RaftServerImpl.java:requestVote(1042)) - 06501cb2-b233-4740-8c26-b46265537cb4@group-EC3C46D17947: receive requestVote(ELECTION, 9faaa3cd-c518-4f7b-b785-ee74f85cb545, group-EC3C46D17947, 1, (t:0, i:0))
2021-07-20 05:56:06,503 [grpc-default-executor-2] INFO  impl.VoteContext (VoteContext.java:log(48)) - 06501cb2-b233-4740-8c26-b46265537cb4@group-EC3C46D17947-FOLLOWER: accept ELECTION from 9faaa3cd-c518-4f7b-b785-ee74f85cb545: our priority 0 <= candidate's priority 1
2021-07-20 05:56:06,503 [grpc-default-executor-2] INFO  server.RaftServer$Division (RaftServerImpl.java:setRole(284)) - 06501cb2-b233-4740-8c26-b46265537cb4@group-EC3C46D17947: changes role from  FOLLOWER to FOLLOWER at term 1 for candidate:9faaa3cd-c518-4f7b-b785-ee74f85cb545
2021-07-20 05:56:06,503 [grpc-default-executor-2] INFO  impl.RoleInfo (RoleInfo.java:shutdownFollowerState(108)) - 06501cb2-b233-4740-8c26-b46265537cb4: shutdown 06501cb2-b233-4740-8c26-b46265537cb4@group-EC3C46D17947-FollowerState
2021-07-20 05:56:06,504 [06501cb2-b233-4740-8c26-b46265537cb4@group-EC3C46D17947-FollowerState] INFO  impl.FollowerState (FollowerState.java:run(143)) - 06501cb2-b233-4740-8c26-b46265537cb4@group-EC3C46D17947-FollowerState was interrupted: {}
java.lang.InterruptedException: sleep interrupted
	at java.lang.Thread.sleep(Native Method)
	at java.lang.Thread.sleep(Thread.java:340)
	at java.util.concurrent.TimeUnit.sleep(TimeUnit.java:386)
	at org.apache.ratis.util.TimeDuration.sleep(TimeDuration.java:324)
	at org.apache.ratis.util.TimeDuration.sleep(TimeDuration.java:309)
	at org.apache.ratis.server.impl.FollowerState.run(FollowerState.java:118)
2021-07-20 05:56:06,504 [grpc-default-executor-2] INFO  impl.RoleInfo (RoleInfo.java:updateAndGet(130)) - 06501cb2-b233-4740-8c26-b46265537cb4: start 06501cb2-b233-4740-8c26-b46265537cb4@group-EC3C46D17947-FollowerState
2021-07-20 05:56:06,506 [grpc-default-executor-0] INFO  server.RaftServer$Division (RaftServerImpl.java:requestVote(1042)) - 577e6845-c807-4eb8-9332-2f265641e0df@group-EC3C46D17947: receive requestVote(ELECTION, 9faaa3cd-c518-4f7b-b785-ee74f85cb545, group-EC3C46D17947, 1, (t:0, i:0))
2021-07-20 05:56:06,506 [grpc-default-executor-0] INFO  impl.VoteContext (VoteContext.java:log(48)) - 577e6845-c807-4eb8-9332-2f265641e0df@group-EC3C46D17947-FOLLOWER: accept ELECTION from 9faaa3cd-c518-4f7b-b785-ee74f85cb545: our priority 0 <= candidate's priority 1
2021-07-20 05:56:06,506 [grpc-default-executor-0] INFO  server.RaftServer$Division (RaftServerImpl.java:setRole(284)) - 577e6845-c807-4eb8-9332-2f265641e0df@group-EC3C46D17947: changes role from  FOLLOWER to FOLLOWER at term 1 for candidate:9faaa3cd-c518-4f7b-b785-ee74f85cb545
2021-07-20 05:56:06,506 [grpc-default-executor-0] INFO  impl.RoleInfo (RoleInfo.java:shutdownFollowerState(108)) - 577e6845-c807-4eb8-9332-2f265641e0df: shutdown 577e6845-c807-4eb8-9332-2f265641e0df@group-EC3C46D17947-FollowerState
2021-07-20 05:56:06,510 [577e6845-c807-4eb8-9332-2f265641e0df@group-EC3C46D17947-FollowerState] INFO  impl.FollowerState (FollowerState.java:run(143)) - 577e6845-c807-4eb8-9332-2f265641e0df@group-EC3C46D17947-FollowerState was interrupted: {}
java.lang.InterruptedException: sleep interrupted
	at java.lang.Thread.sleep(Native Method)
	at java.lang.Thread.sleep(Thread.java:340)
	at java.util.concurrent.TimeUnit.sleep(TimeUnit.java:386)
	at org.apache.ratis.util.TimeDuration.sleep(TimeDuration.java:324)
	at org.apache.ratis.util.TimeDuration.sleep(TimeDuration.java:309)
	at org.apache.ratis.server.impl.FollowerState.run(FollowerState.java:118)
2021-07-20 05:56:06,510 [grpc-default-executor-0] INFO  impl.RoleInfo (RoleInfo.java:updateAndGet(130)) - 577e6845-c807-4eb8-9332-2f265641e0df: start 577e6845-c807-4eb8-9332-2f265641e0df@group-EC3C46D17947-FollowerState
2021-07-20 05:56:06,511 [grpc-default-executor-2] INFO  server.RaftServer$Division (RaftServerImpl.java:requestVote(1074)) - 06501cb2-b233-4740-8c26-b46265537cb4@group-EC3C46D17947 replies to ELECTION vote request: 9faaa3cd-c518-4f7b-b785-ee74f85cb545<-06501cb2-b233-4740-8c26-b46265537cb4#0:OK-t1. Peer's state: 06501cb2-b233-4740-8c26-b46265537cb4@group-EC3C46D17947:t1, leader=null, voted=9faaa3cd-c518-4f7b-b785-ee74f85cb545, raftlog=06501cb2-b233-4740-8c26-b46265537cb4@group-EC3C46D17947-SegmentedRaftLog:OPENED:c-1,f-1,i0, conf=-1: [9faaa3cd-c518-4f7b-b785-ee74f85cb545|rpc:127.0.0.1:34605|priority:1, 06501cb2-b233-4740-8c26-b46265537cb4|rpc:127.0.0.1:38707|priority:0, 577e6845-c807-4eb8-9332-2f265641e0df|rpc:127.0.0.1:36047|priority:0], old=null
2021-07-20 05:56:06,513 [9faaa3cd-c518-4f7b-b785-ee74f85cb545@group-EC3C46D17947-LeaderElection6] INFO  impl.LeaderElection (LeaderElection.java:logAndReturn(89)) - 9faaa3cd-c518-4f7b-b785-ee74f85cb545@group-EC3C46D17947-LeaderElection6: ELECTION PASSED received 1 response(s) and 0 exception(s):
2021-07-20 05:56:06,513 [9faaa3cd-c518-4f7b-b785-ee74f85cb545@group-EC3C46D17947-LeaderElection6] INFO  impl.LeaderElection (LeaderElection.java:logAndReturn(93)) -   Response 0: 9faaa3cd-c518-4f7b-b785-ee74f85cb545<-06501cb2-b233-4740-8c26-b46265537cb4#0:OK-t1
2021-07-20 05:56:06,513 [9faaa3cd-c518-4f7b-b785-ee74f85cb545@group-EC3C46D17947-LeaderElection6] INFO  impl.LeaderElection (LeaderElection.java:askForVotes(308)) - 9faaa3cd-c518-4f7b-b785-ee74f85cb545@group-EC3C46D17947-LeaderElection6 ELECTION round 0: result PASSED
2021-07-20 05:56:06,513 [9faaa3cd-c518-4f7b-b785-ee74f85cb545@group-EC3C46D17947-LeaderElection6] INFO  impl.RoleInfo (RoleInfo.java:shutdownLeaderElection(121)) - 9faaa3cd-c518-4f7b-b785-ee74f85cb545: shutdown 9faaa3cd-c518-4f7b-b785-ee74f85cb545@group-EC3C46D17947-LeaderElection6
2021-07-20 05:56:06,513 [9faaa3cd-c518-4f7b-b785-ee74f85cb545@group-EC3C46D17947-LeaderElection6] INFO  server.RaftServer$Division (RaftServerImpl.java:setRole(284)) - 9faaa3cd-c518-4f7b-b785-ee74f85cb545@group-EC3C46D17947: changes role from CANDIDATE to LEADER at term 1 for changeToLeader
2021-07-20 05:56:06,513 [9faaa3cd-c518-4f7b-b785-ee74f85cb545@group-EC3C46D17947-LeaderElection6] INFO  ratis.XceiverServerRatis (XceiverServerRatis.java:handleLeaderChangedNotification(857)) - Leader change notification received for group: group-EC3C46D17947 with new leaderId: 9faaa3cd-c518-4f7b-b785-ee74f85cb545
2021-07-20 05:56:06,513 [9faaa3cd-c518-4f7b-b785-ee74f85cb545@group-EC3C46D17947-LeaderElection6] INFO  server.RaftServer$Division (ServerState.java:setLeader(271)) - 9faaa3cd-c518-4f7b-b785-ee74f85cb545@group-EC3C46D17947: change Leader from null to 9faaa3cd-c518-4f7b-b785-ee74f85cb545 at term 1 for becomeLeader, leader elected after 5097ms
2021-07-20 05:56:06,513 [9faaa3cd-c518-4f7b-b785-ee74f85cb545@group-EC3C46D17947-LeaderElection6] INFO  server.RaftServerConfigKeys (ConfUtils.java:logGet(44)) - raft.server.staging.catchup.gap = 1000 (default)
2021-07-20 05:56:06,514 [9faaa3cd-c518-4f7b-b785-ee74f85cb545@group-EC3C46D17947-LeaderElection6] INFO  metrics.RatisMetrics (RatisMetrics.java:lambda$create$0(36)) - Creating Metrics Registry : ratis.log_appender.9faaa3cd-c518-4f7b-b785-ee74f85cb545@group-EC3C46D17947
2021-07-20 05:56:06,515 [9faaa3cd-c518-4f7b-b785-ee74f85cb545@group-EC3C46D17947-LeaderElection6] INFO  server.RaftServerConfigKeys (ConfUtils.java:logGet(44)) - raft.server.write.element-limit = 1024 (custom)
2021-07-20 05:56:06,515 [9faaa3cd-c518-4f7b-b785-ee74f85cb545@group-EC3C46D17947-LeaderElection6] INFO  server.RaftServerConfigKeys (ConfUtils.java:logGet(44)) - raft.server.write.byte-limit = 1073741824 (custom)
2021-07-20 05:56:06,515 [9faaa3cd-c518-4f7b-b785-ee74f85cb545@group-EC3C46D17947-LeaderElection6] INFO  server.RaftServerConfigKeys (ConfUtils.java:logGet(44)) - raft.server.watch.timeout = 180s (custom)
2021-07-20 05:56:06,515 [9faaa3cd-c518-4f7b-b785-ee74f85cb545@group-EC3C46D17947-LeaderElection6] INFO  server.RaftServerConfigKeys (ConfUtils.java:logGet(44)) - raft.server.watch.timeout.denomination = 1s (default)
2021-07-20 05:56:06,515 [9faaa3cd-c518-4f7b-b785-ee74f85cb545@group-EC3C46D17947-LeaderElection6] INFO  server.RaftServerConfigKeys (ConfUtils.java:logGet(44)) - raft.server.watch.element-limit = 65536 (default)
2021-07-20 05:56:06,515 [9faaa3cd-c518-4f7b-b785-ee74f85cb545@group-EC3C46D17947-LeaderElection6] INFO  server.RaftServerConfigKeys (ConfUtils.java:logGet(44)) - raft.server.log.appender.snapshot.chunk.size.max = 16MB (=16777216) (default)
2021-07-20 05:56:06,516 [9faaa3cd-c518-4f7b-b785-ee74f85cb545@group-EC3C46D17947-LeaderElection6] INFO  server.RaftServerConfigKeys (ConfUtils.java:logGet(44)) - raft.server.log.appender.buffer.byte-limit = 33554432 (custom)
2021-07-20 05:56:06,516 [9faaa3cd-c518-4f7b-b785-ee74f85cb545@group-EC3C46D17947-LeaderElection6] INFO  server.RaftServerConfigKeys (ConfUtils.java:logGet(44)) - raft.server.log.appender.buffer.element-limit = 1 (custom)
2021-07-20 05:56:06,516 [9faaa3cd-c518-4f7b-b785-ee74f85cb545@group-EC3C46D17947-LeaderElection6] INFO  grpc.GrpcConfigKeys (ConfUtils.java:logGet(44)) - raft.grpc.server.leader.outstanding.appends.max = 128 (default)
2021-07-20 05:56:06,516 [EventQueue-OpenPipelineForHealthyPipelineSafeModeRule] INFO  safemode.SCMSafeModeManager (HealthyPipelineSafeModeRule.java:process(124)) - SCM in safe mode. Healthy pipelines reported count is 0, required healthy pipeline reported count is 1
2021-07-20 05:56:06,516 [EventQueue-PipelineReportForPipelineReportHandler] INFO  pipeline.PipelineManagerV2Impl (PipelineManagerV2Impl.java:openPipeline(283)) - Pipeline Pipeline[ Id: 0848a5c2-03b2-417e-bc69-ec3c46d17947, Nodes: 577e6845-c807-4eb8-9332-2f265641e0df{ip: 127.0.0.1, host: localhost, ports: [REPLICATION=44849, RATIS=36047, RATIS_ADMIN=36047, RATIS_SERVER=36047, STANDALONE=46149], networkLocation: /default-rack, certSerialId: null, persistedOpState: IN_SERVICE, persistedOpStateExpiryEpochSec: 0}9faaa3cd-c518-4f7b-b785-ee74f85cb545{ip: 127.0.0.1, host: localhost, ports: [REPLICATION=34365, RATIS=34605, RATIS_ADMIN=34605, RATIS_SERVER=34605, STANDALONE=38493], networkLocation: /default-rack, certSerialId: null, persistedOpState: IN_SERVICE, persistedOpStateExpiryEpochSec: 0}06501cb2-b233-4740-8c26-b46265537cb4{ip: 127.0.0.1, host: localhost, ports: [REPLICATION=33091, RATIS=38707, RATIS_ADMIN=38707, RATIS_SERVER=38707, STANDALONE=35679], networkLocation: /default-rack, certSerialId: null, persistedOpState: IN_SERVICE, persistedOpStateExpiryEpochSec: 0}, ReplicationConfig: RATIS/THREE, State:ALLOCATED, leaderId:9faaa3cd-c518-4f7b-b785-ee74f85cb545, CreationTimestamp2021-07-20T05:55:58.668Z[Etc/UTC]] moved to OPEN state
2021-07-20 05:56:06,517 [9faaa3cd-c518-4f7b-b785-ee74f85cb545@group-EC3C46D17947-LeaderElection6] INFO  server.RaftServerConfigKeys (ConfUtils.java:logGet(44)) - raft.server.rpc.request.timeout = 60s (custom)
2021-07-20 05:56:06,518 [9faaa3cd-c518-4f7b-b785-ee74f85cb545@group-EC3C46D17947-LeaderElection6] INFO  server.RaftServerConfigKeys (ConfUtils.java:logGet(44)) - raft.server.log.appender.install.snapshot.enabled = false (custom)
2021-07-20 05:56:06,518 [grpc-default-executor-0] INFO  server.RaftServer$Division (RaftServerImpl.java:requestVote(1074)) - 577e6845-c807-4eb8-9332-2f265641e0df@group-EC3C46D17947 replies to ELECTION vote request: 9faaa3cd-c518-4f7b-b785-ee74f85cb545<-577e6845-c807-4eb8-9332-2f265641e0df#0:OK-t1. Peer's state: 577e6845-c807-4eb8-9332-2f265641e0df@group-EC3C46D17947:t1, leader=null, voted=9faaa3cd-c518-4f7b-b785-ee74f85cb545, raftlog=577e6845-c807-4eb8-9332-2f265641e0df@group-EC3C46D17947-SegmentedRaftLog:OPENED:c-1,f-1,i0, conf=-1: [9faaa3cd-c518-4f7b-b785-ee74f85cb545|rpc:127.0.0.1:34605|dataStream:|priority:1, 06501cb2-b233-4740-8c26-b46265537cb4|rpc:127.0.0.1:38707|dataStream:|priority:0, 577e6845-c807-4eb8-9332-2f265641e0df|rpc:127.0.0.1:36047|dataStream:|priority:0], old=null
2021-07-20 05:56:06,518 [EventQueue-PipelineReportForPipelineReportHandler] INFO  pipeline.PipelineManagerV2Impl (PipelineManagerV2Impl.java:openPipeline(283)) - Pipeline Pipeline[ Id: 0848a5c2-03b2-417e-bc69-ec3c46d17947, Nodes: 577e6845-c807-4eb8-9332-2f265641e0df{ip: 127.0.0.1, host: localhost, ports: [REPLICATION=44849, RATIS=36047, RATIS_ADMIN=36047, RATIS_SERVER=36047, STANDALONE=46149], networkLocation: /default-rack, certSerialId: null, persistedOpState: IN_SERVICE, persistedOpStateExpiryEpochSec: 0}9faaa3cd-c518-4f7b-b785-ee74f85cb545{ip: 127.0.0.1, host: localhost, ports: [REPLICATION=34365, RATIS=34605, RATIS_ADMIN=34605, RATIS_SERVER=34605, STANDALONE=38493], networkLocation: /default-rack, certSerialId: null, persistedOpState: IN_SERVICE, persistedOpStateExpiryEpochSec: 0}06501cb2-b233-4740-8c26-b46265537cb4{ip: 127.0.0.1, host: localhost, ports: [REPLICATION=33091, RATIS=38707, RATIS_ADMIN=38707, RATIS_SERVER=38707, STANDALONE=35679], networkLocation: /default-rack, certSerialId: null, persistedOpState: IN_SERVICE, persistedOpStateExpiryEpochSec: 0}, ReplicationConfig: RATIS/THREE, State:ALLOCATED, leaderId:9faaa3cd-c518-4f7b-b785-ee74f85cb545, CreationTimestamp2021-07-20T05:55:58.668Z[Etc/UTC]] moved to OPEN state
2021-07-20 05:56:06,518 [EventQueue-OpenPipelineForHealthyPipelineSafeModeRule] INFO  safemode.SCMSafeModeManager (HealthyPipelineSafeModeRule.java:process(124)) - SCM in safe mode. Healthy pipelines reported count is 0, required healthy pipeline reported count is 1
2021-07-20 05:56:06,521 [EventQueue-PipelineReportForPipelineReportHandler] INFO  ha.SCMHAInvocationHandler (SCMHAInvocationHandler.java:invokeRatis(113)) - Invoking method public abstract void org.apache.hadoop.hdds.scm.pipeline.StateManager.updatePipelineState(org.apache.hadoop.hdds.protocol.proto.HddsProtos$PipelineID,org.apache.hadoop.hdds.protocol.proto.HddsProtos$PipelineState) throws java.io.IOException on target org.apache.hadoop.hdds.scm.ha.SCMRatisServerImpl@51f543ee, cost 443.427us
2021-07-20 05:56:06,518 [9faaa3cd-c518-4f7b-b785-ee74f85cb545@group-EC3C46D17947-LeaderElection6] INFO  metrics.RatisMetrics (RatisMetrics.java:lambda$create$0(36)) - Creating Metrics Registry : ratis_grpc.log_appender.9faaa3cd-c518-4f7b-b785-ee74f85cb545@group-EC3C46D17947
2021-07-20 05:56:06,524 [9faaa3cd-c518-4f7b-b785-ee74f85cb545@group-EC3C46D17947-LeaderElection6] INFO  server.RaftServerConfigKeys (ConfUtils.java:logGet(44)) - raft.server.log.appender.snapshot.chunk.size.max = 16MB (=16777216) (default)
2021-07-20 05:56:06,524 [9faaa3cd-c518-4f7b-b785-ee74f85cb545@group-EC3C46D17947-LeaderElection6] INFO  server.RaftServerConfigKeys (ConfUtils.java:logGet(44)) - raft.server.log.appender.buffer.byte-limit = 33554432 (custom)
2021-07-20 05:56:06,524 [9faaa3cd-c518-4f7b-b785-ee74f85cb545@group-EC3C46D17947-LeaderElection6] INFO  server.RaftServerConfigKeys (ConfUtils.java:logGet(44)) - raft.server.log.appender.buffer.element-limit = 1 (custom)
2021-07-20 05:56:06,524 [9faaa3cd-c518-4f7b-b785-ee74f85cb545@group-EC3C46D17947-LeaderElection6] INFO  grpc.GrpcConfigKeys (ConfUtils.java:logGet(44)) - raft.grpc.server.leader.outstanding.appends.max = 128 (default)
2021-07-20 05:56:06,524 [9faaa3cd-c518-4f7b-b785-ee74f85cb545@group-EC3C46D17947-LeaderElection6] INFO  server.RaftServerConfigKeys (ConfUtils.java:logGet(44)) - raft.server.rpc.request.timeout = 60s (custom)
2021-07-20 05:56:06,524 [9faaa3cd-c518-4f7b-b785-ee74f85cb545@group-EC3C46D17947-LeaderElection6] INFO  server.RaftServerConfigKeys (ConfUtils.java:logGet(44)) - raft.server.log.appender.install.snapshot.enabled = false (custom)
2021-07-20 05:56:06,525 [9faaa3cd-c518-4f7b-b785-ee74f85cb545@group-EC3C46D17947-LeaderElection6] INFO  impl.RoleInfo (RoleInfo.java:updateAndGet(130)) - 9faaa3cd-c518-4f7b-b785-ee74f85cb545: start 9faaa3cd-c518-4f7b-b785-ee74f85cb545@group-EC3C46D17947-LeaderStateImpl
2021-07-20 05:56:06,525 [9faaa3cd-c518-4f7b-b785-ee74f85cb545@group-EC3C46D17947-LeaderElection6] INFO  segmented.SegmentedRaftLogWorker (SegmentedRaftLogWorker.java:startLogSegment(394)) - 9faaa3cd-c518-4f7b-b785-ee74f85cb545@group-EC3C46D17947-SegmentedRaftLogWorker: Starting segment from index:0
2021-07-20 05:56:06,526 [9faaa3cd-c518-4f7b-b785-ee74f85cb545@group-EC3C46D17947-SegmentedRaftLogWorker] INFO  segmented.SegmentedRaftLogWorker (SegmentedRaftLogWorker.java:execute(601)) - 9faaa3cd-c518-4f7b-b785-ee74f85cb545@group-EC3C46D17947-SegmentedRaftLogWorker: created new log segment /home/runner/work/ozone/ozone/mnt/ozone/hadoop-ozone/integration-test/target/test-dir/MiniOzoneClusterImpl-b2c6a007-39d2-4e45-b76c-321c7ba85e11/datanode-0/data/ratis/0848a5c2-03b2-417e-bc69-ec3c46d17947/current/log_inprogress_0
2021-07-20 05:56:06,530 [9faaa3cd-c518-4f7b-b785-ee74f85cb545@group-EC3C46D17947-LeaderElection6] INFO  server.RaftServer$Division (ServerState.java:setRaftConf(373)) - 9faaa3cd-c518-4f7b-b785-ee74f85cb545@group-EC3C46D17947: set configuration 0: [9faaa3cd-c518-4f7b-b785-ee74f85cb545|rpc:127.0.0.1:34605|dataStream:|priority:1, 06501cb2-b233-4740-8c26-b46265537cb4|rpc:127.0.0.1:38707|dataStream:|priority:0, 577e6845-c807-4eb8-9332-2f265641e0df|rpc:127.0.0.1:36047|dataStream:|priority:0], old=null
2021-07-20 05:56:06,540 [a3de057e-22ba-4f20-867a-3c0291662fe2@group-321C7BA85E11-StateMachineUpdater] INFO  safemode.HealthyPipelineSafeModeRule (HealthyPipelineSafeModeRule.java:initializeRule(152)) - Refreshed total pipeline count is 1, healthy pipeline threshold count is 1
2021-07-20 05:56:06,548 [grpc-default-executor-0] INFO  ratis.XceiverServerRatis (XceiverServerRatis.java:handleLeaderChangedNotification(857)) - Leader change notification received for group: group-EC3C46D17947 with new leaderId: 9faaa3cd-c518-4f7b-b785-ee74f85cb545
2021-07-20 05:56:06,548 [grpc-default-executor-0] INFO  server.RaftServer$Division (ServerState.java:setLeader(271)) - 06501cb2-b233-4740-8c26-b46265537cb4@group-EC3C46D17947: change Leader from null to 9faaa3cd-c518-4f7b-b785-ee74f85cb545 at term 1 for appendEntries, leader elected after 5103ms
2021-07-20 05:56:06,548 [grpc-default-executor-2] INFO  ratis.XceiverServerRatis (XceiverServerRatis.java:handleLeaderChangedNotification(857)) - Leader change notification received for group: group-EC3C46D17947 with new leaderId: 9faaa3cd-c518-4f7b-b785-ee74f85cb545
2021-07-20 05:56:06,549 [grpc-default-executor-2] INFO  server.RaftServer$Division (ServerState.java:setLeader(271)) - 577e6845-c807-4eb8-9332-2f265641e0df@group-EC3C46D17947: change Leader from null to 9faaa3cd-c518-4f7b-b785-ee74f85cb545 at term 1 for appendEntries, leader elected after 5050ms
2021-07-20 05:56:06,549 [5c2410e7-10a6-4620-b434-e19b0245711c@group-321C7BA85E11-StateMachineUpdater] INFO  safemode.HealthyPipelineSafeModeRule (HealthyPipelineSafeModeRule.java:initializeRule(152)) - Refreshed total pipeline count is 1, healthy pipeline threshold count is 1
2021-07-20 05:56:06,549 [EventQueue-PipelineReportForPipelineReportHandler] INFO  ha.SCMHAInvocationHandler (SCMHAInvocationHandler.java:invokeRatis(113)) - Invoking method public abstract void org.apache.hadoop.hdds.scm.pipeline.StateManager.updatePipelineState(org.apache.hadoop.hdds.protocol.proto.HddsProtos$PipelineID,org.apache.hadoop.hdds.protocol.proto.HddsProtos$PipelineState) throws java.io.IOException on target org.apache.hadoop.hdds.scm.ha.SCMRatisServerImpl@1a07937d, cost 32117.108us
2021-07-20 05:56:06,550 [EventQueue-OpenPipelineForHealthyPipelineSafeModeRule] INFO  safemode.SCMSafeModeManager (HealthyPipelineSafeModeRule.java:process(124)) - SCM in safe mode. Healthy pipelines reported count is 1, required healthy pipeline reported count is 1
2021-07-20 05:56:06,550 [EventQueue-OpenPipelineForHealthyPipelineSafeModeRule] INFO  safemode.SCMSafeModeManager (SCMSafeModeManager.java:validateSafeModeExitRules(204)) - HealthyPipelineSafeModeRule rule is successfully validated
2021-07-20 05:56:06,550 [EventQueue-OpenPipelineForHealthyPipelineSafeModeRule] INFO  safemode.SCMSafeModeManager (SCMSafeModeManager.java:validateSafeModeExitRules(219)) - ScmSafeModeManager, all rules are successfully validated
2021-07-20 05:56:06,550 [EventQueue-OpenPipelineForHealthyPipelineSafeModeRule] INFO  safemode.SCMSafeModeManager (SCMSafeModeManager.java:exitSafeMode(248)) - SCM exiting safe mode.
2021-07-20 05:56:06,550 [EventQueue-OpenPipelineForHealthyPipelineSafeModeRule] WARN  events.EventQueue (EventQueue.java:fireEvent(194)) - No event handler registered for event TypedEvent{payloadType=SafeModeStatus, name='Safe mode status'}
2021-07-20 05:56:06,550 [EventQueue-OpenPipelineForHealthyPipelineSafeModeRule] INFO  ha.SCMContext (SCMContext.java:updateSafeModeStatus(205)) - Update SafeModeStatus from SafeModeStatus{safeModeStatus=true, preCheckPassed=true} to SafeModeStatus{safeModeStatus=false, preCheckPassed=true}.
2021-07-20 05:56:06,550 [EventQueue-OpenPipelineForHealthyPipelineSafeModeRule] INFO  container.ReplicationManager (ReplicationManager.java:notifyStatusChanged(1691)) - Service ReplicationManager transitions to RUNNING.
2021-07-20 05:56:06,550 [a3de057e-22ba-4f20-867a-3c0291662fe2@group-321C7BA85E11-StateMachineUpdater] INFO  ha.SCMStateMachine (SCMStateMachine.java:takeSnapshot(290)) - Current Snapshot Index 24, takeSnapshot took 0 ms
2021-07-20 05:56:06,550 [a3de057e-22ba-4f20-867a-3c0291662fe2@group-321C7BA85E11-StateMachineUpdater] INFO  impl.StateMachineUpdater (StateMachineUpdater.java:takeSnapshot(281)) - a3de057e-22ba-4f20-867a-3c0291662fe2@group-321C7BA85E11-StateMachineUpdater: Took a snapshot at index 24
2021-07-20 05:56:06,550 [a3de057e-22ba-4f20-867a-3c0291662fe2@group-321C7BA85E11-StateMachineUpdater] INFO  impl.StateMachineUpdater (StateMachineUpdater.java:lambda$new$0(89)) - a3de057e-22ba-4f20-867a-3c0291662fe2@group-321C7BA85E11-StateMachineUpdater: snapshotIndex: updateIncreasingly 19 -> 24
2021-07-20 05:56:06,550 [a3de057e-22ba-4f20-867a-3c0291662fe2@group-321C7BA85E11-StateMachineUpdater] INFO  raftlog.RaftLog (RaftLogBase.java:purge(306)) - a3de057e-22ba-4f20-867a-3c0291662fe2@group-321C7BA85E11-SegmentedRaftLog: purge 24
2021-07-20 05:56:06,550 [a3de057e-22ba-4f20-867a-3c0291662fe2@group-321C7BA85E11-StateMachineUpdater] INFO  raftlog.RaftLog (RaftLogBase.java:lambda$new$0(53)) - a3de057e-22ba-4f20-867a-3c0291662fe2@group-321C7BA85E11-SegmentedRaftLog: snapshotIndex: updateIncreasingly 19 -> 24
2021-07-20 05:56:06,550 [a3de057e-22ba-4f20-867a-3c0291662fe2@group-321C7BA85E11-StateMachineUpdater] INFO  raftlog.RaftLog (RaftLogBase.java:lambda$new$0(53)) - a3de057e-22ba-4f20-867a-3c0291662fe2@group-321C7BA85E11-SegmentedRaftLog: purgeIndex: updateToMax old=19, new=24, updated? true
2021-07-20 05:56:06,552 [06501cb2-b233-4740-8c26-b46265537cb4@group-D7289490AADC-FollowerState] INFO  impl.FollowerState (FollowerState.java:run(134)) - 06501cb2-b233-4740-8c26-b46265537cb4@group-D7289490AADC-FollowerState: change to CANDIDATE, lastRpcElapsedTime:5120329657ns, electionTimeout:5110ms
2021-07-20 05:56:06,552 [06501cb2-b233-4740-8c26-b46265537cb4@group-D7289490AADC-FollowerState] INFO  impl.RoleInfo (RoleInfo.java:shutdownFollowerState(108)) - 06501cb2-b233-4740-8c26-b46265537cb4: shutdown 06501cb2-b233-4740-8c26-b46265537cb4@group-D7289490AADC-FollowerState
2021-07-20 05:56:06,552 [06501cb2-b233-4740-8c26-b46265537cb4@group-D7289490AADC-FollowerState] INFO  server.RaftServer$Division (RaftServerImpl.java:setRole(284)) - 06501cb2-b233-4740-8c26-b46265537cb4@group-D7289490AADC: changes role from  FOLLOWER to CANDIDATE at term 0 for changeToCandidate
2021-07-20 05:56:06,552 [06501cb2-b233-4740-8c26-b46265537cb4@group-D7289490AADC-FollowerState] INFO  server.RaftServerConfigKeys (ConfUtils.java:logGet(44)) - raft.server.leaderelection.pre-vote = false (custom)
2021-07-20 05:56:06,552 [06501cb2-b233-4740-8c26-b46265537cb4@group-D7289490AADC-FollowerState] INFO  impl.RoleInfo (RoleInfo.java:updateAndGet(130)) - 06501cb2-b233-4740-8c26-b46265537cb4: start 06501cb2-b233-4740-8c26-b46265537cb4@group-D7289490AADC-LeaderElection7
2021-07-20 05:56:06,560 [grpc-default-executor-2] INFO  server.RaftServer$Division (ServerState.java:setRaftConf(373)) - 577e6845-c807-4eb8-9332-2f265641e0df@group-EC3C46D17947: set configuration 0: [9faaa3cd-c518-4f7b-b785-ee74f85cb545|rpc:127.0.0.1:34605|dataStream:|priority:1, 06501cb2-b233-4740-8c26-b46265537cb4|rpc:127.0.0.1:38707|dataStream:|priority:0, 577e6845-c807-4eb8-9332-2f265641e0df|rpc:127.0.0.1:36047|dataStream:|priority:0], old=null
2021-07-20 05:56:06,560 [grpc-default-executor-2] INFO  segmented.SegmentedRaftLogWorker (SegmentedRaftLogWorker.java:startLogSegment(394)) - 577e6845-c807-4eb8-9332-2f265641e0df@group-EC3C46D17947-SegmentedRaftLogWorker: Starting segment from index:0
2021-07-20 05:56:06,560 [06501cb2-b233-4740-8c26-b46265537cb4@group-D7289490AADC-LeaderElection7] INFO  impl.LeaderElection (LeaderElection.java:askForVotes(306)) - 06501cb2-b233-4740-8c26-b46265537cb4@group-D7289490AADC-LeaderElection7 ELECTION round 0: submit vote requests at term 1 for -1: [06501cb2-b233-4740-8c26-b46265537cb4|rpc:127.0.0.1:38707|priority:1], old=null
2021-07-20 05:56:06,560 [06501cb2-b233-4740-8c26-b46265537cb4@group-D7289490AADC-LeaderElection7] INFO  impl.LeaderElection (LeaderElection.java:askForVotes(308)) - 06501cb2-b233-4740-8c26-b46265537cb4@group-D7289490AADC-LeaderElection7 ELECTION round 0: result PASSED (term=1)
2021-07-20 05:56:06,560 [06501cb2-b233-4740-8c26-b46265537cb4@group-D7289490AADC-LeaderElection7] INFO  impl.RoleInfo (RoleInfo.java:shutdownLeaderElection(121)) - 06501cb2-b233-4740-8c26-b46265537cb4: shutdown 06501cb2-b233-4740-8c26-b46265537cb4@group-D7289490AADC-LeaderElection7
2021-07-20 05:56:06,560 [06501cb2-b233-4740-8c26-b46265537cb4@group-D7289490AADC-LeaderElection7] INFO  server.RaftServer$Division (RaftServerImpl.java:setRole(284)) - 06501cb2-b233-4740-8c26-b46265537cb4@group-D7289490AADC: changes role from CANDIDATE to LEADER at term 1 for changeToLeader
2021-07-20 05:56:06,560 [06501cb2-b233-4740-8c26-b46265537cb4@group-D7289490AADC-LeaderElection7] INFO  ratis.XceiverServerRatis (XceiverServerRatis.java:handleLeaderChangedNotification(857)) - Leader change notification received for group: group-D7289490AADC with new leaderId: 06501cb2-b233-4740-8c26-b46265537cb4
2021-07-20 05:56:06,561 [06501cb2-b233-4740-8c26-b46265537cb4@group-D7289490AADC-LeaderElection7] INFO  server.RaftServer$Division (ServerState.java:setLeader(271)) - 06501cb2-b233-4740-8c26-b46265537cb4@group-D7289490AADC: change Leader from null to 06501cb2-b233-4740-8c26-b46265537cb4 at term 1 for becomeLeader, leader elected after 5149ms
2021-07-20 05:56:06,561 [06501cb2-b233-4740-8c26-b46265537cb4@group-D7289490AADC-LeaderElection7] INFO  server.RaftServerConfigKeys (ConfUtils.java:logGet(44)) - raft.server.staging.catchup.gap = 1000 (default)
2021-07-20 05:56:06,561 [06501cb2-b233-4740-8c26-b46265537cb4@group-D7289490AADC-LeaderElection7] INFO  metrics.RatisMetrics (RatisMetrics.java:lambda$create$0(36)) - Creating Metrics Registry : ratis.log_appender.06501cb2-b233-4740-8c26-b46265537cb4@group-D7289490AADC
2021-07-20 05:56:06,561 [06501cb2-b233-4740-8c26-b46265537cb4@group-D7289490AADC-LeaderElection7] INFO  server.RaftServerConfigKeys (ConfUtils.java:logGet(44)) - raft.server.write.element-limit = 1024 (custom)
2021-07-20 05:56:06,561 [06501cb2-b233-4740-8c26-b46265537cb4@group-D7289490AADC-LeaderElection7] INFO  server.RaftServerConfigKeys (ConfUtils.java:logGet(44)) - raft.server.write.byte-limit = 1073741824 (custom)
2021-07-20 05:56:06,561 [06501cb2-b233-4740-8c26-b46265537cb4@group-D7289490AADC-LeaderElection7] INFO  server.RaftServerConfigKeys (ConfUtils.java:logGet(44)) - raft.server.watch.timeout = 180s (custom)
2021-07-20 05:56:06,561 [06501cb2-b233-4740-8c26-b46265537cb4@group-D7289490AADC-LeaderElection7] INFO  server.RaftServerConfigKeys (ConfUtils.java:logGet(44)) - raft.server.watch.timeout.denomination = 1s (default)
2021-07-20 05:56:06,561 [06501cb2-b233-4740-8c26-b46265537cb4@group-D7289490AADC-LeaderElection7] INFO  server.RaftServerConfigKeys (ConfUtils.java:logGet(44)) - raft.server.watch.element-limit = 65536 (default)
2021-07-20 05:56:06,561 [06501cb2-b233-4740-8c26-b46265537cb4@group-D7289490AADC-LeaderElection7] INFO  impl.RoleInfo (RoleInfo.java:updateAndGet(130)) - 06501cb2-b233-4740-8c26-b46265537cb4: start 06501cb2-b233-4740-8c26-b46265537cb4@group-D7289490AADC-LeaderStateImpl
2021-07-20 05:56:06,562 [grpc-default-executor-1] INFO  server.RaftServer$Division (ServerState.java:setRaftConf(373)) - 06501cb2-b233-4740-8c26-b46265537cb4@group-EC3C46D17947: set configuration 0: [9faaa3cd-c518-4f7b-b785-ee74f85cb545|rpc:127.0.0.1:34605|dataStream:|priority:1, 06501cb2-b233-4740-8c26-b46265537cb4|rpc:127.0.0.1:38707|dataStream:|priority:0, 577e6845-c807-4eb8-9332-2f265641e0df|rpc:127.0.0.1:36047|dataStream:|priority:0], old=null
2021-07-20 05:56:06,562 [grpc-default-executor-1] INFO  segmented.SegmentedRaftLogWorker (SegmentedRaftLogWorker.java:startLogSegment(394)) - 06501cb2-b233-4740-8c26-b46265537cb4@group-EC3C46D17947-SegmentedRaftLogWorker: Starting segment from index:0
2021-07-20 05:56:06,563 [577e6845-c807-4eb8-9332-2f265641e0df@group-EC3C46D17947-SegmentedRaftLogWorker] INFO  segmented.SegmentedRaftLogWorker (SegmentedRaftLogWorker.java:execute(601)) - 577e6845-c807-4eb8-9332-2f265641e0df@group-EC3C46D17947-SegmentedRaftLogWorker: created new log segment /home/runner/work/ozone/ozone/mnt/ozone/hadoop-ozone/integration-test/target/test-dir/MiniOzoneClusterImpl-b2c6a007-39d2-4e45-b76c-321c7ba85e11/datanode-2/data/ratis/0848a5c2-03b2-417e-bc69-ec3c46d17947/current/log_inprogress_0
2021-07-20 05:56:06,564 [EventQueue-OpenPipelineForHealthyPipelineSafeModeRule] INFO  safemode.SCMSafeModeManager (HealthyPipelineSafeModeRule.java:process(124)) - SCM in safe mode. Healthy pipelines reported count is 1, required healthy pipeline reported count is 1
2021-07-20 05:56:06,564 [EventQueue-OpenPipelineForHealthyPipelineSafeModeRule] INFO  safemode.SCMSafeModeManager (SCMSafeModeManager.java:validateSafeModeExitRules(204)) - HealthyPipelineSafeModeRule rule is successfully validated
2021-07-20 05:56:06,564 [EventQueue-OpenPipelineForHealthyPipelineSafeModeRule] INFO  safemode.SCMSafeModeManager (SCMSafeModeManager.java:validateSafeModeExitRules(219)) - ScmSafeModeManager, all rules are successfully validated
2021-07-20 05:56:06,564 [EventQueue-OpenPipelineForHealthyPipelineSafeModeRule] INFO  safemode.SCMSafeModeManager (SCMSafeModeManager.java:exitSafeMode(248)) - SCM exiting safe mode.
2021-07-20 05:56:06,564 [EventQueue-OpenPipelineForHealthyPipelineSafeModeRule] WARN  events.EventQueue (EventQueue.java:fireEvent(194)) - No event handler registered for event TypedEvent{payloadType=SafeModeStatus, name='Safe mode status'}
2021-07-20 05:56:06,564 [EventQueue-OpenPipelineForHealthyPipelineSafeModeRule] INFO  ha.SCMContext (SCMContext.java:updateSafeModeStatus(205)) - Update SafeModeStatus from SafeModeStatus{safeModeStatus=true, preCheckPassed=true} to SafeModeStatus{safeModeStatus=false, preCheckPassed=true}.
2021-07-20 05:56:06,564 [06501cb2-b233-4740-8c26-b46265537cb4@group-D7289490AADC-LeaderElection7] INFO  segmented.SegmentedRaftLogWorker (SegmentedRaftLogWorker.java:startLogSegment(394)) - 06501cb2-b233-4740-8c26-b46265537cb4@group-D7289490AADC-SegmentedRaftLogWorker: Starting segment from index:0
2021-07-20 05:56:06,565 [06501cb2-b233-4740-8c26-b46265537cb4@group-EC3C46D17947-SegmentedRaftLogWorker] INFO  segmented.SegmentedRaftLogWorker (SegmentedRaftLogWorker.java:execute(601)) - 06501cb2-b233-4740-8c26-b46265537cb4@group-EC3C46D17947-SegmentedRaftLogWorker: created new log segment /home/runner/work/ozone/ozone/mnt/ozone/hadoop-ozone/integration-test/target/test-dir/MiniOzoneClusterImpl-b2c6a007-39d2-4e45-b76c-321c7ba85e11/datanode-1/data/ratis/0848a5c2-03b2-417e-bc69-ec3c46d17947/current/log_inprogress_0
2021-07-20 05:56:06,574 [06501cb2-b233-4740-8c26-b46265537cb4@group-D7289490AADC-SegmentedRaftLogWorker] INFO  segmented.SegmentedRaftLogWorker (SegmentedRaftLogWorker.java:execute(601)) - 06501cb2-b233-4740-8c26-b46265537cb4@group-D7289490AADC-SegmentedRaftLogWorker: created new log segment /home/runner/work/ozone/ozone/mnt/ozone/hadoop-ozone/integration-test/target/test-dir/MiniOzoneClusterImpl-b2c6a007-39d2-4e45-b76c-321c7ba85e11/datanode-1/data/ratis/0a9fe81c-ba3f-4f81-9976-d7289490aadc/current/log_inprogress_0
2021-07-20 05:56:06,587 [06501cb2-b233-4740-8c26-b46265537cb4@group-D7289490AADC-LeaderElection7] INFO  server.RaftServer$Division (ServerState.java:setRaftConf(373)) - 06501cb2-b233-4740-8c26-b46265537cb4@group-D7289490AADC: set configuration 0: [06501cb2-b233-4740-8c26-b46265537cb4|rpc:127.0.0.1:38707|dataStream:|priority:1], old=null
2021-07-20 05:56:06,619 [Listener at 127.0.0.1/12232] INFO  ozone.MiniOzoneClusterImpl (MiniOzoneClusterImpl.java:lambda$waitForClusterToBeReady$0(230)) - Nodes are ready. Got 3 of 3 DN Heartbeats.
2021-07-20 05:56:06,620 [Listener at 127.0.0.1/12232] INFO  ozone.MiniOzoneClusterImpl (MiniOzoneClusterImpl.java:lambda$waitForClusterToBeReady$0(233)) - Cluster exits safe mode
2021-07-20 05:56:06,620 [Listener at 127.0.0.1/12232] INFO  ozone.MiniOzoneClusterImpl (MiniOzoneClusterImpl.java:lambda$waitForClusterToBeReady$0(235)) - SCM became leader
2021-07-20 05:56:06,647 [Listener at 127.0.0.1/12232] INFO  ha.SCMHAInvocationHandler (SCMHAInvocationHandler.java:invokeRatis(113)) - Invoking method public abstract java.lang.Boolean org.apache.hadoop.hdds.scm.ha.SequenceIdGenerator$StateManager.allocateBatch(java.lang.String,java.lang.Long,java.lang.Long) on target org.apache.hadoop.hdds.scm.ha.SCMRatisServerImpl@1a07937d, cost 19511.859us
2021-07-20 05:56:06,647 [Listener at 127.0.0.1/12232] INFO  ha.SequenceIdGenerator (SequenceIdGenerator.java:getNextId(127)) - Allocate a batch for containerId, change lastId from 0 to 1000.
2021-07-20 05:56:06,655 [5c2410e7-10a6-4620-b434-e19b0245711c@group-321C7BA85E11-StateMachineUpdater] INFO  ha.SCMStateMachine (SCMStateMachine.java:takeSnapshot(290)) - Current Snapshot Index 25, takeSnapshot took 0 ms
2021-07-20 05:56:06,656 [5c2410e7-10a6-4620-b434-e19b0245711c@group-321C7BA85E11-StateMachineUpdater] INFO  impl.StateMachineUpdater (StateMachineUpdater.java:takeSnapshot(281)) - 5c2410e7-10a6-4620-b434-e19b0245711c@group-321C7BA85E11-StateMachineUpdater: Took a snapshot at index 25
2021-07-20 05:56:06,656 [5c2410e7-10a6-4620-b434-e19b0245711c@group-321C7BA85E11-StateMachineUpdater] INFO  impl.StateMachineUpdater (StateMachineUpdater.java:lambda$new$0(89)) - 5c2410e7-10a6-4620-b434-e19b0245711c@group-321C7BA85E11-StateMachineUpdater: snapshotIndex: updateIncreasingly 20 -> 25
2021-07-20 05:56:06,656 [5c2410e7-10a6-4620-b434-e19b0245711c@group-321C7BA85E11-StateMachineUpdater] INFO  raftlog.RaftLog (RaftLogBase.java:purge(306)) - 5c2410e7-10a6-4620-b434-e19b0245711c@group-321C7BA85E11-SegmentedRaftLog: purge 25
2021-07-20 05:56:06,656 [5c2410e7-10a6-4620-b434-e19b0245711c@group-321C7BA85E11-StateMachineUpdater] INFO  raftlog.RaftLog (RaftLogBase.java:lambda$new$0(53)) - 5c2410e7-10a6-4620-b434-e19b0245711c@group-321C7BA85E11-SegmentedRaftLog: snapshotIndex: updateIncreasingly 20 -> 25
2021-07-20 05:56:06,656 [5c2410e7-10a6-4620-b434-e19b0245711c@group-321C7BA85E11-StateMachineUpdater] INFO  raftlog.RaftLog (RaftLogBase.java:lambda$new$0(53)) - 5c2410e7-10a6-4620-b434-e19b0245711c@group-321C7BA85E11-SegmentedRaftLog: purgeIndex: updateToMax old=20, new=25, updated? true
2021-07-20 05:56:06,661 [577e6845-c807-4eb8-9332-2f265641e0df@group-D11F36815216-FollowerState] INFO  impl.FollowerState (FollowerState.java:run(134)) - 577e6845-c807-4eb8-9332-2f265641e0df@group-D11F36815216-FollowerState: change to CANDIDATE, lastRpcElapsedTime:5012567930ns, electionTimeout:5010ms
2021-07-20 05:56:06,661 [577e6845-c807-4eb8-9332-2f265641e0df@group-D11F36815216-FollowerState] INFO  impl.RoleInfo (RoleInfo.java:shutdownFollowerState(108)) - 577e6845-c807-4eb8-9332-2f265641e0df: shutdown 577e6845-c807-4eb8-9332-2f265641e0df@group-D11F36815216-FollowerState
2021-07-20 05:56:06,662 [577e6845-c807-4eb8-9332-2f265641e0df@group-D11F36815216-FollowerState] INFO  server.RaftServer$Division (RaftServerImpl.java:setRole(284)) - 577e6845-c807-4eb8-9332-2f265641e0df@group-D11F36815216: changes role from  FOLLOWER to CANDIDATE at term 0 for changeToCandidate
2021-07-20 05:56:06,662 [577e6845-c807-4eb8-9332-2f265641e0df@group-D11F36815216-FollowerState] INFO  server.RaftServerConfigKeys (ConfUtils.java:logGet(44)) - raft.server.leaderelection.pre-vote = false (custom)
2021-07-20 05:56:06,662 [577e6845-c807-4eb8-9332-2f265641e0df@group-D11F36815216-FollowerState] INFO  impl.RoleInfo (RoleInfo.java:updateAndGet(130)) - 577e6845-c807-4eb8-9332-2f265641e0df: start 577e6845-c807-4eb8-9332-2f265641e0df@group-D11F36815216-LeaderElection8
2021-07-20 05:56:06,665 [Listener at 127.0.0.1/12232] INFO  ha.SCMHAInvocationHandler (SCMHAInvocationHandler.java:invokeRatis(113)) - Invoking method public abstract void org.apache.hadoop.hdds.scm.container.ContainerStateManagerV2.addContainer(org.apache.hadoop.hdds.protocol.proto.HddsProtos$ContainerInfoProto) throws java.io.IOException on target org.apache.hadoop.hdds.scm.ha.SCMRatisServerImpl@1a07937d, cost 14797.379us
2021-07-20 05:56:06,674 [577e6845-c807-4eb8-9332-2f265641e0df@group-D11F36815216-LeaderElection8] INFO  impl.LeaderElection (LeaderElection.java:askForVotes(306)) - 577e6845-c807-4eb8-9332-2f265641e0df@group-D11F36815216-LeaderElection8 ELECTION round 0: submit vote requests at term 1 for -1: [577e6845-c807-4eb8-9332-2f265641e0df|rpc:127.0.0.1:36047|priority:1], old=null
2021-07-20 05:56:06,674 [577e6845-c807-4eb8-9332-2f265641e0df@group-D11F36815216-LeaderElection8] INFO  impl.LeaderElection (LeaderElection.java:askForVotes(308)) - 577e6845-c807-4eb8-9332-2f265641e0df@group-D11F36815216-LeaderElection8 ELECTION round 0: result PASSED (term=1)
2021-07-20 05:56:06,674 [577e6845-c807-4eb8-9332-2f265641e0df@group-D11F36815216-LeaderElection8] INFO  impl.RoleInfo (RoleInfo.java:shutdownLeaderElection(121)) - 577e6845-c807-4eb8-9332-2f265641e0df: shutdown 577e6845-c807-4eb8-9332-2f265641e0df@group-D11F36815216-LeaderElection8
2021-07-20 05:56:06,674 [577e6845-c807-4eb8-9332-2f265641e0df@group-D11F36815216-LeaderElection8] INFO  server.RaftServer$Division (RaftServerImpl.java:setRole(284)) - 577e6845-c807-4eb8-9332-2f265641e0df@group-D11F36815216: changes role from CANDIDATE to LEADER at term 1 for changeToLeader
2021-07-20 05:56:06,674 [577e6845-c807-4eb8-9332-2f265641e0df@group-D11F36815216-LeaderElection8] INFO  ratis.XceiverServerRatis (XceiverServerRatis.java:handleLeaderChangedNotification(857)) - Leader change notification received for group: group-D11F36815216 with new leaderId: 577e6845-c807-4eb8-9332-2f265641e0df
2021-07-20 05:56:06,674 [577e6845-c807-4eb8-9332-2f265641e0df@group-D11F36815216-LeaderElection8] INFO  server.RaftServer$Division (ServerState.java:setLeader(271)) - 577e6845-c807-4eb8-9332-2f265641e0df@group-D11F36815216: change Leader from null to 577e6845-c807-4eb8-9332-2f265641e0df at term 1 for becomeLeader, leader elected after 5047ms
2021-07-20 05:56:06,674 [577e6845-c807-4eb8-9332-2f265641e0df@group-D11F36815216-LeaderElection8] INFO  server.RaftServerConfigKeys (ConfUtils.java:logGet(44)) - raft.server.staging.catchup.gap = 1000 (default)
2021-07-20 05:56:06,674 [577e6845-c807-4eb8-9332-2f265641e0df@group-D11F36815216-LeaderElection8] INFO  metrics.RatisMetrics (RatisMetrics.java:lambda$create$0(36)) - Creating Metrics Registry : ratis.log_appender.577e6845-c807-4eb8-9332-2f265641e0df@group-D11F36815216
2021-07-20 05:56:06,675 [577e6845-c807-4eb8-9332-2f265641e0df@group-D11F36815216-LeaderElection8] INFO  server.RaftServerConfigKeys (ConfUtils.java:logGet(44)) - raft.server.write.element-limit = 1024 (custom)
2021-07-20 05:56:06,675 [577e6845-c807-4eb8-9332-2f265641e0df@group-D11F36815216-LeaderElection8] INFO  server.RaftServerConfigKeys (ConfUtils.java:logGet(44)) - raft.server.write.byte-limit = 1073741824 (custom)
2021-07-20 05:56:06,675 [577e6845-c807-4eb8-9332-2f265641e0df@group-D11F36815216-LeaderElection8] INFO  server.RaftServerConfigKeys (ConfUtils.java:logGet(44)) - raft.server.watch.timeout = 180s (custom)
2021-07-20 05:56:06,675 [577e6845-c807-4eb8-9332-2f265641e0df@group-D11F36815216-LeaderElection8] INFO  server.RaftServerConfigKeys (ConfUtils.java:logGet(44)) - raft.server.watch.timeout.denomination = 1s (default)
2021-07-20 05:56:06,675 [577e6845-c807-4eb8-9332-2f265641e0df@group-D11F36815216-LeaderElection8] INFO  server.RaftServerConfigKeys (ConfUtils.java:logGet(44)) - raft.server.watch.element-limit = 65536 (default)
2021-07-20 05:56:06,675 [577e6845-c807-4eb8-9332-2f265641e0df@group-D11F36815216-LeaderElection8] INFO  impl.RoleInfo (RoleInfo.java:updateAndGet(130)) - 577e6845-c807-4eb8-9332-2f265641e0df: start 577e6845-c807-4eb8-9332-2f265641e0df@group-D11F36815216-LeaderStateImpl
2021-07-20 05:56:06,676 [577e6845-c807-4eb8-9332-2f265641e0df@group-D11F36815216-LeaderElection8] INFO  segmented.SegmentedRaftLogWorker (SegmentedRaftLogWorker.java:startLogSegment(394)) - 577e6845-c807-4eb8-9332-2f265641e0df@group-D11F36815216-SegmentedRaftLogWorker: Starting segment from index:0
2021-07-20 05:56:06,678 [577e6845-c807-4eb8-9332-2f265641e0df@group-D11F36815216-SegmentedRaftLogWorker] INFO  segmented.SegmentedRaftLogWorker (SegmentedRaftLogWorker.java:execute(601)) - 577e6845-c807-4eb8-9332-2f265641e0df@group-D11F36815216-SegmentedRaftLogWorker: created new log segment /home/runner/work/ozone/ozone/mnt/ozone/hadoop-ozone/integration-test/target/test-dir/MiniOzoneClusterImpl-b2c6a007-39d2-4e45-b76c-321c7ba85e11/datanode-2/data/ratis/3c24f496-f95b-4179-a54b-d11f36815216/current/log_inprogress_0
2021-07-20 05:56:06,683 [577e6845-c807-4eb8-9332-2f265641e0df@group-D11F36815216-LeaderElection8] INFO  server.RaftServer$Division (ServerState.java:setRaftConf(373)) - 577e6845-c807-4eb8-9332-2f265641e0df@group-D11F36815216: set configuration 0: [577e6845-c807-4eb8-9332-2f265641e0df|rpc:127.0.0.1:36047|dataStream:|priority:1], old=null
2021-07-20 05:56:06,778 [a3de057e-22ba-4f20-867a-3c0291662fe2@group-321C7BA85E11-StateMachineUpdater] INFO  ha.SCMStateMachine (SCMStateMachine.java:takeSnapshot(290)) - Current Snapshot Index 29, takeSnapshot took 0 ms
2021-07-20 05:56:06,781 [a3de057e-22ba-4f20-867a-3c0291662fe2@group-321C7BA85E11-StateMachineUpdater] INFO  impl.StateMachineUpdater (StateMachineUpdater.java:takeSnapshot(281)) - a3de057e-22ba-4f20-867a-3c0291662fe2@group-321C7BA85E11-StateMachineUpdater: Took a snapshot at index 29
2021-07-20 05:56:06,779 [Listener at 127.0.0.1/12232] INFO  ha.SCMHAInvocationHandler (SCMHAInvocationHandler.java:invokeRatis(113)) - Invoking method public abstract void org.apache.hadoop.hdds.scm.container.ContainerStateManagerV2.addContainer(org.apache.hadoop.hdds.protocol.proto.HddsProtos$ContainerInfoProto) throws java.io.IOException on target org.apache.hadoop.hdds.scm.ha.SCMRatisServerImpl@1a07937d, cost 11255.468us
2021-07-20 05:56:06,781 [a3de057e-22ba-4f20-867a-3c0291662fe2@group-321C7BA85E11-StateMachineUpdater] INFO  impl.StateMachineUpdater (StateMachineUpdater.java:lambda$new$0(89)) - a3de057e-22ba-4f20-867a-3c0291662fe2@group-321C7BA85E11-StateMachineUpdater: snapshotIndex: updateIncreasingly 24 -> 29
2021-07-20 05:56:06,782 [a3de057e-22ba-4f20-867a-3c0291662fe2@group-321C7BA85E11-StateMachineUpdater] INFO  raftlog.RaftLog (RaftLogBase.java:purge(306)) - a3de057e-22ba-4f20-867a-3c0291662fe2@group-321C7BA85E11-SegmentedRaftLog: purge 29
2021-07-20 05:56:06,782 [a3de057e-22ba-4f20-867a-3c0291662fe2@group-321C7BA85E11-StateMachineUpdater] INFO  raftlog.RaftLog (RaftLogBase.java:lambda$new$0(53)) - a3de057e-22ba-4f20-867a-3c0291662fe2@group-321C7BA85E11-SegmentedRaftLog: snapshotIndex: updateIncreasingly 24 -> 29
2021-07-20 05:56:06,782 [a3de057e-22ba-4f20-867a-3c0291662fe2@group-321C7BA85E11-StateMachineUpdater] INFO  raftlog.RaftLog (RaftLogBase.java:lambda$new$0(53)) - a3de057e-22ba-4f20-867a-3c0291662fe2@group-321C7BA85E11-SegmentedRaftLog: purgeIndex: updateToMax old=24, new=29, updated? true
2021-07-20 05:56:06,886 [5c2410e7-10a6-4620-b434-e19b0245711c@group-321C7BA85E11-StateMachineUpdater] INFO  ha.SCMStateMachine (SCMStateMachine.java:takeSnapshot(290)) - Current Snapshot Index 30, takeSnapshot took 0 ms
2021-07-20 05:56:06,886 [5c2410e7-10a6-4620-b434-e19b0245711c@group-321C7BA85E11-StateMachineUpdater] INFO  impl.StateMachineUpdater (StateMachineUpdater.java:takeSnapshot(281)) - 5c2410e7-10a6-4620-b434-e19b0245711c@group-321C7BA85E11-StateMachineUpdater: Took a snapshot at index 30
2021-07-20 05:56:06,886 [5c2410e7-10a6-4620-b434-e19b0245711c@group-321C7BA85E11-StateMachineUpdater] INFO  impl.StateMachineUpdater (StateMachineUpdater.java:lambda$new$0(89)) - 5c2410e7-10a6-4620-b434-e19b0245711c@group-321C7BA85E11-StateMachineUpdater: snapshotIndex: updateIncreasingly 25 -> 30
2021-07-20 05:56:06,886 [5c2410e7-10a6-4620-b434-e19b0245711c@group-321C7BA85E11-StateMachineUpdater] INFO  raftlog.RaftLog (RaftLogBase.java:purge(306)) - 5c2410e7-10a6-4620-b434-e19b0245711c@group-321C7BA85E11-SegmentedRaftLog: purge 30
2021-07-20 05:56:06,886 [5c2410e7-10a6-4620-b434-e19b0245711c@group-321C7BA85E11-StateMachineUpdater] INFO  raftlog.RaftLog (RaftLogBase.java:lambda$new$0(53)) - 5c2410e7-10a6-4620-b434-e19b0245711c@group-321C7BA85E11-SegmentedRaftLog: snapshotIndex: updateIncreasingly 25 -> 30
2021-07-20 05:56:06,886 [5c2410e7-10a6-4620-b434-e19b0245711c@group-321C7BA85E11-StateMachineUpdater] INFO  raftlog.RaftLog (RaftLogBase.java:lambda$new$0(53)) - 5c2410e7-10a6-4620-b434-e19b0245711c@group-321C7BA85E11-SegmentedRaftLog: purgeIndex: updateToMax old=25, new=30, updated? true
2021-07-20 05:56:06,888 [Listener at 127.0.0.1/12232] INFO  ha.SCMHAInvocationHandler (SCMHAInvocationHandler.java:invokeRatis(113)) - Invoking method public abstract void org.apache.hadoop.hdds.scm.container.ContainerStateManagerV2.addContainer(org.apache.hadoop.hdds.protocol.proto.HddsProtos$ContainerInfoProto) throws java.io.IOException on target org.apache.hadoop.hdds.scm.ha.SCMRatisServerImpl@1a07937d, cost 5666.536us
2021-07-20 05:56:06,994 [Listener at 127.0.0.1/12232] INFO  ha.SCMHAInvocationHandler (SCMHAInvocationHandler.java:invokeRatis(113)) - Invoking method public abstract void org.apache.hadoop.hdds.scm.container.ContainerStateManagerV2.addContainer(org.apache.hadoop.hdds.protocol.proto.HddsProtos$ContainerInfoProto) throws java.io.IOException on target org.apache.hadoop.hdds.scm.ha.SCMRatisServerImpl@1a07937d, cost 5843.847us
2021-07-20 05:56:06,998 [a3de057e-22ba-4f20-867a-3c0291662fe2@group-321C7BA85E11-StateMachineUpdater] INFO  ha.SCMStateMachine (SCMStateMachine.java:takeSnapshot(290)) - Current Snapshot Index 34, takeSnapshot took 0 ms
2021-07-20 05:56:06,998 [a3de057e-22ba-4f20-867a-3c0291662fe2@group-321C7BA85E11-StateMachineUpdater] INFO  impl.StateMachineUpdater (StateMachineUpdater.java:takeSnapshot(281)) - a3de057e-22ba-4f20-867a-3c0291662fe2@group-321C7BA85E11-StateMachineUpdater: Took a snapshot at index 34
2021-07-20 05:56:06,998 [a3de057e-22ba-4f20-867a-3c0291662fe2@group-321C7BA85E11-StateMachineUpdater] INFO  impl.StateMachineUpdater (StateMachineUpdater.java:lambda$new$0(89)) - a3de057e-22ba-4f20-867a-3c0291662fe2@group-321C7BA85E11-StateMachineUpdater: snapshotIndex: updateIncreasingly 29 -> 34
2021-07-20 05:56:06,998 [a3de057e-22ba-4f20-867a-3c0291662fe2@group-321C7BA85E11-StateMachineUpdater] INFO  raftlog.RaftLog (RaftLogBase.java:purge(306)) - a3de057e-22ba-4f20-867a-3c0291662fe2@group-321C7BA85E11-SegmentedRaftLog: purge 34
2021-07-20 05:56:06,998 [a3de057e-22ba-4f20-867a-3c0291662fe2@group-321C7BA85E11-StateMachineUpdater] INFO  raftlog.RaftLog (RaftLogBase.java:lambda$new$0(53)) - a3de057e-22ba-4f20-867a-3c0291662fe2@group-321C7BA85E11-SegmentedRaftLog: snapshotIndex: updateIncreasingly 29 -> 34
2021-07-20 05:56:06,998 [a3de057e-22ba-4f20-867a-3c0291662fe2@group-321C7BA85E11-StateMachineUpdater] INFO  raftlog.RaftLog (RaftLogBase.java:lambda$new$0(53)) - a3de057e-22ba-4f20-867a-3c0291662fe2@group-321C7BA85E11-SegmentedRaftLog: purgeIndex: updateToMax old=29, new=34, updated? true
2021-07-20 05:56:07,101 [Listener at 127.0.0.1/12232] INFO  ha.SCMHAInvocationHandler (SCMHAInvocationHandler.java:invokeRatis(113)) - Invoking method public abstract void org.apache.hadoop.hdds.scm.container.ContainerStateManagerV2.addContainer(org.apache.hadoop.hdds.protocol.proto.HddsProtos$ContainerInfoProto) throws java.io.IOException on target org.apache.hadoop.hdds.scm.ha.SCMRatisServerImpl@1a07937d, cost 5839.647us
2021-07-20 05:56:07,103 [5c2410e7-10a6-4620-b434-e19b0245711c@group-321C7BA85E11-StateMachineUpdater] INFO  ha.SCMStateMachine (SCMStateMachine.java:takeSnapshot(290)) - Current Snapshot Index 35, takeSnapshot took 0 ms
2021-07-20 05:56:07,103 [5c2410e7-10a6-4620-b434-e19b0245711c@group-321C7BA85E11-StateMachineUpdater] INFO  impl.StateMachineUpdater (StateMachineUpdater.java:takeSnapshot(281)) - 5c2410e7-10a6-4620-b434-e19b0245711c@group-321C7BA85E11-StateMachineUpdater: Took a snapshot at index 35
2021-07-20 05:56:07,103 [5c2410e7-10a6-4620-b434-e19b0245711c@group-321C7BA85E11-StateMachineUpdater] INFO  impl.StateMachineUpdater (StateMachineUpdater.java:lambda$new$0(89)) - 5c2410e7-10a6-4620-b434-e19b0245711c@group-321C7BA85E11-StateMachineUpdater: snapshotIndex: updateIncreasingly 30 -> 35
2021-07-20 05:56:07,103 [5c2410e7-10a6-4620-b434-e19b0245711c@group-321C7BA85E11-StateMachineUpdater] INFO  raftlog.RaftLog (RaftLogBase.java:purge(306)) - 5c2410e7-10a6-4620-b434-e19b0245711c@group-321C7BA85E11-SegmentedRaftLog: purge 35
2021-07-20 05:56:07,103 [5c2410e7-10a6-4620-b434-e19b0245711c@group-321C7BA85E11-StateMachineUpdater] INFO  raftlog.RaftLog (RaftLogBase.java:lambda$new$0(53)) - 5c2410e7-10a6-4620-b434-e19b0245711c@group-321C7BA85E11-SegmentedRaftLog: snapshotIndex: updateIncreasingly 30 -> 35
2021-07-20 05:56:07,103 [5c2410e7-10a6-4620-b434-e19b0245711c@group-321C7BA85E11-StateMachineUpdater] INFO  raftlog.RaftLog (RaftLogBase.java:lambda$new$0(53)) - 5c2410e7-10a6-4620-b434-e19b0245711c@group-321C7BA85E11-SegmentedRaftLog: purgeIndex: updateToMax old=30, new=35, updated? true
2021-07-20 05:56:07,210 [Listener at 127.0.0.1/12232] INFO  ha.SCMHAInvocationHandler (SCMHAInvocationHandler.java:invokeRatis(113)) - Invoking method public abstract void org.apache.hadoop.hdds.scm.container.ContainerStateManagerV2.addContainer(org.apache.hadoop.hdds.protocol.proto.HddsProtos$ContainerInfoProto) throws java.io.IOException on target org.apache.hadoop.hdds.scm.ha.SCMRatisServerImpl@1a07937d, cost 9278.351us
2021-07-20 05:56:07,318 [Listener at 127.0.0.1/12232] INFO  ha.SCMHAInvocationHandler (SCMHAInvocationHandler.java:invokeRatis(113)) - Invoking method public abstract void org.apache.hadoop.hdds.scm.container.ContainerStateManagerV2.addContainer(org.apache.hadoop.hdds.protocol.proto.HddsProtos$ContainerInfoProto) throws java.io.IOException on target org.apache.hadoop.hdds.scm.ha.SCMRatisServerImpl@1a07937d, cost 6389.379us
2021-07-20 05:56:07,318 [a3de057e-22ba-4f20-867a-3c0291662fe2@group-321C7BA85E11-StateMachineUpdater] INFO  ha.SCMStateMachine (SCMStateMachine.java:takeSnapshot(290)) - Current Snapshot Index 39, takeSnapshot took 0 ms
2021-07-20 05:56:07,319 [a3de057e-22ba-4f20-867a-3c0291662fe2@group-321C7BA85E11-StateMachineUpdater] INFO  impl.StateMachineUpdater (StateMachineUpdater.java:takeSnapshot(281)) - a3de057e-22ba-4f20-867a-3c0291662fe2@group-321C7BA85E11-StateMachineUpdater: Took a snapshot at index 39
2021-07-20 05:56:07,319 [a3de057e-22ba-4f20-867a-3c0291662fe2@group-321C7BA85E11-StateMachineUpdater] INFO  impl.StateMachineUpdater (StateMachineUpdater.java:lambda$new$0(89)) - a3de057e-22ba-4f20-867a-3c0291662fe2@group-321C7BA85E11-StateMachineUpdater: snapshotIndex: updateIncreasingly 34 -> 39
2021-07-20 05:56:07,319 [a3de057e-22ba-4f20-867a-3c0291662fe2@group-321C7BA85E11-StateMachineUpdater] INFO  raftlog.RaftLog (RaftLogBase.java:purge(306)) - a3de057e-22ba-4f20-867a-3c0291662fe2@group-321C7BA85E11-SegmentedRaftLog: purge 39
2021-07-20 05:56:07,320 [a3de057e-22ba-4f20-867a-3c0291662fe2@group-321C7BA85E11-StateMachineUpdater] INFO  raftlog.RaftLog (RaftLogBase.java:lambda$new$0(53)) - a3de057e-22ba-4f20-867a-3c0291662fe2@group-321C7BA85E11-SegmentedRaftLog: snapshotIndex: updateIncreasingly 34 -> 39
2021-07-20 05:56:07,320 [a3de057e-22ba-4f20-867a-3c0291662fe2@group-321C7BA85E11-StateMachineUpdater] INFO  raftlog.RaftLog (RaftLogBase.java:lambda$new$0(53)) - a3de057e-22ba-4f20-867a-3c0291662fe2@group-321C7BA85E11-SegmentedRaftLog: purgeIndex: updateToMax old=34, new=39, updated? true
2021-07-20 05:56:07,424 [5c2410e7-10a6-4620-b434-e19b0245711c@group-321C7BA85E11-StateMachineUpdater] INFO  ha.SCMStateMachine (SCMStateMachine.java:takeSnapshot(290)) - Current Snapshot Index 40, takeSnapshot took 1 ms
2021-07-20 05:56:07,424 [5c2410e7-10a6-4620-b434-e19b0245711c@group-321C7BA85E11-StateMachineUpdater] INFO  impl.StateMachineUpdater (StateMachineUpdater.java:takeSnapshot(281)) - 5c2410e7-10a6-4620-b434-e19b0245711c@group-321C7BA85E11-StateMachineUpdater: Took a snapshot at index 40
2021-07-20 05:56:07,424 [5c2410e7-10a6-4620-b434-e19b0245711c@group-321C7BA85E11-StateMachineUpdater] INFO  impl.StateMachineUpdater (StateMachineUpdater.java:lambda$new$0(89)) - 5c2410e7-10a6-4620-b434-e19b0245711c@group-321C7BA85E11-StateMachineUpdater: snapshotIndex: updateIncreasingly 35 -> 40
2021-07-20 05:56:07,424 [5c2410e7-10a6-4620-b434-e19b0245711c@group-321C7BA85E11-StateMachineUpdater] INFO  raftlog.RaftLog (RaftLogBase.java:purge(306)) - 5c2410e7-10a6-4620-b434-e19b0245711c@group-321C7BA85E11-SegmentedRaftLog: purge 40
2021-07-20 05:56:07,424 [5c2410e7-10a6-4620-b434-e19b0245711c@group-321C7BA85E11-StateMachineUpdater] INFO  raftlog.RaftLog (RaftLogBase.java:lambda$new$0(53)) - 5c2410e7-10a6-4620-b434-e19b0245711c@group-321C7BA85E11-SegmentedRaftLog: snapshotIndex: updateIncreasingly 35 -> 40
2021-07-20 05:56:07,424 [5c2410e7-10a6-4620-b434-e19b0245711c@group-321C7BA85E11-StateMachineUpdater] INFO  raftlog.RaftLog (RaftLogBase.java:lambda$new$0(53)) - 5c2410e7-10a6-4620-b434-e19b0245711c@group-321C7BA85E11-SegmentedRaftLog: purgeIndex: updateToMax old=35, new=40, updated? true
2021-07-20 05:56:07,425 [Listener at 127.0.0.1/12232] INFO  ha.SCMHAInvocationHandler (SCMHAInvocationHandler.java:invokeRatis(113)) - Invoking method public abstract void org.apache.hadoop.hdds.scm.container.ContainerStateManagerV2.addContainer(org.apache.hadoop.hdds.protocol.proto.HddsProtos$ContainerInfoProto) throws java.io.IOException on target org.apache.hadoop.hdds.scm.ha.SCMRatisServerImpl@1a07937d, cost 5634.335us
2021-07-20 05:56:07,534 [Listener at 127.0.0.1/12232] INFO  ha.SCMHAInvocationHandler (SCMHAInvocationHandler.java:invokeRatis(113)) - Invoking method public abstract void org.apache.hadoop.hdds.scm.container.ContainerStateManagerV2.addContainer(org.apache.hadoop.hdds.protocol.proto.HddsProtos$ContainerInfoProto) throws java.io.IOException on target org.apache.hadoop.hdds.scm.ha.SCMRatisServerImpl@1a07937d, cost 8761.221us
2021-07-20 05:56:07,540 [a3de057e-22ba-4f20-867a-3c0291662fe2@group-321C7BA85E11-StateMachineUpdater] INFO  ha.SCMStateMachine (SCMStateMachine.java:takeSnapshot(290)) - Current Snapshot Index 44, takeSnapshot took 1 ms
2021-07-20 05:56:07,540 [a3de057e-22ba-4f20-867a-3c0291662fe2@group-321C7BA85E11-StateMachineUpdater] INFO  impl.StateMachineUpdater (StateMachineUpdater.java:takeSnapshot(281)) - a3de057e-22ba-4f20-867a-3c0291662fe2@group-321C7BA85E11-StateMachineUpdater: Took a snapshot at index 44
2021-07-20 05:56:07,540 [a3de057e-22ba-4f20-867a-3c0291662fe2@group-321C7BA85E11-StateMachineUpdater] INFO  impl.StateMachineUpdater (StateMachineUpdater.java:lambda$new$0(89)) - a3de057e-22ba-4f20-867a-3c0291662fe2@group-321C7BA85E11-StateMachineUpdater: snapshotIndex: updateIncreasingly 39 -> 44
2021-07-20 05:56:07,540 [a3de057e-22ba-4f20-867a-3c0291662fe2@group-321C7BA85E11-StateMachineUpdater] INFO  raftlog.RaftLog (RaftLogBase.java:purge(306)) - a3de057e-22ba-4f20-867a-3c0291662fe2@group-321C7BA85E11-SegmentedRaftLog: purge 44
2021-07-20 05:56:07,540 [a3de057e-22ba-4f20-867a-3c0291662fe2@group-321C7BA85E11-StateMachineUpdater] INFO  raftlog.RaftLog (RaftLogBase.java:lambda$new$0(53)) - a3de057e-22ba-4f20-867a-3c0291662fe2@group-321C7BA85E11-SegmentedRaftLog: snapshotIndex: updateIncreasingly 39 -> 44
2021-07-20 05:56:07,540 [a3de057e-22ba-4f20-867a-3c0291662fe2@group-321C7BA85E11-StateMachineUpdater] INFO  raftlog.RaftLog (RaftLogBase.java:lambda$new$0(53)) - a3de057e-22ba-4f20-867a-3c0291662fe2@group-321C7BA85E11-SegmentedRaftLog: purgeIndex: updateToMax old=39, new=44, updated? true
2021-07-20 05:56:07,561 [Datanode State Machine Thread - 0] ERROR datanode.RunningDatanodeState (RunningDatanodeState.java:computeNextContainerState(199)) - Error in executing end point task.
java.util.concurrent.ExecutionException: java.util.concurrent.TimeoutException
	at java.util.concurrent.FutureTask.report(FutureTask.java:122)
	at java.util.concurrent.FutureTask.get(FutureTask.java:192)
	at org.apache.hadoop.ozone.container.common.states.datanode.RunningDatanodeState.computeNextContainerState(RunningDatanodeState.java:191)
	at org.apache.hadoop.ozone.container.common.states.datanode.RunningDatanodeState.await(RunningDatanodeState.java:231)
	at org.apache.hadoop.ozone.container.common.states.datanode.RunningDatanodeState.await(RunningDatanodeState.java:50)
	at org.apache.hadoop.ozone.container.common.statemachine.StateContext.execute(StateContext.java:629)
	at org.apache.hadoop.ozone.container.common.statemachine.DatanodeStateMachine.start(DatanodeStateMachine.java:269)
	at org.apache.hadoop.ozone.container.common.statemachine.DatanodeStateMachine.lambda$startDaemon$0(DatanodeStateMachine.java:455)
	at java.lang.Thread.run(Thread.java:748)
Caused by: java.util.concurrent.TimeoutException
	at java.util.concurrent.FutureTask.get(FutureTask.java:205)
	at org.apache.hadoop.ozone.container.common.states.datanode.RunningDatanodeState.lambda$execute$0(RunningDatanodeState.java:149)
	at java.util.concurrent.FutureTask.run(FutureTask.java:266)
	at java.util.concurrent.Executors$RunnableAdapter.call(Executors.java:511)
	at java.util.concurrent.FutureTask.run(FutureTask.java:266)
	at java.util.concurrent.ThreadPoolExecutor.runWorker(ThreadPoolExecutor.java:1149)
	at java.util.concurrent.ThreadPoolExecutor$Worker.run(ThreadPoolExecutor.java:624)
	... 1 more
2021-07-20 05:56:07,642 [Listener at 127.0.0.1/12232] INFO  ha.SCMHAInvocationHandler (SCMHAInvocationHandler.java:invokeRatis(113)) - Invoking method public abstract void org.apache.hadoop.hdds.scm.container.ContainerStateManagerV2.addContainer(org.apache.hadoop.hdds.protocol.proto.HddsProtos$ContainerInfoProto) throws java.io.IOException on target org.apache.hadoop.hdds.scm.ha.SCMRatisServerImpl@1a07937d, cost 6746.601us
2021-07-20 05:56:07,645 [5c2410e7-10a6-4620-b434-e19b0245711c@group-321C7BA85E11-StateMachineUpdater] INFO  ha.SCMStateMachine (SCMStateMachine.java:takeSnapshot(290)) - Current Snapshot Index 45, takeSnapshot took 0 ms
2021-07-20 05:56:07,645 [5c2410e7-10a6-4620-b434-e19b0245711c@group-321C7BA85E11-StateMachineUpdater] INFO  impl.StateMachineUpdater (StateMachineUpdater.java:takeSnapshot(281)) - 5c2410e7-10a6-4620-b434-e19b0245711c@group-321C7BA85E11-StateMachineUpdater: Took a snapshot at index 45
2021-07-20 05:56:07,645 [5c2410e7-10a6-4620-b434-e19b0245711c@group-321C7BA85E11-StateMachineUpdater] INFO  impl.StateMachineUpdater (StateMachineUpdater.java:lambda$new$0(89)) - 5c2410e7-10a6-4620-b434-e19b0245711c@group-321C7BA85E11-StateMachineUpdater: snapshotIndex: updateIncreasingly 40 -> 45
2021-07-20 05:56:07,645 [5c2410e7-10a6-4620-b434-e19b0245711c@group-321C7BA85E11-StateMachineUpdater] INFO  raftlog.RaftLog (RaftLogBase.java:purge(306)) - 5c2410e7-10a6-4620-b434-e19b0245711c@group-321C7BA85E11-SegmentedRaftLog: purge 45
2021-07-20 05:56:07,645 [5c2410e7-10a6-4620-b434-e19b0245711c@group-321C7BA85E11-StateMachineUpdater] INFO  raftlog.RaftLog (RaftLogBase.java:lambda$new$0(53)) - 5c2410e7-10a6-4620-b434-e19b0245711c@group-321C7BA85E11-SegmentedRaftLog: snapshotIndex: updateIncreasingly 40 -> 45
2021-07-20 05:56:07,645 [5c2410e7-10a6-4620-b434-e19b0245711c@group-321C7BA85E11-StateMachineUpdater] INFO  raftlog.RaftLog (RaftLogBase.java:lambda$new$0(53)) - 5c2410e7-10a6-4620-b434-e19b0245711c@group-321C7BA85E11-SegmentedRaftLog: purgeIndex: updateToMax old=40, new=45, updated? true
2021-07-20 05:56:07,749 [Listener at 127.0.0.1/12232] INFO  ha.SCMHAInvocationHandler (SCMHAInvocationHandler.java:invokeRatis(113)) - Invoking method public abstract void org.apache.hadoop.hdds.scm.container.ContainerStateManagerV2.addContainer(org.apache.hadoop.hdds.protocol.proto.HddsProtos$ContainerInfoProto) throws java.io.IOException on target org.apache.hadoop.hdds.scm.ha.SCMRatisServerImpl@1a07937d, cost 5955.254us
2021-07-20 05:56:07,855 [a3de057e-22ba-4f20-867a-3c0291662fe2@group-321C7BA85E11-StateMachineUpdater] INFO  ha.SCMStateMachine (SCMStateMachine.java:takeSnapshot(290)) - Current Snapshot Index 49, takeSnapshot took 0 ms
2021-07-20 05:56:07,855 [a3de057e-22ba-4f20-867a-3c0291662fe2@group-321C7BA85E11-StateMachineUpdater] INFO  impl.StateMachineUpdater (StateMachineUpdater.java:takeSnapshot(281)) - a3de057e-22ba-4f20-867a-3c0291662fe2@group-321C7BA85E11-StateMachineUpdater: Took a snapshot at index 49
2021-07-20 05:56:07,855 [a3de057e-22ba-4f20-867a-3c0291662fe2@group-321C7BA85E11-StateMachineUpdater] INFO  impl.StateMachineUpdater (StateMachineUpdater.java:lambda$new$0(89)) - a3de057e-22ba-4f20-867a-3c0291662fe2@group-321C7BA85E11-StateMachineUpdater: snapshotIndex: updateIncreasingly 44 -> 49
2021-07-20 05:56:07,855 [a3de057e-22ba-4f20-867a-3c0291662fe2@group-321C7BA85E11-StateMachineUpdater] INFO  raftlog.RaftLog (RaftLogBase.java:purge(306)) - a3de057e-22ba-4f20-867a-3c0291662fe2@group-321C7BA85E11-SegmentedRaftLog: purge 49
2021-07-20 05:56:07,856 [Listener at 127.0.0.1/12232] INFO  ha.SCMHAInvocationHandler (SCMHAInvocationHandler.java:invokeRatis(113)) - Invoking method public abstract void org.apache.hadoop.hdds.scm.container.ContainerStateManagerV2.addContainer(org.apache.hadoop.hdds.protocol.proto.HddsProtos$ContainerInfoProto) throws java.io.IOException on target org.apache.hadoop.hdds.scm.ha.SCMRatisServerImpl@1a07937d, cost 6402.28us
2021-07-20 05:56:07,856 [a3de057e-22ba-4f20-867a-3c0291662fe2@group-321C7BA85E11-StateMachineUpdater] INFO  raftlog.RaftLog (RaftLogBase.java:lambda$new$0(53)) - a3de057e-22ba-4f20-867a-3c0291662fe2@group-321C7BA85E11-SegmentedRaftLog: snapshotIndex: updateIncreasingly 44 -> 49
2021-07-20 05:56:07,856 [a3de057e-22ba-4f20-867a-3c0291662fe2@group-321C7BA85E11-StateMachineUpdater] INFO  raftlog.RaftLog (RaftLogBase.java:lambda$new$0(53)) - a3de057e-22ba-4f20-867a-3c0291662fe2@group-321C7BA85E11-SegmentedRaftLog: purgeIndex: updateToMax old=44, new=49, updated? true
2021-07-20 05:56:07,959 [5c2410e7-10a6-4620-b434-e19b0245711c@group-321C7BA85E11-StateMachineUpdater] INFO  ha.SCMStateMachine (SCMStateMachine.java:takeSnapshot(290)) - Current Snapshot Index 50, takeSnapshot took 0 ms
2021-07-20 05:56:07,959 [5c2410e7-10a6-4620-b434-e19b0245711c@group-321C7BA85E11-StateMachineUpdater] INFO  impl.StateMachineUpdater (StateMachineUpdater.java:takeSnapshot(281)) - 5c2410e7-10a6-4620-b434-e19b0245711c@group-321C7BA85E11-StateMachineUpdater: Took a snapshot at index 50
2021-07-20 05:56:07,959 [5c2410e7-10a6-4620-b434-e19b0245711c@group-321C7BA85E11-StateMachineUpdater] INFO  impl.StateMachineUpdater (StateMachineUpdater.java:lambda$new$0(89)) - 5c2410e7-10a6-4620-b434-e19b0245711c@group-321C7BA85E11-StateMachineUpdater: snapshotIndex: updateIncreasingly 45 -> 50
2021-07-20 05:56:07,960 [5c2410e7-10a6-4620-b434-e19b0245711c@group-321C7BA85E11-StateMachineUpdater] INFO  raftlog.RaftLog (RaftLogBase.java:purge(306)) - 5c2410e7-10a6-4620-b434-e19b0245711c@group-321C7BA85E11-SegmentedRaftLog: purge 50
2021-07-20 05:56:07,960 [5c2410e7-10a6-4620-b434-e19b0245711c@group-321C7BA85E11-StateMachineUpdater] INFO  raftlog.RaftLog (RaftLogBase.java:lambda$new$0(53)) - 5c2410e7-10a6-4620-b434-e19b0245711c@group-321C7BA85E11-SegmentedRaftLog: snapshotIndex: updateIncreasingly 45 -> 50
2021-07-20 05:56:07,960 [5c2410e7-10a6-4620-b434-e19b0245711c@group-321C7BA85E11-StateMachineUpdater] INFO  raftlog.RaftLog (RaftLogBase.java:lambda$new$0(53)) - 5c2410e7-10a6-4620-b434-e19b0245711c@group-321C7BA85E11-SegmentedRaftLog: purgeIndex: updateToMax old=45, new=50, updated? true
2021-07-20 05:56:07,961 [Listener at 127.0.0.1/12232] INFO  ha.SCMHAInvocationHandler (SCMHAInvocationHandler.java:invokeRatis(113)) - Invoking method public abstract void org.apache.hadoop.hdds.scm.container.ContainerStateManagerV2.addContainer(org.apache.hadoop.hdds.protocol.proto.HddsProtos$ContainerInfoProto) throws java.io.IOException on target org.apache.hadoop.hdds.scm.ha.SCMRatisServerImpl@1a07937d, cost 5402.021us
2021-07-20 05:56:08,068 [Listener at 127.0.0.1/12232] INFO  ha.SCMHAInvocationHandler (SCMHAInvocationHandler.java:invokeRatis(113)) - Invoking method public abstract void org.apache.hadoop.hdds.scm.container.ContainerStateManagerV2.addContainer(org.apache.hadoop.hdds.protocol.proto.HddsProtos$ContainerInfoProto) throws java.io.IOException on target org.apache.hadoop.hdds.scm.ha.SCMRatisServerImpl@1a07937d, cost 5590.432us
2021-07-20 05:56:08,071 [a3de057e-22ba-4f20-867a-3c0291662fe2@group-321C7BA85E11-StateMachineUpdater] INFO  ha.SCMStateMachine (SCMStateMachine.java:takeSnapshot(290)) - Current Snapshot Index 54, takeSnapshot took 0 ms
2021-07-20 05:56:08,072 [a3de057e-22ba-4f20-867a-3c0291662fe2@group-321C7BA85E11-StateMachineUpdater] INFO  impl.StateMachineUpdater (StateMachineUpdater.java:takeSnapshot(281)) - a3de057e-22ba-4f20-867a-3c0291662fe2@group-321C7BA85E11-StateMachineUpdater: Took a snapshot at index 54
2021-07-20 05:56:08,072 [a3de057e-22ba-4f20-867a-3c0291662fe2@group-321C7BA85E11-StateMachineUpdater] INFO  impl.StateMachineUpdater (StateMachineUpdater.java:lambda$new$0(89)) - a3de057e-22ba-4f20-867a-3c0291662fe2@group-321C7BA85E11-StateMachineUpdater: snapshotIndex: updateIncreasingly 49 -> 54
2021-07-20 05:56:08,072 [a3de057e-22ba-4f20-867a-3c0291662fe2@group-321C7BA85E11-StateMachineUpdater] INFO  raftlog.RaftLog (RaftLogBase.java:purge(306)) - a3de057e-22ba-4f20-867a-3c0291662fe2@group-321C7BA85E11-SegmentedRaftLog: purge 54
2021-07-20 05:56:08,072 [a3de057e-22ba-4f20-867a-3c0291662fe2@group-321C7BA85E11-StateMachineUpdater] INFO  raftlog.RaftLog (RaftLogBase.java:lambda$new$0(53)) - a3de057e-22ba-4f20-867a-3c0291662fe2@group-321C7BA85E11-SegmentedRaftLog: snapshotIndex: updateIncreasingly 49 -> 54
2021-07-20 05:56:08,072 [a3de057e-22ba-4f20-867a-3c0291662fe2@group-321C7BA85E11-StateMachineUpdater] INFO  raftlog.RaftLog (RaftLogBase.java:lambda$new$0(53)) - a3de057e-22ba-4f20-867a-3c0291662fe2@group-321C7BA85E11-SegmentedRaftLog: purgeIndex: updateToMax old=49, new=54, updated? true
2021-07-20 05:56:08,174 [Listener at 127.0.0.1/12232] INFO  ha.SCMHAInvocationHandler (SCMHAInvocationHandler.java:invokeRatis(113)) - Invoking method public abstract void org.apache.hadoop.hdds.scm.container.ContainerStateManagerV2.addContainer(org.apache.hadoop.hdds.protocol.proto.HddsProtos$ContainerInfoProto) throws java.io.IOException on target org.apache.hadoop.hdds.scm.ha.SCMRatisServerImpl@1a07937d, cost 5688.637us
2021-07-20 05:56:08,176 [5c2410e7-10a6-4620-b434-e19b0245711c@group-321C7BA85E11-StateMachineUpdater] INFO  ha.SCMStateMachine (SCMStateMachine.java:takeSnapshot(290)) - Current Snapshot Index 55, takeSnapshot took 0 ms
2021-07-20 05:56:08,176 [5c2410e7-10a6-4620-b434-e19b0245711c@group-321C7BA85E11-StateMachineUpdater] INFO  impl.StateMachineUpdater (StateMachineUpdater.java:takeSnapshot(281)) - 5c2410e7-10a6-4620-b434-e19b0245711c@group-321C7BA85E11-StateMachineUpdater: Took a snapshot at index 55
2021-07-20 05:56:08,176 [5c2410e7-10a6-4620-b434-e19b0245711c@group-321C7BA85E11-StateMachineUpdater] INFO  impl.StateMachineUpdater (StateMachineUpdater.java:lambda$new$0(89)) - 5c2410e7-10a6-4620-b434-e19b0245711c@group-321C7BA85E11-StateMachineUpdater: snapshotIndex: updateIncreasingly 50 -> 55
2021-07-20 05:56:08,176 [5c2410e7-10a6-4620-b434-e19b0245711c@group-321C7BA85E11-StateMachineUpdater] INFO  raftlog.RaftLog (RaftLogBase.java:purge(306)) - 5c2410e7-10a6-4620-b434-e19b0245711c@group-321C7BA85E11-SegmentedRaftLog: purge 55
2021-07-20 05:56:08,176 [5c2410e7-10a6-4620-b434-e19b0245711c@group-321C7BA85E11-StateMachineUpdater] INFO  raftlog.RaftLog (RaftLogBase.java:lambda$new$0(53)) - 5c2410e7-10a6-4620-b434-e19b0245711c@group-321C7BA85E11-SegmentedRaftLog: snapshotIndex: updateIncreasingly 50 -> 55
2021-07-20 05:56:08,176 [5c2410e7-10a6-4620-b434-e19b0245711c@group-321C7BA85E11-StateMachineUpdater] INFO  raftlog.RaftLog (RaftLogBase.java:lambda$new$0(53)) - 5c2410e7-10a6-4620-b434-e19b0245711c@group-321C7BA85E11-SegmentedRaftLog: purgeIndex: updateToMax old=50, new=55, updated? true
2021-07-20 05:56:08,281 [Listener at 127.0.0.1/12232] INFO  ha.SCMHAInvocationHandler (SCMHAInvocationHandler.java:invokeRatis(113)) - Invoking method public abstract void org.apache.hadoop.hdds.scm.container.ContainerStateManagerV2.addContainer(org.apache.hadoop.hdds.protocol.proto.HddsProtos$ContainerInfoProto) throws java.io.IOException on target org.apache.hadoop.hdds.scm.ha.SCMRatisServerImpl@1a07937d, cost 6111.063us
2021-07-20 05:56:08,388 [a3de057e-22ba-4f20-867a-3c0291662fe2@group-321C7BA85E11-StateMachineUpdater] INFO  ha.SCMStateMachine (SCMStateMachine.java:takeSnapshot(290)) - Current Snapshot Index 59, takeSnapshot took 0 ms
2021-07-20 05:56:08,388 [a3de057e-22ba-4f20-867a-3c0291662fe2@group-321C7BA85E11-StateMachineUpdater] INFO  impl.StateMachineUpdater (StateMachineUpdater.java:takeSnapshot(281)) - a3de057e-22ba-4f20-867a-3c0291662fe2@group-321C7BA85E11-StateMachineUpdater: Took a snapshot at index 59
2021-07-20 05:56:08,388 [a3de057e-22ba-4f20-867a-3c0291662fe2@group-321C7BA85E11-StateMachineUpdater] INFO  impl.StateMachineUpdater (StateMachineUpdater.java:lambda$new$0(89)) - a3de057e-22ba-4f20-867a-3c0291662fe2@group-321C7BA85E11-StateMachineUpdater: snapshotIndex: updateIncreasingly 54 -> 59
2021-07-20 05:56:08,388 [a3de057e-22ba-4f20-867a-3c0291662fe2@group-321C7BA85E11-StateMachineUpdater] INFO  raftlog.RaftLog (RaftLogBase.java:purge(306)) - a3de057e-22ba-4f20-867a-3c0291662fe2@group-321C7BA85E11-SegmentedRaftLog: purge 59
2021-07-20 05:56:08,388 [a3de057e-22ba-4f20-867a-3c0291662fe2@group-321C7BA85E11-StateMachineUpdater] INFO  raftlog.RaftLog (RaftLogBase.java:lambda$new$0(53)) - a3de057e-22ba-4f20-867a-3c0291662fe2@group-321C7BA85E11-SegmentedRaftLog: snapshotIndex: updateIncreasingly 54 -> 59
2021-07-20 05:56:08,388 [a3de057e-22ba-4f20-867a-3c0291662fe2@group-321C7BA85E11-StateMachineUpdater] INFO  raftlog.RaftLog (RaftLogBase.java:lambda$new$0(53)) - a3de057e-22ba-4f20-867a-3c0291662fe2@group-321C7BA85E11-SegmentedRaftLog: purgeIndex: updateToMax old=54, new=59, updated? true
2021-07-20 05:56:08,388 [Listener at 127.0.0.1/12232] INFO  ha.SCMHAInvocationHandler (SCMHAInvocationHandler.java:invokeRatis(113)) - Invoking method public abstract void org.apache.hadoop.hdds.scm.container.ContainerStateManagerV2.addContainer(org.apache.hadoop.hdds.protocol.proto.HddsProtos$ContainerInfoProto) throws java.io.IOException on target org.apache.hadoop.hdds.scm.ha.SCMRatisServerImpl@1a07937d, cost 6017.657us
2021-07-20 05:56:08,492 [5c2410e7-10a6-4620-b434-e19b0245711c@group-321C7BA85E11-StateMachineUpdater] INFO  ha.SCMStateMachine (SCMStateMachine.java:takeSnapshot(290)) - Current Snapshot Index 60, takeSnapshot took 0 ms
2021-07-20 05:56:08,493 [5c2410e7-10a6-4620-b434-e19b0245711c@group-321C7BA85E11-StateMachineUpdater] INFO  impl.StateMachineUpdater (StateMachineUpdater.java:takeSnapshot(281)) - 5c2410e7-10a6-4620-b434-e19b0245711c@group-321C7BA85E11-StateMachineUpdater: Took a snapshot at index 60
2021-07-20 05:56:08,493 [5c2410e7-10a6-4620-b434-e19b0245711c@group-321C7BA85E11-StateMachineUpdater] INFO  impl.StateMachineUpdater (StateMachineUpdater.java:lambda$new$0(89)) - 5c2410e7-10a6-4620-b434-e19b0245711c@group-321C7BA85E11-StateMachineUpdater: snapshotIndex: updateIncreasingly 55 -> 60
2021-07-20 05:56:08,493 [5c2410e7-10a6-4620-b434-e19b0245711c@group-321C7BA85E11-StateMachineUpdater] INFO  raftlog.RaftLog (RaftLogBase.java:purge(306)) - 5c2410e7-10a6-4620-b434-e19b0245711c@group-321C7BA85E11-SegmentedRaftLog: purge 60
2021-07-20 05:56:08,493 [5c2410e7-10a6-4620-b434-e19b0245711c@group-321C7BA85E11-StateMachineUpdater] INFO  raftlog.RaftLog (RaftLogBase.java:lambda$new$0(53)) - 5c2410e7-10a6-4620-b434-e19b0245711c@group-321C7BA85E11-SegmentedRaftLog: snapshotIndex: updateIncreasingly 55 -> 60
2021-07-20 05:56:08,493 [5c2410e7-10a6-4620-b434-e19b0245711c@group-321C7BA85E11-StateMachineUpdater] INFO  raftlog.RaftLog (RaftLogBase.java:lambda$new$0(53)) - 5c2410e7-10a6-4620-b434-e19b0245711c@group-321C7BA85E11-SegmentedRaftLog: purgeIndex: updateToMax old=55, new=60, updated? true
2021-07-20 05:56:08,494 [Listener at 127.0.0.1/12232] INFO  ha.SCMHAInvocationHandler (SCMHAInvocationHandler.java:invokeRatis(113)) - Invoking method public abstract void org.apache.hadoop.hdds.scm.container.ContainerStateManagerV2.addContainer(org.apache.hadoop.hdds.protocol.proto.HddsProtos$ContainerInfoProto) throws java.io.IOException on target org.apache.hadoop.hdds.scm.ha.SCMRatisServerImpl@1a07937d, cost 5910.051us
2021-07-20 05:56:08,515 [Datanode State Machine Thread - 0] ERROR datanode.RunningDatanodeState (RunningDatanodeState.java:computeNextContainerState(199)) - Error in executing end point task.
java.util.concurrent.ExecutionException: java.util.concurrent.TimeoutException
	at java.util.concurrent.FutureTask.report(FutureTask.java:122)
	at java.util.concurrent.FutureTask.get(FutureTask.java:192)
	at org.apache.hadoop.ozone.container.common.states.datanode.RunningDatanodeState.computeNextContainerState(RunningDatanodeState.java:191)
	at org.apache.hadoop.ozone.container.common.states.datanode.RunningDatanodeState.await(RunningDatanodeState.java:231)
	at org.apache.hadoop.ozone.container.common.states.datanode.RunningDatanodeState.await(RunningDatanodeState.java:50)
	at org.apache.hadoop.ozone.container.common.statemachine.StateContext.execute(StateContext.java:629)
	at org.apache.hadoop.ozone.container.common.statemachine.DatanodeStateMachine.start(DatanodeStateMachine.java:269)
	at org.apache.hadoop.ozone.container.common.statemachine.DatanodeStateMachine.lambda$startDaemon$0(DatanodeStateMachine.java:455)
	at java.lang.Thread.run(Thread.java:748)
Caused by: java.util.concurrent.TimeoutException
	at java.util.concurrent.FutureTask.get(FutureTask.java:205)
	at org.apache.hadoop.ozone.container.common.states.datanode.RunningDatanodeState.lambda$execute$0(RunningDatanodeState.java:149)
	at java.util.concurrent.FutureTask.run(FutureTask.java:266)
	at java.util.concurrent.Executors$RunnableAdapter.call(Executors.java:511)
	at java.util.concurrent.FutureTask.run(FutureTask.java:266)
	at java.util.concurrent.ThreadPoolExecutor.runWorker(ThreadPoolExecutor.java:1149)
	at java.util.concurrent.ThreadPoolExecutor$Worker.run(ThreadPoolExecutor.java:624)
	... 1 more
2021-07-20 05:56:08,600 [Listener at 127.0.0.1/12232] INFO  ha.SCMHAInvocationHandler (SCMHAInvocationHandler.java:invokeRatis(113)) - Invoking method public abstract void org.apache.hadoop.hdds.scm.container.ContainerStateManagerV2.addContainer(org.apache.hadoop.hdds.protocol.proto.HddsProtos$ContainerInfoProto) throws java.io.IOException on target org.apache.hadoop.hdds.scm.ha.SCMRatisServerImpl@1a07937d, cost 4785.884us
2021-07-20 05:56:08,603 [a3de057e-22ba-4f20-867a-3c0291662fe2@group-321C7BA85E11-StateMachineUpdater] INFO  ha.SCMStateMachine (SCMStateMachine.java:takeSnapshot(290)) - Current Snapshot Index 64, takeSnapshot took 0 ms
2021-07-20 05:56:08,603 [a3de057e-22ba-4f20-867a-3c0291662fe2@group-321C7BA85E11-StateMachineUpdater] INFO  impl.StateMachineUpdater (StateMachineUpdater.java:takeSnapshot(281)) - a3de057e-22ba-4f20-867a-3c0291662fe2@group-321C7BA85E11-StateMachineUpdater: Took a snapshot at index 64
2021-07-20 05:56:08,604 [a3de057e-22ba-4f20-867a-3c0291662fe2@group-321C7BA85E11-StateMachineUpdater] INFO  impl.StateMachineUpdater (StateMachineUpdater.java:lambda$new$0(89)) - a3de057e-22ba-4f20-867a-3c0291662fe2@group-321C7BA85E11-StateMachineUpdater: snapshotIndex: updateIncreasingly 59 -> 64
2021-07-20 05:56:08,604 [a3de057e-22ba-4f20-867a-3c0291662fe2@group-321C7BA85E11-StateMachineUpdater] INFO  raftlog.RaftLog (RaftLogBase.java:purge(306)) - a3de057e-22ba-4f20-867a-3c0291662fe2@group-321C7BA85E11-SegmentedRaftLog: purge 64
2021-07-20 05:56:08,604 [a3de057e-22ba-4f20-867a-3c0291662fe2@group-321C7BA85E11-StateMachineUpdater] INFO  raftlog.RaftLog (RaftLogBase.java:lambda$new$0(53)) - a3de057e-22ba-4f20-867a-3c0291662fe2@group-321C7BA85E11-SegmentedRaftLog: snapshotIndex: updateIncreasingly 59 -> 64
2021-07-20 05:56:08,604 [a3de057e-22ba-4f20-867a-3c0291662fe2@group-321C7BA85E11-StateMachineUpdater] INFO  raftlog.RaftLog (RaftLogBase.java:lambda$new$0(53)) - a3de057e-22ba-4f20-867a-3c0291662fe2@group-321C7BA85E11-SegmentedRaftLog: purgeIndex: updateToMax old=59, new=64, updated? true
2021-07-20 05:56:08,705 [Listener at 127.0.0.1/12232] INFO  ha.SCMHAInvocationHandler (SCMHAInvocationHandler.java:invokeRatis(113)) - Invoking method public abstract void org.apache.hadoop.hdds.scm.container.ContainerStateManagerV2.addContainer(org.apache.hadoop.hdds.protocol.proto.HddsProtos$ContainerInfoProto) throws java.io.IOException on target org.apache.hadoop.hdds.scm.ha.SCMRatisServerImpl@1a07937d, cost 4300.755us
2021-07-20 05:56:08,710 [5c2410e7-10a6-4620-b434-e19b0245711c@group-321C7BA85E11-StateMachineUpdater] INFO  ha.SCMStateMachine (SCMStateMachine.java:takeSnapshot(290)) - Current Snapshot Index 65, takeSnapshot took 0 ms
2021-07-20 05:56:08,710 [5c2410e7-10a6-4620-b434-e19b0245711c@group-321C7BA85E11-StateMachineUpdater] INFO  impl.StateMachineUpdater (StateMachineUpdater.java:takeSnapshot(281)) - 5c2410e7-10a6-4620-b434-e19b0245711c@group-321C7BA85E11-StateMachineUpdater: Took a snapshot at index 65
2021-07-20 05:56:08,710 [5c2410e7-10a6-4620-b434-e19b0245711c@group-321C7BA85E11-StateMachineUpdater] INFO  impl.StateMachineUpdater (StateMachineUpdater.java:lambda$new$0(89)) - 5c2410e7-10a6-4620-b434-e19b0245711c@group-321C7BA85E11-StateMachineUpdater: snapshotIndex: updateIncreasingly 60 -> 65
2021-07-20 05:56:08,710 [5c2410e7-10a6-4620-b434-e19b0245711c@group-321C7BA85E11-StateMachineUpdater] INFO  raftlog.RaftLog (RaftLogBase.java:purge(306)) - 5c2410e7-10a6-4620-b434-e19b0245711c@group-321C7BA85E11-SegmentedRaftLog: purge 65
2021-07-20 05:56:08,710 [5c2410e7-10a6-4620-b434-e19b0245711c@group-321C7BA85E11-StateMachineUpdater] INFO  raftlog.RaftLog (RaftLogBase.java:lambda$new$0(53)) - 5c2410e7-10a6-4620-b434-e19b0245711c@group-321C7BA85E11-SegmentedRaftLog: snapshotIndex: updateIncreasingly 60 -> 65
2021-07-20 05:56:08,710 [5c2410e7-10a6-4620-b434-e19b0245711c@group-321C7BA85E11-StateMachineUpdater] INFO  raftlog.RaftLog (RaftLogBase.java:lambda$new$0(53)) - 5c2410e7-10a6-4620-b434-e19b0245711c@group-321C7BA85E11-SegmentedRaftLog: purgeIndex: updateToMax old=60, new=65, updated? true
2021-07-20 05:56:08,811 [Listener at 127.0.0.1/12232] INFO  ha.SCMHAInvocationHandler (SCMHAInvocationHandler.java:invokeRatis(113)) - Invoking method public abstract void org.apache.hadoop.hdds.scm.container.ContainerStateManagerV2.addContainer(org.apache.hadoop.hdds.protocol.proto.HddsProtos$ContainerInfoProto) throws java.io.IOException on target org.apache.hadoop.hdds.scm.ha.SCMRatisServerImpl@1a07937d, cost 5113.304us
2021-07-20 05:56:08,917 [a3de057e-22ba-4f20-867a-3c0291662fe2@group-321C7BA85E11-StateMachineUpdater] INFO  ha.SCMStateMachine (SCMStateMachine.java:takeSnapshot(290)) - Current Snapshot Index 69, takeSnapshot took 0 ms
2021-07-20 05:56:08,917 [a3de057e-22ba-4f20-867a-3c0291662fe2@group-321C7BA85E11-StateMachineUpdater] INFO  impl.StateMachineUpdater (StateMachineUpdater.java:takeSnapshot(281)) - a3de057e-22ba-4f20-867a-3c0291662fe2@group-321C7BA85E11-StateMachineUpdater: Took a snapshot at index 69
2021-07-20 05:56:08,917 [a3de057e-22ba-4f20-867a-3c0291662fe2@group-321C7BA85E11-StateMachineUpdater] INFO  impl.StateMachineUpdater (StateMachineUpdater.java:lambda$new$0(89)) - a3de057e-22ba-4f20-867a-3c0291662fe2@group-321C7BA85E11-StateMachineUpdater: snapshotIndex: updateIncreasingly 64 -> 69
2021-07-20 05:56:08,917 [a3de057e-22ba-4f20-867a-3c0291662fe2@group-321C7BA85E11-StateMachineUpdater] INFO  raftlog.RaftLog (RaftLogBase.java:purge(306)) - a3de057e-22ba-4f20-867a-3c0291662fe2@group-321C7BA85E11-SegmentedRaftLog: purge 69
2021-07-20 05:56:08,917 [a3de057e-22ba-4f20-867a-3c0291662fe2@group-321C7BA85E11-StateMachineUpdater] INFO  raftlog.RaftLog (RaftLogBase.java:lambda$new$0(53)) - a3de057e-22ba-4f20-867a-3c0291662fe2@group-321C7BA85E11-SegmentedRaftLog: snapshotIndex: updateIncreasingly 64 -> 69
2021-07-20 05:56:08,917 [a3de057e-22ba-4f20-867a-3c0291662fe2@group-321C7BA85E11-StateMachineUpdater] INFO  raftlog.RaftLog (RaftLogBase.java:lambda$new$0(53)) - a3de057e-22ba-4f20-867a-3c0291662fe2@group-321C7BA85E11-SegmentedRaftLog: purgeIndex: updateToMax old=64, new=69, updated? true
2021-07-20 05:56:08,918 [Listener at 127.0.0.1/12232] INFO  ha.SCMHAInvocationHandler (SCMHAInvocationHandler.java:invokeRatis(113)) - Invoking method public abstract void org.apache.hadoop.hdds.scm.container.ContainerStateManagerV2.addContainer(org.apache.hadoop.hdds.protocol.proto.HddsProtos$ContainerInfoProto) throws java.io.IOException on target org.apache.hadoop.hdds.scm.ha.SCMRatisServerImpl@1a07937d, cost 6360.777us
2021-07-20 05:56:09,022 [5c2410e7-10a6-4620-b434-e19b0245711c@group-321C7BA85E11-StateMachineUpdater] INFO  ha.SCMStateMachine (SCMStateMachine.java:takeSnapshot(290)) - Current Snapshot Index 70, takeSnapshot took 0 ms
2021-07-20 05:56:09,022 [5c2410e7-10a6-4620-b434-e19b0245711c@group-321C7BA85E11-StateMachineUpdater] INFO  impl.StateMachineUpdater (StateMachineUpdater.java:takeSnapshot(281)) - 5c2410e7-10a6-4620-b434-e19b0245711c@group-321C7BA85E11-StateMachineUpdater: Took a snapshot at index 70
2021-07-20 05:56:09,022 [5c2410e7-10a6-4620-b434-e19b0245711c@group-321C7BA85E11-StateMachineUpdater] INFO  impl.StateMachineUpdater (StateMachineUpdater.java:lambda$new$0(89)) - 5c2410e7-10a6-4620-b434-e19b0245711c@group-321C7BA85E11-StateMachineUpdater: snapshotIndex: updateIncreasingly 65 -> 70
2021-07-20 05:56:09,022 [5c2410e7-10a6-4620-b434-e19b0245711c@group-321C7BA85E11-StateMachineUpdater] INFO  raftlog.RaftLog (RaftLogBase.java:purge(306)) - 5c2410e7-10a6-4620-b434-e19b0245711c@group-321C7BA85E11-SegmentedRaftLog: purge 70
2021-07-20 05:56:09,022 [5c2410e7-10a6-4620-b434-e19b0245711c@group-321C7BA85E11-StateMachineUpdater] INFO  raftlog.RaftLog (RaftLogBase.java:lambda$new$0(53)) - 5c2410e7-10a6-4620-b434-e19b0245711c@group-321C7BA85E11-SegmentedRaftLog: snapshotIndex: updateIncreasingly 65 -> 70
2021-07-20 05:56:09,022 [5c2410e7-10a6-4620-b434-e19b0245711c@group-321C7BA85E11-StateMachineUpdater] INFO  raftlog.RaftLog (RaftLogBase.java:lambda$new$0(53)) - 5c2410e7-10a6-4620-b434-e19b0245711c@group-321C7BA85E11-SegmentedRaftLog: purgeIndex: updateToMax old=65, new=70, updated? true
2021-07-20 05:56:09,024 [Listener at 127.0.0.1/12232] INFO  ha.SCMHAInvocationHandler (SCMHAInvocationHandler.java:invokeRatis(113)) - Invoking method public abstract void org.apache.hadoop.hdds.scm.container.ContainerStateManagerV2.addContainer(org.apache.hadoop.hdds.protocol.proto.HddsProtos$ContainerInfoProto) throws java.io.IOException on target org.apache.hadoop.hdds.scm.ha.SCMRatisServerImpl@1a07937d, cost 6147.865us
2021-07-20 05:56:09,129 [Listener at 127.0.0.1/12232] INFO  ha.SCMHAInvocationHandler (SCMHAInvocationHandler.java:invokeRatis(113)) - Invoking method public abstract void org.apache.hadoop.hdds.scm.container.ContainerStateManagerV2.addContainer(org.apache.hadoop.hdds.protocol.proto.HddsProtos$ContainerInfoProto) throws java.io.IOException on target org.apache.hadoop.hdds.scm.ha.SCMRatisServerImpl@1a07937d, cost 4039.139us
2021-07-20 05:56:09,131 [a3de057e-22ba-4f20-867a-3c0291662fe2@group-321C7BA85E11-StateMachineUpdater] INFO  ha.SCMStateMachine (SCMStateMachine.java:takeSnapshot(290)) - Current Snapshot Index 74, takeSnapshot took 0 ms
2021-07-20 05:56:09,131 [a3de057e-22ba-4f20-867a-3c0291662fe2@group-321C7BA85E11-StateMachineUpdater] INFO  impl.StateMachineUpdater (StateMachineUpdater.java:takeSnapshot(281)) - a3de057e-22ba-4f20-867a-3c0291662fe2@group-321C7BA85E11-StateMachineUpdater: Took a snapshot at index 74
2021-07-20 05:56:09,131 [a3de057e-22ba-4f20-867a-3c0291662fe2@group-321C7BA85E11-StateMachineUpdater] INFO  impl.StateMachineUpdater (StateMachineUpdater.java:lambda$new$0(89)) - a3de057e-22ba-4f20-867a-3c0291662fe2@group-321C7BA85E11-StateMachineUpdater: snapshotIndex: updateIncreasingly 69 -> 74
2021-07-20 05:56:09,131 [a3de057e-22ba-4f20-867a-3c0291662fe2@group-321C7BA85E11-StateMachineUpdater] INFO  raftlog.RaftLog (RaftLogBase.java:purge(306)) - a3de057e-22ba-4f20-867a-3c0291662fe2@group-321C7BA85E11-SegmentedRaftLog: purge 74
2021-07-20 05:56:09,131 [a3de057e-22ba-4f20-867a-3c0291662fe2@group-321C7BA85E11-StateMachineUpdater] INFO  raftlog.RaftLog (RaftLogBase.java:lambda$new$0(53)) - a3de057e-22ba-4f20-867a-3c0291662fe2@group-321C7BA85E11-SegmentedRaftLog: snapshotIndex: updateIncreasingly 69 -> 74
2021-07-20 05:56:09,132 [a3de057e-22ba-4f20-867a-3c0291662fe2@group-321C7BA85E11-StateMachineUpdater] INFO  raftlog.RaftLog (RaftLogBase.java:lambda$new$0(53)) - a3de057e-22ba-4f20-867a-3c0291662fe2@group-321C7BA85E11-SegmentedRaftLog: purgeIndex: updateToMax old=69, new=74, updated? true
2021-07-20 05:56:09,235 [Listener at 127.0.0.1/12232] INFO  ha.SCMHAInvocationHandler (SCMHAInvocationHandler.java:invokeRatis(113)) - Invoking method public abstract void org.apache.hadoop.hdds.scm.container.ContainerStateManagerV2.addContainer(org.apache.hadoop.hdds.protocol.proto.HddsProtos$ContainerInfoProto) throws java.io.IOException on target org.apache.hadoop.hdds.scm.ha.SCMRatisServerImpl@1a07937d, cost 5856.448us
2021-07-20 05:56:09,238 [5c2410e7-10a6-4620-b434-e19b0245711c@group-321C7BA85E11-StateMachineUpdater] INFO  ha.SCMStateMachine (SCMStateMachine.java:takeSnapshot(290)) - Current Snapshot Index 75, takeSnapshot took 0 ms
2021-07-20 05:56:09,238 [5c2410e7-10a6-4620-b434-e19b0245711c@group-321C7BA85E11-StateMachineUpdater] INFO  impl.StateMachineUpdater (StateMachineUpdater.java:takeSnapshot(281)) - 5c2410e7-10a6-4620-b434-e19b0245711c@group-321C7BA85E11-StateMachineUpdater: Took a snapshot at index 75
2021-07-20 05:56:09,238 [5c2410e7-10a6-4620-b434-e19b0245711c@group-321C7BA85E11-StateMachineUpdater] INFO  impl.StateMachineUpdater (StateMachineUpdater.java:lambda$new$0(89)) - 5c2410e7-10a6-4620-b434-e19b0245711c@group-321C7BA85E11-StateMachineUpdater: snapshotIndex: updateIncreasingly 70 -> 75
2021-07-20 05:56:09,238 [5c2410e7-10a6-4620-b434-e19b0245711c@group-321C7BA85E11-StateMachineUpdater] INFO  raftlog.RaftLog (RaftLogBase.java:purge(306)) - 5c2410e7-10a6-4620-b434-e19b0245711c@group-321C7BA85E11-SegmentedRaftLog: purge 75
2021-07-20 05:56:09,238 [5c2410e7-10a6-4620-b434-e19b0245711c@group-321C7BA85E11-StateMachineUpdater] INFO  raftlog.RaftLog (RaftLogBase.java:lambda$new$0(53)) - 5c2410e7-10a6-4620-b434-e19b0245711c@group-321C7BA85E11-SegmentedRaftLog: snapshotIndex: updateIncreasingly 70 -> 75
2021-07-20 05:56:09,238 [5c2410e7-10a6-4620-b434-e19b0245711c@group-321C7BA85E11-StateMachineUpdater] INFO  raftlog.RaftLog (RaftLogBase.java:lambda$new$0(53)) - 5c2410e7-10a6-4620-b434-e19b0245711c@group-321C7BA85E11-SegmentedRaftLog: purgeIndex: updateToMax old=70, new=75, updated? true
2021-07-20 05:56:09,340 [Listener at 127.0.0.1/12232] INFO  ha.SCMHAInvocationHandler (SCMHAInvocationHandler.java:invokeRatis(113)) - Invoking method public abstract void org.apache.hadoop.hdds.scm.container.ContainerStateManagerV2.addContainer(org.apache.hadoop.hdds.protocol.proto.HddsProtos$ContainerInfoProto) throws java.io.IOException on target org.apache.hadoop.hdds.scm.ha.SCMRatisServerImpl@1a07937d, cost 4611.173us
2021-07-20 05:56:09,445 [a3de057e-22ba-4f20-867a-3c0291662fe2@group-321C7BA85E11-StateMachineUpdater] INFO  ha.SCMStateMachine (SCMStateMachine.java:takeSnapshot(290)) - Current Snapshot Index 79, takeSnapshot took 0 ms
2021-07-20 05:56:09,446 [a3de057e-22ba-4f20-867a-3c0291662fe2@group-321C7BA85E11-StateMachineUpdater] INFO  impl.StateMachineUpdater (StateMachineUpdater.java:takeSnapshot(281)) - a3de057e-22ba-4f20-867a-3c0291662fe2@group-321C7BA85E11-StateMachineUpdater: Took a snapshot at index 79
2021-07-20 05:56:09,446 [a3de057e-22ba-4f20-867a-3c0291662fe2@group-321C7BA85E11-StateMachineUpdater] INFO  impl.StateMachineUpdater (StateMachineUpdater.java:lambda$new$0(89)) - a3de057e-22ba-4f20-867a-3c0291662fe2@group-321C7BA85E11-StateMachineUpdater: snapshotIndex: updateIncreasingly 74 -> 79
2021-07-20 05:56:09,446 [a3de057e-22ba-4f20-867a-3c0291662fe2@group-321C7BA85E11-StateMachineUpdater] INFO  raftlog.RaftLog (RaftLogBase.java:purge(306)) - a3de057e-22ba-4f20-867a-3c0291662fe2@group-321C7BA85E11-SegmentedRaftLog: purge 79
2021-07-20 05:56:09,446 [a3de057e-22ba-4f20-867a-3c0291662fe2@group-321C7BA85E11-StateMachineUpdater] INFO  raftlog.RaftLog (RaftLogBase.java:lambda$new$0(53)) - a3de057e-22ba-4f20-867a-3c0291662fe2@group-321C7BA85E11-SegmentedRaftLog: snapshotIndex: updateIncreasingly 74 -> 79
2021-07-20 05:56:09,446 [a3de057e-22ba-4f20-867a-3c0291662fe2@group-321C7BA85E11-StateMachineUpdater] INFO  raftlog.RaftLog (RaftLogBase.java:lambda$new$0(53)) - a3de057e-22ba-4f20-867a-3c0291662fe2@group-321C7BA85E11-SegmentedRaftLog: purgeIndex: updateToMax old=74, new=79, updated? true
2021-07-20 05:56:09,446 [Listener at 127.0.0.1/12232] INFO  ha.SCMHAInvocationHandler (SCMHAInvocationHandler.java:invokeRatis(113)) - Invoking method public abstract void org.apache.hadoop.hdds.scm.container.ContainerStateManagerV2.addContainer(org.apache.hadoop.hdds.protocol.proto.HddsProtos$ContainerInfoProto) throws java.io.IOException on target org.apache.hadoop.hdds.scm.ha.SCMRatisServerImpl@1a07937d, cost 4799.984us
2021-07-20 05:56:09,517 [Datanode State Machine Thread - 0] ERROR datanode.RunningDatanodeState (RunningDatanodeState.java:computeNextContainerState(199)) - Error in executing end point task.
java.util.concurrent.ExecutionException: java.util.concurrent.TimeoutException
	at java.util.concurrent.FutureTask.report(FutureTask.java:122)
	at java.util.concurrent.FutureTask.get(FutureTask.java:192)
	at org.apache.hadoop.ozone.container.common.states.datanode.RunningDatanodeState.computeNextContainerState(RunningDatanodeState.java:191)
	at org.apache.hadoop.ozone.container.common.states.datanode.RunningDatanodeState.await(RunningDatanodeState.java:231)
	at org.apache.hadoop.ozone.container.common.states.datanode.RunningDatanodeState.await(RunningDatanodeState.java:50)
	at org.apache.hadoop.ozone.container.common.statemachine.StateContext.execute(StateContext.java:629)
	at org.apache.hadoop.ozone.container.common.statemachine.DatanodeStateMachine.start(DatanodeStateMachine.java:269)
	at org.apache.hadoop.ozone.container.common.statemachine.DatanodeStateMachine.lambda$startDaemon$0(DatanodeStateMachine.java:455)
	at java.lang.Thread.run(Thread.java:748)
Caused by: java.util.concurrent.TimeoutException
	at java.util.concurrent.FutureTask.get(FutureTask.java:205)
	at org.apache.hadoop.ozone.container.common.states.datanode.RunningDatanodeState.lambda$execute$0(RunningDatanodeState.java:149)
	at java.util.concurrent.FutureTask.run(FutureTask.java:266)
	at java.util.concurrent.Executors$RunnableAdapter.call(Executors.java:511)
	at java.util.concurrent.FutureTask.run(FutureTask.java:266)
	at java.util.concurrent.ThreadPoolExecutor.runWorker(ThreadPoolExecutor.java:1149)
	at java.util.concurrent.ThreadPoolExecutor$Worker.run(ThreadPoolExecutor.java:624)
	... 1 more
2021-07-20 05:56:09,549 [5c2410e7-10a6-4620-b434-e19b0245711c@group-321C7BA85E11-StateMachineUpdater] INFO  ha.SCMStateMachine (SCMStateMachine.java:takeSnapshot(290)) - Current Snapshot Index 80, takeSnapshot took 0 ms
2021-07-20 05:56:09,549 [5c2410e7-10a6-4620-b434-e19b0245711c@group-321C7BA85E11-StateMachineUpdater] INFO  impl.StateMachineUpdater (StateMachineUpdater.java:takeSnapshot(281)) - 5c2410e7-10a6-4620-b434-e19b0245711c@group-321C7BA85E11-StateMachineUpdater: Took a snapshot at index 80
2021-07-20 05:56:09,549 [5c2410e7-10a6-4620-b434-e19b0245711c@group-321C7BA85E11-StateMachineUpdater] INFO  impl.StateMachineUpdater (StateMachineUpdater.java:lambda$new$0(89)) - 5c2410e7-10a6-4620-b434-e19b0245711c@group-321C7BA85E11-StateMachineUpdater: snapshotIndex: updateIncreasingly 75 -> 80
2021-07-20 05:56:09,549 [5c2410e7-10a6-4620-b434-e19b0245711c@group-321C7BA85E11-StateMachineUpdater] INFO  raftlog.RaftLog (RaftLogBase.java:purge(306)) - 5c2410e7-10a6-4620-b434-e19b0245711c@group-321C7BA85E11-SegmentedRaftLog: purge 80
2021-07-20 05:56:09,549 [5c2410e7-10a6-4620-b434-e19b0245711c@group-321C7BA85E11-StateMachineUpdater] INFO  raftlog.RaftLog (RaftLogBase.java:lambda$new$0(53)) - 5c2410e7-10a6-4620-b434-e19b0245711c@group-321C7BA85E11-SegmentedRaftLog: snapshotIndex: updateIncreasingly 75 -> 80
2021-07-20 05:56:09,549 [5c2410e7-10a6-4620-b434-e19b0245711c@group-321C7BA85E11-StateMachineUpdater] INFO  raftlog.RaftLog (RaftLogBase.java:lambda$new$0(53)) - 5c2410e7-10a6-4620-b434-e19b0245711c@group-321C7BA85E11-SegmentedRaftLog: purgeIndex: updateToMax old=75, new=80, updated? true
2021-07-20 05:56:09,551 [Listener at 127.0.0.1/12232] INFO  ha.SCMHAInvocationHandler (SCMHAInvocationHandler.java:invokeRatis(113)) - Invoking method public abstract void org.apache.hadoop.hdds.scm.container.ContainerStateManagerV2.addContainer(org.apache.hadoop.hdds.protocol.proto.HddsProtos$ContainerInfoProto) throws java.io.IOException on target org.apache.hadoop.hdds.scm.ha.SCMRatisServerImpl@1a07937d, cost 4814.686us
2021-07-20 05:56:09,656 [Listener at 127.0.0.1/12232] INFO  ha.SCMHAInvocationHandler (SCMHAInvocationHandler.java:invokeRatis(113)) - Invoking method public abstract void org.apache.hadoop.hdds.scm.container.ContainerStateManagerV2.addContainer(org.apache.hadoop.hdds.protocol.proto.HddsProtos$ContainerInfoProto) throws java.io.IOException on target org.apache.hadoop.hdds.scm.ha.SCMRatisServerImpl@1a07937d, cost 4524.669us
2021-07-20 05:56:09,659 [a3de057e-22ba-4f20-867a-3c0291662fe2@group-321C7BA85E11-StateMachineUpdater] INFO  ha.SCMStateMachine (SCMStateMachine.java:takeSnapshot(290)) - Current Snapshot Index 84, takeSnapshot took 0 ms
2021-07-20 05:56:09,659 [a3de057e-22ba-4f20-867a-3c0291662fe2@group-321C7BA85E11-StateMachineUpdater] INFO  impl.StateMachineUpdater (StateMachineUpdater.java:takeSnapshot(281)) - a3de057e-22ba-4f20-867a-3c0291662fe2@group-321C7BA85E11-StateMachineUpdater: Took a snapshot at index 84
2021-07-20 05:56:09,659 [a3de057e-22ba-4f20-867a-3c0291662fe2@group-321C7BA85E11-StateMachineUpdater] INFO  impl.StateMachineUpdater (StateMachineUpdater.java:lambda$new$0(89)) - a3de057e-22ba-4f20-867a-3c0291662fe2@group-321C7BA85E11-StateMachineUpdater: snapshotIndex: updateIncreasingly 79 -> 84
2021-07-20 05:56:09,659 [a3de057e-22ba-4f20-867a-3c0291662fe2@group-321C7BA85E11-StateMachineUpdater] INFO  raftlog.RaftLog (RaftLogBase.java:purge(306)) - a3de057e-22ba-4f20-867a-3c0291662fe2@group-321C7BA85E11-SegmentedRaftLog: purge 84
2021-07-20 05:56:09,659 [a3de057e-22ba-4f20-867a-3c0291662fe2@group-321C7BA85E11-StateMachineUpdater] INFO  raftlog.RaftLog (RaftLogBase.java:lambda$new$0(53)) - a3de057e-22ba-4f20-867a-3c0291662fe2@group-321C7BA85E11-SegmentedRaftLog: snapshotIndex: updateIncreasingly 79 -> 84
2021-07-20 05:56:09,659 [a3de057e-22ba-4f20-867a-3c0291662fe2@group-321C7BA85E11-StateMachineUpdater] INFO  raftlog.RaftLog (RaftLogBase.java:lambda$new$0(53)) - a3de057e-22ba-4f20-867a-3c0291662fe2@group-321C7BA85E11-SegmentedRaftLog: purgeIndex: updateToMax old=79, new=84, updated? true
2021-07-20 05:56:09,677 [Datanode State Machine Thread - 0] ERROR datanode.RunningDatanodeState (RunningDatanodeState.java:computeNextContainerState(199)) - Error in executing end point task.
java.util.concurrent.ExecutionException: java.util.concurrent.TimeoutException
	at java.util.concurrent.FutureTask.report(FutureTask.java:122)
	at java.util.concurrent.FutureTask.get(FutureTask.java:192)
	at org.apache.hadoop.ozone.container.common.states.datanode.RunningDatanodeState.computeNextContainerState(RunningDatanodeState.java:191)
	at org.apache.hadoop.ozone.container.common.states.datanode.RunningDatanodeState.await(RunningDatanodeState.java:231)
	at org.apache.hadoop.ozone.container.common.states.datanode.RunningDatanodeState.await(RunningDatanodeState.java:50)
	at org.apache.hadoop.ozone.container.common.statemachine.StateContext.execute(StateContext.java:629)
	at org.apache.hadoop.ozone.container.common.statemachine.DatanodeStateMachine.start(DatanodeStateMachine.java:269)
	at org.apache.hadoop.ozone.container.common.statemachine.DatanodeStateMachine.lambda$startDaemon$0(DatanodeStateMachine.java:455)
	at java.lang.Thread.run(Thread.java:748)
Caused by: java.util.concurrent.TimeoutException
	at java.util.concurrent.FutureTask.get(FutureTask.java:205)
	at org.apache.hadoop.ozone.container.common.states.datanode.RunningDatanodeState.lambda$execute$0(RunningDatanodeState.java:149)
	at java.util.concurrent.FutureTask.run(FutureTask.java:266)
	at java.util.concurrent.Executors$RunnableAdapter.call(Executors.java:511)
	at java.util.concurrent.FutureTask.run(FutureTask.java:266)
	at java.util.concurrent.ThreadPoolExecutor.runWorker(ThreadPoolExecutor.java:1149)
	at java.util.concurrent.ThreadPoolExecutor$Worker.run(ThreadPoolExecutor.java:624)
	... 1 more
2021-07-20 05:56:09,763 [Listener at 127.0.0.1/12232] INFO  ha.SCMHAInvocationHandler (SCMHAInvocationHandler.java:invokeRatis(113)) - Invoking method public abstract void org.apache.hadoop.hdds.scm.container.ContainerStateManagerV2.addContainer(org.apache.hadoop.hdds.protocol.proto.HddsProtos$ContainerInfoProto) throws java.io.IOException on target org.apache.hadoop.hdds.scm.ha.SCMRatisServerImpl@1a07937d, cost 6301.874us
2021-07-20 05:56:09,768 [5c2410e7-10a6-4620-b434-e19b0245711c@group-321C7BA85E11-StateMachineUpdater] INFO  ha.SCMStateMachine (SCMStateMachine.java:takeSnapshot(290)) - Current Snapshot Index 85, takeSnapshot took 0 ms
2021-07-20 05:56:09,768 [5c2410e7-10a6-4620-b434-e19b0245711c@group-321C7BA85E11-StateMachineUpdater] INFO  impl.StateMachineUpdater (StateMachineUpdater.java:takeSnapshot(281)) - 5c2410e7-10a6-4620-b434-e19b0245711c@group-321C7BA85E11-StateMachineUpdater: Took a snapshot at index 85
2021-07-20 05:56:09,768 [5c2410e7-10a6-4620-b434-e19b0245711c@group-321C7BA85E11-StateMachineUpdater] INFO  impl.StateMachineUpdater (StateMachineUpdater.java:lambda$new$0(89)) - 5c2410e7-10a6-4620-b434-e19b0245711c@group-321C7BA85E11-StateMachineUpdater: snapshotIndex: updateIncreasingly 80 -> 85
2021-07-20 05:56:09,768 [5c2410e7-10a6-4620-b434-e19b0245711c@group-321C7BA85E11-StateMachineUpdater] INFO  raftlog.RaftLog (RaftLogBase.java:purge(306)) - 5c2410e7-10a6-4620-b434-e19b0245711c@group-321C7BA85E11-SegmentedRaftLog: purge 85
2021-07-20 05:56:09,768 [5c2410e7-10a6-4620-b434-e19b0245711c@group-321C7BA85E11-StateMachineUpdater] INFO  raftlog.RaftLog (RaftLogBase.java:lambda$new$0(53)) - 5c2410e7-10a6-4620-b434-e19b0245711c@group-321C7BA85E11-SegmentedRaftLog: snapshotIndex: updateIncreasingly 80 -> 85
2021-07-20 05:56:09,768 [5c2410e7-10a6-4620-b434-e19b0245711c@group-321C7BA85E11-StateMachineUpdater] INFO  raftlog.RaftLog (RaftLogBase.java:lambda$new$0(53)) - 5c2410e7-10a6-4620-b434-e19b0245711c@group-321C7BA85E11-SegmentedRaftLog: purgeIndex: updateToMax old=80, new=85, updated? true
2021-07-20 05:56:09,874 [Listener at 127.0.0.1/12232] INFO  ha.SCMHAInvocationHandler (SCMHAInvocationHandler.java:invokeRatis(113)) - Invoking method public abstract void org.apache.hadoop.hdds.scm.container.ContainerStateManagerV2.addContainer(org.apache.hadoop.hdds.protocol.proto.HddsProtos$ContainerInfoProto) throws java.io.IOException on target org.apache.hadoop.hdds.scm.ha.SCMRatisServerImpl@1a07937d, cost 9548.267us
2021-07-20 05:56:09,980 [a3de057e-22ba-4f20-867a-3c0291662fe2@group-321C7BA85E11-StateMachineUpdater] INFO  ha.SCMStateMachine (SCMStateMachine.java:takeSnapshot(290)) - Current Snapshot Index 89, takeSnapshot took 0 ms
2021-07-20 05:56:09,981 [a3de057e-22ba-4f20-867a-3c0291662fe2@group-321C7BA85E11-StateMachineUpdater] INFO  impl.StateMachineUpdater (StateMachineUpdater.java:takeSnapshot(281)) - a3de057e-22ba-4f20-867a-3c0291662fe2@group-321C7BA85E11-StateMachineUpdater: Took a snapshot at index 89
2021-07-20 05:56:09,981 [a3de057e-22ba-4f20-867a-3c0291662fe2@group-321C7BA85E11-StateMachineUpdater] INFO  impl.StateMachineUpdater (StateMachineUpdater.java:lambda$new$0(89)) - a3de057e-22ba-4f20-867a-3c0291662fe2@group-321C7BA85E11-StateMachineUpdater: snapshotIndex: updateIncreasingly 84 -> 89
2021-07-20 05:56:09,981 [a3de057e-22ba-4f20-867a-3c0291662fe2@group-321C7BA85E11-StateMachineUpdater] INFO  raftlog.RaftLog (RaftLogBase.java:purge(306)) - a3de057e-22ba-4f20-867a-3c0291662fe2@group-321C7BA85E11-SegmentedRaftLog: purge 89
2021-07-20 05:56:09,981 [a3de057e-22ba-4f20-867a-3c0291662fe2@group-321C7BA85E11-StateMachineUpdater] INFO  raftlog.RaftLog (RaftLogBase.java:lambda$new$0(53)) - a3de057e-22ba-4f20-867a-3c0291662fe2@group-321C7BA85E11-SegmentedRaftLog: snapshotIndex: updateIncreasingly 84 -> 89
2021-07-20 05:56:09,981 [a3de057e-22ba-4f20-867a-3c0291662fe2@group-321C7BA85E11-StateMachineUpdater] INFO  raftlog.RaftLog (RaftLogBase.java:lambda$new$0(53)) - a3de057e-22ba-4f20-867a-3c0291662fe2@group-321C7BA85E11-SegmentedRaftLog: purgeIndex: updateToMax old=84, new=89, updated? true
2021-07-20 05:56:09,981 [Listener at 127.0.0.1/12232] INFO  ha.SCMHAInvocationHandler (SCMHAInvocationHandler.java:invokeRatis(113)) - Invoking method public abstract void org.apache.hadoop.hdds.scm.container.ContainerStateManagerV2.addContainer(org.apache.hadoop.hdds.protocol.proto.HddsProtos$ContainerInfoProto) throws java.io.IOException on target org.apache.hadoop.hdds.scm.ha.SCMRatisServerImpl@1a07937d, cost 6847.606us
2021-07-20 05:56:10,086 [5c2410e7-10a6-4620-b434-e19b0245711c@group-321C7BA85E11-StateMachineUpdater] INFO  ha.SCMStateMachine (SCMStateMachine.java:takeSnapshot(290)) - Current Snapshot Index 90, takeSnapshot took 0 ms
2021-07-20 05:56:10,086 [5c2410e7-10a6-4620-b434-e19b0245711c@group-321C7BA85E11-StateMachineUpdater] INFO  impl.StateMachineUpdater (StateMachineUpdater.java:takeSnapshot(281)) - 5c2410e7-10a6-4620-b434-e19b0245711c@group-321C7BA85E11-StateMachineUpdater: Took a snapshot at index 90
2021-07-20 05:56:10,086 [5c2410e7-10a6-4620-b434-e19b0245711c@group-321C7BA85E11-StateMachineUpdater] INFO  impl.StateMachineUpdater (StateMachineUpdater.java:lambda$new$0(89)) - 5c2410e7-10a6-4620-b434-e19b0245711c@group-321C7BA85E11-StateMachineUpdater: snapshotIndex: updateIncreasingly 85 -> 90
2021-07-20 05:56:10,086 [5c2410e7-10a6-4620-b434-e19b0245711c@group-321C7BA85E11-StateMachineUpdater] INFO  raftlog.RaftLog (RaftLogBase.java:purge(306)) - 5c2410e7-10a6-4620-b434-e19b0245711c@group-321C7BA85E11-SegmentedRaftLog: purge 90
2021-07-20 05:56:10,086 [5c2410e7-10a6-4620-b434-e19b0245711c@group-321C7BA85E11-StateMachineUpdater] INFO  raftlog.RaftLog (RaftLogBase.java:lambda$new$0(53)) - 5c2410e7-10a6-4620-b434-e19b0245711c@group-321C7BA85E11-SegmentedRaftLog: snapshotIndex: updateIncreasingly 85 -> 90
2021-07-20 05:56:10,086 [5c2410e7-10a6-4620-b434-e19b0245711c@group-321C7BA85E11-StateMachineUpdater] INFO  raftlog.RaftLog (RaftLogBase.java:lambda$new$0(53)) - 5c2410e7-10a6-4620-b434-e19b0245711c@group-321C7BA85E11-SegmentedRaftLog: purgeIndex: updateToMax old=85, new=90, updated? true
2021-07-20 05:56:10,089 [Listener at 127.0.0.1/12232] INFO  ha.SCMHAInvocationHandler (SCMHAInvocationHandler.java:invokeRatis(113)) - Invoking method public abstract void org.apache.hadoop.hdds.scm.container.ContainerStateManagerV2.addContainer(org.apache.hadoop.hdds.protocol.proto.HddsProtos$ContainerInfoProto) throws java.io.IOException on target org.apache.hadoop.hdds.scm.ha.SCMRatisServerImpl@1a07937d, cost 7223.028us
2021-07-20 05:56:10,194 [Listener at 127.0.0.1/12232] INFO  ha.SCMHAInvocationHandler (SCMHAInvocationHandler.java:invokeRatis(113)) - Invoking method public abstract void org.apache.hadoop.hdds.scm.container.ContainerStateManagerV2.addContainer(org.apache.hadoop.hdds.protocol.proto.HddsProtos$ContainerInfoProto) throws java.io.IOException on target org.apache.hadoop.hdds.scm.ha.SCMRatisServerImpl@1a07937d, cost 4873.389us
2021-07-20 05:56:10,197 [a3de057e-22ba-4f20-867a-3c0291662fe2@group-321C7BA85E11-StateMachineUpdater] INFO  ha.SCMStateMachine (SCMStateMachine.java:takeSnapshot(290)) - Current Snapshot Index 94, takeSnapshot took 0 ms
2021-07-20 05:56:10,197 [a3de057e-22ba-4f20-867a-3c0291662fe2@group-321C7BA85E11-StateMachineUpdater] INFO  impl.StateMachineUpdater (StateMachineUpdater.java:takeSnapshot(281)) - a3de057e-22ba-4f20-867a-3c0291662fe2@group-321C7BA85E11-StateMachineUpdater: Took a snapshot at index 94
2021-07-20 05:56:10,197 [a3de057e-22ba-4f20-867a-3c0291662fe2@group-321C7BA85E11-StateMachineUpdater] INFO  impl.StateMachineUpdater (StateMachineUpdater.java:lambda$new$0(89)) - a3de057e-22ba-4f20-867a-3c0291662fe2@group-321C7BA85E11-StateMachineUpdater: snapshotIndex: updateIncreasingly 89 -> 94
2021-07-20 05:56:10,197 [a3de057e-22ba-4f20-867a-3c0291662fe2@group-321C7BA85E11-StateMachineUpdater] INFO  raftlog.RaftLog (RaftLogBase.java:purge(306)) - a3de057e-22ba-4f20-867a-3c0291662fe2@group-321C7BA85E11-SegmentedRaftLog: purge 94
2021-07-20 05:56:10,197 [a3de057e-22ba-4f20-867a-3c0291662fe2@group-321C7BA85E11-StateMachineUpdater] INFO  raftlog.RaftLog (RaftLogBase.java:lambda$new$0(53)) - a3de057e-22ba-4f20-867a-3c0291662fe2@group-321C7BA85E11-SegmentedRaftLog: snapshotIndex: updateIncreasingly 89 -> 94
2021-07-20 05:56:10,197 [a3de057e-22ba-4f20-867a-3c0291662fe2@group-321C7BA85E11-StateMachineUpdater] INFO  raftlog.RaftLog (RaftLogBase.java:lambda$new$0(53)) - a3de057e-22ba-4f20-867a-3c0291662fe2@group-321C7BA85E11-SegmentedRaftLog: purgeIndex: updateToMax old=89, new=94, updated? true
2021-07-20 05:56:10,303 [5c2410e7-10a6-4620-b434-e19b0245711c@group-321C7BA85E11-StateMachineUpdater] INFO  ha.SCMStateMachine (SCMStateMachine.java:takeSnapshot(290)) - Current Snapshot Index 95, takeSnapshot took 0 ms
2021-07-20 05:56:10,303 [5c2410e7-10a6-4620-b434-e19b0245711c@group-321C7BA85E11-StateMachineUpdater] INFO  impl.StateMachineUpdater (StateMachineUpdater.java:takeSnapshot(281)) - 5c2410e7-10a6-4620-b434-e19b0245711c@group-321C7BA85E11-StateMachineUpdater: Took a snapshot at index 95
2021-07-20 05:56:10,303 [5c2410e7-10a6-4620-b434-e19b0245711c@group-321C7BA85E11-StateMachineUpdater] INFO  impl.StateMachineUpdater (StateMachineUpdater.java:lambda$new$0(89)) - 5c2410e7-10a6-4620-b434-e19b0245711c@group-321C7BA85E11-StateMachineUpdater: snapshotIndex: updateIncreasingly 90 -> 95
2021-07-20 05:56:10,303 [5c2410e7-10a6-4620-b434-e19b0245711c@group-321C7BA85E11-StateMachineUpdater] INFO  raftlog.RaftLog (RaftLogBase.java:purge(306)) - 5c2410e7-10a6-4620-b434-e19b0245711c@group-321C7BA85E11-SegmentedRaftLog: purge 95
2021-07-20 05:56:10,303 [Listener at 127.0.0.1/12232] INFO  ha.SCMHAInvocationHandler (SCMHAInvocationHandler.java:invokeRatis(113)) - Invoking method public abstract void org.apache.hadoop.hdds.scm.container.ContainerStateManagerV2.addContainer(org.apache.hadoop.hdds.protocol.proto.HddsProtos$ContainerInfoProto) throws java.io.IOException on target org.apache.hadoop.hdds.scm.ha.SCMRatisServerImpl@1a07937d, cost 8304.993us
2021-07-20 05:56:10,303 [5c2410e7-10a6-4620-b434-e19b0245711c@group-321C7BA85E11-StateMachineUpdater] INFO  raftlog.RaftLog (RaftLogBase.java:lambda$new$0(53)) - 5c2410e7-10a6-4620-b434-e19b0245711c@group-321C7BA85E11-SegmentedRaftLog: snapshotIndex: updateIncreasingly 90 -> 95
2021-07-20 05:56:10,304 [5c2410e7-10a6-4620-b434-e19b0245711c@group-321C7BA85E11-StateMachineUpdater] INFO  raftlog.RaftLog (RaftLogBase.java:lambda$new$0(53)) - 5c2410e7-10a6-4620-b434-e19b0245711c@group-321C7BA85E11-SegmentedRaftLog: purgeIndex: updateToMax old=90, new=95, updated? true
2021-07-20 05:56:10,409 [Listener at 127.0.0.1/12232] INFO  ha.SCMHAInvocationHandler (SCMHAInvocationHandler.java:invokeRatis(113)) - Invoking method public abstract void org.apache.hadoop.hdds.scm.container.ContainerStateManagerV2.addContainer(org.apache.hadoop.hdds.protocol.proto.HddsProtos$ContainerInfoProto) throws java.io.IOException on target org.apache.hadoop.hdds.scm.ha.SCMRatisServerImpl@1a07937d, cost 5282.014us
2021-07-20 05:56:10,518 [a3de057e-22ba-4f20-867a-3c0291662fe2@group-321C7BA85E11-StateMachineUpdater] INFO  ha.SCMStateMachine (SCMStateMachine.java:takeSnapshot(290)) - Current Snapshot Index 99, takeSnapshot took 0 ms
2021-07-20 05:56:10,518 [a3de057e-22ba-4f20-867a-3c0291662fe2@group-321C7BA85E11-StateMachineUpdater] INFO  impl.StateMachineUpdater (StateMachineUpdater.java:takeSnapshot(281)) - a3de057e-22ba-4f20-867a-3c0291662fe2@group-321C7BA85E11-StateMachineUpdater: Took a snapshot at index 99
2021-07-20 05:56:10,518 [a3de057e-22ba-4f20-867a-3c0291662fe2@group-321C7BA85E11-StateMachineUpdater] INFO  impl.StateMachineUpdater (StateMachineUpdater.java:lambda$new$0(89)) - a3de057e-22ba-4f20-867a-3c0291662fe2@group-321C7BA85E11-StateMachineUpdater: snapshotIndex: updateIncreasingly 94 -> 99
2021-07-20 05:56:10,518 [a3de057e-22ba-4f20-867a-3c0291662fe2@group-321C7BA85E11-StateMachineUpdater] INFO  raftlog.RaftLog (RaftLogBase.java:purge(306)) - a3de057e-22ba-4f20-867a-3c0291662fe2@group-321C7BA85E11-SegmentedRaftLog: purge 99
2021-07-20 05:56:10,519 [a3de057e-22ba-4f20-867a-3c0291662fe2@group-321C7BA85E11-StateMachineUpdater] INFO  raftlog.RaftLog (RaftLogBase.java:lambda$new$0(53)) - a3de057e-22ba-4f20-867a-3c0291662fe2@group-321C7BA85E11-SegmentedRaftLog: snapshotIndex: updateIncreasingly 94 -> 99
2021-07-20 05:56:10,519 [a3de057e-22ba-4f20-867a-3c0291662fe2@group-321C7BA85E11-StateMachineUpdater] INFO  raftlog.RaftLog (RaftLogBase.java:lambda$new$0(53)) - a3de057e-22ba-4f20-867a-3c0291662fe2@group-321C7BA85E11-SegmentedRaftLog: purgeIndex: updateToMax old=94, new=99, updated? true
2021-07-20 05:56:10,519 [Listener at 127.0.0.1/12232] INFO  ha.SCMHAInvocationHandler (SCMHAInvocationHandler.java:invokeRatis(113)) - Invoking method public abstract void org.apache.hadoop.hdds.scm.container.ContainerStateManagerV2.addContainer(org.apache.hadoop.hdds.protocol.proto.HddsProtos$ContainerInfoProto) throws java.io.IOException on target org.apache.hadoop.hdds.scm.ha.SCMRatisServerImpl@1a07937d, cost 8944.73us
2021-07-20 05:56:10,622 [5c2410e7-10a6-4620-b434-e19b0245711c@group-321C7BA85E11-StateMachineUpdater] INFO  ha.SCMStateMachine (SCMStateMachine.java:takeSnapshot(290)) - Current Snapshot Index 100, takeSnapshot took 0 ms
2021-07-20 05:56:10,623 [5c2410e7-10a6-4620-b434-e19b0245711c@group-321C7BA85E11-StateMachineUpdater] INFO  impl.StateMachineUpdater (StateMachineUpdater.java:takeSnapshot(281)) - 5c2410e7-10a6-4620-b434-e19b0245711c@group-321C7BA85E11-StateMachineUpdater: Took a snapshot at index 100
2021-07-20 05:56:10,623 [5c2410e7-10a6-4620-b434-e19b0245711c@group-321C7BA85E11-StateMachineUpdater] INFO  impl.StateMachineUpdater (StateMachineUpdater.java:lambda$new$0(89)) - 5c2410e7-10a6-4620-b434-e19b0245711c@group-321C7BA85E11-StateMachineUpdater: snapshotIndex: updateIncreasingly 95 -> 100
2021-07-20 05:56:10,623 [5c2410e7-10a6-4620-b434-e19b0245711c@group-321C7BA85E11-StateMachineUpdater] INFO  raftlog.RaftLog (RaftLogBase.java:purge(306)) - 5c2410e7-10a6-4620-b434-e19b0245711c@group-321C7BA85E11-SegmentedRaftLog: purge 100
2021-07-20 05:56:10,623 [5c2410e7-10a6-4620-b434-e19b0245711c@group-321C7BA85E11-StateMachineUpdater] INFO  raftlog.RaftLog (RaftLogBase.java:lambda$new$0(53)) - 5c2410e7-10a6-4620-b434-e19b0245711c@group-321C7BA85E11-SegmentedRaftLog: snapshotIndex: updateIncreasingly 95 -> 100
2021-07-20 05:56:10,623 [5c2410e7-10a6-4620-b434-e19b0245711c@group-321C7BA85E11-StateMachineUpdater] INFO  raftlog.RaftLog (RaftLogBase.java:lambda$new$0(53)) - 5c2410e7-10a6-4620-b434-e19b0245711c@group-321C7BA85E11-SegmentedRaftLog: purgeIndex: updateToMax old=95, new=100, updated? true
2021-07-20 05:56:10,625 [Listener at 127.0.0.1/12232] INFO  ha.SCMHAInvocationHandler (SCMHAInvocationHandler.java:invokeRatis(113)) - Invoking method public abstract void org.apache.hadoop.hdds.scm.container.ContainerStateManagerV2.addContainer(org.apache.hadoop.hdds.protocol.proto.HddsProtos$ContainerInfoProto) throws java.io.IOException on target org.apache.hadoop.hdds.scm.ha.SCMRatisServerImpl@1a07937d, cost 6078.56us
2021-07-20 05:56:10,733 [Listener at 127.0.0.1/12232] INFO  ha.SCMHAInvocationHandler (SCMHAInvocationHandler.java:invokeRatis(113)) - Invoking method public abstract void org.apache.hadoop.hdds.scm.container.ContainerStateManagerV2.addContainer(org.apache.hadoop.hdds.protocol.proto.HddsProtos$ContainerInfoProto) throws java.io.IOException on target org.apache.hadoop.hdds.scm.ha.SCMRatisServerImpl@1a07937d, cost 6480.185us
2021-07-20 05:56:10,734 [a3de057e-22ba-4f20-867a-3c0291662fe2@group-321C7BA85E11-StateMachineUpdater] INFO  ha.SCMStateMachine (SCMStateMachine.java:takeSnapshot(290)) - Current Snapshot Index 104, takeSnapshot took 0 ms
2021-07-20 05:56:10,734 [a3de057e-22ba-4f20-867a-3c0291662fe2@group-321C7BA85E11-StateMachineUpdater] INFO  impl.StateMachineUpdater (StateMachineUpdater.java:takeSnapshot(281)) - a3de057e-22ba-4f20-867a-3c0291662fe2@group-321C7BA85E11-StateMachineUpdater: Took a snapshot at index 104
2021-07-20 05:56:10,734 [a3de057e-22ba-4f20-867a-3c0291662fe2@group-321C7BA85E11-StateMachineUpdater] INFO  impl.StateMachineUpdater (StateMachineUpdater.java:lambda$new$0(89)) - a3de057e-22ba-4f20-867a-3c0291662fe2@group-321C7BA85E11-StateMachineUpdater: snapshotIndex: updateIncreasingly 99 -> 104
2021-07-20 05:56:10,735 [a3de057e-22ba-4f20-867a-3c0291662fe2@group-321C7BA85E11-StateMachineUpdater] INFO  raftlog.RaftLog (RaftLogBase.java:purge(306)) - a3de057e-22ba-4f20-867a-3c0291662fe2@group-321C7BA85E11-SegmentedRaftLog: purge 104
2021-07-20 05:56:10,735 [a3de057e-22ba-4f20-867a-3c0291662fe2@group-321C7BA85E11-StateMachineUpdater] INFO  raftlog.RaftLog (RaftLogBase.java:lambda$new$0(53)) - a3de057e-22ba-4f20-867a-3c0291662fe2@group-321C7BA85E11-SegmentedRaftLog: snapshotIndex: updateIncreasingly 99 -> 104
2021-07-20 05:56:10,735 [a3de057e-22ba-4f20-867a-3c0291662fe2@group-321C7BA85E11-StateMachineUpdater] INFO  raftlog.RaftLog (RaftLogBase.java:lambda$new$0(53)) - a3de057e-22ba-4f20-867a-3c0291662fe2@group-321C7BA85E11-SegmentedRaftLog: purgeIndex: updateToMax old=99, new=104, updated? true
2021-07-20 05:56:10,838 [a3de057e-22ba-4f20-867a-3c0291662fe2@group-321C7BA85E11-LeaderStateImpl] INFO  segmented.SegmentedRaftLogWorker (SegmentedRaftLogWorker.java:rollLogSegment(399)) - a3de057e-22ba-4f20-867a-3c0291662fe2@group-321C7BA85E11-SegmentedRaftLogWorker: Rolling segment log-1_105 to index:105
2021-07-20 05:56:10,839 [a3de057e-22ba-4f20-867a-3c0291662fe2@group-321C7BA85E11-SegmentedRaftLogWorker] INFO  segmented.SegmentedRaftLogWorker (SegmentedRaftLogWorker.java:execute(558)) - a3de057e-22ba-4f20-867a-3c0291662fe2@group-321C7BA85E11-SegmentedRaftLogWorker: Rolled log segment from /home/runner/work/ozone/ozone/mnt/ozone/hadoop-ozone/integration-test/target/test-dir/MiniOzoneClusterImpl-b2c6a007-39d2-4e45-b76c-321c7ba85e11/scmNode-1/scm-ha/b2c6a007-39d2-4e45-b76c-321c7ba85e11/current/log_inprogress_1 to /home/runner/work/ozone/ozone/mnt/ozone/hadoop-ozone/integration-test/target/test-dir/MiniOzoneClusterImpl-b2c6a007-39d2-4e45-b76c-321c7ba85e11/scmNode-1/scm-ha/b2c6a007-39d2-4e45-b76c-321c7ba85e11/current/log_1-105
2021-07-20 05:56:10,840 [Listener at 127.0.0.1/12232] INFO  ha.SCMHAInvocationHandler (SCMHAInvocationHandler.java:invokeRatis(113)) - Invoking method public abstract void org.apache.hadoop.hdds.scm.container.ContainerStateManagerV2.addContainer(org.apache.hadoop.hdds.protocol.proto.HddsProtos$ContainerInfoProto) throws java.io.IOException on target org.apache.hadoop.hdds.scm.ha.SCMRatisServerImpl@1a07937d, cost 6660.195us
2021-07-20 05:56:10,841 [grpc-default-executor-3] INFO  segmented.SegmentedRaftLogWorker (SegmentedRaftLogWorker.java:rollLogSegment(399)) - 5c2410e7-10a6-4620-b434-e19b0245711c@group-321C7BA85E11-SegmentedRaftLogWorker: Rolling segment log-1_105 to index:105
2021-07-20 05:56:10,845 [5c2410e7-10a6-4620-b434-e19b0245711c@group-321C7BA85E11-SegmentedRaftLogWorker] INFO  segmented.SegmentedRaftLogWorker (SegmentedRaftLogWorker.java:execute(558)) - 5c2410e7-10a6-4620-b434-e19b0245711c@group-321C7BA85E11-SegmentedRaftLogWorker: Rolled log segment from /home/runner/work/ozone/ozone/mnt/ozone/hadoop-ozone/integration-test/target/test-dir/MiniOzoneClusterImpl-b2c6a007-39d2-4e45-b76c-321c7ba85e11/scmNode-2/scm-ha/b2c6a007-39d2-4e45-b76c-321c7ba85e11/current/log_inprogress_1 to /home/runner/work/ozone/ozone/mnt/ozone/hadoop-ozone/integration-test/target/test-dir/MiniOzoneClusterImpl-b2c6a007-39d2-4e45-b76c-321c7ba85e11/scmNode-2/scm-ha/b2c6a007-39d2-4e45-b76c-321c7ba85e11/current/log_1-105
2021-07-20 05:56:10,845 [a3de057e-22ba-4f20-867a-3c0291662fe2@group-321C7BA85E11-SegmentedRaftLogWorker] INFO  segmented.SegmentedRaftLogWorker (SegmentedRaftLogWorker.java:execute(601)) - a3de057e-22ba-4f20-867a-3c0291662fe2@group-321C7BA85E11-SegmentedRaftLogWorker: created new log segment /home/runner/work/ozone/ozone/mnt/ozone/hadoop-ozone/integration-test/target/test-dir/MiniOzoneClusterImpl-b2c6a007-39d2-4e45-b76c-321c7ba85e11/scmNode-1/scm-ha/b2c6a007-39d2-4e45-b76c-321c7ba85e11/current/log_inprogress_106
2021-07-20 05:56:10,846 [5c2410e7-10a6-4620-b434-e19b0245711c@group-321C7BA85E11-SegmentedRaftLogWorker] INFO  segmented.SegmentedRaftLogWorker (SegmentedRaftLogWorker.java:execute(601)) - 5c2410e7-10a6-4620-b434-e19b0245711c@group-321C7BA85E11-SegmentedRaftLogWorker: created new log segment /home/runner/work/ozone/ozone/mnt/ozone/hadoop-ozone/integration-test/target/test-dir/MiniOzoneClusterImpl-b2c6a007-39d2-4e45-b76c-321c7ba85e11/scmNode-2/scm-ha/b2c6a007-39d2-4e45-b76c-321c7ba85e11/current/log_inprogress_106
2021-07-20 05:56:10,848 [5c2410e7-10a6-4620-b434-e19b0245711c@group-321C7BA85E11-StateMachineUpdater] INFO  ha.SCMStateMachine (SCMStateMachine.java:takeSnapshot(290)) - Current Snapshot Index 105, takeSnapshot took 0 ms
2021-07-20 05:56:10,848 [5c2410e7-10a6-4620-b434-e19b0245711c@group-321C7BA85E11-StateMachineUpdater] INFO  impl.StateMachineUpdater (StateMachineUpdater.java:takeSnapshot(281)) - 5c2410e7-10a6-4620-b434-e19b0245711c@group-321C7BA85E11-StateMachineUpdater: Took a snapshot at index 105
2021-07-20 05:56:10,848 [5c2410e7-10a6-4620-b434-e19b0245711c@group-321C7BA85E11-StateMachineUpdater] INFO  impl.StateMachineUpdater (StateMachineUpdater.java:lambda$new$0(89)) - 5c2410e7-10a6-4620-b434-e19b0245711c@group-321C7BA85E11-StateMachineUpdater: snapshotIndex: updateIncreasingly 100 -> 105
2021-07-20 05:56:10,848 [5c2410e7-10a6-4620-b434-e19b0245711c@group-321C7BA85E11-StateMachineUpdater] INFO  raftlog.RaftLog (RaftLogBase.java:purge(306)) - 5c2410e7-10a6-4620-b434-e19b0245711c@group-321C7BA85E11-SegmentedRaftLog: purge 105
2021-07-20 05:56:10,848 [5c2410e7-10a6-4620-b434-e19b0245711c@group-321C7BA85E11-StateMachineUpdater] INFO  raftlog.RaftLog (RaftLogBase.java:lambda$new$0(53)) - 5c2410e7-10a6-4620-b434-e19b0245711c@group-321C7BA85E11-SegmentedRaftLog: snapshotIndex: updateIncreasingly 100 -> 105
2021-07-20 05:56:10,848 [5c2410e7-10a6-4620-b434-e19b0245711c@group-321C7BA85E11-SegmentedRaftLogWorker] INFO  raftlog.RaftLog (RaftLogBase.java:lambda$new$0(53)) - 5c2410e7-10a6-4620-b434-e19b0245711c@group-321C7BA85E11-SegmentedRaftLog: purgeIndex: updateToMax old=100, new=105, updated? true
2021-07-20 05:56:10,946 [Listener at 127.0.0.1/12232] INFO  ha.SCMHAInvocationHandler (SCMHAInvocationHandler.java:invokeRatis(113)) - Invoking method public abstract void org.apache.hadoop.hdds.scm.container.ContainerStateManagerV2.addContainer(org.apache.hadoop.hdds.protocol.proto.HddsProtos$ContainerInfoProto) throws java.io.IOException on target org.apache.hadoop.hdds.scm.ha.SCMRatisServerImpl@1a07937d, cost 4849.888us
2021-07-20 05:56:11,053 [a3de057e-22ba-4f20-867a-3c0291662fe2@group-321C7BA85E11-StateMachineUpdater] INFO  ha.SCMStateMachine (SCMStateMachine.java:takeSnapshot(290)) - Current Snapshot Index 109, takeSnapshot took 0 ms
2021-07-20 05:56:11,053 [a3de057e-22ba-4f20-867a-3c0291662fe2@group-321C7BA85E11-StateMachineUpdater] INFO  impl.StateMachineUpdater (StateMachineUpdater.java:takeSnapshot(281)) - a3de057e-22ba-4f20-867a-3c0291662fe2@group-321C7BA85E11-StateMachineUpdater: Took a snapshot at index 109
2021-07-20 05:56:11,053 [a3de057e-22ba-4f20-867a-3c0291662fe2@group-321C7BA85E11-StateMachineUpdater] INFO  impl.StateMachineUpdater (StateMachineUpdater.java:lambda$new$0(89)) - a3de057e-22ba-4f20-867a-3c0291662fe2@group-321C7BA85E11-StateMachineUpdater: snapshotIndex: updateIncreasingly 104 -> 109
2021-07-20 05:56:11,053 [a3de057e-22ba-4f20-867a-3c0291662fe2@group-321C7BA85E11-StateMachineUpdater] INFO  raftlog.RaftLog (RaftLogBase.java:purge(306)) - a3de057e-22ba-4f20-867a-3c0291662fe2@group-321C7BA85E11-SegmentedRaftLog: purge 109
2021-07-20 05:56:11,053 [a3de057e-22ba-4f20-867a-3c0291662fe2@group-321C7BA85E11-StateMachineUpdater] INFO  raftlog.RaftLog (RaftLogBase.java:lambda$new$0(53)) - a3de057e-22ba-4f20-867a-3c0291662fe2@group-321C7BA85E11-SegmentedRaftLog: snapshotIndex: updateIncreasingly 104 -> 109
2021-07-20 05:56:11,054 [a3de057e-22ba-4f20-867a-3c0291662fe2@group-321C7BA85E11-SegmentedRaftLogWorker] INFO  raftlog.RaftLog (RaftLogBase.java:lambda$new$0(53)) - a3de057e-22ba-4f20-867a-3c0291662fe2@group-321C7BA85E11-SegmentedRaftLog: purgeIndex: updateToMax old=104, new=105, updated? true
2021-07-20 05:56:11,055 [Listener at 127.0.0.1/12232] INFO  ha.SCMHAInvocationHandler (SCMHAInvocationHandler.java:invokeRatis(113)) - Invoking method public abstract void org.apache.hadoop.hdds.scm.container.ContainerStateManagerV2.addContainer(org.apache.hadoop.hdds.protocol.proto.HddsProtos$ContainerInfoProto) throws java.io.IOException on target org.apache.hadoop.hdds.scm.ha.SCMRatisServerImpl@1a07937d, cost 8093.38us
2021-07-20 05:56:11,161 [Listener at 127.0.0.1/12232] INFO  ha.SCMHAInvocationHandler (SCMHAInvocationHandler.java:invokeRatis(113)) - Invoking method public abstract void org.apache.hadoop.hdds.scm.container.ContainerStateManagerV2.addContainer(org.apache.hadoop.hdds.protocol.proto.HddsProtos$ContainerInfoProto) throws java.io.IOException on target org.apache.hadoop.hdds.scm.ha.SCMRatisServerImpl@1a07937d, cost 5784.543us
2021-07-20 05:56:11,164 [5c2410e7-10a6-4620-b434-e19b0245711c@group-321C7BA85E11-StateMachineUpdater] INFO  ha.SCMStateMachine (SCMStateMachine.java:takeSnapshot(290)) - Current Snapshot Index 111, takeSnapshot took 1 ms
2021-07-20 05:56:11,164 [5c2410e7-10a6-4620-b434-e19b0245711c@group-321C7BA85E11-StateMachineUpdater] INFO  impl.StateMachineUpdater (StateMachineUpdater.java:takeSnapshot(281)) - 5c2410e7-10a6-4620-b434-e19b0245711c@group-321C7BA85E11-StateMachineUpdater: Took a snapshot at index 111
2021-07-20 05:56:11,164 [5c2410e7-10a6-4620-b434-e19b0245711c@group-321C7BA85E11-StateMachineUpdater] INFO  impl.StateMachineUpdater (StateMachineUpdater.java:lambda$new$0(89)) - 5c2410e7-10a6-4620-b434-e19b0245711c@group-321C7BA85E11-StateMachineUpdater: snapshotIndex: updateIncreasingly 105 -> 111
2021-07-20 05:56:11,164 [5c2410e7-10a6-4620-b434-e19b0245711c@group-321C7BA85E11-StateMachineUpdater] INFO  raftlog.RaftLog (RaftLogBase.java:purge(306)) - 5c2410e7-10a6-4620-b434-e19b0245711c@group-321C7BA85E11-SegmentedRaftLog: purge 111
2021-07-20 05:56:11,164 [5c2410e7-10a6-4620-b434-e19b0245711c@group-321C7BA85E11-StateMachineUpdater] INFO  raftlog.RaftLog (RaftLogBase.java:lambda$new$0(53)) - 5c2410e7-10a6-4620-b434-e19b0245711c@group-321C7BA85E11-SegmentedRaftLog: snapshotIndex: updateIncreasingly 105 -> 111
2021-07-20 05:56:11,164 [5c2410e7-10a6-4620-b434-e19b0245711c@group-321C7BA85E11-StateMachineUpdater] INFO  raftlog.RaftLog (RaftLogBase.java:lambda$new$0(53)) - 5c2410e7-10a6-4620-b434-e19b0245711c@group-321C7BA85E11-SegmentedRaftLog: purgeIndex: updateToMax old=105, new=111, updated? true
2021-07-20 05:56:11,267 [Listener at 127.0.0.1/12232] INFO  ha.SCMHAInvocationHandler (SCMHAInvocationHandler.java:invokeRatis(113)) - Invoking method public abstract void org.apache.hadoop.hdds.scm.container.ContainerStateManagerV2.addContainer(org.apache.hadoop.hdds.protocol.proto.HddsProtos$ContainerInfoProto) throws java.io.IOException on target org.apache.hadoop.hdds.scm.ha.SCMRatisServerImpl@1a07937d, cost 5086.701us
2021-07-20 05:56:11,270 [a3de057e-22ba-4f20-867a-3c0291662fe2@group-321C7BA85E11-StateMachineUpdater] INFO  ha.SCMStateMachine (SCMStateMachine.java:takeSnapshot(290)) - Current Snapshot Index 114, takeSnapshot took 0 ms
2021-07-20 05:56:11,270 [a3de057e-22ba-4f20-867a-3c0291662fe2@group-321C7BA85E11-StateMachineUpdater] INFO  impl.StateMachineUpdater (StateMachineUpdater.java:takeSnapshot(281)) - a3de057e-22ba-4f20-867a-3c0291662fe2@group-321C7BA85E11-StateMachineUpdater: Took a snapshot at index 114
2021-07-20 05:56:11,270 [a3de057e-22ba-4f20-867a-3c0291662fe2@group-321C7BA85E11-StateMachineUpdater] INFO  impl.StateMachineUpdater (StateMachineUpdater.java:lambda$new$0(89)) - a3de057e-22ba-4f20-867a-3c0291662fe2@group-321C7BA85E11-StateMachineUpdater: snapshotIndex: updateIncreasingly 109 -> 114
2021-07-20 05:56:11,270 [a3de057e-22ba-4f20-867a-3c0291662fe2@group-321C7BA85E11-StateMachineUpdater] INFO  raftlog.RaftLog (RaftLogBase.java:purge(306)) - a3de057e-22ba-4f20-867a-3c0291662fe2@group-321C7BA85E11-SegmentedRaftLog: purge 114
2021-07-20 05:56:11,270 [a3de057e-22ba-4f20-867a-3c0291662fe2@group-321C7BA85E11-StateMachineUpdater] INFO  raftlog.RaftLog (RaftLogBase.java:lambda$new$0(53)) - a3de057e-22ba-4f20-867a-3c0291662fe2@group-321C7BA85E11-SegmentedRaftLog: snapshotIndex: updateIncreasingly 109 -> 114
2021-07-20 05:56:11,270 [a3de057e-22ba-4f20-867a-3c0291662fe2@group-321C7BA85E11-StateMachineUpdater] INFO  raftlog.RaftLog (RaftLogBase.java:lambda$new$0(53)) - a3de057e-22ba-4f20-867a-3c0291662fe2@group-321C7BA85E11-SegmentedRaftLog: purgeIndex: updateToMax old=105, new=114, updated? true
2021-07-20 05:56:11,372 [Listener at 127.0.0.1/12232] INFO  ha.SCMHAInvocationHandler (SCMHAInvocationHandler.java:invokeRatis(113)) - Invoking method public abstract void org.apache.hadoop.hdds.scm.container.ContainerStateManagerV2.addContainer(org.apache.hadoop.hdds.protocol.proto.HddsProtos$ContainerInfoProto) throws java.io.IOException on target org.apache.hadoop.hdds.scm.ha.SCMRatisServerImpl@1a07937d, cost 4700.278us
2021-07-20 05:56:11,420 [577e6845-c807-4eb8-9332-2f265641e0df@group-BF0FFBB7682E-FollowerState] INFO  impl.FollowerState (FollowerState.java:run(134)) - 577e6845-c807-4eb8-9332-2f265641e0df@group-BF0FFBB7682E-FollowerState: change to CANDIDATE, lastRpcElapsedTime:5116365026ns, electionTimeout:5112ms
2021-07-20 05:56:11,420 [577e6845-c807-4eb8-9332-2f265641e0df@group-BF0FFBB7682E-FollowerState] INFO  impl.RoleInfo (RoleInfo.java:shutdownFollowerState(108)) - 577e6845-c807-4eb8-9332-2f265641e0df: shutdown 577e6845-c807-4eb8-9332-2f265641e0df@group-BF0FFBB7682E-FollowerState
2021-07-20 05:56:11,420 [577e6845-c807-4eb8-9332-2f265641e0df@group-BF0FFBB7682E-FollowerState] INFO  server.RaftServer$Division (RaftServerImpl.java:setRole(284)) - 577e6845-c807-4eb8-9332-2f265641e0df@group-BF0FFBB7682E: changes role from  FOLLOWER to CANDIDATE at term 1 for changeToCandidate
2021-07-20 05:56:11,421 [577e6845-c807-4eb8-9332-2f265641e0df@group-BF0FFBB7682E-FollowerState] INFO  server.RaftServerConfigKeys (ConfUtils.java:logGet(44)) - raft.server.leaderelection.pre-vote = false (custom)
2021-07-20 05:56:11,421 [577e6845-c807-4eb8-9332-2f265641e0df@group-BF0FFBB7682E-FollowerState] INFO  impl.RoleInfo (RoleInfo.java:updateAndGet(130)) - 577e6845-c807-4eb8-9332-2f265641e0df: start 577e6845-c807-4eb8-9332-2f265641e0df@group-BF0FFBB7682E-LeaderElection9
2021-07-20 05:56:11,423 [9faaa3cd-c518-4f7b-b785-ee74f85cb545@group-BF0FFBB7682E-FollowerState] INFO  impl.FollowerState (FollowerState.java:run(134)) - 9faaa3cd-c518-4f7b-b785-ee74f85cb545@group-BF0FFBB7682E-FollowerState: change to CANDIDATE, lastRpcElapsedTime:5112298584ns, electionTimeout:5112ms
2021-07-20 05:56:11,423 [9faaa3cd-c518-4f7b-b785-ee74f85cb545@group-BF0FFBB7682E-FollowerState] INFO  impl.RoleInfo (RoleInfo.java:shutdownFollowerState(108)) - 9faaa3cd-c518-4f7b-b785-ee74f85cb545: shutdown 9faaa3cd-c518-4f7b-b785-ee74f85cb545@group-BF0FFBB7682E-FollowerState
2021-07-20 05:56:11,423 [9faaa3cd-c518-4f7b-b785-ee74f85cb545@group-BF0FFBB7682E-FollowerState] INFO  server.RaftServer$Division (RaftServerImpl.java:setRole(284)) - 9faaa3cd-c518-4f7b-b785-ee74f85cb545@group-BF0FFBB7682E: changes role from  FOLLOWER to CANDIDATE at term 1 for changeToCandidate
2021-07-20 05:56:11,423 [9faaa3cd-c518-4f7b-b785-ee74f85cb545@group-BF0FFBB7682E-FollowerState] INFO  server.RaftServerConfigKeys (ConfUtils.java:logGet(44)) - raft.server.leaderelection.pre-vote = false (custom)
2021-07-20 05:56:11,423 [9faaa3cd-c518-4f7b-b785-ee74f85cb545@group-BF0FFBB7682E-FollowerState] INFO  impl.RoleInfo (RoleInfo.java:updateAndGet(130)) - 9faaa3cd-c518-4f7b-b785-ee74f85cb545: start 9faaa3cd-c518-4f7b-b785-ee74f85cb545@group-BF0FFBB7682E-LeaderElection10
2021-07-20 05:56:11,428 [9faaa3cd-c518-4f7b-b785-ee74f85cb545@group-BF0FFBB7682E-LeaderElection10] INFO  impl.LeaderElection (LeaderElection.java:askForVotes(306)) - 9faaa3cd-c518-4f7b-b785-ee74f85cb545@group-BF0FFBB7682E-LeaderElection10 ELECTION round 0: submit vote requests at term 2 for -1: [9faaa3cd-c518-4f7b-b785-ee74f85cb545|rpc:127.0.0.1:34605|priority:0, 06501cb2-b233-4740-8c26-b46265537cb4|rpc:127.0.0.1:38707|priority:1, 577e6845-c807-4eb8-9332-2f265641e0df|rpc:127.0.0.1:36047|priority:0], old=null
2021-07-20 05:56:11,428 [577e6845-c807-4eb8-9332-2f265641e0df@group-BF0FFBB7682E-LeaderElection9] INFO  impl.LeaderElection (LeaderElection.java:askForVotes(306)) - 577e6845-c807-4eb8-9332-2f265641e0df@group-BF0FFBB7682E-LeaderElection9 ELECTION round 0: submit vote requests at term 2 for -1: [9faaa3cd-c518-4f7b-b785-ee74f85cb545|rpc:127.0.0.1:34605|dataStream:|priority:0, 06501cb2-b233-4740-8c26-b46265537cb4|rpc:127.0.0.1:38707|dataStream:|priority:1, 577e6845-c807-4eb8-9332-2f265641e0df|rpc:127.0.0.1:36047|dataStream:|priority:0], old=null
2021-07-20 05:56:11,439 [grpc-default-executor-3] INFO  server.RaftServer$Division (RaftServerImpl.java:requestVote(1042)) - 06501cb2-b233-4740-8c26-b46265537cb4@group-BF0FFBB7682E: receive requestVote(ELECTION, 9faaa3cd-c518-4f7b-b785-ee74f85cb545, group-BF0FFBB7682E, 2, (t:0, i:0))
2021-07-20 05:56:11,439 [grpc-default-executor-2] INFO  server.RaftServer$Division (RaftServerImpl.java:requestVote(1042)) - 577e6845-c807-4eb8-9332-2f265641e0df@group-BF0FFBB7682E: receive requestVote(ELECTION, 9faaa3cd-c518-4f7b-b785-ee74f85cb545, group-BF0FFBB7682E, 2, (t:0, i:0))
2021-07-20 05:56:11,439 [grpc-default-executor-2] INFO  impl.VoteContext (VoteContext.java:log(48)) - 577e6845-c807-4eb8-9332-2f265641e0df@group-BF0FFBB7682E-CANDIDATE: reject ELECTION from 9faaa3cd-c518-4f7b-b785-ee74f85cb545: already has voted for 577e6845-c807-4eb8-9332-2f265641e0df at current term 2
2021-07-20 05:56:11,440 [grpc-default-executor-2] INFO  server.RaftServer$Division (RaftServerImpl.java:requestVote(1074)) - 577e6845-c807-4eb8-9332-2f265641e0df@group-BF0FFBB7682E replies to ELECTION vote request: 9faaa3cd-c518-4f7b-b785-ee74f85cb545<-577e6845-c807-4eb8-9332-2f265641e0df#0:FAIL-t2. Peer's state: 577e6845-c807-4eb8-9332-2f265641e0df@group-BF0FFBB7682E:t2, leader=null, voted=577e6845-c807-4eb8-9332-2f265641e0df, raftlog=577e6845-c807-4eb8-9332-2f265641e0df@group-BF0FFBB7682E-SegmentedRaftLog:OPENED:c-1,f-1,i0, conf=-1: [9faaa3cd-c518-4f7b-b785-ee74f85cb545|rpc:127.0.0.1:34605|dataStream:|priority:0, 06501cb2-b233-4740-8c26-b46265537cb4|rpc:127.0.0.1:38707|dataStream:|priority:1, 577e6845-c807-4eb8-9332-2f265641e0df|rpc:127.0.0.1:36047|dataStream:|priority:0], old=null
2021-07-20 05:56:11,443 [grpc-default-executor-3] INFO  impl.VoteContext (VoteContext.java:log(48)) - 06501cb2-b233-4740-8c26-b46265537cb4@group-BF0FFBB7682E-FOLLOWER: reject ELECTION from 9faaa3cd-c518-4f7b-b785-ee74f85cb545: our priority 1 > candidate's priority 0
2021-07-20 05:56:11,444 [grpc-default-executor-3] INFO  server.RaftServer$Division (RaftServerImpl.java:setRole(284)) - 06501cb2-b233-4740-8c26-b46265537cb4@group-BF0FFBB7682E: changes role from  FOLLOWER to FOLLOWER at term 2 for candidate:9faaa3cd-c518-4f7b-b785-ee74f85cb545
2021-07-20 05:56:11,444 [grpc-default-executor-3] INFO  impl.RoleInfo (RoleInfo.java:shutdownFollowerState(108)) - 06501cb2-b233-4740-8c26-b46265537cb4: shutdown 06501cb2-b233-4740-8c26-b46265537cb4@group-BF0FFBB7682E-FollowerState
2021-07-20 05:56:11,444 [grpc-default-executor-3] INFO  impl.RoleInfo (RoleInfo.java:updateAndGet(130)) - 06501cb2-b233-4740-8c26-b46265537cb4: start 06501cb2-b233-4740-8c26-b46265537cb4@group-BF0FFBB7682E-FollowerState
2021-07-20 05:56:11,445 [06501cb2-b233-4740-8c26-b46265537cb4@group-BF0FFBB7682E-FollowerState] INFO  impl.FollowerState (FollowerState.java:run(143)) - 06501cb2-b233-4740-8c26-b46265537cb4@group-BF0FFBB7682E-FollowerState was interrupted: {}
java.lang.InterruptedException: sleep interrupted
	at java.lang.Thread.sleep(Native Method)
	at java.lang.Thread.sleep(Thread.java:340)
	at java.util.concurrent.TimeUnit.sleep(TimeUnit.java:386)
	at org.apache.ratis.util.TimeDuration.sleep(TimeDuration.java:324)
	at org.apache.ratis.util.TimeDuration.sleep(TimeDuration.java:309)
	at org.apache.ratis.server.impl.FollowerState.run(FollowerState.java:118)
2021-07-20 05:56:11,455 [grpc-default-executor-3] INFO  server.RaftServer$Division (RaftServerImpl.java:requestVote(1074)) - 06501cb2-b233-4740-8c26-b46265537cb4@group-BF0FFBB7682E replies to ELECTION vote request: 9faaa3cd-c518-4f7b-b785-ee74f85cb545<-06501cb2-b233-4740-8c26-b46265537cb4#0:FAIL-t2. Peer's state: 06501cb2-b233-4740-8c26-b46265537cb4@group-BF0FFBB7682E:t2, leader=null, voted=null, raftlog=06501cb2-b233-4740-8c26-b46265537cb4@group-BF0FFBB7682E-SegmentedRaftLog:OPENED:c-1,f-1,i0, conf=-1: [9faaa3cd-c518-4f7b-b785-ee74f85cb545|rpc:127.0.0.1:34605|dataStream:|priority:0, 06501cb2-b233-4740-8c26-b46265537cb4|rpc:127.0.0.1:38707|dataStream:|priority:1, 577e6845-c807-4eb8-9332-2f265641e0df|rpc:127.0.0.1:36047|dataStream:|priority:0], old=null
2021-07-20 05:56:11,463 [9faaa3cd-c518-4f7b-b785-ee74f85cb545@group-BF0FFBB7682E-LeaderElection10] INFO  impl.LeaderElection (LeaderElection.java:logAndReturn(89)) - 9faaa3cd-c518-4f7b-b785-ee74f85cb545@group-BF0FFBB7682E-LeaderElection10: ELECTION REJECTED received 2 response(s) and 0 exception(s):
2021-07-20 05:56:11,464 [9faaa3cd-c518-4f7b-b785-ee74f85cb545@group-BF0FFBB7682E-LeaderElection10] INFO  impl.LeaderElection (LeaderElection.java:logAndReturn(93)) -   Response 0: 9faaa3cd-c518-4f7b-b785-ee74f85cb545<-06501cb2-b233-4740-8c26-b46265537cb4#0:FAIL-t2
2021-07-20 05:56:11,464 [9faaa3cd-c518-4f7b-b785-ee74f85cb545@group-BF0FFBB7682E-LeaderElection10] INFO  impl.LeaderElection (LeaderElection.java:logAndReturn(93)) -   Response 1: 9faaa3cd-c518-4f7b-b785-ee74f85cb545<-577e6845-c807-4eb8-9332-2f265641e0df#0:FAIL-t2
2021-07-20 05:56:11,464 [9faaa3cd-c518-4f7b-b785-ee74f85cb545@group-BF0FFBB7682E-LeaderElection10] INFO  impl.LeaderElection (LeaderElection.java:askForVotes(308)) - 9faaa3cd-c518-4f7b-b785-ee74f85cb545@group-BF0FFBB7682E-LeaderElection10 ELECTION round 0: result REJECTED
2021-07-20 05:56:11,464 [9faaa3cd-c518-4f7b-b785-ee74f85cb545@group-BF0FFBB7682E-LeaderElection10] INFO  server.RaftServer$Division (RaftServerImpl.java:setRole(284)) - 9faaa3cd-c518-4f7b-b785-ee74f85cb545@group-BF0FFBB7682E: changes role from CANDIDATE to FOLLOWER at term 2 for REJECTED
2021-07-20 05:56:11,464 [9faaa3cd-c518-4f7b-b785-ee74f85cb545@group-BF0FFBB7682E-LeaderElection10] INFO  impl.RoleInfo (RoleInfo.java:shutdownLeaderElection(121)) - 9faaa3cd-c518-4f7b-b785-ee74f85cb545: shutdown 9faaa3cd-c518-4f7b-b785-ee74f85cb545@group-BF0FFBB7682E-LeaderElection10
2021-07-20 05:56:11,464 [9faaa3cd-c518-4f7b-b785-ee74f85cb545@group-BF0FFBB7682E-LeaderElection10] INFO  impl.RoleInfo (RoleInfo.java:updateAndGet(130)) - 9faaa3cd-c518-4f7b-b785-ee74f85cb545: start 9faaa3cd-c518-4f7b-b785-ee74f85cb545@group-BF0FFBB7682E-FollowerState
2021-07-20 05:56:11,465 [grpc-default-executor-1] INFO  server.RaftServer$Division (RaftServerImpl.java:requestVote(1042)) - 06501cb2-b233-4740-8c26-b46265537cb4@group-BF0FFBB7682E: receive requestVote(ELECTION, 577e6845-c807-4eb8-9332-2f265641e0df, group-BF0FFBB7682E, 2, (t:0, i:0))
2021-07-20 05:56:11,465 [grpc-default-executor-3] INFO  server.RaftServer$Division (RaftServerImpl.java:requestVote(1042)) - 9faaa3cd-c518-4f7b-b785-ee74f85cb545@group-BF0FFBB7682E: receive requestVote(ELECTION, 577e6845-c807-4eb8-9332-2f265641e0df, group-BF0FFBB7682E, 2, (t:0, i:0))
2021-07-20 05:56:11,466 [grpc-default-executor-3] INFO  impl.VoteContext (VoteContext.java:log(48)) - 9faaa3cd-c518-4f7b-b785-ee74f85cb545@group-BF0FFBB7682E-FOLLOWER: reject ELECTION from 577e6845-c807-4eb8-9332-2f265641e0df: already has voted for 9faaa3cd-c518-4f7b-b785-ee74f85cb545 at current term 2
2021-07-20 05:56:11,466 [grpc-default-executor-1] INFO  impl.VoteContext (VoteContext.java:log(48)) - 06501cb2-b233-4740-8c26-b46265537cb4@group-BF0FFBB7682E-FOLLOWER: reject ELECTION from 577e6845-c807-4eb8-9332-2f265641e0df: our priority 1 > candidate's priority 0
2021-07-20 05:56:11,466 [grpc-default-executor-1] INFO  server.RaftServer$Division (RaftServerImpl.java:setRole(284)) - 06501cb2-b233-4740-8c26-b46265537cb4@group-BF0FFBB7682E: changes role from  FOLLOWER to FOLLOWER at term 2 for candidate:577e6845-c807-4eb8-9332-2f265641e0df
2021-07-20 05:56:11,466 [grpc-default-executor-3] INFO  server.RaftServer$Division (RaftServerImpl.java:requestVote(1074)) - 9faaa3cd-c518-4f7b-b785-ee74f85cb545@group-BF0FFBB7682E replies to ELECTION vote request: 577e6845-c807-4eb8-9332-2f265641e0df<-9faaa3cd-c518-4f7b-b785-ee74f85cb545#0:FAIL-t2. Peer's state: 9faaa3cd-c518-4f7b-b785-ee74f85cb545@group-BF0FFBB7682E:t2, leader=null, voted=9faaa3cd-c518-4f7b-b785-ee74f85cb545, raftlog=9faaa3cd-c518-4f7b-b785-ee74f85cb545@group-BF0FFBB7682E-SegmentedRaftLog:OPENED:c-1,f-1,i0, conf=-1: [9faaa3cd-c518-4f7b-b785-ee74f85cb545|rpc:127.0.0.1:34605|priority:0, 06501cb2-b233-4740-8c26-b46265537cb4|rpc:127.0.0.1:38707|priority:1, 577e6845-c807-4eb8-9332-2f265641e0df|rpc:127.0.0.1:36047|priority:0], old=null
2021-07-20 05:56:11,466 [grpc-default-executor-1] INFO  impl.RoleInfo (RoleInfo.java:shutdownFollowerState(108)) - 06501cb2-b233-4740-8c26-b46265537cb4: shutdown 06501cb2-b233-4740-8c26-b46265537cb4@group-BF0FFBB7682E-FollowerState
2021-07-20 05:56:11,466 [grpc-default-executor-1] INFO  impl.RoleInfo (RoleInfo.java:updateAndGet(130)) - 06501cb2-b233-4740-8c26-b46265537cb4: start 06501cb2-b233-4740-8c26-b46265537cb4@group-BF0FFBB7682E-FollowerState
2021-07-20 05:56:11,466 [grpc-default-executor-1] INFO  server.RaftServer$Division (RaftServerImpl.java:requestVote(1074)) - 06501cb2-b233-4740-8c26-b46265537cb4@group-BF0FFBB7682E replies to ELECTION vote request: 577e6845-c807-4eb8-9332-2f265641e0df<-06501cb2-b233-4740-8c26-b46265537cb4#0:FAIL-t2. Peer's state: 06501cb2-b233-4740-8c26-b46265537cb4@group-BF0FFBB7682E:t2, leader=null, voted=null, raftlog=06501cb2-b233-4740-8c26-b46265537cb4@group-BF0FFBB7682E-SegmentedRaftLog:OPENED:c-1,f-1,i0, conf=-1: [9faaa3cd-c518-4f7b-b785-ee74f85cb545|rpc:127.0.0.1:34605|dataStream:|priority:0, 06501cb2-b233-4740-8c26-b46265537cb4|rpc:127.0.0.1:38707|dataStream:|priority:1, 577e6845-c807-4eb8-9332-2f265641e0df|rpc:127.0.0.1:36047|dataStream:|priority:0], old=null
2021-07-20 05:56:11,469 [06501cb2-b233-4740-8c26-b46265537cb4@group-BF0FFBB7682E-FollowerState] INFO  impl.FollowerState (FollowerState.java:run(143)) - 06501cb2-b233-4740-8c26-b46265537cb4@group-BF0FFBB7682E-FollowerState was interrupted: {}
java.lang.InterruptedException: sleep interrupted
	at java.lang.Thread.sleep(Native Method)
	at java.lang.Thread.sleep(Thread.java:340)
	at java.util.concurrent.TimeUnit.sleep(TimeUnit.java:386)
	at org.apache.ratis.util.TimeDuration.sleep(TimeDuration.java:324)
	at org.apache.ratis.util.TimeDuration.sleep(TimeDuration.java:309)
	at org.apache.ratis.server.impl.FollowerState.run(FollowerState.java:118)
2021-07-20 05:56:11,471 [577e6845-c807-4eb8-9332-2f265641e0df@group-BF0FFBB7682E-LeaderElection9] INFO  impl.LeaderElection (LeaderElection.java:logAndReturn(89)) - 577e6845-c807-4eb8-9332-2f265641e0df@group-BF0FFBB7682E-LeaderElection9: ELECTION REJECTED received 2 response(s) and 0 exception(s):
2021-07-20 05:56:11,471 [577e6845-c807-4eb8-9332-2f265641e0df@group-BF0FFBB7682E-LeaderElection9] INFO  impl.LeaderElection (LeaderElection.java:logAndReturn(93)) -   Response 0: 577e6845-c807-4eb8-9332-2f265641e0df<-9faaa3cd-c518-4f7b-b785-ee74f85cb545#0:FAIL-t2
2021-07-20 05:56:11,471 [577e6845-c807-4eb8-9332-2f265641e0df@group-BF0FFBB7682E-LeaderElection9] INFO  impl.LeaderElection (LeaderElection.java:logAndReturn(93)) -   Response 1: 577e6845-c807-4eb8-9332-2f265641e0df<-06501cb2-b233-4740-8c26-b46265537cb4#0:FAIL-t2
2021-07-20 05:56:11,471 [577e6845-c807-4eb8-9332-2f265641e0df@group-BF0FFBB7682E-LeaderElection9] INFO  impl.LeaderElection (LeaderElection.java:askForVotes(308)) - 577e6845-c807-4eb8-9332-2f265641e0df@group-BF0FFBB7682E-LeaderElection9 ELECTION round 0: result REJECTED
2021-07-20 05:56:11,471 [577e6845-c807-4eb8-9332-2f265641e0df@group-BF0FFBB7682E-LeaderElection9] INFO  server.RaftServer$Division (RaftServerImpl.java:setRole(284)) - 577e6845-c807-4eb8-9332-2f265641e0df@group-BF0FFBB7682E: changes role from CANDIDATE to FOLLOWER at term 2 for REJECTED
2021-07-20 05:56:11,471 [577e6845-c807-4eb8-9332-2f265641e0df@group-BF0FFBB7682E-LeaderElection9] INFO  impl.RoleInfo (RoleInfo.java:shutdownLeaderElection(121)) - 577e6845-c807-4eb8-9332-2f265641e0df: shutdown 577e6845-c807-4eb8-9332-2f265641e0df@group-BF0FFBB7682E-LeaderElection9
2021-07-20 05:56:11,474 [577e6845-c807-4eb8-9332-2f265641e0df@group-BF0FFBB7682E-LeaderElection9] INFO  impl.RoleInfo (RoleInfo.java:updateAndGet(130)) - 577e6845-c807-4eb8-9332-2f265641e0df: start 577e6845-c807-4eb8-9332-2f265641e0df@group-BF0FFBB7682E-FollowerState
2021-07-20 05:56:11,478 [5c2410e7-10a6-4620-b434-e19b0245711c@group-321C7BA85E11-StateMachineUpdater] INFO  ha.SCMStateMachine (SCMStateMachine.java:takeSnapshot(290)) - Current Snapshot Index 116, takeSnapshot took 1 ms
2021-07-20 05:56:11,478 [5c2410e7-10a6-4620-b434-e19b0245711c@group-321C7BA85E11-StateMachineUpdater] INFO  impl.StateMachineUpdater (StateMachineUpdater.java:takeSnapshot(281)) - 5c2410e7-10a6-4620-b434-e19b0245711c@group-321C7BA85E11-StateMachineUpdater: Took a snapshot at index 116
2021-07-20 05:56:11,478 [5c2410e7-10a6-4620-b434-e19b0245711c@group-321C7BA85E11-StateMachineUpdater] INFO  impl.StateMachineUpdater (StateMachineUpdater.java:lambda$new$0(89)) - 5c2410e7-10a6-4620-b434-e19b0245711c@group-321C7BA85E11-StateMachineUpdater: snapshotIndex: updateIncreasingly 111 -> 116
2021-07-20 05:56:11,478 [5c2410e7-10a6-4620-b434-e19b0245711c@group-321C7BA85E11-StateMachineUpdater] INFO  raftlog.RaftLog (RaftLogBase.java:purge(306)) - 5c2410e7-10a6-4620-b434-e19b0245711c@group-321C7BA85E11-SegmentedRaftLog: purge 116
2021-07-20 05:56:11,478 [5c2410e7-10a6-4620-b434-e19b0245711c@group-321C7BA85E11-StateMachineUpdater] INFO  raftlog.RaftLog (RaftLogBase.java:lambda$new$0(53)) - 5c2410e7-10a6-4620-b434-e19b0245711c@group-321C7BA85E11-SegmentedRaftLog: snapshotIndex: updateIncreasingly 111 -> 116
2021-07-20 05:56:11,478 [5c2410e7-10a6-4620-b434-e19b0245711c@group-321C7BA85E11-StateMachineUpdater] INFO  raftlog.RaftLog (RaftLogBase.java:lambda$new$0(53)) - 5c2410e7-10a6-4620-b434-e19b0245711c@group-321C7BA85E11-SegmentedRaftLog: purgeIndex: updateToMax old=111, new=116, updated? true
2021-07-20 05:56:11,481 [Listener at 127.0.0.1/12232] INFO  ha.SCMHAInvocationHandler (SCMHAInvocationHandler.java:invokeRatis(113)) - Invoking method public abstract void org.apache.hadoop.hdds.scm.container.ContainerStateManagerV2.addContainer(org.apache.hadoop.hdds.protocol.proto.HddsProtos$ContainerInfoProto) throws java.io.IOException on target org.apache.hadoop.hdds.scm.ha.SCMRatisServerImpl@1a07937d, cost 7037.118us
2021-07-20 05:56:11,520 [Datanode State Machine Thread - 0] ERROR datanode.RunningDatanodeState (RunningDatanodeState.java:computeNextContainerState(199)) - Error in executing end point task.
java.util.concurrent.ExecutionException: java.util.concurrent.TimeoutException
	at java.util.concurrent.FutureTask.report(FutureTask.java:122)
	at java.util.concurrent.FutureTask.get(FutureTask.java:192)
	at org.apache.hadoop.ozone.container.common.states.datanode.RunningDatanodeState.computeNextContainerState(RunningDatanodeState.java:191)
	at org.apache.hadoop.ozone.container.common.states.datanode.RunningDatanodeState.await(RunningDatanodeState.java:231)
	at org.apache.hadoop.ozone.container.common.states.datanode.RunningDatanodeState.await(RunningDatanodeState.java:50)
	at org.apache.hadoop.ozone.container.common.statemachine.StateContext.execute(StateContext.java:629)
	at org.apache.hadoop.ozone.container.common.statemachine.DatanodeStateMachine.start(DatanodeStateMachine.java:269)
	at org.apache.hadoop.ozone.container.common.statemachine.DatanodeStateMachine.lambda$startDaemon$0(DatanodeStateMachine.java:455)
	at java.lang.Thread.run(Thread.java:748)
Caused by: java.util.concurrent.TimeoutException
	at java.util.concurrent.FutureTask.get(FutureTask.java:205)
	at org.apache.hadoop.ozone.container.common.states.datanode.RunningDatanodeState.lambda$execute$0(RunningDatanodeState.java:149)
	at java.util.concurrent.FutureTask.run(FutureTask.java:266)
	at java.util.concurrent.Executors$RunnableAdapter.call(Executors.java:511)
	at java.util.concurrent.FutureTask.run(FutureTask.java:266)
	at java.util.concurrent.ThreadPoolExecutor.runWorker(ThreadPoolExecutor.java:1149)
	at java.util.concurrent.ThreadPoolExecutor$Worker.run(ThreadPoolExecutor.java:624)
	... 1 more
2021-07-20 05:56:11,588 [a3de057e-22ba-4f20-867a-3c0291662fe2@group-321C7BA85E11-StateMachineUpdater] INFO  ha.SCMStateMachine (SCMStateMachine.java:takeSnapshot(290)) - Current Snapshot Index 119, takeSnapshot took 0 ms
2021-07-20 05:56:11,588 [a3de057e-22ba-4f20-867a-3c0291662fe2@group-321C7BA85E11-StateMachineUpdater] INFO  impl.StateMachineUpdater (StateMachineUpdater.java:takeSnapshot(281)) - a3de057e-22ba-4f20-867a-3c0291662fe2@group-321C7BA85E11-StateMachineUpdater: Took a snapshot at index 119
2021-07-20 05:56:11,588 [a3de057e-22ba-4f20-867a-3c0291662fe2@group-321C7BA85E11-StateMachineUpdater] INFO  impl.StateMachineUpdater (StateMachineUpdater.java:lambda$new$0(89)) - a3de057e-22ba-4f20-867a-3c0291662fe2@group-321C7BA85E11-StateMachineUpdater: snapshotIndex: updateIncreasingly 114 -> 119
2021-07-20 05:56:11,588 [a3de057e-22ba-4f20-867a-3c0291662fe2@group-321C7BA85E11-StateMachineUpdater] INFO  raftlog.RaftLog (RaftLogBase.java:purge(306)) - a3de057e-22ba-4f20-867a-3c0291662fe2@group-321C7BA85E11-SegmentedRaftLog: purge 119
2021-07-20 05:56:11,588 [a3de057e-22ba-4f20-867a-3c0291662fe2@group-321C7BA85E11-StateMachineUpdater] INFO  raftlog.RaftLog (RaftLogBase.java:lambda$new$0(53)) - a3de057e-22ba-4f20-867a-3c0291662fe2@group-321C7BA85E11-SegmentedRaftLog: snapshotIndex: updateIncreasingly 114 -> 119
2021-07-20 05:56:11,588 [a3de057e-22ba-4f20-867a-3c0291662fe2@group-321C7BA85E11-StateMachineUpdater] INFO  raftlog.RaftLog (RaftLogBase.java:lambda$new$0(53)) - a3de057e-22ba-4f20-867a-3c0291662fe2@group-321C7BA85E11-SegmentedRaftLog: purgeIndex: updateToMax old=114, new=119, updated? true
2021-07-20 05:56:11,589 [Listener at 127.0.0.1/12232] INFO  ha.SCMHAInvocationHandler (SCMHAInvocationHandler.java:invokeRatis(113)) - Invoking method public abstract void org.apache.hadoop.hdds.scm.container.ContainerStateManagerV2.addContainer(org.apache.hadoop.hdds.protocol.proto.HddsProtos$ContainerInfoProto) throws java.io.IOException on target org.apache.hadoop.hdds.scm.ha.SCMRatisServerImpl@1a07937d, cost 7464.043us
2021-07-20 05:56:11,693 [Listener at 127.0.0.1/12232] INFO  ha.SCMHAInvocationHandler (SCMHAInvocationHandler.java:invokeRatis(113)) - Invoking method public abstract void org.apache.hadoop.hdds.scm.container.ContainerStateManagerV2.addContainer(org.apache.hadoop.hdds.protocol.proto.HddsProtos$ContainerInfoProto) throws java.io.IOException on target org.apache.hadoop.hdds.scm.ha.SCMRatisServerImpl@1a07937d, cost 4009.238us
2021-07-20 05:56:11,695 [5c2410e7-10a6-4620-b434-e19b0245711c@group-321C7BA85E11-StateMachineUpdater] INFO  ha.SCMStateMachine (SCMStateMachine.java:takeSnapshot(290)) - Current Snapshot Index 121, takeSnapshot took 0 ms
2021-07-20 05:56:11,695 [5c2410e7-10a6-4620-b434-e19b0245711c@group-321C7BA85E11-StateMachineUpdater] INFO  impl.StateMachineUpdater (StateMachineUpdater.java:takeSnapshot(281)) - 5c2410e7-10a6-4620-b434-e19b0245711c@group-321C7BA85E11-StateMachineUpdater: Took a snapshot at index 121
2021-07-20 05:56:11,695 [5c2410e7-10a6-4620-b434-e19b0245711c@group-321C7BA85E11-StateMachineUpdater] INFO  impl.StateMachineUpdater (StateMachineUpdater.java:lambda$new$0(89)) - 5c2410e7-10a6-4620-b434-e19b0245711c@group-321C7BA85E11-StateMachineUpdater: snapshotIndex: updateIncreasingly 116 -> 121
2021-07-20 05:56:11,695 [5c2410e7-10a6-4620-b434-e19b0245711c@group-321C7BA85E11-StateMachineUpdater] INFO  raftlog.RaftLog (RaftLogBase.java:purge(306)) - 5c2410e7-10a6-4620-b434-e19b0245711c@group-321C7BA85E11-SegmentedRaftLog: purge 121
2021-07-20 05:56:11,695 [5c2410e7-10a6-4620-b434-e19b0245711c@group-321C7BA85E11-StateMachineUpdater] INFO  raftlog.RaftLog (RaftLogBase.java:lambda$new$0(53)) - 5c2410e7-10a6-4620-b434-e19b0245711c@group-321C7BA85E11-SegmentedRaftLog: snapshotIndex: updateIncreasingly 116 -> 121
2021-07-20 05:56:11,695 [5c2410e7-10a6-4620-b434-e19b0245711c@group-321C7BA85E11-StateMachineUpdater] INFO  raftlog.RaftLog (RaftLogBase.java:lambda$new$0(53)) - 5c2410e7-10a6-4620-b434-e19b0245711c@group-321C7BA85E11-SegmentedRaftLog: purgeIndex: updateToMax old=116, new=121, updated? true
2021-07-20 05:56:11,798 [Listener at 127.0.0.1/12232] INFO  ha.SCMHAInvocationHandler (SCMHAInvocationHandler.java:invokeRatis(113)) - Invoking method public abstract void org.apache.hadoop.hdds.scm.container.ContainerStateManagerV2.addContainer(org.apache.hadoop.hdds.protocol.proto.HddsProtos$ContainerInfoProto) throws java.io.IOException on target org.apache.hadoop.hdds.scm.ha.SCMRatisServerImpl@1a07937d, cost 4073.541us
2021-07-20 05:56:11,801 [a3de057e-22ba-4f20-867a-3c0291662fe2@group-321C7BA85E11-StateMachineUpdater] INFO  ha.SCMStateMachine (SCMStateMachine.java:takeSnapshot(290)) - Current Snapshot Index 124, takeSnapshot took 0 ms
2021-07-20 05:56:11,801 [a3de057e-22ba-4f20-867a-3c0291662fe2@group-321C7BA85E11-StateMachineUpdater] INFO  impl.StateMachineUpdater (StateMachineUpdater.java:takeSnapshot(281)) - a3de057e-22ba-4f20-867a-3c0291662fe2@group-321C7BA85E11-StateMachineUpdater: Took a snapshot at index 124
2021-07-20 05:56:11,801 [a3de057e-22ba-4f20-867a-3c0291662fe2@group-321C7BA85E11-StateMachineUpdater] INFO  impl.StateMachineUpdater (StateMachineUpdater.java:lambda$new$0(89)) - a3de057e-22ba-4f20-867a-3c0291662fe2@group-321C7BA85E11-StateMachineUpdater: snapshotIndex: updateIncreasingly 119 -> 124
2021-07-20 05:56:11,801 [a3de057e-22ba-4f20-867a-3c0291662fe2@group-321C7BA85E11-StateMachineUpdater] INFO  raftlog.RaftLog (RaftLogBase.java:purge(306)) - a3de057e-22ba-4f20-867a-3c0291662fe2@group-321C7BA85E11-SegmentedRaftLog: purge 124
2021-07-20 05:56:11,801 [a3de057e-22ba-4f20-867a-3c0291662fe2@group-321C7BA85E11-StateMachineUpdater] INFO  raftlog.RaftLog (RaftLogBase.java:lambda$new$0(53)) - a3de057e-22ba-4f20-867a-3c0291662fe2@group-321C7BA85E11-SegmentedRaftLog: snapshotIndex: updateIncreasingly 119 -> 124
2021-07-20 05:56:11,801 [a3de057e-22ba-4f20-867a-3c0291662fe2@group-321C7BA85E11-StateMachineUpdater] INFO  raftlog.RaftLog (RaftLogBase.java:lambda$new$0(53)) - a3de057e-22ba-4f20-867a-3c0291662fe2@group-321C7BA85E11-SegmentedRaftLog: purgeIndex: updateToMax old=119, new=124, updated? true
2021-07-20 05:56:11,903 [Listener at 127.0.0.1/12232] INFO  ha.SCMHAInvocationHandler (SCMHAInvocationHandler.java:invokeRatis(113)) - Invoking method public abstract void org.apache.hadoop.hdds.scm.container.ContainerStateManagerV2.addContainer(org.apache.hadoop.hdds.protocol.proto.HddsProtos$ContainerInfoProto) throws java.io.IOException on target org.apache.hadoop.hdds.scm.ha.SCMRatisServerImpl@1a07937d, cost 4390.961us
2021-07-20 05:56:12,011 [5c2410e7-10a6-4620-b434-e19b0245711c@group-321C7BA85E11-StateMachineUpdater] INFO  ha.SCMStateMachine (SCMStateMachine.java:takeSnapshot(290)) - Current Snapshot Index 126, takeSnapshot took 0 ms
2021-07-20 05:56:12,011 [5c2410e7-10a6-4620-b434-e19b0245711c@group-321C7BA85E11-StateMachineUpdater] INFO  impl.StateMachineUpdater (StateMachineUpdater.java:takeSnapshot(281)) - 5c2410e7-10a6-4620-b434-e19b0245711c@group-321C7BA85E11-StateMachineUpdater: Took a snapshot at index 126
2021-07-20 05:56:12,011 [5c2410e7-10a6-4620-b434-e19b0245711c@group-321C7BA85E11-StateMachineUpdater] INFO  impl.StateMachineUpdater (StateMachineUpdater.java:lambda$new$0(89)) - 5c2410e7-10a6-4620-b434-e19b0245711c@group-321C7BA85E11-StateMachineUpdater: snapshotIndex: updateIncreasingly 121 -> 126
2021-07-20 05:56:12,011 [5c2410e7-10a6-4620-b434-e19b0245711c@group-321C7BA85E11-StateMachineUpdater] INFO  raftlog.RaftLog (RaftLogBase.java:purge(306)) - 5c2410e7-10a6-4620-b434-e19b0245711c@group-321C7BA85E11-SegmentedRaftLog: purge 126
2021-07-20 05:56:12,011 [5c2410e7-10a6-4620-b434-e19b0245711c@group-321C7BA85E11-StateMachineUpdater] INFO  raftlog.RaftLog (RaftLogBase.java:lambda$new$0(53)) - 5c2410e7-10a6-4620-b434-e19b0245711c@group-321C7BA85E11-SegmentedRaftLog: snapshotIndex: updateIncreasingly 121 -> 126
2021-07-20 05:56:12,011 [5c2410e7-10a6-4620-b434-e19b0245711c@group-321C7BA85E11-StateMachineUpdater] INFO  raftlog.RaftLog (RaftLogBase.java:lambda$new$0(53)) - 5c2410e7-10a6-4620-b434-e19b0245711c@group-321C7BA85E11-SegmentedRaftLog: purgeIndex: updateToMax old=121, new=126, updated? true
2021-07-20 05:56:12,012 [Listener at 127.0.0.1/12232] INFO  ha.SCMHAInvocationHandler (SCMHAInvocationHandler.java:invokeRatis(113)) - Invoking method public abstract void org.apache.hadoop.hdds.scm.container.ContainerStateManagerV2.addContainer(org.apache.hadoop.hdds.protocol.proto.HddsProtos$ContainerInfoProto) throws java.io.IOException on target org.apache.hadoop.hdds.scm.ha.SCMRatisServerImpl@1a07937d, cost 8447.501us
2021-07-20 05:56:12,119 [a3de057e-22ba-4f20-867a-3c0291662fe2@group-321C7BA85E11-StateMachineUpdater] INFO  ha.SCMStateMachine (SCMStateMachine.java:takeSnapshot(290)) - Current Snapshot Index 129, takeSnapshot took 0 ms
2021-07-20 05:56:12,119 [a3de057e-22ba-4f20-867a-3c0291662fe2@group-321C7BA85E11-StateMachineUpdater] INFO  impl.StateMachineUpdater (StateMachineUpdater.java:takeSnapshot(281)) - a3de057e-22ba-4f20-867a-3c0291662fe2@group-321C7BA85E11-StateMachineUpdater: Took a snapshot at index 129
2021-07-20 05:56:12,119 [a3de057e-22ba-4f20-867a-3c0291662fe2@group-321C7BA85E11-StateMachineUpdater] INFO  impl.StateMachineUpdater (StateMachineUpdater.java:lambda$new$0(89)) - a3de057e-22ba-4f20-867a-3c0291662fe2@group-321C7BA85E11-StateMachineUpdater: snapshotIndex: updateIncreasingly 124 -> 129
2021-07-20 05:56:12,119 [a3de057e-22ba-4f20-867a-3c0291662fe2@group-321C7BA85E11-StateMachineUpdater] INFO  raftlog.RaftLog (RaftLogBase.java:purge(306)) - a3de057e-22ba-4f20-867a-3c0291662fe2@group-321C7BA85E11-SegmentedRaftLog: purge 129
2021-07-20 05:56:12,119 [a3de057e-22ba-4f20-867a-3c0291662fe2@group-321C7BA85E11-StateMachineUpdater] INFO  raftlog.RaftLog (RaftLogBase.java:lambda$new$0(53)) - a3de057e-22ba-4f20-867a-3c0291662fe2@group-321C7BA85E11-SegmentedRaftLog: snapshotIndex: updateIncreasingly 124 -> 129
2021-07-20 05:56:12,119 [a3de057e-22ba-4f20-867a-3c0291662fe2@group-321C7BA85E11-StateMachineUpdater] INFO  raftlog.RaftLog (RaftLogBase.java:lambda$new$0(53)) - a3de057e-22ba-4f20-867a-3c0291662fe2@group-321C7BA85E11-SegmentedRaftLog: purgeIndex: updateToMax old=124, new=129, updated? true
2021-07-20 05:56:12,119 [Listener at 127.0.0.1/12232] INFO  ha.SCMHAInvocationHandler (SCMHAInvocationHandler.java:invokeRatis(113)) - Invoking method public abstract void org.apache.hadoop.hdds.scm.container.ContainerStateManagerV2.addContainer(org.apache.hadoop.hdds.protocol.proto.HddsProtos$ContainerInfoProto) throws java.io.IOException on target org.apache.hadoop.hdds.scm.ha.SCMRatisServerImpl@1a07937d, cost 6273.272us
2021-07-20 05:56:12,225 [Listener at 127.0.0.1/12232] INFO  ha.SCMHAInvocationHandler (SCMHAInvocationHandler.java:invokeRatis(113)) - Invoking method public abstract void org.apache.hadoop.hdds.scm.container.ContainerStateManagerV2.addContainer(org.apache.hadoop.hdds.protocol.proto.HddsProtos$ContainerInfoProto) throws java.io.IOException on target org.apache.hadoop.hdds.scm.ha.SCMRatisServerImpl@1a07937d, cost 4938.793us
2021-07-20 05:56:12,228 [5c2410e7-10a6-4620-b434-e19b0245711c@group-321C7BA85E11-StateMachineUpdater] INFO  ha.SCMStateMachine (SCMStateMachine.java:takeSnapshot(290)) - Current Snapshot Index 131, takeSnapshot took 0 ms
2021-07-20 05:56:12,229 [5c2410e7-10a6-4620-b434-e19b0245711c@group-321C7BA85E11-StateMachineUpdater] INFO  impl.StateMachineUpdater (StateMachineUpdater.java:takeSnapshot(281)) - 5c2410e7-10a6-4620-b434-e19b0245711c@group-321C7BA85E11-StateMachineUpdater: Took a snapshot at index 131
2021-07-20 05:56:12,229 [5c2410e7-10a6-4620-b434-e19b0245711c@group-321C7BA85E11-StateMachineUpdater] INFO  impl.StateMachineUpdater (StateMachineUpdater.java:lambda$new$0(89)) - 5c2410e7-10a6-4620-b434-e19b0245711c@group-321C7BA85E11-StateMachineUpdater: snapshotIndex: updateIncreasingly 126 -> 131
2021-07-20 05:56:12,229 [5c2410e7-10a6-4620-b434-e19b0245711c@group-321C7BA85E11-StateMachineUpdater] INFO  raftlog.RaftLog (RaftLogBase.java:purge(306)) - 5c2410e7-10a6-4620-b434-e19b0245711c@group-321C7BA85E11-SegmentedRaftLog: purge 131
2021-07-20 05:56:12,229 [5c2410e7-10a6-4620-b434-e19b0245711c@group-321C7BA85E11-StateMachineUpdater] INFO  raftlog.RaftLog (RaftLogBase.java:lambda$new$0(53)) - 5c2410e7-10a6-4620-b434-e19b0245711c@group-321C7BA85E11-SegmentedRaftLog: snapshotIndex: updateIncreasingly 126 -> 131
2021-07-20 05:56:12,229 [5c2410e7-10a6-4620-b434-e19b0245711c@group-321C7BA85E11-StateMachineUpdater] INFO  raftlog.RaftLog (RaftLogBase.java:lambda$new$0(53)) - 5c2410e7-10a6-4620-b434-e19b0245711c@group-321C7BA85E11-SegmentedRaftLog: purgeIndex: updateToMax old=126, new=131, updated? true
2021-07-20 05:56:12,330 [Listener at 127.0.0.1/12232] INFO  ha.SCMHAInvocationHandler (SCMHAInvocationHandler.java:invokeRatis(113)) - Invoking method public abstract void org.apache.hadoop.hdds.scm.container.ContainerStateManagerV2.addContainer(org.apache.hadoop.hdds.protocol.proto.HddsProtos$ContainerInfoProto) throws java.io.IOException on target org.apache.hadoop.hdds.scm.ha.SCMRatisServerImpl@1a07937d, cost 4484.165us
2021-07-20 05:56:12,333 [a3de057e-22ba-4f20-867a-3c0291662fe2@group-321C7BA85E11-StateMachineUpdater] INFO  ha.SCMStateMachine (SCMStateMachine.java:takeSnapshot(290)) - Current Snapshot Index 134, takeSnapshot took 1 ms
2021-07-20 05:56:12,333 [a3de057e-22ba-4f20-867a-3c0291662fe2@group-321C7BA85E11-StateMachineUpdater] INFO  impl.StateMachineUpdater (StateMachineUpdater.java:takeSnapshot(281)) - a3de057e-22ba-4f20-867a-3c0291662fe2@group-321C7BA85E11-StateMachineUpdater: Took a snapshot at index 134
2021-07-20 05:56:12,333 [a3de057e-22ba-4f20-867a-3c0291662fe2@group-321C7BA85E11-StateMachineUpdater] INFO  impl.StateMachineUpdater (StateMachineUpdater.java:lambda$new$0(89)) - a3de057e-22ba-4f20-867a-3c0291662fe2@group-321C7BA85E11-StateMachineUpdater: snapshotIndex: updateIncreasingly 129 -> 134
2021-07-20 05:56:12,333 [a3de057e-22ba-4f20-867a-3c0291662fe2@group-321C7BA85E11-StateMachineUpdater] INFO  raftlog.RaftLog (RaftLogBase.java:purge(306)) - a3de057e-22ba-4f20-867a-3c0291662fe2@group-321C7BA85E11-SegmentedRaftLog: purge 134
2021-07-20 05:56:12,333 [a3de057e-22ba-4f20-867a-3c0291662fe2@group-321C7BA85E11-StateMachineUpdater] INFO  raftlog.RaftLog (RaftLogBase.java:lambda$new$0(53)) - a3de057e-22ba-4f20-867a-3c0291662fe2@group-321C7BA85E11-SegmentedRaftLog: snapshotIndex: updateIncreasingly 129 -> 134
2021-07-20 05:56:12,333 [a3de057e-22ba-4f20-867a-3c0291662fe2@group-321C7BA85E11-StateMachineUpdater] INFO  raftlog.RaftLog (RaftLogBase.java:lambda$new$0(53)) - a3de057e-22ba-4f20-867a-3c0291662fe2@group-321C7BA85E11-SegmentedRaftLog: purgeIndex: updateToMax old=129, new=134, updated? true
2021-07-20 05:56:12,435 [Listener at 127.0.0.1/12232] INFO  ha.SCMHAInvocationHandler (SCMHAInvocationHandler.java:invokeRatis(113)) - Invoking method public abstract void org.apache.hadoop.hdds.scm.container.ContainerStateManagerV2.addContainer(org.apache.hadoop.hdds.protocol.proto.HddsProtos$ContainerInfoProto) throws java.io.IOException on target org.apache.hadoop.hdds.scm.ha.SCMRatisServerImpl@1a07937d, cost 4823.486us
2021-07-20 05:56:12,539 [5c2410e7-10a6-4620-b434-e19b0245711c@group-321C7BA85E11-StateMachineUpdater] INFO  ha.SCMStateMachine (SCMStateMachine.java:takeSnapshot(290)) - Current Snapshot Index 136, takeSnapshot took 0 ms
2021-07-20 05:56:12,539 [5c2410e7-10a6-4620-b434-e19b0245711c@group-321C7BA85E11-StateMachineUpdater] INFO  impl.StateMachineUpdater (StateMachineUpdater.java:takeSnapshot(281)) - 5c2410e7-10a6-4620-b434-e19b0245711c@group-321C7BA85E11-StateMachineUpdater: Took a snapshot at index 136
2021-07-20 05:56:12,539 [5c2410e7-10a6-4620-b434-e19b0245711c@group-321C7BA85E11-StateMachineUpdater] INFO  impl.StateMachineUpdater (StateMachineUpdater.java:lambda$new$0(89)) - 5c2410e7-10a6-4620-b434-e19b0245711c@group-321C7BA85E11-StateMachineUpdater: snapshotIndex: updateIncreasingly 131 -> 136
2021-07-20 05:56:12,539 [5c2410e7-10a6-4620-b434-e19b0245711c@group-321C7BA85E11-StateMachineUpdater] INFO  raftlog.RaftLog (RaftLogBase.java:purge(306)) - 5c2410e7-10a6-4620-b434-e19b0245711c@group-321C7BA85E11-SegmentedRaftLog: purge 136
2021-07-20 05:56:12,539 [5c2410e7-10a6-4620-b434-e19b0245711c@group-321C7BA85E11-StateMachineUpdater] INFO  raftlog.RaftLog (RaftLogBase.java:lambda$new$0(53)) - 5c2410e7-10a6-4620-b434-e19b0245711c@group-321C7BA85E11-SegmentedRaftLog: snapshotIndex: updateIncreasingly 131 -> 136
2021-07-20 05:56:12,539 [5c2410e7-10a6-4620-b434-e19b0245711c@group-321C7BA85E11-StateMachineUpdater] INFO  raftlog.RaftLog (RaftLogBase.java:lambda$new$0(53)) - 5c2410e7-10a6-4620-b434-e19b0245711c@group-321C7BA85E11-SegmentedRaftLog: purgeIndex: updateToMax old=131, new=136, updated? true
2021-07-20 05:56:12,541 [Listener at 127.0.0.1/12232] INFO  ha.SCMHAInvocationHandler (SCMHAInvocationHandler.java:invokeRatis(113)) - Invoking method public abstract void org.apache.hadoop.hdds.scm.container.ContainerStateManagerV2.addContainer(org.apache.hadoop.hdds.protocol.proto.HddsProtos$ContainerInfoProto) throws java.io.IOException on target org.apache.hadoop.hdds.scm.ha.SCMRatisServerImpl@1a07937d, cost 5031.298us
2021-07-20 05:56:12,649 [a3de057e-22ba-4f20-867a-3c0291662fe2@group-321C7BA85E11-StateMachineUpdater] INFO  ha.SCMStateMachine (SCMStateMachine.java:takeSnapshot(290)) - Current Snapshot Index 139, takeSnapshot took 0 ms
2021-07-20 05:56:12,649 [a3de057e-22ba-4f20-867a-3c0291662fe2@group-321C7BA85E11-StateMachineUpdater] INFO  impl.StateMachineUpdater (StateMachineUpdater.java:takeSnapshot(281)) - a3de057e-22ba-4f20-867a-3c0291662fe2@group-321C7BA85E11-StateMachineUpdater: Took a snapshot at index 139
2021-07-20 05:56:12,649 [a3de057e-22ba-4f20-867a-3c0291662fe2@group-321C7BA85E11-StateMachineUpdater] INFO  impl.StateMachineUpdater (StateMachineUpdater.java:lambda$new$0(89)) - a3de057e-22ba-4f20-867a-3c0291662fe2@group-321C7BA85E11-StateMachineUpdater: snapshotIndex: updateIncreasingly 134 -> 139
2021-07-20 05:56:12,649 [a3de057e-22ba-4f20-867a-3c0291662fe2@group-321C7BA85E11-StateMachineUpdater] INFO  raftlog.RaftLog (RaftLogBase.java:purge(306)) - a3de057e-22ba-4f20-867a-3c0291662fe2@group-321C7BA85E11-SegmentedRaftLog: purge 139
2021-07-20 05:56:12,649 [Listener at 127.0.0.1/12232] INFO  ha.SCMHAInvocationHandler (SCMHAInvocationHandler.java:invokeRatis(113)) - Invoking method public abstract void org.apache.hadoop.hdds.scm.container.ContainerStateManagerV2.addContainer(org.apache.hadoop.hdds.protocol.proto.HddsProtos$ContainerInfoProto) throws java.io.IOException on target org.apache.hadoop.hdds.scm.ha.SCMRatisServerImpl@1a07937d, cost 7581.549us
2021-07-20 05:56:12,649 [a3de057e-22ba-4f20-867a-3c0291662fe2@group-321C7BA85E11-StateMachineUpdater] INFO  raftlog.RaftLog (RaftLogBase.java:lambda$new$0(53)) - a3de057e-22ba-4f20-867a-3c0291662fe2@group-321C7BA85E11-SegmentedRaftLog: snapshotIndex: updateIncreasingly 134 -> 139
2021-07-20 05:56:12,649 [a3de057e-22ba-4f20-867a-3c0291662fe2@group-321C7BA85E11-StateMachineUpdater] INFO  raftlog.RaftLog (RaftLogBase.java:lambda$new$0(53)) - a3de057e-22ba-4f20-867a-3c0291662fe2@group-321C7BA85E11-SegmentedRaftLog: purgeIndex: updateToMax old=134, new=139, updated? true
2021-07-20 05:56:12,753 [Listener at 127.0.0.1/12232] INFO  ha.SCMHAInvocationHandler (SCMHAInvocationHandler.java:invokeRatis(113)) - Invoking method public abstract void org.apache.hadoop.hdds.scm.container.ContainerStateManagerV2.addContainer(org.apache.hadoop.hdds.protocol.proto.HddsProtos$ContainerInfoProto) throws java.io.IOException on target org.apache.hadoop.hdds.scm.ha.SCMRatisServerImpl@1a07937d, cost 3747.423us
2021-07-20 05:56:12,755 [5c2410e7-10a6-4620-b434-e19b0245711c@group-321C7BA85E11-StateMachineUpdater] INFO  ha.SCMStateMachine (SCMStateMachine.java:takeSnapshot(290)) - Current Snapshot Index 141, takeSnapshot took 0 ms
2021-07-20 05:56:12,755 [5c2410e7-10a6-4620-b434-e19b0245711c@group-321C7BA85E11-StateMachineUpdater] INFO  impl.StateMachineUpdater (StateMachineUpdater.java:takeSnapshot(281)) - 5c2410e7-10a6-4620-b434-e19b0245711c@group-321C7BA85E11-StateMachineUpdater: Took a snapshot at index 141
2021-07-20 05:56:12,755 [5c2410e7-10a6-4620-b434-e19b0245711c@group-321C7BA85E11-StateMachineUpdater] INFO  impl.StateMachineUpdater (StateMachineUpdater.java:lambda$new$0(89)) - 5c2410e7-10a6-4620-b434-e19b0245711c@group-321C7BA85E11-StateMachineUpdater: snapshotIndex: updateIncreasingly 136 -> 141
2021-07-20 05:56:12,755 [5c2410e7-10a6-4620-b434-e19b0245711c@group-321C7BA85E11-StateMachineUpdater] INFO  raftlog.RaftLog (RaftLogBase.java:purge(306)) - 5c2410e7-10a6-4620-b434-e19b0245711c@group-321C7BA85E11-SegmentedRaftLog: purge 141
2021-07-20 05:56:12,755 [5c2410e7-10a6-4620-b434-e19b0245711c@group-321C7BA85E11-StateMachineUpdater] INFO  raftlog.RaftLog (RaftLogBase.java:lambda$new$0(53)) - 5c2410e7-10a6-4620-b434-e19b0245711c@group-321C7BA85E11-SegmentedRaftLog: snapshotIndex: updateIncreasingly 136 -> 141
2021-07-20 05:56:12,755 [5c2410e7-10a6-4620-b434-e19b0245711c@group-321C7BA85E11-StateMachineUpdater] INFO  raftlog.RaftLog (RaftLogBase.java:lambda$new$0(53)) - 5c2410e7-10a6-4620-b434-e19b0245711c@group-321C7BA85E11-SegmentedRaftLog: purgeIndex: updateToMax old=136, new=141, updated? true
2021-07-20 05:56:12,859 [Listener at 127.0.0.1/12232] INFO  ha.SCMHAInvocationHandler (SCMHAInvocationHandler.java:invokeRatis(113)) - Invoking method public abstract void org.apache.hadoop.hdds.scm.container.ContainerStateManagerV2.addContainer(org.apache.hadoop.hdds.protocol.proto.HddsProtos$ContainerInfoProto) throws java.io.IOException on target org.apache.hadoop.hdds.scm.ha.SCMRatisServerImpl@1a07937d, cost 4735.481us
2021-07-20 05:56:12,861 [a3de057e-22ba-4f20-867a-3c0291662fe2@group-321C7BA85E11-StateMachineUpdater] INFO  ha.SCMStateMachine (SCMStateMachine.java:takeSnapshot(290)) - Current Snapshot Index 144, takeSnapshot took 0 ms
2021-07-20 05:56:12,861 [a3de057e-22ba-4f20-867a-3c0291662fe2@group-321C7BA85E11-StateMachineUpdater] INFO  impl.StateMachineUpdater (StateMachineUpdater.java:takeSnapshot(281)) - a3de057e-22ba-4f20-867a-3c0291662fe2@group-321C7BA85E11-StateMachineUpdater: Took a snapshot at index 144
2021-07-20 05:56:12,861 [a3de057e-22ba-4f20-867a-3c0291662fe2@group-321C7BA85E11-StateMachineUpdater] INFO  impl.StateMachineUpdater (StateMachineUpdater.java:lambda$new$0(89)) - a3de057e-22ba-4f20-867a-3c0291662fe2@group-321C7BA85E11-StateMachineUpdater: snapshotIndex: updateIncreasingly 139 -> 144
2021-07-20 05:56:12,861 [a3de057e-22ba-4f20-867a-3c0291662fe2@group-321C7BA85E11-StateMachineUpdater] INFO  raftlog.RaftLog (RaftLogBase.java:purge(306)) - a3de057e-22ba-4f20-867a-3c0291662fe2@group-321C7BA85E11-SegmentedRaftLog: purge 144
2021-07-20 05:56:12,861 [a3de057e-22ba-4f20-867a-3c0291662fe2@group-321C7BA85E11-StateMachineUpdater] INFO  raftlog.RaftLog (RaftLogBase.java:lambda$new$0(53)) - a3de057e-22ba-4f20-867a-3c0291662fe2@group-321C7BA85E11-SegmentedRaftLog: snapshotIndex: updateIncreasingly 139 -> 144
2021-07-20 05:56:12,861 [a3de057e-22ba-4f20-867a-3c0291662fe2@group-321C7BA85E11-StateMachineUpdater] INFO  raftlog.RaftLog (RaftLogBase.java:lambda$new$0(53)) - a3de057e-22ba-4f20-867a-3c0291662fe2@group-321C7BA85E11-SegmentedRaftLog: purgeIndex: updateToMax old=139, new=144, updated? true
2021-07-20 05:56:12,964 [Listener at 127.0.0.1/12232] INFO  ha.SCMHAInvocationHandler (SCMHAInvocationHandler.java:invokeRatis(113)) - Invoking method public abstract void org.apache.hadoop.hdds.scm.container.ContainerStateManagerV2.addContainer(org.apache.hadoop.hdds.protocol.proto.HddsProtos$ContainerInfoProto) throws java.io.IOException on target org.apache.hadoop.hdds.scm.ha.SCMRatisServerImpl@1a07937d, cost 4572.571us
2021-07-20 05:56:13,067 [5c2410e7-10a6-4620-b434-e19b0245711c@group-321C7BA85E11-StateMachineUpdater] INFO  ha.SCMStateMachine (SCMStateMachine.java:takeSnapshot(290)) - Current Snapshot Index 146, takeSnapshot took 0 ms
2021-07-20 05:56:13,068 [5c2410e7-10a6-4620-b434-e19b0245711c@group-321C7BA85E11-StateMachineUpdater] INFO  impl.StateMachineUpdater (StateMachineUpdater.java:takeSnapshot(281)) - 5c2410e7-10a6-4620-b434-e19b0245711c@group-321C7BA85E11-StateMachineUpdater: Took a snapshot at index 146
2021-07-20 05:56:13,068 [5c2410e7-10a6-4620-b434-e19b0245711c@group-321C7BA85E11-StateMachineUpdater] INFO  impl.StateMachineUpdater (StateMachineUpdater.java:lambda$new$0(89)) - 5c2410e7-10a6-4620-b434-e19b0245711c@group-321C7BA85E11-StateMachineUpdater: snapshotIndex: updateIncreasingly 141 -> 146
2021-07-20 05:56:13,068 [5c2410e7-10a6-4620-b434-e19b0245711c@group-321C7BA85E11-StateMachineUpdater] INFO  raftlog.RaftLog (RaftLogBase.java:purge(306)) - 5c2410e7-10a6-4620-b434-e19b0245711c@group-321C7BA85E11-SegmentedRaftLog: purge 146
2021-07-20 05:56:13,068 [5c2410e7-10a6-4620-b434-e19b0245711c@group-321C7BA85E11-StateMachineUpdater] INFO  raftlog.RaftLog (RaftLogBase.java:lambda$new$0(53)) - 5c2410e7-10a6-4620-b434-e19b0245711c@group-321C7BA85E11-SegmentedRaftLog: snapshotIndex: updateIncreasingly 141 -> 146
2021-07-20 05:56:13,068 [5c2410e7-10a6-4620-b434-e19b0245711c@group-321C7BA85E11-StateMachineUpdater] INFO  raftlog.RaftLog (RaftLogBase.java:lambda$new$0(53)) - 5c2410e7-10a6-4620-b434-e19b0245711c@group-321C7BA85E11-SegmentedRaftLog: purgeIndex: updateToMax old=141, new=146, updated? true
2021-07-20 05:56:13,069 [Listener at 127.0.0.1/12232] INFO  ha.SCMHAInvocationHandler (SCMHAInvocationHandler.java:invokeRatis(113)) - Invoking method public abstract void org.apache.hadoop.hdds.scm.container.ContainerStateManagerV2.addContainer(org.apache.hadoop.hdds.protocol.proto.HddsProtos$ContainerInfoProto) throws java.io.IOException on target org.apache.hadoop.hdds.scm.ha.SCMRatisServerImpl@1a07937d, cost 4256.552us
2021-07-20 05:56:13,174 [a3de057e-22ba-4f20-867a-3c0291662fe2@group-321C7BA85E11-StateMachineUpdater] INFO  ha.SCMStateMachine (SCMStateMachine.java:takeSnapshot(290)) - Current Snapshot Index 149, takeSnapshot took 0 ms
2021-07-20 05:56:13,175 [a3de057e-22ba-4f20-867a-3c0291662fe2@group-321C7BA85E11-StateMachineUpdater] INFO  impl.StateMachineUpdater (StateMachineUpdater.java:takeSnapshot(281)) - a3de057e-22ba-4f20-867a-3c0291662fe2@group-321C7BA85E11-StateMachineUpdater: Took a snapshot at index 149
2021-07-20 05:56:13,175 [a3de057e-22ba-4f20-867a-3c0291662fe2@group-321C7BA85E11-StateMachineUpdater] INFO  impl.StateMachineUpdater (StateMachineUpdater.java:lambda$new$0(89)) - a3de057e-22ba-4f20-867a-3c0291662fe2@group-321C7BA85E11-StateMachineUpdater: snapshotIndex: updateIncreasingly 144 -> 149
2021-07-20 05:56:13,175 [a3de057e-22ba-4f20-867a-3c0291662fe2@group-321C7BA85E11-StateMachineUpdater] INFO  raftlog.RaftLog (RaftLogBase.java:purge(306)) - a3de057e-22ba-4f20-867a-3c0291662fe2@group-321C7BA85E11-SegmentedRaftLog: purge 149
2021-07-20 05:56:13,175 [a3de057e-22ba-4f20-867a-3c0291662fe2@group-321C7BA85E11-StateMachineUpdater] INFO  raftlog.RaftLog (RaftLogBase.java:lambda$new$0(53)) - a3de057e-22ba-4f20-867a-3c0291662fe2@group-321C7BA85E11-SegmentedRaftLog: snapshotIndex: updateIncreasingly 144 -> 149
2021-07-20 05:56:13,175 [a3de057e-22ba-4f20-867a-3c0291662fe2@group-321C7BA85E11-StateMachineUpdater] INFO  raftlog.RaftLog (RaftLogBase.java:lambda$new$0(53)) - a3de057e-22ba-4f20-867a-3c0291662fe2@group-321C7BA85E11-SegmentedRaftLog: purgeIndex: updateToMax old=144, new=149, updated? true
2021-07-20 05:56:13,175 [Listener at 127.0.0.1/12232] INFO  ha.SCMHAInvocationHandler (SCMHAInvocationHandler.java:invokeRatis(113)) - Invoking method public abstract void org.apache.hadoop.hdds.scm.container.ContainerStateManagerV2.addContainer(org.apache.hadoop.hdds.protocol.proto.HddsProtos$ContainerInfoProto) throws java.io.IOException on target org.apache.hadoop.hdds.scm.ha.SCMRatisServerImpl@1a07937d, cost 5588.931us
2021-07-20 05:56:13,281 [Listener at 127.0.0.1/12232] INFO  ha.SCMHAInvocationHandler (SCMHAInvocationHandler.java:invokeRatis(113)) - Invoking method public abstract void org.apache.hadoop.hdds.scm.container.ContainerStateManagerV2.addContainer(org.apache.hadoop.hdds.protocol.proto.HddsProtos$ContainerInfoProto) throws java.io.IOException on target org.apache.hadoop.hdds.scm.ha.SCMRatisServerImpl@1a07937d, cost 4964.694us
2021-07-20 05:56:13,282 [5c2410e7-10a6-4620-b434-e19b0245711c@group-321C7BA85E11-StateMachineUpdater] INFO  ha.SCMStateMachine (SCMStateMachine.java:takeSnapshot(290)) - Current Snapshot Index 151, takeSnapshot took 0 ms
2021-07-20 05:56:13,283 [5c2410e7-10a6-4620-b434-e19b0245711c@group-321C7BA85E11-StateMachineUpdater] INFO  impl.StateMachineUpdater (StateMachineUpdater.java:takeSnapshot(281)) - 5c2410e7-10a6-4620-b434-e19b0245711c@group-321C7BA85E11-StateMachineUpdater: Took a snapshot at index 151
2021-07-20 05:56:13,283 [5c2410e7-10a6-4620-b434-e19b0245711c@group-321C7BA85E11-StateMachineUpdater] INFO  impl.StateMachineUpdater (StateMachineUpdater.java:lambda$new$0(89)) - 5c2410e7-10a6-4620-b434-e19b0245711c@group-321C7BA85E11-StateMachineUpdater: snapshotIndex: updateIncreasingly 146 -> 151
2021-07-20 05:56:13,283 [5c2410e7-10a6-4620-b434-e19b0245711c@group-321C7BA85E11-StateMachineUpdater] INFO  raftlog.RaftLog (RaftLogBase.java:purge(306)) - 5c2410e7-10a6-4620-b434-e19b0245711c@group-321C7BA85E11-SegmentedRaftLog: purge 151
2021-07-20 05:56:13,283 [5c2410e7-10a6-4620-b434-e19b0245711c@group-321C7BA85E11-StateMachineUpdater] INFO  raftlog.RaftLog (RaftLogBase.java:lambda$new$0(53)) - 5c2410e7-10a6-4620-b434-e19b0245711c@group-321C7BA85E11-SegmentedRaftLog: snapshotIndex: updateIncreasingly 146 -> 151
2021-07-20 05:56:13,283 [5c2410e7-10a6-4620-b434-e19b0245711c@group-321C7BA85E11-StateMachineUpdater] INFO  raftlog.RaftLog (RaftLogBase.java:lambda$new$0(53)) - 5c2410e7-10a6-4620-b434-e19b0245711c@group-321C7BA85E11-SegmentedRaftLog: purgeIndex: updateToMax old=146, new=151, updated? true
2021-07-20 05:56:13,387 [Listener at 127.0.0.1/12232] INFO  ha.SCMHAInvocationHandler (SCMHAInvocationHandler.java:invokeRatis(113)) - Invoking method public abstract void org.apache.hadoop.hdds.scm.container.ContainerStateManagerV2.addContainer(org.apache.hadoop.hdds.protocol.proto.HddsProtos$ContainerInfoProto) throws java.io.IOException on target org.apache.hadoop.hdds.scm.ha.SCMRatisServerImpl@1a07937d, cost 5254.911us
2021-07-20 05:56:13,392 [a3de057e-22ba-4f20-867a-3c0291662fe2@group-321C7BA85E11-StateMachineUpdater] INFO  ha.SCMStateMachine (SCMStateMachine.java:takeSnapshot(290)) - Current Snapshot Index 154, takeSnapshot took 0 ms
2021-07-20 05:56:13,392 [a3de057e-22ba-4f20-867a-3c0291662fe2@group-321C7BA85E11-StateMachineUpdater] INFO  impl.StateMachineUpdater (StateMachineUpdater.java:takeSnapshot(281)) - a3de057e-22ba-4f20-867a-3c0291662fe2@group-321C7BA85E11-StateMachineUpdater: Took a snapshot at index 154
2021-07-20 05:56:13,392 [a3de057e-22ba-4f20-867a-3c0291662fe2@group-321C7BA85E11-StateMachineUpdater] INFO  impl.StateMachineUpdater (StateMachineUpdater.java:lambda$new$0(89)) - a3de057e-22ba-4f20-867a-3c0291662fe2@group-321C7BA85E11-StateMachineUpdater: snapshotIndex: updateIncreasingly 149 -> 154
2021-07-20 05:56:13,392 [a3de057e-22ba-4f20-867a-3c0291662fe2@group-321C7BA85E11-StateMachineUpdater] INFO  raftlog.RaftLog (RaftLogBase.java:purge(306)) - a3de057e-22ba-4f20-867a-3c0291662fe2@group-321C7BA85E11-SegmentedRaftLog: purge 154
2021-07-20 05:56:13,392 [a3de057e-22ba-4f20-867a-3c0291662fe2@group-321C7BA85E11-StateMachineUpdater] INFO  raftlog.RaftLog (RaftLogBase.java:lambda$new$0(53)) - a3de057e-22ba-4f20-867a-3c0291662fe2@group-321C7BA85E11-SegmentedRaftLog: snapshotIndex: updateIncreasingly 149 -> 154
2021-07-20 05:56:13,392 [a3de057e-22ba-4f20-867a-3c0291662fe2@group-321C7BA85E11-StateMachineUpdater] INFO  raftlog.RaftLog (RaftLogBase.java:lambda$new$0(53)) - a3de057e-22ba-4f20-867a-3c0291662fe2@group-321C7BA85E11-SegmentedRaftLog: purgeIndex: updateToMax old=149, new=154, updated? true
2021-07-20 05:56:13,493 [Listener at 127.0.0.1/12232] INFO  ha.SCMHAInvocationHandler (SCMHAInvocationHandler.java:invokeRatis(113)) - Invoking method public abstract void org.apache.hadoop.hdds.scm.container.ContainerStateManagerV2.addContainer(org.apache.hadoop.hdds.protocol.proto.HddsProtos$ContainerInfoProto) throws java.io.IOException on target org.apache.hadoop.hdds.scm.ha.SCMRatisServerImpl@1a07937d, cost 5865.947us
2021-07-20 05:56:13,523 [Datanode State Machine Thread - 0] ERROR datanode.RunningDatanodeState (RunningDatanodeState.java:computeNextContainerState(199)) - Error in executing end point task.
java.util.concurrent.ExecutionException: java.util.concurrent.TimeoutException
	at java.util.concurrent.FutureTask.report(FutureTask.java:122)
	at java.util.concurrent.FutureTask.get(FutureTask.java:192)
	at org.apache.hadoop.ozone.container.common.states.datanode.RunningDatanodeState.computeNextContainerState(RunningDatanodeState.java:191)
	at org.apache.hadoop.ozone.container.common.states.datanode.RunningDatanodeState.await(RunningDatanodeState.java:231)
	at org.apache.hadoop.ozone.container.common.states.datanode.RunningDatanodeState.await(RunningDatanodeState.java:50)
	at org.apache.hadoop.ozone.container.common.statemachine.StateContext.execute(StateContext.java:629)
	at org.apache.hadoop.ozone.container.common.statemachine.DatanodeStateMachine.start(DatanodeStateMachine.java:269)
	at org.apache.hadoop.ozone.container.common.statemachine.DatanodeStateMachine.lambda$startDaemon$0(DatanodeStateMachine.java:455)
	at java.lang.Thread.run(Thread.java:748)
Caused by: java.util.concurrent.TimeoutException
	at java.util.concurrent.FutureTask.get(FutureTask.java:205)
	at org.apache.hadoop.ozone.container.common.states.datanode.RunningDatanodeState.lambda$execute$0(RunningDatanodeState.java:149)
	at java.util.concurrent.FutureTask.run(FutureTask.java:266)
	at java.util.concurrent.Executors$RunnableAdapter.call(Executors.java:511)
	at java.util.concurrent.FutureTask.run(FutureTask.java:266)
	at java.util.concurrent.ThreadPoolExecutor.runWorker(ThreadPoolExecutor.java:1149)
	at java.util.concurrent.ThreadPoolExecutor$Worker.run(ThreadPoolExecutor.java:624)
	... 1 more
2021-07-20 05:56:13,596 [5c2410e7-10a6-4620-b434-e19b0245711c@group-321C7BA85E11-StateMachineUpdater] INFO  ha.SCMStateMachine (SCMStateMachine.java:takeSnapshot(290)) - Current Snapshot Index 156, takeSnapshot took 0 ms
2021-07-20 05:56:13,597 [5c2410e7-10a6-4620-b434-e19b0245711c@group-321C7BA85E11-StateMachineUpdater] INFO  impl.StateMachineUpdater (StateMachineUpdater.java:takeSnapshot(281)) - 5c2410e7-10a6-4620-b434-e19b0245711c@group-321C7BA85E11-StateMachineUpdater: Took a snapshot at index 156
2021-07-20 05:56:13,597 [5c2410e7-10a6-4620-b434-e19b0245711c@group-321C7BA85E11-StateMachineUpdater] INFO  impl.StateMachineUpdater (StateMachineUpdater.java:lambda$new$0(89)) - 5c2410e7-10a6-4620-b434-e19b0245711c@group-321C7BA85E11-StateMachineUpdater: snapshotIndex: updateIncreasingly 151 -> 156
2021-07-20 05:56:13,597 [5c2410e7-10a6-4620-b434-e19b0245711c@group-321C7BA85E11-StateMachineUpdater] INFO  raftlog.RaftLog (RaftLogBase.java:purge(306)) - 5c2410e7-10a6-4620-b434-e19b0245711c@group-321C7BA85E11-SegmentedRaftLog: purge 156
2021-07-20 05:56:13,597 [5c2410e7-10a6-4620-b434-e19b0245711c@group-321C7BA85E11-StateMachineUpdater] INFO  raftlog.RaftLog (RaftLogBase.java:lambda$new$0(53)) - 5c2410e7-10a6-4620-b434-e19b0245711c@group-321C7BA85E11-SegmentedRaftLog: snapshotIndex: updateIncreasingly 151 -> 156
2021-07-20 05:56:13,597 [5c2410e7-10a6-4620-b434-e19b0245711c@group-321C7BA85E11-StateMachineUpdater] INFO  raftlog.RaftLog (RaftLogBase.java:lambda$new$0(53)) - 5c2410e7-10a6-4620-b434-e19b0245711c@group-321C7BA85E11-SegmentedRaftLog: purgeIndex: updateToMax old=151, new=156, updated? true
2021-07-20 05:56:13,598 [Listener at 127.0.0.1/12232] INFO  ha.SCMHAInvocationHandler (SCMHAInvocationHandler.java:invokeRatis(113)) - Invoking method public abstract void org.apache.hadoop.hdds.scm.container.ContainerStateManagerV2.addContainer(org.apache.hadoop.hdds.protocol.proto.HddsProtos$ContainerInfoProto) throws java.io.IOException on target org.apache.hadoop.hdds.scm.ha.SCMRatisServerImpl@1a07937d, cost 4063.44us
2021-07-20 05:56:13,714 [a3de057e-22ba-4f20-867a-3c0291662fe2@group-321C7BA85E11-StateMachineUpdater] INFO  ha.SCMStateMachine (SCMStateMachine.java:takeSnapshot(290)) - Current Snapshot Index 159, takeSnapshot took 0 ms
2021-07-20 05:56:13,714 [a3de057e-22ba-4f20-867a-3c0291662fe2@group-321C7BA85E11-StateMachineUpdater] INFO  impl.StateMachineUpdater (StateMachineUpdater.java:takeSnapshot(281)) - a3de057e-22ba-4f20-867a-3c0291662fe2@group-321C7BA85E11-StateMachineUpdater: Took a snapshot at index 159
2021-07-20 05:56:13,714 [a3de057e-22ba-4f20-867a-3c0291662fe2@group-321C7BA85E11-StateMachineUpdater] INFO  impl.StateMachineUpdater (StateMachineUpdater.java:lambda$new$0(89)) - a3de057e-22ba-4f20-867a-3c0291662fe2@group-321C7BA85E11-StateMachineUpdater: snapshotIndex: updateIncreasingly 154 -> 159
2021-07-20 05:56:13,714 [a3de057e-22ba-4f20-867a-3c0291662fe2@group-321C7BA85E11-StateMachineUpdater] INFO  raftlog.RaftLog (RaftLogBase.java:purge(306)) - a3de057e-22ba-4f20-867a-3c0291662fe2@group-321C7BA85E11-SegmentedRaftLog: purge 159
2021-07-20 05:56:13,714 [a3de057e-22ba-4f20-867a-3c0291662fe2@group-321C7BA85E11-StateMachineUpdater] INFO  raftlog.RaftLog (RaftLogBase.java:lambda$new$0(53)) - a3de057e-22ba-4f20-867a-3c0291662fe2@group-321C7BA85E11-SegmentedRaftLog: snapshotIndex: updateIncreasingly 154 -> 159
2021-07-20 05:56:13,714 [a3de057e-22ba-4f20-867a-3c0291662fe2@group-321C7BA85E11-StateMachineUpdater] INFO  raftlog.RaftLog (RaftLogBase.java:lambda$new$0(53)) - a3de057e-22ba-4f20-867a-3c0291662fe2@group-321C7BA85E11-SegmentedRaftLog: purgeIndex: updateToMax old=154, new=159, updated? true
2021-07-20 05:56:13,714 [Listener at 127.0.0.1/12232] INFO  ha.SCMHAInvocationHandler (SCMHAInvocationHandler.java:invokeRatis(113)) - Invoking method public abstract void org.apache.hadoop.hdds.scm.container.ContainerStateManagerV2.addContainer(org.apache.hadoop.hdds.protocol.proto.HddsProtos$ContainerInfoProto) throws java.io.IOException on target org.apache.hadoop.hdds.scm.ha.SCMRatisServerImpl@1a07937d, cost 15727.932us
2021-07-20 05:56:13,819 [Listener at 127.0.0.1/12232] INFO  ha.SCMHAInvocationHandler (SCMHAInvocationHandler.java:invokeRatis(113)) - Invoking method public abstract void org.apache.hadoop.hdds.scm.container.ContainerStateManagerV2.addContainer(org.apache.hadoop.hdds.protocol.proto.HddsProtos$ContainerInfoProto) throws java.io.IOException on target org.apache.hadoop.hdds.scm.ha.SCMRatisServerImpl@1a07937d, cost 4152.546us
2021-07-20 05:56:13,824 [5c2410e7-10a6-4620-b434-e19b0245711c@group-321C7BA85E11-StateMachineUpdater] INFO  ha.SCMStateMachine (SCMStateMachine.java:takeSnapshot(290)) - Current Snapshot Index 161, takeSnapshot took 0 ms
2021-07-20 05:56:13,824 [5c2410e7-10a6-4620-b434-e19b0245711c@group-321C7BA85E11-StateMachineUpdater] INFO  impl.StateMachineUpdater (StateMachineUpdater.java:takeSnapshot(281)) - 5c2410e7-10a6-4620-b434-e19b0245711c@group-321C7BA85E11-StateMachineUpdater: Took a snapshot at index 161
2021-07-20 05:56:13,825 [5c2410e7-10a6-4620-b434-e19b0245711c@group-321C7BA85E11-StateMachineUpdater] INFO  impl.StateMachineUpdater (StateMachineUpdater.java:lambda$new$0(89)) - 5c2410e7-10a6-4620-b434-e19b0245711c@group-321C7BA85E11-StateMachineUpdater: snapshotIndex: updateIncreasingly 156 -> 161
2021-07-20 05:56:13,825 [5c2410e7-10a6-4620-b434-e19b0245711c@group-321C7BA85E11-StateMachineUpdater] INFO  raftlog.RaftLog (RaftLogBase.java:purge(306)) - 5c2410e7-10a6-4620-b434-e19b0245711c@group-321C7BA85E11-SegmentedRaftLog: purge 161
2021-07-20 05:56:13,825 [5c2410e7-10a6-4620-b434-e19b0245711c@group-321C7BA85E11-StateMachineUpdater] INFO  raftlog.RaftLog (RaftLogBase.java:lambda$new$0(53)) - 5c2410e7-10a6-4620-b434-e19b0245711c@group-321C7BA85E11-SegmentedRaftLog: snapshotIndex: updateIncreasingly 156 -> 161
2021-07-20 05:56:13,825 [5c2410e7-10a6-4620-b434-e19b0245711c@group-321C7BA85E11-StateMachineUpdater] INFO  raftlog.RaftLog (RaftLogBase.java:lambda$new$0(53)) - 5c2410e7-10a6-4620-b434-e19b0245711c@group-321C7BA85E11-SegmentedRaftLog: purgeIndex: updateToMax old=156, new=161, updated? true
2021-07-20 05:56:13,924 [Listener at 127.0.0.1/12232] INFO  ha.SCMHAInvocationHandler (SCMHAInvocationHandler.java:invokeRatis(113)) - Invoking method public abstract void org.apache.hadoop.hdds.scm.container.ContainerStateManagerV2.addContainer(org.apache.hadoop.hdds.protocol.proto.HddsProtos$ContainerInfoProto) throws java.io.IOException on target org.apache.hadoop.hdds.scm.ha.SCMRatisServerImpl@1a07937d, cost 5101.002us
2021-07-20 05:56:13,927 [a3de057e-22ba-4f20-867a-3c0291662fe2@group-321C7BA85E11-StateMachineUpdater] INFO  ha.SCMStateMachine (SCMStateMachine.java:takeSnapshot(290)) - Current Snapshot Index 164, takeSnapshot took 0 ms
2021-07-20 05:56:13,927 [a3de057e-22ba-4f20-867a-3c0291662fe2@group-321C7BA85E11-StateMachineUpdater] INFO  impl.StateMachineUpdater (StateMachineUpdater.java:takeSnapshot(281)) - a3de057e-22ba-4f20-867a-3c0291662fe2@group-321C7BA85E11-StateMachineUpdater: Took a snapshot at index 164
2021-07-20 05:56:13,927 [a3de057e-22ba-4f20-867a-3c0291662fe2@group-321C7BA85E11-StateMachineUpdater] INFO  impl.StateMachineUpdater (StateMachineUpdater.java:lambda$new$0(89)) - a3de057e-22ba-4f20-867a-3c0291662fe2@group-321C7BA85E11-StateMachineUpdater: snapshotIndex: updateIncreasingly 159 -> 164
2021-07-20 05:56:13,927 [a3de057e-22ba-4f20-867a-3c0291662fe2@group-321C7BA85E11-StateMachineUpdater] INFO  raftlog.RaftLog (RaftLogBase.java:purge(306)) - a3de057e-22ba-4f20-867a-3c0291662fe2@group-321C7BA85E11-SegmentedRaftLog: purge 164
2021-07-20 05:56:13,927 [a3de057e-22ba-4f20-867a-3c0291662fe2@group-321C7BA85E11-StateMachineUpdater] INFO  raftlog.RaftLog (RaftLogBase.java:lambda$new$0(53)) - a3de057e-22ba-4f20-867a-3c0291662fe2@group-321C7BA85E11-SegmentedRaftLog: snapshotIndex: updateIncreasingly 159 -> 164
2021-07-20 05:56:13,927 [a3de057e-22ba-4f20-867a-3c0291662fe2@group-321C7BA85E11-StateMachineUpdater] INFO  raftlog.RaftLog (RaftLogBase.java:lambda$new$0(53)) - a3de057e-22ba-4f20-867a-3c0291662fe2@group-321C7BA85E11-SegmentedRaftLog: purgeIndex: updateToMax old=159, new=164, updated? true
2021-07-20 05:56:14,029 [Listener at 127.0.0.1/12232] INFO  ha.SCMHAInvocationHandler (SCMHAInvocationHandler.java:invokeRatis(113)) - Invoking method public abstract void org.apache.hadoop.hdds.scm.container.ContainerStateManagerV2.addContainer(org.apache.hadoop.hdds.protocol.proto.HddsProtos$ContainerInfoProto) throws java.io.IOException on target org.apache.hadoop.hdds.scm.ha.SCMRatisServerImpl@1a07937d, cost 3850.228us
2021-07-20 05:56:14,133 [5c2410e7-10a6-4620-b434-e19b0245711c@group-321C7BA85E11-StateMachineUpdater] INFO  ha.SCMStateMachine (SCMStateMachine.java:takeSnapshot(290)) - Current Snapshot Index 166, takeSnapshot took 0 ms
2021-07-20 05:56:14,133 [5c2410e7-10a6-4620-b434-e19b0245711c@group-321C7BA85E11-StateMachineUpdater] INFO  impl.StateMachineUpdater (StateMachineUpdater.java:takeSnapshot(281)) - 5c2410e7-10a6-4620-b434-e19b0245711c@group-321C7BA85E11-StateMachineUpdater: Took a snapshot at index 166
2021-07-20 05:56:14,133 [5c2410e7-10a6-4620-b434-e19b0245711c@group-321C7BA85E11-StateMachineUpdater] INFO  impl.StateMachineUpdater (StateMachineUpdater.java:lambda$new$0(89)) - 5c2410e7-10a6-4620-b434-e19b0245711c@group-321C7BA85E11-StateMachineUpdater: snapshotIndex: updateIncreasingly 161 -> 166
2021-07-20 05:56:14,133 [5c2410e7-10a6-4620-b434-e19b0245711c@group-321C7BA85E11-StateMachineUpdater] INFO  raftlog.RaftLog (RaftLogBase.java:purge(306)) - 5c2410e7-10a6-4620-b434-e19b0245711c@group-321C7BA85E11-SegmentedRaftLog: purge 166
2021-07-20 05:56:14,134 [5c2410e7-10a6-4620-b434-e19b0245711c@group-321C7BA85E11-StateMachineUpdater] INFO  raftlog.RaftLog (RaftLogBase.java:lambda$new$0(53)) - 5c2410e7-10a6-4620-b434-e19b0245711c@group-321C7BA85E11-SegmentedRaftLog: snapshotIndex: updateIncreasingly 161 -> 166
2021-07-20 05:56:14,134 [5c2410e7-10a6-4620-b434-e19b0245711c@group-321C7BA85E11-StateMachineUpdater] INFO  raftlog.RaftLog (RaftLogBase.java:lambda$new$0(53)) - 5c2410e7-10a6-4620-b434-e19b0245711c@group-321C7BA85E11-SegmentedRaftLog: purgeIndex: updateToMax old=161, new=166, updated? true
2021-07-20 05:56:14,135 [Listener at 127.0.0.1/12232] INFO  ha.SCMHAInvocationHandler (SCMHAInvocationHandler.java:invokeRatis(113)) - Invoking method public abstract void org.apache.hadoop.hdds.scm.container.ContainerStateManagerV2.addContainer(org.apache.hadoop.hdds.protocol.proto.HddsProtos$ContainerInfoProto) throws java.io.IOException on target org.apache.hadoop.hdds.scm.ha.SCMRatisServerImpl@1a07937d, cost 6254.071us
2021-07-20 05:56:14,240 [a3de057e-22ba-4f20-867a-3c0291662fe2@group-321C7BA85E11-StateMachineUpdater] INFO  ha.SCMStateMachine (SCMStateMachine.java:takeSnapshot(290)) - Current Snapshot Index 169, takeSnapshot took 0 ms
2021-07-20 05:56:14,240 [a3de057e-22ba-4f20-867a-3c0291662fe2@group-321C7BA85E11-StateMachineUpdater] INFO  impl.StateMachineUpdater (StateMachineUpdater.java:takeSnapshot(281)) - a3de057e-22ba-4f20-867a-3c0291662fe2@group-321C7BA85E11-StateMachineUpdater: Took a snapshot at index 169
2021-07-20 05:56:14,240 [a3de057e-22ba-4f20-867a-3c0291662fe2@group-321C7BA85E11-StateMachineUpdater] INFO  impl.StateMachineUpdater (StateMachineUpdater.java:lambda$new$0(89)) - a3de057e-22ba-4f20-867a-3c0291662fe2@group-321C7BA85E11-StateMachineUpdater: snapshotIndex: updateIncreasingly 164 -> 169
2021-07-20 05:56:14,240 [a3de057e-22ba-4f20-867a-3c0291662fe2@group-321C7BA85E11-StateMachineUpdater] INFO  raftlog.RaftLog (RaftLogBase.java:purge(306)) - a3de057e-22ba-4f20-867a-3c0291662fe2@group-321C7BA85E11-SegmentedRaftLog: purge 169
2021-07-20 05:56:14,240 [a3de057e-22ba-4f20-867a-3c0291662fe2@group-321C7BA85E11-StateMachineUpdater] INFO  raftlog.RaftLog (RaftLogBase.java:lambda$new$0(53)) - a3de057e-22ba-4f20-867a-3c0291662fe2@group-321C7BA85E11-SegmentedRaftLog: snapshotIndex: updateIncreasingly 164 -> 169
2021-07-20 05:56:14,240 [a3de057e-22ba-4f20-867a-3c0291662fe2@group-321C7BA85E11-StateMachineUpdater] INFO  raftlog.RaftLog (RaftLogBase.java:lambda$new$0(53)) - a3de057e-22ba-4f20-867a-3c0291662fe2@group-321C7BA85E11-SegmentedRaftLog: purgeIndex: updateToMax old=164, new=169, updated? true
2021-07-20 05:56:14,241 [Listener at 127.0.0.1/12232] INFO  ha.SCMHAInvocationHandler (SCMHAInvocationHandler.java:invokeRatis(113)) - Invoking method public abstract void org.apache.hadoop.hdds.scm.container.ContainerStateManagerV2.addContainer(org.apache.hadoop.hdds.protocol.proto.HddsProtos$ContainerInfoProto) throws java.io.IOException on target org.apache.hadoop.hdds.scm.ha.SCMRatisServerImpl@1a07937d, cost 4587.771us
2021-07-20 05:56:14,346 [Listener at 127.0.0.1/12232] INFO  ha.SCMHAInvocationHandler (SCMHAInvocationHandler.java:invokeRatis(113)) - Invoking method public abstract void org.apache.hadoop.hdds.scm.container.ContainerStateManagerV2.addContainer(org.apache.hadoop.hdds.protocol.proto.HddsProtos$ContainerInfoProto) throws java.io.IOException on target org.apache.hadoop.hdds.scm.ha.SCMRatisServerImpl@1a07937d, cost 4845.087us
2021-07-20 05:56:14,348 [5c2410e7-10a6-4620-b434-e19b0245711c@group-321C7BA85E11-StateMachineUpdater] INFO  ha.SCMStateMachine (SCMStateMachine.java:takeSnapshot(290)) - Current Snapshot Index 171, takeSnapshot took 1 ms
2021-07-20 05:56:14,348 [5c2410e7-10a6-4620-b434-e19b0245711c@group-321C7BA85E11-StateMachineUpdater] INFO  impl.StateMachineUpdater (StateMachineUpdater.java:takeSnapshot(281)) - 5c2410e7-10a6-4620-b434-e19b0245711c@group-321C7BA85E11-StateMachineUpdater: Took a snapshot at index 171
2021-07-20 05:56:14,348 [5c2410e7-10a6-4620-b434-e19b0245711c@group-321C7BA85E11-StateMachineUpdater] INFO  impl.StateMachineUpdater (StateMachineUpdater.java:lambda$new$0(89)) - 5c2410e7-10a6-4620-b434-e19b0245711c@group-321C7BA85E11-StateMachineUpdater: snapshotIndex: updateIncreasingly 166 -> 171
2021-07-20 05:56:14,348 [5c2410e7-10a6-4620-b434-e19b0245711c@group-321C7BA85E11-StateMachineUpdater] INFO  raftlog.RaftLog (RaftLogBase.java:purge(306)) - 5c2410e7-10a6-4620-b434-e19b0245711c@group-321C7BA85E11-SegmentedRaftLog: purge 171
2021-07-20 05:56:14,348 [5c2410e7-10a6-4620-b434-e19b0245711c@group-321C7BA85E11-StateMachineUpdater] INFO  raftlog.RaftLog (RaftLogBase.java:lambda$new$0(53)) - 5c2410e7-10a6-4620-b434-e19b0245711c@group-321C7BA85E11-SegmentedRaftLog: snapshotIndex: updateIncreasingly 166 -> 171
2021-07-20 05:56:14,348 [5c2410e7-10a6-4620-b434-e19b0245711c@group-321C7BA85E11-StateMachineUpdater] INFO  raftlog.RaftLog (RaftLogBase.java:lambda$new$0(53)) - 5c2410e7-10a6-4620-b434-e19b0245711c@group-321C7BA85E11-SegmentedRaftLog: purgeIndex: updateToMax old=166, new=171, updated? true
2021-07-20 05:56:14,452 [Listener at 127.0.0.1/12232] INFO  ha.SCMHAInvocationHandler (SCMHAInvocationHandler.java:invokeRatis(113)) - Invoking method public abstract void org.apache.hadoop.hdds.scm.container.ContainerStateManagerV2.addContainer(org.apache.hadoop.hdds.protocol.proto.HddsProtos$ContainerInfoProto) throws java.io.IOException on target org.apache.hadoop.hdds.scm.ha.SCMRatisServerImpl@1a07937d, cost 5488.925us
2021-07-20 05:56:14,455 [a3de057e-22ba-4f20-867a-3c0291662fe2@group-321C7BA85E11-StateMachineUpdater] INFO  ha.SCMStateMachine (SCMStateMachine.java:takeSnapshot(290)) - Current Snapshot Index 174, takeSnapshot took 0 ms
2021-07-20 05:56:14,455 [a3de057e-22ba-4f20-867a-3c0291662fe2@group-321C7BA85E11-StateMachineUpdater] INFO  impl.StateMachineUpdater (StateMachineUpdater.java:takeSnapshot(281)) - a3de057e-22ba-4f20-867a-3c0291662fe2@group-321C7BA85E11-StateMachineUpdater: Took a snapshot at index 174
2021-07-20 05:56:14,455 [a3de057e-22ba-4f20-867a-3c0291662fe2@group-321C7BA85E11-StateMachineUpdater] INFO  impl.StateMachineUpdater (StateMachineUpdater.java:lambda$new$0(89)) - a3de057e-22ba-4f20-867a-3c0291662fe2@group-321C7BA85E11-StateMachineUpdater: snapshotIndex: updateIncreasingly 169 -> 174
2021-07-20 05:56:14,455 [a3de057e-22ba-4f20-867a-3c0291662fe2@group-321C7BA85E11-StateMachineUpdater] INFO  raftlog.RaftLog (RaftLogBase.java:purge(306)) - a3de057e-22ba-4f20-867a-3c0291662fe2@group-321C7BA85E11-SegmentedRaftLog: purge 174
2021-07-20 05:56:14,455 [a3de057e-22ba-4f20-867a-3c0291662fe2@group-321C7BA85E11-StateMachineUpdater] INFO  raftlog.RaftLog (RaftLogBase.java:lambda$new$0(53)) - a3de057e-22ba-4f20-867a-3c0291662fe2@group-321C7BA85E11-SegmentedRaftLog: snapshotIndex: updateIncreasingly 169 -> 174
2021-07-20 05:56:14,456 [a3de057e-22ba-4f20-867a-3c0291662fe2@group-321C7BA85E11-StateMachineUpdater] INFO  raftlog.RaftLog (RaftLogBase.java:lambda$new$0(53)) - a3de057e-22ba-4f20-867a-3c0291662fe2@group-321C7BA85E11-SegmentedRaftLog: purgeIndex: updateToMax old=169, new=174, updated? true
2021-07-20 05:56:14,525 [Datanode State Machine Thread - 0] ERROR datanode.RunningDatanodeState (RunningDatanodeState.java:computeNextContainerState(199)) - Error in executing end point task.
java.util.concurrent.ExecutionException: java.util.concurrent.TimeoutException
	at java.util.concurrent.FutureTask.report(FutureTask.java:122)
	at java.util.concurrent.FutureTask.get(FutureTask.java:192)
	at org.apache.hadoop.ozone.container.common.states.datanode.RunningDatanodeState.computeNextContainerState(RunningDatanodeState.java:191)
	at org.apache.hadoop.ozone.container.common.states.datanode.RunningDatanodeState.await(RunningDatanodeState.java:231)
	at org.apache.hadoop.ozone.container.common.states.datanode.RunningDatanodeState.await(RunningDatanodeState.java:50)
	at org.apache.hadoop.ozone.container.common.statemachine.StateContext.execute(StateContext.java:629)
	at org.apache.hadoop.ozone.container.common.statemachine.DatanodeStateMachine.start(DatanodeStateMachine.java:269)
	at org.apache.hadoop.ozone.container.common.statemachine.DatanodeStateMachine.lambda$startDaemon$0(DatanodeStateMachine.java:455)
	at java.lang.Thread.run(Thread.java:748)
Caused by: java.util.concurrent.TimeoutException
	at java.util.concurrent.FutureTask.get(FutureTask.java:205)
	at org.apache.hadoop.ozone.container.common.states.datanode.RunningDatanodeState.lambda$execute$0(RunningDatanodeState.java:149)
	at java.util.concurrent.FutureTask.run(FutureTask.java:266)
	at java.util.concurrent.Executors$RunnableAdapter.call(Executors.java:511)
	at java.util.concurrent.FutureTask.run(FutureTask.java:266)
	at java.util.concurrent.ThreadPoolExecutor.runWorker(ThreadPoolExecutor.java:1149)
	at java.util.concurrent.ThreadPoolExecutor$Worker.run(ThreadPoolExecutor.java:624)
	... 1 more
2021-07-20 05:56:14,557 [Listener at 127.0.0.1/12232] INFO  ha.SCMHAInvocationHandler (SCMHAInvocationHandler.java:invokeRatis(113)) - Invoking method public abstract void org.apache.hadoop.hdds.scm.container.ContainerStateManagerV2.addContainer(org.apache.hadoop.hdds.protocol.proto.HddsProtos$ContainerInfoProto) throws java.io.IOException on target org.apache.hadoop.hdds.scm.ha.SCMRatisServerImpl@1a07937d, cost 4626.174us
2021-07-20 05:56:14,566 [Datanode State Machine Thread - 0] ERROR datanode.RunningDatanodeState (RunningDatanodeState.java:computeNextContainerState(199)) - Error in executing end point task.
java.util.concurrent.ExecutionException: java.util.concurrent.TimeoutException
	at java.util.concurrent.FutureTask.report(FutureTask.java:122)
	at java.util.concurrent.FutureTask.get(FutureTask.java:192)
	at org.apache.hadoop.ozone.container.common.states.datanode.RunningDatanodeState.computeNextContainerState(RunningDatanodeState.java:191)
	at org.apache.hadoop.ozone.container.common.states.datanode.RunningDatanodeState.await(RunningDatanodeState.java:231)
	at org.apache.hadoop.ozone.container.common.states.datanode.RunningDatanodeState.await(RunningDatanodeState.java:50)
	at org.apache.hadoop.ozone.container.common.statemachine.StateContext.execute(StateContext.java:629)
	at org.apache.hadoop.ozone.container.common.statemachine.DatanodeStateMachine.start(DatanodeStateMachine.java:269)
	at org.apache.hadoop.ozone.container.common.statemachine.DatanodeStateMachine.lambda$startDaemon$0(DatanodeStateMachine.java:455)
	at java.lang.Thread.run(Thread.java:748)
Caused by: java.util.concurrent.TimeoutException
	at java.util.concurrent.FutureTask.get(FutureTask.java:205)
	at org.apache.hadoop.ozone.container.common.states.datanode.RunningDatanodeState.lambda$execute$0(RunningDatanodeState.java:149)
	at java.util.concurrent.FutureTask.run(FutureTask.java:266)
	at java.util.concurrent.Executors$RunnableAdapter.call(Executors.java:511)
	at java.util.concurrent.FutureTask.run(FutureTask.java:266)
	at java.util.concurrent.ThreadPoolExecutor.runWorker(ThreadPoolExecutor.java:1149)
	at java.util.concurrent.ThreadPoolExecutor$Worker.run(ThreadPoolExecutor.java:624)
	... 1 more
2021-07-20 05:56:14,661 [5c2410e7-10a6-4620-b434-e19b0245711c@group-321C7BA85E11-StateMachineUpdater] INFO  ha.SCMStateMachine (SCMStateMachine.java:takeSnapshot(290)) - Current Snapshot Index 176, takeSnapshot took 0 ms
2021-07-20 05:56:14,661 [5c2410e7-10a6-4620-b434-e19b0245711c@group-321C7BA85E11-StateMachineUpdater] INFO  impl.StateMachineUpdater (StateMachineUpdater.java:takeSnapshot(281)) - 5c2410e7-10a6-4620-b434-e19b0245711c@group-321C7BA85E11-StateMachineUpdater: Took a snapshot at index 176
2021-07-20 05:56:14,661 [5c2410e7-10a6-4620-b434-e19b0245711c@group-321C7BA85E11-StateMachineUpdater] INFO  impl.StateMachineUpdater (StateMachineUpdater.java:lambda$new$0(89)) - 5c2410e7-10a6-4620-b434-e19b0245711c@group-321C7BA85E11-StateMachineUpdater: snapshotIndex: updateIncreasingly 171 -> 176
2021-07-20 05:56:14,661 [5c2410e7-10a6-4620-b434-e19b0245711c@group-321C7BA85E11-StateMachineUpdater] INFO  raftlog.RaftLog (RaftLogBase.java:purge(306)) - 5c2410e7-10a6-4620-b434-e19b0245711c@group-321C7BA85E11-SegmentedRaftLog: purge 176
2021-07-20 05:56:14,662 [5c2410e7-10a6-4620-b434-e19b0245711c@group-321C7BA85E11-StateMachineUpdater] INFO  raftlog.RaftLog (RaftLogBase.java:lambda$new$0(53)) - 5c2410e7-10a6-4620-b434-e19b0245711c@group-321C7BA85E11-SegmentedRaftLog: snapshotIndex: updateIncreasingly 171 -> 176
2021-07-20 05:56:14,662 [5c2410e7-10a6-4620-b434-e19b0245711c@group-321C7BA85E11-StateMachineUpdater] INFO  raftlog.RaftLog (RaftLogBase.java:lambda$new$0(53)) - 5c2410e7-10a6-4620-b434-e19b0245711c@group-321C7BA85E11-SegmentedRaftLog: purgeIndex: updateToMax old=171, new=176, updated? true
2021-07-20 05:56:14,663 [Listener at 127.0.0.1/12232] INFO  ha.SCMHAInvocationHandler (SCMHAInvocationHandler.java:invokeRatis(113)) - Invoking method public abstract void org.apache.hadoop.hdds.scm.container.ContainerStateManagerV2.addContainer(org.apache.hadoop.hdds.protocol.proto.HddsProtos$ContainerInfoProto) throws java.io.IOException on target org.apache.hadoop.hdds.scm.ha.SCMRatisServerImpl@1a07937d, cost 4708.679us
2021-07-20 05:56:14,770 [a3de057e-22ba-4f20-867a-3c0291662fe2@group-321C7BA85E11-StateMachineUpdater] INFO  ha.SCMStateMachine (SCMStateMachine.java:takeSnapshot(290)) - Current Snapshot Index 179, takeSnapshot took 0 ms
2021-07-20 05:56:14,770 [a3de057e-22ba-4f20-867a-3c0291662fe2@group-321C7BA85E11-StateMachineUpdater] INFO  impl.StateMachineUpdater (StateMachineUpdater.java:takeSnapshot(281)) - a3de057e-22ba-4f20-867a-3c0291662fe2@group-321C7BA85E11-StateMachineUpdater: Took a snapshot at index 179
2021-07-20 05:56:14,770 [a3de057e-22ba-4f20-867a-3c0291662fe2@group-321C7BA85E11-StateMachineUpdater] INFO  impl.StateMachineUpdater (StateMachineUpdater.java:lambda$new$0(89)) - a3de057e-22ba-4f20-867a-3c0291662fe2@group-321C7BA85E11-StateMachineUpdater: snapshotIndex: updateIncreasingly 174 -> 179
2021-07-20 05:56:14,770 [a3de057e-22ba-4f20-867a-3c0291662fe2@group-321C7BA85E11-StateMachineUpdater] INFO  raftlog.RaftLog (RaftLogBase.java:purge(306)) - a3de057e-22ba-4f20-867a-3c0291662fe2@group-321C7BA85E11-SegmentedRaftLog: purge 179
2021-07-20 05:56:14,770 [a3de057e-22ba-4f20-867a-3c0291662fe2@group-321C7BA85E11-StateMachineUpdater] INFO  raftlog.RaftLog (RaftLogBase.java:lambda$new$0(53)) - a3de057e-22ba-4f20-867a-3c0291662fe2@group-321C7BA85E11-SegmentedRaftLog: snapshotIndex: updateIncreasingly 174 -> 179
2021-07-20 05:56:14,770 [a3de057e-22ba-4f20-867a-3c0291662fe2@group-321C7BA85E11-StateMachineUpdater] INFO  raftlog.RaftLog (RaftLogBase.java:lambda$new$0(53)) - a3de057e-22ba-4f20-867a-3c0291662fe2@group-321C7BA85E11-SegmentedRaftLog: purgeIndex: updateToMax old=174, new=179, updated? true
2021-07-20 05:56:14,770 [Listener at 127.0.0.1/12232] INFO  ha.SCMHAInvocationHandler (SCMHAInvocationHandler.java:invokeRatis(113)) - Invoking method public abstract void org.apache.hadoop.hdds.scm.container.ContainerStateManagerV2.addContainer(org.apache.hadoop.hdds.protocol.proto.HddsProtos$ContainerInfoProto) throws java.io.IOException on target org.apache.hadoop.hdds.scm.ha.SCMRatisServerImpl@1a07937d, cost 5931.551us
2021-07-20 05:56:14,877 [Listener at 127.0.0.1/12232] INFO  ha.SCMHAInvocationHandler (SCMHAInvocationHandler.java:invokeRatis(113)) - Invoking method public abstract void org.apache.hadoop.hdds.scm.container.ContainerStateManagerV2.addContainer(org.apache.hadoop.hdds.protocol.proto.HddsProtos$ContainerInfoProto) throws java.io.IOException on target org.apache.hadoop.hdds.scm.ha.SCMRatisServerImpl@1a07937d, cost 6026.057us
2021-07-20 05:56:14,880 [5c2410e7-10a6-4620-b434-e19b0245711c@group-321C7BA85E11-StateMachineUpdater] INFO  ha.SCMStateMachine (SCMStateMachine.java:takeSnapshot(290)) - Current Snapshot Index 181, takeSnapshot took 0 ms
2021-07-20 05:56:14,880 [5c2410e7-10a6-4620-b434-e19b0245711c@group-321C7BA85E11-StateMachineUpdater] INFO  impl.StateMachineUpdater (StateMachineUpdater.java:takeSnapshot(281)) - 5c2410e7-10a6-4620-b434-e19b0245711c@group-321C7BA85E11-StateMachineUpdater: Took a snapshot at index 181
2021-07-20 05:56:14,880 [5c2410e7-10a6-4620-b434-e19b0245711c@group-321C7BA85E11-StateMachineUpdater] INFO  impl.StateMachineUpdater (StateMachineUpdater.java:lambda$new$0(89)) - 5c2410e7-10a6-4620-b434-e19b0245711c@group-321C7BA85E11-StateMachineUpdater: snapshotIndex: updateIncreasingly 176 -> 181
2021-07-20 05:56:14,880 [5c2410e7-10a6-4620-b434-e19b0245711c@group-321C7BA85E11-StateMachineUpdater] INFO  raftlog.RaftLog (RaftLogBase.java:purge(306)) - 5c2410e7-10a6-4620-b434-e19b0245711c@group-321C7BA85E11-SegmentedRaftLog: purge 181
2021-07-20 05:56:14,880 [5c2410e7-10a6-4620-b434-e19b0245711c@group-321C7BA85E11-StateMachineUpdater] INFO  raftlog.RaftLog (RaftLogBase.java:lambda$new$0(53)) - 5c2410e7-10a6-4620-b434-e19b0245711c@group-321C7BA85E11-SegmentedRaftLog: snapshotIndex: updateIncreasingly 176 -> 181
2021-07-20 05:56:14,880 [5c2410e7-10a6-4620-b434-e19b0245711c@group-321C7BA85E11-StateMachineUpdater] INFO  raftlog.RaftLog (RaftLogBase.java:lambda$new$0(53)) - 5c2410e7-10a6-4620-b434-e19b0245711c@group-321C7BA85E11-SegmentedRaftLog: purgeIndex: updateToMax old=176, new=181, updated? true
2021-07-20 05:56:14,983 [Listener at 127.0.0.1/12232] INFO  ha.SCMHAInvocationHandler (SCMHAInvocationHandler.java:invokeRatis(113)) - Invoking method public abstract void org.apache.hadoop.hdds.scm.container.ContainerStateManagerV2.addContainer(org.apache.hadoop.hdds.protocol.proto.HddsProtos$ContainerInfoProto) throws java.io.IOException on target org.apache.hadoop.hdds.scm.ha.SCMRatisServerImpl@1a07937d, cost 5096.402us
2021-07-20 05:56:14,984 [a3de057e-22ba-4f20-867a-3c0291662fe2@group-321C7BA85E11-StateMachineUpdater] INFO  ha.SCMStateMachine (SCMStateMachine.java:takeSnapshot(290)) - Current Snapshot Index 184, takeSnapshot took 0 ms
2021-07-20 05:56:14,984 [a3de057e-22ba-4f20-867a-3c0291662fe2@group-321C7BA85E11-StateMachineUpdater] INFO  impl.StateMachineUpdater (StateMachineUpdater.java:takeSnapshot(281)) - a3de057e-22ba-4f20-867a-3c0291662fe2@group-321C7BA85E11-StateMachineUpdater: Took a snapshot at index 184
2021-07-20 05:56:14,984 [a3de057e-22ba-4f20-867a-3c0291662fe2@group-321C7BA85E11-StateMachineUpdater] INFO  impl.StateMachineUpdater (StateMachineUpdater.java:lambda$new$0(89)) - a3de057e-22ba-4f20-867a-3c0291662fe2@group-321C7BA85E11-StateMachineUpdater: snapshotIndex: updateIncreasingly 179 -> 184
2021-07-20 05:56:14,984 [a3de057e-22ba-4f20-867a-3c0291662fe2@group-321C7BA85E11-StateMachineUpdater] INFO  raftlog.RaftLog (RaftLogBase.java:purge(306)) - a3de057e-22ba-4f20-867a-3c0291662fe2@group-321C7BA85E11-SegmentedRaftLog: purge 184
2021-07-20 05:56:14,984 [a3de057e-22ba-4f20-867a-3c0291662fe2@group-321C7BA85E11-StateMachineUpdater] INFO  raftlog.RaftLog (RaftLogBase.java:lambda$new$0(53)) - a3de057e-22ba-4f20-867a-3c0291662fe2@group-321C7BA85E11-SegmentedRaftLog: snapshotIndex: updateIncreasingly 179 -> 184
2021-07-20 05:56:14,985 [a3de057e-22ba-4f20-867a-3c0291662fe2@group-321C7BA85E11-StateMachineUpdater] INFO  raftlog.RaftLog (RaftLogBase.java:lambda$new$0(53)) - a3de057e-22ba-4f20-867a-3c0291662fe2@group-321C7BA85E11-SegmentedRaftLog: purgeIndex: updateToMax old=179, new=184, updated? true
2021-07-20 05:56:15,087 [Listener at 127.0.0.1/12232] INFO  ha.SCMHAInvocationHandler (SCMHAInvocationHandler.java:invokeRatis(113)) - Invoking method public abstract void org.apache.hadoop.hdds.scm.container.ContainerStateManagerV2.addContainer(org.apache.hadoop.hdds.protocol.proto.HddsProtos$ContainerInfoProto) throws java.io.IOException on target org.apache.hadoop.hdds.scm.ha.SCMRatisServerImpl@1a07937d, cost 4141.345us
2021-07-20 05:56:15,194 [5c2410e7-10a6-4620-b434-e19b0245711c@group-321C7BA85E11-StateMachineUpdater] INFO  ha.SCMStateMachine (SCMStateMachine.java:takeSnapshot(290)) - Current Snapshot Index 186, takeSnapshot took 0 ms
2021-07-20 05:56:15,194 [5c2410e7-10a6-4620-b434-e19b0245711c@group-321C7BA85E11-StateMachineUpdater] INFO  impl.StateMachineUpdater (StateMachineUpdater.java:takeSnapshot(281)) - 5c2410e7-10a6-4620-b434-e19b0245711c@group-321C7BA85E11-StateMachineUpdater: Took a snapshot at index 186
2021-07-20 05:56:15,195 [5c2410e7-10a6-4620-b434-e19b0245711c@group-321C7BA85E11-StateMachineUpdater] INFO  impl.StateMachineUpdater (StateMachineUpdater.java:lambda$new$0(89)) - 5c2410e7-10a6-4620-b434-e19b0245711c@group-321C7BA85E11-StateMachineUpdater: snapshotIndex: updateIncreasingly 181 -> 186
2021-07-20 05:56:15,195 [5c2410e7-10a6-4620-b434-e19b0245711c@group-321C7BA85E11-StateMachineUpdater] INFO  raftlog.RaftLog (RaftLogBase.java:purge(306)) - 5c2410e7-10a6-4620-b434-e19b0245711c@group-321C7BA85E11-SegmentedRaftLog: purge 186
2021-07-20 05:56:15,195 [5c2410e7-10a6-4620-b434-e19b0245711c@group-321C7BA85E11-StateMachineUpdater] INFO  raftlog.RaftLog (RaftLogBase.java:lambda$new$0(53)) - 5c2410e7-10a6-4620-b434-e19b0245711c@group-321C7BA85E11-SegmentedRaftLog: snapshotIndex: updateIncreasingly 181 -> 186
2021-07-20 05:56:15,195 [5c2410e7-10a6-4620-b434-e19b0245711c@group-321C7BA85E11-StateMachineUpdater] INFO  raftlog.RaftLog (RaftLogBase.java:lambda$new$0(53)) - 5c2410e7-10a6-4620-b434-e19b0245711c@group-321C7BA85E11-SegmentedRaftLog: purgeIndex: updateToMax old=181, new=186, updated? true
2021-07-20 05:56:15,196 [Listener at 127.0.0.1/12232] INFO  ha.SCMHAInvocationHandler (SCMHAInvocationHandler.java:invokeRatis(113)) - Invoking method public abstract void org.apache.hadoop.hdds.scm.container.ContainerStateManagerV2.addContainer(org.apache.hadoop.hdds.protocol.proto.HddsProtos$ContainerInfoProto) throws java.io.IOException on target org.apache.hadoop.hdds.scm.ha.SCMRatisServerImpl@1a07937d, cost 7683.155us
2021-07-20 05:56:15,300 [a3de057e-22ba-4f20-867a-3c0291662fe2@group-321C7BA85E11-StateMachineUpdater] INFO  ha.SCMStateMachine (SCMStateMachine.java:takeSnapshot(290)) - Current Snapshot Index 189, takeSnapshot took 0 ms
2021-07-20 05:56:15,300 [a3de057e-22ba-4f20-867a-3c0291662fe2@group-321C7BA85E11-StateMachineUpdater] INFO  impl.StateMachineUpdater (StateMachineUpdater.java:takeSnapshot(281)) - a3de057e-22ba-4f20-867a-3c0291662fe2@group-321C7BA85E11-StateMachineUpdater: Took a snapshot at index 189
2021-07-20 05:56:15,301 [a3de057e-22ba-4f20-867a-3c0291662fe2@group-321C7BA85E11-StateMachineUpdater] INFO  impl.StateMachineUpdater (StateMachineUpdater.java:lambda$new$0(89)) - a3de057e-22ba-4f20-867a-3c0291662fe2@group-321C7BA85E11-StateMachineUpdater: snapshotIndex: updateIncreasingly 184 -> 189
2021-07-20 05:56:15,301 [a3de057e-22ba-4f20-867a-3c0291662fe2@group-321C7BA85E11-StateMachineUpdater] INFO  raftlog.RaftLog (RaftLogBase.java:purge(306)) - a3de057e-22ba-4f20-867a-3c0291662fe2@group-321C7BA85E11-SegmentedRaftLog: purge 189
2021-07-20 05:56:15,301 [a3de057e-22ba-4f20-867a-3c0291662fe2@group-321C7BA85E11-StateMachineUpdater] INFO  raftlog.RaftLog (RaftLogBase.java:lambda$new$0(53)) - a3de057e-22ba-4f20-867a-3c0291662fe2@group-321C7BA85E11-SegmentedRaftLog: snapshotIndex: updateIncreasingly 184 -> 189
2021-07-20 05:56:15,301 [a3de057e-22ba-4f20-867a-3c0291662fe2@group-321C7BA85E11-StateMachineUpdater] INFO  raftlog.RaftLog (RaftLogBase.java:lambda$new$0(53)) - a3de057e-22ba-4f20-867a-3c0291662fe2@group-321C7BA85E11-SegmentedRaftLog: purgeIndex: updateToMax old=184, new=189, updated? true
2021-07-20 05:56:15,300 [Listener at 127.0.0.1/12232] INFO  ha.SCMHAInvocationHandler (SCMHAInvocationHandler.java:invokeRatis(113)) - Invoking method public abstract void org.apache.hadoop.hdds.scm.container.ContainerStateManagerV2.addContainer(org.apache.hadoop.hdds.protocol.proto.HddsProtos$ContainerInfoProto) throws java.io.IOException on target org.apache.hadoop.hdds.scm.ha.SCMRatisServerImpl@1a07937d, cost 4045.639us
2021-07-20 05:56:15,406 [Listener at 127.0.0.1/12232] INFO  ha.SCMHAInvocationHandler (SCMHAInvocationHandler.java:invokeRatis(113)) - Invoking method public abstract void org.apache.hadoop.hdds.scm.container.ContainerStateManagerV2.addContainer(org.apache.hadoop.hdds.protocol.proto.HddsProtos$ContainerInfoProto) throws java.io.IOException on target org.apache.hadoop.hdds.scm.ha.SCMRatisServerImpl@1a07937d, cost 4620.174us
2021-07-20 05:56:15,412 [5c2410e7-10a6-4620-b434-e19b0245711c@group-321C7BA85E11-StateMachineUpdater] INFO  ha.SCMStateMachine (SCMStateMachine.java:takeSnapshot(290)) - Current Snapshot Index 191, takeSnapshot took 0 ms
2021-07-20 05:56:15,412 [5c2410e7-10a6-4620-b434-e19b0245711c@group-321C7BA85E11-StateMachineUpdater] INFO  impl.StateMachineUpdater (StateMachineUpdater.java:takeSnapshot(281)) - 5c2410e7-10a6-4620-b434-e19b0245711c@group-321C7BA85E11-StateMachineUpdater: Took a snapshot at index 191
2021-07-20 05:56:15,412 [5c2410e7-10a6-4620-b434-e19b0245711c@group-321C7BA85E11-StateMachineUpdater] INFO  impl.StateMachineUpdater (StateMachineUpdater.java:lambda$new$0(89)) - 5c2410e7-10a6-4620-b434-e19b0245711c@group-321C7BA85E11-StateMachineUpdater: snapshotIndex: updateIncreasingly 186 -> 191
2021-07-20 05:56:15,412 [5c2410e7-10a6-4620-b434-e19b0245711c@group-321C7BA85E11-StateMachineUpdater] INFO  raftlog.RaftLog (RaftLogBase.java:purge(306)) - 5c2410e7-10a6-4620-b434-e19b0245711c@group-321C7BA85E11-SegmentedRaftLog: purge 191
2021-07-20 05:56:15,412 [5c2410e7-10a6-4620-b434-e19b0245711c@group-321C7BA85E11-StateMachineUpdater] INFO  raftlog.RaftLog (RaftLogBase.java:lambda$new$0(53)) - 5c2410e7-10a6-4620-b434-e19b0245711c@group-321C7BA85E11-SegmentedRaftLog: snapshotIndex: updateIncreasingly 186 -> 191
2021-07-20 05:56:15,412 [5c2410e7-10a6-4620-b434-e19b0245711c@group-321C7BA85E11-StateMachineUpdater] INFO  raftlog.RaftLog (RaftLogBase.java:lambda$new$0(53)) - 5c2410e7-10a6-4620-b434-e19b0245711c@group-321C7BA85E11-SegmentedRaftLog: purgeIndex: updateToMax old=186, new=191, updated? true
2021-07-20 05:56:15,511 [Listener at 127.0.0.1/12232] INFO  ha.SCMHAInvocationHandler (SCMHAInvocationHandler.java:invokeRatis(113)) - Invoking method public abstract void org.apache.hadoop.hdds.scm.container.ContainerStateManagerV2.addContainer(org.apache.hadoop.hdds.protocol.proto.HddsProtos$ContainerInfoProto) throws java.io.IOException on target org.apache.hadoop.hdds.scm.ha.SCMRatisServerImpl@1a07937d, cost 4560.47us
2021-07-20 05:56:15,513 [a3de057e-22ba-4f20-867a-3c0291662fe2@group-321C7BA85E11-StateMachineUpdater] INFO  ha.SCMStateMachine (SCMStateMachine.java:takeSnapshot(290)) - Current Snapshot Index 194, takeSnapshot took 0 ms
2021-07-20 05:56:15,513 [a3de057e-22ba-4f20-867a-3c0291662fe2@group-321C7BA85E11-StateMachineUpdater] INFO  impl.StateMachineUpdater (StateMachineUpdater.java:takeSnapshot(281)) - a3de057e-22ba-4f20-867a-3c0291662fe2@group-321C7BA85E11-StateMachineUpdater: Took a snapshot at index 194
2021-07-20 05:56:15,513 [a3de057e-22ba-4f20-867a-3c0291662fe2@group-321C7BA85E11-StateMachineUpdater] INFO  impl.StateMachineUpdater (StateMachineUpdater.java:lambda$new$0(89)) - a3de057e-22ba-4f20-867a-3c0291662fe2@group-321C7BA85E11-StateMachineUpdater: snapshotIndex: updateIncreasingly 189 -> 194
2021-07-20 05:56:15,513 [a3de057e-22ba-4f20-867a-3c0291662fe2@group-321C7BA85E11-StateMachineUpdater] INFO  raftlog.RaftLog (RaftLogBase.java:purge(306)) - a3de057e-22ba-4f20-867a-3c0291662fe2@group-321C7BA85E11-SegmentedRaftLog: purge 194
2021-07-20 05:56:15,513 [a3de057e-22ba-4f20-867a-3c0291662fe2@group-321C7BA85E11-StateMachineUpdater] INFO  raftlog.RaftLog (RaftLogBase.java:lambda$new$0(53)) - a3de057e-22ba-4f20-867a-3c0291662fe2@group-321C7BA85E11-SegmentedRaftLog: snapshotIndex: updateIncreasingly 189 -> 194
2021-07-20 05:56:15,513 [a3de057e-22ba-4f20-867a-3c0291662fe2@group-321C7BA85E11-StateMachineUpdater] INFO  raftlog.RaftLog (RaftLogBase.java:lambda$new$0(53)) - a3de057e-22ba-4f20-867a-3c0291662fe2@group-321C7BA85E11-SegmentedRaftLog: purgeIndex: updateToMax old=189, new=194, updated? true
2021-07-20 05:56:15,616 [Listener at 127.0.0.1/12232] INFO  ha.SCMHAInvocationHandler (SCMHAInvocationHandler.java:invokeRatis(113)) - Invoking method public abstract void org.apache.hadoop.hdds.scm.container.ContainerStateManagerV2.addContainer(org.apache.hadoop.hdds.protocol.proto.HddsProtos$ContainerInfoProto) throws java.io.IOException on target org.apache.hadoop.hdds.scm.ha.SCMRatisServerImpl@1a07937d, cost 3898.63us
2021-07-20 05:56:15,719 [5c2410e7-10a6-4620-b434-e19b0245711c@group-321C7BA85E11-StateMachineUpdater] INFO  ha.SCMStateMachine (SCMStateMachine.java:takeSnapshot(290)) - Current Snapshot Index 196, takeSnapshot took 0 ms
2021-07-20 05:56:15,719 [5c2410e7-10a6-4620-b434-e19b0245711c@group-321C7BA85E11-StateMachineUpdater] INFO  impl.StateMachineUpdater (StateMachineUpdater.java:takeSnapshot(281)) - 5c2410e7-10a6-4620-b434-e19b0245711c@group-321C7BA85E11-StateMachineUpdater: Took a snapshot at index 196
2021-07-20 05:56:15,720 [5c2410e7-10a6-4620-b434-e19b0245711c@group-321C7BA85E11-StateMachineUpdater] INFO  impl.StateMachineUpdater (StateMachineUpdater.java:lambda$new$0(89)) - 5c2410e7-10a6-4620-b434-e19b0245711c@group-321C7BA85E11-StateMachineUpdater: snapshotIndex: updateIncreasingly 191 -> 196
2021-07-20 05:56:15,720 [5c2410e7-10a6-4620-b434-e19b0245711c@group-321C7BA85E11-StateMachineUpdater] INFO  raftlog.RaftLog (RaftLogBase.java:purge(306)) - 5c2410e7-10a6-4620-b434-e19b0245711c@group-321C7BA85E11-SegmentedRaftLog: purge 196
2021-07-20 05:56:15,720 [5c2410e7-10a6-4620-b434-e19b0245711c@group-321C7BA85E11-StateMachineUpdater] INFO  raftlog.RaftLog (RaftLogBase.java:lambda$new$0(53)) - 5c2410e7-10a6-4620-b434-e19b0245711c@group-321C7BA85E11-SegmentedRaftLog: snapshotIndex: updateIncreasingly 191 -> 196
2021-07-20 05:56:15,720 [5c2410e7-10a6-4620-b434-e19b0245711c@group-321C7BA85E11-StateMachineUpdater] INFO  raftlog.RaftLog (RaftLogBase.java:lambda$new$0(53)) - 5c2410e7-10a6-4620-b434-e19b0245711c@group-321C7BA85E11-SegmentedRaftLog: purgeIndex: updateToMax old=191, new=196, updated? true
2021-07-20 05:56:15,721 [Listener at 127.0.0.1/12232] INFO  ha.SCMHAInvocationHandler (SCMHAInvocationHandler.java:invokeRatis(113)) - Invoking method public abstract void org.apache.hadoop.hdds.scm.container.ContainerStateManagerV2.addContainer(org.apache.hadoop.hdds.protocol.proto.HddsProtos$ContainerInfoProto) throws java.io.IOException on target org.apache.hadoop.hdds.scm.ha.SCMRatisServerImpl@1a07937d, cost 4988.495us
2021-07-20 05:56:15,826 [a3de057e-22ba-4f20-867a-3c0291662fe2@group-321C7BA85E11-StateMachineUpdater] INFO  ha.SCMStateMachine (SCMStateMachine.java:takeSnapshot(290)) - Current Snapshot Index 199, takeSnapshot took 0 ms
2021-07-20 05:56:15,827 [a3de057e-22ba-4f20-867a-3c0291662fe2@group-321C7BA85E11-StateMachineUpdater] INFO  impl.StateMachineUpdater (StateMachineUpdater.java:takeSnapshot(281)) - a3de057e-22ba-4f20-867a-3c0291662fe2@group-321C7BA85E11-StateMachineUpdater: Took a snapshot at index 199
2021-07-20 05:56:15,827 [a3de057e-22ba-4f20-867a-3c0291662fe2@group-321C7BA85E11-StateMachineUpdater] INFO  impl.StateMachineUpdater (StateMachineUpdater.java:lambda$new$0(89)) - a3de057e-22ba-4f20-867a-3c0291662fe2@group-321C7BA85E11-StateMachineUpdater: snapshotIndex: updateIncreasingly 194 -> 199
2021-07-20 05:56:15,827 [a3de057e-22ba-4f20-867a-3c0291662fe2@group-321C7BA85E11-StateMachineUpdater] INFO  raftlog.RaftLog (RaftLogBase.java:purge(306)) - a3de057e-22ba-4f20-867a-3c0291662fe2@group-321C7BA85E11-SegmentedRaftLog: purge 199
2021-07-20 05:56:15,827 [a3de057e-22ba-4f20-867a-3c0291662fe2@group-321C7BA85E11-StateMachineUpdater] INFO  raftlog.RaftLog (RaftLogBase.java:lambda$new$0(53)) - a3de057e-22ba-4f20-867a-3c0291662fe2@group-321C7BA85E11-SegmentedRaftLog: snapshotIndex: updateIncreasingly 194 -> 199
2021-07-20 05:56:15,827 [a3de057e-22ba-4f20-867a-3c0291662fe2@group-321C7BA85E11-StateMachineUpdater] INFO  raftlog.RaftLog (RaftLogBase.java:lambda$new$0(53)) - a3de057e-22ba-4f20-867a-3c0291662fe2@group-321C7BA85E11-SegmentedRaftLog: purgeIndex: updateToMax old=194, new=199, updated? true
2021-07-20 05:56:15,827 [Listener at 127.0.0.1/12232] INFO  ha.SCMHAInvocationHandler (SCMHAInvocationHandler.java:invokeRatis(113)) - Invoking method public abstract void org.apache.hadoop.hdds.scm.container.ContainerStateManagerV2.addContainer(org.apache.hadoop.hdds.protocol.proto.HddsProtos$ContainerInfoProto) throws java.io.IOException on target org.apache.hadoop.hdds.scm.ha.SCMRatisServerImpl@1a07937d, cost 5076.2us
2021-07-20 05:56:15,946 [Listener at 127.0.0.1/12232] INFO  ha.SCMHAInvocationHandler (SCMHAInvocationHandler.java:invokeRatis(113)) - Invoking method public abstract void org.apache.hadoop.hdds.scm.container.ContainerStateManagerV2.addContainer(org.apache.hadoop.hdds.protocol.proto.HddsProtos$ContainerInfoProto) throws java.io.IOException on target org.apache.hadoop.hdds.scm.ha.SCMRatisServerImpl@1a07937d, cost 18564.199us
2021-07-20 05:56:15,948 [5c2410e7-10a6-4620-b434-e19b0245711c@group-321C7BA85E11-StateMachineUpdater] INFO  ha.SCMStateMachine (SCMStateMachine.java:takeSnapshot(290)) - Current Snapshot Index 201, takeSnapshot took 0 ms
2021-07-20 05:56:15,948 [5c2410e7-10a6-4620-b434-e19b0245711c@group-321C7BA85E11-StateMachineUpdater] INFO  impl.StateMachineUpdater (StateMachineUpdater.java:takeSnapshot(281)) - 5c2410e7-10a6-4620-b434-e19b0245711c@group-321C7BA85E11-StateMachineUpdater: Took a snapshot at index 201
2021-07-20 05:56:15,948 [5c2410e7-10a6-4620-b434-e19b0245711c@group-321C7BA85E11-StateMachineUpdater] INFO  impl.StateMachineUpdater (StateMachineUpdater.java:lambda$new$0(89)) - 5c2410e7-10a6-4620-b434-e19b0245711c@group-321C7BA85E11-StateMachineUpdater: snapshotIndex: updateIncreasingly 196 -> 201
2021-07-20 05:56:15,948 [5c2410e7-10a6-4620-b434-e19b0245711c@group-321C7BA85E11-StateMachineUpdater] INFO  raftlog.RaftLog (RaftLogBase.java:purge(306)) - 5c2410e7-10a6-4620-b434-e19b0245711c@group-321C7BA85E11-SegmentedRaftLog: purge 201
2021-07-20 05:56:15,948 [5c2410e7-10a6-4620-b434-e19b0245711c@group-321C7BA85E11-StateMachineUpdater] INFO  raftlog.RaftLog (RaftLogBase.java:lambda$new$0(53)) - 5c2410e7-10a6-4620-b434-e19b0245711c@group-321C7BA85E11-SegmentedRaftLog: snapshotIndex: updateIncreasingly 196 -> 201
2021-07-20 05:56:15,948 [5c2410e7-10a6-4620-b434-e19b0245711c@group-321C7BA85E11-StateMachineUpdater] INFO  raftlog.RaftLog (RaftLogBase.java:lambda$new$0(53)) - 5c2410e7-10a6-4620-b434-e19b0245711c@group-321C7BA85E11-SegmentedRaftLog: purgeIndex: updateToMax old=196, new=201, updated? true
2021-07-20 05:56:16,047 [Listener at 127.0.0.1/12232] INFO  server.StorageContainerManager (StorageContainerManager.java:start(1245)) - StorageContainerLocationProtocol RPC server is listening at /0.0.0.0:13275
2021-07-20 05:56:16,048 [Listener at 127.0.0.1/12232] INFO  ha.SCMRatisServerImpl (SCMRatisServerImpl.java:start(170)) - starting ratis server 0.0.0.0:13272
2021-07-20 05:56:16,048 [Listener at 127.0.0.1/12232] INFO  server.RaftServer$Division (RaftServerImpl.java:start(298)) - 905d2630-d761-45f8-9e86-789d0a84fbcd@group-321C7BA85E11: start with initializing state, conf=-1: [], old=null
2021-07-20 05:56:16,048 [Listener at 127.0.0.1/12232] INFO  server.RaftServer$Division (RaftServerImpl.java:setRole(284)) - 905d2630-d761-45f8-9e86-789d0a84fbcd@group-321C7BA85E11: changes role from      null to FOLLOWER at term 0 for startInitializing
2021-07-20 05:56:16,049 [Listener at 127.0.0.1/12232] INFO  util.JmxRegister (JmxRegister.java:tryRegister(44)) - Successfully registered JMX Bean with object name Ratis:service=RaftServer,group=group-321C7BA85E11,id=905d2630-d761-45f8-9e86-789d0a84fbcd
2021-07-20 05:56:16,049 [Listener at 127.0.0.1/12232] INFO  metrics.RatisMetrics (RatisMetrics.java:lambda$create$0(36)) - Creating Metrics Registry : ratis.state_machine.905d2630-d761-45f8-9e86-789d0a84fbcd@group-321C7BA85E11
2021-07-20 05:56:16,050 [Listener at 127.0.0.1/12232] INFO  server.RaftServer (RaftServerProxy.java:lambda$start$5(374)) - 905d2630-d761-45f8-9e86-789d0a84fbcd: start RPC server
2021-07-20 05:56:16,052 [Listener at 127.0.0.1/12232] INFO  server.GrpcService (GrpcService.java:startImpl(253)) - 905d2630-d761-45f8-9e86-789d0a84fbcd: GrpcService started, listening on 13272
2021-07-20 05:56:16,052 [org.apache.ratis.util.JvmPauseMonitor$$Lambda$496/1294139740@578ce232] INFO  util.JvmPauseMonitor (JvmPauseMonitor.java:run(103)) - JvmPauseMonitor-905d2630-d761-45f8-9e86-789d0a84fbcd: Started
2021-07-20 05:56:16,053 [Listener at 127.0.0.1/12232] INFO  ha.SCMNodeInfo (SCMNodeInfo.java:getPort(197)) - ConfigKey ozone.scm.client.address is deprecated, For configuring different ports for each SCM use PortConfigKey ozone.scm.client.port appended with serviceId and nodeId
2021-07-20 05:56:16,053 [Listener at 127.0.0.1/12232] INFO  ha.SCMNodeInfo (SCMNodeInfo.java:getPort(197)) - ConfigKey ozone.scm.block.client.address is deprecated, For configuring different ports for each SCM use PortConfigKey ozone.scm.block.client.port appended with serviceId and nodeId
2021-07-20 05:56:16,053 [Listener at 127.0.0.1/12232] INFO  ha.SCMNodeInfo (SCMNodeInfo.java:getPort(197)) - ConfigKey ozone.scm.datanode.address is deprecated, For configuring different ports for each SCM use PortConfigKey ozone.scm.datanode.port appended with serviceId and nodeId
2021-07-20 05:56:16,054 [Listener at 127.0.0.1/12232] INFO  ha.SCMNodeInfo (SCMNodeInfo.java:getPort(197)) - ConfigKey ozone.scm.client.address is deprecated, For configuring different ports for each SCM use PortConfigKey ozone.scm.client.port appended with serviceId and nodeId
2021-07-20 05:56:16,054 [Listener at 127.0.0.1/12232] INFO  ha.SCMNodeInfo (SCMNodeInfo.java:getPort(197)) - ConfigKey ozone.scm.block.client.address is deprecated, For configuring different ports for each SCM use PortConfigKey ozone.scm.block.client.port appended with serviceId and nodeId
2021-07-20 05:56:16,054 [Listener at 127.0.0.1/12232] INFO  ha.SCMNodeInfo (SCMNodeInfo.java:getPort(197)) - ConfigKey ozone.scm.datanode.address is deprecated, For configuring different ports for each SCM use PortConfigKey ozone.scm.datanode.port appended with serviceId and nodeId
2021-07-20 05:56:16,054 [Listener at 127.0.0.1/12232] INFO  ha.SCMNodeInfo (SCMNodeInfo.java:getPort(197)) - ConfigKey ozone.scm.client.address is deprecated, For configuring different ports for each SCM use PortConfigKey ozone.scm.client.port appended with serviceId and nodeId
2021-07-20 05:56:16,054 [Listener at 127.0.0.1/12232] INFO  ha.SCMNodeInfo (SCMNodeInfo.java:getPort(197)) - ConfigKey ozone.scm.block.client.address is deprecated, For configuring different ports for each SCM use PortConfigKey ozone.scm.block.client.port appended with serviceId and nodeId
2021-07-20 05:56:16,054 [Listener at 127.0.0.1/12232] INFO  ha.SCMNodeInfo (SCMNodeInfo.java:getPort(197)) - ConfigKey ozone.scm.datanode.address is deprecated, For configuring different ports for each SCM use PortConfigKey ozone.scm.datanode.port appended with serviceId and nodeId
2021-07-20 05:56:16,058 [IPC Server handler 0 on default port 13254] INFO  ha.SCMRatisServerImpl (SCMRatisServerImpl.java:addSCM(280)) - a3de057e-22ba-4f20-867a-3c0291662fe2: Submitting SetConfiguration request to Ratis server with new SCM peers list: [a3de057e-22ba-4f20-867a-3c0291662fe2|rpc:localhost:13252|admin:|client:|dataStream:|priority:0, 5c2410e7-10a6-4620-b434-e19b0245711c|rpc:localhost:13262|priority:0, 905d2630-d761-45f8-9e86-789d0a84fbcd|rpc:localhost:13272|priority:0]
2021-07-20 05:56:16,058 [IPC Server handler 0 on default port 13254] INFO  server.RaftServer$Division (RaftServerImpl.java:setConfigurationAsync(970)) - a3de057e-22ba-4f20-867a-3c0291662fe2@group-321C7BA85E11: receive setConfiguration SetConfigurationRequest:client-CBF929FB6C7B->a3de057e-22ba-4f20-867a-3c0291662fe2@group-321C7BA85E11, cid=99, seq=0, RW, null, peers:[a3de057e-22ba-4f20-867a-3c0291662fe2|rpc:localhost:13252|admin:|client:|dataStream:|priority:0, 5c2410e7-10a6-4620-b434-e19b0245711c|rpc:localhost:13262|priority:0, 905d2630-d761-45f8-9e86-789d0a84fbcd|rpc:localhost:13272|priority:0]
2021-07-20 05:56:16,058 [IPC Server handler 0 on default port 13254] INFO  server.RaftServer$Division (LeaderStateImpl.java:startSetConfiguration(345)) - a3de057e-22ba-4f20-867a-3c0291662fe2@group-321C7BA85E11-LeaderStateImpl: startSetConfiguration SetConfigurationRequest:client-CBF929FB6C7B->a3de057e-22ba-4f20-867a-3c0291662fe2@group-321C7BA85E11, cid=99, seq=0, RW, null, peers:[a3de057e-22ba-4f20-867a-3c0291662fe2|rpc:localhost:13252|admin:|client:|dataStream:|priority:0, 5c2410e7-10a6-4620-b434-e19b0245711c|rpc:localhost:13262|priority:0, 905d2630-d761-45f8-9e86-789d0a84fbcd|rpc:localhost:13272|priority:0]
2021-07-20 05:56:16,058 [IPC Server handler 0 on default port 13254] INFO  server.RaftServerConfigKeys (ConfUtils.java:logGet(44)) - raft.server.log.appender.snapshot.chunk.size.max = 16MB (=16777216) (default)
2021-07-20 05:56:16,058 [IPC Server handler 0 on default port 13254] INFO  server.RaftServerConfigKeys (ConfUtils.java:logGet(44)) - raft.server.log.appender.buffer.byte-limit = 33554432 (custom)
2021-07-20 05:56:16,059 [IPC Server handler 0 on default port 13254] INFO  server.RaftServerConfigKeys (ConfUtils.java:logGet(44)) - raft.server.log.appender.buffer.element-limit = 33554432 (custom)
2021-07-20 05:56:16,379 [org.apache.ratis.util.JvmPauseMonitor$$Lambda$496/1294139740@5191288e] WARN  util.JvmPauseMonitor (JvmPauseMonitor.java:detectPause(124)) - JvmPauseMonitor-omNode-1: Detected pause in JVM or host machine (eg GC): pause of approximately 140236386ns.
GC pool 'PS MarkSweep' had collection(s): count=1 time=180ms
GC pool 'PS Scavenge' had collection(s): count=1 time=95ms
2021-07-20 05:56:16,379 [org.apache.ratis.util.JvmPauseMonitor$$Lambda$496/1294139740@73852720] WARN  util.JvmPauseMonitor (JvmPauseMonitor.java:detectPause(124)) - JvmPauseMonitor-a3de057e-22ba-4f20-867a-3c0291662fe2: Detected pause in JVM or host machine (eg GC): pause of approximately 214251667ns.
GC pool 'PS MarkSweep' had collection(s): count=1 time=180ms
GC pool 'PS Scavenge' had collection(s): count=1 time=95ms
2021-07-20 05:56:16,379 [org.apache.ratis.util.JvmPauseMonitor$$Lambda$496/1294139740@180a0624] WARN  util.JvmPauseMonitor (JvmPauseMonitor.java:detectPause(124)) - JvmPauseMonitor-9faaa3cd-c518-4f7b-b785-ee74f85cb545: Detected pause in JVM or host machine (eg GC): pause of approximately 183862668ns.
GC pool 'PS MarkSweep' had collection(s): count=1 time=180ms
GC pool 'PS Scavenge' had collection(s): count=1 time=95ms
2021-07-20 05:56:16,381 [org.apache.ratis.util.JvmPauseMonitor$$Lambda$496/1294139740@64836643] WARN  util.JvmPauseMonitor (JvmPauseMonitor.java:detectPause(124)) - JvmPauseMonitor-5c2410e7-10a6-4620-b434-e19b0245711c: Detected pause in JVM or host machine (eg GC): pause of approximately 232271334ns.
GC pool 'PS MarkSweep' had collection(s): count=1 time=180ms
GC pool 'PS Scavenge' had collection(s): count=1 time=95ms
2021-07-20 05:56:16,383 [org.apache.ratis.util.JvmPauseMonitor$$Lambda$496/1294139740@3f779d00] WARN  util.JvmPauseMonitor (JvmPauseMonitor.java:detectPause(124)) - JvmPauseMonitor-577e6845-c807-4eb8-9332-2f265641e0df: Detected pause in JVM or host machine (eg GC): pause of approximately 231426083ns.
GC pool 'PS MarkSweep' had collection(s): count=1 time=180ms
GC pool 'PS Scavenge' had collection(s): count=1 time=95ms
2021-07-20 05:56:16,386 [IPC Server handler 0 on default port 13254] INFO  grpc.GrpcConfigKeys (ConfUtils.java:logGet(44)) - raft.grpc.server.leader.outstanding.appends.max = 128 (default)
2021-07-20 05:56:16,387 [IPC Server handler 0 on default port 13254] INFO  server.RaftServerConfigKeys (ConfUtils.java:logGet(44)) - raft.server.rpc.request.timeout = 30000ms (custom)
2021-07-20 05:56:16,387 [IPC Server handler 0 on default port 13254] INFO  server.RaftServerConfigKeys (ConfUtils.java:logGet(44)) - raft.server.log.appender.install.snapshot.enabled = false (custom)
2021-07-20 05:56:16,388 [a3de057e-22ba-4f20-867a-3c0291662fe2@group-321C7BA85E11->905d2630-d761-45f8-9e86-789d0a84fbcd-GrpcLogAppender-LogAppenderDaemon] INFO  server.GrpcLogAppender (GrpcLogAppender.java:installSnapshot(524)) - a3de057e-22ba-4f20-867a-3c0291662fe2@group-321C7BA85E11->905d2630-d761-45f8-9e86-789d0a84fbcd-GrpcLogAppender: followerNextIndex = 0 but logStartIndex = 106, notify follower to install snapshot-(t:2, i:106)
2021-07-20 05:56:16,396 [a3de057e-22ba-4f20-867a-3c0291662fe2@group-321C7BA85E11->905d2630-d761-45f8-9e86-789d0a84fbcd-GrpcLogAppender-LogAppenderDaemon] INFO  server.GrpcLogAppender (GrpcLogAppender.java:installSnapshot(532)) - a3de057e-22ba-4f20-867a-3c0291662fe2@group-321C7BA85E11->905d2630-d761-45f8-9e86-789d0a84fbcd-GrpcLogAppender: send a3de057e-22ba-4f20-867a-3c0291662fe2->905d2630-d761-45f8-9e86-789d0a84fbcd#0-t2,notify:(t:2, i:106)
2021-07-20 05:56:16,402 [grpc-default-executor-3] INFO  metrics.RatisMetrics (RatisMetrics.java:lambda$create$0(36)) - Creating Metrics Registry : ratis.server_message_metrics.905d2630-d761-45f8-9e86-789d0a84fbcd
2021-07-20 05:56:16,405 [grpc-default-executor-3] INFO  server.RaftServer$Division (RaftServerImpl.java:installSnapshot(1328)) - 905d2630-d761-45f8-9e86-789d0a84fbcd@group-321C7BA85E11: receive installSnapshot: a3de057e-22ba-4f20-867a-3c0291662fe2->905d2630-d761-45f8-9e86-789d0a84fbcd#0-t2,notify:(t:2, i:106)
2021-07-20 05:56:16,406 [grpc-default-executor-3] INFO  ha.SCMStateMachine (SCMStateMachine.java:notifyLeaderChanged(248)) - leader changed, yet current SCM is still follower.
2021-07-20 05:56:16,406 [grpc-default-executor-3] INFO  server.RaftServer$Division (ServerState.java:setLeader(271)) - 905d2630-d761-45f8-9e86-789d0a84fbcd@group-321C7BA85E11: change Leader from null to a3de057e-22ba-4f20-867a-3c0291662fe2 at term 2 for installSnapshot, leader elected after 24378ms
2021-07-20 05:56:16,409 [grpc-default-executor-3] INFO  server.RaftServer$Division (RaftServerImpl.java:notifyStateMachineToInstallSnapshot(1580)) - 905d2630-d761-45f8-9e86-789d0a84fbcd@group-321C7BA85E11: notifyInstallSnapshot: nextIndex is 0 but the leader's first available index is 106.
2021-07-20 05:56:16,409 [grpc-default-executor-3] INFO  ha.SCMStateMachine (SCMStateMachine.java:notifyInstallSnapshotFromLeader(212)) - Received install snapshot notification from SCM leader: localhost:13252 with term index: (t:2, i:106)
2021-07-20 05:56:16,410 [pool-55-thread-1] INFO  ha.SCMHAManagerImpl (SCMHAManagerImpl.java:getDBCheckpointFromLeader(206)) - Downloading checkpoint from leader SCM scmNode-1 and reloading state from the checkpoint.
2021-07-20 05:56:16,437 [grpc-default-executor-2] INFO  ha.SCMDBCheckpointProvider (SCMDBCheckpointProvider.java:writeDBCheckPointToSream(48)) - Received request to obtain SCM DB checkpoint snapshot
2021-07-20 05:56:16,454 [grpc-default-executor-2] INFO  db.RDBCheckpointManager (RDBCheckpointManager.java:createCheckpoint(86)) - Created checkpoint at /home/runner/work/ozone/ozone/mnt/ozone/hadoop-ozone/integration-test/target/test-dir/MiniOzoneClusterImpl-b2c6a007-39d2-4e45-b76c-321c7ba85e11/scmNode-1/db.checkpoints/scm.db_checkpoint_1626760576437 in 17 milliseconds
2021-07-20 05:56:16,477 [06501cb2-b233-4740-8c26-b46265537cb4@group-BF0FFBB7682E-FollowerState] INFO  impl.FollowerState (FollowerState.java:run(134)) - 06501cb2-b233-4740-8c26-b46265537cb4@group-BF0FFBB7682E-FollowerState: change to CANDIDATE, lastRpcElapsedTime:5010665054ns, electionTimeout:5009ms
2021-07-20 05:56:16,477 [06501cb2-b233-4740-8c26-b46265537cb4@group-BF0FFBB7682E-FollowerState] INFO  impl.RoleInfo (RoleInfo.java:shutdownFollowerState(108)) - 06501cb2-b233-4740-8c26-b46265537cb4: shutdown 06501cb2-b233-4740-8c26-b46265537cb4@group-BF0FFBB7682E-FollowerState
2021-07-20 05:56:16,477 [06501cb2-b233-4740-8c26-b46265537cb4@group-BF0FFBB7682E-FollowerState] INFO  server.RaftServer$Division (RaftServerImpl.java:setRole(284)) - 06501cb2-b233-4740-8c26-b46265537cb4@group-BF0FFBB7682E: changes role from  FOLLOWER to CANDIDATE at term 2 for changeToCandidate
2021-07-20 05:56:16,477 [06501cb2-b233-4740-8c26-b46265537cb4@group-BF0FFBB7682E-FollowerState] INFO  server.RaftServerConfigKeys (ConfUtils.java:logGet(44)) - raft.server.leaderelection.pre-vote = false (custom)
2021-07-20 05:56:16,477 [06501cb2-b233-4740-8c26-b46265537cb4@group-BF0FFBB7682E-FollowerState] INFO  impl.RoleInfo (RoleInfo.java:updateAndGet(130)) - 06501cb2-b233-4740-8c26-b46265537cb4: start 06501cb2-b233-4740-8c26-b46265537cb4@group-BF0FFBB7682E-LeaderElection11
2021-07-20 05:56:16,486 [06501cb2-b233-4740-8c26-b46265537cb4@group-BF0FFBB7682E-LeaderElection11] INFO  impl.LeaderElection (LeaderElection.java:askForVotes(306)) - 06501cb2-b233-4740-8c26-b46265537cb4@group-BF0FFBB7682E-LeaderElection11 ELECTION round 0: submit vote requests at term 3 for -1: [9faaa3cd-c518-4f7b-b785-ee74f85cb545|rpc:127.0.0.1:34605|dataStream:|priority:0, 06501cb2-b233-4740-8c26-b46265537cb4|rpc:127.0.0.1:38707|dataStream:|priority:1, 577e6845-c807-4eb8-9332-2f265641e0df|rpc:127.0.0.1:36047|dataStream:|priority:0], old=null
2021-07-20 05:56:16,495 [grpc-default-executor-2] INFO  ha.SCMGrpcOutputStream (SCMGrpcOutputStream.java:close(111)) - Sent 7429 bytes for cluster b2c6a007-39d2-4e45-b76c-321c7ba85e11
2021-07-20 05:56:16,495 [grpc-default-executor-2] INFO  ha.SCMDBCheckpointProvider (SCMDBCheckpointProvider.java:writeDBCheckPointToSream(73)) - Time taken to write the checkpoint to response output stream: 39 milliseconds
2021-07-20 05:56:16,495 [grpc-default-executor-2] INFO  db.RocksDBCheckpoint (RocksDBCheckpoint.java:cleanupCheckpoint(78)) - Cleaning up RocksDB checkpoint at /home/runner/work/ozone/ozone/mnt/ozone/hadoop-ozone/integration-test/target/test-dir/MiniOzoneClusterImpl-b2c6a007-39d2-4e45-b76c-321c7ba85e11/scmNode-1/db.checkpoints/scm.db_checkpoint_1626760576437
2021-07-20 05:56:16,496 [grpc-default-executor-1] INFO  ha.InterSCMGrpcClient (InterSCMGrpcClient.java:onCompleted(170)) - Checkpoint is downloaded to /home/runner/work/ozone/ozone/mnt/ozone/hadoop-ozone/integration-test/target/test-dir/MiniOzoneClusterImpl-b2c6a007-39d2-4e45-b76c-321c7ba85e11/scmNode-3/snapshot/scm.db-scmNode-1-1626760576410.tar.gz
2021-07-20 05:56:16,526 [pool-55-thread-1] INFO  ha.SCMSnapshotProvider (SCMSnapshotProvider.java:getSCMDBSnapshot(130)) - Successfully downloaded latest checkpoint from leader SCM: scmNode-1 path /home/runner/work/ozone/ozone/mnt/ozone/hadoop-ozone/integration-test/target/test-dir/MiniOzoneClusterImpl-b2c6a007-39d2-4e45-b76c-321c7ba85e11/scmNode-3/snapshot/scm.db-scmNode-1-1626760576410
2021-07-20 05:56:16,526 [pool-55-thread-1] INFO  ha.SCMHAManagerImpl (SCMHAManagerImpl.java:downloadCheckpointFromLeader(158)) - Downloaded checkpoint from Leader scmNode-1 to the location /home/runner/work/ozone/ozone/mnt/ozone/hadoop-ozone/integration-test/target/test-dir/MiniOzoneClusterImpl-b2c6a007-39d2-4e45-b76c-321c7ba85e11/scmNode-3/snapshot/scm.db-scmNode-1-1626760576410
2021-07-20 05:56:16,531 [Datanode State Machine Thread - 0] ERROR datanode.RunningDatanodeState (RunningDatanodeState.java:computeNextContainerState(199)) - Error in executing end point task.
java.util.concurrent.ExecutionException: java.util.concurrent.TimeoutException
	at java.util.concurrent.FutureTask.report(FutureTask.java:122)
	at java.util.concurrent.FutureTask.get(FutureTask.java:192)
	at org.apache.hadoop.ozone.container.common.states.datanode.RunningDatanodeState.computeNextContainerState(RunningDatanodeState.java:191)
	at org.apache.hadoop.ozone.container.common.states.datanode.RunningDatanodeState.await(RunningDatanodeState.java:231)
	at org.apache.hadoop.ozone.container.common.states.datanode.RunningDatanodeState.await(RunningDatanodeState.java:50)
	at org.apache.hadoop.ozone.container.common.statemachine.StateContext.execute(StateContext.java:629)
	at org.apache.hadoop.ozone.container.common.statemachine.DatanodeStateMachine.start(DatanodeStateMachine.java:269)
	at org.apache.hadoop.ozone.container.common.statemachine.DatanodeStateMachine.lambda$startDaemon$0(DatanodeStateMachine.java:455)
	at java.lang.Thread.run(Thread.java:748)
Caused by: java.util.concurrent.TimeoutException
	at java.util.concurrent.FutureTask.get(FutureTask.java:205)
	at org.apache.hadoop.ozone.container.common.states.datanode.RunningDatanodeState.lambda$execute$0(RunningDatanodeState.java:149)
	at java.util.concurrent.FutureTask.run(FutureTask.java:266)
	at java.util.concurrent.Executors$RunnableAdapter.call(Executors.java:511)
	at java.util.concurrent.FutureTask.run(FutureTask.java:266)
	at java.util.concurrent.ThreadPoolExecutor.runWorker(ThreadPoolExecutor.java:1149)
	at java.util.concurrent.ThreadPoolExecutor$Worker.run(ThreadPoolExecutor.java:624)
	... 1 more
2021-07-20 05:56:16,532 [grpc-default-executor-1] INFO  server.RaftServer$Division (RaftServerImpl.java:requestVote(1042)) - 9faaa3cd-c518-4f7b-b785-ee74f85cb545@group-BF0FFBB7682E: receive requestVote(ELECTION, 06501cb2-b233-4740-8c26-b46265537cb4, group-BF0FFBB7682E, 3, (t:0, i:0))
2021-07-20 05:56:16,542 [grpc-default-executor-1] INFO  impl.VoteContext (VoteContext.java:log(48)) - 9faaa3cd-c518-4f7b-b785-ee74f85cb545@group-BF0FFBB7682E-FOLLOWER: accept ELECTION from 06501cb2-b233-4740-8c26-b46265537cb4: our priority 0 <= candidate's priority 1
2021-07-20 05:56:16,542 [grpc-default-executor-1] INFO  server.RaftServer$Division (RaftServerImpl.java:setRole(284)) - 9faaa3cd-c518-4f7b-b785-ee74f85cb545@group-BF0FFBB7682E: changes role from  FOLLOWER to FOLLOWER at term 3 for candidate:06501cb2-b233-4740-8c26-b46265537cb4
2021-07-20 05:56:16,542 [grpc-default-executor-1] INFO  impl.RoleInfo (RoleInfo.java:shutdownFollowerState(108)) - 9faaa3cd-c518-4f7b-b785-ee74f85cb545: shutdown 9faaa3cd-c518-4f7b-b785-ee74f85cb545@group-BF0FFBB7682E-FollowerState
2021-07-20 05:56:16,542 [grpc-default-executor-1] INFO  impl.RoleInfo (RoleInfo.java:updateAndGet(130)) - 9faaa3cd-c518-4f7b-b785-ee74f85cb545: start 9faaa3cd-c518-4f7b-b785-ee74f85cb545@group-BF0FFBB7682E-FollowerState
2021-07-20 05:56:16,542 [9faaa3cd-c518-4f7b-b785-ee74f85cb545@group-BF0FFBB7682E-FollowerState] INFO  impl.FollowerState (FollowerState.java:run(143)) - 9faaa3cd-c518-4f7b-b785-ee74f85cb545@group-BF0FFBB7682E-FollowerState was interrupted: {}
java.lang.InterruptedException: sleep interrupted
	at java.lang.Thread.sleep(Native Method)
	at java.lang.Thread.sleep(Thread.java:340)
	at java.util.concurrent.TimeUnit.sleep(TimeUnit.java:386)
	at org.apache.ratis.util.TimeDuration.sleep(TimeDuration.java:324)
	at org.apache.ratis.util.TimeDuration.sleep(TimeDuration.java:309)
	at org.apache.ratis.server.impl.FollowerState.run(FollowerState.java:118)
2021-07-20 05:56:16,545 [grpc-default-executor-1] INFO  server.RaftServer$Division (RaftServerImpl.java:requestVote(1074)) - 9faaa3cd-c518-4f7b-b785-ee74f85cb545@group-BF0FFBB7682E replies to ELECTION vote request: 06501cb2-b233-4740-8c26-b46265537cb4<-9faaa3cd-c518-4f7b-b785-ee74f85cb545#0:OK-t3. Peer's state: 9faaa3cd-c518-4f7b-b785-ee74f85cb545@group-BF0FFBB7682E:t3, leader=null, voted=06501cb2-b233-4740-8c26-b46265537cb4, raftlog=9faaa3cd-c518-4f7b-b785-ee74f85cb545@group-BF0FFBB7682E-SegmentedRaftLog:OPENED:c-1,f-1,i0, conf=-1: [9faaa3cd-c518-4f7b-b785-ee74f85cb545|rpc:127.0.0.1:34605|priority:0, 06501cb2-b233-4740-8c26-b46265537cb4|rpc:127.0.0.1:38707|priority:1, 577e6845-c807-4eb8-9332-2f265641e0df|rpc:127.0.0.1:36047|priority:0], old=null
2021-07-20 05:56:16,555 [06501cb2-b233-4740-8c26-b46265537cb4@group-BF0FFBB7682E-LeaderElection11] INFO  impl.LeaderElection (LeaderElection.java:logAndReturn(89)) - 06501cb2-b233-4740-8c26-b46265537cb4@group-BF0FFBB7682E-LeaderElection11: ELECTION PASSED received 1 response(s) and 0 exception(s):
2021-07-20 05:56:16,555 [06501cb2-b233-4740-8c26-b46265537cb4@group-BF0FFBB7682E-LeaderElection11] INFO  impl.LeaderElection (LeaderElection.java:logAndReturn(93)) -   Response 0: 06501cb2-b233-4740-8c26-b46265537cb4<-9faaa3cd-c518-4f7b-b785-ee74f85cb545#0:OK-t3
2021-07-20 05:56:16,555 [06501cb2-b233-4740-8c26-b46265537cb4@group-BF0FFBB7682E-LeaderElection11] INFO  impl.LeaderElection (LeaderElection.java:askForVotes(308)) - 06501cb2-b233-4740-8c26-b46265537cb4@group-BF0FFBB7682E-LeaderElection11 ELECTION round 0: result PASSED
2021-07-20 05:56:16,555 [06501cb2-b233-4740-8c26-b46265537cb4@group-BF0FFBB7682E-LeaderElection11] INFO  impl.RoleInfo (RoleInfo.java:shutdownLeaderElection(121)) - 06501cb2-b233-4740-8c26-b46265537cb4: shutdown 06501cb2-b233-4740-8c26-b46265537cb4@group-BF0FFBB7682E-LeaderElection11
2021-07-20 05:56:16,555 [06501cb2-b233-4740-8c26-b46265537cb4@group-BF0FFBB7682E-LeaderElection11] INFO  server.RaftServer$Division (RaftServerImpl.java:setRole(284)) - 06501cb2-b233-4740-8c26-b46265537cb4@group-BF0FFBB7682E: changes role from CANDIDATE to LEADER at term 3 for changeToLeader
2021-07-20 05:56:16,555 [06501cb2-b233-4740-8c26-b46265537cb4@group-BF0FFBB7682E-LeaderElection11] INFO  ratis.XceiverServerRatis (XceiverServerRatis.java:handleLeaderChangedNotification(857)) - Leader change notification received for group: group-BF0FFBB7682E with new leaderId: 06501cb2-b233-4740-8c26-b46265537cb4
2021-07-20 05:56:16,556 [06501cb2-b233-4740-8c26-b46265537cb4@group-BF0FFBB7682E-LeaderElection11] INFO  server.RaftServer$Division (ServerState.java:setLeader(271)) - 06501cb2-b233-4740-8c26-b46265537cb4@group-BF0FFBB7682E: change Leader from null to 06501cb2-b233-4740-8c26-b46265537cb4 at term 3 for becomeLeader, leader elected after 15254ms
2021-07-20 05:56:16,556 [06501cb2-b233-4740-8c26-b46265537cb4@group-BF0FFBB7682E-LeaderElection11] INFO  server.RaftServerConfigKeys (ConfUtils.java:logGet(44)) - raft.server.staging.catchup.gap = 1000 (default)
2021-07-20 05:56:16,556 [06501cb2-b233-4740-8c26-b46265537cb4@group-BF0FFBB7682E-LeaderElection11] INFO  metrics.RatisMetrics (RatisMetrics.java:lambda$create$0(36)) - Creating Metrics Registry : ratis.log_appender.06501cb2-b233-4740-8c26-b46265537cb4@group-BF0FFBB7682E
2021-07-20 05:56:16,556 [06501cb2-b233-4740-8c26-b46265537cb4@group-BF0FFBB7682E-LeaderElection11] INFO  server.RaftServerConfigKeys (ConfUtils.java:logGet(44)) - raft.server.write.element-limit = 1024 (custom)
2021-07-20 05:56:16,556 [06501cb2-b233-4740-8c26-b46265537cb4@group-BF0FFBB7682E-LeaderElection11] INFO  server.RaftServerConfigKeys (ConfUtils.java:logGet(44)) - raft.server.write.byte-limit = 1073741824 (custom)
2021-07-20 05:56:16,556 [06501cb2-b233-4740-8c26-b46265537cb4@group-BF0FFBB7682E-LeaderElection11] INFO  server.RaftServerConfigKeys (ConfUtils.java:logGet(44)) - raft.server.watch.timeout = 180s (custom)
2021-07-20 05:56:16,556 [06501cb2-b233-4740-8c26-b46265537cb4@group-BF0FFBB7682E-LeaderElection11] INFO  server.RaftServerConfigKeys (ConfUtils.java:logGet(44)) - raft.server.watch.timeout.denomination = 1s (default)
2021-07-20 05:56:16,556 [06501cb2-b233-4740-8c26-b46265537cb4@group-BF0FFBB7682E-LeaderElection11] INFO  server.RaftServerConfigKeys (ConfUtils.java:logGet(44)) - raft.server.watch.element-limit = 65536 (default)
2021-07-20 05:56:16,556 [06501cb2-b233-4740-8c26-b46265537cb4@group-BF0FFBB7682E-LeaderElection11] INFO  server.RaftServerConfigKeys (ConfUtils.java:logGet(44)) - raft.server.log.appender.snapshot.chunk.size.max = 16MB (=16777216) (default)
2021-07-20 05:56:16,557 [06501cb2-b233-4740-8c26-b46265537cb4@group-BF0FFBB7682E-LeaderElection11] INFO  server.RaftServerConfigKeys (ConfUtils.java:logGet(44)) - raft.server.log.appender.buffer.byte-limit = 33554432 (custom)
2021-07-20 05:56:16,557 [06501cb2-b233-4740-8c26-b46265537cb4@group-BF0FFBB7682E-LeaderElection11] INFO  server.RaftServerConfigKeys (ConfUtils.java:logGet(44)) - raft.server.log.appender.buffer.element-limit = 1 (custom)
2021-07-20 05:56:16,557 [06501cb2-b233-4740-8c26-b46265537cb4@group-BF0FFBB7682E-LeaderElection11] INFO  grpc.GrpcConfigKeys (ConfUtils.java:logGet(44)) - raft.grpc.server.leader.outstanding.appends.max = 128 (default)
2021-07-20 05:56:16,557 [06501cb2-b233-4740-8c26-b46265537cb4@group-BF0FFBB7682E-LeaderElection11] INFO  server.RaftServerConfigKeys (ConfUtils.java:logGet(44)) - raft.server.rpc.request.timeout = 60s (custom)
2021-07-20 05:56:16,557 [06501cb2-b233-4740-8c26-b46265537cb4@group-BF0FFBB7682E-LeaderElection11] INFO  server.RaftServerConfigKeys (ConfUtils.java:logGet(44)) - raft.server.log.appender.install.snapshot.enabled = false (custom)
2021-07-20 05:56:16,557 [EventQueue-PipelineReportForPipelineReportHandler] INFO  pipeline.PipelineManagerV2Impl (PipelineManagerV2Impl.java:openPipeline(283)) - Pipeline Pipeline[ Id: 8acf67c8-2638-45cc-a5e1-bf0ffbb7682e, Nodes: 9faaa3cd-c518-4f7b-b785-ee74f85cb545{ip: 127.0.0.1, host: localhost, ports: [REPLICATION=34365, RATIS=34605, RATIS_ADMIN=34605, RATIS_SERVER=34605, STANDALONE=38493], networkLocation: /default-rack, certSerialId: null, persistedOpState: IN_SERVICE, persistedOpStateExpiryEpochSec: 0}06501cb2-b233-4740-8c26-b46265537cb4{ip: 127.0.0.1, host: localhost, ports: [REPLICATION=33091, RATIS=38707, RATIS_ADMIN=38707, RATIS_SERVER=38707, STANDALONE=35679], networkLocation: /default-rack, certSerialId: null, persistedOpState: IN_SERVICE, persistedOpStateExpiryEpochSec: 0}577e6845-c807-4eb8-9332-2f265641e0df{ip: 127.0.0.1, host: localhost, ports: [REPLICATION=44849, RATIS=36047, RATIS_ADMIN=36047, RATIS_SERVER=36047, STANDALONE=46149], networkLocation: /default-rack, certSerialId: null, persistedOpState: IN_SERVICE, persistedOpStateExpiryEpochSec: 0}, ReplicationConfig: RATIS/THREE, State:ALLOCATED, leaderId:06501cb2-b233-4740-8c26-b46265537cb4, CreationTimestamp2021-07-20T05:55:58.659Z[Etc/UTC]] moved to OPEN state
2021-07-20 05:56:16,557 [06501cb2-b233-4740-8c26-b46265537cb4@group-BF0FFBB7682E-LeaderElection11] INFO  metrics.RatisMetrics (RatisMetrics.java:lambda$create$0(36)) - Creating Metrics Registry : ratis_grpc.log_appender.06501cb2-b233-4740-8c26-b46265537cb4@group-BF0FFBB7682E
2021-07-20 05:56:16,566 [EventQueue-PipelineReportForPipelineReportHandler] INFO  pipeline.PipelineManagerV2Impl (PipelineManagerV2Impl.java:openPipeline(283)) - Pipeline Pipeline[ Id: 8acf67c8-2638-45cc-a5e1-bf0ffbb7682e, Nodes: 9faaa3cd-c518-4f7b-b785-ee74f85cb545{ip: 127.0.0.1, host: localhost, ports: [REPLICATION=34365, RATIS=34605, RATIS_ADMIN=34605, RATIS_SERVER=34605, STANDALONE=38493], networkLocation: /default-rack, certSerialId: null, persistedOpState: IN_SERVICE, persistedOpStateExpiryEpochSec: 0}06501cb2-b233-4740-8c26-b46265537cb4{ip: 127.0.0.1, host: localhost, ports: [REPLICATION=33091, RATIS=38707, RATIS_ADMIN=38707, RATIS_SERVER=38707, STANDALONE=35679], networkLocation: /default-rack, certSerialId: null, persistedOpState: IN_SERVICE, persistedOpStateExpiryEpochSec: 0}577e6845-c807-4eb8-9332-2f265641e0df{ip: 127.0.0.1, host: localhost, ports: [REPLICATION=44849, RATIS=36047, RATIS_ADMIN=36047, RATIS_SERVER=36047, STANDALONE=46149], networkLocation: /default-rack, certSerialId: null, persistedOpState: IN_SERVICE, persistedOpStateExpiryEpochSec: 0}, ReplicationConfig: RATIS/THREE, State:ALLOCATED, leaderId:06501cb2-b233-4740-8c26-b46265537cb4, CreationTimestamp2021-07-20T05:55:58.659Z[Etc/UTC]] moved to OPEN state
2021-07-20 05:56:16,567 [EventQueue-PipelineReportForPipelineReportHandler] INFO  ha.SCMHAInvocationHandler (SCMHAInvocationHandler.java:invokeRatis(113)) - Invoking method public abstract void org.apache.hadoop.hdds.scm.pipeline.StateManager.updatePipelineState(org.apache.hadoop.hdds.protocol.proto.HddsProtos$PipelineID,org.apache.hadoop.hdds.protocol.proto.HddsProtos$PipelineState) throws java.io.IOException on target org.apache.hadoop.hdds.scm.ha.SCMRatisServerImpl@51f543ee, cost 321.519us
2021-07-20 05:56:16,560 [577e6845-c807-4eb8-9332-2f265641e0df@group-BF0FFBB7682E-FollowerState] INFO  impl.FollowerState (FollowerState.java:run(134)) - 577e6845-c807-4eb8-9332-2f265641e0df@group-BF0FFBB7682E-FollowerState: change to CANDIDATE, lastRpcElapsedTime:5088777775ns, electionTimeout:5085ms
2021-07-20 05:56:16,567 [577e6845-c807-4eb8-9332-2f265641e0df@group-BF0FFBB7682E-FollowerState] INFO  impl.RoleInfo (RoleInfo.java:shutdownFollowerState(108)) - 577e6845-c807-4eb8-9332-2f265641e0df: shutdown 577e6845-c807-4eb8-9332-2f265641e0df@group-BF0FFBB7682E-FollowerState
2021-07-20 05:56:16,567 [577e6845-c807-4eb8-9332-2f265641e0df@group-BF0FFBB7682E-FollowerState] INFO  server.RaftServer$Division (RaftServerImpl.java:setRole(284)) - 577e6845-c807-4eb8-9332-2f265641e0df@group-BF0FFBB7682E: changes role from  FOLLOWER to CANDIDATE at term 2 for changeToCandidate
2021-07-20 05:56:16,567 [577e6845-c807-4eb8-9332-2f265641e0df@group-BF0FFBB7682E-FollowerState] INFO  server.RaftServerConfigKeys (ConfUtils.java:logGet(44)) - raft.server.leaderelection.pre-vote = false (custom)
2021-07-20 05:56:16,567 [577e6845-c807-4eb8-9332-2f265641e0df@group-BF0FFBB7682E-FollowerState] INFO  impl.RoleInfo (RoleInfo.java:updateAndGet(130)) - 577e6845-c807-4eb8-9332-2f265641e0df: start 577e6845-c807-4eb8-9332-2f265641e0df@group-BF0FFBB7682E-LeaderElection12
2021-07-20 05:56:16,568 [06501cb2-b233-4740-8c26-b46265537cb4@group-BF0FFBB7682E-LeaderElection11] INFO  server.RaftServerConfigKeys (ConfUtils.java:logGet(44)) - raft.server.log.appender.snapshot.chunk.size.max = 16MB (=16777216) (default)
2021-07-20 05:56:16,568 [06501cb2-b233-4740-8c26-b46265537cb4@group-BF0FFBB7682E-LeaderElection11] INFO  server.RaftServerConfigKeys (ConfUtils.java:logGet(44)) - raft.server.log.appender.buffer.byte-limit = 33554432 (custom)
2021-07-20 05:56:16,568 [06501cb2-b233-4740-8c26-b46265537cb4@group-BF0FFBB7682E-LeaderElection11] INFO  server.RaftServerConfigKeys (ConfUtils.java:logGet(44)) - raft.server.log.appender.buffer.element-limit = 1 (custom)
2021-07-20 05:56:16,568 [06501cb2-b233-4740-8c26-b46265537cb4@group-BF0FFBB7682E-LeaderElection11] INFO  grpc.GrpcConfigKeys (ConfUtils.java:logGet(44)) - raft.grpc.server.leader.outstanding.appends.max = 128 (default)
2021-07-20 05:56:16,569 [06501cb2-b233-4740-8c26-b46265537cb4@group-BF0FFBB7682E-LeaderElection11] INFO  server.RaftServerConfigKeys (ConfUtils.java:logGet(44)) - raft.server.rpc.request.timeout = 60s (custom)
2021-07-20 05:56:16,569 [06501cb2-b233-4740-8c26-b46265537cb4@group-BF0FFBB7682E-LeaderElection11] INFO  server.RaftServerConfigKeys (ConfUtils.java:logGet(44)) - raft.server.log.appender.install.snapshot.enabled = false (custom)
2021-07-20 05:56:16,569 [06501cb2-b233-4740-8c26-b46265537cb4@group-BF0FFBB7682E-LeaderElection11] INFO  impl.RoleInfo (RoleInfo.java:updateAndGet(130)) - 06501cb2-b233-4740-8c26-b46265537cb4: start 06501cb2-b233-4740-8c26-b46265537cb4@group-BF0FFBB7682E-LeaderStateImpl
2021-07-20 05:56:16,569 [06501cb2-b233-4740-8c26-b46265537cb4@group-BF0FFBB7682E-LeaderElection11] INFO  segmented.SegmentedRaftLogWorker (SegmentedRaftLogWorker.java:startLogSegment(394)) - 06501cb2-b233-4740-8c26-b46265537cb4@group-BF0FFBB7682E-SegmentedRaftLogWorker: Starting segment from index:0
2021-07-20 05:56:16,572 [grpc-default-executor-3] INFO  server.RaftServer$Division (RaftServerImpl.java:installSnapshotImpl(1458)) - 905d2630-d761-45f8-9e86-789d0a84fbcd@group-321C7BA85E11: set new configuration index: 5
configurationEntry {
  peers {
    id: "a3de057e-22ba-4f20-867a-3c0291662fe2"
    address: "localhost:13252"
  }
  peers {
    id: "5c2410e7-10a6-4620-b434-e19b0245711c"
    address: "localhost:13262"
  }
}
 from snapshot
2021-07-20 05:56:16,587 [06501cb2-b233-4740-8c26-b46265537cb4@group-BF0FFBB7682E-SegmentedRaftLogWorker] INFO  segmented.SegmentedRaftLogWorker (SegmentedRaftLogWorker.java:execute(601)) - 06501cb2-b233-4740-8c26-b46265537cb4@group-BF0FFBB7682E-SegmentedRaftLogWorker: created new log segment /home/runner/work/ozone/ozone/mnt/ozone/hadoop-ozone/integration-test/target/test-dir/MiniOzoneClusterImpl-b2c6a007-39d2-4e45-b76c-321c7ba85e11/datanode-1/data/ratis/8acf67c8-2638-45cc-a5e1-bf0ffbb7682e/current/log_inprogress_0
2021-07-20 05:56:16,587 [grpc-default-executor-2] INFO  server.RaftServer$Division (RaftServerImpl.java:requestVote(1042)) - 577e6845-c807-4eb8-9332-2f265641e0df@group-BF0FFBB7682E: receive requestVote(ELECTION, 06501cb2-b233-4740-8c26-b46265537cb4, group-BF0FFBB7682E, 3, (t:0, i:0))
2021-07-20 05:56:16,588 [grpc-default-executor-3] INFO  server.RaftServer$Division (ServerState.java:setRaftConf(373)) - 905d2630-d761-45f8-9e86-789d0a84fbcd@group-321C7BA85E11: set configuration 5: [a3de057e-22ba-4f20-867a-3c0291662fe2|rpc:localhost:13252|admin:|client:|dataStream:|priority:0, 5c2410e7-10a6-4620-b434-e19b0245711c|rpc:localhost:13262|admin:|client:|dataStream:|priority:0], old=null
2021-07-20 05:56:16,589 [grpc-default-executor-3] INFO  server.RaftServer$Division (RaftServerImpl.java:installSnapshot(1339)) - 905d2630-d761-45f8-9e86-789d0a84fbcd@group-321C7BA85E11: reply installSnapshot: a3de057e-22ba-4f20-867a-3c0291662fe2<-905d2630-d761-45f8-9e86-789d0a84fbcd#0:FAIL-t0,IN_PROGRESS
2021-07-20 05:56:16,590 [grpc-default-executor-3] INFO  server.GrpcServerProtocolService (GrpcServerProtocolService.java:onCompleted(140)) - 905d2630-d761-45f8-9e86-789d0a84fbcd: Completed INSTALL_SNAPSHOT, lastRequest: a3de057e-22ba-4f20-867a-3c0291662fe2->905d2630-d761-45f8-9e86-789d0a84fbcd#0-t2,notify:(t:2, i:106)
2021-07-20 05:56:16,591 [grpc-default-executor-5] INFO  ratis.XceiverServerRatis (XceiverServerRatis.java:handleLeaderChangedNotification(857)) - Leader change notification received for group: group-BF0FFBB7682E with new leaderId: 06501cb2-b233-4740-8c26-b46265537cb4
2021-07-20 05:56:16,591 [grpc-default-executor-5] INFO  server.RaftServer$Division (ServerState.java:setLeader(271)) - 9faaa3cd-c518-4f7b-b785-ee74f85cb545@group-BF0FFBB7682E: change Leader from null to 06501cb2-b233-4740-8c26-b46265537cb4 at term 3 for appendEntries, leader elected after 15402ms
2021-07-20 05:56:16,596 [06501cb2-b233-4740-8c26-b46265537cb4@group-BF0FFBB7682E-LeaderElection11] INFO  server.RaftServer$Division (ServerState.java:setRaftConf(373)) - 06501cb2-b233-4740-8c26-b46265537cb4@group-BF0FFBB7682E: set configuration 0: [9faaa3cd-c518-4f7b-b785-ee74f85cb545|rpc:127.0.0.1:34605|dataStream:|priority:0, 06501cb2-b233-4740-8c26-b46265537cb4|rpc:127.0.0.1:38707|dataStream:|priority:1, 577e6845-c807-4eb8-9332-2f265641e0df|rpc:127.0.0.1:36047|dataStream:|priority:0], old=null
2021-07-20 05:56:16,596 [grpc-default-executor-2] INFO  impl.VoteContext (VoteContext.java:log(48)) - 577e6845-c807-4eb8-9332-2f265641e0df@group-BF0FFBB7682E-CANDIDATE: reject ELECTION from 06501cb2-b233-4740-8c26-b46265537cb4: already has voted for 577e6845-c807-4eb8-9332-2f265641e0df at current term 3
2021-07-20 05:56:16,597 [grpc-default-executor-2] INFO  server.RaftServer$Division (RaftServerImpl.java:requestVote(1074)) - 577e6845-c807-4eb8-9332-2f265641e0df@group-BF0FFBB7682E replies to ELECTION vote request: 06501cb2-b233-4740-8c26-b46265537cb4<-577e6845-c807-4eb8-9332-2f265641e0df#0:FAIL-t3. Peer's state: 577e6845-c807-4eb8-9332-2f265641e0df@group-BF0FFBB7682E:t3, leader=null, voted=577e6845-c807-4eb8-9332-2f265641e0df, raftlog=577e6845-c807-4eb8-9332-2f265641e0df@group-BF0FFBB7682E-SegmentedRaftLog:OPENED:c-1,f-1,i0, conf=-1: [9faaa3cd-c518-4f7b-b785-ee74f85cb545|rpc:127.0.0.1:34605|dataStream:|priority:0, 06501cb2-b233-4740-8c26-b46265537cb4|rpc:127.0.0.1:38707|dataStream:|priority:1, 577e6845-c807-4eb8-9332-2f265641e0df|rpc:127.0.0.1:36047|dataStream:|priority:0], old=null
2021-07-20 05:56:16,596 [577e6845-c807-4eb8-9332-2f265641e0df@group-BF0FFBB7682E-LeaderElection12] INFO  impl.LeaderElection (LeaderElection.java:askForVotes(306)) - 577e6845-c807-4eb8-9332-2f265641e0df@group-BF0FFBB7682E-LeaderElection12 ELECTION round 0: submit vote requests at term 3 for -1: [9faaa3cd-c518-4f7b-b785-ee74f85cb545|rpc:127.0.0.1:34605|dataStream:|priority:0, 06501cb2-b233-4740-8c26-b46265537cb4|rpc:127.0.0.1:38707|dataStream:|priority:1, 577e6845-c807-4eb8-9332-2f265641e0df|rpc:127.0.0.1:36047|dataStream:|priority:0], old=null
2021-07-20 05:56:16,599 [grpc-default-executor-0] INFO  server.RaftServer$Division (RaftServerImpl.java:setRole(284)) - 577e6845-c807-4eb8-9332-2f265641e0df@group-BF0FFBB7682E: changes role from CANDIDATE to FOLLOWER at term 3 for appendEntries
2021-07-20 05:56:16,599 [grpc-default-executor-0] INFO  impl.RoleInfo (RoleInfo.java:shutdownLeaderElection(121)) - 577e6845-c807-4eb8-9332-2f265641e0df: shutdown 577e6845-c807-4eb8-9332-2f265641e0df@group-BF0FFBB7682E-LeaderElection12
2021-07-20 05:56:16,599 [EventQueue-PipelineReportForPipelineReportHandler] INFO  ha.SCMHAInvocationHandler (SCMHAInvocationHandler.java:invokeRatis(113)) - Invoking method public abstract void org.apache.hadoop.hdds.scm.pipeline.StateManager.updatePipelineState(org.apache.hadoop.hdds.protocol.proto.HddsProtos$PipelineID,org.apache.hadoop.hdds.protocol.proto.HddsProtos$PipelineState) throws java.io.IOException on target org.apache.hadoop.hdds.scm.ha.SCMRatisServerImpl@1a07937d, cost 41797.373us
2021-07-20 05:56:16,603 [grpc-default-executor-0] INFO  impl.RoleInfo (RoleInfo.java:updateAndGet(130)) - 577e6845-c807-4eb8-9332-2f265641e0df: start 577e6845-c807-4eb8-9332-2f265641e0df@group-BF0FFBB7682E-FollowerState
2021-07-20 05:56:16,599 [grpc-default-executor-4] INFO  server.GrpcLogAppender (GrpcLogAppender.java:onNext(400)) - a3de057e-22ba-4f20-867a-3c0291662fe2@group-321C7BA85E11->905d2630-d761-45f8-9e86-789d0a84fbcd-InstallSnapshotResponseHandler: received the first reply a3de057e-22ba-4f20-867a-3c0291662fe2<-905d2630-d761-45f8-9e86-789d0a84fbcd#0:FAIL-t0,IN_PROGRESS
2021-07-20 05:56:16,604 [grpc-default-executor-4] INFO  server.GrpcLogAppender (GrpcLogAppender.java:onNext(417)) - a3de057e-22ba-4f20-867a-3c0291662fe2@group-321C7BA85E11->905d2630-d761-45f8-9e86-789d0a84fbcd-InstallSnapshotResponseHandler: InstallSnapshot in progress.
2021-07-20 05:56:16,604 [grpc-default-executor-5] INFO  server.RaftServer$Division (ServerState.java:setRaftConf(373)) - 9faaa3cd-c518-4f7b-b785-ee74f85cb545@group-BF0FFBB7682E: set configuration 0: [9faaa3cd-c518-4f7b-b785-ee74f85cb545|rpc:127.0.0.1:34605|dataStream:|priority:0, 06501cb2-b233-4740-8c26-b46265537cb4|rpc:127.0.0.1:38707|dataStream:|priority:1, 577e6845-c807-4eb8-9332-2f265641e0df|rpc:127.0.0.1:36047|dataStream:|priority:0], old=null
2021-07-20 05:56:16,606 [grpc-default-executor-5] INFO  segmented.SegmentedRaftLogWorker (SegmentedRaftLogWorker.java:startLogSegment(394)) - 9faaa3cd-c518-4f7b-b785-ee74f85cb545@group-BF0FFBB7682E-SegmentedRaftLogWorker: Starting segment from index:0
2021-07-20 05:56:16,606 [grpc-default-executor-0] INFO  ratis.XceiverServerRatis (XceiverServerRatis.java:handleLeaderChangedNotification(857)) - Leader change notification received for group: group-BF0FFBB7682E with new leaderId: 06501cb2-b233-4740-8c26-b46265537cb4
2021-07-20 05:56:16,606 [grpc-default-executor-0] INFO  server.RaftServer$Division (ServerState.java:setLeader(271)) - 577e6845-c807-4eb8-9332-2f265641e0df@group-BF0FFBB7682E: change Leader from null to 06501cb2-b233-4740-8c26-b46265537cb4 at term 3 for appendEntries, leader elected after 15234ms
2021-07-20 05:56:16,615 [577e6845-c807-4eb8-9332-2f265641e0df@group-BF0FFBB7682E-LeaderElection12] INFO  impl.LeaderElection (LeaderElection.java:logAndReturn(89)) - 577e6845-c807-4eb8-9332-2f265641e0df@group-BF0FFBB7682E-LeaderElection12: ELECTION REJECTED received 0 response(s) and 0 exception(s):
2021-07-20 05:56:16,615 [577e6845-c807-4eb8-9332-2f265641e0df@group-BF0FFBB7682E-LeaderElection12] INFO  impl.LeaderElection (LeaderElection.java:askForVotes(308)) - 577e6845-c807-4eb8-9332-2f265641e0df@group-BF0FFBB7682E-LeaderElection12 ELECTION round 0: result REJECTED
2021-07-20 05:56:16,622 [9faaa3cd-c518-4f7b-b785-ee74f85cb545@group-BF0FFBB7682E-SegmentedRaftLogWorker] INFO  segmented.SegmentedRaftLogWorker (SegmentedRaftLogWorker.java:execute(601)) - 9faaa3cd-c518-4f7b-b785-ee74f85cb545@group-BF0FFBB7682E-SegmentedRaftLogWorker: created new log segment /home/runner/work/ozone/ozone/mnt/ozone/hadoop-ozone/integration-test/target/test-dir/MiniOzoneClusterImpl-b2c6a007-39d2-4e45-b76c-321c7ba85e11/datanode-0/data/ratis/8acf67c8-2638-45cc-a5e1-bf0ffbb7682e/current/log_inprogress_0
2021-07-20 05:56:16,628 [a3de057e-22ba-4f20-867a-3c0291662fe2@group-321C7BA85E11-StateMachineUpdater] INFO  ha.SCMStateMachine (SCMStateMachine.java:takeSnapshot(290)) - Current Snapshot Index 204, takeSnapshot took 0 ms
2021-07-20 05:56:16,628 [a3de057e-22ba-4f20-867a-3c0291662fe2@group-321C7BA85E11-StateMachineUpdater] INFO  impl.StateMachineUpdater (StateMachineUpdater.java:takeSnapshot(281)) - a3de057e-22ba-4f20-867a-3c0291662fe2@group-321C7BA85E11-StateMachineUpdater: Took a snapshot at index 204
2021-07-20 05:56:16,628 [a3de057e-22ba-4f20-867a-3c0291662fe2@group-321C7BA85E11-StateMachineUpdater] INFO  impl.StateMachineUpdater (StateMachineUpdater.java:lambda$new$0(89)) - a3de057e-22ba-4f20-867a-3c0291662fe2@group-321C7BA85E11-StateMachineUpdater: snapshotIndex: updateIncreasingly 199 -> 204
2021-07-20 05:56:16,628 [a3de057e-22ba-4f20-867a-3c0291662fe2@group-321C7BA85E11-StateMachineUpdater] INFO  raftlog.RaftLog (RaftLogBase.java:purge(306)) - a3de057e-22ba-4f20-867a-3c0291662fe2@group-321C7BA85E11-SegmentedRaftLog: purge 204
2021-07-20 05:56:16,628 [a3de057e-22ba-4f20-867a-3c0291662fe2@group-321C7BA85E11-StateMachineUpdater] INFO  raftlog.RaftLog (RaftLogBase.java:lambda$new$0(53)) - a3de057e-22ba-4f20-867a-3c0291662fe2@group-321C7BA85E11-SegmentedRaftLog: snapshotIndex: updateIncreasingly 199 -> 204
2021-07-20 05:56:16,629 [a3de057e-22ba-4f20-867a-3c0291662fe2@group-321C7BA85E11-StateMachineUpdater] INFO  raftlog.RaftLog (RaftLogBase.java:lambda$new$0(53)) - a3de057e-22ba-4f20-867a-3c0291662fe2@group-321C7BA85E11-SegmentedRaftLog: purgeIndex: updateToMax old=199, new=204, updated? true
2021-07-20 05:56:16,629 [grpc-default-executor-0] INFO  server.RaftServer$Division (ServerState.java:setRaftConf(373)) - 577e6845-c807-4eb8-9332-2f265641e0df@group-BF0FFBB7682E: set configuration 0: [9faaa3cd-c518-4f7b-b785-ee74f85cb545|rpc:127.0.0.1:34605|dataStream:|priority:0, 06501cb2-b233-4740-8c26-b46265537cb4|rpc:127.0.0.1:38707|dataStream:|priority:1, 577e6845-c807-4eb8-9332-2f265641e0df|rpc:127.0.0.1:36047|dataStream:|priority:0], old=null
2021-07-20 05:56:16,629 [grpc-default-executor-0] INFO  segmented.SegmentedRaftLogWorker (SegmentedRaftLogWorker.java:startLogSegment(394)) - 577e6845-c807-4eb8-9332-2f265641e0df@group-BF0FFBB7682E-SegmentedRaftLogWorker: Starting segment from index:0
2021-07-20 05:56:16,629 [pool-55-thread-1] INFO  ha.SCMHAManagerImpl (SCMHAManagerImpl.java:verifyCheckpointFromLeader(172)) - Installing checkpoint with SCMTransactionInfo 2#202
2021-07-20 05:56:16,630 [pool-55-thread-1] INFO  server.RaftServer$Division (RaftServerImpl.java:lambda$notifyStateMachineToInstallSnapshot$30(1593)) - 905d2630-d761-45f8-9e86-789d0a84fbcd@group-321C7BA85E11: StateMachine successfully installed snapshot index 202. Reloading the StateMachine.
2021-07-20 05:56:16,630 [pool-55-thread-1] INFO  segmented.SegmentedRaftLogWorker (SegmentedRaftLogWorker.java:lambda$new$0(133)) - 905d2630-d761-45f8-9e86-789d0a84fbcd@group-321C7BA85E11-SegmentedRaftLogWorker: flushIndex: setUnconditionally -1 -> 202
2021-07-20 05:56:16,630 [pool-55-thread-1] INFO  segmented.SegmentedRaftLogWorker (SegmentedRaftLogWorker.java:lambda$new$0(133)) - 905d2630-d761-45f8-9e86-789d0a84fbcd@group-321C7BA85E11-SegmentedRaftLogWorker: safeCacheEvictIndex: setUnconditionally -1 -> 202
2021-07-20 05:56:16,630 [pool-55-thread-1] INFO  raftlog.RaftLog (RaftLogBase.java:lambda$new$0(53)) - 905d2630-d761-45f8-9e86-789d0a84fbcd@group-321C7BA85E11-SegmentedRaftLog: snapshotIndex: updateIncreasingly -1 -> 202
2021-07-20 05:56:16,630 [grpc-default-executor-2] INFO  server.RaftServer$Division (RaftServerImpl.java:requestVote(1042)) - 9faaa3cd-c518-4f7b-b785-ee74f85cb545@group-BF0FFBB7682E: receive requestVote(ELECTION, 577e6845-c807-4eb8-9332-2f265641e0df, group-BF0FFBB7682E, 3, (t:0, i:0))
2021-07-20 05:56:16,630 [grpc-default-executor-2] INFO  impl.VoteContext (VoteContext.java:log(48)) - 9faaa3cd-c518-4f7b-b785-ee74f85cb545@group-BF0FFBB7682E-FOLLOWER: reject ELECTION from 577e6845-c807-4eb8-9332-2f265641e0df: already has voted for 06501cb2-b233-4740-8c26-b46265537cb4 at current term 3
2021-07-20 05:56:16,630 [grpc-default-executor-2] INFO  server.RaftServer$Division (RaftServerImpl.java:requestVote(1074)) - 9faaa3cd-c518-4f7b-b785-ee74f85cb545@group-BF0FFBB7682E replies to ELECTION vote request: 577e6845-c807-4eb8-9332-2f265641e0df<-9faaa3cd-c518-4f7b-b785-ee74f85cb545#0:FAIL-t3. Peer's state: 9faaa3cd-c518-4f7b-b785-ee74f85cb545@group-BF0FFBB7682E:t3, leader=06501cb2-b233-4740-8c26-b46265537cb4, voted=06501cb2-b233-4740-8c26-b46265537cb4, raftlog=9faaa3cd-c518-4f7b-b785-ee74f85cb545@group-BF0FFBB7682E-SegmentedRaftLog:OPENED:c-1,f0,i0, conf=0: [9faaa3cd-c518-4f7b-b785-ee74f85cb545|rpc:127.0.0.1:34605|dataStream:|priority:0, 06501cb2-b233-4740-8c26-b46265537cb4|rpc:127.0.0.1:38707|dataStream:|priority:1, 577e6845-c807-4eb8-9332-2f265641e0df|rpc:127.0.0.1:36047|dataStream:|priority:0], old=null
2021-07-20 05:56:16,631 [grpc-default-executor-3] INFO  server.RaftServer$Division (RaftServerImpl.java:requestVote(1042)) - 06501cb2-b233-4740-8c26-b46265537cb4@group-BF0FFBB7682E: receive requestVote(ELECTION, 577e6845-c807-4eb8-9332-2f265641e0df, group-BF0FFBB7682E, 3, (t:0, i:0))
2021-07-20 05:56:16,631 [grpc-default-executor-3] INFO  impl.VoteContext (VoteContext.java:log(48)) - 06501cb2-b233-4740-8c26-b46265537cb4@group-BF0FFBB7682E-LEADER: reject ELECTION from 577e6845-c807-4eb8-9332-2f265641e0df: already has voted for 06501cb2-b233-4740-8c26-b46265537cb4 at current term 3
2021-07-20 05:56:16,632 [grpc-default-executor-3] INFO  server.RaftServer$Division (RaftServerImpl.java:requestVote(1074)) - 06501cb2-b233-4740-8c26-b46265537cb4@group-BF0FFBB7682E replies to ELECTION vote request: 577e6845-c807-4eb8-9332-2f265641e0df<-06501cb2-b233-4740-8c26-b46265537cb4#0:FAIL-t3. Peer's state: 06501cb2-b233-4740-8c26-b46265537cb4@group-BF0FFBB7682E:t3, leader=06501cb2-b233-4740-8c26-b46265537cb4, voted=06501cb2-b233-4740-8c26-b46265537cb4, raftlog=06501cb2-b233-4740-8c26-b46265537cb4@group-BF0FFBB7682E-SegmentedRaftLog:OPENED:c0,f0,i0, conf=0: [9faaa3cd-c518-4f7b-b785-ee74f85cb545|rpc:127.0.0.1:34605|dataStream:|priority:0, 06501cb2-b233-4740-8c26-b46265537cb4|rpc:127.0.0.1:38707|dataStream:|priority:1, 577e6845-c807-4eb8-9332-2f265641e0df|rpc:127.0.0.1:36047|dataStream:|priority:0], old=null
2021-07-20 05:56:16,633 [a3de057e-22ba-4f20-867a-3c0291662fe2@group-321C7BA85E11->905d2630-d761-45f8-9e86-789d0a84fbcd-GrpcLogAppender-LogAppenderDaemon] INFO  server.GrpcLogAppender (GrpcLogAppender.java:installSnapshot(524)) - a3de057e-22ba-4f20-867a-3c0291662fe2@group-321C7BA85E11->905d2630-d761-45f8-9e86-789d0a84fbcd-GrpcLogAppender: followerNextIndex = 0 but logStartIndex = 106, notify follower to install snapshot-(t:2, i:106)
2021-07-20 05:56:16,633 [a3de057e-22ba-4f20-867a-3c0291662fe2@group-321C7BA85E11->905d2630-d761-45f8-9e86-789d0a84fbcd-GrpcLogAppender-LogAppenderDaemon] INFO  server.GrpcLogAppender (GrpcLogAppender.java:installSnapshot(532)) - a3de057e-22ba-4f20-867a-3c0291662fe2@group-321C7BA85E11->905d2630-d761-45f8-9e86-789d0a84fbcd-GrpcLogAppender: send a3de057e-22ba-4f20-867a-3c0291662fe2->905d2630-d761-45f8-9e86-789d0a84fbcd#0-t2,notify:(t:2, i:106)
2021-07-20 05:56:16,633 [577e6845-c807-4eb8-9332-2f265641e0df@group-BF0FFBB7682E-SegmentedRaftLogWorker] INFO  segmented.SegmentedRaftLogWorker (SegmentedRaftLogWorker.java:execute(601)) - 577e6845-c807-4eb8-9332-2f265641e0df@group-BF0FFBB7682E-SegmentedRaftLogWorker: created new log segment /home/runner/work/ozone/ozone/mnt/ozone/hadoop-ozone/integration-test/target/test-dir/MiniOzoneClusterImpl-b2c6a007-39d2-4e45-b76c-321c7ba85e11/datanode-2/data/ratis/8acf67c8-2638-45cc-a5e1-bf0ffbb7682e/current/log_inprogress_0
2021-07-20 05:56:16,635 [grpc-default-executor-3] INFO  impl.RoleInfo (RoleInfo.java:updateAndGet(130)) - 905d2630-d761-45f8-9e86-789d0a84fbcd: start 905d2630-d761-45f8-9e86-789d0a84fbcd@group-321C7BA85E11-FollowerState
2021-07-20 05:56:16,645 [grpc-default-executor-4] INFO  server.RaftServer$Division (RaftServerImpl.java:installSnapshot(1328)) - 905d2630-d761-45f8-9e86-789d0a84fbcd@group-321C7BA85E11: receive installSnapshot: a3de057e-22ba-4f20-867a-3c0291662fe2->905d2630-d761-45f8-9e86-789d0a84fbcd#0-t2,notify:(t:2, i:106)
2021-07-20 05:56:16,659 [grpc-default-executor-4] INFO  server.RaftServer$Division (RaftServerImpl.java:notifyStateMachineToInstallSnapshot(1559)) - 905d2630-d761-45f8-9e86-789d0a84fbcd@group-321C7BA85E11: StateMachine snapshotIndex is 202
2021-07-20 05:56:16,659 [grpc-default-executor-4] INFO  server.RaftServer$Division (RaftServerImpl.java:installSnapshotImpl(1458)) - 905d2630-d761-45f8-9e86-789d0a84fbcd@group-321C7BA85E11: set new configuration index: 5
configurationEntry {
  peers {
    id: "a3de057e-22ba-4f20-867a-3c0291662fe2"
    address: "localhost:13252"
  }
  peers {
    id: "5c2410e7-10a6-4620-b434-e19b0245711c"
    address: "localhost:13262"
  }
}
 from snapshot
2021-07-20 05:56:16,660 [grpc-default-executor-4] INFO  server.RaftServer$Division (ServerState.java:setRaftConf(373)) - 905d2630-d761-45f8-9e86-789d0a84fbcd@group-321C7BA85E11: set configuration 5: [a3de057e-22ba-4f20-867a-3c0291662fe2|rpc:localhost:13252|admin:|client:|dataStream:|priority:0, 5c2410e7-10a6-4620-b434-e19b0245711c|rpc:localhost:13262|admin:|client:|dataStream:|priority:0], old=null
2021-07-20 05:56:16,660 [grpc-default-executor-4] INFO  server.RaftServer$Division (RaftServerImpl.java:installSnapshot(1339)) - 905d2630-d761-45f8-9e86-789d0a84fbcd@group-321C7BA85E11: reply installSnapshot: a3de057e-22ba-4f20-867a-3c0291662fe2<-905d2630-d761-45f8-9e86-789d0a84fbcd#0:FAIL-t2,ALREADY_INSTALLED,snapshotIndex=202
2021-07-20 05:56:16,660 [grpc-default-executor-4] INFO  server.GrpcServerProtocolService (GrpcServerProtocolService.java:onCompleted(140)) - 905d2630-d761-45f8-9e86-789d0a84fbcd: Completed INSTALL_SNAPSHOT, lastRequest: a3de057e-22ba-4f20-867a-3c0291662fe2->905d2630-d761-45f8-9e86-789d0a84fbcd#0-t2,notify:(t:2, i:106)
2021-07-20 05:56:16,664 [grpc-default-executor-4] INFO  server.GrpcLogAppender (GrpcLogAppender.java:onNext(400)) - a3de057e-22ba-4f20-867a-3c0291662fe2@group-321C7BA85E11->905d2630-d761-45f8-9e86-789d0a84fbcd-InstallSnapshotResponseHandler: received a reply a3de057e-22ba-4f20-867a-3c0291662fe2<-905d2630-d761-45f8-9e86-789d0a84fbcd#0:FAIL-t2,ALREADY_INSTALLED,snapshotIndex=202
2021-07-20 05:56:16,664 [grpc-default-executor-4] INFO  server.GrpcLogAppender (GrpcLogAppender.java:onNext(422)) - a3de057e-22ba-4f20-867a-3c0291662fe2@group-321C7BA85E11->905d2630-d761-45f8-9e86-789d0a84fbcd-InstallSnapshotResponseHandler: Already Installed Snapshot Index 202.
2021-07-20 05:56:16,664 [grpc-default-executor-4] INFO  leader.FollowerInfo (FollowerInfoImpl.java:lambda$new$0(46)) - a3de057e-22ba-4f20-867a-3c0291662fe2@group-321C7BA85E11->905d2630-d761-45f8-9e86-789d0a84fbcd: snapshotIndex: setUnconditionally 0 -> 202
2021-07-20 05:56:16,664 [grpc-default-executor-4] INFO  leader.FollowerInfo (FollowerInfoImpl.java:lambda$new$0(46)) - a3de057e-22ba-4f20-867a-3c0291662fe2@group-321C7BA85E11->905d2630-d761-45f8-9e86-789d0a84fbcd: matchIndex: setUnconditionally 0 -> 202
2021-07-20 05:56:16,664 [grpc-default-executor-4] INFO  leader.FollowerInfo (FollowerInfoImpl.java:lambda$new$0(46)) - a3de057e-22ba-4f20-867a-3c0291662fe2@group-321C7BA85E11->905d2630-d761-45f8-9e86-789d0a84fbcd: nextIndex: setUnconditionally 0 -> 203
2021-07-20 05:56:16,664 [grpc-default-executor-4] INFO  leader.FollowerInfo (FollowerInfoImpl.java:lambda$new$0(46)) - a3de057e-22ba-4f20-867a-3c0291662fe2@group-321C7BA85E11->905d2630-d761-45f8-9e86-789d0a84fbcd: nextIndex: updateToMax old=203, new=203, updated? false
2021-07-20 05:56:16,670 [grpc-default-executor-4] INFO  segmented.SegmentedRaftLogWorker (SegmentedRaftLogWorker.java:startLogSegment(394)) - 905d2630-d761-45f8-9e86-789d0a84fbcd@group-321C7BA85E11-SegmentedRaftLogWorker: Starting segment from index:203
2021-07-20 05:56:16,672 [905d2630-d761-45f8-9e86-789d0a84fbcd@group-321C7BA85E11-SegmentedRaftLogWorker] INFO  segmented.SegmentedRaftLogWorker (SegmentedRaftLogWorker.java:execute(601)) - 905d2630-d761-45f8-9e86-789d0a84fbcd@group-321C7BA85E11-SegmentedRaftLogWorker: created new log segment /home/runner/work/ozone/ozone/mnt/ozone/hadoop-ozone/integration-test/target/test-dir/MiniOzoneClusterImpl-b2c6a007-39d2-4e45-b76c-321c7ba85e11/scmNode-3/scm-ha/b2c6a007-39d2-4e45-b76c-321c7ba85e11/current/log_inprogress_203
2021-07-20 05:56:16,681 [Datanode State Machine Thread - 0] ERROR datanode.RunningDatanodeState (RunningDatanodeState.java:computeNextContainerState(199)) - Error in executing end point task.
java.util.concurrent.ExecutionException: java.util.concurrent.TimeoutException
	at java.util.concurrent.FutureTask.report(FutureTask.java:122)
	at java.util.concurrent.FutureTask.get(FutureTask.java:192)
	at org.apache.hadoop.ozone.container.common.states.datanode.RunningDatanodeState.computeNextContainerState(RunningDatanodeState.java:191)
	at org.apache.hadoop.ozone.container.common.states.datanode.RunningDatanodeState.await(RunningDatanodeState.java:231)
	at org.apache.hadoop.ozone.container.common.states.datanode.RunningDatanodeState.await(RunningDatanodeState.java:50)
	at org.apache.hadoop.ozone.container.common.statemachine.StateContext.execute(StateContext.java:629)
	at org.apache.hadoop.ozone.container.common.statemachine.DatanodeStateMachine.start(DatanodeStateMachine.java:269)
	at org.apache.hadoop.ozone.container.common.statemachine.DatanodeStateMachine.lambda$startDaemon$0(DatanodeStateMachine.java:455)
	at java.lang.Thread.run(Thread.java:748)
Caused by: java.util.concurrent.TimeoutException
	at java.util.concurrent.FutureTask.get(FutureTask.java:205)
	at org.apache.hadoop.ozone.container.common.states.datanode.RunningDatanodeState.lambda$execute$0(RunningDatanodeState.java:149)
	at java.util.concurrent.FutureTask.run(FutureTask.java:266)
	at java.util.concurrent.Executors$RunnableAdapter.call(Executors.java:511)
	at java.util.concurrent.FutureTask.run(FutureTask.java:266)
	at java.util.concurrent.ThreadPoolExecutor.runWorker(ThreadPoolExecutor.java:1149)
	at java.util.concurrent.ThreadPoolExecutor$Worker.run(ThreadPoolExecutor.java:624)
	... 1 more
2021-07-20 05:56:16,690 [a3de057e-22ba-4f20-867a-3c0291662fe2@group-321C7BA85E11-LeaderStateImpl] INFO  server.RaftServer$Division (ServerState.java:setRaftConf(373)) - a3de057e-22ba-4f20-867a-3c0291662fe2@group-321C7BA85E11: set configuration 205: [a3de057e-22ba-4f20-867a-3c0291662fe2|rpc:localhost:13252|admin:|client:|dataStream:|priority:0, 5c2410e7-10a6-4620-b434-e19b0245711c|rpc:localhost:13262|priority:0, 905d2630-d761-45f8-9e86-789d0a84fbcd|rpc:localhost:13272|priority:0], old=[a3de057e-22ba-4f20-867a-3c0291662fe2|rpc:localhost:13252|admin:|client:|dataStream:|priority:0, 5c2410e7-10a6-4620-b434-e19b0245711c|rpc:localhost:13262|priority:0]
2021-07-20 05:56:16,692 [grpc-default-executor-3] INFO  server.RaftServer$Division (ServerState.java:setRaftConf(373)) - 905d2630-d761-45f8-9e86-789d0a84fbcd@group-321C7BA85E11: set configuration 205: [a3de057e-22ba-4f20-867a-3c0291662fe2|rpc:localhost:13252|admin:|client:|dataStream:|priority:0, 5c2410e7-10a6-4620-b434-e19b0245711c|rpc:localhost:13262|admin:|client:|dataStream:|priority:0, 905d2630-d761-45f8-9e86-789d0a84fbcd|rpc:localhost:13272|admin:|client:|dataStream:|priority:0], old=[a3de057e-22ba-4f20-867a-3c0291662fe2|rpc:localhost:13252|admin:|client:|dataStream:|priority:0, 5c2410e7-10a6-4620-b434-e19b0245711c|rpc:localhost:13262|admin:|client:|dataStream:|priority:0]
2021-07-20 05:56:16,693 [grpc-default-executor-4] INFO  server.RaftServer$Division (ServerState.java:setRaftConf(373)) - 5c2410e7-10a6-4620-b434-e19b0245711c@group-321C7BA85E11: set configuration 205: [a3de057e-22ba-4f20-867a-3c0291662fe2|rpc:localhost:13252|admin:|client:|dataStream:|priority:0, 5c2410e7-10a6-4620-b434-e19b0245711c|rpc:localhost:13262|admin:|client:|dataStream:|priority:0, 905d2630-d761-45f8-9e86-789d0a84fbcd|rpc:localhost:13272|admin:|client:|dataStream:|priority:0], old=[a3de057e-22ba-4f20-867a-3c0291662fe2|rpc:localhost:13252|admin:|client:|dataStream:|priority:0, 5c2410e7-10a6-4620-b434-e19b0245711c|rpc:localhost:13262|admin:|client:|dataStream:|priority:0]
2021-07-20 05:56:16,702 [a3de057e-22ba-4f20-867a-3c0291662fe2@group-321C7BA85E11-LeaderStateImpl] INFO  server.RaftServer$Division (ServerState.java:setRaftConf(373)) - a3de057e-22ba-4f20-867a-3c0291662fe2@group-321C7BA85E11: set configuration 207: [a3de057e-22ba-4f20-867a-3c0291662fe2|rpc:localhost:13252|admin:|client:|dataStream:|priority:0, 5c2410e7-10a6-4620-b434-e19b0245711c|rpc:localhost:13262|priority:0, 905d2630-d761-45f8-9e86-789d0a84fbcd|rpc:localhost:13272|priority:0], old=null
2021-07-20 05:56:16,703 [grpc-default-executor-4] INFO  server.RaftServer$Division (ServerState.java:setRaftConf(373)) - 905d2630-d761-45f8-9e86-789d0a84fbcd@group-321C7BA85E11: set configuration 207: [a3de057e-22ba-4f20-867a-3c0291662fe2|rpc:localhost:13252|admin:|client:|dataStream:|priority:0, 5c2410e7-10a6-4620-b434-e19b0245711c|rpc:localhost:13262|admin:|client:|dataStream:|priority:0, 905d2630-d761-45f8-9e86-789d0a84fbcd|rpc:localhost:13272|admin:|client:|dataStream:|priority:0], old=null
2021-07-20 05:56:16,705 [grpc-default-executor-3] INFO  server.RaftServer$Division (ServerState.java:setRaftConf(373)) - 5c2410e7-10a6-4620-b434-e19b0245711c@group-321C7BA85E11: set configuration 207: [a3de057e-22ba-4f20-867a-3c0291662fe2|rpc:localhost:13252|admin:|client:|dataStream:|priority:0, 5c2410e7-10a6-4620-b434-e19b0245711c|rpc:localhost:13262|admin:|client:|dataStream:|priority:0, 905d2630-d761-45f8-9e86-789d0a84fbcd|rpc:localhost:13272|admin:|client:|dataStream:|priority:0], old=null
2021-07-20 05:56:16,712 [IPC Server handler 0 on default port 13254] INFO  ha.SCMRatisServerImpl (SCMRatisServerImpl.java:addSCM(291)) - Successfully added new SCM: 905d2630-d761-45f8-9e86-789d0a84fbcd.
2021-07-20 05:56:16,712 [Listener at 127.0.0.1/12232] INFO  ha.SCMHAManagerImpl (SCMHAManagerImpl.java:start(116)) - Successfully added SCM scmNode-3 to group group-321C7BA85E11:[a3de057e-22ba-4f20-867a-3c0291662fe2|rpc:localhost:13252|admin:|client:|dataStream:|priority:0, 5c2410e7-10a6-4620-b434-e19b0245711c|rpc:localhost:13262|admin:|client:|dataStream:|priority:0, 905d2630-d761-45f8-9e86-789d0a84fbcd|rpc:localhost:13272|admin:|client:|dataStream:|priority:0]
2021-07-20 05:56:16,714 [Listener at 127.0.0.1/12232] INFO  ha.InterSCMGrpcService (InterSCMGrpcProtocolService.java:start(94)) - Starting SCM Grpc Service at port 13276
2021-07-20 05:56:16,715 [Listener at 127.0.0.1/12232] INFO  impl.MetricsSystemImpl (MetricsSystemImpl.java:init(158)) - StorageContainerManager metrics system started (again)
2021-07-20 05:56:16,744 [5c2410e7-10a6-4620-b434-e19b0245711c@group-321C7BA85E11-StateMachineUpdater] INFO  ha.SCMStateMachine (SCMStateMachine.java:takeSnapshot(290)) - Current Snapshot Index 207, takeSnapshot took 0 ms
2021-07-20 05:56:16,745 [5c2410e7-10a6-4620-b434-e19b0245711c@group-321C7BA85E11-StateMachineUpdater] INFO  impl.StateMachineUpdater (StateMachineUpdater.java:takeSnapshot(281)) - 5c2410e7-10a6-4620-b434-e19b0245711c@group-321C7BA85E11-StateMachineUpdater: Took a snapshot at index 207
2021-07-20 05:56:16,745 [5c2410e7-10a6-4620-b434-e19b0245711c@group-321C7BA85E11-StateMachineUpdater] INFO  impl.StateMachineUpdater (StateMachineUpdater.java:lambda$new$0(89)) - 5c2410e7-10a6-4620-b434-e19b0245711c@group-321C7BA85E11-StateMachineUpdater: snapshotIndex: updateIncreasingly 201 -> 207
2021-07-20 05:56:16,745 [5c2410e7-10a6-4620-b434-e19b0245711c@group-321C7BA85E11-StateMachineUpdater] INFO  raftlog.RaftLog (RaftLogBase.java:purge(306)) - 5c2410e7-10a6-4620-b434-e19b0245711c@group-321C7BA85E11-SegmentedRaftLog: purge 207
2021-07-20 05:56:16,745 [5c2410e7-10a6-4620-b434-e19b0245711c@group-321C7BA85E11-StateMachineUpdater] INFO  raftlog.RaftLog (RaftLogBase.java:lambda$new$0(53)) - 5c2410e7-10a6-4620-b434-e19b0245711c@group-321C7BA85E11-SegmentedRaftLog: snapshotIndex: updateIncreasingly 201 -> 207
2021-07-20 05:56:16,745 [5c2410e7-10a6-4620-b434-e19b0245711c@group-321C7BA85E11-StateMachineUpdater] INFO  raftlog.RaftLog (RaftLogBase.java:lambda$new$0(53)) - 5c2410e7-10a6-4620-b434-e19b0245711c@group-321C7BA85E11-SegmentedRaftLog: purgeIndex: updateToMax old=201, new=207, updated? true
2021-07-20 05:56:16,749 [Listener at 127.0.0.1/12232] INFO  server.SCMClientProtocolServer (SCMClientProtocolServer.java:start(165)) - RPC server for Client  is listening at /0.0.0.0:13275
2021-07-20 05:56:16,749 [IPC Server Responder] INFO  ipc.Server (Server.java:run(1507)) - IPC Server Responder: starting
2021-07-20 05:56:16,750 [IPC Server listener on 13275] INFO  ipc.Server (Server.java:run(1344)) - IPC Server listener on 13275: starting
2021-07-20 05:56:16,765 [Listener at 127.0.0.1/12232] INFO  server.StorageContainerManager (StorageContainerManager.java:start(1260)) - ScmBlockLocationProtocol RPC server is listening at /0.0.0.0:13274
2021-07-20 05:56:16,766 [Listener at 127.0.0.1/12232] INFO  server.SCMBlockProtocolServer (SCMBlockProtocolServer.java:start(151)) - RPC server for Block Protocol is listening at /0.0.0.0:13274
2021-07-20 05:56:16,766 [IPC Server Responder] INFO  ipc.Server (Server.java:run(1507)) - IPC Server Responder: starting
2021-07-20 05:56:16,766 [IPC Server listener on 13274] INFO  ipc.Server (Server.java:run(1344)) - IPC Server listener on 13274: starting
2021-07-20 05:56:16,774 [905d2630-d761-45f8-9e86-789d0a84fbcd@group-321C7BA85E11-StateMachineUpdater] INFO  ha.SCMHAManagerImpl (SCMHAManagerImpl.java:installCheckpoint(227)) - Installing checkpoint with SCMTransactionInfo 2#202
2021-07-20 05:56:16,775 [905d2630-d761-45f8-9e86-789d0a84fbcd@group-321C7BA85E11-StateMachineUpdater] INFO  ha.SCMHAManagerImpl (SCMHAManagerImpl.java:installCheckpoint(266)) - Replaced DB with checkpoint, term: 2, index: 202
2021-07-20 05:56:16,775 [905d2630-d761-45f8-9e86-789d0a84fbcd@group-321C7BA85E11-StateMachineUpdater] WARN  utils.HAUtils (HAUtils.java:getMetaDir(342)) - ozone.scm.db.dirs is not configured. We recommend adding this setting. Falling back to ozone.metadata.dirs instead.
2021-07-20 05:56:16,776 [905d2630-d761-45f8-9e86-789d0a84fbcd@group-321C7BA85E11-StateMachineUpdater] WARN  db.DBStoreBuilder (DBStoreBuilder.java:applyDBDefinition(145)) - ozone.scm.db.dirs is not configured. We recommend adding this setting. Falling back to ozone.metadata.dirs instead.
2021-07-20 05:56:16,783 [Listener at 127.0.0.1/12232] INFO  server.StorageContainerManager (StorageContainerManager.java:start(1266)) - ScmDatanodeProtocl RPC server is listening at /0.0.0.0:13273
2021-07-20 05:56:16,792 [Listener at 127.0.0.1/12232] INFO  http.BaseHttpServer (BaseHttpServer.java:newHttpServer2BuilderForOzone(209)) - Starting Web-server for scm at: http://0.0.0.0:13270
2021-07-20 05:56:16,792 [Listener at 127.0.0.1/12232] INFO  http.BaseHttpServer (BaseHttpServer.java:<init>(107)) - Hadoop Security Enabled: false Ozone Security Enabled: false Ozone HTTP Security Enabled: false 
2021-07-20 05:56:16,794 [Listener at 127.0.0.1/12232] INFO  server.AuthenticationFilter (AuthenticationFilter.java:constructSecretProvider(240)) - Unable to initialize FileSignerSecretProvider, falling back to use random secrets.
2021-07-20 05:56:16,795 [org.apache.hadoop.util.JvmPauseMonitor$Monitor@54907471] INFO  util.JvmPauseMonitor (JvmPauseMonitor.java:run(188)) - Starting JVM pause monitor
2021-07-20 05:56:16,796 [Listener at 127.0.0.1/12232] WARN  http.HttpRequestLog (HttpRequestLog.java:getRequestLog(103)) - Jetty request log can only be enabled using Log4j
2021-07-20 05:56:16,797 [Listener at 127.0.0.1/12232] INFO  http.HttpServer2 (HttpServer2.java:addGlobalFilter(1020)) - Added global filter 'safety' (class=org.apache.hadoop.hdds.server.http.HttpServer2$QuotingInputFilter)
2021-07-20 05:56:16,798 [Listener at 127.0.0.1/12232] INFO  http.HttpServer2 (HttpServer2.java:addFilter(996)) - Added filter static_user_filter (class=org.apache.hadoop.http.lib.StaticUserWebFilter$StaticUserFilter) to context scm
2021-07-20 05:56:16,798 [Listener at 127.0.0.1/12232] INFO  http.HttpServer2 (HttpServer2.java:addFilter(1004)) - Added filter static_user_filter (class=org.apache.hadoop.http.lib.StaticUserWebFilter$StaticUserFilter) to context static
2021-07-20 05:56:16,798 [Listener at 127.0.0.1/12232] INFO  http.HttpServer2 (HttpServer2.java:addFilter(1004)) - Added filter static_user_filter (class=org.apache.hadoop.http.lib.StaticUserWebFilter$StaticUserFilter) to context logs
2021-07-20 05:56:16,799 [Listener at 127.0.0.1/12232] INFO  http.HttpServer2 (HttpServer2.java:bindListener(1238)) - Jetty bound to port 13270
2021-07-20 05:56:16,800 [Listener at 127.0.0.1/12232] INFO  server.Server (Server.java:doStart(375)) - jetty-9.4.35.v20201120; built: 2020-11-20T21:17:03.964Z; git: bdc54f03a5e0a7e280fab27f55c3c75ee8da89fb; jvm 1.8.0_292-b10
2021-07-20 05:56:16,813 [Listener at 127.0.0.1/12232] INFO  server.session (DefaultSessionIdManager.java:doStart(334)) - DefaultSessionIdManager workerName=node0
2021-07-20 05:56:16,813 [Listener at 127.0.0.1/12232] INFO  server.session (DefaultSessionIdManager.java:doStart(339)) - No SessionScavenger set, using defaults
2021-07-20 05:56:16,813 [Listener at 127.0.0.1/12232] INFO  server.session (HouseKeeper.java:startScavenging(132)) - node0 Scavenging every 600000ms
2021-07-20 05:56:16,815 [Listener at 127.0.0.1/12232] INFO  handler.ContextHandler (ContextHandler.java:doStart(916)) - Started o.e.j.s.ServletContextHandler@3e00d115{logs,/logs,file:///home/runner/work/ozone/ozone/mnt/ozone/hadoop-ozone/integration-test/target/log,AVAILABLE}
2021-07-20 05:56:16,816 [Listener at 127.0.0.1/12232] INFO  handler.ContextHandler (ContextHandler.java:doStart(916)) - Started o.e.j.s.ServletContextHandler@5d131f37{static,/static,file:///home/runner/work/ozone/ozone/mnt/ozone/hadoop-ozone/integration-test/target/test-classes/webapps/static,AVAILABLE}
2021-07-20 05:56:16,821 [Listener at 127.0.0.1/12232] INFO  handler.ContextHandler (ContextHandler.java:doStart(916)) - Started o.e.j.w.WebAppContext@23358a67{scm,/,file:///home/runner/work/ozone/ozone/mnt/ozone/hadoop-ozone/integration-test/target/test-classes/webapps/scm/,AVAILABLE}{file:/home/runner/work/ozone/ozone/mnt/ozone/hadoop-ozone/integration-test/target/test-classes/webapps/scm}
2021-07-20 05:56:16,823 [Listener at 127.0.0.1/12232] INFO  server.AbstractConnector (AbstractConnector.java:doStart(331)) - Started ServerConnector@518ed96e{HTTP/1.1, (http/1.1)}{0.0.0.0:13270}
2021-07-20 05:56:16,823 [Listener at 127.0.0.1/12232] INFO  server.Server (Server.java:doStart(415)) - Started @43372ms
2021-07-20 05:56:16,823 [Listener at 127.0.0.1/12232] WARN  impl.MetricsSystemImpl (MetricsSystemImpl.java:register(279)) - Sink prometheus already exists!
2021-07-20 05:56:16,824 [Listener at 127.0.0.1/12232] INFO  http.BaseHttpServer (BaseHttpServer.java:updateConnectorAddress(329)) - HTTP server of scm listening at http://0.0.0.0:13270
2021-07-20 05:56:16,830 [Listener at 127.0.0.1/12232] INFO  ozone.MiniOzoneClusterImpl (MiniOzoneClusterImpl.java:shutdown(448)) - Shutting down the Mini Ozone Cluster
2021-07-20 05:56:16,831 [Listener at 127.0.0.1/12232] INFO  ozone.MiniOzoneHAClusterImpl (MiniOzoneHAClusterImpl.java:stop(291)) - Stopping the OzoneManager omNode-1
2021-07-20 05:56:16,831 [Listener at 127.0.0.1/12232] INFO  ipc.Server (Server.java:stop(3414)) - Stopping server on 12232
2021-07-20 05:56:16,846 [IPC Server Responder] INFO  ipc.Server (Server.java:run(1512)) - Stopping IPC Server Responder
2021-07-20 05:56:16,846 [IPC Server listener on 12232] INFO  ipc.Server (Server.java:run(1376)) - Stopping IPC Server listener on 12232
2021-07-20 05:56:16,846 [Listener at 127.0.0.1/12232] INFO  server.RaftServer (RaftServerProxy.java:lambda$close$6(391)) - omNode-1: close
2021-07-20 05:56:16,848 [Listener at 127.0.0.1/12232] INFO  server.RaftServer$Division (RaftServerImpl.java:lambda$close$4(406)) - omNode-1@group-523986131536: shutdown
2021-07-20 05:56:16,848 [Listener at 127.0.0.1/12232] INFO  util.JmxRegister (JmxRegister.java:unregister(73)) - Successfully un-registered JMX Bean with object name Ratis:service=RaftServer,group=group-523986131536,id=omNode-1
2021-07-20 05:56:16,848 [Listener at 127.0.0.1/12232] INFO  impl.RoleInfo (RoleInfo.java:shutdownLeaderState(91)) - omNode-1: shutdown omNode-1@group-523986131536-LeaderStateImpl
2021-07-20 05:56:16,848 [Listener at 127.0.0.1/12232] INFO  impl.PendingRequests (PendingRequests.java:sendNotLeaderResponses(249)) - omNode-1@group-523986131536-PendingRequests: sendNotLeaderResponses
2021-07-20 05:56:16,849 [Listener at 127.0.0.1/12232] INFO  metrics.RatisMetrics (RatisMetrics.java:unregister(43)) - Unregistering Metrics Registry : ratis.log_appender.omNode-1@group-523986131536
2021-07-20 05:56:16,849 [Listener at 127.0.0.1/12232] INFO  metrics.RatisMetrics (RatisMetrics.java:unregister(43)) - Unregistering Metrics Registry : ratis.server.omNode-1@group-523986131536
2021-07-20 05:56:16,841 [905d2630-d761-45f8-9e86-789d0a84fbcd@group-321C7BA85E11-StateMachineUpdater] INFO  ha.SequenceIdGenerator (SequenceIdGenerator.java:reinitialize(165)) - reinitialize SequenceIdGenerator.
2021-07-20 05:56:16,859 [omNode-1@group-523986131536-StateMachineUpdater] INFO  ratis.OzoneManagerStateMachine (OzoneManagerStateMachine.java:takeSnapshot(396)) - Current Snapshot Index (t:1, i:0)
2021-07-20 05:56:16,859 [omNode-1@group-523986131536-StateMachineUpdater] INFO  impl.StateMachineUpdater (StateMachineUpdater.java:takeSnapshot(281)) - omNode-1@group-523986131536-StateMachineUpdater: Took a snapshot at index 0
2021-07-20 05:56:16,859 [omNode-1@group-523986131536-StateMachineUpdater] INFO  impl.StateMachineUpdater (StateMachineUpdater.java:lambda$new$0(89)) - omNode-1@group-523986131536-StateMachineUpdater: snapshotIndex: updateIncreasingly -1 -> 0
2021-07-20 05:56:16,860 [omNode-1@group-523986131536-StateMachineUpdater] INFO  metrics.RatisMetrics (RatisMetrics.java:unregister(43)) - Unregistering Metrics Registry : ratis.state_machine.omNode-1@group-523986131536
2021-07-20 05:56:16,861 [905d2630-d761-45f8-9e86-789d0a84fbcd@group-321C7BA85E11-StateMachineUpdater] INFO  ha.SCMHAManagerImpl (SCMHAManagerImpl.java:installCheckpoint(277)) - Reloaded SCM state with Term: 2 and Index: 202
2021-07-20 05:56:16,863 [Listener at 127.0.0.1/12232] INFO  impl.StateMachineUpdater (StateMachineUpdater.java:stopAndJoin(149)) - omNode-1@group-523986131536-StateMachineUpdater: set stopIndex = 0
2021-07-20 05:56:16,863 [Listener at 127.0.0.1/12232] INFO  server.RaftServer$Division (ServerState.java:close(405)) - omNode-1@group-523986131536: closes. applyIndex: 0
2021-07-20 05:56:16,864 [omNode-1@group-523986131536-SegmentedRaftLogWorker] INFO  segmented.SegmentedRaftLogWorker (SegmentedRaftLogWorker.java:run(327)) - omNode-1@group-523986131536-SegmentedRaftLogWorker was interrupted, exiting. There are 0 tasks remaining in the queue.
2021-07-20 05:56:16,871 [Listener at 127.0.0.1/12232] INFO  segmented.SegmentedRaftLogWorker (SegmentedRaftLogWorker.java:close(237)) - omNode-1@group-523986131536-SegmentedRaftLogWorker close()
2021-07-20 05:56:16,872 [905d2630-d761-45f8-9e86-789d0a84fbcd@group-321C7BA85E11-StateMachineUpdater] INFO  impl.StateMachineUpdater (StateMachineUpdater.java:lambda$new$0(89)) - 905d2630-d761-45f8-9e86-789d0a84fbcd@group-321C7BA85E11-StateMachineUpdater: snapshotIndex: setUnconditionally -1 -> 202
2021-07-20 05:56:16,872 [905d2630-d761-45f8-9e86-789d0a84fbcd@group-321C7BA85E11-StateMachineUpdater] INFO  impl.StateMachineUpdater (StateMachineUpdater.java:lambda$new$0(89)) - 905d2630-d761-45f8-9e86-789d0a84fbcd@group-321C7BA85E11-StateMachineUpdater: appliedIndex: setUnconditionally -1 -> 202
2021-07-20 05:56:16,874 [Listener at 127.0.0.1/12232] INFO  metrics.RatisMetrics (RatisMetrics.java:unregister(43)) - Unregistering Metrics Registry : ratis.log_worker.omNode-1@group-523986131536
2021-07-20 05:56:16,874 [Listener at 127.0.0.1/12232] INFO  metrics.RatisMetrics (RatisMetrics.java:unregister(43)) - Unregistering Metrics Registry : ratis.leader_election.omNode-1@group-523986131536
2021-07-20 05:56:16,874 [Listener at 127.0.0.1/12232] INFO  metrics.RatisMetrics (RatisMetrics.java:unregister(43)) - Unregistering Metrics Registry : ratis.server.omNode-1@group-523986131536
2021-07-20 05:56:16,875 [Listener at 127.0.0.1/12232] INFO  server.GrpcService (GrpcService.java:closeImpl(262)) - omNode-1: shutdown server with port 12236 now
2021-07-20 05:56:16,875 [Listener at 127.0.0.1/12232] INFO  server.GrpcService (GrpcService.java:closeImpl(271)) - omNode-1: shutdown server with port 12236 successfully
2021-07-20 05:56:16,875 [org.apache.ratis.util.JvmPauseMonitor$$Lambda$496/1294139740@5191288e] INFO  util.JvmPauseMonitor (JvmPauseMonitor.java:run(109)) - JvmPauseMonitor-omNode-1: Stopped
2021-07-20 05:56:16,876 [Listener at 127.0.0.1/12232] INFO  ratis.OzoneManagerDoubleBuffer (OzoneManagerDoubleBuffer.java:stop(437)) - Stopping OMDoubleBuffer flush thread
2021-07-20 05:56:16,876 [905d2630-d761-45f8-9e86-789d0a84fbcd@group-321C7BA85E11-StateMachineUpdater] INFO  safemode.HealthyPipelineSafeModeRule (HealthyPipelineSafeModeRule.java:initializeRule(152)) - Refreshed total pipeline count is 2, healthy pipeline threshold count is 1
2021-07-20 05:56:16,877 [905d2630-d761-45f8-9e86-789d0a84fbcd@group-321C7BA85E11-StateMachineUpdater] INFO  safemode.ContainerSafeModeRule (ContainerSafeModeRule.java:reInitializeRule(177)) - Refreshed one replica container threshold 0, currentThreshold 0
2021-07-20 05:56:16,877 [905d2630-d761-45f8-9e86-789d0a84fbcd@group-321C7BA85E11-StateMachineUpdater] INFO  safemode.OneReplicaPipelineSafeModeRule (OneReplicaPipelineSafeModeRule.java:initializeRule(176)) - Refreshed Total pipeline count is 2, pipeline's with at least one datanode reported threshold count is 2
2021-07-20 05:56:16,877 [905d2630-d761-45f8-9e86-789d0a84fbcd@group-321C7BA85E11-StateMachineUpdater] INFO  server.SCMDatanodeProtocolServer (SCMDatanodeProtocolServer.java:start(181)) - RPC server for DataNodes is listening at /0.0.0.0:13273
2021-07-20 05:56:16,876 [OMDoubleBufferFlushThread] INFO  ratis.OzoneManagerDoubleBuffer (OzoneManagerDoubleBuffer.java:flushTransactions(356)) - OMDoubleBuffer flush thread OMDoubleBufferFlushThread is interrupted and will exit. OMDoubleBufferFlushThread
2021-07-20 05:56:16,879 [Listener at 127.0.0.1/12232] INFO  utils.BackgroundService (BackgroundService.java:shutdown(132)) - Shutting down service KeyDeletingService
2021-07-20 05:56:16,893 [Listener at 127.0.0.1/12232] INFO  handler.ContextHandler (ContextHandler.java:doStop(1154)) - Stopped o.e.j.w.WebAppContext@78e8594a{ozoneManager,/,null,STOPPED}{file:/home/runner/work/ozone/ozone/mnt/ozone/hadoop-ozone/integration-test/target/test-classes/webapps/ozoneManager}
2021-07-20 05:56:16,895 [IPC Server Responder] INFO  ipc.Server (Server.java:run(1507)) - IPC Server Responder: starting
2021-07-20 05:56:16,897 [Listener at 127.0.0.1/12232] INFO  server.AbstractConnector (AbstractConnector.java:doStop(381)) - Stopped ServerConnector@54214c34{HTTP/1.1, (http/1.1)}{0.0.0.0:12234}
2021-07-20 05:56:16,897 [Listener at 127.0.0.1/12232] INFO  server.session (HouseKeeper.java:stopScavenging(149)) - node0 Stopped scavenging
2021-07-20 05:56:16,898 [IPC Server listener on 13273] INFO  ipc.Server (Server.java:run(1344)) - IPC Server listener on 13273: starting
2021-07-20 05:56:16,908 [Listener at 127.0.0.1/12232] INFO  handler.ContextHandler (ContextHandler.java:doStop(1154)) - Stopped o.e.j.s.ServletContextHandler@1c322b6a{static,/static,file:///home/runner/work/ozone/ozone/mnt/ozone/hadoop-ozone/integration-test/target/test-classes/webapps/static,STOPPED}
2021-07-20 05:56:16,908 [Listener at 127.0.0.1/12232] INFO  handler.ContextHandler (ContextHandler.java:doStop(1154)) - Stopped o.e.j.s.ServletContextHandler@69c4bbfe{logs,/logs,file:///home/runner/work/ozone/ozone/mnt/ozone/hadoop-ozone/integration-test/target/log,STOPPED}
2021-07-20 05:56:16,910 [IPC Server handler 19 on default port 13273] INFO  ipc.Server (Server.java:run(1026)) - IPC Server handler 19 on default port 13273: skipped Call#28 Retry#0 org.apache.hadoop.ozone.protocol.StorageContainerDatanodeProtocol.submitRequest from 127.0.0.1:58922
2021-07-20 05:56:16,910 [IPC Server handler 19 on default port 13273] INFO  ipc.Server (Server.java:run(1026)) - IPC Server handler 19 on default port 13273: skipped Call#113 Retry#0 org.apache.hadoop.ozone.protocol.StorageContainerDatanodeProtocol.submitRequest from 127.0.0.1:58958
2021-07-20 05:56:16,912 [905d2630-d761-45f8-9e86-789d0a84fbcd@group-321C7BA85E11-StateMachineUpdater] INFO  ha.SCMStateMachine (SCMStateMachine.java:takeSnapshot(290)) - Current Snapshot Index 207, takeSnapshot took 0 ms
2021-07-20 05:56:16,912 [905d2630-d761-45f8-9e86-789d0a84fbcd@group-321C7BA85E11-StateMachineUpdater] INFO  impl.StateMachineUpdater (StateMachineUpdater.java:takeSnapshot(281)) - 905d2630-d761-45f8-9e86-789d0a84fbcd@group-321C7BA85E11-StateMachineUpdater: Took a snapshot at index 207
2021-07-20 05:56:16,912 [905d2630-d761-45f8-9e86-789d0a84fbcd@group-321C7BA85E11-StateMachineUpdater] INFO  impl.StateMachineUpdater (StateMachineUpdater.java:lambda$new$0(89)) - 905d2630-d761-45f8-9e86-789d0a84fbcd@group-321C7BA85E11-StateMachineUpdater: snapshotIndex: updateIncreasingly 202 -> 207
2021-07-20 05:56:16,912 [905d2630-d761-45f8-9e86-789d0a84fbcd@group-321C7BA85E11-StateMachineUpdater] INFO  raftlog.RaftLog (RaftLogBase.java:purge(306)) - 905d2630-d761-45f8-9e86-789d0a84fbcd@group-321C7BA85E11-SegmentedRaftLog: purge 207
2021-07-20 05:56:16,912 [905d2630-d761-45f8-9e86-789d0a84fbcd@group-321C7BA85E11-StateMachineUpdater] INFO  raftlog.RaftLog (RaftLogBase.java:lambda$new$0(53)) - 905d2630-d761-45f8-9e86-789d0a84fbcd@group-321C7BA85E11-SegmentedRaftLog: snapshotIndex: updateIncreasingly 202 -> 207
2021-07-20 05:56:16,912 [905d2630-d761-45f8-9e86-789d0a84fbcd@group-321C7BA85E11-StateMachineUpdater] INFO  raftlog.RaftLog (RaftLogBase.java:lambda$new$0(53)) - 905d2630-d761-45f8-9e86-789d0a84fbcd@group-321C7BA85E11-SegmentedRaftLog: purgeIndex: updateToMax old=-1, new=207, updated? true
2021-07-20 05:56:16,913 [Listener at 127.0.0.1/12232] INFO  ozone.MiniOzoneHAClusterImpl (MiniOzoneHAClusterImpl.java:stop(299)) - Stopping the StorageContainerManager a3de057e-22ba-4f20-867a-3c0291662fe2
2021-07-20 05:56:16,913 [Listener at 127.0.0.1/12232] INFO  server.StorageContainerManager (StorageContainerManager.java:stop(1337)) - Stopping Replication Manager Service.
2021-07-20 05:56:16,913 [Listener at 127.0.0.1/12232] INFO  container.ReplicationManager (ReplicationManager.java:stop(329)) - Stopping Replication Monitor Thread.
2021-07-20 05:56:16,913 [Listener at 127.0.0.1/12232] INFO  server.StorageContainerManager (StorageContainerManager.java:stop(1344)) - Stopping the Datanode Admin Monitor.
2021-07-20 05:56:16,913 [IPC Server handler 0 on default port 13273] INFO  ipc.Server (Server.java:run(1026)) - IPC Server handler 0 on default port 13273: skipped Call#29 Retry#0 org.apache.hadoop.ozone.protocol.StorageContainerDatanodeProtocol.submitRequest from 127.0.0.1:58922
2021-07-20 05:56:16,913 [IPC Server handler 0 on default port 13273] INFO  ipc.Server (Server.java:run(1026)) - IPC Server handler 0 on default port 13273: skipped Call#114 Retry#0 org.apache.hadoop.ozone.protocol.StorageContainerDatanodeProtocol.submitRequest from 127.0.0.1:58958
2021-07-20 05:56:16,914 [Listener at 127.0.0.1/12232] INFO  server.StorageContainerManager (StorageContainerManager.java:stop(1351)) - Stopping Lease Manager of the command watchers
2021-07-20 05:56:16,914 [EndpointStateMachine task thread for /127.0.0.1:13273 - 0 ] INFO  ozoneimpl.OzoneContainer (OzoneContainer.java:start(301)) - Ignore. OzoneContainer already started.
2021-07-20 05:56:16,915 [IPC Server handler 2 on default port 13273] INFO  ipc.Server (Server.java:run(1026)) - IPC Server handler 2 on default port 13273: skipped Call#30 Retry#0 org.apache.hadoop.ozone.protocol.StorageContainerDatanodeProtocol.submitRequest from 127.0.0.1:58922
2021-07-20 05:56:16,915 [IPC Server handler 2 on default port 13273] INFO  ipc.Server (Server.java:run(1026)) - IPC Server handler 2 on default port 13273: skipped Call#112 Retry#0 org.apache.hadoop.ozone.protocol.StorageContainerDatanodeProtocol.submitRequest from 127.0.0.1:58958
2021-07-20 05:56:16,915 [Listener at 127.0.0.1/12232] INFO  server.StorageContainerManager (StorageContainerManager.java:stop(1358)) - Stopping datanode service RPC server
2021-07-20 05:56:16,915 [Listener at 127.0.0.1/12232] INFO  server.SCMDatanodeProtocolServer (SCMDatanodeProtocolServer.java:stop(389)) - Stopping the RPC server for DataNodes
2021-07-20 05:56:16,915 [Listener at 127.0.0.1/12232] INFO  ipc.Server (Server.java:stop(3414)) - Stopping server on 13253
2021-07-20 05:56:16,914 [IPC Server handler 0 on default port 13273] WARN  ipc.Server (Server.java:processResponse(1717)) - IPC Server handler 0 on default port 13273, call Call#75 Retry#0 org.apache.hadoop.ozone.protocol.StorageContainerDatanodeProtocol.submitRequest from 127.0.0.1:58944: output error
2021-07-20 05:56:16,916 [IPC Server handler 0 on default port 13273] INFO  ipc.Server (Server.java:run(2979)) - IPC Server handler 0 on default port 13273 caught an exception
java.io.IOException: Broken pipe
	at sun.nio.ch.FileDispatcherImpl.write0(Native Method)
	at sun.nio.ch.SocketDispatcher.write(SocketDispatcher.java:47)
	at sun.nio.ch.IOUtil.writeFromNativeBuffer(IOUtil.java:93)
	at sun.nio.ch.IOUtil.write(IOUtil.java:65)
	at sun.nio.ch.SocketChannelImpl.write(SocketChannelImpl.java:470)
	at org.apache.hadoop.ipc.Server.channelWrite(Server.java:3605)
	at org.apache.hadoop.ipc.Server.access$1700(Server.java:141)
	at org.apache.hadoop.ipc.Server$Responder.processResponse(Server.java:1667)
	at org.apache.hadoop.ipc.Server$Responder.doRespond(Server.java:1737)
	at org.apache.hadoop.ipc.Server$Connection.sendResponse(Server.java:2837)
	at org.apache.hadoop.ipc.Server$Connection.access$300(Server.java:1809)
	at org.apache.hadoop.ipc.Server$RpcCall.doResponse(Server.java:1117)
	at org.apache.hadoop.ipc.Server$Call.doResponse(Server.java:909)
	at org.apache.hadoop.ipc.Server$Call.sendResponse(Server.java:895)
	at org.apache.hadoop.ipc.Server$RpcCall.run(Server.java:1052)
	at org.apache.hadoop.ipc.Server$RpcCall.run(Server.java:963)
	at java.security.AccessController.doPrivileged(Native Method)
	at javax.security.auth.Subject.doAs(Subject.java:422)
	at org.apache.hadoop.security.UserGroupInformation.doAs(UserGroupInformation.java:1878)
	at org.apache.hadoop.ipc.Server$Handler.run(Server.java:2966)
2021-07-20 05:56:16,920 [IPC Server handler 1 on default port 13273] WARN  ipc.Server (Server.java:processResponse(1717)) - IPC Server handler 1 on default port 13273, call Call#8 Retry#0 org.apache.hadoop.ozone.protocol.StorageContainerDatanodeProtocol.submitRequest from 127.0.0.1:58920: output error
2021-07-20 05:56:16,920 [IPC Server handler 1 on default port 13273] INFO  ipc.Server (Server.java:run(2979)) - IPC Server handler 1 on default port 13273 caught an exception
java.nio.channels.ClosedChannelException
	at sun.nio.ch.SocketChannelImpl.ensureWriteOpen(SocketChannelImpl.java:269)
	at sun.nio.ch.SocketChannelImpl.write(SocketChannelImpl.java:460)
	at org.apache.hadoop.ipc.Server.channelWrite(Server.java:3605)
	at org.apache.hadoop.ipc.Server.access$1700(Server.java:141)
	at org.apache.hadoop.ipc.Server$Responder.processResponse(Server.java:1667)
	at org.apache.hadoop.ipc.Server$Responder.doRespond(Server.java:1737)
	at org.apache.hadoop.ipc.Server$Connection.sendResponse(Server.java:2837)
	at org.apache.hadoop.ipc.Server$Connection.access$300(Server.java:1809)
	at org.apache.hadoop.ipc.Server$RpcCall.doResponse(Server.java:1117)
	at org.apache.hadoop.ipc.Server$Call.doResponse(Server.java:909)
	at org.apache.hadoop.ipc.Server$Call.sendResponse(Server.java:895)
	at org.apache.hadoop.ipc.Server$RpcCall.run(Server.java:1052)
	at org.apache.hadoop.ipc.Server$RpcCall.run(Server.java:963)
	at java.security.AccessController.doPrivileged(Native Method)
	at javax.security.auth.Subject.doAs(Subject.java:422)
	at org.apache.hadoop.security.UserGroupInformation.doAs(UserGroupInformation.java:1878)
	at org.apache.hadoop.ipc.Server$Handler.run(Server.java:2966)
2021-07-20 05:56:16,920 [IPC Server handler 3 on default port 13273] WARN  ipc.Server (Server.java:processResponse(1717)) - IPC Server handler 3 on default port 13273, call Call#74 Retry#0 org.apache.hadoop.ozone.protocol.StorageContainerDatanodeProtocol.submitRequest from 127.0.0.1:58944: output error
2021-07-20 05:56:16,921 [IPC Server handler 3 on default port 13273] INFO  ipc.Server (Server.java:run(2979)) - IPC Server handler 3 on default port 13273 caught an exception
java.nio.channels.ClosedChannelException
	at sun.nio.ch.SocketChannelImpl.ensureWriteOpen(SocketChannelImpl.java:269)
	at sun.nio.ch.SocketChannelImpl.write(SocketChannelImpl.java:460)
	at org.apache.hadoop.ipc.Server.channelWrite(Server.java:3605)
	at org.apache.hadoop.ipc.Server.access$1700(Server.java:141)
	at org.apache.hadoop.ipc.Server$Responder.processResponse(Server.java:1667)
	at org.apache.hadoop.ipc.Server$Responder.doRespond(Server.java:1737)
	at org.apache.hadoop.ipc.Server$Connection.sendResponse(Server.java:2837)
	at org.apache.hadoop.ipc.Server$Connection.access$300(Server.java:1809)
	at org.apache.hadoop.ipc.Server$RpcCall.doResponse(Server.java:1117)
	at org.apache.hadoop.ipc.Server$Call.doResponse(Server.java:909)
	at org.apache.hadoop.ipc.Server$Call.sendResponse(Server.java:895)
	at org.apache.hadoop.ipc.Server$RpcCall.run(Server.java:1052)
	at org.apache.hadoop.ipc.Server$RpcCall.run(Server.java:963)
	at java.security.AccessController.doPrivileged(Native Method)
	at javax.security.auth.Subject.doAs(Subject.java:422)
	at org.apache.hadoop.security.UserGroupInformation.doAs(UserGroupInformation.java:1878)
	at org.apache.hadoop.ipc.Server$Handler.run(Server.java:2966)
2021-07-20 05:56:16,921 [IPC Server handler 4 on default port 13273] WARN  ipc.Server (Server.java:processResponse(1717)) - IPC Server handler 4 on default port 13273, call Call#13 Retry#0 org.apache.hadoop.ozone.protocol.StorageContainerDatanodeProtocol.submitRequest from 127.0.0.1:58920: output error
2021-07-20 05:56:16,921 [IPC Server handler 4 on default port 13273] INFO  ipc.Server (Server.java:run(2979)) - IPC Server handler 4 on default port 13273 caught an exception
java.nio.channels.ClosedChannelException
	at sun.nio.ch.SocketChannelImpl.ensureWriteOpen(SocketChannelImpl.java:269)
	at sun.nio.ch.SocketChannelImpl.write(SocketChannelImpl.java:460)
	at org.apache.hadoop.ipc.Server.channelWrite(Server.java:3605)
	at org.apache.hadoop.ipc.Server.access$1700(Server.java:141)
	at org.apache.hadoop.ipc.Server$Responder.processResponse(Server.java:1667)
	at org.apache.hadoop.ipc.Server$Responder.doRespond(Server.java:1737)
	at org.apache.hadoop.ipc.Server$Connection.sendResponse(Server.java:2837)
	at org.apache.hadoop.ipc.Server$Connection.access$300(Server.java:1809)
	at org.apache.hadoop.ipc.Server$RpcCall.doResponse(Server.java:1117)
	at org.apache.hadoop.ipc.Server$Call.doResponse(Server.java:909)
	at org.apache.hadoop.ipc.Server$Call.sendResponse(Server.java:895)
	at org.apache.hadoop.ipc.Server$RpcCall.run(Server.java:1052)
	at org.apache.hadoop.ipc.Server$RpcCall.run(Server.java:963)
	at java.security.AccessController.doPrivileged(Native Method)
	at javax.security.auth.Subject.doAs(Subject.java:422)
	at org.apache.hadoop.security.UserGroupInformation.doAs(UserGroupInformation.java:1878)
	at org.apache.hadoop.ipc.Server$Handler.run(Server.java:2966)
2021-07-20 05:56:16,921 [EndpointStateMachine task thread for /127.0.0.1:13273 - 0 ] INFO  ozoneimpl.OzoneContainer (OzoneContainer.java:start(301)) - Ignore. OzoneContainer already started.
2021-07-20 05:56:16,923 [IPC Server listener on 13253] INFO  ipc.Server (Server.java:run(1376)) - Stopping IPC Server listener on 13253
2021-07-20 05:56:16,923 [EndpointStateMachine task thread for /127.0.0.1:13273 - 0 ] INFO  ozoneimpl.OzoneContainer (OzoneContainer.java:start(301)) - Ignore. OzoneContainer already started.
2021-07-20 05:56:16,930 [IPC Server Responder] INFO  ipc.Server (Server.java:run(1512)) - Stopping IPC Server Responder
2021-07-20 05:56:17,543 [EndpointStateMachine task thread for /127.0.0.1:13253 - 0 ] WARN  statemachine.EndpointStateMachine (EndpointStateMachine.java:logIfNeeded(236)) - Unable to communicate to SCM server at localhost:13253 for past 0 seconds.
java.io.EOFException: End of File Exception between local host is: "fv-az291-163/10.1.0.42"; destination host is: "localhost":13253; : java.io.EOFException; For more details see:  http://wiki.apache.org/hadoop/EOFException
	at sun.reflect.NativeConstructorAccessorImpl.newInstance0(Native Method)
	at sun.reflect.NativeConstructorAccessorImpl.newInstance(NativeConstructorAccessorImpl.java:62)
	at sun.reflect.DelegatingConstructorAccessorImpl.newInstance(DelegatingConstructorAccessorImpl.java:45)
	at java.lang.reflect.Constructor.newInstance(Constructor.java:423)
	at org.apache.hadoop.net.NetUtils.wrapWithMessage(NetUtils.java:913)
	at org.apache.hadoop.net.NetUtils.wrapException(NetUtils.java:862)
	at org.apache.hadoop.ipc.Client.getRpcResponse(Client.java:1577)
	at org.apache.hadoop.ipc.Client.call(Client.java:1519)
	at org.apache.hadoop.ipc.Client.call(Client.java:1416)
	at org.apache.hadoop.ipc.ProtobufRpcEngine$Invoker.invoke(ProtobufRpcEngine.java:236)
	at org.apache.hadoop.ipc.ProtobufRpcEngine$Invoker.invoke(ProtobufRpcEngine.java:123)
	at com.sun.proxy.$Proxy47.submitRequest(Unknown Source)
	at org.apache.hadoop.ozone.protocolPB.StorageContainerDatanodeProtocolClientSideTranslatorPB.submitRequest(StorageContainerDatanodeProtocolClientSideTranslatorPB.java:117)
	at org.apache.hadoop.ozone.protocolPB.StorageContainerDatanodeProtocolClientSideTranslatorPB.sendHeartbeat(StorageContainerDatanodeProtocolClientSideTranslatorPB.java:149)
	at org.apache.hadoop.ozone.container.common.states.endpoint.HeartbeatEndpointTask.call(HeartbeatEndpointTask.java:179)
	at org.apache.hadoop.ozone.container.common.states.endpoint.HeartbeatEndpointTask.call(HeartbeatEndpointTask.java:82)
	at java.util.concurrent.FutureTask.run(FutureTask.java:266)
	at java.util.concurrent.ThreadPoolExecutor.runWorker(ThreadPoolExecutor.java:1149)
	at java.util.concurrent.ThreadPoolExecutor$Worker.run(ThreadPoolExecutor.java:624)
	at java.lang.Thread.run(Thread.java:748)
Caused by: java.io.EOFException
	at java.io.DataInputStream.readInt(DataInputStream.java:392)
	at org.apache.hadoop.ipc.Client$IpcStreams.readResponse(Client.java:1892)
	at org.apache.hadoop.ipc.Client$Connection.receiveRpcResponse(Client.java:1202)
	at org.apache.hadoop.ipc.Client$Connection.run(Client.java:1098)
2021-07-20 05:56:17,547 [IPC Server handler 15 on default port 13273] INFO  net.NetworkTopologyImpl (NetworkTopologyImpl.java:add(112)) - Added a new node: /default-rack/9faaa3cd-c518-4f7b-b785-ee74f85cb545
2021-07-20 05:56:17,547 [IPC Server handler 15 on default port 13273] INFO  node.SCMNodeManager (SCMNodeManager.java:register(386)) - Registered Data node : 9faaa3cd-c518-4f7b-b785-ee74f85cb545{ip: 127.0.0.1, host: localhost, ports: [REPLICATION=34365, RATIS=34605, RATIS_ADMIN=34605, RATIS_SERVER=34605, STANDALONE=38493], networkLocation: /default-rack, certSerialId: null, persistedOpState: null, persistedOpStateExpiryEpochSec: 0}
2021-07-20 05:56:17,554 [EventQueue-NodeRegistrationContainerReportForContainerSafeModeRule] INFO  safemode.SCMSafeModeManager (SCMSafeModeManager.java:validateSafeModeExitRules(204)) - ContainerSafeModeRule rule is successfully validated
2021-07-20 05:56:17,554 [EventQueue-NewNodeForNewNodeHandler] INFO  pipeline.BackgroundPipelineCreator (BackgroundPipelineCreatorV2.java:notifyEventTriggered(279)) - ignore, not leader SCM.
2021-07-20 05:56:17,555 [EventQueue-NodeRegistrationContainerReportForDataNodeSafeModeRule] INFO  safemode.SCMSafeModeManager (DataNodeSafeModeRule.java:process(71)) - SCM in safe mode. 1 DataNodes registered, 3 required.
2021-07-20 05:56:17,557 [EventQueue-PipelineReportForOneReplicaPipelineSafeModeRule] INFO  safemode.SCMSafeModeManager (OneReplicaPipelineSafeModeRule.java:process(120)) - SCM in safe mode. Pipelines with at least one datanode reported count is 2, required at least one datanode reported per pipeline count is 2
2021-07-20 05:56:17,559 [IPC Server handler 16 on default port 13273] INFO  net.NetworkTopologyImpl (NetworkTopologyImpl.java:add(112)) - Added a new node: /default-rack/06501cb2-b233-4740-8c26-b46265537cb4
2021-07-20 05:56:17,559 [IPC Server handler 16 on default port 13273] INFO  node.SCMNodeManager (SCMNodeManager.java:register(386)) - Registered Data node : 06501cb2-b233-4740-8c26-b46265537cb4{ip: 127.0.0.1, host: localhost, ports: [REPLICATION=33091, RATIS=38707, RATIS_ADMIN=38707, RATIS_SERVER=38707, STANDALONE=35679], networkLocation: /default-rack, certSerialId: null, persistedOpState: null, persistedOpStateExpiryEpochSec: 0}
2021-07-20 05:56:17,566 [EventQueue-PipelineReportForOneReplicaPipelineSafeModeRule] INFO  safemode.SCMSafeModeManager (SCMSafeModeManager.java:validateSafeModeExitRules(204)) - AtleastOneDatanodeReportedRule rule is successfully validated
2021-07-20 05:56:17,566 [EventQueue-NewNodeForNewNodeHandler] INFO  pipeline.BackgroundPipelineCreator (BackgroundPipelineCreatorV2.java:notifyEventTriggered(279)) - ignore, not leader SCM.
2021-07-20 05:56:17,567 [EventQueue-NodeRegistrationContainerReportForDataNodeSafeModeRule] INFO  safemode.SCMSafeModeManager (DataNodeSafeModeRule.java:process(71)) - SCM in safe mode. 2 DataNodes registered, 3 required.
2021-07-20 05:56:17,567 [EventQueue-OpenPipelineForHealthyPipelineSafeModeRule] INFO  safemode.SCMSafeModeManager (HealthyPipelineSafeModeRule.java:process(124)) - SCM in safe mode. Healthy pipelines reported count is 0, required healthy pipeline reported count is 1
2021-07-20 05:56:17,568 [EventQueue-OpenPipelineForHealthyPipelineSafeModeRule] INFO  safemode.SCMSafeModeManager (HealthyPipelineSafeModeRule.java:process(124)) - SCM in safe mode. Healthy pipelines reported count is 0, required healthy pipeline reported count is 1
2021-07-20 05:56:17,686 [IPC Server handler 17 on default port 13273] INFO  net.NetworkTopologyImpl (NetworkTopologyImpl.java:add(112)) - Added a new node: /default-rack/577e6845-c807-4eb8-9332-2f265641e0df
2021-07-20 05:56:17,687 [IPC Server handler 17 on default port 13273] INFO  node.SCMNodeManager (SCMNodeManager.java:register(386)) - Registered Data node : 577e6845-c807-4eb8-9332-2f265641e0df{ip: 127.0.0.1, host: localhost, ports: [REPLICATION=44849, RATIS=36047, RATIS_ADMIN=36047, RATIS_SERVER=36047, STANDALONE=46149], networkLocation: /default-rack, certSerialId: null, persistedOpState: null, persistedOpStateExpiryEpochSec: 0}
2021-07-20 05:56:17,687 [EventQueue-NewNodeForNewNodeHandler] INFO  pipeline.BackgroundPipelineCreator (BackgroundPipelineCreatorV2.java:notifyEventTriggered(279)) - ignore, not leader SCM.
2021-07-20 05:56:17,688 [EventQueue-NodeRegistrationContainerReportForDataNodeSafeModeRule] INFO  safemode.SCMSafeModeManager (DataNodeSafeModeRule.java:process(71)) - SCM in safe mode. 3 DataNodes registered, 3 required.
2021-07-20 05:56:17,688 [EventQueue-NodeRegistrationContainerReportForDataNodeSafeModeRule] INFO  safemode.SCMSafeModeManager (SCMSafeModeManager.java:validateSafeModeExitRules(204)) - DataNodeSafeModeRule rule is successfully validated
2021-07-20 05:56:17,688 [EventQueue-NodeRegistrationContainerReportForDataNodeSafeModeRule] INFO  safemode.SCMSafeModeManager (SCMSafeModeManager.java:completePreCheck(233)) - All SCM safe mode pre check rules have passed
2021-07-20 05:56:17,688 [EventQueue-NodeRegistrationContainerReportForDataNodeSafeModeRule] WARN  events.EventQueue (EventQueue.java:fireEvent(194)) - No event handler registered for event TypedEvent{payloadType=SafeModeStatus, name='Safe mode status'}
2021-07-20 05:56:17,688 [EventQueue-NodeRegistrationContainerReportForDataNodeSafeModeRule] INFO  ha.SCMContext (SCMContext.java:updateSafeModeStatus(205)) - Update SafeModeStatus from SafeModeStatus{safeModeStatus=true, preCheckPassed=false} to SafeModeStatus{safeModeStatus=true, preCheckPassed=true}.
2021-07-20 05:56:17,688 [EventQueue-NodeRegistrationContainerReportForDataNodeSafeModeRule] INFO  pipeline.BackgroundPipelineCreator (BackgroundPipelineCreatorV2.java:notifyEventTriggered(279)) - ignore, not leader SCM.
2021-07-20 05:56:17,689 [EventQueue-OpenPipelineForHealthyPipelineSafeModeRule] INFO  safemode.SCMSafeModeManager (HealthyPipelineSafeModeRule.java:process(124)) - SCM in safe mode. Healthy pipelines reported count is 0, required healthy pipeline reported count is 1
2021-07-20 05:56:17,689 [EventQueue-OpenPipelineForHealthyPipelineSafeModeRule] INFO  safemode.SCMSafeModeManager (HealthyPipelineSafeModeRule.java:process(124)) - SCM in safe mode. Healthy pipelines reported count is 1, required healthy pipeline reported count is 1
2021-07-20 05:56:17,689 [EventQueue-OpenPipelineForHealthyPipelineSafeModeRule] INFO  safemode.SCMSafeModeManager (SCMSafeModeManager.java:validateSafeModeExitRules(204)) - HealthyPipelineSafeModeRule rule is successfully validated
2021-07-20 05:56:17,689 [EventQueue-OpenPipelineForHealthyPipelineSafeModeRule] INFO  safemode.SCMSafeModeManager (SCMSafeModeManager.java:validateSafeModeExitRules(219)) - ScmSafeModeManager, all rules are successfully validated
2021-07-20 05:56:17,689 [EventQueue-OpenPipelineForHealthyPipelineSafeModeRule] INFO  safemode.SCMSafeModeManager (SCMSafeModeManager.java:exitSafeMode(248)) - SCM exiting safe mode.
2021-07-20 05:56:17,689 [EventQueue-OpenPipelineForHealthyPipelineSafeModeRule] WARN  events.EventQueue (EventQueue.java:fireEvent(194)) - No event handler registered for event TypedEvent{payloadType=SafeModeStatus, name='Safe mode status'}
2021-07-20 05:56:17,689 [EventQueue-OpenPipelineForHealthyPipelineSafeModeRule] INFO  ha.SCMContext (SCMContext.java:updateSafeModeStatus(205)) - Update SafeModeStatus from SafeModeStatus{safeModeStatus=true, preCheckPassed=true} to SafeModeStatus{safeModeStatus=false, preCheckPassed=true}.
2021-07-20 05:56:18,556 [Datanode State Machine Thread - 0] ERROR datanode.RunningDatanodeState (RunningDatanodeState.java:computeNextContainerState(199)) - Error in executing end point task.
java.util.concurrent.ExecutionException: java.util.concurrent.TimeoutException
	at java.util.concurrent.FutureTask.report(FutureTask.java:122)
	at java.util.concurrent.FutureTask.get(FutureTask.java:192)
	at org.apache.hadoop.ozone.container.common.states.datanode.RunningDatanodeState.computeNextContainerState(RunningDatanodeState.java:191)
	at org.apache.hadoop.ozone.container.common.states.datanode.RunningDatanodeState.await(RunningDatanodeState.java:231)
	at org.apache.hadoop.ozone.container.common.states.datanode.RunningDatanodeState.await(RunningDatanodeState.java:50)
	at org.apache.hadoop.ozone.container.common.statemachine.StateContext.execute(StateContext.java:629)
	at org.apache.hadoop.ozone.container.common.statemachine.DatanodeStateMachine.start(DatanodeStateMachine.java:269)
	at org.apache.hadoop.ozone.container.common.statemachine.DatanodeStateMachine.lambda$startDaemon$0(DatanodeStateMachine.java:455)
	at java.lang.Thread.run(Thread.java:748)
Caused by: java.util.concurrent.TimeoutException
	at java.util.concurrent.FutureTask.get(FutureTask.java:205)
	at org.apache.hadoop.ozone.container.common.states.datanode.RunningDatanodeState.lambda$execute$0(RunningDatanodeState.java:149)
	at java.util.concurrent.FutureTask.run(FutureTask.java:266)
	at java.util.concurrent.Executors$RunnableAdapter.call(Executors.java:511)
	at java.util.concurrent.FutureTask.run(FutureTask.java:266)
	at java.util.concurrent.ThreadPoolExecutor.runWorker(ThreadPoolExecutor.java:1149)
	at java.util.concurrent.ThreadPoolExecutor$Worker.run(ThreadPoolExecutor.java:624)
	... 1 more
2021-07-20 05:56:18,557 [EndpointStateMachine task thread for /127.0.0.1:13253 - 0 ] INFO  ipc.Client (Client.java:handleConnectionFailure(977)) - Retrying connect to server: localhost/127.0.0.1:13253. Already tried 0 time(s); retry policy is RetryUpToMaximumCountWithFixedSleep(maxRetries=15, sleepTime=1000 MILLISECONDS)
2021-07-20 05:56:18,684 [Datanode State Machine Thread - 0] ERROR datanode.RunningDatanodeState (RunningDatanodeState.java:computeNextContainerState(199)) - Error in executing end point task.
java.util.concurrent.ExecutionException: java.util.concurrent.TimeoutException
	at java.util.concurrent.FutureTask.report(FutureTask.java:122)
	at java.util.concurrent.FutureTask.get(FutureTask.java:192)
	at org.apache.hadoop.ozone.container.common.states.datanode.RunningDatanodeState.computeNextContainerState(RunningDatanodeState.java:191)
	at org.apache.hadoop.ozone.container.common.states.datanode.RunningDatanodeState.await(RunningDatanodeState.java:231)
	at org.apache.hadoop.ozone.container.common.states.datanode.RunningDatanodeState.await(RunningDatanodeState.java:50)
	at org.apache.hadoop.ozone.container.common.statemachine.StateContext.execute(StateContext.java:629)
	at org.apache.hadoop.ozone.container.common.statemachine.DatanodeStateMachine.start(DatanodeStateMachine.java:269)
	at org.apache.hadoop.ozone.container.common.statemachine.DatanodeStateMachine.lambda$startDaemon$0(DatanodeStateMachine.java:455)
	at java.lang.Thread.run(Thread.java:748)
Caused by: java.util.concurrent.TimeoutException
	at java.util.concurrent.FutureTask.get(FutureTask.java:205)
	at org.apache.hadoop.ozone.container.common.states.datanode.RunningDatanodeState.lambda$execute$0(RunningDatanodeState.java:149)
	at java.util.concurrent.FutureTask.run(FutureTask.java:266)
	at java.util.concurrent.Executors$RunnableAdapter.call(Executors.java:511)
	at java.util.concurrent.FutureTask.run(FutureTask.java:266)
	at java.util.concurrent.ThreadPoolExecutor.runWorker(ThreadPoolExecutor.java:1149)
	at java.util.concurrent.ThreadPoolExecutor$Worker.run(ThreadPoolExecutor.java:624)
	... 1 more
2021-07-20 05:56:18,783 [SCM Heartbeat Processing Thread - 0] WARN  node.NodeStateManager (NodeStateManager.java:scheduleNextHealthCheck(799)) - Current Thread is interrupted, shutting down HB processing thread for Node Manager.
2021-07-20 05:56:18,785 [Listener at 127.0.0.1/12232] INFO  server.StorageContainerManager (StorageContainerManager.java:stop(1366)) - Stopping block service RPC server
2021-07-20 05:56:18,785 [Listener at 127.0.0.1/12232] INFO  server.SCMBlockProtocolServer (SCMBlockProtocolServer.java:stop(160)) - Stopping the RPC server for Block Protocol
2021-07-20 05:56:18,785 [Listener at 127.0.0.1/12232] INFO  ipc.Server (Server.java:stop(3414)) - Stopping server on 13254
2021-07-20 05:56:18,793 [IPC Server listener on 13254] INFO  ipc.Server (Server.java:run(1376)) - Stopping IPC Server listener on 13254
2021-07-20 05:56:18,794 [Listener at 127.0.0.1/12232] INFO  server.StorageContainerManager (StorageContainerManager.java:stop(1373)) - Stopping the StorageContainerLocationProtocol RPC server
2021-07-20 05:56:18,794 [IPC Server Responder] INFO  ipc.Server (Server.java:run(1512)) - Stopping IPC Server Responder
2021-07-20 05:56:18,794 [Listener at 127.0.0.1/12232] INFO  server.SCMClientProtocolServer (SCMClientProtocolServer.java:stop(174)) - Stopping the RPC server for Client Protocol
2021-07-20 05:56:18,794 [Listener at 127.0.0.1/12232] INFO  ipc.Server (Server.java:stop(3414)) - Stopping server on 13255
2021-07-20 05:56:18,802 [IPC Server listener on 13255] INFO  ipc.Server (Server.java:run(1376)) - Stopping IPC Server listener on 13255
2021-07-20 05:56:18,803 [IPC Server Responder] INFO  ipc.Server (Server.java:run(1512)) - Stopping IPC Server Responder
2021-07-20 05:56:18,803 [Listener at 127.0.0.1/12232] INFO  server.StorageContainerManager (StorageContainerManager.java:stop(1380)) - Stopping Storage Container Manager HTTP server.
2021-07-20 05:56:18,804 [Listener at 127.0.0.1/12232] INFO  handler.ContextHandler (ContextHandler.java:doStop(1154)) - Stopped o.e.j.w.WebAppContext@7fff419d{scm,/,null,STOPPED}{file:/home/runner/work/ozone/ozone/mnt/ozone/hadoop-ozone/integration-test/target/test-classes/webapps/scm}
2021-07-20 05:56:18,804 [Listener at 127.0.0.1/12232] INFO  server.AbstractConnector (AbstractConnector.java:doStop(381)) - Stopped ServerConnector@2ec23ec3{HTTP/1.1, (http/1.1)}{0.0.0.0:13250}
2021-07-20 05:56:18,804 [Listener at 127.0.0.1/12232] INFO  server.session (HouseKeeper.java:stopScavenging(149)) - node0 Stopped scavenging
2021-07-20 05:56:18,805 [Listener at 127.0.0.1/12232] INFO  handler.ContextHandler (ContextHandler.java:doStop(1154)) - Stopped o.e.j.s.ServletContextHandler@2e09e367{static,/static,file:///home/runner/work/ozone/ozone/mnt/ozone/hadoop-ozone/integration-test/target/test-classes/webapps/static,STOPPED}
2021-07-20 05:56:18,805 [Listener at 127.0.0.1/12232] INFO  handler.ContextHandler (ContextHandler.java:doStop(1154)) - Stopped o.e.j.s.ServletContextHandler@2d02a066{logs,/logs,file:///home/runner/work/ozone/ozone/mnt/ozone/hadoop-ozone/integration-test/target/log,STOPPED}
2021-07-20 05:56:18,805 [Listener at 127.0.0.1/12232] INFO  server.StorageContainerManager (StorageContainerManager.java:stop(1391)) - Stopping Block Manager Service.
2021-07-20 05:56:18,806 [Listener at 127.0.0.1/12232] INFO  utils.BackgroundService (BackgroundService.java:shutdown(132)) - Shutting down service SCMBlockDeletingService
2021-07-20 05:56:18,806 [Listener at 127.0.0.1/12232] INFO  utils.BackgroundService (BackgroundService.java:shutdown(132)) - Shutting down service SCMBlockDeletingService
2021-07-20 05:56:18,806 [Listener at 127.0.0.1/12232] INFO  server.StorageContainerManager (StorageContainerManager.java:stop(1418)) - Stopping SCM Event Queue.
2021-07-20 05:56:18,808 [Listener at 127.0.0.1/12232] INFO  server.StorageContainerManager (StorageContainerManager.java:stop(1429)) - Stopping SCM HA services.
2021-07-20 05:56:18,809 [Listener at 127.0.0.1/12232] INFO  ha.SCMRatisServerImpl (SCMRatisServerImpl.java:stop(226)) - stopping ratis server 0.0.0.0:13252
2021-07-20 05:56:18,809 [Listener at 127.0.0.1/12232] INFO  server.RaftServer (RaftServerProxy.java:lambda$close$6(391)) - a3de057e-22ba-4f20-867a-3c0291662fe2: close
2021-07-20 05:56:18,809 [Listener at 127.0.0.1/12232] INFO  server.RaftServer$Division (RaftServerImpl.java:lambda$close$4(406)) - a3de057e-22ba-4f20-867a-3c0291662fe2@group-321C7BA85E11: shutdown
2021-07-20 05:56:18,809 [Listener at 127.0.0.1/12232] INFO  util.JmxRegister (JmxRegister.java:unregister(73)) - Successfully un-registered JMX Bean with object name Ratis:service=RaftServer,group=group-321C7BA85E11,id=a3de057e-22ba-4f20-867a-3c0291662fe2
2021-07-20 05:56:18,809 [Listener at 127.0.0.1/12232] INFO  impl.RoleInfo (RoleInfo.java:shutdownLeaderState(91)) - a3de057e-22ba-4f20-867a-3c0291662fe2: shutdown a3de057e-22ba-4f20-867a-3c0291662fe2@group-321C7BA85E11-LeaderStateImpl
2021-07-20 05:56:18,809 [Listener at 127.0.0.1/12232] INFO  metrics.RatisMetrics (RatisMetrics.java:unregister(43)) - Unregistering Metrics Registry : ratis_grpc.log_appender.a3de057e-22ba-4f20-867a-3c0291662fe2@group-321C7BA85E11
2021-07-20 05:56:18,810 [Listener at 127.0.0.1/12232] INFO  metrics.RatisMetrics (RatisMetrics.java:unregister(43)) - Unregistering Metrics Registry : ratis_grpc.log_appender.a3de057e-22ba-4f20-867a-3c0291662fe2@group-321C7BA85E11
2021-07-20 05:56:18,810 [a3de057e-22ba-4f20-867a-3c0291662fe2@group-321C7BA85E11->5c2410e7-10a6-4620-b434-e19b0245711c-GrpcLogAppender-LogAppenderDaemon] WARN  server.GrpcLogAppender (GrpcLogAppender.java:mayWait(175)) - a3de057e-22ba-4f20-867a-3c0291662fe2@group-321C7BA85E11->5c2410e7-10a6-4620-b434-e19b0245711c-GrpcLogAppender: Wait interrupted by java.lang.InterruptedException
2021-07-20 05:56:18,810 [Listener at 127.0.0.1/12232] INFO  impl.PendingRequests (PendingRequests.java:sendNotLeaderResponses(249)) - a3de057e-22ba-4f20-867a-3c0291662fe2@group-321C7BA85E11-PendingRequests: sendNotLeaderResponses
2021-07-20 05:56:18,810 [Listener at 127.0.0.1/12232] INFO  ha.SCMStateMachine (SCMStateMachine.java:notifyNotLeader(183)) - current leader SCM steps down.
2021-07-20 05:56:18,810 [Listener at 127.0.0.1/12232] INFO  ha.SCMContext (SCMContext.java:updateLeaderAndTerm(88)) - update <isLeader,term> from <true,2> to <false,0>
2021-07-20 05:56:18,810 [Listener at 127.0.0.1/12232] INFO  ha.SCMContext (SCMContext.java:updateLeaderAndTerm(95)) - update <isLeaderReady> from <false> to <false>
2021-07-20 05:56:18,811 [a3de057e-22ba-4f20-867a-3c0291662fe2@group-321C7BA85E11->905d2630-d761-45f8-9e86-789d0a84fbcd-GrpcLogAppender-LogAppenderDaemon] WARN  server.GrpcLogAppender (GrpcLogAppender.java:mayWait(175)) - a3de057e-22ba-4f20-867a-3c0291662fe2@group-321C7BA85E11->905d2630-d761-45f8-9e86-789d0a84fbcd-GrpcLogAppender: Wait interrupted by java.lang.InterruptedException
2021-07-20 05:56:18,811 [grpc-default-executor-3] INFO  server.GrpcServerProtocolService (GrpcServerProtocolService.java:onCompleted(140)) - 5c2410e7-10a6-4620-b434-e19b0245711c: Completed APPEND_ENTRIES, lastRequest: a3de057e-22ba-4f20-867a-3c0291662fe2->5c2410e7-10a6-4620-b434-e19b0245711c#1904-t2,previous=(t:2, i:207),leaderCommit=207,initializing? true,entries: size=1, first=(t:2, i:208), METADATAENTRY(c:207)
2021-07-20 05:56:18,811 [grpc-default-executor-4] INFO  server.GrpcServerProtocolService (GrpcServerProtocolService.java:onCompleted(140)) - 905d2630-d761-45f8-9e86-789d0a84fbcd: Completed APPEND_ENTRIES, lastRequest: a3de057e-22ba-4f20-867a-3c0291662fe2->905d2630-d761-45f8-9e86-789d0a84fbcd#8-t2,previous=(t:2, i:207),leaderCommit=207,initializing? true,entries: size=1, first=(t:2, i:208), METADATAENTRY(c:207)
2021-07-20 05:56:18,812 [grpc-default-executor-2] INFO  server.GrpcLogAppender (GrpcLogAppender.java:onCompleted(344)) - a3de057e-22ba-4f20-867a-3c0291662fe2@group-321C7BA85E11->905d2630-d761-45f8-9e86-789d0a84fbcd-AppendLogResponseHandler: follower responses appendEntries COMPLETED
2021-07-20 05:56:18,815 [grpc-default-executor-3] INFO  server.GrpcLogAppender (GrpcLogAppender.java:onCompleted(344)) - a3de057e-22ba-4f20-867a-3c0291662fe2@group-321C7BA85E11->5c2410e7-10a6-4620-b434-e19b0245711c-AppendLogResponseHandler: follower responses appendEntries COMPLETED
2021-07-20 05:56:18,814 [grpc-default-executor-2] INFO  leader.FollowerInfo (FollowerInfoImpl.java:lambda$new$0(46)) - a3de057e-22ba-4f20-867a-3c0291662fe2@group-321C7BA85E11->905d2630-d761-45f8-9e86-789d0a84fbcd: nextIndex: updateUnconditionally 209 -> 208
2021-07-20 05:56:18,815 [grpc-default-executor-3] INFO  leader.FollowerInfo (FollowerInfoImpl.java:lambda$new$0(46)) - a3de057e-22ba-4f20-867a-3c0291662fe2@group-321C7BA85E11->5c2410e7-10a6-4620-b434-e19b0245711c: nextIndex: updateUnconditionally 209 -> 208
2021-07-20 05:56:18,815 [Listener at 127.0.0.1/12232] INFO  metrics.RatisMetrics (RatisMetrics.java:unregister(43)) - Unregistering Metrics Registry : ratis.log_appender.a3de057e-22ba-4f20-867a-3c0291662fe2@group-321C7BA85E11
2021-07-20 05:56:18,816 [Listener at 127.0.0.1/12232] INFO  metrics.RatisMetrics (RatisMetrics.java:unregister(43)) - Unregistering Metrics Registry : ratis.server.a3de057e-22ba-4f20-867a-3c0291662fe2@group-321C7BA85E11
2021-07-20 05:56:18,816 [Listener at 127.0.0.1/12232] INFO  impl.StateMachineUpdater (StateMachineUpdater.java:stopAndJoin(149)) - a3de057e-22ba-4f20-867a-3c0291662fe2@group-321C7BA85E11-StateMachineUpdater: set stopIndex = 208
2021-07-20 05:56:18,816 [a3de057e-22ba-4f20-867a-3c0291662fe2@group-321C7BA85E11-StateMachineUpdater] INFO  ha.SCMStateMachine (SCMStateMachine.java:takeSnapshot(290)) - Current Snapshot Index 208, takeSnapshot took 0 ms
2021-07-20 05:56:18,816 [a3de057e-22ba-4f20-867a-3c0291662fe2@group-321C7BA85E11-StateMachineUpdater] INFO  impl.StateMachineUpdater (StateMachineUpdater.java:takeSnapshot(281)) - a3de057e-22ba-4f20-867a-3c0291662fe2@group-321C7BA85E11-StateMachineUpdater: Took a snapshot at index 208
2021-07-20 05:56:18,816 [a3de057e-22ba-4f20-867a-3c0291662fe2@group-321C7BA85E11-StateMachineUpdater] INFO  impl.StateMachineUpdater (StateMachineUpdater.java:lambda$new$0(89)) - a3de057e-22ba-4f20-867a-3c0291662fe2@group-321C7BA85E11-StateMachineUpdater: snapshotIndex: updateIncreasingly 204 -> 208
2021-07-20 05:56:18,816 [a3de057e-22ba-4f20-867a-3c0291662fe2@group-321C7BA85E11-StateMachineUpdater] INFO  metrics.RatisMetrics (RatisMetrics.java:unregister(43)) - Unregistering Metrics Registry : ratis.state_machine.a3de057e-22ba-4f20-867a-3c0291662fe2@group-321C7BA85E11
2021-07-20 05:56:18,816 [Listener at 127.0.0.1/12232] INFO  server.RaftServer$Division (ServerState.java:close(405)) - a3de057e-22ba-4f20-867a-3c0291662fe2@group-321C7BA85E11: closes. applyIndex: 208
2021-07-20 05:56:18,817 [a3de057e-22ba-4f20-867a-3c0291662fe2@group-321C7BA85E11-SegmentedRaftLogWorker] INFO  segmented.SegmentedRaftLogWorker (SegmentedRaftLogWorker.java:run(327)) - a3de057e-22ba-4f20-867a-3c0291662fe2@group-321C7BA85E11-SegmentedRaftLogWorker was interrupted, exiting. There are 0 tasks remaining in the queue.
2021-07-20 05:56:18,817 [Listener at 127.0.0.1/12232] INFO  segmented.SegmentedRaftLogWorker (SegmentedRaftLogWorker.java:close(237)) - a3de057e-22ba-4f20-867a-3c0291662fe2@group-321C7BA85E11-SegmentedRaftLogWorker close()
2021-07-20 05:56:18,818 [Listener at 127.0.0.1/12232] INFO  metrics.RatisMetrics (RatisMetrics.java:unregister(43)) - Unregistering Metrics Registry : ratis.log_worker.a3de057e-22ba-4f20-867a-3c0291662fe2@group-321C7BA85E11
2021-07-20 05:56:18,819 [Listener at 127.0.0.1/12232] INFO  metrics.RatisMetrics (RatisMetrics.java:unregister(43)) - Unregistering Metrics Registry : ratis.leader_election.a3de057e-22ba-4f20-867a-3c0291662fe2@group-321C7BA85E11
2021-07-20 05:56:18,819 [Listener at 127.0.0.1/12232] INFO  metrics.RatisMetrics (RatisMetrics.java:unregister(43)) - Unregistering Metrics Registry : ratis.server.a3de057e-22ba-4f20-867a-3c0291662fe2@group-321C7BA85E11
2021-07-20 05:56:18,819 [Listener at 127.0.0.1/12232] INFO  server.GrpcService (GrpcService.java:closeImpl(262)) - a3de057e-22ba-4f20-867a-3c0291662fe2: shutdown server with port 13252 now
2021-07-20 05:56:18,825 [Listener at 127.0.0.1/12232] INFO  server.GrpcService (GrpcService.java:closeImpl(271)) - a3de057e-22ba-4f20-867a-3c0291662fe2: shutdown server with port 13252 successfully
2021-07-20 05:56:18,825 [org.apache.ratis.util.JvmPauseMonitor$$Lambda$496/1294139740@73852720] INFO  util.JvmPauseMonitor (JvmPauseMonitor.java:run(109)) - JvmPauseMonitor-a3de057e-22ba-4f20-867a-3c0291662fe2: Stopped
2021-07-20 05:56:18,826 [Listener at 127.0.0.1/12232] INFO  pipeline.BackgroundPipelineCreator (BackgroundPipelineCreatorV2.java:stop(158)) - Stopping RatisPipelineUtilsThread.
2021-07-20 05:56:18,826 [Listener at 127.0.0.1/12232] INFO  server.StorageContainerManager (StorageContainerManager.java:stop(1439)) - Stopping SCM MetadataStore.
2021-07-20 05:56:18,827 [Listener at 127.0.0.1/12232] INFO  impl.MetricsSystemImpl (MetricsSystemImpl.java:stop(210)) - Stopping StorageContainerManager metrics system...
2021-07-20 05:56:18,833 [prometheus] INFO  impl.MetricsSinkAdapter (MetricsSinkAdapter.java:publishMetricsFromQueue(141)) - prometheus thread interrupted.
2021-07-20 05:56:18,834 [Listener at 127.0.0.1/12232] INFO  impl.MetricsSystemImpl (MetricsSystemImpl.java:stop(216)) - StorageContainerManager metrics system stopped.
2021-07-20 05:56:18,834 [Listener at 127.0.0.1/12232] INFO  ozone.MiniOzoneHAClusterImpl (MiniOzoneHAClusterImpl.java:stop(299)) - Stopping the StorageContainerManager 5c2410e7-10a6-4620-b434-e19b0245711c
2021-07-20 05:56:18,834 [Listener at 127.0.0.1/12232] INFO  server.StorageContainerManager (StorageContainerManager.java:stop(1337)) - Stopping Replication Manager Service.
2021-07-20 05:56:18,834 [Listener at 127.0.0.1/12232] INFO  container.ReplicationManager (ReplicationManager.java:stop(329)) - Stopping Replication Monitor Thread.
2021-07-20 05:56:18,834 [Listener at 127.0.0.1/12232] INFO  server.StorageContainerManager (StorageContainerManager.java:stop(1344)) - Stopping the Datanode Admin Monitor.
2021-07-20 05:56:18,835 [Listener at 127.0.0.1/12232] INFO  server.StorageContainerManager (StorageContainerManager.java:stop(1351)) - Stopping Lease Manager of the command watchers
2021-07-20 05:56:18,835 [Listener at 127.0.0.1/12232] INFO  server.StorageContainerManager (StorageContainerManager.java:stop(1358)) - Stopping datanode service RPC server
2021-07-20 05:56:18,835 [Listener at 127.0.0.1/12232] INFO  server.SCMDatanodeProtocolServer (SCMDatanodeProtocolServer.java:stop(389)) - Stopping the RPC server for DataNodes
2021-07-20 05:56:18,835 [Listener at 127.0.0.1/12232] INFO  ipc.Server (Server.java:stop(3414)) - Stopping server on 13263
2021-07-20 05:56:18,837 [IPC Server listener on 13263] INFO  ipc.Server (Server.java:run(1376)) - Stopping IPC Server listener on 13263
2021-07-20 05:56:18,837 [IPC Server Responder] INFO  ipc.Server (Server.java:run(1512)) - Stopping IPC Server Responder
2021-07-20 05:56:18,903 [SCM Heartbeat Processing Thread - 0] WARN  node.NodeStateManager (NodeStateManager.java:scheduleNextHealthCheck(799)) - Current Thread is interrupted, shutting down HB processing thread for Node Manager.
2021-07-20 05:56:18,904 [Listener at 127.0.0.1/12232] INFO  server.StorageContainerManager (StorageContainerManager.java:stop(1366)) - Stopping block service RPC server
2021-07-20 05:56:18,904 [Listener at 127.0.0.1/12232] INFO  server.SCMBlockProtocolServer (SCMBlockProtocolServer.java:stop(160)) - Stopping the RPC server for Block Protocol
2021-07-20 05:56:18,904 [Listener at 127.0.0.1/12232] INFO  ipc.Server (Server.java:stop(3414)) - Stopping server on 13264
2021-07-20 05:56:18,906 [IPC Server listener on 13264] INFO  ipc.Server (Server.java:run(1376)) - Stopping IPC Server listener on 13264
2021-07-20 05:56:18,907 [IPC Server Responder] INFO  ipc.Server (Server.java:run(1512)) - Stopping IPC Server Responder
2021-07-20 05:56:18,907 [Listener at 127.0.0.1/12232] INFO  server.StorageContainerManager (StorageContainerManager.java:stop(1373)) - Stopping the StorageContainerLocationProtocol RPC server
2021-07-20 05:56:18,908 [Listener at 127.0.0.1/12232] INFO  server.SCMClientProtocolServer (SCMClientProtocolServer.java:stop(174)) - Stopping the RPC server for Client Protocol
2021-07-20 05:56:18,908 [Listener at 127.0.0.1/12232] INFO  ipc.Server (Server.java:stop(3414)) - Stopping server on 13265
2021-07-20 05:56:18,910 [IPC Server listener on 13265] INFO  ipc.Server (Server.java:run(1376)) - Stopping IPC Server listener on 13265
2021-07-20 05:56:18,910 [IPC Server Responder] INFO  ipc.Server (Server.java:run(1512)) - Stopping IPC Server Responder
2021-07-20 05:56:18,911 [Listener at 127.0.0.1/12232] INFO  server.StorageContainerManager (StorageContainerManager.java:stop(1380)) - Stopping Storage Container Manager HTTP server.
2021-07-20 05:56:18,912 [Listener at 127.0.0.1/12232] INFO  handler.ContextHandler (ContextHandler.java:doStop(1154)) - Stopped o.e.j.w.WebAppContext@6b60d99c{scm,/,null,STOPPED}{file:/home/runner/work/ozone/ozone/mnt/ozone/hadoop-ozone/integration-test/target/test-classes/webapps/scm}
2021-07-20 05:56:18,912 [Listener at 127.0.0.1/12232] INFO  server.AbstractConnector (AbstractConnector.java:doStop(381)) - Stopped ServerConnector@5b3c2a9f{HTTP/1.1, (http/1.1)}{0.0.0.0:13260}
2021-07-20 05:56:18,913 [Listener at 127.0.0.1/12232] INFO  server.session (HouseKeeper.java:stopScavenging(149)) - node0 Stopped scavenging
2021-07-20 05:56:18,913 [Listener at 127.0.0.1/12232] INFO  handler.ContextHandler (ContextHandler.java:doStop(1154)) - Stopped o.e.j.s.ServletContextHandler@66d73e2d{static,/static,file:///home/runner/work/ozone/ozone/mnt/ozone/hadoop-ozone/integration-test/target/test-classes/webapps/static,STOPPED}
2021-07-20 05:56:18,913 [Listener at 127.0.0.1/12232] INFO  handler.ContextHandler (ContextHandler.java:doStop(1154)) - Stopped o.e.j.s.ServletContextHandler@1a99744a{logs,/logs,file:///home/runner/work/ozone/ozone/mnt/ozone/hadoop-ozone/integration-test/target/log,STOPPED}
2021-07-20 05:56:18,914 [Listener at 127.0.0.1/12232] INFO  server.StorageContainerManager (StorageContainerManager.java:stop(1391)) - Stopping Block Manager Service.
2021-07-20 05:56:18,914 [Listener at 127.0.0.1/12232] INFO  utils.BackgroundService (BackgroundService.java:shutdown(132)) - Shutting down service SCMBlockDeletingService
2021-07-20 05:56:18,914 [Listener at 127.0.0.1/12232] INFO  utils.BackgroundService (BackgroundService.java:shutdown(132)) - Shutting down service SCMBlockDeletingService
2021-07-20 05:56:18,915 [Listener at 127.0.0.1/12232] INFO  server.StorageContainerManager (StorageContainerManager.java:stop(1418)) - Stopping SCM Event Queue.
2021-07-20 05:56:18,916 [Listener at 127.0.0.1/12232] INFO  server.StorageContainerManager (StorageContainerManager.java:stop(1429)) - Stopping SCM HA services.
2021-07-20 05:56:18,916 [Listener at 127.0.0.1/12232] INFO  ha.SCMRatisServerImpl (SCMRatisServerImpl.java:stop(226)) - stopping ratis server 0.0.0.0:13262
2021-07-20 05:56:18,916 [Listener at 127.0.0.1/12232] INFO  server.RaftServer (RaftServerProxy.java:lambda$close$6(391)) - 5c2410e7-10a6-4620-b434-e19b0245711c: close
2021-07-20 05:56:18,916 [Listener at 127.0.0.1/12232] INFO  server.RaftServer$Division (RaftServerImpl.java:lambda$close$4(406)) - 5c2410e7-10a6-4620-b434-e19b0245711c@group-321C7BA85E11: shutdown
2021-07-20 05:56:18,916 [Listener at 127.0.0.1/12232] INFO  util.JmxRegister (JmxRegister.java:unregister(73)) - Successfully un-registered JMX Bean with object name Ratis:service=RaftServer,group=group-321C7BA85E11,id=5c2410e7-10a6-4620-b434-e19b0245711c
2021-07-20 05:56:18,917 [Listener at 127.0.0.1/12232] INFO  impl.RoleInfo (RoleInfo.java:shutdownFollowerState(108)) - 5c2410e7-10a6-4620-b434-e19b0245711c: shutdown 5c2410e7-10a6-4620-b434-e19b0245711c@group-321C7BA85E11-FollowerState
2021-07-20 05:56:18,917 [5c2410e7-10a6-4620-b434-e19b0245711c@group-321C7BA85E11-FollowerState] INFO  impl.FollowerState (FollowerState.java:run(143)) - 5c2410e7-10a6-4620-b434-e19b0245711c@group-321C7BA85E11-FollowerState was interrupted: {}
java.lang.InterruptedException: sleep interrupted
	at java.lang.Thread.sleep(Native Method)
	at java.lang.Thread.sleep(Thread.java:340)
	at java.util.concurrent.TimeUnit.sleep(TimeUnit.java:386)
	at org.apache.ratis.util.TimeDuration.sleep(TimeDuration.java:324)
	at org.apache.ratis.util.TimeDuration.sleep(TimeDuration.java:309)
	at org.apache.ratis.server.impl.FollowerState.run(FollowerState.java:118)
2021-07-20 05:56:18,917 [Listener at 127.0.0.1/12232] INFO  impl.StateMachineUpdater (StateMachineUpdater.java:stopAndJoin(149)) - 5c2410e7-10a6-4620-b434-e19b0245711c@group-321C7BA85E11-StateMachineUpdater: set stopIndex = 207
2021-07-20 05:56:18,917 [5c2410e7-10a6-4620-b434-e19b0245711c@group-321C7BA85E11-StateMachineUpdater] INFO  metrics.RatisMetrics (RatisMetrics.java:unregister(43)) - Unregistering Metrics Registry : ratis.state_machine.5c2410e7-10a6-4620-b434-e19b0245711c@group-321C7BA85E11
2021-07-20 05:56:18,918 [Listener at 127.0.0.1/12232] INFO  server.RaftServer$Division (ServerState.java:close(405)) - 5c2410e7-10a6-4620-b434-e19b0245711c@group-321C7BA85E11: closes. applyIndex: 207
2021-07-20 05:56:18,918 [5c2410e7-10a6-4620-b434-e19b0245711c@group-321C7BA85E11-SegmentedRaftLogWorker] INFO  segmented.SegmentedRaftLogWorker (SegmentedRaftLogWorker.java:run(327)) - 5c2410e7-10a6-4620-b434-e19b0245711c@group-321C7BA85E11-SegmentedRaftLogWorker was interrupted, exiting. There are 0 tasks remaining in the queue.
2021-07-20 05:56:18,918 [Listener at 127.0.0.1/12232] INFO  segmented.SegmentedRaftLogWorker (SegmentedRaftLogWorker.java:close(237)) - 5c2410e7-10a6-4620-b434-e19b0245711c@group-321C7BA85E11-SegmentedRaftLogWorker close()
2021-07-20 05:56:18,919 [Listener at 127.0.0.1/12232] INFO  metrics.RatisMetrics (RatisMetrics.java:unregister(43)) - Unregistering Metrics Registry : ratis.log_worker.5c2410e7-10a6-4620-b434-e19b0245711c@group-321C7BA85E11
2021-07-20 05:56:18,919 [Listener at 127.0.0.1/12232] INFO  metrics.RatisMetrics (RatisMetrics.java:unregister(43)) - Unregistering Metrics Registry : ratis.leader_election.5c2410e7-10a6-4620-b434-e19b0245711c@group-321C7BA85E11
2021-07-20 05:56:18,919 [Listener at 127.0.0.1/12232] INFO  metrics.RatisMetrics (RatisMetrics.java:unregister(43)) - Unregistering Metrics Registry : ratis.server.5c2410e7-10a6-4620-b434-e19b0245711c@group-321C7BA85E11
2021-07-20 05:56:18,920 [Listener at 127.0.0.1/12232] INFO  server.GrpcService (GrpcService.java:closeImpl(262)) - 5c2410e7-10a6-4620-b434-e19b0245711c: shutdown server with port 13262 now
2021-07-20 05:56:18,920 [Listener at 127.0.0.1/12232] INFO  server.GrpcService (GrpcService.java:closeImpl(271)) - 5c2410e7-10a6-4620-b434-e19b0245711c: shutdown server with port 13262 successfully
2021-07-20 05:56:18,921 [org.apache.ratis.util.JvmPauseMonitor$$Lambda$496/1294139740@64836643] INFO  util.JvmPauseMonitor (JvmPauseMonitor.java:run(109)) - JvmPauseMonitor-5c2410e7-10a6-4620-b434-e19b0245711c: Stopped
2021-07-20 05:56:18,921 [Listener at 127.0.0.1/12232] INFO  pipeline.BackgroundPipelineCreator (BackgroundPipelineCreatorV2.java:stop(158)) - Stopping RatisPipelineUtilsThread.
2021-07-20 05:56:18,921 [Listener at 127.0.0.1/12232] INFO  server.StorageContainerManager (StorageContainerManager.java:stop(1439)) - Stopping SCM MetadataStore.
2021-07-20 05:56:18,922 [Listener at 127.0.0.1/12232] INFO  impl.MetricsSystemImpl (MetricsSystemImpl.java:stop(205)) - StorageContainerManager metrics system stopped (again)
2021-07-20 05:56:18,922 [Listener at 127.0.0.1/12232] INFO  ozone.MiniOzoneHAClusterImpl (MiniOzoneHAClusterImpl.java:stop(299)) - Stopping the StorageContainerManager 905d2630-d761-45f8-9e86-789d0a84fbcd
2021-07-20 05:56:18,923 [Listener at 127.0.0.1/12232] INFO  server.StorageContainerManager (StorageContainerManager.java:stop(1337)) - Stopping Replication Manager Service.
2021-07-20 05:56:18,923 [Listener at 127.0.0.1/12232] INFO  container.ReplicationManager (ReplicationManager.java:stop(329)) - Stopping Replication Monitor Thread.
2021-07-20 05:56:18,923 [Listener at 127.0.0.1/12232] INFO  server.StorageContainerManager (StorageContainerManager.java:stop(1344)) - Stopping the Datanode Admin Monitor.
2021-07-20 05:56:18,923 [Listener at 127.0.0.1/12232] INFO  server.StorageContainerManager (StorageContainerManager.java:stop(1351)) - Stopping Lease Manager of the command watchers
2021-07-20 05:56:18,923 [Listener at 127.0.0.1/12232] INFO  server.StorageContainerManager (StorageContainerManager.java:stop(1358)) - Stopping datanode service RPC server
2021-07-20 05:56:18,923 [Listener at 127.0.0.1/12232] INFO  server.SCMDatanodeProtocolServer (SCMDatanodeProtocolServer.java:stop(389)) - Stopping the RPC server for DataNodes
2021-07-20 05:56:18,923 [Listener at 127.0.0.1/12232] INFO  ipc.Server (Server.java:stop(3414)) - Stopping server on 13273
2021-07-20 05:56:18,926 [IPC Server listener on 13273] INFO  ipc.Server (Server.java:run(1376)) - Stopping IPC Server listener on 13273
2021-07-20 05:56:18,927 [IPC Server Responder] INFO  ipc.Server (Server.java:run(1512)) - Stopping IPC Server Responder
2021-07-20 05:56:19,003 [SCM Heartbeat Processing Thread - 0] WARN  node.NodeStateManager (NodeStateManager.java:scheduleNextHealthCheck(799)) - Current Thread is interrupted, shutting down HB processing thread for Node Manager.
2021-07-20 05:56:19,003 [Listener at 127.0.0.1/12232] INFO  server.StorageContainerManager (StorageContainerManager.java:stop(1366)) - Stopping block service RPC server
2021-07-20 05:56:19,004 [Listener at 127.0.0.1/12232] INFO  server.SCMBlockProtocolServer (SCMBlockProtocolServer.java:stop(160)) - Stopping the RPC server for Block Protocol
2021-07-20 05:56:19,004 [Listener at 127.0.0.1/12232] INFO  ipc.Server (Server.java:stop(3414)) - Stopping server on 13274
2021-07-20 05:56:19,006 [IPC Server Responder] INFO  ipc.Server (Server.java:run(1512)) - Stopping IPC Server Responder
2021-07-20 05:56:19,006 [Listener at 127.0.0.1/12232] INFO  server.StorageContainerManager (StorageContainerManager.java:stop(1373)) - Stopping the StorageContainerLocationProtocol RPC server
2021-07-20 05:56:19,006 [Listener at 127.0.0.1/12232] INFO  server.SCMClientProtocolServer (SCMClientProtocolServer.java:stop(174)) - Stopping the RPC server for Client Protocol
2021-07-20 05:56:19,007 [Listener at 127.0.0.1/12232] INFO  ipc.Server (Server.java:stop(3414)) - Stopping server on 13275
2021-07-20 05:56:19,007 [IPC Server listener on 13274] INFO  ipc.Server (Server.java:run(1376)) - Stopping IPC Server listener on 13274
2021-07-20 05:56:19,009 [IPC Server Responder] INFO  ipc.Server (Server.java:run(1512)) - Stopping IPC Server Responder
2021-07-20 05:56:19,010 [IPC Server listener on 13275] INFO  ipc.Server (Server.java:run(1376)) - Stopping IPC Server listener on 13275
2021-07-20 05:56:19,010 [Listener at 127.0.0.1/12232] INFO  server.StorageContainerManager (StorageContainerManager.java:stop(1380)) - Stopping Storage Container Manager HTTP server.
2021-07-20 05:56:19,011 [Listener at 127.0.0.1/12232] INFO  handler.ContextHandler (ContextHandler.java:doStop(1154)) - Stopped o.e.j.w.WebAppContext@23358a67{scm,/,null,STOPPED}{file:/home/runner/work/ozone/ozone/mnt/ozone/hadoop-ozone/integration-test/target/test-classes/webapps/scm}
2021-07-20 05:56:19,012 [Listener at 127.0.0.1/12232] INFO  server.AbstractConnector (AbstractConnector.java:doStop(381)) - Stopped ServerConnector@518ed96e{HTTP/1.1, (http/1.1)}{0.0.0.0:13270}
2021-07-20 05:56:19,012 [Listener at 127.0.0.1/12232] INFO  server.session (HouseKeeper.java:stopScavenging(149)) - node0 Stopped scavenging
2021-07-20 05:56:19,013 [Listener at 127.0.0.1/12232] INFO  handler.ContextHandler (ContextHandler.java:doStop(1154)) - Stopped o.e.j.s.ServletContextHandler@5d131f37{static,/static,file:///home/runner/work/ozone/ozone/mnt/ozone/hadoop-ozone/integration-test/target/test-classes/webapps/static,STOPPED}
2021-07-20 05:56:19,013 [Listener at 127.0.0.1/12232] INFO  handler.ContextHandler (ContextHandler.java:doStop(1154)) - Stopped o.e.j.s.ServletContextHandler@3e00d115{logs,/logs,file:///home/runner/work/ozone/ozone/mnt/ozone/hadoop-ozone/integration-test/target/log,STOPPED}
2021-07-20 05:56:19,013 [Listener at 127.0.0.1/12232] INFO  server.StorageContainerManager (StorageContainerManager.java:stop(1391)) - Stopping Block Manager Service.
2021-07-20 05:56:19,014 [Listener at 127.0.0.1/12232] INFO  utils.BackgroundService (BackgroundService.java:shutdown(132)) - Shutting down service SCMBlockDeletingService
2021-07-20 05:56:19,014 [Listener at 127.0.0.1/12232] INFO  utils.BackgroundService (BackgroundService.java:shutdown(132)) - Shutting down service SCMBlockDeletingService
2021-07-20 05:56:19,014 [Listener at 127.0.0.1/12232] INFO  server.StorageContainerManager (StorageContainerManager.java:stop(1418)) - Stopping SCM Event Queue.
2021-07-20 05:56:19,015 [Listener at 127.0.0.1/12232] INFO  server.StorageContainerManager (StorageContainerManager.java:stop(1429)) - Stopping SCM HA services.
2021-07-20 05:56:19,016 [Listener at 127.0.0.1/12232] INFO  ha.SCMRatisServerImpl (SCMRatisServerImpl.java:stop(226)) - stopping ratis server 0.0.0.0:13272
2021-07-20 05:56:19,016 [Listener at 127.0.0.1/12232] INFO  server.RaftServer (RaftServerProxy.java:lambda$close$6(391)) - 905d2630-d761-45f8-9e86-789d0a84fbcd: close
2021-07-20 05:56:19,016 [Listener at 127.0.0.1/12232] INFO  server.RaftServer$Division (RaftServerImpl.java:lambda$close$4(406)) - 905d2630-d761-45f8-9e86-789d0a84fbcd@group-321C7BA85E11: shutdown
2021-07-20 05:56:19,016 [Listener at 127.0.0.1/12232] INFO  util.JmxRegister (JmxRegister.java:unregister(73)) - Successfully un-registered JMX Bean with object name Ratis:service=RaftServer,group=group-321C7BA85E11,id=905d2630-d761-45f8-9e86-789d0a84fbcd
2021-07-20 05:56:19,016 [Listener at 127.0.0.1/12232] INFO  impl.RoleInfo (RoleInfo.java:shutdownFollowerState(108)) - 905d2630-d761-45f8-9e86-789d0a84fbcd: shutdown 905d2630-d761-45f8-9e86-789d0a84fbcd@group-321C7BA85E11-FollowerState
2021-07-20 05:56:19,017 [Listener at 127.0.0.1/12232] INFO  impl.StateMachineUpdater (StateMachineUpdater.java:stopAndJoin(149)) - 905d2630-d761-45f8-9e86-789d0a84fbcd@group-321C7BA85E11-StateMachineUpdater: set stopIndex = 207
2021-07-20 05:56:19,017 [905d2630-d761-45f8-9e86-789d0a84fbcd@group-321C7BA85E11-StateMachineUpdater] INFO  metrics.RatisMetrics (RatisMetrics.java:unregister(43)) - Unregistering Metrics Registry : ratis.state_machine.905d2630-d761-45f8-9e86-789d0a84fbcd@group-321C7BA85E11
2021-07-20 05:56:19,017 [Listener at 127.0.0.1/12232] INFO  server.RaftServer$Division (ServerState.java:close(405)) - 905d2630-d761-45f8-9e86-789d0a84fbcd@group-321C7BA85E11: closes. applyIndex: 207
2021-07-20 05:56:19,017 [905d2630-d761-45f8-9e86-789d0a84fbcd@group-321C7BA85E11-FollowerState] INFO  impl.FollowerState (FollowerState.java:run(143)) - 905d2630-d761-45f8-9e86-789d0a84fbcd@group-321C7BA85E11-FollowerState was interrupted: {}
java.lang.InterruptedException: sleep interrupted
	at java.lang.Thread.sleep(Native Method)
	at java.lang.Thread.sleep(Thread.java:340)
	at java.util.concurrent.TimeUnit.sleep(TimeUnit.java:386)
	at org.apache.ratis.util.TimeDuration.sleep(TimeDuration.java:324)
	at org.apache.ratis.util.TimeDuration.sleep(TimeDuration.java:309)
	at org.apache.ratis.server.impl.FollowerState.run(FollowerState.java:118)
2021-07-20 05:56:19,017 [905d2630-d761-45f8-9e86-789d0a84fbcd@group-321C7BA85E11-SegmentedRaftLogWorker] INFO  segmented.SegmentedRaftLogWorker (SegmentedRaftLogWorker.java:run(327)) - 905d2630-d761-45f8-9e86-789d0a84fbcd@group-321C7BA85E11-SegmentedRaftLogWorker was interrupted, exiting. There are 0 tasks remaining in the queue.
2021-07-20 05:56:19,018 [Listener at 127.0.0.1/12232] INFO  segmented.SegmentedRaftLogWorker (SegmentedRaftLogWorker.java:close(237)) - 905d2630-d761-45f8-9e86-789d0a84fbcd@group-321C7BA85E11-SegmentedRaftLogWorker close()
2021-07-20 05:56:19,019 [Listener at 127.0.0.1/12232] INFO  metrics.RatisMetrics (RatisMetrics.java:unregister(43)) - Unregistering Metrics Registry : ratis.log_worker.905d2630-d761-45f8-9e86-789d0a84fbcd@group-321C7BA85E11
2021-07-20 05:56:19,019 [Listener at 127.0.0.1/12232] INFO  metrics.RatisMetrics (RatisMetrics.java:unregister(43)) - Unregistering Metrics Registry : ratis.leader_election.905d2630-d761-45f8-9e86-789d0a84fbcd@group-321C7BA85E11
2021-07-20 05:56:19,019 [Listener at 127.0.0.1/12232] INFO  metrics.RatisMetrics (RatisMetrics.java:unregister(43)) - Unregistering Metrics Registry : ratis.server.905d2630-d761-45f8-9e86-789d0a84fbcd@group-321C7BA85E11
2021-07-20 05:56:19,020 [Listener at 127.0.0.1/12232] INFO  server.GrpcService (GrpcService.java:closeImpl(262)) - 905d2630-d761-45f8-9e86-789d0a84fbcd: shutdown server with port 13272 now
2021-07-20 05:56:19,020 [Listener at 127.0.0.1/12232] INFO  server.GrpcService (GrpcService.java:closeImpl(271)) - 905d2630-d761-45f8-9e86-789d0a84fbcd: shutdown server with port 13272 successfully
2021-07-20 05:56:19,020 [org.apache.ratis.util.JvmPauseMonitor$$Lambda$496/1294139740@578ce232] INFO  util.JvmPauseMonitor (JvmPauseMonitor.java:run(109)) - JvmPauseMonitor-905d2630-d761-45f8-9e86-789d0a84fbcd: Stopped
2021-07-20 05:56:19,021 [Listener at 127.0.0.1/12232] INFO  pipeline.BackgroundPipelineCreator (BackgroundPipelineCreatorV2.java:stop(158)) - Stopping RatisPipelineUtilsThread.
2021-07-20 05:56:19,021 [Listener at 127.0.0.1/12232] INFO  server.StorageContainerManager (StorageContainerManager.java:stop(1439)) - Stopping SCM MetadataStore.
2021-07-20 05:56:19,022 [Listener at 127.0.0.1/12232] INFO  impl.MetricsSystemImpl (MetricsSystemImpl.java:stop(205)) - StorageContainerManager metrics system stopped (again)
2021-07-20 05:56:19,022 [Listener at 127.0.0.1/12232] INFO  ozone.MiniOzoneClusterImpl (MiniOzoneClusterImpl.java:stop(463)) - Stopping the Mini Ozone Cluster
2021-07-20 05:56:19,022 [Listener at 127.0.0.1/12232] INFO  ozone.MiniOzoneClusterImpl (MiniOzoneClusterImpl.java:stopDatanodes(522)) - Stopping the HddsDatanodes
2021-07-20 05:56:19,542 [Datanode State Machine Thread - 0] WARN  statemachine.StateContext (StateContext.java:setState(246)) - Ignore disallowed transition from SHUTDOWN to RUNNING
2021-07-20 05:56:19,542 [Datanode State Machine Thread - 0] INFO  statemachine.DatanodeStateMachine (DatanodeStateMachine.java:lambda$startDaemon$0(456)) - Ozone container server started.
2021-07-20 05:56:19,558 [EndpointStateMachine task thread for /127.0.0.1:13253 - 0 ] INFO  ipc.Client (Client.java:handleConnectionFailure(977)) - Retrying connect to server: localhost/127.0.0.1:13253. Already tried 1 time(s); retry policy is RetryUpToMaximumCountWithFixedSleep(maxRetries=15, sleepTime=1000 MILLISECONDS)
2021-07-20 05:56:19,557 [Datanode State Machine Thread - 0] WARN  statemachine.StateContext (StateContext.java:setState(246)) - Ignore disallowed transition from SHUTDOWN to RUNNING
2021-07-20 05:56:19,558 [Datanode State Machine Thread - 0] INFO  statemachine.DatanodeStateMachine (DatanodeStateMachine.java:lambda$startDaemon$0(456)) - Ozone container server started.
2021-07-20 05:56:19,687 [EndpointStateMachine task thread for /127.0.0.1:13263 - 0 ] WARN  statemachine.EndpointStateMachine (EndpointStateMachine.java:logIfNeeded(236)) - Unable to communicate to SCM server at 127.0.0.1:13263 for past 0 seconds.
java.io.EOFException: End of File Exception between local host is: "fv-az291-163/10.1.0.42"; destination host is: "localhost":13263; : java.io.EOFException; For more details see:  http://wiki.apache.org/hadoop/EOFException
	at sun.reflect.NativeConstructorAccessorImpl.newInstance0(Native Method)
	at sun.reflect.NativeConstructorAccessorImpl.newInstance(NativeConstructorAccessorImpl.java:62)
	at sun.reflect.DelegatingConstructorAccessorImpl.newInstance(DelegatingConstructorAccessorImpl.java:45)
	at java.lang.reflect.Constructor.newInstance(Constructor.java:423)
	at org.apache.hadoop.net.NetUtils.wrapWithMessage(NetUtils.java:913)
	at org.apache.hadoop.net.NetUtils.wrapException(NetUtils.java:862)
	at org.apache.hadoop.ipc.Client.getRpcResponse(Client.java:1577)
	at org.apache.hadoop.ipc.Client.call(Client.java:1519)
	at org.apache.hadoop.ipc.Client.call(Client.java:1416)
	at org.apache.hadoop.ipc.ProtobufRpcEngine$Invoker.invoke(ProtobufRpcEngine.java:236)
	at org.apache.hadoop.ipc.ProtobufRpcEngine$Invoker.invoke(ProtobufRpcEngine.java:123)
	at com.sun.proxy.$Proxy47.submitRequest(Unknown Source)
	at org.apache.hadoop.ozone.protocolPB.StorageContainerDatanodeProtocolClientSideTranslatorPB.submitRequest(StorageContainerDatanodeProtocolClientSideTranslatorPB.java:117)
	at org.apache.hadoop.ozone.protocolPB.StorageContainerDatanodeProtocolClientSideTranslatorPB.sendHeartbeat(StorageContainerDatanodeProtocolClientSideTranslatorPB.java:149)
	at org.apache.hadoop.ozone.container.common.states.endpoint.HeartbeatEndpointTask.call(HeartbeatEndpointTask.java:179)
	at org.apache.hadoop.ozone.container.common.states.endpoint.HeartbeatEndpointTask.call(HeartbeatEndpointTask.java:82)
	at java.util.concurrent.FutureTask.run(FutureTask.java:266)
	at java.util.concurrent.ThreadPoolExecutor.runWorker(ThreadPoolExecutor.java:1149)
	at java.util.concurrent.ThreadPoolExecutor$Worker.run(ThreadPoolExecutor.java:624)
	at java.lang.Thread.run(Thread.java:748)
Caused by: java.io.EOFException
	at java.io.DataInputStream.readInt(DataInputStream.java:392)
	at org.apache.hadoop.ipc.Client$IpcStreams.readResponse(Client.java:1892)
	at org.apache.hadoop.ipc.Client$Connection.receiveRpcResponse(Client.java:1202)
	at org.apache.hadoop.ipc.Client$Connection.run(Client.java:1098)
2021-07-20 05:56:19,687 [EndpointStateMachine task thread for /127.0.0.1:13273 - 0 ] WARN  statemachine.EndpointStateMachine (EndpointStateMachine.java:logIfNeeded(236)) - Unable to communicate to SCM server at 127.0.0.1:13273 for past 0 seconds.
java.io.EOFException: End of File Exception between local host is: "fv-az291-163/10.1.0.42"; destination host is: "localhost":13273; : java.io.EOFException; For more details see:  http://wiki.apache.org/hadoop/EOFException
	at sun.reflect.NativeConstructorAccessorImpl.newInstance0(Native Method)
	at sun.reflect.NativeConstructorAccessorImpl.newInstance(NativeConstructorAccessorImpl.java:62)
	at sun.reflect.DelegatingConstructorAccessorImpl.newInstance(DelegatingConstructorAccessorImpl.java:45)
	at java.lang.reflect.Constructor.newInstance(Constructor.java:423)
	at org.apache.hadoop.net.NetUtils.wrapWithMessage(NetUtils.java:913)
	at org.apache.hadoop.net.NetUtils.wrapException(NetUtils.java:862)
	at org.apache.hadoop.ipc.Client.getRpcResponse(Client.java:1577)
	at org.apache.hadoop.ipc.Client.call(Client.java:1519)
	at org.apache.hadoop.ipc.Client.call(Client.java:1416)
	at org.apache.hadoop.ipc.ProtobufRpcEngine$Invoker.invoke(ProtobufRpcEngine.java:236)
	at org.apache.hadoop.ipc.ProtobufRpcEngine$Invoker.invoke(ProtobufRpcEngine.java:123)
	at com.sun.proxy.$Proxy47.submitRequest(Unknown Source)
	at org.apache.hadoop.ozone.protocolPB.StorageContainerDatanodeProtocolClientSideTranslatorPB.submitRequest(StorageContainerDatanodeProtocolClientSideTranslatorPB.java:117)
	at org.apache.hadoop.ozone.protocolPB.StorageContainerDatanodeProtocolClientSideTranslatorPB.sendHeartbeat(StorageContainerDatanodeProtocolClientSideTranslatorPB.java:149)
	at org.apache.hadoop.ozone.container.common.states.endpoint.HeartbeatEndpointTask.call(HeartbeatEndpointTask.java:179)
	at org.apache.hadoop.ozone.container.common.states.endpoint.HeartbeatEndpointTask.call(HeartbeatEndpointTask.java:82)
	at java.util.concurrent.FutureTask.run(FutureTask.java:266)
	at java.util.concurrent.ThreadPoolExecutor.runWorker(ThreadPoolExecutor.java:1149)
	at java.util.concurrent.ThreadPoolExecutor$Worker.run(ThreadPoolExecutor.java:624)
	at java.lang.Thread.run(Thread.java:748)
Caused by: java.io.EOFException
	at java.io.DataInputStream.readInt(DataInputStream.java:392)
	at org.apache.hadoop.ipc.Client$IpcStreams.readResponse(Client.java:1892)
	at org.apache.hadoop.ipc.Client$Connection.receiveRpcResponse(Client.java:1202)
	at org.apache.hadoop.ipc.Client$Connection.run(Client.java:1098)
2021-07-20 05:56:20,558 [EndpointStateMachine task thread for /127.0.0.1:13253 - 0 ] INFO  ipc.Client (Client.java:handleConnectionFailure(977)) - Retrying connect to server: localhost/127.0.0.1:13253. Already tried 2 time(s); retry policy is RetryUpToMaximumCountWithFixedSleep(maxRetries=15, sleepTime=1000 MILLISECONDS)
2021-07-20 05:56:21,559 [EndpointStateMachine task thread for /127.0.0.1:13253 - 0 ] INFO  ipc.Client (Client.java:handleConnectionFailure(977)) - Retrying connect to server: localhost/127.0.0.1:13253. Already tried 3 time(s); retry policy is RetryUpToMaximumCountWithFixedSleep(maxRetries=15, sleepTime=1000 MILLISECONDS)
2021-07-20 05:56:21,687 [EndpointStateMachine task thread for /127.0.0.1:13263 - 0 ] INFO  ipc.Client (Client.java:handleConnectionFailure(977)) - Retrying connect to server: localhost/127.0.0.1:13263. Already tried 0 time(s); retry policy is RetryUpToMaximumCountWithFixedSleep(maxRetries=15, sleepTime=1000 MILLISECONDS)
2021-07-20 05:56:21,687 [EndpointStateMachine task thread for /127.0.0.1:13273 - 0 ] INFO  ipc.Client (Client.java:handleConnectionFailure(977)) - Retrying connect to server: localhost/127.0.0.1:13273. Already tried 0 time(s); retry policy is RetryUpToMaximumCountWithFixedSleep(maxRetries=15, sleepTime=1000 MILLISECONDS)
2021-07-20 05:56:22,559 [EndpointStateMachine task thread for /127.0.0.1:13253 - 0 ] INFO  ipc.Client (Client.java:handleConnectionFailure(977)) - Retrying connect to server: localhost/127.0.0.1:13253. Already tried 4 time(s); retry policy is RetryUpToMaximumCountWithFixedSleep(maxRetries=15, sleepTime=1000 MILLISECONDS)
2021-07-20 05:56:22,688 [EndpointStateMachine task thread for /127.0.0.1:13263 - 0 ] INFO  ipc.Client (Client.java:handleConnectionFailure(977)) - Retrying connect to server: localhost/127.0.0.1:13263. Already tried 1 time(s); retry policy is RetryUpToMaximumCountWithFixedSleep(maxRetries=15, sleepTime=1000 MILLISECONDS)
2021-07-20 05:56:22,688 [EndpointStateMachine task thread for /127.0.0.1:13273 - 0 ] INFO  ipc.Client (Client.java:handleConnectionFailure(977)) - Retrying connect to server: localhost/127.0.0.1:13273. Already tried 1 time(s); retry policy is RetryUpToMaximumCountWithFixedSleep(maxRetries=15, sleepTime=1000 MILLISECONDS)
2021-07-20 05:56:23,560 [EndpointStateMachine task thread for /127.0.0.1:13253 - 0 ] INFO  ipc.Client (Client.java:handleConnectionFailure(977)) - Retrying connect to server: localhost/127.0.0.1:13253. Already tried 5 time(s); retry policy is RetryUpToMaximumCountWithFixedSleep(maxRetries=15, sleepTime=1000 MILLISECONDS)
2021-07-20 05:56:23,688 [EndpointStateMachine task thread for /127.0.0.1:13263 - 0 ] INFO  ipc.Client (Client.java:handleConnectionFailure(977)) - Retrying connect to server: localhost/127.0.0.1:13263. Already tried 2 time(s); retry policy is RetryUpToMaximumCountWithFixedSleep(maxRetries=15, sleepTime=1000 MILLISECONDS)
2021-07-20 05:56:23,688 [EndpointStateMachine task thread for /127.0.0.1:13273 - 0 ] INFO  ipc.Client (Client.java:handleConnectionFailure(977)) - Retrying connect to server: localhost/127.0.0.1:13273. Already tried 2 time(s); retry policy is RetryUpToMaximumCountWithFixedSleep(maxRetries=15, sleepTime=1000 MILLISECONDS)
2021-07-20 05:56:24,024 [ForkJoinPool.commonPool-worker-1] INFO  ozoneimpl.OzoneContainer (OzoneContainer.java:stop(326)) - Attempting to stop container services.
2021-07-20 05:56:24,024 [Listener at 127.0.0.1/12232] INFO  ozoneimpl.OzoneContainer (OzoneContainer.java:stop(326)) - Attempting to stop container services.
2021-07-20 05:56:24,025 [ForkJoinPool.commonPool-worker-1] INFO  server.RaftServer (RaftServerProxy.java:lambda$close$6(391)) - 9faaa3cd-c518-4f7b-b785-ee74f85cb545: close
2021-07-20 05:56:24,025 [ForkJoinPool.commonPool-worker-1] INFO  server.RaftServer$Division (RaftServerImpl.java:lambda$close$4(406)) - 9faaa3cd-c518-4f7b-b785-ee74f85cb545@group-8B3FC87223FC: shutdown
2021-07-20 05:56:24,025 [ForkJoinPool.commonPool-worker-1] INFO  util.JmxRegister (JmxRegister.java:unregister(73)) - Successfully un-registered JMX Bean with object name Ratis:service=RaftServer,group=group-8B3FC87223FC,id=9faaa3cd-c518-4f7b-b785-ee74f85cb545
2021-07-20 05:56:24,025 [ForkJoinPool.commonPool-worker-1] INFO  impl.RoleInfo (RoleInfo.java:shutdownLeaderState(91)) - 9faaa3cd-c518-4f7b-b785-ee74f85cb545: shutdown 9faaa3cd-c518-4f7b-b785-ee74f85cb545@group-8B3FC87223FC-LeaderStateImpl
2021-07-20 05:56:24,025 [ForkJoinPool.commonPool-worker-1] INFO  impl.PendingRequests (PendingRequests.java:sendNotLeaderResponses(249)) - 9faaa3cd-c518-4f7b-b785-ee74f85cb545@group-8B3FC87223FC-PendingRequests: sendNotLeaderResponses
2021-07-20 05:56:24,026 [ForkJoinPool.commonPool-worker-1] INFO  metrics.RatisMetrics (RatisMetrics.java:unregister(43)) - Unregistering Metrics Registry : ratis.log_appender.9faaa3cd-c518-4f7b-b785-ee74f85cb545@group-8B3FC87223FC
2021-07-20 05:56:24,026 [ForkJoinPool.commonPool-worker-1] INFO  metrics.RatisMetrics (RatisMetrics.java:unregister(43)) - Unregistering Metrics Registry : ratis.server.9faaa3cd-c518-4f7b-b785-ee74f85cb545@group-8B3FC87223FC
2021-07-20 05:56:24,026 [ForkJoinPool.commonPool-worker-1] INFO  impl.StateMachineUpdater (StateMachineUpdater.java:stopAndJoin(149)) - 9faaa3cd-c518-4f7b-b785-ee74f85cb545@group-8B3FC87223FC-StateMachineUpdater: set stopIndex = 0
2021-07-20 05:56:24,026 [Listener at 127.0.0.1/12232] INFO  server.RaftServer (RaftServerProxy.java:lambda$close$6(391)) - 06501cb2-b233-4740-8c26-b46265537cb4: close
2021-07-20 05:56:24,026 [9faaa3cd-c518-4f7b-b785-ee74f85cb545@group-8B3FC87223FC-StateMachineUpdater] INFO  ratis.ContainerStateMachine (ContainerStateMachine.java:takeSnapshot(291)) - group-8B3FC87223FC: Taking a snapshot at:(t:1, i:0) file /home/runner/work/ozone/ozone/mnt/ozone/hadoop-ozone/integration-test/target/test-dir/MiniOzoneClusterImpl-b2c6a007-39d2-4e45-b76c-321c7ba85e11/datanode-0/data/ratis/e087c57f-330f-4d9d-9148-8b3fc87223fc/sm/snapshot.1_0
2021-07-20 05:56:24,026 [Listener at 127.0.0.1/12232] INFO  server.RaftServer$Division (RaftServerImpl.java:lambda$close$4(406)) - 06501cb2-b233-4740-8c26-b46265537cb4@group-BF0FFBB7682E: shutdown
2021-07-20 05:56:24,027 [Listener at 127.0.0.1/12232] INFO  util.JmxRegister (JmxRegister.java:unregister(73)) - Successfully un-registered JMX Bean with object name Ratis:service=RaftServer,group=group-BF0FFBB7682E,id=06501cb2-b233-4740-8c26-b46265537cb4
2021-07-20 05:56:24,027 [Listener at 127.0.0.1/12232] INFO  impl.RoleInfo (RoleInfo.java:shutdownLeaderState(91)) - 06501cb2-b233-4740-8c26-b46265537cb4: shutdown 06501cb2-b233-4740-8c26-b46265537cb4@group-BF0FFBB7682E-LeaderStateImpl
2021-07-20 05:56:24,027 [Listener at 127.0.0.1/12232] INFO  metrics.RatisMetrics (RatisMetrics.java:unregister(43)) - Unregistering Metrics Registry : ratis_grpc.log_appender.06501cb2-b233-4740-8c26-b46265537cb4@group-BF0FFBB7682E
2021-07-20 05:56:24,027 [Listener at 127.0.0.1/12232] INFO  metrics.RatisMetrics (RatisMetrics.java:unregister(43)) - Unregistering Metrics Registry : ratis_grpc.log_appender.06501cb2-b233-4740-8c26-b46265537cb4@group-BF0FFBB7682E
2021-07-20 05:56:24,027 [Listener at 127.0.0.1/12232] INFO  impl.PendingRequests (PendingRequests.java:sendNotLeaderResponses(249)) - 06501cb2-b233-4740-8c26-b46265537cb4@group-BF0FFBB7682E-PendingRequests: sendNotLeaderResponses
2021-07-20 05:56:24,028 [Listener at 127.0.0.1/12232] INFO  metrics.RatisMetrics (RatisMetrics.java:unregister(43)) - Unregistering Metrics Registry : ratis.log_appender.06501cb2-b233-4740-8c26-b46265537cb4@group-BF0FFBB7682E
2021-07-20 05:56:24,028 [Listener at 127.0.0.1/12232] INFO  metrics.RatisMetrics (RatisMetrics.java:unregister(43)) - Unregistering Metrics Registry : ratis.server.06501cb2-b233-4740-8c26-b46265537cb4@group-BF0FFBB7682E
2021-07-20 05:56:24,028 [06501cb2-b233-4740-8c26-b46265537cb4@group-BF0FFBB7682E->577e6845-c807-4eb8-9332-2f265641e0df-GrpcLogAppender-LogAppenderDaemon] WARN  server.GrpcLogAppender (GrpcLogAppender.java:mayWait(175)) - 06501cb2-b233-4740-8c26-b46265537cb4@group-BF0FFBB7682E->577e6845-c807-4eb8-9332-2f265641e0df-GrpcLogAppender: Wait interrupted by java.lang.InterruptedException
2021-07-20 05:56:24,029 [06501cb2-b233-4740-8c26-b46265537cb4@group-BF0FFBB7682E->9faaa3cd-c518-4f7b-b785-ee74f85cb545-GrpcLogAppender-LogAppenderDaemon] WARN  server.GrpcLogAppender (GrpcLogAppender.java:mayWait(175)) - 06501cb2-b233-4740-8c26-b46265537cb4@group-BF0FFBB7682E->9faaa3cd-c518-4f7b-b785-ee74f85cb545-GrpcLogAppender: Wait interrupted by java.lang.InterruptedException
2021-07-20 05:56:24,030 [Listener at 127.0.0.1/12232] INFO  impl.StateMachineUpdater (StateMachineUpdater.java:stopAndJoin(149)) - 06501cb2-b233-4740-8c26-b46265537cb4@group-BF0FFBB7682E-StateMachineUpdater: set stopIndex = 0
2021-07-20 05:56:24,030 [grpc-default-executor-3] INFO  server.GrpcServerProtocolService (GrpcServerProtocolService.java:onCompleted(140)) - 577e6845-c807-4eb8-9332-2f265641e0df: Completed APPEND_ENTRIES, lastRequest: 06501cb2-b233-4740-8c26-b46265537cb4->577e6845-c807-4eb8-9332-2f265641e0df#1-t3,previous=(t:0, i:0),leaderCommit=-1,initializing? true,entries: size=1, first=(t:3, i:0), CONFIGURATIONENTRY
2021-07-20 05:56:24,030 [06501cb2-b233-4740-8c26-b46265537cb4@group-BF0FFBB7682E-StateMachineUpdater] INFO  ratis.ContainerStateMachine (ContainerStateMachine.java:takeSnapshot(291)) - group-BF0FFBB7682E: Taking a snapshot at:(t:3, i:0) file /home/runner/work/ozone/ozone/mnt/ozone/hadoop-ozone/integration-test/target/test-dir/MiniOzoneClusterImpl-b2c6a007-39d2-4e45-b76c-321c7ba85e11/datanode-1/data/ratis/8acf67c8-2638-45cc-a5e1-bf0ffbb7682e/sm/snapshot.3_0
2021-07-20 05:56:24,031 [grpc-default-executor-3] INFO  server.GrpcServerProtocolService (GrpcServerProtocolService.java:onCompleted(140)) - 9faaa3cd-c518-4f7b-b785-ee74f85cb545: Completed APPEND_ENTRIES, lastRequest: 06501cb2-b233-4740-8c26-b46265537cb4->9faaa3cd-c518-4f7b-b785-ee74f85cb545#1-t3,previous=(t:0, i:0),leaderCommit=-1,initializing? true,entries: size=1, first=(t:3, i:0), CONFIGURATIONENTRY
2021-07-20 05:56:24,032 [grpc-default-executor-0] INFO  server.GrpcLogAppender (GrpcLogAppender.java:onCompleted(344)) - 06501cb2-b233-4740-8c26-b46265537cb4@group-BF0FFBB7682E->9faaa3cd-c518-4f7b-b785-ee74f85cb545-AppendLogResponseHandler: follower responses appendEntries COMPLETED
2021-07-20 05:56:24,032 [grpc-default-executor-0] INFO  leader.FollowerInfo (FollowerInfoImpl.java:lambda$new$0(46)) - 06501cb2-b233-4740-8c26-b46265537cb4@group-BF0FFBB7682E->9faaa3cd-c518-4f7b-b785-ee74f85cb545: nextIndex: updateUnconditionally 1 -> 0
2021-07-20 05:56:24,033 [grpc-default-executor-0] INFO  server.GrpcLogAppender (GrpcLogAppender.java:onCompleted(344)) - 06501cb2-b233-4740-8c26-b46265537cb4@group-BF0FFBB7682E->577e6845-c807-4eb8-9332-2f265641e0df-AppendLogResponseHandler: follower responses appendEntries COMPLETED
2021-07-20 05:56:24,033 [grpc-default-executor-0] INFO  leader.FollowerInfo (FollowerInfoImpl.java:lambda$new$0(46)) - 06501cb2-b233-4740-8c26-b46265537cb4@group-BF0FFBB7682E->577e6845-c807-4eb8-9332-2f265641e0df: nextIndex: updateUnconditionally 1 -> 0
2021-07-20 05:56:24,053 [06501cb2-b233-4740-8c26-b46265537cb4@group-BF0FFBB7682E-StateMachineUpdater] INFO  ratis.ContainerStateMachine (ContainerStateMachine.java:takeSnapshot(302)) - group-BF0FFBB7682E: Finished taking a snapshot at:(t:3, i:0) file:/home/runner/work/ozone/ozone/mnt/ozone/hadoop-ozone/integration-test/target/test-dir/MiniOzoneClusterImpl-b2c6a007-39d2-4e45-b76c-321c7ba85e11/datanode-1/data/ratis/8acf67c8-2638-45cc-a5e1-bf0ffbb7682e/sm/snapshot.3_0 took: 23 ms
2021-07-20 05:56:24,053 [9faaa3cd-c518-4f7b-b785-ee74f85cb545@group-8B3FC87223FC-StateMachineUpdater] INFO  ratis.ContainerStateMachine (ContainerStateMachine.java:takeSnapshot(302)) - group-8B3FC87223FC: Finished taking a snapshot at:(t:1, i:0) file:/home/runner/work/ozone/ozone/mnt/ozone/hadoop-ozone/integration-test/target/test-dir/MiniOzoneClusterImpl-b2c6a007-39d2-4e45-b76c-321c7ba85e11/datanode-0/data/ratis/e087c57f-330f-4d9d-9148-8b3fc87223fc/sm/snapshot.1_0 took: 27 ms
2021-07-20 05:56:24,055 [06501cb2-b233-4740-8c26-b46265537cb4@group-BF0FFBB7682E-StateMachineUpdater] INFO  impl.StateMachineUpdater (StateMachineUpdater.java:takeSnapshot(281)) - 06501cb2-b233-4740-8c26-b46265537cb4@group-BF0FFBB7682E-StateMachineUpdater: Took a snapshot at index 0
2021-07-20 05:56:24,055 [06501cb2-b233-4740-8c26-b46265537cb4@group-BF0FFBB7682E-StateMachineUpdater] INFO  impl.StateMachineUpdater (StateMachineUpdater.java:lambda$new$0(89)) - 06501cb2-b233-4740-8c26-b46265537cb4@group-BF0FFBB7682E-StateMachineUpdater: snapshotIndex: updateIncreasingly -1 -> 0
2021-07-20 05:56:24,055 [9faaa3cd-c518-4f7b-b785-ee74f85cb545@group-8B3FC87223FC-StateMachineUpdater] INFO  impl.StateMachineUpdater (StateMachineUpdater.java:takeSnapshot(281)) - 9faaa3cd-c518-4f7b-b785-ee74f85cb545@group-8B3FC87223FC-StateMachineUpdater: Took a snapshot at index 0
2021-07-20 05:56:24,055 [9faaa3cd-c518-4f7b-b785-ee74f85cb545@group-8B3FC87223FC-StateMachineUpdater] INFO  impl.StateMachineUpdater (StateMachineUpdater.java:lambda$new$0(89)) - 9faaa3cd-c518-4f7b-b785-ee74f85cb545@group-8B3FC87223FC-StateMachineUpdater: snapshotIndex: updateIncreasingly -1 -> 0
2021-07-20 05:56:24,058 [06501cb2-b233-4740-8c26-b46265537cb4@group-BF0FFBB7682E-StateMachineUpdater] INFO  metrics.RatisMetrics (RatisMetrics.java:unregister(43)) - Unregistering Metrics Registry : ratis.state_machine.06501cb2-b233-4740-8c26-b46265537cb4@group-BF0FFBB7682E
2021-07-20 05:56:24,058 [9faaa3cd-c518-4f7b-b785-ee74f85cb545@group-8B3FC87223FC-StateMachineUpdater] INFO  metrics.RatisMetrics (RatisMetrics.java:unregister(43)) - Unregistering Metrics Registry : ratis.state_machine.9faaa3cd-c518-4f7b-b785-ee74f85cb545@group-8B3FC87223FC
2021-07-20 05:56:24,058 [Listener at 127.0.0.1/12232] INFO  server.RaftServer$Division (ServerState.java:close(405)) - 06501cb2-b233-4740-8c26-b46265537cb4@group-BF0FFBB7682E: closes. applyIndex: 0
2021-07-20 05:56:24,059 [06501cb2-b233-4740-8c26-b46265537cb4@group-BF0FFBB7682E-SegmentedRaftLogWorker] INFO  segmented.SegmentedRaftLogWorker (SegmentedRaftLogWorker.java:run(327)) - 06501cb2-b233-4740-8c26-b46265537cb4@group-BF0FFBB7682E-SegmentedRaftLogWorker was interrupted, exiting. There are 0 tasks remaining in the queue.
2021-07-20 05:56:24,063 [Listener at 127.0.0.1/12232] INFO  segmented.SegmentedRaftLogWorker (SegmentedRaftLogWorker.java:close(237)) - 06501cb2-b233-4740-8c26-b46265537cb4@group-BF0FFBB7682E-SegmentedRaftLogWorker close()
2021-07-20 05:56:24,063 [ForkJoinPool.commonPool-worker-1] INFO  server.RaftServer$Division (ServerState.java:close(405)) - 9faaa3cd-c518-4f7b-b785-ee74f85cb545@group-8B3FC87223FC: closes. applyIndex: 0
2021-07-20 05:56:24,064 [9faaa3cd-c518-4f7b-b785-ee74f85cb545@group-8B3FC87223FC-SegmentedRaftLogWorker] INFO  segmented.SegmentedRaftLogWorker (SegmentedRaftLogWorker.java:run(327)) - 9faaa3cd-c518-4f7b-b785-ee74f85cb545@group-8B3FC87223FC-SegmentedRaftLogWorker was interrupted, exiting. There are 0 tasks remaining in the queue.
2021-07-20 05:56:24,064 [Listener at 127.0.0.1/12232] INFO  metrics.RatisMetrics (RatisMetrics.java:unregister(43)) - Unregistering Metrics Registry : ratis.log_worker.06501cb2-b233-4740-8c26-b46265537cb4@group-BF0FFBB7682E
2021-07-20 05:56:24,064 [Listener at 127.0.0.1/12232] INFO  metrics.RatisMetrics (RatisMetrics.java:unregister(43)) - Unregistering Metrics Registry : ratis.leader_election.06501cb2-b233-4740-8c26-b46265537cb4@group-BF0FFBB7682E
2021-07-20 05:56:24,064 [Listener at 127.0.0.1/12232] INFO  metrics.RatisMetrics (RatisMetrics.java:unregister(43)) - Unregistering Metrics Registry : ratis.server.06501cb2-b233-4740-8c26-b46265537cb4@group-BF0FFBB7682E
2021-07-20 05:56:24,065 [Listener at 127.0.0.1/12232] INFO  server.RaftServer$Division (RaftServerImpl.java:lambda$close$4(406)) - 06501cb2-b233-4740-8c26-b46265537cb4@group-EC3C46D17947: shutdown
2021-07-20 05:56:24,065 [Listener at 127.0.0.1/12232] INFO  util.JmxRegister (JmxRegister.java:unregister(73)) - Successfully un-registered JMX Bean with object name Ratis:service=RaftServer,group=group-EC3C46D17947,id=06501cb2-b233-4740-8c26-b46265537cb4
2021-07-20 05:56:24,065 [Listener at 127.0.0.1/12232] INFO  impl.RoleInfo (RoleInfo.java:shutdownFollowerState(108)) - 06501cb2-b233-4740-8c26-b46265537cb4: shutdown 06501cb2-b233-4740-8c26-b46265537cb4@group-EC3C46D17947-FollowerState
2021-07-20 05:56:24,065 [Listener at 127.0.0.1/12232] INFO  impl.StateMachineUpdater (StateMachineUpdater.java:stopAndJoin(149)) - 06501cb2-b233-4740-8c26-b46265537cb4@group-EC3C46D17947-StateMachineUpdater: set stopIndex = 0
2021-07-20 05:56:24,066 [06501cb2-b233-4740-8c26-b46265537cb4@group-EC3C46D17947-StateMachineUpdater] INFO  ratis.ContainerStateMachine (ContainerStateMachine.java:takeSnapshot(291)) - group-EC3C46D17947: Taking a snapshot at:(t:1, i:0) file /home/runner/work/ozone/ozone/mnt/ozone/hadoop-ozone/integration-test/target/test-dir/MiniOzoneClusterImpl-b2c6a007-39d2-4e45-b76c-321c7ba85e11/datanode-1/data/ratis/0848a5c2-03b2-417e-bc69-ec3c46d17947/sm/snapshot.1_0
2021-07-20 05:56:24,066 [06501cb2-b233-4740-8c26-b46265537cb4@group-EC3C46D17947-FollowerState] INFO  impl.FollowerState (FollowerState.java:run(143)) - 06501cb2-b233-4740-8c26-b46265537cb4@group-EC3C46D17947-FollowerState was interrupted: {}
java.lang.InterruptedException: sleep interrupted
	at java.lang.Thread.sleep(Native Method)
	at java.lang.Thread.sleep(Thread.java:340)
	at java.util.concurrent.TimeUnit.sleep(TimeUnit.java:386)
	at org.apache.ratis.util.TimeDuration.sleep(TimeDuration.java:324)
	at org.apache.ratis.util.TimeDuration.sleep(TimeDuration.java:309)
	at org.apache.ratis.server.impl.FollowerState.run(FollowerState.java:118)
2021-07-20 05:56:24,066 [ForkJoinPool.commonPool-worker-1] INFO  segmented.SegmentedRaftLogWorker (SegmentedRaftLogWorker.java:close(237)) - 9faaa3cd-c518-4f7b-b785-ee74f85cb545@group-8B3FC87223FC-SegmentedRaftLogWorker close()
2021-07-20 05:56:24,067 [ForkJoinPool.commonPool-worker-1] INFO  metrics.RatisMetrics (RatisMetrics.java:unregister(43)) - Unregistering Metrics Registry : ratis.log_worker.9faaa3cd-c518-4f7b-b785-ee74f85cb545@group-8B3FC87223FC
2021-07-20 05:56:24,067 [06501cb2-b233-4740-8c26-b46265537cb4@group-EC3C46D17947-StateMachineUpdater] INFO  ratis.ContainerStateMachine (ContainerStateMachine.java:takeSnapshot(302)) - group-EC3C46D17947: Finished taking a snapshot at:(t:1, i:0) file:/home/runner/work/ozone/ozone/mnt/ozone/hadoop-ozone/integration-test/target/test-dir/MiniOzoneClusterImpl-b2c6a007-39d2-4e45-b76c-321c7ba85e11/datanode-1/data/ratis/0848a5c2-03b2-417e-bc69-ec3c46d17947/sm/snapshot.1_0 took: 2 ms
2021-07-20 05:56:24,067 [ForkJoinPool.commonPool-worker-1] INFO  metrics.RatisMetrics (RatisMetrics.java:unregister(43)) - Unregistering Metrics Registry : ratis.leader_election.9faaa3cd-c518-4f7b-b785-ee74f85cb545@group-8B3FC87223FC
2021-07-20 05:56:24,067 [06501cb2-b233-4740-8c26-b46265537cb4@group-EC3C46D17947-StateMachineUpdater] INFO  impl.StateMachineUpdater (StateMachineUpdater.java:takeSnapshot(281)) - 06501cb2-b233-4740-8c26-b46265537cb4@group-EC3C46D17947-StateMachineUpdater: Took a snapshot at index 0
2021-07-20 05:56:24,067 [06501cb2-b233-4740-8c26-b46265537cb4@group-EC3C46D17947-StateMachineUpdater] INFO  impl.StateMachineUpdater (StateMachineUpdater.java:lambda$new$0(89)) - 06501cb2-b233-4740-8c26-b46265537cb4@group-EC3C46D17947-StateMachineUpdater: snapshotIndex: updateIncreasingly -1 -> 0
2021-07-20 05:56:24,067 [ForkJoinPool.commonPool-worker-1] INFO  metrics.RatisMetrics (RatisMetrics.java:unregister(43)) - Unregistering Metrics Registry : ratis.server.9faaa3cd-c518-4f7b-b785-ee74f85cb545@group-8B3FC87223FC
2021-07-20 05:56:24,067 [06501cb2-b233-4740-8c26-b46265537cb4@group-EC3C46D17947-StateMachineUpdater] INFO  metrics.RatisMetrics (RatisMetrics.java:unregister(43)) - Unregistering Metrics Registry : ratis.state_machine.06501cb2-b233-4740-8c26-b46265537cb4@group-EC3C46D17947
2021-07-20 05:56:24,067 [ForkJoinPool.commonPool-worker-1] INFO  server.RaftServer$Division (RaftServerImpl.java:lambda$close$4(406)) - 9faaa3cd-c518-4f7b-b785-ee74f85cb545@group-BF0FFBB7682E: shutdown
2021-07-20 05:56:24,068 [ForkJoinPool.commonPool-worker-1] INFO  util.JmxRegister (JmxRegister.java:unregister(73)) - Successfully un-registered JMX Bean with object name Ratis:service=RaftServer,group=group-BF0FFBB7682E,id=9faaa3cd-c518-4f7b-b785-ee74f85cb545
2021-07-20 05:56:24,068 [ForkJoinPool.commonPool-worker-1] INFO  impl.RoleInfo (RoleInfo.java:shutdownFollowerState(108)) - 9faaa3cd-c518-4f7b-b785-ee74f85cb545: shutdown 9faaa3cd-c518-4f7b-b785-ee74f85cb545@group-BF0FFBB7682E-FollowerState
2021-07-20 05:56:24,068 [ForkJoinPool.commonPool-worker-1] INFO  impl.StateMachineUpdater (StateMachineUpdater.java:stopAndJoin(149)) - 9faaa3cd-c518-4f7b-b785-ee74f85cb545@group-BF0FFBB7682E-StateMachineUpdater: set stopIndex = 0
2021-07-20 05:56:24,068 [9faaa3cd-c518-4f7b-b785-ee74f85cb545@group-BF0FFBB7682E-FollowerState] INFO  impl.FollowerState (FollowerState.java:run(143)) - 9faaa3cd-c518-4f7b-b785-ee74f85cb545@group-BF0FFBB7682E-FollowerState was interrupted: {}
java.lang.InterruptedException: sleep interrupted
	at java.lang.Thread.sleep(Native Method)
	at java.lang.Thread.sleep(Thread.java:340)
	at java.util.concurrent.TimeUnit.sleep(TimeUnit.java:386)
	at org.apache.ratis.util.TimeDuration.sleep(TimeDuration.java:324)
	at org.apache.ratis.util.TimeDuration.sleep(TimeDuration.java:309)
	at org.apache.ratis.server.impl.FollowerState.run(FollowerState.java:118)
2021-07-20 05:56:24,068 [9faaa3cd-c518-4f7b-b785-ee74f85cb545@group-BF0FFBB7682E-StateMachineUpdater] INFO  ratis.ContainerStateMachine (ContainerStateMachine.java:takeSnapshot(291)) - group-BF0FFBB7682E: Taking a snapshot at:(t:3, i:0) file /home/runner/work/ozone/ozone/mnt/ozone/hadoop-ozone/integration-test/target/test-dir/MiniOzoneClusterImpl-b2c6a007-39d2-4e45-b76c-321c7ba85e11/datanode-0/data/ratis/8acf67c8-2638-45cc-a5e1-bf0ffbb7682e/sm/snapshot.3_0
2021-07-20 05:56:24,068 [Listener at 127.0.0.1/12232] INFO  server.RaftServer$Division (ServerState.java:close(405)) - 06501cb2-b233-4740-8c26-b46265537cb4@group-EC3C46D17947: closes. applyIndex: 0
2021-07-20 05:56:24,068 [06501cb2-b233-4740-8c26-b46265537cb4@group-EC3C46D17947-SegmentedRaftLogWorker] INFO  segmented.SegmentedRaftLogWorker (SegmentedRaftLogWorker.java:run(327)) - 06501cb2-b233-4740-8c26-b46265537cb4@group-EC3C46D17947-SegmentedRaftLogWorker was interrupted, exiting. There are 0 tasks remaining in the queue.
2021-07-20 05:56:24,069 [9faaa3cd-c518-4f7b-b785-ee74f85cb545@group-BF0FFBB7682E-StateMachineUpdater] INFO  ratis.ContainerStateMachine (ContainerStateMachine.java:takeSnapshot(302)) - group-BF0FFBB7682E: Finished taking a snapshot at:(t:3, i:0) file:/home/runner/work/ozone/ozone/mnt/ozone/hadoop-ozone/integration-test/target/test-dir/MiniOzoneClusterImpl-b2c6a007-39d2-4e45-b76c-321c7ba85e11/datanode-0/data/ratis/8acf67c8-2638-45cc-a5e1-bf0ffbb7682e/sm/snapshot.3_0 took: 1 ms
2021-07-20 05:56:24,069 [9faaa3cd-c518-4f7b-b785-ee74f85cb545@group-BF0FFBB7682E-StateMachineUpdater] INFO  impl.StateMachineUpdater (StateMachineUpdater.java:takeSnapshot(281)) - 9faaa3cd-c518-4f7b-b785-ee74f85cb545@group-BF0FFBB7682E-StateMachineUpdater: Took a snapshot at index 0
2021-07-20 05:56:24,069 [9faaa3cd-c518-4f7b-b785-ee74f85cb545@group-BF0FFBB7682E-StateMachineUpdater] INFO  impl.StateMachineUpdater (StateMachineUpdater.java:lambda$new$0(89)) - 9faaa3cd-c518-4f7b-b785-ee74f85cb545@group-BF0FFBB7682E-StateMachineUpdater: snapshotIndex: updateIncreasingly -1 -> 0
2021-07-20 05:56:24,069 [9faaa3cd-c518-4f7b-b785-ee74f85cb545@group-BF0FFBB7682E-StateMachineUpdater] INFO  metrics.RatisMetrics (RatisMetrics.java:unregister(43)) - Unregistering Metrics Registry : ratis.state_machine.9faaa3cd-c518-4f7b-b785-ee74f85cb545@group-BF0FFBB7682E
2021-07-20 05:56:24,070 [ForkJoinPool.commonPool-worker-1] INFO  server.RaftServer$Division (ServerState.java:close(405)) - 9faaa3cd-c518-4f7b-b785-ee74f85cb545@group-BF0FFBB7682E: closes. applyIndex: 0
2021-07-20 05:56:24,070 [9faaa3cd-c518-4f7b-b785-ee74f85cb545@group-BF0FFBB7682E-SegmentedRaftLogWorker] INFO  segmented.SegmentedRaftLogWorker (SegmentedRaftLogWorker.java:run(327)) - 9faaa3cd-c518-4f7b-b785-ee74f85cb545@group-BF0FFBB7682E-SegmentedRaftLogWorker was interrupted, exiting. There are 0 tasks remaining in the queue.
2021-07-20 05:56:24,070 [ForkJoinPool.commonPool-worker-1] INFO  segmented.SegmentedRaftLogWorker (SegmentedRaftLogWorker.java:close(237)) - 9faaa3cd-c518-4f7b-b785-ee74f85cb545@group-BF0FFBB7682E-SegmentedRaftLogWorker close()
2021-07-20 05:56:24,071 [ForkJoinPool.commonPool-worker-1] INFO  metrics.RatisMetrics (RatisMetrics.java:unregister(43)) - Unregistering Metrics Registry : ratis.log_worker.9faaa3cd-c518-4f7b-b785-ee74f85cb545@group-BF0FFBB7682E
2021-07-20 05:56:24,071 [ForkJoinPool.commonPool-worker-1] INFO  metrics.RatisMetrics (RatisMetrics.java:unregister(43)) - Unregistering Metrics Registry : ratis.leader_election.9faaa3cd-c518-4f7b-b785-ee74f85cb545@group-BF0FFBB7682E
2021-07-20 05:56:24,071 [ForkJoinPool.commonPool-worker-1] INFO  metrics.RatisMetrics (RatisMetrics.java:unregister(43)) - Unregistering Metrics Registry : ratis.server.9faaa3cd-c518-4f7b-b785-ee74f85cb545@group-BF0FFBB7682E
2021-07-20 05:56:24,071 [ForkJoinPool.commonPool-worker-1] INFO  server.RaftServer$Division (RaftServerImpl.java:lambda$close$4(406)) - 9faaa3cd-c518-4f7b-b785-ee74f85cb545@group-EC3C46D17947: shutdown
2021-07-20 05:56:24,071 [ForkJoinPool.commonPool-worker-1] INFO  util.JmxRegister (JmxRegister.java:unregister(73)) - Successfully un-registered JMX Bean with object name Ratis:service=RaftServer,group=group-EC3C46D17947,id=9faaa3cd-c518-4f7b-b785-ee74f85cb545
2021-07-20 05:56:24,071 [ForkJoinPool.commonPool-worker-1] INFO  impl.RoleInfo (RoleInfo.java:shutdownLeaderState(91)) - 9faaa3cd-c518-4f7b-b785-ee74f85cb545: shutdown 9faaa3cd-c518-4f7b-b785-ee74f85cb545@group-EC3C46D17947-LeaderStateImpl
2021-07-20 05:56:24,071 [ForkJoinPool.commonPool-worker-1] INFO  metrics.RatisMetrics (RatisMetrics.java:unregister(43)) - Unregistering Metrics Registry : ratis_grpc.log_appender.9faaa3cd-c518-4f7b-b785-ee74f85cb545@group-EC3C46D17947
2021-07-20 05:56:24,071 [ForkJoinPool.commonPool-worker-1] INFO  metrics.RatisMetrics (RatisMetrics.java:unregister(43)) - Unregistering Metrics Registry : ratis_grpc.log_appender.9faaa3cd-c518-4f7b-b785-ee74f85cb545@group-EC3C46D17947
2021-07-20 05:56:24,071 [ForkJoinPool.commonPool-worker-1] INFO  impl.PendingRequests (PendingRequests.java:sendNotLeaderResponses(249)) - 9faaa3cd-c518-4f7b-b785-ee74f85cb545@group-EC3C46D17947-PendingRequests: sendNotLeaderResponses
2021-07-20 05:56:24,071 [9faaa3cd-c518-4f7b-b785-ee74f85cb545@group-EC3C46D17947->06501cb2-b233-4740-8c26-b46265537cb4-GrpcLogAppender-LogAppenderDaemon] WARN  server.GrpcLogAppender (GrpcLogAppender.java:mayWait(175)) - 9faaa3cd-c518-4f7b-b785-ee74f85cb545@group-EC3C46D17947->06501cb2-b233-4740-8c26-b46265537cb4-GrpcLogAppender: Wait interrupted by java.lang.InterruptedException
2021-07-20 05:56:24,071 [ForkJoinPool.commonPool-worker-1] INFO  metrics.RatisMetrics (RatisMetrics.java:unregister(43)) - Unregistering Metrics Registry : ratis.log_appender.9faaa3cd-c518-4f7b-b785-ee74f85cb545@group-EC3C46D17947
2021-07-20 05:56:24,072 [ForkJoinPool.commonPool-worker-1] INFO  metrics.RatisMetrics (RatisMetrics.java:unregister(43)) - Unregistering Metrics Registry : ratis.server.9faaa3cd-c518-4f7b-b785-ee74f85cb545@group-EC3C46D17947
2021-07-20 05:56:24,072 [Listener at 127.0.0.1/12232] INFO  segmented.SegmentedRaftLogWorker (SegmentedRaftLogWorker.java:close(237)) - 06501cb2-b233-4740-8c26-b46265537cb4@group-EC3C46D17947-SegmentedRaftLogWorker close()
2021-07-20 05:56:24,072 [grpc-default-executor-3] INFO  server.GrpcServerProtocolService (GrpcServerProtocolService.java:onCompleted(140)) - 06501cb2-b233-4740-8c26-b46265537cb4: Completed APPEND_ENTRIES, lastRequest: 9faaa3cd-c518-4f7b-b785-ee74f85cb545->06501cb2-b233-4740-8c26-b46265537cb4#1-t1,previous=(t:0, i:0),leaderCommit=-1,initializing? true,entries: size=1, first=(t:1, i:0), CONFIGURATIONENTRY
2021-07-20 05:56:24,072 [ForkJoinPool.commonPool-worker-1] INFO  impl.StateMachineUpdater (StateMachineUpdater.java:stopAndJoin(149)) - 9faaa3cd-c518-4f7b-b785-ee74f85cb545@group-EC3C46D17947-StateMachineUpdater: set stopIndex = 0
2021-07-20 05:56:24,072 [9faaa3cd-c518-4f7b-b785-ee74f85cb545@group-EC3C46D17947->577e6845-c807-4eb8-9332-2f265641e0df-GrpcLogAppender-LogAppenderDaemon] WARN  server.GrpcLogAppender (GrpcLogAppender.java:mayWait(175)) - 9faaa3cd-c518-4f7b-b785-ee74f85cb545@group-EC3C46D17947->577e6845-c807-4eb8-9332-2f265641e0df-GrpcLogAppender: Wait interrupted by java.lang.InterruptedException
2021-07-20 05:56:24,072 [9faaa3cd-c518-4f7b-b785-ee74f85cb545@group-EC3C46D17947-StateMachineUpdater] INFO  ratis.ContainerStateMachine (ContainerStateMachine.java:takeSnapshot(291)) - group-EC3C46D17947: Taking a snapshot at:(t:1, i:0) file /home/runner/work/ozone/ozone/mnt/ozone/hadoop-ozone/integration-test/target/test-dir/MiniOzoneClusterImpl-b2c6a007-39d2-4e45-b76c-321c7ba85e11/datanode-0/data/ratis/0848a5c2-03b2-417e-bc69-ec3c46d17947/sm/snapshot.1_0
2021-07-20 05:56:24,073 [9faaa3cd-c518-4f7b-b785-ee74f85cb545@group-EC3C46D17947-StateMachineUpdater] INFO  ratis.ContainerStateMachine (ContainerStateMachine.java:takeSnapshot(302)) - group-EC3C46D17947: Finished taking a snapshot at:(t:1, i:0) file:/home/runner/work/ozone/ozone/mnt/ozone/hadoop-ozone/integration-test/target/test-dir/MiniOzoneClusterImpl-b2c6a007-39d2-4e45-b76c-321c7ba85e11/datanode-0/data/ratis/0848a5c2-03b2-417e-bc69-ec3c46d17947/sm/snapshot.1_0 took: 1 ms
2021-07-20 05:56:24,073 [9faaa3cd-c518-4f7b-b785-ee74f85cb545@group-EC3C46D17947-StateMachineUpdater] INFO  impl.StateMachineUpdater (StateMachineUpdater.java:takeSnapshot(281)) - 9faaa3cd-c518-4f7b-b785-ee74f85cb545@group-EC3C46D17947-StateMachineUpdater: Took a snapshot at index 0
2021-07-20 05:56:24,073 [9faaa3cd-c518-4f7b-b785-ee74f85cb545@group-EC3C46D17947-StateMachineUpdater] INFO  impl.StateMachineUpdater (StateMachineUpdater.java:lambda$new$0(89)) - 9faaa3cd-c518-4f7b-b785-ee74f85cb545@group-EC3C46D17947-StateMachineUpdater: snapshotIndex: updateIncreasingly -1 -> 0
2021-07-20 05:56:24,073 [9faaa3cd-c518-4f7b-b785-ee74f85cb545@group-EC3C46D17947-StateMachineUpdater] INFO  metrics.RatisMetrics (RatisMetrics.java:unregister(43)) - Unregistering Metrics Registry : ratis.state_machine.9faaa3cd-c518-4f7b-b785-ee74f85cb545@group-EC3C46D17947
2021-07-20 05:56:24,073 [grpc-default-executor-0] INFO  server.GrpcServerProtocolService (GrpcServerProtocolService.java:onCompleted(140)) - 577e6845-c807-4eb8-9332-2f265641e0df: Completed APPEND_ENTRIES, lastRequest: 9faaa3cd-c518-4f7b-b785-ee74f85cb545->577e6845-c807-4eb8-9332-2f265641e0df#1-t1,previous=(t:0, i:0),leaderCommit=0,initializing? true,entries: size=1, first=(t:1, i:0), CONFIGURATIONENTRY
2021-07-20 05:56:24,073 [grpc-default-executor-3] INFO  server.GrpcLogAppender (GrpcLogAppender.java:onCompleted(344)) - 9faaa3cd-c518-4f7b-b785-ee74f85cb545@group-EC3C46D17947->06501cb2-b233-4740-8c26-b46265537cb4-AppendLogResponseHandler: follower responses appendEntries COMPLETED
2021-07-20 05:56:24,074 [grpc-default-executor-3] INFO  leader.FollowerInfo (FollowerInfoImpl.java:lambda$new$0(46)) - 9faaa3cd-c518-4f7b-b785-ee74f85cb545@group-EC3C46D17947->06501cb2-b233-4740-8c26-b46265537cb4: nextIndex: updateUnconditionally 1 -> 0
2021-07-20 05:56:24,074 [ForkJoinPool.commonPool-worker-1] INFO  server.RaftServer$Division (ServerState.java:close(405)) - 9faaa3cd-c518-4f7b-b785-ee74f85cb545@group-EC3C46D17947: closes. applyIndex: 0
2021-07-20 05:56:24,074 [grpc-default-executor-3] INFO  server.GrpcLogAppender (GrpcLogAppender.java:onCompleted(344)) - 9faaa3cd-c518-4f7b-b785-ee74f85cb545@group-EC3C46D17947->577e6845-c807-4eb8-9332-2f265641e0df-AppendLogResponseHandler: follower responses appendEntries COMPLETED
2021-07-20 05:56:24,074 [Listener at 127.0.0.1/12232] INFO  metrics.RatisMetrics (RatisMetrics.java:unregister(43)) - Unregistering Metrics Registry : ratis.log_worker.06501cb2-b233-4740-8c26-b46265537cb4@group-EC3C46D17947
2021-07-20 05:56:24,075 [Listener at 127.0.0.1/12232] INFO  metrics.RatisMetrics (RatisMetrics.java:unregister(43)) - Unregistering Metrics Registry : ratis.leader_election.06501cb2-b233-4740-8c26-b46265537cb4@group-EC3C46D17947
2021-07-20 05:56:24,075 [Listener at 127.0.0.1/12232] INFO  metrics.RatisMetrics (RatisMetrics.java:unregister(43)) - Unregistering Metrics Registry : ratis.server.06501cb2-b233-4740-8c26-b46265537cb4@group-EC3C46D17947
2021-07-20 05:56:24,075 [Listener at 127.0.0.1/12232] INFO  server.RaftServer$Division (RaftServerImpl.java:lambda$close$4(406)) - 06501cb2-b233-4740-8c26-b46265537cb4@group-D7289490AADC: shutdown
2021-07-20 05:56:24,075 [Listener at 127.0.0.1/12232] INFO  util.JmxRegister (JmxRegister.java:unregister(73)) - Successfully un-registered JMX Bean with object name Ratis:service=RaftServer,group=group-D7289490AADC,id=06501cb2-b233-4740-8c26-b46265537cb4
2021-07-20 05:56:24,075 [Listener at 127.0.0.1/12232] INFO  impl.RoleInfo (RoleInfo.java:shutdownLeaderState(91)) - 06501cb2-b233-4740-8c26-b46265537cb4: shutdown 06501cb2-b233-4740-8c26-b46265537cb4@group-D7289490AADC-LeaderStateImpl
2021-07-20 05:56:24,076 [Listener at 127.0.0.1/12232] INFO  impl.PendingRequests (PendingRequests.java:sendNotLeaderResponses(249)) - 06501cb2-b233-4740-8c26-b46265537cb4@group-D7289490AADC-PendingRequests: sendNotLeaderResponses
2021-07-20 05:56:24,076 [Listener at 127.0.0.1/12232] INFO  metrics.RatisMetrics (RatisMetrics.java:unregister(43)) - Unregistering Metrics Registry : ratis.log_appender.06501cb2-b233-4740-8c26-b46265537cb4@group-D7289490AADC
2021-07-20 05:56:24,076 [Listener at 127.0.0.1/12232] INFO  metrics.RatisMetrics (RatisMetrics.java:unregister(43)) - Unregistering Metrics Registry : ratis.server.06501cb2-b233-4740-8c26-b46265537cb4@group-D7289490AADC
2021-07-20 05:56:24,077 [06501cb2-b233-4740-8c26-b46265537cb4@group-D7289490AADC-StateMachineUpdater] INFO  ratis.ContainerStateMachine (ContainerStateMachine.java:takeSnapshot(291)) - group-D7289490AADC: Taking a snapshot at:(t:1, i:0) file /home/runner/work/ozone/ozone/mnt/ozone/hadoop-ozone/integration-test/target/test-dir/MiniOzoneClusterImpl-b2c6a007-39d2-4e45-b76c-321c7ba85e11/datanode-1/data/ratis/0a9fe81c-ba3f-4f81-9976-d7289490aadc/sm/snapshot.1_0
2021-07-20 05:56:24,077 [Listener at 127.0.0.1/12232] INFO  impl.StateMachineUpdater (StateMachineUpdater.java:stopAndJoin(149)) - 06501cb2-b233-4740-8c26-b46265537cb4@group-D7289490AADC-StateMachineUpdater: set stopIndex = 0
2021-07-20 05:56:24,074 [grpc-default-executor-3] INFO  leader.FollowerInfo (FollowerInfoImpl.java:lambda$new$0(46)) - 9faaa3cd-c518-4f7b-b785-ee74f85cb545@group-EC3C46D17947->577e6845-c807-4eb8-9332-2f265641e0df: nextIndex: updateUnconditionally 1 -> 0
2021-07-20 05:56:24,078 [06501cb2-b233-4740-8c26-b46265537cb4@group-D7289490AADC-StateMachineUpdater] INFO  ratis.ContainerStateMachine (ContainerStateMachine.java:takeSnapshot(302)) - group-D7289490AADC: Finished taking a snapshot at:(t:1, i:0) file:/home/runner/work/ozone/ozone/mnt/ozone/hadoop-ozone/integration-test/target/test-dir/MiniOzoneClusterImpl-b2c6a007-39d2-4e45-b76c-321c7ba85e11/datanode-1/data/ratis/0a9fe81c-ba3f-4f81-9976-d7289490aadc/sm/snapshot.1_0 took: 2 ms
2021-07-20 05:56:24,078 [06501cb2-b233-4740-8c26-b46265537cb4@group-D7289490AADC-StateMachineUpdater] INFO  impl.StateMachineUpdater (StateMachineUpdater.java:takeSnapshot(281)) - 06501cb2-b233-4740-8c26-b46265537cb4@group-D7289490AADC-StateMachineUpdater: Took a snapshot at index 0
2021-07-20 05:56:24,078 [06501cb2-b233-4740-8c26-b46265537cb4@group-D7289490AADC-StateMachineUpdater] INFO  impl.StateMachineUpdater (StateMachineUpdater.java:lambda$new$0(89)) - 06501cb2-b233-4740-8c26-b46265537cb4@group-D7289490AADC-StateMachineUpdater: snapshotIndex: updateIncreasingly -1 -> 0
2021-07-20 05:56:24,078 [06501cb2-b233-4740-8c26-b46265537cb4@group-D7289490AADC-StateMachineUpdater] INFO  metrics.RatisMetrics (RatisMetrics.java:unregister(43)) - Unregistering Metrics Registry : ratis.state_machine.06501cb2-b233-4740-8c26-b46265537cb4@group-D7289490AADC
2021-07-20 05:56:24,075 [9faaa3cd-c518-4f7b-b785-ee74f85cb545@group-EC3C46D17947-SegmentedRaftLogWorker] INFO  segmented.SegmentedRaftLogWorker (SegmentedRaftLogWorker.java:run(327)) - 9faaa3cd-c518-4f7b-b785-ee74f85cb545@group-EC3C46D17947-SegmentedRaftLogWorker was interrupted, exiting. There are 0 tasks remaining in the queue.
2021-07-20 05:56:24,079 [Listener at 127.0.0.1/12232] INFO  server.RaftServer$Division (ServerState.java:close(405)) - 06501cb2-b233-4740-8c26-b46265537cb4@group-D7289490AADC: closes. applyIndex: 0
2021-07-20 05:56:24,079 [ForkJoinPool.commonPool-worker-1] INFO  segmented.SegmentedRaftLogWorker (SegmentedRaftLogWorker.java:close(237)) - 9faaa3cd-c518-4f7b-b785-ee74f85cb545@group-EC3C46D17947-SegmentedRaftLogWorker close()
2021-07-20 05:56:24,080 [ForkJoinPool.commonPool-worker-1] INFO  metrics.RatisMetrics (RatisMetrics.java:unregister(43)) - Unregistering Metrics Registry : ratis.log_worker.9faaa3cd-c518-4f7b-b785-ee74f85cb545@group-EC3C46D17947
2021-07-20 05:56:24,080 [ForkJoinPool.commonPool-worker-1] INFO  metrics.RatisMetrics (RatisMetrics.java:unregister(43)) - Unregistering Metrics Registry : ratis.leader_election.9faaa3cd-c518-4f7b-b785-ee74f85cb545@group-EC3C46D17947
2021-07-20 05:56:24,080 [ForkJoinPool.commonPool-worker-1] INFO  metrics.RatisMetrics (RatisMetrics.java:unregister(43)) - Unregistering Metrics Registry : ratis.server.9faaa3cd-c518-4f7b-b785-ee74f85cb545@group-EC3C46D17947
2021-07-20 05:56:24,080 [ForkJoinPool.commonPool-worker-1] INFO  server.GrpcService (GrpcService.java:closeImpl(262)) - 9faaa3cd-c518-4f7b-b785-ee74f85cb545: shutdown server with port 34605 now
2021-07-20 05:56:24,081 [06501cb2-b233-4740-8c26-b46265537cb4@group-D7289490AADC-SegmentedRaftLogWorker] INFO  segmented.SegmentedRaftLogWorker (SegmentedRaftLogWorker.java:run(327)) - 06501cb2-b233-4740-8c26-b46265537cb4@group-D7289490AADC-SegmentedRaftLogWorker was interrupted, exiting. There are 0 tasks remaining in the queue.
2021-07-20 05:56:24,081 [Listener at 127.0.0.1/12232] INFO  segmented.SegmentedRaftLogWorker (SegmentedRaftLogWorker.java:close(237)) - 06501cb2-b233-4740-8c26-b46265537cb4@group-D7289490AADC-SegmentedRaftLogWorker close()
2021-07-20 05:56:24,090 [Listener at 127.0.0.1/12232] INFO  metrics.RatisMetrics (RatisMetrics.java:unregister(43)) - Unregistering Metrics Registry : ratis.log_worker.06501cb2-b233-4740-8c26-b46265537cb4@group-D7289490AADC
2021-07-20 05:56:24,090 [Listener at 127.0.0.1/12232] INFO  metrics.RatisMetrics (RatisMetrics.java:unregister(43)) - Unregistering Metrics Registry : ratis.leader_election.06501cb2-b233-4740-8c26-b46265537cb4@group-D7289490AADC
2021-07-20 05:56:24,091 [Listener at 127.0.0.1/12232] INFO  metrics.RatisMetrics (RatisMetrics.java:unregister(43)) - Unregistering Metrics Registry : ratis.server.06501cb2-b233-4740-8c26-b46265537cb4@group-D7289490AADC
2021-07-20 05:56:24,091 [Listener at 127.0.0.1/12232] INFO  server.GrpcService (GrpcService.java:closeImpl(262)) - 06501cb2-b233-4740-8c26-b46265537cb4: shutdown server with port 38707 now
2021-07-20 05:56:24,094 [ForkJoinPool.commonPool-worker-1] INFO  server.GrpcService (GrpcService.java:closeImpl(271)) - 9faaa3cd-c518-4f7b-b785-ee74f85cb545: shutdown server with port 34605 successfully
2021-07-20 05:56:24,095 [org.apache.ratis.util.JvmPauseMonitor$$Lambda$496/1294139740@180a0624] INFO  util.JvmPauseMonitor (JvmPauseMonitor.java:run(109)) - JvmPauseMonitor-9faaa3cd-c518-4f7b-b785-ee74f85cb545: Stopped
2021-07-20 05:56:24,096 [Listener at 127.0.0.1/12232] INFO  server.GrpcService (GrpcService.java:closeImpl(271)) - 06501cb2-b233-4740-8c26-b46265537cb4: shutdown server with port 38707 successfully
2021-07-20 05:56:24,096 [org.apache.ratis.util.JvmPauseMonitor$$Lambda$496/1294139740@2b108c8f] INFO  util.JvmPauseMonitor (JvmPauseMonitor.java:run(109)) - JvmPauseMonitor-06501cb2-b233-4740-8c26-b46265537cb4: Stopped
2021-07-20 05:56:24,097 [Listener at 127.0.0.1/12232] INFO  utils.BackgroundService (BackgroundService.java:shutdown(132)) - Shutting down service BlockDeletingService
2021-07-20 05:56:24,098 [ForkJoinPool.commonPool-worker-1] INFO  utils.BackgroundService (BackgroundService.java:shutdown(132)) - Shutting down service BlockDeletingService
2021-07-20 05:56:24,099 [ForkJoinPool.commonPool-worker-1] INFO  statemachine.DatanodeStateMachine (DatanodeStateMachine.java:stopDaemon(514)) - Ozone container server stopped.
2021-07-20 05:56:24,102 [Listener at 127.0.0.1/12232] INFO  statemachine.DatanodeStateMachine (DatanodeStateMachine.java:stopDaemon(514)) - Ozone container server stopped.
2021-07-20 05:56:24,103 [Listener at 127.0.0.1/12232] INFO  handler.ContextHandler (ContextHandler.java:doStop(1154)) - Stopped o.e.j.w.WebAppContext@18f9bc99{hddsDatanode,/,null,STOPPED}{jar:file:/home/runner/.m2/repository/org/apache/ozone/hdds-container-service/1.2.0-SNAPSHOT/hdds-container-service-1.2.0-SNAPSHOT.jar!/webapps/hddsDatanode}
2021-07-20 05:56:24,104 [Listener at 127.0.0.1/12232] INFO  server.AbstractConnector (AbstractConnector.java:doStop(381)) - Stopped ServerConnector@67205ec8{HTTP/1.1, (http/1.1)}{0.0.0.0:0}
2021-07-20 05:56:24,104 [Listener at 127.0.0.1/12232] INFO  server.session (HouseKeeper.java:stopScavenging(149)) - node0 Stopped scavenging
2021-07-20 05:56:24,104 [Listener at 127.0.0.1/12232] INFO  handler.ContextHandler (ContextHandler.java:doStop(1154)) - Stopped o.e.j.s.ServletContextHandler@7b16d337{static,/static,jar:file:/home/runner/.m2/repository/org/apache/ozone/hdds-container-service/1.2.0-SNAPSHOT/hdds-container-service-1.2.0-SNAPSHOT.jar!/webapps/static,STOPPED}
2021-07-20 05:56:24,105 [Listener at 127.0.0.1/12232] INFO  handler.ContextHandler (ContextHandler.java:doStop(1154)) - Stopped o.e.j.s.ServletContextHandler@2d0d357b{logs,/logs,file:///home/runner/work/ozone/ozone/mnt/ozone/hadoop-ozone/integration-test/target/log,STOPPED}
2021-07-20 05:56:24,106 [ForkJoinPool.commonPool-worker-1] INFO  handler.ContextHandler (ContextHandler.java:doStop(1154)) - Stopped o.e.j.w.WebAppContext@4bc40cb8{hddsDatanode,/,null,STOPPED}{jar:file:/home/runner/.m2/repository/org/apache/ozone/hdds-container-service/1.2.0-SNAPSHOT/hdds-container-service-1.2.0-SNAPSHOT.jar!/webapps/hddsDatanode}
2021-07-20 05:56:24,106 [ForkJoinPool.commonPool-worker-1] INFO  server.AbstractConnector (AbstractConnector.java:doStop(381)) - Stopped ServerConnector@78519d63{HTTP/1.1, (http/1.1)}{0.0.0.0:0}
2021-07-20 05:56:24,106 [ForkJoinPool.commonPool-worker-1] INFO  server.session (HouseKeeper.java:stopScavenging(149)) - node0 Stopped scavenging
2021-07-20 05:56:24,107 [ForkJoinPool.commonPool-worker-1] INFO  handler.ContextHandler (ContextHandler.java:doStop(1154)) - Stopped o.e.j.s.ServletContextHandler@5a9fa35{static,/static,jar:file:/home/runner/.m2/repository/org/apache/ozone/hdds-container-service/1.2.0-SNAPSHOT/hdds-container-service-1.2.0-SNAPSHOT.jar!/webapps/static,STOPPED}
2021-07-20 05:56:24,108 [ForkJoinPool.commonPool-worker-1] INFO  handler.ContextHandler (ContextHandler.java:doStop(1154)) - Stopped o.e.j.s.ServletContextHandler@13da85f2{logs,/logs,file:///home/runner/work/ozone/ozone/mnt/ozone/hadoop-ozone/integration-test/target/log,STOPPED}
2021-07-20 05:56:24,561 [EndpointStateMachine task thread for /127.0.0.1:13253 - 0 ] INFO  ipc.Client (Client.java:handleConnectionFailure(977)) - Retrying connect to server: localhost/127.0.0.1:13253. Already tried 6 time(s); retry policy is RetryUpToMaximumCountWithFixedSleep(maxRetries=15, sleepTime=1000 MILLISECONDS)
2021-07-20 05:56:24,687 [Datanode State Machine Thread - 0] WARN  statemachine.StateContext (StateContext.java:setState(246)) - Ignore disallowed transition from SHUTDOWN to RUNNING
2021-07-20 05:56:24,687 [Datanode State Machine Thread - 0] INFO  statemachine.DatanodeStateMachine (DatanodeStateMachine.java:lambda$startDaemon$0(456)) - Ozone container server started.
2021-07-20 05:56:24,689 [EndpointStateMachine task thread for /127.0.0.1:13273 - 0 ] INFO  ipc.Client (Client.java:handleConnectionFailure(977)) - Retrying connect to server: localhost/127.0.0.1:13273. Already tried 3 time(s); retry policy is RetryUpToMaximumCountWithFixedSleep(maxRetries=15, sleepTime=1000 MILLISECONDS)
2021-07-20 05:56:24,689 [EndpointStateMachine task thread for /127.0.0.1:13263 - 0 ] INFO  ipc.Client (Client.java:handleConnectionFailure(977)) - Retrying connect to server: localhost/127.0.0.1:13263. Already tried 3 time(s); retry policy is RetryUpToMaximumCountWithFixedSleep(maxRetries=15, sleepTime=1000 MILLISECONDS)
2021-07-20 05:56:25,562 [EndpointStateMachine task thread for /127.0.0.1:13253 - 0 ] INFO  ipc.Client (Client.java:handleConnectionFailure(977)) - Retrying connect to server: localhost/127.0.0.1:13253. Already tried 7 time(s); retry policy is RetryUpToMaximumCountWithFixedSleep(maxRetries=15, sleepTime=1000 MILLISECONDS)
2021-07-20 05:56:25,690 [EndpointStateMachine task thread for /127.0.0.1:13273 - 0 ] INFO  ipc.Client (Client.java:handleConnectionFailure(977)) - Retrying connect to server: localhost/127.0.0.1:13273. Already tried 4 time(s); retry policy is RetryUpToMaximumCountWithFixedSleep(maxRetries=15, sleepTime=1000 MILLISECONDS)
2021-07-20 05:56:25,690 [EndpointStateMachine task thread for /127.0.0.1:13263 - 0 ] INFO  ipc.Client (Client.java:handleConnectionFailure(977)) - Retrying connect to server: localhost/127.0.0.1:13263. Already tried 4 time(s); retry policy is RetryUpToMaximumCountWithFixedSleep(maxRetries=15, sleepTime=1000 MILLISECONDS)
2021-07-20 05:56:26,563 [EndpointStateMachine task thread for /127.0.0.1:13253 - 0 ] INFO  ipc.Client (Client.java:handleConnectionFailure(977)) - Retrying connect to server: localhost/127.0.0.1:13253. Already tried 8 time(s); retry policy is RetryUpToMaximumCountWithFixedSleep(maxRetries=15, sleepTime=1000 MILLISECONDS)
2021-07-20 05:56:26,691 [EndpointStateMachine task thread for /127.0.0.1:13273 - 0 ] INFO  ipc.Client (Client.java:handleConnectionFailure(977)) - Retrying connect to server: localhost/127.0.0.1:13273. Already tried 5 time(s); retry policy is RetryUpToMaximumCountWithFixedSleep(maxRetries=15, sleepTime=1000 MILLISECONDS)
2021-07-20 05:56:26,691 [EndpointStateMachine task thread for /127.0.0.1:13263 - 0 ] INFO  ipc.Client (Client.java:handleConnectionFailure(977)) - Retrying connect to server: localhost/127.0.0.1:13263. Already tried 5 time(s); retry policy is RetryUpToMaximumCountWithFixedSleep(maxRetries=15, sleepTime=1000 MILLISECONDS)
2021-07-20 05:56:26,891 [577e6845-c807-4eb8-9332-2f265641e0df@group-EC3C46D17947-FollowerState] INFO  impl.FollowerState (FollowerState.java:run(134)) - 577e6845-c807-4eb8-9332-2f265641e0df@group-EC3C46D17947-FollowerState: change to CANDIDATE, lastRpcElapsedTime:5279599651ns, electionTimeout:5200ms
2021-07-20 05:56:26,891 [577e6845-c807-4eb8-9332-2f265641e0df@group-EC3C46D17947-FollowerState] INFO  impl.RoleInfo (RoleInfo.java:shutdownFollowerState(108)) - 577e6845-c807-4eb8-9332-2f265641e0df: shutdown 577e6845-c807-4eb8-9332-2f265641e0df@group-EC3C46D17947-FollowerState
2021-07-20 05:56:26,891 [577e6845-c807-4eb8-9332-2f265641e0df@group-EC3C46D17947-FollowerState] INFO  server.RaftServer$Division (RaftServerImpl.java:setRole(284)) - 577e6845-c807-4eb8-9332-2f265641e0df@group-EC3C46D17947: changes role from  FOLLOWER to CANDIDATE at term 1 for changeToCandidate
2021-07-20 05:56:26,891 [577e6845-c807-4eb8-9332-2f265641e0df@group-EC3C46D17947-FollowerState] INFO  server.RaftServerConfigKeys (ConfUtils.java:logGet(44)) - raft.server.leaderelection.pre-vote = false (custom)
2021-07-20 05:56:26,891 [577e6845-c807-4eb8-9332-2f265641e0df@group-EC3C46D17947-FollowerState] INFO  impl.RoleInfo (RoleInfo.java:updateAndGet(130)) - 577e6845-c807-4eb8-9332-2f265641e0df: start 577e6845-c807-4eb8-9332-2f265641e0df@group-EC3C46D17947-LeaderElection13
2021-07-20 05:56:26,892 [577e6845-c807-4eb8-9332-2f265641e0df@group-EC3C46D17947-LeaderElection13] INFO  server.RaftServer$Division (ServerState.java:setLeader(271)) - 577e6845-c807-4eb8-9332-2f265641e0df@group-EC3C46D17947: change Leader from 9faaa3cd-c518-4f7b-b785-ee74f85cb545 to null at term 1 for ELECTION
2021-07-20 05:56:26,895 [577e6845-c807-4eb8-9332-2f265641e0df@group-EC3C46D17947-LeaderElection13] INFO  impl.LeaderElection (LeaderElection.java:askForVotes(306)) - 577e6845-c807-4eb8-9332-2f265641e0df@group-EC3C46D17947-LeaderElection13 ELECTION round 0: submit vote requests at term 2 for 0: [9faaa3cd-c518-4f7b-b785-ee74f85cb545|rpc:127.0.0.1:34605|dataStream:|priority:1, 06501cb2-b233-4740-8c26-b46265537cb4|rpc:127.0.0.1:38707|dataStream:|priority:0, 577e6845-c807-4eb8-9332-2f265641e0df|rpc:127.0.0.1:36047|dataStream:|priority:0], old=null
2021-07-20 05:56:26,905 [577e6845-c807-4eb8-9332-2f265641e0df@group-EC3C46D17947-LeaderElection13] INFO  impl.LeaderElection (LogUtils.java:infoOrTrace(137)) - 577e6845-c807-4eb8-9332-2f265641e0df@group-EC3C46D17947-LeaderElection13 got exception when requesting votes: java.util.concurrent.ExecutionException: org.apache.ratis.thirdparty.io.grpc.StatusRuntimeException: UNAVAILABLE: io exception
2021-07-20 05:56:26,905 [577e6845-c807-4eb8-9332-2f265641e0df@group-EC3C46D17947-LeaderElection13] INFO  impl.LeaderElection (LogUtils.java:infoOrTrace(137)) - 577e6845-c807-4eb8-9332-2f265641e0df@group-EC3C46D17947-LeaderElection13 got exception when requesting votes: java.util.concurrent.ExecutionException: org.apache.ratis.thirdparty.io.grpc.StatusRuntimeException: UNAVAILABLE: io exception
2021-07-20 05:56:26,905 [577e6845-c807-4eb8-9332-2f265641e0df@group-EC3C46D17947-LeaderElection13] INFO  impl.LeaderElection (LeaderElection.java:logAndReturn(89)) - 577e6845-c807-4eb8-9332-2f265641e0df@group-EC3C46D17947-LeaderElection13: ELECTION REJECTED received 0 response(s) and 2 exception(s):
2021-07-20 05:56:26,905 [577e6845-c807-4eb8-9332-2f265641e0df@group-EC3C46D17947-LeaderElection13] INFO  impl.LeaderElection (LogUtils.java:infoOrTrace(137)) -   Exception 0: java.util.concurrent.ExecutionException: org.apache.ratis.thirdparty.io.grpc.StatusRuntimeException: UNAVAILABLE: io exception
2021-07-20 05:56:26,905 [577e6845-c807-4eb8-9332-2f265641e0df@group-EC3C46D17947-LeaderElection13] INFO  impl.LeaderElection (LogUtils.java:infoOrTrace(137)) -   Exception 1: java.util.concurrent.ExecutionException: org.apache.ratis.thirdparty.io.grpc.StatusRuntimeException: UNAVAILABLE: io exception
2021-07-20 05:56:26,905 [577e6845-c807-4eb8-9332-2f265641e0df@group-EC3C46D17947-LeaderElection13] INFO  impl.LeaderElection (LeaderElection.java:askForVotes(308)) - 577e6845-c807-4eb8-9332-2f265641e0df@group-EC3C46D17947-LeaderElection13 ELECTION round 0: result REJECTED
2021-07-20 05:56:26,905 [577e6845-c807-4eb8-9332-2f265641e0df@group-EC3C46D17947-LeaderElection13] INFO  server.RaftServer$Division (RaftServerImpl.java:setRole(284)) - 577e6845-c807-4eb8-9332-2f265641e0df@group-EC3C46D17947: changes role from CANDIDATE to FOLLOWER at term 2 for REJECTED
2021-07-20 05:56:26,905 [577e6845-c807-4eb8-9332-2f265641e0df@group-EC3C46D17947-LeaderElection13] INFO  impl.RoleInfo (RoleInfo.java:shutdownLeaderElection(121)) - 577e6845-c807-4eb8-9332-2f265641e0df: shutdown 577e6845-c807-4eb8-9332-2f265641e0df@group-EC3C46D17947-LeaderElection13
2021-07-20 05:56:26,906 [577e6845-c807-4eb8-9332-2f265641e0df@group-EC3C46D17947-LeaderElection13] INFO  impl.RoleInfo (RoleInfo.java:updateAndGet(130)) - 577e6845-c807-4eb8-9332-2f265641e0df: start 577e6845-c807-4eb8-9332-2f265641e0df@group-EC3C46D17947-FollowerState
2021-07-20 05:56:26,908 [577e6845-c807-4eb8-9332-2f265641e0df@group-BF0FFBB7682E-FollowerState] INFO  impl.FollowerState (FollowerState.java:run(134)) - 577e6845-c807-4eb8-9332-2f265641e0df@group-BF0FFBB7682E-FollowerState: change to CANDIDATE, lastRpcElapsedTime:5254178347ns, electionTimeout:5158ms
2021-07-20 05:56:26,908 [577e6845-c807-4eb8-9332-2f265641e0df@group-BF0FFBB7682E-FollowerState] INFO  impl.RoleInfo (RoleInfo.java:shutdownFollowerState(108)) - 577e6845-c807-4eb8-9332-2f265641e0df: shutdown 577e6845-c807-4eb8-9332-2f265641e0df@group-BF0FFBB7682E-FollowerState
2021-07-20 05:56:26,908 [577e6845-c807-4eb8-9332-2f265641e0df@group-BF0FFBB7682E-FollowerState] INFO  server.RaftServer$Division (RaftServerImpl.java:setRole(284)) - 577e6845-c807-4eb8-9332-2f265641e0df@group-BF0FFBB7682E: changes role from  FOLLOWER to CANDIDATE at term 3 for changeToCandidate
2021-07-20 05:56:26,908 [577e6845-c807-4eb8-9332-2f265641e0df@group-BF0FFBB7682E-FollowerState] INFO  server.RaftServerConfigKeys (ConfUtils.java:logGet(44)) - raft.server.leaderelection.pre-vote = false (custom)
2021-07-20 05:56:26,908 [577e6845-c807-4eb8-9332-2f265641e0df@group-BF0FFBB7682E-FollowerState] INFO  impl.RoleInfo (RoleInfo.java:updateAndGet(130)) - 577e6845-c807-4eb8-9332-2f265641e0df: start 577e6845-c807-4eb8-9332-2f265641e0df@group-BF0FFBB7682E-LeaderElection14
2021-07-20 05:56:26,908 [577e6845-c807-4eb8-9332-2f265641e0df@group-BF0FFBB7682E-LeaderElection14] INFO  server.RaftServer$Division (ServerState.java:setLeader(271)) - 577e6845-c807-4eb8-9332-2f265641e0df@group-BF0FFBB7682E: change Leader from 06501cb2-b233-4740-8c26-b46265537cb4 to null at term 3 for ELECTION
2021-07-20 05:56:26,910 [577e6845-c807-4eb8-9332-2f265641e0df@group-BF0FFBB7682E-LeaderElection14] INFO  impl.LeaderElection (LeaderElection.java:askForVotes(306)) - 577e6845-c807-4eb8-9332-2f265641e0df@group-BF0FFBB7682E-LeaderElection14 ELECTION round 0: submit vote requests at term 4 for 0: [9faaa3cd-c518-4f7b-b785-ee74f85cb545|rpc:127.0.0.1:34605|dataStream:|priority:0, 06501cb2-b233-4740-8c26-b46265537cb4|rpc:127.0.0.1:38707|dataStream:|priority:1, 577e6845-c807-4eb8-9332-2f265641e0df|rpc:127.0.0.1:36047|dataStream:|priority:0], old=null
2021-07-20 05:56:26,910 [577e6845-c807-4eb8-9332-2f265641e0df@group-BF0FFBB7682E-LeaderElection14] INFO  impl.LeaderElection (LogUtils.java:infoOrTrace(137)) - 577e6845-c807-4eb8-9332-2f265641e0df@group-BF0FFBB7682E-LeaderElection14 got exception when requesting votes: java.util.concurrent.ExecutionException: org.apache.ratis.thirdparty.io.grpc.StatusRuntimeException: UNAVAILABLE: io exception
2021-07-20 05:56:26,911 [577e6845-c807-4eb8-9332-2f265641e0df@group-BF0FFBB7682E-LeaderElection14] INFO  impl.LeaderElection (LogUtils.java:infoOrTrace(137)) - 577e6845-c807-4eb8-9332-2f265641e0df@group-BF0FFBB7682E-LeaderElection14 got exception when requesting votes: java.util.concurrent.ExecutionException: org.apache.ratis.thirdparty.io.grpc.StatusRuntimeException: UNAVAILABLE: io exception
2021-07-20 05:56:26,911 [577e6845-c807-4eb8-9332-2f265641e0df@group-BF0FFBB7682E-LeaderElection14] INFO  impl.LeaderElection (LeaderElection.java:logAndReturn(89)) - 577e6845-c807-4eb8-9332-2f265641e0df@group-BF0FFBB7682E-LeaderElection14: ELECTION REJECTED received 0 response(s) and 2 exception(s):
2021-07-20 05:56:26,911 [577e6845-c807-4eb8-9332-2f265641e0df@group-BF0FFBB7682E-LeaderElection14] INFO  impl.LeaderElection (LogUtils.java:infoOrTrace(137)) -   Exception 0: java.util.concurrent.ExecutionException: org.apache.ratis.thirdparty.io.grpc.StatusRuntimeException: UNAVAILABLE: io exception
2021-07-20 05:56:26,911 [577e6845-c807-4eb8-9332-2f265641e0df@group-BF0FFBB7682E-LeaderElection14] INFO  impl.LeaderElection (LogUtils.java:infoOrTrace(137)) -   Exception 1: java.util.concurrent.ExecutionException: org.apache.ratis.thirdparty.io.grpc.StatusRuntimeException: UNAVAILABLE: io exception
2021-07-20 05:56:26,911 [577e6845-c807-4eb8-9332-2f265641e0df@group-BF0FFBB7682E-LeaderElection14] INFO  impl.LeaderElection (LeaderElection.java:askForVotes(308)) - 577e6845-c807-4eb8-9332-2f265641e0df@group-BF0FFBB7682E-LeaderElection14 ELECTION round 0: result REJECTED
2021-07-20 05:56:26,911 [577e6845-c807-4eb8-9332-2f265641e0df@group-BF0FFBB7682E-LeaderElection14] INFO  server.RaftServer$Division (RaftServerImpl.java:setRole(284)) - 577e6845-c807-4eb8-9332-2f265641e0df@group-BF0FFBB7682E: changes role from CANDIDATE to FOLLOWER at term 4 for REJECTED
2021-07-20 05:56:26,911 [577e6845-c807-4eb8-9332-2f265641e0df@group-BF0FFBB7682E-LeaderElection14] INFO  impl.RoleInfo (RoleInfo.java:shutdownLeaderElection(121)) - 577e6845-c807-4eb8-9332-2f265641e0df: shutdown 577e6845-c807-4eb8-9332-2f265641e0df@group-BF0FFBB7682E-LeaderElection14
2021-07-20 05:56:26,911 [577e6845-c807-4eb8-9332-2f265641e0df@group-BF0FFBB7682E-LeaderElection14] INFO  impl.RoleInfo (RoleInfo.java:updateAndGet(130)) - 577e6845-c807-4eb8-9332-2f265641e0df: start 577e6845-c807-4eb8-9332-2f265641e0df@group-BF0FFBB7682E-FollowerState
2021-07-20 05:56:27,563 [EndpointStateMachine task thread for /127.0.0.1:13253 - 0 ] INFO  ipc.Client (Client.java:handleConnectionFailure(977)) - Retrying connect to server: localhost/127.0.0.1:13253. Already tried 9 time(s); retry policy is RetryUpToMaximumCountWithFixedSleep(maxRetries=15, sleepTime=1000 MILLISECONDS)
2021-07-20 05:56:27,692 [EndpointStateMachine task thread for /127.0.0.1:13263 - 0 ] INFO  ipc.Client (Client.java:handleConnectionFailure(977)) - Retrying connect to server: localhost/127.0.0.1:13263. Already tried 6 time(s); retry policy is RetryUpToMaximumCountWithFixedSleep(maxRetries=15, sleepTime=1000 MILLISECONDS)
2021-07-20 05:56:27,692 [EndpointStateMachine task thread for /127.0.0.1:13273 - 0 ] INFO  ipc.Client (Client.java:handleConnectionFailure(977)) - Retrying connect to server: localhost/127.0.0.1:13273. Already tried 6 time(s); retry policy is RetryUpToMaximumCountWithFixedSleep(maxRetries=15, sleepTime=1000 MILLISECONDS)
2021-07-20 05:56:28,564 [EndpointStateMachine task thread for /127.0.0.1:13253 - 0 ] INFO  ipc.Client (Client.java:handleConnectionFailure(977)) - Retrying connect to server: localhost/127.0.0.1:13253. Already tried 10 time(s); retry policy is RetryUpToMaximumCountWithFixedSleep(maxRetries=15, sleepTime=1000 MILLISECONDS)
2021-07-20 05:56:28,693 [EndpointStateMachine task thread for /127.0.0.1:13263 - 0 ] INFO  ipc.Client (Client.java:handleConnectionFailure(977)) - Retrying connect to server: localhost/127.0.0.1:13263. Already tried 7 time(s); retry policy is RetryUpToMaximumCountWithFixedSleep(maxRetries=15, sleepTime=1000 MILLISECONDS)
2021-07-20 05:56:28,693 [EndpointStateMachine task thread for /127.0.0.1:13273 - 0 ] INFO  ipc.Client (Client.java:handleConnectionFailure(977)) - Retrying connect to server: localhost/127.0.0.1:13273. Already tried 7 time(s); retry policy is RetryUpToMaximumCountWithFixedSleep(maxRetries=15, sleepTime=1000 MILLISECONDS)
2021-07-20 05:56:29,110 [Listener at 127.0.0.1/12232] INFO  ozoneimpl.OzoneContainer (OzoneContainer.java:stop(326)) - Attempting to stop container services.
2021-07-20 05:56:29,112 [Listener at 127.0.0.1/12232] INFO  server.RaftServer (RaftServerProxy.java:lambda$close$6(391)) - 577e6845-c807-4eb8-9332-2f265641e0df: close
2021-07-20 05:56:29,112 [Listener at 127.0.0.1/12232] INFO  server.RaftServer$Division (RaftServerImpl.java:lambda$close$4(406)) - 577e6845-c807-4eb8-9332-2f265641e0df@group-D11F36815216: shutdown
2021-07-20 05:56:29,112 [Listener at 127.0.0.1/12232] INFO  util.JmxRegister (JmxRegister.java:unregister(73)) - Successfully un-registered JMX Bean with object name Ratis:service=RaftServer,group=group-D11F36815216,id=577e6845-c807-4eb8-9332-2f265641e0df
2021-07-20 05:56:29,113 [Listener at 127.0.0.1/12232] INFO  impl.RoleInfo (RoleInfo.java:shutdownLeaderState(91)) - 577e6845-c807-4eb8-9332-2f265641e0df: shutdown 577e6845-c807-4eb8-9332-2f265641e0df@group-D11F36815216-LeaderStateImpl
2021-07-20 05:56:29,113 [Listener at 127.0.0.1/12232] INFO  impl.PendingRequests (PendingRequests.java:sendNotLeaderResponses(249)) - 577e6845-c807-4eb8-9332-2f265641e0df@group-D11F36815216-PendingRequests: sendNotLeaderResponses
2021-07-20 05:56:29,113 [Listener at 127.0.0.1/12232] INFO  metrics.RatisMetrics (RatisMetrics.java:unregister(43)) - Unregistering Metrics Registry : ratis.log_appender.577e6845-c807-4eb8-9332-2f265641e0df@group-D11F36815216
2021-07-20 05:56:29,113 [Listener at 127.0.0.1/12232] INFO  metrics.RatisMetrics (RatisMetrics.java:unregister(43)) - Unregistering Metrics Registry : ratis.server.577e6845-c807-4eb8-9332-2f265641e0df@group-D11F36815216
2021-07-20 05:56:29,114 [Listener at 127.0.0.1/12232] INFO  impl.StateMachineUpdater (StateMachineUpdater.java:stopAndJoin(149)) - 577e6845-c807-4eb8-9332-2f265641e0df@group-D11F36815216-StateMachineUpdater: set stopIndex = 0
2021-07-20 05:56:29,114 [577e6845-c807-4eb8-9332-2f265641e0df@group-D11F36815216-StateMachineUpdater] INFO  ratis.ContainerStateMachine (ContainerStateMachine.java:takeSnapshot(291)) - group-D11F36815216: Taking a snapshot at:(t:1, i:0) file /home/runner/work/ozone/ozone/mnt/ozone/hadoop-ozone/integration-test/target/test-dir/MiniOzoneClusterImpl-b2c6a007-39d2-4e45-b76c-321c7ba85e11/datanode-2/data/ratis/3c24f496-f95b-4179-a54b-d11f36815216/sm/snapshot.1_0
2021-07-20 05:56:29,115 [577e6845-c807-4eb8-9332-2f265641e0df@group-D11F36815216-StateMachineUpdater] INFO  ratis.ContainerStateMachine (ContainerStateMachine.java:takeSnapshot(302)) - group-D11F36815216: Finished taking a snapshot at:(t:1, i:0) file:/home/runner/work/ozone/ozone/mnt/ozone/hadoop-ozone/integration-test/target/test-dir/MiniOzoneClusterImpl-b2c6a007-39d2-4e45-b76c-321c7ba85e11/datanode-2/data/ratis/3c24f496-f95b-4179-a54b-d11f36815216/sm/snapshot.1_0 took: 1 ms
2021-07-20 05:56:29,115 [577e6845-c807-4eb8-9332-2f265641e0df@group-D11F36815216-StateMachineUpdater] INFO  impl.StateMachineUpdater (StateMachineUpdater.java:takeSnapshot(281)) - 577e6845-c807-4eb8-9332-2f265641e0df@group-D11F36815216-StateMachineUpdater: Took a snapshot at index 0
2021-07-20 05:56:29,115 [577e6845-c807-4eb8-9332-2f265641e0df@group-D11F36815216-StateMachineUpdater] INFO  impl.StateMachineUpdater (StateMachineUpdater.java:lambda$new$0(89)) - 577e6845-c807-4eb8-9332-2f265641e0df@group-D11F36815216-StateMachineUpdater: snapshotIndex: updateIncreasingly -1 -> 0
2021-07-20 05:56:29,116 [577e6845-c807-4eb8-9332-2f265641e0df@group-D11F36815216-StateMachineUpdater] INFO  metrics.RatisMetrics (RatisMetrics.java:unregister(43)) - Unregistering Metrics Registry : ratis.state_machine.577e6845-c807-4eb8-9332-2f265641e0df@group-D11F36815216
2021-07-20 05:56:29,116 [Listener at 127.0.0.1/12232] INFO  server.RaftServer$Division (ServerState.java:close(405)) - 577e6845-c807-4eb8-9332-2f265641e0df@group-D11F36815216: closes. applyIndex: 0
2021-07-20 05:56:29,116 [577e6845-c807-4eb8-9332-2f265641e0df@group-D11F36815216-SegmentedRaftLogWorker] INFO  segmented.SegmentedRaftLogWorker (SegmentedRaftLogWorker.java:run(327)) - 577e6845-c807-4eb8-9332-2f265641e0df@group-D11F36815216-SegmentedRaftLogWorker was interrupted, exiting. There are 0 tasks remaining in the queue.
2021-07-20 05:56:29,116 [Listener at 127.0.0.1/12232] INFO  segmented.SegmentedRaftLogWorker (SegmentedRaftLogWorker.java:close(237)) - 577e6845-c807-4eb8-9332-2f265641e0df@group-D11F36815216-SegmentedRaftLogWorker close()
2021-07-20 05:56:29,117 [Listener at 127.0.0.1/12232] INFO  metrics.RatisMetrics (RatisMetrics.java:unregister(43)) - Unregistering Metrics Registry : ratis.log_worker.577e6845-c807-4eb8-9332-2f265641e0df@group-D11F36815216
2021-07-20 05:56:29,117 [Listener at 127.0.0.1/12232] INFO  metrics.RatisMetrics (RatisMetrics.java:unregister(43)) - Unregistering Metrics Registry : ratis.leader_election.577e6845-c807-4eb8-9332-2f265641e0df@group-D11F36815216
2021-07-20 05:56:29,118 [Listener at 127.0.0.1/12232] INFO  metrics.RatisMetrics (RatisMetrics.java:unregister(43)) - Unregistering Metrics Registry : ratis.server.577e6845-c807-4eb8-9332-2f265641e0df@group-D11F36815216
2021-07-20 05:56:29,118 [Listener at 127.0.0.1/12232] INFO  server.RaftServer$Division (RaftServerImpl.java:lambda$close$4(406)) - 577e6845-c807-4eb8-9332-2f265641e0df@group-BF0FFBB7682E: shutdown
2021-07-20 05:56:29,118 [Listener at 127.0.0.1/12232] INFO  util.JmxRegister (JmxRegister.java:unregister(73)) - Successfully un-registered JMX Bean with object name Ratis:service=RaftServer,group=group-BF0FFBB7682E,id=577e6845-c807-4eb8-9332-2f265641e0df
2021-07-20 05:56:29,118 [Listener at 127.0.0.1/12232] INFO  impl.RoleInfo (RoleInfo.java:shutdownFollowerState(108)) - 577e6845-c807-4eb8-9332-2f265641e0df: shutdown 577e6845-c807-4eb8-9332-2f265641e0df@group-BF0FFBB7682E-FollowerState
2021-07-20 05:56:29,118 [577e6845-c807-4eb8-9332-2f265641e0df@group-BF0FFBB7682E-FollowerState] INFO  impl.FollowerState (FollowerState.java:run(143)) - 577e6845-c807-4eb8-9332-2f265641e0df@group-BF0FFBB7682E-FollowerState was interrupted: {}
java.lang.InterruptedException: sleep interrupted
	at java.lang.Thread.sleep(Native Method)
	at java.lang.Thread.sleep(Thread.java:340)
	at java.util.concurrent.TimeUnit.sleep(TimeUnit.java:386)
	at org.apache.ratis.util.TimeDuration.sleep(TimeDuration.java:324)
	at org.apache.ratis.util.TimeDuration.sleep(TimeDuration.java:309)
	at org.apache.ratis.server.impl.FollowerState.run(FollowerState.java:118)
2021-07-20 05:56:29,118 [Listener at 127.0.0.1/12232] INFO  impl.StateMachineUpdater (StateMachineUpdater.java:stopAndJoin(149)) - 577e6845-c807-4eb8-9332-2f265641e0df@group-BF0FFBB7682E-StateMachineUpdater: set stopIndex = 0
2021-07-20 05:56:29,118 [577e6845-c807-4eb8-9332-2f265641e0df@group-BF0FFBB7682E-StateMachineUpdater] INFO  ratis.ContainerStateMachine (ContainerStateMachine.java:takeSnapshot(291)) - group-BF0FFBB7682E: Taking a snapshot at:(t:3, i:0) file /home/runner/work/ozone/ozone/mnt/ozone/hadoop-ozone/integration-test/target/test-dir/MiniOzoneClusterImpl-b2c6a007-39d2-4e45-b76c-321c7ba85e11/datanode-2/data/ratis/8acf67c8-2638-45cc-a5e1-bf0ffbb7682e/sm/snapshot.3_0
2021-07-20 05:56:29,120 [577e6845-c807-4eb8-9332-2f265641e0df@group-BF0FFBB7682E-StateMachineUpdater] INFO  ratis.ContainerStateMachine (ContainerStateMachine.java:takeSnapshot(302)) - group-BF0FFBB7682E: Finished taking a snapshot at:(t:3, i:0) file:/home/runner/work/ozone/ozone/mnt/ozone/hadoop-ozone/integration-test/target/test-dir/MiniOzoneClusterImpl-b2c6a007-39d2-4e45-b76c-321c7ba85e11/datanode-2/data/ratis/8acf67c8-2638-45cc-a5e1-bf0ffbb7682e/sm/snapshot.3_0 took: 2 ms
2021-07-20 05:56:29,120 [577e6845-c807-4eb8-9332-2f265641e0df@group-BF0FFBB7682E-StateMachineUpdater] INFO  impl.StateMachineUpdater (StateMachineUpdater.java:takeSnapshot(281)) - 577e6845-c807-4eb8-9332-2f265641e0df@group-BF0FFBB7682E-StateMachineUpdater: Took a snapshot at index 0
2021-07-20 05:56:29,120 [577e6845-c807-4eb8-9332-2f265641e0df@group-BF0FFBB7682E-StateMachineUpdater] INFO  impl.StateMachineUpdater (StateMachineUpdater.java:lambda$new$0(89)) - 577e6845-c807-4eb8-9332-2f265641e0df@group-BF0FFBB7682E-StateMachineUpdater: snapshotIndex: updateIncreasingly -1 -> 0
2021-07-20 05:56:29,120 [577e6845-c807-4eb8-9332-2f265641e0df@group-BF0FFBB7682E-StateMachineUpdater] INFO  metrics.RatisMetrics (RatisMetrics.java:unregister(43)) - Unregistering Metrics Registry : ratis.state_machine.577e6845-c807-4eb8-9332-2f265641e0df@group-BF0FFBB7682E
2021-07-20 05:56:29,120 [Listener at 127.0.0.1/12232] INFO  server.RaftServer$Division (ServerState.java:close(405)) - 577e6845-c807-4eb8-9332-2f265641e0df@group-BF0FFBB7682E: closes. applyIndex: 0
2021-07-20 05:56:29,121 [577e6845-c807-4eb8-9332-2f265641e0df@group-BF0FFBB7682E-SegmentedRaftLogWorker] INFO  segmented.SegmentedRaftLogWorker (SegmentedRaftLogWorker.java:run(327)) - 577e6845-c807-4eb8-9332-2f265641e0df@group-BF0FFBB7682E-SegmentedRaftLogWorker was interrupted, exiting. There are 0 tasks remaining in the queue.
2021-07-20 05:56:29,121 [Listener at 127.0.0.1/12232] INFO  segmented.SegmentedRaftLogWorker (SegmentedRaftLogWorker.java:close(237)) - 577e6845-c807-4eb8-9332-2f265641e0df@group-BF0FFBB7682E-SegmentedRaftLogWorker close()
2021-07-20 05:56:29,121 [Listener at 127.0.0.1/12232] INFO  metrics.RatisMetrics (RatisMetrics.java:unregister(43)) - Unregistering Metrics Registry : ratis.log_worker.577e6845-c807-4eb8-9332-2f265641e0df@group-BF0FFBB7682E
2021-07-20 05:56:29,121 [Listener at 127.0.0.1/12232] INFO  metrics.RatisMetrics (RatisMetrics.java:unregister(43)) - Unregistering Metrics Registry : ratis.leader_election.577e6845-c807-4eb8-9332-2f265641e0df@group-BF0FFBB7682E
2021-07-20 05:56:29,122 [Listener at 127.0.0.1/12232] INFO  metrics.RatisMetrics (RatisMetrics.java:unregister(43)) - Unregistering Metrics Registry : ratis.server.577e6845-c807-4eb8-9332-2f265641e0df@group-BF0FFBB7682E
2021-07-20 05:56:29,122 [Listener at 127.0.0.1/12232] INFO  server.RaftServer$Division (RaftServerImpl.java:lambda$close$4(406)) - 577e6845-c807-4eb8-9332-2f265641e0df@group-EC3C46D17947: shutdown
2021-07-20 05:56:29,123 [Listener at 127.0.0.1/12232] INFO  util.JmxRegister (JmxRegister.java:unregister(73)) - Successfully un-registered JMX Bean with object name Ratis:service=RaftServer,group=group-EC3C46D17947,id=577e6845-c807-4eb8-9332-2f265641e0df
2021-07-20 05:56:29,123 [Listener at 127.0.0.1/12232] INFO  impl.RoleInfo (RoleInfo.java:shutdownFollowerState(108)) - 577e6845-c807-4eb8-9332-2f265641e0df: shutdown 577e6845-c807-4eb8-9332-2f265641e0df@group-EC3C46D17947-FollowerState
2021-07-20 05:56:29,123 [Listener at 127.0.0.1/12232] INFO  impl.StateMachineUpdater (StateMachineUpdater.java:stopAndJoin(149)) - 577e6845-c807-4eb8-9332-2f265641e0df@group-EC3C46D17947-StateMachineUpdater: set stopIndex = 0
2021-07-20 05:56:29,123 [577e6845-c807-4eb8-9332-2f265641e0df@group-EC3C46D17947-StateMachineUpdater] INFO  ratis.ContainerStateMachine (ContainerStateMachine.java:takeSnapshot(291)) - group-EC3C46D17947: Taking a snapshot at:(t:1, i:0) file /home/runner/work/ozone/ozone/mnt/ozone/hadoop-ozone/integration-test/target/test-dir/MiniOzoneClusterImpl-b2c6a007-39d2-4e45-b76c-321c7ba85e11/datanode-2/data/ratis/0848a5c2-03b2-417e-bc69-ec3c46d17947/sm/snapshot.1_0
2021-07-20 05:56:29,123 [577e6845-c807-4eb8-9332-2f265641e0df@group-EC3C46D17947-FollowerState] INFO  impl.FollowerState (FollowerState.java:run(143)) - 577e6845-c807-4eb8-9332-2f265641e0df@group-EC3C46D17947-FollowerState was interrupted: {}
java.lang.InterruptedException: sleep interrupted
	at java.lang.Thread.sleep(Native Method)
	at java.lang.Thread.sleep(Thread.java:340)
	at java.util.concurrent.TimeUnit.sleep(TimeUnit.java:386)
	at org.apache.ratis.util.TimeDuration.sleep(TimeDuration.java:324)
	at org.apache.ratis.util.TimeDuration.sleep(TimeDuration.java:309)
	at org.apache.ratis.server.impl.FollowerState.run(FollowerState.java:118)
2021-07-20 05:56:29,125 [577e6845-c807-4eb8-9332-2f265641e0df@group-EC3C46D17947-StateMachineUpdater] INFO  ratis.ContainerStateMachine (ContainerStateMachine.java:takeSnapshot(302)) - group-EC3C46D17947: Finished taking a snapshot at:(t:1, i:0) file:/home/runner/work/ozone/ozone/mnt/ozone/hadoop-ozone/integration-test/target/test-dir/MiniOzoneClusterImpl-b2c6a007-39d2-4e45-b76c-321c7ba85e11/datanode-2/data/ratis/0848a5c2-03b2-417e-bc69-ec3c46d17947/sm/snapshot.1_0 took: 2 ms
2021-07-20 05:56:29,125 [577e6845-c807-4eb8-9332-2f265641e0df@group-EC3C46D17947-StateMachineUpdater] INFO  impl.StateMachineUpdater (StateMachineUpdater.java:takeSnapshot(281)) - 577e6845-c807-4eb8-9332-2f265641e0df@group-EC3C46D17947-StateMachineUpdater: Took a snapshot at index 0
2021-07-20 05:56:29,125 [577e6845-c807-4eb8-9332-2f265641e0df@group-EC3C46D17947-StateMachineUpdater] INFO  impl.StateMachineUpdater (StateMachineUpdater.java:lambda$new$0(89)) - 577e6845-c807-4eb8-9332-2f265641e0df@group-EC3C46D17947-StateMachineUpdater: snapshotIndex: updateIncreasingly -1 -> 0
2021-07-20 05:56:29,125 [577e6845-c807-4eb8-9332-2f265641e0df@group-EC3C46D17947-StateMachineUpdater] INFO  metrics.RatisMetrics (RatisMetrics.java:unregister(43)) - Unregistering Metrics Registry : ratis.state_machine.577e6845-c807-4eb8-9332-2f265641e0df@group-EC3C46D17947
2021-07-20 05:56:29,128 [Listener at 127.0.0.1/12232] INFO  server.RaftServer$Division (ServerState.java:close(405)) - 577e6845-c807-4eb8-9332-2f265641e0df@group-EC3C46D17947: closes. applyIndex: 0
2021-07-20 05:56:29,128 [577e6845-c807-4eb8-9332-2f265641e0df@group-EC3C46D17947-SegmentedRaftLogWorker] INFO  segmented.SegmentedRaftLogWorker (SegmentedRaftLogWorker.java:run(327)) - 577e6845-c807-4eb8-9332-2f265641e0df@group-EC3C46D17947-SegmentedRaftLogWorker was interrupted, exiting. There are 0 tasks remaining in the queue.
2021-07-20 05:56:29,128 [Listener at 127.0.0.1/12232] INFO  segmented.SegmentedRaftLogWorker (SegmentedRaftLogWorker.java:close(237)) - 577e6845-c807-4eb8-9332-2f265641e0df@group-EC3C46D17947-SegmentedRaftLogWorker close()
2021-07-20 05:56:29,128 [Listener at 127.0.0.1/12232] INFO  metrics.RatisMetrics (RatisMetrics.java:unregister(43)) - Unregistering Metrics Registry : ratis.log_worker.577e6845-c807-4eb8-9332-2f265641e0df@group-EC3C46D17947
2021-07-20 05:56:29,129 [Listener at 127.0.0.1/12232] INFO  metrics.RatisMetrics (RatisMetrics.java:unregister(43)) - Unregistering Metrics Registry : ratis.leader_election.577e6845-c807-4eb8-9332-2f265641e0df@group-EC3C46D17947
2021-07-20 05:56:29,129 [Listener at 127.0.0.1/12232] INFO  metrics.RatisMetrics (RatisMetrics.java:unregister(43)) - Unregistering Metrics Registry : ratis.server.577e6845-c807-4eb8-9332-2f265641e0df@group-EC3C46D17947
2021-07-20 05:56:29,129 [Listener at 127.0.0.1/12232] INFO  server.GrpcService (GrpcService.java:closeImpl(262)) - 577e6845-c807-4eb8-9332-2f265641e0df: shutdown server with port 36047 now
2021-07-20 05:56:29,133 [Listener at 127.0.0.1/12232] INFO  server.GrpcService (GrpcService.java:closeImpl(271)) - 577e6845-c807-4eb8-9332-2f265641e0df: shutdown server with port 36047 successfully
2021-07-20 05:56:29,133 [org.apache.ratis.util.JvmPauseMonitor$$Lambda$496/1294139740@3f779d00] INFO  util.JvmPauseMonitor (JvmPauseMonitor.java:run(109)) - JvmPauseMonitor-577e6845-c807-4eb8-9332-2f265641e0df: Stopped
2021-07-20 05:56:29,134 [Listener at 127.0.0.1/12232] INFO  utils.BackgroundService (BackgroundService.java:shutdown(132)) - Shutting down service BlockDeletingService
2021-07-20 05:56:29,135 [Listener at 127.0.0.1/12232] INFO  statemachine.DatanodeStateMachine (DatanodeStateMachine.java:stopDaemon(514)) - Ozone container server stopped.
2021-07-20 05:56:29,136 [Listener at 127.0.0.1/12232] INFO  handler.ContextHandler (ContextHandler.java:doStop(1154)) - Stopped o.e.j.w.WebAppContext@5279a1ca{hddsDatanode,/,null,STOPPED}{jar:file:/home/runner/.m2/repository/org/apache/ozone/hdds-container-service/1.2.0-SNAPSHOT/hdds-container-service-1.2.0-SNAPSHOT.jar!/webapps/hddsDatanode}
2021-07-20 05:56:29,141 [Listener at 127.0.0.1/12232] INFO  server.AbstractConnector (AbstractConnector.java:doStop(381)) - Stopped ServerConnector@6b102ccf{HTTP/1.1, (http/1.1)}{0.0.0.0:0}
2021-07-20 05:56:29,141 [Listener at 127.0.0.1/12232] INFO  server.session (HouseKeeper.java:stopScavenging(149)) - node0 Stopped scavenging
2021-07-20 05:56:29,141 [Listener at 127.0.0.1/12232] INFO  handler.ContextHandler (ContextHandler.java:doStop(1154)) - Stopped o.e.j.s.ServletContextHandler@6378d7a1{static,/static,jar:file:/home/runner/.m2/repository/org/apache/ozone/hdds-container-service/1.2.0-SNAPSHOT/hdds-container-service-1.2.0-SNAPSHOT.jar!/webapps/static,STOPPED}
2021-07-20 05:56:29,142 [Listener at 127.0.0.1/12232] INFO  handler.ContextHandler (ContextHandler.java:doStop(1154)) - Stopped o.e.j.s.ServletContextHandler@35982083{logs,/logs,file:///home/runner/work/ozone/ozone/mnt/ozone/hadoop-ozone/integration-test/target/log,STOPPED}
]]></system-out>
  </testcase>
  <testcase name="testInstallOldCheckpointFailure" classname="org.apache.hadoop.ozone.scm.TestSCMInstallSnapshotWithHA" time="43.526"/>
  <testcase name="testInstallCorruptedCheckpointFailure" classname="org.apache.hadoop.ozone.scm.TestSCMInstallSnapshotWithHA" time="43.427"/>
</testsuite>