<?xml version="1.0" encoding="UTF-8"?>
<testsuite xmlns:xsi="http://www.w3.org/2001/XMLSchema-instance" xsi:noNamespaceSchemaLocation="https://maven.apache.org/surefire/maven-surefire-plugin/xsd/surefire-test-report.xsd" name="org.apache.hadoop.fs.ozone.TestRootedOzoneFileSystem" time="333.542" tests="160" errors="0" skipped="18" failures="2">
  <properties>
    <property name="awt.toolkit" value="sun.awt.X11.XToolkit"/>
    <property name="file.encoding.pkg" value="sun.io"/>
    <property name="java.specification.version" value="1.8"/>
    <property name="sun.cpu.isalist" value=""/>
    <property name="sun.jnu.encoding" value="UTF-8"/>
    <property name="java.class.path" value="/home/runner/work/ozone/ozone/hadoop-ozone/integration-test/target/test-classes:/home/runner/work/ozone/ozone/hadoop-ozone/integration-test/target/classes:/home/runner/.m2/repository/org/apache/ozone/ozone-common/1.3.0-SNAPSHOT/ozone-common-1.3.0-SNAPSHOT.jar:/home/runner/.m2/repository/org/apache/commons/commons-compress/1.21/commons-compress-1.21.jar:/home/runner/.m2/repository/org/apache/ozone/hdds-common/1.3.0-SNAPSHOT/hdds-common-1.3.0-SNAPSHOT.jar:/home/runner/.m2/repository/org/apache/ozone/hdds-client/1.3.0-SNAPSHOT/hdds-client-1.3.0-SNAPSHOT.jar:/home/runner/.m2/repository/org/apache/ozone/ozone-interface-client/1.3.0-SNAPSHOT/ozone-interface-client-1.3.0-SNAPSHOT.jar:/home/runner/.m2/repository/org/apache/ozone/hdds-test-utils/1.3.0-SNAPSHOT/hdds-test-utils-1.3.0-SNAPSHOT.jar:/home/runner/.m2/repository/com/google/guava/guava/30.1.1-jre/guava-30.1.1-jre.jar:/home/runner/.m2/repository/com/google/guava/failureaccess/1.0.1/failureaccess-1.0.1.jar:/home/runner/.m2/repository/com/google/guava/listenablefuture/9999.0-empty-to-avoid-conflict-with-guava/listenablefuture-9999.0-empty-to-avoid-conflict-with-guava.jar:/home/runner/.m2/repository/com/google/code/findbugs/jsr305/3.0.0/jsr305-3.0.0.jar:/home/runner/.m2/repository/org/checkerframework/checker-qual/3.8.0/checker-qual-3.8.0.jar:/home/runner/.m2/repository/com/google/errorprone/error_prone_annotations/2.2.0/error_prone_annotations-2.2.0.jar:/home/runner/.m2/repository/com/google/j2objc/j2objc-annotations/1.3/j2objc-annotations-1.3.jar:/home/runner/.m2/repository/commons-io/commons-io/2.11.0/commons-io-2.11.0.jar:/home/runner/.m2/repository/commons-logging/commons-logging/1.2/commons-logging-1.2.jar:/home/runner/.m2/repository/log4j/log4j/1.2.17/log4j-1.2.17.jar:/home/runner/.m2/repository/org/slf4j/slf4j-api/1.7.30/slf4j-api-1.7.30.jar:/home/runner/.m2/repository/org/apache/ozone/hdds-server-scm/1.3.0-SNAPSHOT/hdds-server-scm-1.3.0-SNAPSHOT.jar:/home/runner/.m2/repository/org/apache/ozone/hdds-container-service/1.3.0-SNAPSHOT/hdds-container-service-1.3.0-SNAPSHOT.jar:/home/runner/.m2/repository/org/apache/ozone/hdds-hadoop-dependency-server/1.3.0-SNAPSHOT/hdds-hadoop-dependency-server-1.3.0-SNAPSHOT.jar:/home/runner/.m2/repository/org/apache/hadoop/hadoop-hdfs/3.3.1/hadoop-hdfs-3.3.1.jar:/home/runner/.m2/repository/org/apache/ozone/hdds-server-framework/1.3.0-SNAPSHOT/hdds-server-framework-1.3.0-SNAPSHOT.jar:/home/runner/.m2/repository/org/apache/ozone/hdds-interface-server/1.3.0-SNAPSHOT/hdds-interface-server-1.3.0-SNAPSHOT.jar:/home/runner/.m2/repository/org/eclipse/jetty/jetty-servlet/9.4.43.v20210629/jetty-servlet-9.4.43.v20210629.jar:/home/runner/.m2/repository/org/eclipse/jetty/jetty-security/9.4.43.v20210629/jetty-security-9.4.43.v20210629.jar:/home/runner/.m2/repository/org/rocksdb/rocksdbjni/6.25.3/rocksdbjni-6.25.3.jar:/home/runner/.m2/repository/io/prometheus/simpleclient_dropwizard/0.7.0/simpleclient_dropwizard-0.7.0.jar:/home/runner/.m2/repository/io/prometheus/simpleclient/0.7.0/simpleclient-0.7.0.jar:/home/runner/.m2/repository/io/prometheus/simpleclient_common/0.7.0/simpleclient_common-0.7.0.jar:/home/runner/.m2/repository/com/fasterxml/jackson/datatype/jackson-datatype-jsr310/2.12.1/jackson-datatype-jsr310-2.12.1.jar:/home/runner/.m2/repository/io/dropwizard/metrics/metrics-core/3.2.4/metrics-core-3.2.4.jar:/home/runner/.m2/repository/org/apache/hadoop/hadoop-hdfs-client/3.3.1/hadoop-hdfs-client-3.3.1.jar:/home/runner/.m2/repository/org/bouncycastle/bcprov-jdk15on/1.67/bcprov-jdk15on-1.67.jar:/home/runner/.m2/repository/com/google/protobuf/protobuf-java/2.5.0/protobuf-java-2.5.0.jar:/home/runner/.m2/repository/org/apache/ozone/ozone-manager/1.3.0-SNAPSHOT/ozone-manager-1.3.0-SNAPSHOT.jar:/home/runner/.m2/repository/org/aspectj/aspectjrt/1.9.7/aspectjrt-1.9.7.jar:/home/runner/.m2/repository/org/aspectj/aspectjweaver/1.9.7/aspectjweaver-1.9.7.jar:/home/runner/.m2/repository/org/apache/ozone/hdds-interface-client/1.3.0-SNAPSHOT/hdds-interface-client-1.3.0-SNAPSHOT.jar:/home/runner/.m2/repository/org/apache/hadoop/thirdparty/hadoop-shaded-protobuf_3_7/1.1.1/hadoop-shaded-protobuf_3_7-1.1.1.jar:/home/runner/.m2/repository/org/apache/ozone/ozone-interface-storage/1.3.0-SNAPSHOT/ozone-interface-storage-1.3.0-SNAPSHOT.jar:/home/runner/.m2/repository/org/reflections/reflections/0.9.11/reflections-0.9.11.jar:/home/runner/.m2/repository/org/apache/hadoop/hadoop-minikdc/3.3.1/hadoop-minikdc-3.3.1.jar:/home/runner/.m2/repository/org/apache/kerby/kerb-simplekdc/1.0.1/kerb-simplekdc-1.0.1.jar:/home/runner/.m2/repository/org/apache/kerby/kerb-client/1.0.1/kerb-client-1.0.1.jar:/home/runner/.m2/repository/org/apache/kerby/kerby-config/1.0.1/kerby-config-1.0.1.jar:/home/runner/.m2/repository/org/apache/kerby/kerb-common/1.0.1/kerb-common-1.0.1.jar:/home/runner/.m2/repository/org/apache/kerby/kerb-crypto/1.0.1/kerb-crypto-1.0.1.jar:/home/runner/.m2/repository/org/apache/kerby/kerb-util/1.0.1/kerb-util-1.0.1.jar:/home/runner/.m2/repository/org/apache/kerby/token-provider/1.0.1/token-provider-1.0.1.jar:/home/runner/.m2/repository/org/apache/kerby/kerb-admin/1.0.1/kerb-admin-1.0.1.jar:/home/runner/.m2/repository/org/apache/kerby/kerb-server/1.0.1/kerb-server-1.0.1.jar:/home/runner/.m2/repository/org/apache/kerby/kerb-identity/1.0.1/kerb-identity-1.0.1.jar:/home/runner/.m2/repository/org/apache/kerby/kerby-xdr/1.0.1/kerby-xdr-1.0.1.jar:/home/runner/.m2/repository/org/slf4j/slf4j-log4j12/1.7.30/slf4j-log4j12-1.7.30.jar:/home/runner/.m2/repository/org/apache/ozone/ozone-s3gateway/1.3.0-SNAPSHOT/ozone-s3gateway-1.3.0-SNAPSHOT.jar:/home/runner/.m2/repository/org/javassist/javassist/3.21.0-GA/javassist-3.21.0-GA.jar:/home/runner/.m2/repository/org/jboss/weld/servlet/weld-servlet/2.4.7.Final/weld-servlet-2.4.7.Final.jar:/home/runner/.m2/repository/org/glassfish/jersey/containers/jersey-container-servlet-core/2.33/jersey-container-servlet-core-2.33.jar:/home/runner/.m2/repository/org/glassfish/hk2/external/jakarta.inject/2.6.1/jakarta.inject-2.6.1.jar:/home/runner/.m2/repository/org/glassfish/jersey/core/jersey-common/2.33/jersey-common-2.33.jar:/home/runner/.m2/repository/jakarta/ws/rs/jakarta.ws.rs-api/2.1.6/jakarta.ws.rs-api-2.1.6.jar:/home/runner/.m2/repository/org/glassfish/jersey/ext/cdi/jersey-cdi1x/2.33/jersey-cdi1x-2.33.jar:/home/runner/.m2/repository/org/glassfish/jersey/inject/jersey-hk2/2.33/jersey-hk2-2.33.jar:/home/runner/.m2/repository/org/glassfish/hk2/hk2-locator/2.6.1/hk2-locator-2.6.1.jar:/home/runner/.m2/repository/org/glassfish/jersey/media/jersey-media-jaxb/2.33/jersey-media-jaxb-2.33.jar:/home/runner/.m2/repository/org/glassfish/hk2/osgi-resource-locator/1.0.3/osgi-resource-locator-1.0.3.jar:/home/runner/.m2/repository/org/glassfish/hk2/hk2-api/2.5.0/hk2-api-2.5.0.jar:/home/runner/.m2/repository/org/glassfish/hk2/hk2-utils/2.5.0/hk2-utils-2.5.0.jar:/home/runner/.m2/repository/org/glassfish/hk2/external/aopalliance-repackaged/2.5.0/aopalliance-repackaged-2.5.0.jar:/home/runner/.m2/repository/com/fasterxml/jackson/dataformat/jackson-dataformat-xml/2.12.1/jackson-dataformat-xml-2.12.1.jar:/home/runner/.m2/repository/com/fasterxml/jackson/core/jackson-core/2.12.1/jackson-core-2.12.1.jar:/home/runner/.m2/repository/com/fasterxml/jackson/module/jackson-module-jaxb-annotations/2.12.1/jackson-module-jaxb-annotations-2.12.1.jar:/home/runner/.m2/repository/jakarta/xml/bind/jakarta.xml.bind-api/2.3.2/jakarta.xml.bind-api-2.3.2.jar:/home/runner/.m2/repository/org/codehaus/woodstox/stax2-api/3.1.4/stax2-api-3.1.4.jar:/home/runner/.m2/repository/com/fasterxml/woodstox/woodstox-core/5.0.3/woodstox-core-5.0.3.jar:/home/runner/.m2/repository/javax/enterprise/cdi-api/1.2/cdi-api-1.2.jar:/home/runner/.m2/repository/javax/el/javax.el-api/3.0.0/javax.el-api-3.0.0.jar:/home/runner/.m2/repository/javax/interceptor/javax.interceptor-api/1.2/javax.interceptor-api-1.2.jar:/home/runner/.m2/repository/javax/inject/javax.inject/1/javax.inject-1.jar:/home/runner/.m2/repository/javax/xml/bind/jaxb-api/2.3.0/jaxb-api-2.3.0.jar:/home/runner/.m2/repository/org/glassfish/jaxb/jaxb-runtime/2.3.0.1/jaxb-runtime-2.3.0.1.jar:/home/runner/.m2/repository/org/glassfish/jaxb/jaxb-core/2.3.0.1/jaxb-core-2.3.0.1.jar:/home/runner/.m2/repository/org/glassfish/jaxb/txw2/2.3.0.1/txw2-2.3.0.1.jar:/home/runner/.m2/repository/com/sun/istack/istack-commons-runtime/3.0.5/istack-commons-runtime-3.0.5.jar:/home/runner/.m2/repository/org/jvnet/staxex/stax-ex/1.7.8/stax-ex-1.7.8.jar:/home/runner/.m2/repository/com/sun/xml/fastinfoset/FastInfoset/1.2.13/FastInfoset-1.2.13.jar:/home/runner/.m2/repository/javax/activation/activation/1.1.1/activation-1.1.1.jar:/home/runner/.m2/repository/org/apache/ozone/ozone-csi/1.3.0-SNAPSHOT/ozone-csi-1.3.0-SNAPSHOT.jar:/home/runner/.m2/repository/com/google/protobuf/protobuf-java-util/3.12.0/protobuf-java-util-3.12.0.jar:/home/runner/.m2/repository/com/google/code/gson/gson/2.2.4/gson-2.2.4.jar:/home/runner/.m2/repository/org/apache/ozone/hdds-config/1.3.0-SNAPSHOT/hdds-config-1.3.0-SNAPSHOT.jar:/home/runner/.m2/repository/io/grpc/grpc-netty/1.33.0/grpc-netty-1.33.0.jar:/home/runner/.m2/repository/io/grpc/grpc-core/1.33.0/grpc-core-1.33.0.jar:/home/runner/.m2/repository/com/google/android/annotations/4.1.1.4/annotations-4.1.1.4.jar:/home/runner/.m2/repository/io/netty/netty-codec-http2/4.1.63.Final/netty-codec-http2-4.1.63.Final.jar:/home/runner/.m2/repository/io/netty/netty-codec-http/4.1.63.Final/netty-codec-http-4.1.63.Final.jar:/home/runner/.m2/repository/io/netty/netty-handler-proxy/4.1.63.Final/netty-handler-proxy-4.1.63.Final.jar:/home/runner/.m2/repository/io/netty/netty-codec-socks/4.1.63.Final/netty-codec-socks-4.1.63.Final.jar:/home/runner/.m2/repository/io/perfmark/perfmark-api/0.19.0/perfmark-api-0.19.0.jar:/home/runner/.m2/repository/org/codehaus/mojo/animal-sniffer-annotations/1.18/animal-sniffer-annotations-1.18.jar:/home/runner/.m2/repository/io/netty/netty-transport-native-epoll/4.1.63.Final/netty-transport-native-epoll-4.1.63.Final.jar:/home/runner/.m2/repository/io/netty/netty-common/4.1.63.Final/netty-common-4.1.63.Final.jar:/home/runner/.m2/repository/io/netty/netty-buffer/4.1.63.Final/netty-buffer-4.1.63.Final.jar:/home/runner/.m2/repository/io/netty/netty-transport-native-unix-common/4.1.63.Final/netty-transport-native-unix-common-4.1.63.Final.jar:/home/runner/.m2/repository/io/grpc/grpc-protobuf/1.33.0/grpc-protobuf-1.33.0.jar:/home/runner/.m2/repository/io/grpc/grpc-api/1.33.0/grpc-api-1.33.0.jar:/home/runner/.m2/repository/io/grpc/grpc-context/1.33.0/grpc-context-1.33.0.jar:/home/runner/.m2/repository/com/google/api/grpc/proto-google-common-protos/1.17.0/proto-google-common-protos-1.17.0.jar:/home/runner/.m2/repository/io/grpc/grpc-protobuf-lite/1.33.0/grpc-protobuf-lite-1.33.0.jar:/home/runner/.m2/repository/io/grpc/grpc-stub/1.33.0/grpc-stub-1.33.0.jar:/home/runner/.m2/repository/org/apache/ozone/ozone-recon/1.3.0-SNAPSHOT/ozone-recon-1.3.0-SNAPSHOT.jar:/home/runner/.m2/repository/org/apache/ozone/ozone-reconcodegen/1.3.0-SNAPSHOT/ozone-reconcodegen-1.3.0-SNAPSHOT.jar:/home/runner/.m2/repository/com/google/inject/extensions/guice-multibindings/4.0/guice-multibindings-4.0.jar:/home/runner/.m2/repository/com/google/inject/guice/4.0/guice-4.0.jar:/home/runner/.m2/repository/aopalliance/aopalliance/1.0/aopalliance-1.0.jar:/home/runner/.m2/repository/com/google/inject/extensions/guice-assistedinject/4.0/guice-assistedinject-4.0.jar:/home/runner/.m2/repository/com/google/inject/extensions/guice-servlet/4.0/guice-servlet-4.0.jar:/home/runner/.m2/repository/org/glassfish/jersey/containers/jersey-container-servlet/2.33/jersey-container-servlet-2.33.jar:/home/runner/.m2/repository/org/glassfish/hk2/guice-bridge/2.5.0/guice-bridge-2.5.0.jar:/home/runner/.m2/repository/org/glassfish/jersey/core/jersey-server/2.33/jersey-server-2.33.jar:/home/runner/.m2/repository/org/glassfish/jersey/core/jersey-client/2.33/jersey-client-2.33.jar:/home/runner/.m2/repository/jakarta/annotation/jakarta.annotation-api/1.3.5/jakarta.annotation-api-1.3.5.jar:/home/runner/.m2/repository/jakarta/validation/jakarta.validation-api/2.0.2/jakarta.validation-api-2.0.2.jar:/home/runner/.m2/repository/org/glassfish/jersey/media/jersey-media-json-jackson/2.33/jersey-media-json-jackson-2.33.jar:/home/runner/.m2/repository/org/glassfish/jersey/ext/jersey-entity-filtering/2.33/jersey-entity-filtering-2.33.jar:/home/runner/.m2/repository/org/jooq/jooq/3.11.10/jooq-3.11.10.jar:/home/runner/.m2/repository/org/jooq/jooq-meta/3.11.10/jooq-meta-3.11.10.jar:/home/runner/.m2/repository/org/jooq/jooq-codegen/3.11.10/jooq-codegen-3.11.10.jar:/home/runner/.m2/repository/com/jolbox/bonecp/0.8.0.RELEASE/bonecp-0.8.0.RELEASE.jar:/home/runner/.m2/repository/org/apache/derby/derby/10.14.2.0/derby-10.14.2.0.jar:/home/runner/.m2/repository/org/xerial/sqlite-jdbc/3.25.2/sqlite-jdbc-3.25.2.jar:/home/runner/.m2/repository/org/springframework/spring-jdbc/5.2.18.RELEASE/spring-jdbc-5.2.18.RELEASE.jar:/home/runner/.m2/repository/org/springframework/spring-beans/5.2.18.RELEASE/spring-beans-5.2.18.RELEASE.jar:/home/runner/.m2/repository/org/springframework/spring-core/5.2.18.RELEASE/spring-core-5.2.18.RELEASE.jar:/home/runner/.m2/repository/org/springframework/spring-jcl/5.2.18.RELEASE/spring-jcl-5.2.18.RELEASE.jar:/home/runner/.m2/repository/org/springframework/spring-tx/5.2.18.RELEASE/spring-tx-5.2.18.RELEASE.jar:/home/runner/.m2/repository/org/apache/ozone/ozone-client/1.3.0-SNAPSHOT/ozone-client-1.3.0-SNAPSHOT.jar:/home/runner/.m2/repository/org/apache/ozone/ozone-filesystem/1.3.0-SNAPSHOT/ozone-filesystem-1.3.0-SNAPSHOT.jar:/home/runner/.m2/repository/org/apache/ozone/ozone-filesystem-common/1.3.0-SNAPSHOT/ozone-filesystem-common-1.3.0-SNAPSHOT.jar:/home/runner/.m2/repository/org/apache/ozone/ozone-tools/1.3.0-SNAPSHOT/ozone-tools-1.3.0-SNAPSHOT.jar:/home/runner/.m2/repository/org/apache/ratis/ratis-tools/2.2.0/ratis-tools-2.2.0.jar:/home/runner/.m2/repository/com/amazonaws/aws-java-sdk-core/1.12.124/aws-java-sdk-core-1.12.124.jar:/home/runner/.m2/repository/org/apache/httpcomponents/httpclient/4.5.13/httpclient-4.5.13.jar:/home/runner/.m2/repository/org/apache/httpcomponents/httpcore/4.4.13/httpcore-4.4.13.jar:/home/runner/.m2/repository/software/amazon/ion/ion-java/1.0.2/ion-java-1.0.2.jar:/home/runner/.m2/repository/com/fasterxml/jackson/dataformat/jackson-dataformat-cbor/2.12.1/jackson-dataformat-cbor-2.12.1.jar:/home/runner/.m2/repository/joda-time/joda-time/2.8.1/joda-time-2.8.1.jar:/home/runner/.m2/repository/com/amazonaws/aws-java-sdk-s3/1.12.124/aws-java-sdk-s3-1.12.124.jar:/home/runner/.m2/repository/com/amazonaws/aws-java-sdk-kms/1.12.124/aws-java-sdk-kms-1.12.124.jar:/home/runner/.m2/repository/com/amazonaws/jmespath-java/1.12.124/jmespath-java-1.12.124.jar:/home/runner/.m2/repository/org/kohsuke/metainf-services/metainf-services/1.8/metainf-services-1.8.jar:/home/runner/.m2/repository/org/apache/ozone/hdds-tools/1.3.0-SNAPSHOT/hdds-tools-1.3.0-SNAPSHOT.jar:/home/runner/.m2/repository/commons-cli/commons-cli/1.2/commons-cli-1.2.jar:/home/runner/.m2/repository/org/apache/commons/commons-lang3/3.7/commons-lang3-3.7.jar:/home/runner/.m2/repository/org/apache/ozone/ozone-manager/1.3.0-SNAPSHOT/ozone-manager-1.3.0-SNAPSHOT-tests.jar:/home/runner/.m2/repository/org/apache/ozone/hdds-common/1.3.0-SNAPSHOT/hdds-common-1.3.0-SNAPSHOT-tests.jar:/home/runner/.m2/repository/org/apache/ozone/hdds-hadoop-dependency-client/1.3.0-SNAPSHOT/hdds-hadoop-dependency-client-1.3.0-SNAPSHOT.jar:/home/runner/.m2/repository/info/picocli/picocli/4.6.1/picocli-4.6.1.jar:/home/runner/.m2/repository/com/fasterxml/jackson/core/jackson-annotations/2.12.1/jackson-annotations-2.12.1.jar:/home/runner/.m2/repository/javax/annotation/javax.annotation-api/1.2/javax.annotation-api-1.2.jar:/home/runner/.m2/repository/org/apache/ratis/ratis-server/2.2.0/ratis-server-2.2.0.jar:/home/runner/.m2/repository/org/apache/ratis/ratis-client/2.2.0/ratis-client-2.2.0.jar:/home/runner/.m2/repository/org/apache/ratis/ratis-server-api/2.2.0/ratis-server-api-2.2.0.jar:/home/runner/.m2/repository/org/apache/ratis/ratis-metrics/2.2.0/ratis-metrics-2.2.0.jar:/home/runner/.m2/repository/org/apache/ratis/ratis-netty/2.2.0/ratis-netty-2.2.0.jar:/home/runner/.m2/repository/org/apache/ratis/ratis-grpc/2.2.0/ratis-grpc-2.2.0.jar:/home/runner/.m2/repository/org/apache/logging/log4j/log4j-api/2.13.3/log4j-api-2.13.3.jar:/home/runner/.m2/repository/org/apache/logging/log4j/log4j-core/2.13.3/log4j-core-2.13.3.jar:/home/runner/.m2/repository/com/lmax/disruptor/3.4.2/disruptor-3.4.2.jar:/home/runner/.m2/repository/org/apache/commons/commons-pool2/2.6.0/commons-pool2-2.6.0.jar:/home/runner/.m2/repository/org/bouncycastle/bcpkix-jdk15on/1.67/bcpkix-jdk15on-1.67.jar:/home/runner/.m2/repository/commons-validator/commons-validator/1.6/commons-validator-1.6.jar:/home/runner/.m2/repository/commons-beanutils/commons-beanutils/1.9.4/commons-beanutils-1.9.4.jar:/home/runner/.m2/repository/commons-digester/commons-digester/1.8.1/commons-digester-1.8.1.jar:/home/runner/.m2/repository/commons-collections/commons-collections/3.2.2/commons-collections-3.2.2.jar:/home/runner/.m2/repository/io/jaegertracing/jaeger-client/1.6.0/jaeger-client-1.6.0.jar:/home/runner/.m2/repository/io/jaegertracing/jaeger-thrift/1.6.0/jaeger-thrift-1.6.0.jar:/home/runner/.m2/repository/org/apache/thrift/libthrift/0.14.1/libthrift-0.14.1.jar:/home/runner/.m2/repository/com/squareup/okhttp3/okhttp/4.9.0/okhttp-4.9.0.jar:/home/runner/.m2/repository/com/squareup/okio/okio/2.8.0/okio-2.8.0.jar:/home/runner/.m2/repository/io/jaegertracing/jaeger-core/1.6.0/jaeger-core-1.6.0.jar:/home/runner/.m2/repository/io/jaegertracing/jaeger-tracerresolver/1.6.0/jaeger-tracerresolver-1.6.0.jar:/home/runner/.m2/repository/io/opentracing/contrib/opentracing-tracerresolver/0.1.8/opentracing-tracerresolver-0.1.8.jar:/home/runner/.m2/repository/org/jetbrains/kotlin/kotlin-stdlib/1.4.31/kotlin-stdlib-1.4.31.jar:/home/runner/.m2/repository/org/jetbrains/kotlin/kotlin-stdlib-common/1.4.31/kotlin-stdlib-common-1.4.31.jar:/home/runner/.m2/repository/org/jetbrains/annotations/13.0/annotations-13.0.jar:/home/runner/.m2/repository/io/opentracing/opentracing-util/0.33.0/opentracing-util-0.33.0.jar:/home/runner/.m2/repository/io/opentracing/opentracing-api/0.33.0/opentracing-api-0.33.0.jar:/home/runner/.m2/repository/io/opentracing/opentracing-noop/0.33.0/opentracing-noop-0.33.0.jar:/home/runner/.m2/repository/org/yaml/snakeyaml/1.26/snakeyaml-1.26.jar:/home/runner/.m2/repository/org/apache/ozone/hdds-interface-admin/1.3.0-SNAPSHOT/hdds-interface-admin-1.3.0-SNAPSHOT.jar:/home/runner/.m2/repository/junit/junit/4.13.1/junit-4.13.1.jar:/home/runner/.m2/repository/org/hamcrest/hamcrest-core/1.3/hamcrest-core-1.3.jar:/home/runner/.m2/repository/org/junit/jupiter/junit-jupiter-api/5.7.0/junit-jupiter-api-5.7.0.jar:/home/runner/.m2/repository/org/apiguardian/apiguardian-api/1.1.0/apiguardian-api-1.1.0.jar:/home/runner/.m2/repository/org/opentest4j/opentest4j/1.2.0/opentest4j-1.2.0.jar:/home/runner/.m2/repository/org/junit/platform/junit-platform-commons/1.7.0/junit-platform-commons-1.7.0.jar:/home/runner/.m2/repository/org/junit/jupiter/junit-jupiter-engine/5.7.0/junit-jupiter-engine-5.7.0.jar:/home/runner/.m2/repository/org/junit/platform/junit-platform-engine/1.7.0/junit-platform-engine-1.7.0.jar:/home/runner/.m2/repository/org/junit/vintage/junit-vintage-engine/5.7.0/junit-vintage-engine-5.7.0.jar:/home/runner/.m2/repository/org/junit/platform/junit-platform-launcher/1.7.0/junit-platform-launcher-1.7.0.jar:/home/runner/.m2/repository/org/openjdk/jmh/jmh-core/1.19/jmh-core-1.19.jar:/home/runner/.m2/repository/net/sf/jopt-simple/jopt-simple/4.6/jopt-simple-4.6.jar:/home/runner/.m2/repository/org/apache/commons/commons-math3/3.1.1/commons-math3-3.1.1.jar:/home/runner/.m2/repository/org/openjdk/jmh/jmh-generator-annprocess/1.19/jmh-generator-annprocess-1.19.jar:/home/runner/.m2/repository/org/mockito/mockito-core/2.28.2/mockito-core-2.28.2.jar:/home/runner/.m2/repository/net/bytebuddy/byte-buddy/1.9.10/byte-buddy-1.9.10.jar:/home/runner/.m2/repository/net/bytebuddy/byte-buddy-agent/1.9.10/byte-buddy-agent-1.9.10.jar:/home/runner/.m2/repository/org/objenesis/objenesis/1.0/objenesis-1.0.jar:/home/runner/.m2/repository/org/apache/hadoop/hadoop-kms/3.3.1/hadoop-kms-3.3.1.jar:/home/runner/.m2/repository/org/apache/hadoop/hadoop-auth/3.3.1/hadoop-auth-3.3.1.jar:/home/runner/.m2/repository/com/nimbusds/nimbus-jose-jwt/7.9/nimbus-jose-jwt-7.9.jar:/home/runner/.m2/repository/com/github/stephenc/jcip/jcip-annotations/1.0-1/jcip-annotations-1.0-1.jar:/home/runner/.m2/repository/net/minidev/json-smart/2.3.1/json-smart-2.3.1.jar:/home/runner/.m2/repository/net/minidev/accessors-smart/2.3.1/accessors-smart-2.3.1.jar:/home/runner/.m2/repository/org/ow2/asm/asm/5.0.4/asm-5.0.4.jar:/home/runner/.m2/repository/org/apache/zookeeper/zookeeper/3.5.6/zookeeper-3.5.6.jar:/home/runner/.m2/repository/org/apache/zookeeper/zookeeper-jute/3.5.6/zookeeper-jute-3.5.6.jar:/home/runner/.m2/repository/org/apache/yetus/audience-annotations/0.5.0/audience-annotations-0.5.0.jar:/home/runner/.m2/repository/org/apache/curator/curator-framework/4.2.0/curator-framework-4.2.0.jar:/home/runner/.m2/repository/org/apache/hadoop/thirdparty/hadoop-shaded-guava/1.1.1/hadoop-shaded-guava-1.1.1.jar:/home/runner/.m2/repository/com/sun/jersey/jersey-core/1.19/jersey-core-1.19.jar:/home/runner/.m2/repository/javax/ws/rs/jsr311-api/1.1.1/jsr311-api-1.1.1.jar:/home/runner/.m2/repository/com/sun/jersey/jersey-server/1.19/jersey-server-1.19.jar:/home/runner/.m2/repository/javax/servlet/javax.servlet-api/3.1.0/javax.servlet-api-3.1.0.jar:/home/runner/.m2/repository/org/eclipse/jetty/jetty-server/9.4.43.v20210629/jetty-server-9.4.43.v20210629.jar:/home/runner/.m2/repository/org/eclipse/jetty/jetty-http/9.4.43.v20210629/jetty-http-9.4.43.v20210629.jar:/home/runner/.m2/repository/org/eclipse/jetty/jetty-io/9.4.43.v20210629/jetty-io-9.4.43.v20210629.jar:/home/runner/.m2/repository/org/eclipse/jetty/jetty-webapp/9.4.43.v20210629/jetty-webapp-9.4.43.v20210629.jar:/home/runner/.m2/repository/org/eclipse/jetty/jetty-xml/9.4.43.v20210629/jetty-xml-9.4.43.v20210629.jar:/home/runner/.m2/repository/org/apache/hadoop/hadoop-common/3.3.1/hadoop-common-3.3.1.jar:/home/runner/.m2/repository/commons-net/commons-net/3.6/commons-net-3.6.jar:/home/runner/.m2/repository/jakarta/activation/jakarta.activation-api/1.2.1/jakarta.activation-api-1.2.1.jar:/home/runner/.m2/repository/com/sun/jersey/jersey-servlet/1.19/jersey-servlet-1.19.jar:/home/runner/.m2/repository/com/sun/jersey/jersey-json/1.19/jersey-json-1.19.jar:/home/runner/.m2/repository/org/codehaus/jettison/jettison/1.1/jettison-1.1.jar:/home/runner/.m2/repository/com/sun/xml/bind/jaxb-impl/2.2.3-1/jaxb-impl-2.2.3-1.jar:/home/runner/.m2/repository/org/codehaus/jackson/jackson-jaxrs/1.9.2/jackson-jaxrs-1.9.2.jar:/home/runner/.m2/repository/org/codehaus/jackson/jackson-xc/1.9.2/jackson-xc-1.9.2.jar:/home/runner/.m2/repository/org/apache/commons/commons-configuration2/2.1.1/commons-configuration2-2.1.1.jar:/home/runner/.m2/repository/org/apache/commons/commons-text/1.4/commons-text-1.4.jar:/home/runner/.m2/repository/com/google/re2j/re2j/1.1/re2j-1.1.jar:/home/runner/.m2/repository/com/jcraft/jsch/0.1.54/jsch-0.1.54.jar:/home/runner/.m2/repository/org/apache/curator/curator-client/4.2.0/curator-client-4.2.0.jar:/home/runner/.m2/repository/org/apache/curator/curator-recipes/4.2.0/curator-recipes-4.2.0.jar:/home/runner/.m2/repository/org/apache/kerby/kerb-core/1.0.1/kerb-core-1.0.1.jar:/home/runner/.m2/repository/org/apache/kerby/kerby-pkix/1.0.1/kerby-pkix-1.0.1.jar:/home/runner/.m2/repository/org/apache/kerby/kerby-asn1/1.0.1/kerby-asn1-1.0.1.jar:/home/runner/.m2/repository/org/apache/kerby/kerby-util/1.0.1/kerby-util-1.0.1.jar:/home/runner/.m2/repository/dnsjava/dnsjava/2.1.7/dnsjava-2.1.7.jar:/home/runner/.m2/repository/org/xerial/snappy/snappy-java/1.1.8.2/snappy-java-1.1.8.2.jar:/home/runner/.m2/repository/org/slf4j/jul-to-slf4j/1.7.30/jul-to-slf4j-1.7.30.jar:/home/runner/.m2/repository/org/eclipse/jetty/jetty-util/9.4.43.v20210629/jetty-util-9.4.43.v20210629.jar:/home/runner/.m2/repository/com/fasterxml/jackson/core/jackson-databind/2.12.1/jackson-databind-2.12.1.jar:/home/runner/.m2/repository/org/apache/hadoop/hadoop-kms/3.3.1/hadoop-kms-3.3.1-tests.jar:/home/runner/.m2/repository/org/apache/ozone/hdds-server-scm/1.3.0-SNAPSHOT/hdds-server-scm-1.3.0-SNAPSHOT-tests.jar:/home/runner/.m2/repository/org/apache/ozone/hdds-container-service/1.3.0-SNAPSHOT/hdds-container-service-1.3.0-SNAPSHOT-tests.jar:/home/runner/.m2/repository/commons-codec/commons-codec/1.11/commons-codec-1.11.jar:/home/runner/.m2/repository/io/netty/netty-transport/4.1.63.Final/netty-transport-4.1.63.Final.jar:/home/runner/.m2/repository/io/netty/netty-resolver/4.1.63.Final/netty-resolver-4.1.63.Final.jar:/home/runner/.m2/repository/io/netty/netty-codec/4.1.63.Final/netty-codec-4.1.63.Final.jar:/home/runner/.m2/repository/io/netty/netty-handler/4.1.63.Final/netty-handler-4.1.63.Final.jar:/home/runner/.m2/repository/org/apache/ozone/hdds-hadoop-dependency-test/1.3.0-SNAPSHOT/hdds-hadoop-dependency-test-1.3.0-SNAPSHOT.jar:/home/runner/.m2/repository/org/apache/hadoop/hadoop-common/3.3.1/hadoop-common-3.3.1-tests.jar:/home/runner/.m2/repository/org/assertj/assertj-core/3.12.2/assertj-core-3.12.2.jar:/home/runner/.m2/repository/org/apache/hadoop/hadoop-hdfs/3.3.1/hadoop-hdfs-3.3.1-tests.jar:/home/runner/.m2/repository/org/eclipse/jetty/jetty-util-ajax/9.4.43.v20210629/jetty-util-ajax-9.4.43.v20210629.jar:/home/runner/.m2/repository/commons-daemon/commons-daemon/1.0.13/commons-daemon-1.0.13.jar:/home/runner/.m2/repository/io/netty/netty/3.10.6.Final/netty-3.10.6.Final.jar:/home/runner/.m2/repository/io/netty/netty-all/4.1.63.Final/netty-all-4.1.63.Final.jar:/home/runner/.m2/repository/org/apache/htrace/htrace-core4/4.1.0-incubating/htrace-core4-4.1.0-incubating.jar:/home/runner/.m2/repository/org/fusesource/leveldbjni/leveldbjni-all/1.8/leveldbjni-all-1.8.jar:/home/runner/.m2/repository/org/apache/hadoop/hadoop-distcp/3.3.1/hadoop-distcp-3.3.1.jar:/home/runner/.m2/repository/org/apache/hadoop/hadoop-mapreduce-client-jobclient/3.3.1/hadoop-mapreduce-client-jobclient-3.3.1.jar:/home/runner/.m2/repository/org/apache/hadoop/hadoop-mapreduce-client-common/3.3.1/hadoop-mapreduce-client-common-3.3.1.jar:/home/runner/.m2/repository/org/apache/hadoop/hadoop-yarn-common/3.3.1/hadoop-yarn-common-3.3.1.jar:/home/runner/.m2/repository/org/apache/hadoop/hadoop-yarn-api/3.3.1/hadoop-yarn-api-3.3.1.jar:/home/runner/.m2/repository/com/sun/jersey/jersey-client/1.19/jersey-client-1.19.jar:/home/runner/.m2/repository/com/sun/jersey/contribs/jersey-guice/1.19/jersey-guice-1.19.jar:/home/runner/.m2/repository/com/fasterxml/jackson/jaxrs/jackson-jaxrs-json-provider/2.12.1/jackson-jaxrs-json-provider-2.12.1.jar:/home/runner/.m2/repository/com/fasterxml/jackson/jaxrs/jackson-jaxrs-base/2.12.1/jackson-jaxrs-base-2.12.1.jar:/home/runner/.m2/repository/org/apache/hadoop/hadoop-yarn-client/3.3.1/hadoop-yarn-client-3.3.1.jar:/home/runner/.m2/repository/org/eclipse/jetty/websocket/websocket-client/9.4.40.v20210413/websocket-client-9.4.40.v20210413.jar:/home/runner/.m2/repository/org/eclipse/jetty/jetty-client/9.4.40.v20210413/jetty-client-9.4.40.v20210413.jar:/home/runner/.m2/repository/org/eclipse/jetty/websocket/websocket-common/9.4.40.v20210413/websocket-common-9.4.40.v20210413.jar:/home/runner/.m2/repository/org/eclipse/jetty/websocket/websocket-api/9.4.40.v20210413/websocket-api-9.4.40.v20210413.jar:/home/runner/.m2/repository/org/jline/jline/3.9.0/jline-3.9.0.jar:/home/runner/.m2/repository/org/apache/hadoop/hadoop-mapreduce-client-core/3.3.1/hadoop-mapreduce-client-core-3.3.1.jar:/home/runner/.m2/repository/org/apache/avro/avro/1.7.7/avro-1.7.7.jar:/home/runner/.m2/repository/org/codehaus/jackson/jackson-core-asl/1.9.13/jackson-core-asl-1.9.13.jar:/home/runner/.m2/repository/org/codehaus/jackson/jackson-mapper-asl/1.9.13/jackson-mapper-asl-1.9.13.jar:/home/runner/.m2/repository/com/thoughtworks/paranamer/paranamer/2.3/paranamer-2.3.jar:/home/runner/.m2/repository/org/apache/hadoop/hadoop-annotations/3.3.1/hadoop-annotations-3.3.1.jar:/usr/lib/jvm/adoptopenjdk-8-hotspot-amd64/jre/../lib/tools.jar:/home/runner/.m2/repository/org/apache/hadoop/hadoop-distcp/3.3.1/hadoop-distcp-3.3.1-tests.jar:/home/runner/.m2/repository/org/apache/ratis/ratis-common/2.2.0/ratis-common-2.2.0.jar:/home/runner/.m2/repository/org/apache/ratis/ratis-thirdparty-misc/0.7.0/ratis-thirdparty-misc-0.7.0.jar:/home/runner/.m2/repository/org/apache/ratis/ratis-proto/2.2.0/ratis-proto-2.2.0.jar:"/>
    <property name="java.vm.vendor" value="AdoptOpenJDK"/>
    <property name="sun.arch.data.model" value="64"/>
    <property name="test.build.dir" value="/home/runner/work/ozone/ozone/hadoop-ozone/integration-test/target/test-dir"/>
    <property name="test.cache.data" value=""/>
    <property name="java.vendor.url" value="https://adoptopenjdk.net/"/>
    <property name="user.timezone" value=""/>
    <property name="java.vm.specification.version" value="1.8"/>
    <property name="os.name" value="Linux"/>
    <property name="test.build.data" value="/home/runner/work/ozone/ozone/hadoop-ozone/integration-test/target/test-dir"/>
    <property name="sun.java.launcher" value="SUN_STANDARD"/>
    <property name="sun.boot.library.path" value="/usr/lib/jvm/adoptopenjdk-8-hotspot-amd64/jre/lib/amd64"/>
    <property name="sun.java.command" value="/home/runner/work/ozone/ozone/hadoop-ozone/integration-test/target/surefire/surefirebooter1609398220531810481.jar /home/runner/work/ozone/ozone/hadoop-ozone/integration-test/target/surefire 2021-12-05T12-48-34_895-jvmRun1 surefire7980088031394764869tmp surefire_25845645176899491612tmp"/>
    <property name="surefire.test.class.path" value="/home/runner/work/ozone/ozone/hadoop-ozone/integration-test/target/test-classes:/home/runner/work/ozone/ozone/hadoop-ozone/integration-test/target/classes:/home/runner/.m2/repository/org/apache/ozone/ozone-common/1.3.0-SNAPSHOT/ozone-common-1.3.0-SNAPSHOT.jar:/home/runner/.m2/repository/org/apache/commons/commons-compress/1.21/commons-compress-1.21.jar:/home/runner/.m2/repository/org/apache/ozone/hdds-common/1.3.0-SNAPSHOT/hdds-common-1.3.0-SNAPSHOT.jar:/home/runner/.m2/repository/org/apache/ozone/hdds-client/1.3.0-SNAPSHOT/hdds-client-1.3.0-SNAPSHOT.jar:/home/runner/.m2/repository/org/apache/ozone/ozone-interface-client/1.3.0-SNAPSHOT/ozone-interface-client-1.3.0-SNAPSHOT.jar:/home/runner/.m2/repository/org/apache/ozone/hdds-test-utils/1.3.0-SNAPSHOT/hdds-test-utils-1.3.0-SNAPSHOT.jar:/home/runner/.m2/repository/com/google/guava/guava/30.1.1-jre/guava-30.1.1-jre.jar:/home/runner/.m2/repository/com/google/guava/failureaccess/1.0.1/failureaccess-1.0.1.jar:/home/runner/.m2/repository/com/google/guava/listenablefuture/9999.0-empty-to-avoid-conflict-with-guava/listenablefuture-9999.0-empty-to-avoid-conflict-with-guava.jar:/home/runner/.m2/repository/com/google/code/findbugs/jsr305/3.0.0/jsr305-3.0.0.jar:/home/runner/.m2/repository/org/checkerframework/checker-qual/3.8.0/checker-qual-3.8.0.jar:/home/runner/.m2/repository/com/google/errorprone/error_prone_annotations/2.2.0/error_prone_annotations-2.2.0.jar:/home/runner/.m2/repository/com/google/j2objc/j2objc-annotations/1.3/j2objc-annotations-1.3.jar:/home/runner/.m2/repository/commons-io/commons-io/2.11.0/commons-io-2.11.0.jar:/home/runner/.m2/repository/commons-logging/commons-logging/1.2/commons-logging-1.2.jar:/home/runner/.m2/repository/log4j/log4j/1.2.17/log4j-1.2.17.jar:/home/runner/.m2/repository/org/slf4j/slf4j-api/1.7.30/slf4j-api-1.7.30.jar:/home/runner/.m2/repository/org/apache/ozone/hdds-server-scm/1.3.0-SNAPSHOT/hdds-server-scm-1.3.0-SNAPSHOT.jar:/home/runner/.m2/repository/org/apache/ozone/hdds-container-service/1.3.0-SNAPSHOT/hdds-container-service-1.3.0-SNAPSHOT.jar:/home/runner/.m2/repository/org/apache/ozone/hdds-hadoop-dependency-server/1.3.0-SNAPSHOT/hdds-hadoop-dependency-server-1.3.0-SNAPSHOT.jar:/home/runner/.m2/repository/org/apache/hadoop/hadoop-hdfs/3.3.1/hadoop-hdfs-3.3.1.jar:/home/runner/.m2/repository/org/apache/ozone/hdds-server-framework/1.3.0-SNAPSHOT/hdds-server-framework-1.3.0-SNAPSHOT.jar:/home/runner/.m2/repository/org/apache/ozone/hdds-interface-server/1.3.0-SNAPSHOT/hdds-interface-server-1.3.0-SNAPSHOT.jar:/home/runner/.m2/repository/org/eclipse/jetty/jetty-servlet/9.4.43.v20210629/jetty-servlet-9.4.43.v20210629.jar:/home/runner/.m2/repository/org/eclipse/jetty/jetty-security/9.4.43.v20210629/jetty-security-9.4.43.v20210629.jar:/home/runner/.m2/repository/org/rocksdb/rocksdbjni/6.25.3/rocksdbjni-6.25.3.jar:/home/runner/.m2/repository/io/prometheus/simpleclient_dropwizard/0.7.0/simpleclient_dropwizard-0.7.0.jar:/home/runner/.m2/repository/io/prometheus/simpleclient/0.7.0/simpleclient-0.7.0.jar:/home/runner/.m2/repository/io/prometheus/simpleclient_common/0.7.0/simpleclient_common-0.7.0.jar:/home/runner/.m2/repository/com/fasterxml/jackson/datatype/jackson-datatype-jsr310/2.12.1/jackson-datatype-jsr310-2.12.1.jar:/home/runner/.m2/repository/io/dropwizard/metrics/metrics-core/3.2.4/metrics-core-3.2.4.jar:/home/runner/.m2/repository/org/apache/hadoop/hadoop-hdfs-client/3.3.1/hadoop-hdfs-client-3.3.1.jar:/home/runner/.m2/repository/org/bouncycastle/bcprov-jdk15on/1.67/bcprov-jdk15on-1.67.jar:/home/runner/.m2/repository/com/google/protobuf/protobuf-java/2.5.0/protobuf-java-2.5.0.jar:/home/runner/.m2/repository/org/apache/ozone/ozone-manager/1.3.0-SNAPSHOT/ozone-manager-1.3.0-SNAPSHOT.jar:/home/runner/.m2/repository/org/aspectj/aspectjrt/1.9.7/aspectjrt-1.9.7.jar:/home/runner/.m2/repository/org/aspectj/aspectjweaver/1.9.7/aspectjweaver-1.9.7.jar:/home/runner/.m2/repository/org/apache/ozone/hdds-interface-client/1.3.0-SNAPSHOT/hdds-interface-client-1.3.0-SNAPSHOT.jar:/home/runner/.m2/repository/org/apache/hadoop/thirdparty/hadoop-shaded-protobuf_3_7/1.1.1/hadoop-shaded-protobuf_3_7-1.1.1.jar:/home/runner/.m2/repository/org/apache/ozone/ozone-interface-storage/1.3.0-SNAPSHOT/ozone-interface-storage-1.3.0-SNAPSHOT.jar:/home/runner/.m2/repository/org/reflections/reflections/0.9.11/reflections-0.9.11.jar:/home/runner/.m2/repository/org/apache/hadoop/hadoop-minikdc/3.3.1/hadoop-minikdc-3.3.1.jar:/home/runner/.m2/repository/org/apache/kerby/kerb-simplekdc/1.0.1/kerb-simplekdc-1.0.1.jar:/home/runner/.m2/repository/org/apache/kerby/kerb-client/1.0.1/kerb-client-1.0.1.jar:/home/runner/.m2/repository/org/apache/kerby/kerby-config/1.0.1/kerby-config-1.0.1.jar:/home/runner/.m2/repository/org/apache/kerby/kerb-common/1.0.1/kerb-common-1.0.1.jar:/home/runner/.m2/repository/org/apache/kerby/kerb-crypto/1.0.1/kerb-crypto-1.0.1.jar:/home/runner/.m2/repository/org/apache/kerby/kerb-util/1.0.1/kerb-util-1.0.1.jar:/home/runner/.m2/repository/org/apache/kerby/token-provider/1.0.1/token-provider-1.0.1.jar:/home/runner/.m2/repository/org/apache/kerby/kerb-admin/1.0.1/kerb-admin-1.0.1.jar:/home/runner/.m2/repository/org/apache/kerby/kerb-server/1.0.1/kerb-server-1.0.1.jar:/home/runner/.m2/repository/org/apache/kerby/kerb-identity/1.0.1/kerb-identity-1.0.1.jar:/home/runner/.m2/repository/org/apache/kerby/kerby-xdr/1.0.1/kerby-xdr-1.0.1.jar:/home/runner/.m2/repository/org/slf4j/slf4j-log4j12/1.7.30/slf4j-log4j12-1.7.30.jar:/home/runner/.m2/repository/org/apache/ozone/ozone-s3gateway/1.3.0-SNAPSHOT/ozone-s3gateway-1.3.0-SNAPSHOT.jar:/home/runner/.m2/repository/org/javassist/javassist/3.21.0-GA/javassist-3.21.0-GA.jar:/home/runner/.m2/repository/org/jboss/weld/servlet/weld-servlet/2.4.7.Final/weld-servlet-2.4.7.Final.jar:/home/runner/.m2/repository/org/glassfish/jersey/containers/jersey-container-servlet-core/2.33/jersey-container-servlet-core-2.33.jar:/home/runner/.m2/repository/org/glassfish/hk2/external/jakarta.inject/2.6.1/jakarta.inject-2.6.1.jar:/home/runner/.m2/repository/org/glassfish/jersey/core/jersey-common/2.33/jersey-common-2.33.jar:/home/runner/.m2/repository/jakarta/ws/rs/jakarta.ws.rs-api/2.1.6/jakarta.ws.rs-api-2.1.6.jar:/home/runner/.m2/repository/org/glassfish/jersey/ext/cdi/jersey-cdi1x/2.33/jersey-cdi1x-2.33.jar:/home/runner/.m2/repository/org/glassfish/jersey/inject/jersey-hk2/2.33/jersey-hk2-2.33.jar:/home/runner/.m2/repository/org/glassfish/hk2/hk2-locator/2.6.1/hk2-locator-2.6.1.jar:/home/runner/.m2/repository/org/glassfish/jersey/media/jersey-media-jaxb/2.33/jersey-media-jaxb-2.33.jar:/home/runner/.m2/repository/org/glassfish/hk2/osgi-resource-locator/1.0.3/osgi-resource-locator-1.0.3.jar:/home/runner/.m2/repository/org/glassfish/hk2/hk2-api/2.5.0/hk2-api-2.5.0.jar:/home/runner/.m2/repository/org/glassfish/hk2/hk2-utils/2.5.0/hk2-utils-2.5.0.jar:/home/runner/.m2/repository/org/glassfish/hk2/external/aopalliance-repackaged/2.5.0/aopalliance-repackaged-2.5.0.jar:/home/runner/.m2/repository/com/fasterxml/jackson/dataformat/jackson-dataformat-xml/2.12.1/jackson-dataformat-xml-2.12.1.jar:/home/runner/.m2/repository/com/fasterxml/jackson/core/jackson-core/2.12.1/jackson-core-2.12.1.jar:/home/runner/.m2/repository/com/fasterxml/jackson/module/jackson-module-jaxb-annotations/2.12.1/jackson-module-jaxb-annotations-2.12.1.jar:/home/runner/.m2/repository/jakarta/xml/bind/jakarta.xml.bind-api/2.3.2/jakarta.xml.bind-api-2.3.2.jar:/home/runner/.m2/repository/org/codehaus/woodstox/stax2-api/3.1.4/stax2-api-3.1.4.jar:/home/runner/.m2/repository/com/fasterxml/woodstox/woodstox-core/5.0.3/woodstox-core-5.0.3.jar:/home/runner/.m2/repository/javax/enterprise/cdi-api/1.2/cdi-api-1.2.jar:/home/runner/.m2/repository/javax/el/javax.el-api/3.0.0/javax.el-api-3.0.0.jar:/home/runner/.m2/repository/javax/interceptor/javax.interceptor-api/1.2/javax.interceptor-api-1.2.jar:/home/runner/.m2/repository/javax/inject/javax.inject/1/javax.inject-1.jar:/home/runner/.m2/repository/javax/xml/bind/jaxb-api/2.3.0/jaxb-api-2.3.0.jar:/home/runner/.m2/repository/org/glassfish/jaxb/jaxb-runtime/2.3.0.1/jaxb-runtime-2.3.0.1.jar:/home/runner/.m2/repository/org/glassfish/jaxb/jaxb-core/2.3.0.1/jaxb-core-2.3.0.1.jar:/home/runner/.m2/repository/org/glassfish/jaxb/txw2/2.3.0.1/txw2-2.3.0.1.jar:/home/runner/.m2/repository/com/sun/istack/istack-commons-runtime/3.0.5/istack-commons-runtime-3.0.5.jar:/home/runner/.m2/repository/org/jvnet/staxex/stax-ex/1.7.8/stax-ex-1.7.8.jar:/home/runner/.m2/repository/com/sun/xml/fastinfoset/FastInfoset/1.2.13/FastInfoset-1.2.13.jar:/home/runner/.m2/repository/javax/activation/activation/1.1.1/activation-1.1.1.jar:/home/runner/.m2/repository/org/apache/ozone/ozone-csi/1.3.0-SNAPSHOT/ozone-csi-1.3.0-SNAPSHOT.jar:/home/runner/.m2/repository/com/google/protobuf/protobuf-java-util/3.12.0/protobuf-java-util-3.12.0.jar:/home/runner/.m2/repository/com/google/code/gson/gson/2.2.4/gson-2.2.4.jar:/home/runner/.m2/repository/org/apache/ozone/hdds-config/1.3.0-SNAPSHOT/hdds-config-1.3.0-SNAPSHOT.jar:/home/runner/.m2/repository/io/grpc/grpc-netty/1.33.0/grpc-netty-1.33.0.jar:/home/runner/.m2/repository/io/grpc/grpc-core/1.33.0/grpc-core-1.33.0.jar:/home/runner/.m2/repository/com/google/android/annotations/4.1.1.4/annotations-4.1.1.4.jar:/home/runner/.m2/repository/io/netty/netty-codec-http2/4.1.63.Final/netty-codec-http2-4.1.63.Final.jar:/home/runner/.m2/repository/io/netty/netty-codec-http/4.1.63.Final/netty-codec-http-4.1.63.Final.jar:/home/runner/.m2/repository/io/netty/netty-handler-proxy/4.1.63.Final/netty-handler-proxy-4.1.63.Final.jar:/home/runner/.m2/repository/io/netty/netty-codec-socks/4.1.63.Final/netty-codec-socks-4.1.63.Final.jar:/home/runner/.m2/repository/io/perfmark/perfmark-api/0.19.0/perfmark-api-0.19.0.jar:/home/runner/.m2/repository/org/codehaus/mojo/animal-sniffer-annotations/1.18/animal-sniffer-annotations-1.18.jar:/home/runner/.m2/repository/io/netty/netty-transport-native-epoll/4.1.63.Final/netty-transport-native-epoll-4.1.63.Final.jar:/home/runner/.m2/repository/io/netty/netty-common/4.1.63.Final/netty-common-4.1.63.Final.jar:/home/runner/.m2/repository/io/netty/netty-buffer/4.1.63.Final/netty-buffer-4.1.63.Final.jar:/home/runner/.m2/repository/io/netty/netty-transport-native-unix-common/4.1.63.Final/netty-transport-native-unix-common-4.1.63.Final.jar:/home/runner/.m2/repository/io/grpc/grpc-protobuf/1.33.0/grpc-protobuf-1.33.0.jar:/home/runner/.m2/repository/io/grpc/grpc-api/1.33.0/grpc-api-1.33.0.jar:/home/runner/.m2/repository/io/grpc/grpc-context/1.33.0/grpc-context-1.33.0.jar:/home/runner/.m2/repository/com/google/api/grpc/proto-google-common-protos/1.17.0/proto-google-common-protos-1.17.0.jar:/home/runner/.m2/repository/io/grpc/grpc-protobuf-lite/1.33.0/grpc-protobuf-lite-1.33.0.jar:/home/runner/.m2/repository/io/grpc/grpc-stub/1.33.0/grpc-stub-1.33.0.jar:/home/runner/.m2/repository/org/apache/ozone/ozone-recon/1.3.0-SNAPSHOT/ozone-recon-1.3.0-SNAPSHOT.jar:/home/runner/.m2/repository/org/apache/ozone/ozone-reconcodegen/1.3.0-SNAPSHOT/ozone-reconcodegen-1.3.0-SNAPSHOT.jar:/home/runner/.m2/repository/com/google/inject/extensions/guice-multibindings/4.0/guice-multibindings-4.0.jar:/home/runner/.m2/repository/com/google/inject/guice/4.0/guice-4.0.jar:/home/runner/.m2/repository/aopalliance/aopalliance/1.0/aopalliance-1.0.jar:/home/runner/.m2/repository/com/google/inject/extensions/guice-assistedinject/4.0/guice-assistedinject-4.0.jar:/home/runner/.m2/repository/com/google/inject/extensions/guice-servlet/4.0/guice-servlet-4.0.jar:/home/runner/.m2/repository/org/glassfish/jersey/containers/jersey-container-servlet/2.33/jersey-container-servlet-2.33.jar:/home/runner/.m2/repository/org/glassfish/hk2/guice-bridge/2.5.0/guice-bridge-2.5.0.jar:/home/runner/.m2/repository/org/glassfish/jersey/core/jersey-server/2.33/jersey-server-2.33.jar:/home/runner/.m2/repository/org/glassfish/jersey/core/jersey-client/2.33/jersey-client-2.33.jar:/home/runner/.m2/repository/jakarta/annotation/jakarta.annotation-api/1.3.5/jakarta.annotation-api-1.3.5.jar:/home/runner/.m2/repository/jakarta/validation/jakarta.validation-api/2.0.2/jakarta.validation-api-2.0.2.jar:/home/runner/.m2/repository/org/glassfish/jersey/media/jersey-media-json-jackson/2.33/jersey-media-json-jackson-2.33.jar:/home/runner/.m2/repository/org/glassfish/jersey/ext/jersey-entity-filtering/2.33/jersey-entity-filtering-2.33.jar:/home/runner/.m2/repository/org/jooq/jooq/3.11.10/jooq-3.11.10.jar:/home/runner/.m2/repository/org/jooq/jooq-meta/3.11.10/jooq-meta-3.11.10.jar:/home/runner/.m2/repository/org/jooq/jooq-codegen/3.11.10/jooq-codegen-3.11.10.jar:/home/runner/.m2/repository/com/jolbox/bonecp/0.8.0.RELEASE/bonecp-0.8.0.RELEASE.jar:/home/runner/.m2/repository/org/apache/derby/derby/10.14.2.0/derby-10.14.2.0.jar:/home/runner/.m2/repository/org/xerial/sqlite-jdbc/3.25.2/sqlite-jdbc-3.25.2.jar:/home/runner/.m2/repository/org/springframework/spring-jdbc/5.2.18.RELEASE/spring-jdbc-5.2.18.RELEASE.jar:/home/runner/.m2/repository/org/springframework/spring-beans/5.2.18.RELEASE/spring-beans-5.2.18.RELEASE.jar:/home/runner/.m2/repository/org/springframework/spring-core/5.2.18.RELEASE/spring-core-5.2.18.RELEASE.jar:/home/runner/.m2/repository/org/springframework/spring-jcl/5.2.18.RELEASE/spring-jcl-5.2.18.RELEASE.jar:/home/runner/.m2/repository/org/springframework/spring-tx/5.2.18.RELEASE/spring-tx-5.2.18.RELEASE.jar:/home/runner/.m2/repository/org/apache/ozone/ozone-client/1.3.0-SNAPSHOT/ozone-client-1.3.0-SNAPSHOT.jar:/home/runner/.m2/repository/org/apache/ozone/ozone-filesystem/1.3.0-SNAPSHOT/ozone-filesystem-1.3.0-SNAPSHOT.jar:/home/runner/.m2/repository/org/apache/ozone/ozone-filesystem-common/1.3.0-SNAPSHOT/ozone-filesystem-common-1.3.0-SNAPSHOT.jar:/home/runner/.m2/repository/org/apache/ozone/ozone-tools/1.3.0-SNAPSHOT/ozone-tools-1.3.0-SNAPSHOT.jar:/home/runner/.m2/repository/org/apache/ratis/ratis-tools/2.2.0/ratis-tools-2.2.0.jar:/home/runner/.m2/repository/com/amazonaws/aws-java-sdk-core/1.12.124/aws-java-sdk-core-1.12.124.jar:/home/runner/.m2/repository/org/apache/httpcomponents/httpclient/4.5.13/httpclient-4.5.13.jar:/home/runner/.m2/repository/org/apache/httpcomponents/httpcore/4.4.13/httpcore-4.4.13.jar:/home/runner/.m2/repository/software/amazon/ion/ion-java/1.0.2/ion-java-1.0.2.jar:/home/runner/.m2/repository/com/fasterxml/jackson/dataformat/jackson-dataformat-cbor/2.12.1/jackson-dataformat-cbor-2.12.1.jar:/home/runner/.m2/repository/joda-time/joda-time/2.8.1/joda-time-2.8.1.jar:/home/runner/.m2/repository/com/amazonaws/aws-java-sdk-s3/1.12.124/aws-java-sdk-s3-1.12.124.jar:/home/runner/.m2/repository/com/amazonaws/aws-java-sdk-kms/1.12.124/aws-java-sdk-kms-1.12.124.jar:/home/runner/.m2/repository/com/amazonaws/jmespath-java/1.12.124/jmespath-java-1.12.124.jar:/home/runner/.m2/repository/org/kohsuke/metainf-services/metainf-services/1.8/metainf-services-1.8.jar:/home/runner/.m2/repository/org/apache/ozone/hdds-tools/1.3.0-SNAPSHOT/hdds-tools-1.3.0-SNAPSHOT.jar:/home/runner/.m2/repository/commons-cli/commons-cli/1.2/commons-cli-1.2.jar:/home/runner/.m2/repository/org/apache/commons/commons-lang3/3.7/commons-lang3-3.7.jar:/home/runner/.m2/repository/org/apache/ozone/ozone-manager/1.3.0-SNAPSHOT/ozone-manager-1.3.0-SNAPSHOT-tests.jar:/home/runner/.m2/repository/org/apache/ozone/hdds-common/1.3.0-SNAPSHOT/hdds-common-1.3.0-SNAPSHOT-tests.jar:/home/runner/.m2/repository/org/apache/ozone/hdds-hadoop-dependency-client/1.3.0-SNAPSHOT/hdds-hadoop-dependency-client-1.3.0-SNAPSHOT.jar:/home/runner/.m2/repository/info/picocli/picocli/4.6.1/picocli-4.6.1.jar:/home/runner/.m2/repository/com/fasterxml/jackson/core/jackson-annotations/2.12.1/jackson-annotations-2.12.1.jar:/home/runner/.m2/repository/javax/annotation/javax.annotation-api/1.2/javax.annotation-api-1.2.jar:/home/runner/.m2/repository/org/apache/ratis/ratis-server/2.2.0/ratis-server-2.2.0.jar:/home/runner/.m2/repository/org/apache/ratis/ratis-client/2.2.0/ratis-client-2.2.0.jar:/home/runner/.m2/repository/org/apache/ratis/ratis-server-api/2.2.0/ratis-server-api-2.2.0.jar:/home/runner/.m2/repository/org/apache/ratis/ratis-metrics/2.2.0/ratis-metrics-2.2.0.jar:/home/runner/.m2/repository/org/apache/ratis/ratis-netty/2.2.0/ratis-netty-2.2.0.jar:/home/runner/.m2/repository/org/apache/ratis/ratis-grpc/2.2.0/ratis-grpc-2.2.0.jar:/home/runner/.m2/repository/org/apache/logging/log4j/log4j-api/2.13.3/log4j-api-2.13.3.jar:/home/runner/.m2/repository/org/apache/logging/log4j/log4j-core/2.13.3/log4j-core-2.13.3.jar:/home/runner/.m2/repository/com/lmax/disruptor/3.4.2/disruptor-3.4.2.jar:/home/runner/.m2/repository/org/apache/commons/commons-pool2/2.6.0/commons-pool2-2.6.0.jar:/home/runner/.m2/repository/org/bouncycastle/bcpkix-jdk15on/1.67/bcpkix-jdk15on-1.67.jar:/home/runner/.m2/repository/commons-validator/commons-validator/1.6/commons-validator-1.6.jar:/home/runner/.m2/repository/commons-beanutils/commons-beanutils/1.9.4/commons-beanutils-1.9.4.jar:/home/runner/.m2/repository/commons-digester/commons-digester/1.8.1/commons-digester-1.8.1.jar:/home/runner/.m2/repository/commons-collections/commons-collections/3.2.2/commons-collections-3.2.2.jar:/home/runner/.m2/repository/io/jaegertracing/jaeger-client/1.6.0/jaeger-client-1.6.0.jar:/home/runner/.m2/repository/io/jaegertracing/jaeger-thrift/1.6.0/jaeger-thrift-1.6.0.jar:/home/runner/.m2/repository/org/apache/thrift/libthrift/0.14.1/libthrift-0.14.1.jar:/home/runner/.m2/repository/com/squareup/okhttp3/okhttp/4.9.0/okhttp-4.9.0.jar:/home/runner/.m2/repository/com/squareup/okio/okio/2.8.0/okio-2.8.0.jar:/home/runner/.m2/repository/io/jaegertracing/jaeger-core/1.6.0/jaeger-core-1.6.0.jar:/home/runner/.m2/repository/io/jaegertracing/jaeger-tracerresolver/1.6.0/jaeger-tracerresolver-1.6.0.jar:/home/runner/.m2/repository/io/opentracing/contrib/opentracing-tracerresolver/0.1.8/opentracing-tracerresolver-0.1.8.jar:/home/runner/.m2/repository/org/jetbrains/kotlin/kotlin-stdlib/1.4.31/kotlin-stdlib-1.4.31.jar:/home/runner/.m2/repository/org/jetbrains/kotlin/kotlin-stdlib-common/1.4.31/kotlin-stdlib-common-1.4.31.jar:/home/runner/.m2/repository/org/jetbrains/annotations/13.0/annotations-13.0.jar:/home/runner/.m2/repository/io/opentracing/opentracing-util/0.33.0/opentracing-util-0.33.0.jar:/home/runner/.m2/repository/io/opentracing/opentracing-api/0.33.0/opentracing-api-0.33.0.jar:/home/runner/.m2/repository/io/opentracing/opentracing-noop/0.33.0/opentracing-noop-0.33.0.jar:/home/runner/.m2/repository/org/yaml/snakeyaml/1.26/snakeyaml-1.26.jar:/home/runner/.m2/repository/org/apache/ozone/hdds-interface-admin/1.3.0-SNAPSHOT/hdds-interface-admin-1.3.0-SNAPSHOT.jar:/home/runner/.m2/repository/junit/junit/4.13.1/junit-4.13.1.jar:/home/runner/.m2/repository/org/hamcrest/hamcrest-core/1.3/hamcrest-core-1.3.jar:/home/runner/.m2/repository/org/junit/jupiter/junit-jupiter-api/5.7.0/junit-jupiter-api-5.7.0.jar:/home/runner/.m2/repository/org/apiguardian/apiguardian-api/1.1.0/apiguardian-api-1.1.0.jar:/home/runner/.m2/repository/org/opentest4j/opentest4j/1.2.0/opentest4j-1.2.0.jar:/home/runner/.m2/repository/org/junit/platform/junit-platform-commons/1.7.0/junit-platform-commons-1.7.0.jar:/home/runner/.m2/repository/org/junit/jupiter/junit-jupiter-engine/5.7.0/junit-jupiter-engine-5.7.0.jar:/home/runner/.m2/repository/org/junit/platform/junit-platform-engine/1.7.0/junit-platform-engine-1.7.0.jar:/home/runner/.m2/repository/org/junit/vintage/junit-vintage-engine/5.7.0/junit-vintage-engine-5.7.0.jar:/home/runner/.m2/repository/org/junit/platform/junit-platform-launcher/1.7.0/junit-platform-launcher-1.7.0.jar:/home/runner/.m2/repository/org/openjdk/jmh/jmh-core/1.19/jmh-core-1.19.jar:/home/runner/.m2/repository/net/sf/jopt-simple/jopt-simple/4.6/jopt-simple-4.6.jar:/home/runner/.m2/repository/org/apache/commons/commons-math3/3.1.1/commons-math3-3.1.1.jar:/home/runner/.m2/repository/org/openjdk/jmh/jmh-generator-annprocess/1.19/jmh-generator-annprocess-1.19.jar:/home/runner/.m2/repository/org/mockito/mockito-core/2.28.2/mockito-core-2.28.2.jar:/home/runner/.m2/repository/net/bytebuddy/byte-buddy/1.9.10/byte-buddy-1.9.10.jar:/home/runner/.m2/repository/net/bytebuddy/byte-buddy-agent/1.9.10/byte-buddy-agent-1.9.10.jar:/home/runner/.m2/repository/org/objenesis/objenesis/1.0/objenesis-1.0.jar:/home/runner/.m2/repository/org/apache/hadoop/hadoop-kms/3.3.1/hadoop-kms-3.3.1.jar:/home/runner/.m2/repository/org/apache/hadoop/hadoop-auth/3.3.1/hadoop-auth-3.3.1.jar:/home/runner/.m2/repository/com/nimbusds/nimbus-jose-jwt/7.9/nimbus-jose-jwt-7.9.jar:/home/runner/.m2/repository/com/github/stephenc/jcip/jcip-annotations/1.0-1/jcip-annotations-1.0-1.jar:/home/runner/.m2/repository/net/minidev/json-smart/2.3.1/json-smart-2.3.1.jar:/home/runner/.m2/repository/net/minidev/accessors-smart/2.3.1/accessors-smart-2.3.1.jar:/home/runner/.m2/repository/org/ow2/asm/asm/5.0.4/asm-5.0.4.jar:/home/runner/.m2/repository/org/apache/zookeeper/zookeeper/3.5.6/zookeeper-3.5.6.jar:/home/runner/.m2/repository/org/apache/zookeeper/zookeeper-jute/3.5.6/zookeeper-jute-3.5.6.jar:/home/runner/.m2/repository/org/apache/yetus/audience-annotations/0.5.0/audience-annotations-0.5.0.jar:/home/runner/.m2/repository/org/apache/curator/curator-framework/4.2.0/curator-framework-4.2.0.jar:/home/runner/.m2/repository/org/apache/hadoop/thirdparty/hadoop-shaded-guava/1.1.1/hadoop-shaded-guava-1.1.1.jar:/home/runner/.m2/repository/com/sun/jersey/jersey-core/1.19/jersey-core-1.19.jar:/home/runner/.m2/repository/javax/ws/rs/jsr311-api/1.1.1/jsr311-api-1.1.1.jar:/home/runner/.m2/repository/com/sun/jersey/jersey-server/1.19/jersey-server-1.19.jar:/home/runner/.m2/repository/javax/servlet/javax.servlet-api/3.1.0/javax.servlet-api-3.1.0.jar:/home/runner/.m2/repository/org/eclipse/jetty/jetty-server/9.4.43.v20210629/jetty-server-9.4.43.v20210629.jar:/home/runner/.m2/repository/org/eclipse/jetty/jetty-http/9.4.43.v20210629/jetty-http-9.4.43.v20210629.jar:/home/runner/.m2/repository/org/eclipse/jetty/jetty-io/9.4.43.v20210629/jetty-io-9.4.43.v20210629.jar:/home/runner/.m2/repository/org/eclipse/jetty/jetty-webapp/9.4.43.v20210629/jetty-webapp-9.4.43.v20210629.jar:/home/runner/.m2/repository/org/eclipse/jetty/jetty-xml/9.4.43.v20210629/jetty-xml-9.4.43.v20210629.jar:/home/runner/.m2/repository/org/apache/hadoop/hadoop-common/3.3.1/hadoop-common-3.3.1.jar:/home/runner/.m2/repository/commons-net/commons-net/3.6/commons-net-3.6.jar:/home/runner/.m2/repository/jakarta/activation/jakarta.activation-api/1.2.1/jakarta.activation-api-1.2.1.jar:/home/runner/.m2/repository/com/sun/jersey/jersey-servlet/1.19/jersey-servlet-1.19.jar:/home/runner/.m2/repository/com/sun/jersey/jersey-json/1.19/jersey-json-1.19.jar:/home/runner/.m2/repository/org/codehaus/jettison/jettison/1.1/jettison-1.1.jar:/home/runner/.m2/repository/com/sun/xml/bind/jaxb-impl/2.2.3-1/jaxb-impl-2.2.3-1.jar:/home/runner/.m2/repository/org/codehaus/jackson/jackson-jaxrs/1.9.2/jackson-jaxrs-1.9.2.jar:/home/runner/.m2/repository/org/codehaus/jackson/jackson-xc/1.9.2/jackson-xc-1.9.2.jar:/home/runner/.m2/repository/org/apache/commons/commons-configuration2/2.1.1/commons-configuration2-2.1.1.jar:/home/runner/.m2/repository/org/apache/commons/commons-text/1.4/commons-text-1.4.jar:/home/runner/.m2/repository/com/google/re2j/re2j/1.1/re2j-1.1.jar:/home/runner/.m2/repository/com/jcraft/jsch/0.1.54/jsch-0.1.54.jar:/home/runner/.m2/repository/org/apache/curator/curator-client/4.2.0/curator-client-4.2.0.jar:/home/runner/.m2/repository/org/apache/curator/curator-recipes/4.2.0/curator-recipes-4.2.0.jar:/home/runner/.m2/repository/org/apache/kerby/kerb-core/1.0.1/kerb-core-1.0.1.jar:/home/runner/.m2/repository/org/apache/kerby/kerby-pkix/1.0.1/kerby-pkix-1.0.1.jar:/home/runner/.m2/repository/org/apache/kerby/kerby-asn1/1.0.1/kerby-asn1-1.0.1.jar:/home/runner/.m2/repository/org/apache/kerby/kerby-util/1.0.1/kerby-util-1.0.1.jar:/home/runner/.m2/repository/dnsjava/dnsjava/2.1.7/dnsjava-2.1.7.jar:/home/runner/.m2/repository/org/xerial/snappy/snappy-java/1.1.8.2/snappy-java-1.1.8.2.jar:/home/runner/.m2/repository/org/slf4j/jul-to-slf4j/1.7.30/jul-to-slf4j-1.7.30.jar:/home/runner/.m2/repository/org/eclipse/jetty/jetty-util/9.4.43.v20210629/jetty-util-9.4.43.v20210629.jar:/home/runner/.m2/repository/com/fasterxml/jackson/core/jackson-databind/2.12.1/jackson-databind-2.12.1.jar:/home/runner/.m2/repository/org/apache/hadoop/hadoop-kms/3.3.1/hadoop-kms-3.3.1-tests.jar:/home/runner/.m2/repository/org/apache/ozone/hdds-server-scm/1.3.0-SNAPSHOT/hdds-server-scm-1.3.0-SNAPSHOT-tests.jar:/home/runner/.m2/repository/org/apache/ozone/hdds-container-service/1.3.0-SNAPSHOT/hdds-container-service-1.3.0-SNAPSHOT-tests.jar:/home/runner/.m2/repository/commons-codec/commons-codec/1.11/commons-codec-1.11.jar:/home/runner/.m2/repository/io/netty/netty-transport/4.1.63.Final/netty-transport-4.1.63.Final.jar:/home/runner/.m2/repository/io/netty/netty-resolver/4.1.63.Final/netty-resolver-4.1.63.Final.jar:/home/runner/.m2/repository/io/netty/netty-codec/4.1.63.Final/netty-codec-4.1.63.Final.jar:/home/runner/.m2/repository/io/netty/netty-handler/4.1.63.Final/netty-handler-4.1.63.Final.jar:/home/runner/.m2/repository/org/apache/ozone/hdds-hadoop-dependency-test/1.3.0-SNAPSHOT/hdds-hadoop-dependency-test-1.3.0-SNAPSHOT.jar:/home/runner/.m2/repository/org/apache/hadoop/hadoop-common/3.3.1/hadoop-common-3.3.1-tests.jar:/home/runner/.m2/repository/org/assertj/assertj-core/3.12.2/assertj-core-3.12.2.jar:/home/runner/.m2/repository/org/apache/hadoop/hadoop-hdfs/3.3.1/hadoop-hdfs-3.3.1-tests.jar:/home/runner/.m2/repository/org/eclipse/jetty/jetty-util-ajax/9.4.43.v20210629/jetty-util-ajax-9.4.43.v20210629.jar:/home/runner/.m2/repository/commons-daemon/commons-daemon/1.0.13/commons-daemon-1.0.13.jar:/home/runner/.m2/repository/io/netty/netty/3.10.6.Final/netty-3.10.6.Final.jar:/home/runner/.m2/repository/io/netty/netty-all/4.1.63.Final/netty-all-4.1.63.Final.jar:/home/runner/.m2/repository/org/apache/htrace/htrace-core4/4.1.0-incubating/htrace-core4-4.1.0-incubating.jar:/home/runner/.m2/repository/org/fusesource/leveldbjni/leveldbjni-all/1.8/leveldbjni-all-1.8.jar:/home/runner/.m2/repository/org/apache/hadoop/hadoop-distcp/3.3.1/hadoop-distcp-3.3.1.jar:/home/runner/.m2/repository/org/apache/hadoop/hadoop-mapreduce-client-jobclient/3.3.1/hadoop-mapreduce-client-jobclient-3.3.1.jar:/home/runner/.m2/repository/org/apache/hadoop/hadoop-mapreduce-client-common/3.3.1/hadoop-mapreduce-client-common-3.3.1.jar:/home/runner/.m2/repository/org/apache/hadoop/hadoop-yarn-common/3.3.1/hadoop-yarn-common-3.3.1.jar:/home/runner/.m2/repository/org/apache/hadoop/hadoop-yarn-api/3.3.1/hadoop-yarn-api-3.3.1.jar:/home/runner/.m2/repository/com/sun/jersey/jersey-client/1.19/jersey-client-1.19.jar:/home/runner/.m2/repository/com/sun/jersey/contribs/jersey-guice/1.19/jersey-guice-1.19.jar:/home/runner/.m2/repository/com/fasterxml/jackson/jaxrs/jackson-jaxrs-json-provider/2.12.1/jackson-jaxrs-json-provider-2.12.1.jar:/home/runner/.m2/repository/com/fasterxml/jackson/jaxrs/jackson-jaxrs-base/2.12.1/jackson-jaxrs-base-2.12.1.jar:/home/runner/.m2/repository/org/apache/hadoop/hadoop-yarn-client/3.3.1/hadoop-yarn-client-3.3.1.jar:/home/runner/.m2/repository/org/eclipse/jetty/websocket/websocket-client/9.4.40.v20210413/websocket-client-9.4.40.v20210413.jar:/home/runner/.m2/repository/org/eclipse/jetty/jetty-client/9.4.40.v20210413/jetty-client-9.4.40.v20210413.jar:/home/runner/.m2/repository/org/eclipse/jetty/websocket/websocket-common/9.4.40.v20210413/websocket-common-9.4.40.v20210413.jar:/home/runner/.m2/repository/org/eclipse/jetty/websocket/websocket-api/9.4.40.v20210413/websocket-api-9.4.40.v20210413.jar:/home/runner/.m2/repository/org/jline/jline/3.9.0/jline-3.9.0.jar:/home/runner/.m2/repository/org/apache/hadoop/hadoop-mapreduce-client-core/3.3.1/hadoop-mapreduce-client-core-3.3.1.jar:/home/runner/.m2/repository/org/apache/avro/avro/1.7.7/avro-1.7.7.jar:/home/runner/.m2/repository/org/codehaus/jackson/jackson-core-asl/1.9.13/jackson-core-asl-1.9.13.jar:/home/runner/.m2/repository/org/codehaus/jackson/jackson-mapper-asl/1.9.13/jackson-mapper-asl-1.9.13.jar:/home/runner/.m2/repository/com/thoughtworks/paranamer/paranamer/2.3/paranamer-2.3.jar:/home/runner/.m2/repository/org/apache/hadoop/hadoop-annotations/3.3.1/hadoop-annotations-3.3.1.jar:/usr/lib/jvm/adoptopenjdk-8-hotspot-amd64/jre/../lib/tools.jar:/home/runner/.m2/repository/org/apache/hadoop/hadoop-distcp/3.3.1/hadoop-distcp-3.3.1-tests.jar:/home/runner/.m2/repository/org/apache/ratis/ratis-common/2.2.0/ratis-common-2.2.0.jar:/home/runner/.m2/repository/org/apache/ratis/ratis-thirdparty-misc/0.7.0/ratis-thirdparty-misc-0.7.0.jar:/home/runner/.m2/repository/org/apache/ratis/ratis-proto/2.2.0/ratis-proto-2.2.0.jar:"/>
    <property name="sun.cpu.endian" value="little"/>
    <property name="user.home" value="/home/runner"/>
    <property name="user.language" value="en"/>
    <property name="java.specification.vendor" value="Oracle Corporation"/>
    <property name="java.home" value="/usr/lib/jvm/adoptopenjdk-8-hotspot-amd64/jre"/>
    <property name="java.security.krb5.conf" value="/home/runner/work/ozone/ozone/hadoop-ozone/integration-test/target/test-classes/krb5.conf"/>
    <property name="basedir" value="/home/runner/work/ozone/ozone/hadoop-ozone/integration-test"/>
    <property name="file.separator" value="/"/>
    <property name="line.separator" value="&#10;"/>
    <property name="java.vm.specification.vendor" value="Oracle Corporation"/>
    <property name="java.specification.name" value="Java Platform API Specification"/>
    <property name="java.awt.graphicsenv" value="sun.awt.X11GraphicsEnvironment"/>
    <property name="skip.installnpx" value="true"/>
    <property name="surefire.real.class.path" value="/home/runner/work/ozone/ozone/hadoop-ozone/integration-test/target/surefire/surefirebooter1609398220531810481.jar:/home/runner/.m2/repository/org/jacoco/org.jacoco.agent/0.8.5/org.jacoco.agent-0.8.5-runtime.jar"/>
    <property name="hadoop.log.dir" value="/home/runner/work/ozone/ozone/hadoop-ozone/integration-test/target/log"/>
    <property name="sun.boot.class.path" value="/usr/lib/jvm/adoptopenjdk-8-hotspot-amd64/jre/lib/resources.jar:/usr/lib/jvm/adoptopenjdk-8-hotspot-amd64/jre/lib/rt.jar:/usr/lib/jvm/adoptopenjdk-8-hotspot-amd64/jre/lib/sunrsasign.jar:/usr/lib/jvm/adoptopenjdk-8-hotspot-amd64/jre/lib/jsse.jar:/usr/lib/jvm/adoptopenjdk-8-hotspot-amd64/jre/lib/jce.jar:/usr/lib/jvm/adoptopenjdk-8-hotspot-amd64/jre/lib/charsets.jar:/usr/lib/jvm/adoptopenjdk-8-hotspot-amd64/jre/lib/jfr.jar:/usr/lib/jvm/adoptopenjdk-8-hotspot-amd64/jre/classes"/>
    <property name="sun.management.compiler" value="HotSpot 64-Bit Tiered Compilers"/>
    <property name="skip.npx" value="true"/>
    <property name="java.runtime.version" value="1.8.0_292-b10"/>
    <property name="java.net.preferIPv4Stack" value="true"/>
    <property name="user.name" value="runner"/>
    <property name="path.separator" value=":"/>
    <property name="java.security.egd" value="file:///dev/urandom"/>
    <property name="os.version" value="5.4.0-1063-azure"/>
    <property name="java.endorsed.dirs" value="/usr/lib/jvm/adoptopenjdk-8-hotspot-amd64/jre/lib/endorsed"/>
    <property name="java.runtime.name" value="OpenJDK Runtime Environment"/>
    <property name="file.encoding" value="UTF-8"/>
    <property name="java.vm.name" value="OpenJDK 64-Bit Server VM"/>
    <property name="test.build.webapps" value=""/>
    <property name="localRepository" value="/home/runner/.m2/repository"/>
    <property name="java.vendor.url.bug" value="https://github.com/AdoptOpenJDK/openjdk-support/issues"/>
    <property name="java.io.tmpdir" value="/tmp"/>
    <property name="require.test.libhadoop" value=""/>
    <property name="java.version" value="1.8.0_292"/>
    <property name="user.dir" value="/home/runner/work/ozone/ozone/hadoop-ozone/integration-test"/>
    <property name="os.arch" value="amd64"/>
    <property name="java.vm.specification.name" value="Java Virtual Machine Specification"/>
    <property name="test.build.classes" value="/home/runner/work/ozone/ozone/hadoop-ozone/integration-test/target/test-classes"/>
    <property name="java.awt.printerjob" value="sun.print.PSPrinterJob"/>
    <property name="sun.os.patch.level" value="unknown"/>
    <property name="hadoop.tmp.dir" value="/home/runner/work/ozone/ozone/hadoop-ozone/integration-test/target/tmp"/>
    <property name="java.library.path" value="/usr/java/packages/lib/amd64:/usr/lib64:/lib64:/lib:/usr/lib"/>
    <property name="java.vm.info" value="mixed mode"/>
    <property name="java.vendor" value="AdoptOpenJDK"/>
    <property name="java.vm.version" value="25.292-b10"/>
    <property name="java.ext.dirs" value="/usr/lib/jvm/adoptopenjdk-8-hotspot-amd64/jre/lib/ext:/usr/java/packages/lib/ext"/>
    <property name="sun.io.unicode.encoding" value="UnicodeLittle"/>
    <property name="java.class.version" value="52.0"/>
  </properties>
  <testcase name="testNonPrivilegedUserMkdirCreateBucket[0]" classname="org.apache.hadoop.fs.ozone.TestRootedOzoneFileSystem" time="0.073"/>
  <testcase name="testRenameFile[0]" classname="org.apache.hadoop.fs.ozone.TestRootedOzoneFileSystem" time="0.332"/>
  <testcase name="testListStatusRootAndVolumeRecursive[0]" classname="org.apache.hadoop.fs.ozone.TestRootedOzoneFileSystem" time="1.179"/>
  <testcase name="testTempMount[0]" classname="org.apache.hadoop.fs.ozone.TestRootedOzoneFileSystem" time="0.128"/>
  <testcase name="testListStatusRootAndVolumeNonRecursive[0]" classname="org.apache.hadoop.fs.ozone.TestRootedOzoneFileSystem" time="0.329"/>
  <testcase name="testDeleteVolumeAndBucket[0]" classname="org.apache.hadoop.fs.ozone.TestRootedOzoneFileSystem" time="0.054"/>
  <testcase name="testRenameDirToItsOwnSubDir[0]" classname="org.apache.hadoop.fs.ozone.TestRootedOzoneFileSystem" time="0.022"/>
  <testcase name="testOzoneFsServiceLoader[0]" classname="org.apache.hadoop.fs.ozone.TestRootedOzoneFileSystem" time="0.03"/>
  <testcase name="testTrash[0]" classname="org.apache.hadoop.fs.ozone.TestRootedOzoneFileSystem" time="0">
    <skipped/>
  </testcase>
  <testcase name="testRenameDestinationParentDoesntExist[0]" classname="org.apache.hadoop.fs.ozone.TestRootedOzoneFileSystem" time="0.05"/>
  <testcase name="testGetFileStatusRoot[0]" classname="org.apache.hadoop.fs.ozone.TestRootedOzoneFileSystem" time="0.002"/>
  <testcase name="testCreateWithInvalidPaths[0]" classname="org.apache.hadoop.fs.ozone.TestRootedOzoneFileSystem" time="0.005"/>
  <testcase name="testDeleteEmptyVolume[0]" classname="org.apache.hadoop.fs.ozone.TestRootedOzoneFileSystem" time="0.021"/>
  <testcase name="testListStatusRootAndVolumeContinuation[0]" classname="org.apache.hadoop.fs.ozone.TestRootedOzoneFileSystem" time="0">
    <skipped message="FS Path is enabled. Skipping this test as it is not tuned for FS Path yet" type="org.junit.AssumptionViolatedException">org.junit.AssumptionViolatedException: FS Path is enabled. Skipping this test as it is not tuned for FS Path yet
	at org.junit.Assume.assumeTrue(Assume.java:68)
	at org.apache.hadoop.fs.ozone.TestRootedOzoneFileSystem.testListStatusRootAndVolumeContinuation(TestRootedOzoneFileSystem.java:887)
	at sun.reflect.NativeMethodAccessorImpl.invoke0(Native Method)
	at sun.reflect.NativeMethodAccessorImpl.invoke(NativeMethodAccessorImpl.java:62)
	at sun.reflect.DelegatingMethodAccessorImpl.invoke(DelegatingMethodAccessorImpl.java:43)
	at java.lang.reflect.Method.invoke(Method.java:498)
	at org.junit.runners.model.FrameworkMethod$1.runReflectiveCall(FrameworkMethod.java:59)
	at org.junit.internal.runners.model.ReflectiveCallable.run(ReflectiveCallable.java:12)
	at org.junit.runners.model.FrameworkMethod.invokeExplosively(FrameworkMethod.java:56)
	at org.junit.internal.runners.statements.InvokeMethod.evaluate(InvokeMethod.java:17)
	at org.junit.internal.runners.statements.FailOnTimeout$CallableStatement.call(FailOnTimeout.java:288)
	at org.junit.internal.runners.statements.FailOnTimeout$CallableStatement.call(FailOnTimeout.java:282)
	at java.util.concurrent.FutureTask.run(FutureTask.java:266)
	at java.lang.Thread.run(Thread.java:748)
</skipped>
  </testcase>
  <testcase name="testDeleteVolumeBucketAndKey[0]" classname="org.apache.hadoop.fs.ozone.TestRootedOzoneFileSystem" time="0.118"/>
  <testcase name="testRenameToParentDir[0]" classname="org.apache.hadoop.fs.ozone.TestRootedOzoneFileSystem" time="0.093"/>
  <testcase name="testMkdirNonExistentVolumeBucket[0]" classname="org.apache.hadoop.fs.ozone.TestRootedOzoneFileSystem" time="0.025"/>
  <testcase name="testFailToDeleteRoot[0]" classname="org.apache.hadoop.fs.ozone.TestRootedOzoneFileSystem" time="0.002"/>
  <testcase name="testListStatusOnSubDirs[0]" classname="org.apache.hadoop.fs.ozone.TestRootedOzoneFileSystem" time="0.08"/>
  <testcase name="testListStatus[0]" classname="org.apache.hadoop.fs.ozone.TestRootedOzoneFileSystem" time="0.066"/>
  <testcase name="testGetTrashRoots[0]" classname="org.apache.hadoop.fs.ozone.TestRootedOzoneFileSystem" time="0.706"/>
  <testcase name="testCreateDoesNotAddParentDirKeys[0]" classname="org.apache.hadoop.fs.ozone.TestRootedOzoneFileSystem" time="0.062"/>
  <testcase name="testMkdirNonExistentVolume[0]" classname="org.apache.hadoop.fs.ozone.TestRootedOzoneFileSystem" time="0.013"/>
  <testcase name="testDeleteCreatesFakeParentDir[0]" classname="org.apache.hadoop.fs.ozone.TestRootedOzoneFileSystem" time="0">
    <skipped message="FS Path is enabled. Skipping this test as it is not tuned for FS Path yet" type="org.junit.AssumptionViolatedException">org.junit.AssumptionViolatedException: FS Path is enabled. Skipping this test as it is not tuned for FS Path yet
	at org.junit.Assume.assumeTrue(Assume.java:68)
	at org.apache.hadoop.fs.ozone.TestRootedOzoneFileSystem.testDeleteCreatesFakeParentDir(TestRootedOzoneFileSystem.java:302)
	at sun.reflect.NativeMethodAccessorImpl.invoke0(Native Method)
	at sun.reflect.NativeMethodAccessorImpl.invoke(NativeMethodAccessorImpl.java:62)
	at sun.reflect.DelegatingMethodAccessorImpl.invoke(DelegatingMethodAccessorImpl.java:43)
	at java.lang.reflect.Method.invoke(Method.java:498)
	at org.junit.runners.model.FrameworkMethod$1.runReflectiveCall(FrameworkMethod.java:59)
	at org.junit.internal.runners.model.ReflectiveCallable.run(ReflectiveCallable.java:12)
	at org.junit.runners.model.FrameworkMethod.invokeExplosively(FrameworkMethod.java:56)
	at org.junit.internal.runners.statements.InvokeMethod.evaluate(InvokeMethod.java:17)
	at org.junit.internal.runners.statements.FailOnTimeout$CallableStatement.call(FailOnTimeout.java:288)
	at org.junit.internal.runners.statements.FailOnTimeout$CallableStatement.call(FailOnTimeout.java:282)
	at java.util.concurrent.FutureTask.run(FutureTask.java:266)
	at java.lang.Thread.run(Thread.java:748)
</skipped>
  </testcase>
  <testcase name="testNonExplicitlyCreatedPathExistsAfterItsLeafsWereRemoved[0]" classname="org.apache.hadoop.fs.ozone.TestRootedOzoneFileSystem" time="0.085"/>
  <testcase name="testFileDelete[0]" classname="org.apache.hadoop.fs.ozone.TestRootedOzoneFileSystem" time="0.225"/>
  <testcase name="testRenameToTrashEnabled[0]" classname="org.apache.hadoop.fs.ozone.TestRootedOzoneFileSystem" time="0.118"/>
  <testcase name="testMkdirOnNonExistentVolumeBucketDir[0]" classname="org.apache.hadoop.fs.ozone.TestRootedOzoneFileSystem" time="0">
    <skipped message="FS Path is enabled. Skipping this test as it is not tuned for FS Path yet" type="org.junit.AssumptionViolatedException">org.junit.AssumptionViolatedException: FS Path is enabled. Skipping this test as it is not tuned for FS Path yet
	at org.junit.Assume.assumeTrue(Assume.java:68)
	at org.apache.hadoop.fs.ozone.TestRootedOzoneFileSystem.testMkdirOnNonExistentVolumeBucketDir(TestRootedOzoneFileSystem.java:405)
	at sun.reflect.NativeMethodAccessorImpl.invoke0(Native Method)
	at sun.reflect.NativeMethodAccessorImpl.invoke(NativeMethodAccessorImpl.java:62)
	at sun.reflect.DelegatingMethodAccessorImpl.invoke(DelegatingMethodAccessorImpl.java:43)
	at java.lang.reflect.Method.invoke(Method.java:498)
	at org.junit.runners.model.FrameworkMethod$1.runReflectiveCall(FrameworkMethod.java:59)
	at org.junit.internal.runners.model.ReflectiveCallable.run(ReflectiveCallable.java:12)
	at org.junit.runners.model.FrameworkMethod.invokeExplosively(FrameworkMethod.java:56)
	at org.junit.internal.runners.statements.InvokeMethod.evaluate(InvokeMethod.java:17)
	at org.junit.internal.runners.statements.FailOnTimeout$CallableStatement.call(FailOnTimeout.java:288)
	at org.junit.internal.runners.statements.FailOnTimeout$CallableStatement.call(FailOnTimeout.java:282)
	at java.util.concurrent.FutureTask.run(FutureTask.java:266)
	at java.lang.Thread.run(Thread.java:748)
</skipped>
  </testcase>
  <testcase name="testListStatusOnLargeDirectory[0]" classname="org.apache.hadoop.fs.ozone.TestRootedOzoneFileSystem" time="14.696"/>
  <testcase name="testRenameToDifferentBucket[0]" classname="org.apache.hadoop.fs.ozone.TestRootedOzoneFileSystem" time="0.028"/>
  <testcase name="testListStatusInBucket[0]" classname="org.apache.hadoop.fs.ozone.TestRootedOzoneFileSystem" time="0.017"/>
  <testcase name="testRenameFileToDir[0]" classname="org.apache.hadoop.fs.ozone.TestRootedOzoneFileSystem" time="0.043"/>
  <testcase name="testNonPrivilegedUserMkdirCreateBucket[1]" classname="org.apache.hadoop.fs.ozone.TestRootedOzoneFileSystem" time="0">
    <skipped message="ACL is not enabled. Skipping this test as it requires ACL to be enabled to be meaningful." type="org.junit.AssumptionViolatedException">org.junit.AssumptionViolatedException: ACL is not enabled. Skipping this test as it requires ACL to be enabled to be meaningful.
	at org.junit.Assume.assumeTrue(Assume.java:68)
	at org.apache.hadoop.fs.ozone.TestRootedOzoneFileSystem.testNonPrivilegedUserMkdirCreateBucket(TestRootedOzoneFileSystem.java:1582)
	at sun.reflect.NativeMethodAccessorImpl.invoke0(Native Method)
	at sun.reflect.NativeMethodAccessorImpl.invoke(NativeMethodAccessorImpl.java:62)
	at sun.reflect.DelegatingMethodAccessorImpl.invoke(DelegatingMethodAccessorImpl.java:43)
	at java.lang.reflect.Method.invoke(Method.java:498)
	at org.junit.runners.model.FrameworkMethod$1.runReflectiveCall(FrameworkMethod.java:59)
	at org.junit.internal.runners.model.ReflectiveCallable.run(ReflectiveCallable.java:12)
	at org.junit.runners.model.FrameworkMethod.invokeExplosively(FrameworkMethod.java:56)
	at org.junit.internal.runners.statements.InvokeMethod.evaluate(InvokeMethod.java:17)
	at org.junit.internal.runners.statements.FailOnTimeout$CallableStatement.call(FailOnTimeout.java:288)
	at org.junit.internal.runners.statements.FailOnTimeout$CallableStatement.call(FailOnTimeout.java:282)
	at java.util.concurrent.FutureTask.run(FutureTask.java:266)
	at java.lang.Thread.run(Thread.java:748)
</skipped>
    <system-out><![CDATA[2021-12-05 13:29:49,163 [Listener at 127.0.0.1/33911] INFO  ozone.MiniOzoneClusterImpl (MiniOzoneClusterImpl.java:shutdown(453)) - Shutting down the Mini Ozone Cluster
2021-12-05 13:29:49,164 [Listener at 127.0.0.1/33911] INFO  ozone.MiniOzoneClusterImpl (MiniOzoneClusterImpl.java:stop(468)) - Stopping the Mini Ozone Cluster
2021-12-05 13:29:49,164 [Listener at 127.0.0.1/33911] INFO  ozone.MiniOzoneClusterImpl (MiniOzoneClusterImpl.java:stopOM(550)) - Stopping the OzoneManager
2021-12-05 13:29:49,164 [Listener at 127.0.0.1/33911] INFO  om.OzoneManager (OzoneManager.java:stop(1830)) - om1[localhost:0]: Stopping Ozone Manager
2021-12-05 13:29:49,164 [Listener at 127.0.0.1/33911] INFO  ipc.Server (Server.java:stop(3414)) - Stopping server on 33911
2021-12-05 13:29:49,170 [IPC Server listener on 0] INFO  ipc.Server (Server.java:run(1376)) - Stopping IPC Server listener on 0
2021-12-05 13:29:49,170 [IPC Server Responder] INFO  ipc.Server (Server.java:run(1512)) - Stopping IPC Server Responder
2021-12-05 13:29:49,171 [Listener at 127.0.0.1/33911] INFO  server.RaftServer (RaftServerProxy.java:lambda$close$6(391)) - om1: close
2021-12-05 13:29:49,172 [Listener at 127.0.0.1/33911] INFO  server.RaftServer$Division (RaftServerImpl.java:lambda$close$4(412)) - om1@group-C5BA1605619E: shutdown
2021-12-05 13:29:49,173 [Listener at 127.0.0.1/33911] INFO  util.JmxRegister (JmxRegister.java:unregister(73)) - Successfully un-registered JMX Bean with object name Ratis:service=RaftServer,group=group-C5BA1605619E,id=om1
2021-12-05 13:29:49,173 [Listener at 127.0.0.1/33911] INFO  impl.RoleInfo (RoleInfo.java:shutdownLeaderState(91)) - om1: shutdown om1@group-C5BA1605619E-LeaderStateImpl
2021-12-05 13:29:49,173 [Listener at 127.0.0.1/33911] INFO  impl.PendingRequests (PendingRequests.java:sendNotLeaderResponses(282)) - om1@group-C5BA1605619E-PendingRequests: sendNotLeaderResponses
2021-12-05 13:29:49,176 [Listener at 127.0.0.1/33911] INFO  impl.StateMachineUpdater (StateMachineUpdater.java:stopAndJoin(149)) - om1@group-C5BA1605619E-StateMachineUpdater: set stopIndex = 6562
2021-12-05 13:29:49,177 [om1@group-C5BA1605619E-StateMachineUpdater] INFO  ratis.OzoneManagerStateMachine (OzoneManagerStateMachine.java:takeSnapshot(417)) - Current Snapshot Index (t:1, i:6562)
2021-12-05 13:29:49,178 [om1@group-C5BA1605619E-StateMachineUpdater] INFO  impl.StateMachineUpdater (StateMachineUpdater.java:takeSnapshot(281)) - om1@group-C5BA1605619E-StateMachineUpdater: Took a snapshot at index 6562
2021-12-05 13:29:49,179 [om1@group-C5BA1605619E-StateMachineUpdater] INFO  impl.StateMachineUpdater (StateMachineUpdater.java:lambda$new$0(89)) - om1@group-C5BA1605619E-StateMachineUpdater: snapshotIndex: updateIncreasingly -1 -> 6562
2021-12-05 13:29:49,179 [om1@group-C5BA1605619E-StateMachineUpdater] INFO  ratis.OzoneManagerStateMachine (OzoneManagerStateMachine.java:close(471)) - StateMachine has shutdown. Shutdown OzoneManager if not already shutdown.
2021-12-05 13:29:49,179 [Listener at 127.0.0.1/33911] INFO  server.RaftServer$Division (ServerState.java:close(419)) - om1@group-C5BA1605619E: closes. applyIndex: 6562
2021-12-05 13:29:49,182 [om1@group-C5BA1605619E-SegmentedRaftLogWorker] INFO  segmented.SegmentedRaftLogWorker (SegmentedRaftLogWorker.java:run(327)) - om1@group-C5BA1605619E-SegmentedRaftLogWorker was interrupted, exiting. There are 0 tasks remaining in the queue.
2021-12-05 13:29:49,183 [Listener at 127.0.0.1/33911] INFO  segmented.SegmentedRaftLogWorker (SegmentedRaftLogWorker.java:close(237)) - om1@group-C5BA1605619E-SegmentedRaftLogWorker close()
2021-12-05 13:29:49,184 [Listener at 127.0.0.1/33911] INFO  server.GrpcService (GrpcService.java:closeImpl(262)) - om1: shutdown server with port 9872 now
2021-12-05 13:29:49,186 [Listener at 127.0.0.1/33911] INFO  server.GrpcService (GrpcService.java:closeImpl(271)) - om1: shutdown server with port 9872 successfully
2021-12-05 13:29:49,187 [org.apache.ratis.util.JvmPauseMonitor$$Lambda$525/1513368495@3db8bbbe] INFO  util.JvmPauseMonitor (JvmPauseMonitor.java:run(109)) - JvmPauseMonitor-om1: Stopped
2021-12-05 13:29:49,187 [Listener at 127.0.0.1/33911] INFO  ratis.OzoneManagerDoubleBuffer (OzoneManagerDoubleBuffer.java:stop(437)) - Stopping OMDoubleBuffer flush thread
2021-12-05 13:29:49,187 [OMDoubleBufferFlushThread] INFO  ratis.OzoneManagerDoubleBuffer (OzoneManagerDoubleBuffer.java:flushTransactions(356)) - OMDoubleBuffer flush thread OMDoubleBufferFlushThread is interrupted and will exit. OMDoubleBufferFlushThread
2021-12-05 13:29:49,189 [Listener at 127.0.0.1/33911] INFO  utils.BackgroundService (BackgroundService.java:shutdown(132)) - Shutting down service KeyDeletingService
2021-12-05 13:29:49,189 [Listener at 127.0.0.1/33911] INFO  utils.BackgroundService (BackgroundService.java:shutdown(132)) - Shutting down service DirectoryDeletingService
2021-12-05 13:29:49,191 [Listener at 127.0.0.1/33911] INFO  handler.ContextHandler (ContextHandler.java:doStop(1153)) - Stopped o.e.j.w.WebAppContext@11ae5497{ozoneManager,/,null,STOPPED}{file:/home/runner/work/ozone/ozone/hadoop-ozone/integration-test/target/test-classes/webapps/ozoneManager}
2021-12-05 13:29:49,197 [Listener at 127.0.0.1/33911] INFO  server.AbstractConnector (AbstractConnector.java:doStop(381)) - Stopped ServerConnector@23038621{HTTP/1.1, (http/1.1)}{0.0.0.0:0}
2021-12-05 13:29:49,197 [Listener at 127.0.0.1/33911] INFO  server.session (HouseKeeper.java:stopScavenging(149)) - node0 Stopped scavenging
2021-12-05 13:29:49,198 [Listener at 127.0.0.1/33911] INFO  handler.ContextHandler (ContextHandler.java:doStop(1153)) - Stopped o.e.j.s.ServletContextHandler@42010bc8{static,/static,file:///home/runner/work/ozone/ozone/hadoop-ozone/integration-test/target/test-classes/webapps/static,STOPPED}
2021-12-05 13:29:49,198 [Listener at 127.0.0.1/33911] INFO  handler.ContextHandler (ContextHandler.java:doStop(1153)) - Stopped o.e.j.s.ServletContextHandler@4fdf83bb{logs,/logs,file:///home/runner/work/ozone/ozone/hadoop-ozone/integration-test/target/log,STOPPED}
2021-12-05 13:29:49,200 [Listener at 127.0.0.1/33911] INFO  ozone.MiniOzoneClusterImpl (MiniOzoneClusterImpl.java:stopDatanodes(527)) - Stopping the HddsDatanodes
2021-12-05 13:29:54,203 [Listener at 127.0.0.1/33911] INFO  ozoneimpl.OzoneContainer (OzoneContainer.java:stop(325)) - Attempting to stop container services.
2021-12-05 13:29:54,203 [ForkJoinPool.commonPool-worker-0] INFO  ozoneimpl.OzoneContainer (OzoneContainer.java:stop(325)) - Attempting to stop container services.
2021-12-05 13:29:54,204 [ForkJoinPool.commonPool-worker-0] INFO  server.RaftServer (RaftServerProxy.java:lambda$close$6(391)) - d32b1998-5c06-471a-8411-6d31efc02201: close
2021-12-05 13:29:54,204 [ForkJoinPool.commonPool-worker-0] INFO  server.RaftServer$Division (RaftServerImpl.java:lambda$close$4(412)) - d32b1998-5c06-471a-8411-6d31efc02201@group-AA1B01DF6A9E: shutdown
2021-12-05 13:29:54,204 [ForkJoinPool.commonPool-worker-0] INFO  util.JmxRegister (JmxRegister.java:unregister(73)) - Successfully un-registered JMX Bean with object name Ratis:service=RaftServer,group=group-AA1B01DF6A9E,id=d32b1998-5c06-471a-8411-6d31efc02201
2021-12-05 13:29:54,204 [ForkJoinPool.commonPool-worker-0] INFO  impl.RoleInfo (RoleInfo.java:shutdownFollowerState(108)) - d32b1998-5c06-471a-8411-6d31efc02201: shutdown d32b1998-5c06-471a-8411-6d31efc02201@group-AA1B01DF6A9E-FollowerState
2021-12-05 13:29:54,204 [ForkJoinPool.commonPool-worker-0] INFO  impl.StateMachineUpdater (StateMachineUpdater.java:stopAndJoin(149)) - d32b1998-5c06-471a-8411-6d31efc02201@group-AA1B01DF6A9E-StateMachineUpdater: set stopIndex = 28
2021-12-05 13:29:54,204 [Listener at 127.0.0.1/33911] INFO  server.RaftServer (RaftServerProxy.java:lambda$close$6(391)) - 317ffd0e-e5a0-4c89-8494-4597d9362257: close
2021-12-05 13:29:54,205 [Listener at 127.0.0.1/33911] INFO  server.RaftServer$Division (RaftServerImpl.java:lambda$close$4(412)) - 317ffd0e-e5a0-4c89-8494-4597d9362257@group-462E2FE097B0: shutdown
2021-12-05 13:29:54,205 [d32b1998-5c06-471a-8411-6d31efc02201@group-AA1B01DF6A9E-StateMachineUpdater] INFO  ratis.ContainerStateMachine (ContainerStateMachine.java:takeSnapshot(292)) - group-AA1B01DF6A9E: Taking a snapshot at:(t:2, i:28) file /home/runner/work/ozone/ozone/hadoop-ozone/integration-test/target/test-dir/MiniOzoneClusterImpl-140c1620-03cf-4b31-b930-f9c122eb90fc/datanode-0/data/ratis/358034da-7a80-4c26-ac51-aa1b01df6a9e/sm/snapshot.2_28
2021-12-05 13:29:54,204 [d32b1998-5c06-471a-8411-6d31efc02201@group-AA1B01DF6A9E-FollowerState] INFO  impl.FollowerState (FollowerState.java:run(143)) - d32b1998-5c06-471a-8411-6d31efc02201@group-AA1B01DF6A9E-FollowerState was interrupted: {}
java.lang.InterruptedException: sleep interrupted
	at java.lang.Thread.sleep(Native Method)
	at java.lang.Thread.sleep(Thread.java:340)
	at java.util.concurrent.TimeUnit.sleep(TimeUnit.java:386)
	at org.apache.ratis.util.TimeDuration.sleep(TimeDuration.java:324)
	at org.apache.ratis.util.TimeDuration.sleep(TimeDuration.java:309)
	at org.apache.ratis.server.impl.FollowerState.run(FollowerState.java:118)
2021-12-05 13:29:54,205 [Listener at 127.0.0.1/33911] INFO  util.JmxRegister (JmxRegister.java:unregister(73)) - Successfully un-registered JMX Bean with object name Ratis:service=RaftServer,group=group-462E2FE097B0,id=317ffd0e-e5a0-4c89-8494-4597d9362257
2021-12-05 13:29:54,206 [Listener at 127.0.0.1/33911] INFO  impl.RoleInfo (RoleInfo.java:shutdownLeaderState(91)) - 317ffd0e-e5a0-4c89-8494-4597d9362257: shutdown 317ffd0e-e5a0-4c89-8494-4597d9362257@group-462E2FE097B0-LeaderStateImpl
2021-12-05 13:29:54,207 [Listener at 127.0.0.1/33911] INFO  impl.PendingRequests (PendingRequests.java:sendNotLeaderResponses(282)) - 317ffd0e-e5a0-4c89-8494-4597d9362257@group-462E2FE097B0-PendingRequests: sendNotLeaderResponses
2021-12-05 13:29:54,207 [Listener at 127.0.0.1/33911] INFO  impl.StateMachineUpdater (StateMachineUpdater.java:stopAndJoin(149)) - 317ffd0e-e5a0-4c89-8494-4597d9362257@group-462E2FE097B0-StateMachineUpdater: set stopIndex = 0
2021-12-05 13:29:54,207 [317ffd0e-e5a0-4c89-8494-4597d9362257@group-462E2FE097B0-StateMachineUpdater] INFO  ratis.ContainerStateMachine (ContainerStateMachine.java:takeSnapshot(292)) - group-462E2FE097B0: Taking a snapshot at:(t:1, i:0) file /home/runner/work/ozone/ozone/hadoop-ozone/integration-test/target/test-dir/MiniOzoneClusterImpl-140c1620-03cf-4b31-b930-f9c122eb90fc/datanode-1/data/ratis/c705d055-b0c6-4557-84a9-462e2fe097b0/sm/snapshot.1_0
2021-12-05 13:29:54,237 [317ffd0e-e5a0-4c89-8494-4597d9362257@group-462E2FE097B0-StateMachineUpdater] INFO  ratis.ContainerStateMachine (ContainerStateMachine.java:takeSnapshot(303)) - group-462E2FE097B0: Finished taking a snapshot at:(t:1, i:0) file:/home/runner/work/ozone/ozone/hadoop-ozone/integration-test/target/test-dir/MiniOzoneClusterImpl-140c1620-03cf-4b31-b930-f9c122eb90fc/datanode-1/data/ratis/c705d055-b0c6-4557-84a9-462e2fe097b0/sm/snapshot.1_0 took: 29 ms
2021-12-05 13:29:54,238 [317ffd0e-e5a0-4c89-8494-4597d9362257@group-462E2FE097B0-StateMachineUpdater] INFO  impl.StateMachineUpdater (StateMachineUpdater.java:takeSnapshot(281)) - 317ffd0e-e5a0-4c89-8494-4597d9362257@group-462E2FE097B0-StateMachineUpdater: Took a snapshot at index 0
2021-12-05 13:29:54,238 [317ffd0e-e5a0-4c89-8494-4597d9362257@group-462E2FE097B0-StateMachineUpdater] INFO  impl.StateMachineUpdater (StateMachineUpdater.java:lambda$new$0(89)) - 317ffd0e-e5a0-4c89-8494-4597d9362257@group-462E2FE097B0-StateMachineUpdater: snapshotIndex: updateIncreasingly -1 -> 0
2021-12-05 13:29:54,241 [d32b1998-5c06-471a-8411-6d31efc02201@group-AA1B01DF6A9E-StateMachineUpdater] INFO  ratis.ContainerStateMachine (ContainerStateMachine.java:takeSnapshot(303)) - group-AA1B01DF6A9E: Finished taking a snapshot at:(t:2, i:28) file:/home/runner/work/ozone/ozone/hadoop-ozone/integration-test/target/test-dir/MiniOzoneClusterImpl-140c1620-03cf-4b31-b930-f9c122eb90fc/datanode-0/data/ratis/358034da-7a80-4c26-ac51-aa1b01df6a9e/sm/snapshot.2_28 took: 37 ms
2021-12-05 13:29:54,242 [d32b1998-5c06-471a-8411-6d31efc02201@group-AA1B01DF6A9E-StateMachineUpdater] INFO  impl.StateMachineUpdater (StateMachineUpdater.java:takeSnapshot(281)) - d32b1998-5c06-471a-8411-6d31efc02201@group-AA1B01DF6A9E-StateMachineUpdater: Took a snapshot at index 28
2021-12-05 13:29:54,242 [d32b1998-5c06-471a-8411-6d31efc02201@group-AA1B01DF6A9E-StateMachineUpdater] INFO  impl.StateMachineUpdater (StateMachineUpdater.java:lambda$new$0(89)) - d32b1998-5c06-471a-8411-6d31efc02201@group-AA1B01DF6A9E-StateMachineUpdater: snapshotIndex: updateIncreasingly -1 -> 28
2021-12-05 13:29:54,243 [Listener at 127.0.0.1/33911] INFO  server.RaftServer$Division (ServerState.java:close(419)) - 317ffd0e-e5a0-4c89-8494-4597d9362257@group-462E2FE097B0: closes. applyIndex: 0
2021-12-05 13:29:54,244 [317ffd0e-e5a0-4c89-8494-4597d9362257@group-462E2FE097B0-SegmentedRaftLogWorker] INFO  segmented.SegmentedRaftLogWorker (SegmentedRaftLogWorker.java:run(327)) - 317ffd0e-e5a0-4c89-8494-4597d9362257@group-462E2FE097B0-SegmentedRaftLogWorker was interrupted, exiting. There are 0 tasks remaining in the queue.
2021-12-05 13:29:54,244 [ForkJoinPool.commonPool-worker-0] INFO  server.RaftServer$Division (ServerState.java:close(419)) - d32b1998-5c06-471a-8411-6d31efc02201@group-AA1B01DF6A9E: closes. applyIndex: 28
2021-12-05 13:29:54,244 [d32b1998-5c06-471a-8411-6d31efc02201@group-AA1B01DF6A9E-SegmentedRaftLogWorker] INFO  segmented.SegmentedRaftLogWorker (SegmentedRaftLogWorker.java:run(327)) - d32b1998-5c06-471a-8411-6d31efc02201@group-AA1B01DF6A9E-SegmentedRaftLogWorker was interrupted, exiting. There are 0 tasks remaining in the queue.
2021-12-05 13:29:54,245 [ForkJoinPool.commonPool-worker-0] INFO  segmented.SegmentedRaftLogWorker (SegmentedRaftLogWorker.java:close(237)) - d32b1998-5c06-471a-8411-6d31efc02201@group-AA1B01DF6A9E-SegmentedRaftLogWorker close()
2021-12-05 13:29:54,245 [Listener at 127.0.0.1/33911] INFO  segmented.SegmentedRaftLogWorker (SegmentedRaftLogWorker.java:close(237)) - 317ffd0e-e5a0-4c89-8494-4597d9362257@group-462E2FE097B0-SegmentedRaftLogWorker close()
2021-12-05 13:29:54,246 [ForkJoinPool.commonPool-worker-0] INFO  server.RaftServer$Division (RaftServerImpl.java:lambda$close$4(412)) - d32b1998-5c06-471a-8411-6d31efc02201@group-F33C9DCD5E17: shutdown
2021-12-05 13:29:54,246 [ForkJoinPool.commonPool-worker-0] INFO  util.JmxRegister (JmxRegister.java:unregister(73)) - Successfully un-registered JMX Bean with object name Ratis:service=RaftServer,group=group-F33C9DCD5E17,id=d32b1998-5c06-471a-8411-6d31efc02201
2021-12-05 13:29:54,246 [ForkJoinPool.commonPool-worker-0] INFO  impl.RoleInfo (RoleInfo.java:shutdownFollowerState(108)) - d32b1998-5c06-471a-8411-6d31efc02201: shutdown d32b1998-5c06-471a-8411-6d31efc02201@group-F33C9DCD5E17-FollowerState
2021-12-05 13:29:54,247 [ForkJoinPool.commonPool-worker-0] INFO  impl.StateMachineUpdater (StateMachineUpdater.java:stopAndJoin(149)) - d32b1998-5c06-471a-8411-6d31efc02201@group-F33C9DCD5E17-StateMachineUpdater: set stopIndex = 0
2021-12-05 13:29:54,247 [d32b1998-5c06-471a-8411-6d31efc02201@group-F33C9DCD5E17-FollowerState] INFO  impl.FollowerState (FollowerState.java:run(143)) - d32b1998-5c06-471a-8411-6d31efc02201@group-F33C9DCD5E17-FollowerState was interrupted: {}
java.lang.InterruptedException: sleep interrupted
	at java.lang.Thread.sleep(Native Method)
	at java.lang.Thread.sleep(Thread.java:340)
	at java.util.concurrent.TimeUnit.sleep(TimeUnit.java:386)
	at org.apache.ratis.util.TimeDuration.sleep(TimeDuration.java:324)
	at org.apache.ratis.util.TimeDuration.sleep(TimeDuration.java:309)
	at org.apache.ratis.server.impl.FollowerState.run(FollowerState.java:118)
2021-12-05 13:29:54,247 [Listener at 127.0.0.1/33911] INFO  server.RaftServer$Division (RaftServerImpl.java:lambda$close$4(412)) - 317ffd0e-e5a0-4c89-8494-4597d9362257@group-AA1B01DF6A9E: shutdown
2021-12-05 13:29:54,247 [d32b1998-5c06-471a-8411-6d31efc02201@group-F33C9DCD5E17-StateMachineUpdater] INFO  ratis.ContainerStateMachine (ContainerStateMachine.java:takeSnapshot(292)) - group-F33C9DCD5E17: Taking a snapshot at:(t:5, i:0) file /home/runner/work/ozone/ozone/hadoop-ozone/integration-test/target/test-dir/MiniOzoneClusterImpl-140c1620-03cf-4b31-b930-f9c122eb90fc/datanode-0/data/ratis/7de04e96-47e4-44d4-b33c-f33c9dcd5e17/sm/snapshot.5_0
2021-12-05 13:29:54,247 [Listener at 127.0.0.1/33911] INFO  util.JmxRegister (JmxRegister.java:unregister(73)) - Successfully un-registered JMX Bean with object name Ratis:service=RaftServer,group=group-AA1B01DF6A9E,id=317ffd0e-e5a0-4c89-8494-4597d9362257
2021-12-05 13:29:54,248 [Listener at 127.0.0.1/33911] INFO  impl.RoleInfo (RoleInfo.java:shutdownFollowerState(108)) - 317ffd0e-e5a0-4c89-8494-4597d9362257: shutdown 317ffd0e-e5a0-4c89-8494-4597d9362257@group-AA1B01DF6A9E-FollowerState
2021-12-05 13:29:54,248 [Listener at 127.0.0.1/33911] INFO  impl.StateMachineUpdater (StateMachineUpdater.java:stopAndJoin(149)) - 317ffd0e-e5a0-4c89-8494-4597d9362257@group-AA1B01DF6A9E-StateMachineUpdater: set stopIndex = 28
2021-12-05 13:29:54,249 [d32b1998-5c06-471a-8411-6d31efc02201@group-F33C9DCD5E17-StateMachineUpdater] INFO  ratis.ContainerStateMachine (ContainerStateMachine.java:takeSnapshot(303)) - group-F33C9DCD5E17: Finished taking a snapshot at:(t:5, i:0) file:/home/runner/work/ozone/ozone/hadoop-ozone/integration-test/target/test-dir/MiniOzoneClusterImpl-140c1620-03cf-4b31-b930-f9c122eb90fc/datanode-0/data/ratis/7de04e96-47e4-44d4-b33c-f33c9dcd5e17/sm/snapshot.5_0 took: 1 ms
2021-12-05 13:29:54,249 [d32b1998-5c06-471a-8411-6d31efc02201@group-F33C9DCD5E17-StateMachineUpdater] INFO  impl.StateMachineUpdater (StateMachineUpdater.java:takeSnapshot(281)) - d32b1998-5c06-471a-8411-6d31efc02201@group-F33C9DCD5E17-StateMachineUpdater: Took a snapshot at index 0
2021-12-05 13:29:54,249 [d32b1998-5c06-471a-8411-6d31efc02201@group-F33C9DCD5E17-StateMachineUpdater] INFO  impl.StateMachineUpdater (StateMachineUpdater.java:lambda$new$0(89)) - d32b1998-5c06-471a-8411-6d31efc02201@group-F33C9DCD5E17-StateMachineUpdater: snapshotIndex: updateIncreasingly -1 -> 0
2021-12-05 13:29:54,248 [317ffd0e-e5a0-4c89-8494-4597d9362257@group-AA1B01DF6A9E-FollowerState] INFO  impl.FollowerState (FollowerState.java:run(143)) - 317ffd0e-e5a0-4c89-8494-4597d9362257@group-AA1B01DF6A9E-FollowerState was interrupted: {}
java.lang.InterruptedException: sleep interrupted
	at java.lang.Thread.sleep(Native Method)
	at java.lang.Thread.sleep(Thread.java:340)
	at java.util.concurrent.TimeUnit.sleep(TimeUnit.java:386)
	at org.apache.ratis.util.TimeDuration.sleep(TimeDuration.java:324)
	at org.apache.ratis.util.TimeDuration.sleep(TimeDuration.java:309)
	at org.apache.ratis.server.impl.FollowerState.run(FollowerState.java:118)
2021-12-05 13:29:54,249 [317ffd0e-e5a0-4c89-8494-4597d9362257@group-AA1B01DF6A9E-StateMachineUpdater] INFO  ratis.ContainerStateMachine (ContainerStateMachine.java:takeSnapshot(292)) - group-AA1B01DF6A9E: Taking a snapshot at:(t:2, i:28) file /home/runner/work/ozone/ozone/hadoop-ozone/integration-test/target/test-dir/MiniOzoneClusterImpl-140c1620-03cf-4b31-b930-f9c122eb90fc/datanode-1/data/ratis/358034da-7a80-4c26-ac51-aa1b01df6a9e/sm/snapshot.2_28
2021-12-05 13:29:54,251 [ForkJoinPool.commonPool-worker-0] INFO  server.RaftServer$Division (ServerState.java:close(419)) - d32b1998-5c06-471a-8411-6d31efc02201@group-F33C9DCD5E17: closes. applyIndex: 0
2021-12-05 13:29:54,251 [d32b1998-5c06-471a-8411-6d31efc02201@group-F33C9DCD5E17-SegmentedRaftLogWorker] INFO  segmented.SegmentedRaftLogWorker (SegmentedRaftLogWorker.java:run(327)) - d32b1998-5c06-471a-8411-6d31efc02201@group-F33C9DCD5E17-SegmentedRaftLogWorker was interrupted, exiting. There are 0 tasks remaining in the queue.
2021-12-05 13:29:54,252 [317ffd0e-e5a0-4c89-8494-4597d9362257@group-AA1B01DF6A9E-StateMachineUpdater] INFO  ratis.ContainerStateMachine (ContainerStateMachine.java:takeSnapshot(303)) - group-AA1B01DF6A9E: Finished taking a snapshot at:(t:2, i:28) file:/home/runner/work/ozone/ozone/hadoop-ozone/integration-test/target/test-dir/MiniOzoneClusterImpl-140c1620-03cf-4b31-b930-f9c122eb90fc/datanode-1/data/ratis/358034da-7a80-4c26-ac51-aa1b01df6a9e/sm/snapshot.2_28 took: 4 ms
2021-12-05 13:29:54,252 [317ffd0e-e5a0-4c89-8494-4597d9362257@group-AA1B01DF6A9E-StateMachineUpdater] INFO  impl.StateMachineUpdater (StateMachineUpdater.java:takeSnapshot(281)) - 317ffd0e-e5a0-4c89-8494-4597d9362257@group-AA1B01DF6A9E-StateMachineUpdater: Took a snapshot at index 28
2021-12-05 13:29:54,252 [317ffd0e-e5a0-4c89-8494-4597d9362257@group-AA1B01DF6A9E-StateMachineUpdater] INFO  impl.StateMachineUpdater (StateMachineUpdater.java:lambda$new$0(89)) - 317ffd0e-e5a0-4c89-8494-4597d9362257@group-AA1B01DF6A9E-StateMachineUpdater: snapshotIndex: updateIncreasingly -1 -> 28
2021-12-05 13:29:54,253 [ForkJoinPool.commonPool-worker-0] INFO  segmented.SegmentedRaftLogWorker (SegmentedRaftLogWorker.java:close(237)) - d32b1998-5c06-471a-8411-6d31efc02201@group-F33C9DCD5E17-SegmentedRaftLogWorker close()
2021-12-05 13:29:54,254 [Listener at 127.0.0.1/33911] INFO  server.RaftServer$Division (ServerState.java:close(419)) - 317ffd0e-e5a0-4c89-8494-4597d9362257@group-AA1B01DF6A9E: closes. applyIndex: 28
2021-12-05 13:29:54,255 [317ffd0e-e5a0-4c89-8494-4597d9362257@group-AA1B01DF6A9E-SegmentedRaftLogWorker] INFO  segmented.SegmentedRaftLogWorker (SegmentedRaftLogWorker.java:run(327)) - 317ffd0e-e5a0-4c89-8494-4597d9362257@group-AA1B01DF6A9E-SegmentedRaftLogWorker was interrupted, exiting. There are 0 tasks remaining in the queue.
2021-12-05 13:29:54,255 [Listener at 127.0.0.1/33911] INFO  segmented.SegmentedRaftLogWorker (SegmentedRaftLogWorker.java:close(237)) - 317ffd0e-e5a0-4c89-8494-4597d9362257@group-AA1B01DF6A9E-SegmentedRaftLogWorker close()
2021-12-05 13:29:54,255 [ForkJoinPool.commonPool-worker-0] INFO  server.RaftServer$Division (RaftServerImpl.java:lambda$close$4(412)) - d32b1998-5c06-471a-8411-6d31efc02201@group-570966536759: shutdown
2021-12-05 13:29:54,256 [ForkJoinPool.commonPool-worker-0] INFO  util.JmxRegister (JmxRegister.java:unregister(73)) - Successfully un-registered JMX Bean with object name Ratis:service=RaftServer,group=group-570966536759,id=d32b1998-5c06-471a-8411-6d31efc02201
2021-12-05 13:29:54,256 [ForkJoinPool.commonPool-worker-0] INFO  impl.RoleInfo (RoleInfo.java:shutdownLeaderState(91)) - d32b1998-5c06-471a-8411-6d31efc02201: shutdown d32b1998-5c06-471a-8411-6d31efc02201@group-570966536759-LeaderStateImpl
2021-12-05 13:29:54,256 [Listener at 127.0.0.1/33911] INFO  server.RaftServer$Division (RaftServerImpl.java:lambda$close$4(412)) - 317ffd0e-e5a0-4c89-8494-4597d9362257@group-F33C9DCD5E17: shutdown
2021-12-05 13:29:54,256 [Listener at 127.0.0.1/33911] INFO  util.JmxRegister (JmxRegister.java:unregister(73)) - Successfully un-registered JMX Bean with object name Ratis:service=RaftServer,group=group-F33C9DCD5E17,id=317ffd0e-e5a0-4c89-8494-4597d9362257
2021-12-05 13:29:54,256 [Listener at 127.0.0.1/33911] INFO  impl.RoleInfo (RoleInfo.java:shutdownLeaderState(91)) - 317ffd0e-e5a0-4c89-8494-4597d9362257: shutdown 317ffd0e-e5a0-4c89-8494-4597d9362257@group-F33C9DCD5E17-LeaderStateImpl
2021-12-05 13:29:54,257 [317ffd0e-e5a0-4c89-8494-4597d9362257@group-F33C9DCD5E17->d32b1998-5c06-471a-8411-6d31efc02201-GrpcLogAppender-LogAppenderDaemon] WARN  server.GrpcLogAppender (GrpcLogAppender.java:mayWait(177)) - 317ffd0e-e5a0-4c89-8494-4597d9362257@group-F33C9DCD5E17->d32b1998-5c06-471a-8411-6d31efc02201-GrpcLogAppender: Wait interrupted by java.lang.InterruptedException
2021-12-05 13:29:54,257 [Listener at 127.0.0.1/33911] INFO  impl.PendingRequests (PendingRequests.java:sendNotLeaderResponses(282)) - 317ffd0e-e5a0-4c89-8494-4597d9362257@group-F33C9DCD5E17-PendingRequests: sendNotLeaderResponses
2021-12-05 13:29:54,259 [grpc-default-executor-3] INFO  server.GrpcServerProtocolService (GrpcServerProtocolService.java:onCompleted(140)) - d32b1998-5c06-471a-8411-6d31efc02201: Completed APPEND_ENTRIES, lastRequest: 317ffd0e-e5a0-4c89-8494-4597d9362257->d32b1998-5c06-471a-8411-6d31efc02201#1-t5,previous=(t:0, i:0),leaderCommit=-1,initializing? true,entries: size=1, first=(t:5, i:0), CONFIGURATIONENTRY
2021-12-05 13:29:54,260 [317ffd0e-e5a0-4c89-8494-4597d9362257@group-F33C9DCD5E17-StateMachineUpdater] INFO  ratis.ContainerStateMachine (ContainerStateMachine.java:takeSnapshot(292)) - group-F33C9DCD5E17: Taking a snapshot at:(t:5, i:0) file /home/runner/work/ozone/ozone/hadoop-ozone/integration-test/target/test-dir/MiniOzoneClusterImpl-140c1620-03cf-4b31-b930-f9c122eb90fc/datanode-1/data/ratis/7de04e96-47e4-44d4-b33c-f33c9dcd5e17/sm/snapshot.5_0
2021-12-05 13:29:54,260 [Listener at 127.0.0.1/33911] INFO  impl.StateMachineUpdater (StateMachineUpdater.java:stopAndJoin(149)) - 317ffd0e-e5a0-4c89-8494-4597d9362257@group-F33C9DCD5E17-StateMachineUpdater: set stopIndex = 0
2021-12-05 13:29:54,261 [grpc-default-executor-1] INFO  server.GrpcLogAppender (GrpcLogAppender.java:onCompleted(346)) - 317ffd0e-e5a0-4c89-8494-4597d9362257@group-F33C9DCD5E17->d32b1998-5c06-471a-8411-6d31efc02201-AppendLogResponseHandler: follower responses appendEntries COMPLETED
2021-12-05 13:29:54,261 [317ffd0e-e5a0-4c89-8494-4597d9362257@group-F33C9DCD5E17-StateMachineUpdater] INFO  ratis.ContainerStateMachine (ContainerStateMachine.java:takeSnapshot(303)) - group-F33C9DCD5E17: Finished taking a snapshot at:(t:5, i:0) file:/home/runner/work/ozone/ozone/hadoop-ozone/integration-test/target/test-dir/MiniOzoneClusterImpl-140c1620-03cf-4b31-b930-f9c122eb90fc/datanode-1/data/ratis/7de04e96-47e4-44d4-b33c-f33c9dcd5e17/sm/snapshot.5_0 took: 1 ms
2021-12-05 13:29:54,261 [317ffd0e-e5a0-4c89-8494-4597d9362257@group-F33C9DCD5E17-StateMachineUpdater] INFO  impl.StateMachineUpdater (StateMachineUpdater.java:takeSnapshot(281)) - 317ffd0e-e5a0-4c89-8494-4597d9362257@group-F33C9DCD5E17-StateMachineUpdater: Took a snapshot at index 0
2021-12-05 13:29:54,261 [317ffd0e-e5a0-4c89-8494-4597d9362257@group-F33C9DCD5E17-StateMachineUpdater] INFO  impl.StateMachineUpdater (StateMachineUpdater.java:lambda$new$0(89)) - 317ffd0e-e5a0-4c89-8494-4597d9362257@group-F33C9DCD5E17-StateMachineUpdater: snapshotIndex: updateIncreasingly -1 -> 0
2021-12-05 13:29:54,261 [Listener at 127.0.0.1/33911] INFO  server.RaftServer$Division (ServerState.java:close(419)) - 317ffd0e-e5a0-4c89-8494-4597d9362257@group-F33C9DCD5E17: closes. applyIndex: 0
2021-12-05 13:29:54,264 [grpc-default-executor-1] INFO  leader.FollowerInfo (FollowerInfoImpl.java:lambda$new$0(47)) - 317ffd0e-e5a0-4c89-8494-4597d9362257@group-F33C9DCD5E17->d32b1998-5c06-471a-8411-6d31efc02201: nextIndex: updateUnconditionally 1 -> 0
2021-12-05 13:29:54,264 [317ffd0e-e5a0-4c89-8494-4597d9362257@group-F33C9DCD5E17-SegmentedRaftLogWorker] INFO  segmented.SegmentedRaftLogWorker (SegmentedRaftLogWorker.java:run(327)) - 317ffd0e-e5a0-4c89-8494-4597d9362257@group-F33C9DCD5E17-SegmentedRaftLogWorker was interrupted, exiting. There are 0 tasks remaining in the queue.
2021-12-05 13:29:54,256 [ForkJoinPool.commonPool-worker-0] INFO  impl.PendingRequests (PendingRequests.java:sendNotLeaderResponses(282)) - d32b1998-5c06-471a-8411-6d31efc02201@group-570966536759-PendingRequests: sendNotLeaderResponses
2021-12-05 13:29:54,257 [317ffd0e-e5a0-4c89-8494-4597d9362257@group-F33C9DCD5E17->226e3f7e-c90e-41ca-b9ea-ce81b634bf47-GrpcLogAppender-LogAppenderDaemon] WARN  server.GrpcLogAppender (GrpcLogAppender.java:mayWait(177)) - 317ffd0e-e5a0-4c89-8494-4597d9362257@group-F33C9DCD5E17->226e3f7e-c90e-41ca-b9ea-ce81b634bf47-GrpcLogAppender: Wait interrupted by java.lang.InterruptedException
2021-12-05 13:29:54,265 [ForkJoinPool.commonPool-worker-0] INFO  impl.StateMachineUpdater (StateMachineUpdater.java:stopAndJoin(149)) - d32b1998-5c06-471a-8411-6d31efc02201@group-570966536759-StateMachineUpdater: set stopIndex = 0
2021-12-05 13:29:54,265 [d32b1998-5c06-471a-8411-6d31efc02201@group-570966536759-StateMachineUpdater] INFO  ratis.ContainerStateMachine (ContainerStateMachine.java:takeSnapshot(292)) - group-570966536759: Taking a snapshot at:(t:1, i:0) file /home/runner/work/ozone/ozone/hadoop-ozone/integration-test/target/test-dir/MiniOzoneClusterImpl-140c1620-03cf-4b31-b930-f9c122eb90fc/datanode-0/data/ratis/2b7c528e-bb93-442a-9475-570966536759/sm/snapshot.1_0
2021-12-05 13:29:54,266 [d32b1998-5c06-471a-8411-6d31efc02201@group-570966536759-StateMachineUpdater] INFO  ratis.ContainerStateMachine (ContainerStateMachine.java:takeSnapshot(303)) - group-570966536759: Finished taking a snapshot at:(t:1, i:0) file:/home/runner/work/ozone/ozone/hadoop-ozone/integration-test/target/test-dir/MiniOzoneClusterImpl-140c1620-03cf-4b31-b930-f9c122eb90fc/datanode-0/data/ratis/2b7c528e-bb93-442a-9475-570966536759/sm/snapshot.1_0 took: 1 ms
2021-12-05 13:29:54,266 [Listener at 127.0.0.1/33911] INFO  segmented.SegmentedRaftLogWorker (SegmentedRaftLogWorker.java:close(237)) - 317ffd0e-e5a0-4c89-8494-4597d9362257@group-F33C9DCD5E17-SegmentedRaftLogWorker close()
2021-12-05 13:29:54,270 [d32b1998-5c06-471a-8411-6d31efc02201@group-570966536759-StateMachineUpdater] INFO  impl.StateMachineUpdater (StateMachineUpdater.java:takeSnapshot(281)) - d32b1998-5c06-471a-8411-6d31efc02201@group-570966536759-StateMachineUpdater: Took a snapshot at index 0
2021-12-05 13:29:54,270 [d32b1998-5c06-471a-8411-6d31efc02201@group-570966536759-StateMachineUpdater] INFO  impl.StateMachineUpdater (StateMachineUpdater.java:lambda$new$0(89)) - d32b1998-5c06-471a-8411-6d31efc02201@group-570966536759-StateMachineUpdater: snapshotIndex: updateIncreasingly -1 -> 0
2021-12-05 13:29:54,271 [ForkJoinPool.commonPool-worker-0] INFO  server.RaftServer$Division (ServerState.java:close(419)) - d32b1998-5c06-471a-8411-6d31efc02201@group-570966536759: closes. applyIndex: 0
2021-12-05 13:29:54,271 [d32b1998-5c06-471a-8411-6d31efc02201@group-570966536759-SegmentedRaftLogWorker] INFO  segmented.SegmentedRaftLogWorker (SegmentedRaftLogWorker.java:run(327)) - d32b1998-5c06-471a-8411-6d31efc02201@group-570966536759-SegmentedRaftLogWorker was interrupted, exiting. There are 0 tasks remaining in the queue.
2021-12-05 13:29:54,270 [grpc-default-executor-1] INFO  server.GrpcServerProtocolService (GrpcServerProtocolService.java:onCompleted(140)) - 226e3f7e-c90e-41ca-b9ea-ce81b634bf47: Completed APPEND_ENTRIES, lastRequest: 317ffd0e-e5a0-4c89-8494-4597d9362257->226e3f7e-c90e-41ca-b9ea-ce81b634bf47#1-t5,previous=(t:0, i:0),leaderCommit=-1,initializing? true,entries: size=1, first=(t:5, i:0), CONFIGURATIONENTRY
2021-12-05 13:29:54,271 [Listener at 127.0.0.1/33911] INFO  server.GrpcService (GrpcService.java:closeImpl(262)) - 317ffd0e-e5a0-4c89-8494-4597d9362257: shutdown server with port 45235 now
2021-12-05 13:29:54,271 [ForkJoinPool.commonPool-worker-0] INFO  segmented.SegmentedRaftLogWorker (SegmentedRaftLogWorker.java:close(237)) - d32b1998-5c06-471a-8411-6d31efc02201@group-570966536759-SegmentedRaftLogWorker close()
2021-12-05 13:29:54,272 [grpc-default-executor-3] INFO  server.GrpcLogAppender (GrpcLogAppender.java:onCompleted(346)) - 317ffd0e-e5a0-4c89-8494-4597d9362257@group-F33C9DCD5E17->226e3f7e-c90e-41ca-b9ea-ce81b634bf47-AppendLogResponseHandler: follower responses appendEntries COMPLETED
2021-12-05 13:29:54,272 [ForkJoinPool.commonPool-worker-0] INFO  server.GrpcService (GrpcService.java:closeImpl(262)) - d32b1998-5c06-471a-8411-6d31efc02201: shutdown server with port 40487 now
2021-12-05 13:29:54,272 [grpc-default-executor-3] INFO  leader.FollowerInfo (FollowerInfoImpl.java:lambda$new$0(47)) - 317ffd0e-e5a0-4c89-8494-4597d9362257@group-F33C9DCD5E17->226e3f7e-c90e-41ca-b9ea-ce81b634bf47: nextIndex: updateUnconditionally 1 -> 0
2021-12-05 13:29:54,280 [grpc-default-executor-1] WARN  server.GrpcServerProtocolService (LogUtils.java:warn(122)) - 317ffd0e-e5a0-4c89-8494-4597d9362257: installSnapshot onError, lastRequest: 226e3f7e-c90e-41ca-b9ea-ce81b634bf47->317ffd0e-e5a0-4c89-8494-4597d9362257#325-t2,previous=(t:2, i:27),leaderCommit=26,initializing? true,entries: size=1, first=(t:2, i:28), METADATAENTRY(c:26): org.apache.ratis.thirdparty.io.grpc.StatusRuntimeException: CANCELLED: client cancelled
2021-12-05 13:29:54,282 [grpc-default-executor-3] WARN  server.GrpcServerProtocolService (LogUtils.java:warn(122)) - d32b1998-5c06-471a-8411-6d31efc02201: installSnapshot onError, lastRequest: 226e3f7e-c90e-41ca-b9ea-ce81b634bf47->d32b1998-5c06-471a-8411-6d31efc02201#329-t2,previous=(t:2, i:27),leaderCommit=26,initializing? true,entries: size=1, first=(t:2, i:28), METADATAENTRY(c:26): org.apache.ratis.thirdparty.io.grpc.StatusRuntimeException: CANCELLED: client cancelled
2021-12-05 13:29:54,285 [ForkJoinPool.commonPool-worker-0] INFO  server.GrpcService (GrpcService.java:closeImpl(271)) - d32b1998-5c06-471a-8411-6d31efc02201: shutdown server with port 40487 successfully
2021-12-05 13:29:54,285 [org.apache.ratis.util.JvmPauseMonitor$$Lambda$525/1513368495@1996183] INFO  util.JvmPauseMonitor (JvmPauseMonitor.java:run(109)) - JvmPauseMonitor-d32b1998-5c06-471a-8411-6d31efc02201: Stopped
2021-12-05 13:29:54,294 [grpc-default-executor-3] WARN  server.GrpcLogAppender (LogUtils.java:warn(122)) - 226e3f7e-c90e-41ca-b9ea-ce81b634bf47@group-AA1B01DF6A9E->317ffd0e-e5a0-4c89-8494-4597d9362257-AppendLogResponseHandler: Failed appendEntries: org.apache.ratis.thirdparty.io.grpc.StatusRuntimeException: CANCELLED: HTTP/2 error code: CANCEL
Received Rst Stream
2021-12-05 13:29:54,295 [grpc-default-executor-3] INFO  leader.FollowerInfo (FollowerInfoImpl.java:lambda$new$0(47)) - 226e3f7e-c90e-41ca-b9ea-ce81b634bf47@group-AA1B01DF6A9E->317ffd0e-e5a0-4c89-8494-4597d9362257: nextIndex: updateUnconditionally 29 -> 28
2021-12-05 13:29:54,302 [grpc-default-executor-3] WARN  server.GrpcLogAppender (LogUtils.java:warn(122)) - 226e3f7e-c90e-41ca-b9ea-ce81b634bf47@group-AA1B01DF6A9E->d32b1998-5c06-471a-8411-6d31efc02201-AppendLogResponseHandler: Failed appendEntries: org.apache.ratis.thirdparty.io.grpc.StatusRuntimeException: CANCELLED: HTTP/2 error code: CANCEL
Received Rst Stream
2021-12-05 13:29:54,302 [grpc-default-executor-3] INFO  leader.FollowerInfo (FollowerInfoImpl.java:lambda$new$0(47)) - 226e3f7e-c90e-41ca-b9ea-ce81b634bf47@group-AA1B01DF6A9E->d32b1998-5c06-471a-8411-6d31efc02201: nextIndex: updateUnconditionally 29 -> 28
2021-12-05 13:29:54,306 [Listener at 127.0.0.1/33911] INFO  server.GrpcService (GrpcService.java:closeImpl(271)) - 317ffd0e-e5a0-4c89-8494-4597d9362257: shutdown server with port 45235 successfully
2021-12-05 13:29:54,306 [org.apache.ratis.util.JvmPauseMonitor$$Lambda$525/1513368495@53ba5960] INFO  util.JvmPauseMonitor (JvmPauseMonitor.java:run(109)) - JvmPauseMonitor-317ffd0e-e5a0-4c89-8494-4597d9362257: Stopped
2021-12-05 13:29:54,320 [grpc-default-executor-1] WARN  server.GrpcLogAppender (LogUtils.java:warn(122)) - 226e3f7e-c90e-41ca-b9ea-ce81b634bf47@group-AA1B01DF6A9E->317ffd0e-e5a0-4c89-8494-4597d9362257-AppendLogResponseHandler: Failed appendEntries: org.apache.ratis.thirdparty.io.grpc.StatusRuntimeException: UNAVAILABLE: io exception
2021-12-05 13:29:54,320 [grpc-default-executor-0] WARN  server.GrpcLogAppender (LogUtils.java:warn(122)) - 226e3f7e-c90e-41ca-b9ea-ce81b634bf47@group-AA1B01DF6A9E->d32b1998-5c06-471a-8411-6d31efc02201-AppendLogResponseHandler: Failed appendEntries: org.apache.ratis.thirdparty.io.grpc.StatusRuntimeException: UNAVAILABLE: io exception
2021-12-05 13:29:54,324 [grpc-default-executor-0] INFO  leader.FollowerInfo (FollowerInfoImpl.java:lambda$new$0(47)) - 226e3f7e-c90e-41ca-b9ea-ce81b634bf47@group-AA1B01DF6A9E->d32b1998-5c06-471a-8411-6d31efc02201: nextIndex: updateUnconditionally 29 -> 28
2021-12-05 13:29:54,325 [grpc-default-executor-1] INFO  leader.FollowerInfo (FollowerInfoImpl.java:lambda$new$0(47)) - 226e3f7e-c90e-41ca-b9ea-ce81b634bf47@group-AA1B01DF6A9E->317ffd0e-e5a0-4c89-8494-4597d9362257: nextIndex: updateUnconditionally 29 -> 28
2021-12-05 13:29:56,808 [grpc-default-executor-1] WARN  server.GrpcLogAppender (LogUtils.java:warn(122)) - 226e3f7e-c90e-41ca-b9ea-ce81b634bf47@group-AA1B01DF6A9E->d32b1998-5c06-471a-8411-6d31efc02201-AppendLogResponseHandler: Failed appendEntries: org.apache.ratis.thirdparty.io.grpc.StatusRuntimeException: UNAVAILABLE: io exception
2021-12-05 13:29:56,809 [grpc-default-executor-1] INFO  leader.FollowerInfo (FollowerInfoImpl.java:lambda$new$0(47)) - 226e3f7e-c90e-41ca-b9ea-ce81b634bf47@group-AA1B01DF6A9E->d32b1998-5c06-471a-8411-6d31efc02201: nextIndex: updateUnconditionally 29 -> 28
2021-12-05 13:29:56,814 [grpc-default-executor-1] WARN  server.GrpcLogAppender (LogUtils.java:warn(122)) - 226e3f7e-c90e-41ca-b9ea-ce81b634bf47@group-AA1B01DF6A9E->317ffd0e-e5a0-4c89-8494-4597d9362257-AppendLogResponseHandler: Failed appendEntries: org.apache.ratis.thirdparty.io.grpc.StatusRuntimeException: UNAVAILABLE: io exception
2021-12-05 13:29:56,815 [grpc-default-executor-1] INFO  leader.FollowerInfo (FollowerInfoImpl.java:lambda$new$0(47)) - 226e3f7e-c90e-41ca-b9ea-ce81b634bf47@group-AA1B01DF6A9E->317ffd0e-e5a0-4c89-8494-4597d9362257: nextIndex: updateUnconditionally 29 -> 28
2021-12-05 13:29:59,309 [grpc-default-executor-1] WARN  server.GrpcLogAppender (LogUtils.java:warn(122)) - 226e3f7e-c90e-41ca-b9ea-ce81b634bf47@group-AA1B01DF6A9E->d32b1998-5c06-471a-8411-6d31efc02201-AppendLogResponseHandler: Failed appendEntries: org.apache.ratis.thirdparty.io.grpc.StatusRuntimeException: UNAVAILABLE: io exception
2021-12-05 13:29:59,310 [grpc-default-executor-1] INFO  leader.FollowerInfo (FollowerInfoImpl.java:lambda$new$0(47)) - 226e3f7e-c90e-41ca-b9ea-ce81b634bf47@group-AA1B01DF6A9E->d32b1998-5c06-471a-8411-6d31efc02201: nextIndex: updateUnconditionally 29 -> 28
2021-12-05 13:29:59,316 [grpc-default-executor-3] WARN  server.GrpcLogAppender (LogUtils.java:warn(122)) - 226e3f7e-c90e-41ca-b9ea-ce81b634bf47@group-AA1B01DF6A9E->317ffd0e-e5a0-4c89-8494-4597d9362257-AppendLogResponseHandler: Failed appendEntries: org.apache.ratis.thirdparty.io.grpc.StatusRuntimeException: UNAVAILABLE: io exception
2021-12-05 13:29:59,316 [grpc-default-executor-3] INFO  leader.FollowerInfo (FollowerInfoImpl.java:lambda$new$0(47)) - 226e3f7e-c90e-41ca-b9ea-ce81b634bf47@group-AA1B01DF6A9E->317ffd0e-e5a0-4c89-8494-4597d9362257: nextIndex: updateUnconditionally 29 -> 28
2021-12-05 13:30:00,311 [226e3f7e-c90e-41ca-b9ea-ce81b634bf47@group-AA1B01DF6A9E-LeaderStateImpl] WARN  server.RaftServer$Division (LeaderStateImpl.java:checkLeadership(974)) - 226e3f7e-c90e-41ca-b9ea-ce81b634bf47@group-AA1B01DF6A9E-LeaderStateImpl: Lost leadership on term: 2. Election timeout: 5200ms. In charge for: 31360ms. Conf: 0: [d32b1998-5c06-471a-8411-6d31efc02201|rpc:10.1.0.33:40487|dataStream:|priority:0, 226e3f7e-c90e-41ca-b9ea-ce81b634bf47|rpc:10.1.0.33:45611|dataStream:|priority:1, 317ffd0e-e5a0-4c89-8494-4597d9362257|rpc:10.1.0.33:45235|dataStream:|priority:0], old=null
2021-12-05 13:30:00,312 [226e3f7e-c90e-41ca-b9ea-ce81b634bf47@group-AA1B01DF6A9E-LeaderStateImpl] WARN  server.RaftServer$Division (LeaderStateImpl.java:lambda$checkLeadership$15(978)) - Follower 226e3f7e-c90e-41ca-b9ea-ce81b634bf47@group-AA1B01DF6A9E->d32b1998-5c06-471a-8411-6d31efc02201(c28,m28,n28, attendVote=true, lastRpcSendTime=1003, lastRpcResponseTime=8461)
2021-12-05 13:30:00,312 [226e3f7e-c90e-41ca-b9ea-ce81b634bf47@group-AA1B01DF6A9E-LeaderStateImpl] WARN  server.RaftServer$Division (LeaderStateImpl.java:lambda$checkLeadership$15(978)) - Follower 226e3f7e-c90e-41ca-b9ea-ce81b634bf47@group-AA1B01DF6A9E->317ffd0e-e5a0-4c89-8494-4597d9362257(c28,m28,n28, attendVote=true, lastRpcSendTime=997, lastRpcResponseTime=8472)
2021-12-05 13:30:00,312 [226e3f7e-c90e-41ca-b9ea-ce81b634bf47@group-AA1B01DF6A9E-LeaderStateImpl] INFO  server.RaftServer$Division (RaftServerImpl.java:setRole(290)) - 226e3f7e-c90e-41ca-b9ea-ce81b634bf47@group-AA1B01DF6A9E: changes role from    LEADER to FOLLOWER at term 2 for StepDownReason:LOST_MAJORITY_HEARTBEATS
2021-12-05 13:30:00,312 [226e3f7e-c90e-41ca-b9ea-ce81b634bf47@group-AA1B01DF6A9E-LeaderStateImpl] INFO  impl.RoleInfo (RoleInfo.java:shutdownLeaderState(91)) - 226e3f7e-c90e-41ca-b9ea-ce81b634bf47: shutdown 226e3f7e-c90e-41ca-b9ea-ce81b634bf47@group-AA1B01DF6A9E-LeaderStateImpl
2021-12-05 13:30:00,313 [226e3f7e-c90e-41ca-b9ea-ce81b634bf47@group-AA1B01DF6A9E-LeaderStateImpl] INFO  impl.PendingRequests (PendingRequests.java:sendNotLeaderResponses(282)) - 226e3f7e-c90e-41ca-b9ea-ce81b634bf47@group-AA1B01DF6A9E-PendingRequests: sendNotLeaderResponses
2021-12-05 13:30:00,313 [226e3f7e-c90e-41ca-b9ea-ce81b634bf47@group-AA1B01DF6A9E->317ffd0e-e5a0-4c89-8494-4597d9362257-GrpcLogAppender-LogAppenderDaemon] WARN  server.GrpcLogAppender (GrpcLogAppender.java:mayWait(177)) - 226e3f7e-c90e-41ca-b9ea-ce81b634bf47@group-AA1B01DF6A9E->317ffd0e-e5a0-4c89-8494-4597d9362257-GrpcLogAppender: Wait interrupted by java.lang.InterruptedException
2021-12-05 13:30:00,314 [226e3f7e-c90e-41ca-b9ea-ce81b634bf47@group-AA1B01DF6A9E->d32b1998-5c06-471a-8411-6d31efc02201-GrpcLogAppender-LogAppenderDaemon] WARN  server.GrpcLogAppender (GrpcLogAppender.java:mayWait(177)) - 226e3f7e-c90e-41ca-b9ea-ce81b634bf47@group-AA1B01DF6A9E->d32b1998-5c06-471a-8411-6d31efc02201-GrpcLogAppender: Wait interrupted by java.lang.InterruptedException
2021-12-05 13:30:00,315 [226e3f7e-c90e-41ca-b9ea-ce81b634bf47@group-AA1B01DF6A9E-LeaderStateImpl] INFO  impl.RoleInfo (RoleInfo.java:updateAndGet(130)) - 226e3f7e-c90e-41ca-b9ea-ce81b634bf47: start 226e3f7e-c90e-41ca-b9ea-ce81b634bf47@group-AA1B01DF6A9E-FollowerState
2021-12-05 13:30:01,302 [ForkJoinPool.commonPool-worker-0] INFO  utils.BackgroundService (BackgroundService.java:shutdown(132)) - Shutting down service BlockDeletingService
2021-12-05 13:30:01,313 [Listener at 127.0.0.1/33911] INFO  utils.BackgroundService (BackgroundService.java:shutdown(132)) - Shutting down service BlockDeletingService
2021-12-05 13:30:04,061 [226e3f7e-c90e-41ca-b9ea-ce81b634bf47@group-F33C9DCD5E17-FollowerState] INFO  impl.FollowerState (FollowerState.java:run(134)) - 226e3f7e-c90e-41ca-b9ea-ce81b634bf47@group-F33C9DCD5E17-FollowerState: change to CANDIDATE, lastRpcElapsedTime:10273186911ns, electionTimeout:5142ms
2021-12-05 13:30:04,062 [226e3f7e-c90e-41ca-b9ea-ce81b634bf47@group-F33C9DCD5E17-FollowerState] INFO  impl.RoleInfo (RoleInfo.java:shutdownFollowerState(108)) - 226e3f7e-c90e-41ca-b9ea-ce81b634bf47: shutdown 226e3f7e-c90e-41ca-b9ea-ce81b634bf47@group-F33C9DCD5E17-FollowerState
2021-12-05 13:30:04,062 [226e3f7e-c90e-41ca-b9ea-ce81b634bf47@group-F33C9DCD5E17-FollowerState] INFO  server.RaftServer$Division (RaftServerImpl.java:setRole(290)) - 226e3f7e-c90e-41ca-b9ea-ce81b634bf47@group-F33C9DCD5E17: changes role from  FOLLOWER to CANDIDATE at term 5 for changeToCandidate
2021-12-05 13:30:04,062 [226e3f7e-c90e-41ca-b9ea-ce81b634bf47@group-F33C9DCD5E17-FollowerState] INFO  server.RaftServerConfigKeys (ConfUtils.java:logGet(44)) - raft.server.leaderelection.pre-vote = false (custom)
2021-12-05 13:30:04,062 [226e3f7e-c90e-41ca-b9ea-ce81b634bf47@group-F33C9DCD5E17-FollowerState] INFO  impl.RoleInfo (RoleInfo.java:updateAndGet(130)) - 226e3f7e-c90e-41ca-b9ea-ce81b634bf47: start 226e3f7e-c90e-41ca-b9ea-ce81b634bf47@group-F33C9DCD5E17-LeaderElection12
2021-12-05 13:30:04,071 [226e3f7e-c90e-41ca-b9ea-ce81b634bf47@group-F33C9DCD5E17-LeaderElection12] INFO  server.RaftServer$Division (ServerState.java:setLeader(285)) - 226e3f7e-c90e-41ca-b9ea-ce81b634bf47@group-F33C9DCD5E17: change Leader from 317ffd0e-e5a0-4c89-8494-4597d9362257 to null at term 5 for ELECTION
2021-12-05 13:30:04,073 [226e3f7e-c90e-41ca-b9ea-ce81b634bf47@group-F33C9DCD5E17-LeaderElection12] INFO  impl.LeaderElection (LeaderElection.java:askForVotes(306)) - 226e3f7e-c90e-41ca-b9ea-ce81b634bf47@group-F33C9DCD5E17-LeaderElection12 ELECTION round 0: submit vote requests at term 6 for 0: [226e3f7e-c90e-41ca-b9ea-ce81b634bf47|rpc:10.1.0.33:45611|dataStream:|priority:0, d32b1998-5c06-471a-8411-6d31efc02201|rpc:10.1.0.33:40487|dataStream:|priority:0, 317ffd0e-e5a0-4c89-8494-4597d9362257|rpc:10.1.0.33:45235|dataStream:|priority:1], old=null
2021-12-05 13:30:04,077 [226e3f7e-c90e-41ca-b9ea-ce81b634bf47@group-F33C9DCD5E17-LeaderElection12] INFO  impl.LeaderElection (LogUtils.java:infoOrTrace(137)) - 226e3f7e-c90e-41ca-b9ea-ce81b634bf47@group-F33C9DCD5E17-LeaderElection12 got exception when requesting votes: java.util.concurrent.ExecutionException: org.apache.ratis.thirdparty.io.grpc.StatusRuntimeException: UNAVAILABLE: io exception
2021-12-05 13:30:04,083 [226e3f7e-c90e-41ca-b9ea-ce81b634bf47@group-F33C9DCD5E17-LeaderElection12] INFO  impl.LeaderElection (LogUtils.java:infoOrTrace(137)) - 226e3f7e-c90e-41ca-b9ea-ce81b634bf47@group-F33C9DCD5E17-LeaderElection12 got exception when requesting votes: java.util.concurrent.ExecutionException: org.apache.ratis.thirdparty.io.grpc.StatusRuntimeException: UNAVAILABLE: io exception
2021-12-05 13:30:04,083 [226e3f7e-c90e-41ca-b9ea-ce81b634bf47@group-F33C9DCD5E17-LeaderElection12] INFO  impl.LeaderElection (LeaderElection.java:logAndReturn(89)) - 226e3f7e-c90e-41ca-b9ea-ce81b634bf47@group-F33C9DCD5E17-LeaderElection12: ELECTION REJECTED received 0 response(s) and 2 exception(s):
2021-12-05 13:30:04,083 [226e3f7e-c90e-41ca-b9ea-ce81b634bf47@group-F33C9DCD5E17-LeaderElection12] INFO  impl.LeaderElection (LogUtils.java:infoOrTrace(137)) -   Exception 0: java.util.concurrent.ExecutionException: org.apache.ratis.thirdparty.io.grpc.StatusRuntimeException: UNAVAILABLE: io exception
2021-12-05 13:30:04,083 [226e3f7e-c90e-41ca-b9ea-ce81b634bf47@group-F33C9DCD5E17-LeaderElection12] INFO  impl.LeaderElection (LogUtils.java:infoOrTrace(137)) -   Exception 1: java.util.concurrent.ExecutionException: org.apache.ratis.thirdparty.io.grpc.StatusRuntimeException: UNAVAILABLE: io exception
2021-12-05 13:30:04,083 [226e3f7e-c90e-41ca-b9ea-ce81b634bf47@group-F33C9DCD5E17-LeaderElection12] INFO  impl.LeaderElection (LeaderElection.java:askForVotes(308)) - 226e3f7e-c90e-41ca-b9ea-ce81b634bf47@group-F33C9DCD5E17-LeaderElection12 ELECTION round 0: result REJECTED
2021-12-05 13:30:04,085 [226e3f7e-c90e-41ca-b9ea-ce81b634bf47@group-F33C9DCD5E17-LeaderElection12] INFO  server.RaftServer$Division (RaftServerImpl.java:setRole(290)) - 226e3f7e-c90e-41ca-b9ea-ce81b634bf47@group-F33C9DCD5E17: changes role from CANDIDATE to FOLLOWER at term 6 for REJECTED
2021-12-05 13:30:04,085 [226e3f7e-c90e-41ca-b9ea-ce81b634bf47@group-F33C9DCD5E17-LeaderElection12] INFO  impl.RoleInfo (RoleInfo.java:shutdownLeaderElection(121)) - 226e3f7e-c90e-41ca-b9ea-ce81b634bf47: shutdown 226e3f7e-c90e-41ca-b9ea-ce81b634bf47@group-F33C9DCD5E17-LeaderElection12
2021-12-05 13:30:04,085 [226e3f7e-c90e-41ca-b9ea-ce81b634bf47@group-F33C9DCD5E17-LeaderElection12] INFO  impl.RoleInfo (RoleInfo.java:updateAndGet(130)) - 226e3f7e-c90e-41ca-b9ea-ce81b634bf47: start 226e3f7e-c90e-41ca-b9ea-ce81b634bf47@group-F33C9DCD5E17-FollowerState
2021-12-05 13:30:04,304 [ForkJoinPool.commonPool-worker-0] INFO  statemachine.DatanodeStateMachine (DatanodeStateMachine.java:stopDaemon(526)) - Ozone container server stopped.
2021-12-05 13:30:04,307 [ForkJoinPool.commonPool-worker-0] INFO  handler.ContextHandler (ContextHandler.java:doStop(1153)) - Stopped o.e.j.w.WebAppContext@4dd32cf5{hddsDatanode,/,null,STOPPED}{jar:file:/home/runner/.m2/repository/org/apache/ozone/hdds-container-service/1.3.0-SNAPSHOT/hdds-container-service-1.3.0-SNAPSHOT.jar!/webapps/hddsDatanode}
2021-12-05 13:30:04,308 [ForkJoinPool.commonPool-worker-0] INFO  server.AbstractConnector (AbstractConnector.java:doStop(381)) - Stopped ServerConnector@7892d7a7{HTTP/1.1, (http/1.1)}{0.0.0.0:0}
2021-12-05 13:30:04,308 [ForkJoinPool.commonPool-worker-0] INFO  server.session (HouseKeeper.java:stopScavenging(149)) - node0 Stopped scavenging
2021-12-05 13:30:04,309 [ForkJoinPool.commonPool-worker-0] INFO  handler.ContextHandler (ContextHandler.java:doStop(1153)) - Stopped o.e.j.s.ServletContextHandler@398e1a48{static,/static,jar:file:/home/runner/.m2/repository/org/apache/ozone/hdds-container-service/1.3.0-SNAPSHOT/hdds-container-service-1.3.0-SNAPSHOT.jar!/webapps/static,STOPPED}
2021-12-05 13:30:04,309 [ForkJoinPool.commonPool-worker-0] INFO  handler.ContextHandler (ContextHandler.java:doStop(1153)) - Stopped o.e.j.s.ServletContextHandler@677f1963{logs,/logs,file:///home/runner/work/ozone/ozone/hadoop-ozone/integration-test/target/log,STOPPED}
2021-12-05 13:30:04,315 [Listener at 127.0.0.1/33911] INFO  statemachine.DatanodeStateMachine (DatanodeStateMachine.java:stopDaemon(526)) - Ozone container server stopped.
2021-12-05 13:30:04,316 [Listener at 127.0.0.1/33911] INFO  handler.ContextHandler (ContextHandler.java:doStop(1153)) - Stopped o.e.j.w.WebAppContext@717616da{hddsDatanode,/,null,STOPPED}{jar:file:/home/runner/.m2/repository/org/apache/ozone/hdds-container-service/1.3.0-SNAPSHOT/hdds-container-service-1.3.0-SNAPSHOT.jar!/webapps/hddsDatanode}
2021-12-05 13:30:04,317 [Listener at 127.0.0.1/33911] INFO  server.AbstractConnector (AbstractConnector.java:doStop(381)) - Stopped ServerConnector@4276bd6{HTTP/1.1, (http/1.1)}{0.0.0.0:0}
2021-12-05 13:30:04,317 [Listener at 127.0.0.1/33911] INFO  server.session (HouseKeeper.java:stopScavenging(149)) - node0 Stopped scavenging
2021-12-05 13:30:04,318 [Listener at 127.0.0.1/33911] INFO  handler.ContextHandler (ContextHandler.java:doStop(1153)) - Stopped o.e.j.s.ServletContextHandler@41991619{static,/static,jar:file:/home/runner/.m2/repository/org/apache/ozone/hdds-container-service/1.3.0-SNAPSHOT/hdds-container-service-1.3.0-SNAPSHOT.jar!/webapps/static,STOPPED}
2021-12-05 13:30:04,318 [Listener at 127.0.0.1/33911] INFO  handler.ContextHandler (ContextHandler.java:doStop(1153)) - Stopped o.e.j.s.ServletContextHandler@1c6912db{logs,/logs,file:///home/runner/work/ozone/ozone/hadoop-ozone/integration-test/target/log,STOPPED}
2021-12-05 13:30:05,342 [226e3f7e-c90e-41ca-b9ea-ce81b634bf47@group-AA1B01DF6A9E-FollowerState] INFO  impl.FollowerState (FollowerState.java:lostMajorityHeartbeatsRecently(107)) - 226e3f7e-c90e-41ca-b9ea-ce81b634bf47@group-AA1B01DF6A9E-FollowerState: Skipping leader election since it stepped down recently (elapsed = 5027ms < waitTime = 10s)
2021-12-05 13:30:09,157 [226e3f7e-c90e-41ca-b9ea-ce81b634bf47@group-F33C9DCD5E17-FollowerState] INFO  impl.FollowerState (FollowerState.java:run(134)) - 226e3f7e-c90e-41ca-b9ea-ce81b634bf47@group-F33C9DCD5E17-FollowerState: change to CANDIDATE, lastRpcElapsedTime:5071944080ns, electionTimeout:5067ms
2021-12-05 13:30:09,158 [226e3f7e-c90e-41ca-b9ea-ce81b634bf47@group-F33C9DCD5E17-FollowerState] INFO  impl.RoleInfo (RoleInfo.java:shutdownFollowerState(108)) - 226e3f7e-c90e-41ca-b9ea-ce81b634bf47: shutdown 226e3f7e-c90e-41ca-b9ea-ce81b634bf47@group-F33C9DCD5E17-FollowerState
2021-12-05 13:30:09,158 [226e3f7e-c90e-41ca-b9ea-ce81b634bf47@group-F33C9DCD5E17-FollowerState] INFO  server.RaftServer$Division (RaftServerImpl.java:setRole(290)) - 226e3f7e-c90e-41ca-b9ea-ce81b634bf47@group-F33C9DCD5E17: changes role from  FOLLOWER to CANDIDATE at term 6 for changeToCandidate
2021-12-05 13:30:09,158 [226e3f7e-c90e-41ca-b9ea-ce81b634bf47@group-F33C9DCD5E17-FollowerState] INFO  server.RaftServerConfigKeys (ConfUtils.java:logGet(44)) - raft.server.leaderelection.pre-vote = false (custom)
2021-12-05 13:30:09,158 [226e3f7e-c90e-41ca-b9ea-ce81b634bf47@group-F33C9DCD5E17-FollowerState] INFO  impl.RoleInfo (RoleInfo.java:updateAndGet(130)) - 226e3f7e-c90e-41ca-b9ea-ce81b634bf47: start 226e3f7e-c90e-41ca-b9ea-ce81b634bf47@group-F33C9DCD5E17-LeaderElection13
2021-12-05 13:30:09,169 [226e3f7e-c90e-41ca-b9ea-ce81b634bf47@group-F33C9DCD5E17-LeaderElection13] INFO  impl.LeaderElection (LeaderElection.java:askForVotes(306)) - 226e3f7e-c90e-41ca-b9ea-ce81b634bf47@group-F33C9DCD5E17-LeaderElection13 ELECTION round 0: submit vote requests at term 7 for 0: [226e3f7e-c90e-41ca-b9ea-ce81b634bf47|rpc:10.1.0.33:45611|dataStream:|priority:0, d32b1998-5c06-471a-8411-6d31efc02201|rpc:10.1.0.33:40487|dataStream:|priority:0, 317ffd0e-e5a0-4c89-8494-4597d9362257|rpc:10.1.0.33:45235|dataStream:|priority:1], old=null
2021-12-05 13:30:09,184 [226e3f7e-c90e-41ca-b9ea-ce81b634bf47@group-F33C9DCD5E17-LeaderElection13] INFO  impl.LeaderElection (LogUtils.java:infoOrTrace(137)) - 226e3f7e-c90e-41ca-b9ea-ce81b634bf47@group-F33C9DCD5E17-LeaderElection13 got exception when requesting votes: java.util.concurrent.ExecutionException: org.apache.ratis.thirdparty.io.grpc.StatusRuntimeException: UNAVAILABLE: io exception
2021-12-05 13:30:09,185 [226e3f7e-c90e-41ca-b9ea-ce81b634bf47@group-F33C9DCD5E17-LeaderElection13] INFO  impl.LeaderElection (LogUtils.java:infoOrTrace(137)) - 226e3f7e-c90e-41ca-b9ea-ce81b634bf47@group-F33C9DCD5E17-LeaderElection13 got exception when requesting votes: java.util.concurrent.ExecutionException: org.apache.ratis.thirdparty.io.grpc.StatusRuntimeException: UNAVAILABLE: io exception
2021-12-05 13:30:09,185 [226e3f7e-c90e-41ca-b9ea-ce81b634bf47@group-F33C9DCD5E17-LeaderElection13] INFO  impl.LeaderElection (LeaderElection.java:logAndReturn(89)) - 226e3f7e-c90e-41ca-b9ea-ce81b634bf47@group-F33C9DCD5E17-LeaderElection13: ELECTION REJECTED received 0 response(s) and 2 exception(s):
2021-12-05 13:30:09,185 [226e3f7e-c90e-41ca-b9ea-ce81b634bf47@group-F33C9DCD5E17-LeaderElection13] INFO  impl.LeaderElection (LogUtils.java:infoOrTrace(137)) -   Exception 0: java.util.concurrent.ExecutionException: org.apache.ratis.thirdparty.io.grpc.StatusRuntimeException: UNAVAILABLE: io exception
2021-12-05 13:30:09,185 [226e3f7e-c90e-41ca-b9ea-ce81b634bf47@group-F33C9DCD5E17-LeaderElection13] INFO  impl.LeaderElection (LogUtils.java:infoOrTrace(137)) -   Exception 1: java.util.concurrent.ExecutionException: org.apache.ratis.thirdparty.io.grpc.StatusRuntimeException: UNAVAILABLE: io exception
2021-12-05 13:30:09,185 [226e3f7e-c90e-41ca-b9ea-ce81b634bf47@group-F33C9DCD5E17-LeaderElection13] INFO  impl.LeaderElection (LeaderElection.java:askForVotes(308)) - 226e3f7e-c90e-41ca-b9ea-ce81b634bf47@group-F33C9DCD5E17-LeaderElection13 ELECTION round 0: result REJECTED
2021-12-05 13:30:09,186 [226e3f7e-c90e-41ca-b9ea-ce81b634bf47@group-F33C9DCD5E17-LeaderElection13] INFO  server.RaftServer$Division (RaftServerImpl.java:setRole(290)) - 226e3f7e-c90e-41ca-b9ea-ce81b634bf47@group-F33C9DCD5E17: changes role from CANDIDATE to FOLLOWER at term 7 for REJECTED
2021-12-05 13:30:09,186 [226e3f7e-c90e-41ca-b9ea-ce81b634bf47@group-F33C9DCD5E17-LeaderElection13] INFO  impl.RoleInfo (RoleInfo.java:shutdownLeaderElection(121)) - 226e3f7e-c90e-41ca-b9ea-ce81b634bf47: shutdown 226e3f7e-c90e-41ca-b9ea-ce81b634bf47@group-F33C9DCD5E17-LeaderElection13
2021-12-05 13:30:09,186 [226e3f7e-c90e-41ca-b9ea-ce81b634bf47@group-F33C9DCD5E17-LeaderElection13] INFO  impl.RoleInfo (RoleInfo.java:updateAndGet(130)) - 226e3f7e-c90e-41ca-b9ea-ce81b634bf47: start 226e3f7e-c90e-41ca-b9ea-ce81b634bf47@group-F33C9DCD5E17-FollowerState
2021-12-05 13:30:09,311 [ForkJoinPool.commonPool-worker-0] INFO  ozoneimpl.OzoneContainer (OzoneContainer.java:stop(325)) - Attempting to stop container services.
2021-12-05 13:30:09,313 [ForkJoinPool.commonPool-worker-0] INFO  server.RaftServer (RaftServerProxy.java:lambda$close$6(391)) - 226e3f7e-c90e-41ca-b9ea-ce81b634bf47: close
2021-12-05 13:30:09,313 [ForkJoinPool.commonPool-worker-0] INFO  server.RaftServer$Division (RaftServerImpl.java:lambda$close$4(412)) - 226e3f7e-c90e-41ca-b9ea-ce81b634bf47@group-0E7B8D3BF1EB: shutdown
2021-12-05 13:30:09,313 [ForkJoinPool.commonPool-worker-0] INFO  util.JmxRegister (JmxRegister.java:unregister(73)) - Successfully un-registered JMX Bean with object name Ratis:service=RaftServer,group=group-0E7B8D3BF1EB,id=226e3f7e-c90e-41ca-b9ea-ce81b634bf47
2021-12-05 13:30:09,313 [ForkJoinPool.commonPool-worker-0] INFO  impl.RoleInfo (RoleInfo.java:shutdownLeaderState(91)) - 226e3f7e-c90e-41ca-b9ea-ce81b634bf47: shutdown 226e3f7e-c90e-41ca-b9ea-ce81b634bf47@group-0E7B8D3BF1EB-LeaderStateImpl
2021-12-05 13:30:09,313 [ForkJoinPool.commonPool-worker-0] INFO  impl.PendingRequests (PendingRequests.java:sendNotLeaderResponses(282)) - 226e3f7e-c90e-41ca-b9ea-ce81b634bf47@group-0E7B8D3BF1EB-PendingRequests: sendNotLeaderResponses
2021-12-05 13:30:09,314 [ForkJoinPool.commonPool-worker-0] INFO  impl.StateMachineUpdater (StateMachineUpdater.java:stopAndJoin(149)) - 226e3f7e-c90e-41ca-b9ea-ce81b634bf47@group-0E7B8D3BF1EB-StateMachineUpdater: set stopIndex = 0
2021-12-05 13:30:09,314 [226e3f7e-c90e-41ca-b9ea-ce81b634bf47@group-0E7B8D3BF1EB-StateMachineUpdater] INFO  ratis.ContainerStateMachine (ContainerStateMachine.java:takeSnapshot(292)) - group-0E7B8D3BF1EB: Taking a snapshot at:(t:1, i:0) file /home/runner/work/ozone/ozone/hadoop-ozone/integration-test/target/test-dir/MiniOzoneClusterImpl-140c1620-03cf-4b31-b930-f9c122eb90fc/datanode-2/data/ratis/2f27ce18-20ea-4519-81a7-0e7b8d3bf1eb/sm/snapshot.1_0
2021-12-05 13:30:09,316 [226e3f7e-c90e-41ca-b9ea-ce81b634bf47@group-0E7B8D3BF1EB-StateMachineUpdater] INFO  ratis.ContainerStateMachine (ContainerStateMachine.java:takeSnapshot(303)) - group-0E7B8D3BF1EB: Finished taking a snapshot at:(t:1, i:0) file:/home/runner/work/ozone/ozone/hadoop-ozone/integration-test/target/test-dir/MiniOzoneClusterImpl-140c1620-03cf-4b31-b930-f9c122eb90fc/datanode-2/data/ratis/2f27ce18-20ea-4519-81a7-0e7b8d3bf1eb/sm/snapshot.1_0 took: 2 ms
2021-12-05 13:30:09,316 [226e3f7e-c90e-41ca-b9ea-ce81b634bf47@group-0E7B8D3BF1EB-StateMachineUpdater] INFO  impl.StateMachineUpdater (StateMachineUpdater.java:takeSnapshot(281)) - 226e3f7e-c90e-41ca-b9ea-ce81b634bf47@group-0E7B8D3BF1EB-StateMachineUpdater: Took a snapshot at index 0
2021-12-05 13:30:09,316 [226e3f7e-c90e-41ca-b9ea-ce81b634bf47@group-0E7B8D3BF1EB-StateMachineUpdater] INFO  impl.StateMachineUpdater (StateMachineUpdater.java:lambda$new$0(89)) - 226e3f7e-c90e-41ca-b9ea-ce81b634bf47@group-0E7B8D3BF1EB-StateMachineUpdater: snapshotIndex: updateIncreasingly -1 -> 0
2021-12-05 13:30:09,316 [ForkJoinPool.commonPool-worker-0] INFO  server.RaftServer$Division (ServerState.java:close(419)) - 226e3f7e-c90e-41ca-b9ea-ce81b634bf47@group-0E7B8D3BF1EB: closes. applyIndex: 0
2021-12-05 13:30:09,317 [226e3f7e-c90e-41ca-b9ea-ce81b634bf47@group-0E7B8D3BF1EB-SegmentedRaftLogWorker] INFO  segmented.SegmentedRaftLogWorker (SegmentedRaftLogWorker.java:run(327)) - 226e3f7e-c90e-41ca-b9ea-ce81b634bf47@group-0E7B8D3BF1EB-SegmentedRaftLogWorker was interrupted, exiting. There are 0 tasks remaining in the queue.
2021-12-05 13:30:09,317 [ForkJoinPool.commonPool-worker-0] INFO  segmented.SegmentedRaftLogWorker (SegmentedRaftLogWorker.java:close(237)) - 226e3f7e-c90e-41ca-b9ea-ce81b634bf47@group-0E7B8D3BF1EB-SegmentedRaftLogWorker close()
2021-12-05 13:30:09,317 [ForkJoinPool.commonPool-worker-0] INFO  server.RaftServer$Division (RaftServerImpl.java:lambda$close$4(412)) - 226e3f7e-c90e-41ca-b9ea-ce81b634bf47@group-AA1B01DF6A9E: shutdown
2021-12-05 13:30:09,318 [ForkJoinPool.commonPool-worker-0] INFO  util.JmxRegister (JmxRegister.java:unregister(73)) - Successfully un-registered JMX Bean with object name Ratis:service=RaftServer,group=group-AA1B01DF6A9E,id=226e3f7e-c90e-41ca-b9ea-ce81b634bf47
2021-12-05 13:30:09,318 [ForkJoinPool.commonPool-worker-0] INFO  impl.RoleInfo (RoleInfo.java:shutdownFollowerState(108)) - 226e3f7e-c90e-41ca-b9ea-ce81b634bf47: shutdown 226e3f7e-c90e-41ca-b9ea-ce81b634bf47@group-AA1B01DF6A9E-FollowerState
2021-12-05 13:30:09,318 [ForkJoinPool.commonPool-worker-0] INFO  impl.StateMachineUpdater (StateMachineUpdater.java:stopAndJoin(149)) - 226e3f7e-c90e-41ca-b9ea-ce81b634bf47@group-AA1B01DF6A9E-StateMachineUpdater: set stopIndex = 28
2021-12-05 13:30:09,318 [226e3f7e-c90e-41ca-b9ea-ce81b634bf47@group-AA1B01DF6A9E-StateMachineUpdater] INFO  ratis.ContainerStateMachine (ContainerStateMachine.java:takeSnapshot(292)) - group-AA1B01DF6A9E: Taking a snapshot at:(t:2, i:28) file /home/runner/work/ozone/ozone/hadoop-ozone/integration-test/target/test-dir/MiniOzoneClusterImpl-140c1620-03cf-4b31-b930-f9c122eb90fc/datanode-2/data/ratis/358034da-7a80-4c26-ac51-aa1b01df6a9e/sm/snapshot.2_28
2021-12-05 13:30:09,318 [226e3f7e-c90e-41ca-b9ea-ce81b634bf47@group-AA1B01DF6A9E-FollowerState] INFO  impl.FollowerState (FollowerState.java:run(143)) - 226e3f7e-c90e-41ca-b9ea-ce81b634bf47@group-AA1B01DF6A9E-FollowerState was interrupted: {}
java.lang.InterruptedException: sleep interrupted
	at java.lang.Thread.sleep(Native Method)
	at java.lang.Thread.sleep(Thread.java:340)
	at java.util.concurrent.TimeUnit.sleep(TimeUnit.java:386)
	at org.apache.ratis.util.TimeDuration.sleep(TimeDuration.java:324)
	at org.apache.ratis.util.TimeDuration.sleep(TimeDuration.java:309)
	at org.apache.ratis.server.impl.FollowerState.run(FollowerState.java:118)
2021-12-05 13:30:09,320 [226e3f7e-c90e-41ca-b9ea-ce81b634bf47@group-AA1B01DF6A9E-StateMachineUpdater] INFO  ratis.ContainerStateMachine (ContainerStateMachine.java:takeSnapshot(303)) - group-AA1B01DF6A9E: Finished taking a snapshot at:(t:2, i:28) file:/home/runner/work/ozone/ozone/hadoop-ozone/integration-test/target/test-dir/MiniOzoneClusterImpl-140c1620-03cf-4b31-b930-f9c122eb90fc/datanode-2/data/ratis/358034da-7a80-4c26-ac51-aa1b01df6a9e/sm/snapshot.2_28 took: 2 ms
2021-12-05 13:30:09,320 [226e3f7e-c90e-41ca-b9ea-ce81b634bf47@group-AA1B01DF6A9E-StateMachineUpdater] INFO  impl.StateMachineUpdater (StateMachineUpdater.java:takeSnapshot(281)) - 226e3f7e-c90e-41ca-b9ea-ce81b634bf47@group-AA1B01DF6A9E-StateMachineUpdater: Took a snapshot at index 28
2021-12-05 13:30:09,320 [226e3f7e-c90e-41ca-b9ea-ce81b634bf47@group-AA1B01DF6A9E-StateMachineUpdater] INFO  impl.StateMachineUpdater (StateMachineUpdater.java:lambda$new$0(89)) - 226e3f7e-c90e-41ca-b9ea-ce81b634bf47@group-AA1B01DF6A9E-StateMachineUpdater: snapshotIndex: updateIncreasingly -1 -> 28
2021-12-05 13:30:09,321 [ForkJoinPool.commonPool-worker-0] INFO  server.RaftServer$Division (ServerState.java:close(419)) - 226e3f7e-c90e-41ca-b9ea-ce81b634bf47@group-AA1B01DF6A9E: closes. applyIndex: 28
2021-12-05 13:30:09,321 [226e3f7e-c90e-41ca-b9ea-ce81b634bf47@group-AA1B01DF6A9E-SegmentedRaftLogWorker] INFO  segmented.SegmentedRaftLogWorker (SegmentedRaftLogWorker.java:run(327)) - 226e3f7e-c90e-41ca-b9ea-ce81b634bf47@group-AA1B01DF6A9E-SegmentedRaftLogWorker was interrupted, exiting. There are 0 tasks remaining in the queue.
2021-12-05 13:30:09,321 [ForkJoinPool.commonPool-worker-0] INFO  segmented.SegmentedRaftLogWorker (SegmentedRaftLogWorker.java:close(237)) - 226e3f7e-c90e-41ca-b9ea-ce81b634bf47@group-AA1B01DF6A9E-SegmentedRaftLogWorker close()
2021-12-05 13:30:09,322 [ForkJoinPool.commonPool-worker-0] INFO  server.RaftServer$Division (RaftServerImpl.java:lambda$close$4(412)) - 226e3f7e-c90e-41ca-b9ea-ce81b634bf47@group-F33C9DCD5E17: shutdown
2021-12-05 13:30:09,322 [ForkJoinPool.commonPool-worker-0] INFO  util.JmxRegister (JmxRegister.java:unregister(73)) - Successfully un-registered JMX Bean with object name Ratis:service=RaftServer,group=group-F33C9DCD5E17,id=226e3f7e-c90e-41ca-b9ea-ce81b634bf47
2021-12-05 13:30:09,322 [ForkJoinPool.commonPool-worker-0] INFO  impl.RoleInfo (RoleInfo.java:shutdownFollowerState(108)) - 226e3f7e-c90e-41ca-b9ea-ce81b634bf47: shutdown 226e3f7e-c90e-41ca-b9ea-ce81b634bf47@group-F33C9DCD5E17-FollowerState
2021-12-05 13:30:09,323 [ForkJoinPool.commonPool-worker-0] INFO  impl.StateMachineUpdater (StateMachineUpdater.java:stopAndJoin(149)) - 226e3f7e-c90e-41ca-b9ea-ce81b634bf47@group-F33C9DCD5E17-StateMachineUpdater: set stopIndex = 0
2021-12-05 13:30:09,323 [226e3f7e-c90e-41ca-b9ea-ce81b634bf47@group-F33C9DCD5E17-FollowerState] INFO  impl.FollowerState (FollowerState.java:run(143)) - 226e3f7e-c90e-41ca-b9ea-ce81b634bf47@group-F33C9DCD5E17-FollowerState was interrupted: {}
java.lang.InterruptedException: sleep interrupted
	at java.lang.Thread.sleep(Native Method)
	at java.lang.Thread.sleep(Thread.java:340)
	at java.util.concurrent.TimeUnit.sleep(TimeUnit.java:386)
	at org.apache.ratis.util.TimeDuration.sleep(TimeDuration.java:324)
	at org.apache.ratis.util.TimeDuration.sleep(TimeDuration.java:309)
	at org.apache.ratis.server.impl.FollowerState.run(FollowerState.java:118)
2021-12-05 13:30:09,323 [226e3f7e-c90e-41ca-b9ea-ce81b634bf47@group-F33C9DCD5E17-StateMachineUpdater] INFO  ratis.ContainerStateMachine (ContainerStateMachine.java:takeSnapshot(292)) - group-F33C9DCD5E17: Taking a snapshot at:(t:5, i:0) file /home/runner/work/ozone/ozone/hadoop-ozone/integration-test/target/test-dir/MiniOzoneClusterImpl-140c1620-03cf-4b31-b930-f9c122eb90fc/datanode-2/data/ratis/7de04e96-47e4-44d4-b33c-f33c9dcd5e17/sm/snapshot.5_0
2021-12-05 13:30:09,327 [226e3f7e-c90e-41ca-b9ea-ce81b634bf47@group-F33C9DCD5E17-StateMachineUpdater] INFO  ratis.ContainerStateMachine (ContainerStateMachine.java:takeSnapshot(303)) - group-F33C9DCD5E17: Finished taking a snapshot at:(t:5, i:0) file:/home/runner/work/ozone/ozone/hadoop-ozone/integration-test/target/test-dir/MiniOzoneClusterImpl-140c1620-03cf-4b31-b930-f9c122eb90fc/datanode-2/data/ratis/7de04e96-47e4-44d4-b33c-f33c9dcd5e17/sm/snapshot.5_0 took: 4 ms
2021-12-05 13:30:09,327 [226e3f7e-c90e-41ca-b9ea-ce81b634bf47@group-F33C9DCD5E17-StateMachineUpdater] INFO  impl.StateMachineUpdater (StateMachineUpdater.java:takeSnapshot(281)) - 226e3f7e-c90e-41ca-b9ea-ce81b634bf47@group-F33C9DCD5E17-StateMachineUpdater: Took a snapshot at index 0
2021-12-05 13:30:09,327 [226e3f7e-c90e-41ca-b9ea-ce81b634bf47@group-F33C9DCD5E17-StateMachineUpdater] INFO  impl.StateMachineUpdater (StateMachineUpdater.java:lambda$new$0(89)) - 226e3f7e-c90e-41ca-b9ea-ce81b634bf47@group-F33C9DCD5E17-StateMachineUpdater: snapshotIndex: updateIncreasingly -1 -> 0
2021-12-05 13:30:09,327 [ForkJoinPool.commonPool-worker-0] INFO  server.RaftServer$Division (ServerState.java:close(419)) - 226e3f7e-c90e-41ca-b9ea-ce81b634bf47@group-F33C9DCD5E17: closes. applyIndex: 0
2021-12-05 13:30:09,327 [226e3f7e-c90e-41ca-b9ea-ce81b634bf47@group-F33C9DCD5E17-SegmentedRaftLogWorker] INFO  segmented.SegmentedRaftLogWorker (SegmentedRaftLogWorker.java:run(327)) - 226e3f7e-c90e-41ca-b9ea-ce81b634bf47@group-F33C9DCD5E17-SegmentedRaftLogWorker was interrupted, exiting. There are 0 tasks remaining in the queue.
2021-12-05 13:30:09,330 [ForkJoinPool.commonPool-worker-0] INFO  segmented.SegmentedRaftLogWorker (SegmentedRaftLogWorker.java:close(237)) - 226e3f7e-c90e-41ca-b9ea-ce81b634bf47@group-F33C9DCD5E17-SegmentedRaftLogWorker close()
2021-12-05 13:30:09,330 [ForkJoinPool.commonPool-worker-0] INFO  server.GrpcService (GrpcService.java:closeImpl(262)) - 226e3f7e-c90e-41ca-b9ea-ce81b634bf47: shutdown server with port 45611 now
2021-12-05 13:30:09,333 [ForkJoinPool.commonPool-worker-0] INFO  server.GrpcService (GrpcService.java:closeImpl(271)) - 226e3f7e-c90e-41ca-b9ea-ce81b634bf47: shutdown server with port 45611 successfully
2021-12-05 13:30:09,334 [grpc-default-executor-1] WARN  client.GrpcClientProtocolService (LogUtils.java:warn(122)) - 1-UnorderedRequestStreamObserver1: onError: org.apache.ratis.thirdparty.io.grpc.StatusRuntimeException: CANCELLED: client cancelled
2021-12-05 13:30:09,334 [org.apache.ratis.util.JvmPauseMonitor$$Lambda$525/1513368495@30ee041c] INFO  util.JvmPauseMonitor (JvmPauseMonitor.java:run(109)) - JvmPauseMonitor-226e3f7e-c90e-41ca-b9ea-ce81b634bf47: Stopped
2021-12-05 13:30:16,355 [ForkJoinPool.commonPool-worker-0] INFO  utils.BackgroundService (BackgroundService.java:shutdown(132)) - Shutting down service BlockDeletingService
2021-12-05 13:30:19,359 [ForkJoinPool.commonPool-worker-0] INFO  statemachine.DatanodeStateMachine (DatanodeStateMachine.java:stopDaemon(526)) - Ozone container server stopped.
2021-12-05 13:30:19,361 [ForkJoinPool.commonPool-worker-0] INFO  handler.ContextHandler (ContextHandler.java:doStop(1153)) - Stopped o.e.j.w.WebAppContext@4ddb882{hddsDatanode,/,null,STOPPED}{jar:file:/home/runner/.m2/repository/org/apache/ozone/hdds-container-service/1.3.0-SNAPSHOT/hdds-container-service-1.3.0-SNAPSHOT.jar!/webapps/hddsDatanode}
2021-12-05 13:30:19,362 [ForkJoinPool.commonPool-worker-0] INFO  server.AbstractConnector (AbstractConnector.java:doStop(381)) - Stopped ServerConnector@6eac0029{HTTP/1.1, (http/1.1)}{0.0.0.0:0}
2021-12-05 13:30:19,363 [ForkJoinPool.commonPool-worker-0] INFO  server.session (HouseKeeper.java:stopScavenging(149)) - node0 Stopped scavenging
2021-12-05 13:30:19,363 [ForkJoinPool.commonPool-worker-0] INFO  handler.ContextHandler (ContextHandler.java:doStop(1153)) - Stopped o.e.j.s.ServletContextHandler@79527eb9{static,/static,jar:file:/home/runner/.m2/repository/org/apache/ozone/hdds-container-service/1.3.0-SNAPSHOT/hdds-container-service-1.3.0-SNAPSHOT.jar!/webapps/static,STOPPED}
2021-12-05 13:30:19,364 [ForkJoinPool.commonPool-worker-0] INFO  handler.ContextHandler (ContextHandler.java:doStop(1153)) - Stopped o.e.j.s.ServletContextHandler@7023e935{logs,/logs,file:///home/runner/work/ozone/ozone/hadoop-ozone/integration-test/target/log,STOPPED}
2021-12-05 13:30:19,366 [Listener at 127.0.0.1/33911] INFO  ozone.MiniOzoneClusterImpl (MiniOzoneClusterImpl.java:stopSCM(542)) - Stopping the StorageContainerManager
2021-12-05 13:30:19,366 [Listener at 127.0.0.1/33911] INFO  server.StorageContainerManager (StorageContainerManager.java:stop(1395)) - Stopping Container Balancer service.
2021-12-05 13:30:19,366 [Listener at 127.0.0.1/33911] INFO  balancer.ContainerBalancer (ContainerBalancer.java:stop(734)) - Container Balancer is not running.
2021-12-05 13:30:19,366 [Listener at 127.0.0.1/33911] INFO  server.StorageContainerManager (StorageContainerManager.java:stop(1402)) - Stopping Replication Manager Service.
2021-12-05 13:30:19,366 [Listener at 127.0.0.1/33911] INFO  container.ReplicationManager (ReplicationManager.java:stop(350)) - Stopping Replication Monitor Thread.
2021-12-05 13:30:19,366 [Listener at 127.0.0.1/33911] INFO  server.StorageContainerManager (StorageContainerManager.java:stop(1409)) - Stopping the Datanode Admin Monitor.
2021-12-05 13:30:19,367 [Listener at 127.0.0.1/33911] INFO  server.StorageContainerManager (StorageContainerManager.java:stop(1416)) - Stopping Lease Manager of the command watchers
2021-12-05 13:30:19,367 [Listener at 127.0.0.1/33911] INFO  server.StorageContainerManager (StorageContainerManager.java:stop(1423)) - Stopping datanode service RPC server
2021-12-05 13:30:19,367 [Listener at 127.0.0.1/33911] INFO  server.SCMDatanodeProtocolServer (SCMDatanodeProtocolServer.java:stop(389)) - Stopping the RPC server for DataNodes
2021-12-05 13:30:19,367 [Listener at 127.0.0.1/33911] INFO  ipc.Server (Server.java:stop(3414)) - Stopping server on 40467
2021-12-05 13:30:19,370 [IPC Server Responder] INFO  ipc.Server (Server.java:run(1512)) - Stopping IPC Server Responder
2021-12-05 13:30:19,370 [IPC Server listener on 0] INFO  ipc.Server (Server.java:run(1376)) - Stopping IPC Server listener on 0
2021-12-05 13:30:19,371 [SCM Heartbeat Processing Thread - 0] WARN  node.NodeStateManager (NodeStateManager.java:scheduleNextHealthCheck(799)) - Current Thread is interrupted, shutting down HB processing thread for Node Manager.
2021-12-05 13:30:19,371 [Listener at 127.0.0.1/33911] INFO  server.StorageContainerManager (StorageContainerManager.java:stop(1431)) - Stopping block service RPC server
2021-12-05 13:30:19,371 [Listener at 127.0.0.1/33911] INFO  server.SCMBlockProtocolServer (SCMBlockProtocolServer.java:stop(160)) - Stopping the RPC server for Block Protocol
2021-12-05 13:30:19,371 [Listener at 127.0.0.1/33911] INFO  ipc.Server (Server.java:stop(3414)) - Stopping server on 46877
2021-12-05 13:30:19,373 [Listener at 127.0.0.1/33911] INFO  server.StorageContainerManager (StorageContainerManager.java:stop(1438)) - Stopping the StorageContainerLocationProtocol RPC server
2021-12-05 13:30:19,374 [IPC Server listener on 0] INFO  ipc.Server (Server.java:run(1376)) - Stopping IPC Server listener on 0
2021-12-05 13:30:19,374 [IPC Server Responder] INFO  ipc.Server (Server.java:run(1512)) - Stopping IPC Server Responder
2021-12-05 13:30:19,374 [Listener at 127.0.0.1/33911] INFO  server.SCMClientProtocolServer (SCMClientProtocolServer.java:stop(173)) - Stopping the RPC server for Client Protocol
2021-12-05 13:30:19,374 [Listener at 127.0.0.1/33911] INFO  ipc.Server (Server.java:stop(3414)) - Stopping server on 39513
2021-12-05 13:30:19,376 [IPC Server listener on 0] INFO  ipc.Server (Server.java:run(1376)) - Stopping IPC Server listener on 0
2021-12-05 13:30:19,377 [IPC Server Responder] INFO  ipc.Server (Server.java:run(1512)) - Stopping IPC Server Responder
2021-12-05 13:30:19,377 [Listener at 127.0.0.1/33911] INFO  server.StorageContainerManager (StorageContainerManager.java:stop(1445)) - Stopping Storage Container Manager HTTP server.
2021-12-05 13:30:19,379 [Listener at 127.0.0.1/33911] INFO  handler.ContextHandler (ContextHandler.java:doStop(1153)) - Stopped o.e.j.w.WebAppContext@375ff309{scm,/,null,STOPPED}{file:/home/runner/work/ozone/ozone/hadoop-ozone/integration-test/target/test-classes/webapps/scm}
2021-12-05 13:30:19,379 [Listener at 127.0.0.1/33911] INFO  server.AbstractConnector (AbstractConnector.java:doStop(381)) - Stopped ServerConnector@69a294d8{HTTP/1.1, (http/1.1)}{0.0.0.0:0}
2021-12-05 13:30:19,380 [Listener at 127.0.0.1/33911] INFO  server.session (HouseKeeper.java:stopScavenging(149)) - node0 Stopped scavenging
2021-12-05 13:30:19,380 [Listener at 127.0.0.1/33911] INFO  handler.ContextHandler (ContextHandler.java:doStop(1153)) - Stopped o.e.j.s.ServletContextHandler@5d04fbb7{static,/static,file:///home/runner/work/ozone/ozone/hadoop-ozone/integration-test/target/test-classes/webapps/static,STOPPED}
2021-12-05 13:30:19,382 [Listener at 127.0.0.1/33911] INFO  handler.ContextHandler (ContextHandler.java:doStop(1153)) - Stopped o.e.j.s.ServletContextHandler@7f5ecada{logs,/logs,file:///home/runner/work/ozone/ozone/hadoop-ozone/integration-test/target/log,STOPPED}
2021-12-05 13:30:19,386 [Listener at 127.0.0.1/33911] INFO  server.StorageContainerManager (StorageContainerManager.java:stop(1456)) - Stopping Block Manager Service.
2021-12-05 13:30:19,386 [Listener at 127.0.0.1/33911] INFO  utils.BackgroundService (BackgroundService.java:shutdown(132)) - Shutting down service SCMBlockDeletingService
2021-12-05 13:30:19,386 [Listener at 127.0.0.1/33911] INFO  utils.BackgroundService (BackgroundService.java:shutdown(132)) - Shutting down service SCMBlockDeletingService
2021-12-05 13:30:19,387 [Listener at 127.0.0.1/33911] INFO  server.StorageContainerManager (StorageContainerManager.java:stop(1483)) - Stopping SCM Event Queue.
2021-12-05 13:30:19,391 [Listener at 127.0.0.1/33911] INFO  server.StorageContainerManager (StorageContainerManager.java:stop(1494)) - Stopping SCM HA services.
2021-12-05 13:30:19,391 [Listener at 127.0.0.1/33911] INFO  pipeline.BackgroundPipelineCreator (BackgroundPipelineCreator.java:stop(158)) - Stopping RatisPipelineUtilsThread.
2021-12-05 13:30:19,398 [Listener at 127.0.0.1/33911] INFO  server.StorageContainerManager (StorageContainerManager.java:stop(1504)) - Stopping SCM MetadataStore.
2021-12-05 13:30:19,399 [Listener at 127.0.0.1/33911] INFO  impl.MetricsSystemImpl (MetricsSystemImpl.java:stop(210)) - Stopping XceiverClientMetrics metrics system...
2021-12-05 13:30:19,430 [prometheus] INFO  impl.MetricsSinkAdapter (MetricsSinkAdapter.java:publishMetricsFromQueue(141)) - prometheus thread interrupted.
2021-12-05 13:30:19,430 [Listener at 127.0.0.1/33911] INFO  impl.MetricsSystemImpl (MetricsSystemImpl.java:stop(216)) - XceiverClientMetrics metrics system stopped.
2021-12-05 13:30:19,625 [Listener at 127.0.0.1/33911] WARN  server.ServerUtils (ServerUtils.java:getScmDbDir(148)) - ozone.scm.db.dirs is not configured. We recommend adding this setting. Falling back to ozone.metadata.dirs instead.
2021-12-05 13:30:19,637 [Listener at 127.0.0.1/33911] INFO  ha.SCMHANodeDetails (SCMHANodeDetails.java:loadSCMHAConfig(157)) - ServiceID for StorageContainerManager is null
2021-12-05 13:30:19,637 [Listener at 127.0.0.1/33911] INFO  ha.SCMHANodeDetails (SCMHANodeDetails.java:loadSCMHAConfig(162)) - ozone.scm.default.service.id is not defined, falling back to ozone.scm.service.ids to find serviceID for StorageContainerManager if it is HA enabled cluster
2021-12-05 13:30:19,638 [Listener at 127.0.0.1/33911] WARN  server.ServerUtils (ServerUtils.java:getScmDbDir(148)) - ozone.scm.db.dirs is not configured. We recommend adding this setting. Falling back to ozone.metadata.dirs instead.
2021-12-05 13:30:19,638 [Listener at 127.0.0.1/33911] INFO  upgrade.AbstractLayoutVersionManager (AbstractLayoutVersionManager.java:init(79)) - Initializing Layout version manager with metadata layout = SCM_HA (version = 2), software layout = SCM_HA (version = 2)
2021-12-05 13:30:19,734 [Listener at 127.0.0.1/33911] INFO  reflections.Reflections (Reflections.java:scan(232)) - Reflections took 94 ms to scan 7 urls, producing 119 keys and 279 values 
2021-12-05 13:30:19,739 [Listener at 127.0.0.1/33911] WARN  utils.HAUtils (HAUtils.java:getMetaDir(342)) - ozone.scm.db.dirs is not configured. We recommend adding this setting. Falling back to ozone.metadata.dirs instead.
2021-12-05 13:30:19,740 [Listener at 127.0.0.1/33911] WARN  db.DBStoreBuilder (DBStoreBuilder.java:applyDBDefinition(145)) - ozone.scm.db.dirs is not configured. We recommend adding this setting. Falling back to ozone.metadata.dirs instead.
2021-12-05 13:30:19,905 [Listener at 127.0.0.1/33911] INFO  net.NodeSchemaLoader (NodeSchemaLoader.java:loadSchemaFromFile(129)) - Loading schema from [jar:file:/home/runner/.m2/repository/org/apache/ozone/hdds-common/1.3.0-SNAPSHOT/hdds-common-1.3.0-SNAPSHOT.jar!/network-topology-default.xml]
2021-12-05 13:30:19,905 [Listener at 127.0.0.1/33911] INFO  net.NodeSchemaLoader (NodeSchemaLoader.java:loadSchema(176)) - Loading network topology layer schema file
2021-12-05 13:30:19,908 [Listener at 127.0.0.1/33911] INFO  ha.SequenceIdGenerator (SequenceIdGenerator.java:upgradeToSequenceId(347)) - upgrade localId to 107544261427200000
2021-12-05 13:30:19,908 [Listener at 127.0.0.1/33911] INFO  ha.SequenceIdGenerator (SequenceIdGenerator.java:upgradeToSequenceId(357)) - upgrade delTxnId to 0
2021-12-05 13:30:19,909 [Listener at 127.0.0.1/33911] INFO  ha.SequenceIdGenerator (SequenceIdGenerator.java:upgradeToSequenceId(371)) - upgrade containerId to 0
2021-12-05 13:30:19,909 [Listener at 127.0.0.1/33911] INFO  ha.SequenceIdGenerator (SequenceIdGenerator.java:<init>(218)) - Init the HA SequenceIdGenerator.
2021-12-05 13:30:19,909 [Listener at 127.0.0.1/33911] WARN  server.ServerUtils (ServerUtils.java:sanitizeUserArgs(73)) - ozone.scm.stale.node.interval value = 300000 is larger than max = 100000 based on the key value of ozone.scm.heartbeat.thread.interval, reset to the max value 100000.
2021-12-05 13:30:19,909 [Listener at 127.0.0.1/33911] WARN  server.ServerUtils (ServerUtils.java:sanitizeUserArgs(73)) - ozone.scm.stale.node.interval value = 300000 is larger than max = 100000 based on the key value of ozone.scm.heartbeat.thread.interval, reset to the max value 100000.
2021-12-05 13:30:19,918 [Listener at 127.0.0.1/33911] INFO  node.SCMNodeManager (SCMNodeManager.java:<init>(144)) - Entering startup safe mode.
2021-12-05 13:30:19,918 [Listener at 127.0.0.1/33911] INFO  algorithms.ContainerPlacementPolicyFactory (ContainerPlacementPolicyFactory.java:getPolicy(60)) - Create container placement policy of type org.apache.hadoop.hdds.scm.container.placement.algorithms.SCMContainerPlacementRandom
2021-12-05 13:30:19,919 [Listener at 127.0.0.1/33911] INFO  pipeline.PipelineStateManagerImpl (PipelineStateManagerImpl.java:initialize(78)) - No pipeline exists in current db
2021-12-05 13:30:19,919 [Listener at 127.0.0.1/33911] INFO  algorithms.LeaderChoosePolicyFactory (LeaderChoosePolicyFactory.java:getPolicy(57)) - Create leader choose policy of type org.apache.hadoop.hdds.scm.pipeline.leader.choose.algorithms.MinLeaderCountChoosePolicy
2021-12-05 13:30:19,920 [Listener at 127.0.0.1/33911] INFO  ha.SCMServiceManager (SCMServiceManager.java:register(43)) - Registering service BackgroundPipelineCreator.
2021-12-05 13:30:19,920 [Listener at 127.0.0.1/33911] INFO  pipeline.BackgroundPipelineCreator (BackgroundPipelineCreator.java:start(130)) - Starting RatisPipelineUtilsThread.
2021-12-05 13:30:19,920 [Listener at 127.0.0.1/33911] INFO  algorithms.PipelineChoosePolicyFactory (PipelineChoosePolicyFactory.java:createPipelineChoosePolicyFromClass(73)) - Create pipeline choose policy of type org.apache.hadoop.hdds.scm.pipeline.choose.algorithms.RandomPipelineChoosePolicy
2021-12-05 13:30:19,921 [Listener at 127.0.0.1/33911] INFO  ha.SCMServiceManager (SCMServiceManager.java:register(43)) - Registering service SCMBlockDeletingService.
2021-12-05 13:30:19,921 [Listener at 127.0.0.1/33911] INFO  ha.SCMServiceManager (SCMServiceManager.java:register(43)) - Registering service ReplicationManager.
2021-12-05 13:30:19,921 [Listener at 127.0.0.1/33911] INFO  container.ReplicationManager (ReplicationManager.java:start(319)) - Starting Replication Monitor Thread.
2021-12-05 13:30:19,933 [Listener at 127.0.0.1/33911] INFO  safemode.ContainerSafeModeRule (ContainerSafeModeRule.java:<init>(89)) - containers with one replica threshold count 0
2021-12-05 13:30:19,934 [Listener at 127.0.0.1/33911] INFO  safemode.HealthyPipelineSafeModeRule (HealthyPipelineSafeModeRule.java:initializeRule(156)) - Total pipeline count is 0, healthy pipeline threshold count is 1
2021-12-05 13:30:19,935 [ReplicationMonitor] INFO  container.ReplicationManager (ReplicationManager.java:processAll(371)) - Replication Monitor Thread took 0 milliseconds for processing 0 containers.
2021-12-05 13:30:19,941 [Listener at 127.0.0.1/33911] INFO  safemode.OneReplicaPipelineSafeModeRule (OneReplicaPipelineSafeModeRule.java:initializeRule(180)) - Total pipeline count is 0, pipeline's with at least one datanode reported threshold count is 0
2021-12-05 13:30:19,942 [Listener at 127.0.0.1/33911] INFO  ipc.CallQueueManager (CallQueueManager.java:<init>(90)) - Using callQueue: class java.util.concurrent.LinkedBlockingQueue, queueCapacity: 2000, scheduler: class org.apache.hadoop.ipc.DefaultRpcScheduler, ipcBackoff: false.
2021-12-05 13:30:19,942 [Socket Reader #1 for port 0] INFO  ipc.Server (Server.java:run(1265)) - Starting Socket Reader #1 for port 0
2021-12-05 13:30:19,943 [Listener at 0.0.0.0/39961] INFO  ipc.CallQueueManager (CallQueueManager.java:<init>(90)) - Using callQueue: class java.util.concurrent.LinkedBlockingQueue, queueCapacity: 2000, scheduler: class org.apache.hadoop.ipc.DefaultRpcScheduler, ipcBackoff: false.
2021-12-05 13:30:19,944 [Socket Reader #1 for port 0] INFO  ipc.Server (Server.java:run(1265)) - Starting Socket Reader #1 for port 0
2021-12-05 13:30:19,945 [Listener at 0.0.0.0/38115] INFO  ipc.CallQueueManager (CallQueueManager.java:<init>(90)) - Using callQueue: class java.util.concurrent.LinkedBlockingQueue, queueCapacity: 2000, scheduler: class org.apache.hadoop.ipc.DefaultRpcScheduler, ipcBackoff: false.
2021-12-05 13:30:19,946 [Socket Reader #1 for port 0] INFO  ipc.Server (Server.java:run(1265)) - Starting Socket Reader #1 for port 0
2021-12-05 13:30:20,008 [Listener at 0.0.0.0/45391] INFO  algorithms.ContainerPlacementPolicyFactory (ContainerPlacementPolicyFactory.java:getPolicy(60)) - Create container placement policy of type org.apache.hadoop.hdds.scm.container.placement.algorithms.SCMContainerPlacementRandom
2021-12-05 13:30:20,012 [Listener at 0.0.0.0/45391] INFO  server.StorageContainerManager (StorageContainerManager.java:<init>(388)) - 
Container Balancer status:
Key                            Value
Running                        false
Container Balancer Configuration values:
Key                                                Value
Threshold                                          0.1
Max Datanodes to Involve per Iteration(ratio)      0.2
Max Size to Move per Iteration                     30GB
Max Size Entering Target per Iteration             1GB
Max Size Leaving Source per Iteration              1GB

2021-12-05 13:30:20,012 [Listener at 0.0.0.0/45391] WARN  events.EventQueue (EventQueue.java:fireEvent(194)) - No event handler registered for event TypedEvent{payloadType=SafeModeStatus, name='Safe mode status'}
2021-12-05 13:30:20,012 [Listener at 0.0.0.0/45391] INFO  ha.SCMContext (SCMContext.java:updateSafeModeStatus(205)) - Update SafeModeStatus from SafeModeStatus{safeModeStatus=true, preCheckPassed=false} to SafeModeStatus{safeModeStatus=true, preCheckPassed=false}.
2021-12-05 13:30:20,013 [Listener at 0.0.0.0/45391] INFO  server.StorageContainerManager (StorageContainerManager.java:start(1303)) - StorageContainerLocationProtocol RPC server is listening at /0.0.0.0:45391
2021-12-05 13:30:20,014 [Listener at 0.0.0.0/45391] WARN  impl.MetricsConfig (MetricsConfig.java:loadFirst(136)) - Cannot locate configuration: tried hadoop-metrics2-storagecontainermanager.properties,hadoop-metrics2.properties
2021-12-05 13:30:20,020 [Listener at 0.0.0.0/45391] INFO  impl.MetricsSystemImpl (MetricsSystemImpl.java:startTimer(378)) - Scheduled Metric snapshot period at 10 second(s).
2021-12-05 13:30:20,020 [Listener at 0.0.0.0/45391] INFO  impl.MetricsSystemImpl (MetricsSystemImpl.java:start(191)) - StorageContainerManager metrics system started
2021-12-05 13:30:20,045 [Listener at 0.0.0.0/45391] INFO  impl.MetricsSinkAdapter (MetricsSinkAdapter.java:start(204)) - Sink prometheus started
2021-12-05 13:30:20,049 [Listener at 0.0.0.0/45391] INFO  impl.MetricsSystemImpl (MetricsSystemImpl.java:registerSink(305)) - Registered sink prometheus
2021-12-05 13:30:20,101 [Listener at 0.0.0.0/45391] INFO  server.SCMClientProtocolServer (SCMClientProtocolServer.java:start(164)) - RPC server for Client  is listening at /0.0.0.0:45391
2021-12-05 13:30:20,102 [IPC Server Responder] INFO  ipc.Server (Server.java:run(1507)) - IPC Server Responder: starting
2021-12-05 13:30:20,102 [IPC Server listener on 0] INFO  ipc.Server (Server.java:run(1344)) - IPC Server listener on 0: starting
2021-12-05 13:30:20,109 [Listener at 0.0.0.0/45391] INFO  server.StorageContainerManager (StorageContainerManager.java:start(1318)) - ScmBlockLocationProtocol RPC server is listening at /0.0.0.0:38115
2021-12-05 13:30:20,109 [Listener at 0.0.0.0/45391] INFO  server.SCMBlockProtocolServer (SCMBlockProtocolServer.java:start(151)) - RPC server for Block Protocol is listening at /0.0.0.0:38115
2021-12-05 13:30:20,110 [IPC Server Responder] INFO  ipc.Server (Server.java:run(1507)) - IPC Server Responder: starting
2021-12-05 13:30:20,110 [IPC Server listener on 0] INFO  ipc.Server (Server.java:run(1344)) - IPC Server listener on 0: starting
2021-12-05 13:30:20,119 [Listener at 0.0.0.0/45391] INFO  server.StorageContainerManager (StorageContainerManager.java:start(1324)) - ScmDatanodeProtocl RPC server is listening at /0.0.0.0:39961
2021-12-05 13:30:20,119 [Listener at 0.0.0.0/45391] INFO  server.SCMDatanodeProtocolServer (SCMDatanodeProtocolServer.java:start(181)) - RPC server for DataNodes is listening at /0.0.0.0:39961
2021-12-05 13:30:20,123 [IPC Server Responder] INFO  ipc.Server (Server.java:run(1507)) - IPC Server Responder: starting
2021-12-05 13:30:20,123 [IPC Server listener on 0] INFO  ipc.Server (Server.java:run(1344)) - IPC Server listener on 0: starting
2021-12-05 13:30:20,137 [Listener at 0.0.0.0/45391] INFO  http.BaseHttpServer (BaseHttpServer.java:newHttpServer2BuilderForOzone(209)) - Starting Web-server for scm at: http://0.0.0.0:0
2021-12-05 13:30:20,137 [Listener at 0.0.0.0/45391] INFO  http.BaseHttpServer (BaseHttpServer.java:<init>(107)) - Hadoop Security Enabled: false Ozone Security Enabled: false Ozone HTTP Security Enabled: false 
2021-12-05 13:30:20,139 [Listener at 0.0.0.0/45391] INFO  server.AuthenticationFilter (AuthenticationFilter.java:constructSecretProvider(240)) - Unable to initialize FileSignerSecretProvider, falling back to use random secrets.
2021-12-05 13:30:20,143 [org.apache.hadoop.util.JvmPauseMonitor$Monitor@740c2895] INFO  util.JvmPauseMonitor (JvmPauseMonitor.java:run(188)) - Starting JVM pause monitor
2021-12-05 13:30:20,143 [Listener at 0.0.0.0/45391] WARN  http.HttpRequestLog (HttpRequestLog.java:getRequestLog(103)) - Jetty request log can only be enabled using Log4j
2021-12-05 13:30:20,144 [Listener at 0.0.0.0/45391] INFO  http.HttpServer2 (HttpServer2.java:addGlobalFilter(1030)) - Added global filter 'safety' (class=org.apache.hadoop.hdds.server.http.HttpServer2$QuotingInputFilter)
2021-12-05 13:30:20,145 [Listener at 0.0.0.0/45391] INFO  http.HttpServer2 (HttpServer2.java:addFilter(1006)) - Added filter static_user_filter (class=org.apache.hadoop.http.lib.StaticUserWebFilter$StaticUserFilter) to context scm
2021-12-05 13:30:20,145 [Listener at 0.0.0.0/45391] INFO  http.HttpServer2 (HttpServer2.java:addFilter(1014)) - Added filter static_user_filter (class=org.apache.hadoop.http.lib.StaticUserWebFilter$StaticUserFilter) to context logs
2021-12-05 13:30:20,146 [Listener at 0.0.0.0/45391] INFO  http.HttpServer2 (HttpServer2.java:addFilter(1014)) - Added filter static_user_filter (class=org.apache.hadoop.http.lib.StaticUserWebFilter$StaticUserFilter) to context static
2021-12-05 13:30:20,148 [Listener at 0.0.0.0/45391] INFO  http.HttpServer2 (HttpServer2.java:bindListener(1249)) - Jetty bound to port 36625
2021-12-05 13:30:20,148 [Listener at 0.0.0.0/45391] INFO  server.Server (Server.java:doStart(375)) - jetty-9.4.43.v20210629; built: 2021-06-30T11:07:22.254Z; git: 526006ecfa3af7f1a27ef3a288e2bef7ea9dd7e8; jvm 1.8.0_292-b10
2021-12-05 13:30:20,171 [Listener at 0.0.0.0/45391] INFO  server.session (DefaultSessionIdManager.java:doStart(334)) - DefaultSessionIdManager workerName=node0
2021-12-05 13:30:20,171 [Listener at 0.0.0.0/45391] INFO  server.session (DefaultSessionIdManager.java:doStart(339)) - No SessionScavenger set, using defaults
2021-12-05 13:30:20,171 [Listener at 0.0.0.0/45391] INFO  server.session (HouseKeeper.java:startScavenging(132)) - node0 Scavenging every 600000ms
2021-12-05 13:30:20,174 [Listener at 0.0.0.0/45391] INFO  handler.ContextHandler (ContextHandler.java:doStart(915)) - Started o.e.j.s.ServletContextHandler@14568116{logs,/logs,file:///home/runner/work/ozone/ozone/hadoop-ozone/integration-test/target/log,AVAILABLE}
2021-12-05 13:30:20,175 [Listener at 0.0.0.0/45391] INFO  handler.ContextHandler (ContextHandler.java:doStart(915)) - Started o.e.j.s.ServletContextHandler@790a35fd{static,/static,file:///home/runner/work/ozone/ozone/hadoop-ozone/integration-test/target/test-classes/webapps/static,AVAILABLE}
2021-12-05 13:30:20,179 [Listener at 0.0.0.0/45391] INFO  handler.ContextHandler (ContextHandler.java:doStart(915)) - Started o.e.j.w.WebAppContext@485b39d6{scm,/,file:///home/runner/work/ozone/ozone/hadoop-ozone/integration-test/target/test-classes/webapps/scm/,AVAILABLE}{file:/home/runner/work/ozone/ozone/hadoop-ozone/integration-test/target/test-classes/webapps/scm}
2021-12-05 13:30:20,181 [Listener at 0.0.0.0/45391] INFO  server.AbstractConnector (AbstractConnector.java:doStart(331)) - Started ServerConnector@7b394771{HTTP/1.1, (http/1.1)}{0.0.0.0:36625}
2021-12-05 13:30:20,181 [Listener at 0.0.0.0/45391] INFO  server.Server (Server.java:doStart(415)) - Started @76217ms
2021-12-05 13:30:20,181 [Listener at 0.0.0.0/45391] WARN  impl.MetricsSystemImpl (MetricsSystemImpl.java:register(279)) - Sink prometheus already exists!
2021-12-05 13:30:20,182 [Listener at 0.0.0.0/45391] INFO  http.BaseHttpServer (BaseHttpServer.java:updateConnectorAddress(329)) - HTTP server of scm listening at http://0.0.0.0:36625
2021-12-05 13:30:20,182 [Listener at 0.0.0.0/45391] WARN  server.ServerUtils (ServerUtils.java:getDBPath(225)) - ozone.om.db.dirs is not configured. We recommend adding this setting. Falling back to ozone.metadata.dirs instead.
2021-12-05 13:30:20,184 [Listener at 0.0.0.0/45391] INFO  ha.OMHANodeDetails (OMHANodeDetails.java:loadOMHAConfig(112)) - ozone.om.internal.service.id is not defined, falling back to ozone.om.service.ids to find serviceID for OzoneManager if it is HA enabled cluster
2021-12-05 13:30:20,184 [Listener at 0.0.0.0/45391] INFO  ha.OMHANodeDetails (OMHANodeDetails.java:loadOMHAConfig(217)) - Configuration does not have ozone.om.address set. Falling back to the default OM address /127.0.0.1:0
2021-12-05 13:30:20,184 [Listener at 0.0.0.0/45391] INFO  ha.OMHANodeDetails (OMHANodeDetails.java:getOMNodeDetailsForNonHA(245)) - OM Service ID is not set. Setting it to the default ID: omServiceIdDefault
2021-12-05 13:30:20,185 [Listener at 0.0.0.0/45391] INFO  ha.OMHANodeDetails (OMHANodeDetails.java:getOMNodeDetailsForNonHA(252)) - OM Node ID is not set. Setting it to the default ID: om1
2021-12-05 13:30:20,185 [Listener at 0.0.0.0/45391] WARN  server.ServerUtils (ServerUtils.java:getDBPath(225)) - ozone.om.db.dirs is not configured. We recommend adding this setting. Falling back to ozone.metadata.dirs instead.
2021-12-05 13:30:20,194 [Listener at 0.0.0.0/45391] INFO  upgrade.AbstractLayoutVersionManager (AbstractLayoutVersionManager.java:init(79)) - Initializing Layout version manager with metadata layout = INITIAL_VERSION (version = 0), software layout = INITIAL_VERSION (version = 0)
2021-12-05 13:30:20,286 [Listener at 0.0.0.0/45391] INFO  reflections.Reflections (Reflections.java:scan(232)) - Reflections took 90 ms to scan 2 urls, producing 132 keys and 344 values [using 2 cores]
2021-12-05 13:30:20,287 [Listener at 0.0.0.0/45391] INFO  upgrade.OMLayoutVersionManager (OMLayoutVersionManager.java:lambda$0(115)) - Skipping Upgrade Action MockOmUpgradeAction since it has been finalized.
2021-12-05 13:30:20,287 [Listener at 0.0.0.0/45391] WARN  server.ServerUtils (ServerUtils.java:getDBPath(225)) - ozone.om.db.dirs is not configured. We recommend adding this setting. Falling back to ozone.metadata.dirs instead.
2021-12-05 13:30:20,351 [Listener at 0.0.0.0/45391] WARN  server.ServerUtils (ServerUtils.java:getDBPath(225)) - ozone.om.db.dirs is not configured. We recommend adding this setting. Falling back to ozone.metadata.dirs instead.
2021-12-05 13:30:20,352 [Listener at 0.0.0.0/45391] INFO  codec.OmKeyInfoCodec (OmKeyInfoCodec.java:<init>(50)) - OmKeyInfoCodec ignorePipeline = true
2021-12-05 13:30:20,352 [Listener at 0.0.0.0/45391] INFO  codec.RepeatedOmKeyInfoCodec (RepeatedOmKeyInfoCodec.java:<init>(42)) - RepeatedOmKeyInfoCodec ignorePipeline = true
2021-12-05 13:30:20,624 [Listener at 0.0.0.0/45391] INFO  om.OzoneManager (OzoneManager.java:addS3GVolumeToDB(3609)) - Created Volume s3v With Owner runner required for S3Gateway operations.
2021-12-05 13:30:20,625 [Listener at 0.0.0.0/45391] WARN  server.ServerUtils (ServerUtils.java:getDefaultRatisDirectory(237)) - Storage directory for Ratis is not configured. It is a good idea to map this to an SSD disk. Falling back to ozone.metadata.dirs
2021-12-05 13:30:20,626 [Listener at 0.0.0.0/45391] WARN  utils.OzoneManagerRatisUtils (OzoneManagerRatisUtils.java:getOMRatisSnapshotDirectory(323)) - ozone.om.ratis.snapshot.dir is not configured. Falling back to ozone.metadata.dirs config
2021-12-05 13:30:20,626 [Listener at 0.0.0.0/45391] WARN  server.ServerUtils (ServerUtils.java:getDefaultRatisDirectory(237)) - Storage directory for Ratis is not configured. It is a good idea to map this to an SSD disk. Falling back to ozone.metadata.dirs
2021-12-05 13:30:20,629 [Listener at 0.0.0.0/45391] INFO  ratis.OzoneManagerRatisServer (OzoneManagerRatisServer.java:<init>(159)) - Instantiating OM Ratis server with groupID: omServiceIdDefault and peers: localhost:9872
2021-12-05 13:30:20,629 [Listener at 0.0.0.0/45391] INFO  ratis.OzoneManagerStateMachine (OzoneManagerStateMachine.java:loadSnapshotInfoFromDB(605)) - LastAppliedIndex is set from TransactionInfo from OM DB as (t:0, i:~)
2021-12-05 13:30:20,629 [Listener at 0.0.0.0/45391] INFO  server.RaftServer (ConfUtils.java:logGet(44)) - raft.rpc.type = GRPC (default)
2021-12-05 13:30:20,630 [Listener at 0.0.0.0/45391] INFO  grpc.GrpcFactory (GrpcFactory.java:checkPooledByteBufAllocatorUseCacheForAllThreads(48)) - PERFORMANCE WARNING: useCacheForAllThreads is true that may cause Netty to create a lot garbage objects and, as a result, trigger GC.
	It is recommended to disable useCacheForAllThreads by setting -Dorg.apache.ratis.thirdparty.io.netty.allocator.useCacheForAllThreads=false in command line.
2021-12-05 13:30:20,630 [Listener at 0.0.0.0/45391] INFO  grpc.GrpcConfigKeys (ConfUtils.java:logGet(44)) - raft.grpc.admin.port = -1 (default)
2021-12-05 13:30:20,630 [Listener at 0.0.0.0/45391] INFO  grpc.GrpcConfigKeys (ConfUtils.java:logGet(44)) - raft.grpc.server.port = 9872 (custom)
2021-12-05 13:30:20,630 [Listener at 0.0.0.0/45391] INFO  grpc.GrpcConfigKeys (ConfUtils.java:logGet(44)) - raft.grpc.client.port = -1 (default)
2021-12-05 13:30:20,630 [Listener at 0.0.0.0/45391] INFO  grpc.GrpcConfigKeys (ConfUtils.java:logGet(44)) - raft.grpc.server.port = 9872 (custom)
2021-12-05 13:30:20,630 [Listener at 0.0.0.0/45391] INFO  grpc.GrpcConfigKeys (ConfUtils.java:logGet(44)) - raft.grpc.server.port = 9872 (custom)
2021-12-05 13:30:20,631 [Listener at 0.0.0.0/45391] INFO  server.GrpcService (ConfUtils.java:logGet(44)) - raft.grpc.message.size.max = 33554432 (custom)
2021-12-05 13:30:20,631 [Listener at 0.0.0.0/45391] INFO  server.RaftServerConfigKeys (ConfUtils.java:logGet(44)) - raft.server.log.appender.buffer.byte-limit = 33554432 (custom)
2021-12-05 13:30:20,631 [Listener at 0.0.0.0/45391] INFO  server.GrpcService (ConfUtils.java:logGet(44)) - raft.grpc.flow.control.window = 1MB (=1048576) (default)
2021-12-05 13:30:20,631 [Listener at 0.0.0.0/45391] INFO  server.RaftServerConfigKeys (ConfUtils.java:logGet(44)) - raft.server.rpc.request.timeout = 3000ms (default)
2021-12-05 13:30:20,632 [Listener at 0.0.0.0/45391] INFO  impl.DataStreamServerImpl (ConfUtils.java:logGet(44)) - raft.datastream.type = DISABLED (default)
2021-12-05 13:30:20,633 [Listener at 0.0.0.0/45391] INFO  server.RaftServerConfigKeys (ConfUtils.java:logGet(44)) - raft.server.rpc.slowness.timeout = 120s (custom)
2021-12-05 13:30:20,633 [Listener at 0.0.0.0/45391] INFO  server.RaftServerConfigKeys (ConfUtils.java:logGet(44)) - raft.server.leaderelection.leader.step-down.wait-time = 10s (default)
2021-12-05 13:30:20,633 [Listener at 0.0.0.0/45391] INFO  server.RaftServerConfigKeys (ConfUtils.java:logGet(44)) - raft.server.storage.dir = [/home/runner/work/ozone/ozone/hadoop-ozone/integration-test/target/test-dir/MiniOzoneClusterImpl-4b95c801-9289-4427-a3b2-78fba0992616/ozone-meta/ratis] (custom)
2021-12-05 13:30:20,642 [Listener at 0.0.0.0/45391] INFO  server.RaftServer (RaftServerProxy.java:addNew(95)) - om1: addNew group-C5BA1605619E:[om1|rpc:localhost:9872|priority:0] returns group-C5BA1605619E:java.util.concurrent.CompletableFuture@4d0aa772[Not completed]
2021-12-05 13:30:20,642 [Listener at 0.0.0.0/45391] INFO  om.OzoneManager (OzoneManager.java:initializeRatisServer(1771)) - OzoneManager Ratis server initialized at port 9872
2021-12-05 13:30:20,646 [pool-185-thread-1] INFO  server.RaftServer$Division (RaftServerImpl.java:<init>(184)) - om1: new RaftServerImpl for group-C5BA1605619E:[om1|rpc:localhost:9872|priority:0] with OzoneManagerStateMachine:uninitialized
2021-12-05 13:30:20,649 [Listener at 0.0.0.0/45391] INFO  ipc.CallQueueManager (CallQueueManager.java:<init>(90)) - Using callQueue: class java.util.concurrent.LinkedBlockingQueue, queueCapacity: 2000, scheduler: class org.apache.hadoop.ipc.DefaultRpcScheduler, ipcBackoff: false.
2021-12-05 13:30:20,650 [Socket Reader #1 for port 0] INFO  ipc.Server (Server.java:run(1265)) - Starting Socket Reader #1 for port 0
2021-12-05 13:30:20,666 [pool-185-thread-1] INFO  server.RaftServerConfigKeys (ConfUtils.java:logGet(44)) - raft.server.rpc.timeout.min = 1s (custom)
2021-12-05 13:30:20,666 [pool-185-thread-1] INFO  server.RaftServerConfigKeys (ConfUtils.java:logGet(44)) - raft.server.rpc.timeout.max = 1200ms (custom)
2021-12-05 13:30:20,666 [pool-185-thread-1] INFO  server.RaftServerConfigKeys (ConfUtils.java:logGet(44)) - raft.server.rpc.sleep.time = 25ms (default)
2021-12-05 13:30:20,666 [pool-185-thread-1] INFO  server.RaftServerConfigKeys (ConfUtils.java:logGet(44)) - raft.server.rpc.slowness.timeout = 120s (custom)
2021-12-05 13:30:20,666 [pool-185-thread-1] INFO  server.RaftServerConfigKeys (ConfUtils.java:logGet(44)) - raft.server.leaderelection.leader.step-down.wait-time = 10s (default)
2021-12-05 13:30:20,666 [pool-185-thread-1] INFO  server.RaftServerConfigKeys (ConfUtils.java:logGet(44)) - raft.server.sleep.deviation.threshold = 300ms (default)
2021-12-05 13:30:20,666 [pool-185-thread-1] INFO  server.RaftServerConfigKeys (ConfUtils.java:logGet(44)) - raft.server.log.appender.install.snapshot.enabled = false (custom)
2021-12-05 13:30:20,666 [pool-185-thread-1] INFO  server.RaftServer$Division (ServerState.java:<init>(105)) - om1@group-C5BA1605619E: ConfigurationManager, init=-1: [om1|rpc:localhost:9872|priority:0], old=null, confs=<EMPTY_MAP>
2021-12-05 13:30:20,666 [pool-185-thread-1] INFO  server.RaftServerConfigKeys (ConfUtils.java:logGet(44)) - raft.server.storage.dir = [/home/runner/work/ozone/ozone/hadoop-ozone/integration-test/target/test-dir/MiniOzoneClusterImpl-4b95c801-9289-4427-a3b2-78fba0992616/ozone-meta/ratis] (custom)
2021-12-05 13:30:20,667 [pool-185-thread-1] INFO  server.RaftServerConfigKeys (ConfUtils.java:logGet(44)) - raft.server.log.corruption.policy = EXCEPTION (default)
2021-12-05 13:30:20,667 [pool-185-thread-1] INFO  server.RaftServerConfigKeys (ConfUtils.java:logGet(44)) - raft.server.storage.free-space.min = 0MB (=0) (default)
2021-12-05 13:30:20,667 [pool-185-thread-1] INFO  storage.RaftStorageDirectory (RaftStorageDirectoryImpl.java:analyzeStorage(135)) - The storage directory /home/runner/work/ozone/ozone/hadoop-ozone/integration-test/target/test-dir/MiniOzoneClusterImpl-4b95c801-9289-4427-a3b2-78fba0992616/ozone-meta/ratis/bf265839-605b-3f16-9796-c5ba1605619e does not exist. Creating ...
2021-12-05 13:30:20,669 [pool-185-thread-1] INFO  storage.RaftStorageDirectory (RaftStorageDirectoryImpl.java:tryLock(230)) - Lock on /home/runner/work/ozone/ozone/hadoop-ozone/integration-test/target/test-dir/MiniOzoneClusterImpl-4b95c801-9289-4427-a3b2-78fba0992616/ozone-meta/ratis/bf265839-605b-3f16-9796-c5ba1605619e/in_use.lock acquired by nodename 9128@fv-az148-969
2021-12-05 13:30:20,670 [pool-185-thread-1] INFO  storage.RaftStorage (RaftStorageImpl.java:format(89)) - Storage directory /home/runner/work/ozone/ozone/hadoop-ozone/integration-test/target/test-dir/MiniOzoneClusterImpl-4b95c801-9289-4427-a3b2-78fba0992616/ozone-meta/ratis/bf265839-605b-3f16-9796-c5ba1605619e has been successfully formatted.
2021-12-05 13:30:20,670 [pool-185-thread-1] INFO  server.RaftServerConfigKeys (ConfUtils.java:logGet(44)) - raft.server.notification.no-leader.timeout = 120s (custom)
2021-12-05 13:30:20,670 [pool-185-thread-1] INFO  server.RaftServerConfigKeys (ConfUtils.java:logGet(44)) - raft.server.log.use.memory = false (default)
2021-12-05 13:30:20,670 [pool-185-thread-1] INFO  server.RaftServerConfigKeys (ConfUtils.java:logGet(44)) - raft.server.log.purge.gap = 1000000 (custom)
2021-12-05 13:30:20,670 [pool-185-thread-1] INFO  server.RaftServerConfigKeys (ConfUtils.java:logGet(44)) - raft.server.log.appender.buffer.byte-limit = 33554432 (custom)
2021-12-05 13:30:20,671 [pool-185-thread-1] INFO  server.RaftServerConfigKeys (ConfUtils.java:logGet(44)) - raft.server.log.segment.size.max = 4194304 (custom)
2021-12-05 13:30:20,671 [pool-185-thread-1] INFO  server.RaftServerConfigKeys (ConfUtils.java:logGet(44)) - raft.server.log.segment.cache.num.max = 2 (custom)
2021-12-05 13:30:20,671 [pool-185-thread-1] INFO  server.RaftServerConfigKeys (ConfUtils.java:logGet(44)) - raft.server.log.segment.cache.size.max = 200MB (=209715200) (default)
2021-12-05 13:30:20,671 [pool-185-thread-1] INFO  segmented.SegmentedRaftLogWorker (SegmentedRaftLogWorker.java:<init>(182)) - new om1@group-C5BA1605619E-SegmentedRaftLogWorker for RaftStorageImpl:Storage Directory /home/runner/work/ozone/ozone/hadoop-ozone/integration-test/target/test-dir/MiniOzoneClusterImpl-4b95c801-9289-4427-a3b2-78fba0992616/ozone-meta/ratis/bf265839-605b-3f16-9796-c5ba1605619e
2021-12-05 13:30:20,671 [pool-185-thread-1] INFO  server.RaftServerConfigKeys (ConfUtils.java:logGet(44)) - raft.server.log.queue.byte-limit = 64MB (=67108864) (default)
2021-12-05 13:30:20,671 [pool-185-thread-1] INFO  server.RaftServerConfigKeys (ConfUtils.java:logGet(44)) - raft.server.log.queue.element-limit = 4096 (default)
2021-12-05 13:30:20,671 [pool-185-thread-1] INFO  server.RaftServerConfigKeys (ConfUtils.java:logGet(44)) - raft.server.log.segment.size.max = 4194304 (custom)
2021-12-05 13:30:20,671 [pool-185-thread-1] INFO  server.RaftServerConfigKeys (ConfUtils.java:logGet(44)) - raft.server.log.preallocated.size = 4194304 (custom)
2021-12-05 13:30:20,671 [pool-185-thread-1] INFO  server.RaftServerConfigKeys (ConfUtils.java:logGet(44)) - raft.server.log.force.sync.num = 128 (default)
2021-12-05 13:30:20,672 [pool-185-thread-1] INFO  server.RaftServerConfigKeys (ConfUtils.java:logGet(44)) - raft.server.log.statemachine.data.sync = true (default)
2021-12-05 13:30:20,672 [pool-185-thread-1] INFO  server.RaftServerConfigKeys (ConfUtils.java:logGet(44)) - raft.server.log.statemachine.data.sync.timeout = 10s (default)
2021-12-05 13:30:20,672 [pool-185-thread-1] INFO  server.RaftServerConfigKeys (ConfUtils.java:logGet(44)) - raft.server.log.statemachine.data.sync.timeout.retry = -1 (default)
2021-12-05 13:30:20,673 [pool-185-thread-1] INFO  server.RaftServerConfigKeys (ConfUtils.java:logGet(44)) - raft.server.log.write.buffer.size = 64KB (=65536) (default)
2021-12-05 13:30:20,673 [pool-185-thread-1] INFO  server.RaftServerConfigKeys (ConfUtils.java:logGet(44)) - raft.server.log.statemachine.data.caching.enabled = false (default)
2021-12-05 13:30:20,673 [pool-185-thread-1] INFO  segmented.SegmentedRaftLogWorker (SegmentedRaftLogWorker.java:lambda$new$0(133)) - om1@group-C5BA1605619E-SegmentedRaftLogWorker: flushIndex: setUnconditionally 0 -> -1
2021-12-05 13:30:20,673 [pool-185-thread-1] INFO  segmented.SegmentedRaftLogWorker (SegmentedRaftLogWorker.java:lambda$new$0(133)) - om1@group-C5BA1605619E-SegmentedRaftLogWorker: safeCacheEvictIndex: setUnconditionally 0 -> -1
2021-12-05 13:30:20,688 [Listener at 127.0.0.1/36451] INFO  om.OzoneManager (OzoneManager.java:initFSOLayout(3786)) - Configured ozone.om.metadata.layout=SIMPLE and disabled optimized OM FS operations
2021-12-05 13:30:20,690 [pool-185-thread-1] INFO  server.RaftServerConfigKeys (ConfUtils.java:logGet(44)) - raft.server.snapshot.auto.trigger.enabled = true (custom)
2021-12-05 13:30:20,698 [pool-185-thread-1] INFO  server.RaftServerConfigKeys (ConfUtils.java:logGet(44)) - raft.server.snapshot.auto.trigger.threshold = 400000 (default)
2021-12-05 13:30:20,698 [pool-185-thread-1] INFO  server.RaftServerConfigKeys (ConfUtils.java:logGet(44)) - raft.server.snapshot.retention.file.num = -1 (default)
2021-12-05 13:30:20,698 [pool-185-thread-1] INFO  server.RaftServerConfigKeys (ConfUtils.java:logGet(44)) - raft.server.log.purge.upto.snapshot.index = true (custom)
2021-12-05 13:30:20,698 [pool-185-thread-1] INFO  server.RaftServerConfigKeys (ConfUtils.java:logGet(44)) - raft.server.retrycache.expirytime = 300s (custom)
2021-12-05 13:30:20,698 [pool-185-thread-1] INFO  server.RaftServerConfigKeys (ConfUtils.java:logGet(44)) - raft.server.retrycache.statistics.expirytime = 100μs (default)
2021-12-05 13:30:20,700 [Listener at 127.0.0.1/36451] INFO  impl.MetricsSystemImpl (MetricsSystemImpl.java:init(158)) - OzoneManager metrics system started (again)
2021-12-05 13:30:20,731 [Listener at 127.0.0.1/36451] INFO  om.OzoneManager (OzoneManager.java:start(1365)) - OzoneManager RPC server is listening at localhost/127.0.0.1:36451
2021-12-05 13:30:20,732 [Listener at 127.0.0.1/36451] INFO  ratis.OzoneManagerRatisServer (OzoneManagerRatisServer.java:start(516)) - Starting OzoneManagerRatisServer om1 at port 9872
2021-12-05 13:30:20,732 [Listener at 127.0.0.1/36451] INFO  server.RaftServer$Division (RaftServerImpl.java:start(301)) - om1@group-C5BA1605619E: start as a follower, conf=-1: [om1|rpc:localhost:9872|priority:0], old=null
2021-12-05 13:30:20,732 [Listener at 127.0.0.1/36451] INFO  server.RaftServer$Division (RaftServerImpl.java:setRole(290)) - om1@group-C5BA1605619E: changes role from      null to FOLLOWER at term 0 for startAsFollower
2021-12-05 13:30:20,732 [Listener at 127.0.0.1/36451] INFO  impl.RoleInfo (RoleInfo.java:updateAndGet(130)) - om1: start om1@group-C5BA1605619E-FollowerState
2021-12-05 13:30:20,738 [Listener at 127.0.0.1/36451] INFO  util.JmxRegister (JmxRegister.java:tryRegister(44)) - Successfully registered JMX Bean with object name Ratis:service=RaftServer,group=group-C5BA1605619E,id=om1
2021-12-05 13:30:20,742 [Listener at 127.0.0.1/36451] INFO  server.RaftServer (RaftServerProxy.java:lambda$start$5(374)) - om1: start RPC server
2021-12-05 13:30:20,758 [Listener at 127.0.0.1/36451] INFO  server.GrpcService (GrpcService.java:startImpl(253)) - om1: GrpcService started, listening on 9872
2021-12-05 13:30:20,762 [Listener at 127.0.0.1/36451] INFO  om.OzoneManager (OzoneManager.java:start(1381)) - Version File has different layout version (0) than OM DB (null). That is expected if this OM has never been finalized to a newer layout version.
2021-12-05 13:30:20,762 [org.apache.ratis.util.JvmPauseMonitor$$Lambda$525/1513368495@507099cc] INFO  util.JvmPauseMonitor (JvmPauseMonitor.java:run(103)) - JvmPauseMonitor-om1: Started
2021-12-05 13:30:20,774 [Listener at 127.0.0.1/36451] INFO  http.BaseHttpServer (BaseHttpServer.java:newHttpServer2BuilderForOzone(209)) - Starting Web-server for ozoneManager at: http://0.0.0.0:0
2021-12-05 13:30:20,775 [Listener at 127.0.0.1/36451] INFO  http.BaseHttpServer (BaseHttpServer.java:<init>(107)) - Hadoop Security Enabled: false Ozone Security Enabled: false Ozone HTTP Security Enabled: false 
2021-12-05 13:30:20,776 [Listener at 127.0.0.1/36451] INFO  server.AuthenticationFilter (AuthenticationFilter.java:constructSecretProvider(240)) - Unable to initialize FileSignerSecretProvider, falling back to use random secrets.
2021-12-05 13:30:20,782 [Listener at 127.0.0.1/36451] WARN  http.HttpRequestLog (HttpRequestLog.java:getRequestLog(103)) - Jetty request log can only be enabled using Log4j
2021-12-05 13:30:20,783 [Listener at 127.0.0.1/36451] INFO  http.HttpServer2 (HttpServer2.java:addGlobalFilter(1030)) - Added global filter 'safety' (class=org.apache.hadoop.hdds.server.http.HttpServer2$QuotingInputFilter)
2021-12-05 13:30:20,783 [Listener at 127.0.0.1/36451] INFO  http.HttpServer2 (HttpServer2.java:addFilter(1006)) - Added filter static_user_filter (class=org.apache.hadoop.http.lib.StaticUserWebFilter$StaticUserFilter) to context ozoneManager
2021-12-05 13:30:20,783 [Listener at 127.0.0.1/36451] INFO  http.HttpServer2 (HttpServer2.java:addFilter(1014)) - Added filter static_user_filter (class=org.apache.hadoop.http.lib.StaticUserWebFilter$StaticUserFilter) to context logs
2021-12-05 13:30:20,784 [Listener at 127.0.0.1/36451] INFO  http.HttpServer2 (HttpServer2.java:addFilter(1014)) - Added filter static_user_filter (class=org.apache.hadoop.http.lib.StaticUserWebFilter$StaticUserFilter) to context static
2021-12-05 13:30:20,784 [Listener at 127.0.0.1/36451] INFO  http.HttpServer2 (HttpServer2.java:bindListener(1249)) - Jetty bound to port 38187
2021-12-05 13:30:20,784 [Listener at 127.0.0.1/36451] INFO  server.Server (Server.java:doStart(375)) - jetty-9.4.43.v20210629; built: 2021-06-30T11:07:22.254Z; git: 526006ecfa3af7f1a27ef3a288e2bef7ea9dd7e8; jvm 1.8.0_292-b10
2021-12-05 13:30:20,791 [Listener at 127.0.0.1/36451] INFO  server.session (DefaultSessionIdManager.java:doStart(334)) - DefaultSessionIdManager workerName=node0
2021-12-05 13:30:20,792 [Listener at 127.0.0.1/36451] INFO  server.session (DefaultSessionIdManager.java:doStart(339)) - No SessionScavenger set, using defaults
2021-12-05 13:30:20,792 [Listener at 127.0.0.1/36451] INFO  server.session (HouseKeeper.java:startScavenging(132)) - node0 Scavenging every 660000ms
2021-12-05 13:30:20,814 [Listener at 127.0.0.1/36451] INFO  handler.ContextHandler (ContextHandler.java:doStart(915)) - Started o.e.j.s.ServletContextHandler@6b311ce5{logs,/logs,file:///home/runner/work/ozone/ozone/hadoop-ozone/integration-test/target/log,AVAILABLE}
2021-12-05 13:30:20,814 [Listener at 127.0.0.1/36451] INFO  handler.ContextHandler (ContextHandler.java:doStart(915)) - Started o.e.j.s.ServletContextHandler@1b1e42f0{static,/static,file:///home/runner/work/ozone/ozone/hadoop-ozone/integration-test/target/test-classes/webapps/static,AVAILABLE}
2021-12-05 13:30:20,817 [Listener at 127.0.0.1/36451] INFO  handler.ContextHandler (ContextHandler.java:doStart(915)) - Started o.e.j.w.WebAppContext@5daaaa60{ozoneManager,/,file:///home/runner/work/ozone/ozone/hadoop-ozone/integration-test/target/test-classes/webapps/ozoneManager/,AVAILABLE}{file:/home/runner/work/ozone/ozone/hadoop-ozone/integration-test/target/test-classes/webapps/ozoneManager}
2021-12-05 13:30:20,823 [Listener at 127.0.0.1/36451] INFO  server.AbstractConnector (AbstractConnector.java:doStart(331)) - Started ServerConnector@5353759e{HTTP/1.1, (http/1.1)}{0.0.0.0:38187}
2021-12-05 13:30:20,823 [Listener at 127.0.0.1/36451] INFO  server.Server (Server.java:doStart(415)) - Started @76858ms
2021-12-05 13:30:20,823 [Listener at 127.0.0.1/36451] WARN  impl.MetricsSystemImpl (MetricsSystemImpl.java:register(279)) - Sink prometheus already exists!
2021-12-05 13:30:20,824 [Listener at 127.0.0.1/36451] INFO  http.BaseHttpServer (BaseHttpServer.java:updateConnectorAddress(329)) - HTTP server of ozoneManager listening at http://0.0.0.0:38187
2021-12-05 13:30:20,827 [IPC Server Responder] INFO  ipc.Server (Server.java:run(1507)) - IPC Server Responder: starting
2021-12-05 13:30:20,827 [IPC Server listener on 0] INFO  ipc.Server (Server.java:run(1344)) - IPC Server listener on 0: starting
2021-12-05 13:30:20,842 [Listener at 127.0.0.1/36451] INFO  om.TrashPolicyOzone (TrashPolicyOzone.java:<init>(178)) - Ozone Manager trash configuration: Deletion interval = 0 minutes, Emptier interval = 0 minutes.
2021-12-05 13:30:20,853 [org.apache.hadoop.util.JvmPauseMonitor$Monitor@64fd2816] INFO  util.JvmPauseMonitor (JvmPauseMonitor.java:run(188)) - Starting JVM pause monitor
2021-12-05 13:30:20,877 [Listener at 127.0.0.1/36451] WARN  impl.MetricRegistriesImpl (MetricRegistriesImpl.java:addReporterRegistration(111)) - New reporters are added after registries were created. Some metrics will be missing from the reporter. Please add reporter before adding any new registry.
2021-12-05 13:30:20,884 [Listener at 127.0.0.1/36451] WARN  impl.MetricRegistriesImpl (MetricRegistriesImpl.java:addReporterRegistration(111)) - New reporters are added after registries were created. Some metrics will be missing from the reporter. Please add reporter before adding any new registry.
2021-12-05 13:30:20,885 [Listener at 127.0.0.1/36451] INFO  impl.MetricsSystemImpl (MetricsSystemImpl.java:init(158)) - HddsDatanode metrics system started (again)
2021-12-05 13:30:20,916 [Listener at 127.0.0.1/36451] INFO  ozone.HddsDatanodeService (HddsDatanodeService.java:start(234)) - HddsDatanodeService host:fv-az148-969.bm4ck3pvxvsene1rjriu5fhcdb.bx.internal.cloudapp.net ip:10.1.0.33
2021-12-05 13:30:20,952 [Listener at 127.0.0.1/36451] INFO  upgrade.AbstractLayoutVersionManager (AbstractLayoutVersionManager.java:init(79)) - Initializing Layout version manager with metadata layout = SCM_HA (version = 2), software layout = SCM_HA (version = 2)
2021-12-05 13:30:21,051 [Listener at 127.0.0.1/36451] INFO  reflections.Reflections (Reflections.java:scan(232)) - Reflections took 92 ms to scan 7 urls, producing 119 keys and 279 values 
2021-12-05 13:30:21,053 [Listener at 127.0.0.1/36451] INFO  statemachine.DatanodeStateMachine (DatanodeStateMachine.java:getEndPointTaskThreadPoolSize(219)) - Datanode State Machine Task Thread Pool size 2
2021-12-05 13:30:21,062 [Listener at 127.0.0.1/36451] INFO  volume.HddsVolume (HddsVolume.java:<init>(120)) - Creating HddsVolume: /home/runner/work/ozone/ozone/hadoop-ozone/integration-test/target/test-dir/MiniOzoneClusterImpl-4b95c801-9289-4427-a3b2-78fba0992616/datanode-0/data-0/containers/hdds of storage type : DISK capacity : 9223372036854775807
2021-12-05 13:30:21,063 [Listener at 127.0.0.1/36451] INFO  volume.MutableVolumeSet (MutableVolumeSet.java:initializeVolumeSet(168)) - Added Volume : /home/runner/work/ozone/ozone/hadoop-ozone/integration-test/target/test-dir/MiniOzoneClusterImpl-4b95c801-9289-4427-a3b2-78fba0992616/datanode-0/data-0/containers/hdds to VolumeSet
2021-12-05 13:30:21,063 [Listener at 127.0.0.1/36451] INFO  volume.ThrottledAsyncChecker (ThrottledAsyncChecker.java:schedule(141)) - Scheduling a check for /home/runner/work/ozone/ozone/hadoop-ozone/integration-test/target/test-dir/MiniOzoneClusterImpl-4b95c801-9289-4427-a3b2-78fba0992616/datanode-0/data-0/containers/hdds
2021-12-05 13:30:21,082 [Listener at 127.0.0.1/36451] INFO  volume.StorageVolumeChecker (StorageVolumeChecker.java:checkAllVolumes(202)) - Scheduled health check for volume /home/runner/work/ozone/ozone/hadoop-ozone/integration-test/target/test-dir/MiniOzoneClusterImpl-4b95c801-9289-4427-a3b2-78fba0992616/datanode-0/data-0/containers/hdds
2021-12-05 13:30:21,108 [Listener at 127.0.0.1/36451] INFO  volume.MutableVolumeSet (MutableVolumeSet.java:initializeVolumeSet(168)) - Added Volume : /home/runner/work/ozone/ozone/hadoop-ozone/integration-test/target/test-dir/MiniOzoneClusterImpl-4b95c801-9289-4427-a3b2-78fba0992616/datanode-0/data/ratis to VolumeSet
2021-12-05 13:30:21,108 [Listener at 127.0.0.1/36451] INFO  volume.ThrottledAsyncChecker (ThrottledAsyncChecker.java:schedule(141)) - Scheduling a check for /home/runner/work/ozone/ozone/hadoop-ozone/integration-test/target/test-dir/MiniOzoneClusterImpl-4b95c801-9289-4427-a3b2-78fba0992616/datanode-0/data/ratis
2021-12-05 13:30:21,108 [Listener at 127.0.0.1/36451] INFO  volume.StorageVolumeChecker (StorageVolumeChecker.java:checkAllVolumes(202)) - Scheduled health check for volume /home/runner/work/ozone/ozone/hadoop-ozone/integration-test/target/test-dir/MiniOzoneClusterImpl-4b95c801-9289-4427-a3b2-78fba0992616/datanode-0/data/ratis
2021-12-05 13:30:21,162 [Thread-530] INFO  ozoneimpl.ContainerReader (ContainerReader.java:readVolume(172)) - Finish verifying containers on volume /home/runner/work/ozone/ozone/hadoop-ozone/integration-test/target/test-dir/MiniOzoneClusterImpl-4b95c801-9289-4427-a3b2-78fba0992616/datanode-0/data-0/containers/hdds
2021-12-05 13:30:21,162 [Listener at 127.0.0.1/36451] INFO  ozoneimpl.OzoneContainer (OzoneContainer.java:buildContainerSet(236)) - Build ContainerSet costs 0s
2021-12-05 13:30:21,165 [Listener at 127.0.0.1/36451] INFO  server.RaftServer (ConfUtils.java:logGet(44)) - raft.rpc.type = GRPC (default)
2021-12-05 13:30:21,165 [Listener at 127.0.0.1/36451] INFO  grpc.GrpcFactory (GrpcFactory.java:checkPooledByteBufAllocatorUseCacheForAllThreads(48)) - PERFORMANCE WARNING: useCacheForAllThreads is true that may cause Netty to create a lot garbage objects and, as a result, trigger GC.
	It is recommended to disable useCacheForAllThreads by setting -Dorg.apache.ratis.thirdparty.io.netty.allocator.useCacheForAllThreads=false in command line.
2021-12-05 13:30:21,165 [Listener at 127.0.0.1/36451] INFO  grpc.GrpcConfigKeys (ConfUtils.java:logGet(44)) - raft.grpc.admin.port = 0 (custom)
2021-12-05 13:30:21,165 [Listener at 127.0.0.1/36451] INFO  grpc.GrpcConfigKeys (ConfUtils.java:logGet(44)) - raft.grpc.client.port = 0 (custom)
2021-12-05 13:30:21,166 [Listener at 127.0.0.1/36451] INFO  grpc.GrpcConfigKeys (ConfUtils.java:logGet(44)) - raft.grpc.server.port = 0 (default)
2021-12-05 13:30:21,166 [Listener at 127.0.0.1/36451] INFO  server.GrpcService (ConfUtils.java:logGet(44)) - raft.grpc.message.size.max = 32MB (=33554432) (custom)
2021-12-05 13:30:21,166 [Listener at 127.0.0.1/36451] INFO  server.RaftServerConfigKeys (ConfUtils.java:logGet(44)) - raft.server.log.appender.buffer.byte-limit = 33554432 (custom)
2021-12-05 13:30:21,166 [Listener at 127.0.0.1/36451] INFO  server.GrpcService (ConfUtils.java:logGet(44)) - raft.grpc.flow.control.window = 5MB (=5242880) (custom)
2021-12-05 13:30:21,166 [Listener at 127.0.0.1/36451] INFO  server.RaftServerConfigKeys (ConfUtils.java:logGet(44)) - raft.server.rpc.request.timeout = 60s (custom)
2021-12-05 13:30:21,167 [Listener at 127.0.0.1/36451] INFO  impl.DataStreamServerImpl (ConfUtils.java:logGet(44)) - raft.datastream.type = DISABLED (default)
2021-12-05 13:30:21,167 [Listener at 127.0.0.1/36451] INFO  server.RaftServerConfigKeys (ConfUtils.java:logGet(44)) - raft.server.rpc.slowness.timeout = 300s (custom)
2021-12-05 13:30:21,168 [Listener at 127.0.0.1/36451] INFO  server.RaftServerConfigKeys (ConfUtils.java:logGet(44)) - raft.server.leaderelection.leader.step-down.wait-time = 10s (default)
2021-12-05 13:30:21,168 [Listener at 127.0.0.1/36451] INFO  server.RaftServerConfigKeys (ConfUtils.java:logGet(44)) - raft.server.storage.dir = [/home/runner/work/ozone/ozone/hadoop-ozone/integration-test/target/test-dir/MiniOzoneClusterImpl-4b95c801-9289-4427-a3b2-78fba0992616/datanode-0/data/ratis] (custom)
2021-12-05 13:30:21,169 [Listener at 127.0.0.1/36451] INFO  server.XceiverServerGrpc (XceiverServerGrpc.java:<init>(132)) - GrpcServer channel type EpollServerSocketChannel
2021-12-05 13:30:21,183 [Listener at 127.0.0.1/36451] INFO  http.BaseHttpServer (BaseHttpServer.java:newHttpServer2BuilderForOzone(209)) - Starting Web-server for hddsDatanode at: http://0.0.0.0:0
2021-12-05 13:30:21,183 [Listener at 127.0.0.1/36451] INFO  http.BaseHttpServer (BaseHttpServer.java:<init>(107)) - Hadoop Security Enabled: false Ozone Security Enabled: false Ozone HTTP Security Enabled: false 
2021-12-05 13:30:21,184 [Listener at 127.0.0.1/36451] INFO  server.AuthenticationFilter (AuthenticationFilter.java:constructSecretProvider(240)) - Unable to initialize FileSignerSecretProvider, falling back to use random secrets.
2021-12-05 13:30:21,194 [Listener at 127.0.0.1/36451] WARN  http.HttpRequestLog (HttpRequestLog.java:getRequestLog(103)) - Jetty request log can only be enabled using Log4j
2021-12-05 13:30:21,195 [Listener at 127.0.0.1/36451] INFO  http.HttpServer2 (HttpServer2.java:addGlobalFilter(1030)) - Added global filter 'safety' (class=org.apache.hadoop.hdds.server.http.HttpServer2$QuotingInputFilter)
2021-12-05 13:30:21,196 [Listener at 127.0.0.1/36451] INFO  http.HttpServer2 (HttpServer2.java:addFilter(1006)) - Added filter static_user_filter (class=org.apache.hadoop.http.lib.StaticUserWebFilter$StaticUserFilter) to context hddsDatanode
2021-12-05 13:30:21,196 [Listener at 127.0.0.1/36451] INFO  http.HttpServer2 (HttpServer2.java:addFilter(1014)) - Added filter static_user_filter (class=org.apache.hadoop.http.lib.StaticUserWebFilter$StaticUserFilter) to context logs
2021-12-05 13:30:21,196 [Listener at 127.0.0.1/36451] INFO  http.HttpServer2 (HttpServer2.java:addFilter(1014)) - Added filter static_user_filter (class=org.apache.hadoop.http.lib.StaticUserWebFilter$StaticUserFilter) to context static
2021-12-05 13:30:21,196 [Listener at 127.0.0.1/36451] INFO  http.HttpServer2 (HttpServer2.java:bindListener(1249)) - Jetty bound to port 41213
2021-12-05 13:30:21,197 [Listener at 127.0.0.1/36451] INFO  server.Server (Server.java:doStart(375)) - jetty-9.4.43.v20210629; built: 2021-06-30T11:07:22.254Z; git: 526006ecfa3af7f1a27ef3a288e2bef7ea9dd7e8; jvm 1.8.0_292-b10
2021-12-05 13:30:21,272 [Listener at 127.0.0.1/36451] INFO  server.session (DefaultSessionIdManager.java:doStart(334)) - DefaultSessionIdManager workerName=node0
2021-12-05 13:30:21,272 [Listener at 127.0.0.1/36451] INFO  server.session (DefaultSessionIdManager.java:doStart(339)) - No SessionScavenger set, using defaults
2021-12-05 13:30:21,272 [Listener at 127.0.0.1/36451] INFO  server.session (HouseKeeper.java:startScavenging(132)) - node0 Scavenging every 660000ms
2021-12-05 13:30:21,282 [Listener at 127.0.0.1/36451] INFO  handler.ContextHandler (ContextHandler.java:doStart(915)) - Started o.e.j.s.ServletContextHandler@31edcf2f{logs,/logs,file:///home/runner/work/ozone/ozone/hadoop-ozone/integration-test/target/log,AVAILABLE}
2021-12-05 13:30:21,282 [Listener at 127.0.0.1/36451] INFO  handler.ContextHandler (ContextHandler.java:doStart(915)) - Started o.e.j.s.ServletContextHandler@32bd65d8{static,/static,jar:file:/home/runner/.m2/repository/org/apache/ozone/hdds-container-service/1.3.0-SNAPSHOT/hdds-container-service-1.3.0-SNAPSHOT.jar!/webapps/static,AVAILABLE}
2021-12-05 13:30:21,392 [Listener at 127.0.0.1/36451] INFO  handler.ContextHandler (ContextHandler.java:doStart(915)) - Started o.e.j.w.WebAppContext@1f5e4ec9{hddsDatanode,/,file:///tmp/jetty-0_0_0_0-41213-hdds-container-service-1_3_0-SNAPSHOT_jar-_-any-5518769781061932275/webapp/,AVAILABLE}{jar:file:/home/runner/.m2/repository/org/apache/ozone/hdds-container-service/1.3.0-SNAPSHOT/hdds-container-service-1.3.0-SNAPSHOT.jar!/webapps/hddsDatanode}
2021-12-05 13:30:21,394 [Listener at 127.0.0.1/36451] INFO  server.AbstractConnector (AbstractConnector.java:doStart(331)) - Started ServerConnector@485ca712{HTTP/1.1, (http/1.1)}{0.0.0.0:41213}
2021-12-05 13:30:21,394 [Listener at 127.0.0.1/36451] INFO  server.Server (Server.java:doStart(415)) - Started @77429ms
2021-12-05 13:30:21,394 [Listener at 127.0.0.1/36451] WARN  impl.MetricsSystemImpl (MetricsSystemImpl.java:register(279)) - Sink prometheus already exists!
2021-12-05 13:30:21,410 [Listener at 127.0.0.1/36451] INFO  http.BaseHttpServer (BaseHttpServer.java:updateConnectorAddress(329)) - HTTP server of hddsDatanode listening at http://0.0.0.0:41213
2021-12-05 13:30:21,422 [Datanode State Machine Daemon Thread] INFO  statemachine.DatanodeStateMachine (DatanodeStateMachine.java:lambda$startDaemon$0(467)) - Ozone container server started.
2021-12-05 13:30:21,422 [Listener at 127.0.0.1/36451] WARN  impl.MetricRegistriesImpl (MetricRegistriesImpl.java:addReporterRegistration(111)) - New reporters are added after registries were created. Some metrics will be missing from the reporter. Please add reporter before adding any new registry.
2021-12-05 13:30:21,436 [Listener at 127.0.0.1/36451] WARN  impl.MetricRegistriesImpl (MetricRegistriesImpl.java:addReporterRegistration(111)) - New reporters are added after registries were created. Some metrics will be missing from the reporter. Please add reporter before adding any new registry.
2021-12-05 13:30:21,436 [Listener at 127.0.0.1/36451] INFO  impl.MetricsSystemImpl (MetricsSystemImpl.java:init(158)) - HddsDatanode metrics system started (again)
2021-12-05 13:30:21,442 [org.apache.hadoop.util.JvmPauseMonitor$Monitor@77ec26b5] INFO  util.JvmPauseMonitor (JvmPauseMonitor.java:run(188)) - Starting JVM pause monitor
2021-12-05 13:30:21,468 [Listener at 127.0.0.1/36451] INFO  ozone.HddsDatanodeService (HddsDatanodeService.java:start(234)) - HddsDatanodeService host:fv-az148-969.bm4ck3pvxvsene1rjriu5fhcdb.bx.internal.cloudapp.net ip:10.1.0.33
2021-12-05 13:30:21,469 [Datanode State Machine Task Thread - 0] INFO  datanode.InitDatanodeState (InitDatanodeState.java:persistContainerDatanodeDetails(145)) - DatanodeDetails is persisted to /home/runner/work/ozone/ozone/hadoop-ozone/integration-test/target/test-dir/MiniOzoneClusterImpl-4b95c801-9289-4427-a3b2-78fba0992616/datanode-0/meta/datanode.id
2021-12-05 13:30:21,506 [Listener at 127.0.0.1/36451] INFO  upgrade.AbstractLayoutVersionManager (AbstractLayoutVersionManager.java:init(79)) - Initializing Layout version manager with metadata layout = SCM_HA (version = 2), software layout = SCM_HA (version = 2)
2021-12-05 13:30:21,622 [Listener at 127.0.0.1/36451] INFO  reflections.Reflections (Reflections.java:scan(232)) - Reflections took 113 ms to scan 7 urls, producing 119 keys and 279 values 
2021-12-05 13:30:21,627 [Listener at 127.0.0.1/36451] INFO  statemachine.DatanodeStateMachine (DatanodeStateMachine.java:getEndPointTaskThreadPoolSize(219)) - Datanode State Machine Task Thread Pool size 2
2021-12-05 13:30:21,642 [Listener at 127.0.0.1/36451] INFO  volume.HddsVolume (HddsVolume.java:<init>(120)) - Creating HddsVolume: /home/runner/work/ozone/ozone/hadoop-ozone/integration-test/target/test-dir/MiniOzoneClusterImpl-4b95c801-9289-4427-a3b2-78fba0992616/datanode-1/data-0/containers/hdds of storage type : DISK capacity : 9223372036854775807
2021-12-05 13:30:21,643 [Listener at 127.0.0.1/36451] INFO  volume.MutableVolumeSet (MutableVolumeSet.java:initializeVolumeSet(168)) - Added Volume : /home/runner/work/ozone/ozone/hadoop-ozone/integration-test/target/test-dir/MiniOzoneClusterImpl-4b95c801-9289-4427-a3b2-78fba0992616/datanode-1/data-0/containers/hdds to VolumeSet
2021-12-05 13:30:21,643 [Listener at 127.0.0.1/36451] INFO  volume.ThrottledAsyncChecker (ThrottledAsyncChecker.java:schedule(141)) - Scheduling a check for /home/runner/work/ozone/ozone/hadoop-ozone/integration-test/target/test-dir/MiniOzoneClusterImpl-4b95c801-9289-4427-a3b2-78fba0992616/datanode-1/data-0/containers/hdds
2021-12-05 13:30:21,654 [Listener at 127.0.0.1/36451] INFO  volume.StorageVolumeChecker (StorageVolumeChecker.java:checkAllVolumes(202)) - Scheduled health check for volume /home/runner/work/ozone/ozone/hadoop-ozone/integration-test/target/test-dir/MiniOzoneClusterImpl-4b95c801-9289-4427-a3b2-78fba0992616/datanode-1/data-0/containers/hdds
2021-12-05 13:30:21,678 [Listener at 127.0.0.1/36451] INFO  volume.MutableVolumeSet (MutableVolumeSet.java:initializeVolumeSet(168)) - Added Volume : /home/runner/work/ozone/ozone/hadoop-ozone/integration-test/target/test-dir/MiniOzoneClusterImpl-4b95c801-9289-4427-a3b2-78fba0992616/datanode-1/data/ratis to VolumeSet
2021-12-05 13:30:21,693 [Listener at 127.0.0.1/36451] INFO  volume.ThrottledAsyncChecker (ThrottledAsyncChecker.java:schedule(141)) - Scheduling a check for /home/runner/work/ozone/ozone/hadoop-ozone/integration-test/target/test-dir/MiniOzoneClusterImpl-4b95c801-9289-4427-a3b2-78fba0992616/datanode-1/data/ratis
2021-12-05 13:30:21,693 [Listener at 127.0.0.1/36451] INFO  volume.StorageVolumeChecker (StorageVolumeChecker.java:checkAllVolumes(202)) - Scheduled health check for volume /home/runner/work/ozone/ozone/hadoop-ozone/integration-test/target/test-dir/MiniOzoneClusterImpl-4b95c801-9289-4427-a3b2-78fba0992616/datanode-1/data/ratis
2021-12-05 13:30:21,731 [Thread-542] INFO  ozoneimpl.ContainerReader (ContainerReader.java:readVolume(172)) - Finish verifying containers on volume /home/runner/work/ozone/ozone/hadoop-ozone/integration-test/target/test-dir/MiniOzoneClusterImpl-4b95c801-9289-4427-a3b2-78fba0992616/datanode-1/data-0/containers/hdds
2021-12-05 13:30:21,731 [Listener at 127.0.0.1/36451] INFO  ozoneimpl.OzoneContainer (OzoneContainer.java:buildContainerSet(236)) - Build ContainerSet costs 0s
2021-12-05 13:30:21,738 [Listener at 127.0.0.1/36451] INFO  server.RaftServer (ConfUtils.java:logGet(44)) - raft.rpc.type = GRPC (default)
2021-12-05 13:30:21,739 [Listener at 127.0.0.1/36451] INFO  grpc.GrpcFactory (GrpcFactory.java:checkPooledByteBufAllocatorUseCacheForAllThreads(48)) - PERFORMANCE WARNING: useCacheForAllThreads is true that may cause Netty to create a lot garbage objects and, as a result, trigger GC.
	It is recommended to disable useCacheForAllThreads by setting -Dorg.apache.ratis.thirdparty.io.netty.allocator.useCacheForAllThreads=false in command line.
2021-12-05 13:30:21,740 [Listener at 127.0.0.1/36451] INFO  grpc.GrpcConfigKeys (ConfUtils.java:logGet(44)) - raft.grpc.admin.port = 0 (custom)
2021-12-05 13:30:21,746 [Listener at 127.0.0.1/36451] INFO  grpc.GrpcConfigKeys (ConfUtils.java:logGet(44)) - raft.grpc.client.port = 0 (custom)
2021-12-05 13:30:21,754 [Listener at 127.0.0.1/36451] INFO  grpc.GrpcConfigKeys (ConfUtils.java:logGet(44)) - raft.grpc.server.port = 0 (default)
2021-12-05 13:30:21,754 [Listener at 127.0.0.1/36451] INFO  server.GrpcService (ConfUtils.java:logGet(44)) - raft.grpc.message.size.max = 32MB (=33554432) (custom)
2021-12-05 13:30:21,754 [Listener at 127.0.0.1/36451] INFO  server.RaftServerConfigKeys (ConfUtils.java:logGet(44)) - raft.server.log.appender.buffer.byte-limit = 33554432 (custom)
2021-12-05 13:30:21,754 [Listener at 127.0.0.1/36451] INFO  server.GrpcService (ConfUtils.java:logGet(44)) - raft.grpc.flow.control.window = 5MB (=5242880) (custom)
2021-12-05 13:30:21,754 [Listener at 127.0.0.1/36451] INFO  server.RaftServerConfigKeys (ConfUtils.java:logGet(44)) - raft.server.rpc.request.timeout = 60s (custom)
2021-12-05 13:30:21,756 [Listener at 127.0.0.1/36451] INFO  impl.DataStreamServerImpl (ConfUtils.java:logGet(44)) - raft.datastream.type = DISABLED (default)
2021-12-05 13:30:21,756 [Listener at 127.0.0.1/36451] INFO  server.RaftServerConfigKeys (ConfUtils.java:logGet(44)) - raft.server.rpc.slowness.timeout = 300s (custom)
2021-12-05 13:30:21,756 [Listener at 127.0.0.1/36451] INFO  server.RaftServerConfigKeys (ConfUtils.java:logGet(44)) - raft.server.leaderelection.leader.step-down.wait-time = 10s (default)
2021-12-05 13:30:21,756 [Listener at 127.0.0.1/36451] INFO  server.RaftServerConfigKeys (ConfUtils.java:logGet(44)) - raft.server.storage.dir = [/home/runner/work/ozone/ozone/hadoop-ozone/integration-test/target/test-dir/MiniOzoneClusterImpl-4b95c801-9289-4427-a3b2-78fba0992616/datanode-1/data/ratis] (custom)
2021-12-05 13:30:21,758 [Listener at 127.0.0.1/36451] INFO  server.XceiverServerGrpc (XceiverServerGrpc.java:<init>(132)) - GrpcServer channel type EpollServerSocketChannel
2021-12-05 13:30:21,765 [Listener at 127.0.0.1/36451] INFO  http.BaseHttpServer (BaseHttpServer.java:newHttpServer2BuilderForOzone(209)) - Starting Web-server for hddsDatanode at: http://0.0.0.0:0
2021-12-05 13:30:21,765 [Listener at 127.0.0.1/36451] INFO  http.BaseHttpServer (BaseHttpServer.java:<init>(107)) - Hadoop Security Enabled: false Ozone Security Enabled: false Ozone HTTP Security Enabled: false 
2021-12-05 13:30:21,767 [Listener at 127.0.0.1/36451] INFO  server.AuthenticationFilter (AuthenticationFilter.java:constructSecretProvider(240)) - Unable to initialize FileSignerSecretProvider, falling back to use random secrets.
2021-12-05 13:30:21,782 [Listener at 127.0.0.1/36451] WARN  http.HttpRequestLog (HttpRequestLog.java:getRequestLog(103)) - Jetty request log can only be enabled using Log4j
2021-12-05 13:30:21,783 [Listener at 127.0.0.1/36451] INFO  http.HttpServer2 (HttpServer2.java:addGlobalFilter(1030)) - Added global filter 'safety' (class=org.apache.hadoop.hdds.server.http.HttpServer2$QuotingInputFilter)
2021-12-05 13:30:21,783 [Listener at 127.0.0.1/36451] INFO  http.HttpServer2 (HttpServer2.java:addFilter(1006)) - Added filter static_user_filter (class=org.apache.hadoop.http.lib.StaticUserWebFilter$StaticUserFilter) to context hddsDatanode
2021-12-05 13:30:21,790 [Listener at 127.0.0.1/36451] INFO  http.HttpServer2 (HttpServer2.java:addFilter(1014)) - Added filter static_user_filter (class=org.apache.hadoop.http.lib.StaticUserWebFilter$StaticUserFilter) to context static
2021-12-05 13:30:21,790 [Listener at 127.0.0.1/36451] INFO  http.HttpServer2 (HttpServer2.java:addFilter(1014)) - Added filter static_user_filter (class=org.apache.hadoop.http.lib.StaticUserWebFilter$StaticUserFilter) to context logs
2021-12-05 13:30:21,791 [Listener at 127.0.0.1/36451] INFO  http.HttpServer2 (HttpServer2.java:bindListener(1249)) - Jetty bound to port 35029
2021-12-05 13:30:21,791 [Listener at 127.0.0.1/36451] INFO  server.Server (Server.java:doStart(375)) - jetty-9.4.43.v20210629; built: 2021-06-30T11:07:22.254Z; git: 526006ecfa3af7f1a27ef3a288e2bef7ea9dd7e8; jvm 1.8.0_292-b10
2021-12-05 13:30:21,826 [Listener at 127.0.0.1/36451] INFO  server.session (DefaultSessionIdManager.java:doStart(334)) - DefaultSessionIdManager workerName=node0
2021-12-05 13:30:21,826 [Listener at 127.0.0.1/36451] INFO  server.session (DefaultSessionIdManager.java:doStart(339)) - No SessionScavenger set, using defaults
2021-12-05 13:30:21,827 [Listener at 127.0.0.1/36451] INFO  server.session (HouseKeeper.java:startScavenging(132)) - node0 Scavenging every 660000ms
2021-12-05 13:30:21,827 [Listener at 127.0.0.1/36451] INFO  handler.ContextHandler (ContextHandler.java:doStart(915)) - Started o.e.j.s.ServletContextHandler@578249f7{logs,/logs,file:///home/runner/work/ozone/ozone/hadoop-ozone/integration-test/target/log,AVAILABLE}
2021-12-05 13:30:21,830 [Listener at 127.0.0.1/36451] INFO  handler.ContextHandler (ContextHandler.java:doStart(915)) - Started o.e.j.s.ServletContextHandler@3f29d13d{static,/static,jar:file:/home/runner/.m2/repository/org/apache/ozone/hdds-container-service/1.3.0-SNAPSHOT/hdds-container-service-1.3.0-SNAPSHOT.jar!/webapps/static,AVAILABLE}
2021-12-05 13:30:21,905 [om1@group-C5BA1605619E-FollowerState] INFO  impl.FollowerState (FollowerState.java:run(134)) - om1@group-C5BA1605619E-FollowerState: change to CANDIDATE, lastRpcElapsedTime:1172490604ns, electionTimeout:1162ms
2021-12-05 13:30:21,905 [om1@group-C5BA1605619E-FollowerState] INFO  impl.RoleInfo (RoleInfo.java:shutdownFollowerState(108)) - om1: shutdown om1@group-C5BA1605619E-FollowerState
2021-12-05 13:30:21,905 [om1@group-C5BA1605619E-FollowerState] INFO  server.RaftServer$Division (RaftServerImpl.java:setRole(290)) - om1@group-C5BA1605619E: changes role from  FOLLOWER to CANDIDATE at term 0 for changeToCandidate
2021-12-05 13:30:21,905 [om1@group-C5BA1605619E-FollowerState] INFO  server.RaftServerConfigKeys (ConfUtils.java:logGet(44)) - raft.server.leaderelection.pre-vote = false (custom)
2021-12-05 13:30:21,905 [om1@group-C5BA1605619E-FollowerState] INFO  impl.RoleInfo (RoleInfo.java:updateAndGet(130)) - om1: start om1@group-C5BA1605619E-LeaderElection14
2021-12-05 13:30:21,914 [Listener at 127.0.0.1/36451] INFO  handler.ContextHandler (ContextHandler.java:doStart(915)) - Started o.e.j.w.WebAppContext@f2d9eb{hddsDatanode,/,file:///tmp/jetty-0_0_0_0-35029-hdds-container-service-1_3_0-SNAPSHOT_jar-_-any-1625925916921838914/webapp/,AVAILABLE}{jar:file:/home/runner/.m2/repository/org/apache/ozone/hdds-container-service/1.3.0-SNAPSHOT/hdds-container-service-1.3.0-SNAPSHOT.jar!/webapps/hddsDatanode}
2021-12-05 13:30:21,939 [Listener at 127.0.0.1/36451] INFO  server.AbstractConnector (AbstractConnector.java:doStart(331)) - Started ServerConnector@1a47a5ee{HTTP/1.1, (http/1.1)}{0.0.0.0:35029}
2021-12-05 13:30:21,939 [Listener at 127.0.0.1/36451] INFO  server.Server (Server.java:doStart(415)) - Started @77975ms
2021-12-05 13:30:21,939 [Listener at 127.0.0.1/36451] WARN  impl.MetricsSystemImpl (MetricsSystemImpl.java:register(279)) - Sink prometheus already exists!
2021-12-05 13:30:21,940 [Listener at 127.0.0.1/36451] INFO  http.BaseHttpServer (BaseHttpServer.java:updateConnectorAddress(329)) - HTTP server of hddsDatanode listening at http://0.0.0.0:35029
2021-12-05 13:30:21,941 [om1@group-C5BA1605619E-LeaderElection14] INFO  impl.LeaderElection (LeaderElection.java:askForVotes(306)) - om1@group-C5BA1605619E-LeaderElection14 ELECTION round 0: submit vote requests at term 1 for -1: [om1|rpc:localhost:9872|priority:0], old=null
2021-12-05 13:30:21,941 [om1@group-C5BA1605619E-LeaderElection14] INFO  impl.LeaderElection (LeaderElection.java:askForVotes(308)) - om1@group-C5BA1605619E-LeaderElection14 ELECTION round 0: result PASSED (term=1)
2021-12-05 13:30:21,942 [om1@group-C5BA1605619E-LeaderElection14] INFO  impl.RoleInfo (RoleInfo.java:shutdownLeaderElection(121)) - om1: shutdown om1@group-C5BA1605619E-LeaderElection14
2021-12-05 13:30:21,942 [om1@group-C5BA1605619E-LeaderElection14] INFO  server.RaftServer$Division (RaftServerImpl.java:setRole(290)) - om1@group-C5BA1605619E: changes role from CANDIDATE to LEADER at term 1 for changeToLeader
2021-12-05 13:30:21,942 [om1@group-C5BA1605619E-LeaderElection14] INFO  server.RaftServer$Division (ServerState.java:setLeader(285)) - om1@group-C5BA1605619E: change Leader from null to om1 at term 1 for becomeLeader, leader elected after 1271ms
2021-12-05 13:30:21,942 [om1@group-C5BA1605619E-LeaderElection14] INFO  server.RaftServerConfigKeys (ConfUtils.java:logGet(44)) - raft.server.staging.catchup.gap = 1000 (default)
2021-12-05 13:30:21,943 [Listener at 127.0.0.1/36451] WARN  impl.MetricRegistriesImpl (MetricRegistriesImpl.java:addReporterRegistration(111)) - New reporters are added after registries were created. Some metrics will be missing from the reporter. Please add reporter before adding any new registry.
2021-12-05 13:30:21,943 [Listener at 127.0.0.1/36451] WARN  impl.MetricRegistriesImpl (MetricRegistriesImpl.java:addReporterRegistration(111)) - New reporters are added after registries were created. Some metrics will be missing from the reporter. Please add reporter before adding any new registry.
2021-12-05 13:30:21,943 [Listener at 127.0.0.1/36451] INFO  impl.MetricsSystemImpl (MetricsSystemImpl.java:init(158)) - HddsDatanode metrics system started (again)
2021-12-05 13:30:21,950 [om1@group-C5BA1605619E-LeaderElection14] INFO  server.RaftServerConfigKeys (ConfUtils.java:logGet(44)) - raft.server.write.element-limit = 4096 (default)
2021-12-05 13:30:21,950 [om1@group-C5BA1605619E-LeaderElection14] INFO  server.RaftServerConfigKeys (ConfUtils.java:logGet(44)) - raft.server.write.byte-limit = 64MB (=67108864) (default)
2021-12-05 13:30:21,950 [om1@group-C5BA1605619E-LeaderElection14] INFO  server.RaftServerConfigKeys (ConfUtils.java:logGet(44)) - raft.server.watch.timeout = 10s (default)
2021-12-05 13:30:21,950 [om1@group-C5BA1605619E-LeaderElection14] INFO  server.RaftServerConfigKeys (ConfUtils.java:logGet(44)) - raft.server.watch.timeout.denomination = 1s (default)
2021-12-05 13:30:21,950 [om1@group-C5BA1605619E-LeaderElection14] INFO  server.RaftServerConfigKeys (ConfUtils.java:logGet(44)) - raft.server.watch.element-limit = 65536 (default)
2021-12-05 13:30:21,950 [om1@group-C5BA1605619E-LeaderElection14] INFO  server.RaftServerConfigKeys (ConfUtils.java:logGet(44)) - raft.server.write.element-limit = 4096 (default)
2021-12-05 13:30:21,950 [om1@group-C5BA1605619E-LeaderElection14] INFO  server.RaftServerConfigKeys (ConfUtils.java:logGet(44)) - raft.server.write.follower.gap.ratio.max = -1.0 (default)
2021-12-05 13:30:21,951 [om1@group-C5BA1605619E-LeaderElection14] INFO  impl.RoleInfo (RoleInfo.java:updateAndGet(130)) - om1: start om1@group-C5BA1605619E-LeaderStateImpl
2021-12-05 13:30:21,951 [om1@group-C5BA1605619E-LeaderElection14] INFO  segmented.SegmentedRaftLogWorker (SegmentedRaftLogWorker.java:startLogSegment(394)) - om1@group-C5BA1605619E-SegmentedRaftLogWorker: Starting segment from index:0
2021-12-05 13:30:21,973 [om1@group-C5BA1605619E-LeaderElection14] INFO  server.RaftServer$Division (ServerState.java:setRaftConf(387)) - om1@group-C5BA1605619E: set configuration 0: [om1|rpc:localhost:9872|admin:|client:|dataStream:|priority:0], old=null
2021-12-05 13:30:21,975 [Datanode State Machine Daemon Thread] INFO  statemachine.DatanodeStateMachine (DatanodeStateMachine.java:lambda$startDaemon$0(467)) - Ozone container server started.
2021-12-05 13:30:21,975 [om1@group-C5BA1605619E-SegmentedRaftLogWorker] INFO  segmented.SegmentedRaftLogWorker (SegmentedRaftLogWorker.java:execute(601)) - om1@group-C5BA1605619E-SegmentedRaftLogWorker: created new log segment /home/runner/work/ozone/ozone/hadoop-ozone/integration-test/target/test-dir/MiniOzoneClusterImpl-4b95c801-9289-4427-a3b2-78fba0992616/ozone-meta/ratis/bf265839-605b-3f16-9796-c5ba1605619e/current/log_inprogress_0
2021-12-05 13:30:21,977 [om1@group-C5BA1605619E-StateMachineUpdater] INFO  ratis.OzoneManagerStateMachine (OzoneManagerStateMachine.java:notifyConfigurationChanged(188)) - Received Configuration change notification from Ratis. New Peer list:
[id: "om1"
address: "localhost:9872"
]
2021-12-05 13:30:21,990 [org.apache.hadoop.util.JvmPauseMonitor$Monitor@6915fe73] INFO  util.JvmPauseMonitor (JvmPauseMonitor.java:run(188)) - Starting JVM pause monitor
2021-12-05 13:30:21,997 [Datanode State Machine Task Thread - 0] INFO  datanode.InitDatanodeState (InitDatanodeState.java:persistContainerDatanodeDetails(145)) - DatanodeDetails is persisted to /home/runner/work/ozone/ozone/hadoop-ozone/integration-test/target/test-dir/MiniOzoneClusterImpl-4b95c801-9289-4427-a3b2-78fba0992616/datanode-1/meta/datanode.id
2021-12-05 13:30:21,996 [Listener at 127.0.0.1/36451] INFO  ozone.HddsDatanodeService (HddsDatanodeService.java:start(234)) - HddsDatanodeService host:fv-az148-969.bm4ck3pvxvsene1rjriu5fhcdb.bx.internal.cloudapp.net ip:10.1.0.33
2021-12-05 13:30:22,035 [Listener at 127.0.0.1/36451] INFO  upgrade.AbstractLayoutVersionManager (AbstractLayoutVersionManager.java:init(79)) - Initializing Layout version manager with metadata layout = SCM_HA (version = 2), software layout = SCM_HA (version = 2)
2021-12-05 13:30:22,127 [Listener at 127.0.0.1/36451] INFO  reflections.Reflections (Reflections.java:scan(232)) - Reflections took 91 ms to scan 7 urls, producing 119 keys and 279 values 
2021-12-05 13:30:22,151 [Listener at 127.0.0.1/36451] INFO  statemachine.DatanodeStateMachine (DatanodeStateMachine.java:getEndPointTaskThreadPoolSize(219)) - Datanode State Machine Task Thread Pool size 2
2021-12-05 13:30:22,158 [Listener at 127.0.0.1/36451] INFO  volume.HddsVolume (HddsVolume.java:<init>(120)) - Creating HddsVolume: /home/runner/work/ozone/ozone/hadoop-ozone/integration-test/target/test-dir/MiniOzoneClusterImpl-4b95c801-9289-4427-a3b2-78fba0992616/datanode-2/data-0/containers/hdds of storage type : DISK capacity : 9223372036854775807
2021-12-05 13:30:22,159 [Listener at 127.0.0.1/36451] INFO  volume.MutableVolumeSet (MutableVolumeSet.java:initializeVolumeSet(168)) - Added Volume : /home/runner/work/ozone/ozone/hadoop-ozone/integration-test/target/test-dir/MiniOzoneClusterImpl-4b95c801-9289-4427-a3b2-78fba0992616/datanode-2/data-0/containers/hdds to VolumeSet
2021-12-05 13:30:22,159 [Listener at 127.0.0.1/36451] INFO  volume.ThrottledAsyncChecker (ThrottledAsyncChecker.java:schedule(141)) - Scheduling a check for /home/runner/work/ozone/ozone/hadoop-ozone/integration-test/target/test-dir/MiniOzoneClusterImpl-4b95c801-9289-4427-a3b2-78fba0992616/datanode-2/data-0/containers/hdds
2021-12-05 13:30:22,175 [Listener at 127.0.0.1/36451] INFO  volume.StorageVolumeChecker (StorageVolumeChecker.java:checkAllVolumes(202)) - Scheduled health check for volume /home/runner/work/ozone/ozone/hadoop-ozone/integration-test/target/test-dir/MiniOzoneClusterImpl-4b95c801-9289-4427-a3b2-78fba0992616/datanode-2/data-0/containers/hdds
2021-12-05 13:30:22,207 [Listener at 127.0.0.1/36451] INFO  volume.MutableVolumeSet (MutableVolumeSet.java:initializeVolumeSet(168)) - Added Volume : /home/runner/work/ozone/ozone/hadoop-ozone/integration-test/target/test-dir/MiniOzoneClusterImpl-4b95c801-9289-4427-a3b2-78fba0992616/datanode-2/data/ratis to VolumeSet
2021-12-05 13:30:22,212 [Listener at 127.0.0.1/36451] INFO  volume.ThrottledAsyncChecker (ThrottledAsyncChecker.java:schedule(141)) - Scheduling a check for /home/runner/work/ozone/ozone/hadoop-ozone/integration-test/target/test-dir/MiniOzoneClusterImpl-4b95c801-9289-4427-a3b2-78fba0992616/datanode-2/data/ratis
2021-12-05 13:30:22,213 [Listener at 127.0.0.1/36451] INFO  volume.StorageVolumeChecker (StorageVolumeChecker.java:checkAllVolumes(202)) - Scheduled health check for volume /home/runner/work/ozone/ozone/hadoop-ozone/integration-test/target/test-dir/MiniOzoneClusterImpl-4b95c801-9289-4427-a3b2-78fba0992616/datanode-2/data/ratis
2021-12-05 13:30:22,265 [Thread-556] INFO  ozoneimpl.ContainerReader (ContainerReader.java:readVolume(172)) - Finish verifying containers on volume /home/runner/work/ozone/ozone/hadoop-ozone/integration-test/target/test-dir/MiniOzoneClusterImpl-4b95c801-9289-4427-a3b2-78fba0992616/datanode-2/data-0/containers/hdds
2021-12-05 13:30:22,265 [Listener at 127.0.0.1/36451] INFO  ozoneimpl.OzoneContainer (OzoneContainer.java:buildContainerSet(236)) - Build ContainerSet costs 0s
2021-12-05 13:30:22,268 [Listener at 127.0.0.1/36451] INFO  server.RaftServer (ConfUtils.java:logGet(44)) - raft.rpc.type = GRPC (default)
2021-12-05 13:30:22,268 [Listener at 127.0.0.1/36451] INFO  grpc.GrpcFactory (GrpcFactory.java:checkPooledByteBufAllocatorUseCacheForAllThreads(48)) - PERFORMANCE WARNING: useCacheForAllThreads is true that may cause Netty to create a lot garbage objects and, as a result, trigger GC.
	It is recommended to disable useCacheForAllThreads by setting -Dorg.apache.ratis.thirdparty.io.netty.allocator.useCacheForAllThreads=false in command line.
2021-12-05 13:30:22,268 [Listener at 127.0.0.1/36451] INFO  grpc.GrpcConfigKeys (ConfUtils.java:logGet(44)) - raft.grpc.admin.port = 0 (custom)
2021-12-05 13:30:22,268 [Listener at 127.0.0.1/36451] INFO  grpc.GrpcConfigKeys (ConfUtils.java:logGet(44)) - raft.grpc.client.port = 0 (custom)
2021-12-05 13:30:22,269 [Listener at 127.0.0.1/36451] INFO  grpc.GrpcConfigKeys (ConfUtils.java:logGet(44)) - raft.grpc.server.port = 0 (default)
2021-12-05 13:30:22,269 [Listener at 127.0.0.1/36451] INFO  server.GrpcService (ConfUtils.java:logGet(44)) - raft.grpc.message.size.max = 32MB (=33554432) (custom)
2021-12-05 13:30:22,269 [Listener at 127.0.0.1/36451] INFO  server.RaftServerConfigKeys (ConfUtils.java:logGet(44)) - raft.server.log.appender.buffer.byte-limit = 33554432 (custom)
2021-12-05 13:30:22,269 [Listener at 127.0.0.1/36451] INFO  server.GrpcService (ConfUtils.java:logGet(44)) - raft.grpc.flow.control.window = 5MB (=5242880) (custom)
2021-12-05 13:30:22,269 [Listener at 127.0.0.1/36451] INFO  server.RaftServerConfigKeys (ConfUtils.java:logGet(44)) - raft.server.rpc.request.timeout = 60s (custom)
2021-12-05 13:30:22,275 [Listener at 127.0.0.1/36451] INFO  impl.DataStreamServerImpl (ConfUtils.java:logGet(44)) - raft.datastream.type = DISABLED (default)
2021-12-05 13:30:22,275 [Listener at 127.0.0.1/36451] INFO  server.RaftServerConfigKeys (ConfUtils.java:logGet(44)) - raft.server.rpc.slowness.timeout = 300s (custom)
2021-12-05 13:30:22,282 [Listener at 127.0.0.1/36451] INFO  server.RaftServerConfigKeys (ConfUtils.java:logGet(44)) - raft.server.leaderelection.leader.step-down.wait-time = 10s (default)
2021-12-05 13:30:22,282 [Listener at 127.0.0.1/36451] INFO  server.RaftServerConfigKeys (ConfUtils.java:logGet(44)) - raft.server.storage.dir = [/home/runner/work/ozone/ozone/hadoop-ozone/integration-test/target/test-dir/MiniOzoneClusterImpl-4b95c801-9289-4427-a3b2-78fba0992616/datanode-2/data/ratis] (custom)
2021-12-05 13:30:22,291 [Listener at 127.0.0.1/36451] INFO  server.XceiverServerGrpc (XceiverServerGrpc.java:<init>(132)) - GrpcServer channel type EpollServerSocketChannel
2021-12-05 13:30:22,303 [Listener at 127.0.0.1/36451] INFO  http.BaseHttpServer (BaseHttpServer.java:newHttpServer2BuilderForOzone(209)) - Starting Web-server for hddsDatanode at: http://0.0.0.0:0
2021-12-05 13:30:22,303 [Listener at 127.0.0.1/36451] INFO  http.BaseHttpServer (BaseHttpServer.java:<init>(107)) - Hadoop Security Enabled: false Ozone Security Enabled: false Ozone HTTP Security Enabled: false 
2021-12-05 13:30:22,304 [Listener at 127.0.0.1/36451] INFO  server.AuthenticationFilter (AuthenticationFilter.java:constructSecretProvider(240)) - Unable to initialize FileSignerSecretProvider, falling back to use random secrets.
2021-12-05 13:30:22,306 [Listener at 127.0.0.1/36451] WARN  http.HttpRequestLog (HttpRequestLog.java:getRequestLog(103)) - Jetty request log can only be enabled using Log4j
2021-12-05 13:30:22,307 [Listener at 127.0.0.1/36451] INFO  http.HttpServer2 (HttpServer2.java:addGlobalFilter(1030)) - Added global filter 'safety' (class=org.apache.hadoop.hdds.server.http.HttpServer2$QuotingInputFilter)
2021-12-05 13:30:22,308 [Listener at 127.0.0.1/36451] INFO  http.HttpServer2 (HttpServer2.java:addFilter(1006)) - Added filter static_user_filter (class=org.apache.hadoop.http.lib.StaticUserWebFilter$StaticUserFilter) to context hddsDatanode
2021-12-05 13:30:22,308 [Listener at 127.0.0.1/36451] INFO  http.HttpServer2 (HttpServer2.java:addFilter(1014)) - Added filter static_user_filter (class=org.apache.hadoop.http.lib.StaticUserWebFilter$StaticUserFilter) to context static
2021-12-05 13:30:22,308 [Listener at 127.0.0.1/36451] INFO  http.HttpServer2 (HttpServer2.java:addFilter(1014)) - Added filter static_user_filter (class=org.apache.hadoop.http.lib.StaticUserWebFilter$StaticUserFilter) to context logs
2021-12-05 13:30:22,309 [Listener at 127.0.0.1/36451] INFO  http.HttpServer2 (HttpServer2.java:bindListener(1249)) - Jetty bound to port 39019
2021-12-05 13:30:22,309 [Listener at 127.0.0.1/36451] INFO  server.Server (Server.java:doStart(375)) - jetty-9.4.43.v20210629; built: 2021-06-30T11:07:22.254Z; git: 526006ecfa3af7f1a27ef3a288e2bef7ea9dd7e8; jvm 1.8.0_292-b10
2021-12-05 13:30:22,370 [Listener at 127.0.0.1/36451] INFO  server.session (DefaultSessionIdManager.java:doStart(334)) - DefaultSessionIdManager workerName=node0
2021-12-05 13:30:22,370 [Listener at 127.0.0.1/36451] INFO  server.session (DefaultSessionIdManager.java:doStart(339)) - No SessionScavenger set, using defaults
2021-12-05 13:30:22,371 [Listener at 127.0.0.1/36451] INFO  server.session (HouseKeeper.java:startScavenging(132)) - node0 Scavenging every 660000ms
2021-12-05 13:30:22,378 [Listener at 127.0.0.1/36451] INFO  handler.ContextHandler (ContextHandler.java:doStart(915)) - Started o.e.j.s.ServletContextHandler@1ab37c94{logs,/logs,file:///home/runner/work/ozone/ozone/hadoop-ozone/integration-test/target/log,AVAILABLE}
2021-12-05 13:30:22,379 [Listener at 127.0.0.1/36451] INFO  handler.ContextHandler (ContextHandler.java:doStart(915)) - Started o.e.j.s.ServletContextHandler@4ba5c0f0{static,/static,jar:file:/home/runner/.m2/repository/org/apache/ozone/hdds-container-service/1.3.0-SNAPSHOT/hdds-container-service-1.3.0-SNAPSHOT.jar!/webapps/static,AVAILABLE}
2021-12-05 13:30:22,495 [Listener at 127.0.0.1/36451] INFO  handler.ContextHandler (ContextHandler.java:doStart(915)) - Started o.e.j.w.WebAppContext@29a3e9e8{hddsDatanode,/,file:///tmp/jetty-0_0_0_0-39019-hdds-container-service-1_3_0-SNAPSHOT_jar-_-any-6232293734682779707/webapp/,AVAILABLE}{jar:file:/home/runner/.m2/repository/org/apache/ozone/hdds-container-service/1.3.0-SNAPSHOT/hdds-container-service-1.3.0-SNAPSHOT.jar!/webapps/hddsDatanode}
2021-12-05 13:30:22,512 [Listener at 127.0.0.1/36451] INFO  server.AbstractConnector (AbstractConnector.java:doStart(331)) - Started ServerConnector@43a7400a{HTTP/1.1, (http/1.1)}{0.0.0.0:39019}
2021-12-05 13:30:22,512 [Listener at 127.0.0.1/36451] INFO  server.Server (Server.java:doStart(415)) - Started @78548ms
2021-12-05 13:30:22,512 [Listener at 127.0.0.1/36451] WARN  impl.MetricsSystemImpl (MetricsSystemImpl.java:register(279)) - Sink prometheus already exists!
2021-12-05 13:30:22,513 [Listener at 127.0.0.1/36451] INFO  http.BaseHttpServer (BaseHttpServer.java:updateConnectorAddress(329)) - HTTP server of hddsDatanode listening at http://0.0.0.0:39019
2021-12-05 13:30:22,517 [Listener at 127.0.0.1/36451] INFO  ozone.MiniOzoneClusterImpl (MiniOzoneClusterImpl.java:lambda$waitForClusterToBeReady$0(235)) - Waiting for nodes to be ready. Got 0 of 3 DN Heartbeats.
2021-12-05 13:30:22,518 [Listener at 127.0.0.1/36451] INFO  ozone.MiniOzoneClusterImpl (MiniOzoneClusterImpl.java:lambda$waitForClusterToBeReady$0(238)) - Waiting for cluster to exit safe mode
2021-12-05 13:30:22,518 [Listener at 127.0.0.1/36451] INFO  ozone.MiniOzoneClusterImpl (MiniOzoneClusterImpl.java:lambda$waitForClusterToBeReady$0(240)) - SCM became leader
2021-12-05 13:30:22,518 [Datanode State Machine Daemon Thread] INFO  statemachine.DatanodeStateMachine (DatanodeStateMachine.java:lambda$startDaemon$0(467)) - Ozone container server started.
2021-12-05 13:30:22,590 [org.apache.hadoop.util.JvmPauseMonitor$Monitor@400e0651] INFO  util.JvmPauseMonitor (JvmPauseMonitor.java:run(188)) - Starting JVM pause monitor
2021-12-05 13:30:22,599 [Datanode State Machine Task Thread - 0] INFO  datanode.InitDatanodeState (InitDatanodeState.java:persistContainerDatanodeDetails(145)) - DatanodeDetails is persisted to /home/runner/work/ozone/ozone/hadoop-ozone/integration-test/target/test-dir/MiniOzoneClusterImpl-4b95c801-9289-4427-a3b2-78fba0992616/datanode-2/meta/datanode.id
2021-12-05 13:30:23,471 [EndpointStateMachine task thread for /0.0.0.0:39961 - 0 ] INFO  ozoneimpl.OzoneContainer (OzoneContainer.java:start(304)) - Attempting to start container services.
2021-12-05 13:30:23,471 [EndpointStateMachine task thread for /0.0.0.0:39961 - 0 ] INFO  ozoneimpl.OzoneContainer (OzoneContainer.java:startContainerScrub(249)) - Background container scanner has been disabled.
2021-12-05 13:30:23,474 [EndpointStateMachine task thread for /0.0.0.0:39961 - 0 ] INFO  replication.ReplicationServer (ReplicationServer.java:start(107)) - ReplicationServer is started using port 40395
2021-12-05 13:30:23,482 [EndpointStateMachine task thread for /0.0.0.0:39961 - 0 ] INFO  ratis.XceiverServerRatis (XceiverServerRatis.java:start(484)) - Starting XceiverServerRatis 95adf3fa-442c-443c-b663-6c38b0fe08bf
2021-12-05 13:30:23,516 [EndpointStateMachine task thread for /0.0.0.0:39961 - 0 ] INFO  server.RaftServer (RaftServerProxy.java:lambda$start$5(374)) - 95adf3fa-442c-443c-b663-6c38b0fe08bf: start RPC server
2021-12-05 13:30:23,517 [EndpointStateMachine task thread for /0.0.0.0:39961 - 0 ] INFO  server.GrpcService (GrpcService.java:startImpl(253)) - 95adf3fa-442c-443c-b663-6c38b0fe08bf: GrpcService started, listening on 34639
2021-12-05 13:30:23,518 [Listener at 127.0.0.1/36451] INFO  ozone.MiniOzoneClusterImpl (MiniOzoneClusterImpl.java:lambda$waitForClusterToBeReady$0(235)) - Waiting for nodes to be ready. Got 0 of 3 DN Heartbeats.
2021-12-05 13:30:23,518 [Listener at 127.0.0.1/36451] INFO  ozone.MiniOzoneClusterImpl (MiniOzoneClusterImpl.java:lambda$waitForClusterToBeReady$0(238)) - Waiting for cluster to exit safe mode
2021-12-05 13:30:23,518 [Listener at 127.0.0.1/36451] INFO  ozone.MiniOzoneClusterImpl (MiniOzoneClusterImpl.java:lambda$waitForClusterToBeReady$0(240)) - SCM became leader
2021-12-05 13:30:23,529 [EndpointStateMachine task thread for /0.0.0.0:39961 - 0 ] INFO  ratis.XceiverServerRatis (XceiverServerRatis.java:getRealPort(505)) - XceiverServerRatis 95adf3fa-442c-443c-b663-6c38b0fe08bf is started using port 34639 for RATIS
2021-12-05 13:30:23,529 [EndpointStateMachine task thread for /0.0.0.0:39961 - 0 ] INFO  ratis.XceiverServerRatis (XceiverServerRatis.java:getRealPort(505)) - XceiverServerRatis 95adf3fa-442c-443c-b663-6c38b0fe08bf is started using port 34639 for RATIS_ADMIN
2021-12-05 13:30:23,529 [EndpointStateMachine task thread for /0.0.0.0:39961 - 0 ] INFO  ratis.XceiverServerRatis (XceiverServerRatis.java:getRealPort(505)) - XceiverServerRatis 95adf3fa-442c-443c-b663-6c38b0fe08bf is started using port 34639 for RATIS_SERVER
2021-12-05 13:30:23,530 [org.apache.ratis.util.JvmPauseMonitor$$Lambda$525/1513368495@56f29688] INFO  util.JvmPauseMonitor (JvmPauseMonitor.java:run(103)) - JvmPauseMonitor-95adf3fa-442c-443c-b663-6c38b0fe08bf: Started
2021-12-05 13:30:23,538 [EndpointStateMachine task thread for /0.0.0.0:39961 - 0 ] INFO  server.XceiverServerGrpc (XceiverServerGrpc.java:start(180)) - XceiverServerGrpc 95adf3fa-442c-443c-b663-6c38b0fe08bf is started using port 41673
2021-12-05 13:30:24,002 [EndpointStateMachine task thread for /0.0.0.0:39961 - 0 ] INFO  ozoneimpl.OzoneContainer (OzoneContainer.java:start(304)) - Attempting to start container services.
2021-12-05 13:30:24,003 [EndpointStateMachine task thread for /0.0.0.0:39961 - 0 ] INFO  ozoneimpl.OzoneContainer (OzoneContainer.java:startContainerScrub(249)) - Background container scanner has been disabled.
2021-12-05 13:30:24,003 [EndpointStateMachine task thread for /0.0.0.0:39961 - 0 ] INFO  replication.ReplicationServer (ReplicationServer.java:start(107)) - ReplicationServer is started using port 41839
2021-12-05 13:30:24,004 [EndpointStateMachine task thread for /0.0.0.0:39961 - 0 ] INFO  ratis.XceiverServerRatis (XceiverServerRatis.java:start(484)) - Starting XceiverServerRatis 2eed3e29-6eea-4fc8-a1f2-b1cd31e46ec2
2021-12-05 13:30:24,010 [EndpointStateMachine task thread for /0.0.0.0:39961 - 0 ] INFO  server.RaftServer (RaftServerProxy.java:lambda$start$5(374)) - 2eed3e29-6eea-4fc8-a1f2-b1cd31e46ec2: start RPC server
2021-12-05 13:30:24,010 [EndpointStateMachine task thread for /0.0.0.0:39961 - 0 ] INFO  server.GrpcService (GrpcService.java:startImpl(253)) - 2eed3e29-6eea-4fc8-a1f2-b1cd31e46ec2: GrpcService started, listening on 34531
2021-12-05 13:30:24,012 [EndpointStateMachine task thread for /0.0.0.0:39961 - 0 ] INFO  ratis.XceiverServerRatis (XceiverServerRatis.java:getRealPort(505)) - XceiverServerRatis 2eed3e29-6eea-4fc8-a1f2-b1cd31e46ec2 is started using port 34531 for RATIS
2021-12-05 13:30:24,012 [EndpointStateMachine task thread for /0.0.0.0:39961 - 0 ] INFO  ratis.XceiverServerRatis (XceiverServerRatis.java:getRealPort(505)) - XceiverServerRatis 2eed3e29-6eea-4fc8-a1f2-b1cd31e46ec2 is started using port 34531 for RATIS_ADMIN
2021-12-05 13:30:24,012 [EndpointStateMachine task thread for /0.0.0.0:39961 - 0 ] INFO  ratis.XceiverServerRatis (XceiverServerRatis.java:getRealPort(505)) - XceiverServerRatis 2eed3e29-6eea-4fc8-a1f2-b1cd31e46ec2 is started using port 34531 for RATIS_SERVER
2021-12-05 13:30:24,016 [org.apache.ratis.util.JvmPauseMonitor$$Lambda$525/1513368495@727a6e13] INFO  util.JvmPauseMonitor (JvmPauseMonitor.java:run(103)) - JvmPauseMonitor-2eed3e29-6eea-4fc8-a1f2-b1cd31e46ec2: Started
2021-12-05 13:30:24,028 [EndpointStateMachine task thread for /0.0.0.0:39961 - 0 ] INFO  server.XceiverServerGrpc (XceiverServerGrpc.java:start(180)) - XceiverServerGrpc 2eed3e29-6eea-4fc8-a1f2-b1cd31e46ec2 is started using port 32919
2021-12-05 13:30:24,519 [Listener at 127.0.0.1/36451] INFO  ozone.MiniOzoneClusterImpl (MiniOzoneClusterImpl.java:lambda$waitForClusterToBeReady$0(235)) - Waiting for nodes to be ready. Got 0 of 3 DN Heartbeats.
2021-12-05 13:30:24,519 [Listener at 127.0.0.1/36451] INFO  ozone.MiniOzoneClusterImpl (MiniOzoneClusterImpl.java:lambda$waitForClusterToBeReady$0(238)) - Waiting for cluster to exit safe mode
2021-12-05 13:30:24,519 [Listener at 127.0.0.1/36451] INFO  ozone.MiniOzoneClusterImpl (MiniOzoneClusterImpl.java:lambda$waitForClusterToBeReady$0(240)) - SCM became leader
2021-12-05 13:30:24,599 [EndpointStateMachine task thread for /0.0.0.0:39961 - 0 ] INFO  ozoneimpl.OzoneContainer (OzoneContainer.java:start(304)) - Attempting to start container services.
2021-12-05 13:30:24,600 [EndpointStateMachine task thread for /0.0.0.0:39961 - 0 ] INFO  ozoneimpl.OzoneContainer (OzoneContainer.java:startContainerScrub(249)) - Background container scanner has been disabled.
2021-12-05 13:30:24,600 [EndpointStateMachine task thread for /0.0.0.0:39961 - 0 ] INFO  replication.ReplicationServer (ReplicationServer.java:start(107)) - ReplicationServer is started using port 44279
2021-12-05 13:30:24,602 [EndpointStateMachine task thread for /0.0.0.0:39961 - 0 ] INFO  ratis.XceiverServerRatis (XceiverServerRatis.java:start(484)) - Starting XceiverServerRatis 33789976-9166-4b2d-b432-fc5f37128ed1
2021-12-05 13:30:24,603 [EndpointStateMachine task thread for /0.0.0.0:39961 - 0 ] INFO  server.RaftServer (RaftServerProxy.java:lambda$start$5(374)) - 33789976-9166-4b2d-b432-fc5f37128ed1: start RPC server
2021-12-05 13:30:24,603 [EndpointStateMachine task thread for /0.0.0.0:39961 - 0 ] INFO  server.GrpcService (GrpcService.java:startImpl(253)) - 33789976-9166-4b2d-b432-fc5f37128ed1: GrpcService started, listening on 42511
2021-12-05 13:30:24,604 [EndpointStateMachine task thread for /0.0.0.0:39961 - 0 ] INFO  ratis.XceiverServerRatis (XceiverServerRatis.java:getRealPort(505)) - XceiverServerRatis 33789976-9166-4b2d-b432-fc5f37128ed1 is started using port 42511 for RATIS
2021-12-05 13:30:24,604 [EndpointStateMachine task thread for /0.0.0.0:39961 - 0 ] INFO  ratis.XceiverServerRatis (XceiverServerRatis.java:getRealPort(505)) - XceiverServerRatis 33789976-9166-4b2d-b432-fc5f37128ed1 is started using port 42511 for RATIS_ADMIN
2021-12-05 13:30:24,604 [EndpointStateMachine task thread for /0.0.0.0:39961 - 0 ] INFO  ratis.XceiverServerRatis (XceiverServerRatis.java:getRealPort(505)) - XceiverServerRatis 33789976-9166-4b2d-b432-fc5f37128ed1 is started using port 42511 for RATIS_SERVER
2021-12-05 13:30:24,604 [org.apache.ratis.util.JvmPauseMonitor$$Lambda$525/1513368495@40426d36] INFO  util.JvmPauseMonitor (JvmPauseMonitor.java:run(103)) - JvmPauseMonitor-33789976-9166-4b2d-b432-fc5f37128ed1: Started
2021-12-05 13:30:24,604 [EndpointStateMachine task thread for /0.0.0.0:39961 - 0 ] INFO  server.XceiverServerGrpc (XceiverServerGrpc.java:start(180)) - XceiverServerGrpc 33789976-9166-4b2d-b432-fc5f37128ed1 is started using port 42513
2021-12-05 13:30:25,436 [IPC Server handler 0 on default port 39961] INFO  net.NetworkTopologyImpl (NetworkTopologyImpl.java:add(112)) - Added a new node: /default-rack/95adf3fa-442c-443c-b663-6c38b0fe08bf
2021-12-05 13:30:25,436 [IPC Server handler 0 on default port 39961] INFO  node.SCMNodeManager (SCMNodeManager.java:register(389)) - Registered Data node : 95adf3fa-442c-443c-b663-6c38b0fe08bf{ip: 10.1.0.33, host: fv-az148-969.bm4ck3pvxvsene1rjriu5fhcdb.bx.internal.cloudapp.net, ports: [REPLICATION=40395, RATIS=34639, RATIS_ADMIN=34639, RATIS_SERVER=34639, STANDALONE=41673], networkLocation: /default-rack, certSerialId: null, persistedOpState: null, persistedOpStateExpiryEpochSec: 0}
2021-12-05 13:30:25,438 [EventQueue-NodeRegistrationContainerReportForDataNodeSafeModeRule] INFO  safemode.SCMSafeModeManager (DataNodeSafeModeRule.java:process(71)) - SCM in safe mode. 1 DataNodes registered, 3 required.
2021-12-05 13:30:25,442 [EventQueue-NewNodeForNewNodeHandler] INFO  pipeline.BackgroundPipelineCreator (BackgroundPipelineCreator.java:notifyEventTriggered(285)) - trigger a one-shot run on RatisPipelineUtilsThread.
2021-12-05 13:30:25,443 [RatisPipelineUtilsThread - 0] INFO  pipeline.RatisPipelineProvider (RatisPipelineProvider.java:lambda$create$0(183)) - Sending CreatePipelineCommand for pipeline:PipelineID=08d403b6-be63-44f5-b6de-e4c28f99eb72 to datanode:95adf3fa-442c-443c-b663-6c38b0fe08bf
2021-12-05 13:30:25,447 [RatisPipelineUtilsThread - 0] INFO  pipeline.PipelineStateManagerImpl (PipelineStateManagerImpl.java:addPipeline(101)) - Created pipeline Pipeline[ Id: 08d403b6-be63-44f5-b6de-e4c28f99eb72, Nodes: 95adf3fa-442c-443c-b663-6c38b0fe08bf{ip: 10.1.0.33, host: fv-az148-969.bm4ck3pvxvsene1rjriu5fhcdb.bx.internal.cloudapp.net, ports: [REPLICATION=40395, RATIS=34639, RATIS_ADMIN=34639, RATIS_SERVER=34639, STANDALONE=41673], networkLocation: /default-rack, certSerialId: null, persistedOpState: IN_SERVICE, persistedOpStateExpiryEpochSec: 0}, ReplicationConfig: RATIS/ONE, State:ALLOCATED, leaderId:, CreationTimestamp2021-12-05T13:30:25.443Z[Etc/UTC]].
2021-12-05 13:30:25,452 [EventQueue-NodeRegistrationContainerReportForContainerSafeModeRule] INFO  safemode.SCMSafeModeManager (SCMSafeModeManager.java:validateSafeModeExitRules(204)) - ContainerSafeModeRule rule is successfully validated
2021-12-05 13:30:25,467 [EventQueue-PipelineReportForOneReplicaPipelineSafeModeRule] INFO  safemode.SCMSafeModeManager (SCMSafeModeManager.java:validateSafeModeExitRules(204)) - AtleastOneDatanodeReportedRule rule is successfully validated
2021-12-05 13:30:25,519 [Listener at 127.0.0.1/36451] INFO  ozone.MiniOzoneClusterImpl (MiniOzoneClusterImpl.java:lambda$waitForClusterToBeReady$0(235)) - Waiting for nodes to be ready. Got 1 of 3 DN Heartbeats.
2021-12-05 13:30:25,519 [Listener at 127.0.0.1/36451] INFO  ozone.MiniOzoneClusterImpl (MiniOzoneClusterImpl.java:lambda$waitForClusterToBeReady$0(238)) - Waiting for cluster to exit safe mode
2021-12-05 13:30:25,519 [Listener at 127.0.0.1/36451] INFO  ozone.MiniOzoneClusterImpl (MiniOzoneClusterImpl.java:lambda$waitForClusterToBeReady$0(240)) - SCM became leader
2021-12-05 13:30:25,990 [IPC Server handler 2 on default port 39961] INFO  net.NetworkTopologyImpl (NetworkTopologyImpl.java:add(112)) - Added a new node: /default-rack/2eed3e29-6eea-4fc8-a1f2-b1cd31e46ec2
2021-12-05 13:30:25,991 [IPC Server handler 2 on default port 39961] INFO  node.SCMNodeManager (SCMNodeManager.java:register(389)) - Registered Data node : 2eed3e29-6eea-4fc8-a1f2-b1cd31e46ec2{ip: 10.1.0.33, host: fv-az148-969.bm4ck3pvxvsene1rjriu5fhcdb.bx.internal.cloudapp.net, ports: [REPLICATION=41839, RATIS=34531, RATIS_ADMIN=34531, RATIS_SERVER=34531, STANDALONE=32919], networkLocation: /default-rack, certSerialId: null, persistedOpState: null, persistedOpStateExpiryEpochSec: 0}
2021-12-05 13:30:25,991 [EventQueue-NewNodeForNewNodeHandler] INFO  pipeline.BackgroundPipelineCreator (BackgroundPipelineCreator.java:notifyEventTriggered(285)) - trigger a one-shot run on RatisPipelineUtilsThread.
2021-12-05 13:30:25,994 [EventQueue-NodeRegistrationContainerReportForDataNodeSafeModeRule] INFO  safemode.SCMSafeModeManager (DataNodeSafeModeRule.java:process(71)) - SCM in safe mode. 2 DataNodes registered, 3 required.
2021-12-05 13:30:25,998 [RatisPipelineUtilsThread - 0] INFO  pipeline.RatisPipelineProvider (RatisPipelineProvider.java:lambda$create$0(183)) - Sending CreatePipelineCommand for pipeline:PipelineID=c6effb86-c9f6-4f4a-8cbf-b158063ff462 to datanode:2eed3e29-6eea-4fc8-a1f2-b1cd31e46ec2
2021-12-05 13:30:25,999 [RatisPipelineUtilsThread - 0] INFO  pipeline.PipelineStateManagerImpl (PipelineStateManagerImpl.java:addPipeline(101)) - Created pipeline Pipeline[ Id: c6effb86-c9f6-4f4a-8cbf-b158063ff462, Nodes: 2eed3e29-6eea-4fc8-a1f2-b1cd31e46ec2{ip: 10.1.0.33, host: fv-az148-969.bm4ck3pvxvsene1rjriu5fhcdb.bx.internal.cloudapp.net, ports: [REPLICATION=41839, RATIS=34531, RATIS_ADMIN=34531, RATIS_SERVER=34531, STANDALONE=32919], networkLocation: /default-rack, certSerialId: null, persistedOpState: IN_SERVICE, persistedOpStateExpiryEpochSec: 0}, ReplicationConfig: RATIS/ONE, State:ALLOCATED, leaderId:, CreationTimestamp2021-12-05T13:30:25.998Z[Etc/UTC]].
2021-12-05 13:30:26,520 [Listener at 127.0.0.1/36451] INFO  ozone.MiniOzoneClusterImpl (MiniOzoneClusterImpl.java:lambda$waitForClusterToBeReady$0(235)) - Waiting for nodes to be ready. Got 2 of 3 DN Heartbeats.
2021-12-05 13:30:26,520 [Listener at 127.0.0.1/36451] INFO  ozone.MiniOzoneClusterImpl (MiniOzoneClusterImpl.java:lambda$waitForClusterToBeReady$0(238)) - Waiting for cluster to exit safe mode
2021-12-05 13:30:26,520 [Listener at 127.0.0.1/36451] INFO  ozone.MiniOzoneClusterImpl (MiniOzoneClusterImpl.java:lambda$waitForClusterToBeReady$0(240)) - SCM became leader
2021-12-05 13:30:26,591 [IPC Server handler 1 on default port 39961] INFO  net.NetworkTopologyImpl (NetworkTopologyImpl.java:add(112)) - Added a new node: /default-rack/33789976-9166-4b2d-b432-fc5f37128ed1
2021-12-05 13:30:26,593 [IPC Server handler 1 on default port 39961] INFO  node.SCMNodeManager (SCMNodeManager.java:register(389)) - Registered Data node : 33789976-9166-4b2d-b432-fc5f37128ed1{ip: 10.1.0.33, host: fv-az148-969.bm4ck3pvxvsene1rjriu5fhcdb.bx.internal.cloudapp.net, ports: [REPLICATION=44279, RATIS=42511, RATIS_ADMIN=42511, RATIS_SERVER=42511, STANDALONE=42513], networkLocation: /default-rack, certSerialId: null, persistedOpState: null, persistedOpStateExpiryEpochSec: 0}
2021-12-05 13:30:26,594 [EventQueue-NewNodeForNewNodeHandler] INFO  pipeline.BackgroundPipelineCreator (BackgroundPipelineCreator.java:notifyEventTriggered(285)) - trigger a one-shot run on RatisPipelineUtilsThread.
2021-12-05 13:30:26,594 [EventQueue-NodeRegistrationContainerReportForDataNodeSafeModeRule] INFO  safemode.SCMSafeModeManager (DataNodeSafeModeRule.java:process(71)) - SCM in safe mode. 3 DataNodes registered, 3 required.
2021-12-05 13:30:26,594 [EventQueue-NodeRegistrationContainerReportForDataNodeSafeModeRule] INFO  safemode.SCMSafeModeManager (SCMSafeModeManager.java:validateSafeModeExitRules(204)) - DataNodeSafeModeRule rule is successfully validated
2021-12-05 13:30:26,594 [EventQueue-NodeRegistrationContainerReportForDataNodeSafeModeRule] INFO  safemode.SCMSafeModeManager (SCMSafeModeManager.java:completePreCheck(233)) - All SCM safe mode pre check rules have passed
2021-12-05 13:30:26,594 [RatisPipelineUtilsThread - 0] INFO  pipeline.RatisPipelineProvider (RatisPipelineProvider.java:lambda$create$0(183)) - Sending CreatePipelineCommand for pipeline:PipelineID=27bc53fb-48b1-4476-ac36-8ad3a9a4e271 to datanode:33789976-9166-4b2d-b432-fc5f37128ed1
2021-12-05 13:30:26,594 [EventQueue-NodeRegistrationContainerReportForDataNodeSafeModeRule] WARN  events.EventQueue (EventQueue.java:fireEvent(194)) - No event handler registered for event TypedEvent{payloadType=SafeModeStatus, name='Safe mode status'}
2021-12-05 13:30:26,595 [EventQueue-NodeRegistrationContainerReportForDataNodeSafeModeRule] INFO  ha.SCMContext (SCMContext.java:updateSafeModeStatus(205)) - Update SafeModeStatus from SafeModeStatus{safeModeStatus=true, preCheckPassed=false} to SafeModeStatus{safeModeStatus=true, preCheckPassed=true}.
2021-12-05 13:30:26,595 [EventQueue-NodeRegistrationContainerReportForDataNodeSafeModeRule] INFO  pipeline.BackgroundPipelineCreator (BackgroundPipelineCreator.java:notifyEventTriggered(285)) - trigger a one-shot run on RatisPipelineUtilsThread.
2021-12-05 13:30:26,595 [RatisPipelineUtilsThread - 0] INFO  pipeline.PipelineStateManagerImpl (PipelineStateManagerImpl.java:addPipeline(101)) - Created pipeline Pipeline[ Id: 27bc53fb-48b1-4476-ac36-8ad3a9a4e271, Nodes: 33789976-9166-4b2d-b432-fc5f37128ed1{ip: 10.1.0.33, host: fv-az148-969.bm4ck3pvxvsene1rjriu5fhcdb.bx.internal.cloudapp.net, ports: [REPLICATION=44279, RATIS=42511, RATIS_ADMIN=42511, RATIS_SERVER=42511, STANDALONE=42513], networkLocation: /default-rack, certSerialId: null, persistedOpState: IN_SERVICE, persistedOpStateExpiryEpochSec: 0}, ReplicationConfig: RATIS/ONE, State:ALLOCATED, leaderId:, CreationTimestamp2021-12-05T13:30:26.594Z[Etc/UTC]].
2021-12-05 13:30:26,595 [RatisPipelineUtilsThread - 0] INFO  pipeline.RatisPipelineProvider (RatisPipelineProvider.java:lambda$create$0(183)) - Sending CreatePipelineCommand for pipeline:PipelineID=d780fb42-4cec-4f07-a6e2-385c3dfc7687 to datanode:95adf3fa-442c-443c-b663-6c38b0fe08bf
2021-12-05 13:30:26,596 [RatisPipelineUtilsThread - 0] INFO  pipeline.RatisPipelineProvider (RatisPipelineProvider.java:lambda$create$0(183)) - Sending CreatePipelineCommand for pipeline:PipelineID=d780fb42-4cec-4f07-a6e2-385c3dfc7687 to datanode:33789976-9166-4b2d-b432-fc5f37128ed1
2021-12-05 13:30:26,596 [RatisPipelineUtilsThread - 0] INFO  pipeline.RatisPipelineProvider (RatisPipelineProvider.java:lambda$create$0(183)) - Sending CreatePipelineCommand for pipeline:PipelineID=d780fb42-4cec-4f07-a6e2-385c3dfc7687 to datanode:2eed3e29-6eea-4fc8-a1f2-b1cd31e46ec2
2021-12-05 13:30:26,596 [RatisPipelineUtilsThread - 0] INFO  pipeline.PipelineStateManagerImpl (PipelineStateManagerImpl.java:addPipeline(101)) - Created pipeline Pipeline[ Id: d780fb42-4cec-4f07-a6e2-385c3dfc7687, Nodes: 95adf3fa-442c-443c-b663-6c38b0fe08bf{ip: 10.1.0.33, host: fv-az148-969.bm4ck3pvxvsene1rjriu5fhcdb.bx.internal.cloudapp.net, ports: [REPLICATION=40395, RATIS=34639, RATIS_ADMIN=34639, RATIS_SERVER=34639, STANDALONE=41673], networkLocation: /default-rack, certSerialId: null, persistedOpState: IN_SERVICE, persistedOpStateExpiryEpochSec: 0}33789976-9166-4b2d-b432-fc5f37128ed1{ip: 10.1.0.33, host: fv-az148-969.bm4ck3pvxvsene1rjriu5fhcdb.bx.internal.cloudapp.net, ports: [REPLICATION=44279, RATIS=42511, RATIS_ADMIN=42511, RATIS_SERVER=42511, STANDALONE=42513], networkLocation: /default-rack, certSerialId: null, persistedOpState: IN_SERVICE, persistedOpStateExpiryEpochSec: 0}2eed3e29-6eea-4fc8-a1f2-b1cd31e46ec2{ip: 10.1.0.33, host: fv-az148-969.bm4ck3pvxvsene1rjriu5fhcdb.bx.internal.cloudapp.net, ports: [REPLICATION=41839, RATIS=34531, RATIS_ADMIN=34531, RATIS_SERVER=34531, STANDALONE=32919], networkLocation: /default-rack, certSerialId: null, persistedOpState: IN_SERVICE, persistedOpStateExpiryEpochSec: 0}, ReplicationConfig: RATIS/THREE, State:ALLOCATED, leaderId:, CreationTimestamp2021-12-05T13:30:26.595Z[Etc/UTC]].
2021-12-05 13:30:26,597 [RatisPipelineUtilsThread - 0] INFO  pipeline.RatisPipelineProvider (RatisPipelineProvider.java:lambda$create$0(183)) - Sending CreatePipelineCommand for pipeline:PipelineID=99371691-14df-4bf9-96f6-f8d5703bf313 to datanode:33789976-9166-4b2d-b432-fc5f37128ed1
2021-12-05 13:30:26,597 [RatisPipelineUtilsThread - 0] INFO  pipeline.RatisPipelineProvider (RatisPipelineProvider.java:lambda$create$0(183)) - Sending CreatePipelineCommand for pipeline:PipelineID=99371691-14df-4bf9-96f6-f8d5703bf313 to datanode:2eed3e29-6eea-4fc8-a1f2-b1cd31e46ec2
2021-12-05 13:30:26,597 [RatisPipelineUtilsThread - 0] INFO  pipeline.RatisPipelineProvider (RatisPipelineProvider.java:lambda$create$0(183)) - Sending CreatePipelineCommand for pipeline:PipelineID=99371691-14df-4bf9-96f6-f8d5703bf313 to datanode:95adf3fa-442c-443c-b663-6c38b0fe08bf
2021-12-05 13:30:26,598 [RatisPipelineUtilsThread - 0] INFO  pipeline.PipelineStateManagerImpl (PipelineStateManagerImpl.java:addPipeline(101)) - Created pipeline Pipeline[ Id: 99371691-14df-4bf9-96f6-f8d5703bf313, Nodes: 33789976-9166-4b2d-b432-fc5f37128ed1{ip: 10.1.0.33, host: fv-az148-969.bm4ck3pvxvsene1rjriu5fhcdb.bx.internal.cloudapp.net, ports: [REPLICATION=44279, RATIS=42511, RATIS_ADMIN=42511, RATIS_SERVER=42511, STANDALONE=42513], networkLocation: /default-rack, certSerialId: null, persistedOpState: IN_SERVICE, persistedOpStateExpiryEpochSec: 0}2eed3e29-6eea-4fc8-a1f2-b1cd31e46ec2{ip: 10.1.0.33, host: fv-az148-969.bm4ck3pvxvsene1rjriu5fhcdb.bx.internal.cloudapp.net, ports: [REPLICATION=41839, RATIS=34531, RATIS_ADMIN=34531, RATIS_SERVER=34531, STANDALONE=32919], networkLocation: /default-rack, certSerialId: null, persistedOpState: IN_SERVICE, persistedOpStateExpiryEpochSec: 0}95adf3fa-442c-443c-b663-6c38b0fe08bf{ip: 10.1.0.33, host: fv-az148-969.bm4ck3pvxvsene1rjriu5fhcdb.bx.internal.cloudapp.net, ports: [REPLICATION=40395, RATIS=34639, RATIS_ADMIN=34639, RATIS_SERVER=34639, STANDALONE=41673], networkLocation: /default-rack, certSerialId: null, persistedOpState: IN_SERVICE, persistedOpStateExpiryEpochSec: 0}, ReplicationConfig: RATIS/THREE, State:ALLOCATED, leaderId:, CreationTimestamp2021-12-05T13:30:26.597Z[Etc/UTC]].
2021-12-05 13:30:26,598 [RatisPipelineUtilsThread - 0] INFO  pipeline.PipelineManagerImpl (PipelineManagerImpl.java:recordMetricsForPipeline(620)) - Pipeline: PipelineID=99371691-14df-4bf9-96f6-f8d5703bf313 contains same datanodes as previous pipelines: PipelineID=d780fb42-4cec-4f07-a6e2-385c3dfc7687 nodeIds: 33789976-9166-4b2d-b432-fc5f37128ed1, 2eed3e29-6eea-4fc8-a1f2-b1cd31e46ec2, 95adf3fa-442c-443c-b663-6c38b0fe08bf
2021-12-05 13:30:27,520 [Listener at 127.0.0.1/36451] INFO  ozone.MiniOzoneClusterImpl (MiniOzoneClusterImpl.java:lambda$waitForClusterToBeReady$0(235)) - Nodes are ready. Got 3 of 3 DN Heartbeats.
2021-12-05 13:30:27,522 [Listener at 127.0.0.1/36451] INFO  ozone.MiniOzoneClusterImpl (MiniOzoneClusterImpl.java:lambda$waitForClusterToBeReady$0(238)) - Waiting for cluster to exit safe mode
2021-12-05 13:30:27,522 [Listener at 127.0.0.1/36451] INFO  ozone.MiniOzoneClusterImpl (MiniOzoneClusterImpl.java:lambda$waitForClusterToBeReady$0(240)) - SCM became leader
2021-12-05 13:30:28,435 [Command processor thread] INFO  server.RaftServer (RaftServerProxy.java:addNew(95)) - 95adf3fa-442c-443c-b663-6c38b0fe08bf: addNew group-E4C28F99EB72:[95adf3fa-442c-443c-b663-6c38b0fe08bf|rpc:10.1.0.33:34639|priority:1] returns group-E4C28F99EB72:java.util.concurrent.CompletableFuture@692a564e[Not completed]
2021-12-05 13:30:28,438 [pool-200-thread-1] INFO  server.RaftServer$Division (RaftServerImpl.java:<init>(184)) - 95adf3fa-442c-443c-b663-6c38b0fe08bf: new RaftServerImpl for group-E4C28F99EB72:[95adf3fa-442c-443c-b663-6c38b0fe08bf|rpc:10.1.0.33:34639|priority:1] with ContainerStateMachine:uninitialized
2021-12-05 13:30:28,438 [pool-200-thread-1] INFO  server.RaftServerConfigKeys (ConfUtils.java:logGet(44)) - raft.server.rpc.timeout.min = 5s (custom)
2021-12-05 13:30:28,438 [pool-200-thread-1] INFO  server.RaftServerConfigKeys (ConfUtils.java:logGet(44)) - raft.server.rpc.timeout.max = 5200ms (custom)
2021-12-05 13:30:28,438 [pool-200-thread-1] INFO  server.RaftServerConfigKeys (ConfUtils.java:logGet(44)) - raft.server.rpc.sleep.time = 25ms (default)
2021-12-05 13:30:28,438 [pool-200-thread-1] INFO  server.RaftServerConfigKeys (ConfUtils.java:logGet(44)) - raft.server.rpc.slowness.timeout = 300s (custom)
2021-12-05 13:30:28,438 [pool-200-thread-1] INFO  server.RaftServerConfigKeys (ConfUtils.java:logGet(44)) - raft.server.leaderelection.leader.step-down.wait-time = 10s (default)
2021-12-05 13:30:28,438 [pool-200-thread-1] INFO  server.RaftServerConfigKeys (ConfUtils.java:logGet(44)) - raft.server.sleep.deviation.threshold = 300ms (default)
2021-12-05 13:30:28,439 [pool-200-thread-1] INFO  server.RaftServerConfigKeys (ConfUtils.java:logGet(44)) - raft.server.log.appender.install.snapshot.enabled = false (custom)
2021-12-05 13:30:28,439 [pool-200-thread-1] INFO  server.RaftServer$Division (ServerState.java:<init>(105)) - 95adf3fa-442c-443c-b663-6c38b0fe08bf@group-E4C28F99EB72: ConfigurationManager, init=-1: [95adf3fa-442c-443c-b663-6c38b0fe08bf|rpc:10.1.0.33:34639|priority:1], old=null, confs=<EMPTY_MAP>
2021-12-05 13:30:28,439 [pool-200-thread-1] INFO  server.RaftServerConfigKeys (ConfUtils.java:logGet(44)) - raft.server.storage.dir = [/home/runner/work/ozone/ozone/hadoop-ozone/integration-test/target/test-dir/MiniOzoneClusterImpl-4b95c801-9289-4427-a3b2-78fba0992616/datanode-0/data/ratis] (custom)
2021-12-05 13:30:28,439 [pool-200-thread-1] INFO  server.RaftServerConfigKeys (ConfUtils.java:logGet(44)) - raft.server.log.corruption.policy = EXCEPTION (default)
2021-12-05 13:30:28,439 [pool-200-thread-1] INFO  server.RaftServerConfigKeys (ConfUtils.java:logGet(44)) - raft.server.storage.free-space.min = 0MB (=0) (default)
2021-12-05 13:30:28,439 [pool-200-thread-1] INFO  storage.RaftStorageDirectory (RaftStorageDirectoryImpl.java:analyzeStorage(135)) - The storage directory /home/runner/work/ozone/ozone/hadoop-ozone/integration-test/target/test-dir/MiniOzoneClusterImpl-4b95c801-9289-4427-a3b2-78fba0992616/datanode-0/data/ratis/08d403b6-be63-44f5-b6de-e4c28f99eb72 does not exist. Creating ...
2021-12-05 13:30:28,444 [pool-200-thread-1] INFO  storage.RaftStorageDirectory (RaftStorageDirectoryImpl.java:tryLock(230)) - Lock on /home/runner/work/ozone/ozone/hadoop-ozone/integration-test/target/test-dir/MiniOzoneClusterImpl-4b95c801-9289-4427-a3b2-78fba0992616/datanode-0/data/ratis/08d403b6-be63-44f5-b6de-e4c28f99eb72/in_use.lock acquired by nodename 9128@fv-az148-969
2021-12-05 13:30:28,446 [pool-200-thread-1] INFO  storage.RaftStorage (RaftStorageImpl.java:format(89)) - Storage directory /home/runner/work/ozone/ozone/hadoop-ozone/integration-test/target/test-dir/MiniOzoneClusterImpl-4b95c801-9289-4427-a3b2-78fba0992616/datanode-0/data/ratis/08d403b6-be63-44f5-b6de-e4c28f99eb72 has been successfully formatted.
2021-12-05 13:30:28,447 [pool-200-thread-1] INFO  ratis.ContainerStateMachine (ContainerStateMachine.java:loadSnapshot(224)) - group-E4C28F99EB72: The snapshot info is null. Setting the last applied indexto:(t:0, i:~)
2021-12-05 13:30:28,447 [pool-200-thread-1] INFO  server.RaftServerConfigKeys (ConfUtils.java:logGet(44)) - raft.server.notification.no-leader.timeout = 300s (custom)
2021-12-05 13:30:28,447 [pool-200-thread-1] INFO  server.RaftServerConfigKeys (ConfUtils.java:logGet(44)) - raft.server.log.use.memory = false (default)
2021-12-05 13:30:28,447 [pool-200-thread-1] INFO  server.RaftServerConfigKeys (ConfUtils.java:logGet(44)) - raft.server.log.purge.gap = 1000000 (custom)
2021-12-05 13:30:28,447 [pool-200-thread-1] INFO  server.RaftServerConfigKeys (ConfUtils.java:logGet(44)) - raft.server.log.appender.buffer.byte-limit = 33554432 (custom)
2021-12-05 13:30:28,448 [EventQueue-PipelineReportForPipelineReportHandler] INFO  pipeline.PipelineManagerImpl (PipelineManagerImpl.java:openPipeline(289)) - Pipeline Pipeline[ Id: 08d403b6-be63-44f5-b6de-e4c28f99eb72, Nodes: 95adf3fa-442c-443c-b663-6c38b0fe08bf{ip: 10.1.0.33, host: fv-az148-969.bm4ck3pvxvsene1rjriu5fhcdb.bx.internal.cloudapp.net, ports: [REPLICATION=40395, RATIS=34639, RATIS_ADMIN=34639, RATIS_SERVER=34639, STANDALONE=41673], networkLocation: /default-rack, certSerialId: null, persistedOpState: IN_SERVICE, persistedOpStateExpiryEpochSec: 0}, ReplicationConfig: RATIS/ONE, State:ALLOCATED, leaderId:95adf3fa-442c-443c-b663-6c38b0fe08bf, CreationTimestamp2021-12-05T13:30:25.443Z[Etc/UTC]] moved to OPEN state
2021-12-05 13:30:28,454 [pool-200-thread-1] INFO  server.RaftServerConfigKeys (ConfUtils.java:logGet(44)) - raft.server.log.segment.size.max = 1048576 (custom)
2021-12-05 13:30:28,454 [pool-200-thread-1] INFO  server.RaftServerConfigKeys (ConfUtils.java:logGet(44)) - raft.server.log.segment.cache.num.max = 2 (custom)
2021-12-05 13:30:28,454 [pool-200-thread-1] INFO  server.RaftServerConfigKeys (ConfUtils.java:logGet(44)) - raft.server.log.segment.cache.size.max = 200MB (=209715200) (default)
2021-12-05 13:30:28,454 [pool-200-thread-1] INFO  segmented.SegmentedRaftLogWorker (SegmentedRaftLogWorker.java:<init>(182)) - new 95adf3fa-442c-443c-b663-6c38b0fe08bf@group-E4C28F99EB72-SegmentedRaftLogWorker for RaftStorageImpl:Storage Directory /home/runner/work/ozone/ozone/hadoop-ozone/integration-test/target/test-dir/MiniOzoneClusterImpl-4b95c801-9289-4427-a3b2-78fba0992616/datanode-0/data/ratis/08d403b6-be63-44f5-b6de-e4c28f99eb72
2021-12-05 13:30:28,454 [pool-200-thread-1] INFO  server.RaftServerConfigKeys (ConfUtils.java:logGet(44)) - raft.server.log.queue.byte-limit = 2147483647 (custom)
2021-12-05 13:30:28,454 [pool-200-thread-1] INFO  server.RaftServerConfigKeys (ConfUtils.java:logGet(44)) - raft.server.log.queue.element-limit = 1024 (custom)
2021-12-05 13:30:28,454 [pool-200-thread-1] INFO  server.RaftServerConfigKeys (ConfUtils.java:logGet(44)) - raft.server.log.segment.size.max = 1048576 (custom)
2021-12-05 13:30:28,454 [pool-200-thread-1] INFO  server.RaftServerConfigKeys (ConfUtils.java:logGet(44)) - raft.server.log.preallocated.size = 16384 (custom)
2021-12-05 13:30:28,455 [pool-200-thread-1] INFO  server.RaftServerConfigKeys (ConfUtils.java:logGet(44)) - raft.server.log.force.sync.num = 128 (default)
2021-12-05 13:30:28,455 [pool-200-thread-1] INFO  server.RaftServerConfigKeys (ConfUtils.java:logGet(44)) - raft.server.log.statemachine.data.sync = true (default)
2021-12-05 13:30:28,455 [pool-200-thread-1] INFO  server.RaftServerConfigKeys (ConfUtils.java:logGet(44)) - raft.server.log.statemachine.data.sync.timeout = 10s (default)
2021-12-05 13:30:28,455 [pool-200-thread-1] INFO  server.RaftServerConfigKeys (ConfUtils.java:logGet(44)) - raft.server.log.statemachine.data.sync.timeout.retry = -1 (default)
2021-12-05 13:30:28,456 [pool-200-thread-1] INFO  server.RaftServerConfigKeys (ConfUtils.java:logGet(44)) - raft.server.log.write.buffer.size = 1048576 (custom)
2021-12-05 13:30:28,456 [pool-200-thread-1] INFO  server.RaftServerConfigKeys (ConfUtils.java:logGet(44)) - raft.server.log.statemachine.data.caching.enabled = true (custom)
2021-12-05 13:30:28,457 [pool-200-thread-1] INFO  segmented.SegmentedRaftLogWorker (SegmentedRaftLogWorker.java:lambda$new$0(133)) - 95adf3fa-442c-443c-b663-6c38b0fe08bf@group-E4C28F99EB72-SegmentedRaftLogWorker: flushIndex: setUnconditionally 0 -> -1
2021-12-05 13:30:28,457 [pool-200-thread-1] INFO  segmented.SegmentedRaftLogWorker (SegmentedRaftLogWorker.java:lambda$new$0(133)) - 95adf3fa-442c-443c-b663-6c38b0fe08bf@group-E4C28F99EB72-SegmentedRaftLogWorker: safeCacheEvictIndex: setUnconditionally 0 -> -1
2021-12-05 13:30:28,459 [pool-200-thread-1] INFO  server.RaftServerConfigKeys (ConfUtils.java:logGet(44)) - raft.server.snapshot.auto.trigger.enabled = true (custom)
2021-12-05 13:30:28,459 [pool-200-thread-1] INFO  server.RaftServerConfigKeys (ConfUtils.java:logGet(44)) - raft.server.snapshot.auto.trigger.threshold = 10000 (custom)
2021-12-05 13:30:28,459 [pool-200-thread-1] INFO  server.RaftServerConfigKeys (ConfUtils.java:logGet(44)) - raft.server.snapshot.retention.file.num = 5 (custom)
2021-12-05 13:30:28,459 [pool-200-thread-1] INFO  server.RaftServerConfigKeys (ConfUtils.java:logGet(44)) - raft.server.log.purge.upto.snapshot.index = false (default)
2021-12-05 13:30:28,459 [pool-200-thread-1] INFO  server.RaftServerConfigKeys (ConfUtils.java:logGet(44)) - raft.server.retrycache.expirytime = 600000ms (custom)
2021-12-05 13:30:28,459 [pool-200-thread-1] INFO  server.RaftServerConfigKeys (ConfUtils.java:logGet(44)) - raft.server.retrycache.statistics.expirytime = 100μs (default)
2021-12-05 13:30:28,461 [pool-200-thread-1] INFO  server.RaftServer$Division (RaftServerImpl.java:start(301)) - 95adf3fa-442c-443c-b663-6c38b0fe08bf@group-E4C28F99EB72: start as a follower, conf=-1: [95adf3fa-442c-443c-b663-6c38b0fe08bf|rpc:10.1.0.33:34639|priority:1], old=null
2021-12-05 13:30:28,461 [pool-200-thread-1] INFO  server.RaftServer$Division (RaftServerImpl.java:setRole(290)) - 95adf3fa-442c-443c-b663-6c38b0fe08bf@group-E4C28F99EB72: changes role from      null to FOLLOWER at term 0 for startAsFollower
2021-12-05 13:30:28,461 [pool-200-thread-1] INFO  impl.RoleInfo (RoleInfo.java:updateAndGet(130)) - 95adf3fa-442c-443c-b663-6c38b0fe08bf: start 95adf3fa-442c-443c-b663-6c38b0fe08bf@group-E4C28F99EB72-FollowerState
2021-12-05 13:30:28,462 [pool-200-thread-1] INFO  util.JmxRegister (JmxRegister.java:tryRegister(44)) - Successfully registered JMX Bean with object name Ratis:service=RaftServer,group=group-E4C28F99EB72,id=95adf3fa-442c-443c-b663-6c38b0fe08bf
2021-12-05 13:30:28,463 [Command processor thread] INFO  ratis.XceiverServerRatis (XceiverServerRatis.java:addGroup(768)) - Created group PipelineID=08d403b6-be63-44f5-b6de-e4c28f99eb72
2021-12-05 13:30:28,474 [Command processor thread] INFO  commandhandler.CreatePipelineCommandHandler (CreatePipelineCommandHandler.java:handle(106)) - Created Pipeline RATIS ONE PipelineID=08d403b6-be63-44f5-b6de-e4c28f99eb72.
2021-12-05 13:30:28,474 [Command processor thread] INFO  server.RaftServer (RaftServerProxy.java:addNew(95)) - 95adf3fa-442c-443c-b663-6c38b0fe08bf: addNew group-385C3DFC7687:[2eed3e29-6eea-4fc8-a1f2-b1cd31e46ec2|rpc:10.1.0.33:34531|priority:0, 33789976-9166-4b2d-b432-fc5f37128ed1|rpc:10.1.0.33:42511|priority:1, 95adf3fa-442c-443c-b663-6c38b0fe08bf|rpc:10.1.0.33:34639|priority:0] returns group-385C3DFC7687:java.util.concurrent.CompletableFuture@6d15cfb3[Not completed]
2021-12-05 13:30:28,478 [pool-200-thread-1] INFO  server.RaftServer$Division (RaftServerImpl.java:<init>(184)) - 95adf3fa-442c-443c-b663-6c38b0fe08bf: new RaftServerImpl for group-385C3DFC7687:[2eed3e29-6eea-4fc8-a1f2-b1cd31e46ec2|rpc:10.1.0.33:34531|priority:0, 33789976-9166-4b2d-b432-fc5f37128ed1|rpc:10.1.0.33:42511|priority:1, 95adf3fa-442c-443c-b663-6c38b0fe08bf|rpc:10.1.0.33:34639|priority:0] with ContainerStateMachine:uninitialized
2021-12-05 13:30:28,478 [pool-200-thread-1] INFO  server.RaftServerConfigKeys (ConfUtils.java:logGet(44)) - raft.server.rpc.timeout.min = 5s (custom)
2021-12-05 13:30:28,478 [pool-200-thread-1] INFO  server.RaftServerConfigKeys (ConfUtils.java:logGet(44)) - raft.server.rpc.timeout.max = 5200ms (custom)
2021-12-05 13:30:28,478 [pool-200-thread-1] INFO  server.RaftServerConfigKeys (ConfUtils.java:logGet(44)) - raft.server.rpc.sleep.time = 25ms (default)
2021-12-05 13:30:28,478 [pool-200-thread-1] INFO  server.RaftServerConfigKeys (ConfUtils.java:logGet(44)) - raft.server.rpc.slowness.timeout = 300s (custom)
2021-12-05 13:30:28,478 [pool-200-thread-1] INFO  server.RaftServerConfigKeys (ConfUtils.java:logGet(44)) - raft.server.leaderelection.leader.step-down.wait-time = 10s (default)
2021-12-05 13:30:28,478 [pool-200-thread-1] INFO  server.RaftServerConfigKeys (ConfUtils.java:logGet(44)) - raft.server.sleep.deviation.threshold = 300ms (default)
2021-12-05 13:30:28,478 [pool-200-thread-1] INFO  server.RaftServerConfigKeys (ConfUtils.java:logGet(44)) - raft.server.log.appender.install.snapshot.enabled = false (custom)
2021-12-05 13:30:28,478 [pool-200-thread-1] INFO  server.RaftServer$Division (ServerState.java:<init>(105)) - 95adf3fa-442c-443c-b663-6c38b0fe08bf@group-385C3DFC7687: ConfigurationManager, init=-1: [2eed3e29-6eea-4fc8-a1f2-b1cd31e46ec2|rpc:10.1.0.33:34531|priority:0, 33789976-9166-4b2d-b432-fc5f37128ed1|rpc:10.1.0.33:42511|priority:1, 95adf3fa-442c-443c-b663-6c38b0fe08bf|rpc:10.1.0.33:34639|priority:0], old=null, confs=<EMPTY_MAP>
2021-12-05 13:30:28,478 [pool-200-thread-1] INFO  server.RaftServerConfigKeys (ConfUtils.java:logGet(44)) - raft.server.storage.dir = [/home/runner/work/ozone/ozone/hadoop-ozone/integration-test/target/test-dir/MiniOzoneClusterImpl-4b95c801-9289-4427-a3b2-78fba0992616/datanode-0/data/ratis] (custom)
2021-12-05 13:30:28,479 [pool-200-thread-1] INFO  server.RaftServerConfigKeys (ConfUtils.java:logGet(44)) - raft.server.log.corruption.policy = EXCEPTION (default)
2021-12-05 13:30:28,479 [pool-200-thread-1] INFO  server.RaftServerConfigKeys (ConfUtils.java:logGet(44)) - raft.server.storage.free-space.min = 0MB (=0) (default)
2021-12-05 13:30:28,479 [pool-200-thread-1] INFO  storage.RaftStorageDirectory (RaftStorageDirectoryImpl.java:analyzeStorage(135)) - The storage directory /home/runner/work/ozone/ozone/hadoop-ozone/integration-test/target/test-dir/MiniOzoneClusterImpl-4b95c801-9289-4427-a3b2-78fba0992616/datanode-0/data/ratis/d780fb42-4cec-4f07-a6e2-385c3dfc7687 does not exist. Creating ...
2021-12-05 13:30:28,482 [pool-200-thread-1] INFO  storage.RaftStorageDirectory (RaftStorageDirectoryImpl.java:tryLock(230)) - Lock on /home/runner/work/ozone/ozone/hadoop-ozone/integration-test/target/test-dir/MiniOzoneClusterImpl-4b95c801-9289-4427-a3b2-78fba0992616/datanode-0/data/ratis/d780fb42-4cec-4f07-a6e2-385c3dfc7687/in_use.lock acquired by nodename 9128@fv-az148-969
2021-12-05 13:30:28,483 [pool-200-thread-1] INFO  storage.RaftStorage (RaftStorageImpl.java:format(89)) - Storage directory /home/runner/work/ozone/ozone/hadoop-ozone/integration-test/target/test-dir/MiniOzoneClusterImpl-4b95c801-9289-4427-a3b2-78fba0992616/datanode-0/data/ratis/d780fb42-4cec-4f07-a6e2-385c3dfc7687 has been successfully formatted.
2021-12-05 13:30:28,484 [pool-200-thread-1] INFO  ratis.ContainerStateMachine (ContainerStateMachine.java:loadSnapshot(224)) - group-385C3DFC7687: The snapshot info is null. Setting the last applied indexto:(t:0, i:~)
2021-12-05 13:30:28,484 [pool-200-thread-1] INFO  server.RaftServerConfigKeys (ConfUtils.java:logGet(44)) - raft.server.notification.no-leader.timeout = 300s (custom)
2021-12-05 13:30:28,484 [pool-200-thread-1] INFO  server.RaftServerConfigKeys (ConfUtils.java:logGet(44)) - raft.server.log.use.memory = false (default)
2021-12-05 13:30:28,484 [pool-200-thread-1] INFO  server.RaftServerConfigKeys (ConfUtils.java:logGet(44)) - raft.server.log.purge.gap = 1000000 (custom)
2021-12-05 13:30:28,484 [pool-200-thread-1] INFO  server.RaftServerConfigKeys (ConfUtils.java:logGet(44)) - raft.server.log.appender.buffer.byte-limit = 33554432 (custom)
2021-12-05 13:30:28,484 [pool-200-thread-1] INFO  server.RaftServerConfigKeys (ConfUtils.java:logGet(44)) - raft.server.log.segment.size.max = 1048576 (custom)
2021-12-05 13:30:28,485 [pool-200-thread-1] INFO  server.RaftServerConfigKeys (ConfUtils.java:logGet(44)) - raft.server.log.segment.cache.num.max = 2 (custom)
2021-12-05 13:30:28,485 [pool-200-thread-1] INFO  server.RaftServerConfigKeys (ConfUtils.java:logGet(44)) - raft.server.log.segment.cache.size.max = 200MB (=209715200) (default)
2021-12-05 13:30:28,485 [pool-200-thread-1] INFO  segmented.SegmentedRaftLogWorker (SegmentedRaftLogWorker.java:<init>(182)) - new 95adf3fa-442c-443c-b663-6c38b0fe08bf@group-385C3DFC7687-SegmentedRaftLogWorker for RaftStorageImpl:Storage Directory /home/runner/work/ozone/ozone/hadoop-ozone/integration-test/target/test-dir/MiniOzoneClusterImpl-4b95c801-9289-4427-a3b2-78fba0992616/datanode-0/data/ratis/d780fb42-4cec-4f07-a6e2-385c3dfc7687
2021-12-05 13:30:28,485 [pool-200-thread-1] INFO  server.RaftServerConfigKeys (ConfUtils.java:logGet(44)) - raft.server.log.queue.byte-limit = 2147483647 (custom)
2021-12-05 13:30:28,485 [pool-200-thread-1] INFO  server.RaftServerConfigKeys (ConfUtils.java:logGet(44)) - raft.server.log.queue.element-limit = 1024 (custom)
2021-12-05 13:30:28,485 [pool-200-thread-1] INFO  server.RaftServerConfigKeys (ConfUtils.java:logGet(44)) - raft.server.log.segment.size.max = 1048576 (custom)
2021-12-05 13:30:28,485 [pool-200-thread-1] INFO  server.RaftServerConfigKeys (ConfUtils.java:logGet(44)) - raft.server.log.preallocated.size = 16384 (custom)
2021-12-05 13:30:28,485 [pool-200-thread-1] INFO  server.RaftServerConfigKeys (ConfUtils.java:logGet(44)) - raft.server.log.force.sync.num = 128 (default)
2021-12-05 13:30:28,485 [pool-200-thread-1] INFO  server.RaftServerConfigKeys (ConfUtils.java:logGet(44)) - raft.server.log.statemachine.data.sync = true (default)
2021-12-05 13:30:28,485 [pool-200-thread-1] INFO  server.RaftServerConfigKeys (ConfUtils.java:logGet(44)) - raft.server.log.statemachine.data.sync.timeout = 10s (default)
2021-12-05 13:30:28,485 [pool-200-thread-1] INFO  server.RaftServerConfigKeys (ConfUtils.java:logGet(44)) - raft.server.log.statemachine.data.sync.timeout.retry = -1 (default)
2021-12-05 13:30:28,486 [pool-200-thread-1] INFO  server.RaftServerConfigKeys (ConfUtils.java:logGet(44)) - raft.server.log.write.buffer.size = 1048576 (custom)
2021-12-05 13:30:28,486 [pool-200-thread-1] INFO  server.RaftServerConfigKeys (ConfUtils.java:logGet(44)) - raft.server.log.statemachine.data.caching.enabled = true (custom)
2021-12-05 13:30:28,486 [pool-200-thread-1] INFO  segmented.SegmentedRaftLogWorker (SegmentedRaftLogWorker.java:lambda$new$0(133)) - 95adf3fa-442c-443c-b663-6c38b0fe08bf@group-385C3DFC7687-SegmentedRaftLogWorker: flushIndex: setUnconditionally 0 -> -1
2021-12-05 13:30:28,487 [pool-200-thread-1] INFO  segmented.SegmentedRaftLogWorker (SegmentedRaftLogWorker.java:lambda$new$0(133)) - 95adf3fa-442c-443c-b663-6c38b0fe08bf@group-385C3DFC7687-SegmentedRaftLogWorker: safeCacheEvictIndex: setUnconditionally 0 -> -1
2021-12-05 13:30:28,490 [pool-200-thread-1] INFO  server.RaftServerConfigKeys (ConfUtils.java:logGet(44)) - raft.server.snapshot.auto.trigger.enabled = true (custom)
2021-12-05 13:30:28,490 [pool-200-thread-1] INFO  server.RaftServerConfigKeys (ConfUtils.java:logGet(44)) - raft.server.snapshot.auto.trigger.threshold = 10000 (custom)
2021-12-05 13:30:28,490 [pool-200-thread-1] INFO  server.RaftServerConfigKeys (ConfUtils.java:logGet(44)) - raft.server.snapshot.retention.file.num = 5 (custom)
2021-12-05 13:30:28,490 [pool-200-thread-1] INFO  server.RaftServerConfigKeys (ConfUtils.java:logGet(44)) - raft.server.log.purge.upto.snapshot.index = false (default)
2021-12-05 13:30:28,490 [pool-200-thread-1] INFO  server.RaftServerConfigKeys (ConfUtils.java:logGet(44)) - raft.server.retrycache.expirytime = 600000ms (custom)
2021-12-05 13:30:28,490 [pool-200-thread-1] INFO  server.RaftServerConfigKeys (ConfUtils.java:logGet(44)) - raft.server.retrycache.statistics.expirytime = 100μs (default)
2021-12-05 13:30:28,494 [EventQueue-OpenPipelineForHealthyPipelineSafeModeRule] INFO  safemode.SCMSafeModeManager (HealthyPipelineSafeModeRule.java:process(124)) - SCM in safe mode. Healthy pipelines reported count is 0, required healthy pipeline reported count is 1
2021-12-05 13:30:28,494 [EventQueue-OpenPipelineForHealthyPipelineSafeModeRule] INFO  safemode.SCMSafeModeManager (HealthyPipelineSafeModeRule.java:process(124)) - SCM in safe mode. Healthy pipelines reported count is 0, required healthy pipeline reported count is 1
2021-12-05 13:30:28,502 [pool-200-thread-1] INFO  server.RaftServer$Division (RaftServerImpl.java:start(301)) - 95adf3fa-442c-443c-b663-6c38b0fe08bf@group-385C3DFC7687: start as a follower, conf=-1: [2eed3e29-6eea-4fc8-a1f2-b1cd31e46ec2|rpc:10.1.0.33:34531|priority:0, 33789976-9166-4b2d-b432-fc5f37128ed1|rpc:10.1.0.33:42511|priority:1, 95adf3fa-442c-443c-b663-6c38b0fe08bf|rpc:10.1.0.33:34639|priority:0], old=null
2021-12-05 13:30:28,502 [pool-200-thread-1] INFO  server.RaftServer$Division (RaftServerImpl.java:setRole(290)) - 95adf3fa-442c-443c-b663-6c38b0fe08bf@group-385C3DFC7687: changes role from      null to FOLLOWER at term 0 for startAsFollower
2021-12-05 13:30:28,502 [pool-200-thread-1] INFO  impl.RoleInfo (RoleInfo.java:updateAndGet(130)) - 95adf3fa-442c-443c-b663-6c38b0fe08bf: start 95adf3fa-442c-443c-b663-6c38b0fe08bf@group-385C3DFC7687-FollowerState
2021-12-05 13:30:28,514 [pool-200-thread-1] INFO  util.JmxRegister (JmxRegister.java:tryRegister(44)) - Successfully registered JMX Bean with object name Ratis:service=RaftServer,group=group-385C3DFC7687,id=95adf3fa-442c-443c-b663-6c38b0fe08bf
2021-12-05 13:30:28,518 [Command processor thread] INFO  ratis.XceiverServerRatis (XceiverServerRatis.java:addGroup(768)) - Created group PipelineID=d780fb42-4cec-4f07-a6e2-385c3dfc7687
2021-12-05 13:30:28,523 [Listener at 127.0.0.1/36451] INFO  ozone.MiniOzoneClusterImpl (MiniOzoneClusterImpl.java:lambda$waitForClusterToBeReady$0(235)) - Nodes are ready. Got 3 of 3 DN Heartbeats.
2021-12-05 13:30:28,523 [Listener at 127.0.0.1/36451] INFO  ozone.MiniOzoneClusterImpl (MiniOzoneClusterImpl.java:lambda$waitForClusterToBeReady$0(238)) - Waiting for cluster to exit safe mode
2021-12-05 13:30:28,523 [Listener at 127.0.0.1/36451] INFO  ozone.MiniOzoneClusterImpl (MiniOzoneClusterImpl.java:lambda$waitForClusterToBeReady$0(240)) - SCM became leader
2021-12-05 13:30:28,562 [grpc-default-executor-0] INFO  server.RaftServer (RaftServerProxy.java:addNew(95)) - 33789976-9166-4b2d-b432-fc5f37128ed1: addNew group-385C3DFC7687:[2eed3e29-6eea-4fc8-a1f2-b1cd31e46ec2|rpc:10.1.0.33:34531|dataStream:|priority:0, 33789976-9166-4b2d-b432-fc5f37128ed1|rpc:10.1.0.33:42511|dataStream:|priority:1, 95adf3fa-442c-443c-b663-6c38b0fe08bf|rpc:10.1.0.33:34639|dataStream:|priority:0] returns group-385C3DFC7687:java.util.concurrent.CompletableFuture@16f334ae[Not completed]
2021-12-05 13:30:28,570 [pool-242-thread-1] INFO  server.RaftServer$Division (RaftServerImpl.java:<init>(184)) - 33789976-9166-4b2d-b432-fc5f37128ed1: new RaftServerImpl for group-385C3DFC7687:[2eed3e29-6eea-4fc8-a1f2-b1cd31e46ec2|rpc:10.1.0.33:34531|dataStream:|priority:0, 33789976-9166-4b2d-b432-fc5f37128ed1|rpc:10.1.0.33:42511|dataStream:|priority:1, 95adf3fa-442c-443c-b663-6c38b0fe08bf|rpc:10.1.0.33:34639|dataStream:|priority:0] with ContainerStateMachine:uninitialized
2021-12-05 13:30:28,571 [pool-242-thread-1] INFO  server.RaftServerConfigKeys (ConfUtils.java:logGet(44)) - raft.server.rpc.timeout.min = 5s (custom)
2021-12-05 13:30:28,574 [pool-242-thread-1] INFO  server.RaftServerConfigKeys (ConfUtils.java:logGet(44)) - raft.server.rpc.timeout.max = 5200ms (custom)
2021-12-05 13:30:28,574 [pool-242-thread-1] INFO  server.RaftServerConfigKeys (ConfUtils.java:logGet(44)) - raft.server.rpc.sleep.time = 25ms (default)
2021-12-05 13:30:28,574 [pool-242-thread-1] INFO  server.RaftServerConfigKeys (ConfUtils.java:logGet(44)) - raft.server.rpc.slowness.timeout = 300s (custom)
2021-12-05 13:30:28,574 [pool-242-thread-1] INFO  server.RaftServerConfigKeys (ConfUtils.java:logGet(44)) - raft.server.leaderelection.leader.step-down.wait-time = 10s (default)
2021-12-05 13:30:28,574 [pool-242-thread-1] INFO  server.RaftServerConfigKeys (ConfUtils.java:logGet(44)) - raft.server.sleep.deviation.threshold = 300ms (default)
2021-12-05 13:30:28,574 [pool-242-thread-1] INFO  server.RaftServerConfigKeys (ConfUtils.java:logGet(44)) - raft.server.log.appender.install.snapshot.enabled = false (custom)
2021-12-05 13:30:28,574 [pool-242-thread-1] INFO  server.RaftServer$Division (ServerState.java:<init>(105)) - 33789976-9166-4b2d-b432-fc5f37128ed1@group-385C3DFC7687: ConfigurationManager, init=-1: [2eed3e29-6eea-4fc8-a1f2-b1cd31e46ec2|rpc:10.1.0.33:34531|dataStream:|priority:0, 33789976-9166-4b2d-b432-fc5f37128ed1|rpc:10.1.0.33:42511|dataStream:|priority:1, 95adf3fa-442c-443c-b663-6c38b0fe08bf|rpc:10.1.0.33:34639|dataStream:|priority:0], old=null, confs=<EMPTY_MAP>
2021-12-05 13:30:28,582 [pool-242-thread-1] INFO  server.RaftServerConfigKeys (ConfUtils.java:logGet(44)) - raft.server.storage.dir = [/home/runner/work/ozone/ozone/hadoop-ozone/integration-test/target/test-dir/MiniOzoneClusterImpl-4b95c801-9289-4427-a3b2-78fba0992616/datanode-2/data/ratis] (custom)
2021-12-05 13:30:28,582 [pool-242-thread-1] INFO  server.RaftServerConfigKeys (ConfUtils.java:logGet(44)) - raft.server.log.corruption.policy = EXCEPTION (default)
2021-12-05 13:30:28,582 [pool-242-thread-1] INFO  server.RaftServerConfigKeys (ConfUtils.java:logGet(44)) - raft.server.storage.free-space.min = 0MB (=0) (default)
2021-12-05 13:30:28,582 [pool-242-thread-1] INFO  storage.RaftStorageDirectory (RaftStorageDirectoryImpl.java:analyzeStorage(135)) - The storage directory /home/runner/work/ozone/ozone/hadoop-ozone/integration-test/target/test-dir/MiniOzoneClusterImpl-4b95c801-9289-4427-a3b2-78fba0992616/datanode-2/data/ratis/d780fb42-4cec-4f07-a6e2-385c3dfc7687 does not exist. Creating ...
2021-12-05 13:30:28,583 [pool-242-thread-1] INFO  storage.RaftStorageDirectory (RaftStorageDirectoryImpl.java:tryLock(230)) - Lock on /home/runner/work/ozone/ozone/hadoop-ozone/integration-test/target/test-dir/MiniOzoneClusterImpl-4b95c801-9289-4427-a3b2-78fba0992616/datanode-2/data/ratis/d780fb42-4cec-4f07-a6e2-385c3dfc7687/in_use.lock acquired by nodename 9128@fv-az148-969
2021-12-05 13:30:28,585 [pool-242-thread-1] INFO  storage.RaftStorage (RaftStorageImpl.java:format(89)) - Storage directory /home/runner/work/ozone/ozone/hadoop-ozone/integration-test/target/test-dir/MiniOzoneClusterImpl-4b95c801-9289-4427-a3b2-78fba0992616/datanode-2/data/ratis/d780fb42-4cec-4f07-a6e2-385c3dfc7687 has been successfully formatted.
2021-12-05 13:30:28,585 [pool-242-thread-1] INFO  ratis.ContainerStateMachine (ContainerStateMachine.java:loadSnapshot(224)) - group-385C3DFC7687: The snapshot info is null. Setting the last applied indexto:(t:0, i:~)
2021-12-05 13:30:28,586 [pool-242-thread-1] INFO  server.RaftServerConfigKeys (ConfUtils.java:logGet(44)) - raft.server.notification.no-leader.timeout = 300s (custom)
2021-12-05 13:30:28,588 [pool-242-thread-1] INFO  server.RaftServerConfigKeys (ConfUtils.java:logGet(44)) - raft.server.log.use.memory = false (default)
2021-12-05 13:30:28,588 [pool-242-thread-1] INFO  server.RaftServerConfigKeys (ConfUtils.java:logGet(44)) - raft.server.log.purge.gap = 1000000 (custom)
2021-12-05 13:30:28,588 [pool-242-thread-1] INFO  server.RaftServerConfigKeys (ConfUtils.java:logGet(44)) - raft.server.log.appender.buffer.byte-limit = 33554432 (custom)
2021-12-05 13:30:28,588 [pool-242-thread-1] INFO  server.RaftServerConfigKeys (ConfUtils.java:logGet(44)) - raft.server.log.segment.size.max = 1048576 (custom)
2021-12-05 13:30:28,588 [pool-242-thread-1] INFO  server.RaftServerConfigKeys (ConfUtils.java:logGet(44)) - raft.server.log.segment.cache.num.max = 2 (custom)
2021-12-05 13:30:28,589 [pool-242-thread-1] INFO  server.RaftServerConfigKeys (ConfUtils.java:logGet(44)) - raft.server.log.segment.cache.size.max = 200MB (=209715200) (default)
2021-12-05 13:30:28,589 [pool-242-thread-1] INFO  segmented.SegmentedRaftLogWorker (SegmentedRaftLogWorker.java:<init>(182)) - new 33789976-9166-4b2d-b432-fc5f37128ed1@group-385C3DFC7687-SegmentedRaftLogWorker for RaftStorageImpl:Storage Directory /home/runner/work/ozone/ozone/hadoop-ozone/integration-test/target/test-dir/MiniOzoneClusterImpl-4b95c801-9289-4427-a3b2-78fba0992616/datanode-2/data/ratis/d780fb42-4cec-4f07-a6e2-385c3dfc7687
2021-12-05 13:30:28,589 [pool-242-thread-1] INFO  server.RaftServerConfigKeys (ConfUtils.java:logGet(44)) - raft.server.log.queue.byte-limit = 2147483647 (custom)
2021-12-05 13:30:28,589 [pool-242-thread-1] INFO  server.RaftServerConfigKeys (ConfUtils.java:logGet(44)) - raft.server.log.queue.element-limit = 1024 (custom)
2021-12-05 13:30:28,589 [pool-242-thread-1] INFO  server.RaftServerConfigKeys (ConfUtils.java:logGet(44)) - raft.server.log.segment.size.max = 1048576 (custom)
2021-12-05 13:30:28,589 [pool-242-thread-1] INFO  server.RaftServerConfigKeys (ConfUtils.java:logGet(44)) - raft.server.log.preallocated.size = 16384 (custom)
2021-12-05 13:30:28,589 [pool-242-thread-1] INFO  server.RaftServerConfigKeys (ConfUtils.java:logGet(44)) - raft.server.log.force.sync.num = 128 (default)
2021-12-05 13:30:28,589 [pool-242-thread-1] INFO  server.RaftServerConfigKeys (ConfUtils.java:logGet(44)) - raft.server.log.statemachine.data.sync = true (default)
2021-12-05 13:30:28,589 [pool-242-thread-1] INFO  server.RaftServerConfigKeys (ConfUtils.java:logGet(44)) - raft.server.log.statemachine.data.sync.timeout = 10s (default)
2021-12-05 13:30:28,589 [pool-242-thread-1] INFO  server.RaftServerConfigKeys (ConfUtils.java:logGet(44)) - raft.server.log.statemachine.data.sync.timeout.retry = -1 (default)
2021-12-05 13:30:28,590 [pool-242-thread-1] INFO  server.RaftServerConfigKeys (ConfUtils.java:logGet(44)) - raft.server.log.write.buffer.size = 1048576 (custom)
2021-12-05 13:30:28,591 [pool-242-thread-1] INFO  server.RaftServerConfigKeys (ConfUtils.java:logGet(44)) - raft.server.log.statemachine.data.caching.enabled = true (custom)
2021-12-05 13:30:28,591 [pool-242-thread-1] INFO  segmented.SegmentedRaftLogWorker (SegmentedRaftLogWorker.java:lambda$new$0(133)) - 33789976-9166-4b2d-b432-fc5f37128ed1@group-385C3DFC7687-SegmentedRaftLogWorker: flushIndex: setUnconditionally 0 -> -1
2021-12-05 13:30:28,591 [pool-242-thread-1] INFO  segmented.SegmentedRaftLogWorker (SegmentedRaftLogWorker.java:lambda$new$0(133)) - 33789976-9166-4b2d-b432-fc5f37128ed1@group-385C3DFC7687-SegmentedRaftLogWorker: safeCacheEvictIndex: setUnconditionally 0 -> -1
2021-12-05 13:30:28,591 [pool-242-thread-1] INFO  server.RaftServerConfigKeys (ConfUtils.java:logGet(44)) - raft.server.snapshot.auto.trigger.enabled = true (custom)
2021-12-05 13:30:28,591 [pool-242-thread-1] INFO  server.RaftServerConfigKeys (ConfUtils.java:logGet(44)) - raft.server.snapshot.auto.trigger.threshold = 10000 (custom)
2021-12-05 13:30:28,591 [pool-242-thread-1] INFO  server.RaftServerConfigKeys (ConfUtils.java:logGet(44)) - raft.server.snapshot.retention.file.num = 5 (custom)
2021-12-05 13:30:28,591 [pool-242-thread-1] INFO  server.RaftServerConfigKeys (ConfUtils.java:logGet(44)) - raft.server.log.purge.upto.snapshot.index = false (default)
2021-12-05 13:30:28,591 [pool-242-thread-1] INFO  server.RaftServerConfigKeys (ConfUtils.java:logGet(44)) - raft.server.retrycache.expirytime = 600000ms (custom)
2021-12-05 13:30:28,592 [pool-242-thread-1] INFO  server.RaftServerConfigKeys (ConfUtils.java:logGet(44)) - raft.server.retrycache.statistics.expirytime = 100μs (default)
2021-12-05 13:30:28,593 [pool-242-thread-1] INFO  server.RaftServer$Division (RaftServerImpl.java:start(301)) - 33789976-9166-4b2d-b432-fc5f37128ed1@group-385C3DFC7687: start as a follower, conf=-1: [2eed3e29-6eea-4fc8-a1f2-b1cd31e46ec2|rpc:10.1.0.33:34531|dataStream:|priority:0, 33789976-9166-4b2d-b432-fc5f37128ed1|rpc:10.1.0.33:42511|dataStream:|priority:1, 95adf3fa-442c-443c-b663-6c38b0fe08bf|rpc:10.1.0.33:34639|dataStream:|priority:0], old=null
2021-12-05 13:30:28,593 [pool-242-thread-1] INFO  server.RaftServer$Division (RaftServerImpl.java:setRole(290)) - 33789976-9166-4b2d-b432-fc5f37128ed1@group-385C3DFC7687: changes role from      null to FOLLOWER at term 0 for startAsFollower
2021-12-05 13:30:28,593 [pool-242-thread-1] INFO  impl.RoleInfo (RoleInfo.java:updateAndGet(130)) - 33789976-9166-4b2d-b432-fc5f37128ed1: start 33789976-9166-4b2d-b432-fc5f37128ed1@group-385C3DFC7687-FollowerState
2021-12-05 13:30:28,599 [pool-242-thread-1] INFO  util.JmxRegister (JmxRegister.java:tryRegister(44)) - Successfully registered JMX Bean with object name Ratis:service=RaftServer,group=group-385C3DFC7687,id=33789976-9166-4b2d-b432-fc5f37128ed1
2021-12-05 13:30:28,698 [grpc-default-executor-0] INFO  server.RaftServer (RaftServerProxy.java:addNew(95)) - 2eed3e29-6eea-4fc8-a1f2-b1cd31e46ec2: addNew group-385C3DFC7687:[2eed3e29-6eea-4fc8-a1f2-b1cd31e46ec2|rpc:10.1.0.33:34531|dataStream:|priority:0, 33789976-9166-4b2d-b432-fc5f37128ed1|rpc:10.1.0.33:42511|dataStream:|priority:1, 95adf3fa-442c-443c-b663-6c38b0fe08bf|rpc:10.1.0.33:34639|dataStream:|priority:0] returns group-385C3DFC7687:java.util.concurrent.CompletableFuture@1e15de5c[Not completed]
2021-12-05 13:30:28,699 [pool-221-thread-1] INFO  server.RaftServer$Division (RaftServerImpl.java:<init>(184)) - 2eed3e29-6eea-4fc8-a1f2-b1cd31e46ec2: new RaftServerImpl for group-385C3DFC7687:[2eed3e29-6eea-4fc8-a1f2-b1cd31e46ec2|rpc:10.1.0.33:34531|dataStream:|priority:0, 33789976-9166-4b2d-b432-fc5f37128ed1|rpc:10.1.0.33:42511|dataStream:|priority:1, 95adf3fa-442c-443c-b663-6c38b0fe08bf|rpc:10.1.0.33:34639|dataStream:|priority:0] with ContainerStateMachine:uninitialized
2021-12-05 13:30:28,706 [pool-221-thread-1] INFO  server.RaftServerConfigKeys (ConfUtils.java:logGet(44)) - raft.server.rpc.timeout.min = 5s (custom)
2021-12-05 13:30:28,706 [pool-221-thread-1] INFO  server.RaftServerConfigKeys (ConfUtils.java:logGet(44)) - raft.server.rpc.timeout.max = 5200ms (custom)
2021-12-05 13:30:28,706 [pool-221-thread-1] INFO  server.RaftServerConfigKeys (ConfUtils.java:logGet(44)) - raft.server.rpc.sleep.time = 25ms (default)
2021-12-05 13:30:28,706 [pool-221-thread-1] INFO  server.RaftServerConfigKeys (ConfUtils.java:logGet(44)) - raft.server.rpc.slowness.timeout = 300s (custom)
2021-12-05 13:30:28,706 [pool-221-thread-1] INFO  server.RaftServerConfigKeys (ConfUtils.java:logGet(44)) - raft.server.leaderelection.leader.step-down.wait-time = 10s (default)
2021-12-05 13:30:28,706 [pool-221-thread-1] INFO  server.RaftServerConfigKeys (ConfUtils.java:logGet(44)) - raft.server.sleep.deviation.threshold = 300ms (default)
2021-12-05 13:30:28,707 [pool-221-thread-1] INFO  server.RaftServerConfigKeys (ConfUtils.java:logGet(44)) - raft.server.log.appender.install.snapshot.enabled = false (custom)
2021-12-05 13:30:28,707 [pool-221-thread-1] INFO  server.RaftServer$Division (ServerState.java:<init>(105)) - 2eed3e29-6eea-4fc8-a1f2-b1cd31e46ec2@group-385C3DFC7687: ConfigurationManager, init=-1: [2eed3e29-6eea-4fc8-a1f2-b1cd31e46ec2|rpc:10.1.0.33:34531|dataStream:|priority:0, 33789976-9166-4b2d-b432-fc5f37128ed1|rpc:10.1.0.33:42511|dataStream:|priority:1, 95adf3fa-442c-443c-b663-6c38b0fe08bf|rpc:10.1.0.33:34639|dataStream:|priority:0], old=null, confs=<EMPTY_MAP>
2021-12-05 13:30:28,707 [pool-221-thread-1] INFO  server.RaftServerConfigKeys (ConfUtils.java:logGet(44)) - raft.server.storage.dir = [/home/runner/work/ozone/ozone/hadoop-ozone/integration-test/target/test-dir/MiniOzoneClusterImpl-4b95c801-9289-4427-a3b2-78fba0992616/datanode-1/data/ratis] (custom)
2021-12-05 13:30:28,707 [pool-221-thread-1] INFO  server.RaftServerConfigKeys (ConfUtils.java:logGet(44)) - raft.server.log.corruption.policy = EXCEPTION (default)
2021-12-05 13:30:28,708 [pool-221-thread-1] INFO  server.RaftServerConfigKeys (ConfUtils.java:logGet(44)) - raft.server.storage.free-space.min = 0MB (=0) (default)
2021-12-05 13:30:28,708 [pool-221-thread-1] INFO  storage.RaftStorageDirectory (RaftStorageDirectoryImpl.java:analyzeStorage(135)) - The storage directory /home/runner/work/ozone/ozone/hadoop-ozone/integration-test/target/test-dir/MiniOzoneClusterImpl-4b95c801-9289-4427-a3b2-78fba0992616/datanode-1/data/ratis/d780fb42-4cec-4f07-a6e2-385c3dfc7687 does not exist. Creating ...
2021-12-05 13:30:28,710 [pool-221-thread-1] INFO  storage.RaftStorageDirectory (RaftStorageDirectoryImpl.java:tryLock(230)) - Lock on /home/runner/work/ozone/ozone/hadoop-ozone/integration-test/target/test-dir/MiniOzoneClusterImpl-4b95c801-9289-4427-a3b2-78fba0992616/datanode-1/data/ratis/d780fb42-4cec-4f07-a6e2-385c3dfc7687/in_use.lock acquired by nodename 9128@fv-az148-969
2021-12-05 13:30:28,720 [pool-221-thread-1] INFO  storage.RaftStorage (RaftStorageImpl.java:format(89)) - Storage directory /home/runner/work/ozone/ozone/hadoop-ozone/integration-test/target/test-dir/MiniOzoneClusterImpl-4b95c801-9289-4427-a3b2-78fba0992616/datanode-1/data/ratis/d780fb42-4cec-4f07-a6e2-385c3dfc7687 has been successfully formatted.
2021-12-05 13:30:28,721 [pool-221-thread-1] INFO  ratis.ContainerStateMachine (ContainerStateMachine.java:loadSnapshot(224)) - group-385C3DFC7687: The snapshot info is null. Setting the last applied indexto:(t:0, i:~)
2021-12-05 13:30:28,721 [pool-221-thread-1] INFO  server.RaftServerConfigKeys (ConfUtils.java:logGet(44)) - raft.server.notification.no-leader.timeout = 300s (custom)
2021-12-05 13:30:28,721 [pool-221-thread-1] INFO  server.RaftServerConfigKeys (ConfUtils.java:logGet(44)) - raft.server.log.use.memory = false (default)
2021-12-05 13:30:28,721 [pool-221-thread-1] INFO  server.RaftServerConfigKeys (ConfUtils.java:logGet(44)) - raft.server.log.purge.gap = 1000000 (custom)
2021-12-05 13:30:28,721 [pool-221-thread-1] INFO  server.RaftServerConfigKeys (ConfUtils.java:logGet(44)) - raft.server.log.appender.buffer.byte-limit = 33554432 (custom)
2021-12-05 13:30:28,721 [pool-221-thread-1] INFO  server.RaftServerConfigKeys (ConfUtils.java:logGet(44)) - raft.server.log.segment.size.max = 1048576 (custom)
2021-12-05 13:30:28,722 [pool-221-thread-1] INFO  server.RaftServerConfigKeys (ConfUtils.java:logGet(44)) - raft.server.log.segment.cache.num.max = 2 (custom)
2021-12-05 13:30:28,722 [pool-221-thread-1] INFO  server.RaftServerConfigKeys (ConfUtils.java:logGet(44)) - raft.server.log.segment.cache.size.max = 200MB (=209715200) (default)
2021-12-05 13:30:28,722 [pool-221-thread-1] INFO  segmented.SegmentedRaftLogWorker (SegmentedRaftLogWorker.java:<init>(182)) - new 2eed3e29-6eea-4fc8-a1f2-b1cd31e46ec2@group-385C3DFC7687-SegmentedRaftLogWorker for RaftStorageImpl:Storage Directory /home/runner/work/ozone/ozone/hadoop-ozone/integration-test/target/test-dir/MiniOzoneClusterImpl-4b95c801-9289-4427-a3b2-78fba0992616/datanode-1/data/ratis/d780fb42-4cec-4f07-a6e2-385c3dfc7687
2021-12-05 13:30:28,722 [pool-221-thread-1] INFO  server.RaftServerConfigKeys (ConfUtils.java:logGet(44)) - raft.server.log.queue.byte-limit = 2147483647 (custom)
2021-12-05 13:30:28,722 [pool-221-thread-1] INFO  server.RaftServerConfigKeys (ConfUtils.java:logGet(44)) - raft.server.log.queue.element-limit = 1024 (custom)
2021-12-05 13:30:28,722 [pool-221-thread-1] INFO  server.RaftServerConfigKeys (ConfUtils.java:logGet(44)) - raft.server.log.segment.size.max = 1048576 (custom)
2021-12-05 13:30:28,722 [pool-221-thread-1] INFO  server.RaftServerConfigKeys (ConfUtils.java:logGet(44)) - raft.server.log.preallocated.size = 16384 (custom)
2021-12-05 13:30:28,722 [pool-221-thread-1] INFO  server.RaftServerConfigKeys (ConfUtils.java:logGet(44)) - raft.server.log.force.sync.num = 128 (default)
2021-12-05 13:30:28,722 [pool-221-thread-1] INFO  server.RaftServerConfigKeys (ConfUtils.java:logGet(44)) - raft.server.log.statemachine.data.sync = true (default)
2021-12-05 13:30:28,723 [pool-221-thread-1] INFO  server.RaftServerConfigKeys (ConfUtils.java:logGet(44)) - raft.server.log.statemachine.data.sync.timeout = 10s (default)
2021-12-05 13:30:28,723 [pool-221-thread-1] INFO  server.RaftServerConfigKeys (ConfUtils.java:logGet(44)) - raft.server.log.statemachine.data.sync.timeout.retry = -1 (default)
2021-12-05 13:30:28,724 [pool-221-thread-1] INFO  server.RaftServerConfigKeys (ConfUtils.java:logGet(44)) - raft.server.log.write.buffer.size = 1048576 (custom)
2021-12-05 13:30:28,724 [pool-221-thread-1] INFO  server.RaftServerConfigKeys (ConfUtils.java:logGet(44)) - raft.server.log.statemachine.data.caching.enabled = true (custom)
2021-12-05 13:30:28,724 [pool-221-thread-1] INFO  segmented.SegmentedRaftLogWorker (SegmentedRaftLogWorker.java:lambda$new$0(133)) - 2eed3e29-6eea-4fc8-a1f2-b1cd31e46ec2@group-385C3DFC7687-SegmentedRaftLogWorker: flushIndex: setUnconditionally 0 -> -1
2021-12-05 13:30:28,724 [pool-221-thread-1] INFO  segmented.SegmentedRaftLogWorker (SegmentedRaftLogWorker.java:lambda$new$0(133)) - 2eed3e29-6eea-4fc8-a1f2-b1cd31e46ec2@group-385C3DFC7687-SegmentedRaftLogWorker: safeCacheEvictIndex: setUnconditionally 0 -> -1
2021-12-05 13:30:28,724 [pool-221-thread-1] INFO  server.RaftServerConfigKeys (ConfUtils.java:logGet(44)) - raft.server.snapshot.auto.trigger.enabled = true (custom)
2021-12-05 13:30:28,724 [pool-221-thread-1] INFO  server.RaftServerConfigKeys (ConfUtils.java:logGet(44)) - raft.server.snapshot.auto.trigger.threshold = 10000 (custom)
2021-12-05 13:30:28,724 [pool-221-thread-1] INFO  server.RaftServerConfigKeys (ConfUtils.java:logGet(44)) - raft.server.snapshot.retention.file.num = 5 (custom)
2021-12-05 13:30:28,724 [pool-221-thread-1] INFO  server.RaftServerConfigKeys (ConfUtils.java:logGet(44)) - raft.server.log.purge.upto.snapshot.index = false (default)
2021-12-05 13:30:28,724 [pool-221-thread-1] INFO  server.RaftServerConfigKeys (ConfUtils.java:logGet(44)) - raft.server.retrycache.expirytime = 600000ms (custom)
2021-12-05 13:30:28,725 [pool-221-thread-1] INFO  server.RaftServerConfigKeys (ConfUtils.java:logGet(44)) - raft.server.retrycache.statistics.expirytime = 100μs (default)
2021-12-05 13:30:28,733 [pool-221-thread-1] INFO  server.RaftServer$Division (RaftServerImpl.java:start(301)) - 2eed3e29-6eea-4fc8-a1f2-b1cd31e46ec2@group-385C3DFC7687: start as a follower, conf=-1: [2eed3e29-6eea-4fc8-a1f2-b1cd31e46ec2|rpc:10.1.0.33:34531|dataStream:|priority:0, 33789976-9166-4b2d-b432-fc5f37128ed1|rpc:10.1.0.33:42511|dataStream:|priority:1, 95adf3fa-442c-443c-b663-6c38b0fe08bf|rpc:10.1.0.33:34639|dataStream:|priority:0], old=null
2021-12-05 13:30:28,733 [pool-221-thread-1] INFO  server.RaftServer$Division (RaftServerImpl.java:setRole(290)) - 2eed3e29-6eea-4fc8-a1f2-b1cd31e46ec2@group-385C3DFC7687: changes role from      null to FOLLOWER at term 0 for startAsFollower
2021-12-05 13:30:28,733 [pool-221-thread-1] INFO  impl.RoleInfo (RoleInfo.java:updateAndGet(130)) - 2eed3e29-6eea-4fc8-a1f2-b1cd31e46ec2: start 2eed3e29-6eea-4fc8-a1f2-b1cd31e46ec2@group-385C3DFC7687-FollowerState
2021-12-05 13:30:28,742 [pool-221-thread-1] INFO  util.JmxRegister (JmxRegister.java:tryRegister(44)) - Successfully registered JMX Bean with object name Ratis:service=RaftServer,group=group-385C3DFC7687,id=2eed3e29-6eea-4fc8-a1f2-b1cd31e46ec2
2021-12-05 13:30:28,766 [Command processor thread] INFO  commandhandler.CreatePipelineCommandHandler (CreatePipelineCommandHandler.java:handle(106)) - Created Pipeline RATIS THREE PipelineID=d780fb42-4cec-4f07-a6e2-385c3dfc7687.
2021-12-05 13:30:28,766 [Command processor thread] INFO  server.RaftServer (RaftServerProxy.java:addNew(95)) - 95adf3fa-442c-443c-b663-6c38b0fe08bf: addNew group-F8D5703BF313:[2eed3e29-6eea-4fc8-a1f2-b1cd31e46ec2|rpc:10.1.0.33:34531|priority:0, 33789976-9166-4b2d-b432-fc5f37128ed1|rpc:10.1.0.33:42511|priority:0, 95adf3fa-442c-443c-b663-6c38b0fe08bf|rpc:10.1.0.33:34639|priority:1] returns group-F8D5703BF313:java.util.concurrent.CompletableFuture@41c07d6f[Not completed]
2021-12-05 13:30:28,767 [pool-200-thread-1] INFO  server.RaftServer$Division (RaftServerImpl.java:<init>(184)) - 95adf3fa-442c-443c-b663-6c38b0fe08bf: new RaftServerImpl for group-F8D5703BF313:[2eed3e29-6eea-4fc8-a1f2-b1cd31e46ec2|rpc:10.1.0.33:34531|priority:0, 33789976-9166-4b2d-b432-fc5f37128ed1|rpc:10.1.0.33:42511|priority:0, 95adf3fa-442c-443c-b663-6c38b0fe08bf|rpc:10.1.0.33:34639|priority:1] with ContainerStateMachine:uninitialized
2021-12-05 13:30:28,767 [pool-200-thread-1] INFO  server.RaftServerConfigKeys (ConfUtils.java:logGet(44)) - raft.server.rpc.timeout.min = 5s (custom)
2021-12-05 13:30:28,767 [pool-200-thread-1] INFO  server.RaftServerConfigKeys (ConfUtils.java:logGet(44)) - raft.server.rpc.timeout.max = 5200ms (custom)
2021-12-05 13:30:28,767 [pool-200-thread-1] INFO  server.RaftServerConfigKeys (ConfUtils.java:logGet(44)) - raft.server.rpc.sleep.time = 25ms (default)
2021-12-05 13:30:28,767 [pool-200-thread-1] INFO  server.RaftServerConfigKeys (ConfUtils.java:logGet(44)) - raft.server.rpc.slowness.timeout = 300s (custom)
2021-12-05 13:30:28,768 [pool-200-thread-1] INFO  server.RaftServerConfigKeys (ConfUtils.java:logGet(44)) - raft.server.leaderelection.leader.step-down.wait-time = 10s (default)
2021-12-05 13:30:28,768 [pool-200-thread-1] INFO  server.RaftServerConfigKeys (ConfUtils.java:logGet(44)) - raft.server.sleep.deviation.threshold = 300ms (default)
2021-12-05 13:30:28,768 [pool-200-thread-1] INFO  server.RaftServerConfigKeys (ConfUtils.java:logGet(44)) - raft.server.log.appender.install.snapshot.enabled = false (custom)
2021-12-05 13:30:28,768 [pool-200-thread-1] INFO  server.RaftServer$Division (ServerState.java:<init>(105)) - 95adf3fa-442c-443c-b663-6c38b0fe08bf@group-F8D5703BF313: ConfigurationManager, init=-1: [2eed3e29-6eea-4fc8-a1f2-b1cd31e46ec2|rpc:10.1.0.33:34531|priority:0, 33789976-9166-4b2d-b432-fc5f37128ed1|rpc:10.1.0.33:42511|priority:0, 95adf3fa-442c-443c-b663-6c38b0fe08bf|rpc:10.1.0.33:34639|priority:1], old=null, confs=<EMPTY_MAP>
2021-12-05 13:30:28,768 [pool-200-thread-1] INFO  server.RaftServerConfigKeys (ConfUtils.java:logGet(44)) - raft.server.storage.dir = [/home/runner/work/ozone/ozone/hadoop-ozone/integration-test/target/test-dir/MiniOzoneClusterImpl-4b95c801-9289-4427-a3b2-78fba0992616/datanode-0/data/ratis] (custom)
2021-12-05 13:30:28,768 [pool-200-thread-1] INFO  server.RaftServerConfigKeys (ConfUtils.java:logGet(44)) - raft.server.log.corruption.policy = EXCEPTION (default)
2021-12-05 13:30:28,768 [pool-200-thread-1] INFO  server.RaftServerConfigKeys (ConfUtils.java:logGet(44)) - raft.server.storage.free-space.min = 0MB (=0) (default)
2021-12-05 13:30:28,768 [pool-200-thread-1] INFO  storage.RaftStorageDirectory (RaftStorageDirectoryImpl.java:analyzeStorage(135)) - The storage directory /home/runner/work/ozone/ozone/hadoop-ozone/integration-test/target/test-dir/MiniOzoneClusterImpl-4b95c801-9289-4427-a3b2-78fba0992616/datanode-0/data/ratis/99371691-14df-4bf9-96f6-f8d5703bf313 does not exist. Creating ...
2021-12-05 13:30:28,769 [pool-200-thread-1] INFO  storage.RaftStorageDirectory (RaftStorageDirectoryImpl.java:tryLock(230)) - Lock on /home/runner/work/ozone/ozone/hadoop-ozone/integration-test/target/test-dir/MiniOzoneClusterImpl-4b95c801-9289-4427-a3b2-78fba0992616/datanode-0/data/ratis/99371691-14df-4bf9-96f6-f8d5703bf313/in_use.lock acquired by nodename 9128@fv-az148-969
2021-12-05 13:30:28,778 [pool-200-thread-1] INFO  storage.RaftStorage (RaftStorageImpl.java:format(89)) - Storage directory /home/runner/work/ozone/ozone/hadoop-ozone/integration-test/target/test-dir/MiniOzoneClusterImpl-4b95c801-9289-4427-a3b2-78fba0992616/datanode-0/data/ratis/99371691-14df-4bf9-96f6-f8d5703bf313 has been successfully formatted.
2021-12-05 13:30:28,778 [pool-200-thread-1] INFO  ratis.ContainerStateMachine (ContainerStateMachine.java:loadSnapshot(224)) - group-F8D5703BF313: The snapshot info is null. Setting the last applied indexto:(t:0, i:~)
2021-12-05 13:30:28,778 [pool-200-thread-1] INFO  server.RaftServerConfigKeys (ConfUtils.java:logGet(44)) - raft.server.notification.no-leader.timeout = 300s (custom)
2021-12-05 13:30:28,778 [pool-200-thread-1] INFO  server.RaftServerConfigKeys (ConfUtils.java:logGet(44)) - raft.server.log.use.memory = false (default)
2021-12-05 13:30:28,779 [pool-200-thread-1] INFO  server.RaftServerConfigKeys (ConfUtils.java:logGet(44)) - raft.server.log.purge.gap = 1000000 (custom)
2021-12-05 13:30:28,779 [pool-200-thread-1] INFO  server.RaftServerConfigKeys (ConfUtils.java:logGet(44)) - raft.server.log.appender.buffer.byte-limit = 33554432 (custom)
2021-12-05 13:30:28,779 [pool-200-thread-1] INFO  server.RaftServerConfigKeys (ConfUtils.java:logGet(44)) - raft.server.log.segment.size.max = 1048576 (custom)
2021-12-05 13:30:28,779 [EventQueue-OpenPipelineForHealthyPipelineSafeModeRule] INFO  safemode.SCMSafeModeManager (HealthyPipelineSafeModeRule.java:process(124)) - SCM in safe mode. Healthy pipelines reported count is 0, required healthy pipeline reported count is 1
2021-12-05 13:30:28,779 [pool-200-thread-1] INFO  server.RaftServerConfigKeys (ConfUtils.java:logGet(44)) - raft.server.log.segment.cache.num.max = 2 (custom)
2021-12-05 13:30:28,780 [pool-200-thread-1] INFO  server.RaftServerConfigKeys (ConfUtils.java:logGet(44)) - raft.server.log.segment.cache.size.max = 200MB (=209715200) (default)
2021-12-05 13:30:28,780 [pool-200-thread-1] INFO  segmented.SegmentedRaftLogWorker (SegmentedRaftLogWorker.java:<init>(182)) - new 95adf3fa-442c-443c-b663-6c38b0fe08bf@group-F8D5703BF313-SegmentedRaftLogWorker for RaftStorageImpl:Storage Directory /home/runner/work/ozone/ozone/hadoop-ozone/integration-test/target/test-dir/MiniOzoneClusterImpl-4b95c801-9289-4427-a3b2-78fba0992616/datanode-0/data/ratis/99371691-14df-4bf9-96f6-f8d5703bf313
2021-12-05 13:30:28,780 [pool-200-thread-1] INFO  server.RaftServerConfigKeys (ConfUtils.java:logGet(44)) - raft.server.log.queue.byte-limit = 2147483647 (custom)
2021-12-05 13:30:28,780 [pool-200-thread-1] INFO  server.RaftServerConfigKeys (ConfUtils.java:logGet(44)) - raft.server.log.queue.element-limit = 1024 (custom)
2021-12-05 13:30:28,780 [pool-200-thread-1] INFO  server.RaftServerConfigKeys (ConfUtils.java:logGet(44)) - raft.server.log.segment.size.max = 1048576 (custom)
2021-12-05 13:30:28,780 [pool-200-thread-1] INFO  server.RaftServerConfigKeys (ConfUtils.java:logGet(44)) - raft.server.log.preallocated.size = 16384 (custom)
2021-12-05 13:30:28,780 [pool-200-thread-1] INFO  server.RaftServerConfigKeys (ConfUtils.java:logGet(44)) - raft.server.log.force.sync.num = 128 (default)
2021-12-05 13:30:28,780 [pool-200-thread-1] INFO  server.RaftServerConfigKeys (ConfUtils.java:logGet(44)) - raft.server.log.statemachine.data.sync = true (default)
2021-12-05 13:30:28,780 [pool-200-thread-1] INFO  server.RaftServerConfigKeys (ConfUtils.java:logGet(44)) - raft.server.log.statemachine.data.sync.timeout = 10s (default)
2021-12-05 13:30:28,780 [pool-200-thread-1] INFO  server.RaftServerConfigKeys (ConfUtils.java:logGet(44)) - raft.server.log.statemachine.data.sync.timeout.retry = -1 (default)
2021-12-05 13:30:28,781 [pool-200-thread-1] INFO  server.RaftServerConfigKeys (ConfUtils.java:logGet(44)) - raft.server.log.write.buffer.size = 1048576 (custom)
2021-12-05 13:30:28,781 [pool-200-thread-1] INFO  server.RaftServerConfigKeys (ConfUtils.java:logGet(44)) - raft.server.log.statemachine.data.caching.enabled = true (custom)
2021-12-05 13:30:28,781 [pool-200-thread-1] INFO  segmented.SegmentedRaftLogWorker (SegmentedRaftLogWorker.java:lambda$new$0(133)) - 95adf3fa-442c-443c-b663-6c38b0fe08bf@group-F8D5703BF313-SegmentedRaftLogWorker: flushIndex: setUnconditionally 0 -> -1
2021-12-05 13:30:28,781 [pool-200-thread-1] INFO  segmented.SegmentedRaftLogWorker (SegmentedRaftLogWorker.java:lambda$new$0(133)) - 95adf3fa-442c-443c-b663-6c38b0fe08bf@group-F8D5703BF313-SegmentedRaftLogWorker: safeCacheEvictIndex: setUnconditionally 0 -> -1
2021-12-05 13:30:28,790 [pool-200-thread-1] INFO  server.RaftServerConfigKeys (ConfUtils.java:logGet(44)) - raft.server.snapshot.auto.trigger.enabled = true (custom)
2021-12-05 13:30:28,790 [pool-200-thread-1] INFO  server.RaftServerConfigKeys (ConfUtils.java:logGet(44)) - raft.server.snapshot.auto.trigger.threshold = 10000 (custom)
2021-12-05 13:30:28,790 [pool-200-thread-1] INFO  server.RaftServerConfigKeys (ConfUtils.java:logGet(44)) - raft.server.snapshot.retention.file.num = 5 (custom)
2021-12-05 13:30:28,790 [pool-200-thread-1] INFO  server.RaftServerConfigKeys (ConfUtils.java:logGet(44)) - raft.server.log.purge.upto.snapshot.index = false (default)
2021-12-05 13:30:28,790 [pool-200-thread-1] INFO  server.RaftServerConfigKeys (ConfUtils.java:logGet(44)) - raft.server.retrycache.expirytime = 600000ms (custom)
2021-12-05 13:30:28,790 [pool-200-thread-1] INFO  server.RaftServerConfigKeys (ConfUtils.java:logGet(44)) - raft.server.retrycache.statistics.expirytime = 100μs (default)
2021-12-05 13:30:28,791 [pool-200-thread-1] INFO  server.RaftServer$Division (RaftServerImpl.java:start(301)) - 95adf3fa-442c-443c-b663-6c38b0fe08bf@group-F8D5703BF313: start as a follower, conf=-1: [2eed3e29-6eea-4fc8-a1f2-b1cd31e46ec2|rpc:10.1.0.33:34531|priority:0, 33789976-9166-4b2d-b432-fc5f37128ed1|rpc:10.1.0.33:42511|priority:0, 95adf3fa-442c-443c-b663-6c38b0fe08bf|rpc:10.1.0.33:34639|priority:1], old=null
2021-12-05 13:30:28,791 [pool-200-thread-1] INFO  server.RaftServer$Division (RaftServerImpl.java:setRole(290)) - 95adf3fa-442c-443c-b663-6c38b0fe08bf@group-F8D5703BF313: changes role from      null to FOLLOWER at term 0 for startAsFollower
2021-12-05 13:30:28,792 [pool-200-thread-1] INFO  impl.RoleInfo (RoleInfo.java:updateAndGet(130)) - 95adf3fa-442c-443c-b663-6c38b0fe08bf: start 95adf3fa-442c-443c-b663-6c38b0fe08bf@group-F8D5703BF313-FollowerState
2021-12-05 13:30:28,792 [pool-200-thread-1] INFO  util.JmxRegister (JmxRegister.java:tryRegister(44)) - Successfully registered JMX Bean with object name Ratis:service=RaftServer,group=group-F8D5703BF313,id=95adf3fa-442c-443c-b663-6c38b0fe08bf
2021-12-05 13:30:28,802 [Command processor thread] INFO  ratis.XceiverServerRatis (XceiverServerRatis.java:addGroup(768)) - Created group PipelineID=99371691-14df-4bf9-96f6-f8d5703bf313
2021-12-05 13:30:28,818 [grpc-default-executor-0] INFO  server.RaftServer (RaftServerProxy.java:addNew(95)) - 33789976-9166-4b2d-b432-fc5f37128ed1: addNew group-F8D5703BF313:[2eed3e29-6eea-4fc8-a1f2-b1cd31e46ec2|rpc:10.1.0.33:34531|dataStream:|priority:0, 33789976-9166-4b2d-b432-fc5f37128ed1|rpc:10.1.0.33:42511|dataStream:|priority:0, 95adf3fa-442c-443c-b663-6c38b0fe08bf|rpc:10.1.0.33:34639|dataStream:|priority:1] returns group-F8D5703BF313:java.util.concurrent.CompletableFuture@730031de[Not completed]
2021-12-05 13:30:28,819 [pool-242-thread-1] INFO  server.RaftServer$Division (RaftServerImpl.java:<init>(184)) - 33789976-9166-4b2d-b432-fc5f37128ed1: new RaftServerImpl for group-F8D5703BF313:[2eed3e29-6eea-4fc8-a1f2-b1cd31e46ec2|rpc:10.1.0.33:34531|dataStream:|priority:0, 33789976-9166-4b2d-b432-fc5f37128ed1|rpc:10.1.0.33:42511|dataStream:|priority:0, 95adf3fa-442c-443c-b663-6c38b0fe08bf|rpc:10.1.0.33:34639|dataStream:|priority:1] with ContainerStateMachine:uninitialized
2021-12-05 13:30:28,819 [pool-242-thread-1] INFO  server.RaftServerConfigKeys (ConfUtils.java:logGet(44)) - raft.server.rpc.timeout.min = 5s (custom)
2021-12-05 13:30:28,819 [pool-242-thread-1] INFO  server.RaftServerConfigKeys (ConfUtils.java:logGet(44)) - raft.server.rpc.timeout.max = 5200ms (custom)
2021-12-05 13:30:28,819 [pool-242-thread-1] INFO  server.RaftServerConfigKeys (ConfUtils.java:logGet(44)) - raft.server.rpc.sleep.time = 25ms (default)
2021-12-05 13:30:28,819 [pool-242-thread-1] INFO  server.RaftServerConfigKeys (ConfUtils.java:logGet(44)) - raft.server.rpc.slowness.timeout = 300s (custom)
2021-12-05 13:30:28,819 [pool-242-thread-1] INFO  server.RaftServerConfigKeys (ConfUtils.java:logGet(44)) - raft.server.leaderelection.leader.step-down.wait-time = 10s (default)
2021-12-05 13:30:28,819 [pool-242-thread-1] INFO  server.RaftServerConfigKeys (ConfUtils.java:logGet(44)) - raft.server.sleep.deviation.threshold = 300ms (default)
2021-12-05 13:30:28,819 [pool-242-thread-1] INFO  server.RaftServerConfigKeys (ConfUtils.java:logGet(44)) - raft.server.log.appender.install.snapshot.enabled = false (custom)
2021-12-05 13:30:28,819 [pool-242-thread-1] INFO  server.RaftServer$Division (ServerState.java:<init>(105)) - 33789976-9166-4b2d-b432-fc5f37128ed1@group-F8D5703BF313: ConfigurationManager, init=-1: [2eed3e29-6eea-4fc8-a1f2-b1cd31e46ec2|rpc:10.1.0.33:34531|dataStream:|priority:0, 33789976-9166-4b2d-b432-fc5f37128ed1|rpc:10.1.0.33:42511|dataStream:|priority:0, 95adf3fa-442c-443c-b663-6c38b0fe08bf|rpc:10.1.0.33:34639|dataStream:|priority:1], old=null, confs=<EMPTY_MAP>
2021-12-05 13:30:28,819 [pool-242-thread-1] INFO  server.RaftServerConfigKeys (ConfUtils.java:logGet(44)) - raft.server.storage.dir = [/home/runner/work/ozone/ozone/hadoop-ozone/integration-test/target/test-dir/MiniOzoneClusterImpl-4b95c801-9289-4427-a3b2-78fba0992616/datanode-2/data/ratis] (custom)
2021-12-05 13:30:28,819 [pool-242-thread-1] INFO  server.RaftServerConfigKeys (ConfUtils.java:logGet(44)) - raft.server.log.corruption.policy = EXCEPTION (default)
2021-12-05 13:30:28,819 [pool-242-thread-1] INFO  server.RaftServerConfigKeys (ConfUtils.java:logGet(44)) - raft.server.storage.free-space.min = 0MB (=0) (default)
2021-12-05 13:30:28,820 [pool-242-thread-1] INFO  storage.RaftStorageDirectory (RaftStorageDirectoryImpl.java:analyzeStorage(135)) - The storage directory /home/runner/work/ozone/ozone/hadoop-ozone/integration-test/target/test-dir/MiniOzoneClusterImpl-4b95c801-9289-4427-a3b2-78fba0992616/datanode-2/data/ratis/99371691-14df-4bf9-96f6-f8d5703bf313 does not exist. Creating ...
2021-12-05 13:30:28,821 [pool-242-thread-1] INFO  storage.RaftStorageDirectory (RaftStorageDirectoryImpl.java:tryLock(230)) - Lock on /home/runner/work/ozone/ozone/hadoop-ozone/integration-test/target/test-dir/MiniOzoneClusterImpl-4b95c801-9289-4427-a3b2-78fba0992616/datanode-2/data/ratis/99371691-14df-4bf9-96f6-f8d5703bf313/in_use.lock acquired by nodename 9128@fv-az148-969
2021-12-05 13:30:28,823 [pool-242-thread-1] INFO  storage.RaftStorage (RaftStorageImpl.java:format(89)) - Storage directory /home/runner/work/ozone/ozone/hadoop-ozone/integration-test/target/test-dir/MiniOzoneClusterImpl-4b95c801-9289-4427-a3b2-78fba0992616/datanode-2/data/ratis/99371691-14df-4bf9-96f6-f8d5703bf313 has been successfully formatted.
2021-12-05 13:30:28,823 [pool-242-thread-1] INFO  ratis.ContainerStateMachine (ContainerStateMachine.java:loadSnapshot(224)) - group-F8D5703BF313: The snapshot info is null. Setting the last applied indexto:(t:0, i:~)
2021-12-05 13:30:28,823 [pool-242-thread-1] INFO  server.RaftServerConfigKeys (ConfUtils.java:logGet(44)) - raft.server.notification.no-leader.timeout = 300s (custom)
2021-12-05 13:30:28,823 [pool-242-thread-1] INFO  server.RaftServerConfigKeys (ConfUtils.java:logGet(44)) - raft.server.log.use.memory = false (default)
2021-12-05 13:30:28,824 [pool-242-thread-1] INFO  server.RaftServerConfigKeys (ConfUtils.java:logGet(44)) - raft.server.log.purge.gap = 1000000 (custom)
2021-12-05 13:30:28,824 [pool-242-thread-1] INFO  server.RaftServerConfigKeys (ConfUtils.java:logGet(44)) - raft.server.log.appender.buffer.byte-limit = 33554432 (custom)
2021-12-05 13:30:28,824 [pool-242-thread-1] INFO  server.RaftServerConfigKeys (ConfUtils.java:logGet(44)) - raft.server.log.segment.size.max = 1048576 (custom)
2021-12-05 13:30:28,824 [pool-242-thread-1] INFO  server.RaftServerConfigKeys (ConfUtils.java:logGet(44)) - raft.server.log.segment.cache.num.max = 2 (custom)
2021-12-05 13:30:28,824 [pool-242-thread-1] INFO  server.RaftServerConfigKeys (ConfUtils.java:logGet(44)) - raft.server.log.segment.cache.size.max = 200MB (=209715200) (default)
2021-12-05 13:30:28,824 [pool-242-thread-1] INFO  segmented.SegmentedRaftLogWorker (SegmentedRaftLogWorker.java:<init>(182)) - new 33789976-9166-4b2d-b432-fc5f37128ed1@group-F8D5703BF313-SegmentedRaftLogWorker for RaftStorageImpl:Storage Directory /home/runner/work/ozone/ozone/hadoop-ozone/integration-test/target/test-dir/MiniOzoneClusterImpl-4b95c801-9289-4427-a3b2-78fba0992616/datanode-2/data/ratis/99371691-14df-4bf9-96f6-f8d5703bf313
2021-12-05 13:30:28,824 [pool-242-thread-1] INFO  server.RaftServerConfigKeys (ConfUtils.java:logGet(44)) - raft.server.log.queue.byte-limit = 2147483647 (custom)
2021-12-05 13:30:28,824 [pool-242-thread-1] INFO  server.RaftServerConfigKeys (ConfUtils.java:logGet(44)) - raft.server.log.queue.element-limit = 1024 (custom)
2021-12-05 13:30:28,824 [pool-242-thread-1] INFO  server.RaftServerConfigKeys (ConfUtils.java:logGet(44)) - raft.server.log.segment.size.max = 1048576 (custom)
2021-12-05 13:30:28,824 [pool-242-thread-1] INFO  server.RaftServerConfigKeys (ConfUtils.java:logGet(44)) - raft.server.log.preallocated.size = 16384 (custom)
2021-12-05 13:30:28,825 [pool-242-thread-1] INFO  server.RaftServerConfigKeys (ConfUtils.java:logGet(44)) - raft.server.log.force.sync.num = 128 (default)
2021-12-05 13:30:28,825 [pool-242-thread-1] INFO  server.RaftServerConfigKeys (ConfUtils.java:logGet(44)) - raft.server.log.statemachine.data.sync = true (default)
2021-12-05 13:30:28,825 [pool-242-thread-1] INFO  server.RaftServerConfigKeys (ConfUtils.java:logGet(44)) - raft.server.log.statemachine.data.sync.timeout = 10s (default)
2021-12-05 13:30:28,825 [pool-242-thread-1] INFO  server.RaftServerConfigKeys (ConfUtils.java:logGet(44)) - raft.server.log.statemachine.data.sync.timeout.retry = -1 (default)
2021-12-05 13:30:28,826 [pool-242-thread-1] INFO  server.RaftServerConfigKeys (ConfUtils.java:logGet(44)) - raft.server.log.write.buffer.size = 1048576 (custom)
2021-12-05 13:30:28,828 [pool-242-thread-1] INFO  server.RaftServerConfigKeys (ConfUtils.java:logGet(44)) - raft.server.log.statemachine.data.caching.enabled = true (custom)
2021-12-05 13:30:28,828 [pool-242-thread-1] INFO  segmented.SegmentedRaftLogWorker (SegmentedRaftLogWorker.java:lambda$new$0(133)) - 33789976-9166-4b2d-b432-fc5f37128ed1@group-F8D5703BF313-SegmentedRaftLogWorker: flushIndex: setUnconditionally 0 -> -1
2021-12-05 13:30:28,828 [pool-242-thread-1] INFO  segmented.SegmentedRaftLogWorker (SegmentedRaftLogWorker.java:lambda$new$0(133)) - 33789976-9166-4b2d-b432-fc5f37128ed1@group-F8D5703BF313-SegmentedRaftLogWorker: safeCacheEvictIndex: setUnconditionally 0 -> -1
2021-12-05 13:30:28,833 [pool-242-thread-1] INFO  server.RaftServerConfigKeys (ConfUtils.java:logGet(44)) - raft.server.snapshot.auto.trigger.enabled = true (custom)
2021-12-05 13:30:28,833 [pool-242-thread-1] INFO  server.RaftServerConfigKeys (ConfUtils.java:logGet(44)) - raft.server.snapshot.auto.trigger.threshold = 10000 (custom)
2021-12-05 13:30:28,833 [pool-242-thread-1] INFO  server.RaftServerConfigKeys (ConfUtils.java:logGet(44)) - raft.server.snapshot.retention.file.num = 5 (custom)
2021-12-05 13:30:28,833 [pool-242-thread-1] INFO  server.RaftServerConfigKeys (ConfUtils.java:logGet(44)) - raft.server.log.purge.upto.snapshot.index = false (default)
2021-12-05 13:30:28,833 [pool-242-thread-1] INFO  server.RaftServerConfigKeys (ConfUtils.java:logGet(44)) - raft.server.retrycache.expirytime = 600000ms (custom)
2021-12-05 13:30:28,833 [pool-242-thread-1] INFO  server.RaftServerConfigKeys (ConfUtils.java:logGet(44)) - raft.server.retrycache.statistics.expirytime = 100μs (default)
2021-12-05 13:30:28,834 [pool-242-thread-1] INFO  server.RaftServer$Division (RaftServerImpl.java:start(301)) - 33789976-9166-4b2d-b432-fc5f37128ed1@group-F8D5703BF313: start as a follower, conf=-1: [2eed3e29-6eea-4fc8-a1f2-b1cd31e46ec2|rpc:10.1.0.33:34531|dataStream:|priority:0, 33789976-9166-4b2d-b432-fc5f37128ed1|rpc:10.1.0.33:42511|dataStream:|priority:0, 95adf3fa-442c-443c-b663-6c38b0fe08bf|rpc:10.1.0.33:34639|dataStream:|priority:1], old=null
2021-12-05 13:30:28,834 [pool-242-thread-1] INFO  server.RaftServer$Division (RaftServerImpl.java:setRole(290)) - 33789976-9166-4b2d-b432-fc5f37128ed1@group-F8D5703BF313: changes role from      null to FOLLOWER at term 0 for startAsFollower
2021-12-05 13:30:28,834 [pool-242-thread-1] INFO  impl.RoleInfo (RoleInfo.java:updateAndGet(130)) - 33789976-9166-4b2d-b432-fc5f37128ed1: start 33789976-9166-4b2d-b432-fc5f37128ed1@group-F8D5703BF313-FollowerState
2021-12-05 13:30:28,844 [pool-242-thread-1] INFO  util.JmxRegister (JmxRegister.java:tryRegister(44)) - Successfully registered JMX Bean with object name Ratis:service=RaftServer,group=group-F8D5703BF313,id=33789976-9166-4b2d-b432-fc5f37128ed1
2021-12-05 13:30:28,882 [grpc-default-executor-0] INFO  server.RaftServer (RaftServerProxy.java:addNew(95)) - 2eed3e29-6eea-4fc8-a1f2-b1cd31e46ec2: addNew group-F8D5703BF313:[2eed3e29-6eea-4fc8-a1f2-b1cd31e46ec2|rpc:10.1.0.33:34531|dataStream:|priority:0, 33789976-9166-4b2d-b432-fc5f37128ed1|rpc:10.1.0.33:42511|dataStream:|priority:0, 95adf3fa-442c-443c-b663-6c38b0fe08bf|rpc:10.1.0.33:34639|dataStream:|priority:1] returns group-F8D5703BF313:java.util.concurrent.CompletableFuture@16b70f27[Not completed]
2021-12-05 13:30:28,883 [pool-221-thread-1] INFO  server.RaftServer$Division (RaftServerImpl.java:<init>(184)) - 2eed3e29-6eea-4fc8-a1f2-b1cd31e46ec2: new RaftServerImpl for group-F8D5703BF313:[2eed3e29-6eea-4fc8-a1f2-b1cd31e46ec2|rpc:10.1.0.33:34531|dataStream:|priority:0, 33789976-9166-4b2d-b432-fc5f37128ed1|rpc:10.1.0.33:42511|dataStream:|priority:0, 95adf3fa-442c-443c-b663-6c38b0fe08bf|rpc:10.1.0.33:34639|dataStream:|priority:1] with ContainerStateMachine:uninitialized
2021-12-05 13:30:28,883 [pool-221-thread-1] INFO  server.RaftServerConfigKeys (ConfUtils.java:logGet(44)) - raft.server.rpc.timeout.min = 5s (custom)
2021-12-05 13:30:28,883 [pool-221-thread-1] INFO  server.RaftServerConfigKeys (ConfUtils.java:logGet(44)) - raft.server.rpc.timeout.max = 5200ms (custom)
2021-12-05 13:30:28,883 [pool-221-thread-1] INFO  server.RaftServerConfigKeys (ConfUtils.java:logGet(44)) - raft.server.rpc.sleep.time = 25ms (default)
2021-12-05 13:30:28,883 [pool-221-thread-1] INFO  server.RaftServerConfigKeys (ConfUtils.java:logGet(44)) - raft.server.rpc.slowness.timeout = 300s (custom)
2021-12-05 13:30:28,883 [pool-221-thread-1] INFO  server.RaftServerConfigKeys (ConfUtils.java:logGet(44)) - raft.server.leaderelection.leader.step-down.wait-time = 10s (default)
2021-12-05 13:30:28,883 [pool-221-thread-1] INFO  server.RaftServerConfigKeys (ConfUtils.java:logGet(44)) - raft.server.sleep.deviation.threshold = 300ms (default)
2021-12-05 13:30:28,883 [pool-221-thread-1] INFO  server.RaftServerConfigKeys (ConfUtils.java:logGet(44)) - raft.server.log.appender.install.snapshot.enabled = false (custom)
2021-12-05 13:30:28,883 [pool-221-thread-1] INFO  server.RaftServer$Division (ServerState.java:<init>(105)) - 2eed3e29-6eea-4fc8-a1f2-b1cd31e46ec2@group-F8D5703BF313: ConfigurationManager, init=-1: [2eed3e29-6eea-4fc8-a1f2-b1cd31e46ec2|rpc:10.1.0.33:34531|dataStream:|priority:0, 33789976-9166-4b2d-b432-fc5f37128ed1|rpc:10.1.0.33:42511|dataStream:|priority:0, 95adf3fa-442c-443c-b663-6c38b0fe08bf|rpc:10.1.0.33:34639|dataStream:|priority:1], old=null, confs=<EMPTY_MAP>
2021-12-05 13:30:28,884 [pool-221-thread-1] INFO  server.RaftServerConfigKeys (ConfUtils.java:logGet(44)) - raft.server.storage.dir = [/home/runner/work/ozone/ozone/hadoop-ozone/integration-test/target/test-dir/MiniOzoneClusterImpl-4b95c801-9289-4427-a3b2-78fba0992616/datanode-1/data/ratis] (custom)
2021-12-05 13:30:28,884 [pool-221-thread-1] INFO  server.RaftServerConfigKeys (ConfUtils.java:logGet(44)) - raft.server.log.corruption.policy = EXCEPTION (default)
2021-12-05 13:30:28,884 [pool-221-thread-1] INFO  server.RaftServerConfigKeys (ConfUtils.java:logGet(44)) - raft.server.storage.free-space.min = 0MB (=0) (default)
2021-12-05 13:30:28,884 [pool-221-thread-1] INFO  storage.RaftStorageDirectory (RaftStorageDirectoryImpl.java:analyzeStorage(135)) - The storage directory /home/runner/work/ozone/ozone/hadoop-ozone/integration-test/target/test-dir/MiniOzoneClusterImpl-4b95c801-9289-4427-a3b2-78fba0992616/datanode-1/data/ratis/99371691-14df-4bf9-96f6-f8d5703bf313 does not exist. Creating ...
2021-12-05 13:30:28,885 [pool-221-thread-1] INFO  storage.RaftStorageDirectory (RaftStorageDirectoryImpl.java:tryLock(230)) - Lock on /home/runner/work/ozone/ozone/hadoop-ozone/integration-test/target/test-dir/MiniOzoneClusterImpl-4b95c801-9289-4427-a3b2-78fba0992616/datanode-1/data/ratis/99371691-14df-4bf9-96f6-f8d5703bf313/in_use.lock acquired by nodename 9128@fv-az148-969
2021-12-05 13:30:28,887 [pool-221-thread-1] INFO  storage.RaftStorage (RaftStorageImpl.java:format(89)) - Storage directory /home/runner/work/ozone/ozone/hadoop-ozone/integration-test/target/test-dir/MiniOzoneClusterImpl-4b95c801-9289-4427-a3b2-78fba0992616/datanode-1/data/ratis/99371691-14df-4bf9-96f6-f8d5703bf313 has been successfully formatted.
2021-12-05 13:30:28,887 [pool-221-thread-1] INFO  ratis.ContainerStateMachine (ContainerStateMachine.java:loadSnapshot(224)) - group-F8D5703BF313: The snapshot info is null. Setting the last applied indexto:(t:0, i:~)
2021-12-05 13:30:28,888 [pool-221-thread-1] INFO  server.RaftServerConfigKeys (ConfUtils.java:logGet(44)) - raft.server.notification.no-leader.timeout = 300s (custom)
2021-12-05 13:30:28,888 [pool-221-thread-1] INFO  server.RaftServerConfigKeys (ConfUtils.java:logGet(44)) - raft.server.log.use.memory = false (default)
2021-12-05 13:30:28,888 [pool-221-thread-1] INFO  server.RaftServerConfigKeys (ConfUtils.java:logGet(44)) - raft.server.log.purge.gap = 1000000 (custom)
2021-12-05 13:30:28,888 [pool-221-thread-1] INFO  server.RaftServerConfigKeys (ConfUtils.java:logGet(44)) - raft.server.log.appender.buffer.byte-limit = 33554432 (custom)
2021-12-05 13:30:28,888 [pool-221-thread-1] INFO  server.RaftServerConfigKeys (ConfUtils.java:logGet(44)) - raft.server.log.segment.size.max = 1048576 (custom)
2021-12-05 13:30:28,888 [pool-221-thread-1] INFO  server.RaftServerConfigKeys (ConfUtils.java:logGet(44)) - raft.server.log.segment.cache.num.max = 2 (custom)
2021-12-05 13:30:28,888 [pool-221-thread-1] INFO  server.RaftServerConfigKeys (ConfUtils.java:logGet(44)) - raft.server.log.segment.cache.size.max = 200MB (=209715200) (default)
2021-12-05 13:30:28,889 [pool-221-thread-1] INFO  segmented.SegmentedRaftLogWorker (SegmentedRaftLogWorker.java:<init>(182)) - new 2eed3e29-6eea-4fc8-a1f2-b1cd31e46ec2@group-F8D5703BF313-SegmentedRaftLogWorker for RaftStorageImpl:Storage Directory /home/runner/work/ozone/ozone/hadoop-ozone/integration-test/target/test-dir/MiniOzoneClusterImpl-4b95c801-9289-4427-a3b2-78fba0992616/datanode-1/data/ratis/99371691-14df-4bf9-96f6-f8d5703bf313
2021-12-05 13:30:28,889 [pool-221-thread-1] INFO  server.RaftServerConfigKeys (ConfUtils.java:logGet(44)) - raft.server.log.queue.byte-limit = 2147483647 (custom)
2021-12-05 13:30:28,889 [pool-221-thread-1] INFO  server.RaftServerConfigKeys (ConfUtils.java:logGet(44)) - raft.server.log.queue.element-limit = 1024 (custom)
2021-12-05 13:30:28,889 [pool-221-thread-1] INFO  server.RaftServerConfigKeys (ConfUtils.java:logGet(44)) - raft.server.log.segment.size.max = 1048576 (custom)
2021-12-05 13:30:28,889 [pool-221-thread-1] INFO  server.RaftServerConfigKeys (ConfUtils.java:logGet(44)) - raft.server.log.preallocated.size = 16384 (custom)
2021-12-05 13:30:28,889 [pool-221-thread-1] INFO  server.RaftServerConfigKeys (ConfUtils.java:logGet(44)) - raft.server.log.force.sync.num = 128 (default)
2021-12-05 13:30:28,889 [pool-221-thread-1] INFO  server.RaftServerConfigKeys (ConfUtils.java:logGet(44)) - raft.server.log.statemachine.data.sync = true (default)
2021-12-05 13:30:28,889 [pool-221-thread-1] INFO  server.RaftServerConfigKeys (ConfUtils.java:logGet(44)) - raft.server.log.statemachine.data.sync.timeout = 10s (default)
2021-12-05 13:30:28,889 [pool-221-thread-1] INFO  server.RaftServerConfigKeys (ConfUtils.java:logGet(44)) - raft.server.log.statemachine.data.sync.timeout.retry = -1 (default)
2021-12-05 13:30:28,891 [pool-221-thread-1] INFO  server.RaftServerConfigKeys (ConfUtils.java:logGet(44)) - raft.server.log.write.buffer.size = 1048576 (custom)
2021-12-05 13:30:28,891 [pool-221-thread-1] INFO  server.RaftServerConfigKeys (ConfUtils.java:logGet(44)) - raft.server.log.statemachine.data.caching.enabled = true (custom)
2021-12-05 13:30:28,891 [pool-221-thread-1] INFO  segmented.SegmentedRaftLogWorker (SegmentedRaftLogWorker.java:lambda$new$0(133)) - 2eed3e29-6eea-4fc8-a1f2-b1cd31e46ec2@group-F8D5703BF313-SegmentedRaftLogWorker: flushIndex: setUnconditionally 0 -> -1
2021-12-05 13:30:28,891 [pool-221-thread-1] INFO  segmented.SegmentedRaftLogWorker (SegmentedRaftLogWorker.java:lambda$new$0(133)) - 2eed3e29-6eea-4fc8-a1f2-b1cd31e46ec2@group-F8D5703BF313-SegmentedRaftLogWorker: safeCacheEvictIndex: setUnconditionally 0 -> -1
2021-12-05 13:30:28,902 [pool-221-thread-1] INFO  server.RaftServerConfigKeys (ConfUtils.java:logGet(44)) - raft.server.snapshot.auto.trigger.enabled = true (custom)
2021-12-05 13:30:28,902 [pool-221-thread-1] INFO  server.RaftServerConfigKeys (ConfUtils.java:logGet(44)) - raft.server.snapshot.auto.trigger.threshold = 10000 (custom)
2021-12-05 13:30:28,902 [pool-221-thread-1] INFO  server.RaftServerConfigKeys (ConfUtils.java:logGet(44)) - raft.server.snapshot.retention.file.num = 5 (custom)
2021-12-05 13:30:28,902 [pool-221-thread-1] INFO  server.RaftServerConfigKeys (ConfUtils.java:logGet(44)) - raft.server.log.purge.upto.snapshot.index = false (default)
2021-12-05 13:30:28,902 [pool-221-thread-1] INFO  server.RaftServerConfigKeys (ConfUtils.java:logGet(44)) - raft.server.retrycache.expirytime = 600000ms (custom)
2021-12-05 13:30:28,902 [pool-221-thread-1] INFO  server.RaftServerConfigKeys (ConfUtils.java:logGet(44)) - raft.server.retrycache.statistics.expirytime = 100μs (default)
2021-12-05 13:30:28,903 [pool-221-thread-1] INFO  server.RaftServer$Division (RaftServerImpl.java:start(301)) - 2eed3e29-6eea-4fc8-a1f2-b1cd31e46ec2@group-F8D5703BF313: start as a follower, conf=-1: [2eed3e29-6eea-4fc8-a1f2-b1cd31e46ec2|rpc:10.1.0.33:34531|dataStream:|priority:0, 33789976-9166-4b2d-b432-fc5f37128ed1|rpc:10.1.0.33:42511|dataStream:|priority:0, 95adf3fa-442c-443c-b663-6c38b0fe08bf|rpc:10.1.0.33:34639|dataStream:|priority:1], old=null
2021-12-05 13:30:28,904 [pool-221-thread-1] INFO  server.RaftServer$Division (RaftServerImpl.java:setRole(290)) - 2eed3e29-6eea-4fc8-a1f2-b1cd31e46ec2@group-F8D5703BF313: changes role from      null to FOLLOWER at term 0 for startAsFollower
2021-12-05 13:30:28,904 [pool-221-thread-1] INFO  impl.RoleInfo (RoleInfo.java:updateAndGet(130)) - 2eed3e29-6eea-4fc8-a1f2-b1cd31e46ec2: start 2eed3e29-6eea-4fc8-a1f2-b1cd31e46ec2@group-F8D5703BF313-FollowerState
2021-12-05 13:30:28,914 [pool-221-thread-1] INFO  util.JmxRegister (JmxRegister.java:tryRegister(44)) - Successfully registered JMX Bean with object name Ratis:service=RaftServer,group=group-F8D5703BF313,id=2eed3e29-6eea-4fc8-a1f2-b1cd31e46ec2
2021-12-05 13:30:28,927 [Command processor thread] INFO  commandhandler.CreatePipelineCommandHandler (CreatePipelineCommandHandler.java:handle(106)) - Created Pipeline RATIS THREE PipelineID=99371691-14df-4bf9-96f6-f8d5703bf313.
2021-12-05 13:30:28,990 [Command processor thread] INFO  server.RaftServer (RaftServerProxy.java:addNew(95)) - 2eed3e29-6eea-4fc8-a1f2-b1cd31e46ec2: addNew group-B158063FF462:[2eed3e29-6eea-4fc8-a1f2-b1cd31e46ec2|rpc:10.1.0.33:34531|priority:1] returns group-B158063FF462:java.util.concurrent.CompletableFuture@35f99c03[Not completed]
2021-12-05 13:30:28,991 [pool-221-thread-1] INFO  server.RaftServer$Division (RaftServerImpl.java:<init>(184)) - 2eed3e29-6eea-4fc8-a1f2-b1cd31e46ec2: new RaftServerImpl for group-B158063FF462:[2eed3e29-6eea-4fc8-a1f2-b1cd31e46ec2|rpc:10.1.0.33:34531|priority:1] with ContainerStateMachine:uninitialized
2021-12-05 13:30:28,991 [pool-221-thread-1] INFO  server.RaftServerConfigKeys (ConfUtils.java:logGet(44)) - raft.server.rpc.timeout.min = 5s (custom)
2021-12-05 13:30:28,991 [pool-221-thread-1] INFO  server.RaftServerConfigKeys (ConfUtils.java:logGet(44)) - raft.server.rpc.timeout.max = 5200ms (custom)
2021-12-05 13:30:28,991 [pool-221-thread-1] INFO  server.RaftServerConfigKeys (ConfUtils.java:logGet(44)) - raft.server.rpc.sleep.time = 25ms (default)
2021-12-05 13:30:28,991 [pool-221-thread-1] INFO  server.RaftServerConfigKeys (ConfUtils.java:logGet(44)) - raft.server.rpc.slowness.timeout = 300s (custom)
2021-12-05 13:30:28,991 [pool-221-thread-1] INFO  server.RaftServerConfigKeys (ConfUtils.java:logGet(44)) - raft.server.leaderelection.leader.step-down.wait-time = 10s (default)
2021-12-05 13:30:28,992 [pool-221-thread-1] INFO  server.RaftServerConfigKeys (ConfUtils.java:logGet(44)) - raft.server.sleep.deviation.threshold = 300ms (default)
2021-12-05 13:30:28,992 [pool-221-thread-1] INFO  server.RaftServerConfigKeys (ConfUtils.java:logGet(44)) - raft.server.log.appender.install.snapshot.enabled = false (custom)
2021-12-05 13:30:28,992 [pool-221-thread-1] INFO  server.RaftServer$Division (ServerState.java:<init>(105)) - 2eed3e29-6eea-4fc8-a1f2-b1cd31e46ec2@group-B158063FF462: ConfigurationManager, init=-1: [2eed3e29-6eea-4fc8-a1f2-b1cd31e46ec2|rpc:10.1.0.33:34531|priority:1], old=null, confs=<EMPTY_MAP>
2021-12-05 13:30:28,992 [pool-221-thread-1] INFO  server.RaftServerConfigKeys (ConfUtils.java:logGet(44)) - raft.server.storage.dir = [/home/runner/work/ozone/ozone/hadoop-ozone/integration-test/target/test-dir/MiniOzoneClusterImpl-4b95c801-9289-4427-a3b2-78fba0992616/datanode-1/data/ratis] (custom)
2021-12-05 13:30:28,992 [pool-221-thread-1] INFO  server.RaftServerConfigKeys (ConfUtils.java:logGet(44)) - raft.server.log.corruption.policy = EXCEPTION (default)
2021-12-05 13:30:28,992 [pool-221-thread-1] INFO  server.RaftServerConfigKeys (ConfUtils.java:logGet(44)) - raft.server.storage.free-space.min = 0MB (=0) (default)
2021-12-05 13:30:28,992 [pool-221-thread-1] INFO  storage.RaftStorageDirectory (RaftStorageDirectoryImpl.java:analyzeStorage(135)) - The storage directory /home/runner/work/ozone/ozone/hadoop-ozone/integration-test/target/test-dir/MiniOzoneClusterImpl-4b95c801-9289-4427-a3b2-78fba0992616/datanode-1/data/ratis/c6effb86-c9f6-4f4a-8cbf-b158063ff462 does not exist. Creating ...
2021-12-05 13:30:28,994 [pool-221-thread-1] INFO  storage.RaftStorageDirectory (RaftStorageDirectoryImpl.java:tryLock(230)) - Lock on /home/runner/work/ozone/ozone/hadoop-ozone/integration-test/target/test-dir/MiniOzoneClusterImpl-4b95c801-9289-4427-a3b2-78fba0992616/datanode-1/data/ratis/c6effb86-c9f6-4f4a-8cbf-b158063ff462/in_use.lock acquired by nodename 9128@fv-az148-969
2021-12-05 13:30:28,995 [pool-221-thread-1] INFO  storage.RaftStorage (RaftStorageImpl.java:format(89)) - Storage directory /home/runner/work/ozone/ozone/hadoop-ozone/integration-test/target/test-dir/MiniOzoneClusterImpl-4b95c801-9289-4427-a3b2-78fba0992616/datanode-1/data/ratis/c6effb86-c9f6-4f4a-8cbf-b158063ff462 has been successfully formatted.
2021-12-05 13:30:28,995 [pool-221-thread-1] INFO  ratis.ContainerStateMachine (ContainerStateMachine.java:loadSnapshot(224)) - group-B158063FF462: The snapshot info is null. Setting the last applied indexto:(t:0, i:~)
2021-12-05 13:30:28,996 [pool-221-thread-1] INFO  server.RaftServerConfigKeys (ConfUtils.java:logGet(44)) - raft.server.notification.no-leader.timeout = 300s (custom)
2021-12-05 13:30:28,996 [pool-221-thread-1] INFO  server.RaftServerConfigKeys (ConfUtils.java:logGet(44)) - raft.server.log.use.memory = false (default)
2021-12-05 13:30:28,996 [pool-221-thread-1] INFO  server.RaftServerConfigKeys (ConfUtils.java:logGet(44)) - raft.server.log.purge.gap = 1000000 (custom)
2021-12-05 13:30:28,996 [pool-221-thread-1] INFO  server.RaftServerConfigKeys (ConfUtils.java:logGet(44)) - raft.server.log.appender.buffer.byte-limit = 33554432 (custom)
2021-12-05 13:30:28,996 [pool-221-thread-1] INFO  server.RaftServerConfigKeys (ConfUtils.java:logGet(44)) - raft.server.log.segment.size.max = 1048576 (custom)
2021-12-05 13:30:28,997 [pool-221-thread-1] INFO  server.RaftServerConfigKeys (ConfUtils.java:logGet(44)) - raft.server.log.segment.cache.num.max = 2 (custom)
2021-12-05 13:30:28,997 [pool-221-thread-1] INFO  server.RaftServerConfigKeys (ConfUtils.java:logGet(44)) - raft.server.log.segment.cache.size.max = 200MB (=209715200) (default)
2021-12-05 13:30:28,997 [pool-221-thread-1] INFO  segmented.SegmentedRaftLogWorker (SegmentedRaftLogWorker.java:<init>(182)) - new 2eed3e29-6eea-4fc8-a1f2-b1cd31e46ec2@group-B158063FF462-SegmentedRaftLogWorker for RaftStorageImpl:Storage Directory /home/runner/work/ozone/ozone/hadoop-ozone/integration-test/target/test-dir/MiniOzoneClusterImpl-4b95c801-9289-4427-a3b2-78fba0992616/datanode-1/data/ratis/c6effb86-c9f6-4f4a-8cbf-b158063ff462
2021-12-05 13:30:28,997 [pool-221-thread-1] INFO  server.RaftServerConfigKeys (ConfUtils.java:logGet(44)) - raft.server.log.queue.byte-limit = 2147483647 (custom)
2021-12-05 13:30:28,997 [pool-221-thread-1] INFO  server.RaftServerConfigKeys (ConfUtils.java:logGet(44)) - raft.server.log.queue.element-limit = 1024 (custom)
2021-12-05 13:30:28,997 [pool-221-thread-1] INFO  server.RaftServerConfigKeys (ConfUtils.java:logGet(44)) - raft.server.log.segment.size.max = 1048576 (custom)
2021-12-05 13:30:28,997 [pool-221-thread-1] INFO  server.RaftServerConfigKeys (ConfUtils.java:logGet(44)) - raft.server.log.preallocated.size = 16384 (custom)
2021-12-05 13:30:28,997 [pool-221-thread-1] INFO  server.RaftServerConfigKeys (ConfUtils.java:logGet(44)) - raft.server.log.force.sync.num = 128 (default)
2021-12-05 13:30:28,997 [pool-221-thread-1] INFO  server.RaftServerConfigKeys (ConfUtils.java:logGet(44)) - raft.server.log.statemachine.data.sync = true (default)
2021-12-05 13:30:28,997 [pool-221-thread-1] INFO  server.RaftServerConfigKeys (ConfUtils.java:logGet(44)) - raft.server.log.statemachine.data.sync.timeout = 10s (default)
2021-12-05 13:30:28,997 [pool-221-thread-1] INFO  server.RaftServerConfigKeys (ConfUtils.java:logGet(44)) - raft.server.log.statemachine.data.sync.timeout.retry = -1 (default)
2021-12-05 13:30:29,000 [EventQueue-PipelineReportForPipelineReportHandler] INFO  pipeline.PipelineManagerImpl (PipelineManagerImpl.java:openPipeline(289)) - Pipeline Pipeline[ Id: c6effb86-c9f6-4f4a-8cbf-b158063ff462, Nodes: 2eed3e29-6eea-4fc8-a1f2-b1cd31e46ec2{ip: 10.1.0.33, host: fv-az148-969.bm4ck3pvxvsene1rjriu5fhcdb.bx.internal.cloudapp.net, ports: [REPLICATION=41839, RATIS=34531, RATIS_ADMIN=34531, RATIS_SERVER=34531, STANDALONE=32919], networkLocation: /default-rack, certSerialId: null, persistedOpState: IN_SERVICE, persistedOpStateExpiryEpochSec: 0}, ReplicationConfig: RATIS/ONE, State:ALLOCATED, leaderId:2eed3e29-6eea-4fc8-a1f2-b1cd31e46ec2, CreationTimestamp2021-12-05T13:30:25.998Z[Etc/UTC]] moved to OPEN state
2021-12-05 13:30:29,000 [EventQueue-OpenPipelineForHealthyPipelineSafeModeRule] INFO  safemode.SCMSafeModeManager (HealthyPipelineSafeModeRule.java:process(124)) - SCM in safe mode. Healthy pipelines reported count is 0, required healthy pipeline reported count is 1
2021-12-05 13:30:29,001 [pool-221-thread-1] INFO  server.RaftServerConfigKeys (ConfUtils.java:logGet(44)) - raft.server.log.write.buffer.size = 1048576 (custom)
2021-12-05 13:30:29,002 [pool-221-thread-1] INFO  server.RaftServerConfigKeys (ConfUtils.java:logGet(44)) - raft.server.log.statemachine.data.caching.enabled = true (custom)
2021-12-05 13:30:29,002 [pool-221-thread-1] INFO  segmented.SegmentedRaftLogWorker (SegmentedRaftLogWorker.java:lambda$new$0(133)) - 2eed3e29-6eea-4fc8-a1f2-b1cd31e46ec2@group-B158063FF462-SegmentedRaftLogWorker: flushIndex: setUnconditionally 0 -> -1
2021-12-05 13:30:29,002 [pool-221-thread-1] INFO  segmented.SegmentedRaftLogWorker (SegmentedRaftLogWorker.java:lambda$new$0(133)) - 2eed3e29-6eea-4fc8-a1f2-b1cd31e46ec2@group-B158063FF462-SegmentedRaftLogWorker: safeCacheEvictIndex: setUnconditionally 0 -> -1
2021-12-05 13:30:29,010 [pool-221-thread-1] INFO  server.RaftServerConfigKeys (ConfUtils.java:logGet(44)) - raft.server.snapshot.auto.trigger.enabled = true (custom)
2021-12-05 13:30:29,010 [pool-221-thread-1] INFO  server.RaftServerConfigKeys (ConfUtils.java:logGet(44)) - raft.server.snapshot.auto.trigger.threshold = 10000 (custom)
2021-12-05 13:30:29,010 [pool-221-thread-1] INFO  server.RaftServerConfigKeys (ConfUtils.java:logGet(44)) - raft.server.snapshot.retention.file.num = 5 (custom)
2021-12-05 13:30:29,010 [pool-221-thread-1] INFO  server.RaftServerConfigKeys (ConfUtils.java:logGet(44)) - raft.server.log.purge.upto.snapshot.index = false (default)
2021-12-05 13:30:29,010 [pool-221-thread-1] INFO  server.RaftServerConfigKeys (ConfUtils.java:logGet(44)) - raft.server.retrycache.expirytime = 600000ms (custom)
2021-12-05 13:30:29,010 [pool-221-thread-1] INFO  server.RaftServerConfigKeys (ConfUtils.java:logGet(44)) - raft.server.retrycache.statistics.expirytime = 100μs (default)
2021-12-05 13:30:29,011 [pool-221-thread-1] INFO  server.RaftServer$Division (RaftServerImpl.java:start(301)) - 2eed3e29-6eea-4fc8-a1f2-b1cd31e46ec2@group-B158063FF462: start as a follower, conf=-1: [2eed3e29-6eea-4fc8-a1f2-b1cd31e46ec2|rpc:10.1.0.33:34531|priority:1], old=null
2021-12-05 13:30:29,011 [pool-221-thread-1] INFO  server.RaftServer$Division (RaftServerImpl.java:setRole(290)) - 2eed3e29-6eea-4fc8-a1f2-b1cd31e46ec2@group-B158063FF462: changes role from      null to FOLLOWER at term 0 for startAsFollower
2021-12-05 13:30:29,012 [pool-221-thread-1] INFO  impl.RoleInfo (RoleInfo.java:updateAndGet(130)) - 2eed3e29-6eea-4fc8-a1f2-b1cd31e46ec2: start 2eed3e29-6eea-4fc8-a1f2-b1cd31e46ec2@group-B158063FF462-FollowerState
2021-12-05 13:30:29,012 [pool-221-thread-1] INFO  util.JmxRegister (JmxRegister.java:tryRegister(44)) - Successfully registered JMX Bean with object name Ratis:service=RaftServer,group=group-B158063FF462,id=2eed3e29-6eea-4fc8-a1f2-b1cd31e46ec2
2021-12-05 13:30:29,022 [Command processor thread] INFO  ratis.XceiverServerRatis (XceiverServerRatis.java:addGroup(768)) - Created group PipelineID=c6effb86-c9f6-4f4a-8cbf-b158063ff462
2021-12-05 13:30:29,022 [Command processor thread] INFO  commandhandler.CreatePipelineCommandHandler (CreatePipelineCommandHandler.java:handle(106)) - Created Pipeline RATIS ONE PipelineID=c6effb86-c9f6-4f4a-8cbf-b158063ff462.
2021-12-05 13:30:29,523 [Listener at 127.0.0.1/36451] INFO  ozone.MiniOzoneClusterImpl (MiniOzoneClusterImpl.java:lambda$waitForClusterToBeReady$0(235)) - Nodes are ready. Got 3 of 3 DN Heartbeats.
2021-12-05 13:30:29,523 [Listener at 127.0.0.1/36451] INFO  ozone.MiniOzoneClusterImpl (MiniOzoneClusterImpl.java:lambda$waitForClusterToBeReady$0(238)) - Waiting for cluster to exit safe mode
2021-12-05 13:30:29,523 [Listener at 127.0.0.1/36451] INFO  ozone.MiniOzoneClusterImpl (MiniOzoneClusterImpl.java:lambda$waitForClusterToBeReady$0(240)) - SCM became leader
2021-12-05 13:30:29,590 [Command processor thread] INFO  server.RaftServer (RaftServerProxy.java:addNew(95)) - 33789976-9166-4b2d-b432-fc5f37128ed1: addNew group-8AD3A9A4E271:[33789976-9166-4b2d-b432-fc5f37128ed1|rpc:10.1.0.33:42511|priority:1] returns group-8AD3A9A4E271:java.util.concurrent.CompletableFuture@43cc9903[Not completed]
2021-12-05 13:30:29,592 [pool-242-thread-1] INFO  server.RaftServer$Division (RaftServerImpl.java:<init>(184)) - 33789976-9166-4b2d-b432-fc5f37128ed1: new RaftServerImpl for group-8AD3A9A4E271:[33789976-9166-4b2d-b432-fc5f37128ed1|rpc:10.1.0.33:42511|priority:1] with ContainerStateMachine:uninitialized
2021-12-05 13:30:29,592 [pool-242-thread-1] INFO  server.RaftServerConfigKeys (ConfUtils.java:logGet(44)) - raft.server.rpc.timeout.min = 5s (custom)
2021-12-05 13:30:29,592 [pool-242-thread-1] INFO  server.RaftServerConfigKeys (ConfUtils.java:logGet(44)) - raft.server.rpc.timeout.max = 5200ms (custom)
2021-12-05 13:30:29,592 [pool-242-thread-1] INFO  server.RaftServerConfigKeys (ConfUtils.java:logGet(44)) - raft.server.rpc.sleep.time = 25ms (default)
2021-12-05 13:30:29,592 [pool-242-thread-1] INFO  server.RaftServerConfigKeys (ConfUtils.java:logGet(44)) - raft.server.rpc.slowness.timeout = 300s (custom)
2021-12-05 13:30:29,592 [pool-242-thread-1] INFO  server.RaftServerConfigKeys (ConfUtils.java:logGet(44)) - raft.server.leaderelection.leader.step-down.wait-time = 10s (default)
2021-12-05 13:30:29,592 [pool-242-thread-1] INFO  server.RaftServerConfigKeys (ConfUtils.java:logGet(44)) - raft.server.sleep.deviation.threshold = 300ms (default)
2021-12-05 13:30:29,592 [pool-242-thread-1] INFO  server.RaftServerConfigKeys (ConfUtils.java:logGet(44)) - raft.server.log.appender.install.snapshot.enabled = false (custom)
2021-12-05 13:30:29,593 [pool-242-thread-1] INFO  server.RaftServer$Division (ServerState.java:<init>(105)) - 33789976-9166-4b2d-b432-fc5f37128ed1@group-8AD3A9A4E271: ConfigurationManager, init=-1: [33789976-9166-4b2d-b432-fc5f37128ed1|rpc:10.1.0.33:42511|priority:1], old=null, confs=<EMPTY_MAP>
2021-12-05 13:30:29,593 [pool-242-thread-1] INFO  server.RaftServerConfigKeys (ConfUtils.java:logGet(44)) - raft.server.storage.dir = [/home/runner/work/ozone/ozone/hadoop-ozone/integration-test/target/test-dir/MiniOzoneClusterImpl-4b95c801-9289-4427-a3b2-78fba0992616/datanode-2/data/ratis] (custom)
2021-12-05 13:30:29,593 [pool-242-thread-1] INFO  server.RaftServerConfigKeys (ConfUtils.java:logGet(44)) - raft.server.log.corruption.policy = EXCEPTION (default)
2021-12-05 13:30:29,593 [pool-242-thread-1] INFO  server.RaftServerConfigKeys (ConfUtils.java:logGet(44)) - raft.server.storage.free-space.min = 0MB (=0) (default)
2021-12-05 13:30:29,593 [pool-242-thread-1] INFO  storage.RaftStorageDirectory (RaftStorageDirectoryImpl.java:analyzeStorage(135)) - The storage directory /home/runner/work/ozone/ozone/hadoop-ozone/integration-test/target/test-dir/MiniOzoneClusterImpl-4b95c801-9289-4427-a3b2-78fba0992616/datanode-2/data/ratis/27bc53fb-48b1-4476-ac36-8ad3a9a4e271 does not exist. Creating ...
2021-12-05 13:30:29,598 [pool-242-thread-1] INFO  storage.RaftStorageDirectory (RaftStorageDirectoryImpl.java:tryLock(230)) - Lock on /home/runner/work/ozone/ozone/hadoop-ozone/integration-test/target/test-dir/MiniOzoneClusterImpl-4b95c801-9289-4427-a3b2-78fba0992616/datanode-2/data/ratis/27bc53fb-48b1-4476-ac36-8ad3a9a4e271/in_use.lock acquired by nodename 9128@fv-az148-969
2021-12-05 13:30:29,606 [pool-242-thread-1] INFO  storage.RaftStorage (RaftStorageImpl.java:format(89)) - Storage directory /home/runner/work/ozone/ozone/hadoop-ozone/integration-test/target/test-dir/MiniOzoneClusterImpl-4b95c801-9289-4427-a3b2-78fba0992616/datanode-2/data/ratis/27bc53fb-48b1-4476-ac36-8ad3a9a4e271 has been successfully formatted.
2021-12-05 13:30:29,608 [EventQueue-PipelineReportForPipelineReportHandler] INFO  pipeline.PipelineManagerImpl (PipelineManagerImpl.java:openPipeline(289)) - Pipeline Pipeline[ Id: 27bc53fb-48b1-4476-ac36-8ad3a9a4e271, Nodes: 33789976-9166-4b2d-b432-fc5f37128ed1{ip: 10.1.0.33, host: fv-az148-969.bm4ck3pvxvsene1rjriu5fhcdb.bx.internal.cloudapp.net, ports: [REPLICATION=44279, RATIS=42511, RATIS_ADMIN=42511, RATIS_SERVER=42511, STANDALONE=42513], networkLocation: /default-rack, certSerialId: null, persistedOpState: IN_SERVICE, persistedOpStateExpiryEpochSec: 0}, ReplicationConfig: RATIS/ONE, State:ALLOCATED, leaderId:33789976-9166-4b2d-b432-fc5f37128ed1, CreationTimestamp2021-12-05T13:30:26.594Z[Etc/UTC]] moved to OPEN state
2021-12-05 13:30:29,609 [EventQueue-OpenPipelineForHealthyPipelineSafeModeRule] INFO  safemode.SCMSafeModeManager (HealthyPipelineSafeModeRule.java:process(124)) - SCM in safe mode. Healthy pipelines reported count is 0, required healthy pipeline reported count is 1
2021-12-05 13:30:29,609 [pool-242-thread-1] INFO  ratis.ContainerStateMachine (ContainerStateMachine.java:loadSnapshot(224)) - group-8AD3A9A4E271: The snapshot info is null. Setting the last applied indexto:(t:0, i:~)
2021-12-05 13:30:29,614 [pool-242-thread-1] INFO  server.RaftServerConfigKeys (ConfUtils.java:logGet(44)) - raft.server.notification.no-leader.timeout = 300s (custom)
2021-12-05 13:30:29,622 [pool-242-thread-1] INFO  server.RaftServerConfigKeys (ConfUtils.java:logGet(44)) - raft.server.log.use.memory = false (default)
2021-12-05 13:30:29,622 [pool-242-thread-1] INFO  server.RaftServerConfigKeys (ConfUtils.java:logGet(44)) - raft.server.log.purge.gap = 1000000 (custom)
2021-12-05 13:30:29,622 [pool-242-thread-1] INFO  server.RaftServerConfigKeys (ConfUtils.java:logGet(44)) - raft.server.log.appender.buffer.byte-limit = 33554432 (custom)
2021-12-05 13:30:29,622 [pool-242-thread-1] INFO  server.RaftServerConfigKeys (ConfUtils.java:logGet(44)) - raft.server.log.segment.size.max = 1048576 (custom)
2021-12-05 13:30:29,623 [pool-242-thread-1] INFO  server.RaftServerConfigKeys (ConfUtils.java:logGet(44)) - raft.server.log.segment.cache.num.max = 2 (custom)
2021-12-05 13:30:29,623 [pool-242-thread-1] INFO  server.RaftServerConfigKeys (ConfUtils.java:logGet(44)) - raft.server.log.segment.cache.size.max = 200MB (=209715200) (default)
2021-12-05 13:30:29,623 [pool-242-thread-1] INFO  segmented.SegmentedRaftLogWorker (SegmentedRaftLogWorker.java:<init>(182)) - new 33789976-9166-4b2d-b432-fc5f37128ed1@group-8AD3A9A4E271-SegmentedRaftLogWorker for RaftStorageImpl:Storage Directory /home/runner/work/ozone/ozone/hadoop-ozone/integration-test/target/test-dir/MiniOzoneClusterImpl-4b95c801-9289-4427-a3b2-78fba0992616/datanode-2/data/ratis/27bc53fb-48b1-4476-ac36-8ad3a9a4e271
2021-12-05 13:30:29,623 [pool-242-thread-1] INFO  server.RaftServerConfigKeys (ConfUtils.java:logGet(44)) - raft.server.log.queue.byte-limit = 2147483647 (custom)
2021-12-05 13:30:29,623 [pool-242-thread-1] INFO  server.RaftServerConfigKeys (ConfUtils.java:logGet(44)) - raft.server.log.queue.element-limit = 1024 (custom)
2021-12-05 13:30:29,623 [pool-242-thread-1] INFO  server.RaftServerConfigKeys (ConfUtils.java:logGet(44)) - raft.server.log.segment.size.max = 1048576 (custom)
2021-12-05 13:30:29,623 [pool-242-thread-1] INFO  server.RaftServerConfigKeys (ConfUtils.java:logGet(44)) - raft.server.log.preallocated.size = 16384 (custom)
2021-12-05 13:30:29,623 [pool-242-thread-1] INFO  server.RaftServerConfigKeys (ConfUtils.java:logGet(44)) - raft.server.log.force.sync.num = 128 (default)
2021-12-05 13:30:29,623 [pool-242-thread-1] INFO  server.RaftServerConfigKeys (ConfUtils.java:logGet(44)) - raft.server.log.statemachine.data.sync = true (default)
2021-12-05 13:30:29,623 [pool-242-thread-1] INFO  server.RaftServerConfigKeys (ConfUtils.java:logGet(44)) - raft.server.log.statemachine.data.sync.timeout = 10s (default)
2021-12-05 13:30:29,624 [pool-242-thread-1] INFO  server.RaftServerConfigKeys (ConfUtils.java:logGet(44)) - raft.server.log.statemachine.data.sync.timeout.retry = -1 (default)
2021-12-05 13:30:29,624 [pool-242-thread-1] INFO  server.RaftServerConfigKeys (ConfUtils.java:logGet(44)) - raft.server.log.write.buffer.size = 1048576 (custom)
2021-12-05 13:30:29,625 [pool-242-thread-1] INFO  server.RaftServerConfigKeys (ConfUtils.java:logGet(44)) - raft.server.log.statemachine.data.caching.enabled = true (custom)
2021-12-05 13:30:29,626 [pool-242-thread-1] INFO  segmented.SegmentedRaftLogWorker (SegmentedRaftLogWorker.java:lambda$new$0(133)) - 33789976-9166-4b2d-b432-fc5f37128ed1@group-8AD3A9A4E271-SegmentedRaftLogWorker: flushIndex: setUnconditionally 0 -> -1
2021-12-05 13:30:29,626 [pool-242-thread-1] INFO  segmented.SegmentedRaftLogWorker (SegmentedRaftLogWorker.java:lambda$new$0(133)) - 33789976-9166-4b2d-b432-fc5f37128ed1@group-8AD3A9A4E271-SegmentedRaftLogWorker: safeCacheEvictIndex: setUnconditionally 0 -> -1
2021-12-05 13:30:29,630 [pool-242-thread-1] INFO  server.RaftServerConfigKeys (ConfUtils.java:logGet(44)) - raft.server.snapshot.auto.trigger.enabled = true (custom)
2021-12-05 13:30:29,630 [pool-242-thread-1] INFO  server.RaftServerConfigKeys (ConfUtils.java:logGet(44)) - raft.server.snapshot.auto.trigger.threshold = 10000 (custom)
2021-12-05 13:30:29,630 [pool-242-thread-1] INFO  server.RaftServerConfigKeys (ConfUtils.java:logGet(44)) - raft.server.snapshot.retention.file.num = 5 (custom)
2021-12-05 13:30:29,630 [pool-242-thread-1] INFO  server.RaftServerConfigKeys (ConfUtils.java:logGet(44)) - raft.server.log.purge.upto.snapshot.index = false (default)
2021-12-05 13:30:29,630 [pool-242-thread-1] INFO  server.RaftServerConfigKeys (ConfUtils.java:logGet(44)) - raft.server.retrycache.expirytime = 600000ms (custom)
2021-12-05 13:30:29,630 [pool-242-thread-1] INFO  server.RaftServerConfigKeys (ConfUtils.java:logGet(44)) - raft.server.retrycache.statistics.expirytime = 100μs (default)
2021-12-05 13:30:29,631 [pool-242-thread-1] INFO  server.RaftServer$Division (RaftServerImpl.java:start(301)) - 33789976-9166-4b2d-b432-fc5f37128ed1@group-8AD3A9A4E271: start as a follower, conf=-1: [33789976-9166-4b2d-b432-fc5f37128ed1|rpc:10.1.0.33:42511|priority:1], old=null
2021-12-05 13:30:29,631 [pool-242-thread-1] INFO  server.RaftServer$Division (RaftServerImpl.java:setRole(290)) - 33789976-9166-4b2d-b432-fc5f37128ed1@group-8AD3A9A4E271: changes role from      null to FOLLOWER at term 0 for startAsFollower
2021-12-05 13:30:29,632 [pool-242-thread-1] INFO  impl.RoleInfo (RoleInfo.java:updateAndGet(130)) - 33789976-9166-4b2d-b432-fc5f37128ed1: start 33789976-9166-4b2d-b432-fc5f37128ed1@group-8AD3A9A4E271-FollowerState
2021-12-05 13:30:29,635 [pool-242-thread-1] INFO  util.JmxRegister (JmxRegister.java:tryRegister(44)) - Successfully registered JMX Bean with object name Ratis:service=RaftServer,group=group-8AD3A9A4E271,id=33789976-9166-4b2d-b432-fc5f37128ed1
2021-12-05 13:30:29,636 [Command processor thread] INFO  ratis.XceiverServerRatis (XceiverServerRatis.java:addGroup(768)) - Created group PipelineID=27bc53fb-48b1-4476-ac36-8ad3a9a4e271
2021-12-05 13:30:29,636 [Command processor thread] INFO  commandhandler.CreatePipelineCommandHandler (CreatePipelineCommandHandler.java:handle(106)) - Created Pipeline RATIS ONE PipelineID=27bc53fb-48b1-4476-ac36-8ad3a9a4e271.
2021-12-05 13:30:30,524 [Listener at 127.0.0.1/36451] INFO  ozone.MiniOzoneClusterImpl (MiniOzoneClusterImpl.java:lambda$waitForClusterToBeReady$0(235)) - Nodes are ready. Got 3 of 3 DN Heartbeats.
2021-12-05 13:30:30,524 [Listener at 127.0.0.1/36451] INFO  ozone.MiniOzoneClusterImpl (MiniOzoneClusterImpl.java:lambda$waitForClusterToBeReady$0(238)) - Waiting for cluster to exit safe mode
2021-12-05 13:30:30,524 [Listener at 127.0.0.1/36451] INFO  ozone.MiniOzoneClusterImpl (MiniOzoneClusterImpl.java:lambda$waitForClusterToBeReady$0(240)) - SCM became leader
2021-12-05 13:30:31,525 [Listener at 127.0.0.1/36451] INFO  ozone.MiniOzoneClusterImpl (MiniOzoneClusterImpl.java:lambda$waitForClusterToBeReady$0(235)) - Nodes are ready. Got 3 of 3 DN Heartbeats.
2021-12-05 13:30:31,525 [Listener at 127.0.0.1/36451] INFO  ozone.MiniOzoneClusterImpl (MiniOzoneClusterImpl.java:lambda$waitForClusterToBeReady$0(238)) - Waiting for cluster to exit safe mode
2021-12-05 13:30:31,525 [Listener at 127.0.0.1/36451] INFO  ozone.MiniOzoneClusterImpl (MiniOzoneClusterImpl.java:lambda$waitForClusterToBeReady$0(240)) - SCM became leader
2021-12-05 13:30:32,525 [Listener at 127.0.0.1/36451] INFO  ozone.MiniOzoneClusterImpl (MiniOzoneClusterImpl.java:lambda$waitForClusterToBeReady$0(235)) - Nodes are ready. Got 3 of 3 DN Heartbeats.
2021-12-05 13:30:32,526 [Listener at 127.0.0.1/36451] INFO  ozone.MiniOzoneClusterImpl (MiniOzoneClusterImpl.java:lambda$waitForClusterToBeReady$0(238)) - Waiting for cluster to exit safe mode
2021-12-05 13:30:32,526 [Listener at 127.0.0.1/36451] INFO  ozone.MiniOzoneClusterImpl (MiniOzoneClusterImpl.java:lambda$waitForClusterToBeReady$0(240)) - SCM became leader
2021-12-05 13:30:33,501 [95adf3fa-442c-443c-b663-6c38b0fe08bf@group-E4C28F99EB72-FollowerState] INFO  impl.FollowerState (FollowerState.java:run(134)) - 95adf3fa-442c-443c-b663-6c38b0fe08bf@group-E4C28F99EB72-FollowerState: change to CANDIDATE, lastRpcElapsedTime:5040117620ns, electionTimeout:5038ms
2021-12-05 13:30:33,501 [95adf3fa-442c-443c-b663-6c38b0fe08bf@group-E4C28F99EB72-FollowerState] INFO  impl.RoleInfo (RoleInfo.java:shutdownFollowerState(108)) - 95adf3fa-442c-443c-b663-6c38b0fe08bf: shutdown 95adf3fa-442c-443c-b663-6c38b0fe08bf@group-E4C28F99EB72-FollowerState
2021-12-05 13:30:33,501 [95adf3fa-442c-443c-b663-6c38b0fe08bf@group-E4C28F99EB72-FollowerState] INFO  server.RaftServer$Division (RaftServerImpl.java:setRole(290)) - 95adf3fa-442c-443c-b663-6c38b0fe08bf@group-E4C28F99EB72: changes role from  FOLLOWER to CANDIDATE at term 0 for changeToCandidate
2021-12-05 13:30:33,502 [95adf3fa-442c-443c-b663-6c38b0fe08bf@group-E4C28F99EB72-FollowerState] INFO  server.RaftServerConfigKeys (ConfUtils.java:logGet(44)) - raft.server.leaderelection.pre-vote = false (custom)
2021-12-05 13:30:33,502 [95adf3fa-442c-443c-b663-6c38b0fe08bf@group-E4C28F99EB72-FollowerState] INFO  impl.RoleInfo (RoleInfo.java:updateAndGet(130)) - 95adf3fa-442c-443c-b663-6c38b0fe08bf: start 95adf3fa-442c-443c-b663-6c38b0fe08bf@group-E4C28F99EB72-LeaderElection15
2021-12-05 13:30:33,516 [95adf3fa-442c-443c-b663-6c38b0fe08bf@group-E4C28F99EB72-LeaderElection15] INFO  impl.LeaderElection (LeaderElection.java:askForVotes(306)) - 95adf3fa-442c-443c-b663-6c38b0fe08bf@group-E4C28F99EB72-LeaderElection15 ELECTION round 0: submit vote requests at term 1 for -1: [95adf3fa-442c-443c-b663-6c38b0fe08bf|rpc:10.1.0.33:34639|priority:1], old=null
2021-12-05 13:30:33,516 [95adf3fa-442c-443c-b663-6c38b0fe08bf@group-E4C28F99EB72-LeaderElection15] INFO  impl.LeaderElection (LeaderElection.java:askForVotes(308)) - 95adf3fa-442c-443c-b663-6c38b0fe08bf@group-E4C28F99EB72-LeaderElection15 ELECTION round 0: result PASSED (term=1)
2021-12-05 13:30:33,517 [95adf3fa-442c-443c-b663-6c38b0fe08bf@group-E4C28F99EB72-LeaderElection15] INFO  impl.RoleInfo (RoleInfo.java:shutdownLeaderElection(121)) - 95adf3fa-442c-443c-b663-6c38b0fe08bf: shutdown 95adf3fa-442c-443c-b663-6c38b0fe08bf@group-E4C28F99EB72-LeaderElection15
2021-12-05 13:30:33,517 [95adf3fa-442c-443c-b663-6c38b0fe08bf@group-E4C28F99EB72-LeaderElection15] INFO  server.RaftServer$Division (RaftServerImpl.java:setRole(290)) - 95adf3fa-442c-443c-b663-6c38b0fe08bf@group-E4C28F99EB72: changes role from CANDIDATE to LEADER at term 1 for changeToLeader
2021-12-05 13:30:33,517 [95adf3fa-442c-443c-b663-6c38b0fe08bf@group-E4C28F99EB72-LeaderElection15] INFO  ratis.XceiverServerRatis (XceiverServerRatis.java:handleLeaderChangedNotification(866)) - Leader change notification received for group: group-E4C28F99EB72 with new leaderId: 95adf3fa-442c-443c-b663-6c38b0fe08bf
2021-12-05 13:30:33,519 [EventQueue-OpenPipelineForHealthyPipelineSafeModeRule] INFO  safemode.SCMSafeModeManager (HealthyPipelineSafeModeRule.java:process(124)) - SCM in safe mode. Healthy pipelines reported count is 0, required healthy pipeline reported count is 1
2021-12-05 13:30:33,520 [95adf3fa-442c-443c-b663-6c38b0fe08bf@group-E4C28F99EB72-LeaderElection15] INFO  server.RaftServer$Division (ServerState.java:setLeader(285)) - 95adf3fa-442c-443c-b663-6c38b0fe08bf@group-E4C28F99EB72: change Leader from null to 95adf3fa-442c-443c-b663-6c38b0fe08bf at term 1 for becomeLeader, leader elected after 5069ms
2021-12-05 13:30:33,520 [95adf3fa-442c-443c-b663-6c38b0fe08bf@group-E4C28F99EB72-LeaderElection15] INFO  server.RaftServerConfigKeys (ConfUtils.java:logGet(44)) - raft.server.staging.catchup.gap = 1000 (default)
2021-12-05 13:30:33,520 [95adf3fa-442c-443c-b663-6c38b0fe08bf@group-E4C28F99EB72-LeaderElection15] INFO  server.RaftServerConfigKeys (ConfUtils.java:logGet(44)) - raft.server.write.element-limit = 1024 (custom)
2021-12-05 13:30:33,520 [95adf3fa-442c-443c-b663-6c38b0fe08bf@group-E4C28F99EB72-LeaderElection15] INFO  server.RaftServerConfigKeys (ConfUtils.java:logGet(44)) - raft.server.write.byte-limit = 1024 M (=1073741824) (custom)
2021-12-05 13:30:33,520 [95adf3fa-442c-443c-b663-6c38b0fe08bf@group-E4C28F99EB72-LeaderElection15] INFO  server.RaftServerConfigKeys (ConfUtils.java:logGet(44)) - raft.server.watch.timeout = 180s (custom)
2021-12-05 13:30:33,520 [95adf3fa-442c-443c-b663-6c38b0fe08bf@group-E4C28F99EB72-LeaderElection15] INFO  server.RaftServerConfigKeys (ConfUtils.java:logGet(44)) - raft.server.watch.timeout.denomination = 1s (default)
2021-12-05 13:30:33,521 [95adf3fa-442c-443c-b663-6c38b0fe08bf@group-E4C28F99EB72-LeaderElection15] INFO  server.RaftServerConfigKeys (ConfUtils.java:logGet(44)) - raft.server.watch.element-limit = 65536 (default)
2021-12-05 13:30:33,521 [95adf3fa-442c-443c-b663-6c38b0fe08bf@group-E4C28F99EB72-LeaderElection15] INFO  server.RaftServerConfigKeys (ConfUtils.java:logGet(44)) - raft.server.write.element-limit = 1024 (custom)
2021-12-05 13:30:33,521 [95adf3fa-442c-443c-b663-6c38b0fe08bf@group-E4C28F99EB72-LeaderElection15] INFO  server.RaftServerConfigKeys (ConfUtils.java:logGet(44)) - raft.server.write.follower.gap.ratio.max = -1.0 (default)
2021-12-05 13:30:33,521 [95adf3fa-442c-443c-b663-6c38b0fe08bf@group-E4C28F99EB72-LeaderElection15] INFO  impl.RoleInfo (RoleInfo.java:updateAndGet(130)) - 95adf3fa-442c-443c-b663-6c38b0fe08bf: start 95adf3fa-442c-443c-b663-6c38b0fe08bf@group-E4C28F99EB72-LeaderStateImpl
2021-12-05 13:30:33,522 [95adf3fa-442c-443c-b663-6c38b0fe08bf@group-E4C28F99EB72-LeaderElection15] INFO  segmented.SegmentedRaftLogWorker (SegmentedRaftLogWorker.java:startLogSegment(394)) - 95adf3fa-442c-443c-b663-6c38b0fe08bf@group-E4C28F99EB72-SegmentedRaftLogWorker: Starting segment from index:0
2021-12-05 13:30:33,524 [95adf3fa-442c-443c-b663-6c38b0fe08bf@group-E4C28F99EB72-SegmentedRaftLogWorker] INFO  segmented.SegmentedRaftLogWorker (SegmentedRaftLogWorker.java:execute(601)) - 95adf3fa-442c-443c-b663-6c38b0fe08bf@group-E4C28F99EB72-SegmentedRaftLogWorker: created new log segment /home/runner/work/ozone/ozone/hadoop-ozone/integration-test/target/test-dir/MiniOzoneClusterImpl-4b95c801-9289-4427-a3b2-78fba0992616/datanode-0/data/ratis/08d403b6-be63-44f5-b6de-e4c28f99eb72/current/log_inprogress_0
2021-12-05 13:30:33,526 [Listener at 127.0.0.1/36451] INFO  ozone.MiniOzoneClusterImpl (MiniOzoneClusterImpl.java:lambda$waitForClusterToBeReady$0(235)) - Nodes are ready. Got 3 of 3 DN Heartbeats.
2021-12-05 13:30:33,526 [Listener at 127.0.0.1/36451] INFO  ozone.MiniOzoneClusterImpl (MiniOzoneClusterImpl.java:lambda$waitForClusterToBeReady$0(238)) - Waiting for cluster to exit safe mode
2021-12-05 13:30:33,526 [Listener at 127.0.0.1/36451] INFO  ozone.MiniOzoneClusterImpl (MiniOzoneClusterImpl.java:lambda$waitForClusterToBeReady$0(240)) - SCM became leader
2021-12-05 13:30:33,527 [95adf3fa-442c-443c-b663-6c38b0fe08bf@group-E4C28F99EB72-LeaderElection15] INFO  server.RaftServer$Division (ServerState.java:setRaftConf(387)) - 95adf3fa-442c-443c-b663-6c38b0fe08bf@group-E4C28F99EB72: set configuration 0: [95adf3fa-442c-443c-b663-6c38b0fe08bf|rpc:10.1.0.33:34639|dataStream:|priority:1], old=null
2021-12-05 13:30:33,587 [95adf3fa-442c-443c-b663-6c38b0fe08bf@group-385C3DFC7687-FollowerState] INFO  impl.FollowerState (FollowerState.java:run(134)) - 95adf3fa-442c-443c-b663-6c38b0fe08bf@group-385C3DFC7687-FollowerState: change to CANDIDATE, lastRpcElapsedTime:5084527670ns, electionTimeout:5073ms
2021-12-05 13:30:33,587 [95adf3fa-442c-443c-b663-6c38b0fe08bf@group-385C3DFC7687-FollowerState] INFO  impl.RoleInfo (RoleInfo.java:shutdownFollowerState(108)) - 95adf3fa-442c-443c-b663-6c38b0fe08bf: shutdown 95adf3fa-442c-443c-b663-6c38b0fe08bf@group-385C3DFC7687-FollowerState
2021-12-05 13:30:33,587 [95adf3fa-442c-443c-b663-6c38b0fe08bf@group-385C3DFC7687-FollowerState] INFO  server.RaftServer$Division (RaftServerImpl.java:setRole(290)) - 95adf3fa-442c-443c-b663-6c38b0fe08bf@group-385C3DFC7687: changes role from  FOLLOWER to CANDIDATE at term 0 for changeToCandidate
2021-12-05 13:30:33,587 [95adf3fa-442c-443c-b663-6c38b0fe08bf@group-385C3DFC7687-FollowerState] INFO  server.RaftServerConfigKeys (ConfUtils.java:logGet(44)) - raft.server.leaderelection.pre-vote = false (custom)
2021-12-05 13:30:33,587 [95adf3fa-442c-443c-b663-6c38b0fe08bf@group-385C3DFC7687-FollowerState] INFO  impl.RoleInfo (RoleInfo.java:updateAndGet(130)) - 95adf3fa-442c-443c-b663-6c38b0fe08bf: start 95adf3fa-442c-443c-b663-6c38b0fe08bf@group-385C3DFC7687-LeaderElection16
2021-12-05 13:30:33,598 [95adf3fa-442c-443c-b663-6c38b0fe08bf@group-385C3DFC7687-LeaderElection16] INFO  impl.LeaderElection (LeaderElection.java:askForVotes(306)) - 95adf3fa-442c-443c-b663-6c38b0fe08bf@group-385C3DFC7687-LeaderElection16 ELECTION round 0: submit vote requests at term 1 for -1: [2eed3e29-6eea-4fc8-a1f2-b1cd31e46ec2|rpc:10.1.0.33:34531|priority:0, 33789976-9166-4b2d-b432-fc5f37128ed1|rpc:10.1.0.33:42511|priority:1, 95adf3fa-442c-443c-b663-6c38b0fe08bf|rpc:10.1.0.33:34639|priority:0], old=null
2021-12-05 13:30:33,640 [grpc-default-executor-0] INFO  server.RaftServer$Division (RaftServerImpl.java:requestVote(1046)) - 2eed3e29-6eea-4fc8-a1f2-b1cd31e46ec2@group-385C3DFC7687: receive requestVote(ELECTION, 95adf3fa-442c-443c-b663-6c38b0fe08bf, group-385C3DFC7687, 1, (t:0, i:0))
2021-12-05 13:30:33,640 [grpc-default-executor-0] INFO  impl.VoteContext (VoteContext.java:log(48)) - 2eed3e29-6eea-4fc8-a1f2-b1cd31e46ec2@group-385C3DFC7687-FOLLOWER: accept ELECTION from 95adf3fa-442c-443c-b663-6c38b0fe08bf: our priority 0 <= candidate's priority 0
2021-12-05 13:30:33,640 [grpc-default-executor-0] INFO  server.RaftServer$Division (RaftServerImpl.java:setRole(290)) - 2eed3e29-6eea-4fc8-a1f2-b1cd31e46ec2@group-385C3DFC7687: changes role from  FOLLOWER to FOLLOWER at term 1 for candidate:95adf3fa-442c-443c-b663-6c38b0fe08bf
2021-12-05 13:30:33,640 [grpc-default-executor-0] INFO  impl.RoleInfo (RoleInfo.java:shutdownFollowerState(108)) - 2eed3e29-6eea-4fc8-a1f2-b1cd31e46ec2: shutdown 2eed3e29-6eea-4fc8-a1f2-b1cd31e46ec2@group-385C3DFC7687-FollowerState
2021-12-05 13:30:33,640 [grpc-default-executor-0] INFO  impl.RoleInfo (RoleInfo.java:updateAndGet(130)) - 2eed3e29-6eea-4fc8-a1f2-b1cd31e46ec2: start 2eed3e29-6eea-4fc8-a1f2-b1cd31e46ec2@group-385C3DFC7687-FollowerState
2021-12-05 13:30:33,642 [2eed3e29-6eea-4fc8-a1f2-b1cd31e46ec2@group-385C3DFC7687-FollowerState] INFO  impl.FollowerState (FollowerState.java:run(143)) - 2eed3e29-6eea-4fc8-a1f2-b1cd31e46ec2@group-385C3DFC7687-FollowerState was interrupted: {}
java.lang.InterruptedException: sleep interrupted
	at java.lang.Thread.sleep(Native Method)
	at java.lang.Thread.sleep(Thread.java:340)
	at java.util.concurrent.TimeUnit.sleep(TimeUnit.java:386)
	at org.apache.ratis.util.TimeDuration.sleep(TimeDuration.java:324)
	at org.apache.ratis.util.TimeDuration.sleep(TimeDuration.java:309)
	at org.apache.ratis.server.impl.FollowerState.run(FollowerState.java:118)
2021-12-05 13:30:33,650 [grpc-default-executor-0] INFO  server.RaftServer$Division (RaftServerImpl.java:requestVote(1078)) - 2eed3e29-6eea-4fc8-a1f2-b1cd31e46ec2@group-385C3DFC7687 replies to ELECTION vote request: 95adf3fa-442c-443c-b663-6c38b0fe08bf<-2eed3e29-6eea-4fc8-a1f2-b1cd31e46ec2#0:OK-t1. Peer's state: 2eed3e29-6eea-4fc8-a1f2-b1cd31e46ec2@group-385C3DFC7687:t1, leader=null, voted=95adf3fa-442c-443c-b663-6c38b0fe08bf, raftlog=2eed3e29-6eea-4fc8-a1f2-b1cd31e46ec2@group-385C3DFC7687-SegmentedRaftLog:OPENED:c-1, conf=-1: [2eed3e29-6eea-4fc8-a1f2-b1cd31e46ec2|rpc:10.1.0.33:34531|dataStream:|priority:0, 33789976-9166-4b2d-b432-fc5f37128ed1|rpc:10.1.0.33:42511|dataStream:|priority:1, 95adf3fa-442c-443c-b663-6c38b0fe08bf|rpc:10.1.0.33:34639|dataStream:|priority:0], old=null
2021-12-05 13:30:33,666 [grpc-default-executor-1] INFO  server.RaftServer$Division (RaftServerImpl.java:requestVote(1046)) - 33789976-9166-4b2d-b432-fc5f37128ed1@group-385C3DFC7687: receive requestVote(ELECTION, 95adf3fa-442c-443c-b663-6c38b0fe08bf, group-385C3DFC7687, 1, (t:0, i:0))
2021-12-05 13:30:33,666 [grpc-default-executor-1] INFO  impl.VoteContext (VoteContext.java:log(48)) - 33789976-9166-4b2d-b432-fc5f37128ed1@group-385C3DFC7687-FOLLOWER: reject ELECTION from 95adf3fa-442c-443c-b663-6c38b0fe08bf: our priority 1 > candidate's priority 0
2021-12-05 13:30:33,666 [grpc-default-executor-1] INFO  server.RaftServer$Division (RaftServerImpl.java:setRole(290)) - 33789976-9166-4b2d-b432-fc5f37128ed1@group-385C3DFC7687: changes role from  FOLLOWER to FOLLOWER at term 1 for candidate:95adf3fa-442c-443c-b663-6c38b0fe08bf
2021-12-05 13:30:33,666 [grpc-default-executor-1] INFO  impl.RoleInfo (RoleInfo.java:shutdownFollowerState(108)) - 33789976-9166-4b2d-b432-fc5f37128ed1: shutdown 33789976-9166-4b2d-b432-fc5f37128ed1@group-385C3DFC7687-FollowerState
2021-12-05 13:30:33,666 [grpc-default-executor-1] INFO  impl.RoleInfo (RoleInfo.java:updateAndGet(130)) - 33789976-9166-4b2d-b432-fc5f37128ed1: start 33789976-9166-4b2d-b432-fc5f37128ed1@group-385C3DFC7687-FollowerState
2021-12-05 13:30:33,666 [33789976-9166-4b2d-b432-fc5f37128ed1@group-385C3DFC7687-FollowerState] INFO  impl.FollowerState (FollowerState.java:run(143)) - 33789976-9166-4b2d-b432-fc5f37128ed1@group-385C3DFC7687-FollowerState was interrupted: {}
java.lang.InterruptedException: sleep interrupted
	at java.lang.Thread.sleep(Native Method)
	at java.lang.Thread.sleep(Thread.java:340)
	at java.util.concurrent.TimeUnit.sleep(TimeUnit.java:386)
	at org.apache.ratis.util.TimeDuration.sleep(TimeDuration.java:324)
	at org.apache.ratis.util.TimeDuration.sleep(TimeDuration.java:309)
	at org.apache.ratis.server.impl.FollowerState.run(FollowerState.java:118)
2021-12-05 13:30:33,687 [grpc-default-executor-1] INFO  server.RaftServer$Division (RaftServerImpl.java:requestVote(1078)) - 33789976-9166-4b2d-b432-fc5f37128ed1@group-385C3DFC7687 replies to ELECTION vote request: 95adf3fa-442c-443c-b663-6c38b0fe08bf<-33789976-9166-4b2d-b432-fc5f37128ed1#0:FAIL-t1. Peer's state: 33789976-9166-4b2d-b432-fc5f37128ed1@group-385C3DFC7687:t1, leader=null, voted=null, raftlog=33789976-9166-4b2d-b432-fc5f37128ed1@group-385C3DFC7687-SegmentedRaftLog:OPENED:c-1, conf=-1: [2eed3e29-6eea-4fc8-a1f2-b1cd31e46ec2|rpc:10.1.0.33:34531|dataStream:|priority:0, 33789976-9166-4b2d-b432-fc5f37128ed1|rpc:10.1.0.33:42511|dataStream:|priority:1, 95adf3fa-442c-443c-b663-6c38b0fe08bf|rpc:10.1.0.33:34639|dataStream:|priority:0], old=null
2021-12-05 13:30:33,689 [95adf3fa-442c-443c-b663-6c38b0fe08bf@group-385C3DFC7687-LeaderElection16] INFO  impl.LeaderElection (LeaderElection.java:logAndReturn(89)) - 95adf3fa-442c-443c-b663-6c38b0fe08bf@group-385C3DFC7687-LeaderElection16: ELECTION REJECTED received 2 response(s) and 0 exception(s):
2021-12-05 13:30:33,689 [95adf3fa-442c-443c-b663-6c38b0fe08bf@group-385C3DFC7687-LeaderElection16] INFO  impl.LeaderElection (LeaderElection.java:logAndReturn(93)) -   Response 0: 95adf3fa-442c-443c-b663-6c38b0fe08bf<-2eed3e29-6eea-4fc8-a1f2-b1cd31e46ec2#0:OK-t1
2021-12-05 13:30:33,689 [95adf3fa-442c-443c-b663-6c38b0fe08bf@group-385C3DFC7687-LeaderElection16] INFO  impl.LeaderElection (LeaderElection.java:logAndReturn(93)) -   Response 1: 95adf3fa-442c-443c-b663-6c38b0fe08bf<-33789976-9166-4b2d-b432-fc5f37128ed1#0:FAIL-t1
2021-12-05 13:30:33,689 [95adf3fa-442c-443c-b663-6c38b0fe08bf@group-385C3DFC7687-LeaderElection16] INFO  impl.LeaderElection (LeaderElection.java:askForVotes(308)) - 95adf3fa-442c-443c-b663-6c38b0fe08bf@group-385C3DFC7687-LeaderElection16 ELECTION round 0: result REJECTED
2021-12-05 13:30:33,689 [95adf3fa-442c-443c-b663-6c38b0fe08bf@group-385C3DFC7687-LeaderElection16] INFO  server.RaftServer$Division (RaftServerImpl.java:setRole(290)) - 95adf3fa-442c-443c-b663-6c38b0fe08bf@group-385C3DFC7687: changes role from CANDIDATE to FOLLOWER at term 1 for REJECTED
2021-12-05 13:30:33,689 [95adf3fa-442c-443c-b663-6c38b0fe08bf@group-385C3DFC7687-LeaderElection16] INFO  impl.RoleInfo (RoleInfo.java:shutdownLeaderElection(121)) - 95adf3fa-442c-443c-b663-6c38b0fe08bf: shutdown 95adf3fa-442c-443c-b663-6c38b0fe08bf@group-385C3DFC7687-LeaderElection16
2021-12-05 13:30:33,690 [95adf3fa-442c-443c-b663-6c38b0fe08bf@group-385C3DFC7687-LeaderElection16] INFO  impl.RoleInfo (RoleInfo.java:updateAndGet(130)) - 95adf3fa-442c-443c-b663-6c38b0fe08bf: start 95adf3fa-442c-443c-b663-6c38b0fe08bf@group-385C3DFC7687-FollowerState
2021-12-05 13:30:33,816 [95adf3fa-442c-443c-b663-6c38b0fe08bf@group-F8D5703BF313-FollowerState] INFO  impl.FollowerState (FollowerState.java:run(134)) - 95adf3fa-442c-443c-b663-6c38b0fe08bf@group-F8D5703BF313-FollowerState: change to CANDIDATE, lastRpcElapsedTime:5024862732ns, electionTimeout:5024ms
2021-12-05 13:30:33,818 [95adf3fa-442c-443c-b663-6c38b0fe08bf@group-F8D5703BF313-FollowerState] INFO  impl.RoleInfo (RoleInfo.java:shutdownFollowerState(108)) - 95adf3fa-442c-443c-b663-6c38b0fe08bf: shutdown 95adf3fa-442c-443c-b663-6c38b0fe08bf@group-F8D5703BF313-FollowerState
2021-12-05 13:30:33,818 [95adf3fa-442c-443c-b663-6c38b0fe08bf@group-F8D5703BF313-FollowerState] INFO  server.RaftServer$Division (RaftServerImpl.java:setRole(290)) - 95adf3fa-442c-443c-b663-6c38b0fe08bf@group-F8D5703BF313: changes role from  FOLLOWER to CANDIDATE at term 0 for changeToCandidate
2021-12-05 13:30:33,818 [95adf3fa-442c-443c-b663-6c38b0fe08bf@group-F8D5703BF313-FollowerState] INFO  server.RaftServerConfigKeys (ConfUtils.java:logGet(44)) - raft.server.leaderelection.pre-vote = false (custom)
2021-12-05 13:30:33,818 [95adf3fa-442c-443c-b663-6c38b0fe08bf@group-F8D5703BF313-FollowerState] INFO  impl.RoleInfo (RoleInfo.java:updateAndGet(130)) - 95adf3fa-442c-443c-b663-6c38b0fe08bf: start 95adf3fa-442c-443c-b663-6c38b0fe08bf@group-F8D5703BF313-LeaderElection17
2021-12-05 13:30:33,832 [95adf3fa-442c-443c-b663-6c38b0fe08bf@group-F8D5703BF313-LeaderElection17] INFO  impl.LeaderElection (LeaderElection.java:askForVotes(306)) - 95adf3fa-442c-443c-b663-6c38b0fe08bf@group-F8D5703BF313-LeaderElection17 ELECTION round 0: submit vote requests at term 1 for -1: [2eed3e29-6eea-4fc8-a1f2-b1cd31e46ec2|rpc:10.1.0.33:34531|priority:0, 33789976-9166-4b2d-b432-fc5f37128ed1|rpc:10.1.0.33:42511|priority:0, 95adf3fa-442c-443c-b663-6c38b0fe08bf|rpc:10.1.0.33:34639|priority:1], old=null
2021-12-05 13:30:33,846 [grpc-default-executor-1] INFO  server.RaftServer$Division (RaftServerImpl.java:requestVote(1046)) - 2eed3e29-6eea-4fc8-a1f2-b1cd31e46ec2@group-F8D5703BF313: receive requestVote(ELECTION, 95adf3fa-442c-443c-b663-6c38b0fe08bf, group-F8D5703BF313, 1, (t:0, i:0))
2021-12-05 13:30:33,846 [grpc-default-executor-1] INFO  impl.VoteContext (VoteContext.java:log(48)) - 2eed3e29-6eea-4fc8-a1f2-b1cd31e46ec2@group-F8D5703BF313-FOLLOWER: accept ELECTION from 95adf3fa-442c-443c-b663-6c38b0fe08bf: our priority 0 <= candidate's priority 1
2021-12-05 13:30:33,846 [grpc-default-executor-1] INFO  server.RaftServer$Division (RaftServerImpl.java:setRole(290)) - 2eed3e29-6eea-4fc8-a1f2-b1cd31e46ec2@group-F8D5703BF313: changes role from  FOLLOWER to FOLLOWER at term 1 for candidate:95adf3fa-442c-443c-b663-6c38b0fe08bf
2021-12-05 13:30:33,847 [grpc-default-executor-1] INFO  impl.RoleInfo (RoleInfo.java:shutdownFollowerState(108)) - 2eed3e29-6eea-4fc8-a1f2-b1cd31e46ec2: shutdown 2eed3e29-6eea-4fc8-a1f2-b1cd31e46ec2@group-F8D5703BF313-FollowerState
2021-12-05 13:30:33,847 [grpc-default-executor-1] INFO  impl.RoleInfo (RoleInfo.java:updateAndGet(130)) - 2eed3e29-6eea-4fc8-a1f2-b1cd31e46ec2: start 2eed3e29-6eea-4fc8-a1f2-b1cd31e46ec2@group-F8D5703BF313-FollowerState
2021-12-05 13:30:33,847 [2eed3e29-6eea-4fc8-a1f2-b1cd31e46ec2@group-F8D5703BF313-FollowerState] INFO  impl.FollowerState (FollowerState.java:run(143)) - 2eed3e29-6eea-4fc8-a1f2-b1cd31e46ec2@group-F8D5703BF313-FollowerState was interrupted: {}
java.lang.InterruptedException: sleep interrupted
	at java.lang.Thread.sleep(Native Method)
	at java.lang.Thread.sleep(Thread.java:340)
	at java.util.concurrent.TimeUnit.sleep(TimeUnit.java:386)
	at org.apache.ratis.util.TimeDuration.sleep(TimeDuration.java:324)
	at org.apache.ratis.util.TimeDuration.sleep(TimeDuration.java:309)
	at org.apache.ratis.server.impl.FollowerState.run(FollowerState.java:118)
2021-12-05 13:30:33,847 [grpc-default-executor-0] INFO  server.RaftServer$Division (RaftServerImpl.java:requestVote(1046)) - 33789976-9166-4b2d-b432-fc5f37128ed1@group-F8D5703BF313: receive requestVote(ELECTION, 95adf3fa-442c-443c-b663-6c38b0fe08bf, group-F8D5703BF313, 1, (t:0, i:0))
2021-12-05 13:30:33,847 [grpc-default-executor-0] INFO  impl.VoteContext (VoteContext.java:log(48)) - 33789976-9166-4b2d-b432-fc5f37128ed1@group-F8D5703BF313-FOLLOWER: accept ELECTION from 95adf3fa-442c-443c-b663-6c38b0fe08bf: our priority 0 <= candidate's priority 1
2021-12-05 13:30:33,847 [grpc-default-executor-0] INFO  server.RaftServer$Division (RaftServerImpl.java:setRole(290)) - 33789976-9166-4b2d-b432-fc5f37128ed1@group-F8D5703BF313: changes role from  FOLLOWER to FOLLOWER at term 1 for candidate:95adf3fa-442c-443c-b663-6c38b0fe08bf
2021-12-05 13:30:33,847 [grpc-default-executor-0] INFO  impl.RoleInfo (RoleInfo.java:shutdownFollowerState(108)) - 33789976-9166-4b2d-b432-fc5f37128ed1: shutdown 33789976-9166-4b2d-b432-fc5f37128ed1@group-F8D5703BF313-FollowerState
2021-12-05 13:30:33,849 [grpc-default-executor-1] INFO  server.RaftServer$Division (RaftServerImpl.java:requestVote(1078)) - 2eed3e29-6eea-4fc8-a1f2-b1cd31e46ec2@group-F8D5703BF313 replies to ELECTION vote request: 95adf3fa-442c-443c-b663-6c38b0fe08bf<-2eed3e29-6eea-4fc8-a1f2-b1cd31e46ec2#0:OK-t1. Peer's state: 2eed3e29-6eea-4fc8-a1f2-b1cd31e46ec2@group-F8D5703BF313:t1, leader=null, voted=95adf3fa-442c-443c-b663-6c38b0fe08bf, raftlog=2eed3e29-6eea-4fc8-a1f2-b1cd31e46ec2@group-F8D5703BF313-SegmentedRaftLog:OPENED:c-1, conf=-1: [2eed3e29-6eea-4fc8-a1f2-b1cd31e46ec2|rpc:10.1.0.33:34531|dataStream:|priority:0, 33789976-9166-4b2d-b432-fc5f37128ed1|rpc:10.1.0.33:42511|dataStream:|priority:0, 95adf3fa-442c-443c-b663-6c38b0fe08bf|rpc:10.1.0.33:34639|dataStream:|priority:1], old=null
2021-12-05 13:30:33,850 [95adf3fa-442c-443c-b663-6c38b0fe08bf@group-F8D5703BF313-LeaderElection17] INFO  impl.LeaderElection (LeaderElection.java:logAndReturn(89)) - 95adf3fa-442c-443c-b663-6c38b0fe08bf@group-F8D5703BF313-LeaderElection17: ELECTION PASSED received 1 response(s) and 0 exception(s):
2021-12-05 13:30:33,850 [95adf3fa-442c-443c-b663-6c38b0fe08bf@group-F8D5703BF313-LeaderElection17] INFO  impl.LeaderElection (LeaderElection.java:logAndReturn(93)) -   Response 0: 95adf3fa-442c-443c-b663-6c38b0fe08bf<-2eed3e29-6eea-4fc8-a1f2-b1cd31e46ec2#0:OK-t1
2021-12-05 13:30:33,850 [95adf3fa-442c-443c-b663-6c38b0fe08bf@group-F8D5703BF313-LeaderElection17] INFO  impl.LeaderElection (LeaderElection.java:askForVotes(308)) - 95adf3fa-442c-443c-b663-6c38b0fe08bf@group-F8D5703BF313-LeaderElection17 ELECTION round 0: result PASSED
2021-12-05 13:30:33,850 [95adf3fa-442c-443c-b663-6c38b0fe08bf@group-F8D5703BF313-LeaderElection17] INFO  impl.RoleInfo (RoleInfo.java:shutdownLeaderElection(121)) - 95adf3fa-442c-443c-b663-6c38b0fe08bf: shutdown 95adf3fa-442c-443c-b663-6c38b0fe08bf@group-F8D5703BF313-LeaderElection17
2021-12-05 13:30:33,850 [95adf3fa-442c-443c-b663-6c38b0fe08bf@group-F8D5703BF313-LeaderElection17] INFO  server.RaftServer$Division (RaftServerImpl.java:setRole(290)) - 95adf3fa-442c-443c-b663-6c38b0fe08bf@group-F8D5703BF313: changes role from CANDIDATE to LEADER at term 1 for changeToLeader
2021-12-05 13:30:33,850 [95adf3fa-442c-443c-b663-6c38b0fe08bf@group-F8D5703BF313-LeaderElection17] INFO  ratis.XceiverServerRatis (XceiverServerRatis.java:handleLeaderChangedNotification(866)) - Leader change notification received for group: group-F8D5703BF313 with new leaderId: 95adf3fa-442c-443c-b663-6c38b0fe08bf
2021-12-05 13:30:33,850 [95adf3fa-442c-443c-b663-6c38b0fe08bf@group-F8D5703BF313-LeaderElection17] INFO  server.RaftServer$Division (ServerState.java:setLeader(285)) - 95adf3fa-442c-443c-b663-6c38b0fe08bf@group-F8D5703BF313: change Leader from null to 95adf3fa-442c-443c-b663-6c38b0fe08bf at term 1 for becomeLeader, leader elected after 5071ms
2021-12-05 13:30:33,850 [95adf3fa-442c-443c-b663-6c38b0fe08bf@group-F8D5703BF313-LeaderElection17] INFO  server.RaftServerConfigKeys (ConfUtils.java:logGet(44)) - raft.server.staging.catchup.gap = 1000 (default)
2021-12-05 13:30:33,851 [95adf3fa-442c-443c-b663-6c38b0fe08bf@group-F8D5703BF313-LeaderElection17] INFO  server.RaftServerConfigKeys (ConfUtils.java:logGet(44)) - raft.server.write.element-limit = 1024 (custom)
2021-12-05 13:30:33,851 [95adf3fa-442c-443c-b663-6c38b0fe08bf@group-F8D5703BF313-LeaderElection17] INFO  server.RaftServerConfigKeys (ConfUtils.java:logGet(44)) - raft.server.write.byte-limit = 1024 M (=1073741824) (custom)
2021-12-05 13:30:33,851 [95adf3fa-442c-443c-b663-6c38b0fe08bf@group-F8D5703BF313-LeaderElection17] INFO  server.RaftServerConfigKeys (ConfUtils.java:logGet(44)) - raft.server.watch.timeout = 180s (custom)
2021-12-05 13:30:33,851 [95adf3fa-442c-443c-b663-6c38b0fe08bf@group-F8D5703BF313-LeaderElection17] INFO  server.RaftServerConfigKeys (ConfUtils.java:logGet(44)) - raft.server.watch.timeout.denomination = 1s (default)
2021-12-05 13:30:33,851 [95adf3fa-442c-443c-b663-6c38b0fe08bf@group-F8D5703BF313-LeaderElection17] INFO  server.RaftServerConfigKeys (ConfUtils.java:logGet(44)) - raft.server.watch.element-limit = 65536 (default)
2021-12-05 13:30:33,851 [95adf3fa-442c-443c-b663-6c38b0fe08bf@group-F8D5703BF313-LeaderElection17] INFO  server.RaftServerConfigKeys (ConfUtils.java:logGet(44)) - raft.server.write.element-limit = 1024 (custom)
2021-12-05 13:30:33,851 [95adf3fa-442c-443c-b663-6c38b0fe08bf@group-F8D5703BF313-LeaderElection17] INFO  server.RaftServerConfigKeys (ConfUtils.java:logGet(44)) - raft.server.write.follower.gap.ratio.max = -1.0 (default)
2021-12-05 13:30:33,851 [95adf3fa-442c-443c-b663-6c38b0fe08bf@group-F8D5703BF313-LeaderElection17] INFO  server.RaftServerConfigKeys (ConfUtils.java:logGet(44)) - raft.server.log.appender.snapshot.chunk.size.max = 16MB (=16777216) (default)
2021-12-05 13:30:33,851 [95adf3fa-442c-443c-b663-6c38b0fe08bf@group-F8D5703BF313-LeaderElection17] INFO  server.RaftServerConfigKeys (ConfUtils.java:logGet(44)) - raft.server.log.appender.buffer.byte-limit = 33554432 (custom)
2021-12-05 13:30:33,851 [95adf3fa-442c-443c-b663-6c38b0fe08bf@group-F8D5703BF313-LeaderElection17] INFO  server.RaftServerConfigKeys (ConfUtils.java:logGet(44)) - raft.server.log.appender.buffer.element-limit = 1 (custom)
2021-12-05 13:30:33,852 [95adf3fa-442c-443c-b663-6c38b0fe08bf@group-F8D5703BF313-LeaderElection17] INFO  grpc.GrpcConfigKeys (ConfUtils.java:logGet(44)) - raft.grpc.server.leader.outstanding.appends.max = 128 (default)
2021-12-05 13:30:33,852 [95adf3fa-442c-443c-b663-6c38b0fe08bf@group-F8D5703BF313-LeaderElection17] INFO  server.RaftServerConfigKeys (ConfUtils.java:logGet(44)) - raft.server.rpc.request.timeout = 60s (custom)
2021-12-05 13:30:33,852 [95adf3fa-442c-443c-b663-6c38b0fe08bf@group-F8D5703BF313-LeaderElection17] INFO  server.RaftServerConfigKeys (ConfUtils.java:logGet(44)) - raft.server.log.appender.install.snapshot.enabled = false (custom)
2021-12-05 13:30:33,853 [95adf3fa-442c-443c-b663-6c38b0fe08bf@group-F8D5703BF313-LeaderElection17] INFO  server.RaftServerConfigKeys (ConfUtils.java:logGet(44)) - raft.server.log.appender.snapshot.chunk.size.max = 16MB (=16777216) (default)
2021-12-05 13:30:33,853 [95adf3fa-442c-443c-b663-6c38b0fe08bf@group-F8D5703BF313-LeaderElection17] INFO  server.RaftServerConfigKeys (ConfUtils.java:logGet(44)) - raft.server.log.appender.buffer.byte-limit = 33554432 (custom)
2021-12-05 13:30:33,853 [95adf3fa-442c-443c-b663-6c38b0fe08bf@group-F8D5703BF313-LeaderElection17] INFO  server.RaftServerConfigKeys (ConfUtils.java:logGet(44)) - raft.server.log.appender.buffer.element-limit = 1 (custom)
2021-12-05 13:30:33,853 [95adf3fa-442c-443c-b663-6c38b0fe08bf@group-F8D5703BF313-LeaderElection17] INFO  grpc.GrpcConfigKeys (ConfUtils.java:logGet(44)) - raft.grpc.server.leader.outstanding.appends.max = 128 (default)
2021-12-05 13:30:33,853 [95adf3fa-442c-443c-b663-6c38b0fe08bf@group-F8D5703BF313-LeaderElection17] INFO  server.RaftServerConfigKeys (ConfUtils.java:logGet(44)) - raft.server.rpc.request.timeout = 60s (custom)
2021-12-05 13:30:33,853 [95adf3fa-442c-443c-b663-6c38b0fe08bf@group-F8D5703BF313-LeaderElection17] INFO  server.RaftServerConfigKeys (ConfUtils.java:logGet(44)) - raft.server.log.appender.install.snapshot.enabled = false (custom)
2021-12-05 13:30:33,854 [grpc-default-executor-0] INFO  impl.RoleInfo (RoleInfo.java:updateAndGet(130)) - 33789976-9166-4b2d-b432-fc5f37128ed1: start 33789976-9166-4b2d-b432-fc5f37128ed1@group-F8D5703BF313-FollowerState
2021-12-05 13:30:33,854 [33789976-9166-4b2d-b432-fc5f37128ed1@group-F8D5703BF313-FollowerState] INFO  impl.FollowerState (FollowerState.java:run(143)) - 33789976-9166-4b2d-b432-fc5f37128ed1@group-F8D5703BF313-FollowerState was interrupted: {}
java.lang.InterruptedException: sleep interrupted
	at java.lang.Thread.sleep(Native Method)
	at java.lang.Thread.sleep(Thread.java:340)
	at java.util.concurrent.TimeUnit.sleep(TimeUnit.java:386)
	at org.apache.ratis.util.TimeDuration.sleep(TimeDuration.java:324)
	at org.apache.ratis.util.TimeDuration.sleep(TimeDuration.java:309)
	at org.apache.ratis.server.impl.FollowerState.run(FollowerState.java:118)
2021-12-05 13:30:33,856 [95adf3fa-442c-443c-b663-6c38b0fe08bf@group-F8D5703BF313-LeaderElection17] INFO  impl.RoleInfo (RoleInfo.java:updateAndGet(130)) - 95adf3fa-442c-443c-b663-6c38b0fe08bf: start 95adf3fa-442c-443c-b663-6c38b0fe08bf@group-F8D5703BF313-LeaderStateImpl
2021-12-05 13:30:33,857 [95adf3fa-442c-443c-b663-6c38b0fe08bf@group-F8D5703BF313-LeaderElection17] INFO  segmented.SegmentedRaftLogWorker (SegmentedRaftLogWorker.java:startLogSegment(394)) - 95adf3fa-442c-443c-b663-6c38b0fe08bf@group-F8D5703BF313-SegmentedRaftLogWorker: Starting segment from index:0
2021-12-05 13:30:33,857 [grpc-default-executor-0] INFO  server.RaftServer$Division (RaftServerImpl.java:requestVote(1078)) - 33789976-9166-4b2d-b432-fc5f37128ed1@group-F8D5703BF313 replies to ELECTION vote request: 95adf3fa-442c-443c-b663-6c38b0fe08bf<-33789976-9166-4b2d-b432-fc5f37128ed1#0:OK-t1. Peer's state: 33789976-9166-4b2d-b432-fc5f37128ed1@group-F8D5703BF313:t1, leader=null, voted=95adf3fa-442c-443c-b663-6c38b0fe08bf, raftlog=33789976-9166-4b2d-b432-fc5f37128ed1@group-F8D5703BF313-SegmentedRaftLog:OPENED:c-1, conf=-1: [2eed3e29-6eea-4fc8-a1f2-b1cd31e46ec2|rpc:10.1.0.33:34531|dataStream:|priority:0, 33789976-9166-4b2d-b432-fc5f37128ed1|rpc:10.1.0.33:42511|dataStream:|priority:0, 95adf3fa-442c-443c-b663-6c38b0fe08bf|rpc:10.1.0.33:34639|dataStream:|priority:1], old=null
2021-12-05 13:30:33,859 [95adf3fa-442c-443c-b663-6c38b0fe08bf@group-F8D5703BF313-SegmentedRaftLogWorker] INFO  segmented.SegmentedRaftLogWorker (SegmentedRaftLogWorker.java:execute(601)) - 95adf3fa-442c-443c-b663-6c38b0fe08bf@group-F8D5703BF313-SegmentedRaftLogWorker: created new log segment /home/runner/work/ozone/ozone/hadoop-ozone/integration-test/target/test-dir/MiniOzoneClusterImpl-4b95c801-9289-4427-a3b2-78fba0992616/datanode-0/data/ratis/99371691-14df-4bf9-96f6-f8d5703bf313/current/log_inprogress_0
2021-12-05 13:30:33,863 [EventQueue-PipelineReportForPipelineReportHandler] INFO  pipeline.PipelineManagerImpl (PipelineManagerImpl.java:openPipeline(289)) - Pipeline Pipeline[ Id: 99371691-14df-4bf9-96f6-f8d5703bf313, Nodes: 33789976-9166-4b2d-b432-fc5f37128ed1{ip: 10.1.0.33, host: fv-az148-969.bm4ck3pvxvsene1rjriu5fhcdb.bx.internal.cloudapp.net, ports: [REPLICATION=44279, RATIS=42511, RATIS_ADMIN=42511, RATIS_SERVER=42511, STANDALONE=42513], networkLocation: /default-rack, certSerialId: null, persistedOpState: IN_SERVICE, persistedOpStateExpiryEpochSec: 0}2eed3e29-6eea-4fc8-a1f2-b1cd31e46ec2{ip: 10.1.0.33, host: fv-az148-969.bm4ck3pvxvsene1rjriu5fhcdb.bx.internal.cloudapp.net, ports: [REPLICATION=41839, RATIS=34531, RATIS_ADMIN=34531, RATIS_SERVER=34531, STANDALONE=32919], networkLocation: /default-rack, certSerialId: null, persistedOpState: IN_SERVICE, persistedOpStateExpiryEpochSec: 0}95adf3fa-442c-443c-b663-6c38b0fe08bf{ip: 10.1.0.33, host: fv-az148-969.bm4ck3pvxvsene1rjriu5fhcdb.bx.internal.cloudapp.net, ports: [REPLICATION=40395, RATIS=34639, RATIS_ADMIN=34639, RATIS_SERVER=34639, STANDALONE=41673], networkLocation: /default-rack, certSerialId: null, persistedOpState: IN_SERVICE, persistedOpStateExpiryEpochSec: 0}, ReplicationConfig: RATIS/THREE, State:ALLOCATED, leaderId:95adf3fa-442c-443c-b663-6c38b0fe08bf, CreationTimestamp2021-12-05T13:30:26.597Z[Etc/UTC]] moved to OPEN state
2021-12-05 13:30:33,863 [EventQueue-OpenPipelineForHealthyPipelineSafeModeRule] INFO  safemode.SCMSafeModeManager (HealthyPipelineSafeModeRule.java:process(124)) - SCM in safe mode. Healthy pipelines reported count is 0, required healthy pipeline reported count is 1
2021-12-05 13:30:33,873 [EventQueue-OpenPipelineForHealthyPipelineSafeModeRule] INFO  safemode.SCMSafeModeManager (HealthyPipelineSafeModeRule.java:process(124)) - SCM in safe mode. Healthy pipelines reported count is 1, required healthy pipeline reported count is 1
2021-12-05 13:30:33,873 [EventQueue-OpenPipelineForHealthyPipelineSafeModeRule] INFO  safemode.SCMSafeModeManager (SCMSafeModeManager.java:validateSafeModeExitRules(204)) - HealthyPipelineSafeModeRule rule is successfully validated
2021-12-05 13:30:33,873 [EventQueue-OpenPipelineForHealthyPipelineSafeModeRule] INFO  safemode.SCMSafeModeManager (SCMSafeModeManager.java:validateSafeModeExitRules(219)) - ScmSafeModeManager, all rules are successfully validated
2021-12-05 13:30:33,873 [EventQueue-OpenPipelineForHealthyPipelineSafeModeRule] INFO  safemode.SCMSafeModeManager (SCMSafeModeManager.java:exitSafeMode(248)) - SCM exiting safe mode.
2021-12-05 13:30:33,874 [EventQueue-OpenPipelineForHealthyPipelineSafeModeRule] WARN  events.EventQueue (EventQueue.java:fireEvent(194)) - No event handler registered for event TypedEvent{payloadType=SafeModeStatus, name='Safe mode status'}
2021-12-05 13:30:33,874 [EventQueue-OpenPipelineForHealthyPipelineSafeModeRule] INFO  ha.SCMContext (SCMContext.java:updateSafeModeStatus(205)) - Update SafeModeStatus from SafeModeStatus{safeModeStatus=true, preCheckPassed=true} to SafeModeStatus{safeModeStatus=false, preCheckPassed=true}.
2021-12-05 13:30:33,874 [EventQueue-OpenPipelineForHealthyPipelineSafeModeRule] INFO  pipeline.BackgroundPipelineCreator (BackgroundPipelineCreator.java:notifyStatusChanged(264)) - Service BackgroundPipelineCreator transitions to RUNNING.
2021-12-05 13:30:33,874 [EventQueue-OpenPipelineForHealthyPipelineSafeModeRule] INFO  container.ReplicationManager (ReplicationManager.java:notifyStatusChanged(1756)) - Service ReplicationManager transitions to RUNNING.
2021-12-05 13:30:33,890 [grpc-default-executor-1] INFO  ratis.XceiverServerRatis (XceiverServerRatis.java:handleLeaderChangedNotification(866)) - Leader change notification received for group: group-F8D5703BF313 with new leaderId: 95adf3fa-442c-443c-b663-6c38b0fe08bf
2021-12-05 13:30:33,892 [grpc-default-executor-1] INFO  server.RaftServer$Division (ServerState.java:setLeader(285)) - 33789976-9166-4b2d-b432-fc5f37128ed1@group-F8D5703BF313: change Leader from null to 95adf3fa-442c-443c-b663-6c38b0fe08bf at term 1 for appendEntries, leader elected after 5066ms
2021-12-05 13:30:33,890 [95adf3fa-442c-443c-b663-6c38b0fe08bf@group-F8D5703BF313-LeaderElection17] INFO  server.RaftServer$Division (ServerState.java:setRaftConf(387)) - 95adf3fa-442c-443c-b663-6c38b0fe08bf@group-F8D5703BF313: set configuration 0: [2eed3e29-6eea-4fc8-a1f2-b1cd31e46ec2|rpc:10.1.0.33:34531|dataStream:|priority:0, 33789976-9166-4b2d-b432-fc5f37128ed1|rpc:10.1.0.33:42511|dataStream:|priority:0, 95adf3fa-442c-443c-b663-6c38b0fe08bf|rpc:10.1.0.33:34639|dataStream:|priority:1], old=null
2021-12-05 13:30:33,893 [grpc-default-executor-2] INFO  ratis.XceiverServerRatis (XceiverServerRatis.java:handleLeaderChangedNotification(866)) - Leader change notification received for group: group-F8D5703BF313 with new leaderId: 95adf3fa-442c-443c-b663-6c38b0fe08bf
2021-12-05 13:30:33,893 [grpc-default-executor-2] INFO  server.RaftServer$Division (ServerState.java:setLeader(285)) - 2eed3e29-6eea-4fc8-a1f2-b1cd31e46ec2@group-F8D5703BF313: change Leader from null to 95adf3fa-442c-443c-b663-6c38b0fe08bf at term 1 for appendEntries, leader elected after 5005ms
2021-12-05 13:30:33,900 [grpc-default-executor-1] INFO  server.RaftServer$Division (ServerState.java:setRaftConf(387)) - 33789976-9166-4b2d-b432-fc5f37128ed1@group-F8D5703BF313: set configuration 0: [2eed3e29-6eea-4fc8-a1f2-b1cd31e46ec2|rpc:10.1.0.33:34531|dataStream:|priority:0, 33789976-9166-4b2d-b432-fc5f37128ed1|rpc:10.1.0.33:42511|dataStream:|priority:0, 95adf3fa-442c-443c-b663-6c38b0fe08bf|rpc:10.1.0.33:34639|dataStream:|priority:1], old=null
2021-12-05 13:30:33,900 [grpc-default-executor-1] INFO  segmented.SegmentedRaftLogWorker (SegmentedRaftLogWorker.java:startLogSegment(394)) - 33789976-9166-4b2d-b432-fc5f37128ed1@group-F8D5703BF313-SegmentedRaftLogWorker: Starting segment from index:0
2021-12-05 13:30:33,904 [33789976-9166-4b2d-b432-fc5f37128ed1@group-F8D5703BF313-SegmentedRaftLogWorker] INFO  segmented.SegmentedRaftLogWorker (SegmentedRaftLogWorker.java:execute(601)) - 33789976-9166-4b2d-b432-fc5f37128ed1@group-F8D5703BF313-SegmentedRaftLogWorker: created new log segment /home/runner/work/ozone/ozone/hadoop-ozone/integration-test/target/test-dir/MiniOzoneClusterImpl-4b95c801-9289-4427-a3b2-78fba0992616/datanode-2/data/ratis/99371691-14df-4bf9-96f6-f8d5703bf313/current/log_inprogress_0
2021-12-05 13:30:33,942 [grpc-default-executor-1] INFO  server.RaftServer$Division (ServerState.java:setRaftConf(387)) - 2eed3e29-6eea-4fc8-a1f2-b1cd31e46ec2@group-F8D5703BF313: set configuration 0: [2eed3e29-6eea-4fc8-a1f2-b1cd31e46ec2|rpc:10.1.0.33:34531|dataStream:|priority:0, 33789976-9166-4b2d-b432-fc5f37128ed1|rpc:10.1.0.33:42511|dataStream:|priority:0, 95adf3fa-442c-443c-b663-6c38b0fe08bf|rpc:10.1.0.33:34639|dataStream:|priority:1], old=null
2021-12-05 13:30:33,942 [grpc-default-executor-1] INFO  segmented.SegmentedRaftLogWorker (SegmentedRaftLogWorker.java:startLogSegment(394)) - 2eed3e29-6eea-4fc8-a1f2-b1cd31e46ec2@group-F8D5703BF313-SegmentedRaftLogWorker: Starting segment from index:0
2021-12-05 13:30:33,944 [2eed3e29-6eea-4fc8-a1f2-b1cd31e46ec2@group-F8D5703BF313-SegmentedRaftLogWorker] INFO  segmented.SegmentedRaftLogWorker (SegmentedRaftLogWorker.java:execute(601)) - 2eed3e29-6eea-4fc8-a1f2-b1cd31e46ec2@group-F8D5703BF313-SegmentedRaftLogWorker: created new log segment /home/runner/work/ozone/ozone/hadoop-ozone/integration-test/target/test-dir/MiniOzoneClusterImpl-4b95c801-9289-4427-a3b2-78fba0992616/datanode-1/data/ratis/99371691-14df-4bf9-96f6-f8d5703bf313/current/log_inprogress_0
2021-12-05 13:30:34,108 [2eed3e29-6eea-4fc8-a1f2-b1cd31e46ec2@group-B158063FF462-FollowerState] INFO  impl.FollowerState (FollowerState.java:run(134)) - 2eed3e29-6eea-4fc8-a1f2-b1cd31e46ec2@group-B158063FF462-FollowerState: change to CANDIDATE, lastRpcElapsedTime:5096938636ns, electionTimeout:5096ms
2021-12-05 13:30:34,109 [2eed3e29-6eea-4fc8-a1f2-b1cd31e46ec2@group-B158063FF462-FollowerState] INFO  impl.RoleInfo (RoleInfo.java:shutdownFollowerState(108)) - 2eed3e29-6eea-4fc8-a1f2-b1cd31e46ec2: shutdown 2eed3e29-6eea-4fc8-a1f2-b1cd31e46ec2@group-B158063FF462-FollowerState
2021-12-05 13:30:34,109 [2eed3e29-6eea-4fc8-a1f2-b1cd31e46ec2@group-B158063FF462-FollowerState] INFO  server.RaftServer$Division (RaftServerImpl.java:setRole(290)) - 2eed3e29-6eea-4fc8-a1f2-b1cd31e46ec2@group-B158063FF462: changes role from  FOLLOWER to CANDIDATE at term 0 for changeToCandidate
2021-12-05 13:30:34,109 [2eed3e29-6eea-4fc8-a1f2-b1cd31e46ec2@group-B158063FF462-FollowerState] INFO  server.RaftServerConfigKeys (ConfUtils.java:logGet(44)) - raft.server.leaderelection.pre-vote = false (custom)
2021-12-05 13:30:34,109 [2eed3e29-6eea-4fc8-a1f2-b1cd31e46ec2@group-B158063FF462-FollowerState] INFO  impl.RoleInfo (RoleInfo.java:updateAndGet(130)) - 2eed3e29-6eea-4fc8-a1f2-b1cd31e46ec2: start 2eed3e29-6eea-4fc8-a1f2-b1cd31e46ec2@group-B158063FF462-LeaderElection18
2021-12-05 13:30:34,120 [2eed3e29-6eea-4fc8-a1f2-b1cd31e46ec2@group-B158063FF462-LeaderElection18] INFO  impl.LeaderElection (LeaderElection.java:askForVotes(306)) - 2eed3e29-6eea-4fc8-a1f2-b1cd31e46ec2@group-B158063FF462-LeaderElection18 ELECTION round 0: submit vote requests at term 1 for -1: [2eed3e29-6eea-4fc8-a1f2-b1cd31e46ec2|rpc:10.1.0.33:34531|priority:1], old=null
2021-12-05 13:30:34,120 [2eed3e29-6eea-4fc8-a1f2-b1cd31e46ec2@group-B158063FF462-LeaderElection18] INFO  impl.LeaderElection (LeaderElection.java:askForVotes(308)) - 2eed3e29-6eea-4fc8-a1f2-b1cd31e46ec2@group-B158063FF462-LeaderElection18 ELECTION round 0: result PASSED (term=1)
2021-12-05 13:30:34,120 [2eed3e29-6eea-4fc8-a1f2-b1cd31e46ec2@group-B158063FF462-LeaderElection18] INFO  impl.RoleInfo (RoleInfo.java:shutdownLeaderElection(121)) - 2eed3e29-6eea-4fc8-a1f2-b1cd31e46ec2: shutdown 2eed3e29-6eea-4fc8-a1f2-b1cd31e46ec2@group-B158063FF462-LeaderElection18
2021-12-05 13:30:34,120 [2eed3e29-6eea-4fc8-a1f2-b1cd31e46ec2@group-B158063FF462-LeaderElection18] INFO  server.RaftServer$Division (RaftServerImpl.java:setRole(290)) - 2eed3e29-6eea-4fc8-a1f2-b1cd31e46ec2@group-B158063FF462: changes role from CANDIDATE to LEADER at term 1 for changeToLeader
2021-12-05 13:30:34,120 [2eed3e29-6eea-4fc8-a1f2-b1cd31e46ec2@group-B158063FF462-LeaderElection18] INFO  ratis.XceiverServerRatis (XceiverServerRatis.java:handleLeaderChangedNotification(866)) - Leader change notification received for group: group-B158063FF462 with new leaderId: 2eed3e29-6eea-4fc8-a1f2-b1cd31e46ec2
2021-12-05 13:30:34,121 [2eed3e29-6eea-4fc8-a1f2-b1cd31e46ec2@group-B158063FF462-LeaderElection18] INFO  server.RaftServer$Division (ServerState.java:setLeader(285)) - 2eed3e29-6eea-4fc8-a1f2-b1cd31e46ec2@group-B158063FF462: change Leader from null to 2eed3e29-6eea-4fc8-a1f2-b1cd31e46ec2 at term 1 for becomeLeader, leader elected after 5124ms
2021-12-05 13:30:34,121 [2eed3e29-6eea-4fc8-a1f2-b1cd31e46ec2@group-B158063FF462-LeaderElection18] INFO  server.RaftServerConfigKeys (ConfUtils.java:logGet(44)) - raft.server.staging.catchup.gap = 1000 (default)
2021-12-05 13:30:34,121 [2eed3e29-6eea-4fc8-a1f2-b1cd31e46ec2@group-B158063FF462-LeaderElection18] INFO  server.RaftServerConfigKeys (ConfUtils.java:logGet(44)) - raft.server.write.element-limit = 1024 (custom)
2021-12-05 13:30:34,121 [2eed3e29-6eea-4fc8-a1f2-b1cd31e46ec2@group-B158063FF462-LeaderElection18] INFO  server.RaftServerConfigKeys (ConfUtils.java:logGet(44)) - raft.server.write.byte-limit = 1024 M (=1073741824) (custom)
2021-12-05 13:30:34,130 [2eed3e29-6eea-4fc8-a1f2-b1cd31e46ec2@group-B158063FF462-LeaderElection18] INFO  server.RaftServerConfigKeys (ConfUtils.java:logGet(44)) - raft.server.watch.timeout = 180s (custom)
2021-12-05 13:30:34,130 [2eed3e29-6eea-4fc8-a1f2-b1cd31e46ec2@group-B158063FF462-LeaderElection18] INFO  server.RaftServerConfigKeys (ConfUtils.java:logGet(44)) - raft.server.watch.timeout.denomination = 1s (default)
2021-12-05 13:30:34,130 [2eed3e29-6eea-4fc8-a1f2-b1cd31e46ec2@group-B158063FF462-LeaderElection18] INFO  server.RaftServerConfigKeys (ConfUtils.java:logGet(44)) - raft.server.watch.element-limit = 65536 (default)
2021-12-05 13:30:34,130 [2eed3e29-6eea-4fc8-a1f2-b1cd31e46ec2@group-B158063FF462-LeaderElection18] INFO  server.RaftServerConfigKeys (ConfUtils.java:logGet(44)) - raft.server.write.element-limit = 1024 (custom)
2021-12-05 13:30:34,130 [2eed3e29-6eea-4fc8-a1f2-b1cd31e46ec2@group-B158063FF462-LeaderElection18] INFO  server.RaftServerConfigKeys (ConfUtils.java:logGet(44)) - raft.server.write.follower.gap.ratio.max = -1.0 (default)
2021-12-05 13:30:34,130 [2eed3e29-6eea-4fc8-a1f2-b1cd31e46ec2@group-B158063FF462-LeaderElection18] INFO  impl.RoleInfo (RoleInfo.java:updateAndGet(130)) - 2eed3e29-6eea-4fc8-a1f2-b1cd31e46ec2: start 2eed3e29-6eea-4fc8-a1f2-b1cd31e46ec2@group-B158063FF462-LeaderStateImpl
2021-12-05 13:30:34,130 [2eed3e29-6eea-4fc8-a1f2-b1cd31e46ec2@group-B158063FF462-LeaderElection18] INFO  segmented.SegmentedRaftLogWorker (SegmentedRaftLogWorker.java:startLogSegment(394)) - 2eed3e29-6eea-4fc8-a1f2-b1cd31e46ec2@group-B158063FF462-SegmentedRaftLogWorker: Starting segment from index:0
2021-12-05 13:30:34,133 [2eed3e29-6eea-4fc8-a1f2-b1cd31e46ec2@group-B158063FF462-SegmentedRaftLogWorker] INFO  segmented.SegmentedRaftLogWorker (SegmentedRaftLogWorker.java:execute(601)) - 2eed3e29-6eea-4fc8-a1f2-b1cd31e46ec2@group-B158063FF462-SegmentedRaftLogWorker: created new log segment /home/runner/work/ozone/ozone/hadoop-ozone/integration-test/target/test-dir/MiniOzoneClusterImpl-4b95c801-9289-4427-a3b2-78fba0992616/datanode-1/data/ratis/c6effb86-c9f6-4f4a-8cbf-b158063ff462/current/log_inprogress_0
2021-12-05 13:30:34,138 [2eed3e29-6eea-4fc8-a1f2-b1cd31e46ec2@group-B158063FF462-LeaderElection18] INFO  server.RaftServer$Division (ServerState.java:setRaftConf(387)) - 2eed3e29-6eea-4fc8-a1f2-b1cd31e46ec2@group-B158063FF462: set configuration 0: [2eed3e29-6eea-4fc8-a1f2-b1cd31e46ec2|rpc:10.1.0.33:34531|dataStream:|priority:1], old=null
2021-12-05 13:30:34,527 [Listener at 127.0.0.1/36451] INFO  ozone.MiniOzoneClusterImpl (MiniOzoneClusterImpl.java:lambda$waitForClusterToBeReady$0(235)) - Nodes are ready. Got 3 of 3 DN Heartbeats.
2021-12-05 13:30:34,527 [Listener at 127.0.0.1/36451] INFO  ozone.MiniOzoneClusterImpl (MiniOzoneClusterImpl.java:lambda$waitForClusterToBeReady$0(238)) - Cluster exits safe mode
2021-12-05 13:30:34,527 [Listener at 127.0.0.1/36451] INFO  ozone.MiniOzoneClusterImpl (MiniOzoneClusterImpl.java:lambda$waitForClusterToBeReady$0(240)) - SCM became leader
2021-12-05 13:30:34,563 [Listener at 127.0.0.1/36451] INFO  rpc.RpcClient (RpcClient.java:createVolume(389)) - Creating Volume: volume35082, with user16100 as owner and space quota set to -1 bytes, counts quota set to -1
2021-12-05 13:30:34,573 [OM StateMachine ApplyTransaction Thread - 0] INFO  volume.OMVolumeCreateRequest (OMVolumeCreateRequest.java:validateAndUpdateCache(195)) - created volume:volume35082 for user:user16100
2021-12-05 13:30:34,593 [Listener at 127.0.0.1/36451] INFO  rpc.RpcClient (RpcClient.java:createBucket(549)) - Creating Bucket: volume35082/bucket06371, with Versioning false and Storage Type set to DISK and Encryption set to false 
]]></system-out>
    <system-err><![CDATA[Exception in thread "Trash Emptier" java.lang.UnsupportedOperationException: fs.getUri() not implemented in TrashOzoneFileSystem
	at org.apache.hadoop.ozone.om.TrashOzoneFileSystem.getUri(TrashOzoneFileSystem.java:124)
	at org.apache.hadoop.fs.FileSystem.close(FileSystem.java:2592)
	at org.apache.hadoop.ozone.om.TrashPolicyOzone$Emptier.run(TrashPolicyOzone.java:243)
	at java.lang.Thread.run(Thread.java:748)
]]></system-err>
  </testcase>
  <testcase name="testRenameFile[1]" classname="org.apache.hadoop.fs.ozone.TestRootedOzoneFileSystem" time="0.111"/>
  <testcase name="testListStatusRootAndVolumeRecursive[1]" classname="org.apache.hadoop.fs.ozone.TestRootedOzoneFileSystem" time="0.795"/>
  <testcase name="testTempMount[1]" classname="org.apache.hadoop.fs.ozone.TestRootedOzoneFileSystem" time="0.155"/>
  <testcase name="testListStatusRootAndVolumeNonRecursive[1]" classname="org.apache.hadoop.fs.ozone.TestRootedOzoneFileSystem" time="0.331"/>
  <testcase name="testDeleteVolumeAndBucket[1]" classname="org.apache.hadoop.fs.ozone.TestRootedOzoneFileSystem" time="0.036"/>
  <testcase name="testRenameDirToItsOwnSubDir[1]" classname="org.apache.hadoop.fs.ozone.TestRootedOzoneFileSystem" time="0.026"/>
  <testcase name="testOzoneFsServiceLoader[1]" classname="org.apache.hadoop.fs.ozone.TestRootedOzoneFileSystem" time="0.052"/>
  <testcase name="testTrash[1]" classname="org.apache.hadoop.fs.ozone.TestRootedOzoneFileSystem" time="0">
    <skipped/>
  </testcase>
  <testcase name="testRenameDestinationParentDoesntExist[1]" classname="org.apache.hadoop.fs.ozone.TestRootedOzoneFileSystem" time="0.037"/>
  <testcase name="testGetFileStatusRoot[1]" classname="org.apache.hadoop.fs.ozone.TestRootedOzoneFileSystem" time="0.002"/>
  <testcase name="testCreateWithInvalidPaths[1]" classname="org.apache.hadoop.fs.ozone.TestRootedOzoneFileSystem" time="0.019"/>
  <testcase name="testDeleteEmptyVolume[1]" classname="org.apache.hadoop.fs.ozone.TestRootedOzoneFileSystem" time="0.016"/>
  <testcase name="testListStatusRootAndVolumeContinuation[1]" classname="org.apache.hadoop.fs.ozone.TestRootedOzoneFileSystem" time="0">
    <skipped message="FS Path is enabled. Skipping this test as it is not tuned for FS Path yet" type="org.junit.AssumptionViolatedException">org.junit.AssumptionViolatedException: FS Path is enabled. Skipping this test as it is not tuned for FS Path yet
	at org.junit.Assume.assumeTrue(Assume.java:68)
	at org.apache.hadoop.fs.ozone.TestRootedOzoneFileSystem.testListStatusRootAndVolumeContinuation(TestRootedOzoneFileSystem.java:887)
	at sun.reflect.NativeMethodAccessorImpl.invoke0(Native Method)
	at sun.reflect.NativeMethodAccessorImpl.invoke(NativeMethodAccessorImpl.java:62)
	at sun.reflect.DelegatingMethodAccessorImpl.invoke(DelegatingMethodAccessorImpl.java:43)
	at java.lang.reflect.Method.invoke(Method.java:498)
	at org.junit.runners.model.FrameworkMethod$1.runReflectiveCall(FrameworkMethod.java:59)
	at org.junit.internal.runners.model.ReflectiveCallable.run(ReflectiveCallable.java:12)
	at org.junit.runners.model.FrameworkMethod.invokeExplosively(FrameworkMethod.java:56)
	at org.junit.internal.runners.statements.InvokeMethod.evaluate(InvokeMethod.java:17)
	at org.junit.internal.runners.statements.FailOnTimeout$CallableStatement.call(FailOnTimeout.java:288)
	at org.junit.internal.runners.statements.FailOnTimeout$CallableStatement.call(FailOnTimeout.java:282)
	at java.util.concurrent.FutureTask.run(FutureTask.java:266)
	at java.lang.Thread.run(Thread.java:748)
</skipped>
  </testcase>
  <testcase name="testDeleteVolumeBucketAndKey[1]" classname="org.apache.hadoop.fs.ozone.TestRootedOzoneFileSystem" time="0.083"/>
  <testcase name="testRenameToParentDir[1]" classname="org.apache.hadoop.fs.ozone.TestRootedOzoneFileSystem" time="0.057"/>
  <testcase name="testMkdirNonExistentVolumeBucket[1]" classname="org.apache.hadoop.fs.ozone.TestRootedOzoneFileSystem" time="0.034"/>
  <testcase name="testFailToDeleteRoot[1]" classname="org.apache.hadoop.fs.ozone.TestRootedOzoneFileSystem" time="0.007"/>
  <testcase name="testListStatusOnSubDirs[1]" classname="org.apache.hadoop.fs.ozone.TestRootedOzoneFileSystem" time="0.053"/>
  <testcase name="testListStatus[1]" classname="org.apache.hadoop.fs.ozone.TestRootedOzoneFileSystem" time="0.052"/>
  <testcase name="testGetTrashRoots[1]" classname="org.apache.hadoop.fs.ozone.TestRootedOzoneFileSystem" time="0.474"/>
  <testcase name="testCreateDoesNotAddParentDirKeys[1]" classname="org.apache.hadoop.fs.ozone.TestRootedOzoneFileSystem" time="0.106"/>
  <testcase name="testMkdirNonExistentVolume[1]" classname="org.apache.hadoop.fs.ozone.TestRootedOzoneFileSystem" time="0.043"/>
  <testcase name="testDeleteCreatesFakeParentDir[1]" classname="org.apache.hadoop.fs.ozone.TestRootedOzoneFileSystem" time="0">
    <skipped message="FS Path is enabled. Skipping this test as it is not tuned for FS Path yet" type="org.junit.AssumptionViolatedException">org.junit.AssumptionViolatedException: FS Path is enabled. Skipping this test as it is not tuned for FS Path yet
	at org.junit.Assume.assumeTrue(Assume.java:68)
	at org.apache.hadoop.fs.ozone.TestRootedOzoneFileSystem.testDeleteCreatesFakeParentDir(TestRootedOzoneFileSystem.java:302)
	at sun.reflect.NativeMethodAccessorImpl.invoke0(Native Method)
	at sun.reflect.NativeMethodAccessorImpl.invoke(NativeMethodAccessorImpl.java:62)
	at sun.reflect.DelegatingMethodAccessorImpl.invoke(DelegatingMethodAccessorImpl.java:43)
	at java.lang.reflect.Method.invoke(Method.java:498)
	at org.junit.runners.model.FrameworkMethod$1.runReflectiveCall(FrameworkMethod.java:59)
	at org.junit.internal.runners.model.ReflectiveCallable.run(ReflectiveCallable.java:12)
	at org.junit.runners.model.FrameworkMethod.invokeExplosively(FrameworkMethod.java:56)
	at org.junit.internal.runners.statements.InvokeMethod.evaluate(InvokeMethod.java:17)
	at org.junit.internal.runners.statements.FailOnTimeout$CallableStatement.call(FailOnTimeout.java:288)
	at org.junit.internal.runners.statements.FailOnTimeout$CallableStatement.call(FailOnTimeout.java:282)
	at java.util.concurrent.FutureTask.run(FutureTask.java:266)
	at java.lang.Thread.run(Thread.java:748)
</skipped>
  </testcase>
  <testcase name="testNonExplicitlyCreatedPathExistsAfterItsLeafsWereRemoved[1]" classname="org.apache.hadoop.fs.ozone.TestRootedOzoneFileSystem" time="0.029"/>
  <testcase name="testFileDelete[1]" classname="org.apache.hadoop.fs.ozone.TestRootedOzoneFileSystem" time="0.133"/>
  <testcase name="testRenameToTrashEnabled[1]" classname="org.apache.hadoop.fs.ozone.TestRootedOzoneFileSystem" time="0.21"/>
  <testcase name="testMkdirOnNonExistentVolumeBucketDir[1]" classname="org.apache.hadoop.fs.ozone.TestRootedOzoneFileSystem" time="0">
    <skipped message="FS Path is enabled. Skipping this test as it is not tuned for FS Path yet" type="org.junit.AssumptionViolatedException">org.junit.AssumptionViolatedException: FS Path is enabled. Skipping this test as it is not tuned for FS Path yet
	at org.junit.Assume.assumeTrue(Assume.java:68)
	at org.apache.hadoop.fs.ozone.TestRootedOzoneFileSystem.testMkdirOnNonExistentVolumeBucketDir(TestRootedOzoneFileSystem.java:405)
	at sun.reflect.NativeMethodAccessorImpl.invoke0(Native Method)
	at sun.reflect.NativeMethodAccessorImpl.invoke(NativeMethodAccessorImpl.java:62)
	at sun.reflect.DelegatingMethodAccessorImpl.invoke(DelegatingMethodAccessorImpl.java:43)
	at java.lang.reflect.Method.invoke(Method.java:498)
	at org.junit.runners.model.FrameworkMethod$1.runReflectiveCall(FrameworkMethod.java:59)
	at org.junit.internal.runners.model.ReflectiveCallable.run(ReflectiveCallable.java:12)
	at org.junit.runners.model.FrameworkMethod.invokeExplosively(FrameworkMethod.java:56)
	at org.junit.internal.runners.statements.InvokeMethod.evaluate(InvokeMethod.java:17)
	at org.junit.internal.runners.statements.FailOnTimeout$CallableStatement.call(FailOnTimeout.java:288)
	at org.junit.internal.runners.statements.FailOnTimeout$CallableStatement.call(FailOnTimeout.java:282)
	at java.util.concurrent.FutureTask.run(FutureTask.java:266)
	at java.lang.Thread.run(Thread.java:748)
</skipped>
    <system-out><![CDATA[2021-12-05 13:30:37,535 [OM StateMachine ApplyTransaction Thread - 0] ERROR key.OMKeyRenameRequest (OMKeyRenameRequest.java:validateAndUpdateCache(231)) - Rename key failed for volume:volume35082 bucket:bucket06371 fromKey:.Trash/runner/Current/volume35082/bucket06371/ toKey:.Trash/runner/211205133037/volume35082/bucket06371/. Key: .Trash/runner/Current/volume35082/bucket06371/ not found.
13:30:37.537 [OM StateMachine ApplyTransaction Thread - 0] ERROR OMAudit - user=runner | ip=127.0.0.1 | op=RENAME_KEY {volume=volume35082, bucket=bucket06371, dataSize=0, replicationType=RATIS, replicationFactor=ONE, srcKey=.Trash/runner/Current/volume35082/bucket06371/testKey2, dstKey=.Trash/runner/211205133037/volume35082/bucket06371/testKey2} | ret=FAILURE
org.apache.hadoop.ozone.om.exceptions.OMException: Key not found /volume35082/bucket06371/.Trash/runner/Current/volume35082/bucket06371/testKey2
	at org.apache.hadoop.ozone.om.request.key.OMKeyRenameRequest.validateAndUpdateCache(OMKeyRenameRequest.java:179) ~[ozone-manager-1.3.0-SNAPSHOT.jar:?]
	at org.apache.hadoop.ozone.protocolPB.OzoneManagerRequestHandler.handleWriteRequest(OzoneManagerRequestHandler.java:244) ~[ozone-manager-1.3.0-SNAPSHOT.jar:?]
	at org.apache.hadoop.ozone.om.ratis.OzoneManagerStateMachine.runCommand(OzoneManagerStateMachine.java:502) ~[ozone-manager-1.3.0-SNAPSHOT.jar:?]
	at org.apache.hadoop.ozone.om.ratis.OzoneManagerStateMachine.lambda$2(OzoneManagerStateMachine.java:312) ~[ozone-manager-1.3.0-SNAPSHOT.jar:?]
	at java.util.concurrent.CompletableFuture$AsyncSupply.run(CompletableFuture.java:1604) [?:1.8.0_292]
	at java.util.concurrent.ThreadPoolExecutor.runWorker(ThreadPoolExecutor.java:1149) [?:1.8.0_292]
	at java.util.concurrent.ThreadPoolExecutor$Worker.run(ThreadPoolExecutor.java:624) [?:1.8.0_292]
	at java.lang.Thread.run(Thread.java:748) [?:1.8.0_292]
2021-12-05 13:30:37,537 [OM StateMachine ApplyTransaction Thread - 0] ERROR key.OMKeyRenameRequest (OMKeyRenameRequest.java:validateAndUpdateCache(231)) - Rename key failed for volume:volume35082 bucket:bucket06371 fromKey:.Trash/runner/Current/volume35082/bucket06371/testKey2 toKey:.Trash/runner/211205133037/volume35082/bucket06371/testKey2. Key: .Trash/runner/Current/volume35082/bucket06371/testKey2 not found.
]]></system-out>
  </testcase>
  <testcase name="testListStatusOnLargeDirectory[1]" classname="org.apache.hadoop.fs.ozone.TestRootedOzoneFileSystem" time="2.95">
    <failure message="Total directories listed do not match the existing directories expected:&lt;1536&gt; but was:&lt;1537&gt;" type="java.lang.AssertionError"><![CDATA[java.lang.AssertionError: Total directories listed do not match the existing directories expected:<1536> but was:<1537>
	at org.junit.Assert.fail(Assert.java:89)
	at org.junit.Assert.failNotEquals(Assert.java:835)
	at org.junit.Assert.assertEquals(Assert.java:647)
	at org.apache.hadoop.fs.ozone.TestRootedOzoneFileSystem.testListStatusOnLargeDirectory(TestRootedOzoneFileSystem.java:556)
	at sun.reflect.NativeMethodAccessorImpl.invoke0(Native Method)
	at sun.reflect.NativeMethodAccessorImpl.invoke(NativeMethodAccessorImpl.java:62)
	at sun.reflect.DelegatingMethodAccessorImpl.invoke(DelegatingMethodAccessorImpl.java:43)
	at java.lang.reflect.Method.invoke(Method.java:498)
	at org.junit.runners.model.FrameworkMethod$1.runReflectiveCall(FrameworkMethod.java:59)
	at org.junit.internal.runners.model.ReflectiveCallable.run(ReflectiveCallable.java:12)
	at org.junit.runners.model.FrameworkMethod.invokeExplosively(FrameworkMethod.java:56)
	at org.junit.internal.runners.statements.InvokeMethod.evaluate(InvokeMethod.java:17)
	at org.junit.internal.runners.statements.FailOnTimeout$CallableStatement.call(FailOnTimeout.java:288)
	at org.junit.internal.runners.statements.FailOnTimeout$CallableStatement.call(FailOnTimeout.java:282)
	at java.util.concurrent.FutureTask.run(FutureTask.java:266)
	at java.lang.Thread.run(Thread.java:748)
]]></failure>
    <system-out><![CDATA[2021-12-05 13:30:38,677 [2eed3e29-6eea-4fc8-a1f2-b1cd31e46ec2@group-385C3DFC7687-FollowerState] INFO  impl.FollowerState (FollowerState.java:run(134)) - 2eed3e29-6eea-4fc8-a1f2-b1cd31e46ec2@group-385C3DFC7687-FollowerState: change to CANDIDATE, lastRpcElapsedTime:5027236211ns, electionTimeout:5023ms
2021-12-05 13:30:38,678 [2eed3e29-6eea-4fc8-a1f2-b1cd31e46ec2@group-385C3DFC7687-FollowerState] INFO  impl.RoleInfo (RoleInfo.java:shutdownFollowerState(108)) - 2eed3e29-6eea-4fc8-a1f2-b1cd31e46ec2: shutdown 2eed3e29-6eea-4fc8-a1f2-b1cd31e46ec2@group-385C3DFC7687-FollowerState
2021-12-05 13:30:38,678 [2eed3e29-6eea-4fc8-a1f2-b1cd31e46ec2@group-385C3DFC7687-FollowerState] INFO  server.RaftServer$Division (RaftServerImpl.java:setRole(290)) - 2eed3e29-6eea-4fc8-a1f2-b1cd31e46ec2@group-385C3DFC7687: changes role from  FOLLOWER to CANDIDATE at term 1 for changeToCandidate
2021-12-05 13:30:38,678 [2eed3e29-6eea-4fc8-a1f2-b1cd31e46ec2@group-385C3DFC7687-FollowerState] INFO  server.RaftServerConfigKeys (ConfUtils.java:logGet(44)) - raft.server.leaderelection.pre-vote = false (custom)
2021-12-05 13:30:38,678 [2eed3e29-6eea-4fc8-a1f2-b1cd31e46ec2@group-385C3DFC7687-FollowerState] INFO  impl.RoleInfo (RoleInfo.java:updateAndGet(130)) - 2eed3e29-6eea-4fc8-a1f2-b1cd31e46ec2: start 2eed3e29-6eea-4fc8-a1f2-b1cd31e46ec2@group-385C3DFC7687-LeaderElection20
2021-12-05 13:30:38,698 [2eed3e29-6eea-4fc8-a1f2-b1cd31e46ec2@group-385C3DFC7687-LeaderElection20] INFO  impl.LeaderElection (LeaderElection.java:askForVotes(306)) - 2eed3e29-6eea-4fc8-a1f2-b1cd31e46ec2@group-385C3DFC7687-LeaderElection20 ELECTION round 0: submit vote requests at term 2 for -1: [2eed3e29-6eea-4fc8-a1f2-b1cd31e46ec2|rpc:10.1.0.33:34531|dataStream:|priority:0, 33789976-9166-4b2d-b432-fc5f37128ed1|rpc:10.1.0.33:42511|dataStream:|priority:1, 95adf3fa-442c-443c-b663-6c38b0fe08bf|rpc:10.1.0.33:34639|dataStream:|priority:0], old=null
2021-12-05 13:30:38,746 [grpc-default-executor-0] INFO  server.RaftServer$Division (RaftServerImpl.java:requestVote(1046)) - 33789976-9166-4b2d-b432-fc5f37128ed1@group-385C3DFC7687: receive requestVote(ELECTION, 2eed3e29-6eea-4fc8-a1f2-b1cd31e46ec2, group-385C3DFC7687, 2, (t:0, i:0))
2021-12-05 13:30:38,749 [grpc-default-executor-0] INFO  impl.VoteContext (VoteContext.java:log(48)) - 33789976-9166-4b2d-b432-fc5f37128ed1@group-385C3DFC7687-FOLLOWER: reject ELECTION from 2eed3e29-6eea-4fc8-a1f2-b1cd31e46ec2: our priority 1 > candidate's priority 0
2021-12-05 13:30:38,749 [grpc-default-executor-0] INFO  server.RaftServer$Division (RaftServerImpl.java:setRole(290)) - 33789976-9166-4b2d-b432-fc5f37128ed1@group-385C3DFC7687: changes role from  FOLLOWER to FOLLOWER at term 2 for candidate:2eed3e29-6eea-4fc8-a1f2-b1cd31e46ec2
2021-12-05 13:30:38,749 [grpc-default-executor-0] INFO  impl.RoleInfo (RoleInfo.java:shutdownFollowerState(108)) - 33789976-9166-4b2d-b432-fc5f37128ed1: shutdown 33789976-9166-4b2d-b432-fc5f37128ed1@group-385C3DFC7687-FollowerState
2021-12-05 13:30:38,749 [grpc-default-executor-0] INFO  impl.RoleInfo (RoleInfo.java:updateAndGet(130)) - 33789976-9166-4b2d-b432-fc5f37128ed1: start 33789976-9166-4b2d-b432-fc5f37128ed1@group-385C3DFC7687-FollowerState
2021-12-05 13:30:38,750 [33789976-9166-4b2d-b432-fc5f37128ed1@group-385C3DFC7687-FollowerState] INFO  impl.FollowerState (FollowerState.java:run(143)) - 33789976-9166-4b2d-b432-fc5f37128ed1@group-385C3DFC7687-FollowerState was interrupted: {}
java.lang.InterruptedException: sleep interrupted
	at java.lang.Thread.sleep(Native Method)
	at java.lang.Thread.sleep(Thread.java:340)
	at java.util.concurrent.TimeUnit.sleep(TimeUnit.java:386)
	at org.apache.ratis.util.TimeDuration.sleep(TimeDuration.java:324)
	at org.apache.ratis.util.TimeDuration.sleep(TimeDuration.java:309)
	at org.apache.ratis.server.impl.FollowerState.run(FollowerState.java:118)
2021-12-05 13:30:38,752 [grpc-default-executor-1] INFO  server.RaftServer$Division (RaftServerImpl.java:requestVote(1046)) - 95adf3fa-442c-443c-b663-6c38b0fe08bf@group-385C3DFC7687: receive requestVote(ELECTION, 2eed3e29-6eea-4fc8-a1f2-b1cd31e46ec2, group-385C3DFC7687, 2, (t:0, i:0))
2021-12-05 13:30:38,752 [grpc-default-executor-0] INFO  server.RaftServer$Division (RaftServerImpl.java:requestVote(1078)) - 33789976-9166-4b2d-b432-fc5f37128ed1@group-385C3DFC7687 replies to ELECTION vote request: 2eed3e29-6eea-4fc8-a1f2-b1cd31e46ec2<-33789976-9166-4b2d-b432-fc5f37128ed1#0:FAIL-t2. Peer's state: 33789976-9166-4b2d-b432-fc5f37128ed1@group-385C3DFC7687:t2, leader=null, voted=null, raftlog=33789976-9166-4b2d-b432-fc5f37128ed1@group-385C3DFC7687-SegmentedRaftLog:OPENED:c-1, conf=-1: [2eed3e29-6eea-4fc8-a1f2-b1cd31e46ec2|rpc:10.1.0.33:34531|dataStream:|priority:0, 33789976-9166-4b2d-b432-fc5f37128ed1|rpc:10.1.0.33:42511|dataStream:|priority:1, 95adf3fa-442c-443c-b663-6c38b0fe08bf|rpc:10.1.0.33:34639|dataStream:|priority:0], old=null
2021-12-05 13:30:38,753 [grpc-default-executor-1] INFO  impl.VoteContext (VoteContext.java:log(48)) - 95adf3fa-442c-443c-b663-6c38b0fe08bf@group-385C3DFC7687-FOLLOWER: accept ELECTION from 2eed3e29-6eea-4fc8-a1f2-b1cd31e46ec2: our priority 0 <= candidate's priority 0
2021-12-05 13:30:38,767 [grpc-default-executor-1] INFO  server.RaftServer$Division (RaftServerImpl.java:setRole(290)) - 95adf3fa-442c-443c-b663-6c38b0fe08bf@group-385C3DFC7687: changes role from  FOLLOWER to FOLLOWER at term 2 for candidate:2eed3e29-6eea-4fc8-a1f2-b1cd31e46ec2
2021-12-05 13:30:38,767 [grpc-default-executor-1] INFO  impl.RoleInfo (RoleInfo.java:shutdownFollowerState(108)) - 95adf3fa-442c-443c-b663-6c38b0fe08bf: shutdown 95adf3fa-442c-443c-b663-6c38b0fe08bf@group-385C3DFC7687-FollowerState
2021-12-05 13:30:38,767 [grpc-default-executor-1] INFO  impl.RoleInfo (RoleInfo.java:updateAndGet(130)) - 95adf3fa-442c-443c-b663-6c38b0fe08bf: start 95adf3fa-442c-443c-b663-6c38b0fe08bf@group-385C3DFC7687-FollowerState
2021-12-05 13:30:38,767 [95adf3fa-442c-443c-b663-6c38b0fe08bf@group-385C3DFC7687-FollowerState] INFO  impl.FollowerState (FollowerState.java:run(143)) - 95adf3fa-442c-443c-b663-6c38b0fe08bf@group-385C3DFC7687-FollowerState was interrupted: {}
java.lang.InterruptedException: sleep interrupted
	at java.lang.Thread.sleep(Native Method)
	at java.lang.Thread.sleep(Thread.java:340)
	at java.util.concurrent.TimeUnit.sleep(TimeUnit.java:386)
	at org.apache.ratis.util.TimeDuration.sleep(TimeDuration.java:324)
	at org.apache.ratis.util.TimeDuration.sleep(TimeDuration.java:309)
	at org.apache.ratis.server.impl.FollowerState.run(FollowerState.java:118)
2021-12-05 13:30:38,767 [2eed3e29-6eea-4fc8-a1f2-b1cd31e46ec2@group-385C3DFC7687-LeaderElection20] INFO  impl.LeaderElection (LeaderElection.java:logAndReturn(89)) - 2eed3e29-6eea-4fc8-a1f2-b1cd31e46ec2@group-385C3DFC7687-LeaderElection20: ELECTION REJECTED received 1 response(s) and 0 exception(s):
2021-12-05 13:30:38,782 [2eed3e29-6eea-4fc8-a1f2-b1cd31e46ec2@group-385C3DFC7687-LeaderElection20] INFO  impl.LeaderElection (LeaderElection.java:logAndReturn(93)) -   Response 0: 2eed3e29-6eea-4fc8-a1f2-b1cd31e46ec2<-33789976-9166-4b2d-b432-fc5f37128ed1#0:FAIL-t2
2021-12-05 13:30:38,782 [2eed3e29-6eea-4fc8-a1f2-b1cd31e46ec2@group-385C3DFC7687-LeaderElection20] INFO  impl.LeaderElection (LeaderElection.java:askForVotes(308)) - 2eed3e29-6eea-4fc8-a1f2-b1cd31e46ec2@group-385C3DFC7687-LeaderElection20 ELECTION round 0: result REJECTED
2021-12-05 13:30:38,782 [2eed3e29-6eea-4fc8-a1f2-b1cd31e46ec2@group-385C3DFC7687-LeaderElection20] INFO  server.RaftServer$Division (RaftServerImpl.java:setRole(290)) - 2eed3e29-6eea-4fc8-a1f2-b1cd31e46ec2@group-385C3DFC7687: changes role from CANDIDATE to FOLLOWER at term 2 for REJECTED
2021-12-05 13:30:38,782 [2eed3e29-6eea-4fc8-a1f2-b1cd31e46ec2@group-385C3DFC7687-LeaderElection20] INFO  impl.RoleInfo (RoleInfo.java:shutdownLeaderElection(121)) - 2eed3e29-6eea-4fc8-a1f2-b1cd31e46ec2: shutdown 2eed3e29-6eea-4fc8-a1f2-b1cd31e46ec2@group-385C3DFC7687-LeaderElection20
2021-12-05 13:30:38,782 [2eed3e29-6eea-4fc8-a1f2-b1cd31e46ec2@group-385C3DFC7687-LeaderElection20] INFO  impl.RoleInfo (RoleInfo.java:updateAndGet(130)) - 2eed3e29-6eea-4fc8-a1f2-b1cd31e46ec2: start 2eed3e29-6eea-4fc8-a1f2-b1cd31e46ec2@group-385C3DFC7687-FollowerState
2021-12-05 13:30:38,782 [grpc-default-executor-1] INFO  server.RaftServer$Division (RaftServerImpl.java:requestVote(1078)) - 95adf3fa-442c-443c-b663-6c38b0fe08bf@group-385C3DFC7687 replies to ELECTION vote request: 2eed3e29-6eea-4fc8-a1f2-b1cd31e46ec2<-95adf3fa-442c-443c-b663-6c38b0fe08bf#0:OK-t2. Peer's state: 95adf3fa-442c-443c-b663-6c38b0fe08bf@group-385C3DFC7687:t2, leader=null, voted=2eed3e29-6eea-4fc8-a1f2-b1cd31e46ec2, raftlog=95adf3fa-442c-443c-b663-6c38b0fe08bf@group-385C3DFC7687-SegmentedRaftLog:OPENED:c-1, conf=-1: [2eed3e29-6eea-4fc8-a1f2-b1cd31e46ec2|rpc:10.1.0.33:34531|priority:0, 33789976-9166-4b2d-b432-fc5f37128ed1|rpc:10.1.0.33:42511|priority:1, 95adf3fa-442c-443c-b663-6c38b0fe08bf|rpc:10.1.0.33:34639|priority:0], old=null
]]></system-out>
  </testcase>
  <testcase name="testRenameToDifferentBucket[1]" classname="org.apache.hadoop.fs.ozone.TestRootedOzoneFileSystem" time="0.045"/>
  <testcase name="testListStatusInBucket[1]" classname="org.apache.hadoop.fs.ozone.TestRootedOzoneFileSystem" time="0.097">
    <failure message="FileStatus should return only the immediate children expected:&lt;2&gt; but was:&lt;1539&gt;" type="java.lang.AssertionError"><![CDATA[java.lang.AssertionError: FileStatus should return only the immediate children expected:<2> but was:<1539>
	at org.junit.Assert.fail(Assert.java:89)
	at org.junit.Assert.failNotEquals(Assert.java:835)
	at org.junit.Assert.assertEquals(Assert.java:647)
	at org.apache.hadoop.fs.ozone.TestRootedOzoneFileSystem.testListStatusInBucket(TestRootedOzoneFileSystem.java:530)
	at sun.reflect.NativeMethodAccessorImpl.invoke0(Native Method)
	at sun.reflect.NativeMethodAccessorImpl.invoke(NativeMethodAccessorImpl.java:62)
	at sun.reflect.DelegatingMethodAccessorImpl.invoke(DelegatingMethodAccessorImpl.java:43)
	at java.lang.reflect.Method.invoke(Method.java:498)
	at org.junit.runners.model.FrameworkMethod$1.runReflectiveCall(FrameworkMethod.java:59)
	at org.junit.internal.runners.model.ReflectiveCallable.run(ReflectiveCallable.java:12)
	at org.junit.runners.model.FrameworkMethod.invokeExplosively(FrameworkMethod.java:56)
	at org.junit.internal.runners.statements.InvokeMethod.evaluate(InvokeMethod.java:17)
	at org.junit.internal.runners.statements.FailOnTimeout$CallableStatement.call(FailOnTimeout.java:288)
	at org.junit.internal.runners.statements.FailOnTimeout$CallableStatement.call(FailOnTimeout.java:282)
	at java.util.concurrent.FutureTask.run(FutureTask.java:266)
	at java.lang.Thread.run(Thread.java:748)
]]></failure>
  </testcase>
  <testcase name="testRenameFileToDir[1]" classname="org.apache.hadoop.fs.ozone.TestRootedOzoneFileSystem" time="0.518"/>
  <testcase name="testNonPrivilegedUserMkdirCreateBucket[2]" classname="org.apache.hadoop.fs.ozone.TestRootedOzoneFileSystem" time="0">
    <skipped message="ACL is not enabled. Skipping this test as it requires ACL to be enabled to be meaningful." type="org.junit.AssumptionViolatedException">org.junit.AssumptionViolatedException: ACL is not enabled. Skipping this test as it requires ACL to be enabled to be meaningful.
	at org.junit.Assume.assumeTrue(Assume.java:68)
	at org.apache.hadoop.fs.ozone.TestRootedOzoneFileSystem.testNonPrivilegedUserMkdirCreateBucket(TestRootedOzoneFileSystem.java:1582)
	at sun.reflect.NativeMethodAccessorImpl.invoke0(Native Method)
	at sun.reflect.NativeMethodAccessorImpl.invoke(NativeMethodAccessorImpl.java:62)
	at sun.reflect.DelegatingMethodAccessorImpl.invoke(DelegatingMethodAccessorImpl.java:43)
	at java.lang.reflect.Method.invoke(Method.java:498)
	at org.junit.runners.model.FrameworkMethod$1.runReflectiveCall(FrameworkMethod.java:59)
	at org.junit.internal.runners.model.ReflectiveCallable.run(ReflectiveCallable.java:12)
	at org.junit.runners.model.FrameworkMethod.invokeExplosively(FrameworkMethod.java:56)
	at org.junit.internal.runners.statements.InvokeMethod.evaluate(InvokeMethod.java:17)
	at org.junit.internal.runners.statements.FailOnTimeout$CallableStatement.call(FailOnTimeout.java:288)
	at org.junit.internal.runners.statements.FailOnTimeout$CallableStatement.call(FailOnTimeout.java:282)
	at java.util.concurrent.FutureTask.run(FutureTask.java:266)
	at java.lang.Thread.run(Thread.java:748)
</skipped>
    <system-out><![CDATA[2021-12-05 13:30:41,162 [Listener at 127.0.0.1/36451] INFO  ozone.MiniOzoneClusterImpl (MiniOzoneClusterImpl.java:shutdown(453)) - Shutting down the Mini Ozone Cluster
2021-12-05 13:30:41,162 [Listener at 127.0.0.1/36451] INFO  ozone.MiniOzoneClusterImpl (MiniOzoneClusterImpl.java:stop(468)) - Stopping the Mini Ozone Cluster
2021-12-05 13:30:41,162 [Listener at 127.0.0.1/36451] INFO  ozone.MiniOzoneClusterImpl (MiniOzoneClusterImpl.java:stopOM(550)) - Stopping the OzoneManager
2021-12-05 13:30:41,162 [Listener at 127.0.0.1/36451] INFO  om.OzoneManager (OzoneManager.java:stop(1830)) - om1[localhost:0]: Stopping Ozone Manager
2021-12-05 13:30:41,162 [Listener at 127.0.0.1/36451] INFO  ipc.Server (Server.java:stop(3414)) - Stopping server on 36451
2021-12-05 13:30:41,199 [IPC Server listener on 0] INFO  ipc.Server (Server.java:run(1376)) - Stopping IPC Server listener on 0
2021-12-05 13:30:41,204 [IPC Server Responder] INFO  ipc.Server (Server.java:run(1512)) - Stopping IPC Server Responder
2021-12-05 13:30:41,204 [Listener at 127.0.0.1/36451] INFO  server.RaftServer (RaftServerProxy.java:lambda$close$6(391)) - om1: close
2021-12-05 13:30:41,205 [Listener at 127.0.0.1/36451] INFO  server.RaftServer$Division (RaftServerImpl.java:lambda$close$4(412)) - om1@group-C5BA1605619E: shutdown
2021-12-05 13:30:41,205 [Listener at 127.0.0.1/36451] INFO  util.JmxRegister (JmxRegister.java:unregister(73)) - Successfully un-registered JMX Bean with object name Ratis:service=RaftServer,group=group-C5BA1605619E,id=om1
2021-12-05 13:30:41,205 [Listener at 127.0.0.1/36451] INFO  impl.RoleInfo (RoleInfo.java:shutdownLeaderState(91)) - om1: shutdown om1@group-C5BA1605619E-LeaderStateImpl
2021-12-05 13:30:41,205 [Listener at 127.0.0.1/36451] INFO  impl.PendingRequests (PendingRequests.java:sendNotLeaderResponses(282)) - om1@group-C5BA1605619E-PendingRequests: sendNotLeaderResponses
2021-12-05 13:30:41,208 [Listener at 127.0.0.1/36451] INFO  impl.StateMachineUpdater (StateMachineUpdater.java:stopAndJoin(149)) - om1@group-C5BA1605619E-StateMachineUpdater: set stopIndex = 4104
2021-12-05 13:30:41,208 [om1@group-C5BA1605619E-StateMachineUpdater] INFO  ratis.OzoneManagerStateMachine (OzoneManagerStateMachine.java:takeSnapshot(417)) - Current Snapshot Index (t:1, i:4104)
2021-12-05 13:30:41,209 [om1@group-C5BA1605619E-StateMachineUpdater] INFO  impl.StateMachineUpdater (StateMachineUpdater.java:takeSnapshot(281)) - om1@group-C5BA1605619E-StateMachineUpdater: Took a snapshot at index 4104
2021-12-05 13:30:41,209 [om1@group-C5BA1605619E-StateMachineUpdater] INFO  impl.StateMachineUpdater (StateMachineUpdater.java:lambda$new$0(89)) - om1@group-C5BA1605619E-StateMachineUpdater: snapshotIndex: updateIncreasingly -1 -> 4104
2021-12-05 13:30:41,209 [om1@group-C5BA1605619E-StateMachineUpdater] INFO  ratis.OzoneManagerStateMachine (OzoneManagerStateMachine.java:close(471)) - StateMachine has shutdown. Shutdown OzoneManager if not already shutdown.
2021-12-05 13:30:41,210 [Listener at 127.0.0.1/36451] INFO  server.RaftServer$Division (ServerState.java:close(419)) - om1@group-C5BA1605619E: closes. applyIndex: 4104
2021-12-05 13:30:41,211 [om1@group-C5BA1605619E-SegmentedRaftLogWorker] INFO  segmented.SegmentedRaftLogWorker (SegmentedRaftLogWorker.java:run(327)) - om1@group-C5BA1605619E-SegmentedRaftLogWorker was interrupted, exiting. There are 0 tasks remaining in the queue.
2021-12-05 13:30:41,212 [Listener at 127.0.0.1/36451] INFO  segmented.SegmentedRaftLogWorker (SegmentedRaftLogWorker.java:close(237)) - om1@group-C5BA1605619E-SegmentedRaftLogWorker close()
2021-12-05 13:30:41,215 [Listener at 127.0.0.1/36451] INFO  server.GrpcService (GrpcService.java:closeImpl(262)) - om1: shutdown server with port 9872 now
2021-12-05 13:30:41,215 [Listener at 127.0.0.1/36451] INFO  server.GrpcService (GrpcService.java:closeImpl(271)) - om1: shutdown server with port 9872 successfully
2021-12-05 13:30:41,215 [org.apache.ratis.util.JvmPauseMonitor$$Lambda$525/1513368495@507099cc] INFO  util.JvmPauseMonitor (JvmPauseMonitor.java:run(109)) - JvmPauseMonitor-om1: Stopped
2021-12-05 13:30:41,216 [Listener at 127.0.0.1/36451] INFO  ratis.OzoneManagerDoubleBuffer (OzoneManagerDoubleBuffer.java:stop(437)) - Stopping OMDoubleBuffer flush thread
2021-12-05 13:30:41,216 [OMDoubleBufferFlushThread] INFO  ratis.OzoneManagerDoubleBuffer (OzoneManagerDoubleBuffer.java:flushTransactions(356)) - OMDoubleBuffer flush thread OMDoubleBufferFlushThread is interrupted and will exit. OMDoubleBufferFlushThread
2021-12-05 13:30:41,220 [Listener at 127.0.0.1/36451] INFO  utils.BackgroundService (BackgroundService.java:shutdown(132)) - Shutting down service KeyDeletingService
2021-12-05 13:30:41,221 [Listener at 127.0.0.1/36451] INFO  utils.BackgroundService (BackgroundService.java:shutdown(132)) - Shutting down service DirectoryDeletingService
2021-12-05 13:30:41,222 [Listener at 127.0.0.1/36451] INFO  handler.ContextHandler (ContextHandler.java:doStop(1153)) - Stopped o.e.j.w.WebAppContext@5daaaa60{ozoneManager,/,null,STOPPED}{file:/home/runner/work/ozone/ozone/hadoop-ozone/integration-test/target/test-classes/webapps/ozoneManager}
2021-12-05 13:30:41,222 [Listener at 127.0.0.1/36451] INFO  server.AbstractConnector (AbstractConnector.java:doStop(381)) - Stopped ServerConnector@5353759e{HTTP/1.1, (http/1.1)}{0.0.0.0:0}
2021-12-05 13:30:41,222 [Listener at 127.0.0.1/36451] INFO  server.session (HouseKeeper.java:stopScavenging(149)) - node0 Stopped scavenging
2021-12-05 13:30:41,223 [Listener at 127.0.0.1/36451] INFO  handler.ContextHandler (ContextHandler.java:doStop(1153)) - Stopped o.e.j.s.ServletContextHandler@1b1e42f0{static,/static,file:///home/runner/work/ozone/ozone/hadoop-ozone/integration-test/target/test-classes/webapps/static,STOPPED}
2021-12-05 13:30:41,223 [Listener at 127.0.0.1/36451] INFO  handler.ContextHandler (ContextHandler.java:doStop(1153)) - Stopped o.e.j.s.ServletContextHandler@6b311ce5{logs,/logs,file:///home/runner/work/ozone/ozone/hadoop-ozone/integration-test/target/log,STOPPED}
2021-12-05 13:30:41,231 [Trash Emptier] ERROR om.TrashPolicyOzone (TrashPolicyOzone.java:run(251)) - Error attempting to shutdown
java.lang.InterruptedException
	at java.util.concurrent.locks.AbstractQueuedSynchronizer$ConditionObject.awaitNanos(AbstractQueuedSynchronizer.java:2067)
	at java.util.concurrent.ThreadPoolExecutor.awaitTermination(ThreadPoolExecutor.java:1475)
	at org.apache.hadoop.ozone.om.TrashPolicyOzone$Emptier.run(TrashPolicyOzone.java:249)
	at java.lang.Thread.run(Thread.java:748)
2021-12-05 13:30:41,242 [Listener at 127.0.0.1/36451] INFO  ozone.MiniOzoneClusterImpl (MiniOzoneClusterImpl.java:stopDatanodes(527)) - Stopping the HddsDatanodes
2021-12-05 13:30:43,797 [95adf3fa-442c-443c-b663-6c38b0fe08bf@group-385C3DFC7687-FollowerState] INFO  impl.FollowerState (FollowerState.java:run(134)) - 95adf3fa-442c-443c-b663-6c38b0fe08bf@group-385C3DFC7687-FollowerState: change to CANDIDATE, lastRpcElapsedTime:5015414809ns, electionTimeout:5014ms
2021-12-05 13:30:43,797 [95adf3fa-442c-443c-b663-6c38b0fe08bf@group-385C3DFC7687-FollowerState] INFO  impl.RoleInfo (RoleInfo.java:shutdownFollowerState(108)) - 95adf3fa-442c-443c-b663-6c38b0fe08bf: shutdown 95adf3fa-442c-443c-b663-6c38b0fe08bf@group-385C3DFC7687-FollowerState
2021-12-05 13:30:43,797 [95adf3fa-442c-443c-b663-6c38b0fe08bf@group-385C3DFC7687-FollowerState] INFO  server.RaftServer$Division (RaftServerImpl.java:setRole(290)) - 95adf3fa-442c-443c-b663-6c38b0fe08bf@group-385C3DFC7687: changes role from  FOLLOWER to CANDIDATE at term 2 for changeToCandidate
2021-12-05 13:30:43,797 [95adf3fa-442c-443c-b663-6c38b0fe08bf@group-385C3DFC7687-FollowerState] INFO  server.RaftServerConfigKeys (ConfUtils.java:logGet(44)) - raft.server.leaderelection.pre-vote = false (custom)
2021-12-05 13:30:43,797 [95adf3fa-442c-443c-b663-6c38b0fe08bf@group-385C3DFC7687-FollowerState] INFO  impl.RoleInfo (RoleInfo.java:updateAndGet(130)) - 95adf3fa-442c-443c-b663-6c38b0fe08bf: start 95adf3fa-442c-443c-b663-6c38b0fe08bf@group-385C3DFC7687-LeaderElection21
2021-12-05 13:30:43,809 [95adf3fa-442c-443c-b663-6c38b0fe08bf@group-385C3DFC7687-LeaderElection21] INFO  impl.LeaderElection (LeaderElection.java:askForVotes(306)) - 95adf3fa-442c-443c-b663-6c38b0fe08bf@group-385C3DFC7687-LeaderElection21 ELECTION round 0: submit vote requests at term 3 for -1: [2eed3e29-6eea-4fc8-a1f2-b1cd31e46ec2|rpc:10.1.0.33:34531|priority:0, 33789976-9166-4b2d-b432-fc5f37128ed1|rpc:10.1.0.33:42511|priority:1, 95adf3fa-442c-443c-b663-6c38b0fe08bf|rpc:10.1.0.33:34639|priority:0], old=null
2021-12-05 13:30:43,823 [grpc-default-executor-0] INFO  server.RaftServer$Division (RaftServerImpl.java:requestVote(1046)) - 2eed3e29-6eea-4fc8-a1f2-b1cd31e46ec2@group-385C3DFC7687: receive requestVote(ELECTION, 95adf3fa-442c-443c-b663-6c38b0fe08bf, group-385C3DFC7687, 3, (t:0, i:0))
2021-12-05 13:30:43,823 [grpc-default-executor-0] INFO  impl.VoteContext (VoteContext.java:log(48)) - 2eed3e29-6eea-4fc8-a1f2-b1cd31e46ec2@group-385C3DFC7687-FOLLOWER: accept ELECTION from 95adf3fa-442c-443c-b663-6c38b0fe08bf: our priority 0 <= candidate's priority 0
2021-12-05 13:30:43,823 [grpc-default-executor-0] INFO  server.RaftServer$Division (RaftServerImpl.java:setRole(290)) - 2eed3e29-6eea-4fc8-a1f2-b1cd31e46ec2@group-385C3DFC7687: changes role from  FOLLOWER to FOLLOWER at term 3 for candidate:95adf3fa-442c-443c-b663-6c38b0fe08bf
2021-12-05 13:30:43,823 [grpc-default-executor-0] INFO  impl.RoleInfo (RoleInfo.java:shutdownFollowerState(108)) - 2eed3e29-6eea-4fc8-a1f2-b1cd31e46ec2: shutdown 2eed3e29-6eea-4fc8-a1f2-b1cd31e46ec2@group-385C3DFC7687-FollowerState
2021-12-05 13:30:43,823 [grpc-default-executor-0] INFO  impl.RoleInfo (RoleInfo.java:updateAndGet(130)) - 2eed3e29-6eea-4fc8-a1f2-b1cd31e46ec2: start 2eed3e29-6eea-4fc8-a1f2-b1cd31e46ec2@group-385C3DFC7687-FollowerState
2021-12-05 13:30:43,823 [2eed3e29-6eea-4fc8-a1f2-b1cd31e46ec2@group-385C3DFC7687-FollowerState] INFO  impl.FollowerState (FollowerState.java:run(143)) - 2eed3e29-6eea-4fc8-a1f2-b1cd31e46ec2@group-385C3DFC7687-FollowerState was interrupted: {}
java.lang.InterruptedException: sleep interrupted
	at java.lang.Thread.sleep(Native Method)
	at java.lang.Thread.sleep(Thread.java:340)
	at java.util.concurrent.TimeUnit.sleep(TimeUnit.java:386)
	at org.apache.ratis.util.TimeDuration.sleep(TimeDuration.java:324)
	at org.apache.ratis.util.TimeDuration.sleep(TimeDuration.java:309)
	at org.apache.ratis.server.impl.FollowerState.run(FollowerState.java:118)
2021-12-05 13:30:43,826 [grpc-default-executor-0] INFO  server.RaftServer$Division (RaftServerImpl.java:requestVote(1078)) - 2eed3e29-6eea-4fc8-a1f2-b1cd31e46ec2@group-385C3DFC7687 replies to ELECTION vote request: 95adf3fa-442c-443c-b663-6c38b0fe08bf<-2eed3e29-6eea-4fc8-a1f2-b1cd31e46ec2#0:OK-t3. Peer's state: 2eed3e29-6eea-4fc8-a1f2-b1cd31e46ec2@group-385C3DFC7687:t3, leader=null, voted=95adf3fa-442c-443c-b663-6c38b0fe08bf, raftlog=2eed3e29-6eea-4fc8-a1f2-b1cd31e46ec2@group-385C3DFC7687-SegmentedRaftLog:OPENED:c-1, conf=-1: [2eed3e29-6eea-4fc8-a1f2-b1cd31e46ec2|rpc:10.1.0.33:34531|dataStream:|priority:0, 33789976-9166-4b2d-b432-fc5f37128ed1|rpc:10.1.0.33:42511|dataStream:|priority:1, 95adf3fa-442c-443c-b663-6c38b0fe08bf|rpc:10.1.0.33:34639|dataStream:|priority:0], old=null
2021-12-05 13:30:43,834 [grpc-default-executor-1] INFO  server.RaftServer$Division (RaftServerImpl.java:requestVote(1046)) - 33789976-9166-4b2d-b432-fc5f37128ed1@group-385C3DFC7687: receive requestVote(ELECTION, 95adf3fa-442c-443c-b663-6c38b0fe08bf, group-385C3DFC7687, 3, (t:0, i:0))
2021-12-05 13:30:43,835 [grpc-default-executor-1] INFO  impl.VoteContext (VoteContext.java:log(48)) - 33789976-9166-4b2d-b432-fc5f37128ed1@group-385C3DFC7687-FOLLOWER: reject ELECTION from 95adf3fa-442c-443c-b663-6c38b0fe08bf: our priority 1 > candidate's priority 0
2021-12-05 13:30:43,835 [grpc-default-executor-1] INFO  server.RaftServer$Division (RaftServerImpl.java:setRole(290)) - 33789976-9166-4b2d-b432-fc5f37128ed1@group-385C3DFC7687: changes role from  FOLLOWER to FOLLOWER at term 3 for candidate:95adf3fa-442c-443c-b663-6c38b0fe08bf
2021-12-05 13:30:43,835 [grpc-default-executor-1] INFO  impl.RoleInfo (RoleInfo.java:shutdownFollowerState(108)) - 33789976-9166-4b2d-b432-fc5f37128ed1: shutdown 33789976-9166-4b2d-b432-fc5f37128ed1@group-385C3DFC7687-FollowerState
2021-12-05 13:30:43,835 [grpc-default-executor-1] INFO  impl.RoleInfo (RoleInfo.java:updateAndGet(130)) - 33789976-9166-4b2d-b432-fc5f37128ed1: start 33789976-9166-4b2d-b432-fc5f37128ed1@group-385C3DFC7687-FollowerState
2021-12-05 13:30:43,835 [33789976-9166-4b2d-b432-fc5f37128ed1@group-385C3DFC7687-FollowerState] INFO  impl.FollowerState (FollowerState.java:run(143)) - 33789976-9166-4b2d-b432-fc5f37128ed1@group-385C3DFC7687-FollowerState was interrupted: {}
java.lang.InterruptedException: sleep interrupted
	at java.lang.Thread.sleep(Native Method)
	at java.lang.Thread.sleep(Thread.java:340)
	at java.util.concurrent.TimeUnit.sleep(TimeUnit.java:386)
	at org.apache.ratis.util.TimeDuration.sleep(TimeDuration.java:324)
	at org.apache.ratis.util.TimeDuration.sleep(TimeDuration.java:309)
	at org.apache.ratis.server.impl.FollowerState.run(FollowerState.java:118)
2021-12-05 13:30:43,846 [grpc-default-executor-1] INFO  server.RaftServer$Division (RaftServerImpl.java:requestVote(1078)) - 33789976-9166-4b2d-b432-fc5f37128ed1@group-385C3DFC7687 replies to ELECTION vote request: 95adf3fa-442c-443c-b663-6c38b0fe08bf<-33789976-9166-4b2d-b432-fc5f37128ed1#0:FAIL-t3. Peer's state: 33789976-9166-4b2d-b432-fc5f37128ed1@group-385C3DFC7687:t3, leader=null, voted=null, raftlog=33789976-9166-4b2d-b432-fc5f37128ed1@group-385C3DFC7687-SegmentedRaftLog:OPENED:c-1, conf=-1: [2eed3e29-6eea-4fc8-a1f2-b1cd31e46ec2|rpc:10.1.0.33:34531|dataStream:|priority:0, 33789976-9166-4b2d-b432-fc5f37128ed1|rpc:10.1.0.33:42511|dataStream:|priority:1, 95adf3fa-442c-443c-b663-6c38b0fe08bf|rpc:10.1.0.33:34639|dataStream:|priority:0], old=null
2021-12-05 13:30:43,847 [95adf3fa-442c-443c-b663-6c38b0fe08bf@group-385C3DFC7687-LeaderElection21] INFO  impl.LeaderElection (LeaderElection.java:logAndReturn(89)) - 95adf3fa-442c-443c-b663-6c38b0fe08bf@group-385C3DFC7687-LeaderElection21: ELECTION REJECTED received 2 response(s) and 0 exception(s):
2021-12-05 13:30:43,847 [95adf3fa-442c-443c-b663-6c38b0fe08bf@group-385C3DFC7687-LeaderElection21] INFO  impl.LeaderElection (LeaderElection.java:logAndReturn(93)) -   Response 0: 95adf3fa-442c-443c-b663-6c38b0fe08bf<-2eed3e29-6eea-4fc8-a1f2-b1cd31e46ec2#0:OK-t3
2021-12-05 13:30:43,847 [95adf3fa-442c-443c-b663-6c38b0fe08bf@group-385C3DFC7687-LeaderElection21] INFO  impl.LeaderElection (LeaderElection.java:logAndReturn(93)) -   Response 1: 95adf3fa-442c-443c-b663-6c38b0fe08bf<-33789976-9166-4b2d-b432-fc5f37128ed1#0:FAIL-t3
2021-12-05 13:30:43,847 [95adf3fa-442c-443c-b663-6c38b0fe08bf@group-385C3DFC7687-LeaderElection21] INFO  impl.LeaderElection (LeaderElection.java:askForVotes(308)) - 95adf3fa-442c-443c-b663-6c38b0fe08bf@group-385C3DFC7687-LeaderElection21 ELECTION round 0: result REJECTED
2021-12-05 13:30:43,847 [95adf3fa-442c-443c-b663-6c38b0fe08bf@group-385C3DFC7687-LeaderElection21] INFO  server.RaftServer$Division (RaftServerImpl.java:setRole(290)) - 95adf3fa-442c-443c-b663-6c38b0fe08bf@group-385C3DFC7687: changes role from CANDIDATE to FOLLOWER at term 3 for REJECTED
2021-12-05 13:30:43,847 [95adf3fa-442c-443c-b663-6c38b0fe08bf@group-385C3DFC7687-LeaderElection21] INFO  impl.RoleInfo (RoleInfo.java:shutdownLeaderElection(121)) - 95adf3fa-442c-443c-b663-6c38b0fe08bf: shutdown 95adf3fa-442c-443c-b663-6c38b0fe08bf@group-385C3DFC7687-LeaderElection21
2021-12-05 13:30:43,847 [95adf3fa-442c-443c-b663-6c38b0fe08bf@group-385C3DFC7687-LeaderElection21] INFO  impl.RoleInfo (RoleInfo.java:updateAndGet(130)) - 95adf3fa-442c-443c-b663-6c38b0fe08bf: start 95adf3fa-442c-443c-b663-6c38b0fe08bf@group-385C3DFC7687-FollowerState
2021-12-05 13:30:46,243 [Listener at 127.0.0.1/36451] INFO  ozoneimpl.OzoneContainer (OzoneContainer.java:stop(325)) - Attempting to stop container services.
2021-12-05 13:30:46,245 [Listener at 127.0.0.1/36451] INFO  server.RaftServer (RaftServerProxy.java:lambda$close$6(391)) - 2eed3e29-6eea-4fc8-a1f2-b1cd31e46ec2: close
2021-12-05 13:30:46,245 [Listener at 127.0.0.1/36451] INFO  server.RaftServer$Division (RaftServerImpl.java:lambda$close$4(412)) - 2eed3e29-6eea-4fc8-a1f2-b1cd31e46ec2@group-F8D5703BF313: shutdown
2021-12-05 13:30:46,245 [Listener at 127.0.0.1/36451] INFO  util.JmxRegister (JmxRegister.java:unregister(73)) - Successfully un-registered JMX Bean with object name Ratis:service=RaftServer,group=group-F8D5703BF313,id=2eed3e29-6eea-4fc8-a1f2-b1cd31e46ec2
2021-12-05 13:30:46,245 [Listener at 127.0.0.1/36451] INFO  impl.RoleInfo (RoleInfo.java:shutdownFollowerState(108)) - 2eed3e29-6eea-4fc8-a1f2-b1cd31e46ec2: shutdown 2eed3e29-6eea-4fc8-a1f2-b1cd31e46ec2@group-F8D5703BF313-FollowerState
2021-12-05 13:30:46,245 [Listener at 127.0.0.1/36451] INFO  impl.StateMachineUpdater (StateMachineUpdater.java:stopAndJoin(149)) - 2eed3e29-6eea-4fc8-a1f2-b1cd31e46ec2@group-F8D5703BF313-StateMachineUpdater: set stopIndex = 27
2021-12-05 13:30:46,245 [2eed3e29-6eea-4fc8-a1f2-b1cd31e46ec2@group-F8D5703BF313-FollowerState] INFO  impl.FollowerState (FollowerState.java:run(143)) - 2eed3e29-6eea-4fc8-a1f2-b1cd31e46ec2@group-F8D5703BF313-FollowerState was interrupted: {}
java.lang.InterruptedException: sleep interrupted
	at java.lang.Thread.sleep(Native Method)
	at java.lang.Thread.sleep(Thread.java:340)
	at java.util.concurrent.TimeUnit.sleep(TimeUnit.java:386)
	at org.apache.ratis.util.TimeDuration.sleep(TimeDuration.java:324)
	at org.apache.ratis.util.TimeDuration.sleep(TimeDuration.java:309)
	at org.apache.ratis.server.impl.FollowerState.run(FollowerState.java:118)
2021-12-05 13:30:46,246 [ForkJoinPool.commonPool-worker-0] INFO  ozoneimpl.OzoneContainer (OzoneContainer.java:stop(325)) - Attempting to stop container services.
2021-12-05 13:30:46,246 [2eed3e29-6eea-4fc8-a1f2-b1cd31e46ec2@group-F8D5703BF313-StateMachineUpdater] INFO  ratis.ContainerStateMachine (ContainerStateMachine.java:takeSnapshot(292)) - group-F8D5703BF313: Taking a snapshot at:(t:1, i:27) file /home/runner/work/ozone/ozone/hadoop-ozone/integration-test/target/test-dir/MiniOzoneClusterImpl-4b95c801-9289-4427-a3b2-78fba0992616/datanode-1/data/ratis/99371691-14df-4bf9-96f6-f8d5703bf313/sm/snapshot.1_27
2021-12-05 13:30:46,247 [ForkJoinPool.commonPool-worker-0] INFO  server.RaftServer (RaftServerProxy.java:lambda$close$6(391)) - 95adf3fa-442c-443c-b663-6c38b0fe08bf: close
2021-12-05 13:30:46,247 [ForkJoinPool.commonPool-worker-0] INFO  server.RaftServer$Division (RaftServerImpl.java:lambda$close$4(412)) - 95adf3fa-442c-443c-b663-6c38b0fe08bf@group-E4C28F99EB72: shutdown
2021-12-05 13:30:46,247 [ForkJoinPool.commonPool-worker-0] INFO  util.JmxRegister (JmxRegister.java:unregister(73)) - Successfully un-registered JMX Bean with object name Ratis:service=RaftServer,group=group-E4C28F99EB72,id=95adf3fa-442c-443c-b663-6c38b0fe08bf
2021-12-05 13:30:46,248 [ForkJoinPool.commonPool-worker-0] INFO  impl.RoleInfo (RoleInfo.java:shutdownLeaderState(91)) - 95adf3fa-442c-443c-b663-6c38b0fe08bf: shutdown 95adf3fa-442c-443c-b663-6c38b0fe08bf@group-E4C28F99EB72-LeaderStateImpl
2021-12-05 13:30:46,248 [ForkJoinPool.commonPool-worker-0] INFO  impl.PendingRequests (PendingRequests.java:sendNotLeaderResponses(282)) - 95adf3fa-442c-443c-b663-6c38b0fe08bf@group-E4C28F99EB72-PendingRequests: sendNotLeaderResponses
2021-12-05 13:30:46,248 [ForkJoinPool.commonPool-worker-0] INFO  impl.StateMachineUpdater (StateMachineUpdater.java:stopAndJoin(149)) - 95adf3fa-442c-443c-b663-6c38b0fe08bf@group-E4C28F99EB72-StateMachineUpdater: set stopIndex = 0
2021-12-05 13:30:46,248 [2eed3e29-6eea-4fc8-a1f2-b1cd31e46ec2@group-F8D5703BF313-StateMachineUpdater] INFO  ratis.ContainerStateMachine (ContainerStateMachine.java:takeSnapshot(303)) - group-F8D5703BF313: Finished taking a snapshot at:(t:1, i:27) file:/home/runner/work/ozone/ozone/hadoop-ozone/integration-test/target/test-dir/MiniOzoneClusterImpl-4b95c801-9289-4427-a3b2-78fba0992616/datanode-1/data/ratis/99371691-14df-4bf9-96f6-f8d5703bf313/sm/snapshot.1_27 took: 3 ms
2021-12-05 13:30:46,249 [95adf3fa-442c-443c-b663-6c38b0fe08bf@group-E4C28F99EB72-StateMachineUpdater] INFO  ratis.ContainerStateMachine (ContainerStateMachine.java:takeSnapshot(292)) - group-E4C28F99EB72: Taking a snapshot at:(t:1, i:0) file /home/runner/work/ozone/ozone/hadoop-ozone/integration-test/target/test-dir/MiniOzoneClusterImpl-4b95c801-9289-4427-a3b2-78fba0992616/datanode-0/data/ratis/08d403b6-be63-44f5-b6de-e4c28f99eb72/sm/snapshot.1_0
2021-12-05 13:30:46,249 [2eed3e29-6eea-4fc8-a1f2-b1cd31e46ec2@group-F8D5703BF313-StateMachineUpdater] INFO  impl.StateMachineUpdater (StateMachineUpdater.java:takeSnapshot(281)) - 2eed3e29-6eea-4fc8-a1f2-b1cd31e46ec2@group-F8D5703BF313-StateMachineUpdater: Took a snapshot at index 27
2021-12-05 13:30:46,249 [2eed3e29-6eea-4fc8-a1f2-b1cd31e46ec2@group-F8D5703BF313-StateMachineUpdater] INFO  impl.StateMachineUpdater (StateMachineUpdater.java:lambda$new$0(89)) - 2eed3e29-6eea-4fc8-a1f2-b1cd31e46ec2@group-F8D5703BF313-StateMachineUpdater: snapshotIndex: updateIncreasingly -1 -> 27
2021-12-05 13:30:46,250 [95adf3fa-442c-443c-b663-6c38b0fe08bf@group-E4C28F99EB72-StateMachineUpdater] INFO  ratis.ContainerStateMachine (ContainerStateMachine.java:takeSnapshot(303)) - group-E4C28F99EB72: Finished taking a snapshot at:(t:1, i:0) file:/home/runner/work/ozone/ozone/hadoop-ozone/integration-test/target/test-dir/MiniOzoneClusterImpl-4b95c801-9289-4427-a3b2-78fba0992616/datanode-0/data/ratis/08d403b6-be63-44f5-b6de-e4c28f99eb72/sm/snapshot.1_0 took: 2 ms
2021-12-05 13:30:46,251 [95adf3fa-442c-443c-b663-6c38b0fe08bf@group-E4C28F99EB72-StateMachineUpdater] INFO  impl.StateMachineUpdater (StateMachineUpdater.java:takeSnapshot(281)) - 95adf3fa-442c-443c-b663-6c38b0fe08bf@group-E4C28F99EB72-StateMachineUpdater: Took a snapshot at index 0
2021-12-05 13:30:46,251 [95adf3fa-442c-443c-b663-6c38b0fe08bf@group-E4C28F99EB72-StateMachineUpdater] INFO  impl.StateMachineUpdater (StateMachineUpdater.java:lambda$new$0(89)) - 95adf3fa-442c-443c-b663-6c38b0fe08bf@group-E4C28F99EB72-StateMachineUpdater: snapshotIndex: updateIncreasingly -1 -> 0
2021-12-05 13:30:46,251 [Listener at 127.0.0.1/36451] INFO  server.RaftServer$Division (ServerState.java:close(419)) - 2eed3e29-6eea-4fc8-a1f2-b1cd31e46ec2@group-F8D5703BF313: closes. applyIndex: 27
2021-12-05 13:30:46,251 [2eed3e29-6eea-4fc8-a1f2-b1cd31e46ec2@group-F8D5703BF313-SegmentedRaftLogWorker] INFO  segmented.SegmentedRaftLogWorker (SegmentedRaftLogWorker.java:run(327)) - 2eed3e29-6eea-4fc8-a1f2-b1cd31e46ec2@group-F8D5703BF313-SegmentedRaftLogWorker was interrupted, exiting. There are 0 tasks remaining in the queue.
2021-12-05 13:30:46,251 [Listener at 127.0.0.1/36451] INFO  segmented.SegmentedRaftLogWorker (SegmentedRaftLogWorker.java:close(237)) - 2eed3e29-6eea-4fc8-a1f2-b1cd31e46ec2@group-F8D5703BF313-SegmentedRaftLogWorker close()
2021-12-05 13:30:46,252 [Listener at 127.0.0.1/36451] INFO  server.RaftServer$Division (RaftServerImpl.java:lambda$close$4(412)) - 2eed3e29-6eea-4fc8-a1f2-b1cd31e46ec2@group-385C3DFC7687: shutdown
2021-12-05 13:30:46,252 [Listener at 127.0.0.1/36451] INFO  util.JmxRegister (JmxRegister.java:unregister(73)) - Successfully un-registered JMX Bean with object name Ratis:service=RaftServer,group=group-385C3DFC7687,id=2eed3e29-6eea-4fc8-a1f2-b1cd31e46ec2
2021-12-05 13:30:46,253 [Listener at 127.0.0.1/36451] INFO  impl.RoleInfo (RoleInfo.java:shutdownFollowerState(108)) - 2eed3e29-6eea-4fc8-a1f2-b1cd31e46ec2: shutdown 2eed3e29-6eea-4fc8-a1f2-b1cd31e46ec2@group-385C3DFC7687-FollowerState
2021-12-05 13:30:46,253 [2eed3e29-6eea-4fc8-a1f2-b1cd31e46ec2@group-385C3DFC7687-FollowerState] INFO  impl.FollowerState (FollowerState.java:run(143)) - 2eed3e29-6eea-4fc8-a1f2-b1cd31e46ec2@group-385C3DFC7687-FollowerState was interrupted: {}
java.lang.InterruptedException: sleep interrupted
	at java.lang.Thread.sleep(Native Method)
	at java.lang.Thread.sleep(Thread.java:340)
	at java.util.concurrent.TimeUnit.sleep(TimeUnit.java:386)
	at org.apache.ratis.util.TimeDuration.sleep(TimeDuration.java:324)
	at org.apache.ratis.util.TimeDuration.sleep(TimeDuration.java:309)
	at org.apache.ratis.server.impl.FollowerState.run(FollowerState.java:118)
2021-12-05 13:30:46,253 [ForkJoinPool.commonPool-worker-0] INFO  server.RaftServer$Division (ServerState.java:close(419)) - 95adf3fa-442c-443c-b663-6c38b0fe08bf@group-E4C28F99EB72: closes. applyIndex: 0
2021-12-05 13:30:46,254 [95adf3fa-442c-443c-b663-6c38b0fe08bf@group-E4C28F99EB72-SegmentedRaftLogWorker] INFO  segmented.SegmentedRaftLogWorker (SegmentedRaftLogWorker.java:run(327)) - 95adf3fa-442c-443c-b663-6c38b0fe08bf@group-E4C28F99EB72-SegmentedRaftLogWorker was interrupted, exiting. There are 0 tasks remaining in the queue.
2021-12-05 13:30:46,254 [ForkJoinPool.commonPool-worker-0] INFO  segmented.SegmentedRaftLogWorker (SegmentedRaftLogWorker.java:close(237)) - 95adf3fa-442c-443c-b663-6c38b0fe08bf@group-E4C28F99EB72-SegmentedRaftLogWorker close()
2021-12-05 13:30:46,253 [Listener at 127.0.0.1/36451] INFO  impl.StateMachineUpdater (StateMachineUpdater.java:stopAndJoin(149)) - 2eed3e29-6eea-4fc8-a1f2-b1cd31e46ec2@group-385C3DFC7687-StateMachineUpdater: set stopIndex = -1
2021-12-05 13:30:46,257 [Listener at 127.0.0.1/36451] INFO  server.RaftServer$Division (ServerState.java:close(419)) - 2eed3e29-6eea-4fc8-a1f2-b1cd31e46ec2@group-385C3DFC7687: closes. applyIndex: -1
2021-12-05 13:30:46,256 [ForkJoinPool.commonPool-worker-0] INFO  server.RaftServer$Division (RaftServerImpl.java:lambda$close$4(412)) - 95adf3fa-442c-443c-b663-6c38b0fe08bf@group-F8D5703BF313: shutdown
2021-12-05 13:30:46,257 [ForkJoinPool.commonPool-worker-0] INFO  util.JmxRegister (JmxRegister.java:unregister(73)) - Successfully un-registered JMX Bean with object name Ratis:service=RaftServer,group=group-F8D5703BF313,id=95adf3fa-442c-443c-b663-6c38b0fe08bf
2021-12-05 13:30:46,257 [ForkJoinPool.commonPool-worker-0] INFO  impl.RoleInfo (RoleInfo.java:shutdownLeaderState(91)) - 95adf3fa-442c-443c-b663-6c38b0fe08bf: shutdown 95adf3fa-442c-443c-b663-6c38b0fe08bf@group-F8D5703BF313-LeaderStateImpl
2021-12-05 13:30:46,257 [ForkJoinPool.commonPool-worker-0] INFO  impl.PendingRequests (PendingRequests.java:sendNotLeaderResponses(282)) - 95adf3fa-442c-443c-b663-6c38b0fe08bf@group-F8D5703BF313-PendingRequests: sendNotLeaderResponses
2021-12-05 13:30:46,258 [95adf3fa-442c-443c-b663-6c38b0fe08bf@group-F8D5703BF313->33789976-9166-4b2d-b432-fc5f37128ed1-GrpcLogAppender-LogAppenderDaemon] WARN  server.GrpcLogAppender (GrpcLogAppender.java:mayWait(177)) - 95adf3fa-442c-443c-b663-6c38b0fe08bf@group-F8D5703BF313->33789976-9166-4b2d-b432-fc5f37128ed1-GrpcLogAppender: Wait interrupted by java.lang.InterruptedException
2021-12-05 13:30:46,258 [2eed3e29-6eea-4fc8-a1f2-b1cd31e46ec2@group-385C3DFC7687-SegmentedRaftLogWorker] INFO  segmented.SegmentedRaftLogWorker (SegmentedRaftLogWorker.java:run(327)) - 2eed3e29-6eea-4fc8-a1f2-b1cd31e46ec2@group-385C3DFC7687-SegmentedRaftLogWorker was interrupted, exiting. There are 0 tasks remaining in the queue.
2021-12-05 13:30:46,258 [95adf3fa-442c-443c-b663-6c38b0fe08bf@group-F8D5703BF313->2eed3e29-6eea-4fc8-a1f2-b1cd31e46ec2-GrpcLogAppender-LogAppenderDaemon] WARN  server.GrpcLogAppender (GrpcLogAppender.java:mayWait(177)) - 95adf3fa-442c-443c-b663-6c38b0fe08bf@group-F8D5703BF313->2eed3e29-6eea-4fc8-a1f2-b1cd31e46ec2-GrpcLogAppender: Wait interrupted by java.lang.InterruptedException
2021-12-05 13:30:46,259 [ForkJoinPool.commonPool-worker-0] INFO  impl.StateMachineUpdater (StateMachineUpdater.java:stopAndJoin(149)) - 95adf3fa-442c-443c-b663-6c38b0fe08bf@group-F8D5703BF313-StateMachineUpdater: set stopIndex = 27
2021-12-05 13:30:46,260 [95adf3fa-442c-443c-b663-6c38b0fe08bf@group-F8D5703BF313-StateMachineUpdater] INFO  ratis.ContainerStateMachine (ContainerStateMachine.java:takeSnapshot(292)) - group-F8D5703BF313: Taking a snapshot at:(t:1, i:27) file /home/runner/work/ozone/ozone/hadoop-ozone/integration-test/target/test-dir/MiniOzoneClusterImpl-4b95c801-9289-4427-a3b2-78fba0992616/datanode-0/data/ratis/99371691-14df-4bf9-96f6-f8d5703bf313/sm/snapshot.1_27
2021-12-05 13:30:46,261 [Listener at 127.0.0.1/36451] INFO  segmented.SegmentedRaftLogWorker (SegmentedRaftLogWorker.java:close(237)) - 2eed3e29-6eea-4fc8-a1f2-b1cd31e46ec2@group-385C3DFC7687-SegmentedRaftLogWorker close()
2021-12-05 13:30:46,261 [95adf3fa-442c-443c-b663-6c38b0fe08bf@group-F8D5703BF313-StateMachineUpdater] INFO  ratis.ContainerStateMachine (ContainerStateMachine.java:takeSnapshot(303)) - group-F8D5703BF313: Finished taking a snapshot at:(t:1, i:27) file:/home/runner/work/ozone/ozone/hadoop-ozone/integration-test/target/test-dir/MiniOzoneClusterImpl-4b95c801-9289-4427-a3b2-78fba0992616/datanode-0/data/ratis/99371691-14df-4bf9-96f6-f8d5703bf313/sm/snapshot.1_27 took: 2 ms
2021-12-05 13:30:46,262 [95adf3fa-442c-443c-b663-6c38b0fe08bf@group-F8D5703BF313-StateMachineUpdater] INFO  impl.StateMachineUpdater (StateMachineUpdater.java:takeSnapshot(281)) - 95adf3fa-442c-443c-b663-6c38b0fe08bf@group-F8D5703BF313-StateMachineUpdater: Took a snapshot at index 27
2021-12-05 13:30:46,262 [Listener at 127.0.0.1/36451] INFO  server.RaftServer$Division (RaftServerImpl.java:lambda$close$4(412)) - 2eed3e29-6eea-4fc8-a1f2-b1cd31e46ec2@group-B158063FF462: shutdown
2021-12-05 13:30:46,263 [Listener at 127.0.0.1/36451] INFO  util.JmxRegister (JmxRegister.java:unregister(73)) - Successfully un-registered JMX Bean with object name Ratis:service=RaftServer,group=group-B158063FF462,id=2eed3e29-6eea-4fc8-a1f2-b1cd31e46ec2
2021-12-05 13:30:46,263 [Listener at 127.0.0.1/36451] INFO  impl.RoleInfo (RoleInfo.java:shutdownLeaderState(91)) - 2eed3e29-6eea-4fc8-a1f2-b1cd31e46ec2: shutdown 2eed3e29-6eea-4fc8-a1f2-b1cd31e46ec2@group-B158063FF462-LeaderStateImpl
2021-12-05 13:30:46,263 [Listener at 127.0.0.1/36451] INFO  impl.PendingRequests (PendingRequests.java:sendNotLeaderResponses(282)) - 2eed3e29-6eea-4fc8-a1f2-b1cd31e46ec2@group-B158063FF462-PendingRequests: sendNotLeaderResponses
2021-12-05 13:30:46,264 [Listener at 127.0.0.1/36451] INFO  impl.StateMachineUpdater (StateMachineUpdater.java:stopAndJoin(149)) - 2eed3e29-6eea-4fc8-a1f2-b1cd31e46ec2@group-B158063FF462-StateMachineUpdater: set stopIndex = 0
2021-12-05 13:30:46,264 [2eed3e29-6eea-4fc8-a1f2-b1cd31e46ec2@group-B158063FF462-StateMachineUpdater] INFO  ratis.ContainerStateMachine (ContainerStateMachine.java:takeSnapshot(292)) - group-B158063FF462: Taking a snapshot at:(t:1, i:0) file /home/runner/work/ozone/ozone/hadoop-ozone/integration-test/target/test-dir/MiniOzoneClusterImpl-4b95c801-9289-4427-a3b2-78fba0992616/datanode-1/data/ratis/c6effb86-c9f6-4f4a-8cbf-b158063ff462/sm/snapshot.1_0
2021-12-05 13:30:46,262 [grpc-default-executor-0] INFO  server.GrpcServerProtocolService (GrpcServerProtocolService.java:onCompleted(140)) - 33789976-9166-4b2d-b432-fc5f37128ed1: Completed APPEND_ENTRIES, lastRequest: 95adf3fa-442c-443c-b663-6c38b0fe08bf->33789976-9166-4b2d-b432-fc5f37128ed1#363-t1,previous=(t:1, i:26),leaderCommit=26,initializing? true,entries: size=1, first=(t:1, i:27), METADATAENTRY(c:25)
2021-12-05 13:30:46,266 [2eed3e29-6eea-4fc8-a1f2-b1cd31e46ec2@group-B158063FF462-StateMachineUpdater] INFO  ratis.ContainerStateMachine (ContainerStateMachine.java:takeSnapshot(303)) - group-B158063FF462: Finished taking a snapshot at:(t:1, i:0) file:/home/runner/work/ozone/ozone/hadoop-ozone/integration-test/target/test-dir/MiniOzoneClusterImpl-4b95c801-9289-4427-a3b2-78fba0992616/datanode-1/data/ratis/c6effb86-c9f6-4f4a-8cbf-b158063ff462/sm/snapshot.1_0 took: 2 ms
2021-12-05 13:30:46,266 [2eed3e29-6eea-4fc8-a1f2-b1cd31e46ec2@group-B158063FF462-StateMachineUpdater] INFO  impl.StateMachineUpdater (StateMachineUpdater.java:takeSnapshot(281)) - 2eed3e29-6eea-4fc8-a1f2-b1cd31e46ec2@group-B158063FF462-StateMachineUpdater: Took a snapshot at index 0
2021-12-05 13:30:46,266 [2eed3e29-6eea-4fc8-a1f2-b1cd31e46ec2@group-B158063FF462-StateMachineUpdater] INFO  impl.StateMachineUpdater (StateMachineUpdater.java:lambda$new$0(89)) - 2eed3e29-6eea-4fc8-a1f2-b1cd31e46ec2@group-B158063FF462-StateMachineUpdater: snapshotIndex: updateIncreasingly -1 -> 0
2021-12-05 13:30:46,262 [95adf3fa-442c-443c-b663-6c38b0fe08bf@group-F8D5703BF313-StateMachineUpdater] INFO  impl.StateMachineUpdater (StateMachineUpdater.java:lambda$new$0(89)) - 95adf3fa-442c-443c-b663-6c38b0fe08bf@group-F8D5703BF313-StateMachineUpdater: snapshotIndex: updateIncreasingly -1 -> 27
2021-12-05 13:30:46,268 [grpc-default-executor-2] INFO  server.GrpcLogAppender (GrpcLogAppender.java:onCompleted(346)) - 95adf3fa-442c-443c-b663-6c38b0fe08bf@group-F8D5703BF313->33789976-9166-4b2d-b432-fc5f37128ed1-AppendLogResponseHandler: follower responses appendEntries COMPLETED
2021-12-05 13:30:46,268 [grpc-default-executor-2] INFO  leader.FollowerInfo (FollowerInfoImpl.java:lambda$new$0(47)) - 95adf3fa-442c-443c-b663-6c38b0fe08bf@group-F8D5703BF313->33789976-9166-4b2d-b432-fc5f37128ed1: nextIndex: updateUnconditionally 28 -> 27
2021-12-05 13:30:46,268 [grpc-default-executor-0] INFO  server.GrpcServerProtocolService (GrpcServerProtocolService.java:onCompleted(140)) - 2eed3e29-6eea-4fc8-a1f2-b1cd31e46ec2: Completed APPEND_ENTRIES, lastRequest: 95adf3fa-442c-443c-b663-6c38b0fe08bf->2eed3e29-6eea-4fc8-a1f2-b1cd31e46ec2#252-t1,previous=(t:1, i:26),leaderCommit=26,initializing? true,entries: size=1, first=(t:1, i:27), METADATAENTRY(c:25)
2021-12-05 13:30:46,269 [grpc-default-executor-2] INFO  server.GrpcLogAppender (GrpcLogAppender.java:onCompleted(346)) - 95adf3fa-442c-443c-b663-6c38b0fe08bf@group-F8D5703BF313->2eed3e29-6eea-4fc8-a1f2-b1cd31e46ec2-AppendLogResponseHandler: follower responses appendEntries COMPLETED
2021-12-05 13:30:46,269 [grpc-default-executor-2] INFO  leader.FollowerInfo (FollowerInfoImpl.java:lambda$new$0(47)) - 95adf3fa-442c-443c-b663-6c38b0fe08bf@group-F8D5703BF313->2eed3e29-6eea-4fc8-a1f2-b1cd31e46ec2: nextIndex: updateUnconditionally 28 -> 27
2021-12-05 13:30:46,269 [ForkJoinPool.commonPool-worker-0] INFO  server.RaftServer$Division (ServerState.java:close(419)) - 95adf3fa-442c-443c-b663-6c38b0fe08bf@group-F8D5703BF313: closes. applyIndex: 27
2021-12-05 13:30:46,275 [95adf3fa-442c-443c-b663-6c38b0fe08bf@group-F8D5703BF313-SegmentedRaftLogWorker] INFO  segmented.SegmentedRaftLogWorker (SegmentedRaftLogWorker.java:run(327)) - 95adf3fa-442c-443c-b663-6c38b0fe08bf@group-F8D5703BF313-SegmentedRaftLogWorker was interrupted, exiting. There are 0 tasks remaining in the queue.
2021-12-05 13:30:46,275 [Listener at 127.0.0.1/36451] INFO  server.RaftServer$Division (ServerState.java:close(419)) - 2eed3e29-6eea-4fc8-a1f2-b1cd31e46ec2@group-B158063FF462: closes. applyIndex: 0
2021-12-05 13:30:46,276 [2eed3e29-6eea-4fc8-a1f2-b1cd31e46ec2@group-B158063FF462-SegmentedRaftLogWorker] INFO  segmented.SegmentedRaftLogWorker (SegmentedRaftLogWorker.java:run(327)) - 2eed3e29-6eea-4fc8-a1f2-b1cd31e46ec2@group-B158063FF462-SegmentedRaftLogWorker was interrupted, exiting. There are 0 tasks remaining in the queue.
2021-12-05 13:30:46,276 [ForkJoinPool.commonPool-worker-0] INFO  segmented.SegmentedRaftLogWorker (SegmentedRaftLogWorker.java:close(237)) - 95adf3fa-442c-443c-b663-6c38b0fe08bf@group-F8D5703BF313-SegmentedRaftLogWorker close()
2021-12-05 13:30:46,276 [ForkJoinPool.commonPool-worker-0] INFO  server.RaftServer$Division (RaftServerImpl.java:lambda$close$4(412)) - 95adf3fa-442c-443c-b663-6c38b0fe08bf@group-385C3DFC7687: shutdown
2021-12-05 13:30:46,277 [ForkJoinPool.commonPool-worker-0] INFO  util.JmxRegister (JmxRegister.java:unregister(73)) - Successfully un-registered JMX Bean with object name Ratis:service=RaftServer,group=group-385C3DFC7687,id=95adf3fa-442c-443c-b663-6c38b0fe08bf
2021-12-05 13:30:46,277 [ForkJoinPool.commonPool-worker-0] INFO  impl.RoleInfo (RoleInfo.java:shutdownFollowerState(108)) - 95adf3fa-442c-443c-b663-6c38b0fe08bf: shutdown 95adf3fa-442c-443c-b663-6c38b0fe08bf@group-385C3DFC7687-FollowerState
2021-12-05 13:30:46,277 [ForkJoinPool.commonPool-worker-0] INFO  impl.StateMachineUpdater (StateMachineUpdater.java:stopAndJoin(149)) - 95adf3fa-442c-443c-b663-6c38b0fe08bf@group-385C3DFC7687-StateMachineUpdater: set stopIndex = -1
2021-12-05 13:30:46,277 [95adf3fa-442c-443c-b663-6c38b0fe08bf@group-385C3DFC7687-FollowerState] INFO  impl.FollowerState (FollowerState.java:run(143)) - 95adf3fa-442c-443c-b663-6c38b0fe08bf@group-385C3DFC7687-FollowerState was interrupted: {}
java.lang.InterruptedException: sleep interrupted
	at java.lang.Thread.sleep(Native Method)
	at java.lang.Thread.sleep(Thread.java:340)
	at java.util.concurrent.TimeUnit.sleep(TimeUnit.java:386)
	at org.apache.ratis.util.TimeDuration.sleep(TimeDuration.java:324)
	at org.apache.ratis.util.TimeDuration.sleep(TimeDuration.java:309)
	at org.apache.ratis.server.impl.FollowerState.run(FollowerState.java:118)
2021-12-05 13:30:46,277 [ForkJoinPool.commonPool-worker-0] INFO  server.RaftServer$Division (ServerState.java:close(419)) - 95adf3fa-442c-443c-b663-6c38b0fe08bf@group-385C3DFC7687: closes. applyIndex: -1
2021-12-05 13:30:46,278 [Listener at 127.0.0.1/36451] INFO  segmented.SegmentedRaftLogWorker (SegmentedRaftLogWorker.java:close(237)) - 2eed3e29-6eea-4fc8-a1f2-b1cd31e46ec2@group-B158063FF462-SegmentedRaftLogWorker close()
2021-12-05 13:30:46,282 [95adf3fa-442c-443c-b663-6c38b0fe08bf@group-385C3DFC7687-SegmentedRaftLogWorker] INFO  segmented.SegmentedRaftLogWorker (SegmentedRaftLogWorker.java:run(327)) - 95adf3fa-442c-443c-b663-6c38b0fe08bf@group-385C3DFC7687-SegmentedRaftLogWorker was interrupted, exiting. There are 0 tasks remaining in the queue.
2021-12-05 13:30:46,282 [ForkJoinPool.commonPool-worker-0] INFO  segmented.SegmentedRaftLogWorker (SegmentedRaftLogWorker.java:close(237)) - 95adf3fa-442c-443c-b663-6c38b0fe08bf@group-385C3DFC7687-SegmentedRaftLogWorker close()
2021-12-05 13:30:46,283 [Listener at 127.0.0.1/36451] INFO  server.GrpcService (GrpcService.java:closeImpl(262)) - 2eed3e29-6eea-4fc8-a1f2-b1cd31e46ec2: shutdown server with port 34531 now
2021-12-05 13:30:46,283 [ForkJoinPool.commonPool-worker-0] INFO  server.GrpcService (GrpcService.java:closeImpl(262)) - 95adf3fa-442c-443c-b663-6c38b0fe08bf: shutdown server with port 34639 now
2021-12-05 13:30:46,291 [grpc-default-executor-2] WARN  client.GrpcClientProtocolService (LogUtils.java:warn(122)) - 1-UnorderedRequestStreamObserver1: onError: org.apache.ratis.thirdparty.io.grpc.StatusRuntimeException: CANCELLED: client cancelled
2021-12-05 13:30:46,303 [Listener at 127.0.0.1/36451] INFO  server.GrpcService (GrpcService.java:closeImpl(271)) - 2eed3e29-6eea-4fc8-a1f2-b1cd31e46ec2: shutdown server with port 34531 successfully
2021-12-05 13:30:46,304 [org.apache.ratis.util.JvmPauseMonitor$$Lambda$525/1513368495@727a6e13] INFO  util.JvmPauseMonitor (JvmPauseMonitor.java:run(109)) - JvmPauseMonitor-2eed3e29-6eea-4fc8-a1f2-b1cd31e46ec2: Stopped
2021-12-05 13:30:46,306 [ForkJoinPool.commonPool-worker-0] INFO  server.GrpcService (GrpcService.java:closeImpl(271)) - 95adf3fa-442c-443c-b663-6c38b0fe08bf: shutdown server with port 34639 successfully
2021-12-05 13:30:46,306 [org.apache.ratis.util.JvmPauseMonitor$$Lambda$525/1513368495@56f29688] INFO  util.JvmPauseMonitor (JvmPauseMonitor.java:run(109)) - JvmPauseMonitor-95adf3fa-442c-443c-b663-6c38b0fe08bf: Stopped
2021-12-05 13:30:49,029 [33789976-9166-4b2d-b432-fc5f37128ed1@group-385C3DFC7687-FollowerState] INFO  impl.FollowerState (FollowerState.java:run(134)) - 33789976-9166-4b2d-b432-fc5f37128ed1@group-385C3DFC7687-FollowerState: change to CANDIDATE, lastRpcElapsedTime:5193209768ns, electionTimeout:5181ms
2021-12-05 13:30:49,029 [33789976-9166-4b2d-b432-fc5f37128ed1@group-385C3DFC7687-FollowerState] INFO  impl.RoleInfo (RoleInfo.java:shutdownFollowerState(108)) - 33789976-9166-4b2d-b432-fc5f37128ed1: shutdown 33789976-9166-4b2d-b432-fc5f37128ed1@group-385C3DFC7687-FollowerState
2021-12-05 13:30:49,029 [33789976-9166-4b2d-b432-fc5f37128ed1@group-385C3DFC7687-FollowerState] INFO  server.RaftServer$Division (RaftServerImpl.java:setRole(290)) - 33789976-9166-4b2d-b432-fc5f37128ed1@group-385C3DFC7687: changes role from  FOLLOWER to CANDIDATE at term 3 for changeToCandidate
2021-12-05 13:30:49,029 [33789976-9166-4b2d-b432-fc5f37128ed1@group-385C3DFC7687-FollowerState] INFO  server.RaftServerConfigKeys (ConfUtils.java:logGet(44)) - raft.server.leaderelection.pre-vote = false (custom)
2021-12-05 13:30:49,029 [33789976-9166-4b2d-b432-fc5f37128ed1@group-385C3DFC7687-FollowerState] INFO  impl.RoleInfo (RoleInfo.java:updateAndGet(130)) - 33789976-9166-4b2d-b432-fc5f37128ed1: start 33789976-9166-4b2d-b432-fc5f37128ed1@group-385C3DFC7687-LeaderElection22
2021-12-05 13:30:49,052 [33789976-9166-4b2d-b432-fc5f37128ed1@group-385C3DFC7687-LeaderElection22] INFO  impl.LeaderElection (LeaderElection.java:askForVotes(306)) - 33789976-9166-4b2d-b432-fc5f37128ed1@group-385C3DFC7687-LeaderElection22 ELECTION round 0: submit vote requests at term 4 for -1: [2eed3e29-6eea-4fc8-a1f2-b1cd31e46ec2|rpc:10.1.0.33:34531|dataStream:|priority:0, 33789976-9166-4b2d-b432-fc5f37128ed1|rpc:10.1.0.33:42511|dataStream:|priority:1, 95adf3fa-442c-443c-b663-6c38b0fe08bf|rpc:10.1.0.33:34639|dataStream:|priority:0], old=null
2021-12-05 13:30:49,069 [33789976-9166-4b2d-b432-fc5f37128ed1@group-385C3DFC7687-LeaderElection22] INFO  impl.LeaderElection (LogUtils.java:infoOrTrace(137)) - 33789976-9166-4b2d-b432-fc5f37128ed1@group-385C3DFC7687-LeaderElection22 got exception when requesting votes: java.util.concurrent.ExecutionException: org.apache.ratis.thirdparty.io.grpc.StatusRuntimeException: UNAVAILABLE: io exception
2021-12-05 13:30:49,088 [33789976-9166-4b2d-b432-fc5f37128ed1@group-385C3DFC7687-LeaderElection22] INFO  impl.LeaderElection (LogUtils.java:infoOrTrace(137)) - 33789976-9166-4b2d-b432-fc5f37128ed1@group-385C3DFC7687-LeaderElection22 got exception when requesting votes: java.util.concurrent.ExecutionException: org.apache.ratis.thirdparty.io.grpc.StatusRuntimeException: UNAVAILABLE: io exception
2021-12-05 13:30:49,089 [33789976-9166-4b2d-b432-fc5f37128ed1@group-385C3DFC7687-LeaderElection22] INFO  impl.LeaderElection (LeaderElection.java:logAndReturn(89)) - 33789976-9166-4b2d-b432-fc5f37128ed1@group-385C3DFC7687-LeaderElection22: ELECTION REJECTED received 0 response(s) and 2 exception(s):
2021-12-05 13:30:49,089 [33789976-9166-4b2d-b432-fc5f37128ed1@group-385C3DFC7687-LeaderElection22] INFO  impl.LeaderElection (LogUtils.java:infoOrTrace(137)) -   Exception 0: java.util.concurrent.ExecutionException: org.apache.ratis.thirdparty.io.grpc.StatusRuntimeException: UNAVAILABLE: io exception
2021-12-05 13:30:49,089 [33789976-9166-4b2d-b432-fc5f37128ed1@group-385C3DFC7687-LeaderElection22] INFO  impl.LeaderElection (LogUtils.java:infoOrTrace(137)) -   Exception 1: java.util.concurrent.ExecutionException: org.apache.ratis.thirdparty.io.grpc.StatusRuntimeException: UNAVAILABLE: io exception
2021-12-05 13:30:49,089 [33789976-9166-4b2d-b432-fc5f37128ed1@group-385C3DFC7687-LeaderElection22] INFO  impl.LeaderElection (LeaderElection.java:askForVotes(308)) - 33789976-9166-4b2d-b432-fc5f37128ed1@group-385C3DFC7687-LeaderElection22 ELECTION round 0: result REJECTED
2021-12-05 13:30:49,091 [33789976-9166-4b2d-b432-fc5f37128ed1@group-385C3DFC7687-LeaderElection22] INFO  server.RaftServer$Division (RaftServerImpl.java:setRole(290)) - 33789976-9166-4b2d-b432-fc5f37128ed1@group-385C3DFC7687: changes role from CANDIDATE to FOLLOWER at term 4 for REJECTED
2021-12-05 13:30:49,091 [33789976-9166-4b2d-b432-fc5f37128ed1@group-385C3DFC7687-LeaderElection22] INFO  impl.RoleInfo (RoleInfo.java:shutdownLeaderElection(121)) - 33789976-9166-4b2d-b432-fc5f37128ed1: shutdown 33789976-9166-4b2d-b432-fc5f37128ed1@group-385C3DFC7687-LeaderElection22
2021-12-05 13:30:49,091 [33789976-9166-4b2d-b432-fc5f37128ed1@group-385C3DFC7687-LeaderElection22] INFO  impl.RoleInfo (RoleInfo.java:updateAndGet(130)) - 33789976-9166-4b2d-b432-fc5f37128ed1: start 33789976-9166-4b2d-b432-fc5f37128ed1@group-385C3DFC7687-FollowerState
2021-12-05 13:30:53,309 [Listener at 127.0.0.1/36451] INFO  utils.BackgroundService (BackgroundService.java:shutdown(132)) - Shutting down service BlockDeletingService
2021-12-05 13:30:53,314 [ForkJoinPool.commonPool-worker-0] INFO  utils.BackgroundService (BackgroundService.java:shutdown(132)) - Shutting down service BlockDeletingService
2021-12-05 13:30:54,154 [33789976-9166-4b2d-b432-fc5f37128ed1@group-385C3DFC7687-FollowerState] INFO  impl.FollowerState (FollowerState.java:run(134)) - 33789976-9166-4b2d-b432-fc5f37128ed1@group-385C3DFC7687-FollowerState: change to CANDIDATE, lastRpcElapsedTime:5063215004ns, electionTimeout:5040ms
2021-12-05 13:30:54,154 [33789976-9166-4b2d-b432-fc5f37128ed1@group-385C3DFC7687-FollowerState] INFO  impl.RoleInfo (RoleInfo.java:shutdownFollowerState(108)) - 33789976-9166-4b2d-b432-fc5f37128ed1: shutdown 33789976-9166-4b2d-b432-fc5f37128ed1@group-385C3DFC7687-FollowerState
2021-12-05 13:30:54,154 [33789976-9166-4b2d-b432-fc5f37128ed1@group-385C3DFC7687-FollowerState] INFO  server.RaftServer$Division (RaftServerImpl.java:setRole(290)) - 33789976-9166-4b2d-b432-fc5f37128ed1@group-385C3DFC7687: changes role from  FOLLOWER to CANDIDATE at term 4 for changeToCandidate
2021-12-05 13:30:54,155 [33789976-9166-4b2d-b432-fc5f37128ed1@group-385C3DFC7687-FollowerState] INFO  server.RaftServerConfigKeys (ConfUtils.java:logGet(44)) - raft.server.leaderelection.pre-vote = false (custom)
2021-12-05 13:30:54,155 [33789976-9166-4b2d-b432-fc5f37128ed1@group-385C3DFC7687-FollowerState] INFO  impl.RoleInfo (RoleInfo.java:updateAndGet(130)) - 33789976-9166-4b2d-b432-fc5f37128ed1: start 33789976-9166-4b2d-b432-fc5f37128ed1@group-385C3DFC7687-LeaderElection23
2021-12-05 13:30:54,174 [33789976-9166-4b2d-b432-fc5f37128ed1@group-385C3DFC7687-LeaderElection23] INFO  impl.LeaderElection (LeaderElection.java:askForVotes(306)) - 33789976-9166-4b2d-b432-fc5f37128ed1@group-385C3DFC7687-LeaderElection23 ELECTION round 0: submit vote requests at term 5 for -1: [2eed3e29-6eea-4fc8-a1f2-b1cd31e46ec2|rpc:10.1.0.33:34531|dataStream:|priority:0, 33789976-9166-4b2d-b432-fc5f37128ed1|rpc:10.1.0.33:42511|dataStream:|priority:1, 95adf3fa-442c-443c-b663-6c38b0fe08bf|rpc:10.1.0.33:34639|dataStream:|priority:0], old=null
2021-12-05 13:30:54,175 [33789976-9166-4b2d-b432-fc5f37128ed1@group-385C3DFC7687-LeaderElection23] INFO  impl.LeaderElection (LogUtils.java:infoOrTrace(137)) - 33789976-9166-4b2d-b432-fc5f37128ed1@group-385C3DFC7687-LeaderElection23 got exception when requesting votes: java.util.concurrent.ExecutionException: org.apache.ratis.thirdparty.io.grpc.StatusRuntimeException: UNAVAILABLE: io exception
2021-12-05 13:30:54,176 [33789976-9166-4b2d-b432-fc5f37128ed1@group-385C3DFC7687-LeaderElection23] INFO  impl.LeaderElection (LogUtils.java:infoOrTrace(137)) - 33789976-9166-4b2d-b432-fc5f37128ed1@group-385C3DFC7687-LeaderElection23 got exception when requesting votes: java.util.concurrent.ExecutionException: org.apache.ratis.thirdparty.io.grpc.StatusRuntimeException: UNAVAILABLE: io exception
2021-12-05 13:30:54,176 [33789976-9166-4b2d-b432-fc5f37128ed1@group-385C3DFC7687-LeaderElection23] INFO  impl.LeaderElection (LeaderElection.java:logAndReturn(89)) - 33789976-9166-4b2d-b432-fc5f37128ed1@group-385C3DFC7687-LeaderElection23: ELECTION REJECTED received 0 response(s) and 2 exception(s):
2021-12-05 13:30:54,177 [33789976-9166-4b2d-b432-fc5f37128ed1@group-385C3DFC7687-LeaderElection23] INFO  impl.LeaderElection (LogUtils.java:infoOrTrace(137)) -   Exception 0: java.util.concurrent.ExecutionException: org.apache.ratis.thirdparty.io.grpc.StatusRuntimeException: UNAVAILABLE: io exception
2021-12-05 13:30:54,177 [33789976-9166-4b2d-b432-fc5f37128ed1@group-385C3DFC7687-LeaderElection23] INFO  impl.LeaderElection (LogUtils.java:infoOrTrace(137)) -   Exception 1: java.util.concurrent.ExecutionException: org.apache.ratis.thirdparty.io.grpc.StatusRuntimeException: UNAVAILABLE: io exception
2021-12-05 13:30:54,177 [33789976-9166-4b2d-b432-fc5f37128ed1@group-385C3DFC7687-LeaderElection23] INFO  impl.LeaderElection (LeaderElection.java:askForVotes(308)) - 33789976-9166-4b2d-b432-fc5f37128ed1@group-385C3DFC7687-LeaderElection23 ELECTION round 0: result REJECTED
2021-12-05 13:30:54,177 [33789976-9166-4b2d-b432-fc5f37128ed1@group-385C3DFC7687-LeaderElection23] INFO  server.RaftServer$Division (RaftServerImpl.java:setRole(290)) - 33789976-9166-4b2d-b432-fc5f37128ed1@group-385C3DFC7687: changes role from CANDIDATE to FOLLOWER at term 5 for REJECTED
2021-12-05 13:30:54,177 [33789976-9166-4b2d-b432-fc5f37128ed1@group-385C3DFC7687-LeaderElection23] INFO  impl.RoleInfo (RoleInfo.java:shutdownLeaderElection(121)) - 33789976-9166-4b2d-b432-fc5f37128ed1: shutdown 33789976-9166-4b2d-b432-fc5f37128ed1@group-385C3DFC7687-LeaderElection23
2021-12-05 13:30:54,177 [33789976-9166-4b2d-b432-fc5f37128ed1@group-385C3DFC7687-LeaderElection23] INFO  impl.RoleInfo (RoleInfo.java:updateAndGet(130)) - 33789976-9166-4b2d-b432-fc5f37128ed1: start 33789976-9166-4b2d-b432-fc5f37128ed1@group-385C3DFC7687-FollowerState
2021-12-05 13:30:54,386 [33789976-9166-4b2d-b432-fc5f37128ed1@group-F8D5703BF313-FollowerState] INFO  impl.FollowerState (FollowerState.java:run(134)) - 33789976-9166-4b2d-b432-fc5f37128ed1@group-F8D5703BF313-FollowerState: change to CANDIDATE, lastRpcElapsedTime:9420538888ns, electionTimeout:5049ms
2021-12-05 13:30:54,387 [33789976-9166-4b2d-b432-fc5f37128ed1@group-F8D5703BF313-FollowerState] INFO  impl.RoleInfo (RoleInfo.java:shutdownFollowerState(108)) - 33789976-9166-4b2d-b432-fc5f37128ed1: shutdown 33789976-9166-4b2d-b432-fc5f37128ed1@group-F8D5703BF313-FollowerState
2021-12-05 13:30:54,388 [33789976-9166-4b2d-b432-fc5f37128ed1@group-F8D5703BF313-FollowerState] INFO  server.RaftServer$Division (RaftServerImpl.java:setRole(290)) - 33789976-9166-4b2d-b432-fc5f37128ed1@group-F8D5703BF313: changes role from  FOLLOWER to CANDIDATE at term 1 for changeToCandidate
2021-12-05 13:30:54,388 [33789976-9166-4b2d-b432-fc5f37128ed1@group-F8D5703BF313-FollowerState] INFO  server.RaftServerConfigKeys (ConfUtils.java:logGet(44)) - raft.server.leaderelection.pre-vote = false (custom)
2021-12-05 13:30:54,388 [33789976-9166-4b2d-b432-fc5f37128ed1@group-F8D5703BF313-FollowerState] INFO  impl.RoleInfo (RoleInfo.java:updateAndGet(130)) - 33789976-9166-4b2d-b432-fc5f37128ed1: start 33789976-9166-4b2d-b432-fc5f37128ed1@group-F8D5703BF313-LeaderElection24
2021-12-05 13:30:54,388 [33789976-9166-4b2d-b432-fc5f37128ed1@group-F8D5703BF313-LeaderElection24] INFO  server.RaftServer$Division (ServerState.java:setLeader(285)) - 33789976-9166-4b2d-b432-fc5f37128ed1@group-F8D5703BF313: change Leader from 95adf3fa-442c-443c-b663-6c38b0fe08bf to null at term 1 for ELECTION
2021-12-05 13:30:54,396 [33789976-9166-4b2d-b432-fc5f37128ed1@group-F8D5703BF313-LeaderElection24] INFO  impl.LeaderElection (LeaderElection.java:askForVotes(306)) - 33789976-9166-4b2d-b432-fc5f37128ed1@group-F8D5703BF313-LeaderElection24 ELECTION round 0: submit vote requests at term 2 for 0: [2eed3e29-6eea-4fc8-a1f2-b1cd31e46ec2|rpc:10.1.0.33:34531|dataStream:|priority:0, 33789976-9166-4b2d-b432-fc5f37128ed1|rpc:10.1.0.33:42511|dataStream:|priority:0, 95adf3fa-442c-443c-b663-6c38b0fe08bf|rpc:10.1.0.33:34639|dataStream:|priority:1], old=null
2021-12-05 13:30:54,400 [33789976-9166-4b2d-b432-fc5f37128ed1@group-F8D5703BF313-LeaderElection24] INFO  impl.LeaderElection (LogUtils.java:infoOrTrace(137)) - 33789976-9166-4b2d-b432-fc5f37128ed1@group-F8D5703BF313-LeaderElection24 got exception when requesting votes: java.util.concurrent.ExecutionException: org.apache.ratis.thirdparty.io.grpc.StatusRuntimeException: UNAVAILABLE: io exception
2021-12-05 13:30:54,400 [33789976-9166-4b2d-b432-fc5f37128ed1@group-F8D5703BF313-LeaderElection24] INFO  impl.LeaderElection (LogUtils.java:infoOrTrace(137)) - 33789976-9166-4b2d-b432-fc5f37128ed1@group-F8D5703BF313-LeaderElection24 got exception when requesting votes: java.util.concurrent.ExecutionException: org.apache.ratis.thirdparty.io.grpc.StatusRuntimeException: UNAVAILABLE: io exception
2021-12-05 13:30:54,400 [33789976-9166-4b2d-b432-fc5f37128ed1@group-F8D5703BF313-LeaderElection24] INFO  impl.LeaderElection (LeaderElection.java:logAndReturn(89)) - 33789976-9166-4b2d-b432-fc5f37128ed1@group-F8D5703BF313-LeaderElection24: ELECTION REJECTED received 0 response(s) and 2 exception(s):
2021-12-05 13:30:54,400 [33789976-9166-4b2d-b432-fc5f37128ed1@group-F8D5703BF313-LeaderElection24] INFO  impl.LeaderElection (LogUtils.java:infoOrTrace(137)) -   Exception 0: java.util.concurrent.ExecutionException: org.apache.ratis.thirdparty.io.grpc.StatusRuntimeException: UNAVAILABLE: io exception
2021-12-05 13:30:54,400 [33789976-9166-4b2d-b432-fc5f37128ed1@group-F8D5703BF313-LeaderElection24] INFO  impl.LeaderElection (LogUtils.java:infoOrTrace(137)) -   Exception 1: java.util.concurrent.ExecutionException: org.apache.ratis.thirdparty.io.grpc.StatusRuntimeException: UNAVAILABLE: io exception
2021-12-05 13:30:54,400 [33789976-9166-4b2d-b432-fc5f37128ed1@group-F8D5703BF313-LeaderElection24] INFO  impl.LeaderElection (LeaderElection.java:askForVotes(308)) - 33789976-9166-4b2d-b432-fc5f37128ed1@group-F8D5703BF313-LeaderElection24 ELECTION round 0: result REJECTED
2021-12-05 13:30:54,400 [33789976-9166-4b2d-b432-fc5f37128ed1@group-F8D5703BF313-LeaderElection24] INFO  server.RaftServer$Division (RaftServerImpl.java:setRole(290)) - 33789976-9166-4b2d-b432-fc5f37128ed1@group-F8D5703BF313: changes role from CANDIDATE to FOLLOWER at term 2 for REJECTED
2021-12-05 13:30:54,400 [33789976-9166-4b2d-b432-fc5f37128ed1@group-F8D5703BF313-LeaderElection24] INFO  impl.RoleInfo (RoleInfo.java:shutdownLeaderElection(121)) - 33789976-9166-4b2d-b432-fc5f37128ed1: shutdown 33789976-9166-4b2d-b432-fc5f37128ed1@group-F8D5703BF313-LeaderElection24
2021-12-05 13:30:54,401 [33789976-9166-4b2d-b432-fc5f37128ed1@group-F8D5703BF313-LeaderElection24] INFO  impl.RoleInfo (RoleInfo.java:updateAndGet(130)) - 33789976-9166-4b2d-b432-fc5f37128ed1: start 33789976-9166-4b2d-b432-fc5f37128ed1@group-F8D5703BF313-FollowerState
2021-12-05 13:30:56,314 [Listener at 127.0.0.1/36451] INFO  statemachine.DatanodeStateMachine (DatanodeStateMachine.java:stopDaemon(526)) - Ozone container server stopped.
2021-12-05 13:30:56,315 [Listener at 127.0.0.1/36451] INFO  handler.ContextHandler (ContextHandler.java:doStop(1153)) - Stopped o.e.j.w.WebAppContext@f2d9eb{hddsDatanode,/,null,STOPPED}{jar:file:/home/runner/.m2/repository/org/apache/ozone/hdds-container-service/1.3.0-SNAPSHOT/hdds-container-service-1.3.0-SNAPSHOT.jar!/webapps/hddsDatanode}
2021-12-05 13:30:56,322 [ForkJoinPool.commonPool-worker-0] INFO  statemachine.DatanodeStateMachine (DatanodeStateMachine.java:stopDaemon(526)) - Ozone container server stopped.
2021-12-05 13:30:56,324 [ForkJoinPool.commonPool-worker-0] INFO  handler.ContextHandler (ContextHandler.java:doStop(1153)) - Stopped o.e.j.w.WebAppContext@1f5e4ec9{hddsDatanode,/,null,STOPPED}{jar:file:/home/runner/.m2/repository/org/apache/ozone/hdds-container-service/1.3.0-SNAPSHOT/hdds-container-service-1.3.0-SNAPSHOT.jar!/webapps/hddsDatanode}
2021-12-05 13:30:56,330 [ForkJoinPool.commonPool-worker-0] INFO  server.AbstractConnector (AbstractConnector.java:doStop(381)) - Stopped ServerConnector@485ca712{HTTP/1.1, (http/1.1)}{0.0.0.0:0}
2021-12-05 13:30:56,330 [ForkJoinPool.commonPool-worker-0] INFO  server.session (HouseKeeper.java:stopScavenging(149)) - node0 Stopped scavenging
2021-12-05 13:30:56,330 [ForkJoinPool.commonPool-worker-0] INFO  handler.ContextHandler (ContextHandler.java:doStop(1153)) - Stopped o.e.j.s.ServletContextHandler@32bd65d8{static,/static,jar:file:/home/runner/.m2/repository/org/apache/ozone/hdds-container-service/1.3.0-SNAPSHOT/hdds-container-service-1.3.0-SNAPSHOT.jar!/webapps/static,STOPPED}
2021-12-05 13:30:56,331 [ForkJoinPool.commonPool-worker-0] INFO  handler.ContextHandler (ContextHandler.java:doStop(1153)) - Stopped o.e.j.s.ServletContextHandler@31edcf2f{logs,/logs,file:///home/runner/work/ozone/ozone/hadoop-ozone/integration-test/target/log,STOPPED}
2021-12-05 13:30:56,338 [Listener at 127.0.0.1/36451] INFO  server.AbstractConnector (AbstractConnector.java:doStop(381)) - Stopped ServerConnector@1a47a5ee{HTTP/1.1, (http/1.1)}{0.0.0.0:0}
2021-12-05 13:30:56,339 [Listener at 127.0.0.1/36451] INFO  server.session (HouseKeeper.java:stopScavenging(149)) - node0 Stopped scavenging
2021-12-05 13:30:56,339 [Listener at 127.0.0.1/36451] INFO  handler.ContextHandler (ContextHandler.java:doStop(1153)) - Stopped o.e.j.s.ServletContextHandler@3f29d13d{static,/static,jar:file:/home/runner/.m2/repository/org/apache/ozone/hdds-container-service/1.3.0-SNAPSHOT/hdds-container-service-1.3.0-SNAPSHOT.jar!/webapps/static,STOPPED}
2021-12-05 13:30:56,339 [Listener at 127.0.0.1/36451] INFO  handler.ContextHandler (ContextHandler.java:doStop(1153)) - Stopped o.e.j.s.ServletContextHandler@578249f7{logs,/logs,file:///home/runner/work/ozone/ozone/hadoop-ozone/integration-test/target/log,STOPPED}
2021-12-05 13:30:59,304 [33789976-9166-4b2d-b432-fc5f37128ed1@group-385C3DFC7687-FollowerState] INFO  impl.FollowerState (FollowerState.java:run(134)) - 33789976-9166-4b2d-b432-fc5f37128ed1@group-385C3DFC7687-FollowerState: change to CANDIDATE, lastRpcElapsedTime:5127078426ns, electionTimeout:5114ms
2021-12-05 13:30:59,304 [33789976-9166-4b2d-b432-fc5f37128ed1@group-385C3DFC7687-FollowerState] INFO  impl.RoleInfo (RoleInfo.java:shutdownFollowerState(108)) - 33789976-9166-4b2d-b432-fc5f37128ed1: shutdown 33789976-9166-4b2d-b432-fc5f37128ed1@group-385C3DFC7687-FollowerState
2021-12-05 13:30:59,304 [33789976-9166-4b2d-b432-fc5f37128ed1@group-385C3DFC7687-FollowerState] INFO  server.RaftServer$Division (RaftServerImpl.java:setRole(290)) - 33789976-9166-4b2d-b432-fc5f37128ed1@group-385C3DFC7687: changes role from  FOLLOWER to CANDIDATE at term 5 for changeToCandidate
2021-12-05 13:30:59,304 [33789976-9166-4b2d-b432-fc5f37128ed1@group-385C3DFC7687-FollowerState] INFO  server.RaftServerConfigKeys (ConfUtils.java:logGet(44)) - raft.server.leaderelection.pre-vote = false (custom)
2021-12-05 13:30:59,304 [33789976-9166-4b2d-b432-fc5f37128ed1@group-385C3DFC7687-FollowerState] INFO  impl.RoleInfo (RoleInfo.java:updateAndGet(130)) - 33789976-9166-4b2d-b432-fc5f37128ed1: start 33789976-9166-4b2d-b432-fc5f37128ed1@group-385C3DFC7687-LeaderElection25
2021-12-05 13:30:59,323 [33789976-9166-4b2d-b432-fc5f37128ed1@group-385C3DFC7687-LeaderElection25] INFO  impl.LeaderElection (LeaderElection.java:askForVotes(306)) - 33789976-9166-4b2d-b432-fc5f37128ed1@group-385C3DFC7687-LeaderElection25 ELECTION round 0: submit vote requests at term 6 for -1: [2eed3e29-6eea-4fc8-a1f2-b1cd31e46ec2|rpc:10.1.0.33:34531|dataStream:|priority:0, 33789976-9166-4b2d-b432-fc5f37128ed1|rpc:10.1.0.33:42511|dataStream:|priority:1, 95adf3fa-442c-443c-b663-6c38b0fe08bf|rpc:10.1.0.33:34639|dataStream:|priority:0], old=null
2021-12-05 13:30:59,328 [33789976-9166-4b2d-b432-fc5f37128ed1@group-385C3DFC7687-LeaderElection25] INFO  impl.LeaderElection (LogUtils.java:infoOrTrace(137)) - 33789976-9166-4b2d-b432-fc5f37128ed1@group-385C3DFC7687-LeaderElection25 got exception when requesting votes: java.util.concurrent.ExecutionException: org.apache.ratis.thirdparty.io.grpc.StatusRuntimeException: UNAVAILABLE: io exception
2021-12-05 13:30:59,328 [33789976-9166-4b2d-b432-fc5f37128ed1@group-385C3DFC7687-LeaderElection25] INFO  impl.LeaderElection (LogUtils.java:infoOrTrace(137)) - 33789976-9166-4b2d-b432-fc5f37128ed1@group-385C3DFC7687-LeaderElection25 got exception when requesting votes: java.util.concurrent.ExecutionException: org.apache.ratis.thirdparty.io.grpc.StatusRuntimeException: UNAVAILABLE: io exception
2021-12-05 13:30:59,328 [33789976-9166-4b2d-b432-fc5f37128ed1@group-385C3DFC7687-LeaderElection25] INFO  impl.LeaderElection (LeaderElection.java:logAndReturn(89)) - 33789976-9166-4b2d-b432-fc5f37128ed1@group-385C3DFC7687-LeaderElection25: ELECTION REJECTED received 0 response(s) and 2 exception(s):
2021-12-05 13:30:59,328 [33789976-9166-4b2d-b432-fc5f37128ed1@group-385C3DFC7687-LeaderElection25] INFO  impl.LeaderElection (LogUtils.java:infoOrTrace(137)) -   Exception 0: java.util.concurrent.ExecutionException: org.apache.ratis.thirdparty.io.grpc.StatusRuntimeException: UNAVAILABLE: io exception
2021-12-05 13:30:59,328 [33789976-9166-4b2d-b432-fc5f37128ed1@group-385C3DFC7687-LeaderElection25] INFO  impl.LeaderElection (LogUtils.java:infoOrTrace(137)) -   Exception 1: java.util.concurrent.ExecutionException: org.apache.ratis.thirdparty.io.grpc.StatusRuntimeException: UNAVAILABLE: io exception
2021-12-05 13:30:59,328 [33789976-9166-4b2d-b432-fc5f37128ed1@group-385C3DFC7687-LeaderElection25] INFO  impl.LeaderElection (LeaderElection.java:askForVotes(308)) - 33789976-9166-4b2d-b432-fc5f37128ed1@group-385C3DFC7687-LeaderElection25 ELECTION round 0: result REJECTED
2021-12-05 13:30:59,328 [33789976-9166-4b2d-b432-fc5f37128ed1@group-385C3DFC7687-LeaderElection25] INFO  server.RaftServer$Division (RaftServerImpl.java:setRole(290)) - 33789976-9166-4b2d-b432-fc5f37128ed1@group-385C3DFC7687: changes role from CANDIDATE to FOLLOWER at term 6 for REJECTED
2021-12-05 13:30:59,328 [33789976-9166-4b2d-b432-fc5f37128ed1@group-385C3DFC7687-LeaderElection25] INFO  impl.RoleInfo (RoleInfo.java:shutdownLeaderElection(121)) - 33789976-9166-4b2d-b432-fc5f37128ed1: shutdown 33789976-9166-4b2d-b432-fc5f37128ed1@group-385C3DFC7687-LeaderElection25
2021-12-05 13:30:59,328 [33789976-9166-4b2d-b432-fc5f37128ed1@group-385C3DFC7687-LeaderElection25] INFO  impl.RoleInfo (RoleInfo.java:updateAndGet(130)) - 33789976-9166-4b2d-b432-fc5f37128ed1: start 33789976-9166-4b2d-b432-fc5f37128ed1@group-385C3DFC7687-FollowerState
2021-12-05 13:30:59,440 [33789976-9166-4b2d-b432-fc5f37128ed1@group-F8D5703BF313-FollowerState] INFO  impl.FollowerState (FollowerState.java:run(134)) - 33789976-9166-4b2d-b432-fc5f37128ed1@group-F8D5703BF313-FollowerState: change to CANDIDATE, lastRpcElapsedTime:5039867438ns, electionTimeout:5024ms
2021-12-05 13:30:59,441 [33789976-9166-4b2d-b432-fc5f37128ed1@group-F8D5703BF313-FollowerState] INFO  impl.RoleInfo (RoleInfo.java:shutdownFollowerState(108)) - 33789976-9166-4b2d-b432-fc5f37128ed1: shutdown 33789976-9166-4b2d-b432-fc5f37128ed1@group-F8D5703BF313-FollowerState
2021-12-05 13:30:59,441 [33789976-9166-4b2d-b432-fc5f37128ed1@group-F8D5703BF313-FollowerState] INFO  server.RaftServer$Division (RaftServerImpl.java:setRole(290)) - 33789976-9166-4b2d-b432-fc5f37128ed1@group-F8D5703BF313: changes role from  FOLLOWER to CANDIDATE at term 2 for changeToCandidate
2021-12-05 13:30:59,441 [33789976-9166-4b2d-b432-fc5f37128ed1@group-F8D5703BF313-FollowerState] INFO  server.RaftServerConfigKeys (ConfUtils.java:logGet(44)) - raft.server.leaderelection.pre-vote = false (custom)
2021-12-05 13:30:59,441 [33789976-9166-4b2d-b432-fc5f37128ed1@group-F8D5703BF313-FollowerState] INFO  impl.RoleInfo (RoleInfo.java:updateAndGet(130)) - 33789976-9166-4b2d-b432-fc5f37128ed1: start 33789976-9166-4b2d-b432-fc5f37128ed1@group-F8D5703BF313-LeaderElection26
2021-12-05 13:30:59,457 [33789976-9166-4b2d-b432-fc5f37128ed1@group-F8D5703BF313-LeaderElection26] INFO  impl.LeaderElection (LeaderElection.java:askForVotes(306)) - 33789976-9166-4b2d-b432-fc5f37128ed1@group-F8D5703BF313-LeaderElection26 ELECTION round 0: submit vote requests at term 3 for 0: [2eed3e29-6eea-4fc8-a1f2-b1cd31e46ec2|rpc:10.1.0.33:34531|dataStream:|priority:0, 33789976-9166-4b2d-b432-fc5f37128ed1|rpc:10.1.0.33:42511|dataStream:|priority:0, 95adf3fa-442c-443c-b663-6c38b0fe08bf|rpc:10.1.0.33:34639|dataStream:|priority:1], old=null
2021-12-05 13:30:59,459 [33789976-9166-4b2d-b432-fc5f37128ed1@group-F8D5703BF313-LeaderElection26] INFO  impl.LeaderElection (LogUtils.java:infoOrTrace(137)) - 33789976-9166-4b2d-b432-fc5f37128ed1@group-F8D5703BF313-LeaderElection26 got exception when requesting votes: java.util.concurrent.ExecutionException: org.apache.ratis.thirdparty.io.grpc.StatusRuntimeException: UNAVAILABLE: io exception
2021-12-05 13:30:59,462 [33789976-9166-4b2d-b432-fc5f37128ed1@group-F8D5703BF313-LeaderElection26] INFO  impl.LeaderElection (LogUtils.java:infoOrTrace(137)) - 33789976-9166-4b2d-b432-fc5f37128ed1@group-F8D5703BF313-LeaderElection26 got exception when requesting votes: java.util.concurrent.ExecutionException: org.apache.ratis.thirdparty.io.grpc.StatusRuntimeException: UNAVAILABLE: io exception
2021-12-05 13:30:59,462 [33789976-9166-4b2d-b432-fc5f37128ed1@group-F8D5703BF313-LeaderElection26] INFO  impl.LeaderElection (LeaderElection.java:logAndReturn(89)) - 33789976-9166-4b2d-b432-fc5f37128ed1@group-F8D5703BF313-LeaderElection26: ELECTION REJECTED received 0 response(s) and 2 exception(s):
2021-12-05 13:30:59,462 [33789976-9166-4b2d-b432-fc5f37128ed1@group-F8D5703BF313-LeaderElection26] INFO  impl.LeaderElection (LogUtils.java:infoOrTrace(137)) -   Exception 0: java.util.concurrent.ExecutionException: org.apache.ratis.thirdparty.io.grpc.StatusRuntimeException: UNAVAILABLE: io exception
2021-12-05 13:30:59,462 [33789976-9166-4b2d-b432-fc5f37128ed1@group-F8D5703BF313-LeaderElection26] INFO  impl.LeaderElection (LogUtils.java:infoOrTrace(137)) -   Exception 1: java.util.concurrent.ExecutionException: org.apache.ratis.thirdparty.io.grpc.StatusRuntimeException: UNAVAILABLE: io exception
2021-12-05 13:30:59,462 [33789976-9166-4b2d-b432-fc5f37128ed1@group-F8D5703BF313-LeaderElection26] INFO  impl.LeaderElection (LeaderElection.java:askForVotes(308)) - 33789976-9166-4b2d-b432-fc5f37128ed1@group-F8D5703BF313-LeaderElection26 ELECTION round 0: result REJECTED
2021-12-05 13:30:59,462 [33789976-9166-4b2d-b432-fc5f37128ed1@group-F8D5703BF313-LeaderElection26] INFO  server.RaftServer$Division (RaftServerImpl.java:setRole(290)) - 33789976-9166-4b2d-b432-fc5f37128ed1@group-F8D5703BF313: changes role from CANDIDATE to FOLLOWER at term 3 for REJECTED
2021-12-05 13:30:59,462 [33789976-9166-4b2d-b432-fc5f37128ed1@group-F8D5703BF313-LeaderElection26] INFO  impl.RoleInfo (RoleInfo.java:shutdownLeaderElection(121)) - 33789976-9166-4b2d-b432-fc5f37128ed1: shutdown 33789976-9166-4b2d-b432-fc5f37128ed1@group-F8D5703BF313-LeaderElection26
2021-12-05 13:30:59,462 [33789976-9166-4b2d-b432-fc5f37128ed1@group-F8D5703BF313-LeaderElection26] INFO  impl.RoleInfo (RoleInfo.java:updateAndGet(130)) - 33789976-9166-4b2d-b432-fc5f37128ed1: start 33789976-9166-4b2d-b432-fc5f37128ed1@group-F8D5703BF313-FollowerState
2021-12-05 13:31:01,333 [ForkJoinPool.commonPool-worker-0] INFO  ozoneimpl.OzoneContainer (OzoneContainer.java:stop(325)) - Attempting to stop container services.
2021-12-05 13:31:01,334 [ForkJoinPool.commonPool-worker-0] INFO  server.RaftServer (RaftServerProxy.java:lambda$close$6(391)) - 33789976-9166-4b2d-b432-fc5f37128ed1: close
2021-12-05 13:31:01,334 [ForkJoinPool.commonPool-worker-0] INFO  server.RaftServer$Division (RaftServerImpl.java:lambda$close$4(412)) - 33789976-9166-4b2d-b432-fc5f37128ed1@group-8AD3A9A4E271: shutdown
2021-12-05 13:31:01,334 [ForkJoinPool.commonPool-worker-0] INFO  util.JmxRegister (JmxRegister.java:unregister(73)) - Successfully un-registered JMX Bean with object name Ratis:service=RaftServer,group=group-8AD3A9A4E271,id=33789976-9166-4b2d-b432-fc5f37128ed1
2021-12-05 13:31:01,335 [ForkJoinPool.commonPool-worker-0] INFO  impl.RoleInfo (RoleInfo.java:shutdownLeaderState(91)) - 33789976-9166-4b2d-b432-fc5f37128ed1: shutdown 33789976-9166-4b2d-b432-fc5f37128ed1@group-8AD3A9A4E271-LeaderStateImpl
2021-12-05 13:31:01,335 [ForkJoinPool.commonPool-worker-0] INFO  impl.PendingRequests (PendingRequests.java:sendNotLeaderResponses(282)) - 33789976-9166-4b2d-b432-fc5f37128ed1@group-8AD3A9A4E271-PendingRequests: sendNotLeaderResponses
2021-12-05 13:31:01,335 [ForkJoinPool.commonPool-worker-0] INFO  impl.StateMachineUpdater (StateMachineUpdater.java:stopAndJoin(149)) - 33789976-9166-4b2d-b432-fc5f37128ed1@group-8AD3A9A4E271-StateMachineUpdater: set stopIndex = 0
2021-12-05 13:31:01,335 [33789976-9166-4b2d-b432-fc5f37128ed1@group-8AD3A9A4E271-StateMachineUpdater] INFO  ratis.ContainerStateMachine (ContainerStateMachine.java:takeSnapshot(292)) - group-8AD3A9A4E271: Taking a snapshot at:(t:1, i:0) file /home/runner/work/ozone/ozone/hadoop-ozone/integration-test/target/test-dir/MiniOzoneClusterImpl-4b95c801-9289-4427-a3b2-78fba0992616/datanode-2/data/ratis/27bc53fb-48b1-4476-ac36-8ad3a9a4e271/sm/snapshot.1_0
2021-12-05 13:31:01,337 [33789976-9166-4b2d-b432-fc5f37128ed1@group-8AD3A9A4E271-StateMachineUpdater] INFO  ratis.ContainerStateMachine (ContainerStateMachine.java:takeSnapshot(303)) - group-8AD3A9A4E271: Finished taking a snapshot at:(t:1, i:0) file:/home/runner/work/ozone/ozone/hadoop-ozone/integration-test/target/test-dir/MiniOzoneClusterImpl-4b95c801-9289-4427-a3b2-78fba0992616/datanode-2/data/ratis/27bc53fb-48b1-4476-ac36-8ad3a9a4e271/sm/snapshot.1_0 took: 2 ms
2021-12-05 13:31:01,337 [33789976-9166-4b2d-b432-fc5f37128ed1@group-8AD3A9A4E271-StateMachineUpdater] INFO  impl.StateMachineUpdater (StateMachineUpdater.java:takeSnapshot(281)) - 33789976-9166-4b2d-b432-fc5f37128ed1@group-8AD3A9A4E271-StateMachineUpdater: Took a snapshot at index 0
2021-12-05 13:31:01,337 [33789976-9166-4b2d-b432-fc5f37128ed1@group-8AD3A9A4E271-StateMachineUpdater] INFO  impl.StateMachineUpdater (StateMachineUpdater.java:lambda$new$0(89)) - 33789976-9166-4b2d-b432-fc5f37128ed1@group-8AD3A9A4E271-StateMachineUpdater: snapshotIndex: updateIncreasingly -1 -> 0
2021-12-05 13:31:01,338 [ForkJoinPool.commonPool-worker-0] INFO  server.RaftServer$Division (ServerState.java:close(419)) - 33789976-9166-4b2d-b432-fc5f37128ed1@group-8AD3A9A4E271: closes. applyIndex: 0
2021-12-05 13:31:01,338 [33789976-9166-4b2d-b432-fc5f37128ed1@group-8AD3A9A4E271-SegmentedRaftLogWorker] INFO  segmented.SegmentedRaftLogWorker (SegmentedRaftLogWorker.java:run(327)) - 33789976-9166-4b2d-b432-fc5f37128ed1@group-8AD3A9A4E271-SegmentedRaftLogWorker was interrupted, exiting. There are 0 tasks remaining in the queue.
2021-12-05 13:31:01,338 [ForkJoinPool.commonPool-worker-0] INFO  segmented.SegmentedRaftLogWorker (SegmentedRaftLogWorker.java:close(237)) - 33789976-9166-4b2d-b432-fc5f37128ed1@group-8AD3A9A4E271-SegmentedRaftLogWorker close()
2021-12-05 13:31:01,342 [ForkJoinPool.commonPool-worker-0] INFO  server.RaftServer$Division (RaftServerImpl.java:lambda$close$4(412)) - 33789976-9166-4b2d-b432-fc5f37128ed1@group-F8D5703BF313: shutdown
2021-12-05 13:31:01,342 [ForkJoinPool.commonPool-worker-0] INFO  util.JmxRegister (JmxRegister.java:unregister(73)) - Successfully un-registered JMX Bean with object name Ratis:service=RaftServer,group=group-F8D5703BF313,id=33789976-9166-4b2d-b432-fc5f37128ed1
2021-12-05 13:31:01,342 [ForkJoinPool.commonPool-worker-0] INFO  impl.RoleInfo (RoleInfo.java:shutdownFollowerState(108)) - 33789976-9166-4b2d-b432-fc5f37128ed1: shutdown 33789976-9166-4b2d-b432-fc5f37128ed1@group-F8D5703BF313-FollowerState
2021-12-05 13:31:01,343 [ForkJoinPool.commonPool-worker-0] INFO  impl.StateMachineUpdater (StateMachineUpdater.java:stopAndJoin(149)) - 33789976-9166-4b2d-b432-fc5f37128ed1@group-F8D5703BF313-StateMachineUpdater: set stopIndex = 27
2021-12-05 13:31:01,343 [33789976-9166-4b2d-b432-fc5f37128ed1@group-F8D5703BF313-FollowerState] INFO  impl.FollowerState (FollowerState.java:run(143)) - 33789976-9166-4b2d-b432-fc5f37128ed1@group-F8D5703BF313-FollowerState was interrupted: {}
java.lang.InterruptedException: sleep interrupted
	at java.lang.Thread.sleep(Native Method)
	at java.lang.Thread.sleep(Thread.java:340)
	at java.util.concurrent.TimeUnit.sleep(TimeUnit.java:386)
	at org.apache.ratis.util.TimeDuration.sleep(TimeDuration.java:324)
	at org.apache.ratis.util.TimeDuration.sleep(TimeDuration.java:309)
	at org.apache.ratis.server.impl.FollowerState.run(FollowerState.java:118)
2021-12-05 13:31:01,343 [33789976-9166-4b2d-b432-fc5f37128ed1@group-F8D5703BF313-StateMachineUpdater] INFO  ratis.ContainerStateMachine (ContainerStateMachine.java:takeSnapshot(292)) - group-F8D5703BF313: Taking a snapshot at:(t:1, i:27) file /home/runner/work/ozone/ozone/hadoop-ozone/integration-test/target/test-dir/MiniOzoneClusterImpl-4b95c801-9289-4427-a3b2-78fba0992616/datanode-2/data/ratis/99371691-14df-4bf9-96f6-f8d5703bf313/sm/snapshot.1_27
2021-12-05 13:31:01,344 [33789976-9166-4b2d-b432-fc5f37128ed1@group-F8D5703BF313-StateMachineUpdater] INFO  ratis.ContainerStateMachine (ContainerStateMachine.java:takeSnapshot(303)) - group-F8D5703BF313: Finished taking a snapshot at:(t:1, i:27) file:/home/runner/work/ozone/ozone/hadoop-ozone/integration-test/target/test-dir/MiniOzoneClusterImpl-4b95c801-9289-4427-a3b2-78fba0992616/datanode-2/data/ratis/99371691-14df-4bf9-96f6-f8d5703bf313/sm/snapshot.1_27 took: 2 ms
2021-12-05 13:31:01,345 [33789976-9166-4b2d-b432-fc5f37128ed1@group-F8D5703BF313-StateMachineUpdater] INFO  impl.StateMachineUpdater (StateMachineUpdater.java:takeSnapshot(281)) - 33789976-9166-4b2d-b432-fc5f37128ed1@group-F8D5703BF313-StateMachineUpdater: Took a snapshot at index 27
2021-12-05 13:31:01,345 [33789976-9166-4b2d-b432-fc5f37128ed1@group-F8D5703BF313-StateMachineUpdater] INFO  impl.StateMachineUpdater (StateMachineUpdater.java:lambda$new$0(89)) - 33789976-9166-4b2d-b432-fc5f37128ed1@group-F8D5703BF313-StateMachineUpdater: snapshotIndex: updateIncreasingly -1 -> 27
2021-12-05 13:31:01,349 [ForkJoinPool.commonPool-worker-0] INFO  server.RaftServer$Division (ServerState.java:close(419)) - 33789976-9166-4b2d-b432-fc5f37128ed1@group-F8D5703BF313: closes. applyIndex: 27
2021-12-05 13:31:01,349 [33789976-9166-4b2d-b432-fc5f37128ed1@group-F8D5703BF313-SegmentedRaftLogWorker] INFO  segmented.SegmentedRaftLogWorker (SegmentedRaftLogWorker.java:run(327)) - 33789976-9166-4b2d-b432-fc5f37128ed1@group-F8D5703BF313-SegmentedRaftLogWorker was interrupted, exiting. There are 0 tasks remaining in the queue.
2021-12-05 13:31:01,350 [ForkJoinPool.commonPool-worker-0] INFO  segmented.SegmentedRaftLogWorker (SegmentedRaftLogWorker.java:close(237)) - 33789976-9166-4b2d-b432-fc5f37128ed1@group-F8D5703BF313-SegmentedRaftLogWorker close()
2021-12-05 13:31:01,350 [ForkJoinPool.commonPool-worker-0] INFO  server.RaftServer$Division (RaftServerImpl.java:lambda$close$4(412)) - 33789976-9166-4b2d-b432-fc5f37128ed1@group-385C3DFC7687: shutdown
2021-12-05 13:31:01,350 [ForkJoinPool.commonPool-worker-0] INFO  util.JmxRegister (JmxRegister.java:unregister(73)) - Successfully un-registered JMX Bean with object name Ratis:service=RaftServer,group=group-385C3DFC7687,id=33789976-9166-4b2d-b432-fc5f37128ed1
2021-12-05 13:31:01,351 [ForkJoinPool.commonPool-worker-0] INFO  impl.RoleInfo (RoleInfo.java:shutdownFollowerState(108)) - 33789976-9166-4b2d-b432-fc5f37128ed1: shutdown 33789976-9166-4b2d-b432-fc5f37128ed1@group-385C3DFC7687-FollowerState
2021-12-05 13:31:01,351 [ForkJoinPool.commonPool-worker-0] INFO  impl.StateMachineUpdater (StateMachineUpdater.java:stopAndJoin(149)) - 33789976-9166-4b2d-b432-fc5f37128ed1@group-385C3DFC7687-StateMachineUpdater: set stopIndex = -1
2021-12-05 13:31:01,351 [33789976-9166-4b2d-b432-fc5f37128ed1@group-385C3DFC7687-FollowerState] INFO  impl.FollowerState (FollowerState.java:run(143)) - 33789976-9166-4b2d-b432-fc5f37128ed1@group-385C3DFC7687-FollowerState was interrupted: {}
java.lang.InterruptedException: sleep interrupted
	at java.lang.Thread.sleep(Native Method)
	at java.lang.Thread.sleep(Thread.java:340)
	at java.util.concurrent.TimeUnit.sleep(TimeUnit.java:386)
	at org.apache.ratis.util.TimeDuration.sleep(TimeDuration.java:324)
	at org.apache.ratis.util.TimeDuration.sleep(TimeDuration.java:309)
	at org.apache.ratis.server.impl.FollowerState.run(FollowerState.java:118)
2021-12-05 13:31:01,354 [ForkJoinPool.commonPool-worker-0] INFO  server.RaftServer$Division (ServerState.java:close(419)) - 33789976-9166-4b2d-b432-fc5f37128ed1@group-385C3DFC7687: closes. applyIndex: -1
2021-12-05 13:31:01,355 [33789976-9166-4b2d-b432-fc5f37128ed1@group-385C3DFC7687-SegmentedRaftLogWorker] INFO  segmented.SegmentedRaftLogWorker (SegmentedRaftLogWorker.java:run(327)) - 33789976-9166-4b2d-b432-fc5f37128ed1@group-385C3DFC7687-SegmentedRaftLogWorker was interrupted, exiting. There are 0 tasks remaining in the queue.
2021-12-05 13:31:01,355 [ForkJoinPool.commonPool-worker-0] INFO  segmented.SegmentedRaftLogWorker (SegmentedRaftLogWorker.java:close(237)) - 33789976-9166-4b2d-b432-fc5f37128ed1@group-385C3DFC7687-SegmentedRaftLogWorker close()
2021-12-05 13:31:01,366 [ForkJoinPool.commonPool-worker-0] INFO  server.GrpcService (GrpcService.java:closeImpl(262)) - 33789976-9166-4b2d-b432-fc5f37128ed1: shutdown server with port 42511 now
2021-12-05 13:31:01,381 [ForkJoinPool.commonPool-worker-0] INFO  server.GrpcService (GrpcService.java:closeImpl(271)) - 33789976-9166-4b2d-b432-fc5f37128ed1: shutdown server with port 42511 successfully
2021-12-05 13:31:01,381 [org.apache.ratis.util.JvmPauseMonitor$$Lambda$525/1513368495@40426d36] INFO  util.JvmPauseMonitor (JvmPauseMonitor.java:run(109)) - JvmPauseMonitor-33789976-9166-4b2d-b432-fc5f37128ed1: Stopped
2021-12-05 13:31:08,403 [ForkJoinPool.commonPool-worker-0] INFO  utils.BackgroundService (BackgroundService.java:shutdown(132)) - Shutting down service BlockDeletingService
2021-12-05 13:31:11,405 [ForkJoinPool.commonPool-worker-0] INFO  statemachine.DatanodeStateMachine (DatanodeStateMachine.java:stopDaemon(526)) - Ozone container server stopped.
2021-12-05 13:31:11,411 [ForkJoinPool.commonPool-worker-0] INFO  handler.ContextHandler (ContextHandler.java:doStop(1153)) - Stopped o.e.j.w.WebAppContext@29a3e9e8{hddsDatanode,/,null,STOPPED}{jar:file:/home/runner/.m2/repository/org/apache/ozone/hdds-container-service/1.3.0-SNAPSHOT/hdds-container-service-1.3.0-SNAPSHOT.jar!/webapps/hddsDatanode}
2021-12-05 13:31:11,411 [ForkJoinPool.commonPool-worker-0] INFO  server.AbstractConnector (AbstractConnector.java:doStop(381)) - Stopped ServerConnector@43a7400a{HTTP/1.1, (http/1.1)}{0.0.0.0:0}
2021-12-05 13:31:11,412 [ForkJoinPool.commonPool-worker-0] INFO  server.session (HouseKeeper.java:stopScavenging(149)) - node0 Stopped scavenging
2021-12-05 13:31:11,412 [ForkJoinPool.commonPool-worker-0] INFO  handler.ContextHandler (ContextHandler.java:doStop(1153)) - Stopped o.e.j.s.ServletContextHandler@4ba5c0f0{static,/static,jar:file:/home/runner/.m2/repository/org/apache/ozone/hdds-container-service/1.3.0-SNAPSHOT/hdds-container-service-1.3.0-SNAPSHOT.jar!/webapps/static,STOPPED}
2021-12-05 13:31:11,415 [ForkJoinPool.commonPool-worker-0] INFO  handler.ContextHandler (ContextHandler.java:doStop(1153)) - Stopped o.e.j.s.ServletContextHandler@1ab37c94{logs,/logs,file:///home/runner/work/ozone/ozone/hadoop-ozone/integration-test/target/log,STOPPED}
2021-12-05 13:31:11,417 [Listener at 127.0.0.1/36451] INFO  ozone.MiniOzoneClusterImpl (MiniOzoneClusterImpl.java:stopSCM(542)) - Stopping the StorageContainerManager
2021-12-05 13:31:11,417 [Listener at 127.0.0.1/36451] INFO  server.StorageContainerManager (StorageContainerManager.java:stop(1395)) - Stopping Container Balancer service.
2021-12-05 13:31:11,418 [Listener at 127.0.0.1/36451] INFO  balancer.ContainerBalancer (ContainerBalancer.java:stop(734)) - Container Balancer is not running.
2021-12-05 13:31:11,418 [Listener at 127.0.0.1/36451] INFO  server.StorageContainerManager (StorageContainerManager.java:stop(1402)) - Stopping Replication Manager Service.
2021-12-05 13:31:11,418 [Listener at 127.0.0.1/36451] INFO  container.ReplicationManager (ReplicationManager.java:stop(350)) - Stopping Replication Monitor Thread.
2021-12-05 13:31:11,418 [Listener at 127.0.0.1/36451] INFO  server.StorageContainerManager (StorageContainerManager.java:stop(1409)) - Stopping the Datanode Admin Monitor.
2021-12-05 13:31:11,418 [Listener at 127.0.0.1/36451] INFO  server.StorageContainerManager (StorageContainerManager.java:stop(1416)) - Stopping Lease Manager of the command watchers
2021-12-05 13:31:11,418 [Listener at 127.0.0.1/36451] INFO  server.StorageContainerManager (StorageContainerManager.java:stop(1423)) - Stopping datanode service RPC server
2021-12-05 13:31:11,418 [Listener at 127.0.0.1/36451] INFO  server.SCMDatanodeProtocolServer (SCMDatanodeProtocolServer.java:stop(389)) - Stopping the RPC server for DataNodes
2021-12-05 13:31:11,418 [Listener at 127.0.0.1/36451] INFO  ipc.Server (Server.java:stop(3414)) - Stopping server on 39961
2021-12-05 13:31:11,429 [IPC Server listener on 0] INFO  ipc.Server (Server.java:run(1376)) - Stopping IPC Server listener on 0
2021-12-05 13:31:11,429 [IPC Server Responder] INFO  ipc.Server (Server.java:run(1512)) - Stopping IPC Server Responder
2021-12-05 13:31:11,457 [SCM Heartbeat Processing Thread - 0] WARN  node.NodeStateManager (NodeStateManager.java:scheduleNextHealthCheck(799)) - Current Thread is interrupted, shutting down HB processing thread for Node Manager.
2021-12-05 13:31:11,462 [Listener at 127.0.0.1/36451] INFO  server.StorageContainerManager (StorageContainerManager.java:stop(1431)) - Stopping block service RPC server
2021-12-05 13:31:11,462 [Listener at 127.0.0.1/36451] INFO  server.SCMBlockProtocolServer (SCMBlockProtocolServer.java:stop(160)) - Stopping the RPC server for Block Protocol
2021-12-05 13:31:11,462 [Listener at 127.0.0.1/36451] INFO  ipc.Server (Server.java:stop(3414)) - Stopping server on 38115
2021-12-05 13:31:11,470 [Listener at 127.0.0.1/36451] INFO  server.StorageContainerManager (StorageContainerManager.java:stop(1438)) - Stopping the StorageContainerLocationProtocol RPC server
2021-12-05 13:31:11,470 [Listener at 127.0.0.1/36451] INFO  server.SCMClientProtocolServer (SCMClientProtocolServer.java:stop(173)) - Stopping the RPC server for Client Protocol
2021-12-05 13:31:11,470 [Listener at 127.0.0.1/36451] INFO  ipc.Server (Server.java:stop(3414)) - Stopping server on 45391
2021-12-05 13:31:11,471 [IPC Server listener on 0] INFO  ipc.Server (Server.java:run(1376)) - Stopping IPC Server listener on 0
2021-12-05 13:31:11,471 [IPC Server Responder] INFO  ipc.Server (Server.java:run(1512)) - Stopping IPC Server Responder
2021-12-05 13:31:11,481 [IPC Server listener on 0] INFO  ipc.Server (Server.java:run(1376)) - Stopping IPC Server listener on 0
2021-12-05 13:31:11,481 [Listener at 127.0.0.1/36451] INFO  server.StorageContainerManager (StorageContainerManager.java:stop(1445)) - Stopping Storage Container Manager HTTP server.
2021-12-05 13:31:11,482 [Listener at 127.0.0.1/36451] INFO  handler.ContextHandler (ContextHandler.java:doStop(1153)) - Stopped o.e.j.w.WebAppContext@485b39d6{scm,/,null,STOPPED}{file:/home/runner/work/ozone/ozone/hadoop-ozone/integration-test/target/test-classes/webapps/scm}
2021-12-05 13:31:11,482 [IPC Server Responder] INFO  ipc.Server (Server.java:run(1512)) - Stopping IPC Server Responder
2021-12-05 13:31:11,486 [Listener at 127.0.0.1/36451] INFO  server.AbstractConnector (AbstractConnector.java:doStop(381)) - Stopped ServerConnector@7b394771{HTTP/1.1, (http/1.1)}{0.0.0.0:0}
2021-12-05 13:31:11,486 [Listener at 127.0.0.1/36451] INFO  server.session (HouseKeeper.java:stopScavenging(149)) - node0 Stopped scavenging
2021-12-05 13:31:11,486 [Listener at 127.0.0.1/36451] INFO  handler.ContextHandler (ContextHandler.java:doStop(1153)) - Stopped o.e.j.s.ServletContextHandler@790a35fd{static,/static,file:///home/runner/work/ozone/ozone/hadoop-ozone/integration-test/target/test-classes/webapps/static,STOPPED}
2021-12-05 13:31:11,487 [Listener at 127.0.0.1/36451] INFO  handler.ContextHandler (ContextHandler.java:doStop(1153)) - Stopped o.e.j.s.ServletContextHandler@14568116{logs,/logs,file:///home/runner/work/ozone/ozone/hadoop-ozone/integration-test/target/log,STOPPED}
2021-12-05 13:31:11,490 [Listener at 127.0.0.1/36451] INFO  server.StorageContainerManager (StorageContainerManager.java:stop(1456)) - Stopping Block Manager Service.
2021-12-05 13:31:11,490 [Listener at 127.0.0.1/36451] INFO  utils.BackgroundService (BackgroundService.java:shutdown(132)) - Shutting down service SCMBlockDeletingService
2021-12-05 13:31:11,490 [Listener at 127.0.0.1/36451] INFO  utils.BackgroundService (BackgroundService.java:shutdown(132)) - Shutting down service SCMBlockDeletingService
2021-12-05 13:31:11,491 [Listener at 127.0.0.1/36451] INFO  server.StorageContainerManager (StorageContainerManager.java:stop(1483)) - Stopping SCM Event Queue.
2021-12-05 13:31:11,497 [Listener at 127.0.0.1/36451] INFO  server.StorageContainerManager (StorageContainerManager.java:stop(1494)) - Stopping SCM HA services.
2021-12-05 13:31:11,497 [Listener at 127.0.0.1/36451] INFO  pipeline.BackgroundPipelineCreator (BackgroundPipelineCreator.java:stop(158)) - Stopping RatisPipelineUtilsThread.
2021-12-05 13:31:11,497 [Listener at 127.0.0.1/36451] INFO  server.StorageContainerManager (StorageContainerManager.java:stop(1504)) - Stopping SCM MetadataStore.
2021-12-05 13:31:11,498 [Listener at 127.0.0.1/36451] INFO  impl.MetricsSystemImpl (MetricsSystemImpl.java:stop(210)) - Stopping HddsDatanode metrics system...
2021-12-05 13:31:11,499 [prometheus] INFO  impl.MetricsSinkAdapter (MetricsSinkAdapter.java:publishMetricsFromQueue(141)) - prometheus thread interrupted.
2021-12-05 13:31:11,499 [Listener at 127.0.0.1/36451] INFO  impl.MetricsSystemImpl (MetricsSystemImpl.java:stop(216)) - HddsDatanode metrics system stopped.
2021-12-05 13:31:11,638 [Listener at 127.0.0.1/36451] WARN  server.ServerUtils (ServerUtils.java:getScmDbDir(148)) - ozone.scm.db.dirs is not configured. We recommend adding this setting. Falling back to ozone.metadata.dirs instead.
2021-12-05 13:31:11,654 [Listener at 127.0.0.1/36451] INFO  ha.SCMHANodeDetails (SCMHANodeDetails.java:loadSCMHAConfig(157)) - ServiceID for StorageContainerManager is null
2021-12-05 13:31:11,654 [Listener at 127.0.0.1/36451] INFO  ha.SCMHANodeDetails (SCMHANodeDetails.java:loadSCMHAConfig(162)) - ozone.scm.default.service.id is not defined, falling back to ozone.scm.service.ids to find serviceID for StorageContainerManager if it is HA enabled cluster
2021-12-05 13:31:11,655 [Listener at 127.0.0.1/36451] WARN  server.ServerUtils (ServerUtils.java:getScmDbDir(148)) - ozone.scm.db.dirs is not configured. We recommend adding this setting. Falling back to ozone.metadata.dirs instead.
2021-12-05 13:31:11,655 [Listener at 127.0.0.1/36451] INFO  upgrade.AbstractLayoutVersionManager (AbstractLayoutVersionManager.java:init(79)) - Initializing Layout version manager with metadata layout = SCM_HA (version = 2), software layout = SCM_HA (version = 2)
2021-12-05 13:31:11,758 [Listener at 127.0.0.1/36451] INFO  reflections.Reflections (Reflections.java:scan(232)) - Reflections took 102 ms to scan 7 urls, producing 119 keys and 279 values 
2021-12-05 13:31:11,770 [Listener at 127.0.0.1/36451] WARN  utils.HAUtils (HAUtils.java:getMetaDir(342)) - ozone.scm.db.dirs is not configured. We recommend adding this setting. Falling back to ozone.metadata.dirs instead.
2021-12-05 13:31:11,770 [Listener at 127.0.0.1/36451] WARN  db.DBStoreBuilder (DBStoreBuilder.java:applyDBDefinition(145)) - ozone.scm.db.dirs is not configured. We recommend adding this setting. Falling back to ozone.metadata.dirs instead.
2021-12-05 13:31:11,951 [Listener at 127.0.0.1/36451] INFO  net.NodeSchemaLoader (NodeSchemaLoader.java:loadSchemaFromFile(129)) - Loading schema from [jar:file:/home/runner/.m2/repository/org/apache/ozone/hdds-common/1.3.0-SNAPSHOT/hdds-common-1.3.0-SNAPSHOT.jar!/network-topology-default.xml]
2021-12-05 13:31:11,952 [Listener at 127.0.0.1/36451] INFO  net.NodeSchemaLoader (NodeSchemaLoader.java:loadSchema(176)) - Loading network topology layer schema file
2021-12-05 13:31:11,968 [Listener at 127.0.0.1/36451] INFO  ha.SequenceIdGenerator (SequenceIdGenerator.java:upgradeToSequenceId(347)) - upgrade localId to 107544261427200000
2021-12-05 13:31:11,968 [Listener at 127.0.0.1/36451] INFO  ha.SequenceIdGenerator (SequenceIdGenerator.java:upgradeToSequenceId(357)) - upgrade delTxnId to 0
2021-12-05 13:31:11,969 [Listener at 127.0.0.1/36451] INFO  ha.SequenceIdGenerator (SequenceIdGenerator.java:upgradeToSequenceId(371)) - upgrade containerId to 0
2021-12-05 13:31:11,969 [Listener at 127.0.0.1/36451] INFO  ha.SequenceIdGenerator (SequenceIdGenerator.java:<init>(218)) - Init the HA SequenceIdGenerator.
2021-12-05 13:31:11,969 [Listener at 127.0.0.1/36451] WARN  server.ServerUtils (ServerUtils.java:sanitizeUserArgs(73)) - ozone.scm.stale.node.interval value = 300000 is larger than max = 100000 based on the key value of ozone.scm.heartbeat.thread.interval, reset to the max value 100000.
2021-12-05 13:31:11,974 [Listener at 127.0.0.1/36451] WARN  server.ServerUtils (ServerUtils.java:sanitizeUserArgs(73)) - ozone.scm.stale.node.interval value = 300000 is larger than max = 100000 based on the key value of ozone.scm.heartbeat.thread.interval, reset to the max value 100000.
2021-12-05 13:31:11,975 [Listener at 127.0.0.1/36451] INFO  node.SCMNodeManager (SCMNodeManager.java:<init>(144)) - Entering startup safe mode.
2021-12-05 13:31:11,976 [Listener at 127.0.0.1/36451] INFO  algorithms.ContainerPlacementPolicyFactory (ContainerPlacementPolicyFactory.java:getPolicy(60)) - Create container placement policy of type org.apache.hadoop.hdds.scm.container.placement.algorithms.SCMContainerPlacementRandom
2021-12-05 13:31:11,977 [Listener at 127.0.0.1/36451] INFO  pipeline.PipelineStateManagerImpl (PipelineStateManagerImpl.java:initialize(78)) - No pipeline exists in current db
2021-12-05 13:31:11,977 [Listener at 127.0.0.1/36451] INFO  algorithms.LeaderChoosePolicyFactory (LeaderChoosePolicyFactory.java:getPolicy(57)) - Create leader choose policy of type org.apache.hadoop.hdds.scm.pipeline.leader.choose.algorithms.MinLeaderCountChoosePolicy
2021-12-05 13:31:11,978 [Listener at 127.0.0.1/36451] INFO  ha.SCMServiceManager (SCMServiceManager.java:register(43)) - Registering service BackgroundPipelineCreator.
2021-12-05 13:31:11,978 [Listener at 127.0.0.1/36451] INFO  pipeline.BackgroundPipelineCreator (BackgroundPipelineCreator.java:start(130)) - Starting RatisPipelineUtilsThread.
2021-12-05 13:31:11,979 [Listener at 127.0.0.1/36451] INFO  algorithms.PipelineChoosePolicyFactory (PipelineChoosePolicyFactory.java:createPipelineChoosePolicyFromClass(73)) - Create pipeline choose policy of type org.apache.hadoop.hdds.scm.pipeline.choose.algorithms.RandomPipelineChoosePolicy
2021-12-05 13:31:11,980 [Listener at 127.0.0.1/36451] INFO  ha.SCMServiceManager (SCMServiceManager.java:register(43)) - Registering service SCMBlockDeletingService.
2021-12-05 13:31:11,980 [Listener at 127.0.0.1/36451] INFO  ha.SCMServiceManager (SCMServiceManager.java:register(43)) - Registering service ReplicationManager.
2021-12-05 13:31:11,980 [Listener at 127.0.0.1/36451] INFO  container.ReplicationManager (ReplicationManager.java:start(319)) - Starting Replication Monitor Thread.
2021-12-05 13:31:11,986 [Listener at 127.0.0.1/36451] INFO  safemode.ContainerSafeModeRule (ContainerSafeModeRule.java:<init>(89)) - containers with one replica threshold count 0
2021-12-05 13:31:11,986 [Listener at 127.0.0.1/36451] INFO  safemode.HealthyPipelineSafeModeRule (HealthyPipelineSafeModeRule.java:initializeRule(156)) - Total pipeline count is 0, healthy pipeline threshold count is 1
2021-12-05 13:31:11,986 [Listener at 127.0.0.1/36451] INFO  safemode.OneReplicaPipelineSafeModeRule (OneReplicaPipelineSafeModeRule.java:initializeRule(180)) - Total pipeline count is 0, pipeline's with at least one datanode reported threshold count is 0
2021-12-05 13:31:12,002 [ReplicationMonitor] INFO  container.ReplicationManager (ReplicationManager.java:processAll(371)) - Replication Monitor Thread took 0 milliseconds for processing 0 containers.
2021-12-05 13:31:12,004 [Listener at 127.0.0.1/36451] INFO  ipc.CallQueueManager (CallQueueManager.java:<init>(90)) - Using callQueue: class java.util.concurrent.LinkedBlockingQueue, queueCapacity: 2000, scheduler: class org.apache.hadoop.ipc.DefaultRpcScheduler, ipcBackoff: false.
2021-12-05 13:31:12,010 [Socket Reader #1 for port 0] INFO  ipc.Server (Server.java:run(1265)) - Starting Socket Reader #1 for port 0
2021-12-05 13:31:12,011 [Listener at 0.0.0.0/35915] INFO  ipc.CallQueueManager (CallQueueManager.java:<init>(90)) - Using callQueue: class java.util.concurrent.LinkedBlockingQueue, queueCapacity: 2000, scheduler: class org.apache.hadoop.ipc.DefaultRpcScheduler, ipcBackoff: false.
2021-12-05 13:31:12,012 [Socket Reader #1 for port 0] INFO  ipc.Server (Server.java:run(1265)) - Starting Socket Reader #1 for port 0
2021-12-05 13:31:12,012 [Listener at 0.0.0.0/45781] INFO  ipc.CallQueueManager (CallQueueManager.java:<init>(90)) - Using callQueue: class java.util.concurrent.LinkedBlockingQueue, queueCapacity: 2000, scheduler: class org.apache.hadoop.ipc.DefaultRpcScheduler, ipcBackoff: false.
2021-12-05 13:31:12,017 [Socket Reader #1 for port 0] INFO  ipc.Server (Server.java:run(1265)) - Starting Socket Reader #1 for port 0
2021-12-05 13:31:12,052 [Listener at 0.0.0.0/35889] INFO  algorithms.ContainerPlacementPolicyFactory (ContainerPlacementPolicyFactory.java:getPolicy(60)) - Create container placement policy of type org.apache.hadoop.hdds.scm.container.placement.algorithms.SCMContainerPlacementRandom
2021-12-05 13:31:12,053 [Listener at 0.0.0.0/35889] INFO  server.StorageContainerManager (StorageContainerManager.java:<init>(388)) - 
Container Balancer status:
Key                            Value
Running                        false
Container Balancer Configuration values:
Key                                                Value
Threshold                                          0.1
Max Datanodes to Involve per Iteration(ratio)      0.2
Max Size to Move per Iteration                     30GB
Max Size Entering Target per Iteration             1GB
Max Size Leaving Source per Iteration              1GB

2021-12-05 13:31:12,053 [Listener at 0.0.0.0/35889] WARN  events.EventQueue (EventQueue.java:fireEvent(194)) - No event handler registered for event TypedEvent{payloadType=SafeModeStatus, name='Safe mode status'}
2021-12-05 13:31:12,053 [Listener at 0.0.0.0/35889] INFO  ha.SCMContext (SCMContext.java:updateSafeModeStatus(205)) - Update SafeModeStatus from SafeModeStatus{safeModeStatus=true, preCheckPassed=false} to SafeModeStatus{safeModeStatus=true, preCheckPassed=false}.
2021-12-05 13:31:12,053 [Listener at 0.0.0.0/35889] INFO  server.StorageContainerManager (StorageContainerManager.java:start(1303)) - StorageContainerLocationProtocol RPC server is listening at /0.0.0.0:35889
2021-12-05 13:31:12,057 [Listener at 0.0.0.0/35889] WARN  impl.MetricsConfig (MetricsConfig.java:loadFirst(136)) - Cannot locate configuration: tried hadoop-metrics2-storagecontainermanager.properties,hadoop-metrics2.properties
2021-12-05 13:31:12,073 [Listener at 0.0.0.0/35889] INFO  impl.MetricsSystemImpl (MetricsSystemImpl.java:startTimer(378)) - Scheduled Metric snapshot period at 10 second(s).
2021-12-05 13:31:12,073 [Listener at 0.0.0.0/35889] INFO  impl.MetricsSystemImpl (MetricsSystemImpl.java:start(191)) - StorageContainerManager metrics system started
2021-12-05 13:31:12,099 [Listener at 0.0.0.0/35889] INFO  impl.MetricsSinkAdapter (MetricsSinkAdapter.java:start(204)) - Sink prometheus started
2021-12-05 13:31:12,099 [Listener at 0.0.0.0/35889] INFO  impl.MetricsSystemImpl (MetricsSystemImpl.java:registerSink(305)) - Registered sink prometheus
2021-12-05 13:31:12,113 [Listener at 0.0.0.0/35889] INFO  server.SCMClientProtocolServer (SCMClientProtocolServer.java:start(164)) - RPC server for Client  is listening at /0.0.0.0:35889
2021-12-05 13:31:12,114 [IPC Server Responder] INFO  ipc.Server (Server.java:run(1507)) - IPC Server Responder: starting
2021-12-05 13:31:12,125 [Listener at 0.0.0.0/35889] INFO  server.StorageContainerManager (StorageContainerManager.java:start(1318)) - ScmBlockLocationProtocol RPC server is listening at /0.0.0.0:45781
2021-12-05 13:31:12,131 [Listener at 0.0.0.0/35889] INFO  server.SCMBlockProtocolServer (SCMBlockProtocolServer.java:start(151)) - RPC server for Block Protocol is listening at /0.0.0.0:45781
2021-12-05 13:31:12,118 [IPC Server listener on 0] INFO  ipc.Server (Server.java:run(1344)) - IPC Server listener on 0: starting
2021-12-05 13:31:12,143 [IPC Server Responder] INFO  ipc.Server (Server.java:run(1507)) - IPC Server Responder: starting
2021-12-05 13:31:12,148 [IPC Server listener on 0] INFO  ipc.Server (Server.java:run(1344)) - IPC Server listener on 0: starting
2021-12-05 13:31:12,202 [Listener at 0.0.0.0/35889] INFO  server.StorageContainerManager (StorageContainerManager.java:start(1324)) - ScmDatanodeProtocl RPC server is listening at /0.0.0.0:35915
2021-12-05 13:31:12,202 [Listener at 0.0.0.0/35889] INFO  server.SCMDatanodeProtocolServer (SCMDatanodeProtocolServer.java:start(181)) - RPC server for DataNodes is listening at /0.0.0.0:35915
2021-12-05 13:31:12,218 [IPC Server Responder] INFO  ipc.Server (Server.java:run(1507)) - IPC Server Responder: starting
2021-12-05 13:31:12,218 [IPC Server listener on 0] INFO  ipc.Server (Server.java:run(1344)) - IPC Server listener on 0: starting
2021-12-05 13:31:12,221 [Listener at 0.0.0.0/35889] INFO  http.BaseHttpServer (BaseHttpServer.java:newHttpServer2BuilderForOzone(209)) - Starting Web-server for scm at: http://0.0.0.0:0
2021-12-05 13:31:12,222 [Listener at 0.0.0.0/35889] INFO  http.BaseHttpServer (BaseHttpServer.java:<init>(107)) - Hadoop Security Enabled: false Ozone Security Enabled: false Ozone HTTP Security Enabled: false 
2021-12-05 13:31:12,223 [Listener at 0.0.0.0/35889] INFO  server.AuthenticationFilter (AuthenticationFilter.java:constructSecretProvider(240)) - Unable to initialize FileSignerSecretProvider, falling back to use random secrets.
2021-12-05 13:31:12,238 [Listener at 0.0.0.0/35889] WARN  http.HttpRequestLog (HttpRequestLog.java:getRequestLog(103)) - Jetty request log can only be enabled using Log4j
2021-12-05 13:31:12,242 [Listener at 0.0.0.0/35889] INFO  http.HttpServer2 (HttpServer2.java:addGlobalFilter(1030)) - Added global filter 'safety' (class=org.apache.hadoop.hdds.server.http.HttpServer2$QuotingInputFilter)
2021-12-05 13:31:12,245 [Listener at 0.0.0.0/35889] INFO  http.HttpServer2 (HttpServer2.java:addFilter(1006)) - Added filter static_user_filter (class=org.apache.hadoop.http.lib.StaticUserWebFilter$StaticUserFilter) to context scm
2021-12-05 13:31:12,245 [Listener at 0.0.0.0/35889] INFO  http.HttpServer2 (HttpServer2.java:addFilter(1014)) - Added filter static_user_filter (class=org.apache.hadoop.http.lib.StaticUserWebFilter$StaticUserFilter) to context logs
2021-12-05 13:31:12,245 [Listener at 0.0.0.0/35889] INFO  http.HttpServer2 (HttpServer2.java:addFilter(1014)) - Added filter static_user_filter (class=org.apache.hadoop.http.lib.StaticUserWebFilter$StaticUserFilter) to context static
2021-12-05 13:31:12,246 [Listener at 0.0.0.0/35889] INFO  http.HttpServer2 (HttpServer2.java:bindListener(1249)) - Jetty bound to port 36445
2021-12-05 13:31:12,246 [Listener at 0.0.0.0/35889] INFO  server.Server (Server.java:doStart(375)) - jetty-9.4.43.v20210629; built: 2021-06-30T11:07:22.254Z; git: 526006ecfa3af7f1a27ef3a288e2bef7ea9dd7e8; jvm 1.8.0_292-b10
2021-12-05 13:31:12,249 [Listener at 0.0.0.0/35889] INFO  server.session (DefaultSessionIdManager.java:doStart(334)) - DefaultSessionIdManager workerName=node0
2021-12-05 13:31:12,249 [Listener at 0.0.0.0/35889] INFO  server.session (DefaultSessionIdManager.java:doStart(339)) - No SessionScavenger set, using defaults
2021-12-05 13:31:12,249 [Listener at 0.0.0.0/35889] INFO  server.session (HouseKeeper.java:startScavenging(132)) - node0 Scavenging every 600000ms
2021-12-05 13:31:12,250 [Listener at 0.0.0.0/35889] INFO  handler.ContextHandler (ContextHandler.java:doStart(915)) - Started o.e.j.s.ServletContextHandler@55cc01ef{logs,/logs,file:///home/runner/work/ozone/ozone/hadoop-ozone/integration-test/target/log,AVAILABLE}
2021-12-05 13:31:12,250 [Listener at 0.0.0.0/35889] INFO  handler.ContextHandler (ContextHandler.java:doStart(915)) - Started o.e.j.s.ServletContextHandler@3a199b9a{static,/static,file:///home/runner/work/ozone/ozone/hadoop-ozone/integration-test/target/test-classes/webapps/static,AVAILABLE}
2021-12-05 13:31:12,252 [org.apache.hadoop.util.JvmPauseMonitor$Monitor@7d4d32a7] INFO  util.JvmPauseMonitor (JvmPauseMonitor.java:run(188)) - Starting JVM pause monitor
2021-12-05 13:31:12,256 [Listener at 0.0.0.0/35889] INFO  handler.ContextHandler (ContextHandler.java:doStart(915)) - Started o.e.j.w.WebAppContext@4091ccc2{scm,/,file:///home/runner/work/ozone/ozone/hadoop-ozone/integration-test/target/test-classes/webapps/scm/,AVAILABLE}{file:/home/runner/work/ozone/ozone/hadoop-ozone/integration-test/target/test-classes/webapps/scm}
2021-12-05 13:31:12,271 [Listener at 0.0.0.0/35889] INFO  server.AbstractConnector (AbstractConnector.java:doStart(331)) - Started ServerConnector@5f284d00{HTTP/1.1, (http/1.1)}{0.0.0.0:36445}
2021-12-05 13:31:12,271 [Listener at 0.0.0.0/35889] INFO  server.Server (Server.java:doStart(415)) - Started @128307ms
2021-12-05 13:31:12,272 [Listener at 0.0.0.0/35889] WARN  impl.MetricsSystemImpl (MetricsSystemImpl.java:register(279)) - Sink prometheus already exists!
2021-12-05 13:31:12,272 [Listener at 0.0.0.0/35889] INFO  http.BaseHttpServer (BaseHttpServer.java:updateConnectorAddress(329)) - HTTP server of scm listening at http://0.0.0.0:36445
2021-12-05 13:31:12,273 [Listener at 0.0.0.0/35889] WARN  server.ServerUtils (ServerUtils.java:getDBPath(225)) - ozone.om.db.dirs is not configured. We recommend adding this setting. Falling back to ozone.metadata.dirs instead.
2021-12-05 13:31:12,277 [Listener at 0.0.0.0/35889] INFO  ha.OMHANodeDetails (OMHANodeDetails.java:loadOMHAConfig(112)) - ozone.om.internal.service.id is not defined, falling back to ozone.om.service.ids to find serviceID for OzoneManager if it is HA enabled cluster
2021-12-05 13:31:12,278 [Listener at 0.0.0.0/35889] INFO  ha.OMHANodeDetails (OMHANodeDetails.java:loadOMHAConfig(217)) - Configuration does not have ozone.om.address set. Falling back to the default OM address /127.0.0.1:0
2021-12-05 13:31:12,278 [Listener at 0.0.0.0/35889] INFO  ha.OMHANodeDetails (OMHANodeDetails.java:getOMNodeDetailsForNonHA(245)) - OM Service ID is not set. Setting it to the default ID: omServiceIdDefault
2021-12-05 13:31:12,278 [Listener at 0.0.0.0/35889] INFO  ha.OMHANodeDetails (OMHANodeDetails.java:getOMNodeDetailsForNonHA(252)) - OM Node ID is not set. Setting it to the default ID: om1
2021-12-05 13:31:12,278 [Listener at 0.0.0.0/35889] WARN  server.ServerUtils (ServerUtils.java:getDBPath(225)) - ozone.om.db.dirs is not configured. We recommend adding this setting. Falling back to ozone.metadata.dirs instead.
2021-12-05 13:31:12,278 [Listener at 0.0.0.0/35889] INFO  upgrade.AbstractLayoutVersionManager (AbstractLayoutVersionManager.java:init(79)) - Initializing Layout version manager with metadata layout = INITIAL_VERSION (version = 0), software layout = INITIAL_VERSION (version = 0)
2021-12-05 13:31:12,350 [Listener at 0.0.0.0/35889] INFO  reflections.Reflections (Reflections.java:scan(232)) - Reflections took 71 ms to scan 2 urls, producing 132 keys and 344 values [using 2 cores]
2021-12-05 13:31:12,351 [Listener at 0.0.0.0/35889] INFO  upgrade.OMLayoutVersionManager (OMLayoutVersionManager.java:lambda$0(115)) - Skipping Upgrade Action MockOmUpgradeAction since it has been finalized.
2021-12-05 13:31:12,351 [Listener at 0.0.0.0/35889] WARN  server.ServerUtils (ServerUtils.java:getDBPath(225)) - ozone.om.db.dirs is not configured. We recommend adding this setting. Falling back to ozone.metadata.dirs instead.
2021-12-05 13:31:12,397 [Listener at 0.0.0.0/35889] WARN  server.ServerUtils (ServerUtils.java:getDBPath(225)) - ozone.om.db.dirs is not configured. We recommend adding this setting. Falling back to ozone.metadata.dirs instead.
2021-12-05 13:31:12,398 [Listener at 0.0.0.0/35889] INFO  codec.OmKeyInfoCodec (OmKeyInfoCodec.java:<init>(50)) - OmKeyInfoCodec ignorePipeline = true
2021-12-05 13:31:12,398 [Listener at 0.0.0.0/35889] INFO  codec.RepeatedOmKeyInfoCodec (RepeatedOmKeyInfoCodec.java:<init>(42)) - RepeatedOmKeyInfoCodec ignorePipeline = true
2021-12-05 13:31:12,663 [Listener at 0.0.0.0/35889] INFO  om.OzoneManager (OzoneManager.java:addS3GVolumeToDB(3609)) - Created Volume s3v With Owner runner required for S3Gateway operations.
2021-12-05 13:31:12,697 [Listener at 0.0.0.0/35889] INFO  ipc.CallQueueManager (CallQueueManager.java:<init>(90)) - Using callQueue: class java.util.concurrent.LinkedBlockingQueue, queueCapacity: 2000, scheduler: class org.apache.hadoop.ipc.DefaultRpcScheduler, ipcBackoff: false.
2021-12-05 13:31:12,700 [Socket Reader #1 for port 0] INFO  ipc.Server (Server.java:run(1265)) - Starting Socket Reader #1 for port 0
2021-12-05 13:31:12,745 [Listener at 127.0.0.1/41523] INFO  om.OzoneManager (OzoneManager.java:initFSOLayout(3786)) - Configured ozone.om.metadata.layout=SIMPLE and disabled optimized OM FS operations
2021-12-05 13:31:12,750 [Listener at 127.0.0.1/41523] INFO  impl.MetricsSystemImpl (MetricsSystemImpl.java:init(158)) - OzoneManager metrics system started (again)
2021-12-05 13:31:12,771 [Listener at 127.0.0.1/41523] INFO  om.OzoneManager (OzoneManager.java:start(1365)) - OzoneManager RPC server is listening at localhost/127.0.0.1:41523
2021-12-05 13:31:12,771 [Listener at 127.0.0.1/41523] INFO  om.OzoneManager (OzoneManager.java:start(1381)) - Version File has different layout version (0) than OM DB (null). That is expected if this OM has never been finalized to a newer layout version.
2021-12-05 13:31:12,777 [Listener at 127.0.0.1/41523] INFO  http.BaseHttpServer (BaseHttpServer.java:newHttpServer2BuilderForOzone(209)) - Starting Web-server for ozoneManager at: http://0.0.0.0:0
2021-12-05 13:31:12,778 [Listener at 127.0.0.1/41523] INFO  http.BaseHttpServer (BaseHttpServer.java:<init>(107)) - Hadoop Security Enabled: false Ozone Security Enabled: false Ozone HTTP Security Enabled: false 
2021-12-05 13:31:12,779 [Listener at 127.0.0.1/41523] INFO  server.AuthenticationFilter (AuthenticationFilter.java:constructSecretProvider(240)) - Unable to initialize FileSignerSecretProvider, falling back to use random secrets.
2021-12-05 13:31:12,779 [Listener at 127.0.0.1/41523] WARN  http.HttpRequestLog (HttpRequestLog.java:getRequestLog(103)) - Jetty request log can only be enabled using Log4j
2021-12-05 13:31:12,780 [Listener at 127.0.0.1/41523] INFO  http.HttpServer2 (HttpServer2.java:addGlobalFilter(1030)) - Added global filter 'safety' (class=org.apache.hadoop.hdds.server.http.HttpServer2$QuotingInputFilter)
2021-12-05 13:31:12,781 [Listener at 127.0.0.1/41523] INFO  http.HttpServer2 (HttpServer2.java:addFilter(1006)) - Added filter static_user_filter (class=org.apache.hadoop.http.lib.StaticUserWebFilter$StaticUserFilter) to context ozoneManager
2021-12-05 13:31:12,781 [Listener at 127.0.0.1/41523] INFO  http.HttpServer2 (HttpServer2.java:addFilter(1014)) - Added filter static_user_filter (class=org.apache.hadoop.http.lib.StaticUserWebFilter$StaticUserFilter) to context static
2021-12-05 13:31:12,781 [Listener at 127.0.0.1/41523] INFO  http.HttpServer2 (HttpServer2.java:addFilter(1014)) - Added filter static_user_filter (class=org.apache.hadoop.http.lib.StaticUserWebFilter$StaticUserFilter) to context logs
2021-12-05 13:31:12,782 [Listener at 127.0.0.1/41523] INFO  http.HttpServer2 (HttpServer2.java:bindListener(1249)) - Jetty bound to port 46707
2021-12-05 13:31:12,782 [Listener at 127.0.0.1/41523] INFO  server.Server (Server.java:doStart(375)) - jetty-9.4.43.v20210629; built: 2021-06-30T11:07:22.254Z; git: 526006ecfa3af7f1a27ef3a288e2bef7ea9dd7e8; jvm 1.8.0_292-b10
2021-12-05 13:31:12,785 [Listener at 127.0.0.1/41523] INFO  server.session (DefaultSessionIdManager.java:doStart(334)) - DefaultSessionIdManager workerName=node0
2021-12-05 13:31:12,785 [Listener at 127.0.0.1/41523] INFO  server.session (DefaultSessionIdManager.java:doStart(339)) - No SessionScavenger set, using defaults
2021-12-05 13:31:12,785 [Listener at 127.0.0.1/41523] INFO  server.session (HouseKeeper.java:startScavenging(132)) - node0 Scavenging every 600000ms
2021-12-05 13:31:12,786 [Listener at 127.0.0.1/41523] INFO  handler.ContextHandler (ContextHandler.java:doStart(915)) - Started o.e.j.s.ServletContextHandler@a0361cb{logs,/logs,file:///home/runner/work/ozone/ozone/hadoop-ozone/integration-test/target/log,AVAILABLE}
2021-12-05 13:31:12,787 [Listener at 127.0.0.1/41523] INFO  handler.ContextHandler (ContextHandler.java:doStart(915)) - Started o.e.j.s.ServletContextHandler@f95a28{static,/static,file:///home/runner/work/ozone/ozone/hadoop-ozone/integration-test/target/test-classes/webapps/static,AVAILABLE}
2021-12-05 13:31:12,792 [Listener at 127.0.0.1/41523] INFO  handler.ContextHandler (ContextHandler.java:doStart(915)) - Started o.e.j.w.WebAppContext@786d9f87{ozoneManager,/,file:///home/runner/work/ozone/ozone/hadoop-ozone/integration-test/target/test-classes/webapps/ozoneManager/,AVAILABLE}{file:/home/runner/work/ozone/ozone/hadoop-ozone/integration-test/target/test-classes/webapps/ozoneManager}
2021-12-05 13:31:12,805 [Listener at 127.0.0.1/41523] INFO  server.AbstractConnector (AbstractConnector.java:doStart(331)) - Started ServerConnector@2eba393{HTTP/1.1, (http/1.1)}{0.0.0.0:46707}
2021-12-05 13:31:12,805 [Listener at 127.0.0.1/41523] INFO  server.Server (Server.java:doStart(415)) - Started @128841ms
2021-12-05 13:31:12,806 [Listener at 127.0.0.1/41523] WARN  impl.MetricsSystemImpl (MetricsSystemImpl.java:register(279)) - Sink prometheus already exists!
2021-12-05 13:31:12,806 [Listener at 127.0.0.1/41523] INFO  http.BaseHttpServer (BaseHttpServer.java:updateConnectorAddress(329)) - HTTP server of ozoneManager listening at http://0.0.0.0:46707
2021-12-05 13:31:12,807 [IPC Server Responder] INFO  ipc.Server (Server.java:run(1507)) - IPC Server Responder: starting
2021-12-05 13:31:12,807 [IPC Server listener on 0] INFO  ipc.Server (Server.java:run(1344)) - IPC Server listener on 0: starting
2021-12-05 13:31:12,812 [Listener at 127.0.0.1/41523] INFO  om.TrashPolicyOzone (TrashPolicyOzone.java:<init>(178)) - Ozone Manager trash configuration: Deletion interval = 0 minutes, Emptier interval = 0 minutes.
2021-12-05 13:31:12,832 [Listener at 127.0.0.1/41523] INFO  impl.MetricsSystemImpl (MetricsSystemImpl.java:init(158)) - HddsDatanode metrics system started (again)
2021-12-05 13:31:12,842 [org.apache.hadoop.util.JvmPauseMonitor$Monitor@549159ad] INFO  util.JvmPauseMonitor (JvmPauseMonitor.java:run(188)) - Starting JVM pause monitor
2021-12-05 13:31:12,879 [Listener at 127.0.0.1/41523] INFO  ozone.HddsDatanodeService (HddsDatanodeService.java:start(234)) - HddsDatanodeService host:fv-az148-969.bm4ck3pvxvsene1rjriu5fhcdb.bx.internal.cloudapp.net ip:10.1.0.33
2021-12-05 13:31:12,935 [Listener at 127.0.0.1/41523] INFO  upgrade.AbstractLayoutVersionManager (AbstractLayoutVersionManager.java:init(79)) - Initializing Layout version manager with metadata layout = SCM_HA (version = 2), software layout = SCM_HA (version = 2)
2021-12-05 13:31:13,045 [Listener at 127.0.0.1/41523] INFO  reflections.Reflections (Reflections.java:scan(232)) - Reflections took 108 ms to scan 7 urls, producing 119 keys and 279 values 
2021-12-05 13:31:13,050 [Listener at 127.0.0.1/41523] INFO  statemachine.DatanodeStateMachine (DatanodeStateMachine.java:getEndPointTaskThreadPoolSize(219)) - Datanode State Machine Task Thread Pool size 2
2021-12-05 13:31:13,062 [Listener at 127.0.0.1/41523] INFO  volume.HddsVolume (HddsVolume.java:<init>(120)) - Creating HddsVolume: /home/runner/work/ozone/ozone/hadoop-ozone/integration-test/target/test-dir/MiniOzoneClusterImpl-71d26685-9743-4000-9a7d-6ec2d996e1a3/datanode-0/data-0/containers/hdds of storage type : DISK capacity : 9223372036854775807
2021-12-05 13:31:13,063 [Listener at 127.0.0.1/41523] INFO  volume.MutableVolumeSet (MutableVolumeSet.java:initializeVolumeSet(168)) - Added Volume : /home/runner/work/ozone/ozone/hadoop-ozone/integration-test/target/test-dir/MiniOzoneClusterImpl-71d26685-9743-4000-9a7d-6ec2d996e1a3/datanode-0/data-0/containers/hdds to VolumeSet
2021-12-05 13:31:13,063 [Listener at 127.0.0.1/41523] INFO  volume.ThrottledAsyncChecker (ThrottledAsyncChecker.java:schedule(141)) - Scheduling a check for /home/runner/work/ozone/ozone/hadoop-ozone/integration-test/target/test-dir/MiniOzoneClusterImpl-71d26685-9743-4000-9a7d-6ec2d996e1a3/datanode-0/data-0/containers/hdds
2021-12-05 13:31:13,065 [Listener at 127.0.0.1/41523] INFO  volume.StorageVolumeChecker (StorageVolumeChecker.java:checkAllVolumes(202)) - Scheduled health check for volume /home/runner/work/ozone/ozone/hadoop-ozone/integration-test/target/test-dir/MiniOzoneClusterImpl-71d26685-9743-4000-9a7d-6ec2d996e1a3/datanode-0/data-0/containers/hdds
2021-12-05 13:31:13,101 [Listener at 127.0.0.1/41523] INFO  volume.MutableVolumeSet (MutableVolumeSet.java:initializeVolumeSet(168)) - Added Volume : /home/runner/work/ozone/ozone/hadoop-ozone/integration-test/target/test-dir/MiniOzoneClusterImpl-71d26685-9743-4000-9a7d-6ec2d996e1a3/datanode-0/data/ratis to VolumeSet
2021-12-05 13:31:13,101 [Listener at 127.0.0.1/41523] INFO  volume.ThrottledAsyncChecker (ThrottledAsyncChecker.java:schedule(141)) - Scheduling a check for /home/runner/work/ozone/ozone/hadoop-ozone/integration-test/target/test-dir/MiniOzoneClusterImpl-71d26685-9743-4000-9a7d-6ec2d996e1a3/datanode-0/data/ratis
2021-12-05 13:31:13,101 [Listener at 127.0.0.1/41523] INFO  volume.StorageVolumeChecker (StorageVolumeChecker.java:checkAllVolumes(202)) - Scheduled health check for volume /home/runner/work/ozone/ozone/hadoop-ozone/integration-test/target/test-dir/MiniOzoneClusterImpl-71d26685-9743-4000-9a7d-6ec2d996e1a3/datanode-0/data/ratis
2021-12-05 13:31:13,132 [Thread-883] INFO  ozoneimpl.ContainerReader (ContainerReader.java:readVolume(172)) - Finish verifying containers on volume /home/runner/work/ozone/ozone/hadoop-ozone/integration-test/target/test-dir/MiniOzoneClusterImpl-71d26685-9743-4000-9a7d-6ec2d996e1a3/datanode-0/data-0/containers/hdds
2021-12-05 13:31:13,132 [Listener at 127.0.0.1/41523] INFO  ozoneimpl.OzoneContainer (OzoneContainer.java:buildContainerSet(236)) - Build ContainerSet costs 0s
2021-12-05 13:31:13,134 [Listener at 127.0.0.1/41523] INFO  server.RaftServer (ConfUtils.java:logGet(44)) - raft.rpc.type = GRPC (default)
2021-12-05 13:31:13,135 [Listener at 127.0.0.1/41523] INFO  grpc.GrpcFactory (GrpcFactory.java:checkPooledByteBufAllocatorUseCacheForAllThreads(48)) - PERFORMANCE WARNING: useCacheForAllThreads is true that may cause Netty to create a lot garbage objects and, as a result, trigger GC.
	It is recommended to disable useCacheForAllThreads by setting -Dorg.apache.ratis.thirdparty.io.netty.allocator.useCacheForAllThreads=false in command line.
2021-12-05 13:31:13,135 [Listener at 127.0.0.1/41523] INFO  grpc.GrpcConfigKeys (ConfUtils.java:logGet(44)) - raft.grpc.admin.port = 0 (custom)
2021-12-05 13:31:13,135 [Listener at 127.0.0.1/41523] INFO  grpc.GrpcConfigKeys (ConfUtils.java:logGet(44)) - raft.grpc.client.port = 0 (custom)
2021-12-05 13:31:13,135 [Listener at 127.0.0.1/41523] INFO  grpc.GrpcConfigKeys (ConfUtils.java:logGet(44)) - raft.grpc.server.port = 0 (default)
2021-12-05 13:31:13,135 [Listener at 127.0.0.1/41523] INFO  server.GrpcService (ConfUtils.java:logGet(44)) - raft.grpc.message.size.max = 32MB (=33554432) (custom)
2021-12-05 13:31:13,135 [Listener at 127.0.0.1/41523] INFO  server.RaftServerConfigKeys (ConfUtils.java:logGet(44)) - raft.server.log.appender.buffer.byte-limit = 33554432 (custom)
2021-12-05 13:31:13,135 [Listener at 127.0.0.1/41523] INFO  server.GrpcService (ConfUtils.java:logGet(44)) - raft.grpc.flow.control.window = 5MB (=5242880) (custom)
2021-12-05 13:31:13,136 [Listener at 127.0.0.1/41523] INFO  server.RaftServerConfigKeys (ConfUtils.java:logGet(44)) - raft.server.rpc.request.timeout = 60s (custom)
2021-12-05 13:31:13,137 [Listener at 127.0.0.1/41523] INFO  impl.DataStreamServerImpl (ConfUtils.java:logGet(44)) - raft.datastream.type = DISABLED (default)
2021-12-05 13:31:13,137 [Listener at 127.0.0.1/41523] INFO  server.RaftServerConfigKeys (ConfUtils.java:logGet(44)) - raft.server.rpc.slowness.timeout = 300s (custom)
2021-12-05 13:31:13,137 [Listener at 127.0.0.1/41523] INFO  server.RaftServerConfigKeys (ConfUtils.java:logGet(44)) - raft.server.leaderelection.leader.step-down.wait-time = 10s (default)
2021-12-05 13:31:13,146 [Listener at 127.0.0.1/41523] INFO  server.RaftServerConfigKeys (ConfUtils.java:logGet(44)) - raft.server.storage.dir = [/home/runner/work/ozone/ozone/hadoop-ozone/integration-test/target/test-dir/MiniOzoneClusterImpl-71d26685-9743-4000-9a7d-6ec2d996e1a3/datanode-0/data/ratis] (custom)
2021-12-05 13:31:13,157 [Listener at 127.0.0.1/41523] INFO  server.XceiverServerGrpc (XceiverServerGrpc.java:<init>(132)) - GrpcServer channel type EpollServerSocketChannel
2021-12-05 13:31:13,160 [Listener at 127.0.0.1/41523] INFO  http.BaseHttpServer (BaseHttpServer.java:newHttpServer2BuilderForOzone(209)) - Starting Web-server for hddsDatanode at: http://0.0.0.0:0
2021-12-05 13:31:13,160 [Listener at 127.0.0.1/41523] INFO  http.BaseHttpServer (BaseHttpServer.java:<init>(107)) - Hadoop Security Enabled: false Ozone Security Enabled: false Ozone HTTP Security Enabled: false 
2021-12-05 13:31:13,161 [Listener at 127.0.0.1/41523] INFO  server.AuthenticationFilter (AuthenticationFilter.java:constructSecretProvider(240)) - Unable to initialize FileSignerSecretProvider, falling back to use random secrets.
2021-12-05 13:31:13,165 [Listener at 127.0.0.1/41523] WARN  http.HttpRequestLog (HttpRequestLog.java:getRequestLog(103)) - Jetty request log can only be enabled using Log4j
2021-12-05 13:31:13,167 [Listener at 127.0.0.1/41523] INFO  http.HttpServer2 (HttpServer2.java:addGlobalFilter(1030)) - Added global filter 'safety' (class=org.apache.hadoop.hdds.server.http.HttpServer2$QuotingInputFilter)
2021-12-05 13:31:13,167 [Listener at 127.0.0.1/41523] INFO  http.HttpServer2 (HttpServer2.java:addFilter(1006)) - Added filter static_user_filter (class=org.apache.hadoop.http.lib.StaticUserWebFilter$StaticUserFilter) to context hddsDatanode
2021-12-05 13:31:13,167 [Listener at 127.0.0.1/41523] INFO  http.HttpServer2 (HttpServer2.java:addFilter(1014)) - Added filter static_user_filter (class=org.apache.hadoop.http.lib.StaticUserWebFilter$StaticUserFilter) to context static
2021-12-05 13:31:13,167 [Listener at 127.0.0.1/41523] INFO  http.HttpServer2 (HttpServer2.java:addFilter(1014)) - Added filter static_user_filter (class=org.apache.hadoop.http.lib.StaticUserWebFilter$StaticUserFilter) to context logs
2021-12-05 13:31:13,168 [Listener at 127.0.0.1/41523] INFO  http.HttpServer2 (HttpServer2.java:bindListener(1249)) - Jetty bound to port 39405
2021-12-05 13:31:13,168 [Listener at 127.0.0.1/41523] INFO  server.Server (Server.java:doStart(375)) - jetty-9.4.43.v20210629; built: 2021-06-30T11:07:22.254Z; git: 526006ecfa3af7f1a27ef3a288e2bef7ea9dd7e8; jvm 1.8.0_292-b10
2021-12-05 13:31:13,171 [Listener at 127.0.0.1/41523] INFO  server.session (DefaultSessionIdManager.java:doStart(334)) - DefaultSessionIdManager workerName=node0
2021-12-05 13:31:13,171 [Listener at 127.0.0.1/41523] INFO  server.session (DefaultSessionIdManager.java:doStart(339)) - No SessionScavenger set, using defaults
2021-12-05 13:31:13,172 [Listener at 127.0.0.1/41523] INFO  server.session (HouseKeeper.java:startScavenging(132)) - node0 Scavenging every 660000ms
2021-12-05 13:31:13,179 [Listener at 127.0.0.1/41523] INFO  handler.ContextHandler (ContextHandler.java:doStart(915)) - Started o.e.j.s.ServletContextHandler@4e794f68{logs,/logs,file:///home/runner/work/ozone/ozone/hadoop-ozone/integration-test/target/log,AVAILABLE}
2021-12-05 13:31:13,179 [Listener at 127.0.0.1/41523] INFO  handler.ContextHandler (ContextHandler.java:doStart(915)) - Started o.e.j.s.ServletContextHandler@3bcf94ef{static,/static,jar:file:/home/runner/.m2/repository/org/apache/ozone/hdds-container-service/1.3.0-SNAPSHOT/hdds-container-service-1.3.0-SNAPSHOT.jar!/webapps/static,AVAILABLE}
2021-12-05 13:31:13,239 [Listener at 127.0.0.1/41523] INFO  handler.ContextHandler (ContextHandler.java:doStart(915)) - Started o.e.j.w.WebAppContext@3fecb459{hddsDatanode,/,file:///tmp/jetty-0_0_0_0-39405-hdds-container-service-1_3_0-SNAPSHOT_jar-_-any-8920853008076042746/webapp/,AVAILABLE}{jar:file:/home/runner/.m2/repository/org/apache/ozone/hdds-container-service/1.3.0-SNAPSHOT/hdds-container-service-1.3.0-SNAPSHOT.jar!/webapps/hddsDatanode}
2021-12-05 13:31:13,253 [Listener at 127.0.0.1/41523] INFO  server.AbstractConnector (AbstractConnector.java:doStart(331)) - Started ServerConnector@32babb12{HTTP/1.1, (http/1.1)}{0.0.0.0:39405}
2021-12-05 13:31:13,253 [Listener at 127.0.0.1/41523] INFO  server.Server (Server.java:doStart(415)) - Started @129289ms
2021-12-05 13:31:13,254 [Listener at 127.0.0.1/41523] WARN  impl.MetricsSystemImpl (MetricsSystemImpl.java:register(279)) - Sink prometheus already exists!
2021-12-05 13:31:13,254 [Listener at 127.0.0.1/41523] INFO  http.BaseHttpServer (BaseHttpServer.java:updateConnectorAddress(329)) - HTTP server of hddsDatanode listening at http://0.0.0.0:39405
2021-12-05 13:31:13,255 [Listener at 127.0.0.1/41523] INFO  impl.MetricsSystemImpl (MetricsSystemImpl.java:init(158)) - HddsDatanode metrics system started (again)
2021-12-05 13:31:13,258 [Datanode State Machine Daemon Thread] INFO  statemachine.DatanodeStateMachine (DatanodeStateMachine.java:lambda$startDaemon$0(467)) - Ozone container server started.
2021-12-05 13:31:13,284 [Listener at 127.0.0.1/41523] INFO  ozone.HddsDatanodeService (HddsDatanodeService.java:start(234)) - HddsDatanodeService host:fv-az148-969.bm4ck3pvxvsene1rjriu5fhcdb.bx.internal.cloudapp.net ip:10.1.0.33
2021-12-05 13:31:13,314 [org.apache.hadoop.util.JvmPauseMonitor$Monitor@6d9edbba] INFO  util.JvmPauseMonitor (JvmPauseMonitor.java:run(188)) - Starting JVM pause monitor
2021-12-05 13:31:13,317 [Datanode State Machine Task Thread - 0] INFO  datanode.InitDatanodeState (InitDatanodeState.java:persistContainerDatanodeDetails(145)) - DatanodeDetails is persisted to /home/runner/work/ozone/ozone/hadoop-ozone/integration-test/target/test-dir/MiniOzoneClusterImpl-71d26685-9743-4000-9a7d-6ec2d996e1a3/datanode-0/meta/datanode.id
2021-12-05 13:31:13,324 [Listener at 127.0.0.1/41523] INFO  upgrade.AbstractLayoutVersionManager (AbstractLayoutVersionManager.java:init(79)) - Initializing Layout version manager with metadata layout = SCM_HA (version = 2), software layout = SCM_HA (version = 2)
2021-12-05 13:31:13,388 [Listener at 127.0.0.1/41523] INFO  reflections.Reflections (Reflections.java:scan(232)) - Reflections took 63 ms to scan 7 urls, producing 119 keys and 279 values 
2021-12-05 13:31:13,389 [Listener at 127.0.0.1/41523] INFO  statemachine.DatanodeStateMachine (DatanodeStateMachine.java:getEndPointTaskThreadPoolSize(219)) - Datanode State Machine Task Thread Pool size 2
2021-12-05 13:31:13,397 [Listener at 127.0.0.1/41523] INFO  volume.HddsVolume (HddsVolume.java:<init>(120)) - Creating HddsVolume: /home/runner/work/ozone/ozone/hadoop-ozone/integration-test/target/test-dir/MiniOzoneClusterImpl-71d26685-9743-4000-9a7d-6ec2d996e1a3/datanode-1/data-0/containers/hdds of storage type : DISK capacity : 9223372036854775807
2021-12-05 13:31:13,397 [Listener at 127.0.0.1/41523] INFO  volume.MutableVolumeSet (MutableVolumeSet.java:initializeVolumeSet(168)) - Added Volume : /home/runner/work/ozone/ozone/hadoop-ozone/integration-test/target/test-dir/MiniOzoneClusterImpl-71d26685-9743-4000-9a7d-6ec2d996e1a3/datanode-1/data-0/containers/hdds to VolumeSet
2021-12-05 13:31:13,398 [Listener at 127.0.0.1/41523] INFO  volume.ThrottledAsyncChecker (ThrottledAsyncChecker.java:schedule(141)) - Scheduling a check for /home/runner/work/ozone/ozone/hadoop-ozone/integration-test/target/test-dir/MiniOzoneClusterImpl-71d26685-9743-4000-9a7d-6ec2d996e1a3/datanode-1/data-0/containers/hdds
2021-12-05 13:31:13,399 [Listener at 127.0.0.1/41523] INFO  volume.StorageVolumeChecker (StorageVolumeChecker.java:checkAllVolumes(202)) - Scheduled health check for volume /home/runner/work/ozone/ozone/hadoop-ozone/integration-test/target/test-dir/MiniOzoneClusterImpl-71d26685-9743-4000-9a7d-6ec2d996e1a3/datanode-1/data-0/containers/hdds
2021-12-05 13:31:13,422 [Listener at 127.0.0.1/41523] INFO  volume.MutableVolumeSet (MutableVolumeSet.java:initializeVolumeSet(168)) - Added Volume : /home/runner/work/ozone/ozone/hadoop-ozone/integration-test/target/test-dir/MiniOzoneClusterImpl-71d26685-9743-4000-9a7d-6ec2d996e1a3/datanode-1/data/ratis to VolumeSet
2021-12-05 13:31:13,422 [Listener at 127.0.0.1/41523] INFO  volume.ThrottledAsyncChecker (ThrottledAsyncChecker.java:schedule(141)) - Scheduling a check for /home/runner/work/ozone/ozone/hadoop-ozone/integration-test/target/test-dir/MiniOzoneClusterImpl-71d26685-9743-4000-9a7d-6ec2d996e1a3/datanode-1/data/ratis
2021-12-05 13:31:13,423 [Listener at 127.0.0.1/41523] INFO  volume.StorageVolumeChecker (StorageVolumeChecker.java:checkAllVolumes(202)) - Scheduled health check for volume /home/runner/work/ozone/ozone/hadoop-ozone/integration-test/target/test-dir/MiniOzoneClusterImpl-71d26685-9743-4000-9a7d-6ec2d996e1a3/datanode-1/data/ratis
2021-12-05 13:31:13,443 [Thread-895] INFO  ozoneimpl.ContainerReader (ContainerReader.java:readVolume(172)) - Finish verifying containers on volume /home/runner/work/ozone/ozone/hadoop-ozone/integration-test/target/test-dir/MiniOzoneClusterImpl-71d26685-9743-4000-9a7d-6ec2d996e1a3/datanode-1/data-0/containers/hdds
2021-12-05 13:31:13,444 [Listener at 127.0.0.1/41523] INFO  ozoneimpl.OzoneContainer (OzoneContainer.java:buildContainerSet(236)) - Build ContainerSet costs 0s
2021-12-05 13:31:13,448 [Listener at 127.0.0.1/41523] INFO  server.RaftServer (ConfUtils.java:logGet(44)) - raft.rpc.type = GRPC (default)
2021-12-05 13:31:13,448 [Listener at 127.0.0.1/41523] INFO  grpc.GrpcFactory (GrpcFactory.java:checkPooledByteBufAllocatorUseCacheForAllThreads(48)) - PERFORMANCE WARNING: useCacheForAllThreads is true that may cause Netty to create a lot garbage objects and, as a result, trigger GC.
	It is recommended to disable useCacheForAllThreads by setting -Dorg.apache.ratis.thirdparty.io.netty.allocator.useCacheForAllThreads=false in command line.
2021-12-05 13:31:13,448 [Listener at 127.0.0.1/41523] INFO  grpc.GrpcConfigKeys (ConfUtils.java:logGet(44)) - raft.grpc.admin.port = 0 (custom)
2021-12-05 13:31:13,448 [Listener at 127.0.0.1/41523] INFO  grpc.GrpcConfigKeys (ConfUtils.java:logGet(44)) - raft.grpc.client.port = 0 (custom)
2021-12-05 13:31:13,449 [Listener at 127.0.0.1/41523] INFO  grpc.GrpcConfigKeys (ConfUtils.java:logGet(44)) - raft.grpc.server.port = 0 (default)
2021-12-05 13:31:13,449 [Listener at 127.0.0.1/41523] INFO  server.GrpcService (ConfUtils.java:logGet(44)) - raft.grpc.message.size.max = 32MB (=33554432) (custom)
2021-12-05 13:31:13,449 [Listener at 127.0.0.1/41523] INFO  server.RaftServerConfigKeys (ConfUtils.java:logGet(44)) - raft.server.log.appender.buffer.byte-limit = 33554432 (custom)
2021-12-05 13:31:13,449 [Listener at 127.0.0.1/41523] INFO  server.GrpcService (ConfUtils.java:logGet(44)) - raft.grpc.flow.control.window = 5MB (=5242880) (custom)
2021-12-05 13:31:13,449 [Listener at 127.0.0.1/41523] INFO  server.RaftServerConfigKeys (ConfUtils.java:logGet(44)) - raft.server.rpc.request.timeout = 60s (custom)
2021-12-05 13:31:13,450 [Listener at 127.0.0.1/41523] INFO  impl.DataStreamServerImpl (ConfUtils.java:logGet(44)) - raft.datastream.type = DISABLED (default)
2021-12-05 13:31:13,450 [Listener at 127.0.0.1/41523] INFO  server.RaftServerConfigKeys (ConfUtils.java:logGet(44)) - raft.server.rpc.slowness.timeout = 300s (custom)
2021-12-05 13:31:13,451 [Listener at 127.0.0.1/41523] INFO  server.RaftServerConfigKeys (ConfUtils.java:logGet(44)) - raft.server.leaderelection.leader.step-down.wait-time = 10s (default)
2021-12-05 13:31:13,451 [Listener at 127.0.0.1/41523] INFO  server.RaftServerConfigKeys (ConfUtils.java:logGet(44)) - raft.server.storage.dir = [/home/runner/work/ozone/ozone/hadoop-ozone/integration-test/target/test-dir/MiniOzoneClusterImpl-71d26685-9743-4000-9a7d-6ec2d996e1a3/datanode-1/data/ratis] (custom)
2021-12-05 13:31:13,455 [Listener at 127.0.0.1/41523] INFO  server.XceiverServerGrpc (XceiverServerGrpc.java:<init>(132)) - GrpcServer channel type EpollServerSocketChannel
2021-12-05 13:31:13,458 [Listener at 127.0.0.1/41523] INFO  http.BaseHttpServer (BaseHttpServer.java:newHttpServer2BuilderForOzone(209)) - Starting Web-server for hddsDatanode at: http://0.0.0.0:0
2021-12-05 13:31:13,458 [Listener at 127.0.0.1/41523] INFO  http.BaseHttpServer (BaseHttpServer.java:<init>(107)) - Hadoop Security Enabled: false Ozone Security Enabled: false Ozone HTTP Security Enabled: false 
2021-12-05 13:31:13,459 [Listener at 127.0.0.1/41523] INFO  server.AuthenticationFilter (AuthenticationFilter.java:constructSecretProvider(240)) - Unable to initialize FileSignerSecretProvider, falling back to use random secrets.
2021-12-05 13:31:13,467 [Listener at 127.0.0.1/41523] WARN  http.HttpRequestLog (HttpRequestLog.java:getRequestLog(103)) - Jetty request log can only be enabled using Log4j
2021-12-05 13:31:13,468 [Listener at 127.0.0.1/41523] INFO  http.HttpServer2 (HttpServer2.java:addGlobalFilter(1030)) - Added global filter 'safety' (class=org.apache.hadoop.hdds.server.http.HttpServer2$QuotingInputFilter)
2021-12-05 13:31:13,468 [Listener at 127.0.0.1/41523] INFO  http.HttpServer2 (HttpServer2.java:addFilter(1006)) - Added filter static_user_filter (class=org.apache.hadoop.http.lib.StaticUserWebFilter$StaticUserFilter) to context hddsDatanode
2021-12-05 13:31:13,468 [Listener at 127.0.0.1/41523] INFO  http.HttpServer2 (HttpServer2.java:addFilter(1014)) - Added filter static_user_filter (class=org.apache.hadoop.http.lib.StaticUserWebFilter$StaticUserFilter) to context logs
2021-12-05 13:31:13,468 [Listener at 127.0.0.1/41523] INFO  http.HttpServer2 (HttpServer2.java:addFilter(1014)) - Added filter static_user_filter (class=org.apache.hadoop.http.lib.StaticUserWebFilter$StaticUserFilter) to context static
2021-12-05 13:31:13,469 [Listener at 127.0.0.1/41523] INFO  http.HttpServer2 (HttpServer2.java:bindListener(1249)) - Jetty bound to port 36543
2021-12-05 13:31:13,469 [Listener at 127.0.0.1/41523] INFO  server.Server (Server.java:doStart(375)) - jetty-9.4.43.v20210629; built: 2021-06-30T11:07:22.254Z; git: 526006ecfa3af7f1a27ef3a288e2bef7ea9dd7e8; jvm 1.8.0_292-b10
2021-12-05 13:31:13,471 [Listener at 127.0.0.1/41523] INFO  server.session (DefaultSessionIdManager.java:doStart(334)) - DefaultSessionIdManager workerName=node0
2021-12-05 13:31:13,471 [Listener at 127.0.0.1/41523] INFO  server.session (DefaultSessionIdManager.java:doStart(339)) - No SessionScavenger set, using defaults
2021-12-05 13:31:13,471 [Listener at 127.0.0.1/41523] INFO  server.session (HouseKeeper.java:startScavenging(132)) - node0 Scavenging every 600000ms
2021-12-05 13:31:13,472 [Listener at 127.0.0.1/41523] INFO  handler.ContextHandler (ContextHandler.java:doStart(915)) - Started o.e.j.s.ServletContextHandler@56c70faf{logs,/logs,file:///home/runner/work/ozone/ozone/hadoop-ozone/integration-test/target/log,AVAILABLE}
2021-12-05 13:31:13,472 [Listener at 127.0.0.1/41523] INFO  handler.ContextHandler (ContextHandler.java:doStart(915)) - Started o.e.j.s.ServletContextHandler@3d452ced{static,/static,jar:file:/home/runner/.m2/repository/org/apache/ozone/hdds-container-service/1.3.0-SNAPSHOT/hdds-container-service-1.3.0-SNAPSHOT.jar!/webapps/static,AVAILABLE}
2021-12-05 13:31:13,527 [Listener at 127.0.0.1/41523] INFO  handler.ContextHandler (ContextHandler.java:doStart(915)) - Started o.e.j.w.WebAppContext@4ae97cd5{hddsDatanode,/,file:///tmp/jetty-0_0_0_0-36543-hdds-container-service-1_3_0-SNAPSHOT_jar-_-any-2530922657615084755/webapp/,AVAILABLE}{jar:file:/home/runner/.m2/repository/org/apache/ozone/hdds-container-service/1.3.0-SNAPSHOT/hdds-container-service-1.3.0-SNAPSHOT.jar!/webapps/hddsDatanode}
2021-12-05 13:31:13,536 [Listener at 127.0.0.1/41523] INFO  server.AbstractConnector (AbstractConnector.java:doStart(331)) - Started ServerConnector@90a7b6b{HTTP/1.1, (http/1.1)}{0.0.0.0:36543}
2021-12-05 13:31:13,543 [Listener at 127.0.0.1/41523] INFO  server.Server (Server.java:doStart(415)) - Started @129578ms
2021-12-05 13:31:13,543 [Listener at 127.0.0.1/41523] WARN  impl.MetricsSystemImpl (MetricsSystemImpl.java:register(279)) - Sink prometheus already exists!
2021-12-05 13:31:13,543 [Listener at 127.0.0.1/41523] INFO  http.BaseHttpServer (BaseHttpServer.java:updateConnectorAddress(329)) - HTTP server of hddsDatanode listening at http://0.0.0.0:36543
2021-12-05 13:31:13,546 [Listener at 127.0.0.1/41523] INFO  impl.MetricsSystemImpl (MetricsSystemImpl.java:init(158)) - HddsDatanode metrics system started (again)
2021-12-05 13:31:13,554 [Datanode State Machine Daemon Thread] INFO  statemachine.DatanodeStateMachine (DatanodeStateMachine.java:lambda$startDaemon$0(467)) - Ozone container server started.
2021-12-05 13:31:13,572 [Listener at 127.0.0.1/41523] INFO  ozone.HddsDatanodeService (HddsDatanodeService.java:start(234)) - HddsDatanodeService host:fv-az148-969.bm4ck3pvxvsene1rjriu5fhcdb.bx.internal.cloudapp.net ip:10.1.0.33
2021-12-05 13:31:13,626 [Listener at 127.0.0.1/41523] INFO  upgrade.AbstractLayoutVersionManager (AbstractLayoutVersionManager.java:init(79)) - Initializing Layout version manager with metadata layout = SCM_HA (version = 2), software layout = SCM_HA (version = 2)
2021-12-05 13:31:13,635 [org.apache.hadoop.util.JvmPauseMonitor$Monitor@28c36e92] INFO  util.JvmPauseMonitor (JvmPauseMonitor.java:run(188)) - Starting JVM pause monitor
2021-12-05 13:31:13,652 [Datanode State Machine Task Thread - 0] INFO  datanode.InitDatanodeState (InitDatanodeState.java:persistContainerDatanodeDetails(145)) - DatanodeDetails is persisted to /home/runner/work/ozone/ozone/hadoop-ozone/integration-test/target/test-dir/MiniOzoneClusterImpl-71d26685-9743-4000-9a7d-6ec2d996e1a3/datanode-1/meta/datanode.id
2021-12-05 13:31:13,687 [Listener at 127.0.0.1/41523] INFO  reflections.Reflections (Reflections.java:scan(232)) - Reflections took 60 ms to scan 7 urls, producing 119 keys and 279 values 
2021-12-05 13:31:13,688 [Listener at 127.0.0.1/41523] INFO  statemachine.DatanodeStateMachine (DatanodeStateMachine.java:getEndPointTaskThreadPoolSize(219)) - Datanode State Machine Task Thread Pool size 2
2021-12-05 13:31:13,690 [Listener at 127.0.0.1/41523] INFO  volume.HddsVolume (HddsVolume.java:<init>(120)) - Creating HddsVolume: /home/runner/work/ozone/ozone/hadoop-ozone/integration-test/target/test-dir/MiniOzoneClusterImpl-71d26685-9743-4000-9a7d-6ec2d996e1a3/datanode-2/data-0/containers/hdds of storage type : DISK capacity : 9223372036854775807
2021-12-05 13:31:13,690 [Listener at 127.0.0.1/41523] INFO  volume.MutableVolumeSet (MutableVolumeSet.java:initializeVolumeSet(168)) - Added Volume : /home/runner/work/ozone/ozone/hadoop-ozone/integration-test/target/test-dir/MiniOzoneClusterImpl-71d26685-9743-4000-9a7d-6ec2d996e1a3/datanode-2/data-0/containers/hdds to VolumeSet
2021-12-05 13:31:13,690 [Listener at 127.0.0.1/41523] INFO  volume.ThrottledAsyncChecker (ThrottledAsyncChecker.java:schedule(141)) - Scheduling a check for /home/runner/work/ozone/ozone/hadoop-ozone/integration-test/target/test-dir/MiniOzoneClusterImpl-71d26685-9743-4000-9a7d-6ec2d996e1a3/datanode-2/data-0/containers/hdds
2021-12-05 13:31:13,691 [Listener at 127.0.0.1/41523] INFO  volume.StorageVolumeChecker (StorageVolumeChecker.java:checkAllVolumes(202)) - Scheduled health check for volume /home/runner/work/ozone/ozone/hadoop-ozone/integration-test/target/test-dir/MiniOzoneClusterImpl-71d26685-9743-4000-9a7d-6ec2d996e1a3/datanode-2/data-0/containers/hdds
2021-12-05 13:31:13,719 [Listener at 127.0.0.1/41523] INFO  volume.MutableVolumeSet (MutableVolumeSet.java:initializeVolumeSet(168)) - Added Volume : /home/runner/work/ozone/ozone/hadoop-ozone/integration-test/target/test-dir/MiniOzoneClusterImpl-71d26685-9743-4000-9a7d-6ec2d996e1a3/datanode-2/data/ratis to VolumeSet
2021-12-05 13:31:13,719 [Listener at 127.0.0.1/41523] INFO  volume.ThrottledAsyncChecker (ThrottledAsyncChecker.java:schedule(141)) - Scheduling a check for /home/runner/work/ozone/ozone/hadoop-ozone/integration-test/target/test-dir/MiniOzoneClusterImpl-71d26685-9743-4000-9a7d-6ec2d996e1a3/datanode-2/data/ratis
2021-12-05 13:31:13,721 [Listener at 127.0.0.1/41523] INFO  volume.StorageVolumeChecker (StorageVolumeChecker.java:checkAllVolumes(202)) - Scheduled health check for volume /home/runner/work/ozone/ozone/hadoop-ozone/integration-test/target/test-dir/MiniOzoneClusterImpl-71d26685-9743-4000-9a7d-6ec2d996e1a3/datanode-2/data/ratis
2021-12-05 13:31:13,752 [Thread-907] INFO  ozoneimpl.ContainerReader (ContainerReader.java:readVolume(172)) - Finish verifying containers on volume /home/runner/work/ozone/ozone/hadoop-ozone/integration-test/target/test-dir/MiniOzoneClusterImpl-71d26685-9743-4000-9a7d-6ec2d996e1a3/datanode-2/data-0/containers/hdds
2021-12-05 13:31:13,752 [Listener at 127.0.0.1/41523] INFO  ozoneimpl.OzoneContainer (OzoneContainer.java:buildContainerSet(236)) - Build ContainerSet costs 0s
2021-12-05 13:31:13,754 [Listener at 127.0.0.1/41523] INFO  server.RaftServer (ConfUtils.java:logGet(44)) - raft.rpc.type = GRPC (default)
2021-12-05 13:31:13,762 [Listener at 127.0.0.1/41523] INFO  grpc.GrpcFactory (GrpcFactory.java:checkPooledByteBufAllocatorUseCacheForAllThreads(48)) - PERFORMANCE WARNING: useCacheForAllThreads is true that may cause Netty to create a lot garbage objects and, as a result, trigger GC.
	It is recommended to disable useCacheForAllThreads by setting -Dorg.apache.ratis.thirdparty.io.netty.allocator.useCacheForAllThreads=false in command line.
2021-12-05 13:31:13,762 [Listener at 127.0.0.1/41523] INFO  grpc.GrpcConfigKeys (ConfUtils.java:logGet(44)) - raft.grpc.admin.port = 0 (custom)
2021-12-05 13:31:13,762 [Listener at 127.0.0.1/41523] INFO  grpc.GrpcConfigKeys (ConfUtils.java:logGet(44)) - raft.grpc.client.port = 0 (custom)
2021-12-05 13:31:13,762 [Listener at 127.0.0.1/41523] INFO  grpc.GrpcConfigKeys (ConfUtils.java:logGet(44)) - raft.grpc.server.port = 0 (default)
2021-12-05 13:31:13,763 [Listener at 127.0.0.1/41523] INFO  server.GrpcService (ConfUtils.java:logGet(44)) - raft.grpc.message.size.max = 32MB (=33554432) (custom)
2021-12-05 13:31:13,763 [Listener at 127.0.0.1/41523] INFO  server.RaftServerConfigKeys (ConfUtils.java:logGet(44)) - raft.server.log.appender.buffer.byte-limit = 33554432 (custom)
2021-12-05 13:31:13,763 [Listener at 127.0.0.1/41523] INFO  server.GrpcService (ConfUtils.java:logGet(44)) - raft.grpc.flow.control.window = 5MB (=5242880) (custom)
2021-12-05 13:31:13,763 [Listener at 127.0.0.1/41523] INFO  server.RaftServerConfigKeys (ConfUtils.java:logGet(44)) - raft.server.rpc.request.timeout = 60s (custom)
2021-12-05 13:31:13,764 [Listener at 127.0.0.1/41523] INFO  impl.DataStreamServerImpl (ConfUtils.java:logGet(44)) - raft.datastream.type = DISABLED (default)
2021-12-05 13:31:13,764 [Listener at 127.0.0.1/41523] INFO  server.RaftServerConfigKeys (ConfUtils.java:logGet(44)) - raft.server.rpc.slowness.timeout = 300s (custom)
2021-12-05 13:31:13,764 [Listener at 127.0.0.1/41523] INFO  server.RaftServerConfigKeys (ConfUtils.java:logGet(44)) - raft.server.leaderelection.leader.step-down.wait-time = 10s (default)
2021-12-05 13:31:13,764 [Listener at 127.0.0.1/41523] INFO  server.RaftServerConfigKeys (ConfUtils.java:logGet(44)) - raft.server.storage.dir = [/home/runner/work/ozone/ozone/hadoop-ozone/integration-test/target/test-dir/MiniOzoneClusterImpl-71d26685-9743-4000-9a7d-6ec2d996e1a3/datanode-2/data/ratis] (custom)
2021-12-05 13:31:13,765 [Listener at 127.0.0.1/41523] INFO  server.XceiverServerGrpc (XceiverServerGrpc.java:<init>(132)) - GrpcServer channel type EpollServerSocketChannel
2021-12-05 13:31:13,783 [Listener at 127.0.0.1/41523] INFO  http.BaseHttpServer (BaseHttpServer.java:newHttpServer2BuilderForOzone(209)) - Starting Web-server for hddsDatanode at: http://0.0.0.0:0
2021-12-05 13:31:13,783 [Listener at 127.0.0.1/41523] INFO  http.BaseHttpServer (BaseHttpServer.java:<init>(107)) - Hadoop Security Enabled: false Ozone Security Enabled: false Ozone HTTP Security Enabled: false 
2021-12-05 13:31:13,784 [Listener at 127.0.0.1/41523] INFO  server.AuthenticationFilter (AuthenticationFilter.java:constructSecretProvider(240)) - Unable to initialize FileSignerSecretProvider, falling back to use random secrets.
2021-12-05 13:31:13,795 [Listener at 127.0.0.1/41523] WARN  http.HttpRequestLog (HttpRequestLog.java:getRequestLog(103)) - Jetty request log can only be enabled using Log4j
2021-12-05 13:31:13,796 [Listener at 127.0.0.1/41523] INFO  http.HttpServer2 (HttpServer2.java:addGlobalFilter(1030)) - Added global filter 'safety' (class=org.apache.hadoop.hdds.server.http.HttpServer2$QuotingInputFilter)
2021-12-05 13:31:13,796 [Listener at 127.0.0.1/41523] INFO  http.HttpServer2 (HttpServer2.java:addFilter(1006)) - Added filter static_user_filter (class=org.apache.hadoop.http.lib.StaticUserWebFilter$StaticUserFilter) to context hddsDatanode
2021-12-05 13:31:13,797 [Listener at 127.0.0.1/41523] INFO  http.HttpServer2 (HttpServer2.java:addFilter(1014)) - Added filter static_user_filter (class=org.apache.hadoop.http.lib.StaticUserWebFilter$StaticUserFilter) to context logs
2021-12-05 13:31:13,797 [Listener at 127.0.0.1/41523] INFO  http.HttpServer2 (HttpServer2.java:addFilter(1014)) - Added filter static_user_filter (class=org.apache.hadoop.http.lib.StaticUserWebFilter$StaticUserFilter) to context static
2021-12-05 13:31:13,797 [Listener at 127.0.0.1/41523] INFO  http.HttpServer2 (HttpServer2.java:bindListener(1249)) - Jetty bound to port 36767
2021-12-05 13:31:13,797 [Listener at 127.0.0.1/41523] INFO  server.Server (Server.java:doStart(375)) - jetty-9.4.43.v20210629; built: 2021-06-30T11:07:22.254Z; git: 526006ecfa3af7f1a27ef3a288e2bef7ea9dd7e8; jvm 1.8.0_292-b10
2021-12-05 13:31:13,830 [Listener at 127.0.0.1/41523] INFO  server.session (DefaultSessionIdManager.java:doStart(334)) - DefaultSessionIdManager workerName=node0
2021-12-05 13:31:13,831 [Listener at 127.0.0.1/41523] INFO  server.session (DefaultSessionIdManager.java:doStart(339)) - No SessionScavenger set, using defaults
2021-12-05 13:31:13,831 [Listener at 127.0.0.1/41523] INFO  server.session (HouseKeeper.java:startScavenging(132)) - node0 Scavenging every 600000ms
2021-12-05 13:31:13,832 [Listener at 127.0.0.1/41523] INFO  handler.ContextHandler (ContextHandler.java:doStart(915)) - Started o.e.j.s.ServletContextHandler@17fb194a{logs,/logs,file:///home/runner/work/ozone/ozone/hadoop-ozone/integration-test/target/log,AVAILABLE}
2021-12-05 13:31:13,832 [Listener at 127.0.0.1/41523] INFO  handler.ContextHandler (ContextHandler.java:doStart(915)) - Started o.e.j.s.ServletContextHandler@1c57f44c{static,/static,jar:file:/home/runner/.m2/repository/org/apache/ozone/hdds-container-service/1.3.0-SNAPSHOT/hdds-container-service-1.3.0-SNAPSHOT.jar!/webapps/static,AVAILABLE}
2021-12-05 13:31:13,928 [Listener at 127.0.0.1/41523] INFO  handler.ContextHandler (ContextHandler.java:doStart(915)) - Started o.e.j.w.WebAppContext@158f1b1a{hddsDatanode,/,file:///tmp/jetty-0_0_0_0-36767-hdds-container-service-1_3_0-SNAPSHOT_jar-_-any-2500042480106973427/webapp/,AVAILABLE}{jar:file:/home/runner/.m2/repository/org/apache/ozone/hdds-container-service/1.3.0-SNAPSHOT/hdds-container-service-1.3.0-SNAPSHOT.jar!/webapps/hddsDatanode}
2021-12-05 13:31:13,941 [Listener at 127.0.0.1/41523] INFO  server.AbstractConnector (AbstractConnector.java:doStart(331)) - Started ServerConnector@6968256e{HTTP/1.1, (http/1.1)}{0.0.0.0:36767}
2021-12-05 13:31:13,942 [Listener at 127.0.0.1/41523] INFO  server.Server (Server.java:doStart(415)) - Started @129977ms
2021-12-05 13:31:13,942 [Listener at 127.0.0.1/41523] WARN  impl.MetricsSystemImpl (MetricsSystemImpl.java:register(279)) - Sink prometheus already exists!
2021-12-05 13:31:13,943 [Listener at 127.0.0.1/41523] INFO  http.BaseHttpServer (BaseHttpServer.java:updateConnectorAddress(329)) - HTTP server of hddsDatanode listening at http://0.0.0.0:36767
2021-12-05 13:31:13,943 [Listener at 127.0.0.1/41523] INFO  ozone.MiniOzoneClusterImpl (MiniOzoneClusterImpl.java:lambda$waitForClusterToBeReady$0(235)) - Waiting for nodes to be ready. Got 0 of 3 DN Heartbeats.
2021-12-05 13:31:13,944 [Listener at 127.0.0.1/41523] INFO  ozone.MiniOzoneClusterImpl (MiniOzoneClusterImpl.java:lambda$waitForClusterToBeReady$0(238)) - Waiting for cluster to exit safe mode
2021-12-05 13:31:13,944 [Listener at 127.0.0.1/41523] INFO  ozone.MiniOzoneClusterImpl (MiniOzoneClusterImpl.java:lambda$waitForClusterToBeReady$0(240)) - SCM became leader
2021-12-05 13:31:13,944 [Datanode State Machine Daemon Thread] INFO  statemachine.DatanodeStateMachine (DatanodeStateMachine.java:lambda$startDaemon$0(467)) - Ozone container server started.
2021-12-05 13:31:13,955 [org.apache.hadoop.util.JvmPauseMonitor$Monitor@4dd927f8] INFO  util.JvmPauseMonitor (JvmPauseMonitor.java:run(188)) - Starting JVM pause monitor
2021-12-05 13:31:13,964 [Datanode State Machine Task Thread - 0] INFO  datanode.InitDatanodeState (InitDatanodeState.java:persistContainerDatanodeDetails(145)) - DatanodeDetails is persisted to /home/runner/work/ozone/ozone/hadoop-ozone/integration-test/target/test-dir/MiniOzoneClusterImpl-71d26685-9743-4000-9a7d-6ec2d996e1a3/datanode-2/meta/datanode.id
2021-12-05 13:31:14,944 [Listener at 127.0.0.1/41523] INFO  ozone.MiniOzoneClusterImpl (MiniOzoneClusterImpl.java:lambda$waitForClusterToBeReady$0(235)) - Waiting for nodes to be ready. Got 0 of 3 DN Heartbeats.
2021-12-05 13:31:14,944 [Listener at 127.0.0.1/41523] INFO  ozone.MiniOzoneClusterImpl (MiniOzoneClusterImpl.java:lambda$waitForClusterToBeReady$0(238)) - Waiting for cluster to exit safe mode
2021-12-05 13:31:14,944 [Listener at 127.0.0.1/41523] INFO  ozone.MiniOzoneClusterImpl (MiniOzoneClusterImpl.java:lambda$waitForClusterToBeReady$0(240)) - SCM became leader
2021-12-05 13:31:15,345 [EndpointStateMachine task thread for /0.0.0.0:35915 - 0 ] INFO  ozoneimpl.OzoneContainer (OzoneContainer.java:start(304)) - Attempting to start container services.
2021-12-05 13:31:15,345 [EndpointStateMachine task thread for /0.0.0.0:35915 - 0 ] INFO  ozoneimpl.OzoneContainer (OzoneContainer.java:startContainerScrub(249)) - Background container scanner has been disabled.
2021-12-05 13:31:15,348 [EndpointStateMachine task thread for /0.0.0.0:35915 - 0 ] INFO  replication.ReplicationServer (ReplicationServer.java:start(107)) - ReplicationServer is started using port 45101
2021-12-05 13:31:15,350 [EndpointStateMachine task thread for /0.0.0.0:35915 - 0 ] INFO  ratis.XceiverServerRatis (XceiverServerRatis.java:start(484)) - Starting XceiverServerRatis 211abb75-e3d2-43c2-82f8-ac1b18f50a72
2021-12-05 13:31:15,351 [EndpointStateMachine task thread for /0.0.0.0:35915 - 0 ] INFO  server.RaftServer (RaftServerProxy.java:lambda$start$5(374)) - 211abb75-e3d2-43c2-82f8-ac1b18f50a72: start RPC server
2021-12-05 13:31:15,354 [EndpointStateMachine task thread for /0.0.0.0:35915 - 0 ] INFO  server.GrpcService (GrpcService.java:startImpl(253)) - 211abb75-e3d2-43c2-82f8-ac1b18f50a72: GrpcService started, listening on 45379
2021-12-05 13:31:15,366 [EndpointStateMachine task thread for /0.0.0.0:35915 - 0 ] INFO  ratis.XceiverServerRatis (XceiverServerRatis.java:getRealPort(505)) - XceiverServerRatis 211abb75-e3d2-43c2-82f8-ac1b18f50a72 is started using port 45379 for RATIS
2021-12-05 13:31:15,366 [EndpointStateMachine task thread for /0.0.0.0:35915 - 0 ] INFO  ratis.XceiverServerRatis (XceiverServerRatis.java:getRealPort(505)) - XceiverServerRatis 211abb75-e3d2-43c2-82f8-ac1b18f50a72 is started using port 45379 for RATIS_ADMIN
2021-12-05 13:31:15,366 [EndpointStateMachine task thread for /0.0.0.0:35915 - 0 ] INFO  ratis.XceiverServerRatis (XceiverServerRatis.java:getRealPort(505)) - XceiverServerRatis 211abb75-e3d2-43c2-82f8-ac1b18f50a72 is started using port 45379 for RATIS_SERVER
2021-12-05 13:31:15,366 [org.apache.ratis.util.JvmPauseMonitor$$Lambda$525/1513368495@2d6a407a] INFO  util.JvmPauseMonitor (JvmPauseMonitor.java:run(103)) - JvmPauseMonitor-211abb75-e3d2-43c2-82f8-ac1b18f50a72: Started
2021-12-05 13:31:15,367 [EndpointStateMachine task thread for /0.0.0.0:35915 - 0 ] INFO  server.XceiverServerGrpc (XceiverServerGrpc.java:start(180)) - XceiverServerGrpc 211abb75-e3d2-43c2-82f8-ac1b18f50a72 is started using port 34245
2021-12-05 13:31:15,637 [EndpointStateMachine task thread for /0.0.0.0:35915 - 0 ] INFO  ozoneimpl.OzoneContainer (OzoneContainer.java:start(304)) - Attempting to start container services.
2021-12-05 13:31:15,638 [EndpointStateMachine task thread for /0.0.0.0:35915 - 0 ] INFO  ozoneimpl.OzoneContainer (OzoneContainer.java:startContainerScrub(249)) - Background container scanner has been disabled.
2021-12-05 13:31:15,638 [EndpointStateMachine task thread for /0.0.0.0:35915 - 0 ] INFO  replication.ReplicationServer (ReplicationServer.java:start(107)) - ReplicationServer is started using port 34803
2021-12-05 13:31:15,646 [EndpointStateMachine task thread for /0.0.0.0:35915 - 0 ] INFO  ratis.XceiverServerRatis (XceiverServerRatis.java:start(484)) - Starting XceiverServerRatis e7c48114-a24d-4ce4-906f-8d90eb33b114
2021-12-05 13:31:15,678 [EndpointStateMachine task thread for /0.0.0.0:35915 - 0 ] INFO  server.RaftServer (RaftServerProxy.java:lambda$start$5(374)) - e7c48114-a24d-4ce4-906f-8d90eb33b114: start RPC server
2021-12-05 13:31:15,681 [EndpointStateMachine task thread for /0.0.0.0:35915 - 0 ] INFO  server.GrpcService (GrpcService.java:startImpl(253)) - e7c48114-a24d-4ce4-906f-8d90eb33b114: GrpcService started, listening on 46255
2021-12-05 13:31:15,681 [EndpointStateMachine task thread for /0.0.0.0:35915 - 0 ] INFO  ratis.XceiverServerRatis (XceiverServerRatis.java:getRealPort(505)) - XceiverServerRatis e7c48114-a24d-4ce4-906f-8d90eb33b114 is started using port 46255 for RATIS
2021-12-05 13:31:15,681 [EndpointStateMachine task thread for /0.0.0.0:35915 - 0 ] INFO  ratis.XceiverServerRatis (XceiverServerRatis.java:getRealPort(505)) - XceiverServerRatis e7c48114-a24d-4ce4-906f-8d90eb33b114 is started using port 46255 for RATIS_ADMIN
2021-12-05 13:31:15,681 [EndpointStateMachine task thread for /0.0.0.0:35915 - 0 ] INFO  ratis.XceiverServerRatis (XceiverServerRatis.java:getRealPort(505)) - XceiverServerRatis e7c48114-a24d-4ce4-906f-8d90eb33b114 is started using port 46255 for RATIS_SERVER
2021-12-05 13:31:15,682 [org.apache.ratis.util.JvmPauseMonitor$$Lambda$525/1513368495@4257b4c6] INFO  util.JvmPauseMonitor (JvmPauseMonitor.java:run(103)) - JvmPauseMonitor-e7c48114-a24d-4ce4-906f-8d90eb33b114: Started
2021-12-05 13:31:15,689 [EndpointStateMachine task thread for /0.0.0.0:35915 - 0 ] INFO  server.XceiverServerGrpc (XceiverServerGrpc.java:start(180)) - XceiverServerGrpc e7c48114-a24d-4ce4-906f-8d90eb33b114 is started using port 40909
2021-12-05 13:31:15,944 [Listener at 127.0.0.1/41523] INFO  ozone.MiniOzoneClusterImpl (MiniOzoneClusterImpl.java:lambda$waitForClusterToBeReady$0(235)) - Waiting for nodes to be ready. Got 0 of 3 DN Heartbeats.
2021-12-05 13:31:15,945 [Listener at 127.0.0.1/41523] INFO  ozone.MiniOzoneClusterImpl (MiniOzoneClusterImpl.java:lambda$waitForClusterToBeReady$0(238)) - Waiting for cluster to exit safe mode
2021-12-05 13:31:15,945 [Listener at 127.0.0.1/41523] INFO  ozone.MiniOzoneClusterImpl (MiniOzoneClusterImpl.java:lambda$waitForClusterToBeReady$0(240)) - SCM became leader
2021-12-05 13:31:15,974 [EndpointStateMachine task thread for /0.0.0.0:35915 - 0 ] INFO  ozoneimpl.OzoneContainer (OzoneContainer.java:start(304)) - Attempting to start container services.
2021-12-05 13:31:15,974 [EndpointStateMachine task thread for /0.0.0.0:35915 - 0 ] INFO  ozoneimpl.OzoneContainer (OzoneContainer.java:startContainerScrub(249)) - Background container scanner has been disabled.
2021-12-05 13:31:15,975 [EndpointStateMachine task thread for /0.0.0.0:35915 - 0 ] INFO  replication.ReplicationServer (ReplicationServer.java:start(107)) - ReplicationServer is started using port 40089
2021-12-05 13:31:15,979 [EndpointStateMachine task thread for /0.0.0.0:35915 - 0 ] INFO  ratis.XceiverServerRatis (XceiverServerRatis.java:start(484)) - Starting XceiverServerRatis 68db2fb8-7673-4b38-b5c0-1c356c7b18fc
2021-12-05 13:31:15,987 [EndpointStateMachine task thread for /0.0.0.0:35915 - 0 ] INFO  server.RaftServer (RaftServerProxy.java:lambda$start$5(374)) - 68db2fb8-7673-4b38-b5c0-1c356c7b18fc: start RPC server
2021-12-05 13:31:15,987 [EndpointStateMachine task thread for /0.0.0.0:35915 - 0 ] INFO  server.GrpcService (GrpcService.java:startImpl(253)) - 68db2fb8-7673-4b38-b5c0-1c356c7b18fc: GrpcService started, listening on 41561
2021-12-05 13:31:15,988 [EndpointStateMachine task thread for /0.0.0.0:35915 - 0 ] INFO  ratis.XceiverServerRatis (XceiverServerRatis.java:getRealPort(505)) - XceiverServerRatis 68db2fb8-7673-4b38-b5c0-1c356c7b18fc is started using port 41561 for RATIS
2021-12-05 13:31:15,988 [EndpointStateMachine task thread for /0.0.0.0:35915 - 0 ] INFO  ratis.XceiverServerRatis (XceiverServerRatis.java:getRealPort(505)) - XceiverServerRatis 68db2fb8-7673-4b38-b5c0-1c356c7b18fc is started using port 41561 for RATIS_ADMIN
2021-12-05 13:31:15,988 [EndpointStateMachine task thread for /0.0.0.0:35915 - 0 ] INFO  ratis.XceiverServerRatis (XceiverServerRatis.java:getRealPort(505)) - XceiverServerRatis 68db2fb8-7673-4b38-b5c0-1c356c7b18fc is started using port 41561 for RATIS_SERVER
2021-12-05 13:31:16,000 [org.apache.ratis.util.JvmPauseMonitor$$Lambda$525/1513368495@64e0f241] INFO  util.JvmPauseMonitor (JvmPauseMonitor.java:run(103)) - JvmPauseMonitor-68db2fb8-7673-4b38-b5c0-1c356c7b18fc: Started
2021-12-05 13:31:16,002 [EndpointStateMachine task thread for /0.0.0.0:35915 - 0 ] INFO  server.XceiverServerGrpc (XceiverServerGrpc.java:start(180)) - XceiverServerGrpc 68db2fb8-7673-4b38-b5c0-1c356c7b18fc is started using port 35689
2021-12-05 13:31:16,945 [Listener at 127.0.0.1/41523] INFO  ozone.MiniOzoneClusterImpl (MiniOzoneClusterImpl.java:lambda$waitForClusterToBeReady$0(235)) - Waiting for nodes to be ready. Got 0 of 3 DN Heartbeats.
2021-12-05 13:31:16,945 [Listener at 127.0.0.1/41523] INFO  ozone.MiniOzoneClusterImpl (MiniOzoneClusterImpl.java:lambda$waitForClusterToBeReady$0(238)) - Waiting for cluster to exit safe mode
2021-12-05 13:31:16,945 [Listener at 127.0.0.1/41523] INFO  ozone.MiniOzoneClusterImpl (MiniOzoneClusterImpl.java:lambda$waitForClusterToBeReady$0(240)) - SCM became leader
2021-12-05 13:31:17,316 [IPC Server handler 0 on default port 35915] INFO  net.NetworkTopologyImpl (NetworkTopologyImpl.java:add(112)) - Added a new node: /default-rack/211abb75-e3d2-43c2-82f8-ac1b18f50a72
2021-12-05 13:31:17,316 [IPC Server handler 0 on default port 35915] INFO  node.SCMNodeManager (SCMNodeManager.java:register(389)) - Registered Data node : 211abb75-e3d2-43c2-82f8-ac1b18f50a72{ip: 10.1.0.33, host: fv-az148-969.bm4ck3pvxvsene1rjriu5fhcdb.bx.internal.cloudapp.net, ports: [REPLICATION=45101, RATIS=45379, RATIS_ADMIN=45379, RATIS_SERVER=45379, STANDALONE=34245], networkLocation: /default-rack, certSerialId: null, persistedOpState: null, persistedOpStateExpiryEpochSec: 0}
2021-12-05 13:31:17,321 [EventQueue-NodeRegistrationContainerReportForContainerSafeModeRule] INFO  safemode.SCMSafeModeManager (SCMSafeModeManager.java:validateSafeModeExitRules(204)) - ContainerSafeModeRule rule is successfully validated
2021-12-05 13:31:17,321 [EventQueue-NodeRegistrationContainerReportForDataNodeSafeModeRule] INFO  safemode.SCMSafeModeManager (DataNodeSafeModeRule.java:process(71)) - SCM in safe mode. 1 DataNodes registered, 3 required.
2021-12-05 13:31:17,332 [EventQueue-PipelineReportForOneReplicaPipelineSafeModeRule] INFO  safemode.SCMSafeModeManager (SCMSafeModeManager.java:validateSafeModeExitRules(204)) - AtleastOneDatanodeReportedRule rule is successfully validated
2021-12-05 13:31:17,332 [EventQueue-NewNodeForNewNodeHandler] INFO  pipeline.BackgroundPipelineCreator (BackgroundPipelineCreator.java:notifyEventTriggered(285)) - trigger a one-shot run on RatisPipelineUtilsThread.
2021-12-05 13:31:17,343 [RatisPipelineUtilsThread - 0] INFO  pipeline.RatisPipelineProvider (RatisPipelineProvider.java:lambda$create$0(183)) - Sending CreatePipelineCommand for pipeline:PipelineID=40f1929a-8e26-469c-bb9c-939b19cd2157 to datanode:211abb75-e3d2-43c2-82f8-ac1b18f50a72
2021-12-05 13:31:17,343 [RatisPipelineUtilsThread - 0] INFO  pipeline.PipelineStateManagerImpl (PipelineStateManagerImpl.java:addPipeline(101)) - Created pipeline Pipeline[ Id: 40f1929a-8e26-469c-bb9c-939b19cd2157, Nodes: 211abb75-e3d2-43c2-82f8-ac1b18f50a72{ip: 10.1.0.33, host: fv-az148-969.bm4ck3pvxvsene1rjriu5fhcdb.bx.internal.cloudapp.net, ports: [REPLICATION=45101, RATIS=45379, RATIS_ADMIN=45379, RATIS_SERVER=45379, STANDALONE=34245], networkLocation: /default-rack, certSerialId: null, persistedOpState: IN_SERVICE, persistedOpStateExpiryEpochSec: 0}, ReplicationConfig: RATIS/ONE, State:ALLOCATED, leaderId:, CreationTimestamp2021-12-05T13:31:17.343Z[Etc/UTC]].
2021-12-05 13:31:17,623 [IPC Server handler 1 on default port 35915] INFO  net.NetworkTopologyImpl (NetworkTopologyImpl.java:add(112)) - Added a new node: /default-rack/e7c48114-a24d-4ce4-906f-8d90eb33b114
2021-12-05 13:31:17,623 [IPC Server handler 1 on default port 35915] INFO  node.SCMNodeManager (SCMNodeManager.java:register(389)) - Registered Data node : e7c48114-a24d-4ce4-906f-8d90eb33b114{ip: 10.1.0.33, host: fv-az148-969.bm4ck3pvxvsene1rjriu5fhcdb.bx.internal.cloudapp.net, ports: [REPLICATION=34803, RATIS=46255, RATIS_ADMIN=46255, RATIS_SERVER=46255, STANDALONE=40909], networkLocation: /default-rack, certSerialId: null, persistedOpState: null, persistedOpStateExpiryEpochSec: 0}
2021-12-05 13:31:17,625 [EventQueue-NewNodeForNewNodeHandler] INFO  pipeline.BackgroundPipelineCreator (BackgroundPipelineCreator.java:notifyEventTriggered(285)) - trigger a one-shot run on RatisPipelineUtilsThread.
2021-12-05 13:31:17,625 [EventQueue-NodeRegistrationContainerReportForDataNodeSafeModeRule] INFO  safemode.SCMSafeModeManager (DataNodeSafeModeRule.java:process(71)) - SCM in safe mode. 2 DataNodes registered, 3 required.
2021-12-05 13:31:17,628 [RatisPipelineUtilsThread - 0] INFO  pipeline.RatisPipelineProvider (RatisPipelineProvider.java:lambda$create$0(183)) - Sending CreatePipelineCommand for pipeline:PipelineID=be37e110-d4aa-458a-bed7-87e9ecee8be7 to datanode:e7c48114-a24d-4ce4-906f-8d90eb33b114
2021-12-05 13:31:17,628 [RatisPipelineUtilsThread - 0] INFO  pipeline.PipelineStateManagerImpl (PipelineStateManagerImpl.java:addPipeline(101)) - Created pipeline Pipeline[ Id: be37e110-d4aa-458a-bed7-87e9ecee8be7, Nodes: e7c48114-a24d-4ce4-906f-8d90eb33b114{ip: 10.1.0.33, host: fv-az148-969.bm4ck3pvxvsene1rjriu5fhcdb.bx.internal.cloudapp.net, ports: [REPLICATION=34803, RATIS=46255, RATIS_ADMIN=46255, RATIS_SERVER=46255, STANDALONE=40909], networkLocation: /default-rack, certSerialId: null, persistedOpState: IN_SERVICE, persistedOpStateExpiryEpochSec: 0}, ReplicationConfig: RATIS/ONE, State:ALLOCATED, leaderId:, CreationTimestamp2021-12-05T13:31:17.628Z[Etc/UTC]].
2021-12-05 13:31:17,946 [Listener at 127.0.0.1/41523] INFO  ozone.MiniOzoneClusterImpl (MiniOzoneClusterImpl.java:lambda$waitForClusterToBeReady$0(235)) - Waiting for nodes to be ready. Got 2 of 3 DN Heartbeats.
2021-12-05 13:31:17,946 [Listener at 127.0.0.1/41523] INFO  ozone.MiniOzoneClusterImpl (MiniOzoneClusterImpl.java:lambda$waitForClusterToBeReady$0(238)) - Waiting for cluster to exit safe mode
2021-12-05 13:31:17,946 [Listener at 127.0.0.1/41523] INFO  ozone.MiniOzoneClusterImpl (MiniOzoneClusterImpl.java:lambda$waitForClusterToBeReady$0(240)) - SCM became leader
2021-12-05 13:31:17,957 [IPC Server handler 2 on default port 35915] INFO  net.NetworkTopologyImpl (NetworkTopologyImpl.java:add(112)) - Added a new node: /default-rack/68db2fb8-7673-4b38-b5c0-1c356c7b18fc
2021-12-05 13:31:17,958 [IPC Server handler 2 on default port 35915] INFO  node.SCMNodeManager (SCMNodeManager.java:register(389)) - Registered Data node : 68db2fb8-7673-4b38-b5c0-1c356c7b18fc{ip: 10.1.0.33, host: fv-az148-969.bm4ck3pvxvsene1rjriu5fhcdb.bx.internal.cloudapp.net, ports: [REPLICATION=40089, RATIS=41561, RATIS_ADMIN=41561, RATIS_SERVER=41561, STANDALONE=35689], networkLocation: /default-rack, certSerialId: null, persistedOpState: null, persistedOpStateExpiryEpochSec: 0}
2021-12-05 13:31:17,958 [EventQueue-NewNodeForNewNodeHandler] INFO  pipeline.BackgroundPipelineCreator (BackgroundPipelineCreator.java:notifyEventTriggered(285)) - trigger a one-shot run on RatisPipelineUtilsThread.
2021-12-05 13:31:17,959 [EventQueue-NodeRegistrationContainerReportForDataNodeSafeModeRule] INFO  safemode.SCMSafeModeManager (DataNodeSafeModeRule.java:process(71)) - SCM in safe mode. 3 DataNodes registered, 3 required.
2021-12-05 13:31:17,959 [EventQueue-NodeRegistrationContainerReportForDataNodeSafeModeRule] INFO  safemode.SCMSafeModeManager (SCMSafeModeManager.java:validateSafeModeExitRules(204)) - DataNodeSafeModeRule rule is successfully validated
2021-12-05 13:31:17,959 [EventQueue-NodeRegistrationContainerReportForDataNodeSafeModeRule] INFO  safemode.SCMSafeModeManager (SCMSafeModeManager.java:completePreCheck(233)) - All SCM safe mode pre check rules have passed
2021-12-05 13:31:17,959 [EventQueue-NodeRegistrationContainerReportForDataNodeSafeModeRule] WARN  events.EventQueue (EventQueue.java:fireEvent(194)) - No event handler registered for event TypedEvent{payloadType=SafeModeStatus, name='Safe mode status'}
2021-12-05 13:31:17,959 [EventQueue-NodeRegistrationContainerReportForDataNodeSafeModeRule] INFO  ha.SCMContext (SCMContext.java:updateSafeModeStatus(205)) - Update SafeModeStatus from SafeModeStatus{safeModeStatus=true, preCheckPassed=false} to SafeModeStatus{safeModeStatus=true, preCheckPassed=true}.
2021-12-05 13:31:17,959 [EventQueue-NodeRegistrationContainerReportForDataNodeSafeModeRule] INFO  pipeline.BackgroundPipelineCreator (BackgroundPipelineCreator.java:notifyEventTriggered(285)) - trigger a one-shot run on RatisPipelineUtilsThread.
2021-12-05 13:31:17,968 [RatisPipelineUtilsThread - 0] INFO  pipeline.RatisPipelineProvider (RatisPipelineProvider.java:lambda$create$0(183)) - Sending CreatePipelineCommand for pipeline:PipelineID=ba578fd4-562b-479d-b52b-5929ae53afb4 to datanode:68db2fb8-7673-4b38-b5c0-1c356c7b18fc
2021-12-05 13:31:17,968 [RatisPipelineUtilsThread - 0] INFO  pipeline.PipelineStateManagerImpl (PipelineStateManagerImpl.java:addPipeline(101)) - Created pipeline Pipeline[ Id: ba578fd4-562b-479d-b52b-5929ae53afb4, Nodes: 68db2fb8-7673-4b38-b5c0-1c356c7b18fc{ip: 10.1.0.33, host: fv-az148-969.bm4ck3pvxvsene1rjriu5fhcdb.bx.internal.cloudapp.net, ports: [REPLICATION=40089, RATIS=41561, RATIS_ADMIN=41561, RATIS_SERVER=41561, STANDALONE=35689], networkLocation: /default-rack, certSerialId: null, persistedOpState: IN_SERVICE, persistedOpStateExpiryEpochSec: 0}, ReplicationConfig: RATIS/ONE, State:ALLOCATED, leaderId:, CreationTimestamp2021-12-05T13:31:17.968Z[Etc/UTC]].
2021-12-05 13:31:17,969 [RatisPipelineUtilsThread - 0] INFO  pipeline.RatisPipelineProvider (RatisPipelineProvider.java:lambda$create$0(183)) - Sending CreatePipelineCommand for pipeline:PipelineID=68d02f1f-c2b3-43a8-ac90-f02bba177089 to datanode:211abb75-e3d2-43c2-82f8-ac1b18f50a72
2021-12-05 13:31:17,969 [RatisPipelineUtilsThread - 0] INFO  pipeline.RatisPipelineProvider (RatisPipelineProvider.java:lambda$create$0(183)) - Sending CreatePipelineCommand for pipeline:PipelineID=68d02f1f-c2b3-43a8-ac90-f02bba177089 to datanode:e7c48114-a24d-4ce4-906f-8d90eb33b114
2021-12-05 13:31:17,969 [RatisPipelineUtilsThread - 0] INFO  pipeline.RatisPipelineProvider (RatisPipelineProvider.java:lambda$create$0(183)) - Sending CreatePipelineCommand for pipeline:PipelineID=68d02f1f-c2b3-43a8-ac90-f02bba177089 to datanode:68db2fb8-7673-4b38-b5c0-1c356c7b18fc
2021-12-05 13:31:17,969 [RatisPipelineUtilsThread - 0] INFO  pipeline.PipelineStateManagerImpl (PipelineStateManagerImpl.java:addPipeline(101)) - Created pipeline Pipeline[ Id: 68d02f1f-c2b3-43a8-ac90-f02bba177089, Nodes: 211abb75-e3d2-43c2-82f8-ac1b18f50a72{ip: 10.1.0.33, host: fv-az148-969.bm4ck3pvxvsene1rjriu5fhcdb.bx.internal.cloudapp.net, ports: [REPLICATION=45101, RATIS=45379, RATIS_ADMIN=45379, RATIS_SERVER=45379, STANDALONE=34245], networkLocation: /default-rack, certSerialId: null, persistedOpState: IN_SERVICE, persistedOpStateExpiryEpochSec: 0}e7c48114-a24d-4ce4-906f-8d90eb33b114{ip: 10.1.0.33, host: fv-az148-969.bm4ck3pvxvsene1rjriu5fhcdb.bx.internal.cloudapp.net, ports: [REPLICATION=34803, RATIS=46255, RATIS_ADMIN=46255, RATIS_SERVER=46255, STANDALONE=40909], networkLocation: /default-rack, certSerialId: null, persistedOpState: IN_SERVICE, persistedOpStateExpiryEpochSec: 0}68db2fb8-7673-4b38-b5c0-1c356c7b18fc{ip: 10.1.0.33, host: fv-az148-969.bm4ck3pvxvsene1rjriu5fhcdb.bx.internal.cloudapp.net, ports: [REPLICATION=40089, RATIS=41561, RATIS_ADMIN=41561, RATIS_SERVER=41561, STANDALONE=35689], networkLocation: /default-rack, certSerialId: null, persistedOpState: IN_SERVICE, persistedOpStateExpiryEpochSec: 0}, ReplicationConfig: RATIS/THREE, State:ALLOCATED, leaderId:, CreationTimestamp2021-12-05T13:31:17.969Z[Etc/UTC]].
2021-12-05 13:31:17,970 [RatisPipelineUtilsThread - 0] INFO  pipeline.RatisPipelineProvider (RatisPipelineProvider.java:lambda$create$0(183)) - Sending CreatePipelineCommand for pipeline:PipelineID=0e93b0a2-4e3c-46e0-9ff6-e6f0fccaf35b to datanode:68db2fb8-7673-4b38-b5c0-1c356c7b18fc
2021-12-05 13:31:17,970 [RatisPipelineUtilsThread - 0] INFO  pipeline.RatisPipelineProvider (RatisPipelineProvider.java:lambda$create$0(183)) - Sending CreatePipelineCommand for pipeline:PipelineID=0e93b0a2-4e3c-46e0-9ff6-e6f0fccaf35b to datanode:e7c48114-a24d-4ce4-906f-8d90eb33b114
2021-12-05 13:31:17,971 [RatisPipelineUtilsThread - 0] INFO  pipeline.RatisPipelineProvider (RatisPipelineProvider.java:lambda$create$0(183)) - Sending CreatePipelineCommand for pipeline:PipelineID=0e93b0a2-4e3c-46e0-9ff6-e6f0fccaf35b to datanode:211abb75-e3d2-43c2-82f8-ac1b18f50a72
2021-12-05 13:31:17,971 [RatisPipelineUtilsThread - 0] INFO  pipeline.PipelineStateManagerImpl (PipelineStateManagerImpl.java:addPipeline(101)) - Created pipeline Pipeline[ Id: 0e93b0a2-4e3c-46e0-9ff6-e6f0fccaf35b, Nodes: 68db2fb8-7673-4b38-b5c0-1c356c7b18fc{ip: 10.1.0.33, host: fv-az148-969.bm4ck3pvxvsene1rjriu5fhcdb.bx.internal.cloudapp.net, ports: [REPLICATION=40089, RATIS=41561, RATIS_ADMIN=41561, RATIS_SERVER=41561, STANDALONE=35689], networkLocation: /default-rack, certSerialId: null, persistedOpState: IN_SERVICE, persistedOpStateExpiryEpochSec: 0}e7c48114-a24d-4ce4-906f-8d90eb33b114{ip: 10.1.0.33, host: fv-az148-969.bm4ck3pvxvsene1rjriu5fhcdb.bx.internal.cloudapp.net, ports: [REPLICATION=34803, RATIS=46255, RATIS_ADMIN=46255, RATIS_SERVER=46255, STANDALONE=40909], networkLocation: /default-rack, certSerialId: null, persistedOpState: IN_SERVICE, persistedOpStateExpiryEpochSec: 0}211abb75-e3d2-43c2-82f8-ac1b18f50a72{ip: 10.1.0.33, host: fv-az148-969.bm4ck3pvxvsene1rjriu5fhcdb.bx.internal.cloudapp.net, ports: [REPLICATION=45101, RATIS=45379, RATIS_ADMIN=45379, RATIS_SERVER=45379, STANDALONE=34245], networkLocation: /default-rack, certSerialId: null, persistedOpState: IN_SERVICE, persistedOpStateExpiryEpochSec: 0}, ReplicationConfig: RATIS/THREE, State:ALLOCATED, leaderId:, CreationTimestamp2021-12-05T13:31:17.970Z[Etc/UTC]].
2021-12-05 13:31:17,971 [RatisPipelineUtilsThread - 0] INFO  pipeline.PipelineManagerImpl (PipelineManagerImpl.java:recordMetricsForPipeline(620)) - Pipeline: PipelineID=0e93b0a2-4e3c-46e0-9ff6-e6f0fccaf35b contains same datanodes as previous pipelines: PipelineID=68d02f1f-c2b3-43a8-ac90-f02bba177089 nodeIds: 68db2fb8-7673-4b38-b5c0-1c356c7b18fc, e7c48114-a24d-4ce4-906f-8d90eb33b114, 211abb75-e3d2-43c2-82f8-ac1b18f50a72
2021-12-05 13:31:18,946 [Listener at 127.0.0.1/41523] INFO  ozone.MiniOzoneClusterImpl (MiniOzoneClusterImpl.java:lambda$waitForClusterToBeReady$0(235)) - Nodes are ready. Got 3 of 3 DN Heartbeats.
2021-12-05 13:31:18,948 [Listener at 127.0.0.1/41523] INFO  ozone.MiniOzoneClusterImpl (MiniOzoneClusterImpl.java:lambda$waitForClusterToBeReady$0(238)) - Waiting for cluster to exit safe mode
2021-12-05 13:31:18,948 [Listener at 127.0.0.1/41523] INFO  ozone.MiniOzoneClusterImpl (MiniOzoneClusterImpl.java:lambda$waitForClusterToBeReady$0(240)) - SCM became leader
2021-12-05 13:31:19,948 [Listener at 127.0.0.1/41523] INFO  ozone.MiniOzoneClusterImpl (MiniOzoneClusterImpl.java:lambda$waitForClusterToBeReady$0(235)) - Nodes are ready. Got 3 of 3 DN Heartbeats.
2021-12-05 13:31:19,948 [Listener at 127.0.0.1/41523] INFO  ozone.MiniOzoneClusterImpl (MiniOzoneClusterImpl.java:lambda$waitForClusterToBeReady$0(238)) - Waiting for cluster to exit safe mode
2021-12-05 13:31:19,949 [Listener at 127.0.0.1/41523] INFO  ozone.MiniOzoneClusterImpl (MiniOzoneClusterImpl.java:lambda$waitForClusterToBeReady$0(240)) - SCM became leader
2021-12-05 13:31:20,317 [Command processor thread] INFO  server.RaftServer (RaftServerProxy.java:addNew(95)) - 211abb75-e3d2-43c2-82f8-ac1b18f50a72: addNew group-939B19CD2157:[211abb75-e3d2-43c2-82f8-ac1b18f50a72|rpc:10.1.0.33:45379|priority:1] returns group-939B19CD2157:java.util.concurrent.CompletableFuture@627b6ea1[Not completed]
2021-12-05 13:31:20,319 [pool-340-thread-1] INFO  server.RaftServer$Division (RaftServerImpl.java:<init>(184)) - 211abb75-e3d2-43c2-82f8-ac1b18f50a72: new RaftServerImpl for group-939B19CD2157:[211abb75-e3d2-43c2-82f8-ac1b18f50a72|rpc:10.1.0.33:45379|priority:1] with ContainerStateMachine:uninitialized
2021-12-05 13:31:20,336 [pool-340-thread-1] INFO  server.RaftServerConfigKeys (ConfUtils.java:logGet(44)) - raft.server.rpc.timeout.min = 5s (custom)
2021-12-05 13:31:20,336 [pool-340-thread-1] INFO  server.RaftServerConfigKeys (ConfUtils.java:logGet(44)) - raft.server.rpc.timeout.max = 5200ms (custom)
2021-12-05 13:31:20,336 [pool-340-thread-1] INFO  server.RaftServerConfigKeys (ConfUtils.java:logGet(44)) - raft.server.rpc.sleep.time = 25ms (default)
2021-12-05 13:31:20,338 [pool-340-thread-1] INFO  server.RaftServerConfigKeys (ConfUtils.java:logGet(44)) - raft.server.rpc.slowness.timeout = 300s (custom)
2021-12-05 13:31:20,338 [pool-340-thread-1] INFO  server.RaftServerConfigKeys (ConfUtils.java:logGet(44)) - raft.server.leaderelection.leader.step-down.wait-time = 10s (default)
2021-12-05 13:31:20,343 [pool-340-thread-1] INFO  server.RaftServerConfigKeys (ConfUtils.java:logGet(44)) - raft.server.sleep.deviation.threshold = 300ms (default)
2021-12-05 13:31:20,343 [pool-340-thread-1] INFO  server.RaftServerConfigKeys (ConfUtils.java:logGet(44)) - raft.server.log.appender.install.snapshot.enabled = false (custom)
2021-12-05 13:31:20,343 [pool-340-thread-1] INFO  server.RaftServer$Division (ServerState.java:<init>(105)) - 211abb75-e3d2-43c2-82f8-ac1b18f50a72@group-939B19CD2157: ConfigurationManager, init=-1: [211abb75-e3d2-43c2-82f8-ac1b18f50a72|rpc:10.1.0.33:45379|priority:1], old=null, confs=<EMPTY_MAP>
2021-12-05 13:31:20,344 [pool-340-thread-1] INFO  server.RaftServerConfigKeys (ConfUtils.java:logGet(44)) - raft.server.storage.dir = [/home/runner/work/ozone/ozone/hadoop-ozone/integration-test/target/test-dir/MiniOzoneClusterImpl-71d26685-9743-4000-9a7d-6ec2d996e1a3/datanode-0/data/ratis] (custom)
2021-12-05 13:31:20,344 [pool-340-thread-1] INFO  server.RaftServerConfigKeys (ConfUtils.java:logGet(44)) - raft.server.log.corruption.policy = EXCEPTION (default)
2021-12-05 13:31:20,344 [pool-340-thread-1] INFO  server.RaftServerConfigKeys (ConfUtils.java:logGet(44)) - raft.server.storage.free-space.min = 0MB (=0) (default)
2021-12-05 13:31:20,344 [pool-340-thread-1] INFO  storage.RaftStorageDirectory (RaftStorageDirectoryImpl.java:analyzeStorage(135)) - The storage directory /home/runner/work/ozone/ozone/hadoop-ozone/integration-test/target/test-dir/MiniOzoneClusterImpl-71d26685-9743-4000-9a7d-6ec2d996e1a3/datanode-0/data/ratis/40f1929a-8e26-469c-bb9c-939b19cd2157 does not exist. Creating ...
2021-12-05 13:31:20,345 [pool-340-thread-1] INFO  storage.RaftStorageDirectory (RaftStorageDirectoryImpl.java:tryLock(230)) - Lock on /home/runner/work/ozone/ozone/hadoop-ozone/integration-test/target/test-dir/MiniOzoneClusterImpl-71d26685-9743-4000-9a7d-6ec2d996e1a3/datanode-0/data/ratis/40f1929a-8e26-469c-bb9c-939b19cd2157/in_use.lock acquired by nodename 9128@fv-az148-969
2021-12-05 13:31:20,347 [pool-340-thread-1] INFO  storage.RaftStorage (RaftStorageImpl.java:format(89)) - Storage directory /home/runner/work/ozone/ozone/hadoop-ozone/integration-test/target/test-dir/MiniOzoneClusterImpl-71d26685-9743-4000-9a7d-6ec2d996e1a3/datanode-0/data/ratis/40f1929a-8e26-469c-bb9c-939b19cd2157 has been successfully formatted.
2021-12-05 13:31:20,374 [pool-340-thread-1] INFO  ratis.ContainerStateMachine (ContainerStateMachine.java:loadSnapshot(224)) - group-939B19CD2157: The snapshot info is null. Setting the last applied indexto:(t:0, i:~)
2021-12-05 13:31:20,374 [pool-340-thread-1] INFO  server.RaftServerConfigKeys (ConfUtils.java:logGet(44)) - raft.server.notification.no-leader.timeout = 300s (custom)
2021-12-05 13:31:20,374 [pool-340-thread-1] INFO  server.RaftServerConfigKeys (ConfUtils.java:logGet(44)) - raft.server.log.use.memory = false (default)
2021-12-05 13:31:20,375 [pool-340-thread-1] INFO  server.RaftServerConfigKeys (ConfUtils.java:logGet(44)) - raft.server.log.purge.gap = 1000000 (custom)
2021-12-05 13:31:20,375 [pool-340-thread-1] INFO  server.RaftServerConfigKeys (ConfUtils.java:logGet(44)) - raft.server.log.appender.buffer.byte-limit = 33554432 (custom)
2021-12-05 13:31:20,375 [pool-340-thread-1] INFO  server.RaftServerConfigKeys (ConfUtils.java:logGet(44)) - raft.server.log.segment.size.max = 1048576 (custom)
2021-12-05 13:31:20,375 [pool-340-thread-1] INFO  server.RaftServerConfigKeys (ConfUtils.java:logGet(44)) - raft.server.log.segment.cache.num.max = 2 (custom)
2021-12-05 13:31:20,376 [pool-340-thread-1] INFO  server.RaftServerConfigKeys (ConfUtils.java:logGet(44)) - raft.server.log.segment.cache.size.max = 200MB (=209715200) (default)
2021-12-05 13:31:20,376 [pool-340-thread-1] INFO  segmented.SegmentedRaftLogWorker (SegmentedRaftLogWorker.java:<init>(182)) - new 211abb75-e3d2-43c2-82f8-ac1b18f50a72@group-939B19CD2157-SegmentedRaftLogWorker for RaftStorageImpl:Storage Directory /home/runner/work/ozone/ozone/hadoop-ozone/integration-test/target/test-dir/MiniOzoneClusterImpl-71d26685-9743-4000-9a7d-6ec2d996e1a3/datanode-0/data/ratis/40f1929a-8e26-469c-bb9c-939b19cd2157
2021-12-05 13:31:20,376 [pool-340-thread-1] INFO  server.RaftServerConfigKeys (ConfUtils.java:logGet(44)) - raft.server.log.queue.byte-limit = 2147483647 (custom)
2021-12-05 13:31:20,376 [pool-340-thread-1] INFO  server.RaftServerConfigKeys (ConfUtils.java:logGet(44)) - raft.server.log.queue.element-limit = 1024 (custom)
2021-12-05 13:31:20,376 [pool-340-thread-1] INFO  server.RaftServerConfigKeys (ConfUtils.java:logGet(44)) - raft.server.log.segment.size.max = 1048576 (custom)
2021-12-05 13:31:20,376 [pool-340-thread-1] INFO  server.RaftServerConfigKeys (ConfUtils.java:logGet(44)) - raft.server.log.preallocated.size = 16384 (custom)
2021-12-05 13:31:20,376 [pool-340-thread-1] INFO  server.RaftServerConfigKeys (ConfUtils.java:logGet(44)) - raft.server.log.force.sync.num = 128 (default)
2021-12-05 13:31:20,376 [pool-340-thread-1] INFO  server.RaftServerConfigKeys (ConfUtils.java:logGet(44)) - raft.server.log.statemachine.data.sync = true (default)
2021-12-05 13:31:20,376 [pool-340-thread-1] INFO  server.RaftServerConfigKeys (ConfUtils.java:logGet(44)) - raft.server.log.statemachine.data.sync.timeout = 10s (default)
2021-12-05 13:31:20,376 [pool-340-thread-1] INFO  server.RaftServerConfigKeys (ConfUtils.java:logGet(44)) - raft.server.log.statemachine.data.sync.timeout.retry = -1 (default)
2021-12-05 13:31:20,378 [pool-340-thread-1] INFO  server.RaftServerConfigKeys (ConfUtils.java:logGet(44)) - raft.server.log.write.buffer.size = 1048576 (custom)
2021-12-05 13:31:20,378 [pool-340-thread-1] INFO  server.RaftServerConfigKeys (ConfUtils.java:logGet(44)) - raft.server.log.statemachine.data.caching.enabled = true (custom)
2021-12-05 13:31:20,378 [pool-340-thread-1] INFO  segmented.SegmentedRaftLogWorker (SegmentedRaftLogWorker.java:lambda$new$0(133)) - 211abb75-e3d2-43c2-82f8-ac1b18f50a72@group-939B19CD2157-SegmentedRaftLogWorker: flushIndex: setUnconditionally 0 -> -1
2021-12-05 13:31:20,378 [pool-340-thread-1] INFO  segmented.SegmentedRaftLogWorker (SegmentedRaftLogWorker.java:lambda$new$0(133)) - 211abb75-e3d2-43c2-82f8-ac1b18f50a72@group-939B19CD2157-SegmentedRaftLogWorker: safeCacheEvictIndex: setUnconditionally 0 -> -1
2021-12-05 13:31:20,380 [EventQueue-PipelineReportForPipelineReportHandler] INFO  pipeline.PipelineManagerImpl (PipelineManagerImpl.java:openPipeline(289)) - Pipeline Pipeline[ Id: 40f1929a-8e26-469c-bb9c-939b19cd2157, Nodes: 211abb75-e3d2-43c2-82f8-ac1b18f50a72{ip: 10.1.0.33, host: fv-az148-969.bm4ck3pvxvsene1rjriu5fhcdb.bx.internal.cloudapp.net, ports: [REPLICATION=45101, RATIS=45379, RATIS_ADMIN=45379, RATIS_SERVER=45379, STANDALONE=34245], networkLocation: /default-rack, certSerialId: null, persistedOpState: IN_SERVICE, persistedOpStateExpiryEpochSec: 0}, ReplicationConfig: RATIS/ONE, State:ALLOCATED, leaderId:211abb75-e3d2-43c2-82f8-ac1b18f50a72, CreationTimestamp2021-12-05T13:31:17.343Z[Etc/UTC]] moved to OPEN state
2021-12-05 13:31:20,424 [EventQueue-OpenPipelineForHealthyPipelineSafeModeRule] INFO  safemode.SCMSafeModeManager (HealthyPipelineSafeModeRule.java:process(124)) - SCM in safe mode. Healthy pipelines reported count is 0, required healthy pipeline reported count is 1
2021-12-05 13:31:20,427 [pool-340-thread-1] INFO  server.RaftServerConfigKeys (ConfUtils.java:logGet(44)) - raft.server.snapshot.auto.trigger.enabled = true (custom)
2021-12-05 13:31:20,429 [pool-340-thread-1] INFO  server.RaftServerConfigKeys (ConfUtils.java:logGet(44)) - raft.server.snapshot.auto.trigger.threshold = 10000 (custom)
2021-12-05 13:31:20,430 [pool-340-thread-1] INFO  server.RaftServerConfigKeys (ConfUtils.java:logGet(44)) - raft.server.snapshot.retention.file.num = 5 (custom)
2021-12-05 13:31:20,430 [pool-340-thread-1] INFO  server.RaftServerConfigKeys (ConfUtils.java:logGet(44)) - raft.server.log.purge.upto.snapshot.index = false (default)
2021-12-05 13:31:20,430 [pool-340-thread-1] INFO  server.RaftServerConfigKeys (ConfUtils.java:logGet(44)) - raft.server.retrycache.expirytime = 600000ms (custom)
2021-12-05 13:31:20,430 [pool-340-thread-1] INFO  server.RaftServerConfigKeys (ConfUtils.java:logGet(44)) - raft.server.retrycache.statistics.expirytime = 100μs (default)
2021-12-05 13:31:20,432 [pool-340-thread-1] INFO  server.RaftServer$Division (RaftServerImpl.java:start(301)) - 211abb75-e3d2-43c2-82f8-ac1b18f50a72@group-939B19CD2157: start as a follower, conf=-1: [211abb75-e3d2-43c2-82f8-ac1b18f50a72|rpc:10.1.0.33:45379|priority:1], old=null
2021-12-05 13:31:20,432 [pool-340-thread-1] INFO  server.RaftServer$Division (RaftServerImpl.java:setRole(290)) - 211abb75-e3d2-43c2-82f8-ac1b18f50a72@group-939B19CD2157: changes role from      null to FOLLOWER at term 0 for startAsFollower
2021-12-05 13:31:20,432 [pool-340-thread-1] INFO  impl.RoleInfo (RoleInfo.java:updateAndGet(130)) - 211abb75-e3d2-43c2-82f8-ac1b18f50a72: start 211abb75-e3d2-43c2-82f8-ac1b18f50a72@group-939B19CD2157-FollowerState
2021-12-05 13:31:20,432 [pool-340-thread-1] INFO  util.JmxRegister (JmxRegister.java:tryRegister(44)) - Successfully registered JMX Bean with object name Ratis:service=RaftServer,group=group-939B19CD2157,id=211abb75-e3d2-43c2-82f8-ac1b18f50a72
2021-12-05 13:31:20,433 [Command processor thread] INFO  ratis.XceiverServerRatis (XceiverServerRatis.java:addGroup(768)) - Created group PipelineID=40f1929a-8e26-469c-bb9c-939b19cd2157
2021-12-05 13:31:20,434 [Command processor thread] INFO  commandhandler.CreatePipelineCommandHandler (CreatePipelineCommandHandler.java:handle(106)) - Created Pipeline RATIS ONE PipelineID=40f1929a-8e26-469c-bb9c-939b19cd2157.
2021-12-05 13:31:20,434 [Command processor thread] INFO  server.RaftServer (RaftServerProxy.java:addNew(95)) - 211abb75-e3d2-43c2-82f8-ac1b18f50a72: addNew group-F02BBA177089:[68db2fb8-7673-4b38-b5c0-1c356c7b18fc|rpc:10.1.0.33:41561|priority:0, e7c48114-a24d-4ce4-906f-8d90eb33b114|rpc:10.1.0.33:46255|priority:1, 211abb75-e3d2-43c2-82f8-ac1b18f50a72|rpc:10.1.0.33:45379|priority:0] returns group-F02BBA177089:java.util.concurrent.CompletableFuture@6644f636[Not completed]
2021-12-05 13:31:20,435 [pool-340-thread-1] INFO  server.RaftServer$Division (RaftServerImpl.java:<init>(184)) - 211abb75-e3d2-43c2-82f8-ac1b18f50a72: new RaftServerImpl for group-F02BBA177089:[68db2fb8-7673-4b38-b5c0-1c356c7b18fc|rpc:10.1.0.33:41561|priority:0, e7c48114-a24d-4ce4-906f-8d90eb33b114|rpc:10.1.0.33:46255|priority:1, 211abb75-e3d2-43c2-82f8-ac1b18f50a72|rpc:10.1.0.33:45379|priority:0] with ContainerStateMachine:uninitialized
2021-12-05 13:31:20,435 [pool-340-thread-1] INFO  server.RaftServerConfigKeys (ConfUtils.java:logGet(44)) - raft.server.rpc.timeout.min = 5s (custom)
2021-12-05 13:31:20,435 [pool-340-thread-1] INFO  server.RaftServerConfigKeys (ConfUtils.java:logGet(44)) - raft.server.rpc.timeout.max = 5200ms (custom)
2021-12-05 13:31:20,435 [pool-340-thread-1] INFO  server.RaftServerConfigKeys (ConfUtils.java:logGet(44)) - raft.server.rpc.sleep.time = 25ms (default)
2021-12-05 13:31:20,435 [pool-340-thread-1] INFO  server.RaftServerConfigKeys (ConfUtils.java:logGet(44)) - raft.server.rpc.slowness.timeout = 300s (custom)
2021-12-05 13:31:20,435 [pool-340-thread-1] INFO  server.RaftServerConfigKeys (ConfUtils.java:logGet(44)) - raft.server.leaderelection.leader.step-down.wait-time = 10s (default)
2021-12-05 13:31:20,435 [pool-340-thread-1] INFO  server.RaftServerConfigKeys (ConfUtils.java:logGet(44)) - raft.server.sleep.deviation.threshold = 300ms (default)
2021-12-05 13:31:20,435 [pool-340-thread-1] INFO  server.RaftServerConfigKeys (ConfUtils.java:logGet(44)) - raft.server.log.appender.install.snapshot.enabled = false (custom)
2021-12-05 13:31:20,435 [pool-340-thread-1] INFO  server.RaftServer$Division (ServerState.java:<init>(105)) - 211abb75-e3d2-43c2-82f8-ac1b18f50a72@group-F02BBA177089: ConfigurationManager, init=-1: [68db2fb8-7673-4b38-b5c0-1c356c7b18fc|rpc:10.1.0.33:41561|priority:0, e7c48114-a24d-4ce4-906f-8d90eb33b114|rpc:10.1.0.33:46255|priority:1, 211abb75-e3d2-43c2-82f8-ac1b18f50a72|rpc:10.1.0.33:45379|priority:0], old=null, confs=<EMPTY_MAP>
2021-12-05 13:31:20,435 [pool-340-thread-1] INFO  server.RaftServerConfigKeys (ConfUtils.java:logGet(44)) - raft.server.storage.dir = [/home/runner/work/ozone/ozone/hadoop-ozone/integration-test/target/test-dir/MiniOzoneClusterImpl-71d26685-9743-4000-9a7d-6ec2d996e1a3/datanode-0/data/ratis] (custom)
2021-12-05 13:31:20,435 [pool-340-thread-1] INFO  server.RaftServerConfigKeys (ConfUtils.java:logGet(44)) - raft.server.log.corruption.policy = EXCEPTION (default)
2021-12-05 13:31:20,436 [pool-340-thread-1] INFO  server.RaftServerConfigKeys (ConfUtils.java:logGet(44)) - raft.server.storage.free-space.min = 0MB (=0) (default)
2021-12-05 13:31:20,436 [pool-340-thread-1] INFO  storage.RaftStorageDirectory (RaftStorageDirectoryImpl.java:analyzeStorage(135)) - The storage directory /home/runner/work/ozone/ozone/hadoop-ozone/integration-test/target/test-dir/MiniOzoneClusterImpl-71d26685-9743-4000-9a7d-6ec2d996e1a3/datanode-0/data/ratis/68d02f1f-c2b3-43a8-ac90-f02bba177089 does not exist. Creating ...
2021-12-05 13:31:20,442 [pool-340-thread-1] INFO  storage.RaftStorageDirectory (RaftStorageDirectoryImpl.java:tryLock(230)) - Lock on /home/runner/work/ozone/ozone/hadoop-ozone/integration-test/target/test-dir/MiniOzoneClusterImpl-71d26685-9743-4000-9a7d-6ec2d996e1a3/datanode-0/data/ratis/68d02f1f-c2b3-43a8-ac90-f02bba177089/in_use.lock acquired by nodename 9128@fv-az148-969
2021-12-05 13:31:20,448 [pool-340-thread-1] INFO  storage.RaftStorage (RaftStorageImpl.java:format(89)) - Storage directory /home/runner/work/ozone/ozone/hadoop-ozone/integration-test/target/test-dir/MiniOzoneClusterImpl-71d26685-9743-4000-9a7d-6ec2d996e1a3/datanode-0/data/ratis/68d02f1f-c2b3-43a8-ac90-f02bba177089 has been successfully formatted.
2021-12-05 13:31:20,449 [pool-340-thread-1] INFO  ratis.ContainerStateMachine (ContainerStateMachine.java:loadSnapshot(224)) - group-F02BBA177089: The snapshot info is null. Setting the last applied indexto:(t:0, i:~)
2021-12-05 13:31:20,449 [pool-340-thread-1] INFO  server.RaftServerConfigKeys (ConfUtils.java:logGet(44)) - raft.server.notification.no-leader.timeout = 300s (custom)
2021-12-05 13:31:20,449 [pool-340-thread-1] INFO  server.RaftServerConfigKeys (ConfUtils.java:logGet(44)) - raft.server.log.use.memory = false (default)
2021-12-05 13:31:20,449 [pool-340-thread-1] INFO  server.RaftServerConfigKeys (ConfUtils.java:logGet(44)) - raft.server.log.purge.gap = 1000000 (custom)
2021-12-05 13:31:20,450 [pool-340-thread-1] INFO  server.RaftServerConfigKeys (ConfUtils.java:logGet(44)) - raft.server.log.appender.buffer.byte-limit = 33554432 (custom)
2021-12-05 13:31:20,450 [EventQueue-OpenPipelineForHealthyPipelineSafeModeRule] INFO  safemode.SCMSafeModeManager (HealthyPipelineSafeModeRule.java:process(124)) - SCM in safe mode. Healthy pipelines reported count is 0, required healthy pipeline reported count is 1
2021-12-05 13:31:20,450 [pool-340-thread-1] INFO  server.RaftServerConfigKeys (ConfUtils.java:logGet(44)) - raft.server.log.segment.size.max = 1048576 (custom)
2021-12-05 13:31:20,451 [pool-340-thread-1] INFO  server.RaftServerConfigKeys (ConfUtils.java:logGet(44)) - raft.server.log.segment.cache.num.max = 2 (custom)
2021-12-05 13:31:20,451 [pool-340-thread-1] INFO  server.RaftServerConfigKeys (ConfUtils.java:logGet(44)) - raft.server.log.segment.cache.size.max = 200MB (=209715200) (default)
2021-12-05 13:31:20,451 [pool-340-thread-1] INFO  segmented.SegmentedRaftLogWorker (SegmentedRaftLogWorker.java:<init>(182)) - new 211abb75-e3d2-43c2-82f8-ac1b18f50a72@group-F02BBA177089-SegmentedRaftLogWorker for RaftStorageImpl:Storage Directory /home/runner/work/ozone/ozone/hadoop-ozone/integration-test/target/test-dir/MiniOzoneClusterImpl-71d26685-9743-4000-9a7d-6ec2d996e1a3/datanode-0/data/ratis/68d02f1f-c2b3-43a8-ac90-f02bba177089
2021-12-05 13:31:20,451 [pool-340-thread-1] INFO  server.RaftServerConfigKeys (ConfUtils.java:logGet(44)) - raft.server.log.queue.byte-limit = 2147483647 (custom)
2021-12-05 13:31:20,451 [pool-340-thread-1] INFO  server.RaftServerConfigKeys (ConfUtils.java:logGet(44)) - raft.server.log.queue.element-limit = 1024 (custom)
2021-12-05 13:31:20,451 [pool-340-thread-1] INFO  server.RaftServerConfigKeys (ConfUtils.java:logGet(44)) - raft.server.log.segment.size.max = 1048576 (custom)
2021-12-05 13:31:20,451 [pool-340-thread-1] INFO  server.RaftServerConfigKeys (ConfUtils.java:logGet(44)) - raft.server.log.preallocated.size = 16384 (custom)
2021-12-05 13:31:20,451 [pool-340-thread-1] INFO  server.RaftServerConfigKeys (ConfUtils.java:logGet(44)) - raft.server.log.force.sync.num = 128 (default)
2021-12-05 13:31:20,451 [pool-340-thread-1] INFO  server.RaftServerConfigKeys (ConfUtils.java:logGet(44)) - raft.server.log.statemachine.data.sync = true (default)
2021-12-05 13:31:20,452 [pool-340-thread-1] INFO  server.RaftServerConfigKeys (ConfUtils.java:logGet(44)) - raft.server.log.statemachine.data.sync.timeout = 10s (default)
2021-12-05 13:31:20,452 [pool-340-thread-1] INFO  server.RaftServerConfigKeys (ConfUtils.java:logGet(44)) - raft.server.log.statemachine.data.sync.timeout.retry = -1 (default)
2021-12-05 13:31:20,453 [pool-340-thread-1] INFO  server.RaftServerConfigKeys (ConfUtils.java:logGet(44)) - raft.server.log.write.buffer.size = 1048576 (custom)
2021-12-05 13:31:20,453 [pool-340-thread-1] INFO  server.RaftServerConfigKeys (ConfUtils.java:logGet(44)) - raft.server.log.statemachine.data.caching.enabled = true (custom)
2021-12-05 13:31:20,462 [pool-340-thread-1] INFO  segmented.SegmentedRaftLogWorker (SegmentedRaftLogWorker.java:lambda$new$0(133)) - 211abb75-e3d2-43c2-82f8-ac1b18f50a72@group-F02BBA177089-SegmentedRaftLogWorker: flushIndex: setUnconditionally 0 -> -1
2021-12-05 13:31:20,464 [pool-340-thread-1] INFO  segmented.SegmentedRaftLogWorker (SegmentedRaftLogWorker.java:lambda$new$0(133)) - 211abb75-e3d2-43c2-82f8-ac1b18f50a72@group-F02BBA177089-SegmentedRaftLogWorker: safeCacheEvictIndex: setUnconditionally 0 -> -1
2021-12-05 13:31:20,464 [pool-340-thread-1] INFO  server.RaftServerConfigKeys (ConfUtils.java:logGet(44)) - raft.server.snapshot.auto.trigger.enabled = true (custom)
2021-12-05 13:31:20,464 [pool-340-thread-1] INFO  server.RaftServerConfigKeys (ConfUtils.java:logGet(44)) - raft.server.snapshot.auto.trigger.threshold = 10000 (custom)
2021-12-05 13:31:20,464 [pool-340-thread-1] INFO  server.RaftServerConfigKeys (ConfUtils.java:logGet(44)) - raft.server.snapshot.retention.file.num = 5 (custom)
2021-12-05 13:31:20,464 [pool-340-thread-1] INFO  server.RaftServerConfigKeys (ConfUtils.java:logGet(44)) - raft.server.log.purge.upto.snapshot.index = false (default)
2021-12-05 13:31:20,464 [pool-340-thread-1] INFO  server.RaftServerConfigKeys (ConfUtils.java:logGet(44)) - raft.server.retrycache.expirytime = 600000ms (custom)
2021-12-05 13:31:20,464 [pool-340-thread-1] INFO  server.RaftServerConfigKeys (ConfUtils.java:logGet(44)) - raft.server.retrycache.statistics.expirytime = 100μs (default)
2021-12-05 13:31:20,466 [pool-340-thread-1] INFO  server.RaftServer$Division (RaftServerImpl.java:start(301)) - 211abb75-e3d2-43c2-82f8-ac1b18f50a72@group-F02BBA177089: start as a follower, conf=-1: [68db2fb8-7673-4b38-b5c0-1c356c7b18fc|rpc:10.1.0.33:41561|priority:0, e7c48114-a24d-4ce4-906f-8d90eb33b114|rpc:10.1.0.33:46255|priority:1, 211abb75-e3d2-43c2-82f8-ac1b18f50a72|rpc:10.1.0.33:45379|priority:0], old=null
2021-12-05 13:31:20,466 [pool-340-thread-1] INFO  server.RaftServer$Division (RaftServerImpl.java:setRole(290)) - 211abb75-e3d2-43c2-82f8-ac1b18f50a72@group-F02BBA177089: changes role from      null to FOLLOWER at term 0 for startAsFollower
2021-12-05 13:31:20,467 [pool-340-thread-1] INFO  impl.RoleInfo (RoleInfo.java:updateAndGet(130)) - 211abb75-e3d2-43c2-82f8-ac1b18f50a72: start 211abb75-e3d2-43c2-82f8-ac1b18f50a72@group-F02BBA177089-FollowerState
2021-12-05 13:31:20,468 [pool-340-thread-1] INFO  util.JmxRegister (JmxRegister.java:tryRegister(44)) - Successfully registered JMX Bean with object name Ratis:service=RaftServer,group=group-F02BBA177089,id=211abb75-e3d2-43c2-82f8-ac1b18f50a72
2021-12-05 13:31:20,474 [Command processor thread] INFO  ratis.XceiverServerRatis (XceiverServerRatis.java:addGroup(768)) - Created group PipelineID=68d02f1f-c2b3-43a8-ac90-f02bba177089
2021-12-05 13:31:20,517 [grpc-default-executor-0] INFO  server.RaftServer (RaftServerProxy.java:addNew(95)) - e7c48114-a24d-4ce4-906f-8d90eb33b114: addNew group-F02BBA177089:[68db2fb8-7673-4b38-b5c0-1c356c7b18fc|rpc:10.1.0.33:41561|dataStream:|priority:0, e7c48114-a24d-4ce4-906f-8d90eb33b114|rpc:10.1.0.33:46255|dataStream:|priority:1, 211abb75-e3d2-43c2-82f8-ac1b18f50a72|rpc:10.1.0.33:45379|dataStream:|priority:0] returns group-F02BBA177089:java.util.concurrent.CompletableFuture@1ac453dd[Not completed]
2021-12-05 13:31:20,520 [pool-361-thread-1] INFO  server.RaftServer$Division (RaftServerImpl.java:<init>(184)) - e7c48114-a24d-4ce4-906f-8d90eb33b114: new RaftServerImpl for group-F02BBA177089:[68db2fb8-7673-4b38-b5c0-1c356c7b18fc|rpc:10.1.0.33:41561|dataStream:|priority:0, e7c48114-a24d-4ce4-906f-8d90eb33b114|rpc:10.1.0.33:46255|dataStream:|priority:1, 211abb75-e3d2-43c2-82f8-ac1b18f50a72|rpc:10.1.0.33:45379|dataStream:|priority:0] with ContainerStateMachine:uninitialized
2021-12-05 13:31:20,530 [pool-361-thread-1] INFO  server.RaftServerConfigKeys (ConfUtils.java:logGet(44)) - raft.server.rpc.timeout.min = 5s (custom)
2021-12-05 13:31:20,530 [pool-361-thread-1] INFO  server.RaftServerConfigKeys (ConfUtils.java:logGet(44)) - raft.server.rpc.timeout.max = 5200ms (custom)
2021-12-05 13:31:20,530 [pool-361-thread-1] INFO  server.RaftServerConfigKeys (ConfUtils.java:logGet(44)) - raft.server.rpc.sleep.time = 25ms (default)
2021-12-05 13:31:20,530 [pool-361-thread-1] INFO  server.RaftServerConfigKeys (ConfUtils.java:logGet(44)) - raft.server.rpc.slowness.timeout = 300s (custom)
2021-12-05 13:31:20,531 [pool-361-thread-1] INFO  server.RaftServerConfigKeys (ConfUtils.java:logGet(44)) - raft.server.leaderelection.leader.step-down.wait-time = 10s (default)
2021-12-05 13:31:20,531 [pool-361-thread-1] INFO  server.RaftServerConfigKeys (ConfUtils.java:logGet(44)) - raft.server.sleep.deviation.threshold = 300ms (default)
2021-12-05 13:31:20,531 [pool-361-thread-1] INFO  server.RaftServerConfigKeys (ConfUtils.java:logGet(44)) - raft.server.log.appender.install.snapshot.enabled = false (custom)
2021-12-05 13:31:20,531 [pool-361-thread-1] INFO  server.RaftServer$Division (ServerState.java:<init>(105)) - e7c48114-a24d-4ce4-906f-8d90eb33b114@group-F02BBA177089: ConfigurationManager, init=-1: [68db2fb8-7673-4b38-b5c0-1c356c7b18fc|rpc:10.1.0.33:41561|dataStream:|priority:0, e7c48114-a24d-4ce4-906f-8d90eb33b114|rpc:10.1.0.33:46255|dataStream:|priority:1, 211abb75-e3d2-43c2-82f8-ac1b18f50a72|rpc:10.1.0.33:45379|dataStream:|priority:0], old=null, confs=<EMPTY_MAP>
2021-12-05 13:31:20,531 [pool-361-thread-1] INFO  server.RaftServerConfigKeys (ConfUtils.java:logGet(44)) - raft.server.storage.dir = [/home/runner/work/ozone/ozone/hadoop-ozone/integration-test/target/test-dir/MiniOzoneClusterImpl-71d26685-9743-4000-9a7d-6ec2d996e1a3/datanode-1/data/ratis] (custom)
2021-12-05 13:31:20,531 [pool-361-thread-1] INFO  server.RaftServerConfigKeys (ConfUtils.java:logGet(44)) - raft.server.log.corruption.policy = EXCEPTION (default)
2021-12-05 13:31:20,531 [pool-361-thread-1] INFO  server.RaftServerConfigKeys (ConfUtils.java:logGet(44)) - raft.server.storage.free-space.min = 0MB (=0) (default)
2021-12-05 13:31:20,531 [pool-361-thread-1] INFO  storage.RaftStorageDirectory (RaftStorageDirectoryImpl.java:analyzeStorage(135)) - The storage directory /home/runner/work/ozone/ozone/hadoop-ozone/integration-test/target/test-dir/MiniOzoneClusterImpl-71d26685-9743-4000-9a7d-6ec2d996e1a3/datanode-1/data/ratis/68d02f1f-c2b3-43a8-ac90-f02bba177089 does not exist. Creating ...
2021-12-05 13:31:20,539 [pool-361-thread-1] INFO  storage.RaftStorageDirectory (RaftStorageDirectoryImpl.java:tryLock(230)) - Lock on /home/runner/work/ozone/ozone/hadoop-ozone/integration-test/target/test-dir/MiniOzoneClusterImpl-71d26685-9743-4000-9a7d-6ec2d996e1a3/datanode-1/data/ratis/68d02f1f-c2b3-43a8-ac90-f02bba177089/in_use.lock acquired by nodename 9128@fv-az148-969
2021-12-05 13:31:20,544 [pool-361-thread-1] INFO  storage.RaftStorage (RaftStorageImpl.java:format(89)) - Storage directory /home/runner/work/ozone/ozone/hadoop-ozone/integration-test/target/test-dir/MiniOzoneClusterImpl-71d26685-9743-4000-9a7d-6ec2d996e1a3/datanode-1/data/ratis/68d02f1f-c2b3-43a8-ac90-f02bba177089 has been successfully formatted.
2021-12-05 13:31:20,556 [pool-361-thread-1] INFO  ratis.ContainerStateMachine (ContainerStateMachine.java:loadSnapshot(224)) - group-F02BBA177089: The snapshot info is null. Setting the last applied indexto:(t:0, i:~)
2021-12-05 13:31:20,556 [pool-361-thread-1] INFO  server.RaftServerConfigKeys (ConfUtils.java:logGet(44)) - raft.server.notification.no-leader.timeout = 300s (custom)
2021-12-05 13:31:20,556 [pool-361-thread-1] INFO  server.RaftServerConfigKeys (ConfUtils.java:logGet(44)) - raft.server.log.use.memory = false (default)
2021-12-05 13:31:20,556 [pool-361-thread-1] INFO  server.RaftServerConfigKeys (ConfUtils.java:logGet(44)) - raft.server.log.purge.gap = 1000000 (custom)
2021-12-05 13:31:20,556 [pool-361-thread-1] INFO  server.RaftServerConfigKeys (ConfUtils.java:logGet(44)) - raft.server.log.appender.buffer.byte-limit = 33554432 (custom)
2021-12-05 13:31:20,556 [pool-361-thread-1] INFO  server.RaftServerConfigKeys (ConfUtils.java:logGet(44)) - raft.server.log.segment.size.max = 1048576 (custom)
2021-12-05 13:31:20,557 [pool-361-thread-1] INFO  server.RaftServerConfigKeys (ConfUtils.java:logGet(44)) - raft.server.log.segment.cache.num.max = 2 (custom)
2021-12-05 13:31:20,557 [pool-361-thread-1] INFO  server.RaftServerConfigKeys (ConfUtils.java:logGet(44)) - raft.server.log.segment.cache.size.max = 200MB (=209715200) (default)
2021-12-05 13:31:20,557 [pool-361-thread-1] INFO  segmented.SegmentedRaftLogWorker (SegmentedRaftLogWorker.java:<init>(182)) - new e7c48114-a24d-4ce4-906f-8d90eb33b114@group-F02BBA177089-SegmentedRaftLogWorker for RaftStorageImpl:Storage Directory /home/runner/work/ozone/ozone/hadoop-ozone/integration-test/target/test-dir/MiniOzoneClusterImpl-71d26685-9743-4000-9a7d-6ec2d996e1a3/datanode-1/data/ratis/68d02f1f-c2b3-43a8-ac90-f02bba177089
2021-12-05 13:31:20,557 [pool-361-thread-1] INFO  server.RaftServerConfigKeys (ConfUtils.java:logGet(44)) - raft.server.log.queue.byte-limit = 2147483647 (custom)
2021-12-05 13:31:20,557 [pool-361-thread-1] INFO  server.RaftServerConfigKeys (ConfUtils.java:logGet(44)) - raft.server.log.queue.element-limit = 1024 (custom)
2021-12-05 13:31:20,557 [pool-361-thread-1] INFO  server.RaftServerConfigKeys (ConfUtils.java:logGet(44)) - raft.server.log.segment.size.max = 1048576 (custom)
2021-12-05 13:31:20,557 [pool-361-thread-1] INFO  server.RaftServerConfigKeys (ConfUtils.java:logGet(44)) - raft.server.log.preallocated.size = 16384 (custom)
2021-12-05 13:31:20,557 [pool-361-thread-1] INFO  server.RaftServerConfigKeys (ConfUtils.java:logGet(44)) - raft.server.log.force.sync.num = 128 (default)
2021-12-05 13:31:20,557 [pool-361-thread-1] INFO  server.RaftServerConfigKeys (ConfUtils.java:logGet(44)) - raft.server.log.statemachine.data.sync = true (default)
2021-12-05 13:31:20,557 [pool-361-thread-1] INFO  server.RaftServerConfigKeys (ConfUtils.java:logGet(44)) - raft.server.log.statemachine.data.sync.timeout = 10s (default)
2021-12-05 13:31:20,557 [pool-361-thread-1] INFO  server.RaftServerConfigKeys (ConfUtils.java:logGet(44)) - raft.server.log.statemachine.data.sync.timeout.retry = -1 (default)
2021-12-05 13:31:20,558 [pool-361-thread-1] INFO  server.RaftServerConfigKeys (ConfUtils.java:logGet(44)) - raft.server.log.write.buffer.size = 1048576 (custom)
2021-12-05 13:31:20,559 [pool-361-thread-1] INFO  server.RaftServerConfigKeys (ConfUtils.java:logGet(44)) - raft.server.log.statemachine.data.caching.enabled = true (custom)
2021-12-05 13:31:20,559 [pool-361-thread-1] INFO  segmented.SegmentedRaftLogWorker (SegmentedRaftLogWorker.java:lambda$new$0(133)) - e7c48114-a24d-4ce4-906f-8d90eb33b114@group-F02BBA177089-SegmentedRaftLogWorker: flushIndex: setUnconditionally 0 -> -1
2021-12-05 13:31:20,559 [pool-361-thread-1] INFO  segmented.SegmentedRaftLogWorker (SegmentedRaftLogWorker.java:lambda$new$0(133)) - e7c48114-a24d-4ce4-906f-8d90eb33b114@group-F02BBA177089-SegmentedRaftLogWorker: safeCacheEvictIndex: setUnconditionally 0 -> -1
2021-12-05 13:31:20,570 [pool-361-thread-1] INFO  server.RaftServerConfigKeys (ConfUtils.java:logGet(44)) - raft.server.snapshot.auto.trigger.enabled = true (custom)
2021-12-05 13:31:20,570 [pool-361-thread-1] INFO  server.RaftServerConfigKeys (ConfUtils.java:logGet(44)) - raft.server.snapshot.auto.trigger.threshold = 10000 (custom)
2021-12-05 13:31:20,570 [pool-361-thread-1] INFO  server.RaftServerConfigKeys (ConfUtils.java:logGet(44)) - raft.server.snapshot.retention.file.num = 5 (custom)
2021-12-05 13:31:20,570 [pool-361-thread-1] INFO  server.RaftServerConfigKeys (ConfUtils.java:logGet(44)) - raft.server.log.purge.upto.snapshot.index = false (default)
2021-12-05 13:31:20,570 [pool-361-thread-1] INFO  server.RaftServerConfigKeys (ConfUtils.java:logGet(44)) - raft.server.retrycache.expirytime = 600000ms (custom)
2021-12-05 13:31:20,570 [pool-361-thread-1] INFO  server.RaftServerConfigKeys (ConfUtils.java:logGet(44)) - raft.server.retrycache.statistics.expirytime = 100μs (default)
2021-12-05 13:31:20,572 [pool-361-thread-1] INFO  server.RaftServer$Division (RaftServerImpl.java:start(301)) - e7c48114-a24d-4ce4-906f-8d90eb33b114@group-F02BBA177089: start as a follower, conf=-1: [68db2fb8-7673-4b38-b5c0-1c356c7b18fc|rpc:10.1.0.33:41561|dataStream:|priority:0, e7c48114-a24d-4ce4-906f-8d90eb33b114|rpc:10.1.0.33:46255|dataStream:|priority:1, 211abb75-e3d2-43c2-82f8-ac1b18f50a72|rpc:10.1.0.33:45379|dataStream:|priority:0], old=null
2021-12-05 13:31:20,572 [pool-361-thread-1] INFO  server.RaftServer$Division (RaftServerImpl.java:setRole(290)) - e7c48114-a24d-4ce4-906f-8d90eb33b114@group-F02BBA177089: changes role from      null to FOLLOWER at term 0 for startAsFollower
2021-12-05 13:31:20,572 [pool-361-thread-1] INFO  impl.RoleInfo (RoleInfo.java:updateAndGet(130)) - e7c48114-a24d-4ce4-906f-8d90eb33b114: start e7c48114-a24d-4ce4-906f-8d90eb33b114@group-F02BBA177089-FollowerState
2021-12-05 13:31:20,572 [pool-361-thread-1] INFO  util.JmxRegister (JmxRegister.java:tryRegister(44)) - Successfully registered JMX Bean with object name Ratis:service=RaftServer,group=group-F02BBA177089,id=e7c48114-a24d-4ce4-906f-8d90eb33b114
2021-12-05 13:31:20,626 [Command processor thread] INFO  server.RaftServer (RaftServerProxy.java:addNew(95)) - e7c48114-a24d-4ce4-906f-8d90eb33b114: addNew group-87E9ECEE8BE7:[e7c48114-a24d-4ce4-906f-8d90eb33b114|rpc:10.1.0.33:46255|priority:1] returns group-87E9ECEE8BE7:java.util.concurrent.CompletableFuture@53efc0ef[Not completed]
2021-12-05 13:31:20,627 [pool-361-thread-1] INFO  server.RaftServer$Division (RaftServerImpl.java:<init>(184)) - e7c48114-a24d-4ce4-906f-8d90eb33b114: new RaftServerImpl for group-87E9ECEE8BE7:[e7c48114-a24d-4ce4-906f-8d90eb33b114|rpc:10.1.0.33:46255|priority:1] with ContainerStateMachine:uninitialized
2021-12-05 13:31:20,627 [pool-361-thread-1] INFO  server.RaftServerConfigKeys (ConfUtils.java:logGet(44)) - raft.server.rpc.timeout.min = 5s (custom)
2021-12-05 13:31:20,627 [pool-361-thread-1] INFO  server.RaftServerConfigKeys (ConfUtils.java:logGet(44)) - raft.server.rpc.timeout.max = 5200ms (custom)
2021-12-05 13:31:20,627 [pool-361-thread-1] INFO  server.RaftServerConfigKeys (ConfUtils.java:logGet(44)) - raft.server.rpc.sleep.time = 25ms (default)
2021-12-05 13:31:20,627 [pool-361-thread-1] INFO  server.RaftServerConfigKeys (ConfUtils.java:logGet(44)) - raft.server.rpc.slowness.timeout = 300s (custom)
2021-12-05 13:31:20,627 [pool-361-thread-1] INFO  server.RaftServerConfigKeys (ConfUtils.java:logGet(44)) - raft.server.leaderelection.leader.step-down.wait-time = 10s (default)
2021-12-05 13:31:20,627 [pool-361-thread-1] INFO  server.RaftServerConfigKeys (ConfUtils.java:logGet(44)) - raft.server.sleep.deviation.threshold = 300ms (default)
2021-12-05 13:31:20,627 [pool-361-thread-1] INFO  server.RaftServerConfigKeys (ConfUtils.java:logGet(44)) - raft.server.log.appender.install.snapshot.enabled = false (custom)
2021-12-05 13:31:20,627 [pool-361-thread-1] INFO  server.RaftServer$Division (ServerState.java:<init>(105)) - e7c48114-a24d-4ce4-906f-8d90eb33b114@group-87E9ECEE8BE7: ConfigurationManager, init=-1: [e7c48114-a24d-4ce4-906f-8d90eb33b114|rpc:10.1.0.33:46255|priority:1], old=null, confs=<EMPTY_MAP>
2021-12-05 13:31:20,627 [pool-361-thread-1] INFO  server.RaftServerConfigKeys (ConfUtils.java:logGet(44)) - raft.server.storage.dir = [/home/runner/work/ozone/ozone/hadoop-ozone/integration-test/target/test-dir/MiniOzoneClusterImpl-71d26685-9743-4000-9a7d-6ec2d996e1a3/datanode-1/data/ratis] (custom)
2021-12-05 13:31:20,627 [pool-361-thread-1] INFO  server.RaftServerConfigKeys (ConfUtils.java:logGet(44)) - raft.server.log.corruption.policy = EXCEPTION (default)
2021-12-05 13:31:20,627 [pool-361-thread-1] INFO  server.RaftServerConfigKeys (ConfUtils.java:logGet(44)) - raft.server.storage.free-space.min = 0MB (=0) (default)
2021-12-05 13:31:20,628 [pool-361-thread-1] INFO  storage.RaftStorageDirectory (RaftStorageDirectoryImpl.java:analyzeStorage(135)) - The storage directory /home/runner/work/ozone/ozone/hadoop-ozone/integration-test/target/test-dir/MiniOzoneClusterImpl-71d26685-9743-4000-9a7d-6ec2d996e1a3/datanode-1/data/ratis/be37e110-d4aa-458a-bed7-87e9ecee8be7 does not exist. Creating ...
2021-12-05 13:31:20,638 [pool-361-thread-1] INFO  storage.RaftStorageDirectory (RaftStorageDirectoryImpl.java:tryLock(230)) - Lock on /home/runner/work/ozone/ozone/hadoop-ozone/integration-test/target/test-dir/MiniOzoneClusterImpl-71d26685-9743-4000-9a7d-6ec2d996e1a3/datanode-1/data/ratis/be37e110-d4aa-458a-bed7-87e9ecee8be7/in_use.lock acquired by nodename 9128@fv-az148-969
2021-12-05 13:31:20,639 [pool-361-thread-1] INFO  storage.RaftStorage (RaftStorageImpl.java:format(89)) - Storage directory /home/runner/work/ozone/ozone/hadoop-ozone/integration-test/target/test-dir/MiniOzoneClusterImpl-71d26685-9743-4000-9a7d-6ec2d996e1a3/datanode-1/data/ratis/be37e110-d4aa-458a-bed7-87e9ecee8be7 has been successfully formatted.
2021-12-05 13:31:20,639 [pool-361-thread-1] INFO  ratis.ContainerStateMachine (ContainerStateMachine.java:loadSnapshot(224)) - group-87E9ECEE8BE7: The snapshot info is null. Setting the last applied indexto:(t:0, i:~)
2021-12-05 13:31:20,639 [pool-361-thread-1] INFO  server.RaftServerConfigKeys (ConfUtils.java:logGet(44)) - raft.server.notification.no-leader.timeout = 300s (custom)
2021-12-05 13:31:20,639 [pool-361-thread-1] INFO  server.RaftServerConfigKeys (ConfUtils.java:logGet(44)) - raft.server.log.use.memory = false (default)
2021-12-05 13:31:20,639 [pool-361-thread-1] INFO  server.RaftServerConfigKeys (ConfUtils.java:logGet(44)) - raft.server.log.purge.gap = 1000000 (custom)
2021-12-05 13:31:20,639 [pool-361-thread-1] INFO  server.RaftServerConfigKeys (ConfUtils.java:logGet(44)) - raft.server.log.appender.buffer.byte-limit = 33554432 (custom)
2021-12-05 13:31:20,640 [pool-361-thread-1] INFO  server.RaftServerConfigKeys (ConfUtils.java:logGet(44)) - raft.server.log.segment.size.max = 1048576 (custom)
2021-12-05 13:31:20,640 [EventQueue-PipelineReportForPipelineReportHandler] INFO  pipeline.PipelineManagerImpl (PipelineManagerImpl.java:openPipeline(289)) - Pipeline Pipeline[ Id: be37e110-d4aa-458a-bed7-87e9ecee8be7, Nodes: e7c48114-a24d-4ce4-906f-8d90eb33b114{ip: 10.1.0.33, host: fv-az148-969.bm4ck3pvxvsene1rjriu5fhcdb.bx.internal.cloudapp.net, ports: [REPLICATION=34803, RATIS=46255, RATIS_ADMIN=46255, RATIS_SERVER=46255, STANDALONE=40909], networkLocation: /default-rack, certSerialId: null, persistedOpState: IN_SERVICE, persistedOpStateExpiryEpochSec: 0}, ReplicationConfig: RATIS/ONE, State:ALLOCATED, leaderId:e7c48114-a24d-4ce4-906f-8d90eb33b114, CreationTimestamp2021-12-05T13:31:17.628Z[Etc/UTC]] moved to OPEN state
2021-12-05 13:31:20,641 [pool-361-thread-1] INFO  server.RaftServerConfigKeys (ConfUtils.java:logGet(44)) - raft.server.log.segment.cache.num.max = 2 (custom)
2021-12-05 13:31:20,641 [EventQueue-OpenPipelineForHealthyPipelineSafeModeRule] INFO  safemode.SCMSafeModeManager (HealthyPipelineSafeModeRule.java:process(124)) - SCM in safe mode. Healthy pipelines reported count is 0, required healthy pipeline reported count is 1
2021-12-05 13:31:20,641 [pool-361-thread-1] INFO  server.RaftServerConfigKeys (ConfUtils.java:logGet(44)) - raft.server.log.segment.cache.size.max = 200MB (=209715200) (default)
2021-12-05 13:31:20,651 [pool-361-thread-1] INFO  segmented.SegmentedRaftLogWorker (SegmentedRaftLogWorker.java:<init>(182)) - new e7c48114-a24d-4ce4-906f-8d90eb33b114@group-87E9ECEE8BE7-SegmentedRaftLogWorker for RaftStorageImpl:Storage Directory /home/runner/work/ozone/ozone/hadoop-ozone/integration-test/target/test-dir/MiniOzoneClusterImpl-71d26685-9743-4000-9a7d-6ec2d996e1a3/datanode-1/data/ratis/be37e110-d4aa-458a-bed7-87e9ecee8be7
2021-12-05 13:31:20,651 [pool-361-thread-1] INFO  server.RaftServerConfigKeys (ConfUtils.java:logGet(44)) - raft.server.log.queue.byte-limit = 2147483647 (custom)
2021-12-05 13:31:20,651 [pool-361-thread-1] INFO  server.RaftServerConfigKeys (ConfUtils.java:logGet(44)) - raft.server.log.queue.element-limit = 1024 (custom)
2021-12-05 13:31:20,662 [pool-361-thread-1] INFO  server.RaftServerConfigKeys (ConfUtils.java:logGet(44)) - raft.server.log.segment.size.max = 1048576 (custom)
2021-12-05 13:31:20,662 [pool-361-thread-1] INFO  server.RaftServerConfigKeys (ConfUtils.java:logGet(44)) - raft.server.log.preallocated.size = 16384 (custom)
2021-12-05 13:31:20,662 [pool-361-thread-1] INFO  server.RaftServerConfigKeys (ConfUtils.java:logGet(44)) - raft.server.log.force.sync.num = 128 (default)
2021-12-05 13:31:20,662 [pool-361-thread-1] INFO  server.RaftServerConfigKeys (ConfUtils.java:logGet(44)) - raft.server.log.statemachine.data.sync = true (default)
2021-12-05 13:31:20,662 [pool-361-thread-1] INFO  server.RaftServerConfigKeys (ConfUtils.java:logGet(44)) - raft.server.log.statemachine.data.sync.timeout = 10s (default)
2021-12-05 13:31:20,662 [pool-361-thread-1] INFO  server.RaftServerConfigKeys (ConfUtils.java:logGet(44)) - raft.server.log.statemachine.data.sync.timeout.retry = -1 (default)
2021-12-05 13:31:20,663 [pool-361-thread-1] INFO  server.RaftServerConfigKeys (ConfUtils.java:logGet(44)) - raft.server.log.write.buffer.size = 1048576 (custom)
2021-12-05 13:31:20,664 [pool-361-thread-1] INFO  server.RaftServerConfigKeys (ConfUtils.java:logGet(44)) - raft.server.log.statemachine.data.caching.enabled = true (custom)
2021-12-05 13:31:20,664 [pool-361-thread-1] INFO  segmented.SegmentedRaftLogWorker (SegmentedRaftLogWorker.java:lambda$new$0(133)) - e7c48114-a24d-4ce4-906f-8d90eb33b114@group-87E9ECEE8BE7-SegmentedRaftLogWorker: flushIndex: setUnconditionally 0 -> -1
2021-12-05 13:31:20,664 [pool-361-thread-1] INFO  segmented.SegmentedRaftLogWorker (SegmentedRaftLogWorker.java:lambda$new$0(133)) - e7c48114-a24d-4ce4-906f-8d90eb33b114@group-87E9ECEE8BE7-SegmentedRaftLogWorker: safeCacheEvictIndex: setUnconditionally 0 -> -1
2021-12-05 13:31:20,662 [grpc-default-executor-0] INFO  server.RaftServer (RaftServerProxy.java:addNew(95)) - 68db2fb8-7673-4b38-b5c0-1c356c7b18fc: addNew group-F02BBA177089:[68db2fb8-7673-4b38-b5c0-1c356c7b18fc|rpc:10.1.0.33:41561|dataStream:|priority:0, e7c48114-a24d-4ce4-906f-8d90eb33b114|rpc:10.1.0.33:46255|dataStream:|priority:1, 211abb75-e3d2-43c2-82f8-ac1b18f50a72|rpc:10.1.0.33:45379|dataStream:|priority:0] returns group-F02BBA177089:java.util.concurrent.CompletableFuture@41966ed8[Not completed]
2021-12-05 13:31:20,674 [pool-382-thread-1] INFO  server.RaftServer$Division (RaftServerImpl.java:<init>(184)) - 68db2fb8-7673-4b38-b5c0-1c356c7b18fc: new RaftServerImpl for group-F02BBA177089:[68db2fb8-7673-4b38-b5c0-1c356c7b18fc|rpc:10.1.0.33:41561|dataStream:|priority:0, e7c48114-a24d-4ce4-906f-8d90eb33b114|rpc:10.1.0.33:46255|dataStream:|priority:1, 211abb75-e3d2-43c2-82f8-ac1b18f50a72|rpc:10.1.0.33:45379|dataStream:|priority:0] with ContainerStateMachine:uninitialized
2021-12-05 13:31:20,674 [pool-361-thread-1] INFO  server.RaftServerConfigKeys (ConfUtils.java:logGet(44)) - raft.server.snapshot.auto.trigger.enabled = true (custom)
2021-12-05 13:31:20,674 [pool-361-thread-1] INFO  server.RaftServerConfigKeys (ConfUtils.java:logGet(44)) - raft.server.snapshot.auto.trigger.threshold = 10000 (custom)
2021-12-05 13:31:20,674 [pool-361-thread-1] INFO  server.RaftServerConfigKeys (ConfUtils.java:logGet(44)) - raft.server.snapshot.retention.file.num = 5 (custom)
2021-12-05 13:31:20,674 [pool-361-thread-1] INFO  server.RaftServerConfigKeys (ConfUtils.java:logGet(44)) - raft.server.log.purge.upto.snapshot.index = false (default)
2021-12-05 13:31:20,674 [pool-361-thread-1] INFO  server.RaftServerConfigKeys (ConfUtils.java:logGet(44)) - raft.server.retrycache.expirytime = 600000ms (custom)
2021-12-05 13:31:20,675 [pool-361-thread-1] INFO  server.RaftServerConfigKeys (ConfUtils.java:logGet(44)) - raft.server.retrycache.statistics.expirytime = 100μs (default)
2021-12-05 13:31:20,676 [pool-361-thread-1] INFO  server.RaftServer$Division (RaftServerImpl.java:start(301)) - e7c48114-a24d-4ce4-906f-8d90eb33b114@group-87E9ECEE8BE7: start as a follower, conf=-1: [e7c48114-a24d-4ce4-906f-8d90eb33b114|rpc:10.1.0.33:46255|priority:1], old=null
2021-12-05 13:31:20,676 [pool-361-thread-1] INFO  server.RaftServer$Division (RaftServerImpl.java:setRole(290)) - e7c48114-a24d-4ce4-906f-8d90eb33b114@group-87E9ECEE8BE7: changes role from      null to FOLLOWER at term 0 for startAsFollower
2021-12-05 13:31:20,676 [pool-361-thread-1] INFO  impl.RoleInfo (RoleInfo.java:updateAndGet(130)) - e7c48114-a24d-4ce4-906f-8d90eb33b114: start e7c48114-a24d-4ce4-906f-8d90eb33b114@group-87E9ECEE8BE7-FollowerState
2021-12-05 13:31:20,686 [pool-361-thread-1] INFO  util.JmxRegister (JmxRegister.java:tryRegister(44)) - Successfully registered JMX Bean with object name Ratis:service=RaftServer,group=group-87E9ECEE8BE7,id=e7c48114-a24d-4ce4-906f-8d90eb33b114
2021-12-05 13:31:20,698 [pool-382-thread-1] INFO  server.RaftServerConfigKeys (ConfUtils.java:logGet(44)) - raft.server.rpc.timeout.min = 5s (custom)
2021-12-05 13:31:20,698 [pool-382-thread-1] INFO  server.RaftServerConfigKeys (ConfUtils.java:logGet(44)) - raft.server.rpc.timeout.max = 5200ms (custom)
2021-12-05 13:31:20,698 [pool-382-thread-1] INFO  server.RaftServerConfigKeys (ConfUtils.java:logGet(44)) - raft.server.rpc.sleep.time = 25ms (default)
2021-12-05 13:31:20,698 [pool-382-thread-1] INFO  server.RaftServerConfigKeys (ConfUtils.java:logGet(44)) - raft.server.rpc.slowness.timeout = 300s (custom)
2021-12-05 13:31:20,698 [pool-382-thread-1] INFO  server.RaftServerConfigKeys (ConfUtils.java:logGet(44)) - raft.server.leaderelection.leader.step-down.wait-time = 10s (default)
2021-12-05 13:31:20,698 [pool-382-thread-1] INFO  server.RaftServerConfigKeys (ConfUtils.java:logGet(44)) - raft.server.sleep.deviation.threshold = 300ms (default)
2021-12-05 13:31:20,698 [pool-382-thread-1] INFO  server.RaftServerConfigKeys (ConfUtils.java:logGet(44)) - raft.server.log.appender.install.snapshot.enabled = false (custom)
2021-12-05 13:31:20,698 [pool-382-thread-1] INFO  server.RaftServer$Division (ServerState.java:<init>(105)) - 68db2fb8-7673-4b38-b5c0-1c356c7b18fc@group-F02BBA177089: ConfigurationManager, init=-1: [68db2fb8-7673-4b38-b5c0-1c356c7b18fc|rpc:10.1.0.33:41561|dataStream:|priority:0, e7c48114-a24d-4ce4-906f-8d90eb33b114|rpc:10.1.0.33:46255|dataStream:|priority:1, 211abb75-e3d2-43c2-82f8-ac1b18f50a72|rpc:10.1.0.33:45379|dataStream:|priority:0], old=null, confs=<EMPTY_MAP>
2021-12-05 13:31:20,698 [pool-382-thread-1] INFO  server.RaftServerConfigKeys (ConfUtils.java:logGet(44)) - raft.server.storage.dir = [/home/runner/work/ozone/ozone/hadoop-ozone/integration-test/target/test-dir/MiniOzoneClusterImpl-71d26685-9743-4000-9a7d-6ec2d996e1a3/datanode-2/data/ratis] (custom)
2021-12-05 13:31:20,698 [pool-382-thread-1] INFO  server.RaftServerConfigKeys (ConfUtils.java:logGet(44)) - raft.server.log.corruption.policy = EXCEPTION (default)
2021-12-05 13:31:20,698 [pool-382-thread-1] INFO  server.RaftServerConfigKeys (ConfUtils.java:logGet(44)) - raft.server.storage.free-space.min = 0MB (=0) (default)
2021-12-05 13:31:20,698 [pool-382-thread-1] INFO  storage.RaftStorageDirectory (RaftStorageDirectoryImpl.java:analyzeStorage(135)) - The storage directory /home/runner/work/ozone/ozone/hadoop-ozone/integration-test/target/test-dir/MiniOzoneClusterImpl-71d26685-9743-4000-9a7d-6ec2d996e1a3/datanode-2/data/ratis/68d02f1f-c2b3-43a8-ac90-f02bba177089 does not exist. Creating ...
2021-12-05 13:31:20,700 [pool-382-thread-1] INFO  storage.RaftStorageDirectory (RaftStorageDirectoryImpl.java:tryLock(230)) - Lock on /home/runner/work/ozone/ozone/hadoop-ozone/integration-test/target/test-dir/MiniOzoneClusterImpl-71d26685-9743-4000-9a7d-6ec2d996e1a3/datanode-2/data/ratis/68d02f1f-c2b3-43a8-ac90-f02bba177089/in_use.lock acquired by nodename 9128@fv-az148-969
2021-12-05 13:31:20,702 [pool-382-thread-1] INFO  storage.RaftStorage (RaftStorageImpl.java:format(89)) - Storage directory /home/runner/work/ozone/ozone/hadoop-ozone/integration-test/target/test-dir/MiniOzoneClusterImpl-71d26685-9743-4000-9a7d-6ec2d996e1a3/datanode-2/data/ratis/68d02f1f-c2b3-43a8-ac90-f02bba177089 has been successfully formatted.
2021-12-05 13:31:20,710 [pool-382-thread-1] INFO  ratis.ContainerStateMachine (ContainerStateMachine.java:loadSnapshot(224)) - group-F02BBA177089: The snapshot info is null. Setting the last applied indexto:(t:0, i:~)
2021-12-05 13:31:20,710 [pool-382-thread-1] INFO  server.RaftServerConfigKeys (ConfUtils.java:logGet(44)) - raft.server.notification.no-leader.timeout = 300s (custom)
2021-12-05 13:31:20,710 [pool-382-thread-1] INFO  server.RaftServerConfigKeys (ConfUtils.java:logGet(44)) - raft.server.log.use.memory = false (default)
2021-12-05 13:31:20,710 [pool-382-thread-1] INFO  server.RaftServerConfigKeys (ConfUtils.java:logGet(44)) - raft.server.log.purge.gap = 1000000 (custom)
2021-12-05 13:31:20,710 [pool-382-thread-1] INFO  server.RaftServerConfigKeys (ConfUtils.java:logGet(44)) - raft.server.log.appender.buffer.byte-limit = 33554432 (custom)
2021-12-05 13:31:20,711 [pool-382-thread-1] INFO  server.RaftServerConfigKeys (ConfUtils.java:logGet(44)) - raft.server.log.segment.size.max = 1048576 (custom)
2021-12-05 13:31:20,711 [pool-382-thread-1] INFO  server.RaftServerConfigKeys (ConfUtils.java:logGet(44)) - raft.server.log.segment.cache.num.max = 2 (custom)
2021-12-05 13:31:20,711 [pool-382-thread-1] INFO  server.RaftServerConfigKeys (ConfUtils.java:logGet(44)) - raft.server.log.segment.cache.size.max = 200MB (=209715200) (default)
2021-12-05 13:31:20,711 [pool-382-thread-1] INFO  segmented.SegmentedRaftLogWorker (SegmentedRaftLogWorker.java:<init>(182)) - new 68db2fb8-7673-4b38-b5c0-1c356c7b18fc@group-F02BBA177089-SegmentedRaftLogWorker for RaftStorageImpl:Storage Directory /home/runner/work/ozone/ozone/hadoop-ozone/integration-test/target/test-dir/MiniOzoneClusterImpl-71d26685-9743-4000-9a7d-6ec2d996e1a3/datanode-2/data/ratis/68d02f1f-c2b3-43a8-ac90-f02bba177089
2021-12-05 13:31:20,711 [pool-382-thread-1] INFO  server.RaftServerConfigKeys (ConfUtils.java:logGet(44)) - raft.server.log.queue.byte-limit = 2147483647 (custom)
2021-12-05 13:31:20,711 [pool-382-thread-1] INFO  server.RaftServerConfigKeys (ConfUtils.java:logGet(44)) - raft.server.log.queue.element-limit = 1024 (custom)
2021-12-05 13:31:20,711 [pool-382-thread-1] INFO  server.RaftServerConfigKeys (ConfUtils.java:logGet(44)) - raft.server.log.segment.size.max = 1048576 (custom)
2021-12-05 13:31:20,711 [pool-382-thread-1] INFO  server.RaftServerConfigKeys (ConfUtils.java:logGet(44)) - raft.server.log.preallocated.size = 16384 (custom)
2021-12-05 13:31:20,711 [pool-382-thread-1] INFO  server.RaftServerConfigKeys (ConfUtils.java:logGet(44)) - raft.server.log.force.sync.num = 128 (default)
2021-12-05 13:31:20,711 [pool-382-thread-1] INFO  server.RaftServerConfigKeys (ConfUtils.java:logGet(44)) - raft.server.log.statemachine.data.sync = true (default)
2021-12-05 13:31:20,711 [pool-382-thread-1] INFO  server.RaftServerConfigKeys (ConfUtils.java:logGet(44)) - raft.server.log.statemachine.data.sync.timeout = 10s (default)
2021-12-05 13:31:20,711 [pool-382-thread-1] INFO  server.RaftServerConfigKeys (ConfUtils.java:logGet(44)) - raft.server.log.statemachine.data.sync.timeout.retry = -1 (default)
2021-12-05 13:31:20,713 [pool-382-thread-1] INFO  server.RaftServerConfigKeys (ConfUtils.java:logGet(44)) - raft.server.log.write.buffer.size = 1048576 (custom)
2021-12-05 13:31:20,713 [pool-382-thread-1] INFO  server.RaftServerConfigKeys (ConfUtils.java:logGet(44)) - raft.server.log.statemachine.data.caching.enabled = true (custom)
2021-12-05 13:31:20,714 [pool-382-thread-1] INFO  segmented.SegmentedRaftLogWorker (SegmentedRaftLogWorker.java:lambda$new$0(133)) - 68db2fb8-7673-4b38-b5c0-1c356c7b18fc@group-F02BBA177089-SegmentedRaftLogWorker: flushIndex: setUnconditionally 0 -> -1
2021-12-05 13:31:20,714 [Command processor thread] INFO  ratis.XceiverServerRatis (XceiverServerRatis.java:addGroup(768)) - Created group PipelineID=be37e110-d4aa-458a-bed7-87e9ecee8be7
2021-12-05 13:31:20,722 [Command processor thread] INFO  commandhandler.CreatePipelineCommandHandler (CreatePipelineCommandHandler.java:handle(106)) - Created Pipeline RATIS ONE PipelineID=be37e110-d4aa-458a-bed7-87e9ecee8be7.
2021-12-05 13:31:20,722 [Command processor thread] INFO  server.RaftServer (RaftServerProxy.java:addNew(95)) - e7c48114-a24d-4ce4-906f-8d90eb33b114: addNew group-E6F0FCCAF35B:[68db2fb8-7673-4b38-b5c0-1c356c7b18fc|rpc:10.1.0.33:41561|priority:1, e7c48114-a24d-4ce4-906f-8d90eb33b114|rpc:10.1.0.33:46255|priority:0, 211abb75-e3d2-43c2-82f8-ac1b18f50a72|rpc:10.1.0.33:45379|priority:0] returns group-E6F0FCCAF35B:java.util.concurrent.CompletableFuture@5d2834e2[Not completed]
2021-12-05 13:31:20,723 [pool-361-thread-1] INFO  server.RaftServer$Division (RaftServerImpl.java:<init>(184)) - e7c48114-a24d-4ce4-906f-8d90eb33b114: new RaftServerImpl for group-E6F0FCCAF35B:[68db2fb8-7673-4b38-b5c0-1c356c7b18fc|rpc:10.1.0.33:41561|priority:1, e7c48114-a24d-4ce4-906f-8d90eb33b114|rpc:10.1.0.33:46255|priority:0, 211abb75-e3d2-43c2-82f8-ac1b18f50a72|rpc:10.1.0.33:45379|priority:0] with ContainerStateMachine:uninitialized
2021-12-05 13:31:20,723 [pool-361-thread-1] INFO  server.RaftServerConfigKeys (ConfUtils.java:logGet(44)) - raft.server.rpc.timeout.min = 5s (custom)
2021-12-05 13:31:20,723 [pool-361-thread-1] INFO  server.RaftServerConfigKeys (ConfUtils.java:logGet(44)) - raft.server.rpc.timeout.max = 5200ms (custom)
2021-12-05 13:31:20,723 [pool-361-thread-1] INFO  server.RaftServerConfigKeys (ConfUtils.java:logGet(44)) - raft.server.rpc.sleep.time = 25ms (default)
2021-12-05 13:31:20,723 [pool-361-thread-1] INFO  server.RaftServerConfigKeys (ConfUtils.java:logGet(44)) - raft.server.rpc.slowness.timeout = 300s (custom)
2021-12-05 13:31:20,723 [pool-361-thread-1] INFO  server.RaftServerConfigKeys (ConfUtils.java:logGet(44)) - raft.server.leaderelection.leader.step-down.wait-time = 10s (default)
2021-12-05 13:31:20,723 [pool-361-thread-1] INFO  server.RaftServerConfigKeys (ConfUtils.java:logGet(44)) - raft.server.sleep.deviation.threshold = 300ms (default)
2021-12-05 13:31:20,723 [pool-361-thread-1] INFO  server.RaftServerConfigKeys (ConfUtils.java:logGet(44)) - raft.server.log.appender.install.snapshot.enabled = false (custom)
2021-12-05 13:31:20,723 [pool-361-thread-1] INFO  server.RaftServer$Division (ServerState.java:<init>(105)) - e7c48114-a24d-4ce4-906f-8d90eb33b114@group-E6F0FCCAF35B: ConfigurationManager, init=-1: [68db2fb8-7673-4b38-b5c0-1c356c7b18fc|rpc:10.1.0.33:41561|priority:1, e7c48114-a24d-4ce4-906f-8d90eb33b114|rpc:10.1.0.33:46255|priority:0, 211abb75-e3d2-43c2-82f8-ac1b18f50a72|rpc:10.1.0.33:45379|priority:0], old=null, confs=<EMPTY_MAP>
2021-12-05 13:31:20,723 [pool-361-thread-1] INFO  server.RaftServerConfigKeys (ConfUtils.java:logGet(44)) - raft.server.storage.dir = [/home/runner/work/ozone/ozone/hadoop-ozone/integration-test/target/test-dir/MiniOzoneClusterImpl-71d26685-9743-4000-9a7d-6ec2d996e1a3/datanode-1/data/ratis] (custom)
2021-12-05 13:31:20,723 [pool-361-thread-1] INFO  server.RaftServerConfigKeys (ConfUtils.java:logGet(44)) - raft.server.log.corruption.policy = EXCEPTION (default)
2021-12-05 13:31:20,723 [pool-361-thread-1] INFO  server.RaftServerConfigKeys (ConfUtils.java:logGet(44)) - raft.server.storage.free-space.min = 0MB (=0) (default)
2021-12-05 13:31:20,723 [pool-361-thread-1] INFO  storage.RaftStorageDirectory (RaftStorageDirectoryImpl.java:analyzeStorage(135)) - The storage directory /home/runner/work/ozone/ozone/hadoop-ozone/integration-test/target/test-dir/MiniOzoneClusterImpl-71d26685-9743-4000-9a7d-6ec2d996e1a3/datanode-1/data/ratis/0e93b0a2-4e3c-46e0-9ff6-e6f0fccaf35b does not exist. Creating ...
2021-12-05 13:31:20,724 [pool-382-thread-1] INFO  segmented.SegmentedRaftLogWorker (SegmentedRaftLogWorker.java:lambda$new$0(133)) - 68db2fb8-7673-4b38-b5c0-1c356c7b18fc@group-F02BBA177089-SegmentedRaftLogWorker: safeCacheEvictIndex: setUnconditionally 0 -> -1
2021-12-05 13:31:20,725 [pool-361-thread-1] INFO  storage.RaftStorageDirectory (RaftStorageDirectoryImpl.java:tryLock(230)) - Lock on /home/runner/work/ozone/ozone/hadoop-ozone/integration-test/target/test-dir/MiniOzoneClusterImpl-71d26685-9743-4000-9a7d-6ec2d996e1a3/datanode-1/data/ratis/0e93b0a2-4e3c-46e0-9ff6-e6f0fccaf35b/in_use.lock acquired by nodename 9128@fv-az148-969
2021-12-05 13:31:20,726 [pool-361-thread-1] INFO  storage.RaftStorage (RaftStorageImpl.java:format(89)) - Storage directory /home/runner/work/ozone/ozone/hadoop-ozone/integration-test/target/test-dir/MiniOzoneClusterImpl-71d26685-9743-4000-9a7d-6ec2d996e1a3/datanode-1/data/ratis/0e93b0a2-4e3c-46e0-9ff6-e6f0fccaf35b has been successfully formatted.
2021-12-05 13:31:20,738 [pool-382-thread-1] INFO  server.RaftServerConfigKeys (ConfUtils.java:logGet(44)) - raft.server.snapshot.auto.trigger.enabled = true (custom)
2021-12-05 13:31:20,738 [pool-382-thread-1] INFO  server.RaftServerConfigKeys (ConfUtils.java:logGet(44)) - raft.server.snapshot.auto.trigger.threshold = 10000 (custom)
2021-12-05 13:31:20,738 [pool-382-thread-1] INFO  server.RaftServerConfigKeys (ConfUtils.java:logGet(44)) - raft.server.snapshot.retention.file.num = 5 (custom)
2021-12-05 13:31:20,738 [pool-382-thread-1] INFO  server.RaftServerConfigKeys (ConfUtils.java:logGet(44)) - raft.server.log.purge.upto.snapshot.index = false (default)
2021-12-05 13:31:20,738 [pool-382-thread-1] INFO  server.RaftServerConfigKeys (ConfUtils.java:logGet(44)) - raft.server.retrycache.expirytime = 600000ms (custom)
2021-12-05 13:31:20,738 [pool-382-thread-1] INFO  server.RaftServerConfigKeys (ConfUtils.java:logGet(44)) - raft.server.retrycache.statistics.expirytime = 100μs (default)
2021-12-05 13:31:20,739 [pool-382-thread-1] INFO  server.RaftServer$Division (RaftServerImpl.java:start(301)) - 68db2fb8-7673-4b38-b5c0-1c356c7b18fc@group-F02BBA177089: start as a follower, conf=-1: [68db2fb8-7673-4b38-b5c0-1c356c7b18fc|rpc:10.1.0.33:41561|dataStream:|priority:0, e7c48114-a24d-4ce4-906f-8d90eb33b114|rpc:10.1.0.33:46255|dataStream:|priority:1, 211abb75-e3d2-43c2-82f8-ac1b18f50a72|rpc:10.1.0.33:45379|dataStream:|priority:0], old=null
2021-12-05 13:31:20,739 [pool-382-thread-1] INFO  server.RaftServer$Division (RaftServerImpl.java:setRole(290)) - 68db2fb8-7673-4b38-b5c0-1c356c7b18fc@group-F02BBA177089: changes role from      null to FOLLOWER at term 0 for startAsFollower
2021-12-05 13:31:20,740 [pool-382-thread-1] INFO  impl.RoleInfo (RoleInfo.java:updateAndGet(130)) - 68db2fb8-7673-4b38-b5c0-1c356c7b18fc: start 68db2fb8-7673-4b38-b5c0-1c356c7b18fc@group-F02BBA177089-FollowerState
2021-12-05 13:31:20,749 [pool-361-thread-1] INFO  ratis.ContainerStateMachine (ContainerStateMachine.java:loadSnapshot(224)) - group-E6F0FCCAF35B: The snapshot info is null. Setting the last applied indexto:(t:0, i:~)
2021-12-05 13:31:20,749 [pool-361-thread-1] INFO  server.RaftServerConfigKeys (ConfUtils.java:logGet(44)) - raft.server.notification.no-leader.timeout = 300s (custom)
2021-12-05 13:31:20,749 [pool-361-thread-1] INFO  server.RaftServerConfigKeys (ConfUtils.java:logGet(44)) - raft.server.log.use.memory = false (default)
2021-12-05 13:31:20,749 [pool-382-thread-1] INFO  util.JmxRegister (JmxRegister.java:tryRegister(44)) - Successfully registered JMX Bean with object name Ratis:service=RaftServer,group=group-F02BBA177089,id=68db2fb8-7673-4b38-b5c0-1c356c7b18fc
2021-12-05 13:31:20,749 [pool-361-thread-1] INFO  server.RaftServerConfigKeys (ConfUtils.java:logGet(44)) - raft.server.log.purge.gap = 1000000 (custom)
2021-12-05 13:31:20,750 [pool-361-thread-1] INFO  server.RaftServerConfigKeys (ConfUtils.java:logGet(44)) - raft.server.log.appender.buffer.byte-limit = 33554432 (custom)
2021-12-05 13:31:20,750 [pool-361-thread-1] INFO  server.RaftServerConfigKeys (ConfUtils.java:logGet(44)) - raft.server.log.segment.size.max = 1048576 (custom)
2021-12-05 13:31:20,750 [pool-361-thread-1] INFO  server.RaftServerConfigKeys (ConfUtils.java:logGet(44)) - raft.server.log.segment.cache.num.max = 2 (custom)
2021-12-05 13:31:20,750 [pool-361-thread-1] INFO  server.RaftServerConfigKeys (ConfUtils.java:logGet(44)) - raft.server.log.segment.cache.size.max = 200MB (=209715200) (default)
2021-12-05 13:31:20,750 [pool-361-thread-1] INFO  segmented.SegmentedRaftLogWorker (SegmentedRaftLogWorker.java:<init>(182)) - new e7c48114-a24d-4ce4-906f-8d90eb33b114@group-E6F0FCCAF35B-SegmentedRaftLogWorker for RaftStorageImpl:Storage Directory /home/runner/work/ozone/ozone/hadoop-ozone/integration-test/target/test-dir/MiniOzoneClusterImpl-71d26685-9743-4000-9a7d-6ec2d996e1a3/datanode-1/data/ratis/0e93b0a2-4e3c-46e0-9ff6-e6f0fccaf35b
2021-12-05 13:31:20,750 [pool-361-thread-1] INFO  server.RaftServerConfigKeys (ConfUtils.java:logGet(44)) - raft.server.log.queue.byte-limit = 2147483647 (custom)
2021-12-05 13:31:20,750 [pool-361-thread-1] INFO  server.RaftServerConfigKeys (ConfUtils.java:logGet(44)) - raft.server.log.queue.element-limit = 1024 (custom)
2021-12-05 13:31:20,750 [pool-361-thread-1] INFO  server.RaftServerConfigKeys (ConfUtils.java:logGet(44)) - raft.server.log.segment.size.max = 1048576 (custom)
2021-12-05 13:31:20,750 [pool-361-thread-1] INFO  server.RaftServerConfigKeys (ConfUtils.java:logGet(44)) - raft.server.log.preallocated.size = 16384 (custom)
2021-12-05 13:31:20,750 [pool-361-thread-1] INFO  server.RaftServerConfigKeys (ConfUtils.java:logGet(44)) - raft.server.log.force.sync.num = 128 (default)
2021-12-05 13:31:20,750 [pool-361-thread-1] INFO  server.RaftServerConfigKeys (ConfUtils.java:logGet(44)) - raft.server.log.statemachine.data.sync = true (default)
2021-12-05 13:31:20,751 [pool-361-thread-1] INFO  server.RaftServerConfigKeys (ConfUtils.java:logGet(44)) - raft.server.log.statemachine.data.sync.timeout = 10s (default)
2021-12-05 13:31:20,751 [pool-361-thread-1] INFO  server.RaftServerConfigKeys (ConfUtils.java:logGet(44)) - raft.server.log.statemachine.data.sync.timeout.retry = -1 (default)
2021-12-05 13:31:20,759 [pool-361-thread-1] INFO  server.RaftServerConfigKeys (ConfUtils.java:logGet(44)) - raft.server.log.write.buffer.size = 1048576 (custom)
2021-12-05 13:31:20,759 [pool-361-thread-1] INFO  server.RaftServerConfigKeys (ConfUtils.java:logGet(44)) - raft.server.log.statemachine.data.caching.enabled = true (custom)
2021-12-05 13:31:20,759 [pool-361-thread-1] INFO  segmented.SegmentedRaftLogWorker (SegmentedRaftLogWorker.java:lambda$new$0(133)) - e7c48114-a24d-4ce4-906f-8d90eb33b114@group-E6F0FCCAF35B-SegmentedRaftLogWorker: flushIndex: setUnconditionally 0 -> -1
2021-12-05 13:31:20,760 [pool-361-thread-1] INFO  segmented.SegmentedRaftLogWorker (SegmentedRaftLogWorker.java:lambda$new$0(133)) - e7c48114-a24d-4ce4-906f-8d90eb33b114@group-E6F0FCCAF35B-SegmentedRaftLogWorker: safeCacheEvictIndex: setUnconditionally 0 -> -1
2021-12-05 13:31:20,761 [EventQueue-OpenPipelineForHealthyPipelineSafeModeRule] INFO  safemode.SCMSafeModeManager (HealthyPipelineSafeModeRule.java:process(124)) - SCM in safe mode. Healthy pipelines reported count is 0, required healthy pipeline reported count is 1
2021-12-05 13:31:20,766 [pool-361-thread-1] INFO  server.RaftServerConfigKeys (ConfUtils.java:logGet(44)) - raft.server.snapshot.auto.trigger.enabled = true (custom)
2021-12-05 13:31:20,766 [pool-361-thread-1] INFO  server.RaftServerConfigKeys (ConfUtils.java:logGet(44)) - raft.server.snapshot.auto.trigger.threshold = 10000 (custom)
2021-12-05 13:31:20,766 [pool-361-thread-1] INFO  server.RaftServerConfigKeys (ConfUtils.java:logGet(44)) - raft.server.snapshot.retention.file.num = 5 (custom)
2021-12-05 13:31:20,766 [pool-361-thread-1] INFO  server.RaftServerConfigKeys (ConfUtils.java:logGet(44)) - raft.server.log.purge.upto.snapshot.index = false (default)
2021-12-05 13:31:20,766 [pool-361-thread-1] INFO  server.RaftServerConfigKeys (ConfUtils.java:logGet(44)) - raft.server.retrycache.expirytime = 600000ms (custom)
2021-12-05 13:31:20,766 [pool-361-thread-1] INFO  server.RaftServerConfigKeys (ConfUtils.java:logGet(44)) - raft.server.retrycache.statistics.expirytime = 100μs (default)
2021-12-05 13:31:20,767 [pool-361-thread-1] INFO  server.RaftServer$Division (RaftServerImpl.java:start(301)) - e7c48114-a24d-4ce4-906f-8d90eb33b114@group-E6F0FCCAF35B: start as a follower, conf=-1: [68db2fb8-7673-4b38-b5c0-1c356c7b18fc|rpc:10.1.0.33:41561|priority:1, e7c48114-a24d-4ce4-906f-8d90eb33b114|rpc:10.1.0.33:46255|priority:0, 211abb75-e3d2-43c2-82f8-ac1b18f50a72|rpc:10.1.0.33:45379|priority:0], old=null
2021-12-05 13:31:20,767 [pool-361-thread-1] INFO  server.RaftServer$Division (RaftServerImpl.java:setRole(290)) - e7c48114-a24d-4ce4-906f-8d90eb33b114@group-E6F0FCCAF35B: changes role from      null to FOLLOWER at term 0 for startAsFollower
2021-12-05 13:31:20,767 [pool-361-thread-1] INFO  impl.RoleInfo (RoleInfo.java:updateAndGet(130)) - e7c48114-a24d-4ce4-906f-8d90eb33b114: start e7c48114-a24d-4ce4-906f-8d90eb33b114@group-E6F0FCCAF35B-FollowerState
2021-12-05 13:31:20,771 [pool-361-thread-1] INFO  util.JmxRegister (JmxRegister.java:tryRegister(44)) - Successfully registered JMX Bean with object name Ratis:service=RaftServer,group=group-E6F0FCCAF35B,id=e7c48114-a24d-4ce4-906f-8d90eb33b114
2021-12-05 13:31:20,788 [Command processor thread] INFO  commandhandler.CreatePipelineCommandHandler (CreatePipelineCommandHandler.java:handle(106)) - Created Pipeline RATIS THREE PipelineID=68d02f1f-c2b3-43a8-ac90-f02bba177089.
2021-12-05 13:31:20,788 [Command processor thread] INFO  server.RaftServer (RaftServerProxy.java:addNew(95)) - 211abb75-e3d2-43c2-82f8-ac1b18f50a72: addNew group-E6F0FCCAF35B:[68db2fb8-7673-4b38-b5c0-1c356c7b18fc|rpc:10.1.0.33:41561|priority:1, e7c48114-a24d-4ce4-906f-8d90eb33b114|rpc:10.1.0.33:46255|priority:0, 211abb75-e3d2-43c2-82f8-ac1b18f50a72|rpc:10.1.0.33:45379|priority:0] returns group-E6F0FCCAF35B:java.util.concurrent.CompletableFuture@24afcecb[Not completed]
2021-12-05 13:31:20,790 [pool-340-thread-1] INFO  server.RaftServer$Division (RaftServerImpl.java:<init>(184)) - 211abb75-e3d2-43c2-82f8-ac1b18f50a72: new RaftServerImpl for group-E6F0FCCAF35B:[68db2fb8-7673-4b38-b5c0-1c356c7b18fc|rpc:10.1.0.33:41561|priority:1, e7c48114-a24d-4ce4-906f-8d90eb33b114|rpc:10.1.0.33:46255|priority:0, 211abb75-e3d2-43c2-82f8-ac1b18f50a72|rpc:10.1.0.33:45379|priority:0] with ContainerStateMachine:uninitialized
2021-12-05 13:31:20,790 [pool-340-thread-1] INFO  server.RaftServerConfigKeys (ConfUtils.java:logGet(44)) - raft.server.rpc.timeout.min = 5s (custom)
2021-12-05 13:31:20,790 [pool-340-thread-1] INFO  server.RaftServerConfigKeys (ConfUtils.java:logGet(44)) - raft.server.rpc.timeout.max = 5200ms (custom)
2021-12-05 13:31:20,790 [pool-340-thread-1] INFO  server.RaftServerConfigKeys (ConfUtils.java:logGet(44)) - raft.server.rpc.sleep.time = 25ms (default)
2021-12-05 13:31:20,790 [pool-340-thread-1] INFO  server.RaftServerConfigKeys (ConfUtils.java:logGet(44)) - raft.server.rpc.slowness.timeout = 300s (custom)
2021-12-05 13:31:20,790 [pool-340-thread-1] INFO  server.RaftServerConfigKeys (ConfUtils.java:logGet(44)) - raft.server.leaderelection.leader.step-down.wait-time = 10s (default)
2021-12-05 13:31:20,790 [pool-340-thread-1] INFO  server.RaftServerConfigKeys (ConfUtils.java:logGet(44)) - raft.server.sleep.deviation.threshold = 300ms (default)
2021-12-05 13:31:20,791 [pool-340-thread-1] INFO  server.RaftServerConfigKeys (ConfUtils.java:logGet(44)) - raft.server.log.appender.install.snapshot.enabled = false (custom)
2021-12-05 13:31:20,791 [pool-340-thread-1] INFO  server.RaftServer$Division (ServerState.java:<init>(105)) - 211abb75-e3d2-43c2-82f8-ac1b18f50a72@group-E6F0FCCAF35B: ConfigurationManager, init=-1: [68db2fb8-7673-4b38-b5c0-1c356c7b18fc|rpc:10.1.0.33:41561|priority:1, e7c48114-a24d-4ce4-906f-8d90eb33b114|rpc:10.1.0.33:46255|priority:0, 211abb75-e3d2-43c2-82f8-ac1b18f50a72|rpc:10.1.0.33:45379|priority:0], old=null, confs=<EMPTY_MAP>
2021-12-05 13:31:20,791 [pool-340-thread-1] INFO  server.RaftServerConfigKeys (ConfUtils.java:logGet(44)) - raft.server.storage.dir = [/home/runner/work/ozone/ozone/hadoop-ozone/integration-test/target/test-dir/MiniOzoneClusterImpl-71d26685-9743-4000-9a7d-6ec2d996e1a3/datanode-0/data/ratis] (custom)
2021-12-05 13:31:20,791 [pool-340-thread-1] INFO  server.RaftServerConfigKeys (ConfUtils.java:logGet(44)) - raft.server.log.corruption.policy = EXCEPTION (default)
2021-12-05 13:31:20,791 [pool-340-thread-1] INFO  server.RaftServerConfigKeys (ConfUtils.java:logGet(44)) - raft.server.storage.free-space.min = 0MB (=0) (default)
2021-12-05 13:31:20,791 [pool-340-thread-1] INFO  storage.RaftStorageDirectory (RaftStorageDirectoryImpl.java:analyzeStorage(135)) - The storage directory /home/runner/work/ozone/ozone/hadoop-ozone/integration-test/target/test-dir/MiniOzoneClusterImpl-71d26685-9743-4000-9a7d-6ec2d996e1a3/datanode-0/data/ratis/0e93b0a2-4e3c-46e0-9ff6-e6f0fccaf35b does not exist. Creating ...
2021-12-05 13:31:20,793 [pool-340-thread-1] INFO  storage.RaftStorageDirectory (RaftStorageDirectoryImpl.java:tryLock(230)) - Lock on /home/runner/work/ozone/ozone/hadoop-ozone/integration-test/target/test-dir/MiniOzoneClusterImpl-71d26685-9743-4000-9a7d-6ec2d996e1a3/datanode-0/data/ratis/0e93b0a2-4e3c-46e0-9ff6-e6f0fccaf35b/in_use.lock acquired by nodename 9128@fv-az148-969
2021-12-05 13:31:20,795 [pool-340-thread-1] INFO  storage.RaftStorage (RaftStorageImpl.java:format(89)) - Storage directory /home/runner/work/ozone/ozone/hadoop-ozone/integration-test/target/test-dir/MiniOzoneClusterImpl-71d26685-9743-4000-9a7d-6ec2d996e1a3/datanode-0/data/ratis/0e93b0a2-4e3c-46e0-9ff6-e6f0fccaf35b has been successfully formatted.
2021-12-05 13:31:20,795 [pool-340-thread-1] INFO  ratis.ContainerStateMachine (ContainerStateMachine.java:loadSnapshot(224)) - group-E6F0FCCAF35B: The snapshot info is null. Setting the last applied indexto:(t:0, i:~)
2021-12-05 13:31:20,795 [pool-340-thread-1] INFO  server.RaftServerConfigKeys (ConfUtils.java:logGet(44)) - raft.server.notification.no-leader.timeout = 300s (custom)
2021-12-05 13:31:20,796 [pool-340-thread-1] INFO  server.RaftServerConfigKeys (ConfUtils.java:logGet(44)) - raft.server.log.use.memory = false (default)
2021-12-05 13:31:20,796 [pool-340-thread-1] INFO  server.RaftServerConfigKeys (ConfUtils.java:logGet(44)) - raft.server.log.purge.gap = 1000000 (custom)
2021-12-05 13:31:20,796 [pool-340-thread-1] INFO  server.RaftServerConfigKeys (ConfUtils.java:logGet(44)) - raft.server.log.appender.buffer.byte-limit = 33554432 (custom)
2021-12-05 13:31:20,796 [EventQueue-OpenPipelineForHealthyPipelineSafeModeRule] INFO  safemode.SCMSafeModeManager (HealthyPipelineSafeModeRule.java:process(124)) - SCM in safe mode. Healthy pipelines reported count is 0, required healthy pipeline reported count is 1
2021-12-05 13:31:20,801 [pool-340-thread-1] INFO  server.RaftServerConfigKeys (ConfUtils.java:logGet(44)) - raft.server.log.segment.size.max = 1048576 (custom)
2021-12-05 13:31:20,801 [pool-340-thread-1] INFO  server.RaftServerConfigKeys (ConfUtils.java:logGet(44)) - raft.server.log.segment.cache.num.max = 2 (custom)
2021-12-05 13:31:20,801 [pool-340-thread-1] INFO  server.RaftServerConfigKeys (ConfUtils.java:logGet(44)) - raft.server.log.segment.cache.size.max = 200MB (=209715200) (default)
2021-12-05 13:31:20,802 [pool-340-thread-1] INFO  segmented.SegmentedRaftLogWorker (SegmentedRaftLogWorker.java:<init>(182)) - new 211abb75-e3d2-43c2-82f8-ac1b18f50a72@group-E6F0FCCAF35B-SegmentedRaftLogWorker for RaftStorageImpl:Storage Directory /home/runner/work/ozone/ozone/hadoop-ozone/integration-test/target/test-dir/MiniOzoneClusterImpl-71d26685-9743-4000-9a7d-6ec2d996e1a3/datanode-0/data/ratis/0e93b0a2-4e3c-46e0-9ff6-e6f0fccaf35b
2021-12-05 13:31:20,802 [pool-340-thread-1] INFO  server.RaftServerConfigKeys (ConfUtils.java:logGet(44)) - raft.server.log.queue.byte-limit = 2147483647 (custom)
2021-12-05 13:31:20,802 [pool-340-thread-1] INFO  server.RaftServerConfigKeys (ConfUtils.java:logGet(44)) - raft.server.log.queue.element-limit = 1024 (custom)
2021-12-05 13:31:20,802 [pool-340-thread-1] INFO  server.RaftServerConfigKeys (ConfUtils.java:logGet(44)) - raft.server.log.segment.size.max = 1048576 (custom)
2021-12-05 13:31:20,802 [pool-340-thread-1] INFO  server.RaftServerConfigKeys (ConfUtils.java:logGet(44)) - raft.server.log.preallocated.size = 16384 (custom)
2021-12-05 13:31:20,802 [pool-340-thread-1] INFO  server.RaftServerConfigKeys (ConfUtils.java:logGet(44)) - raft.server.log.force.sync.num = 128 (default)
2021-12-05 13:31:20,802 [pool-340-thread-1] INFO  server.RaftServerConfigKeys (ConfUtils.java:logGet(44)) - raft.server.log.statemachine.data.sync = true (default)
2021-12-05 13:31:20,802 [pool-340-thread-1] INFO  server.RaftServerConfigKeys (ConfUtils.java:logGet(44)) - raft.server.log.statemachine.data.sync.timeout = 10s (default)
2021-12-05 13:31:20,803 [pool-340-thread-1] INFO  server.RaftServerConfigKeys (ConfUtils.java:logGet(44)) - raft.server.log.statemachine.data.sync.timeout.retry = -1 (default)
2021-12-05 13:31:20,804 [pool-340-thread-1] INFO  server.RaftServerConfigKeys (ConfUtils.java:logGet(44)) - raft.server.log.write.buffer.size = 1048576 (custom)
2021-12-05 13:31:20,804 [pool-340-thread-1] INFO  server.RaftServerConfigKeys (ConfUtils.java:logGet(44)) - raft.server.log.statemachine.data.caching.enabled = true (custom)
2021-12-05 13:31:20,804 [pool-340-thread-1] INFO  segmented.SegmentedRaftLogWorker (SegmentedRaftLogWorker.java:lambda$new$0(133)) - 211abb75-e3d2-43c2-82f8-ac1b18f50a72@group-E6F0FCCAF35B-SegmentedRaftLogWorker: flushIndex: setUnconditionally 0 -> -1
2021-12-05 13:31:20,805 [pool-340-thread-1] INFO  segmented.SegmentedRaftLogWorker (SegmentedRaftLogWorker.java:lambda$new$0(133)) - 211abb75-e3d2-43c2-82f8-ac1b18f50a72@group-E6F0FCCAF35B-SegmentedRaftLogWorker: safeCacheEvictIndex: setUnconditionally 0 -> -1
2021-12-05 13:31:20,810 [pool-340-thread-1] INFO  server.RaftServerConfigKeys (ConfUtils.java:logGet(44)) - raft.server.snapshot.auto.trigger.enabled = true (custom)
2021-12-05 13:31:20,810 [pool-340-thread-1] INFO  server.RaftServerConfigKeys (ConfUtils.java:logGet(44)) - raft.server.snapshot.auto.trigger.threshold = 10000 (custom)
2021-12-05 13:31:20,810 [pool-340-thread-1] INFO  server.RaftServerConfigKeys (ConfUtils.java:logGet(44)) - raft.server.snapshot.retention.file.num = 5 (custom)
2021-12-05 13:31:20,811 [pool-340-thread-1] INFO  server.RaftServerConfigKeys (ConfUtils.java:logGet(44)) - raft.server.log.purge.upto.snapshot.index = false (default)
2021-12-05 13:31:20,811 [pool-340-thread-1] INFO  server.RaftServerConfigKeys (ConfUtils.java:logGet(44)) - raft.server.retrycache.expirytime = 600000ms (custom)
2021-12-05 13:31:20,811 [pool-340-thread-1] INFO  server.RaftServerConfigKeys (ConfUtils.java:logGet(44)) - raft.server.retrycache.statistics.expirytime = 100μs (default)
2021-12-05 13:31:20,812 [pool-340-thread-1] INFO  server.RaftServer$Division (RaftServerImpl.java:start(301)) - 211abb75-e3d2-43c2-82f8-ac1b18f50a72@group-E6F0FCCAF35B: start as a follower, conf=-1: [68db2fb8-7673-4b38-b5c0-1c356c7b18fc|rpc:10.1.0.33:41561|priority:1, e7c48114-a24d-4ce4-906f-8d90eb33b114|rpc:10.1.0.33:46255|priority:0, 211abb75-e3d2-43c2-82f8-ac1b18f50a72|rpc:10.1.0.33:45379|priority:0], old=null
2021-12-05 13:31:20,812 [pool-340-thread-1] INFO  server.RaftServer$Division (RaftServerImpl.java:setRole(290)) - 211abb75-e3d2-43c2-82f8-ac1b18f50a72@group-E6F0FCCAF35B: changes role from      null to FOLLOWER at term 0 for startAsFollower
2021-12-05 13:31:20,812 [pool-340-thread-1] INFO  impl.RoleInfo (RoleInfo.java:updateAndGet(130)) - 211abb75-e3d2-43c2-82f8-ac1b18f50a72: start 211abb75-e3d2-43c2-82f8-ac1b18f50a72@group-E6F0FCCAF35B-FollowerState
2021-12-05 13:31:20,812 [pool-340-thread-1] INFO  util.JmxRegister (JmxRegister.java:tryRegister(44)) - Successfully registered JMX Bean with object name Ratis:service=RaftServer,group=group-E6F0FCCAF35B,id=211abb75-e3d2-43c2-82f8-ac1b18f50a72
2021-12-05 13:31:20,813 [Command processor thread] INFO  ratis.XceiverServerRatis (XceiverServerRatis.java:addGroup(768)) - Created group PipelineID=0e93b0a2-4e3c-46e0-9ff6-e6f0fccaf35b
2021-12-05 13:31:20,826 [Command processor thread] INFO  ratis.XceiverServerRatis (XceiverServerRatis.java:addGroup(768)) - Created group PipelineID=0e93b0a2-4e3c-46e0-9ff6-e6f0fccaf35b
2021-12-05 13:31:20,845 [grpc-default-executor-0] INFO  server.RaftServer (RaftServerProxy.java:addNew(95)) - 68db2fb8-7673-4b38-b5c0-1c356c7b18fc: addNew group-E6F0FCCAF35B:[68db2fb8-7673-4b38-b5c0-1c356c7b18fc|rpc:10.1.0.33:41561|dataStream:|priority:1, e7c48114-a24d-4ce4-906f-8d90eb33b114|rpc:10.1.0.33:46255|dataStream:|priority:0, 211abb75-e3d2-43c2-82f8-ac1b18f50a72|rpc:10.1.0.33:45379|dataStream:|priority:0] returns group-E6F0FCCAF35B:java.util.concurrent.CompletableFuture@1098c634[Not completed]
2021-12-05 13:31:20,845 [pool-382-thread-1] INFO  server.RaftServer$Division (RaftServerImpl.java:<init>(184)) - 68db2fb8-7673-4b38-b5c0-1c356c7b18fc: new RaftServerImpl for group-E6F0FCCAF35B:[68db2fb8-7673-4b38-b5c0-1c356c7b18fc|rpc:10.1.0.33:41561|dataStream:|priority:1, e7c48114-a24d-4ce4-906f-8d90eb33b114|rpc:10.1.0.33:46255|dataStream:|priority:0, 211abb75-e3d2-43c2-82f8-ac1b18f50a72|rpc:10.1.0.33:45379|dataStream:|priority:0] with ContainerStateMachine:uninitialized
2021-12-05 13:31:20,846 [pool-382-thread-1] INFO  server.RaftServerConfigKeys (ConfUtils.java:logGet(44)) - raft.server.rpc.timeout.min = 5s (custom)
2021-12-05 13:31:20,846 [pool-382-thread-1] INFO  server.RaftServerConfigKeys (ConfUtils.java:logGet(44)) - raft.server.rpc.timeout.max = 5200ms (custom)
2021-12-05 13:31:20,846 [pool-382-thread-1] INFO  server.RaftServerConfigKeys (ConfUtils.java:logGet(44)) - raft.server.rpc.sleep.time = 25ms (default)
2021-12-05 13:31:20,846 [pool-382-thread-1] INFO  server.RaftServerConfigKeys (ConfUtils.java:logGet(44)) - raft.server.rpc.slowness.timeout = 300s (custom)
2021-12-05 13:31:20,846 [pool-382-thread-1] INFO  server.RaftServerConfigKeys (ConfUtils.java:logGet(44)) - raft.server.leaderelection.leader.step-down.wait-time = 10s (default)
2021-12-05 13:31:20,846 [pool-382-thread-1] INFO  server.RaftServerConfigKeys (ConfUtils.java:logGet(44)) - raft.server.sleep.deviation.threshold = 300ms (default)
2021-12-05 13:31:20,846 [pool-382-thread-1] INFO  server.RaftServerConfigKeys (ConfUtils.java:logGet(44)) - raft.server.log.appender.install.snapshot.enabled = false (custom)
2021-12-05 13:31:20,846 [pool-382-thread-1] INFO  server.RaftServer$Division (ServerState.java:<init>(105)) - 68db2fb8-7673-4b38-b5c0-1c356c7b18fc@group-E6F0FCCAF35B: ConfigurationManager, init=-1: [68db2fb8-7673-4b38-b5c0-1c356c7b18fc|rpc:10.1.0.33:41561|dataStream:|priority:1, e7c48114-a24d-4ce4-906f-8d90eb33b114|rpc:10.1.0.33:46255|dataStream:|priority:0, 211abb75-e3d2-43c2-82f8-ac1b18f50a72|rpc:10.1.0.33:45379|dataStream:|priority:0], old=null, confs=<EMPTY_MAP>
2021-12-05 13:31:20,846 [pool-382-thread-1] INFO  server.RaftServerConfigKeys (ConfUtils.java:logGet(44)) - raft.server.storage.dir = [/home/runner/work/ozone/ozone/hadoop-ozone/integration-test/target/test-dir/MiniOzoneClusterImpl-71d26685-9743-4000-9a7d-6ec2d996e1a3/datanode-2/data/ratis] (custom)
2021-12-05 13:31:20,846 [pool-382-thread-1] INFO  server.RaftServerConfigKeys (ConfUtils.java:logGet(44)) - raft.server.log.corruption.policy = EXCEPTION (default)
2021-12-05 13:31:20,846 [pool-382-thread-1] INFO  server.RaftServerConfigKeys (ConfUtils.java:logGet(44)) - raft.server.storage.free-space.min = 0MB (=0) (default)
2021-12-05 13:31:20,846 [pool-382-thread-1] INFO  storage.RaftStorageDirectory (RaftStorageDirectoryImpl.java:analyzeStorage(135)) - The storage directory /home/runner/work/ozone/ozone/hadoop-ozone/integration-test/target/test-dir/MiniOzoneClusterImpl-71d26685-9743-4000-9a7d-6ec2d996e1a3/datanode-2/data/ratis/0e93b0a2-4e3c-46e0-9ff6-e6f0fccaf35b does not exist. Creating ...
2021-12-05 13:31:20,847 [pool-382-thread-1] INFO  storage.RaftStorageDirectory (RaftStorageDirectoryImpl.java:tryLock(230)) - Lock on /home/runner/work/ozone/ozone/hadoop-ozone/integration-test/target/test-dir/MiniOzoneClusterImpl-71d26685-9743-4000-9a7d-6ec2d996e1a3/datanode-2/data/ratis/0e93b0a2-4e3c-46e0-9ff6-e6f0fccaf35b/in_use.lock acquired by nodename 9128@fv-az148-969
2021-12-05 13:31:20,848 [pool-382-thread-1] INFO  storage.RaftStorage (RaftStorageImpl.java:format(89)) - Storage directory /home/runner/work/ozone/ozone/hadoop-ozone/integration-test/target/test-dir/MiniOzoneClusterImpl-71d26685-9743-4000-9a7d-6ec2d996e1a3/datanode-2/data/ratis/0e93b0a2-4e3c-46e0-9ff6-e6f0fccaf35b has been successfully formatted.
2021-12-05 13:31:20,849 [pool-382-thread-1] INFO  ratis.ContainerStateMachine (ContainerStateMachine.java:loadSnapshot(224)) - group-E6F0FCCAF35B: The snapshot info is null. Setting the last applied indexto:(t:0, i:~)
2021-12-05 13:31:20,849 [pool-382-thread-1] INFO  server.RaftServerConfigKeys (ConfUtils.java:logGet(44)) - raft.server.notification.no-leader.timeout = 300s (custom)
2021-12-05 13:31:20,850 [pool-382-thread-1] INFO  server.RaftServerConfigKeys (ConfUtils.java:logGet(44)) - raft.server.log.use.memory = false (default)
2021-12-05 13:31:20,850 [pool-382-thread-1] INFO  server.RaftServerConfigKeys (ConfUtils.java:logGet(44)) - raft.server.log.purge.gap = 1000000 (custom)
2021-12-05 13:31:20,850 [pool-382-thread-1] INFO  server.RaftServerConfigKeys (ConfUtils.java:logGet(44)) - raft.server.log.appender.buffer.byte-limit = 33554432 (custom)
2021-12-05 13:31:20,850 [pool-382-thread-1] INFO  server.RaftServerConfigKeys (ConfUtils.java:logGet(44)) - raft.server.log.segment.size.max = 1048576 (custom)
2021-12-05 13:31:20,851 [pool-382-thread-1] INFO  server.RaftServerConfigKeys (ConfUtils.java:logGet(44)) - raft.server.log.segment.cache.num.max = 2 (custom)
2021-12-05 13:31:20,851 [pool-382-thread-1] INFO  server.RaftServerConfigKeys (ConfUtils.java:logGet(44)) - raft.server.log.segment.cache.size.max = 200MB (=209715200) (default)
2021-12-05 13:31:20,851 [pool-382-thread-1] INFO  segmented.SegmentedRaftLogWorker (SegmentedRaftLogWorker.java:<init>(182)) - new 68db2fb8-7673-4b38-b5c0-1c356c7b18fc@group-E6F0FCCAF35B-SegmentedRaftLogWorker for RaftStorageImpl:Storage Directory /home/runner/work/ozone/ozone/hadoop-ozone/integration-test/target/test-dir/MiniOzoneClusterImpl-71d26685-9743-4000-9a7d-6ec2d996e1a3/datanode-2/data/ratis/0e93b0a2-4e3c-46e0-9ff6-e6f0fccaf35b
2021-12-05 13:31:20,851 [pool-382-thread-1] INFO  server.RaftServerConfigKeys (ConfUtils.java:logGet(44)) - raft.server.log.queue.byte-limit = 2147483647 (custom)
2021-12-05 13:31:20,851 [pool-382-thread-1] INFO  server.RaftServerConfigKeys (ConfUtils.java:logGet(44)) - raft.server.log.queue.element-limit = 1024 (custom)
2021-12-05 13:31:20,851 [pool-382-thread-1] INFO  server.RaftServerConfigKeys (ConfUtils.java:logGet(44)) - raft.server.log.segment.size.max = 1048576 (custom)
2021-12-05 13:31:20,851 [pool-382-thread-1] INFO  server.RaftServerConfigKeys (ConfUtils.java:logGet(44)) - raft.server.log.preallocated.size = 16384 (custom)
2021-12-05 13:31:20,851 [pool-382-thread-1] INFO  server.RaftServerConfigKeys (ConfUtils.java:logGet(44)) - raft.server.log.force.sync.num = 128 (default)
2021-12-05 13:31:20,851 [pool-382-thread-1] INFO  server.RaftServerConfigKeys (ConfUtils.java:logGet(44)) - raft.server.log.statemachine.data.sync = true (default)
2021-12-05 13:31:20,852 [pool-382-thread-1] INFO  server.RaftServerConfigKeys (ConfUtils.java:logGet(44)) - raft.server.log.statemachine.data.sync.timeout = 10s (default)
2021-12-05 13:31:20,852 [pool-382-thread-1] INFO  server.RaftServerConfigKeys (ConfUtils.java:logGet(44)) - raft.server.log.statemachine.data.sync.timeout.retry = -1 (default)
2021-12-05 13:31:20,853 [pool-382-thread-1] INFO  server.RaftServerConfigKeys (ConfUtils.java:logGet(44)) - raft.server.log.write.buffer.size = 1048576 (custom)
2021-12-05 13:31:20,858 [pool-382-thread-1] INFO  server.RaftServerConfigKeys (ConfUtils.java:logGet(44)) - raft.server.log.statemachine.data.caching.enabled = true (custom)
2021-12-05 13:31:20,858 [pool-382-thread-1] INFO  segmented.SegmentedRaftLogWorker (SegmentedRaftLogWorker.java:lambda$new$0(133)) - 68db2fb8-7673-4b38-b5c0-1c356c7b18fc@group-E6F0FCCAF35B-SegmentedRaftLogWorker: flushIndex: setUnconditionally 0 -> -1
2021-12-05 13:31:20,871 [pool-382-thread-1] INFO  segmented.SegmentedRaftLogWorker (SegmentedRaftLogWorker.java:lambda$new$0(133)) - 68db2fb8-7673-4b38-b5c0-1c356c7b18fc@group-E6F0FCCAF35B-SegmentedRaftLogWorker: safeCacheEvictIndex: setUnconditionally 0 -> -1
2021-12-05 13:31:20,877 [pool-382-thread-1] INFO  server.RaftServerConfigKeys (ConfUtils.java:logGet(44)) - raft.server.snapshot.auto.trigger.enabled = true (custom)
2021-12-05 13:31:20,877 [pool-382-thread-1] INFO  server.RaftServerConfigKeys (ConfUtils.java:logGet(44)) - raft.server.snapshot.auto.trigger.threshold = 10000 (custom)
2021-12-05 13:31:20,877 [pool-382-thread-1] INFO  server.RaftServerConfigKeys (ConfUtils.java:logGet(44)) - raft.server.snapshot.retention.file.num = 5 (custom)
2021-12-05 13:31:20,877 [pool-382-thread-1] INFO  server.RaftServerConfigKeys (ConfUtils.java:logGet(44)) - raft.server.log.purge.upto.snapshot.index = false (default)
2021-12-05 13:31:20,877 [pool-382-thread-1] INFO  server.RaftServerConfigKeys (ConfUtils.java:logGet(44)) - raft.server.retrycache.expirytime = 600000ms (custom)
2021-12-05 13:31:20,877 [pool-382-thread-1] INFO  server.RaftServerConfigKeys (ConfUtils.java:logGet(44)) - raft.server.retrycache.statistics.expirytime = 100μs (default)
2021-12-05 13:31:20,880 [pool-382-thread-1] INFO  server.RaftServer$Division (RaftServerImpl.java:start(301)) - 68db2fb8-7673-4b38-b5c0-1c356c7b18fc@group-E6F0FCCAF35B: start as a follower, conf=-1: [68db2fb8-7673-4b38-b5c0-1c356c7b18fc|rpc:10.1.0.33:41561|dataStream:|priority:1, e7c48114-a24d-4ce4-906f-8d90eb33b114|rpc:10.1.0.33:46255|dataStream:|priority:0, 211abb75-e3d2-43c2-82f8-ac1b18f50a72|rpc:10.1.0.33:45379|dataStream:|priority:0], old=null
2021-12-05 13:31:20,882 [pool-382-thread-1] INFO  server.RaftServer$Division (RaftServerImpl.java:setRole(290)) - 68db2fb8-7673-4b38-b5c0-1c356c7b18fc@group-E6F0FCCAF35B: changes role from      null to FOLLOWER at term 0 for startAsFollower
2021-12-05 13:31:20,886 [pool-382-thread-1] INFO  impl.RoleInfo (RoleInfo.java:updateAndGet(130)) - 68db2fb8-7673-4b38-b5c0-1c356c7b18fc: start 68db2fb8-7673-4b38-b5c0-1c356c7b18fc@group-E6F0FCCAF35B-FollowerState
2021-12-05 13:31:20,886 [pool-382-thread-1] INFO  util.JmxRegister (JmxRegister.java:tryRegister(44)) - Successfully registered JMX Bean with object name Ratis:service=RaftServer,group=group-E6F0FCCAF35B,id=68db2fb8-7673-4b38-b5c0-1c356c7b18fc
2021-12-05 13:31:20,949 [Listener at 127.0.0.1/41523] INFO  ozone.MiniOzoneClusterImpl (MiniOzoneClusterImpl.java:lambda$waitForClusterToBeReady$0(235)) - Nodes are ready. Got 3 of 3 DN Heartbeats.
2021-12-05 13:31:20,949 [Listener at 127.0.0.1/41523] INFO  ozone.MiniOzoneClusterImpl (MiniOzoneClusterImpl.java:lambda$waitForClusterToBeReady$0(238)) - Waiting for cluster to exit safe mode
2021-12-05 13:31:20,949 [Listener at 127.0.0.1/41523] INFO  ozone.MiniOzoneClusterImpl (MiniOzoneClusterImpl.java:lambda$waitForClusterToBeReady$0(240)) - SCM became leader
2021-12-05 13:31:20,958 [Command processor thread] INFO  server.RaftServer (RaftServerProxy.java:addNew(95)) - 68db2fb8-7673-4b38-b5c0-1c356c7b18fc: addNew group-5929AE53AFB4:[68db2fb8-7673-4b38-b5c0-1c356c7b18fc|rpc:10.1.0.33:41561|priority:1] returns group-5929AE53AFB4:java.util.concurrent.CompletableFuture@50311e2c[Not completed]
2021-12-05 13:31:20,958 [pool-382-thread-1] INFO  server.RaftServer$Division (RaftServerImpl.java:<init>(184)) - 68db2fb8-7673-4b38-b5c0-1c356c7b18fc: new RaftServerImpl for group-5929AE53AFB4:[68db2fb8-7673-4b38-b5c0-1c356c7b18fc|rpc:10.1.0.33:41561|priority:1] with ContainerStateMachine:uninitialized
2021-12-05 13:31:20,958 [pool-382-thread-1] INFO  server.RaftServerConfigKeys (ConfUtils.java:logGet(44)) - raft.server.rpc.timeout.min = 5s (custom)
2021-12-05 13:31:20,959 [pool-382-thread-1] INFO  server.RaftServerConfigKeys (ConfUtils.java:logGet(44)) - raft.server.rpc.timeout.max = 5200ms (custom)
2021-12-05 13:31:20,959 [pool-382-thread-1] INFO  server.RaftServerConfigKeys (ConfUtils.java:logGet(44)) - raft.server.rpc.sleep.time = 25ms (default)
2021-12-05 13:31:20,959 [pool-382-thread-1] INFO  server.RaftServerConfigKeys (ConfUtils.java:logGet(44)) - raft.server.rpc.slowness.timeout = 300s (custom)
2021-12-05 13:31:20,959 [pool-382-thread-1] INFO  server.RaftServerConfigKeys (ConfUtils.java:logGet(44)) - raft.server.leaderelection.leader.step-down.wait-time = 10s (default)
2021-12-05 13:31:20,959 [pool-382-thread-1] INFO  server.RaftServerConfigKeys (ConfUtils.java:logGet(44)) - raft.server.sleep.deviation.threshold = 300ms (default)
2021-12-05 13:31:20,959 [pool-382-thread-1] INFO  server.RaftServerConfigKeys (ConfUtils.java:logGet(44)) - raft.server.log.appender.install.snapshot.enabled = false (custom)
2021-12-05 13:31:20,959 [pool-382-thread-1] INFO  server.RaftServer$Division (ServerState.java:<init>(105)) - 68db2fb8-7673-4b38-b5c0-1c356c7b18fc@group-5929AE53AFB4: ConfigurationManager, init=-1: [68db2fb8-7673-4b38-b5c0-1c356c7b18fc|rpc:10.1.0.33:41561|priority:1], old=null, confs=<EMPTY_MAP>
2021-12-05 13:31:20,959 [pool-382-thread-1] INFO  server.RaftServerConfigKeys (ConfUtils.java:logGet(44)) - raft.server.storage.dir = [/home/runner/work/ozone/ozone/hadoop-ozone/integration-test/target/test-dir/MiniOzoneClusterImpl-71d26685-9743-4000-9a7d-6ec2d996e1a3/datanode-2/data/ratis] (custom)
2021-12-05 13:31:20,959 [pool-382-thread-1] INFO  server.RaftServerConfigKeys (ConfUtils.java:logGet(44)) - raft.server.log.corruption.policy = EXCEPTION (default)
2021-12-05 13:31:20,959 [pool-382-thread-1] INFO  server.RaftServerConfigKeys (ConfUtils.java:logGet(44)) - raft.server.storage.free-space.min = 0MB (=0) (default)
2021-12-05 13:31:20,959 [pool-382-thread-1] INFO  storage.RaftStorageDirectory (RaftStorageDirectoryImpl.java:analyzeStorage(135)) - The storage directory /home/runner/work/ozone/ozone/hadoop-ozone/integration-test/target/test-dir/MiniOzoneClusterImpl-71d26685-9743-4000-9a7d-6ec2d996e1a3/datanode-2/data/ratis/ba578fd4-562b-479d-b52b-5929ae53afb4 does not exist. Creating ...
2021-12-05 13:31:20,960 [pool-382-thread-1] INFO  storage.RaftStorageDirectory (RaftStorageDirectoryImpl.java:tryLock(230)) - Lock on /home/runner/work/ozone/ozone/hadoop-ozone/integration-test/target/test-dir/MiniOzoneClusterImpl-71d26685-9743-4000-9a7d-6ec2d996e1a3/datanode-2/data/ratis/ba578fd4-562b-479d-b52b-5929ae53afb4/in_use.lock acquired by nodename 9128@fv-az148-969
2021-12-05 13:31:20,962 [pool-382-thread-1] INFO  storage.RaftStorage (RaftStorageImpl.java:format(89)) - Storage directory /home/runner/work/ozone/ozone/hadoop-ozone/integration-test/target/test-dir/MiniOzoneClusterImpl-71d26685-9743-4000-9a7d-6ec2d996e1a3/datanode-2/data/ratis/ba578fd4-562b-479d-b52b-5929ae53afb4 has been successfully formatted.
2021-12-05 13:31:20,970 [pool-382-thread-1] INFO  ratis.ContainerStateMachine (ContainerStateMachine.java:loadSnapshot(224)) - group-5929AE53AFB4: The snapshot info is null. Setting the last applied indexto:(t:0, i:~)
2021-12-05 13:31:20,970 [pool-382-thread-1] INFO  server.RaftServerConfigKeys (ConfUtils.java:logGet(44)) - raft.server.notification.no-leader.timeout = 300s (custom)
2021-12-05 13:31:20,970 [pool-382-thread-1] INFO  server.RaftServerConfigKeys (ConfUtils.java:logGet(44)) - raft.server.log.use.memory = false (default)
2021-12-05 13:31:20,970 [pool-382-thread-1] INFO  server.RaftServerConfigKeys (ConfUtils.java:logGet(44)) - raft.server.log.purge.gap = 1000000 (custom)
2021-12-05 13:31:20,970 [pool-382-thread-1] INFO  server.RaftServerConfigKeys (ConfUtils.java:logGet(44)) - raft.server.log.appender.buffer.byte-limit = 33554432 (custom)
2021-12-05 13:31:20,971 [pool-382-thread-1] INFO  server.RaftServerConfigKeys (ConfUtils.java:logGet(44)) - raft.server.log.segment.size.max = 1048576 (custom)
2021-12-05 13:31:20,971 [pool-382-thread-1] INFO  server.RaftServerConfigKeys (ConfUtils.java:logGet(44)) - raft.server.log.segment.cache.num.max = 2 (custom)
2021-12-05 13:31:20,971 [pool-382-thread-1] INFO  server.RaftServerConfigKeys (ConfUtils.java:logGet(44)) - raft.server.log.segment.cache.size.max = 200MB (=209715200) (default)
2021-12-05 13:31:20,971 [pool-382-thread-1] INFO  segmented.SegmentedRaftLogWorker (SegmentedRaftLogWorker.java:<init>(182)) - new 68db2fb8-7673-4b38-b5c0-1c356c7b18fc@group-5929AE53AFB4-SegmentedRaftLogWorker for RaftStorageImpl:Storage Directory /home/runner/work/ozone/ozone/hadoop-ozone/integration-test/target/test-dir/MiniOzoneClusterImpl-71d26685-9743-4000-9a7d-6ec2d996e1a3/datanode-2/data/ratis/ba578fd4-562b-479d-b52b-5929ae53afb4
2021-12-05 13:31:20,971 [pool-382-thread-1] INFO  server.RaftServerConfigKeys (ConfUtils.java:logGet(44)) - raft.server.log.queue.byte-limit = 2147483647 (custom)
2021-12-05 13:31:20,971 [pool-382-thread-1] INFO  server.RaftServerConfigKeys (ConfUtils.java:logGet(44)) - raft.server.log.queue.element-limit = 1024 (custom)
2021-12-05 13:31:20,971 [pool-382-thread-1] INFO  server.RaftServerConfigKeys (ConfUtils.java:logGet(44)) - raft.server.log.segment.size.max = 1048576 (custom)
2021-12-05 13:31:20,971 [pool-382-thread-1] INFO  server.RaftServerConfigKeys (ConfUtils.java:logGet(44)) - raft.server.log.preallocated.size = 16384 (custom)
2021-12-05 13:31:20,971 [pool-382-thread-1] INFO  server.RaftServerConfigKeys (ConfUtils.java:logGet(44)) - raft.server.log.force.sync.num = 128 (default)
2021-12-05 13:31:20,971 [pool-382-thread-1] INFO  server.RaftServerConfigKeys (ConfUtils.java:logGet(44)) - raft.server.log.statemachine.data.sync = true (default)
2021-12-05 13:31:20,972 [pool-382-thread-1] INFO  server.RaftServerConfigKeys (ConfUtils.java:logGet(44)) - raft.server.log.statemachine.data.sync.timeout = 10s (default)
2021-12-05 13:31:20,972 [pool-382-thread-1] INFO  server.RaftServerConfigKeys (ConfUtils.java:logGet(44)) - raft.server.log.statemachine.data.sync.timeout.retry = -1 (default)
2021-12-05 13:31:20,981 [pool-382-thread-1] INFO  server.RaftServerConfigKeys (ConfUtils.java:logGet(44)) - raft.server.log.write.buffer.size = 1048576 (custom)
2021-12-05 13:31:20,981 [pool-382-thread-1] INFO  server.RaftServerConfigKeys (ConfUtils.java:logGet(44)) - raft.server.log.statemachine.data.caching.enabled = true (custom)
2021-12-05 13:31:20,982 [pool-382-thread-1] INFO  segmented.SegmentedRaftLogWorker (SegmentedRaftLogWorker.java:lambda$new$0(133)) - 68db2fb8-7673-4b38-b5c0-1c356c7b18fc@group-5929AE53AFB4-SegmentedRaftLogWorker: flushIndex: setUnconditionally 0 -> -1
2021-12-05 13:31:20,982 [pool-382-thread-1] INFO  segmented.SegmentedRaftLogWorker (SegmentedRaftLogWorker.java:lambda$new$0(133)) - 68db2fb8-7673-4b38-b5c0-1c356c7b18fc@group-5929AE53AFB4-SegmentedRaftLogWorker: safeCacheEvictIndex: setUnconditionally 0 -> -1
2021-12-05 13:31:20,982 [EventQueue-PipelineReportForPipelineReportHandler] INFO  pipeline.PipelineManagerImpl (PipelineManagerImpl.java:openPipeline(289)) - Pipeline Pipeline[ Id: ba578fd4-562b-479d-b52b-5929ae53afb4, Nodes: 68db2fb8-7673-4b38-b5c0-1c356c7b18fc{ip: 10.1.0.33, host: fv-az148-969.bm4ck3pvxvsene1rjriu5fhcdb.bx.internal.cloudapp.net, ports: [REPLICATION=40089, RATIS=41561, RATIS_ADMIN=41561, RATIS_SERVER=41561, STANDALONE=35689], networkLocation: /default-rack, certSerialId: null, persistedOpState: IN_SERVICE, persistedOpStateExpiryEpochSec: 0}, ReplicationConfig: RATIS/ONE, State:ALLOCATED, leaderId:68db2fb8-7673-4b38-b5c0-1c356c7b18fc, CreationTimestamp2021-12-05T13:31:17.968Z[Etc/UTC]] moved to OPEN state
2021-12-05 13:31:20,983 [EventQueue-OpenPipelineForHealthyPipelineSafeModeRule] INFO  safemode.SCMSafeModeManager (HealthyPipelineSafeModeRule.java:process(124)) - SCM in safe mode. Healthy pipelines reported count is 0, required healthy pipeline reported count is 1
2021-12-05 13:31:20,986 [pool-382-thread-1] INFO  server.RaftServerConfigKeys (ConfUtils.java:logGet(44)) - raft.server.snapshot.auto.trigger.enabled = true (custom)
2021-12-05 13:31:21,004 [pool-382-thread-1] INFO  server.RaftServerConfigKeys (ConfUtils.java:logGet(44)) - raft.server.snapshot.auto.trigger.threshold = 10000 (custom)
2021-12-05 13:31:21,004 [pool-382-thread-1] INFO  server.RaftServerConfigKeys (ConfUtils.java:logGet(44)) - raft.server.snapshot.retention.file.num = 5 (custom)
2021-12-05 13:31:21,004 [pool-382-thread-1] INFO  server.RaftServerConfigKeys (ConfUtils.java:logGet(44)) - raft.server.log.purge.upto.snapshot.index = false (default)
2021-12-05 13:31:21,004 [pool-382-thread-1] INFO  server.RaftServerConfigKeys (ConfUtils.java:logGet(44)) - raft.server.retrycache.expirytime = 600000ms (custom)
2021-12-05 13:31:21,004 [pool-382-thread-1] INFO  server.RaftServerConfigKeys (ConfUtils.java:logGet(44)) - raft.server.retrycache.statistics.expirytime = 100μs (default)
2021-12-05 13:31:21,006 [pool-382-thread-1] INFO  server.RaftServer$Division (RaftServerImpl.java:start(301)) - 68db2fb8-7673-4b38-b5c0-1c356c7b18fc@group-5929AE53AFB4: start as a follower, conf=-1: [68db2fb8-7673-4b38-b5c0-1c356c7b18fc|rpc:10.1.0.33:41561|priority:1], old=null
2021-12-05 13:31:21,006 [pool-382-thread-1] INFO  server.RaftServer$Division (RaftServerImpl.java:setRole(290)) - 68db2fb8-7673-4b38-b5c0-1c356c7b18fc@group-5929AE53AFB4: changes role from      null to FOLLOWER at term 0 for startAsFollower
2021-12-05 13:31:21,006 [pool-382-thread-1] INFO  impl.RoleInfo (RoleInfo.java:updateAndGet(130)) - 68db2fb8-7673-4b38-b5c0-1c356c7b18fc: start 68db2fb8-7673-4b38-b5c0-1c356c7b18fc@group-5929AE53AFB4-FollowerState
2021-12-05 13:31:21,013 [pool-382-thread-1] INFO  util.JmxRegister (JmxRegister.java:tryRegister(44)) - Successfully registered JMX Bean with object name Ratis:service=RaftServer,group=group-5929AE53AFB4,id=68db2fb8-7673-4b38-b5c0-1c356c7b18fc
2021-12-05 13:31:21,033 [Command processor thread] INFO  commandhandler.CreatePipelineCommandHandler (CreatePipelineCommandHandler.java:handle(106)) - Created Pipeline RATIS THREE PipelineID=0e93b0a2-4e3c-46e0-9ff6-e6f0fccaf35b.
2021-12-05 13:31:21,033 [Command processor thread] INFO  commandhandler.CreatePipelineCommandHandler (CreatePipelineCommandHandler.java:handle(106)) - Created Pipeline RATIS THREE PipelineID=0e93b0a2-4e3c-46e0-9ff6-e6f0fccaf35b.
2021-12-05 13:31:21,037 [Command processor thread] INFO  ratis.XceiverServerRatis (XceiverServerRatis.java:addGroup(768)) - Created group PipelineID=ba578fd4-562b-479d-b52b-5929ae53afb4
2021-12-05 13:31:21,037 [Command processor thread] INFO  commandhandler.CreatePipelineCommandHandler (CreatePipelineCommandHandler.java:handle(106)) - Created Pipeline RATIS ONE PipelineID=ba578fd4-562b-479d-b52b-5929ae53afb4.
2021-12-05 13:31:21,949 [Listener at 127.0.0.1/41523] INFO  ozone.MiniOzoneClusterImpl (MiniOzoneClusterImpl.java:lambda$waitForClusterToBeReady$0(235)) - Nodes are ready. Got 3 of 3 DN Heartbeats.
2021-12-05 13:31:21,950 [Listener at 127.0.0.1/41523] INFO  ozone.MiniOzoneClusterImpl (MiniOzoneClusterImpl.java:lambda$waitForClusterToBeReady$0(238)) - Waiting for cluster to exit safe mode
2021-12-05 13:31:21,950 [Listener at 127.0.0.1/41523] INFO  ozone.MiniOzoneClusterImpl (MiniOzoneClusterImpl.java:lambda$waitForClusterToBeReady$0(240)) - SCM became leader
2021-12-05 13:31:22,950 [Listener at 127.0.0.1/41523] INFO  ozone.MiniOzoneClusterImpl (MiniOzoneClusterImpl.java:lambda$waitForClusterToBeReady$0(235)) - Nodes are ready. Got 3 of 3 DN Heartbeats.
2021-12-05 13:31:22,950 [Listener at 127.0.0.1/41523] INFO  ozone.MiniOzoneClusterImpl (MiniOzoneClusterImpl.java:lambda$waitForClusterToBeReady$0(238)) - Waiting for cluster to exit safe mode
2021-12-05 13:31:22,951 [Listener at 127.0.0.1/41523] INFO  ozone.MiniOzoneClusterImpl (MiniOzoneClusterImpl.java:lambda$waitForClusterToBeReady$0(240)) - SCM became leader
2021-12-05 13:31:23,951 [Listener at 127.0.0.1/41523] INFO  ozone.MiniOzoneClusterImpl (MiniOzoneClusterImpl.java:lambda$waitForClusterToBeReady$0(235)) - Nodes are ready. Got 3 of 3 DN Heartbeats.
2021-12-05 13:31:23,951 [Listener at 127.0.0.1/41523] INFO  ozone.MiniOzoneClusterImpl (MiniOzoneClusterImpl.java:lambda$waitForClusterToBeReady$0(238)) - Waiting for cluster to exit safe mode
2021-12-05 13:31:23,951 [Listener at 127.0.0.1/41523] INFO  ozone.MiniOzoneClusterImpl (MiniOzoneClusterImpl.java:lambda$waitForClusterToBeReady$0(240)) - SCM became leader
2021-12-05 13:31:24,952 [Listener at 127.0.0.1/41523] INFO  ozone.MiniOzoneClusterImpl (MiniOzoneClusterImpl.java:lambda$waitForClusterToBeReady$0(235)) - Nodes are ready. Got 3 of 3 DN Heartbeats.
2021-12-05 13:31:24,952 [Listener at 127.0.0.1/41523] INFO  ozone.MiniOzoneClusterImpl (MiniOzoneClusterImpl.java:lambda$waitForClusterToBeReady$0(238)) - Waiting for cluster to exit safe mode
2021-12-05 13:31:24,952 [Listener at 127.0.0.1/41523] INFO  ozone.MiniOzoneClusterImpl (MiniOzoneClusterImpl.java:lambda$waitForClusterToBeReady$0(240)) - SCM became leader
2021-12-05 13:31:25,485 [211abb75-e3d2-43c2-82f8-ac1b18f50a72@group-939B19CD2157-FollowerState] INFO  impl.FollowerState (FollowerState.java:run(134)) - 211abb75-e3d2-43c2-82f8-ac1b18f50a72@group-939B19CD2157-FollowerState: change to CANDIDATE, lastRpcElapsedTime:5053615240ns, electionTimeout:5052ms
2021-12-05 13:31:25,486 [211abb75-e3d2-43c2-82f8-ac1b18f50a72@group-939B19CD2157-FollowerState] INFO  impl.RoleInfo (RoleInfo.java:shutdownFollowerState(108)) - 211abb75-e3d2-43c2-82f8-ac1b18f50a72: shutdown 211abb75-e3d2-43c2-82f8-ac1b18f50a72@group-939B19CD2157-FollowerState
2021-12-05 13:31:25,486 [211abb75-e3d2-43c2-82f8-ac1b18f50a72@group-939B19CD2157-FollowerState] INFO  server.RaftServer$Division (RaftServerImpl.java:setRole(290)) - 211abb75-e3d2-43c2-82f8-ac1b18f50a72@group-939B19CD2157: changes role from  FOLLOWER to CANDIDATE at term 0 for changeToCandidate
2021-12-05 13:31:25,486 [211abb75-e3d2-43c2-82f8-ac1b18f50a72@group-939B19CD2157-FollowerState] INFO  server.RaftServerConfigKeys (ConfUtils.java:logGet(44)) - raft.server.leaderelection.pre-vote = false (custom)
2021-12-05 13:31:25,486 [211abb75-e3d2-43c2-82f8-ac1b18f50a72@group-939B19CD2157-FollowerState] INFO  impl.RoleInfo (RoleInfo.java:updateAndGet(130)) - 211abb75-e3d2-43c2-82f8-ac1b18f50a72: start 211abb75-e3d2-43c2-82f8-ac1b18f50a72@group-939B19CD2157-LeaderElection27
2021-12-05 13:31:25,502 [211abb75-e3d2-43c2-82f8-ac1b18f50a72@group-F02BBA177089-FollowerState] INFO  impl.FollowerState (FollowerState.java:run(134)) - 211abb75-e3d2-43c2-82f8-ac1b18f50a72@group-F02BBA177089-FollowerState: change to CANDIDATE, lastRpcElapsedTime:5035747840ns, electionTimeout:5023ms
2021-12-05 13:31:25,502 [211abb75-e3d2-43c2-82f8-ac1b18f50a72@group-F02BBA177089-FollowerState] INFO  impl.RoleInfo (RoleInfo.java:shutdownFollowerState(108)) - 211abb75-e3d2-43c2-82f8-ac1b18f50a72: shutdown 211abb75-e3d2-43c2-82f8-ac1b18f50a72@group-F02BBA177089-FollowerState
2021-12-05 13:31:25,503 [211abb75-e3d2-43c2-82f8-ac1b18f50a72@group-F02BBA177089-FollowerState] INFO  server.RaftServer$Division (RaftServerImpl.java:setRole(290)) - 211abb75-e3d2-43c2-82f8-ac1b18f50a72@group-F02BBA177089: changes role from  FOLLOWER to CANDIDATE at term 0 for changeToCandidate
2021-12-05 13:31:25,503 [211abb75-e3d2-43c2-82f8-ac1b18f50a72@group-F02BBA177089-FollowerState] INFO  server.RaftServerConfigKeys (ConfUtils.java:logGet(44)) - raft.server.leaderelection.pre-vote = false (custom)
2021-12-05 13:31:25,503 [211abb75-e3d2-43c2-82f8-ac1b18f50a72@group-F02BBA177089-FollowerState] INFO  impl.RoleInfo (RoleInfo.java:updateAndGet(130)) - 211abb75-e3d2-43c2-82f8-ac1b18f50a72: start 211abb75-e3d2-43c2-82f8-ac1b18f50a72@group-F02BBA177089-LeaderElection28
2021-12-05 13:31:25,516 [211abb75-e3d2-43c2-82f8-ac1b18f50a72@group-939B19CD2157-LeaderElection27] INFO  impl.LeaderElection (LeaderElection.java:askForVotes(306)) - 211abb75-e3d2-43c2-82f8-ac1b18f50a72@group-939B19CD2157-LeaderElection27 ELECTION round 0: submit vote requests at term 1 for -1: [211abb75-e3d2-43c2-82f8-ac1b18f50a72|rpc:10.1.0.33:45379|priority:1], old=null
2021-12-05 13:31:25,516 [211abb75-e3d2-43c2-82f8-ac1b18f50a72@group-939B19CD2157-LeaderElection27] INFO  impl.LeaderElection (LeaderElection.java:askForVotes(308)) - 211abb75-e3d2-43c2-82f8-ac1b18f50a72@group-939B19CD2157-LeaderElection27 ELECTION round 0: result PASSED (term=1)
2021-12-05 13:31:25,516 [211abb75-e3d2-43c2-82f8-ac1b18f50a72@group-939B19CD2157-LeaderElection27] INFO  impl.RoleInfo (RoleInfo.java:shutdownLeaderElection(121)) - 211abb75-e3d2-43c2-82f8-ac1b18f50a72: shutdown 211abb75-e3d2-43c2-82f8-ac1b18f50a72@group-939B19CD2157-LeaderElection27
2021-12-05 13:31:25,517 [211abb75-e3d2-43c2-82f8-ac1b18f50a72@group-939B19CD2157-LeaderElection27] INFO  server.RaftServer$Division (RaftServerImpl.java:setRole(290)) - 211abb75-e3d2-43c2-82f8-ac1b18f50a72@group-939B19CD2157: changes role from CANDIDATE to LEADER at term 1 for changeToLeader
2021-12-05 13:31:25,517 [211abb75-e3d2-43c2-82f8-ac1b18f50a72@group-939B19CD2157-LeaderElection27] INFO  ratis.XceiverServerRatis (XceiverServerRatis.java:handleLeaderChangedNotification(866)) - Leader change notification received for group: group-939B19CD2157 with new leaderId: 211abb75-e3d2-43c2-82f8-ac1b18f50a72
2021-12-05 13:31:25,517 [211abb75-e3d2-43c2-82f8-ac1b18f50a72@group-939B19CD2157-LeaderElection27] INFO  server.RaftServer$Division (ServerState.java:setLeader(285)) - 211abb75-e3d2-43c2-82f8-ac1b18f50a72@group-939B19CD2157: change Leader from null to 211abb75-e3d2-43c2-82f8-ac1b18f50a72 at term 1 for becomeLeader, leader elected after 5142ms
2021-12-05 13:31:25,517 [211abb75-e3d2-43c2-82f8-ac1b18f50a72@group-939B19CD2157-LeaderElection27] INFO  server.RaftServerConfigKeys (ConfUtils.java:logGet(44)) - raft.server.staging.catchup.gap = 1000 (default)
2021-12-05 13:31:25,517 [211abb75-e3d2-43c2-82f8-ac1b18f50a72@group-939B19CD2157-LeaderElection27] INFO  server.RaftServerConfigKeys (ConfUtils.java:logGet(44)) - raft.server.write.element-limit = 1024 (custom)
2021-12-05 13:31:25,517 [211abb75-e3d2-43c2-82f8-ac1b18f50a72@group-939B19CD2157-LeaderElection27] INFO  server.RaftServerConfigKeys (ConfUtils.java:logGet(44)) - raft.server.write.byte-limit = 1024 M (=1073741824) (custom)
2021-12-05 13:31:25,517 [211abb75-e3d2-43c2-82f8-ac1b18f50a72@group-939B19CD2157-LeaderElection27] INFO  server.RaftServerConfigKeys (ConfUtils.java:logGet(44)) - raft.server.watch.timeout = 180s (custom)
2021-12-05 13:31:25,517 [211abb75-e3d2-43c2-82f8-ac1b18f50a72@group-939B19CD2157-LeaderElection27] INFO  server.RaftServerConfigKeys (ConfUtils.java:logGet(44)) - raft.server.watch.timeout.denomination = 1s (default)
2021-12-05 13:31:25,518 [211abb75-e3d2-43c2-82f8-ac1b18f50a72@group-939B19CD2157-LeaderElection27] INFO  server.RaftServerConfigKeys (ConfUtils.java:logGet(44)) - raft.server.watch.element-limit = 65536 (default)
2021-12-05 13:31:25,522 [EventQueue-OpenPipelineForHealthyPipelineSafeModeRule] INFO  safemode.SCMSafeModeManager (HealthyPipelineSafeModeRule.java:process(124)) - SCM in safe mode. Healthy pipelines reported count is 0, required healthy pipeline reported count is 1
2021-12-05 13:31:25,523 [211abb75-e3d2-43c2-82f8-ac1b18f50a72@group-939B19CD2157-LeaderElection27] INFO  server.RaftServerConfigKeys (ConfUtils.java:logGet(44)) - raft.server.write.element-limit = 1024 (custom)
2021-12-05 13:31:25,523 [211abb75-e3d2-43c2-82f8-ac1b18f50a72@group-939B19CD2157-LeaderElection27] INFO  server.RaftServerConfigKeys (ConfUtils.java:logGet(44)) - raft.server.write.follower.gap.ratio.max = -1.0 (default)
2021-12-05 13:31:25,526 [211abb75-e3d2-43c2-82f8-ac1b18f50a72@group-939B19CD2157-LeaderElection27] INFO  impl.RoleInfo (RoleInfo.java:updateAndGet(130)) - 211abb75-e3d2-43c2-82f8-ac1b18f50a72: start 211abb75-e3d2-43c2-82f8-ac1b18f50a72@group-939B19CD2157-LeaderStateImpl
2021-12-05 13:31:25,526 [211abb75-e3d2-43c2-82f8-ac1b18f50a72@group-939B19CD2157-LeaderElection27] INFO  segmented.SegmentedRaftLogWorker (SegmentedRaftLogWorker.java:startLogSegment(394)) - 211abb75-e3d2-43c2-82f8-ac1b18f50a72@group-939B19CD2157-SegmentedRaftLogWorker: Starting segment from index:0
2021-12-05 13:31:25,529 [211abb75-e3d2-43c2-82f8-ac1b18f50a72@group-939B19CD2157-SegmentedRaftLogWorker] INFO  segmented.SegmentedRaftLogWorker (SegmentedRaftLogWorker.java:execute(601)) - 211abb75-e3d2-43c2-82f8-ac1b18f50a72@group-939B19CD2157-SegmentedRaftLogWorker: created new log segment /home/runner/work/ozone/ozone/hadoop-ozone/integration-test/target/test-dir/MiniOzoneClusterImpl-71d26685-9743-4000-9a7d-6ec2d996e1a3/datanode-0/data/ratis/40f1929a-8e26-469c-bb9c-939b19cd2157/current/log_inprogress_0
2021-12-05 13:31:25,534 [211abb75-e3d2-43c2-82f8-ac1b18f50a72@group-939B19CD2157-LeaderElection27] INFO  server.RaftServer$Division (ServerState.java:setRaftConf(387)) - 211abb75-e3d2-43c2-82f8-ac1b18f50a72@group-939B19CD2157: set configuration 0: [211abb75-e3d2-43c2-82f8-ac1b18f50a72|rpc:10.1.0.33:45379|dataStream:|priority:1], old=null
2021-12-05 13:31:25,537 [211abb75-e3d2-43c2-82f8-ac1b18f50a72@group-F02BBA177089-LeaderElection28] INFO  impl.LeaderElection (LeaderElection.java:askForVotes(306)) - 211abb75-e3d2-43c2-82f8-ac1b18f50a72@group-F02BBA177089-LeaderElection28 ELECTION round 0: submit vote requests at term 1 for -1: [68db2fb8-7673-4b38-b5c0-1c356c7b18fc|rpc:10.1.0.33:41561|priority:0, e7c48114-a24d-4ce4-906f-8d90eb33b114|rpc:10.1.0.33:46255|priority:1, 211abb75-e3d2-43c2-82f8-ac1b18f50a72|rpc:10.1.0.33:45379|priority:0], old=null
2021-12-05 13:31:25,590 [grpc-default-executor-0] INFO  server.RaftServer$Division (RaftServerImpl.java:requestVote(1046)) - 68db2fb8-7673-4b38-b5c0-1c356c7b18fc@group-F02BBA177089: receive requestVote(ELECTION, 211abb75-e3d2-43c2-82f8-ac1b18f50a72, group-F02BBA177089, 1, (t:0, i:0))
2021-12-05 13:31:25,590 [grpc-default-executor-0] INFO  impl.VoteContext (VoteContext.java:log(48)) - 68db2fb8-7673-4b38-b5c0-1c356c7b18fc@group-F02BBA177089-FOLLOWER: accept ELECTION from 211abb75-e3d2-43c2-82f8-ac1b18f50a72: our priority 0 <= candidate's priority 0
2021-12-05 13:31:25,590 [grpc-default-executor-0] INFO  server.RaftServer$Division (RaftServerImpl.java:setRole(290)) - 68db2fb8-7673-4b38-b5c0-1c356c7b18fc@group-F02BBA177089: changes role from  FOLLOWER to FOLLOWER at term 1 for candidate:211abb75-e3d2-43c2-82f8-ac1b18f50a72
2021-12-05 13:31:25,590 [grpc-default-executor-0] INFO  impl.RoleInfo (RoleInfo.java:shutdownFollowerState(108)) - 68db2fb8-7673-4b38-b5c0-1c356c7b18fc: shutdown 68db2fb8-7673-4b38-b5c0-1c356c7b18fc@group-F02BBA177089-FollowerState
2021-12-05 13:31:25,590 [grpc-default-executor-0] INFO  impl.RoleInfo (RoleInfo.java:updateAndGet(130)) - 68db2fb8-7673-4b38-b5c0-1c356c7b18fc: start 68db2fb8-7673-4b38-b5c0-1c356c7b18fc@group-F02BBA177089-FollowerState
2021-12-05 13:31:25,590 [68db2fb8-7673-4b38-b5c0-1c356c7b18fc@group-F02BBA177089-FollowerState] INFO  impl.FollowerState (FollowerState.java:run(143)) - 68db2fb8-7673-4b38-b5c0-1c356c7b18fc@group-F02BBA177089-FollowerState was interrupted: {}
java.lang.InterruptedException: sleep interrupted
	at java.lang.Thread.sleep(Native Method)
	at java.lang.Thread.sleep(Thread.java:340)
	at java.util.concurrent.TimeUnit.sleep(TimeUnit.java:386)
	at org.apache.ratis.util.TimeDuration.sleep(TimeDuration.java:324)
	at org.apache.ratis.util.TimeDuration.sleep(TimeDuration.java:309)
	at org.apache.ratis.server.impl.FollowerState.run(FollowerState.java:118)
2021-12-05 13:31:25,602 [grpc-default-executor-1] INFO  server.RaftServer$Division (RaftServerImpl.java:requestVote(1046)) - e7c48114-a24d-4ce4-906f-8d90eb33b114@group-F02BBA177089: receive requestVote(ELECTION, 211abb75-e3d2-43c2-82f8-ac1b18f50a72, group-F02BBA177089, 1, (t:0, i:0))
2021-12-05 13:31:25,602 [grpc-default-executor-1] INFO  impl.VoteContext (VoteContext.java:log(48)) - e7c48114-a24d-4ce4-906f-8d90eb33b114@group-F02BBA177089-FOLLOWER: reject ELECTION from 211abb75-e3d2-43c2-82f8-ac1b18f50a72: our priority 1 > candidate's priority 0
2021-12-05 13:31:25,603 [grpc-default-executor-1] INFO  server.RaftServer$Division (RaftServerImpl.java:setRole(290)) - e7c48114-a24d-4ce4-906f-8d90eb33b114@group-F02BBA177089: changes role from  FOLLOWER to FOLLOWER at term 1 for candidate:211abb75-e3d2-43c2-82f8-ac1b18f50a72
2021-12-05 13:31:25,603 [grpc-default-executor-1] INFO  impl.RoleInfo (RoleInfo.java:shutdownFollowerState(108)) - e7c48114-a24d-4ce4-906f-8d90eb33b114: shutdown e7c48114-a24d-4ce4-906f-8d90eb33b114@group-F02BBA177089-FollowerState
2021-12-05 13:31:25,603 [grpc-default-executor-1] INFO  impl.RoleInfo (RoleInfo.java:updateAndGet(130)) - e7c48114-a24d-4ce4-906f-8d90eb33b114: start e7c48114-a24d-4ce4-906f-8d90eb33b114@group-F02BBA177089-FollowerState
2021-12-05 13:31:25,603 [e7c48114-a24d-4ce4-906f-8d90eb33b114@group-F02BBA177089-FollowerState] INFO  impl.FollowerState (FollowerState.java:run(143)) - e7c48114-a24d-4ce4-906f-8d90eb33b114@group-F02BBA177089-FollowerState was interrupted: {}
java.lang.InterruptedException: sleep interrupted
	at java.lang.Thread.sleep(Native Method)
	at java.lang.Thread.sleep(Thread.java:340)
	at java.util.concurrent.TimeUnit.sleep(TimeUnit.java:386)
	at org.apache.ratis.util.TimeDuration.sleep(TimeDuration.java:324)
	at org.apache.ratis.util.TimeDuration.sleep(TimeDuration.java:309)
	at org.apache.ratis.server.impl.FollowerState.run(FollowerState.java:118)
2021-12-05 13:31:25,618 [grpc-default-executor-1] INFO  server.RaftServer$Division (RaftServerImpl.java:requestVote(1078)) - e7c48114-a24d-4ce4-906f-8d90eb33b114@group-F02BBA177089 replies to ELECTION vote request: 211abb75-e3d2-43c2-82f8-ac1b18f50a72<-e7c48114-a24d-4ce4-906f-8d90eb33b114#0:FAIL-t1. Peer's state: e7c48114-a24d-4ce4-906f-8d90eb33b114@group-F02BBA177089:t1, leader=null, voted=null, raftlog=e7c48114-a24d-4ce4-906f-8d90eb33b114@group-F02BBA177089-SegmentedRaftLog:OPENED:c-1, conf=-1: [68db2fb8-7673-4b38-b5c0-1c356c7b18fc|rpc:10.1.0.33:41561|dataStream:|priority:0, e7c48114-a24d-4ce4-906f-8d90eb33b114|rpc:10.1.0.33:46255|dataStream:|priority:1, 211abb75-e3d2-43c2-82f8-ac1b18f50a72|rpc:10.1.0.33:45379|dataStream:|priority:0], old=null
2021-12-05 13:31:25,618 [grpc-default-executor-0] INFO  server.RaftServer$Division (RaftServerImpl.java:requestVote(1078)) - 68db2fb8-7673-4b38-b5c0-1c356c7b18fc@group-F02BBA177089 replies to ELECTION vote request: 211abb75-e3d2-43c2-82f8-ac1b18f50a72<-68db2fb8-7673-4b38-b5c0-1c356c7b18fc#0:OK-t1. Peer's state: 68db2fb8-7673-4b38-b5c0-1c356c7b18fc@group-F02BBA177089:t1, leader=null, voted=211abb75-e3d2-43c2-82f8-ac1b18f50a72, raftlog=68db2fb8-7673-4b38-b5c0-1c356c7b18fc@group-F02BBA177089-SegmentedRaftLog:OPENED:c-1, conf=-1: [68db2fb8-7673-4b38-b5c0-1c356c7b18fc|rpc:10.1.0.33:41561|dataStream:|priority:0, e7c48114-a24d-4ce4-906f-8d90eb33b114|rpc:10.1.0.33:46255|dataStream:|priority:1, 211abb75-e3d2-43c2-82f8-ac1b18f50a72|rpc:10.1.0.33:45379|dataStream:|priority:0], old=null
2021-12-05 13:31:25,640 [211abb75-e3d2-43c2-82f8-ac1b18f50a72@group-F02BBA177089-LeaderElection28] INFO  impl.LeaderElection (LeaderElection.java:logAndReturn(89)) - 211abb75-e3d2-43c2-82f8-ac1b18f50a72@group-F02BBA177089-LeaderElection28: ELECTION REJECTED received 1 response(s) and 0 exception(s):
2021-12-05 13:31:25,646 [211abb75-e3d2-43c2-82f8-ac1b18f50a72@group-F02BBA177089-LeaderElection28] INFO  impl.LeaderElection (LeaderElection.java:logAndReturn(93)) -   Response 0: 211abb75-e3d2-43c2-82f8-ac1b18f50a72<-e7c48114-a24d-4ce4-906f-8d90eb33b114#0:FAIL-t1
2021-12-05 13:31:25,646 [211abb75-e3d2-43c2-82f8-ac1b18f50a72@group-F02BBA177089-LeaderElection28] INFO  impl.LeaderElection (LeaderElection.java:askForVotes(308)) - 211abb75-e3d2-43c2-82f8-ac1b18f50a72@group-F02BBA177089-LeaderElection28 ELECTION round 0: result REJECTED
2021-12-05 13:31:25,646 [211abb75-e3d2-43c2-82f8-ac1b18f50a72@group-F02BBA177089-LeaderElection28] INFO  server.RaftServer$Division (RaftServerImpl.java:setRole(290)) - 211abb75-e3d2-43c2-82f8-ac1b18f50a72@group-F02BBA177089: changes role from CANDIDATE to FOLLOWER at term 1 for REJECTED
2021-12-05 13:31:25,646 [211abb75-e3d2-43c2-82f8-ac1b18f50a72@group-F02BBA177089-LeaderElection28] INFO  impl.RoleInfo (RoleInfo.java:shutdownLeaderElection(121)) - 211abb75-e3d2-43c2-82f8-ac1b18f50a72: shutdown 211abb75-e3d2-43c2-82f8-ac1b18f50a72@group-F02BBA177089-LeaderElection28
2021-12-05 13:31:25,646 [211abb75-e3d2-43c2-82f8-ac1b18f50a72@group-F02BBA177089-LeaderElection28] INFO  impl.RoleInfo (RoleInfo.java:updateAndGet(130)) - 211abb75-e3d2-43c2-82f8-ac1b18f50a72: start 211abb75-e3d2-43c2-82f8-ac1b18f50a72@group-F02BBA177089-FollowerState
2021-12-05 13:31:25,703 [e7c48114-a24d-4ce4-906f-8d90eb33b114@group-87E9ECEE8BE7-FollowerState] INFO  impl.FollowerState (FollowerState.java:run(134)) - e7c48114-a24d-4ce4-906f-8d90eb33b114@group-87E9ECEE8BE7-FollowerState: change to CANDIDATE, lastRpcElapsedTime:5027509294ns, electionTimeout:5017ms
2021-12-05 13:31:25,704 [e7c48114-a24d-4ce4-906f-8d90eb33b114@group-87E9ECEE8BE7-FollowerState] INFO  impl.RoleInfo (RoleInfo.java:shutdownFollowerState(108)) - e7c48114-a24d-4ce4-906f-8d90eb33b114: shutdown e7c48114-a24d-4ce4-906f-8d90eb33b114@group-87E9ECEE8BE7-FollowerState
2021-12-05 13:31:25,705 [e7c48114-a24d-4ce4-906f-8d90eb33b114@group-87E9ECEE8BE7-FollowerState] INFO  server.RaftServer$Division (RaftServerImpl.java:setRole(290)) - e7c48114-a24d-4ce4-906f-8d90eb33b114@group-87E9ECEE8BE7: changes role from  FOLLOWER to CANDIDATE at term 0 for changeToCandidate
2021-12-05 13:31:25,705 [e7c48114-a24d-4ce4-906f-8d90eb33b114@group-87E9ECEE8BE7-FollowerState] INFO  server.RaftServerConfigKeys (ConfUtils.java:logGet(44)) - raft.server.leaderelection.pre-vote = false (custom)
2021-12-05 13:31:25,705 [e7c48114-a24d-4ce4-906f-8d90eb33b114@group-87E9ECEE8BE7-FollowerState] INFO  impl.RoleInfo (RoleInfo.java:updateAndGet(130)) - e7c48114-a24d-4ce4-906f-8d90eb33b114: start e7c48114-a24d-4ce4-906f-8d90eb33b114@group-87E9ECEE8BE7-LeaderElection29
2021-12-05 13:31:25,724 [e7c48114-a24d-4ce4-906f-8d90eb33b114@group-87E9ECEE8BE7-LeaderElection29] INFO  impl.LeaderElection (LeaderElection.java:askForVotes(306)) - e7c48114-a24d-4ce4-906f-8d90eb33b114@group-87E9ECEE8BE7-LeaderElection29 ELECTION round 0: submit vote requests at term 1 for -1: [e7c48114-a24d-4ce4-906f-8d90eb33b114|rpc:10.1.0.33:46255|priority:1], old=null
2021-12-05 13:31:25,724 [e7c48114-a24d-4ce4-906f-8d90eb33b114@group-87E9ECEE8BE7-LeaderElection29] INFO  impl.LeaderElection (LeaderElection.java:askForVotes(308)) - e7c48114-a24d-4ce4-906f-8d90eb33b114@group-87E9ECEE8BE7-LeaderElection29 ELECTION round 0: result PASSED (term=1)
2021-12-05 13:31:25,726 [e7c48114-a24d-4ce4-906f-8d90eb33b114@group-87E9ECEE8BE7-LeaderElection29] INFO  impl.RoleInfo (RoleInfo.java:shutdownLeaderElection(121)) - e7c48114-a24d-4ce4-906f-8d90eb33b114: shutdown e7c48114-a24d-4ce4-906f-8d90eb33b114@group-87E9ECEE8BE7-LeaderElection29
2021-12-05 13:31:25,728 [e7c48114-a24d-4ce4-906f-8d90eb33b114@group-87E9ECEE8BE7-LeaderElection29] INFO  server.RaftServer$Division (RaftServerImpl.java:setRole(290)) - e7c48114-a24d-4ce4-906f-8d90eb33b114@group-87E9ECEE8BE7: changes role from CANDIDATE to LEADER at term 1 for changeToLeader
2021-12-05 13:31:25,728 [e7c48114-a24d-4ce4-906f-8d90eb33b114@group-87E9ECEE8BE7-LeaderElection29] INFO  ratis.XceiverServerRatis (XceiverServerRatis.java:handleLeaderChangedNotification(866)) - Leader change notification received for group: group-87E9ECEE8BE7 with new leaderId: e7c48114-a24d-4ce4-906f-8d90eb33b114
2021-12-05 13:31:25,731 [EventQueue-OpenPipelineForHealthyPipelineSafeModeRule] INFO  safemode.SCMSafeModeManager (HealthyPipelineSafeModeRule.java:process(124)) - SCM in safe mode. Healthy pipelines reported count is 0, required healthy pipeline reported count is 1
2021-12-05 13:31:25,732 [e7c48114-a24d-4ce4-906f-8d90eb33b114@group-87E9ECEE8BE7-LeaderElection29] INFO  server.RaftServer$Division (ServerState.java:setLeader(285)) - e7c48114-a24d-4ce4-906f-8d90eb33b114@group-87E9ECEE8BE7: change Leader from null to e7c48114-a24d-4ce4-906f-8d90eb33b114 at term 1 for becomeLeader, leader elected after 5089ms
2021-12-05 13:31:25,732 [e7c48114-a24d-4ce4-906f-8d90eb33b114@group-87E9ECEE8BE7-LeaderElection29] INFO  server.RaftServerConfigKeys (ConfUtils.java:logGet(44)) - raft.server.staging.catchup.gap = 1000 (default)
2021-12-05 13:31:25,732 [e7c48114-a24d-4ce4-906f-8d90eb33b114@group-87E9ECEE8BE7-LeaderElection29] INFO  server.RaftServerConfigKeys (ConfUtils.java:logGet(44)) - raft.server.write.element-limit = 1024 (custom)
2021-12-05 13:31:25,732 [e7c48114-a24d-4ce4-906f-8d90eb33b114@group-87E9ECEE8BE7-LeaderElection29] INFO  server.RaftServerConfigKeys (ConfUtils.java:logGet(44)) - raft.server.write.byte-limit = 1024 M (=1073741824) (custom)
2021-12-05 13:31:25,736 [e7c48114-a24d-4ce4-906f-8d90eb33b114@group-87E9ECEE8BE7-LeaderElection29] INFO  server.RaftServerConfigKeys (ConfUtils.java:logGet(44)) - raft.server.watch.timeout = 180s (custom)
2021-12-05 13:31:25,736 [e7c48114-a24d-4ce4-906f-8d90eb33b114@group-87E9ECEE8BE7-LeaderElection29] INFO  server.RaftServerConfigKeys (ConfUtils.java:logGet(44)) - raft.server.watch.timeout.denomination = 1s (default)
2021-12-05 13:31:25,736 [e7c48114-a24d-4ce4-906f-8d90eb33b114@group-87E9ECEE8BE7-LeaderElection29] INFO  server.RaftServerConfigKeys (ConfUtils.java:logGet(44)) - raft.server.watch.element-limit = 65536 (default)
2021-12-05 13:31:25,736 [e7c48114-a24d-4ce4-906f-8d90eb33b114@group-87E9ECEE8BE7-LeaderElection29] INFO  server.RaftServerConfigKeys (ConfUtils.java:logGet(44)) - raft.server.write.element-limit = 1024 (custom)
2021-12-05 13:31:25,736 [e7c48114-a24d-4ce4-906f-8d90eb33b114@group-87E9ECEE8BE7-LeaderElection29] INFO  server.RaftServerConfigKeys (ConfUtils.java:logGet(44)) - raft.server.write.follower.gap.ratio.max = -1.0 (default)
2021-12-05 13:31:25,736 [e7c48114-a24d-4ce4-906f-8d90eb33b114@group-87E9ECEE8BE7-LeaderElection29] INFO  impl.RoleInfo (RoleInfo.java:updateAndGet(130)) - e7c48114-a24d-4ce4-906f-8d90eb33b114: start e7c48114-a24d-4ce4-906f-8d90eb33b114@group-87E9ECEE8BE7-LeaderStateImpl
2021-12-05 13:31:25,737 [e7c48114-a24d-4ce4-906f-8d90eb33b114@group-87E9ECEE8BE7-LeaderElection29] INFO  segmented.SegmentedRaftLogWorker (SegmentedRaftLogWorker.java:startLogSegment(394)) - e7c48114-a24d-4ce4-906f-8d90eb33b114@group-87E9ECEE8BE7-SegmentedRaftLogWorker: Starting segment from index:0
2021-12-05 13:31:25,740 [e7c48114-a24d-4ce4-906f-8d90eb33b114@group-87E9ECEE8BE7-SegmentedRaftLogWorker] INFO  segmented.SegmentedRaftLogWorker (SegmentedRaftLogWorker.java:execute(601)) - e7c48114-a24d-4ce4-906f-8d90eb33b114@group-87E9ECEE8BE7-SegmentedRaftLogWorker: created new log segment /home/runner/work/ozone/ozone/hadoop-ozone/integration-test/target/test-dir/MiniOzoneClusterImpl-71d26685-9743-4000-9a7d-6ec2d996e1a3/datanode-1/data/ratis/be37e110-d4aa-458a-bed7-87e9ecee8be7/current/log_inprogress_0
2021-12-05 13:31:25,750 [e7c48114-a24d-4ce4-906f-8d90eb33b114@group-87E9ECEE8BE7-LeaderElection29] INFO  server.RaftServer$Division (ServerState.java:setRaftConf(387)) - e7c48114-a24d-4ce4-906f-8d90eb33b114@group-87E9ECEE8BE7: set configuration 0: [e7c48114-a24d-4ce4-906f-8d90eb33b114|rpc:10.1.0.33:46255|dataStream:|priority:1], old=null
2021-12-05 13:31:25,801 [e7c48114-a24d-4ce4-906f-8d90eb33b114@group-E6F0FCCAF35B-FollowerState] INFO  impl.FollowerState (FollowerState.java:run(134)) - e7c48114-a24d-4ce4-906f-8d90eb33b114@group-E6F0FCCAF35B-FollowerState: change to CANDIDATE, lastRpcElapsedTime:5033907229ns, electionTimeout:5030ms
2021-12-05 13:31:25,802 [e7c48114-a24d-4ce4-906f-8d90eb33b114@group-E6F0FCCAF35B-FollowerState] INFO  impl.RoleInfo (RoleInfo.java:shutdownFollowerState(108)) - e7c48114-a24d-4ce4-906f-8d90eb33b114: shutdown e7c48114-a24d-4ce4-906f-8d90eb33b114@group-E6F0FCCAF35B-FollowerState
2021-12-05 13:31:25,802 [e7c48114-a24d-4ce4-906f-8d90eb33b114@group-E6F0FCCAF35B-FollowerState] INFO  server.RaftServer$Division (RaftServerImpl.java:setRole(290)) - e7c48114-a24d-4ce4-906f-8d90eb33b114@group-E6F0FCCAF35B: changes role from  FOLLOWER to CANDIDATE at term 0 for changeToCandidate
2021-12-05 13:31:25,802 [e7c48114-a24d-4ce4-906f-8d90eb33b114@group-E6F0FCCAF35B-FollowerState] INFO  server.RaftServerConfigKeys (ConfUtils.java:logGet(44)) - raft.server.leaderelection.pre-vote = false (custom)
2021-12-05 13:31:25,802 [e7c48114-a24d-4ce4-906f-8d90eb33b114@group-E6F0FCCAF35B-FollowerState] INFO  impl.RoleInfo (RoleInfo.java:updateAndGet(130)) - e7c48114-a24d-4ce4-906f-8d90eb33b114: start e7c48114-a24d-4ce4-906f-8d90eb33b114@group-E6F0FCCAF35B-LeaderElection30
2021-12-05 13:31:25,836 [e7c48114-a24d-4ce4-906f-8d90eb33b114@group-E6F0FCCAF35B-LeaderElection30] INFO  impl.LeaderElection (LeaderElection.java:askForVotes(306)) - e7c48114-a24d-4ce4-906f-8d90eb33b114@group-E6F0FCCAF35B-LeaderElection30 ELECTION round 0: submit vote requests at term 1 for -1: [68db2fb8-7673-4b38-b5c0-1c356c7b18fc|rpc:10.1.0.33:41561|priority:1, e7c48114-a24d-4ce4-906f-8d90eb33b114|rpc:10.1.0.33:46255|priority:0, 211abb75-e3d2-43c2-82f8-ac1b18f50a72|rpc:10.1.0.33:45379|priority:0], old=null
2021-12-05 13:31:25,881 [grpc-default-executor-1] INFO  server.RaftServer$Division (RaftServerImpl.java:requestVote(1046)) - 68db2fb8-7673-4b38-b5c0-1c356c7b18fc@group-E6F0FCCAF35B: receive requestVote(ELECTION, e7c48114-a24d-4ce4-906f-8d90eb33b114, group-E6F0FCCAF35B, 1, (t:0, i:0))
2021-12-05 13:31:25,882 [grpc-default-executor-1] INFO  impl.VoteContext (VoteContext.java:log(48)) - 68db2fb8-7673-4b38-b5c0-1c356c7b18fc@group-E6F0FCCAF35B-FOLLOWER: reject ELECTION from e7c48114-a24d-4ce4-906f-8d90eb33b114: our priority 1 > candidate's priority 0
2021-12-05 13:31:25,886 [grpc-default-executor-1] INFO  server.RaftServer$Division (RaftServerImpl.java:setRole(290)) - 68db2fb8-7673-4b38-b5c0-1c356c7b18fc@group-E6F0FCCAF35B: changes role from  FOLLOWER to FOLLOWER at term 1 for candidate:e7c48114-a24d-4ce4-906f-8d90eb33b114
2021-12-05 13:31:25,886 [grpc-default-executor-1] INFO  impl.RoleInfo (RoleInfo.java:shutdownFollowerState(108)) - 68db2fb8-7673-4b38-b5c0-1c356c7b18fc: shutdown 68db2fb8-7673-4b38-b5c0-1c356c7b18fc@group-E6F0FCCAF35B-FollowerState
2021-12-05 13:31:25,892 [grpc-default-executor-1] INFO  impl.RoleInfo (RoleInfo.java:updateAndGet(130)) - 68db2fb8-7673-4b38-b5c0-1c356c7b18fc: start 68db2fb8-7673-4b38-b5c0-1c356c7b18fc@group-E6F0FCCAF35B-FollowerState
2021-12-05 13:31:25,895 [grpc-default-executor-0] INFO  server.RaftServer$Division (RaftServerImpl.java:requestVote(1046)) - 211abb75-e3d2-43c2-82f8-ac1b18f50a72@group-E6F0FCCAF35B: receive requestVote(ELECTION, e7c48114-a24d-4ce4-906f-8d90eb33b114, group-E6F0FCCAF35B, 1, (t:0, i:0))
2021-12-05 13:31:25,896 [grpc-default-executor-0] INFO  impl.VoteContext (VoteContext.java:log(48)) - 211abb75-e3d2-43c2-82f8-ac1b18f50a72@group-E6F0FCCAF35B-FOLLOWER: accept ELECTION from e7c48114-a24d-4ce4-906f-8d90eb33b114: our priority 0 <= candidate's priority 0
2021-12-05 13:31:25,896 [grpc-default-executor-0] INFO  server.RaftServer$Division (RaftServerImpl.java:setRole(290)) - 211abb75-e3d2-43c2-82f8-ac1b18f50a72@group-E6F0FCCAF35B: changes role from  FOLLOWER to FOLLOWER at term 1 for candidate:e7c48114-a24d-4ce4-906f-8d90eb33b114
2021-12-05 13:31:25,896 [grpc-default-executor-0] INFO  impl.RoleInfo (RoleInfo.java:shutdownFollowerState(108)) - 211abb75-e3d2-43c2-82f8-ac1b18f50a72: shutdown 211abb75-e3d2-43c2-82f8-ac1b18f50a72@group-E6F0FCCAF35B-FollowerState
2021-12-05 13:31:25,896 [grpc-default-executor-0] INFO  impl.RoleInfo (RoleInfo.java:updateAndGet(130)) - 211abb75-e3d2-43c2-82f8-ac1b18f50a72: start 211abb75-e3d2-43c2-82f8-ac1b18f50a72@group-E6F0FCCAF35B-FollowerState
2021-12-05 13:31:25,896 [68db2fb8-7673-4b38-b5c0-1c356c7b18fc@group-E6F0FCCAF35B-FollowerState] INFO  impl.FollowerState (FollowerState.java:run(143)) - 68db2fb8-7673-4b38-b5c0-1c356c7b18fc@group-E6F0FCCAF35B-FollowerState was interrupted: {}
java.lang.InterruptedException: sleep interrupted
	at java.lang.Thread.sleep(Native Method)
	at java.lang.Thread.sleep(Thread.java:340)
	at java.util.concurrent.TimeUnit.sleep(TimeUnit.java:386)
	at org.apache.ratis.util.TimeDuration.sleep(TimeDuration.java:324)
	at org.apache.ratis.util.TimeDuration.sleep(TimeDuration.java:309)
	at org.apache.ratis.server.impl.FollowerState.run(FollowerState.java:118)
2021-12-05 13:31:25,896 [211abb75-e3d2-43c2-82f8-ac1b18f50a72@group-E6F0FCCAF35B-FollowerState] INFO  impl.FollowerState (FollowerState.java:run(143)) - 211abb75-e3d2-43c2-82f8-ac1b18f50a72@group-E6F0FCCAF35B-FollowerState was interrupted: {}
java.lang.InterruptedException: sleep interrupted
	at java.lang.Thread.sleep(Native Method)
	at java.lang.Thread.sleep(Thread.java:340)
	at java.util.concurrent.TimeUnit.sleep(TimeUnit.java:386)
	at org.apache.ratis.util.TimeDuration.sleep(TimeDuration.java:324)
	at org.apache.ratis.util.TimeDuration.sleep(TimeDuration.java:309)
	at org.apache.ratis.server.impl.FollowerState.run(FollowerState.java:118)
2021-12-05 13:31:25,897 [grpc-default-executor-1] INFO  server.RaftServer$Division (RaftServerImpl.java:requestVote(1078)) - 68db2fb8-7673-4b38-b5c0-1c356c7b18fc@group-E6F0FCCAF35B replies to ELECTION vote request: e7c48114-a24d-4ce4-906f-8d90eb33b114<-68db2fb8-7673-4b38-b5c0-1c356c7b18fc#0:FAIL-t1. Peer's state: 68db2fb8-7673-4b38-b5c0-1c356c7b18fc@group-E6F0FCCAF35B:t1, leader=null, voted=null, raftlog=68db2fb8-7673-4b38-b5c0-1c356c7b18fc@group-E6F0FCCAF35B-SegmentedRaftLog:OPENED:c-1, conf=-1: [68db2fb8-7673-4b38-b5c0-1c356c7b18fc|rpc:10.1.0.33:41561|dataStream:|priority:1, e7c48114-a24d-4ce4-906f-8d90eb33b114|rpc:10.1.0.33:46255|dataStream:|priority:0, 211abb75-e3d2-43c2-82f8-ac1b18f50a72|rpc:10.1.0.33:45379|dataStream:|priority:0], old=null
2021-12-05 13:31:25,908 [grpc-default-executor-0] INFO  server.RaftServer$Division (RaftServerImpl.java:requestVote(1078)) - 211abb75-e3d2-43c2-82f8-ac1b18f50a72@group-E6F0FCCAF35B replies to ELECTION vote request: e7c48114-a24d-4ce4-906f-8d90eb33b114<-211abb75-e3d2-43c2-82f8-ac1b18f50a72#0:OK-t1. Peer's state: 211abb75-e3d2-43c2-82f8-ac1b18f50a72@group-E6F0FCCAF35B:t1, leader=null, voted=e7c48114-a24d-4ce4-906f-8d90eb33b114, raftlog=211abb75-e3d2-43c2-82f8-ac1b18f50a72@group-E6F0FCCAF35B-SegmentedRaftLog:OPENED:c-1, conf=-1: [68db2fb8-7673-4b38-b5c0-1c356c7b18fc|rpc:10.1.0.33:41561|priority:1, e7c48114-a24d-4ce4-906f-8d90eb33b114|rpc:10.1.0.33:46255|priority:0, 211abb75-e3d2-43c2-82f8-ac1b18f50a72|rpc:10.1.0.33:45379|priority:0], old=null
2021-12-05 13:31:25,914 [e7c48114-a24d-4ce4-906f-8d90eb33b114@group-E6F0FCCAF35B-LeaderElection30] INFO  impl.LeaderElection (LeaderElection.java:logAndReturn(89)) - e7c48114-a24d-4ce4-906f-8d90eb33b114@group-E6F0FCCAF35B-LeaderElection30: ELECTION REJECTED received 2 response(s) and 0 exception(s):
2021-12-05 13:31:25,918 [e7c48114-a24d-4ce4-906f-8d90eb33b114@group-E6F0FCCAF35B-LeaderElection30] INFO  impl.LeaderElection (LeaderElection.java:logAndReturn(93)) -   Response 0: e7c48114-a24d-4ce4-906f-8d90eb33b114<-68db2fb8-7673-4b38-b5c0-1c356c7b18fc#0:FAIL-t1
2021-12-05 13:31:25,918 [e7c48114-a24d-4ce4-906f-8d90eb33b114@group-E6F0FCCAF35B-LeaderElection30] INFO  impl.LeaderElection (LeaderElection.java:logAndReturn(93)) -   Response 1: e7c48114-a24d-4ce4-906f-8d90eb33b114<-211abb75-e3d2-43c2-82f8-ac1b18f50a72#0:OK-t1
2021-12-05 13:31:25,918 [e7c48114-a24d-4ce4-906f-8d90eb33b114@group-E6F0FCCAF35B-LeaderElection30] INFO  impl.LeaderElection (LeaderElection.java:askForVotes(308)) - e7c48114-a24d-4ce4-906f-8d90eb33b114@group-E6F0FCCAF35B-LeaderElection30 ELECTION round 0: result REJECTED
2021-12-05 13:31:25,918 [e7c48114-a24d-4ce4-906f-8d90eb33b114@group-E6F0FCCAF35B-LeaderElection30] INFO  server.RaftServer$Division (RaftServerImpl.java:setRole(290)) - e7c48114-a24d-4ce4-906f-8d90eb33b114@group-E6F0FCCAF35B: changes role from CANDIDATE to FOLLOWER at term 1 for REJECTED
2021-12-05 13:31:25,918 [e7c48114-a24d-4ce4-906f-8d90eb33b114@group-E6F0FCCAF35B-LeaderElection30] INFO  impl.RoleInfo (RoleInfo.java:shutdownLeaderElection(121)) - e7c48114-a24d-4ce4-906f-8d90eb33b114: shutdown e7c48114-a24d-4ce4-906f-8d90eb33b114@group-E6F0FCCAF35B-LeaderElection30
2021-12-05 13:31:25,918 [e7c48114-a24d-4ce4-906f-8d90eb33b114@group-E6F0FCCAF35B-LeaderElection30] INFO  impl.RoleInfo (RoleInfo.java:updateAndGet(130)) - e7c48114-a24d-4ce4-906f-8d90eb33b114: start e7c48114-a24d-4ce4-906f-8d90eb33b114@group-E6F0FCCAF35B-FollowerState
2021-12-05 13:31:25,952 [Listener at 127.0.0.1/41523] INFO  ozone.MiniOzoneClusterImpl (MiniOzoneClusterImpl.java:lambda$waitForClusterToBeReady$0(235)) - Nodes are ready. Got 3 of 3 DN Heartbeats.
2021-12-05 13:31:25,953 [Listener at 127.0.0.1/41523] INFO  ozone.MiniOzoneClusterImpl (MiniOzoneClusterImpl.java:lambda$waitForClusterToBeReady$0(238)) - Waiting for cluster to exit safe mode
2021-12-05 13:31:25,953 [Listener at 127.0.0.1/41523] INFO  ozone.MiniOzoneClusterImpl (MiniOzoneClusterImpl.java:lambda$waitForClusterToBeReady$0(240)) - SCM became leader
2021-12-05 13:31:26,096 [68db2fb8-7673-4b38-b5c0-1c356c7b18fc@group-5929AE53AFB4-FollowerState] INFO  impl.FollowerState (FollowerState.java:run(134)) - 68db2fb8-7673-4b38-b5c0-1c356c7b18fc@group-5929AE53AFB4-FollowerState: change to CANDIDATE, lastRpcElapsedTime:5090054638ns, electionTimeout:5082ms
2021-12-05 13:31:26,096 [68db2fb8-7673-4b38-b5c0-1c356c7b18fc@group-5929AE53AFB4-FollowerState] INFO  impl.RoleInfo (RoleInfo.java:shutdownFollowerState(108)) - 68db2fb8-7673-4b38-b5c0-1c356c7b18fc: shutdown 68db2fb8-7673-4b38-b5c0-1c356c7b18fc@group-5929AE53AFB4-FollowerState
2021-12-05 13:31:26,096 [68db2fb8-7673-4b38-b5c0-1c356c7b18fc@group-5929AE53AFB4-FollowerState] INFO  server.RaftServer$Division (RaftServerImpl.java:setRole(290)) - 68db2fb8-7673-4b38-b5c0-1c356c7b18fc@group-5929AE53AFB4: changes role from  FOLLOWER to CANDIDATE at term 0 for changeToCandidate
2021-12-05 13:31:26,096 [68db2fb8-7673-4b38-b5c0-1c356c7b18fc@group-5929AE53AFB4-FollowerState] INFO  server.RaftServerConfigKeys (ConfUtils.java:logGet(44)) - raft.server.leaderelection.pre-vote = false (custom)
2021-12-05 13:31:26,097 [68db2fb8-7673-4b38-b5c0-1c356c7b18fc@group-5929AE53AFB4-FollowerState] INFO  impl.RoleInfo (RoleInfo.java:updateAndGet(130)) - 68db2fb8-7673-4b38-b5c0-1c356c7b18fc: start 68db2fb8-7673-4b38-b5c0-1c356c7b18fc@group-5929AE53AFB4-LeaderElection31
2021-12-05 13:31:26,111 [68db2fb8-7673-4b38-b5c0-1c356c7b18fc@group-5929AE53AFB4-LeaderElection31] INFO  impl.LeaderElection (LeaderElection.java:askForVotes(306)) - 68db2fb8-7673-4b38-b5c0-1c356c7b18fc@group-5929AE53AFB4-LeaderElection31 ELECTION round 0: submit vote requests at term 1 for -1: [68db2fb8-7673-4b38-b5c0-1c356c7b18fc|rpc:10.1.0.33:41561|priority:1], old=null
2021-12-05 13:31:26,111 [68db2fb8-7673-4b38-b5c0-1c356c7b18fc@group-5929AE53AFB4-LeaderElection31] INFO  impl.LeaderElection (LeaderElection.java:askForVotes(308)) - 68db2fb8-7673-4b38-b5c0-1c356c7b18fc@group-5929AE53AFB4-LeaderElection31 ELECTION round 0: result PASSED (term=1)
2021-12-05 13:31:26,111 [68db2fb8-7673-4b38-b5c0-1c356c7b18fc@group-5929AE53AFB4-LeaderElection31] INFO  impl.RoleInfo (RoleInfo.java:shutdownLeaderElection(121)) - 68db2fb8-7673-4b38-b5c0-1c356c7b18fc: shutdown 68db2fb8-7673-4b38-b5c0-1c356c7b18fc@group-5929AE53AFB4-LeaderElection31
2021-12-05 13:31:26,111 [68db2fb8-7673-4b38-b5c0-1c356c7b18fc@group-5929AE53AFB4-LeaderElection31] INFO  server.RaftServer$Division (RaftServerImpl.java:setRole(290)) - 68db2fb8-7673-4b38-b5c0-1c356c7b18fc@group-5929AE53AFB4: changes role from CANDIDATE to LEADER at term 1 for changeToLeader
2021-12-05 13:31:26,111 [68db2fb8-7673-4b38-b5c0-1c356c7b18fc@group-5929AE53AFB4-LeaderElection31] INFO  ratis.XceiverServerRatis (XceiverServerRatis.java:handleLeaderChangedNotification(866)) - Leader change notification received for group: group-5929AE53AFB4 with new leaderId: 68db2fb8-7673-4b38-b5c0-1c356c7b18fc
2021-12-05 13:31:26,111 [68db2fb8-7673-4b38-b5c0-1c356c7b18fc@group-5929AE53AFB4-LeaderElection31] INFO  server.RaftServer$Division (ServerState.java:setLeader(285)) - 68db2fb8-7673-4b38-b5c0-1c356c7b18fc@group-5929AE53AFB4: change Leader from null to 68db2fb8-7673-4b38-b5c0-1c356c7b18fc at term 1 for becomeLeader, leader elected after 5141ms
2021-12-05 13:31:26,112 [68db2fb8-7673-4b38-b5c0-1c356c7b18fc@group-5929AE53AFB4-LeaderElection31] INFO  server.RaftServerConfigKeys (ConfUtils.java:logGet(44)) - raft.server.staging.catchup.gap = 1000 (default)
2021-12-05 13:31:26,112 [68db2fb8-7673-4b38-b5c0-1c356c7b18fc@group-5929AE53AFB4-LeaderElection31] INFO  server.RaftServerConfigKeys (ConfUtils.java:logGet(44)) - raft.server.write.element-limit = 1024 (custom)
2021-12-05 13:31:26,112 [68db2fb8-7673-4b38-b5c0-1c356c7b18fc@group-5929AE53AFB4-LeaderElection31] INFO  server.RaftServerConfigKeys (ConfUtils.java:logGet(44)) - raft.server.write.byte-limit = 1024 M (=1073741824) (custom)
2021-12-05 13:31:26,112 [68db2fb8-7673-4b38-b5c0-1c356c7b18fc@group-5929AE53AFB4-LeaderElection31] INFO  server.RaftServerConfigKeys (ConfUtils.java:logGet(44)) - raft.server.watch.timeout = 180s (custom)
2021-12-05 13:31:26,112 [68db2fb8-7673-4b38-b5c0-1c356c7b18fc@group-5929AE53AFB4-LeaderElection31] INFO  server.RaftServerConfigKeys (ConfUtils.java:logGet(44)) - raft.server.watch.timeout.denomination = 1s (default)
2021-12-05 13:31:26,112 [68db2fb8-7673-4b38-b5c0-1c356c7b18fc@group-5929AE53AFB4-LeaderElection31] INFO  server.RaftServerConfigKeys (ConfUtils.java:logGet(44)) - raft.server.watch.element-limit = 65536 (default)
2021-12-05 13:31:26,112 [68db2fb8-7673-4b38-b5c0-1c356c7b18fc@group-5929AE53AFB4-LeaderElection31] INFO  server.RaftServerConfigKeys (ConfUtils.java:logGet(44)) - raft.server.write.element-limit = 1024 (custom)
2021-12-05 13:31:26,112 [68db2fb8-7673-4b38-b5c0-1c356c7b18fc@group-5929AE53AFB4-LeaderElection31] INFO  server.RaftServerConfigKeys (ConfUtils.java:logGet(44)) - raft.server.write.follower.gap.ratio.max = -1.0 (default)
2021-12-05 13:31:26,113 [68db2fb8-7673-4b38-b5c0-1c356c7b18fc@group-5929AE53AFB4-LeaderElection31] INFO  impl.RoleInfo (RoleInfo.java:updateAndGet(130)) - 68db2fb8-7673-4b38-b5c0-1c356c7b18fc: start 68db2fb8-7673-4b38-b5c0-1c356c7b18fc@group-5929AE53AFB4-LeaderStateImpl
2021-12-05 13:31:26,113 [68db2fb8-7673-4b38-b5c0-1c356c7b18fc@group-5929AE53AFB4-LeaderElection31] INFO  segmented.SegmentedRaftLogWorker (SegmentedRaftLogWorker.java:startLogSegment(394)) - 68db2fb8-7673-4b38-b5c0-1c356c7b18fc@group-5929AE53AFB4-SegmentedRaftLogWorker: Starting segment from index:0
2021-12-05 13:31:26,124 [68db2fb8-7673-4b38-b5c0-1c356c7b18fc@group-5929AE53AFB4-LeaderElection31] INFO  server.RaftServer$Division (ServerState.java:setRaftConf(387)) - 68db2fb8-7673-4b38-b5c0-1c356c7b18fc@group-5929AE53AFB4: set configuration 0: [68db2fb8-7673-4b38-b5c0-1c356c7b18fc|rpc:10.1.0.33:41561|dataStream:|priority:1], old=null
2021-12-05 13:31:26,125 [EventQueue-OpenPipelineForHealthyPipelineSafeModeRule] INFO  safemode.SCMSafeModeManager (HealthyPipelineSafeModeRule.java:process(124)) - SCM in safe mode. Healthy pipelines reported count is 0, required healthy pipeline reported count is 1
2021-12-05 13:31:26,140 [68db2fb8-7673-4b38-b5c0-1c356c7b18fc@group-5929AE53AFB4-SegmentedRaftLogWorker] INFO  segmented.SegmentedRaftLogWorker (SegmentedRaftLogWorker.java:execute(601)) - 68db2fb8-7673-4b38-b5c0-1c356c7b18fc@group-5929AE53AFB4-SegmentedRaftLogWorker: created new log segment /home/runner/work/ozone/ozone/hadoop-ozone/integration-test/target/test-dir/MiniOzoneClusterImpl-71d26685-9743-4000-9a7d-6ec2d996e1a3/datanode-2/data/ratis/ba578fd4-562b-479d-b52b-5929ae53afb4/current/log_inprogress_0
2021-12-05 13:31:26,953 [Listener at 127.0.0.1/41523] INFO  ozone.MiniOzoneClusterImpl (MiniOzoneClusterImpl.java:lambda$waitForClusterToBeReady$0(235)) - Nodes are ready. Got 3 of 3 DN Heartbeats.
2021-12-05 13:31:26,954 [Listener at 127.0.0.1/41523] INFO  ozone.MiniOzoneClusterImpl (MiniOzoneClusterImpl.java:lambda$waitForClusterToBeReady$0(238)) - Waiting for cluster to exit safe mode
2021-12-05 13:31:26,954 [Listener at 127.0.0.1/41523] INFO  ozone.MiniOzoneClusterImpl (MiniOzoneClusterImpl.java:lambda$waitForClusterToBeReady$0(240)) - SCM became leader
2021-12-05 13:31:27,954 [Listener at 127.0.0.1/41523] INFO  ozone.MiniOzoneClusterImpl (MiniOzoneClusterImpl.java:lambda$waitForClusterToBeReady$0(235)) - Nodes are ready. Got 3 of 3 DN Heartbeats.
2021-12-05 13:31:27,954 [Listener at 127.0.0.1/41523] INFO  ozone.MiniOzoneClusterImpl (MiniOzoneClusterImpl.java:lambda$waitForClusterToBeReady$0(238)) - Waiting for cluster to exit safe mode
2021-12-05 13:31:27,954 [Listener at 127.0.0.1/41523] INFO  ozone.MiniOzoneClusterImpl (MiniOzoneClusterImpl.java:lambda$waitForClusterToBeReady$0(240)) - SCM became leader
2021-12-05 13:31:28,955 [Listener at 127.0.0.1/41523] INFO  ozone.MiniOzoneClusterImpl (MiniOzoneClusterImpl.java:lambda$waitForClusterToBeReady$0(235)) - Nodes are ready. Got 3 of 3 DN Heartbeats.
2021-12-05 13:31:28,955 [Listener at 127.0.0.1/41523] INFO  ozone.MiniOzoneClusterImpl (MiniOzoneClusterImpl.java:lambda$waitForClusterToBeReady$0(238)) - Waiting for cluster to exit safe mode
2021-12-05 13:31:28,955 [Listener at 127.0.0.1/41523] INFO  ozone.MiniOzoneClusterImpl (MiniOzoneClusterImpl.java:lambda$waitForClusterToBeReady$0(240)) - SCM became leader
2021-12-05 13:31:29,955 [Listener at 127.0.0.1/41523] INFO  ozone.MiniOzoneClusterImpl (MiniOzoneClusterImpl.java:lambda$waitForClusterToBeReady$0(235)) - Nodes are ready. Got 3 of 3 DN Heartbeats.
2021-12-05 13:31:29,956 [Listener at 127.0.0.1/41523] INFO  ozone.MiniOzoneClusterImpl (MiniOzoneClusterImpl.java:lambda$waitForClusterToBeReady$0(238)) - Waiting for cluster to exit safe mode
2021-12-05 13:31:29,956 [Listener at 127.0.0.1/41523] INFO  ozone.MiniOzoneClusterImpl (MiniOzoneClusterImpl.java:lambda$waitForClusterToBeReady$0(240)) - SCM became leader
2021-12-05 13:31:30,783 [211abb75-e3d2-43c2-82f8-ac1b18f50a72@group-F02BBA177089-FollowerState] INFO  impl.FollowerState (FollowerState.java:run(134)) - 211abb75-e3d2-43c2-82f8-ac1b18f50a72@group-F02BBA177089-FollowerState: change to CANDIDATE, lastRpcElapsedTime:5136341964ns, electionTimeout:5136ms
2021-12-05 13:31:30,783 [211abb75-e3d2-43c2-82f8-ac1b18f50a72@group-F02BBA177089-FollowerState] INFO  impl.RoleInfo (RoleInfo.java:shutdownFollowerState(108)) - 211abb75-e3d2-43c2-82f8-ac1b18f50a72: shutdown 211abb75-e3d2-43c2-82f8-ac1b18f50a72@group-F02BBA177089-FollowerState
2021-12-05 13:31:30,783 [211abb75-e3d2-43c2-82f8-ac1b18f50a72@group-F02BBA177089-FollowerState] INFO  server.RaftServer$Division (RaftServerImpl.java:setRole(290)) - 211abb75-e3d2-43c2-82f8-ac1b18f50a72@group-F02BBA177089: changes role from  FOLLOWER to CANDIDATE at term 1 for changeToCandidate
2021-12-05 13:31:30,783 [211abb75-e3d2-43c2-82f8-ac1b18f50a72@group-F02BBA177089-FollowerState] INFO  server.RaftServerConfigKeys (ConfUtils.java:logGet(44)) - raft.server.leaderelection.pre-vote = false (custom)
2021-12-05 13:31:30,783 [211abb75-e3d2-43c2-82f8-ac1b18f50a72@group-F02BBA177089-FollowerState] INFO  impl.RoleInfo (RoleInfo.java:updateAndGet(130)) - 211abb75-e3d2-43c2-82f8-ac1b18f50a72: start 211abb75-e3d2-43c2-82f8-ac1b18f50a72@group-F02BBA177089-LeaderElection32
2021-12-05 13:31:30,801 [211abb75-e3d2-43c2-82f8-ac1b18f50a72@group-F02BBA177089-LeaderElection32] INFO  impl.LeaderElection (LeaderElection.java:askForVotes(306)) - 211abb75-e3d2-43c2-82f8-ac1b18f50a72@group-F02BBA177089-LeaderElection32 ELECTION round 0: submit vote requests at term 2 for -1: [68db2fb8-7673-4b38-b5c0-1c356c7b18fc|rpc:10.1.0.33:41561|priority:0, e7c48114-a24d-4ce4-906f-8d90eb33b114|rpc:10.1.0.33:46255|priority:1, 211abb75-e3d2-43c2-82f8-ac1b18f50a72|rpc:10.1.0.33:45379|priority:0], old=null
2021-12-05 13:31:30,810 [grpc-default-executor-0] INFO  server.RaftServer$Division (RaftServerImpl.java:requestVote(1046)) - 68db2fb8-7673-4b38-b5c0-1c356c7b18fc@group-F02BBA177089: receive requestVote(ELECTION, 211abb75-e3d2-43c2-82f8-ac1b18f50a72, group-F02BBA177089, 2, (t:0, i:0))
2021-12-05 13:31:30,810 [grpc-default-executor-0] INFO  impl.VoteContext (VoteContext.java:log(48)) - 68db2fb8-7673-4b38-b5c0-1c356c7b18fc@group-F02BBA177089-FOLLOWER: accept ELECTION from 211abb75-e3d2-43c2-82f8-ac1b18f50a72: our priority 0 <= candidate's priority 0
2021-12-05 13:31:30,810 [grpc-default-executor-0] INFO  server.RaftServer$Division (RaftServerImpl.java:setRole(290)) - 68db2fb8-7673-4b38-b5c0-1c356c7b18fc@group-F02BBA177089: changes role from  FOLLOWER to FOLLOWER at term 2 for candidate:211abb75-e3d2-43c2-82f8-ac1b18f50a72
2021-12-05 13:31:30,810 [grpc-default-executor-0] INFO  impl.RoleInfo (RoleInfo.java:shutdownFollowerState(108)) - 68db2fb8-7673-4b38-b5c0-1c356c7b18fc: shutdown 68db2fb8-7673-4b38-b5c0-1c356c7b18fc@group-F02BBA177089-FollowerState
2021-12-05 13:31:30,810 [grpc-default-executor-0] INFO  impl.RoleInfo (RoleInfo.java:updateAndGet(130)) - 68db2fb8-7673-4b38-b5c0-1c356c7b18fc: start 68db2fb8-7673-4b38-b5c0-1c356c7b18fc@group-F02BBA177089-FollowerState
2021-12-05 13:31:30,810 [grpc-default-executor-1] INFO  server.RaftServer$Division (RaftServerImpl.java:requestVote(1046)) - e7c48114-a24d-4ce4-906f-8d90eb33b114@group-F02BBA177089: receive requestVote(ELECTION, 211abb75-e3d2-43c2-82f8-ac1b18f50a72, group-F02BBA177089, 2, (t:0, i:0))
2021-12-05 13:31:30,810 [grpc-default-executor-1] INFO  impl.VoteContext (VoteContext.java:log(48)) - e7c48114-a24d-4ce4-906f-8d90eb33b114@group-F02BBA177089-FOLLOWER: reject ELECTION from 211abb75-e3d2-43c2-82f8-ac1b18f50a72: our priority 1 > candidate's priority 0
2021-12-05 13:31:30,810 [grpc-default-executor-1] INFO  server.RaftServer$Division (RaftServerImpl.java:setRole(290)) - e7c48114-a24d-4ce4-906f-8d90eb33b114@group-F02BBA177089: changes role from  FOLLOWER to FOLLOWER at term 2 for candidate:211abb75-e3d2-43c2-82f8-ac1b18f50a72
2021-12-05 13:31:30,810 [grpc-default-executor-1] INFO  impl.RoleInfo (RoleInfo.java:shutdownFollowerState(108)) - e7c48114-a24d-4ce4-906f-8d90eb33b114: shutdown e7c48114-a24d-4ce4-906f-8d90eb33b114@group-F02BBA177089-FollowerState
2021-12-05 13:31:30,811 [e7c48114-a24d-4ce4-906f-8d90eb33b114@group-F02BBA177089-FollowerState] INFO  impl.FollowerState (FollowerState.java:run(127)) - e7c48114-a24d-4ce4-906f-8d90eb33b114@group-F02BBA177089-FollowerState: Stopping now (isRunning? false, isFollower? true)
2021-12-05 13:31:30,814 [68db2fb8-7673-4b38-b5c0-1c356c7b18fc@group-F02BBA177089-FollowerState] INFO  impl.FollowerState (FollowerState.java:run(143)) - 68db2fb8-7673-4b38-b5c0-1c356c7b18fc@group-F02BBA177089-FollowerState was interrupted: {}
java.lang.InterruptedException: sleep interrupted
	at java.lang.Thread.sleep(Native Method)
	at java.lang.Thread.sleep(Thread.java:340)
	at java.util.concurrent.TimeUnit.sleep(TimeUnit.java:386)
	at org.apache.ratis.util.TimeDuration.sleep(TimeDuration.java:324)
	at org.apache.ratis.util.TimeDuration.sleep(TimeDuration.java:309)
	at org.apache.ratis.server.impl.FollowerState.run(FollowerState.java:118)
2021-12-05 13:31:30,822 [grpc-default-executor-1] INFO  impl.RoleInfo (RoleInfo.java:updateAndGet(130)) - e7c48114-a24d-4ce4-906f-8d90eb33b114: start e7c48114-a24d-4ce4-906f-8d90eb33b114@group-F02BBA177089-FollowerState
2021-12-05 13:31:30,824 [grpc-default-executor-1] INFO  server.RaftServer$Division (RaftServerImpl.java:requestVote(1078)) - e7c48114-a24d-4ce4-906f-8d90eb33b114@group-F02BBA177089 replies to ELECTION vote request: 211abb75-e3d2-43c2-82f8-ac1b18f50a72<-e7c48114-a24d-4ce4-906f-8d90eb33b114#0:FAIL-t2. Peer's state: e7c48114-a24d-4ce4-906f-8d90eb33b114@group-F02BBA177089:t2, leader=null, voted=null, raftlog=e7c48114-a24d-4ce4-906f-8d90eb33b114@group-F02BBA177089-SegmentedRaftLog:OPENED:c-1, conf=-1: [68db2fb8-7673-4b38-b5c0-1c356c7b18fc|rpc:10.1.0.33:41561|dataStream:|priority:0, e7c48114-a24d-4ce4-906f-8d90eb33b114|rpc:10.1.0.33:46255|dataStream:|priority:1, 211abb75-e3d2-43c2-82f8-ac1b18f50a72|rpc:10.1.0.33:45379|dataStream:|priority:0], old=null
2021-12-05 13:31:30,825 [211abb75-e3d2-43c2-82f8-ac1b18f50a72@group-F02BBA177089-LeaderElection32] INFO  impl.LeaderElection (LeaderElection.java:logAndReturn(89)) - 211abb75-e3d2-43c2-82f8-ac1b18f50a72@group-F02BBA177089-LeaderElection32: ELECTION REJECTED received 1 response(s) and 0 exception(s):
2021-12-05 13:31:30,825 [211abb75-e3d2-43c2-82f8-ac1b18f50a72@group-F02BBA177089-LeaderElection32] INFO  impl.LeaderElection (LeaderElection.java:logAndReturn(93)) -   Response 0: 211abb75-e3d2-43c2-82f8-ac1b18f50a72<-e7c48114-a24d-4ce4-906f-8d90eb33b114#0:FAIL-t2
2021-12-05 13:31:30,825 [211abb75-e3d2-43c2-82f8-ac1b18f50a72@group-F02BBA177089-LeaderElection32] INFO  impl.LeaderElection (LeaderElection.java:askForVotes(308)) - 211abb75-e3d2-43c2-82f8-ac1b18f50a72@group-F02BBA177089-LeaderElection32 ELECTION round 0: result REJECTED
2021-12-05 13:31:30,825 [211abb75-e3d2-43c2-82f8-ac1b18f50a72@group-F02BBA177089-LeaderElection32] INFO  server.RaftServer$Division (RaftServerImpl.java:setRole(290)) - 211abb75-e3d2-43c2-82f8-ac1b18f50a72@group-F02BBA177089: changes role from CANDIDATE to FOLLOWER at term 2 for REJECTED
2021-12-05 13:31:30,825 [211abb75-e3d2-43c2-82f8-ac1b18f50a72@group-F02BBA177089-LeaderElection32] INFO  impl.RoleInfo (RoleInfo.java:shutdownLeaderElection(121)) - 211abb75-e3d2-43c2-82f8-ac1b18f50a72: shutdown 211abb75-e3d2-43c2-82f8-ac1b18f50a72@group-F02BBA177089-LeaderElection32
2021-12-05 13:31:30,825 [211abb75-e3d2-43c2-82f8-ac1b18f50a72@group-F02BBA177089-LeaderElection32] INFO  impl.RoleInfo (RoleInfo.java:updateAndGet(130)) - 211abb75-e3d2-43c2-82f8-ac1b18f50a72: start 211abb75-e3d2-43c2-82f8-ac1b18f50a72@group-F02BBA177089-FollowerState
2021-12-05 13:31:30,830 [grpc-default-executor-0] INFO  server.RaftServer$Division (RaftServerImpl.java:requestVote(1078)) - 68db2fb8-7673-4b38-b5c0-1c356c7b18fc@group-F02BBA177089 replies to ELECTION vote request: 211abb75-e3d2-43c2-82f8-ac1b18f50a72<-68db2fb8-7673-4b38-b5c0-1c356c7b18fc#0:OK-t2. Peer's state: 68db2fb8-7673-4b38-b5c0-1c356c7b18fc@group-F02BBA177089:t2, leader=null, voted=211abb75-e3d2-43c2-82f8-ac1b18f50a72, raftlog=68db2fb8-7673-4b38-b5c0-1c356c7b18fc@group-F02BBA177089-SegmentedRaftLog:OPENED:c-1, conf=-1: [68db2fb8-7673-4b38-b5c0-1c356c7b18fc|rpc:10.1.0.33:41561|dataStream:|priority:0, e7c48114-a24d-4ce4-906f-8d90eb33b114|rpc:10.1.0.33:46255|dataStream:|priority:1, 211abb75-e3d2-43c2-82f8-ac1b18f50a72|rpc:10.1.0.33:45379|dataStream:|priority:0], old=null
2021-12-05 13:31:30,956 [Listener at 127.0.0.1/41523] INFO  ozone.MiniOzoneClusterImpl (MiniOzoneClusterImpl.java:lambda$waitForClusterToBeReady$0(235)) - Nodes are ready. Got 3 of 3 DN Heartbeats.
2021-12-05 13:31:30,957 [Listener at 127.0.0.1/41523] INFO  ozone.MiniOzoneClusterImpl (MiniOzoneClusterImpl.java:lambda$waitForClusterToBeReady$0(238)) - Waiting for cluster to exit safe mode
2021-12-05 13:31:30,957 [Listener at 127.0.0.1/41523] INFO  ozone.MiniOzoneClusterImpl (MiniOzoneClusterImpl.java:lambda$waitForClusterToBeReady$0(240)) - SCM became leader
2021-12-05 13:31:31,005 [68db2fb8-7673-4b38-b5c0-1c356c7b18fc@group-E6F0FCCAF35B-FollowerState] INFO  impl.FollowerState (FollowerState.java:run(134)) - 68db2fb8-7673-4b38-b5c0-1c356c7b18fc@group-E6F0FCCAF35B-FollowerState: change to CANDIDATE, lastRpcElapsedTime:5113893338ns, electionTimeout:5099ms
2021-12-05 13:31:31,006 [68db2fb8-7673-4b38-b5c0-1c356c7b18fc@group-E6F0FCCAF35B-FollowerState] INFO  impl.RoleInfo (RoleInfo.java:shutdownFollowerState(108)) - 68db2fb8-7673-4b38-b5c0-1c356c7b18fc: shutdown 68db2fb8-7673-4b38-b5c0-1c356c7b18fc@group-E6F0FCCAF35B-FollowerState
2021-12-05 13:31:31,006 [68db2fb8-7673-4b38-b5c0-1c356c7b18fc@group-E6F0FCCAF35B-FollowerState] INFO  server.RaftServer$Division (RaftServerImpl.java:setRole(290)) - 68db2fb8-7673-4b38-b5c0-1c356c7b18fc@group-E6F0FCCAF35B: changes role from  FOLLOWER to CANDIDATE at term 1 for changeToCandidate
2021-12-05 13:31:31,006 [68db2fb8-7673-4b38-b5c0-1c356c7b18fc@group-E6F0FCCAF35B-FollowerState] INFO  server.RaftServerConfigKeys (ConfUtils.java:logGet(44)) - raft.server.leaderelection.pre-vote = false (custom)
2021-12-05 13:31:31,006 [68db2fb8-7673-4b38-b5c0-1c356c7b18fc@group-E6F0FCCAF35B-FollowerState] INFO  impl.RoleInfo (RoleInfo.java:updateAndGet(130)) - 68db2fb8-7673-4b38-b5c0-1c356c7b18fc: start 68db2fb8-7673-4b38-b5c0-1c356c7b18fc@group-E6F0FCCAF35B-LeaderElection33
2021-12-05 13:31:31,022 [68db2fb8-7673-4b38-b5c0-1c356c7b18fc@group-E6F0FCCAF35B-LeaderElection33] INFO  impl.LeaderElection (LeaderElection.java:askForVotes(306)) - 68db2fb8-7673-4b38-b5c0-1c356c7b18fc@group-E6F0FCCAF35B-LeaderElection33 ELECTION round 0: submit vote requests at term 2 for -1: [68db2fb8-7673-4b38-b5c0-1c356c7b18fc|rpc:10.1.0.33:41561|dataStream:|priority:1, e7c48114-a24d-4ce4-906f-8d90eb33b114|rpc:10.1.0.33:46255|dataStream:|priority:0, 211abb75-e3d2-43c2-82f8-ac1b18f50a72|rpc:10.1.0.33:45379|dataStream:|priority:0], old=null
2021-12-05 13:31:31,056 [grpc-default-executor-0] INFO  server.RaftServer$Division (RaftServerImpl.java:requestVote(1046)) - e7c48114-a24d-4ce4-906f-8d90eb33b114@group-E6F0FCCAF35B: receive requestVote(ELECTION, 68db2fb8-7673-4b38-b5c0-1c356c7b18fc, group-E6F0FCCAF35B, 2, (t:0, i:0))
2021-12-05 13:31:31,056 [grpc-default-executor-0] INFO  impl.VoteContext (VoteContext.java:log(48)) - e7c48114-a24d-4ce4-906f-8d90eb33b114@group-E6F0FCCAF35B-FOLLOWER: accept ELECTION from 68db2fb8-7673-4b38-b5c0-1c356c7b18fc: our priority 0 <= candidate's priority 1
2021-12-05 13:31:31,056 [grpc-default-executor-0] INFO  server.RaftServer$Division (RaftServerImpl.java:setRole(290)) - e7c48114-a24d-4ce4-906f-8d90eb33b114@group-E6F0FCCAF35B: changes role from  FOLLOWER to FOLLOWER at term 2 for candidate:68db2fb8-7673-4b38-b5c0-1c356c7b18fc
2021-12-05 13:31:31,056 [grpc-default-executor-0] INFO  impl.RoleInfo (RoleInfo.java:shutdownFollowerState(108)) - e7c48114-a24d-4ce4-906f-8d90eb33b114: shutdown e7c48114-a24d-4ce4-906f-8d90eb33b114@group-E6F0FCCAF35B-FollowerState
2021-12-05 13:31:31,057 [grpc-default-executor-0] INFO  impl.RoleInfo (RoleInfo.java:updateAndGet(130)) - e7c48114-a24d-4ce4-906f-8d90eb33b114: start e7c48114-a24d-4ce4-906f-8d90eb33b114@group-E6F0FCCAF35B-FollowerState
2021-12-05 13:31:31,057 [e7c48114-a24d-4ce4-906f-8d90eb33b114@group-E6F0FCCAF35B-FollowerState] INFO  impl.FollowerState (FollowerState.java:run(143)) - e7c48114-a24d-4ce4-906f-8d90eb33b114@group-E6F0FCCAF35B-FollowerState was interrupted: {}
java.lang.InterruptedException: sleep interrupted
	at java.lang.Thread.sleep(Native Method)
	at java.lang.Thread.sleep(Thread.java:340)
	at java.util.concurrent.TimeUnit.sleep(TimeUnit.java:386)
	at org.apache.ratis.util.TimeDuration.sleep(TimeDuration.java:324)
	at org.apache.ratis.util.TimeDuration.sleep(TimeDuration.java:309)
	at org.apache.ratis.server.impl.FollowerState.run(FollowerState.java:118)
2021-12-05 13:31:31,058 [grpc-default-executor-0] INFO  server.RaftServer$Division (RaftServerImpl.java:requestVote(1078)) - e7c48114-a24d-4ce4-906f-8d90eb33b114@group-E6F0FCCAF35B replies to ELECTION vote request: 68db2fb8-7673-4b38-b5c0-1c356c7b18fc<-e7c48114-a24d-4ce4-906f-8d90eb33b114#0:OK-t2. Peer's state: e7c48114-a24d-4ce4-906f-8d90eb33b114@group-E6F0FCCAF35B:t2, leader=null, voted=68db2fb8-7673-4b38-b5c0-1c356c7b18fc, raftlog=e7c48114-a24d-4ce4-906f-8d90eb33b114@group-E6F0FCCAF35B-SegmentedRaftLog:OPENED:c-1, conf=-1: [68db2fb8-7673-4b38-b5c0-1c356c7b18fc|rpc:10.1.0.33:41561|priority:1, e7c48114-a24d-4ce4-906f-8d90eb33b114|rpc:10.1.0.33:46255|priority:0, 211abb75-e3d2-43c2-82f8-ac1b18f50a72|rpc:10.1.0.33:45379|priority:0], old=null
2021-12-05 13:31:31,072 [68db2fb8-7673-4b38-b5c0-1c356c7b18fc@group-E6F0FCCAF35B-LeaderElection33] INFO  impl.LeaderElection (LeaderElection.java:logAndReturn(89)) - 68db2fb8-7673-4b38-b5c0-1c356c7b18fc@group-E6F0FCCAF35B-LeaderElection33: ELECTION PASSED received 1 response(s) and 0 exception(s):
2021-12-05 13:31:31,072 [68db2fb8-7673-4b38-b5c0-1c356c7b18fc@group-E6F0FCCAF35B-LeaderElection33] INFO  impl.LeaderElection (LeaderElection.java:logAndReturn(93)) -   Response 0: 68db2fb8-7673-4b38-b5c0-1c356c7b18fc<-e7c48114-a24d-4ce4-906f-8d90eb33b114#0:OK-t2
2021-12-05 13:31:31,072 [68db2fb8-7673-4b38-b5c0-1c356c7b18fc@group-E6F0FCCAF35B-LeaderElection33] INFO  impl.LeaderElection (LeaderElection.java:askForVotes(308)) - 68db2fb8-7673-4b38-b5c0-1c356c7b18fc@group-E6F0FCCAF35B-LeaderElection33 ELECTION round 0: result PASSED
2021-12-05 13:31:31,072 [68db2fb8-7673-4b38-b5c0-1c356c7b18fc@group-E6F0FCCAF35B-LeaderElection33] INFO  impl.RoleInfo (RoleInfo.java:shutdownLeaderElection(121)) - 68db2fb8-7673-4b38-b5c0-1c356c7b18fc: shutdown 68db2fb8-7673-4b38-b5c0-1c356c7b18fc@group-E6F0FCCAF35B-LeaderElection33
2021-12-05 13:31:31,072 [68db2fb8-7673-4b38-b5c0-1c356c7b18fc@group-E6F0FCCAF35B-LeaderElection33] INFO  server.RaftServer$Division (RaftServerImpl.java:setRole(290)) - 68db2fb8-7673-4b38-b5c0-1c356c7b18fc@group-E6F0FCCAF35B: changes role from CANDIDATE to LEADER at term 2 for changeToLeader
2021-12-05 13:31:31,072 [68db2fb8-7673-4b38-b5c0-1c356c7b18fc@group-E6F0FCCAF35B-LeaderElection33] INFO  ratis.XceiverServerRatis (XceiverServerRatis.java:handleLeaderChangedNotification(866)) - Leader change notification received for group: group-E6F0FCCAF35B with new leaderId: 68db2fb8-7673-4b38-b5c0-1c356c7b18fc
2021-12-05 13:31:31,072 [68db2fb8-7673-4b38-b5c0-1c356c7b18fc@group-E6F0FCCAF35B-LeaderElection33] INFO  server.RaftServer$Division (ServerState.java:setLeader(285)) - 68db2fb8-7673-4b38-b5c0-1c356c7b18fc@group-E6F0FCCAF35B: change Leader from null to 68db2fb8-7673-4b38-b5c0-1c356c7b18fc at term 2 for becomeLeader, leader elected after 10222ms
2021-12-05 13:31:31,072 [68db2fb8-7673-4b38-b5c0-1c356c7b18fc@group-E6F0FCCAF35B-LeaderElection33] INFO  server.RaftServerConfigKeys (ConfUtils.java:logGet(44)) - raft.server.staging.catchup.gap = 1000 (default)
2021-12-05 13:31:31,072 [68db2fb8-7673-4b38-b5c0-1c356c7b18fc@group-E6F0FCCAF35B-LeaderElection33] INFO  server.RaftServerConfigKeys (ConfUtils.java:logGet(44)) - raft.server.write.element-limit = 1024 (custom)
2021-12-05 13:31:31,072 [68db2fb8-7673-4b38-b5c0-1c356c7b18fc@group-E6F0FCCAF35B-LeaderElection33] INFO  server.RaftServerConfigKeys (ConfUtils.java:logGet(44)) - raft.server.write.byte-limit = 1024 M (=1073741824) (custom)
2021-12-05 13:31:31,073 [68db2fb8-7673-4b38-b5c0-1c356c7b18fc@group-E6F0FCCAF35B-LeaderElection33] INFO  server.RaftServerConfigKeys (ConfUtils.java:logGet(44)) - raft.server.watch.timeout = 180s (custom)
2021-12-05 13:31:31,073 [68db2fb8-7673-4b38-b5c0-1c356c7b18fc@group-E6F0FCCAF35B-LeaderElection33] INFO  server.RaftServerConfigKeys (ConfUtils.java:logGet(44)) - raft.server.watch.timeout.denomination = 1s (default)
2021-12-05 13:31:31,073 [68db2fb8-7673-4b38-b5c0-1c356c7b18fc@group-E6F0FCCAF35B-LeaderElection33] INFO  server.RaftServerConfigKeys (ConfUtils.java:logGet(44)) - raft.server.watch.element-limit = 65536 (default)
2021-12-05 13:31:31,073 [68db2fb8-7673-4b38-b5c0-1c356c7b18fc@group-E6F0FCCAF35B-LeaderElection33] INFO  server.RaftServerConfigKeys (ConfUtils.java:logGet(44)) - raft.server.write.element-limit = 1024 (custom)
2021-12-05 13:31:31,073 [68db2fb8-7673-4b38-b5c0-1c356c7b18fc@group-E6F0FCCAF35B-LeaderElection33] INFO  server.RaftServerConfigKeys (ConfUtils.java:logGet(44)) - raft.server.write.follower.gap.ratio.max = -1.0 (default)
2021-12-05 13:31:31,073 [68db2fb8-7673-4b38-b5c0-1c356c7b18fc@group-E6F0FCCAF35B-LeaderElection33] INFO  server.RaftServerConfigKeys (ConfUtils.java:logGet(44)) - raft.server.log.appender.snapshot.chunk.size.max = 16MB (=16777216) (default)
2021-12-05 13:31:31,073 [68db2fb8-7673-4b38-b5c0-1c356c7b18fc@group-E6F0FCCAF35B-LeaderElection33] INFO  server.RaftServerConfigKeys (ConfUtils.java:logGet(44)) - raft.server.log.appender.buffer.byte-limit = 33554432 (custom)
2021-12-05 13:31:31,073 [68db2fb8-7673-4b38-b5c0-1c356c7b18fc@group-E6F0FCCAF35B-LeaderElection33] INFO  server.RaftServerConfigKeys (ConfUtils.java:logGet(44)) - raft.server.log.appender.buffer.element-limit = 1 (custom)
2021-12-05 13:31:31,073 [68db2fb8-7673-4b38-b5c0-1c356c7b18fc@group-E6F0FCCAF35B-LeaderElection33] INFO  grpc.GrpcConfigKeys (ConfUtils.java:logGet(44)) - raft.grpc.server.leader.outstanding.appends.max = 128 (default)
2021-12-05 13:31:31,073 [68db2fb8-7673-4b38-b5c0-1c356c7b18fc@group-E6F0FCCAF35B-LeaderElection33] INFO  server.RaftServerConfigKeys (ConfUtils.java:logGet(44)) - raft.server.rpc.request.timeout = 60s (custom)
2021-12-05 13:31:31,074 [68db2fb8-7673-4b38-b5c0-1c356c7b18fc@group-E6F0FCCAF35B-LeaderElection33] INFO  server.RaftServerConfigKeys (ConfUtils.java:logGet(44)) - raft.server.log.appender.install.snapshot.enabled = false (custom)
2021-12-05 13:31:31,075 [68db2fb8-7673-4b38-b5c0-1c356c7b18fc@group-E6F0FCCAF35B-LeaderElection33] INFO  server.RaftServerConfigKeys (ConfUtils.java:logGet(44)) - raft.server.log.appender.snapshot.chunk.size.max = 16MB (=16777216) (default)
2021-12-05 13:31:31,078 [68db2fb8-7673-4b38-b5c0-1c356c7b18fc@group-E6F0FCCAF35B-LeaderElection33] INFO  server.RaftServerConfigKeys (ConfUtils.java:logGet(44)) - raft.server.log.appender.buffer.byte-limit = 33554432 (custom)
2021-12-05 13:31:31,079 [68db2fb8-7673-4b38-b5c0-1c356c7b18fc@group-E6F0FCCAF35B-LeaderElection33] INFO  server.RaftServerConfigKeys (ConfUtils.java:logGet(44)) - raft.server.log.appender.buffer.element-limit = 1 (custom)
2021-12-05 13:31:31,079 [EventQueue-PipelineReportForPipelineReportHandler] INFO  pipeline.PipelineManagerImpl (PipelineManagerImpl.java:openPipeline(289)) - Pipeline Pipeline[ Id: 0e93b0a2-4e3c-46e0-9ff6-e6f0fccaf35b, Nodes: 68db2fb8-7673-4b38-b5c0-1c356c7b18fc{ip: 10.1.0.33, host: fv-az148-969.bm4ck3pvxvsene1rjriu5fhcdb.bx.internal.cloudapp.net, ports: [REPLICATION=40089, RATIS=41561, RATIS_ADMIN=41561, RATIS_SERVER=41561, STANDALONE=35689], networkLocation: /default-rack, certSerialId: null, persistedOpState: IN_SERVICE, persistedOpStateExpiryEpochSec: 0}e7c48114-a24d-4ce4-906f-8d90eb33b114{ip: 10.1.0.33, host: fv-az148-969.bm4ck3pvxvsene1rjriu5fhcdb.bx.internal.cloudapp.net, ports: [REPLICATION=34803, RATIS=46255, RATIS_ADMIN=46255, RATIS_SERVER=46255, STANDALONE=40909], networkLocation: /default-rack, certSerialId: null, persistedOpState: IN_SERVICE, persistedOpStateExpiryEpochSec: 0}211abb75-e3d2-43c2-82f8-ac1b18f50a72{ip: 10.1.0.33, host: fv-az148-969.bm4ck3pvxvsene1rjriu5fhcdb.bx.internal.cloudapp.net, ports: [REPLICATION=45101, RATIS=45379, RATIS_ADMIN=45379, RATIS_SERVER=45379, STANDALONE=34245], networkLocation: /default-rack, certSerialId: null, persistedOpState: IN_SERVICE, persistedOpStateExpiryEpochSec: 0}, ReplicationConfig: RATIS/THREE, State:ALLOCATED, leaderId:68db2fb8-7673-4b38-b5c0-1c356c7b18fc, CreationTimestamp2021-12-05T13:31:17.970Z[Etc/UTC]] moved to OPEN state
2021-12-05 13:31:31,080 [68db2fb8-7673-4b38-b5c0-1c356c7b18fc@group-E6F0FCCAF35B-LeaderElection33] INFO  grpc.GrpcConfigKeys (ConfUtils.java:logGet(44)) - raft.grpc.server.leader.outstanding.appends.max = 128 (default)
2021-12-05 13:31:31,079 [EventQueue-OpenPipelineForHealthyPipelineSafeModeRule] INFO  safemode.SCMSafeModeManager (HealthyPipelineSafeModeRule.java:process(124)) - SCM in safe mode. Healthy pipelines reported count is 0, required healthy pipeline reported count is 1
2021-12-05 13:31:31,086 [EventQueue-OpenPipelineForHealthyPipelineSafeModeRule] INFO  safemode.SCMSafeModeManager (HealthyPipelineSafeModeRule.java:process(124)) - SCM in safe mode. Healthy pipelines reported count is 1, required healthy pipeline reported count is 1
2021-12-05 13:31:31,086 [EventQueue-OpenPipelineForHealthyPipelineSafeModeRule] INFO  safemode.SCMSafeModeManager (SCMSafeModeManager.java:validateSafeModeExitRules(204)) - HealthyPipelineSafeModeRule rule is successfully validated
2021-12-05 13:31:31,086 [EventQueue-OpenPipelineForHealthyPipelineSafeModeRule] INFO  safemode.SCMSafeModeManager (SCMSafeModeManager.java:validateSafeModeExitRules(219)) - ScmSafeModeManager, all rules are successfully validated
2021-12-05 13:31:31,086 [EventQueue-OpenPipelineForHealthyPipelineSafeModeRule] INFO  safemode.SCMSafeModeManager (SCMSafeModeManager.java:exitSafeMode(248)) - SCM exiting safe mode.
2021-12-05 13:31:31,086 [EventQueue-OpenPipelineForHealthyPipelineSafeModeRule] WARN  events.EventQueue (EventQueue.java:fireEvent(194)) - No event handler registered for event TypedEvent{payloadType=SafeModeStatus, name='Safe mode status'}
2021-12-05 13:31:31,086 [EventQueue-OpenPipelineForHealthyPipelineSafeModeRule] INFO  ha.SCMContext (SCMContext.java:updateSafeModeStatus(205)) - Update SafeModeStatus from SafeModeStatus{safeModeStatus=true, preCheckPassed=true} to SafeModeStatus{safeModeStatus=false, preCheckPassed=true}.
2021-12-05 13:31:31,086 [EventQueue-OpenPipelineForHealthyPipelineSafeModeRule] INFO  pipeline.BackgroundPipelineCreator (BackgroundPipelineCreator.java:notifyStatusChanged(264)) - Service BackgroundPipelineCreator transitions to RUNNING.
2021-12-05 13:31:31,086 [EventQueue-OpenPipelineForHealthyPipelineSafeModeRule] INFO  container.ReplicationManager (ReplicationManager.java:notifyStatusChanged(1756)) - Service ReplicationManager transitions to RUNNING.
2021-12-05 13:31:31,082 [68db2fb8-7673-4b38-b5c0-1c356c7b18fc@group-E6F0FCCAF35B-LeaderElection33] INFO  server.RaftServerConfigKeys (ConfUtils.java:logGet(44)) - raft.server.rpc.request.timeout = 60s (custom)
2021-12-05 13:31:31,086 [68db2fb8-7673-4b38-b5c0-1c356c7b18fc@group-E6F0FCCAF35B-LeaderElection33] INFO  server.RaftServerConfigKeys (ConfUtils.java:logGet(44)) - raft.server.log.appender.install.snapshot.enabled = false (custom)
2021-12-05 13:31:31,087 [68db2fb8-7673-4b38-b5c0-1c356c7b18fc@group-E6F0FCCAF35B-LeaderElection33] INFO  impl.RoleInfo (RoleInfo.java:updateAndGet(130)) - 68db2fb8-7673-4b38-b5c0-1c356c7b18fc: start 68db2fb8-7673-4b38-b5c0-1c356c7b18fc@group-E6F0FCCAF35B-LeaderStateImpl
2021-12-05 13:31:31,088 [68db2fb8-7673-4b38-b5c0-1c356c7b18fc@group-E6F0FCCAF35B-LeaderElection33] INFO  segmented.SegmentedRaftLogWorker (SegmentedRaftLogWorker.java:startLogSegment(394)) - 68db2fb8-7673-4b38-b5c0-1c356c7b18fc@group-E6F0FCCAF35B-SegmentedRaftLogWorker: Starting segment from index:0
2021-12-05 13:31:31,090 [68db2fb8-7673-4b38-b5c0-1c356c7b18fc@group-E6F0FCCAF35B-SegmentedRaftLogWorker] INFO  segmented.SegmentedRaftLogWorker (SegmentedRaftLogWorker.java:execute(601)) - 68db2fb8-7673-4b38-b5c0-1c356c7b18fc@group-E6F0FCCAF35B-SegmentedRaftLogWorker: created new log segment /home/runner/work/ozone/ozone/hadoop-ozone/integration-test/target/test-dir/MiniOzoneClusterImpl-71d26685-9743-4000-9a7d-6ec2d996e1a3/datanode-2/data/ratis/0e93b0a2-4e3c-46e0-9ff6-e6f0fccaf35b/current/log_inprogress_0
2021-12-05 13:31:31,110 [grpc-default-executor-0] INFO  server.RaftServer$Division (RaftServerImpl.java:requestVote(1046)) - 211abb75-e3d2-43c2-82f8-ac1b18f50a72@group-E6F0FCCAF35B: receive requestVote(ELECTION, 68db2fb8-7673-4b38-b5c0-1c356c7b18fc, group-E6F0FCCAF35B, 2, (t:0, i:0))
2021-12-05 13:31:31,111 [grpc-default-executor-0] INFO  impl.VoteContext (VoteContext.java:log(48)) - 211abb75-e3d2-43c2-82f8-ac1b18f50a72@group-E6F0FCCAF35B-FOLLOWER: accept ELECTION from 68db2fb8-7673-4b38-b5c0-1c356c7b18fc: our priority 0 <= candidate's priority 1
2021-12-05 13:31:31,111 [grpc-default-executor-0] INFO  server.RaftServer$Division (RaftServerImpl.java:setRole(290)) - 211abb75-e3d2-43c2-82f8-ac1b18f50a72@group-E6F0FCCAF35B: changes role from  FOLLOWER to FOLLOWER at term 2 for candidate:68db2fb8-7673-4b38-b5c0-1c356c7b18fc
2021-12-05 13:31:31,111 [grpc-default-executor-0] INFO  impl.RoleInfo (RoleInfo.java:shutdownFollowerState(108)) - 211abb75-e3d2-43c2-82f8-ac1b18f50a72: shutdown 211abb75-e3d2-43c2-82f8-ac1b18f50a72@group-E6F0FCCAF35B-FollowerState
2021-12-05 13:31:31,111 [grpc-default-executor-0] INFO  impl.RoleInfo (RoleInfo.java:updateAndGet(130)) - 211abb75-e3d2-43c2-82f8-ac1b18f50a72: start 211abb75-e3d2-43c2-82f8-ac1b18f50a72@group-E6F0FCCAF35B-FollowerState
2021-12-05 13:31:31,112 [211abb75-e3d2-43c2-82f8-ac1b18f50a72@group-E6F0FCCAF35B-FollowerState] INFO  impl.FollowerState (FollowerState.java:run(143)) - 211abb75-e3d2-43c2-82f8-ac1b18f50a72@group-E6F0FCCAF35B-FollowerState was interrupted: {}
java.lang.InterruptedException: sleep interrupted
	at java.lang.Thread.sleep(Native Method)
	at java.lang.Thread.sleep(Thread.java:340)
	at java.util.concurrent.TimeUnit.sleep(TimeUnit.java:386)
	at org.apache.ratis.util.TimeDuration.sleep(TimeDuration.java:324)
	at org.apache.ratis.util.TimeDuration.sleep(TimeDuration.java:309)
	at org.apache.ratis.server.impl.FollowerState.run(FollowerState.java:118)
2021-12-05 13:31:31,115 [68db2fb8-7673-4b38-b5c0-1c356c7b18fc@group-E6F0FCCAF35B-LeaderElection33] INFO  server.RaftServer$Division (ServerState.java:setRaftConf(387)) - 68db2fb8-7673-4b38-b5c0-1c356c7b18fc@group-E6F0FCCAF35B: set configuration 0: [68db2fb8-7673-4b38-b5c0-1c356c7b18fc|rpc:10.1.0.33:41561|dataStream:|priority:1, e7c48114-a24d-4ce4-906f-8d90eb33b114|rpc:10.1.0.33:46255|dataStream:|priority:0, 211abb75-e3d2-43c2-82f8-ac1b18f50a72|rpc:10.1.0.33:45379|dataStream:|priority:0], old=null
2021-12-05 13:31:31,114 [grpc-default-executor-0] INFO  server.RaftServer$Division (RaftServerImpl.java:requestVote(1078)) - 211abb75-e3d2-43c2-82f8-ac1b18f50a72@group-E6F0FCCAF35B replies to ELECTION vote request: 68db2fb8-7673-4b38-b5c0-1c356c7b18fc<-211abb75-e3d2-43c2-82f8-ac1b18f50a72#0:OK-t2. Peer's state: 211abb75-e3d2-43c2-82f8-ac1b18f50a72@group-E6F0FCCAF35B:t2, leader=null, voted=68db2fb8-7673-4b38-b5c0-1c356c7b18fc, raftlog=211abb75-e3d2-43c2-82f8-ac1b18f50a72@group-E6F0FCCAF35B-SegmentedRaftLog:OPENED:c-1, conf=-1: [68db2fb8-7673-4b38-b5c0-1c356c7b18fc|rpc:10.1.0.33:41561|priority:1, e7c48114-a24d-4ce4-906f-8d90eb33b114|rpc:10.1.0.33:46255|priority:0, 211abb75-e3d2-43c2-82f8-ac1b18f50a72|rpc:10.1.0.33:45379|priority:0], old=null
2021-12-05 13:31:31,134 [grpc-default-executor-0] INFO  ratis.XceiverServerRatis (XceiverServerRatis.java:handleLeaderChangedNotification(866)) - Leader change notification received for group: group-E6F0FCCAF35B with new leaderId: 68db2fb8-7673-4b38-b5c0-1c356c7b18fc
2021-12-05 13:31:31,134 [grpc-default-executor-0] INFO  server.RaftServer$Division (ServerState.java:setLeader(285)) - 211abb75-e3d2-43c2-82f8-ac1b18f50a72@group-E6F0FCCAF35B: change Leader from null to 68db2fb8-7673-4b38-b5c0-1c356c7b18fc at term 2 for appendEntries, leader elected after 10338ms
2021-12-05 13:31:31,135 [grpc-default-executor-1] INFO  ratis.XceiverServerRatis (XceiverServerRatis.java:handleLeaderChangedNotification(866)) - Leader change notification received for group: group-E6F0FCCAF35B with new leaderId: 68db2fb8-7673-4b38-b5c0-1c356c7b18fc
2021-12-05 13:31:31,157 [grpc-default-executor-1] INFO  server.RaftServer$Division (ServerState.java:setLeader(285)) - e7c48114-a24d-4ce4-906f-8d90eb33b114@group-E6F0FCCAF35B: change Leader from null to 68db2fb8-7673-4b38-b5c0-1c356c7b18fc at term 2 for appendEntries, leader elected after 10386ms
2021-12-05 13:31:31,147 [grpc-default-executor-0] INFO  server.RaftServer$Division (ServerState.java:setRaftConf(387)) - 211abb75-e3d2-43c2-82f8-ac1b18f50a72@group-E6F0FCCAF35B: set configuration 0: [68db2fb8-7673-4b38-b5c0-1c356c7b18fc|rpc:10.1.0.33:41561|dataStream:|priority:1, e7c48114-a24d-4ce4-906f-8d90eb33b114|rpc:10.1.0.33:46255|dataStream:|priority:0, 211abb75-e3d2-43c2-82f8-ac1b18f50a72|rpc:10.1.0.33:45379|dataStream:|priority:0], old=null
2021-12-05 13:31:31,157 [grpc-default-executor-0] INFO  segmented.SegmentedRaftLogWorker (SegmentedRaftLogWorker.java:startLogSegment(394)) - 211abb75-e3d2-43c2-82f8-ac1b18f50a72@group-E6F0FCCAF35B-SegmentedRaftLogWorker: Starting segment from index:0
2021-12-05 13:31:31,163 [grpc-default-executor-1] INFO  server.RaftServer$Division (ServerState.java:setRaftConf(387)) - e7c48114-a24d-4ce4-906f-8d90eb33b114@group-E6F0FCCAF35B: set configuration 0: [68db2fb8-7673-4b38-b5c0-1c356c7b18fc|rpc:10.1.0.33:41561|dataStream:|priority:1, e7c48114-a24d-4ce4-906f-8d90eb33b114|rpc:10.1.0.33:46255|dataStream:|priority:0, 211abb75-e3d2-43c2-82f8-ac1b18f50a72|rpc:10.1.0.33:45379|dataStream:|priority:0], old=null
2021-12-05 13:31:31,164 [grpc-default-executor-1] INFO  segmented.SegmentedRaftLogWorker (SegmentedRaftLogWorker.java:startLogSegment(394)) - e7c48114-a24d-4ce4-906f-8d90eb33b114@group-E6F0FCCAF35B-SegmentedRaftLogWorker: Starting segment from index:0
2021-12-05 13:31:31,166 [e7c48114-a24d-4ce4-906f-8d90eb33b114@group-E6F0FCCAF35B-SegmentedRaftLogWorker] INFO  segmented.SegmentedRaftLogWorker (SegmentedRaftLogWorker.java:execute(601)) - e7c48114-a24d-4ce4-906f-8d90eb33b114@group-E6F0FCCAF35B-SegmentedRaftLogWorker: created new log segment /home/runner/work/ozone/ozone/hadoop-ozone/integration-test/target/test-dir/MiniOzoneClusterImpl-71d26685-9743-4000-9a7d-6ec2d996e1a3/datanode-1/data/ratis/0e93b0a2-4e3c-46e0-9ff6-e6f0fccaf35b/current/log_inprogress_0
2021-12-05 13:31:31,167 [211abb75-e3d2-43c2-82f8-ac1b18f50a72@group-E6F0FCCAF35B-SegmentedRaftLogWorker] INFO  segmented.SegmentedRaftLogWorker (SegmentedRaftLogWorker.java:execute(601)) - 211abb75-e3d2-43c2-82f8-ac1b18f50a72@group-E6F0FCCAF35B-SegmentedRaftLogWorker: created new log segment /home/runner/work/ozone/ozone/hadoop-ozone/integration-test/target/test-dir/MiniOzoneClusterImpl-71d26685-9743-4000-9a7d-6ec2d996e1a3/datanode-0/data/ratis/0e93b0a2-4e3c-46e0-9ff6-e6f0fccaf35b/current/log_inprogress_0
2021-12-05 13:31:31,957 [Listener at 127.0.0.1/41523] INFO  ozone.MiniOzoneClusterImpl (MiniOzoneClusterImpl.java:lambda$waitForClusterToBeReady$0(235)) - Nodes are ready. Got 3 of 3 DN Heartbeats.
2021-12-05 13:31:31,957 [Listener at 127.0.0.1/41523] INFO  ozone.MiniOzoneClusterImpl (MiniOzoneClusterImpl.java:lambda$waitForClusterToBeReady$0(238)) - Cluster exits safe mode
2021-12-05 13:31:31,957 [Listener at 127.0.0.1/41523] INFO  ozone.MiniOzoneClusterImpl (MiniOzoneClusterImpl.java:lambda$waitForClusterToBeReady$0(240)) - SCM became leader
2021-12-05 13:31:31,981 [Listener at 127.0.0.1/41523] INFO  rpc.RpcClient (RpcClient.java:createVolume(389)) - Creating Volume: volume14394, with user39348 as owner and space quota set to -1 bytes, counts quota set to -1
2021-12-05 13:31:32,012 [IPC Server handler 19 on default port 41523] INFO  volume.OMVolumeCreateRequest (OMVolumeCreateRequest.java:validateAndUpdateCache(195)) - created volume:volume14394 for user:user39348
2021-12-05 13:31:32,031 [Listener at 127.0.0.1/41523] INFO  rpc.RpcClient (RpcClient.java:createBucket(549)) - Creating Bucket: volume14394/bucket86677, with Versioning false and Storage Type set to DISK and Encryption set to false 
]]></system-out>
    <system-err><![CDATA[Exception in thread "Trash Emptier" java.lang.UnsupportedOperationException: fs.getUri() not implemented in TrashOzoneFileSystem
	at org.apache.hadoop.ozone.om.TrashOzoneFileSystem.getUri(TrashOzoneFileSystem.java:124)
	at org.apache.hadoop.fs.FileSystem.close(FileSystem.java:2592)
	at org.apache.hadoop.ozone.om.TrashPolicyOzone$Emptier.run(TrashPolicyOzone.java:243)
	at java.lang.Thread.run(Thread.java:748)
]]></system-err>
  </testcase>
  <testcase name="testRenameFile[2]" classname="org.apache.hadoop.fs.ozone.TestRootedOzoneFileSystem" time="0.129"/>
  <testcase name="testListStatusRootAndVolumeRecursive[2]" classname="org.apache.hadoop.fs.ozone.TestRootedOzoneFileSystem" time="0.86"/>
  <testcase name="testTempMount[2]" classname="org.apache.hadoop.fs.ozone.TestRootedOzoneFileSystem" time="0.228"/>
  <testcase name="testListStatusRootAndVolumeNonRecursive[2]" classname="org.apache.hadoop.fs.ozone.TestRootedOzoneFileSystem" time="0.479"/>
  <testcase name="testDeleteVolumeAndBucket[2]" classname="org.apache.hadoop.fs.ozone.TestRootedOzoneFileSystem" time="0.043"/>
  <testcase name="testRenameDirToItsOwnSubDir[2]" classname="org.apache.hadoop.fs.ozone.TestRootedOzoneFileSystem" time="0.012"/>
  <testcase name="testOzoneFsServiceLoader[2]" classname="org.apache.hadoop.fs.ozone.TestRootedOzoneFileSystem" time="0.058"/>
  <testcase name="testTrash[2]" classname="org.apache.hadoop.fs.ozone.TestRootedOzoneFileSystem" time="0">
    <skipped/>
  </testcase>
  <testcase name="testRenameDestinationParentDoesntExist[2]" classname="org.apache.hadoop.fs.ozone.TestRootedOzoneFileSystem" time="0.047"/>
  <testcase name="testGetFileStatusRoot[2]" classname="org.apache.hadoop.fs.ozone.TestRootedOzoneFileSystem" time="0.012"/>
  <testcase name="testCreateWithInvalidPaths[2]" classname="org.apache.hadoop.fs.ozone.TestRootedOzoneFileSystem" time="0.017"/>
  <testcase name="testDeleteEmptyVolume[2]" classname="org.apache.hadoop.fs.ozone.TestRootedOzoneFileSystem" time="0.028"/>
  <testcase name="testListStatusRootAndVolumeContinuation[2]" classname="org.apache.hadoop.fs.ozone.TestRootedOzoneFileSystem" time="0">
    <skipped message="FS Path is enabled. Skipping this test as it is not tuned for FS Path yet" type="org.junit.AssumptionViolatedException">org.junit.AssumptionViolatedException: FS Path is enabled. Skipping this test as it is not tuned for FS Path yet
	at org.junit.Assume.assumeTrue(Assume.java:68)
	at org.apache.hadoop.fs.ozone.TestRootedOzoneFileSystem.testListStatusRootAndVolumeContinuation(TestRootedOzoneFileSystem.java:887)
	at sun.reflect.NativeMethodAccessorImpl.invoke0(Native Method)
	at sun.reflect.NativeMethodAccessorImpl.invoke(NativeMethodAccessorImpl.java:62)
	at sun.reflect.DelegatingMethodAccessorImpl.invoke(DelegatingMethodAccessorImpl.java:43)
	at java.lang.reflect.Method.invoke(Method.java:498)
	at org.junit.runners.model.FrameworkMethod$1.runReflectiveCall(FrameworkMethod.java:59)
	at org.junit.internal.runners.model.ReflectiveCallable.run(ReflectiveCallable.java:12)
	at org.junit.runners.model.FrameworkMethod.invokeExplosively(FrameworkMethod.java:56)
	at org.junit.internal.runners.statements.InvokeMethod.evaluate(InvokeMethod.java:17)
	at org.junit.internal.runners.statements.FailOnTimeout$CallableStatement.call(FailOnTimeout.java:288)
	at org.junit.internal.runners.statements.FailOnTimeout$CallableStatement.call(FailOnTimeout.java:282)
	at java.util.concurrent.FutureTask.run(FutureTask.java:266)
	at java.lang.Thread.run(Thread.java:748)
</skipped>
  </testcase>
  <testcase name="testDeleteVolumeBucketAndKey[2]" classname="org.apache.hadoop.fs.ozone.TestRootedOzoneFileSystem" time="0.102"/>
  <testcase name="testRenameToParentDir[2]" classname="org.apache.hadoop.fs.ozone.TestRootedOzoneFileSystem" time="0.065"/>
  <testcase name="testMkdirNonExistentVolumeBucket[2]" classname="org.apache.hadoop.fs.ozone.TestRootedOzoneFileSystem" time="0.024"/>
  <testcase name="testFailToDeleteRoot[2]" classname="org.apache.hadoop.fs.ozone.TestRootedOzoneFileSystem" time="0.011"/>
  <testcase name="testListStatusOnSubDirs[2]" classname="org.apache.hadoop.fs.ozone.TestRootedOzoneFileSystem" time="0.048"/>
  <testcase name="testListStatus[2]" classname="org.apache.hadoop.fs.ozone.TestRootedOzoneFileSystem" time="0.067"/>
  <testcase name="testGetTrashRoots[2]" classname="org.apache.hadoop.fs.ozone.TestRootedOzoneFileSystem" time="0.551"/>
  <testcase name="testCreateDoesNotAddParentDirKeys[2]" classname="org.apache.hadoop.fs.ozone.TestRootedOzoneFileSystem" time="0.14"/>
  <testcase name="testMkdirNonExistentVolume[2]" classname="org.apache.hadoop.fs.ozone.TestRootedOzoneFileSystem" time="0.013"/>
  <testcase name="testDeleteCreatesFakeParentDir[2]" classname="org.apache.hadoop.fs.ozone.TestRootedOzoneFileSystem" time="0">
    <skipped message="FS Path is enabled. Skipping this test as it is not tuned for FS Path yet" type="org.junit.AssumptionViolatedException">org.junit.AssumptionViolatedException: FS Path is enabled. Skipping this test as it is not tuned for FS Path yet
	at org.junit.Assume.assumeTrue(Assume.java:68)
	at org.apache.hadoop.fs.ozone.TestRootedOzoneFileSystem.testDeleteCreatesFakeParentDir(TestRootedOzoneFileSystem.java:302)
	at sun.reflect.NativeMethodAccessorImpl.invoke0(Native Method)
	at sun.reflect.NativeMethodAccessorImpl.invoke(NativeMethodAccessorImpl.java:62)
	at sun.reflect.DelegatingMethodAccessorImpl.invoke(DelegatingMethodAccessorImpl.java:43)
	at java.lang.reflect.Method.invoke(Method.java:498)
	at org.junit.runners.model.FrameworkMethod$1.runReflectiveCall(FrameworkMethod.java:59)
	at org.junit.internal.runners.model.ReflectiveCallable.run(ReflectiveCallable.java:12)
	at org.junit.runners.model.FrameworkMethod.invokeExplosively(FrameworkMethod.java:56)
	at org.junit.internal.runners.statements.InvokeMethod.evaluate(InvokeMethod.java:17)
	at org.junit.internal.runners.statements.FailOnTimeout$CallableStatement.call(FailOnTimeout.java:288)
	at org.junit.internal.runners.statements.FailOnTimeout$CallableStatement.call(FailOnTimeout.java:282)
	at java.util.concurrent.FutureTask.run(FutureTask.java:266)
	at java.lang.Thread.run(Thread.java:748)
</skipped>
  </testcase>
  <testcase name="testNonExplicitlyCreatedPathExistsAfterItsLeafsWereRemoved[2]" classname="org.apache.hadoop.fs.ozone.TestRootedOzoneFileSystem" time="0.055"/>
  <testcase name="testFileDelete[2]" classname="org.apache.hadoop.fs.ozone.TestRootedOzoneFileSystem" time="0.115"/>
  <testcase name="testRenameToTrashEnabled[2]" classname="org.apache.hadoop.fs.ozone.TestRootedOzoneFileSystem" time="0.151"/>
  <testcase name="testMkdirOnNonExistentVolumeBucketDir[2]" classname="org.apache.hadoop.fs.ozone.TestRootedOzoneFileSystem" time="0">
    <skipped message="FS Path is enabled. Skipping this test as it is not tuned for FS Path yet" type="org.junit.AssumptionViolatedException">org.junit.AssumptionViolatedException: FS Path is enabled. Skipping this test as it is not tuned for FS Path yet
	at org.junit.Assume.assumeTrue(Assume.java:68)
	at org.apache.hadoop.fs.ozone.TestRootedOzoneFileSystem.testMkdirOnNonExistentVolumeBucketDir(TestRootedOzoneFileSystem.java:405)
	at sun.reflect.NativeMethodAccessorImpl.invoke0(Native Method)
	at sun.reflect.NativeMethodAccessorImpl.invoke(NativeMethodAccessorImpl.java:62)
	at sun.reflect.DelegatingMethodAccessorImpl.invoke(DelegatingMethodAccessorImpl.java:43)
	at java.lang.reflect.Method.invoke(Method.java:498)
	at org.junit.runners.model.FrameworkMethod$1.runReflectiveCall(FrameworkMethod.java:59)
	at org.junit.internal.runners.model.ReflectiveCallable.run(ReflectiveCallable.java:12)
	at org.junit.runners.model.FrameworkMethod.invokeExplosively(FrameworkMethod.java:56)
	at org.junit.internal.runners.statements.InvokeMethod.evaluate(InvokeMethod.java:17)
	at org.junit.internal.runners.statements.FailOnTimeout$CallableStatement.call(FailOnTimeout.java:288)
	at org.junit.internal.runners.statements.FailOnTimeout$CallableStatement.call(FailOnTimeout.java:282)
	at java.util.concurrent.FutureTask.run(FutureTask.java:266)
	at java.lang.Thread.run(Thread.java:748)
</skipped>
  </testcase>
  <testcase name="testListStatusOnLargeDirectory[2]" classname="org.apache.hadoop.fs.ozone.TestRootedOzoneFileSystem" time="14.689"/>
  <testcase name="testRenameToDifferentBucket[2]" classname="org.apache.hadoop.fs.ozone.TestRootedOzoneFileSystem" time="0.057"/>
  <testcase name="testListStatusInBucket[2]" classname="org.apache.hadoop.fs.ozone.TestRootedOzoneFileSystem" time="0.022"/>
  <testcase name="testRenameFileToDir[2]" classname="org.apache.hadoop.fs.ozone.TestRootedOzoneFileSystem" time="0.075"/>
  <testcase name="testNonPrivilegedUserMkdirCreateBucket[3]" classname="org.apache.hadoop.fs.ozone.TestRootedOzoneFileSystem" time="0">
    <skipped message="ACL is not enabled. Skipping this test as it requires ACL to be enabled to be meaningful." type="org.junit.AssumptionViolatedException">org.junit.AssumptionViolatedException: ACL is not enabled. Skipping this test as it requires ACL to be enabled to be meaningful.
	at org.junit.Assume.assumeTrue(Assume.java:68)
	at org.apache.hadoop.fs.ozone.TestRootedOzoneFileSystem.testNonPrivilegedUserMkdirCreateBucket(TestRootedOzoneFileSystem.java:1582)
	at sun.reflect.NativeMethodAccessorImpl.invoke0(Native Method)
	at sun.reflect.NativeMethodAccessorImpl.invoke(NativeMethodAccessorImpl.java:62)
	at sun.reflect.DelegatingMethodAccessorImpl.invoke(DelegatingMethodAccessorImpl.java:43)
	at java.lang.reflect.Method.invoke(Method.java:498)
	at org.junit.runners.model.FrameworkMethod$1.runReflectiveCall(FrameworkMethod.java:59)
	at org.junit.internal.runners.model.ReflectiveCallable.run(ReflectiveCallable.java:12)
	at org.junit.runners.model.FrameworkMethod.invokeExplosively(FrameworkMethod.java:56)
	at org.junit.internal.runners.statements.InvokeMethod.evaluate(InvokeMethod.java:17)
	at org.junit.internal.runners.statements.FailOnTimeout$CallableStatement.call(FailOnTimeout.java:288)
	at org.junit.internal.runners.statements.FailOnTimeout$CallableStatement.call(FailOnTimeout.java:282)
	at java.util.concurrent.FutureTask.run(FutureTask.java:266)
	at java.lang.Thread.run(Thread.java:748)
</skipped>
    <system-out><![CDATA[2021-12-05 13:31:50,294 [Listener at 127.0.0.1/41523] INFO  ozone.MiniOzoneClusterImpl (MiniOzoneClusterImpl.java:shutdown(453)) - Shutting down the Mini Ozone Cluster
2021-12-05 13:31:50,295 [Listener at 127.0.0.1/41523] INFO  ozone.MiniOzoneClusterImpl (MiniOzoneClusterImpl.java:stop(468)) - Stopping the Mini Ozone Cluster
2021-12-05 13:31:50,295 [Listener at 127.0.0.1/41523] INFO  ozone.MiniOzoneClusterImpl (MiniOzoneClusterImpl.java:stopOM(550)) - Stopping the OzoneManager
2021-12-05 13:31:50,295 [Listener at 127.0.0.1/41523] INFO  om.OzoneManager (OzoneManager.java:stop(1830)) - om1[localhost:0]: Stopping Ozone Manager
2021-12-05 13:31:50,295 [Listener at 127.0.0.1/41523] INFO  ipc.Server (Server.java:stop(3414)) - Stopping server on 41523
2021-12-05 13:31:50,318 [Listener at 127.0.0.1/41523] INFO  ratis.OzoneManagerDoubleBuffer (OzoneManagerDoubleBuffer.java:stop(437)) - Stopping OMDoubleBuffer flush thread
2021-12-05 13:31:50,318 [OMDoubleBufferFlushThread] INFO  ratis.OzoneManagerDoubleBuffer (OzoneManagerDoubleBuffer.java:flushTransactions(356)) - OMDoubleBuffer flush thread OMDoubleBufferFlushThread is interrupted and will exit. OMDoubleBufferFlushThread
2021-12-05 13:31:50,318 [IPC Server Responder] INFO  ipc.Server (Server.java:run(1512)) - Stopping IPC Server Responder
2021-12-05 13:31:50,318 [IPC Server listener on 0] INFO  ipc.Server (Server.java:run(1376)) - Stopping IPC Server listener on 0
2021-12-05 13:31:50,319 [Listener at 127.0.0.1/41523] INFO  utils.BackgroundService (BackgroundService.java:shutdown(132)) - Shutting down service KeyDeletingService
2021-12-05 13:31:50,319 [Listener at 127.0.0.1/41523] INFO  utils.BackgroundService (BackgroundService.java:shutdown(132)) - Shutting down service DirectoryDeletingService
2021-12-05 13:31:50,322 [Listener at 127.0.0.1/41523] INFO  handler.ContextHandler (ContextHandler.java:doStop(1153)) - Stopped o.e.j.w.WebAppContext@786d9f87{ozoneManager,/,null,STOPPED}{file:/home/runner/work/ozone/ozone/hadoop-ozone/integration-test/target/test-classes/webapps/ozoneManager}
2021-12-05 13:31:50,324 [Listener at 127.0.0.1/41523] INFO  server.AbstractConnector (AbstractConnector.java:doStop(381)) - Stopped ServerConnector@2eba393{HTTP/1.1, (http/1.1)}{0.0.0.0:0}
2021-12-05 13:31:50,324 [Listener at 127.0.0.1/41523] INFO  server.session (HouseKeeper.java:stopScavenging(149)) - node0 Stopped scavenging
2021-12-05 13:31:50,324 [Listener at 127.0.0.1/41523] INFO  handler.ContextHandler (ContextHandler.java:doStop(1153)) - Stopped o.e.j.s.ServletContextHandler@f95a28{static,/static,file:///home/runner/work/ozone/ozone/hadoop-ozone/integration-test/target/test-classes/webapps/static,STOPPED}
2021-12-05 13:31:50,325 [Listener at 127.0.0.1/41523] INFO  handler.ContextHandler (ContextHandler.java:doStop(1153)) - Stopped o.e.j.s.ServletContextHandler@a0361cb{logs,/logs,file:///home/runner/work/ozone/ozone/hadoop-ozone/integration-test/target/log,STOPPED}
2021-12-05 13:31:50,327 [Trash Emptier] ERROR om.TrashPolicyOzone (TrashPolicyOzone.java:run(251)) - Error attempting to shutdown
java.lang.InterruptedException
	at java.util.concurrent.locks.AbstractQueuedSynchronizer$ConditionObject.awaitNanos(AbstractQueuedSynchronizer.java:2067)
	at java.util.concurrent.ThreadPoolExecutor.awaitTermination(ThreadPoolExecutor.java:1475)
	at org.apache.hadoop.ozone.om.TrashPolicyOzone$Emptier.run(TrashPolicyOzone.java:249)
	at java.lang.Thread.run(Thread.java:748)
2021-12-05 13:31:50,334 [Listener at 127.0.0.1/41523] INFO  ozone.MiniOzoneClusterImpl (MiniOzoneClusterImpl.java:stopDatanodes(527)) - Stopping the HddsDatanodes
2021-12-05 13:31:55,350 [Listener at 127.0.0.1/41523] INFO  ozoneimpl.OzoneContainer (OzoneContainer.java:stop(325)) - Attempting to stop container services.
2021-12-05 13:31:55,351 [Listener at 127.0.0.1/41523] INFO  server.RaftServer (RaftServerProxy.java:lambda$close$6(391)) - e7c48114-a24d-4ce4-906f-8d90eb33b114: close
2021-12-05 13:31:55,352 [Listener at 127.0.0.1/41523] INFO  server.RaftServer$Division (RaftServerImpl.java:lambda$close$4(412)) - e7c48114-a24d-4ce4-906f-8d90eb33b114@group-87E9ECEE8BE7: shutdown
2021-12-05 13:31:55,352 [Listener at 127.0.0.1/41523] INFO  util.JmxRegister (JmxRegister.java:unregister(73)) - Successfully un-registered JMX Bean with object name Ratis:service=RaftServer,group=group-87E9ECEE8BE7,id=e7c48114-a24d-4ce4-906f-8d90eb33b114
2021-12-05 13:31:55,352 [Listener at 127.0.0.1/41523] INFO  impl.RoleInfo (RoleInfo.java:shutdownLeaderState(91)) - e7c48114-a24d-4ce4-906f-8d90eb33b114: shutdown e7c48114-a24d-4ce4-906f-8d90eb33b114@group-87E9ECEE8BE7-LeaderStateImpl
2021-12-05 13:31:55,352 [Listener at 127.0.0.1/41523] INFO  impl.PendingRequests (PendingRequests.java:sendNotLeaderResponses(282)) - e7c48114-a24d-4ce4-906f-8d90eb33b114@group-87E9ECEE8BE7-PendingRequests: sendNotLeaderResponses
2021-12-05 13:31:55,355 [ForkJoinPool.commonPool-worker-0] INFO  ozoneimpl.OzoneContainer (OzoneContainer.java:stop(325)) - Attempting to stop container services.
2021-12-05 13:31:55,356 [ForkJoinPool.commonPool-worker-0] INFO  server.RaftServer (RaftServerProxy.java:lambda$close$6(391)) - 211abb75-e3d2-43c2-82f8-ac1b18f50a72: close
2021-12-05 13:31:55,356 [ForkJoinPool.commonPool-worker-0] INFO  server.RaftServer$Division (RaftServerImpl.java:lambda$close$4(412)) - 211abb75-e3d2-43c2-82f8-ac1b18f50a72@group-F02BBA177089: shutdown
2021-12-05 13:31:55,356 [ForkJoinPool.commonPool-worker-0] INFO  util.JmxRegister (JmxRegister.java:unregister(73)) - Successfully un-registered JMX Bean with object name Ratis:service=RaftServer,group=group-F02BBA177089,id=211abb75-e3d2-43c2-82f8-ac1b18f50a72
2021-12-05 13:31:55,356 [ForkJoinPool.commonPool-worker-0] INFO  impl.RoleInfo (RoleInfo.java:shutdownFollowerState(108)) - 211abb75-e3d2-43c2-82f8-ac1b18f50a72: shutdown 211abb75-e3d2-43c2-82f8-ac1b18f50a72@group-F02BBA177089-FollowerState
2021-12-05 13:31:55,356 [ForkJoinPool.commonPool-worker-0] INFO  impl.StateMachineUpdater (StateMachineUpdater.java:stopAndJoin(149)) - 211abb75-e3d2-43c2-82f8-ac1b18f50a72@group-F02BBA177089-StateMachineUpdater: set stopIndex = 0
2021-12-05 13:31:55,356 [211abb75-e3d2-43c2-82f8-ac1b18f50a72@group-F02BBA177089-FollowerState] INFO  impl.FollowerState (FollowerState.java:run(143)) - 211abb75-e3d2-43c2-82f8-ac1b18f50a72@group-F02BBA177089-FollowerState was interrupted: {}
java.lang.InterruptedException: sleep interrupted
	at java.lang.Thread.sleep(Native Method)
	at java.lang.Thread.sleep(Thread.java:340)
	at java.util.concurrent.TimeUnit.sleep(TimeUnit.java:386)
	at org.apache.ratis.util.TimeDuration.sleep(TimeDuration.java:324)
	at org.apache.ratis.util.TimeDuration.sleep(TimeDuration.java:309)
	at org.apache.ratis.server.impl.FollowerState.run(FollowerState.java:118)
2021-12-05 13:31:55,356 [211abb75-e3d2-43c2-82f8-ac1b18f50a72@group-F02BBA177089-StateMachineUpdater] INFO  ratis.ContainerStateMachine (ContainerStateMachine.java:takeSnapshot(292)) - group-F02BBA177089: Taking a snapshot at:(t:3, i:0) file /home/runner/work/ozone/ozone/hadoop-ozone/integration-test/target/test-dir/MiniOzoneClusterImpl-71d26685-9743-4000-9a7d-6ec2d996e1a3/datanode-0/data/ratis/68d02f1f-c2b3-43a8-ac90-f02bba177089/sm/snapshot.3_0
2021-12-05 13:31:55,358 [211abb75-e3d2-43c2-82f8-ac1b18f50a72@group-F02BBA177089-StateMachineUpdater] INFO  ratis.ContainerStateMachine (ContainerStateMachine.java:takeSnapshot(303)) - group-F02BBA177089: Finished taking a snapshot at:(t:3, i:0) file:/home/runner/work/ozone/ozone/hadoop-ozone/integration-test/target/test-dir/MiniOzoneClusterImpl-71d26685-9743-4000-9a7d-6ec2d996e1a3/datanode-0/data/ratis/68d02f1f-c2b3-43a8-ac90-f02bba177089/sm/snapshot.3_0 took: 2 ms
2021-12-05 13:31:55,359 [211abb75-e3d2-43c2-82f8-ac1b18f50a72@group-F02BBA177089-StateMachineUpdater] INFO  impl.StateMachineUpdater (StateMachineUpdater.java:takeSnapshot(281)) - 211abb75-e3d2-43c2-82f8-ac1b18f50a72@group-F02BBA177089-StateMachineUpdater: Took a snapshot at index 0
2021-12-05 13:31:55,359 [211abb75-e3d2-43c2-82f8-ac1b18f50a72@group-F02BBA177089-StateMachineUpdater] INFO  impl.StateMachineUpdater (StateMachineUpdater.java:lambda$new$0(89)) - 211abb75-e3d2-43c2-82f8-ac1b18f50a72@group-F02BBA177089-StateMachineUpdater: snapshotIndex: updateIncreasingly -1 -> 0
2021-12-05 13:31:55,359 [ForkJoinPool.commonPool-worker-0] INFO  server.RaftServer$Division (ServerState.java:close(419)) - 211abb75-e3d2-43c2-82f8-ac1b18f50a72@group-F02BBA177089: closes. applyIndex: 0
2021-12-05 13:31:55,359 [211abb75-e3d2-43c2-82f8-ac1b18f50a72@group-F02BBA177089-SegmentedRaftLogWorker] INFO  segmented.SegmentedRaftLogWorker (SegmentedRaftLogWorker.java:run(327)) - 211abb75-e3d2-43c2-82f8-ac1b18f50a72@group-F02BBA177089-SegmentedRaftLogWorker was interrupted, exiting. There are 0 tasks remaining in the queue.
2021-12-05 13:31:55,360 [ForkJoinPool.commonPool-worker-0] INFO  segmented.SegmentedRaftLogWorker (SegmentedRaftLogWorker.java:close(237)) - 211abb75-e3d2-43c2-82f8-ac1b18f50a72@group-F02BBA177089-SegmentedRaftLogWorker close()
2021-12-05 13:31:55,361 [ForkJoinPool.commonPool-worker-0] INFO  server.RaftServer$Division (RaftServerImpl.java:lambda$close$4(412)) - 211abb75-e3d2-43c2-82f8-ac1b18f50a72@group-E6F0FCCAF35B: shutdown
2021-12-05 13:31:55,361 [ForkJoinPool.commonPool-worker-0] INFO  util.JmxRegister (JmxRegister.java:unregister(73)) - Successfully un-registered JMX Bean with object name Ratis:service=RaftServer,group=group-E6F0FCCAF35B,id=211abb75-e3d2-43c2-82f8-ac1b18f50a72
2021-12-05 13:31:55,361 [ForkJoinPool.commonPool-worker-0] INFO  impl.RoleInfo (RoleInfo.java:shutdownFollowerState(108)) - 211abb75-e3d2-43c2-82f8-ac1b18f50a72: shutdown 211abb75-e3d2-43c2-82f8-ac1b18f50a72@group-E6F0FCCAF35B-FollowerState
2021-12-05 13:31:55,361 [ForkJoinPool.commonPool-worker-0] INFO  impl.StateMachineUpdater (StateMachineUpdater.java:stopAndJoin(149)) - 211abb75-e3d2-43c2-82f8-ac1b18f50a72@group-E6F0FCCAF35B-StateMachineUpdater: set stopIndex = 27
2021-12-05 13:31:55,361 [211abb75-e3d2-43c2-82f8-ac1b18f50a72@group-E6F0FCCAF35B-FollowerState] INFO  impl.FollowerState (FollowerState.java:run(143)) - 211abb75-e3d2-43c2-82f8-ac1b18f50a72@group-E6F0FCCAF35B-FollowerState was interrupted: {}
java.lang.InterruptedException: sleep interrupted
	at java.lang.Thread.sleep(Native Method)
	at java.lang.Thread.sleep(Thread.java:340)
	at java.util.concurrent.TimeUnit.sleep(TimeUnit.java:386)
	at org.apache.ratis.util.TimeDuration.sleep(TimeDuration.java:324)
	at org.apache.ratis.util.TimeDuration.sleep(TimeDuration.java:309)
	at org.apache.ratis.server.impl.FollowerState.run(FollowerState.java:118)
2021-12-05 13:31:55,362 [211abb75-e3d2-43c2-82f8-ac1b18f50a72@group-E6F0FCCAF35B-StateMachineUpdater] INFO  ratis.ContainerStateMachine (ContainerStateMachine.java:takeSnapshot(292)) - group-E6F0FCCAF35B: Taking a snapshot at:(t:2, i:27) file /home/runner/work/ozone/ozone/hadoop-ozone/integration-test/target/test-dir/MiniOzoneClusterImpl-71d26685-9743-4000-9a7d-6ec2d996e1a3/datanode-0/data/ratis/0e93b0a2-4e3c-46e0-9ff6-e6f0fccaf35b/sm/snapshot.2_27
2021-12-05 13:31:55,366 [e7c48114-a24d-4ce4-906f-8d90eb33b114@group-87E9ECEE8BE7-StateMachineUpdater] INFO  ratis.ContainerStateMachine (ContainerStateMachine.java:takeSnapshot(292)) - group-87E9ECEE8BE7: Taking a snapshot at:(t:1, i:0) file /home/runner/work/ozone/ozone/hadoop-ozone/integration-test/target/test-dir/MiniOzoneClusterImpl-71d26685-9743-4000-9a7d-6ec2d996e1a3/datanode-1/data/ratis/be37e110-d4aa-458a-bed7-87e9ecee8be7/sm/snapshot.1_0
2021-12-05 13:31:55,366 [Listener at 127.0.0.1/41523] INFO  impl.StateMachineUpdater (StateMachineUpdater.java:stopAndJoin(149)) - e7c48114-a24d-4ce4-906f-8d90eb33b114@group-87E9ECEE8BE7-StateMachineUpdater: set stopIndex = 0
2021-12-05 13:31:55,367 [e7c48114-a24d-4ce4-906f-8d90eb33b114@group-87E9ECEE8BE7-StateMachineUpdater] INFO  ratis.ContainerStateMachine (ContainerStateMachine.java:takeSnapshot(303)) - group-87E9ECEE8BE7: Finished taking a snapshot at:(t:1, i:0) file:/home/runner/work/ozone/ozone/hadoop-ozone/integration-test/target/test-dir/MiniOzoneClusterImpl-71d26685-9743-4000-9a7d-6ec2d996e1a3/datanode-1/data/ratis/be37e110-d4aa-458a-bed7-87e9ecee8be7/sm/snapshot.1_0 took: 0 ms
2021-12-05 13:31:55,367 [e7c48114-a24d-4ce4-906f-8d90eb33b114@group-87E9ECEE8BE7-StateMachineUpdater] INFO  impl.StateMachineUpdater (StateMachineUpdater.java:takeSnapshot(281)) - e7c48114-a24d-4ce4-906f-8d90eb33b114@group-87E9ECEE8BE7-StateMachineUpdater: Took a snapshot at index 0
2021-12-05 13:31:55,367 [e7c48114-a24d-4ce4-906f-8d90eb33b114@group-87E9ECEE8BE7-StateMachineUpdater] INFO  impl.StateMachineUpdater (StateMachineUpdater.java:lambda$new$0(89)) - e7c48114-a24d-4ce4-906f-8d90eb33b114@group-87E9ECEE8BE7-StateMachineUpdater: snapshotIndex: updateIncreasingly -1 -> 0
2021-12-05 13:31:55,367 [Listener at 127.0.0.1/41523] INFO  server.RaftServer$Division (ServerState.java:close(419)) - e7c48114-a24d-4ce4-906f-8d90eb33b114@group-87E9ECEE8BE7: closes. applyIndex: 0
2021-12-05 13:31:55,367 [e7c48114-a24d-4ce4-906f-8d90eb33b114@group-87E9ECEE8BE7-SegmentedRaftLogWorker] INFO  segmented.SegmentedRaftLogWorker (SegmentedRaftLogWorker.java:run(327)) - e7c48114-a24d-4ce4-906f-8d90eb33b114@group-87E9ECEE8BE7-SegmentedRaftLogWorker was interrupted, exiting. There are 0 tasks remaining in the queue.
2021-12-05 13:31:55,368 [Listener at 127.0.0.1/41523] INFO  segmented.SegmentedRaftLogWorker (SegmentedRaftLogWorker.java:close(237)) - e7c48114-a24d-4ce4-906f-8d90eb33b114@group-87E9ECEE8BE7-SegmentedRaftLogWorker close()
2021-12-05 13:31:55,368 [Listener at 127.0.0.1/41523] INFO  server.RaftServer$Division (RaftServerImpl.java:lambda$close$4(412)) - e7c48114-a24d-4ce4-906f-8d90eb33b114@group-F02BBA177089: shutdown
2021-12-05 13:31:55,369 [Listener at 127.0.0.1/41523] INFO  util.JmxRegister (JmxRegister.java:unregister(73)) - Successfully un-registered JMX Bean with object name Ratis:service=RaftServer,group=group-F02BBA177089,id=e7c48114-a24d-4ce4-906f-8d90eb33b114
2021-12-05 13:31:55,369 [Listener at 127.0.0.1/41523] INFO  impl.RoleInfo (RoleInfo.java:shutdownLeaderState(91)) - e7c48114-a24d-4ce4-906f-8d90eb33b114: shutdown e7c48114-a24d-4ce4-906f-8d90eb33b114@group-F02BBA177089-LeaderStateImpl
2021-12-05 13:31:55,369 [Listener at 127.0.0.1/41523] INFO  impl.PendingRequests (PendingRequests.java:sendNotLeaderResponses(282)) - e7c48114-a24d-4ce4-906f-8d90eb33b114@group-F02BBA177089-PendingRequests: sendNotLeaderResponses
2021-12-05 13:31:55,370 [Listener at 127.0.0.1/41523] INFO  impl.StateMachineUpdater (StateMachineUpdater.java:stopAndJoin(149)) - e7c48114-a24d-4ce4-906f-8d90eb33b114@group-F02BBA177089-StateMachineUpdater: set stopIndex = 0
2021-12-05 13:31:55,370 [e7c48114-a24d-4ce4-906f-8d90eb33b114@group-F02BBA177089-StateMachineUpdater] INFO  ratis.ContainerStateMachine (ContainerStateMachine.java:takeSnapshot(292)) - group-F02BBA177089: Taking a snapshot at:(t:3, i:0) file /home/runner/work/ozone/ozone/hadoop-ozone/integration-test/target/test-dir/MiniOzoneClusterImpl-71d26685-9743-4000-9a7d-6ec2d996e1a3/datanode-1/data/ratis/68d02f1f-c2b3-43a8-ac90-f02bba177089/sm/snapshot.3_0
2021-12-05 13:31:55,371 [e7c48114-a24d-4ce4-906f-8d90eb33b114@group-F02BBA177089-StateMachineUpdater] INFO  ratis.ContainerStateMachine (ContainerStateMachine.java:takeSnapshot(303)) - group-F02BBA177089: Finished taking a snapshot at:(t:3, i:0) file:/home/runner/work/ozone/ozone/hadoop-ozone/integration-test/target/test-dir/MiniOzoneClusterImpl-71d26685-9743-4000-9a7d-6ec2d996e1a3/datanode-1/data/ratis/68d02f1f-c2b3-43a8-ac90-f02bba177089/sm/snapshot.3_0 took: 1 ms
2021-12-05 13:31:55,371 [e7c48114-a24d-4ce4-906f-8d90eb33b114@group-F02BBA177089-StateMachineUpdater] INFO  impl.StateMachineUpdater (StateMachineUpdater.java:takeSnapshot(281)) - e7c48114-a24d-4ce4-906f-8d90eb33b114@group-F02BBA177089-StateMachineUpdater: Took a snapshot at index 0
2021-12-05 13:31:55,371 [e7c48114-a24d-4ce4-906f-8d90eb33b114@group-F02BBA177089-StateMachineUpdater] INFO  impl.StateMachineUpdater (StateMachineUpdater.java:lambda$new$0(89)) - e7c48114-a24d-4ce4-906f-8d90eb33b114@group-F02BBA177089-StateMachineUpdater: snapshotIndex: updateIncreasingly -1 -> 0
2021-12-05 13:31:55,372 [Listener at 127.0.0.1/41523] INFO  server.RaftServer$Division (ServerState.java:close(419)) - e7c48114-a24d-4ce4-906f-8d90eb33b114@group-F02BBA177089: closes. applyIndex: 0
2021-12-05 13:31:55,372 [e7c48114-a24d-4ce4-906f-8d90eb33b114@group-F02BBA177089-SegmentedRaftLogWorker] INFO  segmented.SegmentedRaftLogWorker (SegmentedRaftLogWorker.java:run(327)) - e7c48114-a24d-4ce4-906f-8d90eb33b114@group-F02BBA177089-SegmentedRaftLogWorker was interrupted, exiting. There are 0 tasks remaining in the queue.
2021-12-05 13:31:55,376 [211abb75-e3d2-43c2-82f8-ac1b18f50a72@group-E6F0FCCAF35B-StateMachineUpdater] INFO  ratis.ContainerStateMachine (ContainerStateMachine.java:takeSnapshot(303)) - group-E6F0FCCAF35B: Finished taking a snapshot at:(t:2, i:27) file:/home/runner/work/ozone/ozone/hadoop-ozone/integration-test/target/test-dir/MiniOzoneClusterImpl-71d26685-9743-4000-9a7d-6ec2d996e1a3/datanode-0/data/ratis/0e93b0a2-4e3c-46e0-9ff6-e6f0fccaf35b/sm/snapshot.2_27 took: 15 ms
2021-12-05 13:31:55,377 [Listener at 127.0.0.1/41523] INFO  segmented.SegmentedRaftLogWorker (SegmentedRaftLogWorker.java:close(237)) - e7c48114-a24d-4ce4-906f-8d90eb33b114@group-F02BBA177089-SegmentedRaftLogWorker close()
2021-12-05 13:31:55,377 [e7c48114-a24d-4ce4-906f-8d90eb33b114@group-F02BBA177089->68db2fb8-7673-4b38-b5c0-1c356c7b18fc-GrpcLogAppender-LogAppenderDaemon] WARN  server.GrpcLogAppender (GrpcLogAppender.java:mayWait(177)) - e7c48114-a24d-4ce4-906f-8d90eb33b114@group-F02BBA177089->68db2fb8-7673-4b38-b5c0-1c356c7b18fc-GrpcLogAppender: Wait interrupted by java.lang.InterruptedException
2021-12-05 13:31:55,378 [grpc-default-executor-0] INFO  server.GrpcServerProtocolService (GrpcServerProtocolService.java:onCompleted(140)) - 68db2fb8-7673-4b38-b5c0-1c356c7b18fc: Completed APPEND_ENTRIES, lastRequest: e7c48114-a24d-4ce4-906f-8d90eb33b114->68db2fb8-7673-4b38-b5c0-1c356c7b18fc#1-t3,previous=(t:0, i:0),leaderCommit=-1,initializing? true,entries: size=1, first=(t:3, i:0), CONFIGURATIONENTRY
2021-12-05 13:31:55,377 [211abb75-e3d2-43c2-82f8-ac1b18f50a72@group-E6F0FCCAF35B-StateMachineUpdater] INFO  impl.StateMachineUpdater (StateMachineUpdater.java:takeSnapshot(281)) - 211abb75-e3d2-43c2-82f8-ac1b18f50a72@group-E6F0FCCAF35B-StateMachineUpdater: Took a snapshot at index 27
2021-12-05 13:31:55,378 [211abb75-e3d2-43c2-82f8-ac1b18f50a72@group-E6F0FCCAF35B-StateMachineUpdater] INFO  impl.StateMachineUpdater (StateMachineUpdater.java:lambda$new$0(89)) - 211abb75-e3d2-43c2-82f8-ac1b18f50a72@group-E6F0FCCAF35B-StateMachineUpdater: snapshotIndex: updateIncreasingly -1 -> 27
2021-12-05 13:31:55,379 [ForkJoinPool.commonPool-worker-0] INFO  server.RaftServer$Division (ServerState.java:close(419)) - 211abb75-e3d2-43c2-82f8-ac1b18f50a72@group-E6F0FCCAF35B: closes. applyIndex: 27
2021-12-05 13:31:55,379 [211abb75-e3d2-43c2-82f8-ac1b18f50a72@group-E6F0FCCAF35B-SegmentedRaftLogWorker] INFO  segmented.SegmentedRaftLogWorker (SegmentedRaftLogWorker.java:run(327)) - 211abb75-e3d2-43c2-82f8-ac1b18f50a72@group-E6F0FCCAF35B-SegmentedRaftLogWorker was interrupted, exiting. There are 0 tasks remaining in the queue.
2021-12-05 13:31:55,377 [e7c48114-a24d-4ce4-906f-8d90eb33b114@group-F02BBA177089->211abb75-e3d2-43c2-82f8-ac1b18f50a72-GrpcLogAppender-LogAppenderDaemon] WARN  server.GrpcLogAppender (GrpcLogAppender.java:mayWait(177)) - e7c48114-a24d-4ce4-906f-8d90eb33b114@group-F02BBA177089->211abb75-e3d2-43c2-82f8-ac1b18f50a72-GrpcLogAppender: Wait interrupted by java.lang.InterruptedException
2021-12-05 13:31:55,380 [ForkJoinPool.commonPool-worker-0] INFO  segmented.SegmentedRaftLogWorker (SegmentedRaftLogWorker.java:close(237)) - 211abb75-e3d2-43c2-82f8-ac1b18f50a72@group-E6F0FCCAF35B-SegmentedRaftLogWorker close()
2021-12-05 13:31:55,380 [grpc-default-executor-0] INFO  server.GrpcServerProtocolService (GrpcServerProtocolService.java:onCompleted(140)) - 211abb75-e3d2-43c2-82f8-ac1b18f50a72: Completed APPEND_ENTRIES, lastRequest: e7c48114-a24d-4ce4-906f-8d90eb33b114->211abb75-e3d2-43c2-82f8-ac1b18f50a72#1-t3,previous=(t:0, i:0),leaderCommit=0,initializing? true,entries: size=1, first=(t:3, i:0), CONFIGURATIONENTRY
2021-12-05 13:31:55,381 [grpc-default-executor-1] INFO  server.GrpcLogAppender (GrpcLogAppender.java:onCompleted(346)) - e7c48114-a24d-4ce4-906f-8d90eb33b114@group-F02BBA177089->68db2fb8-7673-4b38-b5c0-1c356c7b18fc-AppendLogResponseHandler: follower responses appendEntries COMPLETED
2021-12-05 13:31:55,381 [grpc-default-executor-1] INFO  leader.FollowerInfo (FollowerInfoImpl.java:lambda$new$0(47)) - e7c48114-a24d-4ce4-906f-8d90eb33b114@group-F02BBA177089->68db2fb8-7673-4b38-b5c0-1c356c7b18fc: nextIndex: updateUnconditionally 1 -> 0
2021-12-05 13:31:55,381 [grpc-default-executor-0] INFO  server.GrpcLogAppender (GrpcLogAppender.java:onCompleted(346)) - e7c48114-a24d-4ce4-906f-8d90eb33b114@group-F02BBA177089->211abb75-e3d2-43c2-82f8-ac1b18f50a72-AppendLogResponseHandler: follower responses appendEntries COMPLETED
2021-12-05 13:31:55,381 [grpc-default-executor-0] INFO  leader.FollowerInfo (FollowerInfoImpl.java:lambda$new$0(47)) - e7c48114-a24d-4ce4-906f-8d90eb33b114@group-F02BBA177089->211abb75-e3d2-43c2-82f8-ac1b18f50a72: nextIndex: updateUnconditionally 1 -> 0
2021-12-05 13:31:55,382 [Listener at 127.0.0.1/41523] INFO  server.RaftServer$Division (RaftServerImpl.java:lambda$close$4(412)) - e7c48114-a24d-4ce4-906f-8d90eb33b114@group-E6F0FCCAF35B: shutdown
2021-12-05 13:31:55,382 [Listener at 127.0.0.1/41523] INFO  util.JmxRegister (JmxRegister.java:unregister(73)) - Successfully un-registered JMX Bean with object name Ratis:service=RaftServer,group=group-E6F0FCCAF35B,id=e7c48114-a24d-4ce4-906f-8d90eb33b114
2021-12-05 13:31:55,382 [Listener at 127.0.0.1/41523] INFO  impl.RoleInfo (RoleInfo.java:shutdownFollowerState(108)) - e7c48114-a24d-4ce4-906f-8d90eb33b114: shutdown e7c48114-a24d-4ce4-906f-8d90eb33b114@group-E6F0FCCAF35B-FollowerState
2021-12-05 13:31:55,382 [ForkJoinPool.commonPool-worker-0] INFO  server.RaftServer$Division (RaftServerImpl.java:lambda$close$4(412)) - 211abb75-e3d2-43c2-82f8-ac1b18f50a72@group-939B19CD2157: shutdown
2021-12-05 13:31:55,382 [ForkJoinPool.commonPool-worker-0] INFO  util.JmxRegister (JmxRegister.java:unregister(73)) - Successfully un-registered JMX Bean with object name Ratis:service=RaftServer,group=group-939B19CD2157,id=211abb75-e3d2-43c2-82f8-ac1b18f50a72
2021-12-05 13:31:55,383 [ForkJoinPool.commonPool-worker-0] INFO  impl.RoleInfo (RoleInfo.java:shutdownLeaderState(91)) - 211abb75-e3d2-43c2-82f8-ac1b18f50a72: shutdown 211abb75-e3d2-43c2-82f8-ac1b18f50a72@group-939B19CD2157-LeaderStateImpl
2021-12-05 13:31:55,383 [ForkJoinPool.commonPool-worker-0] INFO  impl.PendingRequests (PendingRequests.java:sendNotLeaderResponses(282)) - 211abb75-e3d2-43c2-82f8-ac1b18f50a72@group-939B19CD2157-PendingRequests: sendNotLeaderResponses
2021-12-05 13:31:55,383 [ForkJoinPool.commonPool-worker-0] INFO  impl.StateMachineUpdater (StateMachineUpdater.java:stopAndJoin(149)) - 211abb75-e3d2-43c2-82f8-ac1b18f50a72@group-939B19CD2157-StateMachineUpdater: set stopIndex = 0
2021-12-05 13:31:55,383 [211abb75-e3d2-43c2-82f8-ac1b18f50a72@group-939B19CD2157-StateMachineUpdater] INFO  ratis.ContainerStateMachine (ContainerStateMachine.java:takeSnapshot(292)) - group-939B19CD2157: Taking a snapshot at:(t:1, i:0) file /home/runner/work/ozone/ozone/hadoop-ozone/integration-test/target/test-dir/MiniOzoneClusterImpl-71d26685-9743-4000-9a7d-6ec2d996e1a3/datanode-0/data/ratis/40f1929a-8e26-469c-bb9c-939b19cd2157/sm/snapshot.1_0
2021-12-05 13:31:55,383 [e7c48114-a24d-4ce4-906f-8d90eb33b114@group-E6F0FCCAF35B-FollowerState] INFO  impl.FollowerState (FollowerState.java:run(143)) - e7c48114-a24d-4ce4-906f-8d90eb33b114@group-E6F0FCCAF35B-FollowerState was interrupted: {}
java.lang.InterruptedException: sleep interrupted
	at java.lang.Thread.sleep(Native Method)
	at java.lang.Thread.sleep(Thread.java:340)
	at java.util.concurrent.TimeUnit.sleep(TimeUnit.java:386)
	at org.apache.ratis.util.TimeDuration.sleep(TimeDuration.java:324)
	at org.apache.ratis.util.TimeDuration.sleep(TimeDuration.java:309)
	at org.apache.ratis.server.impl.FollowerState.run(FollowerState.java:118)
2021-12-05 13:31:55,384 [e7c48114-a24d-4ce4-906f-8d90eb33b114@group-E6F0FCCAF35B-StateMachineUpdater] INFO  ratis.ContainerStateMachine (ContainerStateMachine.java:takeSnapshot(292)) - group-E6F0FCCAF35B: Taking a snapshot at:(t:2, i:27) file /home/runner/work/ozone/ozone/hadoop-ozone/integration-test/target/test-dir/MiniOzoneClusterImpl-71d26685-9743-4000-9a7d-6ec2d996e1a3/datanode-1/data/ratis/0e93b0a2-4e3c-46e0-9ff6-e6f0fccaf35b/sm/snapshot.2_27
2021-12-05 13:31:55,384 [211abb75-e3d2-43c2-82f8-ac1b18f50a72@group-939B19CD2157-StateMachineUpdater] INFO  ratis.ContainerStateMachine (ContainerStateMachine.java:takeSnapshot(303)) - group-939B19CD2157: Finished taking a snapshot at:(t:1, i:0) file:/home/runner/work/ozone/ozone/hadoop-ozone/integration-test/target/test-dir/MiniOzoneClusterImpl-71d26685-9743-4000-9a7d-6ec2d996e1a3/datanode-0/data/ratis/40f1929a-8e26-469c-bb9c-939b19cd2157/sm/snapshot.1_0 took: 1 ms
2021-12-05 13:31:55,384 [211abb75-e3d2-43c2-82f8-ac1b18f50a72@group-939B19CD2157-StateMachineUpdater] INFO  impl.StateMachineUpdater (StateMachineUpdater.java:takeSnapshot(281)) - 211abb75-e3d2-43c2-82f8-ac1b18f50a72@group-939B19CD2157-StateMachineUpdater: Took a snapshot at index 0
2021-12-05 13:31:55,384 [211abb75-e3d2-43c2-82f8-ac1b18f50a72@group-939B19CD2157-StateMachineUpdater] INFO  impl.StateMachineUpdater (StateMachineUpdater.java:lambda$new$0(89)) - 211abb75-e3d2-43c2-82f8-ac1b18f50a72@group-939B19CD2157-StateMachineUpdater: snapshotIndex: updateIncreasingly -1 -> 0
2021-12-05 13:31:55,385 [ForkJoinPool.commonPool-worker-0] INFO  server.RaftServer$Division (ServerState.java:close(419)) - 211abb75-e3d2-43c2-82f8-ac1b18f50a72@group-939B19CD2157: closes. applyIndex: 0
2021-12-05 13:31:55,385 [211abb75-e3d2-43c2-82f8-ac1b18f50a72@group-939B19CD2157-SegmentedRaftLogWorker] INFO  segmented.SegmentedRaftLogWorker (SegmentedRaftLogWorker.java:run(327)) - 211abb75-e3d2-43c2-82f8-ac1b18f50a72@group-939B19CD2157-SegmentedRaftLogWorker was interrupted, exiting. There are 0 tasks remaining in the queue.
2021-12-05 13:31:55,385 [e7c48114-a24d-4ce4-906f-8d90eb33b114@group-E6F0FCCAF35B-StateMachineUpdater] INFO  ratis.ContainerStateMachine (ContainerStateMachine.java:takeSnapshot(303)) - group-E6F0FCCAF35B: Finished taking a snapshot at:(t:2, i:27) file:/home/runner/work/ozone/ozone/hadoop-ozone/integration-test/target/test-dir/MiniOzoneClusterImpl-71d26685-9743-4000-9a7d-6ec2d996e1a3/datanode-1/data/ratis/0e93b0a2-4e3c-46e0-9ff6-e6f0fccaf35b/sm/snapshot.2_27 took: 2 ms
2021-12-05 13:31:55,385 [e7c48114-a24d-4ce4-906f-8d90eb33b114@group-E6F0FCCAF35B-StateMachineUpdater] INFO  impl.StateMachineUpdater (StateMachineUpdater.java:takeSnapshot(281)) - e7c48114-a24d-4ce4-906f-8d90eb33b114@group-E6F0FCCAF35B-StateMachineUpdater: Took a snapshot at index 27
2021-12-05 13:31:55,385 [e7c48114-a24d-4ce4-906f-8d90eb33b114@group-E6F0FCCAF35B-StateMachineUpdater] INFO  impl.StateMachineUpdater (StateMachineUpdater.java:lambda$new$0(89)) - e7c48114-a24d-4ce4-906f-8d90eb33b114@group-E6F0FCCAF35B-StateMachineUpdater: snapshotIndex: updateIncreasingly -1 -> 27
2021-12-05 13:31:55,386 [ForkJoinPool.commonPool-worker-0] INFO  segmented.SegmentedRaftLogWorker (SegmentedRaftLogWorker.java:close(237)) - 211abb75-e3d2-43c2-82f8-ac1b18f50a72@group-939B19CD2157-SegmentedRaftLogWorker close()
2021-12-05 13:31:55,392 [ForkJoinPool.commonPool-worker-0] INFO  server.GrpcService (GrpcService.java:closeImpl(262)) - 211abb75-e3d2-43c2-82f8-ac1b18f50a72: shutdown server with port 45379 now
2021-12-05 13:31:55,393 [grpc-default-executor-2] WARN  server.GrpcServerProtocolService (LogUtils.java:warn(122)) - 211abb75-e3d2-43c2-82f8-ac1b18f50a72: installSnapshot onError, lastRequest: 68db2fb8-7673-4b38-b5c0-1c356c7b18fc->211abb75-e3d2-43c2-82f8-ac1b18f50a72#417-t2,previous=(t:2, i:26),leaderCommit=25,initializing? true,entries: size=1, first=(t:2, i:27), METADATAENTRY(c:25): org.apache.ratis.thirdparty.io.grpc.StatusRuntimeException: CANCELLED: client cancelled
2021-12-05 13:31:55,394 [grpc-default-executor-2] WARN  server.GrpcLogAppender (LogUtils.java:warn(122)) - 68db2fb8-7673-4b38-b5c0-1c356c7b18fc@group-E6F0FCCAF35B->211abb75-e3d2-43c2-82f8-ac1b18f50a72-AppendLogResponseHandler: Failed appendEntries: org.apache.ratis.thirdparty.io.grpc.StatusRuntimeException: CANCELLED: HTTP/2 error code: CANCEL
Received Rst Stream
2021-12-05 13:31:55,394 [grpc-default-executor-2] INFO  leader.FollowerInfo (FollowerInfoImpl.java:lambda$new$0(47)) - 68db2fb8-7673-4b38-b5c0-1c356c7b18fc@group-E6F0FCCAF35B->211abb75-e3d2-43c2-82f8-ac1b18f50a72: nextIndex: updateUnconditionally 28 -> 27
2021-12-05 13:31:55,401 [Listener at 127.0.0.1/41523] INFO  impl.StateMachineUpdater (StateMachineUpdater.java:stopAndJoin(149)) - e7c48114-a24d-4ce4-906f-8d90eb33b114@group-E6F0FCCAF35B-StateMachineUpdater: set stopIndex = 27
2021-12-05 13:31:55,402 [Listener at 127.0.0.1/41523] INFO  server.RaftServer$Division (ServerState.java:close(419)) - e7c48114-a24d-4ce4-906f-8d90eb33b114@group-E6F0FCCAF35B: closes. applyIndex: 27
2021-12-05 13:31:55,402 [e7c48114-a24d-4ce4-906f-8d90eb33b114@group-E6F0FCCAF35B-SegmentedRaftLogWorker] INFO  segmented.SegmentedRaftLogWorker (SegmentedRaftLogWorker.java:run(327)) - e7c48114-a24d-4ce4-906f-8d90eb33b114@group-E6F0FCCAF35B-SegmentedRaftLogWorker was interrupted, exiting. There are 0 tasks remaining in the queue.
2021-12-05 13:31:55,403 [Listener at 127.0.0.1/41523] INFO  segmented.SegmentedRaftLogWorker (SegmentedRaftLogWorker.java:close(237)) - e7c48114-a24d-4ce4-906f-8d90eb33b114@group-E6F0FCCAF35B-SegmentedRaftLogWorker close()
2021-12-05 13:31:55,410 [Listener at 127.0.0.1/41523] INFO  server.GrpcService (GrpcService.java:closeImpl(262)) - e7c48114-a24d-4ce4-906f-8d90eb33b114: shutdown server with port 46255 now
2021-12-05 13:31:55,416 [grpc-default-executor-2] WARN  server.GrpcLogAppender (LogUtils.java:warn(122)) - 68db2fb8-7673-4b38-b5c0-1c356c7b18fc@group-E6F0FCCAF35B->211abb75-e3d2-43c2-82f8-ac1b18f50a72-AppendLogResponseHandler: Failed appendEntries: org.apache.ratis.thirdparty.io.grpc.StatusRuntimeException: UNAVAILABLE: io exception
2021-12-05 13:31:55,417 [grpc-default-executor-2] INFO  leader.FollowerInfo (FollowerInfoImpl.java:lambda$new$0(47)) - 68db2fb8-7673-4b38-b5c0-1c356c7b18fc@group-E6F0FCCAF35B->211abb75-e3d2-43c2-82f8-ac1b18f50a72: nextIndex: updateUnconditionally 28 -> 27
2021-12-05 13:31:55,424 [ForkJoinPool.commonPool-worker-0] INFO  server.GrpcService (GrpcService.java:closeImpl(271)) - 211abb75-e3d2-43c2-82f8-ac1b18f50a72: shutdown server with port 45379 successfully
2021-12-05 13:31:55,425 [grpc-default-executor-1] WARN  server.GrpcServerProtocolService (LogUtils.java:warn(122)) - e7c48114-a24d-4ce4-906f-8d90eb33b114: installSnapshot onError, lastRequest: 68db2fb8-7673-4b38-b5c0-1c356c7b18fc->e7c48114-a24d-4ce4-906f-8d90eb33b114#282-t2,previous=(t:2, i:26),leaderCommit=25,initializing? true,entries: size=1, first=(t:2, i:27), METADATAENTRY(c:25): org.apache.ratis.thirdparty.io.grpc.StatusRuntimeException: CANCELLED: client cancelled
2021-12-05 13:31:55,426 [grpc-default-executor-1] WARN  server.GrpcLogAppender (LogUtils.java:warn(122)) - 68db2fb8-7673-4b38-b5c0-1c356c7b18fc@group-E6F0FCCAF35B->e7c48114-a24d-4ce4-906f-8d90eb33b114-AppendLogResponseHandler: Failed appendEntries: org.apache.ratis.thirdparty.io.grpc.StatusRuntimeException: CANCELLED: HTTP/2 error code: CANCEL
Received Rst Stream
2021-12-05 13:31:55,426 [grpc-default-executor-1] INFO  leader.FollowerInfo (FollowerInfoImpl.java:lambda$new$0(47)) - 68db2fb8-7673-4b38-b5c0-1c356c7b18fc@group-E6F0FCCAF35B->e7c48114-a24d-4ce4-906f-8d90eb33b114: nextIndex: updateUnconditionally 28 -> 27
2021-12-05 13:31:55,426 [org.apache.ratis.util.JvmPauseMonitor$$Lambda$525/1513368495@2d6a407a] INFO  util.JvmPauseMonitor (JvmPauseMonitor.java:run(109)) - JvmPauseMonitor-211abb75-e3d2-43c2-82f8-ac1b18f50a72: Stopped
2021-12-05 13:31:55,427 [Listener at 127.0.0.1/41523] INFO  server.GrpcService (GrpcService.java:closeImpl(271)) - e7c48114-a24d-4ce4-906f-8d90eb33b114: shutdown server with port 46255 successfully
2021-12-05 13:31:55,435 [org.apache.ratis.util.JvmPauseMonitor$$Lambda$525/1513368495@4257b4c6] INFO  util.JvmPauseMonitor (JvmPauseMonitor.java:run(109)) - JvmPauseMonitor-e7c48114-a24d-4ce4-906f-8d90eb33b114: Stopped
2021-12-05 13:31:55,436 [grpc-default-executor-1] WARN  server.GrpcLogAppender (LogUtils.java:warn(122)) - 68db2fb8-7673-4b38-b5c0-1c356c7b18fc@group-E6F0FCCAF35B->e7c48114-a24d-4ce4-906f-8d90eb33b114-AppendLogResponseHandler: Failed appendEntries: org.apache.ratis.thirdparty.io.grpc.StatusRuntimeException: UNAVAILABLE: io exception
2021-12-05 13:31:55,437 [grpc-default-executor-1] INFO  leader.FollowerInfo (FollowerInfoImpl.java:lambda$new$0(47)) - 68db2fb8-7673-4b38-b5c0-1c356c7b18fc@group-E6F0FCCAF35B->e7c48114-a24d-4ce4-906f-8d90eb33b114: nextIndex: updateUnconditionally 28 -> 27
2021-12-05 13:31:57,912 [grpc-default-executor-1] WARN  server.GrpcLogAppender (LogUtils.java:warn(122)) - 68db2fb8-7673-4b38-b5c0-1c356c7b18fc@group-E6F0FCCAF35B->211abb75-e3d2-43c2-82f8-ac1b18f50a72-AppendLogResponseHandler: Failed appendEntries: org.apache.ratis.thirdparty.io.grpc.StatusRuntimeException: UNAVAILABLE: io exception
2021-12-05 13:31:57,913 [grpc-default-executor-1] INFO  leader.FollowerInfo (FollowerInfoImpl.java:lambda$new$0(47)) - 68db2fb8-7673-4b38-b5c0-1c356c7b18fc@group-E6F0FCCAF35B->211abb75-e3d2-43c2-82f8-ac1b18f50a72: nextIndex: updateUnconditionally 28 -> 27
2021-12-05 13:31:57,935 [grpc-default-executor-1] WARN  server.GrpcLogAppender (LogUtils.java:warn(122)) - 68db2fb8-7673-4b38-b5c0-1c356c7b18fc@group-E6F0FCCAF35B->e7c48114-a24d-4ce4-906f-8d90eb33b114-AppendLogResponseHandler: Failed appendEntries: org.apache.ratis.thirdparty.io.grpc.StatusRuntimeException: UNAVAILABLE: io exception
2021-12-05 13:31:57,936 [grpc-default-executor-1] INFO  leader.FollowerInfo (FollowerInfoImpl.java:lambda$new$0(47)) - 68db2fb8-7673-4b38-b5c0-1c356c7b18fc@group-E6F0FCCAF35B->e7c48114-a24d-4ce4-906f-8d90eb33b114: nextIndex: updateUnconditionally 28 -> 27
2021-12-05 13:32:00,413 [grpc-default-executor-1] WARN  server.GrpcLogAppender (LogUtils.java:warn(122)) - 68db2fb8-7673-4b38-b5c0-1c356c7b18fc@group-E6F0FCCAF35B->211abb75-e3d2-43c2-82f8-ac1b18f50a72-AppendLogResponseHandler: Failed appendEntries: org.apache.ratis.thirdparty.io.grpc.StatusRuntimeException: UNAVAILABLE: io exception
2021-12-05 13:32:00,413 [grpc-default-executor-1] INFO  leader.FollowerInfo (FollowerInfoImpl.java:lambda$new$0(47)) - 68db2fb8-7673-4b38-b5c0-1c356c7b18fc@group-E6F0FCCAF35B->211abb75-e3d2-43c2-82f8-ac1b18f50a72: nextIndex: updateUnconditionally 28 -> 27
2021-12-05 13:32:00,436 [grpc-default-executor-1] WARN  server.GrpcLogAppender (LogUtils.java:warn(122)) - 68db2fb8-7673-4b38-b5c0-1c356c7b18fc@group-E6F0FCCAF35B->e7c48114-a24d-4ce4-906f-8d90eb33b114-AppendLogResponseHandler: Failed appendEntries: org.apache.ratis.thirdparty.io.grpc.StatusRuntimeException: UNAVAILABLE: io exception
2021-12-05 13:32:00,436 [grpc-default-executor-1] INFO  leader.FollowerInfo (FollowerInfoImpl.java:lambda$new$0(47)) - 68db2fb8-7673-4b38-b5c0-1c356c7b18fc@group-E6F0FCCAF35B->e7c48114-a24d-4ce4-906f-8d90eb33b114: nextIndex: updateUnconditionally 28 -> 27
2021-12-05 13:32:01,375 [68db2fb8-7673-4b38-b5c0-1c356c7b18fc@group-E6F0FCCAF35B-LeaderStateImpl] WARN  server.RaftServer$Division (LeaderStateImpl.java:checkLeadership(974)) - 68db2fb8-7673-4b38-b5c0-1c356c7b18fc@group-E6F0FCCAF35B-LeaderStateImpl: Lost leadership on term: 2. Election timeout: 5200ms. In charge for: 30303ms. Conf: 0: [68db2fb8-7673-4b38-b5c0-1c356c7b18fc|rpc:10.1.0.33:41561|dataStream:|priority:1, e7c48114-a24d-4ce4-906f-8d90eb33b114|rpc:10.1.0.33:46255|dataStream:|priority:0, 211abb75-e3d2-43c2-82f8-ac1b18f50a72|rpc:10.1.0.33:45379|dataStream:|priority:0], old=null
2021-12-05 13:32:01,375 [68db2fb8-7673-4b38-b5c0-1c356c7b18fc@group-E6F0FCCAF35B-LeaderStateImpl] WARN  server.RaftServer$Division (LeaderStateImpl.java:lambda$checkLeadership$15(978)) - Follower 68db2fb8-7673-4b38-b5c0-1c356c7b18fc@group-E6F0FCCAF35B->e7c48114-a24d-4ce4-906f-8d90eb33b114(c27,m27,n27, attendVote=true, lastRpcSendTime=939, lastRpcResponseTime=8379)
2021-12-05 13:32:01,376 [68db2fb8-7673-4b38-b5c0-1c356c7b18fc@group-E6F0FCCAF35B-LeaderStateImpl] WARN  server.RaftServer$Division (LeaderStateImpl.java:lambda$checkLeadership$15(978)) - Follower 68db2fb8-7673-4b38-b5c0-1c356c7b18fc@group-E6F0FCCAF35B->211abb75-e3d2-43c2-82f8-ac1b18f50a72(c27,m27,n27, attendVote=true, lastRpcSendTime=963, lastRpcResponseTime=8354)
2021-12-05 13:32:01,376 [68db2fb8-7673-4b38-b5c0-1c356c7b18fc@group-E6F0FCCAF35B-LeaderStateImpl] INFO  server.RaftServer$Division (RaftServerImpl.java:setRole(290)) - 68db2fb8-7673-4b38-b5c0-1c356c7b18fc@group-E6F0FCCAF35B: changes role from    LEADER to FOLLOWER at term 2 for StepDownReason:LOST_MAJORITY_HEARTBEATS
2021-12-05 13:32:01,376 [68db2fb8-7673-4b38-b5c0-1c356c7b18fc@group-E6F0FCCAF35B-LeaderStateImpl] INFO  impl.RoleInfo (RoleInfo.java:shutdownLeaderState(91)) - 68db2fb8-7673-4b38-b5c0-1c356c7b18fc: shutdown 68db2fb8-7673-4b38-b5c0-1c356c7b18fc@group-E6F0FCCAF35B-LeaderStateImpl
2021-12-05 13:32:01,376 [68db2fb8-7673-4b38-b5c0-1c356c7b18fc@group-E6F0FCCAF35B-LeaderStateImpl] INFO  impl.PendingRequests (PendingRequests.java:sendNotLeaderResponses(282)) - 68db2fb8-7673-4b38-b5c0-1c356c7b18fc@group-E6F0FCCAF35B-PendingRequests: sendNotLeaderResponses
2021-12-05 13:32:01,376 [68db2fb8-7673-4b38-b5c0-1c356c7b18fc@group-E6F0FCCAF35B-LeaderStateImpl] INFO  impl.RoleInfo (RoleInfo.java:updateAndGet(130)) - 68db2fb8-7673-4b38-b5c0-1c356c7b18fc: start 68db2fb8-7673-4b38-b5c0-1c356c7b18fc@group-E6F0FCCAF35B-FollowerState
2021-12-05 13:32:01,377 [68db2fb8-7673-4b38-b5c0-1c356c7b18fc@group-E6F0FCCAF35B->211abb75-e3d2-43c2-82f8-ac1b18f50a72-GrpcLogAppender-LogAppenderDaemon] WARN  server.GrpcLogAppender (GrpcLogAppender.java:mayWait(177)) - 68db2fb8-7673-4b38-b5c0-1c356c7b18fc@group-E6F0FCCAF35B->211abb75-e3d2-43c2-82f8-ac1b18f50a72-GrpcLogAppender: Wait interrupted by java.lang.InterruptedException
2021-12-05 13:32:01,377 [68db2fb8-7673-4b38-b5c0-1c356c7b18fc@group-E6F0FCCAF35B->e7c48114-a24d-4ce4-906f-8d90eb33b114-GrpcLogAppender-LogAppenderDaemon] WARN  server.GrpcLogAppender (GrpcLogAppender.java:mayWait(177)) - 68db2fb8-7673-4b38-b5c0-1c356c7b18fc@group-E6F0FCCAF35B->e7c48114-a24d-4ce4-906f-8d90eb33b114-GrpcLogAppender: Wait interrupted by java.lang.InterruptedException
2021-12-05 13:32:01,485 [68db2fb8-7673-4b38-b5c0-1c356c7b18fc@group-F02BBA177089-FollowerState] INFO  impl.FollowerState (FollowerState.java:run(134)) - 68db2fb8-7673-4b38-b5c0-1c356c7b18fc@group-F02BBA177089-FollowerState: change to CANDIDATE, lastRpcElapsedTime:7756094900ns, electionTimeout:5051ms
2021-12-05 13:32:01,485 [68db2fb8-7673-4b38-b5c0-1c356c7b18fc@group-F02BBA177089-FollowerState] INFO  impl.RoleInfo (RoleInfo.java:shutdownFollowerState(108)) - 68db2fb8-7673-4b38-b5c0-1c356c7b18fc: shutdown 68db2fb8-7673-4b38-b5c0-1c356c7b18fc@group-F02BBA177089-FollowerState
2021-12-05 13:32:01,485 [68db2fb8-7673-4b38-b5c0-1c356c7b18fc@group-F02BBA177089-FollowerState] INFO  server.RaftServer$Division (RaftServerImpl.java:setRole(290)) - 68db2fb8-7673-4b38-b5c0-1c356c7b18fc@group-F02BBA177089: changes role from  FOLLOWER to CANDIDATE at term 3 for changeToCandidate
2021-12-05 13:32:01,485 [68db2fb8-7673-4b38-b5c0-1c356c7b18fc@group-F02BBA177089-FollowerState] INFO  server.RaftServerConfigKeys (ConfUtils.java:logGet(44)) - raft.server.leaderelection.pre-vote = false (custom)
2021-12-05 13:32:01,485 [68db2fb8-7673-4b38-b5c0-1c356c7b18fc@group-F02BBA177089-FollowerState] INFO  impl.RoleInfo (RoleInfo.java:updateAndGet(130)) - 68db2fb8-7673-4b38-b5c0-1c356c7b18fc: start 68db2fb8-7673-4b38-b5c0-1c356c7b18fc@group-F02BBA177089-LeaderElection35
2021-12-05 13:32:01,491 [68db2fb8-7673-4b38-b5c0-1c356c7b18fc@group-F02BBA177089-LeaderElection35] INFO  server.RaftServer$Division (ServerState.java:setLeader(285)) - 68db2fb8-7673-4b38-b5c0-1c356c7b18fc@group-F02BBA177089: change Leader from e7c48114-a24d-4ce4-906f-8d90eb33b114 to null at term 3 for ELECTION
2021-12-05 13:32:01,493 [68db2fb8-7673-4b38-b5c0-1c356c7b18fc@group-F02BBA177089-LeaderElection35] INFO  impl.LeaderElection (LeaderElection.java:askForVotes(306)) - 68db2fb8-7673-4b38-b5c0-1c356c7b18fc@group-F02BBA177089-LeaderElection35 ELECTION round 0: submit vote requests at term 4 for 0: [68db2fb8-7673-4b38-b5c0-1c356c7b18fc|rpc:10.1.0.33:41561|dataStream:|priority:0, e7c48114-a24d-4ce4-906f-8d90eb33b114|rpc:10.1.0.33:46255|dataStream:|priority:1, 211abb75-e3d2-43c2-82f8-ac1b18f50a72|rpc:10.1.0.33:45379|dataStream:|priority:0], old=null
2021-12-05 13:32:01,495 [68db2fb8-7673-4b38-b5c0-1c356c7b18fc@group-F02BBA177089-LeaderElection35] INFO  impl.LeaderElection (LogUtils.java:infoOrTrace(137)) - 68db2fb8-7673-4b38-b5c0-1c356c7b18fc@group-F02BBA177089-LeaderElection35 got exception when requesting votes: java.util.concurrent.ExecutionException: org.apache.ratis.thirdparty.io.grpc.StatusRuntimeException: UNAVAILABLE: io exception
2021-12-05 13:32:01,496 [68db2fb8-7673-4b38-b5c0-1c356c7b18fc@group-F02BBA177089-LeaderElection35] INFO  impl.LeaderElection (LogUtils.java:infoOrTrace(137)) - 68db2fb8-7673-4b38-b5c0-1c356c7b18fc@group-F02BBA177089-LeaderElection35 got exception when requesting votes: java.util.concurrent.ExecutionException: org.apache.ratis.thirdparty.io.grpc.StatusRuntimeException: UNAVAILABLE: io exception
2021-12-05 13:32:01,496 [68db2fb8-7673-4b38-b5c0-1c356c7b18fc@group-F02BBA177089-LeaderElection35] INFO  impl.LeaderElection (LeaderElection.java:logAndReturn(89)) - 68db2fb8-7673-4b38-b5c0-1c356c7b18fc@group-F02BBA177089-LeaderElection35: ELECTION REJECTED received 0 response(s) and 2 exception(s):
2021-12-05 13:32:01,496 [68db2fb8-7673-4b38-b5c0-1c356c7b18fc@group-F02BBA177089-LeaderElection35] INFO  impl.LeaderElection (LogUtils.java:infoOrTrace(137)) -   Exception 0: java.util.concurrent.ExecutionException: org.apache.ratis.thirdparty.io.grpc.StatusRuntimeException: UNAVAILABLE: io exception
2021-12-05 13:32:01,496 [68db2fb8-7673-4b38-b5c0-1c356c7b18fc@group-F02BBA177089-LeaderElection35] INFO  impl.LeaderElection (LogUtils.java:infoOrTrace(137)) -   Exception 1: java.util.concurrent.ExecutionException: org.apache.ratis.thirdparty.io.grpc.StatusRuntimeException: UNAVAILABLE: io exception
2021-12-05 13:32:01,496 [68db2fb8-7673-4b38-b5c0-1c356c7b18fc@group-F02BBA177089-LeaderElection35] INFO  impl.LeaderElection (LeaderElection.java:askForVotes(308)) - 68db2fb8-7673-4b38-b5c0-1c356c7b18fc@group-F02BBA177089-LeaderElection35 ELECTION round 0: result REJECTED
2021-12-05 13:32:01,496 [68db2fb8-7673-4b38-b5c0-1c356c7b18fc@group-F02BBA177089-LeaderElection35] INFO  server.RaftServer$Division (RaftServerImpl.java:setRole(290)) - 68db2fb8-7673-4b38-b5c0-1c356c7b18fc@group-F02BBA177089: changes role from CANDIDATE to FOLLOWER at term 4 for REJECTED
2021-12-05 13:32:01,496 [68db2fb8-7673-4b38-b5c0-1c356c7b18fc@group-F02BBA177089-LeaderElection35] INFO  impl.RoleInfo (RoleInfo.java:shutdownLeaderElection(121)) - 68db2fb8-7673-4b38-b5c0-1c356c7b18fc: shutdown 68db2fb8-7673-4b38-b5c0-1c356c7b18fc@group-F02BBA177089-LeaderElection35
2021-12-05 13:32:01,496 [68db2fb8-7673-4b38-b5c0-1c356c7b18fc@group-F02BBA177089-LeaderElection35] INFO  impl.RoleInfo (RoleInfo.java:updateAndGet(130)) - 68db2fb8-7673-4b38-b5c0-1c356c7b18fc: start 68db2fb8-7673-4b38-b5c0-1c356c7b18fc@group-F02BBA177089-FollowerState
2021-12-05 13:32:02,456 [ForkJoinPool.commonPool-worker-0] INFO  utils.BackgroundService (BackgroundService.java:shutdown(132)) - Shutting down service BlockDeletingService
2021-12-05 13:32:02,470 [Listener at 127.0.0.1/41523] INFO  utils.BackgroundService (BackgroundService.java:shutdown(132)) - Shutting down service BlockDeletingService
2021-12-05 13:32:05,463 [ForkJoinPool.commonPool-worker-0] INFO  statemachine.DatanodeStateMachine (DatanodeStateMachine.java:stopDaemon(526)) - Ozone container server stopped.
2021-12-05 13:32:05,471 [ForkJoinPool.commonPool-worker-0] INFO  handler.ContextHandler (ContextHandler.java:doStop(1153)) - Stopped o.e.j.w.WebAppContext@3fecb459{hddsDatanode,/,null,STOPPED}{jar:file:/home/runner/.m2/repository/org/apache/ozone/hdds-container-service/1.3.0-SNAPSHOT/hdds-container-service-1.3.0-SNAPSHOT.jar!/webapps/hddsDatanode}
2021-12-05 13:32:05,475 [ForkJoinPool.commonPool-worker-0] INFO  server.AbstractConnector (AbstractConnector.java:doStop(381)) - Stopped ServerConnector@32babb12{HTTP/1.1, (http/1.1)}{0.0.0.0:0}
2021-12-05 13:32:05,475 [ForkJoinPool.commonPool-worker-0] INFO  server.session (HouseKeeper.java:stopScavenging(149)) - node0 Stopped scavenging
2021-12-05 13:32:05,476 [ForkJoinPool.commonPool-worker-0] INFO  handler.ContextHandler (ContextHandler.java:doStop(1153)) - Stopped o.e.j.s.ServletContextHandler@3bcf94ef{static,/static,jar:file:/home/runner/.m2/repository/org/apache/ozone/hdds-container-service/1.3.0-SNAPSHOT/hdds-container-service-1.3.0-SNAPSHOT.jar!/webapps/static,STOPPED}
2021-12-05 13:32:05,477 [ForkJoinPool.commonPool-worker-0] INFO  handler.ContextHandler (ContextHandler.java:doStop(1153)) - Stopped o.e.j.s.ServletContextHandler@4e794f68{logs,/logs,file:///home/runner/work/ozone/ozone/hadoop-ozone/integration-test/target/log,STOPPED}
2021-12-05 13:32:05,482 [Listener at 127.0.0.1/41523] INFO  statemachine.DatanodeStateMachine (DatanodeStateMachine.java:stopDaemon(526)) - Ozone container server stopped.
2021-12-05 13:32:05,483 [Listener at 127.0.0.1/41523] INFO  handler.ContextHandler (ContextHandler.java:doStop(1153)) - Stopped o.e.j.w.WebAppContext@4ae97cd5{hddsDatanode,/,null,STOPPED}{jar:file:/home/runner/.m2/repository/org/apache/ozone/hdds-container-service/1.3.0-SNAPSHOT/hdds-container-service-1.3.0-SNAPSHOT.jar!/webapps/hddsDatanode}
2021-12-05 13:32:05,484 [Listener at 127.0.0.1/41523] INFO  server.AbstractConnector (AbstractConnector.java:doStop(381)) - Stopped ServerConnector@90a7b6b{HTTP/1.1, (http/1.1)}{0.0.0.0:0}
2021-12-05 13:32:05,484 [Listener at 127.0.0.1/41523] INFO  server.session (HouseKeeper.java:stopScavenging(149)) - node0 Stopped scavenging
2021-12-05 13:32:05,485 [Listener at 127.0.0.1/41523] INFO  handler.ContextHandler (ContextHandler.java:doStop(1153)) - Stopped o.e.j.s.ServletContextHandler@3d452ced{static,/static,jar:file:/home/runner/.m2/repository/org/apache/ozone/hdds-container-service/1.3.0-SNAPSHOT/hdds-container-service-1.3.0-SNAPSHOT.jar!/webapps/static,STOPPED}
2021-12-05 13:32:05,485 [Listener at 127.0.0.1/41523] INFO  handler.ContextHandler (ContextHandler.java:doStop(1153)) - Stopped o.e.j.s.ServletContextHandler@56c70faf{logs,/logs,file:///home/runner/work/ozone/ozone/hadoop-ozone/integration-test/target/log,STOPPED}
2021-12-05 13:32:06,507 [68db2fb8-7673-4b38-b5c0-1c356c7b18fc@group-E6F0FCCAF35B-FollowerState] INFO  impl.FollowerState (FollowerState.java:lostMajorityHeartbeatsRecently(107)) - 68db2fb8-7673-4b38-b5c0-1c356c7b18fc@group-E6F0FCCAF35B-FollowerState: Skipping leader election since it stepped down recently (elapsed = 5130ms < waitTime = 10s)
2021-12-05 13:32:06,529 [68db2fb8-7673-4b38-b5c0-1c356c7b18fc@group-F02BBA177089-FollowerState] INFO  impl.FollowerState (FollowerState.java:run(134)) - 68db2fb8-7673-4b38-b5c0-1c356c7b18fc@group-F02BBA177089-FollowerState: change to CANDIDATE, lastRpcElapsedTime:5032692868ns, electionTimeout:5032ms
2021-12-05 13:32:06,529 [68db2fb8-7673-4b38-b5c0-1c356c7b18fc@group-F02BBA177089-FollowerState] INFO  impl.RoleInfo (RoleInfo.java:shutdownFollowerState(108)) - 68db2fb8-7673-4b38-b5c0-1c356c7b18fc: shutdown 68db2fb8-7673-4b38-b5c0-1c356c7b18fc@group-F02BBA177089-FollowerState
2021-12-05 13:32:06,529 [68db2fb8-7673-4b38-b5c0-1c356c7b18fc@group-F02BBA177089-FollowerState] INFO  server.RaftServer$Division (RaftServerImpl.java:setRole(290)) - 68db2fb8-7673-4b38-b5c0-1c356c7b18fc@group-F02BBA177089: changes role from  FOLLOWER to CANDIDATE at term 4 for changeToCandidate
2021-12-05 13:32:06,529 [68db2fb8-7673-4b38-b5c0-1c356c7b18fc@group-F02BBA177089-FollowerState] INFO  server.RaftServerConfigKeys (ConfUtils.java:logGet(44)) - raft.server.leaderelection.pre-vote = false (custom)
2021-12-05 13:32:06,529 [68db2fb8-7673-4b38-b5c0-1c356c7b18fc@group-F02BBA177089-FollowerState] INFO  impl.RoleInfo (RoleInfo.java:updateAndGet(130)) - 68db2fb8-7673-4b38-b5c0-1c356c7b18fc: start 68db2fb8-7673-4b38-b5c0-1c356c7b18fc@group-F02BBA177089-LeaderElection36
2021-12-05 13:32:06,542 [68db2fb8-7673-4b38-b5c0-1c356c7b18fc@group-F02BBA177089-LeaderElection36] INFO  impl.LeaderElection (LeaderElection.java:askForVotes(306)) - 68db2fb8-7673-4b38-b5c0-1c356c7b18fc@group-F02BBA177089-LeaderElection36 ELECTION round 0: submit vote requests at term 5 for 0: [68db2fb8-7673-4b38-b5c0-1c356c7b18fc|rpc:10.1.0.33:41561|dataStream:|priority:0, e7c48114-a24d-4ce4-906f-8d90eb33b114|rpc:10.1.0.33:46255|dataStream:|priority:1, 211abb75-e3d2-43c2-82f8-ac1b18f50a72|rpc:10.1.0.33:45379|dataStream:|priority:0], old=null
2021-12-05 13:32:06,544 [68db2fb8-7673-4b38-b5c0-1c356c7b18fc@group-F02BBA177089-LeaderElection36] INFO  impl.LeaderElection (LogUtils.java:infoOrTrace(137)) - 68db2fb8-7673-4b38-b5c0-1c356c7b18fc@group-F02BBA177089-LeaderElection36 got exception when requesting votes: java.util.concurrent.ExecutionException: org.apache.ratis.thirdparty.io.grpc.StatusRuntimeException: UNAVAILABLE: io exception
2021-12-05 13:32:06,544 [68db2fb8-7673-4b38-b5c0-1c356c7b18fc@group-F02BBA177089-LeaderElection36] INFO  impl.LeaderElection (LogUtils.java:infoOrTrace(137)) - 68db2fb8-7673-4b38-b5c0-1c356c7b18fc@group-F02BBA177089-LeaderElection36 got exception when requesting votes: java.util.concurrent.ExecutionException: org.apache.ratis.thirdparty.io.grpc.StatusRuntimeException: UNAVAILABLE: io exception
2021-12-05 13:32:06,544 [68db2fb8-7673-4b38-b5c0-1c356c7b18fc@group-F02BBA177089-LeaderElection36] INFO  impl.LeaderElection (LeaderElection.java:logAndReturn(89)) - 68db2fb8-7673-4b38-b5c0-1c356c7b18fc@group-F02BBA177089-LeaderElection36: ELECTION REJECTED received 0 response(s) and 2 exception(s):
2021-12-05 13:32:06,544 [68db2fb8-7673-4b38-b5c0-1c356c7b18fc@group-F02BBA177089-LeaderElection36] INFO  impl.LeaderElection (LogUtils.java:infoOrTrace(137)) -   Exception 0: java.util.concurrent.ExecutionException: org.apache.ratis.thirdparty.io.grpc.StatusRuntimeException: UNAVAILABLE: io exception
2021-12-05 13:32:06,544 [68db2fb8-7673-4b38-b5c0-1c356c7b18fc@group-F02BBA177089-LeaderElection36] INFO  impl.LeaderElection (LogUtils.java:infoOrTrace(137)) -   Exception 1: java.util.concurrent.ExecutionException: org.apache.ratis.thirdparty.io.grpc.StatusRuntimeException: UNAVAILABLE: io exception
2021-12-05 13:32:06,544 [68db2fb8-7673-4b38-b5c0-1c356c7b18fc@group-F02BBA177089-LeaderElection36] INFO  impl.LeaderElection (LeaderElection.java:askForVotes(308)) - 68db2fb8-7673-4b38-b5c0-1c356c7b18fc@group-F02BBA177089-LeaderElection36 ELECTION round 0: result REJECTED
2021-12-05 13:32:06,544 [68db2fb8-7673-4b38-b5c0-1c356c7b18fc@group-F02BBA177089-LeaderElection36] INFO  server.RaftServer$Division (RaftServerImpl.java:setRole(290)) - 68db2fb8-7673-4b38-b5c0-1c356c7b18fc@group-F02BBA177089: changes role from CANDIDATE to FOLLOWER at term 5 for REJECTED
2021-12-05 13:32:06,544 [68db2fb8-7673-4b38-b5c0-1c356c7b18fc@group-F02BBA177089-LeaderElection36] INFO  impl.RoleInfo (RoleInfo.java:shutdownLeaderElection(121)) - 68db2fb8-7673-4b38-b5c0-1c356c7b18fc: shutdown 68db2fb8-7673-4b38-b5c0-1c356c7b18fc@group-F02BBA177089-LeaderElection36
2021-12-05 13:32:06,544 [68db2fb8-7673-4b38-b5c0-1c356c7b18fc@group-F02BBA177089-LeaderElection36] INFO  impl.RoleInfo (RoleInfo.java:updateAndGet(130)) - 68db2fb8-7673-4b38-b5c0-1c356c7b18fc: start 68db2fb8-7673-4b38-b5c0-1c356c7b18fc@group-F02BBA177089-FollowerState
2021-12-05 13:32:10,483 [ForkJoinPool.commonPool-worker-0] INFO  ozoneimpl.OzoneContainer (OzoneContainer.java:stop(325)) - Attempting to stop container services.
2021-12-05 13:32:10,485 [ForkJoinPool.commonPool-worker-0] INFO  server.RaftServer (RaftServerProxy.java:lambda$close$6(391)) - 68db2fb8-7673-4b38-b5c0-1c356c7b18fc: close
2021-12-05 13:32:10,485 [ForkJoinPool.commonPool-worker-0] INFO  server.RaftServer$Division (RaftServerImpl.java:lambda$close$4(412)) - 68db2fb8-7673-4b38-b5c0-1c356c7b18fc@group-5929AE53AFB4: shutdown
2021-12-05 13:32:10,485 [ForkJoinPool.commonPool-worker-0] INFO  util.JmxRegister (JmxRegister.java:unregister(73)) - Successfully un-registered JMX Bean with object name Ratis:service=RaftServer,group=group-5929AE53AFB4,id=68db2fb8-7673-4b38-b5c0-1c356c7b18fc
2021-12-05 13:32:10,486 [ForkJoinPool.commonPool-worker-0] INFO  impl.RoleInfo (RoleInfo.java:shutdownLeaderState(91)) - 68db2fb8-7673-4b38-b5c0-1c356c7b18fc: shutdown 68db2fb8-7673-4b38-b5c0-1c356c7b18fc@group-5929AE53AFB4-LeaderStateImpl
2021-12-05 13:32:10,486 [ForkJoinPool.commonPool-worker-0] INFO  impl.PendingRequests (PendingRequests.java:sendNotLeaderResponses(282)) - 68db2fb8-7673-4b38-b5c0-1c356c7b18fc@group-5929AE53AFB4-PendingRequests: sendNotLeaderResponses
2021-12-05 13:32:10,486 [ForkJoinPool.commonPool-worker-0] INFO  impl.StateMachineUpdater (StateMachineUpdater.java:stopAndJoin(149)) - 68db2fb8-7673-4b38-b5c0-1c356c7b18fc@group-5929AE53AFB4-StateMachineUpdater: set stopIndex = 0
2021-12-05 13:32:10,488 [68db2fb8-7673-4b38-b5c0-1c356c7b18fc@group-5929AE53AFB4-StateMachineUpdater] INFO  ratis.ContainerStateMachine (ContainerStateMachine.java:takeSnapshot(292)) - group-5929AE53AFB4: Taking a snapshot at:(t:1, i:0) file /home/runner/work/ozone/ozone/hadoop-ozone/integration-test/target/test-dir/MiniOzoneClusterImpl-71d26685-9743-4000-9a7d-6ec2d996e1a3/datanode-2/data/ratis/ba578fd4-562b-479d-b52b-5929ae53afb4/sm/snapshot.1_0
2021-12-05 13:32:10,489 [68db2fb8-7673-4b38-b5c0-1c356c7b18fc@group-5929AE53AFB4-StateMachineUpdater] INFO  ratis.ContainerStateMachine (ContainerStateMachine.java:takeSnapshot(303)) - group-5929AE53AFB4: Finished taking a snapshot at:(t:1, i:0) file:/home/runner/work/ozone/ozone/hadoop-ozone/integration-test/target/test-dir/MiniOzoneClusterImpl-71d26685-9743-4000-9a7d-6ec2d996e1a3/datanode-2/data/ratis/ba578fd4-562b-479d-b52b-5929ae53afb4/sm/snapshot.1_0 took: 1 ms
2021-12-05 13:32:10,490 [68db2fb8-7673-4b38-b5c0-1c356c7b18fc@group-5929AE53AFB4-StateMachineUpdater] INFO  impl.StateMachineUpdater (StateMachineUpdater.java:takeSnapshot(281)) - 68db2fb8-7673-4b38-b5c0-1c356c7b18fc@group-5929AE53AFB4-StateMachineUpdater: Took a snapshot at index 0
2021-12-05 13:32:10,490 [68db2fb8-7673-4b38-b5c0-1c356c7b18fc@group-5929AE53AFB4-StateMachineUpdater] INFO  impl.StateMachineUpdater (StateMachineUpdater.java:lambda$new$0(89)) - 68db2fb8-7673-4b38-b5c0-1c356c7b18fc@group-5929AE53AFB4-StateMachineUpdater: snapshotIndex: updateIncreasingly -1 -> 0
2021-12-05 13:32:10,490 [ForkJoinPool.commonPool-worker-0] INFO  server.RaftServer$Division (ServerState.java:close(419)) - 68db2fb8-7673-4b38-b5c0-1c356c7b18fc@group-5929AE53AFB4: closes. applyIndex: 0
2021-12-05 13:32:10,490 [68db2fb8-7673-4b38-b5c0-1c356c7b18fc@group-5929AE53AFB4-SegmentedRaftLogWorker] INFO  segmented.SegmentedRaftLogWorker (SegmentedRaftLogWorker.java:run(327)) - 68db2fb8-7673-4b38-b5c0-1c356c7b18fc@group-5929AE53AFB4-SegmentedRaftLogWorker was interrupted, exiting. There are 0 tasks remaining in the queue.
2021-12-05 13:32:10,490 [ForkJoinPool.commonPool-worker-0] INFO  segmented.SegmentedRaftLogWorker (SegmentedRaftLogWorker.java:close(237)) - 68db2fb8-7673-4b38-b5c0-1c356c7b18fc@group-5929AE53AFB4-SegmentedRaftLogWorker close()
2021-12-05 13:32:10,494 [ForkJoinPool.commonPool-worker-0] INFO  server.RaftServer$Division (RaftServerImpl.java:lambda$close$4(412)) - 68db2fb8-7673-4b38-b5c0-1c356c7b18fc@group-F02BBA177089: shutdown
2021-12-05 13:32:10,494 [ForkJoinPool.commonPool-worker-0] INFO  util.JmxRegister (JmxRegister.java:unregister(73)) - Successfully un-registered JMX Bean with object name Ratis:service=RaftServer,group=group-F02BBA177089,id=68db2fb8-7673-4b38-b5c0-1c356c7b18fc
2021-12-05 13:32:10,494 [ForkJoinPool.commonPool-worker-0] INFO  impl.RoleInfo (RoleInfo.java:shutdownFollowerState(108)) - 68db2fb8-7673-4b38-b5c0-1c356c7b18fc: shutdown 68db2fb8-7673-4b38-b5c0-1c356c7b18fc@group-F02BBA177089-FollowerState
2021-12-05 13:32:10,494 [ForkJoinPool.commonPool-worker-0] INFO  impl.StateMachineUpdater (StateMachineUpdater.java:stopAndJoin(149)) - 68db2fb8-7673-4b38-b5c0-1c356c7b18fc@group-F02BBA177089-StateMachineUpdater: set stopIndex = 0
2021-12-05 13:32:10,495 [68db2fb8-7673-4b38-b5c0-1c356c7b18fc@group-F02BBA177089-StateMachineUpdater] INFO  ratis.ContainerStateMachine (ContainerStateMachine.java:takeSnapshot(292)) - group-F02BBA177089: Taking a snapshot at:(t:3, i:0) file /home/runner/work/ozone/ozone/hadoop-ozone/integration-test/target/test-dir/MiniOzoneClusterImpl-71d26685-9743-4000-9a7d-6ec2d996e1a3/datanode-2/data/ratis/68d02f1f-c2b3-43a8-ac90-f02bba177089/sm/snapshot.3_0
2021-12-05 13:32:10,494 [68db2fb8-7673-4b38-b5c0-1c356c7b18fc@group-F02BBA177089-FollowerState] INFO  impl.FollowerState (FollowerState.java:run(143)) - 68db2fb8-7673-4b38-b5c0-1c356c7b18fc@group-F02BBA177089-FollowerState was interrupted: {}
java.lang.InterruptedException: sleep interrupted
	at java.lang.Thread.sleep(Native Method)
	at java.lang.Thread.sleep(Thread.java:340)
	at java.util.concurrent.TimeUnit.sleep(TimeUnit.java:386)
	at org.apache.ratis.util.TimeDuration.sleep(TimeDuration.java:324)
	at org.apache.ratis.util.TimeDuration.sleep(TimeDuration.java:309)
	at org.apache.ratis.server.impl.FollowerState.run(FollowerState.java:118)
2021-12-05 13:32:10,496 [68db2fb8-7673-4b38-b5c0-1c356c7b18fc@group-F02BBA177089-StateMachineUpdater] INFO  ratis.ContainerStateMachine (ContainerStateMachine.java:takeSnapshot(303)) - group-F02BBA177089: Finished taking a snapshot at:(t:3, i:0) file:/home/runner/work/ozone/ozone/hadoop-ozone/integration-test/target/test-dir/MiniOzoneClusterImpl-71d26685-9743-4000-9a7d-6ec2d996e1a3/datanode-2/data/ratis/68d02f1f-c2b3-43a8-ac90-f02bba177089/sm/snapshot.3_0 took: 1 ms
2021-12-05 13:32:10,496 [68db2fb8-7673-4b38-b5c0-1c356c7b18fc@group-F02BBA177089-StateMachineUpdater] INFO  impl.StateMachineUpdater (StateMachineUpdater.java:takeSnapshot(281)) - 68db2fb8-7673-4b38-b5c0-1c356c7b18fc@group-F02BBA177089-StateMachineUpdater: Took a snapshot at index 0
2021-12-05 13:32:10,496 [68db2fb8-7673-4b38-b5c0-1c356c7b18fc@group-F02BBA177089-StateMachineUpdater] INFO  impl.StateMachineUpdater (StateMachineUpdater.java:lambda$new$0(89)) - 68db2fb8-7673-4b38-b5c0-1c356c7b18fc@group-F02BBA177089-StateMachineUpdater: snapshotIndex: updateIncreasingly -1 -> 0
2021-12-05 13:32:10,496 [ForkJoinPool.commonPool-worker-0] INFO  server.RaftServer$Division (ServerState.java:close(419)) - 68db2fb8-7673-4b38-b5c0-1c356c7b18fc@group-F02BBA177089: closes. applyIndex: 0
2021-12-05 13:32:10,496 [68db2fb8-7673-4b38-b5c0-1c356c7b18fc@group-F02BBA177089-SegmentedRaftLogWorker] INFO  segmented.SegmentedRaftLogWorker (SegmentedRaftLogWorker.java:run(327)) - 68db2fb8-7673-4b38-b5c0-1c356c7b18fc@group-F02BBA177089-SegmentedRaftLogWorker was interrupted, exiting. There are 0 tasks remaining in the queue.
2021-12-05 13:32:10,504 [ForkJoinPool.commonPool-worker-0] INFO  segmented.SegmentedRaftLogWorker (SegmentedRaftLogWorker.java:close(237)) - 68db2fb8-7673-4b38-b5c0-1c356c7b18fc@group-F02BBA177089-SegmentedRaftLogWorker close()
2021-12-05 13:32:10,504 [ForkJoinPool.commonPool-worker-0] INFO  server.RaftServer$Division (RaftServerImpl.java:lambda$close$4(412)) - 68db2fb8-7673-4b38-b5c0-1c356c7b18fc@group-E6F0FCCAF35B: shutdown
2021-12-05 13:32:10,505 [ForkJoinPool.commonPool-worker-0] INFO  util.JmxRegister (JmxRegister.java:unregister(73)) - Successfully un-registered JMX Bean with object name Ratis:service=RaftServer,group=group-E6F0FCCAF35B,id=68db2fb8-7673-4b38-b5c0-1c356c7b18fc
2021-12-05 13:32:10,505 [ForkJoinPool.commonPool-worker-0] INFO  impl.RoleInfo (RoleInfo.java:shutdownFollowerState(108)) - 68db2fb8-7673-4b38-b5c0-1c356c7b18fc: shutdown 68db2fb8-7673-4b38-b5c0-1c356c7b18fc@group-E6F0FCCAF35B-FollowerState
2021-12-05 13:32:10,505 [ForkJoinPool.commonPool-worker-0] INFO  impl.StateMachineUpdater (StateMachineUpdater.java:stopAndJoin(149)) - 68db2fb8-7673-4b38-b5c0-1c356c7b18fc@group-E6F0FCCAF35B-StateMachineUpdater: set stopIndex = 27
2021-12-05 13:32:10,505 [68db2fb8-7673-4b38-b5c0-1c356c7b18fc@group-E6F0FCCAF35B-StateMachineUpdater] INFO  ratis.ContainerStateMachine (ContainerStateMachine.java:takeSnapshot(292)) - group-E6F0FCCAF35B: Taking a snapshot at:(t:2, i:27) file /home/runner/work/ozone/ozone/hadoop-ozone/integration-test/target/test-dir/MiniOzoneClusterImpl-71d26685-9743-4000-9a7d-6ec2d996e1a3/datanode-2/data/ratis/0e93b0a2-4e3c-46e0-9ff6-e6f0fccaf35b/sm/snapshot.2_27
2021-12-05 13:32:10,505 [68db2fb8-7673-4b38-b5c0-1c356c7b18fc@group-E6F0FCCAF35B-FollowerState] INFO  impl.FollowerState (FollowerState.java:run(143)) - 68db2fb8-7673-4b38-b5c0-1c356c7b18fc@group-E6F0FCCAF35B-FollowerState was interrupted: {}
java.lang.InterruptedException: sleep interrupted
	at java.lang.Thread.sleep(Native Method)
	at java.lang.Thread.sleep(Thread.java:340)
	at java.util.concurrent.TimeUnit.sleep(TimeUnit.java:386)
	at org.apache.ratis.util.TimeDuration.sleep(TimeDuration.java:324)
	at org.apache.ratis.util.TimeDuration.sleep(TimeDuration.java:309)
	at org.apache.ratis.server.impl.FollowerState.run(FollowerState.java:118)
2021-12-05 13:32:10,512 [68db2fb8-7673-4b38-b5c0-1c356c7b18fc@group-E6F0FCCAF35B-StateMachineUpdater] INFO  ratis.ContainerStateMachine (ContainerStateMachine.java:takeSnapshot(303)) - group-E6F0FCCAF35B: Finished taking a snapshot at:(t:2, i:27) file:/home/runner/work/ozone/ozone/hadoop-ozone/integration-test/target/test-dir/MiniOzoneClusterImpl-71d26685-9743-4000-9a7d-6ec2d996e1a3/datanode-2/data/ratis/0e93b0a2-4e3c-46e0-9ff6-e6f0fccaf35b/sm/snapshot.2_27 took: 7 ms
2021-12-05 13:32:10,512 [68db2fb8-7673-4b38-b5c0-1c356c7b18fc@group-E6F0FCCAF35B-StateMachineUpdater] INFO  impl.StateMachineUpdater (StateMachineUpdater.java:takeSnapshot(281)) - 68db2fb8-7673-4b38-b5c0-1c356c7b18fc@group-E6F0FCCAF35B-StateMachineUpdater: Took a snapshot at index 27
2021-12-05 13:32:10,512 [68db2fb8-7673-4b38-b5c0-1c356c7b18fc@group-E6F0FCCAF35B-StateMachineUpdater] INFO  impl.StateMachineUpdater (StateMachineUpdater.java:lambda$new$0(89)) - 68db2fb8-7673-4b38-b5c0-1c356c7b18fc@group-E6F0FCCAF35B-StateMachineUpdater: snapshotIndex: updateIncreasingly -1 -> 27
2021-12-05 13:32:10,512 [ForkJoinPool.commonPool-worker-0] INFO  server.RaftServer$Division (ServerState.java:close(419)) - 68db2fb8-7673-4b38-b5c0-1c356c7b18fc@group-E6F0FCCAF35B: closes. applyIndex: 27
2021-12-05 13:32:10,513 [68db2fb8-7673-4b38-b5c0-1c356c7b18fc@group-E6F0FCCAF35B-SegmentedRaftLogWorker] INFO  segmented.SegmentedRaftLogWorker (SegmentedRaftLogWorker.java:run(327)) - 68db2fb8-7673-4b38-b5c0-1c356c7b18fc@group-E6F0FCCAF35B-SegmentedRaftLogWorker was interrupted, exiting. There are 0 tasks remaining in the queue.
2021-12-05 13:32:10,513 [ForkJoinPool.commonPool-worker-0] INFO  segmented.SegmentedRaftLogWorker (SegmentedRaftLogWorker.java:close(237)) - 68db2fb8-7673-4b38-b5c0-1c356c7b18fc@group-E6F0FCCAF35B-SegmentedRaftLogWorker close()
2021-12-05 13:32:10,514 [ForkJoinPool.commonPool-worker-0] INFO  server.GrpcService (GrpcService.java:closeImpl(262)) - 68db2fb8-7673-4b38-b5c0-1c356c7b18fc: shutdown server with port 41561 now
2021-12-05 13:32:10,522 [ForkJoinPool.commonPool-worker-0] INFO  server.GrpcService (GrpcService.java:closeImpl(271)) - 68db2fb8-7673-4b38-b5c0-1c356c7b18fc: shutdown server with port 41561 successfully
2021-12-05 13:32:10,522 [org.apache.ratis.util.JvmPauseMonitor$$Lambda$525/1513368495@64e0f241] INFO  util.JvmPauseMonitor (JvmPauseMonitor.java:run(109)) - JvmPauseMonitor-68db2fb8-7673-4b38-b5c0-1c356c7b18fc: Stopped
2021-12-05 13:32:10,523 [grpc-default-executor-2] WARN  client.GrpcClientProtocolService (LogUtils.java:warn(122)) - 1-UnorderedRequestStreamObserver1: onError: org.apache.ratis.thirdparty.io.grpc.StatusRuntimeException: CANCELLED: client cancelled
2021-12-05 13:32:17,540 [ForkJoinPool.commonPool-worker-0] INFO  utils.BackgroundService (BackgroundService.java:shutdown(132)) - Shutting down service BlockDeletingService
2021-12-05 13:32:20,545 [ForkJoinPool.commonPool-worker-0] INFO  statemachine.DatanodeStateMachine (DatanodeStateMachine.java:stopDaemon(526)) - Ozone container server stopped.
2021-12-05 13:32:20,548 [ForkJoinPool.commonPool-worker-0] INFO  handler.ContextHandler (ContextHandler.java:doStop(1153)) - Stopped o.e.j.w.WebAppContext@158f1b1a{hddsDatanode,/,null,STOPPED}{jar:file:/home/runner/.m2/repository/org/apache/ozone/hdds-container-service/1.3.0-SNAPSHOT/hdds-container-service-1.3.0-SNAPSHOT.jar!/webapps/hddsDatanode}
2021-12-05 13:32:20,552 [ForkJoinPool.commonPool-worker-0] INFO  server.AbstractConnector (AbstractConnector.java:doStop(381)) - Stopped ServerConnector@6968256e{HTTP/1.1, (http/1.1)}{0.0.0.0:0}
2021-12-05 13:32:20,552 [ForkJoinPool.commonPool-worker-0] INFO  server.session (HouseKeeper.java:stopScavenging(149)) - node0 Stopped scavenging
2021-12-05 13:32:20,558 [ForkJoinPool.commonPool-worker-0] INFO  handler.ContextHandler (ContextHandler.java:doStop(1153)) - Stopped o.e.j.s.ServletContextHandler@1c57f44c{static,/static,jar:file:/home/runner/.m2/repository/org/apache/ozone/hdds-container-service/1.3.0-SNAPSHOT/hdds-container-service-1.3.0-SNAPSHOT.jar!/webapps/static,STOPPED}
2021-12-05 13:32:20,559 [ForkJoinPool.commonPool-worker-0] INFO  handler.ContextHandler (ContextHandler.java:doStop(1153)) - Stopped o.e.j.s.ServletContextHandler@17fb194a{logs,/logs,file:///home/runner/work/ozone/ozone/hadoop-ozone/integration-test/target/log,STOPPED}
2021-12-05 13:32:20,561 [Listener at 127.0.0.1/41523] INFO  ozone.MiniOzoneClusterImpl (MiniOzoneClusterImpl.java:stopSCM(542)) - Stopping the StorageContainerManager
2021-12-05 13:32:20,561 [Listener at 127.0.0.1/41523] INFO  server.StorageContainerManager (StorageContainerManager.java:stop(1395)) - Stopping Container Balancer service.
2021-12-05 13:32:20,561 [Listener at 127.0.0.1/41523] INFO  balancer.ContainerBalancer (ContainerBalancer.java:stop(734)) - Container Balancer is not running.
2021-12-05 13:32:20,561 [Listener at 127.0.0.1/41523] INFO  server.StorageContainerManager (StorageContainerManager.java:stop(1402)) - Stopping Replication Manager Service.
2021-12-05 13:32:20,561 [Listener at 127.0.0.1/41523] INFO  container.ReplicationManager (ReplicationManager.java:stop(350)) - Stopping Replication Monitor Thread.
2021-12-05 13:32:20,561 [Listener at 127.0.0.1/41523] INFO  server.StorageContainerManager (StorageContainerManager.java:stop(1409)) - Stopping the Datanode Admin Monitor.
2021-12-05 13:32:20,562 [Listener at 127.0.0.1/41523] INFO  server.StorageContainerManager (StorageContainerManager.java:stop(1416)) - Stopping Lease Manager of the command watchers
2021-12-05 13:32:20,562 [Listener at 127.0.0.1/41523] INFO  server.StorageContainerManager (StorageContainerManager.java:stop(1423)) - Stopping datanode service RPC server
2021-12-05 13:32:20,562 [Listener at 127.0.0.1/41523] INFO  server.SCMDatanodeProtocolServer (SCMDatanodeProtocolServer.java:stop(389)) - Stopping the RPC server for DataNodes
2021-12-05 13:32:20,562 [Listener at 127.0.0.1/41523] INFO  ipc.Server (Server.java:stop(3414)) - Stopping server on 35915
2021-12-05 13:32:20,568 [IPC Server listener on 0] INFO  ipc.Server (Server.java:run(1376)) - Stopping IPC Server listener on 0
2021-12-05 13:32:20,577 [IPC Server Responder] INFO  ipc.Server (Server.java:run(1512)) - Stopping IPC Server Responder
2021-12-05 13:32:20,638 [SCM Heartbeat Processing Thread - 0] WARN  node.NodeStateManager (NodeStateManager.java:scheduleNextHealthCheck(799)) - Current Thread is interrupted, shutting down HB processing thread for Node Manager.
2021-12-05 13:32:20,638 [Listener at 127.0.0.1/41523] INFO  server.StorageContainerManager (StorageContainerManager.java:stop(1431)) - Stopping block service RPC server
2021-12-05 13:32:20,638 [Listener at 127.0.0.1/41523] INFO  server.SCMBlockProtocolServer (SCMBlockProtocolServer.java:stop(160)) - Stopping the RPC server for Block Protocol
2021-12-05 13:32:20,639 [Listener at 127.0.0.1/41523] INFO  ipc.Server (Server.java:stop(3414)) - Stopping server on 45781
2021-12-05 13:32:20,641 [Listener at 127.0.0.1/41523] INFO  server.StorageContainerManager (StorageContainerManager.java:stop(1438)) - Stopping the StorageContainerLocationProtocol RPC server
2021-12-05 13:32:20,641 [Listener at 127.0.0.1/41523] INFO  server.SCMClientProtocolServer (SCMClientProtocolServer.java:stop(173)) - Stopping the RPC server for Client Protocol
2021-12-05 13:32:20,641 [Listener at 127.0.0.1/41523] INFO  ipc.Server (Server.java:stop(3414)) - Stopping server on 35889
2021-12-05 13:32:20,642 [IPC Server listener on 0] INFO  ipc.Server (Server.java:run(1376)) - Stopping IPC Server listener on 0
2021-12-05 13:32:20,642 [IPC Server Responder] INFO  ipc.Server (Server.java:run(1512)) - Stopping IPC Server Responder
2021-12-05 13:32:20,651 [IPC Server Responder] INFO  ipc.Server (Server.java:run(1512)) - Stopping IPC Server Responder
2021-12-05 13:32:20,651 [Listener at 127.0.0.1/41523] INFO  server.StorageContainerManager (StorageContainerManager.java:stop(1445)) - Stopping Storage Container Manager HTTP server.
2021-12-05 13:32:20,651 [Listener at 127.0.0.1/41523] INFO  handler.ContextHandler (ContextHandler.java:doStop(1153)) - Stopped o.e.j.w.WebAppContext@4091ccc2{scm,/,null,STOPPED}{file:/home/runner/work/ozone/ozone/hadoop-ozone/integration-test/target/test-classes/webapps/scm}
2021-12-05 13:32:20,652 [IPC Server listener on 0] INFO  ipc.Server (Server.java:run(1376)) - Stopping IPC Server listener on 0
2021-12-05 13:32:20,663 [Listener at 127.0.0.1/41523] INFO  server.AbstractConnector (AbstractConnector.java:doStop(381)) - Stopped ServerConnector@5f284d00{HTTP/1.1, (http/1.1)}{0.0.0.0:0}
2021-12-05 13:32:20,663 [Listener at 127.0.0.1/41523] INFO  server.session (HouseKeeper.java:stopScavenging(149)) - node0 Stopped scavenging
2021-12-05 13:32:20,663 [Listener at 127.0.0.1/41523] INFO  handler.ContextHandler (ContextHandler.java:doStop(1153)) - Stopped o.e.j.s.ServletContextHandler@3a199b9a{static,/static,file:///home/runner/work/ozone/ozone/hadoop-ozone/integration-test/target/test-classes/webapps/static,STOPPED}
2021-12-05 13:32:20,663 [Listener at 127.0.0.1/41523] INFO  handler.ContextHandler (ContextHandler.java:doStop(1153)) - Stopped o.e.j.s.ServletContextHandler@55cc01ef{logs,/logs,file:///home/runner/work/ozone/ozone/hadoop-ozone/integration-test/target/log,STOPPED}
2021-12-05 13:32:20,664 [Listener at 127.0.0.1/41523] INFO  server.StorageContainerManager (StorageContainerManager.java:stop(1456)) - Stopping Block Manager Service.
2021-12-05 13:32:20,665 [Listener at 127.0.0.1/41523] INFO  utils.BackgroundService (BackgroundService.java:shutdown(132)) - Shutting down service SCMBlockDeletingService
2021-12-05 13:32:20,665 [Listener at 127.0.0.1/41523] INFO  utils.BackgroundService (BackgroundService.java:shutdown(132)) - Shutting down service SCMBlockDeletingService
2021-12-05 13:32:20,665 [Listener at 127.0.0.1/41523] INFO  server.StorageContainerManager (StorageContainerManager.java:stop(1483)) - Stopping SCM Event Queue.
2021-12-05 13:32:20,666 [Listener at 127.0.0.1/41523] INFO  server.StorageContainerManager (StorageContainerManager.java:stop(1494)) - Stopping SCM HA services.
2021-12-05 13:32:20,667 [Listener at 127.0.0.1/41523] INFO  pipeline.BackgroundPipelineCreator (BackgroundPipelineCreator.java:stop(158)) - Stopping RatisPipelineUtilsThread.
2021-12-05 13:32:20,667 [Listener at 127.0.0.1/41523] INFO  server.StorageContainerManager (StorageContainerManager.java:stop(1504)) - Stopping SCM MetadataStore.
2021-12-05 13:32:20,670 [Listener at 127.0.0.1/41523] INFO  impl.MetricsSystemImpl (MetricsSystemImpl.java:stop(210)) - Stopping HddsDatanode metrics system...
2021-12-05 13:32:20,686 [prometheus] INFO  impl.MetricsSinkAdapter (MetricsSinkAdapter.java:publishMetricsFromQueue(141)) - prometheus thread interrupted.
2021-12-05 13:32:20,688 [Listener at 127.0.0.1/41523] INFO  impl.MetricsSystemImpl (MetricsSystemImpl.java:stop(216)) - HddsDatanode metrics system stopped.
2021-12-05 13:32:20,824 [Listener at 127.0.0.1/41523] WARN  server.ServerUtils (ServerUtils.java:getScmDbDir(148)) - ozone.scm.db.dirs is not configured. We recommend adding this setting. Falling back to ozone.metadata.dirs instead.
2021-12-05 13:32:20,840 [Listener at 127.0.0.1/41523] INFO  ha.SCMHANodeDetails (SCMHANodeDetails.java:loadSCMHAConfig(157)) - ServiceID for StorageContainerManager is null
2021-12-05 13:32:20,840 [Listener at 127.0.0.1/41523] INFO  ha.SCMHANodeDetails (SCMHANodeDetails.java:loadSCMHAConfig(162)) - ozone.scm.default.service.id is not defined, falling back to ozone.scm.service.ids to find serviceID for StorageContainerManager if it is HA enabled cluster
2021-12-05 13:32:20,847 [Listener at 127.0.0.1/41523] WARN  server.ServerUtils (ServerUtils.java:getScmDbDir(148)) - ozone.scm.db.dirs is not configured. We recommend adding this setting. Falling back to ozone.metadata.dirs instead.
2021-12-05 13:32:20,848 [Listener at 127.0.0.1/41523] INFO  upgrade.AbstractLayoutVersionManager (AbstractLayoutVersionManager.java:init(79)) - Initializing Layout version manager with metadata layout = SCM_HA (version = 2), software layout = SCM_HA (version = 2)
2021-12-05 13:32:20,937 [Listener at 127.0.0.1/41523] INFO  reflections.Reflections (Reflections.java:scan(232)) - Reflections took 88 ms to scan 7 urls, producing 119 keys and 279 values 
2021-12-05 13:32:20,939 [Listener at 127.0.0.1/41523] WARN  utils.HAUtils (HAUtils.java:getMetaDir(342)) - ozone.scm.db.dirs is not configured. We recommend adding this setting. Falling back to ozone.metadata.dirs instead.
2021-12-05 13:32:20,943 [Listener at 127.0.0.1/41523] WARN  db.DBStoreBuilder (DBStoreBuilder.java:applyDBDefinition(145)) - ozone.scm.db.dirs is not configured. We recommend adding this setting. Falling back to ozone.metadata.dirs instead.
2021-12-05 13:32:21,109 [Listener at 127.0.0.1/41523] INFO  net.NodeSchemaLoader (NodeSchemaLoader.java:loadSchemaFromFile(129)) - Loading schema from [jar:file:/home/runner/.m2/repository/org/apache/ozone/hdds-common/1.3.0-SNAPSHOT/hdds-common-1.3.0-SNAPSHOT.jar!/network-topology-default.xml]
2021-12-05 13:32:21,109 [Listener at 127.0.0.1/41523] INFO  net.NodeSchemaLoader (NodeSchemaLoader.java:loadSchema(176)) - Loading network topology layer schema file
2021-12-05 13:32:21,121 [Listener at 127.0.0.1/41523] INFO  ha.SequenceIdGenerator (SequenceIdGenerator.java:upgradeToSequenceId(347)) - upgrade localId to 107544261427200000
2021-12-05 13:32:21,121 [Listener at 127.0.0.1/41523] INFO  ha.SequenceIdGenerator (SequenceIdGenerator.java:upgradeToSequenceId(357)) - upgrade delTxnId to 0
2021-12-05 13:32:21,121 [Listener at 127.0.0.1/41523] INFO  ha.SequenceIdGenerator (SequenceIdGenerator.java:upgradeToSequenceId(371)) - upgrade containerId to 0
2021-12-05 13:32:21,121 [Listener at 127.0.0.1/41523] INFO  ha.SequenceIdGenerator (SequenceIdGenerator.java:<init>(218)) - Init the HA SequenceIdGenerator.
2021-12-05 13:32:21,122 [Listener at 127.0.0.1/41523] WARN  server.ServerUtils (ServerUtils.java:sanitizeUserArgs(73)) - ozone.scm.stale.node.interval value = 300000 is larger than max = 100000 based on the key value of ozone.scm.heartbeat.thread.interval, reset to the max value 100000.
2021-12-05 13:32:21,122 [Listener at 127.0.0.1/41523] WARN  server.ServerUtils (ServerUtils.java:sanitizeUserArgs(73)) - ozone.scm.stale.node.interval value = 300000 is larger than max = 100000 based on the key value of ozone.scm.heartbeat.thread.interval, reset to the max value 100000.
2021-12-05 13:32:21,123 [Listener at 127.0.0.1/41523] INFO  node.SCMNodeManager (SCMNodeManager.java:<init>(144)) - Entering startup safe mode.
2021-12-05 13:32:21,123 [Listener at 127.0.0.1/41523] INFO  algorithms.ContainerPlacementPolicyFactory (ContainerPlacementPolicyFactory.java:getPolicy(60)) - Create container placement policy of type org.apache.hadoop.hdds.scm.container.placement.algorithms.SCMContainerPlacementRandom
2021-12-05 13:32:21,123 [Listener at 127.0.0.1/41523] INFO  pipeline.PipelineStateManagerImpl (PipelineStateManagerImpl.java:initialize(78)) - No pipeline exists in current db
2021-12-05 13:32:21,123 [Listener at 127.0.0.1/41523] INFO  algorithms.LeaderChoosePolicyFactory (LeaderChoosePolicyFactory.java:getPolicy(57)) - Create leader choose policy of type org.apache.hadoop.hdds.scm.pipeline.leader.choose.algorithms.MinLeaderCountChoosePolicy
2021-12-05 13:32:21,124 [Listener at 127.0.0.1/41523] INFO  ha.SCMServiceManager (SCMServiceManager.java:register(43)) - Registering service BackgroundPipelineCreator.
2021-12-05 13:32:21,124 [Listener at 127.0.0.1/41523] INFO  pipeline.BackgroundPipelineCreator (BackgroundPipelineCreator.java:start(130)) - Starting RatisPipelineUtilsThread.
2021-12-05 13:32:21,125 [Listener at 127.0.0.1/41523] INFO  algorithms.PipelineChoosePolicyFactory (PipelineChoosePolicyFactory.java:createPipelineChoosePolicyFromClass(73)) - Create pipeline choose policy of type org.apache.hadoop.hdds.scm.pipeline.choose.algorithms.RandomPipelineChoosePolicy
2021-12-05 13:32:21,125 [Listener at 127.0.0.1/41523] INFO  ha.SCMServiceManager (SCMServiceManager.java:register(43)) - Registering service SCMBlockDeletingService.
2021-12-05 13:32:21,125 [Listener at 127.0.0.1/41523] INFO  ha.SCMServiceManager (SCMServiceManager.java:register(43)) - Registering service ReplicationManager.
2021-12-05 13:32:21,125 [Listener at 127.0.0.1/41523] INFO  container.ReplicationManager (ReplicationManager.java:start(319)) - Starting Replication Monitor Thread.
2021-12-05 13:32:21,126 [Listener at 127.0.0.1/41523] INFO  safemode.ContainerSafeModeRule (ContainerSafeModeRule.java:<init>(89)) - containers with one replica threshold count 0
2021-12-05 13:32:21,126 [Listener at 127.0.0.1/41523] INFO  safemode.HealthyPipelineSafeModeRule (HealthyPipelineSafeModeRule.java:initializeRule(156)) - Total pipeline count is 0, healthy pipeline threshold count is 1
2021-12-05 13:32:21,127 [Listener at 127.0.0.1/41523] INFO  safemode.OneReplicaPipelineSafeModeRule (OneReplicaPipelineSafeModeRule.java:initializeRule(180)) - Total pipeline count is 0, pipeline's with at least one datanode reported threshold count is 0
2021-12-05 13:32:21,139 [ReplicationMonitor] INFO  container.ReplicationManager (ReplicationManager.java:processAll(371)) - Replication Monitor Thread took 0 milliseconds for processing 0 containers.
2021-12-05 13:32:21,149 [Listener at 127.0.0.1/41523] INFO  ipc.CallQueueManager (CallQueueManager.java:<init>(90)) - Using callQueue: class java.util.concurrent.LinkedBlockingQueue, queueCapacity: 2000, scheduler: class org.apache.hadoop.ipc.DefaultRpcScheduler, ipcBackoff: false.
2021-12-05 13:32:21,155 [Socket Reader #1 for port 0] INFO  ipc.Server (Server.java:run(1265)) - Starting Socket Reader #1 for port 0
2021-12-05 13:32:21,155 [Listener at 0.0.0.0/42709] INFO  ipc.CallQueueManager (CallQueueManager.java:<init>(90)) - Using callQueue: class java.util.concurrent.LinkedBlockingQueue, queueCapacity: 2000, scheduler: class org.apache.hadoop.ipc.DefaultRpcScheduler, ipcBackoff: false.
2021-12-05 13:32:21,158 [Socket Reader #1 for port 0] INFO  ipc.Server (Server.java:run(1265)) - Starting Socket Reader #1 for port 0
2021-12-05 13:32:21,163 [Listener at 0.0.0.0/32781] INFO  ipc.CallQueueManager (CallQueueManager.java:<init>(90)) - Using callQueue: class java.util.concurrent.LinkedBlockingQueue, queueCapacity: 2000, scheduler: class org.apache.hadoop.ipc.DefaultRpcScheduler, ipcBackoff: false.
2021-12-05 13:32:21,164 [Socket Reader #1 for port 0] INFO  ipc.Server (Server.java:run(1265)) - Starting Socket Reader #1 for port 0
2021-12-05 13:32:21,198 [Listener at 0.0.0.0/40347] INFO  algorithms.ContainerPlacementPolicyFactory (ContainerPlacementPolicyFactory.java:getPolicy(60)) - Create container placement policy of type org.apache.hadoop.hdds.scm.container.placement.algorithms.SCMContainerPlacementRandom
2021-12-05 13:32:21,200 [Listener at 0.0.0.0/40347] INFO  server.StorageContainerManager (StorageContainerManager.java:<init>(388)) - 
Container Balancer status:
Key                            Value
Running                        false
Container Balancer Configuration values:
Key                                                Value
Threshold                                          0.1
Max Datanodes to Involve per Iteration(ratio)      0.2
Max Size to Move per Iteration                     30GB
Max Size Entering Target per Iteration             1GB
Max Size Leaving Source per Iteration              1GB

2021-12-05 13:32:21,200 [Listener at 0.0.0.0/40347] WARN  events.EventQueue (EventQueue.java:fireEvent(194)) - No event handler registered for event TypedEvent{payloadType=SafeModeStatus, name='Safe mode status'}
2021-12-05 13:32:21,201 [Listener at 0.0.0.0/40347] INFO  ha.SCMContext (SCMContext.java:updateSafeModeStatus(205)) - Update SafeModeStatus from SafeModeStatus{safeModeStatus=true, preCheckPassed=false} to SafeModeStatus{safeModeStatus=true, preCheckPassed=false}.
2021-12-05 13:32:21,201 [Listener at 0.0.0.0/40347] INFO  server.StorageContainerManager (StorageContainerManager.java:start(1303)) - StorageContainerLocationProtocol RPC server is listening at /0.0.0.0:40347
2021-12-05 13:32:21,208 [Listener at 0.0.0.0/40347] WARN  impl.MetricsConfig (MetricsConfig.java:loadFirst(136)) - Cannot locate configuration: tried hadoop-metrics2-storagecontainermanager.properties,hadoop-metrics2.properties
2021-12-05 13:32:21,213 [Listener at 0.0.0.0/40347] INFO  impl.MetricsSystemImpl (MetricsSystemImpl.java:startTimer(378)) - Scheduled Metric snapshot period at 10 second(s).
2021-12-05 13:32:21,213 [Listener at 0.0.0.0/40347] INFO  impl.MetricsSystemImpl (MetricsSystemImpl.java:start(191)) - StorageContainerManager metrics system started
2021-12-05 13:32:21,302 [Listener at 0.0.0.0/40347] INFO  impl.MetricsSinkAdapter (MetricsSinkAdapter.java:start(204)) - Sink prometheus started
2021-12-05 13:32:21,302 [Listener at 0.0.0.0/40347] INFO  impl.MetricsSystemImpl (MetricsSystemImpl.java:registerSink(305)) - Registered sink prometheus
2021-12-05 13:32:21,335 [Listener at 0.0.0.0/40347] INFO  server.SCMClientProtocolServer (SCMClientProtocolServer.java:start(164)) - RPC server for Client  is listening at /0.0.0.0:40347
2021-12-05 13:32:21,336 [IPC Server Responder] INFO  ipc.Server (Server.java:run(1507)) - IPC Server Responder: starting
2021-12-05 13:32:21,382 [Listener at 0.0.0.0/40347] INFO  server.StorageContainerManager (StorageContainerManager.java:start(1318)) - ScmBlockLocationProtocol RPC server is listening at /0.0.0.0:32781
2021-12-05 13:32:21,382 [Listener at 0.0.0.0/40347] INFO  server.SCMBlockProtocolServer (SCMBlockProtocolServer.java:start(151)) - RPC server for Block Protocol is listening at /0.0.0.0:32781
2021-12-05 13:32:21,382 [IPC Server Responder] INFO  ipc.Server (Server.java:run(1507)) - IPC Server Responder: starting
2021-12-05 13:32:21,383 [IPC Server listener on 0] INFO  ipc.Server (Server.java:run(1344)) - IPC Server listener on 0: starting
2021-12-05 13:32:21,385 [Listener at 0.0.0.0/40347] INFO  server.StorageContainerManager (StorageContainerManager.java:start(1324)) - ScmDatanodeProtocl RPC server is listening at /0.0.0.0:42709
2021-12-05 13:32:21,385 [Listener at 0.0.0.0/40347] INFO  server.SCMDatanodeProtocolServer (SCMDatanodeProtocolServer.java:start(181)) - RPC server for DataNodes is listening at /0.0.0.0:42709
2021-12-05 13:32:21,385 [IPC Server Responder] INFO  ipc.Server (Server.java:run(1507)) - IPC Server Responder: starting
2021-12-05 13:32:21,386 [IPC Server listener on 0] INFO  ipc.Server (Server.java:run(1344)) - IPC Server listener on 0: starting
2021-12-05 13:32:21,406 [IPC Server listener on 0] INFO  ipc.Server (Server.java:run(1344)) - IPC Server listener on 0: starting
2021-12-05 13:32:21,407 [Listener at 0.0.0.0/40347] INFO  http.BaseHttpServer (BaseHttpServer.java:newHttpServer2BuilderForOzone(209)) - Starting Web-server for scm at: http://0.0.0.0:0
2021-12-05 13:32:21,408 [Listener at 0.0.0.0/40347] INFO  http.BaseHttpServer (BaseHttpServer.java:<init>(107)) - Hadoop Security Enabled: false Ozone Security Enabled: false Ozone HTTP Security Enabled: false 
2021-12-05 13:32:21,410 [Listener at 0.0.0.0/40347] INFO  server.AuthenticationFilter (AuthenticationFilter.java:constructSecretProvider(240)) - Unable to initialize FileSignerSecretProvider, falling back to use random secrets.
2021-12-05 13:32:21,410 [Listener at 0.0.0.0/40347] WARN  http.HttpRequestLog (HttpRequestLog.java:getRequestLog(103)) - Jetty request log can only be enabled using Log4j
2021-12-05 13:32:21,412 [Listener at 0.0.0.0/40347] INFO  http.HttpServer2 (HttpServer2.java:addGlobalFilter(1030)) - Added global filter 'safety' (class=org.apache.hadoop.hdds.server.http.HttpServer2$QuotingInputFilter)
2021-12-05 13:32:21,419 [Listener at 0.0.0.0/40347] INFO  http.HttpServer2 (HttpServer2.java:addFilter(1006)) - Added filter static_user_filter (class=org.apache.hadoop.http.lib.StaticUserWebFilter$StaticUserFilter) to context scm
2021-12-05 13:32:21,419 [Listener at 0.0.0.0/40347] INFO  http.HttpServer2 (HttpServer2.java:addFilter(1014)) - Added filter static_user_filter (class=org.apache.hadoop.http.lib.StaticUserWebFilter$StaticUserFilter) to context logs
2021-12-05 13:32:21,419 [Listener at 0.0.0.0/40347] INFO  http.HttpServer2 (HttpServer2.java:addFilter(1014)) - Added filter static_user_filter (class=org.apache.hadoop.http.lib.StaticUserWebFilter$StaticUserFilter) to context static
2021-12-05 13:32:21,420 [Listener at 0.0.0.0/40347] INFO  http.HttpServer2 (HttpServer2.java:bindListener(1249)) - Jetty bound to port 35445
2021-12-05 13:32:21,420 [Listener at 0.0.0.0/40347] INFO  server.Server (Server.java:doStart(375)) - jetty-9.4.43.v20210629; built: 2021-06-30T11:07:22.254Z; git: 526006ecfa3af7f1a27ef3a288e2bef7ea9dd7e8; jvm 1.8.0_292-b10
2021-12-05 13:32:21,475 [Listener at 0.0.0.0/40347] INFO  server.session (DefaultSessionIdManager.java:doStart(334)) - DefaultSessionIdManager workerName=node0
2021-12-05 13:32:21,476 [Listener at 0.0.0.0/40347] INFO  server.session (DefaultSessionIdManager.java:doStart(339)) - No SessionScavenger set, using defaults
2021-12-05 13:32:21,476 [Listener at 0.0.0.0/40347] INFO  server.session (HouseKeeper.java:startScavenging(132)) - node0 Scavenging every 660000ms
2021-12-05 13:32:21,477 [Listener at 0.0.0.0/40347] INFO  handler.ContextHandler (ContextHandler.java:doStart(915)) - Started o.e.j.s.ServletContextHandler@1fd57ae2{logs,/logs,file:///home/runner/work/ozone/ozone/hadoop-ozone/integration-test/target/log,AVAILABLE}
2021-12-05 13:32:21,478 [Listener at 0.0.0.0/40347] INFO  handler.ContextHandler (ContextHandler.java:doStart(915)) - Started o.e.j.s.ServletContextHandler@2b91f658{static,/static,file:///home/runner/work/ozone/ozone/hadoop-ozone/integration-test/target/test-classes/webapps/static,AVAILABLE}
2021-12-05 13:32:21,483 [org.apache.hadoop.util.JvmPauseMonitor$Monitor@358a12a5] INFO  util.JvmPauseMonitor (JvmPauseMonitor.java:run(188)) - Starting JVM pause monitor
2021-12-05 13:32:21,537 [Listener at 0.0.0.0/40347] INFO  handler.ContextHandler (ContextHandler.java:doStart(915)) - Started o.e.j.w.WebAppContext@18547b0b{scm,/,file:///home/runner/work/ozone/ozone/hadoop-ozone/integration-test/target/test-classes/webapps/scm/,AVAILABLE}{file:/home/runner/work/ozone/ozone/hadoop-ozone/integration-test/target/test-classes/webapps/scm}
2021-12-05 13:32:21,554 [Listener at 0.0.0.0/40347] INFO  server.AbstractConnector (AbstractConnector.java:doStart(331)) - Started ServerConnector@67a0e690{HTTP/1.1, (http/1.1)}{0.0.0.0:35445}
2021-12-05 13:32:21,556 [Listener at 0.0.0.0/40347] INFO  server.Server (Server.java:doStart(415)) - Started @197592ms
2021-12-05 13:32:21,556 [Listener at 0.0.0.0/40347] WARN  impl.MetricsSystemImpl (MetricsSystemImpl.java:register(279)) - Sink prometheus already exists!
2021-12-05 13:32:21,557 [Listener at 0.0.0.0/40347] INFO  http.BaseHttpServer (BaseHttpServer.java:updateConnectorAddress(329)) - HTTP server of scm listening at http://0.0.0.0:35445
2021-12-05 13:32:21,559 [Listener at 0.0.0.0/40347] WARN  server.ServerUtils (ServerUtils.java:getDBPath(225)) - ozone.om.db.dirs is not configured. We recommend adding this setting. Falling back to ozone.metadata.dirs instead.
2021-12-05 13:32:21,565 [Listener at 0.0.0.0/40347] INFO  ha.OMHANodeDetails (OMHANodeDetails.java:loadOMHAConfig(112)) - ozone.om.internal.service.id is not defined, falling back to ozone.om.service.ids to find serviceID for OzoneManager if it is HA enabled cluster
2021-12-05 13:32:21,565 [Listener at 0.0.0.0/40347] INFO  ha.OMHANodeDetails (OMHANodeDetails.java:loadOMHAConfig(217)) - Configuration does not have ozone.om.address set. Falling back to the default OM address /127.0.0.1:0
2021-12-05 13:32:21,565 [Listener at 0.0.0.0/40347] INFO  ha.OMHANodeDetails (OMHANodeDetails.java:getOMNodeDetailsForNonHA(245)) - OM Service ID is not set. Setting it to the default ID: omServiceIdDefault
2021-12-05 13:32:21,566 [Listener at 0.0.0.0/40347] INFO  ha.OMHANodeDetails (OMHANodeDetails.java:getOMNodeDetailsForNonHA(252)) - OM Node ID is not set. Setting it to the default ID: om1
2021-12-05 13:32:21,569 [Listener at 0.0.0.0/40347] WARN  server.ServerUtils (ServerUtils.java:getDBPath(225)) - ozone.om.db.dirs is not configured. We recommend adding this setting. Falling back to ozone.metadata.dirs instead.
2021-12-05 13:32:21,586 [Listener at 0.0.0.0/40347] INFO  upgrade.AbstractLayoutVersionManager (AbstractLayoutVersionManager.java:init(79)) - Initializing Layout version manager with metadata layout = INITIAL_VERSION (version = 0), software layout = INITIAL_VERSION (version = 0)
2021-12-05 13:32:21,705 [Listener at 0.0.0.0/40347] INFO  reflections.Reflections (Reflections.java:scan(232)) - Reflections took 114 ms to scan 2 urls, producing 132 keys and 344 values [using 2 cores]
2021-12-05 13:32:21,705 [Listener at 0.0.0.0/40347] INFO  upgrade.OMLayoutVersionManager (OMLayoutVersionManager.java:lambda$0(115)) - Skipping Upgrade Action MockOmUpgradeAction since it has been finalized.
2021-12-05 13:32:21,706 [Listener at 0.0.0.0/40347] WARN  server.ServerUtils (ServerUtils.java:getDBPath(225)) - ozone.om.db.dirs is not configured. We recommend adding this setting. Falling back to ozone.metadata.dirs instead.
2021-12-05 13:32:21,750 [Listener at 0.0.0.0/40347] WARN  server.ServerUtils (ServerUtils.java:getDBPath(225)) - ozone.om.db.dirs is not configured. We recommend adding this setting. Falling back to ozone.metadata.dirs instead.
2021-12-05 13:32:21,751 [Listener at 0.0.0.0/40347] INFO  codec.OmKeyInfoCodec (OmKeyInfoCodec.java:<init>(50)) - OmKeyInfoCodec ignorePipeline = true
2021-12-05 13:32:21,751 [Listener at 0.0.0.0/40347] INFO  codec.RepeatedOmKeyInfoCodec (RepeatedOmKeyInfoCodec.java:<init>(42)) - RepeatedOmKeyInfoCodec ignorePipeline = true
2021-12-05 13:32:22,011 [Listener at 0.0.0.0/40347] INFO  om.OzoneManager (OzoneManager.java:addS3GVolumeToDB(3609)) - Created Volume s3v With Owner runner required for S3Gateway operations.
2021-12-05 13:32:22,012 [Listener at 0.0.0.0/40347] WARN  server.ServerUtils (ServerUtils.java:getDefaultRatisDirectory(237)) - Storage directory for Ratis is not configured. It is a good idea to map this to an SSD disk. Falling back to ozone.metadata.dirs
2021-12-05 13:32:22,017 [Listener at 0.0.0.0/40347] WARN  utils.OzoneManagerRatisUtils (OzoneManagerRatisUtils.java:getOMRatisSnapshotDirectory(323)) - ozone.om.ratis.snapshot.dir is not configured. Falling back to ozone.metadata.dirs config
2021-12-05 13:32:22,018 [Listener at 0.0.0.0/40347] WARN  server.ServerUtils (ServerUtils.java:getDefaultRatisDirectory(237)) - Storage directory for Ratis is not configured. It is a good idea to map this to an SSD disk. Falling back to ozone.metadata.dirs
2021-12-05 13:32:22,019 [Listener at 0.0.0.0/40347] INFO  ratis.OzoneManagerRatisServer (OzoneManagerRatisServer.java:<init>(159)) - Instantiating OM Ratis server with groupID: omServiceIdDefault and peers: localhost:9872
2021-12-05 13:32:22,019 [Listener at 0.0.0.0/40347] INFO  ratis.OzoneManagerStateMachine (OzoneManagerStateMachine.java:loadSnapshotInfoFromDB(605)) - LastAppliedIndex is set from TransactionInfo from OM DB as (t:0, i:~)
2021-12-05 13:32:22,019 [Listener at 0.0.0.0/40347] INFO  server.RaftServer (ConfUtils.java:logGet(44)) - raft.rpc.type = GRPC (default)
2021-12-05 13:32:22,019 [Listener at 0.0.0.0/40347] INFO  grpc.GrpcFactory (GrpcFactory.java:checkPooledByteBufAllocatorUseCacheForAllThreads(48)) - PERFORMANCE WARNING: useCacheForAllThreads is true that may cause Netty to create a lot garbage objects and, as a result, trigger GC.
	It is recommended to disable useCacheForAllThreads by setting -Dorg.apache.ratis.thirdparty.io.netty.allocator.useCacheForAllThreads=false in command line.
2021-12-05 13:32:22,020 [Listener at 0.0.0.0/40347] INFO  grpc.GrpcConfigKeys (ConfUtils.java:logGet(44)) - raft.grpc.admin.port = -1 (default)
2021-12-05 13:32:22,020 [Listener at 0.0.0.0/40347] INFO  grpc.GrpcConfigKeys (ConfUtils.java:logGet(44)) - raft.grpc.server.port = 9872 (custom)
2021-12-05 13:32:22,020 [Listener at 0.0.0.0/40347] INFO  grpc.GrpcConfigKeys (ConfUtils.java:logGet(44)) - raft.grpc.client.port = -1 (default)
2021-12-05 13:32:22,020 [Listener at 0.0.0.0/40347] INFO  grpc.GrpcConfigKeys (ConfUtils.java:logGet(44)) - raft.grpc.server.port = 9872 (custom)
2021-12-05 13:32:22,020 [Listener at 0.0.0.0/40347] INFO  grpc.GrpcConfigKeys (ConfUtils.java:logGet(44)) - raft.grpc.server.port = 9872 (custom)
2021-12-05 13:32:22,020 [Listener at 0.0.0.0/40347] INFO  server.GrpcService (ConfUtils.java:logGet(44)) - raft.grpc.message.size.max = 33554432 (custom)
2021-12-05 13:32:22,020 [Listener at 0.0.0.0/40347] INFO  server.RaftServerConfigKeys (ConfUtils.java:logGet(44)) - raft.server.log.appender.buffer.byte-limit = 33554432 (custom)
2021-12-05 13:32:22,021 [Listener at 0.0.0.0/40347] INFO  server.GrpcService (ConfUtils.java:logGet(44)) - raft.grpc.flow.control.window = 1MB (=1048576) (default)
2021-12-05 13:32:22,021 [Listener at 0.0.0.0/40347] INFO  server.RaftServerConfigKeys (ConfUtils.java:logGet(44)) - raft.server.rpc.request.timeout = 3000ms (default)
2021-12-05 13:32:22,024 [Listener at 0.0.0.0/40347] INFO  impl.DataStreamServerImpl (ConfUtils.java:logGet(44)) - raft.datastream.type = DISABLED (default)
2021-12-05 13:32:22,024 [Listener at 0.0.0.0/40347] INFO  server.RaftServerConfigKeys (ConfUtils.java:logGet(44)) - raft.server.rpc.slowness.timeout = 120s (custom)
2021-12-05 13:32:22,024 [Listener at 0.0.0.0/40347] INFO  server.RaftServerConfigKeys (ConfUtils.java:logGet(44)) - raft.server.leaderelection.leader.step-down.wait-time = 10s (default)
2021-12-05 13:32:22,024 [Listener at 0.0.0.0/40347] INFO  server.RaftServerConfigKeys (ConfUtils.java:logGet(44)) - raft.server.storage.dir = [/home/runner/work/ozone/ozone/hadoop-ozone/integration-test/target/test-dir/MiniOzoneClusterImpl-d3c014ad-d181-4610-b0a5-9ad7c33a3941/ozone-meta/ratis] (custom)
2021-12-05 13:32:22,026 [Listener at 0.0.0.0/40347] INFO  server.RaftServer (RaftServerProxy.java:addNew(95)) - om1: addNew group-C5BA1605619E:[om1|rpc:localhost:9872|priority:0] returns group-C5BA1605619E:java.util.concurrent.CompletableFuture@74f8a334[Not completed]
2021-12-05 13:32:22,026 [Listener at 0.0.0.0/40347] INFO  om.OzoneManager (OzoneManager.java:initializeRatisServer(1771)) - OzoneManager Ratis server initialized at port 9872
2021-12-05 13:32:22,028 [Listener at 0.0.0.0/40347] INFO  ipc.CallQueueManager (CallQueueManager.java:<init>(90)) - Using callQueue: class java.util.concurrent.LinkedBlockingQueue, queueCapacity: 2000, scheduler: class org.apache.hadoop.ipc.DefaultRpcScheduler, ipcBackoff: false.
2021-12-05 13:32:22,029 [pool-470-thread-1] INFO  server.RaftServer$Division (RaftServerImpl.java:<init>(184)) - om1: new RaftServerImpl for group-C5BA1605619E:[om1|rpc:localhost:9872|priority:0] with OzoneManagerStateMachine:uninitialized
2021-12-05 13:32:22,048 [pool-470-thread-1] INFO  server.RaftServerConfigKeys (ConfUtils.java:logGet(44)) - raft.server.rpc.timeout.min = 1s (custom)
2021-12-05 13:32:22,050 [pool-470-thread-1] INFO  server.RaftServerConfigKeys (ConfUtils.java:logGet(44)) - raft.server.rpc.timeout.max = 1200ms (custom)
2021-12-05 13:32:22,050 [pool-470-thread-1] INFO  server.RaftServerConfigKeys (ConfUtils.java:logGet(44)) - raft.server.rpc.sleep.time = 25ms (default)
2021-12-05 13:32:22,050 [pool-470-thread-1] INFO  server.RaftServerConfigKeys (ConfUtils.java:logGet(44)) - raft.server.rpc.slowness.timeout = 120s (custom)
2021-12-05 13:32:22,051 [pool-470-thread-1] INFO  server.RaftServerConfigKeys (ConfUtils.java:logGet(44)) - raft.server.leaderelection.leader.step-down.wait-time = 10s (default)
2021-12-05 13:32:22,051 [pool-470-thread-1] INFO  server.RaftServerConfigKeys (ConfUtils.java:logGet(44)) - raft.server.sleep.deviation.threshold = 300ms (default)
2021-12-05 13:32:22,051 [pool-470-thread-1] INFO  server.RaftServerConfigKeys (ConfUtils.java:logGet(44)) - raft.server.log.appender.install.snapshot.enabled = false (custom)
2021-12-05 13:32:22,051 [pool-470-thread-1] INFO  server.RaftServer$Division (ServerState.java:<init>(105)) - om1@group-C5BA1605619E: ConfigurationManager, init=-1: [om1|rpc:localhost:9872|priority:0], old=null, confs=<EMPTY_MAP>
2021-12-05 13:32:22,051 [pool-470-thread-1] INFO  server.RaftServerConfigKeys (ConfUtils.java:logGet(44)) - raft.server.storage.dir = [/home/runner/work/ozone/ozone/hadoop-ozone/integration-test/target/test-dir/MiniOzoneClusterImpl-d3c014ad-d181-4610-b0a5-9ad7c33a3941/ozone-meta/ratis] (custom)
2021-12-05 13:32:22,051 [pool-470-thread-1] INFO  server.RaftServerConfigKeys (ConfUtils.java:logGet(44)) - raft.server.log.corruption.policy = EXCEPTION (default)
2021-12-05 13:32:22,051 [pool-470-thread-1] INFO  server.RaftServerConfigKeys (ConfUtils.java:logGet(44)) - raft.server.storage.free-space.min = 0MB (=0) (default)
2021-12-05 13:32:22,051 [pool-470-thread-1] INFO  storage.RaftStorageDirectory (RaftStorageDirectoryImpl.java:analyzeStorage(135)) - The storage directory /home/runner/work/ozone/ozone/hadoop-ozone/integration-test/target/test-dir/MiniOzoneClusterImpl-d3c014ad-d181-4610-b0a5-9ad7c33a3941/ozone-meta/ratis/bf265839-605b-3f16-9796-c5ba1605619e does not exist. Creating ...
2021-12-05 13:32:22,053 [pool-470-thread-1] INFO  storage.RaftStorageDirectory (RaftStorageDirectoryImpl.java:tryLock(230)) - Lock on /home/runner/work/ozone/ozone/hadoop-ozone/integration-test/target/test-dir/MiniOzoneClusterImpl-d3c014ad-d181-4610-b0a5-9ad7c33a3941/ozone-meta/ratis/bf265839-605b-3f16-9796-c5ba1605619e/in_use.lock acquired by nodename 9128@fv-az148-969
2021-12-05 13:32:22,056 [pool-470-thread-1] INFO  storage.RaftStorage (RaftStorageImpl.java:format(89)) - Storage directory /home/runner/work/ozone/ozone/hadoop-ozone/integration-test/target/test-dir/MiniOzoneClusterImpl-d3c014ad-d181-4610-b0a5-9ad7c33a3941/ozone-meta/ratis/bf265839-605b-3f16-9796-c5ba1605619e has been successfully formatted.
2021-12-05 13:32:22,062 [Socket Reader #1 for port 0] INFO  ipc.Server (Server.java:run(1265)) - Starting Socket Reader #1 for port 0
2021-12-05 13:32:22,080 [pool-470-thread-1] INFO  server.RaftServerConfigKeys (ConfUtils.java:logGet(44)) - raft.server.notification.no-leader.timeout = 120s (custom)
2021-12-05 13:32:22,080 [pool-470-thread-1] INFO  server.RaftServerConfigKeys (ConfUtils.java:logGet(44)) - raft.server.log.use.memory = false (default)
2021-12-05 13:32:22,080 [pool-470-thread-1] INFO  server.RaftServerConfigKeys (ConfUtils.java:logGet(44)) - raft.server.log.purge.gap = 1000000 (custom)
2021-12-05 13:32:22,080 [pool-470-thread-1] INFO  server.RaftServerConfigKeys (ConfUtils.java:logGet(44)) - raft.server.log.appender.buffer.byte-limit = 33554432 (custom)
2021-12-05 13:32:22,080 [pool-470-thread-1] INFO  server.RaftServerConfigKeys (ConfUtils.java:logGet(44)) - raft.server.log.segment.size.max = 4194304 (custom)
2021-12-05 13:32:22,081 [pool-470-thread-1] INFO  server.RaftServerConfigKeys (ConfUtils.java:logGet(44)) - raft.server.log.segment.cache.num.max = 2 (custom)
2021-12-05 13:32:22,081 [pool-470-thread-1] INFO  server.RaftServerConfigKeys (ConfUtils.java:logGet(44)) - raft.server.log.segment.cache.size.max = 200MB (=209715200) (default)
2021-12-05 13:32:22,081 [pool-470-thread-1] INFO  segmented.SegmentedRaftLogWorker (SegmentedRaftLogWorker.java:<init>(182)) - new om1@group-C5BA1605619E-SegmentedRaftLogWorker for RaftStorageImpl:Storage Directory /home/runner/work/ozone/ozone/hadoop-ozone/integration-test/target/test-dir/MiniOzoneClusterImpl-d3c014ad-d181-4610-b0a5-9ad7c33a3941/ozone-meta/ratis/bf265839-605b-3f16-9796-c5ba1605619e
2021-12-05 13:32:22,081 [pool-470-thread-1] INFO  server.RaftServerConfigKeys (ConfUtils.java:logGet(44)) - raft.server.log.queue.byte-limit = 64MB (=67108864) (default)
2021-12-05 13:32:22,081 [pool-470-thread-1] INFO  server.RaftServerConfigKeys (ConfUtils.java:logGet(44)) - raft.server.log.queue.element-limit = 4096 (default)
2021-12-05 13:32:22,081 [pool-470-thread-1] INFO  server.RaftServerConfigKeys (ConfUtils.java:logGet(44)) - raft.server.log.segment.size.max = 4194304 (custom)
2021-12-05 13:32:22,081 [pool-470-thread-1] INFO  server.RaftServerConfigKeys (ConfUtils.java:logGet(44)) - raft.server.log.preallocated.size = 4194304 (custom)
2021-12-05 13:32:22,081 [pool-470-thread-1] INFO  server.RaftServerConfigKeys (ConfUtils.java:logGet(44)) - raft.server.log.force.sync.num = 128 (default)
2021-12-05 13:32:22,081 [pool-470-thread-1] INFO  server.RaftServerConfigKeys (ConfUtils.java:logGet(44)) - raft.server.log.statemachine.data.sync = true (default)
2021-12-05 13:32:22,081 [pool-470-thread-1] INFO  server.RaftServerConfigKeys (ConfUtils.java:logGet(44)) - raft.server.log.statemachine.data.sync.timeout = 10s (default)
2021-12-05 13:32:22,081 [pool-470-thread-1] INFO  server.RaftServerConfigKeys (ConfUtils.java:logGet(44)) - raft.server.log.statemachine.data.sync.timeout.retry = -1 (default)
2021-12-05 13:32:22,082 [pool-470-thread-1] INFO  server.RaftServerConfigKeys (ConfUtils.java:logGet(44)) - raft.server.log.write.buffer.size = 64KB (=65536) (default)
2021-12-05 13:32:22,082 [pool-470-thread-1] INFO  server.RaftServerConfigKeys (ConfUtils.java:logGet(44)) - raft.server.log.statemachine.data.caching.enabled = false (default)
2021-12-05 13:32:22,082 [pool-470-thread-1] INFO  segmented.SegmentedRaftLogWorker (SegmentedRaftLogWorker.java:lambda$new$0(133)) - om1@group-C5BA1605619E-SegmentedRaftLogWorker: flushIndex: setUnconditionally 0 -> -1
2021-12-05 13:32:22,082 [pool-470-thread-1] INFO  segmented.SegmentedRaftLogWorker (SegmentedRaftLogWorker.java:lambda$new$0(133)) - om1@group-C5BA1605619E-SegmentedRaftLogWorker: safeCacheEvictIndex: setUnconditionally 0 -> -1
2021-12-05 13:32:22,090 [pool-470-thread-1] INFO  server.RaftServerConfigKeys (ConfUtils.java:logGet(44)) - raft.server.snapshot.auto.trigger.enabled = true (custom)
2021-12-05 13:32:22,090 [pool-470-thread-1] INFO  server.RaftServerConfigKeys (ConfUtils.java:logGet(44)) - raft.server.snapshot.auto.trigger.threshold = 400000 (default)
2021-12-05 13:32:22,090 [pool-470-thread-1] INFO  server.RaftServerConfigKeys (ConfUtils.java:logGet(44)) - raft.server.snapshot.retention.file.num = -1 (default)
2021-12-05 13:32:22,090 [pool-470-thread-1] INFO  server.RaftServerConfigKeys (ConfUtils.java:logGet(44)) - raft.server.log.purge.upto.snapshot.index = true (custom)
2021-12-05 13:32:22,090 [pool-470-thread-1] INFO  server.RaftServerConfigKeys (ConfUtils.java:logGet(44)) - raft.server.retrycache.expirytime = 300s (custom)
2021-12-05 13:32:22,090 [pool-470-thread-1] INFO  server.RaftServerConfigKeys (ConfUtils.java:logGet(44)) - raft.server.retrycache.statistics.expirytime = 100μs (default)
2021-12-05 13:32:22,104 [Listener at 127.0.0.1/40645] INFO  om.OzoneManager (OzoneManager.java:initFSOLayout(3786)) - Configured ozone.om.metadata.layout=SIMPLE and disabled optimized OM FS operations
2021-12-05 13:32:22,104 [Listener at 127.0.0.1/40645] INFO  impl.MetricsSystemImpl (MetricsSystemImpl.java:init(158)) - OzoneManager metrics system started (again)
2021-12-05 13:32:22,137 [Listener at 127.0.0.1/40645] INFO  om.OzoneManager (OzoneManager.java:start(1365)) - OzoneManager RPC server is listening at localhost/127.0.0.1:40645
2021-12-05 13:32:22,137 [Listener at 127.0.0.1/40645] INFO  ratis.OzoneManagerRatisServer (OzoneManagerRatisServer.java:start(516)) - Starting OzoneManagerRatisServer om1 at port 9872
2021-12-05 13:32:22,142 [Listener at 127.0.0.1/40645] INFO  server.RaftServer$Division (RaftServerImpl.java:start(301)) - om1@group-C5BA1605619E: start as a follower, conf=-1: [om1|rpc:localhost:9872|priority:0], old=null
2021-12-05 13:32:22,142 [Listener at 127.0.0.1/40645] INFO  server.RaftServer$Division (RaftServerImpl.java:setRole(290)) - om1@group-C5BA1605619E: changes role from      null to FOLLOWER at term 0 for startAsFollower
2021-12-05 13:32:22,142 [Listener at 127.0.0.1/40645] INFO  impl.RoleInfo (RoleInfo.java:updateAndGet(130)) - om1: start om1@group-C5BA1605619E-FollowerState
2021-12-05 13:32:22,143 [Listener at 127.0.0.1/40645] INFO  util.JmxRegister (JmxRegister.java:tryRegister(44)) - Successfully registered JMX Bean with object name Ratis:service=RaftServer,group=group-C5BA1605619E,id=om1
2021-12-05 13:32:22,143 [Listener at 127.0.0.1/40645] INFO  server.RaftServer (RaftServerProxy.java:lambda$start$5(374)) - om1: start RPC server
2021-12-05 13:32:22,144 [Listener at 127.0.0.1/40645] INFO  server.GrpcService (GrpcService.java:startImpl(253)) - om1: GrpcService started, listening on 9872
2021-12-05 13:32:22,145 [Listener at 127.0.0.1/40645] INFO  om.OzoneManager (OzoneManager.java:start(1381)) - Version File has different layout version (0) than OM DB (null). That is expected if this OM has never been finalized to a newer layout version.
2021-12-05 13:32:22,145 [org.apache.ratis.util.JvmPauseMonitor$$Lambda$525/1513368495@3c616237] INFO  util.JvmPauseMonitor (JvmPauseMonitor.java:run(103)) - JvmPauseMonitor-om1: Started
2021-12-05 13:32:22,156 [Listener at 127.0.0.1/40645] INFO  http.BaseHttpServer (BaseHttpServer.java:newHttpServer2BuilderForOzone(209)) - Starting Web-server for ozoneManager at: http://0.0.0.0:0
2021-12-05 13:32:22,156 [Listener at 127.0.0.1/40645] INFO  http.BaseHttpServer (BaseHttpServer.java:<init>(107)) - Hadoop Security Enabled: false Ozone Security Enabled: false Ozone HTTP Security Enabled: false 
2021-12-05 13:32:22,157 [Listener at 127.0.0.1/40645] INFO  server.AuthenticationFilter (AuthenticationFilter.java:constructSecretProvider(240)) - Unable to initialize FileSignerSecretProvider, falling back to use random secrets.
2021-12-05 13:32:22,158 [Listener at 127.0.0.1/40645] WARN  http.HttpRequestLog (HttpRequestLog.java:getRequestLog(103)) - Jetty request log can only be enabled using Log4j
2021-12-05 13:32:22,173 [Listener at 127.0.0.1/40645] INFO  http.HttpServer2 (HttpServer2.java:addGlobalFilter(1030)) - Added global filter 'safety' (class=org.apache.hadoop.hdds.server.http.HttpServer2$QuotingInputFilter)
2021-12-05 13:32:22,174 [Listener at 127.0.0.1/40645] INFO  http.HttpServer2 (HttpServer2.java:addFilter(1006)) - Added filter static_user_filter (class=org.apache.hadoop.http.lib.StaticUserWebFilter$StaticUserFilter) to context ozoneManager
2021-12-05 13:32:22,174 [Listener at 127.0.0.1/40645] INFO  http.HttpServer2 (HttpServer2.java:addFilter(1014)) - Added filter static_user_filter (class=org.apache.hadoop.http.lib.StaticUserWebFilter$StaticUserFilter) to context static
2021-12-05 13:32:22,174 [Listener at 127.0.0.1/40645] INFO  http.HttpServer2 (HttpServer2.java:addFilter(1014)) - Added filter static_user_filter (class=org.apache.hadoop.http.lib.StaticUserWebFilter$StaticUserFilter) to context logs
2021-12-05 13:32:22,175 [Listener at 127.0.0.1/40645] INFO  http.HttpServer2 (HttpServer2.java:bindListener(1249)) - Jetty bound to port 40011
2021-12-05 13:32:22,175 [Listener at 127.0.0.1/40645] INFO  server.Server (Server.java:doStart(375)) - jetty-9.4.43.v20210629; built: 2021-06-30T11:07:22.254Z; git: 526006ecfa3af7f1a27ef3a288e2bef7ea9dd7e8; jvm 1.8.0_292-b10
2021-12-05 13:32:22,194 [Listener at 127.0.0.1/40645] INFO  server.session (DefaultSessionIdManager.java:doStart(334)) - DefaultSessionIdManager workerName=node0
2021-12-05 13:32:22,194 [Listener at 127.0.0.1/40645] INFO  server.session (DefaultSessionIdManager.java:doStart(339)) - No SessionScavenger set, using defaults
2021-12-05 13:32:22,194 [Listener at 127.0.0.1/40645] INFO  server.session (HouseKeeper.java:startScavenging(132)) - node0 Scavenging every 660000ms
2021-12-05 13:32:22,197 [Listener at 127.0.0.1/40645] INFO  handler.ContextHandler (ContextHandler.java:doStart(915)) - Started o.e.j.s.ServletContextHandler@58855b6c{logs,/logs,file:///home/runner/work/ozone/ozone/hadoop-ozone/integration-test/target/log,AVAILABLE}
2021-12-05 13:32:22,197 [Listener at 127.0.0.1/40645] INFO  handler.ContextHandler (ContextHandler.java:doStart(915)) - Started o.e.j.s.ServletContextHandler@7eaca92e{static,/static,file:///home/runner/work/ozone/ozone/hadoop-ozone/integration-test/target/test-classes/webapps/static,AVAILABLE}
2021-12-05 13:32:22,200 [Listener at 127.0.0.1/40645] INFO  handler.ContextHandler (ContextHandler.java:doStart(915)) - Started o.e.j.w.WebAppContext@16d4d353{ozoneManager,/,file:///home/runner/work/ozone/ozone/hadoop-ozone/integration-test/target/test-classes/webapps/ozoneManager/,AVAILABLE}{file:/home/runner/work/ozone/ozone/hadoop-ozone/integration-test/target/test-classes/webapps/ozoneManager}
2021-12-05 13:32:22,212 [Listener at 127.0.0.1/40645] INFO  server.AbstractConnector (AbstractConnector.java:doStart(331)) - Started ServerConnector@68c1e15d{HTTP/1.1, (http/1.1)}{0.0.0.0:40011}
2021-12-05 13:32:22,212 [Listener at 127.0.0.1/40645] INFO  server.Server (Server.java:doStart(415)) - Started @198248ms
2021-12-05 13:32:22,213 [Listener at 127.0.0.1/40645] WARN  impl.MetricsSystemImpl (MetricsSystemImpl.java:register(279)) - Sink prometheus already exists!
2021-12-05 13:32:22,214 [Listener at 127.0.0.1/40645] INFO  http.BaseHttpServer (BaseHttpServer.java:updateConnectorAddress(329)) - HTTP server of ozoneManager listening at http://0.0.0.0:40011
2021-12-05 13:32:22,214 [IPC Server Responder] INFO  ipc.Server (Server.java:run(1507)) - IPC Server Responder: starting
2021-12-05 13:32:22,215 [IPC Server listener on 0] INFO  ipc.Server (Server.java:run(1344)) - IPC Server listener on 0: starting
2021-12-05 13:32:22,217 [Listener at 127.0.0.1/40645] INFO  om.TrashPolicyOzone (TrashPolicyOzone.java:<init>(178)) - Ozone Manager trash configuration: Deletion interval = 0 minutes, Emptier interval = 0 minutes.
2021-12-05 13:32:22,241 [Listener at 127.0.0.1/40645] WARN  impl.MetricRegistriesImpl (MetricRegistriesImpl.java:addReporterRegistration(111)) - New reporters are added after registries were created. Some metrics will be missing from the reporter. Please add reporter before adding any new registry.
2021-12-05 13:32:22,246 [Listener at 127.0.0.1/40645] WARN  impl.MetricRegistriesImpl (MetricRegistriesImpl.java:addReporterRegistration(111)) - New reporters are added after registries were created. Some metrics will be missing from the reporter. Please add reporter before adding any new registry.
2021-12-05 13:32:22,246 [Listener at 127.0.0.1/40645] INFO  impl.MetricsSystemImpl (MetricsSystemImpl.java:init(158)) - HddsDatanode metrics system started (again)
2021-12-05 13:32:22,254 [org.apache.hadoop.util.JvmPauseMonitor$Monitor@5c0d967e] INFO  util.JvmPauseMonitor (JvmPauseMonitor.java:run(188)) - Starting JVM pause monitor
2021-12-05 13:32:22,288 [Listener at 127.0.0.1/40645] INFO  ozone.HddsDatanodeService (HddsDatanodeService.java:start(234)) - HddsDatanodeService host:fv-az148-969.bm4ck3pvxvsene1rjriu5fhcdb.bx.internal.cloudapp.net ip:10.1.0.33
2021-12-05 13:32:22,344 [Listener at 127.0.0.1/40645] INFO  upgrade.AbstractLayoutVersionManager (AbstractLayoutVersionManager.java:init(79)) - Initializing Layout version manager with metadata layout = SCM_HA (version = 2), software layout = SCM_HA (version = 2)
2021-12-05 13:32:22,471 [Listener at 127.0.0.1/40645] INFO  reflections.Reflections (Reflections.java:scan(232)) - Reflections took 126 ms to scan 7 urls, producing 119 keys and 279 values 
2021-12-05 13:32:22,473 [Listener at 127.0.0.1/40645] INFO  statemachine.DatanodeStateMachine (DatanodeStateMachine.java:getEndPointTaskThreadPoolSize(219)) - Datanode State Machine Task Thread Pool size 2
2021-12-05 13:32:22,477 [Listener at 127.0.0.1/40645] INFO  volume.HddsVolume (HddsVolume.java:<init>(120)) - Creating HddsVolume: /home/runner/work/ozone/ozone/hadoop-ozone/integration-test/target/test-dir/MiniOzoneClusterImpl-d3c014ad-d181-4610-b0a5-9ad7c33a3941/datanode-0/data-0/containers/hdds of storage type : DISK capacity : 9223372036854775807
2021-12-05 13:32:22,477 [Listener at 127.0.0.1/40645] INFO  volume.MutableVolumeSet (MutableVolumeSet.java:initializeVolumeSet(168)) - Added Volume : /home/runner/work/ozone/ozone/hadoop-ozone/integration-test/target/test-dir/MiniOzoneClusterImpl-d3c014ad-d181-4610-b0a5-9ad7c33a3941/datanode-0/data-0/containers/hdds to VolumeSet
2021-12-05 13:32:22,477 [Listener at 127.0.0.1/40645] INFO  volume.ThrottledAsyncChecker (ThrottledAsyncChecker.java:schedule(141)) - Scheduling a check for /home/runner/work/ozone/ozone/hadoop-ozone/integration-test/target/test-dir/MiniOzoneClusterImpl-d3c014ad-d181-4610-b0a5-9ad7c33a3941/datanode-0/data-0/containers/hdds
2021-12-05 13:32:22,478 [Listener at 127.0.0.1/40645] INFO  volume.StorageVolumeChecker (StorageVolumeChecker.java:checkAllVolumes(202)) - Scheduled health check for volume /home/runner/work/ozone/ozone/hadoop-ozone/integration-test/target/test-dir/MiniOzoneClusterImpl-d3c014ad-d181-4610-b0a5-9ad7c33a3941/datanode-0/data-0/containers/hdds
2021-12-05 13:32:22,502 [Listener at 127.0.0.1/40645] INFO  volume.MutableVolumeSet (MutableVolumeSet.java:initializeVolumeSet(168)) - Added Volume : /home/runner/work/ozone/ozone/hadoop-ozone/integration-test/target/test-dir/MiniOzoneClusterImpl-d3c014ad-d181-4610-b0a5-9ad7c33a3941/datanode-0/data/ratis to VolumeSet
2021-12-05 13:32:22,502 [Listener at 127.0.0.1/40645] INFO  volume.ThrottledAsyncChecker (ThrottledAsyncChecker.java:schedule(141)) - Scheduling a check for /home/runner/work/ozone/ozone/hadoop-ozone/integration-test/target/test-dir/MiniOzoneClusterImpl-d3c014ad-d181-4610-b0a5-9ad7c33a3941/datanode-0/data/ratis
2021-12-05 13:32:22,503 [Listener at 127.0.0.1/40645] INFO  volume.StorageVolumeChecker (StorageVolumeChecker.java:checkAllVolumes(202)) - Scheduled health check for volume /home/runner/work/ozone/ozone/hadoop-ozone/integration-test/target/test-dir/MiniOzoneClusterImpl-d3c014ad-d181-4610-b0a5-9ad7c33a3941/datanode-0/data/ratis
2021-12-05 13:32:22,538 [Thread-1267] INFO  ozoneimpl.ContainerReader (ContainerReader.java:readVolume(172)) - Finish verifying containers on volume /home/runner/work/ozone/ozone/hadoop-ozone/integration-test/target/test-dir/MiniOzoneClusterImpl-d3c014ad-d181-4610-b0a5-9ad7c33a3941/datanode-0/data-0/containers/hdds
2021-12-05 13:32:22,539 [Listener at 127.0.0.1/40645] INFO  ozoneimpl.OzoneContainer (OzoneContainer.java:buildContainerSet(236)) - Build ContainerSet costs 0s
2021-12-05 13:32:22,541 [Listener at 127.0.0.1/40645] INFO  server.RaftServer (ConfUtils.java:logGet(44)) - raft.rpc.type = GRPC (default)
2021-12-05 13:32:22,542 [Listener at 127.0.0.1/40645] INFO  grpc.GrpcFactory (GrpcFactory.java:checkPooledByteBufAllocatorUseCacheForAllThreads(48)) - PERFORMANCE WARNING: useCacheForAllThreads is true that may cause Netty to create a lot garbage objects and, as a result, trigger GC.
	It is recommended to disable useCacheForAllThreads by setting -Dorg.apache.ratis.thirdparty.io.netty.allocator.useCacheForAllThreads=false in command line.
2021-12-05 13:32:22,542 [Listener at 127.0.0.1/40645] INFO  grpc.GrpcConfigKeys (ConfUtils.java:logGet(44)) - raft.grpc.admin.port = 0 (custom)
2021-12-05 13:32:22,542 [Listener at 127.0.0.1/40645] INFO  grpc.GrpcConfigKeys (ConfUtils.java:logGet(44)) - raft.grpc.client.port = 0 (custom)
2021-12-05 13:32:22,542 [Listener at 127.0.0.1/40645] INFO  grpc.GrpcConfigKeys (ConfUtils.java:logGet(44)) - raft.grpc.server.port = 0 (default)
2021-12-05 13:32:22,543 [Listener at 127.0.0.1/40645] INFO  server.GrpcService (ConfUtils.java:logGet(44)) - raft.grpc.message.size.max = 32MB (=33554432) (custom)
2021-12-05 13:32:22,543 [Listener at 127.0.0.1/40645] INFO  server.RaftServerConfigKeys (ConfUtils.java:logGet(44)) - raft.server.log.appender.buffer.byte-limit = 33554432 (custom)
2021-12-05 13:32:22,544 [Listener at 127.0.0.1/40645] INFO  server.GrpcService (ConfUtils.java:logGet(44)) - raft.grpc.flow.control.window = 5MB (=5242880) (custom)
2021-12-05 13:32:22,545 [Listener at 127.0.0.1/40645] INFO  server.RaftServerConfigKeys (ConfUtils.java:logGet(44)) - raft.server.rpc.request.timeout = 60s (custom)
2021-12-05 13:32:22,550 [Listener at 127.0.0.1/40645] INFO  impl.DataStreamServerImpl (ConfUtils.java:logGet(44)) - raft.datastream.type = DISABLED (default)
2021-12-05 13:32:22,550 [Listener at 127.0.0.1/40645] INFO  server.RaftServerConfigKeys (ConfUtils.java:logGet(44)) - raft.server.rpc.slowness.timeout = 300s (custom)
2021-12-05 13:32:22,550 [Listener at 127.0.0.1/40645] INFO  server.RaftServerConfigKeys (ConfUtils.java:logGet(44)) - raft.server.leaderelection.leader.step-down.wait-time = 10s (default)
2021-12-05 13:32:22,550 [Listener at 127.0.0.1/40645] INFO  server.RaftServerConfigKeys (ConfUtils.java:logGet(44)) - raft.server.storage.dir = [/home/runner/work/ozone/ozone/hadoop-ozone/integration-test/target/test-dir/MiniOzoneClusterImpl-d3c014ad-d181-4610-b0a5-9ad7c33a3941/datanode-0/data/ratis] (custom)
2021-12-05 13:32:22,551 [Listener at 127.0.0.1/40645] INFO  server.XceiverServerGrpc (XceiverServerGrpc.java:<init>(132)) - GrpcServer channel type EpollServerSocketChannel
2021-12-05 13:32:22,563 [Listener at 127.0.0.1/40645] INFO  http.BaseHttpServer (BaseHttpServer.java:newHttpServer2BuilderForOzone(209)) - Starting Web-server for hddsDatanode at: http://0.0.0.0:0
2021-12-05 13:32:22,563 [Listener at 127.0.0.1/40645] INFO  http.BaseHttpServer (BaseHttpServer.java:<init>(107)) - Hadoop Security Enabled: false Ozone Security Enabled: false Ozone HTTP Security Enabled: false 
2021-12-05 13:32:22,564 [Listener at 127.0.0.1/40645] INFO  server.AuthenticationFilter (AuthenticationFilter.java:constructSecretProvider(240)) - Unable to initialize FileSignerSecretProvider, falling back to use random secrets.
2021-12-05 13:32:22,566 [Listener at 127.0.0.1/40645] WARN  http.HttpRequestLog (HttpRequestLog.java:getRequestLog(103)) - Jetty request log can only be enabled using Log4j
2021-12-05 13:32:22,598 [Listener at 127.0.0.1/40645] INFO  http.HttpServer2 (HttpServer2.java:addGlobalFilter(1030)) - Added global filter 'safety' (class=org.apache.hadoop.hdds.server.http.HttpServer2$QuotingInputFilter)
2021-12-05 13:32:22,598 [Listener at 127.0.0.1/40645] INFO  http.HttpServer2 (HttpServer2.java:addFilter(1006)) - Added filter static_user_filter (class=org.apache.hadoop.http.lib.StaticUserWebFilter$StaticUserFilter) to context hddsDatanode
2021-12-05 13:32:22,599 [Listener at 127.0.0.1/40645] INFO  http.HttpServer2 (HttpServer2.java:addFilter(1014)) - Added filter static_user_filter (class=org.apache.hadoop.http.lib.StaticUserWebFilter$StaticUserFilter) to context logs
2021-12-05 13:32:22,599 [Listener at 127.0.0.1/40645] INFO  http.HttpServer2 (HttpServer2.java:addFilter(1014)) - Added filter static_user_filter (class=org.apache.hadoop.http.lib.StaticUserWebFilter$StaticUserFilter) to context static
2021-12-05 13:32:22,600 [Listener at 127.0.0.1/40645] INFO  http.HttpServer2 (HttpServer2.java:bindListener(1249)) - Jetty bound to port 39211
2021-12-05 13:32:22,600 [Listener at 127.0.0.1/40645] INFO  server.Server (Server.java:doStart(375)) - jetty-9.4.43.v20210629; built: 2021-06-30T11:07:22.254Z; git: 526006ecfa3af7f1a27ef3a288e2bef7ea9dd7e8; jvm 1.8.0_292-b10
2021-12-05 13:32:22,694 [Listener at 127.0.0.1/40645] INFO  server.session (DefaultSessionIdManager.java:doStart(334)) - DefaultSessionIdManager workerName=node0
2021-12-05 13:32:22,694 [Listener at 127.0.0.1/40645] INFO  server.session (DefaultSessionIdManager.java:doStart(339)) - No SessionScavenger set, using defaults
2021-12-05 13:32:22,695 [Listener at 127.0.0.1/40645] INFO  server.session (HouseKeeper.java:startScavenging(132)) - node0 Scavenging every 600000ms
2021-12-05 13:32:22,696 [Listener at 127.0.0.1/40645] INFO  handler.ContextHandler (ContextHandler.java:doStart(915)) - Started o.e.j.s.ServletContextHandler@5038e82d{logs,/logs,file:///home/runner/work/ozone/ozone/hadoop-ozone/integration-test/target/log,AVAILABLE}
2021-12-05 13:32:22,697 [Listener at 127.0.0.1/40645] INFO  handler.ContextHandler (ContextHandler.java:doStart(915)) - Started o.e.j.s.ServletContextHandler@4f338c16{static,/static,jar:file:/home/runner/.m2/repository/org/apache/ozone/hdds-container-service/1.3.0-SNAPSHOT/hdds-container-service-1.3.0-SNAPSHOT.jar!/webapps/static,AVAILABLE}
2021-12-05 13:32:22,759 [Listener at 127.0.0.1/40645] INFO  handler.ContextHandler (ContextHandler.java:doStart(915)) - Started o.e.j.w.WebAppContext@4348ea5e{hddsDatanode,/,file:///tmp/jetty-0_0_0_0-39211-hdds-container-service-1_3_0-SNAPSHOT_jar-_-any-6665351413150406195/webapp/,AVAILABLE}{jar:file:/home/runner/.m2/repository/org/apache/ozone/hdds-container-service/1.3.0-SNAPSHOT/hdds-container-service-1.3.0-SNAPSHOT.jar!/webapps/hddsDatanode}
2021-12-05 13:32:22,761 [Listener at 127.0.0.1/40645] INFO  server.AbstractConnector (AbstractConnector.java:doStart(331)) - Started ServerConnector@2d5116c6{HTTP/1.1, (http/1.1)}{0.0.0.0:39211}
2021-12-05 13:32:22,766 [Listener at 127.0.0.1/40645] INFO  server.Server (Server.java:doStart(415)) - Started @198801ms
2021-12-05 13:32:22,766 [Listener at 127.0.0.1/40645] WARN  impl.MetricsSystemImpl (MetricsSystemImpl.java:register(279)) - Sink prometheus already exists!
2021-12-05 13:32:22,767 [Listener at 127.0.0.1/40645] INFO  http.BaseHttpServer (BaseHttpServer.java:updateConnectorAddress(329)) - HTTP server of hddsDatanode listening at http://0.0.0.0:39211
2021-12-05 13:32:22,769 [Listener at 127.0.0.1/40645] WARN  impl.MetricRegistriesImpl (MetricRegistriesImpl.java:addReporterRegistration(111)) - New reporters are added after registries were created. Some metrics will be missing from the reporter. Please add reporter before adding any new registry.
2021-12-05 13:32:22,769 [Listener at 127.0.0.1/40645] WARN  impl.MetricRegistriesImpl (MetricRegistriesImpl.java:addReporterRegistration(111)) - New reporters are added after registries were created. Some metrics will be missing from the reporter. Please add reporter before adding any new registry.
2021-12-05 13:32:22,769 [Listener at 127.0.0.1/40645] INFO  impl.MetricsSystemImpl (MetricsSystemImpl.java:init(158)) - HddsDatanode metrics system started (again)
2021-12-05 13:32:22,774 [Datanode State Machine Daemon Thread] INFO  statemachine.DatanodeStateMachine (DatanodeStateMachine.java:lambda$startDaemon$0(467)) - Ozone container server started.
2021-12-05 13:32:22,797 [Listener at 127.0.0.1/40645] INFO  ozone.HddsDatanodeService (HddsDatanodeService.java:start(234)) - HddsDatanodeService host:fv-az148-969.bm4ck3pvxvsene1rjriu5fhcdb.bx.internal.cloudapp.net ip:10.1.0.33
2021-12-05 13:32:22,826 [org.apache.hadoop.util.JvmPauseMonitor$Monitor@48fd7064] INFO  util.JvmPauseMonitor (JvmPauseMonitor.java:run(188)) - Starting JVM pause monitor
2021-12-05 13:32:22,845 [Datanode State Machine Task Thread - 0] INFO  datanode.InitDatanodeState (InitDatanodeState.java:persistContainerDatanodeDetails(145)) - DatanodeDetails is persisted to /home/runner/work/ozone/ozone/hadoop-ozone/integration-test/target/test-dir/MiniOzoneClusterImpl-d3c014ad-d181-4610-b0a5-9ad7c33a3941/datanode-0/meta/datanode.id
2021-12-05 13:32:22,867 [Listener at 127.0.0.1/40645] INFO  upgrade.AbstractLayoutVersionManager (AbstractLayoutVersionManager.java:init(79)) - Initializing Layout version manager with metadata layout = SCM_HA (version = 2), software layout = SCM_HA (version = 2)
2021-12-05 13:32:22,917 [Listener at 127.0.0.1/40645] INFO  reflections.Reflections (Reflections.java:scan(232)) - Reflections took 48 ms to scan 7 urls, producing 119 keys and 279 values 
2021-12-05 13:32:22,925 [Listener at 127.0.0.1/40645] INFO  statemachine.DatanodeStateMachine (DatanodeStateMachine.java:getEndPointTaskThreadPoolSize(219)) - Datanode State Machine Task Thread Pool size 2
2021-12-05 13:32:22,927 [Listener at 127.0.0.1/40645] INFO  volume.HddsVolume (HddsVolume.java:<init>(120)) - Creating HddsVolume: /home/runner/work/ozone/ozone/hadoop-ozone/integration-test/target/test-dir/MiniOzoneClusterImpl-d3c014ad-d181-4610-b0a5-9ad7c33a3941/datanode-1/data-0/containers/hdds of storage type : DISK capacity : 9223372036854775807
2021-12-05 13:32:22,927 [Listener at 127.0.0.1/40645] INFO  volume.MutableVolumeSet (MutableVolumeSet.java:initializeVolumeSet(168)) - Added Volume : /home/runner/work/ozone/ozone/hadoop-ozone/integration-test/target/test-dir/MiniOzoneClusterImpl-d3c014ad-d181-4610-b0a5-9ad7c33a3941/datanode-1/data-0/containers/hdds to VolumeSet
2021-12-05 13:32:22,928 [Listener at 127.0.0.1/40645] INFO  volume.ThrottledAsyncChecker (ThrottledAsyncChecker.java:schedule(141)) - Scheduling a check for /home/runner/work/ozone/ozone/hadoop-ozone/integration-test/target/test-dir/MiniOzoneClusterImpl-d3c014ad-d181-4610-b0a5-9ad7c33a3941/datanode-1/data-0/containers/hdds
2021-12-05 13:32:22,930 [Listener at 127.0.0.1/40645] INFO  volume.StorageVolumeChecker (StorageVolumeChecker.java:checkAllVolumes(202)) - Scheduled health check for volume /home/runner/work/ozone/ozone/hadoop-ozone/integration-test/target/test-dir/MiniOzoneClusterImpl-d3c014ad-d181-4610-b0a5-9ad7c33a3941/datanode-1/data-0/containers/hdds
2021-12-05 13:32:22,957 [Listener at 127.0.0.1/40645] INFO  volume.MutableVolumeSet (MutableVolumeSet.java:initializeVolumeSet(168)) - Added Volume : /home/runner/work/ozone/ozone/hadoop-ozone/integration-test/target/test-dir/MiniOzoneClusterImpl-d3c014ad-d181-4610-b0a5-9ad7c33a3941/datanode-1/data/ratis to VolumeSet
2021-12-05 13:32:22,958 [Listener at 127.0.0.1/40645] INFO  volume.ThrottledAsyncChecker (ThrottledAsyncChecker.java:schedule(141)) - Scheduling a check for /home/runner/work/ozone/ozone/hadoop-ozone/integration-test/target/test-dir/MiniOzoneClusterImpl-d3c014ad-d181-4610-b0a5-9ad7c33a3941/datanode-1/data/ratis
2021-12-05 13:32:22,959 [Listener at 127.0.0.1/40645] INFO  volume.StorageVolumeChecker (StorageVolumeChecker.java:checkAllVolumes(202)) - Scheduled health check for volume /home/runner/work/ozone/ozone/hadoop-ozone/integration-test/target/test-dir/MiniOzoneClusterImpl-d3c014ad-d181-4610-b0a5-9ad7c33a3941/datanode-1/data/ratis
2021-12-05 13:32:22,977 [Thread-1279] INFO  ozoneimpl.ContainerReader (ContainerReader.java:readVolume(172)) - Finish verifying containers on volume /home/runner/work/ozone/ozone/hadoop-ozone/integration-test/target/test-dir/MiniOzoneClusterImpl-d3c014ad-d181-4610-b0a5-9ad7c33a3941/datanode-1/data-0/containers/hdds
2021-12-05 13:32:22,977 [Listener at 127.0.0.1/40645] INFO  ozoneimpl.OzoneContainer (OzoneContainer.java:buildContainerSet(236)) - Build ContainerSet costs 0s
2021-12-05 13:32:22,979 [Listener at 127.0.0.1/40645] INFO  server.RaftServer (ConfUtils.java:logGet(44)) - raft.rpc.type = GRPC (default)
2021-12-05 13:32:22,979 [Listener at 127.0.0.1/40645] INFO  grpc.GrpcFactory (GrpcFactory.java:checkPooledByteBufAllocatorUseCacheForAllThreads(48)) - PERFORMANCE WARNING: useCacheForAllThreads is true that may cause Netty to create a lot garbage objects and, as a result, trigger GC.
	It is recommended to disable useCacheForAllThreads by setting -Dorg.apache.ratis.thirdparty.io.netty.allocator.useCacheForAllThreads=false in command line.
2021-12-05 13:32:22,979 [Listener at 127.0.0.1/40645] INFO  grpc.GrpcConfigKeys (ConfUtils.java:logGet(44)) - raft.grpc.admin.port = 0 (custom)
2021-12-05 13:32:22,979 [Listener at 127.0.0.1/40645] INFO  grpc.GrpcConfigKeys (ConfUtils.java:logGet(44)) - raft.grpc.client.port = 0 (custom)
2021-12-05 13:32:22,979 [Listener at 127.0.0.1/40645] INFO  grpc.GrpcConfigKeys (ConfUtils.java:logGet(44)) - raft.grpc.server.port = 0 (default)
2021-12-05 13:32:22,980 [Listener at 127.0.0.1/40645] INFO  server.GrpcService (ConfUtils.java:logGet(44)) - raft.grpc.message.size.max = 32MB (=33554432) (custom)
2021-12-05 13:32:22,980 [Listener at 127.0.0.1/40645] INFO  server.RaftServerConfigKeys (ConfUtils.java:logGet(44)) - raft.server.log.appender.buffer.byte-limit = 33554432 (custom)
2021-12-05 13:32:22,980 [Listener at 127.0.0.1/40645] INFO  server.GrpcService (ConfUtils.java:logGet(44)) - raft.grpc.flow.control.window = 5MB (=5242880) (custom)
2021-12-05 13:32:22,980 [Listener at 127.0.0.1/40645] INFO  server.RaftServerConfigKeys (ConfUtils.java:logGet(44)) - raft.server.rpc.request.timeout = 60s (custom)
2021-12-05 13:32:22,981 [Listener at 127.0.0.1/40645] INFO  impl.DataStreamServerImpl (ConfUtils.java:logGet(44)) - raft.datastream.type = DISABLED (default)
2021-12-05 13:32:22,981 [Listener at 127.0.0.1/40645] INFO  server.RaftServerConfigKeys (ConfUtils.java:logGet(44)) - raft.server.rpc.slowness.timeout = 300s (custom)
2021-12-05 13:32:22,981 [Listener at 127.0.0.1/40645] INFO  server.RaftServerConfigKeys (ConfUtils.java:logGet(44)) - raft.server.leaderelection.leader.step-down.wait-time = 10s (default)
2021-12-05 13:32:22,981 [Listener at 127.0.0.1/40645] INFO  server.RaftServerConfigKeys (ConfUtils.java:logGet(44)) - raft.server.storage.dir = [/home/runner/work/ozone/ozone/hadoop-ozone/integration-test/target/test-dir/MiniOzoneClusterImpl-d3c014ad-d181-4610-b0a5-9ad7c33a3941/datanode-1/data/ratis] (custom)
2021-12-05 13:32:22,984 [Listener at 127.0.0.1/40645] INFO  server.XceiverServerGrpc (XceiverServerGrpc.java:<init>(132)) - GrpcServer channel type EpollServerSocketChannel
2021-12-05 13:32:22,988 [Listener at 127.0.0.1/40645] INFO  http.BaseHttpServer (BaseHttpServer.java:newHttpServer2BuilderForOzone(209)) - Starting Web-server for hddsDatanode at: http://0.0.0.0:0
2021-12-05 13:32:22,988 [Listener at 127.0.0.1/40645] INFO  http.BaseHttpServer (BaseHttpServer.java:<init>(107)) - Hadoop Security Enabled: false Ozone Security Enabled: false Ozone HTTP Security Enabled: false 
2021-12-05 13:32:22,989 [Listener at 127.0.0.1/40645] INFO  server.AuthenticationFilter (AuthenticationFilter.java:constructSecretProvider(240)) - Unable to initialize FileSignerSecretProvider, falling back to use random secrets.
2021-12-05 13:32:22,989 [Listener at 127.0.0.1/40645] WARN  http.HttpRequestLog (HttpRequestLog.java:getRequestLog(103)) - Jetty request log can only be enabled using Log4j
2021-12-05 13:32:22,990 [Listener at 127.0.0.1/40645] INFO  http.HttpServer2 (HttpServer2.java:addGlobalFilter(1030)) - Added global filter 'safety' (class=org.apache.hadoop.hdds.server.http.HttpServer2$QuotingInputFilter)
2021-12-05 13:32:22,990 [Listener at 127.0.0.1/40645] INFO  http.HttpServer2 (HttpServer2.java:addFilter(1006)) - Added filter static_user_filter (class=org.apache.hadoop.http.lib.StaticUserWebFilter$StaticUserFilter) to context hddsDatanode
2021-12-05 13:32:22,991 [Listener at 127.0.0.1/40645] INFO  http.HttpServer2 (HttpServer2.java:addFilter(1014)) - Added filter static_user_filter (class=org.apache.hadoop.http.lib.StaticUserWebFilter$StaticUserFilter) to context static
2021-12-05 13:32:22,991 [Listener at 127.0.0.1/40645] INFO  http.HttpServer2 (HttpServer2.java:addFilter(1014)) - Added filter static_user_filter (class=org.apache.hadoop.http.lib.StaticUserWebFilter$StaticUserFilter) to context logs
2021-12-05 13:32:22,991 [Listener at 127.0.0.1/40645] INFO  http.HttpServer2 (HttpServer2.java:bindListener(1249)) - Jetty bound to port 37483
2021-12-05 13:32:22,991 [Listener at 127.0.0.1/40645] INFO  server.Server (Server.java:doStart(375)) - jetty-9.4.43.v20210629; built: 2021-06-30T11:07:22.254Z; git: 526006ecfa3af7f1a27ef3a288e2bef7ea9dd7e8; jvm 1.8.0_292-b10
2021-12-05 13:32:22,994 [Listener at 127.0.0.1/40645] INFO  server.session (DefaultSessionIdManager.java:doStart(334)) - DefaultSessionIdManager workerName=node0
2021-12-05 13:32:22,994 [Listener at 127.0.0.1/40645] INFO  server.session (DefaultSessionIdManager.java:doStart(339)) - No SessionScavenger set, using defaults
2021-12-05 13:32:22,994 [Listener at 127.0.0.1/40645] INFO  server.session (HouseKeeper.java:startScavenging(132)) - node0 Scavenging every 660000ms
2021-12-05 13:32:22,995 [Listener at 127.0.0.1/40645] INFO  handler.ContextHandler (ContextHandler.java:doStart(915)) - Started o.e.j.s.ServletContextHandler@13cf4876{logs,/logs,file:///home/runner/work/ozone/ozone/hadoop-ozone/integration-test/target/log,AVAILABLE}
2021-12-05 13:32:22,996 [Listener at 127.0.0.1/40645] INFO  handler.ContextHandler (ContextHandler.java:doStart(915)) - Started o.e.j.s.ServletContextHandler@7e33c4b3{static,/static,jar:file:/home/runner/.m2/repository/org/apache/ozone/hdds-container-service/1.3.0-SNAPSHOT/hdds-container-service-1.3.0-SNAPSHOT.jar!/webapps/static,AVAILABLE}
2021-12-05 13:32:23,057 [Listener at 127.0.0.1/40645] INFO  handler.ContextHandler (ContextHandler.java:doStart(915)) - Started o.e.j.w.WebAppContext@5a9ae0ad{hddsDatanode,/,file:///tmp/jetty-0_0_0_0-37483-hdds-container-service-1_3_0-SNAPSHOT_jar-_-any-6254798907058545051/webapp/,AVAILABLE}{jar:file:/home/runner/.m2/repository/org/apache/ozone/hdds-container-service/1.3.0-SNAPSHOT/hdds-container-service-1.3.0-SNAPSHOT.jar!/webapps/hddsDatanode}
2021-12-05 13:32:23,060 [Listener at 127.0.0.1/40645] INFO  server.AbstractConnector (AbstractConnector.java:doStart(331)) - Started ServerConnector@646a2ba{HTTP/1.1, (http/1.1)}{0.0.0.0:37483}
2021-12-05 13:32:23,060 [Listener at 127.0.0.1/40645] INFO  server.Server (Server.java:doStart(415)) - Started @199096ms
2021-12-05 13:32:23,060 [Listener at 127.0.0.1/40645] WARN  impl.MetricsSystemImpl (MetricsSystemImpl.java:register(279)) - Sink prometheus already exists!
2021-12-05 13:32:23,061 [Listener at 127.0.0.1/40645] INFO  http.BaseHttpServer (BaseHttpServer.java:updateConnectorAddress(329)) - HTTP server of hddsDatanode listening at http://0.0.0.0:37483
2021-12-05 13:32:23,067 [Listener at 127.0.0.1/40645] WARN  impl.MetricRegistriesImpl (MetricRegistriesImpl.java:addReporterRegistration(111)) - New reporters are added after registries were created. Some metrics will be missing from the reporter. Please add reporter before adding any new registry.
2021-12-05 13:32:23,067 [Listener at 127.0.0.1/40645] WARN  impl.MetricRegistriesImpl (MetricRegistriesImpl.java:addReporterRegistration(111)) - New reporters are added after registries were created. Some metrics will be missing from the reporter. Please add reporter before adding any new registry.
2021-12-05 13:32:23,068 [Listener at 127.0.0.1/40645] INFO  impl.MetricsSystemImpl (MetricsSystemImpl.java:init(158)) - HddsDatanode metrics system started (again)
2021-12-05 13:32:23,070 [Datanode State Machine Daemon Thread] INFO  statemachine.DatanodeStateMachine (DatanodeStateMachine.java:lambda$startDaemon$0(467)) - Ozone container server started.
2021-12-05 13:32:23,103 [Listener at 127.0.0.1/40645] INFO  ozone.HddsDatanodeService (HddsDatanodeService.java:start(234)) - HddsDatanodeService host:fv-az148-969.bm4ck3pvxvsene1rjriu5fhcdb.bx.internal.cloudapp.net ip:10.1.0.33
2021-12-05 13:32:23,104 [org.apache.hadoop.util.JvmPauseMonitor$Monitor@21e69b45] INFO  util.JvmPauseMonitor (JvmPauseMonitor.java:run(188)) - Starting JVM pause monitor
2021-12-05 13:32:23,118 [Datanode State Machine Task Thread - 0] INFO  datanode.InitDatanodeState (InitDatanodeState.java:persistContainerDatanodeDetails(145)) - DatanodeDetails is persisted to /home/runner/work/ozone/ozone/hadoop-ozone/integration-test/target/test-dir/MiniOzoneClusterImpl-d3c014ad-d181-4610-b0a5-9ad7c33a3941/datanode-1/meta/datanode.id
2021-12-05 13:32:23,177 [Listener at 127.0.0.1/40645] INFO  upgrade.AbstractLayoutVersionManager (AbstractLayoutVersionManager.java:init(79)) - Initializing Layout version manager with metadata layout = SCM_HA (version = 2), software layout = SCM_HA (version = 2)
2021-12-05 13:32:23,235 [om1@group-C5BA1605619E-FollowerState] INFO  impl.FollowerState (FollowerState.java:run(134)) - om1@group-C5BA1605619E-FollowerState: change to CANDIDATE, lastRpcElapsedTime:1093282286ns, electionTimeout:1092ms
2021-12-05 13:32:23,236 [om1@group-C5BA1605619E-FollowerState] INFO  impl.RoleInfo (RoleInfo.java:shutdownFollowerState(108)) - om1: shutdown om1@group-C5BA1605619E-FollowerState
2021-12-05 13:32:23,236 [om1@group-C5BA1605619E-FollowerState] INFO  server.RaftServer$Division (RaftServerImpl.java:setRole(290)) - om1@group-C5BA1605619E: changes role from  FOLLOWER to CANDIDATE at term 0 for changeToCandidate
2021-12-05 13:32:23,236 [om1@group-C5BA1605619E-FollowerState] INFO  server.RaftServerConfigKeys (ConfUtils.java:logGet(44)) - raft.server.leaderelection.pre-vote = false (custom)
2021-12-05 13:32:23,236 [om1@group-C5BA1605619E-FollowerState] INFO  impl.RoleInfo (RoleInfo.java:updateAndGet(130)) - om1: start om1@group-C5BA1605619E-LeaderElection37
2021-12-05 13:32:23,236 [Listener at 127.0.0.1/40645] INFO  reflections.Reflections (Reflections.java:scan(232)) - Reflections took 58 ms to scan 7 urls, producing 119 keys and 279 values 
2021-12-05 13:32:23,240 [Listener at 127.0.0.1/40645] INFO  statemachine.DatanodeStateMachine (DatanodeStateMachine.java:getEndPointTaskThreadPoolSize(219)) - Datanode State Machine Task Thread Pool size 2
2021-12-05 13:32:23,261 [om1@group-C5BA1605619E-LeaderElection37] INFO  impl.LeaderElection (LeaderElection.java:askForVotes(306)) - om1@group-C5BA1605619E-LeaderElection37 ELECTION round 0: submit vote requests at term 1 for -1: [om1|rpc:localhost:9872|priority:0], old=null
2021-12-05 13:32:23,261 [om1@group-C5BA1605619E-LeaderElection37] INFO  impl.LeaderElection (LeaderElection.java:askForVotes(308)) - om1@group-C5BA1605619E-LeaderElection37 ELECTION round 0: result PASSED (term=1)
2021-12-05 13:32:23,261 [om1@group-C5BA1605619E-LeaderElection37] INFO  impl.RoleInfo (RoleInfo.java:shutdownLeaderElection(121)) - om1: shutdown om1@group-C5BA1605619E-LeaderElection37
2021-12-05 13:32:23,261 [om1@group-C5BA1605619E-LeaderElection37] INFO  server.RaftServer$Division (RaftServerImpl.java:setRole(290)) - om1@group-C5BA1605619E: changes role from CANDIDATE to LEADER at term 1 for changeToLeader
2021-12-05 13:32:23,262 [om1@group-C5BA1605619E-LeaderElection37] INFO  server.RaftServer$Division (ServerState.java:setLeader(285)) - om1@group-C5BA1605619E: change Leader from null to om1 at term 1 for becomeLeader, leader elected after 1206ms
2021-12-05 13:32:23,263 [om1@group-C5BA1605619E-LeaderElection37] INFO  server.RaftServerConfigKeys (ConfUtils.java:logGet(44)) - raft.server.staging.catchup.gap = 1000 (default)
2021-12-05 13:32:23,266 [Listener at 127.0.0.1/40645] INFO  volume.HddsVolume (HddsVolume.java:<init>(120)) - Creating HddsVolume: /home/runner/work/ozone/ozone/hadoop-ozone/integration-test/target/test-dir/MiniOzoneClusterImpl-d3c014ad-d181-4610-b0a5-9ad7c33a3941/datanode-2/data-0/containers/hdds of storage type : DISK capacity : 9223372036854775807
2021-12-05 13:32:23,267 [Listener at 127.0.0.1/40645] INFO  volume.MutableVolumeSet (MutableVolumeSet.java:initializeVolumeSet(168)) - Added Volume : /home/runner/work/ozone/ozone/hadoop-ozone/integration-test/target/test-dir/MiniOzoneClusterImpl-d3c014ad-d181-4610-b0a5-9ad7c33a3941/datanode-2/data-0/containers/hdds to VolumeSet
2021-12-05 13:32:23,267 [Listener at 127.0.0.1/40645] INFO  volume.ThrottledAsyncChecker (ThrottledAsyncChecker.java:schedule(141)) - Scheduling a check for /home/runner/work/ozone/ozone/hadoop-ozone/integration-test/target/test-dir/MiniOzoneClusterImpl-d3c014ad-d181-4610-b0a5-9ad7c33a3941/datanode-2/data-0/containers/hdds
2021-12-05 13:32:23,268 [Listener at 127.0.0.1/40645] INFO  volume.StorageVolumeChecker (StorageVolumeChecker.java:checkAllVolumes(202)) - Scheduled health check for volume /home/runner/work/ozone/ozone/hadoop-ozone/integration-test/target/test-dir/MiniOzoneClusterImpl-d3c014ad-d181-4610-b0a5-9ad7c33a3941/datanode-2/data-0/containers/hdds
2021-12-05 13:32:23,275 [om1@group-C5BA1605619E-LeaderElection37] INFO  server.RaftServerConfigKeys (ConfUtils.java:logGet(44)) - raft.server.write.element-limit = 4096 (default)
2021-12-05 13:32:23,275 [om1@group-C5BA1605619E-LeaderElection37] INFO  server.RaftServerConfigKeys (ConfUtils.java:logGet(44)) - raft.server.write.byte-limit = 64MB (=67108864) (default)
2021-12-05 13:32:23,275 [om1@group-C5BA1605619E-LeaderElection37] INFO  server.RaftServerConfigKeys (ConfUtils.java:logGet(44)) - raft.server.watch.timeout = 10s (default)
2021-12-05 13:32:23,275 [om1@group-C5BA1605619E-LeaderElection37] INFO  server.RaftServerConfigKeys (ConfUtils.java:logGet(44)) - raft.server.watch.timeout.denomination = 1s (default)
2021-12-05 13:32:23,275 [om1@group-C5BA1605619E-LeaderElection37] INFO  server.RaftServerConfigKeys (ConfUtils.java:logGet(44)) - raft.server.watch.element-limit = 65536 (default)
2021-12-05 13:32:23,275 [om1@group-C5BA1605619E-LeaderElection37] INFO  server.RaftServerConfigKeys (ConfUtils.java:logGet(44)) - raft.server.write.element-limit = 4096 (default)
2021-12-05 13:32:23,275 [om1@group-C5BA1605619E-LeaderElection37] INFO  server.RaftServerConfigKeys (ConfUtils.java:logGet(44)) - raft.server.write.follower.gap.ratio.max = -1.0 (default)
2021-12-05 13:32:23,275 [om1@group-C5BA1605619E-LeaderElection37] INFO  impl.RoleInfo (RoleInfo.java:updateAndGet(130)) - om1: start om1@group-C5BA1605619E-LeaderStateImpl
2021-12-05 13:32:23,276 [om1@group-C5BA1605619E-LeaderElection37] INFO  segmented.SegmentedRaftLogWorker (SegmentedRaftLogWorker.java:startLogSegment(394)) - om1@group-C5BA1605619E-SegmentedRaftLogWorker: Starting segment from index:0
2021-12-05 13:32:23,285 [om1@group-C5BA1605619E-SegmentedRaftLogWorker] INFO  segmented.SegmentedRaftLogWorker (SegmentedRaftLogWorker.java:execute(601)) - om1@group-C5BA1605619E-SegmentedRaftLogWorker: created new log segment /home/runner/work/ozone/ozone/hadoop-ozone/integration-test/target/test-dir/MiniOzoneClusterImpl-d3c014ad-d181-4610-b0a5-9ad7c33a3941/ozone-meta/ratis/bf265839-605b-3f16-9796-c5ba1605619e/current/log_inprogress_0
2021-12-05 13:32:23,286 [om1@group-C5BA1605619E-LeaderElection37] INFO  server.RaftServer$Division (ServerState.java:setRaftConf(387)) - om1@group-C5BA1605619E: set configuration 0: [om1|rpc:localhost:9872|admin:|client:|dataStream:|priority:0], old=null
2021-12-05 13:32:23,302 [om1@group-C5BA1605619E-StateMachineUpdater] INFO  ratis.OzoneManagerStateMachine (OzoneManagerStateMachine.java:notifyConfigurationChanged(188)) - Received Configuration change notification from Ratis. New Peer list:
[id: "om1"
address: "localhost:9872"
]
2021-12-05 13:32:23,309 [Listener at 127.0.0.1/40645] INFO  volume.MutableVolumeSet (MutableVolumeSet.java:initializeVolumeSet(168)) - Added Volume : /home/runner/work/ozone/ozone/hadoop-ozone/integration-test/target/test-dir/MiniOzoneClusterImpl-d3c014ad-d181-4610-b0a5-9ad7c33a3941/datanode-2/data/ratis to VolumeSet
2021-12-05 13:32:23,309 [Listener at 127.0.0.1/40645] INFO  volume.ThrottledAsyncChecker (ThrottledAsyncChecker.java:schedule(141)) - Scheduling a check for /home/runner/work/ozone/ozone/hadoop-ozone/integration-test/target/test-dir/MiniOzoneClusterImpl-d3c014ad-d181-4610-b0a5-9ad7c33a3941/datanode-2/data/ratis
2021-12-05 13:32:23,309 [Listener at 127.0.0.1/40645] INFO  volume.StorageVolumeChecker (StorageVolumeChecker.java:checkAllVolumes(202)) - Scheduled health check for volume /home/runner/work/ozone/ozone/hadoop-ozone/integration-test/target/test-dir/MiniOzoneClusterImpl-d3c014ad-d181-4610-b0a5-9ad7c33a3941/datanode-2/data/ratis
2021-12-05 13:32:23,323 [Thread-1293] INFO  ozoneimpl.ContainerReader (ContainerReader.java:readVolume(172)) - Finish verifying containers on volume /home/runner/work/ozone/ozone/hadoop-ozone/integration-test/target/test-dir/MiniOzoneClusterImpl-d3c014ad-d181-4610-b0a5-9ad7c33a3941/datanode-2/data-0/containers/hdds
2021-12-05 13:32:23,323 [Listener at 127.0.0.1/40645] INFO  ozoneimpl.OzoneContainer (OzoneContainer.java:buildContainerSet(236)) - Build ContainerSet costs 0s
2021-12-05 13:32:23,326 [Listener at 127.0.0.1/40645] INFO  server.RaftServer (ConfUtils.java:logGet(44)) - raft.rpc.type = GRPC (default)
2021-12-05 13:32:23,326 [Listener at 127.0.0.1/40645] INFO  grpc.GrpcFactory (GrpcFactory.java:checkPooledByteBufAllocatorUseCacheForAllThreads(48)) - PERFORMANCE WARNING: useCacheForAllThreads is true that may cause Netty to create a lot garbage objects and, as a result, trigger GC.
	It is recommended to disable useCacheForAllThreads by setting -Dorg.apache.ratis.thirdparty.io.netty.allocator.useCacheForAllThreads=false in command line.
2021-12-05 13:32:23,326 [Listener at 127.0.0.1/40645] INFO  grpc.GrpcConfigKeys (ConfUtils.java:logGet(44)) - raft.grpc.admin.port = 0 (custom)
2021-12-05 13:32:23,326 [Listener at 127.0.0.1/40645] INFO  grpc.GrpcConfigKeys (ConfUtils.java:logGet(44)) - raft.grpc.client.port = 0 (custom)
2021-12-05 13:32:23,326 [Listener at 127.0.0.1/40645] INFO  grpc.GrpcConfigKeys (ConfUtils.java:logGet(44)) - raft.grpc.server.port = 0 (default)
2021-12-05 13:32:23,330 [Listener at 127.0.0.1/40645] INFO  server.GrpcService (ConfUtils.java:logGet(44)) - raft.grpc.message.size.max = 32MB (=33554432) (custom)
2021-12-05 13:32:23,330 [Listener at 127.0.0.1/40645] INFO  server.RaftServerConfigKeys (ConfUtils.java:logGet(44)) - raft.server.log.appender.buffer.byte-limit = 33554432 (custom)
2021-12-05 13:32:23,331 [Listener at 127.0.0.1/40645] INFO  server.GrpcService (ConfUtils.java:logGet(44)) - raft.grpc.flow.control.window = 5MB (=5242880) (custom)
2021-12-05 13:32:23,331 [Listener at 127.0.0.1/40645] INFO  server.RaftServerConfigKeys (ConfUtils.java:logGet(44)) - raft.server.rpc.request.timeout = 60s (custom)
2021-12-05 13:32:23,332 [Listener at 127.0.0.1/40645] INFO  impl.DataStreamServerImpl (ConfUtils.java:logGet(44)) - raft.datastream.type = DISABLED (default)
2021-12-05 13:32:23,332 [Listener at 127.0.0.1/40645] INFO  server.RaftServerConfigKeys (ConfUtils.java:logGet(44)) - raft.server.rpc.slowness.timeout = 300s (custom)
2021-12-05 13:32:23,332 [Listener at 127.0.0.1/40645] INFO  server.RaftServerConfigKeys (ConfUtils.java:logGet(44)) - raft.server.leaderelection.leader.step-down.wait-time = 10s (default)
2021-12-05 13:32:23,333 [Listener at 127.0.0.1/40645] INFO  server.RaftServerConfigKeys (ConfUtils.java:logGet(44)) - raft.server.storage.dir = [/home/runner/work/ozone/ozone/hadoop-ozone/integration-test/target/test-dir/MiniOzoneClusterImpl-d3c014ad-d181-4610-b0a5-9ad7c33a3941/datanode-2/data/ratis] (custom)
2021-12-05 13:32:23,334 [Listener at 127.0.0.1/40645] INFO  server.XceiverServerGrpc (XceiverServerGrpc.java:<init>(132)) - GrpcServer channel type EpollServerSocketChannel
2021-12-05 13:32:23,336 [Listener at 127.0.0.1/40645] INFO  http.BaseHttpServer (BaseHttpServer.java:newHttpServer2BuilderForOzone(209)) - Starting Web-server for hddsDatanode at: http://0.0.0.0:0
2021-12-05 13:32:23,336 [Listener at 127.0.0.1/40645] INFO  http.BaseHttpServer (BaseHttpServer.java:<init>(107)) - Hadoop Security Enabled: false Ozone Security Enabled: false Ozone HTTP Security Enabled: false 
2021-12-05 13:32:23,337 [Listener at 127.0.0.1/40645] INFO  server.AuthenticationFilter (AuthenticationFilter.java:constructSecretProvider(240)) - Unable to initialize FileSignerSecretProvider, falling back to use random secrets.
2021-12-05 13:32:23,344 [Listener at 127.0.0.1/40645] WARN  http.HttpRequestLog (HttpRequestLog.java:getRequestLog(103)) - Jetty request log can only be enabled using Log4j
2021-12-05 13:32:23,345 [Listener at 127.0.0.1/40645] INFO  http.HttpServer2 (HttpServer2.java:addGlobalFilter(1030)) - Added global filter 'safety' (class=org.apache.hadoop.hdds.server.http.HttpServer2$QuotingInputFilter)
2021-12-05 13:32:23,345 [Listener at 127.0.0.1/40645] INFO  http.HttpServer2 (HttpServer2.java:addFilter(1006)) - Added filter static_user_filter (class=org.apache.hadoop.http.lib.StaticUserWebFilter$StaticUserFilter) to context hddsDatanode
2021-12-05 13:32:23,345 [Listener at 127.0.0.1/40645] INFO  http.HttpServer2 (HttpServer2.java:addFilter(1014)) - Added filter static_user_filter (class=org.apache.hadoop.http.lib.StaticUserWebFilter$StaticUserFilter) to context logs
2021-12-05 13:32:23,345 [Listener at 127.0.0.1/40645] INFO  http.HttpServer2 (HttpServer2.java:addFilter(1014)) - Added filter static_user_filter (class=org.apache.hadoop.http.lib.StaticUserWebFilter$StaticUserFilter) to context static
2021-12-05 13:32:23,346 [Listener at 127.0.0.1/40645] INFO  http.HttpServer2 (HttpServer2.java:bindListener(1249)) - Jetty bound to port 39351
2021-12-05 13:32:23,346 [Listener at 127.0.0.1/40645] INFO  server.Server (Server.java:doStart(375)) - jetty-9.4.43.v20210629; built: 2021-06-30T11:07:22.254Z; git: 526006ecfa3af7f1a27ef3a288e2bef7ea9dd7e8; jvm 1.8.0_292-b10
2021-12-05 13:32:23,353 [Listener at 127.0.0.1/40645] INFO  server.session (DefaultSessionIdManager.java:doStart(334)) - DefaultSessionIdManager workerName=node0
2021-12-05 13:32:23,353 [Listener at 127.0.0.1/40645] INFO  server.session (DefaultSessionIdManager.java:doStart(339)) - No SessionScavenger set, using defaults
2021-12-05 13:32:23,354 [Listener at 127.0.0.1/40645] INFO  server.session (HouseKeeper.java:startScavenging(132)) - node0 Scavenging every 600000ms
2021-12-05 13:32:23,356 [Listener at 127.0.0.1/40645] INFO  handler.ContextHandler (ContextHandler.java:doStart(915)) - Started o.e.j.s.ServletContextHandler@5036158{logs,/logs,file:///home/runner/work/ozone/ozone/hadoop-ozone/integration-test/target/log,AVAILABLE}
2021-12-05 13:32:23,356 [Listener at 127.0.0.1/40645] INFO  handler.ContextHandler (ContextHandler.java:doStart(915)) - Started o.e.j.s.ServletContextHandler@3ee659da{static,/static,jar:file:/home/runner/.m2/repository/org/apache/ozone/hdds-container-service/1.3.0-SNAPSHOT/hdds-container-service-1.3.0-SNAPSHOT.jar!/webapps/static,AVAILABLE}
2021-12-05 13:32:23,434 [Listener at 127.0.0.1/40645] INFO  handler.ContextHandler (ContextHandler.java:doStart(915)) - Started o.e.j.w.WebAppContext@5ebf2121{hddsDatanode,/,file:///tmp/jetty-0_0_0_0-39351-hdds-container-service-1_3_0-SNAPSHOT_jar-_-any-4717334010520277831/webapp/,AVAILABLE}{jar:file:/home/runner/.m2/repository/org/apache/ozone/hdds-container-service/1.3.0-SNAPSHOT/hdds-container-service-1.3.0-SNAPSHOT.jar!/webapps/hddsDatanode}
2021-12-05 13:32:23,453 [Listener at 127.0.0.1/40645] INFO  server.AbstractConnector (AbstractConnector.java:doStart(331)) - Started ServerConnector@6cb71851{HTTP/1.1, (http/1.1)}{0.0.0.0:39351}
2021-12-05 13:32:23,456 [Listener at 127.0.0.1/40645] INFO  server.Server (Server.java:doStart(415)) - Started @199489ms
2021-12-05 13:32:23,456 [Listener at 127.0.0.1/40645] WARN  impl.MetricsSystemImpl (MetricsSystemImpl.java:register(279)) - Sink prometheus already exists!
2021-12-05 13:32:23,457 [Listener at 127.0.0.1/40645] INFO  http.BaseHttpServer (BaseHttpServer.java:updateConnectorAddress(329)) - HTTP server of hddsDatanode listening at http://0.0.0.0:39351
2021-12-05 13:32:23,457 [Listener at 127.0.0.1/40645] INFO  ozone.MiniOzoneClusterImpl (MiniOzoneClusterImpl.java:lambda$waitForClusterToBeReady$0(235)) - Waiting for nodes to be ready. Got 0 of 3 DN Heartbeats.
2021-12-05 13:32:23,457 [Listener at 127.0.0.1/40645] INFO  ozone.MiniOzoneClusterImpl (MiniOzoneClusterImpl.java:lambda$waitForClusterToBeReady$0(238)) - Waiting for cluster to exit safe mode
2021-12-05 13:32:23,457 [Listener at 127.0.0.1/40645] INFO  ozone.MiniOzoneClusterImpl (MiniOzoneClusterImpl.java:lambda$waitForClusterToBeReady$0(240)) - SCM became leader
2021-12-05 13:32:23,458 [Datanode State Machine Daemon Thread] INFO  statemachine.DatanodeStateMachine (DatanodeStateMachine.java:lambda$startDaemon$0(467)) - Ozone container server started.
2021-12-05 13:32:23,490 [org.apache.hadoop.util.JvmPauseMonitor$Monitor@69d89e1] INFO  util.JvmPauseMonitor (JvmPauseMonitor.java:run(188)) - Starting JVM pause monitor
2021-12-05 13:32:23,499 [Datanode State Machine Task Thread - 0] INFO  datanode.InitDatanodeState (InitDatanodeState.java:persistContainerDatanodeDetails(145)) - DatanodeDetails is persisted to /home/runner/work/ozone/ozone/hadoop-ozone/integration-test/target/test-dir/MiniOzoneClusterImpl-d3c014ad-d181-4610-b0a5-9ad7c33a3941/datanode-2/meta/datanode.id
2021-12-05 13:32:24,458 [Listener at 127.0.0.1/40645] INFO  ozone.MiniOzoneClusterImpl (MiniOzoneClusterImpl.java:lambda$waitForClusterToBeReady$0(235)) - Waiting for nodes to be ready. Got 0 of 3 DN Heartbeats.
2021-12-05 13:32:24,458 [Listener at 127.0.0.1/40645] INFO  ozone.MiniOzoneClusterImpl (MiniOzoneClusterImpl.java:lambda$waitForClusterToBeReady$0(238)) - Waiting for cluster to exit safe mode
2021-12-05 13:32:24,458 [Listener at 127.0.0.1/40645] INFO  ozone.MiniOzoneClusterImpl (MiniOzoneClusterImpl.java:lambda$waitForClusterToBeReady$0(240)) - SCM became leader
2021-12-05 13:32:24,861 [EndpointStateMachine task thread for /0.0.0.0:42709 - 0 ] INFO  ozoneimpl.OzoneContainer (OzoneContainer.java:start(304)) - Attempting to start container services.
2021-12-05 13:32:24,861 [EndpointStateMachine task thread for /0.0.0.0:42709 - 0 ] INFO  ozoneimpl.OzoneContainer (OzoneContainer.java:startContainerScrub(249)) - Background container scanner has been disabled.
2021-12-05 13:32:24,861 [EndpointStateMachine task thread for /0.0.0.0:42709 - 0 ] INFO  replication.ReplicationServer (ReplicationServer.java:start(107)) - ReplicationServer is started using port 39213
2021-12-05 13:32:24,874 [EndpointStateMachine task thread for /0.0.0.0:42709 - 0 ] INFO  ratis.XceiverServerRatis (XceiverServerRatis.java:start(484)) - Starting XceiverServerRatis 6b0d9cdd-7078-4b14-a53d-7b743cf9f2d3
2021-12-05 13:32:24,882 [EndpointStateMachine task thread for /0.0.0.0:42709 - 0 ] INFO  server.RaftServer (RaftServerProxy.java:lambda$start$5(374)) - 6b0d9cdd-7078-4b14-a53d-7b743cf9f2d3: start RPC server
2021-12-05 13:32:24,882 [EndpointStateMachine task thread for /0.0.0.0:42709 - 0 ] INFO  server.GrpcService (GrpcService.java:startImpl(253)) - 6b0d9cdd-7078-4b14-a53d-7b743cf9f2d3: GrpcService started, listening on 37287
2021-12-05 13:32:24,883 [EndpointStateMachine task thread for /0.0.0.0:42709 - 0 ] INFO  ratis.XceiverServerRatis (XceiverServerRatis.java:getRealPort(505)) - XceiverServerRatis 6b0d9cdd-7078-4b14-a53d-7b743cf9f2d3 is started using port 37287 for RATIS
2021-12-05 13:32:24,883 [EndpointStateMachine task thread for /0.0.0.0:42709 - 0 ] INFO  ratis.XceiverServerRatis (XceiverServerRatis.java:getRealPort(505)) - XceiverServerRatis 6b0d9cdd-7078-4b14-a53d-7b743cf9f2d3 is started using port 37287 for RATIS_ADMIN
2021-12-05 13:32:24,883 [EndpointStateMachine task thread for /0.0.0.0:42709 - 0 ] INFO  ratis.XceiverServerRatis (XceiverServerRatis.java:getRealPort(505)) - XceiverServerRatis 6b0d9cdd-7078-4b14-a53d-7b743cf9f2d3 is started using port 37287 for RATIS_SERVER
2021-12-05 13:32:24,883 [org.apache.ratis.util.JvmPauseMonitor$$Lambda$525/1513368495@4aa65fab] INFO  util.JvmPauseMonitor (JvmPauseMonitor.java:run(103)) - JvmPauseMonitor-6b0d9cdd-7078-4b14-a53d-7b743cf9f2d3: Started
2021-12-05 13:32:24,884 [EndpointStateMachine task thread for /0.0.0.0:42709 - 0 ] INFO  server.XceiverServerGrpc (XceiverServerGrpc.java:start(180)) - XceiverServerGrpc 6b0d9cdd-7078-4b14-a53d-7b743cf9f2d3 is started using port 36881
2021-12-05 13:32:25,125 [EndpointStateMachine task thread for /0.0.0.0:42709 - 0 ] INFO  ozoneimpl.OzoneContainer (OzoneContainer.java:start(304)) - Attempting to start container services.
2021-12-05 13:32:25,126 [EndpointStateMachine task thread for /0.0.0.0:42709 - 0 ] INFO  ozoneimpl.OzoneContainer (OzoneContainer.java:startContainerScrub(249)) - Background container scanner has been disabled.
2021-12-05 13:32:25,134 [EndpointStateMachine task thread for /0.0.0.0:42709 - 0 ] INFO  replication.ReplicationServer (ReplicationServer.java:start(107)) - ReplicationServer is started using port 43725
2021-12-05 13:32:25,136 [EndpointStateMachine task thread for /0.0.0.0:42709 - 0 ] INFO  ratis.XceiverServerRatis (XceiverServerRatis.java:start(484)) - Starting XceiverServerRatis 6824ef76-7bc5-4594-ad24-265b087b6a03
2021-12-05 13:32:25,151 [EndpointStateMachine task thread for /0.0.0.0:42709 - 0 ] INFO  server.RaftServer (RaftServerProxy.java:lambda$start$5(374)) - 6824ef76-7bc5-4594-ad24-265b087b6a03: start RPC server
2021-12-05 13:32:25,153 [EndpointStateMachine task thread for /0.0.0.0:42709 - 0 ] INFO  server.GrpcService (GrpcService.java:startImpl(253)) - 6824ef76-7bc5-4594-ad24-265b087b6a03: GrpcService started, listening on 42703
2021-12-05 13:32:25,153 [EndpointStateMachine task thread for /0.0.0.0:42709 - 0 ] INFO  ratis.XceiverServerRatis (XceiverServerRatis.java:getRealPort(505)) - XceiverServerRatis 6824ef76-7bc5-4594-ad24-265b087b6a03 is started using port 42703 for RATIS
2021-12-05 13:32:25,154 [EndpointStateMachine task thread for /0.0.0.0:42709 - 0 ] INFO  ratis.XceiverServerRatis (XceiverServerRatis.java:getRealPort(505)) - XceiverServerRatis 6824ef76-7bc5-4594-ad24-265b087b6a03 is started using port 42703 for RATIS_ADMIN
2021-12-05 13:32:25,154 [EndpointStateMachine task thread for /0.0.0.0:42709 - 0 ] INFO  ratis.XceiverServerRatis (XceiverServerRatis.java:getRealPort(505)) - XceiverServerRatis 6824ef76-7bc5-4594-ad24-265b087b6a03 is started using port 42703 for RATIS_SERVER
2021-12-05 13:32:25,157 [org.apache.ratis.util.JvmPauseMonitor$$Lambda$525/1513368495@32f070e1] INFO  util.JvmPauseMonitor (JvmPauseMonitor.java:run(103)) - JvmPauseMonitor-6824ef76-7bc5-4594-ad24-265b087b6a03: Started
2021-12-05 13:32:25,159 [EndpointStateMachine task thread for /0.0.0.0:42709 - 0 ] INFO  server.XceiverServerGrpc (XceiverServerGrpc.java:start(180)) - XceiverServerGrpc 6824ef76-7bc5-4594-ad24-265b087b6a03 is started using port 45875
2021-12-05 13:32:25,458 [Listener at 127.0.0.1/40645] INFO  ozone.MiniOzoneClusterImpl (MiniOzoneClusterImpl.java:lambda$waitForClusterToBeReady$0(235)) - Waiting for nodes to be ready. Got 0 of 3 DN Heartbeats.
2021-12-05 13:32:25,459 [Listener at 127.0.0.1/40645] INFO  ozone.MiniOzoneClusterImpl (MiniOzoneClusterImpl.java:lambda$waitForClusterToBeReady$0(238)) - Waiting for cluster to exit safe mode
2021-12-05 13:32:25,459 [Listener at 127.0.0.1/40645] INFO  ozone.MiniOzoneClusterImpl (MiniOzoneClusterImpl.java:lambda$waitForClusterToBeReady$0(240)) - SCM became leader
2021-12-05 13:32:25,494 [EndpointStateMachine task thread for /0.0.0.0:42709 - 0 ] INFO  ozoneimpl.OzoneContainer (OzoneContainer.java:start(304)) - Attempting to start container services.
2021-12-05 13:32:25,494 [EndpointStateMachine task thread for /0.0.0.0:42709 - 0 ] INFO  ozoneimpl.OzoneContainer (OzoneContainer.java:startContainerScrub(249)) - Background container scanner has been disabled.
2021-12-05 13:32:25,494 [EndpointStateMachine task thread for /0.0.0.0:42709 - 0 ] INFO  replication.ReplicationServer (ReplicationServer.java:start(107)) - ReplicationServer is started using port 38643
2021-12-05 13:32:25,496 [EndpointStateMachine task thread for /0.0.0.0:42709 - 0 ] INFO  ratis.XceiverServerRatis (XceiverServerRatis.java:start(484)) - Starting XceiverServerRatis a6fc2e02-ba25-4172-96f1-26bb4d53af53
2021-12-05 13:32:25,506 [EndpointStateMachine task thread for /0.0.0.0:42709 - 0 ] INFO  server.RaftServer (RaftServerProxy.java:lambda$start$5(374)) - a6fc2e02-ba25-4172-96f1-26bb4d53af53: start RPC server
2021-12-05 13:32:25,506 [EndpointStateMachine task thread for /0.0.0.0:42709 - 0 ] INFO  server.GrpcService (GrpcService.java:startImpl(253)) - a6fc2e02-ba25-4172-96f1-26bb4d53af53: GrpcService started, listening on 46833
2021-12-05 13:32:25,511 [EndpointStateMachine task thread for /0.0.0.0:42709 - 0 ] INFO  ratis.XceiverServerRatis (XceiverServerRatis.java:getRealPort(505)) - XceiverServerRatis a6fc2e02-ba25-4172-96f1-26bb4d53af53 is started using port 46833 for RATIS
2021-12-05 13:32:25,511 [EndpointStateMachine task thread for /0.0.0.0:42709 - 0 ] INFO  ratis.XceiverServerRatis (XceiverServerRatis.java:getRealPort(505)) - XceiverServerRatis a6fc2e02-ba25-4172-96f1-26bb4d53af53 is started using port 46833 for RATIS_ADMIN
2021-12-05 13:32:25,511 [EndpointStateMachine task thread for /0.0.0.0:42709 - 0 ] INFO  ratis.XceiverServerRatis (XceiverServerRatis.java:getRealPort(505)) - XceiverServerRatis a6fc2e02-ba25-4172-96f1-26bb4d53af53 is started using port 46833 for RATIS_SERVER
2021-12-05 13:32:25,511 [org.apache.ratis.util.JvmPauseMonitor$$Lambda$525/1513368495@7a4af6cc] INFO  util.JvmPauseMonitor (JvmPauseMonitor.java:run(103)) - JvmPauseMonitor-a6fc2e02-ba25-4172-96f1-26bb4d53af53: Started
2021-12-05 13:32:25,516 [EndpointStateMachine task thread for /0.0.0.0:42709 - 0 ] INFO  server.XceiverServerGrpc (XceiverServerGrpc.java:start(180)) - XceiverServerGrpc a6fc2e02-ba25-4172-96f1-26bb4d53af53 is started using port 44837
2021-12-05 13:32:26,459 [Listener at 127.0.0.1/40645] INFO  ozone.MiniOzoneClusterImpl (MiniOzoneClusterImpl.java:lambda$waitForClusterToBeReady$0(235)) - Waiting for nodes to be ready. Got 0 of 3 DN Heartbeats.
2021-12-05 13:32:26,459 [Listener at 127.0.0.1/40645] INFO  ozone.MiniOzoneClusterImpl (MiniOzoneClusterImpl.java:lambda$waitForClusterToBeReady$0(238)) - Waiting for cluster to exit safe mode
2021-12-05 13:32:26,459 [Listener at 127.0.0.1/40645] INFO  ozone.MiniOzoneClusterImpl (MiniOzoneClusterImpl.java:lambda$waitForClusterToBeReady$0(240)) - SCM became leader
2021-12-05 13:32:26,827 [IPC Server handler 1 on default port 42709] INFO  net.NetworkTopologyImpl (NetworkTopologyImpl.java:add(112)) - Added a new node: /default-rack/6b0d9cdd-7078-4b14-a53d-7b743cf9f2d3
2021-12-05 13:32:26,827 [IPC Server handler 1 on default port 42709] INFO  node.SCMNodeManager (SCMNodeManager.java:register(389)) - Registered Data node : 6b0d9cdd-7078-4b14-a53d-7b743cf9f2d3{ip: 10.1.0.33, host: fv-az148-969.bm4ck3pvxvsene1rjriu5fhcdb.bx.internal.cloudapp.net, ports: [REPLICATION=39213, RATIS=37287, RATIS_ADMIN=37287, RATIS_SERVER=37287, STANDALONE=36881], networkLocation: /default-rack, certSerialId: null, persistedOpState: null, persistedOpStateExpiryEpochSec: 0}
2021-12-05 13:32:26,831 [EventQueue-NodeRegistrationContainerReportForDataNodeSafeModeRule] INFO  safemode.SCMSafeModeManager (DataNodeSafeModeRule.java:process(71)) - SCM in safe mode. 1 DataNodes registered, 3 required.
2021-12-05 13:32:26,831 [EventQueue-NodeRegistrationContainerReportForContainerSafeModeRule] INFO  safemode.SCMSafeModeManager (SCMSafeModeManager.java:validateSafeModeExitRules(204)) - ContainerSafeModeRule rule is successfully validated
2021-12-05 13:32:26,838 [EventQueue-NewNodeForNewNodeHandler] INFO  pipeline.BackgroundPipelineCreator (BackgroundPipelineCreator.java:notifyEventTriggered(285)) - trigger a one-shot run on RatisPipelineUtilsThread.
2021-12-05 13:32:26,839 [RatisPipelineUtilsThread - 0] INFO  pipeline.RatisPipelineProvider (RatisPipelineProvider.java:lambda$create$0(183)) - Sending CreatePipelineCommand for pipeline:PipelineID=4a11995e-82ca-4465-ba5f-2c69c9b35812 to datanode:6b0d9cdd-7078-4b14-a53d-7b743cf9f2d3
2021-12-05 13:32:26,839 [EventQueue-PipelineReportForOneReplicaPipelineSafeModeRule] INFO  safemode.SCMSafeModeManager (SCMSafeModeManager.java:validateSafeModeExitRules(204)) - AtleastOneDatanodeReportedRule rule is successfully validated
2021-12-05 13:32:26,842 [RatisPipelineUtilsThread - 0] INFO  pipeline.PipelineStateManagerImpl (PipelineStateManagerImpl.java:addPipeline(101)) - Created pipeline Pipeline[ Id: 4a11995e-82ca-4465-ba5f-2c69c9b35812, Nodes: 6b0d9cdd-7078-4b14-a53d-7b743cf9f2d3{ip: 10.1.0.33, host: fv-az148-969.bm4ck3pvxvsene1rjriu5fhcdb.bx.internal.cloudapp.net, ports: [REPLICATION=39213, RATIS=37287, RATIS_ADMIN=37287, RATIS_SERVER=37287, STANDALONE=36881], networkLocation: /default-rack, certSerialId: null, persistedOpState: IN_SERVICE, persistedOpStateExpiryEpochSec: 0}, ReplicationConfig: RATIS/ONE, State:ALLOCATED, leaderId:, CreationTimestamp2021-12-05T13:32:26.839Z[Etc/UTC]].
2021-12-05 13:32:27,106 [IPC Server handler 2 on default port 42709] INFO  net.NetworkTopologyImpl (NetworkTopologyImpl.java:add(112)) - Added a new node: /default-rack/6824ef76-7bc5-4594-ad24-265b087b6a03
2021-12-05 13:32:27,106 [IPC Server handler 2 on default port 42709] INFO  node.SCMNodeManager (SCMNodeManager.java:register(389)) - Registered Data node : 6824ef76-7bc5-4594-ad24-265b087b6a03{ip: 10.1.0.33, host: fv-az148-969.bm4ck3pvxvsene1rjriu5fhcdb.bx.internal.cloudapp.net, ports: [REPLICATION=43725, RATIS=42703, RATIS_ADMIN=42703, RATIS_SERVER=42703, STANDALONE=45875], networkLocation: /default-rack, certSerialId: null, persistedOpState: null, persistedOpStateExpiryEpochSec: 0}
2021-12-05 13:32:27,106 [EventQueue-NewNodeForNewNodeHandler] INFO  pipeline.BackgroundPipelineCreator (BackgroundPipelineCreator.java:notifyEventTriggered(285)) - trigger a one-shot run on RatisPipelineUtilsThread.
2021-12-05 13:32:27,114 [RatisPipelineUtilsThread - 0] INFO  pipeline.RatisPipelineProvider (RatisPipelineProvider.java:lambda$create$0(183)) - Sending CreatePipelineCommand for pipeline:PipelineID=ccf59920-3b34-4a01-be09-dd1a59ea3815 to datanode:6824ef76-7bc5-4594-ad24-265b087b6a03
2021-12-05 13:32:27,115 [RatisPipelineUtilsThread - 0] INFO  pipeline.PipelineStateManagerImpl (PipelineStateManagerImpl.java:addPipeline(101)) - Created pipeline Pipeline[ Id: ccf59920-3b34-4a01-be09-dd1a59ea3815, Nodes: 6824ef76-7bc5-4594-ad24-265b087b6a03{ip: 10.1.0.33, host: fv-az148-969.bm4ck3pvxvsene1rjriu5fhcdb.bx.internal.cloudapp.net, ports: [REPLICATION=43725, RATIS=42703, RATIS_ADMIN=42703, RATIS_SERVER=42703, STANDALONE=45875], networkLocation: /default-rack, certSerialId: null, persistedOpState: IN_SERVICE, persistedOpStateExpiryEpochSec: 0}, ReplicationConfig: RATIS/ONE, State:ALLOCATED, leaderId:, CreationTimestamp2021-12-05T13:32:27.114Z[Etc/UTC]].
2021-12-05 13:32:27,128 [EventQueue-NodeRegistrationContainerReportForDataNodeSafeModeRule] INFO  safemode.SCMSafeModeManager (DataNodeSafeModeRule.java:process(71)) - SCM in safe mode. 2 DataNodes registered, 3 required.
2021-12-05 13:32:27,460 [Listener at 127.0.0.1/40645] INFO  ozone.MiniOzoneClusterImpl (MiniOzoneClusterImpl.java:lambda$waitForClusterToBeReady$0(235)) - Waiting for nodes to be ready. Got 2 of 3 DN Heartbeats.
2021-12-05 13:32:27,461 [Listener at 127.0.0.1/40645] INFO  ozone.MiniOzoneClusterImpl (MiniOzoneClusterImpl.java:lambda$waitForClusterToBeReady$0(238)) - Waiting for cluster to exit safe mode
2021-12-05 13:32:27,461 [Listener at 127.0.0.1/40645] INFO  ozone.MiniOzoneClusterImpl (MiniOzoneClusterImpl.java:lambda$waitForClusterToBeReady$0(240)) - SCM became leader
2021-12-05 13:32:27,493 [IPC Server handler 1 on default port 42709] INFO  net.NetworkTopologyImpl (NetworkTopologyImpl.java:add(112)) - Added a new node: /default-rack/a6fc2e02-ba25-4172-96f1-26bb4d53af53
2021-12-05 13:32:27,493 [IPC Server handler 1 on default port 42709] INFO  node.SCMNodeManager (SCMNodeManager.java:register(389)) - Registered Data node : a6fc2e02-ba25-4172-96f1-26bb4d53af53{ip: 10.1.0.33, host: fv-az148-969.bm4ck3pvxvsene1rjriu5fhcdb.bx.internal.cloudapp.net, ports: [REPLICATION=38643, RATIS=46833, RATIS_ADMIN=46833, RATIS_SERVER=46833, STANDALONE=44837], networkLocation: /default-rack, certSerialId: null, persistedOpState: null, persistedOpStateExpiryEpochSec: 0}
2021-12-05 13:32:27,494 [EventQueue-NewNodeForNewNodeHandler] INFO  pipeline.BackgroundPipelineCreator (BackgroundPipelineCreator.java:notifyEventTriggered(285)) - trigger a one-shot run on RatisPipelineUtilsThread.
2021-12-05 13:32:27,503 [EventQueue-NodeRegistrationContainerReportForDataNodeSafeModeRule] INFO  safemode.SCMSafeModeManager (DataNodeSafeModeRule.java:process(71)) - SCM in safe mode. 3 DataNodes registered, 3 required.
2021-12-05 13:32:27,503 [EventQueue-NodeRegistrationContainerReportForDataNodeSafeModeRule] INFO  safemode.SCMSafeModeManager (SCMSafeModeManager.java:validateSafeModeExitRules(204)) - DataNodeSafeModeRule rule is successfully validated
2021-12-05 13:32:27,503 [EventQueue-NodeRegistrationContainerReportForDataNodeSafeModeRule] INFO  safemode.SCMSafeModeManager (SCMSafeModeManager.java:completePreCheck(233)) - All SCM safe mode pre check rules have passed
2021-12-05 13:32:27,503 [EventQueue-NodeRegistrationContainerReportForDataNodeSafeModeRule] WARN  events.EventQueue (EventQueue.java:fireEvent(194)) - No event handler registered for event TypedEvent{payloadType=SafeModeStatus, name='Safe mode status'}
2021-12-05 13:32:27,503 [EventQueue-NodeRegistrationContainerReportForDataNodeSafeModeRule] INFO  ha.SCMContext (SCMContext.java:updateSafeModeStatus(205)) - Update SafeModeStatus from SafeModeStatus{safeModeStatus=true, preCheckPassed=false} to SafeModeStatus{safeModeStatus=true, preCheckPassed=true}.
2021-12-05 13:32:27,503 [EventQueue-NodeRegistrationContainerReportForDataNodeSafeModeRule] INFO  pipeline.BackgroundPipelineCreator (BackgroundPipelineCreator.java:notifyEventTriggered(285)) - trigger a one-shot run on RatisPipelineUtilsThread.
2021-12-05 13:32:27,504 [RatisPipelineUtilsThread - 0] INFO  pipeline.RatisPipelineProvider (RatisPipelineProvider.java:lambda$create$0(183)) - Sending CreatePipelineCommand for pipeline:PipelineID=dc454bc0-25c3-471b-a58f-379ab751df15 to datanode:a6fc2e02-ba25-4172-96f1-26bb4d53af53
2021-12-05 13:32:27,504 [RatisPipelineUtilsThread - 0] INFO  pipeline.PipelineStateManagerImpl (PipelineStateManagerImpl.java:addPipeline(101)) - Created pipeline Pipeline[ Id: dc454bc0-25c3-471b-a58f-379ab751df15, Nodes: a6fc2e02-ba25-4172-96f1-26bb4d53af53{ip: 10.1.0.33, host: fv-az148-969.bm4ck3pvxvsene1rjriu5fhcdb.bx.internal.cloudapp.net, ports: [REPLICATION=38643, RATIS=46833, RATIS_ADMIN=46833, RATIS_SERVER=46833, STANDALONE=44837], networkLocation: /default-rack, certSerialId: null, persistedOpState: IN_SERVICE, persistedOpStateExpiryEpochSec: 0}, ReplicationConfig: RATIS/ONE, State:ALLOCATED, leaderId:, CreationTimestamp2021-12-05T13:32:27.504Z[Etc/UTC]].
2021-12-05 13:32:27,504 [RatisPipelineUtilsThread - 0] INFO  pipeline.RatisPipelineProvider (RatisPipelineProvider.java:lambda$create$0(183)) - Sending CreatePipelineCommand for pipeline:PipelineID=2d06f9a3-c9c3-4ad1-99a0-2343a9fbb539 to datanode:6824ef76-7bc5-4594-ad24-265b087b6a03
2021-12-05 13:32:27,505 [RatisPipelineUtilsThread - 0] INFO  pipeline.RatisPipelineProvider (RatisPipelineProvider.java:lambda$create$0(183)) - Sending CreatePipelineCommand for pipeline:PipelineID=2d06f9a3-c9c3-4ad1-99a0-2343a9fbb539 to datanode:6b0d9cdd-7078-4b14-a53d-7b743cf9f2d3
2021-12-05 13:32:27,505 [RatisPipelineUtilsThread - 0] INFO  pipeline.RatisPipelineProvider (RatisPipelineProvider.java:lambda$create$0(183)) - Sending CreatePipelineCommand for pipeline:PipelineID=2d06f9a3-c9c3-4ad1-99a0-2343a9fbb539 to datanode:a6fc2e02-ba25-4172-96f1-26bb4d53af53
2021-12-05 13:32:27,505 [RatisPipelineUtilsThread - 0] INFO  pipeline.PipelineStateManagerImpl (PipelineStateManagerImpl.java:addPipeline(101)) - Created pipeline Pipeline[ Id: 2d06f9a3-c9c3-4ad1-99a0-2343a9fbb539, Nodes: 6824ef76-7bc5-4594-ad24-265b087b6a03{ip: 10.1.0.33, host: fv-az148-969.bm4ck3pvxvsene1rjriu5fhcdb.bx.internal.cloudapp.net, ports: [REPLICATION=43725, RATIS=42703, RATIS_ADMIN=42703, RATIS_SERVER=42703, STANDALONE=45875], networkLocation: /default-rack, certSerialId: null, persistedOpState: IN_SERVICE, persistedOpStateExpiryEpochSec: 0}6b0d9cdd-7078-4b14-a53d-7b743cf9f2d3{ip: 10.1.0.33, host: fv-az148-969.bm4ck3pvxvsene1rjriu5fhcdb.bx.internal.cloudapp.net, ports: [REPLICATION=39213, RATIS=37287, RATIS_ADMIN=37287, RATIS_SERVER=37287, STANDALONE=36881], networkLocation: /default-rack, certSerialId: null, persistedOpState: IN_SERVICE, persistedOpStateExpiryEpochSec: 0}a6fc2e02-ba25-4172-96f1-26bb4d53af53{ip: 10.1.0.33, host: fv-az148-969.bm4ck3pvxvsene1rjriu5fhcdb.bx.internal.cloudapp.net, ports: [REPLICATION=38643, RATIS=46833, RATIS_ADMIN=46833, RATIS_SERVER=46833, STANDALONE=44837], networkLocation: /default-rack, certSerialId: null, persistedOpState: IN_SERVICE, persistedOpStateExpiryEpochSec: 0}, ReplicationConfig: RATIS/THREE, State:ALLOCATED, leaderId:, CreationTimestamp2021-12-05T13:32:27.504Z[Etc/UTC]].
2021-12-05 13:32:27,505 [RatisPipelineUtilsThread - 0] INFO  pipeline.RatisPipelineProvider (RatisPipelineProvider.java:lambda$create$0(183)) - Sending CreatePipelineCommand for pipeline:PipelineID=66e08e63-33ff-4bd3-8886-5a02d46fdbbd to datanode:6824ef76-7bc5-4594-ad24-265b087b6a03
2021-12-05 13:32:27,505 [RatisPipelineUtilsThread - 0] INFO  pipeline.RatisPipelineProvider (RatisPipelineProvider.java:lambda$create$0(183)) - Sending CreatePipelineCommand for pipeline:PipelineID=66e08e63-33ff-4bd3-8886-5a02d46fdbbd to datanode:6b0d9cdd-7078-4b14-a53d-7b743cf9f2d3
2021-12-05 13:32:27,505 [RatisPipelineUtilsThread - 0] INFO  pipeline.RatisPipelineProvider (RatisPipelineProvider.java:lambda$create$0(183)) - Sending CreatePipelineCommand for pipeline:PipelineID=66e08e63-33ff-4bd3-8886-5a02d46fdbbd to datanode:a6fc2e02-ba25-4172-96f1-26bb4d53af53
2021-12-05 13:32:27,506 [RatisPipelineUtilsThread - 0] INFO  pipeline.PipelineStateManagerImpl (PipelineStateManagerImpl.java:addPipeline(101)) - Created pipeline Pipeline[ Id: 66e08e63-33ff-4bd3-8886-5a02d46fdbbd, Nodes: 6824ef76-7bc5-4594-ad24-265b087b6a03{ip: 10.1.0.33, host: fv-az148-969.bm4ck3pvxvsene1rjriu5fhcdb.bx.internal.cloudapp.net, ports: [REPLICATION=43725, RATIS=42703, RATIS_ADMIN=42703, RATIS_SERVER=42703, STANDALONE=45875], networkLocation: /default-rack, certSerialId: null, persistedOpState: IN_SERVICE, persistedOpStateExpiryEpochSec: 0}6b0d9cdd-7078-4b14-a53d-7b743cf9f2d3{ip: 10.1.0.33, host: fv-az148-969.bm4ck3pvxvsene1rjriu5fhcdb.bx.internal.cloudapp.net, ports: [REPLICATION=39213, RATIS=37287, RATIS_ADMIN=37287, RATIS_SERVER=37287, STANDALONE=36881], networkLocation: /default-rack, certSerialId: null, persistedOpState: IN_SERVICE, persistedOpStateExpiryEpochSec: 0}a6fc2e02-ba25-4172-96f1-26bb4d53af53{ip: 10.1.0.33, host: fv-az148-969.bm4ck3pvxvsene1rjriu5fhcdb.bx.internal.cloudapp.net, ports: [REPLICATION=38643, RATIS=46833, RATIS_ADMIN=46833, RATIS_SERVER=46833, STANDALONE=44837], networkLocation: /default-rack, certSerialId: null, persistedOpState: IN_SERVICE, persistedOpStateExpiryEpochSec: 0}, ReplicationConfig: RATIS/THREE, State:ALLOCATED, leaderId:, CreationTimestamp2021-12-05T13:32:27.505Z[Etc/UTC]].
2021-12-05 13:32:27,506 [RatisPipelineUtilsThread - 0] INFO  pipeline.PipelineManagerImpl (PipelineManagerImpl.java:recordMetricsForPipeline(620)) - Pipeline: PipelineID=66e08e63-33ff-4bd3-8886-5a02d46fdbbd contains same datanodes as previous pipelines: PipelineID=2d06f9a3-c9c3-4ad1-99a0-2343a9fbb539 nodeIds: 6824ef76-7bc5-4594-ad24-265b087b6a03, 6b0d9cdd-7078-4b14-a53d-7b743cf9f2d3, a6fc2e02-ba25-4172-96f1-26bb4d53af53
2021-12-05 13:32:28,486 [Listener at 127.0.0.1/40645] INFO  ozone.MiniOzoneClusterImpl (MiniOzoneClusterImpl.java:lambda$waitForClusterToBeReady$0(235)) - Nodes are ready. Got 3 of 3 DN Heartbeats.
2021-12-05 13:32:28,487 [Listener at 127.0.0.1/40645] INFO  ozone.MiniOzoneClusterImpl (MiniOzoneClusterImpl.java:lambda$waitForClusterToBeReady$0(238)) - Waiting for cluster to exit safe mode
2021-12-05 13:32:28,487 [Listener at 127.0.0.1/40645] INFO  ozone.MiniOzoneClusterImpl (MiniOzoneClusterImpl.java:lambda$waitForClusterToBeReady$0(240)) - SCM became leader
2021-12-05 13:32:29,487 [Listener at 127.0.0.1/40645] INFO  ozone.MiniOzoneClusterImpl (MiniOzoneClusterImpl.java:lambda$waitForClusterToBeReady$0(235)) - Nodes are ready. Got 3 of 3 DN Heartbeats.
2021-12-05 13:32:29,487 [Listener at 127.0.0.1/40645] INFO  ozone.MiniOzoneClusterImpl (MiniOzoneClusterImpl.java:lambda$waitForClusterToBeReady$0(238)) - Waiting for cluster to exit safe mode
2021-12-05 13:32:29,488 [Listener at 127.0.0.1/40645] INFO  ozone.MiniOzoneClusterImpl (MiniOzoneClusterImpl.java:lambda$waitForClusterToBeReady$0(240)) - SCM became leader
2021-12-05 13:32:29,827 [Command processor thread] INFO  server.RaftServer (RaftServerProxy.java:addNew(95)) - 6b0d9cdd-7078-4b14-a53d-7b743cf9f2d3: addNew group-2C69C9B35812:[6b0d9cdd-7078-4b14-a53d-7b743cf9f2d3|rpc:10.1.0.33:37287|priority:1] returns group-2C69C9B35812:java.util.concurrent.CompletableFuture@4dcd367b[Not completed]
2021-12-05 13:32:29,833 [pool-485-thread-1] INFO  server.RaftServer$Division (RaftServerImpl.java:<init>(184)) - 6b0d9cdd-7078-4b14-a53d-7b743cf9f2d3: new RaftServerImpl for group-2C69C9B35812:[6b0d9cdd-7078-4b14-a53d-7b743cf9f2d3|rpc:10.1.0.33:37287|priority:1] with ContainerStateMachine:uninitialized
2021-12-05 13:32:29,833 [pool-485-thread-1] INFO  server.RaftServerConfigKeys (ConfUtils.java:logGet(44)) - raft.server.rpc.timeout.min = 5s (custom)
2021-12-05 13:32:29,833 [pool-485-thread-1] INFO  server.RaftServerConfigKeys (ConfUtils.java:logGet(44)) - raft.server.rpc.timeout.max = 5200ms (custom)
2021-12-05 13:32:29,834 [pool-485-thread-1] INFO  server.RaftServerConfigKeys (ConfUtils.java:logGet(44)) - raft.server.rpc.sleep.time = 25ms (default)
2021-12-05 13:32:29,834 [pool-485-thread-1] INFO  server.RaftServerConfigKeys (ConfUtils.java:logGet(44)) - raft.server.rpc.slowness.timeout = 300s (custom)
2021-12-05 13:32:29,834 [pool-485-thread-1] INFO  server.RaftServerConfigKeys (ConfUtils.java:logGet(44)) - raft.server.leaderelection.leader.step-down.wait-time = 10s (default)
2021-12-05 13:32:29,834 [pool-485-thread-1] INFO  server.RaftServerConfigKeys (ConfUtils.java:logGet(44)) - raft.server.sleep.deviation.threshold = 300ms (default)
2021-12-05 13:32:29,834 [pool-485-thread-1] INFO  server.RaftServerConfigKeys (ConfUtils.java:logGet(44)) - raft.server.log.appender.install.snapshot.enabled = false (custom)
2021-12-05 13:32:29,834 [pool-485-thread-1] INFO  server.RaftServer$Division (ServerState.java:<init>(105)) - 6b0d9cdd-7078-4b14-a53d-7b743cf9f2d3@group-2C69C9B35812: ConfigurationManager, init=-1: [6b0d9cdd-7078-4b14-a53d-7b743cf9f2d3|rpc:10.1.0.33:37287|priority:1], old=null, confs=<EMPTY_MAP>
2021-12-05 13:32:29,834 [pool-485-thread-1] INFO  server.RaftServerConfigKeys (ConfUtils.java:logGet(44)) - raft.server.storage.dir = [/home/runner/work/ozone/ozone/hadoop-ozone/integration-test/target/test-dir/MiniOzoneClusterImpl-d3c014ad-d181-4610-b0a5-9ad7c33a3941/datanode-0/data/ratis] (custom)
2021-12-05 13:32:29,834 [pool-485-thread-1] INFO  server.RaftServerConfigKeys (ConfUtils.java:logGet(44)) - raft.server.log.corruption.policy = EXCEPTION (default)
2021-12-05 13:32:29,834 [pool-485-thread-1] INFO  server.RaftServerConfigKeys (ConfUtils.java:logGet(44)) - raft.server.storage.free-space.min = 0MB (=0) (default)
2021-12-05 13:32:29,835 [pool-485-thread-1] INFO  storage.RaftStorageDirectory (RaftStorageDirectoryImpl.java:analyzeStorage(135)) - The storage directory /home/runner/work/ozone/ozone/hadoop-ozone/integration-test/target/test-dir/MiniOzoneClusterImpl-d3c014ad-d181-4610-b0a5-9ad7c33a3941/datanode-0/data/ratis/4a11995e-82ca-4465-ba5f-2c69c9b35812 does not exist. Creating ...
2021-12-05 13:32:29,836 [pool-485-thread-1] INFO  storage.RaftStorageDirectory (RaftStorageDirectoryImpl.java:tryLock(230)) - Lock on /home/runner/work/ozone/ozone/hadoop-ozone/integration-test/target/test-dir/MiniOzoneClusterImpl-d3c014ad-d181-4610-b0a5-9ad7c33a3941/datanode-0/data/ratis/4a11995e-82ca-4465-ba5f-2c69c9b35812/in_use.lock acquired by nodename 9128@fv-az148-969
2021-12-05 13:32:29,846 [pool-485-thread-1] INFO  storage.RaftStorage (RaftStorageImpl.java:format(89)) - Storage directory /home/runner/work/ozone/ozone/hadoop-ozone/integration-test/target/test-dir/MiniOzoneClusterImpl-d3c014ad-d181-4610-b0a5-9ad7c33a3941/datanode-0/data/ratis/4a11995e-82ca-4465-ba5f-2c69c9b35812 has been successfully formatted.
2021-12-05 13:32:29,857 [pool-485-thread-1] INFO  ratis.ContainerStateMachine (ContainerStateMachine.java:loadSnapshot(224)) - group-2C69C9B35812: The snapshot info is null. Setting the last applied indexto:(t:0, i:~)
2021-12-05 13:32:29,857 [pool-485-thread-1] INFO  server.RaftServerConfigKeys (ConfUtils.java:logGet(44)) - raft.server.notification.no-leader.timeout = 300s (custom)
2021-12-05 13:32:29,857 [EventQueue-PipelineReportForPipelineReportHandler] INFO  pipeline.PipelineManagerImpl (PipelineManagerImpl.java:openPipeline(289)) - Pipeline Pipeline[ Id: 4a11995e-82ca-4465-ba5f-2c69c9b35812, Nodes: 6b0d9cdd-7078-4b14-a53d-7b743cf9f2d3{ip: 10.1.0.33, host: fv-az148-969.bm4ck3pvxvsene1rjriu5fhcdb.bx.internal.cloudapp.net, ports: [REPLICATION=39213, RATIS=37287, RATIS_ADMIN=37287, RATIS_SERVER=37287, STANDALONE=36881], networkLocation: /default-rack, certSerialId: null, persistedOpState: IN_SERVICE, persistedOpStateExpiryEpochSec: 0}, ReplicationConfig: RATIS/ONE, State:ALLOCATED, leaderId:6b0d9cdd-7078-4b14-a53d-7b743cf9f2d3, CreationTimestamp2021-12-05T13:32:26.839Z[Etc/UTC]] moved to OPEN state
2021-12-05 13:32:29,866 [pool-485-thread-1] INFO  server.RaftServerConfigKeys (ConfUtils.java:logGet(44)) - raft.server.log.use.memory = false (default)
2021-12-05 13:32:29,866 [pool-485-thread-1] INFO  server.RaftServerConfigKeys (ConfUtils.java:logGet(44)) - raft.server.log.purge.gap = 1000000 (custom)
2021-12-05 13:32:29,866 [pool-485-thread-1] INFO  server.RaftServerConfigKeys (ConfUtils.java:logGet(44)) - raft.server.log.appender.buffer.byte-limit = 33554432 (custom)
2021-12-05 13:32:29,882 [pool-485-thread-1] INFO  server.RaftServerConfigKeys (ConfUtils.java:logGet(44)) - raft.server.log.segment.size.max = 1048576 (custom)
2021-12-05 13:32:29,883 [pool-485-thread-1] INFO  server.RaftServerConfigKeys (ConfUtils.java:logGet(44)) - raft.server.log.segment.cache.num.max = 2 (custom)
2021-12-05 13:32:29,883 [pool-485-thread-1] INFO  server.RaftServerConfigKeys (ConfUtils.java:logGet(44)) - raft.server.log.segment.cache.size.max = 200MB (=209715200) (default)
2021-12-05 13:32:29,883 [pool-485-thread-1] INFO  segmented.SegmentedRaftLogWorker (SegmentedRaftLogWorker.java:<init>(182)) - new 6b0d9cdd-7078-4b14-a53d-7b743cf9f2d3@group-2C69C9B35812-SegmentedRaftLogWorker for RaftStorageImpl:Storage Directory /home/runner/work/ozone/ozone/hadoop-ozone/integration-test/target/test-dir/MiniOzoneClusterImpl-d3c014ad-d181-4610-b0a5-9ad7c33a3941/datanode-0/data/ratis/4a11995e-82ca-4465-ba5f-2c69c9b35812
2021-12-05 13:32:29,883 [pool-485-thread-1] INFO  server.RaftServerConfigKeys (ConfUtils.java:logGet(44)) - raft.server.log.queue.byte-limit = 2147483647 (custom)
2021-12-05 13:32:29,883 [pool-485-thread-1] INFO  server.RaftServerConfigKeys (ConfUtils.java:logGet(44)) - raft.server.log.queue.element-limit = 1024 (custom)
2021-12-05 13:32:29,883 [pool-485-thread-1] INFO  server.RaftServerConfigKeys (ConfUtils.java:logGet(44)) - raft.server.log.segment.size.max = 1048576 (custom)
2021-12-05 13:32:29,883 [pool-485-thread-1] INFO  server.RaftServerConfigKeys (ConfUtils.java:logGet(44)) - raft.server.log.preallocated.size = 16384 (custom)
2021-12-05 13:32:29,883 [pool-485-thread-1] INFO  server.RaftServerConfigKeys (ConfUtils.java:logGet(44)) - raft.server.log.force.sync.num = 128 (default)
2021-12-05 13:32:29,883 [pool-485-thread-1] INFO  server.RaftServerConfigKeys (ConfUtils.java:logGet(44)) - raft.server.log.statemachine.data.sync = true (default)
2021-12-05 13:32:29,883 [pool-485-thread-1] INFO  server.RaftServerConfigKeys (ConfUtils.java:logGet(44)) - raft.server.log.statemachine.data.sync.timeout = 10s (default)
2021-12-05 13:32:29,883 [pool-485-thread-1] INFO  server.RaftServerConfigKeys (ConfUtils.java:logGet(44)) - raft.server.log.statemachine.data.sync.timeout.retry = -1 (default)
2021-12-05 13:32:29,884 [pool-485-thread-1] INFO  server.RaftServerConfigKeys (ConfUtils.java:logGet(44)) - raft.server.log.write.buffer.size = 1048576 (custom)
2021-12-05 13:32:29,885 [pool-485-thread-1] INFO  server.RaftServerConfigKeys (ConfUtils.java:logGet(44)) - raft.server.log.statemachine.data.caching.enabled = true (custom)
2021-12-05 13:32:29,904 [EventQueue-OpenPipelineForHealthyPipelineSafeModeRule] INFO  safemode.SCMSafeModeManager (HealthyPipelineSafeModeRule.java:process(124)) - SCM in safe mode. Healthy pipelines reported count is 0, required healthy pipeline reported count is 1
2021-12-05 13:32:29,911 [pool-485-thread-1] INFO  segmented.SegmentedRaftLogWorker (SegmentedRaftLogWorker.java:lambda$new$0(133)) - 6b0d9cdd-7078-4b14-a53d-7b743cf9f2d3@group-2C69C9B35812-SegmentedRaftLogWorker: flushIndex: setUnconditionally 0 -> -1
2021-12-05 13:32:29,919 [pool-485-thread-1] INFO  segmented.SegmentedRaftLogWorker (SegmentedRaftLogWorker.java:lambda$new$0(133)) - 6b0d9cdd-7078-4b14-a53d-7b743cf9f2d3@group-2C69C9B35812-SegmentedRaftLogWorker: safeCacheEvictIndex: setUnconditionally 0 -> -1
2021-12-05 13:32:29,932 [pool-485-thread-1] INFO  server.RaftServerConfigKeys (ConfUtils.java:logGet(44)) - raft.server.snapshot.auto.trigger.enabled = true (custom)
2021-12-05 13:32:29,932 [pool-485-thread-1] INFO  server.RaftServerConfigKeys (ConfUtils.java:logGet(44)) - raft.server.snapshot.auto.trigger.threshold = 10000 (custom)
2021-12-05 13:32:29,933 [pool-485-thread-1] INFO  server.RaftServerConfigKeys (ConfUtils.java:logGet(44)) - raft.server.snapshot.retention.file.num = 5 (custom)
2021-12-05 13:32:29,933 [pool-485-thread-1] INFO  server.RaftServerConfigKeys (ConfUtils.java:logGet(44)) - raft.server.log.purge.upto.snapshot.index = false (default)
2021-12-05 13:32:29,933 [pool-485-thread-1] INFO  server.RaftServerConfigKeys (ConfUtils.java:logGet(44)) - raft.server.retrycache.expirytime = 600000ms (custom)
2021-12-05 13:32:29,933 [pool-485-thread-1] INFO  server.RaftServerConfigKeys (ConfUtils.java:logGet(44)) - raft.server.retrycache.statistics.expirytime = 100μs (default)
2021-12-05 13:32:29,935 [pool-485-thread-1] INFO  server.RaftServer$Division (RaftServerImpl.java:start(301)) - 6b0d9cdd-7078-4b14-a53d-7b743cf9f2d3@group-2C69C9B35812: start as a follower, conf=-1: [6b0d9cdd-7078-4b14-a53d-7b743cf9f2d3|rpc:10.1.0.33:37287|priority:1], old=null
2021-12-05 13:32:29,935 [pool-485-thread-1] INFO  server.RaftServer$Division (RaftServerImpl.java:setRole(290)) - 6b0d9cdd-7078-4b14-a53d-7b743cf9f2d3@group-2C69C9B35812: changes role from      null to FOLLOWER at term 0 for startAsFollower
2021-12-05 13:32:29,935 [pool-485-thread-1] INFO  impl.RoleInfo (RoleInfo.java:updateAndGet(130)) - 6b0d9cdd-7078-4b14-a53d-7b743cf9f2d3: start 6b0d9cdd-7078-4b14-a53d-7b743cf9f2d3@group-2C69C9B35812-FollowerState
2021-12-05 13:32:29,935 [pool-485-thread-1] INFO  util.JmxRegister (JmxRegister.java:tryRegister(44)) - Successfully registered JMX Bean with object name Ratis:service=RaftServer,group=group-2C69C9B35812,id=6b0d9cdd-7078-4b14-a53d-7b743cf9f2d3
2021-12-05 13:32:29,976 [Command processor thread] INFO  ratis.XceiverServerRatis (XceiverServerRatis.java:addGroup(768)) - Created group PipelineID=4a11995e-82ca-4465-ba5f-2c69c9b35812
2021-12-05 13:32:29,976 [Command processor thread] INFO  commandhandler.CreatePipelineCommandHandler (CreatePipelineCommandHandler.java:handle(106)) - Created Pipeline RATIS ONE PipelineID=4a11995e-82ca-4465-ba5f-2c69c9b35812.
2021-12-05 13:32:29,976 [Command processor thread] INFO  server.RaftServer (RaftServerProxy.java:addNew(95)) - 6b0d9cdd-7078-4b14-a53d-7b743cf9f2d3: addNew group-2343A9FBB539:[6824ef76-7bc5-4594-ad24-265b087b6a03|rpc:10.1.0.33:42703|priority:0, 6b0d9cdd-7078-4b14-a53d-7b743cf9f2d3|rpc:10.1.0.33:37287|priority:0, a6fc2e02-ba25-4172-96f1-26bb4d53af53|rpc:10.1.0.33:46833|priority:1] returns group-2343A9FBB539:java.util.concurrent.CompletableFuture@49f2bb1a[Not completed]
2021-12-05 13:32:29,982 [pool-485-thread-1] INFO  server.RaftServer$Division (RaftServerImpl.java:<init>(184)) - 6b0d9cdd-7078-4b14-a53d-7b743cf9f2d3: new RaftServerImpl for group-2343A9FBB539:[6824ef76-7bc5-4594-ad24-265b087b6a03|rpc:10.1.0.33:42703|priority:0, 6b0d9cdd-7078-4b14-a53d-7b743cf9f2d3|rpc:10.1.0.33:37287|priority:0, a6fc2e02-ba25-4172-96f1-26bb4d53af53|rpc:10.1.0.33:46833|priority:1] with ContainerStateMachine:uninitialized
2021-12-05 13:32:29,982 [pool-485-thread-1] INFO  server.RaftServerConfigKeys (ConfUtils.java:logGet(44)) - raft.server.rpc.timeout.min = 5s (custom)
2021-12-05 13:32:29,983 [pool-485-thread-1] INFO  server.RaftServerConfigKeys (ConfUtils.java:logGet(44)) - raft.server.rpc.timeout.max = 5200ms (custom)
2021-12-05 13:32:29,983 [pool-485-thread-1] INFO  server.RaftServerConfigKeys (ConfUtils.java:logGet(44)) - raft.server.rpc.sleep.time = 25ms (default)
2021-12-05 13:32:29,983 [pool-485-thread-1] INFO  server.RaftServerConfigKeys (ConfUtils.java:logGet(44)) - raft.server.rpc.slowness.timeout = 300s (custom)
2021-12-05 13:32:29,983 [pool-485-thread-1] INFO  server.RaftServerConfigKeys (ConfUtils.java:logGet(44)) - raft.server.leaderelection.leader.step-down.wait-time = 10s (default)
2021-12-05 13:32:29,983 [pool-485-thread-1] INFO  server.RaftServerConfigKeys (ConfUtils.java:logGet(44)) - raft.server.sleep.deviation.threshold = 300ms (default)
2021-12-05 13:32:29,983 [pool-485-thread-1] INFO  server.RaftServerConfigKeys (ConfUtils.java:logGet(44)) - raft.server.log.appender.install.snapshot.enabled = false (custom)
2021-12-05 13:32:29,983 [pool-485-thread-1] INFO  server.RaftServer$Division (ServerState.java:<init>(105)) - 6b0d9cdd-7078-4b14-a53d-7b743cf9f2d3@group-2343A9FBB539: ConfigurationManager, init=-1: [6824ef76-7bc5-4594-ad24-265b087b6a03|rpc:10.1.0.33:42703|priority:0, 6b0d9cdd-7078-4b14-a53d-7b743cf9f2d3|rpc:10.1.0.33:37287|priority:0, a6fc2e02-ba25-4172-96f1-26bb4d53af53|rpc:10.1.0.33:46833|priority:1], old=null, confs=<EMPTY_MAP>
2021-12-05 13:32:29,983 [pool-485-thread-1] INFO  server.RaftServerConfigKeys (ConfUtils.java:logGet(44)) - raft.server.storage.dir = [/home/runner/work/ozone/ozone/hadoop-ozone/integration-test/target/test-dir/MiniOzoneClusterImpl-d3c014ad-d181-4610-b0a5-9ad7c33a3941/datanode-0/data/ratis] (custom)
2021-12-05 13:32:29,983 [pool-485-thread-1] INFO  server.RaftServerConfigKeys (ConfUtils.java:logGet(44)) - raft.server.log.corruption.policy = EXCEPTION (default)
2021-12-05 13:32:29,983 [pool-485-thread-1] INFO  server.RaftServerConfigKeys (ConfUtils.java:logGet(44)) - raft.server.storage.free-space.min = 0MB (=0) (default)
2021-12-05 13:32:29,983 [pool-485-thread-1] INFO  storage.RaftStorageDirectory (RaftStorageDirectoryImpl.java:analyzeStorage(135)) - The storage directory /home/runner/work/ozone/ozone/hadoop-ozone/integration-test/target/test-dir/MiniOzoneClusterImpl-d3c014ad-d181-4610-b0a5-9ad7c33a3941/datanode-0/data/ratis/2d06f9a3-c9c3-4ad1-99a0-2343a9fbb539 does not exist. Creating ...
2021-12-05 13:32:29,986 [pool-485-thread-1] INFO  storage.RaftStorageDirectory (RaftStorageDirectoryImpl.java:tryLock(230)) - Lock on /home/runner/work/ozone/ozone/hadoop-ozone/integration-test/target/test-dir/MiniOzoneClusterImpl-d3c014ad-d181-4610-b0a5-9ad7c33a3941/datanode-0/data/ratis/2d06f9a3-c9c3-4ad1-99a0-2343a9fbb539/in_use.lock acquired by nodename 9128@fv-az148-969
2021-12-05 13:32:29,988 [pool-485-thread-1] INFO  storage.RaftStorage (RaftStorageImpl.java:format(89)) - Storage directory /home/runner/work/ozone/ozone/hadoop-ozone/integration-test/target/test-dir/MiniOzoneClusterImpl-d3c014ad-d181-4610-b0a5-9ad7c33a3941/datanode-0/data/ratis/2d06f9a3-c9c3-4ad1-99a0-2343a9fbb539 has been successfully formatted.
2021-12-05 13:32:29,988 [pool-485-thread-1] INFO  ratis.ContainerStateMachine (ContainerStateMachine.java:loadSnapshot(224)) - group-2343A9FBB539: The snapshot info is null. Setting the last applied indexto:(t:0, i:~)
2021-12-05 13:32:29,989 [pool-485-thread-1] INFO  server.RaftServerConfigKeys (ConfUtils.java:logGet(44)) - raft.server.notification.no-leader.timeout = 300s (custom)
2021-12-05 13:32:29,989 [pool-485-thread-1] INFO  server.RaftServerConfigKeys (ConfUtils.java:logGet(44)) - raft.server.log.use.memory = false (default)
2021-12-05 13:32:29,989 [EventQueue-OpenPipelineForHealthyPipelineSafeModeRule] INFO  safemode.SCMSafeModeManager (HealthyPipelineSafeModeRule.java:process(124)) - SCM in safe mode. Healthy pipelines reported count is 0, required healthy pipeline reported count is 1
2021-12-05 13:32:29,990 [pool-485-thread-1] INFO  server.RaftServerConfigKeys (ConfUtils.java:logGet(44)) - raft.server.log.purge.gap = 1000000 (custom)
2021-12-05 13:32:29,990 [pool-485-thread-1] INFO  server.RaftServerConfigKeys (ConfUtils.java:logGet(44)) - raft.server.log.appender.buffer.byte-limit = 33554432 (custom)
2021-12-05 13:32:29,990 [pool-485-thread-1] INFO  server.RaftServerConfigKeys (ConfUtils.java:logGet(44)) - raft.server.log.segment.size.max = 1048576 (custom)
2021-12-05 13:32:29,991 [pool-485-thread-1] INFO  server.RaftServerConfigKeys (ConfUtils.java:logGet(44)) - raft.server.log.segment.cache.num.max = 2 (custom)
2021-12-05 13:32:29,991 [pool-485-thread-1] INFO  server.RaftServerConfigKeys (ConfUtils.java:logGet(44)) - raft.server.log.segment.cache.size.max = 200MB (=209715200) (default)
2021-12-05 13:32:29,991 [pool-485-thread-1] INFO  segmented.SegmentedRaftLogWorker (SegmentedRaftLogWorker.java:<init>(182)) - new 6b0d9cdd-7078-4b14-a53d-7b743cf9f2d3@group-2343A9FBB539-SegmentedRaftLogWorker for RaftStorageImpl:Storage Directory /home/runner/work/ozone/ozone/hadoop-ozone/integration-test/target/test-dir/MiniOzoneClusterImpl-d3c014ad-d181-4610-b0a5-9ad7c33a3941/datanode-0/data/ratis/2d06f9a3-c9c3-4ad1-99a0-2343a9fbb539
2021-12-05 13:32:29,991 [pool-485-thread-1] INFO  server.RaftServerConfigKeys (ConfUtils.java:logGet(44)) - raft.server.log.queue.byte-limit = 2147483647 (custom)
2021-12-05 13:32:29,991 [pool-485-thread-1] INFO  server.RaftServerConfigKeys (ConfUtils.java:logGet(44)) - raft.server.log.queue.element-limit = 1024 (custom)
2021-12-05 13:32:29,991 [pool-485-thread-1] INFO  server.RaftServerConfigKeys (ConfUtils.java:logGet(44)) - raft.server.log.segment.size.max = 1048576 (custom)
2021-12-05 13:32:29,991 [pool-485-thread-1] INFO  server.RaftServerConfigKeys (ConfUtils.java:logGet(44)) - raft.server.log.preallocated.size = 16384 (custom)
2021-12-05 13:32:29,991 [pool-485-thread-1] INFO  server.RaftServerConfigKeys (ConfUtils.java:logGet(44)) - raft.server.log.force.sync.num = 128 (default)
2021-12-05 13:32:29,991 [pool-485-thread-1] INFO  server.RaftServerConfigKeys (ConfUtils.java:logGet(44)) - raft.server.log.statemachine.data.sync = true (default)
2021-12-05 13:32:29,991 [pool-485-thread-1] INFO  server.RaftServerConfigKeys (ConfUtils.java:logGet(44)) - raft.server.log.statemachine.data.sync.timeout = 10s (default)
2021-12-05 13:32:29,991 [pool-485-thread-1] INFO  server.RaftServerConfigKeys (ConfUtils.java:logGet(44)) - raft.server.log.statemachine.data.sync.timeout.retry = -1 (default)
2021-12-05 13:32:29,992 [pool-485-thread-1] INFO  server.RaftServerConfigKeys (ConfUtils.java:logGet(44)) - raft.server.log.write.buffer.size = 1048576 (custom)
2021-12-05 13:32:29,998 [pool-485-thread-1] INFO  server.RaftServerConfigKeys (ConfUtils.java:logGet(44)) - raft.server.log.statemachine.data.caching.enabled = true (custom)
2021-12-05 13:32:29,999 [pool-485-thread-1] INFO  segmented.SegmentedRaftLogWorker (SegmentedRaftLogWorker.java:lambda$new$0(133)) - 6b0d9cdd-7078-4b14-a53d-7b743cf9f2d3@group-2343A9FBB539-SegmentedRaftLogWorker: flushIndex: setUnconditionally 0 -> -1
2021-12-05 13:32:30,000 [pool-485-thread-1] INFO  segmented.SegmentedRaftLogWorker (SegmentedRaftLogWorker.java:lambda$new$0(133)) - 6b0d9cdd-7078-4b14-a53d-7b743cf9f2d3@group-2343A9FBB539-SegmentedRaftLogWorker: safeCacheEvictIndex: setUnconditionally 0 -> -1
2021-12-05 13:32:30,011 [pool-485-thread-1] INFO  server.RaftServerConfigKeys (ConfUtils.java:logGet(44)) - raft.server.snapshot.auto.trigger.enabled = true (custom)
2021-12-05 13:32:30,011 [pool-485-thread-1] INFO  server.RaftServerConfigKeys (ConfUtils.java:logGet(44)) - raft.server.snapshot.auto.trigger.threshold = 10000 (custom)
2021-12-05 13:32:30,011 [pool-485-thread-1] INFO  server.RaftServerConfigKeys (ConfUtils.java:logGet(44)) - raft.server.snapshot.retention.file.num = 5 (custom)
2021-12-05 13:32:30,011 [pool-485-thread-1] INFO  server.RaftServerConfigKeys (ConfUtils.java:logGet(44)) - raft.server.log.purge.upto.snapshot.index = false (default)
2021-12-05 13:32:30,011 [pool-485-thread-1] INFO  server.RaftServerConfigKeys (ConfUtils.java:logGet(44)) - raft.server.retrycache.expirytime = 600000ms (custom)
2021-12-05 13:32:30,011 [pool-485-thread-1] INFO  server.RaftServerConfigKeys (ConfUtils.java:logGet(44)) - raft.server.retrycache.statistics.expirytime = 100μs (default)
2021-12-05 13:32:30,013 [pool-485-thread-1] INFO  server.RaftServer$Division (RaftServerImpl.java:start(301)) - 6b0d9cdd-7078-4b14-a53d-7b743cf9f2d3@group-2343A9FBB539: start as a follower, conf=-1: [6824ef76-7bc5-4594-ad24-265b087b6a03|rpc:10.1.0.33:42703|priority:0, 6b0d9cdd-7078-4b14-a53d-7b743cf9f2d3|rpc:10.1.0.33:37287|priority:0, a6fc2e02-ba25-4172-96f1-26bb4d53af53|rpc:10.1.0.33:46833|priority:1], old=null
2021-12-05 13:32:30,013 [pool-485-thread-1] INFO  server.RaftServer$Division (RaftServerImpl.java:setRole(290)) - 6b0d9cdd-7078-4b14-a53d-7b743cf9f2d3@group-2343A9FBB539: changes role from      null to FOLLOWER at term 0 for startAsFollower
2021-12-05 13:32:30,013 [pool-485-thread-1] INFO  impl.RoleInfo (RoleInfo.java:updateAndGet(130)) - 6b0d9cdd-7078-4b14-a53d-7b743cf9f2d3: start 6b0d9cdd-7078-4b14-a53d-7b743cf9f2d3@group-2343A9FBB539-FollowerState
2021-12-05 13:32:30,030 [pool-485-thread-1] INFO  util.JmxRegister (JmxRegister.java:tryRegister(44)) - Successfully registered JMX Bean with object name Ratis:service=RaftServer,group=group-2343A9FBB539,id=6b0d9cdd-7078-4b14-a53d-7b743cf9f2d3
2021-12-05 13:32:30,031 [Command processor thread] INFO  ratis.XceiverServerRatis (XceiverServerRatis.java:addGroup(768)) - Created group PipelineID=2d06f9a3-c9c3-4ad1-99a0-2343a9fbb539
2021-12-05 13:32:30,092 [grpc-default-executor-0] INFO  server.RaftServer (RaftServerProxy.java:addNew(95)) - 6824ef76-7bc5-4594-ad24-265b087b6a03: addNew group-2343A9FBB539:[6824ef76-7bc5-4594-ad24-265b087b6a03|rpc:10.1.0.33:42703|dataStream:|priority:0, 6b0d9cdd-7078-4b14-a53d-7b743cf9f2d3|rpc:10.1.0.33:37287|dataStream:|priority:0, a6fc2e02-ba25-4172-96f1-26bb4d53af53|rpc:10.1.0.33:46833|dataStream:|priority:1] returns group-2343A9FBB539:java.util.concurrent.CompletableFuture@ddc7888[Not completed]
2021-12-05 13:32:30,096 [pool-506-thread-1] INFO  server.RaftServer$Division (RaftServerImpl.java:<init>(184)) - 6824ef76-7bc5-4594-ad24-265b087b6a03: new RaftServerImpl for group-2343A9FBB539:[6824ef76-7bc5-4594-ad24-265b087b6a03|rpc:10.1.0.33:42703|dataStream:|priority:0, 6b0d9cdd-7078-4b14-a53d-7b743cf9f2d3|rpc:10.1.0.33:37287|dataStream:|priority:0, a6fc2e02-ba25-4172-96f1-26bb4d53af53|rpc:10.1.0.33:46833|dataStream:|priority:1] with ContainerStateMachine:uninitialized
2021-12-05 13:32:30,096 [pool-506-thread-1] INFO  server.RaftServerConfigKeys (ConfUtils.java:logGet(44)) - raft.server.rpc.timeout.min = 5s (custom)
2021-12-05 13:32:30,096 [pool-506-thread-1] INFO  server.RaftServerConfigKeys (ConfUtils.java:logGet(44)) - raft.server.rpc.timeout.max = 5200ms (custom)
2021-12-05 13:32:30,096 [pool-506-thread-1] INFO  server.RaftServerConfigKeys (ConfUtils.java:logGet(44)) - raft.server.rpc.sleep.time = 25ms (default)
2021-12-05 13:32:30,096 [pool-506-thread-1] INFO  server.RaftServerConfigKeys (ConfUtils.java:logGet(44)) - raft.server.rpc.slowness.timeout = 300s (custom)
2021-12-05 13:32:30,097 [pool-506-thread-1] INFO  server.RaftServerConfigKeys (ConfUtils.java:logGet(44)) - raft.server.leaderelection.leader.step-down.wait-time = 10s (default)
2021-12-05 13:32:30,097 [pool-506-thread-1] INFO  server.RaftServerConfigKeys (ConfUtils.java:logGet(44)) - raft.server.sleep.deviation.threshold = 300ms (default)
2021-12-05 13:32:30,097 [pool-506-thread-1] INFO  server.RaftServerConfigKeys (ConfUtils.java:logGet(44)) - raft.server.log.appender.install.snapshot.enabled = false (custom)
2021-12-05 13:32:30,097 [pool-506-thread-1] INFO  server.RaftServer$Division (ServerState.java:<init>(105)) - 6824ef76-7bc5-4594-ad24-265b087b6a03@group-2343A9FBB539: ConfigurationManager, init=-1: [6824ef76-7bc5-4594-ad24-265b087b6a03|rpc:10.1.0.33:42703|dataStream:|priority:0, 6b0d9cdd-7078-4b14-a53d-7b743cf9f2d3|rpc:10.1.0.33:37287|dataStream:|priority:0, a6fc2e02-ba25-4172-96f1-26bb4d53af53|rpc:10.1.0.33:46833|dataStream:|priority:1], old=null, confs=<EMPTY_MAP>
2021-12-05 13:32:30,097 [pool-506-thread-1] INFO  server.RaftServerConfigKeys (ConfUtils.java:logGet(44)) - raft.server.storage.dir = [/home/runner/work/ozone/ozone/hadoop-ozone/integration-test/target/test-dir/MiniOzoneClusterImpl-d3c014ad-d181-4610-b0a5-9ad7c33a3941/datanode-1/data/ratis] (custom)
2021-12-05 13:32:30,097 [pool-506-thread-1] INFO  server.RaftServerConfigKeys (ConfUtils.java:logGet(44)) - raft.server.log.corruption.policy = EXCEPTION (default)
2021-12-05 13:32:30,097 [pool-506-thread-1] INFO  server.RaftServerConfigKeys (ConfUtils.java:logGet(44)) - raft.server.storage.free-space.min = 0MB (=0) (default)
2021-12-05 13:32:30,097 [pool-506-thread-1] INFO  storage.RaftStorageDirectory (RaftStorageDirectoryImpl.java:analyzeStorage(135)) - The storage directory /home/runner/work/ozone/ozone/hadoop-ozone/integration-test/target/test-dir/MiniOzoneClusterImpl-d3c014ad-d181-4610-b0a5-9ad7c33a3941/datanode-1/data/ratis/2d06f9a3-c9c3-4ad1-99a0-2343a9fbb539 does not exist. Creating ...
2021-12-05 13:32:30,104 [Command processor thread] INFO  server.RaftServer (RaftServerProxy.java:addNew(95)) - 6824ef76-7bc5-4594-ad24-265b087b6a03: addNew group-DD1A59EA3815:[6824ef76-7bc5-4594-ad24-265b087b6a03|rpc:10.1.0.33:42703|priority:1] returns group-DD1A59EA3815:java.util.concurrent.CompletableFuture@42e2f6[Not completed]
2021-12-05 13:32:30,110 [pool-506-thread-1] INFO  storage.RaftStorageDirectory (RaftStorageDirectoryImpl.java:tryLock(230)) - Lock on /home/runner/work/ozone/ozone/hadoop-ozone/integration-test/target/test-dir/MiniOzoneClusterImpl-d3c014ad-d181-4610-b0a5-9ad7c33a3941/datanode-1/data/ratis/2d06f9a3-c9c3-4ad1-99a0-2343a9fbb539/in_use.lock acquired by nodename 9128@fv-az148-969
2021-12-05 13:32:30,112 [pool-506-thread-1] INFO  storage.RaftStorage (RaftStorageImpl.java:format(89)) - Storage directory /home/runner/work/ozone/ozone/hadoop-ozone/integration-test/target/test-dir/MiniOzoneClusterImpl-d3c014ad-d181-4610-b0a5-9ad7c33a3941/datanode-1/data/ratis/2d06f9a3-c9c3-4ad1-99a0-2343a9fbb539 has been successfully formatted.
2021-12-05 13:32:30,134 [pool-506-thread-1] INFO  ratis.ContainerStateMachine (ContainerStateMachine.java:loadSnapshot(224)) - group-2343A9FBB539: The snapshot info is null. Setting the last applied indexto:(t:0, i:~)
2021-12-05 13:32:30,135 [EventQueue-PipelineReportForPipelineReportHandler] INFO  pipeline.PipelineManagerImpl (PipelineManagerImpl.java:openPipeline(289)) - Pipeline Pipeline[ Id: ccf59920-3b34-4a01-be09-dd1a59ea3815, Nodes: 6824ef76-7bc5-4594-ad24-265b087b6a03{ip: 10.1.0.33, host: fv-az148-969.bm4ck3pvxvsene1rjriu5fhcdb.bx.internal.cloudapp.net, ports: [REPLICATION=43725, RATIS=42703, RATIS_ADMIN=42703, RATIS_SERVER=42703, STANDALONE=45875], networkLocation: /default-rack, certSerialId: null, persistedOpState: IN_SERVICE, persistedOpStateExpiryEpochSec: 0}, ReplicationConfig: RATIS/ONE, State:ALLOCATED, leaderId:6824ef76-7bc5-4594-ad24-265b087b6a03, CreationTimestamp2021-12-05T13:32:27.114Z[Etc/UTC]] moved to OPEN state
2021-12-05 13:32:30,135 [pool-506-thread-1] INFO  server.RaftServerConfigKeys (ConfUtils.java:logGet(44)) - raft.server.notification.no-leader.timeout = 300s (custom)
2021-12-05 13:32:30,135 [pool-506-thread-1] INFO  server.RaftServerConfigKeys (ConfUtils.java:logGet(44)) - raft.server.log.use.memory = false (default)
2021-12-05 13:32:30,135 [pool-506-thread-1] INFO  server.RaftServerConfigKeys (ConfUtils.java:logGet(44)) - raft.server.log.purge.gap = 1000000 (custom)
2021-12-05 13:32:30,135 [pool-506-thread-1] INFO  server.RaftServerConfigKeys (ConfUtils.java:logGet(44)) - raft.server.log.appender.buffer.byte-limit = 33554432 (custom)
2021-12-05 13:32:30,135 [pool-506-thread-1] INFO  server.RaftServerConfigKeys (ConfUtils.java:logGet(44)) - raft.server.log.segment.size.max = 1048576 (custom)
2021-12-05 13:32:30,135 [EventQueue-OpenPipelineForHealthyPipelineSafeModeRule] INFO  safemode.SCMSafeModeManager (HealthyPipelineSafeModeRule.java:process(124)) - SCM in safe mode. Healthy pipelines reported count is 0, required healthy pipeline reported count is 1
2021-12-05 13:32:30,145 [pool-506-thread-1] INFO  server.RaftServerConfigKeys (ConfUtils.java:logGet(44)) - raft.server.log.segment.cache.num.max = 2 (custom)
2021-12-05 13:32:30,145 [pool-506-thread-1] INFO  server.RaftServerConfigKeys (ConfUtils.java:logGet(44)) - raft.server.log.segment.cache.size.max = 200MB (=209715200) (default)
2021-12-05 13:32:30,145 [pool-506-thread-1] INFO  segmented.SegmentedRaftLogWorker (SegmentedRaftLogWorker.java:<init>(182)) - new 6824ef76-7bc5-4594-ad24-265b087b6a03@group-2343A9FBB539-SegmentedRaftLogWorker for RaftStorageImpl:Storage Directory /home/runner/work/ozone/ozone/hadoop-ozone/integration-test/target/test-dir/MiniOzoneClusterImpl-d3c014ad-d181-4610-b0a5-9ad7c33a3941/datanode-1/data/ratis/2d06f9a3-c9c3-4ad1-99a0-2343a9fbb539
2021-12-05 13:32:30,145 [pool-506-thread-1] INFO  server.RaftServerConfigKeys (ConfUtils.java:logGet(44)) - raft.server.log.queue.byte-limit = 2147483647 (custom)
2021-12-05 13:32:30,145 [pool-506-thread-1] INFO  server.RaftServerConfigKeys (ConfUtils.java:logGet(44)) - raft.server.log.queue.element-limit = 1024 (custom)
2021-12-05 13:32:30,145 [pool-506-thread-1] INFO  server.RaftServerConfigKeys (ConfUtils.java:logGet(44)) - raft.server.log.segment.size.max = 1048576 (custom)
2021-12-05 13:32:30,145 [pool-506-thread-1] INFO  server.RaftServerConfigKeys (ConfUtils.java:logGet(44)) - raft.server.log.preallocated.size = 16384 (custom)
2021-12-05 13:32:30,145 [pool-506-thread-1] INFO  server.RaftServerConfigKeys (ConfUtils.java:logGet(44)) - raft.server.log.force.sync.num = 128 (default)
2021-12-05 13:32:30,145 [pool-506-thread-1] INFO  server.RaftServerConfigKeys (ConfUtils.java:logGet(44)) - raft.server.log.statemachine.data.sync = true (default)
2021-12-05 13:32:30,145 [pool-506-thread-1] INFO  server.RaftServerConfigKeys (ConfUtils.java:logGet(44)) - raft.server.log.statemachine.data.sync.timeout = 10s (default)
2021-12-05 13:32:30,145 [pool-506-thread-1] INFO  server.RaftServerConfigKeys (ConfUtils.java:logGet(44)) - raft.server.log.statemachine.data.sync.timeout.retry = -1 (default)
2021-12-05 13:32:30,146 [pool-506-thread-1] INFO  server.RaftServerConfigKeys (ConfUtils.java:logGet(44)) - raft.server.log.write.buffer.size = 1048576 (custom)
2021-12-05 13:32:30,147 [pool-506-thread-1] INFO  server.RaftServerConfigKeys (ConfUtils.java:logGet(44)) - raft.server.log.statemachine.data.caching.enabled = true (custom)
2021-12-05 13:32:30,147 [pool-506-thread-1] INFO  segmented.SegmentedRaftLogWorker (SegmentedRaftLogWorker.java:lambda$new$0(133)) - 6824ef76-7bc5-4594-ad24-265b087b6a03@group-2343A9FBB539-SegmentedRaftLogWorker: flushIndex: setUnconditionally 0 -> -1
2021-12-05 13:32:30,147 [pool-506-thread-1] INFO  segmented.SegmentedRaftLogWorker (SegmentedRaftLogWorker.java:lambda$new$0(133)) - 6824ef76-7bc5-4594-ad24-265b087b6a03@group-2343A9FBB539-SegmentedRaftLogWorker: safeCacheEvictIndex: setUnconditionally 0 -> -1
2021-12-05 13:32:30,153 [pool-506-thread-1] INFO  server.RaftServerConfigKeys (ConfUtils.java:logGet(44)) - raft.server.snapshot.auto.trigger.enabled = true (custom)
2021-12-05 13:32:30,153 [pool-506-thread-1] INFO  server.RaftServerConfigKeys (ConfUtils.java:logGet(44)) - raft.server.snapshot.auto.trigger.threshold = 10000 (custom)
2021-12-05 13:32:30,153 [pool-506-thread-1] INFO  server.RaftServerConfigKeys (ConfUtils.java:logGet(44)) - raft.server.snapshot.retention.file.num = 5 (custom)
2021-12-05 13:32:30,153 [pool-506-thread-1] INFO  server.RaftServerConfigKeys (ConfUtils.java:logGet(44)) - raft.server.log.purge.upto.snapshot.index = false (default)
2021-12-05 13:32:30,153 [pool-506-thread-1] INFO  server.RaftServerConfigKeys (ConfUtils.java:logGet(44)) - raft.server.retrycache.expirytime = 600000ms (custom)
2021-12-05 13:32:30,153 [pool-506-thread-1] INFO  server.RaftServerConfigKeys (ConfUtils.java:logGet(44)) - raft.server.retrycache.statistics.expirytime = 100μs (default)
2021-12-05 13:32:30,155 [pool-506-thread-1] INFO  server.RaftServer$Division (RaftServerImpl.java:<init>(184)) - 6824ef76-7bc5-4594-ad24-265b087b6a03: new RaftServerImpl for group-DD1A59EA3815:[6824ef76-7bc5-4594-ad24-265b087b6a03|rpc:10.1.0.33:42703|priority:1] with ContainerStateMachine:uninitialized
2021-12-05 13:32:30,158 [pool-506-thread-1] INFO  server.RaftServerConfigKeys (ConfUtils.java:logGet(44)) - raft.server.rpc.timeout.min = 5s (custom)
2021-12-05 13:32:30,159 [pool-506-thread-1] INFO  server.RaftServerConfigKeys (ConfUtils.java:logGet(44)) - raft.server.rpc.timeout.max = 5200ms (custom)
2021-12-05 13:32:30,159 [pool-506-thread-1] INFO  server.RaftServerConfigKeys (ConfUtils.java:logGet(44)) - raft.server.rpc.sleep.time = 25ms (default)
2021-12-05 13:32:30,159 [pool-506-thread-1] INFO  server.RaftServerConfigKeys (ConfUtils.java:logGet(44)) - raft.server.rpc.slowness.timeout = 300s (custom)
2021-12-05 13:32:30,159 [pool-506-thread-1] INFO  server.RaftServerConfigKeys (ConfUtils.java:logGet(44)) - raft.server.leaderelection.leader.step-down.wait-time = 10s (default)
2021-12-05 13:32:30,159 [pool-506-thread-1] INFO  server.RaftServerConfigKeys (ConfUtils.java:logGet(44)) - raft.server.sleep.deviation.threshold = 300ms (default)
2021-12-05 13:32:30,159 [pool-506-thread-1] INFO  server.RaftServerConfigKeys (ConfUtils.java:logGet(44)) - raft.server.log.appender.install.snapshot.enabled = false (custom)
2021-12-05 13:32:30,159 [pool-506-thread-1] INFO  server.RaftServer$Division (ServerState.java:<init>(105)) - 6824ef76-7bc5-4594-ad24-265b087b6a03@group-DD1A59EA3815: ConfigurationManager, init=-1: [6824ef76-7bc5-4594-ad24-265b087b6a03|rpc:10.1.0.33:42703|priority:1], old=null, confs=<EMPTY_MAP>
2021-12-05 13:32:30,159 [pool-506-thread-1] INFO  server.RaftServerConfigKeys (ConfUtils.java:logGet(44)) - raft.server.storage.dir = [/home/runner/work/ozone/ozone/hadoop-ozone/integration-test/target/test-dir/MiniOzoneClusterImpl-d3c014ad-d181-4610-b0a5-9ad7c33a3941/datanode-1/data/ratis] (custom)
2021-12-05 13:32:30,159 [pool-506-thread-1] INFO  server.RaftServerConfigKeys (ConfUtils.java:logGet(44)) - raft.server.log.corruption.policy = EXCEPTION (default)
2021-12-05 13:32:30,160 [pool-506-thread-1] INFO  server.RaftServerConfigKeys (ConfUtils.java:logGet(44)) - raft.server.storage.free-space.min = 0MB (=0) (default)
2021-12-05 13:32:30,160 [pool-506-thread-1] INFO  storage.RaftStorageDirectory (RaftStorageDirectoryImpl.java:analyzeStorage(135)) - The storage directory /home/runner/work/ozone/ozone/hadoop-ozone/integration-test/target/test-dir/MiniOzoneClusterImpl-d3c014ad-d181-4610-b0a5-9ad7c33a3941/datanode-1/data/ratis/ccf59920-3b34-4a01-be09-dd1a59ea3815 does not exist. Creating ...
2021-12-05 13:32:30,162 [pool-506-thread-1] INFO  storage.RaftStorageDirectory (RaftStorageDirectoryImpl.java:tryLock(230)) - Lock on /home/runner/work/ozone/ozone/hadoop-ozone/integration-test/target/test-dir/MiniOzoneClusterImpl-d3c014ad-d181-4610-b0a5-9ad7c33a3941/datanode-1/data/ratis/ccf59920-3b34-4a01-be09-dd1a59ea3815/in_use.lock acquired by nodename 9128@fv-az148-969
2021-12-05 13:32:30,167 [pool-506-thread-1] INFO  storage.RaftStorage (RaftStorageImpl.java:format(89)) - Storage directory /home/runner/work/ozone/ozone/hadoop-ozone/integration-test/target/test-dir/MiniOzoneClusterImpl-d3c014ad-d181-4610-b0a5-9ad7c33a3941/datanode-1/data/ratis/ccf59920-3b34-4a01-be09-dd1a59ea3815 has been successfully formatted.
2021-12-05 13:32:30,168 [pool-506-thread-1] INFO  ratis.ContainerStateMachine (ContainerStateMachine.java:loadSnapshot(224)) - group-DD1A59EA3815: The snapshot info is null. Setting the last applied indexto:(t:0, i:~)
2021-12-05 13:32:30,168 [pool-506-thread-1] INFO  server.RaftServerConfigKeys (ConfUtils.java:logGet(44)) - raft.server.notification.no-leader.timeout = 300s (custom)
2021-12-05 13:32:30,168 [pool-506-thread-1] INFO  server.RaftServerConfigKeys (ConfUtils.java:logGet(44)) - raft.server.log.use.memory = false (default)
2021-12-05 13:32:30,168 [pool-506-thread-1] INFO  server.RaftServerConfigKeys (ConfUtils.java:logGet(44)) - raft.server.log.purge.gap = 1000000 (custom)
2021-12-05 13:32:30,169 [pool-506-thread-1] INFO  server.RaftServerConfigKeys (ConfUtils.java:logGet(44)) - raft.server.log.appender.buffer.byte-limit = 33554432 (custom)
2021-12-05 13:32:30,169 [pool-506-thread-1] INFO  server.RaftServerConfigKeys (ConfUtils.java:logGet(44)) - raft.server.log.segment.size.max = 1048576 (custom)
2021-12-05 13:32:30,169 [pool-506-thread-1] INFO  server.RaftServerConfigKeys (ConfUtils.java:logGet(44)) - raft.server.log.segment.cache.num.max = 2 (custom)
2021-12-05 13:32:30,169 [pool-506-thread-1] INFO  server.RaftServerConfigKeys (ConfUtils.java:logGet(44)) - raft.server.log.segment.cache.size.max = 200MB (=209715200) (default)
2021-12-05 13:32:30,170 [pool-506-thread-1] INFO  segmented.SegmentedRaftLogWorker (SegmentedRaftLogWorker.java:<init>(182)) - new 6824ef76-7bc5-4594-ad24-265b087b6a03@group-DD1A59EA3815-SegmentedRaftLogWorker for RaftStorageImpl:Storage Directory /home/runner/work/ozone/ozone/hadoop-ozone/integration-test/target/test-dir/MiniOzoneClusterImpl-d3c014ad-d181-4610-b0a5-9ad7c33a3941/datanode-1/data/ratis/ccf59920-3b34-4a01-be09-dd1a59ea3815
2021-12-05 13:32:30,170 [pool-506-thread-1] INFO  server.RaftServerConfigKeys (ConfUtils.java:logGet(44)) - raft.server.log.queue.byte-limit = 2147483647 (custom)
2021-12-05 13:32:30,178 [pool-506-thread-1] INFO  server.RaftServerConfigKeys (ConfUtils.java:logGet(44)) - raft.server.log.queue.element-limit = 1024 (custom)
2021-12-05 13:32:30,178 [pool-506-thread-1] INFO  server.RaftServerConfigKeys (ConfUtils.java:logGet(44)) - raft.server.log.segment.size.max = 1048576 (custom)
2021-12-05 13:32:30,178 [pool-506-thread-1] INFO  server.RaftServerConfigKeys (ConfUtils.java:logGet(44)) - raft.server.log.preallocated.size = 16384 (custom)
2021-12-05 13:32:30,178 [pool-506-thread-1] INFO  server.RaftServerConfigKeys (ConfUtils.java:logGet(44)) - raft.server.log.force.sync.num = 128 (default)
2021-12-05 13:32:30,184 [pool-506-thread-1] INFO  server.RaftServerConfigKeys (ConfUtils.java:logGet(44)) - raft.server.log.statemachine.data.sync = true (default)
2021-12-05 13:32:30,184 [pool-506-thread-1] INFO  server.RaftServerConfigKeys (ConfUtils.java:logGet(44)) - raft.server.log.statemachine.data.sync.timeout = 10s (default)
2021-12-05 13:32:30,185 [pool-506-thread-1] INFO  server.RaftServerConfigKeys (ConfUtils.java:logGet(44)) - raft.server.log.statemachine.data.sync.timeout.retry = -1 (default)
2021-12-05 13:32:30,170 [EventQueue-OpenPipelineForHealthyPipelineSafeModeRule] INFO  safemode.SCMSafeModeManager (HealthyPipelineSafeModeRule.java:process(124)) - SCM in safe mode. Healthy pipelines reported count is 0, required healthy pipeline reported count is 1
2021-12-05 13:32:30,186 [pool-506-thread-1] INFO  server.RaftServerConfigKeys (ConfUtils.java:logGet(44)) - raft.server.log.write.buffer.size = 1048576 (custom)
2021-12-05 13:32:30,194 [pool-506-thread-1] INFO  server.RaftServerConfigKeys (ConfUtils.java:logGet(44)) - raft.server.log.statemachine.data.caching.enabled = true (custom)
2021-12-05 13:32:30,194 [pool-506-thread-1] INFO  segmented.SegmentedRaftLogWorker (SegmentedRaftLogWorker.java:lambda$new$0(133)) - 6824ef76-7bc5-4594-ad24-265b087b6a03@group-DD1A59EA3815-SegmentedRaftLogWorker: flushIndex: setUnconditionally 0 -> -1
2021-12-05 13:32:30,194 [pool-506-thread-1] INFO  segmented.SegmentedRaftLogWorker (SegmentedRaftLogWorker.java:lambda$new$0(133)) - 6824ef76-7bc5-4594-ad24-265b087b6a03@group-DD1A59EA3815-SegmentedRaftLogWorker: safeCacheEvictIndex: setUnconditionally 0 -> -1
2021-12-05 13:32:30,216 [pool-506-thread-1] INFO  server.RaftServerConfigKeys (ConfUtils.java:logGet(44)) - raft.server.snapshot.auto.trigger.enabled = true (custom)
2021-12-05 13:32:30,216 [pool-506-thread-1] INFO  server.RaftServerConfigKeys (ConfUtils.java:logGet(44)) - raft.server.snapshot.auto.trigger.threshold = 10000 (custom)
2021-12-05 13:32:30,216 [pool-506-thread-1] INFO  server.RaftServerConfigKeys (ConfUtils.java:logGet(44)) - raft.server.snapshot.retention.file.num = 5 (custom)
2021-12-05 13:32:30,216 [pool-506-thread-1] INFO  server.RaftServerConfigKeys (ConfUtils.java:logGet(44)) - raft.server.log.purge.upto.snapshot.index = false (default)
2021-12-05 13:32:30,217 [pool-506-thread-1] INFO  server.RaftServerConfigKeys (ConfUtils.java:logGet(44)) - raft.server.retrycache.expirytime = 600000ms (custom)
2021-12-05 13:32:30,217 [pool-506-thread-1] INFO  server.RaftServerConfigKeys (ConfUtils.java:logGet(44)) - raft.server.retrycache.statistics.expirytime = 100μs (default)
2021-12-05 13:32:30,219 [pool-506-thread-1] INFO  server.RaftServer$Division (RaftServerImpl.java:start(301)) - 6824ef76-7bc5-4594-ad24-265b087b6a03@group-2343A9FBB539: start as a follower, conf=-1: [6824ef76-7bc5-4594-ad24-265b087b6a03|rpc:10.1.0.33:42703|dataStream:|priority:0, 6b0d9cdd-7078-4b14-a53d-7b743cf9f2d3|rpc:10.1.0.33:37287|dataStream:|priority:0, a6fc2e02-ba25-4172-96f1-26bb4d53af53|rpc:10.1.0.33:46833|dataStream:|priority:1], old=null
2021-12-05 13:32:30,219 [pool-506-thread-1] INFO  server.RaftServer$Division (RaftServerImpl.java:setRole(290)) - 6824ef76-7bc5-4594-ad24-265b087b6a03@group-2343A9FBB539: changes role from      null to FOLLOWER at term 0 for startAsFollower
2021-12-05 13:32:30,221 [pool-506-thread-1] INFO  impl.RoleInfo (RoleInfo.java:updateAndGet(130)) - 6824ef76-7bc5-4594-ad24-265b087b6a03: start 6824ef76-7bc5-4594-ad24-265b087b6a03@group-2343A9FBB539-FollowerState
2021-12-05 13:32:30,240 [pool-506-thread-1] INFO  util.JmxRegister (JmxRegister.java:tryRegister(44)) - Successfully registered JMX Bean with object name Ratis:service=RaftServer,group=group-2343A9FBB539,id=6824ef76-7bc5-4594-ad24-265b087b6a03
2021-12-05 13:32:30,265 [pool-506-thread-1] INFO  server.RaftServer$Division (RaftServerImpl.java:start(301)) - 6824ef76-7bc5-4594-ad24-265b087b6a03@group-DD1A59EA3815: start as a follower, conf=-1: [6824ef76-7bc5-4594-ad24-265b087b6a03|rpc:10.1.0.33:42703|priority:1], old=null
2021-12-05 13:32:30,265 [pool-506-thread-1] INFO  server.RaftServer$Division (RaftServerImpl.java:setRole(290)) - 6824ef76-7bc5-4594-ad24-265b087b6a03@group-DD1A59EA3815: changes role from      null to FOLLOWER at term 0 for startAsFollower
2021-12-05 13:32:30,266 [pool-506-thread-1] INFO  impl.RoleInfo (RoleInfo.java:updateAndGet(130)) - 6824ef76-7bc5-4594-ad24-265b087b6a03: start 6824ef76-7bc5-4594-ad24-265b087b6a03@group-DD1A59EA3815-FollowerState
2021-12-05 13:32:30,266 [pool-506-thread-1] INFO  util.JmxRegister (JmxRegister.java:tryRegister(44)) - Successfully registered JMX Bean with object name Ratis:service=RaftServer,group=group-DD1A59EA3815,id=6824ef76-7bc5-4594-ad24-265b087b6a03
2021-12-05 13:32:30,275 [Command processor thread] INFO  ratis.XceiverServerRatis (XceiverServerRatis.java:addGroup(768)) - Created group PipelineID=ccf59920-3b34-4a01-be09-dd1a59ea3815
2021-12-05 13:32:30,275 [Command processor thread] INFO  commandhandler.CreatePipelineCommandHandler (CreatePipelineCommandHandler.java:handle(106)) - Created Pipeline RATIS ONE PipelineID=ccf59920-3b34-4a01-be09-dd1a59ea3815.
2021-12-05 13:32:30,275 [Command processor thread] INFO  server.RaftServer (RaftServerProxy.java:addNew(95)) - 6824ef76-7bc5-4594-ad24-265b087b6a03: addNew group-5A02D46FDBBD:[6824ef76-7bc5-4594-ad24-265b087b6a03|rpc:10.1.0.33:42703|priority:1, 6b0d9cdd-7078-4b14-a53d-7b743cf9f2d3|rpc:10.1.0.33:37287|priority:0, a6fc2e02-ba25-4172-96f1-26bb4d53af53|rpc:10.1.0.33:46833|priority:0] returns group-5A02D46FDBBD:java.util.concurrent.CompletableFuture@e850c8e[Not completed]
2021-12-05 13:32:30,276 [pool-506-thread-1] INFO  server.RaftServer$Division (RaftServerImpl.java:<init>(184)) - 6824ef76-7bc5-4594-ad24-265b087b6a03: new RaftServerImpl for group-5A02D46FDBBD:[6824ef76-7bc5-4594-ad24-265b087b6a03|rpc:10.1.0.33:42703|priority:1, 6b0d9cdd-7078-4b14-a53d-7b743cf9f2d3|rpc:10.1.0.33:37287|priority:0, a6fc2e02-ba25-4172-96f1-26bb4d53af53|rpc:10.1.0.33:46833|priority:0] with ContainerStateMachine:uninitialized
2021-12-05 13:32:30,276 [pool-506-thread-1] INFO  server.RaftServerConfigKeys (ConfUtils.java:logGet(44)) - raft.server.rpc.timeout.min = 5s (custom)
2021-12-05 13:32:30,276 [pool-506-thread-1] INFO  server.RaftServerConfigKeys (ConfUtils.java:logGet(44)) - raft.server.rpc.timeout.max = 5200ms (custom)
2021-12-05 13:32:30,276 [pool-506-thread-1] INFO  server.RaftServerConfigKeys (ConfUtils.java:logGet(44)) - raft.server.rpc.sleep.time = 25ms (default)
2021-12-05 13:32:30,276 [pool-506-thread-1] INFO  server.RaftServerConfigKeys (ConfUtils.java:logGet(44)) - raft.server.rpc.slowness.timeout = 300s (custom)
2021-12-05 13:32:30,276 [pool-506-thread-1] INFO  server.RaftServerConfigKeys (ConfUtils.java:logGet(44)) - raft.server.leaderelection.leader.step-down.wait-time = 10s (default)
2021-12-05 13:32:30,276 [pool-506-thread-1] INFO  server.RaftServerConfigKeys (ConfUtils.java:logGet(44)) - raft.server.sleep.deviation.threshold = 300ms (default)
2021-12-05 13:32:30,277 [pool-506-thread-1] INFO  server.RaftServerConfigKeys (ConfUtils.java:logGet(44)) - raft.server.log.appender.install.snapshot.enabled = false (custom)
2021-12-05 13:32:30,277 [pool-506-thread-1] INFO  server.RaftServer$Division (ServerState.java:<init>(105)) - 6824ef76-7bc5-4594-ad24-265b087b6a03@group-5A02D46FDBBD: ConfigurationManager, init=-1: [6824ef76-7bc5-4594-ad24-265b087b6a03|rpc:10.1.0.33:42703|priority:1, 6b0d9cdd-7078-4b14-a53d-7b743cf9f2d3|rpc:10.1.0.33:37287|priority:0, a6fc2e02-ba25-4172-96f1-26bb4d53af53|rpc:10.1.0.33:46833|priority:0], old=null, confs=<EMPTY_MAP>
2021-12-05 13:32:30,277 [pool-506-thread-1] INFO  server.RaftServerConfigKeys (ConfUtils.java:logGet(44)) - raft.server.storage.dir = [/home/runner/work/ozone/ozone/hadoop-ozone/integration-test/target/test-dir/MiniOzoneClusterImpl-d3c014ad-d181-4610-b0a5-9ad7c33a3941/datanode-1/data/ratis] (custom)
2021-12-05 13:32:30,277 [pool-506-thread-1] INFO  server.RaftServerConfigKeys (ConfUtils.java:logGet(44)) - raft.server.log.corruption.policy = EXCEPTION (default)
2021-12-05 13:32:30,277 [pool-506-thread-1] INFO  server.RaftServerConfigKeys (ConfUtils.java:logGet(44)) - raft.server.storage.free-space.min = 0MB (=0) (default)
2021-12-05 13:32:30,277 [pool-506-thread-1] INFO  storage.RaftStorageDirectory (RaftStorageDirectoryImpl.java:analyzeStorage(135)) - The storage directory /home/runner/work/ozone/ozone/hadoop-ozone/integration-test/target/test-dir/MiniOzoneClusterImpl-d3c014ad-d181-4610-b0a5-9ad7c33a3941/datanode-1/data/ratis/66e08e63-33ff-4bd3-8886-5a02d46fdbbd does not exist. Creating ...
2021-12-05 13:32:30,298 [pool-506-thread-1] INFO  storage.RaftStorageDirectory (RaftStorageDirectoryImpl.java:tryLock(230)) - Lock on /home/runner/work/ozone/ozone/hadoop-ozone/integration-test/target/test-dir/MiniOzoneClusterImpl-d3c014ad-d181-4610-b0a5-9ad7c33a3941/datanode-1/data/ratis/66e08e63-33ff-4bd3-8886-5a02d46fdbbd/in_use.lock acquired by nodename 9128@fv-az148-969
2021-12-05 13:32:30,300 [pool-506-thread-1] INFO  storage.RaftStorage (RaftStorageImpl.java:format(89)) - Storage directory /home/runner/work/ozone/ozone/hadoop-ozone/integration-test/target/test-dir/MiniOzoneClusterImpl-d3c014ad-d181-4610-b0a5-9ad7c33a3941/datanode-1/data/ratis/66e08e63-33ff-4bd3-8886-5a02d46fdbbd has been successfully formatted.
2021-12-05 13:32:30,300 [pool-506-thread-1] INFO  ratis.ContainerStateMachine (ContainerStateMachine.java:loadSnapshot(224)) - group-5A02D46FDBBD: The snapshot info is null. Setting the last applied indexto:(t:0, i:~)
2021-12-05 13:32:30,300 [pool-506-thread-1] INFO  server.RaftServerConfigKeys (ConfUtils.java:logGet(44)) - raft.server.notification.no-leader.timeout = 300s (custom)
2021-12-05 13:32:30,300 [pool-506-thread-1] INFO  server.RaftServerConfigKeys (ConfUtils.java:logGet(44)) - raft.server.log.use.memory = false (default)
2021-12-05 13:32:30,300 [pool-506-thread-1] INFO  server.RaftServerConfigKeys (ConfUtils.java:logGet(44)) - raft.server.log.purge.gap = 1000000 (custom)
2021-12-05 13:32:30,300 [pool-506-thread-1] INFO  server.RaftServerConfigKeys (ConfUtils.java:logGet(44)) - raft.server.log.appender.buffer.byte-limit = 33554432 (custom)
2021-12-05 13:32:30,301 [pool-506-thread-1] INFO  server.RaftServerConfigKeys (ConfUtils.java:logGet(44)) - raft.server.log.segment.size.max = 1048576 (custom)
2021-12-05 13:32:30,301 [EventQueue-OpenPipelineForHealthyPipelineSafeModeRule] INFO  safemode.SCMSafeModeManager (HealthyPipelineSafeModeRule.java:process(124)) - SCM in safe mode. Healthy pipelines reported count is 0, required healthy pipeline reported count is 1
2021-12-05 13:32:30,301 [pool-506-thread-1] INFO  server.RaftServerConfigKeys (ConfUtils.java:logGet(44)) - raft.server.log.segment.cache.num.max = 2 (custom)
2021-12-05 13:32:30,301 [pool-506-thread-1] INFO  server.RaftServerConfigKeys (ConfUtils.java:logGet(44)) - raft.server.log.segment.cache.size.max = 200MB (=209715200) (default)
2021-12-05 13:32:30,301 [pool-506-thread-1] INFO  segmented.SegmentedRaftLogWorker (SegmentedRaftLogWorker.java:<init>(182)) - new 6824ef76-7bc5-4594-ad24-265b087b6a03@group-5A02D46FDBBD-SegmentedRaftLogWorker for RaftStorageImpl:Storage Directory /home/runner/work/ozone/ozone/hadoop-ozone/integration-test/target/test-dir/MiniOzoneClusterImpl-d3c014ad-d181-4610-b0a5-9ad7c33a3941/datanode-1/data/ratis/66e08e63-33ff-4bd3-8886-5a02d46fdbbd
2021-12-05 13:32:30,308 [pool-506-thread-1] INFO  server.RaftServerConfigKeys (ConfUtils.java:logGet(44)) - raft.server.log.queue.byte-limit = 2147483647 (custom)
2021-12-05 13:32:30,309 [pool-506-thread-1] INFO  server.RaftServerConfigKeys (ConfUtils.java:logGet(44)) - raft.server.log.queue.element-limit = 1024 (custom)
2021-12-05 13:32:30,309 [pool-506-thread-1] INFO  server.RaftServerConfigKeys (ConfUtils.java:logGet(44)) - raft.server.log.segment.size.max = 1048576 (custom)
2021-12-05 13:32:30,310 [pool-506-thread-1] INFO  server.RaftServerConfigKeys (ConfUtils.java:logGet(44)) - raft.server.log.preallocated.size = 16384 (custom)
2021-12-05 13:32:30,310 [pool-506-thread-1] INFO  server.RaftServerConfigKeys (ConfUtils.java:logGet(44)) - raft.server.log.force.sync.num = 128 (default)
2021-12-05 13:32:30,310 [pool-506-thread-1] INFO  server.RaftServerConfigKeys (ConfUtils.java:logGet(44)) - raft.server.log.statemachine.data.sync = true (default)
2021-12-05 13:32:30,310 [pool-506-thread-1] INFO  server.RaftServerConfigKeys (ConfUtils.java:logGet(44)) - raft.server.log.statemachine.data.sync.timeout = 10s (default)
2021-12-05 13:32:30,310 [pool-506-thread-1] INFO  server.RaftServerConfigKeys (ConfUtils.java:logGet(44)) - raft.server.log.statemachine.data.sync.timeout.retry = -1 (default)
2021-12-05 13:32:30,311 [pool-506-thread-1] INFO  server.RaftServerConfigKeys (ConfUtils.java:logGet(44)) - raft.server.log.write.buffer.size = 1048576 (custom)
2021-12-05 13:32:30,313 [pool-506-thread-1] INFO  server.RaftServerConfigKeys (ConfUtils.java:logGet(44)) - raft.server.log.statemachine.data.caching.enabled = true (custom)
2021-12-05 13:32:30,315 [pool-506-thread-1] INFO  segmented.SegmentedRaftLogWorker (SegmentedRaftLogWorker.java:lambda$new$0(133)) - 6824ef76-7bc5-4594-ad24-265b087b6a03@group-5A02D46FDBBD-SegmentedRaftLogWorker: flushIndex: setUnconditionally 0 -> -1
2021-12-05 13:32:30,315 [pool-506-thread-1] INFO  segmented.SegmentedRaftLogWorker (SegmentedRaftLogWorker.java:lambda$new$0(133)) - 6824ef76-7bc5-4594-ad24-265b087b6a03@group-5A02D46FDBBD-SegmentedRaftLogWorker: safeCacheEvictIndex: setUnconditionally 0 -> -1
2021-12-05 13:32:30,315 [pool-506-thread-1] INFO  server.RaftServerConfigKeys (ConfUtils.java:logGet(44)) - raft.server.snapshot.auto.trigger.enabled = true (custom)
2021-12-05 13:32:30,319 [pool-506-thread-1] INFO  server.RaftServerConfigKeys (ConfUtils.java:logGet(44)) - raft.server.snapshot.auto.trigger.threshold = 10000 (custom)
2021-12-05 13:32:30,319 [pool-506-thread-1] INFO  server.RaftServerConfigKeys (ConfUtils.java:logGet(44)) - raft.server.snapshot.retention.file.num = 5 (custom)
2021-12-05 13:32:30,320 [pool-506-thread-1] INFO  server.RaftServerConfigKeys (ConfUtils.java:logGet(44)) - raft.server.log.purge.upto.snapshot.index = false (default)
2021-12-05 13:32:30,320 [pool-506-thread-1] INFO  server.RaftServerConfigKeys (ConfUtils.java:logGet(44)) - raft.server.retrycache.expirytime = 600000ms (custom)
2021-12-05 13:32:30,320 [pool-506-thread-1] INFO  server.RaftServerConfigKeys (ConfUtils.java:logGet(44)) - raft.server.retrycache.statistics.expirytime = 100μs (default)
2021-12-05 13:32:30,321 [pool-506-thread-1] INFO  server.RaftServer$Division (RaftServerImpl.java:start(301)) - 6824ef76-7bc5-4594-ad24-265b087b6a03@group-5A02D46FDBBD: start as a follower, conf=-1: [6824ef76-7bc5-4594-ad24-265b087b6a03|rpc:10.1.0.33:42703|priority:1, 6b0d9cdd-7078-4b14-a53d-7b743cf9f2d3|rpc:10.1.0.33:37287|priority:0, a6fc2e02-ba25-4172-96f1-26bb4d53af53|rpc:10.1.0.33:46833|priority:0], old=null
2021-12-05 13:32:30,327 [grpc-default-executor-0] INFO  server.RaftServer (RaftServerProxy.java:addNew(95)) - a6fc2e02-ba25-4172-96f1-26bb4d53af53: addNew group-2343A9FBB539:[6824ef76-7bc5-4594-ad24-265b087b6a03|rpc:10.1.0.33:42703|dataStream:|priority:0, 6b0d9cdd-7078-4b14-a53d-7b743cf9f2d3|rpc:10.1.0.33:37287|dataStream:|priority:0, a6fc2e02-ba25-4172-96f1-26bb4d53af53|rpc:10.1.0.33:46833|dataStream:|priority:1] returns group-2343A9FBB539:java.util.concurrent.CompletableFuture@3cbc546e[Not completed]
2021-12-05 13:32:30,331 [pool-506-thread-1] INFO  server.RaftServer$Division (RaftServerImpl.java:setRole(290)) - 6824ef76-7bc5-4594-ad24-265b087b6a03@group-5A02D46FDBBD: changes role from      null to FOLLOWER at term 0 for startAsFollower
2021-12-05 13:32:30,331 [pool-506-thread-1] INFO  impl.RoleInfo (RoleInfo.java:updateAndGet(130)) - 6824ef76-7bc5-4594-ad24-265b087b6a03: start 6824ef76-7bc5-4594-ad24-265b087b6a03@group-5A02D46FDBBD-FollowerState
2021-12-05 13:32:30,337 [pool-527-thread-1] INFO  server.RaftServer$Division (RaftServerImpl.java:<init>(184)) - a6fc2e02-ba25-4172-96f1-26bb4d53af53: new RaftServerImpl for group-2343A9FBB539:[6824ef76-7bc5-4594-ad24-265b087b6a03|rpc:10.1.0.33:42703|dataStream:|priority:0, 6b0d9cdd-7078-4b14-a53d-7b743cf9f2d3|rpc:10.1.0.33:37287|dataStream:|priority:0, a6fc2e02-ba25-4172-96f1-26bb4d53af53|rpc:10.1.0.33:46833|dataStream:|priority:1] with ContainerStateMachine:uninitialized
2021-12-05 13:32:30,347 [pool-506-thread-1] INFO  util.JmxRegister (JmxRegister.java:tryRegister(44)) - Successfully registered JMX Bean with object name Ratis:service=RaftServer,group=group-5A02D46FDBBD,id=6824ef76-7bc5-4594-ad24-265b087b6a03
2021-12-05 13:32:30,348 [pool-527-thread-1] INFO  server.RaftServerConfigKeys (ConfUtils.java:logGet(44)) - raft.server.rpc.timeout.min = 5s (custom)
2021-12-05 13:32:30,348 [Command processor thread] INFO  ratis.XceiverServerRatis (XceiverServerRatis.java:addGroup(768)) - Created group PipelineID=66e08e63-33ff-4bd3-8886-5a02d46fdbbd
2021-12-05 13:32:30,366 [pool-527-thread-1] INFO  server.RaftServerConfigKeys (ConfUtils.java:logGet(44)) - raft.server.rpc.timeout.max = 5200ms (custom)
2021-12-05 13:32:30,366 [pool-527-thread-1] INFO  server.RaftServerConfigKeys (ConfUtils.java:logGet(44)) - raft.server.rpc.sleep.time = 25ms (default)
2021-12-05 13:32:30,366 [pool-527-thread-1] INFO  server.RaftServerConfigKeys (ConfUtils.java:logGet(44)) - raft.server.rpc.slowness.timeout = 300s (custom)
2021-12-05 13:32:30,366 [pool-527-thread-1] INFO  server.RaftServerConfigKeys (ConfUtils.java:logGet(44)) - raft.server.leaderelection.leader.step-down.wait-time = 10s (default)
2021-12-05 13:32:30,366 [pool-527-thread-1] INFO  server.RaftServerConfigKeys (ConfUtils.java:logGet(44)) - raft.server.sleep.deviation.threshold = 300ms (default)
2021-12-05 13:32:30,366 [pool-527-thread-1] INFO  server.RaftServerConfigKeys (ConfUtils.java:logGet(44)) - raft.server.log.appender.install.snapshot.enabled = false (custom)
2021-12-05 13:32:30,366 [pool-527-thread-1] INFO  server.RaftServer$Division (ServerState.java:<init>(105)) - a6fc2e02-ba25-4172-96f1-26bb4d53af53@group-2343A9FBB539: ConfigurationManager, init=-1: [6824ef76-7bc5-4594-ad24-265b087b6a03|rpc:10.1.0.33:42703|dataStream:|priority:0, 6b0d9cdd-7078-4b14-a53d-7b743cf9f2d3|rpc:10.1.0.33:37287|dataStream:|priority:0, a6fc2e02-ba25-4172-96f1-26bb4d53af53|rpc:10.1.0.33:46833|dataStream:|priority:1], old=null, confs=<EMPTY_MAP>
2021-12-05 13:32:30,366 [pool-527-thread-1] INFO  server.RaftServerConfigKeys (ConfUtils.java:logGet(44)) - raft.server.storage.dir = [/home/runner/work/ozone/ozone/hadoop-ozone/integration-test/target/test-dir/MiniOzoneClusterImpl-d3c014ad-d181-4610-b0a5-9ad7c33a3941/datanode-2/data/ratis] (custom)
2021-12-05 13:32:30,366 [pool-527-thread-1] INFO  server.RaftServerConfigKeys (ConfUtils.java:logGet(44)) - raft.server.log.corruption.policy = EXCEPTION (default)
2021-12-05 13:32:30,367 [pool-527-thread-1] INFO  server.RaftServerConfigKeys (ConfUtils.java:logGet(44)) - raft.server.storage.free-space.min = 0MB (=0) (default)
2021-12-05 13:32:30,367 [pool-527-thread-1] INFO  storage.RaftStorageDirectory (RaftStorageDirectoryImpl.java:analyzeStorage(135)) - The storage directory /home/runner/work/ozone/ozone/hadoop-ozone/integration-test/target/test-dir/MiniOzoneClusterImpl-d3c014ad-d181-4610-b0a5-9ad7c33a3941/datanode-2/data/ratis/2d06f9a3-c9c3-4ad1-99a0-2343a9fbb539 does not exist. Creating ...
2021-12-05 13:32:30,370 [grpc-default-executor-0] INFO  server.RaftServer (RaftServerProxy.java:addNew(95)) - 6b0d9cdd-7078-4b14-a53d-7b743cf9f2d3: addNew group-5A02D46FDBBD:[6824ef76-7bc5-4594-ad24-265b087b6a03|rpc:10.1.0.33:42703|dataStream:|priority:1, 6b0d9cdd-7078-4b14-a53d-7b743cf9f2d3|rpc:10.1.0.33:37287|dataStream:|priority:0, a6fc2e02-ba25-4172-96f1-26bb4d53af53|rpc:10.1.0.33:46833|dataStream:|priority:0] returns group-5A02D46FDBBD:java.util.concurrent.CompletableFuture@78128f09[Not completed]
2021-12-05 13:32:30,370 [pool-485-thread-1] INFO  server.RaftServer$Division (RaftServerImpl.java:<init>(184)) - 6b0d9cdd-7078-4b14-a53d-7b743cf9f2d3: new RaftServerImpl for group-5A02D46FDBBD:[6824ef76-7bc5-4594-ad24-265b087b6a03|rpc:10.1.0.33:42703|dataStream:|priority:1, 6b0d9cdd-7078-4b14-a53d-7b743cf9f2d3|rpc:10.1.0.33:37287|dataStream:|priority:0, a6fc2e02-ba25-4172-96f1-26bb4d53af53|rpc:10.1.0.33:46833|dataStream:|priority:0] with ContainerStateMachine:uninitialized
2021-12-05 13:32:30,371 [pool-485-thread-1] INFO  server.RaftServerConfigKeys (ConfUtils.java:logGet(44)) - raft.server.rpc.timeout.min = 5s (custom)
2021-12-05 13:32:30,371 [pool-485-thread-1] INFO  server.RaftServerConfigKeys (ConfUtils.java:logGet(44)) - raft.server.rpc.timeout.max = 5200ms (custom)
2021-12-05 13:32:30,371 [pool-485-thread-1] INFO  server.RaftServerConfigKeys (ConfUtils.java:logGet(44)) - raft.server.rpc.sleep.time = 25ms (default)
2021-12-05 13:32:30,371 [pool-485-thread-1] INFO  server.RaftServerConfigKeys (ConfUtils.java:logGet(44)) - raft.server.rpc.slowness.timeout = 300s (custom)
2021-12-05 13:32:30,371 [pool-485-thread-1] INFO  server.RaftServerConfigKeys (ConfUtils.java:logGet(44)) - raft.server.leaderelection.leader.step-down.wait-time = 10s (default)
2021-12-05 13:32:30,371 [pool-485-thread-1] INFO  server.RaftServerConfigKeys (ConfUtils.java:logGet(44)) - raft.server.sleep.deviation.threshold = 300ms (default)
2021-12-05 13:32:30,371 [pool-485-thread-1] INFO  server.RaftServerConfigKeys (ConfUtils.java:logGet(44)) - raft.server.log.appender.install.snapshot.enabled = false (custom)
2021-12-05 13:32:30,371 [pool-485-thread-1] INFO  server.RaftServer$Division (ServerState.java:<init>(105)) - 6b0d9cdd-7078-4b14-a53d-7b743cf9f2d3@group-5A02D46FDBBD: ConfigurationManager, init=-1: [6824ef76-7bc5-4594-ad24-265b087b6a03|rpc:10.1.0.33:42703|dataStream:|priority:1, 6b0d9cdd-7078-4b14-a53d-7b743cf9f2d3|rpc:10.1.0.33:37287|dataStream:|priority:0, a6fc2e02-ba25-4172-96f1-26bb4d53af53|rpc:10.1.0.33:46833|dataStream:|priority:0], old=null, confs=<EMPTY_MAP>
2021-12-05 13:32:30,371 [pool-485-thread-1] INFO  server.RaftServerConfigKeys (ConfUtils.java:logGet(44)) - raft.server.storage.dir = [/home/runner/work/ozone/ozone/hadoop-ozone/integration-test/target/test-dir/MiniOzoneClusterImpl-d3c014ad-d181-4610-b0a5-9ad7c33a3941/datanode-0/data/ratis] (custom)
2021-12-05 13:32:30,371 [pool-485-thread-1] INFO  server.RaftServerConfigKeys (ConfUtils.java:logGet(44)) - raft.server.log.corruption.policy = EXCEPTION (default)
2021-12-05 13:32:30,371 [pool-485-thread-1] INFO  server.RaftServerConfigKeys (ConfUtils.java:logGet(44)) - raft.server.storage.free-space.min = 0MB (=0) (default)
2021-12-05 13:32:30,371 [pool-485-thread-1] INFO  storage.RaftStorageDirectory (RaftStorageDirectoryImpl.java:analyzeStorage(135)) - The storage directory /home/runner/work/ozone/ozone/hadoop-ozone/integration-test/target/test-dir/MiniOzoneClusterImpl-d3c014ad-d181-4610-b0a5-9ad7c33a3941/datanode-0/data/ratis/66e08e63-33ff-4bd3-8886-5a02d46fdbbd does not exist. Creating ...
2021-12-05 13:32:30,373 [pool-527-thread-1] INFO  storage.RaftStorageDirectory (RaftStorageDirectoryImpl.java:tryLock(230)) - Lock on /home/runner/work/ozone/ozone/hadoop-ozone/integration-test/target/test-dir/MiniOzoneClusterImpl-d3c014ad-d181-4610-b0a5-9ad7c33a3941/datanode-2/data/ratis/2d06f9a3-c9c3-4ad1-99a0-2343a9fbb539/in_use.lock acquired by nodename 9128@fv-az148-969
2021-12-05 13:32:30,374 [pool-485-thread-1] INFO  storage.RaftStorageDirectory (RaftStorageDirectoryImpl.java:tryLock(230)) - Lock on /home/runner/work/ozone/ozone/hadoop-ozone/integration-test/target/test-dir/MiniOzoneClusterImpl-d3c014ad-d181-4610-b0a5-9ad7c33a3941/datanode-0/data/ratis/66e08e63-33ff-4bd3-8886-5a02d46fdbbd/in_use.lock acquired by nodename 9128@fv-az148-969
2021-12-05 13:32:30,375 [pool-485-thread-1] INFO  storage.RaftStorage (RaftStorageImpl.java:format(89)) - Storage directory /home/runner/work/ozone/ozone/hadoop-ozone/integration-test/target/test-dir/MiniOzoneClusterImpl-d3c014ad-d181-4610-b0a5-9ad7c33a3941/datanode-0/data/ratis/66e08e63-33ff-4bd3-8886-5a02d46fdbbd has been successfully formatted.
2021-12-05 13:32:30,376 [pool-485-thread-1] INFO  ratis.ContainerStateMachine (ContainerStateMachine.java:loadSnapshot(224)) - group-5A02D46FDBBD: The snapshot info is null. Setting the last applied indexto:(t:0, i:~)
2021-12-05 13:32:30,376 [pool-485-thread-1] INFO  server.RaftServerConfigKeys (ConfUtils.java:logGet(44)) - raft.server.notification.no-leader.timeout = 300s (custom)
2021-12-05 13:32:30,376 [pool-485-thread-1] INFO  server.RaftServerConfigKeys (ConfUtils.java:logGet(44)) - raft.server.log.use.memory = false (default)
2021-12-05 13:32:30,376 [pool-485-thread-1] INFO  server.RaftServerConfigKeys (ConfUtils.java:logGet(44)) - raft.server.log.purge.gap = 1000000 (custom)
2021-12-05 13:32:30,376 [pool-485-thread-1] INFO  server.RaftServerConfigKeys (ConfUtils.java:logGet(44)) - raft.server.log.appender.buffer.byte-limit = 33554432 (custom)
2021-12-05 13:32:30,376 [pool-485-thread-1] INFO  server.RaftServerConfigKeys (ConfUtils.java:logGet(44)) - raft.server.log.segment.size.max = 1048576 (custom)
2021-12-05 13:32:30,376 [pool-485-thread-1] INFO  server.RaftServerConfigKeys (ConfUtils.java:logGet(44)) - raft.server.log.segment.cache.num.max = 2 (custom)
2021-12-05 13:32:30,376 [pool-485-thread-1] INFO  server.RaftServerConfigKeys (ConfUtils.java:logGet(44)) - raft.server.log.segment.cache.size.max = 200MB (=209715200) (default)
2021-12-05 13:32:30,376 [pool-485-thread-1] INFO  segmented.SegmentedRaftLogWorker (SegmentedRaftLogWorker.java:<init>(182)) - new 6b0d9cdd-7078-4b14-a53d-7b743cf9f2d3@group-5A02D46FDBBD-SegmentedRaftLogWorker for RaftStorageImpl:Storage Directory /home/runner/work/ozone/ozone/hadoop-ozone/integration-test/target/test-dir/MiniOzoneClusterImpl-d3c014ad-d181-4610-b0a5-9ad7c33a3941/datanode-0/data/ratis/66e08e63-33ff-4bd3-8886-5a02d46fdbbd
2021-12-05 13:32:30,376 [pool-485-thread-1] INFO  server.RaftServerConfigKeys (ConfUtils.java:logGet(44)) - raft.server.log.queue.byte-limit = 2147483647 (custom)
2021-12-05 13:32:30,377 [pool-485-thread-1] INFO  server.RaftServerConfigKeys (ConfUtils.java:logGet(44)) - raft.server.log.queue.element-limit = 1024 (custom)
2021-12-05 13:32:30,377 [pool-485-thread-1] INFO  server.RaftServerConfigKeys (ConfUtils.java:logGet(44)) - raft.server.log.segment.size.max = 1048576 (custom)
2021-12-05 13:32:30,377 [pool-485-thread-1] INFO  server.RaftServerConfigKeys (ConfUtils.java:logGet(44)) - raft.server.log.preallocated.size = 16384 (custom)
2021-12-05 13:32:30,377 [pool-485-thread-1] INFO  server.RaftServerConfigKeys (ConfUtils.java:logGet(44)) - raft.server.log.force.sync.num = 128 (default)
2021-12-05 13:32:30,377 [pool-485-thread-1] INFO  server.RaftServerConfigKeys (ConfUtils.java:logGet(44)) - raft.server.log.statemachine.data.sync = true (default)
2021-12-05 13:32:30,377 [pool-485-thread-1] INFO  server.RaftServerConfigKeys (ConfUtils.java:logGet(44)) - raft.server.log.statemachine.data.sync.timeout = 10s (default)
2021-12-05 13:32:30,377 [pool-485-thread-1] INFO  server.RaftServerConfigKeys (ConfUtils.java:logGet(44)) - raft.server.log.statemachine.data.sync.timeout.retry = -1 (default)
2021-12-05 13:32:30,378 [EventQueue-OpenPipelineForHealthyPipelineSafeModeRule] INFO  safemode.SCMSafeModeManager (HealthyPipelineSafeModeRule.java:process(124)) - SCM in safe mode. Healthy pipelines reported count is 0, required healthy pipeline reported count is 1
2021-12-05 13:32:30,380 [pool-485-thread-1] INFO  server.RaftServerConfigKeys (ConfUtils.java:logGet(44)) - raft.server.log.write.buffer.size = 1048576 (custom)
2021-12-05 13:32:30,380 [pool-485-thread-1] INFO  server.RaftServerConfigKeys (ConfUtils.java:logGet(44)) - raft.server.log.statemachine.data.caching.enabled = true (custom)
2021-12-05 13:32:30,380 [pool-485-thread-1] INFO  segmented.SegmentedRaftLogWorker (SegmentedRaftLogWorker.java:lambda$new$0(133)) - 6b0d9cdd-7078-4b14-a53d-7b743cf9f2d3@group-5A02D46FDBBD-SegmentedRaftLogWorker: flushIndex: setUnconditionally 0 -> -1
2021-12-05 13:32:30,380 [pool-485-thread-1] INFO  segmented.SegmentedRaftLogWorker (SegmentedRaftLogWorker.java:lambda$new$0(133)) - 6b0d9cdd-7078-4b14-a53d-7b743cf9f2d3@group-5A02D46FDBBD-SegmentedRaftLogWorker: safeCacheEvictIndex: setUnconditionally 0 -> -1
2021-12-05 13:32:30,388 [pool-527-thread-1] INFO  storage.RaftStorage (RaftStorageImpl.java:format(89)) - Storage directory /home/runner/work/ozone/ozone/hadoop-ozone/integration-test/target/test-dir/MiniOzoneClusterImpl-d3c014ad-d181-4610-b0a5-9ad7c33a3941/datanode-2/data/ratis/2d06f9a3-c9c3-4ad1-99a0-2343a9fbb539 has been successfully formatted.
2021-12-05 13:32:30,388 [pool-485-thread-1] INFO  server.RaftServerConfigKeys (ConfUtils.java:logGet(44)) - raft.server.snapshot.auto.trigger.enabled = true (custom)
2021-12-05 13:32:30,388 [pool-485-thread-1] INFO  server.RaftServerConfigKeys (ConfUtils.java:logGet(44)) - raft.server.snapshot.auto.trigger.threshold = 10000 (custom)
2021-12-05 13:32:30,394 [pool-527-thread-1] INFO  ratis.ContainerStateMachine (ContainerStateMachine.java:loadSnapshot(224)) - group-2343A9FBB539: The snapshot info is null. Setting the last applied indexto:(t:0, i:~)
2021-12-05 13:32:30,395 [pool-527-thread-1] INFO  server.RaftServerConfigKeys (ConfUtils.java:logGet(44)) - raft.server.notification.no-leader.timeout = 300s (custom)
2021-12-05 13:32:30,395 [pool-527-thread-1] INFO  server.RaftServerConfigKeys (ConfUtils.java:logGet(44)) - raft.server.log.use.memory = false (default)
2021-12-05 13:32:30,395 [pool-527-thread-1] INFO  server.RaftServerConfigKeys (ConfUtils.java:logGet(44)) - raft.server.log.purge.gap = 1000000 (custom)
2021-12-05 13:32:30,395 [pool-527-thread-1] INFO  server.RaftServerConfigKeys (ConfUtils.java:logGet(44)) - raft.server.log.appender.buffer.byte-limit = 33554432 (custom)
2021-12-05 13:32:30,396 [pool-527-thread-1] INFO  server.RaftServerConfigKeys (ConfUtils.java:logGet(44)) - raft.server.log.segment.size.max = 1048576 (custom)
2021-12-05 13:32:30,396 [pool-527-thread-1] INFO  server.RaftServerConfigKeys (ConfUtils.java:logGet(44)) - raft.server.log.segment.cache.num.max = 2 (custom)
2021-12-05 13:32:30,396 [pool-527-thread-1] INFO  server.RaftServerConfigKeys (ConfUtils.java:logGet(44)) - raft.server.log.segment.cache.size.max = 200MB (=209715200) (default)
2021-12-05 13:32:30,396 [pool-527-thread-1] INFO  segmented.SegmentedRaftLogWorker (SegmentedRaftLogWorker.java:<init>(182)) - new a6fc2e02-ba25-4172-96f1-26bb4d53af53@group-2343A9FBB539-SegmentedRaftLogWorker for RaftStorageImpl:Storage Directory /home/runner/work/ozone/ozone/hadoop-ozone/integration-test/target/test-dir/MiniOzoneClusterImpl-d3c014ad-d181-4610-b0a5-9ad7c33a3941/datanode-2/data/ratis/2d06f9a3-c9c3-4ad1-99a0-2343a9fbb539
2021-12-05 13:32:30,396 [pool-527-thread-1] INFO  server.RaftServerConfigKeys (ConfUtils.java:logGet(44)) - raft.server.log.queue.byte-limit = 2147483647 (custom)
2021-12-05 13:32:30,396 [pool-527-thread-1] INFO  server.RaftServerConfigKeys (ConfUtils.java:logGet(44)) - raft.server.log.queue.element-limit = 1024 (custom)
2021-12-05 13:32:30,396 [pool-527-thread-1] INFO  server.RaftServerConfigKeys (ConfUtils.java:logGet(44)) - raft.server.log.segment.size.max = 1048576 (custom)
2021-12-05 13:32:30,396 [pool-527-thread-1] INFO  server.RaftServerConfigKeys (ConfUtils.java:logGet(44)) - raft.server.log.preallocated.size = 16384 (custom)
2021-12-05 13:32:30,396 [pool-527-thread-1] INFO  server.RaftServerConfigKeys (ConfUtils.java:logGet(44)) - raft.server.log.force.sync.num = 128 (default)
2021-12-05 13:32:30,397 [pool-527-thread-1] INFO  server.RaftServerConfigKeys (ConfUtils.java:logGet(44)) - raft.server.log.statemachine.data.sync = true (default)
2021-12-05 13:32:30,397 [pool-527-thread-1] INFO  server.RaftServerConfigKeys (ConfUtils.java:logGet(44)) - raft.server.log.statemachine.data.sync.timeout = 10s (default)
2021-12-05 13:32:30,397 [pool-527-thread-1] INFO  server.RaftServerConfigKeys (ConfUtils.java:logGet(44)) - raft.server.log.statemachine.data.sync.timeout.retry = -1 (default)
2021-12-05 13:32:30,397 [pool-527-thread-1] INFO  server.RaftServerConfigKeys (ConfUtils.java:logGet(44)) - raft.server.log.write.buffer.size = 1048576 (custom)
2021-12-05 13:32:30,398 [pool-527-thread-1] INFO  server.RaftServerConfigKeys (ConfUtils.java:logGet(44)) - raft.server.log.statemachine.data.caching.enabled = true (custom)
2021-12-05 13:32:30,402 [pool-485-thread-1] INFO  server.RaftServerConfigKeys (ConfUtils.java:logGet(44)) - raft.server.snapshot.retention.file.num = 5 (custom)
2021-12-05 13:32:30,402 [pool-485-thread-1] INFO  server.RaftServerConfigKeys (ConfUtils.java:logGet(44)) - raft.server.log.purge.upto.snapshot.index = false (default)
2021-12-05 13:32:30,402 [pool-485-thread-1] INFO  server.RaftServerConfigKeys (ConfUtils.java:logGet(44)) - raft.server.retrycache.expirytime = 600000ms (custom)
2021-12-05 13:32:30,402 [pool-485-thread-1] INFO  server.RaftServerConfigKeys (ConfUtils.java:logGet(44)) - raft.server.retrycache.statistics.expirytime = 100μs (default)
2021-12-05 13:32:30,403 [pool-485-thread-1] INFO  server.RaftServer$Division (RaftServerImpl.java:start(301)) - 6b0d9cdd-7078-4b14-a53d-7b743cf9f2d3@group-5A02D46FDBBD: start as a follower, conf=-1: [6824ef76-7bc5-4594-ad24-265b087b6a03|rpc:10.1.0.33:42703|dataStream:|priority:1, 6b0d9cdd-7078-4b14-a53d-7b743cf9f2d3|rpc:10.1.0.33:37287|dataStream:|priority:0, a6fc2e02-ba25-4172-96f1-26bb4d53af53|rpc:10.1.0.33:46833|dataStream:|priority:0], old=null
2021-12-05 13:32:30,403 [pool-485-thread-1] INFO  server.RaftServer$Division (RaftServerImpl.java:setRole(290)) - 6b0d9cdd-7078-4b14-a53d-7b743cf9f2d3@group-5A02D46FDBBD: changes role from      null to FOLLOWER at term 0 for startAsFollower
2021-12-05 13:32:30,404 [pool-485-thread-1] INFO  impl.RoleInfo (RoleInfo.java:updateAndGet(130)) - 6b0d9cdd-7078-4b14-a53d-7b743cf9f2d3: start 6b0d9cdd-7078-4b14-a53d-7b743cf9f2d3@group-5A02D46FDBBD-FollowerState
2021-12-05 13:32:30,404 [pool-527-thread-1] INFO  segmented.SegmentedRaftLogWorker (SegmentedRaftLogWorker.java:lambda$new$0(133)) - a6fc2e02-ba25-4172-96f1-26bb4d53af53@group-2343A9FBB539-SegmentedRaftLogWorker: flushIndex: setUnconditionally 0 -> -1
2021-12-05 13:32:30,404 [pool-527-thread-1] INFO  segmented.SegmentedRaftLogWorker (SegmentedRaftLogWorker.java:lambda$new$0(133)) - a6fc2e02-ba25-4172-96f1-26bb4d53af53@group-2343A9FBB539-SegmentedRaftLogWorker: safeCacheEvictIndex: setUnconditionally 0 -> -1
2021-12-05 13:32:30,415 [pool-485-thread-1] INFO  util.JmxRegister (JmxRegister.java:tryRegister(44)) - Successfully registered JMX Bean with object name Ratis:service=RaftServer,group=group-5A02D46FDBBD,id=6b0d9cdd-7078-4b14-a53d-7b743cf9f2d3
2021-12-05 13:32:30,438 [pool-527-thread-1] INFO  server.RaftServerConfigKeys (ConfUtils.java:logGet(44)) - raft.server.snapshot.auto.trigger.enabled = true (custom)
2021-12-05 13:32:30,438 [pool-527-thread-1] INFO  server.RaftServerConfigKeys (ConfUtils.java:logGet(44)) - raft.server.snapshot.auto.trigger.threshold = 10000 (custom)
2021-12-05 13:32:30,438 [pool-527-thread-1] INFO  server.RaftServerConfigKeys (ConfUtils.java:logGet(44)) - raft.server.snapshot.retention.file.num = 5 (custom)
2021-12-05 13:32:30,438 [pool-527-thread-1] INFO  server.RaftServerConfigKeys (ConfUtils.java:logGet(44)) - raft.server.log.purge.upto.snapshot.index = false (default)
2021-12-05 13:32:30,439 [pool-527-thread-1] INFO  server.RaftServerConfigKeys (ConfUtils.java:logGet(44)) - raft.server.retrycache.expirytime = 600000ms (custom)
2021-12-05 13:32:30,439 [pool-527-thread-1] INFO  server.RaftServerConfigKeys (ConfUtils.java:logGet(44)) - raft.server.retrycache.statistics.expirytime = 100μs (default)
2021-12-05 13:32:30,440 [pool-527-thread-1] INFO  server.RaftServer$Division (RaftServerImpl.java:start(301)) - a6fc2e02-ba25-4172-96f1-26bb4d53af53@group-2343A9FBB539: start as a follower, conf=-1: [6824ef76-7bc5-4594-ad24-265b087b6a03|rpc:10.1.0.33:42703|dataStream:|priority:0, 6b0d9cdd-7078-4b14-a53d-7b743cf9f2d3|rpc:10.1.0.33:37287|dataStream:|priority:0, a6fc2e02-ba25-4172-96f1-26bb4d53af53|rpc:10.1.0.33:46833|dataStream:|priority:1], old=null
2021-12-05 13:32:30,440 [pool-527-thread-1] INFO  server.RaftServer$Division (RaftServerImpl.java:setRole(290)) - a6fc2e02-ba25-4172-96f1-26bb4d53af53@group-2343A9FBB539: changes role from      null to FOLLOWER at term 0 for startAsFollower
2021-12-05 13:32:30,440 [pool-527-thread-1] INFO  impl.RoleInfo (RoleInfo.java:updateAndGet(130)) - a6fc2e02-ba25-4172-96f1-26bb4d53af53: start a6fc2e02-ba25-4172-96f1-26bb4d53af53@group-2343A9FBB539-FollowerState
2021-12-05 13:32:30,451 [pool-527-thread-1] INFO  util.JmxRegister (JmxRegister.java:tryRegister(44)) - Successfully registered JMX Bean with object name Ratis:service=RaftServer,group=group-2343A9FBB539,id=a6fc2e02-ba25-4172-96f1-26bb4d53af53
2021-12-05 13:32:30,476 [Command processor thread] INFO  commandhandler.CreatePipelineCommandHandler (CreatePipelineCommandHandler.java:handle(106)) - Created Pipeline RATIS THREE PipelineID=2d06f9a3-c9c3-4ad1-99a0-2343a9fbb539.
2021-12-05 13:32:30,488 [Listener at 127.0.0.1/40645] INFO  ozone.MiniOzoneClusterImpl (MiniOzoneClusterImpl.java:lambda$waitForClusterToBeReady$0(235)) - Nodes are ready. Got 3 of 3 DN Heartbeats.
2021-12-05 13:32:30,488 [Listener at 127.0.0.1/40645] INFO  ozone.MiniOzoneClusterImpl (MiniOzoneClusterImpl.java:lambda$waitForClusterToBeReady$0(238)) - Waiting for cluster to exit safe mode
2021-12-05 13:32:30,488 [Listener at 127.0.0.1/40645] INFO  ozone.MiniOzoneClusterImpl (MiniOzoneClusterImpl.java:lambda$waitForClusterToBeReady$0(240)) - SCM became leader
2021-12-05 13:32:30,491 [Command processor thread] INFO  server.RaftServer (RaftServerProxy.java:addNew(95)) - a6fc2e02-ba25-4172-96f1-26bb4d53af53: addNew group-379AB751DF15:[a6fc2e02-ba25-4172-96f1-26bb4d53af53|rpc:10.1.0.33:46833|priority:1] returns group-379AB751DF15:java.util.concurrent.CompletableFuture@f0c0909[Not completed]
2021-12-05 13:32:30,492 [pool-527-thread-1] INFO  server.RaftServer$Division (RaftServerImpl.java:<init>(184)) - a6fc2e02-ba25-4172-96f1-26bb4d53af53: new RaftServerImpl for group-379AB751DF15:[a6fc2e02-ba25-4172-96f1-26bb4d53af53|rpc:10.1.0.33:46833|priority:1] with ContainerStateMachine:uninitialized
2021-12-05 13:32:30,492 [pool-527-thread-1] INFO  server.RaftServerConfigKeys (ConfUtils.java:logGet(44)) - raft.server.rpc.timeout.min = 5s (custom)
2021-12-05 13:32:30,492 [pool-527-thread-1] INFO  server.RaftServerConfigKeys (ConfUtils.java:logGet(44)) - raft.server.rpc.timeout.max = 5200ms (custom)
2021-12-05 13:32:30,493 [pool-527-thread-1] INFO  server.RaftServerConfigKeys (ConfUtils.java:logGet(44)) - raft.server.rpc.sleep.time = 25ms (default)
2021-12-05 13:32:30,493 [pool-527-thread-1] INFO  server.RaftServerConfigKeys (ConfUtils.java:logGet(44)) - raft.server.rpc.slowness.timeout = 300s (custom)
2021-12-05 13:32:30,493 [pool-527-thread-1] INFO  server.RaftServerConfigKeys (ConfUtils.java:logGet(44)) - raft.server.leaderelection.leader.step-down.wait-time = 10s (default)
2021-12-05 13:32:30,493 [pool-527-thread-1] INFO  server.RaftServerConfigKeys (ConfUtils.java:logGet(44)) - raft.server.sleep.deviation.threshold = 300ms (default)
2021-12-05 13:32:30,493 [pool-527-thread-1] INFO  server.RaftServerConfigKeys (ConfUtils.java:logGet(44)) - raft.server.log.appender.install.snapshot.enabled = false (custom)
2021-12-05 13:32:30,493 [pool-527-thread-1] INFO  server.RaftServer$Division (ServerState.java:<init>(105)) - a6fc2e02-ba25-4172-96f1-26bb4d53af53@group-379AB751DF15: ConfigurationManager, init=-1: [a6fc2e02-ba25-4172-96f1-26bb4d53af53|rpc:10.1.0.33:46833|priority:1], old=null, confs=<EMPTY_MAP>
2021-12-05 13:32:30,493 [pool-527-thread-1] INFO  server.RaftServerConfigKeys (ConfUtils.java:logGet(44)) - raft.server.storage.dir = [/home/runner/work/ozone/ozone/hadoop-ozone/integration-test/target/test-dir/MiniOzoneClusterImpl-d3c014ad-d181-4610-b0a5-9ad7c33a3941/datanode-2/data/ratis] (custom)
2021-12-05 13:32:30,493 [pool-527-thread-1] INFO  server.RaftServerConfigKeys (ConfUtils.java:logGet(44)) - raft.server.log.corruption.policy = EXCEPTION (default)
2021-12-05 13:32:30,493 [pool-527-thread-1] INFO  server.RaftServerConfigKeys (ConfUtils.java:logGet(44)) - raft.server.storage.free-space.min = 0MB (=0) (default)
2021-12-05 13:32:30,493 [pool-527-thread-1] INFO  storage.RaftStorageDirectory (RaftStorageDirectoryImpl.java:analyzeStorage(135)) - The storage directory /home/runner/work/ozone/ozone/hadoop-ozone/integration-test/target/test-dir/MiniOzoneClusterImpl-d3c014ad-d181-4610-b0a5-9ad7c33a3941/datanode-2/data/ratis/dc454bc0-25c3-471b-a58f-379ab751df15 does not exist. Creating ...
2021-12-05 13:32:30,510 [pool-527-thread-1] INFO  storage.RaftStorageDirectory (RaftStorageDirectoryImpl.java:tryLock(230)) - Lock on /home/runner/work/ozone/ozone/hadoop-ozone/integration-test/target/test-dir/MiniOzoneClusterImpl-d3c014ad-d181-4610-b0a5-9ad7c33a3941/datanode-2/data/ratis/dc454bc0-25c3-471b-a58f-379ab751df15/in_use.lock acquired by nodename 9128@fv-az148-969
2021-12-05 13:32:30,512 [pool-527-thread-1] INFO  storage.RaftStorage (RaftStorageImpl.java:format(89)) - Storage directory /home/runner/work/ozone/ozone/hadoop-ozone/integration-test/target/test-dir/MiniOzoneClusterImpl-d3c014ad-d181-4610-b0a5-9ad7c33a3941/datanode-2/data/ratis/dc454bc0-25c3-471b-a58f-379ab751df15 has been successfully formatted.
2021-12-05 13:32:30,513 [pool-527-thread-1] INFO  ratis.ContainerStateMachine (ContainerStateMachine.java:loadSnapshot(224)) - group-379AB751DF15: The snapshot info is null. Setting the last applied indexto:(t:0, i:~)
2021-12-05 13:32:30,513 [pool-527-thread-1] INFO  server.RaftServerConfigKeys (ConfUtils.java:logGet(44)) - raft.server.notification.no-leader.timeout = 300s (custom)
2021-12-05 13:32:30,513 [pool-527-thread-1] INFO  server.RaftServerConfigKeys (ConfUtils.java:logGet(44)) - raft.server.log.use.memory = false (default)
2021-12-05 13:32:30,513 [pool-527-thread-1] INFO  server.RaftServerConfigKeys (ConfUtils.java:logGet(44)) - raft.server.log.purge.gap = 1000000 (custom)
2021-12-05 13:32:30,513 [pool-527-thread-1] INFO  server.RaftServerConfigKeys (ConfUtils.java:logGet(44)) - raft.server.log.appender.buffer.byte-limit = 33554432 (custom)
2021-12-05 13:32:30,513 [pool-527-thread-1] INFO  server.RaftServerConfigKeys (ConfUtils.java:logGet(44)) - raft.server.log.segment.size.max = 1048576 (custom)
2021-12-05 13:32:30,513 [pool-527-thread-1] INFO  server.RaftServerConfigKeys (ConfUtils.java:logGet(44)) - raft.server.log.segment.cache.num.max = 2 (custom)
2021-12-05 13:32:30,514 [pool-527-thread-1] INFO  server.RaftServerConfigKeys (ConfUtils.java:logGet(44)) - raft.server.log.segment.cache.size.max = 200MB (=209715200) (default)
2021-12-05 13:32:30,514 [pool-527-thread-1] INFO  segmented.SegmentedRaftLogWorker (SegmentedRaftLogWorker.java:<init>(182)) - new a6fc2e02-ba25-4172-96f1-26bb4d53af53@group-379AB751DF15-SegmentedRaftLogWorker for RaftStorageImpl:Storage Directory /home/runner/work/ozone/ozone/hadoop-ozone/integration-test/target/test-dir/MiniOzoneClusterImpl-d3c014ad-d181-4610-b0a5-9ad7c33a3941/datanode-2/data/ratis/dc454bc0-25c3-471b-a58f-379ab751df15
2021-12-05 13:32:30,514 [pool-527-thread-1] INFO  server.RaftServerConfigKeys (ConfUtils.java:logGet(44)) - raft.server.log.queue.byte-limit = 2147483647 (custom)
2021-12-05 13:32:30,514 [pool-527-thread-1] INFO  server.RaftServerConfigKeys (ConfUtils.java:logGet(44)) - raft.server.log.queue.element-limit = 1024 (custom)
2021-12-05 13:32:30,514 [pool-527-thread-1] INFO  server.RaftServerConfigKeys (ConfUtils.java:logGet(44)) - raft.server.log.segment.size.max = 1048576 (custom)
2021-12-05 13:32:30,514 [pool-527-thread-1] INFO  server.RaftServerConfigKeys (ConfUtils.java:logGet(44)) - raft.server.log.preallocated.size = 16384 (custom)
2021-12-05 13:32:30,514 [pool-527-thread-1] INFO  server.RaftServerConfigKeys (ConfUtils.java:logGet(44)) - raft.server.log.force.sync.num = 128 (default)
2021-12-05 13:32:30,514 [pool-527-thread-1] INFO  server.RaftServerConfigKeys (ConfUtils.java:logGet(44)) - raft.server.log.statemachine.data.sync = true (default)
2021-12-05 13:32:30,514 [pool-527-thread-1] INFO  server.RaftServerConfigKeys (ConfUtils.java:logGet(44)) - raft.server.log.statemachine.data.sync.timeout = 10s (default)
2021-12-05 13:32:30,514 [pool-527-thread-1] INFO  server.RaftServerConfigKeys (ConfUtils.java:logGet(44)) - raft.server.log.statemachine.data.sync.timeout.retry = -1 (default)
2021-12-05 13:32:30,515 [pool-527-thread-1] INFO  server.RaftServerConfigKeys (ConfUtils.java:logGet(44)) - raft.server.log.write.buffer.size = 1048576 (custom)
2021-12-05 13:32:30,515 [pool-527-thread-1] INFO  server.RaftServerConfigKeys (ConfUtils.java:logGet(44)) - raft.server.log.statemachine.data.caching.enabled = true (custom)
2021-12-05 13:32:30,516 [pool-527-thread-1] INFO  segmented.SegmentedRaftLogWorker (SegmentedRaftLogWorker.java:lambda$new$0(133)) - a6fc2e02-ba25-4172-96f1-26bb4d53af53@group-379AB751DF15-SegmentedRaftLogWorker: flushIndex: setUnconditionally 0 -> -1
2021-12-05 13:32:30,516 [pool-527-thread-1] INFO  segmented.SegmentedRaftLogWorker (SegmentedRaftLogWorker.java:lambda$new$0(133)) - a6fc2e02-ba25-4172-96f1-26bb4d53af53@group-379AB751DF15-SegmentedRaftLogWorker: safeCacheEvictIndex: setUnconditionally 0 -> -1
2021-12-05 13:32:30,518 [EventQueue-PipelineReportForPipelineReportHandler] INFO  pipeline.PipelineManagerImpl (PipelineManagerImpl.java:openPipeline(289)) - Pipeline Pipeline[ Id: dc454bc0-25c3-471b-a58f-379ab751df15, Nodes: a6fc2e02-ba25-4172-96f1-26bb4d53af53{ip: 10.1.0.33, host: fv-az148-969.bm4ck3pvxvsene1rjriu5fhcdb.bx.internal.cloudapp.net, ports: [REPLICATION=38643, RATIS=46833, RATIS_ADMIN=46833, RATIS_SERVER=46833, STANDALONE=44837], networkLocation: /default-rack, certSerialId: null, persistedOpState: IN_SERVICE, persistedOpStateExpiryEpochSec: 0}, ReplicationConfig: RATIS/ONE, State:ALLOCATED, leaderId:a6fc2e02-ba25-4172-96f1-26bb4d53af53, CreationTimestamp2021-12-05T13:32:27.504Z[Etc/UTC]] moved to OPEN state
2021-12-05 13:32:30,518 [EventQueue-OpenPipelineForHealthyPipelineSafeModeRule] INFO  safemode.SCMSafeModeManager (HealthyPipelineSafeModeRule.java:process(124)) - SCM in safe mode. Healthy pipelines reported count is 0, required healthy pipeline reported count is 1
2021-12-05 13:32:30,525 [pool-527-thread-1] INFO  server.RaftServerConfigKeys (ConfUtils.java:logGet(44)) - raft.server.snapshot.auto.trigger.enabled = true (custom)
2021-12-05 13:32:30,530 [pool-527-thread-1] INFO  server.RaftServerConfigKeys (ConfUtils.java:logGet(44)) - raft.server.snapshot.auto.trigger.threshold = 10000 (custom)
2021-12-05 13:32:30,530 [pool-527-thread-1] INFO  server.RaftServerConfigKeys (ConfUtils.java:logGet(44)) - raft.server.snapshot.retention.file.num = 5 (custom)
2021-12-05 13:32:30,530 [pool-527-thread-1] INFO  server.RaftServerConfigKeys (ConfUtils.java:logGet(44)) - raft.server.log.purge.upto.snapshot.index = false (default)
2021-12-05 13:32:30,530 [pool-527-thread-1] INFO  server.RaftServerConfigKeys (ConfUtils.java:logGet(44)) - raft.server.retrycache.expirytime = 600000ms (custom)
2021-12-05 13:32:30,530 [pool-527-thread-1] INFO  server.RaftServerConfigKeys (ConfUtils.java:logGet(44)) - raft.server.retrycache.statistics.expirytime = 100μs (default)
2021-12-05 13:32:30,532 [pool-527-thread-1] INFO  server.RaftServer$Division (RaftServerImpl.java:<init>(184)) - a6fc2e02-ba25-4172-96f1-26bb4d53af53: new RaftServerImpl for group-5A02D46FDBBD:[6824ef76-7bc5-4594-ad24-265b087b6a03|rpc:10.1.0.33:42703|dataStream:|priority:1, 6b0d9cdd-7078-4b14-a53d-7b743cf9f2d3|rpc:10.1.0.33:37287|dataStream:|priority:0, a6fc2e02-ba25-4172-96f1-26bb4d53af53|rpc:10.1.0.33:46833|dataStream:|priority:0] with ContainerStateMachine:uninitialized
2021-12-05 13:32:30,532 [pool-527-thread-1] INFO  server.RaftServerConfigKeys (ConfUtils.java:logGet(44)) - raft.server.rpc.timeout.min = 5s (custom)
2021-12-05 13:32:30,532 [pool-527-thread-1] INFO  server.RaftServerConfigKeys (ConfUtils.java:logGet(44)) - raft.server.rpc.timeout.max = 5200ms (custom)
2021-12-05 13:32:30,532 [pool-527-thread-1] INFO  server.RaftServerConfigKeys (ConfUtils.java:logGet(44)) - raft.server.rpc.sleep.time = 25ms (default)
2021-12-05 13:32:30,532 [pool-527-thread-1] INFO  server.RaftServerConfigKeys (ConfUtils.java:logGet(44)) - raft.server.rpc.slowness.timeout = 300s (custom)
2021-12-05 13:32:30,532 [pool-527-thread-1] INFO  server.RaftServerConfigKeys (ConfUtils.java:logGet(44)) - raft.server.leaderelection.leader.step-down.wait-time = 10s (default)
2021-12-05 13:32:30,532 [pool-527-thread-1] INFO  server.RaftServerConfigKeys (ConfUtils.java:logGet(44)) - raft.server.sleep.deviation.threshold = 300ms (default)
2021-12-05 13:32:30,532 [pool-527-thread-1] INFO  server.RaftServerConfigKeys (ConfUtils.java:logGet(44)) - raft.server.log.appender.install.snapshot.enabled = false (custom)
2021-12-05 13:32:30,532 [pool-527-thread-1] INFO  server.RaftServer$Division (ServerState.java:<init>(105)) - a6fc2e02-ba25-4172-96f1-26bb4d53af53@group-5A02D46FDBBD: ConfigurationManager, init=-1: [6824ef76-7bc5-4594-ad24-265b087b6a03|rpc:10.1.0.33:42703|dataStream:|priority:1, 6b0d9cdd-7078-4b14-a53d-7b743cf9f2d3|rpc:10.1.0.33:37287|dataStream:|priority:0, a6fc2e02-ba25-4172-96f1-26bb4d53af53|rpc:10.1.0.33:46833|dataStream:|priority:0], old=null, confs=<EMPTY_MAP>
2021-12-05 13:32:30,532 [pool-527-thread-1] INFO  server.RaftServerConfigKeys (ConfUtils.java:logGet(44)) - raft.server.storage.dir = [/home/runner/work/ozone/ozone/hadoop-ozone/integration-test/target/test-dir/MiniOzoneClusterImpl-d3c014ad-d181-4610-b0a5-9ad7c33a3941/datanode-2/data/ratis] (custom)
2021-12-05 13:32:30,533 [pool-527-thread-1] INFO  server.RaftServerConfigKeys (ConfUtils.java:logGet(44)) - raft.server.log.corruption.policy = EXCEPTION (default)
2021-12-05 13:32:30,533 [pool-527-thread-1] INFO  server.RaftServerConfigKeys (ConfUtils.java:logGet(44)) - raft.server.storage.free-space.min = 0MB (=0) (default)
2021-12-05 13:32:30,533 [pool-527-thread-1] INFO  storage.RaftStorageDirectory (RaftStorageDirectoryImpl.java:analyzeStorage(135)) - The storage directory /home/runner/work/ozone/ozone/hadoop-ozone/integration-test/target/test-dir/MiniOzoneClusterImpl-d3c014ad-d181-4610-b0a5-9ad7c33a3941/datanode-2/data/ratis/66e08e63-33ff-4bd3-8886-5a02d46fdbbd does not exist. Creating ...
2021-12-05 13:32:30,530 [grpc-default-executor-0] INFO  server.RaftServer (RaftServerProxy.java:addNew(95)) - a6fc2e02-ba25-4172-96f1-26bb4d53af53: addNew group-5A02D46FDBBD:[6824ef76-7bc5-4594-ad24-265b087b6a03|rpc:10.1.0.33:42703|dataStream:|priority:1, 6b0d9cdd-7078-4b14-a53d-7b743cf9f2d3|rpc:10.1.0.33:37287|dataStream:|priority:0, a6fc2e02-ba25-4172-96f1-26bb4d53af53|rpc:10.1.0.33:46833|dataStream:|priority:0] returns group-5A02D46FDBBD:java.util.concurrent.CompletableFuture@6418e4f3[Not completed]
2021-12-05 13:32:30,538 [pool-527-thread-1] INFO  storage.RaftStorageDirectory (RaftStorageDirectoryImpl.java:tryLock(230)) - Lock on /home/runner/work/ozone/ozone/hadoop-ozone/integration-test/target/test-dir/MiniOzoneClusterImpl-d3c014ad-d181-4610-b0a5-9ad7c33a3941/datanode-2/data/ratis/66e08e63-33ff-4bd3-8886-5a02d46fdbbd/in_use.lock acquired by nodename 9128@fv-az148-969
2021-12-05 13:32:30,540 [pool-527-thread-1] INFO  storage.RaftStorage (RaftStorageImpl.java:format(89)) - Storage directory /home/runner/work/ozone/ozone/hadoop-ozone/integration-test/target/test-dir/MiniOzoneClusterImpl-d3c014ad-d181-4610-b0a5-9ad7c33a3941/datanode-2/data/ratis/66e08e63-33ff-4bd3-8886-5a02d46fdbbd has been successfully formatted.
2021-12-05 13:32:30,540 [pool-527-thread-1] INFO  ratis.ContainerStateMachine (ContainerStateMachine.java:loadSnapshot(224)) - group-5A02D46FDBBD: The snapshot info is null. Setting the last applied indexto:(t:0, i:~)
2021-12-05 13:32:30,540 [pool-527-thread-1] INFO  server.RaftServerConfigKeys (ConfUtils.java:logGet(44)) - raft.server.notification.no-leader.timeout = 300s (custom)
2021-12-05 13:32:30,540 [pool-527-thread-1] INFO  server.RaftServerConfigKeys (ConfUtils.java:logGet(44)) - raft.server.log.use.memory = false (default)
2021-12-05 13:32:30,540 [pool-527-thread-1] INFO  server.RaftServerConfigKeys (ConfUtils.java:logGet(44)) - raft.server.log.purge.gap = 1000000 (custom)
2021-12-05 13:32:30,540 [pool-527-thread-1] INFO  server.RaftServerConfigKeys (ConfUtils.java:logGet(44)) - raft.server.log.appender.buffer.byte-limit = 33554432 (custom)
2021-12-05 13:32:30,541 [EventQueue-OpenPipelineForHealthyPipelineSafeModeRule] INFO  safemode.SCMSafeModeManager (HealthyPipelineSafeModeRule.java:process(124)) - SCM in safe mode. Healthy pipelines reported count is 0, required healthy pipeline reported count is 1
2021-12-05 13:32:30,541 [pool-527-thread-1] INFO  server.RaftServerConfigKeys (ConfUtils.java:logGet(44)) - raft.server.log.segment.size.max = 1048576 (custom)
2021-12-05 13:32:30,541 [pool-527-thread-1] INFO  server.RaftServerConfigKeys (ConfUtils.java:logGet(44)) - raft.server.log.segment.cache.num.max = 2 (custom)
2021-12-05 13:32:30,541 [pool-527-thread-1] INFO  server.RaftServerConfigKeys (ConfUtils.java:logGet(44)) - raft.server.log.segment.cache.size.max = 200MB (=209715200) (default)
2021-12-05 13:32:30,541 [pool-527-thread-1] INFO  segmented.SegmentedRaftLogWorker (SegmentedRaftLogWorker.java:<init>(182)) - new a6fc2e02-ba25-4172-96f1-26bb4d53af53@group-5A02D46FDBBD-SegmentedRaftLogWorker for RaftStorageImpl:Storage Directory /home/runner/work/ozone/ozone/hadoop-ozone/integration-test/target/test-dir/MiniOzoneClusterImpl-d3c014ad-d181-4610-b0a5-9ad7c33a3941/datanode-2/data/ratis/66e08e63-33ff-4bd3-8886-5a02d46fdbbd
2021-12-05 13:32:30,542 [pool-527-thread-1] INFO  server.RaftServerConfigKeys (ConfUtils.java:logGet(44)) - raft.server.log.queue.byte-limit = 2147483647 (custom)
2021-12-05 13:32:30,542 [pool-527-thread-1] INFO  server.RaftServerConfigKeys (ConfUtils.java:logGet(44)) - raft.server.log.queue.element-limit = 1024 (custom)
2021-12-05 13:32:30,542 [pool-527-thread-1] INFO  server.RaftServerConfigKeys (ConfUtils.java:logGet(44)) - raft.server.log.segment.size.max = 1048576 (custom)
2021-12-05 13:32:30,542 [pool-527-thread-1] INFO  server.RaftServerConfigKeys (ConfUtils.java:logGet(44)) - raft.server.log.preallocated.size = 16384 (custom)
2021-12-05 13:32:30,542 [pool-527-thread-1] INFO  server.RaftServerConfigKeys (ConfUtils.java:logGet(44)) - raft.server.log.force.sync.num = 128 (default)
2021-12-05 13:32:30,542 [pool-527-thread-1] INFO  server.RaftServerConfigKeys (ConfUtils.java:logGet(44)) - raft.server.log.statemachine.data.sync = true (default)
2021-12-05 13:32:30,542 [pool-527-thread-1] INFO  server.RaftServerConfigKeys (ConfUtils.java:logGet(44)) - raft.server.log.statemachine.data.sync.timeout = 10s (default)
2021-12-05 13:32:30,542 [pool-527-thread-1] INFO  server.RaftServerConfigKeys (ConfUtils.java:logGet(44)) - raft.server.log.statemachine.data.sync.timeout.retry = -1 (default)
2021-12-05 13:32:30,543 [pool-527-thread-1] INFO  server.RaftServerConfigKeys (ConfUtils.java:logGet(44)) - raft.server.log.write.buffer.size = 1048576 (custom)
2021-12-05 13:32:30,548 [pool-527-thread-1] INFO  server.RaftServerConfigKeys (ConfUtils.java:logGet(44)) - raft.server.log.statemachine.data.caching.enabled = true (custom)
2021-12-05 13:32:30,554 [pool-527-thread-1] INFO  segmented.SegmentedRaftLogWorker (SegmentedRaftLogWorker.java:lambda$new$0(133)) - a6fc2e02-ba25-4172-96f1-26bb4d53af53@group-5A02D46FDBBD-SegmentedRaftLogWorker: flushIndex: setUnconditionally 0 -> -1
2021-12-05 13:32:30,554 [pool-527-thread-1] INFO  segmented.SegmentedRaftLogWorker (SegmentedRaftLogWorker.java:lambda$new$0(133)) - a6fc2e02-ba25-4172-96f1-26bb4d53af53@group-5A02D46FDBBD-SegmentedRaftLogWorker: safeCacheEvictIndex: setUnconditionally 0 -> -1
2021-12-05 13:32:30,558 [pool-527-thread-1] INFO  server.RaftServerConfigKeys (ConfUtils.java:logGet(44)) - raft.server.snapshot.auto.trigger.enabled = true (custom)
2021-12-05 13:32:30,558 [pool-527-thread-1] INFO  server.RaftServerConfigKeys (ConfUtils.java:logGet(44)) - raft.server.snapshot.auto.trigger.threshold = 10000 (custom)
2021-12-05 13:32:30,558 [pool-527-thread-1] INFO  server.RaftServerConfigKeys (ConfUtils.java:logGet(44)) - raft.server.snapshot.retention.file.num = 5 (custom)
2021-12-05 13:32:30,558 [pool-527-thread-1] INFO  server.RaftServerConfigKeys (ConfUtils.java:logGet(44)) - raft.server.log.purge.upto.snapshot.index = false (default)
2021-12-05 13:32:30,559 [pool-527-thread-1] INFO  server.RaftServerConfigKeys (ConfUtils.java:logGet(44)) - raft.server.retrycache.expirytime = 600000ms (custom)
2021-12-05 13:32:30,559 [pool-527-thread-1] INFO  server.RaftServerConfigKeys (ConfUtils.java:logGet(44)) - raft.server.retrycache.statistics.expirytime = 100μs (default)
2021-12-05 13:32:30,560 [pool-527-thread-1] INFO  server.RaftServer$Division (RaftServerImpl.java:start(301)) - a6fc2e02-ba25-4172-96f1-26bb4d53af53@group-379AB751DF15: start as a follower, conf=-1: [a6fc2e02-ba25-4172-96f1-26bb4d53af53|rpc:10.1.0.33:46833|priority:1], old=null
2021-12-05 13:32:30,560 [pool-527-thread-1] INFO  server.RaftServer$Division (RaftServerImpl.java:setRole(290)) - a6fc2e02-ba25-4172-96f1-26bb4d53af53@group-379AB751DF15: changes role from      null to FOLLOWER at term 0 for startAsFollower
2021-12-05 13:32:30,560 [pool-527-thread-1] INFO  impl.RoleInfo (RoleInfo.java:updateAndGet(130)) - a6fc2e02-ba25-4172-96f1-26bb4d53af53: start a6fc2e02-ba25-4172-96f1-26bb4d53af53@group-379AB751DF15-FollowerState
2021-12-05 13:32:30,561 [pool-527-thread-1] INFO  util.JmxRegister (JmxRegister.java:tryRegister(44)) - Successfully registered JMX Bean with object name Ratis:service=RaftServer,group=group-379AB751DF15,id=a6fc2e02-ba25-4172-96f1-26bb4d53af53
2021-12-05 13:32:30,562 [pool-527-thread-1] INFO  server.RaftServer$Division (RaftServerImpl.java:start(301)) - a6fc2e02-ba25-4172-96f1-26bb4d53af53@group-5A02D46FDBBD: start as a follower, conf=-1: [6824ef76-7bc5-4594-ad24-265b087b6a03|rpc:10.1.0.33:42703|dataStream:|priority:1, 6b0d9cdd-7078-4b14-a53d-7b743cf9f2d3|rpc:10.1.0.33:37287|dataStream:|priority:0, a6fc2e02-ba25-4172-96f1-26bb4d53af53|rpc:10.1.0.33:46833|dataStream:|priority:0], old=null
2021-12-05 13:32:30,562 [pool-527-thread-1] INFO  server.RaftServer$Division (RaftServerImpl.java:setRole(290)) - a6fc2e02-ba25-4172-96f1-26bb4d53af53@group-5A02D46FDBBD: changes role from      null to FOLLOWER at term 0 for startAsFollower
2021-12-05 13:32:30,562 [pool-527-thread-1] INFO  impl.RoleInfo (RoleInfo.java:updateAndGet(130)) - a6fc2e02-ba25-4172-96f1-26bb4d53af53: start a6fc2e02-ba25-4172-96f1-26bb4d53af53@group-5A02D46FDBBD-FollowerState
2021-12-05 13:32:30,562 [Command processor thread] INFO  ratis.XceiverServerRatis (XceiverServerRatis.java:addGroup(768)) - Created group PipelineID=dc454bc0-25c3-471b-a58f-379ab751df15
2021-12-05 13:32:30,562 [Command processor thread] INFO  commandhandler.CreatePipelineCommandHandler (CreatePipelineCommandHandler.java:handle(106)) - Created Pipeline RATIS ONE PipelineID=dc454bc0-25c3-471b-a58f-379ab751df15.
2021-12-05 13:32:30,563 [pool-527-thread-1] INFO  util.JmxRegister (JmxRegister.java:tryRegister(44)) - Successfully registered JMX Bean with object name Ratis:service=RaftServer,group=group-5A02D46FDBBD,id=a6fc2e02-ba25-4172-96f1-26bb4d53af53
2021-12-05 13:32:30,572 [Command processor thread] INFO  commandhandler.CreatePipelineCommandHandler (CreatePipelineCommandHandler.java:handle(106)) - Created Pipeline RATIS THREE PipelineID=66e08e63-33ff-4bd3-8886-5a02d46fdbbd.
2021-12-05 13:32:31,488 [Listener at 127.0.0.1/40645] INFO  ozone.MiniOzoneClusterImpl (MiniOzoneClusterImpl.java:lambda$waitForClusterToBeReady$0(235)) - Nodes are ready. Got 3 of 3 DN Heartbeats.
2021-12-05 13:32:31,489 [Listener at 127.0.0.1/40645] INFO  ozone.MiniOzoneClusterImpl (MiniOzoneClusterImpl.java:lambda$waitForClusterToBeReady$0(238)) - Waiting for cluster to exit safe mode
2021-12-05 13:32:31,489 [Listener at 127.0.0.1/40645] INFO  ozone.MiniOzoneClusterImpl (MiniOzoneClusterImpl.java:lambda$waitForClusterToBeReady$0(240)) - SCM became leader
2021-12-05 13:32:32,489 [Listener at 127.0.0.1/40645] INFO  ozone.MiniOzoneClusterImpl (MiniOzoneClusterImpl.java:lambda$waitForClusterToBeReady$0(235)) - Nodes are ready. Got 3 of 3 DN Heartbeats.
2021-12-05 13:32:32,490 [Listener at 127.0.0.1/40645] INFO  ozone.MiniOzoneClusterImpl (MiniOzoneClusterImpl.java:lambda$waitForClusterToBeReady$0(238)) - Waiting for cluster to exit safe mode
2021-12-05 13:32:32,490 [Listener at 127.0.0.1/40645] INFO  ozone.MiniOzoneClusterImpl (MiniOzoneClusterImpl.java:lambda$waitForClusterToBeReady$0(240)) - SCM became leader
2021-12-05 13:32:33,490 [Listener at 127.0.0.1/40645] INFO  ozone.MiniOzoneClusterImpl (MiniOzoneClusterImpl.java:lambda$waitForClusterToBeReady$0(235)) - Nodes are ready. Got 3 of 3 DN Heartbeats.
2021-12-05 13:32:33,491 [Listener at 127.0.0.1/40645] INFO  ozone.MiniOzoneClusterImpl (MiniOzoneClusterImpl.java:lambda$waitForClusterToBeReady$0(238)) - Waiting for cluster to exit safe mode
2021-12-05 13:32:33,491 [Listener at 127.0.0.1/40645] INFO  ozone.MiniOzoneClusterImpl (MiniOzoneClusterImpl.java:lambda$waitForClusterToBeReady$0(240)) - SCM became leader
2021-12-05 13:32:34,491 [Listener at 127.0.0.1/40645] INFO  ozone.MiniOzoneClusterImpl (MiniOzoneClusterImpl.java:lambda$waitForClusterToBeReady$0(235)) - Nodes are ready. Got 3 of 3 DN Heartbeats.
2021-12-05 13:32:34,491 [Listener at 127.0.0.1/40645] INFO  ozone.MiniOzoneClusterImpl (MiniOzoneClusterImpl.java:lambda$waitForClusterToBeReady$0(238)) - Waiting for cluster to exit safe mode
2021-12-05 13:32:34,491 [Listener at 127.0.0.1/40645] INFO  ozone.MiniOzoneClusterImpl (MiniOzoneClusterImpl.java:lambda$waitForClusterToBeReady$0(240)) - SCM became leader
2021-12-05 13:32:35,048 [6b0d9cdd-7078-4b14-a53d-7b743cf9f2d3@group-2C69C9B35812-FollowerState] INFO  impl.FollowerState (FollowerState.java:run(134)) - 6b0d9cdd-7078-4b14-a53d-7b743cf9f2d3@group-2C69C9B35812-FollowerState: change to CANDIDATE, lastRpcElapsedTime:5113128642ns, electionTimeout:5112ms
2021-12-05 13:32:35,048 [6b0d9cdd-7078-4b14-a53d-7b743cf9f2d3@group-2C69C9B35812-FollowerState] INFO  impl.RoleInfo (RoleInfo.java:shutdownFollowerState(108)) - 6b0d9cdd-7078-4b14-a53d-7b743cf9f2d3: shutdown 6b0d9cdd-7078-4b14-a53d-7b743cf9f2d3@group-2C69C9B35812-FollowerState
2021-12-05 13:32:35,048 [6b0d9cdd-7078-4b14-a53d-7b743cf9f2d3@group-2C69C9B35812-FollowerState] INFO  server.RaftServer$Division (RaftServerImpl.java:setRole(290)) - 6b0d9cdd-7078-4b14-a53d-7b743cf9f2d3@group-2C69C9B35812: changes role from  FOLLOWER to CANDIDATE at term 0 for changeToCandidate
2021-12-05 13:32:35,050 [6b0d9cdd-7078-4b14-a53d-7b743cf9f2d3@group-2C69C9B35812-FollowerState] INFO  server.RaftServerConfigKeys (ConfUtils.java:logGet(44)) - raft.server.leaderelection.pre-vote = false (custom)
2021-12-05 13:32:35,050 [6b0d9cdd-7078-4b14-a53d-7b743cf9f2d3@group-2C69C9B35812-FollowerState] INFO  impl.RoleInfo (RoleInfo.java:updateAndGet(130)) - 6b0d9cdd-7078-4b14-a53d-7b743cf9f2d3: start 6b0d9cdd-7078-4b14-a53d-7b743cf9f2d3@group-2C69C9B35812-LeaderElection38
2021-12-05 13:32:35,068 [6b0d9cdd-7078-4b14-a53d-7b743cf9f2d3@group-2C69C9B35812-LeaderElection38] INFO  impl.LeaderElection (LeaderElection.java:askForVotes(306)) - 6b0d9cdd-7078-4b14-a53d-7b743cf9f2d3@group-2C69C9B35812-LeaderElection38 ELECTION round 0: submit vote requests at term 1 for -1: [6b0d9cdd-7078-4b14-a53d-7b743cf9f2d3|rpc:10.1.0.33:37287|priority:1], old=null
2021-12-05 13:32:35,068 [6b0d9cdd-7078-4b14-a53d-7b743cf9f2d3@group-2C69C9B35812-LeaderElection38] INFO  impl.LeaderElection (LeaderElection.java:askForVotes(308)) - 6b0d9cdd-7078-4b14-a53d-7b743cf9f2d3@group-2C69C9B35812-LeaderElection38 ELECTION round 0: result PASSED (term=1)
2021-12-05 13:32:35,068 [6b0d9cdd-7078-4b14-a53d-7b743cf9f2d3@group-2C69C9B35812-LeaderElection38] INFO  impl.RoleInfo (RoleInfo.java:shutdownLeaderElection(121)) - 6b0d9cdd-7078-4b14-a53d-7b743cf9f2d3: shutdown 6b0d9cdd-7078-4b14-a53d-7b743cf9f2d3@group-2C69C9B35812-LeaderElection38
2021-12-05 13:32:35,068 [6b0d9cdd-7078-4b14-a53d-7b743cf9f2d3@group-2C69C9B35812-LeaderElection38] INFO  server.RaftServer$Division (RaftServerImpl.java:setRole(290)) - 6b0d9cdd-7078-4b14-a53d-7b743cf9f2d3@group-2C69C9B35812: changes role from CANDIDATE to LEADER at term 1 for changeToLeader
2021-12-05 13:32:35,068 [6b0d9cdd-7078-4b14-a53d-7b743cf9f2d3@group-2C69C9B35812-LeaderElection38] INFO  ratis.XceiverServerRatis (XceiverServerRatis.java:handleLeaderChangedNotification(866)) - Leader change notification received for group: group-2C69C9B35812 with new leaderId: 6b0d9cdd-7078-4b14-a53d-7b743cf9f2d3
2021-12-05 13:32:35,068 [6b0d9cdd-7078-4b14-a53d-7b743cf9f2d3@group-2C69C9B35812-LeaderElection38] INFO  server.RaftServer$Division (ServerState.java:setLeader(285)) - 6b0d9cdd-7078-4b14-a53d-7b743cf9f2d3@group-2C69C9B35812: change Leader from null to 6b0d9cdd-7078-4b14-a53d-7b743cf9f2d3 at term 1 for becomeLeader, leader elected after 5211ms
2021-12-05 13:32:35,068 [6b0d9cdd-7078-4b14-a53d-7b743cf9f2d3@group-2C69C9B35812-LeaderElection38] INFO  server.RaftServerConfigKeys (ConfUtils.java:logGet(44)) - raft.server.staging.catchup.gap = 1000 (default)
2021-12-05 13:32:35,069 [6b0d9cdd-7078-4b14-a53d-7b743cf9f2d3@group-2C69C9B35812-LeaderElection38] INFO  server.RaftServerConfigKeys (ConfUtils.java:logGet(44)) - raft.server.write.element-limit = 1024 (custom)
2021-12-05 13:32:35,069 [6b0d9cdd-7078-4b14-a53d-7b743cf9f2d3@group-2C69C9B35812-LeaderElection38] INFO  server.RaftServerConfigKeys (ConfUtils.java:logGet(44)) - raft.server.write.byte-limit = 1024 M (=1073741824) (custom)
2021-12-05 13:32:35,069 [6b0d9cdd-7078-4b14-a53d-7b743cf9f2d3@group-2C69C9B35812-LeaderElection38] INFO  server.RaftServerConfigKeys (ConfUtils.java:logGet(44)) - raft.server.watch.timeout = 180s (custom)
2021-12-05 13:32:35,071 [EventQueue-OpenPipelineForHealthyPipelineSafeModeRule] INFO  safemode.SCMSafeModeManager (HealthyPipelineSafeModeRule.java:process(124)) - SCM in safe mode. Healthy pipelines reported count is 0, required healthy pipeline reported count is 1
2021-12-05 13:32:35,072 [6b0d9cdd-7078-4b14-a53d-7b743cf9f2d3@group-2C69C9B35812-LeaderElection38] INFO  server.RaftServerConfigKeys (ConfUtils.java:logGet(44)) - raft.server.watch.timeout.denomination = 1s (default)
2021-12-05 13:32:35,073 [6b0d9cdd-7078-4b14-a53d-7b743cf9f2d3@group-2C69C9B35812-LeaderElection38] INFO  server.RaftServerConfigKeys (ConfUtils.java:logGet(44)) - raft.server.watch.element-limit = 65536 (default)
2021-12-05 13:32:35,073 [6b0d9cdd-7078-4b14-a53d-7b743cf9f2d3@group-2C69C9B35812-LeaderElection38] INFO  server.RaftServerConfigKeys (ConfUtils.java:logGet(44)) - raft.server.write.element-limit = 1024 (custom)
2021-12-05 13:32:35,073 [6b0d9cdd-7078-4b14-a53d-7b743cf9f2d3@group-2C69C9B35812-LeaderElection38] INFO  server.RaftServerConfigKeys (ConfUtils.java:logGet(44)) - raft.server.write.follower.gap.ratio.max = -1.0 (default)
2021-12-05 13:32:35,073 [6b0d9cdd-7078-4b14-a53d-7b743cf9f2d3@group-2C69C9B35812-LeaderElection38] INFO  impl.RoleInfo (RoleInfo.java:updateAndGet(130)) - 6b0d9cdd-7078-4b14-a53d-7b743cf9f2d3: start 6b0d9cdd-7078-4b14-a53d-7b743cf9f2d3@group-2C69C9B35812-LeaderStateImpl
2021-12-05 13:32:35,074 [6b0d9cdd-7078-4b14-a53d-7b743cf9f2d3@group-2C69C9B35812-LeaderElection38] INFO  segmented.SegmentedRaftLogWorker (SegmentedRaftLogWorker.java:startLogSegment(394)) - 6b0d9cdd-7078-4b14-a53d-7b743cf9f2d3@group-2C69C9B35812-SegmentedRaftLogWorker: Starting segment from index:0
2021-12-05 13:32:35,076 [6b0d9cdd-7078-4b14-a53d-7b743cf9f2d3@group-2C69C9B35812-SegmentedRaftLogWorker] INFO  segmented.SegmentedRaftLogWorker (SegmentedRaftLogWorker.java:execute(601)) - 6b0d9cdd-7078-4b14-a53d-7b743cf9f2d3@group-2C69C9B35812-SegmentedRaftLogWorker: created new log segment /home/runner/work/ozone/ozone/hadoop-ozone/integration-test/target/test-dir/MiniOzoneClusterImpl-d3c014ad-d181-4610-b0a5-9ad7c33a3941/datanode-0/data/ratis/4a11995e-82ca-4465-ba5f-2c69c9b35812/current/log_inprogress_0
2021-12-05 13:32:35,087 [6b0d9cdd-7078-4b14-a53d-7b743cf9f2d3@group-2C69C9B35812-LeaderElection38] INFO  server.RaftServer$Division (ServerState.java:setRaftConf(387)) - 6b0d9cdd-7078-4b14-a53d-7b743cf9f2d3@group-2C69C9B35812: set configuration 0: [6b0d9cdd-7078-4b14-a53d-7b743cf9f2d3|rpc:10.1.0.33:37287|dataStream:|priority:1], old=null
2021-12-05 13:32:35,169 [6b0d9cdd-7078-4b14-a53d-7b743cf9f2d3@group-2343A9FBB539-FollowerState] INFO  impl.FollowerState (FollowerState.java:run(134)) - 6b0d9cdd-7078-4b14-a53d-7b743cf9f2d3@group-2343A9FBB539-FollowerState: change to CANDIDATE, lastRpcElapsedTime:5156384178ns, electionTimeout:5139ms
2021-12-05 13:32:35,170 [6b0d9cdd-7078-4b14-a53d-7b743cf9f2d3@group-2343A9FBB539-FollowerState] INFO  impl.RoleInfo (RoleInfo.java:shutdownFollowerState(108)) - 6b0d9cdd-7078-4b14-a53d-7b743cf9f2d3: shutdown 6b0d9cdd-7078-4b14-a53d-7b743cf9f2d3@group-2343A9FBB539-FollowerState
2021-12-05 13:32:35,170 [6b0d9cdd-7078-4b14-a53d-7b743cf9f2d3@group-2343A9FBB539-FollowerState] INFO  server.RaftServer$Division (RaftServerImpl.java:setRole(290)) - 6b0d9cdd-7078-4b14-a53d-7b743cf9f2d3@group-2343A9FBB539: changes role from  FOLLOWER to CANDIDATE at term 0 for changeToCandidate
2021-12-05 13:32:35,170 [6b0d9cdd-7078-4b14-a53d-7b743cf9f2d3@group-2343A9FBB539-FollowerState] INFO  server.RaftServerConfigKeys (ConfUtils.java:logGet(44)) - raft.server.leaderelection.pre-vote = false (custom)
2021-12-05 13:32:35,170 [6b0d9cdd-7078-4b14-a53d-7b743cf9f2d3@group-2343A9FBB539-FollowerState] INFO  impl.RoleInfo (RoleInfo.java:updateAndGet(130)) - 6b0d9cdd-7078-4b14-a53d-7b743cf9f2d3: start 6b0d9cdd-7078-4b14-a53d-7b743cf9f2d3@group-2343A9FBB539-LeaderElection39
2021-12-05 13:32:35,191 [6b0d9cdd-7078-4b14-a53d-7b743cf9f2d3@group-2343A9FBB539-LeaderElection39] INFO  impl.LeaderElection (LeaderElection.java:askForVotes(306)) - 6b0d9cdd-7078-4b14-a53d-7b743cf9f2d3@group-2343A9FBB539-LeaderElection39 ELECTION round 0: submit vote requests at term 1 for -1: [6824ef76-7bc5-4594-ad24-265b087b6a03|rpc:10.1.0.33:42703|priority:0, 6b0d9cdd-7078-4b14-a53d-7b743cf9f2d3|rpc:10.1.0.33:37287|priority:0, a6fc2e02-ba25-4172-96f1-26bb4d53af53|rpc:10.1.0.33:46833|priority:1], old=null
2021-12-05 13:32:35,205 [grpc-default-executor-0] INFO  server.RaftServer$Division (RaftServerImpl.java:requestVote(1046)) - 6824ef76-7bc5-4594-ad24-265b087b6a03@group-2343A9FBB539: receive requestVote(ELECTION, 6b0d9cdd-7078-4b14-a53d-7b743cf9f2d3, group-2343A9FBB539, 1, (t:0, i:0))
2021-12-05 13:32:35,205 [grpc-default-executor-0] INFO  impl.VoteContext (VoteContext.java:log(48)) - 6824ef76-7bc5-4594-ad24-265b087b6a03@group-2343A9FBB539-FOLLOWER: accept ELECTION from 6b0d9cdd-7078-4b14-a53d-7b743cf9f2d3: our priority 0 <= candidate's priority 0
2021-12-05 13:32:35,206 [grpc-default-executor-0] INFO  server.RaftServer$Division (RaftServerImpl.java:setRole(290)) - 6824ef76-7bc5-4594-ad24-265b087b6a03@group-2343A9FBB539: changes role from  FOLLOWER to FOLLOWER at term 1 for candidate:6b0d9cdd-7078-4b14-a53d-7b743cf9f2d3
2021-12-05 13:32:35,206 [grpc-default-executor-0] INFO  impl.RoleInfo (RoleInfo.java:shutdownFollowerState(108)) - 6824ef76-7bc5-4594-ad24-265b087b6a03: shutdown 6824ef76-7bc5-4594-ad24-265b087b6a03@group-2343A9FBB539-FollowerState
2021-12-05 13:32:35,220 [grpc-default-executor-0] INFO  impl.RoleInfo (RoleInfo.java:updateAndGet(130)) - 6824ef76-7bc5-4594-ad24-265b087b6a03: start 6824ef76-7bc5-4594-ad24-265b087b6a03@group-2343A9FBB539-FollowerState
2021-12-05 13:32:35,221 [6824ef76-7bc5-4594-ad24-265b087b6a03@group-2343A9FBB539-FollowerState] INFO  impl.FollowerState (FollowerState.java:run(143)) - 6824ef76-7bc5-4594-ad24-265b087b6a03@group-2343A9FBB539-FollowerState was interrupted: {}
java.lang.InterruptedException: sleep interrupted
	at java.lang.Thread.sleep(Native Method)
	at java.lang.Thread.sleep(Thread.java:340)
	at java.util.concurrent.TimeUnit.sleep(TimeUnit.java:386)
	at org.apache.ratis.util.TimeDuration.sleep(TimeDuration.java:324)
	at org.apache.ratis.util.TimeDuration.sleep(TimeDuration.java:309)
	at org.apache.ratis.server.impl.FollowerState.run(FollowerState.java:118)
2021-12-05 13:32:35,246 [grpc-default-executor-1] INFO  server.RaftServer$Division (RaftServerImpl.java:requestVote(1046)) - a6fc2e02-ba25-4172-96f1-26bb4d53af53@group-2343A9FBB539: receive requestVote(ELECTION, 6b0d9cdd-7078-4b14-a53d-7b743cf9f2d3, group-2343A9FBB539, 1, (t:0, i:0))
2021-12-05 13:32:35,246 [grpc-default-executor-1] INFO  impl.VoteContext (VoteContext.java:log(48)) - a6fc2e02-ba25-4172-96f1-26bb4d53af53@group-2343A9FBB539-FOLLOWER: reject ELECTION from 6b0d9cdd-7078-4b14-a53d-7b743cf9f2d3: our priority 1 > candidate's priority 0
2021-12-05 13:32:35,246 [grpc-default-executor-1] INFO  server.RaftServer$Division (RaftServerImpl.java:setRole(290)) - a6fc2e02-ba25-4172-96f1-26bb4d53af53@group-2343A9FBB539: changes role from  FOLLOWER to FOLLOWER at term 1 for candidate:6b0d9cdd-7078-4b14-a53d-7b743cf9f2d3
2021-12-05 13:32:35,246 [grpc-default-executor-1] INFO  impl.RoleInfo (RoleInfo.java:shutdownFollowerState(108)) - a6fc2e02-ba25-4172-96f1-26bb4d53af53: shutdown a6fc2e02-ba25-4172-96f1-26bb4d53af53@group-2343A9FBB539-FollowerState
2021-12-05 13:32:35,246 [grpc-default-executor-1] INFO  impl.RoleInfo (RoleInfo.java:updateAndGet(130)) - a6fc2e02-ba25-4172-96f1-26bb4d53af53: start a6fc2e02-ba25-4172-96f1-26bb4d53af53@group-2343A9FBB539-FollowerState
2021-12-05 13:32:35,246 [a6fc2e02-ba25-4172-96f1-26bb4d53af53@group-2343A9FBB539-FollowerState] INFO  impl.FollowerState (FollowerState.java:run(143)) - a6fc2e02-ba25-4172-96f1-26bb4d53af53@group-2343A9FBB539-FollowerState was interrupted: {}
java.lang.InterruptedException: sleep interrupted
	at java.lang.Thread.sleep(Native Method)
	at java.lang.Thread.sleep(Thread.java:340)
	at java.util.concurrent.TimeUnit.sleep(TimeUnit.java:386)
	at org.apache.ratis.util.TimeDuration.sleep(TimeDuration.java:324)
	at org.apache.ratis.util.TimeDuration.sleep(TimeDuration.java:309)
	at org.apache.ratis.server.impl.FollowerState.run(FollowerState.java:118)
2021-12-05 13:32:35,252 [grpc-default-executor-0] INFO  server.RaftServer$Division (RaftServerImpl.java:requestVote(1078)) - 6824ef76-7bc5-4594-ad24-265b087b6a03@group-2343A9FBB539 replies to ELECTION vote request: 6b0d9cdd-7078-4b14-a53d-7b743cf9f2d3<-6824ef76-7bc5-4594-ad24-265b087b6a03#0:OK-t1. Peer's state: 6824ef76-7bc5-4594-ad24-265b087b6a03@group-2343A9FBB539:t1, leader=null, voted=6b0d9cdd-7078-4b14-a53d-7b743cf9f2d3, raftlog=6824ef76-7bc5-4594-ad24-265b087b6a03@group-2343A9FBB539-SegmentedRaftLog:OPENED:c-1, conf=-1: [6824ef76-7bc5-4594-ad24-265b087b6a03|rpc:10.1.0.33:42703|dataStream:|priority:0, 6b0d9cdd-7078-4b14-a53d-7b743cf9f2d3|rpc:10.1.0.33:37287|dataStream:|priority:0, a6fc2e02-ba25-4172-96f1-26bb4d53af53|rpc:10.1.0.33:46833|dataStream:|priority:1], old=null
2021-12-05 13:32:35,278 [grpc-default-executor-1] INFO  server.RaftServer$Division (RaftServerImpl.java:requestVote(1078)) - a6fc2e02-ba25-4172-96f1-26bb4d53af53@group-2343A9FBB539 replies to ELECTION vote request: 6b0d9cdd-7078-4b14-a53d-7b743cf9f2d3<-a6fc2e02-ba25-4172-96f1-26bb4d53af53#0:FAIL-t1. Peer's state: a6fc2e02-ba25-4172-96f1-26bb4d53af53@group-2343A9FBB539:t1, leader=null, voted=null, raftlog=a6fc2e02-ba25-4172-96f1-26bb4d53af53@group-2343A9FBB539-SegmentedRaftLog:OPENED:c-1, conf=-1: [6824ef76-7bc5-4594-ad24-265b087b6a03|rpc:10.1.0.33:42703|dataStream:|priority:0, 6b0d9cdd-7078-4b14-a53d-7b743cf9f2d3|rpc:10.1.0.33:37287|dataStream:|priority:0, a6fc2e02-ba25-4172-96f1-26bb4d53af53|rpc:10.1.0.33:46833|dataStream:|priority:1], old=null
2021-12-05 13:32:35,280 [6b0d9cdd-7078-4b14-a53d-7b743cf9f2d3@group-2343A9FBB539-LeaderElection39] INFO  impl.LeaderElection (LeaderElection.java:logAndReturn(89)) - 6b0d9cdd-7078-4b14-a53d-7b743cf9f2d3@group-2343A9FBB539-LeaderElection39: ELECTION REJECTED received 2 response(s) and 0 exception(s):
2021-12-05 13:32:35,281 [6b0d9cdd-7078-4b14-a53d-7b743cf9f2d3@group-2343A9FBB539-LeaderElection39] INFO  impl.LeaderElection (LeaderElection.java:logAndReturn(93)) -   Response 0: 6b0d9cdd-7078-4b14-a53d-7b743cf9f2d3<-6824ef76-7bc5-4594-ad24-265b087b6a03#0:OK-t1
2021-12-05 13:32:35,281 [6b0d9cdd-7078-4b14-a53d-7b743cf9f2d3@group-2343A9FBB539-LeaderElection39] INFO  impl.LeaderElection (LeaderElection.java:logAndReturn(93)) -   Response 1: 6b0d9cdd-7078-4b14-a53d-7b743cf9f2d3<-a6fc2e02-ba25-4172-96f1-26bb4d53af53#0:FAIL-t1
2021-12-05 13:32:35,281 [6b0d9cdd-7078-4b14-a53d-7b743cf9f2d3@group-2343A9FBB539-LeaderElection39] INFO  impl.LeaderElection (LeaderElection.java:askForVotes(308)) - 6b0d9cdd-7078-4b14-a53d-7b743cf9f2d3@group-2343A9FBB539-LeaderElection39 ELECTION round 0: result REJECTED
2021-12-05 13:32:35,281 [6b0d9cdd-7078-4b14-a53d-7b743cf9f2d3@group-2343A9FBB539-LeaderElection39] INFO  server.RaftServer$Division (RaftServerImpl.java:setRole(290)) - 6b0d9cdd-7078-4b14-a53d-7b743cf9f2d3@group-2343A9FBB539: changes role from CANDIDATE to FOLLOWER at term 1 for REJECTED
2021-12-05 13:32:35,281 [6b0d9cdd-7078-4b14-a53d-7b743cf9f2d3@group-2343A9FBB539-LeaderElection39] INFO  impl.RoleInfo (RoleInfo.java:shutdownLeaderElection(121)) - 6b0d9cdd-7078-4b14-a53d-7b743cf9f2d3: shutdown 6b0d9cdd-7078-4b14-a53d-7b743cf9f2d3@group-2343A9FBB539-LeaderElection39
2021-12-05 13:32:35,281 [6b0d9cdd-7078-4b14-a53d-7b743cf9f2d3@group-2343A9FBB539-LeaderElection39] INFO  impl.RoleInfo (RoleInfo.java:updateAndGet(130)) - 6b0d9cdd-7078-4b14-a53d-7b743cf9f2d3: start 6b0d9cdd-7078-4b14-a53d-7b743cf9f2d3@group-2343A9FBB539-FollowerState
2021-12-05 13:32:35,387 [6824ef76-7bc5-4594-ad24-265b087b6a03@group-DD1A59EA3815-FollowerState] INFO  impl.FollowerState (FollowerState.java:run(134)) - 6824ef76-7bc5-4594-ad24-265b087b6a03@group-DD1A59EA3815-FollowerState: change to CANDIDATE, lastRpcElapsedTime:5121359485ns, electionTimeout:5120ms
2021-12-05 13:32:35,388 [6824ef76-7bc5-4594-ad24-265b087b6a03@group-DD1A59EA3815-FollowerState] INFO  impl.RoleInfo (RoleInfo.java:shutdownFollowerState(108)) - 6824ef76-7bc5-4594-ad24-265b087b6a03: shutdown 6824ef76-7bc5-4594-ad24-265b087b6a03@group-DD1A59EA3815-FollowerState
2021-12-05 13:32:35,388 [6824ef76-7bc5-4594-ad24-265b087b6a03@group-DD1A59EA3815-FollowerState] INFO  server.RaftServer$Division (RaftServerImpl.java:setRole(290)) - 6824ef76-7bc5-4594-ad24-265b087b6a03@group-DD1A59EA3815: changes role from  FOLLOWER to CANDIDATE at term 0 for changeToCandidate
2021-12-05 13:32:35,389 [6824ef76-7bc5-4594-ad24-265b087b6a03@group-DD1A59EA3815-FollowerState] INFO  server.RaftServerConfigKeys (ConfUtils.java:logGet(44)) - raft.server.leaderelection.pre-vote = false (custom)
2021-12-05 13:32:35,389 [6824ef76-7bc5-4594-ad24-265b087b6a03@group-DD1A59EA3815-FollowerState] INFO  impl.RoleInfo (RoleInfo.java:updateAndGet(130)) - 6824ef76-7bc5-4594-ad24-265b087b6a03: start 6824ef76-7bc5-4594-ad24-265b087b6a03@group-DD1A59EA3815-LeaderElection40
2021-12-05 13:32:35,409 [6824ef76-7bc5-4594-ad24-265b087b6a03@group-DD1A59EA3815-LeaderElection40] INFO  impl.LeaderElection (LeaderElection.java:askForVotes(306)) - 6824ef76-7bc5-4594-ad24-265b087b6a03@group-DD1A59EA3815-LeaderElection40 ELECTION round 0: submit vote requests at term 1 for -1: [6824ef76-7bc5-4594-ad24-265b087b6a03|rpc:10.1.0.33:42703|priority:1], old=null
2021-12-05 13:32:35,410 [6824ef76-7bc5-4594-ad24-265b087b6a03@group-DD1A59EA3815-LeaderElection40] INFO  impl.LeaderElection (LeaderElection.java:askForVotes(308)) - 6824ef76-7bc5-4594-ad24-265b087b6a03@group-DD1A59EA3815-LeaderElection40 ELECTION round 0: result PASSED (term=1)
2021-12-05 13:32:35,410 [6824ef76-7bc5-4594-ad24-265b087b6a03@group-DD1A59EA3815-LeaderElection40] INFO  impl.RoleInfo (RoleInfo.java:shutdownLeaderElection(121)) - 6824ef76-7bc5-4594-ad24-265b087b6a03: shutdown 6824ef76-7bc5-4594-ad24-265b087b6a03@group-DD1A59EA3815-LeaderElection40
2021-12-05 13:32:35,410 [6824ef76-7bc5-4594-ad24-265b087b6a03@group-DD1A59EA3815-LeaderElection40] INFO  server.RaftServer$Division (RaftServerImpl.java:setRole(290)) - 6824ef76-7bc5-4594-ad24-265b087b6a03@group-DD1A59EA3815: changes role from CANDIDATE to LEADER at term 1 for changeToLeader
2021-12-05 13:32:35,410 [6824ef76-7bc5-4594-ad24-265b087b6a03@group-DD1A59EA3815-LeaderElection40] INFO  ratis.XceiverServerRatis (XceiverServerRatis.java:handleLeaderChangedNotification(866)) - Leader change notification received for group: group-DD1A59EA3815 with new leaderId: 6824ef76-7bc5-4594-ad24-265b087b6a03
2021-12-05 13:32:35,411 [EventQueue-OpenPipelineForHealthyPipelineSafeModeRule] INFO  safemode.SCMSafeModeManager (HealthyPipelineSafeModeRule.java:process(124)) - SCM in safe mode. Healthy pipelines reported count is 0, required healthy pipeline reported count is 1
2021-12-05 13:32:35,411 [6824ef76-7bc5-4594-ad24-265b087b6a03@group-DD1A59EA3815-LeaderElection40] INFO  server.RaftServer$Division (ServerState.java:setLeader(285)) - 6824ef76-7bc5-4594-ad24-265b087b6a03@group-DD1A59EA3815: change Leader from null to 6824ef76-7bc5-4594-ad24-265b087b6a03 at term 1 for becomeLeader, leader elected after 5241ms
2021-12-05 13:32:35,411 [6824ef76-7bc5-4594-ad24-265b087b6a03@group-DD1A59EA3815-LeaderElection40] INFO  server.RaftServerConfigKeys (ConfUtils.java:logGet(44)) - raft.server.staging.catchup.gap = 1000 (default)
2021-12-05 13:32:35,412 [6824ef76-7bc5-4594-ad24-265b087b6a03@group-DD1A59EA3815-LeaderElection40] INFO  server.RaftServerConfigKeys (ConfUtils.java:logGet(44)) - raft.server.write.element-limit = 1024 (custom)
2021-12-05 13:32:35,412 [6824ef76-7bc5-4594-ad24-265b087b6a03@group-DD1A59EA3815-LeaderElection40] INFO  server.RaftServerConfigKeys (ConfUtils.java:logGet(44)) - raft.server.write.byte-limit = 1024 M (=1073741824) (custom)
2021-12-05 13:32:35,412 [6824ef76-7bc5-4594-ad24-265b087b6a03@group-DD1A59EA3815-LeaderElection40] INFO  server.RaftServerConfigKeys (ConfUtils.java:logGet(44)) - raft.server.watch.timeout = 180s (custom)
2021-12-05 13:32:35,412 [6824ef76-7bc5-4594-ad24-265b087b6a03@group-DD1A59EA3815-LeaderElection40] INFO  server.RaftServerConfigKeys (ConfUtils.java:logGet(44)) - raft.server.watch.timeout.denomination = 1s (default)
2021-12-05 13:32:35,412 [6824ef76-7bc5-4594-ad24-265b087b6a03@group-DD1A59EA3815-LeaderElection40] INFO  server.RaftServerConfigKeys (ConfUtils.java:logGet(44)) - raft.server.watch.element-limit = 65536 (default)
2021-12-05 13:32:35,413 [6824ef76-7bc5-4594-ad24-265b087b6a03@group-DD1A59EA3815-LeaderElection40] INFO  server.RaftServerConfigKeys (ConfUtils.java:logGet(44)) - raft.server.write.element-limit = 1024 (custom)
2021-12-05 13:32:35,413 [6824ef76-7bc5-4594-ad24-265b087b6a03@group-DD1A59EA3815-LeaderElection40] INFO  server.RaftServerConfigKeys (ConfUtils.java:logGet(44)) - raft.server.write.follower.gap.ratio.max = -1.0 (default)
2021-12-05 13:32:35,413 [6824ef76-7bc5-4594-ad24-265b087b6a03@group-DD1A59EA3815-LeaderElection40] INFO  impl.RoleInfo (RoleInfo.java:updateAndGet(130)) - 6824ef76-7bc5-4594-ad24-265b087b6a03: start 6824ef76-7bc5-4594-ad24-265b087b6a03@group-DD1A59EA3815-LeaderStateImpl
2021-12-05 13:32:35,413 [6824ef76-7bc5-4594-ad24-265b087b6a03@group-DD1A59EA3815-LeaderElection40] INFO  segmented.SegmentedRaftLogWorker (SegmentedRaftLogWorker.java:startLogSegment(394)) - 6824ef76-7bc5-4594-ad24-265b087b6a03@group-DD1A59EA3815-SegmentedRaftLogWorker: Starting segment from index:0
2021-12-05 13:32:35,418 [6824ef76-7bc5-4594-ad24-265b087b6a03@group-DD1A59EA3815-LeaderElection40] INFO  server.RaftServer$Division (ServerState.java:setRaftConf(387)) - 6824ef76-7bc5-4594-ad24-265b087b6a03@group-DD1A59EA3815: set configuration 0: [6824ef76-7bc5-4594-ad24-265b087b6a03|rpc:10.1.0.33:42703|dataStream:|priority:1], old=null
2021-12-05 13:32:35,423 [6824ef76-7bc5-4594-ad24-265b087b6a03@group-DD1A59EA3815-SegmentedRaftLogWorker] INFO  segmented.SegmentedRaftLogWorker (SegmentedRaftLogWorker.java:execute(601)) - 6824ef76-7bc5-4594-ad24-265b087b6a03@group-DD1A59EA3815-SegmentedRaftLogWorker: created new log segment /home/runner/work/ozone/ozone/hadoop-ozone/integration-test/target/test-dir/MiniOzoneClusterImpl-d3c014ad-d181-4610-b0a5-9ad7c33a3941/datanode-1/data/ratis/ccf59920-3b34-4a01-be09-dd1a59ea3815/current/log_inprogress_0
2021-12-05 13:32:35,491 [Listener at 127.0.0.1/40645] INFO  ozone.MiniOzoneClusterImpl (MiniOzoneClusterImpl.java:lambda$waitForClusterToBeReady$0(235)) - Nodes are ready. Got 3 of 3 DN Heartbeats.
2021-12-05 13:32:35,492 [Listener at 127.0.0.1/40645] INFO  ozone.MiniOzoneClusterImpl (MiniOzoneClusterImpl.java:lambda$waitForClusterToBeReady$0(238)) - Waiting for cluster to exit safe mode
2021-12-05 13:32:35,492 [Listener at 127.0.0.1/40645] INFO  ozone.MiniOzoneClusterImpl (MiniOzoneClusterImpl.java:lambda$waitForClusterToBeReady$0(240)) - SCM became leader
2021-12-05 13:32:35,534 [6824ef76-7bc5-4594-ad24-265b087b6a03@group-5A02D46FDBBD-FollowerState] INFO  impl.FollowerState (FollowerState.java:run(134)) - 6824ef76-7bc5-4594-ad24-265b087b6a03@group-5A02D46FDBBD-FollowerState: change to CANDIDATE, lastRpcElapsedTime:5202732129ns, electionTimeout:5187ms
2021-12-05 13:32:35,534 [6824ef76-7bc5-4594-ad24-265b087b6a03@group-5A02D46FDBBD-FollowerState] INFO  impl.RoleInfo (RoleInfo.java:shutdownFollowerState(108)) - 6824ef76-7bc5-4594-ad24-265b087b6a03: shutdown 6824ef76-7bc5-4594-ad24-265b087b6a03@group-5A02D46FDBBD-FollowerState
2021-12-05 13:32:35,534 [6824ef76-7bc5-4594-ad24-265b087b6a03@group-5A02D46FDBBD-FollowerState] INFO  server.RaftServer$Division (RaftServerImpl.java:setRole(290)) - 6824ef76-7bc5-4594-ad24-265b087b6a03@group-5A02D46FDBBD: changes role from  FOLLOWER to CANDIDATE at term 0 for changeToCandidate
2021-12-05 13:32:35,534 [6824ef76-7bc5-4594-ad24-265b087b6a03@group-5A02D46FDBBD-FollowerState] INFO  server.RaftServerConfigKeys (ConfUtils.java:logGet(44)) - raft.server.leaderelection.pre-vote = false (custom)
2021-12-05 13:32:35,534 [6824ef76-7bc5-4594-ad24-265b087b6a03@group-5A02D46FDBBD-FollowerState] INFO  impl.RoleInfo (RoleInfo.java:updateAndGet(130)) - 6824ef76-7bc5-4594-ad24-265b087b6a03: start 6824ef76-7bc5-4594-ad24-265b087b6a03@group-5A02D46FDBBD-LeaderElection41
2021-12-05 13:32:35,560 [6824ef76-7bc5-4594-ad24-265b087b6a03@group-5A02D46FDBBD-LeaderElection41] INFO  impl.LeaderElection (LeaderElection.java:askForVotes(306)) - 6824ef76-7bc5-4594-ad24-265b087b6a03@group-5A02D46FDBBD-LeaderElection41 ELECTION round 0: submit vote requests at term 1 for -1: [6824ef76-7bc5-4594-ad24-265b087b6a03|rpc:10.1.0.33:42703|priority:1, 6b0d9cdd-7078-4b14-a53d-7b743cf9f2d3|rpc:10.1.0.33:37287|priority:0, a6fc2e02-ba25-4172-96f1-26bb4d53af53|rpc:10.1.0.33:46833|priority:0], old=null
2021-12-05 13:32:35,582 [a6fc2e02-ba25-4172-96f1-26bb4d53af53@group-379AB751DF15-FollowerState] INFO  impl.FollowerState (FollowerState.java:run(134)) - a6fc2e02-ba25-4172-96f1-26bb4d53af53@group-379AB751DF15-FollowerState: change to CANDIDATE, lastRpcElapsedTime:5021831639ns, electionTimeout:5020ms
2021-12-05 13:32:35,582 [a6fc2e02-ba25-4172-96f1-26bb4d53af53@group-379AB751DF15-FollowerState] INFO  impl.RoleInfo (RoleInfo.java:shutdownFollowerState(108)) - a6fc2e02-ba25-4172-96f1-26bb4d53af53: shutdown a6fc2e02-ba25-4172-96f1-26bb4d53af53@group-379AB751DF15-FollowerState
2021-12-05 13:32:35,582 [a6fc2e02-ba25-4172-96f1-26bb4d53af53@group-379AB751DF15-FollowerState] INFO  server.RaftServer$Division (RaftServerImpl.java:setRole(290)) - a6fc2e02-ba25-4172-96f1-26bb4d53af53@group-379AB751DF15: changes role from  FOLLOWER to CANDIDATE at term 0 for changeToCandidate
2021-12-05 13:32:35,582 [a6fc2e02-ba25-4172-96f1-26bb4d53af53@group-379AB751DF15-FollowerState] INFO  server.RaftServerConfigKeys (ConfUtils.java:logGet(44)) - raft.server.leaderelection.pre-vote = false (custom)
2021-12-05 13:32:35,582 [a6fc2e02-ba25-4172-96f1-26bb4d53af53@group-379AB751DF15-FollowerState] INFO  impl.RoleInfo (RoleInfo.java:updateAndGet(130)) - a6fc2e02-ba25-4172-96f1-26bb4d53af53: start a6fc2e02-ba25-4172-96f1-26bb4d53af53@group-379AB751DF15-LeaderElection42
2021-12-05 13:32:35,593 [6b0d9cdd-7078-4b14-a53d-7b743cf9f2d3@group-5A02D46FDBBD-FollowerState] INFO  impl.FollowerState (FollowerState.java:run(134)) - 6b0d9cdd-7078-4b14-a53d-7b743cf9f2d3@group-5A02D46FDBBD-FollowerState: change to CANDIDATE, lastRpcElapsedTime:5189597657ns, electionTimeout:5176ms
2021-12-05 13:32:35,593 [6b0d9cdd-7078-4b14-a53d-7b743cf9f2d3@group-5A02D46FDBBD-FollowerState] INFO  impl.RoleInfo (RoleInfo.java:shutdownFollowerState(108)) - 6b0d9cdd-7078-4b14-a53d-7b743cf9f2d3: shutdown 6b0d9cdd-7078-4b14-a53d-7b743cf9f2d3@group-5A02D46FDBBD-FollowerState
2021-12-05 13:32:35,593 [6b0d9cdd-7078-4b14-a53d-7b743cf9f2d3@group-5A02D46FDBBD-FollowerState] INFO  server.RaftServer$Division (RaftServerImpl.java:setRole(290)) - 6b0d9cdd-7078-4b14-a53d-7b743cf9f2d3@group-5A02D46FDBBD: changes role from  FOLLOWER to CANDIDATE at term 0 for changeToCandidate
2021-12-05 13:32:35,593 [6b0d9cdd-7078-4b14-a53d-7b743cf9f2d3@group-5A02D46FDBBD-FollowerState] INFO  server.RaftServerConfigKeys (ConfUtils.java:logGet(44)) - raft.server.leaderelection.pre-vote = false (custom)
2021-12-05 13:32:35,593 [6b0d9cdd-7078-4b14-a53d-7b743cf9f2d3@group-5A02D46FDBBD-FollowerState] INFO  impl.RoleInfo (RoleInfo.java:updateAndGet(130)) - 6b0d9cdd-7078-4b14-a53d-7b743cf9f2d3: start 6b0d9cdd-7078-4b14-a53d-7b743cf9f2d3@group-5A02D46FDBBD-LeaderElection43
2021-12-05 13:32:35,599 [grpc-default-executor-1] INFO  server.RaftServer$Division (RaftServerImpl.java:requestVote(1046)) - 6b0d9cdd-7078-4b14-a53d-7b743cf9f2d3@group-5A02D46FDBBD: receive requestVote(ELECTION, 6824ef76-7bc5-4594-ad24-265b087b6a03, group-5A02D46FDBBD, 1, (t:0, i:0))
2021-12-05 13:32:35,606 [grpc-default-executor-1] INFO  impl.VoteContext (VoteContext.java:log(48)) - 6b0d9cdd-7078-4b14-a53d-7b743cf9f2d3@group-5A02D46FDBBD-CANDIDATE: accept ELECTION from 6824ef76-7bc5-4594-ad24-265b087b6a03: our priority 0 <= candidate's priority 1
2021-12-05 13:32:35,606 [grpc-default-executor-1] INFO  server.RaftServer$Division (RaftServerImpl.java:setRole(290)) - 6b0d9cdd-7078-4b14-a53d-7b743cf9f2d3@group-5A02D46FDBBD: changes role from CANDIDATE to FOLLOWER at term 1 for candidate:6824ef76-7bc5-4594-ad24-265b087b6a03
2021-12-05 13:32:35,606 [grpc-default-executor-1] INFO  impl.RoleInfo (RoleInfo.java:shutdownLeaderElection(121)) - 6b0d9cdd-7078-4b14-a53d-7b743cf9f2d3: shutdown 6b0d9cdd-7078-4b14-a53d-7b743cf9f2d3@group-5A02D46FDBBD-LeaderElection43
2021-12-05 13:32:35,606 [grpc-default-executor-1] INFO  impl.RoleInfo (RoleInfo.java:updateAndGet(130)) - 6b0d9cdd-7078-4b14-a53d-7b743cf9f2d3: start 6b0d9cdd-7078-4b14-a53d-7b743cf9f2d3@group-5A02D46FDBBD-FollowerState
2021-12-05 13:32:35,606 [a6fc2e02-ba25-4172-96f1-26bb4d53af53@group-379AB751DF15-LeaderElection42] INFO  impl.LeaderElection (LeaderElection.java:askForVotes(306)) - a6fc2e02-ba25-4172-96f1-26bb4d53af53@group-379AB751DF15-LeaderElection42 ELECTION round 0: submit vote requests at term 1 for -1: [a6fc2e02-ba25-4172-96f1-26bb4d53af53|rpc:10.1.0.33:46833|priority:1], old=null
2021-12-05 13:32:35,607 [a6fc2e02-ba25-4172-96f1-26bb4d53af53@group-379AB751DF15-LeaderElection42] INFO  impl.LeaderElection (LeaderElection.java:askForVotes(308)) - a6fc2e02-ba25-4172-96f1-26bb4d53af53@group-379AB751DF15-LeaderElection42 ELECTION round 0: result PASSED (term=1)
2021-12-05 13:32:35,607 [a6fc2e02-ba25-4172-96f1-26bb4d53af53@group-379AB751DF15-LeaderElection42] INFO  impl.RoleInfo (RoleInfo.java:shutdownLeaderElection(121)) - a6fc2e02-ba25-4172-96f1-26bb4d53af53: shutdown a6fc2e02-ba25-4172-96f1-26bb4d53af53@group-379AB751DF15-LeaderElection42
2021-12-05 13:32:35,607 [a6fc2e02-ba25-4172-96f1-26bb4d53af53@group-379AB751DF15-LeaderElection42] INFO  server.RaftServer$Division (RaftServerImpl.java:setRole(290)) - a6fc2e02-ba25-4172-96f1-26bb4d53af53@group-379AB751DF15: changes role from CANDIDATE to LEADER at term 1 for changeToLeader
2021-12-05 13:32:35,607 [a6fc2e02-ba25-4172-96f1-26bb4d53af53@group-379AB751DF15-LeaderElection42] INFO  ratis.XceiverServerRatis (XceiverServerRatis.java:handleLeaderChangedNotification(866)) - Leader change notification received for group: group-379AB751DF15 with new leaderId: a6fc2e02-ba25-4172-96f1-26bb4d53af53
2021-12-05 13:32:35,612 [grpc-default-executor-1] INFO  server.RaftServer$Division (RaftServerImpl.java:requestVote(1078)) - 6b0d9cdd-7078-4b14-a53d-7b743cf9f2d3@group-5A02D46FDBBD replies to ELECTION vote request: 6824ef76-7bc5-4594-ad24-265b087b6a03<-6b0d9cdd-7078-4b14-a53d-7b743cf9f2d3#0:OK-t1. Peer's state: 6b0d9cdd-7078-4b14-a53d-7b743cf9f2d3@group-5A02D46FDBBD:t1, leader=null, voted=6824ef76-7bc5-4594-ad24-265b087b6a03, raftlog=6b0d9cdd-7078-4b14-a53d-7b743cf9f2d3@group-5A02D46FDBBD-SegmentedRaftLog:OPENED:c-1, conf=-1: [6824ef76-7bc5-4594-ad24-265b087b6a03|rpc:10.1.0.33:42703|dataStream:|priority:1, 6b0d9cdd-7078-4b14-a53d-7b743cf9f2d3|rpc:10.1.0.33:37287|dataStream:|priority:0, a6fc2e02-ba25-4172-96f1-26bb4d53af53|rpc:10.1.0.33:46833|dataStream:|priority:0], old=null
2021-12-05 13:32:35,625 [grpc-default-executor-0] INFO  server.RaftServer$Division (RaftServerImpl.java:requestVote(1046)) - a6fc2e02-ba25-4172-96f1-26bb4d53af53@group-5A02D46FDBBD: receive requestVote(ELECTION, 6824ef76-7bc5-4594-ad24-265b087b6a03, group-5A02D46FDBBD, 1, (t:0, i:0))
2021-12-05 13:32:35,625 [grpc-default-executor-0] INFO  impl.VoteContext (VoteContext.java:log(48)) - a6fc2e02-ba25-4172-96f1-26bb4d53af53@group-5A02D46FDBBD-FOLLOWER: accept ELECTION from 6824ef76-7bc5-4594-ad24-265b087b6a03: our priority 0 <= candidate's priority 1
2021-12-05 13:32:35,625 [grpc-default-executor-0] INFO  server.RaftServer$Division (RaftServerImpl.java:setRole(290)) - a6fc2e02-ba25-4172-96f1-26bb4d53af53@group-5A02D46FDBBD: changes role from  FOLLOWER to FOLLOWER at term 1 for candidate:6824ef76-7bc5-4594-ad24-265b087b6a03
2021-12-05 13:32:35,625 [grpc-default-executor-0] INFO  impl.RoleInfo (RoleInfo.java:shutdownFollowerState(108)) - a6fc2e02-ba25-4172-96f1-26bb4d53af53: shutdown a6fc2e02-ba25-4172-96f1-26bb4d53af53@group-5A02D46FDBBD-FollowerState
2021-12-05 13:32:35,625 [grpc-default-executor-0] INFO  impl.RoleInfo (RoleInfo.java:updateAndGet(130)) - a6fc2e02-ba25-4172-96f1-26bb4d53af53: start a6fc2e02-ba25-4172-96f1-26bb4d53af53@group-5A02D46FDBBD-FollowerState
2021-12-05 13:32:35,625 [a6fc2e02-ba25-4172-96f1-26bb4d53af53@group-5A02D46FDBBD-FollowerState] INFO  impl.FollowerState (FollowerState.java:run(143)) - a6fc2e02-ba25-4172-96f1-26bb4d53af53@group-5A02D46FDBBD-FollowerState was interrupted: {}
java.lang.InterruptedException: sleep interrupted
	at java.lang.Thread.sleep(Native Method)
	at java.lang.Thread.sleep(Thread.java:340)
	at java.util.concurrent.TimeUnit.sleep(TimeUnit.java:386)
	at org.apache.ratis.util.TimeDuration.sleep(TimeDuration.java:324)
	at org.apache.ratis.util.TimeDuration.sleep(TimeDuration.java:309)
	at org.apache.ratis.server.impl.FollowerState.run(FollowerState.java:118)
2021-12-05 13:32:35,635 [6824ef76-7bc5-4594-ad24-265b087b6a03@group-5A02D46FDBBD-LeaderElection41] INFO  impl.LeaderElection (LeaderElection.java:logAndReturn(89)) - 6824ef76-7bc5-4594-ad24-265b087b6a03@group-5A02D46FDBBD-LeaderElection41: ELECTION PASSED received 1 response(s) and 0 exception(s):
2021-12-05 13:32:35,643 [6824ef76-7bc5-4594-ad24-265b087b6a03@group-5A02D46FDBBD-LeaderElection41] INFO  impl.LeaderElection (LeaderElection.java:logAndReturn(93)) -   Response 0: 6824ef76-7bc5-4594-ad24-265b087b6a03<-6b0d9cdd-7078-4b14-a53d-7b743cf9f2d3#0:OK-t1
2021-12-05 13:32:35,643 [6824ef76-7bc5-4594-ad24-265b087b6a03@group-5A02D46FDBBD-LeaderElection41] INFO  impl.LeaderElection (LeaderElection.java:askForVotes(308)) - 6824ef76-7bc5-4594-ad24-265b087b6a03@group-5A02D46FDBBD-LeaderElection41 ELECTION round 0: result PASSED
2021-12-05 13:32:35,643 [6824ef76-7bc5-4594-ad24-265b087b6a03@group-5A02D46FDBBD-LeaderElection41] INFO  impl.RoleInfo (RoleInfo.java:shutdownLeaderElection(121)) - 6824ef76-7bc5-4594-ad24-265b087b6a03: shutdown 6824ef76-7bc5-4594-ad24-265b087b6a03@group-5A02D46FDBBD-LeaderElection41
2021-12-05 13:32:35,643 [6824ef76-7bc5-4594-ad24-265b087b6a03@group-5A02D46FDBBD-LeaderElection41] INFO  server.RaftServer$Division (RaftServerImpl.java:setRole(290)) - 6824ef76-7bc5-4594-ad24-265b087b6a03@group-5A02D46FDBBD: changes role from CANDIDATE to LEADER at term 1 for changeToLeader
2021-12-05 13:32:35,643 [6824ef76-7bc5-4594-ad24-265b087b6a03@group-5A02D46FDBBD-LeaderElection41] INFO  ratis.XceiverServerRatis (XceiverServerRatis.java:handleLeaderChangedNotification(866)) - Leader change notification received for group: group-5A02D46FDBBD with new leaderId: 6824ef76-7bc5-4594-ad24-265b087b6a03
2021-12-05 13:32:35,643 [6824ef76-7bc5-4594-ad24-265b087b6a03@group-5A02D46FDBBD-LeaderElection41] INFO  server.RaftServer$Division (ServerState.java:setLeader(285)) - 6824ef76-7bc5-4594-ad24-265b087b6a03@group-5A02D46FDBBD: change Leader from null to 6824ef76-7bc5-4594-ad24-265b087b6a03 at term 1 for becomeLeader, leader elected after 5342ms
2021-12-05 13:32:35,643 [6824ef76-7bc5-4594-ad24-265b087b6a03@group-5A02D46FDBBD-LeaderElection41] INFO  server.RaftServerConfigKeys (ConfUtils.java:logGet(44)) - raft.server.staging.catchup.gap = 1000 (default)
2021-12-05 13:32:35,644 [6824ef76-7bc5-4594-ad24-265b087b6a03@group-5A02D46FDBBD-LeaderElection41] INFO  server.RaftServerConfigKeys (ConfUtils.java:logGet(44)) - raft.server.write.element-limit = 1024 (custom)
2021-12-05 13:32:35,644 [6824ef76-7bc5-4594-ad24-265b087b6a03@group-5A02D46FDBBD-LeaderElection41] INFO  server.RaftServerConfigKeys (ConfUtils.java:logGet(44)) - raft.server.write.byte-limit = 1024 M (=1073741824) (custom)
2021-12-05 13:32:35,644 [6824ef76-7bc5-4594-ad24-265b087b6a03@group-5A02D46FDBBD-LeaderElection41] INFO  server.RaftServerConfigKeys (ConfUtils.java:logGet(44)) - raft.server.watch.timeout = 180s (custom)
2021-12-05 13:32:35,644 [6824ef76-7bc5-4594-ad24-265b087b6a03@group-5A02D46FDBBD-LeaderElection41] INFO  server.RaftServerConfigKeys (ConfUtils.java:logGet(44)) - raft.server.watch.timeout.denomination = 1s (default)
2021-12-05 13:32:35,644 [6824ef76-7bc5-4594-ad24-265b087b6a03@group-5A02D46FDBBD-LeaderElection41] INFO  server.RaftServerConfigKeys (ConfUtils.java:logGet(44)) - raft.server.watch.element-limit = 65536 (default)
2021-12-05 13:32:35,644 [6824ef76-7bc5-4594-ad24-265b087b6a03@group-5A02D46FDBBD-LeaderElection41] INFO  server.RaftServerConfigKeys (ConfUtils.java:logGet(44)) - raft.server.write.element-limit = 1024 (custom)
2021-12-05 13:32:35,644 [6824ef76-7bc5-4594-ad24-265b087b6a03@group-5A02D46FDBBD-LeaderElection41] INFO  server.RaftServerConfigKeys (ConfUtils.java:logGet(44)) - raft.server.write.follower.gap.ratio.max = -1.0 (default)
2021-12-05 13:32:35,644 [6824ef76-7bc5-4594-ad24-265b087b6a03@group-5A02D46FDBBD-LeaderElection41] INFO  server.RaftServerConfigKeys (ConfUtils.java:logGet(44)) - raft.server.log.appender.snapshot.chunk.size.max = 16MB (=16777216) (default)
2021-12-05 13:32:35,644 [6824ef76-7bc5-4594-ad24-265b087b6a03@group-5A02D46FDBBD-LeaderElection41] INFO  server.RaftServerConfigKeys (ConfUtils.java:logGet(44)) - raft.server.log.appender.buffer.byte-limit = 33554432 (custom)
2021-12-05 13:32:35,644 [6824ef76-7bc5-4594-ad24-265b087b6a03@group-5A02D46FDBBD-LeaderElection41] INFO  server.RaftServerConfigKeys (ConfUtils.java:logGet(44)) - raft.server.log.appender.buffer.element-limit = 1 (custom)
2021-12-05 13:32:35,645 [6824ef76-7bc5-4594-ad24-265b087b6a03@group-5A02D46FDBBD-LeaderElection41] INFO  grpc.GrpcConfigKeys (ConfUtils.java:logGet(44)) - raft.grpc.server.leader.outstanding.appends.max = 128 (default)
2021-12-05 13:32:35,645 [6824ef76-7bc5-4594-ad24-265b087b6a03@group-5A02D46FDBBD-LeaderElection41] INFO  server.RaftServerConfigKeys (ConfUtils.java:logGet(44)) - raft.server.rpc.request.timeout = 60s (custom)
2021-12-05 13:32:35,645 [6824ef76-7bc5-4594-ad24-265b087b6a03@group-5A02D46FDBBD-LeaderElection41] INFO  server.RaftServerConfigKeys (ConfUtils.java:logGet(44)) - raft.server.log.appender.install.snapshot.enabled = false (custom)
2021-12-05 13:32:35,635 [a6fc2e02-ba25-4172-96f1-26bb4d53af53@group-379AB751DF15-LeaderElection42] INFO  server.RaftServer$Division (ServerState.java:setLeader(285)) - a6fc2e02-ba25-4172-96f1-26bb4d53af53@group-379AB751DF15: change Leader from null to a6fc2e02-ba25-4172-96f1-26bb4d53af53 at term 1 for becomeLeader, leader elected after 5094ms
2021-12-05 13:32:35,646 [a6fc2e02-ba25-4172-96f1-26bb4d53af53@group-379AB751DF15-LeaderElection42] INFO  server.RaftServerConfigKeys (ConfUtils.java:logGet(44)) - raft.server.staging.catchup.gap = 1000 (default)
2021-12-05 13:32:35,646 [a6fc2e02-ba25-4172-96f1-26bb4d53af53@group-379AB751DF15-LeaderElection42] INFO  server.RaftServerConfigKeys (ConfUtils.java:logGet(44)) - raft.server.write.element-limit = 1024 (custom)
2021-12-05 13:32:35,646 [a6fc2e02-ba25-4172-96f1-26bb4d53af53@group-379AB751DF15-LeaderElection42] INFO  server.RaftServerConfigKeys (ConfUtils.java:logGet(44)) - raft.server.write.byte-limit = 1024 M (=1073741824) (custom)
2021-12-05 13:32:35,647 [EventQueue-PipelineReportForPipelineReportHandler] INFO  pipeline.PipelineManagerImpl (PipelineManagerImpl.java:openPipeline(289)) - Pipeline Pipeline[ Id: 66e08e63-33ff-4bd3-8886-5a02d46fdbbd, Nodes: 6824ef76-7bc5-4594-ad24-265b087b6a03{ip: 10.1.0.33, host: fv-az148-969.bm4ck3pvxvsene1rjriu5fhcdb.bx.internal.cloudapp.net, ports: [REPLICATION=43725, RATIS=42703, RATIS_ADMIN=42703, RATIS_SERVER=42703, STANDALONE=45875], networkLocation: /default-rack, certSerialId: null, persistedOpState: IN_SERVICE, persistedOpStateExpiryEpochSec: 0}6b0d9cdd-7078-4b14-a53d-7b743cf9f2d3{ip: 10.1.0.33, host: fv-az148-969.bm4ck3pvxvsene1rjriu5fhcdb.bx.internal.cloudapp.net, ports: [REPLICATION=39213, RATIS=37287, RATIS_ADMIN=37287, RATIS_SERVER=37287, STANDALONE=36881], networkLocation: /default-rack, certSerialId: null, persistedOpState: IN_SERVICE, persistedOpStateExpiryEpochSec: 0}a6fc2e02-ba25-4172-96f1-26bb4d53af53{ip: 10.1.0.33, host: fv-az148-969.bm4ck3pvxvsene1rjriu5fhcdb.bx.internal.cloudapp.net, ports: [REPLICATION=38643, RATIS=46833, RATIS_ADMIN=46833, RATIS_SERVER=46833, STANDALONE=44837], networkLocation: /default-rack, certSerialId: null, persistedOpState: IN_SERVICE, persistedOpStateExpiryEpochSec: 0}, ReplicationConfig: RATIS/THREE, State:ALLOCATED, leaderId:6824ef76-7bc5-4594-ad24-265b087b6a03, CreationTimestamp2021-12-05T13:32:27.505Z[Etc/UTC]] moved to OPEN state
2021-12-05 13:32:35,647 [EventQueue-OpenPipelineForHealthyPipelineSafeModeRule] INFO  safemode.SCMSafeModeManager (HealthyPipelineSafeModeRule.java:process(124)) - SCM in safe mode. Healthy pipelines reported count is 1, required healthy pipeline reported count is 1
2021-12-05 13:32:35,647 [EventQueue-OpenPipelineForHealthyPipelineSafeModeRule] INFO  safemode.SCMSafeModeManager (SCMSafeModeManager.java:validateSafeModeExitRules(204)) - HealthyPipelineSafeModeRule rule is successfully validated
2021-12-05 13:32:35,647 [EventQueue-OpenPipelineForHealthyPipelineSafeModeRule] INFO  safemode.SCMSafeModeManager (SCMSafeModeManager.java:validateSafeModeExitRules(219)) - ScmSafeModeManager, all rules are successfully validated
2021-12-05 13:32:35,647 [EventQueue-OpenPipelineForHealthyPipelineSafeModeRule] INFO  safemode.SCMSafeModeManager (SCMSafeModeManager.java:exitSafeMode(248)) - SCM exiting safe mode.
2021-12-05 13:32:35,647 [EventQueue-OpenPipelineForHealthyPipelineSafeModeRule] WARN  events.EventQueue (EventQueue.java:fireEvent(194)) - No event handler registered for event TypedEvent{payloadType=SafeModeStatus, name='Safe mode status'}
2021-12-05 13:32:35,647 [EventQueue-OpenPipelineForHealthyPipelineSafeModeRule] INFO  ha.SCMContext (SCMContext.java:updateSafeModeStatus(205)) - Update SafeModeStatus from SafeModeStatus{safeModeStatus=true, preCheckPassed=true} to SafeModeStatus{safeModeStatus=false, preCheckPassed=true}.
2021-12-05 13:32:35,647 [EventQueue-OpenPipelineForHealthyPipelineSafeModeRule] INFO  pipeline.BackgroundPipelineCreator (BackgroundPipelineCreator.java:notifyStatusChanged(264)) - Service BackgroundPipelineCreator transitions to RUNNING.
2021-12-05 13:32:35,647 [EventQueue-OpenPipelineForHealthyPipelineSafeModeRule] INFO  container.ReplicationManager (ReplicationManager.java:notifyStatusChanged(1756)) - Service ReplicationManager transitions to RUNNING.
2021-12-05 13:32:35,650 [a6fc2e02-ba25-4172-96f1-26bb4d53af53@group-379AB751DF15-LeaderElection42] INFO  server.RaftServerConfigKeys (ConfUtils.java:logGet(44)) - raft.server.watch.timeout = 180s (custom)
2021-12-05 13:32:35,654 [a6fc2e02-ba25-4172-96f1-26bb4d53af53@group-379AB751DF15-LeaderElection42] INFO  server.RaftServerConfigKeys (ConfUtils.java:logGet(44)) - raft.server.watch.timeout.denomination = 1s (default)
2021-12-05 13:32:35,654 [a6fc2e02-ba25-4172-96f1-26bb4d53af53@group-379AB751DF15-LeaderElection42] INFO  server.RaftServerConfigKeys (ConfUtils.java:logGet(44)) - raft.server.watch.element-limit = 65536 (default)
2021-12-05 13:32:35,655 [a6fc2e02-ba25-4172-96f1-26bb4d53af53@group-379AB751DF15-LeaderElection42] INFO  server.RaftServerConfigKeys (ConfUtils.java:logGet(44)) - raft.server.write.element-limit = 1024 (custom)
2021-12-05 13:32:35,655 [a6fc2e02-ba25-4172-96f1-26bb4d53af53@group-379AB751DF15-LeaderElection42] INFO  server.RaftServerConfigKeys (ConfUtils.java:logGet(44)) - raft.server.write.follower.gap.ratio.max = -1.0 (default)
2021-12-05 13:32:35,655 [a6fc2e02-ba25-4172-96f1-26bb4d53af53@group-379AB751DF15-LeaderElection42] INFO  impl.RoleInfo (RoleInfo.java:updateAndGet(130)) - a6fc2e02-ba25-4172-96f1-26bb4d53af53: start a6fc2e02-ba25-4172-96f1-26bb4d53af53@group-379AB751DF15-LeaderStateImpl
2021-12-05 13:32:35,655 [a6fc2e02-ba25-4172-96f1-26bb4d53af53@group-379AB751DF15-LeaderElection42] INFO  segmented.SegmentedRaftLogWorker (SegmentedRaftLogWorker.java:startLogSegment(394)) - a6fc2e02-ba25-4172-96f1-26bb4d53af53@group-379AB751DF15-SegmentedRaftLogWorker: Starting segment from index:0
2021-12-05 13:32:35,650 [6824ef76-7bc5-4594-ad24-265b087b6a03@group-5A02D46FDBBD-LeaderElection41] INFO  server.RaftServerConfigKeys (ConfUtils.java:logGet(44)) - raft.server.log.appender.snapshot.chunk.size.max = 16MB (=16777216) (default)
2021-12-05 13:32:35,655 [6824ef76-7bc5-4594-ad24-265b087b6a03@group-5A02D46FDBBD-LeaderElection41] INFO  server.RaftServerConfigKeys (ConfUtils.java:logGet(44)) - raft.server.log.appender.buffer.byte-limit = 33554432 (custom)
2021-12-05 13:32:35,655 [6824ef76-7bc5-4594-ad24-265b087b6a03@group-5A02D46FDBBD-LeaderElection41] INFO  server.RaftServerConfigKeys (ConfUtils.java:logGet(44)) - raft.server.log.appender.buffer.element-limit = 1 (custom)
2021-12-05 13:32:35,656 [a6fc2e02-ba25-4172-96f1-26bb4d53af53@group-379AB751DF15-SegmentedRaftLogWorker] INFO  segmented.SegmentedRaftLogWorker (SegmentedRaftLogWorker.java:execute(601)) - a6fc2e02-ba25-4172-96f1-26bb4d53af53@group-379AB751DF15-SegmentedRaftLogWorker: created new log segment /home/runner/work/ozone/ozone/hadoop-ozone/integration-test/target/test-dir/MiniOzoneClusterImpl-d3c014ad-d181-4610-b0a5-9ad7c33a3941/datanode-2/data/ratis/dc454bc0-25c3-471b-a58f-379ab751df15/current/log_inprogress_0
2021-12-05 13:32:35,667 [a6fc2e02-ba25-4172-96f1-26bb4d53af53@group-379AB751DF15-LeaderElection42] INFO  server.RaftServer$Division (ServerState.java:setRaftConf(387)) - a6fc2e02-ba25-4172-96f1-26bb4d53af53@group-379AB751DF15: set configuration 0: [a6fc2e02-ba25-4172-96f1-26bb4d53af53|rpc:10.1.0.33:46833|dataStream:|priority:1], old=null
2021-12-05 13:32:35,672 [6824ef76-7bc5-4594-ad24-265b087b6a03@group-5A02D46FDBBD-LeaderElection41] INFO  grpc.GrpcConfigKeys (ConfUtils.java:logGet(44)) - raft.grpc.server.leader.outstanding.appends.max = 128 (default)
2021-12-05 13:32:35,672 [6824ef76-7bc5-4594-ad24-265b087b6a03@group-5A02D46FDBBD-LeaderElection41] INFO  server.RaftServerConfigKeys (ConfUtils.java:logGet(44)) - raft.server.rpc.request.timeout = 60s (custom)
2021-12-05 13:32:35,672 [6824ef76-7bc5-4594-ad24-265b087b6a03@group-5A02D46FDBBD-LeaderElection41] INFO  server.RaftServerConfigKeys (ConfUtils.java:logGet(44)) - raft.server.log.appender.install.snapshot.enabled = false (custom)
2021-12-05 13:32:35,673 [6824ef76-7bc5-4594-ad24-265b087b6a03@group-5A02D46FDBBD-LeaderElection41] INFO  impl.RoleInfo (RoleInfo.java:updateAndGet(130)) - 6824ef76-7bc5-4594-ad24-265b087b6a03: start 6824ef76-7bc5-4594-ad24-265b087b6a03@group-5A02D46FDBBD-LeaderStateImpl
2021-12-05 13:32:35,673 [6824ef76-7bc5-4594-ad24-265b087b6a03@group-5A02D46FDBBD-LeaderElection41] INFO  segmented.SegmentedRaftLogWorker (SegmentedRaftLogWorker.java:startLogSegment(394)) - 6824ef76-7bc5-4594-ad24-265b087b6a03@group-5A02D46FDBBD-SegmentedRaftLogWorker: Starting segment from index:0
2021-12-05 13:32:35,674 [6824ef76-7bc5-4594-ad24-265b087b6a03@group-5A02D46FDBBD-SegmentedRaftLogWorker] INFO  segmented.SegmentedRaftLogWorker (SegmentedRaftLogWorker.java:execute(601)) - 6824ef76-7bc5-4594-ad24-265b087b6a03@group-5A02D46FDBBD-SegmentedRaftLogWorker: created new log segment /home/runner/work/ozone/ozone/hadoop-ozone/integration-test/target/test-dir/MiniOzoneClusterImpl-d3c014ad-d181-4610-b0a5-9ad7c33a3941/datanode-1/data/ratis/66e08e63-33ff-4bd3-8886-5a02d46fdbbd/current/log_inprogress_0
2021-12-05 13:32:35,687 [grpc-default-executor-0] INFO  server.RaftServer$Division (RaftServerImpl.java:requestVote(1078)) - a6fc2e02-ba25-4172-96f1-26bb4d53af53@group-5A02D46FDBBD replies to ELECTION vote request: 6824ef76-7bc5-4594-ad24-265b087b6a03<-a6fc2e02-ba25-4172-96f1-26bb4d53af53#0:OK-t1. Peer's state: a6fc2e02-ba25-4172-96f1-26bb4d53af53@group-5A02D46FDBBD:t1, leader=null, voted=6824ef76-7bc5-4594-ad24-265b087b6a03, raftlog=a6fc2e02-ba25-4172-96f1-26bb4d53af53@group-5A02D46FDBBD-SegmentedRaftLog:OPENED:c-1, conf=-1: [6824ef76-7bc5-4594-ad24-265b087b6a03|rpc:10.1.0.33:42703|dataStream:|priority:1, 6b0d9cdd-7078-4b14-a53d-7b743cf9f2d3|rpc:10.1.0.33:37287|dataStream:|priority:0, a6fc2e02-ba25-4172-96f1-26bb4d53af53|rpc:10.1.0.33:46833|dataStream:|priority:0], old=null
2021-12-05 13:32:35,698 [6824ef76-7bc5-4594-ad24-265b087b6a03@group-5A02D46FDBBD-LeaderElection41] INFO  server.RaftServer$Division (ServerState.java:setRaftConf(387)) - 6824ef76-7bc5-4594-ad24-265b087b6a03@group-5A02D46FDBBD: set configuration 0: [6824ef76-7bc5-4594-ad24-265b087b6a03|rpc:10.1.0.33:42703|dataStream:|priority:1, 6b0d9cdd-7078-4b14-a53d-7b743cf9f2d3|rpc:10.1.0.33:37287|dataStream:|priority:0, a6fc2e02-ba25-4172-96f1-26bb4d53af53|rpc:10.1.0.33:46833|dataStream:|priority:0], old=null
2021-12-05 13:32:35,715 [grpc-default-executor-2] INFO  ratis.XceiverServerRatis (XceiverServerRatis.java:handleLeaderChangedNotification(866)) - Leader change notification received for group: group-5A02D46FDBBD with new leaderId: 6824ef76-7bc5-4594-ad24-265b087b6a03
2021-12-05 13:32:35,715 [grpc-default-executor-2] INFO  server.RaftServer$Division (ServerState.java:setLeader(285)) - a6fc2e02-ba25-4172-96f1-26bb4d53af53@group-5A02D46FDBBD: change Leader from null to 6824ef76-7bc5-4594-ad24-265b087b6a03 at term 1 for appendEntries, leader elected after 5174ms
2021-12-05 13:32:35,727 [grpc-default-executor-0] INFO  ratis.XceiverServerRatis (XceiverServerRatis.java:handleLeaderChangedNotification(866)) - Leader change notification received for group: group-5A02D46FDBBD with new leaderId: 6824ef76-7bc5-4594-ad24-265b087b6a03
2021-12-05 13:32:35,727 [grpc-default-executor-0] INFO  server.RaftServer$Division (ServerState.java:setLeader(285)) - 6b0d9cdd-7078-4b14-a53d-7b743cf9f2d3@group-5A02D46FDBBD: change Leader from null to 6824ef76-7bc5-4594-ad24-265b087b6a03 at term 1 for appendEntries, leader elected after 5351ms
2021-12-05 13:32:35,737 [grpc-default-executor-2] INFO  server.RaftServer$Division (ServerState.java:setRaftConf(387)) - a6fc2e02-ba25-4172-96f1-26bb4d53af53@group-5A02D46FDBBD: set configuration 0: [6824ef76-7bc5-4594-ad24-265b087b6a03|rpc:10.1.0.33:42703|dataStream:|priority:1, 6b0d9cdd-7078-4b14-a53d-7b743cf9f2d3|rpc:10.1.0.33:37287|dataStream:|priority:0, a6fc2e02-ba25-4172-96f1-26bb4d53af53|rpc:10.1.0.33:46833|dataStream:|priority:0], old=null
2021-12-05 13:32:35,737 [grpc-default-executor-2] INFO  segmented.SegmentedRaftLogWorker (SegmentedRaftLogWorker.java:startLogSegment(394)) - a6fc2e02-ba25-4172-96f1-26bb4d53af53@group-5A02D46FDBBD-SegmentedRaftLogWorker: Starting segment from index:0
2021-12-05 13:32:35,738 [grpc-default-executor-0] INFO  server.RaftServer$Division (ServerState.java:setRaftConf(387)) - 6b0d9cdd-7078-4b14-a53d-7b743cf9f2d3@group-5A02D46FDBBD: set configuration 0: [6824ef76-7bc5-4594-ad24-265b087b6a03|rpc:10.1.0.33:42703|dataStream:|priority:1, 6b0d9cdd-7078-4b14-a53d-7b743cf9f2d3|rpc:10.1.0.33:37287|dataStream:|priority:0, a6fc2e02-ba25-4172-96f1-26bb4d53af53|rpc:10.1.0.33:46833|dataStream:|priority:0], old=null
2021-12-05 13:32:35,738 [grpc-default-executor-0] INFO  segmented.SegmentedRaftLogWorker (SegmentedRaftLogWorker.java:startLogSegment(394)) - 6b0d9cdd-7078-4b14-a53d-7b743cf9f2d3@group-5A02D46FDBBD-SegmentedRaftLogWorker: Starting segment from index:0
2021-12-05 13:32:35,739 [a6fc2e02-ba25-4172-96f1-26bb4d53af53@group-5A02D46FDBBD-SegmentedRaftLogWorker] INFO  segmented.SegmentedRaftLogWorker (SegmentedRaftLogWorker.java:execute(601)) - a6fc2e02-ba25-4172-96f1-26bb4d53af53@group-5A02D46FDBBD-SegmentedRaftLogWorker: created new log segment /home/runner/work/ozone/ozone/hadoop-ozone/integration-test/target/test-dir/MiniOzoneClusterImpl-d3c014ad-d181-4610-b0a5-9ad7c33a3941/datanode-2/data/ratis/66e08e63-33ff-4bd3-8886-5a02d46fdbbd/current/log_inprogress_0
2021-12-05 13:32:35,741 [6b0d9cdd-7078-4b14-a53d-7b743cf9f2d3@group-5A02D46FDBBD-SegmentedRaftLogWorker] INFO  segmented.SegmentedRaftLogWorker (SegmentedRaftLogWorker.java:execute(601)) - 6b0d9cdd-7078-4b14-a53d-7b743cf9f2d3@group-5A02D46FDBBD-SegmentedRaftLogWorker: created new log segment /home/runner/work/ozone/ozone/hadoop-ozone/integration-test/target/test-dir/MiniOzoneClusterImpl-d3c014ad-d181-4610-b0a5-9ad7c33a3941/datanode-0/data/ratis/66e08e63-33ff-4bd3-8886-5a02d46fdbbd/current/log_inprogress_0
2021-12-05 13:32:36,493 [Listener at 127.0.0.1/40645] INFO  ozone.MiniOzoneClusterImpl (MiniOzoneClusterImpl.java:lambda$waitForClusterToBeReady$0(235)) - Nodes are ready. Got 3 of 3 DN Heartbeats.
2021-12-05 13:32:36,493 [Listener at 127.0.0.1/40645] INFO  ozone.MiniOzoneClusterImpl (MiniOzoneClusterImpl.java:lambda$waitForClusterToBeReady$0(238)) - Cluster exits safe mode
2021-12-05 13:32:36,494 [Listener at 127.0.0.1/40645] INFO  ozone.MiniOzoneClusterImpl (MiniOzoneClusterImpl.java:lambda$waitForClusterToBeReady$0(240)) - SCM became leader
2021-12-05 13:32:36,513 [Listener at 127.0.0.1/40645] INFO  rpc.RpcClient (RpcClient.java:createVolume(389)) - Creating Volume: volume72921, with user79878 as owner and space quota set to -1 bytes, counts quota set to -1
2021-12-05 13:32:36,524 [OM StateMachine ApplyTransaction Thread - 0] INFO  volume.OMVolumeCreateRequest (OMVolumeCreateRequest.java:validateAndUpdateCache(195)) - created volume:volume72921 for user:user79878
2021-12-05 13:32:36,563 [Listener at 127.0.0.1/40645] INFO  rpc.RpcClient (RpcClient.java:createBucket(549)) - Creating Bucket: volume72921/bucket99326, with Versioning false and Storage Type set to DISK and Encryption set to false 
]]></system-out>
    <system-err><![CDATA[Exception in thread "Trash Emptier" java.lang.UnsupportedOperationException: fs.getUri() not implemented in TrashOzoneFileSystem
	at org.apache.hadoop.ozone.om.TrashOzoneFileSystem.getUri(TrashOzoneFileSystem.java:124)
	at org.apache.hadoop.fs.FileSystem.close(FileSystem.java:2592)
	at org.apache.hadoop.ozone.om.TrashPolicyOzone$Emptier.run(TrashPolicyOzone.java:243)
	at java.lang.Thread.run(Thread.java:748)
]]></system-err>
  </testcase>
  <testcase name="testRenameFile[3]" classname="org.apache.hadoop.fs.ozone.TestRootedOzoneFileSystem" time="0.145"/>
  <testcase name="testListStatusRootAndVolumeRecursive[3]" classname="org.apache.hadoop.fs.ozone.TestRootedOzoneFileSystem" time="0.76"/>
  <testcase name="testTempMount[3]" classname="org.apache.hadoop.fs.ozone.TestRootedOzoneFileSystem" time="0.191"/>
  <testcase name="testListStatusRootAndVolumeNonRecursive[3]" classname="org.apache.hadoop.fs.ozone.TestRootedOzoneFileSystem" time="0.661"/>
  <testcase name="testDeleteVolumeAndBucket[3]" classname="org.apache.hadoop.fs.ozone.TestRootedOzoneFileSystem" time="0.04"/>
  <testcase name="testRenameDirToItsOwnSubDir[3]" classname="org.apache.hadoop.fs.ozone.TestRootedOzoneFileSystem" time="0.03"/>
  <testcase name="testOzoneFsServiceLoader[3]" classname="org.apache.hadoop.fs.ozone.TestRootedOzoneFileSystem" time="0.073"/>
  <testcase name="testTrash[3]" classname="org.apache.hadoop.fs.ozone.TestRootedOzoneFileSystem" time="0">
    <skipped/>
  </testcase>
  <testcase name="testRenameDestinationParentDoesntExist[3]" classname="org.apache.hadoop.fs.ozone.TestRootedOzoneFileSystem" time="0.037"/>
  <testcase name="testGetFileStatusRoot[3]" classname="org.apache.hadoop.fs.ozone.TestRootedOzoneFileSystem" time="0.033"/>
  <testcase name="testCreateWithInvalidPaths[3]" classname="org.apache.hadoop.fs.ozone.TestRootedOzoneFileSystem" time="0.009"/>
  <testcase name="testDeleteEmptyVolume[3]" classname="org.apache.hadoop.fs.ozone.TestRootedOzoneFileSystem" time="0.037"/>
  <testcase name="testListStatusRootAndVolumeContinuation[3]" classname="org.apache.hadoop.fs.ozone.TestRootedOzoneFileSystem" time="1.082"/>
  <testcase name="testDeleteVolumeBucketAndKey[3]" classname="org.apache.hadoop.fs.ozone.TestRootedOzoneFileSystem" time="0.07"/>
  <testcase name="testRenameToParentDir[3]" classname="org.apache.hadoop.fs.ozone.TestRootedOzoneFileSystem" time="0.076"/>
  <testcase name="testMkdirNonExistentVolumeBucket[3]" classname="org.apache.hadoop.fs.ozone.TestRootedOzoneFileSystem" time="0.098"/>
  <testcase name="testFailToDeleteRoot[3]" classname="org.apache.hadoop.fs.ozone.TestRootedOzoneFileSystem" time="0.009"/>
  <testcase name="testListStatusOnSubDirs[3]" classname="org.apache.hadoop.fs.ozone.TestRootedOzoneFileSystem" time="0.07"/>
  <testcase name="testListStatus[3]" classname="org.apache.hadoop.fs.ozone.TestRootedOzoneFileSystem" time="0.103"/>
  <testcase name="testGetTrashRoots[3]" classname="org.apache.hadoop.fs.ozone.TestRootedOzoneFileSystem" time="0.78"/>
  <testcase name="testCreateDoesNotAddParentDirKeys[3]" classname="org.apache.hadoop.fs.ozone.TestRootedOzoneFileSystem" time="0.181"/>
  <testcase name="testMkdirNonExistentVolume[3]" classname="org.apache.hadoop.fs.ozone.TestRootedOzoneFileSystem" time="0.03"/>
  <testcase name="testDeleteCreatesFakeParentDir[3]" classname="org.apache.hadoop.fs.ozone.TestRootedOzoneFileSystem" time="0.169"/>
  <testcase name="testNonExplicitlyCreatedPathExistsAfterItsLeafsWereRemoved[3]" classname="org.apache.hadoop.fs.ozone.TestRootedOzoneFileSystem" time="0.085"/>
  <testcase name="testFileDelete[3]" classname="org.apache.hadoop.fs.ozone.TestRootedOzoneFileSystem" time="0.235"/>
  <testcase name="testRenameToTrashEnabled[3]" classname="org.apache.hadoop.fs.ozone.TestRootedOzoneFileSystem" time="0.212"/>
  <testcase name="testMkdirOnNonExistentVolumeBucketDir[3]" classname="org.apache.hadoop.fs.ozone.TestRootedOzoneFileSystem" time="0.094"/>
  <testcase name="testListStatusOnLargeDirectory[3]" classname="org.apache.hadoop.fs.ozone.TestRootedOzoneFileSystem" time="18.231"/>
  <testcase name="testRenameToDifferentBucket[3]" classname="org.apache.hadoop.fs.ozone.TestRootedOzoneFileSystem" time="0.048"/>
  <testcase name="testListStatusInBucket[3]" classname="org.apache.hadoop.fs.ozone.TestRootedOzoneFileSystem" time="0.026"/>
  <testcase name="testRenameFileToDir[3]" classname="org.apache.hadoop.fs.ozone.TestRootedOzoneFileSystem" time="0.065"/>
  <testcase name="testNonPrivilegedUserMkdirCreateBucket[4]" classname="org.apache.hadoop.fs.ozone.TestRootedOzoneFileSystem" time="0">
    <skipped message="ACL is not enabled. Skipping this test as it requires ACL to be enabled to be meaningful." type="org.junit.AssumptionViolatedException">org.junit.AssumptionViolatedException: ACL is not enabled. Skipping this test as it requires ACL to be enabled to be meaningful.
	at org.junit.Assume.assumeTrue(Assume.java:68)
	at org.apache.hadoop.fs.ozone.TestRootedOzoneFileSystem.testNonPrivilegedUserMkdirCreateBucket(TestRootedOzoneFileSystem.java:1582)
	at sun.reflect.NativeMethodAccessorImpl.invoke0(Native Method)
	at sun.reflect.NativeMethodAccessorImpl.invoke(NativeMethodAccessorImpl.java:62)
	at sun.reflect.DelegatingMethodAccessorImpl.invoke(DelegatingMethodAccessorImpl.java:43)
	at java.lang.reflect.Method.invoke(Method.java:498)
	at org.junit.runners.model.FrameworkMethod$1.runReflectiveCall(FrameworkMethod.java:59)
	at org.junit.internal.runners.model.ReflectiveCallable.run(ReflectiveCallable.java:12)
	at org.junit.runners.model.FrameworkMethod.invokeExplosively(FrameworkMethod.java:56)
	at org.junit.internal.runners.statements.InvokeMethod.evaluate(InvokeMethod.java:17)
	at org.junit.internal.runners.statements.FailOnTimeout$CallableStatement.call(FailOnTimeout.java:288)
	at org.junit.internal.runners.statements.FailOnTimeout$CallableStatement.call(FailOnTimeout.java:282)
	at java.util.concurrent.FutureTask.run(FutureTask.java:266)
	at java.lang.Thread.run(Thread.java:748)
</skipped>
    <system-out><![CDATA[2021-12-05 13:33:00,271 [Listener at 127.0.0.1/40645] INFO  ozone.MiniOzoneClusterImpl (MiniOzoneClusterImpl.java:shutdown(453)) - Shutting down the Mini Ozone Cluster
2021-12-05 13:33:00,272 [Listener at 127.0.0.1/40645] INFO  ozone.MiniOzoneClusterImpl (MiniOzoneClusterImpl.java:stop(468)) - Stopping the Mini Ozone Cluster
2021-12-05 13:33:00,272 [Listener at 127.0.0.1/40645] INFO  ozone.MiniOzoneClusterImpl (MiniOzoneClusterImpl.java:stopOM(550)) - Stopping the OzoneManager
2021-12-05 13:33:00,272 [Listener at 127.0.0.1/40645] INFO  om.OzoneManager (OzoneManager.java:stop(1830)) - om1[localhost:0]: Stopping Ozone Manager
2021-12-05 13:33:00,272 [Listener at 127.0.0.1/40645] INFO  ipc.Server (Server.java:stop(3414)) - Stopping server on 40645
2021-12-05 13:33:00,299 [IPC Server Responder] INFO  ipc.Server (Server.java:run(1512)) - Stopping IPC Server Responder
2021-12-05 13:33:00,299 [IPC Server listener on 0] INFO  ipc.Server (Server.java:run(1376)) - Stopping IPC Server listener on 0
2021-12-05 13:33:00,300 [Listener at 127.0.0.1/40645] INFO  server.RaftServer (RaftServerProxy.java:lambda$close$6(391)) - om1: close
2021-12-05 13:33:00,304 [Listener at 127.0.0.1/40645] INFO  server.RaftServer$Division (RaftServerImpl.java:lambda$close$4(412)) - om1@group-C5BA1605619E: shutdown
2021-12-05 13:33:00,304 [Listener at 127.0.0.1/40645] INFO  util.JmxRegister (JmxRegister.java:unregister(73)) - Successfully un-registered JMX Bean with object name Ratis:service=RaftServer,group=group-C5BA1605619E,id=om1
2021-12-05 13:33:00,304 [Listener at 127.0.0.1/40645] INFO  impl.RoleInfo (RoleInfo.java:shutdownLeaderState(91)) - om1: shutdown om1@group-C5BA1605619E-LeaderStateImpl
2021-12-05 13:33:00,304 [Listener at 127.0.0.1/40645] INFO  impl.PendingRequests (PendingRequests.java:sendNotLeaderResponses(282)) - om1@group-C5BA1605619E-PendingRequests: sendNotLeaderResponses
2021-12-05 13:33:00,337 [Listener at 127.0.0.1/40645] INFO  impl.StateMachineUpdater (StateMachineUpdater.java:stopAndJoin(149)) - om1@group-C5BA1605619E-StateMachineUpdater: set stopIndex = 6688
2021-12-05 13:33:00,338 [om1@group-C5BA1605619E-StateMachineUpdater] INFO  ratis.OzoneManagerStateMachine (OzoneManagerStateMachine.java:takeSnapshot(417)) - Current Snapshot Index (t:1, i:6688)
2021-12-05 13:33:00,338 [om1@group-C5BA1605619E-StateMachineUpdater] INFO  impl.StateMachineUpdater (StateMachineUpdater.java:takeSnapshot(281)) - om1@group-C5BA1605619E-StateMachineUpdater: Took a snapshot at index 6688
2021-12-05 13:33:00,338 [om1@group-C5BA1605619E-StateMachineUpdater] INFO  impl.StateMachineUpdater (StateMachineUpdater.java:lambda$new$0(89)) - om1@group-C5BA1605619E-StateMachineUpdater: snapshotIndex: updateIncreasingly -1 -> 6688
2021-12-05 13:33:00,338 [om1@group-C5BA1605619E-StateMachineUpdater] INFO  ratis.OzoneManagerStateMachine (OzoneManagerStateMachine.java:close(471)) - StateMachine has shutdown. Shutdown OzoneManager if not already shutdown.
2021-12-05 13:33:00,338 [Listener at 127.0.0.1/40645] INFO  server.RaftServer$Division (ServerState.java:close(419)) - om1@group-C5BA1605619E: closes. applyIndex: 6688
2021-12-05 13:33:00,339 [om1@group-C5BA1605619E-SegmentedRaftLogWorker] INFO  segmented.SegmentedRaftLogWorker (SegmentedRaftLogWorker.java:run(327)) - om1@group-C5BA1605619E-SegmentedRaftLogWorker was interrupted, exiting. There are 0 tasks remaining in the queue.
2021-12-05 13:33:00,345 [Listener at 127.0.0.1/40645] INFO  segmented.SegmentedRaftLogWorker (SegmentedRaftLogWorker.java:close(237)) - om1@group-C5BA1605619E-SegmentedRaftLogWorker close()
2021-12-05 13:33:00,350 [Listener at 127.0.0.1/40645] INFO  server.GrpcService (GrpcService.java:closeImpl(262)) - om1: shutdown server with port 9872 now
2021-12-05 13:33:00,354 [Listener at 127.0.0.1/40645] INFO  server.GrpcService (GrpcService.java:closeImpl(271)) - om1: shutdown server with port 9872 successfully
2021-12-05 13:33:00,354 [org.apache.ratis.util.JvmPauseMonitor$$Lambda$525/1513368495@3c616237] INFO  util.JvmPauseMonitor (JvmPauseMonitor.java:run(109)) - JvmPauseMonitor-om1: Stopped
2021-12-05 13:33:00,354 [Listener at 127.0.0.1/40645] INFO  ratis.OzoneManagerDoubleBuffer (OzoneManagerDoubleBuffer.java:stop(437)) - Stopping OMDoubleBuffer flush thread
2021-12-05 13:33:00,355 [OMDoubleBufferFlushThread] INFO  ratis.OzoneManagerDoubleBuffer (OzoneManagerDoubleBuffer.java:flushTransactions(356)) - OMDoubleBuffer flush thread OMDoubleBufferFlushThread is interrupted and will exit. OMDoubleBufferFlushThread
2021-12-05 13:33:00,356 [Listener at 127.0.0.1/40645] INFO  utils.BackgroundService (BackgroundService.java:shutdown(132)) - Shutting down service KeyDeletingService
2021-12-05 13:33:00,358 [Listener at 127.0.0.1/40645] INFO  utils.BackgroundService (BackgroundService.java:shutdown(132)) - Shutting down service DirectoryDeletingService
2021-12-05 13:33:00,358 [Listener at 127.0.0.1/40645] INFO  handler.ContextHandler (ContextHandler.java:doStop(1153)) - Stopped o.e.j.w.WebAppContext@16d4d353{ozoneManager,/,null,STOPPED}{file:/home/runner/work/ozone/ozone/hadoop-ozone/integration-test/target/test-classes/webapps/ozoneManager}
2021-12-05 13:33:00,366 [Listener at 127.0.0.1/40645] INFO  server.AbstractConnector (AbstractConnector.java:doStop(381)) - Stopped ServerConnector@68c1e15d{HTTP/1.1, (http/1.1)}{0.0.0.0:0}
2021-12-05 13:33:00,366 [Listener at 127.0.0.1/40645] INFO  server.session (HouseKeeper.java:stopScavenging(149)) - node0 Stopped scavenging
2021-12-05 13:33:00,367 [Listener at 127.0.0.1/40645] INFO  handler.ContextHandler (ContextHandler.java:doStop(1153)) - Stopped o.e.j.s.ServletContextHandler@7eaca92e{static,/static,file:///home/runner/work/ozone/ozone/hadoop-ozone/integration-test/target/test-classes/webapps/static,STOPPED}
2021-12-05 13:33:00,367 [Listener at 127.0.0.1/40645] INFO  handler.ContextHandler (ContextHandler.java:doStop(1153)) - Stopped o.e.j.s.ServletContextHandler@58855b6c{logs,/logs,file:///home/runner/work/ozone/ozone/hadoop-ozone/integration-test/target/log,STOPPED}
2021-12-05 13:33:00,370 [Trash Emptier] ERROR om.TrashPolicyOzone (TrashPolicyOzone.java:run(251)) - Error attempting to shutdown
java.lang.InterruptedException
	at java.util.concurrent.locks.AbstractQueuedSynchronizer$ConditionObject.awaitNanos(AbstractQueuedSynchronizer.java:2067)
	at java.util.concurrent.ThreadPoolExecutor.awaitTermination(ThreadPoolExecutor.java:1475)
	at org.apache.hadoop.ozone.om.TrashPolicyOzone$Emptier.run(TrashPolicyOzone.java:249)
	at java.lang.Thread.run(Thread.java:748)
2021-12-05 13:33:00,373 [Listener at 127.0.0.1/40645] INFO  ozone.MiniOzoneClusterImpl (MiniOzoneClusterImpl.java:stopDatanodes(527)) - Stopping the HddsDatanodes
2021-12-05 13:33:05,378 [ForkJoinPool.commonPool-worker-0] INFO  ozoneimpl.OzoneContainer (OzoneContainer.java:stop(325)) - Attempting to stop container services.
2021-12-05 13:33:05,384 [Listener at 127.0.0.1/40645] INFO  ozoneimpl.OzoneContainer (OzoneContainer.java:stop(325)) - Attempting to stop container services.
2021-12-05 13:33:05,384 [ForkJoinPool.commonPool-worker-0] INFO  server.RaftServer (RaftServerProxy.java:lambda$close$6(391)) - 6b0d9cdd-7078-4b14-a53d-7b743cf9f2d3: close
2021-12-05 13:33:05,385 [ForkJoinPool.commonPool-worker-0] INFO  server.RaftServer$Division (RaftServerImpl.java:lambda$close$4(412)) - 6b0d9cdd-7078-4b14-a53d-7b743cf9f2d3@group-2343A9FBB539: shutdown
2021-12-05 13:33:05,385 [ForkJoinPool.commonPool-worker-0] INFO  util.JmxRegister (JmxRegister.java:unregister(73)) - Successfully un-registered JMX Bean with object name Ratis:service=RaftServer,group=group-2343A9FBB539,id=6b0d9cdd-7078-4b14-a53d-7b743cf9f2d3
2021-12-05 13:33:05,385 [ForkJoinPool.commonPool-worker-0] INFO  impl.RoleInfo (RoleInfo.java:shutdownFollowerState(108)) - 6b0d9cdd-7078-4b14-a53d-7b743cf9f2d3: shutdown 6b0d9cdd-7078-4b14-a53d-7b743cf9f2d3@group-2343A9FBB539-FollowerState
2021-12-05 13:33:05,385 [ForkJoinPool.commonPool-worker-0] INFO  impl.StateMachineUpdater (StateMachineUpdater.java:stopAndJoin(149)) - 6b0d9cdd-7078-4b14-a53d-7b743cf9f2d3@group-2343A9FBB539-StateMachineUpdater: set stopIndex = 0
2021-12-05 13:33:05,385 [6b0d9cdd-7078-4b14-a53d-7b743cf9f2d3@group-2343A9FBB539-FollowerState] INFO  impl.FollowerState (FollowerState.java:run(143)) - 6b0d9cdd-7078-4b14-a53d-7b743cf9f2d3@group-2343A9FBB539-FollowerState was interrupted: {}
java.lang.InterruptedException: sleep interrupted
	at java.lang.Thread.sleep(Native Method)
	at java.lang.Thread.sleep(Thread.java:340)
	at java.util.concurrent.TimeUnit.sleep(TimeUnit.java:386)
	at org.apache.ratis.util.TimeDuration.sleep(TimeDuration.java:324)
	at org.apache.ratis.util.TimeDuration.sleep(TimeDuration.java:309)
	at org.apache.ratis.server.impl.FollowerState.run(FollowerState.java:118)
2021-12-05 13:33:05,386 [6b0d9cdd-7078-4b14-a53d-7b743cf9f2d3@group-2343A9FBB539-StateMachineUpdater] INFO  ratis.ContainerStateMachine (ContainerStateMachine.java:takeSnapshot(292)) - group-2343A9FBB539: Taking a snapshot at:(t:5, i:0) file /home/runner/work/ozone/ozone/hadoop-ozone/integration-test/target/test-dir/MiniOzoneClusterImpl-d3c014ad-d181-4610-b0a5-9ad7c33a3941/datanode-0/data/ratis/2d06f9a3-c9c3-4ad1-99a0-2343a9fbb539/sm/snapshot.5_0
2021-12-05 13:33:05,386 [Listener at 127.0.0.1/40645] INFO  server.RaftServer (RaftServerProxy.java:lambda$close$6(391)) - 6824ef76-7bc5-4594-ad24-265b087b6a03: close
2021-12-05 13:33:05,386 [Listener at 127.0.0.1/40645] INFO  server.RaftServer$Division (RaftServerImpl.java:lambda$close$4(412)) - 6824ef76-7bc5-4594-ad24-265b087b6a03@group-2343A9FBB539: shutdown
2021-12-05 13:33:05,386 [Listener at 127.0.0.1/40645] INFO  util.JmxRegister (JmxRegister.java:unregister(73)) - Successfully un-registered JMX Bean with object name Ratis:service=RaftServer,group=group-2343A9FBB539,id=6824ef76-7bc5-4594-ad24-265b087b6a03
2021-12-05 13:33:05,387 [Listener at 127.0.0.1/40645] INFO  impl.RoleInfo (RoleInfo.java:shutdownFollowerState(108)) - 6824ef76-7bc5-4594-ad24-265b087b6a03: shutdown 6824ef76-7bc5-4594-ad24-265b087b6a03@group-2343A9FBB539-FollowerState
2021-12-05 13:33:05,387 [Listener at 127.0.0.1/40645] INFO  impl.StateMachineUpdater (StateMachineUpdater.java:stopAndJoin(149)) - 6824ef76-7bc5-4594-ad24-265b087b6a03@group-2343A9FBB539-StateMachineUpdater: set stopIndex = 0
2021-12-05 13:33:05,387 [6824ef76-7bc5-4594-ad24-265b087b6a03@group-2343A9FBB539-FollowerState] INFO  impl.FollowerState (FollowerState.java:run(143)) - 6824ef76-7bc5-4594-ad24-265b087b6a03@group-2343A9FBB539-FollowerState was interrupted: {}
java.lang.InterruptedException: sleep interrupted
	at java.lang.Thread.sleep(Native Method)
	at java.lang.Thread.sleep(Thread.java:340)
	at java.util.concurrent.TimeUnit.sleep(TimeUnit.java:386)
	at org.apache.ratis.util.TimeDuration.sleep(TimeDuration.java:324)
	at org.apache.ratis.util.TimeDuration.sleep(TimeDuration.java:309)
	at org.apache.ratis.server.impl.FollowerState.run(FollowerState.java:118)
2021-12-05 13:33:05,387 [6824ef76-7bc5-4594-ad24-265b087b6a03@group-2343A9FBB539-StateMachineUpdater] INFO  ratis.ContainerStateMachine (ContainerStateMachine.java:takeSnapshot(292)) - group-2343A9FBB539: Taking a snapshot at:(t:5, i:0) file /home/runner/work/ozone/ozone/hadoop-ozone/integration-test/target/test-dir/MiniOzoneClusterImpl-d3c014ad-d181-4610-b0a5-9ad7c33a3941/datanode-1/data/ratis/2d06f9a3-c9c3-4ad1-99a0-2343a9fbb539/sm/snapshot.5_0
2021-12-05 13:33:05,388 [6b0d9cdd-7078-4b14-a53d-7b743cf9f2d3@group-2343A9FBB539-StateMachineUpdater] INFO  ratis.ContainerStateMachine (ContainerStateMachine.java:takeSnapshot(303)) - group-2343A9FBB539: Finished taking a snapshot at:(t:5, i:0) file:/home/runner/work/ozone/ozone/hadoop-ozone/integration-test/target/test-dir/MiniOzoneClusterImpl-d3c014ad-d181-4610-b0a5-9ad7c33a3941/datanode-0/data/ratis/2d06f9a3-c9c3-4ad1-99a0-2343a9fbb539/sm/snapshot.5_0 took: 2 ms
2021-12-05 13:33:05,388 [6b0d9cdd-7078-4b14-a53d-7b743cf9f2d3@group-2343A9FBB539-StateMachineUpdater] INFO  impl.StateMachineUpdater (StateMachineUpdater.java:takeSnapshot(281)) - 6b0d9cdd-7078-4b14-a53d-7b743cf9f2d3@group-2343A9FBB539-StateMachineUpdater: Took a snapshot at index 0
2021-12-05 13:33:05,388 [6b0d9cdd-7078-4b14-a53d-7b743cf9f2d3@group-2343A9FBB539-StateMachineUpdater] INFO  impl.StateMachineUpdater (StateMachineUpdater.java:lambda$new$0(89)) - 6b0d9cdd-7078-4b14-a53d-7b743cf9f2d3@group-2343A9FBB539-StateMachineUpdater: snapshotIndex: updateIncreasingly -1 -> 0
2021-12-05 13:33:05,389 [6824ef76-7bc5-4594-ad24-265b087b6a03@group-2343A9FBB539-StateMachineUpdater] INFO  ratis.ContainerStateMachine (ContainerStateMachine.java:takeSnapshot(303)) - group-2343A9FBB539: Finished taking a snapshot at:(t:5, i:0) file:/home/runner/work/ozone/ozone/hadoop-ozone/integration-test/target/test-dir/MiniOzoneClusterImpl-d3c014ad-d181-4610-b0a5-9ad7c33a3941/datanode-1/data/ratis/2d06f9a3-c9c3-4ad1-99a0-2343a9fbb539/sm/snapshot.5_0 took: 2 ms
2021-12-05 13:33:05,389 [6824ef76-7bc5-4594-ad24-265b087b6a03@group-2343A9FBB539-StateMachineUpdater] INFO  impl.StateMachineUpdater (StateMachineUpdater.java:takeSnapshot(281)) - 6824ef76-7bc5-4594-ad24-265b087b6a03@group-2343A9FBB539-StateMachineUpdater: Took a snapshot at index 0
2021-12-05 13:33:05,389 [6824ef76-7bc5-4594-ad24-265b087b6a03@group-2343A9FBB539-StateMachineUpdater] INFO  impl.StateMachineUpdater (StateMachineUpdater.java:lambda$new$0(89)) - 6824ef76-7bc5-4594-ad24-265b087b6a03@group-2343A9FBB539-StateMachineUpdater: snapshotIndex: updateIncreasingly -1 -> 0
2021-12-05 13:33:05,390 [ForkJoinPool.commonPool-worker-0] INFO  server.RaftServer$Division (ServerState.java:close(419)) - 6b0d9cdd-7078-4b14-a53d-7b743cf9f2d3@group-2343A9FBB539: closes. applyIndex: 0
2021-12-05 13:33:05,390 [6b0d9cdd-7078-4b14-a53d-7b743cf9f2d3@group-2343A9FBB539-SegmentedRaftLogWorker] INFO  segmented.SegmentedRaftLogWorker (SegmentedRaftLogWorker.java:run(327)) - 6b0d9cdd-7078-4b14-a53d-7b743cf9f2d3@group-2343A9FBB539-SegmentedRaftLogWorker was interrupted, exiting. There are 0 tasks remaining in the queue.
2021-12-05 13:33:05,390 [Listener at 127.0.0.1/40645] INFO  server.RaftServer$Division (ServerState.java:close(419)) - 6824ef76-7bc5-4594-ad24-265b087b6a03@group-2343A9FBB539: closes. applyIndex: 0
2021-12-05 13:33:05,390 [6824ef76-7bc5-4594-ad24-265b087b6a03@group-2343A9FBB539-SegmentedRaftLogWorker] INFO  segmented.SegmentedRaftLogWorker (SegmentedRaftLogWorker.java:run(327)) - 6824ef76-7bc5-4594-ad24-265b087b6a03@group-2343A9FBB539-SegmentedRaftLogWorker was interrupted, exiting. There are 0 tasks remaining in the queue.
2021-12-05 13:33:05,393 [ForkJoinPool.commonPool-worker-0] INFO  segmented.SegmentedRaftLogWorker (SegmentedRaftLogWorker.java:close(237)) - 6b0d9cdd-7078-4b14-a53d-7b743cf9f2d3@group-2343A9FBB539-SegmentedRaftLogWorker close()
2021-12-05 13:33:05,394 [ForkJoinPool.commonPool-worker-0] INFO  server.RaftServer$Division (RaftServerImpl.java:lambda$close$4(412)) - 6b0d9cdd-7078-4b14-a53d-7b743cf9f2d3@group-2C69C9B35812: shutdown
2021-12-05 13:33:05,394 [ForkJoinPool.commonPool-worker-0] INFO  util.JmxRegister (JmxRegister.java:unregister(73)) - Successfully un-registered JMX Bean with object name Ratis:service=RaftServer,group=group-2C69C9B35812,id=6b0d9cdd-7078-4b14-a53d-7b743cf9f2d3
2021-12-05 13:33:05,394 [ForkJoinPool.commonPool-worker-0] INFO  impl.RoleInfo (RoleInfo.java:shutdownLeaderState(91)) - 6b0d9cdd-7078-4b14-a53d-7b743cf9f2d3: shutdown 6b0d9cdd-7078-4b14-a53d-7b743cf9f2d3@group-2C69C9B35812-LeaderStateImpl
2021-12-05 13:33:05,394 [ForkJoinPool.commonPool-worker-0] INFO  impl.PendingRequests (PendingRequests.java:sendNotLeaderResponses(282)) - 6b0d9cdd-7078-4b14-a53d-7b743cf9f2d3@group-2C69C9B35812-PendingRequests: sendNotLeaderResponses
2021-12-05 13:33:05,395 [6b0d9cdd-7078-4b14-a53d-7b743cf9f2d3@group-2C69C9B35812-StateMachineUpdater] INFO  ratis.ContainerStateMachine (ContainerStateMachine.java:takeSnapshot(292)) - group-2C69C9B35812: Taking a snapshot at:(t:1, i:0) file /home/runner/work/ozone/ozone/hadoop-ozone/integration-test/target/test-dir/MiniOzoneClusterImpl-d3c014ad-d181-4610-b0a5-9ad7c33a3941/datanode-0/data/ratis/4a11995e-82ca-4465-ba5f-2c69c9b35812/sm/snapshot.1_0
2021-12-05 13:33:05,395 [ForkJoinPool.commonPool-worker-0] INFO  impl.StateMachineUpdater (StateMachineUpdater.java:stopAndJoin(149)) - 6b0d9cdd-7078-4b14-a53d-7b743cf9f2d3@group-2C69C9B35812-StateMachineUpdater: set stopIndex = 0
2021-12-05 13:33:05,396 [6b0d9cdd-7078-4b14-a53d-7b743cf9f2d3@group-2C69C9B35812-StateMachineUpdater] INFO  ratis.ContainerStateMachine (ContainerStateMachine.java:takeSnapshot(303)) - group-2C69C9B35812: Finished taking a snapshot at:(t:1, i:0) file:/home/runner/work/ozone/ozone/hadoop-ozone/integration-test/target/test-dir/MiniOzoneClusterImpl-d3c014ad-d181-4610-b0a5-9ad7c33a3941/datanode-0/data/ratis/4a11995e-82ca-4465-ba5f-2c69c9b35812/sm/snapshot.1_0 took: 1 ms
2021-12-05 13:33:05,396 [6b0d9cdd-7078-4b14-a53d-7b743cf9f2d3@group-2C69C9B35812-StateMachineUpdater] INFO  impl.StateMachineUpdater (StateMachineUpdater.java:takeSnapshot(281)) - 6b0d9cdd-7078-4b14-a53d-7b743cf9f2d3@group-2C69C9B35812-StateMachineUpdater: Took a snapshot at index 0
2021-12-05 13:33:05,396 [6b0d9cdd-7078-4b14-a53d-7b743cf9f2d3@group-2C69C9B35812-StateMachineUpdater] INFO  impl.StateMachineUpdater (StateMachineUpdater.java:lambda$new$0(89)) - 6b0d9cdd-7078-4b14-a53d-7b743cf9f2d3@group-2C69C9B35812-StateMachineUpdater: snapshotIndex: updateIncreasingly -1 -> 0
2021-12-05 13:33:05,396 [ForkJoinPool.commonPool-worker-0] INFO  server.RaftServer$Division (ServerState.java:close(419)) - 6b0d9cdd-7078-4b14-a53d-7b743cf9f2d3@group-2C69C9B35812: closes. applyIndex: 0
2021-12-05 13:33:05,397 [6b0d9cdd-7078-4b14-a53d-7b743cf9f2d3@group-2C69C9B35812-SegmentedRaftLogWorker] INFO  segmented.SegmentedRaftLogWorker (SegmentedRaftLogWorker.java:run(327)) - 6b0d9cdd-7078-4b14-a53d-7b743cf9f2d3@group-2C69C9B35812-SegmentedRaftLogWorker was interrupted, exiting. There are 0 tasks remaining in the queue.
2021-12-05 13:33:05,397 [ForkJoinPool.commonPool-worker-0] INFO  segmented.SegmentedRaftLogWorker (SegmentedRaftLogWorker.java:close(237)) - 6b0d9cdd-7078-4b14-a53d-7b743cf9f2d3@group-2C69C9B35812-SegmentedRaftLogWorker close()
2021-12-05 13:33:05,399 [ForkJoinPool.commonPool-worker-0] INFO  server.RaftServer$Division (RaftServerImpl.java:lambda$close$4(412)) - 6b0d9cdd-7078-4b14-a53d-7b743cf9f2d3@group-5A02D46FDBBD: shutdown
2021-12-05 13:33:05,400 [ForkJoinPool.commonPool-worker-0] INFO  util.JmxRegister (JmxRegister.java:unregister(73)) - Successfully un-registered JMX Bean with object name Ratis:service=RaftServer,group=group-5A02D46FDBBD,id=6b0d9cdd-7078-4b14-a53d-7b743cf9f2d3
2021-12-05 13:33:05,400 [ForkJoinPool.commonPool-worker-0] INFO  impl.RoleInfo (RoleInfo.java:shutdownFollowerState(108)) - 6b0d9cdd-7078-4b14-a53d-7b743cf9f2d3: shutdown 6b0d9cdd-7078-4b14-a53d-7b743cf9f2d3@group-5A02D46FDBBD-FollowerState
2021-12-05 13:33:05,400 [ForkJoinPool.commonPool-worker-0] INFO  impl.StateMachineUpdater (StateMachineUpdater.java:stopAndJoin(149)) - 6b0d9cdd-7078-4b14-a53d-7b743cf9f2d3@group-5A02D46FDBBD-StateMachineUpdater: set stopIndex = 47
2021-12-05 13:33:05,400 [6b0d9cdd-7078-4b14-a53d-7b743cf9f2d3@group-5A02D46FDBBD-StateMachineUpdater] INFO  ratis.ContainerStateMachine (ContainerStateMachine.java:takeSnapshot(292)) - group-5A02D46FDBBD: Taking a snapshot at:(t:1, i:47) file /home/runner/work/ozone/ozone/hadoop-ozone/integration-test/target/test-dir/MiniOzoneClusterImpl-d3c014ad-d181-4610-b0a5-9ad7c33a3941/datanode-0/data/ratis/66e08e63-33ff-4bd3-8886-5a02d46fdbbd/sm/snapshot.1_47
2021-12-05 13:33:05,400 [6b0d9cdd-7078-4b14-a53d-7b743cf9f2d3@group-5A02D46FDBBD-FollowerState] INFO  impl.FollowerState (FollowerState.java:run(143)) - 6b0d9cdd-7078-4b14-a53d-7b743cf9f2d3@group-5A02D46FDBBD-FollowerState was interrupted: {}
java.lang.InterruptedException: sleep interrupted
	at java.lang.Thread.sleep(Native Method)
	at java.lang.Thread.sleep(Thread.java:340)
	at java.util.concurrent.TimeUnit.sleep(TimeUnit.java:386)
	at org.apache.ratis.util.TimeDuration.sleep(TimeDuration.java:324)
	at org.apache.ratis.util.TimeDuration.sleep(TimeDuration.java:309)
	at org.apache.ratis.server.impl.FollowerState.run(FollowerState.java:118)
2021-12-05 13:33:05,401 [6b0d9cdd-7078-4b14-a53d-7b743cf9f2d3@group-5A02D46FDBBD-StateMachineUpdater] INFO  ratis.ContainerStateMachine (ContainerStateMachine.java:takeSnapshot(303)) - group-5A02D46FDBBD: Finished taking a snapshot at:(t:1, i:47) file:/home/runner/work/ozone/ozone/hadoop-ozone/integration-test/target/test-dir/MiniOzoneClusterImpl-d3c014ad-d181-4610-b0a5-9ad7c33a3941/datanode-0/data/ratis/66e08e63-33ff-4bd3-8886-5a02d46fdbbd/sm/snapshot.1_47 took: 1 ms
2021-12-05 13:33:05,402 [6b0d9cdd-7078-4b14-a53d-7b743cf9f2d3@group-5A02D46FDBBD-StateMachineUpdater] INFO  impl.StateMachineUpdater (StateMachineUpdater.java:takeSnapshot(281)) - 6b0d9cdd-7078-4b14-a53d-7b743cf9f2d3@group-5A02D46FDBBD-StateMachineUpdater: Took a snapshot at index 47
2021-12-05 13:33:05,402 [6b0d9cdd-7078-4b14-a53d-7b743cf9f2d3@group-5A02D46FDBBD-StateMachineUpdater] INFO  impl.StateMachineUpdater (StateMachineUpdater.java:lambda$new$0(89)) - 6b0d9cdd-7078-4b14-a53d-7b743cf9f2d3@group-5A02D46FDBBD-StateMachineUpdater: snapshotIndex: updateIncreasingly -1 -> 47
2021-12-05 13:33:05,403 [ForkJoinPool.commonPool-worker-0] INFO  server.RaftServer$Division (ServerState.java:close(419)) - 6b0d9cdd-7078-4b14-a53d-7b743cf9f2d3@group-5A02D46FDBBD: closes. applyIndex: 47
2021-12-05 13:33:05,403 [6b0d9cdd-7078-4b14-a53d-7b743cf9f2d3@group-5A02D46FDBBD-SegmentedRaftLogWorker] INFO  segmented.SegmentedRaftLogWorker (SegmentedRaftLogWorker.java:run(327)) - 6b0d9cdd-7078-4b14-a53d-7b743cf9f2d3@group-5A02D46FDBBD-SegmentedRaftLogWorker was interrupted, exiting. There are 0 tasks remaining in the queue.
2021-12-05 13:33:05,404 [ForkJoinPool.commonPool-worker-0] INFO  segmented.SegmentedRaftLogWorker (SegmentedRaftLogWorker.java:close(237)) - 6b0d9cdd-7078-4b14-a53d-7b743cf9f2d3@group-5A02D46FDBBD-SegmentedRaftLogWorker close()
2021-12-05 13:33:05,408 [ForkJoinPool.commonPool-worker-0] INFO  server.GrpcService (GrpcService.java:closeImpl(262)) - 6b0d9cdd-7078-4b14-a53d-7b743cf9f2d3: shutdown server with port 37287 now
2021-12-05 13:33:05,410 [Listener at 127.0.0.1/40645] INFO  segmented.SegmentedRaftLogWorker (SegmentedRaftLogWorker.java:close(237)) - 6824ef76-7bc5-4594-ad24-265b087b6a03@group-2343A9FBB539-SegmentedRaftLogWorker close()
2021-12-05 13:33:05,411 [grpc-default-executor-2] WARN  server.GrpcServerProtocolService (LogUtils.java:warn(122)) - 6b0d9cdd-7078-4b14-a53d-7b743cf9f2d3: installSnapshot onError, lastRequest: a6fc2e02-ba25-4172-96f1-26bb4d53af53->6b0d9cdd-7078-4b14-a53d-7b743cf9f2d3#1-t5,previous=(t:0, i:0),leaderCommit=-1,initializing? true,entries: size=1, first=(t:5, i:0), CONFIGURATIONENTRY: org.apache.ratis.thirdparty.io.grpc.StatusRuntimeException: CANCELLED: client cancelled
2021-12-05 13:33:05,411 [grpc-default-executor-0] WARN  server.GrpcServerProtocolService (LogUtils.java:warn(122)) - 6b0d9cdd-7078-4b14-a53d-7b743cf9f2d3: installSnapshot onError, lastRequest: 6824ef76-7bc5-4594-ad24-265b087b6a03->6b0d9cdd-7078-4b14-a53d-7b743cf9f2d3#489-t1,previous=(t:1, i:46),leaderCommit=45,initializing? true,entries: size=1, first=(t:1, i:47), METADATAENTRY(c:45): org.apache.ratis.thirdparty.io.grpc.StatusRuntimeException: CANCELLED: client cancelled
2021-12-05 13:33:05,415 [grpc-default-executor-1] WARN  server.GrpcLogAppender (LogUtils.java:warn(122)) - a6fc2e02-ba25-4172-96f1-26bb4d53af53@group-2343A9FBB539->6b0d9cdd-7078-4b14-a53d-7b743cf9f2d3-AppendLogResponseHandler: Failed appendEntries: org.apache.ratis.thirdparty.io.grpc.StatusRuntimeException: CANCELLED: HTTP/2 error code: CANCEL
Received Rst Stream
2021-12-05 13:33:05,416 [grpc-default-executor-1] WARN  server.GrpcLogAppender (GrpcLogAppender.java:resetClient(110)) - a6fc2e02-ba25-4172-96f1-26bb4d53af53@group-2343A9FBB539->6b0d9cdd-7078-4b14-a53d-7b743cf9f2d3-GrpcLogAppender: Leader has not got in touch with Follower a6fc2e02-ba25-4172-96f1-26bb4d53af53@group-2343A9FBB539->6b0d9cdd-7078-4b14-a53d-7b743cf9f2d3(c0,m0,n1, attendVote=true, lastRpcSendTime=1117, lastRpcResponseTime=1117) yet, just keep nextIndex unchanged and retry.
2021-12-05 13:33:05,416 [Listener at 127.0.0.1/40645] INFO  server.RaftServer$Division (RaftServerImpl.java:lambda$close$4(412)) - 6824ef76-7bc5-4594-ad24-265b087b6a03@group-5A02D46FDBBD: shutdown
2021-12-05 13:33:05,416 [Listener at 127.0.0.1/40645] INFO  util.JmxRegister (JmxRegister.java:unregister(73)) - Successfully un-registered JMX Bean with object name Ratis:service=RaftServer,group=group-5A02D46FDBBD,id=6824ef76-7bc5-4594-ad24-265b087b6a03
2021-12-05 13:33:05,416 [Listener at 127.0.0.1/40645] INFO  impl.RoleInfo (RoleInfo.java:shutdownLeaderState(91)) - 6824ef76-7bc5-4594-ad24-265b087b6a03: shutdown 6824ef76-7bc5-4594-ad24-265b087b6a03@group-5A02D46FDBBD-LeaderStateImpl
2021-12-05 13:33:05,426 [grpc-default-executor-4] WARN  server.GrpcLogAppender (LogUtils.java:warn(122)) - 6824ef76-7bc5-4594-ad24-265b087b6a03@group-5A02D46FDBBD->6b0d9cdd-7078-4b14-a53d-7b743cf9f2d3-AppendLogResponseHandler: Failed appendEntries: org.apache.ratis.thirdparty.io.grpc.StatusRuntimeException: CANCELLED: HTTP/2 error code: CANCEL
Received Rst Stream
2021-12-05 13:33:05,426 [grpc-default-executor-0] INFO  server.GrpcServerProtocolService (GrpcServerProtocolService.java:onCompleted(140)) - a6fc2e02-ba25-4172-96f1-26bb4d53af53: Completed APPEND_ENTRIES, lastRequest: 6824ef76-7bc5-4594-ad24-265b087b6a03->a6fc2e02-ba25-4172-96f1-26bb4d53af53#590-t1,previous=(t:1, i:46),leaderCommit=45,initializing? true,entries: size=1, first=(t:1, i:47), METADATAENTRY(c:45)
2021-12-05 13:33:05,427 [grpc-default-executor-0] INFO  server.GrpcLogAppender (GrpcLogAppender.java:onCompleted(346)) - 6824ef76-7bc5-4594-ad24-265b087b6a03@group-5A02D46FDBBD->a6fc2e02-ba25-4172-96f1-26bb4d53af53-AppendLogResponseHandler: follower responses appendEntries COMPLETED
2021-12-05 13:33:05,427 [grpc-default-executor-0] INFO  leader.FollowerInfo (FollowerInfoImpl.java:lambda$new$0(47)) - 6824ef76-7bc5-4594-ad24-265b087b6a03@group-5A02D46FDBBD->a6fc2e02-ba25-4172-96f1-26bb4d53af53: nextIndex: updateUnconditionally 48 -> 47
2021-12-05 13:33:05,427 [grpc-default-executor-4] INFO  leader.FollowerInfo (FollowerInfoImpl.java:lambda$new$0(47)) - 6824ef76-7bc5-4594-ad24-265b087b6a03@group-5A02D46FDBBD->6b0d9cdd-7078-4b14-a53d-7b743cf9f2d3: nextIndex: updateUnconditionally 48 -> 47
2021-12-05 13:33:05,430 [Listener at 127.0.0.1/40645] INFO  impl.PendingRequests (PendingRequests.java:sendNotLeaderResponses(282)) - 6824ef76-7bc5-4594-ad24-265b087b6a03@group-5A02D46FDBBD-PendingRequests: sendNotLeaderResponses
2021-12-05 13:33:05,430 [6824ef76-7bc5-4594-ad24-265b087b6a03@group-5A02D46FDBBD->6b0d9cdd-7078-4b14-a53d-7b743cf9f2d3-GrpcLogAppender-LogAppenderDaemon] WARN  server.GrpcLogAppender (GrpcLogAppender.java:mayWait(177)) - 6824ef76-7bc5-4594-ad24-265b087b6a03@group-5A02D46FDBBD->6b0d9cdd-7078-4b14-a53d-7b743cf9f2d3-GrpcLogAppender: Wait interrupted by java.lang.InterruptedException
2021-12-05 13:33:05,432 [Listener at 127.0.0.1/40645] INFO  impl.StateMachineUpdater (StateMachineUpdater.java:stopAndJoin(149)) - 6824ef76-7bc5-4594-ad24-265b087b6a03@group-5A02D46FDBBD-StateMachineUpdater: set stopIndex = 47
2021-12-05 13:33:05,432 [6824ef76-7bc5-4594-ad24-265b087b6a03@group-5A02D46FDBBD-StateMachineUpdater] INFO  ratis.ContainerStateMachine (ContainerStateMachine.java:takeSnapshot(292)) - group-5A02D46FDBBD: Taking a snapshot at:(t:1, i:47) file /home/runner/work/ozone/ozone/hadoop-ozone/integration-test/target/test-dir/MiniOzoneClusterImpl-d3c014ad-d181-4610-b0a5-9ad7c33a3941/datanode-1/data/ratis/66e08e63-33ff-4bd3-8886-5a02d46fdbbd/sm/snapshot.1_47
2021-12-05 13:33:05,436 [ForkJoinPool.commonPool-worker-0] INFO  server.GrpcService (GrpcService.java:closeImpl(271)) - 6b0d9cdd-7078-4b14-a53d-7b743cf9f2d3: shutdown server with port 37287 successfully
2021-12-05 13:33:05,438 [org.apache.ratis.util.JvmPauseMonitor$$Lambda$525/1513368495@4aa65fab] INFO  util.JvmPauseMonitor (JvmPauseMonitor.java:run(109)) - JvmPauseMonitor-6b0d9cdd-7078-4b14-a53d-7b743cf9f2d3: Stopped
2021-12-05 13:33:05,440 [6824ef76-7bc5-4594-ad24-265b087b6a03@group-5A02D46FDBBD-StateMachineUpdater] INFO  ratis.ContainerStateMachine (ContainerStateMachine.java:takeSnapshot(303)) - group-5A02D46FDBBD: Finished taking a snapshot at:(t:1, i:47) file:/home/runner/work/ozone/ozone/hadoop-ozone/integration-test/target/test-dir/MiniOzoneClusterImpl-d3c014ad-d181-4610-b0a5-9ad7c33a3941/datanode-1/data/ratis/66e08e63-33ff-4bd3-8886-5a02d46fdbbd/sm/snapshot.1_47 took: 8 ms
2021-12-05 13:33:05,441 [6824ef76-7bc5-4594-ad24-265b087b6a03@group-5A02D46FDBBD-StateMachineUpdater] INFO  impl.StateMachineUpdater (StateMachineUpdater.java:takeSnapshot(281)) - 6824ef76-7bc5-4594-ad24-265b087b6a03@group-5A02D46FDBBD-StateMachineUpdater: Took a snapshot at index 47
2021-12-05 13:33:05,441 [6824ef76-7bc5-4594-ad24-265b087b6a03@group-5A02D46FDBBD-StateMachineUpdater] INFO  impl.StateMachineUpdater (StateMachineUpdater.java:lambda$new$0(89)) - 6824ef76-7bc5-4594-ad24-265b087b6a03@group-5A02D46FDBBD-StateMachineUpdater: snapshotIndex: updateIncreasingly -1 -> 47
2021-12-05 13:33:05,443 [Listener at 127.0.0.1/40645] INFO  server.RaftServer$Division (ServerState.java:close(419)) - 6824ef76-7bc5-4594-ad24-265b087b6a03@group-5A02D46FDBBD: closes. applyIndex: 47
2021-12-05 13:33:05,443 [6824ef76-7bc5-4594-ad24-265b087b6a03@group-5A02D46FDBBD-SegmentedRaftLogWorker] INFO  segmented.SegmentedRaftLogWorker (SegmentedRaftLogWorker.java:run(327)) - 6824ef76-7bc5-4594-ad24-265b087b6a03@group-5A02D46FDBBD-SegmentedRaftLogWorker was interrupted, exiting. There are 0 tasks remaining in the queue.
2021-12-05 13:33:05,450 [Listener at 127.0.0.1/40645] INFO  segmented.SegmentedRaftLogWorker (SegmentedRaftLogWorker.java:close(237)) - 6824ef76-7bc5-4594-ad24-265b087b6a03@group-5A02D46FDBBD-SegmentedRaftLogWorker close()
2021-12-05 13:33:05,458 [Listener at 127.0.0.1/40645] INFO  server.RaftServer$Division (RaftServerImpl.java:lambda$close$4(412)) - 6824ef76-7bc5-4594-ad24-265b087b6a03@group-DD1A59EA3815: shutdown
2021-12-05 13:33:05,458 [Listener at 127.0.0.1/40645] INFO  util.JmxRegister (JmxRegister.java:unregister(73)) - Successfully un-registered JMX Bean with object name Ratis:service=RaftServer,group=group-DD1A59EA3815,id=6824ef76-7bc5-4594-ad24-265b087b6a03
2021-12-05 13:33:05,458 [Listener at 127.0.0.1/40645] INFO  impl.RoleInfo (RoleInfo.java:shutdownLeaderState(91)) - 6824ef76-7bc5-4594-ad24-265b087b6a03: shutdown 6824ef76-7bc5-4594-ad24-265b087b6a03@group-DD1A59EA3815-LeaderStateImpl
2021-12-05 13:33:05,458 [Listener at 127.0.0.1/40645] INFO  impl.PendingRequests (PendingRequests.java:sendNotLeaderResponses(282)) - 6824ef76-7bc5-4594-ad24-265b087b6a03@group-DD1A59EA3815-PendingRequests: sendNotLeaderResponses
2021-12-05 13:33:05,459 [Listener at 127.0.0.1/40645] INFO  impl.StateMachineUpdater (StateMachineUpdater.java:stopAndJoin(149)) - 6824ef76-7bc5-4594-ad24-265b087b6a03@group-DD1A59EA3815-StateMachineUpdater: set stopIndex = 0
2021-12-05 13:33:05,459 [6824ef76-7bc5-4594-ad24-265b087b6a03@group-DD1A59EA3815-StateMachineUpdater] INFO  ratis.ContainerStateMachine (ContainerStateMachine.java:takeSnapshot(292)) - group-DD1A59EA3815: Taking a snapshot at:(t:1, i:0) file /home/runner/work/ozone/ozone/hadoop-ozone/integration-test/target/test-dir/MiniOzoneClusterImpl-d3c014ad-d181-4610-b0a5-9ad7c33a3941/datanode-1/data/ratis/ccf59920-3b34-4a01-be09-dd1a59ea3815/sm/snapshot.1_0
2021-12-05 13:33:05,466 [6824ef76-7bc5-4594-ad24-265b087b6a03@group-DD1A59EA3815-StateMachineUpdater] INFO  ratis.ContainerStateMachine (ContainerStateMachine.java:takeSnapshot(303)) - group-DD1A59EA3815: Finished taking a snapshot at:(t:1, i:0) file:/home/runner/work/ozone/ozone/hadoop-ozone/integration-test/target/test-dir/MiniOzoneClusterImpl-d3c014ad-d181-4610-b0a5-9ad7c33a3941/datanode-1/data/ratis/ccf59920-3b34-4a01-be09-dd1a59ea3815/sm/snapshot.1_0 took: 6 ms
2021-12-05 13:33:05,466 [6824ef76-7bc5-4594-ad24-265b087b6a03@group-DD1A59EA3815-StateMachineUpdater] INFO  impl.StateMachineUpdater (StateMachineUpdater.java:takeSnapshot(281)) - 6824ef76-7bc5-4594-ad24-265b087b6a03@group-DD1A59EA3815-StateMachineUpdater: Took a snapshot at index 0
2021-12-05 13:33:05,466 [6824ef76-7bc5-4594-ad24-265b087b6a03@group-DD1A59EA3815-StateMachineUpdater] INFO  impl.StateMachineUpdater (StateMachineUpdater.java:lambda$new$0(89)) - 6824ef76-7bc5-4594-ad24-265b087b6a03@group-DD1A59EA3815-StateMachineUpdater: snapshotIndex: updateIncreasingly -1 -> 0
2021-12-05 13:33:05,466 [Listener at 127.0.0.1/40645] INFO  server.RaftServer$Division (ServerState.java:close(419)) - 6824ef76-7bc5-4594-ad24-265b087b6a03@group-DD1A59EA3815: closes. applyIndex: 0
2021-12-05 13:33:05,466 [6824ef76-7bc5-4594-ad24-265b087b6a03@group-DD1A59EA3815-SegmentedRaftLogWorker] INFO  segmented.SegmentedRaftLogWorker (SegmentedRaftLogWorker.java:run(327)) - 6824ef76-7bc5-4594-ad24-265b087b6a03@group-DD1A59EA3815-SegmentedRaftLogWorker was interrupted, exiting. There are 0 tasks remaining in the queue.
2021-12-05 13:33:05,468 [Listener at 127.0.0.1/40645] INFO  segmented.SegmentedRaftLogWorker (SegmentedRaftLogWorker.java:close(237)) - 6824ef76-7bc5-4594-ad24-265b087b6a03@group-DD1A59EA3815-SegmentedRaftLogWorker close()
2021-12-05 13:33:05,474 [Listener at 127.0.0.1/40645] INFO  server.GrpcService (GrpcService.java:closeImpl(262)) - 6824ef76-7bc5-4594-ad24-265b087b6a03: shutdown server with port 42703 now
2021-12-05 13:33:05,476 [grpc-default-executor-0] WARN  client.GrpcClientProtocolService (LogUtils.java:warn(122)) - 1-UnorderedRequestStreamObserver1: onError: org.apache.ratis.thirdparty.io.grpc.StatusRuntimeException: CANCELLED: client cancelled
2021-12-05 13:33:05,477 [grpc-default-executor-3] WARN  server.GrpcServerProtocolService (LogUtils.java:warn(122)) - 6824ef76-7bc5-4594-ad24-265b087b6a03: installSnapshot onError, lastRequest: a6fc2e02-ba25-4172-96f1-26bb4d53af53->6824ef76-7bc5-4594-ad24-265b087b6a03#1-t5,previous=(t:0, i:0),leaderCommit=-1,initializing? true,entries: size=1, first=(t:5, i:0), CONFIGURATIONENTRY: org.apache.ratis.thirdparty.io.grpc.StatusRuntimeException: CANCELLED: client cancelled
2021-12-05 13:33:05,477 [grpc-default-executor-1] WARN  server.GrpcLogAppender (LogUtils.java:warn(122)) - a6fc2e02-ba25-4172-96f1-26bb4d53af53@group-2343A9FBB539->6824ef76-7bc5-4594-ad24-265b087b6a03-AppendLogResponseHandler: Failed appendEntries: org.apache.ratis.thirdparty.io.grpc.StatusRuntimeException: CANCELLED: HTTP/2 error code: CANCEL
Received Rst Stream
2021-12-05 13:33:05,477 [grpc-default-executor-1] WARN  server.GrpcLogAppender (GrpcLogAppender.java:resetClient(110)) - a6fc2e02-ba25-4172-96f1-26bb4d53af53@group-2343A9FBB539->6824ef76-7bc5-4594-ad24-265b087b6a03-GrpcLogAppender: Leader has not got in touch with Follower a6fc2e02-ba25-4172-96f1-26bb4d53af53@group-2343A9FBB539->6824ef76-7bc5-4594-ad24-265b087b6a03(c0,m0,n1, attendVote=true, lastRpcSendTime=1178, lastRpcResponseTime=1177) yet, just keep nextIndex unchanged and retry.
2021-12-05 13:33:05,501 [Listener at 127.0.0.1/40645] INFO  server.GrpcService (GrpcService.java:closeImpl(271)) - 6824ef76-7bc5-4594-ad24-265b087b6a03: shutdown server with port 42703 successfully
2021-12-05 13:33:05,501 [org.apache.ratis.util.JvmPauseMonitor$$Lambda$525/1513368495@32f070e1] INFO  util.JvmPauseMonitor (JvmPauseMonitor.java:run(109)) - JvmPauseMonitor-6824ef76-7bc5-4594-ad24-265b087b6a03: Stopped
2021-12-05 13:33:06,869 [grpc-default-executor-0] WARN  server.GrpcLogAppender (LogUtils.java:warn(122)) - a6fc2e02-ba25-4172-96f1-26bb4d53af53@group-2343A9FBB539->6824ef76-7bc5-4594-ad24-265b087b6a03-AppendLogResponseHandler: Failed appendEntries: org.apache.ratis.thirdparty.io.grpc.StatusRuntimeException: UNAVAILABLE: io exception
2021-12-05 13:33:06,902 [grpc-default-executor-2] WARN  server.GrpcLogAppender (LogUtils.java:warn(122)) - a6fc2e02-ba25-4172-96f1-26bb4d53af53@group-2343A9FBB539->6b0d9cdd-7078-4b14-a53d-7b743cf9f2d3-AppendLogResponseHandler: Failed appendEntries: org.apache.ratis.thirdparty.io.grpc.StatusRuntimeException: UNAVAILABLE: io exception
2021-12-05 13:33:06,902 [grpc-default-executor-0] WARN  server.GrpcLogAppender (GrpcLogAppender.java:resetClient(110)) - a6fc2e02-ba25-4172-96f1-26bb4d53af53@group-2343A9FBB539->6824ef76-7bc5-4594-ad24-265b087b6a03-GrpcLogAppender: Leader has not got in touch with Follower a6fc2e02-ba25-4172-96f1-26bb4d53af53@group-2343A9FBB539->6824ef76-7bc5-4594-ad24-265b087b6a03(c0,m0,n1, attendVote=true, lastRpcSendTime=35, lastRpcResponseTime=2602) yet, just keep nextIndex unchanged and retry.
2021-12-05 13:33:06,902 [grpc-default-executor-2] WARN  server.GrpcLogAppender (GrpcLogAppender.java:resetClient(110)) - a6fc2e02-ba25-4172-96f1-26bb4d53af53@group-2343A9FBB539->6b0d9cdd-7078-4b14-a53d-7b743cf9f2d3-GrpcLogAppender: Leader has not got in touch with Follower a6fc2e02-ba25-4172-96f1-26bb4d53af53@group-2343A9FBB539->6b0d9cdd-7078-4b14-a53d-7b743cf9f2d3(c0,m0,n1, attendVote=true, lastRpcSendTime=5, lastRpcResponseTime=2603) yet, just keep nextIndex unchanged and retry.
2021-12-05 13:33:09,371 [grpc-default-executor-2] WARN  server.GrpcLogAppender (LogUtils.java:warn(122)) - a6fc2e02-ba25-4172-96f1-26bb4d53af53@group-2343A9FBB539->6824ef76-7bc5-4594-ad24-265b087b6a03-AppendLogResponseHandler: Failed appendEntries: org.apache.ratis.thirdparty.io.grpc.StatusRuntimeException: UNAVAILABLE: io exception
2021-12-05 13:33:09,372 [grpc-default-executor-2] WARN  server.GrpcLogAppender (GrpcLogAppender.java:resetClient(110)) - a6fc2e02-ba25-4172-96f1-26bb4d53af53@group-2343A9FBB539->6824ef76-7bc5-4594-ad24-265b087b6a03-GrpcLogAppender: Leader has not got in touch with Follower a6fc2e02-ba25-4172-96f1-26bb4d53af53@group-2343A9FBB539->6824ef76-7bc5-4594-ad24-265b087b6a03(c0,m0,n1, attendVote=true, lastRpcSendTime=2, lastRpcResponseTime=5071) yet, just keep nextIndex unchanged and retry.
2021-12-05 13:33:09,408 [grpc-default-executor-2] WARN  server.GrpcLogAppender (LogUtils.java:warn(122)) - a6fc2e02-ba25-4172-96f1-26bb4d53af53@group-2343A9FBB539->6b0d9cdd-7078-4b14-a53d-7b743cf9f2d3-AppendLogResponseHandler: Failed appendEntries: org.apache.ratis.thirdparty.io.grpc.StatusRuntimeException: UNAVAILABLE: io exception
2021-12-05 13:33:09,408 [grpc-default-executor-2] WARN  server.GrpcLogAppender (GrpcLogAppender.java:resetClient(110)) - a6fc2e02-ba25-4172-96f1-26bb4d53af53@group-2343A9FBB539->6b0d9cdd-7078-4b14-a53d-7b743cf9f2d3-GrpcLogAppender: Leader has not got in touch with Follower a6fc2e02-ba25-4172-96f1-26bb4d53af53@group-2343A9FBB539->6b0d9cdd-7078-4b14-a53d-7b743cf9f2d3(c0,m0,n1, attendVote=true, lastRpcSendTime=2511, lastRpcResponseTime=5109) yet, just keep nextIndex unchanged and retry.
2021-12-05 13:33:11,239 [a6fc2e02-ba25-4172-96f1-26bb4d53af53@group-5A02D46FDBBD-FollowerState] INFO  impl.FollowerState (FollowerState.java:run(134)) - a6fc2e02-ba25-4172-96f1-26bb4d53af53@group-5A02D46FDBBD-FollowerState: change to CANDIDATE, lastRpcElapsedTime:6959030463ns, electionTimeout:5084ms
2021-12-05 13:33:11,240 [a6fc2e02-ba25-4172-96f1-26bb4d53af53@group-5A02D46FDBBD-FollowerState] INFO  impl.RoleInfo (RoleInfo.java:shutdownFollowerState(108)) - a6fc2e02-ba25-4172-96f1-26bb4d53af53: shutdown a6fc2e02-ba25-4172-96f1-26bb4d53af53@group-5A02D46FDBBD-FollowerState
2021-12-05 13:33:11,240 [a6fc2e02-ba25-4172-96f1-26bb4d53af53@group-5A02D46FDBBD-FollowerState] INFO  server.RaftServer$Division (RaftServerImpl.java:setRole(290)) - a6fc2e02-ba25-4172-96f1-26bb4d53af53@group-5A02D46FDBBD: changes role from  FOLLOWER to CANDIDATE at term 1 for changeToCandidate
2021-12-05 13:33:11,240 [a6fc2e02-ba25-4172-96f1-26bb4d53af53@group-5A02D46FDBBD-FollowerState] INFO  server.RaftServerConfigKeys (ConfUtils.java:logGet(44)) - raft.server.leaderelection.pre-vote = false (custom)
2021-12-05 13:33:11,240 [a6fc2e02-ba25-4172-96f1-26bb4d53af53@group-5A02D46FDBBD-FollowerState] INFO  impl.RoleInfo (RoleInfo.java:updateAndGet(130)) - a6fc2e02-ba25-4172-96f1-26bb4d53af53: start a6fc2e02-ba25-4172-96f1-26bb4d53af53@group-5A02D46FDBBD-LeaderElection55
2021-12-05 13:33:11,251 [a6fc2e02-ba25-4172-96f1-26bb4d53af53@group-5A02D46FDBBD-LeaderElection55] INFO  server.RaftServer$Division (ServerState.java:setLeader(285)) - a6fc2e02-ba25-4172-96f1-26bb4d53af53@group-5A02D46FDBBD: change Leader from 6824ef76-7bc5-4594-ad24-265b087b6a03 to null at term 1 for ELECTION
2021-12-05 13:33:11,257 [a6fc2e02-ba25-4172-96f1-26bb4d53af53@group-5A02D46FDBBD-LeaderElection55] INFO  impl.LeaderElection (LeaderElection.java:askForVotes(306)) - a6fc2e02-ba25-4172-96f1-26bb4d53af53@group-5A02D46FDBBD-LeaderElection55 ELECTION round 0: submit vote requests at term 2 for 0: [6824ef76-7bc5-4594-ad24-265b087b6a03|rpc:10.1.0.33:42703|dataStream:|priority:1, 6b0d9cdd-7078-4b14-a53d-7b743cf9f2d3|rpc:10.1.0.33:37287|dataStream:|priority:0, a6fc2e02-ba25-4172-96f1-26bb4d53af53|rpc:10.1.0.33:46833|dataStream:|priority:0], old=null
2021-12-05 13:33:11,282 [a6fc2e02-ba25-4172-96f1-26bb4d53af53@group-5A02D46FDBBD-LeaderElection55] INFO  impl.LeaderElection (LogUtils.java:infoOrTrace(137)) - a6fc2e02-ba25-4172-96f1-26bb4d53af53@group-5A02D46FDBBD-LeaderElection55 got exception when requesting votes: java.util.concurrent.ExecutionException: org.apache.ratis.thirdparty.io.grpc.StatusRuntimeException: UNAVAILABLE: io exception
2021-12-05 13:33:11,283 [a6fc2e02-ba25-4172-96f1-26bb4d53af53@group-5A02D46FDBBD-LeaderElection55] INFO  impl.LeaderElection (LogUtils.java:infoOrTrace(137)) - a6fc2e02-ba25-4172-96f1-26bb4d53af53@group-5A02D46FDBBD-LeaderElection55 got exception when requesting votes: java.util.concurrent.ExecutionException: org.apache.ratis.thirdparty.io.grpc.StatusRuntimeException: UNAVAILABLE: io exception
2021-12-05 13:33:11,283 [a6fc2e02-ba25-4172-96f1-26bb4d53af53@group-5A02D46FDBBD-LeaderElection55] INFO  impl.LeaderElection (LeaderElection.java:logAndReturn(89)) - a6fc2e02-ba25-4172-96f1-26bb4d53af53@group-5A02D46FDBBD-LeaderElection55: ELECTION REJECTED received 0 response(s) and 2 exception(s):
2021-12-05 13:33:11,283 [a6fc2e02-ba25-4172-96f1-26bb4d53af53@group-5A02D46FDBBD-LeaderElection55] INFO  impl.LeaderElection (LogUtils.java:infoOrTrace(137)) -   Exception 0: java.util.concurrent.ExecutionException: org.apache.ratis.thirdparty.io.grpc.StatusRuntimeException: UNAVAILABLE: io exception
2021-12-05 13:33:11,283 [a6fc2e02-ba25-4172-96f1-26bb4d53af53@group-5A02D46FDBBD-LeaderElection55] INFO  impl.LeaderElection (LogUtils.java:infoOrTrace(137)) -   Exception 1: java.util.concurrent.ExecutionException: org.apache.ratis.thirdparty.io.grpc.StatusRuntimeException: UNAVAILABLE: io exception
2021-12-05 13:33:11,283 [a6fc2e02-ba25-4172-96f1-26bb4d53af53@group-5A02D46FDBBD-LeaderElection55] INFO  impl.LeaderElection (LeaderElection.java:askForVotes(308)) - a6fc2e02-ba25-4172-96f1-26bb4d53af53@group-5A02D46FDBBD-LeaderElection55 ELECTION round 0: result REJECTED
2021-12-05 13:33:11,283 [a6fc2e02-ba25-4172-96f1-26bb4d53af53@group-5A02D46FDBBD-LeaderElection55] INFO  server.RaftServer$Division (RaftServerImpl.java:setRole(290)) - a6fc2e02-ba25-4172-96f1-26bb4d53af53@group-5A02D46FDBBD: changes role from CANDIDATE to FOLLOWER at term 2 for REJECTED
2021-12-05 13:33:11,283 [a6fc2e02-ba25-4172-96f1-26bb4d53af53@group-5A02D46FDBBD-LeaderElection55] INFO  impl.RoleInfo (RoleInfo.java:shutdownLeaderElection(121)) - a6fc2e02-ba25-4172-96f1-26bb4d53af53: shutdown a6fc2e02-ba25-4172-96f1-26bb4d53af53@group-5A02D46FDBBD-LeaderElection55
2021-12-05 13:33:11,283 [a6fc2e02-ba25-4172-96f1-26bb4d53af53@group-5A02D46FDBBD-LeaderElection55] INFO  impl.RoleInfo (RoleInfo.java:updateAndGet(130)) - a6fc2e02-ba25-4172-96f1-26bb4d53af53: start a6fc2e02-ba25-4172-96f1-26bb4d53af53@group-5A02D46FDBBD-FollowerState
2021-12-05 13:33:11,883 [grpc-default-executor-2] WARN  server.GrpcLogAppender (LogUtils.java:warn(122)) - a6fc2e02-ba25-4172-96f1-26bb4d53af53@group-2343A9FBB539->6824ef76-7bc5-4594-ad24-265b087b6a03-AppendLogResponseHandler: Failed appendEntries: org.apache.ratis.thirdparty.io.grpc.StatusRuntimeException: UNAVAILABLE: io exception
2021-12-05 13:33:11,883 [grpc-default-executor-2] WARN  server.GrpcLogAppender (GrpcLogAppender.java:resetClient(110)) - a6fc2e02-ba25-4172-96f1-26bb4d53af53@group-2343A9FBB539->6824ef76-7bc5-4594-ad24-265b087b6a03-GrpcLogAppender: Leader has not got in touch with Follower a6fc2e02-ba25-4172-96f1-26bb4d53af53@group-2343A9FBB539->6824ef76-7bc5-4594-ad24-265b087b6a03(c0,m0,n1, attendVote=true, lastRpcSendTime=2514, lastRpcResponseTime=7583) yet, just keep nextIndex unchanged and retry.
2021-12-05 13:33:11,909 [grpc-default-executor-2] WARN  server.GrpcLogAppender (LogUtils.java:warn(122)) - a6fc2e02-ba25-4172-96f1-26bb4d53af53@group-2343A9FBB539->6b0d9cdd-7078-4b14-a53d-7b743cf9f2d3-AppendLogResponseHandler: Failed appendEntries: org.apache.ratis.thirdparty.io.grpc.StatusRuntimeException: UNAVAILABLE: io exception
2021-12-05 13:33:11,910 [grpc-default-executor-2] WARN  server.GrpcLogAppender (GrpcLogAppender.java:resetClient(110)) - a6fc2e02-ba25-4172-96f1-26bb4d53af53@group-2343A9FBB539->6b0d9cdd-7078-4b14-a53d-7b743cf9f2d3-GrpcLogAppender: Leader has not got in touch with Follower a6fc2e02-ba25-4172-96f1-26bb4d53af53@group-2343A9FBB539->6b0d9cdd-7078-4b14-a53d-7b743cf9f2d3(c0,m0,n1, attendVote=true, lastRpcSendTime=2500, lastRpcResponseTime=7611) yet, just keep nextIndex unchanged and retry.
2021-12-05 13:33:12,336 [a6fc2e02-ba25-4172-96f1-26bb4d53af53@group-2343A9FBB539-LeaderStateImpl] WARN  server.RaftServer$Division (LeaderStateImpl.java:checkLeadership(974)) - a6fc2e02-ba25-4172-96f1-26bb4d53af53@group-2343A9FBB539-LeaderStateImpl: Lost leadership on term: 5. Election timeout: 5200ms. In charge for: 15767ms. Conf: 0: [6824ef76-7bc5-4594-ad24-265b087b6a03|rpc:10.1.0.33:42703|dataStream:|priority:0, 6b0d9cdd-7078-4b14-a53d-7b743cf9f2d3|rpc:10.1.0.33:37287|dataStream:|priority:0, a6fc2e02-ba25-4172-96f1-26bb4d53af53|rpc:10.1.0.33:46833|dataStream:|priority:1], old=null
2021-12-05 13:33:12,336 [a6fc2e02-ba25-4172-96f1-26bb4d53af53@group-2343A9FBB539-LeaderStateImpl] WARN  server.RaftServer$Division (LeaderStateImpl.java:lambda$checkLeadership$15(978)) - Follower a6fc2e02-ba25-4172-96f1-26bb4d53af53@group-2343A9FBB539->6824ef76-7bc5-4594-ad24-265b087b6a03(c0,m0,n1, attendVote=true, lastRpcSendTime=448, lastRpcResponseTime=8036)
2021-12-05 13:33:12,336 [a6fc2e02-ba25-4172-96f1-26bb4d53af53@group-2343A9FBB539-LeaderStateImpl] WARN  server.RaftServer$Division (LeaderStateImpl.java:lambda$checkLeadership$15(978)) - Follower a6fc2e02-ba25-4172-96f1-26bb4d53af53@group-2343A9FBB539->6b0d9cdd-7078-4b14-a53d-7b743cf9f2d3(c0,m0,n1, attendVote=true, lastRpcSendTime=423, lastRpcResponseTime=8037)
2021-12-05 13:33:12,336 [a6fc2e02-ba25-4172-96f1-26bb4d53af53@group-2343A9FBB539-LeaderStateImpl] INFO  server.RaftServer$Division (RaftServerImpl.java:setRole(290)) - a6fc2e02-ba25-4172-96f1-26bb4d53af53@group-2343A9FBB539: changes role from    LEADER to FOLLOWER at term 5 for StepDownReason:LOST_MAJORITY_HEARTBEATS
2021-12-05 13:33:12,336 [a6fc2e02-ba25-4172-96f1-26bb4d53af53@group-2343A9FBB539-LeaderStateImpl] INFO  impl.RoleInfo (RoleInfo.java:shutdownLeaderState(91)) - a6fc2e02-ba25-4172-96f1-26bb4d53af53: shutdown a6fc2e02-ba25-4172-96f1-26bb4d53af53@group-2343A9FBB539-LeaderStateImpl
2021-12-05 13:33:12,336 [a6fc2e02-ba25-4172-96f1-26bb4d53af53@group-2343A9FBB539-LeaderStateImpl] INFO  impl.PendingRequests (PendingRequests.java:sendNotLeaderResponses(282)) - a6fc2e02-ba25-4172-96f1-26bb4d53af53@group-2343A9FBB539-PendingRequests: sendNotLeaderResponses
2021-12-05 13:33:12,337 [a6fc2e02-ba25-4172-96f1-26bb4d53af53@group-2343A9FBB539-LeaderStateImpl] INFO  impl.RoleInfo (RoleInfo.java:updateAndGet(130)) - a6fc2e02-ba25-4172-96f1-26bb4d53af53: start a6fc2e02-ba25-4172-96f1-26bb4d53af53@group-2343A9FBB539-FollowerState
2021-12-05 13:33:12,496 [ForkJoinPool.commonPool-worker-0] INFO  utils.BackgroundService (BackgroundService.java:shutdown(132)) - Shutting down service BlockDeletingService
2021-12-05 13:33:12,539 [Listener at 127.0.0.1/40645] INFO  utils.BackgroundService (BackgroundService.java:shutdown(132)) - Shutting down service BlockDeletingService
2021-12-05 13:33:15,502 [ForkJoinPool.commonPool-worker-0] INFO  statemachine.DatanodeStateMachine (DatanodeStateMachine.java:stopDaemon(526)) - Ozone container server stopped.
2021-12-05 13:33:15,505 [ForkJoinPool.commonPool-worker-0] INFO  handler.ContextHandler (ContextHandler.java:doStop(1153)) - Stopped o.e.j.w.WebAppContext@4348ea5e{hddsDatanode,/,null,STOPPED}{jar:file:/home/runner/.m2/repository/org/apache/ozone/hdds-container-service/1.3.0-SNAPSHOT/hdds-container-service-1.3.0-SNAPSHOT.jar!/webapps/hddsDatanode}
2021-12-05 13:33:15,512 [ForkJoinPool.commonPool-worker-0] INFO  server.AbstractConnector (AbstractConnector.java:doStop(381)) - Stopped ServerConnector@2d5116c6{HTTP/1.1, (http/1.1)}{0.0.0.0:0}
2021-12-05 13:33:15,512 [ForkJoinPool.commonPool-worker-0] INFO  server.session (HouseKeeper.java:stopScavenging(149)) - node0 Stopped scavenging
2021-12-05 13:33:15,516 [ForkJoinPool.commonPool-worker-0] INFO  handler.ContextHandler (ContextHandler.java:doStop(1153)) - Stopped o.e.j.s.ServletContextHandler@4f338c16{static,/static,jar:file:/home/runner/.m2/repository/org/apache/ozone/hdds-container-service/1.3.0-SNAPSHOT/hdds-container-service-1.3.0-SNAPSHOT.jar!/webapps/static,STOPPED}
2021-12-05 13:33:15,516 [ForkJoinPool.commonPool-worker-0] INFO  handler.ContextHandler (ContextHandler.java:doStop(1153)) - Stopped o.e.j.s.ServletContextHandler@5038e82d{logs,/logs,file:///home/runner/work/ozone/ozone/hadoop-ozone/integration-test/target/log,STOPPED}
2021-12-05 13:33:15,553 [Listener at 127.0.0.1/40645] INFO  statemachine.DatanodeStateMachine (DatanodeStateMachine.java:stopDaemon(526)) - Ozone container server stopped.
2021-12-05 13:33:15,554 [Listener at 127.0.0.1/40645] INFO  handler.ContextHandler (ContextHandler.java:doStop(1153)) - Stopped o.e.j.w.WebAppContext@5a9ae0ad{hddsDatanode,/,null,STOPPED}{jar:file:/home/runner/.m2/repository/org/apache/ozone/hdds-container-service/1.3.0-SNAPSHOT/hdds-container-service-1.3.0-SNAPSHOT.jar!/webapps/hddsDatanode}
2021-12-05 13:33:15,557 [Listener at 127.0.0.1/40645] INFO  server.AbstractConnector (AbstractConnector.java:doStop(381)) - Stopped ServerConnector@646a2ba{HTTP/1.1, (http/1.1)}{0.0.0.0:0}
2021-12-05 13:33:15,558 [Listener at 127.0.0.1/40645] INFO  server.session (HouseKeeper.java:stopScavenging(149)) - node0 Stopped scavenging
2021-12-05 13:33:15,558 [Listener at 127.0.0.1/40645] INFO  handler.ContextHandler (ContextHandler.java:doStop(1153)) - Stopped o.e.j.s.ServletContextHandler@7e33c4b3{static,/static,jar:file:/home/runner/.m2/repository/org/apache/ozone/hdds-container-service/1.3.0-SNAPSHOT/hdds-container-service-1.3.0-SNAPSHOT.jar!/webapps/static,STOPPED}
2021-12-05 13:33:15,558 [Listener at 127.0.0.1/40645] INFO  handler.ContextHandler (ContextHandler.java:doStop(1153)) - Stopped o.e.j.s.ServletContextHandler@13cf4876{logs,/logs,file:///home/runner/work/ozone/ozone/hadoop-ozone/integration-test/target/log,STOPPED}
2021-12-05 13:33:16,297 [a6fc2e02-ba25-4172-96f1-26bb4d53af53@group-5A02D46FDBBD-FollowerState] INFO  impl.FollowerState (FollowerState.java:run(134)) - a6fc2e02-ba25-4172-96f1-26bb4d53af53@group-5A02D46FDBBD-FollowerState: change to CANDIDATE, lastRpcElapsedTime:5014261578ns, electionTimeout:5009ms
2021-12-05 13:33:16,298 [a6fc2e02-ba25-4172-96f1-26bb4d53af53@group-5A02D46FDBBD-FollowerState] INFO  impl.RoleInfo (RoleInfo.java:shutdownFollowerState(108)) - a6fc2e02-ba25-4172-96f1-26bb4d53af53: shutdown a6fc2e02-ba25-4172-96f1-26bb4d53af53@group-5A02D46FDBBD-FollowerState
2021-12-05 13:33:16,298 [a6fc2e02-ba25-4172-96f1-26bb4d53af53@group-5A02D46FDBBD-FollowerState] INFO  server.RaftServer$Division (RaftServerImpl.java:setRole(290)) - a6fc2e02-ba25-4172-96f1-26bb4d53af53@group-5A02D46FDBBD: changes role from  FOLLOWER to CANDIDATE at term 2 for changeToCandidate
2021-12-05 13:33:16,298 [a6fc2e02-ba25-4172-96f1-26bb4d53af53@group-5A02D46FDBBD-FollowerState] INFO  server.RaftServerConfigKeys (ConfUtils.java:logGet(44)) - raft.server.leaderelection.pre-vote = false (custom)
2021-12-05 13:33:16,298 [a6fc2e02-ba25-4172-96f1-26bb4d53af53@group-5A02D46FDBBD-FollowerState] INFO  impl.RoleInfo (RoleInfo.java:updateAndGet(130)) - a6fc2e02-ba25-4172-96f1-26bb4d53af53: start a6fc2e02-ba25-4172-96f1-26bb4d53af53@group-5A02D46FDBBD-LeaderElection56
2021-12-05 13:33:16,318 [a6fc2e02-ba25-4172-96f1-26bb4d53af53@group-5A02D46FDBBD-LeaderElection56] INFO  impl.LeaderElection (LeaderElection.java:askForVotes(306)) - a6fc2e02-ba25-4172-96f1-26bb4d53af53@group-5A02D46FDBBD-LeaderElection56 ELECTION round 0: submit vote requests at term 3 for 0: [6824ef76-7bc5-4594-ad24-265b087b6a03|rpc:10.1.0.33:42703|dataStream:|priority:1, 6b0d9cdd-7078-4b14-a53d-7b743cf9f2d3|rpc:10.1.0.33:37287|dataStream:|priority:0, a6fc2e02-ba25-4172-96f1-26bb4d53af53|rpc:10.1.0.33:46833|dataStream:|priority:0], old=null
2021-12-05 13:33:16,324 [a6fc2e02-ba25-4172-96f1-26bb4d53af53@group-5A02D46FDBBD-LeaderElection56] INFO  impl.LeaderElection (LogUtils.java:infoOrTrace(137)) - a6fc2e02-ba25-4172-96f1-26bb4d53af53@group-5A02D46FDBBD-LeaderElection56 got exception when requesting votes: java.util.concurrent.ExecutionException: org.apache.ratis.thirdparty.io.grpc.StatusRuntimeException: UNAVAILABLE: io exception
2021-12-05 13:33:16,324 [a6fc2e02-ba25-4172-96f1-26bb4d53af53@group-5A02D46FDBBD-LeaderElection56] INFO  impl.LeaderElection (LogUtils.java:infoOrTrace(137)) - a6fc2e02-ba25-4172-96f1-26bb4d53af53@group-5A02D46FDBBD-LeaderElection56 got exception when requesting votes: java.util.concurrent.ExecutionException: org.apache.ratis.thirdparty.io.grpc.StatusRuntimeException: UNAVAILABLE: io exception
2021-12-05 13:33:16,324 [a6fc2e02-ba25-4172-96f1-26bb4d53af53@group-5A02D46FDBBD-LeaderElection56] INFO  impl.LeaderElection (LeaderElection.java:logAndReturn(89)) - a6fc2e02-ba25-4172-96f1-26bb4d53af53@group-5A02D46FDBBD-LeaderElection56: ELECTION REJECTED received 0 response(s) and 2 exception(s):
2021-12-05 13:33:16,324 [a6fc2e02-ba25-4172-96f1-26bb4d53af53@group-5A02D46FDBBD-LeaderElection56] INFO  impl.LeaderElection (LogUtils.java:infoOrTrace(137)) -   Exception 0: java.util.concurrent.ExecutionException: org.apache.ratis.thirdparty.io.grpc.StatusRuntimeException: UNAVAILABLE: io exception
2021-12-05 13:33:16,324 [a6fc2e02-ba25-4172-96f1-26bb4d53af53@group-5A02D46FDBBD-LeaderElection56] INFO  impl.LeaderElection (LogUtils.java:infoOrTrace(137)) -   Exception 1: java.util.concurrent.ExecutionException: org.apache.ratis.thirdparty.io.grpc.StatusRuntimeException: UNAVAILABLE: io exception
2021-12-05 13:33:16,324 [a6fc2e02-ba25-4172-96f1-26bb4d53af53@group-5A02D46FDBBD-LeaderElection56] INFO  impl.LeaderElection (LeaderElection.java:askForVotes(308)) - a6fc2e02-ba25-4172-96f1-26bb4d53af53@group-5A02D46FDBBD-LeaderElection56 ELECTION round 0: result REJECTED
2021-12-05 13:33:16,324 [a6fc2e02-ba25-4172-96f1-26bb4d53af53@group-5A02D46FDBBD-LeaderElection56] INFO  server.RaftServer$Division (RaftServerImpl.java:setRole(290)) - a6fc2e02-ba25-4172-96f1-26bb4d53af53@group-5A02D46FDBBD: changes role from CANDIDATE to FOLLOWER at term 3 for REJECTED
2021-12-05 13:33:16,324 [a6fc2e02-ba25-4172-96f1-26bb4d53af53@group-5A02D46FDBBD-LeaderElection56] INFO  impl.RoleInfo (RoleInfo.java:shutdownLeaderElection(121)) - a6fc2e02-ba25-4172-96f1-26bb4d53af53: shutdown a6fc2e02-ba25-4172-96f1-26bb4d53af53@group-5A02D46FDBBD-LeaderElection56
2021-12-05 13:33:16,324 [a6fc2e02-ba25-4172-96f1-26bb4d53af53@group-5A02D46FDBBD-LeaderElection56] INFO  impl.RoleInfo (RoleInfo.java:updateAndGet(130)) - a6fc2e02-ba25-4172-96f1-26bb4d53af53: start a6fc2e02-ba25-4172-96f1-26bb4d53af53@group-5A02D46FDBBD-FollowerState
2021-12-05 13:33:17,415 [a6fc2e02-ba25-4172-96f1-26bb4d53af53@group-2343A9FBB539-FollowerState] INFO  impl.FollowerState (FollowerState.java:lostMajorityHeartbeatsRecently(107)) - a6fc2e02-ba25-4172-96f1-26bb4d53af53@group-2343A9FBB539-FollowerState: Skipping leader election since it stepped down recently (elapsed = 5078ms < waitTime = 10s)
2021-12-05 13:33:20,520 [ForkJoinPool.commonPool-worker-0] INFO  ozoneimpl.OzoneContainer (OzoneContainer.java:stop(325)) - Attempting to stop container services.
2021-12-05 13:33:20,521 [ForkJoinPool.commonPool-worker-0] INFO  server.RaftServer (RaftServerProxy.java:lambda$close$6(391)) - a6fc2e02-ba25-4172-96f1-26bb4d53af53: close
2021-12-05 13:33:20,521 [ForkJoinPool.commonPool-worker-0] INFO  server.RaftServer$Division (RaftServerImpl.java:lambda$close$4(412)) - a6fc2e02-ba25-4172-96f1-26bb4d53af53@group-2343A9FBB539: shutdown
2021-12-05 13:33:20,521 [ForkJoinPool.commonPool-worker-0] INFO  util.JmxRegister (JmxRegister.java:unregister(73)) - Successfully un-registered JMX Bean with object name Ratis:service=RaftServer,group=group-2343A9FBB539,id=a6fc2e02-ba25-4172-96f1-26bb4d53af53
2021-12-05 13:33:20,521 [ForkJoinPool.commonPool-worker-0] INFO  impl.RoleInfo (RoleInfo.java:shutdownFollowerState(108)) - a6fc2e02-ba25-4172-96f1-26bb4d53af53: shutdown a6fc2e02-ba25-4172-96f1-26bb4d53af53@group-2343A9FBB539-FollowerState
2021-12-05 13:33:20,522 [ForkJoinPool.commonPool-worker-0] INFO  impl.StateMachineUpdater (StateMachineUpdater.java:stopAndJoin(149)) - a6fc2e02-ba25-4172-96f1-26bb4d53af53@group-2343A9FBB539-StateMachineUpdater: set stopIndex = 0
2021-12-05 13:33:20,522 [a6fc2e02-ba25-4172-96f1-26bb4d53af53@group-2343A9FBB539-StateMachineUpdater] INFO  ratis.ContainerStateMachine (ContainerStateMachine.java:takeSnapshot(292)) - group-2343A9FBB539: Taking a snapshot at:(t:5, i:0) file /home/runner/work/ozone/ozone/hadoop-ozone/integration-test/target/test-dir/MiniOzoneClusterImpl-d3c014ad-d181-4610-b0a5-9ad7c33a3941/datanode-2/data/ratis/2d06f9a3-c9c3-4ad1-99a0-2343a9fbb539/sm/snapshot.5_0
2021-12-05 13:33:20,522 [a6fc2e02-ba25-4172-96f1-26bb4d53af53@group-2343A9FBB539-FollowerState] INFO  impl.FollowerState (FollowerState.java:run(143)) - a6fc2e02-ba25-4172-96f1-26bb4d53af53@group-2343A9FBB539-FollowerState was interrupted: {}
java.lang.InterruptedException: sleep interrupted
	at java.lang.Thread.sleep(Native Method)
	at java.lang.Thread.sleep(Thread.java:340)
	at java.util.concurrent.TimeUnit.sleep(TimeUnit.java:386)
	at org.apache.ratis.util.TimeDuration.sleep(TimeDuration.java:324)
	at org.apache.ratis.util.TimeDuration.sleep(TimeDuration.java:309)
	at org.apache.ratis.server.impl.FollowerState.run(FollowerState.java:118)
2021-12-05 13:33:20,524 [a6fc2e02-ba25-4172-96f1-26bb4d53af53@group-2343A9FBB539-StateMachineUpdater] INFO  ratis.ContainerStateMachine (ContainerStateMachine.java:takeSnapshot(303)) - group-2343A9FBB539: Finished taking a snapshot at:(t:5, i:0) file:/home/runner/work/ozone/ozone/hadoop-ozone/integration-test/target/test-dir/MiniOzoneClusterImpl-d3c014ad-d181-4610-b0a5-9ad7c33a3941/datanode-2/data/ratis/2d06f9a3-c9c3-4ad1-99a0-2343a9fbb539/sm/snapshot.5_0 took: 2 ms
2021-12-05 13:33:20,524 [a6fc2e02-ba25-4172-96f1-26bb4d53af53@group-2343A9FBB539-StateMachineUpdater] INFO  impl.StateMachineUpdater (StateMachineUpdater.java:takeSnapshot(281)) - a6fc2e02-ba25-4172-96f1-26bb4d53af53@group-2343A9FBB539-StateMachineUpdater: Took a snapshot at index 0
2021-12-05 13:33:20,524 [a6fc2e02-ba25-4172-96f1-26bb4d53af53@group-2343A9FBB539-StateMachineUpdater] INFO  impl.StateMachineUpdater (StateMachineUpdater.java:lambda$new$0(89)) - a6fc2e02-ba25-4172-96f1-26bb4d53af53@group-2343A9FBB539-StateMachineUpdater: snapshotIndex: updateIncreasingly -1 -> 0
2021-12-05 13:33:20,525 [ForkJoinPool.commonPool-worker-0] INFO  server.RaftServer$Division (ServerState.java:close(419)) - a6fc2e02-ba25-4172-96f1-26bb4d53af53@group-2343A9FBB539: closes. applyIndex: 0
2021-12-05 13:33:20,525 [a6fc2e02-ba25-4172-96f1-26bb4d53af53@group-2343A9FBB539-SegmentedRaftLogWorker] INFO  segmented.SegmentedRaftLogWorker (SegmentedRaftLogWorker.java:run(327)) - a6fc2e02-ba25-4172-96f1-26bb4d53af53@group-2343A9FBB539-SegmentedRaftLogWorker was interrupted, exiting. There are 0 tasks remaining in the queue.
2021-12-05 13:33:20,525 [ForkJoinPool.commonPool-worker-0] INFO  segmented.SegmentedRaftLogWorker (SegmentedRaftLogWorker.java:close(237)) - a6fc2e02-ba25-4172-96f1-26bb4d53af53@group-2343A9FBB539-SegmentedRaftLogWorker close()
2021-12-05 13:33:20,526 [ForkJoinPool.commonPool-worker-0] INFO  server.RaftServer$Division (RaftServerImpl.java:lambda$close$4(412)) - a6fc2e02-ba25-4172-96f1-26bb4d53af53@group-5A02D46FDBBD: shutdown
2021-12-05 13:33:20,526 [ForkJoinPool.commonPool-worker-0] INFO  util.JmxRegister (JmxRegister.java:unregister(73)) - Successfully un-registered JMX Bean with object name Ratis:service=RaftServer,group=group-5A02D46FDBBD,id=a6fc2e02-ba25-4172-96f1-26bb4d53af53
2021-12-05 13:33:20,526 [ForkJoinPool.commonPool-worker-0] INFO  impl.RoleInfo (RoleInfo.java:shutdownFollowerState(108)) - a6fc2e02-ba25-4172-96f1-26bb4d53af53: shutdown a6fc2e02-ba25-4172-96f1-26bb4d53af53@group-5A02D46FDBBD-FollowerState
2021-12-05 13:33:20,526 [ForkJoinPool.commonPool-worker-0] INFO  impl.StateMachineUpdater (StateMachineUpdater.java:stopAndJoin(149)) - a6fc2e02-ba25-4172-96f1-26bb4d53af53@group-5A02D46FDBBD-StateMachineUpdater: set stopIndex = 47
2021-12-05 13:33:20,527 [a6fc2e02-ba25-4172-96f1-26bb4d53af53@group-5A02D46FDBBD-StateMachineUpdater] INFO  ratis.ContainerStateMachine (ContainerStateMachine.java:takeSnapshot(292)) - group-5A02D46FDBBD: Taking a snapshot at:(t:1, i:47) file /home/runner/work/ozone/ozone/hadoop-ozone/integration-test/target/test-dir/MiniOzoneClusterImpl-d3c014ad-d181-4610-b0a5-9ad7c33a3941/datanode-2/data/ratis/66e08e63-33ff-4bd3-8886-5a02d46fdbbd/sm/snapshot.1_47
2021-12-05 13:33:20,528 [a6fc2e02-ba25-4172-96f1-26bb4d53af53@group-5A02D46FDBBD-FollowerState] INFO  impl.FollowerState (FollowerState.java:run(143)) - a6fc2e02-ba25-4172-96f1-26bb4d53af53@group-5A02D46FDBBD-FollowerState was interrupted: {}
java.lang.InterruptedException: sleep interrupted
	at java.lang.Thread.sleep(Native Method)
	at java.lang.Thread.sleep(Thread.java:340)
	at java.util.concurrent.TimeUnit.sleep(TimeUnit.java:386)
	at org.apache.ratis.util.TimeDuration.sleep(TimeDuration.java:324)
	at org.apache.ratis.util.TimeDuration.sleep(TimeDuration.java:309)
	at org.apache.ratis.server.impl.FollowerState.run(FollowerState.java:118)
2021-12-05 13:33:20,529 [a6fc2e02-ba25-4172-96f1-26bb4d53af53@group-5A02D46FDBBD-StateMachineUpdater] INFO  ratis.ContainerStateMachine (ContainerStateMachine.java:takeSnapshot(303)) - group-5A02D46FDBBD: Finished taking a snapshot at:(t:1, i:47) file:/home/runner/work/ozone/ozone/hadoop-ozone/integration-test/target/test-dir/MiniOzoneClusterImpl-d3c014ad-d181-4610-b0a5-9ad7c33a3941/datanode-2/data/ratis/66e08e63-33ff-4bd3-8886-5a02d46fdbbd/sm/snapshot.1_47 took: 2 ms
2021-12-05 13:33:20,529 [a6fc2e02-ba25-4172-96f1-26bb4d53af53@group-5A02D46FDBBD-StateMachineUpdater] INFO  impl.StateMachineUpdater (StateMachineUpdater.java:takeSnapshot(281)) - a6fc2e02-ba25-4172-96f1-26bb4d53af53@group-5A02D46FDBBD-StateMachineUpdater: Took a snapshot at index 47
2021-12-05 13:33:20,529 [a6fc2e02-ba25-4172-96f1-26bb4d53af53@group-5A02D46FDBBD-StateMachineUpdater] INFO  impl.StateMachineUpdater (StateMachineUpdater.java:lambda$new$0(89)) - a6fc2e02-ba25-4172-96f1-26bb4d53af53@group-5A02D46FDBBD-StateMachineUpdater: snapshotIndex: updateIncreasingly -1 -> 47
2021-12-05 13:33:20,530 [ForkJoinPool.commonPool-worker-0] INFO  server.RaftServer$Division (ServerState.java:close(419)) - a6fc2e02-ba25-4172-96f1-26bb4d53af53@group-5A02D46FDBBD: closes. applyIndex: 47
2021-12-05 13:33:20,530 [a6fc2e02-ba25-4172-96f1-26bb4d53af53@group-5A02D46FDBBD-SegmentedRaftLogWorker] INFO  segmented.SegmentedRaftLogWorker (SegmentedRaftLogWorker.java:run(327)) - a6fc2e02-ba25-4172-96f1-26bb4d53af53@group-5A02D46FDBBD-SegmentedRaftLogWorker was interrupted, exiting. There are 0 tasks remaining in the queue.
2021-12-05 13:33:20,538 [ForkJoinPool.commonPool-worker-0] INFO  segmented.SegmentedRaftLogWorker (SegmentedRaftLogWorker.java:close(237)) - a6fc2e02-ba25-4172-96f1-26bb4d53af53@group-5A02D46FDBBD-SegmentedRaftLogWorker close()
2021-12-05 13:33:20,538 [ForkJoinPool.commonPool-worker-0] INFO  server.RaftServer$Division (RaftServerImpl.java:lambda$close$4(412)) - a6fc2e02-ba25-4172-96f1-26bb4d53af53@group-379AB751DF15: shutdown
2021-12-05 13:33:20,538 [ForkJoinPool.commonPool-worker-0] INFO  util.JmxRegister (JmxRegister.java:unregister(73)) - Successfully un-registered JMX Bean with object name Ratis:service=RaftServer,group=group-379AB751DF15,id=a6fc2e02-ba25-4172-96f1-26bb4d53af53
2021-12-05 13:33:20,539 [ForkJoinPool.commonPool-worker-0] INFO  impl.RoleInfo (RoleInfo.java:shutdownLeaderState(91)) - a6fc2e02-ba25-4172-96f1-26bb4d53af53: shutdown a6fc2e02-ba25-4172-96f1-26bb4d53af53@group-379AB751DF15-LeaderStateImpl
2021-12-05 13:33:20,539 [ForkJoinPool.commonPool-worker-0] INFO  impl.PendingRequests (PendingRequests.java:sendNotLeaderResponses(282)) - a6fc2e02-ba25-4172-96f1-26bb4d53af53@group-379AB751DF15-PendingRequests: sendNotLeaderResponses
2021-12-05 13:33:20,539 [ForkJoinPool.commonPool-worker-0] INFO  impl.StateMachineUpdater (StateMachineUpdater.java:stopAndJoin(149)) - a6fc2e02-ba25-4172-96f1-26bb4d53af53@group-379AB751DF15-StateMachineUpdater: set stopIndex = 0
2021-12-05 13:33:20,540 [a6fc2e02-ba25-4172-96f1-26bb4d53af53@group-379AB751DF15-StateMachineUpdater] INFO  ratis.ContainerStateMachine (ContainerStateMachine.java:takeSnapshot(292)) - group-379AB751DF15: Taking a snapshot at:(t:1, i:0) file /home/runner/work/ozone/ozone/hadoop-ozone/integration-test/target/test-dir/MiniOzoneClusterImpl-d3c014ad-d181-4610-b0a5-9ad7c33a3941/datanode-2/data/ratis/dc454bc0-25c3-471b-a58f-379ab751df15/sm/snapshot.1_0
2021-12-05 13:33:20,541 [a6fc2e02-ba25-4172-96f1-26bb4d53af53@group-379AB751DF15-StateMachineUpdater] INFO  ratis.ContainerStateMachine (ContainerStateMachine.java:takeSnapshot(303)) - group-379AB751DF15: Finished taking a snapshot at:(t:1, i:0) file:/home/runner/work/ozone/ozone/hadoop-ozone/integration-test/target/test-dir/MiniOzoneClusterImpl-d3c014ad-d181-4610-b0a5-9ad7c33a3941/datanode-2/data/ratis/dc454bc0-25c3-471b-a58f-379ab751df15/sm/snapshot.1_0 took: 1 ms
2021-12-05 13:33:20,541 [a6fc2e02-ba25-4172-96f1-26bb4d53af53@group-379AB751DF15-StateMachineUpdater] INFO  impl.StateMachineUpdater (StateMachineUpdater.java:takeSnapshot(281)) - a6fc2e02-ba25-4172-96f1-26bb4d53af53@group-379AB751DF15-StateMachineUpdater: Took a snapshot at index 0
2021-12-05 13:33:20,541 [a6fc2e02-ba25-4172-96f1-26bb4d53af53@group-379AB751DF15-StateMachineUpdater] INFO  impl.StateMachineUpdater (StateMachineUpdater.java:lambda$new$0(89)) - a6fc2e02-ba25-4172-96f1-26bb4d53af53@group-379AB751DF15-StateMachineUpdater: snapshotIndex: updateIncreasingly -1 -> 0
2021-12-05 13:33:20,542 [ForkJoinPool.commonPool-worker-0] INFO  server.RaftServer$Division (ServerState.java:close(419)) - a6fc2e02-ba25-4172-96f1-26bb4d53af53@group-379AB751DF15: closes. applyIndex: 0
2021-12-05 13:33:20,542 [a6fc2e02-ba25-4172-96f1-26bb4d53af53@group-379AB751DF15-SegmentedRaftLogWorker] INFO  segmented.SegmentedRaftLogWorker (SegmentedRaftLogWorker.java:run(327)) - a6fc2e02-ba25-4172-96f1-26bb4d53af53@group-379AB751DF15-SegmentedRaftLogWorker was interrupted, exiting. There are 0 tasks remaining in the queue.
2021-12-05 13:33:20,542 [ForkJoinPool.commonPool-worker-0] INFO  segmented.SegmentedRaftLogWorker (SegmentedRaftLogWorker.java:close(237)) - a6fc2e02-ba25-4172-96f1-26bb4d53af53@group-379AB751DF15-SegmentedRaftLogWorker close()
2021-12-05 13:33:20,545 [ForkJoinPool.commonPool-worker-0] INFO  server.GrpcService (GrpcService.java:closeImpl(262)) - a6fc2e02-ba25-4172-96f1-26bb4d53af53: shutdown server with port 46833 now
2021-12-05 13:33:20,555 [ForkJoinPool.commonPool-worker-0] INFO  server.GrpcService (GrpcService.java:closeImpl(271)) - a6fc2e02-ba25-4172-96f1-26bb4d53af53: shutdown server with port 46833 successfully
2021-12-05 13:33:20,556 [org.apache.ratis.util.JvmPauseMonitor$$Lambda$525/1513368495@7a4af6cc] INFO  util.JvmPauseMonitor (JvmPauseMonitor.java:run(109)) - JvmPauseMonitor-a6fc2e02-ba25-4172-96f1-26bb4d53af53: Stopped
2021-12-05 13:33:27,584 [ForkJoinPool.commonPool-worker-0] INFO  utils.BackgroundService (BackgroundService.java:shutdown(132)) - Shutting down service BlockDeletingService
2021-12-05 13:33:30,586 [ForkJoinPool.commonPool-worker-0] INFO  statemachine.DatanodeStateMachine (DatanodeStateMachine.java:stopDaemon(526)) - Ozone container server stopped.
2021-12-05 13:33:30,588 [ForkJoinPool.commonPool-worker-0] INFO  handler.ContextHandler (ContextHandler.java:doStop(1153)) - Stopped o.e.j.w.WebAppContext@5ebf2121{hddsDatanode,/,null,STOPPED}{jar:file:/home/runner/.m2/repository/org/apache/ozone/hdds-container-service/1.3.0-SNAPSHOT/hdds-container-service-1.3.0-SNAPSHOT.jar!/webapps/hddsDatanode}
2021-12-05 13:33:30,599 [ForkJoinPool.commonPool-worker-0] INFO  server.AbstractConnector (AbstractConnector.java:doStop(381)) - Stopped ServerConnector@6cb71851{HTTP/1.1, (http/1.1)}{0.0.0.0:0}
2021-12-05 13:33:30,599 [ForkJoinPool.commonPool-worker-0] INFO  server.session (HouseKeeper.java:stopScavenging(149)) - node0 Stopped scavenging
2021-12-05 13:33:30,599 [ForkJoinPool.commonPool-worker-0] INFO  handler.ContextHandler (ContextHandler.java:doStop(1153)) - Stopped o.e.j.s.ServletContextHandler@3ee659da{static,/static,jar:file:/home/runner/.m2/repository/org/apache/ozone/hdds-container-service/1.3.0-SNAPSHOT/hdds-container-service-1.3.0-SNAPSHOT.jar!/webapps/static,STOPPED}
2021-12-05 13:33:30,600 [ForkJoinPool.commonPool-worker-0] INFO  handler.ContextHandler (ContextHandler.java:doStop(1153)) - Stopped o.e.j.s.ServletContextHandler@5036158{logs,/logs,file:///home/runner/work/ozone/ozone/hadoop-ozone/integration-test/target/log,STOPPED}
2021-12-05 13:33:30,602 [Listener at 127.0.0.1/40645] INFO  ozone.MiniOzoneClusterImpl (MiniOzoneClusterImpl.java:stopSCM(542)) - Stopping the StorageContainerManager
2021-12-05 13:33:30,602 [Listener at 127.0.0.1/40645] INFO  server.StorageContainerManager (StorageContainerManager.java:stop(1395)) - Stopping Container Balancer service.
2021-12-05 13:33:30,602 [Listener at 127.0.0.1/40645] INFO  balancer.ContainerBalancer (ContainerBalancer.java:stop(734)) - Container Balancer is not running.
2021-12-05 13:33:30,602 [Listener at 127.0.0.1/40645] INFO  server.StorageContainerManager (StorageContainerManager.java:stop(1402)) - Stopping Replication Manager Service.
2021-12-05 13:33:30,602 [Listener at 127.0.0.1/40645] INFO  container.ReplicationManager (ReplicationManager.java:stop(350)) - Stopping Replication Monitor Thread.
2021-12-05 13:33:30,602 [Listener at 127.0.0.1/40645] INFO  server.StorageContainerManager (StorageContainerManager.java:stop(1409)) - Stopping the Datanode Admin Monitor.
2021-12-05 13:33:30,602 [Listener at 127.0.0.1/40645] INFO  server.StorageContainerManager (StorageContainerManager.java:stop(1416)) - Stopping Lease Manager of the command watchers
2021-12-05 13:33:30,603 [Listener at 127.0.0.1/40645] INFO  server.StorageContainerManager (StorageContainerManager.java:stop(1423)) - Stopping datanode service RPC server
2021-12-05 13:33:30,603 [Listener at 127.0.0.1/40645] INFO  server.SCMDatanodeProtocolServer (SCMDatanodeProtocolServer.java:stop(389)) - Stopping the RPC server for DataNodes
2021-12-05 13:33:30,603 [Listener at 127.0.0.1/40645] INFO  ipc.Server (Server.java:stop(3414)) - Stopping server on 42709
2021-12-05 13:33:30,606 [IPC Server listener on 0] INFO  ipc.Server (Server.java:run(1376)) - Stopping IPC Server listener on 0
2021-12-05 13:33:30,610 [IPC Server Responder] INFO  ipc.Server (Server.java:run(1512)) - Stopping IPC Server Responder
2021-12-05 13:33:30,622 [SCM Heartbeat Processing Thread - 0] WARN  node.NodeStateManager (NodeStateManager.java:scheduleNextHealthCheck(799)) - Current Thread is interrupted, shutting down HB processing thread for Node Manager.
2021-12-05 13:33:30,622 [Listener at 127.0.0.1/40645] INFO  server.StorageContainerManager (StorageContainerManager.java:stop(1431)) - Stopping block service RPC server
2021-12-05 13:33:30,622 [Listener at 127.0.0.1/40645] INFO  server.SCMBlockProtocolServer (SCMBlockProtocolServer.java:stop(160)) - Stopping the RPC server for Block Protocol
2021-12-05 13:33:30,622 [Listener at 127.0.0.1/40645] INFO  ipc.Server (Server.java:stop(3414)) - Stopping server on 32781
2021-12-05 13:33:30,625 [IPC Server listener on 0] INFO  ipc.Server (Server.java:run(1376)) - Stopping IPC Server listener on 0
2021-12-05 13:33:30,634 [Listener at 127.0.0.1/40645] INFO  server.StorageContainerManager (StorageContainerManager.java:stop(1438)) - Stopping the StorageContainerLocationProtocol RPC server
2021-12-05 13:33:30,634 [Listener at 127.0.0.1/40645] INFO  server.SCMClientProtocolServer (SCMClientProtocolServer.java:stop(173)) - Stopping the RPC server for Client Protocol
2021-12-05 13:33:30,634 [Listener at 127.0.0.1/40645] INFO  ipc.Server (Server.java:stop(3414)) - Stopping server on 40347
2021-12-05 13:33:30,634 [IPC Server Responder] INFO  ipc.Server (Server.java:run(1512)) - Stopping IPC Server Responder
2021-12-05 13:33:30,640 [IPC Server listener on 0] INFO  ipc.Server (Server.java:run(1376)) - Stopping IPC Server listener on 0
2021-12-05 13:33:30,651 [IPC Server Responder] INFO  ipc.Server (Server.java:run(1512)) - Stopping IPC Server Responder
2021-12-05 13:33:30,651 [Listener at 127.0.0.1/40645] INFO  server.StorageContainerManager (StorageContainerManager.java:stop(1445)) - Stopping Storage Container Manager HTTP server.
2021-12-05 13:33:30,651 [Listener at 127.0.0.1/40645] INFO  handler.ContextHandler (ContextHandler.java:doStop(1153)) - Stopped o.e.j.w.WebAppContext@18547b0b{scm,/,null,STOPPED}{file:/home/runner/work/ozone/ozone/hadoop-ozone/integration-test/target/test-classes/webapps/scm}
2021-12-05 13:33:30,652 [Listener at 127.0.0.1/40645] INFO  server.AbstractConnector (AbstractConnector.java:doStop(381)) - Stopped ServerConnector@67a0e690{HTTP/1.1, (http/1.1)}{0.0.0.0:0}
2021-12-05 13:33:30,652 [Listener at 127.0.0.1/40645] INFO  server.session (HouseKeeper.java:stopScavenging(149)) - node0 Stopped scavenging
2021-12-05 13:33:30,658 [Listener at 127.0.0.1/40645] INFO  handler.ContextHandler (ContextHandler.java:doStop(1153)) - Stopped o.e.j.s.ServletContextHandler@2b91f658{static,/static,file:///home/runner/work/ozone/ozone/hadoop-ozone/integration-test/target/test-classes/webapps/static,STOPPED}
2021-12-05 13:33:30,658 [Listener at 127.0.0.1/40645] INFO  handler.ContextHandler (ContextHandler.java:doStop(1153)) - Stopped o.e.j.s.ServletContextHandler@1fd57ae2{logs,/logs,file:///home/runner/work/ozone/ozone/hadoop-ozone/integration-test/target/log,STOPPED}
2021-12-05 13:33:30,659 [Listener at 127.0.0.1/40645] INFO  server.StorageContainerManager (StorageContainerManager.java:stop(1456)) - Stopping Block Manager Service.
2021-12-05 13:33:30,659 [Listener at 127.0.0.1/40645] INFO  utils.BackgroundService (BackgroundService.java:shutdown(132)) - Shutting down service SCMBlockDeletingService
2021-12-05 13:33:30,660 [Listener at 127.0.0.1/40645] INFO  utils.BackgroundService (BackgroundService.java:shutdown(132)) - Shutting down service SCMBlockDeletingService
2021-12-05 13:33:30,660 [Listener at 127.0.0.1/40645] INFO  server.StorageContainerManager (StorageContainerManager.java:stop(1483)) - Stopping SCM Event Queue.
2021-12-05 13:33:30,661 [Listener at 127.0.0.1/40645] INFO  server.StorageContainerManager (StorageContainerManager.java:stop(1494)) - Stopping SCM HA services.
2021-12-05 13:33:30,661 [Listener at 127.0.0.1/40645] INFO  pipeline.BackgroundPipelineCreator (BackgroundPipelineCreator.java:stop(158)) - Stopping RatisPipelineUtilsThread.
2021-12-05 13:33:30,662 [Listener at 127.0.0.1/40645] INFO  server.StorageContainerManager (StorageContainerManager.java:stop(1504)) - Stopping SCM MetadataStore.
2021-12-05 13:33:30,665 [Listener at 127.0.0.1/40645] INFO  impl.MetricsSystemImpl (MetricsSystemImpl.java:stop(210)) - Stopping HddsDatanode metrics system...
2021-12-05 13:33:30,684 [prometheus] INFO  impl.MetricsSinkAdapter (MetricsSinkAdapter.java:publishMetricsFromQueue(141)) - prometheus thread interrupted.
2021-12-05 13:33:30,685 [Listener at 127.0.0.1/40645] INFO  impl.MetricsSystemImpl (MetricsSystemImpl.java:stop(216)) - HddsDatanode metrics system stopped.
2021-12-05 13:33:30,829 [Listener at 127.0.0.1/40645] WARN  server.ServerUtils (ServerUtils.java:getScmDbDir(148)) - ozone.scm.db.dirs is not configured. We recommend adding this setting. Falling back to ozone.metadata.dirs instead.
2021-12-05 13:33:30,844 [Listener at 127.0.0.1/40645] INFO  ha.SCMHANodeDetails (SCMHANodeDetails.java:loadSCMHAConfig(157)) - ServiceID for StorageContainerManager is null
2021-12-05 13:33:30,844 [Listener at 127.0.0.1/40645] INFO  ha.SCMHANodeDetails (SCMHANodeDetails.java:loadSCMHAConfig(162)) - ozone.scm.default.service.id is not defined, falling back to ozone.scm.service.ids to find serviceID for StorageContainerManager if it is HA enabled cluster
2021-12-05 13:33:30,845 [Listener at 127.0.0.1/40645] WARN  server.ServerUtils (ServerUtils.java:getScmDbDir(148)) - ozone.scm.db.dirs is not configured. We recommend adding this setting. Falling back to ozone.metadata.dirs instead.
2021-12-05 13:33:30,845 [Listener at 127.0.0.1/40645] INFO  upgrade.AbstractLayoutVersionManager (AbstractLayoutVersionManager.java:init(79)) - Initializing Layout version manager with metadata layout = SCM_HA (version = 2), software layout = SCM_HA (version = 2)
2021-12-05 13:33:30,911 [Listener at 127.0.0.1/40645] INFO  reflections.Reflections (Reflections.java:scan(232)) - Reflections took 65 ms to scan 7 urls, producing 119 keys and 279 values 
2021-12-05 13:33:30,912 [Listener at 127.0.0.1/40645] WARN  utils.HAUtils (HAUtils.java:getMetaDir(342)) - ozone.scm.db.dirs is not configured. We recommend adding this setting. Falling back to ozone.metadata.dirs instead.
2021-12-05 13:33:30,916 [Listener at 127.0.0.1/40645] WARN  db.DBStoreBuilder (DBStoreBuilder.java:applyDBDefinition(145)) - ozone.scm.db.dirs is not configured. We recommend adding this setting. Falling back to ozone.metadata.dirs instead.
2021-12-05 13:33:31,068 [Listener at 127.0.0.1/40645] INFO  net.NodeSchemaLoader (NodeSchemaLoader.java:loadSchemaFromFile(129)) - Loading schema from [jar:file:/home/runner/.m2/repository/org/apache/ozone/hdds-common/1.3.0-SNAPSHOT/hdds-common-1.3.0-SNAPSHOT.jar!/network-topology-default.xml]
2021-12-05 13:33:31,069 [Listener at 127.0.0.1/40645] INFO  net.NodeSchemaLoader (NodeSchemaLoader.java:loadSchema(176)) - Loading network topology layer schema file
2021-12-05 13:33:31,075 [Listener at 127.0.0.1/40645] INFO  ha.SequenceIdGenerator (SequenceIdGenerator.java:upgradeToSequenceId(347)) - upgrade localId to 107544261427200000
2021-12-05 13:33:31,075 [Listener at 127.0.0.1/40645] INFO  ha.SequenceIdGenerator (SequenceIdGenerator.java:upgradeToSequenceId(357)) - upgrade delTxnId to 0
2021-12-05 13:33:31,075 [Listener at 127.0.0.1/40645] INFO  ha.SequenceIdGenerator (SequenceIdGenerator.java:upgradeToSequenceId(371)) - upgrade containerId to 0
2021-12-05 13:33:31,075 [Listener at 127.0.0.1/40645] INFO  ha.SequenceIdGenerator (SequenceIdGenerator.java:<init>(218)) - Init the HA SequenceIdGenerator.
2021-12-05 13:33:31,076 [Listener at 127.0.0.1/40645] WARN  server.ServerUtils (ServerUtils.java:sanitizeUserArgs(73)) - ozone.scm.stale.node.interval value = 300000 is larger than max = 100000 based on the key value of ozone.scm.heartbeat.thread.interval, reset to the max value 100000.
2021-12-05 13:33:31,076 [Listener at 127.0.0.1/40645] WARN  server.ServerUtils (ServerUtils.java:sanitizeUserArgs(73)) - ozone.scm.stale.node.interval value = 300000 is larger than max = 100000 based on the key value of ozone.scm.heartbeat.thread.interval, reset to the max value 100000.
2021-12-05 13:33:31,082 [Listener at 127.0.0.1/40645] INFO  node.SCMNodeManager (SCMNodeManager.java:<init>(144)) - Entering startup safe mode.
2021-12-05 13:33:31,083 [Listener at 127.0.0.1/40645] INFO  algorithms.ContainerPlacementPolicyFactory (ContainerPlacementPolicyFactory.java:getPolicy(60)) - Create container placement policy of type org.apache.hadoop.hdds.scm.container.placement.algorithms.SCMContainerPlacementRandom
2021-12-05 13:33:31,083 [Listener at 127.0.0.1/40645] INFO  pipeline.PipelineStateManagerImpl (PipelineStateManagerImpl.java:initialize(78)) - No pipeline exists in current db
2021-12-05 13:33:31,083 [Listener at 127.0.0.1/40645] INFO  algorithms.LeaderChoosePolicyFactory (LeaderChoosePolicyFactory.java:getPolicy(57)) - Create leader choose policy of type org.apache.hadoop.hdds.scm.pipeline.leader.choose.algorithms.MinLeaderCountChoosePolicy
2021-12-05 13:33:31,083 [Listener at 127.0.0.1/40645] INFO  ha.SCMServiceManager (SCMServiceManager.java:register(43)) - Registering service BackgroundPipelineCreator.
2021-12-05 13:33:31,084 [Listener at 127.0.0.1/40645] INFO  pipeline.BackgroundPipelineCreator (BackgroundPipelineCreator.java:start(130)) - Starting RatisPipelineUtilsThread.
2021-12-05 13:33:31,086 [Listener at 127.0.0.1/40645] INFO  algorithms.PipelineChoosePolicyFactory (PipelineChoosePolicyFactory.java:createPipelineChoosePolicyFromClass(73)) - Create pipeline choose policy of type org.apache.hadoop.hdds.scm.pipeline.choose.algorithms.RandomPipelineChoosePolicy
2021-12-05 13:33:31,087 [Listener at 127.0.0.1/40645] INFO  ha.SCMServiceManager (SCMServiceManager.java:register(43)) - Registering service SCMBlockDeletingService.
2021-12-05 13:33:31,087 [Listener at 127.0.0.1/40645] INFO  ha.SCMServiceManager (SCMServiceManager.java:register(43)) - Registering service ReplicationManager.
2021-12-05 13:33:31,087 [Listener at 127.0.0.1/40645] INFO  container.ReplicationManager (ReplicationManager.java:start(319)) - Starting Replication Monitor Thread.
2021-12-05 13:33:31,087 [Listener at 127.0.0.1/40645] INFO  safemode.ContainerSafeModeRule (ContainerSafeModeRule.java:<init>(89)) - containers with one replica threshold count 0
2021-12-05 13:33:31,088 [Listener at 127.0.0.1/40645] INFO  safemode.HealthyPipelineSafeModeRule (HealthyPipelineSafeModeRule.java:initializeRule(156)) - Total pipeline count is 0, healthy pipeline threshold count is 1
2021-12-05 13:33:31,088 [Listener at 127.0.0.1/40645] INFO  safemode.OneReplicaPipelineSafeModeRule (OneReplicaPipelineSafeModeRule.java:initializeRule(180)) - Total pipeline count is 0, pipeline's with at least one datanode reported threshold count is 0
2021-12-05 13:33:31,089 [Listener at 127.0.0.1/40645] INFO  ipc.CallQueueManager (CallQueueManager.java:<init>(90)) - Using callQueue: class java.util.concurrent.LinkedBlockingQueue, queueCapacity: 2000, scheduler: class org.apache.hadoop.ipc.DefaultRpcScheduler, ipcBackoff: false.
2021-12-05 13:33:31,090 [Socket Reader #1 for port 0] INFO  ipc.Server (Server.java:run(1265)) - Starting Socket Reader #1 for port 0
2021-12-05 13:33:31,092 [Listener at 0.0.0.0/40511] INFO  ipc.CallQueueManager (CallQueueManager.java:<init>(90)) - Using callQueue: class java.util.concurrent.LinkedBlockingQueue, queueCapacity: 2000, scheduler: class org.apache.hadoop.ipc.DefaultRpcScheduler, ipcBackoff: false.
2021-12-05 13:33:31,092 [Socket Reader #1 for port 0] INFO  ipc.Server (Server.java:run(1265)) - Starting Socket Reader #1 for port 0
2021-12-05 13:33:31,093 [Listener at 0.0.0.0/45057] INFO  ipc.CallQueueManager (CallQueueManager.java:<init>(90)) - Using callQueue: class java.util.concurrent.LinkedBlockingQueue, queueCapacity: 2000, scheduler: class org.apache.hadoop.ipc.DefaultRpcScheduler, ipcBackoff: false.
2021-12-05 13:33:31,094 [Socket Reader #1 for port 0] INFO  ipc.Server (Server.java:run(1265)) - Starting Socket Reader #1 for port 0
2021-12-05 13:33:31,099 [ReplicationMonitor] INFO  container.ReplicationManager (ReplicationManager.java:processAll(371)) - Replication Monitor Thread took 0 milliseconds for processing 0 containers.
2021-12-05 13:33:31,155 [Listener at 0.0.0.0/42097] INFO  algorithms.ContainerPlacementPolicyFactory (ContainerPlacementPolicyFactory.java:getPolicy(60)) - Create container placement policy of type org.apache.hadoop.hdds.scm.container.placement.algorithms.SCMContainerPlacementRandom
2021-12-05 13:33:31,155 [Listener at 0.0.0.0/42097] INFO  server.StorageContainerManager (StorageContainerManager.java:<init>(388)) - 
Container Balancer status:
Key                            Value
Running                        false
Container Balancer Configuration values:
Key                                                Value
Threshold                                          0.1
Max Datanodes to Involve per Iteration(ratio)      0.2
Max Size to Move per Iteration                     30GB
Max Size Entering Target per Iteration             1GB
Max Size Leaving Source per Iteration              1GB

2021-12-05 13:33:31,155 [Listener at 0.0.0.0/42097] WARN  events.EventQueue (EventQueue.java:fireEvent(194)) - No event handler registered for event TypedEvent{payloadType=SafeModeStatus, name='Safe mode status'}
2021-12-05 13:33:31,155 [Listener at 0.0.0.0/42097] INFO  ha.SCMContext (SCMContext.java:updateSafeModeStatus(205)) - Update SafeModeStatus from SafeModeStatus{safeModeStatus=true, preCheckPassed=false} to SafeModeStatus{safeModeStatus=true, preCheckPassed=false}.
2021-12-05 13:33:31,157 [Listener at 0.0.0.0/42097] INFO  server.StorageContainerManager (StorageContainerManager.java:start(1303)) - StorageContainerLocationProtocol RPC server is listening at /0.0.0.0:42097
2021-12-05 13:33:31,165 [Listener at 0.0.0.0/42097] WARN  impl.MetricsConfig (MetricsConfig.java:loadFirst(136)) - Cannot locate configuration: tried hadoop-metrics2-storagecontainermanager.properties,hadoop-metrics2.properties
2021-12-05 13:33:31,166 [Listener at 0.0.0.0/42097] INFO  impl.MetricsSystemImpl (MetricsSystemImpl.java:startTimer(378)) - Scheduled Metric snapshot period at 10 second(s).
2021-12-05 13:33:31,166 [Listener at 0.0.0.0/42097] INFO  impl.MetricsSystemImpl (MetricsSystemImpl.java:start(191)) - StorageContainerManager metrics system started
2021-12-05 13:33:31,274 [Listener at 0.0.0.0/42097] INFO  impl.MetricsSinkAdapter (MetricsSinkAdapter.java:start(204)) - Sink prometheus started
2021-12-05 13:33:31,274 [Listener at 0.0.0.0/42097] INFO  impl.MetricsSystemImpl (MetricsSystemImpl.java:registerSink(305)) - Registered sink prometheus
2021-12-05 13:33:31,306 [Listener at 0.0.0.0/42097] INFO  server.SCMClientProtocolServer (SCMClientProtocolServer.java:start(164)) - RPC server for Client  is listening at /0.0.0.0:42097
2021-12-05 13:33:31,310 [IPC Server Responder] INFO  ipc.Server (Server.java:run(1507)) - IPC Server Responder: starting
2021-12-05 13:33:31,316 [IPC Server listener on 0] INFO  ipc.Server (Server.java:run(1344)) - IPC Server listener on 0: starting
2021-12-05 13:33:31,349 [Listener at 0.0.0.0/42097] INFO  server.StorageContainerManager (StorageContainerManager.java:start(1318)) - ScmBlockLocationProtocol RPC server is listening at /0.0.0.0:45057
2021-12-05 13:33:31,349 [Listener at 0.0.0.0/42097] INFO  server.SCMBlockProtocolServer (SCMBlockProtocolServer.java:start(151)) - RPC server for Block Protocol is listening at /0.0.0.0:45057
2021-12-05 13:33:31,350 [IPC Server Responder] INFO  ipc.Server (Server.java:run(1507)) - IPC Server Responder: starting
2021-12-05 13:33:31,350 [IPC Server listener on 0] INFO  ipc.Server (Server.java:run(1344)) - IPC Server listener on 0: starting
2021-12-05 13:33:31,356 [Listener at 0.0.0.0/42097] INFO  server.StorageContainerManager (StorageContainerManager.java:start(1324)) - ScmDatanodeProtocl RPC server is listening at /0.0.0.0:40511
2021-12-05 13:33:31,356 [Listener at 0.0.0.0/42097] INFO  server.SCMDatanodeProtocolServer (SCMDatanodeProtocolServer.java:start(181)) - RPC server for DataNodes is listening at /0.0.0.0:40511
2021-12-05 13:33:31,357 [IPC Server Responder] INFO  ipc.Server (Server.java:run(1507)) - IPC Server Responder: starting
2021-12-05 13:33:31,361 [IPC Server listener on 0] INFO  ipc.Server (Server.java:run(1344)) - IPC Server listener on 0: starting
2021-12-05 13:33:31,401 [Listener at 0.0.0.0/42097] INFO  http.BaseHttpServer (BaseHttpServer.java:newHttpServer2BuilderForOzone(209)) - Starting Web-server for scm at: http://0.0.0.0:0
2021-12-05 13:33:31,401 [Listener at 0.0.0.0/42097] INFO  http.BaseHttpServer (BaseHttpServer.java:<init>(107)) - Hadoop Security Enabled: false Ozone Security Enabled: false Ozone HTTP Security Enabled: false 
2021-12-05 13:33:31,417 [org.apache.hadoop.util.JvmPauseMonitor$Monitor@2fc3a9ac] INFO  util.JvmPauseMonitor (JvmPauseMonitor.java:run(188)) - Starting JVM pause monitor
2021-12-05 13:33:31,418 [Listener at 0.0.0.0/42097] INFO  server.AuthenticationFilter (AuthenticationFilter.java:constructSecretProvider(240)) - Unable to initialize FileSignerSecretProvider, falling back to use random secrets.
2021-12-05 13:33:31,423 [Listener at 0.0.0.0/42097] WARN  http.HttpRequestLog (HttpRequestLog.java:getRequestLog(103)) - Jetty request log can only be enabled using Log4j
2021-12-05 13:33:31,424 [Listener at 0.0.0.0/42097] INFO  http.HttpServer2 (HttpServer2.java:addGlobalFilter(1030)) - Added global filter 'safety' (class=org.apache.hadoop.hdds.server.http.HttpServer2$QuotingInputFilter)
2021-12-05 13:33:31,424 [Listener at 0.0.0.0/42097] INFO  http.HttpServer2 (HttpServer2.java:addFilter(1006)) - Added filter static_user_filter (class=org.apache.hadoop.http.lib.StaticUserWebFilter$StaticUserFilter) to context scm
2021-12-05 13:33:31,424 [Listener at 0.0.0.0/42097] INFO  http.HttpServer2 (HttpServer2.java:addFilter(1014)) - Added filter static_user_filter (class=org.apache.hadoop.http.lib.StaticUserWebFilter$StaticUserFilter) to context static
2021-12-05 13:33:31,424 [Listener at 0.0.0.0/42097] INFO  http.HttpServer2 (HttpServer2.java:addFilter(1014)) - Added filter static_user_filter (class=org.apache.hadoop.http.lib.StaticUserWebFilter$StaticUserFilter) to context logs
2021-12-05 13:33:31,425 [Listener at 0.0.0.0/42097] INFO  http.HttpServer2 (HttpServer2.java:bindListener(1249)) - Jetty bound to port 46815
2021-12-05 13:33:31,425 [Listener at 0.0.0.0/42097] INFO  server.Server (Server.java:doStart(375)) - jetty-9.4.43.v20210629; built: 2021-06-30T11:07:22.254Z; git: 526006ecfa3af7f1a27ef3a288e2bef7ea9dd7e8; jvm 1.8.0_292-b10
2021-12-05 13:33:31,437 [Listener at 0.0.0.0/42097] INFO  server.session (DefaultSessionIdManager.java:doStart(334)) - DefaultSessionIdManager workerName=node0
2021-12-05 13:33:31,437 [Listener at 0.0.0.0/42097] INFO  server.session (DefaultSessionIdManager.java:doStart(339)) - No SessionScavenger set, using defaults
2021-12-05 13:33:31,439 [Listener at 0.0.0.0/42097] INFO  server.session (HouseKeeper.java:startScavenging(132)) - node0 Scavenging every 660000ms
2021-12-05 13:33:31,448 [Listener at 0.0.0.0/42097] INFO  handler.ContextHandler (ContextHandler.java:doStart(915)) - Started o.e.j.s.ServletContextHandler@168556cf{logs,/logs,file:///home/runner/work/ozone/ozone/hadoop-ozone/integration-test/target/log,AVAILABLE}
2021-12-05 13:33:31,448 [Listener at 0.0.0.0/42097] INFO  handler.ContextHandler (ContextHandler.java:doStart(915)) - Started o.e.j.s.ServletContextHandler@13975b63{static,/static,file:///home/runner/work/ozone/ozone/hadoop-ozone/integration-test/target/test-classes/webapps/static,AVAILABLE}
2021-12-05 13:33:31,451 [Listener at 0.0.0.0/42097] INFO  handler.ContextHandler (ContextHandler.java:doStart(915)) - Started o.e.j.w.WebAppContext@65eb0eca{scm,/,file:///home/runner/work/ozone/ozone/hadoop-ozone/integration-test/target/test-classes/webapps/scm/,AVAILABLE}{file:/home/runner/work/ozone/ozone/hadoop-ozone/integration-test/target/test-classes/webapps/scm}
2021-12-05 13:33:31,478 [Listener at 0.0.0.0/42097] INFO  server.AbstractConnector (AbstractConnector.java:doStart(331)) - Started ServerConnector@57c175f0{HTTP/1.1, (http/1.1)}{0.0.0.0:46815}
2021-12-05 13:33:31,478 [Listener at 0.0.0.0/42097] INFO  server.Server (Server.java:doStart(415)) - Started @267514ms
2021-12-05 13:33:31,478 [Listener at 0.0.0.0/42097] WARN  impl.MetricsSystemImpl (MetricsSystemImpl.java:register(279)) - Sink prometheus already exists!
2021-12-05 13:33:31,479 [Listener at 0.0.0.0/42097] INFO  http.BaseHttpServer (BaseHttpServer.java:updateConnectorAddress(329)) - HTTP server of scm listening at http://0.0.0.0:46815
2021-12-05 13:33:31,480 [Listener at 0.0.0.0/42097] WARN  server.ServerUtils (ServerUtils.java:getDBPath(225)) - ozone.om.db.dirs is not configured. We recommend adding this setting. Falling back to ozone.metadata.dirs instead.
2021-12-05 13:33:31,482 [Listener at 0.0.0.0/42097] INFO  ha.OMHANodeDetails (OMHANodeDetails.java:loadOMHAConfig(112)) - ozone.om.internal.service.id is not defined, falling back to ozone.om.service.ids to find serviceID for OzoneManager if it is HA enabled cluster
2021-12-05 13:33:31,483 [Listener at 0.0.0.0/42097] INFO  ha.OMHANodeDetails (OMHANodeDetails.java:loadOMHAConfig(217)) - Configuration does not have ozone.om.address set. Falling back to the default OM address /127.0.0.1:0
2021-12-05 13:33:31,483 [Listener at 0.0.0.0/42097] INFO  ha.OMHANodeDetails (OMHANodeDetails.java:getOMNodeDetailsForNonHA(245)) - OM Service ID is not set. Setting it to the default ID: omServiceIdDefault
2021-12-05 13:33:31,483 [Listener at 0.0.0.0/42097] INFO  ha.OMHANodeDetails (OMHANodeDetails.java:getOMNodeDetailsForNonHA(252)) - OM Node ID is not set. Setting it to the default ID: om1
2021-12-05 13:33:31,483 [Listener at 0.0.0.0/42097] WARN  server.ServerUtils (ServerUtils.java:getDBPath(225)) - ozone.om.db.dirs is not configured. We recommend adding this setting. Falling back to ozone.metadata.dirs instead.
2021-12-05 13:33:31,484 [Listener at 0.0.0.0/42097] INFO  upgrade.AbstractLayoutVersionManager (AbstractLayoutVersionManager.java:init(79)) - Initializing Layout version manager with metadata layout = INITIAL_VERSION (version = 0), software layout = INITIAL_VERSION (version = 0)
2021-12-05 13:33:31,564 [Listener at 0.0.0.0/42097] INFO  reflections.Reflections (Reflections.java:scan(232)) - Reflections took 80 ms to scan 2 urls, producing 132 keys and 344 values [using 2 cores]
2021-12-05 13:33:31,564 [Listener at 0.0.0.0/42097] INFO  upgrade.OMLayoutVersionManager (OMLayoutVersionManager.java:lambda$0(115)) - Skipping Upgrade Action MockOmUpgradeAction since it has been finalized.
2021-12-05 13:33:31,564 [Listener at 0.0.0.0/42097] WARN  server.ServerUtils (ServerUtils.java:getDBPath(225)) - ozone.om.db.dirs is not configured. We recommend adding this setting. Falling back to ozone.metadata.dirs instead.
2021-12-05 13:33:31,603 [Listener at 0.0.0.0/42097] WARN  server.ServerUtils (ServerUtils.java:getDBPath(225)) - ozone.om.db.dirs is not configured. We recommend adding this setting. Falling back to ozone.metadata.dirs instead.
2021-12-05 13:33:31,605 [Listener at 0.0.0.0/42097] INFO  codec.OmKeyInfoCodec (OmKeyInfoCodec.java:<init>(50)) - OmKeyInfoCodec ignorePipeline = true
2021-12-05 13:33:31,605 [Listener at 0.0.0.0/42097] INFO  codec.RepeatedOmKeyInfoCodec (RepeatedOmKeyInfoCodec.java:<init>(42)) - RepeatedOmKeyInfoCodec ignorePipeline = true
2021-12-05 13:33:31,834 [Listener at 0.0.0.0/42097] INFO  om.OzoneManager (OzoneManager.java:addS3GVolumeToDB(3609)) - Created Volume s3v With Owner runner required for S3Gateway operations.
2021-12-05 13:33:31,836 [Listener at 0.0.0.0/42097] INFO  ipc.CallQueueManager (CallQueueManager.java:<init>(90)) - Using callQueue: class java.util.concurrent.LinkedBlockingQueue, queueCapacity: 2000, scheduler: class org.apache.hadoop.ipc.DefaultRpcScheduler, ipcBackoff: false.
2021-12-05 13:33:31,839 [Socket Reader #1 for port 0] INFO  ipc.Server (Server.java:run(1265)) - Starting Socket Reader #1 for port 0
2021-12-05 13:33:31,877 [Listener at 127.0.0.1/36441] INFO  om.OzoneManager (OzoneManager.java:initFSOLayout(3786)) - Configured ozone.om.metadata.layout=SIMPLE and disabled optimized OM FS operations
2021-12-05 13:33:31,877 [Listener at 127.0.0.1/36441] INFO  impl.MetricsSystemImpl (MetricsSystemImpl.java:init(158)) - OzoneManager metrics system started (again)
2021-12-05 13:33:31,889 [Listener at 127.0.0.1/36441] INFO  om.OzoneManager (OzoneManager.java:start(1365)) - OzoneManager RPC server is listening at localhost/127.0.0.1:36441
2021-12-05 13:33:31,889 [Listener at 127.0.0.1/36441] INFO  om.OzoneManager (OzoneManager.java:start(1381)) - Version File has different layout version (0) than OM DB (null). That is expected if this OM has never been finalized to a newer layout version.
2021-12-05 13:33:31,906 [Listener at 127.0.0.1/36441] INFO  http.BaseHttpServer (BaseHttpServer.java:newHttpServer2BuilderForOzone(209)) - Starting Web-server for ozoneManager at: http://0.0.0.0:0
2021-12-05 13:33:31,906 [Listener at 127.0.0.1/36441] INFO  http.BaseHttpServer (BaseHttpServer.java:<init>(107)) - Hadoop Security Enabled: false Ozone Security Enabled: false Ozone HTTP Security Enabled: false 
2021-12-05 13:33:31,907 [Listener at 127.0.0.1/36441] INFO  server.AuthenticationFilter (AuthenticationFilter.java:constructSecretProvider(240)) - Unable to initialize FileSignerSecretProvider, falling back to use random secrets.
2021-12-05 13:33:31,908 [Listener at 127.0.0.1/36441] WARN  http.HttpRequestLog (HttpRequestLog.java:getRequestLog(103)) - Jetty request log can only be enabled using Log4j
2021-12-05 13:33:31,916 [Listener at 127.0.0.1/36441] INFO  http.HttpServer2 (HttpServer2.java:addGlobalFilter(1030)) - Added global filter 'safety' (class=org.apache.hadoop.hdds.server.http.HttpServer2$QuotingInputFilter)
2021-12-05 13:33:31,917 [Listener at 127.0.0.1/36441] INFO  http.HttpServer2 (HttpServer2.java:addFilter(1006)) - Added filter static_user_filter (class=org.apache.hadoop.http.lib.StaticUserWebFilter$StaticUserFilter) to context ozoneManager
2021-12-05 13:33:31,917 [Listener at 127.0.0.1/36441] INFO  http.HttpServer2 (HttpServer2.java:addFilter(1014)) - Added filter static_user_filter (class=org.apache.hadoop.http.lib.StaticUserWebFilter$StaticUserFilter) to context logs
2021-12-05 13:33:31,917 [Listener at 127.0.0.1/36441] INFO  http.HttpServer2 (HttpServer2.java:addFilter(1014)) - Added filter static_user_filter (class=org.apache.hadoop.http.lib.StaticUserWebFilter$StaticUserFilter) to context static
2021-12-05 13:33:31,920 [Listener at 127.0.0.1/36441] INFO  http.HttpServer2 (HttpServer2.java:bindListener(1249)) - Jetty bound to port 43139
2021-12-05 13:33:31,920 [Listener at 127.0.0.1/36441] INFO  server.Server (Server.java:doStart(375)) - jetty-9.4.43.v20210629; built: 2021-06-30T11:07:22.254Z; git: 526006ecfa3af7f1a27ef3a288e2bef7ea9dd7e8; jvm 1.8.0_292-b10
2021-12-05 13:33:31,921 [Listener at 127.0.0.1/36441] INFO  server.session (DefaultSessionIdManager.java:doStart(334)) - DefaultSessionIdManager workerName=node0
2021-12-05 13:33:31,922 [Listener at 127.0.0.1/36441] INFO  server.session (DefaultSessionIdManager.java:doStart(339)) - No SessionScavenger set, using defaults
2021-12-05 13:33:31,922 [Listener at 127.0.0.1/36441] INFO  server.session (HouseKeeper.java:startScavenging(132)) - node0 Scavenging every 660000ms
2021-12-05 13:33:31,923 [Listener at 127.0.0.1/36441] INFO  handler.ContextHandler (ContextHandler.java:doStart(915)) - Started o.e.j.s.ServletContextHandler@33145371{logs,/logs,file:///home/runner/work/ozone/ozone/hadoop-ozone/integration-test/target/log,AVAILABLE}
2021-12-05 13:33:31,923 [Listener at 127.0.0.1/36441] INFO  handler.ContextHandler (ContextHandler.java:doStart(915)) - Started o.e.j.s.ServletContextHandler@6212232b{static,/static,file:///home/runner/work/ozone/ozone/hadoop-ozone/integration-test/target/test-classes/webapps/static,AVAILABLE}
2021-12-05 13:33:31,932 [Listener at 127.0.0.1/36441] INFO  handler.ContextHandler (ContextHandler.java:doStart(915)) - Started o.e.j.w.WebAppContext@65993c30{ozoneManager,/,file:///home/runner/work/ozone/ozone/hadoop-ozone/integration-test/target/test-classes/webapps/ozoneManager/,AVAILABLE}{file:/home/runner/work/ozone/ozone/hadoop-ozone/integration-test/target/test-classes/webapps/ozoneManager}
2021-12-05 13:33:31,947 [Listener at 127.0.0.1/36441] INFO  server.AbstractConnector (AbstractConnector.java:doStart(331)) - Started ServerConnector@3879ed80{HTTP/1.1, (http/1.1)}{0.0.0.0:43139}
2021-12-05 13:33:31,947 [Listener at 127.0.0.1/36441] INFO  server.Server (Server.java:doStart(415)) - Started @267982ms
2021-12-05 13:33:31,947 [Listener at 127.0.0.1/36441] WARN  impl.MetricsSystemImpl (MetricsSystemImpl.java:register(279)) - Sink prometheus already exists!
2021-12-05 13:33:31,948 [Listener at 127.0.0.1/36441] INFO  http.BaseHttpServer (BaseHttpServer.java:updateConnectorAddress(329)) - HTTP server of ozoneManager listening at http://0.0.0.0:43139
2021-12-05 13:33:31,950 [IPC Server Responder] INFO  ipc.Server (Server.java:run(1507)) - IPC Server Responder: starting
2021-12-05 13:33:31,951 [IPC Server listener on 0] INFO  ipc.Server (Server.java:run(1344)) - IPC Server listener on 0: starting
2021-12-05 13:33:31,953 [Listener at 127.0.0.1/36441] INFO  om.TrashPolicyOzone (TrashPolicyOzone.java:<init>(178)) - Ozone Manager trash configuration: Deletion interval = 0 minutes, Emptier interval = 0 minutes.
2021-12-05 13:33:31,997 [Listener at 127.0.0.1/36441] INFO  impl.MetricsSystemImpl (MetricsSystemImpl.java:init(158)) - HddsDatanode metrics system started (again)
2021-12-05 13:33:32,006 [org.apache.hadoop.util.JvmPauseMonitor$Monitor@6105522c] INFO  util.JvmPauseMonitor (JvmPauseMonitor.java:run(188)) - Starting JVM pause monitor
2021-12-05 13:33:32,029 [Listener at 127.0.0.1/36441] INFO  ozone.HddsDatanodeService (HddsDatanodeService.java:start(234)) - HddsDatanodeService host:fv-az148-969.bm4ck3pvxvsene1rjriu5fhcdb.bx.internal.cloudapp.net ip:10.1.0.33
2021-12-05 13:33:32,091 [Listener at 127.0.0.1/36441] INFO  upgrade.AbstractLayoutVersionManager (AbstractLayoutVersionManager.java:init(79)) - Initializing Layout version manager with metadata layout = SCM_HA (version = 2), software layout = SCM_HA (version = 2)
2021-12-05 13:33:32,160 [Listener at 127.0.0.1/36441] INFO  reflections.Reflections (Reflections.java:scan(232)) - Reflections took 68 ms to scan 7 urls, producing 119 keys and 279 values 
2021-12-05 13:33:32,162 [Listener at 127.0.0.1/36441] INFO  statemachine.DatanodeStateMachine (DatanodeStateMachine.java:getEndPointTaskThreadPoolSize(219)) - Datanode State Machine Task Thread Pool size 2
2021-12-05 13:33:32,164 [Listener at 127.0.0.1/36441] INFO  volume.HddsVolume (HddsVolume.java:<init>(120)) - Creating HddsVolume: /home/runner/work/ozone/ozone/hadoop-ozone/integration-test/target/test-dir/MiniOzoneClusterImpl-031612c8-f6c3-4842-be35-3c6b0905609d/datanode-0/data-0/containers/hdds of storage type : DISK capacity : 9223372036854775807
2021-12-05 13:33:32,164 [Listener at 127.0.0.1/36441] INFO  volume.MutableVolumeSet (MutableVolumeSet.java:initializeVolumeSet(168)) - Added Volume : /home/runner/work/ozone/ozone/hadoop-ozone/integration-test/target/test-dir/MiniOzoneClusterImpl-031612c8-f6c3-4842-be35-3c6b0905609d/datanode-0/data-0/containers/hdds to VolumeSet
2021-12-05 13:33:32,165 [Listener at 127.0.0.1/36441] INFO  volume.ThrottledAsyncChecker (ThrottledAsyncChecker.java:schedule(141)) - Scheduling a check for /home/runner/work/ozone/ozone/hadoop-ozone/integration-test/target/test-dir/MiniOzoneClusterImpl-031612c8-f6c3-4842-be35-3c6b0905609d/datanode-0/data-0/containers/hdds
2021-12-05 13:33:32,165 [Listener at 127.0.0.1/36441] INFO  volume.StorageVolumeChecker (StorageVolumeChecker.java:checkAllVolumes(202)) - Scheduled health check for volume /home/runner/work/ozone/ozone/hadoop-ozone/integration-test/target/test-dir/MiniOzoneClusterImpl-031612c8-f6c3-4842-be35-3c6b0905609d/datanode-0/data-0/containers/hdds
2021-12-05 13:33:32,180 [Listener at 127.0.0.1/36441] INFO  volume.MutableVolumeSet (MutableVolumeSet.java:initializeVolumeSet(168)) - Added Volume : /home/runner/work/ozone/ozone/hadoop-ozone/integration-test/target/test-dir/MiniOzoneClusterImpl-031612c8-f6c3-4842-be35-3c6b0905609d/datanode-0/data/ratis to VolumeSet
2021-12-05 13:33:32,180 [Listener at 127.0.0.1/36441] INFO  volume.ThrottledAsyncChecker (ThrottledAsyncChecker.java:schedule(141)) - Scheduling a check for /home/runner/work/ozone/ozone/hadoop-ozone/integration-test/target/test-dir/MiniOzoneClusterImpl-031612c8-f6c3-4842-be35-3c6b0905609d/datanode-0/data/ratis
2021-12-05 13:33:32,180 [Listener at 127.0.0.1/36441] INFO  volume.StorageVolumeChecker (StorageVolumeChecker.java:checkAllVolumes(202)) - Scheduled health check for volume /home/runner/work/ozone/ozone/hadoop-ozone/integration-test/target/test-dir/MiniOzoneClusterImpl-031612c8-f6c3-4842-be35-3c6b0905609d/datanode-0/data/ratis
2021-12-05 13:33:32,230 [Thread-1724] INFO  ozoneimpl.ContainerReader (ContainerReader.java:readVolume(172)) - Finish verifying containers on volume /home/runner/work/ozone/ozone/hadoop-ozone/integration-test/target/test-dir/MiniOzoneClusterImpl-031612c8-f6c3-4842-be35-3c6b0905609d/datanode-0/data-0/containers/hdds
2021-12-05 13:33:32,230 [Listener at 127.0.0.1/36441] INFO  ozoneimpl.OzoneContainer (OzoneContainer.java:buildContainerSet(236)) - Build ContainerSet costs 0s
2021-12-05 13:33:32,232 [Listener at 127.0.0.1/36441] INFO  server.RaftServer (ConfUtils.java:logGet(44)) - raft.rpc.type = GRPC (default)
2021-12-05 13:33:32,232 [Listener at 127.0.0.1/36441] INFO  grpc.GrpcFactory (GrpcFactory.java:checkPooledByteBufAllocatorUseCacheForAllThreads(48)) - PERFORMANCE WARNING: useCacheForAllThreads is true that may cause Netty to create a lot garbage objects and, as a result, trigger GC.
	It is recommended to disable useCacheForAllThreads by setting -Dorg.apache.ratis.thirdparty.io.netty.allocator.useCacheForAllThreads=false in command line.
2021-12-05 13:33:32,232 [Listener at 127.0.0.1/36441] INFO  grpc.GrpcConfigKeys (ConfUtils.java:logGet(44)) - raft.grpc.admin.port = 0 (custom)
2021-12-05 13:33:32,233 [Listener at 127.0.0.1/36441] INFO  grpc.GrpcConfigKeys (ConfUtils.java:logGet(44)) - raft.grpc.client.port = 0 (custom)
2021-12-05 13:33:32,233 [Listener at 127.0.0.1/36441] INFO  grpc.GrpcConfigKeys (ConfUtils.java:logGet(44)) - raft.grpc.server.port = 0 (default)
2021-12-05 13:33:32,233 [Listener at 127.0.0.1/36441] INFO  server.GrpcService (ConfUtils.java:logGet(44)) - raft.grpc.message.size.max = 32MB (=33554432) (custom)
2021-12-05 13:33:32,233 [Listener at 127.0.0.1/36441] INFO  server.RaftServerConfigKeys (ConfUtils.java:logGet(44)) - raft.server.log.appender.buffer.byte-limit = 33554432 (custom)
2021-12-05 13:33:32,233 [Listener at 127.0.0.1/36441] INFO  server.GrpcService (ConfUtils.java:logGet(44)) - raft.grpc.flow.control.window = 5MB (=5242880) (custom)
2021-12-05 13:33:32,233 [Listener at 127.0.0.1/36441] INFO  server.RaftServerConfigKeys (ConfUtils.java:logGet(44)) - raft.server.rpc.request.timeout = 60s (custom)
2021-12-05 13:33:32,235 [Listener at 127.0.0.1/36441] INFO  impl.DataStreamServerImpl (ConfUtils.java:logGet(44)) - raft.datastream.type = DISABLED (default)
2021-12-05 13:33:32,236 [Listener at 127.0.0.1/36441] INFO  server.RaftServerConfigKeys (ConfUtils.java:logGet(44)) - raft.server.rpc.slowness.timeout = 300s (custom)
2021-12-05 13:33:32,236 [Listener at 127.0.0.1/36441] INFO  server.RaftServerConfigKeys (ConfUtils.java:logGet(44)) - raft.server.leaderelection.leader.step-down.wait-time = 10s (default)
2021-12-05 13:33:32,236 [Listener at 127.0.0.1/36441] INFO  server.RaftServerConfigKeys (ConfUtils.java:logGet(44)) - raft.server.storage.dir = [/home/runner/work/ozone/ozone/hadoop-ozone/integration-test/target/test-dir/MiniOzoneClusterImpl-031612c8-f6c3-4842-be35-3c6b0905609d/datanode-0/data/ratis] (custom)
2021-12-05 13:33:32,237 [Listener at 127.0.0.1/36441] INFO  server.XceiverServerGrpc (XceiverServerGrpc.java:<init>(132)) - GrpcServer channel type EpollServerSocketChannel
2021-12-05 13:33:32,263 [Listener at 127.0.0.1/36441] INFO  http.BaseHttpServer (BaseHttpServer.java:newHttpServer2BuilderForOzone(209)) - Starting Web-server for hddsDatanode at: http://0.0.0.0:0
2021-12-05 13:33:32,263 [Listener at 127.0.0.1/36441] INFO  http.BaseHttpServer (BaseHttpServer.java:<init>(107)) - Hadoop Security Enabled: false Ozone Security Enabled: false Ozone HTTP Security Enabled: false 
2021-12-05 13:33:32,264 [Listener at 127.0.0.1/36441] INFO  server.AuthenticationFilter (AuthenticationFilter.java:constructSecretProvider(240)) - Unable to initialize FileSignerSecretProvider, falling back to use random secrets.
2021-12-05 13:33:32,272 [Listener at 127.0.0.1/36441] WARN  http.HttpRequestLog (HttpRequestLog.java:getRequestLog(103)) - Jetty request log can only be enabled using Log4j
2021-12-05 13:33:32,272 [Listener at 127.0.0.1/36441] INFO  http.HttpServer2 (HttpServer2.java:addGlobalFilter(1030)) - Added global filter 'safety' (class=org.apache.hadoop.hdds.server.http.HttpServer2$QuotingInputFilter)
2021-12-05 13:33:32,273 [Listener at 127.0.0.1/36441] INFO  http.HttpServer2 (HttpServer2.java:addFilter(1006)) - Added filter static_user_filter (class=org.apache.hadoop.http.lib.StaticUserWebFilter$StaticUserFilter) to context hddsDatanode
2021-12-05 13:33:32,273 [Listener at 127.0.0.1/36441] INFO  http.HttpServer2 (HttpServer2.java:addFilter(1014)) - Added filter static_user_filter (class=org.apache.hadoop.http.lib.StaticUserWebFilter$StaticUserFilter) to context static
2021-12-05 13:33:32,273 [Listener at 127.0.0.1/36441] INFO  http.HttpServer2 (HttpServer2.java:addFilter(1014)) - Added filter static_user_filter (class=org.apache.hadoop.http.lib.StaticUserWebFilter$StaticUserFilter) to context logs
2021-12-05 13:33:32,273 [Listener at 127.0.0.1/36441] INFO  http.HttpServer2 (HttpServer2.java:bindListener(1249)) - Jetty bound to port 37437
2021-12-05 13:33:32,273 [Listener at 127.0.0.1/36441] INFO  server.Server (Server.java:doStart(375)) - jetty-9.4.43.v20210629; built: 2021-06-30T11:07:22.254Z; git: 526006ecfa3af7f1a27ef3a288e2bef7ea9dd7e8; jvm 1.8.0_292-b10
2021-12-05 13:33:32,277 [Listener at 127.0.0.1/36441] INFO  server.session (DefaultSessionIdManager.java:doStart(334)) - DefaultSessionIdManager workerName=node0
2021-12-05 13:33:32,278 [Listener at 127.0.0.1/36441] INFO  server.session (DefaultSessionIdManager.java:doStart(339)) - No SessionScavenger set, using defaults
2021-12-05 13:33:32,278 [Listener at 127.0.0.1/36441] INFO  server.session (HouseKeeper.java:startScavenging(132)) - node0 Scavenging every 660000ms
2021-12-05 13:33:32,290 [Listener at 127.0.0.1/36441] INFO  handler.ContextHandler (ContextHandler.java:doStart(915)) - Started o.e.j.s.ServletContextHandler@67ab93c4{logs,/logs,file:///home/runner/work/ozone/ozone/hadoop-ozone/integration-test/target/log,AVAILABLE}
2021-12-05 13:33:32,290 [Listener at 127.0.0.1/36441] INFO  handler.ContextHandler (ContextHandler.java:doStart(915)) - Started o.e.j.s.ServletContextHandler@50f53c99{static,/static,jar:file:/home/runner/.m2/repository/org/apache/ozone/hdds-container-service/1.3.0-SNAPSHOT/hdds-container-service-1.3.0-SNAPSHOT.jar!/webapps/static,AVAILABLE}
2021-12-05 13:33:32,388 [Listener at 127.0.0.1/36441] INFO  handler.ContextHandler (ContextHandler.java:doStart(915)) - Started o.e.j.w.WebAppContext@16cd8dbd{hddsDatanode,/,file:///tmp/jetty-0_0_0_0-37437-hdds-container-service-1_3_0-SNAPSHOT_jar-_-any-4318359737605371008/webapp/,AVAILABLE}{jar:file:/home/runner/.m2/repository/org/apache/ozone/hdds-container-service/1.3.0-SNAPSHOT/hdds-container-service-1.3.0-SNAPSHOT.jar!/webapps/hddsDatanode}
2021-12-05 13:33:32,400 [Listener at 127.0.0.1/36441] INFO  server.AbstractConnector (AbstractConnector.java:doStart(331)) - Started ServerConnector@7e317103{HTTP/1.1, (http/1.1)}{0.0.0.0:37437}
2021-12-05 13:33:32,400 [Listener at 127.0.0.1/36441] INFO  server.Server (Server.java:doStart(415)) - Started @268436ms
2021-12-05 13:33:32,401 [Listener at 127.0.0.1/36441] WARN  impl.MetricsSystemImpl (MetricsSystemImpl.java:register(279)) - Sink prometheus already exists!
2021-12-05 13:33:32,401 [Listener at 127.0.0.1/36441] INFO  http.BaseHttpServer (BaseHttpServer.java:updateConnectorAddress(329)) - HTTP server of hddsDatanode listening at http://0.0.0.0:37437
2021-12-05 13:33:32,409 [Listener at 127.0.0.1/36441] INFO  impl.MetricsSystemImpl (MetricsSystemImpl.java:init(158)) - HddsDatanode metrics system started (again)
2021-12-05 13:33:32,409 [Datanode State Machine Daemon Thread] INFO  statemachine.DatanodeStateMachine (DatanodeStateMachine.java:lambda$startDaemon$0(467)) - Ozone container server started.
2021-12-05 13:33:32,438 [org.apache.hadoop.util.JvmPauseMonitor$Monitor@29dc76fc] INFO  util.JvmPauseMonitor (JvmPauseMonitor.java:run(188)) - Starting JVM pause monitor
2021-12-05 13:33:32,449 [Datanode State Machine Task Thread - 0] INFO  datanode.InitDatanodeState (InitDatanodeState.java:persistContainerDatanodeDetails(145)) - DatanodeDetails is persisted to /home/runner/work/ozone/ozone/hadoop-ozone/integration-test/target/test-dir/MiniOzoneClusterImpl-031612c8-f6c3-4842-be35-3c6b0905609d/datanode-0/meta/datanode.id
2021-12-05 13:33:32,475 [Listener at 127.0.0.1/36441] INFO  ozone.HddsDatanodeService (HddsDatanodeService.java:start(234)) - HddsDatanodeService host:fv-az148-969.bm4ck3pvxvsene1rjriu5fhcdb.bx.internal.cloudapp.net ip:10.1.0.33
2021-12-05 13:33:32,534 [Listener at 127.0.0.1/36441] INFO  upgrade.AbstractLayoutVersionManager (AbstractLayoutVersionManager.java:init(79)) - Initializing Layout version manager with metadata layout = SCM_HA (version = 2), software layout = SCM_HA (version = 2)
2021-12-05 13:33:32,636 [Listener at 127.0.0.1/36441] INFO  reflections.Reflections (Reflections.java:scan(232)) - Reflections took 101 ms to scan 7 urls, producing 119 keys and 279 values 
2021-12-05 13:33:32,637 [Listener at 127.0.0.1/36441] INFO  statemachine.DatanodeStateMachine (DatanodeStateMachine.java:getEndPointTaskThreadPoolSize(219)) - Datanode State Machine Task Thread Pool size 2
2021-12-05 13:33:32,657 [Listener at 127.0.0.1/36441] INFO  volume.HddsVolume (HddsVolume.java:<init>(120)) - Creating HddsVolume: /home/runner/work/ozone/ozone/hadoop-ozone/integration-test/target/test-dir/MiniOzoneClusterImpl-031612c8-f6c3-4842-be35-3c6b0905609d/datanode-1/data-0/containers/hdds of storage type : DISK capacity : 9223372036854775807
2021-12-05 13:33:32,657 [Listener at 127.0.0.1/36441] INFO  volume.MutableVolumeSet (MutableVolumeSet.java:initializeVolumeSet(168)) - Added Volume : /home/runner/work/ozone/ozone/hadoop-ozone/integration-test/target/test-dir/MiniOzoneClusterImpl-031612c8-f6c3-4842-be35-3c6b0905609d/datanode-1/data-0/containers/hdds to VolumeSet
2021-12-05 13:33:32,657 [Listener at 127.0.0.1/36441] INFO  volume.ThrottledAsyncChecker (ThrottledAsyncChecker.java:schedule(141)) - Scheduling a check for /home/runner/work/ozone/ozone/hadoop-ozone/integration-test/target/test-dir/MiniOzoneClusterImpl-031612c8-f6c3-4842-be35-3c6b0905609d/datanode-1/data-0/containers/hdds
2021-12-05 13:33:32,663 [Listener at 127.0.0.1/36441] INFO  volume.StorageVolumeChecker (StorageVolumeChecker.java:checkAllVolumes(202)) - Scheduled health check for volume /home/runner/work/ozone/ozone/hadoop-ozone/integration-test/target/test-dir/MiniOzoneClusterImpl-031612c8-f6c3-4842-be35-3c6b0905609d/datanode-1/data-0/containers/hdds
2021-12-05 13:33:32,675 [Listener at 127.0.0.1/36441] INFO  volume.MutableVolumeSet (MutableVolumeSet.java:initializeVolumeSet(168)) - Added Volume : /home/runner/work/ozone/ozone/hadoop-ozone/integration-test/target/test-dir/MiniOzoneClusterImpl-031612c8-f6c3-4842-be35-3c6b0905609d/datanode-1/data/ratis to VolumeSet
2021-12-05 13:33:32,675 [Listener at 127.0.0.1/36441] INFO  volume.ThrottledAsyncChecker (ThrottledAsyncChecker.java:schedule(141)) - Scheduling a check for /home/runner/work/ozone/ozone/hadoop-ozone/integration-test/target/test-dir/MiniOzoneClusterImpl-031612c8-f6c3-4842-be35-3c6b0905609d/datanode-1/data/ratis
2021-12-05 13:33:32,676 [Listener at 127.0.0.1/36441] INFO  volume.StorageVolumeChecker (StorageVolumeChecker.java:checkAllVolumes(202)) - Scheduled health check for volume /home/runner/work/ozone/ozone/hadoop-ozone/integration-test/target/test-dir/MiniOzoneClusterImpl-031612c8-f6c3-4842-be35-3c6b0905609d/datanode-1/data/ratis
2021-12-05 13:33:32,696 [Thread-1736] INFO  ozoneimpl.ContainerReader (ContainerReader.java:readVolume(172)) - Finish verifying containers on volume /home/runner/work/ozone/ozone/hadoop-ozone/integration-test/target/test-dir/MiniOzoneClusterImpl-031612c8-f6c3-4842-be35-3c6b0905609d/datanode-1/data-0/containers/hdds
2021-12-05 13:33:32,696 [Listener at 127.0.0.1/36441] INFO  ozoneimpl.OzoneContainer (OzoneContainer.java:buildContainerSet(236)) - Build ContainerSet costs 0s
2021-12-05 13:33:32,697 [Listener at 127.0.0.1/36441] INFO  server.RaftServer (ConfUtils.java:logGet(44)) - raft.rpc.type = GRPC (default)
2021-12-05 13:33:32,697 [Listener at 127.0.0.1/36441] INFO  grpc.GrpcFactory (GrpcFactory.java:checkPooledByteBufAllocatorUseCacheForAllThreads(48)) - PERFORMANCE WARNING: useCacheForAllThreads is true that may cause Netty to create a lot garbage objects and, as a result, trigger GC.
	It is recommended to disable useCacheForAllThreads by setting -Dorg.apache.ratis.thirdparty.io.netty.allocator.useCacheForAllThreads=false in command line.
2021-12-05 13:33:32,697 [Listener at 127.0.0.1/36441] INFO  grpc.GrpcConfigKeys (ConfUtils.java:logGet(44)) - raft.grpc.admin.port = 0 (custom)
2021-12-05 13:33:32,698 [Listener at 127.0.0.1/36441] INFO  grpc.GrpcConfigKeys (ConfUtils.java:logGet(44)) - raft.grpc.client.port = 0 (custom)
2021-12-05 13:33:32,698 [Listener at 127.0.0.1/36441] INFO  grpc.GrpcConfigKeys (ConfUtils.java:logGet(44)) - raft.grpc.server.port = 0 (default)
2021-12-05 13:33:32,698 [Listener at 127.0.0.1/36441] INFO  server.GrpcService (ConfUtils.java:logGet(44)) - raft.grpc.message.size.max = 32MB (=33554432) (custom)
2021-12-05 13:33:32,698 [Listener at 127.0.0.1/36441] INFO  server.RaftServerConfigKeys (ConfUtils.java:logGet(44)) - raft.server.log.appender.buffer.byte-limit = 33554432 (custom)
2021-12-05 13:33:32,698 [Listener at 127.0.0.1/36441] INFO  server.GrpcService (ConfUtils.java:logGet(44)) - raft.grpc.flow.control.window = 5MB (=5242880) (custom)
2021-12-05 13:33:32,698 [Listener at 127.0.0.1/36441] INFO  server.RaftServerConfigKeys (ConfUtils.java:logGet(44)) - raft.server.rpc.request.timeout = 60s (custom)
2021-12-05 13:33:32,699 [Listener at 127.0.0.1/36441] INFO  impl.DataStreamServerImpl (ConfUtils.java:logGet(44)) - raft.datastream.type = DISABLED (default)
2021-12-05 13:33:32,699 [Listener at 127.0.0.1/36441] INFO  server.RaftServerConfigKeys (ConfUtils.java:logGet(44)) - raft.server.rpc.slowness.timeout = 300s (custom)
2021-12-05 13:33:32,699 [Listener at 127.0.0.1/36441] INFO  server.RaftServerConfigKeys (ConfUtils.java:logGet(44)) - raft.server.leaderelection.leader.step-down.wait-time = 10s (default)
2021-12-05 13:33:32,700 [Listener at 127.0.0.1/36441] INFO  server.RaftServerConfigKeys (ConfUtils.java:logGet(44)) - raft.server.storage.dir = [/home/runner/work/ozone/ozone/hadoop-ozone/integration-test/target/test-dir/MiniOzoneClusterImpl-031612c8-f6c3-4842-be35-3c6b0905609d/datanode-1/data/ratis] (custom)
2021-12-05 13:33:32,701 [Listener at 127.0.0.1/36441] INFO  server.XceiverServerGrpc (XceiverServerGrpc.java:<init>(132)) - GrpcServer channel type EpollServerSocketChannel
2021-12-05 13:33:32,709 [Listener at 127.0.0.1/36441] INFO  http.BaseHttpServer (BaseHttpServer.java:newHttpServer2BuilderForOzone(209)) - Starting Web-server for hddsDatanode at: http://0.0.0.0:0
2021-12-05 13:33:32,709 [Listener at 127.0.0.1/36441] INFO  http.BaseHttpServer (BaseHttpServer.java:<init>(107)) - Hadoop Security Enabled: false Ozone Security Enabled: false Ozone HTTP Security Enabled: false 
2021-12-05 13:33:32,712 [Listener at 127.0.0.1/36441] INFO  server.AuthenticationFilter (AuthenticationFilter.java:constructSecretProvider(240)) - Unable to initialize FileSignerSecretProvider, falling back to use random secrets.
2021-12-05 13:33:32,712 [Listener at 127.0.0.1/36441] WARN  http.HttpRequestLog (HttpRequestLog.java:getRequestLog(103)) - Jetty request log can only be enabled using Log4j
2021-12-05 13:33:32,713 [Listener at 127.0.0.1/36441] INFO  http.HttpServer2 (HttpServer2.java:addGlobalFilter(1030)) - Added global filter 'safety' (class=org.apache.hadoop.hdds.server.http.HttpServer2$QuotingInputFilter)
2021-12-05 13:33:32,714 [Listener at 127.0.0.1/36441] INFO  http.HttpServer2 (HttpServer2.java:addFilter(1006)) - Added filter static_user_filter (class=org.apache.hadoop.http.lib.StaticUserWebFilter$StaticUserFilter) to context hddsDatanode
2021-12-05 13:33:32,714 [Listener at 127.0.0.1/36441] INFO  http.HttpServer2 (HttpServer2.java:addFilter(1014)) - Added filter static_user_filter (class=org.apache.hadoop.http.lib.StaticUserWebFilter$StaticUserFilter) to context static
2021-12-05 13:33:32,714 [Listener at 127.0.0.1/36441] INFO  http.HttpServer2 (HttpServer2.java:addFilter(1014)) - Added filter static_user_filter (class=org.apache.hadoop.http.lib.StaticUserWebFilter$StaticUserFilter) to context logs
2021-12-05 13:33:32,714 [Listener at 127.0.0.1/36441] INFO  http.HttpServer2 (HttpServer2.java:bindListener(1249)) - Jetty bound to port 40655
2021-12-05 13:33:32,714 [Listener at 127.0.0.1/36441] INFO  server.Server (Server.java:doStart(375)) - jetty-9.4.43.v20210629; built: 2021-06-30T11:07:22.254Z; git: 526006ecfa3af7f1a27ef3a288e2bef7ea9dd7e8; jvm 1.8.0_292-b10
2021-12-05 13:33:32,738 [Listener at 127.0.0.1/36441] INFO  server.session (DefaultSessionIdManager.java:doStart(334)) - DefaultSessionIdManager workerName=node0
2021-12-05 13:33:32,739 [Listener at 127.0.0.1/36441] INFO  server.session (DefaultSessionIdManager.java:doStart(339)) - No SessionScavenger set, using defaults
2021-12-05 13:33:32,739 [Listener at 127.0.0.1/36441] INFO  server.session (HouseKeeper.java:startScavenging(132)) - node0 Scavenging every 600000ms
2021-12-05 13:33:32,754 [Listener at 127.0.0.1/36441] INFO  handler.ContextHandler (ContextHandler.java:doStart(915)) - Started o.e.j.s.ServletContextHandler@75d0c2ad{logs,/logs,file:///home/runner/work/ozone/ozone/hadoop-ozone/integration-test/target/log,AVAILABLE}
2021-12-05 13:33:32,754 [Listener at 127.0.0.1/36441] INFO  handler.ContextHandler (ContextHandler.java:doStart(915)) - Started o.e.j.s.ServletContextHandler@1a9c44a7{static,/static,jar:file:/home/runner/.m2/repository/org/apache/ozone/hdds-container-service/1.3.0-SNAPSHOT/hdds-container-service-1.3.0-SNAPSHOT.jar!/webapps/static,AVAILABLE}
2021-12-05 13:33:32,813 [Listener at 127.0.0.1/36441] INFO  handler.ContextHandler (ContextHandler.java:doStart(915)) - Started o.e.j.w.WebAppContext@1f8585a5{hddsDatanode,/,file:///tmp/jetty-0_0_0_0-40655-hdds-container-service-1_3_0-SNAPSHOT_jar-_-any-6221138858893674098/webapp/,AVAILABLE}{jar:file:/home/runner/.m2/repository/org/apache/ozone/hdds-container-service/1.3.0-SNAPSHOT/hdds-container-service-1.3.0-SNAPSHOT.jar!/webapps/hddsDatanode}
2021-12-05 13:33:32,816 [Listener at 127.0.0.1/36441] INFO  server.AbstractConnector (AbstractConnector.java:doStart(331)) - Started ServerConnector@120d4e85{HTTP/1.1, (http/1.1)}{0.0.0.0:40655}
2021-12-05 13:33:32,816 [Listener at 127.0.0.1/36441] INFO  server.Server (Server.java:doStart(415)) - Started @268852ms
2021-12-05 13:33:32,816 [Listener at 127.0.0.1/36441] WARN  impl.MetricsSystemImpl (MetricsSystemImpl.java:register(279)) - Sink prometheus already exists!
2021-12-05 13:33:32,824 [Listener at 127.0.0.1/36441] INFO  http.BaseHttpServer (BaseHttpServer.java:updateConnectorAddress(329)) - HTTP server of hddsDatanode listening at http://0.0.0.0:40655
2021-12-05 13:33:32,825 [Listener at 127.0.0.1/36441] INFO  impl.MetricsSystemImpl (MetricsSystemImpl.java:init(158)) - HddsDatanode metrics system started (again)
2021-12-05 13:33:32,845 [Datanode State Machine Daemon Thread] INFO  statemachine.DatanodeStateMachine (DatanodeStateMachine.java:lambda$startDaemon$0(467)) - Ozone container server started.
2021-12-05 13:33:32,876 [Listener at 127.0.0.1/36441] INFO  ozone.HddsDatanodeService (HddsDatanodeService.java:start(234)) - HddsDatanodeService host:fv-az148-969.bm4ck3pvxvsene1rjriu5fhcdb.bx.internal.cloudapp.net ip:10.1.0.33
2021-12-05 13:33:32,886 [org.apache.hadoop.util.JvmPauseMonitor$Monitor@338a8041] INFO  util.JvmPauseMonitor (JvmPauseMonitor.java:run(188)) - Starting JVM pause monitor
2021-12-05 13:33:32,893 [Datanode State Machine Task Thread - 0] INFO  datanode.InitDatanodeState (InitDatanodeState.java:persistContainerDatanodeDetails(145)) - DatanodeDetails is persisted to /home/runner/work/ozone/ozone/hadoop-ozone/integration-test/target/test-dir/MiniOzoneClusterImpl-031612c8-f6c3-4842-be35-3c6b0905609d/datanode-1/meta/datanode.id
2021-12-05 13:33:32,933 [Listener at 127.0.0.1/36441] INFO  upgrade.AbstractLayoutVersionManager (AbstractLayoutVersionManager.java:init(79)) - Initializing Layout version manager with metadata layout = SCM_HA (version = 2), software layout = SCM_HA (version = 2)
2021-12-05 13:33:32,994 [Listener at 127.0.0.1/36441] INFO  reflections.Reflections (Reflections.java:scan(232)) - Reflections took 60 ms to scan 7 urls, producing 119 keys and 279 values 
2021-12-05 13:33:32,995 [Listener at 127.0.0.1/36441] INFO  statemachine.DatanodeStateMachine (DatanodeStateMachine.java:getEndPointTaskThreadPoolSize(219)) - Datanode State Machine Task Thread Pool size 2
2021-12-05 13:33:32,996 [Listener at 127.0.0.1/36441] INFO  volume.HddsVolume (HddsVolume.java:<init>(120)) - Creating HddsVolume: /home/runner/work/ozone/ozone/hadoop-ozone/integration-test/target/test-dir/MiniOzoneClusterImpl-031612c8-f6c3-4842-be35-3c6b0905609d/datanode-2/data-0/containers/hdds of storage type : DISK capacity : 9223372036854775807
2021-12-05 13:33:32,997 [Listener at 127.0.0.1/36441] INFO  volume.MutableVolumeSet (MutableVolumeSet.java:initializeVolumeSet(168)) - Added Volume : /home/runner/work/ozone/ozone/hadoop-ozone/integration-test/target/test-dir/MiniOzoneClusterImpl-031612c8-f6c3-4842-be35-3c6b0905609d/datanode-2/data-0/containers/hdds to VolumeSet
2021-12-05 13:33:32,997 [Listener at 127.0.0.1/36441] INFO  volume.ThrottledAsyncChecker (ThrottledAsyncChecker.java:schedule(141)) - Scheduling a check for /home/runner/work/ozone/ozone/hadoop-ozone/integration-test/target/test-dir/MiniOzoneClusterImpl-031612c8-f6c3-4842-be35-3c6b0905609d/datanode-2/data-0/containers/hdds
2021-12-05 13:33:33,000 [Listener at 127.0.0.1/36441] INFO  volume.StorageVolumeChecker (StorageVolumeChecker.java:checkAllVolumes(202)) - Scheduled health check for volume /home/runner/work/ozone/ozone/hadoop-ozone/integration-test/target/test-dir/MiniOzoneClusterImpl-031612c8-f6c3-4842-be35-3c6b0905609d/datanode-2/data-0/containers/hdds
2021-12-05 13:33:33,014 [Listener at 127.0.0.1/36441] INFO  volume.MutableVolumeSet (MutableVolumeSet.java:initializeVolumeSet(168)) - Added Volume : /home/runner/work/ozone/ozone/hadoop-ozone/integration-test/target/test-dir/MiniOzoneClusterImpl-031612c8-f6c3-4842-be35-3c6b0905609d/datanode-2/data/ratis to VolumeSet
2021-12-05 13:33:33,020 [Listener at 127.0.0.1/36441] INFO  volume.ThrottledAsyncChecker (ThrottledAsyncChecker.java:schedule(141)) - Scheduling a check for /home/runner/work/ozone/ozone/hadoop-ozone/integration-test/target/test-dir/MiniOzoneClusterImpl-031612c8-f6c3-4842-be35-3c6b0905609d/datanode-2/data/ratis
2021-12-05 13:33:33,021 [Listener at 127.0.0.1/36441] INFO  volume.StorageVolumeChecker (StorageVolumeChecker.java:checkAllVolumes(202)) - Scheduled health check for volume /home/runner/work/ozone/ozone/hadoop-ozone/integration-test/target/test-dir/MiniOzoneClusterImpl-031612c8-f6c3-4842-be35-3c6b0905609d/datanode-2/data/ratis
2021-12-05 13:33:33,035 [Thread-1748] INFO  ozoneimpl.ContainerReader (ContainerReader.java:readVolume(172)) - Finish verifying containers on volume /home/runner/work/ozone/ozone/hadoop-ozone/integration-test/target/test-dir/MiniOzoneClusterImpl-031612c8-f6c3-4842-be35-3c6b0905609d/datanode-2/data-0/containers/hdds
2021-12-05 13:33:33,035 [Listener at 127.0.0.1/36441] INFO  ozoneimpl.OzoneContainer (OzoneContainer.java:buildContainerSet(236)) - Build ContainerSet costs 0s
2021-12-05 13:33:33,036 [Listener at 127.0.0.1/36441] INFO  server.RaftServer (ConfUtils.java:logGet(44)) - raft.rpc.type = GRPC (default)
2021-12-05 13:33:33,036 [Listener at 127.0.0.1/36441] INFO  grpc.GrpcFactory (GrpcFactory.java:checkPooledByteBufAllocatorUseCacheForAllThreads(48)) - PERFORMANCE WARNING: useCacheForAllThreads is true that may cause Netty to create a lot garbage objects and, as a result, trigger GC.
	It is recommended to disable useCacheForAllThreads by setting -Dorg.apache.ratis.thirdparty.io.netty.allocator.useCacheForAllThreads=false in command line.
2021-12-05 13:33:33,036 [Listener at 127.0.0.1/36441] INFO  grpc.GrpcConfigKeys (ConfUtils.java:logGet(44)) - raft.grpc.admin.port = 0 (custom)
2021-12-05 13:33:33,037 [Listener at 127.0.0.1/36441] INFO  grpc.GrpcConfigKeys (ConfUtils.java:logGet(44)) - raft.grpc.client.port = 0 (custom)
2021-12-05 13:33:33,037 [Listener at 127.0.0.1/36441] INFO  grpc.GrpcConfigKeys (ConfUtils.java:logGet(44)) - raft.grpc.server.port = 0 (default)
2021-12-05 13:33:33,037 [Listener at 127.0.0.1/36441] INFO  server.GrpcService (ConfUtils.java:logGet(44)) - raft.grpc.message.size.max = 32MB (=33554432) (custom)
2021-12-05 13:33:33,037 [Listener at 127.0.0.1/36441] INFO  server.RaftServerConfigKeys (ConfUtils.java:logGet(44)) - raft.server.log.appender.buffer.byte-limit = 33554432 (custom)
2021-12-05 13:33:33,037 [Listener at 127.0.0.1/36441] INFO  server.GrpcService (ConfUtils.java:logGet(44)) - raft.grpc.flow.control.window = 5MB (=5242880) (custom)
2021-12-05 13:33:33,037 [Listener at 127.0.0.1/36441] INFO  server.RaftServerConfigKeys (ConfUtils.java:logGet(44)) - raft.server.rpc.request.timeout = 60s (custom)
2021-12-05 13:33:33,039 [Listener at 127.0.0.1/36441] INFO  impl.DataStreamServerImpl (ConfUtils.java:logGet(44)) - raft.datastream.type = DISABLED (default)
2021-12-05 13:33:33,040 [Listener at 127.0.0.1/36441] INFO  server.RaftServerConfigKeys (ConfUtils.java:logGet(44)) - raft.server.rpc.slowness.timeout = 300s (custom)
2021-12-05 13:33:33,040 [Listener at 127.0.0.1/36441] INFO  server.RaftServerConfigKeys (ConfUtils.java:logGet(44)) - raft.server.leaderelection.leader.step-down.wait-time = 10s (default)
2021-12-05 13:33:33,040 [Listener at 127.0.0.1/36441] INFO  server.RaftServerConfigKeys (ConfUtils.java:logGet(44)) - raft.server.storage.dir = [/home/runner/work/ozone/ozone/hadoop-ozone/integration-test/target/test-dir/MiniOzoneClusterImpl-031612c8-f6c3-4842-be35-3c6b0905609d/datanode-2/data/ratis] (custom)
2021-12-05 13:33:33,041 [Listener at 127.0.0.1/36441] INFO  server.XceiverServerGrpc (XceiverServerGrpc.java:<init>(132)) - GrpcServer channel type EpollServerSocketChannel
2021-12-05 13:33:33,043 [Listener at 127.0.0.1/36441] INFO  http.BaseHttpServer (BaseHttpServer.java:newHttpServer2BuilderForOzone(209)) - Starting Web-server for hddsDatanode at: http://0.0.0.0:0
2021-12-05 13:33:33,043 [Listener at 127.0.0.1/36441] INFO  http.BaseHttpServer (BaseHttpServer.java:<init>(107)) - Hadoop Security Enabled: false Ozone Security Enabled: false Ozone HTTP Security Enabled: false 
2021-12-05 13:33:33,044 [Listener at 127.0.0.1/36441] INFO  server.AuthenticationFilter (AuthenticationFilter.java:constructSecretProvider(240)) - Unable to initialize FileSignerSecretProvider, falling back to use random secrets.
2021-12-05 13:33:33,045 [Listener at 127.0.0.1/36441] WARN  http.HttpRequestLog (HttpRequestLog.java:getRequestLog(103)) - Jetty request log can only be enabled using Log4j
2021-12-05 13:33:33,045 [Listener at 127.0.0.1/36441] INFO  http.HttpServer2 (HttpServer2.java:addGlobalFilter(1030)) - Added global filter 'safety' (class=org.apache.hadoop.hdds.server.http.HttpServer2$QuotingInputFilter)
2021-12-05 13:33:33,046 [Listener at 127.0.0.1/36441] INFO  http.HttpServer2 (HttpServer2.java:addFilter(1006)) - Added filter static_user_filter (class=org.apache.hadoop.http.lib.StaticUserWebFilter$StaticUserFilter) to context hddsDatanode
2021-12-05 13:33:33,046 [Listener at 127.0.0.1/36441] INFO  http.HttpServer2 (HttpServer2.java:addFilter(1014)) - Added filter static_user_filter (class=org.apache.hadoop.http.lib.StaticUserWebFilter$StaticUserFilter) to context logs
2021-12-05 13:33:33,046 [Listener at 127.0.0.1/36441] INFO  http.HttpServer2 (HttpServer2.java:addFilter(1014)) - Added filter static_user_filter (class=org.apache.hadoop.http.lib.StaticUserWebFilter$StaticUserFilter) to context static
2021-12-05 13:33:33,046 [Listener at 127.0.0.1/36441] INFO  http.HttpServer2 (HttpServer2.java:bindListener(1249)) - Jetty bound to port 35337
2021-12-05 13:33:33,047 [Listener at 127.0.0.1/36441] INFO  server.Server (Server.java:doStart(375)) - jetty-9.4.43.v20210629; built: 2021-06-30T11:07:22.254Z; git: 526006ecfa3af7f1a27ef3a288e2bef7ea9dd7e8; jvm 1.8.0_292-b10
2021-12-05 13:33:33,056 [Listener at 127.0.0.1/36441] INFO  server.session (DefaultSessionIdManager.java:doStart(334)) - DefaultSessionIdManager workerName=node0
2021-12-05 13:33:33,056 [Listener at 127.0.0.1/36441] INFO  server.session (DefaultSessionIdManager.java:doStart(339)) - No SessionScavenger set, using defaults
2021-12-05 13:33:33,056 [Listener at 127.0.0.1/36441] INFO  server.session (HouseKeeper.java:startScavenging(132)) - node0 Scavenging every 660000ms
2021-12-05 13:33:33,057 [Listener at 127.0.0.1/36441] INFO  handler.ContextHandler (ContextHandler.java:doStart(915)) - Started o.e.j.s.ServletContextHandler@3d363e8e{logs,/logs,file:///home/runner/work/ozone/ozone/hadoop-ozone/integration-test/target/log,AVAILABLE}
2021-12-05 13:33:33,057 [Listener at 127.0.0.1/36441] INFO  handler.ContextHandler (ContextHandler.java:doStart(915)) - Started o.e.j.s.ServletContextHandler@20dea0c1{static,/static,jar:file:/home/runner/.m2/repository/org/apache/ozone/hdds-container-service/1.3.0-SNAPSHOT/hdds-container-service-1.3.0-SNAPSHOT.jar!/webapps/static,AVAILABLE}
2021-12-05 13:33:33,127 [Listener at 127.0.0.1/36441] INFO  handler.ContextHandler (ContextHandler.java:doStart(915)) - Started o.e.j.w.WebAppContext@d2527b5{hddsDatanode,/,file:///tmp/jetty-0_0_0_0-35337-hdds-container-service-1_3_0-SNAPSHOT_jar-_-any-8226647085447183439/webapp/,AVAILABLE}{jar:file:/home/runner/.m2/repository/org/apache/ozone/hdds-container-service/1.3.0-SNAPSHOT/hdds-container-service-1.3.0-SNAPSHOT.jar!/webapps/hddsDatanode}
2021-12-05 13:33:33,132 [Listener at 127.0.0.1/36441] INFO  server.AbstractConnector (AbstractConnector.java:doStart(331)) - Started ServerConnector@63ca45e0{HTTP/1.1, (http/1.1)}{0.0.0.0:35337}
2021-12-05 13:33:33,132 [Listener at 127.0.0.1/36441] INFO  server.Server (Server.java:doStart(415)) - Started @269168ms
2021-12-05 13:33:33,133 [Listener at 127.0.0.1/36441] WARN  impl.MetricsSystemImpl (MetricsSystemImpl.java:register(279)) - Sink prometheus already exists!
2021-12-05 13:33:33,133 [Listener at 127.0.0.1/36441] INFO  http.BaseHttpServer (BaseHttpServer.java:updateConnectorAddress(329)) - HTTP server of hddsDatanode listening at http://0.0.0.0:35337
2021-12-05 13:33:33,134 [Listener at 127.0.0.1/36441] INFO  ozone.MiniOzoneClusterImpl (MiniOzoneClusterImpl.java:lambda$waitForClusterToBeReady$0(235)) - Waiting for nodes to be ready. Got 0 of 3 DN Heartbeats.
2021-12-05 13:33:33,134 [Listener at 127.0.0.1/36441] INFO  ozone.MiniOzoneClusterImpl (MiniOzoneClusterImpl.java:lambda$waitForClusterToBeReady$0(238)) - Waiting for cluster to exit safe mode
2021-12-05 13:33:33,134 [Listener at 127.0.0.1/36441] INFO  ozone.MiniOzoneClusterImpl (MiniOzoneClusterImpl.java:lambda$waitForClusterToBeReady$0(240)) - SCM became leader
2021-12-05 13:33:33,136 [Datanode State Machine Daemon Thread] INFO  statemachine.DatanodeStateMachine (DatanodeStateMachine.java:lambda$startDaemon$0(467)) - Ozone container server started.
2021-12-05 13:33:33,210 [org.apache.hadoop.util.JvmPauseMonitor$Monitor@47f1ce03] INFO  util.JvmPauseMonitor (JvmPauseMonitor.java:run(188)) - Starting JVM pause monitor
2021-12-05 13:33:33,222 [Datanode State Machine Task Thread - 0] INFO  datanode.InitDatanodeState (InitDatanodeState.java:persistContainerDatanodeDetails(145)) - DatanodeDetails is persisted to /home/runner/work/ozone/ozone/hadoop-ozone/integration-test/target/test-dir/MiniOzoneClusterImpl-031612c8-f6c3-4842-be35-3c6b0905609d/datanode-2/meta/datanode.id
2021-12-05 13:33:34,134 [Listener at 127.0.0.1/36441] INFO  ozone.MiniOzoneClusterImpl (MiniOzoneClusterImpl.java:lambda$waitForClusterToBeReady$0(235)) - Waiting for nodes to be ready. Got 0 of 3 DN Heartbeats.
2021-12-05 13:33:34,135 [Listener at 127.0.0.1/36441] INFO  ozone.MiniOzoneClusterImpl (MiniOzoneClusterImpl.java:lambda$waitForClusterToBeReady$0(238)) - Waiting for cluster to exit safe mode
2021-12-05 13:33:34,135 [Listener at 127.0.0.1/36441] INFO  ozone.MiniOzoneClusterImpl (MiniOzoneClusterImpl.java:lambda$waitForClusterToBeReady$0(240)) - SCM became leader
2021-12-05 13:33:34,478 [EndpointStateMachine task thread for /0.0.0.0:40511 - 0 ] INFO  ozoneimpl.OzoneContainer (OzoneContainer.java:start(304)) - Attempting to start container services.
2021-12-05 13:33:34,478 [EndpointStateMachine task thread for /0.0.0.0:40511 - 0 ] INFO  ozoneimpl.OzoneContainer (OzoneContainer.java:startContainerScrub(249)) - Background container scanner has been disabled.
2021-12-05 13:33:34,486 [EndpointStateMachine task thread for /0.0.0.0:40511 - 0 ] INFO  replication.ReplicationServer (ReplicationServer.java:start(107)) - ReplicationServer is started using port 38021
2021-12-05 13:33:34,487 [EndpointStateMachine task thread for /0.0.0.0:40511 - 0 ] INFO  ratis.XceiverServerRatis (XceiverServerRatis.java:start(484)) - Starting XceiverServerRatis 25d36a09-8852-4f89-8d66-da5b3f403cfe
2021-12-05 13:33:34,503 [EndpointStateMachine task thread for /0.0.0.0:40511 - 0 ] INFO  server.RaftServer (RaftServerProxy.java:lambda$start$5(374)) - 25d36a09-8852-4f89-8d66-da5b3f403cfe: start RPC server
2021-12-05 13:33:34,504 [EndpointStateMachine task thread for /0.0.0.0:40511 - 0 ] INFO  server.GrpcService (GrpcService.java:startImpl(253)) - 25d36a09-8852-4f89-8d66-da5b3f403cfe: GrpcService started, listening on 33503
2021-12-05 13:33:34,509 [EndpointStateMachine task thread for /0.0.0.0:40511 - 0 ] INFO  ratis.XceiverServerRatis (XceiverServerRatis.java:getRealPort(505)) - XceiverServerRatis 25d36a09-8852-4f89-8d66-da5b3f403cfe is started using port 33503 for RATIS
2021-12-05 13:33:34,509 [EndpointStateMachine task thread for /0.0.0.0:40511 - 0 ] INFO  ratis.XceiverServerRatis (XceiverServerRatis.java:getRealPort(505)) - XceiverServerRatis 25d36a09-8852-4f89-8d66-da5b3f403cfe is started using port 33503 for RATIS_ADMIN
2021-12-05 13:33:34,509 [EndpointStateMachine task thread for /0.0.0.0:40511 - 0 ] INFO  ratis.XceiverServerRatis (XceiverServerRatis.java:getRealPort(505)) - XceiverServerRatis 25d36a09-8852-4f89-8d66-da5b3f403cfe is started using port 33503 for RATIS_SERVER
2021-12-05 13:33:34,509 [org.apache.ratis.util.JvmPauseMonitor$$Lambda$525/1513368495@4cb6a3c] INFO  util.JvmPauseMonitor (JvmPauseMonitor.java:run(103)) - JvmPauseMonitor-25d36a09-8852-4f89-8d66-da5b3f403cfe: Started
2021-12-05 13:33:34,510 [EndpointStateMachine task thread for /0.0.0.0:40511 - 0 ] INFO  server.XceiverServerGrpc (XceiverServerGrpc.java:start(180)) - XceiverServerGrpc 25d36a09-8852-4f89-8d66-da5b3f403cfe is started using port 33695
2021-12-05 13:33:34,905 [EndpointStateMachine task thread for /0.0.0.0:40511 - 0 ] INFO  ozoneimpl.OzoneContainer (OzoneContainer.java:start(304)) - Attempting to start container services.
2021-12-05 13:33:34,905 [EndpointStateMachine task thread for /0.0.0.0:40511 - 0 ] INFO  ozoneimpl.OzoneContainer (OzoneContainer.java:startContainerScrub(249)) - Background container scanner has been disabled.
2021-12-05 13:33:34,906 [EndpointStateMachine task thread for /0.0.0.0:40511 - 0 ] INFO  replication.ReplicationServer (ReplicationServer.java:start(107)) - ReplicationServer is started using port 34609
2021-12-05 13:33:34,916 [EndpointStateMachine task thread for /0.0.0.0:40511 - 0 ] INFO  ratis.XceiverServerRatis (XceiverServerRatis.java:start(484)) - Starting XceiverServerRatis f3e36aa8-046c-4f74-b199-ccba3b4265be
2021-12-05 13:33:34,922 [EndpointStateMachine task thread for /0.0.0.0:40511 - 0 ] INFO  server.RaftServer (RaftServerProxy.java:lambda$start$5(374)) - f3e36aa8-046c-4f74-b199-ccba3b4265be: start RPC server
2021-12-05 13:33:34,923 [EndpointStateMachine task thread for /0.0.0.0:40511 - 0 ] INFO  server.GrpcService (GrpcService.java:startImpl(253)) - f3e36aa8-046c-4f74-b199-ccba3b4265be: GrpcService started, listening on 39375
2021-12-05 13:33:34,923 [EndpointStateMachine task thread for /0.0.0.0:40511 - 0 ] INFO  ratis.XceiverServerRatis (XceiverServerRatis.java:getRealPort(505)) - XceiverServerRatis f3e36aa8-046c-4f74-b199-ccba3b4265be is started using port 39375 for RATIS
2021-12-05 13:33:34,923 [EndpointStateMachine task thread for /0.0.0.0:40511 - 0 ] INFO  ratis.XceiverServerRatis (XceiverServerRatis.java:getRealPort(505)) - XceiverServerRatis f3e36aa8-046c-4f74-b199-ccba3b4265be is started using port 39375 for RATIS_ADMIN
2021-12-05 13:33:34,923 [EndpointStateMachine task thread for /0.0.0.0:40511 - 0 ] INFO  ratis.XceiverServerRatis (XceiverServerRatis.java:getRealPort(505)) - XceiverServerRatis f3e36aa8-046c-4f74-b199-ccba3b4265be is started using port 39375 for RATIS_SERVER
2021-12-05 13:33:34,924 [org.apache.ratis.util.JvmPauseMonitor$$Lambda$525/1513368495@19dd555e] INFO  util.JvmPauseMonitor (JvmPauseMonitor.java:run(103)) - JvmPauseMonitor-f3e36aa8-046c-4f74-b199-ccba3b4265be: Started
2021-12-05 13:33:34,927 [EndpointStateMachine task thread for /0.0.0.0:40511 - 0 ] INFO  server.XceiverServerGrpc (XceiverServerGrpc.java:start(180)) - XceiverServerGrpc f3e36aa8-046c-4f74-b199-ccba3b4265be is started using port 42073
2021-12-05 13:33:35,135 [Listener at 127.0.0.1/36441] INFO  ozone.MiniOzoneClusterImpl (MiniOzoneClusterImpl.java:lambda$waitForClusterToBeReady$0(235)) - Waiting for nodes to be ready. Got 0 of 3 DN Heartbeats.
2021-12-05 13:33:35,135 [Listener at 127.0.0.1/36441] INFO  ozone.MiniOzoneClusterImpl (MiniOzoneClusterImpl.java:lambda$waitForClusterToBeReady$0(238)) - Waiting for cluster to exit safe mode
2021-12-05 13:33:35,135 [Listener at 127.0.0.1/36441] INFO  ozone.MiniOzoneClusterImpl (MiniOzoneClusterImpl.java:lambda$waitForClusterToBeReady$0(240)) - SCM became leader
2021-12-05 13:33:35,227 [EndpointStateMachine task thread for /0.0.0.0:40511 - 0 ] INFO  ozoneimpl.OzoneContainer (OzoneContainer.java:start(304)) - Attempting to start container services.
2021-12-05 13:33:35,229 [EndpointStateMachine task thread for /0.0.0.0:40511 - 0 ] INFO  ozoneimpl.OzoneContainer (OzoneContainer.java:startContainerScrub(249)) - Background container scanner has been disabled.
2021-12-05 13:33:35,230 [EndpointStateMachine task thread for /0.0.0.0:40511 - 0 ] INFO  replication.ReplicationServer (ReplicationServer.java:start(107)) - ReplicationServer is started using port 41591
2021-12-05 13:33:35,243 [EndpointStateMachine task thread for /0.0.0.0:40511 - 0 ] INFO  ratis.XceiverServerRatis (XceiverServerRatis.java:start(484)) - Starting XceiverServerRatis 878c0ed8-1274-4232-a777-c278fabeb036
2021-12-05 13:33:35,246 [EndpointStateMachine task thread for /0.0.0.0:40511 - 0 ] INFO  server.RaftServer (RaftServerProxy.java:lambda$start$5(374)) - 878c0ed8-1274-4232-a777-c278fabeb036: start RPC server
2021-12-05 13:33:35,246 [EndpointStateMachine task thread for /0.0.0.0:40511 - 0 ] INFO  server.GrpcService (GrpcService.java:startImpl(253)) - 878c0ed8-1274-4232-a777-c278fabeb036: GrpcService started, listening on 46861
2021-12-05 13:33:35,246 [EndpointStateMachine task thread for /0.0.0.0:40511 - 0 ] INFO  ratis.XceiverServerRatis (XceiverServerRatis.java:getRealPort(505)) - XceiverServerRatis 878c0ed8-1274-4232-a777-c278fabeb036 is started using port 46861 for RATIS
2021-12-05 13:33:35,246 [EndpointStateMachine task thread for /0.0.0.0:40511 - 0 ] INFO  ratis.XceiverServerRatis (XceiverServerRatis.java:getRealPort(505)) - XceiverServerRatis 878c0ed8-1274-4232-a777-c278fabeb036 is started using port 46861 for RATIS_ADMIN
2021-12-05 13:33:35,246 [EndpointStateMachine task thread for /0.0.0.0:40511 - 0 ] INFO  ratis.XceiverServerRatis (XceiverServerRatis.java:getRealPort(505)) - XceiverServerRatis 878c0ed8-1274-4232-a777-c278fabeb036 is started using port 46861 for RATIS_SERVER
2021-12-05 13:33:35,247 [org.apache.ratis.util.JvmPauseMonitor$$Lambda$525/1513368495@7cea3c83] INFO  util.JvmPauseMonitor (JvmPauseMonitor.java:run(103)) - JvmPauseMonitor-878c0ed8-1274-4232-a777-c278fabeb036: Started
2021-12-05 13:33:35,247 [EndpointStateMachine task thread for /0.0.0.0:40511 - 0 ] INFO  server.XceiverServerGrpc (XceiverServerGrpc.java:start(180)) - XceiverServerGrpc 878c0ed8-1274-4232-a777-c278fabeb036 is started using port 43201
2021-12-05 13:33:36,136 [Listener at 127.0.0.1/36441] INFO  ozone.MiniOzoneClusterImpl (MiniOzoneClusterImpl.java:lambda$waitForClusterToBeReady$0(235)) - Waiting for nodes to be ready. Got 0 of 3 DN Heartbeats.
2021-12-05 13:33:36,136 [Listener at 127.0.0.1/36441] INFO  ozone.MiniOzoneClusterImpl (MiniOzoneClusterImpl.java:lambda$waitForClusterToBeReady$0(238)) - Waiting for cluster to exit safe mode
2021-12-05 13:33:36,136 [Listener at 127.0.0.1/36441] INFO  ozone.MiniOzoneClusterImpl (MiniOzoneClusterImpl.java:lambda$waitForClusterToBeReady$0(240)) - SCM became leader
2021-12-05 13:33:36,440 [IPC Server handler 0 on default port 40511] INFO  net.NetworkTopologyImpl (NetworkTopologyImpl.java:add(112)) - Added a new node: /default-rack/25d36a09-8852-4f89-8d66-da5b3f403cfe
2021-12-05 13:33:36,440 [IPC Server handler 0 on default port 40511] INFO  node.SCMNodeManager (SCMNodeManager.java:register(389)) - Registered Data node : 25d36a09-8852-4f89-8d66-da5b3f403cfe{ip: 10.1.0.33, host: fv-az148-969.bm4ck3pvxvsene1rjriu5fhcdb.bx.internal.cloudapp.net, ports: [REPLICATION=38021, RATIS=33503, RATIS_ADMIN=33503, RATIS_SERVER=33503, STANDALONE=33695], networkLocation: /default-rack, certSerialId: null, persistedOpState: null, persistedOpStateExpiryEpochSec: 0}
2021-12-05 13:33:36,445 [EventQueue-NodeRegistrationContainerReportForContainerSafeModeRule] INFO  safemode.SCMSafeModeManager (SCMSafeModeManager.java:validateSafeModeExitRules(204)) - ContainerSafeModeRule rule is successfully validated
2021-12-05 13:33:36,446 [EventQueue-NodeRegistrationContainerReportForDataNodeSafeModeRule] INFO  safemode.SCMSafeModeManager (DataNodeSafeModeRule.java:process(71)) - SCM in safe mode. 1 DataNodes registered, 3 required.
2021-12-05 13:33:36,452 [EventQueue-PipelineReportForOneReplicaPipelineSafeModeRule] INFO  safemode.SCMSafeModeManager (SCMSafeModeManager.java:validateSafeModeExitRules(204)) - AtleastOneDatanodeReportedRule rule is successfully validated
2021-12-05 13:33:36,452 [EventQueue-NewNodeForNewNodeHandler] INFO  pipeline.BackgroundPipelineCreator (BackgroundPipelineCreator.java:notifyEventTriggered(285)) - trigger a one-shot run on RatisPipelineUtilsThread.
2021-12-05 13:33:36,462 [RatisPipelineUtilsThread - 0] INFO  pipeline.RatisPipelineProvider (RatisPipelineProvider.java:lambda$create$0(183)) - Sending CreatePipelineCommand for pipeline:PipelineID=9c0169cd-15f0-4d5e-961a-a32a4caa7377 to datanode:25d36a09-8852-4f89-8d66-da5b3f403cfe
2021-12-05 13:33:36,463 [RatisPipelineUtilsThread - 0] INFO  pipeline.PipelineStateManagerImpl (PipelineStateManagerImpl.java:addPipeline(101)) - Created pipeline Pipeline[ Id: 9c0169cd-15f0-4d5e-961a-a32a4caa7377, Nodes: 25d36a09-8852-4f89-8d66-da5b3f403cfe{ip: 10.1.0.33, host: fv-az148-969.bm4ck3pvxvsene1rjriu5fhcdb.bx.internal.cloudapp.net, ports: [REPLICATION=38021, RATIS=33503, RATIS_ADMIN=33503, RATIS_SERVER=33503, STANDALONE=33695], networkLocation: /default-rack, certSerialId: null, persistedOpState: IN_SERVICE, persistedOpStateExpiryEpochSec: 0}, ReplicationConfig: RATIS/ONE, State:ALLOCATED, leaderId:, CreationTimestamp2021-12-05T13:33:36.462Z[Etc/UTC]].
2021-12-05 13:33:36,887 [IPC Server handler 1 on default port 40511] INFO  net.NetworkTopologyImpl (NetworkTopologyImpl.java:add(112)) - Added a new node: /default-rack/f3e36aa8-046c-4f74-b199-ccba3b4265be
2021-12-05 13:33:36,887 [IPC Server handler 1 on default port 40511] INFO  node.SCMNodeManager (SCMNodeManager.java:register(389)) - Registered Data node : f3e36aa8-046c-4f74-b199-ccba3b4265be{ip: 10.1.0.33, host: fv-az148-969.bm4ck3pvxvsene1rjriu5fhcdb.bx.internal.cloudapp.net, ports: [REPLICATION=34609, RATIS=39375, RATIS_ADMIN=39375, RATIS_SERVER=39375, STANDALONE=42073], networkLocation: /default-rack, certSerialId: null, persistedOpState: null, persistedOpStateExpiryEpochSec: 0}
2021-12-05 13:33:36,887 [EventQueue-NewNodeForNewNodeHandler] INFO  pipeline.BackgroundPipelineCreator (BackgroundPipelineCreator.java:notifyEventTriggered(285)) - trigger a one-shot run on RatisPipelineUtilsThread.
2021-12-05 13:33:36,895 [EventQueue-NodeRegistrationContainerReportForDataNodeSafeModeRule] INFO  safemode.SCMSafeModeManager (DataNodeSafeModeRule.java:process(71)) - SCM in safe mode. 2 DataNodes registered, 3 required.
2021-12-05 13:33:36,895 [RatisPipelineUtilsThread - 0] INFO  pipeline.RatisPipelineProvider (RatisPipelineProvider.java:lambda$create$0(183)) - Sending CreatePipelineCommand for pipeline:PipelineID=cd0ce02c-8ad4-4dc4-a848-3ab733055e23 to datanode:f3e36aa8-046c-4f74-b199-ccba3b4265be
2021-12-05 13:33:36,896 [RatisPipelineUtilsThread - 0] INFO  pipeline.PipelineStateManagerImpl (PipelineStateManagerImpl.java:addPipeline(101)) - Created pipeline Pipeline[ Id: cd0ce02c-8ad4-4dc4-a848-3ab733055e23, Nodes: f3e36aa8-046c-4f74-b199-ccba3b4265be{ip: 10.1.0.33, host: fv-az148-969.bm4ck3pvxvsene1rjriu5fhcdb.bx.internal.cloudapp.net, ports: [REPLICATION=34609, RATIS=39375, RATIS_ADMIN=39375, RATIS_SERVER=39375, STANDALONE=42073], networkLocation: /default-rack, certSerialId: null, persistedOpState: IN_SERVICE, persistedOpStateExpiryEpochSec: 0}, ReplicationConfig: RATIS/ONE, State:ALLOCATED, leaderId:, CreationTimestamp2021-12-05T13:33:36.895Z[Etc/UTC]].
2021-12-05 13:33:37,136 [Listener at 127.0.0.1/36441] INFO  ozone.MiniOzoneClusterImpl (MiniOzoneClusterImpl.java:lambda$waitForClusterToBeReady$0(235)) - Waiting for nodes to be ready. Got 2 of 3 DN Heartbeats.
2021-12-05 13:33:37,136 [Listener at 127.0.0.1/36441] INFO  ozone.MiniOzoneClusterImpl (MiniOzoneClusterImpl.java:lambda$waitForClusterToBeReady$0(238)) - Waiting for cluster to exit safe mode
2021-12-05 13:33:37,137 [Listener at 127.0.0.1/36441] INFO  ozone.MiniOzoneClusterImpl (MiniOzoneClusterImpl.java:lambda$waitForClusterToBeReady$0(240)) - SCM became leader
2021-12-05 13:33:37,211 [IPC Server handler 3 on default port 40511] INFO  net.NetworkTopologyImpl (NetworkTopologyImpl.java:add(112)) - Added a new node: /default-rack/878c0ed8-1274-4232-a777-c278fabeb036
2021-12-05 13:33:37,211 [IPC Server handler 3 on default port 40511] INFO  node.SCMNodeManager (SCMNodeManager.java:register(389)) - Registered Data node : 878c0ed8-1274-4232-a777-c278fabeb036{ip: 10.1.0.33, host: fv-az148-969.bm4ck3pvxvsene1rjriu5fhcdb.bx.internal.cloudapp.net, ports: [REPLICATION=41591, RATIS=46861, RATIS_ADMIN=46861, RATIS_SERVER=46861, STANDALONE=43201], networkLocation: /default-rack, certSerialId: null, persistedOpState: null, persistedOpStateExpiryEpochSec: 0}
2021-12-05 13:33:37,211 [EventQueue-NewNodeForNewNodeHandler] INFO  pipeline.BackgroundPipelineCreator (BackgroundPipelineCreator.java:notifyEventTriggered(285)) - trigger a one-shot run on RatisPipelineUtilsThread.
2021-12-05 13:33:37,225 [RatisPipelineUtilsThread - 0] INFO  pipeline.RatisPipelineProvider (RatisPipelineProvider.java:lambda$create$0(183)) - Sending CreatePipelineCommand for pipeline:PipelineID=0cd540c5-8713-41bf-8dca-18db87c8e5b5 to datanode:878c0ed8-1274-4232-a777-c278fabeb036
2021-12-05 13:33:37,225 [EventQueue-NodeRegistrationContainerReportForDataNodeSafeModeRule] INFO  safemode.SCMSafeModeManager (DataNodeSafeModeRule.java:process(71)) - SCM in safe mode. 3 DataNodes registered, 3 required.
2021-12-05 13:33:37,225 [EventQueue-NodeRegistrationContainerReportForDataNodeSafeModeRule] INFO  safemode.SCMSafeModeManager (SCMSafeModeManager.java:validateSafeModeExitRules(204)) - DataNodeSafeModeRule rule is successfully validated
2021-12-05 13:33:37,225 [EventQueue-NodeRegistrationContainerReportForDataNodeSafeModeRule] INFO  safemode.SCMSafeModeManager (SCMSafeModeManager.java:completePreCheck(233)) - All SCM safe mode pre check rules have passed
2021-12-05 13:33:37,225 [EventQueue-NodeRegistrationContainerReportForDataNodeSafeModeRule] WARN  events.EventQueue (EventQueue.java:fireEvent(194)) - No event handler registered for event TypedEvent{payloadType=SafeModeStatus, name='Safe mode status'}
2021-12-05 13:33:37,225 [EventQueue-NodeRegistrationContainerReportForDataNodeSafeModeRule] INFO  ha.SCMContext (SCMContext.java:updateSafeModeStatus(205)) - Update SafeModeStatus from SafeModeStatus{safeModeStatus=true, preCheckPassed=false} to SafeModeStatus{safeModeStatus=true, preCheckPassed=true}.
2021-12-05 13:33:37,225 [EventQueue-NodeRegistrationContainerReportForDataNodeSafeModeRule] INFO  pipeline.BackgroundPipelineCreator (BackgroundPipelineCreator.java:notifyEventTriggered(285)) - trigger a one-shot run on RatisPipelineUtilsThread.
2021-12-05 13:33:37,225 [RatisPipelineUtilsThread - 0] INFO  pipeline.PipelineStateManagerImpl (PipelineStateManagerImpl.java:addPipeline(101)) - Created pipeline Pipeline[ Id: 0cd540c5-8713-41bf-8dca-18db87c8e5b5, Nodes: 878c0ed8-1274-4232-a777-c278fabeb036{ip: 10.1.0.33, host: fv-az148-969.bm4ck3pvxvsene1rjriu5fhcdb.bx.internal.cloudapp.net, ports: [REPLICATION=41591, RATIS=46861, RATIS_ADMIN=46861, RATIS_SERVER=46861, STANDALONE=43201], networkLocation: /default-rack, certSerialId: null, persistedOpState: IN_SERVICE, persistedOpStateExpiryEpochSec: 0}, ReplicationConfig: RATIS/ONE, State:ALLOCATED, leaderId:, CreationTimestamp2021-12-05T13:33:37.225Z[Etc/UTC]].
2021-12-05 13:33:37,226 [RatisPipelineUtilsThread - 0] INFO  pipeline.RatisPipelineProvider (RatisPipelineProvider.java:lambda$create$0(183)) - Sending CreatePipelineCommand for pipeline:PipelineID=fd7a66f4-902f-4648-8e5a-b448c7088a60 to datanode:f3e36aa8-046c-4f74-b199-ccba3b4265be
2021-12-05 13:33:37,226 [RatisPipelineUtilsThread - 0] INFO  pipeline.RatisPipelineProvider (RatisPipelineProvider.java:lambda$create$0(183)) - Sending CreatePipelineCommand for pipeline:PipelineID=fd7a66f4-902f-4648-8e5a-b448c7088a60 to datanode:25d36a09-8852-4f89-8d66-da5b3f403cfe
2021-12-05 13:33:37,226 [RatisPipelineUtilsThread - 0] INFO  pipeline.RatisPipelineProvider (RatisPipelineProvider.java:lambda$create$0(183)) - Sending CreatePipelineCommand for pipeline:PipelineID=fd7a66f4-902f-4648-8e5a-b448c7088a60 to datanode:878c0ed8-1274-4232-a777-c278fabeb036
2021-12-05 13:33:37,226 [RatisPipelineUtilsThread - 0] INFO  pipeline.PipelineStateManagerImpl (PipelineStateManagerImpl.java:addPipeline(101)) - Created pipeline Pipeline[ Id: fd7a66f4-902f-4648-8e5a-b448c7088a60, Nodes: f3e36aa8-046c-4f74-b199-ccba3b4265be{ip: 10.1.0.33, host: fv-az148-969.bm4ck3pvxvsene1rjriu5fhcdb.bx.internal.cloudapp.net, ports: [REPLICATION=34609, RATIS=39375, RATIS_ADMIN=39375, RATIS_SERVER=39375, STANDALONE=42073], networkLocation: /default-rack, certSerialId: null, persistedOpState: IN_SERVICE, persistedOpStateExpiryEpochSec: 0}25d36a09-8852-4f89-8d66-da5b3f403cfe{ip: 10.1.0.33, host: fv-az148-969.bm4ck3pvxvsene1rjriu5fhcdb.bx.internal.cloudapp.net, ports: [REPLICATION=38021, RATIS=33503, RATIS_ADMIN=33503, RATIS_SERVER=33503, STANDALONE=33695], networkLocation: /default-rack, certSerialId: null, persistedOpState: IN_SERVICE, persistedOpStateExpiryEpochSec: 0}878c0ed8-1274-4232-a777-c278fabeb036{ip: 10.1.0.33, host: fv-az148-969.bm4ck3pvxvsene1rjriu5fhcdb.bx.internal.cloudapp.net, ports: [REPLICATION=41591, RATIS=46861, RATIS_ADMIN=46861, RATIS_SERVER=46861, STANDALONE=43201], networkLocation: /default-rack, certSerialId: null, persistedOpState: IN_SERVICE, persistedOpStateExpiryEpochSec: 0}, ReplicationConfig: RATIS/THREE, State:ALLOCATED, leaderId:, CreationTimestamp2021-12-05T13:33:37.225Z[Etc/UTC]].
2021-12-05 13:33:37,229 [RatisPipelineUtilsThread - 0] INFO  pipeline.RatisPipelineProvider (RatisPipelineProvider.java:lambda$create$0(183)) - Sending CreatePipelineCommand for pipeline:PipelineID=03f16a9b-6f9c-4bfd-80ea-d8ea7151d1bf to datanode:878c0ed8-1274-4232-a777-c278fabeb036
2021-12-05 13:33:37,229 [RatisPipelineUtilsThread - 0] INFO  pipeline.RatisPipelineProvider (RatisPipelineProvider.java:lambda$create$0(183)) - Sending CreatePipelineCommand for pipeline:PipelineID=03f16a9b-6f9c-4bfd-80ea-d8ea7151d1bf to datanode:25d36a09-8852-4f89-8d66-da5b3f403cfe
2021-12-05 13:33:37,229 [RatisPipelineUtilsThread - 0] INFO  pipeline.RatisPipelineProvider (RatisPipelineProvider.java:lambda$create$0(183)) - Sending CreatePipelineCommand for pipeline:PipelineID=03f16a9b-6f9c-4bfd-80ea-d8ea7151d1bf to datanode:f3e36aa8-046c-4f74-b199-ccba3b4265be
2021-12-05 13:33:37,230 [RatisPipelineUtilsThread - 0] INFO  pipeline.PipelineStateManagerImpl (PipelineStateManagerImpl.java:addPipeline(101)) - Created pipeline Pipeline[ Id: 03f16a9b-6f9c-4bfd-80ea-d8ea7151d1bf, Nodes: 878c0ed8-1274-4232-a777-c278fabeb036{ip: 10.1.0.33, host: fv-az148-969.bm4ck3pvxvsene1rjriu5fhcdb.bx.internal.cloudapp.net, ports: [REPLICATION=41591, RATIS=46861, RATIS_ADMIN=46861, RATIS_SERVER=46861, STANDALONE=43201], networkLocation: /default-rack, certSerialId: null, persistedOpState: IN_SERVICE, persistedOpStateExpiryEpochSec: 0}25d36a09-8852-4f89-8d66-da5b3f403cfe{ip: 10.1.0.33, host: fv-az148-969.bm4ck3pvxvsene1rjriu5fhcdb.bx.internal.cloudapp.net, ports: [REPLICATION=38021, RATIS=33503, RATIS_ADMIN=33503, RATIS_SERVER=33503, STANDALONE=33695], networkLocation: /default-rack, certSerialId: null, persistedOpState: IN_SERVICE, persistedOpStateExpiryEpochSec: 0}f3e36aa8-046c-4f74-b199-ccba3b4265be{ip: 10.1.0.33, host: fv-az148-969.bm4ck3pvxvsene1rjriu5fhcdb.bx.internal.cloudapp.net, ports: [REPLICATION=34609, RATIS=39375, RATIS_ADMIN=39375, RATIS_SERVER=39375, STANDALONE=42073], networkLocation: /default-rack, certSerialId: null, persistedOpState: IN_SERVICE, persistedOpStateExpiryEpochSec: 0}, ReplicationConfig: RATIS/THREE, State:ALLOCATED, leaderId:, CreationTimestamp2021-12-05T13:33:37.229Z[Etc/UTC]].
2021-12-05 13:33:37,230 [RatisPipelineUtilsThread - 0] INFO  pipeline.PipelineManagerImpl (PipelineManagerImpl.java:recordMetricsForPipeline(620)) - Pipeline: PipelineID=03f16a9b-6f9c-4bfd-80ea-d8ea7151d1bf contains same datanodes as previous pipelines: PipelineID=fd7a66f4-902f-4648-8e5a-b448c7088a60 nodeIds: 878c0ed8-1274-4232-a777-c278fabeb036, 25d36a09-8852-4f89-8d66-da5b3f403cfe, f3e36aa8-046c-4f74-b199-ccba3b4265be
2021-12-05 13:33:38,137 [Listener at 127.0.0.1/36441] INFO  ozone.MiniOzoneClusterImpl (MiniOzoneClusterImpl.java:lambda$waitForClusterToBeReady$0(235)) - Nodes are ready. Got 3 of 3 DN Heartbeats.
2021-12-05 13:33:38,137 [Listener at 127.0.0.1/36441] INFO  ozone.MiniOzoneClusterImpl (MiniOzoneClusterImpl.java:lambda$waitForClusterToBeReady$0(238)) - Waiting for cluster to exit safe mode
2021-12-05 13:33:38,137 [Listener at 127.0.0.1/36441] INFO  ozone.MiniOzoneClusterImpl (MiniOzoneClusterImpl.java:lambda$waitForClusterToBeReady$0(240)) - SCM became leader
2021-12-05 13:33:39,138 [Listener at 127.0.0.1/36441] INFO  ozone.MiniOzoneClusterImpl (MiniOzoneClusterImpl.java:lambda$waitForClusterToBeReady$0(235)) - Nodes are ready. Got 3 of 3 DN Heartbeats.
2021-12-05 13:33:39,138 [Listener at 127.0.0.1/36441] INFO  ozone.MiniOzoneClusterImpl (MiniOzoneClusterImpl.java:lambda$waitForClusterToBeReady$0(238)) - Waiting for cluster to exit safe mode
2021-12-05 13:33:39,138 [Listener at 127.0.0.1/36441] INFO  ozone.MiniOzoneClusterImpl (MiniOzoneClusterImpl.java:lambda$waitForClusterToBeReady$0(240)) - SCM became leader
2021-12-05 13:33:39,441 [Command processor thread] INFO  server.RaftServer (RaftServerProxy.java:addNew(95)) - 25d36a09-8852-4f89-8d66-da5b3f403cfe: addNew group-A32A4CAA7377:[25d36a09-8852-4f89-8d66-da5b3f403cfe|rpc:10.1.0.33:33503|priority:1] returns group-A32A4CAA7377:java.util.concurrent.CompletableFuture@76ad316a[Not completed]
2021-12-05 13:33:39,447 [pool-630-thread-1] INFO  server.RaftServer$Division (RaftServerImpl.java:<init>(184)) - 25d36a09-8852-4f89-8d66-da5b3f403cfe: new RaftServerImpl for group-A32A4CAA7377:[25d36a09-8852-4f89-8d66-da5b3f403cfe|rpc:10.1.0.33:33503|priority:1] with ContainerStateMachine:uninitialized
2021-12-05 13:33:39,454 [pool-630-thread-1] INFO  server.RaftServerConfigKeys (ConfUtils.java:logGet(44)) - raft.server.rpc.timeout.min = 5s (custom)
2021-12-05 13:33:39,454 [pool-630-thread-1] INFO  server.RaftServerConfigKeys (ConfUtils.java:logGet(44)) - raft.server.rpc.timeout.max = 5200ms (custom)
2021-12-05 13:33:39,454 [pool-630-thread-1] INFO  server.RaftServerConfigKeys (ConfUtils.java:logGet(44)) - raft.server.rpc.sleep.time = 25ms (default)
2021-12-05 13:33:39,455 [pool-630-thread-1] INFO  server.RaftServerConfigKeys (ConfUtils.java:logGet(44)) - raft.server.rpc.slowness.timeout = 300s (custom)
2021-12-05 13:33:39,455 [pool-630-thread-1] INFO  server.RaftServerConfigKeys (ConfUtils.java:logGet(44)) - raft.server.leaderelection.leader.step-down.wait-time = 10s (default)
2021-12-05 13:33:39,455 [pool-630-thread-1] INFO  server.RaftServerConfigKeys (ConfUtils.java:logGet(44)) - raft.server.sleep.deviation.threshold = 300ms (default)
2021-12-05 13:33:39,455 [pool-630-thread-1] INFO  server.RaftServerConfigKeys (ConfUtils.java:logGet(44)) - raft.server.log.appender.install.snapshot.enabled = false (custom)
2021-12-05 13:33:39,455 [pool-630-thread-1] INFO  server.RaftServer$Division (ServerState.java:<init>(105)) - 25d36a09-8852-4f89-8d66-da5b3f403cfe@group-A32A4CAA7377: ConfigurationManager, init=-1: [25d36a09-8852-4f89-8d66-da5b3f403cfe|rpc:10.1.0.33:33503|priority:1], old=null, confs=<EMPTY_MAP>
2021-12-05 13:33:39,455 [pool-630-thread-1] INFO  server.RaftServerConfigKeys (ConfUtils.java:logGet(44)) - raft.server.storage.dir = [/home/runner/work/ozone/ozone/hadoop-ozone/integration-test/target/test-dir/MiniOzoneClusterImpl-031612c8-f6c3-4842-be35-3c6b0905609d/datanode-0/data/ratis] (custom)
2021-12-05 13:33:39,455 [pool-630-thread-1] INFO  server.RaftServerConfigKeys (ConfUtils.java:logGet(44)) - raft.server.log.corruption.policy = EXCEPTION (default)
2021-12-05 13:33:39,455 [pool-630-thread-1] INFO  server.RaftServerConfigKeys (ConfUtils.java:logGet(44)) - raft.server.storage.free-space.min = 0MB (=0) (default)
2021-12-05 13:33:39,455 [pool-630-thread-1] INFO  storage.RaftStorageDirectory (RaftStorageDirectoryImpl.java:analyzeStorage(135)) - The storage directory /home/runner/work/ozone/ozone/hadoop-ozone/integration-test/target/test-dir/MiniOzoneClusterImpl-031612c8-f6c3-4842-be35-3c6b0905609d/datanode-0/data/ratis/9c0169cd-15f0-4d5e-961a-a32a4caa7377 does not exist. Creating ...
2021-12-05 13:33:39,457 [pool-630-thread-1] INFO  storage.RaftStorageDirectory (RaftStorageDirectoryImpl.java:tryLock(230)) - Lock on /home/runner/work/ozone/ozone/hadoop-ozone/integration-test/target/test-dir/MiniOzoneClusterImpl-031612c8-f6c3-4842-be35-3c6b0905609d/datanode-0/data/ratis/9c0169cd-15f0-4d5e-961a-a32a4caa7377/in_use.lock acquired by nodename 9128@fv-az148-969
2021-12-05 13:33:39,459 [pool-630-thread-1] INFO  storage.RaftStorage (RaftStorageImpl.java:format(89)) - Storage directory /home/runner/work/ozone/ozone/hadoop-ozone/integration-test/target/test-dir/MiniOzoneClusterImpl-031612c8-f6c3-4842-be35-3c6b0905609d/datanode-0/data/ratis/9c0169cd-15f0-4d5e-961a-a32a4caa7377 has been successfully formatted.
2021-12-05 13:33:39,466 [EventQueue-PipelineReportForPipelineReportHandler] INFO  pipeline.PipelineManagerImpl (PipelineManagerImpl.java:openPipeline(289)) - Pipeline Pipeline[ Id: 9c0169cd-15f0-4d5e-961a-a32a4caa7377, Nodes: 25d36a09-8852-4f89-8d66-da5b3f403cfe{ip: 10.1.0.33, host: fv-az148-969.bm4ck3pvxvsene1rjriu5fhcdb.bx.internal.cloudapp.net, ports: [REPLICATION=38021, RATIS=33503, RATIS_ADMIN=33503, RATIS_SERVER=33503, STANDALONE=33695], networkLocation: /default-rack, certSerialId: null, persistedOpState: IN_SERVICE, persistedOpStateExpiryEpochSec: 0}, ReplicationConfig: RATIS/ONE, State:ALLOCATED, leaderId:25d36a09-8852-4f89-8d66-da5b3f403cfe, CreationTimestamp2021-12-05T13:33:36.462Z[Etc/UTC]] moved to OPEN state
2021-12-05 13:33:39,470 [pool-630-thread-1] INFO  ratis.ContainerStateMachine (ContainerStateMachine.java:loadSnapshot(224)) - group-A32A4CAA7377: The snapshot info is null. Setting the last applied indexto:(t:0, i:~)
2021-12-05 13:33:39,495 [pool-630-thread-1] INFO  server.RaftServerConfigKeys (ConfUtils.java:logGet(44)) - raft.server.notification.no-leader.timeout = 300s (custom)
2021-12-05 13:33:39,495 [pool-630-thread-1] INFO  server.RaftServerConfigKeys (ConfUtils.java:logGet(44)) - raft.server.log.use.memory = false (default)
2021-12-05 13:33:39,496 [pool-630-thread-1] INFO  server.RaftServerConfigKeys (ConfUtils.java:logGet(44)) - raft.server.log.purge.gap = 1000000 (custom)
2021-12-05 13:33:39,496 [pool-630-thread-1] INFO  server.RaftServerConfigKeys (ConfUtils.java:logGet(44)) - raft.server.log.appender.buffer.byte-limit = 33554432 (custom)
2021-12-05 13:33:39,496 [pool-630-thread-1] INFO  server.RaftServerConfigKeys (ConfUtils.java:logGet(44)) - raft.server.log.segment.size.max = 1048576 (custom)
2021-12-05 13:33:39,497 [pool-630-thread-1] INFO  server.RaftServerConfigKeys (ConfUtils.java:logGet(44)) - raft.server.log.segment.cache.num.max = 2 (custom)
2021-12-05 13:33:39,497 [pool-630-thread-1] INFO  server.RaftServerConfigKeys (ConfUtils.java:logGet(44)) - raft.server.log.segment.cache.size.max = 200MB (=209715200) (default)
2021-12-05 13:33:39,497 [pool-630-thread-1] INFO  segmented.SegmentedRaftLogWorker (SegmentedRaftLogWorker.java:<init>(182)) - new 25d36a09-8852-4f89-8d66-da5b3f403cfe@group-A32A4CAA7377-SegmentedRaftLogWorker for RaftStorageImpl:Storage Directory /home/runner/work/ozone/ozone/hadoop-ozone/integration-test/target/test-dir/MiniOzoneClusterImpl-031612c8-f6c3-4842-be35-3c6b0905609d/datanode-0/data/ratis/9c0169cd-15f0-4d5e-961a-a32a4caa7377
2021-12-05 13:33:39,497 [pool-630-thread-1] INFO  server.RaftServerConfigKeys (ConfUtils.java:logGet(44)) - raft.server.log.queue.byte-limit = 2147483647 (custom)
2021-12-05 13:33:39,497 [pool-630-thread-1] INFO  server.RaftServerConfigKeys (ConfUtils.java:logGet(44)) - raft.server.log.queue.element-limit = 1024 (custom)
2021-12-05 13:33:39,497 [pool-630-thread-1] INFO  server.RaftServerConfigKeys (ConfUtils.java:logGet(44)) - raft.server.log.segment.size.max = 1048576 (custom)
2021-12-05 13:33:39,504 [pool-630-thread-1] INFO  server.RaftServerConfigKeys (ConfUtils.java:logGet(44)) - raft.server.log.preallocated.size = 16384 (custom)
2021-12-05 13:33:39,508 [pool-630-thread-1] INFO  server.RaftServerConfigKeys (ConfUtils.java:logGet(44)) - raft.server.log.force.sync.num = 128 (default)
2021-12-05 13:33:39,508 [pool-630-thread-1] INFO  server.RaftServerConfigKeys (ConfUtils.java:logGet(44)) - raft.server.log.statemachine.data.sync = true (default)
2021-12-05 13:33:39,509 [pool-630-thread-1] INFO  server.RaftServerConfigKeys (ConfUtils.java:logGet(44)) - raft.server.log.statemachine.data.sync.timeout = 10s (default)
2021-12-05 13:33:39,509 [pool-630-thread-1] INFO  server.RaftServerConfigKeys (ConfUtils.java:logGet(44)) - raft.server.log.statemachine.data.sync.timeout.retry = -1 (default)
2021-12-05 13:33:39,511 [pool-630-thread-1] INFO  server.RaftServerConfigKeys (ConfUtils.java:logGet(44)) - raft.server.log.write.buffer.size = 1048576 (custom)
2021-12-05 13:33:39,504 [EventQueue-OpenPipelineForHealthyPipelineSafeModeRule] INFO  safemode.SCMSafeModeManager (HealthyPipelineSafeModeRule.java:process(124)) - SCM in safe mode. Healthy pipelines reported count is 0, required healthy pipeline reported count is 1
2021-12-05 13:33:39,512 [pool-630-thread-1] INFO  server.RaftServerConfigKeys (ConfUtils.java:logGet(44)) - raft.server.log.statemachine.data.caching.enabled = true (custom)
2021-12-05 13:33:39,518 [pool-630-thread-1] INFO  segmented.SegmentedRaftLogWorker (SegmentedRaftLogWorker.java:lambda$new$0(133)) - 25d36a09-8852-4f89-8d66-da5b3f403cfe@group-A32A4CAA7377-SegmentedRaftLogWorker: flushIndex: setUnconditionally 0 -> -1
2021-12-05 13:33:39,518 [pool-630-thread-1] INFO  segmented.SegmentedRaftLogWorker (SegmentedRaftLogWorker.java:lambda$new$0(133)) - 25d36a09-8852-4f89-8d66-da5b3f403cfe@group-A32A4CAA7377-SegmentedRaftLogWorker: safeCacheEvictIndex: setUnconditionally 0 -> -1
2021-12-05 13:33:39,518 [pool-630-thread-1] INFO  server.RaftServerConfigKeys (ConfUtils.java:logGet(44)) - raft.server.snapshot.auto.trigger.enabled = true (custom)
2021-12-05 13:33:39,518 [pool-630-thread-1] INFO  server.RaftServerConfigKeys (ConfUtils.java:logGet(44)) - raft.server.snapshot.auto.trigger.threshold = 10000 (custom)
2021-12-05 13:33:39,518 [pool-630-thread-1] INFO  server.RaftServerConfigKeys (ConfUtils.java:logGet(44)) - raft.server.snapshot.retention.file.num = 5 (custom)
2021-12-05 13:33:39,518 [pool-630-thread-1] INFO  server.RaftServerConfigKeys (ConfUtils.java:logGet(44)) - raft.server.log.purge.upto.snapshot.index = false (default)
2021-12-05 13:33:39,518 [pool-630-thread-1] INFO  server.RaftServerConfigKeys (ConfUtils.java:logGet(44)) - raft.server.retrycache.expirytime = 600000ms (custom)
2021-12-05 13:33:39,519 [pool-630-thread-1] INFO  server.RaftServerConfigKeys (ConfUtils.java:logGet(44)) - raft.server.retrycache.statistics.expirytime = 100μs (default)
2021-12-05 13:33:39,520 [pool-630-thread-1] INFO  server.RaftServer$Division (RaftServerImpl.java:start(301)) - 25d36a09-8852-4f89-8d66-da5b3f403cfe@group-A32A4CAA7377: start as a follower, conf=-1: [25d36a09-8852-4f89-8d66-da5b3f403cfe|rpc:10.1.0.33:33503|priority:1], old=null
2021-12-05 13:33:39,520 [pool-630-thread-1] INFO  server.RaftServer$Division (RaftServerImpl.java:setRole(290)) - 25d36a09-8852-4f89-8d66-da5b3f403cfe@group-A32A4CAA7377: changes role from      null to FOLLOWER at term 0 for startAsFollower
2021-12-05 13:33:39,520 [pool-630-thread-1] INFO  impl.RoleInfo (RoleInfo.java:updateAndGet(130)) - 25d36a09-8852-4f89-8d66-da5b3f403cfe: start 25d36a09-8852-4f89-8d66-da5b3f403cfe@group-A32A4CAA7377-FollowerState
2021-12-05 13:33:39,529 [pool-630-thread-1] INFO  util.JmxRegister (JmxRegister.java:tryRegister(44)) - Successfully registered JMX Bean with object name Ratis:service=RaftServer,group=group-A32A4CAA7377,id=25d36a09-8852-4f89-8d66-da5b3f403cfe
2021-12-05 13:33:39,530 [Command processor thread] INFO  ratis.XceiverServerRatis (XceiverServerRatis.java:addGroup(768)) - Created group PipelineID=9c0169cd-15f0-4d5e-961a-a32a4caa7377
2021-12-05 13:33:39,530 [Command processor thread] INFO  commandhandler.CreatePipelineCommandHandler (CreatePipelineCommandHandler.java:handle(106)) - Created Pipeline RATIS ONE PipelineID=9c0169cd-15f0-4d5e-961a-a32a4caa7377.
2021-12-05 13:33:39,530 [Command processor thread] INFO  server.RaftServer (RaftServerProxy.java:addNew(95)) - 25d36a09-8852-4f89-8d66-da5b3f403cfe: addNew group-B448C7088A60:[25d36a09-8852-4f89-8d66-da5b3f403cfe|rpc:10.1.0.33:33503|priority:1, f3e36aa8-046c-4f74-b199-ccba3b4265be|rpc:10.1.0.33:39375|priority:0, 878c0ed8-1274-4232-a777-c278fabeb036|rpc:10.1.0.33:46861|priority:0] returns group-B448C7088A60:java.util.concurrent.CompletableFuture@7292bb67[Not completed]
2021-12-05 13:33:39,531 [pool-630-thread-1] INFO  server.RaftServer$Division (RaftServerImpl.java:<init>(184)) - 25d36a09-8852-4f89-8d66-da5b3f403cfe: new RaftServerImpl for group-B448C7088A60:[25d36a09-8852-4f89-8d66-da5b3f403cfe|rpc:10.1.0.33:33503|priority:1, f3e36aa8-046c-4f74-b199-ccba3b4265be|rpc:10.1.0.33:39375|priority:0, 878c0ed8-1274-4232-a777-c278fabeb036|rpc:10.1.0.33:46861|priority:0] with ContainerStateMachine:uninitialized
2021-12-05 13:33:39,531 [pool-630-thread-1] INFO  server.RaftServerConfigKeys (ConfUtils.java:logGet(44)) - raft.server.rpc.timeout.min = 5s (custom)
2021-12-05 13:33:39,531 [pool-630-thread-1] INFO  server.RaftServerConfigKeys (ConfUtils.java:logGet(44)) - raft.server.rpc.timeout.max = 5200ms (custom)
2021-12-05 13:33:39,531 [pool-630-thread-1] INFO  server.RaftServerConfigKeys (ConfUtils.java:logGet(44)) - raft.server.rpc.sleep.time = 25ms (default)
2021-12-05 13:33:39,534 [pool-630-thread-1] INFO  server.RaftServerConfigKeys (ConfUtils.java:logGet(44)) - raft.server.rpc.slowness.timeout = 300s (custom)
2021-12-05 13:33:39,535 [pool-630-thread-1] INFO  server.RaftServerConfigKeys (ConfUtils.java:logGet(44)) - raft.server.leaderelection.leader.step-down.wait-time = 10s (default)
2021-12-05 13:33:39,535 [pool-630-thread-1] INFO  server.RaftServerConfigKeys (ConfUtils.java:logGet(44)) - raft.server.sleep.deviation.threshold = 300ms (default)
2021-12-05 13:33:39,535 [pool-630-thread-1] INFO  server.RaftServerConfigKeys (ConfUtils.java:logGet(44)) - raft.server.log.appender.install.snapshot.enabled = false (custom)
2021-12-05 13:33:39,535 [pool-630-thread-1] INFO  server.RaftServer$Division (ServerState.java:<init>(105)) - 25d36a09-8852-4f89-8d66-da5b3f403cfe@group-B448C7088A60: ConfigurationManager, init=-1: [25d36a09-8852-4f89-8d66-da5b3f403cfe|rpc:10.1.0.33:33503|priority:1, f3e36aa8-046c-4f74-b199-ccba3b4265be|rpc:10.1.0.33:39375|priority:0, 878c0ed8-1274-4232-a777-c278fabeb036|rpc:10.1.0.33:46861|priority:0], old=null, confs=<EMPTY_MAP>
2021-12-05 13:33:39,535 [pool-630-thread-1] INFO  server.RaftServerConfigKeys (ConfUtils.java:logGet(44)) - raft.server.storage.dir = [/home/runner/work/ozone/ozone/hadoop-ozone/integration-test/target/test-dir/MiniOzoneClusterImpl-031612c8-f6c3-4842-be35-3c6b0905609d/datanode-0/data/ratis] (custom)
2021-12-05 13:33:39,535 [pool-630-thread-1] INFO  server.RaftServerConfigKeys (ConfUtils.java:logGet(44)) - raft.server.log.corruption.policy = EXCEPTION (default)
2021-12-05 13:33:39,535 [pool-630-thread-1] INFO  server.RaftServerConfigKeys (ConfUtils.java:logGet(44)) - raft.server.storage.free-space.min = 0MB (=0) (default)
2021-12-05 13:33:39,535 [pool-630-thread-1] INFO  storage.RaftStorageDirectory (RaftStorageDirectoryImpl.java:analyzeStorage(135)) - The storage directory /home/runner/work/ozone/ozone/hadoop-ozone/integration-test/target/test-dir/MiniOzoneClusterImpl-031612c8-f6c3-4842-be35-3c6b0905609d/datanode-0/data/ratis/fd7a66f4-902f-4648-8e5a-b448c7088a60 does not exist. Creating ...
2021-12-05 13:33:39,536 [pool-630-thread-1] INFO  storage.RaftStorageDirectory (RaftStorageDirectoryImpl.java:tryLock(230)) - Lock on /home/runner/work/ozone/ozone/hadoop-ozone/integration-test/target/test-dir/MiniOzoneClusterImpl-031612c8-f6c3-4842-be35-3c6b0905609d/datanode-0/data/ratis/fd7a66f4-902f-4648-8e5a-b448c7088a60/in_use.lock acquired by nodename 9128@fv-az148-969
2021-12-05 13:33:39,539 [pool-630-thread-1] INFO  storage.RaftStorage (RaftStorageImpl.java:format(89)) - Storage directory /home/runner/work/ozone/ozone/hadoop-ozone/integration-test/target/test-dir/MiniOzoneClusterImpl-031612c8-f6c3-4842-be35-3c6b0905609d/datanode-0/data/ratis/fd7a66f4-902f-4648-8e5a-b448c7088a60 has been successfully formatted.
2021-12-05 13:33:39,540 [pool-630-thread-1] INFO  ratis.ContainerStateMachine (ContainerStateMachine.java:loadSnapshot(224)) - group-B448C7088A60: The snapshot info is null. Setting the last applied indexto:(t:0, i:~)
2021-12-05 13:33:39,540 [pool-630-thread-1] INFO  server.RaftServerConfigKeys (ConfUtils.java:logGet(44)) - raft.server.notification.no-leader.timeout = 300s (custom)
2021-12-05 13:33:39,540 [pool-630-thread-1] INFO  server.RaftServerConfigKeys (ConfUtils.java:logGet(44)) - raft.server.log.use.memory = false (default)
2021-12-05 13:33:39,540 [pool-630-thread-1] INFO  server.RaftServerConfigKeys (ConfUtils.java:logGet(44)) - raft.server.log.purge.gap = 1000000 (custom)
2021-12-05 13:33:39,540 [pool-630-thread-1] INFO  server.RaftServerConfigKeys (ConfUtils.java:logGet(44)) - raft.server.log.appender.buffer.byte-limit = 33554432 (custom)
2021-12-05 13:33:39,540 [pool-630-thread-1] INFO  server.RaftServerConfigKeys (ConfUtils.java:logGet(44)) - raft.server.log.segment.size.max = 1048576 (custom)
2021-12-05 13:33:39,541 [pool-630-thread-1] INFO  server.RaftServerConfigKeys (ConfUtils.java:logGet(44)) - raft.server.log.segment.cache.num.max = 2 (custom)
2021-12-05 13:33:39,542 [pool-630-thread-1] INFO  server.RaftServerConfigKeys (ConfUtils.java:logGet(44)) - raft.server.log.segment.cache.size.max = 200MB (=209715200) (default)
2021-12-05 13:33:39,542 [pool-630-thread-1] INFO  segmented.SegmentedRaftLogWorker (SegmentedRaftLogWorker.java:<init>(182)) - new 25d36a09-8852-4f89-8d66-da5b3f403cfe@group-B448C7088A60-SegmentedRaftLogWorker for RaftStorageImpl:Storage Directory /home/runner/work/ozone/ozone/hadoop-ozone/integration-test/target/test-dir/MiniOzoneClusterImpl-031612c8-f6c3-4842-be35-3c6b0905609d/datanode-0/data/ratis/fd7a66f4-902f-4648-8e5a-b448c7088a60
2021-12-05 13:33:39,542 [pool-630-thread-1] INFO  server.RaftServerConfigKeys (ConfUtils.java:logGet(44)) - raft.server.log.queue.byte-limit = 2147483647 (custom)
2021-12-05 13:33:39,542 [EventQueue-OpenPipelineForHealthyPipelineSafeModeRule] INFO  safemode.SCMSafeModeManager (HealthyPipelineSafeModeRule.java:process(124)) - SCM in safe mode. Healthy pipelines reported count is 0, required healthy pipeline reported count is 1
2021-12-05 13:33:39,545 [pool-630-thread-1] INFO  server.RaftServerConfigKeys (ConfUtils.java:logGet(44)) - raft.server.log.queue.element-limit = 1024 (custom)
2021-12-05 13:33:39,546 [pool-630-thread-1] INFO  server.RaftServerConfigKeys (ConfUtils.java:logGet(44)) - raft.server.log.segment.size.max = 1048576 (custom)
2021-12-05 13:33:39,546 [pool-630-thread-1] INFO  server.RaftServerConfigKeys (ConfUtils.java:logGet(44)) - raft.server.log.preallocated.size = 16384 (custom)
2021-12-05 13:33:39,546 [pool-630-thread-1] INFO  server.RaftServerConfigKeys (ConfUtils.java:logGet(44)) - raft.server.log.force.sync.num = 128 (default)
2021-12-05 13:33:39,546 [pool-630-thread-1] INFO  server.RaftServerConfigKeys (ConfUtils.java:logGet(44)) - raft.server.log.statemachine.data.sync = true (default)
2021-12-05 13:33:39,546 [pool-630-thread-1] INFO  server.RaftServerConfigKeys (ConfUtils.java:logGet(44)) - raft.server.log.statemachine.data.sync.timeout = 10s (default)
2021-12-05 13:33:39,546 [pool-630-thread-1] INFO  server.RaftServerConfigKeys (ConfUtils.java:logGet(44)) - raft.server.log.statemachine.data.sync.timeout.retry = -1 (default)
2021-12-05 13:33:39,547 [pool-630-thread-1] INFO  server.RaftServerConfigKeys (ConfUtils.java:logGet(44)) - raft.server.log.write.buffer.size = 1048576 (custom)
2021-12-05 13:33:39,548 [pool-630-thread-1] INFO  server.RaftServerConfigKeys (ConfUtils.java:logGet(44)) - raft.server.log.statemachine.data.caching.enabled = true (custom)
2021-12-05 13:33:39,548 [pool-630-thread-1] INFO  segmented.SegmentedRaftLogWorker (SegmentedRaftLogWorker.java:lambda$new$0(133)) - 25d36a09-8852-4f89-8d66-da5b3f403cfe@group-B448C7088A60-SegmentedRaftLogWorker: flushIndex: setUnconditionally 0 -> -1
2021-12-05 13:33:39,548 [pool-630-thread-1] INFO  segmented.SegmentedRaftLogWorker (SegmentedRaftLogWorker.java:lambda$new$0(133)) - 25d36a09-8852-4f89-8d66-da5b3f403cfe@group-B448C7088A60-SegmentedRaftLogWorker: safeCacheEvictIndex: setUnconditionally 0 -> -1
2021-12-05 13:33:39,549 [pool-630-thread-1] INFO  server.RaftServerConfigKeys (ConfUtils.java:logGet(44)) - raft.server.snapshot.auto.trigger.enabled = true (custom)
2021-12-05 13:33:39,549 [pool-630-thread-1] INFO  server.RaftServerConfigKeys (ConfUtils.java:logGet(44)) - raft.server.snapshot.auto.trigger.threshold = 10000 (custom)
2021-12-05 13:33:39,549 [pool-630-thread-1] INFO  server.RaftServerConfigKeys (ConfUtils.java:logGet(44)) - raft.server.snapshot.retention.file.num = 5 (custom)
2021-12-05 13:33:39,549 [pool-630-thread-1] INFO  server.RaftServerConfigKeys (ConfUtils.java:logGet(44)) - raft.server.log.purge.upto.snapshot.index = false (default)
2021-12-05 13:33:39,549 [pool-630-thread-1] INFO  server.RaftServerConfigKeys (ConfUtils.java:logGet(44)) - raft.server.retrycache.expirytime = 600000ms (custom)
2021-12-05 13:33:39,549 [pool-630-thread-1] INFO  server.RaftServerConfigKeys (ConfUtils.java:logGet(44)) - raft.server.retrycache.statistics.expirytime = 100μs (default)
2021-12-05 13:33:39,550 [pool-630-thread-1] INFO  server.RaftServer$Division (RaftServerImpl.java:start(301)) - 25d36a09-8852-4f89-8d66-da5b3f403cfe@group-B448C7088A60: start as a follower, conf=-1: [25d36a09-8852-4f89-8d66-da5b3f403cfe|rpc:10.1.0.33:33503|priority:1, f3e36aa8-046c-4f74-b199-ccba3b4265be|rpc:10.1.0.33:39375|priority:0, 878c0ed8-1274-4232-a777-c278fabeb036|rpc:10.1.0.33:46861|priority:0], old=null
2021-12-05 13:33:39,550 [pool-630-thread-1] INFO  server.RaftServer$Division (RaftServerImpl.java:setRole(290)) - 25d36a09-8852-4f89-8d66-da5b3f403cfe@group-B448C7088A60: changes role from      null to FOLLOWER at term 0 for startAsFollower
2021-12-05 13:33:39,550 [pool-630-thread-1] INFO  impl.RoleInfo (RoleInfo.java:updateAndGet(130)) - 25d36a09-8852-4f89-8d66-da5b3f403cfe: start 25d36a09-8852-4f89-8d66-da5b3f403cfe@group-B448C7088A60-FollowerState
2021-12-05 13:33:39,558 [pool-630-thread-1] INFO  util.JmxRegister (JmxRegister.java:tryRegister(44)) - Successfully registered JMX Bean with object name Ratis:service=RaftServer,group=group-B448C7088A60,id=25d36a09-8852-4f89-8d66-da5b3f403cfe
2021-12-05 13:33:39,577 [Command processor thread] INFO  ratis.XceiverServerRatis (XceiverServerRatis.java:addGroup(768)) - Created group PipelineID=fd7a66f4-902f-4648-8e5a-b448c7088a60
2021-12-05 13:33:39,626 [grpc-default-executor-0] INFO  server.RaftServer (RaftServerProxy.java:addNew(95)) - f3e36aa8-046c-4f74-b199-ccba3b4265be: addNew group-B448C7088A60:[25d36a09-8852-4f89-8d66-da5b3f403cfe|rpc:10.1.0.33:33503|dataStream:|priority:1, f3e36aa8-046c-4f74-b199-ccba3b4265be|rpc:10.1.0.33:39375|dataStream:|priority:0, 878c0ed8-1274-4232-a777-c278fabeb036|rpc:10.1.0.33:46861|dataStream:|priority:0] returns group-B448C7088A60:java.util.concurrent.CompletableFuture@2c5b76fc[Not completed]
2021-12-05 13:33:39,634 [pool-651-thread-1] INFO  server.RaftServer$Division (RaftServerImpl.java:<init>(184)) - f3e36aa8-046c-4f74-b199-ccba3b4265be: new RaftServerImpl for group-B448C7088A60:[25d36a09-8852-4f89-8d66-da5b3f403cfe|rpc:10.1.0.33:33503|dataStream:|priority:1, f3e36aa8-046c-4f74-b199-ccba3b4265be|rpc:10.1.0.33:39375|dataStream:|priority:0, 878c0ed8-1274-4232-a777-c278fabeb036|rpc:10.1.0.33:46861|dataStream:|priority:0] with ContainerStateMachine:uninitialized
2021-12-05 13:33:39,656 [pool-651-thread-1] INFO  server.RaftServerConfigKeys (ConfUtils.java:logGet(44)) - raft.server.rpc.timeout.min = 5s (custom)
2021-12-05 13:33:39,656 [pool-651-thread-1] INFO  server.RaftServerConfigKeys (ConfUtils.java:logGet(44)) - raft.server.rpc.timeout.max = 5200ms (custom)
2021-12-05 13:33:39,656 [pool-651-thread-1] INFO  server.RaftServerConfigKeys (ConfUtils.java:logGet(44)) - raft.server.rpc.sleep.time = 25ms (default)
2021-12-05 13:33:39,656 [pool-651-thread-1] INFO  server.RaftServerConfigKeys (ConfUtils.java:logGet(44)) - raft.server.rpc.slowness.timeout = 300s (custom)
2021-12-05 13:33:39,656 [pool-651-thread-1] INFO  server.RaftServerConfigKeys (ConfUtils.java:logGet(44)) - raft.server.leaderelection.leader.step-down.wait-time = 10s (default)
2021-12-05 13:33:39,656 [pool-651-thread-1] INFO  server.RaftServerConfigKeys (ConfUtils.java:logGet(44)) - raft.server.sleep.deviation.threshold = 300ms (default)
2021-12-05 13:33:39,656 [pool-651-thread-1] INFO  server.RaftServerConfigKeys (ConfUtils.java:logGet(44)) - raft.server.log.appender.install.snapshot.enabled = false (custom)
2021-12-05 13:33:39,657 [pool-651-thread-1] INFO  server.RaftServer$Division (ServerState.java:<init>(105)) - f3e36aa8-046c-4f74-b199-ccba3b4265be@group-B448C7088A60: ConfigurationManager, init=-1: [25d36a09-8852-4f89-8d66-da5b3f403cfe|rpc:10.1.0.33:33503|dataStream:|priority:1, f3e36aa8-046c-4f74-b199-ccba3b4265be|rpc:10.1.0.33:39375|dataStream:|priority:0, 878c0ed8-1274-4232-a777-c278fabeb036|rpc:10.1.0.33:46861|dataStream:|priority:0], old=null, confs=<EMPTY_MAP>
2021-12-05 13:33:39,657 [pool-651-thread-1] INFO  server.RaftServerConfigKeys (ConfUtils.java:logGet(44)) - raft.server.storage.dir = [/home/runner/work/ozone/ozone/hadoop-ozone/integration-test/target/test-dir/MiniOzoneClusterImpl-031612c8-f6c3-4842-be35-3c6b0905609d/datanode-1/data/ratis] (custom)
2021-12-05 13:33:39,657 [pool-651-thread-1] INFO  server.RaftServerConfigKeys (ConfUtils.java:logGet(44)) - raft.server.log.corruption.policy = EXCEPTION (default)
2021-12-05 13:33:39,657 [pool-651-thread-1] INFO  server.RaftServerConfigKeys (ConfUtils.java:logGet(44)) - raft.server.storage.free-space.min = 0MB (=0) (default)
2021-12-05 13:33:39,657 [pool-651-thread-1] INFO  storage.RaftStorageDirectory (RaftStorageDirectoryImpl.java:analyzeStorage(135)) - The storage directory /home/runner/work/ozone/ozone/hadoop-ozone/integration-test/target/test-dir/MiniOzoneClusterImpl-031612c8-f6c3-4842-be35-3c6b0905609d/datanode-1/data/ratis/fd7a66f4-902f-4648-8e5a-b448c7088a60 does not exist. Creating ...
2021-12-05 13:33:39,664 [pool-651-thread-1] INFO  storage.RaftStorageDirectory (RaftStorageDirectoryImpl.java:tryLock(230)) - Lock on /home/runner/work/ozone/ozone/hadoop-ozone/integration-test/target/test-dir/MiniOzoneClusterImpl-031612c8-f6c3-4842-be35-3c6b0905609d/datanode-1/data/ratis/fd7a66f4-902f-4648-8e5a-b448c7088a60/in_use.lock acquired by nodename 9128@fv-az148-969
2021-12-05 13:33:39,671 [pool-651-thread-1] INFO  storage.RaftStorage (RaftStorageImpl.java:format(89)) - Storage directory /home/runner/work/ozone/ozone/hadoop-ozone/integration-test/target/test-dir/MiniOzoneClusterImpl-031612c8-f6c3-4842-be35-3c6b0905609d/datanode-1/data/ratis/fd7a66f4-902f-4648-8e5a-b448c7088a60 has been successfully formatted.
2021-12-05 13:33:39,679 [pool-651-thread-1] INFO  ratis.ContainerStateMachine (ContainerStateMachine.java:loadSnapshot(224)) - group-B448C7088A60: The snapshot info is null. Setting the last applied indexto:(t:0, i:~)
2021-12-05 13:33:39,679 [pool-651-thread-1] INFO  server.RaftServerConfigKeys (ConfUtils.java:logGet(44)) - raft.server.notification.no-leader.timeout = 300s (custom)
2021-12-05 13:33:39,679 [pool-651-thread-1] INFO  server.RaftServerConfigKeys (ConfUtils.java:logGet(44)) - raft.server.log.use.memory = false (default)
2021-12-05 13:33:39,679 [pool-651-thread-1] INFO  server.RaftServerConfigKeys (ConfUtils.java:logGet(44)) - raft.server.log.purge.gap = 1000000 (custom)
2021-12-05 13:33:39,679 [pool-651-thread-1] INFO  server.RaftServerConfigKeys (ConfUtils.java:logGet(44)) - raft.server.log.appender.buffer.byte-limit = 33554432 (custom)
2021-12-05 13:33:39,679 [pool-651-thread-1] INFO  server.RaftServerConfigKeys (ConfUtils.java:logGet(44)) - raft.server.log.segment.size.max = 1048576 (custom)
2021-12-05 13:33:39,680 [pool-651-thread-1] INFO  server.RaftServerConfigKeys (ConfUtils.java:logGet(44)) - raft.server.log.segment.cache.num.max = 2 (custom)
2021-12-05 13:33:39,680 [pool-651-thread-1] INFO  server.RaftServerConfigKeys (ConfUtils.java:logGet(44)) - raft.server.log.segment.cache.size.max = 200MB (=209715200) (default)
2021-12-05 13:33:39,680 [pool-651-thread-1] INFO  segmented.SegmentedRaftLogWorker (SegmentedRaftLogWorker.java:<init>(182)) - new f3e36aa8-046c-4f74-b199-ccba3b4265be@group-B448C7088A60-SegmentedRaftLogWorker for RaftStorageImpl:Storage Directory /home/runner/work/ozone/ozone/hadoop-ozone/integration-test/target/test-dir/MiniOzoneClusterImpl-031612c8-f6c3-4842-be35-3c6b0905609d/datanode-1/data/ratis/fd7a66f4-902f-4648-8e5a-b448c7088a60
2021-12-05 13:33:39,680 [pool-651-thread-1] INFO  server.RaftServerConfigKeys (ConfUtils.java:logGet(44)) - raft.server.log.queue.byte-limit = 2147483647 (custom)
2021-12-05 13:33:39,680 [pool-651-thread-1] INFO  server.RaftServerConfigKeys (ConfUtils.java:logGet(44)) - raft.server.log.queue.element-limit = 1024 (custom)
2021-12-05 13:33:39,680 [pool-651-thread-1] INFO  server.RaftServerConfigKeys (ConfUtils.java:logGet(44)) - raft.server.log.segment.size.max = 1048576 (custom)
2021-12-05 13:33:39,680 [pool-651-thread-1] INFO  server.RaftServerConfigKeys (ConfUtils.java:logGet(44)) - raft.server.log.preallocated.size = 16384 (custom)
2021-12-05 13:33:39,680 [pool-651-thread-1] INFO  server.RaftServerConfigKeys (ConfUtils.java:logGet(44)) - raft.server.log.force.sync.num = 128 (default)
2021-12-05 13:33:39,680 [pool-651-thread-1] INFO  server.RaftServerConfigKeys (ConfUtils.java:logGet(44)) - raft.server.log.statemachine.data.sync = true (default)
2021-12-05 13:33:39,681 [pool-651-thread-1] INFO  server.RaftServerConfigKeys (ConfUtils.java:logGet(44)) - raft.server.log.statemachine.data.sync.timeout = 10s (default)
2021-12-05 13:33:39,681 [pool-651-thread-1] INFO  server.RaftServerConfigKeys (ConfUtils.java:logGet(44)) - raft.server.log.statemachine.data.sync.timeout.retry = -1 (default)
2021-12-05 13:33:39,681 [pool-651-thread-1] INFO  server.RaftServerConfigKeys (ConfUtils.java:logGet(44)) - raft.server.log.write.buffer.size = 1048576 (custom)
2021-12-05 13:33:39,682 [pool-651-thread-1] INFO  server.RaftServerConfigKeys (ConfUtils.java:logGet(44)) - raft.server.log.statemachine.data.caching.enabled = true (custom)
2021-12-05 13:33:39,682 [pool-651-thread-1] INFO  segmented.SegmentedRaftLogWorker (SegmentedRaftLogWorker.java:lambda$new$0(133)) - f3e36aa8-046c-4f74-b199-ccba3b4265be@group-B448C7088A60-SegmentedRaftLogWorker: flushIndex: setUnconditionally 0 -> -1
2021-12-05 13:33:39,682 [pool-651-thread-1] INFO  segmented.SegmentedRaftLogWorker (SegmentedRaftLogWorker.java:lambda$new$0(133)) - f3e36aa8-046c-4f74-b199-ccba3b4265be@group-B448C7088A60-SegmentedRaftLogWorker: safeCacheEvictIndex: setUnconditionally 0 -> -1
2021-12-05 13:33:39,683 [pool-651-thread-1] INFO  server.RaftServerConfigKeys (ConfUtils.java:logGet(44)) - raft.server.snapshot.auto.trigger.enabled = true (custom)
2021-12-05 13:33:39,683 [pool-651-thread-1] INFO  server.RaftServerConfigKeys (ConfUtils.java:logGet(44)) - raft.server.snapshot.auto.trigger.threshold = 10000 (custom)
2021-12-05 13:33:39,683 [pool-651-thread-1] INFO  server.RaftServerConfigKeys (ConfUtils.java:logGet(44)) - raft.server.snapshot.retention.file.num = 5 (custom)
2021-12-05 13:33:39,683 [pool-651-thread-1] INFO  server.RaftServerConfigKeys (ConfUtils.java:logGet(44)) - raft.server.log.purge.upto.snapshot.index = false (default)
2021-12-05 13:33:39,683 [pool-651-thread-1] INFO  server.RaftServerConfigKeys (ConfUtils.java:logGet(44)) - raft.server.retrycache.expirytime = 600000ms (custom)
2021-12-05 13:33:39,683 [pool-651-thread-1] INFO  server.RaftServerConfigKeys (ConfUtils.java:logGet(44)) - raft.server.retrycache.statistics.expirytime = 100μs (default)
2021-12-05 13:33:39,685 [pool-651-thread-1] INFO  server.RaftServer$Division (RaftServerImpl.java:start(301)) - f3e36aa8-046c-4f74-b199-ccba3b4265be@group-B448C7088A60: start as a follower, conf=-1: [25d36a09-8852-4f89-8d66-da5b3f403cfe|rpc:10.1.0.33:33503|dataStream:|priority:1, f3e36aa8-046c-4f74-b199-ccba3b4265be|rpc:10.1.0.33:39375|dataStream:|priority:0, 878c0ed8-1274-4232-a777-c278fabeb036|rpc:10.1.0.33:46861|dataStream:|priority:0], old=null
2021-12-05 13:33:39,685 [pool-651-thread-1] INFO  server.RaftServer$Division (RaftServerImpl.java:setRole(290)) - f3e36aa8-046c-4f74-b199-ccba3b4265be@group-B448C7088A60: changes role from      null to FOLLOWER at term 0 for startAsFollower
2021-12-05 13:33:39,685 [pool-651-thread-1] INFO  impl.RoleInfo (RoleInfo.java:updateAndGet(130)) - f3e36aa8-046c-4f74-b199-ccba3b4265be: start f3e36aa8-046c-4f74-b199-ccba3b4265be@group-B448C7088A60-FollowerState
2021-12-05 13:33:39,694 [pool-651-thread-1] INFO  util.JmxRegister (JmxRegister.java:tryRegister(44)) - Successfully registered JMX Bean with object name Ratis:service=RaftServer,group=group-B448C7088A60,id=f3e36aa8-046c-4f74-b199-ccba3b4265be
2021-12-05 13:33:39,727 [grpc-default-executor-0] INFO  server.RaftServer (RaftServerProxy.java:addNew(95)) - 878c0ed8-1274-4232-a777-c278fabeb036: addNew group-B448C7088A60:[25d36a09-8852-4f89-8d66-da5b3f403cfe|rpc:10.1.0.33:33503|dataStream:|priority:1, f3e36aa8-046c-4f74-b199-ccba3b4265be|rpc:10.1.0.33:39375|dataStream:|priority:0, 878c0ed8-1274-4232-a777-c278fabeb036|rpc:10.1.0.33:46861|dataStream:|priority:0] returns group-B448C7088A60:java.util.concurrent.CompletableFuture@4c3bc428[Not completed]
2021-12-05 13:33:39,732 [pool-672-thread-1] INFO  server.RaftServer$Division (RaftServerImpl.java:<init>(184)) - 878c0ed8-1274-4232-a777-c278fabeb036: new RaftServerImpl for group-B448C7088A60:[25d36a09-8852-4f89-8d66-da5b3f403cfe|rpc:10.1.0.33:33503|dataStream:|priority:1, f3e36aa8-046c-4f74-b199-ccba3b4265be|rpc:10.1.0.33:39375|dataStream:|priority:0, 878c0ed8-1274-4232-a777-c278fabeb036|rpc:10.1.0.33:46861|dataStream:|priority:0] with ContainerStateMachine:uninitialized
2021-12-05 13:33:39,753 [pool-672-thread-1] INFO  server.RaftServerConfigKeys (ConfUtils.java:logGet(44)) - raft.server.rpc.timeout.min = 5s (custom)
2021-12-05 13:33:39,753 [pool-672-thread-1] INFO  server.RaftServerConfigKeys (ConfUtils.java:logGet(44)) - raft.server.rpc.timeout.max = 5200ms (custom)
2021-12-05 13:33:39,753 [pool-672-thread-1] INFO  server.RaftServerConfigKeys (ConfUtils.java:logGet(44)) - raft.server.rpc.sleep.time = 25ms (default)
2021-12-05 13:33:39,753 [pool-672-thread-1] INFO  server.RaftServerConfigKeys (ConfUtils.java:logGet(44)) - raft.server.rpc.slowness.timeout = 300s (custom)
2021-12-05 13:33:39,753 [pool-672-thread-1] INFO  server.RaftServerConfigKeys (ConfUtils.java:logGet(44)) - raft.server.leaderelection.leader.step-down.wait-time = 10s (default)
2021-12-05 13:33:39,753 [pool-672-thread-1] INFO  server.RaftServerConfigKeys (ConfUtils.java:logGet(44)) - raft.server.sleep.deviation.threshold = 300ms (default)
2021-12-05 13:33:39,754 [pool-672-thread-1] INFO  server.RaftServerConfigKeys (ConfUtils.java:logGet(44)) - raft.server.log.appender.install.snapshot.enabled = false (custom)
2021-12-05 13:33:39,759 [pool-672-thread-1] INFO  server.RaftServer$Division (ServerState.java:<init>(105)) - 878c0ed8-1274-4232-a777-c278fabeb036@group-B448C7088A60: ConfigurationManager, init=-1: [25d36a09-8852-4f89-8d66-da5b3f403cfe|rpc:10.1.0.33:33503|dataStream:|priority:1, f3e36aa8-046c-4f74-b199-ccba3b4265be|rpc:10.1.0.33:39375|dataStream:|priority:0, 878c0ed8-1274-4232-a777-c278fabeb036|rpc:10.1.0.33:46861|dataStream:|priority:0], old=null, confs=<EMPTY_MAP>
2021-12-05 13:33:39,759 [pool-672-thread-1] INFO  server.RaftServerConfigKeys (ConfUtils.java:logGet(44)) - raft.server.storage.dir = [/home/runner/work/ozone/ozone/hadoop-ozone/integration-test/target/test-dir/MiniOzoneClusterImpl-031612c8-f6c3-4842-be35-3c6b0905609d/datanode-2/data/ratis] (custom)
2021-12-05 13:33:39,759 [pool-672-thread-1] INFO  server.RaftServerConfigKeys (ConfUtils.java:logGet(44)) - raft.server.log.corruption.policy = EXCEPTION (default)
2021-12-05 13:33:39,759 [pool-672-thread-1] INFO  server.RaftServerConfigKeys (ConfUtils.java:logGet(44)) - raft.server.storage.free-space.min = 0MB (=0) (default)
2021-12-05 13:33:39,760 [pool-672-thread-1] INFO  storage.RaftStorageDirectory (RaftStorageDirectoryImpl.java:analyzeStorage(135)) - The storage directory /home/runner/work/ozone/ozone/hadoop-ozone/integration-test/target/test-dir/MiniOzoneClusterImpl-031612c8-f6c3-4842-be35-3c6b0905609d/datanode-2/data/ratis/fd7a66f4-902f-4648-8e5a-b448c7088a60 does not exist. Creating ...
2021-12-05 13:33:39,762 [pool-672-thread-1] INFO  storage.RaftStorageDirectory (RaftStorageDirectoryImpl.java:tryLock(230)) - Lock on /home/runner/work/ozone/ozone/hadoop-ozone/integration-test/target/test-dir/MiniOzoneClusterImpl-031612c8-f6c3-4842-be35-3c6b0905609d/datanode-2/data/ratis/fd7a66f4-902f-4648-8e5a-b448c7088a60/in_use.lock acquired by nodename 9128@fv-az148-969
2021-12-05 13:33:39,763 [pool-672-thread-1] INFO  storage.RaftStorage (RaftStorageImpl.java:format(89)) - Storage directory /home/runner/work/ozone/ozone/hadoop-ozone/integration-test/target/test-dir/MiniOzoneClusterImpl-031612c8-f6c3-4842-be35-3c6b0905609d/datanode-2/data/ratis/fd7a66f4-902f-4648-8e5a-b448c7088a60 has been successfully formatted.
2021-12-05 13:33:39,764 [pool-672-thread-1] INFO  ratis.ContainerStateMachine (ContainerStateMachine.java:loadSnapshot(224)) - group-B448C7088A60: The snapshot info is null. Setting the last applied indexto:(t:0, i:~)
2021-12-05 13:33:39,764 [pool-672-thread-1] INFO  server.RaftServerConfigKeys (ConfUtils.java:logGet(44)) - raft.server.notification.no-leader.timeout = 300s (custom)
2021-12-05 13:33:39,764 [pool-672-thread-1] INFO  server.RaftServerConfigKeys (ConfUtils.java:logGet(44)) - raft.server.log.use.memory = false (default)
2021-12-05 13:33:39,764 [pool-672-thread-1] INFO  server.RaftServerConfigKeys (ConfUtils.java:logGet(44)) - raft.server.log.purge.gap = 1000000 (custom)
2021-12-05 13:33:39,764 [pool-672-thread-1] INFO  server.RaftServerConfigKeys (ConfUtils.java:logGet(44)) - raft.server.log.appender.buffer.byte-limit = 33554432 (custom)
2021-12-05 13:33:39,765 [pool-672-thread-1] INFO  server.RaftServerConfigKeys (ConfUtils.java:logGet(44)) - raft.server.log.segment.size.max = 1048576 (custom)
2021-12-05 13:33:39,765 [pool-672-thread-1] INFO  server.RaftServerConfigKeys (ConfUtils.java:logGet(44)) - raft.server.log.segment.cache.num.max = 2 (custom)
2021-12-05 13:33:39,765 [pool-672-thread-1] INFO  server.RaftServerConfigKeys (ConfUtils.java:logGet(44)) - raft.server.log.segment.cache.size.max = 200MB (=209715200) (default)
2021-12-05 13:33:39,765 [pool-672-thread-1] INFO  segmented.SegmentedRaftLogWorker (SegmentedRaftLogWorker.java:<init>(182)) - new 878c0ed8-1274-4232-a777-c278fabeb036@group-B448C7088A60-SegmentedRaftLogWorker for RaftStorageImpl:Storage Directory /home/runner/work/ozone/ozone/hadoop-ozone/integration-test/target/test-dir/MiniOzoneClusterImpl-031612c8-f6c3-4842-be35-3c6b0905609d/datanode-2/data/ratis/fd7a66f4-902f-4648-8e5a-b448c7088a60
2021-12-05 13:33:39,765 [pool-672-thread-1] INFO  server.RaftServerConfigKeys (ConfUtils.java:logGet(44)) - raft.server.log.queue.byte-limit = 2147483647 (custom)
2021-12-05 13:33:39,765 [pool-672-thread-1] INFO  server.RaftServerConfigKeys (ConfUtils.java:logGet(44)) - raft.server.log.queue.element-limit = 1024 (custom)
2021-12-05 13:33:39,765 [pool-672-thread-1] INFO  server.RaftServerConfigKeys (ConfUtils.java:logGet(44)) - raft.server.log.segment.size.max = 1048576 (custom)
2021-12-05 13:33:39,765 [pool-672-thread-1] INFO  server.RaftServerConfigKeys (ConfUtils.java:logGet(44)) - raft.server.log.preallocated.size = 16384 (custom)
2021-12-05 13:33:39,765 [pool-672-thread-1] INFO  server.RaftServerConfigKeys (ConfUtils.java:logGet(44)) - raft.server.log.force.sync.num = 128 (default)
2021-12-05 13:33:39,765 [pool-672-thread-1] INFO  server.RaftServerConfigKeys (ConfUtils.java:logGet(44)) - raft.server.log.statemachine.data.sync = true (default)
2021-12-05 13:33:39,765 [pool-672-thread-1] INFO  server.RaftServerConfigKeys (ConfUtils.java:logGet(44)) - raft.server.log.statemachine.data.sync.timeout = 10s (default)
2021-12-05 13:33:39,765 [pool-672-thread-1] INFO  server.RaftServerConfigKeys (ConfUtils.java:logGet(44)) - raft.server.log.statemachine.data.sync.timeout.retry = -1 (default)
2021-12-05 13:33:39,766 [pool-672-thread-1] INFO  server.RaftServerConfigKeys (ConfUtils.java:logGet(44)) - raft.server.log.write.buffer.size = 1048576 (custom)
2021-12-05 13:33:39,767 [pool-672-thread-1] INFO  server.RaftServerConfigKeys (ConfUtils.java:logGet(44)) - raft.server.log.statemachine.data.caching.enabled = true (custom)
2021-12-05 13:33:39,767 [pool-672-thread-1] INFO  segmented.SegmentedRaftLogWorker (SegmentedRaftLogWorker.java:lambda$new$0(133)) - 878c0ed8-1274-4232-a777-c278fabeb036@group-B448C7088A60-SegmentedRaftLogWorker: flushIndex: setUnconditionally 0 -> -1
2021-12-05 13:33:39,767 [pool-672-thread-1] INFO  segmented.SegmentedRaftLogWorker (SegmentedRaftLogWorker.java:lambda$new$0(133)) - 878c0ed8-1274-4232-a777-c278fabeb036@group-B448C7088A60-SegmentedRaftLogWorker: safeCacheEvictIndex: setUnconditionally 0 -> -1
2021-12-05 13:33:39,770 [pool-672-thread-1] INFO  server.RaftServerConfigKeys (ConfUtils.java:logGet(44)) - raft.server.snapshot.auto.trigger.enabled = true (custom)
2021-12-05 13:33:39,770 [pool-672-thread-1] INFO  server.RaftServerConfigKeys (ConfUtils.java:logGet(44)) - raft.server.snapshot.auto.trigger.threshold = 10000 (custom)
2021-12-05 13:33:39,770 [pool-672-thread-1] INFO  server.RaftServerConfigKeys (ConfUtils.java:logGet(44)) - raft.server.snapshot.retention.file.num = 5 (custom)
2021-12-05 13:33:39,770 [pool-672-thread-1] INFO  server.RaftServerConfigKeys (ConfUtils.java:logGet(44)) - raft.server.log.purge.upto.snapshot.index = false (default)
2021-12-05 13:33:39,770 [pool-672-thread-1] INFO  server.RaftServerConfigKeys (ConfUtils.java:logGet(44)) - raft.server.retrycache.expirytime = 600000ms (custom)
2021-12-05 13:33:39,770 [pool-672-thread-1] INFO  server.RaftServerConfigKeys (ConfUtils.java:logGet(44)) - raft.server.retrycache.statistics.expirytime = 100μs (default)
2021-12-05 13:33:39,771 [pool-672-thread-1] INFO  server.RaftServer$Division (RaftServerImpl.java:start(301)) - 878c0ed8-1274-4232-a777-c278fabeb036@group-B448C7088A60: start as a follower, conf=-1: [25d36a09-8852-4f89-8d66-da5b3f403cfe|rpc:10.1.0.33:33503|dataStream:|priority:1, f3e36aa8-046c-4f74-b199-ccba3b4265be|rpc:10.1.0.33:39375|dataStream:|priority:0, 878c0ed8-1274-4232-a777-c278fabeb036|rpc:10.1.0.33:46861|dataStream:|priority:0], old=null
2021-12-05 13:33:39,771 [pool-672-thread-1] INFO  server.RaftServer$Division (RaftServerImpl.java:setRole(290)) - 878c0ed8-1274-4232-a777-c278fabeb036@group-B448C7088A60: changes role from      null to FOLLOWER at term 0 for startAsFollower
2021-12-05 13:33:39,771 [pool-672-thread-1] INFO  impl.RoleInfo (RoleInfo.java:updateAndGet(130)) - 878c0ed8-1274-4232-a777-c278fabeb036: start 878c0ed8-1274-4232-a777-c278fabeb036@group-B448C7088A60-FollowerState
2021-12-05 13:33:39,772 [pool-672-thread-1] INFO  util.JmxRegister (JmxRegister.java:tryRegister(44)) - Successfully registered JMX Bean with object name Ratis:service=RaftServer,group=group-B448C7088A60,id=878c0ed8-1274-4232-a777-c278fabeb036
2021-12-05 13:33:39,784 [Command processor thread] INFO  commandhandler.CreatePipelineCommandHandler (CreatePipelineCommandHandler.java:handle(106)) - Created Pipeline RATIS THREE PipelineID=fd7a66f4-902f-4648-8e5a-b448c7088a60.
2021-12-05 13:33:39,784 [Command processor thread] INFO  server.RaftServer (RaftServerProxy.java:addNew(95)) - 25d36a09-8852-4f89-8d66-da5b3f403cfe: addNew group-D8EA7151D1BF:[25d36a09-8852-4f89-8d66-da5b3f403cfe|rpc:10.1.0.33:33503|priority:0, f3e36aa8-046c-4f74-b199-ccba3b4265be|rpc:10.1.0.33:39375|priority:0, 878c0ed8-1274-4232-a777-c278fabeb036|rpc:10.1.0.33:46861|priority:1] returns group-D8EA7151D1BF:java.util.concurrent.CompletableFuture@436ab1fd[Not completed]
2021-12-05 13:33:39,787 [pool-630-thread-1] INFO  server.RaftServer$Division (RaftServerImpl.java:<init>(184)) - 25d36a09-8852-4f89-8d66-da5b3f403cfe: new RaftServerImpl for group-D8EA7151D1BF:[25d36a09-8852-4f89-8d66-da5b3f403cfe|rpc:10.1.0.33:33503|priority:0, f3e36aa8-046c-4f74-b199-ccba3b4265be|rpc:10.1.0.33:39375|priority:0, 878c0ed8-1274-4232-a777-c278fabeb036|rpc:10.1.0.33:46861|priority:1] with ContainerStateMachine:uninitialized
2021-12-05 13:33:39,787 [pool-630-thread-1] INFO  server.RaftServerConfigKeys (ConfUtils.java:logGet(44)) - raft.server.rpc.timeout.min = 5s (custom)
2021-12-05 13:33:39,787 [pool-630-thread-1] INFO  server.RaftServerConfigKeys (ConfUtils.java:logGet(44)) - raft.server.rpc.timeout.max = 5200ms (custom)
2021-12-05 13:33:39,787 [pool-630-thread-1] INFO  server.RaftServerConfigKeys (ConfUtils.java:logGet(44)) - raft.server.rpc.sleep.time = 25ms (default)
2021-12-05 13:33:39,787 [pool-630-thread-1] INFO  server.RaftServerConfigKeys (ConfUtils.java:logGet(44)) - raft.server.rpc.slowness.timeout = 300s (custom)
2021-12-05 13:33:39,787 [pool-630-thread-1] INFO  server.RaftServerConfigKeys (ConfUtils.java:logGet(44)) - raft.server.leaderelection.leader.step-down.wait-time = 10s (default)
2021-12-05 13:33:39,787 [pool-630-thread-1] INFO  server.RaftServerConfigKeys (ConfUtils.java:logGet(44)) - raft.server.sleep.deviation.threshold = 300ms (default)
2021-12-05 13:33:39,787 [pool-630-thread-1] INFO  server.RaftServerConfigKeys (ConfUtils.java:logGet(44)) - raft.server.log.appender.install.snapshot.enabled = false (custom)
2021-12-05 13:33:39,787 [pool-630-thread-1] INFO  server.RaftServer$Division (ServerState.java:<init>(105)) - 25d36a09-8852-4f89-8d66-da5b3f403cfe@group-D8EA7151D1BF: ConfigurationManager, init=-1: [25d36a09-8852-4f89-8d66-da5b3f403cfe|rpc:10.1.0.33:33503|priority:0, f3e36aa8-046c-4f74-b199-ccba3b4265be|rpc:10.1.0.33:39375|priority:0, 878c0ed8-1274-4232-a777-c278fabeb036|rpc:10.1.0.33:46861|priority:1], old=null, confs=<EMPTY_MAP>
2021-12-05 13:33:39,787 [pool-630-thread-1] INFO  server.RaftServerConfigKeys (ConfUtils.java:logGet(44)) - raft.server.storage.dir = [/home/runner/work/ozone/ozone/hadoop-ozone/integration-test/target/test-dir/MiniOzoneClusterImpl-031612c8-f6c3-4842-be35-3c6b0905609d/datanode-0/data/ratis] (custom)
2021-12-05 13:33:39,787 [pool-630-thread-1] INFO  server.RaftServerConfigKeys (ConfUtils.java:logGet(44)) - raft.server.log.corruption.policy = EXCEPTION (default)
2021-12-05 13:33:39,787 [pool-630-thread-1] INFO  server.RaftServerConfigKeys (ConfUtils.java:logGet(44)) - raft.server.storage.free-space.min = 0MB (=0) (default)
2021-12-05 13:33:39,787 [pool-630-thread-1] INFO  storage.RaftStorageDirectory (RaftStorageDirectoryImpl.java:analyzeStorage(135)) - The storage directory /home/runner/work/ozone/ozone/hadoop-ozone/integration-test/target/test-dir/MiniOzoneClusterImpl-031612c8-f6c3-4842-be35-3c6b0905609d/datanode-0/data/ratis/03f16a9b-6f9c-4bfd-80ea-d8ea7151d1bf does not exist. Creating ...
2021-12-05 13:33:39,798 [pool-630-thread-1] INFO  storage.RaftStorageDirectory (RaftStorageDirectoryImpl.java:tryLock(230)) - Lock on /home/runner/work/ozone/ozone/hadoop-ozone/integration-test/target/test-dir/MiniOzoneClusterImpl-031612c8-f6c3-4842-be35-3c6b0905609d/datanode-0/data/ratis/03f16a9b-6f9c-4bfd-80ea-d8ea7151d1bf/in_use.lock acquired by nodename 9128@fv-az148-969
2021-12-05 13:33:39,802 [pool-630-thread-1] INFO  storage.RaftStorage (RaftStorageImpl.java:format(89)) - Storage directory /home/runner/work/ozone/ozone/hadoop-ozone/integration-test/target/test-dir/MiniOzoneClusterImpl-031612c8-f6c3-4842-be35-3c6b0905609d/datanode-0/data/ratis/03f16a9b-6f9c-4bfd-80ea-d8ea7151d1bf has been successfully formatted.
2021-12-05 13:33:39,802 [pool-630-thread-1] INFO  ratis.ContainerStateMachine (ContainerStateMachine.java:loadSnapshot(224)) - group-D8EA7151D1BF: The snapshot info is null. Setting the last applied indexto:(t:0, i:~)
2021-12-05 13:33:39,808 [pool-630-thread-1] INFO  server.RaftServerConfigKeys (ConfUtils.java:logGet(44)) - raft.server.notification.no-leader.timeout = 300s (custom)
2021-12-05 13:33:39,808 [pool-630-thread-1] INFO  server.RaftServerConfigKeys (ConfUtils.java:logGet(44)) - raft.server.log.use.memory = false (default)
2021-12-05 13:33:39,808 [pool-630-thread-1] INFO  server.RaftServerConfigKeys (ConfUtils.java:logGet(44)) - raft.server.log.purge.gap = 1000000 (custom)
2021-12-05 13:33:39,809 [pool-630-thread-1] INFO  server.RaftServerConfigKeys (ConfUtils.java:logGet(44)) - raft.server.log.appender.buffer.byte-limit = 33554432 (custom)
2021-12-05 13:33:39,809 [pool-630-thread-1] INFO  server.RaftServerConfigKeys (ConfUtils.java:logGet(44)) - raft.server.log.segment.size.max = 1048576 (custom)
2021-12-05 13:33:39,809 [pool-630-thread-1] INFO  server.RaftServerConfigKeys (ConfUtils.java:logGet(44)) - raft.server.log.segment.cache.num.max = 2 (custom)
2021-12-05 13:33:39,812 [pool-630-thread-1] INFO  server.RaftServerConfigKeys (ConfUtils.java:logGet(44)) - raft.server.log.segment.cache.size.max = 200MB (=209715200) (default)
2021-12-05 13:33:39,812 [pool-630-thread-1] INFO  segmented.SegmentedRaftLogWorker (SegmentedRaftLogWorker.java:<init>(182)) - new 25d36a09-8852-4f89-8d66-da5b3f403cfe@group-D8EA7151D1BF-SegmentedRaftLogWorker for RaftStorageImpl:Storage Directory /home/runner/work/ozone/ozone/hadoop-ozone/integration-test/target/test-dir/MiniOzoneClusterImpl-031612c8-f6c3-4842-be35-3c6b0905609d/datanode-0/data/ratis/03f16a9b-6f9c-4bfd-80ea-d8ea7151d1bf
2021-12-05 13:33:39,808 [EventQueue-OpenPipelineForHealthyPipelineSafeModeRule] INFO  safemode.SCMSafeModeManager (HealthyPipelineSafeModeRule.java:process(124)) - SCM in safe mode. Healthy pipelines reported count is 0, required healthy pipeline reported count is 1
2021-12-05 13:33:39,812 [pool-630-thread-1] INFO  server.RaftServerConfigKeys (ConfUtils.java:logGet(44)) - raft.server.log.queue.byte-limit = 2147483647 (custom)
2021-12-05 13:33:39,812 [pool-630-thread-1] INFO  server.RaftServerConfigKeys (ConfUtils.java:logGet(44)) - raft.server.log.queue.element-limit = 1024 (custom)
2021-12-05 13:33:39,812 [pool-630-thread-1] INFO  server.RaftServerConfigKeys (ConfUtils.java:logGet(44)) - raft.server.log.segment.size.max = 1048576 (custom)
2021-12-05 13:33:39,812 [pool-630-thread-1] INFO  server.RaftServerConfigKeys (ConfUtils.java:logGet(44)) - raft.server.log.preallocated.size = 16384 (custom)
2021-12-05 13:33:39,812 [pool-630-thread-1] INFO  server.RaftServerConfigKeys (ConfUtils.java:logGet(44)) - raft.server.log.force.sync.num = 128 (default)
2021-12-05 13:33:39,813 [pool-630-thread-1] INFO  server.RaftServerConfigKeys (ConfUtils.java:logGet(44)) - raft.server.log.statemachine.data.sync = true (default)
2021-12-05 13:33:39,813 [pool-630-thread-1] INFO  server.RaftServerConfigKeys (ConfUtils.java:logGet(44)) - raft.server.log.statemachine.data.sync.timeout = 10s (default)
2021-12-05 13:33:39,813 [pool-630-thread-1] INFO  server.RaftServerConfigKeys (ConfUtils.java:logGet(44)) - raft.server.log.statemachine.data.sync.timeout.retry = -1 (default)
2021-12-05 13:33:39,813 [pool-630-thread-1] INFO  server.RaftServerConfigKeys (ConfUtils.java:logGet(44)) - raft.server.log.write.buffer.size = 1048576 (custom)
2021-12-05 13:33:39,814 [pool-630-thread-1] INFO  server.RaftServerConfigKeys (ConfUtils.java:logGet(44)) - raft.server.log.statemachine.data.caching.enabled = true (custom)
2021-12-05 13:33:39,814 [pool-630-thread-1] INFO  segmented.SegmentedRaftLogWorker (SegmentedRaftLogWorker.java:lambda$new$0(133)) - 25d36a09-8852-4f89-8d66-da5b3f403cfe@group-D8EA7151D1BF-SegmentedRaftLogWorker: flushIndex: setUnconditionally 0 -> -1
2021-12-05 13:33:39,815 [pool-630-thread-1] INFO  segmented.SegmentedRaftLogWorker (SegmentedRaftLogWorker.java:lambda$new$0(133)) - 25d36a09-8852-4f89-8d66-da5b3f403cfe@group-D8EA7151D1BF-SegmentedRaftLogWorker: safeCacheEvictIndex: setUnconditionally 0 -> -1
2021-12-05 13:33:39,815 [pool-630-thread-1] INFO  server.RaftServerConfigKeys (ConfUtils.java:logGet(44)) - raft.server.snapshot.auto.trigger.enabled = true (custom)
2021-12-05 13:33:39,815 [pool-630-thread-1] INFO  server.RaftServerConfigKeys (ConfUtils.java:logGet(44)) - raft.server.snapshot.auto.trigger.threshold = 10000 (custom)
2021-12-05 13:33:39,815 [pool-630-thread-1] INFO  server.RaftServerConfigKeys (ConfUtils.java:logGet(44)) - raft.server.snapshot.retention.file.num = 5 (custom)
2021-12-05 13:33:39,815 [pool-630-thread-1] INFO  server.RaftServerConfigKeys (ConfUtils.java:logGet(44)) - raft.server.log.purge.upto.snapshot.index = false (default)
2021-12-05 13:33:39,815 [pool-630-thread-1] INFO  server.RaftServerConfigKeys (ConfUtils.java:logGet(44)) - raft.server.retrycache.expirytime = 600000ms (custom)
2021-12-05 13:33:39,815 [pool-630-thread-1] INFO  server.RaftServerConfigKeys (ConfUtils.java:logGet(44)) - raft.server.retrycache.statistics.expirytime = 100μs (default)
2021-12-05 13:33:39,816 [pool-630-thread-1] INFO  server.RaftServer$Division (RaftServerImpl.java:start(301)) - 25d36a09-8852-4f89-8d66-da5b3f403cfe@group-D8EA7151D1BF: start as a follower, conf=-1: [25d36a09-8852-4f89-8d66-da5b3f403cfe|rpc:10.1.0.33:33503|priority:0, f3e36aa8-046c-4f74-b199-ccba3b4265be|rpc:10.1.0.33:39375|priority:0, 878c0ed8-1274-4232-a777-c278fabeb036|rpc:10.1.0.33:46861|priority:1], old=null
2021-12-05 13:33:39,816 [pool-630-thread-1] INFO  server.RaftServer$Division (RaftServerImpl.java:setRole(290)) - 25d36a09-8852-4f89-8d66-da5b3f403cfe@group-D8EA7151D1BF: changes role from      null to FOLLOWER at term 0 for startAsFollower
2021-12-05 13:33:39,816 [pool-630-thread-1] INFO  impl.RoleInfo (RoleInfo.java:updateAndGet(130)) - 25d36a09-8852-4f89-8d66-da5b3f403cfe: start 25d36a09-8852-4f89-8d66-da5b3f403cfe@group-D8EA7151D1BF-FollowerState
2021-12-05 13:33:39,817 [pool-630-thread-1] INFO  util.JmxRegister (JmxRegister.java:tryRegister(44)) - Successfully registered JMX Bean with object name Ratis:service=RaftServer,group=group-D8EA7151D1BF,id=25d36a09-8852-4f89-8d66-da5b3f403cfe
2021-12-05 13:33:39,818 [Command processor thread] INFO  ratis.XceiverServerRatis (XceiverServerRatis.java:addGroup(768)) - Created group PipelineID=03f16a9b-6f9c-4bfd-80ea-d8ea7151d1bf
2021-12-05 13:33:39,843 [grpc-default-executor-0] INFO  server.RaftServer (RaftServerProxy.java:addNew(95)) - 878c0ed8-1274-4232-a777-c278fabeb036: addNew group-D8EA7151D1BF:[25d36a09-8852-4f89-8d66-da5b3f403cfe|rpc:10.1.0.33:33503|dataStream:|priority:0, f3e36aa8-046c-4f74-b199-ccba3b4265be|rpc:10.1.0.33:39375|dataStream:|priority:0, 878c0ed8-1274-4232-a777-c278fabeb036|rpc:10.1.0.33:46861|dataStream:|priority:1] returns group-D8EA7151D1BF:java.util.concurrent.CompletableFuture@f678a44[Not completed]
2021-12-05 13:33:39,845 [pool-672-thread-1] INFO  server.RaftServer$Division (RaftServerImpl.java:<init>(184)) - 878c0ed8-1274-4232-a777-c278fabeb036: new RaftServerImpl for group-D8EA7151D1BF:[25d36a09-8852-4f89-8d66-da5b3f403cfe|rpc:10.1.0.33:33503|dataStream:|priority:0, f3e36aa8-046c-4f74-b199-ccba3b4265be|rpc:10.1.0.33:39375|dataStream:|priority:0, 878c0ed8-1274-4232-a777-c278fabeb036|rpc:10.1.0.33:46861|dataStream:|priority:1] with ContainerStateMachine:uninitialized
2021-12-05 13:33:39,845 [pool-672-thread-1] INFO  server.RaftServerConfigKeys (ConfUtils.java:logGet(44)) - raft.server.rpc.timeout.min = 5s (custom)
2021-12-05 13:33:39,845 [pool-672-thread-1] INFO  server.RaftServerConfigKeys (ConfUtils.java:logGet(44)) - raft.server.rpc.timeout.max = 5200ms (custom)
2021-12-05 13:33:39,845 [pool-672-thread-1] INFO  server.RaftServerConfigKeys (ConfUtils.java:logGet(44)) - raft.server.rpc.sleep.time = 25ms (default)
2021-12-05 13:33:39,845 [pool-672-thread-1] INFO  server.RaftServerConfigKeys (ConfUtils.java:logGet(44)) - raft.server.rpc.slowness.timeout = 300s (custom)
2021-12-05 13:33:39,845 [pool-672-thread-1] INFO  server.RaftServerConfigKeys (ConfUtils.java:logGet(44)) - raft.server.leaderelection.leader.step-down.wait-time = 10s (default)
2021-12-05 13:33:39,845 [pool-672-thread-1] INFO  server.RaftServerConfigKeys (ConfUtils.java:logGet(44)) - raft.server.sleep.deviation.threshold = 300ms (default)
2021-12-05 13:33:39,845 [pool-672-thread-1] INFO  server.RaftServerConfigKeys (ConfUtils.java:logGet(44)) - raft.server.log.appender.install.snapshot.enabled = false (custom)
2021-12-05 13:33:39,846 [pool-672-thread-1] INFO  server.RaftServer$Division (ServerState.java:<init>(105)) - 878c0ed8-1274-4232-a777-c278fabeb036@group-D8EA7151D1BF: ConfigurationManager, init=-1: [25d36a09-8852-4f89-8d66-da5b3f403cfe|rpc:10.1.0.33:33503|dataStream:|priority:0, f3e36aa8-046c-4f74-b199-ccba3b4265be|rpc:10.1.0.33:39375|dataStream:|priority:0, 878c0ed8-1274-4232-a777-c278fabeb036|rpc:10.1.0.33:46861|dataStream:|priority:1], old=null, confs=<EMPTY_MAP>
2021-12-05 13:33:39,846 [pool-672-thread-1] INFO  server.RaftServerConfigKeys (ConfUtils.java:logGet(44)) - raft.server.storage.dir = [/home/runner/work/ozone/ozone/hadoop-ozone/integration-test/target/test-dir/MiniOzoneClusterImpl-031612c8-f6c3-4842-be35-3c6b0905609d/datanode-2/data/ratis] (custom)
2021-12-05 13:33:39,846 [pool-672-thread-1] INFO  server.RaftServerConfigKeys (ConfUtils.java:logGet(44)) - raft.server.log.corruption.policy = EXCEPTION (default)
2021-12-05 13:33:39,846 [pool-672-thread-1] INFO  server.RaftServerConfigKeys (ConfUtils.java:logGet(44)) - raft.server.storage.free-space.min = 0MB (=0) (default)
2021-12-05 13:33:39,846 [pool-672-thread-1] INFO  storage.RaftStorageDirectory (RaftStorageDirectoryImpl.java:analyzeStorage(135)) - The storage directory /home/runner/work/ozone/ozone/hadoop-ozone/integration-test/target/test-dir/MiniOzoneClusterImpl-031612c8-f6c3-4842-be35-3c6b0905609d/datanode-2/data/ratis/03f16a9b-6f9c-4bfd-80ea-d8ea7151d1bf does not exist. Creating ...
2021-12-05 13:33:39,849 [pool-672-thread-1] INFO  storage.RaftStorageDirectory (RaftStorageDirectoryImpl.java:tryLock(230)) - Lock on /home/runner/work/ozone/ozone/hadoop-ozone/integration-test/target/test-dir/MiniOzoneClusterImpl-031612c8-f6c3-4842-be35-3c6b0905609d/datanode-2/data/ratis/03f16a9b-6f9c-4bfd-80ea-d8ea7151d1bf/in_use.lock acquired by nodename 9128@fv-az148-969
2021-12-05 13:33:39,850 [pool-672-thread-1] INFO  storage.RaftStorage (RaftStorageImpl.java:format(89)) - Storage directory /home/runner/work/ozone/ozone/hadoop-ozone/integration-test/target/test-dir/MiniOzoneClusterImpl-031612c8-f6c3-4842-be35-3c6b0905609d/datanode-2/data/ratis/03f16a9b-6f9c-4bfd-80ea-d8ea7151d1bf has been successfully formatted.
2021-12-05 13:33:39,851 [pool-672-thread-1] INFO  ratis.ContainerStateMachine (ContainerStateMachine.java:loadSnapshot(224)) - group-D8EA7151D1BF: The snapshot info is null. Setting the last applied indexto:(t:0, i:~)
2021-12-05 13:33:39,851 [pool-672-thread-1] INFO  server.RaftServerConfigKeys (ConfUtils.java:logGet(44)) - raft.server.notification.no-leader.timeout = 300s (custom)
2021-12-05 13:33:39,851 [pool-672-thread-1] INFO  server.RaftServerConfigKeys (ConfUtils.java:logGet(44)) - raft.server.log.use.memory = false (default)
2021-12-05 13:33:39,851 [pool-672-thread-1] INFO  server.RaftServerConfigKeys (ConfUtils.java:logGet(44)) - raft.server.log.purge.gap = 1000000 (custom)
2021-12-05 13:33:39,851 [pool-672-thread-1] INFO  server.RaftServerConfigKeys (ConfUtils.java:logGet(44)) - raft.server.log.appender.buffer.byte-limit = 33554432 (custom)
2021-12-05 13:33:39,851 [pool-672-thread-1] INFO  server.RaftServerConfigKeys (ConfUtils.java:logGet(44)) - raft.server.log.segment.size.max = 1048576 (custom)
2021-12-05 13:33:39,852 [pool-672-thread-1] INFO  server.RaftServerConfigKeys (ConfUtils.java:logGet(44)) - raft.server.log.segment.cache.num.max = 2 (custom)
2021-12-05 13:33:39,852 [pool-672-thread-1] INFO  server.RaftServerConfigKeys (ConfUtils.java:logGet(44)) - raft.server.log.segment.cache.size.max = 200MB (=209715200) (default)
2021-12-05 13:33:39,852 [pool-672-thread-1] INFO  segmented.SegmentedRaftLogWorker (SegmentedRaftLogWorker.java:<init>(182)) - new 878c0ed8-1274-4232-a777-c278fabeb036@group-D8EA7151D1BF-SegmentedRaftLogWorker for RaftStorageImpl:Storage Directory /home/runner/work/ozone/ozone/hadoop-ozone/integration-test/target/test-dir/MiniOzoneClusterImpl-031612c8-f6c3-4842-be35-3c6b0905609d/datanode-2/data/ratis/03f16a9b-6f9c-4bfd-80ea-d8ea7151d1bf
2021-12-05 13:33:39,852 [pool-672-thread-1] INFO  server.RaftServerConfigKeys (ConfUtils.java:logGet(44)) - raft.server.log.queue.byte-limit = 2147483647 (custom)
2021-12-05 13:33:39,852 [pool-672-thread-1] INFO  server.RaftServerConfigKeys (ConfUtils.java:logGet(44)) - raft.server.log.queue.element-limit = 1024 (custom)
2021-12-05 13:33:39,852 [pool-672-thread-1] INFO  server.RaftServerConfigKeys (ConfUtils.java:logGet(44)) - raft.server.log.segment.size.max = 1048576 (custom)
2021-12-05 13:33:39,852 [pool-672-thread-1] INFO  server.RaftServerConfigKeys (ConfUtils.java:logGet(44)) - raft.server.log.preallocated.size = 16384 (custom)
2021-12-05 13:33:39,852 [pool-672-thread-1] INFO  server.RaftServerConfigKeys (ConfUtils.java:logGet(44)) - raft.server.log.force.sync.num = 128 (default)
2021-12-05 13:33:39,852 [pool-672-thread-1] INFO  server.RaftServerConfigKeys (ConfUtils.java:logGet(44)) - raft.server.log.statemachine.data.sync = true (default)
2021-12-05 13:33:39,852 [pool-672-thread-1] INFO  server.RaftServerConfigKeys (ConfUtils.java:logGet(44)) - raft.server.log.statemachine.data.sync.timeout = 10s (default)
2021-12-05 13:33:39,852 [pool-672-thread-1] INFO  server.RaftServerConfigKeys (ConfUtils.java:logGet(44)) - raft.server.log.statemachine.data.sync.timeout.retry = -1 (default)
2021-12-05 13:33:39,853 [pool-672-thread-1] INFO  server.RaftServerConfigKeys (ConfUtils.java:logGet(44)) - raft.server.log.write.buffer.size = 1048576 (custom)
2021-12-05 13:33:39,856 [pool-672-thread-1] INFO  server.RaftServerConfigKeys (ConfUtils.java:logGet(44)) - raft.server.log.statemachine.data.caching.enabled = true (custom)
2021-12-05 13:33:39,856 [pool-672-thread-1] INFO  segmented.SegmentedRaftLogWorker (SegmentedRaftLogWorker.java:lambda$new$0(133)) - 878c0ed8-1274-4232-a777-c278fabeb036@group-D8EA7151D1BF-SegmentedRaftLogWorker: flushIndex: setUnconditionally 0 -> -1
2021-12-05 13:33:39,856 [pool-672-thread-1] INFO  segmented.SegmentedRaftLogWorker (SegmentedRaftLogWorker.java:lambda$new$0(133)) - 878c0ed8-1274-4232-a777-c278fabeb036@group-D8EA7151D1BF-SegmentedRaftLogWorker: safeCacheEvictIndex: setUnconditionally 0 -> -1
2021-12-05 13:33:39,874 [pool-672-thread-1] INFO  server.RaftServerConfigKeys (ConfUtils.java:logGet(44)) - raft.server.snapshot.auto.trigger.enabled = true (custom)
2021-12-05 13:33:39,874 [pool-672-thread-1] INFO  server.RaftServerConfigKeys (ConfUtils.java:logGet(44)) - raft.server.snapshot.auto.trigger.threshold = 10000 (custom)
2021-12-05 13:33:39,874 [pool-672-thread-1] INFO  server.RaftServerConfigKeys (ConfUtils.java:logGet(44)) - raft.server.snapshot.retention.file.num = 5 (custom)
2021-12-05 13:33:39,874 [pool-672-thread-1] INFO  server.RaftServerConfigKeys (ConfUtils.java:logGet(44)) - raft.server.log.purge.upto.snapshot.index = false (default)
2021-12-05 13:33:39,874 [pool-672-thread-1] INFO  server.RaftServerConfigKeys (ConfUtils.java:logGet(44)) - raft.server.retrycache.expirytime = 600000ms (custom)
2021-12-05 13:33:39,874 [pool-672-thread-1] INFO  server.RaftServerConfigKeys (ConfUtils.java:logGet(44)) - raft.server.retrycache.statistics.expirytime = 100μs (default)
2021-12-05 13:33:39,876 [pool-672-thread-1] INFO  server.RaftServer$Division (RaftServerImpl.java:start(301)) - 878c0ed8-1274-4232-a777-c278fabeb036@group-D8EA7151D1BF: start as a follower, conf=-1: [25d36a09-8852-4f89-8d66-da5b3f403cfe|rpc:10.1.0.33:33503|dataStream:|priority:0, f3e36aa8-046c-4f74-b199-ccba3b4265be|rpc:10.1.0.33:39375|dataStream:|priority:0, 878c0ed8-1274-4232-a777-c278fabeb036|rpc:10.1.0.33:46861|dataStream:|priority:1], old=null
2021-12-05 13:33:39,876 [pool-672-thread-1] INFO  server.RaftServer$Division (RaftServerImpl.java:setRole(290)) - 878c0ed8-1274-4232-a777-c278fabeb036@group-D8EA7151D1BF: changes role from      null to FOLLOWER at term 0 for startAsFollower
2021-12-05 13:33:39,876 [pool-672-thread-1] INFO  impl.RoleInfo (RoleInfo.java:updateAndGet(130)) - 878c0ed8-1274-4232-a777-c278fabeb036: start 878c0ed8-1274-4232-a777-c278fabeb036@group-D8EA7151D1BF-FollowerState
2021-12-05 13:33:39,876 [pool-672-thread-1] INFO  util.JmxRegister (JmxRegister.java:tryRegister(44)) - Successfully registered JMX Bean with object name Ratis:service=RaftServer,group=group-D8EA7151D1BF,id=878c0ed8-1274-4232-a777-c278fabeb036
2021-12-05 13:33:39,886 [Command processor thread] INFO  server.RaftServer (RaftServerProxy.java:addNew(95)) - f3e36aa8-046c-4f74-b199-ccba3b4265be: addNew group-3AB733055E23:[f3e36aa8-046c-4f74-b199-ccba3b4265be|rpc:10.1.0.33:39375|priority:1] returns group-3AB733055E23:java.util.concurrent.CompletableFuture@1165875e[Not completed]
2021-12-05 13:33:39,887 [pool-651-thread-1] INFO  server.RaftServer$Division (RaftServerImpl.java:<init>(184)) - f3e36aa8-046c-4f74-b199-ccba3b4265be: new RaftServerImpl for group-3AB733055E23:[f3e36aa8-046c-4f74-b199-ccba3b4265be|rpc:10.1.0.33:39375|priority:1] with ContainerStateMachine:uninitialized
2021-12-05 13:33:39,887 [pool-651-thread-1] INFO  server.RaftServerConfigKeys (ConfUtils.java:logGet(44)) - raft.server.rpc.timeout.min = 5s (custom)
2021-12-05 13:33:39,887 [pool-651-thread-1] INFO  server.RaftServerConfigKeys (ConfUtils.java:logGet(44)) - raft.server.rpc.timeout.max = 5200ms (custom)
2021-12-05 13:33:39,887 [pool-651-thread-1] INFO  server.RaftServerConfigKeys (ConfUtils.java:logGet(44)) - raft.server.rpc.sleep.time = 25ms (default)
2021-12-05 13:33:39,887 [pool-651-thread-1] INFO  server.RaftServerConfigKeys (ConfUtils.java:logGet(44)) - raft.server.rpc.slowness.timeout = 300s (custom)
2021-12-05 13:33:39,887 [pool-651-thread-1] INFO  server.RaftServerConfigKeys (ConfUtils.java:logGet(44)) - raft.server.leaderelection.leader.step-down.wait-time = 10s (default)
2021-12-05 13:33:39,887 [pool-651-thread-1] INFO  server.RaftServerConfigKeys (ConfUtils.java:logGet(44)) - raft.server.sleep.deviation.threshold = 300ms (default)
2021-12-05 13:33:39,888 [pool-651-thread-1] INFO  server.RaftServerConfigKeys (ConfUtils.java:logGet(44)) - raft.server.log.appender.install.snapshot.enabled = false (custom)
2021-12-05 13:33:39,888 [pool-651-thread-1] INFO  server.RaftServer$Division (ServerState.java:<init>(105)) - f3e36aa8-046c-4f74-b199-ccba3b4265be@group-3AB733055E23: ConfigurationManager, init=-1: [f3e36aa8-046c-4f74-b199-ccba3b4265be|rpc:10.1.0.33:39375|priority:1], old=null, confs=<EMPTY_MAP>
2021-12-05 13:33:39,888 [pool-651-thread-1] INFO  server.RaftServerConfigKeys (ConfUtils.java:logGet(44)) - raft.server.storage.dir = [/home/runner/work/ozone/ozone/hadoop-ozone/integration-test/target/test-dir/MiniOzoneClusterImpl-031612c8-f6c3-4842-be35-3c6b0905609d/datanode-1/data/ratis] (custom)
2021-12-05 13:33:39,888 [pool-651-thread-1] INFO  server.RaftServerConfigKeys (ConfUtils.java:logGet(44)) - raft.server.log.corruption.policy = EXCEPTION (default)
2021-12-05 13:33:39,888 [pool-651-thread-1] INFO  server.RaftServerConfigKeys (ConfUtils.java:logGet(44)) - raft.server.storage.free-space.min = 0MB (=0) (default)
2021-12-05 13:33:39,888 [pool-651-thread-1] INFO  storage.RaftStorageDirectory (RaftStorageDirectoryImpl.java:analyzeStorage(135)) - The storage directory /home/runner/work/ozone/ozone/hadoop-ozone/integration-test/target/test-dir/MiniOzoneClusterImpl-031612c8-f6c3-4842-be35-3c6b0905609d/datanode-1/data/ratis/cd0ce02c-8ad4-4dc4-a848-3ab733055e23 does not exist. Creating ...
2021-12-05 13:33:39,889 [pool-651-thread-1] INFO  storage.RaftStorageDirectory (RaftStorageDirectoryImpl.java:tryLock(230)) - Lock on /home/runner/work/ozone/ozone/hadoop-ozone/integration-test/target/test-dir/MiniOzoneClusterImpl-031612c8-f6c3-4842-be35-3c6b0905609d/datanode-1/data/ratis/cd0ce02c-8ad4-4dc4-a848-3ab733055e23/in_use.lock acquired by nodename 9128@fv-az148-969
2021-12-05 13:33:39,891 [pool-651-thread-1] INFO  storage.RaftStorage (RaftStorageImpl.java:format(89)) - Storage directory /home/runner/work/ozone/ozone/hadoop-ozone/integration-test/target/test-dir/MiniOzoneClusterImpl-031612c8-f6c3-4842-be35-3c6b0905609d/datanode-1/data/ratis/cd0ce02c-8ad4-4dc4-a848-3ab733055e23 has been successfully formatted.
2021-12-05 13:33:39,898 [pool-651-thread-1] INFO  ratis.ContainerStateMachine (ContainerStateMachine.java:loadSnapshot(224)) - group-3AB733055E23: The snapshot info is null. Setting the last applied indexto:(t:0, i:~)
2021-12-05 13:33:39,898 [pool-651-thread-1] INFO  server.RaftServerConfigKeys (ConfUtils.java:logGet(44)) - raft.server.notification.no-leader.timeout = 300s (custom)
2021-12-05 13:33:39,898 [pool-651-thread-1] INFO  server.RaftServerConfigKeys (ConfUtils.java:logGet(44)) - raft.server.log.use.memory = false (default)
2021-12-05 13:33:39,898 [pool-651-thread-1] INFO  server.RaftServerConfigKeys (ConfUtils.java:logGet(44)) - raft.server.log.purge.gap = 1000000 (custom)
2021-12-05 13:33:39,898 [pool-651-thread-1] INFO  server.RaftServerConfigKeys (ConfUtils.java:logGet(44)) - raft.server.log.appender.buffer.byte-limit = 33554432 (custom)
2021-12-05 13:33:39,899 [pool-651-thread-1] INFO  server.RaftServerConfigKeys (ConfUtils.java:logGet(44)) - raft.server.log.segment.size.max = 1048576 (custom)
2021-12-05 13:33:39,899 [pool-651-thread-1] INFO  server.RaftServerConfigKeys (ConfUtils.java:logGet(44)) - raft.server.log.segment.cache.num.max = 2 (custom)
2021-12-05 13:33:39,899 [pool-651-thread-1] INFO  server.RaftServerConfigKeys (ConfUtils.java:logGet(44)) - raft.server.log.segment.cache.size.max = 200MB (=209715200) (default)
2021-12-05 13:33:39,899 [pool-651-thread-1] INFO  segmented.SegmentedRaftLogWorker (SegmentedRaftLogWorker.java:<init>(182)) - new f3e36aa8-046c-4f74-b199-ccba3b4265be@group-3AB733055E23-SegmentedRaftLogWorker for RaftStorageImpl:Storage Directory /home/runner/work/ozone/ozone/hadoop-ozone/integration-test/target/test-dir/MiniOzoneClusterImpl-031612c8-f6c3-4842-be35-3c6b0905609d/datanode-1/data/ratis/cd0ce02c-8ad4-4dc4-a848-3ab733055e23
2021-12-05 13:33:39,899 [pool-651-thread-1] INFO  server.RaftServerConfigKeys (ConfUtils.java:logGet(44)) - raft.server.log.queue.byte-limit = 2147483647 (custom)
2021-12-05 13:33:39,899 [pool-651-thread-1] INFO  server.RaftServerConfigKeys (ConfUtils.java:logGet(44)) - raft.server.log.queue.element-limit = 1024 (custom)
2021-12-05 13:33:39,899 [pool-651-thread-1] INFO  server.RaftServerConfigKeys (ConfUtils.java:logGet(44)) - raft.server.log.segment.size.max = 1048576 (custom)
2021-12-05 13:33:39,899 [pool-651-thread-1] INFO  server.RaftServerConfigKeys (ConfUtils.java:logGet(44)) - raft.server.log.preallocated.size = 16384 (custom)
2021-12-05 13:33:39,899 [pool-651-thread-1] INFO  server.RaftServerConfigKeys (ConfUtils.java:logGet(44)) - raft.server.log.force.sync.num = 128 (default)
2021-12-05 13:33:39,899 [pool-651-thread-1] INFO  server.RaftServerConfigKeys (ConfUtils.java:logGet(44)) - raft.server.log.statemachine.data.sync = true (default)
2021-12-05 13:33:39,899 [pool-651-thread-1] INFO  server.RaftServerConfigKeys (ConfUtils.java:logGet(44)) - raft.server.log.statemachine.data.sync.timeout = 10s (default)
2021-12-05 13:33:39,899 [pool-651-thread-1] INFO  server.RaftServerConfigKeys (ConfUtils.java:logGet(44)) - raft.server.log.statemachine.data.sync.timeout.retry = -1 (default)
2021-12-05 13:33:39,900 [EventQueue-PipelineReportForPipelineReportHandler] INFO  pipeline.PipelineManagerImpl (PipelineManagerImpl.java:openPipeline(289)) - Pipeline Pipeline[ Id: cd0ce02c-8ad4-4dc4-a848-3ab733055e23, Nodes: f3e36aa8-046c-4f74-b199-ccba3b4265be{ip: 10.1.0.33, host: fv-az148-969.bm4ck3pvxvsene1rjriu5fhcdb.bx.internal.cloudapp.net, ports: [REPLICATION=34609, RATIS=39375, RATIS_ADMIN=39375, RATIS_SERVER=39375, STANDALONE=42073], networkLocation: /default-rack, certSerialId: null, persistedOpState: IN_SERVICE, persistedOpStateExpiryEpochSec: 0}, ReplicationConfig: RATIS/ONE, State:ALLOCATED, leaderId:f3e36aa8-046c-4f74-b199-ccba3b4265be, CreationTimestamp2021-12-05T13:33:36.895Z[Etc/UTC]] moved to OPEN state
2021-12-05 13:33:39,901 [EventQueue-OpenPipelineForHealthyPipelineSafeModeRule] INFO  safemode.SCMSafeModeManager (HealthyPipelineSafeModeRule.java:process(124)) - SCM in safe mode. Healthy pipelines reported count is 0, required healthy pipeline reported count is 1
2021-12-05 13:33:39,901 [pool-651-thread-1] INFO  server.RaftServerConfigKeys (ConfUtils.java:logGet(44)) - raft.server.log.write.buffer.size = 1048576 (custom)
2021-12-05 13:33:39,901 [pool-651-thread-1] INFO  server.RaftServerConfigKeys (ConfUtils.java:logGet(44)) - raft.server.log.statemachine.data.caching.enabled = true (custom)
2021-12-05 13:33:39,901 [pool-651-thread-1] INFO  segmented.SegmentedRaftLogWorker (SegmentedRaftLogWorker.java:lambda$new$0(133)) - f3e36aa8-046c-4f74-b199-ccba3b4265be@group-3AB733055E23-SegmentedRaftLogWorker: flushIndex: setUnconditionally 0 -> -1
2021-12-05 13:33:39,902 [pool-651-thread-1] INFO  segmented.SegmentedRaftLogWorker (SegmentedRaftLogWorker.java:lambda$new$0(133)) - f3e36aa8-046c-4f74-b199-ccba3b4265be@group-3AB733055E23-SegmentedRaftLogWorker: safeCacheEvictIndex: setUnconditionally 0 -> -1
2021-12-05 13:33:39,930 [pool-651-thread-1] INFO  server.RaftServerConfigKeys (ConfUtils.java:logGet(44)) - raft.server.snapshot.auto.trigger.enabled = true (custom)
2021-12-05 13:33:39,930 [pool-651-thread-1] INFO  server.RaftServerConfigKeys (ConfUtils.java:logGet(44)) - raft.server.snapshot.auto.trigger.threshold = 10000 (custom)
2021-12-05 13:33:39,930 [pool-651-thread-1] INFO  server.RaftServerConfigKeys (ConfUtils.java:logGet(44)) - raft.server.snapshot.retention.file.num = 5 (custom)
2021-12-05 13:33:39,930 [pool-651-thread-1] INFO  server.RaftServerConfigKeys (ConfUtils.java:logGet(44)) - raft.server.log.purge.upto.snapshot.index = false (default)
2021-12-05 13:33:39,930 [pool-651-thread-1] INFO  server.RaftServerConfigKeys (ConfUtils.java:logGet(44)) - raft.server.retrycache.expirytime = 600000ms (custom)
2021-12-05 13:33:39,930 [pool-651-thread-1] INFO  server.RaftServerConfigKeys (ConfUtils.java:logGet(44)) - raft.server.retrycache.statistics.expirytime = 100μs (default)
2021-12-05 13:33:39,932 [pool-651-thread-1] INFO  server.RaftServer$Division (RaftServerImpl.java:start(301)) - f3e36aa8-046c-4f74-b199-ccba3b4265be@group-3AB733055E23: start as a follower, conf=-1: [f3e36aa8-046c-4f74-b199-ccba3b4265be|rpc:10.1.0.33:39375|priority:1], old=null
2021-12-05 13:33:39,937 [pool-651-thread-1] INFO  server.RaftServer$Division (RaftServerImpl.java:setRole(290)) - f3e36aa8-046c-4f74-b199-ccba3b4265be@group-3AB733055E23: changes role from      null to FOLLOWER at term 0 for startAsFollower
2021-12-05 13:33:39,937 [pool-651-thread-1] INFO  impl.RoleInfo (RoleInfo.java:updateAndGet(130)) - f3e36aa8-046c-4f74-b199-ccba3b4265be: start f3e36aa8-046c-4f74-b199-ccba3b4265be@group-3AB733055E23-FollowerState
2021-12-05 13:33:39,938 [pool-651-thread-1] INFO  util.JmxRegister (JmxRegister.java:tryRegister(44)) - Successfully registered JMX Bean with object name Ratis:service=RaftServer,group=group-3AB733055E23,id=f3e36aa8-046c-4f74-b199-ccba3b4265be
2021-12-05 13:33:39,939 [Command processor thread] INFO  ratis.XceiverServerRatis (XceiverServerRatis.java:addGroup(768)) - Created group PipelineID=cd0ce02c-8ad4-4dc4-a848-3ab733055e23
2021-12-05 13:33:39,939 [Command processor thread] INFO  commandhandler.CreatePipelineCommandHandler (CreatePipelineCommandHandler.java:handle(106)) - Created Pipeline RATIS ONE PipelineID=cd0ce02c-8ad4-4dc4-a848-3ab733055e23.
2021-12-05 13:33:39,939 [Command processor thread] INFO  server.RaftServer (RaftServerProxy.java:addNew(95)) - f3e36aa8-046c-4f74-b199-ccba3b4265be: addNew group-D8EA7151D1BF:[25d36a09-8852-4f89-8d66-da5b3f403cfe|rpc:10.1.0.33:33503|priority:0, f3e36aa8-046c-4f74-b199-ccba3b4265be|rpc:10.1.0.33:39375|priority:0, 878c0ed8-1274-4232-a777-c278fabeb036|rpc:10.1.0.33:46861|priority:1] returns group-D8EA7151D1BF:java.util.concurrent.CompletableFuture@1fa26b02[Not completed]
2021-12-05 13:33:39,940 [pool-651-thread-1] INFO  server.RaftServer$Division (RaftServerImpl.java:<init>(184)) - f3e36aa8-046c-4f74-b199-ccba3b4265be: new RaftServerImpl for group-D8EA7151D1BF:[25d36a09-8852-4f89-8d66-da5b3f403cfe|rpc:10.1.0.33:33503|priority:0, f3e36aa8-046c-4f74-b199-ccba3b4265be|rpc:10.1.0.33:39375|priority:0, 878c0ed8-1274-4232-a777-c278fabeb036|rpc:10.1.0.33:46861|priority:1] with ContainerStateMachine:uninitialized
2021-12-05 13:33:39,940 [pool-651-thread-1] INFO  server.RaftServerConfigKeys (ConfUtils.java:logGet(44)) - raft.server.rpc.timeout.min = 5s (custom)
2021-12-05 13:33:39,940 [pool-651-thread-1] INFO  server.RaftServerConfigKeys (ConfUtils.java:logGet(44)) - raft.server.rpc.timeout.max = 5200ms (custom)
2021-12-05 13:33:39,940 [pool-651-thread-1] INFO  server.RaftServerConfigKeys (ConfUtils.java:logGet(44)) - raft.server.rpc.sleep.time = 25ms (default)
2021-12-05 13:33:39,940 [pool-651-thread-1] INFO  server.RaftServerConfigKeys (ConfUtils.java:logGet(44)) - raft.server.rpc.slowness.timeout = 300s (custom)
2021-12-05 13:33:39,940 [pool-651-thread-1] INFO  server.RaftServerConfigKeys (ConfUtils.java:logGet(44)) - raft.server.leaderelection.leader.step-down.wait-time = 10s (default)
2021-12-05 13:33:39,940 [pool-651-thread-1] INFO  server.RaftServerConfigKeys (ConfUtils.java:logGet(44)) - raft.server.sleep.deviation.threshold = 300ms (default)
2021-12-05 13:33:39,940 [pool-651-thread-1] INFO  server.RaftServerConfigKeys (ConfUtils.java:logGet(44)) - raft.server.log.appender.install.snapshot.enabled = false (custom)
2021-12-05 13:33:39,941 [pool-651-thread-1] INFO  server.RaftServer$Division (ServerState.java:<init>(105)) - f3e36aa8-046c-4f74-b199-ccba3b4265be@group-D8EA7151D1BF: ConfigurationManager, init=-1: [25d36a09-8852-4f89-8d66-da5b3f403cfe|rpc:10.1.0.33:33503|priority:0, f3e36aa8-046c-4f74-b199-ccba3b4265be|rpc:10.1.0.33:39375|priority:0, 878c0ed8-1274-4232-a777-c278fabeb036|rpc:10.1.0.33:46861|priority:1], old=null, confs=<EMPTY_MAP>
2021-12-05 13:33:39,941 [pool-651-thread-1] INFO  server.RaftServerConfigKeys (ConfUtils.java:logGet(44)) - raft.server.storage.dir = [/home/runner/work/ozone/ozone/hadoop-ozone/integration-test/target/test-dir/MiniOzoneClusterImpl-031612c8-f6c3-4842-be35-3c6b0905609d/datanode-1/data/ratis] (custom)
2021-12-05 13:33:39,941 [pool-651-thread-1] INFO  server.RaftServerConfigKeys (ConfUtils.java:logGet(44)) - raft.server.log.corruption.policy = EXCEPTION (default)
2021-12-05 13:33:39,941 [pool-651-thread-1] INFO  server.RaftServerConfigKeys (ConfUtils.java:logGet(44)) - raft.server.storage.free-space.min = 0MB (=0) (default)
2021-12-05 13:33:39,941 [pool-651-thread-1] INFO  storage.RaftStorageDirectory (RaftStorageDirectoryImpl.java:analyzeStorage(135)) - The storage directory /home/runner/work/ozone/ozone/hadoop-ozone/integration-test/target/test-dir/MiniOzoneClusterImpl-031612c8-f6c3-4842-be35-3c6b0905609d/datanode-1/data/ratis/03f16a9b-6f9c-4bfd-80ea-d8ea7151d1bf does not exist. Creating ...
2021-12-05 13:33:39,942 [pool-651-thread-1] INFO  storage.RaftStorageDirectory (RaftStorageDirectoryImpl.java:tryLock(230)) - Lock on /home/runner/work/ozone/ozone/hadoop-ozone/integration-test/target/test-dir/MiniOzoneClusterImpl-031612c8-f6c3-4842-be35-3c6b0905609d/datanode-1/data/ratis/03f16a9b-6f9c-4bfd-80ea-d8ea7151d1bf/in_use.lock acquired by nodename 9128@fv-az148-969
2021-12-05 13:33:39,947 [pool-651-thread-1] INFO  storage.RaftStorage (RaftStorageImpl.java:format(89)) - Storage directory /home/runner/work/ozone/ozone/hadoop-ozone/integration-test/target/test-dir/MiniOzoneClusterImpl-031612c8-f6c3-4842-be35-3c6b0905609d/datanode-1/data/ratis/03f16a9b-6f9c-4bfd-80ea-d8ea7151d1bf has been successfully formatted.
2021-12-05 13:33:39,949 [pool-651-thread-1] INFO  ratis.ContainerStateMachine (ContainerStateMachine.java:loadSnapshot(224)) - group-D8EA7151D1BF: The snapshot info is null. Setting the last applied indexto:(t:0, i:~)
2021-12-05 13:33:39,949 [pool-651-thread-1] INFO  server.RaftServerConfigKeys (ConfUtils.java:logGet(44)) - raft.server.notification.no-leader.timeout = 300s (custom)
2021-12-05 13:33:39,949 [pool-651-thread-1] INFO  server.RaftServerConfigKeys (ConfUtils.java:logGet(44)) - raft.server.log.use.memory = false (default)
2021-12-05 13:33:39,949 [pool-651-thread-1] INFO  server.RaftServerConfigKeys (ConfUtils.java:logGet(44)) - raft.server.log.purge.gap = 1000000 (custom)
2021-12-05 13:33:39,951 [pool-651-thread-1] INFO  server.RaftServerConfigKeys (ConfUtils.java:logGet(44)) - raft.server.log.appender.buffer.byte-limit = 33554432 (custom)
2021-12-05 13:33:39,952 [pool-651-thread-1] INFO  server.RaftServerConfigKeys (ConfUtils.java:logGet(44)) - raft.server.log.segment.size.max = 1048576 (custom)
2021-12-05 13:33:39,956 [pool-651-thread-1] INFO  server.RaftServerConfigKeys (ConfUtils.java:logGet(44)) - raft.server.log.segment.cache.num.max = 2 (custom)
2021-12-05 13:33:39,956 [pool-651-thread-1] INFO  server.RaftServerConfigKeys (ConfUtils.java:logGet(44)) - raft.server.log.segment.cache.size.max = 200MB (=209715200) (default)
2021-12-05 13:33:39,956 [pool-651-thread-1] INFO  segmented.SegmentedRaftLogWorker (SegmentedRaftLogWorker.java:<init>(182)) - new f3e36aa8-046c-4f74-b199-ccba3b4265be@group-D8EA7151D1BF-SegmentedRaftLogWorker for RaftStorageImpl:Storage Directory /home/runner/work/ozone/ozone/hadoop-ozone/integration-test/target/test-dir/MiniOzoneClusterImpl-031612c8-f6c3-4842-be35-3c6b0905609d/datanode-1/data/ratis/03f16a9b-6f9c-4bfd-80ea-d8ea7151d1bf
2021-12-05 13:33:39,956 [pool-651-thread-1] INFO  server.RaftServerConfigKeys (ConfUtils.java:logGet(44)) - raft.server.log.queue.byte-limit = 2147483647 (custom)
2021-12-05 13:33:39,956 [pool-651-thread-1] INFO  server.RaftServerConfigKeys (ConfUtils.java:logGet(44)) - raft.server.log.queue.element-limit = 1024 (custom)
2021-12-05 13:33:39,956 [pool-651-thread-1] INFO  server.RaftServerConfigKeys (ConfUtils.java:logGet(44)) - raft.server.log.segment.size.max = 1048576 (custom)
2021-12-05 13:33:39,956 [pool-651-thread-1] INFO  server.RaftServerConfigKeys (ConfUtils.java:logGet(44)) - raft.server.log.preallocated.size = 16384 (custom)
2021-12-05 13:33:39,956 [pool-651-thread-1] INFO  server.RaftServerConfigKeys (ConfUtils.java:logGet(44)) - raft.server.log.force.sync.num = 128 (default)
2021-12-05 13:33:39,956 [pool-651-thread-1] INFO  server.RaftServerConfigKeys (ConfUtils.java:logGet(44)) - raft.server.log.statemachine.data.sync = true (default)
2021-12-05 13:33:39,956 [pool-651-thread-1] INFO  server.RaftServerConfigKeys (ConfUtils.java:logGet(44)) - raft.server.log.statemachine.data.sync.timeout = 10s (default)
2021-12-05 13:33:39,957 [pool-651-thread-1] INFO  server.RaftServerConfigKeys (ConfUtils.java:logGet(44)) - raft.server.log.statemachine.data.sync.timeout.retry = -1 (default)
2021-12-05 13:33:39,973 [EventQueue-OpenPipelineForHealthyPipelineSafeModeRule] INFO  safemode.SCMSafeModeManager (HealthyPipelineSafeModeRule.java:process(124)) - SCM in safe mode. Healthy pipelines reported count is 0, required healthy pipeline reported count is 1
2021-12-05 13:33:39,974 [pool-651-thread-1] INFO  server.RaftServerConfigKeys (ConfUtils.java:logGet(44)) - raft.server.log.write.buffer.size = 1048576 (custom)
2021-12-05 13:33:39,974 [pool-651-thread-1] INFO  server.RaftServerConfigKeys (ConfUtils.java:logGet(44)) - raft.server.log.statemachine.data.caching.enabled = true (custom)
2021-12-05 13:33:39,974 [pool-651-thread-1] INFO  segmented.SegmentedRaftLogWorker (SegmentedRaftLogWorker.java:lambda$new$0(133)) - f3e36aa8-046c-4f74-b199-ccba3b4265be@group-D8EA7151D1BF-SegmentedRaftLogWorker: flushIndex: setUnconditionally 0 -> -1
2021-12-05 13:33:39,975 [pool-651-thread-1] INFO  segmented.SegmentedRaftLogWorker (SegmentedRaftLogWorker.java:lambda$new$0(133)) - f3e36aa8-046c-4f74-b199-ccba3b4265be@group-D8EA7151D1BF-SegmentedRaftLogWorker: safeCacheEvictIndex: setUnconditionally 0 -> -1
2021-12-05 13:33:39,977 [pool-651-thread-1] INFO  server.RaftServerConfigKeys (ConfUtils.java:logGet(44)) - raft.server.snapshot.auto.trigger.enabled = true (custom)
2021-12-05 13:33:39,977 [pool-651-thread-1] INFO  server.RaftServerConfigKeys (ConfUtils.java:logGet(44)) - raft.server.snapshot.auto.trigger.threshold = 10000 (custom)
2021-12-05 13:33:39,977 [pool-651-thread-1] INFO  server.RaftServerConfigKeys (ConfUtils.java:logGet(44)) - raft.server.snapshot.retention.file.num = 5 (custom)
2021-12-05 13:33:39,977 [pool-651-thread-1] INFO  server.RaftServerConfigKeys (ConfUtils.java:logGet(44)) - raft.server.log.purge.upto.snapshot.index = false (default)
2021-12-05 13:33:39,977 [pool-651-thread-1] INFO  server.RaftServerConfigKeys (ConfUtils.java:logGet(44)) - raft.server.retrycache.expirytime = 600000ms (custom)
2021-12-05 13:33:39,977 [pool-651-thread-1] INFO  server.RaftServerConfigKeys (ConfUtils.java:logGet(44)) - raft.server.retrycache.statistics.expirytime = 100μs (default)
2021-12-05 13:33:40,003 [pool-651-thread-1] INFO  server.RaftServer$Division (RaftServerImpl.java:start(301)) - f3e36aa8-046c-4f74-b199-ccba3b4265be@group-D8EA7151D1BF: start as a follower, conf=-1: [25d36a09-8852-4f89-8d66-da5b3f403cfe|rpc:10.1.0.33:33503|priority:0, f3e36aa8-046c-4f74-b199-ccba3b4265be|rpc:10.1.0.33:39375|priority:0, 878c0ed8-1274-4232-a777-c278fabeb036|rpc:10.1.0.33:46861|priority:1], old=null
2021-12-05 13:33:40,003 [pool-651-thread-1] INFO  server.RaftServer$Division (RaftServerImpl.java:setRole(290)) - f3e36aa8-046c-4f74-b199-ccba3b4265be@group-D8EA7151D1BF: changes role from      null to FOLLOWER at term 0 for startAsFollower
2021-12-05 13:33:40,003 [pool-651-thread-1] INFO  impl.RoleInfo (RoleInfo.java:updateAndGet(130)) - f3e36aa8-046c-4f74-b199-ccba3b4265be: start f3e36aa8-046c-4f74-b199-ccba3b4265be@group-D8EA7151D1BF-FollowerState
2021-12-05 13:33:40,017 [pool-651-thread-1] INFO  util.JmxRegister (JmxRegister.java:tryRegister(44)) - Successfully registered JMX Bean with object name Ratis:service=RaftServer,group=group-D8EA7151D1BF,id=f3e36aa8-046c-4f74-b199-ccba3b4265be
2021-12-05 13:33:40,032 [Command processor thread] INFO  commandhandler.CreatePipelineCommandHandler (CreatePipelineCommandHandler.java:handle(106)) - Created Pipeline RATIS THREE PipelineID=03f16a9b-6f9c-4bfd-80ea-d8ea7151d1bf.
2021-12-05 13:33:40,039 [Command processor thread] INFO  ratis.XceiverServerRatis (XceiverServerRatis.java:addGroup(768)) - Created group PipelineID=03f16a9b-6f9c-4bfd-80ea-d8ea7151d1bf
2021-12-05 13:33:40,133 [Command processor thread] INFO  commandhandler.CreatePipelineCommandHandler (CreatePipelineCommandHandler.java:handle(106)) - Created Pipeline RATIS THREE PipelineID=03f16a9b-6f9c-4bfd-80ea-d8ea7151d1bf.
2021-12-05 13:33:40,138 [Listener at 127.0.0.1/36441] INFO  ozone.MiniOzoneClusterImpl (MiniOzoneClusterImpl.java:lambda$waitForClusterToBeReady$0(235)) - Nodes are ready. Got 3 of 3 DN Heartbeats.
2021-12-05 13:33:40,139 [Listener at 127.0.0.1/36441] INFO  ozone.MiniOzoneClusterImpl (MiniOzoneClusterImpl.java:lambda$waitForClusterToBeReady$0(238)) - Waiting for cluster to exit safe mode
2021-12-05 13:33:40,139 [Listener at 127.0.0.1/36441] INFO  ozone.MiniOzoneClusterImpl (MiniOzoneClusterImpl.java:lambda$waitForClusterToBeReady$0(240)) - SCM became leader
2021-12-05 13:33:40,212 [Command processor thread] INFO  server.RaftServer (RaftServerProxy.java:addNew(95)) - 878c0ed8-1274-4232-a777-c278fabeb036: addNew group-18DB87C8E5B5:[878c0ed8-1274-4232-a777-c278fabeb036|rpc:10.1.0.33:46861|priority:1] returns group-18DB87C8E5B5:java.util.concurrent.CompletableFuture@8957a6b[Not completed]
2021-12-05 13:33:40,213 [pool-672-thread-1] INFO  server.RaftServer$Division (RaftServerImpl.java:<init>(184)) - 878c0ed8-1274-4232-a777-c278fabeb036: new RaftServerImpl for group-18DB87C8E5B5:[878c0ed8-1274-4232-a777-c278fabeb036|rpc:10.1.0.33:46861|priority:1] with ContainerStateMachine:uninitialized
2021-12-05 13:33:40,213 [pool-672-thread-1] INFO  server.RaftServerConfigKeys (ConfUtils.java:logGet(44)) - raft.server.rpc.timeout.min = 5s (custom)
2021-12-05 13:33:40,213 [pool-672-thread-1] INFO  server.RaftServerConfigKeys (ConfUtils.java:logGet(44)) - raft.server.rpc.timeout.max = 5200ms (custom)
2021-12-05 13:33:40,213 [pool-672-thread-1] INFO  server.RaftServerConfigKeys (ConfUtils.java:logGet(44)) - raft.server.rpc.sleep.time = 25ms (default)
2021-12-05 13:33:40,213 [pool-672-thread-1] INFO  server.RaftServerConfigKeys (ConfUtils.java:logGet(44)) - raft.server.rpc.slowness.timeout = 300s (custom)
2021-12-05 13:33:40,213 [pool-672-thread-1] INFO  server.RaftServerConfigKeys (ConfUtils.java:logGet(44)) - raft.server.leaderelection.leader.step-down.wait-time = 10s (default)
2021-12-05 13:33:40,213 [pool-672-thread-1] INFO  server.RaftServerConfigKeys (ConfUtils.java:logGet(44)) - raft.server.sleep.deviation.threshold = 300ms (default)
2021-12-05 13:33:40,213 [pool-672-thread-1] INFO  server.RaftServerConfigKeys (ConfUtils.java:logGet(44)) - raft.server.log.appender.install.snapshot.enabled = false (custom)
2021-12-05 13:33:40,213 [pool-672-thread-1] INFO  server.RaftServer$Division (ServerState.java:<init>(105)) - 878c0ed8-1274-4232-a777-c278fabeb036@group-18DB87C8E5B5: ConfigurationManager, init=-1: [878c0ed8-1274-4232-a777-c278fabeb036|rpc:10.1.0.33:46861|priority:1], old=null, confs=<EMPTY_MAP>
2021-12-05 13:33:40,213 [pool-672-thread-1] INFO  server.RaftServerConfigKeys (ConfUtils.java:logGet(44)) - raft.server.storage.dir = [/home/runner/work/ozone/ozone/hadoop-ozone/integration-test/target/test-dir/MiniOzoneClusterImpl-031612c8-f6c3-4842-be35-3c6b0905609d/datanode-2/data/ratis] (custom)
2021-12-05 13:33:40,213 [pool-672-thread-1] INFO  server.RaftServerConfigKeys (ConfUtils.java:logGet(44)) - raft.server.log.corruption.policy = EXCEPTION (default)
2021-12-05 13:33:40,214 [pool-672-thread-1] INFO  server.RaftServerConfigKeys (ConfUtils.java:logGet(44)) - raft.server.storage.free-space.min = 0MB (=0) (default)
2021-12-05 13:33:40,214 [pool-672-thread-1] INFO  storage.RaftStorageDirectory (RaftStorageDirectoryImpl.java:analyzeStorage(135)) - The storage directory /home/runner/work/ozone/ozone/hadoop-ozone/integration-test/target/test-dir/MiniOzoneClusterImpl-031612c8-f6c3-4842-be35-3c6b0905609d/datanode-2/data/ratis/0cd540c5-8713-41bf-8dca-18db87c8e5b5 does not exist. Creating ...
2021-12-05 13:33:40,216 [pool-672-thread-1] INFO  storage.RaftStorageDirectory (RaftStorageDirectoryImpl.java:tryLock(230)) - Lock on /home/runner/work/ozone/ozone/hadoop-ozone/integration-test/target/test-dir/MiniOzoneClusterImpl-031612c8-f6c3-4842-be35-3c6b0905609d/datanode-2/data/ratis/0cd540c5-8713-41bf-8dca-18db87c8e5b5/in_use.lock acquired by nodename 9128@fv-az148-969
2021-12-05 13:33:40,217 [pool-672-thread-1] INFO  storage.RaftStorage (RaftStorageImpl.java:format(89)) - Storage directory /home/runner/work/ozone/ozone/hadoop-ozone/integration-test/target/test-dir/MiniOzoneClusterImpl-031612c8-f6c3-4842-be35-3c6b0905609d/datanode-2/data/ratis/0cd540c5-8713-41bf-8dca-18db87c8e5b5 has been successfully formatted.
2021-12-05 13:33:40,217 [pool-672-thread-1] INFO  ratis.ContainerStateMachine (ContainerStateMachine.java:loadSnapshot(224)) - group-18DB87C8E5B5: The snapshot info is null. Setting the last applied indexto:(t:0, i:~)
2021-12-05 13:33:40,217 [pool-672-thread-1] INFO  server.RaftServerConfigKeys (ConfUtils.java:logGet(44)) - raft.server.notification.no-leader.timeout = 300s (custom)
2021-12-05 13:33:40,217 [pool-672-thread-1] INFO  server.RaftServerConfigKeys (ConfUtils.java:logGet(44)) - raft.server.log.use.memory = false (default)
2021-12-05 13:33:40,218 [pool-672-thread-1] INFO  server.RaftServerConfigKeys (ConfUtils.java:logGet(44)) - raft.server.log.purge.gap = 1000000 (custom)
2021-12-05 13:33:40,218 [pool-672-thread-1] INFO  server.RaftServerConfigKeys (ConfUtils.java:logGet(44)) - raft.server.log.appender.buffer.byte-limit = 33554432 (custom)
2021-12-05 13:33:40,218 [pool-672-thread-1] INFO  server.RaftServerConfigKeys (ConfUtils.java:logGet(44)) - raft.server.log.segment.size.max = 1048576 (custom)
2021-12-05 13:33:40,219 [pool-672-thread-1] INFO  server.RaftServerConfigKeys (ConfUtils.java:logGet(44)) - raft.server.log.segment.cache.num.max = 2 (custom)
2021-12-05 13:33:40,219 [pool-672-thread-1] INFO  server.RaftServerConfigKeys (ConfUtils.java:logGet(44)) - raft.server.log.segment.cache.size.max = 200MB (=209715200) (default)
2021-12-05 13:33:40,219 [pool-672-thread-1] INFO  segmented.SegmentedRaftLogWorker (SegmentedRaftLogWorker.java:<init>(182)) - new 878c0ed8-1274-4232-a777-c278fabeb036@group-18DB87C8E5B5-SegmentedRaftLogWorker for RaftStorageImpl:Storage Directory /home/runner/work/ozone/ozone/hadoop-ozone/integration-test/target/test-dir/MiniOzoneClusterImpl-031612c8-f6c3-4842-be35-3c6b0905609d/datanode-2/data/ratis/0cd540c5-8713-41bf-8dca-18db87c8e5b5
2021-12-05 13:33:40,219 [pool-672-thread-1] INFO  server.RaftServerConfigKeys (ConfUtils.java:logGet(44)) - raft.server.log.queue.byte-limit = 2147483647 (custom)
2021-12-05 13:33:40,220 [pool-672-thread-1] INFO  server.RaftServerConfigKeys (ConfUtils.java:logGet(44)) - raft.server.log.queue.element-limit = 1024 (custom)
2021-12-05 13:33:40,220 [pool-672-thread-1] INFO  server.RaftServerConfigKeys (ConfUtils.java:logGet(44)) - raft.server.log.segment.size.max = 1048576 (custom)
2021-12-05 13:33:40,220 [pool-672-thread-1] INFO  server.RaftServerConfigKeys (ConfUtils.java:logGet(44)) - raft.server.log.preallocated.size = 16384 (custom)
2021-12-05 13:33:40,220 [pool-672-thread-1] INFO  server.RaftServerConfigKeys (ConfUtils.java:logGet(44)) - raft.server.log.force.sync.num = 128 (default)
2021-12-05 13:33:40,220 [pool-672-thread-1] INFO  server.RaftServerConfigKeys (ConfUtils.java:logGet(44)) - raft.server.log.statemachine.data.sync = true (default)
2021-12-05 13:33:40,220 [pool-672-thread-1] INFO  server.RaftServerConfigKeys (ConfUtils.java:logGet(44)) - raft.server.log.statemachine.data.sync.timeout = 10s (default)
2021-12-05 13:33:40,220 [pool-672-thread-1] INFO  server.RaftServerConfigKeys (ConfUtils.java:logGet(44)) - raft.server.log.statemachine.data.sync.timeout.retry = -1 (default)
2021-12-05 13:33:40,221 [pool-672-thread-1] INFO  server.RaftServerConfigKeys (ConfUtils.java:logGet(44)) - raft.server.log.write.buffer.size = 1048576 (custom)
2021-12-05 13:33:40,222 [pool-672-thread-1] INFO  server.RaftServerConfigKeys (ConfUtils.java:logGet(44)) - raft.server.log.statemachine.data.caching.enabled = true (custom)
2021-12-05 13:33:40,222 [pool-672-thread-1] INFO  segmented.SegmentedRaftLogWorker (SegmentedRaftLogWorker.java:lambda$new$0(133)) - 878c0ed8-1274-4232-a777-c278fabeb036@group-18DB87C8E5B5-SegmentedRaftLogWorker: flushIndex: setUnconditionally 0 -> -1
2021-12-05 13:33:40,222 [EventQueue-PipelineReportForPipelineReportHandler] INFO  pipeline.PipelineManagerImpl (PipelineManagerImpl.java:openPipeline(289)) - Pipeline Pipeline[ Id: 0cd540c5-8713-41bf-8dca-18db87c8e5b5, Nodes: 878c0ed8-1274-4232-a777-c278fabeb036{ip: 10.1.0.33, host: fv-az148-969.bm4ck3pvxvsene1rjriu5fhcdb.bx.internal.cloudapp.net, ports: [REPLICATION=41591, RATIS=46861, RATIS_ADMIN=46861, RATIS_SERVER=46861, STANDALONE=43201], networkLocation: /default-rack, certSerialId: null, persistedOpState: IN_SERVICE, persistedOpStateExpiryEpochSec: 0}, ReplicationConfig: RATIS/ONE, State:ALLOCATED, leaderId:878c0ed8-1274-4232-a777-c278fabeb036, CreationTimestamp2021-12-05T13:33:37.225Z[Etc/UTC]] moved to OPEN state
2021-12-05 13:33:40,223 [EventQueue-OpenPipelineForHealthyPipelineSafeModeRule] INFO  safemode.SCMSafeModeManager (HealthyPipelineSafeModeRule.java:process(124)) - SCM in safe mode. Healthy pipelines reported count is 0, required healthy pipeline reported count is 1
2021-12-05 13:33:40,222 [pool-672-thread-1] INFO  segmented.SegmentedRaftLogWorker (SegmentedRaftLogWorker.java:lambda$new$0(133)) - 878c0ed8-1274-4232-a777-c278fabeb036@group-18DB87C8E5B5-SegmentedRaftLogWorker: safeCacheEvictIndex: setUnconditionally 0 -> -1
2021-12-05 13:33:40,231 [pool-672-thread-1] INFO  server.RaftServerConfigKeys (ConfUtils.java:logGet(44)) - raft.server.snapshot.auto.trigger.enabled = true (custom)
2021-12-05 13:33:40,232 [pool-672-thread-1] INFO  server.RaftServerConfigKeys (ConfUtils.java:logGet(44)) - raft.server.snapshot.auto.trigger.threshold = 10000 (custom)
2021-12-05 13:33:40,232 [pool-672-thread-1] INFO  server.RaftServerConfigKeys (ConfUtils.java:logGet(44)) - raft.server.snapshot.retention.file.num = 5 (custom)
2021-12-05 13:33:40,232 [pool-672-thread-1] INFO  server.RaftServerConfigKeys (ConfUtils.java:logGet(44)) - raft.server.log.purge.upto.snapshot.index = false (default)
2021-12-05 13:33:40,232 [pool-672-thread-1] INFO  server.RaftServerConfigKeys (ConfUtils.java:logGet(44)) - raft.server.retrycache.expirytime = 600000ms (custom)
2021-12-05 13:33:40,232 [pool-672-thread-1] INFO  server.RaftServerConfigKeys (ConfUtils.java:logGet(44)) - raft.server.retrycache.statistics.expirytime = 100μs (default)
2021-12-05 13:33:40,233 [pool-672-thread-1] INFO  server.RaftServer$Division (RaftServerImpl.java:start(301)) - 878c0ed8-1274-4232-a777-c278fabeb036@group-18DB87C8E5B5: start as a follower, conf=-1: [878c0ed8-1274-4232-a777-c278fabeb036|rpc:10.1.0.33:46861|priority:1], old=null
2021-12-05 13:33:40,233 [pool-672-thread-1] INFO  server.RaftServer$Division (RaftServerImpl.java:setRole(290)) - 878c0ed8-1274-4232-a777-c278fabeb036@group-18DB87C8E5B5: changes role from      null to FOLLOWER at term 0 for startAsFollower
2021-12-05 13:33:40,233 [pool-672-thread-1] INFO  impl.RoleInfo (RoleInfo.java:updateAndGet(130)) - 878c0ed8-1274-4232-a777-c278fabeb036: start 878c0ed8-1274-4232-a777-c278fabeb036@group-18DB87C8E5B5-FollowerState
2021-12-05 13:33:40,239 [pool-672-thread-1] INFO  util.JmxRegister (JmxRegister.java:tryRegister(44)) - Successfully registered JMX Bean with object name Ratis:service=RaftServer,group=group-18DB87C8E5B5,id=878c0ed8-1274-4232-a777-c278fabeb036
2021-12-05 13:33:40,240 [Command processor thread] INFO  ratis.XceiverServerRatis (XceiverServerRatis.java:addGroup(768)) - Created group PipelineID=0cd540c5-8713-41bf-8dca-18db87c8e5b5
2021-12-05 13:33:40,240 [Command processor thread] INFO  commandhandler.CreatePipelineCommandHandler (CreatePipelineCommandHandler.java:handle(106)) - Created Pipeline RATIS ONE PipelineID=0cd540c5-8713-41bf-8dca-18db87c8e5b5.
2021-12-05 13:33:41,139 [Listener at 127.0.0.1/36441] INFO  ozone.MiniOzoneClusterImpl (MiniOzoneClusterImpl.java:lambda$waitForClusterToBeReady$0(235)) - Nodes are ready. Got 3 of 3 DN Heartbeats.
2021-12-05 13:33:41,139 [Listener at 127.0.0.1/36441] INFO  ozone.MiniOzoneClusterImpl (MiniOzoneClusterImpl.java:lambda$waitForClusterToBeReady$0(238)) - Waiting for cluster to exit safe mode
2021-12-05 13:33:41,139 [Listener at 127.0.0.1/36441] INFO  ozone.MiniOzoneClusterImpl (MiniOzoneClusterImpl.java:lambda$waitForClusterToBeReady$0(240)) - SCM became leader
2021-12-05 13:33:42,140 [Listener at 127.0.0.1/36441] INFO  ozone.MiniOzoneClusterImpl (MiniOzoneClusterImpl.java:lambda$waitForClusterToBeReady$0(235)) - Nodes are ready. Got 3 of 3 DN Heartbeats.
2021-12-05 13:33:42,140 [Listener at 127.0.0.1/36441] INFO  ozone.MiniOzoneClusterImpl (MiniOzoneClusterImpl.java:lambda$waitForClusterToBeReady$0(238)) - Waiting for cluster to exit safe mode
2021-12-05 13:33:42,140 [Listener at 127.0.0.1/36441] INFO  ozone.MiniOzoneClusterImpl (MiniOzoneClusterImpl.java:lambda$waitForClusterToBeReady$0(240)) - SCM became leader
2021-12-05 13:33:43,140 [Listener at 127.0.0.1/36441] INFO  ozone.MiniOzoneClusterImpl (MiniOzoneClusterImpl.java:lambda$waitForClusterToBeReady$0(235)) - Nodes are ready. Got 3 of 3 DN Heartbeats.
2021-12-05 13:33:43,141 [Listener at 127.0.0.1/36441] INFO  ozone.MiniOzoneClusterImpl (MiniOzoneClusterImpl.java:lambda$waitForClusterToBeReady$0(238)) - Waiting for cluster to exit safe mode
2021-12-05 13:33:43,141 [Listener at 127.0.0.1/36441] INFO  ozone.MiniOzoneClusterImpl (MiniOzoneClusterImpl.java:lambda$waitForClusterToBeReady$0(240)) - SCM became leader
2021-12-05 13:33:44,141 [Listener at 127.0.0.1/36441] INFO  ozone.MiniOzoneClusterImpl (MiniOzoneClusterImpl.java:lambda$waitForClusterToBeReady$0(235)) - Nodes are ready. Got 3 of 3 DN Heartbeats.
2021-12-05 13:33:44,141 [Listener at 127.0.0.1/36441] INFO  ozone.MiniOzoneClusterImpl (MiniOzoneClusterImpl.java:lambda$waitForClusterToBeReady$0(238)) - Waiting for cluster to exit safe mode
2021-12-05 13:33:44,141 [Listener at 127.0.0.1/36441] INFO  ozone.MiniOzoneClusterImpl (MiniOzoneClusterImpl.java:lambda$waitForClusterToBeReady$0(240)) - SCM became leader
2021-12-05 13:33:44,643 [25d36a09-8852-4f89-8d66-da5b3f403cfe@group-B448C7088A60-FollowerState] INFO  impl.FollowerState (FollowerState.java:run(134)) - 25d36a09-8852-4f89-8d66-da5b3f403cfe@group-B448C7088A60-FollowerState: change to CANDIDATE, lastRpcElapsedTime:5093127460ns, electionTimeout:5085ms
2021-12-05 13:33:44,644 [25d36a09-8852-4f89-8d66-da5b3f403cfe@group-B448C7088A60-FollowerState] INFO  impl.RoleInfo (RoleInfo.java:shutdownFollowerState(108)) - 25d36a09-8852-4f89-8d66-da5b3f403cfe: shutdown 25d36a09-8852-4f89-8d66-da5b3f403cfe@group-B448C7088A60-FollowerState
2021-12-05 13:33:44,644 [25d36a09-8852-4f89-8d66-da5b3f403cfe@group-B448C7088A60-FollowerState] INFO  server.RaftServer$Division (RaftServerImpl.java:setRole(290)) - 25d36a09-8852-4f89-8d66-da5b3f403cfe@group-B448C7088A60: changes role from  FOLLOWER to CANDIDATE at term 0 for changeToCandidate
2021-12-05 13:33:44,644 [25d36a09-8852-4f89-8d66-da5b3f403cfe@group-B448C7088A60-FollowerState] INFO  server.RaftServerConfigKeys (ConfUtils.java:logGet(44)) - raft.server.leaderelection.pre-vote = false (custom)
2021-12-05 13:33:44,644 [25d36a09-8852-4f89-8d66-da5b3f403cfe@group-B448C7088A60-FollowerState] INFO  impl.RoleInfo (RoleInfo.java:updateAndGet(130)) - 25d36a09-8852-4f89-8d66-da5b3f403cfe: start 25d36a09-8852-4f89-8d66-da5b3f403cfe@group-B448C7088A60-LeaderElection57
2021-12-05 13:33:44,660 [25d36a09-8852-4f89-8d66-da5b3f403cfe@group-B448C7088A60-LeaderElection57] INFO  impl.LeaderElection (LeaderElection.java:askForVotes(306)) - 25d36a09-8852-4f89-8d66-da5b3f403cfe@group-B448C7088A60-LeaderElection57 ELECTION round 0: submit vote requests at term 1 for -1: [25d36a09-8852-4f89-8d66-da5b3f403cfe|rpc:10.1.0.33:33503|priority:1, f3e36aa8-046c-4f74-b199-ccba3b4265be|rpc:10.1.0.33:39375|priority:0, 878c0ed8-1274-4232-a777-c278fabeb036|rpc:10.1.0.33:46861|priority:0], old=null
2021-12-05 13:33:44,666 [grpc-default-executor-0] INFO  server.RaftServer$Division (RaftServerImpl.java:requestVote(1046)) - f3e36aa8-046c-4f74-b199-ccba3b4265be@group-B448C7088A60: receive requestVote(ELECTION, 25d36a09-8852-4f89-8d66-da5b3f403cfe, group-B448C7088A60, 1, (t:0, i:0))
2021-12-05 13:33:44,666 [grpc-default-executor-0] INFO  impl.VoteContext (VoteContext.java:log(48)) - f3e36aa8-046c-4f74-b199-ccba3b4265be@group-B448C7088A60-FOLLOWER: accept ELECTION from 25d36a09-8852-4f89-8d66-da5b3f403cfe: our priority 0 <= candidate's priority 1
2021-12-05 13:33:44,666 [grpc-default-executor-0] INFO  server.RaftServer$Division (RaftServerImpl.java:setRole(290)) - f3e36aa8-046c-4f74-b199-ccba3b4265be@group-B448C7088A60: changes role from  FOLLOWER to FOLLOWER at term 1 for candidate:25d36a09-8852-4f89-8d66-da5b3f403cfe
2021-12-05 13:33:44,666 [grpc-default-executor-0] INFO  impl.RoleInfo (RoleInfo.java:shutdownFollowerState(108)) - f3e36aa8-046c-4f74-b199-ccba3b4265be: shutdown f3e36aa8-046c-4f74-b199-ccba3b4265be@group-B448C7088A60-FollowerState
2021-12-05 13:33:44,666 [grpc-default-executor-0] INFO  impl.RoleInfo (RoleInfo.java:updateAndGet(130)) - f3e36aa8-046c-4f74-b199-ccba3b4265be: start f3e36aa8-046c-4f74-b199-ccba3b4265be@group-B448C7088A60-FollowerState
2021-12-05 13:33:44,666 [f3e36aa8-046c-4f74-b199-ccba3b4265be@group-B448C7088A60-FollowerState] INFO  impl.FollowerState (FollowerState.java:run(143)) - f3e36aa8-046c-4f74-b199-ccba3b4265be@group-B448C7088A60-FollowerState was interrupted: {}
java.lang.InterruptedException: sleep interrupted
	at java.lang.Thread.sleep(Native Method)
	at java.lang.Thread.sleep(Thread.java:340)
	at java.util.concurrent.TimeUnit.sleep(TimeUnit.java:386)
	at org.apache.ratis.util.TimeDuration.sleep(TimeDuration.java:324)
	at org.apache.ratis.util.TimeDuration.sleep(TimeDuration.java:309)
	at org.apache.ratis.server.impl.FollowerState.run(FollowerState.java:118)
2021-12-05 13:33:44,700 [grpc-default-executor-0] INFO  server.RaftServer$Division (RaftServerImpl.java:requestVote(1078)) - f3e36aa8-046c-4f74-b199-ccba3b4265be@group-B448C7088A60 replies to ELECTION vote request: 25d36a09-8852-4f89-8d66-da5b3f403cfe<-f3e36aa8-046c-4f74-b199-ccba3b4265be#0:OK-t1. Peer's state: f3e36aa8-046c-4f74-b199-ccba3b4265be@group-B448C7088A60:t1, leader=null, voted=25d36a09-8852-4f89-8d66-da5b3f403cfe, raftlog=f3e36aa8-046c-4f74-b199-ccba3b4265be@group-B448C7088A60-SegmentedRaftLog:OPENED:c-1, conf=-1: [25d36a09-8852-4f89-8d66-da5b3f403cfe|rpc:10.1.0.33:33503|dataStream:|priority:1, f3e36aa8-046c-4f74-b199-ccba3b4265be|rpc:10.1.0.33:39375|dataStream:|priority:0, 878c0ed8-1274-4232-a777-c278fabeb036|rpc:10.1.0.33:46861|dataStream:|priority:0], old=null
2021-12-05 13:33:44,701 [25d36a09-8852-4f89-8d66-da5b3f403cfe@group-B448C7088A60-LeaderElection57] INFO  impl.LeaderElection (LeaderElection.java:logAndReturn(89)) - 25d36a09-8852-4f89-8d66-da5b3f403cfe@group-B448C7088A60-LeaderElection57: ELECTION PASSED received 1 response(s) and 0 exception(s):
2021-12-05 13:33:44,701 [25d36a09-8852-4f89-8d66-da5b3f403cfe@group-B448C7088A60-LeaderElection57] INFO  impl.LeaderElection (LeaderElection.java:logAndReturn(93)) -   Response 0: 25d36a09-8852-4f89-8d66-da5b3f403cfe<-f3e36aa8-046c-4f74-b199-ccba3b4265be#0:OK-t1
2021-12-05 13:33:44,701 [25d36a09-8852-4f89-8d66-da5b3f403cfe@group-B448C7088A60-LeaderElection57] INFO  impl.LeaderElection (LeaderElection.java:askForVotes(308)) - 25d36a09-8852-4f89-8d66-da5b3f403cfe@group-B448C7088A60-LeaderElection57 ELECTION round 0: result PASSED
2021-12-05 13:33:44,701 [25d36a09-8852-4f89-8d66-da5b3f403cfe@group-B448C7088A60-LeaderElection57] INFO  impl.RoleInfo (RoleInfo.java:shutdownLeaderElection(121)) - 25d36a09-8852-4f89-8d66-da5b3f403cfe: shutdown 25d36a09-8852-4f89-8d66-da5b3f403cfe@group-B448C7088A60-LeaderElection57
2021-12-05 13:33:44,701 [25d36a09-8852-4f89-8d66-da5b3f403cfe@group-B448C7088A60-LeaderElection57] INFO  server.RaftServer$Division (RaftServerImpl.java:setRole(290)) - 25d36a09-8852-4f89-8d66-da5b3f403cfe@group-B448C7088A60: changes role from CANDIDATE to LEADER at term 1 for changeToLeader
2021-12-05 13:33:44,701 [25d36a09-8852-4f89-8d66-da5b3f403cfe@group-B448C7088A60-LeaderElection57] INFO  ratis.XceiverServerRatis (XceiverServerRatis.java:handleLeaderChangedNotification(866)) - Leader change notification received for group: group-B448C7088A60 with new leaderId: 25d36a09-8852-4f89-8d66-da5b3f403cfe
2021-12-05 13:33:44,701 [25d36a09-8852-4f89-8d66-da5b3f403cfe@group-B448C7088A60-LeaderElection57] INFO  server.RaftServer$Division (ServerState.java:setLeader(285)) - 25d36a09-8852-4f89-8d66-da5b3f403cfe@group-B448C7088A60: change Leader from null to 25d36a09-8852-4f89-8d66-da5b3f403cfe at term 1 for becomeLeader, leader elected after 5161ms
2021-12-05 13:33:44,701 [25d36a09-8852-4f89-8d66-da5b3f403cfe@group-B448C7088A60-LeaderElection57] INFO  server.RaftServerConfigKeys (ConfUtils.java:logGet(44)) - raft.server.staging.catchup.gap = 1000 (default)
2021-12-05 13:33:44,702 [25d36a09-8852-4f89-8d66-da5b3f403cfe@group-B448C7088A60-LeaderElection57] INFO  server.RaftServerConfigKeys (ConfUtils.java:logGet(44)) - raft.server.write.element-limit = 1024 (custom)
2021-12-05 13:33:44,702 [25d36a09-8852-4f89-8d66-da5b3f403cfe@group-B448C7088A60-LeaderElection57] INFO  server.RaftServerConfigKeys (ConfUtils.java:logGet(44)) - raft.server.write.byte-limit = 1024 M (=1073741824) (custom)
2021-12-05 13:33:44,702 [25d36a09-8852-4f89-8d66-da5b3f403cfe@group-B448C7088A60-LeaderElection57] INFO  server.RaftServerConfigKeys (ConfUtils.java:logGet(44)) - raft.server.watch.timeout = 180s (custom)
2021-12-05 13:33:44,702 [25d36a09-8852-4f89-8d66-da5b3f403cfe@group-B448C7088A60-LeaderElection57] INFO  server.RaftServerConfigKeys (ConfUtils.java:logGet(44)) - raft.server.watch.timeout.denomination = 1s (default)
2021-12-05 13:33:44,702 [25d36a09-8852-4f89-8d66-da5b3f403cfe@group-B448C7088A60-LeaderElection57] INFO  server.RaftServerConfigKeys (ConfUtils.java:logGet(44)) - raft.server.watch.element-limit = 65536 (default)
2021-12-05 13:33:44,702 [25d36a09-8852-4f89-8d66-da5b3f403cfe@group-B448C7088A60-LeaderElection57] INFO  server.RaftServerConfigKeys (ConfUtils.java:logGet(44)) - raft.server.write.element-limit = 1024 (custom)
2021-12-05 13:33:44,702 [25d36a09-8852-4f89-8d66-da5b3f403cfe@group-B448C7088A60-LeaderElection57] INFO  server.RaftServerConfigKeys (ConfUtils.java:logGet(44)) - raft.server.write.follower.gap.ratio.max = -1.0 (default)
2021-12-05 13:33:44,702 [25d36a09-8852-4f89-8d66-da5b3f403cfe@group-B448C7088A60-LeaderElection57] INFO  server.RaftServerConfigKeys (ConfUtils.java:logGet(44)) - raft.server.log.appender.snapshot.chunk.size.max = 16MB (=16777216) (default)
2021-12-05 13:33:44,702 [25d36a09-8852-4f89-8d66-da5b3f403cfe@group-B448C7088A60-LeaderElection57] INFO  server.RaftServerConfigKeys (ConfUtils.java:logGet(44)) - raft.server.log.appender.buffer.byte-limit = 33554432 (custom)
2021-12-05 13:33:44,702 [25d36a09-8852-4f89-8d66-da5b3f403cfe@group-B448C7088A60-LeaderElection57] INFO  server.RaftServerConfigKeys (ConfUtils.java:logGet(44)) - raft.server.log.appender.buffer.element-limit = 1 (custom)
2021-12-05 13:33:44,702 [25d36a09-8852-4f89-8d66-da5b3f403cfe@group-B448C7088A60-LeaderElection57] INFO  grpc.GrpcConfigKeys (ConfUtils.java:logGet(44)) - raft.grpc.server.leader.outstanding.appends.max = 128 (default)
2021-12-05 13:33:44,703 [25d36a09-8852-4f89-8d66-da5b3f403cfe@group-B448C7088A60-LeaderElection57] INFO  server.RaftServerConfigKeys (ConfUtils.java:logGet(44)) - raft.server.rpc.request.timeout = 60s (custom)
2021-12-05 13:33:44,703 [25d36a09-8852-4f89-8d66-da5b3f403cfe@group-B448C7088A60-LeaderElection57] INFO  server.RaftServerConfigKeys (ConfUtils.java:logGet(44)) - raft.server.log.appender.install.snapshot.enabled = false (custom)
2021-12-05 13:33:44,704 [EventQueue-PipelineReportForPipelineReportHandler] INFO  pipeline.PipelineManagerImpl (PipelineManagerImpl.java:openPipeline(289)) - Pipeline Pipeline[ Id: fd7a66f4-902f-4648-8e5a-b448c7088a60, Nodes: f3e36aa8-046c-4f74-b199-ccba3b4265be{ip: 10.1.0.33, host: fv-az148-969.bm4ck3pvxvsene1rjriu5fhcdb.bx.internal.cloudapp.net, ports: [REPLICATION=34609, RATIS=39375, RATIS_ADMIN=39375, RATIS_SERVER=39375, STANDALONE=42073], networkLocation: /default-rack, certSerialId: null, persistedOpState: IN_SERVICE, persistedOpStateExpiryEpochSec: 0}25d36a09-8852-4f89-8d66-da5b3f403cfe{ip: 10.1.0.33, host: fv-az148-969.bm4ck3pvxvsene1rjriu5fhcdb.bx.internal.cloudapp.net, ports: [REPLICATION=38021, RATIS=33503, RATIS_ADMIN=33503, RATIS_SERVER=33503, STANDALONE=33695], networkLocation: /default-rack, certSerialId: null, persistedOpState: IN_SERVICE, persistedOpStateExpiryEpochSec: 0}878c0ed8-1274-4232-a777-c278fabeb036{ip: 10.1.0.33, host: fv-az148-969.bm4ck3pvxvsene1rjriu5fhcdb.bx.internal.cloudapp.net, ports: [REPLICATION=41591, RATIS=46861, RATIS_ADMIN=46861, RATIS_SERVER=46861, STANDALONE=43201], networkLocation: /default-rack, certSerialId: null, persistedOpState: IN_SERVICE, persistedOpStateExpiryEpochSec: 0}, ReplicationConfig: RATIS/THREE, State:ALLOCATED, leaderId:25d36a09-8852-4f89-8d66-da5b3f403cfe, CreationTimestamp2021-12-05T13:33:37.225Z[Etc/UTC]] moved to OPEN state
2021-12-05 13:33:44,704 [EventQueue-OpenPipelineForHealthyPipelineSafeModeRule] INFO  safemode.SCMSafeModeManager (HealthyPipelineSafeModeRule.java:process(124)) - SCM in safe mode. Healthy pipelines reported count is 1, required healthy pipeline reported count is 1
2021-12-05 13:33:44,704 [EventQueue-OpenPipelineForHealthyPipelineSafeModeRule] INFO  safemode.SCMSafeModeManager (SCMSafeModeManager.java:validateSafeModeExitRules(204)) - HealthyPipelineSafeModeRule rule is successfully validated
2021-12-05 13:33:44,704 [EventQueue-OpenPipelineForHealthyPipelineSafeModeRule] INFO  safemode.SCMSafeModeManager (SCMSafeModeManager.java:validateSafeModeExitRules(219)) - ScmSafeModeManager, all rules are successfully validated
2021-12-05 13:33:44,704 [EventQueue-OpenPipelineForHealthyPipelineSafeModeRule] INFO  safemode.SCMSafeModeManager (SCMSafeModeManager.java:exitSafeMode(248)) - SCM exiting safe mode.
2021-12-05 13:33:44,705 [EventQueue-OpenPipelineForHealthyPipelineSafeModeRule] WARN  events.EventQueue (EventQueue.java:fireEvent(194)) - No event handler registered for event TypedEvent{payloadType=SafeModeStatus, name='Safe mode status'}
2021-12-05 13:33:44,705 [EventQueue-OpenPipelineForHealthyPipelineSafeModeRule] INFO  ha.SCMContext (SCMContext.java:updateSafeModeStatus(205)) - Update SafeModeStatus from SafeModeStatus{safeModeStatus=true, preCheckPassed=true} to SafeModeStatus{safeModeStatus=false, preCheckPassed=true}.
2021-12-05 13:33:44,705 [EventQueue-OpenPipelineForHealthyPipelineSafeModeRule] INFO  pipeline.BackgroundPipelineCreator (BackgroundPipelineCreator.java:notifyStatusChanged(264)) - Service BackgroundPipelineCreator transitions to RUNNING.
2021-12-05 13:33:44,705 [EventQueue-OpenPipelineForHealthyPipelineSafeModeRule] INFO  container.ReplicationManager (ReplicationManager.java:notifyStatusChanged(1756)) - Service ReplicationManager transitions to RUNNING.
2021-12-05 13:33:44,706 [25d36a09-8852-4f89-8d66-da5b3f403cfe@group-B448C7088A60-LeaderElection57] INFO  server.RaftServerConfigKeys (ConfUtils.java:logGet(44)) - raft.server.log.appender.snapshot.chunk.size.max = 16MB (=16777216) (default)
2021-12-05 13:33:44,706 [25d36a09-8852-4f89-8d66-da5b3f403cfe@group-B448C7088A60-LeaderElection57] INFO  server.RaftServerConfigKeys (ConfUtils.java:logGet(44)) - raft.server.log.appender.buffer.byte-limit = 33554432 (custom)
2021-12-05 13:33:44,706 [25d36a09-8852-4f89-8d66-da5b3f403cfe@group-B448C7088A60-LeaderElection57] INFO  server.RaftServerConfigKeys (ConfUtils.java:logGet(44)) - raft.server.log.appender.buffer.element-limit = 1 (custom)
2021-12-05 13:33:44,706 [25d36a09-8852-4f89-8d66-da5b3f403cfe@group-B448C7088A60-LeaderElection57] INFO  grpc.GrpcConfigKeys (ConfUtils.java:logGet(44)) - raft.grpc.server.leader.outstanding.appends.max = 128 (default)
2021-12-05 13:33:44,707 [25d36a09-8852-4f89-8d66-da5b3f403cfe@group-B448C7088A60-LeaderElection57] INFO  server.RaftServerConfigKeys (ConfUtils.java:logGet(44)) - raft.server.rpc.request.timeout = 60s (custom)
2021-12-05 13:33:44,707 [25d36a09-8852-4f89-8d66-da5b3f403cfe@group-B448C7088A60-LeaderElection57] INFO  server.RaftServerConfigKeys (ConfUtils.java:logGet(44)) - raft.server.log.appender.install.snapshot.enabled = false (custom)
2021-12-05 13:33:44,708 [25d36a09-8852-4f89-8d66-da5b3f403cfe@group-B448C7088A60-LeaderElection57] INFO  impl.RoleInfo (RoleInfo.java:updateAndGet(130)) - 25d36a09-8852-4f89-8d66-da5b3f403cfe: start 25d36a09-8852-4f89-8d66-da5b3f403cfe@group-B448C7088A60-LeaderStateImpl
2021-12-05 13:33:44,708 [25d36a09-8852-4f89-8d66-da5b3f403cfe@group-B448C7088A60-LeaderElection57] INFO  segmented.SegmentedRaftLogWorker (SegmentedRaftLogWorker.java:startLogSegment(394)) - 25d36a09-8852-4f89-8d66-da5b3f403cfe@group-B448C7088A60-SegmentedRaftLogWorker: Starting segment from index:0
2021-12-05 13:33:44,710 [25d36a09-8852-4f89-8d66-da5b3f403cfe@group-B448C7088A60-SegmentedRaftLogWorker] INFO  segmented.SegmentedRaftLogWorker (SegmentedRaftLogWorker.java:execute(601)) - 25d36a09-8852-4f89-8d66-da5b3f403cfe@group-B448C7088A60-SegmentedRaftLogWorker: created new log segment /home/runner/work/ozone/ozone/hadoop-ozone/integration-test/target/test-dir/MiniOzoneClusterImpl-031612c8-f6c3-4842-be35-3c6b0905609d/datanode-0/data/ratis/fd7a66f4-902f-4648-8e5a-b448c7088a60/current/log_inprogress_0
2021-12-05 13:33:44,724 [grpc-default-executor-1] INFO  server.RaftServer$Division (RaftServerImpl.java:requestVote(1046)) - 878c0ed8-1274-4232-a777-c278fabeb036@group-B448C7088A60: receive requestVote(ELECTION, 25d36a09-8852-4f89-8d66-da5b3f403cfe, group-B448C7088A60, 1, (t:0, i:0))
2021-12-05 13:33:44,724 [grpc-default-executor-1] INFO  impl.VoteContext (VoteContext.java:log(48)) - 878c0ed8-1274-4232-a777-c278fabeb036@group-B448C7088A60-FOLLOWER: accept ELECTION from 25d36a09-8852-4f89-8d66-da5b3f403cfe: our priority 0 <= candidate's priority 1
2021-12-05 13:33:44,724 [grpc-default-executor-1] INFO  server.RaftServer$Division (RaftServerImpl.java:setRole(290)) - 878c0ed8-1274-4232-a777-c278fabeb036@group-B448C7088A60: changes role from  FOLLOWER to FOLLOWER at term 1 for candidate:25d36a09-8852-4f89-8d66-da5b3f403cfe
2021-12-05 13:33:44,724 [grpc-default-executor-1] INFO  impl.RoleInfo (RoleInfo.java:shutdownFollowerState(108)) - 878c0ed8-1274-4232-a777-c278fabeb036: shutdown 878c0ed8-1274-4232-a777-c278fabeb036@group-B448C7088A60-FollowerState
2021-12-05 13:33:44,724 [grpc-default-executor-1] INFO  impl.RoleInfo (RoleInfo.java:updateAndGet(130)) - 878c0ed8-1274-4232-a777-c278fabeb036: start 878c0ed8-1274-4232-a777-c278fabeb036@group-B448C7088A60-FollowerState
2021-12-05 13:33:44,725 [878c0ed8-1274-4232-a777-c278fabeb036@group-B448C7088A60-FollowerState] INFO  impl.FollowerState (FollowerState.java:run(143)) - 878c0ed8-1274-4232-a777-c278fabeb036@group-B448C7088A60-FollowerState was interrupted: {}
java.lang.InterruptedException: sleep interrupted
	at java.lang.Thread.sleep(Native Method)
	at java.lang.Thread.sleep(Thread.java:340)
	at java.util.concurrent.TimeUnit.sleep(TimeUnit.java:386)
	at org.apache.ratis.util.TimeDuration.sleep(TimeDuration.java:324)
	at org.apache.ratis.util.TimeDuration.sleep(TimeDuration.java:309)
	at org.apache.ratis.server.impl.FollowerState.run(FollowerState.java:118)
2021-12-05 13:33:44,726 [25d36a09-8852-4f89-8d66-da5b3f403cfe@group-A32A4CAA7377-FollowerState] INFO  impl.FollowerState (FollowerState.java:run(134)) - 25d36a09-8852-4f89-8d66-da5b3f403cfe@group-A32A4CAA7377-FollowerState: change to CANDIDATE, lastRpcElapsedTime:5206469970ns, electionTimeout:5199ms
2021-12-05 13:33:44,730 [grpc-default-executor-1] INFO  server.RaftServer$Division (RaftServerImpl.java:requestVote(1078)) - 878c0ed8-1274-4232-a777-c278fabeb036@group-B448C7088A60 replies to ELECTION vote request: 25d36a09-8852-4f89-8d66-da5b3f403cfe<-878c0ed8-1274-4232-a777-c278fabeb036#0:OK-t1. Peer's state: 878c0ed8-1274-4232-a777-c278fabeb036@group-B448C7088A60:t1, leader=null, voted=25d36a09-8852-4f89-8d66-da5b3f403cfe, raftlog=878c0ed8-1274-4232-a777-c278fabeb036@group-B448C7088A60-SegmentedRaftLog:OPENED:c-1, conf=-1: [25d36a09-8852-4f89-8d66-da5b3f403cfe|rpc:10.1.0.33:33503|dataStream:|priority:1, f3e36aa8-046c-4f74-b199-ccba3b4265be|rpc:10.1.0.33:39375|dataStream:|priority:0, 878c0ed8-1274-4232-a777-c278fabeb036|rpc:10.1.0.33:46861|dataStream:|priority:0], old=null
2021-12-05 13:33:44,736 [25d36a09-8852-4f89-8d66-da5b3f403cfe@group-B448C7088A60-LeaderElection57] INFO  server.RaftServer$Division (ServerState.java:setRaftConf(387)) - 25d36a09-8852-4f89-8d66-da5b3f403cfe@group-B448C7088A60: set configuration 0: [25d36a09-8852-4f89-8d66-da5b3f403cfe|rpc:10.1.0.33:33503|dataStream:|priority:1, f3e36aa8-046c-4f74-b199-ccba3b4265be|rpc:10.1.0.33:39375|dataStream:|priority:0, 878c0ed8-1274-4232-a777-c278fabeb036|rpc:10.1.0.33:46861|dataStream:|priority:0], old=null
2021-12-05 13:33:44,747 [25d36a09-8852-4f89-8d66-da5b3f403cfe@group-A32A4CAA7377-FollowerState] INFO  impl.RoleInfo (RoleInfo.java:shutdownFollowerState(108)) - 25d36a09-8852-4f89-8d66-da5b3f403cfe: shutdown 25d36a09-8852-4f89-8d66-da5b3f403cfe@group-A32A4CAA7377-FollowerState
2021-12-05 13:33:44,747 [25d36a09-8852-4f89-8d66-da5b3f403cfe@group-A32A4CAA7377-FollowerState] INFO  server.RaftServer$Division (RaftServerImpl.java:setRole(290)) - 25d36a09-8852-4f89-8d66-da5b3f403cfe@group-A32A4CAA7377: changes role from  FOLLOWER to CANDIDATE at term 0 for changeToCandidate
2021-12-05 13:33:44,747 [25d36a09-8852-4f89-8d66-da5b3f403cfe@group-A32A4CAA7377-FollowerState] INFO  server.RaftServerConfigKeys (ConfUtils.java:logGet(44)) - raft.server.leaderelection.pre-vote = false (custom)
2021-12-05 13:33:44,747 [25d36a09-8852-4f89-8d66-da5b3f403cfe@group-A32A4CAA7377-FollowerState] INFO  impl.RoleInfo (RoleInfo.java:updateAndGet(130)) - 25d36a09-8852-4f89-8d66-da5b3f403cfe: start 25d36a09-8852-4f89-8d66-da5b3f403cfe@group-A32A4CAA7377-LeaderElection58
2021-12-05 13:33:44,750 [grpc-default-executor-1] INFO  ratis.XceiverServerRatis (XceiverServerRatis.java:handleLeaderChangedNotification(866)) - Leader change notification received for group: group-B448C7088A60 with new leaderId: 25d36a09-8852-4f89-8d66-da5b3f403cfe
2021-12-05 13:33:44,750 [grpc-default-executor-1] INFO  server.RaftServer$Division (ServerState.java:setLeader(285)) - 878c0ed8-1274-4232-a777-c278fabeb036@group-B448C7088A60: change Leader from null to 25d36a09-8852-4f89-8d66-da5b3f403cfe at term 1 for appendEntries, leader elected after 4985ms
2021-12-05 13:33:44,751 [grpc-default-executor-0] INFO  ratis.XceiverServerRatis (XceiverServerRatis.java:handleLeaderChangedNotification(866)) - Leader change notification received for group: group-B448C7088A60 with new leaderId: 25d36a09-8852-4f89-8d66-da5b3f403cfe
2021-12-05 13:33:44,751 [grpc-default-executor-0] INFO  server.RaftServer$Division (ServerState.java:setLeader(285)) - f3e36aa8-046c-4f74-b199-ccba3b4265be@group-B448C7088A60: change Leader from null to 25d36a09-8852-4f89-8d66-da5b3f403cfe at term 1 for appendEntries, leader elected after 5072ms
2021-12-05 13:33:44,772 [grpc-default-executor-0] INFO  server.RaftServer$Division (ServerState.java:setRaftConf(387)) - f3e36aa8-046c-4f74-b199-ccba3b4265be@group-B448C7088A60: set configuration 0: [25d36a09-8852-4f89-8d66-da5b3f403cfe|rpc:10.1.0.33:33503|dataStream:|priority:1, f3e36aa8-046c-4f74-b199-ccba3b4265be|rpc:10.1.0.33:39375|dataStream:|priority:0, 878c0ed8-1274-4232-a777-c278fabeb036|rpc:10.1.0.33:46861|dataStream:|priority:0], old=null
2021-12-05 13:33:44,772 [grpc-default-executor-0] INFO  segmented.SegmentedRaftLogWorker (SegmentedRaftLogWorker.java:startLogSegment(394)) - f3e36aa8-046c-4f74-b199-ccba3b4265be@group-B448C7088A60-SegmentedRaftLogWorker: Starting segment from index:0
2021-12-05 13:33:44,774 [25d36a09-8852-4f89-8d66-da5b3f403cfe@group-A32A4CAA7377-LeaderElection58] INFO  impl.LeaderElection (LeaderElection.java:askForVotes(306)) - 25d36a09-8852-4f89-8d66-da5b3f403cfe@group-A32A4CAA7377-LeaderElection58 ELECTION round 0: submit vote requests at term 1 for -1: [25d36a09-8852-4f89-8d66-da5b3f403cfe|rpc:10.1.0.33:33503|priority:1], old=null
2021-12-05 13:33:44,774 [25d36a09-8852-4f89-8d66-da5b3f403cfe@group-A32A4CAA7377-LeaderElection58] INFO  impl.LeaderElection (LeaderElection.java:askForVotes(308)) - 25d36a09-8852-4f89-8d66-da5b3f403cfe@group-A32A4CAA7377-LeaderElection58 ELECTION round 0: result PASSED (term=1)
2021-12-05 13:33:44,774 [25d36a09-8852-4f89-8d66-da5b3f403cfe@group-A32A4CAA7377-LeaderElection58] INFO  impl.RoleInfo (RoleInfo.java:shutdownLeaderElection(121)) - 25d36a09-8852-4f89-8d66-da5b3f403cfe: shutdown 25d36a09-8852-4f89-8d66-da5b3f403cfe@group-A32A4CAA7377-LeaderElection58
2021-12-05 13:33:44,774 [25d36a09-8852-4f89-8d66-da5b3f403cfe@group-A32A4CAA7377-LeaderElection58] INFO  server.RaftServer$Division (RaftServerImpl.java:setRole(290)) - 25d36a09-8852-4f89-8d66-da5b3f403cfe@group-A32A4CAA7377: changes role from CANDIDATE to LEADER at term 1 for changeToLeader
2021-12-05 13:33:44,774 [f3e36aa8-046c-4f74-b199-ccba3b4265be@group-B448C7088A60-SegmentedRaftLogWorker] INFO  segmented.SegmentedRaftLogWorker (SegmentedRaftLogWorker.java:execute(601)) - f3e36aa8-046c-4f74-b199-ccba3b4265be@group-B448C7088A60-SegmentedRaftLogWorker: created new log segment /home/runner/work/ozone/ozone/hadoop-ozone/integration-test/target/test-dir/MiniOzoneClusterImpl-031612c8-f6c3-4842-be35-3c6b0905609d/datanode-1/data/ratis/fd7a66f4-902f-4648-8e5a-b448c7088a60/current/log_inprogress_0
2021-12-05 13:33:44,774 [25d36a09-8852-4f89-8d66-da5b3f403cfe@group-A32A4CAA7377-LeaderElection58] INFO  ratis.XceiverServerRatis (XceiverServerRatis.java:handleLeaderChangedNotification(866)) - Leader change notification received for group: group-A32A4CAA7377 with new leaderId: 25d36a09-8852-4f89-8d66-da5b3f403cfe
2021-12-05 13:33:44,775 [25d36a09-8852-4f89-8d66-da5b3f403cfe@group-A32A4CAA7377-LeaderElection58] INFO  server.RaftServer$Division (ServerState.java:setLeader(285)) - 25d36a09-8852-4f89-8d66-da5b3f403cfe@group-A32A4CAA7377: change Leader from null to 25d36a09-8852-4f89-8d66-da5b3f403cfe at term 1 for becomeLeader, leader elected after 5279ms
2021-12-05 13:33:44,775 [25d36a09-8852-4f89-8d66-da5b3f403cfe@group-A32A4CAA7377-LeaderElection58] INFO  server.RaftServerConfigKeys (ConfUtils.java:logGet(44)) - raft.server.staging.catchup.gap = 1000 (default)
2021-12-05 13:33:44,775 [25d36a09-8852-4f89-8d66-da5b3f403cfe@group-A32A4CAA7377-LeaderElection58] INFO  server.RaftServerConfigKeys (ConfUtils.java:logGet(44)) - raft.server.write.element-limit = 1024 (custom)
2021-12-05 13:33:44,775 [25d36a09-8852-4f89-8d66-da5b3f403cfe@group-A32A4CAA7377-LeaderElection58] INFO  server.RaftServerConfigKeys (ConfUtils.java:logGet(44)) - raft.server.write.byte-limit = 1024 M (=1073741824) (custom)
2021-12-05 13:33:44,776 [25d36a09-8852-4f89-8d66-da5b3f403cfe@group-A32A4CAA7377-LeaderElection58] INFO  server.RaftServerConfigKeys (ConfUtils.java:logGet(44)) - raft.server.watch.timeout = 180s (custom)
2021-12-05 13:33:44,776 [25d36a09-8852-4f89-8d66-da5b3f403cfe@group-A32A4CAA7377-LeaderElection58] INFO  server.RaftServerConfigKeys (ConfUtils.java:logGet(44)) - raft.server.watch.timeout.denomination = 1s (default)
2021-12-05 13:33:44,776 [25d36a09-8852-4f89-8d66-da5b3f403cfe@group-A32A4CAA7377-LeaderElection58] INFO  server.RaftServerConfigKeys (ConfUtils.java:logGet(44)) - raft.server.watch.element-limit = 65536 (default)
2021-12-05 13:33:44,776 [25d36a09-8852-4f89-8d66-da5b3f403cfe@group-A32A4CAA7377-LeaderElection58] INFO  server.RaftServerConfigKeys (ConfUtils.java:logGet(44)) - raft.server.write.element-limit = 1024 (custom)
2021-12-05 13:33:44,776 [25d36a09-8852-4f89-8d66-da5b3f403cfe@group-A32A4CAA7377-LeaderElection58] INFO  server.RaftServerConfigKeys (ConfUtils.java:logGet(44)) - raft.server.write.follower.gap.ratio.max = -1.0 (default)
2021-12-05 13:33:44,776 [25d36a09-8852-4f89-8d66-da5b3f403cfe@group-A32A4CAA7377-LeaderElection58] INFO  impl.RoleInfo (RoleInfo.java:updateAndGet(130)) - 25d36a09-8852-4f89-8d66-da5b3f403cfe: start 25d36a09-8852-4f89-8d66-da5b3f403cfe@group-A32A4CAA7377-LeaderStateImpl
2021-12-05 13:33:44,776 [25d36a09-8852-4f89-8d66-da5b3f403cfe@group-A32A4CAA7377-LeaderElection58] INFO  segmented.SegmentedRaftLogWorker (SegmentedRaftLogWorker.java:startLogSegment(394)) - 25d36a09-8852-4f89-8d66-da5b3f403cfe@group-A32A4CAA7377-SegmentedRaftLogWorker: Starting segment from index:0
2021-12-05 13:33:44,806 [25d36a09-8852-4f89-8d66-da5b3f403cfe@group-A32A4CAA7377-SegmentedRaftLogWorker] INFO  segmented.SegmentedRaftLogWorker (SegmentedRaftLogWorker.java:execute(601)) - 25d36a09-8852-4f89-8d66-da5b3f403cfe@group-A32A4CAA7377-SegmentedRaftLogWorker: created new log segment /home/runner/work/ozone/ozone/hadoop-ozone/integration-test/target/test-dir/MiniOzoneClusterImpl-031612c8-f6c3-4842-be35-3c6b0905609d/datanode-0/data/ratis/9c0169cd-15f0-4d5e-961a-a32a4caa7377/current/log_inprogress_0
2021-12-05 13:33:44,811 [grpc-default-executor-1] INFO  server.RaftServer$Division (ServerState.java:setRaftConf(387)) - 878c0ed8-1274-4232-a777-c278fabeb036@group-B448C7088A60: set configuration 0: [25d36a09-8852-4f89-8d66-da5b3f403cfe|rpc:10.1.0.33:33503|dataStream:|priority:1, f3e36aa8-046c-4f74-b199-ccba3b4265be|rpc:10.1.0.33:39375|dataStream:|priority:0, 878c0ed8-1274-4232-a777-c278fabeb036|rpc:10.1.0.33:46861|dataStream:|priority:0], old=null
2021-12-05 13:33:44,812 [grpc-default-executor-1] INFO  segmented.SegmentedRaftLogWorker (SegmentedRaftLogWorker.java:startLogSegment(394)) - 878c0ed8-1274-4232-a777-c278fabeb036@group-B448C7088A60-SegmentedRaftLogWorker: Starting segment from index:0
2021-12-05 13:33:44,814 [25d36a09-8852-4f89-8d66-da5b3f403cfe@group-A32A4CAA7377-LeaderElection58] INFO  server.RaftServer$Division (ServerState.java:setRaftConf(387)) - 25d36a09-8852-4f89-8d66-da5b3f403cfe@group-A32A4CAA7377: set configuration 0: [25d36a09-8852-4f89-8d66-da5b3f403cfe|rpc:10.1.0.33:33503|dataStream:|priority:1], old=null
2021-12-05 13:33:44,826 [878c0ed8-1274-4232-a777-c278fabeb036@group-B448C7088A60-SegmentedRaftLogWorker] INFO  segmented.SegmentedRaftLogWorker (SegmentedRaftLogWorker.java:execute(601)) - 878c0ed8-1274-4232-a777-c278fabeb036@group-B448C7088A60-SegmentedRaftLogWorker: created new log segment /home/runner/work/ozone/ozone/hadoop-ozone/integration-test/target/test-dir/MiniOzoneClusterImpl-031612c8-f6c3-4842-be35-3c6b0905609d/datanode-2/data/ratis/fd7a66f4-902f-4648-8e5a-b448c7088a60/current/log_inprogress_0
2021-12-05 13:33:44,848 [25d36a09-8852-4f89-8d66-da5b3f403cfe@group-D8EA7151D1BF-FollowerState] INFO  impl.FollowerState (FollowerState.java:run(134)) - 25d36a09-8852-4f89-8d66-da5b3f403cfe@group-D8EA7151D1BF-FollowerState: change to CANDIDATE, lastRpcElapsedTime:5031642327ns, electionTimeout:5030ms
2021-12-05 13:33:44,848 [25d36a09-8852-4f89-8d66-da5b3f403cfe@group-D8EA7151D1BF-FollowerState] INFO  impl.RoleInfo (RoleInfo.java:shutdownFollowerState(108)) - 25d36a09-8852-4f89-8d66-da5b3f403cfe: shutdown 25d36a09-8852-4f89-8d66-da5b3f403cfe@group-D8EA7151D1BF-FollowerState
2021-12-05 13:33:44,848 [25d36a09-8852-4f89-8d66-da5b3f403cfe@group-D8EA7151D1BF-FollowerState] INFO  server.RaftServer$Division (RaftServerImpl.java:setRole(290)) - 25d36a09-8852-4f89-8d66-da5b3f403cfe@group-D8EA7151D1BF: changes role from  FOLLOWER to CANDIDATE at term 0 for changeToCandidate
2021-12-05 13:33:44,848 [25d36a09-8852-4f89-8d66-da5b3f403cfe@group-D8EA7151D1BF-FollowerState] INFO  server.RaftServerConfigKeys (ConfUtils.java:logGet(44)) - raft.server.leaderelection.pre-vote = false (custom)
2021-12-05 13:33:44,848 [25d36a09-8852-4f89-8d66-da5b3f403cfe@group-D8EA7151D1BF-FollowerState] INFO  impl.RoleInfo (RoleInfo.java:updateAndGet(130)) - 25d36a09-8852-4f89-8d66-da5b3f403cfe: start 25d36a09-8852-4f89-8d66-da5b3f403cfe@group-D8EA7151D1BF-LeaderElection59
2021-12-05 13:33:44,876 [25d36a09-8852-4f89-8d66-da5b3f403cfe@group-D8EA7151D1BF-LeaderElection59] INFO  impl.LeaderElection (LeaderElection.java:askForVotes(306)) - 25d36a09-8852-4f89-8d66-da5b3f403cfe@group-D8EA7151D1BF-LeaderElection59 ELECTION round 0: submit vote requests at term 1 for -1: [25d36a09-8852-4f89-8d66-da5b3f403cfe|rpc:10.1.0.33:33503|priority:0, f3e36aa8-046c-4f74-b199-ccba3b4265be|rpc:10.1.0.33:39375|priority:0, 878c0ed8-1274-4232-a777-c278fabeb036|rpc:10.1.0.33:46861|priority:1], old=null
2021-12-05 13:33:44,878 [grpc-default-executor-1] INFO  server.RaftServer$Division (RaftServerImpl.java:requestVote(1046)) - f3e36aa8-046c-4f74-b199-ccba3b4265be@group-D8EA7151D1BF: receive requestVote(ELECTION, 25d36a09-8852-4f89-8d66-da5b3f403cfe, group-D8EA7151D1BF, 1, (t:0, i:0))
2021-12-05 13:33:44,878 [grpc-default-executor-1] INFO  impl.VoteContext (VoteContext.java:log(48)) - f3e36aa8-046c-4f74-b199-ccba3b4265be@group-D8EA7151D1BF-FOLLOWER: accept ELECTION from 25d36a09-8852-4f89-8d66-da5b3f403cfe: our priority 0 <= candidate's priority 0
2021-12-05 13:33:44,878 [grpc-default-executor-1] INFO  server.RaftServer$Division (RaftServerImpl.java:setRole(290)) - f3e36aa8-046c-4f74-b199-ccba3b4265be@group-D8EA7151D1BF: changes role from  FOLLOWER to FOLLOWER at term 1 for candidate:25d36a09-8852-4f89-8d66-da5b3f403cfe
2021-12-05 13:33:44,878 [grpc-default-executor-1] INFO  impl.RoleInfo (RoleInfo.java:shutdownFollowerState(108)) - f3e36aa8-046c-4f74-b199-ccba3b4265be: shutdown f3e36aa8-046c-4f74-b199-ccba3b4265be@group-D8EA7151D1BF-FollowerState
2021-12-05 13:33:44,879 [grpc-default-executor-1] INFO  impl.RoleInfo (RoleInfo.java:updateAndGet(130)) - f3e36aa8-046c-4f74-b199-ccba3b4265be: start f3e36aa8-046c-4f74-b199-ccba3b4265be@group-D8EA7151D1BF-FollowerState
2021-12-05 13:33:44,879 [f3e36aa8-046c-4f74-b199-ccba3b4265be@group-D8EA7151D1BF-FollowerState] INFO  impl.FollowerState (FollowerState.java:run(143)) - f3e36aa8-046c-4f74-b199-ccba3b4265be@group-D8EA7151D1BF-FollowerState was interrupted: {}
java.lang.InterruptedException: sleep interrupted
	at java.lang.Thread.sleep(Native Method)
	at java.lang.Thread.sleep(Thread.java:340)
	at java.util.concurrent.TimeUnit.sleep(TimeUnit.java:386)
	at org.apache.ratis.util.TimeDuration.sleep(TimeDuration.java:324)
	at org.apache.ratis.util.TimeDuration.sleep(TimeDuration.java:309)
	at org.apache.ratis.server.impl.FollowerState.run(FollowerState.java:118)
2021-12-05 13:33:44,880 [grpc-default-executor-0] INFO  server.RaftServer$Division (RaftServerImpl.java:requestVote(1046)) - 878c0ed8-1274-4232-a777-c278fabeb036@group-D8EA7151D1BF: receive requestVote(ELECTION, 25d36a09-8852-4f89-8d66-da5b3f403cfe, group-D8EA7151D1BF, 1, (t:0, i:0))
2021-12-05 13:33:44,880 [grpc-default-executor-0] INFO  impl.VoteContext (VoteContext.java:log(48)) - 878c0ed8-1274-4232-a777-c278fabeb036@group-D8EA7151D1BF-FOLLOWER: reject ELECTION from 25d36a09-8852-4f89-8d66-da5b3f403cfe: our priority 1 > candidate's priority 0
2021-12-05 13:33:44,880 [grpc-default-executor-0] INFO  server.RaftServer$Division (RaftServerImpl.java:setRole(290)) - 878c0ed8-1274-4232-a777-c278fabeb036@group-D8EA7151D1BF: changes role from  FOLLOWER to FOLLOWER at term 1 for candidate:25d36a09-8852-4f89-8d66-da5b3f403cfe
2021-12-05 13:33:44,880 [grpc-default-executor-0] INFO  impl.RoleInfo (RoleInfo.java:shutdownFollowerState(108)) - 878c0ed8-1274-4232-a777-c278fabeb036: shutdown 878c0ed8-1274-4232-a777-c278fabeb036@group-D8EA7151D1BF-FollowerState
2021-12-05 13:33:44,882 [grpc-default-executor-0] INFO  impl.RoleInfo (RoleInfo.java:updateAndGet(130)) - 878c0ed8-1274-4232-a777-c278fabeb036: start 878c0ed8-1274-4232-a777-c278fabeb036@group-D8EA7151D1BF-FollowerState
2021-12-05 13:33:44,882 [878c0ed8-1274-4232-a777-c278fabeb036@group-D8EA7151D1BF-FollowerState] INFO  impl.FollowerState (FollowerState.java:run(143)) - 878c0ed8-1274-4232-a777-c278fabeb036@group-D8EA7151D1BF-FollowerState was interrupted: {}
java.lang.InterruptedException: sleep interrupted
	at java.lang.Thread.sleep(Native Method)
	at java.lang.Thread.sleep(Thread.java:340)
	at java.util.concurrent.TimeUnit.sleep(TimeUnit.java:386)
	at org.apache.ratis.util.TimeDuration.sleep(TimeDuration.java:324)
	at org.apache.ratis.util.TimeDuration.sleep(TimeDuration.java:309)
	at org.apache.ratis.server.impl.FollowerState.run(FollowerState.java:118)
2021-12-05 13:33:44,884 [grpc-default-executor-1] INFO  server.RaftServer$Division (RaftServerImpl.java:requestVote(1078)) - f3e36aa8-046c-4f74-b199-ccba3b4265be@group-D8EA7151D1BF replies to ELECTION vote request: 25d36a09-8852-4f89-8d66-da5b3f403cfe<-f3e36aa8-046c-4f74-b199-ccba3b4265be#0:OK-t1. Peer's state: f3e36aa8-046c-4f74-b199-ccba3b4265be@group-D8EA7151D1BF:t1, leader=null, voted=25d36a09-8852-4f89-8d66-da5b3f403cfe, raftlog=f3e36aa8-046c-4f74-b199-ccba3b4265be@group-D8EA7151D1BF-SegmentedRaftLog:OPENED:c-1, conf=-1: [25d36a09-8852-4f89-8d66-da5b3f403cfe|rpc:10.1.0.33:33503|priority:0, f3e36aa8-046c-4f74-b199-ccba3b4265be|rpc:10.1.0.33:39375|priority:0, 878c0ed8-1274-4232-a777-c278fabeb036|rpc:10.1.0.33:46861|priority:1], old=null
2021-12-05 13:33:44,906 [grpc-default-executor-0] INFO  server.RaftServer$Division (RaftServerImpl.java:requestVote(1078)) - 878c0ed8-1274-4232-a777-c278fabeb036@group-D8EA7151D1BF replies to ELECTION vote request: 25d36a09-8852-4f89-8d66-da5b3f403cfe<-878c0ed8-1274-4232-a777-c278fabeb036#0:FAIL-t1. Peer's state: 878c0ed8-1274-4232-a777-c278fabeb036@group-D8EA7151D1BF:t1, leader=null, voted=null, raftlog=878c0ed8-1274-4232-a777-c278fabeb036@group-D8EA7151D1BF-SegmentedRaftLog:OPENED:c-1, conf=-1: [25d36a09-8852-4f89-8d66-da5b3f403cfe|rpc:10.1.0.33:33503|dataStream:|priority:0, f3e36aa8-046c-4f74-b199-ccba3b4265be|rpc:10.1.0.33:39375|dataStream:|priority:0, 878c0ed8-1274-4232-a777-c278fabeb036|rpc:10.1.0.33:46861|dataStream:|priority:1], old=null
2021-12-05 13:33:44,907 [25d36a09-8852-4f89-8d66-da5b3f403cfe@group-D8EA7151D1BF-LeaderElection59] INFO  impl.LeaderElection (LeaderElection.java:logAndReturn(89)) - 25d36a09-8852-4f89-8d66-da5b3f403cfe@group-D8EA7151D1BF-LeaderElection59: ELECTION REJECTED received 2 response(s) and 0 exception(s):
2021-12-05 13:33:44,907 [25d36a09-8852-4f89-8d66-da5b3f403cfe@group-D8EA7151D1BF-LeaderElection59] INFO  impl.LeaderElection (LeaderElection.java:logAndReturn(93)) -   Response 0: 25d36a09-8852-4f89-8d66-da5b3f403cfe<-f3e36aa8-046c-4f74-b199-ccba3b4265be#0:OK-t1
2021-12-05 13:33:44,908 [25d36a09-8852-4f89-8d66-da5b3f403cfe@group-D8EA7151D1BF-LeaderElection59] INFO  impl.LeaderElection (LeaderElection.java:logAndReturn(93)) -   Response 1: 25d36a09-8852-4f89-8d66-da5b3f403cfe<-878c0ed8-1274-4232-a777-c278fabeb036#0:FAIL-t1
2021-12-05 13:33:44,908 [25d36a09-8852-4f89-8d66-da5b3f403cfe@group-D8EA7151D1BF-LeaderElection59] INFO  impl.LeaderElection (LeaderElection.java:askForVotes(308)) - 25d36a09-8852-4f89-8d66-da5b3f403cfe@group-D8EA7151D1BF-LeaderElection59 ELECTION round 0: result REJECTED
2021-12-05 13:33:44,908 [25d36a09-8852-4f89-8d66-da5b3f403cfe@group-D8EA7151D1BF-LeaderElection59] INFO  server.RaftServer$Division (RaftServerImpl.java:setRole(290)) - 25d36a09-8852-4f89-8d66-da5b3f403cfe@group-D8EA7151D1BF: changes role from CANDIDATE to FOLLOWER at term 1 for REJECTED
2021-12-05 13:33:44,908 [25d36a09-8852-4f89-8d66-da5b3f403cfe@group-D8EA7151D1BF-LeaderElection59] INFO  impl.RoleInfo (RoleInfo.java:shutdownLeaderElection(121)) - 25d36a09-8852-4f89-8d66-da5b3f403cfe: shutdown 25d36a09-8852-4f89-8d66-da5b3f403cfe@group-D8EA7151D1BF-LeaderElection59
2021-12-05 13:33:44,908 [25d36a09-8852-4f89-8d66-da5b3f403cfe@group-D8EA7151D1BF-LeaderElection59] INFO  impl.RoleInfo (RoleInfo.java:updateAndGet(130)) - 25d36a09-8852-4f89-8d66-da5b3f403cfe: start 25d36a09-8852-4f89-8d66-da5b3f403cfe@group-D8EA7151D1BF-FollowerState
2021-12-05 13:33:45,137 [f3e36aa8-046c-4f74-b199-ccba3b4265be@group-3AB733055E23-FollowerState] INFO  impl.FollowerState (FollowerState.java:run(134)) - f3e36aa8-046c-4f74-b199-ccba3b4265be@group-3AB733055E23-FollowerState: change to CANDIDATE, lastRpcElapsedTime:5199741232ns, electionTimeout:5198ms
2021-12-05 13:33:45,137 [f3e36aa8-046c-4f74-b199-ccba3b4265be@group-3AB733055E23-FollowerState] INFO  impl.RoleInfo (RoleInfo.java:shutdownFollowerState(108)) - f3e36aa8-046c-4f74-b199-ccba3b4265be: shutdown f3e36aa8-046c-4f74-b199-ccba3b4265be@group-3AB733055E23-FollowerState
2021-12-05 13:33:45,137 [f3e36aa8-046c-4f74-b199-ccba3b4265be@group-3AB733055E23-FollowerState] INFO  server.RaftServer$Division (RaftServerImpl.java:setRole(290)) - f3e36aa8-046c-4f74-b199-ccba3b4265be@group-3AB733055E23: changes role from  FOLLOWER to CANDIDATE at term 0 for changeToCandidate
2021-12-05 13:33:45,138 [f3e36aa8-046c-4f74-b199-ccba3b4265be@group-3AB733055E23-FollowerState] INFO  server.RaftServerConfigKeys (ConfUtils.java:logGet(44)) - raft.server.leaderelection.pre-vote = false (custom)
2021-12-05 13:33:45,138 [f3e36aa8-046c-4f74-b199-ccba3b4265be@group-3AB733055E23-FollowerState] INFO  impl.RoleInfo (RoleInfo.java:updateAndGet(130)) - f3e36aa8-046c-4f74-b199-ccba3b4265be: start f3e36aa8-046c-4f74-b199-ccba3b4265be@group-3AB733055E23-LeaderElection60
2021-12-05 13:33:45,142 [Listener at 127.0.0.1/36441] INFO  ozone.MiniOzoneClusterImpl (MiniOzoneClusterImpl.java:lambda$waitForClusterToBeReady$0(235)) - Nodes are ready. Got 3 of 3 DN Heartbeats.
2021-12-05 13:33:45,142 [Listener at 127.0.0.1/36441] INFO  ozone.MiniOzoneClusterImpl (MiniOzoneClusterImpl.java:lambda$waitForClusterToBeReady$0(238)) - Cluster exits safe mode
2021-12-05 13:33:45,142 [Listener at 127.0.0.1/36441] INFO  ozone.MiniOzoneClusterImpl (MiniOzoneClusterImpl.java:lambda$waitForClusterToBeReady$0(240)) - SCM became leader
2021-12-05 13:33:45,199 [Listener at 127.0.0.1/36441] INFO  rpc.RpcClient (RpcClient.java:createVolume(389)) - Creating Volume: volume26321, with user40960 as owner and space quota set to -1 bytes, counts quota set to -1
2021-12-05 13:33:45,213 [IPC Server handler 4 on default port 36441] INFO  volume.OMVolumeCreateRequest (OMVolumeCreateRequest.java:validateAndUpdateCache(195)) - created volume:volume26321 for user:user40960
2021-12-05 13:33:45,215 [f3e36aa8-046c-4f74-b199-ccba3b4265be@group-3AB733055E23-LeaderElection60] INFO  impl.LeaderElection (LeaderElection.java:askForVotes(306)) - f3e36aa8-046c-4f74-b199-ccba3b4265be@group-3AB733055E23-LeaderElection60 ELECTION round 0: submit vote requests at term 1 for -1: [f3e36aa8-046c-4f74-b199-ccba3b4265be|rpc:10.1.0.33:39375|priority:1], old=null
2021-12-05 13:33:45,215 [f3e36aa8-046c-4f74-b199-ccba3b4265be@group-3AB733055E23-LeaderElection60] INFO  impl.LeaderElection (LeaderElection.java:askForVotes(308)) - f3e36aa8-046c-4f74-b199-ccba3b4265be@group-3AB733055E23-LeaderElection60 ELECTION round 0: result PASSED (term=1)
2021-12-05 13:33:45,215 [f3e36aa8-046c-4f74-b199-ccba3b4265be@group-3AB733055E23-LeaderElection60] INFO  impl.RoleInfo (RoleInfo.java:shutdownLeaderElection(121)) - f3e36aa8-046c-4f74-b199-ccba3b4265be: shutdown f3e36aa8-046c-4f74-b199-ccba3b4265be@group-3AB733055E23-LeaderElection60
2021-12-05 13:33:45,215 [f3e36aa8-046c-4f74-b199-ccba3b4265be@group-3AB733055E23-LeaderElection60] INFO  server.RaftServer$Division (RaftServerImpl.java:setRole(290)) - f3e36aa8-046c-4f74-b199-ccba3b4265be@group-3AB733055E23: changes role from CANDIDATE to LEADER at term 1 for changeToLeader
2021-12-05 13:33:45,215 [f3e36aa8-046c-4f74-b199-ccba3b4265be@group-3AB733055E23-LeaderElection60] INFO  ratis.XceiverServerRatis (XceiverServerRatis.java:handleLeaderChangedNotification(866)) - Leader change notification received for group: group-3AB733055E23 with new leaderId: f3e36aa8-046c-4f74-b199-ccba3b4265be
2021-12-05 13:33:45,219 [f3e36aa8-046c-4f74-b199-ccba3b4265be@group-3AB733055E23-LeaderElection60] INFO  server.RaftServer$Division (ServerState.java:setLeader(285)) - f3e36aa8-046c-4f74-b199-ccba3b4265be@group-3AB733055E23: change Leader from null to f3e36aa8-046c-4f74-b199-ccba3b4265be at term 1 for becomeLeader, leader elected after 5316ms
2021-12-05 13:33:45,219 [f3e36aa8-046c-4f74-b199-ccba3b4265be@group-3AB733055E23-LeaderElection60] INFO  server.RaftServerConfigKeys (ConfUtils.java:logGet(44)) - raft.server.staging.catchup.gap = 1000 (default)
2021-12-05 13:33:45,219 [f3e36aa8-046c-4f74-b199-ccba3b4265be@group-3AB733055E23-LeaderElection60] INFO  server.RaftServerConfigKeys (ConfUtils.java:logGet(44)) - raft.server.write.element-limit = 1024 (custom)
2021-12-05 13:33:45,225 [f3e36aa8-046c-4f74-b199-ccba3b4265be@group-3AB733055E23-LeaderElection60] INFO  server.RaftServerConfigKeys (ConfUtils.java:logGet(44)) - raft.server.write.byte-limit = 1024 M (=1073741824) (custom)
2021-12-05 13:33:45,225 [f3e36aa8-046c-4f74-b199-ccba3b4265be@group-3AB733055E23-LeaderElection60] INFO  server.RaftServerConfigKeys (ConfUtils.java:logGet(44)) - raft.server.watch.timeout = 180s (custom)
2021-12-05 13:33:45,225 [f3e36aa8-046c-4f74-b199-ccba3b4265be@group-3AB733055E23-LeaderElection60] INFO  server.RaftServerConfigKeys (ConfUtils.java:logGet(44)) - raft.server.watch.timeout.denomination = 1s (default)
2021-12-05 13:33:45,225 [f3e36aa8-046c-4f74-b199-ccba3b4265be@group-3AB733055E23-LeaderElection60] INFO  server.RaftServerConfigKeys (ConfUtils.java:logGet(44)) - raft.server.watch.element-limit = 65536 (default)
2021-12-05 13:33:45,225 [f3e36aa8-046c-4f74-b199-ccba3b4265be@group-3AB733055E23-LeaderElection60] INFO  server.RaftServerConfigKeys (ConfUtils.java:logGet(44)) - raft.server.write.element-limit = 1024 (custom)
2021-12-05 13:33:45,226 [f3e36aa8-046c-4f74-b199-ccba3b4265be@group-3AB733055E23-LeaderElection60] INFO  server.RaftServerConfigKeys (ConfUtils.java:logGet(44)) - raft.server.write.follower.gap.ratio.max = -1.0 (default)
2021-12-05 13:33:45,226 [f3e36aa8-046c-4f74-b199-ccba3b4265be@group-3AB733055E23-LeaderElection60] INFO  impl.RoleInfo (RoleInfo.java:updateAndGet(130)) - f3e36aa8-046c-4f74-b199-ccba3b4265be: start f3e36aa8-046c-4f74-b199-ccba3b4265be@group-3AB733055E23-LeaderStateImpl
2021-12-05 13:33:45,226 [f3e36aa8-046c-4f74-b199-ccba3b4265be@group-3AB733055E23-LeaderElection60] INFO  segmented.SegmentedRaftLogWorker (SegmentedRaftLogWorker.java:startLogSegment(394)) - f3e36aa8-046c-4f74-b199-ccba3b4265be@group-3AB733055E23-SegmentedRaftLogWorker: Starting segment from index:0
2021-12-05 13:33:45,231 [f3e36aa8-046c-4f74-b199-ccba3b4265be@group-3AB733055E23-SegmentedRaftLogWorker] INFO  segmented.SegmentedRaftLogWorker (SegmentedRaftLogWorker.java:execute(601)) - f3e36aa8-046c-4f74-b199-ccba3b4265be@group-3AB733055E23-SegmentedRaftLogWorker: created new log segment /home/runner/work/ozone/ozone/hadoop-ozone/integration-test/target/test-dir/MiniOzoneClusterImpl-031612c8-f6c3-4842-be35-3c6b0905609d/datanode-1/data/ratis/cd0ce02c-8ad4-4dc4-a848-3ab733055e23/current/log_inprogress_0
2021-12-05 13:33:45,251 [f3e36aa8-046c-4f74-b199-ccba3b4265be@group-3AB733055E23-LeaderElection60] INFO  server.RaftServer$Division (ServerState.java:setRaftConf(387)) - f3e36aa8-046c-4f74-b199-ccba3b4265be@group-3AB733055E23: set configuration 0: [f3e36aa8-046c-4f74-b199-ccba3b4265be|rpc:10.1.0.33:39375|dataStream:|priority:1], old=null
2021-12-05 13:33:45,262 [Listener at 127.0.0.1/36441] INFO  rpc.RpcClient (RpcClient.java:createBucket(549)) - Creating Bucket: volume26321/bucket33616, with Versioning false and Storage Type set to DISK and Encryption set to false 
]]></system-out>
    <system-err><![CDATA[Exception in thread "Trash Emptier" java.lang.UnsupportedOperationException: fs.getUri() not implemented in TrashOzoneFileSystem
	at org.apache.hadoop.ozone.om.TrashOzoneFileSystem.getUri(TrashOzoneFileSystem.java:124)
	at org.apache.hadoop.fs.FileSystem.close(FileSystem.java:2592)
	at org.apache.hadoop.ozone.om.TrashPolicyOzone$Emptier.run(TrashPolicyOzone.java:243)
	at java.lang.Thread.run(Thread.java:748)
]]></system-err>
  </testcase>
  <testcase name="testRenameFile[4]" classname="org.apache.hadoop.fs.ozone.TestRootedOzoneFileSystem" time="0.178"/>
  <testcase name="testListStatusRootAndVolumeRecursive[4]" classname="org.apache.hadoop.fs.ozone.TestRootedOzoneFileSystem" time="0.976"/>
  <testcase name="testTempMount[4]" classname="org.apache.hadoop.fs.ozone.TestRootedOzoneFileSystem" time="0.424"/>
  <testcase name="testListStatusRootAndVolumeNonRecursive[4]" classname="org.apache.hadoop.fs.ozone.TestRootedOzoneFileSystem" time="0.432"/>
  <testcase name="testDeleteVolumeAndBucket[4]" classname="org.apache.hadoop.fs.ozone.TestRootedOzoneFileSystem" time="0.051"/>
  <testcase name="testRenameDirToItsOwnSubDir[4]" classname="org.apache.hadoop.fs.ozone.TestRootedOzoneFileSystem" time="0.014"/>
  <testcase name="testOzoneFsServiceLoader[4]" classname="org.apache.hadoop.fs.ozone.TestRootedOzoneFileSystem" time="0.046"/>
  <testcase name="testTrash[4]" classname="org.apache.hadoop.fs.ozone.TestRootedOzoneFileSystem" time="0">
    <skipped/>
  </testcase>
  <testcase name="testRenameDestinationParentDoesntExist[4]" classname="org.apache.hadoop.fs.ozone.TestRootedOzoneFileSystem" time="0.057"/>
  <testcase name="testGetFileStatusRoot[4]" classname="org.apache.hadoop.fs.ozone.TestRootedOzoneFileSystem" time="0.011"/>
  <testcase name="testCreateWithInvalidPaths[4]" classname="org.apache.hadoop.fs.ozone.TestRootedOzoneFileSystem" time="0.008"/>
  <testcase name="testDeleteEmptyVolume[4]" classname="org.apache.hadoop.fs.ozone.TestRootedOzoneFileSystem" time="0.016"/>
  <testcase name="testListStatusRootAndVolumeContinuation[4]" classname="org.apache.hadoop.fs.ozone.TestRootedOzoneFileSystem" time="0.974"/>
  <testcase name="testDeleteVolumeBucketAndKey[4]" classname="org.apache.hadoop.fs.ozone.TestRootedOzoneFileSystem" time="0.105"/>
  <testcase name="testRenameToParentDir[4]" classname="org.apache.hadoop.fs.ozone.TestRootedOzoneFileSystem" time="0.049"/>
  <testcase name="testMkdirNonExistentVolumeBucket[4]" classname="org.apache.hadoop.fs.ozone.TestRootedOzoneFileSystem" time="0.028"/>
  <testcase name="testFailToDeleteRoot[4]" classname="org.apache.hadoop.fs.ozone.TestRootedOzoneFileSystem" time="0.002"/>
  <testcase name="testListStatusOnSubDirs[4]" classname="org.apache.hadoop.fs.ozone.TestRootedOzoneFileSystem" time="0.07"/>
  <testcase name="testListStatus[4]" classname="org.apache.hadoop.fs.ozone.TestRootedOzoneFileSystem" time="0.089"/>
  <testcase name="testGetTrashRoots[4]" classname="org.apache.hadoop.fs.ozone.TestRootedOzoneFileSystem" time="0.654"/>
  <testcase name="testCreateDoesNotAddParentDirKeys[4]" classname="org.apache.hadoop.fs.ozone.TestRootedOzoneFileSystem" time="0.11"/>
  <testcase name="testMkdirNonExistentVolume[4]" classname="org.apache.hadoop.fs.ozone.TestRootedOzoneFileSystem" time="0.015"/>
  <testcase name="testDeleteCreatesFakeParentDir[4]" classname="org.apache.hadoop.fs.ozone.TestRootedOzoneFileSystem" time="0.07"/>
  <testcase name="testNonExplicitlyCreatedPathExistsAfterItsLeafsWereRemoved[4]" classname="org.apache.hadoop.fs.ozone.TestRootedOzoneFileSystem" time="0.051"/>
  <testcase name="testFileDelete[4]" classname="org.apache.hadoop.fs.ozone.TestRootedOzoneFileSystem" time="0.155"/>
  <testcase name="testRenameToTrashEnabled[4]" classname="org.apache.hadoop.fs.ozone.TestRootedOzoneFileSystem" time="0.278"/>
  <testcase name="testMkdirOnNonExistentVolumeBucketDir[4]" classname="org.apache.hadoop.fs.ozone.TestRootedOzoneFileSystem" time="0.075"/>
  <testcase name="testListStatusOnLargeDirectory[4]" classname="org.apache.hadoop.fs.ozone.TestRootedOzoneFileSystem" time="17.966"/>
  <testcase name="testRenameToDifferentBucket[4]" classname="org.apache.hadoop.fs.ozone.TestRootedOzoneFileSystem" time="0.054"/>
  <testcase name="testListStatusInBucket[4]" classname="org.apache.hadoop.fs.ozone.TestRootedOzoneFileSystem" time="0.051"/>
  <testcase name="testRenameFileToDir[4]" classname="org.apache.hadoop.fs.ozone.TestRootedOzoneFileSystem" time="0.097"/>
</testsuite>